<?xml version="1.0" encoding="UTF-8"?>
<testsuite xmlns:xsi="http://www.w3.org/2001/XMLSchema-instance" xsi:noNamespaceSchemaLocation="https://maven.apache.org/surefire/maven-surefire-plugin/xsd/surefire-test-report-3.0.xsd" version="3.0" name="org.apache.hadoop.fs.ozone.TestOzoneFileSystem" time="317.082" tests="176" errors="0" skipped="0" failures="1">
  <properties>
    <property name="awt.toolkit" value="sun.awt.X11.XToolkit"/>
    <property name="file.encoding.pkg" value="sun.io"/>
    <property name="java.specification.version" value="1.8"/>
    <property name="sun.cpu.isalist" value=""/>
    <property name="sun.jnu.encoding" value="UTF-8"/>
    <property name="java.class.path" value="/home/runner/work/ozone/ozone/hadoop-ozone/integration-test/target/test-classes:/home/runner/work/ozone/ozone/hadoop-ozone/integration-test/target/classes:/home/runner/.m2/repository/org/apache/ozone/ozone-common/1.4.0-SNAPSHOT/ozone-common-1.4.0-SNAPSHOT.jar:/home/runner/.m2/repository/io/grpc/grpc-netty/1.51.1/grpc-netty-1.51.1.jar:/home/runner/.m2/repository/io/grpc/grpc-core/1.51.1/grpc-core-1.51.1.jar:/home/runner/.m2/repository/com/google/android/annotations/4.1.1.4/annotations-4.1.1.4.jar:/home/runner/.m2/repository/org/codehaus/mojo/animal-sniffer-annotations/1.21/animal-sniffer-annotations-1.21.jar:/home/runner/.m2/repository/com/google/errorprone/error_prone_annotations/2.2.0/error_prone_annotations-2.2.0.jar:/home/runner/.m2/repository/io/perfmark/perfmark-api/0.25.0/perfmark-api-0.25.0.jar:/home/runner/.m2/repository/io/netty/netty-codec-http2/4.1.94.Final/netty-codec-http2-4.1.94.Final.jar:/home/runner/.m2/repository/io/netty/netty-common/4.1.94.Final/netty-common-4.1.94.Final.jar:/home/runner/.m2/repository/io/netty/netty-buffer/4.1.94.Final/netty-buffer-4.1.94.Final.jar:/home/runner/.m2/repository/io/netty/netty-codec-http/4.1.94.Final/netty-codec-http-4.1.94.Final.jar:/home/runner/.m2/repository/io/netty/netty-handler-proxy/4.1.94.Final/netty-handler-proxy-4.1.94.Final.jar:/home/runner/.m2/repository/io/netty/netty-codec-socks/4.1.94.Final/netty-codec-socks-4.1.94.Final.jar:/home/runner/.m2/repository/io/netty/netty-tcnative-boringssl-static/2.0.61.Final/netty-tcnative-boringssl-static-2.0.61.Final.jar:/home/runner/.m2/repository/io/netty/netty-tcnative-classes/2.0.61.Final/netty-tcnative-classes-2.0.61.Final.jar:/home/runner/.m2/repository/io/netty/netty-tcnative-boringssl-static/2.0.61.Final/netty-tcnative-boringssl-static-2.0.61.Final-linux-x86_64.jar:/home/runner/.m2/repository/io/netty/netty-tcnative-boringssl-static/2.0.61.Final/netty-tcnative-boringssl-static-2.0.61.Final-linux-aarch_64.jar:/home/runner/.m2/repository/io/netty/netty-tcnative-boringssl-static/2.0.61.Final/netty-tcnative-boringssl-static-2.0.61.Final-osx-x86_64.jar:/home/runner/.m2/repository/io/netty/netty-tcnative-boringssl-static/2.0.61.Final/netty-tcnative-boringssl-static-2.0.61.Final-osx-aarch_64.jar:/home/runner/.m2/repository/io/netty/netty-tcnative-boringssl-static/2.0.61.Final/netty-tcnative-boringssl-static-2.0.61.Final-windows-x86_64.jar:/home/runner/.m2/repository/org/apache/commons/commons-compress/1.21/commons-compress-1.21.jar:/home/runner/.m2/repository/org/apache/ozone/hdds-common/1.4.0-SNAPSHOT/hdds-common-1.4.0-SNAPSHOT.jar:/home/runner/.m2/repository/org/apache/ozone/hdds-client/1.4.0-SNAPSHOT/hdds-client-1.4.0-SNAPSHOT.jar:/home/runner/.m2/repository/org/apache/ozone/ozone-interface-client/1.4.0-SNAPSHOT/ozone-interface-client-1.4.0-SNAPSHOT.jar:/home/runner/.m2/repository/org/apache/hadoop/hadoop-hdfs-client/3.3.6/hadoop-hdfs-client-3.3.6.jar:/home/runner/.m2/repository/com/squareup/okhttp3/okhttp/4.9.3/okhttp-4.9.3.jar:/home/runner/.m2/repository/com/squareup/okio/okio/3.4.0/okio-3.4.0.jar:/home/runner/.m2/repository/com/squareup/okio/okio-jvm/3.4.0/okio-jvm-3.4.0.jar:/home/runner/.m2/repository/org/jetbrains/kotlin/kotlin-stdlib-jdk8/1.8.0/kotlin-stdlib-jdk8-1.8.0.jar:/home/runner/.m2/repository/org/jetbrains/kotlin/kotlin-stdlib-jdk7/1.8.0/kotlin-stdlib-jdk7-1.8.0.jar:/home/runner/.m2/repository/org/jetbrains/kotlin/kotlin-stdlib-common/1.6.21/kotlin-stdlib-common-1.6.21.jar:/home/runner/.m2/repository/org/apache/ozone/hdds-test-utils/1.4.0-SNAPSHOT/hdds-test-utils-1.4.0-SNAPSHOT.jar:/home/runner/.m2/repository/com/google/guava/guava/32.0.0-jre/guava-32.0.0-jre.jar:/home/runner/.m2/repository/com/google/guava/failureaccess/1.0.1/failureaccess-1.0.1.jar:/home/runner/.m2/repository/com/google/guava/listenablefuture/9999.0-empty-to-avoid-conflict-with-guava/listenablefuture-9999.0-empty-to-avoid-conflict-with-guava.jar:/home/runner/.m2/repository/com/google/code/findbugs/jsr305/3.0.0/jsr305-3.0.0.jar:/home/runner/.m2/repository/org/checkerframework/checker-qual/3.33.0/checker-qual-3.33.0.jar:/home/runner/.m2/repository/com/google/j2objc/j2objc-annotations/2.8/j2objc-annotations-2.8.jar:/home/runner/.m2/repository/commons-io/commons-io/2.11.0/commons-io-2.11.0.jar:/home/runner/.m2/repository/commons-logging/commons-logging/1.2/commons-logging-1.2.jar:/home/runner/.m2/repository/ch/qos/reload4j/reload4j/1.2.22/reload4j-1.2.22.jar:/home/runner/.m2/repository/org/slf4j/slf4j-api/1.7.36/slf4j-api-1.7.36.jar:/home/runner/.m2/repository/org/apache/logging/log4j/log4j-api/2.17.1/log4j-api-2.17.1.jar:/home/runner/.m2/repository/org/apache/ozone/hdds-server-scm/1.4.0-SNAPSHOT/hdds-server-scm-1.4.0-SNAPSHOT.jar:/home/runner/.m2/repository/org/apache/ozone/hdds-container-service/1.4.0-SNAPSHOT/hdds-container-service-1.4.0-SNAPSHOT.jar:/home/runner/.m2/repository/org/apache/ozone/hdds-hadoop-dependency-server/1.4.0-SNAPSHOT/hdds-hadoop-dependency-server-1.4.0-SNAPSHOT.jar:/home/runner/.m2/repository/org/apache/hadoop/hadoop-hdfs/3.3.6/hadoop-hdfs-3.3.6.jar:/home/runner/.m2/repository/commons-daemon/commons-daemon/1.0.13/commons-daemon-1.0.13.jar:/home/runner/.m2/repository/org/apache/ozone/hdds-server-framework/1.4.0-SNAPSHOT/hdds-server-framework-1.4.0-SNAPSHOT.jar:/home/runner/.m2/repository/io/dropwizard/metrics/metrics-core/3.2.4/metrics-core-3.2.4.jar:/home/runner/.m2/repository/org/apache/commons/commons-text/1.10.0/commons-text-1.10.0.jar:/home/runner/.m2/repository/org/bouncycastle/bcprov-jdk15on/1.67/bcprov-jdk15on-1.67.jar:/home/runner/.m2/repository/com/google/protobuf/protobuf-java/2.5.0/protobuf-java-2.5.0.jar:/home/runner/.m2/repository/org/apache/ozone/hdds-server-framework/1.4.0-SNAPSHOT/hdds-server-framework-1.4.0-SNAPSHOT-tests.jar:/home/runner/.m2/repository/org/apache/ozone/hdds-interface-server/1.4.0-SNAPSHOT/hdds-interface-server-1.4.0-SNAPSHOT.jar:/home/runner/.m2/repository/org/apache/ozone/hdds-interface-admin/1.4.0-SNAPSHOT/hdds-interface-admin-1.4.0-SNAPSHOT.jar:/home/runner/.m2/repository/org/apache/ozone/hdds-managed-rocksdb/1.4.0-SNAPSHOT/hdds-managed-rocksdb-1.4.0-SNAPSHOT.jar:/home/runner/.m2/repository/org/rocksdb/rocksdbjni/7.7.3/rocksdbjni-7.7.3.jar:/home/runner/.m2/repository/org/slf4j/slf4j-reload4j/1.7.36/slf4j-reload4j-1.7.36.jar:/home/runner/.m2/repository/org/apache/commons/commons-configuration2/2.1.1/commons-configuration2-2.1.1.jar:/home/runner/.m2/repository/commons-fileupload/commons-fileupload/1.5/commons-fileupload-1.5.jar:/home/runner/.m2/repository/org/apache/logging/log4j/log4j-core/2.17.1/log4j-core-2.17.1.jar:/home/runner/.m2/repository/com/lmax/disruptor/3.4.2/disruptor-3.4.2.jar:/home/runner/.m2/repository/org/eclipse/jetty/jetty-util/9.4.52.v20230823/jetty-util-9.4.52.v20230823.jar:/home/runner/.m2/repository/org/eclipse/jetty/jetty-server/9.4.52.v20230823/jetty-server-9.4.52.v20230823.jar:/home/runner/.m2/repository/org/eclipse/jetty/jetty-http/9.4.52.v20230823/jetty-http-9.4.52.v20230823.jar:/home/runner/.m2/repository/org/eclipse/jetty/jetty-io/9.4.52.v20230823/jetty-io-9.4.52.v20230823.jar:/home/runner/.m2/repository/org/eclipse/jetty/jetty-servlet/9.4.52.v20230823/jetty-servlet-9.4.52.v20230823.jar:/home/runner/.m2/repository/org/eclipse/jetty/jetty-security/9.4.52.v20230823/jetty-security-9.4.52.v20230823.jar:/home/runner/.m2/repository/org/eclipse/jetty/jetty-util-ajax/9.4.52.v20230823/jetty-util-ajax-9.4.52.v20230823.jar:/home/runner/.m2/repository/org/eclipse/jetty/jetty-webapp/9.4.52.v20230823/jetty-webapp-9.4.52.v20230823.jar:/home/runner/.m2/repository/org/eclipse/jetty/jetty-xml/9.4.52.v20230823/jetty-xml-9.4.52.v20230823.jar:/home/runner/.m2/repository/org/apache/ratis/ratis-server/2.5.1/ratis-server-2.5.1.jar:/home/runner/.m2/repository/org/apache/ratis/ratis-thirdparty-misc/1.0.4/ratis-thirdparty-misc-1.0.4.jar:/home/runner/.m2/repository/org/apache/ratis/ratis-proto/2.5.1/ratis-proto-2.5.1.jar:/home/runner/.m2/repository/org/apache/ratis/ratis-common/2.5.1/ratis-common-2.5.1.jar:/home/runner/.m2/repository/org/apache/ratis/ratis-client/2.5.1/ratis-client-2.5.1.jar:/home/runner/.m2/repository/org/apache/ratis/ratis-server-api/2.5.1/ratis-server-api-2.5.1.jar:/home/runner/.m2/repository/org/apache/ratis/ratis-metrics/2.5.1/ratis-metrics-2.5.1.jar:/home/runner/.m2/repository/io/prometheus/simpleclient_dropwizard/0.7.0/simpleclient_dropwizard-0.7.0.jar:/home/runner/.m2/repository/io/prometheus/simpleclient/0.7.0/simpleclient-0.7.0.jar:/home/runner/.m2/repository/io/prometheus/simpleclient_common/0.7.0/simpleclient_common-0.7.0.jar:/home/runner/.m2/repository/com/fasterxml/jackson/datatype/jackson-datatype-jsr310/2.13.4/jackson-datatype-jsr310-2.13.4.jar:/home/runner/.m2/repository/com/fasterxml/jackson/core/jackson-core/2.13.4/jackson-core-2.13.4.jar:/home/runner/.m2/repository/com/github/spotbugs/spotbugs-annotations/3.1.12/spotbugs-annotations-3.1.12.jar:/home/runner/.m2/repository/org/apache/ozone/rocksdb-checkpoint-differ/1.4.0-SNAPSHOT/rocksdb-checkpoint-differ-1.4.0-SNAPSHOT.jar:/home/runner/.m2/repository/org/jgrapht/jgrapht-core/1.0.1/jgrapht-core-1.0.1.jar:/home/runner/.m2/repository/org/jgrapht/jgrapht-ext/1.0.1/jgrapht-ext-1.0.1.jar:/home/runner/.m2/repository/org/tinyjee/jgraphx/jgraphx/2.0.0.1/jgraphx-2.0.0.1.jar:/home/runner/.m2/repository/jgraph/jgraph/5.13.0.0/jgraph-5.13.0.0.jar:/home/runner/.m2/repository/org/antlr/antlr4-runtime/4.5.3/antlr4-runtime-4.5.3.jar:/home/runner/.m2/repository/org/awaitility/awaitility/4.2.0/awaitility-4.2.0.jar:/home/runner/.m2/repository/org/hamcrest/hamcrest/2.1/hamcrest-2.1.jar:/home/runner/.m2/repository/org/apache/ozone/ozone-manager/1.4.0-SNAPSHOT/ozone-manager-1.4.0-SNAPSHOT.jar:/home/runner/.m2/repository/org/aspectj/aspectjrt/1.9.7/aspectjrt-1.9.7.jar:/home/runner/.m2/repository/org/aspectj/aspectjweaver/1.9.7/aspectjweaver-1.9.7.jar:/home/runner/.m2/repository/org/apache/ozone/hdds-interface-client/1.4.0-SNAPSHOT/hdds-interface-client-1.4.0-SNAPSHOT.jar:/home/runner/.m2/repository/org/apache/hadoop/thirdparty/hadoop-shaded-protobuf_3_7/1.1.1/hadoop-shaded-protobuf_3_7-1.1.1.jar:/home/runner/.m2/repository/org/apache/ozone/ozone-interface-storage/1.4.0-SNAPSHOT/ozone-interface-storage-1.4.0-SNAPSHOT.jar:/home/runner/.m2/repository/org/reflections/reflections/0.9.11/reflections-0.9.11.jar:/home/runner/.m2/repository/com/sun/jersey/jersey-client/1.19/jersey-client-1.19.jar:/home/runner/.m2/repository/org/codehaus/jackson/jackson-core-asl/1.9.13/jackson-core-asl-1.9.13.jar:/home/runner/.m2/repository/org/codehaus/jackson/jackson-mapper-asl/1.9.13/jackson-mapper-asl-1.9.13.jar:/home/runner/.m2/repository/org/codehaus/jackson/jackson-jaxrs/1.9.13/jackson-jaxrs-1.9.13.jar:/home/runner/.m2/repository/org/apache/ranger/ranger-intg/2.3.0/ranger-intg-2.3.0.jar:/home/runner/.m2/repository/org/apache/ranger/ranger-plugins-common/2.3.0/ranger-plugins-common-2.3.0.jar:/home/runner/.m2/repository/commons-lang/commons-lang/2.6/commons-lang-2.6.jar:/home/runner/.m2/repository/org/apache/ranger/ranger-plugins-cred/2.3.0/ranger-plugins-cred-2.3.0.jar:/home/runner/.m2/repository/org/apache/ranger/ranger-plugins-audit/2.3.0/ranger-plugins-audit-2.3.0.jar:/home/runner/.m2/repository/org/eclipse/jetty/jetty-client/9.4.52.v20230823/jetty-client-9.4.52.v20230823.jar:/home/runner/.m2/repository/org/apache/httpcomponents/httpmime/4.5.6/httpmime-4.5.6.jar:/home/runner/.m2/repository/org/apache/httpcomponents/httpcore-nio/4.4.13/httpcore-nio-4.4.13.jar:/home/runner/.m2/repository/org/apache/httpcomponents/httpasyncclient/4.1.3/httpasyncclient-4.1.3.jar:/home/runner/.m2/repository/com/carrotsearch/hppc/0.8.0/hppc-0.8.0.jar:/home/runner/.m2/repository/org/apache/orc/orc-core/1.5.8/orc-core-1.5.8.jar:/home/runner/.m2/repository/net/java/dev/jna/jna/5.2.0/jna-5.2.0.jar:/home/runner/.m2/repository/net/java/dev/jna/jna-platform/5.2.0/jna-platform-5.2.0.jar:/home/runner/.m2/repository/com/kstruct/gethostname4j/0.0.2/gethostname4j-0.0.2.jar:/home/runner/.m2/repository/org/apache/ranger/ranger-plugin-classloader/2.3.0/ranger-plugin-classloader-2.3.0.jar:/home/runner/.m2/repository/org/apache/ozone/hdds-rocks-native/1.4.0-SNAPSHOT/hdds-rocks-native-1.4.0-SNAPSHOT.jar:/home/runner/.m2/repository/org/apache/hadoop/hadoop-minikdc/3.3.6/hadoop-minikdc-3.3.6.jar:/home/runner/.m2/repository/org/apache/kerby/kerb-simplekdc/1.0.1/kerb-simplekdc-1.0.1.jar:/home/runner/.m2/repository/org/apache/kerby/kerb-client/1.0.1/kerb-client-1.0.1.jar:/home/runner/.m2/repository/org/apache/kerby/kerby-config/1.0.1/kerby-config-1.0.1.jar:/home/runner/.m2/repository/org/apache/kerby/kerb-common/1.0.1/kerb-common-1.0.1.jar:/home/runner/.m2/repository/org/apache/kerby/kerb-crypto/1.0.1/kerb-crypto-1.0.1.jar:/home/runner/.m2/repository/org/apache/kerby/kerb-util/1.0.1/kerb-util-1.0.1.jar:/home/runner/.m2/repository/org/apache/kerby/token-provider/1.0.1/token-provider-1.0.1.jar:/home/runner/.m2/repository/org/apache/kerby/kerb-admin/1.0.1/kerb-admin-1.0.1.jar:/home/runner/.m2/repository/org/apache/kerby/kerb-server/1.0.1/kerb-server-1.0.1.jar:/home/runner/.m2/repository/org/apache/kerby/kerb-identity/1.0.1/kerb-identity-1.0.1.jar:/home/runner/.m2/repository/org/apache/kerby/kerby-xdr/1.0.1/kerby-xdr-1.0.1.jar:/home/runner/.m2/repository/org/apache/ozone/ozone-s3gateway/1.4.0-SNAPSHOT/ozone-s3gateway-1.4.0-SNAPSHOT.jar:/home/runner/.m2/repository/org/javassist/javassist/3.21.0-GA/javassist-3.21.0-GA.jar:/home/runner/.m2/repository/org/jboss/weld/servlet/weld-servlet-shaded/3.1.9.Final/weld-servlet-shaded-3.1.9.Final.jar:/home/runner/.m2/repository/org/glassfish/jersey/containers/jersey-container-servlet-core/2.34/jersey-container-servlet-core-2.34.jar:/home/runner/.m2/repository/org/glassfish/hk2/external/jakarta.inject/2.6.1/jakarta.inject-2.6.1.jar:/home/runner/.m2/repository/org/glassfish/jersey/core/jersey-common/2.34/jersey-common-2.34.jar:/home/runner/.m2/repository/jakarta/ws/rs/jakarta.ws.rs-api/2.1.6/jakarta.ws.rs-api-2.1.6.jar:/home/runner/.m2/repository/org/glassfish/jersey/ext/cdi/jersey-cdi1x/2.34/jersey-cdi1x-2.34.jar:/home/runner/.m2/repository/org/glassfish/jersey/inject/jersey-hk2/2.34/jersey-hk2-2.34.jar:/home/runner/.m2/repository/org/glassfish/hk2/hk2-locator/2.6.1/hk2-locator-2.6.1.jar:/home/runner/.m2/repository/org/glassfish/jersey/media/jersey-media-jaxb/2.34/jersey-media-jaxb-2.34.jar:/home/runner/.m2/repository/org/glassfish/hk2/osgi-resource-locator/1.0.3/osgi-resource-locator-1.0.3.jar:/home/runner/.m2/repository/org/glassfish/hk2/hk2-api/2.5.0/hk2-api-2.5.0.jar:/home/runner/.m2/repository/org/glassfish/hk2/hk2-utils/2.5.0/hk2-utils-2.5.0.jar:/home/runner/.m2/repository/org/glassfish/hk2/external/aopalliance-repackaged/2.5.0/aopalliance-repackaged-2.5.0.jar:/home/runner/.m2/repository/com/fasterxml/jackson/dataformat/jackson-dataformat-xml/2.13.4/jackson-dataformat-xml-2.13.4.jar:/home/runner/.m2/repository/org/codehaus/woodstox/stax2-api/4.2.1/stax2-api-4.2.1.jar:/home/runner/.m2/repository/com/fasterxml/woodstox/woodstox-core/5.4.0/woodstox-core-5.4.0.jar:/home/runner/.m2/repository/com/fasterxml/jackson/module/jackson-module-jaxb-annotations/2.13.4/jackson-module-jaxb-annotations-2.13.4.jar:/home/runner/.m2/repository/jakarta/xml/bind/jakarta.xml.bind-api/2.3.3/jakarta.xml.bind-api-2.3.3.jar:/home/runner/.m2/repository/jakarta/activation/jakarta.activation-api/1.2.2/jakarta.activation-api-1.2.2.jar:/home/runner/.m2/repository/javax/enterprise/cdi-api/2.0/cdi-api-2.0.jar:/home/runner/.m2/repository/javax/el/javax.el-api/3.0.0/javax.el-api-3.0.0.jar:/home/runner/.m2/repository/javax/interceptor/javax.interceptor-api/1.2/javax.interceptor-api-1.2.jar:/home/runner/.m2/repository/javax/inject/javax.inject/1/javax.inject-1.jar:/home/runner/.m2/repository/javax/xml/bind/jaxb-api/2.3.0/jaxb-api-2.3.0.jar:/home/runner/.m2/repository/org/glassfish/jaxb/jaxb-runtime/2.3.0.1/jaxb-runtime-2.3.0.1.jar:/home/runner/.m2/repository/org/glassfish/jaxb/jaxb-core/2.3.0.1/jaxb-core-2.3.0.1.jar:/home/runner/.m2/repository/org/glassfish/jaxb/txw2/2.3.0.1/txw2-2.3.0.1.jar:/home/runner/.m2/repository/com/sun/istack/istack-commons-runtime/3.0.5/istack-commons-runtime-3.0.5.jar:/home/runner/.m2/repository/org/jvnet/staxex/stax-ex/1.7.8/stax-ex-1.7.8.jar:/home/runner/.m2/repository/com/sun/xml/fastinfoset/FastInfoset/1.2.13/FastInfoset-1.2.13.jar:/home/runner/.m2/repository/javax/activation/activation/1.1.1/activation-1.1.1.jar:/home/runner/.m2/repository/io/grpc/grpc-protobuf/1.51.1/grpc-protobuf-1.51.1.jar:/home/runner/.m2/repository/com/google/api/grpc/proto-google-common-protos/2.9.0/proto-google-common-protos-2.9.0.jar:/home/runner/.m2/repository/io/grpc/grpc-protobuf-lite/1.51.1/grpc-protobuf-lite-1.51.1.jar:/home/runner/.m2/repository/io/grpc/grpc-stub/1.51.1/grpc-stub-1.51.1.jar:/home/runner/.m2/repository/io/netty/netty-transport/4.1.94.Final/netty-transport-4.1.94.Final.jar:/home/runner/.m2/repository/io/netty/netty-resolver/4.1.94.Final/netty-resolver-4.1.94.Final.jar:/home/runner/.m2/repository/org/apache/ozone/ozone-csi/1.4.0-SNAPSHOT/ozone-csi-1.4.0-SNAPSHOT.jar:/home/runner/.m2/repository/com/google/protobuf/protobuf-java-util/3.19.6/protobuf-java-util-3.19.6.jar:/home/runner/.m2/repository/com/google/code/gson/gson/2.9.0/gson-2.9.0.jar:/home/runner/.m2/repository/org/apache/ozone/hdds-config/1.4.0-SNAPSHOT/hdds-config-1.4.0-SNAPSHOT.jar:/home/runner/.m2/repository/io/netty/netty-transport-native-epoll/4.1.94.Final/netty-transport-native-epoll-4.1.94.Final-linux-x86_64.jar:/home/runner/.m2/repository/io/netty/netty-transport-classes-epoll/4.1.94.Final/netty-transport-classes-epoll-4.1.94.Final.jar:/home/runner/.m2/repository/io/netty/netty-transport-native-unix-common/4.1.94.Final/netty-transport-native-unix-common-4.1.94.Final.jar:/home/runner/.m2/repository/org/apache/ozone/ozone-recon/1.4.0-SNAPSHOT/ozone-recon-1.4.0-SNAPSHOT.jar:/home/runner/.m2/repository/org/apache/ozone/ozone-reconcodegen/1.4.0-SNAPSHOT/ozone-reconcodegen-1.4.0-SNAPSHOT.jar:/home/runner/.m2/repository/com/google/inject/guice/5.1.0/guice-5.1.0.jar:/home/runner/.m2/repository/aopalliance/aopalliance/1.0/aopalliance-1.0.jar:/home/runner/.m2/repository/com/google/inject/extensions/guice-assistedinject/5.1.0/guice-assistedinject-5.1.0.jar:/home/runner/.m2/repository/com/google/inject/extensions/guice-servlet/5.1.0/guice-servlet-5.1.0.jar:/home/runner/.m2/repository/org/glassfish/jersey/containers/jersey-container-servlet/2.34/jersey-container-servlet-2.34.jar:/home/runner/.m2/repository/org/glassfish/hk2/guice-bridge/2.5.0/guice-bridge-2.5.0.jar:/home/runner/.m2/repository/org/glassfish/jersey/core/jersey-server/2.34/jersey-server-2.34.jar:/home/runner/.m2/repository/org/glassfish/jersey/core/jersey-client/2.34/jersey-client-2.34.jar:/home/runner/.m2/repository/jakarta/annotation/jakarta.annotation-api/1.3.5/jakarta.annotation-api-1.3.5.jar:/home/runner/.m2/repository/jakarta/validation/jakarta.validation-api/2.0.2/jakarta.validation-api-2.0.2.jar:/home/runner/.m2/repository/org/glassfish/jersey/media/jersey-media-json-jackson/2.34/jersey-media-json-jackson-2.34.jar:/home/runner/.m2/repository/org/glassfish/jersey/ext/jersey-entity-filtering/2.34/jersey-entity-filtering-2.34.jar:/home/runner/.m2/repository/org/jooq/jooq/3.11.10/jooq-3.11.10.jar:/home/runner/.m2/repository/org/jooq/jooq-meta/3.11.10/jooq-meta-3.11.10.jar:/home/runner/.m2/repository/org/jooq/jooq-codegen/3.11.10/jooq-codegen-3.11.10.jar:/home/runner/.m2/repository/com/jolbox/bonecp/0.8.0.RELEASE/bonecp-0.8.0.RELEASE.jar:/home/runner/.m2/repository/org/apache/derby/derby/10.14.2.0/derby-10.14.2.0.jar:/home/runner/.m2/repository/org/xerial/sqlite-jdbc/3.41.2.2/sqlite-jdbc-3.41.2.2.jar:/home/runner/.m2/repository/org/springframework/spring-jdbc/5.3.27/spring-jdbc-5.3.27.jar:/home/runner/.m2/repository/org/springframework/spring-beans/5.3.27/spring-beans-5.3.27.jar:/home/runner/.m2/repository/org/springframework/spring-core/5.3.27/spring-core-5.3.27.jar:/home/runner/.m2/repository/org/springframework/spring-tx/5.3.27/spring-tx-5.3.27.jar:/home/runner/.m2/repository/org/apache/ozone/ozone-client/1.4.0-SNAPSHOT/ozone-client-1.4.0-SNAPSHOT.jar:/home/runner/.m2/repository/org/apache/ozone/hdds-erasurecode/1.4.0-SNAPSHOT/hdds-erasurecode-1.4.0-SNAPSHOT.jar:/home/runner/.m2/repository/org/apache/ozone/ozone-filesystem/1.4.0-SNAPSHOT/ozone-filesystem-1.4.0-SNAPSHOT.jar:/home/runner/.m2/repository/org/apache/ozone/ozone-filesystem-common/1.4.0-SNAPSHOT/ozone-filesystem-common-1.4.0-SNAPSHOT.jar:/home/runner/.m2/repository/org/apache/ozone/ozone-tools/1.4.0-SNAPSHOT/ozone-tools-1.4.0-SNAPSHOT.jar:/home/runner/.m2/repository/com/amazonaws/aws-java-sdk-core/1.12.261/aws-java-sdk-core-1.12.261.jar:/home/runner/.m2/repository/org/apache/httpcomponents/httpclient/4.5.13/httpclient-4.5.13.jar:/home/runner/.m2/repository/org/apache/httpcomponents/httpcore/4.4.13/httpcore-4.4.13.jar:/home/runner/.m2/repository/software/amazon/ion/ion-java/1.0.2/ion-java-1.0.2.jar:/home/runner/.m2/repository/com/fasterxml/jackson/dataformat/jackson-dataformat-cbor/2.13.4/jackson-dataformat-cbor-2.13.4.jar:/home/runner/.m2/repository/joda-time/joda-time/2.10.6/joda-time-2.10.6.jar:/home/runner/.m2/repository/com/amazonaws/aws-java-sdk-s3/1.12.261/aws-java-sdk-s3-1.12.261.jar:/home/runner/.m2/repository/com/amazonaws/aws-java-sdk-kms/1.12.261/aws-java-sdk-kms-1.12.261.jar:/home/runner/.m2/repository/com/amazonaws/jmespath-java/1.12.261/jmespath-java-1.12.261.jar:/home/runner/.m2/repository/org/kohsuke/metainf-services/metainf-services/1.8/metainf-services-1.8.jar:/home/runner/.m2/repository/org/apache/ozone/hdds-tools/1.4.0-SNAPSHOT/hdds-tools-1.4.0-SNAPSHOT.jar:/home/runner/.m2/repository/org/apache/ratis/ratis-tools/2.5.1/ratis-tools-2.5.1.jar:/home/runner/.m2/repository/commons-cli/commons-cli/1.2/commons-cli-1.2.jar:/home/runner/.m2/repository/org/apache/commons/commons-lang3/3.7/commons-lang3-3.7.jar:/home/runner/.m2/repository/org/apache/ozone/ozone-manager/1.4.0-SNAPSHOT/ozone-manager-1.4.0-SNAPSHOT-tests.jar:/home/runner/.m2/repository/org/apache/ozone/hdds-common/1.4.0-SNAPSHOT/hdds-common-1.4.0-SNAPSHOT-tests.jar:/home/runner/.m2/repository/org/apache/ozone/hdds-hadoop-dependency-client/1.4.0-SNAPSHOT/hdds-hadoop-dependency-client-1.4.0-SNAPSHOT.jar:/home/runner/.m2/repository/info/picocli/picocli/4.6.1/picocli-4.6.1.jar:/home/runner/.m2/repository/com/fasterxml/jackson/core/jackson-annotations/2.13.4/jackson-annotations-2.13.4.jar:/home/runner/.m2/repository/org/apache/ozone/hdds-annotation-processing/1.4.0-SNAPSHOT/hdds-annotation-processing-1.4.0-SNAPSHOT.jar:/home/runner/.m2/repository/javax/annotation/javax.annotation-api/1.2/javax.annotation-api-1.2.jar:/home/runner/.m2/repository/org/apache/ratis/ratis-netty/2.5.1/ratis-netty-2.5.1.jar:/home/runner/.m2/repository/org/apache/ratis/ratis-grpc/2.5.1/ratis-grpc-2.5.1.jar:/home/runner/.m2/repository/org/apache/commons/commons-pool2/2.6.0/commons-pool2-2.6.0.jar:/home/runner/.m2/repository/org/bouncycastle/bcpkix-jdk15on/1.67/bcpkix-jdk15on-1.67.jar:/home/runner/.m2/repository/commons-validator/commons-validator/1.6/commons-validator-1.6.jar:/home/runner/.m2/repository/commons-beanutils/commons-beanutils/1.9.4/commons-beanutils-1.9.4.jar:/home/runner/.m2/repository/commons-digester/commons-digester/1.8.1/commons-digester-1.8.1.jar:/home/runner/.m2/repository/commons-collections/commons-collections/3.2.2/commons-collections-3.2.2.jar:/home/runner/.m2/repository/io/jaegertracing/jaeger-client/1.6.0/jaeger-client-1.6.0.jar:/home/runner/.m2/repository/io/jaegertracing/jaeger-thrift/1.6.0/jaeger-thrift-1.6.0.jar:/home/runner/.m2/repository/org/apache/thrift/libthrift/0.14.1/libthrift-0.14.1.jar:/home/runner/.m2/repository/io/jaegertracing/jaeger-core/1.6.0/jaeger-core-1.6.0.jar:/home/runner/.m2/repository/io/jaegertracing/jaeger-tracerresolver/1.6.0/jaeger-tracerresolver-1.6.0.jar:/home/runner/.m2/repository/io/opentracing/contrib/opentracing-tracerresolver/0.1.8/opentracing-tracerresolver-0.1.8.jar:/home/runner/.m2/repository/org/jetbrains/kotlin/kotlin-stdlib/1.6.21/kotlin-stdlib-1.6.21.jar:/home/runner/.m2/repository/org/jetbrains/annotations/13.0/annotations-13.0.jar:/home/runner/.m2/repository/io/opentracing/opentracing-util/0.33.0/opentracing-util-0.33.0.jar:/home/runner/.m2/repository/io/opentracing/opentracing-api/0.33.0/opentracing-api-0.33.0.jar:/home/runner/.m2/repository/io/opentracing/opentracing-noop/0.33.0/opentracing-noop-0.33.0.jar:/home/runner/.m2/repository/org/yaml/snakeyaml/2.0/snakeyaml-2.0.jar:/home/runner/.m2/repository/io/grpc/grpc-api/1.51.1/grpc-api-1.51.1.jar:/home/runner/.m2/repository/io/grpc/grpc-context/1.51.1/grpc-context-1.51.1.jar:/home/runner/.m2/repository/junit/junit/4.13.1/junit-4.13.1.jar:/home/runner/.m2/repository/org/hamcrest/hamcrest-core/1.3/hamcrest-core-1.3.jar:/home/runner/.m2/repository/org/junit/jupiter/junit-jupiter-api/5.8.2/junit-jupiter-api-5.8.2.jar:/home/runner/.m2/repository/org/opentest4j/opentest4j/1.2.0/opentest4j-1.2.0.jar:/home/runner/.m2/repository/org/junit/platform/junit-platform-commons/1.8.2/junit-platform-commons-1.8.2.jar:/home/runner/.m2/repository/org/apiguardian/apiguardian-api/1.1.2/apiguardian-api-1.1.2.jar:/home/runner/.m2/repository/org/junit/jupiter/junit-jupiter-params/5.8.2/junit-jupiter-params-5.8.2.jar:/home/runner/.m2/repository/org/junit/jupiter/junit-jupiter-migrationsupport/5.8.2/junit-jupiter-migrationsupport-5.8.2.jar:/home/runner/.m2/repository/org/junit/jupiter/junit-jupiter-engine/5.8.2/junit-jupiter-engine-5.8.2.jar:/home/runner/.m2/repository/org/junit/platform/junit-platform-engine/1.8.2/junit-platform-engine-1.8.2.jar:/home/runner/.m2/repository/org/junit/vintage/junit-vintage-engine/5.8.2/junit-vintage-engine-5.8.2.jar:/home/runner/.m2/repository/org/junit/platform/junit-platform-launcher/1.8.2/junit-platform-launcher-1.8.2.jar:/home/runner/.m2/repository/org/mockito/mockito-core/3.5.9/mockito-core-3.5.9.jar:/home/runner/.m2/repository/net/bytebuddy/byte-buddy/1.10.13/byte-buddy-1.10.13.jar:/home/runner/.m2/repository/net/bytebuddy/byte-buddy-agent/1.10.13/byte-buddy-agent-1.10.13.jar:/home/runner/.m2/repository/org/objenesis/objenesis/1.0/objenesis-1.0.jar:/home/runner/.m2/repository/org/apache/hadoop/hadoop-kms/3.3.6/hadoop-kms-3.3.6.jar:/home/runner/.m2/repository/org/apache/hadoop/hadoop-auth/3.3.6/hadoop-auth-3.3.6.jar:/home/runner/.m2/repository/com/nimbusds/nimbus-jose-jwt/9.8.1/nimbus-jose-jwt-9.8.1.jar:/home/runner/.m2/repository/com/github/stephenc/jcip/jcip-annotations/1.0-1/jcip-annotations-1.0-1.jar:/home/runner/.m2/repository/org/apache/zookeeper/zookeeper/3.5.6/zookeeper-3.5.6.jar:/home/runner/.m2/repository/org/apache/zookeeper/zookeeper-jute/3.5.6/zookeeper-jute-3.5.6.jar:/home/runner/.m2/repository/org/apache/yetus/audience-annotations/0.5.0/audience-annotations-0.5.0.jar:/home/runner/.m2/repository/org/apache/curator/curator-framework/4.2.0/curator-framework-4.2.0.jar:/home/runner/.m2/repository/org/apache/hadoop/thirdparty/hadoop-shaded-guava/1.1.1/hadoop-shaded-guava-1.1.1.jar:/home/runner/.m2/repository/com/sun/jersey/jersey-core/1.19/jersey-core-1.19.jar:/home/runner/.m2/repository/javax/ws/rs/jsr311-api/1.1.1/jsr311-api-1.1.1.jar:/home/runner/.m2/repository/com/sun/jersey/jersey-server/1.19/jersey-server-1.19.jar:/home/runner/.m2/repository/javax/servlet/javax.servlet-api/3.1.0/javax.servlet-api-3.1.0.jar:/home/runner/.m2/repository/org/apache/hadoop/hadoop-common/3.3.6/hadoop-common-3.3.6.jar:/home/runner/.m2/repository/org/apache/commons/commons-math3/3.1.1/commons-math3-3.1.1.jar:/home/runner/.m2/repository/commons-net/commons-net/3.9.0/commons-net-3.9.0.jar:/home/runner/.m2/repository/com/sun/jersey/jersey-servlet/1.19/jersey-servlet-1.19.jar:/home/runner/.m2/repository/com/github/pjfanning/jersey-json/1.20/jersey-json-1.20.jar:/home/runner/.m2/repository/org/codehaus/jettison/jettison/1.1/jettison-1.1.jar:/home/runner/.m2/repository/com/sun/xml/bind/jaxb-impl/2.2.3-1/jaxb-impl-2.2.3-1.jar:/home/runner/.m2/repository/com/google/re2j/re2j/1.1/re2j-1.1.jar:/home/runner/.m2/repository/com/jcraft/jsch/0.1.54/jsch-0.1.54.jar:/home/runner/.m2/repository/org/apache/curator/curator-client/4.2.0/curator-client-4.2.0.jar:/home/runner/.m2/repository/org/apache/curator/curator-recipes/5.2.0/curator-recipes-5.2.0.jar:/home/runner/.m2/repository/org/apache/kerby/kerb-core/1.0.1/kerb-core-1.0.1.jar:/home/runner/.m2/repository/org/apache/kerby/kerby-pkix/1.0.1/kerby-pkix-1.0.1.jar:/home/runner/.m2/repository/org/apache/kerby/kerby-asn1/1.0.1/kerby-asn1-1.0.1.jar:/home/runner/.m2/repository/org/apache/kerby/kerby-util/1.0.1/kerby-util-1.0.1.jar:/home/runner/.m2/repository/dnsjava/dnsjava/2.1.7/dnsjava-2.1.7.jar:/home/runner/.m2/repository/org/xerial/snappy/snappy-java/1.1.8.2/snappy-java-1.1.8.2.jar:/home/runner/.m2/repository/com/fasterxml/jackson/core/jackson-databind/2.13.4.2/jackson-databind-2.13.4.2.jar:/home/runner/.m2/repository/org/apache/hadoop/hadoop-kms/3.3.6/hadoop-kms-3.3.6-tests.jar:/home/runner/.m2/repository/org/apache/ozone/hdds-server-scm/1.4.0-SNAPSHOT/hdds-server-scm-1.4.0-SNAPSHOT-tests.jar:/home/runner/.m2/repository/org/apache/ozone/hdds-container-service/1.4.0-SNAPSHOT/hdds-container-service-1.4.0-SNAPSHOT-tests.jar:/home/runner/.m2/repository/com/github/luben/zstd-jni/1.5.2-5/zstd-jni-1.5.2-5.jar:/home/runner/.m2/repository/commons-codec/commons-codec/1.15/commons-codec-1.15.jar:/home/runner/.m2/repository/io/netty/netty-codec/4.1.94.Final/netty-codec-4.1.94.Final.jar:/home/runner/.m2/repository/io/netty/netty-handler/4.1.94.Final/netty-handler-4.1.94.Final.jar:/home/runner/.m2/repository/org/apache/ozone/hdds-hadoop-dependency-test/1.4.0-SNAPSHOT/hdds-hadoop-dependency-test-1.4.0-SNAPSHOT.jar:/home/runner/.m2/repository/org/apache/hadoop/hadoop-common/3.3.6/hadoop-common-3.3.6-tests.jar:/home/runner/.m2/repository/org/apache/hadoop/hadoop-hdfs/3.3.6/hadoop-hdfs-3.3.6-tests.jar:/home/runner/.m2/repository/org/assertj/assertj-core/3.12.2/assertj-core-3.12.2.jar:/home/runner/.m2/repository/org/apache/hadoop/hadoop-distcp/3.3.6/hadoop-distcp-3.3.6.jar:/home/runner/.m2/repository/org/apache/hadoop/hadoop-mapreduce-client-jobclient/3.3.6/hadoop-mapreduce-client-jobclient-3.3.6.jar:/home/runner/.m2/repository/org/apache/hadoop/hadoop-mapreduce-client-common/3.3.6/hadoop-mapreduce-client-common-3.3.6.jar:/home/runner/.m2/repository/org/apache/hadoop/hadoop-yarn-common/3.3.6/hadoop-yarn-common-3.3.6.jar:/home/runner/.m2/repository/org/apache/hadoop/hadoop-yarn-api/3.3.6/hadoop-yarn-api-3.3.6.jar:/home/runner/.m2/repository/com/sun/jersey/contribs/jersey-guice/1.19/jersey-guice-1.19.jar:/home/runner/.m2/repository/com/fasterxml/jackson/jaxrs/jackson-jaxrs-json-provider/2.13.4/jackson-jaxrs-json-provider-2.13.4.jar:/home/runner/.m2/repository/com/fasterxml/jackson/jaxrs/jackson-jaxrs-base/2.13.4/jackson-jaxrs-base-2.13.4.jar:/home/runner/.m2/repository/org/apache/hadoop/hadoop-yarn-client/3.3.6/hadoop-yarn-client-3.3.6.jar:/home/runner/.m2/repository/org/eclipse/jetty/websocket/websocket-client/9.4.51.v20230217/websocket-client-9.4.51.v20230217.jar:/home/runner/.m2/repository/org/eclipse/jetty/websocket/websocket-common/9.4.51.v20230217/websocket-common-9.4.51.v20230217.jar:/home/runner/.m2/repository/org/eclipse/jetty/websocket/websocket-api/9.4.51.v20230217/websocket-api-9.4.51.v20230217.jar:/home/runner/.m2/repository/org/jline/jline/3.9.0/jline-3.9.0.jar:/home/runner/.m2/repository/org/apache/hadoop/hadoop-mapreduce-client-core/3.3.6/hadoop-mapreduce-client-core-3.3.6.jar:/home/runner/.m2/repository/org/apache/avro/avro/1.7.7/avro-1.7.7.jar:/home/runner/.m2/repository/com/thoughtworks/paranamer/paranamer/2.3/paranamer-2.3.jar:/home/runner/.m2/repository/org/apache/hadoop/hadoop-annotations/3.3.6/hadoop-annotations-3.3.6.jar:/usr/lib/jvm/temurin-8-jdk-amd64/jre/../lib/tools.jar:/home/runner/.m2/repository/io/netty/netty/3.10.6.Final/netty-3.10.6.Final.jar:/home/runner/.m2/repository/org/apache/hadoop/hadoop-distcp/3.3.6/hadoop-distcp-3.3.6-tests.jar:/home/runner/.m2/repository/org/slf4j/jul-to-slf4j/1.7.36/jul-to-slf4j-1.7.36.jar:"/>
    <property name="java.vm.vendor" value="Temurin"/>
    <property name="sun.arch.data.model" value="64"/>
    <property name="test.build.dir" value="/home/runner/work/ozone/ozone/hadoop-ozone/integration-test/target/test-dir"/>
    <property name="test.cache.data" value=""/>
    <property name="java.vendor.url" value="https://adoptium.net/"/>
    <property name="user.timezone" value="Etc/UTC"/>
    <property name="java.vm.specification.version" value="1.8"/>
    <property name="os.name" value="Linux"/>
    <property name="test.build.data" value="/home/runner/work/ozone/ozone/hadoop-ozone/integration-test/target/test-dir"/>
    <property name="sun.java.launcher" value="SUN_STANDARD"/>
    <property name="sun.boot.library.path" value="/usr/lib/jvm/temurin-8-jdk-amd64/jre/lib/amd64"/>
    <property name="sun.java.command" value="/home/runner/work/ozone/ozone/hadoop-ozone/integration-test/target/surefire/surefirebooter1409311844934718319.jar /home/runner/work/ozone/ozone/hadoop-ozone/integration-test/target/surefire 2023-10-04T17-26-37_921-jvmRun1 surefire4760766783138365613tmp surefire_48265275967094091510tmp"/>
    <property name="native.lib.tmp.dir" value="/tmp"/>
    <property name="surefire.test.class.path" value="/home/runner/work/ozone/ozone/hadoop-ozone/integration-test/target/test-classes:/home/runner/work/ozone/ozone/hadoop-ozone/integration-test/target/classes:/home/runner/.m2/repository/org/apache/ozone/ozone-common/1.4.0-SNAPSHOT/ozone-common-1.4.0-SNAPSHOT.jar:/home/runner/.m2/repository/io/grpc/grpc-netty/1.51.1/grpc-netty-1.51.1.jar:/home/runner/.m2/repository/io/grpc/grpc-core/1.51.1/grpc-core-1.51.1.jar:/home/runner/.m2/repository/com/google/android/annotations/4.1.1.4/annotations-4.1.1.4.jar:/home/runner/.m2/repository/org/codehaus/mojo/animal-sniffer-annotations/1.21/animal-sniffer-annotations-1.21.jar:/home/runner/.m2/repository/com/google/errorprone/error_prone_annotations/2.2.0/error_prone_annotations-2.2.0.jar:/home/runner/.m2/repository/io/perfmark/perfmark-api/0.25.0/perfmark-api-0.25.0.jar:/home/runner/.m2/repository/io/netty/netty-codec-http2/4.1.94.Final/netty-codec-http2-4.1.94.Final.jar:/home/runner/.m2/repository/io/netty/netty-common/4.1.94.Final/netty-common-4.1.94.Final.jar:/home/runner/.m2/repository/io/netty/netty-buffer/4.1.94.Final/netty-buffer-4.1.94.Final.jar:/home/runner/.m2/repository/io/netty/netty-codec-http/4.1.94.Final/netty-codec-http-4.1.94.Final.jar:/home/runner/.m2/repository/io/netty/netty-handler-proxy/4.1.94.Final/netty-handler-proxy-4.1.94.Final.jar:/home/runner/.m2/repository/io/netty/netty-codec-socks/4.1.94.Final/netty-codec-socks-4.1.94.Final.jar:/home/runner/.m2/repository/io/netty/netty-tcnative-boringssl-static/2.0.61.Final/netty-tcnative-boringssl-static-2.0.61.Final.jar:/home/runner/.m2/repository/io/netty/netty-tcnative-classes/2.0.61.Final/netty-tcnative-classes-2.0.61.Final.jar:/home/runner/.m2/repository/io/netty/netty-tcnative-boringssl-static/2.0.61.Final/netty-tcnative-boringssl-static-2.0.61.Final-linux-x86_64.jar:/home/runner/.m2/repository/io/netty/netty-tcnative-boringssl-static/2.0.61.Final/netty-tcnative-boringssl-static-2.0.61.Final-linux-aarch_64.jar:/home/runner/.m2/repository/io/netty/netty-tcnative-boringssl-static/2.0.61.Final/netty-tcnative-boringssl-static-2.0.61.Final-osx-x86_64.jar:/home/runner/.m2/repository/io/netty/netty-tcnative-boringssl-static/2.0.61.Final/netty-tcnative-boringssl-static-2.0.61.Final-osx-aarch_64.jar:/home/runner/.m2/repository/io/netty/netty-tcnative-boringssl-static/2.0.61.Final/netty-tcnative-boringssl-static-2.0.61.Final-windows-x86_64.jar:/home/runner/.m2/repository/org/apache/commons/commons-compress/1.21/commons-compress-1.21.jar:/home/runner/.m2/repository/org/apache/ozone/hdds-common/1.4.0-SNAPSHOT/hdds-common-1.4.0-SNAPSHOT.jar:/home/runner/.m2/repository/org/apache/ozone/hdds-client/1.4.0-SNAPSHOT/hdds-client-1.4.0-SNAPSHOT.jar:/home/runner/.m2/repository/org/apache/ozone/ozone-interface-client/1.4.0-SNAPSHOT/ozone-interface-client-1.4.0-SNAPSHOT.jar:/home/runner/.m2/repository/org/apache/hadoop/hadoop-hdfs-client/3.3.6/hadoop-hdfs-client-3.3.6.jar:/home/runner/.m2/repository/com/squareup/okhttp3/okhttp/4.9.3/okhttp-4.9.3.jar:/home/runner/.m2/repository/com/squareup/okio/okio/3.4.0/okio-3.4.0.jar:/home/runner/.m2/repository/com/squareup/okio/okio-jvm/3.4.0/okio-jvm-3.4.0.jar:/home/runner/.m2/repository/org/jetbrains/kotlin/kotlin-stdlib-jdk8/1.8.0/kotlin-stdlib-jdk8-1.8.0.jar:/home/runner/.m2/repository/org/jetbrains/kotlin/kotlin-stdlib-jdk7/1.8.0/kotlin-stdlib-jdk7-1.8.0.jar:/home/runner/.m2/repository/org/jetbrains/kotlin/kotlin-stdlib-common/1.6.21/kotlin-stdlib-common-1.6.21.jar:/home/runner/.m2/repository/org/apache/ozone/hdds-test-utils/1.4.0-SNAPSHOT/hdds-test-utils-1.4.0-SNAPSHOT.jar:/home/runner/.m2/repository/com/google/guava/guava/32.0.0-jre/guava-32.0.0-jre.jar:/home/runner/.m2/repository/com/google/guava/failureaccess/1.0.1/failureaccess-1.0.1.jar:/home/runner/.m2/repository/com/google/guava/listenablefuture/9999.0-empty-to-avoid-conflict-with-guava/listenablefuture-9999.0-empty-to-avoid-conflict-with-guava.jar:/home/runner/.m2/repository/com/google/code/findbugs/jsr305/3.0.0/jsr305-3.0.0.jar:/home/runner/.m2/repository/org/checkerframework/checker-qual/3.33.0/checker-qual-3.33.0.jar:/home/runner/.m2/repository/com/google/j2objc/j2objc-annotations/2.8/j2objc-annotations-2.8.jar:/home/runner/.m2/repository/commons-io/commons-io/2.11.0/commons-io-2.11.0.jar:/home/runner/.m2/repository/commons-logging/commons-logging/1.2/commons-logging-1.2.jar:/home/runner/.m2/repository/ch/qos/reload4j/reload4j/1.2.22/reload4j-1.2.22.jar:/home/runner/.m2/repository/org/slf4j/slf4j-api/1.7.36/slf4j-api-1.7.36.jar:/home/runner/.m2/repository/org/apache/logging/log4j/log4j-api/2.17.1/log4j-api-2.17.1.jar:/home/runner/.m2/repository/org/apache/ozone/hdds-server-scm/1.4.0-SNAPSHOT/hdds-server-scm-1.4.0-SNAPSHOT.jar:/home/runner/.m2/repository/org/apache/ozone/hdds-container-service/1.4.0-SNAPSHOT/hdds-container-service-1.4.0-SNAPSHOT.jar:/home/runner/.m2/repository/org/apache/ozone/hdds-hadoop-dependency-server/1.4.0-SNAPSHOT/hdds-hadoop-dependency-server-1.4.0-SNAPSHOT.jar:/home/runner/.m2/repository/org/apache/hadoop/hadoop-hdfs/3.3.6/hadoop-hdfs-3.3.6.jar:/home/runner/.m2/repository/commons-daemon/commons-daemon/1.0.13/commons-daemon-1.0.13.jar:/home/runner/.m2/repository/org/apache/ozone/hdds-server-framework/1.4.0-SNAPSHOT/hdds-server-framework-1.4.0-SNAPSHOT.jar:/home/runner/.m2/repository/io/dropwizard/metrics/metrics-core/3.2.4/metrics-core-3.2.4.jar:/home/runner/.m2/repository/org/apache/commons/commons-text/1.10.0/commons-text-1.10.0.jar:/home/runner/.m2/repository/org/bouncycastle/bcprov-jdk15on/1.67/bcprov-jdk15on-1.67.jar:/home/runner/.m2/repository/com/google/protobuf/protobuf-java/2.5.0/protobuf-java-2.5.0.jar:/home/runner/.m2/repository/org/apache/ozone/hdds-server-framework/1.4.0-SNAPSHOT/hdds-server-framework-1.4.0-SNAPSHOT-tests.jar:/home/runner/.m2/repository/org/apache/ozone/hdds-interface-server/1.4.0-SNAPSHOT/hdds-interface-server-1.4.0-SNAPSHOT.jar:/home/runner/.m2/repository/org/apache/ozone/hdds-interface-admin/1.4.0-SNAPSHOT/hdds-interface-admin-1.4.0-SNAPSHOT.jar:/home/runner/.m2/repository/org/apache/ozone/hdds-managed-rocksdb/1.4.0-SNAPSHOT/hdds-managed-rocksdb-1.4.0-SNAPSHOT.jar:/home/runner/.m2/repository/org/rocksdb/rocksdbjni/7.7.3/rocksdbjni-7.7.3.jar:/home/runner/.m2/repository/org/slf4j/slf4j-reload4j/1.7.36/slf4j-reload4j-1.7.36.jar:/home/runner/.m2/repository/org/apache/commons/commons-configuration2/2.1.1/commons-configuration2-2.1.1.jar:/home/runner/.m2/repository/commons-fileupload/commons-fileupload/1.5/commons-fileupload-1.5.jar:/home/runner/.m2/repository/org/apache/logging/log4j/log4j-core/2.17.1/log4j-core-2.17.1.jar:/home/runner/.m2/repository/com/lmax/disruptor/3.4.2/disruptor-3.4.2.jar:/home/runner/.m2/repository/org/eclipse/jetty/jetty-util/9.4.52.v20230823/jetty-util-9.4.52.v20230823.jar:/home/runner/.m2/repository/org/eclipse/jetty/jetty-server/9.4.52.v20230823/jetty-server-9.4.52.v20230823.jar:/home/runner/.m2/repository/org/eclipse/jetty/jetty-http/9.4.52.v20230823/jetty-http-9.4.52.v20230823.jar:/home/runner/.m2/repository/org/eclipse/jetty/jetty-io/9.4.52.v20230823/jetty-io-9.4.52.v20230823.jar:/home/runner/.m2/repository/org/eclipse/jetty/jetty-servlet/9.4.52.v20230823/jetty-servlet-9.4.52.v20230823.jar:/home/runner/.m2/repository/org/eclipse/jetty/jetty-security/9.4.52.v20230823/jetty-security-9.4.52.v20230823.jar:/home/runner/.m2/repository/org/eclipse/jetty/jetty-util-ajax/9.4.52.v20230823/jetty-util-ajax-9.4.52.v20230823.jar:/home/runner/.m2/repository/org/eclipse/jetty/jetty-webapp/9.4.52.v20230823/jetty-webapp-9.4.52.v20230823.jar:/home/runner/.m2/repository/org/eclipse/jetty/jetty-xml/9.4.52.v20230823/jetty-xml-9.4.52.v20230823.jar:/home/runner/.m2/repository/org/apache/ratis/ratis-server/2.5.1/ratis-server-2.5.1.jar:/home/runner/.m2/repository/org/apache/ratis/ratis-thirdparty-misc/1.0.4/ratis-thirdparty-misc-1.0.4.jar:/home/runner/.m2/repository/org/apache/ratis/ratis-proto/2.5.1/ratis-proto-2.5.1.jar:/home/runner/.m2/repository/org/apache/ratis/ratis-common/2.5.1/ratis-common-2.5.1.jar:/home/runner/.m2/repository/org/apache/ratis/ratis-client/2.5.1/ratis-client-2.5.1.jar:/home/runner/.m2/repository/org/apache/ratis/ratis-server-api/2.5.1/ratis-server-api-2.5.1.jar:/home/runner/.m2/repository/org/apache/ratis/ratis-metrics/2.5.1/ratis-metrics-2.5.1.jar:/home/runner/.m2/repository/io/prometheus/simpleclient_dropwizard/0.7.0/simpleclient_dropwizard-0.7.0.jar:/home/runner/.m2/repository/io/prometheus/simpleclient/0.7.0/simpleclient-0.7.0.jar:/home/runner/.m2/repository/io/prometheus/simpleclient_common/0.7.0/simpleclient_common-0.7.0.jar:/home/runner/.m2/repository/com/fasterxml/jackson/datatype/jackson-datatype-jsr310/2.13.4/jackson-datatype-jsr310-2.13.4.jar:/home/runner/.m2/repository/com/fasterxml/jackson/core/jackson-core/2.13.4/jackson-core-2.13.4.jar:/home/runner/.m2/repository/com/github/spotbugs/spotbugs-annotations/3.1.12/spotbugs-annotations-3.1.12.jar:/home/runner/.m2/repository/org/apache/ozone/rocksdb-checkpoint-differ/1.4.0-SNAPSHOT/rocksdb-checkpoint-differ-1.4.0-SNAPSHOT.jar:/home/runner/.m2/repository/org/jgrapht/jgrapht-core/1.0.1/jgrapht-core-1.0.1.jar:/home/runner/.m2/repository/org/jgrapht/jgrapht-ext/1.0.1/jgrapht-ext-1.0.1.jar:/home/runner/.m2/repository/org/tinyjee/jgraphx/jgraphx/2.0.0.1/jgraphx-2.0.0.1.jar:/home/runner/.m2/repository/jgraph/jgraph/5.13.0.0/jgraph-5.13.0.0.jar:/home/runner/.m2/repository/org/antlr/antlr4-runtime/4.5.3/antlr4-runtime-4.5.3.jar:/home/runner/.m2/repository/org/awaitility/awaitility/4.2.0/awaitility-4.2.0.jar:/home/runner/.m2/repository/org/hamcrest/hamcrest/2.1/hamcrest-2.1.jar:/home/runner/.m2/repository/org/apache/ozone/ozone-manager/1.4.0-SNAPSHOT/ozone-manager-1.4.0-SNAPSHOT.jar:/home/runner/.m2/repository/org/aspectj/aspectjrt/1.9.7/aspectjrt-1.9.7.jar:/home/runner/.m2/repository/org/aspectj/aspectjweaver/1.9.7/aspectjweaver-1.9.7.jar:/home/runner/.m2/repository/org/apache/ozone/hdds-interface-client/1.4.0-SNAPSHOT/hdds-interface-client-1.4.0-SNAPSHOT.jar:/home/runner/.m2/repository/org/apache/hadoop/thirdparty/hadoop-shaded-protobuf_3_7/1.1.1/hadoop-shaded-protobuf_3_7-1.1.1.jar:/home/runner/.m2/repository/org/apache/ozone/ozone-interface-storage/1.4.0-SNAPSHOT/ozone-interface-storage-1.4.0-SNAPSHOT.jar:/home/runner/.m2/repository/org/reflections/reflections/0.9.11/reflections-0.9.11.jar:/home/runner/.m2/repository/com/sun/jersey/jersey-client/1.19/jersey-client-1.19.jar:/home/runner/.m2/repository/org/codehaus/jackson/jackson-core-asl/1.9.13/jackson-core-asl-1.9.13.jar:/home/runner/.m2/repository/org/codehaus/jackson/jackson-mapper-asl/1.9.13/jackson-mapper-asl-1.9.13.jar:/home/runner/.m2/repository/org/codehaus/jackson/jackson-jaxrs/1.9.13/jackson-jaxrs-1.9.13.jar:/home/runner/.m2/repository/org/apache/ranger/ranger-intg/2.3.0/ranger-intg-2.3.0.jar:/home/runner/.m2/repository/org/apache/ranger/ranger-plugins-common/2.3.0/ranger-plugins-common-2.3.0.jar:/home/runner/.m2/repository/commons-lang/commons-lang/2.6/commons-lang-2.6.jar:/home/runner/.m2/repository/org/apache/ranger/ranger-plugins-cred/2.3.0/ranger-plugins-cred-2.3.0.jar:/home/runner/.m2/repository/org/apache/ranger/ranger-plugins-audit/2.3.0/ranger-plugins-audit-2.3.0.jar:/home/runner/.m2/repository/org/eclipse/jetty/jetty-client/9.4.52.v20230823/jetty-client-9.4.52.v20230823.jar:/home/runner/.m2/repository/org/apache/httpcomponents/httpmime/4.5.6/httpmime-4.5.6.jar:/home/runner/.m2/repository/org/apache/httpcomponents/httpcore-nio/4.4.13/httpcore-nio-4.4.13.jar:/home/runner/.m2/repository/org/apache/httpcomponents/httpasyncclient/4.1.3/httpasyncclient-4.1.3.jar:/home/runner/.m2/repository/com/carrotsearch/hppc/0.8.0/hppc-0.8.0.jar:/home/runner/.m2/repository/org/apache/orc/orc-core/1.5.8/orc-core-1.5.8.jar:/home/runner/.m2/repository/net/java/dev/jna/jna/5.2.0/jna-5.2.0.jar:/home/runner/.m2/repository/net/java/dev/jna/jna-platform/5.2.0/jna-platform-5.2.0.jar:/home/runner/.m2/repository/com/kstruct/gethostname4j/0.0.2/gethostname4j-0.0.2.jar:/home/runner/.m2/repository/org/apache/ranger/ranger-plugin-classloader/2.3.0/ranger-plugin-classloader-2.3.0.jar:/home/runner/.m2/repository/org/apache/ozone/hdds-rocks-native/1.4.0-SNAPSHOT/hdds-rocks-native-1.4.0-SNAPSHOT.jar:/home/runner/.m2/repository/org/apache/hadoop/hadoop-minikdc/3.3.6/hadoop-minikdc-3.3.6.jar:/home/runner/.m2/repository/org/apache/kerby/kerb-simplekdc/1.0.1/kerb-simplekdc-1.0.1.jar:/home/runner/.m2/repository/org/apache/kerby/kerb-client/1.0.1/kerb-client-1.0.1.jar:/home/runner/.m2/repository/org/apache/kerby/kerby-config/1.0.1/kerby-config-1.0.1.jar:/home/runner/.m2/repository/org/apache/kerby/kerb-common/1.0.1/kerb-common-1.0.1.jar:/home/runner/.m2/repository/org/apache/kerby/kerb-crypto/1.0.1/kerb-crypto-1.0.1.jar:/home/runner/.m2/repository/org/apache/kerby/kerb-util/1.0.1/kerb-util-1.0.1.jar:/home/runner/.m2/repository/org/apache/kerby/token-provider/1.0.1/token-provider-1.0.1.jar:/home/runner/.m2/repository/org/apache/kerby/kerb-admin/1.0.1/kerb-admin-1.0.1.jar:/home/runner/.m2/repository/org/apache/kerby/kerb-server/1.0.1/kerb-server-1.0.1.jar:/home/runner/.m2/repository/org/apache/kerby/kerb-identity/1.0.1/kerb-identity-1.0.1.jar:/home/runner/.m2/repository/org/apache/kerby/kerby-xdr/1.0.1/kerby-xdr-1.0.1.jar:/home/runner/.m2/repository/org/apache/ozone/ozone-s3gateway/1.4.0-SNAPSHOT/ozone-s3gateway-1.4.0-SNAPSHOT.jar:/home/runner/.m2/repository/org/javassist/javassist/3.21.0-GA/javassist-3.21.0-GA.jar:/home/runner/.m2/repository/org/jboss/weld/servlet/weld-servlet-shaded/3.1.9.Final/weld-servlet-shaded-3.1.9.Final.jar:/home/runner/.m2/repository/org/glassfish/jersey/containers/jersey-container-servlet-core/2.34/jersey-container-servlet-core-2.34.jar:/home/runner/.m2/repository/org/glassfish/hk2/external/jakarta.inject/2.6.1/jakarta.inject-2.6.1.jar:/home/runner/.m2/repository/org/glassfish/jersey/core/jersey-common/2.34/jersey-common-2.34.jar:/home/runner/.m2/repository/jakarta/ws/rs/jakarta.ws.rs-api/2.1.6/jakarta.ws.rs-api-2.1.6.jar:/home/runner/.m2/repository/org/glassfish/jersey/ext/cdi/jersey-cdi1x/2.34/jersey-cdi1x-2.34.jar:/home/runner/.m2/repository/org/glassfish/jersey/inject/jersey-hk2/2.34/jersey-hk2-2.34.jar:/home/runner/.m2/repository/org/glassfish/hk2/hk2-locator/2.6.1/hk2-locator-2.6.1.jar:/home/runner/.m2/repository/org/glassfish/jersey/media/jersey-media-jaxb/2.34/jersey-media-jaxb-2.34.jar:/home/runner/.m2/repository/org/glassfish/hk2/osgi-resource-locator/1.0.3/osgi-resource-locator-1.0.3.jar:/home/runner/.m2/repository/org/glassfish/hk2/hk2-api/2.5.0/hk2-api-2.5.0.jar:/home/runner/.m2/repository/org/glassfish/hk2/hk2-utils/2.5.0/hk2-utils-2.5.0.jar:/home/runner/.m2/repository/org/glassfish/hk2/external/aopalliance-repackaged/2.5.0/aopalliance-repackaged-2.5.0.jar:/home/runner/.m2/repository/com/fasterxml/jackson/dataformat/jackson-dataformat-xml/2.13.4/jackson-dataformat-xml-2.13.4.jar:/home/runner/.m2/repository/org/codehaus/woodstox/stax2-api/4.2.1/stax2-api-4.2.1.jar:/home/runner/.m2/repository/com/fasterxml/woodstox/woodstox-core/5.4.0/woodstox-core-5.4.0.jar:/home/runner/.m2/repository/com/fasterxml/jackson/module/jackson-module-jaxb-annotations/2.13.4/jackson-module-jaxb-annotations-2.13.4.jar:/home/runner/.m2/repository/jakarta/xml/bind/jakarta.xml.bind-api/2.3.3/jakarta.xml.bind-api-2.3.3.jar:/home/runner/.m2/repository/jakarta/activation/jakarta.activation-api/1.2.2/jakarta.activation-api-1.2.2.jar:/home/runner/.m2/repository/javax/enterprise/cdi-api/2.0/cdi-api-2.0.jar:/home/runner/.m2/repository/javax/el/javax.el-api/3.0.0/javax.el-api-3.0.0.jar:/home/runner/.m2/repository/javax/interceptor/javax.interceptor-api/1.2/javax.interceptor-api-1.2.jar:/home/runner/.m2/repository/javax/inject/javax.inject/1/javax.inject-1.jar:/home/runner/.m2/repository/javax/xml/bind/jaxb-api/2.3.0/jaxb-api-2.3.0.jar:/home/runner/.m2/repository/org/glassfish/jaxb/jaxb-runtime/2.3.0.1/jaxb-runtime-2.3.0.1.jar:/home/runner/.m2/repository/org/glassfish/jaxb/jaxb-core/2.3.0.1/jaxb-core-2.3.0.1.jar:/home/runner/.m2/repository/org/glassfish/jaxb/txw2/2.3.0.1/txw2-2.3.0.1.jar:/home/runner/.m2/repository/com/sun/istack/istack-commons-runtime/3.0.5/istack-commons-runtime-3.0.5.jar:/home/runner/.m2/repository/org/jvnet/staxex/stax-ex/1.7.8/stax-ex-1.7.8.jar:/home/runner/.m2/repository/com/sun/xml/fastinfoset/FastInfoset/1.2.13/FastInfoset-1.2.13.jar:/home/runner/.m2/repository/javax/activation/activation/1.1.1/activation-1.1.1.jar:/home/runner/.m2/repository/io/grpc/grpc-protobuf/1.51.1/grpc-protobuf-1.51.1.jar:/home/runner/.m2/repository/com/google/api/grpc/proto-google-common-protos/2.9.0/proto-google-common-protos-2.9.0.jar:/home/runner/.m2/repository/io/grpc/grpc-protobuf-lite/1.51.1/grpc-protobuf-lite-1.51.1.jar:/home/runner/.m2/repository/io/grpc/grpc-stub/1.51.1/grpc-stub-1.51.1.jar:/home/runner/.m2/repository/io/netty/netty-transport/4.1.94.Final/netty-transport-4.1.94.Final.jar:/home/runner/.m2/repository/io/netty/netty-resolver/4.1.94.Final/netty-resolver-4.1.94.Final.jar:/home/runner/.m2/repository/org/apache/ozone/ozone-csi/1.4.0-SNAPSHOT/ozone-csi-1.4.0-SNAPSHOT.jar:/home/runner/.m2/repository/com/google/protobuf/protobuf-java-util/3.19.6/protobuf-java-util-3.19.6.jar:/home/runner/.m2/repository/com/google/code/gson/gson/2.9.0/gson-2.9.0.jar:/home/runner/.m2/repository/org/apache/ozone/hdds-config/1.4.0-SNAPSHOT/hdds-config-1.4.0-SNAPSHOT.jar:/home/runner/.m2/repository/io/netty/netty-transport-native-epoll/4.1.94.Final/netty-transport-native-epoll-4.1.94.Final-linux-x86_64.jar:/home/runner/.m2/repository/io/netty/netty-transport-classes-epoll/4.1.94.Final/netty-transport-classes-epoll-4.1.94.Final.jar:/home/runner/.m2/repository/io/netty/netty-transport-native-unix-common/4.1.94.Final/netty-transport-native-unix-common-4.1.94.Final.jar:/home/runner/.m2/repository/org/apache/ozone/ozone-recon/1.4.0-SNAPSHOT/ozone-recon-1.4.0-SNAPSHOT.jar:/home/runner/.m2/repository/org/apache/ozone/ozone-reconcodegen/1.4.0-SNAPSHOT/ozone-reconcodegen-1.4.0-SNAPSHOT.jar:/home/runner/.m2/repository/com/google/inject/guice/5.1.0/guice-5.1.0.jar:/home/runner/.m2/repository/aopalliance/aopalliance/1.0/aopalliance-1.0.jar:/home/runner/.m2/repository/com/google/inject/extensions/guice-assistedinject/5.1.0/guice-assistedinject-5.1.0.jar:/home/runner/.m2/repository/com/google/inject/extensions/guice-servlet/5.1.0/guice-servlet-5.1.0.jar:/home/runner/.m2/repository/org/glassfish/jersey/containers/jersey-container-servlet/2.34/jersey-container-servlet-2.34.jar:/home/runner/.m2/repository/org/glassfish/hk2/guice-bridge/2.5.0/guice-bridge-2.5.0.jar:/home/runner/.m2/repository/org/glassfish/jersey/core/jersey-server/2.34/jersey-server-2.34.jar:/home/runner/.m2/repository/org/glassfish/jersey/core/jersey-client/2.34/jersey-client-2.34.jar:/home/runner/.m2/repository/jakarta/annotation/jakarta.annotation-api/1.3.5/jakarta.annotation-api-1.3.5.jar:/home/runner/.m2/repository/jakarta/validation/jakarta.validation-api/2.0.2/jakarta.validation-api-2.0.2.jar:/home/runner/.m2/repository/org/glassfish/jersey/media/jersey-media-json-jackson/2.34/jersey-media-json-jackson-2.34.jar:/home/runner/.m2/repository/org/glassfish/jersey/ext/jersey-entity-filtering/2.34/jersey-entity-filtering-2.34.jar:/home/runner/.m2/repository/org/jooq/jooq/3.11.10/jooq-3.11.10.jar:/home/runner/.m2/repository/org/jooq/jooq-meta/3.11.10/jooq-meta-3.11.10.jar:/home/runner/.m2/repository/org/jooq/jooq-codegen/3.11.10/jooq-codegen-3.11.10.jar:/home/runner/.m2/repository/com/jolbox/bonecp/0.8.0.RELEASE/bonecp-0.8.0.RELEASE.jar:/home/runner/.m2/repository/org/apache/derby/derby/10.14.2.0/derby-10.14.2.0.jar:/home/runner/.m2/repository/org/xerial/sqlite-jdbc/3.41.2.2/sqlite-jdbc-3.41.2.2.jar:/home/runner/.m2/repository/org/springframework/spring-jdbc/5.3.27/spring-jdbc-5.3.27.jar:/home/runner/.m2/repository/org/springframework/spring-beans/5.3.27/spring-beans-5.3.27.jar:/home/runner/.m2/repository/org/springframework/spring-core/5.3.27/spring-core-5.3.27.jar:/home/runner/.m2/repository/org/springframework/spring-tx/5.3.27/spring-tx-5.3.27.jar:/home/runner/.m2/repository/org/apache/ozone/ozone-client/1.4.0-SNAPSHOT/ozone-client-1.4.0-SNAPSHOT.jar:/home/runner/.m2/repository/org/apache/ozone/hdds-erasurecode/1.4.0-SNAPSHOT/hdds-erasurecode-1.4.0-SNAPSHOT.jar:/home/runner/.m2/repository/org/apache/ozone/ozone-filesystem/1.4.0-SNAPSHOT/ozone-filesystem-1.4.0-SNAPSHOT.jar:/home/runner/.m2/repository/org/apache/ozone/ozone-filesystem-common/1.4.0-SNAPSHOT/ozone-filesystem-common-1.4.0-SNAPSHOT.jar:/home/runner/.m2/repository/org/apache/ozone/ozone-tools/1.4.0-SNAPSHOT/ozone-tools-1.4.0-SNAPSHOT.jar:/home/runner/.m2/repository/com/amazonaws/aws-java-sdk-core/1.12.261/aws-java-sdk-core-1.12.261.jar:/home/runner/.m2/repository/org/apache/httpcomponents/httpclient/4.5.13/httpclient-4.5.13.jar:/home/runner/.m2/repository/org/apache/httpcomponents/httpcore/4.4.13/httpcore-4.4.13.jar:/home/runner/.m2/repository/software/amazon/ion/ion-java/1.0.2/ion-java-1.0.2.jar:/home/runner/.m2/repository/com/fasterxml/jackson/dataformat/jackson-dataformat-cbor/2.13.4/jackson-dataformat-cbor-2.13.4.jar:/home/runner/.m2/repository/joda-time/joda-time/2.10.6/joda-time-2.10.6.jar:/home/runner/.m2/repository/com/amazonaws/aws-java-sdk-s3/1.12.261/aws-java-sdk-s3-1.12.261.jar:/home/runner/.m2/repository/com/amazonaws/aws-java-sdk-kms/1.12.261/aws-java-sdk-kms-1.12.261.jar:/home/runner/.m2/repository/com/amazonaws/jmespath-java/1.12.261/jmespath-java-1.12.261.jar:/home/runner/.m2/repository/org/kohsuke/metainf-services/metainf-services/1.8/metainf-services-1.8.jar:/home/runner/.m2/repository/org/apache/ozone/hdds-tools/1.4.0-SNAPSHOT/hdds-tools-1.4.0-SNAPSHOT.jar:/home/runner/.m2/repository/org/apache/ratis/ratis-tools/2.5.1/ratis-tools-2.5.1.jar:/home/runner/.m2/repository/commons-cli/commons-cli/1.2/commons-cli-1.2.jar:/home/runner/.m2/repository/org/apache/commons/commons-lang3/3.7/commons-lang3-3.7.jar:/home/runner/.m2/repository/org/apache/ozone/ozone-manager/1.4.0-SNAPSHOT/ozone-manager-1.4.0-SNAPSHOT-tests.jar:/home/runner/.m2/repository/org/apache/ozone/hdds-common/1.4.0-SNAPSHOT/hdds-common-1.4.0-SNAPSHOT-tests.jar:/home/runner/.m2/repository/org/apache/ozone/hdds-hadoop-dependency-client/1.4.0-SNAPSHOT/hdds-hadoop-dependency-client-1.4.0-SNAPSHOT.jar:/home/runner/.m2/repository/info/picocli/picocli/4.6.1/picocli-4.6.1.jar:/home/runner/.m2/repository/com/fasterxml/jackson/core/jackson-annotations/2.13.4/jackson-annotations-2.13.4.jar:/home/runner/.m2/repository/org/apache/ozone/hdds-annotation-processing/1.4.0-SNAPSHOT/hdds-annotation-processing-1.4.0-SNAPSHOT.jar:/home/runner/.m2/repository/javax/annotation/javax.annotation-api/1.2/javax.annotation-api-1.2.jar:/home/runner/.m2/repository/org/apache/ratis/ratis-netty/2.5.1/ratis-netty-2.5.1.jar:/home/runner/.m2/repository/org/apache/ratis/ratis-grpc/2.5.1/ratis-grpc-2.5.1.jar:/home/runner/.m2/repository/org/apache/commons/commons-pool2/2.6.0/commons-pool2-2.6.0.jar:/home/runner/.m2/repository/org/bouncycastle/bcpkix-jdk15on/1.67/bcpkix-jdk15on-1.67.jar:/home/runner/.m2/repository/commons-validator/commons-validator/1.6/commons-validator-1.6.jar:/home/runner/.m2/repository/commons-beanutils/commons-beanutils/1.9.4/commons-beanutils-1.9.4.jar:/home/runner/.m2/repository/commons-digester/commons-digester/1.8.1/commons-digester-1.8.1.jar:/home/runner/.m2/repository/commons-collections/commons-collections/3.2.2/commons-collections-3.2.2.jar:/home/runner/.m2/repository/io/jaegertracing/jaeger-client/1.6.0/jaeger-client-1.6.0.jar:/home/runner/.m2/repository/io/jaegertracing/jaeger-thrift/1.6.0/jaeger-thrift-1.6.0.jar:/home/runner/.m2/repository/org/apache/thrift/libthrift/0.14.1/libthrift-0.14.1.jar:/home/runner/.m2/repository/io/jaegertracing/jaeger-core/1.6.0/jaeger-core-1.6.0.jar:/home/runner/.m2/repository/io/jaegertracing/jaeger-tracerresolver/1.6.0/jaeger-tracerresolver-1.6.0.jar:/home/runner/.m2/repository/io/opentracing/contrib/opentracing-tracerresolver/0.1.8/opentracing-tracerresolver-0.1.8.jar:/home/runner/.m2/repository/org/jetbrains/kotlin/kotlin-stdlib/1.6.21/kotlin-stdlib-1.6.21.jar:/home/runner/.m2/repository/org/jetbrains/annotations/13.0/annotations-13.0.jar:/home/runner/.m2/repository/io/opentracing/opentracing-util/0.33.0/opentracing-util-0.33.0.jar:/home/runner/.m2/repository/io/opentracing/opentracing-api/0.33.0/opentracing-api-0.33.0.jar:/home/runner/.m2/repository/io/opentracing/opentracing-noop/0.33.0/opentracing-noop-0.33.0.jar:/home/runner/.m2/repository/org/yaml/snakeyaml/2.0/snakeyaml-2.0.jar:/home/runner/.m2/repository/io/grpc/grpc-api/1.51.1/grpc-api-1.51.1.jar:/home/runner/.m2/repository/io/grpc/grpc-context/1.51.1/grpc-context-1.51.1.jar:/home/runner/.m2/repository/junit/junit/4.13.1/junit-4.13.1.jar:/home/runner/.m2/repository/org/hamcrest/hamcrest-core/1.3/hamcrest-core-1.3.jar:/home/runner/.m2/repository/org/junit/jupiter/junit-jupiter-api/5.8.2/junit-jupiter-api-5.8.2.jar:/home/runner/.m2/repository/org/opentest4j/opentest4j/1.2.0/opentest4j-1.2.0.jar:/home/runner/.m2/repository/org/junit/platform/junit-platform-commons/1.8.2/junit-platform-commons-1.8.2.jar:/home/runner/.m2/repository/org/apiguardian/apiguardian-api/1.1.2/apiguardian-api-1.1.2.jar:/home/runner/.m2/repository/org/junit/jupiter/junit-jupiter-params/5.8.2/junit-jupiter-params-5.8.2.jar:/home/runner/.m2/repository/org/junit/jupiter/junit-jupiter-migrationsupport/5.8.2/junit-jupiter-migrationsupport-5.8.2.jar:/home/runner/.m2/repository/org/junit/jupiter/junit-jupiter-engine/5.8.2/junit-jupiter-engine-5.8.2.jar:/home/runner/.m2/repository/org/junit/platform/junit-platform-engine/1.8.2/junit-platform-engine-1.8.2.jar:/home/runner/.m2/repository/org/junit/vintage/junit-vintage-engine/5.8.2/junit-vintage-engine-5.8.2.jar:/home/runner/.m2/repository/org/junit/platform/junit-platform-launcher/1.8.2/junit-platform-launcher-1.8.2.jar:/home/runner/.m2/repository/org/mockito/mockito-core/3.5.9/mockito-core-3.5.9.jar:/home/runner/.m2/repository/net/bytebuddy/byte-buddy/1.10.13/byte-buddy-1.10.13.jar:/home/runner/.m2/repository/net/bytebuddy/byte-buddy-agent/1.10.13/byte-buddy-agent-1.10.13.jar:/home/runner/.m2/repository/org/objenesis/objenesis/1.0/objenesis-1.0.jar:/home/runner/.m2/repository/org/apache/hadoop/hadoop-kms/3.3.6/hadoop-kms-3.3.6.jar:/home/runner/.m2/repository/org/apache/hadoop/hadoop-auth/3.3.6/hadoop-auth-3.3.6.jar:/home/runner/.m2/repository/com/nimbusds/nimbus-jose-jwt/9.8.1/nimbus-jose-jwt-9.8.1.jar:/home/runner/.m2/repository/com/github/stephenc/jcip/jcip-annotations/1.0-1/jcip-annotations-1.0-1.jar:/home/runner/.m2/repository/org/apache/zookeeper/zookeeper/3.5.6/zookeeper-3.5.6.jar:/home/runner/.m2/repository/org/apache/zookeeper/zookeeper-jute/3.5.6/zookeeper-jute-3.5.6.jar:/home/runner/.m2/repository/org/apache/yetus/audience-annotations/0.5.0/audience-annotations-0.5.0.jar:/home/runner/.m2/repository/org/apache/curator/curator-framework/4.2.0/curator-framework-4.2.0.jar:/home/runner/.m2/repository/org/apache/hadoop/thirdparty/hadoop-shaded-guava/1.1.1/hadoop-shaded-guava-1.1.1.jar:/home/runner/.m2/repository/com/sun/jersey/jersey-core/1.19/jersey-core-1.19.jar:/home/runner/.m2/repository/javax/ws/rs/jsr311-api/1.1.1/jsr311-api-1.1.1.jar:/home/runner/.m2/repository/com/sun/jersey/jersey-server/1.19/jersey-server-1.19.jar:/home/runner/.m2/repository/javax/servlet/javax.servlet-api/3.1.0/javax.servlet-api-3.1.0.jar:/home/runner/.m2/repository/org/apache/hadoop/hadoop-common/3.3.6/hadoop-common-3.3.6.jar:/home/runner/.m2/repository/org/apache/commons/commons-math3/3.1.1/commons-math3-3.1.1.jar:/home/runner/.m2/repository/commons-net/commons-net/3.9.0/commons-net-3.9.0.jar:/home/runner/.m2/repository/com/sun/jersey/jersey-servlet/1.19/jersey-servlet-1.19.jar:/home/runner/.m2/repository/com/github/pjfanning/jersey-json/1.20/jersey-json-1.20.jar:/home/runner/.m2/repository/org/codehaus/jettison/jettison/1.1/jettison-1.1.jar:/home/runner/.m2/repository/com/sun/xml/bind/jaxb-impl/2.2.3-1/jaxb-impl-2.2.3-1.jar:/home/runner/.m2/repository/com/google/re2j/re2j/1.1/re2j-1.1.jar:/home/runner/.m2/repository/com/jcraft/jsch/0.1.54/jsch-0.1.54.jar:/home/runner/.m2/repository/org/apache/curator/curator-client/4.2.0/curator-client-4.2.0.jar:/home/runner/.m2/repository/org/apache/curator/curator-recipes/5.2.0/curator-recipes-5.2.0.jar:/home/runner/.m2/repository/org/apache/kerby/kerb-core/1.0.1/kerb-core-1.0.1.jar:/home/runner/.m2/repository/org/apache/kerby/kerby-pkix/1.0.1/kerby-pkix-1.0.1.jar:/home/runner/.m2/repository/org/apache/kerby/kerby-asn1/1.0.1/kerby-asn1-1.0.1.jar:/home/runner/.m2/repository/org/apache/kerby/kerby-util/1.0.1/kerby-util-1.0.1.jar:/home/runner/.m2/repository/dnsjava/dnsjava/2.1.7/dnsjava-2.1.7.jar:/home/runner/.m2/repository/org/xerial/snappy/snappy-java/1.1.8.2/snappy-java-1.1.8.2.jar:/home/runner/.m2/repository/com/fasterxml/jackson/core/jackson-databind/2.13.4.2/jackson-databind-2.13.4.2.jar:/home/runner/.m2/repository/org/apache/hadoop/hadoop-kms/3.3.6/hadoop-kms-3.3.6-tests.jar:/home/runner/.m2/repository/org/apache/ozone/hdds-server-scm/1.4.0-SNAPSHOT/hdds-server-scm-1.4.0-SNAPSHOT-tests.jar:/home/runner/.m2/repository/org/apache/ozone/hdds-container-service/1.4.0-SNAPSHOT/hdds-container-service-1.4.0-SNAPSHOT-tests.jar:/home/runner/.m2/repository/com/github/luben/zstd-jni/1.5.2-5/zstd-jni-1.5.2-5.jar:/home/runner/.m2/repository/commons-codec/commons-codec/1.15/commons-codec-1.15.jar:/home/runner/.m2/repository/io/netty/netty-codec/4.1.94.Final/netty-codec-4.1.94.Final.jar:/home/runner/.m2/repository/io/netty/netty-handler/4.1.94.Final/netty-handler-4.1.94.Final.jar:/home/runner/.m2/repository/org/apache/ozone/hdds-hadoop-dependency-test/1.4.0-SNAPSHOT/hdds-hadoop-dependency-test-1.4.0-SNAPSHOT.jar:/home/runner/.m2/repository/org/apache/hadoop/hadoop-common/3.3.6/hadoop-common-3.3.6-tests.jar:/home/runner/.m2/repository/org/apache/hadoop/hadoop-hdfs/3.3.6/hadoop-hdfs-3.3.6-tests.jar:/home/runner/.m2/repository/org/assertj/assertj-core/3.12.2/assertj-core-3.12.2.jar:/home/runner/.m2/repository/org/apache/hadoop/hadoop-distcp/3.3.6/hadoop-distcp-3.3.6.jar:/home/runner/.m2/repository/org/apache/hadoop/hadoop-mapreduce-client-jobclient/3.3.6/hadoop-mapreduce-client-jobclient-3.3.6.jar:/home/runner/.m2/repository/org/apache/hadoop/hadoop-mapreduce-client-common/3.3.6/hadoop-mapreduce-client-common-3.3.6.jar:/home/runner/.m2/repository/org/apache/hadoop/hadoop-yarn-common/3.3.6/hadoop-yarn-common-3.3.6.jar:/home/runner/.m2/repository/org/apache/hadoop/hadoop-yarn-api/3.3.6/hadoop-yarn-api-3.3.6.jar:/home/runner/.m2/repository/com/sun/jersey/contribs/jersey-guice/1.19/jersey-guice-1.19.jar:/home/runner/.m2/repository/com/fasterxml/jackson/jaxrs/jackson-jaxrs-json-provider/2.13.4/jackson-jaxrs-json-provider-2.13.4.jar:/home/runner/.m2/repository/com/fasterxml/jackson/jaxrs/jackson-jaxrs-base/2.13.4/jackson-jaxrs-base-2.13.4.jar:/home/runner/.m2/repository/org/apache/hadoop/hadoop-yarn-client/3.3.6/hadoop-yarn-client-3.3.6.jar:/home/runner/.m2/repository/org/eclipse/jetty/websocket/websocket-client/9.4.51.v20230217/websocket-client-9.4.51.v20230217.jar:/home/runner/.m2/repository/org/eclipse/jetty/websocket/websocket-common/9.4.51.v20230217/websocket-common-9.4.51.v20230217.jar:/home/runner/.m2/repository/org/eclipse/jetty/websocket/websocket-api/9.4.51.v20230217/websocket-api-9.4.51.v20230217.jar:/home/runner/.m2/repository/org/jline/jline/3.9.0/jline-3.9.0.jar:/home/runner/.m2/repository/org/apache/hadoop/hadoop-mapreduce-client-core/3.3.6/hadoop-mapreduce-client-core-3.3.6.jar:/home/runner/.m2/repository/org/apache/avro/avro/1.7.7/avro-1.7.7.jar:/home/runner/.m2/repository/com/thoughtworks/paranamer/paranamer/2.3/paranamer-2.3.jar:/home/runner/.m2/repository/org/apache/hadoop/hadoop-annotations/3.3.6/hadoop-annotations-3.3.6.jar:/usr/lib/jvm/temurin-8-jdk-amd64/jre/../lib/tools.jar:/home/runner/.m2/repository/io/netty/netty/3.10.6.Final/netty-3.10.6.Final.jar:/home/runner/.m2/repository/org/apache/hadoop/hadoop-distcp/3.3.6/hadoop-distcp-3.3.6-tests.jar:/home/runner/.m2/repository/org/slf4j/jul-to-slf4j/1.7.36/jul-to-slf4j-1.7.36.jar:"/>
    <property name="sun.cpu.endian" value="little"/>
    <property name="user.home" value="/home/runner"/>
    <property name="user.language" value="en"/>
    <property name="java.specification.vendor" value="Oracle Corporation"/>
    <property name="java.home" value="/usr/lib/jvm/temurin-8-jdk-amd64/jre"/>
    <property name="java.security.krb5.conf" value="/home/runner/work/ozone/ozone/hadoop-ozone/integration-test/target/test-classes/krb5.conf"/>
    <property name="basedir" value="/home/runner/work/ozone/ozone/hadoop-ozone/integration-test"/>
    <property name="file.separator" value="/"/>
    <property name="line.separator" value="&#10;"/>
    <property name="java.vm.specification.vendor" value="Oracle Corporation"/>
    <property name="java.specification.name" value="Java Platform API Specification"/>
    <property name="java.awt.graphicsenv" value="sun.awt.X11GraphicsEnvironment"/>
    <property name="skip.installnpx" value="true"/>
    <property name="surefire.real.class.path" value="/home/runner/work/ozone/ozone/hadoop-ozone/integration-test/target/surefire/surefirebooter1409311844934718319.jar:/home/runner/.m2/repository/org/jacoco/org.jacoco.agent/0.8.5/org.jacoco.agent-0.8.5-runtime.jar"/>
    <property name="hadoop.log.dir" value="/home/runner/work/ozone/ozone/hadoop-ozone/integration-test/target/log"/>
    <property name="sun.boot.class.path" value="/usr/lib/jvm/temurin-8-jdk-amd64/jre/lib/resources.jar:/usr/lib/jvm/temurin-8-jdk-amd64/jre/lib/rt.jar:/usr/lib/jvm/temurin-8-jdk-amd64/jre/lib/sunrsasign.jar:/usr/lib/jvm/temurin-8-jdk-amd64/jre/lib/jsse.jar:/usr/lib/jvm/temurin-8-jdk-amd64/jre/lib/jce.jar:/usr/lib/jvm/temurin-8-jdk-amd64/jre/lib/charsets.jar:/usr/lib/jvm/temurin-8-jdk-amd64/jre/lib/jfr.jar:/usr/lib/jvm/temurin-8-jdk-amd64/jre/classes"/>
    <property name="sun.management.compiler" value="HotSpot 64-Bit Tiered Compilers"/>
    <property name="skip.npx" value="true"/>
    <property name="java.runtime.version" value="1.8.0_382-b05"/>
    <property name="java.net.preferIPv4Stack" value="true"/>
    <property name="user.name" value="runner"/>
    <property name="path.separator" value=":"/>
    <property name="java.security.egd" value="file:///dev/urandom"/>
    <property name="os.version" value="5.15.0-1047-azure"/>
    <property name="java.endorsed.dirs" value="/usr/lib/jvm/temurin-8-jdk-amd64/jre/lib/endorsed"/>
    <property name="java.runtime.name" value="OpenJDK Runtime Environment"/>
    <property name="file.encoding" value="UTF-8"/>
    <property name="java.vm.name" value="OpenJDK 64-Bit Server VM"/>
    <property name="test.build.webapps" value=""/>
    <property name="localRepository" value="/home/runner/.m2/repository"/>
    <property name="jetty.git.hash" value="abdcda73818a1a2c705da276edb0bf6581e7997e"/>
    <property name="java.vendor.url.bug" value="https://github.com/adoptium/adoptium-support/issues"/>
    <property name="java.io.tmpdir" value="/tmp"/>
    <property name="require.test.libhadoop" value=""/>
    <property name="java.version" value="1.8.0_382"/>
    <property name="user.dir" value="/home/runner/work/ozone/ozone/hadoop-ozone/integration-test"/>
    <property name="os.arch" value="amd64"/>
    <property name="java.vm.specification.name" value="Java Virtual Machine Specification"/>
    <property name="test.build.classes" value="/home/runner/work/ozone/ozone/hadoop-ozone/integration-test/target/test-classes"/>
    <property name="java.awt.printerjob" value="sun.print.PSPrinterJob"/>
    <property name="sun.os.patch.level" value="unknown"/>
    <property name="org.apache.ratis.thirdparty.io.netty.allocator.useCacheForAllThreads" value="false"/>
    <property name="hadoop.tmp.dir" value="/home/runner/work/ozone/ozone/hadoop-ozone/integration-test/target/tmp"/>
    <property name="java.library.path" value="/usr/java/packages/lib/amd64:/usr/lib64:/lib64:/lib:/usr/lib"/>
    <property name="java.vm.info" value="mixed mode"/>
    <property name="java.vendor" value="Temurin"/>
    <property name="java.vm.version" value="25.382-b05"/>
    <property name="java.specification.maintenance.version" value="5"/>
    <property name="java.ext.dirs" value="/usr/lib/jvm/temurin-8-jdk-amd64/jre/lib/ext:/usr/java/packages/lib/ext"/>
    <property name="sun.io.unicode.encoding" value="UnicodeLittle"/>
    <property name="java.class.version" value="52.0"/>
  </properties>
  <testcase name="testGetTrashRoot" classname="TestOzoneFileSystem" time="22.318">
    <system-out><![CDATA[2023-10-04 17:29:24,428 [main] WARN  server.ServerUtils (ServerUtils.java:getScmDbDir(155)) - ozone.scm.db.dirs is not configured. We recommend adding this setting. Falling back to ozone.metadata.dirs instead.
2023-10-04 17:29:24,688 [main] INFO  reflections.Reflections (Reflections.java:scan(232)) - Reflections took 199 ms to scan 7 urls, producing 164 keys and 383 values 
2023-10-04 17:29:24,863 [main] WARN  server.ServerUtils (ServerUtils.java:getScmDbDir(155)) - ozone.scm.db.dirs is not configured. We recommend adding this setting. Falling back to ozone.metadata.dirs instead.
2023-10-04 17:29:24,867 [main] INFO  ha.SCMHANodeDetails (SCMHANodeDetails.java:loadSCMHAConfig(210)) - ServiceID for StorageContainerManager is null
2023-10-04 17:29:24,875 [main] WARN  ha.SCMHANodeDetails (SCMHANodeDetails.java:validateSCMHAConfig(183)) - Invalid config ozone.scm.ratis.enable. The config was not specified, but the default value true conflicts with the expected config value false. Falling back to the expected value. Current State of SCM: SCM is running in Non-HA without Ratis Ratis SCM -> Non Ratis SCM or Non HA SCM -> HA SCM is not supported
2023-10-04 17:29:24,875 [main] INFO  ha.SCMHANodeDetails (SCMHANodeDetails.java:loadSCMHAConfig(215)) - ozone.scm.default.service.id is not defined, falling back to ozone.scm.service.ids to find serviceID for StorageContainerManager if it is HA enabled cluster
2023-10-04 17:29:25,561 [main] WARN  utils.HAUtils (HAUtils.java:getMetaDir(339)) - ozone.scm.db.dirs is not configured. We recommend adding this setting. Falling back to ozone.metadata.dirs instead.
2023-10-04 17:29:25,727 [main] WARN  db.DBStoreBuilder (DBStoreBuilder.java:applyDBDefinition(166)) - ozone.scm.db.dirs is not configured. We recommend adding this setting. Falling back to ozone.metadata.dirs instead.
2023-10-04 17:29:25,984 [main] INFO  net.NodeSchemaLoader (NodeSchemaLoader.java:loadSchemaFromFile(129)) - Loading schema from [jar:file:/home/runner/.m2/repository/org/apache/ozone/hdds-common/1.4.0-SNAPSHOT/hdds-common-1.4.0-SNAPSHOT.jar!/network-topology-default.xml]
2023-10-04 17:29:25,986 [main] INFO  net.NodeSchemaLoader (NodeSchemaLoader.java:loadSchema(176)) - Loading network topology layer schema file
2023-10-04 17:29:26,030 [main] INFO  metrics.MetricRegistries (MetricRegistriesLoader.java:load(64)) - Loaded MetricRegistries class org.apache.ratis.metrics.impl.MetricRegistriesImpl
2023-10-04 17:29:26,045 [main] INFO  upgrade.AbstractLayoutVersionManager (AbstractLayoutVersionManager.java:init(83)) - Initializing Layout version manager with metadata layout = HADOOP_PRC_PORTS_IN_DATANODEDETAILS (version = 7), software layout = HADOOP_PRC_PORTS_IN_DATANODEDETAILS (version = 7)
2023-10-04 17:29:26,247 [main] INFO  ha.SequenceIdGenerator (SequenceIdGenerator.java:upgradeToSequenceId(365)) - upgrade localId to 111677748019200000
2023-10-04 17:29:26,248 [main] INFO  ha.SequenceIdGenerator (SequenceIdGenerator.java:upgradeToSequenceId(375)) - upgrade delTxnId to 0
2023-10-04 17:29:26,255 [main] INFO  ha.SequenceIdGenerator (SequenceIdGenerator.java:upgradeToSequenceId(392)) - upgrade containerId to 0
2023-10-04 17:29:26,258 [main] INFO  ha.SequenceIdGenerator (SequenceIdGenerator.java:upgradeToSequenceId(428)) - upgrade rootCertificateId to 1
2023-10-04 17:29:26,260 [main] INFO  ha.SequenceIdGenerator (SequenceIdGenerator.java:<init>(236)) - Init the HA SequenceIdGenerator.
2023-10-04 17:29:26,314 [main] WARN  server.ServerUtils (ServerUtils.java:sanitizeUserArgs(80)) - ozone.scm.stale.node.interval value = 300000 is larger than max = 100000 based on the key value of ozone.scm.heartbeat.thread.interval, reset to the max value 100000.
2023-10-04 17:29:26,315 [main] WARN  server.ServerUtils (ServerUtils.java:sanitizeUserArgs(80)) - ozone.scm.stale.node.interval value = 300000 is larger than max = 100000 based on the key value of ozone.scm.heartbeat.thread.interval, reset to the max value 100000.
2023-10-04 17:29:26,321 [main] INFO  node.SCMNodeManager (SCMNodeManager.java:<init>(157)) - Entering startup safe mode.
2023-10-04 17:29:26,338 [main] INFO  algorithms.ContainerPlacementPolicyFactory (ContainerPlacementPolicyFactory.java:getPolicyInternal(86)) - Create container placement policy of type org.apache.hadoop.hdds.scm.container.placement.algorithms.SCMContainerPlacementRackAware
2023-10-04 17:29:26,341 [main] INFO  algorithms.ContainerPlacementPolicyFactory (ContainerPlacementPolicyFactory.java:getPolicyInternal(86)) - Create container placement policy of type org.apache.hadoop.hdds.scm.container.placement.algorithms.SCMContainerPlacementRackScatter
2023-10-04 17:29:26,350 [main] INFO  pipeline.PipelineStateManagerImpl (PipelineStateManagerImpl.java:initialize(78)) - No pipeline exists in current db
2023-10-04 17:29:26,365 [main] INFO  algorithms.LeaderChoosePolicyFactory (LeaderChoosePolicyFactory.java:getPolicy(57)) - Create leader choose policy of type org.apache.hadoop.hdds.scm.pipeline.leader.choose.algorithms.MinLeaderCountChoosePolicy
2023-10-04 17:29:26,365 [main] INFO  algorithms.ContainerPlacementPolicyFactory (ContainerPlacementPolicyFactory.java:getPolicyInternal(86)) - Create container placement policy of type org.apache.hadoop.hdds.scm.container.placement.algorithms.SCMContainerPlacementRackScatter
2023-10-04 17:29:26,371 [main] INFO  ha.SCMServiceManager (SCMServiceManager.java:register(42)) - Registering service BackgroundPipelineCreator.
2023-10-04 17:29:26,372 [main] INFO  pipeline.BackgroundPipelineCreator (BackgroundPipelineCreator.java:start(124)) - Starting RatisPipelineUtilsThread.
2023-10-04 17:29:26,375 [main] INFO  BackgroundPipelineScrubber (BackgroundSCMService.java:start(68)) - Starting BackgroundPipelineScrubber Service.
2023-10-04 17:29:26,378 [main] INFO  ha.SCMServiceManager (SCMServiceManager.java:register(42)) - Registering service BackgroundPipelineScrubber.
2023-10-04 17:29:26,385 [main] INFO  ExpiredContainerReplicaOpScrubber (BackgroundSCMService.java:start(68)) - Starting ExpiredContainerReplicaOpScrubber Service.
2023-10-04 17:29:26,394 [main] INFO  ha.SCMServiceManager (SCMServiceManager.java:register(42)) - Registering service ExpiredContainerReplicaOpScrubber.
2023-10-04 17:29:26,418 [main] INFO  algorithms.PipelineChoosePolicyFactory (PipelineChoosePolicyFactory.java:createPipelineChoosePolicyFromClass(78)) - Create pipeline choose policy of type org.apache.hadoop.hdds.scm.pipeline.choose.algorithms.RandomPipelineChoosePolicy
2023-10-04 17:29:26,418 [main] INFO  algorithms.PipelineChoosePolicyFactory (PipelineChoosePolicyFactory.java:createPipelineChoosePolicyFromClass(78)) - Create pipeline choose policy of type org.apache.hadoop.hdds.scm.pipeline.choose.algorithms.RandomPipelineChoosePolicy
2023-10-04 17:29:26,440 [main] INFO  ha.SCMServiceManager (SCMServiceManager.java:register(42)) - Registering service SCMBlockDeletingService.
2023-10-04 17:29:26,508 [main] INFO  replication.ReplicationManager (ReplicationManager.java:start(291)) - Starting Replication Monitor Thread.
2023-10-04 17:29:26,509 [main] INFO  ha.SCMServiceManager (SCMServiceManager.java:register(42)) - Registering service ReplicationManager.
2023-10-04 17:29:26,515 [ReplicationMonitor] INFO  replication.ReplicationManager (ReplicationManager.java:processAll(365)) - Replication Manager is not ready to run until 3000ms after safemode exit
2023-10-04 17:29:26,521 [main] INFO  safemode.ContainerSafeModeRule (ContainerSafeModeRule.java:<init>(90)) - containers with one replica threshold count 0
2023-10-04 17:29:26,525 [main] INFO  safemode.HealthyPipelineSafeModeRule (HealthyPipelineSafeModeRule.java:initializeRule(169)) - Total pipeline count is 0, healthy pipeline threshold count is 1
2023-10-04 17:29:26,527 [main] INFO  safemode.OneReplicaPipelineSafeModeRule (OneReplicaPipelineSafeModeRule.java:initializeRule(180)) - Total pipeline count is 0, pipeline's with at least one datanode reported threshold count is 0
2023-10-04 17:29:26,587 [main] INFO  server.StorageContainerManager (StorageContainerManager.java:<init>(425)) - SCM start with adminUsers: [runner]
2023-10-04 17:29:26,982 [main] INFO  audit.AuditLogger (AuditLogger.java:refreshDebugCmdSet(126)) - Refresh DebugCmdSet for SCMAudit to [].
2023-10-04 17:29:27,016 [main] INFO  ipc.CallQueueManager (CallQueueManager.java:<init>(90)) - Using callQueue: class java.util.concurrent.LinkedBlockingQueue, queueCapacity: 2000, scheduler: class org.apache.hadoop.ipc.DefaultRpcScheduler, ipcBackoff: false.
2023-10-04 17:29:27,058 [main] INFO  ipc.Server (Server.java:<init>(1287)) - Listener at 0.0.0.0:15002
2023-10-04 17:29:27,061 [Socket Reader #1 for port 15002] INFO  ipc.Server (Server.java:run(1323)) - Starting Socket Reader #1 for port 15002
2023-10-04 17:29:27,122 [main] INFO  audit.AuditLogger (AuditLogger.java:refreshDebugCmdSet(126)) - Refresh DebugCmdSet for SCMAudit to [].
2023-10-04 17:29:27,128 [main] INFO  ipc.CallQueueManager (CallQueueManager.java:<init>(90)) - Using callQueue: class java.util.concurrent.LinkedBlockingQueue, queueCapacity: 2000, scheduler: class org.apache.hadoop.ipc.DefaultRpcScheduler, ipcBackoff: false.
2023-10-04 17:29:27,128 [main] INFO  ipc.Server (Server.java:<init>(1287)) - Listener at 0.0.0.0:15001
2023-10-04 17:29:27,129 [Socket Reader #1 for port 15001] INFO  ipc.Server (Server.java:run(1323)) - Starting Socket Reader #1 for port 15001
2023-10-04 17:29:27,165 [main] INFO  audit.AuditLogger (AuditLogger.java:refreshDebugCmdSet(126)) - Refresh DebugCmdSet for SCMAudit to [].
2023-10-04 17:29:27,176 [main] INFO  ipc.CallQueueManager (CallQueueManager.java:<init>(90)) - Using callQueue: class java.util.concurrent.LinkedBlockingQueue, queueCapacity: 2000, scheduler: class org.apache.hadoop.ipc.DefaultRpcScheduler, ipcBackoff: false.
2023-10-04 17:29:27,177 [main] INFO  ipc.Server (Server.java:<init>(1287)) - Listener at 0.0.0.0:15000
2023-10-04 17:29:27,177 [Socket Reader #1 for port 15000] INFO  ipc.Server (Server.java:run(1323)) - Starting Socket Reader #1 for port 15000
2023-10-04 17:29:27,227 [main] INFO  ha.SCMServiceManager (SCMServiceManager.java:register(42)) - Registering service ContainerBalancer.
2023-10-04 17:29:27,228 [main] INFO  server.StorageContainerManager (StorageContainerManager.java:<init>(438)) - 
Container Balancer status:
Key                            Value
Running                        false
Container Balancer Configuration values:
Key                                                Value
Threshold                                          10
Max Datanodes to Involve per Iteration(percent)    20
Max Size to Move per Iteration                     500GB
Max Size Entering Target per Iteration             26GB
Max Size Leaving Source per Iteration              26GB
Number of Iterations                               10
Time Limit for Single Container's Movement         65min
Time Limit for Single Container's Replication      50min
Interval between each Iteration                    70min
Whether to Enable Network Topology                 false
Whether to Trigger Refresh Datanode Usage Info     false
Container IDs to Exclude from Balancing            None
Datanodes Specified to be Balanced                 None
Datanodes Excluded from Balancing                  None

2023-10-04 17:29:27,229 [main] INFO  ha.SCMContext (SCMContext.java:updateSafeModeStatus(228)) - Update SafeModeStatus from SafeModeStatus{safeModeStatus=true, preCheckPassed=false} to SafeModeStatus{safeModeStatus=true, preCheckPassed=false}.
2023-10-04 17:29:27,232 [main] INFO  server.StorageContainerManager (StorageContainerManager.java:start(1483)) - StorageContainerLocationProtocol RPC server is listening at /0.0.0.0:15000
2023-10-04 17:29:27,309 [main] WARN  impl.MetricsConfig (MetricsConfig.java:loadFirst(136)) - Cannot locate configuration: tried hadoop-metrics2-storagecontainermanager.properties,hadoop-metrics2.properties
2023-10-04 17:29:27,324 [main] INFO  impl.MetricsSystemImpl (MetricsSystemImpl.java:startTimer(378)) - Scheduled Metric snapshot period at 10 second(s).
2023-10-04 17:29:27,325 [main] INFO  impl.MetricsSystemImpl (MetricsSystemImpl.java:start(191)) - StorageContainerManager metrics system started
2023-10-04 17:29:27,641 [main] INFO  server.SCMClientProtocolServer (SCMClientProtocolServer.java:start(201)) - RPC server for Client  is listening at /0.0.0.0:15000
2023-10-04 17:29:27,642 [IPC Server Responder] INFO  ipc.Server (Server.java:run(1562)) - IPC Server Responder: starting
2023-10-04 17:29:27,650 [main] INFO  server.StorageContainerManager (StorageContainerManager.java:start(1496)) - ScmBlockLocationProtocol RPC server is listening at /0.0.0.0:15001
2023-10-04 17:29:27,650 [main] INFO  server.SCMBlockProtocolServer (SCMBlockProtocolServer.java:start(154)) - RPC server for Block Protocol is listening at /0.0.0.0:15001
2023-10-04 17:29:27,654 [main] INFO  server.SCMDatanodeProtocolServer (SCMDatanodeProtocolServer.java:start(193)) - ScmDatanodeProtocol RPC server for DataNodes is listening at /0.0.0.0:15002
2023-10-04 17:29:27,673 [IPC Server listener on 15000] INFO  ipc.Server (Server.java:run(1402)) - IPC Server listener on 15000: starting
2023-10-04 17:29:27,673 [IPC Server Responder] INFO  ipc.Server (Server.java:run(1562)) - IPC Server Responder: starting
2023-10-04 17:29:27,673 [IPC Server listener on 15002] INFO  ipc.Server (Server.java:run(1402)) - IPC Server listener on 15002: starting
2023-10-04 17:29:27,684 [IPC Server listener on 15001] INFO  ipc.Server (Server.java:run(1402)) - IPC Server listener on 15001: starting
2023-10-04 17:29:27,684 [IPC Server Responder] INFO  ipc.Server (Server.java:run(1562)) - IPC Server Responder: starting
2023-10-04 17:29:27,690 [JvmPauseMonitor0] INFO  util.JvmPauseMonitor (JvmPauseMonitor.java:run(103)) - JvmPauseMonitor-d53c3346-9e96-443f-a5e0-ee7e99ee2cae: Started
2023-10-04 17:29:27,706 [main] INFO  http.BaseHttpServer (BaseHttpServer.java:newHttpServer2BuilderForOzone(223)) - Starting Web-server for scm at: http://0.0.0.0:15003
2023-10-04 17:29:27,707 [main] INFO  http.BaseHttpServer (BaseHttpServer.java:<init>(110)) - Hadoop Security Enabled: false Ozone Security Enabled: false Ozone HTTP Security Enabled: false 
2023-10-04 17:29:27,734 [main] INFO  util.log (Log.java:initialized(170)) - Logging initialized @4980ms to org.eclipse.jetty.util.log.Slf4jLog
2023-10-04 17:29:27,831 [main] WARN  server.AuthenticationFilter (AuthenticationFilter.java:constructSecretProvider(240)) - Unable to initialize FileSignerSecretProvider, falling back to use random secrets. Reason: Could not read signature secret file: /home/runner/hadoop-http-auth-signature-secret
2023-10-04 17:29:27,837 [main] INFO  http.HttpRequestLog (HttpRequestLog.java:getRequestLog(86)) - Http request log for http.requests.scm is not defined
2023-10-04 17:29:27,845 [main] INFO  http.HttpServer2 (HttpServer2.java:addGlobalFilter(1031)) - Added global filter 'safety' (class=org.apache.hadoop.hdds.server.http.HttpServer2$QuotingInputFilter)
2023-10-04 17:29:27,848 [main] INFO  http.HttpServer2 (HttpServer2.java:addFilter(1007)) - Added filter static_user_filter (class=org.apache.hadoop.http.lib.StaticUserWebFilter$StaticUserFilter) to context scm
2023-10-04 17:29:27,848 [main] INFO  http.HttpServer2 (HttpServer2.java:addFilter(1015)) - Added filter static_user_filter (class=org.apache.hadoop.http.lib.StaticUserWebFilter$StaticUserFilter) to context static
2023-10-04 17:29:27,848 [main] INFO  http.HttpServer2 (HttpServer2.java:addFilter(1015)) - Added filter static_user_filter (class=org.apache.hadoop.http.lib.StaticUserWebFilter$StaticUserFilter) to context logs
2023-10-04 17:29:27,888 [main] INFO  http.BaseHttpServer (BaseHttpServer.java:<init>(189)) - HTTP server of scm uses base directory /home/runner/work/ozone/ozone/hadoop-ozone/integration-test/target/test-dir/MiniOzoneClusterImpl-da1d4460-e54b-4a34-859f-b12e99aef92e/ozone-meta/webserver
2023-10-04 17:29:27,889 [main] INFO  http.HttpServer2 (HttpServer2.java:bindListener(1231)) - Jetty bound to port 15003
2023-10-04 17:29:27,891 [main] INFO  server.Server (Server.java:doStart(375)) - jetty-9.4.52.v20230823; built: 2023-08-23T19:29:37.669Z; git: abdcda73818a1a2c705da276edb0bf6581e7997e; jvm 1.8.0_382-b05
2023-10-04 17:29:27,923 [main] INFO  server.session (DefaultSessionIdManager.java:doStart(334)) - DefaultSessionIdManager workerName=node0
2023-10-04 17:29:27,923 [main] INFO  server.session (DefaultSessionIdManager.java:doStart(339)) - No SessionScavenger set, using defaults
2023-10-04 17:29:27,925 [main] INFO  server.session (HouseKeeper.java:startScavenging(132)) - node0 Scavenging every 660000ms
2023-10-04 17:29:27,938 [main] INFO  handler.ContextHandler (ContextHandler.java:doStart(921)) - Started o.e.j.s.ServletContextHandler@71dac63f{logs,/logs,file:///home/runner/work/ozone/ozone/hadoop-ozone/integration-test/target/log,AVAILABLE}
2023-10-04 17:29:27,939 [main] INFO  handler.ContextHandler (ContextHandler.java:doStart(921)) - Started o.e.j.s.ServletContextHandler@126ae0ca{static,/static,file:///home/runner/work/ozone/ozone/hadoop-ozone/integration-test/target/test-classes/webapps/static,AVAILABLE}
2023-10-04 17:29:27,994 [main] INFO  handler.ContextHandler (ContextHandler.java:doStart(921)) - Started o.e.j.w.WebAppContext@3e7935f1{scm,/,file:///home/runner/work/ozone/ozone/hadoop-ozone/integration-test/target/test-classes/webapps/scm/,AVAILABLE}{file:/home/runner/work/ozone/ozone/hadoop-ozone/integration-test/target/test-classes/webapps/scm}
2023-10-04 17:29:28,003 [main] INFO  server.AbstractConnector (AbstractConnector.java:doStart(333)) - Started ServerConnector@4d65fbad{HTTP/1.1, (http/1.1)}{0.0.0.0:15003}
2023-10-04 17:29:28,009 [main] INFO  server.Server (Server.java:doStart(415)) - Started @5254ms
2023-10-04 17:29:28,011 [main] INFO  impl.MetricsSinkAdapter (MetricsSinkAdapter.java:start(204)) - Sink prometheus started
2023-10-04 17:29:28,011 [main] INFO  impl.MetricsSystemImpl (MetricsSystemImpl.java:registerSink(305)) - Registered sink prometheus
2023-10-04 17:29:28,013 [main] INFO  http.BaseHttpServer (BaseHttpServer.java:updateConnectorAddress(354)) - HTTP server of scm listening at http://0.0.0.0:15003
2023-10-04 17:29:28,016 [main] WARN  server.ServerUtils (ServerUtils.java:getDBPath(311)) - ozone.om.db.dirs is not configured. We recommend adding this setting. Falling back to ozone.metadata.dirs instead.
2023-10-04 17:29:28,096 [main] INFO  audit.AuditLogger (AuditLogger.java:refreshDebugCmdSet(126)) - Refresh DebugCmdSet for OMAudit to [].
2023-10-04 17:29:28,186 [main] INFO  ha.OMHANodeDetails (OMHANodeDetails.java:loadOMHAConfig(115)) - ozone.om.internal.service.id is not defined, falling back to ozone.om.service.ids to find serviceID for OzoneManager if it is HA enabled cluster
2023-10-04 17:29:28,190 [main] INFO  ha.OMHANodeDetails (OMHANodeDetails.java:loadOMHAConfig(226)) - Configuration does not have ozone.om.address set. Falling back to the default OM address /127.0.0.1:15004
2023-10-04 17:29:28,190 [main] INFO  ha.OMHANodeDetails (OMHANodeDetails.java:getOMNodeDetailsForNonHA(254)) - OM Service ID is not set. Setting it to the default ID: omServiceIdDefault
2023-10-04 17:29:28,190 [main] INFO  ha.OMHANodeDetails (OMHANodeDetails.java:getOMNodeDetailsForNonHA(261)) - OM Node ID is not set. Setting it to the default ID: om1
2023-10-04 17:29:28,195 [main] WARN  server.ServerUtils (ServerUtils.java:getDBPath(311)) - ozone.om.db.dirs is not configured. We recommend adding this setting. Falling back to ozone.metadata.dirs instead.
2023-10-04 17:29:28,200 [main] INFO  upgrade.AbstractLayoutVersionManager (AbstractLayoutVersionManager.java:init(83)) - Initializing Layout version manager with metadata layout = QUOTA (version = 6), software layout = QUOTA (version = 6)
2023-10-04 17:29:28,325 [main] INFO  reflections.Reflections (Reflections.java:scan(232)) - Reflections took 121 ms to scan 2 urls, producing 190 keys and 530 values [using 2 cores]
2023-10-04 17:29:28,331 [main] INFO  upgrade.OMLayoutVersionManager (OMLayoutVersionManager.java:lambda$0(115)) - Skipping Upgrade Action MockOmUpgradeAction since it has been finalized.
2023-10-04 17:29:28,332 [main] INFO  upgrade.OMLayoutVersionManager (OMLayoutVersionManager.java:lambda$0(115)) - Skipping Upgrade Action QuotaRepairUpgradeAction since it has been finalized.
2023-10-04 17:29:28,334 [main] WARN  server.ServerUtils (ServerUtils.java:getDBPath(311)) - ozone.om.db.dirs is not configured. We recommend adding this setting. Falling back to ozone.metadata.dirs instead.
2023-10-04 17:29:28,524 [main] INFO  proxy.SCMBlockLocationFailoverProxyProvider (SCMBlockLocationFailoverProxyProvider.java:<init>(114)) - Created block location fail-over proxy with 1 nodes: [nodeId=scmNodeId,nodeAddress=/0.0.0.0:15001]
2023-10-04 17:29:28,564 [main] INFO  proxy.SCMBlockLocationFailoverProxyProvider (SCMBlockLocationFailoverProxyProvider.java:<init>(114)) - Created block location fail-over proxy with 1 nodes: [nodeId=scmNodeId,nodeAddress=/0.0.0.0:15001]
2023-10-04 17:29:28,823 [main] INFO  om.OzoneManager (OzoneManager.java:<init>(668)) - OM start with adminUsers: [runner]
2023-10-04 17:29:28,842 [main] WARN  server.ServerUtils (ServerUtils.java:getDBPath(311)) - ozone.om.db.dirs is not configured. We recommend adding this setting. Falling back to ozone.metadata.dirs instead.
2023-10-04 17:29:28,875 [main] INFO  helpers.OmKeyInfo (OmKeyInfo.java:getCodec(71)) - OmKeyInfo.getCodec ignorePipeline = true
2023-10-04 17:29:29,279 [main] INFO  om.OzoneManager (OzoneManager.java:instantiateServices(797)) - S3 Multi-Tenancy is disabled
2023-10-04 17:29:29,316 [main] INFO  om.OmSnapshotManager (OmSnapshotManager.java:<init>(174)) - Ozone filesystem snapshot feature is enabled.
2023-10-04 17:29:29,326 [main] WARN  server.ServerUtils (ServerUtils.java:getDBPath(311)) - ozone.om.snapshot.diff.db.dir is not configured. We recommend adding this setting. Falling back to ozone.metadata.dirs instead.
2023-10-04 17:29:29,379 [main] INFO  utils.NativeLibraryLoader (NativeLibraryLoader.java:loadLibrary(108)) - Loading Library: ozone_rocksdb_tools
2023-10-04 17:29:29,381 [main] INFO  snapshot.SnapshotDiffManager (SnapshotDiffManager.java:closeExecutorService(1720)) - Shutting down executorService: 'SstDumpToolExecutor'
2023-10-04 17:29:29,463 [main] INFO  om.OzoneManager (OzoneManager.java:addS3GVolumeToDB(4375)) - Created Volume s3v With Owner runner required for S3Gateway operations.
2023-10-04 17:29:29,535 [main] WARN  server.ServerUtils (ServerUtils.java:getDefaultRatisDirectory(323)) - Storage directory for Ratis is not configured. It is a good idea to map this to an SSD disk. Falling back to ozone.metadata.dirs
2023-10-04 17:29:29,535 [main] WARN  utils.OzoneManagerRatisUtils (OzoneManagerRatisUtils.java:getOMRatisSnapshotDirectory(470)) - ozone.om.ratis.snapshot.dir is not configured. Falling back to ozone.metadata.dirs config
2023-10-04 17:29:29,551 [main] WARN  server.ServerUtils (ServerUtils.java:getDefaultRatisDirectory(323)) - Storage directory for Ratis is not configured. It is a good idea to map this to an SSD disk. Falling back to ozone.metadata.dirs
2023-10-04 17:29:29,578 [main] INFO  ratis.OzoneManagerRatisServer (OzoneManagerRatisServer.java:<init>(163)) - Instantiating OM Ratis server with groupID: omServiceIdDefault and peers: localhost:15007
2023-10-04 17:29:29,588 [main] INFO  ratis.OzoneManagerStateMachine (OzoneManagerStateMachine.java:loadSnapshotInfoFromDB(691)) - LastAppliedIndex is set from TransactionInfo from OM DB as (t:0, i:~)
2023-10-04 17:29:29,654 [main] INFO  server.RaftServer (ConfUtils.java:logGet(46)) - raft.rpc.type = GRPC (default)
2023-10-04 17:29:29,665 [main] INFO  grpc.GrpcConfigKeys (ConfUtils.java:logFallback(53)) - raft.grpc.admin.host = null (fallback to raft.grpc.server.host)
2023-10-04 17:29:29,667 [main] INFO  grpc.GrpcConfigKeys (ConfUtils.java:logFallback(53)) - raft.grpc.admin.port = 15007 (fallback to raft.grpc.server.port)
2023-10-04 17:29:29,667 [main] INFO  grpc.GrpcConfigKeys (ConfUtils.java:logFallback(53)) - raft.grpc.client.host = null (fallback to raft.grpc.server.host)
2023-10-04 17:29:29,668 [main] INFO  grpc.GrpcConfigKeys (ConfUtils.java:logFallback(53)) - raft.grpc.client.port = 15007 (fallback to raft.grpc.server.port)
2023-10-04 17:29:29,668 [main] INFO  grpc.GrpcConfigKeys (ConfUtils.java:logGet(46)) - raft.grpc.server.host = null (default)
2023-10-04 17:29:29,668 [main] INFO  grpc.GrpcConfigKeys (ConfUtils.java:logGet(46)) - raft.grpc.server.port = 15007 (custom)
2023-10-04 17:29:29,669 [main] INFO  server.GrpcService (ConfUtils.java:logGet(46)) - raft.grpc.message.size.max = 33554432 (custom)
2023-10-04 17:29:29,670 [main] INFO  server.RaftServerConfigKeys (ConfUtils.java:logGet(46)) - raft.server.log.appender.buffer.byte-limit = 33554432 (custom)
2023-10-04 17:29:29,671 [main] INFO  server.GrpcService (ConfUtils.java:logGet(46)) - raft.grpc.flow.control.window = 1MB (=1048576) (default)
2023-10-04 17:29:29,672 [main] INFO  server.RaftServerConfigKeys (ConfUtils.java:logGet(46)) - raft.server.rpc.request.timeout = 3000ms (default)
2023-10-04 17:29:29,685 [main] INFO  grpc.GrpcConfigKeys (ConfUtils.java:logGet(46)) - raft.grpc.server.heartbeat.channel = true (default)
2023-10-04 17:29:29,688 [main] INFO  grpc.GrpcConfigKeys (ConfUtils.java:logGet(46)) - raft.grpc.server.async.request.thread.pool.cached = true (default)
2023-10-04 17:29:29,688 [main] INFO  grpc.GrpcConfigKeys (ConfUtils.java:logGet(46)) - raft.grpc.server.async.request.thread.pool.size = 32 (default)
2023-10-04 17:29:29,924 [main] INFO  impl.DataStreamServerImpl (ConfUtils.java:logGet(46)) - raft.datastream.type = DISABLED (default)
2023-10-04 17:29:29,927 [main] INFO  server.RaftServerConfigKeys (ConfUtils.java:logGet(46)) - raft.server.threadpool.proxy.cached = true (default)
2023-10-04 17:29:29,928 [main] INFO  server.RaftServerConfigKeys (ConfUtils.java:logGet(46)) - raft.server.threadpool.proxy.size = 0 (default)
2023-10-04 17:29:29,928 [main] INFO  server.RaftServerConfigKeys (ConfUtils.java:logGet(46)) - raft.server.rpc.slowness.timeout = 120s (custom)
2023-10-04 17:29:29,928 [main] INFO  server.RaftServerConfigKeys (ConfUtils.java:logGet(46)) - raft.server.leaderelection.leader.step-down.wait-time = 10s (default)
2023-10-04 17:29:29,930 [main] INFO  server.RaftServerConfigKeys (ConfUtils.java:logGet(46)) - raft.server.storage.dir = [/home/runner/work/ozone/ozone/hadoop-ozone/integration-test/target/test-dir/MiniOzoneClusterImpl-da1d4460-e54b-4a34-859f-b12e99aef92e/ozone-meta/ratis] (custom)
2023-10-04 17:29:29,942 [main] INFO  server.RaftServer (RaftServerProxy.java:addNew(98)) - om1: addNew group-C5BA1605619E:[om1|rpc:localhost:15007|priority:0|startupRole:FOLLOWER] returns group-C5BA1605619E:java.util.concurrent.CompletableFuture@28a186e4[Not completed]
2023-10-04 17:29:29,942 [main] INFO  om.OzoneManager (OzoneManager.java:initializeRatisServer(2146)) - OzoneManager Ratis server initialized at port 15007
2023-10-04 17:29:29,947 [main] INFO  om.OzoneManager (OzoneManager.java:getRpcServer(1199)) - Creating RPC Server
2023-10-04 17:29:30,155 [om1-groupManagement] INFO  server.RaftServer$Division (RaftServerImpl.java:<init>(198)) - om1: new RaftServerImpl for group-C5BA1605619E:[om1|rpc:localhost:15007|priority:0|startupRole:FOLLOWER] with OzoneManagerStateMachine:uninitialized
2023-10-04 17:29:30,156 [om1-groupManagement] INFO  server.RaftServerConfigKeys (ConfUtils.java:logGet(46)) - raft.server.rpc.timeout.min = 1s (custom)
2023-10-04 17:29:30,158 [om1-groupManagement] INFO  server.RaftServerConfigKeys (ConfUtils.java:logGet(46)) - raft.server.rpc.timeout.max = 1200ms (custom)
2023-10-04 17:29:30,158 [om1-groupManagement] INFO  server.RaftServerConfigKeys (ConfUtils.java:logGet(46)) - raft.server.rpc.sleep.time = 25ms (default)
2023-10-04 17:29:30,158 [om1-groupManagement] INFO  server.RaftServerConfigKeys (ConfUtils.java:logGet(46)) - raft.server.rpc.slowness.timeout = 120s (custom)
2023-10-04 17:29:30,158 [om1-groupManagement] INFO  server.RaftServerConfigKeys (ConfUtils.java:logGet(46)) - raft.server.leaderelection.leader.step-down.wait-time = 10s (default)
2023-10-04 17:29:30,158 [om1-groupManagement] INFO  server.RaftServerConfigKeys (ConfUtils.java:logGet(46)) - raft.server.sleep.deviation.threshold = 300ms (default)
2023-10-04 17:29:30,179 [om1-groupManagement] INFO  server.RaftServer$Division (ServerState.java:<init>(120)) - om1@group-C5BA1605619E: ConfigurationManager, init=-1: peers:[om1|rpc:localhost:15007|priority:0|startupRole:FOLLOWER]|listeners:[], old=null, confs=<EMPTY_MAP>
2023-10-04 17:29:30,181 [om1-groupManagement] INFO  server.RaftServerConfigKeys (ConfUtils.java:logGet(46)) - raft.server.storage.dir = [/home/runner/work/ozone/ozone/hadoop-ozone/integration-test/target/test-dir/MiniOzoneClusterImpl-da1d4460-e54b-4a34-859f-b12e99aef92e/ozone-meta/ratis] (custom)
2023-10-04 17:29:30,203 [om1-groupManagement] INFO  server.RaftServerConfigKeys (ConfUtils.java:logGet(46)) - raft.server.log.corruption.policy = EXCEPTION (default)
2023-10-04 17:29:30,204 [om1-groupManagement] INFO  server.RaftServerConfigKeys (ConfUtils.java:logGet(46)) - raft.server.storage.free-space.min = 0MB (=0) (default)
2023-10-04 17:29:30,221 [om1-groupManagement] INFO  server.RaftServerConfigKeys (ConfUtils.java:logGet(46)) - raft.server.notification.no-leader.timeout = 120s (custom)
2023-10-04 17:29:30,229 [om1-groupManagement] INFO  server.RaftServerConfigKeys (ConfUtils.java:logGet(46)) - raft.server.read.timeout = 10s (default)
2023-10-04 17:29:30,237 [om1-groupManagement] INFO  server.RaftServerConfigKeys (ConfUtils.java:logGet(46)) - raft.server.retrycache.expirytime = 300s (custom)
2023-10-04 17:29:30,237 [om1-groupManagement] INFO  server.RaftServerConfigKeys (ConfUtils.java:logGet(46)) - raft.server.retrycache.statistics.expirytime = 100μs (default)
2023-10-04 17:29:30,312 [om1-groupManagement] INFO  server.RaftServerConfigKeys (ConfUtils.java:logGet(46)) - raft.server.read.option = DEFAULT (default)
2023-10-04 17:29:30,375 [om1-groupManagement] INFO  server.RaftServerConfigKeys (ConfUtils.java:logGet(46)) - raft.server.rpc.request.timeout = 3000ms (default)
2023-10-04 17:29:30,397 [om1-groupManagement] INFO  server.RaftServerConfigKeys (ConfUtils.java:logGet(46)) - raft.server.log.appender.install.snapshot.enabled = false (custom)
2023-10-04 17:29:30,398 [om1-groupManagement] INFO  server.RaftServerConfigKeys (ConfUtils.java:logGet(46)) - raft.server.threadpool.server.cached = true (default)
2023-10-04 17:29:30,398 [om1-groupManagement] INFO  server.RaftServerConfigKeys (ConfUtils.java:logGet(46)) - raft.server.threadpool.server.size = 0 (default)
2023-10-04 17:29:30,399 [om1-groupManagement] INFO  server.RaftServerConfigKeys (ConfUtils.java:logGet(46)) - raft.server.threadpool.client.cached = true (default)
2023-10-04 17:29:30,399 [om1-groupManagement] INFO  server.RaftServerConfigKeys (ConfUtils.java:logGet(46)) - raft.server.threadpool.client.size = 0 (default)
2023-10-04 17:29:31,136 [main] INFO  reflections.Reflections (Reflections.java:scan(232)) - Reflections took 901 ms to scan 20 urls, producing 71 keys and 6069 values [using 2 cores]
2023-10-04 17:29:31,366 [main] INFO  ipc.CallQueueManager (CallQueueManager.java:<init>(90)) - Using callQueue: class java.util.concurrent.LinkedBlockingQueue, queueCapacity: 2000, scheduler: class org.apache.hadoop.ipc.DefaultRpcScheduler, ipcBackoff: false.
2023-10-04 17:29:31,367 [main] INFO  ipc.Server (Server.java:<init>(1287)) - Listener at 127.0.0.1:15004
2023-10-04 17:29:31,367 [Socket Reader #1 for port 15004] INFO  ipc.Server (Server.java:run(1323)) - Starting Socket Reader #1 for port 15004
2023-10-04 17:29:31,408 [main] INFO  impl.MetricsSystemImpl (MetricsSystemImpl.java:init(158)) - OzoneManager metrics system started (again)
2023-10-04 17:29:31,422 [main] INFO  om.OzoneManager (OzoneManager.java:start(1636)) - OzoneManager RPC server is listening at localhost/127.0.0.1:15004
2023-10-04 17:29:31,423 [main] INFO  ratis.OzoneManagerRatisServer (OzoneManagerRatisServer.java:start(558)) - Starting OzoneManagerRatisServer om1 at port 15007
2023-10-04 17:29:31,426 [om1-impl-thread1] INFO  storage.RaftStorageDirectory (RaftStorageDirectoryImpl.java:analyzeStorage(137)) - The storage directory /home/runner/work/ozone/ozone/hadoop-ozone/integration-test/target/test-dir/MiniOzoneClusterImpl-da1d4460-e54b-4a34-859f-b12e99aef92e/ozone-meta/ratis/bf265839-605b-3f16-9796-c5ba1605619e does not exist. Creating ...
2023-10-04 17:29:31,430 [om1-impl-thread1] INFO  storage.RaftStorageDirectory (RaftStorageDirectoryImpl.java:tryLock(231)) - Lock on /home/runner/work/ozone/ozone/hadoop-ozone/integration-test/target/test-dir/MiniOzoneClusterImpl-da1d4460-e54b-4a34-859f-b12e99aef92e/ozone-meta/ratis/bf265839-605b-3f16-9796-c5ba1605619e/in_use.lock acquired by nodename 7524@fv-az453-706
2023-10-04 17:29:31,438 [om1-impl-thread1] INFO  storage.RaftStorage (RaftStorageImpl.java:format(96)) - Storage directory /home/runner/work/ozone/ozone/hadoop-ozone/integration-test/target/test-dir/MiniOzoneClusterImpl-da1d4460-e54b-4a34-859f-b12e99aef92e/ozone-meta/ratis/bf265839-605b-3f16-9796-c5ba1605619e has been successfully formatted.
2023-10-04 17:29:31,441 [om1-impl-thread1] INFO  server.RaftServerConfigKeys (ConfUtils.java:logGet(46)) - raft.server.log.use.memory = false (default)
2023-10-04 17:29:31,450 [om1-impl-thread1] INFO  server.RaftServerConfigKeys (ConfUtils.java:logGet(46)) - raft.server.log.purge.gap = 1000000 (custom)
2023-10-04 17:29:31,450 [om1-impl-thread1] INFO  server.RaftServerConfigKeys (ConfUtils.java:logGet(46)) - raft.server.log.appender.buffer.byte-limit = 33554432 (custom)
2023-10-04 17:29:31,452 [om1-impl-thread1] INFO  server.RaftServerConfigKeys (ConfUtils.java:logGet(46)) - raft.server.log.statemachine.data.read.timeout = 1000ms (default)
2023-10-04 17:29:31,453 [om1-impl-thread1] INFO  server.RaftServerConfigKeys (ConfUtils.java:logGet(46)) - raft.server.log.purge.preservation.log.num = 0 (default)
2023-10-04 17:29:31,455 [om1-impl-thread1] INFO  server.RaftServerConfigKeys (ConfUtils.java:logGet(46)) - raft.server.log.segment.size.max = 4194304 (custom)
2023-10-04 17:29:31,462 [om1-impl-thread1] INFO  server.RaftServerConfigKeys (ConfUtils.java:logGet(46)) - raft.server.log.segment.cache.num.max = 2 (custom)
2023-10-04 17:29:31,462 [om1-impl-thread1] INFO  server.RaftServerConfigKeys (ConfUtils.java:logGet(46)) - raft.server.log.segment.cache.size.max = 200MB (=209715200) (default)
2023-10-04 17:29:31,462 [om1-impl-thread1] INFO  server.RaftServerConfigKeys (ConfUtils.java:logGet(46)) - raft.server.log.appender.buffer.byte-limit = 33554432 (custom)
2023-10-04 17:29:31,468 [om1-impl-thread1] INFO  segmented.SegmentedRaftLogWorker (SegmentedRaftLogWorker.java:<init>(188)) - new om1@group-C5BA1605619E-SegmentedRaftLogWorker for RaftStorageImpl:Storage Directory /home/runner/work/ozone/ozone/hadoop-ozone/integration-test/target/test-dir/MiniOzoneClusterImpl-da1d4460-e54b-4a34-859f-b12e99aef92e/ozone-meta/ratis/bf265839-605b-3f16-9796-c5ba1605619e
2023-10-04 17:29:31,468 [om1-impl-thread1] INFO  server.RaftServerConfigKeys (ConfUtils.java:logGet(46)) - raft.server.log.queue.byte-limit = 64MB (=67108864) (default)
2023-10-04 17:29:31,469 [om1-impl-thread1] INFO  server.RaftServerConfigKeys (ConfUtils.java:logGet(46)) - raft.server.log.queue.element-limit = 4096 (default)
2023-10-04 17:29:31,471 [om1-impl-thread1] INFO  server.RaftServerConfigKeys (ConfUtils.java:logGet(46)) - raft.server.log.segment.size.max = 4194304 (custom)
2023-10-04 17:29:31,471 [om1-impl-thread1] INFO  server.RaftServerConfigKeys (ConfUtils.java:logGet(46)) - raft.server.log.preallocated.size = 4194304 (custom)
2023-10-04 17:29:31,472 [om1-impl-thread1] INFO  server.RaftServerConfigKeys (ConfUtils.java:logGet(46)) - raft.server.log.force.sync.num = 128 (default)
2023-10-04 17:29:31,473 [om1-impl-thread1] INFO  server.RaftServerConfigKeys (ConfUtils.java:logGet(46)) - raft.server.log.statemachine.data.sync = true (default)
2023-10-04 17:29:31,474 [om1-impl-thread1] INFO  server.RaftServerConfigKeys (ConfUtils.java:logGet(46)) - raft.server.log.statemachine.data.sync.timeout = 10s (default)
2023-10-04 17:29:31,475 [om1-impl-thread1] INFO  server.RaftServerConfigKeys (ConfUtils.java:logGet(46)) - raft.server.log.statemachine.data.sync.timeout.retry = -1 (default)
2023-10-04 17:29:31,485 [om1-impl-thread1] INFO  server.RaftServerConfigKeys (ConfUtils.java:logGet(46)) - raft.server.log.write.buffer.size = 64KB (=65536) (default)
2023-10-04 17:29:31,485 [om1-impl-thread1] INFO  server.RaftServerConfigKeys (ConfUtils.java:logGet(46)) - raft.server.log.appender.buffer.byte-limit = 33554432 (custom)
2023-10-04 17:29:31,529 [om1-impl-thread1] INFO  server.RaftServerConfigKeys (ConfUtils.java:logGet(46)) - raft.server.log.unsafe-flush.enabled = false (default)
2023-10-04 17:29:31,529 [om1-impl-thread1] INFO  server.RaftServerConfigKeys (ConfUtils.java:logGet(46)) - raft.server.log.async-flush.enabled = false (default)
2023-10-04 17:29:31,532 [om1-impl-thread1] INFO  server.RaftServerConfigKeys (ConfUtils.java:logGet(46)) - raft.server.log.statemachine.data.caching.enabled = false (default)
2023-10-04 17:29:31,543 [om1-impl-thread1] INFO  segmented.SegmentedRaftLogWorker (SegmentedRaftLogWorker.java:lambda$new$0(135)) - om1@group-C5BA1605619E-SegmentedRaftLogWorker: flushIndex: setUnconditionally 0 -> -1
2023-10-04 17:29:31,543 [om1-impl-thread1] INFO  segmented.SegmentedRaftLogWorker (SegmentedRaftLogWorker.java:lambda$new$0(135)) - om1@group-C5BA1605619E-SegmentedRaftLogWorker: safeCacheEvictIndex: setUnconditionally 0 -> -1
2023-10-04 17:29:31,545 [om1-impl-thread1] INFO  server.RaftServer$Division (RaftServerImpl.java:start(342)) - om1@group-C5BA1605619E: start as a follower, conf=-1: peers:[om1|rpc:localhost:15007|priority:0|startupRole:FOLLOWER]|listeners:[], old=null
2023-10-04 17:29:31,550 [om1-impl-thread1] INFO  server.RaftServer$Division (RaftServerImpl.java:setRole(329)) - om1@group-C5BA1605619E: changes role from      null to FOLLOWER at term 0 for startAsFollower
2023-10-04 17:29:31,552 [om1-impl-thread1] INFO  impl.RoleInfo (RoleInfo.java:updateAndGet(139)) - om1: start om1@group-C5BA1605619E-FollowerState
2023-10-04 17:29:31,553 [om1-impl-thread1] INFO  util.JmxRegister (JmxRegister.java:tryRegister(44)) - Successfully registered JMX Bean with object name Ratis:service=RaftServer,group=group-C5BA1605619E,id=om1
2023-10-04 17:29:31,556 [om1-impl-thread1] INFO  server.RaftServerConfigKeys (ConfUtils.java:logGet(46)) - raft.server.snapshot.auto.trigger.enabled = true (custom)
2023-10-04 17:29:31,557 [om1-impl-thread1] INFO  server.RaftServerConfigKeys (ConfUtils.java:logGet(46)) - raft.server.snapshot.auto.trigger.threshold = 400000 (default)
2023-10-04 17:29:31,558 [om1-impl-thread1] INFO  server.RaftServerConfigKeys (ConfUtils.java:logGet(46)) - raft.server.snapshot.retention.file.num = -1 (default)
2023-10-04 17:29:31,559 [om1-impl-thread1] INFO  server.RaftServerConfigKeys (ConfUtils.java:logGet(46)) - raft.server.log.purge.upto.snapshot.index = true (custom)
2023-10-04 17:29:31,561 [om1@group-C5BA1605619E-FollowerState] INFO  server.RaftServerConfigKeys (ConfUtils.java:logFallback(53)) - raft.server.rpc.first-election.timeout.min = 1s (fallback to raft.server.rpc.timeout.min)
2023-10-04 17:29:31,562 [om1@group-C5BA1605619E-FollowerState] INFO  server.RaftServerConfigKeys (ConfUtils.java:logFallback(53)) - raft.server.rpc.first-election.timeout.max = 1200ms (fallback to raft.server.rpc.timeout.max)
2023-10-04 17:29:31,564 [main] INFO  server.RaftServer (RaftServerProxy.java:startImpl(400)) - om1: start RPC server
2023-10-04 17:29:31,617 [main] INFO  server.GrpcService (GrpcService.java:startImpl(302)) - om1: GrpcService started, listening on 15007
2023-10-04 17:29:31,622 [main] INFO  om.OzoneManager (OzoneManager.java:start(1652)) - Version File has different layout version (6) than OM DB (null). That is expected if this OM has never been finalized to a newer layout version.
2023-10-04 17:29:31,628 [JvmPauseMonitor1] INFO  util.JvmPauseMonitor (JvmPauseMonitor.java:run(103)) - JvmPauseMonitor-om1: Started
2023-10-04 17:29:31,658 [main] INFO  http.BaseHttpServer (BaseHttpServer.java:newHttpServer2BuilderForOzone(223)) - Starting Web-server for ozoneManager at: http://0.0.0.0:15005
2023-10-04 17:29:31,658 [main] INFO  http.BaseHttpServer (BaseHttpServer.java:<init>(110)) - Hadoop Security Enabled: false Ozone Security Enabled: false Ozone HTTP Security Enabled: false 
2023-10-04 17:29:31,660 [main] WARN  server.AuthenticationFilter (AuthenticationFilter.java:constructSecretProvider(240)) - Unable to initialize FileSignerSecretProvider, falling back to use random secrets. Reason: Could not read signature secret file: /home/runner/hadoop-http-auth-signature-secret
2023-10-04 17:29:31,662 [main] INFO  http.HttpRequestLog (HttpRequestLog.java:getRequestLog(86)) - Http request log for http.requests.ozoneManager is not defined
2023-10-04 17:29:31,664 [main] INFO  http.HttpServer2 (HttpServer2.java:addGlobalFilter(1031)) - Added global filter 'safety' (class=org.apache.hadoop.hdds.server.http.HttpServer2$QuotingInputFilter)
2023-10-04 17:29:31,665 [main] INFO  http.HttpServer2 (HttpServer2.java:addFilter(1007)) - Added filter static_user_filter (class=org.apache.hadoop.http.lib.StaticUserWebFilter$StaticUserFilter) to context ozoneManager
2023-10-04 17:29:31,665 [main] INFO  http.HttpServer2 (HttpServer2.java:addFilter(1015)) - Added filter static_user_filter (class=org.apache.hadoop.http.lib.StaticUserWebFilter$StaticUserFilter) to context static
2023-10-04 17:29:31,665 [main] INFO  http.HttpServer2 (HttpServer2.java:addFilter(1015)) - Added filter static_user_filter (class=org.apache.hadoop.http.lib.StaticUserWebFilter$StaticUserFilter) to context logs
2023-10-04 17:29:31,666 [main] INFO  http.BaseHttpServer (BaseHttpServer.java:<init>(189)) - HTTP server of ozoneManager uses base directory /home/runner/work/ozone/ozone/hadoop-ozone/integration-test/target/test-dir/MiniOzoneClusterImpl-da1d4460-e54b-4a34-859f-b12e99aef92e/ozone-meta/webserver
2023-10-04 17:29:31,669 [main] INFO  http.HttpServer2 (HttpServer2.java:bindListener(1231)) - Jetty bound to port 15005
2023-10-04 17:29:31,669 [main] INFO  server.Server (Server.java:doStart(375)) - jetty-9.4.52.v20230823; built: 2023-08-23T19:29:37.669Z; git: abdcda73818a1a2c705da276edb0bf6581e7997e; jvm 1.8.0_382-b05
2023-10-04 17:29:31,672 [main] INFO  server.session (DefaultSessionIdManager.java:doStart(334)) - DefaultSessionIdManager workerName=node0
2023-10-04 17:29:31,672 [main] INFO  server.session (DefaultSessionIdManager.java:doStart(339)) - No SessionScavenger set, using defaults
2023-10-04 17:29:31,672 [main] INFO  server.session (HouseKeeper.java:startScavenging(132)) - node0 Scavenging every 660000ms
2023-10-04 17:29:31,673 [main] INFO  handler.ContextHandler (ContextHandler.java:doStart(921)) - Started o.e.j.s.ServletContextHandler@7cf8fb4b{logs,/logs,file:///home/runner/work/ozone/ozone/hadoop-ozone/integration-test/target/log,AVAILABLE}
2023-10-04 17:29:31,674 [main] INFO  handler.ContextHandler (ContextHandler.java:doStart(921)) - Started o.e.j.s.ServletContextHandler@367d620d{static,/static,file:///home/runner/work/ozone/ozone/hadoop-ozone/integration-test/target/test-classes/webapps/static,AVAILABLE}
2023-10-04 17:29:31,678 [main] INFO  handler.ContextHandler (ContextHandler.java:doStart(921)) - Started o.e.j.w.WebAppContext@3a49c558{ozoneManager,/,file:///home/runner/work/ozone/ozone/hadoop-ozone/integration-test/target/test-classes/webapps/ozoneManager/,AVAILABLE}{file:/home/runner/work/ozone/ozone/hadoop-ozone/integration-test/target/test-classes/webapps/ozoneManager}
2023-10-04 17:29:31,679 [main] INFO  server.AbstractConnector (AbstractConnector.java:doStart(333)) - Started ServerConnector@6c027ab7{HTTP/1.1, (http/1.1)}{0.0.0.0:15005}
2023-10-04 17:29:31,679 [main] INFO  server.Server (Server.java:doStart(415)) - Started @8925ms
2023-10-04 17:29:31,680 [main] WARN  impl.MetricsSystemImpl (MetricsSystemImpl.java:register(279)) - Sink prometheus already exists!
2023-10-04 17:29:31,680 [main] INFO  http.BaseHttpServer (BaseHttpServer.java:updateConnectorAddress(354)) - HTTP server of ozoneManager listening at http://0.0.0.0:15005
2023-10-04 17:29:31,681 [IPC Server Responder] INFO  ipc.Server (Server.java:run(1562)) - IPC Server Responder: starting
2023-10-04 17:29:31,681 [IPC Server listener on 15004] INFO  ipc.Server (Server.java:run(1402)) - IPC Server listener on 15004: starting
2023-10-04 17:29:31,724 [main] INFO  om.TrashPolicyOzone (TrashPolicyOzone.java:<init>(281)) - Ozone Manager trash configuration: Deletion interval = 0 minutes, Emptier interval = 0 minutes.
2023-10-04 17:29:31,864 [main] INFO  db.CodecBuffer (CodecBuffer.java:set(60)) - Successfully set constructor to org.apache.hadoop.hdds.utils.db.CodecBuffer$$Lambda$788/1034417982@3755b8da
2023-10-04 17:29:31,864 [main] WARN  impl.MetricRegistriesImpl (MetricRegistriesImpl.java:addReporterRegistration(111)) - New reporters are added after registries were created. Some metrics will be missing from the reporter. Please add reporter before adding any new registry.
2023-10-04 17:29:31,865 [main] WARN  impl.MetricRegistriesImpl (MetricRegistriesImpl.java:addReporterRegistration(111)) - New reporters are added after registries were created. Some metrics will be missing from the reporter. Please add reporter before adding any new registry.
2023-10-04 17:29:31,865 [main] INFO  impl.MetricsSystemImpl (MetricsSystemImpl.java:init(158)) - HddsDatanode metrics system started (again)
2023-10-04 17:29:31,886 [main] INFO  ozone.HddsDatanodeService (HddsDatanodeService.java:start(237)) - HddsDatanodeService host:fv-az453-706.hss2zji4abbufegd5wcf2so25h.dx.internal.cloudapp.net ip:10.1.0.20
2023-10-04 17:29:31,929 [main] INFO  upgrade.AbstractLayoutVersionManager (AbstractLayoutVersionManager.java:init(83)) - Initializing Layout version manager with metadata layout = HADOOP_PRC_PORTS_IN_DATANODEDETAILS (version = 7), software layout = HADOOP_PRC_PORTS_IN_DATANODEDETAILS (version = 7)
2023-10-04 17:29:31,932 [main] INFO  statemachine.DatanodeStateMachine (DatanodeStateMachine.java:getEndPointTaskThreadPoolSize(283)) - Datanode State Machine Task Thread Pool size 2
2023-10-04 17:29:31,994 [main] INFO  volume.HddsVolume (HddsVolume.java:<init>(126)) - Creating HddsVolume: /home/runner/work/ozone/ozone/hadoop-ozone/integration-test/target/test-dir/MiniOzoneClusterImpl-da1d4460-e54b-4a34-859f-b12e99aef92e/datanode-0/data-0/containers/hdds of storage type : DISK capacity : 9223372036854775807
2023-10-04 17:29:31,997 [main] INFO  volume.MutableVolumeSet (MutableVolumeSet.java:initializeVolumeSet(173)) - Added Volume : /home/runner/work/ozone/ozone/hadoop-ozone/integration-test/target/test-dir/MiniOzoneClusterImpl-da1d4460-e54b-4a34-859f-b12e99aef92e/datanode-0/data-0/containers/hdds to VolumeSet
2023-10-04 17:29:32,001 [main] INFO  volume.MutableVolumeSet (MutableVolumeSet.java:initializeVolumeSet(173)) - Added Volume : /home/runner/work/ozone/ozone/hadoop-ozone/integration-test/target/test-dir/MiniOzoneClusterImpl-da1d4460-e54b-4a34-859f-b12e99aef92e/datanode-0/data/ratis to VolumeSet
2023-10-04 17:29:32,017 [Thread-141] INFO  ozoneimpl.ContainerReader (ContainerReader.java:readVolume(177)) - Finish verifying containers on volume /home/runner/work/ozone/ozone/hadoop-ozone/integration-test/target/test-dir/MiniOzoneClusterImpl-da1d4460-e54b-4a34-859f-b12e99aef92e/datanode-0/data-0/containers/hdds
2023-10-04 17:29:32,018 [main] INFO  ozoneimpl.OzoneContainer (OzoneContainer.java:buildContainerSet(314)) - Build ContainerSet costs 0s
2023-10-04 17:29:32,080 [main] INFO  audit.AuditLogger (AuditLogger.java:refreshDebugCmdSet(126)) - Refresh DebugCmdSet for DNAudit to [].
2023-10-04 17:29:32,114 [main] INFO  server.RaftServer (ConfUtils.java:logGet(46)) - raft.rpc.type = GRPC (default)
2023-10-04 17:29:32,118 [main] INFO  grpc.GrpcConfigKeys (ConfUtils.java:logFallback(53)) - raft.grpc.admin.host = null (fallback to raft.grpc.server.host)
2023-10-04 17:29:32,118 [main] INFO  grpc.GrpcConfigKeys (ConfUtils.java:logGet(46)) - raft.grpc.admin.port = 15013 (custom)
2023-10-04 17:29:32,123 [main] INFO  grpc.GrpcConfigKeys (ConfUtils.java:logFallback(53)) - raft.grpc.client.host = null (fallback to raft.grpc.server.host)
2023-10-04 17:29:32,124 [main] INFO  grpc.GrpcConfigKeys (ConfUtils.java:logGet(46)) - raft.grpc.client.port = 15012 (custom)
2023-10-04 17:29:32,124 [main] INFO  grpc.GrpcConfigKeys (ConfUtils.java:logGet(46)) - raft.grpc.server.host = null (default)
2023-10-04 17:29:32,125 [main] INFO  grpc.GrpcConfigKeys (ConfUtils.java:logGet(46)) - raft.grpc.server.port = 15014 (custom)
2023-10-04 17:29:32,125 [main] INFO  server.GrpcService (ConfUtils.java:logGet(46)) - raft.grpc.message.size.max = 32MB (=33554432) (custom)
2023-10-04 17:29:32,125 [main] INFO  server.RaftServerConfigKeys (ConfUtils.java:logGet(46)) - raft.server.log.appender.buffer.byte-limit = 33554432 (custom)
2023-10-04 17:29:32,125 [main] INFO  server.GrpcService (ConfUtils.java:logGet(46)) - raft.grpc.flow.control.window = 5MB (=5242880) (custom)
2023-10-04 17:29:32,125 [main] INFO  server.RaftServerConfigKeys (ConfUtils.java:logGet(46)) - raft.server.rpc.request.timeout = 60s (custom)
2023-10-04 17:29:32,126 [main] INFO  grpc.GrpcConfigKeys (ConfUtils.java:logGet(46)) - raft.grpc.server.heartbeat.channel = true (default)
2023-10-04 17:29:32,126 [main] INFO  grpc.GrpcConfigKeys (ConfUtils.java:logGet(46)) - raft.grpc.server.async.request.thread.pool.cached = true (default)
2023-10-04 17:29:32,126 [main] INFO  grpc.GrpcConfigKeys (ConfUtils.java:logGet(46)) - raft.grpc.server.async.request.thread.pool.size = 32 (default)
2023-10-04 17:29:32,129 [main] INFO  impl.DataStreamServerImpl (ConfUtils.java:logGet(46)) - raft.datastream.type = NETTY (custom)
2023-10-04 17:29:32,141 [main] INFO  server.RaftServerConfigKeys (ConfUtils.java:logGet(46)) - raft.server.data-stream.async.request.thread.pool.cached = false (default)
2023-10-04 17:29:32,141 [main] INFO  server.RaftServerConfigKeys (ConfUtils.java:logGet(46)) - raft.server.data-stream.async.request.thread.pool.size = 20 (custom)
2023-10-04 17:29:32,142 [main] INFO  server.RaftServerConfigKeys (ConfUtils.java:logGet(46)) - raft.server.data-stream.async.write.thread.pool.size = 16 (default)
2023-10-04 17:29:32,143 [main] INFO  server.RaftServerConfigKeys (ConfUtils.java:logGet(46)) - raft.server.data-stream.client.pool.size = 10 (default)
2023-10-04 17:29:32,146 [main] INFO  netty.NettyConfigKeys$DataStream (ConfUtils.java:logGet(46)) - raft.netty.dataStream.server.use-epoll = false (default)
2023-10-04 17:29:32,146 [main] INFO  netty.NettyConfigKeys$DataStream (ConfUtils.java:logGet(46)) - raft.netty.dataStream.server.boss-group.size = 0 (default)
2023-10-04 17:29:32,154 [main] INFO  netty.NettyConfigKeys$DataStream (ConfUtils.java:logGet(46)) - raft.netty.dataStream.server.worker-group.size = 0 (default)
2023-10-04 17:29:32,170 [main] INFO  netty.NettyConfigKeys$DataStream (ConfUtils.java:logGet(46)) - raft.netty.dataStream.server.tls.conf = null (default)
2023-10-04 17:29:32,172 [main] INFO  netty.NettyConfigKeys$DataStream (ConfUtils.java:logGet(46)) - raft.netty.dataStream.host = null (default)
2023-10-04 17:29:32,173 [main] INFO  netty.NettyConfigKeys$DataStream (ConfUtils.java:logGet(46)) - raft.netty.dataStream.port = 15015 (custom)
2023-10-04 17:29:32,182 [main] INFO  server.RaftServerConfigKeys (ConfUtils.java:logGet(46)) - raft.server.threadpool.proxy.cached = true (default)
2023-10-04 17:29:32,182 [main] INFO  server.RaftServerConfigKeys (ConfUtils.java:logGet(46)) - raft.server.threadpool.proxy.size = 0 (default)
2023-10-04 17:29:32,182 [main] INFO  server.RaftServerConfigKeys (ConfUtils.java:logGet(46)) - raft.server.rpc.slowness.timeout = 300s (custom)
2023-10-04 17:29:32,182 [main] INFO  server.RaftServerConfigKeys (ConfUtils.java:logGet(46)) - raft.server.leaderelection.leader.step-down.wait-time = 10s (default)
2023-10-04 17:29:32,183 [main] INFO  server.RaftServerConfigKeys (ConfUtils.java:logGet(46)) - raft.server.storage.dir = [/home/runner/work/ozone/ozone/hadoop-ozone/integration-test/target/test-dir/MiniOzoneClusterImpl-da1d4460-e54b-4a34-859f-b12e99aef92e/datanode-0/data/ratis] (custom)
2023-10-04 17:29:32,187 [3f00e8f6-b1cf-4c66-adc6-49812d80e8b8-impl-thread1] INFO  server.RaftServer (RaftServerProxy.java:initGroupDir(258)) - 3f00e8f6-b1cf-4c66-adc6-49812d80e8b8: found a subdirectory /home/runner/work/ozone/ozone/hadoop-ozone/integration-test/target/test-dir/MiniOzoneClusterImpl-da1d4460-e54b-4a34-859f-b12e99aef92e/datanode-0/data/ratis/tmp
2023-10-04 17:29:32,191 [3f00e8f6-b1cf-4c66-adc6-49812d80e8b8-impl-thread1] INFO  server.RaftServer (RaftServerProxy.java:initGroupDir(263)) - 3f00e8f6-b1cf-4c66-adc6-49812d80e8b8: The directory /home/runner/work/ozone/ozone/hadoop-ozone/integration-test/target/test-dir/MiniOzoneClusterImpl-da1d4460-e54b-4a34-859f-b12e99aef92e/datanode-0/data/ratis/tmp is not a group directory; ignoring it. 
2023-10-04 17:29:32,194 [main] INFO  replication.ReplicationServer (ReplicationServer.java:<init>(83)) - Initializing replication server with thread count = 10 queue length = 4096
2023-10-04 17:29:32,207 [3f00e8f6-b1cf-4c66-adc6-49812d80e8b8-NettyServerStreamRpc-bossGroup--thread1] INFO  logging.LoggingHandler (AbstractInternalLogger.java:log(148)) - [id: 0x94e8aeab] REGISTERED
2023-10-04 17:29:32,207 [3f00e8f6-b1cf-4c66-adc6-49812d80e8b8-NettyServerStreamRpc-bossGroup--thread1] INFO  logging.LoggingHandler (AbstractInternalLogger.java:log(148)) - [id: 0x94e8aeab] BIND: 0.0.0.0/0.0.0.0:15015
2023-10-04 17:29:32,209 [3f00e8f6-b1cf-4c66-adc6-49812d80e8b8-NettyServerStreamRpc-bossGroup--thread1] INFO  logging.LoggingHandler (AbstractInternalLogger.java:log(148)) - [id: 0x94e8aeab, L:/0:0:0:0:0:0:0:0:15015] ACTIVE
2023-10-04 17:29:32,220 [main] INFO  server.XceiverServerGrpc (XceiverServerGrpc.java:<init>(132)) - GrpcServer channel type EpollServerSocketChannel
2023-10-04 17:29:32,271 [main] INFO  replication.ReplicationSupervisor (ReplicationSupervisor.java:build(155)) - Initializing replication supervisor with thread count = 10
2023-10-04 17:29:32,272 [main] INFO  replication.ReplicationSupervisor (ReplicationSupervisor.java:nodeStateUpdated(307)) - Node state updated to IN_SERVICE, scaling executor pool size to 10
2023-10-04 17:29:32,331 [main] INFO  http.BaseHttpServer (BaseHttpServer.java:newHttpServer2BuilderForOzone(223)) - Starting Web-server for hddsDatanode at: http://0.0.0.0:15009
2023-10-04 17:29:32,331 [main] INFO  http.BaseHttpServer (BaseHttpServer.java:<init>(110)) - Hadoop Security Enabled: false Ozone Security Enabled: false Ozone HTTP Security Enabled: false 
2023-10-04 17:29:32,333 [main] WARN  server.AuthenticationFilter (AuthenticationFilter.java:constructSecretProvider(240)) - Unable to initialize FileSignerSecretProvider, falling back to use random secrets. Reason: Could not read signature secret file: /home/runner/hadoop-http-auth-signature-secret
2023-10-04 17:29:32,334 [main] INFO  http.HttpRequestLog (HttpRequestLog.java:getRequestLog(86)) - Http request log for http.requests.hddsDatanode is not defined
2023-10-04 17:29:32,336 [main] INFO  http.HttpServer2 (HttpServer2.java:addGlobalFilter(1031)) - Added global filter 'safety' (class=org.apache.hadoop.hdds.server.http.HttpServer2$QuotingInputFilter)
2023-10-04 17:29:32,336 [main] INFO  http.HttpServer2 (HttpServer2.java:addFilter(1007)) - Added filter static_user_filter (class=org.apache.hadoop.http.lib.StaticUserWebFilter$StaticUserFilter) to context hddsDatanode
2023-10-04 17:29:32,337 [main] INFO  http.HttpServer2 (HttpServer2.java:addFilter(1015)) - Added filter static_user_filter (class=org.apache.hadoop.http.lib.StaticUserWebFilter$StaticUserFilter) to context logs
2023-10-04 17:29:32,337 [main] INFO  http.HttpServer2 (HttpServer2.java:addFilter(1015)) - Added filter static_user_filter (class=org.apache.hadoop.http.lib.StaticUserWebFilter$StaticUserFilter) to context static
2023-10-04 17:29:32,339 [main] INFO  http.BaseHttpServer (BaseHttpServer.java:<init>(189)) - HTTP server of hddsDatanode uses base directory /home/runner/work/ozone/ozone/hadoop-ozone/integration-test/target/test-dir/MiniOzoneClusterImpl-da1d4460-e54b-4a34-859f-b12e99aef92e/datanode-0/meta/webserver
2023-10-04 17:29:32,339 [main] INFO  http.HttpServer2 (HttpServer2.java:bindListener(1231)) - Jetty bound to port 15009
2023-10-04 17:29:32,339 [main] INFO  server.Server (Server.java:doStart(375)) - jetty-9.4.52.v20230823; built: 2023-08-23T19:29:37.669Z; git: abdcda73818a1a2c705da276edb0bf6581e7997e; jvm 1.8.0_382-b05
2023-10-04 17:29:32,341 [main] INFO  server.session (DefaultSessionIdManager.java:doStart(334)) - DefaultSessionIdManager workerName=node0
2023-10-04 17:29:32,342 [main] INFO  server.session (DefaultSessionIdManager.java:doStart(339)) - No SessionScavenger set, using defaults
2023-10-04 17:29:32,342 [main] INFO  server.session (HouseKeeper.java:startScavenging(132)) - node0 Scavenging every 660000ms
2023-10-04 17:29:32,343 [main] INFO  handler.ContextHandler (ContextHandler.java:doStart(921)) - Started o.e.j.s.ServletContextHandler@54e324d1{logs,/logs,file:///home/runner/work/ozone/ozone/hadoop-ozone/integration-test/target/log,AVAILABLE}
2023-10-04 17:29:32,343 [main] INFO  handler.ContextHandler (ContextHandler.java:doStart(921)) - Started o.e.j.s.ServletContextHandler@788a2594{static,/static,jar:file:/home/runner/.m2/repository/org/apache/ozone/hdds-container-service/1.4.0-SNAPSHOT/hdds-container-service-1.4.0-SNAPSHOT.jar!/webapps/static,AVAILABLE}
2023-10-04 17:29:32,622 [main] INFO  handler.ContextHandler (ContextHandler.java:doStart(921)) - Started o.e.j.w.WebAppContext@60c1370f{hddsDatanode,/,file:///home/runner/work/ozone/ozone/hadoop-ozone/integration-test/target/test-dir/MiniOzoneClusterImpl-da1d4460-e54b-4a34-859f-b12e99aef92e/datanode-0/meta/webserver/jetty-0_0_0_0-15009-hdds-container-service-1_4_0-SNAPSHOT_jar-_-any-2037844698493114655/webapp/,AVAILABLE}{jar:file:/home/runner/.m2/repository/org/apache/ozone/hdds-container-service/1.4.0-SNAPSHOT/hdds-container-service-1.4.0-SNAPSHOT.jar!/webapps/hddsDatanode}
2023-10-04 17:29:32,623 [main] INFO  server.AbstractConnector (AbstractConnector.java:doStart(333)) - Started ServerConnector@12c25f3{HTTP/1.1, (http/1.1)}{0.0.0.0:15009}
2023-10-04 17:29:32,624 [main] INFO  server.Server (Server.java:doStart(415)) - Started @9869ms
2023-10-04 17:29:32,624 [main] WARN  impl.MetricsSystemImpl (MetricsSystemImpl.java:register(279)) - Sink prometheus already exists!
2023-10-04 17:29:32,625 [main] INFO  http.BaseHttpServer (BaseHttpServer.java:updateConnectorAddress(354)) - HTTP server of hddsDatanode listening at http://0.0.0.0:15009
2023-10-04 17:29:32,629 [main] INFO  ipc.CallQueueManager (CallQueueManager.java:<init>(90)) - Using callQueue: class java.util.concurrent.LinkedBlockingQueue, queueCapacity: 100, scheduler: class org.apache.hadoop.ipc.DefaultRpcScheduler, ipcBackoff: false.
2023-10-04 17:29:32,630 [main] INFO  ipc.Server (Server.java:<init>(1287)) - Listener at 0.0.0.0:15010
2023-10-04 17:29:32,630 [Socket Reader #1 for port 15010] INFO  ipc.Server (Server.java:run(1323)) - Starting Socket Reader #1 for port 15010
2023-10-04 17:29:32,638 [main] INFO  ozone.HddsDatanodeService (HddsDatanodeService.java:start(315)) - Datanode start with admins: [runner]
2023-10-04 17:29:32,637 [om1@group-C5BA1605619E-FollowerState] INFO  impl.FollowerState (FollowerState.java:run(143)) - om1@group-C5BA1605619E-FollowerState: change to CANDIDATE, lastRpcElapsedTime:1085641983ns, electionTimeout:1074ms
2023-10-04 17:29:32,642 [main] INFO  ozone.HddsDatanodeClientProtocolServer (HddsDatanodeClientProtocolServer.java:start(72)) - RPC server for Client /0.0.0.0:15010
2023-10-04 17:29:32,643 [IPC Server Responder] INFO  ipc.Server (Server.java:run(1562)) - IPC Server Responder: starting
2023-10-04 17:29:32,643 [IPC Server listener on 15010] INFO  ipc.Server (Server.java:run(1402)) - IPC Server listener on 15010: starting
2023-10-04 17:29:32,647 [main] WARN  impl.MetricRegistriesImpl (MetricRegistriesImpl.java:addReporterRegistration(111)) - New reporters are added after registries were created. Some metrics will be missing from the reporter. Please add reporter before adding any new registry.
2023-10-04 17:29:32,647 [main] WARN  impl.MetricRegistriesImpl (MetricRegistriesImpl.java:addReporterRegistration(111)) - New reporters are added after registries were created. Some metrics will be missing from the reporter. Please add reporter before adding any new registry.
2023-10-04 17:29:32,647 [main] INFO  impl.MetricsSystemImpl (MetricsSystemImpl.java:init(158)) - HddsDatanode metrics system started (again)
2023-10-04 17:29:32,644 [om1@group-C5BA1605619E-FollowerState] INFO  impl.RoleInfo (RoleInfo.java:shutdownFollowerState(110)) - om1: shutdown om1@group-C5BA1605619E-FollowerState
2023-10-04 17:29:32,658 [om1@group-C5BA1605619E-FollowerState] INFO  server.RaftServer$Division (RaftServerImpl.java:setRole(329)) - om1@group-C5BA1605619E: changes role from  FOLLOWER to CANDIDATE at term 0 for changeToCandidate
2023-10-04 17:29:32,661 [om1@group-C5BA1605619E-FollowerState] INFO  server.RaftServerConfigKeys (ConfUtils.java:logGet(46)) - raft.server.leaderelection.pre-vote = true (default)
2023-10-04 17:29:32,661 [om1@group-C5BA1605619E-FollowerState] INFO  impl.RoleInfo (RoleInfo.java:updateAndGet(139)) - om1: start om1@group-C5BA1605619E-LeaderElection1
2023-10-04 17:29:32,666 [main] INFO  ozone.HddsDatanodeService (HddsDatanodeService.java:start(237)) - HddsDatanodeService host:fv-az453-706.hss2zji4abbufegd5wcf2so25h.dx.internal.cloudapp.net ip:10.1.0.20
2023-10-04 17:29:32,663 [Datanode State Machine Daemon Thread] INFO  statemachine.DatanodeStateMachine (DatanodeStateMachine.java:lambda$startDaemon$0(539)) - Ozone container server started.
2023-10-04 17:29:32,674 [om1@group-C5BA1605619E-LeaderElection1] INFO  impl.LeaderElection (LeaderElection.java:askForVotes(321)) - om1@group-C5BA1605619E-LeaderElection1 PRE_VOTE round 0: submit vote requests at term 0 for -1: peers:[om1|rpc:localhost:15007|priority:0|startupRole:FOLLOWER]|listeners:[], old=null
2023-10-04 17:29:32,675 [om1@group-C5BA1605619E-LeaderElection1] INFO  impl.LeaderElection (LeaderElection.java:askForVotes(323)) - om1@group-C5BA1605619E-LeaderElection1 PRE_VOTE round 0: result PASSED (term=0)
2023-10-04 17:29:32,678 [om1@group-C5BA1605619E-LeaderElection1] INFO  impl.LeaderElection (LeaderElection.java:askForVotes(321)) - om1@group-C5BA1605619E-LeaderElection1 ELECTION round 0: submit vote requests at term 1 for -1: peers:[om1|rpc:localhost:15007|priority:0|startupRole:FOLLOWER]|listeners:[], old=null
2023-10-04 17:29:32,678 [om1@group-C5BA1605619E-LeaderElection1] INFO  impl.LeaderElection (LeaderElection.java:askForVotes(323)) - om1@group-C5BA1605619E-LeaderElection1 ELECTION round 0: result PASSED (term=1)
2023-10-04 17:29:32,678 [om1@group-C5BA1605619E-LeaderElection1] INFO  impl.RoleInfo (RoleInfo.java:shutdownLeaderElection(130)) - om1: shutdown om1@group-C5BA1605619E-LeaderElection1
2023-10-04 17:29:32,679 [om1@group-C5BA1605619E-LeaderElection1] INFO  server.RaftServer$Division (RaftServerImpl.java:setRole(329)) - om1@group-C5BA1605619E: changes role from CANDIDATE to LEADER at term 1 for changeToLeader
2023-10-04 17:29:32,681 [om1@group-C5BA1605619E-LeaderElection1] INFO  server.RaftServer$Division (ServerState.java:setLeader(317)) - om1@group-C5BA1605619E: change Leader from null to om1 at term 1 for becomeLeader, leader elected after 2458ms
2023-10-04 17:29:32,690 [om1@group-C5BA1605619E-LeaderElection1] INFO  server.RaftServerConfigKeys (ConfUtils.java:logGet(46)) - raft.server.staging.catchup.gap = 1000 (default)
2023-10-04 17:29:32,700 [om1@group-C5BA1605619E-LeaderElection1] INFO  server.RaftServerConfigKeys (ConfUtils.java:logGet(46)) - raft.server.write.element-limit = 4096 (default)
2023-10-04 17:29:32,701 [om1@group-C5BA1605619E-LeaderElection1] INFO  server.RaftServerConfigKeys (ConfUtils.java:logGet(46)) - raft.server.write.byte-limit = 64MB (=67108864) (default)
2023-10-04 17:29:32,709 [om1@group-C5BA1605619E-LeaderElection1] INFO  server.RaftServerConfigKeys (ConfUtils.java:logGet(46)) - raft.server.watch.timeout = 10s (default)
2023-10-04 17:29:32,709 [om1@group-C5BA1605619E-LeaderElection1] INFO  server.RaftServerConfigKeys (ConfUtils.java:logGet(46)) - raft.server.watch.timeout.denomination = 1s (default)
2023-10-04 17:29:32,712 [om1@group-C5BA1605619E-LeaderElection1] INFO  server.RaftServerConfigKeys (ConfUtils.java:logGet(46)) - raft.server.watch.element-limit = 65536 (default)
2023-10-04 17:29:32,717 [om1@group-C5BA1605619E-LeaderElection1] INFO  server.RaftServerConfigKeys (ConfUtils.java:logGet(46)) - raft.server.write.element-limit = 4096 (default)
2023-10-04 17:29:32,723 [om1@group-C5BA1605619E-LeaderElection1] INFO  server.RaftServerConfigKeys (ConfUtils.java:logGet(46)) - raft.server.write.follower.gap.ratio.max = -1.0 (default)
2023-10-04 17:29:32,730 [om1@group-C5BA1605619E-LeaderElection1] INFO  impl.RoleInfo (RoleInfo.java:updateAndGet(139)) - om1: start om1@group-C5BA1605619E-LeaderStateImpl
2023-10-04 17:29:32,731 [main] INFO  upgrade.AbstractLayoutVersionManager (AbstractLayoutVersionManager.java:init(83)) - Initializing Layout version manager with metadata layout = HADOOP_PRC_PORTS_IN_DATANODEDETAILS (version = 7), software layout = HADOOP_PRC_PORTS_IN_DATANODEDETAILS (version = 7)
2023-10-04 17:29:32,732 [main] INFO  statemachine.DatanodeStateMachine (DatanodeStateMachine.java:getEndPointTaskThreadPoolSize(283)) - Datanode State Machine Task Thread Pool size 2
2023-10-04 17:29:32,735 [main] INFO  volume.HddsVolume (HddsVolume.java:<init>(126)) - Creating HddsVolume: /home/runner/work/ozone/ozone/hadoop-ozone/integration-test/target/test-dir/MiniOzoneClusterImpl-da1d4460-e54b-4a34-859f-b12e99aef92e/datanode-1/data-0/containers/hdds of storage type : DISK capacity : 9223372036854775807
2023-10-04 17:29:32,735 [main] INFO  volume.MutableVolumeSet (MutableVolumeSet.java:initializeVolumeSet(173)) - Added Volume : /home/runner/work/ozone/ozone/hadoop-ozone/integration-test/target/test-dir/MiniOzoneClusterImpl-da1d4460-e54b-4a34-859f-b12e99aef92e/datanode-1/data-0/containers/hdds to VolumeSet
2023-10-04 17:29:32,737 [main] INFO  volume.MutableVolumeSet (MutableVolumeSet.java:initializeVolumeSet(173)) - Added Volume : /home/runner/work/ozone/ozone/hadoop-ozone/integration-test/target/test-dir/MiniOzoneClusterImpl-da1d4460-e54b-4a34-859f-b12e99aef92e/datanode-1/data/ratis to VolumeSet
2023-10-04 17:29:32,750 [Thread-160] INFO  ozoneimpl.ContainerReader (ContainerReader.java:readVolume(177)) - Finish verifying containers on volume /home/runner/work/ozone/ozone/hadoop-ozone/integration-test/target/test-dir/MiniOzoneClusterImpl-da1d4460-e54b-4a34-859f-b12e99aef92e/datanode-1/data-0/containers/hdds
2023-10-04 17:29:32,752 [main] INFO  ozoneimpl.OzoneContainer (OzoneContainer.java:buildContainerSet(314)) - Build ContainerSet costs 0s
2023-10-04 17:29:32,755 [main] INFO  server.RaftServer (ConfUtils.java:logGet(46)) - raft.rpc.type = GRPC (default)
2023-10-04 17:29:32,756 [main] INFO  grpc.GrpcConfigKeys (ConfUtils.java:logFallback(53)) - raft.grpc.admin.host = null (fallback to raft.grpc.server.host)
2023-10-04 17:29:32,756 [main] INFO  grpc.GrpcConfigKeys (ConfUtils.java:logGet(46)) - raft.grpc.admin.port = 15022 (custom)
2023-10-04 17:29:32,756 [main] INFO  grpc.GrpcConfigKeys (ConfUtils.java:logFallback(53)) - raft.grpc.client.host = null (fallback to raft.grpc.server.host)
2023-10-04 17:29:32,756 [main] INFO  grpc.GrpcConfigKeys (ConfUtils.java:logGet(46)) - raft.grpc.client.port = 15021 (custom)
2023-10-04 17:29:32,756 [main] INFO  grpc.GrpcConfigKeys (ConfUtils.java:logGet(46)) - raft.grpc.server.host = null (default)
2023-10-04 17:29:32,756 [main] INFO  grpc.GrpcConfigKeys (ConfUtils.java:logGet(46)) - raft.grpc.server.port = 15023 (custom)
2023-10-04 17:29:32,757 [main] INFO  server.GrpcService (ConfUtils.java:logGet(46)) - raft.grpc.message.size.max = 32MB (=33554432) (custom)
2023-10-04 17:29:32,757 [main] INFO  server.RaftServerConfigKeys (ConfUtils.java:logGet(46)) - raft.server.log.appender.buffer.byte-limit = 33554432 (custom)
2023-10-04 17:29:32,757 [main] INFO  server.GrpcService (ConfUtils.java:logGet(46)) - raft.grpc.flow.control.window = 5MB (=5242880) (custom)
2023-10-04 17:29:32,757 [main] INFO  server.RaftServerConfigKeys (ConfUtils.java:logGet(46)) - raft.server.rpc.request.timeout = 60s (custom)
2023-10-04 17:29:32,757 [main] INFO  grpc.GrpcConfigKeys (ConfUtils.java:logGet(46)) - raft.grpc.server.heartbeat.channel = true (default)
2023-10-04 17:29:32,757 [main] INFO  grpc.GrpcConfigKeys (ConfUtils.java:logGet(46)) - raft.grpc.server.async.request.thread.pool.cached = true (default)
2023-10-04 17:29:32,757 [main] INFO  grpc.GrpcConfigKeys (ConfUtils.java:logGet(46)) - raft.grpc.server.async.request.thread.pool.size = 32 (default)
2023-10-04 17:29:32,764 [main] INFO  impl.DataStreamServerImpl (ConfUtils.java:logGet(46)) - raft.datastream.type = NETTY (custom)
2023-10-04 17:29:32,764 [main] INFO  server.RaftServerConfigKeys (ConfUtils.java:logGet(46)) - raft.server.data-stream.async.request.thread.pool.cached = false (default)
2023-10-04 17:29:32,764 [main] INFO  server.RaftServerConfigKeys (ConfUtils.java:logGet(46)) - raft.server.data-stream.async.request.thread.pool.size = 20 (custom)
2023-10-04 17:29:32,766 [main] INFO  server.RaftServerConfigKeys (ConfUtils.java:logGet(46)) - raft.server.data-stream.async.write.thread.pool.size = 16 (default)
2023-10-04 17:29:32,766 [main] INFO  server.RaftServerConfigKeys (ConfUtils.java:logGet(46)) - raft.server.data-stream.client.pool.size = 10 (default)
2023-10-04 17:29:32,766 [main] INFO  netty.NettyConfigKeys$DataStream (ConfUtils.java:logGet(46)) - raft.netty.dataStream.server.use-epoll = false (default)
2023-10-04 17:29:32,766 [main] INFO  netty.NettyConfigKeys$DataStream (ConfUtils.java:logGet(46)) - raft.netty.dataStream.server.boss-group.size = 0 (default)
2023-10-04 17:29:32,768 [main] INFO  netty.NettyConfigKeys$DataStream (ConfUtils.java:logGet(46)) - raft.netty.dataStream.server.worker-group.size = 0 (default)
2023-10-04 17:29:32,768 [main] INFO  netty.NettyConfigKeys$DataStream (ConfUtils.java:logGet(46)) - raft.netty.dataStream.server.tls.conf = null (default)
2023-10-04 17:29:32,768 [main] INFO  netty.NettyConfigKeys$DataStream (ConfUtils.java:logGet(46)) - raft.netty.dataStream.host = null (default)
2023-10-04 17:29:32,769 [main] INFO  netty.NettyConfigKeys$DataStream (ConfUtils.java:logGet(46)) - raft.netty.dataStream.port = 15024 (custom)
2023-10-04 17:29:32,773 [main] INFO  server.RaftServerConfigKeys (ConfUtils.java:logGet(46)) - raft.server.threadpool.proxy.cached = true (default)
2023-10-04 17:29:32,773 [main] INFO  server.RaftServerConfigKeys (ConfUtils.java:logGet(46)) - raft.server.threadpool.proxy.size = 0 (default)
2023-10-04 17:29:32,773 [main] INFO  server.RaftServerConfigKeys (ConfUtils.java:logGet(46)) - raft.server.rpc.slowness.timeout = 300s (custom)
2023-10-04 17:29:32,774 [main] INFO  server.RaftServerConfigKeys (ConfUtils.java:logGet(46)) - raft.server.leaderelection.leader.step-down.wait-time = 10s (default)
2023-10-04 17:29:32,774 [main] INFO  server.RaftServerConfigKeys (ConfUtils.java:logGet(46)) - raft.server.storage.dir = [/home/runner/work/ozone/ozone/hadoop-ozone/integration-test/target/test-dir/MiniOzoneClusterImpl-da1d4460-e54b-4a34-859f-b12e99aef92e/datanode-1/data/ratis] (custom)
2023-10-04 17:29:32,781 [f9d37fed-45fc-460e-afd0-cdcd65402720-NettyServerStreamRpc-bossGroup--thread1] INFO  logging.LoggingHandler (AbstractInternalLogger.java:log(148)) - [id: 0xf007a68c] REGISTERED
2023-10-04 17:29:32,781 [f9d37fed-45fc-460e-afd0-cdcd65402720-NettyServerStreamRpc-bossGroup--thread1] INFO  logging.LoggingHandler (AbstractInternalLogger.java:log(148)) - [id: 0xf007a68c] BIND: 0.0.0.0/0.0.0.0:15024
2023-10-04 17:29:32,781 [f9d37fed-45fc-460e-afd0-cdcd65402720-NettyServerStreamRpc-bossGroup--thread1] INFO  logging.LoggingHandler (AbstractInternalLogger.java:log(148)) - [id: 0xf007a68c, L:/0:0:0:0:0:0:0:0:15024] ACTIVE
2023-10-04 17:29:32,782 [f9d37fed-45fc-460e-afd0-cdcd65402720-impl-thread1] INFO  server.RaftServer (RaftServerProxy.java:initGroupDir(258)) - f9d37fed-45fc-460e-afd0-cdcd65402720: found a subdirectory /home/runner/work/ozone/ozone/hadoop-ozone/integration-test/target/test-dir/MiniOzoneClusterImpl-da1d4460-e54b-4a34-859f-b12e99aef92e/datanode-1/data/ratis/tmp
2023-10-04 17:29:32,782 [f9d37fed-45fc-460e-afd0-cdcd65402720-impl-thread1] INFO  server.RaftServer (RaftServerProxy.java:initGroupDir(263)) - f9d37fed-45fc-460e-afd0-cdcd65402720: The directory /home/runner/work/ozone/ozone/hadoop-ozone/integration-test/target/test-dir/MiniOzoneClusterImpl-da1d4460-e54b-4a34-859f-b12e99aef92e/datanode-1/data/ratis/tmp is not a group directory; ignoring it. 
2023-10-04 17:29:32,783 [main] INFO  replication.ReplicationServer (ReplicationServer.java:<init>(83)) - Initializing replication server with thread count = 10 queue length = 4096
2023-10-04 17:29:32,785 [main] INFO  server.XceiverServerGrpc (XceiverServerGrpc.java:<init>(132)) - GrpcServer channel type EpollServerSocketChannel
2023-10-04 17:29:32,787 [main] INFO  replication.ReplicationSupervisor (ReplicationSupervisor.java:build(155)) - Initializing replication supervisor with thread count = 10
2023-10-04 17:29:32,788 [main] INFO  replication.ReplicationSupervisor (ReplicationSupervisor.java:nodeStateUpdated(307)) - Node state updated to IN_SERVICE, scaling executor pool size to 10
2023-10-04 17:29:32,793 [main] INFO  http.BaseHttpServer (BaseHttpServer.java:newHttpServer2BuilderForOzone(223)) - Starting Web-server for hddsDatanode at: http://0.0.0.0:15018
2023-10-04 17:29:32,793 [main] INFO  http.BaseHttpServer (BaseHttpServer.java:<init>(110)) - Hadoop Security Enabled: false Ozone Security Enabled: false Ozone HTTP Security Enabled: false 
2023-10-04 17:29:32,795 [main] WARN  server.AuthenticationFilter (AuthenticationFilter.java:constructSecretProvider(240)) - Unable to initialize FileSignerSecretProvider, falling back to use random secrets. Reason: Could not read signature secret file: /home/runner/hadoop-http-auth-signature-secret
2023-10-04 17:29:32,802 [main] INFO  http.HttpRequestLog (HttpRequestLog.java:getRequestLog(86)) - Http request log for http.requests.hddsDatanode is not defined
2023-10-04 17:29:32,810 [main] INFO  http.HttpServer2 (HttpServer2.java:addGlobalFilter(1031)) - Added global filter 'safety' (class=org.apache.hadoop.hdds.server.http.HttpServer2$QuotingInputFilter)
2023-10-04 17:29:32,810 [om1@group-C5BA1605619E-LeaderElection1] INFO  segmented.SegmentedRaftLogWorker (SegmentedRaftLogWorker.java:startLogSegment(447)) - om1@group-C5BA1605619E-SegmentedRaftLogWorker: Starting segment from index:0
2023-10-04 17:29:32,818 [main] INFO  http.HttpServer2 (HttpServer2.java:addFilter(1007)) - Added filter static_user_filter (class=org.apache.hadoop.http.lib.StaticUserWebFilter$StaticUserFilter) to context hddsDatanode
2023-10-04 17:29:32,818 [main] INFO  http.HttpServer2 (HttpServer2.java:addFilter(1015)) - Added filter static_user_filter (class=org.apache.hadoop.http.lib.StaticUserWebFilter$StaticUserFilter) to context logs
2023-10-04 17:29:32,819 [main] INFO  http.HttpServer2 (HttpServer2.java:addFilter(1015)) - Added filter static_user_filter (class=org.apache.hadoop.http.lib.StaticUserWebFilter$StaticUserFilter) to context static
2023-10-04 17:29:32,819 [main] INFO  http.BaseHttpServer (BaseHttpServer.java:<init>(189)) - HTTP server of hddsDatanode uses base directory /home/runner/work/ozone/ozone/hadoop-ozone/integration-test/target/test-dir/MiniOzoneClusterImpl-da1d4460-e54b-4a34-859f-b12e99aef92e/datanode-1/meta/webserver
2023-10-04 17:29:32,820 [main] INFO  http.HttpServer2 (HttpServer2.java:bindListener(1231)) - Jetty bound to port 15018
2023-10-04 17:29:32,820 [main] INFO  server.Server (Server.java:doStart(375)) - jetty-9.4.52.v20230823; built: 2023-08-23T19:29:37.669Z; git: abdcda73818a1a2c705da276edb0bf6581e7997e; jvm 1.8.0_382-b05
2023-10-04 17:29:32,883 [main] INFO  server.session (DefaultSessionIdManager.java:doStart(334)) - DefaultSessionIdManager workerName=node0
2023-10-04 17:29:32,884 [main] INFO  server.session (DefaultSessionIdManager.java:doStart(339)) - No SessionScavenger set, using defaults
2023-10-04 17:29:32,884 [main] INFO  server.session (HouseKeeper.java:startScavenging(132)) - node0 Scavenging every 660000ms
2023-10-04 17:29:32,885 [main] INFO  handler.ContextHandler (ContextHandler.java:doStart(921)) - Started o.e.j.s.ServletContextHandler@184e758f{logs,/logs,file:///home/runner/work/ozone/ozone/hadoop-ozone/integration-test/target/log,AVAILABLE}
2023-10-04 17:29:32,885 [main] INFO  handler.ContextHandler (ContextHandler.java:doStart(921)) - Started o.e.j.s.ServletContextHandler@795dfc20{static,/static,jar:file:/home/runner/.m2/repository/org/apache/ozone/hdds-container-service/1.4.0-SNAPSHOT/hdds-container-service-1.4.0-SNAPSHOT.jar!/webapps/static,AVAILABLE}
2023-10-04 17:29:32,913 [om1@group-C5BA1605619E-LeaderElection1] INFO  server.RaftServer$Division (ServerState.java:setRaftConf(434)) - om1@group-C5BA1605619E: set configuration 0: peers:[om1|rpc:localhost:15007|admin:|client:|dataStream:|priority:0|startupRole:FOLLOWER]|listeners:[], old=null
2023-10-04 17:29:33,010 [Datanode State Machine Task Thread - 0] INFO  datanode.InitDatanodeState (InitDatanodeState.java:persistContainerDatanodeDetails(138)) - DatanodeDetails is persisted to /home/runner/work/ozone/ozone/hadoop-ozone/integration-test/target/test-dir/MiniOzoneClusterImpl-da1d4460-e54b-4a34-859f-b12e99aef92e/datanode-0/meta/datanode.id
2023-10-04 17:29:33,049 [om1@group-C5BA1605619E-SegmentedRaftLogWorker] INFO  segmented.SegmentedRaftLogWorker (SegmentedRaftLogWorker.java:execute(651)) - om1@group-C5BA1605619E-SegmentedRaftLogWorker: created new log segment /home/runner/work/ozone/ozone/hadoop-ozone/integration-test/target/test-dir/MiniOzoneClusterImpl-da1d4460-e54b-4a34-859f-b12e99aef92e/ozone-meta/ratis/bf265839-605b-3f16-9796-c5ba1605619e/current/log_inprogress_0
2023-10-04 17:29:33,194 [om1@group-C5BA1605619E-StateMachineUpdater] INFO  ratis.OzoneManagerStateMachine (OzoneManagerStateMachine.java:notifyConfigurationChanged(202)) - Received Configuration change notification from Ratis. New Peer list:
[id: "om1"
address: "localhost:15007"
startupRole: FOLLOWER
]
2023-10-04 17:29:33,217 [main] INFO  handler.ContextHandler (ContextHandler.java:doStart(921)) - Started o.e.j.w.WebAppContext@614ad27e{hddsDatanode,/,file:///home/runner/work/ozone/ozone/hadoop-ozone/integration-test/target/test-dir/MiniOzoneClusterImpl-da1d4460-e54b-4a34-859f-b12e99aef92e/datanode-1/meta/webserver/jetty-0_0_0_0-15018-hdds-container-service-1_4_0-SNAPSHOT_jar-_-any-1766397897846880188/webapp/,AVAILABLE}{jar:file:/home/runner/.m2/repository/org/apache/ozone/hdds-container-service/1.4.0-SNAPSHOT/hdds-container-service-1.4.0-SNAPSHOT.jar!/webapps/hddsDatanode}
2023-10-04 17:29:33,219 [main] INFO  server.AbstractConnector (AbstractConnector.java:doStart(333)) - Started ServerConnector@12678b1{HTTP/1.1, (http/1.1)}{0.0.0.0:15018}
2023-10-04 17:29:33,219 [main] INFO  server.Server (Server.java:doStart(415)) - Started @10465ms
2023-10-04 17:29:33,219 [main] WARN  impl.MetricsSystemImpl (MetricsSystemImpl.java:register(279)) - Sink prometheus already exists!
2023-10-04 17:29:33,221 [main] INFO  http.BaseHttpServer (BaseHttpServer.java:updateConnectorAddress(354)) - HTTP server of hddsDatanode listening at http://0.0.0.0:15018
2023-10-04 17:29:33,221 [main] INFO  ipc.CallQueueManager (CallQueueManager.java:<init>(90)) - Using callQueue: class java.util.concurrent.LinkedBlockingQueue, queueCapacity: 100, scheduler: class org.apache.hadoop.ipc.DefaultRpcScheduler, ipcBackoff: false.
2023-10-04 17:29:33,222 [main] INFO  ipc.Server (Server.java:<init>(1287)) - Listener at 0.0.0.0:15019
2023-10-04 17:29:33,222 [Socket Reader #1 for port 15019] INFO  ipc.Server (Server.java:run(1323)) - Starting Socket Reader #1 for port 15019
2023-10-04 17:29:33,226 [main] INFO  ozone.HddsDatanodeService (HddsDatanodeService.java:start(315)) - Datanode start with admins: [runner]
2023-10-04 17:29:33,230 [main] INFO  ozone.HddsDatanodeClientProtocolServer (HddsDatanodeClientProtocolServer.java:start(72)) - RPC server for Client /0.0.0.0:15019
2023-10-04 17:29:33,230 [IPC Server Responder] INFO  ipc.Server (Server.java:run(1562)) - IPC Server Responder: starting
2023-10-04 17:29:33,231 [IPC Server listener on 15019] INFO  ipc.Server (Server.java:run(1402)) - IPC Server listener on 15019: starting
2023-10-04 17:29:33,231 [main] WARN  impl.MetricRegistriesImpl (MetricRegistriesImpl.java:addReporterRegistration(111)) - New reporters are added after registries were created. Some metrics will be missing from the reporter. Please add reporter before adding any new registry.
2023-10-04 17:29:33,232 [main] WARN  impl.MetricRegistriesImpl (MetricRegistriesImpl.java:addReporterRegistration(111)) - New reporters are added after registries were created. Some metrics will be missing from the reporter. Please add reporter before adding any new registry.
2023-10-04 17:29:33,232 [main] INFO  impl.MetricsSystemImpl (MetricsSystemImpl.java:init(158)) - HddsDatanode metrics system started (again)
2023-10-04 17:29:33,238 [Datanode State Machine Daemon Thread] INFO  statemachine.DatanodeStateMachine (DatanodeStateMachine.java:lambda$startDaemon$0(539)) - Ozone container server started.
2023-10-04 17:29:33,258 [Datanode State Machine Task Thread - 0] INFO  datanode.InitDatanodeState (InitDatanodeState.java:persistContainerDatanodeDetails(138)) - DatanodeDetails is persisted to /home/runner/work/ozone/ozone/hadoop-ozone/integration-test/target/test-dir/MiniOzoneClusterImpl-da1d4460-e54b-4a34-859f-b12e99aef92e/datanode-1/meta/datanode.id
2023-10-04 17:29:33,268 [main] INFO  ozone.HddsDatanodeService (HddsDatanodeService.java:start(237)) - HddsDatanodeService host:fv-az453-706.hss2zji4abbufegd5wcf2so25h.dx.internal.cloudapp.net ip:10.1.0.20
2023-10-04 17:29:33,299 [main] INFO  upgrade.AbstractLayoutVersionManager (AbstractLayoutVersionManager.java:init(83)) - Initializing Layout version manager with metadata layout = HADOOP_PRC_PORTS_IN_DATANODEDETAILS (version = 7), software layout = HADOOP_PRC_PORTS_IN_DATANODEDETAILS (version = 7)
2023-10-04 17:29:33,301 [main] INFO  statemachine.DatanodeStateMachine (DatanodeStateMachine.java:getEndPointTaskThreadPoolSize(283)) - Datanode State Machine Task Thread Pool size 2
2023-10-04 17:29:33,311 [main] INFO  volume.HddsVolume (HddsVolume.java:<init>(126)) - Creating HddsVolume: /home/runner/work/ozone/ozone/hadoop-ozone/integration-test/target/test-dir/MiniOzoneClusterImpl-da1d4460-e54b-4a34-859f-b12e99aef92e/datanode-2/data-0/containers/hdds of storage type : DISK capacity : 9223372036854775807
2023-10-04 17:29:33,312 [main] INFO  volume.MutableVolumeSet (MutableVolumeSet.java:initializeVolumeSet(173)) - Added Volume : /home/runner/work/ozone/ozone/hadoop-ozone/integration-test/target/test-dir/MiniOzoneClusterImpl-da1d4460-e54b-4a34-859f-b12e99aef92e/datanode-2/data-0/containers/hdds to VolumeSet
2023-10-04 17:29:33,314 [main] INFO  volume.MutableVolumeSet (MutableVolumeSet.java:initializeVolumeSet(173)) - Added Volume : /home/runner/work/ozone/ozone/hadoop-ozone/integration-test/target/test-dir/MiniOzoneClusterImpl-da1d4460-e54b-4a34-859f-b12e99aef92e/datanode-2/data/ratis to VolumeSet
2023-10-04 17:29:33,318 [Thread-177] INFO  ozoneimpl.ContainerReader (ContainerReader.java:readVolume(177)) - Finish verifying containers on volume /home/runner/work/ozone/ozone/hadoop-ozone/integration-test/target/test-dir/MiniOzoneClusterImpl-da1d4460-e54b-4a34-859f-b12e99aef92e/datanode-2/data-0/containers/hdds
2023-10-04 17:29:33,318 [main] INFO  ozoneimpl.OzoneContainer (OzoneContainer.java:buildContainerSet(314)) - Build ContainerSet costs 0s
2023-10-04 17:29:33,326 [main] INFO  server.RaftServer (ConfUtils.java:logGet(46)) - raft.rpc.type = GRPC (default)
2023-10-04 17:29:33,327 [main] INFO  grpc.GrpcConfigKeys (ConfUtils.java:logFallback(53)) - raft.grpc.admin.host = null (fallback to raft.grpc.server.host)
2023-10-04 17:29:33,327 [main] INFO  grpc.GrpcConfigKeys (ConfUtils.java:logGet(46)) - raft.grpc.admin.port = 15031 (custom)
2023-10-04 17:29:33,327 [main] INFO  grpc.GrpcConfigKeys (ConfUtils.java:logFallback(53)) - raft.grpc.client.host = null (fallback to raft.grpc.server.host)
2023-10-04 17:29:33,328 [main] INFO  grpc.GrpcConfigKeys (ConfUtils.java:logGet(46)) - raft.grpc.client.port = 15030 (custom)
2023-10-04 17:29:33,328 [main] INFO  grpc.GrpcConfigKeys (ConfUtils.java:logGet(46)) - raft.grpc.server.host = null (default)
2023-10-04 17:29:33,328 [main] INFO  grpc.GrpcConfigKeys (ConfUtils.java:logGet(46)) - raft.grpc.server.port = 15032 (custom)
2023-10-04 17:29:33,328 [main] INFO  server.GrpcService (ConfUtils.java:logGet(46)) - raft.grpc.message.size.max = 32MB (=33554432) (custom)
2023-10-04 17:29:33,328 [main] INFO  server.RaftServerConfigKeys (ConfUtils.java:logGet(46)) - raft.server.log.appender.buffer.byte-limit = 33554432 (custom)
2023-10-04 17:29:33,329 [main] INFO  server.GrpcService (ConfUtils.java:logGet(46)) - raft.grpc.flow.control.window = 5MB (=5242880) (custom)
2023-10-04 17:29:33,329 [main] INFO  server.RaftServerConfigKeys (ConfUtils.java:logGet(46)) - raft.server.rpc.request.timeout = 60s (custom)
2023-10-04 17:29:33,329 [main] INFO  grpc.GrpcConfigKeys (ConfUtils.java:logGet(46)) - raft.grpc.server.heartbeat.channel = true (default)
2023-10-04 17:29:33,329 [main] INFO  grpc.GrpcConfigKeys (ConfUtils.java:logGet(46)) - raft.grpc.server.async.request.thread.pool.cached = true (default)
2023-10-04 17:29:33,329 [main] INFO  grpc.GrpcConfigKeys (ConfUtils.java:logGet(46)) - raft.grpc.server.async.request.thread.pool.size = 32 (default)
2023-10-04 17:29:33,332 [main] INFO  impl.DataStreamServerImpl (ConfUtils.java:logGet(46)) - raft.datastream.type = NETTY (custom)
2023-10-04 17:29:33,337 [main] INFO  server.RaftServerConfigKeys (ConfUtils.java:logGet(46)) - raft.server.data-stream.async.request.thread.pool.cached = false (default)
2023-10-04 17:29:33,338 [main] INFO  server.RaftServerConfigKeys (ConfUtils.java:logGet(46)) - raft.server.data-stream.async.request.thread.pool.size = 20 (custom)
2023-10-04 17:29:33,338 [main] INFO  server.RaftServerConfigKeys (ConfUtils.java:logGet(46)) - raft.server.data-stream.async.write.thread.pool.size = 16 (default)
2023-10-04 17:29:33,338 [main] INFO  server.RaftServerConfigKeys (ConfUtils.java:logGet(46)) - raft.server.data-stream.client.pool.size = 10 (default)
2023-10-04 17:29:33,338 [main] INFO  netty.NettyConfigKeys$DataStream (ConfUtils.java:logGet(46)) - raft.netty.dataStream.server.use-epoll = false (default)
2023-10-04 17:29:33,338 [main] INFO  netty.NettyConfigKeys$DataStream (ConfUtils.java:logGet(46)) - raft.netty.dataStream.server.boss-group.size = 0 (default)
2023-10-04 17:29:33,339 [main] INFO  netty.NettyConfigKeys$DataStream (ConfUtils.java:logGet(46)) - raft.netty.dataStream.server.worker-group.size = 0 (default)
2023-10-04 17:29:33,339 [main] INFO  netty.NettyConfigKeys$DataStream (ConfUtils.java:logGet(46)) - raft.netty.dataStream.server.tls.conf = null (default)
2023-10-04 17:29:33,339 [main] INFO  netty.NettyConfigKeys$DataStream (ConfUtils.java:logGet(46)) - raft.netty.dataStream.host = null (default)
2023-10-04 17:29:33,339 [main] INFO  netty.NettyConfigKeys$DataStream (ConfUtils.java:logGet(46)) - raft.netty.dataStream.port = 15033 (custom)
2023-10-04 17:29:33,342 [main] INFO  server.RaftServerConfigKeys (ConfUtils.java:logGet(46)) - raft.server.threadpool.proxy.cached = true (default)
2023-10-04 17:29:33,342 [main] INFO  server.RaftServerConfigKeys (ConfUtils.java:logGet(46)) - raft.server.threadpool.proxy.size = 0 (default)
2023-10-04 17:29:33,342 [main] INFO  server.RaftServerConfigKeys (ConfUtils.java:logGet(46)) - raft.server.rpc.slowness.timeout = 300s (custom)
2023-10-04 17:29:33,342 [main] INFO  server.RaftServerConfigKeys (ConfUtils.java:logGet(46)) - raft.server.leaderelection.leader.step-down.wait-time = 10s (default)
2023-10-04 17:29:33,342 [main] INFO  server.RaftServerConfigKeys (ConfUtils.java:logGet(46)) - raft.server.storage.dir = [/home/runner/work/ozone/ozone/hadoop-ozone/integration-test/target/test-dir/MiniOzoneClusterImpl-da1d4460-e54b-4a34-859f-b12e99aef92e/datanode-2/data/ratis] (custom)
2023-10-04 17:29:33,344 [de7ceff0-6407-4127-9c69-f263aab5871b-NettyServerStreamRpc-bossGroup--thread1] INFO  logging.LoggingHandler (AbstractInternalLogger.java:log(148)) - [id: 0x9741c2b1] REGISTERED
2023-10-04 17:29:33,344 [de7ceff0-6407-4127-9c69-f263aab5871b-NettyServerStreamRpc-bossGroup--thread1] INFO  logging.LoggingHandler (AbstractInternalLogger.java:log(148)) - [id: 0x9741c2b1] BIND: 0.0.0.0/0.0.0.0:15033
2023-10-04 17:29:33,344 [de7ceff0-6407-4127-9c69-f263aab5871b-NettyServerStreamRpc-bossGroup--thread1] INFO  logging.LoggingHandler (AbstractInternalLogger.java:log(148)) - [id: 0x9741c2b1, L:/0:0:0:0:0:0:0:0:15033] ACTIVE
2023-10-04 17:29:33,345 [de7ceff0-6407-4127-9c69-f263aab5871b-impl-thread1] INFO  server.RaftServer (RaftServerProxy.java:initGroupDir(258)) - de7ceff0-6407-4127-9c69-f263aab5871b: found a subdirectory /home/runner/work/ozone/ozone/hadoop-ozone/integration-test/target/test-dir/MiniOzoneClusterImpl-da1d4460-e54b-4a34-859f-b12e99aef92e/datanode-2/data/ratis/tmp
2023-10-04 17:29:33,345 [de7ceff0-6407-4127-9c69-f263aab5871b-impl-thread1] INFO  server.RaftServer (RaftServerProxy.java:initGroupDir(263)) - de7ceff0-6407-4127-9c69-f263aab5871b: The directory /home/runner/work/ozone/ozone/hadoop-ozone/integration-test/target/test-dir/MiniOzoneClusterImpl-da1d4460-e54b-4a34-859f-b12e99aef92e/datanode-2/data/ratis/tmp is not a group directory; ignoring it. 
2023-10-04 17:29:33,345 [main] INFO  replication.ReplicationServer (ReplicationServer.java:<init>(83)) - Initializing replication server with thread count = 10 queue length = 4096
2023-10-04 17:29:33,347 [main] INFO  server.XceiverServerGrpc (XceiverServerGrpc.java:<init>(132)) - GrpcServer channel type EpollServerSocketChannel
2023-10-04 17:29:33,355 [main] INFO  replication.ReplicationSupervisor (ReplicationSupervisor.java:build(155)) - Initializing replication supervisor with thread count = 10
2023-10-04 17:29:33,355 [main] INFO  replication.ReplicationSupervisor (ReplicationSupervisor.java:nodeStateUpdated(307)) - Node state updated to IN_SERVICE, scaling executor pool size to 10
2023-10-04 17:29:33,363 [main] INFO  http.BaseHttpServer (BaseHttpServer.java:newHttpServer2BuilderForOzone(223)) - Starting Web-server for hddsDatanode at: http://0.0.0.0:15027
2023-10-04 17:29:33,363 [main] INFO  http.BaseHttpServer (BaseHttpServer.java:<init>(110)) - Hadoop Security Enabled: false Ozone Security Enabled: false Ozone HTTP Security Enabled: false 
2023-10-04 17:29:33,365 [main] WARN  server.AuthenticationFilter (AuthenticationFilter.java:constructSecretProvider(240)) - Unable to initialize FileSignerSecretProvider, falling back to use random secrets. Reason: Could not read signature secret file: /home/runner/hadoop-http-auth-signature-secret
2023-10-04 17:29:33,366 [main] INFO  http.HttpRequestLog (HttpRequestLog.java:getRequestLog(86)) - Http request log for http.requests.hddsDatanode is not defined
2023-10-04 17:29:33,367 [main] INFO  http.HttpServer2 (HttpServer2.java:addGlobalFilter(1031)) - Added global filter 'safety' (class=org.apache.hadoop.hdds.server.http.HttpServer2$QuotingInputFilter)
2023-10-04 17:29:33,368 [main] INFO  http.HttpServer2 (HttpServer2.java:addFilter(1007)) - Added filter static_user_filter (class=org.apache.hadoop.http.lib.StaticUserWebFilter$StaticUserFilter) to context hddsDatanode
2023-10-04 17:29:33,368 [main] INFO  http.HttpServer2 (HttpServer2.java:addFilter(1015)) - Added filter static_user_filter (class=org.apache.hadoop.http.lib.StaticUserWebFilter$StaticUserFilter) to context logs
2023-10-04 17:29:33,368 [main] INFO  http.HttpServer2 (HttpServer2.java:addFilter(1015)) - Added filter static_user_filter (class=org.apache.hadoop.http.lib.StaticUserWebFilter$StaticUserFilter) to context static
2023-10-04 17:29:33,369 [main] INFO  http.BaseHttpServer (BaseHttpServer.java:<init>(189)) - HTTP server of hddsDatanode uses base directory /home/runner/work/ozone/ozone/hadoop-ozone/integration-test/target/test-dir/MiniOzoneClusterImpl-da1d4460-e54b-4a34-859f-b12e99aef92e/datanode-2/meta/webserver
2023-10-04 17:29:33,369 [main] INFO  http.HttpServer2 (HttpServer2.java:bindListener(1231)) - Jetty bound to port 15027
2023-10-04 17:29:33,369 [main] INFO  server.Server (Server.java:doStart(375)) - jetty-9.4.52.v20230823; built: 2023-08-23T19:29:37.669Z; git: abdcda73818a1a2c705da276edb0bf6581e7997e; jvm 1.8.0_382-b05
2023-10-04 17:29:33,380 [main] INFO  server.session (DefaultSessionIdManager.java:doStart(334)) - DefaultSessionIdManager workerName=node0
2023-10-04 17:29:33,380 [main] INFO  server.session (DefaultSessionIdManager.java:doStart(339)) - No SessionScavenger set, using defaults
2023-10-04 17:29:33,380 [main] INFO  server.session (HouseKeeper.java:startScavenging(132)) - node0 Scavenging every 660000ms
2023-10-04 17:29:33,381 [main] INFO  handler.ContextHandler (ContextHandler.java:doStart(921)) - Started o.e.j.s.ServletContextHandler@7994663{logs,/logs,file:///home/runner/work/ozone/ozone/hadoop-ozone/integration-test/target/log,AVAILABLE}
2023-10-04 17:29:33,381 [main] INFO  handler.ContextHandler (ContextHandler.java:doStart(921)) - Started o.e.j.s.ServletContextHandler@3a50b75c{static,/static,jar:file:/home/runner/.m2/repository/org/apache/ozone/hdds-container-service/1.4.0-SNAPSHOT/hdds-container-service-1.4.0-SNAPSHOT.jar!/webapps/static,AVAILABLE}
2023-10-04 17:29:33,616 [main] INFO  handler.ContextHandler (ContextHandler.java:doStart(921)) - Started o.e.j.w.WebAppContext@6eec32a0{hddsDatanode,/,file:///home/runner/work/ozone/ozone/hadoop-ozone/integration-test/target/test-dir/MiniOzoneClusterImpl-da1d4460-e54b-4a34-859f-b12e99aef92e/datanode-2/meta/webserver/jetty-0_0_0_0-15027-hdds-container-service-1_4_0-SNAPSHOT_jar-_-any-3464403966488347957/webapp/,AVAILABLE}{jar:file:/home/runner/.m2/repository/org/apache/ozone/hdds-container-service/1.4.0-SNAPSHOT/hdds-container-service-1.4.0-SNAPSHOT.jar!/webapps/hddsDatanode}
2023-10-04 17:29:33,623 [main] INFO  server.AbstractConnector (AbstractConnector.java:doStart(333)) - Started ServerConnector@2f7f98bf{HTTP/1.1, (http/1.1)}{0.0.0.0:15027}
2023-10-04 17:29:33,626 [main] INFO  server.Server (Server.java:doStart(415)) - Started @10871ms
2023-10-04 17:29:33,626 [main] WARN  impl.MetricsSystemImpl (MetricsSystemImpl.java:register(279)) - Sink prometheus already exists!
2023-10-04 17:29:33,627 [main] INFO  http.BaseHttpServer (BaseHttpServer.java:updateConnectorAddress(354)) - HTTP server of hddsDatanode listening at http://0.0.0.0:15027
2023-10-04 17:29:33,627 [main] INFO  ipc.CallQueueManager (CallQueueManager.java:<init>(90)) - Using callQueue: class java.util.concurrent.LinkedBlockingQueue, queueCapacity: 100, scheduler: class org.apache.hadoop.ipc.DefaultRpcScheduler, ipcBackoff: false.
2023-10-04 17:29:33,627 [main] INFO  ipc.Server (Server.java:<init>(1287)) - Listener at 0.0.0.0:15028
2023-10-04 17:29:33,631 [Socket Reader #1 for port 15028] INFO  ipc.Server (Server.java:run(1323)) - Starting Socket Reader #1 for port 15028
2023-10-04 17:29:33,633 [main] INFO  ozone.HddsDatanodeService (HddsDatanodeService.java:start(315)) - Datanode start with admins: [runner]
2023-10-04 17:29:33,635 [main] INFO  ozone.HddsDatanodeClientProtocolServer (HddsDatanodeClientProtocolServer.java:start(72)) - RPC server for Client /0.0.0.0:15028
2023-10-04 17:29:33,635 [IPC Server Responder] INFO  ipc.Server (Server.java:run(1562)) - IPC Server Responder: starting
2023-10-04 17:29:33,638 [IPC Server listener on 15028] INFO  ipc.Server (Server.java:run(1402)) - IPC Server listener on 15028: starting
2023-10-04 17:29:33,638 [main] WARN  impl.MetricRegistriesImpl (MetricRegistriesImpl.java:addReporterRegistration(111)) - New reporters are added after registries were created. Some metrics will be missing from the reporter. Please add reporter before adding any new registry.
2023-10-04 17:29:33,638 [Datanode State Machine Daemon Thread] INFO  statemachine.DatanodeStateMachine (DatanodeStateMachine.java:lambda$startDaemon$0(539)) - Ozone container server started.
2023-10-04 17:29:33,640 [main] WARN  impl.MetricRegistriesImpl (MetricRegistriesImpl.java:addReporterRegistration(111)) - New reporters are added after registries were created. Some metrics will be missing from the reporter. Please add reporter before adding any new registry.
2023-10-04 17:29:33,645 [main] INFO  impl.MetricsSystemImpl (MetricsSystemImpl.java:init(158)) - HddsDatanode metrics system started (again)
2023-10-04 17:29:33,664 [main] INFO  ozone.HddsDatanodeService (HddsDatanodeService.java:start(237)) - HddsDatanodeService host:fv-az453-706.hss2zji4abbufegd5wcf2so25h.dx.internal.cloudapp.net ip:10.1.0.20
2023-10-04 17:29:33,665 [Datanode State Machine Task Thread - 0] INFO  datanode.InitDatanodeState (InitDatanodeState.java:persistContainerDatanodeDetails(138)) - DatanodeDetails is persisted to /home/runner/work/ozone/ozone/hadoop-ozone/integration-test/target/test-dir/MiniOzoneClusterImpl-da1d4460-e54b-4a34-859f-b12e99aef92e/datanode-2/meta/datanode.id
2023-10-04 17:29:33,692 [main] INFO  upgrade.AbstractLayoutVersionManager (AbstractLayoutVersionManager.java:init(83)) - Initializing Layout version manager with metadata layout = HADOOP_PRC_PORTS_IN_DATANODEDETAILS (version = 7), software layout = HADOOP_PRC_PORTS_IN_DATANODEDETAILS (version = 7)
2023-10-04 17:29:33,693 [main] INFO  statemachine.DatanodeStateMachine (DatanodeStateMachine.java:getEndPointTaskThreadPoolSize(283)) - Datanode State Machine Task Thread Pool size 2
2023-10-04 17:29:33,696 [main] INFO  volume.HddsVolume (HddsVolume.java:<init>(126)) - Creating HddsVolume: /home/runner/work/ozone/ozone/hadoop-ozone/integration-test/target/test-dir/MiniOzoneClusterImpl-da1d4460-e54b-4a34-859f-b12e99aef92e/datanode-3/data-0/containers/hdds of storage type : DISK capacity : 9223372036854775807
2023-10-04 17:29:33,696 [main] INFO  volume.MutableVolumeSet (MutableVolumeSet.java:initializeVolumeSet(173)) - Added Volume : /home/runner/work/ozone/ozone/hadoop-ozone/integration-test/target/test-dir/MiniOzoneClusterImpl-da1d4460-e54b-4a34-859f-b12e99aef92e/datanode-3/data-0/containers/hdds to VolumeSet
2023-10-04 17:29:33,697 [main] INFO  volume.MutableVolumeSet (MutableVolumeSet.java:initializeVolumeSet(173)) - Added Volume : /home/runner/work/ozone/ozone/hadoop-ozone/integration-test/target/test-dir/MiniOzoneClusterImpl-da1d4460-e54b-4a34-859f-b12e99aef92e/datanode-3/data/ratis to VolumeSet
2023-10-04 17:29:33,698 [Thread-194] INFO  ozoneimpl.ContainerReader (ContainerReader.java:readVolume(177)) - Finish verifying containers on volume /home/runner/work/ozone/ozone/hadoop-ozone/integration-test/target/test-dir/MiniOzoneClusterImpl-da1d4460-e54b-4a34-859f-b12e99aef92e/datanode-3/data-0/containers/hdds
2023-10-04 17:29:33,698 [main] INFO  ozoneimpl.OzoneContainer (OzoneContainer.java:buildContainerSet(314)) - Build ContainerSet costs 0s
2023-10-04 17:29:33,702 [main] INFO  server.RaftServer (ConfUtils.java:logGet(46)) - raft.rpc.type = GRPC (default)
2023-10-04 17:29:33,703 [main] INFO  grpc.GrpcConfigKeys (ConfUtils.java:logFallback(53)) - raft.grpc.admin.host = null (fallback to raft.grpc.server.host)
2023-10-04 17:29:33,703 [main] INFO  grpc.GrpcConfigKeys (ConfUtils.java:logGet(46)) - raft.grpc.admin.port = 15040 (custom)
2023-10-04 17:29:33,703 [main] INFO  grpc.GrpcConfigKeys (ConfUtils.java:logFallback(53)) - raft.grpc.client.host = null (fallback to raft.grpc.server.host)
2023-10-04 17:29:33,703 [main] INFO  grpc.GrpcConfigKeys (ConfUtils.java:logGet(46)) - raft.grpc.client.port = 15039 (custom)
2023-10-04 17:29:33,703 [main] INFO  grpc.GrpcConfigKeys (ConfUtils.java:logGet(46)) - raft.grpc.server.host = null (default)
2023-10-04 17:29:33,703 [main] INFO  grpc.GrpcConfigKeys (ConfUtils.java:logGet(46)) - raft.grpc.server.port = 15041 (custom)
2023-10-04 17:29:33,703 [main] INFO  server.GrpcService (ConfUtils.java:logGet(46)) - raft.grpc.message.size.max = 32MB (=33554432) (custom)
2023-10-04 17:29:33,704 [main] INFO  server.RaftServerConfigKeys (ConfUtils.java:logGet(46)) - raft.server.log.appender.buffer.byte-limit = 33554432 (custom)
2023-10-04 17:29:33,704 [main] INFO  server.GrpcService (ConfUtils.java:logGet(46)) - raft.grpc.flow.control.window = 5MB (=5242880) (custom)
2023-10-04 17:29:33,704 [main] INFO  server.RaftServerConfigKeys (ConfUtils.java:logGet(46)) - raft.server.rpc.request.timeout = 60s (custom)
2023-10-04 17:29:33,704 [main] INFO  grpc.GrpcConfigKeys (ConfUtils.java:logGet(46)) - raft.grpc.server.heartbeat.channel = true (default)
2023-10-04 17:29:33,704 [main] INFO  grpc.GrpcConfigKeys (ConfUtils.java:logGet(46)) - raft.grpc.server.async.request.thread.pool.cached = true (default)
2023-10-04 17:29:33,704 [main] INFO  grpc.GrpcConfigKeys (ConfUtils.java:logGet(46)) - raft.grpc.server.async.request.thread.pool.size = 32 (default)
2023-10-04 17:29:33,707 [main] INFO  impl.DataStreamServerImpl (ConfUtils.java:logGet(46)) - raft.datastream.type = NETTY (custom)
2023-10-04 17:29:33,708 [main] INFO  server.RaftServerConfigKeys (ConfUtils.java:logGet(46)) - raft.server.data-stream.async.request.thread.pool.cached = false (default)
2023-10-04 17:29:33,708 [main] INFO  server.RaftServerConfigKeys (ConfUtils.java:logGet(46)) - raft.server.data-stream.async.request.thread.pool.size = 20 (custom)
2023-10-04 17:29:33,708 [main] INFO  server.RaftServerConfigKeys (ConfUtils.java:logGet(46)) - raft.server.data-stream.async.write.thread.pool.size = 16 (default)
2023-10-04 17:29:33,708 [main] INFO  server.RaftServerConfigKeys (ConfUtils.java:logGet(46)) - raft.server.data-stream.client.pool.size = 10 (default)
2023-10-04 17:29:33,708 [main] INFO  netty.NettyConfigKeys$DataStream (ConfUtils.java:logGet(46)) - raft.netty.dataStream.server.use-epoll = false (default)
2023-10-04 17:29:33,709 [main] INFO  netty.NettyConfigKeys$DataStream (ConfUtils.java:logGet(46)) - raft.netty.dataStream.server.boss-group.size = 0 (default)
2023-10-04 17:29:33,709 [main] INFO  netty.NettyConfigKeys$DataStream (ConfUtils.java:logGet(46)) - raft.netty.dataStream.server.worker-group.size = 0 (default)
2023-10-04 17:29:33,709 [main] INFO  netty.NettyConfigKeys$DataStream (ConfUtils.java:logGet(46)) - raft.netty.dataStream.server.tls.conf = null (default)
2023-10-04 17:29:33,709 [main] INFO  netty.NettyConfigKeys$DataStream (ConfUtils.java:logGet(46)) - raft.netty.dataStream.host = null (default)
2023-10-04 17:29:33,710 [main] INFO  netty.NettyConfigKeys$DataStream (ConfUtils.java:logGet(46)) - raft.netty.dataStream.port = 15042 (custom)
2023-10-04 17:29:33,710 [main] INFO  server.RaftServerConfigKeys (ConfUtils.java:logGet(46)) - raft.server.threadpool.proxy.cached = true (default)
2023-10-04 17:29:33,710 [main] INFO  server.RaftServerConfigKeys (ConfUtils.java:logGet(46)) - raft.server.threadpool.proxy.size = 0 (default)
2023-10-04 17:29:33,710 [main] INFO  server.RaftServerConfigKeys (ConfUtils.java:logGet(46)) - raft.server.rpc.slowness.timeout = 300s (custom)
2023-10-04 17:29:33,711 [main] INFO  server.RaftServerConfigKeys (ConfUtils.java:logGet(46)) - raft.server.leaderelection.leader.step-down.wait-time = 10s (default)
2023-10-04 17:29:33,711 [main] INFO  server.RaftServerConfigKeys (ConfUtils.java:logGet(46)) - raft.server.storage.dir = [/home/runner/work/ozone/ozone/hadoop-ozone/integration-test/target/test-dir/MiniOzoneClusterImpl-da1d4460-e54b-4a34-859f-b12e99aef92e/datanode-3/data/ratis] (custom)
2023-10-04 17:29:33,718 [7f6f1d5e-e678-44b5-b81f-6e760b4e5c8d-impl-thread1] INFO  server.RaftServer (RaftServerProxy.java:initGroupDir(258)) - 7f6f1d5e-e678-44b5-b81f-6e760b4e5c8d: found a subdirectory /home/runner/work/ozone/ozone/hadoop-ozone/integration-test/target/test-dir/MiniOzoneClusterImpl-da1d4460-e54b-4a34-859f-b12e99aef92e/datanode-3/data/ratis/tmp
2023-10-04 17:29:33,719 [7f6f1d5e-e678-44b5-b81f-6e760b4e5c8d-NettyServerStreamRpc-bossGroup--thread1] INFO  logging.LoggingHandler (AbstractInternalLogger.java:log(148)) - [id: 0xda836cb0] REGISTERED
2023-10-04 17:29:33,720 [7f6f1d5e-e678-44b5-b81f-6e760b4e5c8d-NettyServerStreamRpc-bossGroup--thread1] INFO  logging.LoggingHandler (AbstractInternalLogger.java:log(148)) - [id: 0xda836cb0] BIND: 0.0.0.0/0.0.0.0:15042
2023-10-04 17:29:33,721 [7f6f1d5e-e678-44b5-b81f-6e760b4e5c8d-NettyServerStreamRpc-bossGroup--thread1] INFO  logging.LoggingHandler (AbstractInternalLogger.java:log(148)) - [id: 0xda836cb0, L:/0:0:0:0:0:0:0:0:15042] ACTIVE
2023-10-04 17:29:33,720 [7f6f1d5e-e678-44b5-b81f-6e760b4e5c8d-impl-thread1] INFO  server.RaftServer (RaftServerProxy.java:initGroupDir(263)) - 7f6f1d5e-e678-44b5-b81f-6e760b4e5c8d: The directory /home/runner/work/ozone/ozone/hadoop-ozone/integration-test/target/test-dir/MiniOzoneClusterImpl-da1d4460-e54b-4a34-859f-b12e99aef92e/datanode-3/data/ratis/tmp is not a group directory; ignoring it. 
2023-10-04 17:29:33,721 [main] INFO  replication.ReplicationServer (ReplicationServer.java:<init>(83)) - Initializing replication server with thread count = 10 queue length = 4096
2023-10-04 17:29:33,723 [main] INFO  server.XceiverServerGrpc (XceiverServerGrpc.java:<init>(132)) - GrpcServer channel type EpollServerSocketChannel
2023-10-04 17:29:33,726 [main] INFO  replication.ReplicationSupervisor (ReplicationSupervisor.java:build(155)) - Initializing replication supervisor with thread count = 10
2023-10-04 17:29:33,726 [main] INFO  replication.ReplicationSupervisor (ReplicationSupervisor.java:nodeStateUpdated(307)) - Node state updated to IN_SERVICE, scaling executor pool size to 10
2023-10-04 17:29:33,729 [main] INFO  http.BaseHttpServer (BaseHttpServer.java:newHttpServer2BuilderForOzone(223)) - Starting Web-server for hddsDatanode at: http://0.0.0.0:15036
2023-10-04 17:29:33,729 [main] INFO  http.BaseHttpServer (BaseHttpServer.java:<init>(110)) - Hadoop Security Enabled: false Ozone Security Enabled: false Ozone HTTP Security Enabled: false 
2023-10-04 17:29:33,731 [main] WARN  server.AuthenticationFilter (AuthenticationFilter.java:constructSecretProvider(240)) - Unable to initialize FileSignerSecretProvider, falling back to use random secrets. Reason: Could not read signature secret file: /home/runner/hadoop-http-auth-signature-secret
2023-10-04 17:29:33,734 [main] INFO  http.HttpRequestLog (HttpRequestLog.java:getRequestLog(86)) - Http request log for http.requests.hddsDatanode is not defined
2023-10-04 17:29:33,735 [main] INFO  http.HttpServer2 (HttpServer2.java:addGlobalFilter(1031)) - Added global filter 'safety' (class=org.apache.hadoop.hdds.server.http.HttpServer2$QuotingInputFilter)
2023-10-04 17:29:33,736 [main] INFO  http.HttpServer2 (HttpServer2.java:addFilter(1007)) - Added filter static_user_filter (class=org.apache.hadoop.http.lib.StaticUserWebFilter$StaticUserFilter) to context hddsDatanode
2023-10-04 17:29:33,737 [main] INFO  http.HttpServer2 (HttpServer2.java:addFilter(1015)) - Added filter static_user_filter (class=org.apache.hadoop.http.lib.StaticUserWebFilter$StaticUserFilter) to context logs
2023-10-04 17:29:33,737 [main] INFO  http.HttpServer2 (HttpServer2.java:addFilter(1015)) - Added filter static_user_filter (class=org.apache.hadoop.http.lib.StaticUserWebFilter$StaticUserFilter) to context static
2023-10-04 17:29:33,737 [main] INFO  http.BaseHttpServer (BaseHttpServer.java:<init>(189)) - HTTP server of hddsDatanode uses base directory /home/runner/work/ozone/ozone/hadoop-ozone/integration-test/target/test-dir/MiniOzoneClusterImpl-da1d4460-e54b-4a34-859f-b12e99aef92e/datanode-3/meta/webserver
2023-10-04 17:29:33,738 [main] INFO  http.HttpServer2 (HttpServer2.java:bindListener(1231)) - Jetty bound to port 15036
2023-10-04 17:29:33,738 [main] INFO  server.Server (Server.java:doStart(375)) - jetty-9.4.52.v20230823; built: 2023-08-23T19:29:37.669Z; git: abdcda73818a1a2c705da276edb0bf6581e7997e; jvm 1.8.0_382-b05
2023-10-04 17:29:33,741 [main] INFO  server.session (DefaultSessionIdManager.java:doStart(334)) - DefaultSessionIdManager workerName=node0
2023-10-04 17:29:33,742 [main] INFO  server.session (DefaultSessionIdManager.java:doStart(339)) - No SessionScavenger set, using defaults
2023-10-04 17:29:33,742 [main] INFO  server.session (HouseKeeper.java:startScavenging(132)) - node0 Scavenging every 660000ms
2023-10-04 17:29:33,743 [main] INFO  handler.ContextHandler (ContextHandler.java:doStart(921)) - Started o.e.j.s.ServletContextHandler@2acad9f8{logs,/logs,file:///home/runner/work/ozone/ozone/hadoop-ozone/integration-test/target/log,AVAILABLE}
2023-10-04 17:29:33,743 [main] INFO  handler.ContextHandler (ContextHandler.java:doStart(921)) - Started o.e.j.s.ServletContextHandler@4d8e293{static,/static,jar:file:/home/runner/.m2/repository/org/apache/ozone/hdds-container-service/1.4.0-SNAPSHOT/hdds-container-service-1.4.0-SNAPSHOT.jar!/webapps/static,AVAILABLE}
2023-10-04 17:29:33,977 [main] INFO  handler.ContextHandler (ContextHandler.java:doStart(921)) - Started o.e.j.w.WebAppContext@56600f12{hddsDatanode,/,file:///home/runner/work/ozone/ozone/hadoop-ozone/integration-test/target/test-dir/MiniOzoneClusterImpl-da1d4460-e54b-4a34-859f-b12e99aef92e/datanode-3/meta/webserver/jetty-0_0_0_0-15036-hdds-container-service-1_4_0-SNAPSHOT_jar-_-any-3244533695790338953/webapp/,AVAILABLE}{jar:file:/home/runner/.m2/repository/org/apache/ozone/hdds-container-service/1.4.0-SNAPSHOT/hdds-container-service-1.4.0-SNAPSHOT.jar!/webapps/hddsDatanode}
2023-10-04 17:29:33,979 [main] INFO  server.AbstractConnector (AbstractConnector.java:doStart(333)) - Started ServerConnector@6e0d81e6{HTTP/1.1, (http/1.1)}{0.0.0.0:15036}
2023-10-04 17:29:33,979 [main] INFO  server.Server (Server.java:doStart(415)) - Started @11225ms
2023-10-04 17:29:33,979 [main] WARN  impl.MetricsSystemImpl (MetricsSystemImpl.java:register(279)) - Sink prometheus already exists!
2023-10-04 17:29:33,980 [main] INFO  http.BaseHttpServer (BaseHttpServer.java:updateConnectorAddress(354)) - HTTP server of hddsDatanode listening at http://0.0.0.0:15036
2023-10-04 17:29:33,980 [main] INFO  ipc.CallQueueManager (CallQueueManager.java:<init>(90)) - Using callQueue: class java.util.concurrent.LinkedBlockingQueue, queueCapacity: 100, scheduler: class org.apache.hadoop.ipc.DefaultRpcScheduler, ipcBackoff: false.
2023-10-04 17:29:33,981 [main] INFO  ipc.Server (Server.java:<init>(1287)) - Listener at 0.0.0.0:15037
2023-10-04 17:29:33,982 [Socket Reader #1 for port 15037] INFO  ipc.Server (Server.java:run(1323)) - Starting Socket Reader #1 for port 15037
2023-10-04 17:29:33,988 [main] INFO  ozone.HddsDatanodeService (HddsDatanodeService.java:start(315)) - Datanode start with admins: [runner]
2023-10-04 17:29:33,994 [main] INFO  ozone.HddsDatanodeClientProtocolServer (HddsDatanodeClientProtocolServer.java:start(72)) - RPC server for Client /0.0.0.0:15037
2023-10-04 17:29:33,994 [IPC Server Responder] INFO  ipc.Server (Server.java:run(1562)) - IPC Server Responder: starting
2023-10-04 17:29:33,995 [IPC Server listener on 15037] INFO  ipc.Server (Server.java:run(1402)) - IPC Server listener on 15037: starting
2023-10-04 17:29:33,995 [main] WARN  impl.MetricRegistriesImpl (MetricRegistriesImpl.java:addReporterRegistration(111)) - New reporters are added after registries were created. Some metrics will be missing from the reporter. Please add reporter before adding any new registry.
2023-10-04 17:29:33,995 [main] WARN  impl.MetricRegistriesImpl (MetricRegistriesImpl.java:addReporterRegistration(111)) - New reporters are added after registries were created. Some metrics will be missing from the reporter. Please add reporter before adding any new registry.
2023-10-04 17:29:33,995 [main] INFO  impl.MetricsSystemImpl (MetricsSystemImpl.java:init(158)) - HddsDatanode metrics system started (again)
2023-10-04 17:29:34,003 [Datanode State Machine Daemon Thread] INFO  statemachine.DatanodeStateMachine (DatanodeStateMachine.java:lambda$startDaemon$0(539)) - Ozone container server started.
2023-10-04 17:29:34,010 [main] INFO  ozone.HddsDatanodeService (HddsDatanodeService.java:start(237)) - HddsDatanodeService host:fv-az453-706.hss2zji4abbufegd5wcf2so25h.dx.internal.cloudapp.net ip:10.1.0.20
2023-10-04 17:29:34,017 [Datanode State Machine Task Thread - 0] INFO  datanode.InitDatanodeState (InitDatanodeState.java:persistContainerDatanodeDetails(138)) - DatanodeDetails is persisted to /home/runner/work/ozone/ozone/hadoop-ozone/integration-test/target/test-dir/MiniOzoneClusterImpl-da1d4460-e54b-4a34-859f-b12e99aef92e/datanode-3/meta/datanode.id
2023-10-04 17:29:34,035 [main] INFO  upgrade.AbstractLayoutVersionManager (AbstractLayoutVersionManager.java:init(83)) - Initializing Layout version manager with metadata layout = HADOOP_PRC_PORTS_IN_DATANODEDETAILS (version = 7), software layout = HADOOP_PRC_PORTS_IN_DATANODEDETAILS (version = 7)
2023-10-04 17:29:34,035 [main] INFO  statemachine.DatanodeStateMachine (DatanodeStateMachine.java:getEndPointTaskThreadPoolSize(283)) - Datanode State Machine Task Thread Pool size 2
2023-10-04 17:29:34,038 [main] INFO  volume.HddsVolume (HddsVolume.java:<init>(126)) - Creating HddsVolume: /home/runner/work/ozone/ozone/hadoop-ozone/integration-test/target/test-dir/MiniOzoneClusterImpl-da1d4460-e54b-4a34-859f-b12e99aef92e/datanode-4/data-0/containers/hdds of storage type : DISK capacity : 9223372036854775807
2023-10-04 17:29:34,039 [main] INFO  volume.MutableVolumeSet (MutableVolumeSet.java:initializeVolumeSet(173)) - Added Volume : /home/runner/work/ozone/ozone/hadoop-ozone/integration-test/target/test-dir/MiniOzoneClusterImpl-da1d4460-e54b-4a34-859f-b12e99aef92e/datanode-4/data-0/containers/hdds to VolumeSet
2023-10-04 17:29:34,040 [main] INFO  volume.MutableVolumeSet (MutableVolumeSet.java:initializeVolumeSet(173)) - Added Volume : /home/runner/work/ozone/ozone/hadoop-ozone/integration-test/target/test-dir/MiniOzoneClusterImpl-da1d4460-e54b-4a34-859f-b12e99aef92e/datanode-4/data/ratis to VolumeSet
2023-10-04 17:29:34,040 [Thread-211] INFO  ozoneimpl.ContainerReader (ContainerReader.java:readVolume(177)) - Finish verifying containers on volume /home/runner/work/ozone/ozone/hadoop-ozone/integration-test/target/test-dir/MiniOzoneClusterImpl-da1d4460-e54b-4a34-859f-b12e99aef92e/datanode-4/data-0/containers/hdds
2023-10-04 17:29:34,040 [main] INFO  ozoneimpl.OzoneContainer (OzoneContainer.java:buildContainerSet(314)) - Build ContainerSet costs 0s
2023-10-04 17:29:34,043 [main] INFO  server.RaftServer (ConfUtils.java:logGet(46)) - raft.rpc.type = GRPC (default)
2023-10-04 17:29:34,043 [main] INFO  grpc.GrpcConfigKeys (ConfUtils.java:logFallback(53)) - raft.grpc.admin.host = null (fallback to raft.grpc.server.host)
2023-10-04 17:29:34,044 [main] INFO  grpc.GrpcConfigKeys (ConfUtils.java:logGet(46)) - raft.grpc.admin.port = 15049 (custom)
2023-10-04 17:29:34,044 [main] INFO  grpc.GrpcConfigKeys (ConfUtils.java:logFallback(53)) - raft.grpc.client.host = null (fallback to raft.grpc.server.host)
2023-10-04 17:29:34,044 [main] INFO  grpc.GrpcConfigKeys (ConfUtils.java:logGet(46)) - raft.grpc.client.port = 15048 (custom)
2023-10-04 17:29:34,044 [main] INFO  grpc.GrpcConfigKeys (ConfUtils.java:logGet(46)) - raft.grpc.server.host = null (default)
2023-10-04 17:29:34,044 [main] INFO  grpc.GrpcConfigKeys (ConfUtils.java:logGet(46)) - raft.grpc.server.port = 15050 (custom)
2023-10-04 17:29:34,044 [main] INFO  server.GrpcService (ConfUtils.java:logGet(46)) - raft.grpc.message.size.max = 32MB (=33554432) (custom)
2023-10-04 17:29:34,044 [main] INFO  server.RaftServerConfigKeys (ConfUtils.java:logGet(46)) - raft.server.log.appender.buffer.byte-limit = 33554432 (custom)
2023-10-04 17:29:34,044 [main] INFO  server.GrpcService (ConfUtils.java:logGet(46)) - raft.grpc.flow.control.window = 5MB (=5242880) (custom)
2023-10-04 17:29:34,045 [main] INFO  server.RaftServerConfigKeys (ConfUtils.java:logGet(46)) - raft.server.rpc.request.timeout = 60s (custom)
2023-10-04 17:29:34,045 [main] INFO  grpc.GrpcConfigKeys (ConfUtils.java:logGet(46)) - raft.grpc.server.heartbeat.channel = true (default)
2023-10-04 17:29:34,045 [main] INFO  grpc.GrpcConfigKeys (ConfUtils.java:logGet(46)) - raft.grpc.server.async.request.thread.pool.cached = true (default)
2023-10-04 17:29:34,045 [main] INFO  grpc.GrpcConfigKeys (ConfUtils.java:logGet(46)) - raft.grpc.server.async.request.thread.pool.size = 32 (default)
2023-10-04 17:29:34,048 [main] INFO  impl.DataStreamServerImpl (ConfUtils.java:logGet(46)) - raft.datastream.type = NETTY (custom)
2023-10-04 17:29:34,048 [main] INFO  server.RaftServerConfigKeys (ConfUtils.java:logGet(46)) - raft.server.data-stream.async.request.thread.pool.cached = false (default)
2023-10-04 17:29:34,049 [main] INFO  server.RaftServerConfigKeys (ConfUtils.java:logGet(46)) - raft.server.data-stream.async.request.thread.pool.size = 20 (custom)
2023-10-04 17:29:34,049 [main] INFO  server.RaftServerConfigKeys (ConfUtils.java:logGet(46)) - raft.server.data-stream.async.write.thread.pool.size = 16 (default)
2023-10-04 17:29:34,049 [main] INFO  server.RaftServerConfigKeys (ConfUtils.java:logGet(46)) - raft.server.data-stream.client.pool.size = 10 (default)
2023-10-04 17:29:34,049 [main] INFO  netty.NettyConfigKeys$DataStream (ConfUtils.java:logGet(46)) - raft.netty.dataStream.server.use-epoll = false (default)
2023-10-04 17:29:34,049 [main] INFO  netty.NettyConfigKeys$DataStream (ConfUtils.java:logGet(46)) - raft.netty.dataStream.server.boss-group.size = 0 (default)
2023-10-04 17:29:34,050 [main] INFO  netty.NettyConfigKeys$DataStream (ConfUtils.java:logGet(46)) - raft.netty.dataStream.server.worker-group.size = 0 (default)
2023-10-04 17:29:34,050 [main] INFO  netty.NettyConfigKeys$DataStream (ConfUtils.java:logGet(46)) - raft.netty.dataStream.server.tls.conf = null (default)
2023-10-04 17:29:34,050 [main] INFO  netty.NettyConfigKeys$DataStream (ConfUtils.java:logGet(46)) - raft.netty.dataStream.host = null (default)
2023-10-04 17:29:34,050 [main] INFO  netty.NettyConfigKeys$DataStream (ConfUtils.java:logGet(46)) - raft.netty.dataStream.port = 15051 (custom)
2023-10-04 17:29:34,051 [main] INFO  server.RaftServerConfigKeys (ConfUtils.java:logGet(46)) - raft.server.threadpool.proxy.cached = true (default)
2023-10-04 17:29:34,051 [main] INFO  server.RaftServerConfigKeys (ConfUtils.java:logGet(46)) - raft.server.threadpool.proxy.size = 0 (default)
2023-10-04 17:29:34,051 [main] INFO  server.RaftServerConfigKeys (ConfUtils.java:logGet(46)) - raft.server.rpc.slowness.timeout = 300s (custom)
2023-10-04 17:29:34,051 [main] INFO  server.RaftServerConfigKeys (ConfUtils.java:logGet(46)) - raft.server.leaderelection.leader.step-down.wait-time = 10s (default)
2023-10-04 17:29:34,051 [main] INFO  server.RaftServerConfigKeys (ConfUtils.java:logGet(46)) - raft.server.storage.dir = [/home/runner/work/ozone/ozone/hadoop-ozone/integration-test/target/test-dir/MiniOzoneClusterImpl-da1d4460-e54b-4a34-859f-b12e99aef92e/datanode-4/data/ratis] (custom)
2023-10-04 17:29:34,059 [49b21075-65f4-471d-b0a6-7943aa3ff632-NettyServerStreamRpc-bossGroup--thread1] INFO  logging.LoggingHandler (AbstractInternalLogger.java:log(148)) - [id: 0xa7a62257] REGISTERED
2023-10-04 17:29:34,059 [49b21075-65f4-471d-b0a6-7943aa3ff632-NettyServerStreamRpc-bossGroup--thread1] INFO  logging.LoggingHandler (AbstractInternalLogger.java:log(148)) - [id: 0xa7a62257] BIND: 0.0.0.0/0.0.0.0:15051
2023-10-04 17:29:34,059 [49b21075-65f4-471d-b0a6-7943aa3ff632-NettyServerStreamRpc-bossGroup--thread1] INFO  logging.LoggingHandler (AbstractInternalLogger.java:log(148)) - [id: 0xa7a62257, L:/0:0:0:0:0:0:0:0:15051] ACTIVE
2023-10-04 17:29:34,060 [49b21075-65f4-471d-b0a6-7943aa3ff632-impl-thread1] INFO  server.RaftServer (RaftServerProxy.java:initGroupDir(258)) - 49b21075-65f4-471d-b0a6-7943aa3ff632: found a subdirectory /home/runner/work/ozone/ozone/hadoop-ozone/integration-test/target/test-dir/MiniOzoneClusterImpl-da1d4460-e54b-4a34-859f-b12e99aef92e/datanode-4/data/ratis/tmp
2023-10-04 17:29:34,061 [49b21075-65f4-471d-b0a6-7943aa3ff632-impl-thread1] INFO  server.RaftServer (RaftServerProxy.java:initGroupDir(263)) - 49b21075-65f4-471d-b0a6-7943aa3ff632: The directory /home/runner/work/ozone/ozone/hadoop-ozone/integration-test/target/test-dir/MiniOzoneClusterImpl-da1d4460-e54b-4a34-859f-b12e99aef92e/datanode-4/data/ratis/tmp is not a group directory; ignoring it. 
2023-10-04 17:29:34,062 [main] INFO  replication.ReplicationServer (ReplicationServer.java:<init>(83)) - Initializing replication server with thread count = 10 queue length = 4096
2023-10-04 17:29:34,063 [main] INFO  server.XceiverServerGrpc (XceiverServerGrpc.java:<init>(132)) - GrpcServer channel type EpollServerSocketChannel
2023-10-04 17:29:34,066 [main] INFO  replication.ReplicationSupervisor (ReplicationSupervisor.java:build(155)) - Initializing replication supervisor with thread count = 10
2023-10-04 17:29:34,067 [main] INFO  replication.ReplicationSupervisor (ReplicationSupervisor.java:nodeStateUpdated(307)) - Node state updated to IN_SERVICE, scaling executor pool size to 10
2023-10-04 17:29:34,069 [main] INFO  http.BaseHttpServer (BaseHttpServer.java:newHttpServer2BuilderForOzone(223)) - Starting Web-server for hddsDatanode at: http://0.0.0.0:15045
2023-10-04 17:29:34,069 [main] INFO  http.BaseHttpServer (BaseHttpServer.java:<init>(110)) - Hadoop Security Enabled: false Ozone Security Enabled: false Ozone HTTP Security Enabled: false 
2023-10-04 17:29:34,071 [main] WARN  server.AuthenticationFilter (AuthenticationFilter.java:constructSecretProvider(240)) - Unable to initialize FileSignerSecretProvider, falling back to use random secrets. Reason: Could not read signature secret file: /home/runner/hadoop-http-auth-signature-secret
2023-10-04 17:29:34,074 [main] INFO  http.HttpRequestLog (HttpRequestLog.java:getRequestLog(86)) - Http request log for http.requests.hddsDatanode is not defined
2023-10-04 17:29:34,076 [main] INFO  http.HttpServer2 (HttpServer2.java:addGlobalFilter(1031)) - Added global filter 'safety' (class=org.apache.hadoop.hdds.server.http.HttpServer2$QuotingInputFilter)
2023-10-04 17:29:34,076 [main] INFO  http.HttpServer2 (HttpServer2.java:addFilter(1007)) - Added filter static_user_filter (class=org.apache.hadoop.http.lib.StaticUserWebFilter$StaticUserFilter) to context hddsDatanode
2023-10-04 17:29:34,077 [main] INFO  http.HttpServer2 (HttpServer2.java:addFilter(1015)) - Added filter static_user_filter (class=org.apache.hadoop.http.lib.StaticUserWebFilter$StaticUserFilter) to context static
2023-10-04 17:29:34,077 [main] INFO  http.HttpServer2 (HttpServer2.java:addFilter(1015)) - Added filter static_user_filter (class=org.apache.hadoop.http.lib.StaticUserWebFilter$StaticUserFilter) to context logs
2023-10-04 17:29:34,078 [main] INFO  http.BaseHttpServer (BaseHttpServer.java:<init>(189)) - HTTP server of hddsDatanode uses base directory /home/runner/work/ozone/ozone/hadoop-ozone/integration-test/target/test-dir/MiniOzoneClusterImpl-da1d4460-e54b-4a34-859f-b12e99aef92e/datanode-4/meta/webserver
2023-10-04 17:29:34,078 [main] INFO  http.HttpServer2 (HttpServer2.java:bindListener(1231)) - Jetty bound to port 15045
2023-10-04 17:29:34,078 [main] INFO  server.Server (Server.java:doStart(375)) - jetty-9.4.52.v20230823; built: 2023-08-23T19:29:37.669Z; git: abdcda73818a1a2c705da276edb0bf6581e7997e; jvm 1.8.0_382-b05
2023-10-04 17:29:34,080 [main] INFO  server.session (DefaultSessionIdManager.java:doStart(334)) - DefaultSessionIdManager workerName=node0
2023-10-04 17:29:34,080 [main] INFO  server.session (DefaultSessionIdManager.java:doStart(339)) - No SessionScavenger set, using defaults
2023-10-04 17:29:34,080 [main] INFO  server.session (HouseKeeper.java:startScavenging(132)) - node0 Scavenging every 660000ms
2023-10-04 17:29:34,081 [main] INFO  handler.ContextHandler (ContextHandler.java:doStart(921)) - Started o.e.j.s.ServletContextHandler@4da51c08{logs,/logs,file:///home/runner/work/ozone/ozone/hadoop-ozone/integration-test/target/log,AVAILABLE}
2023-10-04 17:29:34,082 [main] INFO  handler.ContextHandler (ContextHandler.java:doStart(921)) - Started o.e.j.s.ServletContextHandler@73051634{static,/static,jar:file:/home/runner/.m2/repository/org/apache/ozone/hdds-container-service/1.4.0-SNAPSHOT/hdds-container-service-1.4.0-SNAPSHOT.jar!/webapps/static,AVAILABLE}
2023-10-04 17:29:34,300 [main] INFO  handler.ContextHandler (ContextHandler.java:doStart(921)) - Started o.e.j.w.WebAppContext@e63d8d0{hddsDatanode,/,file:///home/runner/work/ozone/ozone/hadoop-ozone/integration-test/target/test-dir/MiniOzoneClusterImpl-da1d4460-e54b-4a34-859f-b12e99aef92e/datanode-4/meta/webserver/jetty-0_0_0_0-15045-hdds-container-service-1_4_0-SNAPSHOT_jar-_-any-1610871585996311310/webapp/,AVAILABLE}{jar:file:/home/runner/.m2/repository/org/apache/ozone/hdds-container-service/1.4.0-SNAPSHOT/hdds-container-service-1.4.0-SNAPSHOT.jar!/webapps/hddsDatanode}
2023-10-04 17:29:34,302 [main] INFO  server.AbstractConnector (AbstractConnector.java:doStart(333)) - Started ServerConnector@2edda0{HTTP/1.1, (http/1.1)}{0.0.0.0:15045}
2023-10-04 17:29:34,302 [main] INFO  server.Server (Server.java:doStart(415)) - Started @11547ms
2023-10-04 17:29:34,302 [main] WARN  impl.MetricsSystemImpl (MetricsSystemImpl.java:register(279)) - Sink prometheus already exists!
2023-10-04 17:29:34,303 [main] INFO  http.BaseHttpServer (BaseHttpServer.java:updateConnectorAddress(354)) - HTTP server of hddsDatanode listening at http://0.0.0.0:15045
2023-10-04 17:29:34,303 [main] INFO  ipc.CallQueueManager (CallQueueManager.java:<init>(90)) - Using callQueue: class java.util.concurrent.LinkedBlockingQueue, queueCapacity: 100, scheduler: class org.apache.hadoop.ipc.DefaultRpcScheduler, ipcBackoff: false.
2023-10-04 17:29:34,303 [main] INFO  ipc.Server (Server.java:<init>(1287)) - Listener at 0.0.0.0:15046
2023-10-04 17:29:34,304 [Socket Reader #1 for port 15046] INFO  ipc.Server (Server.java:run(1323)) - Starting Socket Reader #1 for port 15046
2023-10-04 17:29:34,308 [main] INFO  ozone.HddsDatanodeService (HddsDatanodeService.java:start(315)) - Datanode start with admins: [runner]
2023-10-04 17:29:34,308 [main] INFO  ozone.HddsDatanodeClientProtocolServer (HddsDatanodeClientProtocolServer.java:start(72)) - RPC server for Client /0.0.0.0:15046
2023-10-04 17:29:34,309 [IPC Server Responder] INFO  ipc.Server (Server.java:run(1562)) - IPC Server Responder: starting
2023-10-04 17:29:34,310 [Datanode State Machine Daemon Thread] INFO  statemachine.DatanodeStateMachine (DatanodeStateMachine.java:lambda$startDaemon$0(539)) - Ozone container server started.
2023-10-04 17:29:34,311 [IPC Server listener on 15046] INFO  ipc.Server (Server.java:run(1402)) - IPC Server listener on 15046: starting
2023-10-04 17:29:34,311 [main] INFO  ozone.MiniOzoneClusterImpl (MiniOzoneClusterImpl.java:lambda$waitForClusterToBeReady$0(229)) - Waiting for nodes to be ready. Got 0 of 5 DN Heartbeats.
2023-10-04 17:29:34,314 [main] INFO  ozone.MiniOzoneClusterImpl (MiniOzoneClusterImpl.java:lambda$waitForClusterToBeReady$0(232)) - Waiting for cluster to exit safe mode
2023-10-04 17:29:34,315 [main] INFO  ozone.MiniOzoneClusterImpl (MiniOzoneClusterImpl.java:lambda$waitForClusterToBeReady$0(234)) - SCM became leader
2023-10-04 17:29:34,323 [Datanode State Machine Task Thread - 0] INFO  datanode.InitDatanodeState (InitDatanodeState.java:persistContainerDatanodeDetails(138)) - DatanodeDetails is persisted to /home/runner/work/ozone/ozone/hadoop-ozone/integration-test/target/test-dir/MiniOzoneClusterImpl-da1d4460-e54b-4a34-859f-b12e99aef92e/datanode-4/meta/datanode.id
2023-10-04 17:29:34,847 [EndpointStateMachine task thread for /0.0.0.0:15002 - 0 ] INFO  utils.DatanodeStoreCache (DatanodeStoreCache.java:addDB(66)) - Added db /home/runner/work/ozone/ozone/hadoop-ozone/integration-test/target/test-dir/MiniOzoneClusterImpl-da1d4460-e54b-4a34-859f-b12e99aef92e/datanode-0/data-0/containers/hdds/da1d4460-e54b-4a34-859f-b12e99aef92e/DS-6726dbde-aa03-40e8-89d7-7941681d9752/container.db to cache
2023-10-04 17:29:34,847 [EndpointStateMachine task thread for /0.0.0.0:15002 - 0 ] INFO  volume.HddsVolume (HddsVolume.java:createDbStore(422)) - SchemaV3 db is created and loaded at /home/runner/work/ozone/ozone/hadoop-ozone/integration-test/target/test-dir/MiniOzoneClusterImpl-da1d4460-e54b-4a34-859f-b12e99aef92e/datanode-0/data-0/containers/hdds/da1d4460-e54b-4a34-859f-b12e99aef92e/DS-6726dbde-aa03-40e8-89d7-7941681d9752/container.db for volume DS-6726dbde-aa03-40e8-89d7-7941681d9752
2023-10-04 17:29:34,849 [EndpointStateMachine task thread for /0.0.0.0:15002 - 0 ] INFO  volume.ThrottledAsyncChecker (ThrottledAsyncChecker.java:schedule(141)) - Scheduling a check for /home/runner/work/ozone/ozone/hadoop-ozone/integration-test/target/test-dir/MiniOzoneClusterImpl-da1d4460-e54b-4a34-859f-b12e99aef92e/datanode-0/data-0/containers/hdds
2023-10-04 17:29:34,874 [EndpointStateMachine task thread for /0.0.0.0:15002 - 0 ] INFO  volume.StorageVolumeChecker (StorageVolumeChecker.java:checkAllVolumes(213)) - Scheduled health check for volume /home/runner/work/ozone/ozone/hadoop-ozone/integration-test/target/test-dir/MiniOzoneClusterImpl-da1d4460-e54b-4a34-859f-b12e99aef92e/datanode-0/data-0/containers/hdds
2023-10-04 17:29:34,876 [EndpointStateMachine task thread for /0.0.0.0:15002 - 0 ] INFO  volume.ThrottledAsyncChecker (ThrottledAsyncChecker.java:schedule(141)) - Scheduling a check for /home/runner/work/ozone/ozone/hadoop-ozone/integration-test/target/test-dir/MiniOzoneClusterImpl-da1d4460-e54b-4a34-859f-b12e99aef92e/datanode-0/data/ratis
2023-10-04 17:29:34,877 [EndpointStateMachine task thread for /0.0.0.0:15002 - 0 ] INFO  volume.StorageVolumeChecker (StorageVolumeChecker.java:checkAllVolumes(213)) - Scheduled health check for volume /home/runner/work/ozone/ozone/hadoop-ozone/integration-test/target/test-dir/MiniOzoneClusterImpl-da1d4460-e54b-4a34-859f-b12e99aef92e/datanode-0/data/ratis
2023-10-04 17:29:34,878 [EndpointStateMachine task thread for /0.0.0.0:15002 - 0 ] INFO  ozoneimpl.OzoneContainer (OzoneContainer.java:start(429)) - Attempting to start container services.
2023-10-04 17:29:34,881 [EndpointStateMachine task thread for /0.0.0.0:15002 - 0 ] INFO  ozoneimpl.OzoneContainer (OzoneContainer.java:startContainerScrub(325)) - Scheduled background container scanners and the on-demand container scanner have been disabled.
2023-10-04 17:29:34,883 [EndpointStateMachine task thread for /0.0.0.0:15002 - 0 ] INFO  replication.ReplicationServer (ReplicationServer.java:start(134)) - ReplicationServer is started using port 15016
2023-10-04 17:29:34,883 [EndpointStateMachine task thread for /0.0.0.0:15002 - 0 ] INFO  ratis.XceiverServerRatis (XceiverServerRatis.java:start(517)) - Starting XceiverServerRatis 3f00e8f6-b1cf-4c66-adc6-49812d80e8b8
2023-10-04 17:29:34,890 [EndpointStateMachine task thread for /0.0.0.0:15002 - 0 ] INFO  server.RaftServer (RaftServerProxy.java:startImpl(400)) - 3f00e8f6-b1cf-4c66-adc6-49812d80e8b8: start RPC server
2023-10-04 17:29:34,892 [EndpointStateMachine task thread for /0.0.0.0:15002 - 0 ] INFO  server.GrpcService (GrpcService.java:startImpl(302)) - 3f00e8f6-b1cf-4c66-adc6-49812d80e8b8: GrpcService started, listening on 15012
2023-10-04 17:29:34,895 [EndpointStateMachine task thread for /0.0.0.0:15002 - 0 ] INFO  server.GrpcService (GrpcService.java:startImpl(302)) - 3f00e8f6-b1cf-4c66-adc6-49812d80e8b8: GrpcService started, listening on 15014
2023-10-04 17:29:34,896 [EndpointStateMachine task thread for /0.0.0.0:15002 - 0 ] INFO  server.GrpcService (GrpcService.java:startImpl(302)) - 3f00e8f6-b1cf-4c66-adc6-49812d80e8b8: GrpcService started, listening on 15013
2023-10-04 17:29:34,896 [EndpointStateMachine task thread for /0.0.0.0:15002 - 0 ] INFO  ratis.XceiverServerRatis (XceiverServerRatis.java:getRealPort(543)) - XceiverServerRatis 3f00e8f6-b1cf-4c66-adc6-49812d80e8b8 is started using port 15012 for RATIS
2023-10-04 17:29:34,896 [EndpointStateMachine task thread for /0.0.0.0:15002 - 0 ] INFO  ratis.XceiverServerRatis (XceiverServerRatis.java:getRealPort(543)) - XceiverServerRatis 3f00e8f6-b1cf-4c66-adc6-49812d80e8b8 is started using port 15013 for RATIS_ADMIN
2023-10-04 17:29:34,897 [EndpointStateMachine task thread for /0.0.0.0:15002 - 0 ] INFO  ratis.XceiverServerRatis (XceiverServerRatis.java:getRealPort(543)) - XceiverServerRatis 3f00e8f6-b1cf-4c66-adc6-49812d80e8b8 is started using port 15014 for RATIS_SERVER
2023-10-04 17:29:34,897 [EndpointStateMachine task thread for /0.0.0.0:15002 - 0 ] INFO  ratis.XceiverServerRatis (XceiverServerRatis.java:getRealPort(543)) - XceiverServerRatis 3f00e8f6-b1cf-4c66-adc6-49812d80e8b8 is started using port 15015 for RATIS_DATASTREAM
2023-10-04 17:29:34,897 [JvmPauseMonitor2] INFO  util.JvmPauseMonitor (JvmPauseMonitor.java:run(103)) - JvmPauseMonitor-3f00e8f6-b1cf-4c66-adc6-49812d80e8b8: Started
2023-10-04 17:29:34,914 [BlockDeletingService#0] INFO  interfaces.ContainerDeletionChoosingPolicyTemplate (ContainerDeletionChoosingPolicyTemplate.java:chooseContainerForBlockDeletion(85)) - Chosen 0/5000 blocks from 0 candidate containers.
2023-10-04 17:29:35,287 [EndpointStateMachine task thread for /0.0.0.0:15002 - 0 ] INFO  utils.DatanodeStoreCache (DatanodeStoreCache.java:addDB(66)) - Added db /home/runner/work/ozone/ozone/hadoop-ozone/integration-test/target/test-dir/MiniOzoneClusterImpl-da1d4460-e54b-4a34-859f-b12e99aef92e/datanode-1/data-0/containers/hdds/da1d4460-e54b-4a34-859f-b12e99aef92e/DS-66aaf02a-bf8d-49b1-a1ef-54416838712f/container.db to cache
2023-10-04 17:29:35,287 [EndpointStateMachine task thread for /0.0.0.0:15002 - 0 ] INFO  volume.HddsVolume (HddsVolume.java:createDbStore(422)) - SchemaV3 db is created and loaded at /home/runner/work/ozone/ozone/hadoop-ozone/integration-test/target/test-dir/MiniOzoneClusterImpl-da1d4460-e54b-4a34-859f-b12e99aef92e/datanode-1/data-0/containers/hdds/da1d4460-e54b-4a34-859f-b12e99aef92e/DS-66aaf02a-bf8d-49b1-a1ef-54416838712f/container.db for volume DS-66aaf02a-bf8d-49b1-a1ef-54416838712f
2023-10-04 17:29:35,288 [EndpointStateMachine task thread for /0.0.0.0:15002 - 0 ] INFO  volume.ThrottledAsyncChecker (ThrottledAsyncChecker.java:schedule(141)) - Scheduling a check for /home/runner/work/ozone/ozone/hadoop-ozone/integration-test/target/test-dir/MiniOzoneClusterImpl-da1d4460-e54b-4a34-859f-b12e99aef92e/datanode-1/data-0/containers/hdds
2023-10-04 17:29:35,289 [EndpointStateMachine task thread for /0.0.0.0:15002 - 0 ] INFO  volume.StorageVolumeChecker (StorageVolumeChecker.java:checkAllVolumes(213)) - Scheduled health check for volume /home/runner/work/ozone/ozone/hadoop-ozone/integration-test/target/test-dir/MiniOzoneClusterImpl-da1d4460-e54b-4a34-859f-b12e99aef92e/datanode-1/data-0/containers/hdds
2023-10-04 17:29:35,297 [EndpointStateMachine task thread for /0.0.0.0:15002 - 0 ] INFO  volume.ThrottledAsyncChecker (ThrottledAsyncChecker.java:schedule(141)) - Scheduling a check for /home/runner/work/ozone/ozone/hadoop-ozone/integration-test/target/test-dir/MiniOzoneClusterImpl-da1d4460-e54b-4a34-859f-b12e99aef92e/datanode-1/data/ratis
2023-10-04 17:29:35,297 [EndpointStateMachine task thread for /0.0.0.0:15002 - 0 ] INFO  volume.StorageVolumeChecker (StorageVolumeChecker.java:checkAllVolumes(213)) - Scheduled health check for volume /home/runner/work/ozone/ozone/hadoop-ozone/integration-test/target/test-dir/MiniOzoneClusterImpl-da1d4460-e54b-4a34-859f-b12e99aef92e/datanode-1/data/ratis
2023-10-04 17:29:35,298 [EndpointStateMachine task thread for /0.0.0.0:15002 - 0 ] INFO  ozoneimpl.OzoneContainer (OzoneContainer.java:start(429)) - Attempting to start container services.
2023-10-04 17:29:35,298 [EndpointStateMachine task thread for /0.0.0.0:15002 - 0 ] INFO  ozoneimpl.OzoneContainer (OzoneContainer.java:startContainerScrub(325)) - Scheduled background container scanners and the on-demand container scanner have been disabled.
2023-10-04 17:29:35,300 [EndpointStateMachine task thread for /0.0.0.0:15002 - 0 ] INFO  replication.ReplicationServer (ReplicationServer.java:start(134)) - ReplicationServer is started using port 15025
2023-10-04 17:29:35,300 [EndpointStateMachine task thread for /0.0.0.0:15002 - 0 ] INFO  ratis.XceiverServerRatis (XceiverServerRatis.java:start(517)) - Starting XceiverServerRatis f9d37fed-45fc-460e-afd0-cdcd65402720
2023-10-04 17:29:35,302 [EndpointStateMachine task thread for /0.0.0.0:15002 - 0 ] INFO  server.RaftServer (RaftServerProxy.java:startImpl(400)) - f9d37fed-45fc-460e-afd0-cdcd65402720: start RPC server
2023-10-04 17:29:35,307 [EndpointStateMachine task thread for /0.0.0.0:15002 - 0 ] INFO  server.GrpcService (GrpcService.java:startImpl(302)) - f9d37fed-45fc-460e-afd0-cdcd65402720: GrpcService started, listening on 15021
2023-10-04 17:29:35,308 [EndpointStateMachine task thread for /0.0.0.0:15002 - 0 ] INFO  server.GrpcService (GrpcService.java:startImpl(302)) - f9d37fed-45fc-460e-afd0-cdcd65402720: GrpcService started, listening on 15023
2023-10-04 17:29:35,311 [EndpointStateMachine task thread for /0.0.0.0:15002 - 0 ] INFO  server.GrpcService (GrpcService.java:startImpl(302)) - f9d37fed-45fc-460e-afd0-cdcd65402720: GrpcService started, listening on 15022
2023-10-04 17:29:35,311 [EndpointStateMachine task thread for /0.0.0.0:15002 - 0 ] INFO  ratis.XceiverServerRatis (XceiverServerRatis.java:getRealPort(543)) - XceiverServerRatis f9d37fed-45fc-460e-afd0-cdcd65402720 is started using port 15021 for RATIS
2023-10-04 17:29:35,311 [EndpointStateMachine task thread for /0.0.0.0:15002 - 0 ] INFO  ratis.XceiverServerRatis (XceiverServerRatis.java:getRealPort(543)) - XceiverServerRatis f9d37fed-45fc-460e-afd0-cdcd65402720 is started using port 15022 for RATIS_ADMIN
2023-10-04 17:29:35,311 [JvmPauseMonitor3] INFO  util.JvmPauseMonitor (JvmPauseMonitor.java:run(103)) - JvmPauseMonitor-f9d37fed-45fc-460e-afd0-cdcd65402720: Started
2023-10-04 17:29:35,311 [EndpointStateMachine task thread for /0.0.0.0:15002 - 0 ] INFO  ratis.XceiverServerRatis (XceiverServerRatis.java:getRealPort(543)) - XceiverServerRatis f9d37fed-45fc-460e-afd0-cdcd65402720 is started using port 15023 for RATIS_SERVER
2023-10-04 17:29:35,311 [EndpointStateMachine task thread for /0.0.0.0:15002 - 0 ] INFO  ratis.XceiverServerRatis (XceiverServerRatis.java:getRealPort(543)) - XceiverServerRatis f9d37fed-45fc-460e-afd0-cdcd65402720 is started using port 15024 for RATIS_DATASTREAM
2023-10-04 17:29:35,315 [main] INFO  ozone.MiniOzoneClusterImpl (MiniOzoneClusterImpl.java:lambda$waitForClusterToBeReady$0(229)) - Waiting for nodes to be ready. Got 0 of 5 DN Heartbeats.
2023-10-04 17:29:35,315 [main] INFO  ozone.MiniOzoneClusterImpl (MiniOzoneClusterImpl.java:lambda$waitForClusterToBeReady$0(232)) - Waiting for cluster to exit safe mode
2023-10-04 17:29:35,315 [main] INFO  ozone.MiniOzoneClusterImpl (MiniOzoneClusterImpl.java:lambda$waitForClusterToBeReady$0(234)) - SCM became leader
2023-10-04 17:29:35,315 [BlockDeletingService#0] INFO  interfaces.ContainerDeletionChoosingPolicyTemplate (ContainerDeletionChoosingPolicyTemplate.java:chooseContainerForBlockDeletion(85)) - Chosen 0/5000 blocks from 0 candidate containers.
2023-10-04 17:29:35,696 [EndpointStateMachine task thread for /0.0.0.0:15002 - 0 ] INFO  utils.DatanodeStoreCache (DatanodeStoreCache.java:addDB(66)) - Added db /home/runner/work/ozone/ozone/hadoop-ozone/integration-test/target/test-dir/MiniOzoneClusterImpl-da1d4460-e54b-4a34-859f-b12e99aef92e/datanode-2/data-0/containers/hdds/da1d4460-e54b-4a34-859f-b12e99aef92e/DS-94c1af4a-62ca-415c-b02b-1264e5ba3ce7/container.db to cache
2023-10-04 17:29:35,696 [EndpointStateMachine task thread for /0.0.0.0:15002 - 0 ] INFO  volume.HddsVolume (HddsVolume.java:createDbStore(422)) - SchemaV3 db is created and loaded at /home/runner/work/ozone/ozone/hadoop-ozone/integration-test/target/test-dir/MiniOzoneClusterImpl-da1d4460-e54b-4a34-859f-b12e99aef92e/datanode-2/data-0/containers/hdds/da1d4460-e54b-4a34-859f-b12e99aef92e/DS-94c1af4a-62ca-415c-b02b-1264e5ba3ce7/container.db for volume DS-94c1af4a-62ca-415c-b02b-1264e5ba3ce7
2023-10-04 17:29:35,697 [EndpointStateMachine task thread for /0.0.0.0:15002 - 0 ] INFO  volume.ThrottledAsyncChecker (ThrottledAsyncChecker.java:schedule(141)) - Scheduling a check for /home/runner/work/ozone/ozone/hadoop-ozone/integration-test/target/test-dir/MiniOzoneClusterImpl-da1d4460-e54b-4a34-859f-b12e99aef92e/datanode-2/data-0/containers/hdds
2023-10-04 17:29:35,701 [EndpointStateMachine task thread for /0.0.0.0:15002 - 0 ] INFO  volume.StorageVolumeChecker (StorageVolumeChecker.java:checkAllVolumes(213)) - Scheduled health check for volume /home/runner/work/ozone/ozone/hadoop-ozone/integration-test/target/test-dir/MiniOzoneClusterImpl-da1d4460-e54b-4a34-859f-b12e99aef92e/datanode-2/data-0/containers/hdds
2023-10-04 17:29:35,704 [EndpointStateMachine task thread for /0.0.0.0:15002 - 0 ] INFO  volume.ThrottledAsyncChecker (ThrottledAsyncChecker.java:schedule(141)) - Scheduling a check for /home/runner/work/ozone/ozone/hadoop-ozone/integration-test/target/test-dir/MiniOzoneClusterImpl-da1d4460-e54b-4a34-859f-b12e99aef92e/datanode-2/data/ratis
2023-10-04 17:29:35,704 [EndpointStateMachine task thread for /0.0.0.0:15002 - 0 ] INFO  volume.StorageVolumeChecker (StorageVolumeChecker.java:checkAllVolumes(213)) - Scheduled health check for volume /home/runner/work/ozone/ozone/hadoop-ozone/integration-test/target/test-dir/MiniOzoneClusterImpl-da1d4460-e54b-4a34-859f-b12e99aef92e/datanode-2/data/ratis
2023-10-04 17:29:35,705 [EndpointStateMachine task thread for /0.0.0.0:15002 - 0 ] INFO  ozoneimpl.OzoneContainer (OzoneContainer.java:start(429)) - Attempting to start container services.
2023-10-04 17:29:35,706 [EndpointStateMachine task thread for /0.0.0.0:15002 - 0 ] INFO  ozoneimpl.OzoneContainer (OzoneContainer.java:startContainerScrub(325)) - Scheduled background container scanners and the on-demand container scanner have been disabled.
2023-10-04 17:29:35,708 [EndpointStateMachine task thread for /0.0.0.0:15002 - 0 ] INFO  replication.ReplicationServer (ReplicationServer.java:start(134)) - ReplicationServer is started using port 15034
2023-10-04 17:29:35,708 [EndpointStateMachine task thread for /0.0.0.0:15002 - 0 ] INFO  ratis.XceiverServerRatis (XceiverServerRatis.java:start(517)) - Starting XceiverServerRatis de7ceff0-6407-4127-9c69-f263aab5871b
2023-10-04 17:29:35,709 [EndpointStateMachine task thread for /0.0.0.0:15002 - 0 ] INFO  server.RaftServer (RaftServerProxy.java:startImpl(400)) - de7ceff0-6407-4127-9c69-f263aab5871b: start RPC server
2023-10-04 17:29:35,711 [EndpointStateMachine task thread for /0.0.0.0:15002 - 0 ] INFO  server.GrpcService (GrpcService.java:startImpl(302)) - de7ceff0-6407-4127-9c69-f263aab5871b: GrpcService started, listening on 15030
2023-10-04 17:29:35,713 [EndpointStateMachine task thread for /0.0.0.0:15002 - 0 ] INFO  server.GrpcService (GrpcService.java:startImpl(302)) - de7ceff0-6407-4127-9c69-f263aab5871b: GrpcService started, listening on 15032
2023-10-04 17:29:35,715 [EndpointStateMachine task thread for /0.0.0.0:15002 - 0 ] INFO  server.GrpcService (GrpcService.java:startImpl(302)) - de7ceff0-6407-4127-9c69-f263aab5871b: GrpcService started, listening on 15031
2023-10-04 17:29:35,715 [EndpointStateMachine task thread for /0.0.0.0:15002 - 0 ] INFO  ratis.XceiverServerRatis (XceiverServerRatis.java:getRealPort(543)) - XceiverServerRatis de7ceff0-6407-4127-9c69-f263aab5871b is started using port 15030 for RATIS
2023-10-04 17:29:35,715 [JvmPauseMonitor4] INFO  util.JvmPauseMonitor (JvmPauseMonitor.java:run(103)) - JvmPauseMonitor-de7ceff0-6407-4127-9c69-f263aab5871b: Started
2023-10-04 17:29:35,715 [EndpointStateMachine task thread for /0.0.0.0:15002 - 0 ] INFO  ratis.XceiverServerRatis (XceiverServerRatis.java:getRealPort(543)) - XceiverServerRatis de7ceff0-6407-4127-9c69-f263aab5871b is started using port 15031 for RATIS_ADMIN
2023-10-04 17:29:35,716 [EndpointStateMachine task thread for /0.0.0.0:15002 - 0 ] INFO  ratis.XceiverServerRatis (XceiverServerRatis.java:getRealPort(543)) - XceiverServerRatis de7ceff0-6407-4127-9c69-f263aab5871b is started using port 15032 for RATIS_SERVER
2023-10-04 17:29:35,716 [EndpointStateMachine task thread for /0.0.0.0:15002 - 0 ] INFO  ratis.XceiverServerRatis (XceiverServerRatis.java:getRealPort(543)) - XceiverServerRatis de7ceff0-6407-4127-9c69-f263aab5871b is started using port 15033 for RATIS_DATASTREAM
2023-10-04 17:29:35,721 [BlockDeletingService#0] INFO  interfaces.ContainerDeletionChoosingPolicyTemplate (ContainerDeletionChoosingPolicyTemplate.java:chooseContainerForBlockDeletion(85)) - Chosen 0/5000 blocks from 0 candidate containers.
2023-10-04 17:29:36,062 [EndpointStateMachine task thread for /0.0.0.0:15002 - 0 ] INFO  utils.DatanodeStoreCache (DatanodeStoreCache.java:addDB(66)) - Added db /home/runner/work/ozone/ozone/hadoop-ozone/integration-test/target/test-dir/MiniOzoneClusterImpl-da1d4460-e54b-4a34-859f-b12e99aef92e/datanode-3/data-0/containers/hdds/da1d4460-e54b-4a34-859f-b12e99aef92e/DS-02d864e9-38af-49bd-9001-6ba0a8cf1eaa/container.db to cache
2023-10-04 17:29:36,063 [EndpointStateMachine task thread for /0.0.0.0:15002 - 0 ] INFO  volume.HddsVolume (HddsVolume.java:createDbStore(422)) - SchemaV3 db is created and loaded at /home/runner/work/ozone/ozone/hadoop-ozone/integration-test/target/test-dir/MiniOzoneClusterImpl-da1d4460-e54b-4a34-859f-b12e99aef92e/datanode-3/data-0/containers/hdds/da1d4460-e54b-4a34-859f-b12e99aef92e/DS-02d864e9-38af-49bd-9001-6ba0a8cf1eaa/container.db for volume DS-02d864e9-38af-49bd-9001-6ba0a8cf1eaa
2023-10-04 17:29:36,072 [EndpointStateMachine task thread for /0.0.0.0:15002 - 0 ] INFO  volume.ThrottledAsyncChecker (ThrottledAsyncChecker.java:schedule(141)) - Scheduling a check for /home/runner/work/ozone/ozone/hadoop-ozone/integration-test/target/test-dir/MiniOzoneClusterImpl-da1d4460-e54b-4a34-859f-b12e99aef92e/datanode-3/data-0/containers/hdds
2023-10-04 17:29:36,073 [EndpointStateMachine task thread for /0.0.0.0:15002 - 0 ] INFO  volume.StorageVolumeChecker (StorageVolumeChecker.java:checkAllVolumes(213)) - Scheduled health check for volume /home/runner/work/ozone/ozone/hadoop-ozone/integration-test/target/test-dir/MiniOzoneClusterImpl-da1d4460-e54b-4a34-859f-b12e99aef92e/datanode-3/data-0/containers/hdds
2023-10-04 17:29:36,075 [EndpointStateMachine task thread for /0.0.0.0:15002 - 0 ] INFO  volume.ThrottledAsyncChecker (ThrottledAsyncChecker.java:schedule(141)) - Scheduling a check for /home/runner/work/ozone/ozone/hadoop-ozone/integration-test/target/test-dir/MiniOzoneClusterImpl-da1d4460-e54b-4a34-859f-b12e99aef92e/datanode-3/data/ratis
2023-10-04 17:29:36,076 [EndpointStateMachine task thread for /0.0.0.0:15002 - 0 ] INFO  volume.StorageVolumeChecker (StorageVolumeChecker.java:checkAllVolumes(213)) - Scheduled health check for volume /home/runner/work/ozone/ozone/hadoop-ozone/integration-test/target/test-dir/MiniOzoneClusterImpl-da1d4460-e54b-4a34-859f-b12e99aef92e/datanode-3/data/ratis
2023-10-04 17:29:36,077 [EndpointStateMachine task thread for /0.0.0.0:15002 - 0 ] INFO  ozoneimpl.OzoneContainer (OzoneContainer.java:start(429)) - Attempting to start container services.
2023-10-04 17:29:36,077 [EndpointStateMachine task thread for /0.0.0.0:15002 - 0 ] INFO  ozoneimpl.OzoneContainer (OzoneContainer.java:startContainerScrub(325)) - Scheduled background container scanners and the on-demand container scanner have been disabled.
2023-10-04 17:29:36,079 [EndpointStateMachine task thread for /0.0.0.0:15002 - 0 ] INFO  replication.ReplicationServer (ReplicationServer.java:start(134)) - ReplicationServer is started using port 15043
2023-10-04 17:29:36,079 [EndpointStateMachine task thread for /0.0.0.0:15002 - 0 ] INFO  ratis.XceiverServerRatis (XceiverServerRatis.java:start(517)) - Starting XceiverServerRatis 7f6f1d5e-e678-44b5-b81f-6e760b4e5c8d
2023-10-04 17:29:36,081 [EndpointStateMachine task thread for /0.0.0.0:15002 - 0 ] INFO  server.RaftServer (RaftServerProxy.java:startImpl(400)) - 7f6f1d5e-e678-44b5-b81f-6e760b4e5c8d: start RPC server
2023-10-04 17:29:36,082 [EndpointStateMachine task thread for /0.0.0.0:15002 - 0 ] INFO  server.GrpcService (GrpcService.java:startImpl(302)) - 7f6f1d5e-e678-44b5-b81f-6e760b4e5c8d: GrpcService started, listening on 15039
2023-10-04 17:29:36,084 [EndpointStateMachine task thread for /0.0.0.0:15002 - 0 ] INFO  server.GrpcService (GrpcService.java:startImpl(302)) - 7f6f1d5e-e678-44b5-b81f-6e760b4e5c8d: GrpcService started, listening on 15041
2023-10-04 17:29:36,088 [EndpointStateMachine task thread for /0.0.0.0:15002 - 0 ] INFO  server.GrpcService (GrpcService.java:startImpl(302)) - 7f6f1d5e-e678-44b5-b81f-6e760b4e5c8d: GrpcService started, listening on 15040
2023-10-04 17:29:36,089 [EndpointStateMachine task thread for /0.0.0.0:15002 - 0 ] INFO  ratis.XceiverServerRatis (XceiverServerRatis.java:getRealPort(543)) - XceiverServerRatis 7f6f1d5e-e678-44b5-b81f-6e760b4e5c8d is started using port 15039 for RATIS
2023-10-04 17:29:36,089 [JvmPauseMonitor5] INFO  util.JvmPauseMonitor (JvmPauseMonitor.java:run(103)) - JvmPauseMonitor-7f6f1d5e-e678-44b5-b81f-6e760b4e5c8d: Started
2023-10-04 17:29:36,089 [EndpointStateMachine task thread for /0.0.0.0:15002 - 0 ] INFO  ratis.XceiverServerRatis (XceiverServerRatis.java:getRealPort(543)) - XceiverServerRatis 7f6f1d5e-e678-44b5-b81f-6e760b4e5c8d is started using port 15040 for RATIS_ADMIN
2023-10-04 17:29:36,090 [EndpointStateMachine task thread for /0.0.0.0:15002 - 0 ] INFO  ratis.XceiverServerRatis (XceiverServerRatis.java:getRealPort(543)) - XceiverServerRatis 7f6f1d5e-e678-44b5-b81f-6e760b4e5c8d is started using port 15041 for RATIS_SERVER
2023-10-04 17:29:36,090 [EndpointStateMachine task thread for /0.0.0.0:15002 - 0 ] INFO  ratis.XceiverServerRatis (XceiverServerRatis.java:getRealPort(543)) - XceiverServerRatis 7f6f1d5e-e678-44b5-b81f-6e760b4e5c8d is started using port 15042 for RATIS_DATASTREAM
2023-10-04 17:29:36,097 [BlockDeletingService#0] INFO  interfaces.ContainerDeletionChoosingPolicyTemplate (ContainerDeletionChoosingPolicyTemplate.java:chooseContainerForBlockDeletion(85)) - Chosen 0/5000 blocks from 0 candidate containers.
2023-10-04 17:29:36,315 [main] INFO  ozone.MiniOzoneClusterImpl (MiniOzoneClusterImpl.java:lambda$waitForClusterToBeReady$0(229)) - Waiting for nodes to be ready. Got 0 of 5 DN Heartbeats.
2023-10-04 17:29:36,316 [main] INFO  ozone.MiniOzoneClusterImpl (MiniOzoneClusterImpl.java:lambda$waitForClusterToBeReady$0(232)) - Waiting for cluster to exit safe mode
2023-10-04 17:29:36,316 [main] INFO  ozone.MiniOzoneClusterImpl (MiniOzoneClusterImpl.java:lambda$waitForClusterToBeReady$0(234)) - SCM became leader
2023-10-04 17:29:36,368 [EndpointStateMachine task thread for /0.0.0.0:15002 - 0 ] INFO  utils.DatanodeStoreCache (DatanodeStoreCache.java:addDB(66)) - Added db /home/runner/work/ozone/ozone/hadoop-ozone/integration-test/target/test-dir/MiniOzoneClusterImpl-da1d4460-e54b-4a34-859f-b12e99aef92e/datanode-4/data-0/containers/hdds/da1d4460-e54b-4a34-859f-b12e99aef92e/DS-41625b35-e0f7-4e7a-a47f-109f9b842c23/container.db to cache
2023-10-04 17:29:36,368 [EndpointStateMachine task thread for /0.0.0.0:15002 - 0 ] INFO  volume.HddsVolume (HddsVolume.java:createDbStore(422)) - SchemaV3 db is created and loaded at /home/runner/work/ozone/ozone/hadoop-ozone/integration-test/target/test-dir/MiniOzoneClusterImpl-da1d4460-e54b-4a34-859f-b12e99aef92e/datanode-4/data-0/containers/hdds/da1d4460-e54b-4a34-859f-b12e99aef92e/DS-41625b35-e0f7-4e7a-a47f-109f9b842c23/container.db for volume DS-41625b35-e0f7-4e7a-a47f-109f9b842c23
2023-10-04 17:29:36,370 [EndpointStateMachine task thread for /0.0.0.0:15002 - 0 ] INFO  volume.ThrottledAsyncChecker (ThrottledAsyncChecker.java:schedule(141)) - Scheduling a check for /home/runner/work/ozone/ozone/hadoop-ozone/integration-test/target/test-dir/MiniOzoneClusterImpl-da1d4460-e54b-4a34-859f-b12e99aef92e/datanode-4/data-0/containers/hdds
2023-10-04 17:29:36,371 [EndpointStateMachine task thread for /0.0.0.0:15002 - 0 ] INFO  volume.StorageVolumeChecker (StorageVolumeChecker.java:checkAllVolumes(213)) - Scheduled health check for volume /home/runner/work/ozone/ozone/hadoop-ozone/integration-test/target/test-dir/MiniOzoneClusterImpl-da1d4460-e54b-4a34-859f-b12e99aef92e/datanode-4/data-0/containers/hdds
2023-10-04 17:29:36,374 [EndpointStateMachine task thread for /0.0.0.0:15002 - 0 ] INFO  volume.ThrottledAsyncChecker (ThrottledAsyncChecker.java:schedule(141)) - Scheduling a check for /home/runner/work/ozone/ozone/hadoop-ozone/integration-test/target/test-dir/MiniOzoneClusterImpl-da1d4460-e54b-4a34-859f-b12e99aef92e/datanode-4/data/ratis
2023-10-04 17:29:36,374 [EndpointStateMachine task thread for /0.0.0.0:15002 - 0 ] INFO  volume.StorageVolumeChecker (StorageVolumeChecker.java:checkAllVolumes(213)) - Scheduled health check for volume /home/runner/work/ozone/ozone/hadoop-ozone/integration-test/target/test-dir/MiniOzoneClusterImpl-da1d4460-e54b-4a34-859f-b12e99aef92e/datanode-4/data/ratis
2023-10-04 17:29:36,375 [EndpointStateMachine task thread for /0.0.0.0:15002 - 0 ] INFO  ozoneimpl.OzoneContainer (OzoneContainer.java:start(429)) - Attempting to start container services.
2023-10-04 17:29:36,375 [EndpointStateMachine task thread for /0.0.0.0:15002 - 0 ] INFO  ozoneimpl.OzoneContainer (OzoneContainer.java:startContainerScrub(325)) - Scheduled background container scanners and the on-demand container scanner have been disabled.
2023-10-04 17:29:36,377 [EndpointStateMachine task thread for /0.0.0.0:15002 - 0 ] INFO  replication.ReplicationServer (ReplicationServer.java:start(134)) - ReplicationServer is started using port 15052
2023-10-04 17:29:36,377 [EndpointStateMachine task thread for /0.0.0.0:15002 - 0 ] INFO  ratis.XceiverServerRatis (XceiverServerRatis.java:start(517)) - Starting XceiverServerRatis 49b21075-65f4-471d-b0a6-7943aa3ff632
2023-10-04 17:29:36,377 [EndpointStateMachine task thread for /0.0.0.0:15002 - 0 ] INFO  server.RaftServer (RaftServerProxy.java:startImpl(400)) - 49b21075-65f4-471d-b0a6-7943aa3ff632: start RPC server
2023-10-04 17:29:36,382 [EndpointStateMachine task thread for /0.0.0.0:15002 - 0 ] INFO  server.GrpcService (GrpcService.java:startImpl(302)) - 49b21075-65f4-471d-b0a6-7943aa3ff632: GrpcService started, listening on 15048
2023-10-04 17:29:36,383 [EndpointStateMachine task thread for /0.0.0.0:15002 - 0 ] INFO  server.GrpcService (GrpcService.java:startImpl(302)) - 49b21075-65f4-471d-b0a6-7943aa3ff632: GrpcService started, listening on 15050
2023-10-04 17:29:36,384 [EndpointStateMachine task thread for /0.0.0.0:15002 - 0 ] INFO  server.GrpcService (GrpcService.java:startImpl(302)) - 49b21075-65f4-471d-b0a6-7943aa3ff632: GrpcService started, listening on 15049
2023-10-04 17:29:36,384 [EndpointStateMachine task thread for /0.0.0.0:15002 - 0 ] INFO  ratis.XceiverServerRatis (XceiverServerRatis.java:getRealPort(543)) - XceiverServerRatis 49b21075-65f4-471d-b0a6-7943aa3ff632 is started using port 15048 for RATIS
2023-10-04 17:29:36,384 [EndpointStateMachine task thread for /0.0.0.0:15002 - 0 ] INFO  ratis.XceiverServerRatis (XceiverServerRatis.java:getRealPort(543)) - XceiverServerRatis 49b21075-65f4-471d-b0a6-7943aa3ff632 is started using port 15049 for RATIS_ADMIN
2023-10-04 17:29:36,384 [JvmPauseMonitor6] INFO  util.JvmPauseMonitor (JvmPauseMonitor.java:run(103)) - JvmPauseMonitor-49b21075-65f4-471d-b0a6-7943aa3ff632: Started
2023-10-04 17:29:36,384 [EndpointStateMachine task thread for /0.0.0.0:15002 - 0 ] INFO  ratis.XceiverServerRatis (XceiverServerRatis.java:getRealPort(543)) - XceiverServerRatis 49b21075-65f4-471d-b0a6-7943aa3ff632 is started using port 15050 for RATIS_SERVER
2023-10-04 17:29:36,385 [EndpointStateMachine task thread for /0.0.0.0:15002 - 0 ] INFO  ratis.XceiverServerRatis (XceiverServerRatis.java:getRealPort(543)) - XceiverServerRatis 49b21075-65f4-471d-b0a6-7943aa3ff632 is started using port 15051 for RATIS_DATASTREAM
2023-10-04 17:29:36,388 [BlockDeletingService#0] INFO  interfaces.ContainerDeletionChoosingPolicyTemplate (ContainerDeletionChoosingPolicyTemplate.java:chooseContainerForBlockDeletion(85)) - Chosen 0/5000 blocks from 0 candidate containers.
2023-10-04 17:29:36,735 [IPC Server handler 8 on default port 15002] INFO  net.NetworkTopologyImpl (NetworkTopologyImpl.java:add(112)) - Added a new node: /default-rack/3f00e8f6-b1cf-4c66-adc6-49812d80e8b8
2023-10-04 17:29:36,738 [IPC Server handler 8 on default port 15002] INFO  node.SCMNodeManager (SCMNodeManager.java:register(405)) - Registered Data node : 3f00e8f6-b1cf-4c66-adc6-49812d80e8b8{ip: 10.1.0.20, host: fv-az453-706.hss2zji4abbufegd5wcf2so25h.dx.internal.cloudapp.net, ports: [HTTP=15009, CLIENT_RPC=15010, REPLICATION=15016, RATIS=15012, RATIS_ADMIN=15013, RATIS_SERVER=15014, RATIS_DATASTREAM=15015, STANDALONE=15011], networkLocation: /default-rack, certSerialId: null, persistedOpState: null, persistedOpStateExpiryEpochSec: 0}
2023-10-04 17:29:36,741 [EventQueue-NewNodeForNewNodeHandler] INFO  pipeline.BackgroundPipelineCreator (BackgroundPipelineCreator.java:notifyEventTriggered(277)) - trigger a one-shot run on RatisPipelineUtilsThread.
2023-10-04 17:29:36,742 [EventQueue-NodeRegistrationContainerReportForContainerSafeModeRule] INFO  safemode.SCMSafeModeManager (SCMSafeModeManager.java:validateSafeModeExitRules(200)) - ContainerSafeModeRule rule is successfully validated
2023-10-04 17:29:36,742 [EventQueue-NodeRegistrationContainerReportForDataNodeSafeModeRule] INFO  safemode.SCMSafeModeManager (DataNodeSafeModeRule.java:process(71)) - SCM in safe mode. 1 DataNodes registered, 3 required.
2023-10-04 17:29:36,747 [EventQueue-PipelineReportForOneReplicaPipelineSafeModeRule] INFO  safemode.SCMSafeModeManager (SCMSafeModeManager.java:validateSafeModeExitRules(200)) - AtleastOneDatanodeReportedRule rule is successfully validated
2023-10-04 17:29:36,757 [RatisPipelineUtilsThread - 0] INFO  pipeline.RatisPipelineProvider (RatisPipelineProvider.java:lambda$create$0(206)) - Sending CreatePipelineCommand for pipeline:PipelineID=4171082b-0074-48a9-a8ac-c577c6cd19eb to datanode:3f00e8f6-b1cf-4c66-adc6-49812d80e8b8
2023-10-04 17:29:36,770 [RatisPipelineUtilsThread - 0] INFO  pipeline.BackgroundPipelineCreator (BackgroundPipelineCreator.java:createPipelines(233)) - Created new pipeline Pipeline[ Id: 4171082b-0074-48a9-a8ac-c577c6cd19eb, Nodes: 3f00e8f6-b1cf-4c66-adc6-49812d80e8b8(fv-az453-706.hss2zji4abbufegd5wcf2so25h.dx.internal.cloudapp.net/10.1.0.20), ReplicationConfig: RATIS/ONE, State:ALLOCATED, leaderId:, CreationTimestamp2023-10-04T17:29:36.756Z[Etc/UTC]]
2023-10-04 17:29:37,244 [IPC Server handler 6 on default port 15002] INFO  net.NetworkTopologyImpl (NetworkTopologyImpl.java:add(112)) - Added a new node: /default-rack/f9d37fed-45fc-460e-afd0-cdcd65402720
2023-10-04 17:29:37,244 [IPC Server handler 6 on default port 15002] INFO  node.SCMNodeManager (SCMNodeManager.java:register(405)) - Registered Data node : f9d37fed-45fc-460e-afd0-cdcd65402720{ip: 10.1.0.20, host: fv-az453-706.hss2zji4abbufegd5wcf2so25h.dx.internal.cloudapp.net, ports: [HTTP=15018, CLIENT_RPC=15019, REPLICATION=15025, RATIS=15021, RATIS_ADMIN=15022, RATIS_SERVER=15023, RATIS_DATASTREAM=15024, STANDALONE=15020], networkLocation: /default-rack, certSerialId: null, persistedOpState: null, persistedOpStateExpiryEpochSec: 0}
2023-10-04 17:29:37,245 [EventQueue-NodeRegistrationContainerReportForDataNodeSafeModeRule] INFO  safemode.SCMSafeModeManager (DataNodeSafeModeRule.java:process(71)) - SCM in safe mode. 2 DataNodes registered, 3 required.
2023-10-04 17:29:37,245 [EventQueue-NewNodeForNewNodeHandler] INFO  pipeline.BackgroundPipelineCreator (BackgroundPipelineCreator.java:notifyEventTriggered(277)) - trigger a one-shot run on RatisPipelineUtilsThread.
2023-10-04 17:29:37,247 [RatisPipelineUtilsThread - 0] INFO  pipeline.RatisPipelineProvider (RatisPipelineProvider.java:lambda$create$0(206)) - Sending CreatePipelineCommand for pipeline:PipelineID=45a6bee1-abcb-477f-ac20-b70dfc59a970 to datanode:f9d37fed-45fc-460e-afd0-cdcd65402720
2023-10-04 17:29:37,248 [RatisPipelineUtilsThread - 0] INFO  pipeline.BackgroundPipelineCreator (BackgroundPipelineCreator.java:createPipelines(233)) - Created new pipeline Pipeline[ Id: 45a6bee1-abcb-477f-ac20-b70dfc59a970, Nodes: f9d37fed-45fc-460e-afd0-cdcd65402720(fv-az453-706.hss2zji4abbufegd5wcf2so25h.dx.internal.cloudapp.net/10.1.0.20), ReplicationConfig: RATIS/ONE, State:ALLOCATED, leaderId:, CreationTimestamp2023-10-04T17:29:37.247Z[Etc/UTC]]
2023-10-04 17:29:37,316 [main] INFO  ozone.MiniOzoneClusterImpl (MiniOzoneClusterImpl.java:lambda$waitForClusterToBeReady$0(229)) - Waiting for nodes to be ready. Got 2 of 5 DN Heartbeats.
2023-10-04 17:29:37,316 [main] INFO  ozone.MiniOzoneClusterImpl (MiniOzoneClusterImpl.java:lambda$waitForClusterToBeReady$0(232)) - Waiting for cluster to exit safe mode
2023-10-04 17:29:37,316 [main] INFO  ozone.MiniOzoneClusterImpl (MiniOzoneClusterImpl.java:lambda$waitForClusterToBeReady$0(234)) - SCM became leader
2023-10-04 17:29:37,660 [IPC Server handler 5 on default port 15002] INFO  net.NetworkTopologyImpl (NetworkTopologyImpl.java:add(112)) - Added a new node: /default-rack/de7ceff0-6407-4127-9c69-f263aab5871b
2023-10-04 17:29:37,661 [IPC Server handler 5 on default port 15002] INFO  node.SCMNodeManager (SCMNodeManager.java:register(405)) - Registered Data node : de7ceff0-6407-4127-9c69-f263aab5871b{ip: 10.1.0.20, host: fv-az453-706.hss2zji4abbufegd5wcf2so25h.dx.internal.cloudapp.net, ports: [HTTP=15027, CLIENT_RPC=15028, REPLICATION=15034, RATIS=15030, RATIS_ADMIN=15031, RATIS_SERVER=15032, RATIS_DATASTREAM=15033, STANDALONE=15029], networkLocation: /default-rack, certSerialId: null, persistedOpState: null, persistedOpStateExpiryEpochSec: 0}
2023-10-04 17:29:37,662 [EventQueue-NodeRegistrationContainerReportForDataNodeSafeModeRule] INFO  safemode.SCMSafeModeManager (DataNodeSafeModeRule.java:process(71)) - SCM in safe mode. 3 DataNodes registered, 3 required.
2023-10-04 17:29:37,662 [EventQueue-NodeRegistrationContainerReportForDataNodeSafeModeRule] INFO  safemode.SCMSafeModeManager (SCMSafeModeManager.java:validateSafeModeExitRules(200)) - DataNodeSafeModeRule rule is successfully validated
2023-10-04 17:29:37,662 [EventQueue-NodeRegistrationContainerReportForDataNodeSafeModeRule] INFO  safemode.SCMSafeModeManager (SCMSafeModeManager.java:completePreCheck(229)) - All SCM safe mode pre check rules have passed
2023-10-04 17:29:37,662 [EventQueue-NodeRegistrationContainerReportForDataNodeSafeModeRule] INFO  ha.SCMContext (SCMContext.java:updateSafeModeStatus(228)) - Update SafeModeStatus from SafeModeStatus{safeModeStatus=true, preCheckPassed=false} to SafeModeStatus{safeModeStatus=true, preCheckPassed=true}.
2023-10-04 17:29:37,662 [EventQueue-NodeRegistrationContainerReportForDataNodeSafeModeRule] INFO  pipeline.BackgroundPipelineCreator (BackgroundPipelineCreator.java:notifyEventTriggered(277)) - trigger a one-shot run on RatisPipelineUtilsThread.
2023-10-04 17:29:37,663 [RatisPipelineUtilsThread - 0] INFO  pipeline.RatisPipelineProvider (RatisPipelineProvider.java:lambda$create$0(206)) - Sending CreatePipelineCommand for pipeline:PipelineID=2471be4c-7022-43dd-bd90-158a427f0af5 to datanode:de7ceff0-6407-4127-9c69-f263aab5871b
2023-10-04 17:29:37,665 [RatisPipelineUtilsThread - 0] INFO  pipeline.BackgroundPipelineCreator (BackgroundPipelineCreator.java:createPipelines(233)) - Created new pipeline Pipeline[ Id: 2471be4c-7022-43dd-bd90-158a427f0af5, Nodes: de7ceff0-6407-4127-9c69-f263aab5871b(fv-az453-706.hss2zji4abbufegd5wcf2so25h.dx.internal.cloudapp.net/10.1.0.20), ReplicationConfig: RATIS/ONE, State:ALLOCATED, leaderId:, CreationTimestamp2023-10-04T17:29:37.663Z[Etc/UTC]]
2023-10-04 17:29:37,663 [EventQueue-NewNodeForNewNodeHandler] INFO  pipeline.BackgroundPipelineCreator (BackgroundPipelineCreator.java:notifyEventTriggered(277)) - trigger a one-shot run on RatisPipelineUtilsThread.
2023-10-04 17:29:37,670 [RatisPipelineUtilsThread - 0] INFO  pipeline.RatisPipelineProvider (RatisPipelineProvider.java:lambda$create$0(206)) - Sending CreatePipelineCommand for pipeline:PipelineID=98d6e81a-3aed-413a-9200-80372e8a5b71 to datanode:de7ceff0-6407-4127-9c69-f263aab5871b
2023-10-04 17:29:37,670 [RatisPipelineUtilsThread - 0] INFO  pipeline.RatisPipelineProvider (RatisPipelineProvider.java:lambda$create$0(206)) - Sending CreatePipelineCommand for pipeline:PipelineID=98d6e81a-3aed-413a-9200-80372e8a5b71 to datanode:f9d37fed-45fc-460e-afd0-cdcd65402720
2023-10-04 17:29:37,670 [RatisPipelineUtilsThread - 0] INFO  pipeline.RatisPipelineProvider (RatisPipelineProvider.java:lambda$create$0(206)) - Sending CreatePipelineCommand for pipeline:PipelineID=98d6e81a-3aed-413a-9200-80372e8a5b71 to datanode:3f00e8f6-b1cf-4c66-adc6-49812d80e8b8
2023-10-04 17:29:37,671 [RatisPipelineUtilsThread - 0] INFO  pipeline.BackgroundPipelineCreator (BackgroundPipelineCreator.java:createPipelines(233)) - Created new pipeline Pipeline[ Id: 98d6e81a-3aed-413a-9200-80372e8a5b71, Nodes: de7ceff0-6407-4127-9c69-f263aab5871b(fv-az453-706.hss2zji4abbufegd5wcf2so25h.dx.internal.cloudapp.net/10.1.0.20)f9d37fed-45fc-460e-afd0-cdcd65402720(fv-az453-706.hss2zji4abbufegd5wcf2so25h.dx.internal.cloudapp.net/10.1.0.20)3f00e8f6-b1cf-4c66-adc6-49812d80e8b8(fv-az453-706.hss2zji4abbufegd5wcf2so25h.dx.internal.cloudapp.net/10.1.0.20), ReplicationConfig: RATIS/THREE, State:ALLOCATED, leaderId:, CreationTimestamp2023-10-04T17:29:37.670Z[Etc/UTC]]
2023-10-04 17:29:37,673 [RatisPipelineUtilsThread - 0] INFO  pipeline.RatisPipelineProvider (RatisPipelineProvider.java:lambda$create$0(206)) - Sending CreatePipelineCommand for pipeline:PipelineID=58fbf2b1-9f73-4e82-a2cc-321c5a6b79f8 to datanode:3f00e8f6-b1cf-4c66-adc6-49812d80e8b8
2023-10-04 17:29:37,673 [RatisPipelineUtilsThread - 0] INFO  pipeline.RatisPipelineProvider (RatisPipelineProvider.java:lambda$create$0(206)) - Sending CreatePipelineCommand for pipeline:PipelineID=58fbf2b1-9f73-4e82-a2cc-321c5a6b79f8 to datanode:f9d37fed-45fc-460e-afd0-cdcd65402720
2023-10-04 17:29:37,673 [RatisPipelineUtilsThread - 0] INFO  pipeline.RatisPipelineProvider (RatisPipelineProvider.java:lambda$create$0(206)) - Sending CreatePipelineCommand for pipeline:PipelineID=58fbf2b1-9f73-4e82-a2cc-321c5a6b79f8 to datanode:de7ceff0-6407-4127-9c69-f263aab5871b
2023-10-04 17:29:37,674 [RatisPipelineUtilsThread - 0] INFO  pipeline.PipelineManagerImpl (PipelineManagerImpl.java:recordMetricsForPipeline(895)) - Pipeline: PipelineID=58fbf2b1-9f73-4e82-a2cc-321c5a6b79f8 contains same datanodes as previous pipelines: PipelineID=98d6e81a-3aed-413a-9200-80372e8a5b71 nodeIds: 3f00e8f6-b1cf-4c66-adc6-49812d80e8b8, f9d37fed-45fc-460e-afd0-cdcd65402720, de7ceff0-6407-4127-9c69-f263aab5871b
2023-10-04 17:29:37,674 [RatisPipelineUtilsThread - 0] INFO  pipeline.BackgroundPipelineCreator (BackgroundPipelineCreator.java:createPipelines(233)) - Created new pipeline Pipeline[ Id: 58fbf2b1-9f73-4e82-a2cc-321c5a6b79f8, Nodes: 3f00e8f6-b1cf-4c66-adc6-49812d80e8b8(fv-az453-706.hss2zji4abbufegd5wcf2so25h.dx.internal.cloudapp.net/10.1.0.20)f9d37fed-45fc-460e-afd0-cdcd65402720(fv-az453-706.hss2zji4abbufegd5wcf2so25h.dx.internal.cloudapp.net/10.1.0.20)de7ceff0-6407-4127-9c69-f263aab5871b(fv-az453-706.hss2zji4abbufegd5wcf2so25h.dx.internal.cloudapp.net/10.1.0.20), ReplicationConfig: RATIS/THREE, State:ALLOCATED, leaderId:, CreationTimestamp2023-10-04T17:29:37.673Z[Etc/UTC]]
2023-10-04 17:29:38,016 [IPC Server handler 7 on default port 15002] INFO  net.NetworkTopologyImpl (NetworkTopologyImpl.java:add(112)) - Added a new node: /default-rack/7f6f1d5e-e678-44b5-b81f-6e760b4e5c8d
2023-10-04 17:29:38,017 [IPC Server handler 7 on default port 15002] INFO  node.SCMNodeManager (SCMNodeManager.java:register(405)) - Registered Data node : 7f6f1d5e-e678-44b5-b81f-6e760b4e5c8d{ip: 10.1.0.20, host: fv-az453-706.hss2zji4abbufegd5wcf2so25h.dx.internal.cloudapp.net, ports: [HTTP=15036, CLIENT_RPC=15037, REPLICATION=15043, RATIS=15039, RATIS_ADMIN=15040, RATIS_SERVER=15041, RATIS_DATASTREAM=15042, STANDALONE=15038], networkLocation: /default-rack, certSerialId: null, persistedOpState: null, persistedOpStateExpiryEpochSec: 0}
2023-10-04 17:29:38,017 [EventQueue-NewNodeForNewNodeHandler] INFO  pipeline.BackgroundPipelineCreator (BackgroundPipelineCreator.java:notifyEventTriggered(277)) - trigger a one-shot run on RatisPipelineUtilsThread.
2023-10-04 17:29:38,019 [RatisPipelineUtilsThread - 0] INFO  pipeline.RatisPipelineProvider (RatisPipelineProvider.java:lambda$create$0(206)) - Sending CreatePipelineCommand for pipeline:PipelineID=f8bbd809-b906-46a3-be8d-b89d5b6548dd to datanode:7f6f1d5e-e678-44b5-b81f-6e760b4e5c8d
2023-10-04 17:29:38,021 [RatisPipelineUtilsThread - 0] INFO  pipeline.BackgroundPipelineCreator (BackgroundPipelineCreator.java:createPipelines(233)) - Created new pipeline Pipeline[ Id: f8bbd809-b906-46a3-be8d-b89d5b6548dd, Nodes: 7f6f1d5e-e678-44b5-b81f-6e760b4e5c8d(fv-az453-706.hss2zji4abbufegd5wcf2so25h.dx.internal.cloudapp.net/10.1.0.20), ReplicationConfig: RATIS/ONE, State:ALLOCATED, leaderId:, CreationTimestamp2023-10-04T17:29:38.019Z[Etc/UTC]]
2023-10-04 17:29:38,316 [main] INFO  ozone.MiniOzoneClusterImpl (MiniOzoneClusterImpl.java:lambda$waitForClusterToBeReady$0(229)) - Waiting for nodes to be ready. Got 4 of 5 DN Heartbeats.
2023-10-04 17:29:38,317 [main] INFO  ozone.MiniOzoneClusterImpl (MiniOzoneClusterImpl.java:lambda$waitForClusterToBeReady$0(232)) - Waiting for cluster to exit safe mode
2023-10-04 17:29:38,317 [main] INFO  ozone.MiniOzoneClusterImpl (MiniOzoneClusterImpl.java:lambda$waitForClusterToBeReady$0(234)) - SCM became leader
2023-10-04 17:29:38,322 [IPC Server handler 5 on default port 15002] INFO  net.NetworkTopologyImpl (NetworkTopologyImpl.java:add(112)) - Added a new node: /default-rack/49b21075-65f4-471d-b0a6-7943aa3ff632
2023-10-04 17:29:38,322 [IPC Server handler 5 on default port 15002] INFO  node.SCMNodeManager (SCMNodeManager.java:register(405)) - Registered Data node : 49b21075-65f4-471d-b0a6-7943aa3ff632{ip: 10.1.0.20, host: fv-az453-706.hss2zji4abbufegd5wcf2so25h.dx.internal.cloudapp.net, ports: [HTTP=15045, CLIENT_RPC=15046, REPLICATION=15052, RATIS=15048, RATIS_ADMIN=15049, RATIS_SERVER=15050, RATIS_DATASTREAM=15051, STANDALONE=15047], networkLocation: /default-rack, certSerialId: null, persistedOpState: null, persistedOpStateExpiryEpochSec: 0}
2023-10-04 17:29:38,323 [EventQueue-NewNodeForNewNodeHandler] INFO  pipeline.BackgroundPipelineCreator (BackgroundPipelineCreator.java:notifyEventTriggered(277)) - trigger a one-shot run on RatisPipelineUtilsThread.
2023-10-04 17:29:38,324 [RatisPipelineUtilsThread - 0] INFO  pipeline.RatisPipelineProvider (RatisPipelineProvider.java:lambda$create$0(206)) - Sending CreatePipelineCommand for pipeline:PipelineID=57d6e41b-4add-47c3-81b0-0bab566302e3 to datanode:49b21075-65f4-471d-b0a6-7943aa3ff632
2023-10-04 17:29:38,326 [RatisPipelineUtilsThread - 0] INFO  pipeline.BackgroundPipelineCreator (BackgroundPipelineCreator.java:createPipelines(233)) - Created new pipeline Pipeline[ Id: 57d6e41b-4add-47c3-81b0-0bab566302e3, Nodes: 49b21075-65f4-471d-b0a6-7943aa3ff632(fv-az453-706.hss2zji4abbufegd5wcf2so25h.dx.internal.cloudapp.net/10.1.0.20), ReplicationConfig: RATIS/ONE, State:ALLOCATED, leaderId:, CreationTimestamp2023-10-04T17:29:38.324Z[Etc/UTC]]
2023-10-04 17:29:39,317 [main] INFO  ozone.MiniOzoneClusterImpl (MiniOzoneClusterImpl.java:lambda$waitForClusterToBeReady$0(229)) - Nodes are ready. Got 5 of 5 DN Heartbeats.
2023-10-04 17:29:39,318 [main] INFO  ozone.MiniOzoneClusterImpl (MiniOzoneClusterImpl.java:lambda$waitForClusterToBeReady$0(232)) - Waiting for cluster to exit safe mode
2023-10-04 17:29:39,318 [main] INFO  ozone.MiniOzoneClusterImpl (MiniOzoneClusterImpl.java:lambda$waitForClusterToBeReady$0(234)) - SCM became leader
2023-10-04 17:29:39,729 [PipelineCommandHandlerThread-0] INFO  server.RaftServer (RaftServerProxy.java:addNew(98)) - 3f00e8f6-b1cf-4c66-adc6-49812d80e8b8: addNew group-C577C6CD19EB:[3f00e8f6-b1cf-4c66-adc6-49812d80e8b8|rpc:10.1.0.20:15014|admin:10.1.0.20:15013|client:10.1.0.20:15012|dataStream:10.1.0.20:15015|priority:1|startupRole:FOLLOWER] returns group-C577C6CD19EB:java.util.concurrent.CompletableFuture@7c5b323b[Not completed]
2023-10-04 17:29:39,745 [3f00e8f6-b1cf-4c66-adc6-49812d80e8b8-groupManagement] INFO  server.RaftServer$Division (RaftServerImpl.java:<init>(198)) - 3f00e8f6-b1cf-4c66-adc6-49812d80e8b8: new RaftServerImpl for group-C577C6CD19EB:[3f00e8f6-b1cf-4c66-adc6-49812d80e8b8|rpc:10.1.0.20:15014|admin:10.1.0.20:15013|client:10.1.0.20:15012|dataStream:10.1.0.20:15015|priority:1|startupRole:FOLLOWER] with ContainerStateMachine:uninitialized
2023-10-04 17:29:39,745 [3f00e8f6-b1cf-4c66-adc6-49812d80e8b8-groupManagement] INFO  server.RaftServerConfigKeys (ConfUtils.java:logGet(46)) - raft.server.rpc.timeout.min = 5s (custom)
2023-10-04 17:29:39,745 [3f00e8f6-b1cf-4c66-adc6-49812d80e8b8-groupManagement] INFO  server.RaftServerConfigKeys (ConfUtils.java:logGet(46)) - raft.server.rpc.timeout.max = 5200ms (custom)
2023-10-04 17:29:39,746 [3f00e8f6-b1cf-4c66-adc6-49812d80e8b8-groupManagement] INFO  server.RaftServerConfigKeys (ConfUtils.java:logGet(46)) - raft.server.rpc.sleep.time = 25ms (default)
2023-10-04 17:29:39,746 [3f00e8f6-b1cf-4c66-adc6-49812d80e8b8-groupManagement] INFO  server.RaftServerConfigKeys (ConfUtils.java:logGet(46)) - raft.server.rpc.slowness.timeout = 300s (custom)
2023-10-04 17:29:39,746 [3f00e8f6-b1cf-4c66-adc6-49812d80e8b8-groupManagement] INFO  server.RaftServerConfigKeys (ConfUtils.java:logGet(46)) - raft.server.leaderelection.leader.step-down.wait-time = 10s (default)
2023-10-04 17:29:39,747 [3f00e8f6-b1cf-4c66-adc6-49812d80e8b8-groupManagement] INFO  server.RaftServerConfigKeys (ConfUtils.java:logGet(46)) - raft.server.sleep.deviation.threshold = 300ms (default)
2023-10-04 17:29:39,747 [3f00e8f6-b1cf-4c66-adc6-49812d80e8b8-groupManagement] INFO  server.RaftServer$Division (ServerState.java:<init>(120)) - 3f00e8f6-b1cf-4c66-adc6-49812d80e8b8@group-C577C6CD19EB: ConfigurationManager, init=-1: peers:[3f00e8f6-b1cf-4c66-adc6-49812d80e8b8|rpc:10.1.0.20:15014|admin:10.1.0.20:15013|client:10.1.0.20:15012|dataStream:10.1.0.20:15015|priority:1|startupRole:FOLLOWER]|listeners:[], old=null, confs=<EMPTY_MAP>
2023-10-04 17:29:39,747 [3f00e8f6-b1cf-4c66-adc6-49812d80e8b8-groupManagement] INFO  server.RaftServerConfigKeys (ConfUtils.java:logGet(46)) - raft.server.storage.dir = [/home/runner/work/ozone/ozone/hadoop-ozone/integration-test/target/test-dir/MiniOzoneClusterImpl-da1d4460-e54b-4a34-859f-b12e99aef92e/datanode-0/data/ratis] (custom)
2023-10-04 17:29:39,750 [3f00e8f6-b1cf-4c66-adc6-49812d80e8b8-groupManagement] INFO  server.RaftServerConfigKeys (ConfUtils.java:logGet(46)) - raft.server.log.corruption.policy = EXCEPTION (default)
2023-10-04 17:29:39,750 [3f00e8f6-b1cf-4c66-adc6-49812d80e8b8-groupManagement] INFO  server.RaftServerConfigKeys (ConfUtils.java:logGet(46)) - raft.server.storage.free-space.min = 0MB (=0) (default)
2023-10-04 17:29:39,750 [3f00e8f6-b1cf-4c66-adc6-49812d80e8b8-groupManagement] INFO  server.RaftServerConfigKeys (ConfUtils.java:logGet(46)) - raft.server.notification.no-leader.timeout = 300s (custom)
2023-10-04 17:29:39,750 [3f00e8f6-b1cf-4c66-adc6-49812d80e8b8-groupManagement] INFO  server.RaftServerConfigKeys (ConfUtils.java:logGet(46)) - raft.server.read.timeout = 10s (default)
2023-10-04 17:29:39,750 [3f00e8f6-b1cf-4c66-adc6-49812d80e8b8-groupManagement] INFO  server.RaftServerConfigKeys (ConfUtils.java:logGet(46)) - raft.server.retrycache.expirytime = 600000ms (custom)
2023-10-04 17:29:39,750 [3f00e8f6-b1cf-4c66-adc6-49812d80e8b8-groupManagement] INFO  server.RaftServerConfigKeys (ConfUtils.java:logGet(46)) - raft.server.retrycache.statistics.expirytime = 100μs (default)
2023-10-04 17:29:39,750 [3f00e8f6-b1cf-4c66-adc6-49812d80e8b8-groupManagement] INFO  server.RaftServerConfigKeys (ConfUtils.java:logGet(46)) - raft.server.read.option = DEFAULT (default)
2023-10-04 17:29:39,758 [3f00e8f6-b1cf-4c66-adc6-49812d80e8b8-groupManagement] INFO  server.RaftServerConfigKeys (ConfUtils.java:logGet(46)) - raft.server.rpc.request.timeout = 60s (custom)
2023-10-04 17:29:39,758 [3f00e8f6-b1cf-4c66-adc6-49812d80e8b8-groupManagement] INFO  server.RaftServerConfigKeys (ConfUtils.java:logGet(46)) - raft.server.log.appender.install.snapshot.enabled = false (custom)
2023-10-04 17:29:39,759 [3f00e8f6-b1cf-4c66-adc6-49812d80e8b8-groupManagement] INFO  server.RaftServerConfigKeys (ConfUtils.java:logGet(46)) - raft.server.threadpool.server.cached = true (default)
2023-10-04 17:29:39,759 [3f00e8f6-b1cf-4c66-adc6-49812d80e8b8-groupManagement] INFO  server.RaftServerConfigKeys (ConfUtils.java:logGet(46)) - raft.server.threadpool.server.size = 0 (default)
2023-10-04 17:29:39,759 [3f00e8f6-b1cf-4c66-adc6-49812d80e8b8-groupManagement] INFO  server.RaftServerConfigKeys (ConfUtils.java:logGet(46)) - raft.server.threadpool.client.cached = true (default)
2023-10-04 17:29:39,759 [3f00e8f6-b1cf-4c66-adc6-49812d80e8b8-groupManagement] INFO  server.RaftServerConfigKeys (ConfUtils.java:logGet(46)) - raft.server.threadpool.client.size = 0 (default)
2023-10-04 17:29:39,759 [3f00e8f6-b1cf-4c66-adc6-49812d80e8b8-groupManagement] INFO  storage.RaftStorageDirectory (RaftStorageDirectoryImpl.java:analyzeStorage(137)) - The storage directory /home/runner/work/ozone/ozone/hadoop-ozone/integration-test/target/test-dir/MiniOzoneClusterImpl-da1d4460-e54b-4a34-859f-b12e99aef92e/datanode-0/data/ratis/4171082b-0074-48a9-a8ac-c577c6cd19eb does not exist. Creating ...
2023-10-04 17:29:39,763 [3f00e8f6-b1cf-4c66-adc6-49812d80e8b8-groupManagement] INFO  storage.RaftStorageDirectory (RaftStorageDirectoryImpl.java:tryLock(231)) - Lock on /home/runner/work/ozone/ozone/hadoop-ozone/integration-test/target/test-dir/MiniOzoneClusterImpl-da1d4460-e54b-4a34-859f-b12e99aef92e/datanode-0/data/ratis/4171082b-0074-48a9-a8ac-c577c6cd19eb/in_use.lock acquired by nodename 7524@fv-az453-706
2023-10-04 17:29:39,765 [3f00e8f6-b1cf-4c66-adc6-49812d80e8b8-groupManagement] INFO  storage.RaftStorage (RaftStorageImpl.java:format(96)) - Storage directory /home/runner/work/ozone/ozone/hadoop-ozone/integration-test/target/test-dir/MiniOzoneClusterImpl-da1d4460-e54b-4a34-859f-b12e99aef92e/datanode-0/data/ratis/4171082b-0074-48a9-a8ac-c577c6cd19eb has been successfully formatted.
2023-10-04 17:29:39,772 [3f00e8f6-b1cf-4c66-adc6-49812d80e8b8-groupManagement] INFO  ratis.ContainerStateMachine (ContainerStateMachine.java:loadSnapshot(262)) - group-C577C6CD19EB: The snapshot info is null. Setting the last applied indexto:(t:0, i:~)
2023-10-04 17:29:39,772 [3f00e8f6-b1cf-4c66-adc6-49812d80e8b8-groupManagement] INFO  server.RaftServerConfigKeys (ConfUtils.java:logGet(46)) - raft.server.log.use.memory = false (default)
2023-10-04 17:29:39,772 [3f00e8f6-b1cf-4c66-adc6-49812d80e8b8-groupManagement] INFO  server.RaftServerConfigKeys (ConfUtils.java:logGet(46)) - raft.server.log.purge.gap = 1000000 (custom)
2023-10-04 17:29:39,772 [3f00e8f6-b1cf-4c66-adc6-49812d80e8b8-groupManagement] INFO  server.RaftServerConfigKeys (ConfUtils.java:logGet(46)) - raft.server.log.appender.buffer.byte-limit = 33554432 (custom)
2023-10-04 17:29:39,772 [3f00e8f6-b1cf-4c66-adc6-49812d80e8b8-groupManagement] INFO  server.RaftServerConfigKeys (ConfUtils.java:logGet(46)) - raft.server.log.statemachine.data.read.timeout = 1000ms (default)
2023-10-04 17:29:39,772 [3f00e8f6-b1cf-4c66-adc6-49812d80e8b8-groupManagement] INFO  server.RaftServerConfigKeys (ConfUtils.java:logGet(46)) - raft.server.log.purge.preservation.log.num = 0 (default)
2023-10-04 17:29:39,775 [3f00e8f6-b1cf-4c66-adc6-49812d80e8b8-groupManagement] INFO  server.RaftServerConfigKeys (ConfUtils.java:logGet(46)) - raft.server.log.segment.size.max = 1048576 (custom)
2023-10-04 17:29:39,778 [3f00e8f6-b1cf-4c66-adc6-49812d80e8b8-groupManagement] INFO  server.RaftServerConfigKeys (ConfUtils.java:logGet(46)) - raft.server.log.segment.cache.num.max = 2 (custom)
2023-10-04 17:29:39,779 [3f00e8f6-b1cf-4c66-adc6-49812d80e8b8-groupManagement] INFO  server.RaftServerConfigKeys (ConfUtils.java:logGet(46)) - raft.server.log.segment.cache.size.max = 200MB (=209715200) (default)
2023-10-04 17:29:39,779 [3f00e8f6-b1cf-4c66-adc6-49812d80e8b8-groupManagement] INFO  server.RaftServerConfigKeys (ConfUtils.java:logGet(46)) - raft.server.log.appender.buffer.byte-limit = 33554432 (custom)
2023-10-04 17:29:39,779 [3f00e8f6-b1cf-4c66-adc6-49812d80e8b8-groupManagement] INFO  segmented.SegmentedRaftLogWorker (SegmentedRaftLogWorker.java:<init>(188)) - new 3f00e8f6-b1cf-4c66-adc6-49812d80e8b8@group-C577C6CD19EB-SegmentedRaftLogWorker for RaftStorageImpl:Storage Directory /home/runner/work/ozone/ozone/hadoop-ozone/integration-test/target/test-dir/MiniOzoneClusterImpl-da1d4460-e54b-4a34-859f-b12e99aef92e/datanode-0/data/ratis/4171082b-0074-48a9-a8ac-c577c6cd19eb
2023-10-04 17:29:39,779 [3f00e8f6-b1cf-4c66-adc6-49812d80e8b8-groupManagement] INFO  server.RaftServerConfigKeys (ConfUtils.java:logGet(46)) - raft.server.log.queue.byte-limit = 4294967296 (custom)
2023-10-04 17:29:39,779 [3f00e8f6-b1cf-4c66-adc6-49812d80e8b8-groupManagement] INFO  server.RaftServerConfigKeys (ConfUtils.java:logGet(46)) - raft.server.log.queue.element-limit = 1024 (custom)
2023-10-04 17:29:39,781 [3f00e8f6-b1cf-4c66-adc6-49812d80e8b8-groupManagement] INFO  server.RaftServerConfigKeys (ConfUtils.java:logGet(46)) - raft.server.log.segment.size.max = 1048576 (custom)
2023-10-04 17:29:39,781 [3f00e8f6-b1cf-4c66-adc6-49812d80e8b8-groupManagement] INFO  server.RaftServerConfigKeys (ConfUtils.java:logGet(46)) - raft.server.log.preallocated.size = 16384 (custom)
2023-10-04 17:29:39,781 [3f00e8f6-b1cf-4c66-adc6-49812d80e8b8-groupManagement] INFO  server.RaftServerConfigKeys (ConfUtils.java:logGet(46)) - raft.server.log.force.sync.num = 128 (default)
2023-10-04 17:29:39,781 [3f00e8f6-b1cf-4c66-adc6-49812d80e8b8-groupManagement] INFO  server.RaftServerConfigKeys (ConfUtils.java:logGet(46)) - raft.server.log.statemachine.data.sync = true (default)
2023-10-04 17:29:39,782 [3f00e8f6-b1cf-4c66-adc6-49812d80e8b8-groupManagement] INFO  server.RaftServerConfigKeys (ConfUtils.java:logGet(46)) - raft.server.log.statemachine.data.sync.timeout = 10s (default)
2023-10-04 17:29:39,782 [3f00e8f6-b1cf-4c66-adc6-49812d80e8b8-groupManagement] INFO  server.RaftServerConfigKeys (ConfUtils.java:logGet(46)) - raft.server.log.statemachine.data.sync.timeout.retry = -1 (default)
2023-10-04 17:29:39,790 [3f00e8f6-b1cf-4c66-adc6-49812d80e8b8-groupManagement] INFO  server.RaftServerConfigKeys (ConfUtils.java:logGet(46)) - raft.server.log.write.buffer.size = 1048576 (custom)
2023-10-04 17:29:39,791 [3f00e8f6-b1cf-4c66-adc6-49812d80e8b8-groupManagement] INFO  server.RaftServerConfigKeys (ConfUtils.java:logGet(46)) - raft.server.log.appender.buffer.byte-limit = 33554432 (custom)
2023-10-04 17:29:39,801 [3f00e8f6-b1cf-4c66-adc6-49812d80e8b8-groupManagement] INFO  server.RaftServerConfigKeys (ConfUtils.java:logGet(46)) - raft.server.log.unsafe-flush.enabled = false (default)
2023-10-04 17:29:39,805 [3f00e8f6-b1cf-4c66-adc6-49812d80e8b8-groupManagement] INFO  server.RaftServerConfigKeys (ConfUtils.java:logGet(46)) - raft.server.log.async-flush.enabled = false (default)
2023-10-04 17:29:39,805 [3f00e8f6-b1cf-4c66-adc6-49812d80e8b8-groupManagement] INFO  server.RaftServerConfigKeys (ConfUtils.java:logGet(46)) - raft.server.log.statemachine.data.caching.enabled = true (custom)
2023-10-04 17:29:39,805 [EventQueue-PipelineReportForPipelineReportHandler] INFO  pipeline.PipelineReportHandler (PipelineReportHandler.java:processPipelineReport(136)) - Opened pipeline PipelineID=4171082b-0074-48a9-a8ac-c577c6cd19eb
2023-10-04 17:29:39,805 [3f00e8f6-b1cf-4c66-adc6-49812d80e8b8-groupManagement] INFO  segmented.SegmentedRaftLogWorker (SegmentedRaftLogWorker.java:lambda$new$0(135)) - 3f00e8f6-b1cf-4c66-adc6-49812d80e8b8@group-C577C6CD19EB-SegmentedRaftLogWorker: flushIndex: setUnconditionally 0 -> -1
2023-10-04 17:29:39,806 [3f00e8f6-b1cf-4c66-adc6-49812d80e8b8-groupManagement] INFO  segmented.SegmentedRaftLogWorker (SegmentedRaftLogWorker.java:lambda$new$0(135)) - 3f00e8f6-b1cf-4c66-adc6-49812d80e8b8@group-C577C6CD19EB-SegmentedRaftLogWorker: safeCacheEvictIndex: setUnconditionally 0 -> -1
2023-10-04 17:29:39,806 [3f00e8f6-b1cf-4c66-adc6-49812d80e8b8-groupManagement] INFO  server.RaftServer$Division (RaftServerImpl.java:start(342)) - 3f00e8f6-b1cf-4c66-adc6-49812d80e8b8@group-C577C6CD19EB: start as a follower, conf=-1: peers:[3f00e8f6-b1cf-4c66-adc6-49812d80e8b8|rpc:10.1.0.20:15014|admin:10.1.0.20:15013|client:10.1.0.20:15012|dataStream:10.1.0.20:15015|priority:1|startupRole:FOLLOWER]|listeners:[], old=null
2023-10-04 17:29:39,806 [3f00e8f6-b1cf-4c66-adc6-49812d80e8b8-groupManagement] INFO  server.RaftServer$Division (RaftServerImpl.java:setRole(329)) - 3f00e8f6-b1cf-4c66-adc6-49812d80e8b8@group-C577C6CD19EB: changes role from      null to FOLLOWER at term 0 for startAsFollower
2023-10-04 17:29:39,806 [3f00e8f6-b1cf-4c66-adc6-49812d80e8b8-groupManagement] INFO  impl.RoleInfo (RoleInfo.java:updateAndGet(139)) - 3f00e8f6-b1cf-4c66-adc6-49812d80e8b8: start 3f00e8f6-b1cf-4c66-adc6-49812d80e8b8@group-C577C6CD19EB-FollowerState
2023-10-04 17:29:39,807 [3f00e8f6-b1cf-4c66-adc6-49812d80e8b8-groupManagement] INFO  util.JmxRegister (JmxRegister.java:tryRegister(44)) - Successfully registered JMX Bean with object name Ratis:service=RaftServer,group=group-C577C6CD19EB,id=3f00e8f6-b1cf-4c66-adc6-49812d80e8b8
2023-10-04 17:29:39,807 [3f00e8f6-b1cf-4c66-adc6-49812d80e8b8-groupManagement] INFO  server.RaftServerConfigKeys (ConfUtils.java:logGet(46)) - raft.server.snapshot.auto.trigger.enabled = true (custom)
2023-10-04 17:29:39,807 [3f00e8f6-b1cf-4c66-adc6-49812d80e8b8-groupManagement] INFO  server.RaftServerConfigKeys (ConfUtils.java:logGet(46)) - raft.server.snapshot.auto.trigger.threshold = 10000 (custom)
2023-10-04 17:29:39,807 [3f00e8f6-b1cf-4c66-adc6-49812d80e8b8-groupManagement] INFO  server.RaftServerConfigKeys (ConfUtils.java:logGet(46)) - raft.server.snapshot.retention.file.num = 5 (custom)
2023-10-04 17:29:39,807 [3f00e8f6-b1cf-4c66-adc6-49812d80e8b8-groupManagement] INFO  server.RaftServerConfigKeys (ConfUtils.java:logGet(46)) - raft.server.log.purge.upto.snapshot.index = false (default)
2023-10-04 17:29:39,808 [3f00e8f6-b1cf-4c66-adc6-49812d80e8b8@group-C577C6CD19EB-FollowerState] INFO  server.RaftServerConfigKeys (ConfUtils.java:logFallback(53)) - raft.server.rpc.first-election.timeout.min = 5s (fallback to raft.server.rpc.timeout.min)
2023-10-04 17:29:39,808 [3f00e8f6-b1cf-4c66-adc6-49812d80e8b8@group-C577C6CD19EB-FollowerState] INFO  server.RaftServerConfigKeys (ConfUtils.java:logFallback(53)) - raft.server.rpc.first-election.timeout.max = 5200ms (fallback to raft.server.rpc.timeout.max)
2023-10-04 17:29:39,812 [EventQueue-OpenPipelineForHealthyPipelineSafeModeRule] INFO  safemode.SCMSafeModeManager (HealthyPipelineSafeModeRule.java:process(137)) - SCM in safe mode. Healthy pipelines reported count is 0, required healthy pipeline reported count is 1
2023-10-04 17:29:39,818 [PipelineCommandHandlerThread-0] INFO  ratis.XceiverServerRatis (XceiverServerRatis.java:addGroup(804)) - Created group PipelineID=4171082b-0074-48a9-a8ac-c577c6cd19eb
2023-10-04 17:29:39,818 [PipelineCommandHandlerThread-0] INFO  commandhandler.CreatePipelineCommandHandler (CreatePipelineCommandHandler.java:lambda$handle$2(124)) - Created Pipeline RATIS ONE PipelineID=4171082b-0074-48a9-a8ac-c577c6cd19eb.
2023-10-04 17:29:39,819 [PipelineCommandHandlerThread-0] INFO  server.RaftServer (RaftServerProxy.java:addNew(98)) - 3f00e8f6-b1cf-4c66-adc6-49812d80e8b8: addNew group-80372E8A5B71:[f9d37fed-45fc-460e-afd0-cdcd65402720|rpc:10.1.0.20:15023|admin:10.1.0.20:15022|client:10.1.0.20:15021|dataStream:10.1.0.20:15024|priority:0|startupRole:FOLLOWER, 3f00e8f6-b1cf-4c66-adc6-49812d80e8b8|rpc:10.1.0.20:15014|admin:10.1.0.20:15013|client:10.1.0.20:15012|dataStream:10.1.0.20:15015|priority:1|startupRole:FOLLOWER, de7ceff0-6407-4127-9c69-f263aab5871b|rpc:10.1.0.20:15032|admin:10.1.0.20:15031|client:10.1.0.20:15030|dataStream:10.1.0.20:15033|priority:0|startupRole:FOLLOWER] returns group-80372E8A5B71:java.util.concurrent.CompletableFuture@46715f05[Not completed]
2023-10-04 17:29:39,820 [3f00e8f6-b1cf-4c66-adc6-49812d80e8b8-groupManagement] INFO  server.RaftServer$Division (RaftServerImpl.java:<init>(198)) - 3f00e8f6-b1cf-4c66-adc6-49812d80e8b8: new RaftServerImpl for group-80372E8A5B71:[f9d37fed-45fc-460e-afd0-cdcd65402720|rpc:10.1.0.20:15023|admin:10.1.0.20:15022|client:10.1.0.20:15021|dataStream:10.1.0.20:15024|priority:0|startupRole:FOLLOWER, 3f00e8f6-b1cf-4c66-adc6-49812d80e8b8|rpc:10.1.0.20:15014|admin:10.1.0.20:15013|client:10.1.0.20:15012|dataStream:10.1.0.20:15015|priority:1|startupRole:FOLLOWER, de7ceff0-6407-4127-9c69-f263aab5871b|rpc:10.1.0.20:15032|admin:10.1.0.20:15031|client:10.1.0.20:15030|dataStream:10.1.0.20:15033|priority:0|startupRole:FOLLOWER] with ContainerStateMachine:uninitialized
2023-10-04 17:29:39,820 [3f00e8f6-b1cf-4c66-adc6-49812d80e8b8-groupManagement] INFO  server.RaftServerConfigKeys (ConfUtils.java:logGet(46)) - raft.server.rpc.timeout.min = 5s (custom)
2023-10-04 17:29:39,820 [3f00e8f6-b1cf-4c66-adc6-49812d80e8b8-groupManagement] INFO  server.RaftServerConfigKeys (ConfUtils.java:logGet(46)) - raft.server.rpc.timeout.max = 5200ms (custom)
2023-10-04 17:29:39,820 [3f00e8f6-b1cf-4c66-adc6-49812d80e8b8-groupManagement] INFO  server.RaftServerConfigKeys (ConfUtils.java:logGet(46)) - raft.server.rpc.sleep.time = 25ms (default)
2023-10-04 17:29:39,820 [3f00e8f6-b1cf-4c66-adc6-49812d80e8b8-groupManagement] INFO  server.RaftServerConfigKeys (ConfUtils.java:logGet(46)) - raft.server.rpc.slowness.timeout = 300s (custom)
2023-10-04 17:29:39,820 [3f00e8f6-b1cf-4c66-adc6-49812d80e8b8-groupManagement] INFO  server.RaftServerConfigKeys (ConfUtils.java:logGet(46)) - raft.server.leaderelection.leader.step-down.wait-time = 10s (default)
2023-10-04 17:29:39,820 [3f00e8f6-b1cf-4c66-adc6-49812d80e8b8-groupManagement] INFO  server.RaftServerConfigKeys (ConfUtils.java:logGet(46)) - raft.server.sleep.deviation.threshold = 300ms (default)
2023-10-04 17:29:39,821 [3f00e8f6-b1cf-4c66-adc6-49812d80e8b8-groupManagement] INFO  server.RaftServer$Division (ServerState.java:<init>(120)) - 3f00e8f6-b1cf-4c66-adc6-49812d80e8b8@group-80372E8A5B71: ConfigurationManager, init=-1: peers:[f9d37fed-45fc-460e-afd0-cdcd65402720|rpc:10.1.0.20:15023|admin:10.1.0.20:15022|client:10.1.0.20:15021|dataStream:10.1.0.20:15024|priority:0|startupRole:FOLLOWER, 3f00e8f6-b1cf-4c66-adc6-49812d80e8b8|rpc:10.1.0.20:15014|admin:10.1.0.20:15013|client:10.1.0.20:15012|dataStream:10.1.0.20:15015|priority:1|startupRole:FOLLOWER, de7ceff0-6407-4127-9c69-f263aab5871b|rpc:10.1.0.20:15032|admin:10.1.0.20:15031|client:10.1.0.20:15030|dataStream:10.1.0.20:15033|priority:0|startupRole:FOLLOWER]|listeners:[], old=null, confs=<EMPTY_MAP>
2023-10-04 17:29:39,821 [3f00e8f6-b1cf-4c66-adc6-49812d80e8b8-groupManagement] INFO  server.RaftServerConfigKeys (ConfUtils.java:logGet(46)) - raft.server.storage.dir = [/home/runner/work/ozone/ozone/hadoop-ozone/integration-test/target/test-dir/MiniOzoneClusterImpl-da1d4460-e54b-4a34-859f-b12e99aef92e/datanode-0/data/ratis] (custom)
2023-10-04 17:29:39,821 [3f00e8f6-b1cf-4c66-adc6-49812d80e8b8-groupManagement] INFO  server.RaftServerConfigKeys (ConfUtils.java:logGet(46)) - raft.server.log.corruption.policy = EXCEPTION (default)
2023-10-04 17:29:39,821 [3f00e8f6-b1cf-4c66-adc6-49812d80e8b8-groupManagement] INFO  server.RaftServerConfigKeys (ConfUtils.java:logGet(46)) - raft.server.storage.free-space.min = 0MB (=0) (default)
2023-10-04 17:29:39,821 [3f00e8f6-b1cf-4c66-adc6-49812d80e8b8-groupManagement] INFO  server.RaftServerConfigKeys (ConfUtils.java:logGet(46)) - raft.server.notification.no-leader.timeout = 300s (custom)
2023-10-04 17:29:39,821 [3f00e8f6-b1cf-4c66-adc6-49812d80e8b8-groupManagement] INFO  server.RaftServerConfigKeys (ConfUtils.java:logGet(46)) - raft.server.read.timeout = 10s (default)
2023-10-04 17:29:39,821 [3f00e8f6-b1cf-4c66-adc6-49812d80e8b8-groupManagement] INFO  server.RaftServerConfigKeys (ConfUtils.java:logGet(46)) - raft.server.retrycache.expirytime = 600000ms (custom)
2023-10-04 17:29:39,821 [3f00e8f6-b1cf-4c66-adc6-49812d80e8b8-groupManagement] INFO  server.RaftServerConfigKeys (ConfUtils.java:logGet(46)) - raft.server.retrycache.statistics.expirytime = 100μs (default)
2023-10-04 17:29:39,821 [3f00e8f6-b1cf-4c66-adc6-49812d80e8b8-groupManagement] INFO  server.RaftServerConfigKeys (ConfUtils.java:logGet(46)) - raft.server.read.option = DEFAULT (default)
2023-10-04 17:29:39,823 [3f00e8f6-b1cf-4c66-adc6-49812d80e8b8-groupManagement] INFO  server.RaftServerConfigKeys (ConfUtils.java:logGet(46)) - raft.server.rpc.request.timeout = 60s (custom)
2023-10-04 17:29:39,823 [3f00e8f6-b1cf-4c66-adc6-49812d80e8b8-groupManagement] INFO  server.RaftServerConfigKeys (ConfUtils.java:logGet(46)) - raft.server.log.appender.install.snapshot.enabled = false (custom)
2023-10-04 17:29:39,823 [3f00e8f6-b1cf-4c66-adc6-49812d80e8b8-groupManagement] INFO  server.RaftServerConfigKeys (ConfUtils.java:logGet(46)) - raft.server.threadpool.server.cached = true (default)
2023-10-04 17:29:39,824 [3f00e8f6-b1cf-4c66-adc6-49812d80e8b8-groupManagement] INFO  server.RaftServerConfigKeys (ConfUtils.java:logGet(46)) - raft.server.threadpool.server.size = 0 (default)
2023-10-04 17:29:39,824 [3f00e8f6-b1cf-4c66-adc6-49812d80e8b8-groupManagement] INFO  server.RaftServerConfigKeys (ConfUtils.java:logGet(46)) - raft.server.threadpool.client.cached = true (default)
2023-10-04 17:29:39,824 [3f00e8f6-b1cf-4c66-adc6-49812d80e8b8-groupManagement] INFO  server.RaftServerConfigKeys (ConfUtils.java:logGet(46)) - raft.server.threadpool.client.size = 0 (default)
2023-10-04 17:29:39,824 [3f00e8f6-b1cf-4c66-adc6-49812d80e8b8-groupManagement] INFO  storage.RaftStorageDirectory (RaftStorageDirectoryImpl.java:analyzeStorage(137)) - The storage directory /home/runner/work/ozone/ozone/hadoop-ozone/integration-test/target/test-dir/MiniOzoneClusterImpl-da1d4460-e54b-4a34-859f-b12e99aef92e/datanode-0/data/ratis/98d6e81a-3aed-413a-9200-80372e8a5b71 does not exist. Creating ...
2023-10-04 17:29:39,826 [3f00e8f6-b1cf-4c66-adc6-49812d80e8b8-groupManagement] INFO  storage.RaftStorageDirectory (RaftStorageDirectoryImpl.java:tryLock(231)) - Lock on /home/runner/work/ozone/ozone/hadoop-ozone/integration-test/target/test-dir/MiniOzoneClusterImpl-da1d4460-e54b-4a34-859f-b12e99aef92e/datanode-0/data/ratis/98d6e81a-3aed-413a-9200-80372e8a5b71/in_use.lock acquired by nodename 7524@fv-az453-706
2023-10-04 17:29:39,828 [3f00e8f6-b1cf-4c66-adc6-49812d80e8b8-groupManagement] INFO  storage.RaftStorage (RaftStorageImpl.java:format(96)) - Storage directory /home/runner/work/ozone/ozone/hadoop-ozone/integration-test/target/test-dir/MiniOzoneClusterImpl-da1d4460-e54b-4a34-859f-b12e99aef92e/datanode-0/data/ratis/98d6e81a-3aed-413a-9200-80372e8a5b71 has been successfully formatted.
2023-10-04 17:29:39,828 [3f00e8f6-b1cf-4c66-adc6-49812d80e8b8-groupManagement] INFO  ratis.ContainerStateMachine (ContainerStateMachine.java:loadSnapshot(262)) - group-80372E8A5B71: The snapshot info is null. Setting the last applied indexto:(t:0, i:~)
2023-10-04 17:29:39,828 [3f00e8f6-b1cf-4c66-adc6-49812d80e8b8-groupManagement] INFO  server.RaftServerConfigKeys (ConfUtils.java:logGet(46)) - raft.server.log.use.memory = false (default)
2023-10-04 17:29:39,829 [3f00e8f6-b1cf-4c66-adc6-49812d80e8b8-groupManagement] INFO  server.RaftServerConfigKeys (ConfUtils.java:logGet(46)) - raft.server.log.purge.gap = 1000000 (custom)
2023-10-04 17:29:39,829 [3f00e8f6-b1cf-4c66-adc6-49812d80e8b8-groupManagement] INFO  server.RaftServerConfigKeys (ConfUtils.java:logGet(46)) - raft.server.log.appender.buffer.byte-limit = 33554432 (custom)
2023-10-04 17:29:39,829 [3f00e8f6-b1cf-4c66-adc6-49812d80e8b8-groupManagement] INFO  server.RaftServerConfigKeys (ConfUtils.java:logGet(46)) - raft.server.log.statemachine.data.read.timeout = 1000ms (default)
2023-10-04 17:29:39,829 [3f00e8f6-b1cf-4c66-adc6-49812d80e8b8-groupManagement] INFO  server.RaftServerConfigKeys (ConfUtils.java:logGet(46)) - raft.server.log.purge.preservation.log.num = 0 (default)
2023-10-04 17:29:39,829 [3f00e8f6-b1cf-4c66-adc6-49812d80e8b8-groupManagement] INFO  server.RaftServerConfigKeys (ConfUtils.java:logGet(46)) - raft.server.log.segment.size.max = 1048576 (custom)
2023-10-04 17:29:39,832 [3f00e8f6-b1cf-4c66-adc6-49812d80e8b8-groupManagement] INFO  server.RaftServerConfigKeys (ConfUtils.java:logGet(46)) - raft.server.log.segment.cache.num.max = 2 (custom)
2023-10-04 17:29:39,832 [3f00e8f6-b1cf-4c66-adc6-49812d80e8b8-groupManagement] INFO  server.RaftServerConfigKeys (ConfUtils.java:logGet(46)) - raft.server.log.segment.cache.size.max = 200MB (=209715200) (default)
2023-10-04 17:29:39,832 [3f00e8f6-b1cf-4c66-adc6-49812d80e8b8-groupManagement] INFO  server.RaftServerConfigKeys (ConfUtils.java:logGet(46)) - raft.server.log.appender.buffer.byte-limit = 33554432 (custom)
2023-10-04 17:29:39,832 [3f00e8f6-b1cf-4c66-adc6-49812d80e8b8-groupManagement] INFO  segmented.SegmentedRaftLogWorker (SegmentedRaftLogWorker.java:<init>(188)) - new 3f00e8f6-b1cf-4c66-adc6-49812d80e8b8@group-80372E8A5B71-SegmentedRaftLogWorker for RaftStorageImpl:Storage Directory /home/runner/work/ozone/ozone/hadoop-ozone/integration-test/target/test-dir/MiniOzoneClusterImpl-da1d4460-e54b-4a34-859f-b12e99aef92e/datanode-0/data/ratis/98d6e81a-3aed-413a-9200-80372e8a5b71
2023-10-04 17:29:39,832 [3f00e8f6-b1cf-4c66-adc6-49812d80e8b8-groupManagement] INFO  server.RaftServerConfigKeys (ConfUtils.java:logGet(46)) - raft.server.log.queue.byte-limit = 4294967296 (custom)
2023-10-04 17:29:39,832 [3f00e8f6-b1cf-4c66-adc6-49812d80e8b8-groupManagement] INFO  server.RaftServerConfigKeys (ConfUtils.java:logGet(46)) - raft.server.log.queue.element-limit = 1024 (custom)
2023-10-04 17:29:39,832 [3f00e8f6-b1cf-4c66-adc6-49812d80e8b8-groupManagement] INFO  server.RaftServerConfigKeys (ConfUtils.java:logGet(46)) - raft.server.log.segment.size.max = 1048576 (custom)
2023-10-04 17:29:39,832 [3f00e8f6-b1cf-4c66-adc6-49812d80e8b8-groupManagement] INFO  server.RaftServerConfigKeys (ConfUtils.java:logGet(46)) - raft.server.log.preallocated.size = 16384 (custom)
2023-10-04 17:29:39,832 [3f00e8f6-b1cf-4c66-adc6-49812d80e8b8-groupManagement] INFO  server.RaftServerConfigKeys (ConfUtils.java:logGet(46)) - raft.server.log.force.sync.num = 128 (default)
2023-10-04 17:29:39,832 [3f00e8f6-b1cf-4c66-adc6-49812d80e8b8-groupManagement] INFO  server.RaftServerConfigKeys (ConfUtils.java:logGet(46)) - raft.server.log.statemachine.data.sync = true (default)
2023-10-04 17:29:39,832 [3f00e8f6-b1cf-4c66-adc6-49812d80e8b8-groupManagement] INFO  server.RaftServerConfigKeys (ConfUtils.java:logGet(46)) - raft.server.log.statemachine.data.sync.timeout = 10s (default)
2023-10-04 17:29:39,833 [3f00e8f6-b1cf-4c66-adc6-49812d80e8b8-groupManagement] INFO  server.RaftServerConfigKeys (ConfUtils.java:logGet(46)) - raft.server.log.statemachine.data.sync.timeout.retry = -1 (default)
2023-10-04 17:29:39,834 [3f00e8f6-b1cf-4c66-adc6-49812d80e8b8-groupManagement] INFO  server.RaftServerConfigKeys (ConfUtils.java:logGet(46)) - raft.server.log.write.buffer.size = 1048576 (custom)
2023-10-04 17:29:39,834 [EventQueue-OpenPipelineForHealthyPipelineSafeModeRule] INFO  safemode.SCMSafeModeManager (HealthyPipelineSafeModeRule.java:process(137)) - SCM in safe mode. Healthy pipelines reported count is 0, required healthy pipeline reported count is 1
2023-10-04 17:29:39,835 [3f00e8f6-b1cf-4c66-adc6-49812d80e8b8-groupManagement] INFO  server.RaftServerConfigKeys (ConfUtils.java:logGet(46)) - raft.server.log.appender.buffer.byte-limit = 33554432 (custom)
2023-10-04 17:29:39,840 [3f00e8f6-b1cf-4c66-adc6-49812d80e8b8-groupManagement] INFO  server.RaftServerConfigKeys (ConfUtils.java:logGet(46)) - raft.server.log.unsafe-flush.enabled = false (default)
2023-10-04 17:29:39,840 [3f00e8f6-b1cf-4c66-adc6-49812d80e8b8-groupManagement] INFO  server.RaftServerConfigKeys (ConfUtils.java:logGet(46)) - raft.server.log.async-flush.enabled = false (default)
2023-10-04 17:29:39,840 [3f00e8f6-b1cf-4c66-adc6-49812d80e8b8-groupManagement] INFO  server.RaftServerConfigKeys (ConfUtils.java:logGet(46)) - raft.server.log.statemachine.data.caching.enabled = true (custom)
2023-10-04 17:29:39,840 [3f00e8f6-b1cf-4c66-adc6-49812d80e8b8-groupManagement] INFO  segmented.SegmentedRaftLogWorker (SegmentedRaftLogWorker.java:lambda$new$0(135)) - 3f00e8f6-b1cf-4c66-adc6-49812d80e8b8@group-80372E8A5B71-SegmentedRaftLogWorker: flushIndex: setUnconditionally 0 -> -1
2023-10-04 17:29:39,840 [3f00e8f6-b1cf-4c66-adc6-49812d80e8b8-groupManagement] INFO  segmented.SegmentedRaftLogWorker (SegmentedRaftLogWorker.java:lambda$new$0(135)) - 3f00e8f6-b1cf-4c66-adc6-49812d80e8b8@group-80372E8A5B71-SegmentedRaftLogWorker: safeCacheEvictIndex: setUnconditionally 0 -> -1
2023-10-04 17:29:39,841 [3f00e8f6-b1cf-4c66-adc6-49812d80e8b8-groupManagement] INFO  server.RaftServer$Division (RaftServerImpl.java:start(342)) - 3f00e8f6-b1cf-4c66-adc6-49812d80e8b8@group-80372E8A5B71: start as a follower, conf=-1: peers:[f9d37fed-45fc-460e-afd0-cdcd65402720|rpc:10.1.0.20:15023|admin:10.1.0.20:15022|client:10.1.0.20:15021|dataStream:10.1.0.20:15024|priority:0|startupRole:FOLLOWER, 3f00e8f6-b1cf-4c66-adc6-49812d80e8b8|rpc:10.1.0.20:15014|admin:10.1.0.20:15013|client:10.1.0.20:15012|dataStream:10.1.0.20:15015|priority:1|startupRole:FOLLOWER, de7ceff0-6407-4127-9c69-f263aab5871b|rpc:10.1.0.20:15032|admin:10.1.0.20:15031|client:10.1.0.20:15030|dataStream:10.1.0.20:15033|priority:0|startupRole:FOLLOWER]|listeners:[], old=null
2023-10-04 17:29:39,841 [3f00e8f6-b1cf-4c66-adc6-49812d80e8b8-groupManagement] INFO  server.RaftServer$Division (RaftServerImpl.java:setRole(329)) - 3f00e8f6-b1cf-4c66-adc6-49812d80e8b8@group-80372E8A5B71: changes role from      null to FOLLOWER at term 0 for startAsFollower
2023-10-04 17:29:39,841 [3f00e8f6-b1cf-4c66-adc6-49812d80e8b8-groupManagement] INFO  impl.RoleInfo (RoleInfo.java:updateAndGet(139)) - 3f00e8f6-b1cf-4c66-adc6-49812d80e8b8: start 3f00e8f6-b1cf-4c66-adc6-49812d80e8b8@group-80372E8A5B71-FollowerState
2023-10-04 17:29:39,841 [3f00e8f6-b1cf-4c66-adc6-49812d80e8b8-groupManagement] INFO  util.JmxRegister (JmxRegister.java:tryRegister(44)) - Successfully registered JMX Bean with object name Ratis:service=RaftServer,group=group-80372E8A5B71,id=3f00e8f6-b1cf-4c66-adc6-49812d80e8b8
2023-10-04 17:29:39,841 [3f00e8f6-b1cf-4c66-adc6-49812d80e8b8-groupManagement] INFO  server.RaftServerConfigKeys (ConfUtils.java:logGet(46)) - raft.server.snapshot.auto.trigger.enabled = true (custom)
2023-10-04 17:29:39,842 [3f00e8f6-b1cf-4c66-adc6-49812d80e8b8-groupManagement] INFO  server.RaftServerConfigKeys (ConfUtils.java:logGet(46)) - raft.server.snapshot.auto.trigger.threshold = 10000 (custom)
2023-10-04 17:29:39,842 [3f00e8f6-b1cf-4c66-adc6-49812d80e8b8-groupManagement] INFO  server.RaftServerConfigKeys (ConfUtils.java:logGet(46)) - raft.server.snapshot.retention.file.num = 5 (custom)
2023-10-04 17:29:39,842 [3f00e8f6-b1cf-4c66-adc6-49812d80e8b8-groupManagement] INFO  server.RaftServerConfigKeys (ConfUtils.java:logGet(46)) - raft.server.log.purge.upto.snapshot.index = false (default)
2023-10-04 17:29:39,845 [3f00e8f6-b1cf-4c66-adc6-49812d80e8b8@group-80372E8A5B71-FollowerState] INFO  server.RaftServerConfigKeys (ConfUtils.java:logFallback(53)) - raft.server.rpc.first-election.timeout.min = 5s (fallback to raft.server.rpc.timeout.min)
2023-10-04 17:29:39,849 [PipelineCommandHandlerThread-0] INFO  ratis.XceiverServerRatis (XceiverServerRatis.java:addGroup(804)) - Created group PipelineID=98d6e81a-3aed-413a-9200-80372e8a5b71
2023-10-04 17:29:39,850 [3f00e8f6-b1cf-4c66-adc6-49812d80e8b8@group-80372E8A5B71-FollowerState] INFO  server.RaftServerConfigKeys (ConfUtils.java:logFallback(53)) - raft.server.rpc.first-election.timeout.max = 5200ms (fallback to raft.server.rpc.timeout.max)
2023-10-04 17:29:40,199 [JvmPauseMonitor5] WARN  util.JvmPauseMonitor (JvmPauseMonitor.java:detectPause(124)) - JvmPauseMonitor-7f6f1d5e-e678-44b5-b81f-6e760b4e5c8d: Detected pause in JVM or host machine approximately 0.107s with 0.256s GC time.
GC pool 'PS MarkSweep' had collection(s): count=1 time=210ms
GC pool 'PS Scavenge' had collection(s): count=1 time=46ms
2023-10-04 17:29:40,255 [PipelineCommandHandlerThread-0] INFO  server.RaftServer (RaftServerProxy.java:addNew(98)) - f9d37fed-45fc-460e-afd0-cdcd65402720: addNew group-B70DFC59A970:[f9d37fed-45fc-460e-afd0-cdcd65402720|rpc:10.1.0.20:15023|admin:10.1.0.20:15022|client:10.1.0.20:15021|dataStream:10.1.0.20:15024|priority:1|startupRole:FOLLOWER] returns group-B70DFC59A970:java.util.concurrent.CompletableFuture@51471649[Not completed]
2023-10-04 17:29:40,263 [f9d37fed-45fc-460e-afd0-cdcd65402720-groupManagement] INFO  server.RaftServer$Division (RaftServerImpl.java:<init>(198)) - f9d37fed-45fc-460e-afd0-cdcd65402720: new RaftServerImpl for group-B70DFC59A970:[f9d37fed-45fc-460e-afd0-cdcd65402720|rpc:10.1.0.20:15023|admin:10.1.0.20:15022|client:10.1.0.20:15021|dataStream:10.1.0.20:15024|priority:1|startupRole:FOLLOWER] with ContainerStateMachine:uninitialized
2023-10-04 17:29:40,264 [f9d37fed-45fc-460e-afd0-cdcd65402720-groupManagement] INFO  server.RaftServerConfigKeys (ConfUtils.java:logGet(46)) - raft.server.rpc.timeout.min = 5s (custom)
2023-10-04 17:29:40,264 [f9d37fed-45fc-460e-afd0-cdcd65402720-groupManagement] INFO  server.RaftServerConfigKeys (ConfUtils.java:logGet(46)) - raft.server.rpc.timeout.max = 5200ms (custom)
2023-10-04 17:29:40,265 [f9d37fed-45fc-460e-afd0-cdcd65402720-groupManagement] INFO  server.RaftServerConfigKeys (ConfUtils.java:logGet(46)) - raft.server.rpc.sleep.time = 25ms (default)
2023-10-04 17:29:40,265 [f9d37fed-45fc-460e-afd0-cdcd65402720-groupManagement] INFO  server.RaftServerConfigKeys (ConfUtils.java:logGet(46)) - raft.server.rpc.slowness.timeout = 300s (custom)
2023-10-04 17:29:40,265 [f9d37fed-45fc-460e-afd0-cdcd65402720-groupManagement] INFO  server.RaftServerConfigKeys (ConfUtils.java:logGet(46)) - raft.server.leaderelection.leader.step-down.wait-time = 10s (default)
2023-10-04 17:29:40,265 [f9d37fed-45fc-460e-afd0-cdcd65402720-groupManagement] INFO  server.RaftServerConfigKeys (ConfUtils.java:logGet(46)) - raft.server.sleep.deviation.threshold = 300ms (default)
2023-10-04 17:29:40,267 [f9d37fed-45fc-460e-afd0-cdcd65402720-groupManagement] INFO  server.RaftServer$Division (ServerState.java:<init>(120)) - f9d37fed-45fc-460e-afd0-cdcd65402720@group-B70DFC59A970: ConfigurationManager, init=-1: peers:[f9d37fed-45fc-460e-afd0-cdcd65402720|rpc:10.1.0.20:15023|admin:10.1.0.20:15022|client:10.1.0.20:15021|dataStream:10.1.0.20:15024|priority:1|startupRole:FOLLOWER]|listeners:[], old=null, confs=<EMPTY_MAP>
2023-10-04 17:29:40,267 [f9d37fed-45fc-460e-afd0-cdcd65402720-groupManagement] INFO  server.RaftServerConfigKeys (ConfUtils.java:logGet(46)) - raft.server.storage.dir = [/home/runner/work/ozone/ozone/hadoop-ozone/integration-test/target/test-dir/MiniOzoneClusterImpl-da1d4460-e54b-4a34-859f-b12e99aef92e/datanode-1/data/ratis] (custom)
2023-10-04 17:29:40,267 [f9d37fed-45fc-460e-afd0-cdcd65402720-groupManagement] INFO  server.RaftServerConfigKeys (ConfUtils.java:logGet(46)) - raft.server.log.corruption.policy = EXCEPTION (default)
2023-10-04 17:29:40,267 [f9d37fed-45fc-460e-afd0-cdcd65402720-groupManagement] INFO  server.RaftServerConfigKeys (ConfUtils.java:logGet(46)) - raft.server.storage.free-space.min = 0MB (=0) (default)
2023-10-04 17:29:40,267 [f9d37fed-45fc-460e-afd0-cdcd65402720-groupManagement] INFO  server.RaftServerConfigKeys (ConfUtils.java:logGet(46)) - raft.server.notification.no-leader.timeout = 300s (custom)
2023-10-04 17:29:40,267 [f9d37fed-45fc-460e-afd0-cdcd65402720-groupManagement] INFO  server.RaftServerConfigKeys (ConfUtils.java:logGet(46)) - raft.server.read.timeout = 10s (default)
2023-10-04 17:29:40,267 [f9d37fed-45fc-460e-afd0-cdcd65402720-groupManagement] INFO  server.RaftServerConfigKeys (ConfUtils.java:logGet(46)) - raft.server.retrycache.expirytime = 600000ms (custom)
2023-10-04 17:29:40,267 [f9d37fed-45fc-460e-afd0-cdcd65402720-groupManagement] INFO  server.RaftServerConfigKeys (ConfUtils.java:logGet(46)) - raft.server.retrycache.statistics.expirytime = 100μs (default)
2023-10-04 17:29:40,268 [f9d37fed-45fc-460e-afd0-cdcd65402720-groupManagement] INFO  server.RaftServerConfigKeys (ConfUtils.java:logGet(46)) - raft.server.read.option = DEFAULT (default)
2023-10-04 17:29:40,279 [f9d37fed-45fc-460e-afd0-cdcd65402720-groupManagement] INFO  server.RaftServerConfigKeys (ConfUtils.java:logGet(46)) - raft.server.rpc.request.timeout = 60s (custom)
2023-10-04 17:29:40,280 [f9d37fed-45fc-460e-afd0-cdcd65402720-groupManagement] INFO  server.RaftServerConfigKeys (ConfUtils.java:logGet(46)) - raft.server.log.appender.install.snapshot.enabled = false (custom)
2023-10-04 17:29:40,280 [f9d37fed-45fc-460e-afd0-cdcd65402720-groupManagement] INFO  server.RaftServerConfigKeys (ConfUtils.java:logGet(46)) - raft.server.threadpool.server.cached = true (default)
2023-10-04 17:29:40,280 [f9d37fed-45fc-460e-afd0-cdcd65402720-groupManagement] INFO  server.RaftServerConfigKeys (ConfUtils.java:logGet(46)) - raft.server.threadpool.server.size = 0 (default)
2023-10-04 17:29:40,280 [f9d37fed-45fc-460e-afd0-cdcd65402720-groupManagement] INFO  server.RaftServerConfigKeys (ConfUtils.java:logGet(46)) - raft.server.threadpool.client.cached = true (default)
2023-10-04 17:29:40,280 [f9d37fed-45fc-460e-afd0-cdcd65402720-groupManagement] INFO  server.RaftServerConfigKeys (ConfUtils.java:logGet(46)) - raft.server.threadpool.client.size = 0 (default)
2023-10-04 17:29:40,280 [f9d37fed-45fc-460e-afd0-cdcd65402720-groupManagement] INFO  storage.RaftStorageDirectory (RaftStorageDirectoryImpl.java:analyzeStorage(137)) - The storage directory /home/runner/work/ozone/ozone/hadoop-ozone/integration-test/target/test-dir/MiniOzoneClusterImpl-da1d4460-e54b-4a34-859f-b12e99aef92e/datanode-1/data/ratis/45a6bee1-abcb-477f-ac20-b70dfc59a970 does not exist. Creating ...
2023-10-04 17:29:40,283 [f9d37fed-45fc-460e-afd0-cdcd65402720-groupManagement] INFO  storage.RaftStorageDirectory (RaftStorageDirectoryImpl.java:tryLock(231)) - Lock on /home/runner/work/ozone/ozone/hadoop-ozone/integration-test/target/test-dir/MiniOzoneClusterImpl-da1d4460-e54b-4a34-859f-b12e99aef92e/datanode-1/data/ratis/45a6bee1-abcb-477f-ac20-b70dfc59a970/in_use.lock acquired by nodename 7524@fv-az453-706
2023-10-04 17:29:40,284 [f9d37fed-45fc-460e-afd0-cdcd65402720-groupManagement] INFO  storage.RaftStorage (RaftStorageImpl.java:format(96)) - Storage directory /home/runner/work/ozone/ozone/hadoop-ozone/integration-test/target/test-dir/MiniOzoneClusterImpl-da1d4460-e54b-4a34-859f-b12e99aef92e/datanode-1/data/ratis/45a6bee1-abcb-477f-ac20-b70dfc59a970 has been successfully formatted.
2023-10-04 17:29:40,292 [EventQueue-PipelineReportForPipelineReportHandler] INFO  pipeline.PipelineReportHandler (PipelineReportHandler.java:processPipelineReport(136)) - Opened pipeline PipelineID=45a6bee1-abcb-477f-ac20-b70dfc59a970
2023-10-04 17:29:40,292 [EventQueue-OpenPipelineForHealthyPipelineSafeModeRule] INFO  safemode.SCMSafeModeManager (HealthyPipelineSafeModeRule.java:process(137)) - SCM in safe mode. Healthy pipelines reported count is 0, required healthy pipeline reported count is 1
2023-10-04 17:29:40,290 [f9d37fed-45fc-460e-afd0-cdcd65402720-groupManagement] INFO  ratis.ContainerStateMachine (ContainerStateMachine.java:loadSnapshot(262)) - group-B70DFC59A970: The snapshot info is null. Setting the last applied indexto:(t:0, i:~)
2023-10-04 17:29:40,293 [f9d37fed-45fc-460e-afd0-cdcd65402720-groupManagement] INFO  server.RaftServerConfigKeys (ConfUtils.java:logGet(46)) - raft.server.log.use.memory = false (default)
2023-10-04 17:29:40,293 [f9d37fed-45fc-460e-afd0-cdcd65402720-groupManagement] INFO  server.RaftServerConfigKeys (ConfUtils.java:logGet(46)) - raft.server.log.purge.gap = 1000000 (custom)
2023-10-04 17:29:40,293 [f9d37fed-45fc-460e-afd0-cdcd65402720-groupManagement] INFO  server.RaftServerConfigKeys (ConfUtils.java:logGet(46)) - raft.server.log.appender.buffer.byte-limit = 33554432 (custom)
2023-10-04 17:29:40,293 [f9d37fed-45fc-460e-afd0-cdcd65402720-groupManagement] INFO  server.RaftServerConfigKeys (ConfUtils.java:logGet(46)) - raft.server.log.statemachine.data.read.timeout = 1000ms (default)
2023-10-04 17:29:40,293 [f9d37fed-45fc-460e-afd0-cdcd65402720-groupManagement] INFO  server.RaftServerConfigKeys (ConfUtils.java:logGet(46)) - raft.server.log.purge.preservation.log.num = 0 (default)
2023-10-04 17:29:40,293 [f9d37fed-45fc-460e-afd0-cdcd65402720-groupManagement] INFO  server.RaftServerConfigKeys (ConfUtils.java:logGet(46)) - raft.server.log.segment.size.max = 1048576 (custom)
2023-10-04 17:29:40,294 [f9d37fed-45fc-460e-afd0-cdcd65402720-groupManagement] INFO  server.RaftServerConfigKeys (ConfUtils.java:logGet(46)) - raft.server.log.segment.cache.num.max = 2 (custom)
2023-10-04 17:29:40,294 [f9d37fed-45fc-460e-afd0-cdcd65402720-groupManagement] INFO  server.RaftServerConfigKeys (ConfUtils.java:logGet(46)) - raft.server.log.segment.cache.size.max = 200MB (=209715200) (default)
2023-10-04 17:29:40,294 [f9d37fed-45fc-460e-afd0-cdcd65402720-groupManagement] INFO  server.RaftServerConfigKeys (ConfUtils.java:logGet(46)) - raft.server.log.appender.buffer.byte-limit = 33554432 (custom)
2023-10-04 17:29:40,294 [f9d37fed-45fc-460e-afd0-cdcd65402720-groupManagement] INFO  segmented.SegmentedRaftLogWorker (SegmentedRaftLogWorker.java:<init>(188)) - new f9d37fed-45fc-460e-afd0-cdcd65402720@group-B70DFC59A970-SegmentedRaftLogWorker for RaftStorageImpl:Storage Directory /home/runner/work/ozone/ozone/hadoop-ozone/integration-test/target/test-dir/MiniOzoneClusterImpl-da1d4460-e54b-4a34-859f-b12e99aef92e/datanode-1/data/ratis/45a6bee1-abcb-477f-ac20-b70dfc59a970
2023-10-04 17:29:40,296 [f9d37fed-45fc-460e-afd0-cdcd65402720-groupManagement] INFO  server.RaftServerConfigKeys (ConfUtils.java:logGet(46)) - raft.server.log.queue.byte-limit = 4294967296 (custom)
2023-10-04 17:29:40,296 [f9d37fed-45fc-460e-afd0-cdcd65402720-groupManagement] INFO  server.RaftServerConfigKeys (ConfUtils.java:logGet(46)) - raft.server.log.queue.element-limit = 1024 (custom)
2023-10-04 17:29:40,296 [f9d37fed-45fc-460e-afd0-cdcd65402720-groupManagement] INFO  server.RaftServerConfigKeys (ConfUtils.java:logGet(46)) - raft.server.log.segment.size.max = 1048576 (custom)
2023-10-04 17:29:40,296 [f9d37fed-45fc-460e-afd0-cdcd65402720-groupManagement] INFO  server.RaftServerConfigKeys (ConfUtils.java:logGet(46)) - raft.server.log.preallocated.size = 16384 (custom)
2023-10-04 17:29:40,296 [f9d37fed-45fc-460e-afd0-cdcd65402720-groupManagement] INFO  server.RaftServerConfigKeys (ConfUtils.java:logGet(46)) - raft.server.log.force.sync.num = 128 (default)
2023-10-04 17:29:40,296 [f9d37fed-45fc-460e-afd0-cdcd65402720-groupManagement] INFO  server.RaftServerConfigKeys (ConfUtils.java:logGet(46)) - raft.server.log.statemachine.data.sync = true (default)
2023-10-04 17:29:40,296 [f9d37fed-45fc-460e-afd0-cdcd65402720-groupManagement] INFO  server.RaftServerConfigKeys (ConfUtils.java:logGet(46)) - raft.server.log.statemachine.data.sync.timeout = 10s (default)
2023-10-04 17:29:40,296 [f9d37fed-45fc-460e-afd0-cdcd65402720-groupManagement] INFO  server.RaftServerConfigKeys (ConfUtils.java:logGet(46)) - raft.server.log.statemachine.data.sync.timeout.retry = -1 (default)
2023-10-04 17:29:40,298 [f9d37fed-45fc-460e-afd0-cdcd65402720-groupManagement] INFO  server.RaftServerConfigKeys (ConfUtils.java:logGet(46)) - raft.server.log.write.buffer.size = 1048576 (custom)
2023-10-04 17:29:40,298 [f9d37fed-45fc-460e-afd0-cdcd65402720-groupManagement] INFO  server.RaftServerConfigKeys (ConfUtils.java:logGet(46)) - raft.server.log.appender.buffer.byte-limit = 33554432 (custom)
2023-10-04 17:29:40,309 [f9d37fed-45fc-460e-afd0-cdcd65402720-groupManagement] INFO  server.RaftServerConfigKeys (ConfUtils.java:logGet(46)) - raft.server.log.unsafe-flush.enabled = false (default)
2023-10-04 17:29:40,311 [f9d37fed-45fc-460e-afd0-cdcd65402720-groupManagement] INFO  server.RaftServerConfigKeys (ConfUtils.java:logGet(46)) - raft.server.log.async-flush.enabled = false (default)
2023-10-04 17:29:40,311 [f9d37fed-45fc-460e-afd0-cdcd65402720-groupManagement] INFO  server.RaftServerConfigKeys (ConfUtils.java:logGet(46)) - raft.server.log.statemachine.data.caching.enabled = true (custom)
2023-10-04 17:29:40,311 [f9d37fed-45fc-460e-afd0-cdcd65402720-groupManagement] INFO  segmented.SegmentedRaftLogWorker (SegmentedRaftLogWorker.java:lambda$new$0(135)) - f9d37fed-45fc-460e-afd0-cdcd65402720@group-B70DFC59A970-SegmentedRaftLogWorker: flushIndex: setUnconditionally 0 -> -1
2023-10-04 17:29:40,311 [f9d37fed-45fc-460e-afd0-cdcd65402720-groupManagement] INFO  segmented.SegmentedRaftLogWorker (SegmentedRaftLogWorker.java:lambda$new$0(135)) - f9d37fed-45fc-460e-afd0-cdcd65402720@group-B70DFC59A970-SegmentedRaftLogWorker: safeCacheEvictIndex: setUnconditionally 0 -> -1
2023-10-04 17:29:40,316 [f9d37fed-45fc-460e-afd0-cdcd65402720-groupManagement] INFO  server.RaftServer$Division (RaftServerImpl.java:start(342)) - f9d37fed-45fc-460e-afd0-cdcd65402720@group-B70DFC59A970: start as a follower, conf=-1: peers:[f9d37fed-45fc-460e-afd0-cdcd65402720|rpc:10.1.0.20:15023|admin:10.1.0.20:15022|client:10.1.0.20:15021|dataStream:10.1.0.20:15024|priority:1|startupRole:FOLLOWER]|listeners:[], old=null
2023-10-04 17:29:40,317 [f9d37fed-45fc-460e-afd0-cdcd65402720-groupManagement] INFO  server.RaftServer$Division (RaftServerImpl.java:setRole(329)) - f9d37fed-45fc-460e-afd0-cdcd65402720@group-B70DFC59A970: changes role from      null to FOLLOWER at term 0 for startAsFollower
2023-10-04 17:29:40,317 [f9d37fed-45fc-460e-afd0-cdcd65402720-groupManagement] INFO  impl.RoleInfo (RoleInfo.java:updateAndGet(139)) - f9d37fed-45fc-460e-afd0-cdcd65402720: start f9d37fed-45fc-460e-afd0-cdcd65402720@group-B70DFC59A970-FollowerState
2023-10-04 17:29:40,318 [main] INFO  ozone.MiniOzoneClusterImpl (MiniOzoneClusterImpl.java:lambda$waitForClusterToBeReady$0(229)) - Nodes are ready. Got 5 of 5 DN Heartbeats.
2023-10-04 17:29:40,318 [main] INFO  ozone.MiniOzoneClusterImpl (MiniOzoneClusterImpl.java:lambda$waitForClusterToBeReady$0(232)) - Waiting for cluster to exit safe mode
2023-10-04 17:29:40,318 [main] INFO  ozone.MiniOzoneClusterImpl (MiniOzoneClusterImpl.java:lambda$waitForClusterToBeReady$0(234)) - SCM became leader
2023-10-04 17:29:40,321 [f9d37fed-45fc-460e-afd0-cdcd65402720@group-B70DFC59A970-FollowerState] INFO  server.RaftServerConfigKeys (ConfUtils.java:logFallback(53)) - raft.server.rpc.first-election.timeout.min = 5s (fallback to raft.server.rpc.timeout.min)
2023-10-04 17:29:40,321 [f9d37fed-45fc-460e-afd0-cdcd65402720@group-B70DFC59A970-FollowerState] INFO  server.RaftServerConfigKeys (ConfUtils.java:logFallback(53)) - raft.server.rpc.first-election.timeout.max = 5200ms (fallback to raft.server.rpc.timeout.max)
2023-10-04 17:29:40,321 [f9d37fed-45fc-460e-afd0-cdcd65402720-groupManagement] INFO  util.JmxRegister (JmxRegister.java:tryRegister(44)) - Successfully registered JMX Bean with object name Ratis:service=RaftServer,group=group-B70DFC59A970,id=f9d37fed-45fc-460e-afd0-cdcd65402720
2023-10-04 17:29:40,322 [f9d37fed-45fc-460e-afd0-cdcd65402720-groupManagement] INFO  server.RaftServerConfigKeys (ConfUtils.java:logGet(46)) - raft.server.snapshot.auto.trigger.enabled = true (custom)
2023-10-04 17:29:40,322 [f9d37fed-45fc-460e-afd0-cdcd65402720-groupManagement] INFO  server.RaftServerConfigKeys (ConfUtils.java:logGet(46)) - raft.server.snapshot.auto.trigger.threshold = 10000 (custom)
2023-10-04 17:29:40,322 [f9d37fed-45fc-460e-afd0-cdcd65402720-groupManagement] INFO  server.RaftServerConfigKeys (ConfUtils.java:logGet(46)) - raft.server.snapshot.retention.file.num = 5 (custom)
2023-10-04 17:29:40,322 [f9d37fed-45fc-460e-afd0-cdcd65402720-groupManagement] INFO  server.RaftServerConfigKeys (ConfUtils.java:logGet(46)) - raft.server.log.purge.upto.snapshot.index = false (default)
2023-10-04 17:29:40,323 [PipelineCommandHandlerThread-0] INFO  ratis.XceiverServerRatis (XceiverServerRatis.java:addGroup(804)) - Created group PipelineID=45a6bee1-abcb-477f-ac20-b70dfc59a970
2023-10-04 17:29:40,323 [PipelineCommandHandlerThread-0] INFO  commandhandler.CreatePipelineCommandHandler (CreatePipelineCommandHandler.java:lambda$handle$2(124)) - Created Pipeline RATIS ONE PipelineID=45a6bee1-abcb-477f-ac20-b70dfc59a970.
2023-10-04 17:29:40,325 [PipelineCommandHandlerThread-0] INFO  server.RaftServer (RaftServerProxy.java:addNew(98)) - f9d37fed-45fc-460e-afd0-cdcd65402720: addNew group-80372E8A5B71:[f9d37fed-45fc-460e-afd0-cdcd65402720|rpc:10.1.0.20:15023|admin:10.1.0.20:15022|client:10.1.0.20:15021|dataStream:10.1.0.20:15024|priority:0|startupRole:FOLLOWER, 3f00e8f6-b1cf-4c66-adc6-49812d80e8b8|rpc:10.1.0.20:15014|admin:10.1.0.20:15013|client:10.1.0.20:15012|dataStream:10.1.0.20:15015|priority:1|startupRole:FOLLOWER, de7ceff0-6407-4127-9c69-f263aab5871b|rpc:10.1.0.20:15032|admin:10.1.0.20:15031|client:10.1.0.20:15030|dataStream:10.1.0.20:15033|priority:0|startupRole:FOLLOWER] returns group-80372E8A5B71:java.util.concurrent.CompletableFuture@557888b9[Not completed]
2023-10-04 17:29:40,326 [f9d37fed-45fc-460e-afd0-cdcd65402720-groupManagement] INFO  server.RaftServer$Division (RaftServerImpl.java:<init>(198)) - f9d37fed-45fc-460e-afd0-cdcd65402720: new RaftServerImpl for group-80372E8A5B71:[f9d37fed-45fc-460e-afd0-cdcd65402720|rpc:10.1.0.20:15023|admin:10.1.0.20:15022|client:10.1.0.20:15021|dataStream:10.1.0.20:15024|priority:0|startupRole:FOLLOWER, 3f00e8f6-b1cf-4c66-adc6-49812d80e8b8|rpc:10.1.0.20:15014|admin:10.1.0.20:15013|client:10.1.0.20:15012|dataStream:10.1.0.20:15015|priority:1|startupRole:FOLLOWER, de7ceff0-6407-4127-9c69-f263aab5871b|rpc:10.1.0.20:15032|admin:10.1.0.20:15031|client:10.1.0.20:15030|dataStream:10.1.0.20:15033|priority:0|startupRole:FOLLOWER] with ContainerStateMachine:uninitialized
2023-10-04 17:29:40,327 [f9d37fed-45fc-460e-afd0-cdcd65402720-groupManagement] INFO  server.RaftServerConfigKeys (ConfUtils.java:logGet(46)) - raft.server.rpc.timeout.min = 5s (custom)
2023-10-04 17:29:40,327 [f9d37fed-45fc-460e-afd0-cdcd65402720-groupManagement] INFO  server.RaftServerConfigKeys (ConfUtils.java:logGet(46)) - raft.server.rpc.timeout.max = 5200ms (custom)
2023-10-04 17:29:40,327 [f9d37fed-45fc-460e-afd0-cdcd65402720-groupManagement] INFO  server.RaftServerConfigKeys (ConfUtils.java:logGet(46)) - raft.server.rpc.sleep.time = 25ms (default)
2023-10-04 17:29:40,327 [f9d37fed-45fc-460e-afd0-cdcd65402720-groupManagement] INFO  server.RaftServerConfigKeys (ConfUtils.java:logGet(46)) - raft.server.rpc.slowness.timeout = 300s (custom)
2023-10-04 17:29:40,327 [f9d37fed-45fc-460e-afd0-cdcd65402720-groupManagement] INFO  server.RaftServerConfigKeys (ConfUtils.java:logGet(46)) - raft.server.leaderelection.leader.step-down.wait-time = 10s (default)
2023-10-04 17:29:40,327 [f9d37fed-45fc-460e-afd0-cdcd65402720-groupManagement] INFO  server.RaftServerConfigKeys (ConfUtils.java:logGet(46)) - raft.server.sleep.deviation.threshold = 300ms (default)
2023-10-04 17:29:40,327 [f9d37fed-45fc-460e-afd0-cdcd65402720-groupManagement] INFO  server.RaftServer$Division (ServerState.java:<init>(120)) - f9d37fed-45fc-460e-afd0-cdcd65402720@group-80372E8A5B71: ConfigurationManager, init=-1: peers:[f9d37fed-45fc-460e-afd0-cdcd65402720|rpc:10.1.0.20:15023|admin:10.1.0.20:15022|client:10.1.0.20:15021|dataStream:10.1.0.20:15024|priority:0|startupRole:FOLLOWER, 3f00e8f6-b1cf-4c66-adc6-49812d80e8b8|rpc:10.1.0.20:15014|admin:10.1.0.20:15013|client:10.1.0.20:15012|dataStream:10.1.0.20:15015|priority:1|startupRole:FOLLOWER, de7ceff0-6407-4127-9c69-f263aab5871b|rpc:10.1.0.20:15032|admin:10.1.0.20:15031|client:10.1.0.20:15030|dataStream:10.1.0.20:15033|priority:0|startupRole:FOLLOWER]|listeners:[], old=null, confs=<EMPTY_MAP>
2023-10-04 17:29:40,327 [f9d37fed-45fc-460e-afd0-cdcd65402720-groupManagement] INFO  server.RaftServerConfigKeys (ConfUtils.java:logGet(46)) - raft.server.storage.dir = [/home/runner/work/ozone/ozone/hadoop-ozone/integration-test/target/test-dir/MiniOzoneClusterImpl-da1d4460-e54b-4a34-859f-b12e99aef92e/datanode-1/data/ratis] (custom)
2023-10-04 17:29:40,327 [f9d37fed-45fc-460e-afd0-cdcd65402720-groupManagement] INFO  server.RaftServerConfigKeys (ConfUtils.java:logGet(46)) - raft.server.log.corruption.policy = EXCEPTION (default)
2023-10-04 17:29:40,327 [f9d37fed-45fc-460e-afd0-cdcd65402720-groupManagement] INFO  server.RaftServerConfigKeys (ConfUtils.java:logGet(46)) - raft.server.storage.free-space.min = 0MB (=0) (default)
2023-10-04 17:29:40,327 [f9d37fed-45fc-460e-afd0-cdcd65402720-groupManagement] INFO  server.RaftServerConfigKeys (ConfUtils.java:logGet(46)) - raft.server.notification.no-leader.timeout = 300s (custom)
2023-10-04 17:29:40,327 [f9d37fed-45fc-460e-afd0-cdcd65402720-groupManagement] INFO  server.RaftServerConfigKeys (ConfUtils.java:logGet(46)) - raft.server.read.timeout = 10s (default)
2023-10-04 17:29:40,327 [f9d37fed-45fc-460e-afd0-cdcd65402720-groupManagement] INFO  server.RaftServerConfigKeys (ConfUtils.java:logGet(46)) - raft.server.retrycache.expirytime = 600000ms (custom)
2023-10-04 17:29:40,327 [f9d37fed-45fc-460e-afd0-cdcd65402720-groupManagement] INFO  server.RaftServerConfigKeys (ConfUtils.java:logGet(46)) - raft.server.retrycache.statistics.expirytime = 100μs (default)
2023-10-04 17:29:40,328 [f9d37fed-45fc-460e-afd0-cdcd65402720-groupManagement] INFO  server.RaftServerConfigKeys (ConfUtils.java:logGet(46)) - raft.server.read.option = DEFAULT (default)
2023-10-04 17:29:40,329 [f9d37fed-45fc-460e-afd0-cdcd65402720-groupManagement] INFO  server.RaftServerConfigKeys (ConfUtils.java:logGet(46)) - raft.server.rpc.request.timeout = 60s (custom)
2023-10-04 17:29:40,329 [f9d37fed-45fc-460e-afd0-cdcd65402720-groupManagement] INFO  server.RaftServerConfigKeys (ConfUtils.java:logGet(46)) - raft.server.log.appender.install.snapshot.enabled = false (custom)
2023-10-04 17:29:40,329 [f9d37fed-45fc-460e-afd0-cdcd65402720-groupManagement] INFO  server.RaftServerConfigKeys (ConfUtils.java:logGet(46)) - raft.server.threadpool.server.cached = true (default)
2023-10-04 17:29:40,329 [f9d37fed-45fc-460e-afd0-cdcd65402720-groupManagement] INFO  server.RaftServerConfigKeys (ConfUtils.java:logGet(46)) - raft.server.threadpool.server.size = 0 (default)
2023-10-04 17:29:40,329 [f9d37fed-45fc-460e-afd0-cdcd65402720-groupManagement] INFO  server.RaftServerConfigKeys (ConfUtils.java:logGet(46)) - raft.server.threadpool.client.cached = true (default)
2023-10-04 17:29:40,329 [f9d37fed-45fc-460e-afd0-cdcd65402720-groupManagement] INFO  server.RaftServerConfigKeys (ConfUtils.java:logGet(46)) - raft.server.threadpool.client.size = 0 (default)
2023-10-04 17:29:40,329 [f9d37fed-45fc-460e-afd0-cdcd65402720-groupManagement] INFO  storage.RaftStorageDirectory (RaftStorageDirectoryImpl.java:analyzeStorage(137)) - The storage directory /home/runner/work/ozone/ozone/hadoop-ozone/integration-test/target/test-dir/MiniOzoneClusterImpl-da1d4460-e54b-4a34-859f-b12e99aef92e/datanode-1/data/ratis/98d6e81a-3aed-413a-9200-80372e8a5b71 does not exist. Creating ...
2023-10-04 17:29:40,334 [f9d37fed-45fc-460e-afd0-cdcd65402720-groupManagement] INFO  storage.RaftStorageDirectory (RaftStorageDirectoryImpl.java:tryLock(231)) - Lock on /home/runner/work/ozone/ozone/hadoop-ozone/integration-test/target/test-dir/MiniOzoneClusterImpl-da1d4460-e54b-4a34-859f-b12e99aef92e/datanode-1/data/ratis/98d6e81a-3aed-413a-9200-80372e8a5b71/in_use.lock acquired by nodename 7524@fv-az453-706
2023-10-04 17:29:40,336 [f9d37fed-45fc-460e-afd0-cdcd65402720-groupManagement] INFO  storage.RaftStorage (RaftStorageImpl.java:format(96)) - Storage directory /home/runner/work/ozone/ozone/hadoop-ozone/integration-test/target/test-dir/MiniOzoneClusterImpl-da1d4460-e54b-4a34-859f-b12e99aef92e/datanode-1/data/ratis/98d6e81a-3aed-413a-9200-80372e8a5b71 has been successfully formatted.
2023-10-04 17:29:40,350 [f9d37fed-45fc-460e-afd0-cdcd65402720-groupManagement] INFO  ratis.ContainerStateMachine (ContainerStateMachine.java:loadSnapshot(262)) - group-80372E8A5B71: The snapshot info is null. Setting the last applied indexto:(t:0, i:~)
2023-10-04 17:29:40,350 [f9d37fed-45fc-460e-afd0-cdcd65402720-groupManagement] INFO  server.RaftServerConfigKeys (ConfUtils.java:logGet(46)) - raft.server.log.use.memory = false (default)
2023-10-04 17:29:40,350 [f9d37fed-45fc-460e-afd0-cdcd65402720-groupManagement] INFO  server.RaftServerConfigKeys (ConfUtils.java:logGet(46)) - raft.server.log.purge.gap = 1000000 (custom)
2023-10-04 17:29:40,350 [f9d37fed-45fc-460e-afd0-cdcd65402720-groupManagement] INFO  server.RaftServerConfigKeys (ConfUtils.java:logGet(46)) - raft.server.log.appender.buffer.byte-limit = 33554432 (custom)
2023-10-04 17:29:40,350 [f9d37fed-45fc-460e-afd0-cdcd65402720-groupManagement] INFO  server.RaftServerConfigKeys (ConfUtils.java:logGet(46)) - raft.server.log.statemachine.data.read.timeout = 1000ms (default)
2023-10-04 17:29:40,350 [f9d37fed-45fc-460e-afd0-cdcd65402720-groupManagement] INFO  server.RaftServerConfigKeys (ConfUtils.java:logGet(46)) - raft.server.log.purge.preservation.log.num = 0 (default)
2023-10-04 17:29:40,350 [f9d37fed-45fc-460e-afd0-cdcd65402720-groupManagement] INFO  server.RaftServerConfigKeys (ConfUtils.java:logGet(46)) - raft.server.log.segment.size.max = 1048576 (custom)
2023-10-04 17:29:40,351 [f9d37fed-45fc-460e-afd0-cdcd65402720-groupManagement] INFO  server.RaftServerConfigKeys (ConfUtils.java:logGet(46)) - raft.server.log.segment.cache.num.max = 2 (custom)
2023-10-04 17:29:40,351 [f9d37fed-45fc-460e-afd0-cdcd65402720-groupManagement] INFO  server.RaftServerConfigKeys (ConfUtils.java:logGet(46)) - raft.server.log.segment.cache.size.max = 200MB (=209715200) (default)
2023-10-04 17:29:40,351 [f9d37fed-45fc-460e-afd0-cdcd65402720-groupManagement] INFO  server.RaftServerConfigKeys (ConfUtils.java:logGet(46)) - raft.server.log.appender.buffer.byte-limit = 33554432 (custom)
2023-10-04 17:29:40,351 [f9d37fed-45fc-460e-afd0-cdcd65402720-groupManagement] INFO  segmented.SegmentedRaftLogWorker (SegmentedRaftLogWorker.java:<init>(188)) - new f9d37fed-45fc-460e-afd0-cdcd65402720@group-80372E8A5B71-SegmentedRaftLogWorker for RaftStorageImpl:Storage Directory /home/runner/work/ozone/ozone/hadoop-ozone/integration-test/target/test-dir/MiniOzoneClusterImpl-da1d4460-e54b-4a34-859f-b12e99aef92e/datanode-1/data/ratis/98d6e81a-3aed-413a-9200-80372e8a5b71
2023-10-04 17:29:40,351 [f9d37fed-45fc-460e-afd0-cdcd65402720-groupManagement] INFO  server.RaftServerConfigKeys (ConfUtils.java:logGet(46)) - raft.server.log.queue.byte-limit = 4294967296 (custom)
2023-10-04 17:29:40,351 [f9d37fed-45fc-460e-afd0-cdcd65402720-groupManagement] INFO  server.RaftServerConfigKeys (ConfUtils.java:logGet(46)) - raft.server.log.queue.element-limit = 1024 (custom)
2023-10-04 17:29:40,351 [f9d37fed-45fc-460e-afd0-cdcd65402720-groupManagement] INFO  server.RaftServerConfigKeys (ConfUtils.java:logGet(46)) - raft.server.log.segment.size.max = 1048576 (custom)
2023-10-04 17:29:40,351 [f9d37fed-45fc-460e-afd0-cdcd65402720-groupManagement] INFO  server.RaftServerConfigKeys (ConfUtils.java:logGet(46)) - raft.server.log.preallocated.size = 16384 (custom)
2023-10-04 17:29:40,351 [f9d37fed-45fc-460e-afd0-cdcd65402720-groupManagement] INFO  server.RaftServerConfigKeys (ConfUtils.java:logGet(46)) - raft.server.log.force.sync.num = 128 (default)
2023-10-04 17:29:40,352 [f9d37fed-45fc-460e-afd0-cdcd65402720-groupManagement] INFO  server.RaftServerConfigKeys (ConfUtils.java:logGet(46)) - raft.server.log.statemachine.data.sync = true (default)
2023-10-04 17:29:40,352 [f9d37fed-45fc-460e-afd0-cdcd65402720-groupManagement] INFO  server.RaftServerConfigKeys (ConfUtils.java:logGet(46)) - raft.server.log.statemachine.data.sync.timeout = 10s (default)
2023-10-04 17:29:40,352 [f9d37fed-45fc-460e-afd0-cdcd65402720-groupManagement] INFO  server.RaftServerConfigKeys (ConfUtils.java:logGet(46)) - raft.server.log.statemachine.data.sync.timeout.retry = -1 (default)
2023-10-04 17:29:40,352 [f9d37fed-45fc-460e-afd0-cdcd65402720-groupManagement] INFO  server.RaftServerConfigKeys (ConfUtils.java:logGet(46)) - raft.server.log.write.buffer.size = 1048576 (custom)
2023-10-04 17:29:40,353 [f9d37fed-45fc-460e-afd0-cdcd65402720-groupManagement] INFO  server.RaftServerConfigKeys (ConfUtils.java:logGet(46)) - raft.server.log.appender.buffer.byte-limit = 33554432 (custom)
2023-10-04 17:29:40,356 [EventQueue-OpenPipelineForHealthyPipelineSafeModeRule] INFO  safemode.SCMSafeModeManager (HealthyPipelineSafeModeRule.java:process(137)) - SCM in safe mode. Healthy pipelines reported count is 0, required healthy pipeline reported count is 1
2023-10-04 17:29:40,362 [f9d37fed-45fc-460e-afd0-cdcd65402720-groupManagement] INFO  server.RaftServerConfigKeys (ConfUtils.java:logGet(46)) - raft.server.log.unsafe-flush.enabled = false (default)
2023-10-04 17:29:40,362 [f9d37fed-45fc-460e-afd0-cdcd65402720-groupManagement] INFO  server.RaftServerConfigKeys (ConfUtils.java:logGet(46)) - raft.server.log.async-flush.enabled = false (default)
2023-10-04 17:29:40,362 [f9d37fed-45fc-460e-afd0-cdcd65402720-groupManagement] INFO  server.RaftServerConfigKeys (ConfUtils.java:logGet(46)) - raft.server.log.statemachine.data.caching.enabled = true (custom)
2023-10-04 17:29:40,362 [f9d37fed-45fc-460e-afd0-cdcd65402720-groupManagement] INFO  segmented.SegmentedRaftLogWorker (SegmentedRaftLogWorker.java:lambda$new$0(135)) - f9d37fed-45fc-460e-afd0-cdcd65402720@group-80372E8A5B71-SegmentedRaftLogWorker: flushIndex: setUnconditionally 0 -> -1
2023-10-04 17:29:40,362 [f9d37fed-45fc-460e-afd0-cdcd65402720-groupManagement] INFO  segmented.SegmentedRaftLogWorker (SegmentedRaftLogWorker.java:lambda$new$0(135)) - f9d37fed-45fc-460e-afd0-cdcd65402720@group-80372E8A5B71-SegmentedRaftLogWorker: safeCacheEvictIndex: setUnconditionally 0 -> -1
2023-10-04 17:29:40,362 [f9d37fed-45fc-460e-afd0-cdcd65402720-groupManagement] INFO  server.RaftServer$Division (RaftServerImpl.java:start(342)) - f9d37fed-45fc-460e-afd0-cdcd65402720@group-80372E8A5B71: start as a follower, conf=-1: peers:[f9d37fed-45fc-460e-afd0-cdcd65402720|rpc:10.1.0.20:15023|admin:10.1.0.20:15022|client:10.1.0.20:15021|dataStream:10.1.0.20:15024|priority:0|startupRole:FOLLOWER, 3f00e8f6-b1cf-4c66-adc6-49812d80e8b8|rpc:10.1.0.20:15014|admin:10.1.0.20:15013|client:10.1.0.20:15012|dataStream:10.1.0.20:15015|priority:1|startupRole:FOLLOWER, de7ceff0-6407-4127-9c69-f263aab5871b|rpc:10.1.0.20:15032|admin:10.1.0.20:15031|client:10.1.0.20:15030|dataStream:10.1.0.20:15033|priority:0|startupRole:FOLLOWER]|listeners:[], old=null
2023-10-04 17:29:40,362 [f9d37fed-45fc-460e-afd0-cdcd65402720-groupManagement] INFO  server.RaftServer$Division (RaftServerImpl.java:setRole(329)) - f9d37fed-45fc-460e-afd0-cdcd65402720@group-80372E8A5B71: changes role from      null to FOLLOWER at term 0 for startAsFollower
2023-10-04 17:29:40,363 [f9d37fed-45fc-460e-afd0-cdcd65402720-groupManagement] INFO  impl.RoleInfo (RoleInfo.java:updateAndGet(139)) - f9d37fed-45fc-460e-afd0-cdcd65402720: start f9d37fed-45fc-460e-afd0-cdcd65402720@group-80372E8A5B71-FollowerState
2023-10-04 17:29:40,363 [f9d37fed-45fc-460e-afd0-cdcd65402720-groupManagement] INFO  util.JmxRegister (JmxRegister.java:tryRegister(44)) - Successfully registered JMX Bean with object name Ratis:service=RaftServer,group=group-80372E8A5B71,id=f9d37fed-45fc-460e-afd0-cdcd65402720
2023-10-04 17:29:40,363 [f9d37fed-45fc-460e-afd0-cdcd65402720-groupManagement] INFO  server.RaftServerConfigKeys (ConfUtils.java:logGet(46)) - raft.server.snapshot.auto.trigger.enabled = true (custom)
2023-10-04 17:29:40,363 [f9d37fed-45fc-460e-afd0-cdcd65402720-groupManagement] INFO  server.RaftServerConfigKeys (ConfUtils.java:logGet(46)) - raft.server.snapshot.auto.trigger.threshold = 10000 (custom)
2023-10-04 17:29:40,363 [f9d37fed-45fc-460e-afd0-cdcd65402720-groupManagement] INFO  server.RaftServerConfigKeys (ConfUtils.java:logGet(46)) - raft.server.snapshot.retention.file.num = 5 (custom)
2023-10-04 17:29:40,363 [f9d37fed-45fc-460e-afd0-cdcd65402720-groupManagement] INFO  server.RaftServerConfigKeys (ConfUtils.java:logGet(46)) - raft.server.log.purge.upto.snapshot.index = false (default)
2023-10-04 17:29:40,364 [f9d37fed-45fc-460e-afd0-cdcd65402720@group-80372E8A5B71-FollowerState] INFO  server.RaftServerConfigKeys (ConfUtils.java:logFallback(53)) - raft.server.rpc.first-election.timeout.min = 5s (fallback to raft.server.rpc.timeout.min)
2023-10-04 17:29:40,366 [f9d37fed-45fc-460e-afd0-cdcd65402720@group-80372E8A5B71-FollowerState] INFO  server.RaftServerConfigKeys (ConfUtils.java:logFallback(53)) - raft.server.rpc.first-election.timeout.max = 5200ms (fallback to raft.server.rpc.timeout.max)
2023-10-04 17:29:40,367 [PipelineCommandHandlerThread-0] INFO  ratis.XceiverServerRatis (XceiverServerRatis.java:addGroup(804)) - Created group PipelineID=98d6e81a-3aed-413a-9200-80372e8a5b71
2023-10-04 17:29:40,658 [PipelineCommandHandlerThread-0] INFO  server.RaftServer (RaftServerProxy.java:addNew(98)) - de7ceff0-6407-4127-9c69-f263aab5871b: addNew group-158A427F0AF5:[de7ceff0-6407-4127-9c69-f263aab5871b|rpc:10.1.0.20:15032|admin:10.1.0.20:15031|client:10.1.0.20:15030|dataStream:10.1.0.20:15033|priority:1|startupRole:FOLLOWER] returns group-158A427F0AF5:java.util.concurrent.CompletableFuture@3fbaf5c4[Not completed]
2023-10-04 17:29:40,669 [grpc-default-executor-1] INFO  server.RaftServer (RaftServerProxy.java:addNew(98)) - de7ceff0-6407-4127-9c69-f263aab5871b: addNew group-80372E8A5B71:[f9d37fed-45fc-460e-afd0-cdcd65402720|rpc:10.1.0.20:15023|admin:10.1.0.20:15022|client:10.1.0.20:15021|dataStream:10.1.0.20:15024|priority:0|startupRole:FOLLOWER, 3f00e8f6-b1cf-4c66-adc6-49812d80e8b8|rpc:10.1.0.20:15014|admin:10.1.0.20:15013|client:10.1.0.20:15012|dataStream:10.1.0.20:15015|priority:1|startupRole:FOLLOWER, de7ceff0-6407-4127-9c69-f263aab5871b|rpc:10.1.0.20:15032|admin:10.1.0.20:15031|client:10.1.0.20:15030|dataStream:10.1.0.20:15033|priority:0|startupRole:FOLLOWER] returns group-80372E8A5B71:java.util.concurrent.CompletableFuture@5c897fd3[Not completed]
2023-10-04 17:29:40,670 [de7ceff0-6407-4127-9c69-f263aab5871b-groupManagement] INFO  server.RaftServer$Division (RaftServerImpl.java:<init>(198)) - de7ceff0-6407-4127-9c69-f263aab5871b: new RaftServerImpl for group-158A427F0AF5:[de7ceff0-6407-4127-9c69-f263aab5871b|rpc:10.1.0.20:15032|admin:10.1.0.20:15031|client:10.1.0.20:15030|dataStream:10.1.0.20:15033|priority:1|startupRole:FOLLOWER] with ContainerStateMachine:uninitialized
2023-10-04 17:29:40,670 [de7ceff0-6407-4127-9c69-f263aab5871b-groupManagement] INFO  server.RaftServerConfigKeys (ConfUtils.java:logGet(46)) - raft.server.rpc.timeout.min = 5s (custom)
2023-10-04 17:29:40,670 [de7ceff0-6407-4127-9c69-f263aab5871b-groupManagement] INFO  server.RaftServerConfigKeys (ConfUtils.java:logGet(46)) - raft.server.rpc.timeout.max = 5200ms (custom)
2023-10-04 17:29:40,670 [de7ceff0-6407-4127-9c69-f263aab5871b-groupManagement] INFO  server.RaftServerConfigKeys (ConfUtils.java:logGet(46)) - raft.server.rpc.sleep.time = 25ms (default)
2023-10-04 17:29:40,671 [de7ceff0-6407-4127-9c69-f263aab5871b-groupManagement] INFO  server.RaftServerConfigKeys (ConfUtils.java:logGet(46)) - raft.server.rpc.slowness.timeout = 300s (custom)
2023-10-04 17:29:40,671 [de7ceff0-6407-4127-9c69-f263aab5871b-groupManagement] INFO  server.RaftServerConfigKeys (ConfUtils.java:logGet(46)) - raft.server.leaderelection.leader.step-down.wait-time = 10s (default)
2023-10-04 17:29:40,671 [de7ceff0-6407-4127-9c69-f263aab5871b-groupManagement] INFO  server.RaftServerConfigKeys (ConfUtils.java:logGet(46)) - raft.server.sleep.deviation.threshold = 300ms (default)
2023-10-04 17:29:40,671 [de7ceff0-6407-4127-9c69-f263aab5871b-groupManagement] INFO  server.RaftServer$Division (ServerState.java:<init>(120)) - de7ceff0-6407-4127-9c69-f263aab5871b@group-158A427F0AF5: ConfigurationManager, init=-1: peers:[de7ceff0-6407-4127-9c69-f263aab5871b|rpc:10.1.0.20:15032|admin:10.1.0.20:15031|client:10.1.0.20:15030|dataStream:10.1.0.20:15033|priority:1|startupRole:FOLLOWER]|listeners:[], old=null, confs=<EMPTY_MAP>
2023-10-04 17:29:40,671 [de7ceff0-6407-4127-9c69-f263aab5871b-groupManagement] INFO  server.RaftServerConfigKeys (ConfUtils.java:logGet(46)) - raft.server.storage.dir = [/home/runner/work/ozone/ozone/hadoop-ozone/integration-test/target/test-dir/MiniOzoneClusterImpl-da1d4460-e54b-4a34-859f-b12e99aef92e/datanode-2/data/ratis] (custom)
2023-10-04 17:29:40,671 [de7ceff0-6407-4127-9c69-f263aab5871b-groupManagement] INFO  server.RaftServerConfigKeys (ConfUtils.java:logGet(46)) - raft.server.log.corruption.policy = EXCEPTION (default)
2023-10-04 17:29:40,671 [de7ceff0-6407-4127-9c69-f263aab5871b-groupManagement] INFO  server.RaftServerConfigKeys (ConfUtils.java:logGet(46)) - raft.server.storage.free-space.min = 0MB (=0) (default)
2023-10-04 17:29:40,671 [de7ceff0-6407-4127-9c69-f263aab5871b-groupManagement] INFO  server.RaftServerConfigKeys (ConfUtils.java:logGet(46)) - raft.server.notification.no-leader.timeout = 300s (custom)
2023-10-04 17:29:40,671 [de7ceff0-6407-4127-9c69-f263aab5871b-groupManagement] INFO  server.RaftServerConfigKeys (ConfUtils.java:logGet(46)) - raft.server.read.timeout = 10s (default)
2023-10-04 17:29:40,671 [de7ceff0-6407-4127-9c69-f263aab5871b-groupManagement] INFO  server.RaftServerConfigKeys (ConfUtils.java:logGet(46)) - raft.server.retrycache.expirytime = 600000ms (custom)
2023-10-04 17:29:40,671 [de7ceff0-6407-4127-9c69-f263aab5871b-groupManagement] INFO  server.RaftServerConfigKeys (ConfUtils.java:logGet(46)) - raft.server.retrycache.statistics.expirytime = 100μs (default)
2023-10-04 17:29:40,672 [de7ceff0-6407-4127-9c69-f263aab5871b-groupManagement] INFO  server.RaftServerConfigKeys (ConfUtils.java:logGet(46)) - raft.server.read.option = DEFAULT (default)
2023-10-04 17:29:40,683 [de7ceff0-6407-4127-9c69-f263aab5871b-groupManagement] INFO  server.RaftServerConfigKeys (ConfUtils.java:logGet(46)) - raft.server.rpc.request.timeout = 60s (custom)
2023-10-04 17:29:40,683 [de7ceff0-6407-4127-9c69-f263aab5871b-groupManagement] INFO  server.RaftServerConfigKeys (ConfUtils.java:logGet(46)) - raft.server.log.appender.install.snapshot.enabled = false (custom)
2023-10-04 17:29:40,683 [de7ceff0-6407-4127-9c69-f263aab5871b-groupManagement] INFO  server.RaftServerConfigKeys (ConfUtils.java:logGet(46)) - raft.server.threadpool.server.cached = true (default)
2023-10-04 17:29:40,690 [de7ceff0-6407-4127-9c69-f263aab5871b-groupManagement] INFO  server.RaftServerConfigKeys (ConfUtils.java:logGet(46)) - raft.server.threadpool.server.size = 0 (default)
2023-10-04 17:29:40,690 [de7ceff0-6407-4127-9c69-f263aab5871b-groupManagement] INFO  server.RaftServerConfigKeys (ConfUtils.java:logGet(46)) - raft.server.threadpool.client.cached = true (default)
2023-10-04 17:29:40,690 [de7ceff0-6407-4127-9c69-f263aab5871b-groupManagement] INFO  server.RaftServerConfigKeys (ConfUtils.java:logGet(46)) - raft.server.threadpool.client.size = 0 (default)
2023-10-04 17:29:40,692 [de7ceff0-6407-4127-9c69-f263aab5871b-groupManagement] INFO  server.RaftServer$Division (RaftServerImpl.java:<init>(198)) - de7ceff0-6407-4127-9c69-f263aab5871b: new RaftServerImpl for group-80372E8A5B71:[f9d37fed-45fc-460e-afd0-cdcd65402720|rpc:10.1.0.20:15023|admin:10.1.0.20:15022|client:10.1.0.20:15021|dataStream:10.1.0.20:15024|priority:0|startupRole:FOLLOWER, 3f00e8f6-b1cf-4c66-adc6-49812d80e8b8|rpc:10.1.0.20:15014|admin:10.1.0.20:15013|client:10.1.0.20:15012|dataStream:10.1.0.20:15015|priority:1|startupRole:FOLLOWER, de7ceff0-6407-4127-9c69-f263aab5871b|rpc:10.1.0.20:15032|admin:10.1.0.20:15031|client:10.1.0.20:15030|dataStream:10.1.0.20:15033|priority:0|startupRole:FOLLOWER] with ContainerStateMachine:uninitialized
2023-10-04 17:29:40,693 [de7ceff0-6407-4127-9c69-f263aab5871b-groupManagement] INFO  server.RaftServerConfigKeys (ConfUtils.java:logGet(46)) - raft.server.rpc.timeout.min = 5s (custom)
2023-10-04 17:29:40,693 [de7ceff0-6407-4127-9c69-f263aab5871b-groupManagement] INFO  server.RaftServerConfigKeys (ConfUtils.java:logGet(46)) - raft.server.rpc.timeout.max = 5200ms (custom)
2023-10-04 17:29:40,693 [de7ceff0-6407-4127-9c69-f263aab5871b-groupManagement] INFO  server.RaftServerConfigKeys (ConfUtils.java:logGet(46)) - raft.server.rpc.sleep.time = 25ms (default)
2023-10-04 17:29:40,693 [de7ceff0-6407-4127-9c69-f263aab5871b-groupManagement] INFO  server.RaftServerConfigKeys (ConfUtils.java:logGet(46)) - raft.server.rpc.slowness.timeout = 300s (custom)
2023-10-04 17:29:40,693 [de7ceff0-6407-4127-9c69-f263aab5871b-groupManagement] INFO  server.RaftServerConfigKeys (ConfUtils.java:logGet(46)) - raft.server.leaderelection.leader.step-down.wait-time = 10s (default)
2023-10-04 17:29:40,693 [de7ceff0-6407-4127-9c69-f263aab5871b-groupManagement] INFO  server.RaftServerConfigKeys (ConfUtils.java:logGet(46)) - raft.server.sleep.deviation.threshold = 300ms (default)
2023-10-04 17:29:40,695 [de7ceff0-6407-4127-9c69-f263aab5871b-groupManagement] INFO  server.RaftServer$Division (ServerState.java:<init>(120)) - de7ceff0-6407-4127-9c69-f263aab5871b@group-80372E8A5B71: ConfigurationManager, init=-1: peers:[f9d37fed-45fc-460e-afd0-cdcd65402720|rpc:10.1.0.20:15023|admin:10.1.0.20:15022|client:10.1.0.20:15021|dataStream:10.1.0.20:15024|priority:0|startupRole:FOLLOWER, 3f00e8f6-b1cf-4c66-adc6-49812d80e8b8|rpc:10.1.0.20:15014|admin:10.1.0.20:15013|client:10.1.0.20:15012|dataStream:10.1.0.20:15015|priority:1|startupRole:FOLLOWER, de7ceff0-6407-4127-9c69-f263aab5871b|rpc:10.1.0.20:15032|admin:10.1.0.20:15031|client:10.1.0.20:15030|dataStream:10.1.0.20:15033|priority:0|startupRole:FOLLOWER]|listeners:[], old=null, confs=<EMPTY_MAP>
2023-10-04 17:29:40,695 [de7ceff0-6407-4127-9c69-f263aab5871b-groupManagement] INFO  server.RaftServerConfigKeys (ConfUtils.java:logGet(46)) - raft.server.storage.dir = [/home/runner/work/ozone/ozone/hadoop-ozone/integration-test/target/test-dir/MiniOzoneClusterImpl-da1d4460-e54b-4a34-859f-b12e99aef92e/datanode-2/data/ratis] (custom)
2023-10-04 17:29:40,695 [de7ceff0-6407-4127-9c69-f263aab5871b-groupManagement] INFO  server.RaftServerConfigKeys (ConfUtils.java:logGet(46)) - raft.server.log.corruption.policy = EXCEPTION (default)
2023-10-04 17:29:40,695 [de7ceff0-6407-4127-9c69-f263aab5871b-groupManagement] INFO  server.RaftServerConfigKeys (ConfUtils.java:logGet(46)) - raft.server.storage.free-space.min = 0MB (=0) (default)
2023-10-04 17:29:40,696 [de7ceff0-6407-4127-9c69-f263aab5871b-groupManagement] INFO  server.RaftServerConfigKeys (ConfUtils.java:logGet(46)) - raft.server.notification.no-leader.timeout = 300s (custom)
2023-10-04 17:29:40,696 [de7ceff0-6407-4127-9c69-f263aab5871b-groupManagement] INFO  server.RaftServerConfigKeys (ConfUtils.java:logGet(46)) - raft.server.read.timeout = 10s (default)
2023-10-04 17:29:40,696 [de7ceff0-6407-4127-9c69-f263aab5871b-groupManagement] INFO  server.RaftServerConfigKeys (ConfUtils.java:logGet(46)) - raft.server.retrycache.expirytime = 600000ms (custom)
2023-10-04 17:29:40,696 [de7ceff0-6407-4127-9c69-f263aab5871b-groupManagement] INFO  server.RaftServerConfigKeys (ConfUtils.java:logGet(46)) - raft.server.retrycache.statistics.expirytime = 100μs (default)
2023-10-04 17:29:40,696 [de7ceff0-6407-4127-9c69-f263aab5871b-groupManagement] INFO  server.RaftServerConfigKeys (ConfUtils.java:logGet(46)) - raft.server.read.option = DEFAULT (default)
2023-10-04 17:29:40,699 [de7ceff0-6407-4127-9c69-f263aab5871b-groupManagement] INFO  server.RaftServerConfigKeys (ConfUtils.java:logGet(46)) - raft.server.rpc.request.timeout = 60s (custom)
2023-10-04 17:29:40,699 [de7ceff0-6407-4127-9c69-f263aab5871b-groupManagement] INFO  server.RaftServerConfigKeys (ConfUtils.java:logGet(46)) - raft.server.log.appender.install.snapshot.enabled = false (custom)
2023-10-04 17:29:40,699 [de7ceff0-6407-4127-9c69-f263aab5871b-groupManagement] INFO  server.RaftServerConfigKeys (ConfUtils.java:logGet(46)) - raft.server.threadpool.server.cached = true (default)
2023-10-04 17:29:40,699 [de7ceff0-6407-4127-9c69-f263aab5871b-groupManagement] INFO  server.RaftServerConfigKeys (ConfUtils.java:logGet(46)) - raft.server.threadpool.server.size = 0 (default)
2023-10-04 17:29:40,699 [de7ceff0-6407-4127-9c69-f263aab5871b-groupManagement] INFO  server.RaftServerConfigKeys (ConfUtils.java:logGet(46)) - raft.server.threadpool.client.cached = true (default)
2023-10-04 17:29:40,699 [de7ceff0-6407-4127-9c69-f263aab5871b-groupManagement] INFO  server.RaftServerConfigKeys (ConfUtils.java:logGet(46)) - raft.server.threadpool.client.size = 0 (default)
2023-10-04 17:29:40,700 [de7ceff0-6407-4127-9c69-f263aab5871b-groupManagement] INFO  storage.RaftStorageDirectory (RaftStorageDirectoryImpl.java:analyzeStorage(137)) - The storage directory /home/runner/work/ozone/ozone/hadoop-ozone/integration-test/target/test-dir/MiniOzoneClusterImpl-da1d4460-e54b-4a34-859f-b12e99aef92e/datanode-2/data/ratis/2471be4c-7022-43dd-bd90-158a427f0af5 does not exist. Creating ...
2023-10-04 17:29:40,701 [de7ceff0-6407-4127-9c69-f263aab5871b-groupManagement] INFO  storage.RaftStorageDirectory (RaftStorageDirectoryImpl.java:tryLock(231)) - Lock on /home/runner/work/ozone/ozone/hadoop-ozone/integration-test/target/test-dir/MiniOzoneClusterImpl-da1d4460-e54b-4a34-859f-b12e99aef92e/datanode-2/data/ratis/2471be4c-7022-43dd-bd90-158a427f0af5/in_use.lock acquired by nodename 7524@fv-az453-706
2023-10-04 17:29:40,703 [de7ceff0-6407-4127-9c69-f263aab5871b-groupManagement] INFO  storage.RaftStorage (RaftStorageImpl.java:format(96)) - Storage directory /home/runner/work/ozone/ozone/hadoop-ozone/integration-test/target/test-dir/MiniOzoneClusterImpl-da1d4460-e54b-4a34-859f-b12e99aef92e/datanode-2/data/ratis/2471be4c-7022-43dd-bd90-158a427f0af5 has been successfully formatted.
2023-10-04 17:29:40,706 [de7ceff0-6407-4127-9c69-f263aab5871b-groupManagement] INFO  ratis.ContainerStateMachine (ContainerStateMachine.java:loadSnapshot(262)) - group-158A427F0AF5: The snapshot info is null. Setting the last applied indexto:(t:0, i:~)
2023-10-04 17:29:40,708 [EventQueue-PipelineReportForPipelineReportHandler] INFO  pipeline.PipelineReportHandler (PipelineReportHandler.java:processPipelineReport(136)) - Opened pipeline PipelineID=2471be4c-7022-43dd-bd90-158a427f0af5
2023-10-04 17:29:40,714 [EventQueue-OpenPipelineForHealthyPipelineSafeModeRule] INFO  safemode.SCMSafeModeManager (HealthyPipelineSafeModeRule.java:process(137)) - SCM in safe mode. Healthy pipelines reported count is 0, required healthy pipeline reported count is 1
2023-10-04 17:29:40,717 [de7ceff0-6407-4127-9c69-f263aab5871b-groupManagement] INFO  server.RaftServerConfigKeys (ConfUtils.java:logGet(46)) - raft.server.log.use.memory = false (default)
2023-10-04 17:29:40,717 [de7ceff0-6407-4127-9c69-f263aab5871b-groupManagement] INFO  server.RaftServerConfigKeys (ConfUtils.java:logGet(46)) - raft.server.log.purge.gap = 1000000 (custom)
2023-10-04 17:29:40,718 [de7ceff0-6407-4127-9c69-f263aab5871b-groupManagement] INFO  server.RaftServerConfigKeys (ConfUtils.java:logGet(46)) - raft.server.log.appender.buffer.byte-limit = 33554432 (custom)
2023-10-04 17:29:40,718 [de7ceff0-6407-4127-9c69-f263aab5871b-groupManagement] INFO  server.RaftServerConfigKeys (ConfUtils.java:logGet(46)) - raft.server.log.statemachine.data.read.timeout = 1000ms (default)
2023-10-04 17:29:40,718 [de7ceff0-6407-4127-9c69-f263aab5871b-groupManagement] INFO  server.RaftServerConfigKeys (ConfUtils.java:logGet(46)) - raft.server.log.purge.preservation.log.num = 0 (default)
2023-10-04 17:29:40,718 [de7ceff0-6407-4127-9c69-f263aab5871b-groupManagement] INFO  server.RaftServerConfigKeys (ConfUtils.java:logGet(46)) - raft.server.log.segment.size.max = 1048576 (custom)
2023-10-04 17:29:40,721 [de7ceff0-6407-4127-9c69-f263aab5871b-groupManagement] INFO  server.RaftServerConfigKeys (ConfUtils.java:logGet(46)) - raft.server.log.segment.cache.num.max = 2 (custom)
2023-10-04 17:29:40,721 [de7ceff0-6407-4127-9c69-f263aab5871b-groupManagement] INFO  server.RaftServerConfigKeys (ConfUtils.java:logGet(46)) - raft.server.log.segment.cache.size.max = 200MB (=209715200) (default)
2023-10-04 17:29:40,721 [de7ceff0-6407-4127-9c69-f263aab5871b-groupManagement] INFO  server.RaftServerConfigKeys (ConfUtils.java:logGet(46)) - raft.server.log.appender.buffer.byte-limit = 33554432 (custom)
2023-10-04 17:29:40,721 [de7ceff0-6407-4127-9c69-f263aab5871b-groupManagement] INFO  segmented.SegmentedRaftLogWorker (SegmentedRaftLogWorker.java:<init>(188)) - new de7ceff0-6407-4127-9c69-f263aab5871b@group-158A427F0AF5-SegmentedRaftLogWorker for RaftStorageImpl:Storage Directory /home/runner/work/ozone/ozone/hadoop-ozone/integration-test/target/test-dir/MiniOzoneClusterImpl-da1d4460-e54b-4a34-859f-b12e99aef92e/datanode-2/data/ratis/2471be4c-7022-43dd-bd90-158a427f0af5
2023-10-04 17:29:40,721 [de7ceff0-6407-4127-9c69-f263aab5871b-groupManagement] INFO  server.RaftServerConfigKeys (ConfUtils.java:logGet(46)) - raft.server.log.queue.byte-limit = 4294967296 (custom)
2023-10-04 17:29:40,721 [de7ceff0-6407-4127-9c69-f263aab5871b-groupManagement] INFO  server.RaftServerConfigKeys (ConfUtils.java:logGet(46)) - raft.server.log.queue.element-limit = 1024 (custom)
2023-10-04 17:29:40,721 [de7ceff0-6407-4127-9c69-f263aab5871b-groupManagement] INFO  server.RaftServerConfigKeys (ConfUtils.java:logGet(46)) - raft.server.log.segment.size.max = 1048576 (custom)
2023-10-04 17:29:40,721 [de7ceff0-6407-4127-9c69-f263aab5871b-groupManagement] INFO  server.RaftServerConfigKeys (ConfUtils.java:logGet(46)) - raft.server.log.preallocated.size = 16384 (custom)
2023-10-04 17:29:40,721 [de7ceff0-6407-4127-9c69-f263aab5871b-groupManagement] INFO  server.RaftServerConfigKeys (ConfUtils.java:logGet(46)) - raft.server.log.force.sync.num = 128 (default)
2023-10-04 17:29:40,721 [de7ceff0-6407-4127-9c69-f263aab5871b-groupManagement] INFO  server.RaftServerConfigKeys (ConfUtils.java:logGet(46)) - raft.server.log.statemachine.data.sync = true (default)
2023-10-04 17:29:40,721 [de7ceff0-6407-4127-9c69-f263aab5871b-groupManagement] INFO  server.RaftServerConfigKeys (ConfUtils.java:logGet(46)) - raft.server.log.statemachine.data.sync.timeout = 10s (default)
2023-10-04 17:29:40,721 [de7ceff0-6407-4127-9c69-f263aab5871b-groupManagement] INFO  server.RaftServerConfigKeys (ConfUtils.java:logGet(46)) - raft.server.log.statemachine.data.sync.timeout.retry = -1 (default)
2023-10-04 17:29:40,731 [de7ceff0-6407-4127-9c69-f263aab5871b-groupManagement] INFO  server.RaftServerConfigKeys (ConfUtils.java:logGet(46)) - raft.server.log.write.buffer.size = 1048576 (custom)
2023-10-04 17:29:40,733 [de7ceff0-6407-4127-9c69-f263aab5871b-groupManagement] INFO  server.RaftServerConfigKeys (ConfUtils.java:logGet(46)) - raft.server.log.appender.buffer.byte-limit = 33554432 (custom)
2023-10-04 17:29:40,744 [de7ceff0-6407-4127-9c69-f263aab5871b-groupManagement] INFO  server.RaftServerConfigKeys (ConfUtils.java:logGet(46)) - raft.server.log.unsafe-flush.enabled = false (default)
2023-10-04 17:29:40,744 [de7ceff0-6407-4127-9c69-f263aab5871b-groupManagement] INFO  server.RaftServerConfigKeys (ConfUtils.java:logGet(46)) - raft.server.log.async-flush.enabled = false (default)
2023-10-04 17:29:40,744 [de7ceff0-6407-4127-9c69-f263aab5871b-groupManagement] INFO  server.RaftServerConfigKeys (ConfUtils.java:logGet(46)) - raft.server.log.statemachine.data.caching.enabled = true (custom)
2023-10-04 17:29:40,744 [de7ceff0-6407-4127-9c69-f263aab5871b-groupManagement] INFO  segmented.SegmentedRaftLogWorker (SegmentedRaftLogWorker.java:lambda$new$0(135)) - de7ceff0-6407-4127-9c69-f263aab5871b@group-158A427F0AF5-SegmentedRaftLogWorker: flushIndex: setUnconditionally 0 -> -1
2023-10-04 17:29:40,744 [de7ceff0-6407-4127-9c69-f263aab5871b-groupManagement] INFO  segmented.SegmentedRaftLogWorker (SegmentedRaftLogWorker.java:lambda$new$0(135)) - de7ceff0-6407-4127-9c69-f263aab5871b@group-158A427F0AF5-SegmentedRaftLogWorker: safeCacheEvictIndex: setUnconditionally 0 -> -1
2023-10-04 17:29:40,744 [de7ceff0-6407-4127-9c69-f263aab5871b-groupManagement] INFO  server.RaftServer$Division (RaftServerImpl.java:start(342)) - de7ceff0-6407-4127-9c69-f263aab5871b@group-158A427F0AF5: start as a follower, conf=-1: peers:[de7ceff0-6407-4127-9c69-f263aab5871b|rpc:10.1.0.20:15032|admin:10.1.0.20:15031|client:10.1.0.20:15030|dataStream:10.1.0.20:15033|priority:1|startupRole:FOLLOWER]|listeners:[], old=null
2023-10-04 17:29:40,744 [de7ceff0-6407-4127-9c69-f263aab5871b-groupManagement] INFO  server.RaftServer$Division (RaftServerImpl.java:setRole(329)) - de7ceff0-6407-4127-9c69-f263aab5871b@group-158A427F0AF5: changes role from      null to FOLLOWER at term 0 for startAsFollower
2023-10-04 17:29:40,745 [de7ceff0-6407-4127-9c69-f263aab5871b-groupManagement] INFO  impl.RoleInfo (RoleInfo.java:updateAndGet(139)) - de7ceff0-6407-4127-9c69-f263aab5871b: start de7ceff0-6407-4127-9c69-f263aab5871b@group-158A427F0AF5-FollowerState
2023-10-04 17:29:40,751 [de7ceff0-6407-4127-9c69-f263aab5871b-groupManagement] INFO  util.JmxRegister (JmxRegister.java:tryRegister(44)) - Successfully registered JMX Bean with object name Ratis:service=RaftServer,group=group-158A427F0AF5,id=de7ceff0-6407-4127-9c69-f263aab5871b
2023-10-04 17:29:40,751 [de7ceff0-6407-4127-9c69-f263aab5871b-groupManagement] INFO  server.RaftServerConfigKeys (ConfUtils.java:logGet(46)) - raft.server.snapshot.auto.trigger.enabled = true (custom)
2023-10-04 17:29:40,751 [de7ceff0-6407-4127-9c69-f263aab5871b-groupManagement] INFO  server.RaftServerConfigKeys (ConfUtils.java:logGet(46)) - raft.server.snapshot.auto.trigger.threshold = 10000 (custom)
2023-10-04 17:29:40,751 [de7ceff0-6407-4127-9c69-f263aab5871b-groupManagement] INFO  server.RaftServerConfigKeys (ConfUtils.java:logGet(46)) - raft.server.snapshot.retention.file.num = 5 (custom)
2023-10-04 17:29:40,751 [de7ceff0-6407-4127-9c69-f263aab5871b-groupManagement] INFO  server.RaftServerConfigKeys (ConfUtils.java:logGet(46)) - raft.server.log.purge.upto.snapshot.index = false (default)
2023-10-04 17:29:40,752 [de7ceff0-6407-4127-9c69-f263aab5871b@group-158A427F0AF5-FollowerState] INFO  server.RaftServerConfigKeys (ConfUtils.java:logFallback(53)) - raft.server.rpc.first-election.timeout.min = 5s (fallback to raft.server.rpc.timeout.min)
2023-10-04 17:29:40,752 [de7ceff0-6407-4127-9c69-f263aab5871b@group-158A427F0AF5-FollowerState] INFO  server.RaftServerConfigKeys (ConfUtils.java:logFallback(53)) - raft.server.rpc.first-election.timeout.max = 5200ms (fallback to raft.server.rpc.timeout.max)
2023-10-04 17:29:40,752 [de7ceff0-6407-4127-9c69-f263aab5871b-groupManagement] INFO  storage.RaftStorageDirectory (RaftStorageDirectoryImpl.java:analyzeStorage(137)) - The storage directory /home/runner/work/ozone/ozone/hadoop-ozone/integration-test/target/test-dir/MiniOzoneClusterImpl-da1d4460-e54b-4a34-859f-b12e99aef92e/datanode-2/data/ratis/98d6e81a-3aed-413a-9200-80372e8a5b71 does not exist. Creating ...
2023-10-04 17:29:40,752 [PipelineCommandHandlerThread-0] INFO  ratis.XceiverServerRatis (XceiverServerRatis.java:addGroup(804)) - Created group PipelineID=2471be4c-7022-43dd-bd90-158a427f0af5
2023-10-04 17:29:40,753 [PipelineCommandHandlerThread-0] INFO  commandhandler.CreatePipelineCommandHandler (CreatePipelineCommandHandler.java:lambda$handle$2(124)) - Created Pipeline RATIS ONE PipelineID=2471be4c-7022-43dd-bd90-158a427f0af5.
2023-10-04 17:29:40,753 [PipelineCommandHandlerThread-0] INFO  server.RaftServer (RaftServerProxy.java:addNew(98)) - de7ceff0-6407-4127-9c69-f263aab5871b: addNew group-321C5A6B79F8:[f9d37fed-45fc-460e-afd0-cdcd65402720|rpc:10.1.0.20:15023|admin:10.1.0.20:15022|client:10.1.0.20:15021|dataStream:10.1.0.20:15024|priority:1|startupRole:FOLLOWER, 3f00e8f6-b1cf-4c66-adc6-49812d80e8b8|rpc:10.1.0.20:15014|admin:10.1.0.20:15013|client:10.1.0.20:15012|dataStream:10.1.0.20:15015|priority:0|startupRole:FOLLOWER, de7ceff0-6407-4127-9c69-f263aab5871b|rpc:10.1.0.20:15032|admin:10.1.0.20:15031|client:10.1.0.20:15030|dataStream:10.1.0.20:15033|priority:0|startupRole:FOLLOWER] returns group-321C5A6B79F8:java.util.concurrent.CompletableFuture@3b8576eb[Not completed]
2023-10-04 17:29:40,755 [de7ceff0-6407-4127-9c69-f263aab5871b-groupManagement] INFO  storage.RaftStorageDirectory (RaftStorageDirectoryImpl.java:tryLock(231)) - Lock on /home/runner/work/ozone/ozone/hadoop-ozone/integration-test/target/test-dir/MiniOzoneClusterImpl-da1d4460-e54b-4a34-859f-b12e99aef92e/datanode-2/data/ratis/98d6e81a-3aed-413a-9200-80372e8a5b71/in_use.lock acquired by nodename 7524@fv-az453-706
2023-10-04 17:29:40,756 [de7ceff0-6407-4127-9c69-f263aab5871b-groupManagement] INFO  storage.RaftStorage (RaftStorageImpl.java:format(96)) - Storage directory /home/runner/work/ozone/ozone/hadoop-ozone/integration-test/target/test-dir/MiniOzoneClusterImpl-da1d4460-e54b-4a34-859f-b12e99aef92e/datanode-2/data/ratis/98d6e81a-3aed-413a-9200-80372e8a5b71 has been successfully formatted.
2023-10-04 17:29:40,757 [de7ceff0-6407-4127-9c69-f263aab5871b-groupManagement] INFO  ratis.ContainerStateMachine (ContainerStateMachine.java:loadSnapshot(262)) - group-80372E8A5B71: The snapshot info is null. Setting the last applied indexto:(t:0, i:~)
2023-10-04 17:29:40,757 [de7ceff0-6407-4127-9c69-f263aab5871b-groupManagement] INFO  server.RaftServerConfigKeys (ConfUtils.java:logGet(46)) - raft.server.log.use.memory = false (default)
2023-10-04 17:29:40,757 [de7ceff0-6407-4127-9c69-f263aab5871b-groupManagement] INFO  server.RaftServerConfigKeys (ConfUtils.java:logGet(46)) - raft.server.log.purge.gap = 1000000 (custom)
2023-10-04 17:29:40,757 [de7ceff0-6407-4127-9c69-f263aab5871b-groupManagement] INFO  server.RaftServerConfigKeys (ConfUtils.java:logGet(46)) - raft.server.log.appender.buffer.byte-limit = 33554432 (custom)
2023-10-04 17:29:40,757 [de7ceff0-6407-4127-9c69-f263aab5871b-groupManagement] INFO  server.RaftServerConfigKeys (ConfUtils.java:logGet(46)) - raft.server.log.statemachine.data.read.timeout = 1000ms (default)
2023-10-04 17:29:40,757 [de7ceff0-6407-4127-9c69-f263aab5871b-groupManagement] INFO  server.RaftServerConfigKeys (ConfUtils.java:logGet(46)) - raft.server.log.purge.preservation.log.num = 0 (default)
2023-10-04 17:29:40,757 [de7ceff0-6407-4127-9c69-f263aab5871b-groupManagement] INFO  server.RaftServerConfigKeys (ConfUtils.java:logGet(46)) - raft.server.log.segment.size.max = 1048576 (custom)
2023-10-04 17:29:40,758 [de7ceff0-6407-4127-9c69-f263aab5871b-groupManagement] INFO  server.RaftServerConfigKeys (ConfUtils.java:logGet(46)) - raft.server.log.segment.cache.num.max = 2 (custom)
2023-10-04 17:29:40,758 [de7ceff0-6407-4127-9c69-f263aab5871b-groupManagement] INFO  server.RaftServerConfigKeys (ConfUtils.java:logGet(46)) - raft.server.log.segment.cache.size.max = 200MB (=209715200) (default)
2023-10-04 17:29:40,758 [de7ceff0-6407-4127-9c69-f263aab5871b-groupManagement] INFO  server.RaftServerConfigKeys (ConfUtils.java:logGet(46)) - raft.server.log.appender.buffer.byte-limit = 33554432 (custom)
2023-10-04 17:29:40,758 [de7ceff0-6407-4127-9c69-f263aab5871b-groupManagement] INFO  segmented.SegmentedRaftLogWorker (SegmentedRaftLogWorker.java:<init>(188)) - new de7ceff0-6407-4127-9c69-f263aab5871b@group-80372E8A5B71-SegmentedRaftLogWorker for RaftStorageImpl:Storage Directory /home/runner/work/ozone/ozone/hadoop-ozone/integration-test/target/test-dir/MiniOzoneClusterImpl-da1d4460-e54b-4a34-859f-b12e99aef92e/datanode-2/data/ratis/98d6e81a-3aed-413a-9200-80372e8a5b71
2023-10-04 17:29:40,758 [de7ceff0-6407-4127-9c69-f263aab5871b-groupManagement] INFO  server.RaftServerConfigKeys (ConfUtils.java:logGet(46)) - raft.server.log.queue.byte-limit = 4294967296 (custom)
2023-10-04 17:29:40,758 [de7ceff0-6407-4127-9c69-f263aab5871b-groupManagement] INFO  server.RaftServerConfigKeys (ConfUtils.java:logGet(46)) - raft.server.log.queue.element-limit = 1024 (custom)
2023-10-04 17:29:40,758 [de7ceff0-6407-4127-9c69-f263aab5871b-groupManagement] INFO  server.RaftServerConfigKeys (ConfUtils.java:logGet(46)) - raft.server.log.segment.size.max = 1048576 (custom)
2023-10-04 17:29:40,758 [de7ceff0-6407-4127-9c69-f263aab5871b-groupManagement] INFO  server.RaftServerConfigKeys (ConfUtils.java:logGet(46)) - raft.server.log.preallocated.size = 16384 (custom)
2023-10-04 17:29:40,758 [de7ceff0-6407-4127-9c69-f263aab5871b-groupManagement] INFO  server.RaftServerConfigKeys (ConfUtils.java:logGet(46)) - raft.server.log.force.sync.num = 128 (default)
2023-10-04 17:29:40,758 [de7ceff0-6407-4127-9c69-f263aab5871b-groupManagement] INFO  server.RaftServerConfigKeys (ConfUtils.java:logGet(46)) - raft.server.log.statemachine.data.sync = true (default)
2023-10-04 17:29:40,758 [de7ceff0-6407-4127-9c69-f263aab5871b-groupManagement] INFO  server.RaftServerConfigKeys (ConfUtils.java:logGet(46)) - raft.server.log.statemachine.data.sync.timeout = 10s (default)
2023-10-04 17:29:40,758 [de7ceff0-6407-4127-9c69-f263aab5871b-groupManagement] INFO  server.RaftServerConfigKeys (ConfUtils.java:logGet(46)) - raft.server.log.statemachine.data.sync.timeout.retry = -1 (default)
2023-10-04 17:29:40,759 [de7ceff0-6407-4127-9c69-f263aab5871b-groupManagement] INFO  server.RaftServerConfigKeys (ConfUtils.java:logGet(46)) - raft.server.log.write.buffer.size = 1048576 (custom)
2023-10-04 17:29:40,765 [de7ceff0-6407-4127-9c69-f263aab5871b-groupManagement] INFO  server.RaftServerConfigKeys (ConfUtils.java:logGet(46)) - raft.server.log.appender.buffer.byte-limit = 33554432 (custom)
2023-10-04 17:29:40,770 [de7ceff0-6407-4127-9c69-f263aab5871b-groupManagement] INFO  server.RaftServerConfigKeys (ConfUtils.java:logGet(46)) - raft.server.log.unsafe-flush.enabled = false (default)
2023-10-04 17:29:40,770 [de7ceff0-6407-4127-9c69-f263aab5871b-groupManagement] INFO  server.RaftServerConfigKeys (ConfUtils.java:logGet(46)) - raft.server.log.async-flush.enabled = false (default)
2023-10-04 17:29:40,770 [de7ceff0-6407-4127-9c69-f263aab5871b-groupManagement] INFO  server.RaftServerConfigKeys (ConfUtils.java:logGet(46)) - raft.server.log.statemachine.data.caching.enabled = true (custom)
2023-10-04 17:29:40,771 [de7ceff0-6407-4127-9c69-f263aab5871b-groupManagement] INFO  segmented.SegmentedRaftLogWorker (SegmentedRaftLogWorker.java:lambda$new$0(135)) - de7ceff0-6407-4127-9c69-f263aab5871b@group-80372E8A5B71-SegmentedRaftLogWorker: flushIndex: setUnconditionally 0 -> -1
2023-10-04 17:29:40,771 [de7ceff0-6407-4127-9c69-f263aab5871b-groupManagement] INFO  segmented.SegmentedRaftLogWorker (SegmentedRaftLogWorker.java:lambda$new$0(135)) - de7ceff0-6407-4127-9c69-f263aab5871b@group-80372E8A5B71-SegmentedRaftLogWorker: safeCacheEvictIndex: setUnconditionally 0 -> -1
2023-10-04 17:29:40,771 [EventQueue-OpenPipelineForHealthyPipelineSafeModeRule] INFO  safemode.SCMSafeModeManager (HealthyPipelineSafeModeRule.java:process(137)) - SCM in safe mode. Healthy pipelines reported count is 0, required healthy pipeline reported count is 1
2023-10-04 17:29:40,771 [de7ceff0-6407-4127-9c69-f263aab5871b-groupManagement] INFO  server.RaftServer$Division (RaftServerImpl.java:start(342)) - de7ceff0-6407-4127-9c69-f263aab5871b@group-80372E8A5B71: start as a follower, conf=-1: peers:[f9d37fed-45fc-460e-afd0-cdcd65402720|rpc:10.1.0.20:15023|admin:10.1.0.20:15022|client:10.1.0.20:15021|dataStream:10.1.0.20:15024|priority:0|startupRole:FOLLOWER, 3f00e8f6-b1cf-4c66-adc6-49812d80e8b8|rpc:10.1.0.20:15014|admin:10.1.0.20:15013|client:10.1.0.20:15012|dataStream:10.1.0.20:15015|priority:1|startupRole:FOLLOWER, de7ceff0-6407-4127-9c69-f263aab5871b|rpc:10.1.0.20:15032|admin:10.1.0.20:15031|client:10.1.0.20:15030|dataStream:10.1.0.20:15033|priority:0|startupRole:FOLLOWER]|listeners:[], old=null
2023-10-04 17:29:40,772 [de7ceff0-6407-4127-9c69-f263aab5871b-groupManagement] INFO  server.RaftServer$Division (RaftServerImpl.java:setRole(329)) - de7ceff0-6407-4127-9c69-f263aab5871b@group-80372E8A5B71: changes role from      null to FOLLOWER at term 0 for startAsFollower
2023-10-04 17:29:40,772 [de7ceff0-6407-4127-9c69-f263aab5871b-groupManagement] INFO  impl.RoleInfo (RoleInfo.java:updateAndGet(139)) - de7ceff0-6407-4127-9c69-f263aab5871b: start de7ceff0-6407-4127-9c69-f263aab5871b@group-80372E8A5B71-FollowerState
2023-10-04 17:29:40,778 [de7ceff0-6407-4127-9c69-f263aab5871b-groupManagement] INFO  util.JmxRegister (JmxRegister.java:tryRegister(44)) - Successfully registered JMX Bean with object name Ratis:service=RaftServer,group=group-80372E8A5B71,id=de7ceff0-6407-4127-9c69-f263aab5871b
2023-10-04 17:29:40,778 [de7ceff0-6407-4127-9c69-f263aab5871b-groupManagement] INFO  server.RaftServerConfigKeys (ConfUtils.java:logGet(46)) - raft.server.snapshot.auto.trigger.enabled = true (custom)
2023-10-04 17:29:40,778 [de7ceff0-6407-4127-9c69-f263aab5871b-groupManagement] INFO  server.RaftServerConfigKeys (ConfUtils.java:logGet(46)) - raft.server.snapshot.auto.trigger.threshold = 10000 (custom)
2023-10-04 17:29:40,778 [de7ceff0-6407-4127-9c69-f263aab5871b-groupManagement] INFO  server.RaftServerConfigKeys (ConfUtils.java:logGet(46)) - raft.server.snapshot.retention.file.num = 5 (custom)
2023-10-04 17:29:40,778 [de7ceff0-6407-4127-9c69-f263aab5871b-groupManagement] INFO  server.RaftServerConfigKeys (ConfUtils.java:logGet(46)) - raft.server.log.purge.upto.snapshot.index = false (default)
2023-10-04 17:29:40,779 [de7ceff0-6407-4127-9c69-f263aab5871b@group-80372E8A5B71-FollowerState] INFO  server.RaftServerConfigKeys (ConfUtils.java:logFallback(53)) - raft.server.rpc.first-election.timeout.min = 5s (fallback to raft.server.rpc.timeout.min)
2023-10-04 17:29:40,790 [de7ceff0-6407-4127-9c69-f263aab5871b@group-80372E8A5B71-FollowerState] INFO  server.RaftServerConfigKeys (ConfUtils.java:logFallback(53)) - raft.server.rpc.first-election.timeout.max = 5200ms (fallback to raft.server.rpc.timeout.max)
2023-10-04 17:29:40,784 [de7ceff0-6407-4127-9c69-f263aab5871b-groupManagement] INFO  server.RaftServer$Division (RaftServerImpl.java:<init>(198)) - de7ceff0-6407-4127-9c69-f263aab5871b: new RaftServerImpl for group-321C5A6B79F8:[f9d37fed-45fc-460e-afd0-cdcd65402720|rpc:10.1.0.20:15023|admin:10.1.0.20:15022|client:10.1.0.20:15021|dataStream:10.1.0.20:15024|priority:1|startupRole:FOLLOWER, 3f00e8f6-b1cf-4c66-adc6-49812d80e8b8|rpc:10.1.0.20:15014|admin:10.1.0.20:15013|client:10.1.0.20:15012|dataStream:10.1.0.20:15015|priority:0|startupRole:FOLLOWER, de7ceff0-6407-4127-9c69-f263aab5871b|rpc:10.1.0.20:15032|admin:10.1.0.20:15031|client:10.1.0.20:15030|dataStream:10.1.0.20:15033|priority:0|startupRole:FOLLOWER] with ContainerStateMachine:uninitialized
2023-10-04 17:29:40,794 [de7ceff0-6407-4127-9c69-f263aab5871b-groupManagement] INFO  server.RaftServerConfigKeys (ConfUtils.java:logGet(46)) - raft.server.rpc.timeout.min = 5s (custom)
2023-10-04 17:29:40,794 [de7ceff0-6407-4127-9c69-f263aab5871b-groupManagement] INFO  server.RaftServerConfigKeys (ConfUtils.java:logGet(46)) - raft.server.rpc.timeout.max = 5200ms (custom)
2023-10-04 17:29:40,794 [de7ceff0-6407-4127-9c69-f263aab5871b-groupManagement] INFO  server.RaftServerConfigKeys (ConfUtils.java:logGet(46)) - raft.server.rpc.sleep.time = 25ms (default)
2023-10-04 17:29:40,794 [de7ceff0-6407-4127-9c69-f263aab5871b-groupManagement] INFO  server.RaftServerConfigKeys (ConfUtils.java:logGet(46)) - raft.server.rpc.slowness.timeout = 300s (custom)
2023-10-04 17:29:40,794 [de7ceff0-6407-4127-9c69-f263aab5871b-groupManagement] INFO  server.RaftServerConfigKeys (ConfUtils.java:logGet(46)) - raft.server.leaderelection.leader.step-down.wait-time = 10s (default)
2023-10-04 17:29:40,794 [de7ceff0-6407-4127-9c69-f263aab5871b-groupManagement] INFO  server.RaftServerConfigKeys (ConfUtils.java:logGet(46)) - raft.server.sleep.deviation.threshold = 300ms (default)
2023-10-04 17:29:40,795 [de7ceff0-6407-4127-9c69-f263aab5871b-groupManagement] INFO  server.RaftServer$Division (ServerState.java:<init>(120)) - de7ceff0-6407-4127-9c69-f263aab5871b@group-321C5A6B79F8: ConfigurationManager, init=-1: peers:[f9d37fed-45fc-460e-afd0-cdcd65402720|rpc:10.1.0.20:15023|admin:10.1.0.20:15022|client:10.1.0.20:15021|dataStream:10.1.0.20:15024|priority:1|startupRole:FOLLOWER, 3f00e8f6-b1cf-4c66-adc6-49812d80e8b8|rpc:10.1.0.20:15014|admin:10.1.0.20:15013|client:10.1.0.20:15012|dataStream:10.1.0.20:15015|priority:0|startupRole:FOLLOWER, de7ceff0-6407-4127-9c69-f263aab5871b|rpc:10.1.0.20:15032|admin:10.1.0.20:15031|client:10.1.0.20:15030|dataStream:10.1.0.20:15033|priority:0|startupRole:FOLLOWER]|listeners:[], old=null, confs=<EMPTY_MAP>
2023-10-04 17:29:40,795 [de7ceff0-6407-4127-9c69-f263aab5871b-groupManagement] INFO  server.RaftServerConfigKeys (ConfUtils.java:logGet(46)) - raft.server.storage.dir = [/home/runner/work/ozone/ozone/hadoop-ozone/integration-test/target/test-dir/MiniOzoneClusterImpl-da1d4460-e54b-4a34-859f-b12e99aef92e/datanode-2/data/ratis] (custom)
2023-10-04 17:29:40,795 [de7ceff0-6407-4127-9c69-f263aab5871b-groupManagement] INFO  server.RaftServerConfigKeys (ConfUtils.java:logGet(46)) - raft.server.log.corruption.policy = EXCEPTION (default)
2023-10-04 17:29:40,795 [de7ceff0-6407-4127-9c69-f263aab5871b-groupManagement] INFO  server.RaftServerConfigKeys (ConfUtils.java:logGet(46)) - raft.server.storage.free-space.min = 0MB (=0) (default)
2023-10-04 17:29:40,795 [de7ceff0-6407-4127-9c69-f263aab5871b-groupManagement] INFO  server.RaftServerConfigKeys (ConfUtils.java:logGet(46)) - raft.server.notification.no-leader.timeout = 300s (custom)
2023-10-04 17:29:40,795 [de7ceff0-6407-4127-9c69-f263aab5871b-groupManagement] INFO  server.RaftServerConfigKeys (ConfUtils.java:logGet(46)) - raft.server.read.timeout = 10s (default)
2023-10-04 17:29:40,795 [de7ceff0-6407-4127-9c69-f263aab5871b-groupManagement] INFO  server.RaftServerConfigKeys (ConfUtils.java:logGet(46)) - raft.server.retrycache.expirytime = 600000ms (custom)
2023-10-04 17:29:40,795 [de7ceff0-6407-4127-9c69-f263aab5871b-groupManagement] INFO  server.RaftServerConfigKeys (ConfUtils.java:logGet(46)) - raft.server.retrycache.statistics.expirytime = 100μs (default)
2023-10-04 17:29:40,795 [de7ceff0-6407-4127-9c69-f263aab5871b-groupManagement] INFO  server.RaftServerConfigKeys (ConfUtils.java:logGet(46)) - raft.server.read.option = DEFAULT (default)
2023-10-04 17:29:40,796 [de7ceff0-6407-4127-9c69-f263aab5871b-groupManagement] INFO  server.RaftServerConfigKeys (ConfUtils.java:logGet(46)) - raft.server.rpc.request.timeout = 60s (custom)
2023-10-04 17:29:40,796 [de7ceff0-6407-4127-9c69-f263aab5871b-groupManagement] INFO  server.RaftServerConfigKeys (ConfUtils.java:logGet(46)) - raft.server.log.appender.install.snapshot.enabled = false (custom)
2023-10-04 17:29:40,796 [de7ceff0-6407-4127-9c69-f263aab5871b-groupManagement] INFO  server.RaftServerConfigKeys (ConfUtils.java:logGet(46)) - raft.server.threadpool.server.cached = true (default)
2023-10-04 17:29:40,796 [de7ceff0-6407-4127-9c69-f263aab5871b-groupManagement] INFO  server.RaftServerConfigKeys (ConfUtils.java:logGet(46)) - raft.server.threadpool.server.size = 0 (default)
2023-10-04 17:29:40,796 [de7ceff0-6407-4127-9c69-f263aab5871b-groupManagement] INFO  server.RaftServerConfigKeys (ConfUtils.java:logGet(46)) - raft.server.threadpool.client.cached = true (default)
2023-10-04 17:29:40,796 [de7ceff0-6407-4127-9c69-f263aab5871b-groupManagement] INFO  server.RaftServerConfigKeys (ConfUtils.java:logGet(46)) - raft.server.threadpool.client.size = 0 (default)
2023-10-04 17:29:40,797 [de7ceff0-6407-4127-9c69-f263aab5871b-groupManagement] INFO  storage.RaftStorageDirectory (RaftStorageDirectoryImpl.java:analyzeStorage(137)) - The storage directory /home/runner/work/ozone/ozone/hadoop-ozone/integration-test/target/test-dir/MiniOzoneClusterImpl-da1d4460-e54b-4a34-859f-b12e99aef92e/datanode-2/data/ratis/58fbf2b1-9f73-4e82-a2cc-321c5a6b79f8 does not exist. Creating ...
2023-10-04 17:29:40,800 [de7ceff0-6407-4127-9c69-f263aab5871b-groupManagement] INFO  storage.RaftStorageDirectory (RaftStorageDirectoryImpl.java:tryLock(231)) - Lock on /home/runner/work/ozone/ozone/hadoop-ozone/integration-test/target/test-dir/MiniOzoneClusterImpl-da1d4460-e54b-4a34-859f-b12e99aef92e/datanode-2/data/ratis/58fbf2b1-9f73-4e82-a2cc-321c5a6b79f8/in_use.lock acquired by nodename 7524@fv-az453-706
2023-10-04 17:29:40,802 [de7ceff0-6407-4127-9c69-f263aab5871b-groupManagement] INFO  storage.RaftStorage (RaftStorageImpl.java:format(96)) - Storage directory /home/runner/work/ozone/ozone/hadoop-ozone/integration-test/target/test-dir/MiniOzoneClusterImpl-da1d4460-e54b-4a34-859f-b12e99aef92e/datanode-2/data/ratis/58fbf2b1-9f73-4e82-a2cc-321c5a6b79f8 has been successfully formatted.
2023-10-04 17:29:40,803 [de7ceff0-6407-4127-9c69-f263aab5871b-groupManagement] INFO  ratis.ContainerStateMachine (ContainerStateMachine.java:loadSnapshot(262)) - group-321C5A6B79F8: The snapshot info is null. Setting the last applied indexto:(t:0, i:~)
2023-10-04 17:29:40,803 [de7ceff0-6407-4127-9c69-f263aab5871b-groupManagement] INFO  server.RaftServerConfigKeys (ConfUtils.java:logGet(46)) - raft.server.log.use.memory = false (default)
2023-10-04 17:29:40,803 [de7ceff0-6407-4127-9c69-f263aab5871b-groupManagement] INFO  server.RaftServerConfigKeys (ConfUtils.java:logGet(46)) - raft.server.log.purge.gap = 1000000 (custom)
2023-10-04 17:29:40,803 [de7ceff0-6407-4127-9c69-f263aab5871b-groupManagement] INFO  server.RaftServerConfigKeys (ConfUtils.java:logGet(46)) - raft.server.log.appender.buffer.byte-limit = 33554432 (custom)
2023-10-04 17:29:40,803 [de7ceff0-6407-4127-9c69-f263aab5871b-groupManagement] INFO  server.RaftServerConfigKeys (ConfUtils.java:logGet(46)) - raft.server.log.statemachine.data.read.timeout = 1000ms (default)
2023-10-04 17:29:40,803 [de7ceff0-6407-4127-9c69-f263aab5871b-groupManagement] INFO  server.RaftServerConfigKeys (ConfUtils.java:logGet(46)) - raft.server.log.purge.preservation.log.num = 0 (default)
2023-10-04 17:29:40,803 [de7ceff0-6407-4127-9c69-f263aab5871b-groupManagement] INFO  server.RaftServerConfigKeys (ConfUtils.java:logGet(46)) - raft.server.log.segment.size.max = 1048576 (custom)
2023-10-04 17:29:40,804 [de7ceff0-6407-4127-9c69-f263aab5871b-groupManagement] INFO  server.RaftServerConfigKeys (ConfUtils.java:logGet(46)) - raft.server.log.segment.cache.num.max = 2 (custom)
2023-10-04 17:29:40,804 [de7ceff0-6407-4127-9c69-f263aab5871b-groupManagement] INFO  server.RaftServerConfigKeys (ConfUtils.java:logGet(46)) - raft.server.log.segment.cache.size.max = 200MB (=209715200) (default)
2023-10-04 17:29:40,804 [de7ceff0-6407-4127-9c69-f263aab5871b-groupManagement] INFO  server.RaftServerConfigKeys (ConfUtils.java:logGet(46)) - raft.server.log.appender.buffer.byte-limit = 33554432 (custom)
2023-10-04 17:29:40,804 [de7ceff0-6407-4127-9c69-f263aab5871b-groupManagement] INFO  segmented.SegmentedRaftLogWorker (SegmentedRaftLogWorker.java:<init>(188)) - new de7ceff0-6407-4127-9c69-f263aab5871b@group-321C5A6B79F8-SegmentedRaftLogWorker for RaftStorageImpl:Storage Directory /home/runner/work/ozone/ozone/hadoop-ozone/integration-test/target/test-dir/MiniOzoneClusterImpl-da1d4460-e54b-4a34-859f-b12e99aef92e/datanode-2/data/ratis/58fbf2b1-9f73-4e82-a2cc-321c5a6b79f8
2023-10-04 17:29:40,804 [de7ceff0-6407-4127-9c69-f263aab5871b-groupManagement] INFO  server.RaftServerConfigKeys (ConfUtils.java:logGet(46)) - raft.server.log.queue.byte-limit = 4294967296 (custom)
2023-10-04 17:29:40,804 [de7ceff0-6407-4127-9c69-f263aab5871b-groupManagement] INFO  server.RaftServerConfigKeys (ConfUtils.java:logGet(46)) - raft.server.log.queue.element-limit = 1024 (custom)
2023-10-04 17:29:40,804 [de7ceff0-6407-4127-9c69-f263aab5871b-groupManagement] INFO  server.RaftServerConfigKeys (ConfUtils.java:logGet(46)) - raft.server.log.segment.size.max = 1048576 (custom)
2023-10-04 17:29:40,804 [de7ceff0-6407-4127-9c69-f263aab5871b-groupManagement] INFO  server.RaftServerConfigKeys (ConfUtils.java:logGet(46)) - raft.server.log.preallocated.size = 16384 (custom)
2023-10-04 17:29:40,804 [de7ceff0-6407-4127-9c69-f263aab5871b-groupManagement] INFO  server.RaftServerConfigKeys (ConfUtils.java:logGet(46)) - raft.server.log.force.sync.num = 128 (default)
2023-10-04 17:29:40,804 [de7ceff0-6407-4127-9c69-f263aab5871b-groupManagement] INFO  server.RaftServerConfigKeys (ConfUtils.java:logGet(46)) - raft.server.log.statemachine.data.sync = true (default)
2023-10-04 17:29:40,804 [de7ceff0-6407-4127-9c69-f263aab5871b-groupManagement] INFO  server.RaftServerConfigKeys (ConfUtils.java:logGet(46)) - raft.server.log.statemachine.data.sync.timeout = 10s (default)
2023-10-04 17:29:40,804 [de7ceff0-6407-4127-9c69-f263aab5871b-groupManagement] INFO  server.RaftServerConfigKeys (ConfUtils.java:logGet(46)) - raft.server.log.statemachine.data.sync.timeout.retry = -1 (default)
2023-10-04 17:29:40,805 [de7ceff0-6407-4127-9c69-f263aab5871b-groupManagement] INFO  server.RaftServerConfigKeys (ConfUtils.java:logGet(46)) - raft.server.log.write.buffer.size = 1048576 (custom)
2023-10-04 17:29:40,809 [EventQueue-OpenPipelineForHealthyPipelineSafeModeRule] INFO  safemode.SCMSafeModeManager (HealthyPipelineSafeModeRule.java:process(137)) - SCM in safe mode. Healthy pipelines reported count is 0, required healthy pipeline reported count is 1
2023-10-04 17:29:40,812 [de7ceff0-6407-4127-9c69-f263aab5871b-groupManagement] INFO  server.RaftServerConfigKeys (ConfUtils.java:logGet(46)) - raft.server.log.appender.buffer.byte-limit = 33554432 (custom)
2023-10-04 17:29:40,824 [de7ceff0-6407-4127-9c69-f263aab5871b-groupManagement] INFO  server.RaftServerConfigKeys (ConfUtils.java:logGet(46)) - raft.server.log.unsafe-flush.enabled = false (default)
2023-10-04 17:29:40,824 [de7ceff0-6407-4127-9c69-f263aab5871b-groupManagement] INFO  server.RaftServerConfigKeys (ConfUtils.java:logGet(46)) - raft.server.log.async-flush.enabled = false (default)
2023-10-04 17:29:40,824 [de7ceff0-6407-4127-9c69-f263aab5871b-groupManagement] INFO  server.RaftServerConfigKeys (ConfUtils.java:logGet(46)) - raft.server.log.statemachine.data.caching.enabled = true (custom)
2023-10-04 17:29:40,824 [de7ceff0-6407-4127-9c69-f263aab5871b-groupManagement] INFO  segmented.SegmentedRaftLogWorker (SegmentedRaftLogWorker.java:lambda$new$0(135)) - de7ceff0-6407-4127-9c69-f263aab5871b@group-321C5A6B79F8-SegmentedRaftLogWorker: flushIndex: setUnconditionally 0 -> -1
2023-10-04 17:29:40,824 [de7ceff0-6407-4127-9c69-f263aab5871b-groupManagement] INFO  segmented.SegmentedRaftLogWorker (SegmentedRaftLogWorker.java:lambda$new$0(135)) - de7ceff0-6407-4127-9c69-f263aab5871b@group-321C5A6B79F8-SegmentedRaftLogWorker: safeCacheEvictIndex: setUnconditionally 0 -> -1
2023-10-04 17:29:40,827 [de7ceff0-6407-4127-9c69-f263aab5871b-groupManagement] INFO  server.RaftServer$Division (RaftServerImpl.java:start(342)) - de7ceff0-6407-4127-9c69-f263aab5871b@group-321C5A6B79F8: start as a follower, conf=-1: peers:[f9d37fed-45fc-460e-afd0-cdcd65402720|rpc:10.1.0.20:15023|admin:10.1.0.20:15022|client:10.1.0.20:15021|dataStream:10.1.0.20:15024|priority:1|startupRole:FOLLOWER, 3f00e8f6-b1cf-4c66-adc6-49812d80e8b8|rpc:10.1.0.20:15014|admin:10.1.0.20:15013|client:10.1.0.20:15012|dataStream:10.1.0.20:15015|priority:0|startupRole:FOLLOWER, de7ceff0-6407-4127-9c69-f263aab5871b|rpc:10.1.0.20:15032|admin:10.1.0.20:15031|client:10.1.0.20:15030|dataStream:10.1.0.20:15033|priority:0|startupRole:FOLLOWER]|listeners:[], old=null
2023-10-04 17:29:40,827 [de7ceff0-6407-4127-9c69-f263aab5871b-groupManagement] INFO  server.RaftServer$Division (RaftServerImpl.java:setRole(329)) - de7ceff0-6407-4127-9c69-f263aab5871b@group-321C5A6B79F8: changes role from      null to FOLLOWER at term 0 for startAsFollower
2023-10-04 17:29:40,827 [de7ceff0-6407-4127-9c69-f263aab5871b-groupManagement] INFO  impl.RoleInfo (RoleInfo.java:updateAndGet(139)) - de7ceff0-6407-4127-9c69-f263aab5871b: start de7ceff0-6407-4127-9c69-f263aab5871b@group-321C5A6B79F8-FollowerState
2023-10-04 17:29:40,828 [de7ceff0-6407-4127-9c69-f263aab5871b-groupManagement] INFO  util.JmxRegister (JmxRegister.java:tryRegister(44)) - Successfully registered JMX Bean with object name Ratis:service=RaftServer,group=group-321C5A6B79F8,id=de7ceff0-6407-4127-9c69-f263aab5871b
2023-10-04 17:29:40,828 [de7ceff0-6407-4127-9c69-f263aab5871b-groupManagement] INFO  server.RaftServerConfigKeys (ConfUtils.java:logGet(46)) - raft.server.snapshot.auto.trigger.enabled = true (custom)
2023-10-04 17:29:40,828 [de7ceff0-6407-4127-9c69-f263aab5871b-groupManagement] INFO  server.RaftServerConfigKeys (ConfUtils.java:logGet(46)) - raft.server.snapshot.auto.trigger.threshold = 10000 (custom)
2023-10-04 17:29:40,828 [de7ceff0-6407-4127-9c69-f263aab5871b-groupManagement] INFO  server.RaftServerConfigKeys (ConfUtils.java:logGet(46)) - raft.server.snapshot.retention.file.num = 5 (custom)
2023-10-04 17:29:40,828 [de7ceff0-6407-4127-9c69-f263aab5871b-groupManagement] INFO  server.RaftServerConfigKeys (ConfUtils.java:logGet(46)) - raft.server.log.purge.upto.snapshot.index = false (default)
2023-10-04 17:29:40,835 [de7ceff0-6407-4127-9c69-f263aab5871b@group-321C5A6B79F8-FollowerState] INFO  server.RaftServerConfigKeys (ConfUtils.java:logFallback(53)) - raft.server.rpc.first-election.timeout.min = 5s (fallback to raft.server.rpc.timeout.min)
2023-10-04 17:29:40,837 [PipelineCommandHandlerThread-0] INFO  ratis.XceiverServerRatis (XceiverServerRatis.java:addGroup(804)) - Created group PipelineID=58fbf2b1-9f73-4e82-a2cc-321c5a6b79f8
2023-10-04 17:29:40,856 [de7ceff0-6407-4127-9c69-f263aab5871b@group-321C5A6B79F8-FollowerState] INFO  server.RaftServerConfigKeys (ConfUtils.java:logFallback(53)) - raft.server.rpc.first-election.timeout.max = 5200ms (fallback to raft.server.rpc.timeout.max)
2023-10-04 17:29:40,860 [PipelineCommandHandlerThread-0] INFO  commandhandler.CreatePipelineCommandHandler (CreatePipelineCommandHandler.java:lambda$handle$2(124)) - Created Pipeline RATIS THREE PipelineID=98d6e81a-3aed-413a-9200-80372e8a5b71.
2023-10-04 17:29:40,863 [PipelineCommandHandlerThread-0] INFO  server.RaftServer (RaftServerProxy.java:addNew(98)) - 3f00e8f6-b1cf-4c66-adc6-49812d80e8b8: addNew group-321C5A6B79F8:[f9d37fed-45fc-460e-afd0-cdcd65402720|rpc:10.1.0.20:15023|admin:10.1.0.20:15022|client:10.1.0.20:15021|dataStream:10.1.0.20:15024|priority:1|startupRole:FOLLOWER, 3f00e8f6-b1cf-4c66-adc6-49812d80e8b8|rpc:10.1.0.20:15014|admin:10.1.0.20:15013|client:10.1.0.20:15012|dataStream:10.1.0.20:15015|priority:0|startupRole:FOLLOWER, de7ceff0-6407-4127-9c69-f263aab5871b|rpc:10.1.0.20:15032|admin:10.1.0.20:15031|client:10.1.0.20:15030|dataStream:10.1.0.20:15033|priority:0|startupRole:FOLLOWER] returns group-321C5A6B79F8:java.util.concurrent.CompletableFuture@296aa2f7[Not completed]
2023-10-04 17:29:40,865 [3f00e8f6-b1cf-4c66-adc6-49812d80e8b8-groupManagement] INFO  server.RaftServer$Division (RaftServerImpl.java:<init>(198)) - 3f00e8f6-b1cf-4c66-adc6-49812d80e8b8: new RaftServerImpl for group-321C5A6B79F8:[f9d37fed-45fc-460e-afd0-cdcd65402720|rpc:10.1.0.20:15023|admin:10.1.0.20:15022|client:10.1.0.20:15021|dataStream:10.1.0.20:15024|priority:1|startupRole:FOLLOWER, 3f00e8f6-b1cf-4c66-adc6-49812d80e8b8|rpc:10.1.0.20:15014|admin:10.1.0.20:15013|client:10.1.0.20:15012|dataStream:10.1.0.20:15015|priority:0|startupRole:FOLLOWER, de7ceff0-6407-4127-9c69-f263aab5871b|rpc:10.1.0.20:15032|admin:10.1.0.20:15031|client:10.1.0.20:15030|dataStream:10.1.0.20:15033|priority:0|startupRole:FOLLOWER] with ContainerStateMachine:uninitialized
2023-10-04 17:29:40,865 [3f00e8f6-b1cf-4c66-adc6-49812d80e8b8-groupManagement] INFO  server.RaftServerConfigKeys (ConfUtils.java:logGet(46)) - raft.server.rpc.timeout.min = 5s (custom)
2023-10-04 17:29:40,865 [3f00e8f6-b1cf-4c66-adc6-49812d80e8b8-groupManagement] INFO  server.RaftServerConfigKeys (ConfUtils.java:logGet(46)) - raft.server.rpc.timeout.max = 5200ms (custom)
2023-10-04 17:29:40,865 [3f00e8f6-b1cf-4c66-adc6-49812d80e8b8-groupManagement] INFO  server.RaftServerConfigKeys (ConfUtils.java:logGet(46)) - raft.server.rpc.sleep.time = 25ms (default)
2023-10-04 17:29:40,865 [3f00e8f6-b1cf-4c66-adc6-49812d80e8b8-groupManagement] INFO  server.RaftServerConfigKeys (ConfUtils.java:logGet(46)) - raft.server.rpc.slowness.timeout = 300s (custom)
2023-10-04 17:29:40,865 [3f00e8f6-b1cf-4c66-adc6-49812d80e8b8-groupManagement] INFO  server.RaftServerConfigKeys (ConfUtils.java:logGet(46)) - raft.server.leaderelection.leader.step-down.wait-time = 10s (default)
2023-10-04 17:29:40,865 [3f00e8f6-b1cf-4c66-adc6-49812d80e8b8-groupManagement] INFO  server.RaftServerConfigKeys (ConfUtils.java:logGet(46)) - raft.server.sleep.deviation.threshold = 300ms (default)
2023-10-04 17:29:40,865 [3f00e8f6-b1cf-4c66-adc6-49812d80e8b8-groupManagement] INFO  server.RaftServer$Division (ServerState.java:<init>(120)) - 3f00e8f6-b1cf-4c66-adc6-49812d80e8b8@group-321C5A6B79F8: ConfigurationManager, init=-1: peers:[f9d37fed-45fc-460e-afd0-cdcd65402720|rpc:10.1.0.20:15023|admin:10.1.0.20:15022|client:10.1.0.20:15021|dataStream:10.1.0.20:15024|priority:1|startupRole:FOLLOWER, 3f00e8f6-b1cf-4c66-adc6-49812d80e8b8|rpc:10.1.0.20:15014|admin:10.1.0.20:15013|client:10.1.0.20:15012|dataStream:10.1.0.20:15015|priority:0|startupRole:FOLLOWER, de7ceff0-6407-4127-9c69-f263aab5871b|rpc:10.1.0.20:15032|admin:10.1.0.20:15031|client:10.1.0.20:15030|dataStream:10.1.0.20:15033|priority:0|startupRole:FOLLOWER]|listeners:[], old=null, confs=<EMPTY_MAP>
2023-10-04 17:29:40,865 [3f00e8f6-b1cf-4c66-adc6-49812d80e8b8-groupManagement] INFO  server.RaftServerConfigKeys (ConfUtils.java:logGet(46)) - raft.server.storage.dir = [/home/runner/work/ozone/ozone/hadoop-ozone/integration-test/target/test-dir/MiniOzoneClusterImpl-da1d4460-e54b-4a34-859f-b12e99aef92e/datanode-0/data/ratis] (custom)
2023-10-04 17:29:40,865 [3f00e8f6-b1cf-4c66-adc6-49812d80e8b8-groupManagement] INFO  server.RaftServerConfigKeys (ConfUtils.java:logGet(46)) - raft.server.log.corruption.policy = EXCEPTION (default)
2023-10-04 17:29:40,865 [3f00e8f6-b1cf-4c66-adc6-49812d80e8b8-groupManagement] INFO  server.RaftServerConfigKeys (ConfUtils.java:logGet(46)) - raft.server.storage.free-space.min = 0MB (=0) (default)
2023-10-04 17:29:40,865 [3f00e8f6-b1cf-4c66-adc6-49812d80e8b8-groupManagement] INFO  server.RaftServerConfigKeys (ConfUtils.java:logGet(46)) - raft.server.notification.no-leader.timeout = 300s (custom)
2023-10-04 17:29:40,865 [3f00e8f6-b1cf-4c66-adc6-49812d80e8b8-groupManagement] INFO  server.RaftServerConfigKeys (ConfUtils.java:logGet(46)) - raft.server.read.timeout = 10s (default)
2023-10-04 17:29:40,866 [3f00e8f6-b1cf-4c66-adc6-49812d80e8b8-groupManagement] INFO  server.RaftServerConfigKeys (ConfUtils.java:logGet(46)) - raft.server.retrycache.expirytime = 600000ms (custom)
2023-10-04 17:29:40,866 [3f00e8f6-b1cf-4c66-adc6-49812d80e8b8-groupManagement] INFO  server.RaftServerConfigKeys (ConfUtils.java:logGet(46)) - raft.server.retrycache.statistics.expirytime = 100μs (default)
2023-10-04 17:29:40,868 [3f00e8f6-b1cf-4c66-adc6-49812d80e8b8-groupManagement] INFO  server.RaftServerConfigKeys (ConfUtils.java:logGet(46)) - raft.server.read.option = DEFAULT (default)
2023-10-04 17:29:40,869 [3f00e8f6-b1cf-4c66-adc6-49812d80e8b8-groupManagement] INFO  server.RaftServerConfigKeys (ConfUtils.java:logGet(46)) - raft.server.rpc.request.timeout = 60s (custom)
2023-10-04 17:29:40,869 [3f00e8f6-b1cf-4c66-adc6-49812d80e8b8-groupManagement] INFO  server.RaftServerConfigKeys (ConfUtils.java:logGet(46)) - raft.server.log.appender.install.snapshot.enabled = false (custom)
2023-10-04 17:29:40,869 [3f00e8f6-b1cf-4c66-adc6-49812d80e8b8-groupManagement] INFO  server.RaftServerConfigKeys (ConfUtils.java:logGet(46)) - raft.server.threadpool.server.cached = true (default)
2023-10-04 17:29:40,869 [3f00e8f6-b1cf-4c66-adc6-49812d80e8b8-groupManagement] INFO  server.RaftServerConfigKeys (ConfUtils.java:logGet(46)) - raft.server.threadpool.server.size = 0 (default)
2023-10-04 17:29:40,869 [3f00e8f6-b1cf-4c66-adc6-49812d80e8b8-groupManagement] INFO  server.RaftServerConfigKeys (ConfUtils.java:logGet(46)) - raft.server.threadpool.client.cached = true (default)
2023-10-04 17:29:40,869 [3f00e8f6-b1cf-4c66-adc6-49812d80e8b8-groupManagement] INFO  server.RaftServerConfigKeys (ConfUtils.java:logGet(46)) - raft.server.threadpool.client.size = 0 (default)
2023-10-04 17:29:40,869 [3f00e8f6-b1cf-4c66-adc6-49812d80e8b8-groupManagement] INFO  storage.RaftStorageDirectory (RaftStorageDirectoryImpl.java:analyzeStorage(137)) - The storage directory /home/runner/work/ozone/ozone/hadoop-ozone/integration-test/target/test-dir/MiniOzoneClusterImpl-da1d4460-e54b-4a34-859f-b12e99aef92e/datanode-0/data/ratis/58fbf2b1-9f73-4e82-a2cc-321c5a6b79f8 does not exist. Creating ...
2023-10-04 17:29:40,871 [3f00e8f6-b1cf-4c66-adc6-49812d80e8b8-groupManagement] INFO  storage.RaftStorageDirectory (RaftStorageDirectoryImpl.java:tryLock(231)) - Lock on /home/runner/work/ozone/ozone/hadoop-ozone/integration-test/target/test-dir/MiniOzoneClusterImpl-da1d4460-e54b-4a34-859f-b12e99aef92e/datanode-0/data/ratis/58fbf2b1-9f73-4e82-a2cc-321c5a6b79f8/in_use.lock acquired by nodename 7524@fv-az453-706
2023-10-04 17:29:40,875 [3f00e8f6-b1cf-4c66-adc6-49812d80e8b8-groupManagement] INFO  storage.RaftStorage (RaftStorageImpl.java:format(96)) - Storage directory /home/runner/work/ozone/ozone/hadoop-ozone/integration-test/target/test-dir/MiniOzoneClusterImpl-da1d4460-e54b-4a34-859f-b12e99aef92e/datanode-0/data/ratis/58fbf2b1-9f73-4e82-a2cc-321c5a6b79f8 has been successfully formatted.
2023-10-04 17:29:40,878 [3f00e8f6-b1cf-4c66-adc6-49812d80e8b8-groupManagement] INFO  ratis.ContainerStateMachine (ContainerStateMachine.java:loadSnapshot(262)) - group-321C5A6B79F8: The snapshot info is null. Setting the last applied indexto:(t:0, i:~)
2023-10-04 17:29:40,878 [3f00e8f6-b1cf-4c66-adc6-49812d80e8b8-groupManagement] INFO  server.RaftServerConfigKeys (ConfUtils.java:logGet(46)) - raft.server.log.use.memory = false (default)
2023-10-04 17:29:40,878 [3f00e8f6-b1cf-4c66-adc6-49812d80e8b8-groupManagement] INFO  server.RaftServerConfigKeys (ConfUtils.java:logGet(46)) - raft.server.log.purge.gap = 1000000 (custom)
2023-10-04 17:29:40,878 [3f00e8f6-b1cf-4c66-adc6-49812d80e8b8-groupManagement] INFO  server.RaftServerConfigKeys (ConfUtils.java:logGet(46)) - raft.server.log.appender.buffer.byte-limit = 33554432 (custom)
2023-10-04 17:29:40,878 [3f00e8f6-b1cf-4c66-adc6-49812d80e8b8-groupManagement] INFO  server.RaftServerConfigKeys (ConfUtils.java:logGet(46)) - raft.server.log.statemachine.data.read.timeout = 1000ms (default)
2023-10-04 17:29:40,878 [3f00e8f6-b1cf-4c66-adc6-49812d80e8b8-groupManagement] INFO  server.RaftServerConfigKeys (ConfUtils.java:logGet(46)) - raft.server.log.purge.preservation.log.num = 0 (default)
2023-10-04 17:29:40,879 [3f00e8f6-b1cf-4c66-adc6-49812d80e8b8-groupManagement] INFO  server.RaftServerConfigKeys (ConfUtils.java:logGet(46)) - raft.server.log.segment.size.max = 1048576 (custom)
2023-10-04 17:29:40,879 [3f00e8f6-b1cf-4c66-adc6-49812d80e8b8-groupManagement] INFO  server.RaftServerConfigKeys (ConfUtils.java:logGet(46)) - raft.server.log.segment.cache.num.max = 2 (custom)
2023-10-04 17:29:40,879 [3f00e8f6-b1cf-4c66-adc6-49812d80e8b8-groupManagement] INFO  server.RaftServerConfigKeys (ConfUtils.java:logGet(46)) - raft.server.log.segment.cache.size.max = 200MB (=209715200) (default)
2023-10-04 17:29:40,879 [3f00e8f6-b1cf-4c66-adc6-49812d80e8b8-groupManagement] INFO  server.RaftServerConfigKeys (ConfUtils.java:logGet(46)) - raft.server.log.appender.buffer.byte-limit = 33554432 (custom)
2023-10-04 17:29:40,879 [3f00e8f6-b1cf-4c66-adc6-49812d80e8b8-groupManagement] INFO  segmented.SegmentedRaftLogWorker (SegmentedRaftLogWorker.java:<init>(188)) - new 3f00e8f6-b1cf-4c66-adc6-49812d80e8b8@group-321C5A6B79F8-SegmentedRaftLogWorker for RaftStorageImpl:Storage Directory /home/runner/work/ozone/ozone/hadoop-ozone/integration-test/target/test-dir/MiniOzoneClusterImpl-da1d4460-e54b-4a34-859f-b12e99aef92e/datanode-0/data/ratis/58fbf2b1-9f73-4e82-a2cc-321c5a6b79f8
2023-10-04 17:29:40,879 [3f00e8f6-b1cf-4c66-adc6-49812d80e8b8-groupManagement] INFO  server.RaftServerConfigKeys (ConfUtils.java:logGet(46)) - raft.server.log.queue.byte-limit = 4294967296 (custom)
2023-10-04 17:29:40,879 [3f00e8f6-b1cf-4c66-adc6-49812d80e8b8-groupManagement] INFO  server.RaftServerConfigKeys (ConfUtils.java:logGet(46)) - raft.server.log.queue.element-limit = 1024 (custom)
2023-10-04 17:29:40,879 [3f00e8f6-b1cf-4c66-adc6-49812d80e8b8-groupManagement] INFO  server.RaftServerConfigKeys (ConfUtils.java:logGet(46)) - raft.server.log.segment.size.max = 1048576 (custom)
2023-10-04 17:29:40,879 [3f00e8f6-b1cf-4c66-adc6-49812d80e8b8-groupManagement] INFO  server.RaftServerConfigKeys (ConfUtils.java:logGet(46)) - raft.server.log.preallocated.size = 16384 (custom)
2023-10-04 17:29:40,879 [3f00e8f6-b1cf-4c66-adc6-49812d80e8b8-groupManagement] INFO  server.RaftServerConfigKeys (ConfUtils.java:logGet(46)) - raft.server.log.force.sync.num = 128 (default)
2023-10-04 17:29:40,880 [3f00e8f6-b1cf-4c66-adc6-49812d80e8b8-groupManagement] INFO  server.RaftServerConfigKeys (ConfUtils.java:logGet(46)) - raft.server.log.statemachine.data.sync = true (default)
2023-10-04 17:29:40,880 [3f00e8f6-b1cf-4c66-adc6-49812d80e8b8-groupManagement] INFO  server.RaftServerConfigKeys (ConfUtils.java:logGet(46)) - raft.server.log.statemachine.data.sync.timeout = 10s (default)
2023-10-04 17:29:40,880 [3f00e8f6-b1cf-4c66-adc6-49812d80e8b8-groupManagement] INFO  server.RaftServerConfigKeys (ConfUtils.java:logGet(46)) - raft.server.log.statemachine.data.sync.timeout.retry = -1 (default)
2023-10-04 17:29:40,880 [3f00e8f6-b1cf-4c66-adc6-49812d80e8b8-groupManagement] INFO  server.RaftServerConfigKeys (ConfUtils.java:logGet(46)) - raft.server.log.write.buffer.size = 1048576 (custom)
2023-10-04 17:29:40,881 [3f00e8f6-b1cf-4c66-adc6-49812d80e8b8-groupManagement] INFO  server.RaftServerConfigKeys (ConfUtils.java:logGet(46)) - raft.server.log.appender.buffer.byte-limit = 33554432 (custom)
2023-10-04 17:29:40,898 [3f00e8f6-b1cf-4c66-adc6-49812d80e8b8-groupManagement] INFO  server.RaftServerConfigKeys (ConfUtils.java:logGet(46)) - raft.server.log.unsafe-flush.enabled = false (default)
2023-10-04 17:29:40,899 [3f00e8f6-b1cf-4c66-adc6-49812d80e8b8-groupManagement] INFO  server.RaftServerConfigKeys (ConfUtils.java:logGet(46)) - raft.server.log.async-flush.enabled = false (default)
2023-10-04 17:29:40,899 [3f00e8f6-b1cf-4c66-adc6-49812d80e8b8-groupManagement] INFO  server.RaftServerConfigKeys (ConfUtils.java:logGet(46)) - raft.server.log.statemachine.data.caching.enabled = true (custom)
2023-10-04 17:29:40,899 [3f00e8f6-b1cf-4c66-adc6-49812d80e8b8-groupManagement] INFO  segmented.SegmentedRaftLogWorker (SegmentedRaftLogWorker.java:lambda$new$0(135)) - 3f00e8f6-b1cf-4c66-adc6-49812d80e8b8@group-321C5A6B79F8-SegmentedRaftLogWorker: flushIndex: setUnconditionally 0 -> -1
2023-10-04 17:29:40,899 [3f00e8f6-b1cf-4c66-adc6-49812d80e8b8-groupManagement] INFO  segmented.SegmentedRaftLogWorker (SegmentedRaftLogWorker.java:lambda$new$0(135)) - 3f00e8f6-b1cf-4c66-adc6-49812d80e8b8@group-321C5A6B79F8-SegmentedRaftLogWorker: safeCacheEvictIndex: setUnconditionally 0 -> -1
2023-10-04 17:29:40,899 [3f00e8f6-b1cf-4c66-adc6-49812d80e8b8-groupManagement] INFO  server.RaftServer$Division (RaftServerImpl.java:start(342)) - 3f00e8f6-b1cf-4c66-adc6-49812d80e8b8@group-321C5A6B79F8: start as a follower, conf=-1: peers:[f9d37fed-45fc-460e-afd0-cdcd65402720|rpc:10.1.0.20:15023|admin:10.1.0.20:15022|client:10.1.0.20:15021|dataStream:10.1.0.20:15024|priority:1|startupRole:FOLLOWER, 3f00e8f6-b1cf-4c66-adc6-49812d80e8b8|rpc:10.1.0.20:15014|admin:10.1.0.20:15013|client:10.1.0.20:15012|dataStream:10.1.0.20:15015|priority:0|startupRole:FOLLOWER, de7ceff0-6407-4127-9c69-f263aab5871b|rpc:10.1.0.20:15032|admin:10.1.0.20:15031|client:10.1.0.20:15030|dataStream:10.1.0.20:15033|priority:0|startupRole:FOLLOWER]|listeners:[], old=null
2023-10-04 17:29:40,899 [3f00e8f6-b1cf-4c66-adc6-49812d80e8b8-groupManagement] INFO  server.RaftServer$Division (RaftServerImpl.java:setRole(329)) - 3f00e8f6-b1cf-4c66-adc6-49812d80e8b8@group-321C5A6B79F8: changes role from      null to FOLLOWER at term 0 for startAsFollower
2023-10-04 17:29:40,899 [3f00e8f6-b1cf-4c66-adc6-49812d80e8b8-groupManagement] INFO  impl.RoleInfo (RoleInfo.java:updateAndGet(139)) - 3f00e8f6-b1cf-4c66-adc6-49812d80e8b8: start 3f00e8f6-b1cf-4c66-adc6-49812d80e8b8@group-321C5A6B79F8-FollowerState
2023-10-04 17:29:40,900 [EventQueue-OpenPipelineForHealthyPipelineSafeModeRule] INFO  safemode.SCMSafeModeManager (HealthyPipelineSafeModeRule.java:process(137)) - SCM in safe mode. Healthy pipelines reported count is 0, required healthy pipeline reported count is 1
2023-10-04 17:29:40,901 [3f00e8f6-b1cf-4c66-adc6-49812d80e8b8@group-321C5A6B79F8-FollowerState] INFO  server.RaftServerConfigKeys (ConfUtils.java:logFallback(53)) - raft.server.rpc.first-election.timeout.min = 5s (fallback to raft.server.rpc.timeout.min)
2023-10-04 17:29:40,902 [3f00e8f6-b1cf-4c66-adc6-49812d80e8b8@group-321C5A6B79F8-FollowerState] INFO  server.RaftServerConfigKeys (ConfUtils.java:logFallback(53)) - raft.server.rpc.first-election.timeout.max = 5200ms (fallback to raft.server.rpc.timeout.max)
2023-10-04 17:29:40,902 [3f00e8f6-b1cf-4c66-adc6-49812d80e8b8-groupManagement] INFO  util.JmxRegister (JmxRegister.java:tryRegister(44)) - Successfully registered JMX Bean with object name Ratis:service=RaftServer,group=group-321C5A6B79F8,id=3f00e8f6-b1cf-4c66-adc6-49812d80e8b8
2023-10-04 17:29:40,902 [3f00e8f6-b1cf-4c66-adc6-49812d80e8b8-groupManagement] INFO  server.RaftServerConfigKeys (ConfUtils.java:logGet(46)) - raft.server.snapshot.auto.trigger.enabled = true (custom)
2023-10-04 17:29:40,902 [3f00e8f6-b1cf-4c66-adc6-49812d80e8b8-groupManagement] INFO  server.RaftServerConfigKeys (ConfUtils.java:logGet(46)) - raft.server.snapshot.auto.trigger.threshold = 10000 (custom)
2023-10-04 17:29:40,902 [3f00e8f6-b1cf-4c66-adc6-49812d80e8b8-groupManagement] INFO  server.RaftServerConfigKeys (ConfUtils.java:logGet(46)) - raft.server.snapshot.retention.file.num = 5 (custom)
2023-10-04 17:29:40,902 [3f00e8f6-b1cf-4c66-adc6-49812d80e8b8-groupManagement] INFO  server.RaftServerConfigKeys (ConfUtils.java:logGet(46)) - raft.server.log.purge.upto.snapshot.index = false (default)
2023-10-04 17:29:40,917 [PipelineCommandHandlerThread-0] INFO  ratis.XceiverServerRatis (XceiverServerRatis.java:addGroup(804)) - Created group PipelineID=58fbf2b1-9f73-4e82-a2cc-321c5a6b79f8
2023-10-04 17:29:40,959 [grpc-default-executor-1] INFO  server.RaftServer (RaftServerProxy.java:addNew(98)) - f9d37fed-45fc-460e-afd0-cdcd65402720: addNew group-321C5A6B79F8:[f9d37fed-45fc-460e-afd0-cdcd65402720|rpc:10.1.0.20:15023|admin:10.1.0.20:15022|client:10.1.0.20:15021|dataStream:10.1.0.20:15024|priority:1|startupRole:FOLLOWER, 3f00e8f6-b1cf-4c66-adc6-49812d80e8b8|rpc:10.1.0.20:15014|admin:10.1.0.20:15013|client:10.1.0.20:15012|dataStream:10.1.0.20:15015|priority:0|startupRole:FOLLOWER, de7ceff0-6407-4127-9c69-f263aab5871b|rpc:10.1.0.20:15032|admin:10.1.0.20:15031|client:10.1.0.20:15030|dataStream:10.1.0.20:15033|priority:0|startupRole:FOLLOWER] returns group-321C5A6B79F8:java.util.concurrent.CompletableFuture@715813ad[Not completed]
2023-10-04 17:29:40,960 [f9d37fed-45fc-460e-afd0-cdcd65402720-groupManagement] INFO  server.RaftServer$Division (RaftServerImpl.java:<init>(198)) - f9d37fed-45fc-460e-afd0-cdcd65402720: new RaftServerImpl for group-321C5A6B79F8:[f9d37fed-45fc-460e-afd0-cdcd65402720|rpc:10.1.0.20:15023|admin:10.1.0.20:15022|client:10.1.0.20:15021|dataStream:10.1.0.20:15024|priority:1|startupRole:FOLLOWER, 3f00e8f6-b1cf-4c66-adc6-49812d80e8b8|rpc:10.1.0.20:15014|admin:10.1.0.20:15013|client:10.1.0.20:15012|dataStream:10.1.0.20:15015|priority:0|startupRole:FOLLOWER, de7ceff0-6407-4127-9c69-f263aab5871b|rpc:10.1.0.20:15032|admin:10.1.0.20:15031|client:10.1.0.20:15030|dataStream:10.1.0.20:15033|priority:0|startupRole:FOLLOWER] with ContainerStateMachine:uninitialized
2023-10-04 17:29:40,960 [f9d37fed-45fc-460e-afd0-cdcd65402720-groupManagement] INFO  server.RaftServerConfigKeys (ConfUtils.java:logGet(46)) - raft.server.rpc.timeout.min = 5s (custom)
2023-10-04 17:29:40,961 [f9d37fed-45fc-460e-afd0-cdcd65402720-groupManagement] INFO  server.RaftServerConfigKeys (ConfUtils.java:logGet(46)) - raft.server.rpc.timeout.max = 5200ms (custom)
2023-10-04 17:29:40,961 [f9d37fed-45fc-460e-afd0-cdcd65402720-groupManagement] INFO  server.RaftServerConfigKeys (ConfUtils.java:logGet(46)) - raft.server.rpc.sleep.time = 25ms (default)
2023-10-04 17:29:40,961 [f9d37fed-45fc-460e-afd0-cdcd65402720-groupManagement] INFO  server.RaftServerConfigKeys (ConfUtils.java:logGet(46)) - raft.server.rpc.slowness.timeout = 300s (custom)
2023-10-04 17:29:40,961 [f9d37fed-45fc-460e-afd0-cdcd65402720-groupManagement] INFO  server.RaftServerConfigKeys (ConfUtils.java:logGet(46)) - raft.server.leaderelection.leader.step-down.wait-time = 10s (default)
2023-10-04 17:29:40,961 [f9d37fed-45fc-460e-afd0-cdcd65402720-groupManagement] INFO  server.RaftServerConfigKeys (ConfUtils.java:logGet(46)) - raft.server.sleep.deviation.threshold = 300ms (default)
2023-10-04 17:29:40,961 [f9d37fed-45fc-460e-afd0-cdcd65402720-groupManagement] INFO  server.RaftServer$Division (ServerState.java:<init>(120)) - f9d37fed-45fc-460e-afd0-cdcd65402720@group-321C5A6B79F8: ConfigurationManager, init=-1: peers:[f9d37fed-45fc-460e-afd0-cdcd65402720|rpc:10.1.0.20:15023|admin:10.1.0.20:15022|client:10.1.0.20:15021|dataStream:10.1.0.20:15024|priority:1|startupRole:FOLLOWER, 3f00e8f6-b1cf-4c66-adc6-49812d80e8b8|rpc:10.1.0.20:15014|admin:10.1.0.20:15013|client:10.1.0.20:15012|dataStream:10.1.0.20:15015|priority:0|startupRole:FOLLOWER, de7ceff0-6407-4127-9c69-f263aab5871b|rpc:10.1.0.20:15032|admin:10.1.0.20:15031|client:10.1.0.20:15030|dataStream:10.1.0.20:15033|priority:0|startupRole:FOLLOWER]|listeners:[], old=null, confs=<EMPTY_MAP>
2023-10-04 17:29:40,961 [f9d37fed-45fc-460e-afd0-cdcd65402720-groupManagement] INFO  server.RaftServerConfigKeys (ConfUtils.java:logGet(46)) - raft.server.storage.dir = [/home/runner/work/ozone/ozone/hadoop-ozone/integration-test/target/test-dir/MiniOzoneClusterImpl-da1d4460-e54b-4a34-859f-b12e99aef92e/datanode-1/data/ratis] (custom)
2023-10-04 17:29:40,961 [f9d37fed-45fc-460e-afd0-cdcd65402720-groupManagement] INFO  server.RaftServerConfigKeys (ConfUtils.java:logGet(46)) - raft.server.log.corruption.policy = EXCEPTION (default)
2023-10-04 17:29:40,961 [f9d37fed-45fc-460e-afd0-cdcd65402720-groupManagement] INFO  server.RaftServerConfigKeys (ConfUtils.java:logGet(46)) - raft.server.storage.free-space.min = 0MB (=0) (default)
2023-10-04 17:29:40,961 [f9d37fed-45fc-460e-afd0-cdcd65402720-groupManagement] INFO  server.RaftServerConfigKeys (ConfUtils.java:logGet(46)) - raft.server.notification.no-leader.timeout = 300s (custom)
2023-10-04 17:29:40,961 [f9d37fed-45fc-460e-afd0-cdcd65402720-groupManagement] INFO  server.RaftServerConfigKeys (ConfUtils.java:logGet(46)) - raft.server.read.timeout = 10s (default)
2023-10-04 17:29:40,961 [f9d37fed-45fc-460e-afd0-cdcd65402720-groupManagement] INFO  server.RaftServerConfigKeys (ConfUtils.java:logGet(46)) - raft.server.retrycache.expirytime = 600000ms (custom)
2023-10-04 17:29:40,961 [f9d37fed-45fc-460e-afd0-cdcd65402720-groupManagement] INFO  server.RaftServerConfigKeys (ConfUtils.java:logGet(46)) - raft.server.retrycache.statistics.expirytime = 100μs (default)
2023-10-04 17:29:40,962 [f9d37fed-45fc-460e-afd0-cdcd65402720-groupManagement] INFO  server.RaftServerConfigKeys (ConfUtils.java:logGet(46)) - raft.server.read.option = DEFAULT (default)
2023-10-04 17:29:40,962 [f9d37fed-45fc-460e-afd0-cdcd65402720-groupManagement] INFO  server.RaftServerConfigKeys (ConfUtils.java:logGet(46)) - raft.server.rpc.request.timeout = 60s (custom)
2023-10-04 17:29:40,963 [f9d37fed-45fc-460e-afd0-cdcd65402720-groupManagement] INFO  server.RaftServerConfigKeys (ConfUtils.java:logGet(46)) - raft.server.log.appender.install.snapshot.enabled = false (custom)
2023-10-04 17:29:40,963 [f9d37fed-45fc-460e-afd0-cdcd65402720-groupManagement] INFO  server.RaftServerConfigKeys (ConfUtils.java:logGet(46)) - raft.server.threadpool.server.cached = true (default)
2023-10-04 17:29:40,963 [f9d37fed-45fc-460e-afd0-cdcd65402720-groupManagement] INFO  server.RaftServerConfigKeys (ConfUtils.java:logGet(46)) - raft.server.threadpool.server.size = 0 (default)
2023-10-04 17:29:40,963 [f9d37fed-45fc-460e-afd0-cdcd65402720-groupManagement] INFO  server.RaftServerConfigKeys (ConfUtils.java:logGet(46)) - raft.server.threadpool.client.cached = true (default)
2023-10-04 17:29:40,963 [f9d37fed-45fc-460e-afd0-cdcd65402720-groupManagement] INFO  server.RaftServerConfigKeys (ConfUtils.java:logGet(46)) - raft.server.threadpool.client.size = 0 (default)
2023-10-04 17:29:40,963 [f9d37fed-45fc-460e-afd0-cdcd65402720-groupManagement] INFO  storage.RaftStorageDirectory (RaftStorageDirectoryImpl.java:analyzeStorage(137)) - The storage directory /home/runner/work/ozone/ozone/hadoop-ozone/integration-test/target/test-dir/MiniOzoneClusterImpl-da1d4460-e54b-4a34-859f-b12e99aef92e/datanode-1/data/ratis/58fbf2b1-9f73-4e82-a2cc-321c5a6b79f8 does not exist. Creating ...
2023-10-04 17:29:40,967 [f9d37fed-45fc-460e-afd0-cdcd65402720-groupManagement] INFO  storage.RaftStorageDirectory (RaftStorageDirectoryImpl.java:tryLock(231)) - Lock on /home/runner/work/ozone/ozone/hadoop-ozone/integration-test/target/test-dir/MiniOzoneClusterImpl-da1d4460-e54b-4a34-859f-b12e99aef92e/datanode-1/data/ratis/58fbf2b1-9f73-4e82-a2cc-321c5a6b79f8/in_use.lock acquired by nodename 7524@fv-az453-706
2023-10-04 17:29:40,970 [f9d37fed-45fc-460e-afd0-cdcd65402720-groupManagement] INFO  storage.RaftStorage (RaftStorageImpl.java:format(96)) - Storage directory /home/runner/work/ozone/ozone/hadoop-ozone/integration-test/target/test-dir/MiniOzoneClusterImpl-da1d4460-e54b-4a34-859f-b12e99aef92e/datanode-1/data/ratis/58fbf2b1-9f73-4e82-a2cc-321c5a6b79f8 has been successfully formatted.
2023-10-04 17:29:40,970 [f9d37fed-45fc-460e-afd0-cdcd65402720-groupManagement] INFO  ratis.ContainerStateMachine (ContainerStateMachine.java:loadSnapshot(262)) - group-321C5A6B79F8: The snapshot info is null. Setting the last applied indexto:(t:0, i:~)
2023-10-04 17:29:40,970 [f9d37fed-45fc-460e-afd0-cdcd65402720-groupManagement] INFO  server.RaftServerConfigKeys (ConfUtils.java:logGet(46)) - raft.server.log.use.memory = false (default)
2023-10-04 17:29:40,970 [f9d37fed-45fc-460e-afd0-cdcd65402720-groupManagement] INFO  server.RaftServerConfigKeys (ConfUtils.java:logGet(46)) - raft.server.log.purge.gap = 1000000 (custom)
2023-10-04 17:29:40,970 [f9d37fed-45fc-460e-afd0-cdcd65402720-groupManagement] INFO  server.RaftServerConfigKeys (ConfUtils.java:logGet(46)) - raft.server.log.appender.buffer.byte-limit = 33554432 (custom)
2023-10-04 17:29:40,971 [f9d37fed-45fc-460e-afd0-cdcd65402720-groupManagement] INFO  server.RaftServerConfigKeys (ConfUtils.java:logGet(46)) - raft.server.log.statemachine.data.read.timeout = 1000ms (default)
2023-10-04 17:29:40,971 [f9d37fed-45fc-460e-afd0-cdcd65402720-groupManagement] INFO  server.RaftServerConfigKeys (ConfUtils.java:logGet(46)) - raft.server.log.purge.preservation.log.num = 0 (default)
2023-10-04 17:29:40,971 [f9d37fed-45fc-460e-afd0-cdcd65402720-groupManagement] INFO  server.RaftServerConfigKeys (ConfUtils.java:logGet(46)) - raft.server.log.segment.size.max = 1048576 (custom)
2023-10-04 17:29:40,971 [f9d37fed-45fc-460e-afd0-cdcd65402720-groupManagement] INFO  server.RaftServerConfigKeys (ConfUtils.java:logGet(46)) - raft.server.log.segment.cache.num.max = 2 (custom)
2023-10-04 17:29:40,971 [f9d37fed-45fc-460e-afd0-cdcd65402720-groupManagement] INFO  server.RaftServerConfigKeys (ConfUtils.java:logGet(46)) - raft.server.log.segment.cache.size.max = 200MB (=209715200) (default)
2023-10-04 17:29:40,971 [f9d37fed-45fc-460e-afd0-cdcd65402720-groupManagement] INFO  server.RaftServerConfigKeys (ConfUtils.java:logGet(46)) - raft.server.log.appender.buffer.byte-limit = 33554432 (custom)
2023-10-04 17:29:40,971 [f9d37fed-45fc-460e-afd0-cdcd65402720-groupManagement] INFO  segmented.SegmentedRaftLogWorker (SegmentedRaftLogWorker.java:<init>(188)) - new f9d37fed-45fc-460e-afd0-cdcd65402720@group-321C5A6B79F8-SegmentedRaftLogWorker for RaftStorageImpl:Storage Directory /home/runner/work/ozone/ozone/hadoop-ozone/integration-test/target/test-dir/MiniOzoneClusterImpl-da1d4460-e54b-4a34-859f-b12e99aef92e/datanode-1/data/ratis/58fbf2b1-9f73-4e82-a2cc-321c5a6b79f8
2023-10-04 17:29:40,971 [f9d37fed-45fc-460e-afd0-cdcd65402720-groupManagement] INFO  server.RaftServerConfigKeys (ConfUtils.java:logGet(46)) - raft.server.log.queue.byte-limit = 4294967296 (custom)
2023-10-04 17:29:40,971 [f9d37fed-45fc-460e-afd0-cdcd65402720-groupManagement] INFO  server.RaftServerConfigKeys (ConfUtils.java:logGet(46)) - raft.server.log.queue.element-limit = 1024 (custom)
2023-10-04 17:29:40,971 [f9d37fed-45fc-460e-afd0-cdcd65402720-groupManagement] INFO  server.RaftServerConfigKeys (ConfUtils.java:logGet(46)) - raft.server.log.segment.size.max = 1048576 (custom)
2023-10-04 17:29:40,971 [f9d37fed-45fc-460e-afd0-cdcd65402720-groupManagement] INFO  server.RaftServerConfigKeys (ConfUtils.java:logGet(46)) - raft.server.log.preallocated.size = 16384 (custom)
2023-10-04 17:29:40,971 [f9d37fed-45fc-460e-afd0-cdcd65402720-groupManagement] INFO  server.RaftServerConfigKeys (ConfUtils.java:logGet(46)) - raft.server.log.force.sync.num = 128 (default)
2023-10-04 17:29:40,978 [f9d37fed-45fc-460e-afd0-cdcd65402720-groupManagement] INFO  server.RaftServerConfigKeys (ConfUtils.java:logGet(46)) - raft.server.log.statemachine.data.sync = true (default)
2023-10-04 17:29:40,978 [f9d37fed-45fc-460e-afd0-cdcd65402720-groupManagement] INFO  server.RaftServerConfigKeys (ConfUtils.java:logGet(46)) - raft.server.log.statemachine.data.sync.timeout = 10s (default)
2023-10-04 17:29:40,978 [f9d37fed-45fc-460e-afd0-cdcd65402720-groupManagement] INFO  server.RaftServerConfigKeys (ConfUtils.java:logGet(46)) - raft.server.log.statemachine.data.sync.timeout.retry = -1 (default)
2023-10-04 17:29:40,979 [f9d37fed-45fc-460e-afd0-cdcd65402720-groupManagement] INFO  server.RaftServerConfigKeys (ConfUtils.java:logGet(46)) - raft.server.log.write.buffer.size = 1048576 (custom)
2023-10-04 17:29:40,980 [f9d37fed-45fc-460e-afd0-cdcd65402720-groupManagement] INFO  server.RaftServerConfigKeys (ConfUtils.java:logGet(46)) - raft.server.log.appender.buffer.byte-limit = 33554432 (custom)
2023-10-04 17:29:40,985 [f9d37fed-45fc-460e-afd0-cdcd65402720-groupManagement] INFO  server.RaftServerConfigKeys (ConfUtils.java:logGet(46)) - raft.server.log.unsafe-flush.enabled = false (default)
2023-10-04 17:29:40,985 [f9d37fed-45fc-460e-afd0-cdcd65402720-groupManagement] INFO  server.RaftServerConfigKeys (ConfUtils.java:logGet(46)) - raft.server.log.async-flush.enabled = false (default)
2023-10-04 17:29:40,985 [f9d37fed-45fc-460e-afd0-cdcd65402720-groupManagement] INFO  server.RaftServerConfigKeys (ConfUtils.java:logGet(46)) - raft.server.log.statemachine.data.caching.enabled = true (custom)
2023-10-04 17:29:40,985 [f9d37fed-45fc-460e-afd0-cdcd65402720-groupManagement] INFO  segmented.SegmentedRaftLogWorker (SegmentedRaftLogWorker.java:lambda$new$0(135)) - f9d37fed-45fc-460e-afd0-cdcd65402720@group-321C5A6B79F8-SegmentedRaftLogWorker: flushIndex: setUnconditionally 0 -> -1
2023-10-04 17:29:40,985 [f9d37fed-45fc-460e-afd0-cdcd65402720-groupManagement] INFO  segmented.SegmentedRaftLogWorker (SegmentedRaftLogWorker.java:lambda$new$0(135)) - f9d37fed-45fc-460e-afd0-cdcd65402720@group-321C5A6B79F8-SegmentedRaftLogWorker: safeCacheEvictIndex: setUnconditionally 0 -> -1
2023-10-04 17:29:40,987 [EventQueue-OpenPipelineForHealthyPipelineSafeModeRule] INFO  safemode.SCMSafeModeManager (HealthyPipelineSafeModeRule.java:process(137)) - SCM in safe mode. Healthy pipelines reported count is 0, required healthy pipeline reported count is 1
2023-10-04 17:29:40,990 [f9d37fed-45fc-460e-afd0-cdcd65402720-groupManagement] INFO  server.RaftServer$Division (RaftServerImpl.java:start(342)) - f9d37fed-45fc-460e-afd0-cdcd65402720@group-321C5A6B79F8: start as a follower, conf=-1: peers:[f9d37fed-45fc-460e-afd0-cdcd65402720|rpc:10.1.0.20:15023|admin:10.1.0.20:15022|client:10.1.0.20:15021|dataStream:10.1.0.20:15024|priority:1|startupRole:FOLLOWER, 3f00e8f6-b1cf-4c66-adc6-49812d80e8b8|rpc:10.1.0.20:15014|admin:10.1.0.20:15013|client:10.1.0.20:15012|dataStream:10.1.0.20:15015|priority:0|startupRole:FOLLOWER, de7ceff0-6407-4127-9c69-f263aab5871b|rpc:10.1.0.20:15032|admin:10.1.0.20:15031|client:10.1.0.20:15030|dataStream:10.1.0.20:15033|priority:0|startupRole:FOLLOWER]|listeners:[], old=null
2023-10-04 17:29:41,000 [f9d37fed-45fc-460e-afd0-cdcd65402720-groupManagement] INFO  server.RaftServer$Division (RaftServerImpl.java:setRole(329)) - f9d37fed-45fc-460e-afd0-cdcd65402720@group-321C5A6B79F8: changes role from      null to FOLLOWER at term 0 for startAsFollower
2023-10-04 17:29:41,006 [f9d37fed-45fc-460e-afd0-cdcd65402720-groupManagement] INFO  impl.RoleInfo (RoleInfo.java:updateAndGet(139)) - f9d37fed-45fc-460e-afd0-cdcd65402720: start f9d37fed-45fc-460e-afd0-cdcd65402720@group-321C5A6B79F8-FollowerState
2023-10-04 17:29:41,007 [f9d37fed-45fc-460e-afd0-cdcd65402720-groupManagement] INFO  util.JmxRegister (JmxRegister.java:tryRegister(44)) - Successfully registered JMX Bean with object name Ratis:service=RaftServer,group=group-321C5A6B79F8,id=f9d37fed-45fc-460e-afd0-cdcd65402720
2023-10-04 17:29:41,007 [f9d37fed-45fc-460e-afd0-cdcd65402720-groupManagement] INFO  server.RaftServerConfigKeys (ConfUtils.java:logGet(46)) - raft.server.snapshot.auto.trigger.enabled = true (custom)
2023-10-04 17:29:41,007 [f9d37fed-45fc-460e-afd0-cdcd65402720-groupManagement] INFO  server.RaftServerConfigKeys (ConfUtils.java:logGet(46)) - raft.server.snapshot.auto.trigger.threshold = 10000 (custom)
2023-10-04 17:29:41,007 [f9d37fed-45fc-460e-afd0-cdcd65402720-groupManagement] INFO  server.RaftServerConfigKeys (ConfUtils.java:logGet(46)) - raft.server.snapshot.retention.file.num = 5 (custom)
2023-10-04 17:29:41,007 [f9d37fed-45fc-460e-afd0-cdcd65402720-groupManagement] INFO  server.RaftServerConfigKeys (ConfUtils.java:logGet(46)) - raft.server.log.purge.upto.snapshot.index = false (default)
2023-10-04 17:29:41,008 [f9d37fed-45fc-460e-afd0-cdcd65402720@group-321C5A6B79F8-FollowerState] INFO  server.RaftServerConfigKeys (ConfUtils.java:logFallback(53)) - raft.server.rpc.first-election.timeout.min = 5s (fallback to raft.server.rpc.timeout.min)
2023-10-04 17:29:41,013 [f9d37fed-45fc-460e-afd0-cdcd65402720@group-321C5A6B79F8-FollowerState] INFO  server.RaftServerConfigKeys (ConfUtils.java:logFallback(53)) - raft.server.rpc.first-election.timeout.max = 5200ms (fallback to raft.server.rpc.timeout.max)
2023-10-04 17:29:41,020 [PipelineCommandHandlerThread-0] INFO  server.RaftServer (RaftServerProxy.java:addNew(98)) - 7f6f1d5e-e678-44b5-b81f-6e760b4e5c8d: addNew group-B89D5B6548DD:[7f6f1d5e-e678-44b5-b81f-6e760b4e5c8d|rpc:10.1.0.20:15041|admin:10.1.0.20:15040|client:10.1.0.20:15039|dataStream:10.1.0.20:15042|priority:1|startupRole:FOLLOWER] returns group-B89D5B6548DD:java.util.concurrent.CompletableFuture@6edca117[Not completed]
2023-10-04 17:29:41,022 [7f6f1d5e-e678-44b5-b81f-6e760b4e5c8d-groupManagement] INFO  server.RaftServer$Division (RaftServerImpl.java:<init>(198)) - 7f6f1d5e-e678-44b5-b81f-6e760b4e5c8d: new RaftServerImpl for group-B89D5B6548DD:[7f6f1d5e-e678-44b5-b81f-6e760b4e5c8d|rpc:10.1.0.20:15041|admin:10.1.0.20:15040|client:10.1.0.20:15039|dataStream:10.1.0.20:15042|priority:1|startupRole:FOLLOWER] with ContainerStateMachine:uninitialized
2023-10-04 17:29:41,022 [7f6f1d5e-e678-44b5-b81f-6e760b4e5c8d-groupManagement] INFO  server.RaftServerConfigKeys (ConfUtils.java:logGet(46)) - raft.server.rpc.timeout.min = 5s (custom)
2023-10-04 17:29:41,022 [7f6f1d5e-e678-44b5-b81f-6e760b4e5c8d-groupManagement] INFO  server.RaftServerConfigKeys (ConfUtils.java:logGet(46)) - raft.server.rpc.timeout.max = 5200ms (custom)
2023-10-04 17:29:41,022 [7f6f1d5e-e678-44b5-b81f-6e760b4e5c8d-groupManagement] INFO  server.RaftServerConfigKeys (ConfUtils.java:logGet(46)) - raft.server.rpc.sleep.time = 25ms (default)
2023-10-04 17:29:41,022 [7f6f1d5e-e678-44b5-b81f-6e760b4e5c8d-groupManagement] INFO  server.RaftServerConfigKeys (ConfUtils.java:logGet(46)) - raft.server.rpc.slowness.timeout = 300s (custom)
2023-10-04 17:29:41,022 [7f6f1d5e-e678-44b5-b81f-6e760b4e5c8d-groupManagement] INFO  server.RaftServerConfigKeys (ConfUtils.java:logGet(46)) - raft.server.leaderelection.leader.step-down.wait-time = 10s (default)
2023-10-04 17:29:41,022 [7f6f1d5e-e678-44b5-b81f-6e760b4e5c8d-groupManagement] INFO  server.RaftServerConfigKeys (ConfUtils.java:logGet(46)) - raft.server.sleep.deviation.threshold = 300ms (default)
2023-10-04 17:29:41,022 [7f6f1d5e-e678-44b5-b81f-6e760b4e5c8d-groupManagement] INFO  server.RaftServer$Division (ServerState.java:<init>(120)) - 7f6f1d5e-e678-44b5-b81f-6e760b4e5c8d@group-B89D5B6548DD: ConfigurationManager, init=-1: peers:[7f6f1d5e-e678-44b5-b81f-6e760b4e5c8d|rpc:10.1.0.20:15041|admin:10.1.0.20:15040|client:10.1.0.20:15039|dataStream:10.1.0.20:15042|priority:1|startupRole:FOLLOWER]|listeners:[], old=null, confs=<EMPTY_MAP>
2023-10-04 17:29:41,022 [7f6f1d5e-e678-44b5-b81f-6e760b4e5c8d-groupManagement] INFO  server.RaftServerConfigKeys (ConfUtils.java:logGet(46)) - raft.server.storage.dir = [/home/runner/work/ozone/ozone/hadoop-ozone/integration-test/target/test-dir/MiniOzoneClusterImpl-da1d4460-e54b-4a34-859f-b12e99aef92e/datanode-3/data/ratis] (custom)
2023-10-04 17:29:41,022 [7f6f1d5e-e678-44b5-b81f-6e760b4e5c8d-groupManagement] INFO  server.RaftServerConfigKeys (ConfUtils.java:logGet(46)) - raft.server.log.corruption.policy = EXCEPTION (default)
2023-10-04 17:29:41,022 [7f6f1d5e-e678-44b5-b81f-6e760b4e5c8d-groupManagement] INFO  server.RaftServerConfigKeys (ConfUtils.java:logGet(46)) - raft.server.storage.free-space.min = 0MB (=0) (default)
2023-10-04 17:29:41,022 [7f6f1d5e-e678-44b5-b81f-6e760b4e5c8d-groupManagement] INFO  server.RaftServerConfigKeys (ConfUtils.java:logGet(46)) - raft.server.notification.no-leader.timeout = 300s (custom)
2023-10-04 17:29:41,023 [7f6f1d5e-e678-44b5-b81f-6e760b4e5c8d-groupManagement] INFO  server.RaftServerConfigKeys (ConfUtils.java:logGet(46)) - raft.server.read.timeout = 10s (default)
2023-10-04 17:29:41,023 [7f6f1d5e-e678-44b5-b81f-6e760b4e5c8d-groupManagement] INFO  server.RaftServerConfigKeys (ConfUtils.java:logGet(46)) - raft.server.retrycache.expirytime = 600000ms (custom)
2023-10-04 17:29:41,023 [7f6f1d5e-e678-44b5-b81f-6e760b4e5c8d-groupManagement] INFO  server.RaftServerConfigKeys (ConfUtils.java:logGet(46)) - raft.server.retrycache.statistics.expirytime = 100μs (default)
2023-10-04 17:29:41,023 [7f6f1d5e-e678-44b5-b81f-6e760b4e5c8d-groupManagement] INFO  server.RaftServerConfigKeys (ConfUtils.java:logGet(46)) - raft.server.read.option = DEFAULT (default)
2023-10-04 17:29:41,027 [PipelineCommandHandlerThread-0] INFO  commandhandler.CreatePipelineCommandHandler (CreatePipelineCommandHandler.java:lambda$handle$2(124)) - Created Pipeline RATIS THREE PipelineID=98d6e81a-3aed-413a-9200-80372e8a5b71.
2023-10-04 17:29:41,028 [7f6f1d5e-e678-44b5-b81f-6e760b4e5c8d-groupManagement] INFO  server.RaftServerConfigKeys (ConfUtils.java:logGet(46)) - raft.server.rpc.request.timeout = 60s (custom)
2023-10-04 17:29:41,028 [7f6f1d5e-e678-44b5-b81f-6e760b4e5c8d-groupManagement] INFO  server.RaftServerConfigKeys (ConfUtils.java:logGet(46)) - raft.server.log.appender.install.snapshot.enabled = false (custom)
2023-10-04 17:29:41,028 [7f6f1d5e-e678-44b5-b81f-6e760b4e5c8d-groupManagement] INFO  server.RaftServerConfigKeys (ConfUtils.java:logGet(46)) - raft.server.threadpool.server.cached = true (default)
2023-10-04 17:29:41,028 [7f6f1d5e-e678-44b5-b81f-6e760b4e5c8d-groupManagement] INFO  server.RaftServerConfigKeys (ConfUtils.java:logGet(46)) - raft.server.threadpool.server.size = 0 (default)
2023-10-04 17:29:41,028 [7f6f1d5e-e678-44b5-b81f-6e760b4e5c8d-groupManagement] INFO  server.RaftServerConfigKeys (ConfUtils.java:logGet(46)) - raft.server.threadpool.client.cached = true (default)
2023-10-04 17:29:41,028 [7f6f1d5e-e678-44b5-b81f-6e760b4e5c8d-groupManagement] INFO  server.RaftServerConfigKeys (ConfUtils.java:logGet(46)) - raft.server.threadpool.client.size = 0 (default)
2023-10-04 17:29:41,028 [7f6f1d5e-e678-44b5-b81f-6e760b4e5c8d-groupManagement] INFO  storage.RaftStorageDirectory (RaftStorageDirectoryImpl.java:analyzeStorage(137)) - The storage directory /home/runner/work/ozone/ozone/hadoop-ozone/integration-test/target/test-dir/MiniOzoneClusterImpl-da1d4460-e54b-4a34-859f-b12e99aef92e/datanode-3/data/ratis/f8bbd809-b906-46a3-be8d-b89d5b6548dd does not exist. Creating ...
2023-10-04 17:29:41,029 [7f6f1d5e-e678-44b5-b81f-6e760b4e5c8d-groupManagement] INFO  storage.RaftStorageDirectory (RaftStorageDirectoryImpl.java:tryLock(231)) - Lock on /home/runner/work/ozone/ozone/hadoop-ozone/integration-test/target/test-dir/MiniOzoneClusterImpl-da1d4460-e54b-4a34-859f-b12e99aef92e/datanode-3/data/ratis/f8bbd809-b906-46a3-be8d-b89d5b6548dd/in_use.lock acquired by nodename 7524@fv-az453-706
2023-10-04 17:29:41,031 [7f6f1d5e-e678-44b5-b81f-6e760b4e5c8d-groupManagement] INFO  storage.RaftStorage (RaftStorageImpl.java:format(96)) - Storage directory /home/runner/work/ozone/ozone/hadoop-ozone/integration-test/target/test-dir/MiniOzoneClusterImpl-da1d4460-e54b-4a34-859f-b12e99aef92e/datanode-3/data/ratis/f8bbd809-b906-46a3-be8d-b89d5b6548dd has been successfully formatted.
2023-10-04 17:29:41,034 [7f6f1d5e-e678-44b5-b81f-6e760b4e5c8d-groupManagement] INFO  ratis.ContainerStateMachine (ContainerStateMachine.java:loadSnapshot(262)) - group-B89D5B6548DD: The snapshot info is null. Setting the last applied indexto:(t:0, i:~)
2023-10-04 17:29:41,034 [7f6f1d5e-e678-44b5-b81f-6e760b4e5c8d-groupManagement] INFO  server.RaftServerConfigKeys (ConfUtils.java:logGet(46)) - raft.server.log.use.memory = false (default)
2023-10-04 17:29:41,034 [7f6f1d5e-e678-44b5-b81f-6e760b4e5c8d-groupManagement] INFO  server.RaftServerConfigKeys (ConfUtils.java:logGet(46)) - raft.server.log.purge.gap = 1000000 (custom)
2023-10-04 17:29:41,034 [7f6f1d5e-e678-44b5-b81f-6e760b4e5c8d-groupManagement] INFO  server.RaftServerConfigKeys (ConfUtils.java:logGet(46)) - raft.server.log.appender.buffer.byte-limit = 33554432 (custom)
2023-10-04 17:29:41,034 [7f6f1d5e-e678-44b5-b81f-6e760b4e5c8d-groupManagement] INFO  server.RaftServerConfigKeys (ConfUtils.java:logGet(46)) - raft.server.log.statemachine.data.read.timeout = 1000ms (default)
2023-10-04 17:29:41,034 [7f6f1d5e-e678-44b5-b81f-6e760b4e5c8d-groupManagement] INFO  server.RaftServerConfigKeys (ConfUtils.java:logGet(46)) - raft.server.log.purge.preservation.log.num = 0 (default)
2023-10-04 17:29:41,034 [7f6f1d5e-e678-44b5-b81f-6e760b4e5c8d-groupManagement] INFO  server.RaftServerConfigKeys (ConfUtils.java:logGet(46)) - raft.server.log.segment.size.max = 1048576 (custom)
2023-10-04 17:29:41,034 [7f6f1d5e-e678-44b5-b81f-6e760b4e5c8d-groupManagement] INFO  server.RaftServerConfigKeys (ConfUtils.java:logGet(46)) - raft.server.log.segment.cache.num.max = 2 (custom)
2023-10-04 17:29:41,034 [7f6f1d5e-e678-44b5-b81f-6e760b4e5c8d-groupManagement] INFO  server.RaftServerConfigKeys (ConfUtils.java:logGet(46)) - raft.server.log.segment.cache.size.max = 200MB (=209715200) (default)
2023-10-04 17:29:41,035 [7f6f1d5e-e678-44b5-b81f-6e760b4e5c8d-groupManagement] INFO  server.RaftServerConfigKeys (ConfUtils.java:logGet(46)) - raft.server.log.appender.buffer.byte-limit = 33554432 (custom)
2023-10-04 17:29:41,035 [7f6f1d5e-e678-44b5-b81f-6e760b4e5c8d-groupManagement] INFO  segmented.SegmentedRaftLogWorker (SegmentedRaftLogWorker.java:<init>(188)) - new 7f6f1d5e-e678-44b5-b81f-6e760b4e5c8d@group-B89D5B6548DD-SegmentedRaftLogWorker for RaftStorageImpl:Storage Directory /home/runner/work/ozone/ozone/hadoop-ozone/integration-test/target/test-dir/MiniOzoneClusterImpl-da1d4460-e54b-4a34-859f-b12e99aef92e/datanode-3/data/ratis/f8bbd809-b906-46a3-be8d-b89d5b6548dd
2023-10-04 17:29:41,035 [7f6f1d5e-e678-44b5-b81f-6e760b4e5c8d-groupManagement] INFO  server.RaftServerConfigKeys (ConfUtils.java:logGet(46)) - raft.server.log.queue.byte-limit = 4294967296 (custom)
2023-10-04 17:29:41,035 [7f6f1d5e-e678-44b5-b81f-6e760b4e5c8d-groupManagement] INFO  server.RaftServerConfigKeys (ConfUtils.java:logGet(46)) - raft.server.log.queue.element-limit = 1024 (custom)
2023-10-04 17:29:41,035 [7f6f1d5e-e678-44b5-b81f-6e760b4e5c8d-groupManagement] INFO  server.RaftServerConfigKeys (ConfUtils.java:logGet(46)) - raft.server.log.segment.size.max = 1048576 (custom)
2023-10-04 17:29:41,035 [7f6f1d5e-e678-44b5-b81f-6e760b4e5c8d-groupManagement] INFO  server.RaftServerConfigKeys (ConfUtils.java:logGet(46)) - raft.server.log.preallocated.size = 16384 (custom)
2023-10-04 17:29:41,035 [7f6f1d5e-e678-44b5-b81f-6e760b4e5c8d-groupManagement] INFO  server.RaftServerConfigKeys (ConfUtils.java:logGet(46)) - raft.server.log.force.sync.num = 128 (default)
2023-10-04 17:29:41,035 [7f6f1d5e-e678-44b5-b81f-6e760b4e5c8d-groupManagement] INFO  server.RaftServerConfigKeys (ConfUtils.java:logGet(46)) - raft.server.log.statemachine.data.sync = true (default)
2023-10-04 17:29:41,035 [7f6f1d5e-e678-44b5-b81f-6e760b4e5c8d-groupManagement] INFO  server.RaftServerConfigKeys (ConfUtils.java:logGet(46)) - raft.server.log.statemachine.data.sync.timeout = 10s (default)
2023-10-04 17:29:41,035 [7f6f1d5e-e678-44b5-b81f-6e760b4e5c8d-groupManagement] INFO  server.RaftServerConfigKeys (ConfUtils.java:logGet(46)) - raft.server.log.statemachine.data.sync.timeout.retry = -1 (default)
2023-10-04 17:29:41,036 [7f6f1d5e-e678-44b5-b81f-6e760b4e5c8d-groupManagement] INFO  server.RaftServerConfigKeys (ConfUtils.java:logGet(46)) - raft.server.log.write.buffer.size = 1048576 (custom)
2023-10-04 17:29:41,036 [7f6f1d5e-e678-44b5-b81f-6e760b4e5c8d-groupManagement] INFO  server.RaftServerConfigKeys (ConfUtils.java:logGet(46)) - raft.server.log.appender.buffer.byte-limit = 33554432 (custom)
2023-10-04 17:29:41,337 [EventQueue-PipelineReportForPipelineReportHandler] INFO  pipeline.PipelineReportHandler (PipelineReportHandler.java:processPipelineReport(136)) - Opened pipeline PipelineID=f8bbd809-b906-46a3-be8d-b89d5b6548dd
2023-10-04 17:29:41,337 [EventQueue-OpenPipelineForHealthyPipelineSafeModeRule] INFO  safemode.SCMSafeModeManager (HealthyPipelineSafeModeRule.java:process(137)) - SCM in safe mode. Healthy pipelines reported count is 0, required healthy pipeline reported count is 1
2023-10-04 17:29:41,337 [main] INFO  ozone.MiniOzoneClusterImpl (MiniOzoneClusterImpl.java:lambda$waitForClusterToBeReady$0(229)) - Nodes are ready. Got 5 of 5 DN Heartbeats.
2023-10-04 17:29:41,337 [main] INFO  ozone.MiniOzoneClusterImpl (MiniOzoneClusterImpl.java:lambda$waitForClusterToBeReady$0(232)) - Waiting for cluster to exit safe mode
2023-10-04 17:29:41,337 [main] INFO  ozone.MiniOzoneClusterImpl (MiniOzoneClusterImpl.java:lambda$waitForClusterToBeReady$0(234)) - SCM became leader
2023-10-04 17:29:41,338 [JvmPauseMonitor4] WARN  util.JvmPauseMonitor (JvmPauseMonitor.java:detectPause(124)) - JvmPauseMonitor-de7ceff0-6407-4127-9c69-f263aab5871b: Detected pause in JVM or host machine approximately 0.120s with 0.294s GC time.
GC pool 'PS MarkSweep' had collection(s): count=1 time=216ms
GC pool 'PS Scavenge' had collection(s): count=1 time=78ms
2023-10-04 17:29:41,338 [JvmPauseMonitor0] WARN  util.JvmPauseMonitor (JvmPauseMonitor.java:detectPause(124)) - JvmPauseMonitor-d53c3346-9e96-443f-a5e0-ee7e99ee2cae: Detected pause in JVM or host machine approximately 0.132s with 0.294s GC time.
GC pool 'PS MarkSweep' had collection(s): count=1 time=216ms
GC pool 'PS Scavenge' had collection(s): count=1 time=78ms
2023-10-04 17:29:41,338 [JvmPauseMonitor5] WARN  util.JvmPauseMonitor (JvmPauseMonitor.java:detectPause(124)) - JvmPauseMonitor-7f6f1d5e-e678-44b5-b81f-6e760b4e5c8d: Detected pause in JVM or host machine approximately 0.139s with 0.294s GC time.
GC pool 'PS MarkSweep' had collection(s): count=1 time=216ms
GC pool 'PS Scavenge' had collection(s): count=1 time=78ms
2023-10-04 17:29:41,338 [JvmPauseMonitor1] WARN  util.JvmPauseMonitor (JvmPauseMonitor.java:detectPause(124)) - JvmPauseMonitor-om1: Detected pause in JVM or host machine approximately 0.141s with 0.294s GC time.
GC pool 'PS MarkSweep' had collection(s): count=1 time=216ms
GC pool 'PS Scavenge' had collection(s): count=1 time=78ms
2023-10-04 17:29:41,344 [7f6f1d5e-e678-44b5-b81f-6e760b4e5c8d-groupManagement] INFO  server.RaftServerConfigKeys (ConfUtils.java:logGet(46)) - raft.server.log.unsafe-flush.enabled = false (default)
2023-10-04 17:29:41,344 [7f6f1d5e-e678-44b5-b81f-6e760b4e5c8d-groupManagement] INFO  server.RaftServerConfigKeys (ConfUtils.java:logGet(46)) - raft.server.log.async-flush.enabled = false (default)
2023-10-04 17:29:41,344 [7f6f1d5e-e678-44b5-b81f-6e760b4e5c8d-groupManagement] INFO  server.RaftServerConfigKeys (ConfUtils.java:logGet(46)) - raft.server.log.statemachine.data.caching.enabled = true (custom)
2023-10-04 17:29:41,345 [7f6f1d5e-e678-44b5-b81f-6e760b4e5c8d-groupManagement] INFO  segmented.SegmentedRaftLogWorker (SegmentedRaftLogWorker.java:lambda$new$0(135)) - 7f6f1d5e-e678-44b5-b81f-6e760b4e5c8d@group-B89D5B6548DD-SegmentedRaftLogWorker: flushIndex: setUnconditionally 0 -> -1
2023-10-04 17:29:41,345 [7f6f1d5e-e678-44b5-b81f-6e760b4e5c8d-groupManagement] INFO  segmented.SegmentedRaftLogWorker (SegmentedRaftLogWorker.java:lambda$new$0(135)) - 7f6f1d5e-e678-44b5-b81f-6e760b4e5c8d@group-B89D5B6548DD-SegmentedRaftLogWorker: safeCacheEvictIndex: setUnconditionally 0 -> -1
2023-10-04 17:29:41,345 [7f6f1d5e-e678-44b5-b81f-6e760b4e5c8d-groupManagement] INFO  server.RaftServer$Division (RaftServerImpl.java:start(342)) - 7f6f1d5e-e678-44b5-b81f-6e760b4e5c8d@group-B89D5B6548DD: start as a follower, conf=-1: peers:[7f6f1d5e-e678-44b5-b81f-6e760b4e5c8d|rpc:10.1.0.20:15041|admin:10.1.0.20:15040|client:10.1.0.20:15039|dataStream:10.1.0.20:15042|priority:1|startupRole:FOLLOWER]|listeners:[], old=null
2023-10-04 17:29:41,345 [7f6f1d5e-e678-44b5-b81f-6e760b4e5c8d-groupManagement] INFO  server.RaftServer$Division (RaftServerImpl.java:setRole(329)) - 7f6f1d5e-e678-44b5-b81f-6e760b4e5c8d@group-B89D5B6548DD: changes role from      null to FOLLOWER at term 0 for startAsFollower
2023-10-04 17:29:41,345 [7f6f1d5e-e678-44b5-b81f-6e760b4e5c8d-groupManagement] INFO  impl.RoleInfo (RoleInfo.java:updateAndGet(139)) - 7f6f1d5e-e678-44b5-b81f-6e760b4e5c8d: start 7f6f1d5e-e678-44b5-b81f-6e760b4e5c8d@group-B89D5B6548DD-FollowerState
2023-10-04 17:29:41,353 [7f6f1d5e-e678-44b5-b81f-6e760b4e5c8d-groupManagement] INFO  util.JmxRegister (JmxRegister.java:tryRegister(44)) - Successfully registered JMX Bean with object name Ratis:service=RaftServer,group=group-B89D5B6548DD,id=7f6f1d5e-e678-44b5-b81f-6e760b4e5c8d
2023-10-04 17:29:41,353 [7f6f1d5e-e678-44b5-b81f-6e760b4e5c8d-groupManagement] INFO  server.RaftServerConfigKeys (ConfUtils.java:logGet(46)) - raft.server.snapshot.auto.trigger.enabled = true (custom)
2023-10-04 17:29:41,353 [7f6f1d5e-e678-44b5-b81f-6e760b4e5c8d-groupManagement] INFO  server.RaftServerConfigKeys (ConfUtils.java:logGet(46)) - raft.server.snapshot.auto.trigger.threshold = 10000 (custom)
2023-10-04 17:29:41,353 [7f6f1d5e-e678-44b5-b81f-6e760b4e5c8d-groupManagement] INFO  server.RaftServerConfigKeys (ConfUtils.java:logGet(46)) - raft.server.snapshot.retention.file.num = 5 (custom)
2023-10-04 17:29:41,353 [7f6f1d5e-e678-44b5-b81f-6e760b4e5c8d-groupManagement] INFO  server.RaftServerConfigKeys (ConfUtils.java:logGet(46)) - raft.server.log.purge.upto.snapshot.index = false (default)
2023-10-04 17:29:41,360 [PipelineCommandHandlerThread-0] INFO  ratis.XceiverServerRatis (XceiverServerRatis.java:addGroup(804)) - Created group PipelineID=f8bbd809-b906-46a3-be8d-b89d5b6548dd
2023-10-04 17:29:41,360 [PipelineCommandHandlerThread-0] INFO  commandhandler.CreatePipelineCommandHandler (CreatePipelineCommandHandler.java:lambda$handle$2(124)) - Created Pipeline RATIS ONE PipelineID=f8bbd809-b906-46a3-be8d-b89d5b6548dd.
2023-10-04 17:29:41,361 [7f6f1d5e-e678-44b5-b81f-6e760b4e5c8d@group-B89D5B6548DD-FollowerState] INFO  server.RaftServerConfigKeys (ConfUtils.java:logFallback(53)) - raft.server.rpc.first-election.timeout.min = 5s (fallback to raft.server.rpc.timeout.min)
2023-10-04 17:29:41,361 [7f6f1d5e-e678-44b5-b81f-6e760b4e5c8d@group-B89D5B6548DD-FollowerState] INFO  server.RaftServerConfigKeys (ConfUtils.java:logFallback(53)) - raft.server.rpc.first-election.timeout.max = 5200ms (fallback to raft.server.rpc.timeout.max)
2023-10-04 17:29:41,362 [PipelineCommandHandlerThread-0] INFO  server.RaftServer (RaftServerProxy.java:addNew(98)) - 49b21075-65f4-471d-b0a6-7943aa3ff632: addNew group-0BAB566302E3:[49b21075-65f4-471d-b0a6-7943aa3ff632|rpc:10.1.0.20:15050|admin:10.1.0.20:15049|client:10.1.0.20:15048|dataStream:10.1.0.20:15051|priority:1|startupRole:FOLLOWER] returns group-0BAB566302E3:java.util.concurrent.CompletableFuture@1cb76def[Not completed]
2023-10-04 17:29:41,366 [PipelineCommandHandlerThread-0] INFO  commandhandler.CreatePipelineCommandHandler (CreatePipelineCommandHandler.java:lambda$handle$2(124)) - Created Pipeline RATIS THREE PipelineID=58fbf2b1-9f73-4e82-a2cc-321c5a6b79f8.
2023-10-04 17:29:41,379 [49b21075-65f4-471d-b0a6-7943aa3ff632-groupManagement] INFO  server.RaftServer$Division (RaftServerImpl.java:<init>(198)) - 49b21075-65f4-471d-b0a6-7943aa3ff632: new RaftServerImpl for group-0BAB566302E3:[49b21075-65f4-471d-b0a6-7943aa3ff632|rpc:10.1.0.20:15050|admin:10.1.0.20:15049|client:10.1.0.20:15048|dataStream:10.1.0.20:15051|priority:1|startupRole:FOLLOWER] with ContainerStateMachine:uninitialized
2023-10-04 17:29:41,381 [49b21075-65f4-471d-b0a6-7943aa3ff632-groupManagement] INFO  server.RaftServerConfigKeys (ConfUtils.java:logGet(46)) - raft.server.rpc.timeout.min = 5s (custom)
2023-10-04 17:29:41,381 [49b21075-65f4-471d-b0a6-7943aa3ff632-groupManagement] INFO  server.RaftServerConfigKeys (ConfUtils.java:logGet(46)) - raft.server.rpc.timeout.max = 5200ms (custom)
2023-10-04 17:29:41,381 [49b21075-65f4-471d-b0a6-7943aa3ff632-groupManagement] INFO  server.RaftServerConfigKeys (ConfUtils.java:logGet(46)) - raft.server.rpc.sleep.time = 25ms (default)
2023-10-04 17:29:41,381 [49b21075-65f4-471d-b0a6-7943aa3ff632-groupManagement] INFO  server.RaftServerConfigKeys (ConfUtils.java:logGet(46)) - raft.server.rpc.slowness.timeout = 300s (custom)
2023-10-04 17:29:41,381 [49b21075-65f4-471d-b0a6-7943aa3ff632-groupManagement] INFO  server.RaftServerConfigKeys (ConfUtils.java:logGet(46)) - raft.server.leaderelection.leader.step-down.wait-time = 10s (default)
2023-10-04 17:29:41,381 [49b21075-65f4-471d-b0a6-7943aa3ff632-groupManagement] INFO  server.RaftServerConfigKeys (ConfUtils.java:logGet(46)) - raft.server.sleep.deviation.threshold = 300ms (default)
2023-10-04 17:29:41,381 [49b21075-65f4-471d-b0a6-7943aa3ff632-groupManagement] INFO  server.RaftServer$Division (ServerState.java:<init>(120)) - 49b21075-65f4-471d-b0a6-7943aa3ff632@group-0BAB566302E3: ConfigurationManager, init=-1: peers:[49b21075-65f4-471d-b0a6-7943aa3ff632|rpc:10.1.0.20:15050|admin:10.1.0.20:15049|client:10.1.0.20:15048|dataStream:10.1.0.20:15051|priority:1|startupRole:FOLLOWER]|listeners:[], old=null, confs=<EMPTY_MAP>
2023-10-04 17:29:41,381 [49b21075-65f4-471d-b0a6-7943aa3ff632-groupManagement] INFO  server.RaftServerConfigKeys (ConfUtils.java:logGet(46)) - raft.server.storage.dir = [/home/runner/work/ozone/ozone/hadoop-ozone/integration-test/target/test-dir/MiniOzoneClusterImpl-da1d4460-e54b-4a34-859f-b12e99aef92e/datanode-4/data/ratis] (custom)
2023-10-04 17:29:41,381 [49b21075-65f4-471d-b0a6-7943aa3ff632-groupManagement] INFO  server.RaftServerConfigKeys (ConfUtils.java:logGet(46)) - raft.server.log.corruption.policy = EXCEPTION (default)
2023-10-04 17:29:41,381 [49b21075-65f4-471d-b0a6-7943aa3ff632-groupManagement] INFO  server.RaftServerConfigKeys (ConfUtils.java:logGet(46)) - raft.server.storage.free-space.min = 0MB (=0) (default)
2023-10-04 17:29:41,382 [49b21075-65f4-471d-b0a6-7943aa3ff632-groupManagement] INFO  server.RaftServerConfigKeys (ConfUtils.java:logGet(46)) - raft.server.notification.no-leader.timeout = 300s (custom)
2023-10-04 17:29:41,382 [49b21075-65f4-471d-b0a6-7943aa3ff632-groupManagement] INFO  server.RaftServerConfigKeys (ConfUtils.java:logGet(46)) - raft.server.read.timeout = 10s (default)
2023-10-04 17:29:41,382 [49b21075-65f4-471d-b0a6-7943aa3ff632-groupManagement] INFO  server.RaftServerConfigKeys (ConfUtils.java:logGet(46)) - raft.server.retrycache.expirytime = 600000ms (custom)
2023-10-04 17:29:41,382 [49b21075-65f4-471d-b0a6-7943aa3ff632-groupManagement] INFO  server.RaftServerConfigKeys (ConfUtils.java:logGet(46)) - raft.server.retrycache.statistics.expirytime = 100μs (default)
2023-10-04 17:29:41,383 [49b21075-65f4-471d-b0a6-7943aa3ff632-groupManagement] INFO  server.RaftServerConfigKeys (ConfUtils.java:logGet(46)) - raft.server.read.option = DEFAULT (default)
2023-10-04 17:29:41,394 [49b21075-65f4-471d-b0a6-7943aa3ff632-groupManagement] INFO  server.RaftServerConfigKeys (ConfUtils.java:logGet(46)) - raft.server.rpc.request.timeout = 60s (custom)
2023-10-04 17:29:41,394 [49b21075-65f4-471d-b0a6-7943aa3ff632-groupManagement] INFO  server.RaftServerConfigKeys (ConfUtils.java:logGet(46)) - raft.server.log.appender.install.snapshot.enabled = false (custom)
2023-10-04 17:29:41,394 [49b21075-65f4-471d-b0a6-7943aa3ff632-groupManagement] INFO  server.RaftServerConfigKeys (ConfUtils.java:logGet(46)) - raft.server.threadpool.server.cached = true (default)
2023-10-04 17:29:41,394 [49b21075-65f4-471d-b0a6-7943aa3ff632-groupManagement] INFO  server.RaftServerConfigKeys (ConfUtils.java:logGet(46)) - raft.server.threadpool.server.size = 0 (default)
2023-10-04 17:29:41,394 [49b21075-65f4-471d-b0a6-7943aa3ff632-groupManagement] INFO  server.RaftServerConfigKeys (ConfUtils.java:logGet(46)) - raft.server.threadpool.client.cached = true (default)
2023-10-04 17:29:41,394 [49b21075-65f4-471d-b0a6-7943aa3ff632-groupManagement] INFO  server.RaftServerConfigKeys (ConfUtils.java:logGet(46)) - raft.server.threadpool.client.size = 0 (default)
2023-10-04 17:29:41,394 [49b21075-65f4-471d-b0a6-7943aa3ff632-groupManagement] INFO  storage.RaftStorageDirectory (RaftStorageDirectoryImpl.java:analyzeStorage(137)) - The storage directory /home/runner/work/ozone/ozone/hadoop-ozone/integration-test/target/test-dir/MiniOzoneClusterImpl-da1d4460-e54b-4a34-859f-b12e99aef92e/datanode-4/data/ratis/57d6e41b-4add-47c3-81b0-0bab566302e3 does not exist. Creating ...
2023-10-04 17:29:41,396 [49b21075-65f4-471d-b0a6-7943aa3ff632-groupManagement] INFO  storage.RaftStorageDirectory (RaftStorageDirectoryImpl.java:tryLock(231)) - Lock on /home/runner/work/ozone/ozone/hadoop-ozone/integration-test/target/test-dir/MiniOzoneClusterImpl-da1d4460-e54b-4a34-859f-b12e99aef92e/datanode-4/data/ratis/57d6e41b-4add-47c3-81b0-0bab566302e3/in_use.lock acquired by nodename 7524@fv-az453-706
2023-10-04 17:29:41,397 [49b21075-65f4-471d-b0a6-7943aa3ff632-groupManagement] INFO  storage.RaftStorage (RaftStorageImpl.java:format(96)) - Storage directory /home/runner/work/ozone/ozone/hadoop-ozone/integration-test/target/test-dir/MiniOzoneClusterImpl-da1d4460-e54b-4a34-859f-b12e99aef92e/datanode-4/data/ratis/57d6e41b-4add-47c3-81b0-0bab566302e3 has been successfully formatted.
2023-10-04 17:29:41,398 [49b21075-65f4-471d-b0a6-7943aa3ff632-groupManagement] INFO  ratis.ContainerStateMachine (ContainerStateMachine.java:loadSnapshot(262)) - group-0BAB566302E3: The snapshot info is null. Setting the last applied indexto:(t:0, i:~)
2023-10-04 17:29:41,398 [49b21075-65f4-471d-b0a6-7943aa3ff632-groupManagement] INFO  server.RaftServerConfigKeys (ConfUtils.java:logGet(46)) - raft.server.log.use.memory = false (default)
2023-10-04 17:29:41,398 [49b21075-65f4-471d-b0a6-7943aa3ff632-groupManagement] INFO  server.RaftServerConfigKeys (ConfUtils.java:logGet(46)) - raft.server.log.purge.gap = 1000000 (custom)
2023-10-04 17:29:41,398 [49b21075-65f4-471d-b0a6-7943aa3ff632-groupManagement] INFO  server.RaftServerConfigKeys (ConfUtils.java:logGet(46)) - raft.server.log.appender.buffer.byte-limit = 33554432 (custom)
2023-10-04 17:29:41,398 [49b21075-65f4-471d-b0a6-7943aa3ff632-groupManagement] INFO  server.RaftServerConfigKeys (ConfUtils.java:logGet(46)) - raft.server.log.statemachine.data.read.timeout = 1000ms (default)
2023-10-04 17:29:41,398 [49b21075-65f4-471d-b0a6-7943aa3ff632-groupManagement] INFO  server.RaftServerConfigKeys (ConfUtils.java:logGet(46)) - raft.server.log.purge.preservation.log.num = 0 (default)
2023-10-04 17:29:41,399 [49b21075-65f4-471d-b0a6-7943aa3ff632-groupManagement] INFO  server.RaftServerConfigKeys (ConfUtils.java:logGet(46)) - raft.server.log.segment.size.max = 1048576 (custom)
2023-10-04 17:29:41,400 [49b21075-65f4-471d-b0a6-7943aa3ff632-groupManagement] INFO  server.RaftServerConfigKeys (ConfUtils.java:logGet(46)) - raft.server.log.segment.cache.num.max = 2 (custom)
2023-10-04 17:29:41,401 [EventQueue-PipelineReportForPipelineReportHandler] INFO  pipeline.PipelineReportHandler (PipelineReportHandler.java:processPipelineReport(136)) - Opened pipeline PipelineID=57d6e41b-4add-47c3-81b0-0bab566302e3
2023-10-04 17:29:41,402 [EventQueue-OpenPipelineForHealthyPipelineSafeModeRule] INFO  safemode.SCMSafeModeManager (HealthyPipelineSafeModeRule.java:process(137)) - SCM in safe mode. Healthy pipelines reported count is 0, required healthy pipeline reported count is 1
2023-10-04 17:29:41,402 [49b21075-65f4-471d-b0a6-7943aa3ff632-groupManagement] INFO  server.RaftServerConfigKeys (ConfUtils.java:logGet(46)) - raft.server.log.segment.cache.size.max = 200MB (=209715200) (default)
2023-10-04 17:29:41,402 [49b21075-65f4-471d-b0a6-7943aa3ff632-groupManagement] INFO  server.RaftServerConfigKeys (ConfUtils.java:logGet(46)) - raft.server.log.appender.buffer.byte-limit = 33554432 (custom)
2023-10-04 17:29:41,402 [49b21075-65f4-471d-b0a6-7943aa3ff632-groupManagement] INFO  segmented.SegmentedRaftLogWorker (SegmentedRaftLogWorker.java:<init>(188)) - new 49b21075-65f4-471d-b0a6-7943aa3ff632@group-0BAB566302E3-SegmentedRaftLogWorker for RaftStorageImpl:Storage Directory /home/runner/work/ozone/ozone/hadoop-ozone/integration-test/target/test-dir/MiniOzoneClusterImpl-da1d4460-e54b-4a34-859f-b12e99aef92e/datanode-4/data/ratis/57d6e41b-4add-47c3-81b0-0bab566302e3
2023-10-04 17:29:41,402 [49b21075-65f4-471d-b0a6-7943aa3ff632-groupManagement] INFO  server.RaftServerConfigKeys (ConfUtils.java:logGet(46)) - raft.server.log.queue.byte-limit = 4294967296 (custom)
2023-10-04 17:29:41,402 [49b21075-65f4-471d-b0a6-7943aa3ff632-groupManagement] INFO  server.RaftServerConfigKeys (ConfUtils.java:logGet(46)) - raft.server.log.queue.element-limit = 1024 (custom)
2023-10-04 17:29:41,402 [49b21075-65f4-471d-b0a6-7943aa3ff632-groupManagement] INFO  server.RaftServerConfigKeys (ConfUtils.java:logGet(46)) - raft.server.log.segment.size.max = 1048576 (custom)
2023-10-04 17:29:41,402 [49b21075-65f4-471d-b0a6-7943aa3ff632-groupManagement] INFO  server.RaftServerConfigKeys (ConfUtils.java:logGet(46)) - raft.server.log.preallocated.size = 16384 (custom)
2023-10-04 17:29:41,402 [49b21075-65f4-471d-b0a6-7943aa3ff632-groupManagement] INFO  server.RaftServerConfigKeys (ConfUtils.java:logGet(46)) - raft.server.log.force.sync.num = 128 (default)
2023-10-04 17:29:41,402 [49b21075-65f4-471d-b0a6-7943aa3ff632-groupManagement] INFO  server.RaftServerConfigKeys (ConfUtils.java:logGet(46)) - raft.server.log.statemachine.data.sync = true (default)
2023-10-04 17:29:41,402 [49b21075-65f4-471d-b0a6-7943aa3ff632-groupManagement] INFO  server.RaftServerConfigKeys (ConfUtils.java:logGet(46)) - raft.server.log.statemachine.data.sync.timeout = 10s (default)
2023-10-04 17:29:41,403 [49b21075-65f4-471d-b0a6-7943aa3ff632-groupManagement] INFO  server.RaftServerConfigKeys (ConfUtils.java:logGet(46)) - raft.server.log.statemachine.data.sync.timeout.retry = -1 (default)
2023-10-04 17:29:41,403 [49b21075-65f4-471d-b0a6-7943aa3ff632-groupManagement] INFO  server.RaftServerConfigKeys (ConfUtils.java:logGet(46)) - raft.server.log.write.buffer.size = 1048576 (custom)
2023-10-04 17:29:41,404 [49b21075-65f4-471d-b0a6-7943aa3ff632-groupManagement] INFO  server.RaftServerConfigKeys (ConfUtils.java:logGet(46)) - raft.server.log.appender.buffer.byte-limit = 33554432 (custom)
2023-10-04 17:29:41,410 [49b21075-65f4-471d-b0a6-7943aa3ff632-groupManagement] INFO  server.RaftServerConfigKeys (ConfUtils.java:logGet(46)) - raft.server.log.unsafe-flush.enabled = false (default)
2023-10-04 17:29:41,410 [49b21075-65f4-471d-b0a6-7943aa3ff632-groupManagement] INFO  server.RaftServerConfigKeys (ConfUtils.java:logGet(46)) - raft.server.log.async-flush.enabled = false (default)
2023-10-04 17:29:41,410 [PipelineCommandHandlerThread-0] INFO  commandhandler.CreatePipelineCommandHandler (CreatePipelineCommandHandler.java:lambda$handle$2(124)) - Created Pipeline RATIS THREE PipelineID=58fbf2b1-9f73-4e82-a2cc-321c5a6b79f8.
2023-10-04 17:29:41,410 [49b21075-65f4-471d-b0a6-7943aa3ff632-groupManagement] INFO  server.RaftServerConfigKeys (ConfUtils.java:logGet(46)) - raft.server.log.statemachine.data.caching.enabled = true (custom)
2023-10-04 17:29:41,411 [49b21075-65f4-471d-b0a6-7943aa3ff632-groupManagement] INFO  segmented.SegmentedRaftLogWorker (SegmentedRaftLogWorker.java:lambda$new$0(135)) - 49b21075-65f4-471d-b0a6-7943aa3ff632@group-0BAB566302E3-SegmentedRaftLogWorker: flushIndex: setUnconditionally 0 -> -1
2023-10-04 17:29:41,411 [49b21075-65f4-471d-b0a6-7943aa3ff632-groupManagement] INFO  segmented.SegmentedRaftLogWorker (SegmentedRaftLogWorker.java:lambda$new$0(135)) - 49b21075-65f4-471d-b0a6-7943aa3ff632@group-0BAB566302E3-SegmentedRaftLogWorker: safeCacheEvictIndex: setUnconditionally 0 -> -1
2023-10-04 17:29:41,412 [49b21075-65f4-471d-b0a6-7943aa3ff632-groupManagement] INFO  server.RaftServer$Division (RaftServerImpl.java:start(342)) - 49b21075-65f4-471d-b0a6-7943aa3ff632@group-0BAB566302E3: start as a follower, conf=-1: peers:[49b21075-65f4-471d-b0a6-7943aa3ff632|rpc:10.1.0.20:15050|admin:10.1.0.20:15049|client:10.1.0.20:15048|dataStream:10.1.0.20:15051|priority:1|startupRole:FOLLOWER]|listeners:[], old=null
2023-10-04 17:29:41,412 [49b21075-65f4-471d-b0a6-7943aa3ff632-groupManagement] INFO  server.RaftServer$Division (RaftServerImpl.java:setRole(329)) - 49b21075-65f4-471d-b0a6-7943aa3ff632@group-0BAB566302E3: changes role from      null to FOLLOWER at term 0 for startAsFollower
2023-10-04 17:29:41,412 [49b21075-65f4-471d-b0a6-7943aa3ff632-groupManagement] INFO  impl.RoleInfo (RoleInfo.java:updateAndGet(139)) - 49b21075-65f4-471d-b0a6-7943aa3ff632: start 49b21075-65f4-471d-b0a6-7943aa3ff632@group-0BAB566302E3-FollowerState
2023-10-04 17:29:41,414 [49b21075-65f4-471d-b0a6-7943aa3ff632-groupManagement] INFO  util.JmxRegister (JmxRegister.java:tryRegister(44)) - Successfully registered JMX Bean with object name Ratis:service=RaftServer,group=group-0BAB566302E3,id=49b21075-65f4-471d-b0a6-7943aa3ff632
2023-10-04 17:29:41,414 [49b21075-65f4-471d-b0a6-7943aa3ff632-groupManagement] INFO  server.RaftServerConfigKeys (ConfUtils.java:logGet(46)) - raft.server.snapshot.auto.trigger.enabled = true (custom)
2023-10-04 17:29:41,414 [49b21075-65f4-471d-b0a6-7943aa3ff632-groupManagement] INFO  server.RaftServerConfigKeys (ConfUtils.java:logGet(46)) - raft.server.snapshot.auto.trigger.threshold = 10000 (custom)
2023-10-04 17:29:41,414 [49b21075-65f4-471d-b0a6-7943aa3ff632-groupManagement] INFO  server.RaftServerConfigKeys (ConfUtils.java:logGet(46)) - raft.server.snapshot.retention.file.num = 5 (custom)
2023-10-04 17:29:41,414 [49b21075-65f4-471d-b0a6-7943aa3ff632-groupManagement] INFO  server.RaftServerConfigKeys (ConfUtils.java:logGet(46)) - raft.server.log.purge.upto.snapshot.index = false (default)
2023-10-04 17:29:41,415 [49b21075-65f4-471d-b0a6-7943aa3ff632@group-0BAB566302E3-FollowerState] INFO  server.RaftServerConfigKeys (ConfUtils.java:logFallback(53)) - raft.server.rpc.first-election.timeout.min = 5s (fallback to raft.server.rpc.timeout.min)
2023-10-04 17:29:41,415 [49b21075-65f4-471d-b0a6-7943aa3ff632@group-0BAB566302E3-FollowerState] INFO  server.RaftServerConfigKeys (ConfUtils.java:logFallback(53)) - raft.server.rpc.first-election.timeout.max = 5200ms (fallback to raft.server.rpc.timeout.max)
2023-10-04 17:29:41,417 [PipelineCommandHandlerThread-0] INFO  ratis.XceiverServerRatis (XceiverServerRatis.java:addGroup(804)) - Created group PipelineID=57d6e41b-4add-47c3-81b0-0bab566302e3
2023-10-04 17:29:41,417 [PipelineCommandHandlerThread-0] INFO  commandhandler.CreatePipelineCommandHandler (CreatePipelineCommandHandler.java:lambda$handle$2(124)) - Created Pipeline RATIS ONE PipelineID=57d6e41b-4add-47c3-81b0-0bab566302e3.
2023-10-04 17:29:42,338 [main] INFO  ozone.MiniOzoneClusterImpl (MiniOzoneClusterImpl.java:lambda$waitForClusterToBeReady$0(229)) - Nodes are ready. Got 5 of 5 DN Heartbeats.
2023-10-04 17:29:42,338 [main] INFO  ozone.MiniOzoneClusterImpl (MiniOzoneClusterImpl.java:lambda$waitForClusterToBeReady$0(232)) - Waiting for cluster to exit safe mode
2023-10-04 17:29:42,338 [main] INFO  ozone.MiniOzoneClusterImpl (MiniOzoneClusterImpl.java:lambda$waitForClusterToBeReady$0(234)) - SCM became leader
2023-10-04 17:29:43,338 [main] INFO  ozone.MiniOzoneClusterImpl (MiniOzoneClusterImpl.java:lambda$waitForClusterToBeReady$0(229)) - Nodes are ready. Got 5 of 5 DN Heartbeats.
2023-10-04 17:29:43,339 [main] INFO  ozone.MiniOzoneClusterImpl (MiniOzoneClusterImpl.java:lambda$waitForClusterToBeReady$0(232)) - Waiting for cluster to exit safe mode
2023-10-04 17:29:43,339 [main] INFO  ozone.MiniOzoneClusterImpl (MiniOzoneClusterImpl.java:lambda$waitForClusterToBeReady$0(234)) - SCM became leader
2023-10-04 17:29:44,339 [main] INFO  ozone.MiniOzoneClusterImpl (MiniOzoneClusterImpl.java:lambda$waitForClusterToBeReady$0(229)) - Nodes are ready. Got 5 of 5 DN Heartbeats.
2023-10-04 17:29:44,339 [main] INFO  ozone.MiniOzoneClusterImpl (MiniOzoneClusterImpl.java:lambda$waitForClusterToBeReady$0(232)) - Waiting for cluster to exit safe mode
2023-10-04 17:29:44,339 [main] INFO  ozone.MiniOzoneClusterImpl (MiniOzoneClusterImpl.java:lambda$waitForClusterToBeReady$0(234)) - SCM became leader
2023-10-04 17:29:44,861 [3f00e8f6-b1cf-4c66-adc6-49812d80e8b8@group-80372E8A5B71-FollowerState] INFO  impl.FollowerState (FollowerState.java:run(143)) - 3f00e8f6-b1cf-4c66-adc6-49812d80e8b8@group-80372E8A5B71-FollowerState: change to CANDIDATE, lastRpcElapsedTime:5019810663ns, electionTimeout:5010ms
2023-10-04 17:29:44,861 [3f00e8f6-b1cf-4c66-adc6-49812d80e8b8@group-80372E8A5B71-FollowerState] INFO  impl.RoleInfo (RoleInfo.java:shutdownFollowerState(110)) - 3f00e8f6-b1cf-4c66-adc6-49812d80e8b8: shutdown 3f00e8f6-b1cf-4c66-adc6-49812d80e8b8@group-80372E8A5B71-FollowerState
2023-10-04 17:29:44,861 [3f00e8f6-b1cf-4c66-adc6-49812d80e8b8@group-80372E8A5B71-FollowerState] INFO  server.RaftServer$Division (RaftServerImpl.java:setRole(329)) - 3f00e8f6-b1cf-4c66-adc6-49812d80e8b8@group-80372E8A5B71: changes role from  FOLLOWER to CANDIDATE at term 0 for changeToCandidate
2023-10-04 17:29:44,862 [3f00e8f6-b1cf-4c66-adc6-49812d80e8b8@group-80372E8A5B71-FollowerState] INFO  server.RaftServerConfigKeys (ConfUtils.java:logGet(46)) - raft.server.leaderelection.pre-vote = true (default)
2023-10-04 17:29:44,862 [3f00e8f6-b1cf-4c66-adc6-49812d80e8b8@group-80372E8A5B71-FollowerState] INFO  impl.RoleInfo (RoleInfo.java:updateAndGet(139)) - 3f00e8f6-b1cf-4c66-adc6-49812d80e8b8: start 3f00e8f6-b1cf-4c66-adc6-49812d80e8b8@group-80372E8A5B71-LeaderElection2
2023-10-04 17:29:44,871 [3f00e8f6-b1cf-4c66-adc6-49812d80e8b8@group-80372E8A5B71-LeaderElection2] INFO  impl.LeaderElection (LeaderElection.java:askForVotes(321)) - 3f00e8f6-b1cf-4c66-adc6-49812d80e8b8@group-80372E8A5B71-LeaderElection2 PRE_VOTE round 0: submit vote requests at term 0 for -1: peers:[f9d37fed-45fc-460e-afd0-cdcd65402720|rpc:10.1.0.20:15023|admin:10.1.0.20:15022|client:10.1.0.20:15021|dataStream:10.1.0.20:15024|priority:0|startupRole:FOLLOWER, 3f00e8f6-b1cf-4c66-adc6-49812d80e8b8|rpc:10.1.0.20:15014|admin:10.1.0.20:15013|client:10.1.0.20:15012|dataStream:10.1.0.20:15015|priority:1|startupRole:FOLLOWER, de7ceff0-6407-4127-9c69-f263aab5871b|rpc:10.1.0.20:15032|admin:10.1.0.20:15031|client:10.1.0.20:15030|dataStream:10.1.0.20:15033|priority:0|startupRole:FOLLOWER]|listeners:[], old=null
2023-10-04 17:29:44,877 [3f00e8f6-b1cf-4c66-adc6-49812d80e8b8@group-80372E8A5B71-LeaderElection2] INFO  server.RaftServerConfigKeys (ConfUtils.java:logFallback(53)) - raft.server.rpc.first-election.timeout.min = 5s (fallback to raft.server.rpc.timeout.min)
2023-10-04 17:29:44,877 [3f00e8f6-b1cf-4c66-adc6-49812d80e8b8@group-80372E8A5B71-LeaderElection2] INFO  server.RaftServerConfigKeys (ConfUtils.java:logFallback(53)) - raft.server.rpc.first-election.timeout.max = 5200ms (fallback to raft.server.rpc.timeout.max)
2023-10-04 17:29:44,880 [3f00e8f6-b1cf-4c66-adc6-49812d80e8b8@group-80372E8A5B71-LeaderElection2-1] INFO  server.GrpcServerProtocolClient (GrpcServerProtocolClient.java:<init>(65)) - Build channel for f9d37fed-45fc-460e-afd0-cdcd65402720
2023-10-04 17:29:44,882 [3f00e8f6-b1cf-4c66-adc6-49812d80e8b8@group-80372E8A5B71-LeaderElection2-2] INFO  server.GrpcServerProtocolClient (GrpcServerProtocolClient.java:<init>(65)) - Build channel for de7ceff0-6407-4127-9c69-f263aab5871b
2023-10-04 17:29:44,904 [grpc-default-executor-1] INFO  server.RaftServer$Division (RaftServerImpl.java:requestVote(1302)) - f9d37fed-45fc-460e-afd0-cdcd65402720@group-80372E8A5B71: receive requestVote(PRE_VOTE, 3f00e8f6-b1cf-4c66-adc6-49812d80e8b8, group-80372E8A5B71, 0, (t:0, i:0))
2023-10-04 17:29:44,905 [grpc-default-executor-0] INFO  server.RaftServer$Division (RaftServerImpl.java:requestVote(1302)) - de7ceff0-6407-4127-9c69-f263aab5871b@group-80372E8A5B71: receive requestVote(PRE_VOTE, 3f00e8f6-b1cf-4c66-adc6-49812d80e8b8, group-80372E8A5B71, 0, (t:0, i:0))
2023-10-04 17:29:44,907 [grpc-default-executor-0] INFO  impl.VoteContext (VoteContext.java:log(49)) - de7ceff0-6407-4127-9c69-f263aab5871b@group-80372E8A5B71-FOLLOWER: accept PRE_VOTE from 3f00e8f6-b1cf-4c66-adc6-49812d80e8b8: our priority 0 <= candidate's priority 1
2023-10-04 17:29:44,911 [grpc-default-executor-0] INFO  server.RaftServer$Division (RaftServerImpl.java:requestVote(1335)) - de7ceff0-6407-4127-9c69-f263aab5871b@group-80372E8A5B71 replies to PRE_VOTE vote request: 3f00e8f6-b1cf-4c66-adc6-49812d80e8b8<-de7ceff0-6407-4127-9c69-f263aab5871b#0:OK-t0. Peer's state: de7ceff0-6407-4127-9c69-f263aab5871b@group-80372E8A5B71:t0, leader=null, voted=, raftlog=Memoized:de7ceff0-6407-4127-9c69-f263aab5871b@group-80372E8A5B71-SegmentedRaftLog:OPENED:c-1, conf=-1: peers:[f9d37fed-45fc-460e-afd0-cdcd65402720|rpc:10.1.0.20:15023|admin:10.1.0.20:15022|client:10.1.0.20:15021|dataStream:10.1.0.20:15024|priority:0|startupRole:FOLLOWER, 3f00e8f6-b1cf-4c66-adc6-49812d80e8b8|rpc:10.1.0.20:15014|admin:10.1.0.20:15013|client:10.1.0.20:15012|dataStream:10.1.0.20:15015|priority:1|startupRole:FOLLOWER, de7ceff0-6407-4127-9c69-f263aab5871b|rpc:10.1.0.20:15032|admin:10.1.0.20:15031|client:10.1.0.20:15030|dataStream:10.1.0.20:15033|priority:0|startupRole:FOLLOWER]|listeners:[], old=null
2023-10-04 17:29:44,910 [grpc-default-executor-1] INFO  impl.VoteContext (VoteContext.java:log(49)) - f9d37fed-45fc-460e-afd0-cdcd65402720@group-80372E8A5B71-FOLLOWER: accept PRE_VOTE from 3f00e8f6-b1cf-4c66-adc6-49812d80e8b8: our priority 0 <= candidate's priority 1
2023-10-04 17:29:44,915 [grpc-default-executor-1] INFO  server.RaftServer$Division (RaftServerImpl.java:requestVote(1335)) - f9d37fed-45fc-460e-afd0-cdcd65402720@group-80372E8A5B71 replies to PRE_VOTE vote request: 3f00e8f6-b1cf-4c66-adc6-49812d80e8b8<-f9d37fed-45fc-460e-afd0-cdcd65402720#0:OK-t0. Peer's state: f9d37fed-45fc-460e-afd0-cdcd65402720@group-80372E8A5B71:t0, leader=null, voted=, raftlog=Memoized:f9d37fed-45fc-460e-afd0-cdcd65402720@group-80372E8A5B71-SegmentedRaftLog:OPENED:c-1, conf=-1: peers:[f9d37fed-45fc-460e-afd0-cdcd65402720|rpc:10.1.0.20:15023|admin:10.1.0.20:15022|client:10.1.0.20:15021|dataStream:10.1.0.20:15024|priority:0|startupRole:FOLLOWER, 3f00e8f6-b1cf-4c66-adc6-49812d80e8b8|rpc:10.1.0.20:15014|admin:10.1.0.20:15013|client:10.1.0.20:15012|dataStream:10.1.0.20:15015|priority:1|startupRole:FOLLOWER, de7ceff0-6407-4127-9c69-f263aab5871b|rpc:10.1.0.20:15032|admin:10.1.0.20:15031|client:10.1.0.20:15030|dataStream:10.1.0.20:15033|priority:0|startupRole:FOLLOWER]|listeners:[], old=null
2023-10-04 17:29:44,916 [3f00e8f6-b1cf-4c66-adc6-49812d80e8b8@group-80372E8A5B71-LeaderElection2] INFO  impl.LeaderElection (LeaderElection.java:logAndReturn(90)) - 3f00e8f6-b1cf-4c66-adc6-49812d80e8b8@group-80372E8A5B71-LeaderElection2: PRE_VOTE PASSED received 1 response(s) and 0 exception(s):
2023-10-04 17:29:44,918 [3f00e8f6-b1cf-4c66-adc6-49812d80e8b8@group-80372E8A5B71-LeaderElection2] INFO  impl.LeaderElection (LeaderElection.java:logAndReturn(94)) -   Response 0: 3f00e8f6-b1cf-4c66-adc6-49812d80e8b8<-de7ceff0-6407-4127-9c69-f263aab5871b#0:OK-t0
2023-10-04 17:29:44,918 [3f00e8f6-b1cf-4c66-adc6-49812d80e8b8@group-80372E8A5B71-LeaderElection2] INFO  impl.LeaderElection (LeaderElection.java:askForVotes(323)) - 3f00e8f6-b1cf-4c66-adc6-49812d80e8b8@group-80372E8A5B71-LeaderElection2 PRE_VOTE round 0: result PASSED
2023-10-04 17:29:44,922 [3f00e8f6-b1cf-4c66-adc6-49812d80e8b8@group-80372E8A5B71-LeaderElection2] INFO  impl.LeaderElection (LeaderElection.java:askForVotes(321)) - 3f00e8f6-b1cf-4c66-adc6-49812d80e8b8@group-80372E8A5B71-LeaderElection2 ELECTION round 0: submit vote requests at term 1 for -1: peers:[f9d37fed-45fc-460e-afd0-cdcd65402720|rpc:10.1.0.20:15023|admin:10.1.0.20:15022|client:10.1.0.20:15021|dataStream:10.1.0.20:15024|priority:0|startupRole:FOLLOWER, 3f00e8f6-b1cf-4c66-adc6-49812d80e8b8|rpc:10.1.0.20:15014|admin:10.1.0.20:15013|client:10.1.0.20:15012|dataStream:10.1.0.20:15015|priority:1|startupRole:FOLLOWER, de7ceff0-6407-4127-9c69-f263aab5871b|rpc:10.1.0.20:15032|admin:10.1.0.20:15031|client:10.1.0.20:15030|dataStream:10.1.0.20:15033|priority:0|startupRole:FOLLOWER]|listeners:[], old=null
2023-10-04 17:29:44,925 [3f00e8f6-b1cf-4c66-adc6-49812d80e8b8@group-80372E8A5B71-LeaderElection2] INFO  server.RaftServerConfigKeys (ConfUtils.java:logFallback(53)) - raft.server.rpc.first-election.timeout.min = 5s (fallback to raft.server.rpc.timeout.min)
2023-10-04 17:29:44,926 [3f00e8f6-b1cf-4c66-adc6-49812d80e8b8@group-80372E8A5B71-LeaderElection2] INFO  server.RaftServerConfigKeys (ConfUtils.java:logFallback(53)) - raft.server.rpc.first-election.timeout.max = 5200ms (fallback to raft.server.rpc.timeout.max)
2023-10-04 17:29:44,927 [grpc-default-executor-1] INFO  server.RaftServer$Division (RaftServerImpl.java:requestVote(1302)) - f9d37fed-45fc-460e-afd0-cdcd65402720@group-80372E8A5B71: receive requestVote(ELECTION, 3f00e8f6-b1cf-4c66-adc6-49812d80e8b8, group-80372E8A5B71, 1, (t:0, i:0))
2023-10-04 17:29:44,928 [grpc-default-executor-1] INFO  impl.VoteContext (VoteContext.java:log(49)) - f9d37fed-45fc-460e-afd0-cdcd65402720@group-80372E8A5B71-FOLLOWER: accept ELECTION from 3f00e8f6-b1cf-4c66-adc6-49812d80e8b8: our priority 0 <= candidate's priority 1
2023-10-04 17:29:44,928 [grpc-default-executor-1] INFO  server.RaftServer$Division (RaftServerImpl.java:setRole(329)) - f9d37fed-45fc-460e-afd0-cdcd65402720@group-80372E8A5B71: changes role from  FOLLOWER to FOLLOWER at term 1 for candidate:3f00e8f6-b1cf-4c66-adc6-49812d80e8b8
2023-10-04 17:29:44,928 [grpc-default-executor-1] INFO  impl.RoleInfo (RoleInfo.java:shutdownFollowerState(110)) - f9d37fed-45fc-460e-afd0-cdcd65402720: shutdown f9d37fed-45fc-460e-afd0-cdcd65402720@group-80372E8A5B71-FollowerState
2023-10-04 17:29:44,932 [grpc-default-executor-1] INFO  impl.RoleInfo (RoleInfo.java:updateAndGet(139)) - f9d37fed-45fc-460e-afd0-cdcd65402720: start f9d37fed-45fc-460e-afd0-cdcd65402720@group-80372E8A5B71-FollowerState
2023-10-04 17:29:44,928 [f9d37fed-45fc-460e-afd0-cdcd65402720@group-80372E8A5B71-FollowerState] INFO  impl.FollowerState (FollowerState.java:run(152)) - f9d37fed-45fc-460e-afd0-cdcd65402720@group-80372E8A5B71-FollowerState was interrupted
2023-10-04 17:29:44,934 [grpc-default-executor-0] INFO  server.RaftServer$Division (RaftServerImpl.java:requestVote(1302)) - de7ceff0-6407-4127-9c69-f263aab5871b@group-80372E8A5B71: receive requestVote(ELECTION, 3f00e8f6-b1cf-4c66-adc6-49812d80e8b8, group-80372E8A5B71, 1, (t:0, i:0))
2023-10-04 17:29:44,934 [grpc-default-executor-0] INFO  impl.VoteContext (VoteContext.java:log(49)) - de7ceff0-6407-4127-9c69-f263aab5871b@group-80372E8A5B71-FOLLOWER: accept ELECTION from 3f00e8f6-b1cf-4c66-adc6-49812d80e8b8: our priority 0 <= candidate's priority 1
2023-10-04 17:29:44,934 [grpc-default-executor-0] INFO  server.RaftServer$Division (RaftServerImpl.java:setRole(329)) - de7ceff0-6407-4127-9c69-f263aab5871b@group-80372E8A5B71: changes role from  FOLLOWER to FOLLOWER at term 1 for candidate:3f00e8f6-b1cf-4c66-adc6-49812d80e8b8
2023-10-04 17:29:44,934 [grpc-default-executor-0] INFO  impl.RoleInfo (RoleInfo.java:shutdownFollowerState(110)) - de7ceff0-6407-4127-9c69-f263aab5871b: shutdown de7ceff0-6407-4127-9c69-f263aab5871b@group-80372E8A5B71-FollowerState
2023-10-04 17:29:44,934 [de7ceff0-6407-4127-9c69-f263aab5871b@group-80372E8A5B71-FollowerState] INFO  impl.FollowerState (FollowerState.java:run(152)) - de7ceff0-6407-4127-9c69-f263aab5871b@group-80372E8A5B71-FollowerState was interrupted
2023-10-04 17:29:44,934 [grpc-default-executor-1] INFO  server.RaftServer$Division (RaftServerImpl.java:requestVote(1335)) - f9d37fed-45fc-460e-afd0-cdcd65402720@group-80372E8A5B71 replies to ELECTION vote request: 3f00e8f6-b1cf-4c66-adc6-49812d80e8b8<-f9d37fed-45fc-460e-afd0-cdcd65402720#0:OK-t1. Peer's state: f9d37fed-45fc-460e-afd0-cdcd65402720@group-80372E8A5B71:t1, leader=null, voted=3f00e8f6-b1cf-4c66-adc6-49812d80e8b8, raftlog=Memoized:f9d37fed-45fc-460e-afd0-cdcd65402720@group-80372E8A5B71-SegmentedRaftLog:OPENED:c-1, conf=-1: peers:[f9d37fed-45fc-460e-afd0-cdcd65402720|rpc:10.1.0.20:15023|admin:10.1.0.20:15022|client:10.1.0.20:15021|dataStream:10.1.0.20:15024|priority:0|startupRole:FOLLOWER, 3f00e8f6-b1cf-4c66-adc6-49812d80e8b8|rpc:10.1.0.20:15014|admin:10.1.0.20:15013|client:10.1.0.20:15012|dataStream:10.1.0.20:15015|priority:1|startupRole:FOLLOWER, de7ceff0-6407-4127-9c69-f263aab5871b|rpc:10.1.0.20:15032|admin:10.1.0.20:15031|client:10.1.0.20:15030|dataStream:10.1.0.20:15033|priority:0|startupRole:FOLLOWER]|listeners:[], old=null
2023-10-04 17:29:44,937 [grpc-default-executor-0] INFO  impl.RoleInfo (RoleInfo.java:updateAndGet(139)) - de7ceff0-6407-4127-9c69-f263aab5871b: start de7ceff0-6407-4127-9c69-f263aab5871b@group-80372E8A5B71-FollowerState
2023-10-04 17:29:44,937 [3f00e8f6-b1cf-4c66-adc6-49812d80e8b8@group-80372E8A5B71-LeaderElection2] INFO  impl.LeaderElection (LeaderElection.java:logAndReturn(90)) - 3f00e8f6-b1cf-4c66-adc6-49812d80e8b8@group-80372E8A5B71-LeaderElection2: ELECTION PASSED received 1 response(s) and 0 exception(s):
2023-10-04 17:29:44,938 [3f00e8f6-b1cf-4c66-adc6-49812d80e8b8@group-80372E8A5B71-LeaderElection2] INFO  impl.LeaderElection (LeaderElection.java:logAndReturn(94)) -   Response 0: 3f00e8f6-b1cf-4c66-adc6-49812d80e8b8<-f9d37fed-45fc-460e-afd0-cdcd65402720#0:OK-t1
2023-10-04 17:29:44,938 [3f00e8f6-b1cf-4c66-adc6-49812d80e8b8@group-80372E8A5B71-LeaderElection2] INFO  impl.LeaderElection (LeaderElection.java:askForVotes(323)) - 3f00e8f6-b1cf-4c66-adc6-49812d80e8b8@group-80372E8A5B71-LeaderElection2 ELECTION round 0: result PASSED
2023-10-04 17:29:44,939 [3f00e8f6-b1cf-4c66-adc6-49812d80e8b8@group-80372E8A5B71-LeaderElection2] INFO  impl.RoleInfo (RoleInfo.java:shutdownLeaderElection(130)) - 3f00e8f6-b1cf-4c66-adc6-49812d80e8b8: shutdown 3f00e8f6-b1cf-4c66-adc6-49812d80e8b8@group-80372E8A5B71-LeaderElection2
2023-10-04 17:29:44,939 [3f00e8f6-b1cf-4c66-adc6-49812d80e8b8@group-80372E8A5B71-LeaderElection2] INFO  server.RaftServer$Division (RaftServerImpl.java:setRole(329)) - 3f00e8f6-b1cf-4c66-adc6-49812d80e8b8@group-80372E8A5B71: changes role from CANDIDATE to LEADER at term 1 for changeToLeader
2023-10-04 17:29:44,939 [grpc-default-executor-0] INFO  server.RaftServer$Division (RaftServerImpl.java:requestVote(1335)) - de7ceff0-6407-4127-9c69-f263aab5871b@group-80372E8A5B71 replies to ELECTION vote request: 3f00e8f6-b1cf-4c66-adc6-49812d80e8b8<-de7ceff0-6407-4127-9c69-f263aab5871b#0:OK-t1. Peer's state: de7ceff0-6407-4127-9c69-f263aab5871b@group-80372E8A5B71:t1, leader=null, voted=3f00e8f6-b1cf-4c66-adc6-49812d80e8b8, raftlog=Memoized:de7ceff0-6407-4127-9c69-f263aab5871b@group-80372E8A5B71-SegmentedRaftLog:OPENED:c-1, conf=-1: peers:[f9d37fed-45fc-460e-afd0-cdcd65402720|rpc:10.1.0.20:15023|admin:10.1.0.20:15022|client:10.1.0.20:15021|dataStream:10.1.0.20:15024|priority:0|startupRole:FOLLOWER, 3f00e8f6-b1cf-4c66-adc6-49812d80e8b8|rpc:10.1.0.20:15014|admin:10.1.0.20:15013|client:10.1.0.20:15012|dataStream:10.1.0.20:15015|priority:1|startupRole:FOLLOWER, de7ceff0-6407-4127-9c69-f263aab5871b|rpc:10.1.0.20:15032|admin:10.1.0.20:15031|client:10.1.0.20:15030|dataStream:10.1.0.20:15033|priority:0|startupRole:FOLLOWER]|listeners:[], old=null
2023-10-04 17:29:44,939 [3f00e8f6-b1cf-4c66-adc6-49812d80e8b8@group-80372E8A5B71-LeaderElection2] INFO  ratis.XceiverServerRatis (XceiverServerRatis.java:handleLeaderChangedNotification(902)) - Leader change notification received for group: group-80372E8A5B71 with new leaderId: 3f00e8f6-b1cf-4c66-adc6-49812d80e8b8
2023-10-04 17:29:44,940 [3f00e8f6-b1cf-4c66-adc6-49812d80e8b8@group-80372E8A5B71-LeaderElection2] INFO  server.RaftServer$Division (ServerState.java:setLeader(317)) - 3f00e8f6-b1cf-4c66-adc6-49812d80e8b8@group-80372E8A5B71: change Leader from null to 3f00e8f6-b1cf-4c66-adc6-49812d80e8b8 at term 1 for becomeLeader, leader elected after 5118ms
2023-10-04 17:29:44,940 [3f00e8f6-b1cf-4c66-adc6-49812d80e8b8@group-80372E8A5B71-LeaderElection2] INFO  server.RaftServerConfigKeys (ConfUtils.java:logGet(46)) - raft.server.staging.catchup.gap = 1000 (default)
2023-10-04 17:29:44,940 [3f00e8f6-b1cf-4c66-adc6-49812d80e8b8@group-80372E8A5B71-LeaderElection2] INFO  server.RaftServerConfigKeys (ConfUtils.java:logGet(46)) - raft.server.write.element-limit = 1024 (custom)
2023-10-04 17:29:44,941 [3f00e8f6-b1cf-4c66-adc6-49812d80e8b8@group-80372E8A5B71-LeaderElection2] INFO  server.RaftServerConfigKeys (ConfUtils.java:logGet(46)) - raft.server.write.byte-limit = 1024 M (=1073741824) (custom)
2023-10-04 17:29:44,941 [3f00e8f6-b1cf-4c66-adc6-49812d80e8b8@group-80372E8A5B71-LeaderElection2] INFO  server.RaftServerConfigKeys (ConfUtils.java:logGet(46)) - raft.server.watch.timeout = 180s (custom)
2023-10-04 17:29:44,941 [3f00e8f6-b1cf-4c66-adc6-49812d80e8b8@group-80372E8A5B71-LeaderElection2] INFO  server.RaftServerConfigKeys (ConfUtils.java:logGet(46)) - raft.server.watch.timeout.denomination = 1s (default)
2023-10-04 17:29:44,941 [3f00e8f6-b1cf-4c66-adc6-49812d80e8b8@group-80372E8A5B71-LeaderElection2] INFO  server.RaftServerConfigKeys (ConfUtils.java:logGet(46)) - raft.server.watch.element-limit = 65536 (default)
2023-10-04 17:29:44,941 [3f00e8f6-b1cf-4c66-adc6-49812d80e8b8@group-80372E8A5B71-LeaderElection2] INFO  server.RaftServerConfigKeys (ConfUtils.java:logGet(46)) - raft.server.write.element-limit = 1024 (custom)
2023-10-04 17:29:44,941 [3f00e8f6-b1cf-4c66-adc6-49812d80e8b8@group-80372E8A5B71-LeaderElection2] INFO  server.RaftServerConfigKeys (ConfUtils.java:logGet(46)) - raft.server.write.follower.gap.ratio.max = -1.0 (default)
2023-10-04 17:29:44,945 [EventQueue-PipelineReportForPipelineReportHandler] INFO  pipeline.PipelineReportHandler (PipelineReportHandler.java:processPipelineReport(136)) - Opened pipeline PipelineID=98d6e81a-3aed-413a-9200-80372e8a5b71
2023-10-04 17:29:44,950 [EventQueue-OpenPipelineForHealthyPipelineSafeModeRule] INFO  safemode.SCMSafeModeManager (HealthyPipelineSafeModeRule.java:process(137)) - SCM in safe mode. Healthy pipelines reported count is 1, required healthy pipeline reported count is 1
2023-10-04 17:29:44,950 [EventQueue-OpenPipelineForHealthyPipelineSafeModeRule] INFO  safemode.SCMSafeModeManager (SCMSafeModeManager.java:validateSafeModeExitRules(200)) - HealthyPipelineSafeModeRule rule is successfully validated
2023-10-04 17:29:44,954 [EventQueue-OpenPipelineForHealthyPipelineSafeModeRule] INFO  safemode.SCMSafeModeManager (SCMSafeModeManager.java:validateSafeModeExitRules(215)) - ScmSafeModeManager, all rules are successfully validated
2023-10-04 17:29:44,954 [EventQueue-OpenPipelineForHealthyPipelineSafeModeRule] INFO  safemode.SCMSafeModeManager (SCMSafeModeManager.java:exitSafeMode(244)) - SCM exiting safe mode.
2023-10-04 17:29:44,954 [EventQueue-OpenPipelineForHealthyPipelineSafeModeRule] INFO  ha.SCMContext (SCMContext.java:updateSafeModeStatus(228)) - Update SafeModeStatus from SafeModeStatus{safeModeStatus=true, preCheckPassed=true} to SafeModeStatus{safeModeStatus=false, preCheckPassed=true}.
2023-10-04 17:29:44,954 [EventQueue-OpenPipelineForHealthyPipelineSafeModeRule] INFO  pipeline.BackgroundPipelineCreator (BackgroundPipelineCreator.java:notifyStatusChanged(255)) - Service BackgroundPipelineCreator transitions to RUNNING.
2023-10-04 17:29:44,954 [EventQueue-OpenPipelineForHealthyPipelineSafeModeRule] INFO  BackgroundPipelineScrubber (BackgroundSCMService.java:notifyStatusChanged(82)) - Service BackgroundPipelineScrubber transitions to RUNNING.
2023-10-04 17:29:44,954 [EventQueue-OpenPipelineForHealthyPipelineSafeModeRule] INFO  ExpiredContainerReplicaOpScrubber (BackgroundSCMService.java:notifyStatusChanged(82)) - Service ExpiredContainerReplicaOpScrubber transitions to RUNNING.
2023-10-04 17:29:44,954 [EventQueue-OpenPipelineForHealthyPipelineSafeModeRule] INFO  replication.ReplicationManager (ReplicationManager.java:notifyStatusChanged(1370)) - Service ReplicationManager transitions to RUNNING.
2023-10-04 17:29:44,958 [EventQueue-OpenPipelineForHealthyPipelineSafeModeRule] WARN  balancer.ContainerBalancer (ContainerBalancer.java:shouldRun(134)) - Could not find persisted configuration for ContainerBalancer when checking if ContainerBalancer should run. ContainerBalancer should not run now.
2023-10-04 17:29:44,967 [3f00e8f6-b1cf-4c66-adc6-49812d80e8b8@group-80372E8A5B71-LeaderElection2] INFO  server.RaftServerConfigKeys (ConfUtils.java:logGet(46)) - raft.server.log.appender.snapshot.chunk.size.max = 16MB (=16777216) (default)
2023-10-04 17:29:44,968 [3f00e8f6-b1cf-4c66-adc6-49812d80e8b8@group-80372E8A5B71-LeaderElection2] INFO  server.RaftServerConfigKeys (ConfUtils.java:logGet(46)) - raft.server.log.appender.buffer.byte-limit = 33554432 (custom)
2023-10-04 17:29:44,968 [3f00e8f6-b1cf-4c66-adc6-49812d80e8b8@group-80372E8A5B71-LeaderElection2] INFO  server.RaftServerConfigKeys (ConfUtils.java:logGet(46)) - raft.server.log.appender.buffer.element-limit = 1 (custom)
2023-10-04 17:29:44,970 [3f00e8f6-b1cf-4c66-adc6-49812d80e8b8@group-80372E8A5B71-LeaderElection2] INFO  server.RaftServerConfigKeys (ConfUtils.java:logGet(46)) - raft.server.log.appender.wait-time.min = 10ms (default)
2023-10-04 17:29:44,971 [3f00e8f6-b1cf-4c66-adc6-49812d80e8b8@group-80372E8A5B71-LeaderElection2] INFO  grpc.GrpcConfigKeys (ConfUtils.java:logGet(46)) - raft.grpc.server.leader.outstanding.appends.max = 128 (default)
2023-10-04 17:29:44,973 [3f00e8f6-b1cf-4c66-adc6-49812d80e8b8@group-80372E8A5B71-LeaderElection2] INFO  server.RaftServerConfigKeys (ConfUtils.java:logGet(46)) - raft.server.rpc.request.timeout = 60s (custom)
2023-10-04 17:29:44,974 [3f00e8f6-b1cf-4c66-adc6-49812d80e8b8@group-80372E8A5B71-LeaderElection2] INFO  grpc.GrpcConfigKeys (ConfUtils.java:logGet(46)) - raft.grpc.server.install_snapshot.request.element-limit = 8 (default)
2023-10-04 17:29:44,974 [3f00e8f6-b1cf-4c66-adc6-49812d80e8b8@group-80372E8A5B71-LeaderElection2] INFO  grpc.GrpcConfigKeys (ConfUtils.java:logGet(46)) - raft.grpc.server.install_snapshot.request.timeout = 3000ms (default)
2023-10-04 17:29:44,974 [3f00e8f6-b1cf-4c66-adc6-49812d80e8b8@group-80372E8A5B71-LeaderElection2] INFO  server.RaftServerConfigKeys (ConfUtils.java:logGet(46)) - raft.server.log.appender.install.snapshot.enabled = false (custom)
2023-10-04 17:29:44,974 [3f00e8f6-b1cf-4c66-adc6-49812d80e8b8@group-80372E8A5B71-LeaderElection2] INFO  grpc.GrpcConfigKeys (ConfUtils.java:logGet(46)) - raft.grpc.server.heartbeat.channel = true (default)
2023-10-04 17:29:44,976 [3f00e8f6-b1cf-4c66-adc6-49812d80e8b8@group-80372E8A5B71-LeaderElection2] INFO  server.RaftServerConfigKeys (ConfUtils.java:logGet(46)) - raft.server.log.appender.snapshot.chunk.size.max = 16MB (=16777216) (default)
2023-10-04 17:29:44,976 [3f00e8f6-b1cf-4c66-adc6-49812d80e8b8@group-80372E8A5B71-LeaderElection2] INFO  server.RaftServerConfigKeys (ConfUtils.java:logGet(46)) - raft.server.log.appender.buffer.byte-limit = 33554432 (custom)
2023-10-04 17:29:44,976 [3f00e8f6-b1cf-4c66-adc6-49812d80e8b8@group-80372E8A5B71-LeaderElection2] INFO  server.RaftServerConfigKeys (ConfUtils.java:logGet(46)) - raft.server.log.appender.buffer.element-limit = 1 (custom)
2023-10-04 17:29:44,976 [3f00e8f6-b1cf-4c66-adc6-49812d80e8b8@group-80372E8A5B71-LeaderElection2] INFO  server.RaftServerConfigKeys (ConfUtils.java:logGet(46)) - raft.server.log.appender.wait-time.min = 10ms (default)
2023-10-04 17:29:44,976 [3f00e8f6-b1cf-4c66-adc6-49812d80e8b8@group-80372E8A5B71-LeaderElection2] INFO  grpc.GrpcConfigKeys (ConfUtils.java:logGet(46)) - raft.grpc.server.leader.outstanding.appends.max = 128 (default)
2023-10-04 17:29:44,976 [3f00e8f6-b1cf-4c66-adc6-49812d80e8b8@group-80372E8A5B71-LeaderElection2] INFO  server.RaftServerConfigKeys (ConfUtils.java:logGet(46)) - raft.server.rpc.request.timeout = 60s (custom)
2023-10-04 17:29:44,977 [3f00e8f6-b1cf-4c66-adc6-49812d80e8b8@group-80372E8A5B71-LeaderElection2] INFO  grpc.GrpcConfigKeys (ConfUtils.java:logGet(46)) - raft.grpc.server.install_snapshot.request.element-limit = 8 (default)
2023-10-04 17:29:44,977 [3f00e8f6-b1cf-4c66-adc6-49812d80e8b8@group-80372E8A5B71-LeaderElection2] INFO  grpc.GrpcConfigKeys (ConfUtils.java:logGet(46)) - raft.grpc.server.install_snapshot.request.timeout = 3000ms (default)
2023-10-04 17:29:44,977 [3f00e8f6-b1cf-4c66-adc6-49812d80e8b8@group-80372E8A5B71-LeaderElection2] INFO  server.RaftServerConfigKeys (ConfUtils.java:logGet(46)) - raft.server.log.appender.install.snapshot.enabled = false (custom)
2023-10-04 17:29:44,977 [3f00e8f6-b1cf-4c66-adc6-49812d80e8b8@group-80372E8A5B71-LeaderElection2] INFO  grpc.GrpcConfigKeys (ConfUtils.java:logGet(46)) - raft.grpc.server.heartbeat.channel = true (default)
2023-10-04 17:29:44,978 [3f00e8f6-b1cf-4c66-adc6-49812d80e8b8@group-80372E8A5B71-LeaderElection2] INFO  impl.RoleInfo (RoleInfo.java:updateAndGet(139)) - 3f00e8f6-b1cf-4c66-adc6-49812d80e8b8: start 3f00e8f6-b1cf-4c66-adc6-49812d80e8b8@group-80372E8A5B71-LeaderStateImpl
2023-10-04 17:29:44,978 [3f00e8f6-b1cf-4c66-adc6-49812d80e8b8@group-80372E8A5B71-LeaderElection2] INFO  segmented.SegmentedRaftLogWorker (SegmentedRaftLogWorker.java:startLogSegment(447)) - 3f00e8f6-b1cf-4c66-adc6-49812d80e8b8@group-80372E8A5B71-SegmentedRaftLogWorker: Starting segment from index:0
2023-10-04 17:29:44,978 [3f00e8f6-b1cf-4c66-adc6-49812d80e8b8@group-C577C6CD19EB-FollowerState] INFO  impl.FollowerState (FollowerState.java:run(143)) - 3f00e8f6-b1cf-4c66-adc6-49812d80e8b8@group-C577C6CD19EB-FollowerState: change to CANDIDATE, lastRpcElapsedTime:5171911488ns, electionTimeout:5170ms
2023-10-04 17:29:44,979 [3f00e8f6-b1cf-4c66-adc6-49812d80e8b8@group-C577C6CD19EB-FollowerState] INFO  impl.RoleInfo (RoleInfo.java:shutdownFollowerState(110)) - 3f00e8f6-b1cf-4c66-adc6-49812d80e8b8: shutdown 3f00e8f6-b1cf-4c66-adc6-49812d80e8b8@group-C577C6CD19EB-FollowerState
2023-10-04 17:29:44,979 [3f00e8f6-b1cf-4c66-adc6-49812d80e8b8@group-C577C6CD19EB-FollowerState] INFO  server.RaftServer$Division (RaftServerImpl.java:setRole(329)) - 3f00e8f6-b1cf-4c66-adc6-49812d80e8b8@group-C577C6CD19EB: changes role from  FOLLOWER to CANDIDATE at term 0 for changeToCandidate
2023-10-04 17:29:44,982 [3f00e8f6-b1cf-4c66-adc6-49812d80e8b8@group-80372E8A5B71-SegmentedRaftLogWorker] INFO  segmented.SegmentedRaftLogWorker (SegmentedRaftLogWorker.java:execute(651)) - 3f00e8f6-b1cf-4c66-adc6-49812d80e8b8@group-80372E8A5B71-SegmentedRaftLogWorker: created new log segment /home/runner/work/ozone/ozone/hadoop-ozone/integration-test/target/test-dir/MiniOzoneClusterImpl-da1d4460-e54b-4a34-859f-b12e99aef92e/datanode-0/data/ratis/98d6e81a-3aed-413a-9200-80372e8a5b71/current/log_inprogress_0
2023-10-04 17:29:44,983 [3f00e8f6-b1cf-4c66-adc6-49812d80e8b8@group-C577C6CD19EB-FollowerState] INFO  server.RaftServerConfigKeys (ConfUtils.java:logGet(46)) - raft.server.leaderelection.pre-vote = true (default)
2023-10-04 17:29:44,983 [3f00e8f6-b1cf-4c66-adc6-49812d80e8b8@group-C577C6CD19EB-FollowerState] INFO  impl.RoleInfo (RoleInfo.java:updateAndGet(139)) - 3f00e8f6-b1cf-4c66-adc6-49812d80e8b8: start 3f00e8f6-b1cf-4c66-adc6-49812d80e8b8@group-C577C6CD19EB-LeaderElection3
2023-10-04 17:29:44,998 [3f00e8f6-b1cf-4c66-adc6-49812d80e8b8@group-80372E8A5B71-LeaderElection2] INFO  server.RaftServer$Division (ServerState.java:setRaftConf(434)) - 3f00e8f6-b1cf-4c66-adc6-49812d80e8b8@group-80372E8A5B71: set configuration 0: peers:[f9d37fed-45fc-460e-afd0-cdcd65402720|rpc:10.1.0.20:15023|admin:10.1.0.20:15022|client:10.1.0.20:15021|dataStream:10.1.0.20:15024|priority:0|startupRole:FOLLOWER, 3f00e8f6-b1cf-4c66-adc6-49812d80e8b8|rpc:10.1.0.20:15014|admin:10.1.0.20:15013|client:10.1.0.20:15012|dataStream:10.1.0.20:15015|priority:1|startupRole:FOLLOWER, de7ceff0-6407-4127-9c69-f263aab5871b|rpc:10.1.0.20:15032|admin:10.1.0.20:15031|client:10.1.0.20:15030|dataStream:10.1.0.20:15033|priority:0|startupRole:FOLLOWER]|listeners:[], old=null
2023-10-04 17:29:44,998 [3f00e8f6-b1cf-4c66-adc6-49812d80e8b8@group-C577C6CD19EB-LeaderElection3] INFO  impl.LeaderElection (LeaderElection.java:askForVotes(321)) - 3f00e8f6-b1cf-4c66-adc6-49812d80e8b8@group-C577C6CD19EB-LeaderElection3 PRE_VOTE round 0: submit vote requests at term 0 for -1: peers:[3f00e8f6-b1cf-4c66-adc6-49812d80e8b8|rpc:10.1.0.20:15014|admin:10.1.0.20:15013|client:10.1.0.20:15012|dataStream:10.1.0.20:15015|priority:1|startupRole:FOLLOWER]|listeners:[], old=null
2023-10-04 17:29:44,999 [3f00e8f6-b1cf-4c66-adc6-49812d80e8b8@group-C577C6CD19EB-LeaderElection3] INFO  impl.LeaderElection (LeaderElection.java:askForVotes(323)) - 3f00e8f6-b1cf-4c66-adc6-49812d80e8b8@group-C577C6CD19EB-LeaderElection3 PRE_VOTE round 0: result PASSED (term=0)
2023-10-04 17:29:45,001 [3f00e8f6-b1cf-4c66-adc6-49812d80e8b8@group-C577C6CD19EB-LeaderElection3] INFO  impl.LeaderElection (LeaderElection.java:askForVotes(321)) - 3f00e8f6-b1cf-4c66-adc6-49812d80e8b8@group-C577C6CD19EB-LeaderElection3 ELECTION round 0: submit vote requests at term 1 for -1: peers:[3f00e8f6-b1cf-4c66-adc6-49812d80e8b8|rpc:10.1.0.20:15014|admin:10.1.0.20:15013|client:10.1.0.20:15012|dataStream:10.1.0.20:15015|priority:1|startupRole:FOLLOWER]|listeners:[], old=null
2023-10-04 17:29:45,001 [3f00e8f6-b1cf-4c66-adc6-49812d80e8b8@group-C577C6CD19EB-LeaderElection3] INFO  impl.LeaderElection (LeaderElection.java:askForVotes(323)) - 3f00e8f6-b1cf-4c66-adc6-49812d80e8b8@group-C577C6CD19EB-LeaderElection3 ELECTION round 0: result PASSED (term=1)
2023-10-04 17:29:45,001 [3f00e8f6-b1cf-4c66-adc6-49812d80e8b8@group-C577C6CD19EB-LeaderElection3] INFO  impl.RoleInfo (RoleInfo.java:shutdownLeaderElection(130)) - 3f00e8f6-b1cf-4c66-adc6-49812d80e8b8: shutdown 3f00e8f6-b1cf-4c66-adc6-49812d80e8b8@group-C577C6CD19EB-LeaderElection3
2023-10-04 17:29:45,001 [3f00e8f6-b1cf-4c66-adc6-49812d80e8b8@group-C577C6CD19EB-LeaderElection3] INFO  server.RaftServer$Division (RaftServerImpl.java:setRole(329)) - 3f00e8f6-b1cf-4c66-adc6-49812d80e8b8@group-C577C6CD19EB: changes role from CANDIDATE to LEADER at term 1 for changeToLeader
2023-10-04 17:29:45,001 [3f00e8f6-b1cf-4c66-adc6-49812d80e8b8@group-C577C6CD19EB-LeaderElection3] INFO  ratis.XceiverServerRatis (XceiverServerRatis.java:handleLeaderChangedNotification(902)) - Leader change notification received for group: group-C577C6CD19EB with new leaderId: 3f00e8f6-b1cf-4c66-adc6-49812d80e8b8
2023-10-04 17:29:45,002 [3f00e8f6-b1cf-4c66-adc6-49812d80e8b8@group-C577C6CD19EB-LeaderElection3] INFO  server.RaftServer$Division (ServerState.java:setLeader(317)) - 3f00e8f6-b1cf-4c66-adc6-49812d80e8b8@group-C577C6CD19EB: change Leader from null to 3f00e8f6-b1cf-4c66-adc6-49812d80e8b8 at term 1 for becomeLeader, leader elected after 5251ms
2023-10-04 17:29:45,002 [3f00e8f6-b1cf-4c66-adc6-49812d80e8b8@group-C577C6CD19EB-LeaderElection3] INFO  server.RaftServerConfigKeys (ConfUtils.java:logGet(46)) - raft.server.staging.catchup.gap = 1000 (default)
2023-10-04 17:29:45,002 [3f00e8f6-b1cf-4c66-adc6-49812d80e8b8@group-C577C6CD19EB-LeaderElection3] INFO  server.RaftServerConfigKeys (ConfUtils.java:logGet(46)) - raft.server.write.element-limit = 1024 (custom)
2023-10-04 17:29:45,002 [3f00e8f6-b1cf-4c66-adc6-49812d80e8b8@group-C577C6CD19EB-LeaderElection3] INFO  server.RaftServerConfigKeys (ConfUtils.java:logGet(46)) - raft.server.write.byte-limit = 1024 M (=1073741824) (custom)
2023-10-04 17:29:45,002 [3f00e8f6-b1cf-4c66-adc6-49812d80e8b8@group-C577C6CD19EB-LeaderElection3] INFO  server.RaftServerConfigKeys (ConfUtils.java:logGet(46)) - raft.server.watch.timeout = 180s (custom)
2023-10-04 17:29:45,002 [3f00e8f6-b1cf-4c66-adc6-49812d80e8b8@group-C577C6CD19EB-LeaderElection3] INFO  server.RaftServerConfigKeys (ConfUtils.java:logGet(46)) - raft.server.watch.timeout.denomination = 1s (default)
2023-10-04 17:29:45,002 [3f00e8f6-b1cf-4c66-adc6-49812d80e8b8@group-C577C6CD19EB-LeaderElection3] INFO  server.RaftServerConfigKeys (ConfUtils.java:logGet(46)) - raft.server.watch.element-limit = 65536 (default)
2023-10-04 17:29:45,003 [3f00e8f6-b1cf-4c66-adc6-49812d80e8b8@group-C577C6CD19EB-LeaderElection3] INFO  server.RaftServerConfigKeys (ConfUtils.java:logGet(46)) - raft.server.write.element-limit = 1024 (custom)
2023-10-04 17:29:45,003 [3f00e8f6-b1cf-4c66-adc6-49812d80e8b8@group-C577C6CD19EB-LeaderElection3] INFO  server.RaftServerConfigKeys (ConfUtils.java:logGet(46)) - raft.server.write.follower.gap.ratio.max = -1.0 (default)
2023-10-04 17:29:45,006 [3f00e8f6-b1cf-4c66-adc6-49812d80e8b8@group-C577C6CD19EB-LeaderElection3] INFO  impl.RoleInfo (RoleInfo.java:updateAndGet(139)) - 3f00e8f6-b1cf-4c66-adc6-49812d80e8b8: start 3f00e8f6-b1cf-4c66-adc6-49812d80e8b8@group-C577C6CD19EB-LeaderStateImpl
2023-10-04 17:29:45,006 [3f00e8f6-b1cf-4c66-adc6-49812d80e8b8@group-C577C6CD19EB-LeaderElection3] INFO  segmented.SegmentedRaftLogWorker (SegmentedRaftLogWorker.java:startLogSegment(447)) - 3f00e8f6-b1cf-4c66-adc6-49812d80e8b8@group-C577C6CD19EB-SegmentedRaftLogWorker: Starting segment from index:0
2023-10-04 17:29:45,007 [3f00e8f6-b1cf-4c66-adc6-49812d80e8b8@group-C577C6CD19EB-SegmentedRaftLogWorker] INFO  segmented.SegmentedRaftLogWorker (SegmentedRaftLogWorker.java:execute(651)) - 3f00e8f6-b1cf-4c66-adc6-49812d80e8b8@group-C577C6CD19EB-SegmentedRaftLogWorker: created new log segment /home/runner/work/ozone/ozone/hadoop-ozone/integration-test/target/test-dir/MiniOzoneClusterImpl-da1d4460-e54b-4a34-859f-b12e99aef92e/datanode-0/data/ratis/4171082b-0074-48a9-a8ac-c577c6cd19eb/current/log_inprogress_0
2023-10-04 17:29:45,025 [3f00e8f6-b1cf-4c66-adc6-49812d80e8b8@group-C577C6CD19EB-LeaderElection3] INFO  server.RaftServer$Division (ServerState.java:setRaftConf(434)) - 3f00e8f6-b1cf-4c66-adc6-49812d80e8b8@group-C577C6CD19EB: set configuration 0: peers:[3f00e8f6-b1cf-4c66-adc6-49812d80e8b8|rpc:10.1.0.20:15014|admin:10.1.0.20:15013|client:10.1.0.20:15012|dataStream:10.1.0.20:15015|priority:1|startupRole:FOLLOWER]|listeners:[], old=null
2023-10-04 17:29:45,091 [f9d37fed-45fc-460e-afd0-cdcd65402720-server-thread1] INFO  ratis.XceiverServerRatis (XceiverServerRatis.java:handleLeaderChangedNotification(902)) - Leader change notification received for group: group-80372E8A5B71 with new leaderId: 3f00e8f6-b1cf-4c66-adc6-49812d80e8b8
2023-10-04 17:29:45,091 [f9d37fed-45fc-460e-afd0-cdcd65402720-server-thread1] INFO  server.RaftServer$Division (ServerState.java:setLeader(317)) - f9d37fed-45fc-460e-afd0-cdcd65402720@group-80372E8A5B71: change Leader from null to 3f00e8f6-b1cf-4c66-adc6-49812d80e8b8 at term 1 for appendEntries, leader elected after 4763ms
2023-10-04 17:29:45,104 [de7ceff0-6407-4127-9c69-f263aab5871b-server-thread1] INFO  ratis.XceiverServerRatis (XceiverServerRatis.java:handleLeaderChangedNotification(902)) - Leader change notification received for group: group-80372E8A5B71 with new leaderId: 3f00e8f6-b1cf-4c66-adc6-49812d80e8b8
2023-10-04 17:29:45,104 [de7ceff0-6407-4127-9c69-f263aab5871b-server-thread1] INFO  server.RaftServer$Division (ServerState.java:setLeader(317)) - de7ceff0-6407-4127-9c69-f263aab5871b@group-80372E8A5B71: change Leader from null to 3f00e8f6-b1cf-4c66-adc6-49812d80e8b8 at term 1 for appendEntries, leader elected after 4408ms
2023-10-04 17:29:45,107 [f9d37fed-45fc-460e-afd0-cdcd65402720-server-thread1] INFO  server.RaftServer$Division (ServerState.java:setRaftConf(434)) - f9d37fed-45fc-460e-afd0-cdcd65402720@group-80372E8A5B71: set configuration 0: peers:[f9d37fed-45fc-460e-afd0-cdcd65402720|rpc:10.1.0.20:15023|admin:10.1.0.20:15022|client:10.1.0.20:15021|dataStream:10.1.0.20:15024|priority:0|startupRole:FOLLOWER, 3f00e8f6-b1cf-4c66-adc6-49812d80e8b8|rpc:10.1.0.20:15014|admin:10.1.0.20:15013|client:10.1.0.20:15012|dataStream:10.1.0.20:15015|priority:1|startupRole:FOLLOWER, de7ceff0-6407-4127-9c69-f263aab5871b|rpc:10.1.0.20:15032|admin:10.1.0.20:15031|client:10.1.0.20:15030|dataStream:10.1.0.20:15033|priority:0|startupRole:FOLLOWER]|listeners:[], old=null
2023-10-04 17:29:45,108 [f9d37fed-45fc-460e-afd0-cdcd65402720-server-thread1] INFO  segmented.SegmentedRaftLogWorker (SegmentedRaftLogWorker.java:startLogSegment(447)) - f9d37fed-45fc-460e-afd0-cdcd65402720@group-80372E8A5B71-SegmentedRaftLogWorker: Starting segment from index:0
2023-10-04 17:29:45,112 [f9d37fed-45fc-460e-afd0-cdcd65402720@group-80372E8A5B71-SegmentedRaftLogWorker] INFO  segmented.SegmentedRaftLogWorker (SegmentedRaftLogWorker.java:execute(651)) - f9d37fed-45fc-460e-afd0-cdcd65402720@group-80372E8A5B71-SegmentedRaftLogWorker: created new log segment /home/runner/work/ozone/ozone/hadoop-ozone/integration-test/target/test-dir/MiniOzoneClusterImpl-da1d4460-e54b-4a34-859f-b12e99aef92e/datanode-1/data/ratis/98d6e81a-3aed-413a-9200-80372e8a5b71/current/log_inprogress_0
2023-10-04 17:29:45,115 [de7ceff0-6407-4127-9c69-f263aab5871b-server-thread2] INFO  server.RaftServer$Division (ServerState.java:setRaftConf(434)) - de7ceff0-6407-4127-9c69-f263aab5871b@group-80372E8A5B71: set configuration 0: peers:[f9d37fed-45fc-460e-afd0-cdcd65402720|rpc:10.1.0.20:15023|admin:10.1.0.20:15022|client:10.1.0.20:15021|dataStream:10.1.0.20:15024|priority:0|startupRole:FOLLOWER, 3f00e8f6-b1cf-4c66-adc6-49812d80e8b8|rpc:10.1.0.20:15014|admin:10.1.0.20:15013|client:10.1.0.20:15012|dataStream:10.1.0.20:15015|priority:1|startupRole:FOLLOWER, de7ceff0-6407-4127-9c69-f263aab5871b|rpc:10.1.0.20:15032|admin:10.1.0.20:15031|client:10.1.0.20:15030|dataStream:10.1.0.20:15033|priority:0|startupRole:FOLLOWER]|listeners:[], old=null
2023-10-04 17:29:45,115 [de7ceff0-6407-4127-9c69-f263aab5871b-server-thread2] INFO  segmented.SegmentedRaftLogWorker (SegmentedRaftLogWorker.java:startLogSegment(447)) - de7ceff0-6407-4127-9c69-f263aab5871b@group-80372E8A5B71-SegmentedRaftLogWorker: Starting segment from index:0
2023-10-04 17:29:45,118 [de7ceff0-6407-4127-9c69-f263aab5871b@group-80372E8A5B71-SegmentedRaftLogWorker] INFO  segmented.SegmentedRaftLogWorker (SegmentedRaftLogWorker.java:execute(651)) - de7ceff0-6407-4127-9c69-f263aab5871b@group-80372E8A5B71-SegmentedRaftLogWorker: created new log segment /home/runner/work/ozone/ozone/hadoop-ozone/integration-test/target/test-dir/MiniOzoneClusterImpl-da1d4460-e54b-4a34-859f-b12e99aef92e/datanode-2/data/ratis/98d6e81a-3aed-413a-9200-80372e8a5b71/current/log_inprogress_0
2023-10-04 17:29:45,340 [main] INFO  ozone.MiniOzoneClusterImpl (MiniOzoneClusterImpl.java:lambda$waitForClusterToBeReady$0(229)) - Nodes are ready. Got 5 of 5 DN Heartbeats.
2023-10-04 17:29:45,340 [main] INFO  ozone.MiniOzoneClusterImpl (MiniOzoneClusterImpl.java:lambda$waitForClusterToBeReady$0(232)) - Cluster exits safe mode
2023-10-04 17:29:45,340 [main] INFO  ozone.MiniOzoneClusterImpl (MiniOzoneClusterImpl.java:lambda$waitForClusterToBeReady$0(234)) - SCM became leader
2023-10-04 17:29:45,468 [f9d37fed-45fc-460e-afd0-cdcd65402720@group-B70DFC59A970-FollowerState] INFO  impl.FollowerState (FollowerState.java:run(143)) - f9d37fed-45fc-460e-afd0-cdcd65402720@group-B70DFC59A970-FollowerState: change to CANDIDATE, lastRpcElapsedTime:5151472582ns, electionTimeout:5147ms
2023-10-04 17:29:45,469 [f9d37fed-45fc-460e-afd0-cdcd65402720@group-B70DFC59A970-FollowerState] INFO  impl.RoleInfo (RoleInfo.java:shutdownFollowerState(110)) - f9d37fed-45fc-460e-afd0-cdcd65402720: shutdown f9d37fed-45fc-460e-afd0-cdcd65402720@group-B70DFC59A970-FollowerState
2023-10-04 17:29:45,469 [f9d37fed-45fc-460e-afd0-cdcd65402720@group-B70DFC59A970-FollowerState] INFO  server.RaftServer$Division (RaftServerImpl.java:setRole(329)) - f9d37fed-45fc-460e-afd0-cdcd65402720@group-B70DFC59A970: changes role from  FOLLOWER to CANDIDATE at term 0 for changeToCandidate
2023-10-04 17:29:45,485 [f9d37fed-45fc-460e-afd0-cdcd65402720@group-B70DFC59A970-FollowerState] INFO  server.RaftServerConfigKeys (ConfUtils.java:logGet(46)) - raft.server.leaderelection.pre-vote = true (default)
2023-10-04 17:29:45,485 [f9d37fed-45fc-460e-afd0-cdcd65402720@group-B70DFC59A970-FollowerState] INFO  impl.RoleInfo (RoleInfo.java:updateAndGet(139)) - f9d37fed-45fc-460e-afd0-cdcd65402720: start f9d37fed-45fc-460e-afd0-cdcd65402720@group-B70DFC59A970-LeaderElection4
2023-10-04 17:29:45,494 [f9d37fed-45fc-460e-afd0-cdcd65402720@group-B70DFC59A970-LeaderElection4] INFO  impl.LeaderElection (LeaderElection.java:askForVotes(321)) - f9d37fed-45fc-460e-afd0-cdcd65402720@group-B70DFC59A970-LeaderElection4 PRE_VOTE round 0: submit vote requests at term 0 for -1: peers:[f9d37fed-45fc-460e-afd0-cdcd65402720|rpc:10.1.0.20:15023|admin:10.1.0.20:15022|client:10.1.0.20:15021|dataStream:10.1.0.20:15024|priority:1|startupRole:FOLLOWER]|listeners:[], old=null
2023-10-04 17:29:45,494 [f9d37fed-45fc-460e-afd0-cdcd65402720@group-B70DFC59A970-LeaderElection4] INFO  impl.LeaderElection (LeaderElection.java:askForVotes(323)) - f9d37fed-45fc-460e-afd0-cdcd65402720@group-B70DFC59A970-LeaderElection4 PRE_VOTE round 0: result PASSED (term=0)
2023-10-04 17:29:45,495 [f9d37fed-45fc-460e-afd0-cdcd65402720@group-B70DFC59A970-LeaderElection4] INFO  impl.LeaderElection (LeaderElection.java:askForVotes(321)) - f9d37fed-45fc-460e-afd0-cdcd65402720@group-B70DFC59A970-LeaderElection4 ELECTION round 0: submit vote requests at term 1 for -1: peers:[f9d37fed-45fc-460e-afd0-cdcd65402720|rpc:10.1.0.20:15023|admin:10.1.0.20:15022|client:10.1.0.20:15021|dataStream:10.1.0.20:15024|priority:1|startupRole:FOLLOWER]|listeners:[], old=null
2023-10-04 17:29:45,495 [f9d37fed-45fc-460e-afd0-cdcd65402720@group-B70DFC59A970-LeaderElection4] INFO  impl.LeaderElection (LeaderElection.java:askForVotes(323)) - f9d37fed-45fc-460e-afd0-cdcd65402720@group-B70DFC59A970-LeaderElection4 ELECTION round 0: result PASSED (term=1)
2023-10-04 17:29:45,496 [f9d37fed-45fc-460e-afd0-cdcd65402720@group-B70DFC59A970-LeaderElection4] INFO  impl.RoleInfo (RoleInfo.java:shutdownLeaderElection(130)) - f9d37fed-45fc-460e-afd0-cdcd65402720: shutdown f9d37fed-45fc-460e-afd0-cdcd65402720@group-B70DFC59A970-LeaderElection4
2023-10-04 17:29:45,496 [f9d37fed-45fc-460e-afd0-cdcd65402720@group-B70DFC59A970-LeaderElection4] INFO  server.RaftServer$Division (RaftServerImpl.java:setRole(329)) - f9d37fed-45fc-460e-afd0-cdcd65402720@group-B70DFC59A970: changes role from CANDIDATE to LEADER at term 1 for changeToLeader
2023-10-04 17:29:45,496 [f9d37fed-45fc-460e-afd0-cdcd65402720@group-B70DFC59A970-LeaderElection4] INFO  ratis.XceiverServerRatis (XceiverServerRatis.java:handleLeaderChangedNotification(902)) - Leader change notification received for group: group-B70DFC59A970 with new leaderId: f9d37fed-45fc-460e-afd0-cdcd65402720
2023-10-04 17:29:45,496 [f9d37fed-45fc-460e-afd0-cdcd65402720@group-B70DFC59A970-LeaderElection4] INFO  server.RaftServer$Division (ServerState.java:setLeader(317)) - f9d37fed-45fc-460e-afd0-cdcd65402720@group-B70DFC59A970: change Leader from null to f9d37fed-45fc-460e-afd0-cdcd65402720 at term 1 for becomeLeader, leader elected after 5228ms
2023-10-04 17:29:45,496 [f9d37fed-45fc-460e-afd0-cdcd65402720@group-B70DFC59A970-LeaderElection4] INFO  server.RaftServerConfigKeys (ConfUtils.java:logGet(46)) - raft.server.staging.catchup.gap = 1000 (default)
2023-10-04 17:29:45,496 [f9d37fed-45fc-460e-afd0-cdcd65402720@group-B70DFC59A970-LeaderElection4] INFO  server.RaftServerConfigKeys (ConfUtils.java:logGet(46)) - raft.server.write.element-limit = 1024 (custom)
2023-10-04 17:29:45,496 [f9d37fed-45fc-460e-afd0-cdcd65402720@group-B70DFC59A970-LeaderElection4] INFO  server.RaftServerConfigKeys (ConfUtils.java:logGet(46)) - raft.server.write.byte-limit = 1024 M (=1073741824) (custom)
2023-10-04 17:29:45,497 [f9d37fed-45fc-460e-afd0-cdcd65402720@group-B70DFC59A970-LeaderElection4] INFO  server.RaftServerConfigKeys (ConfUtils.java:logGet(46)) - raft.server.watch.timeout = 180s (custom)
2023-10-04 17:29:45,497 [f9d37fed-45fc-460e-afd0-cdcd65402720@group-B70DFC59A970-LeaderElection4] INFO  server.RaftServerConfigKeys (ConfUtils.java:logGet(46)) - raft.server.watch.timeout.denomination = 1s (default)
2023-10-04 17:29:45,497 [f9d37fed-45fc-460e-afd0-cdcd65402720@group-B70DFC59A970-LeaderElection4] INFO  server.RaftServerConfigKeys (ConfUtils.java:logGet(46)) - raft.server.watch.element-limit = 65536 (default)
2023-10-04 17:29:45,497 [f9d37fed-45fc-460e-afd0-cdcd65402720@group-B70DFC59A970-LeaderElection4] INFO  server.RaftServerConfigKeys (ConfUtils.java:logGet(46)) - raft.server.write.element-limit = 1024 (custom)
2023-10-04 17:29:45,497 [f9d37fed-45fc-460e-afd0-cdcd65402720@group-B70DFC59A970-LeaderElection4] INFO  server.RaftServerConfigKeys (ConfUtils.java:logGet(46)) - raft.server.write.follower.gap.ratio.max = -1.0 (default)
2023-10-04 17:29:45,497 [f9d37fed-45fc-460e-afd0-cdcd65402720@group-B70DFC59A970-LeaderElection4] INFO  impl.RoleInfo (RoleInfo.java:updateAndGet(139)) - f9d37fed-45fc-460e-afd0-cdcd65402720: start f9d37fed-45fc-460e-afd0-cdcd65402720@group-B70DFC59A970-LeaderStateImpl
2023-10-04 17:29:45,497 [f9d37fed-45fc-460e-afd0-cdcd65402720@group-B70DFC59A970-LeaderElection4] INFO  segmented.SegmentedRaftLogWorker (SegmentedRaftLogWorker.java:startLogSegment(447)) - f9d37fed-45fc-460e-afd0-cdcd65402720@group-B70DFC59A970-SegmentedRaftLogWorker: Starting segment from index:0
2023-10-04 17:29:45,499 [f9d37fed-45fc-460e-afd0-cdcd65402720@group-B70DFC59A970-SegmentedRaftLogWorker] INFO  segmented.SegmentedRaftLogWorker (SegmentedRaftLogWorker.java:execute(651)) - f9d37fed-45fc-460e-afd0-cdcd65402720@group-B70DFC59A970-SegmentedRaftLogWorker: created new log segment /home/runner/work/ozone/ozone/hadoop-ozone/integration-test/target/test-dir/MiniOzoneClusterImpl-da1d4460-e54b-4a34-859f-b12e99aef92e/datanode-1/data/ratis/45a6bee1-abcb-477f-ac20-b70dfc59a970/current/log_inprogress_0
2023-10-04 17:29:45,514 [f9d37fed-45fc-460e-afd0-cdcd65402720@group-B70DFC59A970-LeaderElection4] INFO  server.RaftServer$Division (ServerState.java:setRaftConf(434)) - f9d37fed-45fc-460e-afd0-cdcd65402720@group-B70DFC59A970: set configuration 0: peers:[f9d37fed-45fc-460e-afd0-cdcd65402720|rpc:10.1.0.20:15023|admin:10.1.0.20:15022|client:10.1.0.20:15021|dataStream:10.1.0.20:15024|priority:1|startupRole:FOLLOWER]|listeners:[], old=null
2023-10-04 17:29:45,763 [de7ceff0-6407-4127-9c69-f263aab5871b@group-158A427F0AF5-FollowerState] INFO  impl.FollowerState (FollowerState.java:run(143)) - de7ceff0-6407-4127-9c69-f263aab5871b@group-158A427F0AF5-FollowerState: change to CANDIDATE, lastRpcElapsedTime:5018396688ns, electionTimeout:5011ms
2023-10-04 17:29:45,763 [de7ceff0-6407-4127-9c69-f263aab5871b@group-158A427F0AF5-FollowerState] INFO  impl.RoleInfo (RoleInfo.java:shutdownFollowerState(110)) - de7ceff0-6407-4127-9c69-f263aab5871b: shutdown de7ceff0-6407-4127-9c69-f263aab5871b@group-158A427F0AF5-FollowerState
2023-10-04 17:29:45,763 [de7ceff0-6407-4127-9c69-f263aab5871b@group-158A427F0AF5-FollowerState] INFO  server.RaftServer$Division (RaftServerImpl.java:setRole(329)) - de7ceff0-6407-4127-9c69-f263aab5871b@group-158A427F0AF5: changes role from  FOLLOWER to CANDIDATE at term 0 for changeToCandidate
2023-10-04 17:29:45,765 [de7ceff0-6407-4127-9c69-f263aab5871b@group-158A427F0AF5-FollowerState] INFO  server.RaftServerConfigKeys (ConfUtils.java:logGet(46)) - raft.server.leaderelection.pre-vote = true (default)
2023-10-04 17:29:45,765 [de7ceff0-6407-4127-9c69-f263aab5871b@group-158A427F0AF5-FollowerState] INFO  impl.RoleInfo (RoleInfo.java:updateAndGet(139)) - de7ceff0-6407-4127-9c69-f263aab5871b: start de7ceff0-6407-4127-9c69-f263aab5871b@group-158A427F0AF5-LeaderElection5
2023-10-04 17:29:45,771 [de7ceff0-6407-4127-9c69-f263aab5871b@group-158A427F0AF5-LeaderElection5] INFO  impl.LeaderElection (LeaderElection.java:askForVotes(321)) - de7ceff0-6407-4127-9c69-f263aab5871b@group-158A427F0AF5-LeaderElection5 PRE_VOTE round 0: submit vote requests at term 0 for -1: peers:[de7ceff0-6407-4127-9c69-f263aab5871b|rpc:10.1.0.20:15032|admin:10.1.0.20:15031|client:10.1.0.20:15030|dataStream:10.1.0.20:15033|priority:1|startupRole:FOLLOWER]|listeners:[], old=null
2023-10-04 17:29:45,771 [de7ceff0-6407-4127-9c69-f263aab5871b@group-158A427F0AF5-LeaderElection5] INFO  impl.LeaderElection (LeaderElection.java:askForVotes(323)) - de7ceff0-6407-4127-9c69-f263aab5871b@group-158A427F0AF5-LeaderElection5 PRE_VOTE round 0: result PASSED (term=0)
2023-10-04 17:29:45,773 [de7ceff0-6407-4127-9c69-f263aab5871b@group-158A427F0AF5-LeaderElection5] INFO  impl.LeaderElection (LeaderElection.java:askForVotes(321)) - de7ceff0-6407-4127-9c69-f263aab5871b@group-158A427F0AF5-LeaderElection5 ELECTION round 0: submit vote requests at term 1 for -1: peers:[de7ceff0-6407-4127-9c69-f263aab5871b|rpc:10.1.0.20:15032|admin:10.1.0.20:15031|client:10.1.0.20:15030|dataStream:10.1.0.20:15033|priority:1|startupRole:FOLLOWER]|listeners:[], old=null
2023-10-04 17:29:45,773 [de7ceff0-6407-4127-9c69-f263aab5871b@group-158A427F0AF5-LeaderElection5] INFO  impl.LeaderElection (LeaderElection.java:askForVotes(323)) - de7ceff0-6407-4127-9c69-f263aab5871b@group-158A427F0AF5-LeaderElection5 ELECTION round 0: result PASSED (term=1)
2023-10-04 17:29:45,773 [de7ceff0-6407-4127-9c69-f263aab5871b@group-158A427F0AF5-LeaderElection5] INFO  impl.RoleInfo (RoleInfo.java:shutdownLeaderElection(130)) - de7ceff0-6407-4127-9c69-f263aab5871b: shutdown de7ceff0-6407-4127-9c69-f263aab5871b@group-158A427F0AF5-LeaderElection5
2023-10-04 17:29:45,773 [de7ceff0-6407-4127-9c69-f263aab5871b@group-158A427F0AF5-LeaderElection5] INFO  server.RaftServer$Division (RaftServerImpl.java:setRole(329)) - de7ceff0-6407-4127-9c69-f263aab5871b@group-158A427F0AF5: changes role from CANDIDATE to LEADER at term 1 for changeToLeader
2023-10-04 17:29:45,773 [de7ceff0-6407-4127-9c69-f263aab5871b@group-158A427F0AF5-LeaderElection5] INFO  ratis.XceiverServerRatis (XceiverServerRatis.java:handleLeaderChangedNotification(902)) - Leader change notification received for group: group-158A427F0AF5 with new leaderId: de7ceff0-6407-4127-9c69-f263aab5871b
2023-10-04 17:29:45,774 [de7ceff0-6407-4127-9c69-f263aab5871b@group-158A427F0AF5-LeaderElection5] INFO  server.RaftServer$Division (ServerState.java:setLeader(317)) - de7ceff0-6407-4127-9c69-f263aab5871b@group-158A427F0AF5: change Leader from null to de7ceff0-6407-4127-9c69-f263aab5871b at term 1 for becomeLeader, leader elected after 5102ms
2023-10-04 17:29:45,775 [de7ceff0-6407-4127-9c69-f263aab5871b@group-158A427F0AF5-LeaderElection5] INFO  server.RaftServerConfigKeys (ConfUtils.java:logGet(46)) - raft.server.staging.catchup.gap = 1000 (default)
2023-10-04 17:29:45,775 [de7ceff0-6407-4127-9c69-f263aab5871b@group-158A427F0AF5-LeaderElection5] INFO  server.RaftServerConfigKeys (ConfUtils.java:logGet(46)) - raft.server.write.element-limit = 1024 (custom)
2023-10-04 17:29:45,775 [de7ceff0-6407-4127-9c69-f263aab5871b@group-158A427F0AF5-LeaderElection5] INFO  server.RaftServerConfigKeys (ConfUtils.java:logGet(46)) - raft.server.write.byte-limit = 1024 M (=1073741824) (custom)
2023-10-04 17:29:45,776 [de7ceff0-6407-4127-9c69-f263aab5871b@group-158A427F0AF5-LeaderElection5] INFO  server.RaftServerConfigKeys (ConfUtils.java:logGet(46)) - raft.server.watch.timeout = 180s (custom)
2023-10-04 17:29:45,776 [de7ceff0-6407-4127-9c69-f263aab5871b@group-158A427F0AF5-LeaderElection5] INFO  server.RaftServerConfigKeys (ConfUtils.java:logGet(46)) - raft.server.watch.timeout.denomination = 1s (default)
2023-10-04 17:29:45,776 [de7ceff0-6407-4127-9c69-f263aab5871b@group-158A427F0AF5-LeaderElection5] INFO  server.RaftServerConfigKeys (ConfUtils.java:logGet(46)) - raft.server.watch.element-limit = 65536 (default)
2023-10-04 17:29:45,776 [de7ceff0-6407-4127-9c69-f263aab5871b@group-158A427F0AF5-LeaderElection5] INFO  server.RaftServerConfigKeys (ConfUtils.java:logGet(46)) - raft.server.write.element-limit = 1024 (custom)
2023-10-04 17:29:45,776 [de7ceff0-6407-4127-9c69-f263aab5871b@group-158A427F0AF5-LeaderElection5] INFO  server.RaftServerConfigKeys (ConfUtils.java:logGet(46)) - raft.server.write.follower.gap.ratio.max = -1.0 (default)
2023-10-04 17:29:45,777 [de7ceff0-6407-4127-9c69-f263aab5871b@group-158A427F0AF5-LeaderElection5] INFO  impl.RoleInfo (RoleInfo.java:updateAndGet(139)) - de7ceff0-6407-4127-9c69-f263aab5871b: start de7ceff0-6407-4127-9c69-f263aab5871b@group-158A427F0AF5-LeaderStateImpl
2023-10-04 17:29:45,777 [de7ceff0-6407-4127-9c69-f263aab5871b@group-158A427F0AF5-LeaderElection5] INFO  segmented.SegmentedRaftLogWorker (SegmentedRaftLogWorker.java:startLogSegment(447)) - de7ceff0-6407-4127-9c69-f263aab5871b@group-158A427F0AF5-SegmentedRaftLogWorker: Starting segment from index:0
2023-10-04 17:29:45,779 [de7ceff0-6407-4127-9c69-f263aab5871b@group-158A427F0AF5-SegmentedRaftLogWorker] INFO  segmented.SegmentedRaftLogWorker (SegmentedRaftLogWorker.java:execute(651)) - de7ceff0-6407-4127-9c69-f263aab5871b@group-158A427F0AF5-SegmentedRaftLogWorker: created new log segment /home/runner/work/ozone/ozone/hadoop-ozone/integration-test/target/test-dir/MiniOzoneClusterImpl-da1d4460-e54b-4a34-859f-b12e99aef92e/datanode-2/data/ratis/2471be4c-7022-43dd-bd90-158a427f0af5/current/log_inprogress_0
2023-10-04 17:29:45,786 [de7ceff0-6407-4127-9c69-f263aab5871b@group-158A427F0AF5-LeaderElection5] INFO  server.RaftServer$Division (ServerState.java:setRaftConf(434)) - de7ceff0-6407-4127-9c69-f263aab5871b@group-158A427F0AF5: set configuration 0: peers:[de7ceff0-6407-4127-9c69-f263aab5871b|rpc:10.1.0.20:15032|admin:10.1.0.20:15031|client:10.1.0.20:15030|dataStream:10.1.0.20:15033|priority:1|startupRole:FOLLOWER]|listeners:[], old=null
2023-10-04 17:29:45,944 [3f00e8f6-b1cf-4c66-adc6-49812d80e8b8@group-321C5A6B79F8-FollowerState] INFO  impl.FollowerState (FollowerState.java:run(143)) - 3f00e8f6-b1cf-4c66-adc6-49812d80e8b8@group-321C5A6B79F8-FollowerState: change to CANDIDATE, lastRpcElapsedTime:5044232949ns, electionTimeout:5042ms
2023-10-04 17:29:45,944 [3f00e8f6-b1cf-4c66-adc6-49812d80e8b8@group-321C5A6B79F8-FollowerState] INFO  impl.RoleInfo (RoleInfo.java:shutdownFollowerState(110)) - 3f00e8f6-b1cf-4c66-adc6-49812d80e8b8: shutdown 3f00e8f6-b1cf-4c66-adc6-49812d80e8b8@group-321C5A6B79F8-FollowerState
2023-10-04 17:29:45,944 [3f00e8f6-b1cf-4c66-adc6-49812d80e8b8@group-321C5A6B79F8-FollowerState] INFO  server.RaftServer$Division (RaftServerImpl.java:setRole(329)) - 3f00e8f6-b1cf-4c66-adc6-49812d80e8b8@group-321C5A6B79F8: changes role from  FOLLOWER to CANDIDATE at term 0 for changeToCandidate
2023-10-04 17:29:45,945 [3f00e8f6-b1cf-4c66-adc6-49812d80e8b8@group-321C5A6B79F8-FollowerState] INFO  server.RaftServerConfigKeys (ConfUtils.java:logGet(46)) - raft.server.leaderelection.pre-vote = true (default)
2023-10-04 17:29:45,946 [3f00e8f6-b1cf-4c66-adc6-49812d80e8b8@group-321C5A6B79F8-FollowerState] INFO  impl.RoleInfo (RoleInfo.java:updateAndGet(139)) - 3f00e8f6-b1cf-4c66-adc6-49812d80e8b8: start 3f00e8f6-b1cf-4c66-adc6-49812d80e8b8@group-321C5A6B79F8-LeaderElection6
2023-10-04 17:29:45,952 [3f00e8f6-b1cf-4c66-adc6-49812d80e8b8@group-321C5A6B79F8-LeaderElection6] INFO  impl.LeaderElection (LeaderElection.java:askForVotes(321)) - 3f00e8f6-b1cf-4c66-adc6-49812d80e8b8@group-321C5A6B79F8-LeaderElection6 PRE_VOTE round 0: submit vote requests at term 0 for -1: peers:[f9d37fed-45fc-460e-afd0-cdcd65402720|rpc:10.1.0.20:15023|admin:10.1.0.20:15022|client:10.1.0.20:15021|dataStream:10.1.0.20:15024|priority:1|startupRole:FOLLOWER, 3f00e8f6-b1cf-4c66-adc6-49812d80e8b8|rpc:10.1.0.20:15014|admin:10.1.0.20:15013|client:10.1.0.20:15012|dataStream:10.1.0.20:15015|priority:0|startupRole:FOLLOWER, de7ceff0-6407-4127-9c69-f263aab5871b|rpc:10.1.0.20:15032|admin:10.1.0.20:15031|client:10.1.0.20:15030|dataStream:10.1.0.20:15033|priority:0|startupRole:FOLLOWER]|listeners:[], old=null
2023-10-04 17:29:45,966 [grpc-default-executor-6] INFO  server.RaftServer$Division (RaftServerImpl.java:requestVote(1302)) - f9d37fed-45fc-460e-afd0-cdcd65402720@group-321C5A6B79F8: receive requestVote(PRE_VOTE, 3f00e8f6-b1cf-4c66-adc6-49812d80e8b8, group-321C5A6B79F8, 0, (t:0, i:0))
2023-10-04 17:29:45,967 [grpc-default-executor-6] INFO  impl.VoteContext (VoteContext.java:log(49)) - f9d37fed-45fc-460e-afd0-cdcd65402720@group-321C5A6B79F8-FOLLOWER: reject PRE_VOTE from 3f00e8f6-b1cf-4c66-adc6-49812d80e8b8: our priority 1 > candidate's priority 0
2023-10-04 17:29:45,967 [grpc-default-executor-6] INFO  server.RaftServer$Division (RaftServerImpl.java:requestVote(1335)) - f9d37fed-45fc-460e-afd0-cdcd65402720@group-321C5A6B79F8 replies to PRE_VOTE vote request: 3f00e8f6-b1cf-4c66-adc6-49812d80e8b8<-f9d37fed-45fc-460e-afd0-cdcd65402720#0:FAIL-t0. Peer's state: f9d37fed-45fc-460e-afd0-cdcd65402720@group-321C5A6B79F8:t0, leader=null, voted=, raftlog=Memoized:f9d37fed-45fc-460e-afd0-cdcd65402720@group-321C5A6B79F8-SegmentedRaftLog:OPENED:c-1, conf=-1: peers:[f9d37fed-45fc-460e-afd0-cdcd65402720|rpc:10.1.0.20:15023|admin:10.1.0.20:15022|client:10.1.0.20:15021|dataStream:10.1.0.20:15024|priority:1|startupRole:FOLLOWER, 3f00e8f6-b1cf-4c66-adc6-49812d80e8b8|rpc:10.1.0.20:15014|admin:10.1.0.20:15013|client:10.1.0.20:15012|dataStream:10.1.0.20:15015|priority:0|startupRole:FOLLOWER, de7ceff0-6407-4127-9c69-f263aab5871b|rpc:10.1.0.20:15032|admin:10.1.0.20:15031|client:10.1.0.20:15030|dataStream:10.1.0.20:15033|priority:0|startupRole:FOLLOWER]|listeners:[], old=null
2023-10-04 17:29:45,969 [de7ceff0-6407-4127-9c69-f263aab5871b@group-321C5A6B79F8-FollowerState] INFO  impl.FollowerState (FollowerState.java:run(143)) - de7ceff0-6407-4127-9c69-f263aab5871b@group-321C5A6B79F8-FollowerState: change to CANDIDATE, lastRpcElapsedTime:5142195744ns, electionTimeout:5103ms
2023-10-04 17:29:45,970 [3f00e8f6-b1cf-4c66-adc6-49812d80e8b8@group-321C5A6B79F8-LeaderElection6] INFO  server.RaftServerConfigKeys (ConfUtils.java:logFallback(53)) - raft.server.rpc.first-election.timeout.min = 5s (fallback to raft.server.rpc.timeout.min)
2023-10-04 17:29:45,978 [de7ceff0-6407-4127-9c69-f263aab5871b@group-321C5A6B79F8-FollowerState] INFO  impl.RoleInfo (RoleInfo.java:shutdownFollowerState(110)) - de7ceff0-6407-4127-9c69-f263aab5871b: shutdown de7ceff0-6407-4127-9c69-f263aab5871b@group-321C5A6B79F8-FollowerState
2023-10-04 17:29:45,978 [grpc-default-executor-6] INFO  server.RaftServer$Division (RaftServerImpl.java:requestVote(1302)) - de7ceff0-6407-4127-9c69-f263aab5871b@group-321C5A6B79F8: receive requestVote(PRE_VOTE, 3f00e8f6-b1cf-4c66-adc6-49812d80e8b8, group-321C5A6B79F8, 0, (t:0, i:0))
2023-10-04 17:29:45,979 [3f00e8f6-b1cf-4c66-adc6-49812d80e8b8@group-321C5A6B79F8-LeaderElection6] INFO  server.RaftServerConfigKeys (ConfUtils.java:logFallback(53)) - raft.server.rpc.first-election.timeout.max = 5200ms (fallback to raft.server.rpc.timeout.max)
2023-10-04 17:29:45,982 [3f00e8f6-b1cf-4c66-adc6-49812d80e8b8@group-321C5A6B79F8-LeaderElection6] INFO  impl.LeaderElection (LeaderElection.java:logAndReturn(90)) - 3f00e8f6-b1cf-4c66-adc6-49812d80e8b8@group-321C5A6B79F8-LeaderElection6: PRE_VOTE REJECTED received 1 response(s) and 0 exception(s):
2023-10-04 17:29:45,982 [3f00e8f6-b1cf-4c66-adc6-49812d80e8b8@group-321C5A6B79F8-LeaderElection6] INFO  impl.LeaderElection (LeaderElection.java:logAndReturn(94)) -   Response 0: 3f00e8f6-b1cf-4c66-adc6-49812d80e8b8<-f9d37fed-45fc-460e-afd0-cdcd65402720#0:FAIL-t0
2023-10-04 17:29:45,982 [3f00e8f6-b1cf-4c66-adc6-49812d80e8b8@group-321C5A6B79F8-LeaderElection6] INFO  impl.LeaderElection (LeaderElection.java:askForVotes(323)) - 3f00e8f6-b1cf-4c66-adc6-49812d80e8b8@group-321C5A6B79F8-LeaderElection6 PRE_VOTE round 0: result REJECTED
2023-10-04 17:29:45,982 [3f00e8f6-b1cf-4c66-adc6-49812d80e8b8@group-321C5A6B79F8-LeaderElection6] INFO  server.RaftServer$Division (RaftServerImpl.java:setRole(329)) - 3f00e8f6-b1cf-4c66-adc6-49812d80e8b8@group-321C5A6B79F8: changes role from CANDIDATE to FOLLOWER at term 0 for REJECTED
2023-10-04 17:29:45,982 [3f00e8f6-b1cf-4c66-adc6-49812d80e8b8@group-321C5A6B79F8-LeaderElection6] INFO  impl.RoleInfo (RoleInfo.java:shutdownLeaderElection(130)) - 3f00e8f6-b1cf-4c66-adc6-49812d80e8b8: shutdown 3f00e8f6-b1cf-4c66-adc6-49812d80e8b8@group-321C5A6B79F8-LeaderElection6
2023-10-04 17:29:45,982 [3f00e8f6-b1cf-4c66-adc6-49812d80e8b8@group-321C5A6B79F8-LeaderElection6] INFO  impl.RoleInfo (RoleInfo.java:updateAndGet(139)) - 3f00e8f6-b1cf-4c66-adc6-49812d80e8b8: start 3f00e8f6-b1cf-4c66-adc6-49812d80e8b8@group-321C5A6B79F8-FollowerState
2023-10-04 17:29:45,979 [de7ceff0-6407-4127-9c69-f263aab5871b@group-321C5A6B79F8-FollowerState] INFO  server.RaftServer$Division (RaftServerImpl.java:setRole(329)) - de7ceff0-6407-4127-9c69-f263aab5871b@group-321C5A6B79F8: changes role from  FOLLOWER to CANDIDATE at term 0 for changeToCandidate
2023-10-04 17:29:45,985 [de7ceff0-6407-4127-9c69-f263aab5871b@group-321C5A6B79F8-FollowerState] INFO  server.RaftServerConfigKeys (ConfUtils.java:logGet(46)) - raft.server.leaderelection.pre-vote = true (default)
2023-10-04 17:29:45,985 [de7ceff0-6407-4127-9c69-f263aab5871b@group-321C5A6B79F8-FollowerState] INFO  impl.RoleInfo (RoleInfo.java:updateAndGet(139)) - de7ceff0-6407-4127-9c69-f263aab5871b: start de7ceff0-6407-4127-9c69-f263aab5871b@group-321C5A6B79F8-LeaderElection7
2023-10-04 17:29:45,986 [grpc-default-executor-6] INFO  impl.VoteContext (VoteContext.java:log(49)) - de7ceff0-6407-4127-9c69-f263aab5871b@group-321C5A6B79F8-CANDIDATE: accept PRE_VOTE from 3f00e8f6-b1cf-4c66-adc6-49812d80e8b8: our priority 0 <= candidate's priority 0
2023-10-04 17:29:45,986 [grpc-default-executor-6] INFO  server.RaftServer$Division (RaftServerImpl.java:requestVote(1335)) - de7ceff0-6407-4127-9c69-f263aab5871b@group-321C5A6B79F8 replies to PRE_VOTE vote request: 3f00e8f6-b1cf-4c66-adc6-49812d80e8b8<-de7ceff0-6407-4127-9c69-f263aab5871b#0:OK-t0. Peer's state: de7ceff0-6407-4127-9c69-f263aab5871b@group-321C5A6B79F8:t0, leader=null, voted=, raftlog=Memoized:de7ceff0-6407-4127-9c69-f263aab5871b@group-321C5A6B79F8-SegmentedRaftLog:OPENED:c-1, conf=-1: peers:[f9d37fed-45fc-460e-afd0-cdcd65402720|rpc:10.1.0.20:15023|admin:10.1.0.20:15022|client:10.1.0.20:15021|dataStream:10.1.0.20:15024|priority:1|startupRole:FOLLOWER, 3f00e8f6-b1cf-4c66-adc6-49812d80e8b8|rpc:10.1.0.20:15014|admin:10.1.0.20:15013|client:10.1.0.20:15012|dataStream:10.1.0.20:15015|priority:0|startupRole:FOLLOWER, de7ceff0-6407-4127-9c69-f263aab5871b|rpc:10.1.0.20:15032|admin:10.1.0.20:15031|client:10.1.0.20:15030|dataStream:10.1.0.20:15033|priority:0|startupRole:FOLLOWER]|listeners:[], old=null
2023-10-04 17:29:45,986 [de7ceff0-6407-4127-9c69-f263aab5871b@group-321C5A6B79F8-LeaderElection7] INFO  impl.LeaderElection (LeaderElection.java:askForVotes(321)) - de7ceff0-6407-4127-9c69-f263aab5871b@group-321C5A6B79F8-LeaderElection7 PRE_VOTE round 0: submit vote requests at term 0 for -1: peers:[f9d37fed-45fc-460e-afd0-cdcd65402720|rpc:10.1.0.20:15023|admin:10.1.0.20:15022|client:10.1.0.20:15021|dataStream:10.1.0.20:15024|priority:1|startupRole:FOLLOWER, 3f00e8f6-b1cf-4c66-adc6-49812d80e8b8|rpc:10.1.0.20:15014|admin:10.1.0.20:15013|client:10.1.0.20:15012|dataStream:10.1.0.20:15015|priority:0|startupRole:FOLLOWER, de7ceff0-6407-4127-9c69-f263aab5871b|rpc:10.1.0.20:15032|admin:10.1.0.20:15031|client:10.1.0.20:15030|dataStream:10.1.0.20:15033|priority:0|startupRole:FOLLOWER]|listeners:[], old=null
2023-10-04 17:29:45,989 [main] INFO  rpc.RpcClient (RpcClient.java:createVolume(462)) - Creating Volume: volume27687, with user85054 as owner and space quota set to -1 bytes, counts quota set to -1
2023-10-04 17:29:45,990 [de7ceff0-6407-4127-9c69-f263aab5871b@group-321C5A6B79F8-LeaderElection7-2] INFO  server.GrpcServerProtocolClient (GrpcServerProtocolClient.java:<init>(65)) - Build channel for 3f00e8f6-b1cf-4c66-adc6-49812d80e8b8
2023-10-04 17:29:45,990 [de7ceff0-6407-4127-9c69-f263aab5871b@group-321C5A6B79F8-LeaderElection7] INFO  server.RaftServerConfigKeys (ConfUtils.java:logFallback(53)) - raft.server.rpc.first-election.timeout.min = 5s (fallback to raft.server.rpc.timeout.min)
2023-10-04 17:29:46,000 [de7ceff0-6407-4127-9c69-f263aab5871b@group-321C5A6B79F8-LeaderElection7] INFO  server.RaftServerConfigKeys (ConfUtils.java:logFallback(53)) - raft.server.rpc.first-election.timeout.max = 5200ms (fallback to raft.server.rpc.timeout.max)
2023-10-04 17:29:45,990 [de7ceff0-6407-4127-9c69-f263aab5871b@group-321C5A6B79F8-LeaderElection7-1] INFO  server.GrpcServerProtocolClient (GrpcServerProtocolClient.java:<init>(65)) - Build channel for f9d37fed-45fc-460e-afd0-cdcd65402720
2023-10-04 17:29:46,027 [grpc-default-executor-6] INFO  server.RaftServer$Division (RaftServerImpl.java:requestVote(1302)) - f9d37fed-45fc-460e-afd0-cdcd65402720@group-321C5A6B79F8: receive requestVote(PRE_VOTE, de7ceff0-6407-4127-9c69-f263aab5871b, group-321C5A6B79F8, 0, (t:0, i:0))
2023-10-04 17:29:46,028 [grpc-default-executor-6] INFO  impl.VoteContext (VoteContext.java:log(49)) - f9d37fed-45fc-460e-afd0-cdcd65402720@group-321C5A6B79F8-FOLLOWER: reject PRE_VOTE from de7ceff0-6407-4127-9c69-f263aab5871b: our priority 1 > candidate's priority 0
2023-10-04 17:29:46,028 [grpc-default-executor-6] INFO  server.RaftServer$Division (RaftServerImpl.java:requestVote(1335)) - f9d37fed-45fc-460e-afd0-cdcd65402720@group-321C5A6B79F8 replies to PRE_VOTE vote request: de7ceff0-6407-4127-9c69-f263aab5871b<-f9d37fed-45fc-460e-afd0-cdcd65402720#0:FAIL-t0. Peer's state: f9d37fed-45fc-460e-afd0-cdcd65402720@group-321C5A6B79F8:t0, leader=null, voted=, raftlog=Memoized:f9d37fed-45fc-460e-afd0-cdcd65402720@group-321C5A6B79F8-SegmentedRaftLog:OPENED:c-1, conf=-1: peers:[f9d37fed-45fc-460e-afd0-cdcd65402720|rpc:10.1.0.20:15023|admin:10.1.0.20:15022|client:10.1.0.20:15021|dataStream:10.1.0.20:15024|priority:1|startupRole:FOLLOWER, 3f00e8f6-b1cf-4c66-adc6-49812d80e8b8|rpc:10.1.0.20:15014|admin:10.1.0.20:15013|client:10.1.0.20:15012|dataStream:10.1.0.20:15015|priority:0|startupRole:FOLLOWER, de7ceff0-6407-4127-9c69-f263aab5871b|rpc:10.1.0.20:15032|admin:10.1.0.20:15031|client:10.1.0.20:15030|dataStream:10.1.0.20:15033|priority:0|startupRole:FOLLOWER]|listeners:[], old=null
2023-10-04 17:29:46,031 [grpc-default-executor-6] INFO  server.RaftServer$Division (RaftServerImpl.java:requestVote(1302)) - 3f00e8f6-b1cf-4c66-adc6-49812d80e8b8@group-321C5A6B79F8: receive requestVote(PRE_VOTE, de7ceff0-6407-4127-9c69-f263aab5871b, group-321C5A6B79F8, 0, (t:0, i:0))
2023-10-04 17:29:46,031 [grpc-default-executor-6] INFO  impl.VoteContext (VoteContext.java:log(49)) - 3f00e8f6-b1cf-4c66-adc6-49812d80e8b8@group-321C5A6B79F8-FOLLOWER: accept PRE_VOTE from de7ceff0-6407-4127-9c69-f263aab5871b: our priority 0 <= candidate's priority 0
2023-10-04 17:29:46,031 [grpc-default-executor-6] INFO  server.RaftServer$Division (RaftServerImpl.java:requestVote(1335)) - 3f00e8f6-b1cf-4c66-adc6-49812d80e8b8@group-321C5A6B79F8 replies to PRE_VOTE vote request: de7ceff0-6407-4127-9c69-f263aab5871b<-3f00e8f6-b1cf-4c66-adc6-49812d80e8b8#0:OK-t0. Peer's state: 3f00e8f6-b1cf-4c66-adc6-49812d80e8b8@group-321C5A6B79F8:t0, leader=null, voted=, raftlog=Memoized:3f00e8f6-b1cf-4c66-adc6-49812d80e8b8@group-321C5A6B79F8-SegmentedRaftLog:OPENED:c-1, conf=-1: peers:[f9d37fed-45fc-460e-afd0-cdcd65402720|rpc:10.1.0.20:15023|admin:10.1.0.20:15022|client:10.1.0.20:15021|dataStream:10.1.0.20:15024|priority:1|startupRole:FOLLOWER, 3f00e8f6-b1cf-4c66-adc6-49812d80e8b8|rpc:10.1.0.20:15014|admin:10.1.0.20:15013|client:10.1.0.20:15012|dataStream:10.1.0.20:15015|priority:0|startupRole:FOLLOWER, de7ceff0-6407-4127-9c69-f263aab5871b|rpc:10.1.0.20:15032|admin:10.1.0.20:15031|client:10.1.0.20:15030|dataStream:10.1.0.20:15033|priority:0|startupRole:FOLLOWER]|listeners:[], old=null
2023-10-04 17:29:46,034 [de7ceff0-6407-4127-9c69-f263aab5871b@group-321C5A6B79F8-LeaderElection7] INFO  impl.LeaderElection (LeaderElection.java:logAndReturn(90)) - de7ceff0-6407-4127-9c69-f263aab5871b@group-321C5A6B79F8-LeaderElection7: PRE_VOTE REJECTED received 1 response(s) and 0 exception(s):
2023-10-04 17:29:46,036 [de7ceff0-6407-4127-9c69-f263aab5871b@group-321C5A6B79F8-LeaderElection7] INFO  impl.LeaderElection (LeaderElection.java:logAndReturn(94)) -   Response 0: de7ceff0-6407-4127-9c69-f263aab5871b<-f9d37fed-45fc-460e-afd0-cdcd65402720#0:FAIL-t0
2023-10-04 17:29:46,036 [de7ceff0-6407-4127-9c69-f263aab5871b@group-321C5A6B79F8-LeaderElection7] INFO  impl.LeaderElection (LeaderElection.java:askForVotes(323)) - de7ceff0-6407-4127-9c69-f263aab5871b@group-321C5A6B79F8-LeaderElection7 PRE_VOTE round 0: result REJECTED
2023-10-04 17:29:46,036 [de7ceff0-6407-4127-9c69-f263aab5871b@group-321C5A6B79F8-LeaderElection7] INFO  server.RaftServer$Division (RaftServerImpl.java:setRole(329)) - de7ceff0-6407-4127-9c69-f263aab5871b@group-321C5A6B79F8: changes role from CANDIDATE to FOLLOWER at term 0 for REJECTED
2023-10-04 17:29:46,036 [de7ceff0-6407-4127-9c69-f263aab5871b@group-321C5A6B79F8-LeaderElection7] INFO  impl.RoleInfo (RoleInfo.java:shutdownLeaderElection(130)) - de7ceff0-6407-4127-9c69-f263aab5871b: shutdown de7ceff0-6407-4127-9c69-f263aab5871b@group-321C5A6B79F8-LeaderElection7
2023-10-04 17:29:46,036 [de7ceff0-6407-4127-9c69-f263aab5871b@group-321C5A6B79F8-LeaderElection7] INFO  impl.RoleInfo (RoleInfo.java:updateAndGet(139)) - de7ceff0-6407-4127-9c69-f263aab5871b: start de7ceff0-6407-4127-9c69-f263aab5871b@group-321C5A6B79F8-FollowerState
2023-10-04 17:29:46,072 [OM StateMachine ApplyTransaction Thread - 0] INFO  volume.OMVolumeCreateRequest (OMVolumeCreateRequest.java:validateAndUpdateCache(196)) - created volume:volume27687 for user:user85054
2023-10-04 17:29:46,089 [main] INFO  rpc.RpcClient (RpcClient.java:createBucket(689)) - Creating Bucket: volume27687/bucket94524, with bucket layout LEGACY, runner as owner, Versioning false, Storage Type set to DISK and Encryption set to false, Replication Type set to server-side default replication type, Namespace Quota set to -1, Space Quota set to -1 
2023-10-04 17:29:46,111 [OM StateMachine ApplyTransaction Thread - 0] INFO  bucket.OMBucketCreateRequest (OMBucketCreateRequest.java:validateAndUpdateCache(270)) - created bucket: bucket94524 of layout LEGACY in volume: volume27687
2023-10-04 17:29:46,117 [f9d37fed-45fc-460e-afd0-cdcd65402720@group-321C5A6B79F8-FollowerState] INFO  impl.FollowerState (FollowerState.java:run(143)) - f9d37fed-45fc-460e-afd0-cdcd65402720@group-321C5A6B79F8-FollowerState: change to CANDIDATE, lastRpcElapsedTime:5110475110ns, electionTimeout:5097ms
2023-10-04 17:29:46,117 [f9d37fed-45fc-460e-afd0-cdcd65402720@group-321C5A6B79F8-FollowerState] INFO  impl.RoleInfo (RoleInfo.java:shutdownFollowerState(110)) - f9d37fed-45fc-460e-afd0-cdcd65402720: shutdown f9d37fed-45fc-460e-afd0-cdcd65402720@group-321C5A6B79F8-FollowerState
2023-10-04 17:29:46,117 [f9d37fed-45fc-460e-afd0-cdcd65402720@group-321C5A6B79F8-FollowerState] INFO  server.RaftServer$Division (RaftServerImpl.java:setRole(329)) - f9d37fed-45fc-460e-afd0-cdcd65402720@group-321C5A6B79F8: changes role from  FOLLOWER to CANDIDATE at term 0 for changeToCandidate
2023-10-04 17:29:46,118 [f9d37fed-45fc-460e-afd0-cdcd65402720@group-321C5A6B79F8-FollowerState] INFO  server.RaftServerConfigKeys (ConfUtils.java:logGet(46)) - raft.server.leaderelection.pre-vote = true (default)
2023-10-04 17:29:46,118 [f9d37fed-45fc-460e-afd0-cdcd65402720@group-321C5A6B79F8-FollowerState] INFO  impl.RoleInfo (RoleInfo.java:updateAndGet(139)) - f9d37fed-45fc-460e-afd0-cdcd65402720: start f9d37fed-45fc-460e-afd0-cdcd65402720@group-321C5A6B79F8-LeaderElection8
2023-10-04 17:29:46,123 [f9d37fed-45fc-460e-afd0-cdcd65402720@group-321C5A6B79F8-LeaderElection8] INFO  impl.LeaderElection (LeaderElection.java:askForVotes(321)) - f9d37fed-45fc-460e-afd0-cdcd65402720@group-321C5A6B79F8-LeaderElection8 PRE_VOTE round 0: submit vote requests at term 0 for -1: peers:[f9d37fed-45fc-460e-afd0-cdcd65402720|rpc:10.1.0.20:15023|admin:10.1.0.20:15022|client:10.1.0.20:15021|dataStream:10.1.0.20:15024|priority:1|startupRole:FOLLOWER, 3f00e8f6-b1cf-4c66-adc6-49812d80e8b8|rpc:10.1.0.20:15014|admin:10.1.0.20:15013|client:10.1.0.20:15012|dataStream:10.1.0.20:15015|priority:0|startupRole:FOLLOWER, de7ceff0-6407-4127-9c69-f263aab5871b|rpc:10.1.0.20:15032|admin:10.1.0.20:15031|client:10.1.0.20:15030|dataStream:10.1.0.20:15033|priority:0|startupRole:FOLLOWER]|listeners:[], old=null
2023-10-04 17:29:46,126 [f9d37fed-45fc-460e-afd0-cdcd65402720@group-321C5A6B79F8-LeaderElection8-1] INFO  server.GrpcServerProtocolClient (GrpcServerProtocolClient.java:<init>(65)) - Build channel for 3f00e8f6-b1cf-4c66-adc6-49812d80e8b8
2023-10-04 17:29:46,131 [f9d37fed-45fc-460e-afd0-cdcd65402720@group-321C5A6B79F8-LeaderElection8] INFO  server.RaftServerConfigKeys (ConfUtils.java:logFallback(53)) - raft.server.rpc.first-election.timeout.min = 5s (fallback to raft.server.rpc.timeout.min)
2023-10-04 17:29:46,131 [f9d37fed-45fc-460e-afd0-cdcd65402720@group-321C5A6B79F8-LeaderElection8] INFO  server.RaftServerConfigKeys (ConfUtils.java:logFallback(53)) - raft.server.rpc.first-election.timeout.max = 5200ms (fallback to raft.server.rpc.timeout.max)
2023-10-04 17:29:46,132 [f9d37fed-45fc-460e-afd0-cdcd65402720@group-321C5A6B79F8-LeaderElection8-2] INFO  server.GrpcServerProtocolClient (GrpcServerProtocolClient.java:<init>(65)) - Build channel for de7ceff0-6407-4127-9c69-f263aab5871b
2023-10-04 17:29:46,148 [grpc-default-executor-3] INFO  server.RaftServer$Division (RaftServerImpl.java:requestVote(1302)) - 3f00e8f6-b1cf-4c66-adc6-49812d80e8b8@group-321C5A6B79F8: receive requestVote(PRE_VOTE, f9d37fed-45fc-460e-afd0-cdcd65402720, group-321C5A6B79F8, 0, (t:0, i:0))
2023-10-04 17:29:46,148 [grpc-default-executor-3] INFO  impl.VoteContext (VoteContext.java:log(49)) - 3f00e8f6-b1cf-4c66-adc6-49812d80e8b8@group-321C5A6B79F8-FOLLOWER: accept PRE_VOTE from f9d37fed-45fc-460e-afd0-cdcd65402720: our priority 0 <= candidate's priority 1
2023-10-04 17:29:46,148 [grpc-default-executor-3] INFO  server.RaftServer$Division (RaftServerImpl.java:requestVote(1335)) - 3f00e8f6-b1cf-4c66-adc6-49812d80e8b8@group-321C5A6B79F8 replies to PRE_VOTE vote request: f9d37fed-45fc-460e-afd0-cdcd65402720<-3f00e8f6-b1cf-4c66-adc6-49812d80e8b8#0:OK-t0. Peer's state: 3f00e8f6-b1cf-4c66-adc6-49812d80e8b8@group-321C5A6B79F8:t0, leader=null, voted=, raftlog=Memoized:3f00e8f6-b1cf-4c66-adc6-49812d80e8b8@group-321C5A6B79F8-SegmentedRaftLog:OPENED:c-1, conf=-1: peers:[f9d37fed-45fc-460e-afd0-cdcd65402720|rpc:10.1.0.20:15023|admin:10.1.0.20:15022|client:10.1.0.20:15021|dataStream:10.1.0.20:15024|priority:1|startupRole:FOLLOWER, 3f00e8f6-b1cf-4c66-adc6-49812d80e8b8|rpc:10.1.0.20:15014|admin:10.1.0.20:15013|client:10.1.0.20:15012|dataStream:10.1.0.20:15015|priority:0|startupRole:FOLLOWER, de7ceff0-6407-4127-9c69-f263aab5871b|rpc:10.1.0.20:15032|admin:10.1.0.20:15031|client:10.1.0.20:15030|dataStream:10.1.0.20:15033|priority:0|startupRole:FOLLOWER]|listeners:[], old=null
2023-10-04 17:29:46,151 [f9d37fed-45fc-460e-afd0-cdcd65402720@group-321C5A6B79F8-LeaderElection8] INFO  impl.LeaderElection (LeaderElection.java:logAndReturn(90)) - f9d37fed-45fc-460e-afd0-cdcd65402720@group-321C5A6B79F8-LeaderElection8: PRE_VOTE PASSED received 1 response(s) and 0 exception(s):
2023-10-04 17:29:46,152 [f9d37fed-45fc-460e-afd0-cdcd65402720@group-321C5A6B79F8-LeaderElection8] INFO  impl.LeaderElection (LeaderElection.java:logAndReturn(94)) -   Response 0: f9d37fed-45fc-460e-afd0-cdcd65402720<-3f00e8f6-b1cf-4c66-adc6-49812d80e8b8#0:OK-t0
2023-10-04 17:29:46,152 [f9d37fed-45fc-460e-afd0-cdcd65402720@group-321C5A6B79F8-LeaderElection8] INFO  impl.LeaderElection (LeaderElection.java:askForVotes(323)) - f9d37fed-45fc-460e-afd0-cdcd65402720@group-321C5A6B79F8-LeaderElection8 PRE_VOTE round 0: result PASSED
2023-10-04 17:29:46,153 [f9d37fed-45fc-460e-afd0-cdcd65402720@group-321C5A6B79F8-LeaderElection8] INFO  impl.LeaderElection (LeaderElection.java:askForVotes(321)) - f9d37fed-45fc-460e-afd0-cdcd65402720@group-321C5A6B79F8-LeaderElection8 ELECTION round 0: submit vote requests at term 1 for -1: peers:[f9d37fed-45fc-460e-afd0-cdcd65402720|rpc:10.1.0.20:15023|admin:10.1.0.20:15022|client:10.1.0.20:15021|dataStream:10.1.0.20:15024|priority:1|startupRole:FOLLOWER, 3f00e8f6-b1cf-4c66-adc6-49812d80e8b8|rpc:10.1.0.20:15014|admin:10.1.0.20:15013|client:10.1.0.20:15012|dataStream:10.1.0.20:15015|priority:0|startupRole:FOLLOWER, de7ceff0-6407-4127-9c69-f263aab5871b|rpc:10.1.0.20:15032|admin:10.1.0.20:15031|client:10.1.0.20:15030|dataStream:10.1.0.20:15033|priority:0|startupRole:FOLLOWER]|listeners:[], old=null
2023-10-04 17:29:46,165 [f9d37fed-45fc-460e-afd0-cdcd65402720@group-321C5A6B79F8-LeaderElection8] INFO  server.RaftServerConfigKeys (ConfUtils.java:logFallback(53)) - raft.server.rpc.first-election.timeout.min = 5s (fallback to raft.server.rpc.timeout.min)
2023-10-04 17:29:46,166 [f9d37fed-45fc-460e-afd0-cdcd65402720@group-321C5A6B79F8-LeaderElection8] INFO  server.RaftServerConfigKeys (ConfUtils.java:logFallback(53)) - raft.server.rpc.first-election.timeout.max = 5200ms (fallback to raft.server.rpc.timeout.max)
2023-10-04 17:29:46,167 [grpc-default-executor-3] INFO  server.RaftServer$Division (RaftServerImpl.java:requestVote(1302)) - de7ceff0-6407-4127-9c69-f263aab5871b@group-321C5A6B79F8: receive requestVote(PRE_VOTE, f9d37fed-45fc-460e-afd0-cdcd65402720, group-321C5A6B79F8, 0, (t:0, i:0))
2023-10-04 17:29:46,167 [grpc-default-executor-3] INFO  impl.VoteContext (VoteContext.java:log(49)) - de7ceff0-6407-4127-9c69-f263aab5871b@group-321C5A6B79F8-FOLLOWER: accept PRE_VOTE from f9d37fed-45fc-460e-afd0-cdcd65402720: our priority 0 <= candidate's priority 1
2023-10-04 17:29:46,167 [grpc-default-executor-3] INFO  server.RaftServer$Division (RaftServerImpl.java:requestVote(1335)) - de7ceff0-6407-4127-9c69-f263aab5871b@group-321C5A6B79F8 replies to PRE_VOTE vote request: f9d37fed-45fc-460e-afd0-cdcd65402720<-de7ceff0-6407-4127-9c69-f263aab5871b#0:OK-t0. Peer's state: de7ceff0-6407-4127-9c69-f263aab5871b@group-321C5A6B79F8:t0, leader=null, voted=, raftlog=Memoized:de7ceff0-6407-4127-9c69-f263aab5871b@group-321C5A6B79F8-SegmentedRaftLog:OPENED:c-1, conf=-1: peers:[f9d37fed-45fc-460e-afd0-cdcd65402720|rpc:10.1.0.20:15023|admin:10.1.0.20:15022|client:10.1.0.20:15021|dataStream:10.1.0.20:15024|priority:1|startupRole:FOLLOWER, 3f00e8f6-b1cf-4c66-adc6-49812d80e8b8|rpc:10.1.0.20:15014|admin:10.1.0.20:15013|client:10.1.0.20:15012|dataStream:10.1.0.20:15015|priority:0|startupRole:FOLLOWER, de7ceff0-6407-4127-9c69-f263aab5871b|rpc:10.1.0.20:15032|admin:10.1.0.20:15031|client:10.1.0.20:15030|dataStream:10.1.0.20:15033|priority:0|startupRole:FOLLOWER]|listeners:[], old=null
2023-10-04 17:29:46,168 [grpc-default-executor-6] INFO  server.RaftServer$Division (RaftServerImpl.java:requestVote(1302)) - 3f00e8f6-b1cf-4c66-adc6-49812d80e8b8@group-321C5A6B79F8: receive requestVote(ELECTION, f9d37fed-45fc-460e-afd0-cdcd65402720, group-321C5A6B79F8, 1, (t:0, i:0))
2023-10-04 17:29:46,168 [grpc-default-executor-6] INFO  impl.VoteContext (VoteContext.java:log(49)) - 3f00e8f6-b1cf-4c66-adc6-49812d80e8b8@group-321C5A6B79F8-FOLLOWER: accept ELECTION from f9d37fed-45fc-460e-afd0-cdcd65402720: our priority 0 <= candidate's priority 1
2023-10-04 17:29:46,168 [grpc-default-executor-6] INFO  server.RaftServer$Division (RaftServerImpl.java:setRole(329)) - 3f00e8f6-b1cf-4c66-adc6-49812d80e8b8@group-321C5A6B79F8: changes role from  FOLLOWER to FOLLOWER at term 1 for candidate:f9d37fed-45fc-460e-afd0-cdcd65402720
2023-10-04 17:29:46,168 [grpc-default-executor-6] INFO  impl.RoleInfo (RoleInfo.java:shutdownFollowerState(110)) - 3f00e8f6-b1cf-4c66-adc6-49812d80e8b8: shutdown 3f00e8f6-b1cf-4c66-adc6-49812d80e8b8@group-321C5A6B79F8-FollowerState
2023-10-04 17:29:46,168 [grpc-default-executor-6] INFO  impl.RoleInfo (RoleInfo.java:updateAndGet(139)) - 3f00e8f6-b1cf-4c66-adc6-49812d80e8b8: start 3f00e8f6-b1cf-4c66-adc6-49812d80e8b8@group-321C5A6B79F8-FollowerState
2023-10-04 17:29:46,168 [3f00e8f6-b1cf-4c66-adc6-49812d80e8b8@group-321C5A6B79F8-FollowerState] INFO  impl.FollowerState (FollowerState.java:run(152)) - 3f00e8f6-b1cf-4c66-adc6-49812d80e8b8@group-321C5A6B79F8-FollowerState was interrupted
2023-10-04 17:29:46,175 [grpc-default-executor-6] INFO  server.RaftServer$Division (RaftServerImpl.java:requestVote(1335)) - 3f00e8f6-b1cf-4c66-adc6-49812d80e8b8@group-321C5A6B79F8 replies to ELECTION vote request: f9d37fed-45fc-460e-afd0-cdcd65402720<-3f00e8f6-b1cf-4c66-adc6-49812d80e8b8#0:OK-t1. Peer's state: 3f00e8f6-b1cf-4c66-adc6-49812d80e8b8@group-321C5A6B79F8:t1, leader=null, voted=f9d37fed-45fc-460e-afd0-cdcd65402720, raftlog=Memoized:3f00e8f6-b1cf-4c66-adc6-49812d80e8b8@group-321C5A6B79F8-SegmentedRaftLog:OPENED:c-1, conf=-1: peers:[f9d37fed-45fc-460e-afd0-cdcd65402720|rpc:10.1.0.20:15023|admin:10.1.0.20:15022|client:10.1.0.20:15021|dataStream:10.1.0.20:15024|priority:1|startupRole:FOLLOWER, 3f00e8f6-b1cf-4c66-adc6-49812d80e8b8|rpc:10.1.0.20:15014|admin:10.1.0.20:15013|client:10.1.0.20:15012|dataStream:10.1.0.20:15015|priority:0|startupRole:FOLLOWER, de7ceff0-6407-4127-9c69-f263aab5871b|rpc:10.1.0.20:15032|admin:10.1.0.20:15031|client:10.1.0.20:15030|dataStream:10.1.0.20:15033|priority:0|startupRole:FOLLOWER]|listeners:[], old=null
2023-10-04 17:29:46,177 [f9d37fed-45fc-460e-afd0-cdcd65402720@group-321C5A6B79F8-LeaderElection8] INFO  impl.LeaderElection (LeaderElection.java:logAndReturn(90)) - f9d37fed-45fc-460e-afd0-cdcd65402720@group-321C5A6B79F8-LeaderElection8: ELECTION PASSED received 1 response(s) and 0 exception(s):
2023-10-04 17:29:46,177 [f9d37fed-45fc-460e-afd0-cdcd65402720@group-321C5A6B79F8-LeaderElection8] INFO  impl.LeaderElection (LeaderElection.java:logAndReturn(94)) -   Response 0: f9d37fed-45fc-460e-afd0-cdcd65402720<-3f00e8f6-b1cf-4c66-adc6-49812d80e8b8#0:OK-t1
2023-10-04 17:29:46,177 [f9d37fed-45fc-460e-afd0-cdcd65402720@group-321C5A6B79F8-LeaderElection8] INFO  impl.LeaderElection (LeaderElection.java:askForVotes(323)) - f9d37fed-45fc-460e-afd0-cdcd65402720@group-321C5A6B79F8-LeaderElection8 ELECTION round 0: result PASSED
2023-10-04 17:29:46,177 [f9d37fed-45fc-460e-afd0-cdcd65402720@group-321C5A6B79F8-LeaderElection8] INFO  impl.RoleInfo (RoleInfo.java:shutdownLeaderElection(130)) - f9d37fed-45fc-460e-afd0-cdcd65402720: shutdown f9d37fed-45fc-460e-afd0-cdcd65402720@group-321C5A6B79F8-LeaderElection8
2023-10-04 17:29:46,178 [f9d37fed-45fc-460e-afd0-cdcd65402720@group-321C5A6B79F8-LeaderElection8] INFO  server.RaftServer$Division (RaftServerImpl.java:setRole(329)) - f9d37fed-45fc-460e-afd0-cdcd65402720@group-321C5A6B79F8: changes role from CANDIDATE to LEADER at term 1 for changeToLeader
2023-10-04 17:29:46,178 [f9d37fed-45fc-460e-afd0-cdcd65402720@group-321C5A6B79F8-LeaderElection8] INFO  ratis.XceiverServerRatis (XceiverServerRatis.java:handleLeaderChangedNotification(902)) - Leader change notification received for group: group-321C5A6B79F8 with new leaderId: f9d37fed-45fc-460e-afd0-cdcd65402720
2023-10-04 17:29:46,178 [f9d37fed-45fc-460e-afd0-cdcd65402720@group-321C5A6B79F8-LeaderElection8] INFO  server.RaftServer$Division (ServerState.java:setLeader(317)) - f9d37fed-45fc-460e-afd0-cdcd65402720@group-321C5A6B79F8: change Leader from null to f9d37fed-45fc-460e-afd0-cdcd65402720 at term 1 for becomeLeader, leader elected after 5216ms
2023-10-04 17:29:46,178 [f9d37fed-45fc-460e-afd0-cdcd65402720@group-321C5A6B79F8-LeaderElection8] INFO  server.RaftServerConfigKeys (ConfUtils.java:logGet(46)) - raft.server.staging.catchup.gap = 1000 (default)
2023-10-04 17:29:46,178 [f9d37fed-45fc-460e-afd0-cdcd65402720@group-321C5A6B79F8-LeaderElection8] INFO  server.RaftServerConfigKeys (ConfUtils.java:logGet(46)) - raft.server.write.element-limit = 1024 (custom)
2023-10-04 17:29:46,178 [f9d37fed-45fc-460e-afd0-cdcd65402720@group-321C5A6B79F8-LeaderElection8] INFO  server.RaftServerConfigKeys (ConfUtils.java:logGet(46)) - raft.server.write.byte-limit = 1024 M (=1073741824) (custom)
2023-10-04 17:29:46,179 [f9d37fed-45fc-460e-afd0-cdcd65402720@group-321C5A6B79F8-LeaderElection8] INFO  server.RaftServerConfigKeys (ConfUtils.java:logGet(46)) - raft.server.watch.timeout = 180s (custom)
2023-10-04 17:29:46,179 [f9d37fed-45fc-460e-afd0-cdcd65402720@group-321C5A6B79F8-LeaderElection8] INFO  server.RaftServerConfigKeys (ConfUtils.java:logGet(46)) - raft.server.watch.timeout.denomination = 1s (default)
2023-10-04 17:29:46,179 [f9d37fed-45fc-460e-afd0-cdcd65402720@group-321C5A6B79F8-LeaderElection8] INFO  server.RaftServerConfigKeys (ConfUtils.java:logGet(46)) - raft.server.watch.element-limit = 65536 (default)
2023-10-04 17:29:46,179 [f9d37fed-45fc-460e-afd0-cdcd65402720@group-321C5A6B79F8-LeaderElection8] INFO  server.RaftServerConfigKeys (ConfUtils.java:logGet(46)) - raft.server.write.element-limit = 1024 (custom)
2023-10-04 17:29:46,179 [f9d37fed-45fc-460e-afd0-cdcd65402720@group-321C5A6B79F8-LeaderElection8] INFO  server.RaftServerConfigKeys (ConfUtils.java:logGet(46)) - raft.server.write.follower.gap.ratio.max = -1.0 (default)
2023-10-04 17:29:46,179 [f9d37fed-45fc-460e-afd0-cdcd65402720@group-321C5A6B79F8-LeaderElection8] INFO  server.RaftServerConfigKeys (ConfUtils.java:logGet(46)) - raft.server.log.appender.snapshot.chunk.size.max = 16MB (=16777216) (default)
2023-10-04 17:29:46,179 [f9d37fed-45fc-460e-afd0-cdcd65402720@group-321C5A6B79F8-LeaderElection8] INFO  server.RaftServerConfigKeys (ConfUtils.java:logGet(46)) - raft.server.log.appender.buffer.byte-limit = 33554432 (custom)
2023-10-04 17:29:46,180 [f9d37fed-45fc-460e-afd0-cdcd65402720@group-321C5A6B79F8-LeaderElection8] INFO  server.RaftServerConfigKeys (ConfUtils.java:logGet(46)) - raft.server.log.appender.buffer.element-limit = 1 (custom)
2023-10-04 17:29:46,180 [f9d37fed-45fc-460e-afd0-cdcd65402720@group-321C5A6B79F8-LeaderElection8] INFO  server.RaftServerConfigKeys (ConfUtils.java:logGet(46)) - raft.server.log.appender.wait-time.min = 10ms (default)
2023-10-04 17:29:46,182 [grpc-default-executor-3] INFO  server.RaftServer$Division (RaftServerImpl.java:requestVote(1302)) - de7ceff0-6407-4127-9c69-f263aab5871b@group-321C5A6B79F8: receive requestVote(ELECTION, f9d37fed-45fc-460e-afd0-cdcd65402720, group-321C5A6B79F8, 1, (t:0, i:0))
2023-10-04 17:29:46,182 [grpc-default-executor-3] INFO  impl.VoteContext (VoteContext.java:log(49)) - de7ceff0-6407-4127-9c69-f263aab5871b@group-321C5A6B79F8-FOLLOWER: accept ELECTION from f9d37fed-45fc-460e-afd0-cdcd65402720: our priority 0 <= candidate's priority 1
2023-10-04 17:29:46,183 [grpc-default-executor-3] INFO  server.RaftServer$Division (RaftServerImpl.java:setRole(329)) - de7ceff0-6407-4127-9c69-f263aab5871b@group-321C5A6B79F8: changes role from  FOLLOWER to FOLLOWER at term 1 for candidate:f9d37fed-45fc-460e-afd0-cdcd65402720
2023-10-04 17:29:46,183 [grpc-default-executor-3] INFO  impl.RoleInfo (RoleInfo.java:shutdownFollowerState(110)) - de7ceff0-6407-4127-9c69-f263aab5871b: shutdown de7ceff0-6407-4127-9c69-f263aab5871b@group-321C5A6B79F8-FollowerState
2023-10-04 17:29:46,183 [grpc-default-executor-3] INFO  impl.RoleInfo (RoleInfo.java:updateAndGet(139)) - de7ceff0-6407-4127-9c69-f263aab5871b: start de7ceff0-6407-4127-9c69-f263aab5871b@group-321C5A6B79F8-FollowerState
2023-10-04 17:29:46,183 [de7ceff0-6407-4127-9c69-f263aab5871b@group-321C5A6B79F8-FollowerState] INFO  impl.FollowerState (FollowerState.java:run(152)) - de7ceff0-6407-4127-9c69-f263aab5871b@group-321C5A6B79F8-FollowerState was interrupted
2023-10-04 17:29:46,180 [f9d37fed-45fc-460e-afd0-cdcd65402720@group-321C5A6B79F8-LeaderElection8] INFO  grpc.GrpcConfigKeys (ConfUtils.java:logGet(46)) - raft.grpc.server.leader.outstanding.appends.max = 128 (default)
2023-10-04 17:29:46,183 [f9d37fed-45fc-460e-afd0-cdcd65402720@group-321C5A6B79F8-LeaderElection8] INFO  server.RaftServerConfigKeys (ConfUtils.java:logGet(46)) - raft.server.rpc.request.timeout = 60s (custom)
2023-10-04 17:29:46,183 [f9d37fed-45fc-460e-afd0-cdcd65402720@group-321C5A6B79F8-LeaderElection8] INFO  grpc.GrpcConfigKeys (ConfUtils.java:logGet(46)) - raft.grpc.server.install_snapshot.request.element-limit = 8 (default)
2023-10-04 17:29:46,183 [f9d37fed-45fc-460e-afd0-cdcd65402720@group-321C5A6B79F8-LeaderElection8] INFO  grpc.GrpcConfigKeys (ConfUtils.java:logGet(46)) - raft.grpc.server.install_snapshot.request.timeout = 3000ms (default)
2023-10-04 17:29:46,183 [f9d37fed-45fc-460e-afd0-cdcd65402720@group-321C5A6B79F8-LeaderElection8] INFO  server.RaftServerConfigKeys (ConfUtils.java:logGet(46)) - raft.server.log.appender.install.snapshot.enabled = false (custom)
2023-10-04 17:29:46,183 [f9d37fed-45fc-460e-afd0-cdcd65402720@group-321C5A6B79F8-LeaderElection8] INFO  grpc.GrpcConfigKeys (ConfUtils.java:logGet(46)) - raft.grpc.server.heartbeat.channel = true (default)
2023-10-04 17:29:46,184 [f9d37fed-45fc-460e-afd0-cdcd65402720@group-321C5A6B79F8-LeaderElection8] INFO  server.RaftServerConfigKeys (ConfUtils.java:logGet(46)) - raft.server.log.appender.snapshot.chunk.size.max = 16MB (=16777216) (default)
2023-10-04 17:29:46,184 [f9d37fed-45fc-460e-afd0-cdcd65402720@group-321C5A6B79F8-LeaderElection8] INFO  server.RaftServerConfigKeys (ConfUtils.java:logGet(46)) - raft.server.log.appender.buffer.byte-limit = 33554432 (custom)
2023-10-04 17:29:46,184 [f9d37fed-45fc-460e-afd0-cdcd65402720@group-321C5A6B79F8-LeaderElection8] INFO  server.RaftServerConfigKeys (ConfUtils.java:logGet(46)) - raft.server.log.appender.buffer.element-limit = 1 (custom)
2023-10-04 17:29:46,189 [f9d37fed-45fc-460e-afd0-cdcd65402720@group-321C5A6B79F8-LeaderElection8] INFO  server.RaftServerConfigKeys (ConfUtils.java:logGet(46)) - raft.server.log.appender.wait-time.min = 10ms (default)
2023-10-04 17:29:46,189 [f9d37fed-45fc-460e-afd0-cdcd65402720@group-321C5A6B79F8-LeaderElection8] INFO  grpc.GrpcConfigKeys (ConfUtils.java:logGet(46)) - raft.grpc.server.leader.outstanding.appends.max = 128 (default)
2023-10-04 17:29:46,189 [f9d37fed-45fc-460e-afd0-cdcd65402720@group-321C5A6B79F8-LeaderElection8] INFO  server.RaftServerConfigKeys (ConfUtils.java:logGet(46)) - raft.server.rpc.request.timeout = 60s (custom)
2023-10-04 17:29:46,189 [f9d37fed-45fc-460e-afd0-cdcd65402720@group-321C5A6B79F8-LeaderElection8] INFO  grpc.GrpcConfigKeys (ConfUtils.java:logGet(46)) - raft.grpc.server.install_snapshot.request.element-limit = 8 (default)
2023-10-04 17:29:46,189 [f9d37fed-45fc-460e-afd0-cdcd65402720@group-321C5A6B79F8-LeaderElection8] INFO  grpc.GrpcConfigKeys (ConfUtils.java:logGet(46)) - raft.grpc.server.install_snapshot.request.timeout = 3000ms (default)
2023-10-04 17:29:46,189 [f9d37fed-45fc-460e-afd0-cdcd65402720@group-321C5A6B79F8-LeaderElection8] INFO  server.RaftServerConfigKeys (ConfUtils.java:logGet(46)) - raft.server.log.appender.install.snapshot.enabled = false (custom)
2023-10-04 17:29:46,189 [f9d37fed-45fc-460e-afd0-cdcd65402720@group-321C5A6B79F8-LeaderElection8] INFO  grpc.GrpcConfigKeys (ConfUtils.java:logGet(46)) - raft.grpc.server.heartbeat.channel = true (default)
2023-10-04 17:29:46,190 [f9d37fed-45fc-460e-afd0-cdcd65402720@group-321C5A6B79F8-LeaderElection8] INFO  impl.RoleInfo (RoleInfo.java:updateAndGet(139)) - f9d37fed-45fc-460e-afd0-cdcd65402720: start f9d37fed-45fc-460e-afd0-cdcd65402720@group-321C5A6B79F8-LeaderStateImpl
2023-10-04 17:29:46,190 [f9d37fed-45fc-460e-afd0-cdcd65402720@group-321C5A6B79F8-LeaderElection8] INFO  segmented.SegmentedRaftLogWorker (SegmentedRaftLogWorker.java:startLogSegment(447)) - f9d37fed-45fc-460e-afd0-cdcd65402720@group-321C5A6B79F8-SegmentedRaftLogWorker: Starting segment from index:0
2023-10-04 17:29:46,192 [f9d37fed-45fc-460e-afd0-cdcd65402720@group-321C5A6B79F8-SegmentedRaftLogWorker] INFO  segmented.SegmentedRaftLogWorker (SegmentedRaftLogWorker.java:execute(651)) - f9d37fed-45fc-460e-afd0-cdcd65402720@group-321C5A6B79F8-SegmentedRaftLogWorker: created new log segment /home/runner/work/ozone/ozone/hadoop-ozone/integration-test/target/test-dir/MiniOzoneClusterImpl-da1d4460-e54b-4a34-859f-b12e99aef92e/datanode-1/data/ratis/58fbf2b1-9f73-4e82-a2cc-321c5a6b79f8/current/log_inprogress_0
2023-10-04 17:29:46,200 [grpc-default-executor-3] INFO  server.RaftServer$Division (RaftServerImpl.java:requestVote(1335)) - de7ceff0-6407-4127-9c69-f263aab5871b@group-321C5A6B79F8 replies to ELECTION vote request: f9d37fed-45fc-460e-afd0-cdcd65402720<-de7ceff0-6407-4127-9c69-f263aab5871b#0:OK-t1. Peer's state: de7ceff0-6407-4127-9c69-f263aab5871b@group-321C5A6B79F8:t1, leader=null, voted=f9d37fed-45fc-460e-afd0-cdcd65402720, raftlog=Memoized:de7ceff0-6407-4127-9c69-f263aab5871b@group-321C5A6B79F8-SegmentedRaftLog:OPENED:c-1, conf=-1: peers:[f9d37fed-45fc-460e-afd0-cdcd65402720|rpc:10.1.0.20:15023|admin:10.1.0.20:15022|client:10.1.0.20:15021|dataStream:10.1.0.20:15024|priority:1|startupRole:FOLLOWER, 3f00e8f6-b1cf-4c66-adc6-49812d80e8b8|rpc:10.1.0.20:15014|admin:10.1.0.20:15013|client:10.1.0.20:15012|dataStream:10.1.0.20:15015|priority:0|startupRole:FOLLOWER, de7ceff0-6407-4127-9c69-f263aab5871b|rpc:10.1.0.20:15032|admin:10.1.0.20:15031|client:10.1.0.20:15030|dataStream:10.1.0.20:15033|priority:0|startupRole:FOLLOWER]|listeners:[], old=null
2023-10-04 17:29:46,217 [f9d37fed-45fc-460e-afd0-cdcd65402720@group-321C5A6B79F8-LeaderElection8] INFO  server.RaftServer$Division (ServerState.java:setRaftConf(434)) - f9d37fed-45fc-460e-afd0-cdcd65402720@group-321C5A6B79F8: set configuration 0: peers:[f9d37fed-45fc-460e-afd0-cdcd65402720|rpc:10.1.0.20:15023|admin:10.1.0.20:15022|client:10.1.0.20:15021|dataStream:10.1.0.20:15024|priority:1|startupRole:FOLLOWER, 3f00e8f6-b1cf-4c66-adc6-49812d80e8b8|rpc:10.1.0.20:15014|admin:10.1.0.20:15013|client:10.1.0.20:15012|dataStream:10.1.0.20:15015|priority:0|startupRole:FOLLOWER, de7ceff0-6407-4127-9c69-f263aab5871b|rpc:10.1.0.20:15032|admin:10.1.0.20:15031|client:10.1.0.20:15030|dataStream:10.1.0.20:15033|priority:0|startupRole:FOLLOWER]|listeners:[], old=null
2023-10-04 17:29:46,244 [3f00e8f6-b1cf-4c66-adc6-49812d80e8b8-server-thread1] INFO  ratis.XceiverServerRatis (XceiverServerRatis.java:handleLeaderChangedNotification(902)) - Leader change notification received for group: group-321C5A6B79F8 with new leaderId: f9d37fed-45fc-460e-afd0-cdcd65402720
2023-10-04 17:29:46,245 [3f00e8f6-b1cf-4c66-adc6-49812d80e8b8-server-thread1] INFO  server.RaftServer$Division (ServerState.java:setLeader(317)) - 3f00e8f6-b1cf-4c66-adc6-49812d80e8b8@group-321C5A6B79F8: change Leader from null to f9d37fed-45fc-460e-afd0-cdcd65402720 at term 1 for appendEntries, leader elected after 5379ms
2023-10-04 17:29:46,245 [3f00e8f6-b1cf-4c66-adc6-49812d80e8b8-server-thread1] INFO  server.RaftServer$Division (ServerState.java:setRaftConf(434)) - 3f00e8f6-b1cf-4c66-adc6-49812d80e8b8@group-321C5A6B79F8: set configuration 0: peers:[f9d37fed-45fc-460e-afd0-cdcd65402720|rpc:10.1.0.20:15023|admin:10.1.0.20:15022|client:10.1.0.20:15021|dataStream:10.1.0.20:15024|priority:1|startupRole:FOLLOWER, 3f00e8f6-b1cf-4c66-adc6-49812d80e8b8|rpc:10.1.0.20:15014|admin:10.1.0.20:15013|client:10.1.0.20:15012|dataStream:10.1.0.20:15015|priority:0|startupRole:FOLLOWER, de7ceff0-6407-4127-9c69-f263aab5871b|rpc:10.1.0.20:15032|admin:10.1.0.20:15031|client:10.1.0.20:15030|dataStream:10.1.0.20:15033|priority:0|startupRole:FOLLOWER]|listeners:[], old=null
2023-10-04 17:29:46,246 [3f00e8f6-b1cf-4c66-adc6-49812d80e8b8-server-thread1] INFO  segmented.SegmentedRaftLogWorker (SegmentedRaftLogWorker.java:startLogSegment(447)) - 3f00e8f6-b1cf-4c66-adc6-49812d80e8b8@group-321C5A6B79F8-SegmentedRaftLogWorker: Starting segment from index:0
2023-10-04 17:29:46,248 [3f00e8f6-b1cf-4c66-adc6-49812d80e8b8@group-321C5A6B79F8-SegmentedRaftLogWorker] INFO  segmented.SegmentedRaftLogWorker (SegmentedRaftLogWorker.java:execute(651)) - 3f00e8f6-b1cf-4c66-adc6-49812d80e8b8@group-321C5A6B79F8-SegmentedRaftLogWorker: created new log segment /home/runner/work/ozone/ozone/hadoop-ozone/integration-test/target/test-dir/MiniOzoneClusterImpl-da1d4460-e54b-4a34-859f-b12e99aef92e/datanode-0/data/ratis/58fbf2b1-9f73-4e82-a2cc-321c5a6b79f8/current/log_inprogress_0
2023-10-04 17:29:46,252 [de7ceff0-6407-4127-9c69-f263aab5871b-server-thread1] INFO  ratis.XceiverServerRatis (XceiverServerRatis.java:handleLeaderChangedNotification(902)) - Leader change notification received for group: group-321C5A6B79F8 with new leaderId: f9d37fed-45fc-460e-afd0-cdcd65402720
2023-10-04 17:29:46,252 [de7ceff0-6407-4127-9c69-f263aab5871b-server-thread1] INFO  server.RaftServer$Division (ServerState.java:setLeader(317)) - de7ceff0-6407-4127-9c69-f263aab5871b@group-321C5A6B79F8: change Leader from null to f9d37fed-45fc-460e-afd0-cdcd65402720 at term 1 for appendEntries, leader elected after 5456ms
2023-10-04 17:29:46,258 [EventQueue-PipelineReportForPipelineReportHandler] INFO  pipeline.PipelineReportHandler (PipelineReportHandler.java:processPipelineReport(136)) - Opened pipeline PipelineID=58fbf2b1-9f73-4e82-a2cc-321c5a6b79f8
2023-10-04 17:29:46,271 [de7ceff0-6407-4127-9c69-f263aab5871b-server-thread2] INFO  server.RaftServer$Division (ServerState.java:setRaftConf(434)) - de7ceff0-6407-4127-9c69-f263aab5871b@group-321C5A6B79F8: set configuration 0: peers:[f9d37fed-45fc-460e-afd0-cdcd65402720|rpc:10.1.0.20:15023|admin:10.1.0.20:15022|client:10.1.0.20:15021|dataStream:10.1.0.20:15024|priority:1|startupRole:FOLLOWER, 3f00e8f6-b1cf-4c66-adc6-49812d80e8b8|rpc:10.1.0.20:15014|admin:10.1.0.20:15013|client:10.1.0.20:15012|dataStream:10.1.0.20:15015|priority:0|startupRole:FOLLOWER, de7ceff0-6407-4127-9c69-f263aab5871b|rpc:10.1.0.20:15032|admin:10.1.0.20:15031|client:10.1.0.20:15030|dataStream:10.1.0.20:15033|priority:0|startupRole:FOLLOWER]|listeners:[], old=null
2023-10-04 17:29:46,271 [de7ceff0-6407-4127-9c69-f263aab5871b-server-thread2] INFO  segmented.SegmentedRaftLogWorker (SegmentedRaftLogWorker.java:startLogSegment(447)) - de7ceff0-6407-4127-9c69-f263aab5871b@group-321C5A6B79F8-SegmentedRaftLogWorker: Starting segment from index:0
2023-10-04 17:29:46,273 [de7ceff0-6407-4127-9c69-f263aab5871b@group-321C5A6B79F8-SegmentedRaftLogWorker] INFO  segmented.SegmentedRaftLogWorker (SegmentedRaftLogWorker.java:execute(651)) - de7ceff0-6407-4127-9c69-f263aab5871b@group-321C5A6B79F8-SegmentedRaftLogWorker: created new log segment /home/runner/work/ozone/ozone/hadoop-ozone/integration-test/target/test-dir/MiniOzoneClusterImpl-da1d4460-e54b-4a34-859f-b12e99aef92e/datanode-2/data/ratis/58fbf2b1-9f73-4e82-a2cc-321c5a6b79f8/current/log_inprogress_0
]]></system-out>
  </testcase>
  <testcase name="testGetTrashRoot" classname="TestOzoneFileSystem" time="19.069">
    <system-out><![CDATA[2023-10-04 17:30:59,983 [main] INFO  ozone.MiniOzoneClusterImpl (MiniOzoneClusterImpl.java:shutdown(448)) - Shutting down the Mini Ozone Cluster
2023-10-04 17:30:59,983 [main] INFO  ozone.MiniOzoneClusterImpl (MiniOzoneClusterImpl.java:stop(465)) - Stopping the Mini Ozone Cluster
2023-10-04 17:30:59,983 [main] INFO  ozone.MiniOzoneClusterImpl (MiniOzoneClusterImpl.java:stopOM(556)) - Stopping the OzoneManager
2023-10-04 17:30:59,983 [main] INFO  om.OzoneManager (OzoneManager.java:stop(2205)) - om1[localhost:15004]: Stopping Ozone Manager
2023-10-04 17:30:59,984 [main] INFO  ipc.Server (Server.java:stop(3523)) - Stopping server on 15004
2023-10-04 17:30:59,987 [IPC Server Responder] INFO  ipc.Server (Server.java:run(1567)) - Stopping IPC Server Responder
2023-10-04 17:30:59,987 [IPC Server listener on 15004] INFO  ipc.Server (Server.java:run(1434)) - Stopping IPC Server listener on 15004
2023-10-04 17:30:59,999 [main] INFO  server.RaftServer (RaftServerProxy.java:lambda$close$6(416)) - om1: close
2023-10-04 17:31:00,000 [main] INFO  server.GrpcService (GrpcService.java:closeImpl(311)) - om1: shutdown server GrpcServerProtocolService now
2023-10-04 17:31:00,009 [om1-impl-thread2] INFO  server.RaftServer$Division (RaftServerImpl.java:lambda$close$4(466)) - om1@group-C5BA1605619E: shutdown
2023-10-04 17:31:00,009 [om1-impl-thread2] INFO  util.JmxRegister (JmxRegister.java:unregister(73)) - Successfully un-registered JMX Bean with object name Ratis:service=RaftServer,group=group-C5BA1605619E,id=om1
2023-10-04 17:31:00,009 [om1-impl-thread2] INFO  impl.RoleInfo (RoleInfo.java:shutdownLeaderState(93)) - om1: shutdown om1@group-C5BA1605619E-LeaderStateImpl
2023-10-04 17:31:00,009 [om1-impl-thread2] INFO  impl.PendingRequests (PendingRequests.java:sendNotLeaderResponses(289)) - om1@group-C5BA1605619E-PendingRequests: sendNotLeaderResponses
2023-10-04 17:31:00,011 [main] INFO  server.GrpcService (GrpcService.java:closeImpl(320)) - om1: shutdown server GrpcServerProtocolService successfully
2023-10-04 17:31:00,015 [om1@group-C5BA1605619E-StateMachineUpdater] INFO  ratis.OzoneManagerStateMachine (OzoneManagerStateMachine.java:takeSnapshot(483)) - Current Snapshot Index (t:1, i:37012)
2023-10-04 17:31:00,017 [om1-impl-thread2] INFO  impl.StateMachineUpdater (StateMachineUpdater.java:stopAndJoin(155)) - om1@group-C5BA1605619E-StateMachineUpdater: set stopIndex = 37012
2023-10-04 17:31:00,070 [om1@group-C5BA1605619E-StateMachineUpdater] INFO  impl.StateMachineUpdater (StateMachineUpdater.java:takeSnapshot(291)) - om1@group-C5BA1605619E-StateMachineUpdater: Took a snapshot at index 37012
2023-10-04 17:31:00,071 [om1@group-C5BA1605619E-StateMachineUpdater] INFO  impl.StateMachineUpdater (StateMachineUpdater.java:lambda$new$0(97)) - om1@group-C5BA1605619E-StateMachineUpdater: snapshotIndex: updateIncreasingly -1 -> 37012
2023-10-04 17:31:00,071 [om1@group-C5BA1605619E-StateMachineUpdater] INFO  ratis.OzoneManagerStateMachine (OzoneManagerStateMachine.java:close(537)) - StateMachine has shutdown. Shutdown OzoneManager if not already shutdown.
2023-10-04 17:31:00,071 [om1@group-C5BA1605619E-StateMachineUpdater] INFO  ratis.OzoneManagerDoubleBuffer (OzoneManagerDoubleBuffer.java:stopDaemon(551)) - Stopping OMDoubleBuffer flush thread
2023-10-04 17:31:00,072 [OMDoubleBufferFlushThread] INFO  ratis.OzoneManagerDoubleBuffer (OzoneManagerDoubleBuffer.java:canFlush(638)) - OMDoubleBuffer flush thread OMDoubleBufferFlushThread is interrupted and will exit.
2023-10-04 17:31:00,074 [om1-impl-thread2] INFO  server.RaftServer$Division (ServerState.java:close(472)) - om1@group-C5BA1605619E: closes. applyIndex: 37012
2023-10-04 17:31:00,975 [om1-impl-thread2] INFO  segmented.SegmentedRaftLogWorker (SegmentedRaftLogWorker.java:close(252)) - om1@group-C5BA1605619E-SegmentedRaftLogWorker close()
2023-10-04 17:31:00,977 [JvmPauseMonitor1] INFO  util.JvmPauseMonitor (JvmPauseMonitor.java:run(109)) - JvmPauseMonitor-om1: Stopped
2023-10-04 17:31:00,977 [main] INFO  ratis.OzoneManagerStateMachine (OzoneManagerStateMachine.java:close(537)) - StateMachine has shutdown. Shutdown OzoneManager if not already shutdown.
2023-10-04 17:31:00,977 [main] INFO  ratis.OzoneManagerDoubleBuffer (OzoneManagerDoubleBuffer.java:stopDaemon(560)) - OMDoubleBuffer flush thread is not running.
2023-10-04 17:31:00,978 [main] INFO  utils.BackgroundService (BackgroundService.java:shutdown(141)) - Shutting down service KeyDeletingService
2023-10-04 17:31:00,979 [main] INFO  utils.BackgroundService (BackgroundService.java:shutdown(141)) - Shutting down service KeyDeletingService
2023-10-04 17:31:00,979 [main] INFO  utils.BackgroundService (BackgroundService.java:shutdown(141)) - Shutting down service OpenKeyCleanupService
2023-10-04 17:31:00,979 [main] INFO  utils.BackgroundService (BackgroundService.java:shutdown(141)) - Shutting down service SstFilteringService
2023-10-04 17:31:00,979 [main] INFO  utils.BackgroundService (BackgroundService.java:shutdown(141)) - Shutting down service SnapshotDeletingService
2023-10-04 17:31:00,979 [main] INFO  utils.BackgroundService (BackgroundService.java:shutdown(141)) - Shutting down service MultipartUploadCleanupService
2023-10-04 17:31:00,983 [main] INFO  handler.ContextHandler (ContextHandler.java:doStop(1159)) - Stopped o.e.j.w.WebAppContext@3a49c558{ozoneManager,/,null,STOPPED}{file:/home/runner/work/ozone/ozone/hadoop-ozone/integration-test/target/test-classes/webapps/ozoneManager}
2023-10-04 17:31:00,986 [main] INFO  server.AbstractConnector (AbstractConnector.java:doStop(383)) - Stopped ServerConnector@6c027ab7{HTTP/1.1, (http/1.1)}{0.0.0.0:15005}
2023-10-04 17:31:00,986 [main] INFO  server.session (HouseKeeper.java:stopScavenging(149)) - node0 Stopped scavenging
2023-10-04 17:31:00,986 [main] INFO  handler.ContextHandler (ContextHandler.java:doStop(1159)) - Stopped o.e.j.s.ServletContextHandler@367d620d{static,/static,file:///home/runner/work/ozone/ozone/hadoop-ozone/integration-test/target/test-classes/webapps/static,STOPPED}
2023-10-04 17:31:00,987 [main] INFO  handler.ContextHandler (ContextHandler.java:doStop(1159)) - Stopped o.e.j.s.ServletContextHandler@7cf8fb4b{logs,/logs,file:///home/runner/work/ozone/ozone/hadoop-ozone/integration-test/target/log,STOPPED}
2023-10-04 17:31:00,990 [main] INFO  rocksdiff.RocksDBCheckpointDiffer (RocksDBCheckpointDiffer.java:close(312)) - Shutting down CompactionDagPruningService.
2023-10-04 17:31:00,990 [Trash Emptier] ERROR om.TrashPolicyOzone (TrashPolicyOzone.java:run(345)) - Error attempting to shutdown
java.lang.InterruptedException
	at java.util.concurrent.locks.AbstractQueuedSynchronizer$ConditionObject.awaitNanos(AbstractQueuedSynchronizer.java:2067)
	at java.util.concurrent.ThreadPoolExecutor.awaitTermination(ThreadPoolExecutor.java:1475)
	at org.apache.hadoop.ozone.om.TrashPolicyOzone$Emptier.run(TrashPolicyOzone.java:343)
	at java.lang.Thread.run(Thread.java:750)
2023-10-04 17:31:00,996 [main] INFO  snapshot.SnapshotDiffManager (SnapshotDiffManager.java:closeExecutorService(1720)) - Shutting down executorService: 'SnapDiffExecutor'
2023-10-04 17:31:00,996 [main] INFO  snapshot.SnapshotDiffManager (SnapshotDiffManager.java:closeExecutorService(1720)) - Shutting down executorService: 'SstDumpToolExecutor'
2023-10-04 17:31:00,996 [main] INFO  utils.BackgroundService (BackgroundService.java:shutdown(141)) - Shutting down service SnapshotDiffCleanupService
2023-10-04 17:31:00,998 [main] INFO  ozone.MiniOzoneClusterImpl (MiniOzoneClusterImpl.java:stopDatanodes(533)) - Stopping the HddsDatanodes
2023-10-04 17:31:01,001 [main] INFO  ozoneimpl.OzoneContainer (OzoneContainer.java:stop(451)) - Attempting to stop container services.
2023-10-04 17:31:01,004 [ForkJoinPool.commonPool-worker-0] INFO  ozoneimpl.OzoneContainer (OzoneContainer.java:stop(451)) - Attempting to stop container services.
2023-10-04 17:31:01,006 [main] INFO  server.RaftServer (RaftServerProxy.java:lambda$close$6(416)) - de7ceff0-6407-4127-9c69-f263aab5871b: close
2023-10-04 17:31:01,006 [ForkJoinPool.commonPool-worker-0] INFO  server.RaftServer (RaftServerProxy.java:lambda$close$6(416)) - f9d37fed-45fc-460e-afd0-cdcd65402720: close
2023-10-04 17:31:01,006 [f9d37fed-45fc-460e-afd0-cdcd65402720-impl-thread2] INFO  server.RaftServer$Division (RaftServerImpl.java:lambda$close$4(466)) - f9d37fed-45fc-460e-afd0-cdcd65402720@group-B70DFC59A970: shutdown
2023-10-04 17:31:01,007 [f9d37fed-45fc-460e-afd0-cdcd65402720-impl-thread2] INFO  util.JmxRegister (JmxRegister.java:unregister(73)) - Successfully un-registered JMX Bean with object name Ratis:service=RaftServer,group=group-B70DFC59A970,id=f9d37fed-45fc-460e-afd0-cdcd65402720
2023-10-04 17:31:01,007 [f9d37fed-45fc-460e-afd0-cdcd65402720-impl-thread2] INFO  impl.RoleInfo (RoleInfo.java:shutdownLeaderState(93)) - f9d37fed-45fc-460e-afd0-cdcd65402720: shutdown f9d37fed-45fc-460e-afd0-cdcd65402720@group-B70DFC59A970-LeaderStateImpl
2023-10-04 17:31:01,010 [f9d37fed-45fc-460e-afd0-cdcd65402720-impl-thread3] INFO  server.RaftServer$Division (RaftServerImpl.java:lambda$close$4(466)) - f9d37fed-45fc-460e-afd0-cdcd65402720@group-80372E8A5B71: shutdown
2023-10-04 17:31:01,010 [f9d37fed-45fc-460e-afd0-cdcd65402720-impl-thread3] INFO  util.JmxRegister (JmxRegister.java:unregister(73)) - Successfully un-registered JMX Bean with object name Ratis:service=RaftServer,group=group-80372E8A5B71,id=f9d37fed-45fc-460e-afd0-cdcd65402720
2023-10-04 17:31:01,010 [f9d37fed-45fc-460e-afd0-cdcd65402720-impl-thread3] INFO  impl.RoleInfo (RoleInfo.java:shutdownFollowerState(110)) - f9d37fed-45fc-460e-afd0-cdcd65402720: shutdown f9d37fed-45fc-460e-afd0-cdcd65402720@group-80372E8A5B71-FollowerState
2023-10-04 17:31:01,014 [de7ceff0-6407-4127-9c69-f263aab5871b-impl-thread2] INFO  server.RaftServer$Division (RaftServerImpl.java:lambda$close$4(466)) - de7ceff0-6407-4127-9c69-f263aab5871b@group-158A427F0AF5: shutdown
2023-10-04 17:31:01,014 [de7ceff0-6407-4127-9c69-f263aab5871b-impl-thread2] INFO  util.JmxRegister (JmxRegister.java:unregister(73)) - Successfully un-registered JMX Bean with object name Ratis:service=RaftServer,group=group-158A427F0AF5,id=de7ceff0-6407-4127-9c69-f263aab5871b
2023-10-04 17:31:01,014 [de7ceff0-6407-4127-9c69-f263aab5871b-impl-thread2] INFO  impl.RoleInfo (RoleInfo.java:shutdownLeaderState(93)) - de7ceff0-6407-4127-9c69-f263aab5871b: shutdown de7ceff0-6407-4127-9c69-f263aab5871b@group-158A427F0AF5-LeaderStateImpl
2023-10-04 17:31:01,007 [f9d37fed-45fc-460e-afd0-cdcd65402720-impl-thread2] INFO  impl.PendingRequests (PendingRequests.java:sendNotLeaderResponses(289)) - f9d37fed-45fc-460e-afd0-cdcd65402720@group-B70DFC59A970-PendingRequests: sendNotLeaderResponses
2023-10-04 17:31:01,014 [de7ceff0-6407-4127-9c69-f263aab5871b-impl-thread2] INFO  impl.PendingRequests (PendingRequests.java:sendNotLeaderResponses(289)) - de7ceff0-6407-4127-9c69-f263aab5871b@group-158A427F0AF5-PendingRequests: sendNotLeaderResponses
2023-10-04 17:31:01,023 [f9d37fed-45fc-460e-afd0-cdcd65402720-impl-thread2] INFO  impl.StateMachineUpdater (StateMachineUpdater.java:stopAndJoin(155)) - f9d37fed-45fc-460e-afd0-cdcd65402720@group-B70DFC59A970-StateMachineUpdater: set stopIndex = 0
2023-10-04 17:31:01,023 [de7ceff0-6407-4127-9c69-f263aab5871b-impl-thread3] INFO  server.RaftServer$Division (RaftServerImpl.java:lambda$close$4(466)) - de7ceff0-6407-4127-9c69-f263aab5871b@group-80372E8A5B71: shutdown
2023-10-04 17:31:01,023 [de7ceff0-6407-4127-9c69-f263aab5871b-impl-thread3] INFO  util.JmxRegister (JmxRegister.java:unregister(73)) - Successfully un-registered JMX Bean with object name Ratis:service=RaftServer,group=group-80372E8A5B71,id=de7ceff0-6407-4127-9c69-f263aab5871b
2023-10-04 17:31:01,023 [de7ceff0-6407-4127-9c69-f263aab5871b-impl-thread3] INFO  impl.RoleInfo (RoleInfo.java:shutdownFollowerState(110)) - de7ceff0-6407-4127-9c69-f263aab5871b: shutdown de7ceff0-6407-4127-9c69-f263aab5871b@group-80372E8A5B71-FollowerState
2023-10-04 17:31:01,024 [de7ceff0-6407-4127-9c69-f263aab5871b@group-158A427F0AF5-StateMachineUpdater] INFO  ratis.ContainerStateMachine (ContainerStateMachine.java:takeSnapshot(330)) - group-158A427F0AF5: Taking a snapshot at:(t:1, i:0) file /home/runner/work/ozone/ozone/hadoop-ozone/integration-test/target/test-dir/MiniOzoneClusterImpl-da1d4460-e54b-4a34-859f-b12e99aef92e/datanode-2/data/ratis/2471be4c-7022-43dd-bd90-158a427f0af5/sm/snapshot.1_0
2023-10-04 17:31:01,024 [f9d37fed-45fc-460e-afd0-cdcd65402720@group-B70DFC59A970-StateMachineUpdater] INFO  ratis.ContainerStateMachine (ContainerStateMachine.java:takeSnapshot(330)) - group-B70DFC59A970: Taking a snapshot at:(t:1, i:0) file /home/runner/work/ozone/ozone/hadoop-ozone/integration-test/target/test-dir/MiniOzoneClusterImpl-da1d4460-e54b-4a34-859f-b12e99aef92e/datanode-1/data/ratis/45a6bee1-abcb-477f-ac20-b70dfc59a970/sm/snapshot.1_0
2023-10-04 17:31:01,025 [main] INFO  server.GrpcService (GrpcService.java:closeImpl(311)) - de7ceff0-6407-4127-9c69-f263aab5871b: shutdown server org.apache.ratis.grpc.server.GrpcClientProtocolService now
2023-10-04 17:31:01,025 [f9d37fed-45fc-460e-afd0-cdcd65402720-impl-thread3] INFO  impl.StateMachineUpdater (StateMachineUpdater.java:stopAndJoin(155)) - f9d37fed-45fc-460e-afd0-cdcd65402720@group-80372E8A5B71-StateMachineUpdater: set stopIndex = 8
2023-10-04 17:31:01,025 [f9d37fed-45fc-460e-afd0-cdcd65402720@group-80372E8A5B71-FollowerState] INFO  impl.FollowerState (FollowerState.java:run(152)) - f9d37fed-45fc-460e-afd0-cdcd65402720@group-80372E8A5B71-FollowerState was interrupted
2023-10-04 17:31:01,026 [de7ceff0-6407-4127-9c69-f263aab5871b-impl-thread4] INFO  server.RaftServer$Division (RaftServerImpl.java:lambda$close$4(466)) - de7ceff0-6407-4127-9c69-f263aab5871b@group-321C5A6B79F8: shutdown
2023-10-04 17:31:01,030 [de7ceff0-6407-4127-9c69-f263aab5871b-impl-thread2] INFO  impl.StateMachineUpdater (StateMachineUpdater.java:stopAndJoin(155)) - de7ceff0-6407-4127-9c69-f263aab5871b@group-158A427F0AF5-StateMachineUpdater: set stopIndex = 0
2023-10-04 17:31:01,033 [ForkJoinPool.commonPool-worker-0] INFO  server.GrpcService (GrpcService.java:closeImpl(311)) - f9d37fed-45fc-460e-afd0-cdcd65402720: shutdown server org.apache.ratis.grpc.server.GrpcClientProtocolService now
2023-10-04 17:31:01,034 [de7ceff0-6407-4127-9c69-f263aab5871b-impl-thread3] INFO  impl.StateMachineUpdater (StateMachineUpdater.java:stopAndJoin(155)) - de7ceff0-6407-4127-9c69-f263aab5871b@group-80372E8A5B71-StateMachineUpdater: set stopIndex = 8
2023-10-04 17:31:01,035 [de7ceff0-6407-4127-9c69-f263aab5871b@group-80372E8A5B71-FollowerState] INFO  impl.FollowerState (FollowerState.java:run(152)) - de7ceff0-6407-4127-9c69-f263aab5871b@group-80372E8A5B71-FollowerState was interrupted
2023-10-04 17:31:01,042 [f9d37fed-45fc-460e-afd0-cdcd65402720-impl-thread4] INFO  server.RaftServer$Division (RaftServerImpl.java:lambda$close$4(466)) - f9d37fed-45fc-460e-afd0-cdcd65402720@group-321C5A6B79F8: shutdown
2023-10-04 17:31:01,045 [grpc-default-executor-7] WARN  server.GrpcClientProtocolService (LogUtils.java:warn(122)) - 1-OrderedRequestStreamObserver1: onError: org.apache.ratis.thirdparty.io.grpc.StatusRuntimeException: CANCELLED: client cancelled
2023-10-04 17:31:01,045 [de7ceff0-6407-4127-9c69-f263aab5871b-impl-thread4] INFO  util.JmxRegister (JmxRegister.java:unregister(73)) - Successfully un-registered JMX Bean with object name Ratis:service=RaftServer,group=group-321C5A6B79F8,id=de7ceff0-6407-4127-9c69-f263aab5871b
2023-10-04 17:31:01,046 [de7ceff0-6407-4127-9c69-f263aab5871b-impl-thread4] INFO  impl.RoleInfo (RoleInfo.java:shutdownFollowerState(110)) - de7ceff0-6407-4127-9c69-f263aab5871b: shutdown de7ceff0-6407-4127-9c69-f263aab5871b@group-321C5A6B79F8-FollowerState
2023-10-04 17:31:01,046 [de7ceff0-6407-4127-9c69-f263aab5871b-impl-thread4] INFO  impl.StateMachineUpdater (StateMachineUpdater.java:stopAndJoin(155)) - de7ceff0-6407-4127-9c69-f263aab5871b@group-321C5A6B79F8-StateMachineUpdater: set stopIndex = 21
2023-10-04 17:31:01,046 [de7ceff0-6407-4127-9c69-f263aab5871b@group-321C5A6B79F8-FollowerState] INFO  impl.FollowerState (FollowerState.java:run(152)) - de7ceff0-6407-4127-9c69-f263aab5871b@group-321C5A6B79F8-FollowerState was interrupted
2023-10-04 17:31:01,051 [Thread-519] INFO  server.GrpcServerProtocolClient (GrpcServerProtocolClient.java:close(103)) - 3f00e8f6-b1cf-4c66-adc6-49812d80e8b8 Close channels
2023-10-04 17:31:01,051 [Thread-522] INFO  server.GrpcServerProtocolClient (GrpcServerProtocolClient.java:close(103)) - 3f00e8f6-b1cf-4c66-adc6-49812d80e8b8 Close channels
2023-10-04 17:31:01,051 [Thread-523] INFO  server.GrpcServerProtocolClient (GrpcServerProtocolClient.java:close(103)) - de7ceff0-6407-4127-9c69-f263aab5871b Close channels
2023-10-04 17:31:01,051 [Thread-518] INFO  server.GrpcServerProtocolClient (GrpcServerProtocolClient.java:close(103)) - f9d37fed-45fc-460e-afd0-cdcd65402720 Close channels
2023-10-04 17:31:01,052 [f9d37fed-45fc-460e-afd0-cdcd65402720-impl-thread4] INFO  util.JmxRegister (JmxRegister.java:unregister(73)) - Successfully un-registered JMX Bean with object name Ratis:service=RaftServer,group=group-321C5A6B79F8,id=f9d37fed-45fc-460e-afd0-cdcd65402720
2023-10-04 17:31:01,052 [f9d37fed-45fc-460e-afd0-cdcd65402720-impl-thread4] INFO  impl.RoleInfo (RoleInfo.java:shutdownLeaderState(93)) - f9d37fed-45fc-460e-afd0-cdcd65402720: shutdown f9d37fed-45fc-460e-afd0-cdcd65402720@group-321C5A6B79F8-LeaderStateImpl
2023-10-04 17:31:01,052 [f9d37fed-45fc-460e-afd0-cdcd65402720@group-80372E8A5B71-StateMachineUpdater] INFO  ratis.ContainerStateMachine (ContainerStateMachine.java:takeSnapshot(330)) - group-80372E8A5B71: Taking a snapshot at:(t:1, i:8) file /home/runner/work/ozone/ozone/hadoop-ozone/integration-test/target/test-dir/MiniOzoneClusterImpl-da1d4460-e54b-4a34-859f-b12e99aef92e/datanode-1/data/ratis/98d6e81a-3aed-413a-9200-80372e8a5b71/sm/snapshot.1_8
2023-10-04 17:31:01,052 [de7ceff0-6407-4127-9c69-f263aab5871b@group-80372E8A5B71-StateMachineUpdater] INFO  ratis.ContainerStateMachine (ContainerStateMachine.java:takeSnapshot(330)) - group-80372E8A5B71: Taking a snapshot at:(t:1, i:8) file /home/runner/work/ozone/ozone/hadoop-ozone/integration-test/target/test-dir/MiniOzoneClusterImpl-da1d4460-e54b-4a34-859f-b12e99aef92e/datanode-2/data/ratis/98d6e81a-3aed-413a-9200-80372e8a5b71/sm/snapshot.1_8
2023-10-04 17:31:01,052 [de7ceff0-6407-4127-9c69-f263aab5871b@group-321C5A6B79F8-StateMachineUpdater] INFO  ratis.ContainerStateMachine (ContainerStateMachine.java:takeSnapshot(330)) - group-321C5A6B79F8: Taking a snapshot at:(t:1, i:21) file /home/runner/work/ozone/ozone/hadoop-ozone/integration-test/target/test-dir/MiniOzoneClusterImpl-da1d4460-e54b-4a34-859f-b12e99aef92e/datanode-2/data/ratis/58fbf2b1-9f73-4e82-a2cc-321c5a6b79f8/sm/snapshot.1_21
2023-10-04 17:31:01,057 [f9d37fed-45fc-460e-afd0-cdcd65402720-impl-thread4] INFO  impl.PendingRequests (PendingRequests.java:sendNotLeaderResponses(289)) - f9d37fed-45fc-460e-afd0-cdcd65402720@group-321C5A6B79F8-PendingRequests: sendNotLeaderResponses
2023-10-04 17:31:01,058 [f9d37fed-45fc-460e-afd0-cdcd65402720@group-321C5A6B79F8->3f00e8f6-b1cf-4c66-adc6-49812d80e8b8-GrpcLogAppender-LogAppenderDaemon] WARN  server.GrpcLogAppender (GrpcLogAppender.java:mayWait(199)) - f9d37fed-45fc-460e-afd0-cdcd65402720@group-321C5A6B79F8->3f00e8f6-b1cf-4c66-adc6-49812d80e8b8-GrpcLogAppender: Wait interrupted by java.lang.InterruptedException
2023-10-04 17:31:01,058 [f9d37fed-45fc-460e-afd0-cdcd65402720@group-321C5A6B79F8->de7ceff0-6407-4127-9c69-f263aab5871b-GrpcLogAppender-LogAppenderDaemon] WARN  server.GrpcLogAppender (GrpcLogAppender.java:mayWait(199)) - f9d37fed-45fc-460e-afd0-cdcd65402720@group-321C5A6B79F8->de7ceff0-6407-4127-9c69-f263aab5871b-GrpcLogAppender: Wait interrupted by java.lang.InterruptedException
2023-10-04 17:31:01,061 [f9d37fed-45fc-460e-afd0-cdcd65402720-impl-thread4] INFO  impl.StateMachineUpdater (StateMachineUpdater.java:stopAndJoin(155)) - f9d37fed-45fc-460e-afd0-cdcd65402720@group-321C5A6B79F8-StateMachineUpdater: set stopIndex = 22
2023-10-04 17:31:01,061 [f9d37fed-45fc-460e-afd0-cdcd65402720@group-321C5A6B79F8-StateMachineUpdater] INFO  ratis.ContainerStateMachine (ContainerStateMachine.java:takeSnapshot(330)) - group-321C5A6B79F8: Taking a snapshot at:(t:1, i:22) file /home/runner/work/ozone/ozone/hadoop-ozone/integration-test/target/test-dir/MiniOzoneClusterImpl-da1d4460-e54b-4a34-859f-b12e99aef92e/datanode-1/data/ratis/58fbf2b1-9f73-4e82-a2cc-321c5a6b79f8/sm/snapshot.1_22
2023-10-04 17:31:01,061 [main] INFO  server.GrpcService (GrpcService.java:closeImpl(320)) - de7ceff0-6407-4127-9c69-f263aab5871b: shutdown server org.apache.ratis.grpc.server.GrpcClientProtocolService successfully
2023-10-04 17:31:01,062 [main] INFO  server.GrpcService (GrpcService.java:closeImpl(311)) - de7ceff0-6407-4127-9c69-f263aab5871b: shutdown server GrpcServerProtocolService now
2023-10-04 17:31:01,062 [grpc-default-executor-1] INFO  server.GrpcServerProtocolService (GrpcServerProtocolService.java:onCompleted(155)) - de7ceff0-6407-4127-9c69-f263aab5871b: Completed APPEND_ENTRIES, lastRequest: f9d37fed-45fc-460e-afd0-cdcd65402720->de7ceff0-6407-4127-9c69-f263aab5871b#69-t1,previous=(t:1, i:21),leaderCommit=21,initializing? true,entries: size=1, first=(t:1, i:22), METADATAENTRY(c:21)
2023-10-04 17:31:01,063 [grpc-default-executor-1] INFO  server.GrpcServerProtocolService (GrpcServerProtocolService.java:lambda$onCompleted$5(157)) - de7ceff0-6407-4127-9c69-f263aab5871b: Completed APPEND_ENTRIES, lastReply: null
2023-10-04 17:31:01,058 [grpc-default-executor-8] WARN  server.GrpcClientProtocolService (LogUtils.java:warn(122)) - 2-UnorderedRequestStreamObserver2: onError: org.apache.ratis.thirdparty.io.grpc.StatusRuntimeException: CANCELLED: client cancelled
2023-10-04 17:31:01,063 [grpc-default-executor-7] INFO  server.GrpcServerProtocolService (GrpcServerProtocolService.java:onCompleted(155)) - 3f00e8f6-b1cf-4c66-adc6-49812d80e8b8: Completed APPEND_ENTRIES, lastRequest: f9d37fed-45fc-460e-afd0-cdcd65402720->3f00e8f6-b1cf-4c66-adc6-49812d80e8b8#69-t1,previous=(t:1, i:21),leaderCommit=21,initializing? true,entries: size=1, first=(t:1, i:22), METADATAENTRY(c:21)
2023-10-04 17:31:01,070 [grpc-default-executor-7] INFO  server.GrpcServerProtocolService (GrpcServerProtocolService.java:lambda$onCompleted$5(157)) - 3f00e8f6-b1cf-4c66-adc6-49812d80e8b8: Completed APPEND_ENTRIES, lastReply: null
2023-10-04 17:31:01,074 [grpc-default-executor-7] WARN  server.GrpcServerProtocolService (LogUtils.java:warn(122)) - de7ceff0-6407-4127-9c69-f263aab5871b: APPEND_ENTRIES onError, lastRequest: null: org.apache.ratis.thirdparty.io.grpc.StatusRuntimeException: CANCELLED: client cancelled
2023-10-04 17:31:01,080 [grpc-default-executor-10] INFO  server.GrpcServerProtocolService (GrpcServerProtocolService.java:onCompleted(155)) - 3f00e8f6-b1cf-4c66-adc6-49812d80e8b8: Completed APPEND_ENTRIES, lastRequest: null
2023-10-04 17:31:01,084 [grpc-default-executor-1] WARN  server.GrpcServerProtocolService (LogUtils.java:warn(122)) - de7ceff0-6407-4127-9c69-f263aab5871b: APPEND_ENTRIES onError, lastRequest: 3f00e8f6-b1cf-4c66-adc6-49812d80e8b8->de7ceff0-6407-4127-9c69-f263aab5871b#12-t1,previous=(t:1, i:7),leaderCommit=6,initializing? true,entries: size=1, first=(t:1, i:8), METADATAENTRY(c:6): org.apache.ratis.thirdparty.io.grpc.StatusRuntimeException: CANCELLED: client cancelled
2023-10-04 17:31:01,089 [ForkJoinPool.commonPool-worker-1] INFO  ozoneimpl.OzoneContainer (OzoneContainer.java:stop(451)) - Attempting to stop container services.
2023-10-04 17:31:01,088 [grpc-default-executor-9] INFO  server.GrpcServerProtocolService (GrpcServerProtocolService.java:onCompleted(155)) - de7ceff0-6407-4127-9c69-f263aab5871b: Completed APPEND_ENTRIES, lastRequest: null
2023-10-04 17:31:01,090 [grpc-default-executor-8] WARN  server.GrpcLogAppender (LogUtils.java:warn(122)) - 3f00e8f6-b1cf-4c66-adc6-49812d80e8b8@group-80372E8A5B71->de7ceff0-6407-4127-9c69-f263aab5871b-AppendLogResponseHandler: Failed appendEntries: org.apache.ratis.thirdparty.io.grpc.StatusRuntimeException: CANCELLED: RST_STREAM closed stream. HTTP/2 error code: CANCEL
2023-10-04 17:31:01,093 [grpc-default-executor-8] INFO  leader.FollowerInfo (FollowerInfoImpl.java:lambda$new$0(52)) - 3f00e8f6-b1cf-4c66-adc6-49812d80e8b8@group-80372E8A5B71->de7ceff0-6407-4127-9c69-f263aab5871b: decreaseNextIndex nextIndex: updateUnconditionally 9 -> 8
2023-10-04 17:31:01,096 [grpc-default-executor-10] INFO  server.GrpcServerProtocolService (GrpcServerProtocolService.java:lambda$onCompleted$5(157)) - 3f00e8f6-b1cf-4c66-adc6-49812d80e8b8: Completed APPEND_ENTRIES, lastReply: serverReply {
  requestorId: "f9d37fed-45fc-460e-afd0-cdcd65402720"
  replyId: "3f00e8f6-b1cf-4c66-adc6-49812d80e8b8"
  raftGroupId {
    id: "X\373\362\261\237sN\202\242\3142\034Zky\370"
  }
  callId: 64
  success: true
}
term: 1
nextIndex: 19
followerCommit: 18
matchIndex: 18446744073709551615
isHearbeat: true

2023-10-04 17:31:01,097 [main] INFO  server.GrpcService (GrpcService.java:closeImpl(320)) - de7ceff0-6407-4127-9c69-f263aab5871b: shutdown server GrpcServerProtocolService successfully
2023-10-04 17:31:01,097 [main] INFO  server.GrpcService (GrpcService.java:closeImpl(311)) - de7ceff0-6407-4127-9c69-f263aab5871b: shutdown server org.apache.ratis.grpc.server.GrpcAdminProtocolService now
2023-10-04 17:31:01,104 [grpc-default-executor-12] INFO  server.GrpcLogAppender (GrpcLogAppender.java:onCompleted(428)) - f9d37fed-45fc-460e-afd0-cdcd65402720@group-321C5A6B79F8->3f00e8f6-b1cf-4c66-adc6-49812d80e8b8-AppendLogResponseHandler: follower responses appendEntries COMPLETED
2023-10-04 17:31:01,104 [grpc-default-executor-12] WARN  server.GrpcLogAppender (GrpcLogAppender.java:resetClient(137)) - f9d37fed-45fc-460e-afd0-cdcd65402720@group-321C5A6B79F8->3f00e8f6-b1cf-4c66-adc6-49812d80e8b8-GrpcLogAppender: Failed to getClient for 3f00e8f6-b1cf-4c66-adc6-49812d80e8b8
org.apache.ratis.protocol.exceptions.AlreadyClosedException: f9d37fed-45fc-460e-afd0-cdcd65402720 is already CLOSED
	at org.apache.ratis.util.PeerProxyMap$PeerAndProxy.getProxy(PeerProxyMap.java:61)
	at org.apache.ratis.util.PeerProxyMap.getProxy(PeerProxyMap.java:115)
	at org.apache.ratis.grpc.server.GrpcLogAppender.getClient(GrpcLogAppender.java:112)
	at org.apache.ratis.grpc.server.GrpcLogAppender.resetClient(GrpcLogAppender.java:117)
	at org.apache.ratis.grpc.server.GrpcLogAppender.access$500(GrpcLogAppender.java:56)
	at org.apache.ratis.grpc.server.GrpcLogAppender$AppendLogResponseHandler.onCompleted(GrpcLogAppender.java:429)
	at org.apache.ratis.thirdparty.io.grpc.stub.ClientCalls$StreamObserverToCallListenerAdapter.onClose(ClientCalls.java:485)
	at org.apache.ratis.thirdparty.io.grpc.internal.ClientCallImpl.closeObserver(ClientCallImpl.java:563)
	at org.apache.ratis.thirdparty.io.grpc.internal.ClientCallImpl.access$300(ClientCallImpl.java:70)
	at org.apache.ratis.thirdparty.io.grpc.internal.ClientCallImpl$ClientStreamListenerImpl$1StreamClosed.runInternal(ClientCallImpl.java:744)
	at org.apache.ratis.thirdparty.io.grpc.internal.ClientCallImpl$ClientStreamListenerImpl$1StreamClosed.runInContext(ClientCallImpl.java:723)
	at org.apache.ratis.thirdparty.io.grpc.internal.ContextRunnable.run(ContextRunnable.java:37)
	at org.apache.ratis.thirdparty.io.grpc.internal.SerializingExecutor.run(SerializingExecutor.java:133)
	at java.util.concurrent.ThreadPoolExecutor.runWorker(ThreadPoolExecutor.java:1149)
	at java.util.concurrent.ThreadPoolExecutor$Worker.run(ThreadPoolExecutor.java:624)
	at java.lang.Thread.run(Thread.java:750)
2023-10-04 17:31:01,119 [ForkJoinPool.commonPool-worker-1] INFO  server.RaftServer (RaftServerProxy.java:lambda$close$6(416)) - 3f00e8f6-b1cf-4c66-adc6-49812d80e8b8: close
2023-10-04 17:31:01,119 [grpc-default-executor-9] INFO  server.GrpcServerProtocolService (GrpcServerProtocolService.java:lambda$onCompleted$5(157)) - de7ceff0-6407-4127-9c69-f263aab5871b: Completed APPEND_ENTRIES, lastReply: serverReply {
  requestorId: "f9d37fed-45fc-460e-afd0-cdcd65402720"
  replyId: "de7ceff0-6407-4127-9c69-f263aab5871b"
  raftGroupId {
    id: "X\373\362\261\237sN\202\242\3142\034Zky\370"
  }
  callId: 65
  success: true
}
term: 1
nextIndex: 19
followerCommit: 18
matchIndex: 18446744073709551615
isHearbeat: true

2023-10-04 17:31:01,119 [grpc-default-executor-7] INFO  server.GrpcLogAppender (GrpcLogAppender.java:onError(417)) - f9d37fed-45fc-460e-afd0-cdcd65402720@group-321C5A6B79F8->de7ceff0-6407-4127-9c69-f263aab5871b-GrpcLogAppender is already stopped
2023-10-04 17:31:01,119 [f9d37fed-45fc-460e-afd0-cdcd65402720@group-B70DFC59A970-StateMachineUpdater] INFO  ratis.ContainerStateMachine (ContainerStateMachine.java:takeSnapshot(341)) - group-B70DFC59A970: Finished taking a snapshot at:(t:1, i:0) file:/home/runner/work/ozone/ozone/hadoop-ozone/integration-test/target/test-dir/MiniOzoneClusterImpl-da1d4460-e54b-4a34-859f-b12e99aef92e/datanode-1/data/ratis/45a6bee1-abcb-477f-ac20-b70dfc59a970/sm/snapshot.1_0 took: 88 ms
2023-10-04 17:31:01,120 [3f00e8f6-b1cf-4c66-adc6-49812d80e8b8-impl-thread2] INFO  server.RaftServer$Division (RaftServerImpl.java:lambda$close$4(466)) - 3f00e8f6-b1cf-4c66-adc6-49812d80e8b8@group-80372E8A5B71: shutdown
2023-10-04 17:31:01,120 [3f00e8f6-b1cf-4c66-adc6-49812d80e8b8-impl-thread2] INFO  util.JmxRegister (JmxRegister.java:unregister(73)) - Successfully un-registered JMX Bean with object name Ratis:service=RaftServer,group=group-80372E8A5B71,id=3f00e8f6-b1cf-4c66-adc6-49812d80e8b8
2023-10-04 17:31:01,120 [3f00e8f6-b1cf-4c66-adc6-49812d80e8b8-impl-thread2] INFO  impl.RoleInfo (RoleInfo.java:shutdownLeaderState(93)) - 3f00e8f6-b1cf-4c66-adc6-49812d80e8b8: shutdown 3f00e8f6-b1cf-4c66-adc6-49812d80e8b8@group-80372E8A5B71-LeaderStateImpl
2023-10-04 17:31:01,120 [3f00e8f6-b1cf-4c66-adc6-49812d80e8b8-impl-thread3] INFO  server.RaftServer$Division (RaftServerImpl.java:lambda$close$4(466)) - 3f00e8f6-b1cf-4c66-adc6-49812d80e8b8@group-321C5A6B79F8: shutdown
2023-10-04 17:31:01,120 [3f00e8f6-b1cf-4c66-adc6-49812d80e8b8-impl-thread3] INFO  util.JmxRegister (JmxRegister.java:unregister(73)) - Successfully un-registered JMX Bean with object name Ratis:service=RaftServer,group=group-321C5A6B79F8,id=3f00e8f6-b1cf-4c66-adc6-49812d80e8b8
2023-10-04 17:31:01,120 [3f00e8f6-b1cf-4c66-adc6-49812d80e8b8-impl-thread3] INFO  impl.RoleInfo (RoleInfo.java:shutdownFollowerState(110)) - 3f00e8f6-b1cf-4c66-adc6-49812d80e8b8: shutdown 3f00e8f6-b1cf-4c66-adc6-49812d80e8b8@group-321C5A6B79F8-FollowerState
2023-10-04 17:31:01,120 [ForkJoinPool.commonPool-worker-1] INFO  server.GrpcService (GrpcService.java:closeImpl(311)) - 3f00e8f6-b1cf-4c66-adc6-49812d80e8b8: shutdown server org.apache.ratis.grpc.server.GrpcClientProtocolService now
2023-10-04 17:31:01,120 [f9d37fed-45fc-460e-afd0-cdcd65402720@group-B70DFC59A970-StateMachineUpdater] INFO  impl.StateMachineUpdater (StateMachineUpdater.java:takeSnapshot(291)) - f9d37fed-45fc-460e-afd0-cdcd65402720@group-B70DFC59A970-StateMachineUpdater: Took a snapshot at index 0
2023-10-04 17:31:01,121 [f9d37fed-45fc-460e-afd0-cdcd65402720@group-B70DFC59A970-StateMachineUpdater] INFO  impl.StateMachineUpdater (StateMachineUpdater.java:lambda$new$0(97)) - f9d37fed-45fc-460e-afd0-cdcd65402720@group-B70DFC59A970-StateMachineUpdater: snapshotIndex: updateIncreasingly -1 -> 0
2023-10-04 17:31:01,121 [3f00e8f6-b1cf-4c66-adc6-49812d80e8b8-impl-thread4] INFO  server.RaftServer$Division (RaftServerImpl.java:lambda$close$4(466)) - 3f00e8f6-b1cf-4c66-adc6-49812d80e8b8@group-C577C6CD19EB: shutdown
2023-10-04 17:31:01,121 [3f00e8f6-b1cf-4c66-adc6-49812d80e8b8-impl-thread4] INFO  util.JmxRegister (JmxRegister.java:unregister(73)) - Successfully un-registered JMX Bean with object name Ratis:service=RaftServer,group=group-C577C6CD19EB,id=3f00e8f6-b1cf-4c66-adc6-49812d80e8b8
2023-10-04 17:31:01,121 [3f00e8f6-b1cf-4c66-adc6-49812d80e8b8-impl-thread4] INFO  impl.RoleInfo (RoleInfo.java:shutdownLeaderState(93)) - 3f00e8f6-b1cf-4c66-adc6-49812d80e8b8: shutdown 3f00e8f6-b1cf-4c66-adc6-49812d80e8b8@group-C577C6CD19EB-LeaderStateImpl
2023-10-04 17:31:01,121 [3f00e8f6-b1cf-4c66-adc6-49812d80e8b8-impl-thread4] INFO  impl.PendingRequests (PendingRequests.java:sendNotLeaderResponses(289)) - 3f00e8f6-b1cf-4c66-adc6-49812d80e8b8@group-C577C6CD19EB-PendingRequests: sendNotLeaderResponses
2023-10-04 17:31:01,121 [3f00e8f6-b1cf-4c66-adc6-49812d80e8b8@group-C577C6CD19EB-StateMachineUpdater] INFO  ratis.ContainerStateMachine (ContainerStateMachine.java:takeSnapshot(330)) - group-C577C6CD19EB: Taking a snapshot at:(t:1, i:0) file /home/runner/work/ozone/ozone/hadoop-ozone/integration-test/target/test-dir/MiniOzoneClusterImpl-da1d4460-e54b-4a34-859f-b12e99aef92e/datanode-0/data/ratis/4171082b-0074-48a9-a8ac-c577c6cd19eb/sm/snapshot.1_0
2023-10-04 17:31:01,121 [3f00e8f6-b1cf-4c66-adc6-49812d80e8b8-impl-thread4] INFO  impl.StateMachineUpdater (StateMachineUpdater.java:stopAndJoin(155)) - 3f00e8f6-b1cf-4c66-adc6-49812d80e8b8@group-C577C6CD19EB-StateMachineUpdater: set stopIndex = 0
2023-10-04 17:31:01,122 [3f00e8f6-b1cf-4c66-adc6-49812d80e8b8@group-C577C6CD19EB-StateMachineUpdater] INFO  ratis.ContainerStateMachine (ContainerStateMachine.java:takeSnapshot(341)) - group-C577C6CD19EB: Finished taking a snapshot at:(t:1, i:0) file:/home/runner/work/ozone/ozone/hadoop-ozone/integration-test/target/test-dir/MiniOzoneClusterImpl-da1d4460-e54b-4a34-859f-b12e99aef92e/datanode-0/data/ratis/4171082b-0074-48a9-a8ac-c577c6cd19eb/sm/snapshot.1_0 took: 1 ms
2023-10-04 17:31:01,122 [3f00e8f6-b1cf-4c66-adc6-49812d80e8b8@group-C577C6CD19EB-StateMachineUpdater] INFO  impl.StateMachineUpdater (StateMachineUpdater.java:takeSnapshot(291)) - 3f00e8f6-b1cf-4c66-adc6-49812d80e8b8@group-C577C6CD19EB-StateMachineUpdater: Took a snapshot at index 0
2023-10-04 17:31:01,122 [3f00e8f6-b1cf-4c66-adc6-49812d80e8b8@group-C577C6CD19EB-StateMachineUpdater] INFO  impl.StateMachineUpdater (StateMachineUpdater.java:lambda$new$0(97)) - 3f00e8f6-b1cf-4c66-adc6-49812d80e8b8@group-C577C6CD19EB-StateMachineUpdater: snapshotIndex: updateIncreasingly -1 -> 0
2023-10-04 17:31:01,123 [main] INFO  server.GrpcService (GrpcService.java:closeImpl(320)) - de7ceff0-6407-4127-9c69-f263aab5871b: shutdown server org.apache.ratis.grpc.server.GrpcAdminProtocolService successfully
2023-10-04 17:31:01,123 [de7ceff0-6407-4127-9c69-f263aab5871b-NettyServerStreamRpc-bossGroup--thread1] INFO  logging.LoggingHandler (AbstractInternalLogger.java:log(148)) - [id: 0x9741c2b1, L:/0:0:0:0:0:0:0:0:15033] CLOSE
2023-10-04 17:31:01,123 [de7ceff0-6407-4127-9c69-f263aab5871b-NettyServerStreamRpc-bossGroup--thread1] INFO  logging.LoggingHandler (AbstractInternalLogger.java:log(148)) - [id: 0x9741c2b1, L:/0:0:0:0:0:0:0:0:15033] INACTIVE
2023-10-04 17:31:01,123 [de7ceff0-6407-4127-9c69-f263aab5871b-NettyServerStreamRpc-bossGroup--thread1] INFO  logging.LoggingHandler (AbstractInternalLogger.java:log(148)) - [id: 0x9741c2b1, L:/0:0:0:0:0:0:0:0:15033] UNREGISTERED
2023-10-04 17:31:01,123 [de7ceff0-6407-4127-9c69-f263aab5871b@group-158A427F0AF5-StateMachineUpdater] INFO  ratis.ContainerStateMachine (ContainerStateMachine.java:takeSnapshot(341)) - group-158A427F0AF5: Finished taking a snapshot at:(t:1, i:0) file:/home/runner/work/ozone/ozone/hadoop-ozone/integration-test/target/test-dir/MiniOzoneClusterImpl-da1d4460-e54b-4a34-859f-b12e99aef92e/datanode-2/data/ratis/2471be4c-7022-43dd-bd90-158a427f0af5/sm/snapshot.1_0 took: 100 ms
2023-10-04 17:31:01,124 [de7ceff0-6407-4127-9c69-f263aab5871b@group-158A427F0AF5-StateMachineUpdater] INFO  impl.StateMachineUpdater (StateMachineUpdater.java:takeSnapshot(291)) - de7ceff0-6407-4127-9c69-f263aab5871b@group-158A427F0AF5-StateMachineUpdater: Took a snapshot at index 0
2023-10-04 17:31:01,124 [de7ceff0-6407-4127-9c69-f263aab5871b@group-158A427F0AF5-StateMachineUpdater] INFO  impl.StateMachineUpdater (StateMachineUpdater.java:lambda$new$0(97)) - de7ceff0-6407-4127-9c69-f263aab5871b@group-158A427F0AF5-StateMachineUpdater: snapshotIndex: updateIncreasingly -1 -> 0
2023-10-04 17:31:01,124 [3f00e8f6-b1cf-4c66-adc6-49812d80e8b8-impl-thread3] INFO  impl.StateMachineUpdater (StateMachineUpdater.java:stopAndJoin(155)) - 3f00e8f6-b1cf-4c66-adc6-49812d80e8b8@group-321C5A6B79F8-StateMachineUpdater: set stopIndex = 21
2023-10-04 17:31:01,125 [3f00e8f6-b1cf-4c66-adc6-49812d80e8b8@group-321C5A6B79F8-FollowerState] INFO  impl.FollowerState (FollowerState.java:run(152)) - 3f00e8f6-b1cf-4c66-adc6-49812d80e8b8@group-321C5A6B79F8-FollowerState was interrupted
2023-10-04 17:31:01,125 [3f00e8f6-b1cf-4c66-adc6-49812d80e8b8@group-80372E8A5B71->f9d37fed-45fc-460e-afd0-cdcd65402720-GrpcLogAppender-LogAppenderDaemon] WARN  server.GrpcLogAppender (GrpcLogAppender.java:mayWait(199)) - 3f00e8f6-b1cf-4c66-adc6-49812d80e8b8@group-80372E8A5B71->f9d37fed-45fc-460e-afd0-cdcd65402720-GrpcLogAppender: Wait interrupted by java.lang.InterruptedException
2023-10-04 17:31:01,125 [3f00e8f6-b1cf-4c66-adc6-49812d80e8b8@group-321C5A6B79F8-StateMachineUpdater] INFO  ratis.ContainerStateMachine (ContainerStateMachine.java:takeSnapshot(330)) - group-321C5A6B79F8: Taking a snapshot at:(t:1, i:21) file /home/runner/work/ozone/ozone/hadoop-ozone/integration-test/target/test-dir/MiniOzoneClusterImpl-da1d4460-e54b-4a34-859f-b12e99aef92e/datanode-0/data/ratis/58fbf2b1-9f73-4e82-a2cc-321c5a6b79f8/sm/snapshot.1_21
2023-10-04 17:31:01,125 [3f00e8f6-b1cf-4c66-adc6-49812d80e8b8-impl-thread2] INFO  impl.PendingRequests (PendingRequests.java:sendNotLeaderResponses(289)) - 3f00e8f6-b1cf-4c66-adc6-49812d80e8b8@group-80372E8A5B71-PendingRequests: sendNotLeaderResponses
2023-10-04 17:31:01,134 [de7ceff0-6407-4127-9c69-f263aab5871b@group-80372E8A5B71-StateMachineUpdater] INFO  ratis.ContainerStateMachine (ContainerStateMachine.java:takeSnapshot(341)) - group-80372E8A5B71: Finished taking a snapshot at:(t:1, i:8) file:/home/runner/work/ozone/ozone/hadoop-ozone/integration-test/target/test-dir/MiniOzoneClusterImpl-da1d4460-e54b-4a34-859f-b12e99aef92e/datanode-2/data/ratis/98d6e81a-3aed-413a-9200-80372e8a5b71/sm/snapshot.1_8 took: 82 ms
2023-10-04 17:31:01,134 [de7ceff0-6407-4127-9c69-f263aab5871b@group-80372E8A5B71-StateMachineUpdater] INFO  impl.StateMachineUpdater (StateMachineUpdater.java:takeSnapshot(291)) - de7ceff0-6407-4127-9c69-f263aab5871b@group-80372E8A5B71-StateMachineUpdater: Took a snapshot at index 8
2023-10-04 17:31:01,135 [de7ceff0-6407-4127-9c69-f263aab5871b@group-80372E8A5B71-StateMachineUpdater] INFO  impl.StateMachineUpdater (StateMachineUpdater.java:lambda$new$0(97)) - de7ceff0-6407-4127-9c69-f263aab5871b@group-80372E8A5B71-StateMachineUpdater: snapshotIndex: updateIncreasingly -1 -> 8
2023-10-04 17:31:01,134 [de7ceff0-6407-4127-9c69-f263aab5871b@group-321C5A6B79F8-StateMachineUpdater] INFO  ratis.ContainerStateMachine (ContainerStateMachine.java:takeSnapshot(341)) - group-321C5A6B79F8: Finished taking a snapshot at:(t:1, i:21) file:/home/runner/work/ozone/ozone/hadoop-ozone/integration-test/target/test-dir/MiniOzoneClusterImpl-da1d4460-e54b-4a34-859f-b12e99aef92e/datanode-2/data/ratis/58fbf2b1-9f73-4e82-a2cc-321c5a6b79f8/sm/snapshot.1_21 took: 82 ms
2023-10-04 17:31:01,134 [f9d37fed-45fc-460e-afd0-cdcd65402720@group-80372E8A5B71-StateMachineUpdater] INFO  ratis.ContainerStateMachine (ContainerStateMachine.java:takeSnapshot(341)) - group-80372E8A5B71: Finished taking a snapshot at:(t:1, i:8) file:/home/runner/work/ozone/ozone/hadoop-ozone/integration-test/target/test-dir/MiniOzoneClusterImpl-da1d4460-e54b-4a34-859f-b12e99aef92e/datanode-1/data/ratis/98d6e81a-3aed-413a-9200-80372e8a5b71/sm/snapshot.1_8 took: 82 ms
2023-10-04 17:31:01,134 [3f00e8f6-b1cf-4c66-adc6-49812d80e8b8@group-80372E8A5B71->de7ceff0-6407-4127-9c69-f263aab5871b-GrpcLogAppender-LogAppenderDaemon] WARN  server.GrpcLogAppender (GrpcLogAppender.java:mayWait(199)) - 3f00e8f6-b1cf-4c66-adc6-49812d80e8b8@group-80372E8A5B71->de7ceff0-6407-4127-9c69-f263aab5871b-GrpcLogAppender: Wait interrupted by java.lang.InterruptedException
2023-10-04 17:31:01,134 [f9d37fed-45fc-460e-afd0-cdcd65402720@group-321C5A6B79F8-StateMachineUpdater] INFO  ratis.ContainerStateMachine (ContainerStateMachine.java:takeSnapshot(341)) - group-321C5A6B79F8: Finished taking a snapshot at:(t:1, i:22) file:/home/runner/work/ozone/ozone/hadoop-ozone/integration-test/target/test-dir/MiniOzoneClusterImpl-da1d4460-e54b-4a34-859f-b12e99aef92e/datanode-1/data/ratis/58fbf2b1-9f73-4e82-a2cc-321c5a6b79f8/sm/snapshot.1_22 took: 73 ms
2023-10-04 17:31:01,132 [grpc-default-executor-12] INFO  server.GrpcLogAppender (GrpcLogAppender.java:onError(417)) - f9d37fed-45fc-460e-afd0-cdcd65402720@group-321C5A6B79F8->de7ceff0-6407-4127-9c69-f263aab5871b-GrpcLogAppender is already stopped
2023-10-04 17:31:01,132 [grpc-default-executor-11] INFO  server.GrpcLogAppender (GrpcLogAppender.java:onError(417)) - 3f00e8f6-b1cf-4c66-adc6-49812d80e8b8@group-80372E8A5B71->de7ceff0-6407-4127-9c69-f263aab5871b-GrpcLogAppender is already stopped
2023-10-04 17:31:01,131 [grpc-default-executor-10] WARN  server.GrpcClientProtocolService (LogUtils.java:warn(122)) - 0-OrderedRequestStreamObserver0: onError: org.apache.ratis.thirdparty.io.grpc.StatusRuntimeException: CANCELLED: client cancelled
2023-10-04 17:31:01,136 [3f00e8f6-b1cf-4c66-adc6-49812d80e8b8@group-321C5A6B79F8-StateMachineUpdater] INFO  ratis.ContainerStateMachine (ContainerStateMachine.java:takeSnapshot(341)) - group-321C5A6B79F8: Finished taking a snapshot at:(t:1, i:21) file:/home/runner/work/ozone/ozone/hadoop-ozone/integration-test/target/test-dir/MiniOzoneClusterImpl-da1d4460-e54b-4a34-859f-b12e99aef92e/datanode-0/data/ratis/58fbf2b1-9f73-4e82-a2cc-321c5a6b79f8/sm/snapshot.1_21 took: 11 ms
2023-10-04 17:31:01,136 [f9d37fed-45fc-460e-afd0-cdcd65402720@group-80372E8A5B71-StateMachineUpdater] INFO  impl.StateMachineUpdater (StateMachineUpdater.java:takeSnapshot(291)) - f9d37fed-45fc-460e-afd0-cdcd65402720@group-80372E8A5B71-StateMachineUpdater: Took a snapshot at index 8
2023-10-04 17:31:01,136 [3f00e8f6-b1cf-4c66-adc6-49812d80e8b8@group-321C5A6B79F8-StateMachineUpdater] INFO  impl.StateMachineUpdater (StateMachineUpdater.java:takeSnapshot(291)) - 3f00e8f6-b1cf-4c66-adc6-49812d80e8b8@group-321C5A6B79F8-StateMachineUpdater: Took a snapshot at index 21
2023-10-04 17:31:01,136 [3f00e8f6-b1cf-4c66-adc6-49812d80e8b8@group-321C5A6B79F8-StateMachineUpdater] INFO  impl.StateMachineUpdater (StateMachineUpdater.java:lambda$new$0(97)) - 3f00e8f6-b1cf-4c66-adc6-49812d80e8b8@group-321C5A6B79F8-StateMachineUpdater: snapshotIndex: updateIncreasingly -1 -> 21
2023-10-04 17:31:01,136 [f9d37fed-45fc-460e-afd0-cdcd65402720@group-321C5A6B79F8-StateMachineUpdater] INFO  impl.StateMachineUpdater (StateMachineUpdater.java:takeSnapshot(291)) - f9d37fed-45fc-460e-afd0-cdcd65402720@group-321C5A6B79F8-StateMachineUpdater: Took a snapshot at index 22
2023-10-04 17:31:01,136 [f9d37fed-45fc-460e-afd0-cdcd65402720@group-321C5A6B79F8-StateMachineUpdater] INFO  impl.StateMachineUpdater (StateMachineUpdater.java:lambda$new$0(97)) - f9d37fed-45fc-460e-afd0-cdcd65402720@group-321C5A6B79F8-StateMachineUpdater: snapshotIndex: updateIncreasingly -1 -> 22
2023-10-04 17:31:01,130 [Thread-535] INFO  server.GrpcServerProtocolClient (GrpcServerProtocolClient.java:close(103)) - de7ceff0-6407-4127-9c69-f263aab5871b Close channels
2023-10-04 17:31:01,130 [3f00e8f6-b1cf-4c66-adc6-49812d80e8b8-impl-thread4] INFO  server.RaftServer$Division (ServerState.java:close(472)) - 3f00e8f6-b1cf-4c66-adc6-49812d80e8b8@group-C577C6CD19EB: closes. applyIndex: 0
2023-10-04 17:31:01,130 [de7ceff0-6407-4127-9c69-f263aab5871b-impl-thread2] INFO  server.RaftServer$Division (ServerState.java:close(472)) - de7ceff0-6407-4127-9c69-f263aab5871b@group-158A427F0AF5: closes. applyIndex: 0
2023-10-04 17:31:01,137 [de7ceff0-6407-4127-9c69-f263aab5871b@group-321C5A6B79F8-StateMachineUpdater] INFO  impl.StateMachineUpdater (StateMachineUpdater.java:takeSnapshot(291)) - de7ceff0-6407-4127-9c69-f263aab5871b@group-321C5A6B79F8-StateMachineUpdater: Took a snapshot at index 21
2023-10-04 17:31:01,137 [de7ceff0-6407-4127-9c69-f263aab5871b@group-321C5A6B79F8-StateMachineUpdater] INFO  impl.StateMachineUpdater (StateMachineUpdater.java:lambda$new$0(97)) - de7ceff0-6407-4127-9c69-f263aab5871b@group-321C5A6B79F8-StateMachineUpdater: snapshotIndex: updateIncreasingly -1 -> 21
2023-10-04 17:31:01,130 [f9d37fed-45fc-460e-afd0-cdcd65402720-impl-thread2] INFO  server.RaftServer$Division (ServerState.java:close(472)) - f9d37fed-45fc-460e-afd0-cdcd65402720@group-B70DFC59A970: closes. applyIndex: 0
2023-10-04 17:31:01,128 [Thread-533] INFO  server.GrpcServerProtocolClient (GrpcServerProtocolClient.java:close(103)) - f9d37fed-45fc-460e-afd0-cdcd65402720 Close channels
2023-10-04 17:31:01,136 [f9d37fed-45fc-460e-afd0-cdcd65402720@group-80372E8A5B71-StateMachineUpdater] INFO  impl.StateMachineUpdater (StateMachineUpdater.java:lambda$new$0(97)) - f9d37fed-45fc-460e-afd0-cdcd65402720@group-80372E8A5B71-StateMachineUpdater: snapshotIndex: updateIncreasingly -1 -> 8
2023-10-04 17:31:01,151 [f9d37fed-45fc-460e-afd0-cdcd65402720-impl-thread3] INFO  server.RaftServer$Division (ServerState.java:close(472)) - f9d37fed-45fc-460e-afd0-cdcd65402720@group-80372E8A5B71: closes. applyIndex: 8
2023-10-04 17:31:01,151 [de7ceff0-6407-4127-9c69-f263aab5871b-impl-thread4] INFO  server.RaftServer$Division (ServerState.java:close(472)) - de7ceff0-6407-4127-9c69-f263aab5871b@group-321C5A6B79F8: closes. applyIndex: 21
2023-10-04 17:31:01,152 [f9d37fed-45fc-460e-afd0-cdcd65402720-impl-thread4] INFO  server.RaftServer$Division (ServerState.java:close(472)) - f9d37fed-45fc-460e-afd0-cdcd65402720@group-321C5A6B79F8: closes. applyIndex: 22
2023-10-04 17:31:01,153 [3f00e8f6-b1cf-4c66-adc6-49812d80e8b8-impl-thread3] INFO  server.RaftServer$Division (ServerState.java:close(472)) - 3f00e8f6-b1cf-4c66-adc6-49812d80e8b8@group-321C5A6B79F8: closes. applyIndex: 21
2023-10-04 17:31:01,153 [grpc-default-executor-7] INFO  server.GrpcLogAppender (GrpcLogAppender.java:onCompleted(428)) - f9d37fed-45fc-460e-afd0-cdcd65402720@group-321C5A6B79F8->3f00e8f6-b1cf-4c66-adc6-49812d80e8b8-AppendLogResponseHandler: follower responses appendEntries COMPLETED
2023-10-04 17:31:01,153 [grpc-default-executor-7] WARN  server.GrpcLogAppender (GrpcLogAppender.java:resetClient(137)) - f9d37fed-45fc-460e-afd0-cdcd65402720@group-321C5A6B79F8->3f00e8f6-b1cf-4c66-adc6-49812d80e8b8-GrpcLogAppender: Failed to getClient for 3f00e8f6-b1cf-4c66-adc6-49812d80e8b8
org.apache.ratis.protocol.exceptions.AlreadyClosedException: f9d37fed-45fc-460e-afd0-cdcd65402720 is already CLOSED
	at org.apache.ratis.util.PeerProxyMap$PeerAndProxy.getProxy(PeerProxyMap.java:61)
	at org.apache.ratis.util.PeerProxyMap.getProxy(PeerProxyMap.java:115)
	at org.apache.ratis.grpc.server.GrpcLogAppender.getClient(GrpcLogAppender.java:112)
	at org.apache.ratis.grpc.server.GrpcLogAppender.resetClient(GrpcLogAppender.java:117)
	at org.apache.ratis.grpc.server.GrpcLogAppender.access$500(GrpcLogAppender.java:56)
	at org.apache.ratis.grpc.server.GrpcLogAppender$AppendLogResponseHandler.onCompleted(GrpcLogAppender.java:429)
	at org.apache.ratis.thirdparty.io.grpc.stub.ClientCalls$StreamObserverToCallListenerAdapter.onClose(ClientCalls.java:485)
	at org.apache.ratis.thirdparty.io.grpc.internal.ClientCallImpl.closeObserver(ClientCallImpl.java:563)
	at org.apache.ratis.thirdparty.io.grpc.internal.ClientCallImpl.access$300(ClientCallImpl.java:70)
	at org.apache.ratis.thirdparty.io.grpc.internal.ClientCallImpl$ClientStreamListenerImpl$1StreamClosed.runInternal(ClientCallImpl.java:744)
	at org.apache.ratis.thirdparty.io.grpc.internal.ClientCallImpl$ClientStreamListenerImpl$1StreamClosed.runInContext(ClientCallImpl.java:723)
	at org.apache.ratis.thirdparty.io.grpc.internal.ContextRunnable.run(ContextRunnable.java:37)
	at org.apache.ratis.thirdparty.io.grpc.internal.SerializingExecutor.run(SerializingExecutor.java:133)
	at java.util.concurrent.ThreadPoolExecutor.runWorker(ThreadPoolExecutor.java:1149)
	at java.util.concurrent.ThreadPoolExecutor$Worker.run(ThreadPoolExecutor.java:624)
	at java.lang.Thread.run(Thread.java:750)
2023-10-04 17:31:01,154 [de7ceff0-6407-4127-9c69-f263aab5871b-impl-thread3] INFO  server.RaftServer$Division (ServerState.java:close(472)) - de7ceff0-6407-4127-9c69-f263aab5871b@group-80372E8A5B71: closes. applyIndex: 8
2023-10-04 17:31:01,160 [ForkJoinPool.commonPool-worker-2] INFO  ozoneimpl.OzoneContainer (OzoneContainer.java:stop(451)) - Attempting to stop container services.
2023-10-04 17:31:01,159 [ForkJoinPool.commonPool-worker-0] INFO  server.GrpcService (GrpcService.java:closeImpl(320)) - f9d37fed-45fc-460e-afd0-cdcd65402720: shutdown server org.apache.ratis.grpc.server.GrpcClientProtocolService successfully
2023-10-04 17:31:01,162 [ForkJoinPool.commonPool-worker-0] INFO  server.GrpcService (GrpcService.java:closeImpl(311)) - f9d37fed-45fc-460e-afd0-cdcd65402720: shutdown server GrpcServerProtocolService now
2023-10-04 17:31:01,156 [grpc-default-executor-12] INFO  server.GrpcServerProtocolService (GrpcServerProtocolService.java:onCompleted(155)) - f9d37fed-45fc-460e-afd0-cdcd65402720: Completed APPEND_ENTRIES, lastRequest: null
2023-10-04 17:31:01,162 [grpc-default-executor-12] INFO  server.GrpcServerProtocolService (GrpcServerProtocolService.java:lambda$onCompleted$5(157)) - f9d37fed-45fc-460e-afd0-cdcd65402720: Completed APPEND_ENTRIES, lastReply: serverReply {
  requestorId: "3f00e8f6-b1cf-4c66-adc6-49812d80e8b8"
  replyId: "f9d37fed-45fc-460e-afd0-cdcd65402720"
  raftGroupId {
    id: "\230\326\350\032:\355A:\222\000\2007.\212[q"
  }
  callId: 45
  success: true
}
term: 1
nextIndex: 9
followerCommit: 8
matchIndex: 18446744073709551615
isHearbeat: true

2023-10-04 17:31:01,156 [grpc-default-executor-11] INFO  server.GrpcServerProtocolService (GrpcServerProtocolService.java:onCompleted(155)) - f9d37fed-45fc-460e-afd0-cdcd65402720: Completed APPEND_ENTRIES, lastRequest: 3f00e8f6-b1cf-4c66-adc6-49812d80e8b8->f9d37fed-45fc-460e-afd0-cdcd65402720#12-t1,previous=(t:1, i:7),leaderCommit=6,initializing? true,entries: size=1, first=(t:1, i:8), METADATAENTRY(c:6)
2023-10-04 17:31:01,156 [3f00e8f6-b1cf-4c66-adc6-49812d80e8b8@group-80372E8A5B71-StateMachineUpdater] INFO  ratis.ContainerStateMachine (ContainerStateMachine.java:takeSnapshot(330)) - group-80372E8A5B71: Taking a snapshot at:(t:1, i:8) file /home/runner/work/ozone/ozone/hadoop-ozone/integration-test/target/test-dir/MiniOzoneClusterImpl-da1d4460-e54b-4a34-859f-b12e99aef92e/datanode-0/data/ratis/98d6e81a-3aed-413a-9200-80372e8a5b71/sm/snapshot.1_8
2023-10-04 17:31:01,156 [3f00e8f6-b1cf-4c66-adc6-49812d80e8b8-impl-thread2] INFO  impl.StateMachineUpdater (StateMachineUpdater.java:stopAndJoin(155)) - 3f00e8f6-b1cf-4c66-adc6-49812d80e8b8@group-80372E8A5B71-StateMachineUpdater: set stopIndex = 8
2023-10-04 17:31:01,163 [grpc-default-executor-10] INFO  server.GrpcLogAppender (GrpcLogAppender.java:onCompleted(428)) - 3f00e8f6-b1cf-4c66-adc6-49812d80e8b8@group-80372E8A5B71->f9d37fed-45fc-460e-afd0-cdcd65402720-AppendLogResponseHandler: follower responses appendEntries COMPLETED
2023-10-04 17:31:01,163 [grpc-default-executor-10] WARN  server.GrpcLogAppender (GrpcLogAppender.java:resetClient(137)) - 3f00e8f6-b1cf-4c66-adc6-49812d80e8b8@group-80372E8A5B71->f9d37fed-45fc-460e-afd0-cdcd65402720-GrpcLogAppender: Failed to getClient for f9d37fed-45fc-460e-afd0-cdcd65402720
org.apache.ratis.protocol.exceptions.AlreadyClosedException: 3f00e8f6-b1cf-4c66-adc6-49812d80e8b8 is already CLOSED
	at org.apache.ratis.util.PeerProxyMap$PeerAndProxy.getProxy(PeerProxyMap.java:61)
	at org.apache.ratis.util.PeerProxyMap.getProxy(PeerProxyMap.java:115)
	at org.apache.ratis.grpc.server.GrpcLogAppender.getClient(GrpcLogAppender.java:112)
	at org.apache.ratis.grpc.server.GrpcLogAppender.resetClient(GrpcLogAppender.java:117)
	at org.apache.ratis.grpc.server.GrpcLogAppender.access$500(GrpcLogAppender.java:56)
	at org.apache.ratis.grpc.server.GrpcLogAppender$AppendLogResponseHandler.onCompleted(GrpcLogAppender.java:429)
	at org.apache.ratis.thirdparty.io.grpc.stub.ClientCalls$StreamObserverToCallListenerAdapter.onClose(ClientCalls.java:485)
	at org.apache.ratis.thirdparty.io.grpc.internal.ClientCallImpl.closeObserver(ClientCallImpl.java:563)
	at org.apache.ratis.thirdparty.io.grpc.internal.ClientCallImpl.access$300(ClientCallImpl.java:70)
	at org.apache.ratis.thirdparty.io.grpc.internal.ClientCallImpl$ClientStreamListenerImpl$1StreamClosed.runInternal(ClientCallImpl.java:744)
	at org.apache.ratis.thirdparty.io.grpc.internal.ClientCallImpl$ClientStreamListenerImpl$1StreamClosed.runInContext(ClientCallImpl.java:723)
	at org.apache.ratis.thirdparty.io.grpc.internal.ContextRunnable.run(ContextRunnable.java:37)
	at org.apache.ratis.thirdparty.io.grpc.internal.SerializingExecutor.run(SerializingExecutor.java:133)
	at java.util.concurrent.ThreadPoolExecutor.runWorker(ThreadPoolExecutor.java:1149)
	at java.util.concurrent.ThreadPoolExecutor$Worker.run(ThreadPoolExecutor.java:624)
	at java.lang.Thread.run(Thread.java:750)
2023-10-04 17:31:01,162 [grpc-default-executor-11] INFO  server.GrpcServerProtocolService (GrpcServerProtocolService.java:lambda$onCompleted$5(157)) - f9d37fed-45fc-460e-afd0-cdcd65402720: Completed APPEND_ENTRIES, lastReply: null
2023-10-04 17:31:01,164 [3f00e8f6-b1cf-4c66-adc6-49812d80e8b8@group-80372E8A5B71-StateMachineUpdater] INFO  ratis.ContainerStateMachine (ContainerStateMachine.java:takeSnapshot(341)) - group-80372E8A5B71: Finished taking a snapshot at:(t:1, i:8) file:/home/runner/work/ozone/ozone/hadoop-ozone/integration-test/target/test-dir/MiniOzoneClusterImpl-da1d4460-e54b-4a34-859f-b12e99aef92e/datanode-0/data/ratis/98d6e81a-3aed-413a-9200-80372e8a5b71/sm/snapshot.1_8 took: 8 ms
2023-10-04 17:31:01,164 [3f00e8f6-b1cf-4c66-adc6-49812d80e8b8@group-80372E8A5B71-StateMachineUpdater] INFO  impl.StateMachineUpdater (StateMachineUpdater.java:takeSnapshot(291)) - 3f00e8f6-b1cf-4c66-adc6-49812d80e8b8@group-80372E8A5B71-StateMachineUpdater: Took a snapshot at index 8
2023-10-04 17:31:01,164 [3f00e8f6-b1cf-4c66-adc6-49812d80e8b8@group-80372E8A5B71-StateMachineUpdater] INFO  impl.StateMachineUpdater (StateMachineUpdater.java:lambda$new$0(97)) - 3f00e8f6-b1cf-4c66-adc6-49812d80e8b8@group-80372E8A5B71-StateMachineUpdater: snapshotIndex: updateIncreasingly -1 -> 8
2023-10-04 17:31:01,165 [3f00e8f6-b1cf-4c66-adc6-49812d80e8b8-impl-thread2] INFO  server.RaftServer$Division (ServerState.java:close(472)) - 3f00e8f6-b1cf-4c66-adc6-49812d80e8b8@group-80372E8A5B71: closes. applyIndex: 8
2023-10-04 17:31:01,167 [ForkJoinPool.commonPool-worker-2] INFO  server.RaftServer (RaftServerProxy.java:lambda$close$6(416)) - 49b21075-65f4-471d-b0a6-7943aa3ff632: close
2023-10-04 17:31:01,174 [ForkJoinPool.commonPool-worker-2] INFO  server.GrpcService (GrpcService.java:closeImpl(311)) - 49b21075-65f4-471d-b0a6-7943aa3ff632: shutdown server org.apache.ratis.grpc.server.GrpcClientProtocolService now
2023-10-04 17:31:01,174 [49b21075-65f4-471d-b0a6-7943aa3ff632-impl-thread2] INFO  server.RaftServer$Division (RaftServerImpl.java:lambda$close$4(466)) - 49b21075-65f4-471d-b0a6-7943aa3ff632@group-0BAB566302E3: shutdown
2023-10-04 17:31:01,174 [49b21075-65f4-471d-b0a6-7943aa3ff632-impl-thread2] INFO  util.JmxRegister (JmxRegister.java:unregister(73)) - Successfully un-registered JMX Bean with object name Ratis:service=RaftServer,group=group-0BAB566302E3,id=49b21075-65f4-471d-b0a6-7943aa3ff632
2023-10-04 17:31:01,174 [49b21075-65f4-471d-b0a6-7943aa3ff632-impl-thread2] INFO  impl.RoleInfo (RoleInfo.java:shutdownLeaderState(93)) - 49b21075-65f4-471d-b0a6-7943aa3ff632: shutdown 49b21075-65f4-471d-b0a6-7943aa3ff632@group-0BAB566302E3-LeaderStateImpl
2023-10-04 17:31:01,175 [49b21075-65f4-471d-b0a6-7943aa3ff632-impl-thread2] INFO  impl.PendingRequests (PendingRequests.java:sendNotLeaderResponses(289)) - 49b21075-65f4-471d-b0a6-7943aa3ff632@group-0BAB566302E3-PendingRequests: sendNotLeaderResponses
2023-10-04 17:31:01,175 [49b21075-65f4-471d-b0a6-7943aa3ff632-impl-thread2] INFO  impl.StateMachineUpdater (StateMachineUpdater.java:stopAndJoin(155)) - 49b21075-65f4-471d-b0a6-7943aa3ff632@group-0BAB566302E3-StateMachineUpdater: set stopIndex = 0
2023-10-04 17:31:01,175 [ForkJoinPool.commonPool-worker-2] INFO  server.GrpcService (GrpcService.java:closeImpl(320)) - 49b21075-65f4-471d-b0a6-7943aa3ff632: shutdown server org.apache.ratis.grpc.server.GrpcClientProtocolService successfully
2023-10-04 17:31:01,175 [ForkJoinPool.commonPool-worker-2] INFO  server.GrpcService (GrpcService.java:closeImpl(311)) - 49b21075-65f4-471d-b0a6-7943aa3ff632: shutdown server GrpcServerProtocolService now
2023-10-04 17:31:01,175 [49b21075-65f4-471d-b0a6-7943aa3ff632@group-0BAB566302E3-StateMachineUpdater] INFO  ratis.ContainerStateMachine (ContainerStateMachine.java:takeSnapshot(330)) - group-0BAB566302E3: Taking a snapshot at:(t:1, i:0) file /home/runner/work/ozone/ozone/hadoop-ozone/integration-test/target/test-dir/MiniOzoneClusterImpl-da1d4460-e54b-4a34-859f-b12e99aef92e/datanode-4/data/ratis/57d6e41b-4add-47c3-81b0-0bab566302e3/sm/snapshot.1_0
2023-10-04 17:31:01,176 [49b21075-65f4-471d-b0a6-7943aa3ff632@group-0BAB566302E3-StateMachineUpdater] INFO  ratis.ContainerStateMachine (ContainerStateMachine.java:takeSnapshot(341)) - group-0BAB566302E3: Finished taking a snapshot at:(t:1, i:0) file:/home/runner/work/ozone/ozone/hadoop-ozone/integration-test/target/test-dir/MiniOzoneClusterImpl-da1d4460-e54b-4a34-859f-b12e99aef92e/datanode-4/data/ratis/57d6e41b-4add-47c3-81b0-0bab566302e3/sm/snapshot.1_0 took: 1 ms
2023-10-04 17:31:01,177 [49b21075-65f4-471d-b0a6-7943aa3ff632@group-0BAB566302E3-StateMachineUpdater] INFO  impl.StateMachineUpdater (StateMachineUpdater.java:takeSnapshot(291)) - 49b21075-65f4-471d-b0a6-7943aa3ff632@group-0BAB566302E3-StateMachineUpdater: Took a snapshot at index 0
2023-10-04 17:31:01,176 [ForkJoinPool.commonPool-worker-0] INFO  server.GrpcService (GrpcService.java:closeImpl(320)) - f9d37fed-45fc-460e-afd0-cdcd65402720: shutdown server GrpcServerProtocolService successfully
2023-10-04 17:31:01,177 [ForkJoinPool.commonPool-worker-0] INFO  server.GrpcService (GrpcService.java:closeImpl(311)) - f9d37fed-45fc-460e-afd0-cdcd65402720: shutdown server org.apache.ratis.grpc.server.GrpcAdminProtocolService now
2023-10-04 17:31:01,177 [grpc-default-executor-12] INFO  server.GrpcLogAppender (GrpcLogAppender.java:onCompleted(428)) - 3f00e8f6-b1cf-4c66-adc6-49812d80e8b8@group-80372E8A5B71->f9d37fed-45fc-460e-afd0-cdcd65402720-AppendLogResponseHandler: follower responses appendEntries COMPLETED
2023-10-04 17:31:01,177 [grpc-default-executor-12] WARN  server.GrpcLogAppender (GrpcLogAppender.java:resetClient(137)) - 3f00e8f6-b1cf-4c66-adc6-49812d80e8b8@group-80372E8A5B71->f9d37fed-45fc-460e-afd0-cdcd65402720-GrpcLogAppender: Failed to getClient for f9d37fed-45fc-460e-afd0-cdcd65402720
org.apache.ratis.protocol.exceptions.AlreadyClosedException: 3f00e8f6-b1cf-4c66-adc6-49812d80e8b8 is already CLOSED
	at org.apache.ratis.util.PeerProxyMap$PeerAndProxy.getProxy(PeerProxyMap.java:61)
	at org.apache.ratis.util.PeerProxyMap.getProxy(PeerProxyMap.java:115)
	at org.apache.ratis.grpc.server.GrpcLogAppender.getClient(GrpcLogAppender.java:112)
	at org.apache.ratis.grpc.server.GrpcLogAppender.resetClient(GrpcLogAppender.java:117)
	at org.apache.ratis.grpc.server.GrpcLogAppender.access$500(GrpcLogAppender.java:56)
	at org.apache.ratis.grpc.server.GrpcLogAppender$AppendLogResponseHandler.onCompleted(GrpcLogAppender.java:429)
	at org.apache.ratis.thirdparty.io.grpc.stub.ClientCalls$StreamObserverToCallListenerAdapter.onClose(ClientCalls.java:485)
	at org.apache.ratis.thirdparty.io.grpc.internal.ClientCallImpl.closeObserver(ClientCallImpl.java:563)
	at org.apache.ratis.thirdparty.io.grpc.internal.ClientCallImpl.access$300(ClientCallImpl.java:70)
	at org.apache.ratis.thirdparty.io.grpc.internal.ClientCallImpl$ClientStreamListenerImpl$1StreamClosed.runInternal(ClientCallImpl.java:744)
	at org.apache.ratis.thirdparty.io.grpc.internal.ClientCallImpl$ClientStreamListenerImpl$1StreamClosed.runInContext(ClientCallImpl.java:723)
	at org.apache.ratis.thirdparty.io.grpc.internal.ContextRunnable.run(ContextRunnable.java:37)
	at org.apache.ratis.thirdparty.io.grpc.internal.SerializingExecutor.run(SerializingExecutor.java:133)
	at java.util.concurrent.ThreadPoolExecutor.runWorker(ThreadPoolExecutor.java:1149)
	at java.util.concurrent.ThreadPoolExecutor$Worker.run(ThreadPoolExecutor.java:624)
	at java.lang.Thread.run(Thread.java:750)
2023-10-04 17:31:01,177 [49b21075-65f4-471d-b0a6-7943aa3ff632@group-0BAB566302E3-StateMachineUpdater] INFO  impl.StateMachineUpdater (StateMachineUpdater.java:lambda$new$0(97)) - 49b21075-65f4-471d-b0a6-7943aa3ff632@group-0BAB566302E3-StateMachineUpdater: snapshotIndex: updateIncreasingly -1 -> 0
2023-10-04 17:31:01,185 [49b21075-65f4-471d-b0a6-7943aa3ff632-impl-thread2] INFO  server.RaftServer$Division (ServerState.java:close(472)) - 49b21075-65f4-471d-b0a6-7943aa3ff632@group-0BAB566302E3: closes. applyIndex: 0
2023-10-04 17:31:01,200 [ForkJoinPool.commonPool-worker-2] INFO  server.GrpcService (GrpcService.java:closeImpl(320)) - 49b21075-65f4-471d-b0a6-7943aa3ff632: shutdown server GrpcServerProtocolService successfully
2023-10-04 17:31:01,200 [ForkJoinPool.commonPool-worker-2] INFO  server.GrpcService (GrpcService.java:closeImpl(311)) - 49b21075-65f4-471d-b0a6-7943aa3ff632: shutdown server org.apache.ratis.grpc.server.GrpcAdminProtocolService now
2023-10-04 17:31:01,200 [ForkJoinPool.commonPool-worker-1] INFO  server.GrpcService (GrpcService.java:closeImpl(320)) - 3f00e8f6-b1cf-4c66-adc6-49812d80e8b8: shutdown server org.apache.ratis.grpc.server.GrpcClientProtocolService successfully
2023-10-04 17:31:01,200 [ForkJoinPool.commonPool-worker-1] INFO  server.GrpcService (GrpcService.java:closeImpl(311)) - 3f00e8f6-b1cf-4c66-adc6-49812d80e8b8: shutdown server GrpcServerProtocolService now
2023-10-04 17:31:01,201 [ForkJoinPool.commonPool-worker-0] INFO  server.GrpcService (GrpcService.java:closeImpl(320)) - f9d37fed-45fc-460e-afd0-cdcd65402720: shutdown server org.apache.ratis.grpc.server.GrpcAdminProtocolService successfully
2023-10-04 17:31:01,210 [ForkJoinPool.commonPool-worker-1] INFO  server.GrpcService (GrpcService.java:closeImpl(320)) - 3f00e8f6-b1cf-4c66-adc6-49812d80e8b8: shutdown server GrpcServerProtocolService successfully
2023-10-04 17:31:01,210 [ForkJoinPool.commonPool-worker-1] INFO  server.GrpcService (GrpcService.java:closeImpl(311)) - 3f00e8f6-b1cf-4c66-adc6-49812d80e8b8: shutdown server org.apache.ratis.grpc.server.GrpcAdminProtocolService now
2023-10-04 17:31:01,211 [ForkJoinPool.commonPool-worker-2] INFO  server.GrpcService (GrpcService.java:closeImpl(320)) - 49b21075-65f4-471d-b0a6-7943aa3ff632: shutdown server org.apache.ratis.grpc.server.GrpcAdminProtocolService successfully
2023-10-04 17:31:01,211 [49b21075-65f4-471d-b0a6-7943aa3ff632-NettyServerStreamRpc-bossGroup--thread1] INFO  logging.LoggingHandler (AbstractInternalLogger.java:log(148)) - [id: 0xa7a62257, L:/0:0:0:0:0:0:0:0:15051] CLOSE
2023-10-04 17:31:01,211 [49b21075-65f4-471d-b0a6-7943aa3ff632-NettyServerStreamRpc-bossGroup--thread1] INFO  logging.LoggingHandler (AbstractInternalLogger.java:log(148)) - [id: 0xa7a62257, L:/0:0:0:0:0:0:0:0:15051] INACTIVE
2023-10-04 17:31:01,211 [49b21075-65f4-471d-b0a6-7943aa3ff632-NettyServerStreamRpc-bossGroup--thread1] INFO  logging.LoggingHandler (AbstractInternalLogger.java:log(148)) - [id: 0xa7a62257, L:/0:0:0:0:0:0:0:0:15051] UNREGISTERED
2023-10-04 17:31:01,211 [ForkJoinPool.commonPool-worker-1] INFO  server.GrpcService (GrpcService.java:closeImpl(320)) - 3f00e8f6-b1cf-4c66-adc6-49812d80e8b8: shutdown server org.apache.ratis.grpc.server.GrpcAdminProtocolService successfully
2023-10-04 17:31:01,216 [3f00e8f6-b1cf-4c66-adc6-49812d80e8b8-NettyServerStreamRpc-bossGroup--thread1] INFO  logging.LoggingHandler (AbstractInternalLogger.java:log(148)) - [id: 0x94e8aeab, L:/0:0:0:0:0:0:0:0:15015] CLOSE
2023-10-04 17:31:01,216 [f9d37fed-45fc-460e-afd0-cdcd65402720-NettyServerStreamRpc-bossGroup--thread1] INFO  logging.LoggingHandler (AbstractInternalLogger.java:log(148)) - [id: 0xf007a68c, L:/0:0:0:0:0:0:0:0:15024] CLOSE
2023-10-04 17:31:01,216 [3f00e8f6-b1cf-4c66-adc6-49812d80e8b8-NettyServerStreamRpc-bossGroup--thread1] INFO  logging.LoggingHandler (AbstractInternalLogger.java:log(148)) - [id: 0x94e8aeab, L:/0:0:0:0:0:0:0:0:15015] INACTIVE
2023-10-04 17:31:01,216 [3f00e8f6-b1cf-4c66-adc6-49812d80e8b8-NettyServerStreamRpc-bossGroup--thread1] INFO  logging.LoggingHandler (AbstractInternalLogger.java:log(148)) - [id: 0x94e8aeab, L:/0:0:0:0:0:0:0:0:15015] UNREGISTERED
2023-10-04 17:31:01,216 [f9d37fed-45fc-460e-afd0-cdcd65402720-NettyServerStreamRpc-bossGroup--thread1] INFO  logging.LoggingHandler (AbstractInternalLogger.java:log(148)) - [id: 0xf007a68c, L:/0:0:0:0:0:0:0:0:15024] INACTIVE
2023-10-04 17:31:01,218 [f9d37fed-45fc-460e-afd0-cdcd65402720-NettyServerStreamRpc-bossGroup--thread1] INFO  logging.LoggingHandler (AbstractInternalLogger.java:log(148)) - [id: 0xf007a68c, L:/0:0:0:0:0:0:0:0:15024] UNREGISTERED
2023-10-04 17:31:01,242 [ForkJoinPool.commonPool-worker-3] INFO  ozoneimpl.OzoneContainer (OzoneContainer.java:stop(451)) - Attempting to stop container services.
2023-10-04 17:31:01,253 [ForkJoinPool.commonPool-worker-3] INFO  server.RaftServer (RaftServerProxy.java:lambda$close$6(416)) - 7f6f1d5e-e678-44b5-b81f-6e760b4e5c8d: close
2023-10-04 17:31:01,254 [ForkJoinPool.commonPool-worker-3] INFO  server.GrpcService (GrpcService.java:closeImpl(311)) - 7f6f1d5e-e678-44b5-b81f-6e760b4e5c8d: shutdown server org.apache.ratis.grpc.server.GrpcClientProtocolService now
2023-10-04 17:31:01,260 [7f6f1d5e-e678-44b5-b81f-6e760b4e5c8d-impl-thread2] INFO  server.RaftServer$Division (RaftServerImpl.java:lambda$close$4(466)) - 7f6f1d5e-e678-44b5-b81f-6e760b4e5c8d@group-B89D5B6548DD: shutdown
2023-10-04 17:31:01,260 [7f6f1d5e-e678-44b5-b81f-6e760b4e5c8d-impl-thread2] INFO  util.JmxRegister (JmxRegister.java:unregister(73)) - Successfully un-registered JMX Bean with object name Ratis:service=RaftServer,group=group-B89D5B6548DD,id=7f6f1d5e-e678-44b5-b81f-6e760b4e5c8d
2023-10-04 17:31:01,260 [7f6f1d5e-e678-44b5-b81f-6e760b4e5c8d-impl-thread2] INFO  impl.RoleInfo (RoleInfo.java:shutdownLeaderState(93)) - 7f6f1d5e-e678-44b5-b81f-6e760b4e5c8d: shutdown 7f6f1d5e-e678-44b5-b81f-6e760b4e5c8d@group-B89D5B6548DD-LeaderStateImpl
2023-10-04 17:31:01,260 [7f6f1d5e-e678-44b5-b81f-6e760b4e5c8d-impl-thread2] INFO  impl.PendingRequests (PendingRequests.java:sendNotLeaderResponses(289)) - 7f6f1d5e-e678-44b5-b81f-6e760b4e5c8d@group-B89D5B6548DD-PendingRequests: sendNotLeaderResponses
2023-10-04 17:31:01,260 [7f6f1d5e-e678-44b5-b81f-6e760b4e5c8d-impl-thread2] INFO  impl.StateMachineUpdater (StateMachineUpdater.java:stopAndJoin(155)) - 7f6f1d5e-e678-44b5-b81f-6e760b4e5c8d@group-B89D5B6548DD-StateMachineUpdater: set stopIndex = 0
2023-10-04 17:31:01,261 [7f6f1d5e-e678-44b5-b81f-6e760b4e5c8d@group-B89D5B6548DD-StateMachineUpdater] INFO  ratis.ContainerStateMachine (ContainerStateMachine.java:takeSnapshot(330)) - group-B89D5B6548DD: Taking a snapshot at:(t:1, i:0) file /home/runner/work/ozone/ozone/hadoop-ozone/integration-test/target/test-dir/MiniOzoneClusterImpl-da1d4460-e54b-4a34-859f-b12e99aef92e/datanode-3/data/ratis/f8bbd809-b906-46a3-be8d-b89d5b6548dd/sm/snapshot.1_0
2023-10-04 17:31:01,262 [7f6f1d5e-e678-44b5-b81f-6e760b4e5c8d@group-B89D5B6548DD-StateMachineUpdater] INFO  ratis.ContainerStateMachine (ContainerStateMachine.java:takeSnapshot(341)) - group-B89D5B6548DD: Finished taking a snapshot at:(t:1, i:0) file:/home/runner/work/ozone/ozone/hadoop-ozone/integration-test/target/test-dir/MiniOzoneClusterImpl-da1d4460-e54b-4a34-859f-b12e99aef92e/datanode-3/data/ratis/f8bbd809-b906-46a3-be8d-b89d5b6548dd/sm/snapshot.1_0 took: 1 ms
2023-10-04 17:31:01,262 [7f6f1d5e-e678-44b5-b81f-6e760b4e5c8d@group-B89D5B6548DD-StateMachineUpdater] INFO  impl.StateMachineUpdater (StateMachineUpdater.java:takeSnapshot(291)) - 7f6f1d5e-e678-44b5-b81f-6e760b4e5c8d@group-B89D5B6548DD-StateMachineUpdater: Took a snapshot at index 0
2023-10-04 17:31:01,262 [7f6f1d5e-e678-44b5-b81f-6e760b4e5c8d@group-B89D5B6548DD-StateMachineUpdater] INFO  impl.StateMachineUpdater (StateMachineUpdater.java:lambda$new$0(97)) - 7f6f1d5e-e678-44b5-b81f-6e760b4e5c8d@group-B89D5B6548DD-StateMachineUpdater: snapshotIndex: updateIncreasingly -1 -> 0
2023-10-04 17:31:01,262 [7f6f1d5e-e678-44b5-b81f-6e760b4e5c8d-impl-thread2] INFO  server.RaftServer$Division (ServerState.java:close(472)) - 7f6f1d5e-e678-44b5-b81f-6e760b4e5c8d@group-B89D5B6548DD: closes. applyIndex: 0
2023-10-04 17:31:01,274 [ForkJoinPool.commonPool-worker-3] INFO  server.GrpcService (GrpcService.java:closeImpl(320)) - 7f6f1d5e-e678-44b5-b81f-6e760b4e5c8d: shutdown server org.apache.ratis.grpc.server.GrpcClientProtocolService successfully
2023-10-04 17:31:01,274 [ForkJoinPool.commonPool-worker-3] INFO  server.GrpcService (GrpcService.java:closeImpl(311)) - 7f6f1d5e-e678-44b5-b81f-6e760b4e5c8d: shutdown server GrpcServerProtocolService now
2023-10-04 17:31:01,279 [ForkJoinPool.commonPool-worker-3] INFO  server.GrpcService (GrpcService.java:closeImpl(320)) - 7f6f1d5e-e678-44b5-b81f-6e760b4e5c8d: shutdown server GrpcServerProtocolService successfully
2023-10-04 17:31:01,279 [ForkJoinPool.commonPool-worker-3] INFO  server.GrpcService (GrpcService.java:closeImpl(311)) - 7f6f1d5e-e678-44b5-b81f-6e760b4e5c8d: shutdown server org.apache.ratis.grpc.server.GrpcAdminProtocolService now
2023-10-04 17:31:01,292 [ForkJoinPool.commonPool-worker-3] INFO  server.GrpcService (GrpcService.java:closeImpl(320)) - 7f6f1d5e-e678-44b5-b81f-6e760b4e5c8d: shutdown server org.apache.ratis.grpc.server.GrpcAdminProtocolService successfully
2023-10-04 17:31:01,292 [7f6f1d5e-e678-44b5-b81f-6e760b4e5c8d-NettyServerStreamRpc-bossGroup--thread1] INFO  logging.LoggingHandler (AbstractInternalLogger.java:log(148)) - [id: 0xda836cb0, L:/0:0:0:0:0:0:0:0:15042] CLOSE
2023-10-04 17:31:01,292 [7f6f1d5e-e678-44b5-b81f-6e760b4e5c8d-NettyServerStreamRpc-bossGroup--thread1] INFO  logging.LoggingHandler (AbstractInternalLogger.java:log(148)) - [id: 0xda836cb0, L:/0:0:0:0:0:0:0:0:15042] INACTIVE
2023-10-04 17:31:01,292 [7f6f1d5e-e678-44b5-b81f-6e760b4e5c8d-NettyServerStreamRpc-bossGroup--thread1] INFO  logging.LoggingHandler (AbstractInternalLogger.java:log(148)) - [id: 0xda836cb0, L:/0:0:0:0:0:0:0:0:15042] UNREGISTERED
2023-10-04 17:31:01,464 [3f00e8f6-b1cf-4c66-adc6-49812d80e8b8-impl-thread4] INFO  segmented.SegmentedRaftLogWorker (SegmentedRaftLogWorker.java:close(252)) - 3f00e8f6-b1cf-4c66-adc6-49812d80e8b8@group-C577C6CD19EB-SegmentedRaftLogWorker close()
2023-10-04 17:31:01,464 [f9d37fed-45fc-460e-afd0-cdcd65402720-impl-thread3] INFO  segmented.SegmentedRaftLogWorker (SegmentedRaftLogWorker.java:close(252)) - f9d37fed-45fc-460e-afd0-cdcd65402720@group-80372E8A5B71-SegmentedRaftLogWorker close()
2023-10-04 17:31:01,464 [de7ceff0-6407-4127-9c69-f263aab5871b-impl-thread3] INFO  segmented.SegmentedRaftLogWorker (SegmentedRaftLogWorker.java:close(252)) - de7ceff0-6407-4127-9c69-f263aab5871b@group-80372E8A5B71-SegmentedRaftLogWorker close()
2023-10-04 17:31:01,469 [3f00e8f6-b1cf-4c66-adc6-49812d80e8b8-impl-thread2] INFO  segmented.SegmentedRaftLogWorker (SegmentedRaftLogWorker.java:close(252)) - 3f00e8f6-b1cf-4c66-adc6-49812d80e8b8@group-80372E8A5B71-SegmentedRaftLogWorker close()
2023-10-04 17:31:01,488 [7f6f1d5e-e678-44b5-b81f-6e760b4e5c8d-impl-thread2] INFO  segmented.SegmentedRaftLogWorker (SegmentedRaftLogWorker.java:close(252)) - 7f6f1d5e-e678-44b5-b81f-6e760b4e5c8d@group-B89D5B6548DD-SegmentedRaftLogWorker close()
2023-10-04 17:31:01,489 [JvmPauseMonitor5] INFO  util.JvmPauseMonitor (JvmPauseMonitor.java:run(109)) - JvmPauseMonitor-7f6f1d5e-e678-44b5-b81f-6e760b4e5c8d: Stopped
2023-10-04 17:31:01,496 [49b21075-65f4-471d-b0a6-7943aa3ff632-impl-thread2] INFO  segmented.SegmentedRaftLogWorker (SegmentedRaftLogWorker.java:close(252)) - 49b21075-65f4-471d-b0a6-7943aa3ff632@group-0BAB566302E3-SegmentedRaftLogWorker close()
2023-10-04 17:31:01,496 [JvmPauseMonitor6] INFO  util.JvmPauseMonitor (JvmPauseMonitor.java:run(109)) - JvmPauseMonitor-49b21075-65f4-471d-b0a6-7943aa3ff632: Stopped
2023-10-04 17:31:01,510 [f9d37fed-45fc-460e-afd0-cdcd65402720-impl-thread2] INFO  segmented.SegmentedRaftLogWorker (SegmentedRaftLogWorker.java:close(252)) - f9d37fed-45fc-460e-afd0-cdcd65402720@group-B70DFC59A970-SegmentedRaftLogWorker close()
2023-10-04 17:31:01,790 [de7ceff0-6407-4127-9c69-f263aab5871b-impl-thread2] INFO  segmented.SegmentedRaftLogWorker (SegmentedRaftLogWorker.java:close(252)) - de7ceff0-6407-4127-9c69-f263aab5871b@group-158A427F0AF5-SegmentedRaftLogWorker close()
2023-10-04 17:31:01,894 [f9d37fed-45fc-460e-afd0-cdcd65402720-impl-thread4] INFO  segmented.SegmentedRaftLogWorker (SegmentedRaftLogWorker.java:close(252)) - f9d37fed-45fc-460e-afd0-cdcd65402720@group-321C5A6B79F8-SegmentedRaftLogWorker close()
2023-10-04 17:31:01,896 [JvmPauseMonitor3] INFO  util.JvmPauseMonitor (JvmPauseMonitor.java:run(109)) - JvmPauseMonitor-f9d37fed-45fc-460e-afd0-cdcd65402720: Stopped
2023-10-04 17:31:01,900 [3f00e8f6-b1cf-4c66-adc6-49812d80e8b8-impl-thread3] INFO  segmented.SegmentedRaftLogWorker (SegmentedRaftLogWorker.java:close(252)) - 3f00e8f6-b1cf-4c66-adc6-49812d80e8b8@group-321C5A6B79F8-SegmentedRaftLogWorker close()
2023-10-04 17:31:01,901 [JvmPauseMonitor2] INFO  util.JvmPauseMonitor (JvmPauseMonitor.java:run(109)) - JvmPauseMonitor-3f00e8f6-b1cf-4c66-adc6-49812d80e8b8: Stopped
2023-10-04 17:31:01,902 [de7ceff0-6407-4127-9c69-f263aab5871b-impl-thread4] INFO  segmented.SegmentedRaftLogWorker (SegmentedRaftLogWorker.java:close(252)) - de7ceff0-6407-4127-9c69-f263aab5871b@group-321C5A6B79F8-SegmentedRaftLogWorker close()
2023-10-04 17:31:01,903 [JvmPauseMonitor4] INFO  util.JvmPauseMonitor (JvmPauseMonitor.java:run(109)) - JvmPauseMonitor-de7ceff0-6407-4127-9c69-f263aab5871b: Stopped
2023-10-04 17:31:03,516 [ForkJoinPool.commonPool-worker-2] INFO  utils.DatanodeStoreCache (DatanodeStoreCache.java:shutdownCache(110)) - Skip clearing cache in mini cluster mode. Entries left: [/home/runner/work/ozone/ozone/hadoop-ozone/integration-test/target/test-dir/MiniOzoneClusterImpl-da1d4460-e54b-4a34-859f-b12e99aef92e/datanode-0/data-0/containers/hdds/da1d4460-e54b-4a34-859f-b12e99aef92e/DS-6726dbde-aa03-40e8-89d7-7941681d9752/container.db, /home/runner/work/ozone/ozone/hadoop-ozone/integration-test/target/test-dir/MiniOzoneClusterImpl-da1d4460-e54b-4a34-859f-b12e99aef92e/datanode-1/data-0/containers/hdds/da1d4460-e54b-4a34-859f-b12e99aef92e/DS-66aaf02a-bf8d-49b1-a1ef-54416838712f/container.db, /home/runner/work/ozone/ozone/hadoop-ozone/integration-test/target/test-dir/MiniOzoneClusterImpl-da1d4460-e54b-4a34-859f-b12e99aef92e/datanode-2/data-0/containers/hdds/da1d4460-e54b-4a34-859f-b12e99aef92e/DS-94c1af4a-62ca-415c-b02b-1264e5ba3ce7/container.db, /home/runner/work/ozone/ozone/hadoop-ozone/integration-test/target/test-dir/MiniOzoneClusterImpl-da1d4460-e54b-4a34-859f-b12e99aef92e/datanode-3/data-0/containers/hdds/da1d4460-e54b-4a34-859f-b12e99aef92e/DS-02d864e9-38af-49bd-9001-6ba0a8cf1eaa/container.db, /home/runner/work/ozone/ozone/hadoop-ozone/integration-test/target/test-dir/MiniOzoneClusterImpl-da1d4460-e54b-4a34-859f-b12e99aef92e/datanode-4/data-0/containers/hdds/da1d4460-e54b-4a34-859f-b12e99aef92e/DS-41625b35-e0f7-4e7a-a47f-109f9b842c23/container.db]
2023-10-04 17:31:03,519 [ForkJoinPool.commonPool-worker-3] INFO  utils.DatanodeStoreCache (DatanodeStoreCache.java:shutdownCache(110)) - Skip clearing cache in mini cluster mode. Entries left: [/home/runner/work/ozone/ozone/hadoop-ozone/integration-test/target/test-dir/MiniOzoneClusterImpl-da1d4460-e54b-4a34-859f-b12e99aef92e/datanode-0/data-0/containers/hdds/da1d4460-e54b-4a34-859f-b12e99aef92e/DS-6726dbde-aa03-40e8-89d7-7941681d9752/container.db, /home/runner/work/ozone/ozone/hadoop-ozone/integration-test/target/test-dir/MiniOzoneClusterImpl-da1d4460-e54b-4a34-859f-b12e99aef92e/datanode-1/data-0/containers/hdds/da1d4460-e54b-4a34-859f-b12e99aef92e/DS-66aaf02a-bf8d-49b1-a1ef-54416838712f/container.db, /home/runner/work/ozone/ozone/hadoop-ozone/integration-test/target/test-dir/MiniOzoneClusterImpl-da1d4460-e54b-4a34-859f-b12e99aef92e/datanode-2/data-0/containers/hdds/da1d4460-e54b-4a34-859f-b12e99aef92e/DS-94c1af4a-62ca-415c-b02b-1264e5ba3ce7/container.db, /home/runner/work/ozone/ozone/hadoop-ozone/integration-test/target/test-dir/MiniOzoneClusterImpl-da1d4460-e54b-4a34-859f-b12e99aef92e/datanode-3/data-0/containers/hdds/da1d4460-e54b-4a34-859f-b12e99aef92e/DS-02d864e9-38af-49bd-9001-6ba0a8cf1eaa/container.db, /home/runner/work/ozone/ozone/hadoop-ozone/integration-test/target/test-dir/MiniOzoneClusterImpl-da1d4460-e54b-4a34-859f-b12e99aef92e/datanode-4/data-0/containers/hdds/da1d4460-e54b-4a34-859f-b12e99aef92e/DS-41625b35-e0f7-4e7a-a47f-109f9b842c23/container.db]
2023-10-04 17:31:03,524 [ForkJoinPool.commonPool-worker-2] INFO  utils.DatanodeStoreCache (DatanodeStoreCache.java:removeDB(104)) - Removed db /home/runner/work/ozone/ozone/hadoop-ozone/integration-test/target/test-dir/MiniOzoneClusterImpl-da1d4460-e54b-4a34-859f-b12e99aef92e/datanode-4/data-0/containers/hdds/da1d4460-e54b-4a34-859f-b12e99aef92e/DS-41625b35-e0f7-4e7a-a47f-109f9b842c23/container.db from cache
2023-10-04 17:31:03,524 [ForkJoinPool.commonPool-worker-2] INFO  volume.HddsVolume (HddsVolume.java:closeDbStore(453)) - SchemaV3 db is stopped at /home/runner/work/ozone/ozone/hadoop-ozone/integration-test/target/test-dir/MiniOzoneClusterImpl-da1d4460-e54b-4a34-859f-b12e99aef92e/datanode-4/data-0/containers/hdds/da1d4460-e54b-4a34-859f-b12e99aef92e/DS-41625b35-e0f7-4e7a-a47f-109f9b842c23/container.db for volume DS-41625b35-e0f7-4e7a-a47f-109f9b842c23
2023-10-04 17:31:03,530 [ForkJoinPool.commonPool-worker-2] INFO  utils.BackgroundService (BackgroundService.java:shutdown(141)) - Shutting down service BlockDeletingService
2023-10-04 17:31:03,532 [ForkJoinPool.commonPool-worker-2] INFO  utils.BackgroundService (BackgroundService.java:shutdown(141)) - Shutting down service StaleRecoveringContainerScrubbingService
2023-10-04 17:31:03,535 [ForkJoinPool.commonPool-worker-2] INFO  statemachine.DatanodeStateMachine (DatanodeStateMachine.java:stopDaemon(621)) - Ozone container server stopped.
2023-10-04 17:31:03,536 [ForkJoinPool.commonPool-worker-3] INFO  utils.DatanodeStoreCache (DatanodeStoreCache.java:removeDB(104)) - Removed db /home/runner/work/ozone/ozone/hadoop-ozone/integration-test/target/test-dir/MiniOzoneClusterImpl-da1d4460-e54b-4a34-859f-b12e99aef92e/datanode-3/data-0/containers/hdds/da1d4460-e54b-4a34-859f-b12e99aef92e/DS-02d864e9-38af-49bd-9001-6ba0a8cf1eaa/container.db from cache
2023-10-04 17:31:03,536 [ForkJoinPool.commonPool-worker-3] INFO  volume.HddsVolume (HddsVolume.java:closeDbStore(453)) - SchemaV3 db is stopped at /home/runner/work/ozone/ozone/hadoop-ozone/integration-test/target/test-dir/MiniOzoneClusterImpl-da1d4460-e54b-4a34-859f-b12e99aef92e/datanode-3/data-0/containers/hdds/da1d4460-e54b-4a34-859f-b12e99aef92e/DS-02d864e9-38af-49bd-9001-6ba0a8cf1eaa/container.db for volume DS-02d864e9-38af-49bd-9001-6ba0a8cf1eaa
2023-10-04 17:31:03,537 [ForkJoinPool.commonPool-worker-3] INFO  utils.BackgroundService (BackgroundService.java:shutdown(141)) - Shutting down service BlockDeletingService
2023-10-04 17:31:03,538 [ForkJoinPool.commonPool-worker-3] INFO  utils.BackgroundService (BackgroundService.java:shutdown(141)) - Shutting down service StaleRecoveringContainerScrubbingService
2023-10-04 17:31:03,546 [ForkJoinPool.commonPool-worker-3] INFO  statemachine.DatanodeStateMachine (DatanodeStateMachine.java:stopDaemon(621)) - Ozone container server stopped.
2023-10-04 17:31:03,557 [ForkJoinPool.commonPool-worker-2] INFO  handler.ContextHandler (ContextHandler.java:doStop(1159)) - Stopped o.e.j.w.WebAppContext@e63d8d0{hddsDatanode,/,null,STOPPED}{jar:file:/home/runner/.m2/repository/org/apache/ozone/hdds-container-service/1.4.0-SNAPSHOT/hdds-container-service-1.4.0-SNAPSHOT.jar!/webapps/hddsDatanode}
2023-10-04 17:31:03,558 [ForkJoinPool.commonPool-worker-2] INFO  server.AbstractConnector (AbstractConnector.java:doStop(383)) - Stopped ServerConnector@2edda0{HTTP/1.1, (http/1.1)}{0.0.0.0:15045}
2023-10-04 17:31:03,559 [ForkJoinPool.commonPool-worker-2] INFO  server.session (HouseKeeper.java:stopScavenging(149)) - node0 Stopped scavenging
2023-10-04 17:31:03,560 [ForkJoinPool.commonPool-worker-2] INFO  handler.ContextHandler (ContextHandler.java:doStop(1159)) - Stopped o.e.j.s.ServletContextHandler@73051634{static,/static,jar:file:/home/runner/.m2/repository/org/apache/ozone/hdds-container-service/1.4.0-SNAPSHOT/hdds-container-service-1.4.0-SNAPSHOT.jar!/webapps/static,STOPPED}
2023-10-04 17:31:03,561 [ForkJoinPool.commonPool-worker-2] INFO  handler.ContextHandler (ContextHandler.java:doStop(1159)) - Stopped o.e.j.s.ServletContextHandler@4da51c08{logs,/logs,file:///home/runner/work/ozone/ozone/hadoop-ozone/integration-test/target/log,STOPPED}
2023-10-04 17:31:03,562 [ForkJoinPool.commonPool-worker-2] INFO  ozone.HddsDatanodeClientProtocolServer (HddsDatanodeClientProtocolServer.java:stop(78)) - Stopping the RPC server for Client Protocol
2023-10-04 17:31:03,563 [ForkJoinPool.commonPool-worker-2] INFO  ipc.Server (Server.java:stop(3523)) - Stopping server on 15046
2023-10-04 17:31:03,564 [IPC Server listener on 15046] INFO  ipc.Server (Server.java:run(1434)) - Stopping IPC Server listener on 15046
2023-10-04 17:31:03,564 [IPC Server Responder] INFO  ipc.Server (Server.java:run(1567)) - Stopping IPC Server Responder
2023-10-04 17:31:03,568 [ForkJoinPool.commonPool-worker-3] INFO  handler.ContextHandler (ContextHandler.java:doStop(1159)) - Stopped o.e.j.w.WebAppContext@56600f12{hddsDatanode,/,null,STOPPED}{jar:file:/home/runner/.m2/repository/org/apache/ozone/hdds-container-service/1.4.0-SNAPSHOT/hdds-container-service-1.4.0-SNAPSHOT.jar!/webapps/hddsDatanode}
2023-10-04 17:31:03,568 [ForkJoinPool.commonPool-worker-3] INFO  server.AbstractConnector (AbstractConnector.java:doStop(383)) - Stopped ServerConnector@6e0d81e6{HTTP/1.1, (http/1.1)}{0.0.0.0:15036}
2023-10-04 17:31:03,569 [ForkJoinPool.commonPool-worker-3] INFO  server.session (HouseKeeper.java:stopScavenging(149)) - node0 Stopped scavenging
2023-10-04 17:31:03,569 [ForkJoinPool.commonPool-worker-3] INFO  handler.ContextHandler (ContextHandler.java:doStop(1159)) - Stopped o.e.j.s.ServletContextHandler@4d8e293{static,/static,jar:file:/home/runner/.m2/repository/org/apache/ozone/hdds-container-service/1.4.0-SNAPSHOT/hdds-container-service-1.4.0-SNAPSHOT.jar!/webapps/static,STOPPED}
2023-10-04 17:31:03,570 [ForkJoinPool.commonPool-worker-3] INFO  handler.ContextHandler (ContextHandler.java:doStop(1159)) - Stopped o.e.j.s.ServletContextHandler@2acad9f8{logs,/logs,file:///home/runner/work/ozone/ozone/hadoop-ozone/integration-test/target/log,STOPPED}
2023-10-04 17:31:03,572 [ForkJoinPool.commonPool-worker-3] INFO  ozone.HddsDatanodeClientProtocolServer (HddsDatanodeClientProtocolServer.java:stop(78)) - Stopping the RPC server for Client Protocol
2023-10-04 17:31:03,573 [ForkJoinPool.commonPool-worker-3] INFO  ipc.Server (Server.java:stop(3523)) - Stopping server on 15037
2023-10-04 17:31:03,573 [IPC Server listener on 15037] INFO  ipc.Server (Server.java:run(1434)) - Stopping IPC Server listener on 15037
2023-10-04 17:31:03,574 [IPC Server Responder] INFO  ipc.Server (Server.java:run(1567)) - Stopping IPC Server Responder
2023-10-04 17:31:03,900 [ForkJoinPool.commonPool-worker-0] INFO  utils.DatanodeStoreCache (DatanodeStoreCache.java:shutdownCache(110)) - Skip clearing cache in mini cluster mode. Entries left: [/home/runner/work/ozone/ozone/hadoop-ozone/integration-test/target/test-dir/MiniOzoneClusterImpl-da1d4460-e54b-4a34-859f-b12e99aef92e/datanode-0/data-0/containers/hdds/da1d4460-e54b-4a34-859f-b12e99aef92e/DS-6726dbde-aa03-40e8-89d7-7941681d9752/container.db, /home/runner/work/ozone/ozone/hadoop-ozone/integration-test/target/test-dir/MiniOzoneClusterImpl-da1d4460-e54b-4a34-859f-b12e99aef92e/datanode-1/data-0/containers/hdds/da1d4460-e54b-4a34-859f-b12e99aef92e/DS-66aaf02a-bf8d-49b1-a1ef-54416838712f/container.db, /home/runner/work/ozone/ozone/hadoop-ozone/integration-test/target/test-dir/MiniOzoneClusterImpl-da1d4460-e54b-4a34-859f-b12e99aef92e/datanode-2/data-0/containers/hdds/da1d4460-e54b-4a34-859f-b12e99aef92e/DS-94c1af4a-62ca-415c-b02b-1264e5ba3ce7/container.db]
2023-10-04 17:31:03,902 [ForkJoinPool.commonPool-worker-0] INFO  utils.DatanodeStoreCache (DatanodeStoreCache.java:removeDB(104)) - Removed db /home/runner/work/ozone/ozone/hadoop-ozone/integration-test/target/test-dir/MiniOzoneClusterImpl-da1d4460-e54b-4a34-859f-b12e99aef92e/datanode-1/data-0/containers/hdds/da1d4460-e54b-4a34-859f-b12e99aef92e/DS-66aaf02a-bf8d-49b1-a1ef-54416838712f/container.db from cache
2023-10-04 17:31:03,902 [ForkJoinPool.commonPool-worker-0] INFO  volume.HddsVolume (HddsVolume.java:closeDbStore(453)) - SchemaV3 db is stopped at /home/runner/work/ozone/ozone/hadoop-ozone/integration-test/target/test-dir/MiniOzoneClusterImpl-da1d4460-e54b-4a34-859f-b12e99aef92e/datanode-1/data-0/containers/hdds/da1d4460-e54b-4a34-859f-b12e99aef92e/DS-66aaf02a-bf8d-49b1-a1ef-54416838712f/container.db for volume DS-66aaf02a-bf8d-49b1-a1ef-54416838712f
2023-10-04 17:31:03,905 [ForkJoinPool.commonPool-worker-0] INFO  utils.BackgroundService (BackgroundService.java:shutdown(141)) - Shutting down service BlockDeletingService
2023-10-04 17:31:03,905 [ForkJoinPool.commonPool-worker-1] INFO  utils.DatanodeStoreCache (DatanodeStoreCache.java:shutdownCache(110)) - Skip clearing cache in mini cluster mode. Entries left: [/home/runner/work/ozone/ozone/hadoop-ozone/integration-test/target/test-dir/MiniOzoneClusterImpl-da1d4460-e54b-4a34-859f-b12e99aef92e/datanode-0/data-0/containers/hdds/da1d4460-e54b-4a34-859f-b12e99aef92e/DS-6726dbde-aa03-40e8-89d7-7941681d9752/container.db, /home/runner/work/ozone/ozone/hadoop-ozone/integration-test/target/test-dir/MiniOzoneClusterImpl-da1d4460-e54b-4a34-859f-b12e99aef92e/datanode-2/data-0/containers/hdds/da1d4460-e54b-4a34-859f-b12e99aef92e/DS-94c1af4a-62ca-415c-b02b-1264e5ba3ce7/container.db]
2023-10-04 17:31:03,907 [ForkJoinPool.commonPool-worker-1] INFO  utils.DatanodeStoreCache (DatanodeStoreCache.java:removeDB(104)) - Removed db /home/runner/work/ozone/ozone/hadoop-ozone/integration-test/target/test-dir/MiniOzoneClusterImpl-da1d4460-e54b-4a34-859f-b12e99aef92e/datanode-0/data-0/containers/hdds/da1d4460-e54b-4a34-859f-b12e99aef92e/DS-6726dbde-aa03-40e8-89d7-7941681d9752/container.db from cache
2023-10-04 17:31:03,907 [ForkJoinPool.commonPool-worker-1] INFO  volume.HddsVolume (HddsVolume.java:closeDbStore(453)) - SchemaV3 db is stopped at /home/runner/work/ozone/ozone/hadoop-ozone/integration-test/target/test-dir/MiniOzoneClusterImpl-da1d4460-e54b-4a34-859f-b12e99aef92e/datanode-0/data-0/containers/hdds/da1d4460-e54b-4a34-859f-b12e99aef92e/DS-6726dbde-aa03-40e8-89d7-7941681d9752/container.db for volume DS-6726dbde-aa03-40e8-89d7-7941681d9752
2023-10-04 17:31:03,908 [main] INFO  utils.DatanodeStoreCache (DatanodeStoreCache.java:shutdownCache(110)) - Skip clearing cache in mini cluster mode. Entries left: [/home/runner/work/ozone/ozone/hadoop-ozone/integration-test/target/test-dir/MiniOzoneClusterImpl-da1d4460-e54b-4a34-859f-b12e99aef92e/datanode-2/data-0/containers/hdds/da1d4460-e54b-4a34-859f-b12e99aef92e/DS-94c1af4a-62ca-415c-b02b-1264e5ba3ce7/container.db]
2023-10-04 17:31:03,909 [main] INFO  utils.DatanodeStoreCache (DatanodeStoreCache.java:removeDB(104)) - Removed db /home/runner/work/ozone/ozone/hadoop-ozone/integration-test/target/test-dir/MiniOzoneClusterImpl-da1d4460-e54b-4a34-859f-b12e99aef92e/datanode-2/data-0/containers/hdds/da1d4460-e54b-4a34-859f-b12e99aef92e/DS-94c1af4a-62ca-415c-b02b-1264e5ba3ce7/container.db from cache
2023-10-04 17:31:03,909 [main] INFO  volume.HddsVolume (HddsVolume.java:closeDbStore(453)) - SchemaV3 db is stopped at /home/runner/work/ozone/ozone/hadoop-ozone/integration-test/target/test-dir/MiniOzoneClusterImpl-da1d4460-e54b-4a34-859f-b12e99aef92e/datanode-2/data-0/containers/hdds/da1d4460-e54b-4a34-859f-b12e99aef92e/DS-94c1af4a-62ca-415c-b02b-1264e5ba3ce7/container.db for volume DS-94c1af4a-62ca-415c-b02b-1264e5ba3ce7
2023-10-04 17:31:03,909 [main] INFO  utils.BackgroundService (BackgroundService.java:shutdown(141)) - Shutting down service BlockDeletingService
2023-10-04 17:31:03,910 [ForkJoinPool.commonPool-worker-1] INFO  utils.BackgroundService (BackgroundService.java:shutdown(141)) - Shutting down service BlockDeletingService
2023-10-04 17:31:03,911 [ForkJoinPool.commonPool-worker-1] INFO  utils.BackgroundService (BackgroundService.java:shutdown(141)) - Shutting down service StaleRecoveringContainerScrubbingService
2023-10-04 17:31:03,911 [ForkJoinPool.commonPool-worker-0] INFO  utils.BackgroundService (BackgroundService.java:shutdown(141)) - Shutting down service StaleRecoveringContainerScrubbingService
2023-10-04 17:31:03,912 [ForkJoinPool.commonPool-worker-1] INFO  statemachine.DatanodeStateMachine (DatanodeStateMachine.java:stopDaemon(621)) - Ozone container server stopped.
2023-10-04 17:31:03,912 [main] INFO  utils.BackgroundService (BackgroundService.java:shutdown(141)) - Shutting down service StaleRecoveringContainerScrubbingService
2023-10-04 17:31:03,913 [ForkJoinPool.commonPool-worker-0] INFO  statemachine.DatanodeStateMachine (DatanodeStateMachine.java:stopDaemon(621)) - Ozone container server stopped.
2023-10-04 17:31:03,915 [main] INFO  statemachine.DatanodeStateMachine (DatanodeStateMachine.java:stopDaemon(621)) - Ozone container server stopped.
2023-10-04 17:31:03,938 [ForkJoinPool.commonPool-worker-1] INFO  handler.ContextHandler (ContextHandler.java:doStop(1159)) - Stopped o.e.j.w.WebAppContext@60c1370f{hddsDatanode,/,null,STOPPED}{jar:file:/home/runner/.m2/repository/org/apache/ozone/hdds-container-service/1.4.0-SNAPSHOT/hdds-container-service-1.4.0-SNAPSHOT.jar!/webapps/hddsDatanode}
2023-10-04 17:31:03,939 [main] INFO  handler.ContextHandler (ContextHandler.java:doStop(1159)) - Stopped o.e.j.w.WebAppContext@6eec32a0{hddsDatanode,/,null,STOPPED}{jar:file:/home/runner/.m2/repository/org/apache/ozone/hdds-container-service/1.4.0-SNAPSHOT/hdds-container-service-1.4.0-SNAPSHOT.jar!/webapps/hddsDatanode}
2023-10-04 17:31:03,939 [ForkJoinPool.commonPool-worker-1] INFO  server.AbstractConnector (AbstractConnector.java:doStop(383)) - Stopped ServerConnector@12c25f3{HTTP/1.1, (http/1.1)}{0.0.0.0:15009}
2023-10-04 17:31:03,940 [main] INFO  server.AbstractConnector (AbstractConnector.java:doStop(383)) - Stopped ServerConnector@2f7f98bf{HTTP/1.1, (http/1.1)}{0.0.0.0:15027}
2023-10-04 17:31:03,941 [main] INFO  server.session (HouseKeeper.java:stopScavenging(149)) - node0 Stopped scavenging
2023-10-04 17:31:03,941 [main] INFO  handler.ContextHandler (ContextHandler.java:doStop(1159)) - Stopped o.e.j.s.ServletContextHandler@3a50b75c{static,/static,jar:file:/home/runner/.m2/repository/org/apache/ozone/hdds-container-service/1.4.0-SNAPSHOT/hdds-container-service-1.4.0-SNAPSHOT.jar!/webapps/static,STOPPED}
2023-10-04 17:31:03,941 [main] INFO  handler.ContextHandler (ContextHandler.java:doStop(1159)) - Stopped o.e.j.s.ServletContextHandler@7994663{logs,/logs,file:///home/runner/work/ozone/ozone/hadoop-ozone/integration-test/target/log,STOPPED}
2023-10-04 17:31:03,939 [ForkJoinPool.commonPool-worker-0] INFO  handler.ContextHandler (ContextHandler.java:doStop(1159)) - Stopped o.e.j.w.WebAppContext@614ad27e{hddsDatanode,/,null,STOPPED}{jar:file:/home/runner/.m2/repository/org/apache/ozone/hdds-container-service/1.4.0-SNAPSHOT/hdds-container-service-1.4.0-SNAPSHOT.jar!/webapps/hddsDatanode}
2023-10-04 17:31:03,942 [ForkJoinPool.commonPool-worker-0] INFO  server.AbstractConnector (AbstractConnector.java:doStop(383)) - Stopped ServerConnector@12678b1{HTTP/1.1, (http/1.1)}{0.0.0.0:15018}
2023-10-04 17:31:03,942 [ForkJoinPool.commonPool-worker-0] INFO  server.session (HouseKeeper.java:stopScavenging(149)) - node0 Stopped scavenging
2023-10-04 17:31:03,942 [main] INFO  ozone.HddsDatanodeClientProtocolServer (HddsDatanodeClientProtocolServer.java:stop(78)) - Stopping the RPC server for Client Protocol
2023-10-04 17:31:03,943 [main] INFO  ipc.Server (Server.java:stop(3523)) - Stopping server on 15028
2023-10-04 17:31:03,941 [ForkJoinPool.commonPool-worker-1] INFO  server.session (HouseKeeper.java:stopScavenging(149)) - node0 Stopped scavenging
2023-10-04 17:31:03,945 [IPC Server listener on 15028] INFO  ipc.Server (Server.java:run(1434)) - Stopping IPC Server listener on 15028
2023-10-04 17:31:03,945 [IPC Server Responder] INFO  ipc.Server (Server.java:run(1567)) - Stopping IPC Server Responder
2023-10-04 17:31:03,944 [ForkJoinPool.commonPool-worker-0] INFO  handler.ContextHandler (ContextHandler.java:doStop(1159)) - Stopped o.e.j.s.ServletContextHandler@795dfc20{static,/static,jar:file:/home/runner/.m2/repository/org/apache/ozone/hdds-container-service/1.4.0-SNAPSHOT/hdds-container-service-1.4.0-SNAPSHOT.jar!/webapps/static,STOPPED}
2023-10-04 17:31:03,948 [ForkJoinPool.commonPool-worker-1] INFO  handler.ContextHandler (ContextHandler.java:doStop(1159)) - Stopped o.e.j.s.ServletContextHandler@788a2594{static,/static,jar:file:/home/runner/.m2/repository/org/apache/ozone/hdds-container-service/1.4.0-SNAPSHOT/hdds-container-service-1.4.0-SNAPSHOT.jar!/webapps/static,STOPPED}
2023-10-04 17:31:03,948 [ForkJoinPool.commonPool-worker-0] INFO  handler.ContextHandler (ContextHandler.java:doStop(1159)) - Stopped o.e.j.s.ServletContextHandler@184e758f{logs,/logs,file:///home/runner/work/ozone/ozone/hadoop-ozone/integration-test/target/log,STOPPED}
2023-10-04 17:31:03,948 [ForkJoinPool.commonPool-worker-1] INFO  handler.ContextHandler (ContextHandler.java:doStop(1159)) - Stopped o.e.j.s.ServletContextHandler@54e324d1{logs,/logs,file:///home/runner/work/ozone/ozone/hadoop-ozone/integration-test/target/log,STOPPED}
2023-10-04 17:31:03,949 [ForkJoinPool.commonPool-worker-0] INFO  ozone.HddsDatanodeClientProtocolServer (HddsDatanodeClientProtocolServer.java:stop(78)) - Stopping the RPC server for Client Protocol
2023-10-04 17:31:03,950 [ForkJoinPool.commonPool-worker-0] INFO  ipc.Server (Server.java:stop(3523)) - Stopping server on 15019
2023-10-04 17:31:03,950 [ForkJoinPool.commonPool-worker-1] INFO  ozone.HddsDatanodeClientProtocolServer (HddsDatanodeClientProtocolServer.java:stop(78)) - Stopping the RPC server for Client Protocol
2023-10-04 17:31:03,951 [ForkJoinPool.commonPool-worker-1] INFO  ipc.Server (Server.java:stop(3523)) - Stopping server on 15010
2023-10-04 17:31:03,951 [IPC Server listener on 15010] INFO  ipc.Server (Server.java:run(1434)) - Stopping IPC Server listener on 15010
2023-10-04 17:31:03,952 [IPC Server Responder] INFO  ipc.Server (Server.java:run(1567)) - Stopping IPC Server Responder
2023-10-04 17:31:03,953 [IPC Server listener on 15019] INFO  ipc.Server (Server.java:run(1434)) - Stopping IPC Server listener on 15019
2023-10-04 17:31:03,954 [IPC Server Responder] INFO  ipc.Server (Server.java:run(1567)) - Stopping IPC Server Responder
2023-10-04 17:31:03,954 [main] INFO  ozone.MiniOzoneClusterImpl (MiniOzoneClusterImpl.java:stopSCM(548)) - Stopping the StorageContainerManager
2023-10-04 17:31:03,955 [main] INFO  server.StorageContainerManager (StorageContainerManager.java:stop(1591)) - Container Balancer is not running.
2023-10-04 17:31:03,955 [main] INFO  server.StorageContainerManager (StorageContainerManager.java:stopReplicationManager(1724)) - Stopping Replication Manager Service.
2023-10-04 17:31:03,955 [main] INFO  replication.ReplicationManager (ReplicationManager.java:stop(323)) - Stopping Replication Monitor Thread.
2023-10-04 17:31:03,955 [Under Replicated Processor] WARN  replication.UnhealthyReplicationProcessor (UnhealthyReplicationProcessor.java:run(180)) - Under Replicated Processor interrupted. Exiting...
2023-10-04 17:31:03,955 [Over Replicated Processor] WARN  replication.UnhealthyReplicationProcessor (UnhealthyReplicationProcessor.java:run(180)) - Over Replicated Processor interrupted. Exiting...
2023-10-04 17:31:03,956 [ReplicationMonitor] INFO  replication.ReplicationManager (ReplicationManager.java:run(921)) - Replication Monitor Thread is stopped
2023-10-04 17:31:03,956 [main] INFO  server.StorageContainerManager (StorageContainerManager.java:stop(1600)) - Stopping the Datanode Admin Monitor.
2023-10-04 17:31:03,956 [main] INFO  server.StorageContainerManager (StorageContainerManager.java:stop(1607)) - Stopping datanode service RPC server
2023-10-04 17:31:03,956 [main] INFO  server.SCMDatanodeProtocolServer (SCMDatanodeProtocolServer.java:stop(424)) - Stopping the RPC server for DataNodes
2023-10-04 17:31:03,956 [main] INFO  ipc.Server (Server.java:stop(3523)) - Stopping server on 15002
2023-10-04 17:31:03,957 [IPC Server listener on 15002] INFO  ipc.Server (Server.java:run(1434)) - Stopping IPC Server listener on 15002
2023-10-04 17:31:03,958 [IPC Server Responder] INFO  ipc.Server (Server.java:run(1567)) - Stopping IPC Server Responder
2023-10-04 17:31:03,993 [SCM Heartbeat Processing Thread - 0] WARN  node.NodeStateManager (NodeStateManager.java:scheduleNextHealthCheck(874)) - Current Thread is interrupted, shutting down HB processing thread for Node Manager.
2023-10-04 17:31:03,993 [main] INFO  server.StorageContainerManager (StorageContainerManager.java:stop(1615)) - Stopping block service RPC server
2023-10-04 17:31:03,993 [main] INFO  server.SCMBlockProtocolServer (SCMBlockProtocolServer.java:stop(163)) - Stopping the RPC server for Block Protocol
2023-10-04 17:31:03,993 [main] INFO  ipc.Server (Server.java:stop(3523)) - Stopping server on 15001
2023-10-04 17:31:03,994 [IPC Server listener on 15001] INFO  ipc.Server (Server.java:run(1434)) - Stopping IPC Server listener on 15001
2023-10-04 17:31:03,996 [IPC Server Responder] INFO  ipc.Server (Server.java:run(1567)) - Stopping IPC Server Responder
2023-10-04 17:31:03,996 [main] INFO  server.StorageContainerManager (StorageContainerManager.java:stop(1622)) - Stopping the StorageContainerLocationProtocol RPC server
2023-10-04 17:31:03,996 [main] INFO  server.SCMClientProtocolServer (SCMClientProtocolServer.java:stop(210)) - Stopping the RPC server for Client Protocol
2023-10-04 17:31:03,996 [main] INFO  ipc.Server (Server.java:stop(3523)) - Stopping server on 15000
2023-10-04 17:31:03,997 [IPC Server Responder] INFO  ipc.Server (Server.java:run(1567)) - Stopping IPC Server Responder
2023-10-04 17:31:03,997 [IPC Server listener on 15000] INFO  ipc.Server (Server.java:run(1434)) - Stopping IPC Server listener on 15000
2023-10-04 17:31:03,998 [main] INFO  server.StorageContainerManager (StorageContainerManager.java:stop(1629)) - Stopping Storage Container Manager HTTP server.
2023-10-04 17:31:03,999 [main] INFO  handler.ContextHandler (ContextHandler.java:doStop(1159)) - Stopped o.e.j.w.WebAppContext@3e7935f1{scm,/,null,STOPPED}{file:/home/runner/work/ozone/ozone/hadoop-ozone/integration-test/target/test-classes/webapps/scm}
2023-10-04 17:31:04,000 [main] INFO  server.AbstractConnector (AbstractConnector.java:doStop(383)) - Stopped ServerConnector@4d65fbad{HTTP/1.1, (http/1.1)}{0.0.0.0:15003}
2023-10-04 17:31:04,000 [main] INFO  server.session (HouseKeeper.java:stopScavenging(149)) - node0 Stopped scavenging
2023-10-04 17:31:04,000 [main] INFO  handler.ContextHandler (ContextHandler.java:doStop(1159)) - Stopped o.e.j.s.ServletContextHandler@126ae0ca{static,/static,file:///home/runner/work/ozone/ozone/hadoop-ozone/integration-test/target/test-classes/webapps/static,STOPPED}
2023-10-04 17:31:04,000 [main] INFO  handler.ContextHandler (ContextHandler.java:doStop(1159)) - Stopped o.e.j.s.ServletContextHandler@71dac63f{logs,/logs,file:///home/runner/work/ozone/ozone/hadoop-ozone/integration-test/target/log,STOPPED}
2023-10-04 17:31:04,001 [main] INFO  server.StorageContainerManager (StorageContainerManager.java:stop(1637)) - Stopping SCM LayoutVersionManager Service.
2023-10-04 17:31:04,001 [main] INFO  server.StorageContainerManager (StorageContainerManager.java:stop(1649)) - Stopping Block Manager Service.
2023-10-04 17:31:04,001 [main] INFO  utils.BackgroundService (BackgroundService.java:shutdown(141)) - Shutting down service SCMBlockDeletingService
2023-10-04 17:31:04,002 [main] INFO  utils.BackgroundService (BackgroundService.java:shutdown(141)) - Shutting down service SCMBlockDeletingService
2023-10-04 17:31:04,002 [main] INFO  server.StorageContainerManager (StorageContainerManager.java:stop(1669)) - Stopping SCM Event Queue.
2023-10-04 17:31:04,007 [JvmPauseMonitor0] INFO  util.JvmPauseMonitor (JvmPauseMonitor.java:run(109)) - JvmPauseMonitor-d53c3346-9e96-443f-a5e0-ee7e99ee2cae: Stopped
2023-10-04 17:31:04,007 [main] INFO  server.StorageContainerManager (StorageContainerManager.java:stop(1680)) - Stopping SCM HA services.
2023-10-04 17:31:04,007 [main] INFO  pipeline.BackgroundPipelineCreator (BackgroundPipelineCreator.java:stop(149)) - Stopping RatisPipelineUtilsThread.
2023-10-04 17:31:04,007 [RatisPipelineUtilsThread - 0] WARN  pipeline.BackgroundPipelineCreator (BackgroundPipelineCreator.java:run(180)) - RatisPipelineUtilsThread is interrupted.
2023-10-04 17:31:04,008 [main] INFO  BackgroundPipelineScrubber (BackgroundSCMService.java:stop(131)) - Stopping BackgroundPipelineScrubber Service.
2023-10-04 17:31:04,008 [BackgroundPipelineScrubberThread] WARN  BackgroundPipelineScrubber (BackgroundSCMService.java:run(115)) - BackgroundPipelineScrubber is interrupted, exit
2023-10-04 17:31:04,009 [main] INFO  impl.MetricsSystemImpl (MetricsSystemImpl.java:stop(210)) - Stopping XceiverClientMetrics metrics system...
2023-10-04 17:31:04,010 [prometheus] INFO  impl.MetricsSinkAdapter (MetricsSinkAdapter.java:publishMetricsFromQueue(141)) - prometheus thread interrupted.
2023-10-04 17:31:04,011 [main] INFO  impl.MetricsSystemImpl (MetricsSystemImpl.java:stop(216)) - XceiverClientMetrics metrics system stopped.
2023-10-04 17:31:04,011 [main] WARN  pipeline.BackgroundPipelineCreator (BackgroundPipelineCreator.java:stop(145)) - RatisPipelineUtilsThread is not running, just ignore.
2023-10-04 17:31:04,011 [main] INFO  BackgroundPipelineScrubber (BackgroundSCMService.java:stop(126)) - BackgroundPipelineScrubber Service is not running, skip stop.
2023-10-04 17:31:04,011 [ExpiredContainerReplicaOpScrubberThread] WARN  ExpiredContainerReplicaOpScrubber (BackgroundSCMService.java:run(115)) - ExpiredContainerReplicaOpScrubber is interrupted, exit
2023-10-04 17:31:04,011 [main] INFO  ExpiredContainerReplicaOpScrubber (BackgroundSCMService.java:stop(131)) - Stopping ExpiredContainerReplicaOpScrubber Service.
2023-10-04 17:31:04,011 [main] INFO  utils.BackgroundService (BackgroundService.java:shutdown(141)) - Shutting down service SCMBlockDeletingService
2023-10-04 17:31:04,012 [main] INFO  replication.ReplicationManager (ReplicationManager.java:stop(333)) - Replication Monitor Thread is not running.
2023-10-04 17:31:04,012 [main] WARN  balancer.ContainerBalancer (ContainerBalancer.java:stop(326)) - Cannot stop Container Balancer because it's not running or stopping
2023-10-04 17:31:04,012 [Lease Manager-LeaseManager#LeaseMonitor] WARN  lease.LeaseManager (LeaseManager.java:run(287)) - Lease manager is interrupted. Shutting down...
java.lang.InterruptedException
	at java.util.concurrent.locks.AbstractQueuedSynchronizer.doAcquireSharedNanos(AbstractQueuedSynchronizer.java:1039)
	at java.util.concurrent.locks.AbstractQueuedSynchronizer.tryAcquireSharedNanos(AbstractQueuedSynchronizer.java:1328)
	at java.util.concurrent.Semaphore.tryAcquire(Semaphore.java:409)
	at org.apache.hadoop.ozone.lease.LeaseManager$LeaseMonitor.run(LeaseManager.java:285)
	at java.lang.Thread.run(Thread.java:750)
2023-10-04 17:31:04,012 [main] INFO  server.StorageContainerManager (StorageContainerManager.java:stop(1715)) - Stopping SCM MetadataStore.
2023-10-04 17:31:04,069 [main] INFO  db.CodecTestUtil (CodecTestUtil.java:gc(47)) - gc 0
2023-10-04 17:31:04,860 [main] WARN  server.ServerUtils (ServerUtils.java:getScmDbDir(155)) - ozone.scm.db.dirs is not configured. We recommend adding this setting. Falling back to ozone.metadata.dirs instead.
2023-10-04 17:31:04,866 [main] WARN  server.ServerUtils (ServerUtils.java:getScmDbDir(155)) - ozone.scm.db.dirs is not configured. We recommend adding this setting. Falling back to ozone.metadata.dirs instead.
2023-10-04 17:31:04,867 [main] INFO  ha.SCMHANodeDetails (SCMHANodeDetails.java:loadSCMHAConfig(210)) - ServiceID for StorageContainerManager is null
2023-10-04 17:31:04,867 [main] INFO  ha.SCMHANodeDetails (SCMHANodeDetails.java:loadSCMHAConfig(215)) - ozone.scm.default.service.id is not defined, falling back to ozone.scm.service.ids to find serviceID for StorageContainerManager if it is HA enabled cluster
2023-10-04 17:31:04,868 [main] WARN  utils.HAUtils (HAUtils.java:getMetaDir(339)) - ozone.scm.db.dirs is not configured. We recommend adding this setting. Falling back to ozone.metadata.dirs instead.
2023-10-04 17:31:04,868 [main] WARN  db.DBStoreBuilder (DBStoreBuilder.java:applyDBDefinition(166)) - ozone.scm.db.dirs is not configured. We recommend adding this setting. Falling back to ozone.metadata.dirs instead.
2023-10-04 17:31:04,988 [main] INFO  net.NodeSchemaLoader (NodeSchemaLoader.java:loadSchemaFromFile(129)) - Loading schema from [jar:file:/home/runner/.m2/repository/org/apache/ozone/hdds-common/1.4.0-SNAPSHOT/hdds-common-1.4.0-SNAPSHOT.jar!/network-topology-default.xml]
2023-10-04 17:31:04,988 [main] INFO  net.NodeSchemaLoader (NodeSchemaLoader.java:loadSchema(176)) - Loading network topology layer schema file
2023-10-04 17:31:04,990 [main] INFO  upgrade.AbstractLayoutVersionManager (AbstractLayoutVersionManager.java:init(83)) - Initializing Layout version manager with metadata layout = HADOOP_PRC_PORTS_IN_DATANODEDETAILS (version = 7), software layout = HADOOP_PRC_PORTS_IN_DATANODEDETAILS (version = 7)
2023-10-04 17:31:04,992 [main] INFO  ha.SequenceIdGenerator (SequenceIdGenerator.java:upgradeToSequenceId(365)) - upgrade localId to 111677748019200000
2023-10-04 17:31:04,993 [main] INFO  ha.SequenceIdGenerator (SequenceIdGenerator.java:upgradeToSequenceId(375)) - upgrade delTxnId to 0
2023-10-04 17:31:04,994 [main] INFO  ha.SequenceIdGenerator (SequenceIdGenerator.java:upgradeToSequenceId(392)) - upgrade containerId to 0
2023-10-04 17:31:04,995 [main] INFO  ha.SequenceIdGenerator (SequenceIdGenerator.java:upgradeToSequenceId(428)) - upgrade rootCertificateId to 1
2023-10-04 17:31:04,995 [main] INFO  ha.SequenceIdGenerator (SequenceIdGenerator.java:<init>(236)) - Init the HA SequenceIdGenerator.
2023-10-04 17:31:04,995 [main] WARN  server.ServerUtils (ServerUtils.java:sanitizeUserArgs(80)) - ozone.scm.stale.node.interval value = 300000 is larger than max = 100000 based on the key value of ozone.scm.heartbeat.thread.interval, reset to the max value 100000.
2023-10-04 17:31:04,995 [main] WARN  server.ServerUtils (ServerUtils.java:sanitizeUserArgs(80)) - ozone.scm.stale.node.interval value = 300000 is larger than max = 100000 based on the key value of ozone.scm.heartbeat.thread.interval, reset to the max value 100000.
2023-10-04 17:31:04,996 [main] INFO  node.SCMNodeManager (SCMNodeManager.java:<init>(157)) - Entering startup safe mode.
2023-10-04 17:31:04,997 [main] INFO  algorithms.ContainerPlacementPolicyFactory (ContainerPlacementPolicyFactory.java:getPolicyInternal(86)) - Create container placement policy of type org.apache.hadoop.hdds.scm.container.placement.algorithms.SCMContainerPlacementRackAware
2023-10-04 17:31:04,997 [main] INFO  algorithms.ContainerPlacementPolicyFactory (ContainerPlacementPolicyFactory.java:getPolicyInternal(86)) - Create container placement policy of type org.apache.hadoop.hdds.scm.container.placement.algorithms.SCMContainerPlacementRackScatter
2023-10-04 17:31:04,997 [main] INFO  pipeline.PipelineStateManagerImpl (PipelineStateManagerImpl.java:initialize(78)) - No pipeline exists in current db
2023-10-04 17:31:04,997 [main] INFO  algorithms.LeaderChoosePolicyFactory (LeaderChoosePolicyFactory.java:getPolicy(57)) - Create leader choose policy of type org.apache.hadoop.hdds.scm.pipeline.leader.choose.algorithms.MinLeaderCountChoosePolicy
2023-10-04 17:31:04,997 [main] INFO  algorithms.ContainerPlacementPolicyFactory (ContainerPlacementPolicyFactory.java:getPolicyInternal(86)) - Create container placement policy of type org.apache.hadoop.hdds.scm.container.placement.algorithms.SCMContainerPlacementRackScatter
2023-10-04 17:31:04,998 [main] INFO  ha.SCMServiceManager (SCMServiceManager.java:register(42)) - Registering service BackgroundPipelineCreator.
2023-10-04 17:31:04,998 [main] INFO  pipeline.BackgroundPipelineCreator (BackgroundPipelineCreator.java:start(124)) - Starting RatisPipelineUtilsThread.
2023-10-04 17:31:05,001 [main] INFO  BackgroundPipelineScrubber (BackgroundSCMService.java:start(68)) - Starting BackgroundPipelineScrubber Service.
2023-10-04 17:31:05,002 [main] INFO  ha.SCMServiceManager (SCMServiceManager.java:register(42)) - Registering service BackgroundPipelineScrubber.
2023-10-04 17:31:05,002 [main] INFO  ExpiredContainerReplicaOpScrubber (BackgroundSCMService.java:start(68)) - Starting ExpiredContainerReplicaOpScrubber Service.
2023-10-04 17:31:05,002 [main] INFO  ha.SCMServiceManager (SCMServiceManager.java:register(42)) - Registering service ExpiredContainerReplicaOpScrubber.
2023-10-04 17:31:05,003 [main] INFO  algorithms.PipelineChoosePolicyFactory (PipelineChoosePolicyFactory.java:createPipelineChoosePolicyFromClass(78)) - Create pipeline choose policy of type org.apache.hadoop.hdds.scm.pipeline.choose.algorithms.RandomPipelineChoosePolicy
2023-10-04 17:31:05,003 [main] INFO  algorithms.PipelineChoosePolicyFactory (PipelineChoosePolicyFactory.java:createPipelineChoosePolicyFromClass(78)) - Create pipeline choose policy of type org.apache.hadoop.hdds.scm.pipeline.choose.algorithms.RandomPipelineChoosePolicy
2023-10-04 17:31:05,004 [main] INFO  ha.SCMServiceManager (SCMServiceManager.java:register(42)) - Registering service SCMBlockDeletingService.
2023-10-04 17:31:05,005 [main] INFO  replication.ReplicationManager (ReplicationManager.java:start(291)) - Starting Replication Monitor Thread.
2023-10-04 17:31:05,011 [main] INFO  ha.SCMServiceManager (SCMServiceManager.java:register(42)) - Registering service ReplicationManager.
2023-10-04 17:31:05,012 [main] INFO  safemode.ContainerSafeModeRule (ContainerSafeModeRule.java:<init>(90)) - containers with one replica threshold count 0
2023-10-04 17:31:05,012 [main] INFO  safemode.HealthyPipelineSafeModeRule (HealthyPipelineSafeModeRule.java:initializeRule(169)) - Total pipeline count is 0, healthy pipeline threshold count is 1
2023-10-04 17:31:05,013 [main] INFO  safemode.OneReplicaPipelineSafeModeRule (OneReplicaPipelineSafeModeRule.java:initializeRule(180)) - Total pipeline count is 0, pipeline's with at least one datanode reported threshold count is 0
2023-10-04 17:31:05,013 [ReplicationMonitor] INFO  replication.ReplicationManager (ReplicationManager.java:processAll(365)) - Replication Manager is not ready to run until 3000ms after safemode exit
2023-10-04 17:31:05,015 [main] INFO  server.StorageContainerManager (StorageContainerManager.java:<init>(425)) - SCM start with adminUsers: [runner]
2023-10-04 17:31:05,015 [main] INFO  ipc.CallQueueManager (CallQueueManager.java:<init>(90)) - Using callQueue: class java.util.concurrent.LinkedBlockingQueue, queueCapacity: 2000, scheduler: class org.apache.hadoop.ipc.DefaultRpcScheduler, ipcBackoff: false.
2023-10-04 17:31:05,016 [main] INFO  ipc.Server (Server.java:<init>(1287)) - Listener at 0.0.0.0:15055
2023-10-04 17:31:05,016 [Socket Reader #1 for port 15055] INFO  ipc.Server (Server.java:run(1323)) - Starting Socket Reader #1 for port 15055
2023-10-04 17:31:05,017 [main] INFO  ipc.CallQueueManager (CallQueueManager.java:<init>(90)) - Using callQueue: class java.util.concurrent.LinkedBlockingQueue, queueCapacity: 2000, scheduler: class org.apache.hadoop.ipc.DefaultRpcScheduler, ipcBackoff: false.
2023-10-04 17:31:05,017 [main] INFO  ipc.Server (Server.java:<init>(1287)) - Listener at 0.0.0.0:15054
2023-10-04 17:31:05,020 [Socket Reader #1 for port 15054] INFO  ipc.Server (Server.java:run(1323)) - Starting Socket Reader #1 for port 15054
2023-10-04 17:31:05,022 [main] INFO  ipc.CallQueueManager (CallQueueManager.java:<init>(90)) - Using callQueue: class java.util.concurrent.LinkedBlockingQueue, queueCapacity: 2000, scheduler: class org.apache.hadoop.ipc.DefaultRpcScheduler, ipcBackoff: false.
2023-10-04 17:31:05,022 [main] INFO  ipc.Server (Server.java:<init>(1287)) - Listener at 0.0.0.0:15053
2023-10-04 17:31:05,023 [Socket Reader #1 for port 15053] INFO  ipc.Server (Server.java:run(1323)) - Starting Socket Reader #1 for port 15053
2023-10-04 17:31:05,027 [main] INFO  ha.SCMServiceManager (SCMServiceManager.java:register(42)) - Registering service ContainerBalancer.
2023-10-04 17:31:05,027 [main] INFO  server.StorageContainerManager (StorageContainerManager.java:<init>(438)) - 
Container Balancer status:
Key                            Value
Running                        false
Container Balancer Configuration values:
Key                                                Value
Threshold                                          10
Max Datanodes to Involve per Iteration(percent)    20
Max Size to Move per Iteration                     500GB
Max Size Entering Target per Iteration             26GB
Max Size Leaving Source per Iteration              26GB
Number of Iterations                               10
Time Limit for Single Container's Movement         65min
Time Limit for Single Container's Replication      50min
Interval between each Iteration                    70min
Whether to Enable Network Topology                 false
Whether to Trigger Refresh Datanode Usage Info     false
Container IDs to Exclude from Balancing            None
Datanodes Specified to be Balanced                 None
Datanodes Excluded from Balancing                  None

2023-10-04 17:31:05,027 [main] INFO  ha.SCMContext (SCMContext.java:updateSafeModeStatus(228)) - Update SafeModeStatus from SafeModeStatus{safeModeStatus=true, preCheckPassed=false} to SafeModeStatus{safeModeStatus=true, preCheckPassed=false}.
2023-10-04 17:31:05,028 [main] INFO  server.StorageContainerManager (StorageContainerManager.java:start(1483)) - StorageContainerLocationProtocol RPC server is listening at /0.0.0.0:15053
2023-10-04 17:31:05,031 [main] WARN  impl.MetricsConfig (MetricsConfig.java:loadFirst(136)) - Cannot locate configuration: tried hadoop-metrics2-storagecontainermanager.properties,hadoop-metrics2.properties
2023-10-04 17:31:05,035 [main] INFO  impl.MetricsSystemImpl (MetricsSystemImpl.java:startTimer(378)) - Scheduled Metric snapshot period at 10 second(s).
2023-10-04 17:31:05,035 [main] INFO  impl.MetricsSystemImpl (MetricsSystemImpl.java:start(191)) - StorageContainerManager metrics system started
2023-10-04 17:31:05,059 [main] INFO  impl.MetricsSinkAdapter (MetricsSinkAdapter.java:start(204)) - Sink prometheus started
2023-10-04 17:31:05,063 [main] INFO  impl.MetricsSystemImpl (MetricsSystemImpl.java:registerSink(305)) - Registered sink prometheus
2023-10-04 17:31:05,085 [main] INFO  server.SCMClientProtocolServer (SCMClientProtocolServer.java:start(201)) - RPC server for Client  is listening at /0.0.0.0:15053
2023-10-04 17:31:05,086 [IPC Server Responder] INFO  ipc.Server (Server.java:run(1562)) - IPC Server Responder: starting
2023-10-04 17:31:05,100 [IPC Server listener on 15053] INFO  ipc.Server (Server.java:run(1402)) - IPC Server listener on 15053: starting
2023-10-04 17:31:05,100 [main] INFO  server.StorageContainerManager (StorageContainerManager.java:start(1496)) - ScmBlockLocationProtocol RPC server is listening at /0.0.0.0:15054
2023-10-04 17:31:05,100 [main] INFO  server.SCMBlockProtocolServer (SCMBlockProtocolServer.java:start(154)) - RPC server for Block Protocol is listening at /0.0.0.0:15054
2023-10-04 17:31:05,102 [IPC Server Responder] INFO  ipc.Server (Server.java:run(1562)) - IPC Server Responder: starting
2023-10-04 17:31:05,103 [IPC Server listener on 15054] INFO  ipc.Server (Server.java:run(1402)) - IPC Server listener on 15054: starting
2023-10-04 17:31:05,116 [main] INFO  server.SCMDatanodeProtocolServer (SCMDatanodeProtocolServer.java:start(193)) - ScmDatanodeProtocol RPC server for DataNodes is listening at /0.0.0.0:15055
2023-10-04 17:31:05,116 [IPC Server Responder] INFO  ipc.Server (Server.java:run(1562)) - IPC Server Responder: starting
2023-10-04 17:31:05,116 [IPC Server listener on 15055] INFO  ipc.Server (Server.java:run(1402)) - IPC Server listener on 15055: starting
2023-10-04 17:31:05,130 [JvmPauseMonitor7] INFO  util.JvmPauseMonitor (JvmPauseMonitor.java:run(103)) - JvmPauseMonitor-5324abbe-1171-4c4a-a610-02162a341a67: Started
2023-10-04 17:31:05,131 [main] INFO  http.BaseHttpServer (BaseHttpServer.java:newHttpServer2BuilderForOzone(223)) - Starting Web-server for scm at: http://0.0.0.0:15056
2023-10-04 17:31:05,132 [main] INFO  http.BaseHttpServer (BaseHttpServer.java:<init>(110)) - Hadoop Security Enabled: false Ozone Security Enabled: false Ozone HTTP Security Enabled: false 
2023-10-04 17:31:05,134 [main] WARN  server.AuthenticationFilter (AuthenticationFilter.java:constructSecretProvider(240)) - Unable to initialize FileSignerSecretProvider, falling back to use random secrets. Reason: Could not read signature secret file: /home/runner/hadoop-http-auth-signature-secret
2023-10-04 17:31:05,136 [main] INFO  http.HttpRequestLog (HttpRequestLog.java:getRequestLog(86)) - Http request log for http.requests.scm is not defined
2023-10-04 17:31:05,139 [main] INFO  http.HttpServer2 (HttpServer2.java:addGlobalFilter(1031)) - Added global filter 'safety' (class=org.apache.hadoop.hdds.server.http.HttpServer2$QuotingInputFilter)
2023-10-04 17:31:05,141 [main] INFO  http.HttpServer2 (HttpServer2.java:addFilter(1007)) - Added filter static_user_filter (class=org.apache.hadoop.http.lib.StaticUserWebFilter$StaticUserFilter) to context scm
2023-10-04 17:31:05,142 [main] INFO  http.HttpServer2 (HttpServer2.java:addFilter(1015)) - Added filter static_user_filter (class=org.apache.hadoop.http.lib.StaticUserWebFilter$StaticUserFilter) to context static
2023-10-04 17:31:05,142 [main] INFO  http.HttpServer2 (HttpServer2.java:addFilter(1015)) - Added filter static_user_filter (class=org.apache.hadoop.http.lib.StaticUserWebFilter$StaticUserFilter) to context logs
2023-10-04 17:31:05,143 [main] INFO  http.BaseHttpServer (BaseHttpServer.java:<init>(189)) - HTTP server of scm uses base directory /home/runner/work/ozone/ozone/hadoop-ozone/integration-test/target/test-dir/MiniOzoneClusterImpl-ae862161-af4f-46f0-80d9-78d734e05fe2/ozone-meta/webserver
2023-10-04 17:31:05,143 [main] INFO  http.HttpServer2 (HttpServer2.java:bindListener(1231)) - Jetty bound to port 15056
2023-10-04 17:31:05,143 [main] INFO  server.Server (Server.java:doStart(375)) - jetty-9.4.52.v20230823; built: 2023-08-23T19:29:37.669Z; git: abdcda73818a1a2c705da276edb0bf6581e7997e; jvm 1.8.0_382-b05
2023-10-04 17:31:05,146 [main] INFO  server.session (DefaultSessionIdManager.java:doStart(334)) - DefaultSessionIdManager workerName=node0
2023-10-04 17:31:05,146 [main] INFO  server.session (DefaultSessionIdManager.java:doStart(339)) - No SessionScavenger set, using defaults
2023-10-04 17:31:05,146 [main] INFO  server.session (HouseKeeper.java:startScavenging(132)) - node0 Scavenging every 660000ms
2023-10-04 17:31:05,147 [main] INFO  handler.ContextHandler (ContextHandler.java:doStart(921)) - Started o.e.j.s.ServletContextHandler@4bc502be{logs,/logs,file:///home/runner/work/ozone/ozone/hadoop-ozone/integration-test/target/log,AVAILABLE}
2023-10-04 17:31:05,148 [main] INFO  handler.ContextHandler (ContextHandler.java:doStart(921)) - Started o.e.j.s.ServletContextHandler@2e236ed1{static,/static,file:///home/runner/work/ozone/ozone/hadoop-ozone/integration-test/target/test-classes/webapps/static,AVAILABLE}
2023-10-04 17:31:05,151 [main] INFO  handler.ContextHandler (ContextHandler.java:doStart(921)) - Started o.e.j.w.WebAppContext@2cdb272f{scm,/,file:///home/runner/work/ozone/ozone/hadoop-ozone/integration-test/target/test-classes/webapps/scm/,AVAILABLE}{file:/home/runner/work/ozone/ozone/hadoop-ozone/integration-test/target/test-classes/webapps/scm}
2023-10-04 17:31:05,152 [main] INFO  server.AbstractConnector (AbstractConnector.java:doStart(333)) - Started ServerConnector@21e216c0{HTTP/1.1, (http/1.1)}{0.0.0.0:15056}
2023-10-04 17:31:05,152 [main] INFO  server.Server (Server.java:doStart(415)) - Started @102398ms
2023-10-04 17:31:05,152 [main] WARN  impl.MetricsSystemImpl (MetricsSystemImpl.java:register(279)) - Sink prometheus already exists!
2023-10-04 17:31:05,153 [main] INFO  http.BaseHttpServer (BaseHttpServer.java:updateConnectorAddress(354)) - HTTP server of scm listening at http://0.0.0.0:15056
2023-10-04 17:31:05,153 [main] WARN  server.ServerUtils (ServerUtils.java:getDBPath(311)) - ozone.om.db.dirs is not configured. We recommend adding this setting. Falling back to ozone.metadata.dirs instead.
2023-10-04 17:31:05,155 [main] INFO  ha.OMHANodeDetails (OMHANodeDetails.java:loadOMHAConfig(115)) - ozone.om.internal.service.id is not defined, falling back to ozone.om.service.ids to find serviceID for OzoneManager if it is HA enabled cluster
2023-10-04 17:31:05,155 [main] INFO  ha.OMHANodeDetails (OMHANodeDetails.java:loadOMHAConfig(226)) - Configuration does not have ozone.om.address set. Falling back to the default OM address /127.0.0.1:15057
2023-10-04 17:31:05,155 [main] INFO  ha.OMHANodeDetails (OMHANodeDetails.java:getOMNodeDetailsForNonHA(254)) - OM Service ID is not set. Setting it to the default ID: omServiceIdDefault
2023-10-04 17:31:05,155 [main] INFO  ha.OMHANodeDetails (OMHANodeDetails.java:getOMNodeDetailsForNonHA(261)) - OM Node ID is not set. Setting it to the default ID: om1
2023-10-04 17:31:05,156 [main] WARN  server.ServerUtils (ServerUtils.java:getDBPath(311)) - ozone.om.db.dirs is not configured. We recommend adding this setting. Falling back to ozone.metadata.dirs instead.
2023-10-04 17:31:05,157 [main] INFO  upgrade.AbstractLayoutVersionManager (AbstractLayoutVersionManager.java:init(83)) - Initializing Layout version manager with metadata layout = QUOTA (version = 6), software layout = QUOTA (version = 6)
2023-10-04 17:31:05,245 [main] INFO  reflections.Reflections (Reflections.java:scan(232)) - Reflections took 87 ms to scan 2 urls, producing 190 keys and 530 values [using 2 cores]
2023-10-04 17:31:05,246 [main] INFO  upgrade.OMLayoutVersionManager (OMLayoutVersionManager.java:lambda$0(115)) - Skipping Upgrade Action MockOmUpgradeAction since it has been finalized.
2023-10-04 17:31:05,246 [main] INFO  upgrade.OMLayoutVersionManager (OMLayoutVersionManager.java:lambda$0(115)) - Skipping Upgrade Action QuotaRepairUpgradeAction since it has been finalized.
2023-10-04 17:31:05,246 [main] WARN  server.ServerUtils (ServerUtils.java:getDBPath(311)) - ozone.om.db.dirs is not configured. We recommend adding this setting. Falling back to ozone.metadata.dirs instead.
2023-10-04 17:31:05,247 [main] INFO  proxy.SCMBlockLocationFailoverProxyProvider (SCMBlockLocationFailoverProxyProvider.java:<init>(114)) - Created block location fail-over proxy with 1 nodes: [nodeId=scmNodeId,nodeAddress=/0.0.0.0:15054]
2023-10-04 17:31:05,249 [main] INFO  proxy.SCMBlockLocationFailoverProxyProvider (SCMBlockLocationFailoverProxyProvider.java:<init>(114)) - Created block location fail-over proxy with 1 nodes: [nodeId=scmNodeId,nodeAddress=/0.0.0.0:15054]
2023-10-04 17:31:05,256 [main] INFO  om.OzoneManager (OzoneManager.java:<init>(668)) - OM start with adminUsers: [runner]
2023-10-04 17:31:05,257 [main] WARN  server.ServerUtils (ServerUtils.java:getDBPath(311)) - ozone.om.db.dirs is not configured. We recommend adding this setting. Falling back to ozone.metadata.dirs instead.
2023-10-04 17:31:05,258 [main] INFO  helpers.OmKeyInfo (OmKeyInfo.java:getCodec(71)) - OmKeyInfo.getCodec ignorePipeline = true
2023-10-04 17:31:05,487 [main] INFO  om.OzoneManager (OzoneManager.java:instantiateServices(797)) - S3 Multi-Tenancy is disabled
2023-10-04 17:31:05,487 [main] INFO  om.OmSnapshotManager (OmSnapshotManager.java:<init>(174)) - Ozone filesystem snapshot feature is enabled.
2023-10-04 17:31:05,487 [main] WARN  server.ServerUtils (ServerUtils.java:getDBPath(311)) - ozone.om.snapshot.diff.db.dir is not configured. We recommend adding this setting. Falling back to ozone.metadata.dirs instead.
2023-10-04 17:31:05,521 [main] INFO  snapshot.SnapshotDiffManager (SnapshotDiffManager.java:closeExecutorService(1720)) - Shutting down executorService: 'SstDumpToolExecutor'
2023-10-04 17:31:05,523 [main] INFO  om.OzoneManager (OzoneManager.java:addS3GVolumeToDB(4375)) - Created Volume s3v With Owner runner required for S3Gateway operations.
2023-10-04 17:31:05,523 [main] INFO  om.OzoneManager (OzoneManager.java:getRpcServer(1199)) - Creating RPC Server
2023-10-04 17:31:05,997 [main] INFO  reflections.Reflections (Reflections.java:scan(232)) - Reflections took 468 ms to scan 20 urls, producing 71 keys and 6069 values [using 2 cores]
2023-10-04 17:31:05,998 [main] INFO  ipc.CallQueueManager (CallQueueManager.java:<init>(90)) - Using callQueue: class java.util.concurrent.LinkedBlockingQueue, queueCapacity: 2000, scheduler: class org.apache.hadoop.ipc.DefaultRpcScheduler, ipcBackoff: false.
2023-10-04 17:31:05,998 [main] INFO  ipc.Server (Server.java:<init>(1287)) - Listener at 127.0.0.1:15057
2023-10-04 17:31:06,002 [Socket Reader #1 for port 15057] INFO  ipc.Server (Server.java:run(1323)) - Starting Socket Reader #1 for port 15057
2023-10-04 17:31:06,024 [main] INFO  impl.MetricsSystemImpl (MetricsSystemImpl.java:init(158)) - OzoneManager metrics system started (again)
2023-10-04 17:31:06,036 [main] INFO  om.OzoneManager (OzoneManager.java:start(1636)) - OzoneManager RPC server is listening at localhost/127.0.0.1:15057
2023-10-04 17:31:06,037 [main] INFO  om.OzoneManager (OzoneManager.java:start(1652)) - Version File has different layout version (6) than OM DB (null). That is expected if this OM has never been finalized to a newer layout version.
2023-10-04 17:31:06,041 [main] INFO  http.BaseHttpServer (BaseHttpServer.java:newHttpServer2BuilderForOzone(223)) - Starting Web-server for ozoneManager at: http://0.0.0.0:15058
2023-10-04 17:31:06,041 [main] INFO  http.BaseHttpServer (BaseHttpServer.java:<init>(110)) - Hadoop Security Enabled: false Ozone Security Enabled: false Ozone HTTP Security Enabled: false 
2023-10-04 17:31:06,043 [main] WARN  server.AuthenticationFilter (AuthenticationFilter.java:constructSecretProvider(240)) - Unable to initialize FileSignerSecretProvider, falling back to use random secrets. Reason: Could not read signature secret file: /home/runner/hadoop-http-auth-signature-secret
2023-10-04 17:31:06,046 [main] INFO  http.HttpRequestLog (HttpRequestLog.java:getRequestLog(86)) - Http request log for http.requests.ozoneManager is not defined
2023-10-04 17:31:06,047 [main] INFO  http.HttpServer2 (HttpServer2.java:addGlobalFilter(1031)) - Added global filter 'safety' (class=org.apache.hadoop.hdds.server.http.HttpServer2$QuotingInputFilter)
2023-10-04 17:31:06,048 [main] INFO  http.HttpServer2 (HttpServer2.java:addFilter(1007)) - Added filter static_user_filter (class=org.apache.hadoop.http.lib.StaticUserWebFilter$StaticUserFilter) to context ozoneManager
2023-10-04 17:31:06,048 [main] INFO  http.HttpServer2 (HttpServer2.java:addFilter(1015)) - Added filter static_user_filter (class=org.apache.hadoop.http.lib.StaticUserWebFilter$StaticUserFilter) to context logs
2023-10-04 17:31:06,048 [main] INFO  http.HttpServer2 (HttpServer2.java:addFilter(1015)) - Added filter static_user_filter (class=org.apache.hadoop.http.lib.StaticUserWebFilter$StaticUserFilter) to context static
2023-10-04 17:31:06,049 [main] INFO  http.BaseHttpServer (BaseHttpServer.java:<init>(189)) - HTTP server of ozoneManager uses base directory /home/runner/work/ozone/ozone/hadoop-ozone/integration-test/target/test-dir/MiniOzoneClusterImpl-ae862161-af4f-46f0-80d9-78d734e05fe2/ozone-meta/webserver
2023-10-04 17:31:06,049 [main] INFO  http.HttpServer2 (HttpServer2.java:bindListener(1231)) - Jetty bound to port 15058
2023-10-04 17:31:06,049 [main] INFO  server.Server (Server.java:doStart(375)) - jetty-9.4.52.v20230823; built: 2023-08-23T19:29:37.669Z; git: abdcda73818a1a2c705da276edb0bf6581e7997e; jvm 1.8.0_382-b05
2023-10-04 17:31:06,058 [main] INFO  server.session (DefaultSessionIdManager.java:doStart(334)) - DefaultSessionIdManager workerName=node0
2023-10-04 17:31:06,058 [main] INFO  server.session (DefaultSessionIdManager.java:doStart(339)) - No SessionScavenger set, using defaults
2023-10-04 17:31:06,059 [main] INFO  server.session (HouseKeeper.java:startScavenging(132)) - node0 Scavenging every 600000ms
2023-10-04 17:31:06,059 [main] INFO  handler.ContextHandler (ContextHandler.java:doStart(921)) - Started o.e.j.s.ServletContextHandler@7622670a{logs,/logs,file:///home/runner/work/ozone/ozone/hadoop-ozone/integration-test/target/log,AVAILABLE}
2023-10-04 17:31:06,060 [main] INFO  handler.ContextHandler (ContextHandler.java:doStart(921)) - Started o.e.j.s.ServletContextHandler@2207b69c{static,/static,file:///home/runner/work/ozone/ozone/hadoop-ozone/integration-test/target/test-classes/webapps/static,AVAILABLE}
2023-10-04 17:31:06,063 [main] INFO  handler.ContextHandler (ContextHandler.java:doStart(921)) - Started o.e.j.w.WebAppContext@3fa5f43a{ozoneManager,/,file:///home/runner/work/ozone/ozone/hadoop-ozone/integration-test/target/test-classes/webapps/ozoneManager/,AVAILABLE}{file:/home/runner/work/ozone/ozone/hadoop-ozone/integration-test/target/test-classes/webapps/ozoneManager}
2023-10-04 17:31:06,068 [main] INFO  server.AbstractConnector (AbstractConnector.java:doStart(333)) - Started ServerConnector@22a16a7e{HTTP/1.1, (http/1.1)}{0.0.0.0:15058}
2023-10-04 17:31:06,068 [main] INFO  server.Server (Server.java:doStart(415)) - Started @103314ms
2023-10-04 17:31:06,068 [main] WARN  impl.MetricsSystemImpl (MetricsSystemImpl.java:register(279)) - Sink prometheus already exists!
2023-10-04 17:31:06,069 [main] INFO  http.BaseHttpServer (BaseHttpServer.java:updateConnectorAddress(354)) - HTTP server of ozoneManager listening at http://0.0.0.0:15058
2023-10-04 17:31:06,069 [IPC Server Responder] INFO  ipc.Server (Server.java:run(1562)) - IPC Server Responder: starting
2023-10-04 17:31:06,070 [IPC Server listener on 15057] INFO  ipc.Server (Server.java:run(1402)) - IPC Server listener on 15057: starting
2023-10-04 17:31:06,076 [main] INFO  om.TrashPolicyOzone (TrashPolicyOzone.java:<init>(281)) - Ozone Manager trash configuration: Deletion interval = 0 minutes, Emptier interval = 0 minutes.
2023-10-04 17:31:06,080 [JvmPauseMonitor8] INFO  util.JvmPauseMonitor (JvmPauseMonitor.java:run(103)) - JvmPauseMonitor-dc804d76-1418-4556-a31a-035c47003839: Started
2023-10-04 17:31:06,108 [main] INFO  impl.MetricsSystemImpl (MetricsSystemImpl.java:init(158)) - HddsDatanode metrics system started (again)
2023-10-04 17:31:06,134 [main] INFO  ozone.HddsDatanodeService (HddsDatanodeService.java:start(237)) - HddsDatanodeService host:fv-az453-706.hss2zji4abbufegd5wcf2so25h.dx.internal.cloudapp.net ip:10.1.0.20
2023-10-04 17:31:06,167 [main] INFO  upgrade.AbstractLayoutVersionManager (AbstractLayoutVersionManager.java:init(83)) - Initializing Layout version manager with metadata layout = HADOOP_PRC_PORTS_IN_DATANODEDETAILS (version = 7), software layout = HADOOP_PRC_PORTS_IN_DATANODEDETAILS (version = 7)
2023-10-04 17:31:06,168 [main] INFO  statemachine.DatanodeStateMachine (DatanodeStateMachine.java:getEndPointTaskThreadPoolSize(283)) - Datanode State Machine Task Thread Pool size 2
2023-10-04 17:31:06,171 [main] INFO  volume.HddsVolume (HddsVolume.java:<init>(126)) - Creating HddsVolume: /home/runner/work/ozone/ozone/hadoop-ozone/integration-test/target/test-dir/MiniOzoneClusterImpl-ae862161-af4f-46f0-80d9-78d734e05fe2/datanode-0/data-0/containers/hdds of storage type : DISK capacity : 9223372036854775807
2023-10-04 17:31:06,171 [main] INFO  volume.MutableVolumeSet (MutableVolumeSet.java:initializeVolumeSet(173)) - Added Volume : /home/runner/work/ozone/ozone/hadoop-ozone/integration-test/target/test-dir/MiniOzoneClusterImpl-ae862161-af4f-46f0-80d9-78d734e05fe2/datanode-0/data-0/containers/hdds to VolumeSet
2023-10-04 17:31:06,172 [main] INFO  volume.MutableVolumeSet (MutableVolumeSet.java:initializeVolumeSet(173)) - Added Volume : /home/runner/work/ozone/ozone/hadoop-ozone/integration-test/target/test-dir/MiniOzoneClusterImpl-ae862161-af4f-46f0-80d9-78d734e05fe2/datanode-0/data/ratis to VolumeSet
2023-10-04 17:31:06,173 [Thread-787] INFO  ozoneimpl.ContainerReader (ContainerReader.java:readVolume(177)) - Finish verifying containers on volume /home/runner/work/ozone/ozone/hadoop-ozone/integration-test/target/test-dir/MiniOzoneClusterImpl-ae862161-af4f-46f0-80d9-78d734e05fe2/datanode-0/data-0/containers/hdds
2023-10-04 17:31:06,173 [main] INFO  ozoneimpl.OzoneContainer (OzoneContainer.java:buildContainerSet(314)) - Build ContainerSet costs 0s
2023-10-04 17:31:06,176 [main] INFO  server.RaftServer (ConfUtils.java:logGet(46)) - raft.rpc.type = GRPC (default)
2023-10-04 17:31:06,176 [main] INFO  grpc.GrpcConfigKeys (ConfUtils.java:logFallback(53)) - raft.grpc.admin.host = null (fallback to raft.grpc.server.host)
2023-10-04 17:31:06,176 [main] INFO  grpc.GrpcConfigKeys (ConfUtils.java:logGet(46)) - raft.grpc.admin.port = 15066 (custom)
2023-10-04 17:31:06,177 [main] INFO  grpc.GrpcConfigKeys (ConfUtils.java:logFallback(53)) - raft.grpc.client.host = null (fallback to raft.grpc.server.host)
2023-10-04 17:31:06,177 [main] INFO  grpc.GrpcConfigKeys (ConfUtils.java:logGet(46)) - raft.grpc.client.port = 15065 (custom)
2023-10-04 17:31:06,177 [main] INFO  grpc.GrpcConfigKeys (ConfUtils.java:logGet(46)) - raft.grpc.server.host = null (default)
2023-10-04 17:31:06,177 [main] INFO  grpc.GrpcConfigKeys (ConfUtils.java:logGet(46)) - raft.grpc.server.port = 15067 (custom)
2023-10-04 17:31:06,177 [main] INFO  server.GrpcService (ConfUtils.java:logGet(46)) - raft.grpc.message.size.max = 32MB (=33554432) (custom)
2023-10-04 17:31:06,177 [main] INFO  server.RaftServerConfigKeys (ConfUtils.java:logGet(46)) - raft.server.log.appender.buffer.byte-limit = 33554432 (custom)
2023-10-04 17:31:06,177 [main] INFO  server.GrpcService (ConfUtils.java:logGet(46)) - raft.grpc.flow.control.window = 5MB (=5242880) (custom)
2023-10-04 17:31:06,178 [main] INFO  server.RaftServerConfigKeys (ConfUtils.java:logGet(46)) - raft.server.rpc.request.timeout = 60s (custom)
2023-10-04 17:31:06,178 [main] INFO  grpc.GrpcConfigKeys (ConfUtils.java:logGet(46)) - raft.grpc.server.heartbeat.channel = true (default)
2023-10-04 17:31:06,178 [main] INFO  grpc.GrpcConfigKeys (ConfUtils.java:logGet(46)) - raft.grpc.server.async.request.thread.pool.cached = true (default)
2023-10-04 17:31:06,178 [main] INFO  grpc.GrpcConfigKeys (ConfUtils.java:logGet(46)) - raft.grpc.server.async.request.thread.pool.size = 32 (default)
2023-10-04 17:31:06,181 [main] INFO  impl.DataStreamServerImpl (ConfUtils.java:logGet(46)) - raft.datastream.type = NETTY (custom)
2023-10-04 17:31:06,181 [main] INFO  server.RaftServerConfigKeys (ConfUtils.java:logGet(46)) - raft.server.data-stream.async.request.thread.pool.cached = false (default)
2023-10-04 17:31:06,181 [main] INFO  server.RaftServerConfigKeys (ConfUtils.java:logGet(46)) - raft.server.data-stream.async.request.thread.pool.size = 20 (custom)
2023-10-04 17:31:06,182 [main] INFO  server.RaftServerConfigKeys (ConfUtils.java:logGet(46)) - raft.server.data-stream.async.write.thread.pool.size = 16 (default)
2023-10-04 17:31:06,182 [main] INFO  server.RaftServerConfigKeys (ConfUtils.java:logGet(46)) - raft.server.data-stream.client.pool.size = 10 (default)
2023-10-04 17:31:06,182 [main] INFO  netty.NettyConfigKeys$DataStream (ConfUtils.java:logGet(46)) - raft.netty.dataStream.server.use-epoll = false (default)
2023-10-04 17:31:06,182 [main] INFO  netty.NettyConfigKeys$DataStream (ConfUtils.java:logGet(46)) - raft.netty.dataStream.server.boss-group.size = 0 (default)
2023-10-04 17:31:06,182 [main] INFO  netty.NettyConfigKeys$DataStream (ConfUtils.java:logGet(46)) - raft.netty.dataStream.server.worker-group.size = 0 (default)
2023-10-04 17:31:06,183 [main] INFO  netty.NettyConfigKeys$DataStream (ConfUtils.java:logGet(46)) - raft.netty.dataStream.server.tls.conf = null (default)
2023-10-04 17:31:06,183 [main] INFO  netty.NettyConfigKeys$DataStream (ConfUtils.java:logGet(46)) - raft.netty.dataStream.host = null (default)
2023-10-04 17:31:06,183 [main] INFO  netty.NettyConfigKeys$DataStream (ConfUtils.java:logGet(46)) - raft.netty.dataStream.port = 15068 (custom)
2023-10-04 17:31:06,184 [main] INFO  server.RaftServerConfigKeys (ConfUtils.java:logGet(46)) - raft.server.threadpool.proxy.cached = true (default)
2023-10-04 17:31:06,184 [main] INFO  server.RaftServerConfigKeys (ConfUtils.java:logGet(46)) - raft.server.threadpool.proxy.size = 0 (default)
2023-10-04 17:31:06,184 [main] INFO  server.RaftServerConfigKeys (ConfUtils.java:logGet(46)) - raft.server.rpc.slowness.timeout = 300s (custom)
2023-10-04 17:31:06,184 [main] INFO  server.RaftServerConfigKeys (ConfUtils.java:logGet(46)) - raft.server.leaderelection.leader.step-down.wait-time = 10s (default)
2023-10-04 17:31:06,184 [main] INFO  server.RaftServerConfigKeys (ConfUtils.java:logGet(46)) - raft.server.storage.dir = [/home/runner/work/ozone/ozone/hadoop-ozone/integration-test/target/test-dir/MiniOzoneClusterImpl-ae862161-af4f-46f0-80d9-78d734e05fe2/datanode-0/data/ratis] (custom)
2023-10-04 17:31:06,184 [2fe9f5bb-a002-4881-945d-f328dd53395c-NettyServerStreamRpc-bossGroup--thread1] INFO  logging.LoggingHandler (AbstractInternalLogger.java:log(148)) - [id: 0xd652570c] REGISTERED
2023-10-04 17:31:06,185 [2fe9f5bb-a002-4881-945d-f328dd53395c-NettyServerStreamRpc-bossGroup--thread1] INFO  logging.LoggingHandler (AbstractInternalLogger.java:log(148)) - [id: 0xd652570c] BIND: 0.0.0.0/0.0.0.0:15068
2023-10-04 17:31:06,185 [2fe9f5bb-a002-4881-945d-f328dd53395c-NettyServerStreamRpc-bossGroup--thread1] INFO  logging.LoggingHandler (AbstractInternalLogger.java:log(148)) - [id: 0xd652570c, L:/0:0:0:0:0:0:0:0:15068] ACTIVE
2023-10-04 17:31:06,185 [2fe9f5bb-a002-4881-945d-f328dd53395c-impl-thread1] INFO  server.RaftServer (RaftServerProxy.java:initGroupDir(258)) - 2fe9f5bb-a002-4881-945d-f328dd53395c: found a subdirectory /home/runner/work/ozone/ozone/hadoop-ozone/integration-test/target/test-dir/MiniOzoneClusterImpl-ae862161-af4f-46f0-80d9-78d734e05fe2/datanode-0/data/ratis/tmp
2023-10-04 17:31:06,185 [2fe9f5bb-a002-4881-945d-f328dd53395c-impl-thread1] INFO  server.RaftServer (RaftServerProxy.java:initGroupDir(263)) - 2fe9f5bb-a002-4881-945d-f328dd53395c: The directory /home/runner/work/ozone/ozone/hadoop-ozone/integration-test/target/test-dir/MiniOzoneClusterImpl-ae862161-af4f-46f0-80d9-78d734e05fe2/datanode-0/data/ratis/tmp is not a group directory; ignoring it. 
2023-10-04 17:31:06,185 [main] INFO  replication.ReplicationServer (ReplicationServer.java:<init>(83)) - Initializing replication server with thread count = 10 queue length = 4096
2023-10-04 17:31:06,187 [main] INFO  server.XceiverServerGrpc (XceiverServerGrpc.java:<init>(132)) - GrpcServer channel type EpollServerSocketChannel
2023-10-04 17:31:06,188 [main] INFO  replication.ReplicationSupervisor (ReplicationSupervisor.java:build(155)) - Initializing replication supervisor with thread count = 10
2023-10-04 17:31:06,189 [main] INFO  replication.ReplicationSupervisor (ReplicationSupervisor.java:nodeStateUpdated(307)) - Node state updated to IN_SERVICE, scaling executor pool size to 10
2023-10-04 17:31:06,191 [main] INFO  http.BaseHttpServer (BaseHttpServer.java:newHttpServer2BuilderForOzone(223)) - Starting Web-server for hddsDatanode at: http://0.0.0.0:15062
2023-10-04 17:31:06,191 [main] INFO  http.BaseHttpServer (BaseHttpServer.java:<init>(110)) - Hadoop Security Enabled: false Ozone Security Enabled: false Ozone HTTP Security Enabled: false 
2023-10-04 17:31:06,193 [main] WARN  server.AuthenticationFilter (AuthenticationFilter.java:constructSecretProvider(240)) - Unable to initialize FileSignerSecretProvider, falling back to use random secrets. Reason: Could not read signature secret file: /home/runner/hadoop-http-auth-signature-secret
2023-10-04 17:31:06,193 [main] INFO  http.HttpRequestLog (HttpRequestLog.java:getRequestLog(86)) - Http request log for http.requests.hddsDatanode is not defined
2023-10-04 17:31:06,194 [main] INFO  http.HttpServer2 (HttpServer2.java:addGlobalFilter(1031)) - Added global filter 'safety' (class=org.apache.hadoop.hdds.server.http.HttpServer2$QuotingInputFilter)
2023-10-04 17:31:06,195 [main] INFO  http.HttpServer2 (HttpServer2.java:addFilter(1007)) - Added filter static_user_filter (class=org.apache.hadoop.http.lib.StaticUserWebFilter$StaticUserFilter) to context hddsDatanode
2023-10-04 17:31:06,195 [main] INFO  http.HttpServer2 (HttpServer2.java:addFilter(1015)) - Added filter static_user_filter (class=org.apache.hadoop.http.lib.StaticUserWebFilter$StaticUserFilter) to context static
2023-10-04 17:31:06,195 [main] INFO  http.HttpServer2 (HttpServer2.java:addFilter(1015)) - Added filter static_user_filter (class=org.apache.hadoop.http.lib.StaticUserWebFilter$StaticUserFilter) to context logs
2023-10-04 17:31:06,196 [main] INFO  http.BaseHttpServer (BaseHttpServer.java:<init>(189)) - HTTP server of hddsDatanode uses base directory /home/runner/work/ozone/ozone/hadoop-ozone/integration-test/target/test-dir/MiniOzoneClusterImpl-ae862161-af4f-46f0-80d9-78d734e05fe2/datanode-0/meta/webserver
2023-10-04 17:31:06,196 [main] INFO  http.HttpServer2 (HttpServer2.java:bindListener(1231)) - Jetty bound to port 15062
2023-10-04 17:31:06,196 [main] INFO  server.Server (Server.java:doStart(375)) - jetty-9.4.52.v20230823; built: 2023-08-23T19:29:37.669Z; git: abdcda73818a1a2c705da276edb0bf6581e7997e; jvm 1.8.0_382-b05
2023-10-04 17:31:06,198 [main] INFO  server.session (DefaultSessionIdManager.java:doStart(334)) - DefaultSessionIdManager workerName=node0
2023-10-04 17:31:06,198 [main] INFO  server.session (DefaultSessionIdManager.java:doStart(339)) - No SessionScavenger set, using defaults
2023-10-04 17:31:06,198 [main] INFO  server.session (HouseKeeper.java:startScavenging(132)) - node0 Scavenging every 660000ms
2023-10-04 17:31:06,199 [main] INFO  handler.ContextHandler (ContextHandler.java:doStart(921)) - Started o.e.j.s.ServletContextHandler@251792dc{logs,/logs,file:///home/runner/work/ozone/ozone/hadoop-ozone/integration-test/target/log,AVAILABLE}
2023-10-04 17:31:06,199 [main] INFO  handler.ContextHandler (ContextHandler.java:doStart(921)) - Started o.e.j.s.ServletContextHandler@6136296f{static,/static,jar:file:/home/runner/.m2/repository/org/apache/ozone/hdds-container-service/1.4.0-SNAPSHOT/hdds-container-service-1.4.0-SNAPSHOT.jar!/webapps/static,AVAILABLE}
2023-10-04 17:31:06,423 [main] INFO  handler.ContextHandler (ContextHandler.java:doStart(921)) - Started o.e.j.w.WebAppContext@24e129c0{hddsDatanode,/,file:///home/runner/work/ozone/ozone/hadoop-ozone/integration-test/target/test-dir/MiniOzoneClusterImpl-ae862161-af4f-46f0-80d9-78d734e05fe2/datanode-0/meta/webserver/jetty-0_0_0_0-15062-hdds-container-service-1_4_0-SNAPSHOT_jar-_-any-89108711242982609/webapp/,AVAILABLE}{jar:file:/home/runner/.m2/repository/org/apache/ozone/hdds-container-service/1.4.0-SNAPSHOT/hdds-container-service-1.4.0-SNAPSHOT.jar!/webapps/hddsDatanode}
2023-10-04 17:31:06,425 [main] INFO  server.AbstractConnector (AbstractConnector.java:doStart(333)) - Started ServerConnector@366776f7{HTTP/1.1, (http/1.1)}{0.0.0.0:15062}
2023-10-04 17:31:06,425 [main] INFO  server.Server (Server.java:doStart(415)) - Started @103671ms
2023-10-04 17:31:06,425 [main] WARN  impl.MetricsSystemImpl (MetricsSystemImpl.java:register(279)) - Sink prometheus already exists!
2023-10-04 17:31:06,426 [main] INFO  http.BaseHttpServer (BaseHttpServer.java:updateConnectorAddress(354)) - HTTP server of hddsDatanode listening at http://0.0.0.0:15062
2023-10-04 17:31:06,427 [main] INFO  ipc.CallQueueManager (CallQueueManager.java:<init>(90)) - Using callQueue: class java.util.concurrent.LinkedBlockingQueue, queueCapacity: 100, scheduler: class org.apache.hadoop.ipc.DefaultRpcScheduler, ipcBackoff: false.
2023-10-04 17:31:06,427 [main] INFO  ipc.Server (Server.java:<init>(1287)) - Listener at 0.0.0.0:15063
2023-10-04 17:31:06,427 [Socket Reader #1 for port 15063] INFO  ipc.Server (Server.java:run(1323)) - Starting Socket Reader #1 for port 15063
2023-10-04 17:31:06,429 [main] INFO  ozone.HddsDatanodeService (HddsDatanodeService.java:start(315)) - Datanode start with admins: [runner]
2023-10-04 17:31:06,429 [main] INFO  ozone.HddsDatanodeClientProtocolServer (HddsDatanodeClientProtocolServer.java:start(72)) - RPC server for Client /0.0.0.0:15063
2023-10-04 17:31:06,430 [IPC Server Responder] INFO  ipc.Server (Server.java:run(1562)) - IPC Server Responder: starting
2023-10-04 17:31:06,430 [IPC Server listener on 15063] INFO  ipc.Server (Server.java:run(1402)) - IPC Server listener on 15063: starting
2023-10-04 17:31:06,431 [main] WARN  impl.MetricRegistriesImpl (MetricRegistriesImpl.java:addReporterRegistration(111)) - New reporters are added after registries were created. Some metrics will be missing from the reporter. Please add reporter before adding any new registry.
2023-10-04 17:31:06,431 [main] WARN  impl.MetricRegistriesImpl (MetricRegistriesImpl.java:addReporterRegistration(111)) - New reporters are added after registries were created. Some metrics will be missing from the reporter. Please add reporter before adding any new registry.
2023-10-04 17:31:06,431 [main] INFO  impl.MetricsSystemImpl (MetricsSystemImpl.java:init(158)) - HddsDatanode metrics system started (again)
2023-10-04 17:31:06,443 [Datanode State Machine Daemon Thread] INFO  statemachine.DatanodeStateMachine (DatanodeStateMachine.java:lambda$startDaemon$0(539)) - Ozone container server started.
2023-10-04 17:31:06,457 [Datanode State Machine Task Thread - 0] INFO  datanode.InitDatanodeState (InitDatanodeState.java:persistContainerDatanodeDetails(138)) - DatanodeDetails is persisted to /home/runner/work/ozone/ozone/hadoop-ozone/integration-test/target/test-dir/MiniOzoneClusterImpl-ae862161-af4f-46f0-80d9-78d734e05fe2/datanode-0/meta/datanode.id
2023-10-04 17:31:06,458 [main] INFO  ozone.HddsDatanodeService (HddsDatanodeService.java:start(237)) - HddsDatanodeService host:fv-az453-706.hss2zji4abbufegd5wcf2so25h.dx.internal.cloudapp.net ip:10.1.0.20
2023-10-04 17:31:06,485 [main] INFO  upgrade.AbstractLayoutVersionManager (AbstractLayoutVersionManager.java:init(83)) - Initializing Layout version manager with metadata layout = HADOOP_PRC_PORTS_IN_DATANODEDETAILS (version = 7), software layout = HADOOP_PRC_PORTS_IN_DATANODEDETAILS (version = 7)
2023-10-04 17:31:06,486 [main] INFO  statemachine.DatanodeStateMachine (DatanodeStateMachine.java:getEndPointTaskThreadPoolSize(283)) - Datanode State Machine Task Thread Pool size 2
2023-10-04 17:31:06,488 [main] INFO  volume.HddsVolume (HddsVolume.java:<init>(126)) - Creating HddsVolume: /home/runner/work/ozone/ozone/hadoop-ozone/integration-test/target/test-dir/MiniOzoneClusterImpl-ae862161-af4f-46f0-80d9-78d734e05fe2/datanode-1/data-0/containers/hdds of storage type : DISK capacity : 9223372036854775807
2023-10-04 17:31:06,488 [main] INFO  volume.MutableVolumeSet (MutableVolumeSet.java:initializeVolumeSet(173)) - Added Volume : /home/runner/work/ozone/ozone/hadoop-ozone/integration-test/target/test-dir/MiniOzoneClusterImpl-ae862161-af4f-46f0-80d9-78d734e05fe2/datanode-1/data-0/containers/hdds to VolumeSet
2023-10-04 17:31:06,489 [main] INFO  volume.MutableVolumeSet (MutableVolumeSet.java:initializeVolumeSet(173)) - Added Volume : /home/runner/work/ozone/ozone/hadoop-ozone/integration-test/target/test-dir/MiniOzoneClusterImpl-ae862161-af4f-46f0-80d9-78d734e05fe2/datanode-1/data/ratis to VolumeSet
2023-10-04 17:31:06,489 [Thread-804] INFO  ozoneimpl.ContainerReader (ContainerReader.java:readVolume(177)) - Finish verifying containers on volume /home/runner/work/ozone/ozone/hadoop-ozone/integration-test/target/test-dir/MiniOzoneClusterImpl-ae862161-af4f-46f0-80d9-78d734e05fe2/datanode-1/data-0/containers/hdds
2023-10-04 17:31:06,489 [main] INFO  ozoneimpl.OzoneContainer (OzoneContainer.java:buildContainerSet(314)) - Build ContainerSet costs 0s
2023-10-04 17:31:06,492 [main] INFO  server.RaftServer (ConfUtils.java:logGet(46)) - raft.rpc.type = GRPC (default)
2023-10-04 17:31:06,492 [main] INFO  grpc.GrpcConfigKeys (ConfUtils.java:logFallback(53)) - raft.grpc.admin.host = null (fallback to raft.grpc.server.host)
2023-10-04 17:31:06,492 [main] INFO  grpc.GrpcConfigKeys (ConfUtils.java:logGet(46)) - raft.grpc.admin.port = 15075 (custom)
2023-10-04 17:31:06,492 [main] INFO  grpc.GrpcConfigKeys (ConfUtils.java:logFallback(53)) - raft.grpc.client.host = null (fallback to raft.grpc.server.host)
2023-10-04 17:31:06,493 [main] INFO  grpc.GrpcConfigKeys (ConfUtils.java:logGet(46)) - raft.grpc.client.port = 15074 (custom)
2023-10-04 17:31:06,493 [main] INFO  grpc.GrpcConfigKeys (ConfUtils.java:logGet(46)) - raft.grpc.server.host = null (default)
2023-10-04 17:31:06,493 [main] INFO  grpc.GrpcConfigKeys (ConfUtils.java:logGet(46)) - raft.grpc.server.port = 15076 (custom)
2023-10-04 17:31:06,493 [main] INFO  server.GrpcService (ConfUtils.java:logGet(46)) - raft.grpc.message.size.max = 32MB (=33554432) (custom)
2023-10-04 17:31:06,493 [main] INFO  server.RaftServerConfigKeys (ConfUtils.java:logGet(46)) - raft.server.log.appender.buffer.byte-limit = 33554432 (custom)
2023-10-04 17:31:06,493 [main] INFO  server.GrpcService (ConfUtils.java:logGet(46)) - raft.grpc.flow.control.window = 5MB (=5242880) (custom)
2023-10-04 17:31:06,493 [main] INFO  server.RaftServerConfigKeys (ConfUtils.java:logGet(46)) - raft.server.rpc.request.timeout = 60s (custom)
2023-10-04 17:31:06,493 [main] INFO  grpc.GrpcConfigKeys (ConfUtils.java:logGet(46)) - raft.grpc.server.heartbeat.channel = true (default)
2023-10-04 17:31:06,493 [main] INFO  grpc.GrpcConfigKeys (ConfUtils.java:logGet(46)) - raft.grpc.server.async.request.thread.pool.cached = true (default)
2023-10-04 17:31:06,494 [main] INFO  grpc.GrpcConfigKeys (ConfUtils.java:logGet(46)) - raft.grpc.server.async.request.thread.pool.size = 32 (default)
2023-10-04 17:31:06,498 [main] INFO  impl.DataStreamServerImpl (ConfUtils.java:logGet(46)) - raft.datastream.type = NETTY (custom)
2023-10-04 17:31:06,499 [main] INFO  server.RaftServerConfigKeys (ConfUtils.java:logGet(46)) - raft.server.data-stream.async.request.thread.pool.cached = false (default)
2023-10-04 17:31:06,499 [main] INFO  server.RaftServerConfigKeys (ConfUtils.java:logGet(46)) - raft.server.data-stream.async.request.thread.pool.size = 20 (custom)
2023-10-04 17:31:06,499 [main] INFO  server.RaftServerConfigKeys (ConfUtils.java:logGet(46)) - raft.server.data-stream.async.write.thread.pool.size = 16 (default)
2023-10-04 17:31:06,499 [main] INFO  server.RaftServerConfigKeys (ConfUtils.java:logGet(46)) - raft.server.data-stream.client.pool.size = 10 (default)
2023-10-04 17:31:06,499 [main] INFO  netty.NettyConfigKeys$DataStream (ConfUtils.java:logGet(46)) - raft.netty.dataStream.server.use-epoll = false (default)
2023-10-04 17:31:06,500 [main] INFO  netty.NettyConfigKeys$DataStream (ConfUtils.java:logGet(46)) - raft.netty.dataStream.server.boss-group.size = 0 (default)
2023-10-04 17:31:06,500 [main] INFO  netty.NettyConfigKeys$DataStream (ConfUtils.java:logGet(46)) - raft.netty.dataStream.server.worker-group.size = 0 (default)
2023-10-04 17:31:06,500 [main] INFO  netty.NettyConfigKeys$DataStream (ConfUtils.java:logGet(46)) - raft.netty.dataStream.server.tls.conf = null (default)
2023-10-04 17:31:06,501 [main] INFO  netty.NettyConfigKeys$DataStream (ConfUtils.java:logGet(46)) - raft.netty.dataStream.host = null (default)
2023-10-04 17:31:06,501 [main] INFO  netty.NettyConfigKeys$DataStream (ConfUtils.java:logGet(46)) - raft.netty.dataStream.port = 15077 (custom)
2023-10-04 17:31:06,501 [main] INFO  server.RaftServerConfigKeys (ConfUtils.java:logGet(46)) - raft.server.threadpool.proxy.cached = true (default)
2023-10-04 17:31:06,501 [main] INFO  server.RaftServerConfigKeys (ConfUtils.java:logGet(46)) - raft.server.threadpool.proxy.size = 0 (default)
2023-10-04 17:31:06,501 [main] INFO  server.RaftServerConfigKeys (ConfUtils.java:logGet(46)) - raft.server.rpc.slowness.timeout = 300s (custom)
2023-10-04 17:31:06,502 [main] INFO  server.RaftServerConfigKeys (ConfUtils.java:logGet(46)) - raft.server.leaderelection.leader.step-down.wait-time = 10s (default)
2023-10-04 17:31:06,502 [main] INFO  server.RaftServerConfigKeys (ConfUtils.java:logGet(46)) - raft.server.storage.dir = [/home/runner/work/ozone/ozone/hadoop-ozone/integration-test/target/test-dir/MiniOzoneClusterImpl-ae862161-af4f-46f0-80d9-78d734e05fe2/datanode-1/data/ratis] (custom)
2023-10-04 17:31:06,502 [ce673aed-cb42-4983-a069-5a8880361102-NettyServerStreamRpc-bossGroup--thread1] INFO  logging.LoggingHandler (AbstractInternalLogger.java:log(148)) - [id: 0x1e7f3c98] REGISTERED
2023-10-04 17:31:06,502 [ce673aed-cb42-4983-a069-5a8880361102-NettyServerStreamRpc-bossGroup--thread1] INFO  logging.LoggingHandler (AbstractInternalLogger.java:log(148)) - [id: 0x1e7f3c98] BIND: 0.0.0.0/0.0.0.0:15077
2023-10-04 17:31:06,502 [ce673aed-cb42-4983-a069-5a8880361102-NettyServerStreamRpc-bossGroup--thread1] INFO  logging.LoggingHandler (AbstractInternalLogger.java:log(148)) - [id: 0x1e7f3c98, L:/0:0:0:0:0:0:0:0:15077] ACTIVE
2023-10-04 17:31:06,504 [ce673aed-cb42-4983-a069-5a8880361102-impl-thread1] INFO  server.RaftServer (RaftServerProxy.java:initGroupDir(258)) - ce673aed-cb42-4983-a069-5a8880361102: found a subdirectory /home/runner/work/ozone/ozone/hadoop-ozone/integration-test/target/test-dir/MiniOzoneClusterImpl-ae862161-af4f-46f0-80d9-78d734e05fe2/datanode-1/data/ratis/tmp
2023-10-04 17:31:06,504 [ce673aed-cb42-4983-a069-5a8880361102-impl-thread1] INFO  server.RaftServer (RaftServerProxy.java:initGroupDir(263)) - ce673aed-cb42-4983-a069-5a8880361102: The directory /home/runner/work/ozone/ozone/hadoop-ozone/integration-test/target/test-dir/MiniOzoneClusterImpl-ae862161-af4f-46f0-80d9-78d734e05fe2/datanode-1/data/ratis/tmp is not a group directory; ignoring it. 
2023-10-04 17:31:06,505 [main] INFO  replication.ReplicationServer (ReplicationServer.java:<init>(83)) - Initializing replication server with thread count = 10 queue length = 4096
2023-10-04 17:31:06,506 [main] INFO  server.XceiverServerGrpc (XceiverServerGrpc.java:<init>(132)) - GrpcServer channel type EpollServerSocketChannel
2023-10-04 17:31:06,513 [main] INFO  replication.ReplicationSupervisor (ReplicationSupervisor.java:build(155)) - Initializing replication supervisor with thread count = 10
2023-10-04 17:31:06,513 [main] INFO  replication.ReplicationSupervisor (ReplicationSupervisor.java:nodeStateUpdated(307)) - Node state updated to IN_SERVICE, scaling executor pool size to 10
2023-10-04 17:31:06,519 [main] INFO  http.BaseHttpServer (BaseHttpServer.java:newHttpServer2BuilderForOzone(223)) - Starting Web-server for hddsDatanode at: http://0.0.0.0:15071
2023-10-04 17:31:06,519 [main] INFO  http.BaseHttpServer (BaseHttpServer.java:<init>(110)) - Hadoop Security Enabled: false Ozone Security Enabled: false Ozone HTTP Security Enabled: false 
2023-10-04 17:31:06,520 [main] WARN  server.AuthenticationFilter (AuthenticationFilter.java:constructSecretProvider(240)) - Unable to initialize FileSignerSecretProvider, falling back to use random secrets. Reason: Could not read signature secret file: /home/runner/hadoop-http-auth-signature-secret
2023-10-04 17:31:06,524 [main] INFO  http.HttpRequestLog (HttpRequestLog.java:getRequestLog(86)) - Http request log for http.requests.hddsDatanode is not defined
2023-10-04 17:31:06,525 [main] INFO  http.HttpServer2 (HttpServer2.java:addGlobalFilter(1031)) - Added global filter 'safety' (class=org.apache.hadoop.hdds.server.http.HttpServer2$QuotingInputFilter)
2023-10-04 17:31:06,526 [main] INFO  http.HttpServer2 (HttpServer2.java:addFilter(1007)) - Added filter static_user_filter (class=org.apache.hadoop.http.lib.StaticUserWebFilter$StaticUserFilter) to context hddsDatanode
2023-10-04 17:31:06,526 [main] INFO  http.HttpServer2 (HttpServer2.java:addFilter(1015)) - Added filter static_user_filter (class=org.apache.hadoop.http.lib.StaticUserWebFilter$StaticUserFilter) to context logs
2023-10-04 17:31:06,526 [main] INFO  http.HttpServer2 (HttpServer2.java:addFilter(1015)) - Added filter static_user_filter (class=org.apache.hadoop.http.lib.StaticUserWebFilter$StaticUserFilter) to context static
2023-10-04 17:31:06,527 [main] INFO  http.BaseHttpServer (BaseHttpServer.java:<init>(189)) - HTTP server of hddsDatanode uses base directory /home/runner/work/ozone/ozone/hadoop-ozone/integration-test/target/test-dir/MiniOzoneClusterImpl-ae862161-af4f-46f0-80d9-78d734e05fe2/datanode-1/meta/webserver
2023-10-04 17:31:06,528 [main] INFO  http.HttpServer2 (HttpServer2.java:bindListener(1231)) - Jetty bound to port 15071
2023-10-04 17:31:06,528 [main] INFO  server.Server (Server.java:doStart(375)) - jetty-9.4.52.v20230823; built: 2023-08-23T19:29:37.669Z; git: abdcda73818a1a2c705da276edb0bf6581e7997e; jvm 1.8.0_382-b05
2023-10-04 17:31:06,529 [main] INFO  server.session (DefaultSessionIdManager.java:doStart(334)) - DefaultSessionIdManager workerName=node0
2023-10-04 17:31:06,530 [main] INFO  server.session (DefaultSessionIdManager.java:doStart(339)) - No SessionScavenger set, using defaults
2023-10-04 17:31:06,530 [main] INFO  server.session (HouseKeeper.java:startScavenging(132)) - node0 Scavenging every 660000ms
2023-10-04 17:31:06,531 [main] INFO  handler.ContextHandler (ContextHandler.java:doStart(921)) - Started o.e.j.s.ServletContextHandler@24ba43fd{logs,/logs,file:///home/runner/work/ozone/ozone/hadoop-ozone/integration-test/target/log,AVAILABLE}
2023-10-04 17:31:06,531 [main] INFO  handler.ContextHandler (ContextHandler.java:doStart(921)) - Started o.e.j.s.ServletContextHandler@354a4790{static,/static,jar:file:/home/runner/.m2/repository/org/apache/ozone/hdds-container-service/1.4.0-SNAPSHOT/hdds-container-service-1.4.0-SNAPSHOT.jar!/webapps/static,AVAILABLE}
2023-10-04 17:31:06,752 [main] INFO  handler.ContextHandler (ContextHandler.java:doStart(921)) - Started o.e.j.w.WebAppContext@6391ef13{hddsDatanode,/,file:///home/runner/work/ozone/ozone/hadoop-ozone/integration-test/target/test-dir/MiniOzoneClusterImpl-ae862161-af4f-46f0-80d9-78d734e05fe2/datanode-1/meta/webserver/jetty-0_0_0_0-15071-hdds-container-service-1_4_0-SNAPSHOT_jar-_-any-2990131330943393476/webapp/,AVAILABLE}{jar:file:/home/runner/.m2/repository/org/apache/ozone/hdds-container-service/1.4.0-SNAPSHOT/hdds-container-service-1.4.0-SNAPSHOT.jar!/webapps/hddsDatanode}
2023-10-04 17:31:06,755 [main] INFO  server.AbstractConnector (AbstractConnector.java:doStart(333)) - Started ServerConnector@26d71aeb{HTTP/1.1, (http/1.1)}{0.0.0.0:15071}
2023-10-04 17:31:06,755 [main] INFO  server.Server (Server.java:doStart(415)) - Started @104001ms
2023-10-04 17:31:06,755 [main] WARN  impl.MetricsSystemImpl (MetricsSystemImpl.java:register(279)) - Sink prometheus already exists!
2023-10-04 17:31:06,756 [main] INFO  http.BaseHttpServer (BaseHttpServer.java:updateConnectorAddress(354)) - HTTP server of hddsDatanode listening at http://0.0.0.0:15071
2023-10-04 17:31:06,757 [main] INFO  ipc.CallQueueManager (CallQueueManager.java:<init>(90)) - Using callQueue: class java.util.concurrent.LinkedBlockingQueue, queueCapacity: 100, scheduler: class org.apache.hadoop.ipc.DefaultRpcScheduler, ipcBackoff: false.
2023-10-04 17:31:06,757 [main] INFO  ipc.Server (Server.java:<init>(1287)) - Listener at 0.0.0.0:15072
2023-10-04 17:31:06,757 [Socket Reader #1 for port 15072] INFO  ipc.Server (Server.java:run(1323)) - Starting Socket Reader #1 for port 15072
2023-10-04 17:31:06,764 [main] INFO  ozone.HddsDatanodeService (HddsDatanodeService.java:start(315)) - Datanode start with admins: [runner]
2023-10-04 17:31:06,764 [main] INFO  ozone.HddsDatanodeClientProtocolServer (HddsDatanodeClientProtocolServer.java:start(72)) - RPC server for Client /0.0.0.0:15072
2023-10-04 17:31:06,764 [IPC Server Responder] INFO  ipc.Server (Server.java:run(1562)) - IPC Server Responder: starting
2023-10-04 17:31:06,764 [IPC Server listener on 15072] INFO  ipc.Server (Server.java:run(1402)) - IPC Server listener on 15072: starting
2023-10-04 17:31:06,766 [main] WARN  impl.MetricRegistriesImpl (MetricRegistriesImpl.java:addReporterRegistration(111)) - New reporters are added after registries were created. Some metrics will be missing from the reporter. Please add reporter before adding any new registry.
2023-10-04 17:31:06,766 [main] WARN  impl.MetricRegistriesImpl (MetricRegistriesImpl.java:addReporterRegistration(111)) - New reporters are added after registries were created. Some metrics will be missing from the reporter. Please add reporter before adding any new registry.
2023-10-04 17:31:06,766 [main] INFO  impl.MetricsSystemImpl (MetricsSystemImpl.java:init(158)) - HddsDatanode metrics system started (again)
2023-10-04 17:31:06,767 [Datanode State Machine Daemon Thread] INFO  statemachine.DatanodeStateMachine (DatanodeStateMachine.java:lambda$startDaemon$0(539)) - Ozone container server started.
2023-10-04 17:31:06,773 [Datanode State Machine Task Thread - 0] INFO  datanode.InitDatanodeState (InitDatanodeState.java:persistContainerDatanodeDetails(138)) - DatanodeDetails is persisted to /home/runner/work/ozone/ozone/hadoop-ozone/integration-test/target/test-dir/MiniOzoneClusterImpl-ae862161-af4f-46f0-80d9-78d734e05fe2/datanode-1/meta/datanode.id
2023-10-04 17:31:06,785 [main] INFO  ozone.HddsDatanodeService (HddsDatanodeService.java:start(237)) - HddsDatanodeService host:fv-az453-706.hss2zji4abbufegd5wcf2so25h.dx.internal.cloudapp.net ip:10.1.0.20
2023-10-04 17:31:06,817 [main] INFO  upgrade.AbstractLayoutVersionManager (AbstractLayoutVersionManager.java:init(83)) - Initializing Layout version manager with metadata layout = HADOOP_PRC_PORTS_IN_DATANODEDETAILS (version = 7), software layout = HADOOP_PRC_PORTS_IN_DATANODEDETAILS (version = 7)
2023-10-04 17:31:06,818 [main] INFO  statemachine.DatanodeStateMachine (DatanodeStateMachine.java:getEndPointTaskThreadPoolSize(283)) - Datanode State Machine Task Thread Pool size 2
2023-10-04 17:31:06,821 [main] INFO  volume.HddsVolume (HddsVolume.java:<init>(126)) - Creating HddsVolume: /home/runner/work/ozone/ozone/hadoop-ozone/integration-test/target/test-dir/MiniOzoneClusterImpl-ae862161-af4f-46f0-80d9-78d734e05fe2/datanode-2/data-0/containers/hdds of storage type : DISK capacity : 9223372036854775807
2023-10-04 17:31:06,821 [main] INFO  volume.MutableVolumeSet (MutableVolumeSet.java:initializeVolumeSet(173)) - Added Volume : /home/runner/work/ozone/ozone/hadoop-ozone/integration-test/target/test-dir/MiniOzoneClusterImpl-ae862161-af4f-46f0-80d9-78d734e05fe2/datanode-2/data-0/containers/hdds to VolumeSet
2023-10-04 17:31:06,823 [main] INFO  volume.MutableVolumeSet (MutableVolumeSet.java:initializeVolumeSet(173)) - Added Volume : /home/runner/work/ozone/ozone/hadoop-ozone/integration-test/target/test-dir/MiniOzoneClusterImpl-ae862161-af4f-46f0-80d9-78d734e05fe2/datanode-2/data/ratis to VolumeSet
2023-10-04 17:31:06,824 [Thread-821] INFO  ozoneimpl.ContainerReader (ContainerReader.java:readVolume(177)) - Finish verifying containers on volume /home/runner/work/ozone/ozone/hadoop-ozone/integration-test/target/test-dir/MiniOzoneClusterImpl-ae862161-af4f-46f0-80d9-78d734e05fe2/datanode-2/data-0/containers/hdds
2023-10-04 17:31:06,824 [main] INFO  ozoneimpl.OzoneContainer (OzoneContainer.java:buildContainerSet(314)) - Build ContainerSet costs 0s
2023-10-04 17:31:06,832 [main] INFO  server.RaftServer (ConfUtils.java:logGet(46)) - raft.rpc.type = GRPC (default)
2023-10-04 17:31:06,833 [main] INFO  grpc.GrpcConfigKeys (ConfUtils.java:logFallback(53)) - raft.grpc.admin.host = null (fallback to raft.grpc.server.host)
2023-10-04 17:31:06,833 [main] INFO  grpc.GrpcConfigKeys (ConfUtils.java:logGet(46)) - raft.grpc.admin.port = 15084 (custom)
2023-10-04 17:31:06,833 [main] INFO  grpc.GrpcConfigKeys (ConfUtils.java:logFallback(53)) - raft.grpc.client.host = null (fallback to raft.grpc.server.host)
2023-10-04 17:31:06,833 [main] INFO  grpc.GrpcConfigKeys (ConfUtils.java:logGet(46)) - raft.grpc.client.port = 15083 (custom)
2023-10-04 17:31:06,833 [main] INFO  grpc.GrpcConfigKeys (ConfUtils.java:logGet(46)) - raft.grpc.server.host = null (default)
2023-10-04 17:31:06,833 [main] INFO  grpc.GrpcConfigKeys (ConfUtils.java:logGet(46)) - raft.grpc.server.port = 15085 (custom)
2023-10-04 17:31:06,833 [main] INFO  server.GrpcService (ConfUtils.java:logGet(46)) - raft.grpc.message.size.max = 32MB (=33554432) (custom)
2023-10-04 17:31:06,836 [main] INFO  server.RaftServerConfigKeys (ConfUtils.java:logGet(46)) - raft.server.log.appender.buffer.byte-limit = 33554432 (custom)
2023-10-04 17:31:06,836 [main] INFO  server.GrpcService (ConfUtils.java:logGet(46)) - raft.grpc.flow.control.window = 5MB (=5242880) (custom)
2023-10-04 17:31:06,836 [main] INFO  server.RaftServerConfigKeys (ConfUtils.java:logGet(46)) - raft.server.rpc.request.timeout = 60s (custom)
2023-10-04 17:31:06,836 [main] INFO  grpc.GrpcConfigKeys (ConfUtils.java:logGet(46)) - raft.grpc.server.heartbeat.channel = true (default)
2023-10-04 17:31:06,836 [main] INFO  grpc.GrpcConfigKeys (ConfUtils.java:logGet(46)) - raft.grpc.server.async.request.thread.pool.cached = true (default)
2023-10-04 17:31:06,836 [main] INFO  grpc.GrpcConfigKeys (ConfUtils.java:logGet(46)) - raft.grpc.server.async.request.thread.pool.size = 32 (default)
2023-10-04 17:31:06,840 [main] INFO  impl.DataStreamServerImpl (ConfUtils.java:logGet(46)) - raft.datastream.type = NETTY (custom)
2023-10-04 17:31:06,847 [main] INFO  server.RaftServerConfigKeys (ConfUtils.java:logGet(46)) - raft.server.data-stream.async.request.thread.pool.cached = false (default)
2023-10-04 17:31:06,847 [main] INFO  server.RaftServerConfigKeys (ConfUtils.java:logGet(46)) - raft.server.data-stream.async.request.thread.pool.size = 20 (custom)
2023-10-04 17:31:06,847 [main] INFO  server.RaftServerConfigKeys (ConfUtils.java:logGet(46)) - raft.server.data-stream.async.write.thread.pool.size = 16 (default)
2023-10-04 17:31:06,848 [main] INFO  server.RaftServerConfigKeys (ConfUtils.java:logGet(46)) - raft.server.data-stream.client.pool.size = 10 (default)
2023-10-04 17:31:06,848 [main] INFO  netty.NettyConfigKeys$DataStream (ConfUtils.java:logGet(46)) - raft.netty.dataStream.server.use-epoll = false (default)
2023-10-04 17:31:06,848 [main] INFO  netty.NettyConfigKeys$DataStream (ConfUtils.java:logGet(46)) - raft.netty.dataStream.server.boss-group.size = 0 (default)
2023-10-04 17:31:06,848 [main] INFO  netty.NettyConfigKeys$DataStream (ConfUtils.java:logGet(46)) - raft.netty.dataStream.server.worker-group.size = 0 (default)
2023-10-04 17:31:06,849 [main] INFO  netty.NettyConfigKeys$DataStream (ConfUtils.java:logGet(46)) - raft.netty.dataStream.server.tls.conf = null (default)
2023-10-04 17:31:06,849 [main] INFO  netty.NettyConfigKeys$DataStream (ConfUtils.java:logGet(46)) - raft.netty.dataStream.host = null (default)
2023-10-04 17:31:06,849 [main] INFO  netty.NettyConfigKeys$DataStream (ConfUtils.java:logGet(46)) - raft.netty.dataStream.port = 15086 (custom)
2023-10-04 17:31:06,849 [main] INFO  server.RaftServerConfigKeys (ConfUtils.java:logGet(46)) - raft.server.threadpool.proxy.cached = true (default)
2023-10-04 17:31:06,849 [main] INFO  server.RaftServerConfigKeys (ConfUtils.java:logGet(46)) - raft.server.threadpool.proxy.size = 0 (default)
2023-10-04 17:31:06,850 [91ebd182-a33d-46b0-9291-0e8ba30d2124-NettyServerStreamRpc-bossGroup--thread1] INFO  logging.LoggingHandler (AbstractInternalLogger.java:log(148)) - [id: 0x88099416] REGISTERED
2023-10-04 17:31:06,850 [main] INFO  server.RaftServerConfigKeys (ConfUtils.java:logGet(46)) - raft.server.rpc.slowness.timeout = 300s (custom)
2023-10-04 17:31:06,850 [91ebd182-a33d-46b0-9291-0e8ba30d2124-NettyServerStreamRpc-bossGroup--thread1] INFO  logging.LoggingHandler (AbstractInternalLogger.java:log(148)) - [id: 0x88099416] BIND: 0.0.0.0/0.0.0.0:15086
2023-10-04 17:31:06,850 [main] INFO  server.RaftServerConfigKeys (ConfUtils.java:logGet(46)) - raft.server.leaderelection.leader.step-down.wait-time = 10s (default)
2023-10-04 17:31:06,850 [91ebd182-a33d-46b0-9291-0e8ba30d2124-NettyServerStreamRpc-bossGroup--thread1] INFO  logging.LoggingHandler (AbstractInternalLogger.java:log(148)) - [id: 0x88099416, L:/0:0:0:0:0:0:0:0:15086] ACTIVE
2023-10-04 17:31:06,850 [main] INFO  server.RaftServerConfigKeys (ConfUtils.java:logGet(46)) - raft.server.storage.dir = [/home/runner/work/ozone/ozone/hadoop-ozone/integration-test/target/test-dir/MiniOzoneClusterImpl-ae862161-af4f-46f0-80d9-78d734e05fe2/datanode-2/data/ratis] (custom)
2023-10-04 17:31:06,851 [91ebd182-a33d-46b0-9291-0e8ba30d2124-impl-thread1] INFO  server.RaftServer (RaftServerProxy.java:initGroupDir(258)) - 91ebd182-a33d-46b0-9291-0e8ba30d2124: found a subdirectory /home/runner/work/ozone/ozone/hadoop-ozone/integration-test/target/test-dir/MiniOzoneClusterImpl-ae862161-af4f-46f0-80d9-78d734e05fe2/datanode-2/data/ratis/tmp
2023-10-04 17:31:06,851 [91ebd182-a33d-46b0-9291-0e8ba30d2124-impl-thread1] INFO  server.RaftServer (RaftServerProxy.java:initGroupDir(263)) - 91ebd182-a33d-46b0-9291-0e8ba30d2124: The directory /home/runner/work/ozone/ozone/hadoop-ozone/integration-test/target/test-dir/MiniOzoneClusterImpl-ae862161-af4f-46f0-80d9-78d734e05fe2/datanode-2/data/ratis/tmp is not a group directory; ignoring it. 
2023-10-04 17:31:06,852 [main] INFO  replication.ReplicationServer (ReplicationServer.java:<init>(83)) - Initializing replication server with thread count = 10 queue length = 4096
2023-10-04 17:31:06,853 [main] INFO  server.XceiverServerGrpc (XceiverServerGrpc.java:<init>(132)) - GrpcServer channel type EpollServerSocketChannel
2023-10-04 17:31:06,857 [main] INFO  replication.ReplicationSupervisor (ReplicationSupervisor.java:build(155)) - Initializing replication supervisor with thread count = 10
2023-10-04 17:31:06,857 [main] INFO  replication.ReplicationSupervisor (ReplicationSupervisor.java:nodeStateUpdated(307)) - Node state updated to IN_SERVICE, scaling executor pool size to 10
2023-10-04 17:31:06,859 [main] INFO  http.BaseHttpServer (BaseHttpServer.java:newHttpServer2BuilderForOzone(223)) - Starting Web-server for hddsDatanode at: http://0.0.0.0:15080
2023-10-04 17:31:06,859 [main] INFO  http.BaseHttpServer (BaseHttpServer.java:<init>(110)) - Hadoop Security Enabled: false Ozone Security Enabled: false Ozone HTTP Security Enabled: false 
2023-10-04 17:31:06,861 [main] WARN  server.AuthenticationFilter (AuthenticationFilter.java:constructSecretProvider(240)) - Unable to initialize FileSignerSecretProvider, falling back to use random secrets. Reason: Could not read signature secret file: /home/runner/hadoop-http-auth-signature-secret
2023-10-04 17:31:06,864 [main] INFO  http.HttpRequestLog (HttpRequestLog.java:getRequestLog(86)) - Http request log for http.requests.hddsDatanode is not defined
2023-10-04 17:31:06,865 [main] INFO  http.HttpServer2 (HttpServer2.java:addGlobalFilter(1031)) - Added global filter 'safety' (class=org.apache.hadoop.hdds.server.http.HttpServer2$QuotingInputFilter)
2023-10-04 17:31:06,865 [main] INFO  http.HttpServer2 (HttpServer2.java:addFilter(1007)) - Added filter static_user_filter (class=org.apache.hadoop.http.lib.StaticUserWebFilter$StaticUserFilter) to context hddsDatanode
2023-10-04 17:31:06,866 [main] INFO  http.HttpServer2 (HttpServer2.java:addFilter(1015)) - Added filter static_user_filter (class=org.apache.hadoop.http.lib.StaticUserWebFilter$StaticUserFilter) to context logs
2023-10-04 17:31:06,866 [main] INFO  http.HttpServer2 (HttpServer2.java:addFilter(1015)) - Added filter static_user_filter (class=org.apache.hadoop.http.lib.StaticUserWebFilter$StaticUserFilter) to context static
2023-10-04 17:31:06,866 [main] INFO  http.BaseHttpServer (BaseHttpServer.java:<init>(189)) - HTTP server of hddsDatanode uses base directory /home/runner/work/ozone/ozone/hadoop-ozone/integration-test/target/test-dir/MiniOzoneClusterImpl-ae862161-af4f-46f0-80d9-78d734e05fe2/datanode-2/meta/webserver
2023-10-04 17:31:06,866 [main] INFO  http.HttpServer2 (HttpServer2.java:bindListener(1231)) - Jetty bound to port 15080
2023-10-04 17:31:06,867 [main] INFO  server.Server (Server.java:doStart(375)) - jetty-9.4.52.v20230823; built: 2023-08-23T19:29:37.669Z; git: abdcda73818a1a2c705da276edb0bf6581e7997e; jvm 1.8.0_382-b05
2023-10-04 17:31:06,888 [main] INFO  server.session (DefaultSessionIdManager.java:doStart(334)) - DefaultSessionIdManager workerName=node0
2023-10-04 17:31:06,888 [main] INFO  server.session (DefaultSessionIdManager.java:doStart(339)) - No SessionScavenger set, using defaults
2023-10-04 17:31:06,888 [main] INFO  server.session (HouseKeeper.java:startScavenging(132)) - node0 Scavenging every 660000ms
2023-10-04 17:31:06,890 [main] INFO  handler.ContextHandler (ContextHandler.java:doStart(921)) - Started o.e.j.s.ServletContextHandler@4740b02{logs,/logs,file:///home/runner/work/ozone/ozone/hadoop-ozone/integration-test/target/log,AVAILABLE}
2023-10-04 17:31:06,891 [main] INFO  handler.ContextHandler (ContextHandler.java:doStart(921)) - Started o.e.j.s.ServletContextHandler@263fd708{static,/static,jar:file:/home/runner/.m2/repository/org/apache/ozone/hdds-container-service/1.4.0-SNAPSHOT/hdds-container-service-1.4.0-SNAPSHOT.jar!/webapps/static,AVAILABLE}
2023-10-04 17:31:07,111 [main] INFO  handler.ContextHandler (ContextHandler.java:doStart(921)) - Started o.e.j.w.WebAppContext@4ce5dba5{hddsDatanode,/,file:///home/runner/work/ozone/ozone/hadoop-ozone/integration-test/target/test-dir/MiniOzoneClusterImpl-ae862161-af4f-46f0-80d9-78d734e05fe2/datanode-2/meta/webserver/jetty-0_0_0_0-15080-hdds-container-service-1_4_0-SNAPSHOT_jar-_-any-8261414659470931617/webapp/,AVAILABLE}{jar:file:/home/runner/.m2/repository/org/apache/ozone/hdds-container-service/1.4.0-SNAPSHOT/hdds-container-service-1.4.0-SNAPSHOT.jar!/webapps/hddsDatanode}
2023-10-04 17:31:07,112 [main] INFO  server.AbstractConnector (AbstractConnector.java:doStart(333)) - Started ServerConnector@40045f23{HTTP/1.1, (http/1.1)}{0.0.0.0:15080}
2023-10-04 17:31:07,113 [main] INFO  server.Server (Server.java:doStart(415)) - Started @104358ms
2023-10-04 17:31:07,113 [main] WARN  impl.MetricsSystemImpl (MetricsSystemImpl.java:register(279)) - Sink prometheus already exists!
2023-10-04 17:31:07,113 [main] INFO  http.BaseHttpServer (BaseHttpServer.java:updateConnectorAddress(354)) - HTTP server of hddsDatanode listening at http://0.0.0.0:15080
2023-10-04 17:31:07,114 [main] INFO  ipc.CallQueueManager (CallQueueManager.java:<init>(90)) - Using callQueue: class java.util.concurrent.LinkedBlockingQueue, queueCapacity: 100, scheduler: class org.apache.hadoop.ipc.DefaultRpcScheduler, ipcBackoff: false.
2023-10-04 17:31:07,115 [main] INFO  ipc.Server (Server.java:<init>(1287)) - Listener at 0.0.0.0:15081
2023-10-04 17:31:07,118 [Socket Reader #1 for port 15081] INFO  ipc.Server (Server.java:run(1323)) - Starting Socket Reader #1 for port 15081
2023-10-04 17:31:07,129 [main] INFO  ozone.HddsDatanodeService (HddsDatanodeService.java:start(315)) - Datanode start with admins: [runner]
2023-10-04 17:31:07,129 [main] INFO  ozone.HddsDatanodeClientProtocolServer (HddsDatanodeClientProtocolServer.java:start(72)) - RPC server for Client /0.0.0.0:15081
2023-10-04 17:31:07,130 [IPC Server Responder] INFO  ipc.Server (Server.java:run(1562)) - IPC Server Responder: starting
2023-10-04 17:31:07,130 [IPC Server listener on 15081] INFO  ipc.Server (Server.java:run(1402)) - IPC Server listener on 15081: starting
2023-10-04 17:31:07,131 [main] WARN  impl.MetricRegistriesImpl (MetricRegistriesImpl.java:addReporterRegistration(111)) - New reporters are added after registries were created. Some metrics will be missing from the reporter. Please add reporter before adding any new registry.
2023-10-04 17:31:07,131 [main] WARN  impl.MetricRegistriesImpl (MetricRegistriesImpl.java:addReporterRegistration(111)) - New reporters are added after registries were created. Some metrics will be missing from the reporter. Please add reporter before adding any new registry.
2023-10-04 17:31:07,131 [main] INFO  impl.MetricsSystemImpl (MetricsSystemImpl.java:init(158)) - HddsDatanode metrics system started (again)
2023-10-04 17:31:07,142 [Datanode State Machine Daemon Thread] INFO  statemachine.DatanodeStateMachine (DatanodeStateMachine.java:lambda$startDaemon$0(539)) - Ozone container server started.
2023-10-04 17:31:07,158 [main] INFO  ozone.HddsDatanodeService (HddsDatanodeService.java:start(237)) - HddsDatanodeService host:fv-az453-706.hss2zji4abbufegd5wcf2so25h.dx.internal.cloudapp.net ip:10.1.0.20
2023-10-04 17:31:07,164 [Datanode State Machine Task Thread - 0] INFO  datanode.InitDatanodeState (InitDatanodeState.java:persistContainerDatanodeDetails(138)) - DatanodeDetails is persisted to /home/runner/work/ozone/ozone/hadoop-ozone/integration-test/target/test-dir/MiniOzoneClusterImpl-ae862161-af4f-46f0-80d9-78d734e05fe2/datanode-2/meta/datanode.id
2023-10-04 17:31:07,187 [main] INFO  upgrade.AbstractLayoutVersionManager (AbstractLayoutVersionManager.java:init(83)) - Initializing Layout version manager with metadata layout = HADOOP_PRC_PORTS_IN_DATANODEDETAILS (version = 7), software layout = HADOOP_PRC_PORTS_IN_DATANODEDETAILS (version = 7)
2023-10-04 17:31:07,189 [main] INFO  statemachine.DatanodeStateMachine (DatanodeStateMachine.java:getEndPointTaskThreadPoolSize(283)) - Datanode State Machine Task Thread Pool size 2
2023-10-04 17:31:07,195 [main] INFO  volume.HddsVolume (HddsVolume.java:<init>(126)) - Creating HddsVolume: /home/runner/work/ozone/ozone/hadoop-ozone/integration-test/target/test-dir/MiniOzoneClusterImpl-ae862161-af4f-46f0-80d9-78d734e05fe2/datanode-3/data-0/containers/hdds of storage type : DISK capacity : 9223372036854775807
2023-10-04 17:31:07,197 [main] INFO  volume.MutableVolumeSet (MutableVolumeSet.java:initializeVolumeSet(173)) - Added Volume : /home/runner/work/ozone/ozone/hadoop-ozone/integration-test/target/test-dir/MiniOzoneClusterImpl-ae862161-af4f-46f0-80d9-78d734e05fe2/datanode-3/data-0/containers/hdds to VolumeSet
2023-10-04 17:31:07,198 [main] INFO  volume.MutableVolumeSet (MutableVolumeSet.java:initializeVolumeSet(173)) - Added Volume : /home/runner/work/ozone/ozone/hadoop-ozone/integration-test/target/test-dir/MiniOzoneClusterImpl-ae862161-af4f-46f0-80d9-78d734e05fe2/datanode-3/data/ratis to VolumeSet
2023-10-04 17:31:07,205 [Thread-838] INFO  ozoneimpl.ContainerReader (ContainerReader.java:readVolume(177)) - Finish verifying containers on volume /home/runner/work/ozone/ozone/hadoop-ozone/integration-test/target/test-dir/MiniOzoneClusterImpl-ae862161-af4f-46f0-80d9-78d734e05fe2/datanode-3/data-0/containers/hdds
2023-10-04 17:31:07,205 [main] INFO  ozoneimpl.OzoneContainer (OzoneContainer.java:buildContainerSet(314)) - Build ContainerSet costs 0s
2023-10-04 17:31:07,208 [main] INFO  server.RaftServer (ConfUtils.java:logGet(46)) - raft.rpc.type = GRPC (default)
2023-10-04 17:31:07,208 [main] INFO  grpc.GrpcConfigKeys (ConfUtils.java:logFallback(53)) - raft.grpc.admin.host = null (fallback to raft.grpc.server.host)
2023-10-04 17:31:07,208 [main] INFO  grpc.GrpcConfigKeys (ConfUtils.java:logGet(46)) - raft.grpc.admin.port = 15093 (custom)
2023-10-04 17:31:07,208 [main] INFO  grpc.GrpcConfigKeys (ConfUtils.java:logFallback(53)) - raft.grpc.client.host = null (fallback to raft.grpc.server.host)
2023-10-04 17:31:07,208 [main] INFO  grpc.GrpcConfigKeys (ConfUtils.java:logGet(46)) - raft.grpc.client.port = 15092 (custom)
2023-10-04 17:31:07,208 [main] INFO  grpc.GrpcConfigKeys (ConfUtils.java:logGet(46)) - raft.grpc.server.host = null (default)
2023-10-04 17:31:07,208 [main] INFO  grpc.GrpcConfigKeys (ConfUtils.java:logGet(46)) - raft.grpc.server.port = 15094 (custom)
2023-10-04 17:31:07,209 [main] INFO  server.GrpcService (ConfUtils.java:logGet(46)) - raft.grpc.message.size.max = 32MB (=33554432) (custom)
2023-10-04 17:31:07,209 [main] INFO  server.RaftServerConfigKeys (ConfUtils.java:logGet(46)) - raft.server.log.appender.buffer.byte-limit = 33554432 (custom)
2023-10-04 17:31:07,209 [main] INFO  server.GrpcService (ConfUtils.java:logGet(46)) - raft.grpc.flow.control.window = 5MB (=5242880) (custom)
2023-10-04 17:31:07,209 [main] INFO  server.RaftServerConfigKeys (ConfUtils.java:logGet(46)) - raft.server.rpc.request.timeout = 60s (custom)
2023-10-04 17:31:07,209 [main] INFO  grpc.GrpcConfigKeys (ConfUtils.java:logGet(46)) - raft.grpc.server.heartbeat.channel = true (default)
2023-10-04 17:31:07,209 [main] INFO  grpc.GrpcConfigKeys (ConfUtils.java:logGet(46)) - raft.grpc.server.async.request.thread.pool.cached = true (default)
2023-10-04 17:31:07,209 [main] INFO  grpc.GrpcConfigKeys (ConfUtils.java:logGet(46)) - raft.grpc.server.async.request.thread.pool.size = 32 (default)
2023-10-04 17:31:07,213 [main] INFO  impl.DataStreamServerImpl (ConfUtils.java:logGet(46)) - raft.datastream.type = NETTY (custom)
2023-10-04 17:31:07,213 [main] INFO  server.RaftServerConfigKeys (ConfUtils.java:logGet(46)) - raft.server.data-stream.async.request.thread.pool.cached = false (default)
2023-10-04 17:31:07,213 [main] INFO  server.RaftServerConfigKeys (ConfUtils.java:logGet(46)) - raft.server.data-stream.async.request.thread.pool.size = 20 (custom)
2023-10-04 17:31:07,213 [main] INFO  server.RaftServerConfigKeys (ConfUtils.java:logGet(46)) - raft.server.data-stream.async.write.thread.pool.size = 16 (default)
2023-10-04 17:31:07,214 [main] INFO  server.RaftServerConfigKeys (ConfUtils.java:logGet(46)) - raft.server.data-stream.client.pool.size = 10 (default)
2023-10-04 17:31:07,214 [main] INFO  netty.NettyConfigKeys$DataStream (ConfUtils.java:logGet(46)) - raft.netty.dataStream.server.use-epoll = false (default)
2023-10-04 17:31:07,214 [main] INFO  netty.NettyConfigKeys$DataStream (ConfUtils.java:logGet(46)) - raft.netty.dataStream.server.boss-group.size = 0 (default)
2023-10-04 17:31:07,265 [main] INFO  netty.NettyConfigKeys$DataStream (ConfUtils.java:logGet(46)) - raft.netty.dataStream.server.worker-group.size = 0 (default)
2023-10-04 17:31:07,265 [main] INFO  netty.NettyConfigKeys$DataStream (ConfUtils.java:logGet(46)) - raft.netty.dataStream.server.tls.conf = null (default)
2023-10-04 17:31:07,265 [main] INFO  netty.NettyConfigKeys$DataStream (ConfUtils.java:logGet(46)) - raft.netty.dataStream.host = null (default)
2023-10-04 17:31:07,265 [main] INFO  netty.NettyConfigKeys$DataStream (ConfUtils.java:logGet(46)) - raft.netty.dataStream.port = 15095 (custom)
2023-10-04 17:31:07,270 [main] INFO  server.RaftServerConfigKeys (ConfUtils.java:logGet(46)) - raft.server.threadpool.proxy.cached = true (default)
2023-10-04 17:31:07,270 [main] INFO  server.RaftServerConfigKeys (ConfUtils.java:logGet(46)) - raft.server.threadpool.proxy.size = 0 (default)
2023-10-04 17:31:07,270 [main] INFO  server.RaftServerConfigKeys (ConfUtils.java:logGet(46)) - raft.server.rpc.slowness.timeout = 300s (custom)
2023-10-04 17:31:07,270 [main] INFO  server.RaftServerConfigKeys (ConfUtils.java:logGet(46)) - raft.server.leaderelection.leader.step-down.wait-time = 10s (default)
2023-10-04 17:31:07,270 [main] INFO  server.RaftServerConfigKeys (ConfUtils.java:logGet(46)) - raft.server.storage.dir = [/home/runner/work/ozone/ozone/hadoop-ozone/integration-test/target/test-dir/MiniOzoneClusterImpl-ae862161-af4f-46f0-80d9-78d734e05fe2/datanode-3/data/ratis] (custom)
2023-10-04 17:31:07,271 [0cce5ae1-4d90-47eb-b549-a29c890f95a0-NettyServerStreamRpc-bossGroup--thread1] INFO  logging.LoggingHandler (AbstractInternalLogger.java:log(148)) - [id: 0xc82ad754] REGISTERED
2023-10-04 17:31:07,271 [0cce5ae1-4d90-47eb-b549-a29c890f95a0-NettyServerStreamRpc-bossGroup--thread1] INFO  logging.LoggingHandler (AbstractInternalLogger.java:log(148)) - [id: 0xc82ad754] BIND: 0.0.0.0/0.0.0.0:15095
2023-10-04 17:31:07,271 [0cce5ae1-4d90-47eb-b549-a29c890f95a0-NettyServerStreamRpc-bossGroup--thread1] INFO  logging.LoggingHandler (AbstractInternalLogger.java:log(148)) - [id: 0xc82ad754, L:/0:0:0:0:0:0:0:0:15095] ACTIVE
2023-10-04 17:31:07,282 [0cce5ae1-4d90-47eb-b549-a29c890f95a0-impl-thread1] INFO  server.RaftServer (RaftServerProxy.java:initGroupDir(258)) - 0cce5ae1-4d90-47eb-b549-a29c890f95a0: found a subdirectory /home/runner/work/ozone/ozone/hadoop-ozone/integration-test/target/test-dir/MiniOzoneClusterImpl-ae862161-af4f-46f0-80d9-78d734e05fe2/datanode-3/data/ratis/tmp
2023-10-04 17:31:07,283 [0cce5ae1-4d90-47eb-b549-a29c890f95a0-impl-thread1] INFO  server.RaftServer (RaftServerProxy.java:initGroupDir(263)) - 0cce5ae1-4d90-47eb-b549-a29c890f95a0: The directory /home/runner/work/ozone/ozone/hadoop-ozone/integration-test/target/test-dir/MiniOzoneClusterImpl-ae862161-af4f-46f0-80d9-78d734e05fe2/datanode-3/data/ratis/tmp is not a group directory; ignoring it. 
2023-10-04 17:31:07,283 [main] INFO  replication.ReplicationServer (ReplicationServer.java:<init>(83)) - Initializing replication server with thread count = 10 queue length = 4096
2023-10-04 17:31:07,284 [main] INFO  server.XceiverServerGrpc (XceiverServerGrpc.java:<init>(132)) - GrpcServer channel type EpollServerSocketChannel
2023-10-04 17:31:07,288 [main] INFO  replication.ReplicationSupervisor (ReplicationSupervisor.java:build(155)) - Initializing replication supervisor with thread count = 10
2023-10-04 17:31:07,288 [main] INFO  replication.ReplicationSupervisor (ReplicationSupervisor.java:nodeStateUpdated(307)) - Node state updated to IN_SERVICE, scaling executor pool size to 10
2023-10-04 17:31:07,298 [main] INFO  http.BaseHttpServer (BaseHttpServer.java:newHttpServer2BuilderForOzone(223)) - Starting Web-server for hddsDatanode at: http://0.0.0.0:15089
2023-10-04 17:31:07,299 [main] INFO  http.BaseHttpServer (BaseHttpServer.java:<init>(110)) - Hadoop Security Enabled: false Ozone Security Enabled: false Ozone HTTP Security Enabled: false 
2023-10-04 17:31:07,300 [main] WARN  server.AuthenticationFilter (AuthenticationFilter.java:constructSecretProvider(240)) - Unable to initialize FileSignerSecretProvider, falling back to use random secrets. Reason: Could not read signature secret file: /home/runner/hadoop-http-auth-signature-secret
2023-10-04 17:31:07,300 [main] INFO  http.HttpRequestLog (HttpRequestLog.java:getRequestLog(86)) - Http request log for http.requests.hddsDatanode is not defined
2023-10-04 17:31:07,302 [main] INFO  http.HttpServer2 (HttpServer2.java:addGlobalFilter(1031)) - Added global filter 'safety' (class=org.apache.hadoop.hdds.server.http.HttpServer2$QuotingInputFilter)
2023-10-04 17:31:07,302 [main] INFO  http.HttpServer2 (HttpServer2.java:addFilter(1007)) - Added filter static_user_filter (class=org.apache.hadoop.http.lib.StaticUserWebFilter$StaticUserFilter) to context hddsDatanode
2023-10-04 17:31:07,303 [main] INFO  http.HttpServer2 (HttpServer2.java:addFilter(1015)) - Added filter static_user_filter (class=org.apache.hadoop.http.lib.StaticUserWebFilter$StaticUserFilter) to context logs
2023-10-04 17:31:07,303 [main] INFO  http.HttpServer2 (HttpServer2.java:addFilter(1015)) - Added filter static_user_filter (class=org.apache.hadoop.http.lib.StaticUserWebFilter$StaticUserFilter) to context static
2023-10-04 17:31:07,304 [main] INFO  http.BaseHttpServer (BaseHttpServer.java:<init>(189)) - HTTP server of hddsDatanode uses base directory /home/runner/work/ozone/ozone/hadoop-ozone/integration-test/target/test-dir/MiniOzoneClusterImpl-ae862161-af4f-46f0-80d9-78d734e05fe2/datanode-3/meta/webserver
2023-10-04 17:31:07,310 [main] INFO  http.HttpServer2 (HttpServer2.java:bindListener(1231)) - Jetty bound to port 15089
2023-10-04 17:31:07,310 [main] INFO  server.Server (Server.java:doStart(375)) - jetty-9.4.52.v20230823; built: 2023-08-23T19:29:37.669Z; git: abdcda73818a1a2c705da276edb0bf6581e7997e; jvm 1.8.0_382-b05
2023-10-04 17:31:07,312 [main] INFO  server.session (DefaultSessionIdManager.java:doStart(334)) - DefaultSessionIdManager workerName=node0
2023-10-04 17:31:07,312 [main] INFO  server.session (DefaultSessionIdManager.java:doStart(339)) - No SessionScavenger set, using defaults
2023-10-04 17:31:07,312 [main] INFO  server.session (HouseKeeper.java:startScavenging(132)) - node0 Scavenging every 660000ms
2023-10-04 17:31:07,313 [main] INFO  handler.ContextHandler (ContextHandler.java:doStart(921)) - Started o.e.j.s.ServletContextHandler@5298d790{logs,/logs,file:///home/runner/work/ozone/ozone/hadoop-ozone/integration-test/target/log,AVAILABLE}
2023-10-04 17:31:07,313 [main] INFO  handler.ContextHandler (ContextHandler.java:doStart(921)) - Started o.e.j.s.ServletContextHandler@2fea23c0{static,/static,jar:file:/home/runner/.m2/repository/org/apache/ozone/hdds-container-service/1.4.0-SNAPSHOT/hdds-container-service-1.4.0-SNAPSHOT.jar!/webapps/static,AVAILABLE}
2023-10-04 17:31:07,533 [main] INFO  handler.ContextHandler (ContextHandler.java:doStart(921)) - Started o.e.j.w.WebAppContext@3e64ecc1{hddsDatanode,/,file:///home/runner/work/ozone/ozone/hadoop-ozone/integration-test/target/test-dir/MiniOzoneClusterImpl-ae862161-af4f-46f0-80d9-78d734e05fe2/datanode-3/meta/webserver/jetty-0_0_0_0-15089-hdds-container-service-1_4_0-SNAPSHOT_jar-_-any-7405694456048480578/webapp/,AVAILABLE}{jar:file:/home/runner/.m2/repository/org/apache/ozone/hdds-container-service/1.4.0-SNAPSHOT/hdds-container-service-1.4.0-SNAPSHOT.jar!/webapps/hddsDatanode}
2023-10-04 17:31:07,535 [main] INFO  server.AbstractConnector (AbstractConnector.java:doStart(333)) - Started ServerConnector@6edbd4b2{HTTP/1.1, (http/1.1)}{0.0.0.0:15089}
2023-10-04 17:31:07,536 [main] INFO  server.Server (Server.java:doStart(415)) - Started @104781ms
2023-10-04 17:31:07,536 [main] WARN  impl.MetricsSystemImpl (MetricsSystemImpl.java:register(279)) - Sink prometheus already exists!
2023-10-04 17:31:07,536 [main] INFO  http.BaseHttpServer (BaseHttpServer.java:updateConnectorAddress(354)) - HTTP server of hddsDatanode listening at http://0.0.0.0:15089
2023-10-04 17:31:07,537 [main] INFO  ipc.CallQueueManager (CallQueueManager.java:<init>(90)) - Using callQueue: class java.util.concurrent.LinkedBlockingQueue, queueCapacity: 100, scheduler: class org.apache.hadoop.ipc.DefaultRpcScheduler, ipcBackoff: false.
2023-10-04 17:31:07,537 [main] INFO  ipc.Server (Server.java:<init>(1287)) - Listener at 0.0.0.0:15090
2023-10-04 17:31:07,538 [Socket Reader #1 for port 15090] INFO  ipc.Server (Server.java:run(1323)) - Starting Socket Reader #1 for port 15090
2023-10-04 17:31:07,544 [main] INFO  ozone.HddsDatanodeService (HddsDatanodeService.java:start(315)) - Datanode start with admins: [runner]
2023-10-04 17:31:07,544 [main] INFO  ozone.HddsDatanodeClientProtocolServer (HddsDatanodeClientProtocolServer.java:start(72)) - RPC server for Client /0.0.0.0:15090
2023-10-04 17:31:07,544 [IPC Server Responder] INFO  ipc.Server (Server.java:run(1562)) - IPC Server Responder: starting
2023-10-04 17:31:07,544 [IPC Server listener on 15090] INFO  ipc.Server (Server.java:run(1402)) - IPC Server listener on 15090: starting
2023-10-04 17:31:07,544 [Datanode State Machine Daemon Thread] INFO  statemachine.DatanodeStateMachine (DatanodeStateMachine.java:lambda$startDaemon$0(539)) - Ozone container server started.
2023-10-04 17:31:07,545 [main] WARN  impl.MetricRegistriesImpl (MetricRegistriesImpl.java:addReporterRegistration(111)) - New reporters are added after registries were created. Some metrics will be missing from the reporter. Please add reporter before adding any new registry.
2023-10-04 17:31:07,545 [main] WARN  impl.MetricRegistriesImpl (MetricRegistriesImpl.java:addReporterRegistration(111)) - New reporters are added after registries were created. Some metrics will be missing from the reporter. Please add reporter before adding any new registry.
2023-10-04 17:31:07,545 [main] INFO  impl.MetricsSystemImpl (MetricsSystemImpl.java:init(158)) - HddsDatanode metrics system started (again)
2023-10-04 17:31:07,561 [main] INFO  ozone.HddsDatanodeService (HddsDatanodeService.java:start(237)) - HddsDatanodeService host:fv-az453-706.hss2zji4abbufegd5wcf2so25h.dx.internal.cloudapp.net ip:10.1.0.20
2023-10-04 17:31:07,564 [Datanode State Machine Task Thread - 0] INFO  datanode.InitDatanodeState (InitDatanodeState.java:persistContainerDatanodeDetails(138)) - DatanodeDetails is persisted to /home/runner/work/ozone/ozone/hadoop-ozone/integration-test/target/test-dir/MiniOzoneClusterImpl-ae862161-af4f-46f0-80d9-78d734e05fe2/datanode-3/meta/datanode.id
2023-10-04 17:31:07,585 [main] INFO  upgrade.AbstractLayoutVersionManager (AbstractLayoutVersionManager.java:init(83)) - Initializing Layout version manager with metadata layout = HADOOP_PRC_PORTS_IN_DATANODEDETAILS (version = 7), software layout = HADOOP_PRC_PORTS_IN_DATANODEDETAILS (version = 7)
2023-10-04 17:31:07,585 [main] INFO  statemachine.DatanodeStateMachine (DatanodeStateMachine.java:getEndPointTaskThreadPoolSize(283)) - Datanode State Machine Task Thread Pool size 2
2023-10-04 17:31:07,589 [main] INFO  volume.HddsVolume (HddsVolume.java:<init>(126)) - Creating HddsVolume: /home/runner/work/ozone/ozone/hadoop-ozone/integration-test/target/test-dir/MiniOzoneClusterImpl-ae862161-af4f-46f0-80d9-78d734e05fe2/datanode-4/data-0/containers/hdds of storage type : DISK capacity : 9223372036854775807
2023-10-04 17:31:07,591 [main] INFO  volume.MutableVolumeSet (MutableVolumeSet.java:initializeVolumeSet(173)) - Added Volume : /home/runner/work/ozone/ozone/hadoop-ozone/integration-test/target/test-dir/MiniOzoneClusterImpl-ae862161-af4f-46f0-80d9-78d734e05fe2/datanode-4/data-0/containers/hdds to VolumeSet
2023-10-04 17:31:07,592 [main] INFO  volume.MutableVolumeSet (MutableVolumeSet.java:initializeVolumeSet(173)) - Added Volume : /home/runner/work/ozone/ozone/hadoop-ozone/integration-test/target/test-dir/MiniOzoneClusterImpl-ae862161-af4f-46f0-80d9-78d734e05fe2/datanode-4/data/ratis to VolumeSet
2023-10-04 17:31:07,592 [Thread-855] INFO  ozoneimpl.ContainerReader (ContainerReader.java:readVolume(177)) - Finish verifying containers on volume /home/runner/work/ozone/ozone/hadoop-ozone/integration-test/target/test-dir/MiniOzoneClusterImpl-ae862161-af4f-46f0-80d9-78d734e05fe2/datanode-4/data-0/containers/hdds
2023-10-04 17:31:07,593 [main] INFO  ozoneimpl.OzoneContainer (OzoneContainer.java:buildContainerSet(314)) - Build ContainerSet costs 0s
2023-10-04 17:31:07,595 [main] INFO  server.RaftServer (ConfUtils.java:logGet(46)) - raft.rpc.type = GRPC (default)
2023-10-04 17:31:07,595 [main] INFO  grpc.GrpcConfigKeys (ConfUtils.java:logFallback(53)) - raft.grpc.admin.host = null (fallback to raft.grpc.server.host)
2023-10-04 17:31:07,595 [main] INFO  grpc.GrpcConfigKeys (ConfUtils.java:logGet(46)) - raft.grpc.admin.port = 15102 (custom)
2023-10-04 17:31:07,595 [main] INFO  grpc.GrpcConfigKeys (ConfUtils.java:logFallback(53)) - raft.grpc.client.host = null (fallback to raft.grpc.server.host)
2023-10-04 17:31:07,595 [main] INFO  grpc.GrpcConfigKeys (ConfUtils.java:logGet(46)) - raft.grpc.client.port = 15101 (custom)
2023-10-04 17:31:07,595 [main] INFO  grpc.GrpcConfigKeys (ConfUtils.java:logGet(46)) - raft.grpc.server.host = null (default)
2023-10-04 17:31:07,596 [main] INFO  grpc.GrpcConfigKeys (ConfUtils.java:logGet(46)) - raft.grpc.server.port = 15103 (custom)
2023-10-04 17:31:07,596 [main] INFO  server.GrpcService (ConfUtils.java:logGet(46)) - raft.grpc.message.size.max = 32MB (=33554432) (custom)
2023-10-04 17:31:07,596 [main] INFO  server.RaftServerConfigKeys (ConfUtils.java:logGet(46)) - raft.server.log.appender.buffer.byte-limit = 33554432 (custom)
2023-10-04 17:31:07,596 [main] INFO  server.GrpcService (ConfUtils.java:logGet(46)) - raft.grpc.flow.control.window = 5MB (=5242880) (custom)
2023-10-04 17:31:07,596 [main] INFO  server.RaftServerConfigKeys (ConfUtils.java:logGet(46)) - raft.server.rpc.request.timeout = 60s (custom)
2023-10-04 17:31:07,596 [main] INFO  grpc.GrpcConfigKeys (ConfUtils.java:logGet(46)) - raft.grpc.server.heartbeat.channel = true (default)
2023-10-04 17:31:07,596 [main] INFO  grpc.GrpcConfigKeys (ConfUtils.java:logGet(46)) - raft.grpc.server.async.request.thread.pool.cached = true (default)
2023-10-04 17:31:07,596 [main] INFO  grpc.GrpcConfigKeys (ConfUtils.java:logGet(46)) - raft.grpc.server.async.request.thread.pool.size = 32 (default)
2023-10-04 17:31:07,599 [main] INFO  impl.DataStreamServerImpl (ConfUtils.java:logGet(46)) - raft.datastream.type = NETTY (custom)
2023-10-04 17:31:07,599 [main] INFO  server.RaftServerConfigKeys (ConfUtils.java:logGet(46)) - raft.server.data-stream.async.request.thread.pool.cached = false (default)
2023-10-04 17:31:07,599 [main] INFO  server.RaftServerConfigKeys (ConfUtils.java:logGet(46)) - raft.server.data-stream.async.request.thread.pool.size = 20 (custom)
2023-10-04 17:31:07,599 [main] INFO  server.RaftServerConfigKeys (ConfUtils.java:logGet(46)) - raft.server.data-stream.async.write.thread.pool.size = 16 (default)
2023-10-04 17:31:07,600 [main] INFO  server.RaftServerConfigKeys (ConfUtils.java:logGet(46)) - raft.server.data-stream.client.pool.size = 10 (default)
2023-10-04 17:31:07,600 [main] INFO  netty.NettyConfigKeys$DataStream (ConfUtils.java:logGet(46)) - raft.netty.dataStream.server.use-epoll = false (default)
2023-10-04 17:31:07,600 [main] INFO  netty.NettyConfigKeys$DataStream (ConfUtils.java:logGet(46)) - raft.netty.dataStream.server.boss-group.size = 0 (default)
2023-10-04 17:31:07,600 [main] INFO  netty.NettyConfigKeys$DataStream (ConfUtils.java:logGet(46)) - raft.netty.dataStream.server.worker-group.size = 0 (default)
2023-10-04 17:31:07,601 [main] INFO  netty.NettyConfigKeys$DataStream (ConfUtils.java:logGet(46)) - raft.netty.dataStream.server.tls.conf = null (default)
2023-10-04 17:31:07,601 [main] INFO  netty.NettyConfigKeys$DataStream (ConfUtils.java:logGet(46)) - raft.netty.dataStream.host = null (default)
2023-10-04 17:31:07,601 [main] INFO  netty.NettyConfigKeys$DataStream (ConfUtils.java:logGet(46)) - raft.netty.dataStream.port = 15104 (custom)
2023-10-04 17:31:07,601 [main] INFO  server.RaftServerConfigKeys (ConfUtils.java:logGet(46)) - raft.server.threadpool.proxy.cached = true (default)
2023-10-04 17:31:07,601 [main] INFO  server.RaftServerConfigKeys (ConfUtils.java:logGet(46)) - raft.server.threadpool.proxy.size = 0 (default)
2023-10-04 17:31:07,601 [main] INFO  server.RaftServerConfigKeys (ConfUtils.java:logGet(46)) - raft.server.rpc.slowness.timeout = 300s (custom)
2023-10-04 17:31:07,602 [main] INFO  server.RaftServerConfigKeys (ConfUtils.java:logGet(46)) - raft.server.leaderelection.leader.step-down.wait-time = 10s (default)
2023-10-04 17:31:07,602 [main] INFO  server.RaftServerConfigKeys (ConfUtils.java:logGet(46)) - raft.server.storage.dir = [/home/runner/work/ozone/ozone/hadoop-ozone/integration-test/target/test-dir/MiniOzoneClusterImpl-ae862161-af4f-46f0-80d9-78d734e05fe2/datanode-4/data/ratis] (custom)
2023-10-04 17:31:07,602 [1bfab402-230e-4619-8c22-172305de1499-NettyServerStreamRpc-bossGroup--thread1] INFO  logging.LoggingHandler (AbstractInternalLogger.java:log(148)) - [id: 0x069a4afa] REGISTERED
2023-10-04 17:31:07,602 [1bfab402-230e-4619-8c22-172305de1499-NettyServerStreamRpc-bossGroup--thread1] INFO  logging.LoggingHandler (AbstractInternalLogger.java:log(148)) - [id: 0x069a4afa] BIND: 0.0.0.0/0.0.0.0:15104
2023-10-04 17:31:07,603 [1bfab402-230e-4619-8c22-172305de1499-NettyServerStreamRpc-bossGroup--thread1] INFO  logging.LoggingHandler (AbstractInternalLogger.java:log(148)) - [id: 0x069a4afa, L:/0:0:0:0:0:0:0:0:15104] ACTIVE
2023-10-04 17:31:07,603 [1bfab402-230e-4619-8c22-172305de1499-impl-thread1] INFO  server.RaftServer (RaftServerProxy.java:initGroupDir(258)) - 1bfab402-230e-4619-8c22-172305de1499: found a subdirectory /home/runner/work/ozone/ozone/hadoop-ozone/integration-test/target/test-dir/MiniOzoneClusterImpl-ae862161-af4f-46f0-80d9-78d734e05fe2/datanode-4/data/ratis/tmp
2023-10-04 17:31:07,603 [1bfab402-230e-4619-8c22-172305de1499-impl-thread1] INFO  server.RaftServer (RaftServerProxy.java:initGroupDir(263)) - 1bfab402-230e-4619-8c22-172305de1499: The directory /home/runner/work/ozone/ozone/hadoop-ozone/integration-test/target/test-dir/MiniOzoneClusterImpl-ae862161-af4f-46f0-80d9-78d734e05fe2/datanode-4/data/ratis/tmp is not a group directory; ignoring it. 
2023-10-04 17:31:07,603 [main] INFO  replication.ReplicationServer (ReplicationServer.java:<init>(83)) - Initializing replication server with thread count = 10 queue length = 4096
2023-10-04 17:31:07,604 [main] INFO  server.XceiverServerGrpc (XceiverServerGrpc.java:<init>(132)) - GrpcServer channel type EpollServerSocketChannel
2023-10-04 17:31:07,607 [main] INFO  replication.ReplicationSupervisor (ReplicationSupervisor.java:build(155)) - Initializing replication supervisor with thread count = 10
2023-10-04 17:31:07,607 [main] INFO  replication.ReplicationSupervisor (ReplicationSupervisor.java:nodeStateUpdated(307)) - Node state updated to IN_SERVICE, scaling executor pool size to 10
2023-10-04 17:31:07,611 [main] INFO  http.BaseHttpServer (BaseHttpServer.java:newHttpServer2BuilderForOzone(223)) - Starting Web-server for hddsDatanode at: http://0.0.0.0:15098
2023-10-04 17:31:07,611 [main] INFO  http.BaseHttpServer (BaseHttpServer.java:<init>(110)) - Hadoop Security Enabled: false Ozone Security Enabled: false Ozone HTTP Security Enabled: false 
2023-10-04 17:31:07,612 [main] WARN  server.AuthenticationFilter (AuthenticationFilter.java:constructSecretProvider(240)) - Unable to initialize FileSignerSecretProvider, falling back to use random secrets. Reason: Could not read signature secret file: /home/runner/hadoop-http-auth-signature-secret
2023-10-04 17:31:07,614 [main] INFO  http.HttpRequestLog (HttpRequestLog.java:getRequestLog(86)) - Http request log for http.requests.hddsDatanode is not defined
2023-10-04 17:31:07,615 [main] INFO  http.HttpServer2 (HttpServer2.java:addGlobalFilter(1031)) - Added global filter 'safety' (class=org.apache.hadoop.hdds.server.http.HttpServer2$QuotingInputFilter)
2023-10-04 17:31:07,615 [main] INFO  http.HttpServer2 (HttpServer2.java:addFilter(1007)) - Added filter static_user_filter (class=org.apache.hadoop.http.lib.StaticUserWebFilter$StaticUserFilter) to context hddsDatanode
2023-10-04 17:31:07,616 [main] INFO  http.HttpServer2 (HttpServer2.java:addFilter(1015)) - Added filter static_user_filter (class=org.apache.hadoop.http.lib.StaticUserWebFilter$StaticUserFilter) to context static
2023-10-04 17:31:07,616 [main] INFO  http.HttpServer2 (HttpServer2.java:addFilter(1015)) - Added filter static_user_filter (class=org.apache.hadoop.http.lib.StaticUserWebFilter$StaticUserFilter) to context logs
2023-10-04 17:31:07,616 [main] INFO  http.BaseHttpServer (BaseHttpServer.java:<init>(189)) - HTTP server of hddsDatanode uses base directory /home/runner/work/ozone/ozone/hadoop-ozone/integration-test/target/test-dir/MiniOzoneClusterImpl-ae862161-af4f-46f0-80d9-78d734e05fe2/datanode-4/meta/webserver
2023-10-04 17:31:07,616 [main] INFO  http.HttpServer2 (HttpServer2.java:bindListener(1231)) - Jetty bound to port 15098
2023-10-04 17:31:07,617 [main] INFO  server.Server (Server.java:doStart(375)) - jetty-9.4.52.v20230823; built: 2023-08-23T19:29:37.669Z; git: abdcda73818a1a2c705da276edb0bf6581e7997e; jvm 1.8.0_382-b05
2023-10-04 17:31:07,619 [main] INFO  server.session (DefaultSessionIdManager.java:doStart(334)) - DefaultSessionIdManager workerName=node0
2023-10-04 17:31:07,619 [main] INFO  server.session (DefaultSessionIdManager.java:doStart(339)) - No SessionScavenger set, using defaults
2023-10-04 17:31:07,619 [main] INFO  server.session (HouseKeeper.java:startScavenging(132)) - node0 Scavenging every 600000ms
2023-10-04 17:31:07,620 [main] INFO  handler.ContextHandler (ContextHandler.java:doStart(921)) - Started o.e.j.s.ServletContextHandler@5e5089ae{logs,/logs,file:///home/runner/work/ozone/ozone/hadoop-ozone/integration-test/target/log,AVAILABLE}
2023-10-04 17:31:07,621 [main] INFO  handler.ContextHandler (ContextHandler.java:doStart(921)) - Started o.e.j.s.ServletContextHandler@30b5c1e7{static,/static,jar:file:/home/runner/.m2/repository/org/apache/ozone/hdds-container-service/1.4.0-SNAPSHOT/hdds-container-service-1.4.0-SNAPSHOT.jar!/webapps/static,AVAILABLE}
2023-10-04 17:31:07,845 [main] INFO  handler.ContextHandler (ContextHandler.java:doStart(921)) - Started o.e.j.w.WebAppContext@68c7a7fc{hddsDatanode,/,file:///home/runner/work/ozone/ozone/hadoop-ozone/integration-test/target/test-dir/MiniOzoneClusterImpl-ae862161-af4f-46f0-80d9-78d734e05fe2/datanode-4/meta/webserver/jetty-0_0_0_0-15098-hdds-container-service-1_4_0-SNAPSHOT_jar-_-any-2384260182324054331/webapp/,AVAILABLE}{jar:file:/home/runner/.m2/repository/org/apache/ozone/hdds-container-service/1.4.0-SNAPSHOT/hdds-container-service-1.4.0-SNAPSHOT.jar!/webapps/hddsDatanode}
2023-10-04 17:31:07,847 [main] INFO  server.AbstractConnector (AbstractConnector.java:doStart(333)) - Started ServerConnector@a888ec1{HTTP/1.1, (http/1.1)}{0.0.0.0:15098}
2023-10-04 17:31:07,847 [main] INFO  server.Server (Server.java:doStart(415)) - Started @105093ms
2023-10-04 17:31:07,847 [main] WARN  impl.MetricsSystemImpl (MetricsSystemImpl.java:register(279)) - Sink prometheus already exists!
2023-10-04 17:31:07,848 [main] INFO  http.BaseHttpServer (BaseHttpServer.java:updateConnectorAddress(354)) - HTTP server of hddsDatanode listening at http://0.0.0.0:15098
2023-10-04 17:31:07,848 [main] INFO  ipc.CallQueueManager (CallQueueManager.java:<init>(90)) - Using callQueue: class java.util.concurrent.LinkedBlockingQueue, queueCapacity: 100, scheduler: class org.apache.hadoop.ipc.DefaultRpcScheduler, ipcBackoff: false.
2023-10-04 17:31:07,848 [main] INFO  ipc.Server (Server.java:<init>(1287)) - Listener at 0.0.0.0:15099
2023-10-04 17:31:07,850 [Socket Reader #1 for port 15099] INFO  ipc.Server (Server.java:run(1323)) - Starting Socket Reader #1 for port 15099
2023-10-04 17:31:07,854 [main] INFO  ozone.HddsDatanodeService (HddsDatanodeService.java:start(315)) - Datanode start with admins: [runner]
2023-10-04 17:31:07,855 [main] INFO  ozone.HddsDatanodeClientProtocolServer (HddsDatanodeClientProtocolServer.java:start(72)) - RPC server for Client /0.0.0.0:15099
2023-10-04 17:31:07,855 [IPC Server Responder] INFO  ipc.Server (Server.java:run(1562)) - IPC Server Responder: starting
2023-10-04 17:31:07,855 [IPC Server listener on 15099] INFO  ipc.Server (Server.java:run(1402)) - IPC Server listener on 15099: starting
2023-10-04 17:31:07,856 [Datanode State Machine Daemon Thread] INFO  statemachine.DatanodeStateMachine (DatanodeStateMachine.java:lambda$startDaemon$0(539)) - Ozone container server started.
2023-10-04 17:31:07,857 [main] INFO  ozone.MiniOzoneClusterImpl (MiniOzoneClusterImpl.java:lambda$waitForClusterToBeReady$0(229)) - Waiting for nodes to be ready. Got 0 of 5 DN Heartbeats.
2023-10-04 17:31:07,857 [main] INFO  ozone.MiniOzoneClusterImpl (MiniOzoneClusterImpl.java:lambda$waitForClusterToBeReady$0(232)) - Waiting for cluster to exit safe mode
2023-10-04 17:31:07,857 [main] INFO  ozone.MiniOzoneClusterImpl (MiniOzoneClusterImpl.java:lambda$waitForClusterToBeReady$0(234)) - SCM became leader
2023-10-04 17:31:07,871 [Datanode State Machine Task Thread - 0] INFO  datanode.InitDatanodeState (InitDatanodeState.java:persistContainerDatanodeDetails(138)) - DatanodeDetails is persisted to /home/runner/work/ozone/ozone/hadoop-ozone/integration-test/target/test-dir/MiniOzoneClusterImpl-ae862161-af4f-46f0-80d9-78d734e05fe2/datanode-4/meta/datanode.id
2023-10-04 17:31:08,488 [EndpointStateMachine task thread for /0.0.0.0:15055 - 0 ] INFO  utils.DatanodeStoreCache (DatanodeStoreCache.java:addDB(66)) - Added db /home/runner/work/ozone/ozone/hadoop-ozone/integration-test/target/test-dir/MiniOzoneClusterImpl-ae862161-af4f-46f0-80d9-78d734e05fe2/datanode-0/data-0/containers/hdds/ae862161-af4f-46f0-80d9-78d734e05fe2/DS-d63eec33-f9d0-4c03-86d2-e841aa22d6e9/container.db to cache
2023-10-04 17:31:08,488 [EndpointStateMachine task thread for /0.0.0.0:15055 - 0 ] INFO  volume.HddsVolume (HddsVolume.java:createDbStore(422)) - SchemaV3 db is created and loaded at /home/runner/work/ozone/ozone/hadoop-ozone/integration-test/target/test-dir/MiniOzoneClusterImpl-ae862161-af4f-46f0-80d9-78d734e05fe2/datanode-0/data-0/containers/hdds/ae862161-af4f-46f0-80d9-78d734e05fe2/DS-d63eec33-f9d0-4c03-86d2-e841aa22d6e9/container.db for volume DS-d63eec33-f9d0-4c03-86d2-e841aa22d6e9
2023-10-04 17:31:08,489 [EndpointStateMachine task thread for /0.0.0.0:15055 - 0 ] INFO  volume.ThrottledAsyncChecker (ThrottledAsyncChecker.java:schedule(141)) - Scheduling a check for /home/runner/work/ozone/ozone/hadoop-ozone/integration-test/target/test-dir/MiniOzoneClusterImpl-ae862161-af4f-46f0-80d9-78d734e05fe2/datanode-0/data-0/containers/hdds
2023-10-04 17:31:08,489 [EndpointStateMachine task thread for /0.0.0.0:15055 - 0 ] INFO  volume.StorageVolumeChecker (StorageVolumeChecker.java:checkAllVolumes(213)) - Scheduled health check for volume /home/runner/work/ozone/ozone/hadoop-ozone/integration-test/target/test-dir/MiniOzoneClusterImpl-ae862161-af4f-46f0-80d9-78d734e05fe2/datanode-0/data-0/containers/hdds
2023-10-04 17:31:08,493 [EndpointStateMachine task thread for /0.0.0.0:15055 - 0 ] INFO  volume.ThrottledAsyncChecker (ThrottledAsyncChecker.java:schedule(141)) - Scheduling a check for /home/runner/work/ozone/ozone/hadoop-ozone/integration-test/target/test-dir/MiniOzoneClusterImpl-ae862161-af4f-46f0-80d9-78d734e05fe2/datanode-0/data/ratis
2023-10-04 17:31:08,493 [EndpointStateMachine task thread for /0.0.0.0:15055 - 0 ] INFO  volume.StorageVolumeChecker (StorageVolumeChecker.java:checkAllVolumes(213)) - Scheduled health check for volume /home/runner/work/ozone/ozone/hadoop-ozone/integration-test/target/test-dir/MiniOzoneClusterImpl-ae862161-af4f-46f0-80d9-78d734e05fe2/datanode-0/data/ratis
2023-10-04 17:31:08,495 [EndpointStateMachine task thread for /0.0.0.0:15055 - 0 ] INFO  ozoneimpl.OzoneContainer (OzoneContainer.java:start(429)) - Attempting to start container services.
2023-10-04 17:31:08,495 [EndpointStateMachine task thread for /0.0.0.0:15055 - 0 ] INFO  ozoneimpl.OzoneContainer (OzoneContainer.java:startContainerScrub(325)) - Scheduled background container scanners and the on-demand container scanner have been disabled.
2023-10-04 17:31:08,498 [EndpointStateMachine task thread for /0.0.0.0:15055 - 0 ] INFO  replication.ReplicationServer (ReplicationServer.java:start(134)) - ReplicationServer is started using port 15069
2023-10-04 17:31:08,498 [EndpointStateMachine task thread for /0.0.0.0:15055 - 0 ] INFO  ratis.XceiverServerRatis (XceiverServerRatis.java:start(517)) - Starting XceiverServerRatis 2fe9f5bb-a002-4881-945d-f328dd53395c
2023-10-04 17:31:08,501 [EndpointStateMachine task thread for /0.0.0.0:15055 - 0 ] INFO  server.RaftServer (RaftServerProxy.java:startImpl(400)) - 2fe9f5bb-a002-4881-945d-f328dd53395c: start RPC server
2023-10-04 17:31:08,502 [EndpointStateMachine task thread for /0.0.0.0:15055 - 0 ] INFO  server.GrpcService (GrpcService.java:startImpl(302)) - 2fe9f5bb-a002-4881-945d-f328dd53395c: GrpcService started, listening on 15065
2023-10-04 17:31:08,503 [EndpointStateMachine task thread for /0.0.0.0:15055 - 0 ] INFO  server.GrpcService (GrpcService.java:startImpl(302)) - 2fe9f5bb-a002-4881-945d-f328dd53395c: GrpcService started, listening on 15067
2023-10-04 17:31:08,504 [EndpointStateMachine task thread for /0.0.0.0:15055 - 0 ] INFO  server.GrpcService (GrpcService.java:startImpl(302)) - 2fe9f5bb-a002-4881-945d-f328dd53395c: GrpcService started, listening on 15066
2023-10-04 17:31:08,504 [EndpointStateMachine task thread for /0.0.0.0:15055 - 0 ] INFO  ratis.XceiverServerRatis (XceiverServerRatis.java:getRealPort(543)) - XceiverServerRatis 2fe9f5bb-a002-4881-945d-f328dd53395c is started using port 15065 for RATIS
2023-10-04 17:31:08,504 [EndpointStateMachine task thread for /0.0.0.0:15055 - 0 ] INFO  ratis.XceiverServerRatis (XceiverServerRatis.java:getRealPort(543)) - XceiverServerRatis 2fe9f5bb-a002-4881-945d-f328dd53395c is started using port 15066 for RATIS_ADMIN
2023-10-04 17:31:08,504 [EndpointStateMachine task thread for /0.0.0.0:15055 - 0 ] INFO  ratis.XceiverServerRatis (XceiverServerRatis.java:getRealPort(543)) - XceiverServerRatis 2fe9f5bb-a002-4881-945d-f328dd53395c is started using port 15067 for RATIS_SERVER
2023-10-04 17:31:08,504 [EndpointStateMachine task thread for /0.0.0.0:15055 - 0 ] INFO  ratis.XceiverServerRatis (XceiverServerRatis.java:getRealPort(543)) - XceiverServerRatis 2fe9f5bb-a002-4881-945d-f328dd53395c is started using port 15068 for RATIS_DATASTREAM
2023-10-04 17:31:08,505 [JvmPauseMonitor9] INFO  util.JvmPauseMonitor (JvmPauseMonitor.java:run(103)) - JvmPauseMonitor-2fe9f5bb-a002-4881-945d-f328dd53395c: Started
2023-10-04 17:31:08,513 [BlockDeletingService#0] INFO  interfaces.ContainerDeletionChoosingPolicyTemplate (ContainerDeletionChoosingPolicyTemplate.java:chooseContainerForBlockDeletion(85)) - Chosen 0/5000 blocks from 0 candidate containers.
2023-10-04 17:31:08,811 [EndpointStateMachine task thread for /0.0.0.0:15055 - 0 ] INFO  utils.DatanodeStoreCache (DatanodeStoreCache.java:addDB(66)) - Added db /home/runner/work/ozone/ozone/hadoop-ozone/integration-test/target/test-dir/MiniOzoneClusterImpl-ae862161-af4f-46f0-80d9-78d734e05fe2/datanode-1/data-0/containers/hdds/ae862161-af4f-46f0-80d9-78d734e05fe2/DS-84423b0d-5960-49af-9a45-502ced3483ee/container.db to cache
2023-10-04 17:31:08,811 [EndpointStateMachine task thread for /0.0.0.0:15055 - 0 ] INFO  volume.HddsVolume (HddsVolume.java:createDbStore(422)) - SchemaV3 db is created and loaded at /home/runner/work/ozone/ozone/hadoop-ozone/integration-test/target/test-dir/MiniOzoneClusterImpl-ae862161-af4f-46f0-80d9-78d734e05fe2/datanode-1/data-0/containers/hdds/ae862161-af4f-46f0-80d9-78d734e05fe2/DS-84423b0d-5960-49af-9a45-502ced3483ee/container.db for volume DS-84423b0d-5960-49af-9a45-502ced3483ee
2023-10-04 17:31:08,812 [EndpointStateMachine task thread for /0.0.0.0:15055 - 0 ] INFO  volume.ThrottledAsyncChecker (ThrottledAsyncChecker.java:schedule(141)) - Scheduling a check for /home/runner/work/ozone/ozone/hadoop-ozone/integration-test/target/test-dir/MiniOzoneClusterImpl-ae862161-af4f-46f0-80d9-78d734e05fe2/datanode-1/data-0/containers/hdds
2023-10-04 17:31:08,812 [EndpointStateMachine task thread for /0.0.0.0:15055 - 0 ] INFO  volume.StorageVolumeChecker (StorageVolumeChecker.java:checkAllVolumes(213)) - Scheduled health check for volume /home/runner/work/ozone/ozone/hadoop-ozone/integration-test/target/test-dir/MiniOzoneClusterImpl-ae862161-af4f-46f0-80d9-78d734e05fe2/datanode-1/data-0/containers/hdds
2023-10-04 17:31:08,817 [EndpointStateMachine task thread for /0.0.0.0:15055 - 0 ] INFO  volume.ThrottledAsyncChecker (ThrottledAsyncChecker.java:schedule(141)) - Scheduling a check for /home/runner/work/ozone/ozone/hadoop-ozone/integration-test/target/test-dir/MiniOzoneClusterImpl-ae862161-af4f-46f0-80d9-78d734e05fe2/datanode-1/data/ratis
2023-10-04 17:31:08,817 [EndpointStateMachine task thread for /0.0.0.0:15055 - 0 ] INFO  volume.StorageVolumeChecker (StorageVolumeChecker.java:checkAllVolumes(213)) - Scheduled health check for volume /home/runner/work/ozone/ozone/hadoop-ozone/integration-test/target/test-dir/MiniOzoneClusterImpl-ae862161-af4f-46f0-80d9-78d734e05fe2/datanode-1/data/ratis
2023-10-04 17:31:08,819 [EndpointStateMachine task thread for /0.0.0.0:15055 - 0 ] INFO  ozoneimpl.OzoneContainer (OzoneContainer.java:start(429)) - Attempting to start container services.
2023-10-04 17:31:08,819 [EndpointStateMachine task thread for /0.0.0.0:15055 - 0 ] INFO  ozoneimpl.OzoneContainer (OzoneContainer.java:startContainerScrub(325)) - Scheduled background container scanners and the on-demand container scanner have been disabled.
2023-10-04 17:31:08,820 [EndpointStateMachine task thread for /0.0.0.0:15055 - 0 ] INFO  replication.ReplicationServer (ReplicationServer.java:start(134)) - ReplicationServer is started using port 15078
2023-10-04 17:31:08,820 [EndpointStateMachine task thread for /0.0.0.0:15055 - 0 ] INFO  ratis.XceiverServerRatis (XceiverServerRatis.java:start(517)) - Starting XceiverServerRatis ce673aed-cb42-4983-a069-5a8880361102
2023-10-04 17:31:08,821 [EndpointStateMachine task thread for /0.0.0.0:15055 - 0 ] INFO  server.RaftServer (RaftServerProxy.java:startImpl(400)) - ce673aed-cb42-4983-a069-5a8880361102: start RPC server
2023-10-04 17:31:08,822 [EndpointStateMachine task thread for /0.0.0.0:15055 - 0 ] INFO  server.GrpcService (GrpcService.java:startImpl(302)) - ce673aed-cb42-4983-a069-5a8880361102: GrpcService started, listening on 15074
2023-10-04 17:31:08,824 [EndpointStateMachine task thread for /0.0.0.0:15055 - 0 ] INFO  server.GrpcService (GrpcService.java:startImpl(302)) - ce673aed-cb42-4983-a069-5a8880361102: GrpcService started, listening on 15076
2023-10-04 17:31:08,826 [EndpointStateMachine task thread for /0.0.0.0:15055 - 0 ] INFO  server.GrpcService (GrpcService.java:startImpl(302)) - ce673aed-cb42-4983-a069-5a8880361102: GrpcService started, listening on 15075
2023-10-04 17:31:08,826 [EndpointStateMachine task thread for /0.0.0.0:15055 - 0 ] INFO  ratis.XceiverServerRatis (XceiverServerRatis.java:getRealPort(543)) - XceiverServerRatis ce673aed-cb42-4983-a069-5a8880361102 is started using port 15074 for RATIS
2023-10-04 17:31:08,826 [EndpointStateMachine task thread for /0.0.0.0:15055 - 0 ] INFO  ratis.XceiverServerRatis (XceiverServerRatis.java:getRealPort(543)) - XceiverServerRatis ce673aed-cb42-4983-a069-5a8880361102 is started using port 15075 for RATIS_ADMIN
2023-10-04 17:31:08,826 [JvmPauseMonitor10] INFO  util.JvmPauseMonitor (JvmPauseMonitor.java:run(103)) - JvmPauseMonitor-ce673aed-cb42-4983-a069-5a8880361102: Started
2023-10-04 17:31:08,826 [EndpointStateMachine task thread for /0.0.0.0:15055 - 0 ] INFO  ratis.XceiverServerRatis (XceiverServerRatis.java:getRealPort(543)) - XceiverServerRatis ce673aed-cb42-4983-a069-5a8880361102 is started using port 15076 for RATIS_SERVER
2023-10-04 17:31:08,827 [EndpointStateMachine task thread for /0.0.0.0:15055 - 0 ] INFO  ratis.XceiverServerRatis (XceiverServerRatis.java:getRealPort(543)) - XceiverServerRatis ce673aed-cb42-4983-a069-5a8880361102 is started using port 15077 for RATIS_DATASTREAM
2023-10-04 17:31:08,829 [BlockDeletingService#0] INFO  interfaces.ContainerDeletionChoosingPolicyTemplate (ContainerDeletionChoosingPolicyTemplate.java:chooseContainerForBlockDeletion(85)) - Chosen 0/5000 blocks from 0 candidate containers.
2023-10-04 17:31:08,859 [main] INFO  ozone.MiniOzoneClusterImpl (MiniOzoneClusterImpl.java:lambda$waitForClusterToBeReady$0(229)) - Waiting for nodes to be ready. Got 0 of 5 DN Heartbeats.
2023-10-04 17:31:08,859 [main] INFO  ozone.MiniOzoneClusterImpl (MiniOzoneClusterImpl.java:lambda$waitForClusterToBeReady$0(232)) - Waiting for cluster to exit safe mode
2023-10-04 17:31:08,859 [main] INFO  ozone.MiniOzoneClusterImpl (MiniOzoneClusterImpl.java:lambda$waitForClusterToBeReady$0(234)) - SCM became leader
2023-10-04 17:31:09,198 [EndpointStateMachine task thread for /0.0.0.0:15055 - 0 ] INFO  utils.DatanodeStoreCache (DatanodeStoreCache.java:addDB(66)) - Added db /home/runner/work/ozone/ozone/hadoop-ozone/integration-test/target/test-dir/MiniOzoneClusterImpl-ae862161-af4f-46f0-80d9-78d734e05fe2/datanode-2/data-0/containers/hdds/ae862161-af4f-46f0-80d9-78d734e05fe2/DS-1b6dfc26-0046-44c9-9e8d-3d07b75fecd7/container.db to cache
2023-10-04 17:31:09,198 [EndpointStateMachine task thread for /0.0.0.0:15055 - 0 ] INFO  volume.HddsVolume (HddsVolume.java:createDbStore(422)) - SchemaV3 db is created and loaded at /home/runner/work/ozone/ozone/hadoop-ozone/integration-test/target/test-dir/MiniOzoneClusterImpl-ae862161-af4f-46f0-80d9-78d734e05fe2/datanode-2/data-0/containers/hdds/ae862161-af4f-46f0-80d9-78d734e05fe2/DS-1b6dfc26-0046-44c9-9e8d-3d07b75fecd7/container.db for volume DS-1b6dfc26-0046-44c9-9e8d-3d07b75fecd7
2023-10-04 17:31:09,199 [EndpointStateMachine task thread for /0.0.0.0:15055 - 0 ] INFO  volume.ThrottledAsyncChecker (ThrottledAsyncChecker.java:schedule(141)) - Scheduling a check for /home/runner/work/ozone/ozone/hadoop-ozone/integration-test/target/test-dir/MiniOzoneClusterImpl-ae862161-af4f-46f0-80d9-78d734e05fe2/datanode-2/data-0/containers/hdds
2023-10-04 17:31:09,207 [EndpointStateMachine task thread for /0.0.0.0:15055 - 0 ] INFO  volume.StorageVolumeChecker (StorageVolumeChecker.java:checkAllVolumes(213)) - Scheduled health check for volume /home/runner/work/ozone/ozone/hadoop-ozone/integration-test/target/test-dir/MiniOzoneClusterImpl-ae862161-af4f-46f0-80d9-78d734e05fe2/datanode-2/data-0/containers/hdds
2023-10-04 17:31:09,209 [EndpointStateMachine task thread for /0.0.0.0:15055 - 0 ] INFO  volume.ThrottledAsyncChecker (ThrottledAsyncChecker.java:schedule(141)) - Scheduling a check for /home/runner/work/ozone/ozone/hadoop-ozone/integration-test/target/test-dir/MiniOzoneClusterImpl-ae862161-af4f-46f0-80d9-78d734e05fe2/datanode-2/data/ratis
2023-10-04 17:31:09,210 [EndpointStateMachine task thread for /0.0.0.0:15055 - 0 ] INFO  volume.StorageVolumeChecker (StorageVolumeChecker.java:checkAllVolumes(213)) - Scheduled health check for volume /home/runner/work/ozone/ozone/hadoop-ozone/integration-test/target/test-dir/MiniOzoneClusterImpl-ae862161-af4f-46f0-80d9-78d734e05fe2/datanode-2/data/ratis
2023-10-04 17:31:09,212 [EndpointStateMachine task thread for /0.0.0.0:15055 - 0 ] INFO  ozoneimpl.OzoneContainer (OzoneContainer.java:start(429)) - Attempting to start container services.
2023-10-04 17:31:09,212 [EndpointStateMachine task thread for /0.0.0.0:15055 - 0 ] INFO  ozoneimpl.OzoneContainer (OzoneContainer.java:startContainerScrub(325)) - Scheduled background container scanners and the on-demand container scanner have been disabled.
2023-10-04 17:31:09,215 [EndpointStateMachine task thread for /0.0.0.0:15055 - 0 ] INFO  replication.ReplicationServer (ReplicationServer.java:start(134)) - ReplicationServer is started using port 15087
2023-10-04 17:31:09,215 [EndpointStateMachine task thread for /0.0.0.0:15055 - 0 ] INFO  ratis.XceiverServerRatis (XceiverServerRatis.java:start(517)) - Starting XceiverServerRatis 91ebd182-a33d-46b0-9291-0e8ba30d2124
2023-10-04 17:31:09,216 [EndpointStateMachine task thread for /0.0.0.0:15055 - 0 ] INFO  server.RaftServer (RaftServerProxy.java:startImpl(400)) - 91ebd182-a33d-46b0-9291-0e8ba30d2124: start RPC server
2023-10-04 17:31:09,217 [EndpointStateMachine task thread for /0.0.0.0:15055 - 0 ] INFO  server.GrpcService (GrpcService.java:startImpl(302)) - 91ebd182-a33d-46b0-9291-0e8ba30d2124: GrpcService started, listening on 15083
2023-10-04 17:31:09,218 [EndpointStateMachine task thread for /0.0.0.0:15055 - 0 ] INFO  server.GrpcService (GrpcService.java:startImpl(302)) - 91ebd182-a33d-46b0-9291-0e8ba30d2124: GrpcService started, listening on 15085
2023-10-04 17:31:09,218 [EndpointStateMachine task thread for /0.0.0.0:15055 - 0 ] INFO  server.GrpcService (GrpcService.java:startImpl(302)) - 91ebd182-a33d-46b0-9291-0e8ba30d2124: GrpcService started, listening on 15084
2023-10-04 17:31:09,219 [EndpointStateMachine task thread for /0.0.0.0:15055 - 0 ] INFO  ratis.XceiverServerRatis (XceiverServerRatis.java:getRealPort(543)) - XceiverServerRatis 91ebd182-a33d-46b0-9291-0e8ba30d2124 is started using port 15083 for RATIS
2023-10-04 17:31:09,219 [EndpointStateMachine task thread for /0.0.0.0:15055 - 0 ] INFO  ratis.XceiverServerRatis (XceiverServerRatis.java:getRealPort(543)) - XceiverServerRatis 91ebd182-a33d-46b0-9291-0e8ba30d2124 is started using port 15084 for RATIS_ADMIN
2023-10-04 17:31:09,219 [EndpointStateMachine task thread for /0.0.0.0:15055 - 0 ] INFO  ratis.XceiverServerRatis (XceiverServerRatis.java:getRealPort(543)) - XceiverServerRatis 91ebd182-a33d-46b0-9291-0e8ba30d2124 is started using port 15085 for RATIS_SERVER
2023-10-04 17:31:09,219 [EndpointStateMachine task thread for /0.0.0.0:15055 - 0 ] INFO  ratis.XceiverServerRatis (XceiverServerRatis.java:getRealPort(543)) - XceiverServerRatis 91ebd182-a33d-46b0-9291-0e8ba30d2124 is started using port 15086 for RATIS_DATASTREAM
2023-10-04 17:31:09,227 [BlockDeletingService#0] INFO  interfaces.ContainerDeletionChoosingPolicyTemplate (ContainerDeletionChoosingPolicyTemplate.java:chooseContainerForBlockDeletion(85)) - Chosen 0/5000 blocks from 0 candidate containers.
2023-10-04 17:31:09,227 [JvmPauseMonitor11] INFO  util.JvmPauseMonitor (JvmPauseMonitor.java:run(103)) - JvmPauseMonitor-91ebd182-a33d-46b0-9291-0e8ba30d2124: Started
2023-10-04 17:31:09,597 [EndpointStateMachine task thread for /0.0.0.0:15055 - 0 ] INFO  utils.DatanodeStoreCache (DatanodeStoreCache.java:addDB(66)) - Added db /home/runner/work/ozone/ozone/hadoop-ozone/integration-test/target/test-dir/MiniOzoneClusterImpl-ae862161-af4f-46f0-80d9-78d734e05fe2/datanode-3/data-0/containers/hdds/ae862161-af4f-46f0-80d9-78d734e05fe2/DS-4ae71ab4-7553-4c21-93da-dfb76d1826cd/container.db to cache
2023-10-04 17:31:09,597 [EndpointStateMachine task thread for /0.0.0.0:15055 - 0 ] INFO  volume.HddsVolume (HddsVolume.java:createDbStore(422)) - SchemaV3 db is created and loaded at /home/runner/work/ozone/ozone/hadoop-ozone/integration-test/target/test-dir/MiniOzoneClusterImpl-ae862161-af4f-46f0-80d9-78d734e05fe2/datanode-3/data-0/containers/hdds/ae862161-af4f-46f0-80d9-78d734e05fe2/DS-4ae71ab4-7553-4c21-93da-dfb76d1826cd/container.db for volume DS-4ae71ab4-7553-4c21-93da-dfb76d1826cd
2023-10-04 17:31:09,598 [EndpointStateMachine task thread for /0.0.0.0:15055 - 0 ] INFO  volume.ThrottledAsyncChecker (ThrottledAsyncChecker.java:schedule(141)) - Scheduling a check for /home/runner/work/ozone/ozone/hadoop-ozone/integration-test/target/test-dir/MiniOzoneClusterImpl-ae862161-af4f-46f0-80d9-78d734e05fe2/datanode-3/data-0/containers/hdds
2023-10-04 17:31:09,601 [EndpointStateMachine task thread for /0.0.0.0:15055 - 0 ] INFO  volume.StorageVolumeChecker (StorageVolumeChecker.java:checkAllVolumes(213)) - Scheduled health check for volume /home/runner/work/ozone/ozone/hadoop-ozone/integration-test/target/test-dir/MiniOzoneClusterImpl-ae862161-af4f-46f0-80d9-78d734e05fe2/datanode-3/data-0/containers/hdds
2023-10-04 17:31:09,604 [EndpointStateMachine task thread for /0.0.0.0:15055 - 0 ] INFO  volume.ThrottledAsyncChecker (ThrottledAsyncChecker.java:schedule(141)) - Scheduling a check for /home/runner/work/ozone/ozone/hadoop-ozone/integration-test/target/test-dir/MiniOzoneClusterImpl-ae862161-af4f-46f0-80d9-78d734e05fe2/datanode-3/data/ratis
2023-10-04 17:31:09,604 [EndpointStateMachine task thread for /0.0.0.0:15055 - 0 ] INFO  volume.StorageVolumeChecker (StorageVolumeChecker.java:checkAllVolumes(213)) - Scheduled health check for volume /home/runner/work/ozone/ozone/hadoop-ozone/integration-test/target/test-dir/MiniOzoneClusterImpl-ae862161-af4f-46f0-80d9-78d734e05fe2/datanode-3/data/ratis
2023-10-04 17:31:09,606 [EndpointStateMachine task thread for /0.0.0.0:15055 - 0 ] INFO  ozoneimpl.OzoneContainer (OzoneContainer.java:start(429)) - Attempting to start container services.
2023-10-04 17:31:09,606 [EndpointStateMachine task thread for /0.0.0.0:15055 - 0 ] INFO  ozoneimpl.OzoneContainer (OzoneContainer.java:startContainerScrub(325)) - Scheduled background container scanners and the on-demand container scanner have been disabled.
2023-10-04 17:31:09,608 [EndpointStateMachine task thread for /0.0.0.0:15055 - 0 ] INFO  replication.ReplicationServer (ReplicationServer.java:start(134)) - ReplicationServer is started using port 15096
2023-10-04 17:31:09,608 [EndpointStateMachine task thread for /0.0.0.0:15055 - 0 ] INFO  ratis.XceiverServerRatis (XceiverServerRatis.java:start(517)) - Starting XceiverServerRatis 0cce5ae1-4d90-47eb-b549-a29c890f95a0
2023-10-04 17:31:09,608 [EndpointStateMachine task thread for /0.0.0.0:15055 - 0 ] INFO  server.RaftServer (RaftServerProxy.java:startImpl(400)) - 0cce5ae1-4d90-47eb-b549-a29c890f95a0: start RPC server
2023-10-04 17:31:09,609 [EndpointStateMachine task thread for /0.0.0.0:15055 - 0 ] INFO  server.GrpcService (GrpcService.java:startImpl(302)) - 0cce5ae1-4d90-47eb-b549-a29c890f95a0: GrpcService started, listening on 15092
2023-10-04 17:31:09,610 [EndpointStateMachine task thread for /0.0.0.0:15055 - 0 ] INFO  server.GrpcService (GrpcService.java:startImpl(302)) - 0cce5ae1-4d90-47eb-b549-a29c890f95a0: GrpcService started, listening on 15094
2023-10-04 17:31:09,613 [EndpointStateMachine task thread for /0.0.0.0:15055 - 0 ] INFO  server.GrpcService (GrpcService.java:startImpl(302)) - 0cce5ae1-4d90-47eb-b549-a29c890f95a0: GrpcService started, listening on 15093
2023-10-04 17:31:09,616 [EndpointStateMachine task thread for /0.0.0.0:15055 - 0 ] INFO  ratis.XceiverServerRatis (XceiverServerRatis.java:getRealPort(543)) - XceiverServerRatis 0cce5ae1-4d90-47eb-b549-a29c890f95a0 is started using port 15092 for RATIS
2023-10-04 17:31:09,616 [JvmPauseMonitor12] INFO  util.JvmPauseMonitor (JvmPauseMonitor.java:run(103)) - JvmPauseMonitor-0cce5ae1-4d90-47eb-b549-a29c890f95a0: Started
2023-10-04 17:31:09,616 [EndpointStateMachine task thread for /0.0.0.0:15055 - 0 ] INFO  ratis.XceiverServerRatis (XceiverServerRatis.java:getRealPort(543)) - XceiverServerRatis 0cce5ae1-4d90-47eb-b549-a29c890f95a0 is started using port 15093 for RATIS_ADMIN
2023-10-04 17:31:09,616 [EndpointStateMachine task thread for /0.0.0.0:15055 - 0 ] INFO  ratis.XceiverServerRatis (XceiverServerRatis.java:getRealPort(543)) - XceiverServerRatis 0cce5ae1-4d90-47eb-b549-a29c890f95a0 is started using port 15094 for RATIS_SERVER
2023-10-04 17:31:09,616 [EndpointStateMachine task thread for /0.0.0.0:15055 - 0 ] INFO  ratis.XceiverServerRatis (XceiverServerRatis.java:getRealPort(543)) - XceiverServerRatis 0cce5ae1-4d90-47eb-b549-a29c890f95a0 is started using port 15095 for RATIS_DATASTREAM
2023-10-04 17:31:09,620 [BlockDeletingService#0] INFO  interfaces.ContainerDeletionChoosingPolicyTemplate (ContainerDeletionChoosingPolicyTemplate.java:chooseContainerForBlockDeletion(85)) - Chosen 0/5000 blocks from 0 candidate containers.
2023-10-04 17:31:09,859 [main] INFO  ozone.MiniOzoneClusterImpl (MiniOzoneClusterImpl.java:lambda$waitForClusterToBeReady$0(229)) - Waiting for nodes to be ready. Got 0 of 5 DN Heartbeats.
2023-10-04 17:31:09,859 [main] INFO  ozone.MiniOzoneClusterImpl (MiniOzoneClusterImpl.java:lambda$waitForClusterToBeReady$0(232)) - Waiting for cluster to exit safe mode
2023-10-04 17:31:09,859 [main] INFO  ozone.MiniOzoneClusterImpl (MiniOzoneClusterImpl.java:lambda$waitForClusterToBeReady$0(234)) - SCM became leader
2023-10-04 17:31:09,905 [EndpointStateMachine task thread for /0.0.0.0:15055 - 0 ] INFO  utils.DatanodeStoreCache (DatanodeStoreCache.java:addDB(66)) - Added db /home/runner/work/ozone/ozone/hadoop-ozone/integration-test/target/test-dir/MiniOzoneClusterImpl-ae862161-af4f-46f0-80d9-78d734e05fe2/datanode-4/data-0/containers/hdds/ae862161-af4f-46f0-80d9-78d734e05fe2/DS-e1d753d5-abcd-4a1e-ac9d-84a118a97973/container.db to cache
2023-10-04 17:31:09,905 [EndpointStateMachine task thread for /0.0.0.0:15055 - 0 ] INFO  volume.HddsVolume (HddsVolume.java:createDbStore(422)) - SchemaV3 db is created and loaded at /home/runner/work/ozone/ozone/hadoop-ozone/integration-test/target/test-dir/MiniOzoneClusterImpl-ae862161-af4f-46f0-80d9-78d734e05fe2/datanode-4/data-0/containers/hdds/ae862161-af4f-46f0-80d9-78d734e05fe2/DS-e1d753d5-abcd-4a1e-ac9d-84a118a97973/container.db for volume DS-e1d753d5-abcd-4a1e-ac9d-84a118a97973
2023-10-04 17:31:09,906 [EndpointStateMachine task thread for /0.0.0.0:15055 - 0 ] INFO  volume.ThrottledAsyncChecker (ThrottledAsyncChecker.java:schedule(141)) - Scheduling a check for /home/runner/work/ozone/ozone/hadoop-ozone/integration-test/target/test-dir/MiniOzoneClusterImpl-ae862161-af4f-46f0-80d9-78d734e05fe2/datanode-4/data-0/containers/hdds
2023-10-04 17:31:09,909 [EndpointStateMachine task thread for /0.0.0.0:15055 - 0 ] INFO  volume.StorageVolumeChecker (StorageVolumeChecker.java:checkAllVolumes(213)) - Scheduled health check for volume /home/runner/work/ozone/ozone/hadoop-ozone/integration-test/target/test-dir/MiniOzoneClusterImpl-ae862161-af4f-46f0-80d9-78d734e05fe2/datanode-4/data-0/containers/hdds
2023-10-04 17:31:09,912 [EndpointStateMachine task thread for /0.0.0.0:15055 - 0 ] INFO  volume.ThrottledAsyncChecker (ThrottledAsyncChecker.java:schedule(141)) - Scheduling a check for /home/runner/work/ozone/ozone/hadoop-ozone/integration-test/target/test-dir/MiniOzoneClusterImpl-ae862161-af4f-46f0-80d9-78d734e05fe2/datanode-4/data/ratis
2023-10-04 17:31:09,912 [EndpointStateMachine task thread for /0.0.0.0:15055 - 0 ] INFO  volume.StorageVolumeChecker (StorageVolumeChecker.java:checkAllVolumes(213)) - Scheduled health check for volume /home/runner/work/ozone/ozone/hadoop-ozone/integration-test/target/test-dir/MiniOzoneClusterImpl-ae862161-af4f-46f0-80d9-78d734e05fe2/datanode-4/data/ratis
2023-10-04 17:31:09,914 [EndpointStateMachine task thread for /0.0.0.0:15055 - 0 ] INFO  ozoneimpl.OzoneContainer (OzoneContainer.java:start(429)) - Attempting to start container services.
2023-10-04 17:31:09,914 [EndpointStateMachine task thread for /0.0.0.0:15055 - 0 ] INFO  ozoneimpl.OzoneContainer (OzoneContainer.java:startContainerScrub(325)) - Scheduled background container scanners and the on-demand container scanner have been disabled.
2023-10-04 17:31:09,915 [EndpointStateMachine task thread for /0.0.0.0:15055 - 0 ] INFO  replication.ReplicationServer (ReplicationServer.java:start(134)) - ReplicationServer is started using port 15105
2023-10-04 17:31:09,915 [EndpointStateMachine task thread for /0.0.0.0:15055 - 0 ] INFO  ratis.XceiverServerRatis (XceiverServerRatis.java:start(517)) - Starting XceiverServerRatis 1bfab402-230e-4619-8c22-172305de1499
2023-10-04 17:31:09,916 [EndpointStateMachine task thread for /0.0.0.0:15055 - 0 ] INFO  server.RaftServer (RaftServerProxy.java:startImpl(400)) - 1bfab402-230e-4619-8c22-172305de1499: start RPC server
2023-10-04 17:31:09,918 [EndpointStateMachine task thread for /0.0.0.0:15055 - 0 ] INFO  server.GrpcService (GrpcService.java:startImpl(302)) - 1bfab402-230e-4619-8c22-172305de1499: GrpcService started, listening on 15101
2023-10-04 17:31:09,919 [EndpointStateMachine task thread for /0.0.0.0:15055 - 0 ] INFO  server.GrpcService (GrpcService.java:startImpl(302)) - 1bfab402-230e-4619-8c22-172305de1499: GrpcService started, listening on 15103
2023-10-04 17:31:09,922 [EndpointStateMachine task thread for /0.0.0.0:15055 - 0 ] INFO  server.GrpcService (GrpcService.java:startImpl(302)) - 1bfab402-230e-4619-8c22-172305de1499: GrpcService started, listening on 15102
2023-10-04 17:31:09,922 [EndpointStateMachine task thread for /0.0.0.0:15055 - 0 ] INFO  ratis.XceiverServerRatis (XceiverServerRatis.java:getRealPort(543)) - XceiverServerRatis 1bfab402-230e-4619-8c22-172305de1499 is started using port 15101 for RATIS
2023-10-04 17:31:09,922 [EndpointStateMachine task thread for /0.0.0.0:15055 - 0 ] INFO  ratis.XceiverServerRatis (XceiverServerRatis.java:getRealPort(543)) - XceiverServerRatis 1bfab402-230e-4619-8c22-172305de1499 is started using port 15102 for RATIS_ADMIN
2023-10-04 17:31:09,922 [JvmPauseMonitor13] INFO  util.JvmPauseMonitor (JvmPauseMonitor.java:run(103)) - JvmPauseMonitor-1bfab402-230e-4619-8c22-172305de1499: Started
2023-10-04 17:31:09,922 [EndpointStateMachine task thread for /0.0.0.0:15055 - 0 ] INFO  ratis.XceiverServerRatis (XceiverServerRatis.java:getRealPort(543)) - XceiverServerRatis 1bfab402-230e-4619-8c22-172305de1499 is started using port 15103 for RATIS_SERVER
2023-10-04 17:31:09,923 [EndpointStateMachine task thread for /0.0.0.0:15055 - 0 ] INFO  ratis.XceiverServerRatis (XceiverServerRatis.java:getRealPort(543)) - XceiverServerRatis 1bfab402-230e-4619-8c22-172305de1499 is started using port 15104 for RATIS_DATASTREAM
2023-10-04 17:31:09,936 [BlockDeletingService#0] INFO  interfaces.ContainerDeletionChoosingPolicyTemplate (ContainerDeletionChoosingPolicyTemplate.java:chooseContainerForBlockDeletion(85)) - Chosen 0/5000 blocks from 0 candidate containers.
2023-10-04 17:31:10,448 [IPC Server handler 1 on default port 15055] INFO  net.NetworkTopologyImpl (NetworkTopologyImpl.java:add(112)) - Added a new node: /default-rack/2fe9f5bb-a002-4881-945d-f328dd53395c
2023-10-04 17:31:10,448 [IPC Server handler 1 on default port 15055] INFO  node.SCMNodeManager (SCMNodeManager.java:register(405)) - Registered Data node : 2fe9f5bb-a002-4881-945d-f328dd53395c{ip: 10.1.0.20, host: fv-az453-706.hss2zji4abbufegd5wcf2so25h.dx.internal.cloudapp.net, ports: [HTTP=15062, CLIENT_RPC=15063, REPLICATION=15069, RATIS=15065, RATIS_ADMIN=15066, RATIS_SERVER=15067, RATIS_DATASTREAM=15068, STANDALONE=15064], networkLocation: /default-rack, certSerialId: null, persistedOpState: null, persistedOpStateExpiryEpochSec: 0}
2023-10-04 17:31:10,451 [EventQueue-NodeRegistrationContainerReportForDataNodeSafeModeRule] INFO  safemode.SCMSafeModeManager (DataNodeSafeModeRule.java:process(71)) - SCM in safe mode. 1 DataNodes registered, 3 required.
2023-10-04 17:31:10,451 [EventQueue-NodeRegistrationContainerReportForContainerSafeModeRule] INFO  safemode.SCMSafeModeManager (SCMSafeModeManager.java:validateSafeModeExitRules(200)) - ContainerSafeModeRule rule is successfully validated
2023-10-04 17:31:10,458 [EventQueue-NewNodeForNewNodeHandler] INFO  pipeline.BackgroundPipelineCreator (BackgroundPipelineCreator.java:notifyEventTriggered(277)) - trigger a one-shot run on RatisPipelineUtilsThread.
2023-10-04 17:31:10,459 [RatisPipelineUtilsThread - 0] INFO  pipeline.RatisPipelineProvider (RatisPipelineProvider.java:lambda$create$0(206)) - Sending CreatePipelineCommand for pipeline:PipelineID=3ce83dc4-0289-4320-8403-b3f6ca41b0e7 to datanode:2fe9f5bb-a002-4881-945d-f328dd53395c
2023-10-04 17:31:10,459 [RatisPipelineUtilsThread - 0] INFO  pipeline.BackgroundPipelineCreator (BackgroundPipelineCreator.java:createPipelines(233)) - Created new pipeline Pipeline[ Id: 3ce83dc4-0289-4320-8403-b3f6ca41b0e7, Nodes: 2fe9f5bb-a002-4881-945d-f328dd53395c(fv-az453-706.hss2zji4abbufegd5wcf2so25h.dx.internal.cloudapp.net/10.1.0.20), ReplicationConfig: RATIS/ONE, State:ALLOCATED, leaderId:, CreationTimestamp2023-10-04T17:31:10.459Z[Etc/UTC]]
2023-10-04 17:31:10,462 [EventQueue-PipelineReportForOneReplicaPipelineSafeModeRule] INFO  safemode.SCMSafeModeManager (SCMSafeModeManager.java:validateSafeModeExitRules(200)) - AtleastOneDatanodeReportedRule rule is successfully validated
2023-10-04 17:31:10,771 [IPC Server handler 2 on default port 15055] INFO  net.NetworkTopologyImpl (NetworkTopologyImpl.java:add(112)) - Added a new node: /default-rack/ce673aed-cb42-4983-a069-5a8880361102
2023-10-04 17:31:10,771 [IPC Server handler 2 on default port 15055] INFO  node.SCMNodeManager (SCMNodeManager.java:register(405)) - Registered Data node : ce673aed-cb42-4983-a069-5a8880361102{ip: 10.1.0.20, host: fv-az453-706.hss2zji4abbufegd5wcf2so25h.dx.internal.cloudapp.net, ports: [HTTP=15071, CLIENT_RPC=15072, REPLICATION=15078, RATIS=15074, RATIS_ADMIN=15075, RATIS_SERVER=15076, RATIS_DATASTREAM=15077, STANDALONE=15073], networkLocation: /default-rack, certSerialId: null, persistedOpState: null, persistedOpStateExpiryEpochSec: 0}
2023-10-04 17:31:10,772 [EventQueue-NewNodeForNewNodeHandler] INFO  pipeline.BackgroundPipelineCreator (BackgroundPipelineCreator.java:notifyEventTriggered(277)) - trigger a one-shot run on RatisPipelineUtilsThread.
2023-10-04 17:31:10,772 [EventQueue-NodeRegistrationContainerReportForDataNodeSafeModeRule] INFO  safemode.SCMSafeModeManager (DataNodeSafeModeRule.java:process(71)) - SCM in safe mode. 2 DataNodes registered, 3 required.
2023-10-04 17:31:10,773 [RatisPipelineUtilsThread - 0] INFO  pipeline.RatisPipelineProvider (RatisPipelineProvider.java:lambda$create$0(206)) - Sending CreatePipelineCommand for pipeline:PipelineID=6dc81fca-5a6d-4df3-9a0a-5c52e27b4309 to datanode:ce673aed-cb42-4983-a069-5a8880361102
2023-10-04 17:31:10,773 [RatisPipelineUtilsThread - 0] INFO  pipeline.BackgroundPipelineCreator (BackgroundPipelineCreator.java:createPipelines(233)) - Created new pipeline Pipeline[ Id: 6dc81fca-5a6d-4df3-9a0a-5c52e27b4309, Nodes: ce673aed-cb42-4983-a069-5a8880361102(fv-az453-706.hss2zji4abbufegd5wcf2so25h.dx.internal.cloudapp.net/10.1.0.20), ReplicationConfig: RATIS/ONE, State:ALLOCATED, leaderId:, CreationTimestamp2023-10-04T17:31:10.773Z[Etc/UTC]]
2023-10-04 17:31:10,860 [main] INFO  ozone.MiniOzoneClusterImpl (MiniOzoneClusterImpl.java:lambda$waitForClusterToBeReady$0(229)) - Waiting for nodes to be ready. Got 2 of 5 DN Heartbeats.
2023-10-04 17:31:10,860 [main] INFO  ozone.MiniOzoneClusterImpl (MiniOzoneClusterImpl.java:lambda$waitForClusterToBeReady$0(232)) - Waiting for cluster to exit safe mode
2023-10-04 17:31:10,860 [main] INFO  ozone.MiniOzoneClusterImpl (MiniOzoneClusterImpl.java:lambda$waitForClusterToBeReady$0(234)) - SCM became leader
2023-10-04 17:31:11,154 [IPC Server handler 0 on default port 15055] INFO  net.NetworkTopologyImpl (NetworkTopologyImpl.java:add(112)) - Added a new node: /default-rack/91ebd182-a33d-46b0-9291-0e8ba30d2124
2023-10-04 17:31:11,154 [IPC Server handler 0 on default port 15055] INFO  node.SCMNodeManager (SCMNodeManager.java:register(405)) - Registered Data node : 91ebd182-a33d-46b0-9291-0e8ba30d2124{ip: 10.1.0.20, host: fv-az453-706.hss2zji4abbufegd5wcf2so25h.dx.internal.cloudapp.net, ports: [HTTP=15080, CLIENT_RPC=15081, REPLICATION=15087, RATIS=15083, RATIS_ADMIN=15084, RATIS_SERVER=15085, RATIS_DATASTREAM=15086, STANDALONE=15082], networkLocation: /default-rack, certSerialId: null, persistedOpState: null, persistedOpStateExpiryEpochSec: 0}
2023-10-04 17:31:11,155 [EventQueue-NewNodeForNewNodeHandler] INFO  pipeline.BackgroundPipelineCreator (BackgroundPipelineCreator.java:notifyEventTriggered(277)) - trigger a one-shot run on RatisPipelineUtilsThread.
2023-10-04 17:31:11,157 [EventQueue-NodeRegistrationContainerReportForDataNodeSafeModeRule] INFO  safemode.SCMSafeModeManager (DataNodeSafeModeRule.java:process(71)) - SCM in safe mode. 3 DataNodes registered, 3 required.
2023-10-04 17:31:11,157 [EventQueue-NodeRegistrationContainerReportForDataNodeSafeModeRule] INFO  safemode.SCMSafeModeManager (SCMSafeModeManager.java:validateSafeModeExitRules(200)) - DataNodeSafeModeRule rule is successfully validated
2023-10-04 17:31:11,157 [EventQueue-NodeRegistrationContainerReportForDataNodeSafeModeRule] INFO  safemode.SCMSafeModeManager (SCMSafeModeManager.java:completePreCheck(229)) - All SCM safe mode pre check rules have passed
2023-10-04 17:31:11,157 [EventQueue-NodeRegistrationContainerReportForDataNodeSafeModeRule] INFO  ha.SCMContext (SCMContext.java:updateSafeModeStatus(228)) - Update SafeModeStatus from SafeModeStatus{safeModeStatus=true, preCheckPassed=false} to SafeModeStatus{safeModeStatus=true, preCheckPassed=true}.
2023-10-04 17:31:11,157 [EventQueue-NodeRegistrationContainerReportForDataNodeSafeModeRule] INFO  pipeline.BackgroundPipelineCreator (BackgroundPipelineCreator.java:notifyEventTriggered(277)) - trigger a one-shot run on RatisPipelineUtilsThread.
2023-10-04 17:31:11,158 [RatisPipelineUtilsThread - 0] INFO  pipeline.RatisPipelineProvider (RatisPipelineProvider.java:lambda$create$0(206)) - Sending CreatePipelineCommand for pipeline:PipelineID=03cd53b8-6835-4b31-a60d-319943758e1f to datanode:91ebd182-a33d-46b0-9291-0e8ba30d2124
2023-10-04 17:31:11,158 [RatisPipelineUtilsThread - 0] INFO  pipeline.BackgroundPipelineCreator (BackgroundPipelineCreator.java:createPipelines(233)) - Created new pipeline Pipeline[ Id: 03cd53b8-6835-4b31-a60d-319943758e1f, Nodes: 91ebd182-a33d-46b0-9291-0e8ba30d2124(fv-az453-706.hss2zji4abbufegd5wcf2so25h.dx.internal.cloudapp.net/10.1.0.20), ReplicationConfig: RATIS/ONE, State:ALLOCATED, leaderId:, CreationTimestamp2023-10-04T17:31:11.158Z[Etc/UTC]]
2023-10-04 17:31:11,159 [RatisPipelineUtilsThread - 0] INFO  pipeline.RatisPipelineProvider (RatisPipelineProvider.java:lambda$create$0(206)) - Sending CreatePipelineCommand for pipeline:PipelineID=0e3a7fbc-1bcb-4312-9b8d-8b0c431b3fe2 to datanode:ce673aed-cb42-4983-a069-5a8880361102
2023-10-04 17:31:11,159 [RatisPipelineUtilsThread - 0] INFO  pipeline.RatisPipelineProvider (RatisPipelineProvider.java:lambda$create$0(206)) - Sending CreatePipelineCommand for pipeline:PipelineID=0e3a7fbc-1bcb-4312-9b8d-8b0c431b3fe2 to datanode:91ebd182-a33d-46b0-9291-0e8ba30d2124
2023-10-04 17:31:11,159 [RatisPipelineUtilsThread - 0] INFO  pipeline.RatisPipelineProvider (RatisPipelineProvider.java:lambda$create$0(206)) - Sending CreatePipelineCommand for pipeline:PipelineID=0e3a7fbc-1bcb-4312-9b8d-8b0c431b3fe2 to datanode:2fe9f5bb-a002-4881-945d-f328dd53395c
2023-10-04 17:31:11,159 [RatisPipelineUtilsThread - 0] INFO  pipeline.BackgroundPipelineCreator (BackgroundPipelineCreator.java:createPipelines(233)) - Created new pipeline Pipeline[ Id: 0e3a7fbc-1bcb-4312-9b8d-8b0c431b3fe2, Nodes: ce673aed-cb42-4983-a069-5a8880361102(fv-az453-706.hss2zji4abbufegd5wcf2so25h.dx.internal.cloudapp.net/10.1.0.20)91ebd182-a33d-46b0-9291-0e8ba30d2124(fv-az453-706.hss2zji4abbufegd5wcf2so25h.dx.internal.cloudapp.net/10.1.0.20)2fe9f5bb-a002-4881-945d-f328dd53395c(fv-az453-706.hss2zji4abbufegd5wcf2so25h.dx.internal.cloudapp.net/10.1.0.20), ReplicationConfig: RATIS/THREE, State:ALLOCATED, leaderId:, CreationTimestamp2023-10-04T17:31:11.159Z[Etc/UTC]]
2023-10-04 17:31:11,160 [RatisPipelineUtilsThread - 0] INFO  pipeline.RatisPipelineProvider (RatisPipelineProvider.java:lambda$create$0(206)) - Sending CreatePipelineCommand for pipeline:PipelineID=23ba04e7-86f0-4112-9674-1a697460f7f0 to datanode:2fe9f5bb-a002-4881-945d-f328dd53395c
2023-10-04 17:31:11,160 [RatisPipelineUtilsThread - 0] INFO  pipeline.RatisPipelineProvider (RatisPipelineProvider.java:lambda$create$0(206)) - Sending CreatePipelineCommand for pipeline:PipelineID=23ba04e7-86f0-4112-9674-1a697460f7f0 to datanode:ce673aed-cb42-4983-a069-5a8880361102
2023-10-04 17:31:11,160 [RatisPipelineUtilsThread - 0] INFO  pipeline.RatisPipelineProvider (RatisPipelineProvider.java:lambda$create$0(206)) - Sending CreatePipelineCommand for pipeline:PipelineID=23ba04e7-86f0-4112-9674-1a697460f7f0 to datanode:91ebd182-a33d-46b0-9291-0e8ba30d2124
2023-10-04 17:31:11,161 [RatisPipelineUtilsThread - 0] INFO  pipeline.PipelineManagerImpl (PipelineManagerImpl.java:recordMetricsForPipeline(895)) - Pipeline: PipelineID=23ba04e7-86f0-4112-9674-1a697460f7f0 contains same datanodes as previous pipelines: PipelineID=0e3a7fbc-1bcb-4312-9b8d-8b0c431b3fe2 nodeIds: 2fe9f5bb-a002-4881-945d-f328dd53395c, ce673aed-cb42-4983-a069-5a8880361102, 91ebd182-a33d-46b0-9291-0e8ba30d2124
2023-10-04 17:31:11,161 [RatisPipelineUtilsThread - 0] INFO  pipeline.BackgroundPipelineCreator (BackgroundPipelineCreator.java:createPipelines(233)) - Created new pipeline Pipeline[ Id: 23ba04e7-86f0-4112-9674-1a697460f7f0, Nodes: 2fe9f5bb-a002-4881-945d-f328dd53395c(fv-az453-706.hss2zji4abbufegd5wcf2so25h.dx.internal.cloudapp.net/10.1.0.20)ce673aed-cb42-4983-a069-5a8880361102(fv-az453-706.hss2zji4abbufegd5wcf2so25h.dx.internal.cloudapp.net/10.1.0.20)91ebd182-a33d-46b0-9291-0e8ba30d2124(fv-az453-706.hss2zji4abbufegd5wcf2so25h.dx.internal.cloudapp.net/10.1.0.20), ReplicationConfig: RATIS/THREE, State:ALLOCATED, leaderId:, CreationTimestamp2023-10-04T17:31:11.160Z[Etc/UTC]]
2023-10-04 17:31:11,558 [IPC Server handler 2 on default port 15055] INFO  net.NetworkTopologyImpl (NetworkTopologyImpl.java:add(112)) - Added a new node: /default-rack/0cce5ae1-4d90-47eb-b549-a29c890f95a0
2023-10-04 17:31:11,559 [IPC Server handler 2 on default port 15055] INFO  node.SCMNodeManager (SCMNodeManager.java:register(405)) - Registered Data node : 0cce5ae1-4d90-47eb-b549-a29c890f95a0{ip: 10.1.0.20, host: fv-az453-706.hss2zji4abbufegd5wcf2so25h.dx.internal.cloudapp.net, ports: [HTTP=15089, CLIENT_RPC=15090, REPLICATION=15096, RATIS=15092, RATIS_ADMIN=15093, RATIS_SERVER=15094, RATIS_DATASTREAM=15095, STANDALONE=15091], networkLocation: /default-rack, certSerialId: null, persistedOpState: null, persistedOpStateExpiryEpochSec: 0}
2023-10-04 17:31:11,559 [EventQueue-NewNodeForNewNodeHandler] INFO  pipeline.BackgroundPipelineCreator (BackgroundPipelineCreator.java:notifyEventTriggered(277)) - trigger a one-shot run on RatisPipelineUtilsThread.
2023-10-04 17:31:11,560 [RatisPipelineUtilsThread - 0] INFO  pipeline.RatisPipelineProvider (RatisPipelineProvider.java:lambda$create$0(206)) - Sending CreatePipelineCommand for pipeline:PipelineID=0be1fec6-3381-4aff-bfab-a5a2b23113c4 to datanode:0cce5ae1-4d90-47eb-b549-a29c890f95a0
2023-10-04 17:31:11,560 [RatisPipelineUtilsThread - 0] INFO  pipeline.BackgroundPipelineCreator (BackgroundPipelineCreator.java:createPipelines(233)) - Created new pipeline Pipeline[ Id: 0be1fec6-3381-4aff-bfab-a5a2b23113c4, Nodes: 0cce5ae1-4d90-47eb-b549-a29c890f95a0(fv-az453-706.hss2zji4abbufegd5wcf2so25h.dx.internal.cloudapp.net/10.1.0.20), ReplicationConfig: RATIS/ONE, State:ALLOCATED, leaderId:, CreationTimestamp2023-10-04T17:31:11.559Z[Etc/UTC]]
2023-10-04 17:31:11,860 [main] INFO  ozone.MiniOzoneClusterImpl (MiniOzoneClusterImpl.java:lambda$waitForClusterToBeReady$0(229)) - Waiting for nodes to be ready. Got 4 of 5 DN Heartbeats.
2023-10-04 17:31:11,860 [main] INFO  ozone.MiniOzoneClusterImpl (MiniOzoneClusterImpl.java:lambda$waitForClusterToBeReady$0(232)) - Waiting for cluster to exit safe mode
2023-10-04 17:31:11,861 [main] INFO  ozone.MiniOzoneClusterImpl (MiniOzoneClusterImpl.java:lambda$waitForClusterToBeReady$0(234)) - SCM became leader
2023-10-04 17:31:11,865 [IPC Server handler 10 on default port 15055] INFO  net.NetworkTopologyImpl (NetworkTopologyImpl.java:add(112)) - Added a new node: /default-rack/1bfab402-230e-4619-8c22-172305de1499
2023-10-04 17:31:11,865 [IPC Server handler 10 on default port 15055] INFO  node.SCMNodeManager (SCMNodeManager.java:register(405)) - Registered Data node : 1bfab402-230e-4619-8c22-172305de1499{ip: 10.1.0.20, host: fv-az453-706.hss2zji4abbufegd5wcf2so25h.dx.internal.cloudapp.net, ports: [HTTP=15098, CLIENT_RPC=15099, REPLICATION=15105, RATIS=15101, RATIS_ADMIN=15102, RATIS_SERVER=15103, RATIS_DATASTREAM=15104, STANDALONE=15100], networkLocation: /default-rack, certSerialId: null, persistedOpState: null, persistedOpStateExpiryEpochSec: 0}
2023-10-04 17:31:11,866 [EventQueue-NewNodeForNewNodeHandler] INFO  pipeline.BackgroundPipelineCreator (BackgroundPipelineCreator.java:notifyEventTriggered(277)) - trigger a one-shot run on RatisPipelineUtilsThread.
2023-10-04 17:31:11,867 [RatisPipelineUtilsThread - 0] INFO  pipeline.RatisPipelineProvider (RatisPipelineProvider.java:lambda$create$0(206)) - Sending CreatePipelineCommand for pipeline:PipelineID=70c20c18-88ba-478d-9101-25925f79baae to datanode:1bfab402-230e-4619-8c22-172305de1499
2023-10-04 17:31:11,868 [RatisPipelineUtilsThread - 0] INFO  pipeline.BackgroundPipelineCreator (BackgroundPipelineCreator.java:createPipelines(233)) - Created new pipeline Pipeline[ Id: 70c20c18-88ba-478d-9101-25925f79baae, Nodes: 1bfab402-230e-4619-8c22-172305de1499(fv-az453-706.hss2zji4abbufegd5wcf2so25h.dx.internal.cloudapp.net/10.1.0.20), ReplicationConfig: RATIS/ONE, State:ALLOCATED, leaderId:, CreationTimestamp2023-10-04T17:31:11.867Z[Etc/UTC]]
2023-10-04 17:31:12,862 [main] INFO  ozone.MiniOzoneClusterImpl (MiniOzoneClusterImpl.java:lambda$waitForClusterToBeReady$0(229)) - Nodes are ready. Got 5 of 5 DN Heartbeats.
2023-10-04 17:31:12,862 [main] INFO  ozone.MiniOzoneClusterImpl (MiniOzoneClusterImpl.java:lambda$waitForClusterToBeReady$0(232)) - Waiting for cluster to exit safe mode
2023-10-04 17:31:12,862 [main] INFO  ozone.MiniOzoneClusterImpl (MiniOzoneClusterImpl.java:lambda$waitForClusterToBeReady$0(234)) - SCM became leader
2023-10-04 17:31:13,448 [PipelineCommandHandlerThread-0] INFO  server.RaftServer (RaftServerProxy.java:addNew(98)) - 2fe9f5bb-a002-4881-945d-f328dd53395c: addNew group-B3F6CA41B0E7:[2fe9f5bb-a002-4881-945d-f328dd53395c|rpc:10.1.0.20:15067|admin:10.1.0.20:15066|client:10.1.0.20:15065|dataStream:10.1.0.20:15068|priority:1|startupRole:FOLLOWER] returns group-B3F6CA41B0E7:java.util.concurrent.CompletableFuture@52d537c0[Not completed]
2023-10-04 17:31:13,450 [2fe9f5bb-a002-4881-945d-f328dd53395c-groupManagement] INFO  server.RaftServer$Division (RaftServerImpl.java:<init>(198)) - 2fe9f5bb-a002-4881-945d-f328dd53395c: new RaftServerImpl for group-B3F6CA41B0E7:[2fe9f5bb-a002-4881-945d-f328dd53395c|rpc:10.1.0.20:15067|admin:10.1.0.20:15066|client:10.1.0.20:15065|dataStream:10.1.0.20:15068|priority:1|startupRole:FOLLOWER] with ContainerStateMachine:uninitialized
2023-10-04 17:31:13,450 [2fe9f5bb-a002-4881-945d-f328dd53395c-groupManagement] INFO  server.RaftServerConfigKeys (ConfUtils.java:logGet(46)) - raft.server.rpc.timeout.min = 5s (custom)
2023-10-04 17:31:13,450 [2fe9f5bb-a002-4881-945d-f328dd53395c-groupManagement] INFO  server.RaftServerConfigKeys (ConfUtils.java:logGet(46)) - raft.server.rpc.timeout.max = 5200ms (custom)
2023-10-04 17:31:13,450 [2fe9f5bb-a002-4881-945d-f328dd53395c-groupManagement] INFO  server.RaftServerConfigKeys (ConfUtils.java:logGet(46)) - raft.server.rpc.sleep.time = 25ms (default)
2023-10-04 17:31:13,450 [2fe9f5bb-a002-4881-945d-f328dd53395c-groupManagement] INFO  server.RaftServerConfigKeys (ConfUtils.java:logGet(46)) - raft.server.rpc.slowness.timeout = 300s (custom)
2023-10-04 17:31:13,450 [2fe9f5bb-a002-4881-945d-f328dd53395c-groupManagement] INFO  server.RaftServerConfigKeys (ConfUtils.java:logGet(46)) - raft.server.leaderelection.leader.step-down.wait-time = 10s (default)
2023-10-04 17:31:13,450 [2fe9f5bb-a002-4881-945d-f328dd53395c-groupManagement] INFO  server.RaftServerConfigKeys (ConfUtils.java:logGet(46)) - raft.server.sleep.deviation.threshold = 300ms (default)
2023-10-04 17:31:13,450 [2fe9f5bb-a002-4881-945d-f328dd53395c-groupManagement] INFO  server.RaftServer$Division (ServerState.java:<init>(120)) - 2fe9f5bb-a002-4881-945d-f328dd53395c@group-B3F6CA41B0E7: ConfigurationManager, init=-1: peers:[2fe9f5bb-a002-4881-945d-f328dd53395c|rpc:10.1.0.20:15067|admin:10.1.0.20:15066|client:10.1.0.20:15065|dataStream:10.1.0.20:15068|priority:1|startupRole:FOLLOWER]|listeners:[], old=null, confs=<EMPTY_MAP>
2023-10-04 17:31:13,450 [2fe9f5bb-a002-4881-945d-f328dd53395c-groupManagement] INFO  server.RaftServerConfigKeys (ConfUtils.java:logGet(46)) - raft.server.storage.dir = [/home/runner/work/ozone/ozone/hadoop-ozone/integration-test/target/test-dir/MiniOzoneClusterImpl-ae862161-af4f-46f0-80d9-78d734e05fe2/datanode-0/data/ratis] (custom)
2023-10-04 17:31:13,451 [2fe9f5bb-a002-4881-945d-f328dd53395c-groupManagement] INFO  server.RaftServerConfigKeys (ConfUtils.java:logGet(46)) - raft.server.log.corruption.policy = EXCEPTION (default)
2023-10-04 17:31:13,451 [2fe9f5bb-a002-4881-945d-f328dd53395c-groupManagement] INFO  server.RaftServerConfigKeys (ConfUtils.java:logGet(46)) - raft.server.storage.free-space.min = 0MB (=0) (default)
2023-10-04 17:31:13,451 [2fe9f5bb-a002-4881-945d-f328dd53395c-groupManagement] INFO  server.RaftServerConfigKeys (ConfUtils.java:logGet(46)) - raft.server.notification.no-leader.timeout = 300s (custom)
2023-10-04 17:31:13,451 [2fe9f5bb-a002-4881-945d-f328dd53395c-groupManagement] INFO  server.RaftServerConfigKeys (ConfUtils.java:logGet(46)) - raft.server.read.timeout = 10s (default)
2023-10-04 17:31:13,451 [2fe9f5bb-a002-4881-945d-f328dd53395c-groupManagement] INFO  server.RaftServerConfigKeys (ConfUtils.java:logGet(46)) - raft.server.retrycache.expirytime = 600000ms (custom)
2023-10-04 17:31:13,451 [2fe9f5bb-a002-4881-945d-f328dd53395c-groupManagement] INFO  server.RaftServerConfigKeys (ConfUtils.java:logGet(46)) - raft.server.retrycache.statistics.expirytime = 100μs (default)
2023-10-04 17:31:13,451 [2fe9f5bb-a002-4881-945d-f328dd53395c-groupManagement] INFO  server.RaftServerConfigKeys (ConfUtils.java:logGet(46)) - raft.server.read.option = DEFAULT (default)
2023-10-04 17:31:13,452 [2fe9f5bb-a002-4881-945d-f328dd53395c-groupManagement] INFO  server.RaftServerConfigKeys (ConfUtils.java:logGet(46)) - raft.server.rpc.request.timeout = 60s (custom)
2023-10-04 17:31:13,452 [2fe9f5bb-a002-4881-945d-f328dd53395c-groupManagement] INFO  server.RaftServerConfigKeys (ConfUtils.java:logGet(46)) - raft.server.log.appender.install.snapshot.enabled = false (custom)
2023-10-04 17:31:13,452 [2fe9f5bb-a002-4881-945d-f328dd53395c-groupManagement] INFO  server.RaftServerConfigKeys (ConfUtils.java:logGet(46)) - raft.server.threadpool.server.cached = true (default)
2023-10-04 17:31:13,452 [2fe9f5bb-a002-4881-945d-f328dd53395c-groupManagement] INFO  server.RaftServerConfigKeys (ConfUtils.java:logGet(46)) - raft.server.threadpool.server.size = 0 (default)
2023-10-04 17:31:13,452 [2fe9f5bb-a002-4881-945d-f328dd53395c-groupManagement] INFO  server.RaftServerConfigKeys (ConfUtils.java:logGet(46)) - raft.server.threadpool.client.cached = true (default)
2023-10-04 17:31:13,452 [2fe9f5bb-a002-4881-945d-f328dd53395c-groupManagement] INFO  server.RaftServerConfigKeys (ConfUtils.java:logGet(46)) - raft.server.threadpool.client.size = 0 (default)
2023-10-04 17:31:13,452 [2fe9f5bb-a002-4881-945d-f328dd53395c-groupManagement] INFO  storage.RaftStorageDirectory (RaftStorageDirectoryImpl.java:analyzeStorage(137)) - The storage directory /home/runner/work/ozone/ozone/hadoop-ozone/integration-test/target/test-dir/MiniOzoneClusterImpl-ae862161-af4f-46f0-80d9-78d734e05fe2/datanode-0/data/ratis/3ce83dc4-0289-4320-8403-b3f6ca41b0e7 does not exist. Creating ...
2023-10-04 17:31:13,454 [2fe9f5bb-a002-4881-945d-f328dd53395c-groupManagement] INFO  storage.RaftStorageDirectory (RaftStorageDirectoryImpl.java:tryLock(231)) - Lock on /home/runner/work/ozone/ozone/hadoop-ozone/integration-test/target/test-dir/MiniOzoneClusterImpl-ae862161-af4f-46f0-80d9-78d734e05fe2/datanode-0/data/ratis/3ce83dc4-0289-4320-8403-b3f6ca41b0e7/in_use.lock acquired by nodename 7524@fv-az453-706
2023-10-04 17:31:13,455 [2fe9f5bb-a002-4881-945d-f328dd53395c-groupManagement] INFO  storage.RaftStorage (RaftStorageImpl.java:format(96)) - Storage directory /home/runner/work/ozone/ozone/hadoop-ozone/integration-test/target/test-dir/MiniOzoneClusterImpl-ae862161-af4f-46f0-80d9-78d734e05fe2/datanode-0/data/ratis/3ce83dc4-0289-4320-8403-b3f6ca41b0e7 has been successfully formatted.
2023-10-04 17:31:13,458 [2fe9f5bb-a002-4881-945d-f328dd53395c-groupManagement] INFO  ratis.ContainerStateMachine (ContainerStateMachine.java:loadSnapshot(262)) - group-B3F6CA41B0E7: The snapshot info is null. Setting the last applied indexto:(t:0, i:~)
2023-10-04 17:31:13,460 [EventQueue-PipelineReportForPipelineReportHandler] INFO  pipeline.PipelineReportHandler (PipelineReportHandler.java:processPipelineReport(136)) - Opened pipeline PipelineID=3ce83dc4-0289-4320-8403-b3f6ca41b0e7
2023-10-04 17:31:13,460 [2fe9f5bb-a002-4881-945d-f328dd53395c-groupManagement] INFO  server.RaftServerConfigKeys (ConfUtils.java:logGet(46)) - raft.server.log.use.memory = false (default)
2023-10-04 17:31:13,463 [2fe9f5bb-a002-4881-945d-f328dd53395c-groupManagement] INFO  server.RaftServerConfigKeys (ConfUtils.java:logGet(46)) - raft.server.log.purge.gap = 1000000 (custom)
2023-10-04 17:31:13,464 [2fe9f5bb-a002-4881-945d-f328dd53395c-groupManagement] INFO  server.RaftServerConfigKeys (ConfUtils.java:logGet(46)) - raft.server.log.appender.buffer.byte-limit = 33554432 (custom)
2023-10-04 17:31:13,464 [2fe9f5bb-a002-4881-945d-f328dd53395c-groupManagement] INFO  server.RaftServerConfigKeys (ConfUtils.java:logGet(46)) - raft.server.log.statemachine.data.read.timeout = 1000ms (default)
2023-10-04 17:31:13,464 [2fe9f5bb-a002-4881-945d-f328dd53395c-groupManagement] INFO  server.RaftServerConfigKeys (ConfUtils.java:logGet(46)) - raft.server.log.purge.preservation.log.num = 0 (default)
2023-10-04 17:31:13,464 [2fe9f5bb-a002-4881-945d-f328dd53395c-groupManagement] INFO  server.RaftServerConfigKeys (ConfUtils.java:logGet(46)) - raft.server.log.segment.size.max = 1048576 (custom)
2023-10-04 17:31:13,464 [2fe9f5bb-a002-4881-945d-f328dd53395c-groupManagement] INFO  server.RaftServerConfigKeys (ConfUtils.java:logGet(46)) - raft.server.log.segment.cache.num.max = 2 (custom)
2023-10-04 17:31:13,464 [2fe9f5bb-a002-4881-945d-f328dd53395c-groupManagement] INFO  server.RaftServerConfigKeys (ConfUtils.java:logGet(46)) - raft.server.log.segment.cache.size.max = 200MB (=209715200) (default)
2023-10-04 17:31:13,464 [2fe9f5bb-a002-4881-945d-f328dd53395c-groupManagement] INFO  server.RaftServerConfigKeys (ConfUtils.java:logGet(46)) - raft.server.log.appender.buffer.byte-limit = 33554432 (custom)
2023-10-04 17:31:13,464 [2fe9f5bb-a002-4881-945d-f328dd53395c-groupManagement] INFO  segmented.SegmentedRaftLogWorker (SegmentedRaftLogWorker.java:<init>(188)) - new 2fe9f5bb-a002-4881-945d-f328dd53395c@group-B3F6CA41B0E7-SegmentedRaftLogWorker for RaftStorageImpl:Storage Directory /home/runner/work/ozone/ozone/hadoop-ozone/integration-test/target/test-dir/MiniOzoneClusterImpl-ae862161-af4f-46f0-80d9-78d734e05fe2/datanode-0/data/ratis/3ce83dc4-0289-4320-8403-b3f6ca41b0e7
2023-10-04 17:31:13,465 [2fe9f5bb-a002-4881-945d-f328dd53395c-groupManagement] INFO  server.RaftServerConfigKeys (ConfUtils.java:logGet(46)) - raft.server.log.queue.byte-limit = 4294967296 (custom)
2023-10-04 17:31:13,465 [2fe9f5bb-a002-4881-945d-f328dd53395c-groupManagement] INFO  server.RaftServerConfigKeys (ConfUtils.java:logGet(46)) - raft.server.log.queue.element-limit = 1024 (custom)
2023-10-04 17:31:13,465 [2fe9f5bb-a002-4881-945d-f328dd53395c-groupManagement] INFO  server.RaftServerConfigKeys (ConfUtils.java:logGet(46)) - raft.server.log.segment.size.max = 1048576 (custom)
2023-10-04 17:31:13,465 [2fe9f5bb-a002-4881-945d-f328dd53395c-groupManagement] INFO  server.RaftServerConfigKeys (ConfUtils.java:logGet(46)) - raft.server.log.preallocated.size = 16384 (custom)
2023-10-04 17:31:13,465 [2fe9f5bb-a002-4881-945d-f328dd53395c-groupManagement] INFO  server.RaftServerConfigKeys (ConfUtils.java:logGet(46)) - raft.server.log.force.sync.num = 128 (default)
2023-10-04 17:31:13,465 [2fe9f5bb-a002-4881-945d-f328dd53395c-groupManagement] INFO  server.RaftServerConfigKeys (ConfUtils.java:logGet(46)) - raft.server.log.statemachine.data.sync = true (default)
2023-10-04 17:31:13,466 [2fe9f5bb-a002-4881-945d-f328dd53395c-groupManagement] INFO  server.RaftServerConfigKeys (ConfUtils.java:logGet(46)) - raft.server.log.statemachine.data.sync.timeout = 10s (default)
2023-10-04 17:31:13,466 [2fe9f5bb-a002-4881-945d-f328dd53395c-groupManagement] INFO  server.RaftServerConfigKeys (ConfUtils.java:logGet(46)) - raft.server.log.statemachine.data.sync.timeout.retry = -1 (default)
2023-10-04 17:31:13,466 [2fe9f5bb-a002-4881-945d-f328dd53395c-groupManagement] INFO  server.RaftServerConfigKeys (ConfUtils.java:logGet(46)) - raft.server.log.write.buffer.size = 1048576 (custom)
2023-10-04 17:31:13,466 [2fe9f5bb-a002-4881-945d-f328dd53395c-groupManagement] INFO  server.RaftServerConfigKeys (ConfUtils.java:logGet(46)) - raft.server.log.appender.buffer.byte-limit = 33554432 (custom)
2023-10-04 17:31:13,468 [EventQueue-OpenPipelineForHealthyPipelineSafeModeRule] INFO  safemode.SCMSafeModeManager (HealthyPipelineSafeModeRule.java:process(137)) - SCM in safe mode. Healthy pipelines reported count is 0, required healthy pipeline reported count is 1
2023-10-04 17:31:13,472 [2fe9f5bb-a002-4881-945d-f328dd53395c-groupManagement] INFO  server.RaftServerConfigKeys (ConfUtils.java:logGet(46)) - raft.server.log.unsafe-flush.enabled = false (default)
2023-10-04 17:31:13,472 [2fe9f5bb-a002-4881-945d-f328dd53395c-groupManagement] INFO  server.RaftServerConfigKeys (ConfUtils.java:logGet(46)) - raft.server.log.async-flush.enabled = false (default)
2023-10-04 17:31:13,472 [2fe9f5bb-a002-4881-945d-f328dd53395c-groupManagement] INFO  server.RaftServerConfigKeys (ConfUtils.java:logGet(46)) - raft.server.log.statemachine.data.caching.enabled = true (custom)
2023-10-04 17:31:13,472 [2fe9f5bb-a002-4881-945d-f328dd53395c-groupManagement] INFO  segmented.SegmentedRaftLogWorker (SegmentedRaftLogWorker.java:lambda$new$0(135)) - 2fe9f5bb-a002-4881-945d-f328dd53395c@group-B3F6CA41B0E7-SegmentedRaftLogWorker: flushIndex: setUnconditionally 0 -> -1
2023-10-04 17:31:13,472 [2fe9f5bb-a002-4881-945d-f328dd53395c-groupManagement] INFO  segmented.SegmentedRaftLogWorker (SegmentedRaftLogWorker.java:lambda$new$0(135)) - 2fe9f5bb-a002-4881-945d-f328dd53395c@group-B3F6CA41B0E7-SegmentedRaftLogWorker: safeCacheEvictIndex: setUnconditionally 0 -> -1
2023-10-04 17:31:13,473 [2fe9f5bb-a002-4881-945d-f328dd53395c-groupManagement] INFO  server.RaftServer$Division (RaftServerImpl.java:start(342)) - 2fe9f5bb-a002-4881-945d-f328dd53395c@group-B3F6CA41B0E7: start as a follower, conf=-1: peers:[2fe9f5bb-a002-4881-945d-f328dd53395c|rpc:10.1.0.20:15067|admin:10.1.0.20:15066|client:10.1.0.20:15065|dataStream:10.1.0.20:15068|priority:1|startupRole:FOLLOWER]|listeners:[], old=null
2023-10-04 17:31:13,473 [2fe9f5bb-a002-4881-945d-f328dd53395c-groupManagement] INFO  server.RaftServer$Division (RaftServerImpl.java:setRole(329)) - 2fe9f5bb-a002-4881-945d-f328dd53395c@group-B3F6CA41B0E7: changes role from      null to FOLLOWER at term 0 for startAsFollower
2023-10-04 17:31:13,473 [2fe9f5bb-a002-4881-945d-f328dd53395c-groupManagement] INFO  impl.RoleInfo (RoleInfo.java:updateAndGet(139)) - 2fe9f5bb-a002-4881-945d-f328dd53395c: start 2fe9f5bb-a002-4881-945d-f328dd53395c@group-B3F6CA41B0E7-FollowerState
2023-10-04 17:31:13,476 [2fe9f5bb-a002-4881-945d-f328dd53395c-groupManagement] INFO  util.JmxRegister (JmxRegister.java:tryRegister(44)) - Successfully registered JMX Bean with object name Ratis:service=RaftServer,group=group-B3F6CA41B0E7,id=2fe9f5bb-a002-4881-945d-f328dd53395c
2023-10-04 17:31:13,476 [2fe9f5bb-a002-4881-945d-f328dd53395c-groupManagement] INFO  server.RaftServerConfigKeys (ConfUtils.java:logGet(46)) - raft.server.snapshot.auto.trigger.enabled = true (custom)
2023-10-04 17:31:13,476 [2fe9f5bb-a002-4881-945d-f328dd53395c-groupManagement] INFO  server.RaftServerConfigKeys (ConfUtils.java:logGet(46)) - raft.server.snapshot.auto.trigger.threshold = 10000 (custom)
2023-10-04 17:31:13,476 [2fe9f5bb-a002-4881-945d-f328dd53395c-groupManagement] INFO  server.RaftServerConfigKeys (ConfUtils.java:logGet(46)) - raft.server.snapshot.retention.file.num = 5 (custom)
2023-10-04 17:31:13,476 [2fe9f5bb-a002-4881-945d-f328dd53395c-groupManagement] INFO  server.RaftServerConfigKeys (ConfUtils.java:logGet(46)) - raft.server.log.purge.upto.snapshot.index = false (default)
2023-10-04 17:31:13,477 [2fe9f5bb-a002-4881-945d-f328dd53395c@group-B3F6CA41B0E7-FollowerState] INFO  server.RaftServerConfigKeys (ConfUtils.java:logFallback(53)) - raft.server.rpc.first-election.timeout.min = 5s (fallback to raft.server.rpc.timeout.min)
2023-10-04 17:31:13,477 [2fe9f5bb-a002-4881-945d-f328dd53395c@group-B3F6CA41B0E7-FollowerState] INFO  server.RaftServerConfigKeys (ConfUtils.java:logFallback(53)) - raft.server.rpc.first-election.timeout.max = 5200ms (fallback to raft.server.rpc.timeout.max)
2023-10-04 17:31:13,478 [PipelineCommandHandlerThread-0] INFO  ratis.XceiverServerRatis (XceiverServerRatis.java:addGroup(804)) - Created group PipelineID=3ce83dc4-0289-4320-8403-b3f6ca41b0e7
2023-10-04 17:31:13,479 [PipelineCommandHandlerThread-0] INFO  commandhandler.CreatePipelineCommandHandler (CreatePipelineCommandHandler.java:lambda$handle$2(124)) - Created Pipeline RATIS ONE PipelineID=3ce83dc4-0289-4320-8403-b3f6ca41b0e7.
2023-10-04 17:31:13,479 [PipelineCommandHandlerThread-0] INFO  server.RaftServer (RaftServerProxy.java:addNew(98)) - 2fe9f5bb-a002-4881-945d-f328dd53395c: addNew group-8B0C431B3FE2:[ce673aed-cb42-4983-a069-5a8880361102|rpc:10.1.0.20:15076|admin:10.1.0.20:15075|client:10.1.0.20:15074|dataStream:10.1.0.20:15077|priority:0|startupRole:FOLLOWER, 91ebd182-a33d-46b0-9291-0e8ba30d2124|rpc:10.1.0.20:15085|admin:10.1.0.20:15084|client:10.1.0.20:15083|dataStream:10.1.0.20:15086|priority:1|startupRole:FOLLOWER, 2fe9f5bb-a002-4881-945d-f328dd53395c|rpc:10.1.0.20:15067|admin:10.1.0.20:15066|client:10.1.0.20:15065|dataStream:10.1.0.20:15068|priority:0|startupRole:FOLLOWER] returns group-8B0C431B3FE2:java.util.concurrent.CompletableFuture@56eab942[Not completed]
2023-10-04 17:31:13,480 [2fe9f5bb-a002-4881-945d-f328dd53395c-groupManagement] INFO  server.RaftServer$Division (RaftServerImpl.java:<init>(198)) - 2fe9f5bb-a002-4881-945d-f328dd53395c: new RaftServerImpl for group-8B0C431B3FE2:[ce673aed-cb42-4983-a069-5a8880361102|rpc:10.1.0.20:15076|admin:10.1.0.20:15075|client:10.1.0.20:15074|dataStream:10.1.0.20:15077|priority:0|startupRole:FOLLOWER, 91ebd182-a33d-46b0-9291-0e8ba30d2124|rpc:10.1.0.20:15085|admin:10.1.0.20:15084|client:10.1.0.20:15083|dataStream:10.1.0.20:15086|priority:1|startupRole:FOLLOWER, 2fe9f5bb-a002-4881-945d-f328dd53395c|rpc:10.1.0.20:15067|admin:10.1.0.20:15066|client:10.1.0.20:15065|dataStream:10.1.0.20:15068|priority:0|startupRole:FOLLOWER] with ContainerStateMachine:uninitialized
2023-10-04 17:31:13,480 [2fe9f5bb-a002-4881-945d-f328dd53395c-groupManagement] INFO  server.RaftServerConfigKeys (ConfUtils.java:logGet(46)) - raft.server.rpc.timeout.min = 5s (custom)
2023-10-04 17:31:13,481 [2fe9f5bb-a002-4881-945d-f328dd53395c-groupManagement] INFO  server.RaftServerConfigKeys (ConfUtils.java:logGet(46)) - raft.server.rpc.timeout.max = 5200ms (custom)
2023-10-04 17:31:13,481 [2fe9f5bb-a002-4881-945d-f328dd53395c-groupManagement] INFO  server.RaftServerConfigKeys (ConfUtils.java:logGet(46)) - raft.server.rpc.sleep.time = 25ms (default)
2023-10-04 17:31:13,481 [2fe9f5bb-a002-4881-945d-f328dd53395c-groupManagement] INFO  server.RaftServerConfigKeys (ConfUtils.java:logGet(46)) - raft.server.rpc.slowness.timeout = 300s (custom)
2023-10-04 17:31:13,481 [2fe9f5bb-a002-4881-945d-f328dd53395c-groupManagement] INFO  server.RaftServerConfigKeys (ConfUtils.java:logGet(46)) - raft.server.leaderelection.leader.step-down.wait-time = 10s (default)
2023-10-04 17:31:13,481 [2fe9f5bb-a002-4881-945d-f328dd53395c-groupManagement] INFO  server.RaftServerConfigKeys (ConfUtils.java:logGet(46)) - raft.server.sleep.deviation.threshold = 300ms (default)
2023-10-04 17:31:13,482 [2fe9f5bb-a002-4881-945d-f328dd53395c-groupManagement] INFO  server.RaftServer$Division (ServerState.java:<init>(120)) - 2fe9f5bb-a002-4881-945d-f328dd53395c@group-8B0C431B3FE2: ConfigurationManager, init=-1: peers:[ce673aed-cb42-4983-a069-5a8880361102|rpc:10.1.0.20:15076|admin:10.1.0.20:15075|client:10.1.0.20:15074|dataStream:10.1.0.20:15077|priority:0|startupRole:FOLLOWER, 91ebd182-a33d-46b0-9291-0e8ba30d2124|rpc:10.1.0.20:15085|admin:10.1.0.20:15084|client:10.1.0.20:15083|dataStream:10.1.0.20:15086|priority:1|startupRole:FOLLOWER, 2fe9f5bb-a002-4881-945d-f328dd53395c|rpc:10.1.0.20:15067|admin:10.1.0.20:15066|client:10.1.0.20:15065|dataStream:10.1.0.20:15068|priority:0|startupRole:FOLLOWER]|listeners:[], old=null, confs=<EMPTY_MAP>
2023-10-04 17:31:13,482 [2fe9f5bb-a002-4881-945d-f328dd53395c-groupManagement] INFO  server.RaftServerConfigKeys (ConfUtils.java:logGet(46)) - raft.server.storage.dir = [/home/runner/work/ozone/ozone/hadoop-ozone/integration-test/target/test-dir/MiniOzoneClusterImpl-ae862161-af4f-46f0-80d9-78d734e05fe2/datanode-0/data/ratis] (custom)
2023-10-04 17:31:13,482 [2fe9f5bb-a002-4881-945d-f328dd53395c-groupManagement] INFO  server.RaftServerConfigKeys (ConfUtils.java:logGet(46)) - raft.server.log.corruption.policy = EXCEPTION (default)
2023-10-04 17:31:13,483 [2fe9f5bb-a002-4881-945d-f328dd53395c-groupManagement] INFO  server.RaftServerConfigKeys (ConfUtils.java:logGet(46)) - raft.server.storage.free-space.min = 0MB (=0) (default)
2023-10-04 17:31:13,483 [2fe9f5bb-a002-4881-945d-f328dd53395c-groupManagement] INFO  server.RaftServerConfigKeys (ConfUtils.java:logGet(46)) - raft.server.notification.no-leader.timeout = 300s (custom)
2023-10-04 17:31:13,483 [2fe9f5bb-a002-4881-945d-f328dd53395c-groupManagement] INFO  server.RaftServerConfigKeys (ConfUtils.java:logGet(46)) - raft.server.read.timeout = 10s (default)
2023-10-04 17:31:13,483 [2fe9f5bb-a002-4881-945d-f328dd53395c-groupManagement] INFO  server.RaftServerConfigKeys (ConfUtils.java:logGet(46)) - raft.server.retrycache.expirytime = 600000ms (custom)
2023-10-04 17:31:13,483 [2fe9f5bb-a002-4881-945d-f328dd53395c-groupManagement] INFO  server.RaftServerConfigKeys (ConfUtils.java:logGet(46)) - raft.server.retrycache.statistics.expirytime = 100μs (default)
2023-10-04 17:31:13,483 [2fe9f5bb-a002-4881-945d-f328dd53395c-groupManagement] INFO  server.RaftServerConfigKeys (ConfUtils.java:logGet(46)) - raft.server.read.option = DEFAULT (default)
2023-10-04 17:31:13,484 [2fe9f5bb-a002-4881-945d-f328dd53395c-groupManagement] INFO  server.RaftServerConfigKeys (ConfUtils.java:logGet(46)) - raft.server.rpc.request.timeout = 60s (custom)
2023-10-04 17:31:13,484 [2fe9f5bb-a002-4881-945d-f328dd53395c-groupManagement] INFO  server.RaftServerConfigKeys (ConfUtils.java:logGet(46)) - raft.server.log.appender.install.snapshot.enabled = false (custom)
2023-10-04 17:31:13,484 [2fe9f5bb-a002-4881-945d-f328dd53395c-groupManagement] INFO  server.RaftServerConfigKeys (ConfUtils.java:logGet(46)) - raft.server.threadpool.server.cached = true (default)
2023-10-04 17:31:13,484 [2fe9f5bb-a002-4881-945d-f328dd53395c-groupManagement] INFO  server.RaftServerConfigKeys (ConfUtils.java:logGet(46)) - raft.server.threadpool.server.size = 0 (default)
2023-10-04 17:31:13,484 [2fe9f5bb-a002-4881-945d-f328dd53395c-groupManagement] INFO  server.RaftServerConfigKeys (ConfUtils.java:logGet(46)) - raft.server.threadpool.client.cached = true (default)
2023-10-04 17:31:13,484 [2fe9f5bb-a002-4881-945d-f328dd53395c-groupManagement] INFO  server.RaftServerConfigKeys (ConfUtils.java:logGet(46)) - raft.server.threadpool.client.size = 0 (default)
2023-10-04 17:31:13,485 [2fe9f5bb-a002-4881-945d-f328dd53395c-groupManagement] INFO  storage.RaftStorageDirectory (RaftStorageDirectoryImpl.java:analyzeStorage(137)) - The storage directory /home/runner/work/ozone/ozone/hadoop-ozone/integration-test/target/test-dir/MiniOzoneClusterImpl-ae862161-af4f-46f0-80d9-78d734e05fe2/datanode-0/data/ratis/0e3a7fbc-1bcb-4312-9b8d-8b0c431b3fe2 does not exist. Creating ...
2023-10-04 17:31:13,487 [2fe9f5bb-a002-4881-945d-f328dd53395c-groupManagement] INFO  storage.RaftStorageDirectory (RaftStorageDirectoryImpl.java:tryLock(231)) - Lock on /home/runner/work/ozone/ozone/hadoop-ozone/integration-test/target/test-dir/MiniOzoneClusterImpl-ae862161-af4f-46f0-80d9-78d734e05fe2/datanode-0/data/ratis/0e3a7fbc-1bcb-4312-9b8d-8b0c431b3fe2/in_use.lock acquired by nodename 7524@fv-az453-706
2023-10-04 17:31:13,488 [2fe9f5bb-a002-4881-945d-f328dd53395c-groupManagement] INFO  storage.RaftStorage (RaftStorageImpl.java:format(96)) - Storage directory /home/runner/work/ozone/ozone/hadoop-ozone/integration-test/target/test-dir/MiniOzoneClusterImpl-ae862161-af4f-46f0-80d9-78d734e05fe2/datanode-0/data/ratis/0e3a7fbc-1bcb-4312-9b8d-8b0c431b3fe2 has been successfully formatted.
2023-10-04 17:31:13,488 [2fe9f5bb-a002-4881-945d-f328dd53395c-groupManagement] INFO  ratis.ContainerStateMachine (ContainerStateMachine.java:loadSnapshot(262)) - group-8B0C431B3FE2: The snapshot info is null. Setting the last applied indexto:(t:0, i:~)
2023-10-04 17:31:13,488 [2fe9f5bb-a002-4881-945d-f328dd53395c-groupManagement] INFO  server.RaftServerConfigKeys (ConfUtils.java:logGet(46)) - raft.server.log.use.memory = false (default)
2023-10-04 17:31:13,489 [EventQueue-OpenPipelineForHealthyPipelineSafeModeRule] INFO  safemode.SCMSafeModeManager (HealthyPipelineSafeModeRule.java:process(137)) - SCM in safe mode. Healthy pipelines reported count is 0, required healthy pipeline reported count is 1
2023-10-04 17:31:13,489 [2fe9f5bb-a002-4881-945d-f328dd53395c-groupManagement] INFO  server.RaftServerConfigKeys (ConfUtils.java:logGet(46)) - raft.server.log.purge.gap = 1000000 (custom)
2023-10-04 17:31:13,490 [2fe9f5bb-a002-4881-945d-f328dd53395c-groupManagement] INFO  server.RaftServerConfigKeys (ConfUtils.java:logGet(46)) - raft.server.log.appender.buffer.byte-limit = 33554432 (custom)
2023-10-04 17:31:13,490 [2fe9f5bb-a002-4881-945d-f328dd53395c-groupManagement] INFO  server.RaftServerConfigKeys (ConfUtils.java:logGet(46)) - raft.server.log.statemachine.data.read.timeout = 1000ms (default)
2023-10-04 17:31:13,490 [2fe9f5bb-a002-4881-945d-f328dd53395c-groupManagement] INFO  server.RaftServerConfigKeys (ConfUtils.java:logGet(46)) - raft.server.log.purge.preservation.log.num = 0 (default)
2023-10-04 17:31:13,490 [2fe9f5bb-a002-4881-945d-f328dd53395c-groupManagement] INFO  server.RaftServerConfigKeys (ConfUtils.java:logGet(46)) - raft.server.log.segment.size.max = 1048576 (custom)
2023-10-04 17:31:13,490 [2fe9f5bb-a002-4881-945d-f328dd53395c-groupManagement] INFO  server.RaftServerConfigKeys (ConfUtils.java:logGet(46)) - raft.server.log.segment.cache.num.max = 2 (custom)
2023-10-04 17:31:13,490 [2fe9f5bb-a002-4881-945d-f328dd53395c-groupManagement] INFO  server.RaftServerConfigKeys (ConfUtils.java:logGet(46)) - raft.server.log.segment.cache.size.max = 200MB (=209715200) (default)
2023-10-04 17:31:13,490 [2fe9f5bb-a002-4881-945d-f328dd53395c-groupManagement] INFO  server.RaftServerConfigKeys (ConfUtils.java:logGet(46)) - raft.server.log.appender.buffer.byte-limit = 33554432 (custom)
2023-10-04 17:31:13,490 [2fe9f5bb-a002-4881-945d-f328dd53395c-groupManagement] INFO  segmented.SegmentedRaftLogWorker (SegmentedRaftLogWorker.java:<init>(188)) - new 2fe9f5bb-a002-4881-945d-f328dd53395c@group-8B0C431B3FE2-SegmentedRaftLogWorker for RaftStorageImpl:Storage Directory /home/runner/work/ozone/ozone/hadoop-ozone/integration-test/target/test-dir/MiniOzoneClusterImpl-ae862161-af4f-46f0-80d9-78d734e05fe2/datanode-0/data/ratis/0e3a7fbc-1bcb-4312-9b8d-8b0c431b3fe2
2023-10-04 17:31:13,490 [2fe9f5bb-a002-4881-945d-f328dd53395c-groupManagement] INFO  server.RaftServerConfigKeys (ConfUtils.java:logGet(46)) - raft.server.log.queue.byte-limit = 4294967296 (custom)
2023-10-04 17:31:13,490 [2fe9f5bb-a002-4881-945d-f328dd53395c-groupManagement] INFO  server.RaftServerConfigKeys (ConfUtils.java:logGet(46)) - raft.server.log.queue.element-limit = 1024 (custom)
2023-10-04 17:31:13,490 [2fe9f5bb-a002-4881-945d-f328dd53395c-groupManagement] INFO  server.RaftServerConfigKeys (ConfUtils.java:logGet(46)) - raft.server.log.segment.size.max = 1048576 (custom)
2023-10-04 17:31:13,491 [2fe9f5bb-a002-4881-945d-f328dd53395c-groupManagement] INFO  server.RaftServerConfigKeys (ConfUtils.java:logGet(46)) - raft.server.log.preallocated.size = 16384 (custom)
2023-10-04 17:31:13,491 [2fe9f5bb-a002-4881-945d-f328dd53395c-groupManagement] INFO  server.RaftServerConfigKeys (ConfUtils.java:logGet(46)) - raft.server.log.force.sync.num = 128 (default)
2023-10-04 17:31:13,491 [2fe9f5bb-a002-4881-945d-f328dd53395c-groupManagement] INFO  server.RaftServerConfigKeys (ConfUtils.java:logGet(46)) - raft.server.log.statemachine.data.sync = true (default)
2023-10-04 17:31:13,491 [2fe9f5bb-a002-4881-945d-f328dd53395c-groupManagement] INFO  server.RaftServerConfigKeys (ConfUtils.java:logGet(46)) - raft.server.log.statemachine.data.sync.timeout = 10s (default)
2023-10-04 17:31:13,491 [2fe9f5bb-a002-4881-945d-f328dd53395c-groupManagement] INFO  server.RaftServerConfigKeys (ConfUtils.java:logGet(46)) - raft.server.log.statemachine.data.sync.timeout.retry = -1 (default)
2023-10-04 17:31:13,492 [2fe9f5bb-a002-4881-945d-f328dd53395c-groupManagement] INFO  server.RaftServerConfigKeys (ConfUtils.java:logGet(46)) - raft.server.log.write.buffer.size = 1048576 (custom)
2023-10-04 17:31:13,492 [2fe9f5bb-a002-4881-945d-f328dd53395c-groupManagement] INFO  server.RaftServerConfigKeys (ConfUtils.java:logGet(46)) - raft.server.log.appender.buffer.byte-limit = 33554432 (custom)
2023-10-04 17:31:13,497 [2fe9f5bb-a002-4881-945d-f328dd53395c-groupManagement] INFO  server.RaftServerConfigKeys (ConfUtils.java:logGet(46)) - raft.server.log.unsafe-flush.enabled = false (default)
2023-10-04 17:31:13,498 [2fe9f5bb-a002-4881-945d-f328dd53395c-groupManagement] INFO  server.RaftServerConfigKeys (ConfUtils.java:logGet(46)) - raft.server.log.async-flush.enabled = false (default)
2023-10-04 17:31:13,498 [2fe9f5bb-a002-4881-945d-f328dd53395c-groupManagement] INFO  server.RaftServerConfigKeys (ConfUtils.java:logGet(46)) - raft.server.log.statemachine.data.caching.enabled = true (custom)
2023-10-04 17:31:13,498 [2fe9f5bb-a002-4881-945d-f328dd53395c-groupManagement] INFO  segmented.SegmentedRaftLogWorker (SegmentedRaftLogWorker.java:lambda$new$0(135)) - 2fe9f5bb-a002-4881-945d-f328dd53395c@group-8B0C431B3FE2-SegmentedRaftLogWorker: flushIndex: setUnconditionally 0 -> -1
2023-10-04 17:31:13,498 [2fe9f5bb-a002-4881-945d-f328dd53395c-groupManagement] INFO  segmented.SegmentedRaftLogWorker (SegmentedRaftLogWorker.java:lambda$new$0(135)) - 2fe9f5bb-a002-4881-945d-f328dd53395c@group-8B0C431B3FE2-SegmentedRaftLogWorker: safeCacheEvictIndex: setUnconditionally 0 -> -1
2023-10-04 17:31:13,498 [2fe9f5bb-a002-4881-945d-f328dd53395c-groupManagement] INFO  server.RaftServer$Division (RaftServerImpl.java:start(342)) - 2fe9f5bb-a002-4881-945d-f328dd53395c@group-8B0C431B3FE2: start as a follower, conf=-1: peers:[ce673aed-cb42-4983-a069-5a8880361102|rpc:10.1.0.20:15076|admin:10.1.0.20:15075|client:10.1.0.20:15074|dataStream:10.1.0.20:15077|priority:0|startupRole:FOLLOWER, 91ebd182-a33d-46b0-9291-0e8ba30d2124|rpc:10.1.0.20:15085|admin:10.1.0.20:15084|client:10.1.0.20:15083|dataStream:10.1.0.20:15086|priority:1|startupRole:FOLLOWER, 2fe9f5bb-a002-4881-945d-f328dd53395c|rpc:10.1.0.20:15067|admin:10.1.0.20:15066|client:10.1.0.20:15065|dataStream:10.1.0.20:15068|priority:0|startupRole:FOLLOWER]|listeners:[], old=null
2023-10-04 17:31:13,498 [2fe9f5bb-a002-4881-945d-f328dd53395c-groupManagement] INFO  server.RaftServer$Division (RaftServerImpl.java:setRole(329)) - 2fe9f5bb-a002-4881-945d-f328dd53395c@group-8B0C431B3FE2: changes role from      null to FOLLOWER at term 0 for startAsFollower
2023-10-04 17:31:13,498 [2fe9f5bb-a002-4881-945d-f328dd53395c-groupManagement] INFO  impl.RoleInfo (RoleInfo.java:updateAndGet(139)) - 2fe9f5bb-a002-4881-945d-f328dd53395c: start 2fe9f5bb-a002-4881-945d-f328dd53395c@group-8B0C431B3FE2-FollowerState
2023-10-04 17:31:13,502 [2fe9f5bb-a002-4881-945d-f328dd53395c-groupManagement] INFO  util.JmxRegister (JmxRegister.java:tryRegister(44)) - Successfully registered JMX Bean with object name Ratis:service=RaftServer,group=group-8B0C431B3FE2,id=2fe9f5bb-a002-4881-945d-f328dd53395c
2023-10-04 17:31:13,502 [2fe9f5bb-a002-4881-945d-f328dd53395c-groupManagement] INFO  server.RaftServerConfigKeys (ConfUtils.java:logGet(46)) - raft.server.snapshot.auto.trigger.enabled = true (custom)
2023-10-04 17:31:13,502 [2fe9f5bb-a002-4881-945d-f328dd53395c-groupManagement] INFO  server.RaftServerConfigKeys (ConfUtils.java:logGet(46)) - raft.server.snapshot.auto.trigger.threshold = 10000 (custom)
2023-10-04 17:31:13,502 [2fe9f5bb-a002-4881-945d-f328dd53395c-groupManagement] INFO  server.RaftServerConfigKeys (ConfUtils.java:logGet(46)) - raft.server.snapshot.retention.file.num = 5 (custom)
2023-10-04 17:31:13,502 [2fe9f5bb-a002-4881-945d-f328dd53395c-groupManagement] INFO  server.RaftServerConfigKeys (ConfUtils.java:logGet(46)) - raft.server.log.purge.upto.snapshot.index = false (default)
2023-10-04 17:31:13,503 [2fe9f5bb-a002-4881-945d-f328dd53395c@group-8B0C431B3FE2-FollowerState] INFO  server.RaftServerConfigKeys (ConfUtils.java:logFallback(53)) - raft.server.rpc.first-election.timeout.min = 5s (fallback to raft.server.rpc.timeout.min)
2023-10-04 17:31:13,503 [2fe9f5bb-a002-4881-945d-f328dd53395c@group-8B0C431B3FE2-FollowerState] INFO  server.RaftServerConfigKeys (ConfUtils.java:logFallback(53)) - raft.server.rpc.first-election.timeout.max = 5200ms (fallback to raft.server.rpc.timeout.max)
2023-10-04 17:31:13,507 [PipelineCommandHandlerThread-0] INFO  ratis.XceiverServerRatis (XceiverServerRatis.java:addGroup(804)) - Created group PipelineID=0e3a7fbc-1bcb-4312-9b8d-8b0c431b3fe2
2023-10-04 17:31:13,528 [grpc-default-executor-0] INFO  server.RaftServer (RaftServerProxy.java:addNew(98)) - ce673aed-cb42-4983-a069-5a8880361102: addNew group-8B0C431B3FE2:[ce673aed-cb42-4983-a069-5a8880361102|rpc:10.1.0.20:15076|admin:10.1.0.20:15075|client:10.1.0.20:15074|dataStream:10.1.0.20:15077|priority:0|startupRole:FOLLOWER, 91ebd182-a33d-46b0-9291-0e8ba30d2124|rpc:10.1.0.20:15085|admin:10.1.0.20:15084|client:10.1.0.20:15083|dataStream:10.1.0.20:15086|priority:1|startupRole:FOLLOWER, 2fe9f5bb-a002-4881-945d-f328dd53395c|rpc:10.1.0.20:15067|admin:10.1.0.20:15066|client:10.1.0.20:15065|dataStream:10.1.0.20:15068|priority:0|startupRole:FOLLOWER] returns group-8B0C431B3FE2:java.util.concurrent.CompletableFuture@20974ef5[Not completed]
2023-10-04 17:31:13,534 [ce673aed-cb42-4983-a069-5a8880361102-groupManagement] INFO  server.RaftServer$Division (RaftServerImpl.java:<init>(198)) - ce673aed-cb42-4983-a069-5a8880361102: new RaftServerImpl for group-8B0C431B3FE2:[ce673aed-cb42-4983-a069-5a8880361102|rpc:10.1.0.20:15076|admin:10.1.0.20:15075|client:10.1.0.20:15074|dataStream:10.1.0.20:15077|priority:0|startupRole:FOLLOWER, 91ebd182-a33d-46b0-9291-0e8ba30d2124|rpc:10.1.0.20:15085|admin:10.1.0.20:15084|client:10.1.0.20:15083|dataStream:10.1.0.20:15086|priority:1|startupRole:FOLLOWER, 2fe9f5bb-a002-4881-945d-f328dd53395c|rpc:10.1.0.20:15067|admin:10.1.0.20:15066|client:10.1.0.20:15065|dataStream:10.1.0.20:15068|priority:0|startupRole:FOLLOWER] with ContainerStateMachine:uninitialized
2023-10-04 17:31:13,534 [ce673aed-cb42-4983-a069-5a8880361102-groupManagement] INFO  server.RaftServerConfigKeys (ConfUtils.java:logGet(46)) - raft.server.rpc.timeout.min = 5s (custom)
2023-10-04 17:31:13,534 [ce673aed-cb42-4983-a069-5a8880361102-groupManagement] INFO  server.RaftServerConfigKeys (ConfUtils.java:logGet(46)) - raft.server.rpc.timeout.max = 5200ms (custom)
2023-10-04 17:31:13,534 [ce673aed-cb42-4983-a069-5a8880361102-groupManagement] INFO  server.RaftServerConfigKeys (ConfUtils.java:logGet(46)) - raft.server.rpc.sleep.time = 25ms (default)
2023-10-04 17:31:13,534 [ce673aed-cb42-4983-a069-5a8880361102-groupManagement] INFO  server.RaftServerConfigKeys (ConfUtils.java:logGet(46)) - raft.server.rpc.slowness.timeout = 300s (custom)
2023-10-04 17:31:13,534 [ce673aed-cb42-4983-a069-5a8880361102-groupManagement] INFO  server.RaftServerConfigKeys (ConfUtils.java:logGet(46)) - raft.server.leaderelection.leader.step-down.wait-time = 10s (default)
2023-10-04 17:31:13,534 [ce673aed-cb42-4983-a069-5a8880361102-groupManagement] INFO  server.RaftServerConfigKeys (ConfUtils.java:logGet(46)) - raft.server.sleep.deviation.threshold = 300ms (default)
2023-10-04 17:31:13,534 [ce673aed-cb42-4983-a069-5a8880361102-groupManagement] INFO  server.RaftServer$Division (ServerState.java:<init>(120)) - ce673aed-cb42-4983-a069-5a8880361102@group-8B0C431B3FE2: ConfigurationManager, init=-1: peers:[ce673aed-cb42-4983-a069-5a8880361102|rpc:10.1.0.20:15076|admin:10.1.0.20:15075|client:10.1.0.20:15074|dataStream:10.1.0.20:15077|priority:0|startupRole:FOLLOWER, 91ebd182-a33d-46b0-9291-0e8ba30d2124|rpc:10.1.0.20:15085|admin:10.1.0.20:15084|client:10.1.0.20:15083|dataStream:10.1.0.20:15086|priority:1|startupRole:FOLLOWER, 2fe9f5bb-a002-4881-945d-f328dd53395c|rpc:10.1.0.20:15067|admin:10.1.0.20:15066|client:10.1.0.20:15065|dataStream:10.1.0.20:15068|priority:0|startupRole:FOLLOWER]|listeners:[], old=null, confs=<EMPTY_MAP>
2023-10-04 17:31:13,536 [ce673aed-cb42-4983-a069-5a8880361102-groupManagement] INFO  server.RaftServerConfigKeys (ConfUtils.java:logGet(46)) - raft.server.storage.dir = [/home/runner/work/ozone/ozone/hadoop-ozone/integration-test/target/test-dir/MiniOzoneClusterImpl-ae862161-af4f-46f0-80d9-78d734e05fe2/datanode-1/data/ratis] (custom)
2023-10-04 17:31:13,537 [ce673aed-cb42-4983-a069-5a8880361102-groupManagement] INFO  server.RaftServerConfigKeys (ConfUtils.java:logGet(46)) - raft.server.log.corruption.policy = EXCEPTION (default)
2023-10-04 17:31:13,537 [ce673aed-cb42-4983-a069-5a8880361102-groupManagement] INFO  server.RaftServerConfigKeys (ConfUtils.java:logGet(46)) - raft.server.storage.free-space.min = 0MB (=0) (default)
2023-10-04 17:31:13,537 [ce673aed-cb42-4983-a069-5a8880361102-groupManagement] INFO  server.RaftServerConfigKeys (ConfUtils.java:logGet(46)) - raft.server.notification.no-leader.timeout = 300s (custom)
2023-10-04 17:31:13,537 [ce673aed-cb42-4983-a069-5a8880361102-groupManagement] INFO  server.RaftServerConfigKeys (ConfUtils.java:logGet(46)) - raft.server.read.timeout = 10s (default)
2023-10-04 17:31:13,537 [ce673aed-cb42-4983-a069-5a8880361102-groupManagement] INFO  server.RaftServerConfigKeys (ConfUtils.java:logGet(46)) - raft.server.retrycache.expirytime = 600000ms (custom)
2023-10-04 17:31:13,537 [ce673aed-cb42-4983-a069-5a8880361102-groupManagement] INFO  server.RaftServerConfigKeys (ConfUtils.java:logGet(46)) - raft.server.retrycache.statistics.expirytime = 100μs (default)
2023-10-04 17:31:13,537 [ce673aed-cb42-4983-a069-5a8880361102-groupManagement] INFO  server.RaftServerConfigKeys (ConfUtils.java:logGet(46)) - raft.server.read.option = DEFAULT (default)
2023-10-04 17:31:13,538 [ce673aed-cb42-4983-a069-5a8880361102-groupManagement] INFO  server.RaftServerConfigKeys (ConfUtils.java:logGet(46)) - raft.server.rpc.request.timeout = 60s (custom)
2023-10-04 17:31:13,538 [ce673aed-cb42-4983-a069-5a8880361102-groupManagement] INFO  server.RaftServerConfigKeys (ConfUtils.java:logGet(46)) - raft.server.log.appender.install.snapshot.enabled = false (custom)
2023-10-04 17:31:13,538 [ce673aed-cb42-4983-a069-5a8880361102-groupManagement] INFO  server.RaftServerConfigKeys (ConfUtils.java:logGet(46)) - raft.server.threadpool.server.cached = true (default)
2023-10-04 17:31:13,538 [ce673aed-cb42-4983-a069-5a8880361102-groupManagement] INFO  server.RaftServerConfigKeys (ConfUtils.java:logGet(46)) - raft.server.threadpool.server.size = 0 (default)
2023-10-04 17:31:13,538 [ce673aed-cb42-4983-a069-5a8880361102-groupManagement] INFO  server.RaftServerConfigKeys (ConfUtils.java:logGet(46)) - raft.server.threadpool.client.cached = true (default)
2023-10-04 17:31:13,538 [ce673aed-cb42-4983-a069-5a8880361102-groupManagement] INFO  server.RaftServerConfigKeys (ConfUtils.java:logGet(46)) - raft.server.threadpool.client.size = 0 (default)
2023-10-04 17:31:13,538 [ce673aed-cb42-4983-a069-5a8880361102-groupManagement] INFO  storage.RaftStorageDirectory (RaftStorageDirectoryImpl.java:analyzeStorage(137)) - The storage directory /home/runner/work/ozone/ozone/hadoop-ozone/integration-test/target/test-dir/MiniOzoneClusterImpl-ae862161-af4f-46f0-80d9-78d734e05fe2/datanode-1/data/ratis/0e3a7fbc-1bcb-4312-9b8d-8b0c431b3fe2 does not exist. Creating ...
2023-10-04 17:31:13,539 [ce673aed-cb42-4983-a069-5a8880361102-groupManagement] INFO  storage.RaftStorageDirectory (RaftStorageDirectoryImpl.java:tryLock(231)) - Lock on /home/runner/work/ozone/ozone/hadoop-ozone/integration-test/target/test-dir/MiniOzoneClusterImpl-ae862161-af4f-46f0-80d9-78d734e05fe2/datanode-1/data/ratis/0e3a7fbc-1bcb-4312-9b8d-8b0c431b3fe2/in_use.lock acquired by nodename 7524@fv-az453-706
2023-10-04 17:31:13,541 [ce673aed-cb42-4983-a069-5a8880361102-groupManagement] INFO  storage.RaftStorage (RaftStorageImpl.java:format(96)) - Storage directory /home/runner/work/ozone/ozone/hadoop-ozone/integration-test/target/test-dir/MiniOzoneClusterImpl-ae862161-af4f-46f0-80d9-78d734e05fe2/datanode-1/data/ratis/0e3a7fbc-1bcb-4312-9b8d-8b0c431b3fe2 has been successfully formatted.
2023-10-04 17:31:13,542 [ce673aed-cb42-4983-a069-5a8880361102-groupManagement] INFO  ratis.ContainerStateMachine (ContainerStateMachine.java:loadSnapshot(262)) - group-8B0C431B3FE2: The snapshot info is null. Setting the last applied indexto:(t:0, i:~)
2023-10-04 17:31:13,542 [ce673aed-cb42-4983-a069-5a8880361102-groupManagement] INFO  server.RaftServerConfigKeys (ConfUtils.java:logGet(46)) - raft.server.log.use.memory = false (default)
2023-10-04 17:31:13,542 [ce673aed-cb42-4983-a069-5a8880361102-groupManagement] INFO  server.RaftServerConfigKeys (ConfUtils.java:logGet(46)) - raft.server.log.purge.gap = 1000000 (custom)
2023-10-04 17:31:13,544 [ce673aed-cb42-4983-a069-5a8880361102-groupManagement] INFO  server.RaftServerConfigKeys (ConfUtils.java:logGet(46)) - raft.server.log.appender.buffer.byte-limit = 33554432 (custom)
2023-10-04 17:31:13,544 [ce673aed-cb42-4983-a069-5a8880361102-groupManagement] INFO  server.RaftServerConfigKeys (ConfUtils.java:logGet(46)) - raft.server.log.statemachine.data.read.timeout = 1000ms (default)
2023-10-04 17:31:13,544 [ce673aed-cb42-4983-a069-5a8880361102-groupManagement] INFO  server.RaftServerConfigKeys (ConfUtils.java:logGet(46)) - raft.server.log.purge.preservation.log.num = 0 (default)
2023-10-04 17:31:13,544 [ce673aed-cb42-4983-a069-5a8880361102-groupManagement] INFO  server.RaftServerConfigKeys (ConfUtils.java:logGet(46)) - raft.server.log.segment.size.max = 1048576 (custom)
2023-10-04 17:31:13,545 [ce673aed-cb42-4983-a069-5a8880361102-groupManagement] INFO  server.RaftServerConfigKeys (ConfUtils.java:logGet(46)) - raft.server.log.segment.cache.num.max = 2 (custom)
2023-10-04 17:31:13,545 [ce673aed-cb42-4983-a069-5a8880361102-groupManagement] INFO  server.RaftServerConfigKeys (ConfUtils.java:logGet(46)) - raft.server.log.segment.cache.size.max = 200MB (=209715200) (default)
2023-10-04 17:31:13,545 [ce673aed-cb42-4983-a069-5a8880361102-groupManagement] INFO  server.RaftServerConfigKeys (ConfUtils.java:logGet(46)) - raft.server.log.appender.buffer.byte-limit = 33554432 (custom)
2023-10-04 17:31:13,545 [ce673aed-cb42-4983-a069-5a8880361102-groupManagement] INFO  segmented.SegmentedRaftLogWorker (SegmentedRaftLogWorker.java:<init>(188)) - new ce673aed-cb42-4983-a069-5a8880361102@group-8B0C431B3FE2-SegmentedRaftLogWorker for RaftStorageImpl:Storage Directory /home/runner/work/ozone/ozone/hadoop-ozone/integration-test/target/test-dir/MiniOzoneClusterImpl-ae862161-af4f-46f0-80d9-78d734e05fe2/datanode-1/data/ratis/0e3a7fbc-1bcb-4312-9b8d-8b0c431b3fe2
2023-10-04 17:31:13,546 [ce673aed-cb42-4983-a069-5a8880361102-groupManagement] INFO  server.RaftServerConfigKeys (ConfUtils.java:logGet(46)) - raft.server.log.queue.byte-limit = 4294967296 (custom)
2023-10-04 17:31:13,546 [ce673aed-cb42-4983-a069-5a8880361102-groupManagement] INFO  server.RaftServerConfigKeys (ConfUtils.java:logGet(46)) - raft.server.log.queue.element-limit = 1024 (custom)
2023-10-04 17:31:13,546 [ce673aed-cb42-4983-a069-5a8880361102-groupManagement] INFO  server.RaftServerConfigKeys (ConfUtils.java:logGet(46)) - raft.server.log.segment.size.max = 1048576 (custom)
2023-10-04 17:31:13,546 [ce673aed-cb42-4983-a069-5a8880361102-groupManagement] INFO  server.RaftServerConfigKeys (ConfUtils.java:logGet(46)) - raft.server.log.preallocated.size = 16384 (custom)
2023-10-04 17:31:13,546 [ce673aed-cb42-4983-a069-5a8880361102-groupManagement] INFO  server.RaftServerConfigKeys (ConfUtils.java:logGet(46)) - raft.server.log.force.sync.num = 128 (default)
2023-10-04 17:31:13,546 [ce673aed-cb42-4983-a069-5a8880361102-groupManagement] INFO  server.RaftServerConfigKeys (ConfUtils.java:logGet(46)) - raft.server.log.statemachine.data.sync = true (default)
2023-10-04 17:31:13,546 [ce673aed-cb42-4983-a069-5a8880361102-groupManagement] INFO  server.RaftServerConfigKeys (ConfUtils.java:logGet(46)) - raft.server.log.statemachine.data.sync.timeout = 10s (default)
2023-10-04 17:31:13,546 [ce673aed-cb42-4983-a069-5a8880361102-groupManagement] INFO  server.RaftServerConfigKeys (ConfUtils.java:logGet(46)) - raft.server.log.statemachine.data.sync.timeout.retry = -1 (default)
2023-10-04 17:31:13,547 [ce673aed-cb42-4983-a069-5a8880361102-groupManagement] INFO  server.RaftServerConfigKeys (ConfUtils.java:logGet(46)) - raft.server.log.write.buffer.size = 1048576 (custom)
2023-10-04 17:31:13,547 [ce673aed-cb42-4983-a069-5a8880361102-groupManagement] INFO  server.RaftServerConfigKeys (ConfUtils.java:logGet(46)) - raft.server.log.appender.buffer.byte-limit = 33554432 (custom)
2023-10-04 17:31:13,552 [ce673aed-cb42-4983-a069-5a8880361102-groupManagement] INFO  server.RaftServerConfigKeys (ConfUtils.java:logGet(46)) - raft.server.log.unsafe-flush.enabled = false (default)
2023-10-04 17:31:13,552 [ce673aed-cb42-4983-a069-5a8880361102-groupManagement] INFO  server.RaftServerConfigKeys (ConfUtils.java:logGet(46)) - raft.server.log.async-flush.enabled = false (default)
2023-10-04 17:31:13,552 [ce673aed-cb42-4983-a069-5a8880361102-groupManagement] INFO  server.RaftServerConfigKeys (ConfUtils.java:logGet(46)) - raft.server.log.statemachine.data.caching.enabled = true (custom)
2023-10-04 17:31:13,552 [ce673aed-cb42-4983-a069-5a8880361102-groupManagement] INFO  segmented.SegmentedRaftLogWorker (SegmentedRaftLogWorker.java:lambda$new$0(135)) - ce673aed-cb42-4983-a069-5a8880361102@group-8B0C431B3FE2-SegmentedRaftLogWorker: flushIndex: setUnconditionally 0 -> -1
2023-10-04 17:31:13,552 [ce673aed-cb42-4983-a069-5a8880361102-groupManagement] INFO  segmented.SegmentedRaftLogWorker (SegmentedRaftLogWorker.java:lambda$new$0(135)) - ce673aed-cb42-4983-a069-5a8880361102@group-8B0C431B3FE2-SegmentedRaftLogWorker: safeCacheEvictIndex: setUnconditionally 0 -> -1
2023-10-04 17:31:13,553 [ce673aed-cb42-4983-a069-5a8880361102-groupManagement] INFO  server.RaftServer$Division (RaftServerImpl.java:start(342)) - ce673aed-cb42-4983-a069-5a8880361102@group-8B0C431B3FE2: start as a follower, conf=-1: peers:[ce673aed-cb42-4983-a069-5a8880361102|rpc:10.1.0.20:15076|admin:10.1.0.20:15075|client:10.1.0.20:15074|dataStream:10.1.0.20:15077|priority:0|startupRole:FOLLOWER, 91ebd182-a33d-46b0-9291-0e8ba30d2124|rpc:10.1.0.20:15085|admin:10.1.0.20:15084|client:10.1.0.20:15083|dataStream:10.1.0.20:15086|priority:1|startupRole:FOLLOWER, 2fe9f5bb-a002-4881-945d-f328dd53395c|rpc:10.1.0.20:15067|admin:10.1.0.20:15066|client:10.1.0.20:15065|dataStream:10.1.0.20:15068|priority:0|startupRole:FOLLOWER]|listeners:[], old=null
2023-10-04 17:31:13,553 [ce673aed-cb42-4983-a069-5a8880361102-groupManagement] INFO  server.RaftServer$Division (RaftServerImpl.java:setRole(329)) - ce673aed-cb42-4983-a069-5a8880361102@group-8B0C431B3FE2: changes role from      null to FOLLOWER at term 0 for startAsFollower
2023-10-04 17:31:13,553 [ce673aed-cb42-4983-a069-5a8880361102-groupManagement] INFO  impl.RoleInfo (RoleInfo.java:updateAndGet(139)) - ce673aed-cb42-4983-a069-5a8880361102: start ce673aed-cb42-4983-a069-5a8880361102@group-8B0C431B3FE2-FollowerState
2023-10-04 17:31:13,553 [ce673aed-cb42-4983-a069-5a8880361102@group-8B0C431B3FE2-FollowerState] INFO  server.RaftServerConfigKeys (ConfUtils.java:logFallback(53)) - raft.server.rpc.first-election.timeout.min = 5s (fallback to raft.server.rpc.timeout.min)
2023-10-04 17:31:13,553 [ce673aed-cb42-4983-a069-5a8880361102-groupManagement] INFO  util.JmxRegister (JmxRegister.java:tryRegister(44)) - Successfully registered JMX Bean with object name Ratis:service=RaftServer,group=group-8B0C431B3FE2,id=ce673aed-cb42-4983-a069-5a8880361102
2023-10-04 17:31:13,553 [ce673aed-cb42-4983-a069-5a8880361102@group-8B0C431B3FE2-FollowerState] INFO  server.RaftServerConfigKeys (ConfUtils.java:logFallback(53)) - raft.server.rpc.first-election.timeout.max = 5200ms (fallback to raft.server.rpc.timeout.max)
2023-10-04 17:31:13,553 [ce673aed-cb42-4983-a069-5a8880361102-groupManagement] INFO  server.RaftServerConfigKeys (ConfUtils.java:logGet(46)) - raft.server.snapshot.auto.trigger.enabled = true (custom)
2023-10-04 17:31:13,553 [ce673aed-cb42-4983-a069-5a8880361102-groupManagement] INFO  server.RaftServerConfigKeys (ConfUtils.java:logGet(46)) - raft.server.snapshot.auto.trigger.threshold = 10000 (custom)
2023-10-04 17:31:13,553 [ce673aed-cb42-4983-a069-5a8880361102-groupManagement] INFO  server.RaftServerConfigKeys (ConfUtils.java:logGet(46)) - raft.server.snapshot.retention.file.num = 5 (custom)
2023-10-04 17:31:13,553 [ce673aed-cb42-4983-a069-5a8880361102-groupManagement] INFO  server.RaftServerConfigKeys (ConfUtils.java:logGet(46)) - raft.server.log.purge.upto.snapshot.index = false (default)
2023-10-04 17:31:13,580 [grpc-default-executor-0] INFO  server.RaftServer (RaftServerProxy.java:addNew(98)) - 91ebd182-a33d-46b0-9291-0e8ba30d2124: addNew group-8B0C431B3FE2:[ce673aed-cb42-4983-a069-5a8880361102|rpc:10.1.0.20:15076|admin:10.1.0.20:15075|client:10.1.0.20:15074|dataStream:10.1.0.20:15077|priority:0|startupRole:FOLLOWER, 91ebd182-a33d-46b0-9291-0e8ba30d2124|rpc:10.1.0.20:15085|admin:10.1.0.20:15084|client:10.1.0.20:15083|dataStream:10.1.0.20:15086|priority:1|startupRole:FOLLOWER, 2fe9f5bb-a002-4881-945d-f328dd53395c|rpc:10.1.0.20:15067|admin:10.1.0.20:15066|client:10.1.0.20:15065|dataStream:10.1.0.20:15068|priority:0|startupRole:FOLLOWER] returns group-8B0C431B3FE2:java.util.concurrent.CompletableFuture@3c3e009[Not completed]
2023-10-04 17:31:13,583 [91ebd182-a33d-46b0-9291-0e8ba30d2124-groupManagement] INFO  server.RaftServer$Division (RaftServerImpl.java:<init>(198)) - 91ebd182-a33d-46b0-9291-0e8ba30d2124: new RaftServerImpl for group-8B0C431B3FE2:[ce673aed-cb42-4983-a069-5a8880361102|rpc:10.1.0.20:15076|admin:10.1.0.20:15075|client:10.1.0.20:15074|dataStream:10.1.0.20:15077|priority:0|startupRole:FOLLOWER, 91ebd182-a33d-46b0-9291-0e8ba30d2124|rpc:10.1.0.20:15085|admin:10.1.0.20:15084|client:10.1.0.20:15083|dataStream:10.1.0.20:15086|priority:1|startupRole:FOLLOWER, 2fe9f5bb-a002-4881-945d-f328dd53395c|rpc:10.1.0.20:15067|admin:10.1.0.20:15066|client:10.1.0.20:15065|dataStream:10.1.0.20:15068|priority:0|startupRole:FOLLOWER] with ContainerStateMachine:uninitialized
2023-10-04 17:31:13,583 [91ebd182-a33d-46b0-9291-0e8ba30d2124-groupManagement] INFO  server.RaftServerConfigKeys (ConfUtils.java:logGet(46)) - raft.server.rpc.timeout.min = 5s (custom)
2023-10-04 17:31:13,583 [91ebd182-a33d-46b0-9291-0e8ba30d2124-groupManagement] INFO  server.RaftServerConfigKeys (ConfUtils.java:logGet(46)) - raft.server.rpc.timeout.max = 5200ms (custom)
2023-10-04 17:31:13,583 [91ebd182-a33d-46b0-9291-0e8ba30d2124-groupManagement] INFO  server.RaftServerConfigKeys (ConfUtils.java:logGet(46)) - raft.server.rpc.sleep.time = 25ms (default)
2023-10-04 17:31:13,583 [91ebd182-a33d-46b0-9291-0e8ba30d2124-groupManagement] INFO  server.RaftServerConfigKeys (ConfUtils.java:logGet(46)) - raft.server.rpc.slowness.timeout = 300s (custom)
2023-10-04 17:31:13,583 [91ebd182-a33d-46b0-9291-0e8ba30d2124-groupManagement] INFO  server.RaftServerConfigKeys (ConfUtils.java:logGet(46)) - raft.server.leaderelection.leader.step-down.wait-time = 10s (default)
2023-10-04 17:31:13,584 [91ebd182-a33d-46b0-9291-0e8ba30d2124-groupManagement] INFO  server.RaftServerConfigKeys (ConfUtils.java:logGet(46)) - raft.server.sleep.deviation.threshold = 300ms (default)
2023-10-04 17:31:13,584 [91ebd182-a33d-46b0-9291-0e8ba30d2124-groupManagement] INFO  server.RaftServer$Division (ServerState.java:<init>(120)) - 91ebd182-a33d-46b0-9291-0e8ba30d2124@group-8B0C431B3FE2: ConfigurationManager, init=-1: peers:[ce673aed-cb42-4983-a069-5a8880361102|rpc:10.1.0.20:15076|admin:10.1.0.20:15075|client:10.1.0.20:15074|dataStream:10.1.0.20:15077|priority:0|startupRole:FOLLOWER, 91ebd182-a33d-46b0-9291-0e8ba30d2124|rpc:10.1.0.20:15085|admin:10.1.0.20:15084|client:10.1.0.20:15083|dataStream:10.1.0.20:15086|priority:1|startupRole:FOLLOWER, 2fe9f5bb-a002-4881-945d-f328dd53395c|rpc:10.1.0.20:15067|admin:10.1.0.20:15066|client:10.1.0.20:15065|dataStream:10.1.0.20:15068|priority:0|startupRole:FOLLOWER]|listeners:[], old=null, confs=<EMPTY_MAP>
2023-10-04 17:31:13,584 [91ebd182-a33d-46b0-9291-0e8ba30d2124-groupManagement] INFO  server.RaftServerConfigKeys (ConfUtils.java:logGet(46)) - raft.server.storage.dir = [/home/runner/work/ozone/ozone/hadoop-ozone/integration-test/target/test-dir/MiniOzoneClusterImpl-ae862161-af4f-46f0-80d9-78d734e05fe2/datanode-2/data/ratis] (custom)
2023-10-04 17:31:13,584 [91ebd182-a33d-46b0-9291-0e8ba30d2124-groupManagement] INFO  server.RaftServerConfigKeys (ConfUtils.java:logGet(46)) - raft.server.log.corruption.policy = EXCEPTION (default)
2023-10-04 17:31:13,584 [91ebd182-a33d-46b0-9291-0e8ba30d2124-groupManagement] INFO  server.RaftServerConfigKeys (ConfUtils.java:logGet(46)) - raft.server.storage.free-space.min = 0MB (=0) (default)
2023-10-04 17:31:13,585 [91ebd182-a33d-46b0-9291-0e8ba30d2124-groupManagement] INFO  server.RaftServerConfigKeys (ConfUtils.java:logGet(46)) - raft.server.notification.no-leader.timeout = 300s (custom)
2023-10-04 17:31:13,585 [91ebd182-a33d-46b0-9291-0e8ba30d2124-groupManagement] INFO  server.RaftServerConfigKeys (ConfUtils.java:logGet(46)) - raft.server.read.timeout = 10s (default)
2023-10-04 17:31:13,585 [91ebd182-a33d-46b0-9291-0e8ba30d2124-groupManagement] INFO  server.RaftServerConfigKeys (ConfUtils.java:logGet(46)) - raft.server.retrycache.expirytime = 600000ms (custom)
2023-10-04 17:31:13,585 [91ebd182-a33d-46b0-9291-0e8ba30d2124-groupManagement] INFO  server.RaftServerConfigKeys (ConfUtils.java:logGet(46)) - raft.server.retrycache.statistics.expirytime = 100μs (default)
2023-10-04 17:31:13,585 [91ebd182-a33d-46b0-9291-0e8ba30d2124-groupManagement] INFO  server.RaftServerConfigKeys (ConfUtils.java:logGet(46)) - raft.server.read.option = DEFAULT (default)
2023-10-04 17:31:13,586 [91ebd182-a33d-46b0-9291-0e8ba30d2124-groupManagement] INFO  server.RaftServerConfigKeys (ConfUtils.java:logGet(46)) - raft.server.rpc.request.timeout = 60s (custom)
2023-10-04 17:31:13,586 [91ebd182-a33d-46b0-9291-0e8ba30d2124-groupManagement] INFO  server.RaftServerConfigKeys (ConfUtils.java:logGet(46)) - raft.server.log.appender.install.snapshot.enabled = false (custom)
2023-10-04 17:31:13,586 [91ebd182-a33d-46b0-9291-0e8ba30d2124-groupManagement] INFO  server.RaftServerConfigKeys (ConfUtils.java:logGet(46)) - raft.server.threadpool.server.cached = true (default)
2023-10-04 17:31:13,586 [91ebd182-a33d-46b0-9291-0e8ba30d2124-groupManagement] INFO  server.RaftServerConfigKeys (ConfUtils.java:logGet(46)) - raft.server.threadpool.server.size = 0 (default)
2023-10-04 17:31:13,586 [91ebd182-a33d-46b0-9291-0e8ba30d2124-groupManagement] INFO  server.RaftServerConfigKeys (ConfUtils.java:logGet(46)) - raft.server.threadpool.client.cached = true (default)
2023-10-04 17:31:13,586 [91ebd182-a33d-46b0-9291-0e8ba30d2124-groupManagement] INFO  server.RaftServerConfigKeys (ConfUtils.java:logGet(46)) - raft.server.threadpool.client.size = 0 (default)
2023-10-04 17:31:13,586 [91ebd182-a33d-46b0-9291-0e8ba30d2124-groupManagement] INFO  storage.RaftStorageDirectory (RaftStorageDirectoryImpl.java:analyzeStorage(137)) - The storage directory /home/runner/work/ozone/ozone/hadoop-ozone/integration-test/target/test-dir/MiniOzoneClusterImpl-ae862161-af4f-46f0-80d9-78d734e05fe2/datanode-2/data/ratis/0e3a7fbc-1bcb-4312-9b8d-8b0c431b3fe2 does not exist. Creating ...
2023-10-04 17:31:13,588 [91ebd182-a33d-46b0-9291-0e8ba30d2124-groupManagement] INFO  storage.RaftStorageDirectory (RaftStorageDirectoryImpl.java:tryLock(231)) - Lock on /home/runner/work/ozone/ozone/hadoop-ozone/integration-test/target/test-dir/MiniOzoneClusterImpl-ae862161-af4f-46f0-80d9-78d734e05fe2/datanode-2/data/ratis/0e3a7fbc-1bcb-4312-9b8d-8b0c431b3fe2/in_use.lock acquired by nodename 7524@fv-az453-706
2023-10-04 17:31:13,590 [91ebd182-a33d-46b0-9291-0e8ba30d2124-groupManagement] INFO  storage.RaftStorage (RaftStorageImpl.java:format(96)) - Storage directory /home/runner/work/ozone/ozone/hadoop-ozone/integration-test/target/test-dir/MiniOzoneClusterImpl-ae862161-af4f-46f0-80d9-78d734e05fe2/datanode-2/data/ratis/0e3a7fbc-1bcb-4312-9b8d-8b0c431b3fe2 has been successfully formatted.
2023-10-04 17:31:13,591 [91ebd182-a33d-46b0-9291-0e8ba30d2124-groupManagement] INFO  ratis.ContainerStateMachine (ContainerStateMachine.java:loadSnapshot(262)) - group-8B0C431B3FE2: The snapshot info is null. Setting the last applied indexto:(t:0, i:~)
2023-10-04 17:31:13,591 [91ebd182-a33d-46b0-9291-0e8ba30d2124-groupManagement] INFO  server.RaftServerConfigKeys (ConfUtils.java:logGet(46)) - raft.server.log.use.memory = false (default)
2023-10-04 17:31:13,591 [91ebd182-a33d-46b0-9291-0e8ba30d2124-groupManagement] INFO  server.RaftServerConfigKeys (ConfUtils.java:logGet(46)) - raft.server.log.purge.gap = 1000000 (custom)
2023-10-04 17:31:13,591 [91ebd182-a33d-46b0-9291-0e8ba30d2124-groupManagement] INFO  server.RaftServerConfigKeys (ConfUtils.java:logGet(46)) - raft.server.log.appender.buffer.byte-limit = 33554432 (custom)
2023-10-04 17:31:13,591 [91ebd182-a33d-46b0-9291-0e8ba30d2124-groupManagement] INFO  server.RaftServerConfigKeys (ConfUtils.java:logGet(46)) - raft.server.log.statemachine.data.read.timeout = 1000ms (default)
2023-10-04 17:31:13,591 [91ebd182-a33d-46b0-9291-0e8ba30d2124-groupManagement] INFO  server.RaftServerConfigKeys (ConfUtils.java:logGet(46)) - raft.server.log.purge.preservation.log.num = 0 (default)
2023-10-04 17:31:13,591 [91ebd182-a33d-46b0-9291-0e8ba30d2124-groupManagement] INFO  server.RaftServerConfigKeys (ConfUtils.java:logGet(46)) - raft.server.log.segment.size.max = 1048576 (custom)
2023-10-04 17:31:13,592 [91ebd182-a33d-46b0-9291-0e8ba30d2124-groupManagement] INFO  server.RaftServerConfigKeys (ConfUtils.java:logGet(46)) - raft.server.log.segment.cache.num.max = 2 (custom)
2023-10-04 17:31:13,592 [91ebd182-a33d-46b0-9291-0e8ba30d2124-groupManagement] INFO  server.RaftServerConfigKeys (ConfUtils.java:logGet(46)) - raft.server.log.segment.cache.size.max = 200MB (=209715200) (default)
2023-10-04 17:31:13,592 [91ebd182-a33d-46b0-9291-0e8ba30d2124-groupManagement] INFO  server.RaftServerConfigKeys (ConfUtils.java:logGet(46)) - raft.server.log.appender.buffer.byte-limit = 33554432 (custom)
2023-10-04 17:31:13,592 [91ebd182-a33d-46b0-9291-0e8ba30d2124-groupManagement] INFO  segmented.SegmentedRaftLogWorker (SegmentedRaftLogWorker.java:<init>(188)) - new 91ebd182-a33d-46b0-9291-0e8ba30d2124@group-8B0C431B3FE2-SegmentedRaftLogWorker for RaftStorageImpl:Storage Directory /home/runner/work/ozone/ozone/hadoop-ozone/integration-test/target/test-dir/MiniOzoneClusterImpl-ae862161-af4f-46f0-80d9-78d734e05fe2/datanode-2/data/ratis/0e3a7fbc-1bcb-4312-9b8d-8b0c431b3fe2
2023-10-04 17:31:13,592 [91ebd182-a33d-46b0-9291-0e8ba30d2124-groupManagement] INFO  server.RaftServerConfigKeys (ConfUtils.java:logGet(46)) - raft.server.log.queue.byte-limit = 4294967296 (custom)
2023-10-04 17:31:13,592 [91ebd182-a33d-46b0-9291-0e8ba30d2124-groupManagement] INFO  server.RaftServerConfigKeys (ConfUtils.java:logGet(46)) - raft.server.log.queue.element-limit = 1024 (custom)
2023-10-04 17:31:13,592 [91ebd182-a33d-46b0-9291-0e8ba30d2124-groupManagement] INFO  server.RaftServerConfigKeys (ConfUtils.java:logGet(46)) - raft.server.log.segment.size.max = 1048576 (custom)
2023-10-04 17:31:13,592 [91ebd182-a33d-46b0-9291-0e8ba30d2124-groupManagement] INFO  server.RaftServerConfigKeys (ConfUtils.java:logGet(46)) - raft.server.log.preallocated.size = 16384 (custom)
2023-10-04 17:31:13,592 [91ebd182-a33d-46b0-9291-0e8ba30d2124-groupManagement] INFO  server.RaftServerConfigKeys (ConfUtils.java:logGet(46)) - raft.server.log.force.sync.num = 128 (default)
2023-10-04 17:31:13,592 [91ebd182-a33d-46b0-9291-0e8ba30d2124-groupManagement] INFO  server.RaftServerConfigKeys (ConfUtils.java:logGet(46)) - raft.server.log.statemachine.data.sync = true (default)
2023-10-04 17:31:13,592 [91ebd182-a33d-46b0-9291-0e8ba30d2124-groupManagement] INFO  server.RaftServerConfigKeys (ConfUtils.java:logGet(46)) - raft.server.log.statemachine.data.sync.timeout = 10s (default)
2023-10-04 17:31:13,592 [91ebd182-a33d-46b0-9291-0e8ba30d2124-groupManagement] INFO  server.RaftServerConfigKeys (ConfUtils.java:logGet(46)) - raft.server.log.statemachine.data.sync.timeout.retry = -1 (default)
2023-10-04 17:31:13,596 [91ebd182-a33d-46b0-9291-0e8ba30d2124-groupManagement] INFO  server.RaftServerConfigKeys (ConfUtils.java:logGet(46)) - raft.server.log.write.buffer.size = 1048576 (custom)
2023-10-04 17:31:13,596 [91ebd182-a33d-46b0-9291-0e8ba30d2124-groupManagement] INFO  server.RaftServerConfigKeys (ConfUtils.java:logGet(46)) - raft.server.log.appender.buffer.byte-limit = 33554432 (custom)
2023-10-04 17:31:13,606 [91ebd182-a33d-46b0-9291-0e8ba30d2124-groupManagement] INFO  server.RaftServerConfigKeys (ConfUtils.java:logGet(46)) - raft.server.log.unsafe-flush.enabled = false (default)
2023-10-04 17:31:13,606 [91ebd182-a33d-46b0-9291-0e8ba30d2124-groupManagement] INFO  server.RaftServerConfigKeys (ConfUtils.java:logGet(46)) - raft.server.log.async-flush.enabled = false (default)
2023-10-04 17:31:13,606 [91ebd182-a33d-46b0-9291-0e8ba30d2124-groupManagement] INFO  server.RaftServerConfigKeys (ConfUtils.java:logGet(46)) - raft.server.log.statemachine.data.caching.enabled = true (custom)
2023-10-04 17:31:13,606 [91ebd182-a33d-46b0-9291-0e8ba30d2124-groupManagement] INFO  segmented.SegmentedRaftLogWorker (SegmentedRaftLogWorker.java:lambda$new$0(135)) - 91ebd182-a33d-46b0-9291-0e8ba30d2124@group-8B0C431B3FE2-SegmentedRaftLogWorker: flushIndex: setUnconditionally 0 -> -1
2023-10-04 17:31:13,606 [91ebd182-a33d-46b0-9291-0e8ba30d2124-groupManagement] INFO  segmented.SegmentedRaftLogWorker (SegmentedRaftLogWorker.java:lambda$new$0(135)) - 91ebd182-a33d-46b0-9291-0e8ba30d2124@group-8B0C431B3FE2-SegmentedRaftLogWorker: safeCacheEvictIndex: setUnconditionally 0 -> -1
2023-10-04 17:31:13,608 [91ebd182-a33d-46b0-9291-0e8ba30d2124-groupManagement] INFO  server.RaftServer$Division (RaftServerImpl.java:start(342)) - 91ebd182-a33d-46b0-9291-0e8ba30d2124@group-8B0C431B3FE2: start as a follower, conf=-1: peers:[ce673aed-cb42-4983-a069-5a8880361102|rpc:10.1.0.20:15076|admin:10.1.0.20:15075|client:10.1.0.20:15074|dataStream:10.1.0.20:15077|priority:0|startupRole:FOLLOWER, 91ebd182-a33d-46b0-9291-0e8ba30d2124|rpc:10.1.0.20:15085|admin:10.1.0.20:15084|client:10.1.0.20:15083|dataStream:10.1.0.20:15086|priority:1|startupRole:FOLLOWER, 2fe9f5bb-a002-4881-945d-f328dd53395c|rpc:10.1.0.20:15067|admin:10.1.0.20:15066|client:10.1.0.20:15065|dataStream:10.1.0.20:15068|priority:0|startupRole:FOLLOWER]|listeners:[], old=null
2023-10-04 17:31:13,608 [91ebd182-a33d-46b0-9291-0e8ba30d2124-groupManagement] INFO  server.RaftServer$Division (RaftServerImpl.java:setRole(329)) - 91ebd182-a33d-46b0-9291-0e8ba30d2124@group-8B0C431B3FE2: changes role from      null to FOLLOWER at term 0 for startAsFollower
2023-10-04 17:31:13,608 [91ebd182-a33d-46b0-9291-0e8ba30d2124-groupManagement] INFO  impl.RoleInfo (RoleInfo.java:updateAndGet(139)) - 91ebd182-a33d-46b0-9291-0e8ba30d2124: start 91ebd182-a33d-46b0-9291-0e8ba30d2124@group-8B0C431B3FE2-FollowerState
2023-10-04 17:31:13,609 [91ebd182-a33d-46b0-9291-0e8ba30d2124@group-8B0C431B3FE2-FollowerState] INFO  server.RaftServerConfigKeys (ConfUtils.java:logFallback(53)) - raft.server.rpc.first-election.timeout.min = 5s (fallback to raft.server.rpc.timeout.min)
2023-10-04 17:31:13,609 [91ebd182-a33d-46b0-9291-0e8ba30d2124@group-8B0C431B3FE2-FollowerState] INFO  server.RaftServerConfigKeys (ConfUtils.java:logFallback(53)) - raft.server.rpc.first-election.timeout.max = 5200ms (fallback to raft.server.rpc.timeout.max)
2023-10-04 17:31:13,609 [91ebd182-a33d-46b0-9291-0e8ba30d2124-groupManagement] INFO  util.JmxRegister (JmxRegister.java:tryRegister(44)) - Successfully registered JMX Bean with object name Ratis:service=RaftServer,group=group-8B0C431B3FE2,id=91ebd182-a33d-46b0-9291-0e8ba30d2124
2023-10-04 17:31:13,610 [91ebd182-a33d-46b0-9291-0e8ba30d2124-groupManagement] INFO  server.RaftServerConfigKeys (ConfUtils.java:logGet(46)) - raft.server.snapshot.auto.trigger.enabled = true (custom)
2023-10-04 17:31:13,610 [91ebd182-a33d-46b0-9291-0e8ba30d2124-groupManagement] INFO  server.RaftServerConfigKeys (ConfUtils.java:logGet(46)) - raft.server.snapshot.auto.trigger.threshold = 10000 (custom)
2023-10-04 17:31:13,610 [91ebd182-a33d-46b0-9291-0e8ba30d2124-groupManagement] INFO  server.RaftServerConfigKeys (ConfUtils.java:logGet(46)) - raft.server.snapshot.retention.file.num = 5 (custom)
2023-10-04 17:31:13,610 [91ebd182-a33d-46b0-9291-0e8ba30d2124-groupManagement] INFO  server.RaftServerConfigKeys (ConfUtils.java:logGet(46)) - raft.server.log.purge.upto.snapshot.index = false (default)
2023-10-04 17:31:13,624 [PipelineCommandHandlerThread-0] INFO  commandhandler.CreatePipelineCommandHandler (CreatePipelineCommandHandler.java:lambda$handle$2(124)) - Created Pipeline RATIS THREE PipelineID=0e3a7fbc-1bcb-4312-9b8d-8b0c431b3fe2.
2023-10-04 17:31:13,624 [PipelineCommandHandlerThread-0] INFO  server.RaftServer (RaftServerProxy.java:addNew(98)) - 2fe9f5bb-a002-4881-945d-f328dd53395c: addNew group-1A697460F7F0:[ce673aed-cb42-4983-a069-5a8880361102|rpc:10.1.0.20:15076|admin:10.1.0.20:15075|client:10.1.0.20:15074|dataStream:10.1.0.20:15077|priority:0|startupRole:FOLLOWER, 91ebd182-a33d-46b0-9291-0e8ba30d2124|rpc:10.1.0.20:15085|admin:10.1.0.20:15084|client:10.1.0.20:15083|dataStream:10.1.0.20:15086|priority:0|startupRole:FOLLOWER, 2fe9f5bb-a002-4881-945d-f328dd53395c|rpc:10.1.0.20:15067|admin:10.1.0.20:15066|client:10.1.0.20:15065|dataStream:10.1.0.20:15068|priority:1|startupRole:FOLLOWER] returns group-1A697460F7F0:java.util.concurrent.CompletableFuture@4aab5e14[Not completed]
2023-10-04 17:31:13,625 [2fe9f5bb-a002-4881-945d-f328dd53395c-groupManagement] INFO  server.RaftServer$Division (RaftServerImpl.java:<init>(198)) - 2fe9f5bb-a002-4881-945d-f328dd53395c: new RaftServerImpl for group-1A697460F7F0:[ce673aed-cb42-4983-a069-5a8880361102|rpc:10.1.0.20:15076|admin:10.1.0.20:15075|client:10.1.0.20:15074|dataStream:10.1.0.20:15077|priority:0|startupRole:FOLLOWER, 91ebd182-a33d-46b0-9291-0e8ba30d2124|rpc:10.1.0.20:15085|admin:10.1.0.20:15084|client:10.1.0.20:15083|dataStream:10.1.0.20:15086|priority:0|startupRole:FOLLOWER, 2fe9f5bb-a002-4881-945d-f328dd53395c|rpc:10.1.0.20:15067|admin:10.1.0.20:15066|client:10.1.0.20:15065|dataStream:10.1.0.20:15068|priority:1|startupRole:FOLLOWER] with ContainerStateMachine:uninitialized
2023-10-04 17:31:13,625 [2fe9f5bb-a002-4881-945d-f328dd53395c-groupManagement] INFO  server.RaftServerConfigKeys (ConfUtils.java:logGet(46)) - raft.server.rpc.timeout.min = 5s (custom)
2023-10-04 17:31:13,625 [2fe9f5bb-a002-4881-945d-f328dd53395c-groupManagement] INFO  server.RaftServerConfigKeys (ConfUtils.java:logGet(46)) - raft.server.rpc.timeout.max = 5200ms (custom)
2023-10-04 17:31:13,625 [2fe9f5bb-a002-4881-945d-f328dd53395c-groupManagement] INFO  server.RaftServerConfigKeys (ConfUtils.java:logGet(46)) - raft.server.rpc.sleep.time = 25ms (default)
2023-10-04 17:31:13,625 [2fe9f5bb-a002-4881-945d-f328dd53395c-groupManagement] INFO  server.RaftServerConfigKeys (ConfUtils.java:logGet(46)) - raft.server.rpc.slowness.timeout = 300s (custom)
2023-10-04 17:31:13,625 [2fe9f5bb-a002-4881-945d-f328dd53395c-groupManagement] INFO  server.RaftServerConfigKeys (ConfUtils.java:logGet(46)) - raft.server.leaderelection.leader.step-down.wait-time = 10s (default)
2023-10-04 17:31:13,625 [2fe9f5bb-a002-4881-945d-f328dd53395c-groupManagement] INFO  server.RaftServerConfigKeys (ConfUtils.java:logGet(46)) - raft.server.sleep.deviation.threshold = 300ms (default)
2023-10-04 17:31:13,626 [2fe9f5bb-a002-4881-945d-f328dd53395c-groupManagement] INFO  server.RaftServer$Division (ServerState.java:<init>(120)) - 2fe9f5bb-a002-4881-945d-f328dd53395c@group-1A697460F7F0: ConfigurationManager, init=-1: peers:[ce673aed-cb42-4983-a069-5a8880361102|rpc:10.1.0.20:15076|admin:10.1.0.20:15075|client:10.1.0.20:15074|dataStream:10.1.0.20:15077|priority:0|startupRole:FOLLOWER, 91ebd182-a33d-46b0-9291-0e8ba30d2124|rpc:10.1.0.20:15085|admin:10.1.0.20:15084|client:10.1.0.20:15083|dataStream:10.1.0.20:15086|priority:0|startupRole:FOLLOWER, 2fe9f5bb-a002-4881-945d-f328dd53395c|rpc:10.1.0.20:15067|admin:10.1.0.20:15066|client:10.1.0.20:15065|dataStream:10.1.0.20:15068|priority:1|startupRole:FOLLOWER]|listeners:[], old=null, confs=<EMPTY_MAP>
2023-10-04 17:31:13,626 [2fe9f5bb-a002-4881-945d-f328dd53395c-groupManagement] INFO  server.RaftServerConfigKeys (ConfUtils.java:logGet(46)) - raft.server.storage.dir = [/home/runner/work/ozone/ozone/hadoop-ozone/integration-test/target/test-dir/MiniOzoneClusterImpl-ae862161-af4f-46f0-80d9-78d734e05fe2/datanode-0/data/ratis] (custom)
2023-10-04 17:31:13,626 [2fe9f5bb-a002-4881-945d-f328dd53395c-groupManagement] INFO  server.RaftServerConfigKeys (ConfUtils.java:logGet(46)) - raft.server.log.corruption.policy = EXCEPTION (default)
2023-10-04 17:31:13,626 [2fe9f5bb-a002-4881-945d-f328dd53395c-groupManagement] INFO  server.RaftServerConfigKeys (ConfUtils.java:logGet(46)) - raft.server.storage.free-space.min = 0MB (=0) (default)
2023-10-04 17:31:13,626 [2fe9f5bb-a002-4881-945d-f328dd53395c-groupManagement] INFO  server.RaftServerConfigKeys (ConfUtils.java:logGet(46)) - raft.server.notification.no-leader.timeout = 300s (custom)
2023-10-04 17:31:13,626 [2fe9f5bb-a002-4881-945d-f328dd53395c-groupManagement] INFO  server.RaftServerConfigKeys (ConfUtils.java:logGet(46)) - raft.server.read.timeout = 10s (default)
2023-10-04 17:31:13,626 [2fe9f5bb-a002-4881-945d-f328dd53395c-groupManagement] INFO  server.RaftServerConfigKeys (ConfUtils.java:logGet(46)) - raft.server.retrycache.expirytime = 600000ms (custom)
2023-10-04 17:31:13,626 [2fe9f5bb-a002-4881-945d-f328dd53395c-groupManagement] INFO  server.RaftServerConfigKeys (ConfUtils.java:logGet(46)) - raft.server.retrycache.statistics.expirytime = 100μs (default)
2023-10-04 17:31:13,626 [2fe9f5bb-a002-4881-945d-f328dd53395c-groupManagement] INFO  server.RaftServerConfigKeys (ConfUtils.java:logGet(46)) - raft.server.read.option = DEFAULT (default)
2023-10-04 17:31:13,627 [2fe9f5bb-a002-4881-945d-f328dd53395c-groupManagement] INFO  server.RaftServerConfigKeys (ConfUtils.java:logGet(46)) - raft.server.rpc.request.timeout = 60s (custom)
2023-10-04 17:31:13,627 [2fe9f5bb-a002-4881-945d-f328dd53395c-groupManagement] INFO  server.RaftServerConfigKeys (ConfUtils.java:logGet(46)) - raft.server.log.appender.install.snapshot.enabled = false (custom)
2023-10-04 17:31:13,627 [2fe9f5bb-a002-4881-945d-f328dd53395c-groupManagement] INFO  server.RaftServerConfigKeys (ConfUtils.java:logGet(46)) - raft.server.threadpool.server.cached = true (default)
2023-10-04 17:31:13,627 [2fe9f5bb-a002-4881-945d-f328dd53395c-groupManagement] INFO  server.RaftServerConfigKeys (ConfUtils.java:logGet(46)) - raft.server.threadpool.server.size = 0 (default)
2023-10-04 17:31:13,627 [2fe9f5bb-a002-4881-945d-f328dd53395c-groupManagement] INFO  server.RaftServerConfigKeys (ConfUtils.java:logGet(46)) - raft.server.threadpool.client.cached = true (default)
2023-10-04 17:31:13,627 [2fe9f5bb-a002-4881-945d-f328dd53395c-groupManagement] INFO  server.RaftServerConfigKeys (ConfUtils.java:logGet(46)) - raft.server.threadpool.client.size = 0 (default)
2023-10-04 17:31:13,627 [2fe9f5bb-a002-4881-945d-f328dd53395c-groupManagement] INFO  storage.RaftStorageDirectory (RaftStorageDirectoryImpl.java:analyzeStorage(137)) - The storage directory /home/runner/work/ozone/ozone/hadoop-ozone/integration-test/target/test-dir/MiniOzoneClusterImpl-ae862161-af4f-46f0-80d9-78d734e05fe2/datanode-0/data/ratis/23ba04e7-86f0-4112-9674-1a697460f7f0 does not exist. Creating ...
2023-10-04 17:31:13,630 [2fe9f5bb-a002-4881-945d-f328dd53395c-groupManagement] INFO  storage.RaftStorageDirectory (RaftStorageDirectoryImpl.java:tryLock(231)) - Lock on /home/runner/work/ozone/ozone/hadoop-ozone/integration-test/target/test-dir/MiniOzoneClusterImpl-ae862161-af4f-46f0-80d9-78d734e05fe2/datanode-0/data/ratis/23ba04e7-86f0-4112-9674-1a697460f7f0/in_use.lock acquired by nodename 7524@fv-az453-706
2023-10-04 17:31:13,631 [2fe9f5bb-a002-4881-945d-f328dd53395c-groupManagement] INFO  storage.RaftStorage (RaftStorageImpl.java:format(96)) - Storage directory /home/runner/work/ozone/ozone/hadoop-ozone/integration-test/target/test-dir/MiniOzoneClusterImpl-ae862161-af4f-46f0-80d9-78d734e05fe2/datanode-0/data/ratis/23ba04e7-86f0-4112-9674-1a697460f7f0 has been successfully formatted.
2023-10-04 17:31:13,632 [2fe9f5bb-a002-4881-945d-f328dd53395c-groupManagement] INFO  ratis.ContainerStateMachine (ContainerStateMachine.java:loadSnapshot(262)) - group-1A697460F7F0: The snapshot info is null. Setting the last applied indexto:(t:0, i:~)
2023-10-04 17:31:13,632 [2fe9f5bb-a002-4881-945d-f328dd53395c-groupManagement] INFO  server.RaftServerConfigKeys (ConfUtils.java:logGet(46)) - raft.server.log.use.memory = false (default)
2023-10-04 17:31:13,632 [2fe9f5bb-a002-4881-945d-f328dd53395c-groupManagement] INFO  server.RaftServerConfigKeys (ConfUtils.java:logGet(46)) - raft.server.log.purge.gap = 1000000 (custom)
2023-10-04 17:31:13,632 [2fe9f5bb-a002-4881-945d-f328dd53395c-groupManagement] INFO  server.RaftServerConfigKeys (ConfUtils.java:logGet(46)) - raft.server.log.appender.buffer.byte-limit = 33554432 (custom)
2023-10-04 17:31:13,633 [2fe9f5bb-a002-4881-945d-f328dd53395c-groupManagement] INFO  server.RaftServerConfigKeys (ConfUtils.java:logGet(46)) - raft.server.log.statemachine.data.read.timeout = 1000ms (default)
2023-10-04 17:31:13,633 [2fe9f5bb-a002-4881-945d-f328dd53395c-groupManagement] INFO  server.RaftServerConfigKeys (ConfUtils.java:logGet(46)) - raft.server.log.purge.preservation.log.num = 0 (default)
2023-10-04 17:31:13,633 [EventQueue-OpenPipelineForHealthyPipelineSafeModeRule] INFO  safemode.SCMSafeModeManager (HealthyPipelineSafeModeRule.java:process(137)) - SCM in safe mode. Healthy pipelines reported count is 0, required healthy pipeline reported count is 1
2023-10-04 17:31:13,633 [2fe9f5bb-a002-4881-945d-f328dd53395c-groupManagement] INFO  server.RaftServerConfigKeys (ConfUtils.java:logGet(46)) - raft.server.log.segment.size.max = 1048576 (custom)
2023-10-04 17:31:13,633 [2fe9f5bb-a002-4881-945d-f328dd53395c-groupManagement] INFO  server.RaftServerConfigKeys (ConfUtils.java:logGet(46)) - raft.server.log.segment.cache.num.max = 2 (custom)
2023-10-04 17:31:13,633 [2fe9f5bb-a002-4881-945d-f328dd53395c-groupManagement] INFO  server.RaftServerConfigKeys (ConfUtils.java:logGet(46)) - raft.server.log.segment.cache.size.max = 200MB (=209715200) (default)
2023-10-04 17:31:13,633 [2fe9f5bb-a002-4881-945d-f328dd53395c-groupManagement] INFO  server.RaftServerConfigKeys (ConfUtils.java:logGet(46)) - raft.server.log.appender.buffer.byte-limit = 33554432 (custom)
2023-10-04 17:31:13,633 [2fe9f5bb-a002-4881-945d-f328dd53395c-groupManagement] INFO  segmented.SegmentedRaftLogWorker (SegmentedRaftLogWorker.java:<init>(188)) - new 2fe9f5bb-a002-4881-945d-f328dd53395c@group-1A697460F7F0-SegmentedRaftLogWorker for RaftStorageImpl:Storage Directory /home/runner/work/ozone/ozone/hadoop-ozone/integration-test/target/test-dir/MiniOzoneClusterImpl-ae862161-af4f-46f0-80d9-78d734e05fe2/datanode-0/data/ratis/23ba04e7-86f0-4112-9674-1a697460f7f0
2023-10-04 17:31:13,633 [2fe9f5bb-a002-4881-945d-f328dd53395c-groupManagement] INFO  server.RaftServerConfigKeys (ConfUtils.java:logGet(46)) - raft.server.log.queue.byte-limit = 4294967296 (custom)
2023-10-04 17:31:13,633 [2fe9f5bb-a002-4881-945d-f328dd53395c-groupManagement] INFO  server.RaftServerConfigKeys (ConfUtils.java:logGet(46)) - raft.server.log.queue.element-limit = 1024 (custom)
2023-10-04 17:31:13,633 [2fe9f5bb-a002-4881-945d-f328dd53395c-groupManagement] INFO  server.RaftServerConfigKeys (ConfUtils.java:logGet(46)) - raft.server.log.segment.size.max = 1048576 (custom)
2023-10-04 17:31:13,633 [2fe9f5bb-a002-4881-945d-f328dd53395c-groupManagement] INFO  server.RaftServerConfigKeys (ConfUtils.java:logGet(46)) - raft.server.log.preallocated.size = 16384 (custom)
2023-10-04 17:31:13,633 [2fe9f5bb-a002-4881-945d-f328dd53395c-groupManagement] INFO  server.RaftServerConfigKeys (ConfUtils.java:logGet(46)) - raft.server.log.force.sync.num = 128 (default)
2023-10-04 17:31:13,634 [2fe9f5bb-a002-4881-945d-f328dd53395c-groupManagement] INFO  server.RaftServerConfigKeys (ConfUtils.java:logGet(46)) - raft.server.log.statemachine.data.sync = true (default)
2023-10-04 17:31:13,634 [2fe9f5bb-a002-4881-945d-f328dd53395c-groupManagement] INFO  server.RaftServerConfigKeys (ConfUtils.java:logGet(46)) - raft.server.log.statemachine.data.sync.timeout = 10s (default)
2023-10-04 17:31:13,634 [2fe9f5bb-a002-4881-945d-f328dd53395c-groupManagement] INFO  server.RaftServerConfigKeys (ConfUtils.java:logGet(46)) - raft.server.log.statemachine.data.sync.timeout.retry = -1 (default)
2023-10-04 17:31:13,634 [2fe9f5bb-a002-4881-945d-f328dd53395c-groupManagement] INFO  server.RaftServerConfigKeys (ConfUtils.java:logGet(46)) - raft.server.log.write.buffer.size = 1048576 (custom)
2023-10-04 17:31:13,635 [2fe9f5bb-a002-4881-945d-f328dd53395c-groupManagement] INFO  server.RaftServerConfigKeys (ConfUtils.java:logGet(46)) - raft.server.log.appender.buffer.byte-limit = 33554432 (custom)
2023-10-04 17:31:13,641 [2fe9f5bb-a002-4881-945d-f328dd53395c-groupManagement] INFO  server.RaftServerConfigKeys (ConfUtils.java:logGet(46)) - raft.server.log.unsafe-flush.enabled = false (default)
2023-10-04 17:31:13,641 [2fe9f5bb-a002-4881-945d-f328dd53395c-groupManagement] INFO  server.RaftServerConfigKeys (ConfUtils.java:logGet(46)) - raft.server.log.async-flush.enabled = false (default)
2023-10-04 17:31:13,641 [2fe9f5bb-a002-4881-945d-f328dd53395c-groupManagement] INFO  server.RaftServerConfigKeys (ConfUtils.java:logGet(46)) - raft.server.log.statemachine.data.caching.enabled = true (custom)
2023-10-04 17:31:13,641 [2fe9f5bb-a002-4881-945d-f328dd53395c-groupManagement] INFO  segmented.SegmentedRaftLogWorker (SegmentedRaftLogWorker.java:lambda$new$0(135)) - 2fe9f5bb-a002-4881-945d-f328dd53395c@group-1A697460F7F0-SegmentedRaftLogWorker: flushIndex: setUnconditionally 0 -> -1
2023-10-04 17:31:13,641 [2fe9f5bb-a002-4881-945d-f328dd53395c-groupManagement] INFO  segmented.SegmentedRaftLogWorker (SegmentedRaftLogWorker.java:lambda$new$0(135)) - 2fe9f5bb-a002-4881-945d-f328dd53395c@group-1A697460F7F0-SegmentedRaftLogWorker: safeCacheEvictIndex: setUnconditionally 0 -> -1
2023-10-04 17:31:13,641 [2fe9f5bb-a002-4881-945d-f328dd53395c-groupManagement] INFO  server.RaftServer$Division (RaftServerImpl.java:start(342)) - 2fe9f5bb-a002-4881-945d-f328dd53395c@group-1A697460F7F0: start as a follower, conf=-1: peers:[ce673aed-cb42-4983-a069-5a8880361102|rpc:10.1.0.20:15076|admin:10.1.0.20:15075|client:10.1.0.20:15074|dataStream:10.1.0.20:15077|priority:0|startupRole:FOLLOWER, 91ebd182-a33d-46b0-9291-0e8ba30d2124|rpc:10.1.0.20:15085|admin:10.1.0.20:15084|client:10.1.0.20:15083|dataStream:10.1.0.20:15086|priority:0|startupRole:FOLLOWER, 2fe9f5bb-a002-4881-945d-f328dd53395c|rpc:10.1.0.20:15067|admin:10.1.0.20:15066|client:10.1.0.20:15065|dataStream:10.1.0.20:15068|priority:1|startupRole:FOLLOWER]|listeners:[], old=null
2023-10-04 17:31:13,641 [2fe9f5bb-a002-4881-945d-f328dd53395c-groupManagement] INFO  server.RaftServer$Division (RaftServerImpl.java:setRole(329)) - 2fe9f5bb-a002-4881-945d-f328dd53395c@group-1A697460F7F0: changes role from      null to FOLLOWER at term 0 for startAsFollower
2023-10-04 17:31:13,641 [2fe9f5bb-a002-4881-945d-f328dd53395c-groupManagement] INFO  impl.RoleInfo (RoleInfo.java:updateAndGet(139)) - 2fe9f5bb-a002-4881-945d-f328dd53395c: start 2fe9f5bb-a002-4881-945d-f328dd53395c@group-1A697460F7F0-FollowerState
2023-10-04 17:31:13,642 [2fe9f5bb-a002-4881-945d-f328dd53395c-groupManagement] INFO  util.JmxRegister (JmxRegister.java:tryRegister(44)) - Successfully registered JMX Bean with object name Ratis:service=RaftServer,group=group-1A697460F7F0,id=2fe9f5bb-a002-4881-945d-f328dd53395c
2023-10-04 17:31:13,642 [2fe9f5bb-a002-4881-945d-f328dd53395c-groupManagement] INFO  server.RaftServerConfigKeys (ConfUtils.java:logGet(46)) - raft.server.snapshot.auto.trigger.enabled = true (custom)
2023-10-04 17:31:13,642 [2fe9f5bb-a002-4881-945d-f328dd53395c-groupManagement] INFO  server.RaftServerConfigKeys (ConfUtils.java:logGet(46)) - raft.server.snapshot.auto.trigger.threshold = 10000 (custom)
2023-10-04 17:31:13,642 [2fe9f5bb-a002-4881-945d-f328dd53395c-groupManagement] INFO  server.RaftServerConfigKeys (ConfUtils.java:logGet(46)) - raft.server.snapshot.retention.file.num = 5 (custom)
2023-10-04 17:31:13,642 [2fe9f5bb-a002-4881-945d-f328dd53395c-groupManagement] INFO  server.RaftServerConfigKeys (ConfUtils.java:logGet(46)) - raft.server.log.purge.upto.snapshot.index = false (default)
2023-10-04 17:31:13,642 [2fe9f5bb-a002-4881-945d-f328dd53395c@group-1A697460F7F0-FollowerState] INFO  server.RaftServerConfigKeys (ConfUtils.java:logFallback(53)) - raft.server.rpc.first-election.timeout.min = 5s (fallback to raft.server.rpc.timeout.min)
2023-10-04 17:31:13,643 [2fe9f5bb-a002-4881-945d-f328dd53395c@group-1A697460F7F0-FollowerState] INFO  server.RaftServerConfigKeys (ConfUtils.java:logFallback(53)) - raft.server.rpc.first-election.timeout.max = 5200ms (fallback to raft.server.rpc.timeout.max)
2023-10-04 17:31:13,647 [PipelineCommandHandlerThread-0] INFO  ratis.XceiverServerRatis (XceiverServerRatis.java:addGroup(804)) - Created group PipelineID=23ba04e7-86f0-4112-9674-1a697460f7f0
2023-10-04 17:31:13,656 [grpc-default-executor-0] INFO  server.RaftServer (RaftServerProxy.java:addNew(98)) - ce673aed-cb42-4983-a069-5a8880361102: addNew group-1A697460F7F0:[ce673aed-cb42-4983-a069-5a8880361102|rpc:10.1.0.20:15076|admin:10.1.0.20:15075|client:10.1.0.20:15074|dataStream:10.1.0.20:15077|priority:0|startupRole:FOLLOWER, 91ebd182-a33d-46b0-9291-0e8ba30d2124|rpc:10.1.0.20:15085|admin:10.1.0.20:15084|client:10.1.0.20:15083|dataStream:10.1.0.20:15086|priority:0|startupRole:FOLLOWER, 2fe9f5bb-a002-4881-945d-f328dd53395c|rpc:10.1.0.20:15067|admin:10.1.0.20:15066|client:10.1.0.20:15065|dataStream:10.1.0.20:15068|priority:1|startupRole:FOLLOWER] returns group-1A697460F7F0:java.util.concurrent.CompletableFuture@6766c56[Not completed]
2023-10-04 17:31:13,657 [ce673aed-cb42-4983-a069-5a8880361102-groupManagement] INFO  server.RaftServer$Division (RaftServerImpl.java:<init>(198)) - ce673aed-cb42-4983-a069-5a8880361102: new RaftServerImpl for group-1A697460F7F0:[ce673aed-cb42-4983-a069-5a8880361102|rpc:10.1.0.20:15076|admin:10.1.0.20:15075|client:10.1.0.20:15074|dataStream:10.1.0.20:15077|priority:0|startupRole:FOLLOWER, 91ebd182-a33d-46b0-9291-0e8ba30d2124|rpc:10.1.0.20:15085|admin:10.1.0.20:15084|client:10.1.0.20:15083|dataStream:10.1.0.20:15086|priority:0|startupRole:FOLLOWER, 2fe9f5bb-a002-4881-945d-f328dd53395c|rpc:10.1.0.20:15067|admin:10.1.0.20:15066|client:10.1.0.20:15065|dataStream:10.1.0.20:15068|priority:1|startupRole:FOLLOWER] with ContainerStateMachine:uninitialized
2023-10-04 17:31:13,657 [ce673aed-cb42-4983-a069-5a8880361102-groupManagement] INFO  server.RaftServerConfigKeys (ConfUtils.java:logGet(46)) - raft.server.rpc.timeout.min = 5s (custom)
2023-10-04 17:31:13,658 [ce673aed-cb42-4983-a069-5a8880361102-groupManagement] INFO  server.RaftServerConfigKeys (ConfUtils.java:logGet(46)) - raft.server.rpc.timeout.max = 5200ms (custom)
2023-10-04 17:31:13,658 [ce673aed-cb42-4983-a069-5a8880361102-groupManagement] INFO  server.RaftServerConfigKeys (ConfUtils.java:logGet(46)) - raft.server.rpc.sleep.time = 25ms (default)
2023-10-04 17:31:13,658 [ce673aed-cb42-4983-a069-5a8880361102-groupManagement] INFO  server.RaftServerConfigKeys (ConfUtils.java:logGet(46)) - raft.server.rpc.slowness.timeout = 300s (custom)
2023-10-04 17:31:13,658 [ce673aed-cb42-4983-a069-5a8880361102-groupManagement] INFO  server.RaftServerConfigKeys (ConfUtils.java:logGet(46)) - raft.server.leaderelection.leader.step-down.wait-time = 10s (default)
2023-10-04 17:31:13,658 [ce673aed-cb42-4983-a069-5a8880361102-groupManagement] INFO  server.RaftServerConfigKeys (ConfUtils.java:logGet(46)) - raft.server.sleep.deviation.threshold = 300ms (default)
2023-10-04 17:31:13,658 [ce673aed-cb42-4983-a069-5a8880361102-groupManagement] INFO  server.RaftServer$Division (ServerState.java:<init>(120)) - ce673aed-cb42-4983-a069-5a8880361102@group-1A697460F7F0: ConfigurationManager, init=-1: peers:[ce673aed-cb42-4983-a069-5a8880361102|rpc:10.1.0.20:15076|admin:10.1.0.20:15075|client:10.1.0.20:15074|dataStream:10.1.0.20:15077|priority:0|startupRole:FOLLOWER, 91ebd182-a33d-46b0-9291-0e8ba30d2124|rpc:10.1.0.20:15085|admin:10.1.0.20:15084|client:10.1.0.20:15083|dataStream:10.1.0.20:15086|priority:0|startupRole:FOLLOWER, 2fe9f5bb-a002-4881-945d-f328dd53395c|rpc:10.1.0.20:15067|admin:10.1.0.20:15066|client:10.1.0.20:15065|dataStream:10.1.0.20:15068|priority:1|startupRole:FOLLOWER]|listeners:[], old=null, confs=<EMPTY_MAP>
2023-10-04 17:31:13,658 [ce673aed-cb42-4983-a069-5a8880361102-groupManagement] INFO  server.RaftServerConfigKeys (ConfUtils.java:logGet(46)) - raft.server.storage.dir = [/home/runner/work/ozone/ozone/hadoop-ozone/integration-test/target/test-dir/MiniOzoneClusterImpl-ae862161-af4f-46f0-80d9-78d734e05fe2/datanode-1/data/ratis] (custom)
2023-10-04 17:31:13,658 [ce673aed-cb42-4983-a069-5a8880361102-groupManagement] INFO  server.RaftServerConfigKeys (ConfUtils.java:logGet(46)) - raft.server.log.corruption.policy = EXCEPTION (default)
2023-10-04 17:31:13,658 [ce673aed-cb42-4983-a069-5a8880361102-groupManagement] INFO  server.RaftServerConfigKeys (ConfUtils.java:logGet(46)) - raft.server.storage.free-space.min = 0MB (=0) (default)
2023-10-04 17:31:13,658 [ce673aed-cb42-4983-a069-5a8880361102-groupManagement] INFO  server.RaftServerConfigKeys (ConfUtils.java:logGet(46)) - raft.server.notification.no-leader.timeout = 300s (custom)
2023-10-04 17:31:13,658 [ce673aed-cb42-4983-a069-5a8880361102-groupManagement] INFO  server.RaftServerConfigKeys (ConfUtils.java:logGet(46)) - raft.server.read.timeout = 10s (default)
2023-10-04 17:31:13,658 [ce673aed-cb42-4983-a069-5a8880361102-groupManagement] INFO  server.RaftServerConfigKeys (ConfUtils.java:logGet(46)) - raft.server.retrycache.expirytime = 600000ms (custom)
2023-10-04 17:31:13,658 [ce673aed-cb42-4983-a069-5a8880361102-groupManagement] INFO  server.RaftServerConfigKeys (ConfUtils.java:logGet(46)) - raft.server.retrycache.statistics.expirytime = 100μs (default)
2023-10-04 17:31:13,658 [ce673aed-cb42-4983-a069-5a8880361102-groupManagement] INFO  server.RaftServerConfigKeys (ConfUtils.java:logGet(46)) - raft.server.read.option = DEFAULT (default)
2023-10-04 17:31:13,659 [ce673aed-cb42-4983-a069-5a8880361102-groupManagement] INFO  server.RaftServerConfigKeys (ConfUtils.java:logGet(46)) - raft.server.rpc.request.timeout = 60s (custom)
2023-10-04 17:31:13,659 [ce673aed-cb42-4983-a069-5a8880361102-groupManagement] INFO  server.RaftServerConfigKeys (ConfUtils.java:logGet(46)) - raft.server.log.appender.install.snapshot.enabled = false (custom)
2023-10-04 17:31:13,659 [ce673aed-cb42-4983-a069-5a8880361102-groupManagement] INFO  server.RaftServerConfigKeys (ConfUtils.java:logGet(46)) - raft.server.threadpool.server.cached = true (default)
2023-10-04 17:31:13,659 [ce673aed-cb42-4983-a069-5a8880361102-groupManagement] INFO  server.RaftServerConfigKeys (ConfUtils.java:logGet(46)) - raft.server.threadpool.server.size = 0 (default)
2023-10-04 17:31:13,659 [ce673aed-cb42-4983-a069-5a8880361102-groupManagement] INFO  server.RaftServerConfigKeys (ConfUtils.java:logGet(46)) - raft.server.threadpool.client.cached = true (default)
2023-10-04 17:31:13,659 [ce673aed-cb42-4983-a069-5a8880361102-groupManagement] INFO  server.RaftServerConfigKeys (ConfUtils.java:logGet(46)) - raft.server.threadpool.client.size = 0 (default)
2023-10-04 17:31:13,659 [ce673aed-cb42-4983-a069-5a8880361102-groupManagement] INFO  storage.RaftStorageDirectory (RaftStorageDirectoryImpl.java:analyzeStorage(137)) - The storage directory /home/runner/work/ozone/ozone/hadoop-ozone/integration-test/target/test-dir/MiniOzoneClusterImpl-ae862161-af4f-46f0-80d9-78d734e05fe2/datanode-1/data/ratis/23ba04e7-86f0-4112-9674-1a697460f7f0 does not exist. Creating ...
2023-10-04 17:31:13,661 [ce673aed-cb42-4983-a069-5a8880361102-groupManagement] INFO  storage.RaftStorageDirectory (RaftStorageDirectoryImpl.java:tryLock(231)) - Lock on /home/runner/work/ozone/ozone/hadoop-ozone/integration-test/target/test-dir/MiniOzoneClusterImpl-ae862161-af4f-46f0-80d9-78d734e05fe2/datanode-1/data/ratis/23ba04e7-86f0-4112-9674-1a697460f7f0/in_use.lock acquired by nodename 7524@fv-az453-706
2023-10-04 17:31:13,662 [ce673aed-cb42-4983-a069-5a8880361102-groupManagement] INFO  storage.RaftStorage (RaftStorageImpl.java:format(96)) - Storage directory /home/runner/work/ozone/ozone/hadoop-ozone/integration-test/target/test-dir/MiniOzoneClusterImpl-ae862161-af4f-46f0-80d9-78d734e05fe2/datanode-1/data/ratis/23ba04e7-86f0-4112-9674-1a697460f7f0 has been successfully formatted.
2023-10-04 17:31:13,663 [ce673aed-cb42-4983-a069-5a8880361102-groupManagement] INFO  ratis.ContainerStateMachine (ContainerStateMachine.java:loadSnapshot(262)) - group-1A697460F7F0: The snapshot info is null. Setting the last applied indexto:(t:0, i:~)
2023-10-04 17:31:13,663 [ce673aed-cb42-4983-a069-5a8880361102-groupManagement] INFO  server.RaftServerConfigKeys (ConfUtils.java:logGet(46)) - raft.server.log.use.memory = false (default)
2023-10-04 17:31:13,664 [ce673aed-cb42-4983-a069-5a8880361102-groupManagement] INFO  server.RaftServerConfigKeys (ConfUtils.java:logGet(46)) - raft.server.log.purge.gap = 1000000 (custom)
2023-10-04 17:31:13,664 [ce673aed-cb42-4983-a069-5a8880361102-groupManagement] INFO  server.RaftServerConfigKeys (ConfUtils.java:logGet(46)) - raft.server.log.appender.buffer.byte-limit = 33554432 (custom)
2023-10-04 17:31:13,664 [ce673aed-cb42-4983-a069-5a8880361102-groupManagement] INFO  server.RaftServerConfigKeys (ConfUtils.java:logGet(46)) - raft.server.log.statemachine.data.read.timeout = 1000ms (default)
2023-10-04 17:31:13,664 [ce673aed-cb42-4983-a069-5a8880361102-groupManagement] INFO  server.RaftServerConfigKeys (ConfUtils.java:logGet(46)) - raft.server.log.purge.preservation.log.num = 0 (default)
2023-10-04 17:31:13,664 [ce673aed-cb42-4983-a069-5a8880361102-groupManagement] INFO  server.RaftServerConfigKeys (ConfUtils.java:logGet(46)) - raft.server.log.segment.size.max = 1048576 (custom)
2023-10-04 17:31:13,665 [ce673aed-cb42-4983-a069-5a8880361102-groupManagement] INFO  server.RaftServerConfigKeys (ConfUtils.java:logGet(46)) - raft.server.log.segment.cache.num.max = 2 (custom)
2023-10-04 17:31:13,665 [ce673aed-cb42-4983-a069-5a8880361102-groupManagement] INFO  server.RaftServerConfigKeys (ConfUtils.java:logGet(46)) - raft.server.log.segment.cache.size.max = 200MB (=209715200) (default)
2023-10-04 17:31:13,665 [ce673aed-cb42-4983-a069-5a8880361102-groupManagement] INFO  server.RaftServerConfigKeys (ConfUtils.java:logGet(46)) - raft.server.log.appender.buffer.byte-limit = 33554432 (custom)
2023-10-04 17:31:13,665 [ce673aed-cb42-4983-a069-5a8880361102-groupManagement] INFO  segmented.SegmentedRaftLogWorker (SegmentedRaftLogWorker.java:<init>(188)) - new ce673aed-cb42-4983-a069-5a8880361102@group-1A697460F7F0-SegmentedRaftLogWorker for RaftStorageImpl:Storage Directory /home/runner/work/ozone/ozone/hadoop-ozone/integration-test/target/test-dir/MiniOzoneClusterImpl-ae862161-af4f-46f0-80d9-78d734e05fe2/datanode-1/data/ratis/23ba04e7-86f0-4112-9674-1a697460f7f0
2023-10-04 17:31:13,665 [ce673aed-cb42-4983-a069-5a8880361102-groupManagement] INFO  server.RaftServerConfigKeys (ConfUtils.java:logGet(46)) - raft.server.log.queue.byte-limit = 4294967296 (custom)
2023-10-04 17:31:13,665 [ce673aed-cb42-4983-a069-5a8880361102-groupManagement] INFO  server.RaftServerConfigKeys (ConfUtils.java:logGet(46)) - raft.server.log.queue.element-limit = 1024 (custom)
2023-10-04 17:31:13,665 [ce673aed-cb42-4983-a069-5a8880361102-groupManagement] INFO  server.RaftServerConfigKeys (ConfUtils.java:logGet(46)) - raft.server.log.segment.size.max = 1048576 (custom)
2023-10-04 17:31:13,665 [ce673aed-cb42-4983-a069-5a8880361102-groupManagement] INFO  server.RaftServerConfigKeys (ConfUtils.java:logGet(46)) - raft.server.log.preallocated.size = 16384 (custom)
2023-10-04 17:31:13,665 [ce673aed-cb42-4983-a069-5a8880361102-groupManagement] INFO  server.RaftServerConfigKeys (ConfUtils.java:logGet(46)) - raft.server.log.force.sync.num = 128 (default)
2023-10-04 17:31:13,665 [ce673aed-cb42-4983-a069-5a8880361102-groupManagement] INFO  server.RaftServerConfigKeys (ConfUtils.java:logGet(46)) - raft.server.log.statemachine.data.sync = true (default)
2023-10-04 17:31:13,665 [ce673aed-cb42-4983-a069-5a8880361102-groupManagement] INFO  server.RaftServerConfigKeys (ConfUtils.java:logGet(46)) - raft.server.log.statemachine.data.sync.timeout = 10s (default)
2023-10-04 17:31:13,665 [ce673aed-cb42-4983-a069-5a8880361102-groupManagement] INFO  server.RaftServerConfigKeys (ConfUtils.java:logGet(46)) - raft.server.log.statemachine.data.sync.timeout.retry = -1 (default)
2023-10-04 17:31:13,666 [ce673aed-cb42-4983-a069-5a8880361102-groupManagement] INFO  server.RaftServerConfigKeys (ConfUtils.java:logGet(46)) - raft.server.log.write.buffer.size = 1048576 (custom)
2023-10-04 17:31:13,669 [ce673aed-cb42-4983-a069-5a8880361102-groupManagement] INFO  server.RaftServerConfigKeys (ConfUtils.java:logGet(46)) - raft.server.log.appender.buffer.byte-limit = 33554432 (custom)
2023-10-04 17:31:13,675 [ce673aed-cb42-4983-a069-5a8880361102-groupManagement] INFO  server.RaftServerConfigKeys (ConfUtils.java:logGet(46)) - raft.server.log.unsafe-flush.enabled = false (default)
2023-10-04 17:31:13,675 [ce673aed-cb42-4983-a069-5a8880361102-groupManagement] INFO  server.RaftServerConfigKeys (ConfUtils.java:logGet(46)) - raft.server.log.async-flush.enabled = false (default)
2023-10-04 17:31:13,675 [ce673aed-cb42-4983-a069-5a8880361102-groupManagement] INFO  server.RaftServerConfigKeys (ConfUtils.java:logGet(46)) - raft.server.log.statemachine.data.caching.enabled = true (custom)
2023-10-04 17:31:13,675 [ce673aed-cb42-4983-a069-5a8880361102-groupManagement] INFO  segmented.SegmentedRaftLogWorker (SegmentedRaftLogWorker.java:lambda$new$0(135)) - ce673aed-cb42-4983-a069-5a8880361102@group-1A697460F7F0-SegmentedRaftLogWorker: flushIndex: setUnconditionally 0 -> -1
2023-10-04 17:31:13,675 [ce673aed-cb42-4983-a069-5a8880361102-groupManagement] INFO  segmented.SegmentedRaftLogWorker (SegmentedRaftLogWorker.java:lambda$new$0(135)) - ce673aed-cb42-4983-a069-5a8880361102@group-1A697460F7F0-SegmentedRaftLogWorker: safeCacheEvictIndex: setUnconditionally 0 -> -1
2023-10-04 17:31:13,675 [ce673aed-cb42-4983-a069-5a8880361102-groupManagement] INFO  server.RaftServer$Division (RaftServerImpl.java:start(342)) - ce673aed-cb42-4983-a069-5a8880361102@group-1A697460F7F0: start as a follower, conf=-1: peers:[ce673aed-cb42-4983-a069-5a8880361102|rpc:10.1.0.20:15076|admin:10.1.0.20:15075|client:10.1.0.20:15074|dataStream:10.1.0.20:15077|priority:0|startupRole:FOLLOWER, 91ebd182-a33d-46b0-9291-0e8ba30d2124|rpc:10.1.0.20:15085|admin:10.1.0.20:15084|client:10.1.0.20:15083|dataStream:10.1.0.20:15086|priority:0|startupRole:FOLLOWER, 2fe9f5bb-a002-4881-945d-f328dd53395c|rpc:10.1.0.20:15067|admin:10.1.0.20:15066|client:10.1.0.20:15065|dataStream:10.1.0.20:15068|priority:1|startupRole:FOLLOWER]|listeners:[], old=null
2023-10-04 17:31:13,675 [ce673aed-cb42-4983-a069-5a8880361102-groupManagement] INFO  server.RaftServer$Division (RaftServerImpl.java:setRole(329)) - ce673aed-cb42-4983-a069-5a8880361102@group-1A697460F7F0: changes role from      null to FOLLOWER at term 0 for startAsFollower
2023-10-04 17:31:13,675 [ce673aed-cb42-4983-a069-5a8880361102-groupManagement] INFO  impl.RoleInfo (RoleInfo.java:updateAndGet(139)) - ce673aed-cb42-4983-a069-5a8880361102: start ce673aed-cb42-4983-a069-5a8880361102@group-1A697460F7F0-FollowerState
2023-10-04 17:31:13,678 [ce673aed-cb42-4983-a069-5a8880361102-groupManagement] INFO  util.JmxRegister (JmxRegister.java:tryRegister(44)) - Successfully registered JMX Bean with object name Ratis:service=RaftServer,group=group-1A697460F7F0,id=ce673aed-cb42-4983-a069-5a8880361102
2023-10-04 17:31:13,678 [ce673aed-cb42-4983-a069-5a8880361102-groupManagement] INFO  server.RaftServerConfigKeys (ConfUtils.java:logGet(46)) - raft.server.snapshot.auto.trigger.enabled = true (custom)
2023-10-04 17:31:13,678 [ce673aed-cb42-4983-a069-5a8880361102-groupManagement] INFO  server.RaftServerConfigKeys (ConfUtils.java:logGet(46)) - raft.server.snapshot.auto.trigger.threshold = 10000 (custom)
2023-10-04 17:31:13,678 [ce673aed-cb42-4983-a069-5a8880361102-groupManagement] INFO  server.RaftServerConfigKeys (ConfUtils.java:logGet(46)) - raft.server.snapshot.retention.file.num = 5 (custom)
2023-10-04 17:31:13,678 [ce673aed-cb42-4983-a069-5a8880361102-groupManagement] INFO  server.RaftServerConfigKeys (ConfUtils.java:logGet(46)) - raft.server.log.purge.upto.snapshot.index = false (default)
2023-10-04 17:31:13,679 [ce673aed-cb42-4983-a069-5a8880361102@group-1A697460F7F0-FollowerState] INFO  server.RaftServerConfigKeys (ConfUtils.java:logFallback(53)) - raft.server.rpc.first-election.timeout.min = 5s (fallback to raft.server.rpc.timeout.min)
2023-10-04 17:31:13,679 [ce673aed-cb42-4983-a069-5a8880361102@group-1A697460F7F0-FollowerState] INFO  server.RaftServerConfigKeys (ConfUtils.java:logFallback(53)) - raft.server.rpc.first-election.timeout.max = 5200ms (fallback to raft.server.rpc.timeout.max)
2023-10-04 17:31:13,698 [grpc-default-executor-0] INFO  server.RaftServer (RaftServerProxy.java:addNew(98)) - 91ebd182-a33d-46b0-9291-0e8ba30d2124: addNew group-1A697460F7F0:[ce673aed-cb42-4983-a069-5a8880361102|rpc:10.1.0.20:15076|admin:10.1.0.20:15075|client:10.1.0.20:15074|dataStream:10.1.0.20:15077|priority:0|startupRole:FOLLOWER, 91ebd182-a33d-46b0-9291-0e8ba30d2124|rpc:10.1.0.20:15085|admin:10.1.0.20:15084|client:10.1.0.20:15083|dataStream:10.1.0.20:15086|priority:0|startupRole:FOLLOWER, 2fe9f5bb-a002-4881-945d-f328dd53395c|rpc:10.1.0.20:15067|admin:10.1.0.20:15066|client:10.1.0.20:15065|dataStream:10.1.0.20:15068|priority:1|startupRole:FOLLOWER] returns group-1A697460F7F0:java.util.concurrent.CompletableFuture@1097ccd8[Not completed]
2023-10-04 17:31:13,699 [91ebd182-a33d-46b0-9291-0e8ba30d2124-groupManagement] INFO  server.RaftServer$Division (RaftServerImpl.java:<init>(198)) - 91ebd182-a33d-46b0-9291-0e8ba30d2124: new RaftServerImpl for group-1A697460F7F0:[ce673aed-cb42-4983-a069-5a8880361102|rpc:10.1.0.20:15076|admin:10.1.0.20:15075|client:10.1.0.20:15074|dataStream:10.1.0.20:15077|priority:0|startupRole:FOLLOWER, 91ebd182-a33d-46b0-9291-0e8ba30d2124|rpc:10.1.0.20:15085|admin:10.1.0.20:15084|client:10.1.0.20:15083|dataStream:10.1.0.20:15086|priority:0|startupRole:FOLLOWER, 2fe9f5bb-a002-4881-945d-f328dd53395c|rpc:10.1.0.20:15067|admin:10.1.0.20:15066|client:10.1.0.20:15065|dataStream:10.1.0.20:15068|priority:1|startupRole:FOLLOWER] with ContainerStateMachine:uninitialized
2023-10-04 17:31:13,699 [91ebd182-a33d-46b0-9291-0e8ba30d2124-groupManagement] INFO  server.RaftServerConfigKeys (ConfUtils.java:logGet(46)) - raft.server.rpc.timeout.min = 5s (custom)
2023-10-04 17:31:13,699 [91ebd182-a33d-46b0-9291-0e8ba30d2124-groupManagement] INFO  server.RaftServerConfigKeys (ConfUtils.java:logGet(46)) - raft.server.rpc.timeout.max = 5200ms (custom)
2023-10-04 17:31:13,699 [91ebd182-a33d-46b0-9291-0e8ba30d2124-groupManagement] INFO  server.RaftServerConfigKeys (ConfUtils.java:logGet(46)) - raft.server.rpc.sleep.time = 25ms (default)
2023-10-04 17:31:13,699 [91ebd182-a33d-46b0-9291-0e8ba30d2124-groupManagement] INFO  server.RaftServerConfigKeys (ConfUtils.java:logGet(46)) - raft.server.rpc.slowness.timeout = 300s (custom)
2023-10-04 17:31:13,699 [91ebd182-a33d-46b0-9291-0e8ba30d2124-groupManagement] INFO  server.RaftServerConfigKeys (ConfUtils.java:logGet(46)) - raft.server.leaderelection.leader.step-down.wait-time = 10s (default)
2023-10-04 17:31:13,699 [91ebd182-a33d-46b0-9291-0e8ba30d2124-groupManagement] INFO  server.RaftServerConfigKeys (ConfUtils.java:logGet(46)) - raft.server.sleep.deviation.threshold = 300ms (default)
2023-10-04 17:31:13,699 [91ebd182-a33d-46b0-9291-0e8ba30d2124-groupManagement] INFO  server.RaftServer$Division (ServerState.java:<init>(120)) - 91ebd182-a33d-46b0-9291-0e8ba30d2124@group-1A697460F7F0: ConfigurationManager, init=-1: peers:[ce673aed-cb42-4983-a069-5a8880361102|rpc:10.1.0.20:15076|admin:10.1.0.20:15075|client:10.1.0.20:15074|dataStream:10.1.0.20:15077|priority:0|startupRole:FOLLOWER, 91ebd182-a33d-46b0-9291-0e8ba30d2124|rpc:10.1.0.20:15085|admin:10.1.0.20:15084|client:10.1.0.20:15083|dataStream:10.1.0.20:15086|priority:0|startupRole:FOLLOWER, 2fe9f5bb-a002-4881-945d-f328dd53395c|rpc:10.1.0.20:15067|admin:10.1.0.20:15066|client:10.1.0.20:15065|dataStream:10.1.0.20:15068|priority:1|startupRole:FOLLOWER]|listeners:[], old=null, confs=<EMPTY_MAP>
2023-10-04 17:31:13,699 [91ebd182-a33d-46b0-9291-0e8ba30d2124-groupManagement] INFO  server.RaftServerConfigKeys (ConfUtils.java:logGet(46)) - raft.server.storage.dir = [/home/runner/work/ozone/ozone/hadoop-ozone/integration-test/target/test-dir/MiniOzoneClusterImpl-ae862161-af4f-46f0-80d9-78d734e05fe2/datanode-2/data/ratis] (custom)
2023-10-04 17:31:13,699 [91ebd182-a33d-46b0-9291-0e8ba30d2124-groupManagement] INFO  server.RaftServerConfigKeys (ConfUtils.java:logGet(46)) - raft.server.log.corruption.policy = EXCEPTION (default)
2023-10-04 17:31:13,699 [91ebd182-a33d-46b0-9291-0e8ba30d2124-groupManagement] INFO  server.RaftServerConfigKeys (ConfUtils.java:logGet(46)) - raft.server.storage.free-space.min = 0MB (=0) (default)
2023-10-04 17:31:13,700 [91ebd182-a33d-46b0-9291-0e8ba30d2124-groupManagement] INFO  server.RaftServerConfigKeys (ConfUtils.java:logGet(46)) - raft.server.notification.no-leader.timeout = 300s (custom)
2023-10-04 17:31:13,700 [91ebd182-a33d-46b0-9291-0e8ba30d2124-groupManagement] INFO  server.RaftServerConfigKeys (ConfUtils.java:logGet(46)) - raft.server.read.timeout = 10s (default)
2023-10-04 17:31:13,700 [91ebd182-a33d-46b0-9291-0e8ba30d2124-groupManagement] INFO  server.RaftServerConfigKeys (ConfUtils.java:logGet(46)) - raft.server.retrycache.expirytime = 600000ms (custom)
2023-10-04 17:31:13,700 [91ebd182-a33d-46b0-9291-0e8ba30d2124-groupManagement] INFO  server.RaftServerConfigKeys (ConfUtils.java:logGet(46)) - raft.server.retrycache.statistics.expirytime = 100μs (default)
2023-10-04 17:31:13,700 [91ebd182-a33d-46b0-9291-0e8ba30d2124-groupManagement] INFO  server.RaftServerConfigKeys (ConfUtils.java:logGet(46)) - raft.server.read.option = DEFAULT (default)
2023-10-04 17:31:13,702 [91ebd182-a33d-46b0-9291-0e8ba30d2124-groupManagement] INFO  server.RaftServerConfigKeys (ConfUtils.java:logGet(46)) - raft.server.rpc.request.timeout = 60s (custom)
2023-10-04 17:31:13,702 [91ebd182-a33d-46b0-9291-0e8ba30d2124-groupManagement] INFO  server.RaftServerConfigKeys (ConfUtils.java:logGet(46)) - raft.server.log.appender.install.snapshot.enabled = false (custom)
2023-10-04 17:31:13,702 [91ebd182-a33d-46b0-9291-0e8ba30d2124-groupManagement] INFO  server.RaftServerConfigKeys (ConfUtils.java:logGet(46)) - raft.server.threadpool.server.cached = true (default)
2023-10-04 17:31:13,702 [91ebd182-a33d-46b0-9291-0e8ba30d2124-groupManagement] INFO  server.RaftServerConfigKeys (ConfUtils.java:logGet(46)) - raft.server.threadpool.server.size = 0 (default)
2023-10-04 17:31:13,702 [91ebd182-a33d-46b0-9291-0e8ba30d2124-groupManagement] INFO  server.RaftServerConfigKeys (ConfUtils.java:logGet(46)) - raft.server.threadpool.client.cached = true (default)
2023-10-04 17:31:13,702 [91ebd182-a33d-46b0-9291-0e8ba30d2124-groupManagement] INFO  server.RaftServerConfigKeys (ConfUtils.java:logGet(46)) - raft.server.threadpool.client.size = 0 (default)
2023-10-04 17:31:13,702 [91ebd182-a33d-46b0-9291-0e8ba30d2124-groupManagement] INFO  storage.RaftStorageDirectory (RaftStorageDirectoryImpl.java:analyzeStorage(137)) - The storage directory /home/runner/work/ozone/ozone/hadoop-ozone/integration-test/target/test-dir/MiniOzoneClusterImpl-ae862161-af4f-46f0-80d9-78d734e05fe2/datanode-2/data/ratis/23ba04e7-86f0-4112-9674-1a697460f7f0 does not exist. Creating ...
2023-10-04 17:31:13,703 [91ebd182-a33d-46b0-9291-0e8ba30d2124-groupManagement] INFO  storage.RaftStorageDirectory (RaftStorageDirectoryImpl.java:tryLock(231)) - Lock on /home/runner/work/ozone/ozone/hadoop-ozone/integration-test/target/test-dir/MiniOzoneClusterImpl-ae862161-af4f-46f0-80d9-78d734e05fe2/datanode-2/data/ratis/23ba04e7-86f0-4112-9674-1a697460f7f0/in_use.lock acquired by nodename 7524@fv-az453-706
2023-10-04 17:31:13,705 [91ebd182-a33d-46b0-9291-0e8ba30d2124-groupManagement] INFO  storage.RaftStorage (RaftStorageImpl.java:format(96)) - Storage directory /home/runner/work/ozone/ozone/hadoop-ozone/integration-test/target/test-dir/MiniOzoneClusterImpl-ae862161-af4f-46f0-80d9-78d734e05fe2/datanode-2/data/ratis/23ba04e7-86f0-4112-9674-1a697460f7f0 has been successfully formatted.
2023-10-04 17:31:13,705 [91ebd182-a33d-46b0-9291-0e8ba30d2124-groupManagement] INFO  ratis.ContainerStateMachine (ContainerStateMachine.java:loadSnapshot(262)) - group-1A697460F7F0: The snapshot info is null. Setting the last applied indexto:(t:0, i:~)
2023-10-04 17:31:13,705 [91ebd182-a33d-46b0-9291-0e8ba30d2124-groupManagement] INFO  server.RaftServerConfigKeys (ConfUtils.java:logGet(46)) - raft.server.log.use.memory = false (default)
2023-10-04 17:31:13,706 [91ebd182-a33d-46b0-9291-0e8ba30d2124-groupManagement] INFO  server.RaftServerConfigKeys (ConfUtils.java:logGet(46)) - raft.server.log.purge.gap = 1000000 (custom)
2023-10-04 17:31:13,706 [91ebd182-a33d-46b0-9291-0e8ba30d2124-groupManagement] INFO  server.RaftServerConfigKeys (ConfUtils.java:logGet(46)) - raft.server.log.appender.buffer.byte-limit = 33554432 (custom)
2023-10-04 17:31:13,706 [91ebd182-a33d-46b0-9291-0e8ba30d2124-groupManagement] INFO  server.RaftServerConfigKeys (ConfUtils.java:logGet(46)) - raft.server.log.statemachine.data.read.timeout = 1000ms (default)
2023-10-04 17:31:13,706 [91ebd182-a33d-46b0-9291-0e8ba30d2124-groupManagement] INFO  server.RaftServerConfigKeys (ConfUtils.java:logGet(46)) - raft.server.log.purge.preservation.log.num = 0 (default)
2023-10-04 17:31:13,706 [91ebd182-a33d-46b0-9291-0e8ba30d2124-groupManagement] INFO  server.RaftServerConfigKeys (ConfUtils.java:logGet(46)) - raft.server.log.segment.size.max = 1048576 (custom)
2023-10-04 17:31:13,706 [91ebd182-a33d-46b0-9291-0e8ba30d2124-groupManagement] INFO  server.RaftServerConfigKeys (ConfUtils.java:logGet(46)) - raft.server.log.segment.cache.num.max = 2 (custom)
2023-10-04 17:31:13,706 [91ebd182-a33d-46b0-9291-0e8ba30d2124-groupManagement] INFO  server.RaftServerConfigKeys (ConfUtils.java:logGet(46)) - raft.server.log.segment.cache.size.max = 200MB (=209715200) (default)
2023-10-04 17:31:13,706 [91ebd182-a33d-46b0-9291-0e8ba30d2124-groupManagement] INFO  server.RaftServerConfigKeys (ConfUtils.java:logGet(46)) - raft.server.log.appender.buffer.byte-limit = 33554432 (custom)
2023-10-04 17:31:13,706 [91ebd182-a33d-46b0-9291-0e8ba30d2124-groupManagement] INFO  segmented.SegmentedRaftLogWorker (SegmentedRaftLogWorker.java:<init>(188)) - new 91ebd182-a33d-46b0-9291-0e8ba30d2124@group-1A697460F7F0-SegmentedRaftLogWorker for RaftStorageImpl:Storage Directory /home/runner/work/ozone/ozone/hadoop-ozone/integration-test/target/test-dir/MiniOzoneClusterImpl-ae862161-af4f-46f0-80d9-78d734e05fe2/datanode-2/data/ratis/23ba04e7-86f0-4112-9674-1a697460f7f0
2023-10-04 17:31:13,706 [91ebd182-a33d-46b0-9291-0e8ba30d2124-groupManagement] INFO  server.RaftServerConfigKeys (ConfUtils.java:logGet(46)) - raft.server.log.queue.byte-limit = 4294967296 (custom)
2023-10-04 17:31:13,707 [91ebd182-a33d-46b0-9291-0e8ba30d2124-groupManagement] INFO  server.RaftServerConfigKeys (ConfUtils.java:logGet(46)) - raft.server.log.queue.element-limit = 1024 (custom)
2023-10-04 17:31:13,707 [91ebd182-a33d-46b0-9291-0e8ba30d2124-groupManagement] INFO  server.RaftServerConfigKeys (ConfUtils.java:logGet(46)) - raft.server.log.segment.size.max = 1048576 (custom)
2023-10-04 17:31:13,707 [91ebd182-a33d-46b0-9291-0e8ba30d2124-groupManagement] INFO  server.RaftServerConfigKeys (ConfUtils.java:logGet(46)) - raft.server.log.preallocated.size = 16384 (custom)
2023-10-04 17:31:13,707 [91ebd182-a33d-46b0-9291-0e8ba30d2124-groupManagement] INFO  server.RaftServerConfigKeys (ConfUtils.java:logGet(46)) - raft.server.log.force.sync.num = 128 (default)
2023-10-04 17:31:13,707 [91ebd182-a33d-46b0-9291-0e8ba30d2124-groupManagement] INFO  server.RaftServerConfigKeys (ConfUtils.java:logGet(46)) - raft.server.log.statemachine.data.sync = true (default)
2023-10-04 17:31:13,707 [91ebd182-a33d-46b0-9291-0e8ba30d2124-groupManagement] INFO  server.RaftServerConfigKeys (ConfUtils.java:logGet(46)) - raft.server.log.statemachine.data.sync.timeout = 10s (default)
2023-10-04 17:31:13,707 [91ebd182-a33d-46b0-9291-0e8ba30d2124-groupManagement] INFO  server.RaftServerConfigKeys (ConfUtils.java:logGet(46)) - raft.server.log.statemachine.data.sync.timeout.retry = -1 (default)
2023-10-04 17:31:13,707 [91ebd182-a33d-46b0-9291-0e8ba30d2124-groupManagement] INFO  server.RaftServerConfigKeys (ConfUtils.java:logGet(46)) - raft.server.log.write.buffer.size = 1048576 (custom)
2023-10-04 17:31:13,708 [91ebd182-a33d-46b0-9291-0e8ba30d2124-groupManagement] INFO  server.RaftServerConfigKeys (ConfUtils.java:logGet(46)) - raft.server.log.appender.buffer.byte-limit = 33554432 (custom)
2023-10-04 17:31:13,716 [91ebd182-a33d-46b0-9291-0e8ba30d2124-groupManagement] INFO  server.RaftServerConfigKeys (ConfUtils.java:logGet(46)) - raft.server.log.unsafe-flush.enabled = false (default)
2023-10-04 17:31:13,716 [91ebd182-a33d-46b0-9291-0e8ba30d2124-groupManagement] INFO  server.RaftServerConfigKeys (ConfUtils.java:logGet(46)) - raft.server.log.async-flush.enabled = false (default)
2023-10-04 17:31:13,716 [91ebd182-a33d-46b0-9291-0e8ba30d2124-groupManagement] INFO  server.RaftServerConfigKeys (ConfUtils.java:logGet(46)) - raft.server.log.statemachine.data.caching.enabled = true (custom)
2023-10-04 17:31:13,716 [91ebd182-a33d-46b0-9291-0e8ba30d2124-groupManagement] INFO  segmented.SegmentedRaftLogWorker (SegmentedRaftLogWorker.java:lambda$new$0(135)) - 91ebd182-a33d-46b0-9291-0e8ba30d2124@group-1A697460F7F0-SegmentedRaftLogWorker: flushIndex: setUnconditionally 0 -> -1
2023-10-04 17:31:13,716 [91ebd182-a33d-46b0-9291-0e8ba30d2124-groupManagement] INFO  segmented.SegmentedRaftLogWorker (SegmentedRaftLogWorker.java:lambda$new$0(135)) - 91ebd182-a33d-46b0-9291-0e8ba30d2124@group-1A697460F7F0-SegmentedRaftLogWorker: safeCacheEvictIndex: setUnconditionally 0 -> -1
2023-10-04 17:31:13,716 [91ebd182-a33d-46b0-9291-0e8ba30d2124-groupManagement] INFO  server.RaftServer$Division (RaftServerImpl.java:start(342)) - 91ebd182-a33d-46b0-9291-0e8ba30d2124@group-1A697460F7F0: start as a follower, conf=-1: peers:[ce673aed-cb42-4983-a069-5a8880361102|rpc:10.1.0.20:15076|admin:10.1.0.20:15075|client:10.1.0.20:15074|dataStream:10.1.0.20:15077|priority:0|startupRole:FOLLOWER, 91ebd182-a33d-46b0-9291-0e8ba30d2124|rpc:10.1.0.20:15085|admin:10.1.0.20:15084|client:10.1.0.20:15083|dataStream:10.1.0.20:15086|priority:0|startupRole:FOLLOWER, 2fe9f5bb-a002-4881-945d-f328dd53395c|rpc:10.1.0.20:15067|admin:10.1.0.20:15066|client:10.1.0.20:15065|dataStream:10.1.0.20:15068|priority:1|startupRole:FOLLOWER]|listeners:[], old=null
2023-10-04 17:31:13,716 [91ebd182-a33d-46b0-9291-0e8ba30d2124-groupManagement] INFO  server.RaftServer$Division (RaftServerImpl.java:setRole(329)) - 91ebd182-a33d-46b0-9291-0e8ba30d2124@group-1A697460F7F0: changes role from      null to FOLLOWER at term 0 for startAsFollower
2023-10-04 17:31:13,716 [91ebd182-a33d-46b0-9291-0e8ba30d2124-groupManagement] INFO  impl.RoleInfo (RoleInfo.java:updateAndGet(139)) - 91ebd182-a33d-46b0-9291-0e8ba30d2124: start 91ebd182-a33d-46b0-9291-0e8ba30d2124@group-1A697460F7F0-FollowerState
2023-10-04 17:31:13,717 [91ebd182-a33d-46b0-9291-0e8ba30d2124-groupManagement] INFO  util.JmxRegister (JmxRegister.java:tryRegister(44)) - Successfully registered JMX Bean with object name Ratis:service=RaftServer,group=group-1A697460F7F0,id=91ebd182-a33d-46b0-9291-0e8ba30d2124
2023-10-04 17:31:13,717 [91ebd182-a33d-46b0-9291-0e8ba30d2124-groupManagement] INFO  server.RaftServerConfigKeys (ConfUtils.java:logGet(46)) - raft.server.snapshot.auto.trigger.enabled = true (custom)
2023-10-04 17:31:13,717 [91ebd182-a33d-46b0-9291-0e8ba30d2124-groupManagement] INFO  server.RaftServerConfigKeys (ConfUtils.java:logGet(46)) - raft.server.snapshot.auto.trigger.threshold = 10000 (custom)
2023-10-04 17:31:13,717 [91ebd182-a33d-46b0-9291-0e8ba30d2124-groupManagement] INFO  server.RaftServerConfigKeys (ConfUtils.java:logGet(46)) - raft.server.snapshot.retention.file.num = 5 (custom)
2023-10-04 17:31:13,717 [91ebd182-a33d-46b0-9291-0e8ba30d2124-groupManagement] INFO  server.RaftServerConfigKeys (ConfUtils.java:logGet(46)) - raft.server.log.purge.upto.snapshot.index = false (default)
2023-10-04 17:31:13,718 [91ebd182-a33d-46b0-9291-0e8ba30d2124@group-1A697460F7F0-FollowerState] INFO  server.RaftServerConfigKeys (ConfUtils.java:logFallback(53)) - raft.server.rpc.first-election.timeout.min = 5s (fallback to raft.server.rpc.timeout.min)
2023-10-04 17:31:13,718 [91ebd182-a33d-46b0-9291-0e8ba30d2124@group-1A697460F7F0-FollowerState] INFO  server.RaftServerConfigKeys (ConfUtils.java:logFallback(53)) - raft.server.rpc.first-election.timeout.max = 5200ms (fallback to raft.server.rpc.timeout.max)
2023-10-04 17:31:13,723 [PipelineCommandHandlerThread-0] INFO  commandhandler.CreatePipelineCommandHandler (CreatePipelineCommandHandler.java:lambda$handle$2(124)) - Created Pipeline RATIS THREE PipelineID=23ba04e7-86f0-4112-9674-1a697460f7f0.
2023-10-04 17:31:13,773 [ce673aed-cb42-4983-a069-5a8880361102-groupManagement] INFO  server.RaftServer$Division (RaftServerImpl.java:<init>(198)) - ce673aed-cb42-4983-a069-5a8880361102: new RaftServerImpl for group-5C52E27B4309:[ce673aed-cb42-4983-a069-5a8880361102|rpc:10.1.0.20:15076|admin:10.1.0.20:15075|client:10.1.0.20:15074|dataStream:10.1.0.20:15077|priority:1|startupRole:FOLLOWER] with ContainerStateMachine:uninitialized
2023-10-04 17:31:13,773 [ce673aed-cb42-4983-a069-5a8880361102-groupManagement] INFO  server.RaftServerConfigKeys (ConfUtils.java:logGet(46)) - raft.server.rpc.timeout.min = 5s (custom)
2023-10-04 17:31:13,773 [ce673aed-cb42-4983-a069-5a8880361102-groupManagement] INFO  server.RaftServerConfigKeys (ConfUtils.java:logGet(46)) - raft.server.rpc.timeout.max = 5200ms (custom)
2023-10-04 17:31:13,773 [ce673aed-cb42-4983-a069-5a8880361102-groupManagement] INFO  server.RaftServerConfigKeys (ConfUtils.java:logGet(46)) - raft.server.rpc.sleep.time = 25ms (default)
2023-10-04 17:31:13,773 [ce673aed-cb42-4983-a069-5a8880361102-groupManagement] INFO  server.RaftServerConfigKeys (ConfUtils.java:logGet(46)) - raft.server.rpc.slowness.timeout = 300s (custom)
2023-10-04 17:31:13,773 [ce673aed-cb42-4983-a069-5a8880361102-groupManagement] INFO  server.RaftServerConfigKeys (ConfUtils.java:logGet(46)) - raft.server.leaderelection.leader.step-down.wait-time = 10s (default)
2023-10-04 17:31:13,773 [ce673aed-cb42-4983-a069-5a8880361102-groupManagement] INFO  server.RaftServerConfigKeys (ConfUtils.java:logGet(46)) - raft.server.sleep.deviation.threshold = 300ms (default)
2023-10-04 17:31:13,773 [ce673aed-cb42-4983-a069-5a8880361102-groupManagement] INFO  server.RaftServer$Division (ServerState.java:<init>(120)) - ce673aed-cb42-4983-a069-5a8880361102@group-5C52E27B4309: ConfigurationManager, init=-1: peers:[ce673aed-cb42-4983-a069-5a8880361102|rpc:10.1.0.20:15076|admin:10.1.0.20:15075|client:10.1.0.20:15074|dataStream:10.1.0.20:15077|priority:1|startupRole:FOLLOWER]|listeners:[], old=null, confs=<EMPTY_MAP>
2023-10-04 17:31:13,773 [ce673aed-cb42-4983-a069-5a8880361102-groupManagement] INFO  server.RaftServerConfigKeys (ConfUtils.java:logGet(46)) - raft.server.storage.dir = [/home/runner/work/ozone/ozone/hadoop-ozone/integration-test/target/test-dir/MiniOzoneClusterImpl-ae862161-af4f-46f0-80d9-78d734e05fe2/datanode-1/data/ratis] (custom)
2023-10-04 17:31:13,775 [ce673aed-cb42-4983-a069-5a8880361102-groupManagement] INFO  server.RaftServerConfigKeys (ConfUtils.java:logGet(46)) - raft.server.log.corruption.policy = EXCEPTION (default)
2023-10-04 17:31:13,775 [ce673aed-cb42-4983-a069-5a8880361102-groupManagement] INFO  server.RaftServerConfigKeys (ConfUtils.java:logGet(46)) - raft.server.storage.free-space.min = 0MB (=0) (default)
2023-10-04 17:31:13,775 [ce673aed-cb42-4983-a069-5a8880361102-groupManagement] INFO  server.RaftServerConfigKeys (ConfUtils.java:logGet(46)) - raft.server.notification.no-leader.timeout = 300s (custom)
2023-10-04 17:31:13,775 [ce673aed-cb42-4983-a069-5a8880361102-groupManagement] INFO  server.RaftServerConfigKeys (ConfUtils.java:logGet(46)) - raft.server.read.timeout = 10s (default)
2023-10-04 17:31:13,775 [ce673aed-cb42-4983-a069-5a8880361102-groupManagement] INFO  server.RaftServerConfigKeys (ConfUtils.java:logGet(46)) - raft.server.retrycache.expirytime = 600000ms (custom)
2023-10-04 17:31:13,775 [ce673aed-cb42-4983-a069-5a8880361102-groupManagement] INFO  server.RaftServerConfigKeys (ConfUtils.java:logGet(46)) - raft.server.retrycache.statistics.expirytime = 100μs (default)
2023-10-04 17:31:13,775 [ce673aed-cb42-4983-a069-5a8880361102-groupManagement] INFO  server.RaftServerConfigKeys (ConfUtils.java:logGet(46)) - raft.server.read.option = DEFAULT (default)
2023-10-04 17:31:13,776 [ce673aed-cb42-4983-a069-5a8880361102-groupManagement] INFO  server.RaftServerConfigKeys (ConfUtils.java:logGet(46)) - raft.server.rpc.request.timeout = 60s (custom)
2023-10-04 17:31:13,776 [ce673aed-cb42-4983-a069-5a8880361102-groupManagement] INFO  server.RaftServerConfigKeys (ConfUtils.java:logGet(46)) - raft.server.log.appender.install.snapshot.enabled = false (custom)
2023-10-04 17:31:13,776 [ce673aed-cb42-4983-a069-5a8880361102-groupManagement] INFO  server.RaftServerConfigKeys (ConfUtils.java:logGet(46)) - raft.server.threadpool.server.cached = true (default)
2023-10-04 17:31:13,776 [ce673aed-cb42-4983-a069-5a8880361102-groupManagement] INFO  server.RaftServerConfigKeys (ConfUtils.java:logGet(46)) - raft.server.threadpool.server.size = 0 (default)
2023-10-04 17:31:13,776 [ce673aed-cb42-4983-a069-5a8880361102-groupManagement] INFO  server.RaftServerConfigKeys (ConfUtils.java:logGet(46)) - raft.server.threadpool.client.cached = true (default)
2023-10-04 17:31:13,776 [ce673aed-cb42-4983-a069-5a8880361102-groupManagement] INFO  server.RaftServerConfigKeys (ConfUtils.java:logGet(46)) - raft.server.threadpool.client.size = 0 (default)
2023-10-04 17:31:13,776 [PipelineCommandHandlerThread-0] INFO  server.RaftServer (RaftServerProxy.java:addNew(98)) - ce673aed-cb42-4983-a069-5a8880361102: addNew group-5C52E27B4309:[ce673aed-cb42-4983-a069-5a8880361102|rpc:10.1.0.20:15076|admin:10.1.0.20:15075|client:10.1.0.20:15074|dataStream:10.1.0.20:15077|priority:1|startupRole:FOLLOWER] returns      null ce673aed-cb42-4983-a069-5a8880361102@group-5C52E27B4309:t0, leader=null, voted=null, raftlog=UNINITIALIZED, conf=-1: peers:[ce673aed-cb42-4983-a069-5a8880361102|rpc:10.1.0.20:15076|admin:10.1.0.20:15075|client:10.1.0.20:15074|dataStream:10.1.0.20:15077|priority:1|startupRole:FOLLOWER]|listeners:[], old=null NEW
2023-10-04 17:31:13,777 [ce673aed-cb42-4983-a069-5a8880361102-groupManagement] INFO  storage.RaftStorageDirectory (RaftStorageDirectoryImpl.java:analyzeStorage(137)) - The storage directory /home/runner/work/ozone/ozone/hadoop-ozone/integration-test/target/test-dir/MiniOzoneClusterImpl-ae862161-af4f-46f0-80d9-78d734e05fe2/datanode-1/data/ratis/6dc81fca-5a6d-4df3-9a0a-5c52e27b4309 does not exist. Creating ...
2023-10-04 17:31:13,778 [ce673aed-cb42-4983-a069-5a8880361102-groupManagement] INFO  storage.RaftStorageDirectory (RaftStorageDirectoryImpl.java:tryLock(231)) - Lock on /home/runner/work/ozone/ozone/hadoop-ozone/integration-test/target/test-dir/MiniOzoneClusterImpl-ae862161-af4f-46f0-80d9-78d734e05fe2/datanode-1/data/ratis/6dc81fca-5a6d-4df3-9a0a-5c52e27b4309/in_use.lock acquired by nodename 7524@fv-az453-706
2023-10-04 17:31:13,779 [ce673aed-cb42-4983-a069-5a8880361102-groupManagement] INFO  storage.RaftStorage (RaftStorageImpl.java:format(96)) - Storage directory /home/runner/work/ozone/ozone/hadoop-ozone/integration-test/target/test-dir/MiniOzoneClusterImpl-ae862161-af4f-46f0-80d9-78d734e05fe2/datanode-1/data/ratis/6dc81fca-5a6d-4df3-9a0a-5c52e27b4309 has been successfully formatted.
2023-10-04 17:31:13,780 [ce673aed-cb42-4983-a069-5a8880361102-groupManagement] INFO  ratis.ContainerStateMachine (ContainerStateMachine.java:loadSnapshot(262)) - group-5C52E27B4309: The snapshot info is null. Setting the last applied indexto:(t:0, i:~)
2023-10-04 17:31:13,780 [ce673aed-cb42-4983-a069-5a8880361102-groupManagement] INFO  server.RaftServerConfigKeys (ConfUtils.java:logGet(46)) - raft.server.log.use.memory = false (default)
2023-10-04 17:31:13,780 [ce673aed-cb42-4983-a069-5a8880361102-groupManagement] INFO  server.RaftServerConfigKeys (ConfUtils.java:logGet(46)) - raft.server.log.purge.gap = 1000000 (custom)
2023-10-04 17:31:13,780 [ce673aed-cb42-4983-a069-5a8880361102-groupManagement] INFO  server.RaftServerConfigKeys (ConfUtils.java:logGet(46)) - raft.server.log.appender.buffer.byte-limit = 33554432 (custom)
2023-10-04 17:31:13,780 [ce673aed-cb42-4983-a069-5a8880361102-groupManagement] INFO  server.RaftServerConfigKeys (ConfUtils.java:logGet(46)) - raft.server.log.statemachine.data.read.timeout = 1000ms (default)
2023-10-04 17:31:13,780 [ce673aed-cb42-4983-a069-5a8880361102-groupManagement] INFO  server.RaftServerConfigKeys (ConfUtils.java:logGet(46)) - raft.server.log.purge.preservation.log.num = 0 (default)
2023-10-04 17:31:13,780 [ce673aed-cb42-4983-a069-5a8880361102-groupManagement] INFO  server.RaftServerConfigKeys (ConfUtils.java:logGet(46)) - raft.server.log.segment.size.max = 1048576 (custom)
2023-10-04 17:31:13,780 [ce673aed-cb42-4983-a069-5a8880361102-groupManagement] INFO  server.RaftServerConfigKeys (ConfUtils.java:logGet(46)) - raft.server.log.segment.cache.num.max = 2 (custom)
2023-10-04 17:31:13,781 [ce673aed-cb42-4983-a069-5a8880361102-groupManagement] INFO  server.RaftServerConfigKeys (ConfUtils.java:logGet(46)) - raft.server.log.segment.cache.size.max = 200MB (=209715200) (default)
2023-10-04 17:31:13,781 [ce673aed-cb42-4983-a069-5a8880361102-groupManagement] INFO  server.RaftServerConfigKeys (ConfUtils.java:logGet(46)) - raft.server.log.appender.buffer.byte-limit = 33554432 (custom)
2023-10-04 17:31:13,781 [ce673aed-cb42-4983-a069-5a8880361102-groupManagement] INFO  segmented.SegmentedRaftLogWorker (SegmentedRaftLogWorker.java:<init>(188)) - new ce673aed-cb42-4983-a069-5a8880361102@group-5C52E27B4309-SegmentedRaftLogWorker for RaftStorageImpl:Storage Directory /home/runner/work/ozone/ozone/hadoop-ozone/integration-test/target/test-dir/MiniOzoneClusterImpl-ae862161-af4f-46f0-80d9-78d734e05fe2/datanode-1/data/ratis/6dc81fca-5a6d-4df3-9a0a-5c52e27b4309
2023-10-04 17:31:13,782 [ce673aed-cb42-4983-a069-5a8880361102-groupManagement] INFO  server.RaftServerConfigKeys (ConfUtils.java:logGet(46)) - raft.server.log.queue.byte-limit = 4294967296 (custom)
2023-10-04 17:31:13,783 [EventQueue-PipelineReportForPipelineReportHandler] INFO  pipeline.PipelineReportHandler (PipelineReportHandler.java:processPipelineReport(136)) - Opened pipeline PipelineID=6dc81fca-5a6d-4df3-9a0a-5c52e27b4309
2023-10-04 17:31:13,785 [EventQueue-OpenPipelineForHealthyPipelineSafeModeRule] INFO  safemode.SCMSafeModeManager (HealthyPipelineSafeModeRule.java:process(137)) - SCM in safe mode. Healthy pipelines reported count is 0, required healthy pipeline reported count is 1
2023-10-04 17:31:13,785 [ce673aed-cb42-4983-a069-5a8880361102-groupManagement] INFO  server.RaftServerConfigKeys (ConfUtils.java:logGet(46)) - raft.server.log.queue.element-limit = 1024 (custom)
2023-10-04 17:31:13,785 [ce673aed-cb42-4983-a069-5a8880361102-groupManagement] INFO  server.RaftServerConfigKeys (ConfUtils.java:logGet(46)) - raft.server.log.segment.size.max = 1048576 (custom)
2023-10-04 17:31:13,785 [ce673aed-cb42-4983-a069-5a8880361102-groupManagement] INFO  server.RaftServerConfigKeys (ConfUtils.java:logGet(46)) - raft.server.log.preallocated.size = 16384 (custom)
2023-10-04 17:31:13,785 [ce673aed-cb42-4983-a069-5a8880361102-groupManagement] INFO  server.RaftServerConfigKeys (ConfUtils.java:logGet(46)) - raft.server.log.force.sync.num = 128 (default)
2023-10-04 17:31:13,785 [ce673aed-cb42-4983-a069-5a8880361102-groupManagement] INFO  server.RaftServerConfigKeys (ConfUtils.java:logGet(46)) - raft.server.log.statemachine.data.sync = true (default)
2023-10-04 17:31:13,785 [ce673aed-cb42-4983-a069-5a8880361102-groupManagement] INFO  server.RaftServerConfigKeys (ConfUtils.java:logGet(46)) - raft.server.log.statemachine.data.sync.timeout = 10s (default)
2023-10-04 17:31:13,785 [ce673aed-cb42-4983-a069-5a8880361102-groupManagement] INFO  server.RaftServerConfigKeys (ConfUtils.java:logGet(46)) - raft.server.log.statemachine.data.sync.timeout.retry = -1 (default)
2023-10-04 17:31:13,786 [ce673aed-cb42-4983-a069-5a8880361102-groupManagement] INFO  server.RaftServerConfigKeys (ConfUtils.java:logGet(46)) - raft.server.log.write.buffer.size = 1048576 (custom)
2023-10-04 17:31:13,787 [ce673aed-cb42-4983-a069-5a8880361102-groupManagement] INFO  server.RaftServerConfigKeys (ConfUtils.java:logGet(46)) - raft.server.log.appender.buffer.byte-limit = 33554432 (custom)
2023-10-04 17:31:13,792 [ce673aed-cb42-4983-a069-5a8880361102-groupManagement] INFO  server.RaftServerConfigKeys (ConfUtils.java:logGet(46)) - raft.server.log.unsafe-flush.enabled = false (default)
2023-10-04 17:31:13,792 [ce673aed-cb42-4983-a069-5a8880361102-groupManagement] INFO  server.RaftServerConfigKeys (ConfUtils.java:logGet(46)) - raft.server.log.async-flush.enabled = false (default)
2023-10-04 17:31:13,792 [ce673aed-cb42-4983-a069-5a8880361102-groupManagement] INFO  server.RaftServerConfigKeys (ConfUtils.java:logGet(46)) - raft.server.log.statemachine.data.caching.enabled = true (custom)
2023-10-04 17:31:13,792 [ce673aed-cb42-4983-a069-5a8880361102-groupManagement] INFO  segmented.SegmentedRaftLogWorker (SegmentedRaftLogWorker.java:lambda$new$0(135)) - ce673aed-cb42-4983-a069-5a8880361102@group-5C52E27B4309-SegmentedRaftLogWorker: flushIndex: setUnconditionally 0 -> -1
2023-10-04 17:31:13,792 [ce673aed-cb42-4983-a069-5a8880361102-groupManagement] INFO  segmented.SegmentedRaftLogWorker (SegmentedRaftLogWorker.java:lambda$new$0(135)) - ce673aed-cb42-4983-a069-5a8880361102@group-5C52E27B4309-SegmentedRaftLogWorker: safeCacheEvictIndex: setUnconditionally 0 -> -1
2023-10-04 17:31:13,793 [ce673aed-cb42-4983-a069-5a8880361102-groupManagement] INFO  server.RaftServer$Division (RaftServerImpl.java:start(342)) - ce673aed-cb42-4983-a069-5a8880361102@group-5C52E27B4309: start as a follower, conf=-1: peers:[ce673aed-cb42-4983-a069-5a8880361102|rpc:10.1.0.20:15076|admin:10.1.0.20:15075|client:10.1.0.20:15074|dataStream:10.1.0.20:15077|priority:1|startupRole:FOLLOWER]|listeners:[], old=null
2023-10-04 17:31:13,793 [ce673aed-cb42-4983-a069-5a8880361102-groupManagement] INFO  server.RaftServer$Division (RaftServerImpl.java:setRole(329)) - ce673aed-cb42-4983-a069-5a8880361102@group-5C52E27B4309: changes role from      null to FOLLOWER at term 0 for startAsFollower
2023-10-04 17:31:13,793 [ce673aed-cb42-4983-a069-5a8880361102-groupManagement] INFO  impl.RoleInfo (RoleInfo.java:updateAndGet(139)) - ce673aed-cb42-4983-a069-5a8880361102: start ce673aed-cb42-4983-a069-5a8880361102@group-5C52E27B4309-FollowerState
2023-10-04 17:31:13,800 [ce673aed-cb42-4983-a069-5a8880361102-groupManagement] INFO  util.JmxRegister (JmxRegister.java:tryRegister(44)) - Successfully registered JMX Bean with object name Ratis:service=RaftServer,group=group-5C52E27B4309,id=ce673aed-cb42-4983-a069-5a8880361102
2023-10-04 17:31:13,800 [ce673aed-cb42-4983-a069-5a8880361102-groupManagement] INFO  server.RaftServerConfigKeys (ConfUtils.java:logGet(46)) - raft.server.snapshot.auto.trigger.enabled = true (custom)
2023-10-04 17:31:13,800 [ce673aed-cb42-4983-a069-5a8880361102-groupManagement] INFO  server.RaftServerConfigKeys (ConfUtils.java:logGet(46)) - raft.server.snapshot.auto.trigger.threshold = 10000 (custom)
2023-10-04 17:31:13,800 [ce673aed-cb42-4983-a069-5a8880361102-groupManagement] INFO  server.RaftServerConfigKeys (ConfUtils.java:logGet(46)) - raft.server.snapshot.retention.file.num = 5 (custom)
2023-10-04 17:31:13,800 [ce673aed-cb42-4983-a069-5a8880361102-groupManagement] INFO  server.RaftServerConfigKeys (ConfUtils.java:logGet(46)) - raft.server.log.purge.upto.snapshot.index = false (default)
2023-10-04 17:31:13,801 [ce673aed-cb42-4983-a069-5a8880361102@group-5C52E27B4309-FollowerState] INFO  server.RaftServerConfigKeys (ConfUtils.java:logFallback(53)) - raft.server.rpc.first-election.timeout.min = 5s (fallback to raft.server.rpc.timeout.min)
2023-10-04 17:31:13,801 [PipelineCommandHandlerThread-0] INFO  ratis.XceiverServerRatis (XceiverServerRatis.java:addGroup(804)) - Created group PipelineID=6dc81fca-5a6d-4df3-9a0a-5c52e27b4309
2023-10-04 17:31:13,801 [ce673aed-cb42-4983-a069-5a8880361102@group-5C52E27B4309-FollowerState] INFO  server.RaftServerConfigKeys (ConfUtils.java:logFallback(53)) - raft.server.rpc.first-election.timeout.max = 5200ms (fallback to raft.server.rpc.timeout.max)
2023-10-04 17:31:13,801 [PipelineCommandHandlerThread-0] INFO  commandhandler.CreatePipelineCommandHandler (CreatePipelineCommandHandler.java:lambda$handle$2(124)) - Created Pipeline RATIS ONE PipelineID=6dc81fca-5a6d-4df3-9a0a-5c52e27b4309.
2023-10-04 17:31:13,862 [main] INFO  ozone.MiniOzoneClusterImpl (MiniOzoneClusterImpl.java:lambda$waitForClusterToBeReady$0(229)) - Nodes are ready. Got 5 of 5 DN Heartbeats.
2023-10-04 17:31:13,862 [main] INFO  ozone.MiniOzoneClusterImpl (MiniOzoneClusterImpl.java:lambda$waitForClusterToBeReady$0(232)) - Waiting for cluster to exit safe mode
2023-10-04 17:31:13,862 [main] INFO  ozone.MiniOzoneClusterImpl (MiniOzoneClusterImpl.java:lambda$waitForClusterToBeReady$0(234)) - SCM became leader
2023-10-04 17:31:14,154 [PipelineCommandHandlerThread-0] INFO  server.RaftServer (RaftServerProxy.java:addNew(98)) - 91ebd182-a33d-46b0-9291-0e8ba30d2124: addNew group-319943758E1F:[91ebd182-a33d-46b0-9291-0e8ba30d2124|rpc:10.1.0.20:15085|admin:10.1.0.20:15084|client:10.1.0.20:15083|dataStream:10.1.0.20:15086|priority:1|startupRole:FOLLOWER] returns group-319943758E1F:java.util.concurrent.CompletableFuture@574f3ef4[Not completed]
2023-10-04 17:31:14,155 [91ebd182-a33d-46b0-9291-0e8ba30d2124-groupManagement] INFO  server.RaftServer$Division (RaftServerImpl.java:<init>(198)) - 91ebd182-a33d-46b0-9291-0e8ba30d2124: new RaftServerImpl for group-319943758E1F:[91ebd182-a33d-46b0-9291-0e8ba30d2124|rpc:10.1.0.20:15085|admin:10.1.0.20:15084|client:10.1.0.20:15083|dataStream:10.1.0.20:15086|priority:1|startupRole:FOLLOWER] with ContainerStateMachine:uninitialized
2023-10-04 17:31:14,155 [91ebd182-a33d-46b0-9291-0e8ba30d2124-groupManagement] INFO  server.RaftServerConfigKeys (ConfUtils.java:logGet(46)) - raft.server.rpc.timeout.min = 5s (custom)
2023-10-04 17:31:14,155 [91ebd182-a33d-46b0-9291-0e8ba30d2124-groupManagement] INFO  server.RaftServerConfigKeys (ConfUtils.java:logGet(46)) - raft.server.rpc.timeout.max = 5200ms (custom)
2023-10-04 17:31:14,155 [91ebd182-a33d-46b0-9291-0e8ba30d2124-groupManagement] INFO  server.RaftServerConfigKeys (ConfUtils.java:logGet(46)) - raft.server.rpc.sleep.time = 25ms (default)
2023-10-04 17:31:14,156 [91ebd182-a33d-46b0-9291-0e8ba30d2124-groupManagement] INFO  server.RaftServerConfigKeys (ConfUtils.java:logGet(46)) - raft.server.rpc.slowness.timeout = 300s (custom)
2023-10-04 17:31:14,156 [91ebd182-a33d-46b0-9291-0e8ba30d2124-groupManagement] INFO  server.RaftServerConfigKeys (ConfUtils.java:logGet(46)) - raft.server.leaderelection.leader.step-down.wait-time = 10s (default)
2023-10-04 17:31:14,156 [91ebd182-a33d-46b0-9291-0e8ba30d2124-groupManagement] INFO  server.RaftServerConfigKeys (ConfUtils.java:logGet(46)) - raft.server.sleep.deviation.threshold = 300ms (default)
2023-10-04 17:31:14,156 [91ebd182-a33d-46b0-9291-0e8ba30d2124-groupManagement] INFO  server.RaftServer$Division (ServerState.java:<init>(120)) - 91ebd182-a33d-46b0-9291-0e8ba30d2124@group-319943758E1F: ConfigurationManager, init=-1: peers:[91ebd182-a33d-46b0-9291-0e8ba30d2124|rpc:10.1.0.20:15085|admin:10.1.0.20:15084|client:10.1.0.20:15083|dataStream:10.1.0.20:15086|priority:1|startupRole:FOLLOWER]|listeners:[], old=null, confs=<EMPTY_MAP>
2023-10-04 17:31:14,156 [91ebd182-a33d-46b0-9291-0e8ba30d2124-groupManagement] INFO  server.RaftServerConfigKeys (ConfUtils.java:logGet(46)) - raft.server.storage.dir = [/home/runner/work/ozone/ozone/hadoop-ozone/integration-test/target/test-dir/MiniOzoneClusterImpl-ae862161-af4f-46f0-80d9-78d734e05fe2/datanode-2/data/ratis] (custom)
2023-10-04 17:31:14,156 [91ebd182-a33d-46b0-9291-0e8ba30d2124-groupManagement] INFO  server.RaftServerConfigKeys (ConfUtils.java:logGet(46)) - raft.server.log.corruption.policy = EXCEPTION (default)
2023-10-04 17:31:14,156 [91ebd182-a33d-46b0-9291-0e8ba30d2124-groupManagement] INFO  server.RaftServerConfigKeys (ConfUtils.java:logGet(46)) - raft.server.storage.free-space.min = 0MB (=0) (default)
2023-10-04 17:31:14,156 [91ebd182-a33d-46b0-9291-0e8ba30d2124-groupManagement] INFO  server.RaftServerConfigKeys (ConfUtils.java:logGet(46)) - raft.server.notification.no-leader.timeout = 300s (custom)
2023-10-04 17:31:14,156 [91ebd182-a33d-46b0-9291-0e8ba30d2124-groupManagement] INFO  server.RaftServerConfigKeys (ConfUtils.java:logGet(46)) - raft.server.read.timeout = 10s (default)
2023-10-04 17:31:14,156 [91ebd182-a33d-46b0-9291-0e8ba30d2124-groupManagement] INFO  server.RaftServerConfigKeys (ConfUtils.java:logGet(46)) - raft.server.retrycache.expirytime = 600000ms (custom)
2023-10-04 17:31:14,156 [91ebd182-a33d-46b0-9291-0e8ba30d2124-groupManagement] INFO  server.RaftServerConfigKeys (ConfUtils.java:logGet(46)) - raft.server.retrycache.statistics.expirytime = 100μs (default)
2023-10-04 17:31:14,156 [91ebd182-a33d-46b0-9291-0e8ba30d2124-groupManagement] INFO  server.RaftServerConfigKeys (ConfUtils.java:logGet(46)) - raft.server.read.option = DEFAULT (default)
2023-10-04 17:31:14,157 [91ebd182-a33d-46b0-9291-0e8ba30d2124-groupManagement] INFO  server.RaftServerConfigKeys (ConfUtils.java:logGet(46)) - raft.server.rpc.request.timeout = 60s (custom)
2023-10-04 17:31:14,157 [91ebd182-a33d-46b0-9291-0e8ba30d2124-groupManagement] INFO  server.RaftServerConfigKeys (ConfUtils.java:logGet(46)) - raft.server.log.appender.install.snapshot.enabled = false (custom)
2023-10-04 17:31:14,157 [91ebd182-a33d-46b0-9291-0e8ba30d2124-groupManagement] INFO  server.RaftServerConfigKeys (ConfUtils.java:logGet(46)) - raft.server.threadpool.server.cached = true (default)
2023-10-04 17:31:14,157 [91ebd182-a33d-46b0-9291-0e8ba30d2124-groupManagement] INFO  server.RaftServerConfigKeys (ConfUtils.java:logGet(46)) - raft.server.threadpool.server.size = 0 (default)
2023-10-04 17:31:14,157 [91ebd182-a33d-46b0-9291-0e8ba30d2124-groupManagement] INFO  server.RaftServerConfigKeys (ConfUtils.java:logGet(46)) - raft.server.threadpool.client.cached = true (default)
2023-10-04 17:31:14,157 [91ebd182-a33d-46b0-9291-0e8ba30d2124-groupManagement] INFO  server.RaftServerConfigKeys (ConfUtils.java:logGet(46)) - raft.server.threadpool.client.size = 0 (default)
2023-10-04 17:31:14,157 [91ebd182-a33d-46b0-9291-0e8ba30d2124-groupManagement] INFO  storage.RaftStorageDirectory (RaftStorageDirectoryImpl.java:analyzeStorage(137)) - The storage directory /home/runner/work/ozone/ozone/hadoop-ozone/integration-test/target/test-dir/MiniOzoneClusterImpl-ae862161-af4f-46f0-80d9-78d734e05fe2/datanode-2/data/ratis/03cd53b8-6835-4b31-a60d-319943758e1f does not exist. Creating ...
2023-10-04 17:31:14,159 [91ebd182-a33d-46b0-9291-0e8ba30d2124-groupManagement] INFO  storage.RaftStorageDirectory (RaftStorageDirectoryImpl.java:tryLock(231)) - Lock on /home/runner/work/ozone/ozone/hadoop-ozone/integration-test/target/test-dir/MiniOzoneClusterImpl-ae862161-af4f-46f0-80d9-78d734e05fe2/datanode-2/data/ratis/03cd53b8-6835-4b31-a60d-319943758e1f/in_use.lock acquired by nodename 7524@fv-az453-706
2023-10-04 17:31:14,160 [91ebd182-a33d-46b0-9291-0e8ba30d2124-groupManagement] INFO  storage.RaftStorage (RaftStorageImpl.java:format(96)) - Storage directory /home/runner/work/ozone/ozone/hadoop-ozone/integration-test/target/test-dir/MiniOzoneClusterImpl-ae862161-af4f-46f0-80d9-78d734e05fe2/datanode-2/data/ratis/03cd53b8-6835-4b31-a60d-319943758e1f has been successfully formatted.
2023-10-04 17:31:14,163 [EventQueue-PipelineReportForPipelineReportHandler] INFO  pipeline.PipelineReportHandler (PipelineReportHandler.java:processPipelineReport(136)) - Opened pipeline PipelineID=03cd53b8-6835-4b31-a60d-319943758e1f
2023-10-04 17:31:14,163 [EventQueue-OpenPipelineForHealthyPipelineSafeModeRule] INFO  safemode.SCMSafeModeManager (HealthyPipelineSafeModeRule.java:process(137)) - SCM in safe mode. Healthy pipelines reported count is 0, required healthy pipeline reported count is 1
2023-10-04 17:31:14,165 [91ebd182-a33d-46b0-9291-0e8ba30d2124-groupManagement] INFO  ratis.ContainerStateMachine (ContainerStateMachine.java:loadSnapshot(262)) - group-319943758E1F: The snapshot info is null. Setting the last applied indexto:(t:0, i:~)
2023-10-04 17:31:14,166 [91ebd182-a33d-46b0-9291-0e8ba30d2124-groupManagement] INFO  server.RaftServerConfigKeys (ConfUtils.java:logGet(46)) - raft.server.log.use.memory = false (default)
2023-10-04 17:31:14,166 [91ebd182-a33d-46b0-9291-0e8ba30d2124-groupManagement] INFO  server.RaftServerConfigKeys (ConfUtils.java:logGet(46)) - raft.server.log.purge.gap = 1000000 (custom)
2023-10-04 17:31:14,166 [91ebd182-a33d-46b0-9291-0e8ba30d2124-groupManagement] INFO  server.RaftServerConfigKeys (ConfUtils.java:logGet(46)) - raft.server.log.appender.buffer.byte-limit = 33554432 (custom)
2023-10-04 17:31:14,166 [91ebd182-a33d-46b0-9291-0e8ba30d2124-groupManagement] INFO  server.RaftServerConfigKeys (ConfUtils.java:logGet(46)) - raft.server.log.statemachine.data.read.timeout = 1000ms (default)
2023-10-04 17:31:14,166 [91ebd182-a33d-46b0-9291-0e8ba30d2124-groupManagement] INFO  server.RaftServerConfigKeys (ConfUtils.java:logGet(46)) - raft.server.log.purge.preservation.log.num = 0 (default)
2023-10-04 17:31:14,166 [91ebd182-a33d-46b0-9291-0e8ba30d2124-groupManagement] INFO  server.RaftServerConfigKeys (ConfUtils.java:logGet(46)) - raft.server.log.segment.size.max = 1048576 (custom)
2023-10-04 17:31:14,166 [91ebd182-a33d-46b0-9291-0e8ba30d2124-groupManagement] INFO  server.RaftServerConfigKeys (ConfUtils.java:logGet(46)) - raft.server.log.segment.cache.num.max = 2 (custom)
2023-10-04 17:31:14,166 [91ebd182-a33d-46b0-9291-0e8ba30d2124-groupManagement] INFO  server.RaftServerConfigKeys (ConfUtils.java:logGet(46)) - raft.server.log.segment.cache.size.max = 200MB (=209715200) (default)
2023-10-04 17:31:14,166 [91ebd182-a33d-46b0-9291-0e8ba30d2124-groupManagement] INFO  server.RaftServerConfigKeys (ConfUtils.java:logGet(46)) - raft.server.log.appender.buffer.byte-limit = 33554432 (custom)
2023-10-04 17:31:14,166 [91ebd182-a33d-46b0-9291-0e8ba30d2124-groupManagement] INFO  segmented.SegmentedRaftLogWorker (SegmentedRaftLogWorker.java:<init>(188)) - new 91ebd182-a33d-46b0-9291-0e8ba30d2124@group-319943758E1F-SegmentedRaftLogWorker for RaftStorageImpl:Storage Directory /home/runner/work/ozone/ozone/hadoop-ozone/integration-test/target/test-dir/MiniOzoneClusterImpl-ae862161-af4f-46f0-80d9-78d734e05fe2/datanode-2/data/ratis/03cd53b8-6835-4b31-a60d-319943758e1f
2023-10-04 17:31:14,167 [91ebd182-a33d-46b0-9291-0e8ba30d2124-groupManagement] INFO  server.RaftServerConfigKeys (ConfUtils.java:logGet(46)) - raft.server.log.queue.byte-limit = 4294967296 (custom)
2023-10-04 17:31:14,167 [91ebd182-a33d-46b0-9291-0e8ba30d2124-groupManagement] INFO  server.RaftServerConfigKeys (ConfUtils.java:logGet(46)) - raft.server.log.queue.element-limit = 1024 (custom)
2023-10-04 17:31:14,167 [91ebd182-a33d-46b0-9291-0e8ba30d2124-groupManagement] INFO  server.RaftServerConfigKeys (ConfUtils.java:logGet(46)) - raft.server.log.segment.size.max = 1048576 (custom)
2023-10-04 17:31:14,167 [91ebd182-a33d-46b0-9291-0e8ba30d2124-groupManagement] INFO  server.RaftServerConfigKeys (ConfUtils.java:logGet(46)) - raft.server.log.preallocated.size = 16384 (custom)
2023-10-04 17:31:14,167 [91ebd182-a33d-46b0-9291-0e8ba30d2124-groupManagement] INFO  server.RaftServerConfigKeys (ConfUtils.java:logGet(46)) - raft.server.log.force.sync.num = 128 (default)
2023-10-04 17:31:14,167 [91ebd182-a33d-46b0-9291-0e8ba30d2124-groupManagement] INFO  server.RaftServerConfigKeys (ConfUtils.java:logGet(46)) - raft.server.log.statemachine.data.sync = true (default)
2023-10-04 17:31:14,167 [91ebd182-a33d-46b0-9291-0e8ba30d2124-groupManagement] INFO  server.RaftServerConfigKeys (ConfUtils.java:logGet(46)) - raft.server.log.statemachine.data.sync.timeout = 10s (default)
2023-10-04 17:31:14,167 [91ebd182-a33d-46b0-9291-0e8ba30d2124-groupManagement] INFO  server.RaftServerConfigKeys (ConfUtils.java:logGet(46)) - raft.server.log.statemachine.data.sync.timeout.retry = -1 (default)
2023-10-04 17:31:14,167 [91ebd182-a33d-46b0-9291-0e8ba30d2124-groupManagement] INFO  server.RaftServerConfigKeys (ConfUtils.java:logGet(46)) - raft.server.log.write.buffer.size = 1048576 (custom)
2023-10-04 17:31:14,168 [91ebd182-a33d-46b0-9291-0e8ba30d2124-groupManagement] INFO  server.RaftServerConfigKeys (ConfUtils.java:logGet(46)) - raft.server.log.appender.buffer.byte-limit = 33554432 (custom)
2023-10-04 17:31:14,173 [91ebd182-a33d-46b0-9291-0e8ba30d2124-groupManagement] INFO  server.RaftServerConfigKeys (ConfUtils.java:logGet(46)) - raft.server.log.unsafe-flush.enabled = false (default)
2023-10-04 17:31:14,173 [91ebd182-a33d-46b0-9291-0e8ba30d2124-groupManagement] INFO  server.RaftServerConfigKeys (ConfUtils.java:logGet(46)) - raft.server.log.async-flush.enabled = false (default)
2023-10-04 17:31:14,173 [91ebd182-a33d-46b0-9291-0e8ba30d2124-groupManagement] INFO  server.RaftServerConfigKeys (ConfUtils.java:logGet(46)) - raft.server.log.statemachine.data.caching.enabled = true (custom)
2023-10-04 17:31:14,174 [91ebd182-a33d-46b0-9291-0e8ba30d2124-groupManagement] INFO  segmented.SegmentedRaftLogWorker (SegmentedRaftLogWorker.java:lambda$new$0(135)) - 91ebd182-a33d-46b0-9291-0e8ba30d2124@group-319943758E1F-SegmentedRaftLogWorker: flushIndex: setUnconditionally 0 -> -1
2023-10-04 17:31:14,174 [91ebd182-a33d-46b0-9291-0e8ba30d2124-groupManagement] INFO  segmented.SegmentedRaftLogWorker (SegmentedRaftLogWorker.java:lambda$new$0(135)) - 91ebd182-a33d-46b0-9291-0e8ba30d2124@group-319943758E1F-SegmentedRaftLogWorker: safeCacheEvictIndex: setUnconditionally 0 -> -1
2023-10-04 17:31:14,174 [91ebd182-a33d-46b0-9291-0e8ba30d2124-groupManagement] INFO  server.RaftServer$Division (RaftServerImpl.java:start(342)) - 91ebd182-a33d-46b0-9291-0e8ba30d2124@group-319943758E1F: start as a follower, conf=-1: peers:[91ebd182-a33d-46b0-9291-0e8ba30d2124|rpc:10.1.0.20:15085|admin:10.1.0.20:15084|client:10.1.0.20:15083|dataStream:10.1.0.20:15086|priority:1|startupRole:FOLLOWER]|listeners:[], old=null
2023-10-04 17:31:14,174 [91ebd182-a33d-46b0-9291-0e8ba30d2124-groupManagement] INFO  server.RaftServer$Division (RaftServerImpl.java:setRole(329)) - 91ebd182-a33d-46b0-9291-0e8ba30d2124@group-319943758E1F: changes role from      null to FOLLOWER at term 0 for startAsFollower
2023-10-04 17:31:14,174 [91ebd182-a33d-46b0-9291-0e8ba30d2124-groupManagement] INFO  impl.RoleInfo (RoleInfo.java:updateAndGet(139)) - 91ebd182-a33d-46b0-9291-0e8ba30d2124: start 91ebd182-a33d-46b0-9291-0e8ba30d2124@group-319943758E1F-FollowerState
2023-10-04 17:31:14,174 [91ebd182-a33d-46b0-9291-0e8ba30d2124-groupManagement] INFO  util.JmxRegister (JmxRegister.java:tryRegister(44)) - Successfully registered JMX Bean with object name Ratis:service=RaftServer,group=group-319943758E1F,id=91ebd182-a33d-46b0-9291-0e8ba30d2124
2023-10-04 17:31:14,175 [91ebd182-a33d-46b0-9291-0e8ba30d2124-groupManagement] INFO  server.RaftServerConfigKeys (ConfUtils.java:logGet(46)) - raft.server.snapshot.auto.trigger.enabled = true (custom)
2023-10-04 17:31:14,175 [91ebd182-a33d-46b0-9291-0e8ba30d2124-groupManagement] INFO  server.RaftServerConfigKeys (ConfUtils.java:logGet(46)) - raft.server.snapshot.auto.trigger.threshold = 10000 (custom)
2023-10-04 17:31:14,175 [91ebd182-a33d-46b0-9291-0e8ba30d2124-groupManagement] INFO  server.RaftServerConfigKeys (ConfUtils.java:logGet(46)) - raft.server.snapshot.retention.file.num = 5 (custom)
2023-10-04 17:31:14,175 [91ebd182-a33d-46b0-9291-0e8ba30d2124-groupManagement] INFO  server.RaftServerConfigKeys (ConfUtils.java:logGet(46)) - raft.server.log.purge.upto.snapshot.index = false (default)
2023-10-04 17:31:14,175 [91ebd182-a33d-46b0-9291-0e8ba30d2124@group-319943758E1F-FollowerState] INFO  server.RaftServerConfigKeys (ConfUtils.java:logFallback(53)) - raft.server.rpc.first-election.timeout.min = 5s (fallback to raft.server.rpc.timeout.min)
2023-10-04 17:31:14,175 [91ebd182-a33d-46b0-9291-0e8ba30d2124@group-319943758E1F-FollowerState] INFO  server.RaftServerConfigKeys (ConfUtils.java:logFallback(53)) - raft.server.rpc.first-election.timeout.max = 5200ms (fallback to raft.server.rpc.timeout.max)
2023-10-04 17:31:14,175 [PipelineCommandHandlerThread-0] INFO  ratis.XceiverServerRatis (XceiverServerRatis.java:addGroup(804)) - Created group PipelineID=03cd53b8-6835-4b31-a60d-319943758e1f
2023-10-04 17:31:14,176 [PipelineCommandHandlerThread-0] INFO  commandhandler.CreatePipelineCommandHandler (CreatePipelineCommandHandler.java:lambda$handle$2(124)) - Created Pipeline RATIS ONE PipelineID=03cd53b8-6835-4b31-a60d-319943758e1f.
2023-10-04 17:31:14,560 [PipelineCommandHandlerThread-0] INFO  server.RaftServer (RaftServerProxy.java:addNew(98)) - 0cce5ae1-4d90-47eb-b549-a29c890f95a0: addNew group-A5A2B23113C4:[0cce5ae1-4d90-47eb-b549-a29c890f95a0|rpc:10.1.0.20:15094|admin:10.1.0.20:15093|client:10.1.0.20:15092|dataStream:10.1.0.20:15095|priority:1|startupRole:FOLLOWER] returns group-A5A2B23113C4:java.util.concurrent.CompletableFuture@c2c80f4[Not completed]
2023-10-04 17:31:14,562 [0cce5ae1-4d90-47eb-b549-a29c890f95a0-groupManagement] INFO  server.RaftServer$Division (RaftServerImpl.java:<init>(198)) - 0cce5ae1-4d90-47eb-b549-a29c890f95a0: new RaftServerImpl for group-A5A2B23113C4:[0cce5ae1-4d90-47eb-b549-a29c890f95a0|rpc:10.1.0.20:15094|admin:10.1.0.20:15093|client:10.1.0.20:15092|dataStream:10.1.0.20:15095|priority:1|startupRole:FOLLOWER] with ContainerStateMachine:uninitialized
2023-10-04 17:31:14,562 [0cce5ae1-4d90-47eb-b549-a29c890f95a0-groupManagement] INFO  server.RaftServerConfigKeys (ConfUtils.java:logGet(46)) - raft.server.rpc.timeout.min = 5s (custom)
2023-10-04 17:31:14,562 [0cce5ae1-4d90-47eb-b549-a29c890f95a0-groupManagement] INFO  server.RaftServerConfigKeys (ConfUtils.java:logGet(46)) - raft.server.rpc.timeout.max = 5200ms (custom)
2023-10-04 17:31:14,562 [0cce5ae1-4d90-47eb-b549-a29c890f95a0-groupManagement] INFO  server.RaftServerConfigKeys (ConfUtils.java:logGet(46)) - raft.server.rpc.sleep.time = 25ms (default)
2023-10-04 17:31:14,562 [0cce5ae1-4d90-47eb-b549-a29c890f95a0-groupManagement] INFO  server.RaftServerConfigKeys (ConfUtils.java:logGet(46)) - raft.server.rpc.slowness.timeout = 300s (custom)
2023-10-04 17:31:14,562 [0cce5ae1-4d90-47eb-b549-a29c890f95a0-groupManagement] INFO  server.RaftServerConfigKeys (ConfUtils.java:logGet(46)) - raft.server.leaderelection.leader.step-down.wait-time = 10s (default)
2023-10-04 17:31:14,562 [0cce5ae1-4d90-47eb-b549-a29c890f95a0-groupManagement] INFO  server.RaftServerConfigKeys (ConfUtils.java:logGet(46)) - raft.server.sleep.deviation.threshold = 300ms (default)
2023-10-04 17:31:14,562 [0cce5ae1-4d90-47eb-b549-a29c890f95a0-groupManagement] INFO  server.RaftServer$Division (ServerState.java:<init>(120)) - 0cce5ae1-4d90-47eb-b549-a29c890f95a0@group-A5A2B23113C4: ConfigurationManager, init=-1: peers:[0cce5ae1-4d90-47eb-b549-a29c890f95a0|rpc:10.1.0.20:15094|admin:10.1.0.20:15093|client:10.1.0.20:15092|dataStream:10.1.0.20:15095|priority:1|startupRole:FOLLOWER]|listeners:[], old=null, confs=<EMPTY_MAP>
2023-10-04 17:31:14,562 [0cce5ae1-4d90-47eb-b549-a29c890f95a0-groupManagement] INFO  server.RaftServerConfigKeys (ConfUtils.java:logGet(46)) - raft.server.storage.dir = [/home/runner/work/ozone/ozone/hadoop-ozone/integration-test/target/test-dir/MiniOzoneClusterImpl-ae862161-af4f-46f0-80d9-78d734e05fe2/datanode-3/data/ratis] (custom)
2023-10-04 17:31:14,562 [0cce5ae1-4d90-47eb-b549-a29c890f95a0-groupManagement] INFO  server.RaftServerConfigKeys (ConfUtils.java:logGet(46)) - raft.server.log.corruption.policy = EXCEPTION (default)
2023-10-04 17:31:14,563 [0cce5ae1-4d90-47eb-b549-a29c890f95a0-groupManagement] INFO  server.RaftServerConfigKeys (ConfUtils.java:logGet(46)) - raft.server.storage.free-space.min = 0MB (=0) (default)
2023-10-04 17:31:14,563 [0cce5ae1-4d90-47eb-b549-a29c890f95a0-groupManagement] INFO  server.RaftServerConfigKeys (ConfUtils.java:logGet(46)) - raft.server.notification.no-leader.timeout = 300s (custom)
2023-10-04 17:31:14,563 [0cce5ae1-4d90-47eb-b549-a29c890f95a0-groupManagement] INFO  server.RaftServerConfigKeys (ConfUtils.java:logGet(46)) - raft.server.read.timeout = 10s (default)
2023-10-04 17:31:14,563 [0cce5ae1-4d90-47eb-b549-a29c890f95a0-groupManagement] INFO  server.RaftServerConfigKeys (ConfUtils.java:logGet(46)) - raft.server.retrycache.expirytime = 600000ms (custom)
2023-10-04 17:31:14,563 [0cce5ae1-4d90-47eb-b549-a29c890f95a0-groupManagement] INFO  server.RaftServerConfigKeys (ConfUtils.java:logGet(46)) - raft.server.retrycache.statistics.expirytime = 100μs (default)
2023-10-04 17:31:14,563 [0cce5ae1-4d90-47eb-b549-a29c890f95a0-groupManagement] INFO  server.RaftServerConfigKeys (ConfUtils.java:logGet(46)) - raft.server.read.option = DEFAULT (default)
2023-10-04 17:31:14,564 [0cce5ae1-4d90-47eb-b549-a29c890f95a0-groupManagement] INFO  server.RaftServerConfigKeys (ConfUtils.java:logGet(46)) - raft.server.rpc.request.timeout = 60s (custom)
2023-10-04 17:31:14,564 [0cce5ae1-4d90-47eb-b549-a29c890f95a0-groupManagement] INFO  server.RaftServerConfigKeys (ConfUtils.java:logGet(46)) - raft.server.log.appender.install.snapshot.enabled = false (custom)
2023-10-04 17:31:14,564 [0cce5ae1-4d90-47eb-b549-a29c890f95a0-groupManagement] INFO  server.RaftServerConfigKeys (ConfUtils.java:logGet(46)) - raft.server.threadpool.server.cached = true (default)
2023-10-04 17:31:14,564 [0cce5ae1-4d90-47eb-b549-a29c890f95a0-groupManagement] INFO  server.RaftServerConfigKeys (ConfUtils.java:logGet(46)) - raft.server.threadpool.server.size = 0 (default)
2023-10-04 17:31:14,564 [0cce5ae1-4d90-47eb-b549-a29c890f95a0-groupManagement] INFO  server.RaftServerConfigKeys (ConfUtils.java:logGet(46)) - raft.server.threadpool.client.cached = true (default)
2023-10-04 17:31:14,564 [0cce5ae1-4d90-47eb-b549-a29c890f95a0-groupManagement] INFO  server.RaftServerConfigKeys (ConfUtils.java:logGet(46)) - raft.server.threadpool.client.size = 0 (default)
2023-10-04 17:31:14,564 [0cce5ae1-4d90-47eb-b549-a29c890f95a0-groupManagement] INFO  storage.RaftStorageDirectory (RaftStorageDirectoryImpl.java:analyzeStorage(137)) - The storage directory /home/runner/work/ozone/ozone/hadoop-ozone/integration-test/target/test-dir/MiniOzoneClusterImpl-ae862161-af4f-46f0-80d9-78d734e05fe2/datanode-3/data/ratis/0be1fec6-3381-4aff-bfab-a5a2b23113c4 does not exist. Creating ...
2023-10-04 17:31:14,565 [0cce5ae1-4d90-47eb-b549-a29c890f95a0-groupManagement] INFO  storage.RaftStorageDirectory (RaftStorageDirectoryImpl.java:tryLock(231)) - Lock on /home/runner/work/ozone/ozone/hadoop-ozone/integration-test/target/test-dir/MiniOzoneClusterImpl-ae862161-af4f-46f0-80d9-78d734e05fe2/datanode-3/data/ratis/0be1fec6-3381-4aff-bfab-a5a2b23113c4/in_use.lock acquired by nodename 7524@fv-az453-706
2023-10-04 17:31:14,567 [0cce5ae1-4d90-47eb-b549-a29c890f95a0-groupManagement] INFO  storage.RaftStorage (RaftStorageImpl.java:format(96)) - Storage directory /home/runner/work/ozone/ozone/hadoop-ozone/integration-test/target/test-dir/MiniOzoneClusterImpl-ae862161-af4f-46f0-80d9-78d734e05fe2/datanode-3/data/ratis/0be1fec6-3381-4aff-bfab-a5a2b23113c4 has been successfully formatted.
2023-10-04 17:31:14,568 [0cce5ae1-4d90-47eb-b549-a29c890f95a0-groupManagement] INFO  ratis.ContainerStateMachine (ContainerStateMachine.java:loadSnapshot(262)) - group-A5A2B23113C4: The snapshot info is null. Setting the last applied indexto:(t:0, i:~)
2023-10-04 17:31:14,568 [0cce5ae1-4d90-47eb-b549-a29c890f95a0-groupManagement] INFO  server.RaftServerConfigKeys (ConfUtils.java:logGet(46)) - raft.server.log.use.memory = false (default)
2023-10-04 17:31:14,568 [0cce5ae1-4d90-47eb-b549-a29c890f95a0-groupManagement] INFO  server.RaftServerConfigKeys (ConfUtils.java:logGet(46)) - raft.server.log.purge.gap = 1000000 (custom)
2023-10-04 17:31:14,568 [0cce5ae1-4d90-47eb-b549-a29c890f95a0-groupManagement] INFO  server.RaftServerConfigKeys (ConfUtils.java:logGet(46)) - raft.server.log.appender.buffer.byte-limit = 33554432 (custom)
2023-10-04 17:31:14,569 [0cce5ae1-4d90-47eb-b549-a29c890f95a0-groupManagement] INFO  server.RaftServerConfigKeys (ConfUtils.java:logGet(46)) - raft.server.log.statemachine.data.read.timeout = 1000ms (default)
2023-10-04 17:31:14,569 [0cce5ae1-4d90-47eb-b549-a29c890f95a0-groupManagement] INFO  server.RaftServerConfigKeys (ConfUtils.java:logGet(46)) - raft.server.log.purge.preservation.log.num = 0 (default)
2023-10-04 17:31:14,569 [0cce5ae1-4d90-47eb-b549-a29c890f95a0-groupManagement] INFO  server.RaftServerConfigKeys (ConfUtils.java:logGet(46)) - raft.server.log.segment.size.max = 1048576 (custom)
2023-10-04 17:31:14,569 [0cce5ae1-4d90-47eb-b549-a29c890f95a0-groupManagement] INFO  server.RaftServerConfigKeys (ConfUtils.java:logGet(46)) - raft.server.log.segment.cache.num.max = 2 (custom)
2023-10-04 17:31:14,569 [0cce5ae1-4d90-47eb-b549-a29c890f95a0-groupManagement] INFO  server.RaftServerConfigKeys (ConfUtils.java:logGet(46)) - raft.server.log.segment.cache.size.max = 200MB (=209715200) (default)
2023-10-04 17:31:14,569 [0cce5ae1-4d90-47eb-b549-a29c890f95a0-groupManagement] INFO  server.RaftServerConfigKeys (ConfUtils.java:logGet(46)) - raft.server.log.appender.buffer.byte-limit = 33554432 (custom)
2023-10-04 17:31:14,569 [0cce5ae1-4d90-47eb-b549-a29c890f95a0-groupManagement] INFO  segmented.SegmentedRaftLogWorker (SegmentedRaftLogWorker.java:<init>(188)) - new 0cce5ae1-4d90-47eb-b549-a29c890f95a0@group-A5A2B23113C4-SegmentedRaftLogWorker for RaftStorageImpl:Storage Directory /home/runner/work/ozone/ozone/hadoop-ozone/integration-test/target/test-dir/MiniOzoneClusterImpl-ae862161-af4f-46f0-80d9-78d734e05fe2/datanode-3/data/ratis/0be1fec6-3381-4aff-bfab-a5a2b23113c4
2023-10-04 17:31:14,569 [0cce5ae1-4d90-47eb-b549-a29c890f95a0-groupManagement] INFO  server.RaftServerConfigKeys (ConfUtils.java:logGet(46)) - raft.server.log.queue.byte-limit = 4294967296 (custom)
2023-10-04 17:31:14,569 [EventQueue-PipelineReportForPipelineReportHandler] INFO  pipeline.PipelineReportHandler (PipelineReportHandler.java:processPipelineReport(136)) - Opened pipeline PipelineID=0be1fec6-3381-4aff-bfab-a5a2b23113c4
2023-10-04 17:31:14,569 [0cce5ae1-4d90-47eb-b549-a29c890f95a0-groupManagement] INFO  server.RaftServerConfigKeys (ConfUtils.java:logGet(46)) - raft.server.log.queue.element-limit = 1024 (custom)
2023-10-04 17:31:14,569 [EventQueue-OpenPipelineForHealthyPipelineSafeModeRule] INFO  safemode.SCMSafeModeManager (HealthyPipelineSafeModeRule.java:process(137)) - SCM in safe mode. Healthy pipelines reported count is 0, required healthy pipeline reported count is 1
2023-10-04 17:31:14,570 [0cce5ae1-4d90-47eb-b549-a29c890f95a0-groupManagement] INFO  server.RaftServerConfigKeys (ConfUtils.java:logGet(46)) - raft.server.log.segment.size.max = 1048576 (custom)
2023-10-04 17:31:14,570 [0cce5ae1-4d90-47eb-b549-a29c890f95a0-groupManagement] INFO  server.RaftServerConfigKeys (ConfUtils.java:logGet(46)) - raft.server.log.preallocated.size = 16384 (custom)
2023-10-04 17:31:14,570 [0cce5ae1-4d90-47eb-b549-a29c890f95a0-groupManagement] INFO  server.RaftServerConfigKeys (ConfUtils.java:logGet(46)) - raft.server.log.force.sync.num = 128 (default)
2023-10-04 17:31:14,570 [0cce5ae1-4d90-47eb-b549-a29c890f95a0-groupManagement] INFO  server.RaftServerConfigKeys (ConfUtils.java:logGet(46)) - raft.server.log.statemachine.data.sync = true (default)
2023-10-04 17:31:14,570 [0cce5ae1-4d90-47eb-b549-a29c890f95a0-groupManagement] INFO  server.RaftServerConfigKeys (ConfUtils.java:logGet(46)) - raft.server.log.statemachine.data.sync.timeout = 10s (default)
2023-10-04 17:31:14,570 [0cce5ae1-4d90-47eb-b549-a29c890f95a0-groupManagement] INFO  server.RaftServerConfigKeys (ConfUtils.java:logGet(46)) - raft.server.log.statemachine.data.sync.timeout.retry = -1 (default)
2023-10-04 17:31:14,570 [0cce5ae1-4d90-47eb-b549-a29c890f95a0-groupManagement] INFO  server.RaftServerConfigKeys (ConfUtils.java:logGet(46)) - raft.server.log.write.buffer.size = 1048576 (custom)
2023-10-04 17:31:14,571 [0cce5ae1-4d90-47eb-b549-a29c890f95a0-groupManagement] INFO  server.RaftServerConfigKeys (ConfUtils.java:logGet(46)) - raft.server.log.appender.buffer.byte-limit = 33554432 (custom)
2023-10-04 17:31:14,576 [0cce5ae1-4d90-47eb-b549-a29c890f95a0-groupManagement] INFO  server.RaftServerConfigKeys (ConfUtils.java:logGet(46)) - raft.server.log.unsafe-flush.enabled = false (default)
2023-10-04 17:31:14,577 [0cce5ae1-4d90-47eb-b549-a29c890f95a0-groupManagement] INFO  server.RaftServerConfigKeys (ConfUtils.java:logGet(46)) - raft.server.log.async-flush.enabled = false (default)
2023-10-04 17:31:14,577 [0cce5ae1-4d90-47eb-b549-a29c890f95a0-groupManagement] INFO  server.RaftServerConfigKeys (ConfUtils.java:logGet(46)) - raft.server.log.statemachine.data.caching.enabled = true (custom)
2023-10-04 17:31:14,577 [0cce5ae1-4d90-47eb-b549-a29c890f95a0-groupManagement] INFO  segmented.SegmentedRaftLogWorker (SegmentedRaftLogWorker.java:lambda$new$0(135)) - 0cce5ae1-4d90-47eb-b549-a29c890f95a0@group-A5A2B23113C4-SegmentedRaftLogWorker: flushIndex: setUnconditionally 0 -> -1
2023-10-04 17:31:14,577 [0cce5ae1-4d90-47eb-b549-a29c890f95a0-groupManagement] INFO  segmented.SegmentedRaftLogWorker (SegmentedRaftLogWorker.java:lambda$new$0(135)) - 0cce5ae1-4d90-47eb-b549-a29c890f95a0@group-A5A2B23113C4-SegmentedRaftLogWorker: safeCacheEvictIndex: setUnconditionally 0 -> -1
2023-10-04 17:31:14,577 [0cce5ae1-4d90-47eb-b549-a29c890f95a0-groupManagement] INFO  server.RaftServer$Division (RaftServerImpl.java:start(342)) - 0cce5ae1-4d90-47eb-b549-a29c890f95a0@group-A5A2B23113C4: start as a follower, conf=-1: peers:[0cce5ae1-4d90-47eb-b549-a29c890f95a0|rpc:10.1.0.20:15094|admin:10.1.0.20:15093|client:10.1.0.20:15092|dataStream:10.1.0.20:15095|priority:1|startupRole:FOLLOWER]|listeners:[], old=null
2023-10-04 17:31:14,577 [0cce5ae1-4d90-47eb-b549-a29c890f95a0-groupManagement] INFO  server.RaftServer$Division (RaftServerImpl.java:setRole(329)) - 0cce5ae1-4d90-47eb-b549-a29c890f95a0@group-A5A2B23113C4: changes role from      null to FOLLOWER at term 0 for startAsFollower
2023-10-04 17:31:14,577 [0cce5ae1-4d90-47eb-b549-a29c890f95a0-groupManagement] INFO  impl.RoleInfo (RoleInfo.java:updateAndGet(139)) - 0cce5ae1-4d90-47eb-b549-a29c890f95a0: start 0cce5ae1-4d90-47eb-b549-a29c890f95a0@group-A5A2B23113C4-FollowerState
2023-10-04 17:31:14,582 [0cce5ae1-4d90-47eb-b549-a29c890f95a0-groupManagement] INFO  util.JmxRegister (JmxRegister.java:tryRegister(44)) - Successfully registered JMX Bean with object name Ratis:service=RaftServer,group=group-A5A2B23113C4,id=0cce5ae1-4d90-47eb-b549-a29c890f95a0
2023-10-04 17:31:14,582 [0cce5ae1-4d90-47eb-b549-a29c890f95a0-groupManagement] INFO  server.RaftServerConfigKeys (ConfUtils.java:logGet(46)) - raft.server.snapshot.auto.trigger.enabled = true (custom)
2023-10-04 17:31:14,582 [0cce5ae1-4d90-47eb-b549-a29c890f95a0-groupManagement] INFO  server.RaftServerConfigKeys (ConfUtils.java:logGet(46)) - raft.server.snapshot.auto.trigger.threshold = 10000 (custom)
2023-10-04 17:31:14,582 [0cce5ae1-4d90-47eb-b549-a29c890f95a0-groupManagement] INFO  server.RaftServerConfigKeys (ConfUtils.java:logGet(46)) - raft.server.snapshot.retention.file.num = 5 (custom)
2023-10-04 17:31:14,582 [0cce5ae1-4d90-47eb-b549-a29c890f95a0-groupManagement] INFO  server.RaftServerConfigKeys (ConfUtils.java:logGet(46)) - raft.server.log.purge.upto.snapshot.index = false (default)
2023-10-04 17:31:14,583 [0cce5ae1-4d90-47eb-b549-a29c890f95a0@group-A5A2B23113C4-FollowerState] INFO  server.RaftServerConfigKeys (ConfUtils.java:logFallback(53)) - raft.server.rpc.first-election.timeout.min = 5s (fallback to raft.server.rpc.timeout.min)
2023-10-04 17:31:14,583 [0cce5ae1-4d90-47eb-b549-a29c890f95a0@group-A5A2B23113C4-FollowerState] INFO  server.RaftServerConfigKeys (ConfUtils.java:logFallback(53)) - raft.server.rpc.first-election.timeout.max = 5200ms (fallback to raft.server.rpc.timeout.max)
2023-10-04 17:31:14,585 [PipelineCommandHandlerThread-0] INFO  ratis.XceiverServerRatis (XceiverServerRatis.java:addGroup(804)) - Created group PipelineID=0be1fec6-3381-4aff-bfab-a5a2b23113c4
2023-10-04 17:31:14,585 [PipelineCommandHandlerThread-0] INFO  commandhandler.CreatePipelineCommandHandler (CreatePipelineCommandHandler.java:lambda$handle$2(124)) - Created Pipeline RATIS ONE PipelineID=0be1fec6-3381-4aff-bfab-a5a2b23113c4.
2023-10-04 17:31:14,863 [main] INFO  ozone.MiniOzoneClusterImpl (MiniOzoneClusterImpl.java:lambda$waitForClusterToBeReady$0(229)) - Nodes are ready. Got 5 of 5 DN Heartbeats.
2023-10-04 17:31:14,863 [main] INFO  ozone.MiniOzoneClusterImpl (MiniOzoneClusterImpl.java:lambda$waitForClusterToBeReady$0(232)) - Waiting for cluster to exit safe mode
2023-10-04 17:31:14,863 [main] INFO  ozone.MiniOzoneClusterImpl (MiniOzoneClusterImpl.java:lambda$waitForClusterToBeReady$0(234)) - SCM became leader
2023-10-04 17:31:14,867 [PipelineCommandHandlerThread-0] INFO  server.RaftServer (RaftServerProxy.java:addNew(98)) - 1bfab402-230e-4619-8c22-172305de1499: addNew group-25925F79BAAE:[1bfab402-230e-4619-8c22-172305de1499|rpc:10.1.0.20:15103|admin:10.1.0.20:15102|client:10.1.0.20:15101|dataStream:10.1.0.20:15104|priority:1|startupRole:FOLLOWER] returns group-25925F79BAAE:java.util.concurrent.CompletableFuture@7fecd9d5[Not completed]
2023-10-04 17:31:14,868 [1bfab402-230e-4619-8c22-172305de1499-groupManagement] INFO  server.RaftServer$Division (RaftServerImpl.java:<init>(198)) - 1bfab402-230e-4619-8c22-172305de1499: new RaftServerImpl for group-25925F79BAAE:[1bfab402-230e-4619-8c22-172305de1499|rpc:10.1.0.20:15103|admin:10.1.0.20:15102|client:10.1.0.20:15101|dataStream:10.1.0.20:15104|priority:1|startupRole:FOLLOWER] with ContainerStateMachine:uninitialized
2023-10-04 17:31:14,869 [1bfab402-230e-4619-8c22-172305de1499-groupManagement] INFO  server.RaftServerConfigKeys (ConfUtils.java:logGet(46)) - raft.server.rpc.timeout.min = 5s (custom)
2023-10-04 17:31:14,869 [1bfab402-230e-4619-8c22-172305de1499-groupManagement] INFO  server.RaftServerConfigKeys (ConfUtils.java:logGet(46)) - raft.server.rpc.timeout.max = 5200ms (custom)
2023-10-04 17:31:14,869 [1bfab402-230e-4619-8c22-172305de1499-groupManagement] INFO  server.RaftServerConfigKeys (ConfUtils.java:logGet(46)) - raft.server.rpc.sleep.time = 25ms (default)
2023-10-04 17:31:14,869 [1bfab402-230e-4619-8c22-172305de1499-groupManagement] INFO  server.RaftServerConfigKeys (ConfUtils.java:logGet(46)) - raft.server.rpc.slowness.timeout = 300s (custom)
2023-10-04 17:31:14,869 [1bfab402-230e-4619-8c22-172305de1499-groupManagement] INFO  server.RaftServerConfigKeys (ConfUtils.java:logGet(46)) - raft.server.leaderelection.leader.step-down.wait-time = 10s (default)
2023-10-04 17:31:14,869 [1bfab402-230e-4619-8c22-172305de1499-groupManagement] INFO  server.RaftServerConfigKeys (ConfUtils.java:logGet(46)) - raft.server.sleep.deviation.threshold = 300ms (default)
2023-10-04 17:31:14,869 [1bfab402-230e-4619-8c22-172305de1499-groupManagement] INFO  server.RaftServer$Division (ServerState.java:<init>(120)) - 1bfab402-230e-4619-8c22-172305de1499@group-25925F79BAAE: ConfigurationManager, init=-1: peers:[1bfab402-230e-4619-8c22-172305de1499|rpc:10.1.0.20:15103|admin:10.1.0.20:15102|client:10.1.0.20:15101|dataStream:10.1.0.20:15104|priority:1|startupRole:FOLLOWER]|listeners:[], old=null, confs=<EMPTY_MAP>
2023-10-04 17:31:14,869 [1bfab402-230e-4619-8c22-172305de1499-groupManagement] INFO  server.RaftServerConfigKeys (ConfUtils.java:logGet(46)) - raft.server.storage.dir = [/home/runner/work/ozone/ozone/hadoop-ozone/integration-test/target/test-dir/MiniOzoneClusterImpl-ae862161-af4f-46f0-80d9-78d734e05fe2/datanode-4/data/ratis] (custom)
2023-10-04 17:31:14,869 [1bfab402-230e-4619-8c22-172305de1499-groupManagement] INFO  server.RaftServerConfigKeys (ConfUtils.java:logGet(46)) - raft.server.log.corruption.policy = EXCEPTION (default)
2023-10-04 17:31:14,869 [1bfab402-230e-4619-8c22-172305de1499-groupManagement] INFO  server.RaftServerConfigKeys (ConfUtils.java:logGet(46)) - raft.server.storage.free-space.min = 0MB (=0) (default)
2023-10-04 17:31:14,869 [1bfab402-230e-4619-8c22-172305de1499-groupManagement] INFO  server.RaftServerConfigKeys (ConfUtils.java:logGet(46)) - raft.server.notification.no-leader.timeout = 300s (custom)
2023-10-04 17:31:14,869 [1bfab402-230e-4619-8c22-172305de1499-groupManagement] INFO  server.RaftServerConfigKeys (ConfUtils.java:logGet(46)) - raft.server.read.timeout = 10s (default)
2023-10-04 17:31:14,869 [1bfab402-230e-4619-8c22-172305de1499-groupManagement] INFO  server.RaftServerConfigKeys (ConfUtils.java:logGet(46)) - raft.server.retrycache.expirytime = 600000ms (custom)
2023-10-04 17:31:14,869 [1bfab402-230e-4619-8c22-172305de1499-groupManagement] INFO  server.RaftServerConfigKeys (ConfUtils.java:logGet(46)) - raft.server.retrycache.statistics.expirytime = 100μs (default)
2023-10-04 17:31:14,869 [1bfab402-230e-4619-8c22-172305de1499-groupManagement] INFO  server.RaftServerConfigKeys (ConfUtils.java:logGet(46)) - raft.server.read.option = DEFAULT (default)
2023-10-04 17:31:14,882 [1bfab402-230e-4619-8c22-172305de1499-groupManagement] INFO  server.RaftServerConfigKeys (ConfUtils.java:logGet(46)) - raft.server.rpc.request.timeout = 60s (custom)
2023-10-04 17:31:14,882 [1bfab402-230e-4619-8c22-172305de1499-groupManagement] INFO  server.RaftServerConfigKeys (ConfUtils.java:logGet(46)) - raft.server.log.appender.install.snapshot.enabled = false (custom)
2023-10-04 17:31:14,882 [1bfab402-230e-4619-8c22-172305de1499-groupManagement] INFO  server.RaftServerConfigKeys (ConfUtils.java:logGet(46)) - raft.server.threadpool.server.cached = true (default)
2023-10-04 17:31:14,882 [1bfab402-230e-4619-8c22-172305de1499-groupManagement] INFO  server.RaftServerConfigKeys (ConfUtils.java:logGet(46)) - raft.server.threadpool.server.size = 0 (default)
2023-10-04 17:31:14,882 [1bfab402-230e-4619-8c22-172305de1499-groupManagement] INFO  server.RaftServerConfigKeys (ConfUtils.java:logGet(46)) - raft.server.threadpool.client.cached = true (default)
2023-10-04 17:31:14,882 [1bfab402-230e-4619-8c22-172305de1499-groupManagement] INFO  server.RaftServerConfigKeys (ConfUtils.java:logGet(46)) - raft.server.threadpool.client.size = 0 (default)
2023-10-04 17:31:14,882 [1bfab402-230e-4619-8c22-172305de1499-groupManagement] INFO  storage.RaftStorageDirectory (RaftStorageDirectoryImpl.java:analyzeStorage(137)) - The storage directory /home/runner/work/ozone/ozone/hadoop-ozone/integration-test/target/test-dir/MiniOzoneClusterImpl-ae862161-af4f-46f0-80d9-78d734e05fe2/datanode-4/data/ratis/70c20c18-88ba-478d-9101-25925f79baae does not exist. Creating ...
2023-10-04 17:31:14,884 [1bfab402-230e-4619-8c22-172305de1499-groupManagement] INFO  storage.RaftStorageDirectory (RaftStorageDirectoryImpl.java:tryLock(231)) - Lock on /home/runner/work/ozone/ozone/hadoop-ozone/integration-test/target/test-dir/MiniOzoneClusterImpl-ae862161-af4f-46f0-80d9-78d734e05fe2/datanode-4/data/ratis/70c20c18-88ba-478d-9101-25925f79baae/in_use.lock acquired by nodename 7524@fv-az453-706
2023-10-04 17:31:14,885 [1bfab402-230e-4619-8c22-172305de1499-groupManagement] INFO  storage.RaftStorage (RaftStorageImpl.java:format(96)) - Storage directory /home/runner/work/ozone/ozone/hadoop-ozone/integration-test/target/test-dir/MiniOzoneClusterImpl-ae862161-af4f-46f0-80d9-78d734e05fe2/datanode-4/data/ratis/70c20c18-88ba-478d-9101-25925f79baae has been successfully formatted.
2023-10-04 17:31:14,887 [1bfab402-230e-4619-8c22-172305de1499-groupManagement] INFO  ratis.ContainerStateMachine (ContainerStateMachine.java:loadSnapshot(262)) - group-25925F79BAAE: The snapshot info is null. Setting the last applied indexto:(t:0, i:~)
2023-10-04 17:31:14,887 [1bfab402-230e-4619-8c22-172305de1499-groupManagement] INFO  server.RaftServerConfigKeys (ConfUtils.java:logGet(46)) - raft.server.log.use.memory = false (default)
2023-10-04 17:31:14,887 [1bfab402-230e-4619-8c22-172305de1499-groupManagement] INFO  server.RaftServerConfigKeys (ConfUtils.java:logGet(46)) - raft.server.log.purge.gap = 1000000 (custom)
2023-10-04 17:31:14,887 [1bfab402-230e-4619-8c22-172305de1499-groupManagement] INFO  server.RaftServerConfigKeys (ConfUtils.java:logGet(46)) - raft.server.log.appender.buffer.byte-limit = 33554432 (custom)
2023-10-04 17:31:14,887 [1bfab402-230e-4619-8c22-172305de1499-groupManagement] INFO  server.RaftServerConfigKeys (ConfUtils.java:logGet(46)) - raft.server.log.statemachine.data.read.timeout = 1000ms (default)
2023-10-04 17:31:14,887 [1bfab402-230e-4619-8c22-172305de1499-groupManagement] INFO  server.RaftServerConfigKeys (ConfUtils.java:logGet(46)) - raft.server.log.purge.preservation.log.num = 0 (default)
2023-10-04 17:31:14,887 [1bfab402-230e-4619-8c22-172305de1499-groupManagement] INFO  server.RaftServerConfigKeys (ConfUtils.java:logGet(46)) - raft.server.log.segment.size.max = 1048576 (custom)
2023-10-04 17:31:14,888 [1bfab402-230e-4619-8c22-172305de1499-groupManagement] INFO  server.RaftServerConfigKeys (ConfUtils.java:logGet(46)) - raft.server.log.segment.cache.num.max = 2 (custom)
2023-10-04 17:31:14,888 [1bfab402-230e-4619-8c22-172305de1499-groupManagement] INFO  server.RaftServerConfigKeys (ConfUtils.java:logGet(46)) - raft.server.log.segment.cache.size.max = 200MB (=209715200) (default)
2023-10-04 17:31:14,888 [1bfab402-230e-4619-8c22-172305de1499-groupManagement] INFO  server.RaftServerConfigKeys (ConfUtils.java:logGet(46)) - raft.server.log.appender.buffer.byte-limit = 33554432 (custom)
2023-10-04 17:31:14,888 [1bfab402-230e-4619-8c22-172305de1499-groupManagement] INFO  segmented.SegmentedRaftLogWorker (SegmentedRaftLogWorker.java:<init>(188)) - new 1bfab402-230e-4619-8c22-172305de1499@group-25925F79BAAE-SegmentedRaftLogWorker for RaftStorageImpl:Storage Directory /home/runner/work/ozone/ozone/hadoop-ozone/integration-test/target/test-dir/MiniOzoneClusterImpl-ae862161-af4f-46f0-80d9-78d734e05fe2/datanode-4/data/ratis/70c20c18-88ba-478d-9101-25925f79baae
2023-10-04 17:31:14,888 [1bfab402-230e-4619-8c22-172305de1499-groupManagement] INFO  server.RaftServerConfigKeys (ConfUtils.java:logGet(46)) - raft.server.log.queue.byte-limit = 4294967296 (custom)
2023-10-04 17:31:14,888 [1bfab402-230e-4619-8c22-172305de1499-groupManagement] INFO  server.RaftServerConfigKeys (ConfUtils.java:logGet(46)) - raft.server.log.queue.element-limit = 1024 (custom)
2023-10-04 17:31:14,888 [1bfab402-230e-4619-8c22-172305de1499-groupManagement] INFO  server.RaftServerConfigKeys (ConfUtils.java:logGet(46)) - raft.server.log.segment.size.max = 1048576 (custom)
2023-10-04 17:31:14,888 [1bfab402-230e-4619-8c22-172305de1499-groupManagement] INFO  server.RaftServerConfigKeys (ConfUtils.java:logGet(46)) - raft.server.log.preallocated.size = 16384 (custom)
2023-10-04 17:31:14,888 [1bfab402-230e-4619-8c22-172305de1499-groupManagement] INFO  server.RaftServerConfigKeys (ConfUtils.java:logGet(46)) - raft.server.log.force.sync.num = 128 (default)
2023-10-04 17:31:14,888 [1bfab402-230e-4619-8c22-172305de1499-groupManagement] INFO  server.RaftServerConfigKeys (ConfUtils.java:logGet(46)) - raft.server.log.statemachine.data.sync = true (default)
2023-10-04 17:31:14,888 [1bfab402-230e-4619-8c22-172305de1499-groupManagement] INFO  server.RaftServerConfigKeys (ConfUtils.java:logGet(46)) - raft.server.log.statemachine.data.sync.timeout = 10s (default)
2023-10-04 17:31:14,888 [1bfab402-230e-4619-8c22-172305de1499-groupManagement] INFO  server.RaftServerConfigKeys (ConfUtils.java:logGet(46)) - raft.server.log.statemachine.data.sync.timeout.retry = -1 (default)
2023-10-04 17:31:14,889 [1bfab402-230e-4619-8c22-172305de1499-groupManagement] INFO  server.RaftServerConfigKeys (ConfUtils.java:logGet(46)) - raft.server.log.write.buffer.size = 1048576 (custom)
2023-10-04 17:31:14,889 [1bfab402-230e-4619-8c22-172305de1499-groupManagement] INFO  server.RaftServerConfigKeys (ConfUtils.java:logGet(46)) - raft.server.log.appender.buffer.byte-limit = 33554432 (custom)
2023-10-04 17:31:14,895 [EventQueue-PipelineReportForPipelineReportHandler] INFO  pipeline.PipelineReportHandler (PipelineReportHandler.java:processPipelineReport(136)) - Opened pipeline PipelineID=70c20c18-88ba-478d-9101-25925f79baae
2023-10-04 17:31:14,895 [EventQueue-OpenPipelineForHealthyPipelineSafeModeRule] INFO  safemode.SCMSafeModeManager (HealthyPipelineSafeModeRule.java:process(137)) - SCM in safe mode. Healthy pipelines reported count is 0, required healthy pipeline reported count is 1
2023-10-04 17:31:14,898 [1bfab402-230e-4619-8c22-172305de1499-groupManagement] INFO  server.RaftServerConfigKeys (ConfUtils.java:logGet(46)) - raft.server.log.unsafe-flush.enabled = false (default)
2023-10-04 17:31:14,898 [1bfab402-230e-4619-8c22-172305de1499-groupManagement] INFO  server.RaftServerConfigKeys (ConfUtils.java:logGet(46)) - raft.server.log.async-flush.enabled = false (default)
2023-10-04 17:31:14,898 [1bfab402-230e-4619-8c22-172305de1499-groupManagement] INFO  server.RaftServerConfigKeys (ConfUtils.java:logGet(46)) - raft.server.log.statemachine.data.caching.enabled = true (custom)
2023-10-04 17:31:14,898 [1bfab402-230e-4619-8c22-172305de1499-groupManagement] INFO  segmented.SegmentedRaftLogWorker (SegmentedRaftLogWorker.java:lambda$new$0(135)) - 1bfab402-230e-4619-8c22-172305de1499@group-25925F79BAAE-SegmentedRaftLogWorker: flushIndex: setUnconditionally 0 -> -1
2023-10-04 17:31:14,898 [1bfab402-230e-4619-8c22-172305de1499-groupManagement] INFO  segmented.SegmentedRaftLogWorker (SegmentedRaftLogWorker.java:lambda$new$0(135)) - 1bfab402-230e-4619-8c22-172305de1499@group-25925F79BAAE-SegmentedRaftLogWorker: safeCacheEvictIndex: setUnconditionally 0 -> -1
2023-10-04 17:31:14,906 [1bfab402-230e-4619-8c22-172305de1499-groupManagement] INFO  server.RaftServer$Division (RaftServerImpl.java:start(342)) - 1bfab402-230e-4619-8c22-172305de1499@group-25925F79BAAE: start as a follower, conf=-1: peers:[1bfab402-230e-4619-8c22-172305de1499|rpc:10.1.0.20:15103|admin:10.1.0.20:15102|client:10.1.0.20:15101|dataStream:10.1.0.20:15104|priority:1|startupRole:FOLLOWER]|listeners:[], old=null
2023-10-04 17:31:14,906 [1bfab402-230e-4619-8c22-172305de1499-groupManagement] INFO  server.RaftServer$Division (RaftServerImpl.java:setRole(329)) - 1bfab402-230e-4619-8c22-172305de1499@group-25925F79BAAE: changes role from      null to FOLLOWER at term 0 for startAsFollower
2023-10-04 17:31:14,906 [1bfab402-230e-4619-8c22-172305de1499-groupManagement] INFO  impl.RoleInfo (RoleInfo.java:updateAndGet(139)) - 1bfab402-230e-4619-8c22-172305de1499: start 1bfab402-230e-4619-8c22-172305de1499@group-25925F79BAAE-FollowerState
2023-10-04 17:31:14,913 [1bfab402-230e-4619-8c22-172305de1499-groupManagement] INFO  util.JmxRegister (JmxRegister.java:tryRegister(44)) - Successfully registered JMX Bean with object name Ratis:service=RaftServer,group=group-25925F79BAAE,id=1bfab402-230e-4619-8c22-172305de1499
2023-10-04 17:31:14,913 [1bfab402-230e-4619-8c22-172305de1499-groupManagement] INFO  server.RaftServerConfigKeys (ConfUtils.java:logGet(46)) - raft.server.snapshot.auto.trigger.enabled = true (custom)
2023-10-04 17:31:14,913 [1bfab402-230e-4619-8c22-172305de1499-groupManagement] INFO  server.RaftServerConfigKeys (ConfUtils.java:logGet(46)) - raft.server.snapshot.auto.trigger.threshold = 10000 (custom)
2023-10-04 17:31:14,913 [1bfab402-230e-4619-8c22-172305de1499-groupManagement] INFO  server.RaftServerConfigKeys (ConfUtils.java:logGet(46)) - raft.server.snapshot.retention.file.num = 5 (custom)
2023-10-04 17:31:14,913 [1bfab402-230e-4619-8c22-172305de1499-groupManagement] INFO  server.RaftServerConfigKeys (ConfUtils.java:logGet(46)) - raft.server.log.purge.upto.snapshot.index = false (default)
2023-10-04 17:31:14,917 [1bfab402-230e-4619-8c22-172305de1499@group-25925F79BAAE-FollowerState] INFO  server.RaftServerConfigKeys (ConfUtils.java:logFallback(53)) - raft.server.rpc.first-election.timeout.min = 5s (fallback to raft.server.rpc.timeout.min)
2023-10-04 17:31:14,917 [1bfab402-230e-4619-8c22-172305de1499@group-25925F79BAAE-FollowerState] INFO  server.RaftServerConfigKeys (ConfUtils.java:logFallback(53)) - raft.server.rpc.first-election.timeout.max = 5200ms (fallback to raft.server.rpc.timeout.max)
2023-10-04 17:31:14,919 [PipelineCommandHandlerThread-0] INFO  ratis.XceiverServerRatis (XceiverServerRatis.java:addGroup(804)) - Created group PipelineID=70c20c18-88ba-478d-9101-25925f79baae
2023-10-04 17:31:14,919 [PipelineCommandHandlerThread-0] INFO  commandhandler.CreatePipelineCommandHandler (CreatePipelineCommandHandler.java:lambda$handle$2(124)) - Created Pipeline RATIS ONE PipelineID=70c20c18-88ba-478d-9101-25925f79baae.
2023-10-04 17:31:15,863 [main] INFO  ozone.MiniOzoneClusterImpl (MiniOzoneClusterImpl.java:lambda$waitForClusterToBeReady$0(229)) - Nodes are ready. Got 5 of 5 DN Heartbeats.
2023-10-04 17:31:15,864 [main] INFO  ozone.MiniOzoneClusterImpl (MiniOzoneClusterImpl.java:lambda$waitForClusterToBeReady$0(232)) - Waiting for cluster to exit safe mode
2023-10-04 17:31:15,864 [main] INFO  ozone.MiniOzoneClusterImpl (MiniOzoneClusterImpl.java:lambda$waitForClusterToBeReady$0(234)) - SCM became leader
2023-10-04 17:31:16,864 [main] INFO  ozone.MiniOzoneClusterImpl (MiniOzoneClusterImpl.java:lambda$waitForClusterToBeReady$0(229)) - Nodes are ready. Got 5 of 5 DN Heartbeats.
2023-10-04 17:31:16,864 [main] INFO  ozone.MiniOzoneClusterImpl (MiniOzoneClusterImpl.java:lambda$waitForClusterToBeReady$0(232)) - Waiting for cluster to exit safe mode
2023-10-04 17:31:16,864 [main] INFO  ozone.MiniOzoneClusterImpl (MiniOzoneClusterImpl.java:lambda$waitForClusterToBeReady$0(234)) - SCM became leader
2023-10-04 17:31:17,865 [main] INFO  ozone.MiniOzoneClusterImpl (MiniOzoneClusterImpl.java:lambda$waitForClusterToBeReady$0(229)) - Nodes are ready. Got 5 of 5 DN Heartbeats.
2023-10-04 17:31:17,865 [main] INFO  ozone.MiniOzoneClusterImpl (MiniOzoneClusterImpl.java:lambda$waitForClusterToBeReady$0(232)) - Waiting for cluster to exit safe mode
2023-10-04 17:31:17,865 [main] INFO  ozone.MiniOzoneClusterImpl (MiniOzoneClusterImpl.java:lambda$waitForClusterToBeReady$0(234)) - SCM became leader
2023-10-04 17:31:18,522 [2fe9f5bb-a002-4881-945d-f328dd53395c@group-B3F6CA41B0E7-FollowerState] INFO  impl.FollowerState (FollowerState.java:run(143)) - 2fe9f5bb-a002-4881-945d-f328dd53395c@group-B3F6CA41B0E7-FollowerState: change to CANDIDATE, lastRpcElapsedTime:5048752701ns, electionTimeout:5044ms
2023-10-04 17:31:18,522 [2fe9f5bb-a002-4881-945d-f328dd53395c@group-B3F6CA41B0E7-FollowerState] INFO  impl.RoleInfo (RoleInfo.java:shutdownFollowerState(110)) - 2fe9f5bb-a002-4881-945d-f328dd53395c: shutdown 2fe9f5bb-a002-4881-945d-f328dd53395c@group-B3F6CA41B0E7-FollowerState
2023-10-04 17:31:18,522 [2fe9f5bb-a002-4881-945d-f328dd53395c@group-B3F6CA41B0E7-FollowerState] INFO  server.RaftServer$Division (RaftServerImpl.java:setRole(329)) - 2fe9f5bb-a002-4881-945d-f328dd53395c@group-B3F6CA41B0E7: changes role from  FOLLOWER to CANDIDATE at term 0 for changeToCandidate
2023-10-04 17:31:18,522 [2fe9f5bb-a002-4881-945d-f328dd53395c@group-B3F6CA41B0E7-FollowerState] INFO  server.RaftServerConfigKeys (ConfUtils.java:logGet(46)) - raft.server.leaderelection.pre-vote = true (default)
2023-10-04 17:31:18,522 [2fe9f5bb-a002-4881-945d-f328dd53395c@group-B3F6CA41B0E7-FollowerState] INFO  impl.RoleInfo (RoleInfo.java:updateAndGet(139)) - 2fe9f5bb-a002-4881-945d-f328dd53395c: start 2fe9f5bb-a002-4881-945d-f328dd53395c@group-B3F6CA41B0E7-LeaderElection11
2023-10-04 17:31:18,533 [2fe9f5bb-a002-4881-945d-f328dd53395c@group-B3F6CA41B0E7-LeaderElection11] INFO  impl.LeaderElection (LeaderElection.java:askForVotes(321)) - 2fe9f5bb-a002-4881-945d-f328dd53395c@group-B3F6CA41B0E7-LeaderElection11 PRE_VOTE round 0: submit vote requests at term 0 for -1: peers:[2fe9f5bb-a002-4881-945d-f328dd53395c|rpc:10.1.0.20:15067|admin:10.1.0.20:15066|client:10.1.0.20:15065|dataStream:10.1.0.20:15068|priority:1|startupRole:FOLLOWER]|listeners:[], old=null
2023-10-04 17:31:18,533 [2fe9f5bb-a002-4881-945d-f328dd53395c@group-B3F6CA41B0E7-LeaderElection11] INFO  impl.LeaderElection (LeaderElection.java:askForVotes(323)) - 2fe9f5bb-a002-4881-945d-f328dd53395c@group-B3F6CA41B0E7-LeaderElection11 PRE_VOTE round 0: result PASSED (term=0)
2023-10-04 17:31:18,535 [2fe9f5bb-a002-4881-945d-f328dd53395c@group-B3F6CA41B0E7-LeaderElection11] INFO  impl.LeaderElection (LeaderElection.java:askForVotes(321)) - 2fe9f5bb-a002-4881-945d-f328dd53395c@group-B3F6CA41B0E7-LeaderElection11 ELECTION round 0: submit vote requests at term 1 for -1: peers:[2fe9f5bb-a002-4881-945d-f328dd53395c|rpc:10.1.0.20:15067|admin:10.1.0.20:15066|client:10.1.0.20:15065|dataStream:10.1.0.20:15068|priority:1|startupRole:FOLLOWER]|listeners:[], old=null
2023-10-04 17:31:18,535 [2fe9f5bb-a002-4881-945d-f328dd53395c@group-B3F6CA41B0E7-LeaderElection11] INFO  impl.LeaderElection (LeaderElection.java:askForVotes(323)) - 2fe9f5bb-a002-4881-945d-f328dd53395c@group-B3F6CA41B0E7-LeaderElection11 ELECTION round 0: result PASSED (term=1)
2023-10-04 17:31:18,535 [2fe9f5bb-a002-4881-945d-f328dd53395c@group-B3F6CA41B0E7-LeaderElection11] INFO  impl.RoleInfo (RoleInfo.java:shutdownLeaderElection(130)) - 2fe9f5bb-a002-4881-945d-f328dd53395c: shutdown 2fe9f5bb-a002-4881-945d-f328dd53395c@group-B3F6CA41B0E7-LeaderElection11
2023-10-04 17:31:18,535 [2fe9f5bb-a002-4881-945d-f328dd53395c@group-B3F6CA41B0E7-LeaderElection11] INFO  server.RaftServer$Division (RaftServerImpl.java:setRole(329)) - 2fe9f5bb-a002-4881-945d-f328dd53395c@group-B3F6CA41B0E7: changes role from CANDIDATE to LEADER at term 1 for changeToLeader
2023-10-04 17:31:18,535 [2fe9f5bb-a002-4881-945d-f328dd53395c@group-B3F6CA41B0E7-LeaderElection11] INFO  ratis.XceiverServerRatis (XceiverServerRatis.java:handleLeaderChangedNotification(902)) - Leader change notification received for group: group-B3F6CA41B0E7 with new leaderId: 2fe9f5bb-a002-4881-945d-f328dd53395c
2023-10-04 17:31:18,535 [2fe9f5bb-a002-4881-945d-f328dd53395c@group-B3F6CA41B0E7-LeaderElection11] INFO  server.RaftServer$Division (ServerState.java:setLeader(317)) - 2fe9f5bb-a002-4881-945d-f328dd53395c@group-B3F6CA41B0E7: change Leader from null to 2fe9f5bb-a002-4881-945d-f328dd53395c at term 1 for becomeLeader, leader elected after 5084ms
2023-10-04 17:31:18,535 [2fe9f5bb-a002-4881-945d-f328dd53395c@group-B3F6CA41B0E7-LeaderElection11] INFO  server.RaftServerConfigKeys (ConfUtils.java:logGet(46)) - raft.server.staging.catchup.gap = 1000 (default)
2023-10-04 17:31:18,536 [2fe9f5bb-a002-4881-945d-f328dd53395c@group-B3F6CA41B0E7-LeaderElection11] INFO  server.RaftServerConfigKeys (ConfUtils.java:logGet(46)) - raft.server.write.element-limit = 1024 (custom)
2023-10-04 17:31:18,536 [2fe9f5bb-a002-4881-945d-f328dd53395c@group-B3F6CA41B0E7-LeaderElection11] INFO  server.RaftServerConfigKeys (ConfUtils.java:logGet(46)) - raft.server.write.byte-limit = 1024 M (=1073741824) (custom)
2023-10-04 17:31:18,536 [EventQueue-OpenPipelineForHealthyPipelineSafeModeRule] INFO  safemode.SCMSafeModeManager (HealthyPipelineSafeModeRule.java:process(137)) - SCM in safe mode. Healthy pipelines reported count is 0, required healthy pipeline reported count is 1
2023-10-04 17:31:18,536 [2fe9f5bb-a002-4881-945d-f328dd53395c@group-B3F6CA41B0E7-LeaderElection11] INFO  server.RaftServerConfigKeys (ConfUtils.java:logGet(46)) - raft.server.watch.timeout = 180s (custom)
2023-10-04 17:31:18,537 [2fe9f5bb-a002-4881-945d-f328dd53395c@group-B3F6CA41B0E7-LeaderElection11] INFO  server.RaftServerConfigKeys (ConfUtils.java:logGet(46)) - raft.server.watch.timeout.denomination = 1s (default)
2023-10-04 17:31:18,537 [2fe9f5bb-a002-4881-945d-f328dd53395c@group-B3F6CA41B0E7-LeaderElection11] INFO  server.RaftServerConfigKeys (ConfUtils.java:logGet(46)) - raft.server.watch.element-limit = 65536 (default)
2023-10-04 17:31:18,537 [2fe9f5bb-a002-4881-945d-f328dd53395c@group-B3F6CA41B0E7-LeaderElection11] INFO  server.RaftServerConfigKeys (ConfUtils.java:logGet(46)) - raft.server.write.element-limit = 1024 (custom)
2023-10-04 17:31:18,537 [2fe9f5bb-a002-4881-945d-f328dd53395c@group-B3F6CA41B0E7-LeaderElection11] INFO  server.RaftServerConfigKeys (ConfUtils.java:logGet(46)) - raft.server.write.follower.gap.ratio.max = -1.0 (default)
2023-10-04 17:31:18,537 [2fe9f5bb-a002-4881-945d-f328dd53395c@group-B3F6CA41B0E7-LeaderElection11] INFO  impl.RoleInfo (RoleInfo.java:updateAndGet(139)) - 2fe9f5bb-a002-4881-945d-f328dd53395c: start 2fe9f5bb-a002-4881-945d-f328dd53395c@group-B3F6CA41B0E7-LeaderStateImpl
2023-10-04 17:31:18,537 [2fe9f5bb-a002-4881-945d-f328dd53395c@group-B3F6CA41B0E7-LeaderElection11] INFO  segmented.SegmentedRaftLogWorker (SegmentedRaftLogWorker.java:startLogSegment(447)) - 2fe9f5bb-a002-4881-945d-f328dd53395c@group-B3F6CA41B0E7-SegmentedRaftLogWorker: Starting segment from index:0
2023-10-04 17:31:18,542 [2fe9f5bb-a002-4881-945d-f328dd53395c@group-B3F6CA41B0E7-LeaderElection11] INFO  server.RaftServer$Division (ServerState.java:setRaftConf(434)) - 2fe9f5bb-a002-4881-945d-f328dd53395c@group-B3F6CA41B0E7: set configuration 0: peers:[2fe9f5bb-a002-4881-945d-f328dd53395c|rpc:10.1.0.20:15067|admin:10.1.0.20:15066|client:10.1.0.20:15065|dataStream:10.1.0.20:15068|priority:1|startupRole:FOLLOWER]|listeners:[], old=null
2023-10-04 17:31:18,545 [2fe9f5bb-a002-4881-945d-f328dd53395c@group-B3F6CA41B0E7-SegmentedRaftLogWorker] INFO  segmented.SegmentedRaftLogWorker (SegmentedRaftLogWorker.java:execute(651)) - 2fe9f5bb-a002-4881-945d-f328dd53395c@group-B3F6CA41B0E7-SegmentedRaftLogWorker: created new log segment /home/runner/work/ozone/ozone/hadoop-ozone/integration-test/target/test-dir/MiniOzoneClusterImpl-ae862161-af4f-46f0-80d9-78d734e05fe2/datanode-0/data/ratis/3ce83dc4-0289-4320-8403-b3f6ca41b0e7/current/log_inprogress_0
2023-10-04 17:31:18,590 [2fe9f5bb-a002-4881-945d-f328dd53395c@group-8B0C431B3FE2-FollowerState] INFO  impl.FollowerState (FollowerState.java:run(143)) - 2fe9f5bb-a002-4881-945d-f328dd53395c@group-8B0C431B3FE2-FollowerState: change to CANDIDATE, lastRpcElapsedTime:5092133557ns, electionTimeout:5087ms
2023-10-04 17:31:18,591 [2fe9f5bb-a002-4881-945d-f328dd53395c@group-8B0C431B3FE2-FollowerState] INFO  impl.RoleInfo (RoleInfo.java:shutdownFollowerState(110)) - 2fe9f5bb-a002-4881-945d-f328dd53395c: shutdown 2fe9f5bb-a002-4881-945d-f328dd53395c@group-8B0C431B3FE2-FollowerState
2023-10-04 17:31:18,591 [2fe9f5bb-a002-4881-945d-f328dd53395c@group-8B0C431B3FE2-FollowerState] INFO  server.RaftServer$Division (RaftServerImpl.java:setRole(329)) - 2fe9f5bb-a002-4881-945d-f328dd53395c@group-8B0C431B3FE2: changes role from  FOLLOWER to CANDIDATE at term 0 for changeToCandidate
2023-10-04 17:31:18,591 [2fe9f5bb-a002-4881-945d-f328dd53395c@group-8B0C431B3FE2-FollowerState] INFO  server.RaftServerConfigKeys (ConfUtils.java:logGet(46)) - raft.server.leaderelection.pre-vote = true (default)
2023-10-04 17:31:18,591 [2fe9f5bb-a002-4881-945d-f328dd53395c@group-8B0C431B3FE2-FollowerState] INFO  impl.RoleInfo (RoleInfo.java:updateAndGet(139)) - 2fe9f5bb-a002-4881-945d-f328dd53395c: start 2fe9f5bb-a002-4881-945d-f328dd53395c@group-8B0C431B3FE2-LeaderElection12
2023-10-04 17:31:18,595 [2fe9f5bb-a002-4881-945d-f328dd53395c@group-8B0C431B3FE2-LeaderElection12] INFO  impl.LeaderElection (LeaderElection.java:askForVotes(321)) - 2fe9f5bb-a002-4881-945d-f328dd53395c@group-8B0C431B3FE2-LeaderElection12 PRE_VOTE round 0: submit vote requests at term 0 for -1: peers:[ce673aed-cb42-4983-a069-5a8880361102|rpc:10.1.0.20:15076|admin:10.1.0.20:15075|client:10.1.0.20:15074|dataStream:10.1.0.20:15077|priority:0|startupRole:FOLLOWER, 91ebd182-a33d-46b0-9291-0e8ba30d2124|rpc:10.1.0.20:15085|admin:10.1.0.20:15084|client:10.1.0.20:15083|dataStream:10.1.0.20:15086|priority:1|startupRole:FOLLOWER, 2fe9f5bb-a002-4881-945d-f328dd53395c|rpc:10.1.0.20:15067|admin:10.1.0.20:15066|client:10.1.0.20:15065|dataStream:10.1.0.20:15068|priority:0|startupRole:FOLLOWER]|listeners:[], old=null
2023-10-04 17:31:18,595 [2fe9f5bb-a002-4881-945d-f328dd53395c@group-8B0C431B3FE2-LeaderElection12] INFO  server.RaftServerConfigKeys (ConfUtils.java:logFallback(53)) - raft.server.rpc.first-election.timeout.min = 5s (fallback to raft.server.rpc.timeout.min)
2023-10-04 17:31:18,595 [2fe9f5bb-a002-4881-945d-f328dd53395c@group-8B0C431B3FE2-LeaderElection12] INFO  server.RaftServerConfigKeys (ConfUtils.java:logFallback(53)) - raft.server.rpc.first-election.timeout.max = 5200ms (fallback to raft.server.rpc.timeout.max)
2023-10-04 17:31:18,595 [2fe9f5bb-a002-4881-945d-f328dd53395c@group-8B0C431B3FE2-LeaderElection12-1] INFO  server.GrpcServerProtocolClient (GrpcServerProtocolClient.java:<init>(65)) - Build channel for ce673aed-cb42-4983-a069-5a8880361102
2023-10-04 17:31:18,596 [2fe9f5bb-a002-4881-945d-f328dd53395c@group-8B0C431B3FE2-LeaderElection12-2] INFO  server.GrpcServerProtocolClient (GrpcServerProtocolClient.java:<init>(65)) - Build channel for 91ebd182-a33d-46b0-9291-0e8ba30d2124
2023-10-04 17:31:18,605 [grpc-default-executor-0] INFO  server.RaftServer$Division (RaftServerImpl.java:requestVote(1302)) - 91ebd182-a33d-46b0-9291-0e8ba30d2124@group-8B0C431B3FE2: receive requestVote(PRE_VOTE, 2fe9f5bb-a002-4881-945d-f328dd53395c, group-8B0C431B3FE2, 0, (t:0, i:0))
2023-10-04 17:31:18,605 [grpc-default-executor-0] INFO  impl.VoteContext (VoteContext.java:log(49)) - 91ebd182-a33d-46b0-9291-0e8ba30d2124@group-8B0C431B3FE2-FOLLOWER: reject PRE_VOTE from 2fe9f5bb-a002-4881-945d-f328dd53395c: our priority 1 > candidate's priority 0
2023-10-04 17:31:18,606 [grpc-default-executor-0] INFO  server.RaftServer$Division (RaftServerImpl.java:requestVote(1335)) - 91ebd182-a33d-46b0-9291-0e8ba30d2124@group-8B0C431B3FE2 replies to PRE_VOTE vote request: 2fe9f5bb-a002-4881-945d-f328dd53395c<-91ebd182-a33d-46b0-9291-0e8ba30d2124#0:FAIL-t0. Peer's state: 91ebd182-a33d-46b0-9291-0e8ba30d2124@group-8B0C431B3FE2:t0, leader=null, voted=, raftlog=Memoized:91ebd182-a33d-46b0-9291-0e8ba30d2124@group-8B0C431B3FE2-SegmentedRaftLog:OPENED:c-1, conf=-1: peers:[ce673aed-cb42-4983-a069-5a8880361102|rpc:10.1.0.20:15076|admin:10.1.0.20:15075|client:10.1.0.20:15074|dataStream:10.1.0.20:15077|priority:0|startupRole:FOLLOWER, 91ebd182-a33d-46b0-9291-0e8ba30d2124|rpc:10.1.0.20:15085|admin:10.1.0.20:15084|client:10.1.0.20:15083|dataStream:10.1.0.20:15086|priority:1|startupRole:FOLLOWER, 2fe9f5bb-a002-4881-945d-f328dd53395c|rpc:10.1.0.20:15067|admin:10.1.0.20:15066|client:10.1.0.20:15065|dataStream:10.1.0.20:15068|priority:0|startupRole:FOLLOWER]|listeners:[], old=null
2023-10-04 17:31:18,611 [grpc-default-executor-0] INFO  server.RaftServer$Division (RaftServerImpl.java:requestVote(1302)) - ce673aed-cb42-4983-a069-5a8880361102@group-8B0C431B3FE2: receive requestVote(PRE_VOTE, 2fe9f5bb-a002-4881-945d-f328dd53395c, group-8B0C431B3FE2, 0, (t:0, i:0))
2023-10-04 17:31:18,611 [grpc-default-executor-0] INFO  impl.VoteContext (VoteContext.java:log(49)) - ce673aed-cb42-4983-a069-5a8880361102@group-8B0C431B3FE2-FOLLOWER: accept PRE_VOTE from 2fe9f5bb-a002-4881-945d-f328dd53395c: our priority 0 <= candidate's priority 0
2023-10-04 17:31:18,611 [grpc-default-executor-0] INFO  server.RaftServer$Division (RaftServerImpl.java:requestVote(1335)) - ce673aed-cb42-4983-a069-5a8880361102@group-8B0C431B3FE2 replies to PRE_VOTE vote request: 2fe9f5bb-a002-4881-945d-f328dd53395c<-ce673aed-cb42-4983-a069-5a8880361102#0:OK-t0. Peer's state: ce673aed-cb42-4983-a069-5a8880361102@group-8B0C431B3FE2:t0, leader=null, voted=, raftlog=Memoized:ce673aed-cb42-4983-a069-5a8880361102@group-8B0C431B3FE2-SegmentedRaftLog:OPENED:c-1, conf=-1: peers:[ce673aed-cb42-4983-a069-5a8880361102|rpc:10.1.0.20:15076|admin:10.1.0.20:15075|client:10.1.0.20:15074|dataStream:10.1.0.20:15077|priority:0|startupRole:FOLLOWER, 91ebd182-a33d-46b0-9291-0e8ba30d2124|rpc:10.1.0.20:15085|admin:10.1.0.20:15084|client:10.1.0.20:15083|dataStream:10.1.0.20:15086|priority:1|startupRole:FOLLOWER, 2fe9f5bb-a002-4881-945d-f328dd53395c|rpc:10.1.0.20:15067|admin:10.1.0.20:15066|client:10.1.0.20:15065|dataStream:10.1.0.20:15068|priority:0|startupRole:FOLLOWER]|listeners:[], old=null
2023-10-04 17:31:18,612 [2fe9f5bb-a002-4881-945d-f328dd53395c@group-8B0C431B3FE2-LeaderElection12] INFO  impl.LeaderElection (LeaderElection.java:logAndReturn(90)) - 2fe9f5bb-a002-4881-945d-f328dd53395c@group-8B0C431B3FE2-LeaderElection12: PRE_VOTE REJECTED received 2 response(s) and 0 exception(s):
2023-10-04 17:31:18,612 [2fe9f5bb-a002-4881-945d-f328dd53395c@group-8B0C431B3FE2-LeaderElection12] INFO  impl.LeaderElection (LeaderElection.java:logAndReturn(94)) -   Response 0: 2fe9f5bb-a002-4881-945d-f328dd53395c<-ce673aed-cb42-4983-a069-5a8880361102#0:OK-t0
2023-10-04 17:31:18,612 [2fe9f5bb-a002-4881-945d-f328dd53395c@group-8B0C431B3FE2-LeaderElection12] INFO  impl.LeaderElection (LeaderElection.java:logAndReturn(94)) -   Response 1: 2fe9f5bb-a002-4881-945d-f328dd53395c<-91ebd182-a33d-46b0-9291-0e8ba30d2124#0:FAIL-t0
2023-10-04 17:31:18,612 [2fe9f5bb-a002-4881-945d-f328dd53395c@group-8B0C431B3FE2-LeaderElection12] INFO  impl.LeaderElection (LeaderElection.java:askForVotes(323)) - 2fe9f5bb-a002-4881-945d-f328dd53395c@group-8B0C431B3FE2-LeaderElection12 PRE_VOTE round 0: result REJECTED
2023-10-04 17:31:18,612 [2fe9f5bb-a002-4881-945d-f328dd53395c@group-8B0C431B3FE2-LeaderElection12] INFO  server.RaftServer$Division (RaftServerImpl.java:setRole(329)) - 2fe9f5bb-a002-4881-945d-f328dd53395c@group-8B0C431B3FE2: changes role from CANDIDATE to FOLLOWER at term 0 for REJECTED
2023-10-04 17:31:18,612 [2fe9f5bb-a002-4881-945d-f328dd53395c@group-8B0C431B3FE2-LeaderElection12] INFO  impl.RoleInfo (RoleInfo.java:shutdownLeaderElection(130)) - 2fe9f5bb-a002-4881-945d-f328dd53395c: shutdown 2fe9f5bb-a002-4881-945d-f328dd53395c@group-8B0C431B3FE2-LeaderElection12
2023-10-04 17:31:18,612 [2fe9f5bb-a002-4881-945d-f328dd53395c@group-8B0C431B3FE2-LeaderElection12] INFO  impl.RoleInfo (RoleInfo.java:updateAndGet(139)) - 2fe9f5bb-a002-4881-945d-f328dd53395c: start 2fe9f5bb-a002-4881-945d-f328dd53395c@group-8B0C431B3FE2-FollowerState
2023-10-04 17:31:18,675 [ce673aed-cb42-4983-a069-5a8880361102@group-8B0C431B3FE2-FollowerState] INFO  server.RaftServerConfigKeys (ConfUtils.java:logFallback(53)) - raft.server.rpc.first-election.timeout.min = 5s (fallback to raft.server.rpc.timeout.min)
2023-10-04 17:31:18,675 [ce673aed-cb42-4983-a069-5a8880361102@group-8B0C431B3FE2-FollowerState] INFO  server.RaftServerConfigKeys (ConfUtils.java:logFallback(53)) - raft.server.rpc.first-election.timeout.max = 5200ms (fallback to raft.server.rpc.timeout.max)
2023-10-04 17:31:18,758 [91ebd182-a33d-46b0-9291-0e8ba30d2124@group-8B0C431B3FE2-FollowerState] INFO  impl.FollowerState (FollowerState.java:run(143)) - 91ebd182-a33d-46b0-9291-0e8ba30d2124@group-8B0C431B3FE2-FollowerState: change to CANDIDATE, lastRpcElapsedTime:5150307495ns, electionTimeout:5148ms
2023-10-04 17:31:18,758 [91ebd182-a33d-46b0-9291-0e8ba30d2124@group-8B0C431B3FE2-FollowerState] INFO  impl.RoleInfo (RoleInfo.java:shutdownFollowerState(110)) - 91ebd182-a33d-46b0-9291-0e8ba30d2124: shutdown 91ebd182-a33d-46b0-9291-0e8ba30d2124@group-8B0C431B3FE2-FollowerState
2023-10-04 17:31:18,759 [91ebd182-a33d-46b0-9291-0e8ba30d2124@group-8B0C431B3FE2-FollowerState] INFO  server.RaftServer$Division (RaftServerImpl.java:setRole(329)) - 91ebd182-a33d-46b0-9291-0e8ba30d2124@group-8B0C431B3FE2: changes role from  FOLLOWER to CANDIDATE at term 0 for changeToCandidate
2023-10-04 17:31:18,759 [91ebd182-a33d-46b0-9291-0e8ba30d2124@group-8B0C431B3FE2-FollowerState] INFO  server.RaftServerConfigKeys (ConfUtils.java:logGet(46)) - raft.server.leaderelection.pre-vote = true (default)
2023-10-04 17:31:18,759 [91ebd182-a33d-46b0-9291-0e8ba30d2124@group-8B0C431B3FE2-FollowerState] INFO  impl.RoleInfo (RoleInfo.java:updateAndGet(139)) - 91ebd182-a33d-46b0-9291-0e8ba30d2124: start 91ebd182-a33d-46b0-9291-0e8ba30d2124@group-8B0C431B3FE2-LeaderElection13
2023-10-04 17:31:18,759 [91ebd182-a33d-46b0-9291-0e8ba30d2124@group-8B0C431B3FE2-LeaderElection13] INFO  impl.LeaderElection (LeaderElection.java:askForVotes(321)) - 91ebd182-a33d-46b0-9291-0e8ba30d2124@group-8B0C431B3FE2-LeaderElection13 PRE_VOTE round 0: submit vote requests at term 0 for -1: peers:[ce673aed-cb42-4983-a069-5a8880361102|rpc:10.1.0.20:15076|admin:10.1.0.20:15075|client:10.1.0.20:15074|dataStream:10.1.0.20:15077|priority:0|startupRole:FOLLOWER, 91ebd182-a33d-46b0-9291-0e8ba30d2124|rpc:10.1.0.20:15085|admin:10.1.0.20:15084|client:10.1.0.20:15083|dataStream:10.1.0.20:15086|priority:1|startupRole:FOLLOWER, 2fe9f5bb-a002-4881-945d-f328dd53395c|rpc:10.1.0.20:15067|admin:10.1.0.20:15066|client:10.1.0.20:15065|dataStream:10.1.0.20:15068|priority:0|startupRole:FOLLOWER]|listeners:[], old=null
2023-10-04 17:31:18,760 [91ebd182-a33d-46b0-9291-0e8ba30d2124@group-8B0C431B3FE2-LeaderElection13-1] INFO  server.GrpcServerProtocolClient (GrpcServerProtocolClient.java:<init>(65)) - Build channel for ce673aed-cb42-4983-a069-5a8880361102
2023-10-04 17:31:18,762 [91ebd182-a33d-46b0-9291-0e8ba30d2124@group-8B0C431B3FE2-LeaderElection13] INFO  server.RaftServerConfigKeys (ConfUtils.java:logFallback(53)) - raft.server.rpc.first-election.timeout.min = 5s (fallback to raft.server.rpc.timeout.min)
2023-10-04 17:31:18,762 [91ebd182-a33d-46b0-9291-0e8ba30d2124@group-8B0C431B3FE2-LeaderElection13-2] INFO  server.GrpcServerProtocolClient (GrpcServerProtocolClient.java:<init>(65)) - Build channel for 2fe9f5bb-a002-4881-945d-f328dd53395c
2023-10-04 17:31:18,762 [91ebd182-a33d-46b0-9291-0e8ba30d2124@group-8B0C431B3FE2-LeaderElection13] INFO  server.RaftServerConfigKeys (ConfUtils.java:logFallback(53)) - raft.server.rpc.first-election.timeout.max = 5200ms (fallback to raft.server.rpc.timeout.max)
2023-10-04 17:31:18,772 [grpc-default-executor-0] INFO  server.RaftServer$Division (RaftServerImpl.java:requestVote(1302)) - ce673aed-cb42-4983-a069-5a8880361102@group-8B0C431B3FE2: receive requestVote(PRE_VOTE, 91ebd182-a33d-46b0-9291-0e8ba30d2124, group-8B0C431B3FE2, 0, (t:0, i:0))
2023-10-04 17:31:18,772 [grpc-default-executor-0] INFO  impl.VoteContext (VoteContext.java:log(49)) - ce673aed-cb42-4983-a069-5a8880361102@group-8B0C431B3FE2-FOLLOWER: accept PRE_VOTE from 91ebd182-a33d-46b0-9291-0e8ba30d2124: our priority 0 <= candidate's priority 1
2023-10-04 17:31:18,772 [grpc-default-executor-0] INFO  server.RaftServer$Division (RaftServerImpl.java:requestVote(1335)) - ce673aed-cb42-4983-a069-5a8880361102@group-8B0C431B3FE2 replies to PRE_VOTE vote request: 91ebd182-a33d-46b0-9291-0e8ba30d2124<-ce673aed-cb42-4983-a069-5a8880361102#0:OK-t0. Peer's state: ce673aed-cb42-4983-a069-5a8880361102@group-8B0C431B3FE2:t0, leader=null, voted=, raftlog=Memoized:ce673aed-cb42-4983-a069-5a8880361102@group-8B0C431B3FE2-SegmentedRaftLog:OPENED:c-1, conf=-1: peers:[ce673aed-cb42-4983-a069-5a8880361102|rpc:10.1.0.20:15076|admin:10.1.0.20:15075|client:10.1.0.20:15074|dataStream:10.1.0.20:15077|priority:0|startupRole:FOLLOWER, 91ebd182-a33d-46b0-9291-0e8ba30d2124|rpc:10.1.0.20:15085|admin:10.1.0.20:15084|client:10.1.0.20:15083|dataStream:10.1.0.20:15086|priority:1|startupRole:FOLLOWER, 2fe9f5bb-a002-4881-945d-f328dd53395c|rpc:10.1.0.20:15067|admin:10.1.0.20:15066|client:10.1.0.20:15065|dataStream:10.1.0.20:15068|priority:0|startupRole:FOLLOWER]|listeners:[], old=null
2023-10-04 17:31:18,773 [91ebd182-a33d-46b0-9291-0e8ba30d2124@group-8B0C431B3FE2-LeaderElection13] INFO  impl.LeaderElection (LeaderElection.java:logAndReturn(90)) - 91ebd182-a33d-46b0-9291-0e8ba30d2124@group-8B0C431B3FE2-LeaderElection13: PRE_VOTE PASSED received 1 response(s) and 0 exception(s):
2023-10-04 17:31:18,773 [91ebd182-a33d-46b0-9291-0e8ba30d2124@group-8B0C431B3FE2-LeaderElection13] INFO  impl.LeaderElection (LeaderElection.java:logAndReturn(94)) -   Response 0: 91ebd182-a33d-46b0-9291-0e8ba30d2124<-ce673aed-cb42-4983-a069-5a8880361102#0:OK-t0
2023-10-04 17:31:18,773 [91ebd182-a33d-46b0-9291-0e8ba30d2124@group-8B0C431B3FE2-LeaderElection13] INFO  impl.LeaderElection (LeaderElection.java:askForVotes(323)) - 91ebd182-a33d-46b0-9291-0e8ba30d2124@group-8B0C431B3FE2-LeaderElection13 PRE_VOTE round 0: result PASSED
2023-10-04 17:31:18,775 [91ebd182-a33d-46b0-9291-0e8ba30d2124@group-8B0C431B3FE2-LeaderElection13] INFO  impl.LeaderElection (LeaderElection.java:askForVotes(321)) - 91ebd182-a33d-46b0-9291-0e8ba30d2124@group-8B0C431B3FE2-LeaderElection13 ELECTION round 0: submit vote requests at term 1 for -1: peers:[ce673aed-cb42-4983-a069-5a8880361102|rpc:10.1.0.20:15076|admin:10.1.0.20:15075|client:10.1.0.20:15074|dataStream:10.1.0.20:15077|priority:0|startupRole:FOLLOWER, 91ebd182-a33d-46b0-9291-0e8ba30d2124|rpc:10.1.0.20:15085|admin:10.1.0.20:15084|client:10.1.0.20:15083|dataStream:10.1.0.20:15086|priority:1|startupRole:FOLLOWER, 2fe9f5bb-a002-4881-945d-f328dd53395c|rpc:10.1.0.20:15067|admin:10.1.0.20:15066|client:10.1.0.20:15065|dataStream:10.1.0.20:15068|priority:0|startupRole:FOLLOWER]|listeners:[], old=null
2023-10-04 17:31:18,778 [91ebd182-a33d-46b0-9291-0e8ba30d2124@group-8B0C431B3FE2-LeaderElection13] INFO  server.RaftServerConfigKeys (ConfUtils.java:logFallback(53)) - raft.server.rpc.first-election.timeout.min = 5s (fallback to raft.server.rpc.timeout.min)
2023-10-04 17:31:18,778 [91ebd182-a33d-46b0-9291-0e8ba30d2124@group-8B0C431B3FE2-LeaderElection13] INFO  server.RaftServerConfigKeys (ConfUtils.java:logFallback(53)) - raft.server.rpc.first-election.timeout.max = 5200ms (fallback to raft.server.rpc.timeout.max)
2023-10-04 17:31:18,783 [grpc-default-executor-0] INFO  server.RaftServer$Division (RaftServerImpl.java:requestVote(1302)) - ce673aed-cb42-4983-a069-5a8880361102@group-8B0C431B3FE2: receive requestVote(ELECTION, 91ebd182-a33d-46b0-9291-0e8ba30d2124, group-8B0C431B3FE2, 1, (t:0, i:0))
2023-10-04 17:31:18,783 [grpc-default-executor-0] INFO  impl.VoteContext (VoteContext.java:log(49)) - ce673aed-cb42-4983-a069-5a8880361102@group-8B0C431B3FE2-FOLLOWER: accept ELECTION from 91ebd182-a33d-46b0-9291-0e8ba30d2124: our priority 0 <= candidate's priority 1
2023-10-04 17:31:18,783 [grpc-default-executor-0] INFO  server.RaftServer$Division (RaftServerImpl.java:setRole(329)) - ce673aed-cb42-4983-a069-5a8880361102@group-8B0C431B3FE2: changes role from  FOLLOWER to FOLLOWER at term 1 for candidate:91ebd182-a33d-46b0-9291-0e8ba30d2124
2023-10-04 17:31:18,783 [grpc-default-executor-0] INFO  impl.RoleInfo (RoleInfo.java:shutdownFollowerState(110)) - ce673aed-cb42-4983-a069-5a8880361102: shutdown ce673aed-cb42-4983-a069-5a8880361102@group-8B0C431B3FE2-FollowerState
2023-10-04 17:31:18,783 [grpc-default-executor-0] INFO  impl.RoleInfo (RoleInfo.java:updateAndGet(139)) - ce673aed-cb42-4983-a069-5a8880361102: start ce673aed-cb42-4983-a069-5a8880361102@group-8B0C431B3FE2-FollowerState
2023-10-04 17:31:18,783 [ce673aed-cb42-4983-a069-5a8880361102@group-8B0C431B3FE2-FollowerState] INFO  impl.FollowerState (FollowerState.java:run(152)) - ce673aed-cb42-4983-a069-5a8880361102@group-8B0C431B3FE2-FollowerState was interrupted
2023-10-04 17:31:18,790 [grpc-default-executor-0] INFO  server.RaftServer$Division (RaftServerImpl.java:requestVote(1335)) - ce673aed-cb42-4983-a069-5a8880361102@group-8B0C431B3FE2 replies to ELECTION vote request: 91ebd182-a33d-46b0-9291-0e8ba30d2124<-ce673aed-cb42-4983-a069-5a8880361102#0:OK-t1. Peer's state: ce673aed-cb42-4983-a069-5a8880361102@group-8B0C431B3FE2:t1, leader=null, voted=91ebd182-a33d-46b0-9291-0e8ba30d2124, raftlog=Memoized:ce673aed-cb42-4983-a069-5a8880361102@group-8B0C431B3FE2-SegmentedRaftLog:OPENED:c-1, conf=-1: peers:[ce673aed-cb42-4983-a069-5a8880361102|rpc:10.1.0.20:15076|admin:10.1.0.20:15075|client:10.1.0.20:15074|dataStream:10.1.0.20:15077|priority:0|startupRole:FOLLOWER, 91ebd182-a33d-46b0-9291-0e8ba30d2124|rpc:10.1.0.20:15085|admin:10.1.0.20:15084|client:10.1.0.20:15083|dataStream:10.1.0.20:15086|priority:1|startupRole:FOLLOWER, 2fe9f5bb-a002-4881-945d-f328dd53395c|rpc:10.1.0.20:15067|admin:10.1.0.20:15066|client:10.1.0.20:15065|dataStream:10.1.0.20:15068|priority:0|startupRole:FOLLOWER]|listeners:[], old=null
2023-10-04 17:31:18,800 [91ebd182-a33d-46b0-9291-0e8ba30d2124@group-8B0C431B3FE2-LeaderElection13] INFO  impl.LeaderElection (LeaderElection.java:logAndReturn(90)) - 91ebd182-a33d-46b0-9291-0e8ba30d2124@group-8B0C431B3FE2-LeaderElection13: ELECTION PASSED received 1 response(s) and 0 exception(s):
2023-10-04 17:31:18,800 [91ebd182-a33d-46b0-9291-0e8ba30d2124@group-8B0C431B3FE2-LeaderElection13] INFO  impl.LeaderElection (LeaderElection.java:logAndReturn(94)) -   Response 0: 91ebd182-a33d-46b0-9291-0e8ba30d2124<-ce673aed-cb42-4983-a069-5a8880361102#0:OK-t1
2023-10-04 17:31:18,800 [91ebd182-a33d-46b0-9291-0e8ba30d2124@group-8B0C431B3FE2-LeaderElection13] INFO  impl.LeaderElection (LeaderElection.java:askForVotes(323)) - 91ebd182-a33d-46b0-9291-0e8ba30d2124@group-8B0C431B3FE2-LeaderElection13 ELECTION round 0: result PASSED
2023-10-04 17:31:18,800 [91ebd182-a33d-46b0-9291-0e8ba30d2124@group-8B0C431B3FE2-LeaderElection13] INFO  impl.RoleInfo (RoleInfo.java:shutdownLeaderElection(130)) - 91ebd182-a33d-46b0-9291-0e8ba30d2124: shutdown 91ebd182-a33d-46b0-9291-0e8ba30d2124@group-8B0C431B3FE2-LeaderElection13
2023-10-04 17:31:18,800 [91ebd182-a33d-46b0-9291-0e8ba30d2124@group-8B0C431B3FE2-LeaderElection13] INFO  server.RaftServer$Division (RaftServerImpl.java:setRole(329)) - 91ebd182-a33d-46b0-9291-0e8ba30d2124@group-8B0C431B3FE2: changes role from CANDIDATE to LEADER at term 1 for changeToLeader
2023-10-04 17:31:18,800 [91ebd182-a33d-46b0-9291-0e8ba30d2124@group-8B0C431B3FE2-LeaderElection13] INFO  ratis.XceiverServerRatis (XceiverServerRatis.java:handleLeaderChangedNotification(902)) - Leader change notification received for group: group-8B0C431B3FE2 with new leaderId: 91ebd182-a33d-46b0-9291-0e8ba30d2124
2023-10-04 17:31:18,800 [91ebd182-a33d-46b0-9291-0e8ba30d2124@group-8B0C431B3FE2-LeaderElection13] INFO  server.RaftServer$Division (ServerState.java:setLeader(317)) - 91ebd182-a33d-46b0-9291-0e8ba30d2124@group-8B0C431B3FE2: change Leader from null to 91ebd182-a33d-46b0-9291-0e8ba30d2124 at term 1 for becomeLeader, leader elected after 5214ms
2023-10-04 17:31:18,800 [91ebd182-a33d-46b0-9291-0e8ba30d2124@group-8B0C431B3FE2-LeaderElection13] INFO  server.RaftServerConfigKeys (ConfUtils.java:logGet(46)) - raft.server.staging.catchup.gap = 1000 (default)
2023-10-04 17:31:18,800 [91ebd182-a33d-46b0-9291-0e8ba30d2124@group-8B0C431B3FE2-LeaderElection13] INFO  server.RaftServerConfigKeys (ConfUtils.java:logGet(46)) - raft.server.write.element-limit = 1024 (custom)
2023-10-04 17:31:18,800 [91ebd182-a33d-46b0-9291-0e8ba30d2124@group-8B0C431B3FE2-LeaderElection13] INFO  server.RaftServerConfigKeys (ConfUtils.java:logGet(46)) - raft.server.write.byte-limit = 1024 M (=1073741824) (custom)
2023-10-04 17:31:18,800 [91ebd182-a33d-46b0-9291-0e8ba30d2124@group-8B0C431B3FE2-LeaderElection13] INFO  server.RaftServerConfigKeys (ConfUtils.java:logGet(46)) - raft.server.watch.timeout = 180s (custom)
2023-10-04 17:31:18,801 [91ebd182-a33d-46b0-9291-0e8ba30d2124@group-8B0C431B3FE2-LeaderElection13] INFO  server.RaftServerConfigKeys (ConfUtils.java:logGet(46)) - raft.server.watch.timeout.denomination = 1s (default)
2023-10-04 17:31:18,801 [91ebd182-a33d-46b0-9291-0e8ba30d2124@group-8B0C431B3FE2-LeaderElection13] INFO  server.RaftServerConfigKeys (ConfUtils.java:logGet(46)) - raft.server.watch.element-limit = 65536 (default)
2023-10-04 17:31:18,801 [91ebd182-a33d-46b0-9291-0e8ba30d2124@group-8B0C431B3FE2-LeaderElection13] INFO  server.RaftServerConfigKeys (ConfUtils.java:logGet(46)) - raft.server.write.element-limit = 1024 (custom)
2023-10-04 17:31:18,801 [91ebd182-a33d-46b0-9291-0e8ba30d2124@group-8B0C431B3FE2-LeaderElection13] INFO  server.RaftServerConfigKeys (ConfUtils.java:logGet(46)) - raft.server.write.follower.gap.ratio.max = -1.0 (default)
2023-10-04 17:31:18,801 [91ebd182-a33d-46b0-9291-0e8ba30d2124@group-8B0C431B3FE2-LeaderElection13] INFO  server.RaftServerConfigKeys (ConfUtils.java:logGet(46)) - raft.server.log.appender.snapshot.chunk.size.max = 16MB (=16777216) (default)
2023-10-04 17:31:18,801 [91ebd182-a33d-46b0-9291-0e8ba30d2124@group-8B0C431B3FE2-LeaderElection13] INFO  server.RaftServerConfigKeys (ConfUtils.java:logGet(46)) - raft.server.log.appender.buffer.byte-limit = 33554432 (custom)
2023-10-04 17:31:18,801 [91ebd182-a33d-46b0-9291-0e8ba30d2124@group-8B0C431B3FE2-LeaderElection13] INFO  server.RaftServerConfigKeys (ConfUtils.java:logGet(46)) - raft.server.log.appender.buffer.element-limit = 1 (custom)
2023-10-04 17:31:18,801 [91ebd182-a33d-46b0-9291-0e8ba30d2124@group-8B0C431B3FE2-LeaderElection13] INFO  server.RaftServerConfigKeys (ConfUtils.java:logGet(46)) - raft.server.log.appender.wait-time.min = 10ms (default)
2023-10-04 17:31:18,801 [91ebd182-a33d-46b0-9291-0e8ba30d2124@group-8B0C431B3FE2-LeaderElection13] INFO  grpc.GrpcConfigKeys (ConfUtils.java:logGet(46)) - raft.grpc.server.leader.outstanding.appends.max = 128 (default)
2023-10-04 17:31:18,801 [91ebd182-a33d-46b0-9291-0e8ba30d2124@group-8B0C431B3FE2-LeaderElection13] INFO  server.RaftServerConfigKeys (ConfUtils.java:logGet(46)) - raft.server.rpc.request.timeout = 60s (custom)
2023-10-04 17:31:18,802 [91ebd182-a33d-46b0-9291-0e8ba30d2124@group-8B0C431B3FE2-LeaderElection13] INFO  grpc.GrpcConfigKeys (ConfUtils.java:logGet(46)) - raft.grpc.server.install_snapshot.request.element-limit = 8 (default)
2023-10-04 17:31:18,804 [2fe9f5bb-a002-4881-945d-f328dd53395c@group-1A697460F7F0-FollowerState] INFO  impl.FollowerState (FollowerState.java:run(143)) - 2fe9f5bb-a002-4881-945d-f328dd53395c@group-1A697460F7F0-FollowerState: change to CANDIDATE, lastRpcElapsedTime:5162196046ns, electionTimeout:5161ms
2023-10-04 17:31:18,804 [2fe9f5bb-a002-4881-945d-f328dd53395c@group-1A697460F7F0-FollowerState] INFO  impl.RoleInfo (RoleInfo.java:shutdownFollowerState(110)) - 2fe9f5bb-a002-4881-945d-f328dd53395c: shutdown 2fe9f5bb-a002-4881-945d-f328dd53395c@group-1A697460F7F0-FollowerState
2023-10-04 17:31:18,804 [2fe9f5bb-a002-4881-945d-f328dd53395c@group-1A697460F7F0-FollowerState] INFO  server.RaftServer$Division (RaftServerImpl.java:setRole(329)) - 2fe9f5bb-a002-4881-945d-f328dd53395c@group-1A697460F7F0: changes role from  FOLLOWER to CANDIDATE at term 0 for changeToCandidate
2023-10-04 17:31:18,804 [2fe9f5bb-a002-4881-945d-f328dd53395c@group-1A697460F7F0-FollowerState] INFO  server.RaftServerConfigKeys (ConfUtils.java:logGet(46)) - raft.server.leaderelection.pre-vote = true (default)
2023-10-04 17:31:18,804 [2fe9f5bb-a002-4881-945d-f328dd53395c@group-1A697460F7F0-FollowerState] INFO  impl.RoleInfo (RoleInfo.java:updateAndGet(139)) - 2fe9f5bb-a002-4881-945d-f328dd53395c: start 2fe9f5bb-a002-4881-945d-f328dd53395c@group-1A697460F7F0-LeaderElection14
2023-10-04 17:31:18,804 [91ebd182-a33d-46b0-9291-0e8ba30d2124@group-8B0C431B3FE2-LeaderElection13] INFO  grpc.GrpcConfigKeys (ConfUtils.java:logGet(46)) - raft.grpc.server.install_snapshot.request.timeout = 3000ms (default)
2023-10-04 17:31:18,804 [91ebd182-a33d-46b0-9291-0e8ba30d2124@group-8B0C431B3FE2-LeaderElection13] INFO  server.RaftServerConfigKeys (ConfUtils.java:logGet(46)) - raft.server.log.appender.install.snapshot.enabled = false (custom)
2023-10-04 17:31:18,804 [91ebd182-a33d-46b0-9291-0e8ba30d2124@group-8B0C431B3FE2-LeaderElection13] INFO  grpc.GrpcConfigKeys (ConfUtils.java:logGet(46)) - raft.grpc.server.heartbeat.channel = true (default)
2023-10-04 17:31:18,806 [EventQueue-PipelineReportForPipelineReportHandler] INFO  pipeline.PipelineReportHandler (PipelineReportHandler.java:processPipelineReport(136)) - Opened pipeline PipelineID=0e3a7fbc-1bcb-4312-9b8d-8b0c431b3fe2
2023-10-04 17:31:18,807 [EventQueue-OpenPipelineForHealthyPipelineSafeModeRule] INFO  safemode.SCMSafeModeManager (HealthyPipelineSafeModeRule.java:process(137)) - SCM in safe mode. Healthy pipelines reported count is 1, required healthy pipeline reported count is 1
2023-10-04 17:31:18,807 [EventQueue-OpenPipelineForHealthyPipelineSafeModeRule] INFO  safemode.SCMSafeModeManager (SCMSafeModeManager.java:validateSafeModeExitRules(200)) - HealthyPipelineSafeModeRule rule is successfully validated
2023-10-04 17:31:18,807 [EventQueue-OpenPipelineForHealthyPipelineSafeModeRule] INFO  safemode.SCMSafeModeManager (SCMSafeModeManager.java:validateSafeModeExitRules(215)) - ScmSafeModeManager, all rules are successfully validated
2023-10-04 17:31:18,807 [EventQueue-OpenPipelineForHealthyPipelineSafeModeRule] INFO  safemode.SCMSafeModeManager (SCMSafeModeManager.java:exitSafeMode(244)) - SCM exiting safe mode.
2023-10-04 17:31:18,807 [EventQueue-OpenPipelineForHealthyPipelineSafeModeRule] INFO  ha.SCMContext (SCMContext.java:updateSafeModeStatus(228)) - Update SafeModeStatus from SafeModeStatus{safeModeStatus=true, preCheckPassed=true} to SafeModeStatus{safeModeStatus=false, preCheckPassed=true}.
2023-10-04 17:31:18,807 [EventQueue-OpenPipelineForHealthyPipelineSafeModeRule] INFO  pipeline.BackgroundPipelineCreator (BackgroundPipelineCreator.java:notifyStatusChanged(255)) - Service BackgroundPipelineCreator transitions to RUNNING.
2023-10-04 17:31:18,807 [EventQueue-OpenPipelineForHealthyPipelineSafeModeRule] INFO  BackgroundPipelineScrubber (BackgroundSCMService.java:notifyStatusChanged(82)) - Service BackgroundPipelineScrubber transitions to RUNNING.
2023-10-04 17:31:18,807 [EventQueue-OpenPipelineForHealthyPipelineSafeModeRule] INFO  ExpiredContainerReplicaOpScrubber (BackgroundSCMService.java:notifyStatusChanged(82)) - Service ExpiredContainerReplicaOpScrubber transitions to RUNNING.
2023-10-04 17:31:18,807 [EventQueue-OpenPipelineForHealthyPipelineSafeModeRule] INFO  replication.ReplicationManager (ReplicationManager.java:notifyStatusChanged(1370)) - Service ReplicationManager transitions to RUNNING.
2023-10-04 17:31:18,807 [EventQueue-OpenPipelineForHealthyPipelineSafeModeRule] WARN  balancer.ContainerBalancer (ContainerBalancer.java:shouldRun(134)) - Could not find persisted configuration for ContainerBalancer when checking if ContainerBalancer should run. ContainerBalancer should not run now.
2023-10-04 17:31:18,807 [91ebd182-a33d-46b0-9291-0e8ba30d2124@group-8B0C431B3FE2-LeaderElection13] INFO  server.RaftServerConfigKeys (ConfUtils.java:logGet(46)) - raft.server.log.appender.snapshot.chunk.size.max = 16MB (=16777216) (default)
2023-10-04 17:31:18,807 [91ebd182-a33d-46b0-9291-0e8ba30d2124@group-8B0C431B3FE2-LeaderElection13] INFO  server.RaftServerConfigKeys (ConfUtils.java:logGet(46)) - raft.server.log.appender.buffer.byte-limit = 33554432 (custom)
2023-10-04 17:31:18,808 [91ebd182-a33d-46b0-9291-0e8ba30d2124@group-8B0C431B3FE2-LeaderElection13] INFO  server.RaftServerConfigKeys (ConfUtils.java:logGet(46)) - raft.server.log.appender.buffer.element-limit = 1 (custom)
2023-10-04 17:31:18,808 [91ebd182-a33d-46b0-9291-0e8ba30d2124@group-8B0C431B3FE2-LeaderElection13] INFO  server.RaftServerConfigKeys (ConfUtils.java:logGet(46)) - raft.server.log.appender.wait-time.min = 10ms (default)
2023-10-04 17:31:18,808 [91ebd182-a33d-46b0-9291-0e8ba30d2124@group-8B0C431B3FE2-LeaderElection13] INFO  grpc.GrpcConfigKeys (ConfUtils.java:logGet(46)) - raft.grpc.server.leader.outstanding.appends.max = 128 (default)
2023-10-04 17:31:18,808 [91ebd182-a33d-46b0-9291-0e8ba30d2124@group-8B0C431B3FE2-LeaderElection13] INFO  server.RaftServerConfigKeys (ConfUtils.java:logGet(46)) - raft.server.rpc.request.timeout = 60s (custom)
2023-10-04 17:31:18,808 [91ebd182-a33d-46b0-9291-0e8ba30d2124@group-8B0C431B3FE2-LeaderElection13] INFO  grpc.GrpcConfigKeys (ConfUtils.java:logGet(46)) - raft.grpc.server.install_snapshot.request.element-limit = 8 (default)
2023-10-04 17:31:18,808 [91ebd182-a33d-46b0-9291-0e8ba30d2124@group-8B0C431B3FE2-LeaderElection13] INFO  grpc.GrpcConfigKeys (ConfUtils.java:logGet(46)) - raft.grpc.server.install_snapshot.request.timeout = 3000ms (default)
2023-10-04 17:31:18,808 [91ebd182-a33d-46b0-9291-0e8ba30d2124@group-8B0C431B3FE2-LeaderElection13] INFO  server.RaftServerConfigKeys (ConfUtils.java:logGet(46)) - raft.server.log.appender.install.snapshot.enabled = false (custom)
2023-10-04 17:31:18,808 [91ebd182-a33d-46b0-9291-0e8ba30d2124@group-8B0C431B3FE2-LeaderElection13] INFO  grpc.GrpcConfigKeys (ConfUtils.java:logGet(46)) - raft.grpc.server.heartbeat.channel = true (default)
2023-10-04 17:31:18,808 [91ebd182-a33d-46b0-9291-0e8ba30d2124@group-8B0C431B3FE2-LeaderElection13] INFO  impl.RoleInfo (RoleInfo.java:updateAndGet(139)) - 91ebd182-a33d-46b0-9291-0e8ba30d2124: start 91ebd182-a33d-46b0-9291-0e8ba30d2124@group-8B0C431B3FE2-LeaderStateImpl
2023-10-04 17:31:18,809 [2fe9f5bb-a002-4881-945d-f328dd53395c@group-1A697460F7F0-LeaderElection14] INFO  impl.LeaderElection (LeaderElection.java:askForVotes(321)) - 2fe9f5bb-a002-4881-945d-f328dd53395c@group-1A697460F7F0-LeaderElection14 PRE_VOTE round 0: submit vote requests at term 0 for -1: peers:[ce673aed-cb42-4983-a069-5a8880361102|rpc:10.1.0.20:15076|admin:10.1.0.20:15075|client:10.1.0.20:15074|dataStream:10.1.0.20:15077|priority:0|startupRole:FOLLOWER, 91ebd182-a33d-46b0-9291-0e8ba30d2124|rpc:10.1.0.20:15085|admin:10.1.0.20:15084|client:10.1.0.20:15083|dataStream:10.1.0.20:15086|priority:0|startupRole:FOLLOWER, 2fe9f5bb-a002-4881-945d-f328dd53395c|rpc:10.1.0.20:15067|admin:10.1.0.20:15066|client:10.1.0.20:15065|dataStream:10.1.0.20:15068|priority:1|startupRole:FOLLOWER]|listeners:[], old=null
2023-10-04 17:31:18,809 [91ebd182-a33d-46b0-9291-0e8ba30d2124@group-8B0C431B3FE2-LeaderElection13] INFO  segmented.SegmentedRaftLogWorker (SegmentedRaftLogWorker.java:startLogSegment(447)) - 91ebd182-a33d-46b0-9291-0e8ba30d2124@group-8B0C431B3FE2-SegmentedRaftLogWorker: Starting segment from index:0
2023-10-04 17:31:18,811 [91ebd182-a33d-46b0-9291-0e8ba30d2124@group-8B0C431B3FE2-SegmentedRaftLogWorker] INFO  segmented.SegmentedRaftLogWorker (SegmentedRaftLogWorker.java:execute(651)) - 91ebd182-a33d-46b0-9291-0e8ba30d2124@group-8B0C431B3FE2-SegmentedRaftLogWorker: created new log segment /home/runner/work/ozone/ozone/hadoop-ozone/integration-test/target/test-dir/MiniOzoneClusterImpl-ae862161-af4f-46f0-80d9-78d734e05fe2/datanode-2/data/ratis/0e3a7fbc-1bcb-4312-9b8d-8b0c431b3fe2/current/log_inprogress_0
2023-10-04 17:31:18,815 [91ebd182-a33d-46b0-9291-0e8ba30d2124@group-8B0C431B3FE2-LeaderElection13] INFO  server.RaftServer$Division (ServerState.java:setRaftConf(434)) - 91ebd182-a33d-46b0-9291-0e8ba30d2124@group-8B0C431B3FE2: set configuration 0: peers:[ce673aed-cb42-4983-a069-5a8880361102|rpc:10.1.0.20:15076|admin:10.1.0.20:15075|client:10.1.0.20:15074|dataStream:10.1.0.20:15077|priority:0|startupRole:FOLLOWER, 91ebd182-a33d-46b0-9291-0e8ba30d2124|rpc:10.1.0.20:15085|admin:10.1.0.20:15084|client:10.1.0.20:15083|dataStream:10.1.0.20:15086|priority:1|startupRole:FOLLOWER, 2fe9f5bb-a002-4881-945d-f328dd53395c|rpc:10.1.0.20:15067|admin:10.1.0.20:15066|client:10.1.0.20:15065|dataStream:10.1.0.20:15068|priority:0|startupRole:FOLLOWER]|listeners:[], old=null
2023-10-04 17:31:18,818 [2fe9f5bb-a002-4881-945d-f328dd53395c@group-1A697460F7F0-LeaderElection14] INFO  server.RaftServerConfigKeys (ConfUtils.java:logFallback(53)) - raft.server.rpc.first-election.timeout.min = 5s (fallback to raft.server.rpc.timeout.min)
2023-10-04 17:31:18,818 [2fe9f5bb-a002-4881-945d-f328dd53395c@group-1A697460F7F0-LeaderElection14] INFO  server.RaftServerConfigKeys (ConfUtils.java:logFallback(53)) - raft.server.rpc.first-election.timeout.max = 5200ms (fallback to raft.server.rpc.timeout.max)
2023-10-04 17:31:18,831 [ce673aed-cb42-4983-a069-5a8880361102-server-thread1] INFO  ratis.XceiverServerRatis (XceiverServerRatis.java:handleLeaderChangedNotification(902)) - Leader change notification received for group: group-8B0C431B3FE2 with new leaderId: 91ebd182-a33d-46b0-9291-0e8ba30d2124
2023-10-04 17:31:18,831 [ce673aed-cb42-4983-a069-5a8880361102-server-thread1] INFO  server.RaftServer$Division (ServerState.java:setLeader(317)) - ce673aed-cb42-4983-a069-5a8880361102@group-8B0C431B3FE2: change Leader from null to 91ebd182-a33d-46b0-9291-0e8ba30d2124 at term 1 for appendEntries, leader elected after 5294ms
2023-10-04 17:31:18,835 [91ebd182-a33d-46b0-9291-0e8ba30d2124@group-1A697460F7F0-FollowerState] INFO  impl.FollowerState (FollowerState.java:run(143)) - 91ebd182-a33d-46b0-9291-0e8ba30d2124@group-1A697460F7F0-FollowerState: change to CANDIDATE, lastRpcElapsedTime:5118422622ns, electionTimeout:5117ms
2023-10-04 17:31:18,835 [91ebd182-a33d-46b0-9291-0e8ba30d2124@group-1A697460F7F0-FollowerState] INFO  impl.RoleInfo (RoleInfo.java:shutdownFollowerState(110)) - 91ebd182-a33d-46b0-9291-0e8ba30d2124: shutdown 91ebd182-a33d-46b0-9291-0e8ba30d2124@group-1A697460F7F0-FollowerState
2023-10-04 17:31:18,835 [91ebd182-a33d-46b0-9291-0e8ba30d2124@group-1A697460F7F0-FollowerState] INFO  server.RaftServer$Division (RaftServerImpl.java:setRole(329)) - 91ebd182-a33d-46b0-9291-0e8ba30d2124@group-1A697460F7F0: changes role from  FOLLOWER to CANDIDATE at term 0 for changeToCandidate
2023-10-04 17:31:18,836 [grpc-default-executor-1] INFO  server.RaftServer$Division (RaftServerImpl.java:requestVote(1302)) - 2fe9f5bb-a002-4881-945d-f328dd53395c@group-8B0C431B3FE2: receive requestVote(PRE_VOTE, 91ebd182-a33d-46b0-9291-0e8ba30d2124, group-8B0C431B3FE2, 0, (t:0, i:0))
2023-10-04 17:31:18,836 [grpc-default-executor-1] INFO  impl.VoteContext (VoteContext.java:log(49)) - 2fe9f5bb-a002-4881-945d-f328dd53395c@group-8B0C431B3FE2-FOLLOWER: accept PRE_VOTE from 91ebd182-a33d-46b0-9291-0e8ba30d2124: our priority 0 <= candidate's priority 1
2023-10-04 17:31:18,837 [grpc-default-executor-1] INFO  server.RaftServer$Division (RaftServerImpl.java:requestVote(1335)) - 2fe9f5bb-a002-4881-945d-f328dd53395c@group-8B0C431B3FE2 replies to PRE_VOTE vote request: 91ebd182-a33d-46b0-9291-0e8ba30d2124<-2fe9f5bb-a002-4881-945d-f328dd53395c#0:OK-t0. Peer's state: 2fe9f5bb-a002-4881-945d-f328dd53395c@group-8B0C431B3FE2:t0, leader=null, voted=, raftlog=Memoized:2fe9f5bb-a002-4881-945d-f328dd53395c@group-8B0C431B3FE2-SegmentedRaftLog:OPENED:c-1, conf=-1: peers:[ce673aed-cb42-4983-a069-5a8880361102|rpc:10.1.0.20:15076|admin:10.1.0.20:15075|client:10.1.0.20:15074|dataStream:10.1.0.20:15077|priority:0|startupRole:FOLLOWER, 91ebd182-a33d-46b0-9291-0e8ba30d2124|rpc:10.1.0.20:15085|admin:10.1.0.20:15084|client:10.1.0.20:15083|dataStream:10.1.0.20:15086|priority:1|startupRole:FOLLOWER, 2fe9f5bb-a002-4881-945d-f328dd53395c|rpc:10.1.0.20:15067|admin:10.1.0.20:15066|client:10.1.0.20:15065|dataStream:10.1.0.20:15068|priority:0|startupRole:FOLLOWER]|listeners:[], old=null
2023-10-04 17:31:18,838 [grpc-default-executor-3] INFO  server.RaftServer$Division (RaftServerImpl.java:requestVote(1302)) - 2fe9f5bb-a002-4881-945d-f328dd53395c@group-8B0C431B3FE2: receive requestVote(ELECTION, 91ebd182-a33d-46b0-9291-0e8ba30d2124, group-8B0C431B3FE2, 1, (t:0, i:0))
2023-10-04 17:31:18,838 [grpc-default-executor-3] INFO  impl.VoteContext (VoteContext.java:log(49)) - 2fe9f5bb-a002-4881-945d-f328dd53395c@group-8B0C431B3FE2-FOLLOWER: accept ELECTION from 91ebd182-a33d-46b0-9291-0e8ba30d2124: our priority 0 <= candidate's priority 1
2023-10-04 17:31:18,838 [91ebd182-a33d-46b0-9291-0e8ba30d2124@group-1A697460F7F0-FollowerState] INFO  server.RaftServerConfigKeys (ConfUtils.java:logGet(46)) - raft.server.leaderelection.pre-vote = true (default)
2023-10-04 17:31:18,838 [grpc-default-executor-3] INFO  server.RaftServer$Division (RaftServerImpl.java:setRole(329)) - 2fe9f5bb-a002-4881-945d-f328dd53395c@group-8B0C431B3FE2: changes role from  FOLLOWER to FOLLOWER at term 1 for candidate:91ebd182-a33d-46b0-9291-0e8ba30d2124
2023-10-04 17:31:18,838 [grpc-default-executor-3] INFO  impl.RoleInfo (RoleInfo.java:shutdownFollowerState(110)) - 2fe9f5bb-a002-4881-945d-f328dd53395c: shutdown 2fe9f5bb-a002-4881-945d-f328dd53395c@group-8B0C431B3FE2-FollowerState
2023-10-04 17:31:18,838 [91ebd182-a33d-46b0-9291-0e8ba30d2124@group-1A697460F7F0-FollowerState] INFO  impl.RoleInfo (RoleInfo.java:updateAndGet(139)) - 91ebd182-a33d-46b0-9291-0e8ba30d2124: start 91ebd182-a33d-46b0-9291-0e8ba30d2124@group-1A697460F7F0-LeaderElection15
2023-10-04 17:31:18,838 [grpc-default-executor-3] INFO  impl.RoleInfo (RoleInfo.java:updateAndGet(139)) - 2fe9f5bb-a002-4881-945d-f328dd53395c: start 2fe9f5bb-a002-4881-945d-f328dd53395c@group-8B0C431B3FE2-FollowerState
2023-10-04 17:31:18,839 [2fe9f5bb-a002-4881-945d-f328dd53395c@group-8B0C431B3FE2-FollowerState] INFO  impl.FollowerState (FollowerState.java:run(152)) - 2fe9f5bb-a002-4881-945d-f328dd53395c@group-8B0C431B3FE2-FollowerState was interrupted
2023-10-04 17:31:18,847 [grpc-default-executor-2] INFO  server.RaftServer$Division (RaftServerImpl.java:requestVote(1302)) - ce673aed-cb42-4983-a069-5a8880361102@group-1A697460F7F0: receive requestVote(PRE_VOTE, 2fe9f5bb-a002-4881-945d-f328dd53395c, group-1A697460F7F0, 0, (t:0, i:0))
2023-10-04 17:31:18,847 [grpc-default-executor-2] INFO  impl.VoteContext (VoteContext.java:log(49)) - ce673aed-cb42-4983-a069-5a8880361102@group-1A697460F7F0-FOLLOWER: accept PRE_VOTE from 2fe9f5bb-a002-4881-945d-f328dd53395c: our priority 0 <= candidate's priority 1
2023-10-04 17:31:18,847 [grpc-default-executor-2] INFO  server.RaftServer$Division (RaftServerImpl.java:requestVote(1335)) - ce673aed-cb42-4983-a069-5a8880361102@group-1A697460F7F0 replies to PRE_VOTE vote request: 2fe9f5bb-a002-4881-945d-f328dd53395c<-ce673aed-cb42-4983-a069-5a8880361102#0:OK-t0. Peer's state: ce673aed-cb42-4983-a069-5a8880361102@group-1A697460F7F0:t0, leader=null, voted=, raftlog=Memoized:ce673aed-cb42-4983-a069-5a8880361102@group-1A697460F7F0-SegmentedRaftLog:OPENED:c-1, conf=-1: peers:[ce673aed-cb42-4983-a069-5a8880361102|rpc:10.1.0.20:15076|admin:10.1.0.20:15075|client:10.1.0.20:15074|dataStream:10.1.0.20:15077|priority:0|startupRole:FOLLOWER, 91ebd182-a33d-46b0-9291-0e8ba30d2124|rpc:10.1.0.20:15085|admin:10.1.0.20:15084|client:10.1.0.20:15083|dataStream:10.1.0.20:15086|priority:0|startupRole:FOLLOWER, 2fe9f5bb-a002-4881-945d-f328dd53395c|rpc:10.1.0.20:15067|admin:10.1.0.20:15066|client:10.1.0.20:15065|dataStream:10.1.0.20:15068|priority:1|startupRole:FOLLOWER]|listeners:[], old=null
2023-10-04 17:31:18,855 [grpc-default-executor-4] INFO  server.RaftServer$Division (RaftServerImpl.java:requestVote(1302)) - 91ebd182-a33d-46b0-9291-0e8ba30d2124@group-1A697460F7F0: receive requestVote(PRE_VOTE, 2fe9f5bb-a002-4881-945d-f328dd53395c, group-1A697460F7F0, 0, (t:0, i:0))
2023-10-04 17:31:18,855 [grpc-default-executor-4] INFO  impl.VoteContext (VoteContext.java:log(49)) - 91ebd182-a33d-46b0-9291-0e8ba30d2124@group-1A697460F7F0-CANDIDATE: accept PRE_VOTE from 2fe9f5bb-a002-4881-945d-f328dd53395c: our priority 0 <= candidate's priority 1
2023-10-04 17:31:18,855 [grpc-default-executor-4] INFO  server.RaftServer$Division (RaftServerImpl.java:requestVote(1335)) - 91ebd182-a33d-46b0-9291-0e8ba30d2124@group-1A697460F7F0 replies to PRE_VOTE vote request: 2fe9f5bb-a002-4881-945d-f328dd53395c<-91ebd182-a33d-46b0-9291-0e8ba30d2124#0:OK-t0. Peer's state: 91ebd182-a33d-46b0-9291-0e8ba30d2124@group-1A697460F7F0:t0, leader=null, voted=, raftlog=Memoized:91ebd182-a33d-46b0-9291-0e8ba30d2124@group-1A697460F7F0-SegmentedRaftLog:OPENED:c-1, conf=-1: peers:[ce673aed-cb42-4983-a069-5a8880361102|rpc:10.1.0.20:15076|admin:10.1.0.20:15075|client:10.1.0.20:15074|dataStream:10.1.0.20:15077|priority:0|startupRole:FOLLOWER, 91ebd182-a33d-46b0-9291-0e8ba30d2124|rpc:10.1.0.20:15085|admin:10.1.0.20:15084|client:10.1.0.20:15083|dataStream:10.1.0.20:15086|priority:0|startupRole:FOLLOWER, 2fe9f5bb-a002-4881-945d-f328dd53395c|rpc:10.1.0.20:15067|admin:10.1.0.20:15066|client:10.1.0.20:15065|dataStream:10.1.0.20:15068|priority:1|startupRole:FOLLOWER]|listeners:[], old=null
2023-10-04 17:31:18,855 [91ebd182-a33d-46b0-9291-0e8ba30d2124@group-1A697460F7F0-LeaderElection15] INFO  impl.LeaderElection (LeaderElection.java:askForVotes(321)) - 91ebd182-a33d-46b0-9291-0e8ba30d2124@group-1A697460F7F0-LeaderElection15 PRE_VOTE round 0: submit vote requests at term 0 for -1: peers:[ce673aed-cb42-4983-a069-5a8880361102|rpc:10.1.0.20:15076|admin:10.1.0.20:15075|client:10.1.0.20:15074|dataStream:10.1.0.20:15077|priority:0|startupRole:FOLLOWER, 91ebd182-a33d-46b0-9291-0e8ba30d2124|rpc:10.1.0.20:15085|admin:10.1.0.20:15084|client:10.1.0.20:15083|dataStream:10.1.0.20:15086|priority:0|startupRole:FOLLOWER, 2fe9f5bb-a002-4881-945d-f328dd53395c|rpc:10.1.0.20:15067|admin:10.1.0.20:15066|client:10.1.0.20:15065|dataStream:10.1.0.20:15068|priority:1|startupRole:FOLLOWER]|listeners:[], old=null
2023-10-04 17:31:18,855 [grpc-default-executor-3] INFO  server.RaftServer$Division (RaftServerImpl.java:requestVote(1335)) - 2fe9f5bb-a002-4881-945d-f328dd53395c@group-8B0C431B3FE2 replies to ELECTION vote request: 91ebd182-a33d-46b0-9291-0e8ba30d2124<-2fe9f5bb-a002-4881-945d-f328dd53395c#0:OK-t1. Peer's state: 2fe9f5bb-a002-4881-945d-f328dd53395c@group-8B0C431B3FE2:t1, leader=null, voted=91ebd182-a33d-46b0-9291-0e8ba30d2124, raftlog=Memoized:2fe9f5bb-a002-4881-945d-f328dd53395c@group-8B0C431B3FE2-SegmentedRaftLog:OPENED:c-1, conf=-1: peers:[ce673aed-cb42-4983-a069-5a8880361102|rpc:10.1.0.20:15076|admin:10.1.0.20:15075|client:10.1.0.20:15074|dataStream:10.1.0.20:15077|priority:0|startupRole:FOLLOWER, 91ebd182-a33d-46b0-9291-0e8ba30d2124|rpc:10.1.0.20:15085|admin:10.1.0.20:15084|client:10.1.0.20:15083|dataStream:10.1.0.20:15086|priority:1|startupRole:FOLLOWER, 2fe9f5bb-a002-4881-945d-f328dd53395c|rpc:10.1.0.20:15067|admin:10.1.0.20:15066|client:10.1.0.20:15065|dataStream:10.1.0.20:15068|priority:0|startupRole:FOLLOWER]|listeners:[], old=null
2023-10-04 17:31:18,856 [2fe9f5bb-a002-4881-945d-f328dd53395c-server-thread1] INFO  ratis.XceiverServerRatis (XceiverServerRatis.java:handleLeaderChangedNotification(902)) - Leader change notification received for group: group-8B0C431B3FE2 with new leaderId: 91ebd182-a33d-46b0-9291-0e8ba30d2124
2023-10-04 17:31:18,856 [2fe9f5bb-a002-4881-945d-f328dd53395c-server-thread1] INFO  server.RaftServer$Division (ServerState.java:setLeader(317)) - 2fe9f5bb-a002-4881-945d-f328dd53395c@group-8B0C431B3FE2: change Leader from null to 91ebd182-a33d-46b0-9291-0e8ba30d2124 at term 1 for appendEntries, leader elected after 5373ms
2023-10-04 17:31:18,856 [ce673aed-cb42-4983-a069-5a8880361102-server-thread2] INFO  server.RaftServer$Division (ServerState.java:setRaftConf(434)) - ce673aed-cb42-4983-a069-5a8880361102@group-8B0C431B3FE2: set configuration 0: peers:[ce673aed-cb42-4983-a069-5a8880361102|rpc:10.1.0.20:15076|admin:10.1.0.20:15075|client:10.1.0.20:15074|dataStream:10.1.0.20:15077|priority:0|startupRole:FOLLOWER, 91ebd182-a33d-46b0-9291-0e8ba30d2124|rpc:10.1.0.20:15085|admin:10.1.0.20:15084|client:10.1.0.20:15083|dataStream:10.1.0.20:15086|priority:1|startupRole:FOLLOWER, 2fe9f5bb-a002-4881-945d-f328dd53395c|rpc:10.1.0.20:15067|admin:10.1.0.20:15066|client:10.1.0.20:15065|dataStream:10.1.0.20:15068|priority:0|startupRole:FOLLOWER]|listeners:[], old=null
2023-10-04 17:31:18,856 [ce673aed-cb42-4983-a069-5a8880361102-server-thread2] INFO  segmented.SegmentedRaftLogWorker (SegmentedRaftLogWorker.java:startLogSegment(447)) - ce673aed-cb42-4983-a069-5a8880361102@group-8B0C431B3FE2-SegmentedRaftLogWorker: Starting segment from index:0
2023-10-04 17:31:18,857 [91ebd182-a33d-46b0-9291-0e8ba30d2124@group-1A697460F7F0-LeaderElection15] INFO  server.RaftServerConfigKeys (ConfUtils.java:logFallback(53)) - raft.server.rpc.first-election.timeout.min = 5s (fallback to raft.server.rpc.timeout.min)
2023-10-04 17:31:18,857 [91ebd182-a33d-46b0-9291-0e8ba30d2124@group-1A697460F7F0-LeaderElection15] INFO  server.RaftServerConfigKeys (ConfUtils.java:logFallback(53)) - raft.server.rpc.first-election.timeout.max = 5200ms (fallback to raft.server.rpc.timeout.max)
2023-10-04 17:31:18,862 [2fe9f5bb-a002-4881-945d-f328dd53395c@group-1A697460F7F0-LeaderElection14] INFO  impl.LeaderElection (LeaderElection.java:logAndReturn(90)) - 2fe9f5bb-a002-4881-945d-f328dd53395c@group-1A697460F7F0-LeaderElection14: PRE_VOTE PASSED received 1 response(s) and 0 exception(s):
2023-10-04 17:31:18,862 [2fe9f5bb-a002-4881-945d-f328dd53395c@group-1A697460F7F0-LeaderElection14] INFO  impl.LeaderElection (LeaderElection.java:logAndReturn(94)) -   Response 0: 2fe9f5bb-a002-4881-945d-f328dd53395c<-ce673aed-cb42-4983-a069-5a8880361102#0:OK-t0
2023-10-04 17:31:18,862 [2fe9f5bb-a002-4881-945d-f328dd53395c-server-thread1] INFO  server.RaftServer$Division (ServerState.java:setRaftConf(434)) - 2fe9f5bb-a002-4881-945d-f328dd53395c@group-8B0C431B3FE2: set configuration 0: peers:[ce673aed-cb42-4983-a069-5a8880361102|rpc:10.1.0.20:15076|admin:10.1.0.20:15075|client:10.1.0.20:15074|dataStream:10.1.0.20:15077|priority:0|startupRole:FOLLOWER, 91ebd182-a33d-46b0-9291-0e8ba30d2124|rpc:10.1.0.20:15085|admin:10.1.0.20:15084|client:10.1.0.20:15083|dataStream:10.1.0.20:15086|priority:1|startupRole:FOLLOWER, 2fe9f5bb-a002-4881-945d-f328dd53395c|rpc:10.1.0.20:15067|admin:10.1.0.20:15066|client:10.1.0.20:15065|dataStream:10.1.0.20:15068|priority:0|startupRole:FOLLOWER]|listeners:[], old=null
2023-10-04 17:31:18,863 [2fe9f5bb-a002-4881-945d-f328dd53395c-server-thread1] INFO  segmented.SegmentedRaftLogWorker (SegmentedRaftLogWorker.java:startLogSegment(447)) - 2fe9f5bb-a002-4881-945d-f328dd53395c@group-8B0C431B3FE2-SegmentedRaftLogWorker: Starting segment from index:0
2023-10-04 17:31:18,863 [ce673aed-cb42-4983-a069-5a8880361102@group-8B0C431B3FE2-SegmentedRaftLogWorker] INFO  segmented.SegmentedRaftLogWorker (SegmentedRaftLogWorker.java:execute(651)) - ce673aed-cb42-4983-a069-5a8880361102@group-8B0C431B3FE2-SegmentedRaftLogWorker: created new log segment /home/runner/work/ozone/ozone/hadoop-ozone/integration-test/target/test-dir/MiniOzoneClusterImpl-ae862161-af4f-46f0-80d9-78d734e05fe2/datanode-1/data/ratis/0e3a7fbc-1bcb-4312-9b8d-8b0c431b3fe2/current/log_inprogress_0
2023-10-04 17:31:18,865 [2fe9f5bb-a002-4881-945d-f328dd53395c@group-8B0C431B3FE2-SegmentedRaftLogWorker] INFO  segmented.SegmentedRaftLogWorker (SegmentedRaftLogWorker.java:execute(651)) - 2fe9f5bb-a002-4881-945d-f328dd53395c@group-8B0C431B3FE2-SegmentedRaftLogWorker: created new log segment /home/runner/work/ozone/ozone/hadoop-ozone/integration-test/target/test-dir/MiniOzoneClusterImpl-ae862161-af4f-46f0-80d9-78d734e05fe2/datanode-0/data/ratis/0e3a7fbc-1bcb-4312-9b8d-8b0c431b3fe2/current/log_inprogress_0
2023-10-04 17:31:18,866 [main] INFO  ozone.MiniOzoneClusterImpl (MiniOzoneClusterImpl.java:lambda$waitForClusterToBeReady$0(229)) - Nodes are ready. Got 5 of 5 DN Heartbeats.
2023-10-04 17:31:18,866 [main] INFO  ozone.MiniOzoneClusterImpl (MiniOzoneClusterImpl.java:lambda$waitForClusterToBeReady$0(232)) - Cluster exits safe mode
2023-10-04 17:31:18,866 [main] INFO  ozone.MiniOzoneClusterImpl (MiniOzoneClusterImpl.java:lambda$waitForClusterToBeReady$0(234)) - SCM became leader
2023-10-04 17:31:18,874 [2fe9f5bb-a002-4881-945d-f328dd53395c@group-1A697460F7F0-LeaderElection14] INFO  impl.LeaderElection (LeaderElection.java:askForVotes(323)) - 2fe9f5bb-a002-4881-945d-f328dd53395c@group-1A697460F7F0-LeaderElection14 PRE_VOTE round 0: result PASSED
2023-10-04 17:31:18,875 [ce673aed-cb42-4983-a069-5a8880361102@group-1A697460F7F0-FollowerState] INFO  server.RaftServerConfigKeys (ConfUtils.java:logFallback(53)) - raft.server.rpc.first-election.timeout.min = 5s (fallback to raft.server.rpc.timeout.min)
2023-10-04 17:31:18,875 [grpc-default-executor-0] INFO  server.RaftServer$Division (RaftServerImpl.java:requestVote(1302)) - ce673aed-cb42-4983-a069-5a8880361102@group-1A697460F7F0: receive requestVote(PRE_VOTE, 91ebd182-a33d-46b0-9291-0e8ba30d2124, group-1A697460F7F0, 0, (t:0, i:0))
2023-10-04 17:31:18,876 [ce673aed-cb42-4983-a069-5a8880361102@group-1A697460F7F0-FollowerState] INFO  server.RaftServerConfigKeys (ConfUtils.java:logFallback(53)) - raft.server.rpc.first-election.timeout.max = 5200ms (fallback to raft.server.rpc.timeout.max)
2023-10-04 17:31:18,876 [grpc-default-executor-0] INFO  impl.VoteContext (VoteContext.java:log(49)) - ce673aed-cb42-4983-a069-5a8880361102@group-1A697460F7F0-FOLLOWER: accept PRE_VOTE from 91ebd182-a33d-46b0-9291-0e8ba30d2124: our priority 0 <= candidate's priority 0
2023-10-04 17:31:18,876 [grpc-default-executor-0] INFO  server.RaftServer$Division (RaftServerImpl.java:requestVote(1335)) - ce673aed-cb42-4983-a069-5a8880361102@group-1A697460F7F0 replies to PRE_VOTE vote request: 91ebd182-a33d-46b0-9291-0e8ba30d2124<-ce673aed-cb42-4983-a069-5a8880361102#0:OK-t0. Peer's state: ce673aed-cb42-4983-a069-5a8880361102@group-1A697460F7F0:t0, leader=null, voted=, raftlog=Memoized:ce673aed-cb42-4983-a069-5a8880361102@group-1A697460F7F0-SegmentedRaftLog:OPENED:c-1, conf=-1: peers:[ce673aed-cb42-4983-a069-5a8880361102|rpc:10.1.0.20:15076|admin:10.1.0.20:15075|client:10.1.0.20:15074|dataStream:10.1.0.20:15077|priority:0|startupRole:FOLLOWER, 91ebd182-a33d-46b0-9291-0e8ba30d2124|rpc:10.1.0.20:15085|admin:10.1.0.20:15084|client:10.1.0.20:15083|dataStream:10.1.0.20:15086|priority:0|startupRole:FOLLOWER, 2fe9f5bb-a002-4881-945d-f328dd53395c|rpc:10.1.0.20:15067|admin:10.1.0.20:15066|client:10.1.0.20:15065|dataStream:10.1.0.20:15068|priority:1|startupRole:FOLLOWER]|listeners:[], old=null
2023-10-04 17:31:18,878 [2fe9f5bb-a002-4881-945d-f328dd53395c@group-1A697460F7F0-LeaderElection14] INFO  impl.LeaderElection (LeaderElection.java:askForVotes(321)) - 2fe9f5bb-a002-4881-945d-f328dd53395c@group-1A697460F7F0-LeaderElection14 ELECTION round 0: submit vote requests at term 1 for -1: peers:[ce673aed-cb42-4983-a069-5a8880361102|rpc:10.1.0.20:15076|admin:10.1.0.20:15075|client:10.1.0.20:15074|dataStream:10.1.0.20:15077|priority:0|startupRole:FOLLOWER, 91ebd182-a33d-46b0-9291-0e8ba30d2124|rpc:10.1.0.20:15085|admin:10.1.0.20:15084|client:10.1.0.20:15083|dataStream:10.1.0.20:15086|priority:0|startupRole:FOLLOWER, 2fe9f5bb-a002-4881-945d-f328dd53395c|rpc:10.1.0.20:15067|admin:10.1.0.20:15066|client:10.1.0.20:15065|dataStream:10.1.0.20:15068|priority:1|startupRole:FOLLOWER]|listeners:[], old=null
2023-10-04 17:31:18,879 [2fe9f5bb-a002-4881-945d-f328dd53395c@group-1A697460F7F0-LeaderElection14] INFO  server.RaftServerConfigKeys (ConfUtils.java:logFallback(53)) - raft.server.rpc.first-election.timeout.min = 5s (fallback to raft.server.rpc.timeout.min)
2023-10-04 17:31:18,879 [2fe9f5bb-a002-4881-945d-f328dd53395c@group-1A697460F7F0-LeaderElection14] INFO  server.RaftServerConfigKeys (ConfUtils.java:logFallback(53)) - raft.server.rpc.first-election.timeout.max = 5200ms (fallback to raft.server.rpc.timeout.max)
2023-10-04 17:31:18,891 [grpc-default-executor-0] INFO  server.RaftServer$Division (RaftServerImpl.java:requestVote(1302)) - 2fe9f5bb-a002-4881-945d-f328dd53395c@group-1A697460F7F0: receive requestVote(PRE_VOTE, 91ebd182-a33d-46b0-9291-0e8ba30d2124, group-1A697460F7F0, 0, (t:0, i:0))
2023-10-04 17:31:18,892 [grpc-default-executor-0] INFO  impl.VoteContext (VoteContext.java:log(49)) - 2fe9f5bb-a002-4881-945d-f328dd53395c@group-1A697460F7F0-CANDIDATE: reject PRE_VOTE from 91ebd182-a33d-46b0-9291-0e8ba30d2124: our priority 1 > candidate's priority 0
2023-10-04 17:31:18,892 [grpc-default-executor-0] INFO  server.RaftServer$Division (RaftServerImpl.java:requestVote(1335)) - 2fe9f5bb-a002-4881-945d-f328dd53395c@group-1A697460F7F0 replies to PRE_VOTE vote request: 91ebd182-a33d-46b0-9291-0e8ba30d2124<-2fe9f5bb-a002-4881-945d-f328dd53395c#0:FAIL-t1. Peer's state: 2fe9f5bb-a002-4881-945d-f328dd53395c@group-1A697460F7F0:t1, leader=null, voted=2fe9f5bb-a002-4881-945d-f328dd53395c, raftlog=Memoized:2fe9f5bb-a002-4881-945d-f328dd53395c@group-1A697460F7F0-SegmentedRaftLog:OPENED:c-1, conf=-1: peers:[ce673aed-cb42-4983-a069-5a8880361102|rpc:10.1.0.20:15076|admin:10.1.0.20:15075|client:10.1.0.20:15074|dataStream:10.1.0.20:15077|priority:0|startupRole:FOLLOWER, 91ebd182-a33d-46b0-9291-0e8ba30d2124|rpc:10.1.0.20:15085|admin:10.1.0.20:15084|client:10.1.0.20:15083|dataStream:10.1.0.20:15086|priority:0|startupRole:FOLLOWER, 2fe9f5bb-a002-4881-945d-f328dd53395c|rpc:10.1.0.20:15067|admin:10.1.0.20:15066|client:10.1.0.20:15065|dataStream:10.1.0.20:15068|priority:1|startupRole:FOLLOWER]|listeners:[], old=null
2023-10-04 17:31:18,905 [grpc-default-executor-1] INFO  server.RaftServer$Division (RaftServerImpl.java:requestVote(1302)) - ce673aed-cb42-4983-a069-5a8880361102@group-1A697460F7F0: receive requestVote(ELECTION, 2fe9f5bb-a002-4881-945d-f328dd53395c, group-1A697460F7F0, 1, (t:0, i:0))
2023-10-04 17:31:18,905 [grpc-default-executor-5] INFO  server.RaftServer$Division (RaftServerImpl.java:requestVote(1302)) - 91ebd182-a33d-46b0-9291-0e8ba30d2124@group-1A697460F7F0: receive requestVote(ELECTION, 2fe9f5bb-a002-4881-945d-f328dd53395c, group-1A697460F7F0, 1, (t:0, i:0))
2023-10-04 17:31:18,906 [grpc-default-executor-1] INFO  impl.VoteContext (VoteContext.java:log(49)) - ce673aed-cb42-4983-a069-5a8880361102@group-1A697460F7F0-FOLLOWER: accept ELECTION from 2fe9f5bb-a002-4881-945d-f328dd53395c: our priority 0 <= candidate's priority 1
2023-10-04 17:31:18,906 [grpc-default-executor-1] INFO  server.RaftServer$Division (RaftServerImpl.java:setRole(329)) - ce673aed-cb42-4983-a069-5a8880361102@group-1A697460F7F0: changes role from  FOLLOWER to FOLLOWER at term 1 for candidate:2fe9f5bb-a002-4881-945d-f328dd53395c
2023-10-04 17:31:18,907 [grpc-default-executor-1] INFO  impl.RoleInfo (RoleInfo.java:shutdownFollowerState(110)) - ce673aed-cb42-4983-a069-5a8880361102: shutdown ce673aed-cb42-4983-a069-5a8880361102@group-1A697460F7F0-FollowerState
2023-10-04 17:31:18,907 [grpc-default-executor-1] INFO  impl.RoleInfo (RoleInfo.java:updateAndGet(139)) - ce673aed-cb42-4983-a069-5a8880361102: start ce673aed-cb42-4983-a069-5a8880361102@group-1A697460F7F0-FollowerState
2023-10-04 17:31:18,908 [ce673aed-cb42-4983-a069-5a8880361102@group-1A697460F7F0-FollowerState] INFO  impl.FollowerState (FollowerState.java:run(152)) - ce673aed-cb42-4983-a069-5a8880361102@group-1A697460F7F0-FollowerState was interrupted
2023-10-04 17:31:18,906 [grpc-default-executor-5] INFO  impl.VoteContext (VoteContext.java:log(49)) - 91ebd182-a33d-46b0-9291-0e8ba30d2124@group-1A697460F7F0-CANDIDATE: accept ELECTION from 2fe9f5bb-a002-4881-945d-f328dd53395c: our priority 0 <= candidate's priority 1
2023-10-04 17:31:18,908 [grpc-default-executor-5] INFO  server.RaftServer$Division (RaftServerImpl.java:setRole(329)) - 91ebd182-a33d-46b0-9291-0e8ba30d2124@group-1A697460F7F0: changes role from CANDIDATE to FOLLOWER at term 1 for candidate:2fe9f5bb-a002-4881-945d-f328dd53395c
2023-10-04 17:31:18,909 [grpc-default-executor-5] INFO  impl.RoleInfo (RoleInfo.java:shutdownLeaderElection(130)) - 91ebd182-a33d-46b0-9291-0e8ba30d2124: shutdown 91ebd182-a33d-46b0-9291-0e8ba30d2124@group-1A697460F7F0-LeaderElection15
2023-10-04 17:31:18,910 [91ebd182-a33d-46b0-9291-0e8ba30d2124@group-1A697460F7F0-LeaderElection15] INFO  impl.LeaderElection (LeaderElection.java:logAndReturn(90)) - 91ebd182-a33d-46b0-9291-0e8ba30d2124@group-1A697460F7F0-LeaderElection15: PRE_VOTE PASSED received 1 response(s) and 0 exception(s):
2023-10-04 17:31:18,910 [91ebd182-a33d-46b0-9291-0e8ba30d2124@group-1A697460F7F0-LeaderElection15] INFO  impl.LeaderElection (LeaderElection.java:logAndReturn(94)) -   Response 0: 91ebd182-a33d-46b0-9291-0e8ba30d2124<-ce673aed-cb42-4983-a069-5a8880361102#0:OK-t0
2023-10-04 17:31:18,910 [91ebd182-a33d-46b0-9291-0e8ba30d2124@group-1A697460F7F0-LeaderElection15] INFO  impl.LeaderElection (LeaderElection.java:askForVotes(323)) - 91ebd182-a33d-46b0-9291-0e8ba30d2124@group-1A697460F7F0-LeaderElection15 PRE_VOTE round 0: result PASSED
2023-10-04 17:31:18,911 [grpc-default-executor-5] INFO  impl.RoleInfo (RoleInfo.java:updateAndGet(139)) - 91ebd182-a33d-46b0-9291-0e8ba30d2124: start 91ebd182-a33d-46b0-9291-0e8ba30d2124@group-1A697460F7F0-FollowerState
2023-10-04 17:31:18,917 [grpc-default-executor-1] INFO  server.RaftServer$Division (RaftServerImpl.java:requestVote(1335)) - ce673aed-cb42-4983-a069-5a8880361102@group-1A697460F7F0 replies to ELECTION vote request: 2fe9f5bb-a002-4881-945d-f328dd53395c<-ce673aed-cb42-4983-a069-5a8880361102#0:OK-t1. Peer's state: ce673aed-cb42-4983-a069-5a8880361102@group-1A697460F7F0:t1, leader=null, voted=2fe9f5bb-a002-4881-945d-f328dd53395c, raftlog=Memoized:ce673aed-cb42-4983-a069-5a8880361102@group-1A697460F7F0-SegmentedRaftLog:OPENED:c-1, conf=-1: peers:[ce673aed-cb42-4983-a069-5a8880361102|rpc:10.1.0.20:15076|admin:10.1.0.20:15075|client:10.1.0.20:15074|dataStream:10.1.0.20:15077|priority:0|startupRole:FOLLOWER, 91ebd182-a33d-46b0-9291-0e8ba30d2124|rpc:10.1.0.20:15085|admin:10.1.0.20:15084|client:10.1.0.20:15083|dataStream:10.1.0.20:15086|priority:0|startupRole:FOLLOWER, 2fe9f5bb-a002-4881-945d-f328dd53395c|rpc:10.1.0.20:15067|admin:10.1.0.20:15066|client:10.1.0.20:15065|dataStream:10.1.0.20:15068|priority:1|startupRole:FOLLOWER]|listeners:[], old=null
2023-10-04 17:31:18,920 [grpc-default-executor-5] INFO  server.RaftServer$Division (RaftServerImpl.java:requestVote(1335)) - 91ebd182-a33d-46b0-9291-0e8ba30d2124@group-1A697460F7F0 replies to ELECTION vote request: 2fe9f5bb-a002-4881-945d-f328dd53395c<-91ebd182-a33d-46b0-9291-0e8ba30d2124#0:OK-t1. Peer's state: 91ebd182-a33d-46b0-9291-0e8ba30d2124@group-1A697460F7F0:t1, leader=null, voted=2fe9f5bb-a002-4881-945d-f328dd53395c, raftlog=Memoized:91ebd182-a33d-46b0-9291-0e8ba30d2124@group-1A697460F7F0-SegmentedRaftLog:OPENED:c-1, conf=-1: peers:[ce673aed-cb42-4983-a069-5a8880361102|rpc:10.1.0.20:15076|admin:10.1.0.20:15075|client:10.1.0.20:15074|dataStream:10.1.0.20:15077|priority:0|startupRole:FOLLOWER, 91ebd182-a33d-46b0-9291-0e8ba30d2124|rpc:10.1.0.20:15085|admin:10.1.0.20:15084|client:10.1.0.20:15083|dataStream:10.1.0.20:15086|priority:0|startupRole:FOLLOWER, 2fe9f5bb-a002-4881-945d-f328dd53395c|rpc:10.1.0.20:15067|admin:10.1.0.20:15066|client:10.1.0.20:15065|dataStream:10.1.0.20:15068|priority:1|startupRole:FOLLOWER]|listeners:[], old=null
2023-10-04 17:31:18,927 [2fe9f5bb-a002-4881-945d-f328dd53395c@group-1A697460F7F0-LeaderElection14] INFO  impl.LeaderElection (LeaderElection.java:logAndReturn(90)) - 2fe9f5bb-a002-4881-945d-f328dd53395c@group-1A697460F7F0-LeaderElection14: ELECTION PASSED received 1 response(s) and 0 exception(s):
2023-10-04 17:31:18,927 [2fe9f5bb-a002-4881-945d-f328dd53395c@group-1A697460F7F0-LeaderElection14] INFO  impl.LeaderElection (LeaderElection.java:logAndReturn(94)) -   Response 0: 2fe9f5bb-a002-4881-945d-f328dd53395c<-91ebd182-a33d-46b0-9291-0e8ba30d2124#0:OK-t1
2023-10-04 17:31:18,927 [2fe9f5bb-a002-4881-945d-f328dd53395c@group-1A697460F7F0-LeaderElection14] INFO  impl.LeaderElection (LeaderElection.java:askForVotes(323)) - 2fe9f5bb-a002-4881-945d-f328dd53395c@group-1A697460F7F0-LeaderElection14 ELECTION round 0: result PASSED
2023-10-04 17:31:18,927 [2fe9f5bb-a002-4881-945d-f328dd53395c@group-1A697460F7F0-LeaderElection14] INFO  impl.RoleInfo (RoleInfo.java:shutdownLeaderElection(130)) - 2fe9f5bb-a002-4881-945d-f328dd53395c: shutdown 2fe9f5bb-a002-4881-945d-f328dd53395c@group-1A697460F7F0-LeaderElection14
2023-10-04 17:31:18,927 [2fe9f5bb-a002-4881-945d-f328dd53395c@group-1A697460F7F0-LeaderElection14] INFO  server.RaftServer$Division (RaftServerImpl.java:setRole(329)) - 2fe9f5bb-a002-4881-945d-f328dd53395c@group-1A697460F7F0: changes role from CANDIDATE to LEADER at term 1 for changeToLeader
2023-10-04 17:31:18,927 [2fe9f5bb-a002-4881-945d-f328dd53395c@group-1A697460F7F0-LeaderElection14] INFO  ratis.XceiverServerRatis (XceiverServerRatis.java:handleLeaderChangedNotification(902)) - Leader change notification received for group: group-1A697460F7F0 with new leaderId: 2fe9f5bb-a002-4881-945d-f328dd53395c
2023-10-04 17:31:18,927 [2fe9f5bb-a002-4881-945d-f328dd53395c@group-1A697460F7F0-LeaderElection14] INFO  server.RaftServer$Division (ServerState.java:setLeader(317)) - 2fe9f5bb-a002-4881-945d-f328dd53395c@group-1A697460F7F0: change Leader from null to 2fe9f5bb-a002-4881-945d-f328dd53395c at term 1 for becomeLeader, leader elected after 5301ms
2023-10-04 17:31:18,928 [2fe9f5bb-a002-4881-945d-f328dd53395c@group-1A697460F7F0-LeaderElection14] INFO  server.RaftServerConfigKeys (ConfUtils.java:logGet(46)) - raft.server.staging.catchup.gap = 1000 (default)
2023-10-04 17:31:18,928 [2fe9f5bb-a002-4881-945d-f328dd53395c@group-1A697460F7F0-LeaderElection14] INFO  server.RaftServerConfigKeys (ConfUtils.java:logGet(46)) - raft.server.write.element-limit = 1024 (custom)
2023-10-04 17:31:18,928 [2fe9f5bb-a002-4881-945d-f328dd53395c@group-1A697460F7F0-LeaderElection14] INFO  server.RaftServerConfigKeys (ConfUtils.java:logGet(46)) - raft.server.write.byte-limit = 1024 M (=1073741824) (custom)
2023-10-04 17:31:18,928 [2fe9f5bb-a002-4881-945d-f328dd53395c@group-1A697460F7F0-LeaderElection14] INFO  server.RaftServerConfigKeys (ConfUtils.java:logGet(46)) - raft.server.watch.timeout = 180s (custom)
2023-10-04 17:31:18,928 [2fe9f5bb-a002-4881-945d-f328dd53395c@group-1A697460F7F0-LeaderElection14] INFO  server.RaftServerConfigKeys (ConfUtils.java:logGet(46)) - raft.server.watch.timeout.denomination = 1s (default)
2023-10-04 17:31:18,928 [2fe9f5bb-a002-4881-945d-f328dd53395c@group-1A697460F7F0-LeaderElection14] INFO  server.RaftServerConfigKeys (ConfUtils.java:logGet(46)) - raft.server.watch.element-limit = 65536 (default)
2023-10-04 17:31:18,928 [2fe9f5bb-a002-4881-945d-f328dd53395c@group-1A697460F7F0-LeaderElection14] INFO  server.RaftServerConfigKeys (ConfUtils.java:logGet(46)) - raft.server.write.element-limit = 1024 (custom)
2023-10-04 17:31:18,928 [2fe9f5bb-a002-4881-945d-f328dd53395c@group-1A697460F7F0-LeaderElection14] INFO  server.RaftServerConfigKeys (ConfUtils.java:logGet(46)) - raft.server.write.follower.gap.ratio.max = -1.0 (default)
2023-10-04 17:31:18,929 [2fe9f5bb-a002-4881-945d-f328dd53395c@group-1A697460F7F0-LeaderElection14] INFO  server.RaftServerConfigKeys (ConfUtils.java:logGet(46)) - raft.server.log.appender.snapshot.chunk.size.max = 16MB (=16777216) (default)
2023-10-04 17:31:18,929 [2fe9f5bb-a002-4881-945d-f328dd53395c@group-1A697460F7F0-LeaderElection14] INFO  server.RaftServerConfigKeys (ConfUtils.java:logGet(46)) - raft.server.log.appender.buffer.byte-limit = 33554432 (custom)
2023-10-04 17:31:18,929 [2fe9f5bb-a002-4881-945d-f328dd53395c@group-1A697460F7F0-LeaderElection14] INFO  server.RaftServerConfigKeys (ConfUtils.java:logGet(46)) - raft.server.log.appender.buffer.element-limit = 1 (custom)
2023-10-04 17:31:18,929 [2fe9f5bb-a002-4881-945d-f328dd53395c@group-1A697460F7F0-LeaderElection14] INFO  server.RaftServerConfigKeys (ConfUtils.java:logGet(46)) - raft.server.log.appender.wait-time.min = 10ms (default)
2023-10-04 17:31:18,929 [2fe9f5bb-a002-4881-945d-f328dd53395c@group-1A697460F7F0-LeaderElection14] INFO  grpc.GrpcConfigKeys (ConfUtils.java:logGet(46)) - raft.grpc.server.leader.outstanding.appends.max = 128 (default)
2023-10-04 17:31:18,929 [2fe9f5bb-a002-4881-945d-f328dd53395c@group-1A697460F7F0-LeaderElection14] INFO  server.RaftServerConfigKeys (ConfUtils.java:logGet(46)) - raft.server.rpc.request.timeout = 60s (custom)
2023-10-04 17:31:18,929 [2fe9f5bb-a002-4881-945d-f328dd53395c@group-1A697460F7F0-LeaderElection14] INFO  grpc.GrpcConfigKeys (ConfUtils.java:logGet(46)) - raft.grpc.server.install_snapshot.request.element-limit = 8 (default)
2023-10-04 17:31:18,929 [2fe9f5bb-a002-4881-945d-f328dd53395c@group-1A697460F7F0-LeaderElection14] INFO  grpc.GrpcConfigKeys (ConfUtils.java:logGet(46)) - raft.grpc.server.install_snapshot.request.timeout = 3000ms (default)
2023-10-04 17:31:18,929 [2fe9f5bb-a002-4881-945d-f328dd53395c@group-1A697460F7F0-LeaderElection14] INFO  server.RaftServerConfigKeys (ConfUtils.java:logGet(46)) - raft.server.log.appender.install.snapshot.enabled = false (custom)
2023-10-04 17:31:18,929 [2fe9f5bb-a002-4881-945d-f328dd53395c@group-1A697460F7F0-LeaderElection14] INFO  grpc.GrpcConfigKeys (ConfUtils.java:logGet(46)) - raft.grpc.server.heartbeat.channel = true (default)
2023-10-04 17:31:18,932 [2fe9f5bb-a002-4881-945d-f328dd53395c@group-1A697460F7F0-LeaderElection14] INFO  server.RaftServerConfigKeys (ConfUtils.java:logGet(46)) - raft.server.log.appender.snapshot.chunk.size.max = 16MB (=16777216) (default)
2023-10-04 17:31:18,932 [EventQueue-PipelineReportForPipelineReportHandler] INFO  pipeline.PipelineReportHandler (PipelineReportHandler.java:processPipelineReport(136)) - Opened pipeline PipelineID=23ba04e7-86f0-4112-9674-1a697460f7f0
2023-10-04 17:31:18,932 [2fe9f5bb-a002-4881-945d-f328dd53395c@group-1A697460F7F0-LeaderElection14] INFO  server.RaftServerConfigKeys (ConfUtils.java:logGet(46)) - raft.server.log.appender.buffer.byte-limit = 33554432 (custom)
2023-10-04 17:31:18,933 [2fe9f5bb-a002-4881-945d-f328dd53395c@group-1A697460F7F0-LeaderElection14] INFO  server.RaftServerConfigKeys (ConfUtils.java:logGet(46)) - raft.server.log.appender.buffer.element-limit = 1 (custom)
2023-10-04 17:31:18,933 [2fe9f5bb-a002-4881-945d-f328dd53395c@group-1A697460F7F0-LeaderElection14] INFO  server.RaftServerConfigKeys (ConfUtils.java:logGet(46)) - raft.server.log.appender.wait-time.min = 10ms (default)
2023-10-04 17:31:18,933 [2fe9f5bb-a002-4881-945d-f328dd53395c@group-1A697460F7F0-LeaderElection14] INFO  grpc.GrpcConfigKeys (ConfUtils.java:logGet(46)) - raft.grpc.server.leader.outstanding.appends.max = 128 (default)
2023-10-04 17:31:18,933 [2fe9f5bb-a002-4881-945d-f328dd53395c@group-1A697460F7F0-LeaderElection14] INFO  server.RaftServerConfigKeys (ConfUtils.java:logGet(46)) - raft.server.rpc.request.timeout = 60s (custom)
2023-10-04 17:31:18,933 [2fe9f5bb-a002-4881-945d-f328dd53395c@group-1A697460F7F0-LeaderElection14] INFO  grpc.GrpcConfigKeys (ConfUtils.java:logGet(46)) - raft.grpc.server.install_snapshot.request.element-limit = 8 (default)
2023-10-04 17:31:18,933 [2fe9f5bb-a002-4881-945d-f328dd53395c@group-1A697460F7F0-LeaderElection14] INFO  grpc.GrpcConfigKeys (ConfUtils.java:logGet(46)) - raft.grpc.server.install_snapshot.request.timeout = 3000ms (default)
2023-10-04 17:31:18,933 [2fe9f5bb-a002-4881-945d-f328dd53395c@group-1A697460F7F0-LeaderElection14] INFO  server.RaftServerConfigKeys (ConfUtils.java:logGet(46)) - raft.server.log.appender.install.snapshot.enabled = false (custom)
2023-10-04 17:31:18,934 [2fe9f5bb-a002-4881-945d-f328dd53395c@group-1A697460F7F0-LeaderElection14] INFO  grpc.GrpcConfigKeys (ConfUtils.java:logGet(46)) - raft.grpc.server.heartbeat.channel = true (default)
2023-10-04 17:31:18,934 [2fe9f5bb-a002-4881-945d-f328dd53395c@group-1A697460F7F0-LeaderElection14] INFO  impl.RoleInfo (RoleInfo.java:updateAndGet(139)) - 2fe9f5bb-a002-4881-945d-f328dd53395c: start 2fe9f5bb-a002-4881-945d-f328dd53395c@group-1A697460F7F0-LeaderStateImpl
2023-10-04 17:31:18,934 [2fe9f5bb-a002-4881-945d-f328dd53395c@group-1A697460F7F0-LeaderElection14] INFO  segmented.SegmentedRaftLogWorker (SegmentedRaftLogWorker.java:startLogSegment(447)) - 2fe9f5bb-a002-4881-945d-f328dd53395c@group-1A697460F7F0-SegmentedRaftLogWorker: Starting segment from index:0
2023-10-04 17:31:18,936 [2fe9f5bb-a002-4881-945d-f328dd53395c@group-1A697460F7F0-SegmentedRaftLogWorker] INFO  segmented.SegmentedRaftLogWorker (SegmentedRaftLogWorker.java:execute(651)) - 2fe9f5bb-a002-4881-945d-f328dd53395c@group-1A697460F7F0-SegmentedRaftLogWorker: created new log segment /home/runner/work/ozone/ozone/hadoop-ozone/integration-test/target/test-dir/MiniOzoneClusterImpl-ae862161-af4f-46f0-80d9-78d734e05fe2/datanode-0/data/ratis/23ba04e7-86f0-4112-9674-1a697460f7f0/current/log_inprogress_0
2023-10-04 17:31:18,951 [ce673aed-cb42-4983-a069-5a8880361102@group-5C52E27B4309-FollowerState] INFO  impl.FollowerState (FollowerState.java:run(143)) - ce673aed-cb42-4983-a069-5a8880361102@group-5C52E27B4309-FollowerState: change to CANDIDATE, lastRpcElapsedTime:5158586086ns, electionTimeout:5150ms
2023-10-04 17:31:18,951 [ce673aed-cb42-4983-a069-5a8880361102@group-5C52E27B4309-FollowerState] INFO  impl.RoleInfo (RoleInfo.java:shutdownFollowerState(110)) - ce673aed-cb42-4983-a069-5a8880361102: shutdown ce673aed-cb42-4983-a069-5a8880361102@group-5C52E27B4309-FollowerState
2023-10-04 17:31:18,952 [ce673aed-cb42-4983-a069-5a8880361102@group-5C52E27B4309-FollowerState] INFO  server.RaftServer$Division (RaftServerImpl.java:setRole(329)) - ce673aed-cb42-4983-a069-5a8880361102@group-5C52E27B4309: changes role from  FOLLOWER to CANDIDATE at term 0 for changeToCandidate
2023-10-04 17:31:18,959 [main] INFO  rpc.RpcClient (RpcClient.java:createVolume(462)) - Creating Volume: volume39856, with user46722 as owner and space quota set to -1 bytes, counts quota set to -1
2023-10-04 17:31:18,962 [2fe9f5bb-a002-4881-945d-f328dd53395c@group-1A697460F7F0-LeaderElection14] INFO  server.RaftServer$Division (ServerState.java:setRaftConf(434)) - 2fe9f5bb-a002-4881-945d-f328dd53395c@group-1A697460F7F0: set configuration 0: peers:[ce673aed-cb42-4983-a069-5a8880361102|rpc:10.1.0.20:15076|admin:10.1.0.20:15075|client:10.1.0.20:15074|dataStream:10.1.0.20:15077|priority:0|startupRole:FOLLOWER, 91ebd182-a33d-46b0-9291-0e8ba30d2124|rpc:10.1.0.20:15085|admin:10.1.0.20:15084|client:10.1.0.20:15083|dataStream:10.1.0.20:15086|priority:0|startupRole:FOLLOWER, 2fe9f5bb-a002-4881-945d-f328dd53395c|rpc:10.1.0.20:15067|admin:10.1.0.20:15066|client:10.1.0.20:15065|dataStream:10.1.0.20:15068|priority:1|startupRole:FOLLOWER]|listeners:[], old=null
2023-10-04 17:31:18,962 [ce673aed-cb42-4983-a069-5a8880361102@group-5C52E27B4309-FollowerState] INFO  server.RaftServerConfigKeys (ConfUtils.java:logGet(46)) - raft.server.leaderelection.pre-vote = true (default)
2023-10-04 17:31:18,962 [ce673aed-cb42-4983-a069-5a8880361102@group-5C52E27B4309-FollowerState] INFO  impl.RoleInfo (RoleInfo.java:updateAndGet(139)) - ce673aed-cb42-4983-a069-5a8880361102: start ce673aed-cb42-4983-a069-5a8880361102@group-5C52E27B4309-LeaderElection16
2023-10-04 17:31:18,962 [IPC Server handler 4 on default port 15057] INFO  volume.OMVolumeCreateRequest (OMVolumeCreateRequest.java:validateAndUpdateCache(196)) - created volume:volume39856 for user:user46722
2023-10-04 17:31:18,985 [ce673aed-cb42-4983-a069-5a8880361102-server-thread1] INFO  ratis.XceiverServerRatis (XceiverServerRatis.java:handleLeaderChangedNotification(902)) - Leader change notification received for group: group-1A697460F7F0 with new leaderId: 2fe9f5bb-a002-4881-945d-f328dd53395c
2023-10-04 17:31:18,985 [ce673aed-cb42-4983-a069-5a8880361102-server-thread1] INFO  server.RaftServer$Division (ServerState.java:setLeader(317)) - ce673aed-cb42-4983-a069-5a8880361102@group-1A697460F7F0: change Leader from null to 2fe9f5bb-a002-4881-945d-f328dd53395c at term 1 for appendEntries, leader elected after 5326ms
2023-10-04 17:31:18,985 [91ebd182-a33d-46b0-9291-0e8ba30d2124-server-thread1] INFO  ratis.XceiverServerRatis (XceiverServerRatis.java:handleLeaderChangedNotification(902)) - Leader change notification received for group: group-1A697460F7F0 with new leaderId: 2fe9f5bb-a002-4881-945d-f328dd53395c
2023-10-04 17:31:18,986 [91ebd182-a33d-46b0-9291-0e8ba30d2124-server-thread1] INFO  server.RaftServer$Division (ServerState.java:setLeader(317)) - 91ebd182-a33d-46b0-9291-0e8ba30d2124@group-1A697460F7F0: change Leader from null to 2fe9f5bb-a002-4881-945d-f328dd53395c at term 1 for appendEntries, leader elected after 5285ms
2023-10-04 17:31:18,988 [main] INFO  rpc.RpcClient (RpcClient.java:createBucket(689)) - Creating Bucket: volume39856/bucket94778, with bucket layout LEGACY, runner as owner, Versioning false, Storage Type set to DISK and Encryption set to false, Replication Type set to server-side default replication type, Namespace Quota set to -1, Space Quota set to -1 
2023-10-04 17:31:19,000 [ce673aed-cb42-4983-a069-5a8880361102@group-5C52E27B4309-LeaderElection16] INFO  impl.LeaderElection (LeaderElection.java:askForVotes(321)) - ce673aed-cb42-4983-a069-5a8880361102@group-5C52E27B4309-LeaderElection16 PRE_VOTE round 0: submit vote requests at term 0 for -1: peers:[ce673aed-cb42-4983-a069-5a8880361102|rpc:10.1.0.20:15076|admin:10.1.0.20:15075|client:10.1.0.20:15074|dataStream:10.1.0.20:15077|priority:1|startupRole:FOLLOWER]|listeners:[], old=null
2023-10-04 17:31:19,000 [ce673aed-cb42-4983-a069-5a8880361102@group-5C52E27B4309-LeaderElection16] INFO  impl.LeaderElection (LeaderElection.java:askForVotes(323)) - ce673aed-cb42-4983-a069-5a8880361102@group-5C52E27B4309-LeaderElection16 PRE_VOTE round 0: result PASSED (term=0)
2023-10-04 17:31:19,001 [ce673aed-cb42-4983-a069-5a8880361102-server-thread2] INFO  server.RaftServer$Division (ServerState.java:setRaftConf(434)) - ce673aed-cb42-4983-a069-5a8880361102@group-1A697460F7F0: set configuration 0: peers:[ce673aed-cb42-4983-a069-5a8880361102|rpc:10.1.0.20:15076|admin:10.1.0.20:15075|client:10.1.0.20:15074|dataStream:10.1.0.20:15077|priority:0|startupRole:FOLLOWER, 91ebd182-a33d-46b0-9291-0e8ba30d2124|rpc:10.1.0.20:15085|admin:10.1.0.20:15084|client:10.1.0.20:15083|dataStream:10.1.0.20:15086|priority:0|startupRole:FOLLOWER, 2fe9f5bb-a002-4881-945d-f328dd53395c|rpc:10.1.0.20:15067|admin:10.1.0.20:15066|client:10.1.0.20:15065|dataStream:10.1.0.20:15068|priority:1|startupRole:FOLLOWER]|listeners:[], old=null
2023-10-04 17:31:19,001 [ce673aed-cb42-4983-a069-5a8880361102-server-thread2] INFO  segmented.SegmentedRaftLogWorker (SegmentedRaftLogWorker.java:startLogSegment(447)) - ce673aed-cb42-4983-a069-5a8880361102@group-1A697460F7F0-SegmentedRaftLogWorker: Starting segment from index:0
2023-10-04 17:31:19,002 [91ebd182-a33d-46b0-9291-0e8ba30d2124-server-thread2] INFO  server.RaftServer$Division (ServerState.java:setRaftConf(434)) - 91ebd182-a33d-46b0-9291-0e8ba30d2124@group-1A697460F7F0: set configuration 0: peers:[ce673aed-cb42-4983-a069-5a8880361102|rpc:10.1.0.20:15076|admin:10.1.0.20:15075|client:10.1.0.20:15074|dataStream:10.1.0.20:15077|priority:0|startupRole:FOLLOWER, 91ebd182-a33d-46b0-9291-0e8ba30d2124|rpc:10.1.0.20:15085|admin:10.1.0.20:15084|client:10.1.0.20:15083|dataStream:10.1.0.20:15086|priority:0|startupRole:FOLLOWER, 2fe9f5bb-a002-4881-945d-f328dd53395c|rpc:10.1.0.20:15067|admin:10.1.0.20:15066|client:10.1.0.20:15065|dataStream:10.1.0.20:15068|priority:1|startupRole:FOLLOWER]|listeners:[], old=null
2023-10-04 17:31:19,002 [91ebd182-a33d-46b0-9291-0e8ba30d2124-server-thread2] INFO  segmented.SegmentedRaftLogWorker (SegmentedRaftLogWorker.java:startLogSegment(447)) - 91ebd182-a33d-46b0-9291-0e8ba30d2124@group-1A697460F7F0-SegmentedRaftLogWorker: Starting segment from index:0
2023-10-04 17:31:19,003 [ce673aed-cb42-4983-a069-5a8880361102@group-5C52E27B4309-LeaderElection16] INFO  impl.LeaderElection (LeaderElection.java:askForVotes(321)) - ce673aed-cb42-4983-a069-5a8880361102@group-5C52E27B4309-LeaderElection16 ELECTION round 0: submit vote requests at term 1 for -1: peers:[ce673aed-cb42-4983-a069-5a8880361102|rpc:10.1.0.20:15076|admin:10.1.0.20:15075|client:10.1.0.20:15074|dataStream:10.1.0.20:15077|priority:1|startupRole:FOLLOWER]|listeners:[], old=null
2023-10-04 17:31:19,003 [ce673aed-cb42-4983-a069-5a8880361102@group-5C52E27B4309-LeaderElection16] INFO  impl.LeaderElection (LeaderElection.java:askForVotes(323)) - ce673aed-cb42-4983-a069-5a8880361102@group-5C52E27B4309-LeaderElection16 ELECTION round 0: result PASSED (term=1)
2023-10-04 17:31:19,003 [ce673aed-cb42-4983-a069-5a8880361102@group-5C52E27B4309-LeaderElection16] INFO  impl.RoleInfo (RoleInfo.java:shutdownLeaderElection(130)) - ce673aed-cb42-4983-a069-5a8880361102: shutdown ce673aed-cb42-4983-a069-5a8880361102@group-5C52E27B4309-LeaderElection16
2023-10-04 17:31:19,003 [ce673aed-cb42-4983-a069-5a8880361102@group-5C52E27B4309-LeaderElection16] INFO  server.RaftServer$Division (RaftServerImpl.java:setRole(329)) - ce673aed-cb42-4983-a069-5a8880361102@group-5C52E27B4309: changes role from CANDIDATE to LEADER at term 1 for changeToLeader
2023-10-04 17:31:19,003 [ce673aed-cb42-4983-a069-5a8880361102@group-5C52E27B4309-LeaderElection16] INFO  ratis.XceiverServerRatis (XceiverServerRatis.java:handleLeaderChangedNotification(902)) - Leader change notification received for group: group-5C52E27B4309 with new leaderId: ce673aed-cb42-4983-a069-5a8880361102
2023-10-04 17:31:19,009 [ce673aed-cb42-4983-a069-5a8880361102@group-5C52E27B4309-LeaderElection16] INFO  server.RaftServer$Division (ServerState.java:setLeader(317)) - ce673aed-cb42-4983-a069-5a8880361102@group-5C52E27B4309: change Leader from null to ce673aed-cb42-4983-a069-5a8880361102 at term 1 for becomeLeader, leader elected after 5228ms
2023-10-04 17:31:19,009 [ce673aed-cb42-4983-a069-5a8880361102@group-5C52E27B4309-LeaderElection16] INFO  server.RaftServerConfigKeys (ConfUtils.java:logGet(46)) - raft.server.staging.catchup.gap = 1000 (default)
2023-10-04 17:31:19,009 [ce673aed-cb42-4983-a069-5a8880361102@group-5C52E27B4309-LeaderElection16] INFO  server.RaftServerConfigKeys (ConfUtils.java:logGet(46)) - raft.server.write.element-limit = 1024 (custom)
2023-10-04 17:31:19,009 [ce673aed-cb42-4983-a069-5a8880361102@group-5C52E27B4309-LeaderElection16] INFO  server.RaftServerConfigKeys (ConfUtils.java:logGet(46)) - raft.server.write.byte-limit = 1024 M (=1073741824) (custom)
2023-10-04 17:31:19,009 [ce673aed-cb42-4983-a069-5a8880361102@group-5C52E27B4309-LeaderElection16] INFO  server.RaftServerConfigKeys (ConfUtils.java:logGet(46)) - raft.server.watch.timeout = 180s (custom)
2023-10-04 17:31:19,009 [ce673aed-cb42-4983-a069-5a8880361102@group-5C52E27B4309-LeaderElection16] INFO  server.RaftServerConfigKeys (ConfUtils.java:logGet(46)) - raft.server.watch.timeout.denomination = 1s (default)
2023-10-04 17:31:19,009 [ce673aed-cb42-4983-a069-5a8880361102@group-5C52E27B4309-LeaderElection16] INFO  server.RaftServerConfigKeys (ConfUtils.java:logGet(46)) - raft.server.watch.element-limit = 65536 (default)
2023-10-04 17:31:19,009 [ce673aed-cb42-4983-a069-5a8880361102@group-5C52E27B4309-LeaderElection16] INFO  server.RaftServerConfigKeys (ConfUtils.java:logGet(46)) - raft.server.write.element-limit = 1024 (custom)
2023-10-04 17:31:19,009 [ce673aed-cb42-4983-a069-5a8880361102@group-5C52E27B4309-LeaderElection16] INFO  server.RaftServerConfigKeys (ConfUtils.java:logGet(46)) - raft.server.write.follower.gap.ratio.max = -1.0 (default)
2023-10-04 17:31:19,009 [ce673aed-cb42-4983-a069-5a8880361102@group-5C52E27B4309-LeaderElection16] INFO  impl.RoleInfo (RoleInfo.java:updateAndGet(139)) - ce673aed-cb42-4983-a069-5a8880361102: start ce673aed-cb42-4983-a069-5a8880361102@group-5C52E27B4309-LeaderStateImpl
2023-10-04 17:31:19,010 [ce673aed-cb42-4983-a069-5a8880361102@group-5C52E27B4309-LeaderElection16] INFO  segmented.SegmentedRaftLogWorker (SegmentedRaftLogWorker.java:startLogSegment(447)) - ce673aed-cb42-4983-a069-5a8880361102@group-5C52E27B4309-SegmentedRaftLogWorker: Starting segment from index:0
2023-10-04 17:31:19,001 [IPC Server handler 8 on default port 15057] INFO  bucket.OMBucketCreateRequest (OMBucketCreateRequest.java:validateAndUpdateCache(270)) - created bucket: bucket94778 of layout LEGACY in volume: volume39856
2023-10-04 17:31:19,011 [ce673aed-cb42-4983-a069-5a8880361102@group-5C52E27B4309-SegmentedRaftLogWorker] INFO  segmented.SegmentedRaftLogWorker (SegmentedRaftLogWorker.java:execute(651)) - ce673aed-cb42-4983-a069-5a8880361102@group-5C52E27B4309-SegmentedRaftLogWorker: created new log segment /home/runner/work/ozone/ozone/hadoop-ozone/integration-test/target/test-dir/MiniOzoneClusterImpl-ae862161-af4f-46f0-80d9-78d734e05fe2/datanode-1/data/ratis/6dc81fca-5a6d-4df3-9a0a-5c52e27b4309/current/log_inprogress_0
2023-10-04 17:31:19,016 [ce673aed-cb42-4983-a069-5a8880361102@group-5C52E27B4309-LeaderElection16] INFO  server.RaftServer$Division (ServerState.java:setRaftConf(434)) - ce673aed-cb42-4983-a069-5a8880361102@group-5C52E27B4309: set configuration 0: peers:[ce673aed-cb42-4983-a069-5a8880361102|rpc:10.1.0.20:15076|admin:10.1.0.20:15075|client:10.1.0.20:15074|dataStream:10.1.0.20:15077|priority:1|startupRole:FOLLOWER]|listeners:[], old=null
2023-10-04 17:31:19,017 [91ebd182-a33d-46b0-9291-0e8ba30d2124@group-1A697460F7F0-SegmentedRaftLogWorker] INFO  segmented.SegmentedRaftLogWorker (SegmentedRaftLogWorker.java:execute(651)) - 91ebd182-a33d-46b0-9291-0e8ba30d2124@group-1A697460F7F0-SegmentedRaftLogWorker: created new log segment /home/runner/work/ozone/ozone/hadoop-ozone/integration-test/target/test-dir/MiniOzoneClusterImpl-ae862161-af4f-46f0-80d9-78d734e05fe2/datanode-2/data/ratis/23ba04e7-86f0-4112-9674-1a697460f7f0/current/log_inprogress_0
2023-10-04 17:31:19,019 [ce673aed-cb42-4983-a069-5a8880361102@group-1A697460F7F0-SegmentedRaftLogWorker] INFO  segmented.SegmentedRaftLogWorker (SegmentedRaftLogWorker.java:execute(651)) - ce673aed-cb42-4983-a069-5a8880361102@group-1A697460F7F0-SegmentedRaftLogWorker: created new log segment /home/runner/work/ozone/ozone/hadoop-ozone/integration-test/target/test-dir/MiniOzoneClusterImpl-ae862161-af4f-46f0-80d9-78d734e05fe2/datanode-1/data/ratis/23ba04e7-86f0-4112-9674-1a697460f7f0/current/log_inprogress_0
]]></system-out>
  </testcase>
  <testcase name="testGetTrashRoot" classname="TestOzoneFileSystem" time="18.64">
    <system-out><![CDATA[2023-10-04 17:32:10,871 [main] INFO  ozone.MiniOzoneClusterImpl (MiniOzoneClusterImpl.java:shutdown(448)) - Shutting down the Mini Ozone Cluster
2023-10-04 17:32:10,871 [main] INFO  ozone.MiniOzoneClusterImpl (MiniOzoneClusterImpl.java:stop(465)) - Stopping the Mini Ozone Cluster
2023-10-04 17:32:10,871 [main] INFO  ozone.MiniOzoneClusterImpl (MiniOzoneClusterImpl.java:stopOM(556)) - Stopping the OzoneManager
2023-10-04 17:32:10,871 [main] INFO  om.OzoneManager (OzoneManager.java:stop(2205)) - om1[localhost:15057]: Stopping Ozone Manager
2023-10-04 17:32:10,871 [main] INFO  ipc.Server (Server.java:stop(3523)) - Stopping server on 15057
2023-10-04 17:32:10,881 [IPC Server listener on 15057] INFO  ipc.Server (Server.java:run(1434)) - Stopping IPC Server listener on 15057
2023-10-04 17:32:10,884 [IPC Server Responder] INFO  ipc.Server (Server.java:run(1567)) - Stopping IPC Server Responder
2023-10-04 17:32:10,885 [main] INFO  ratis.OzoneManagerDoubleBuffer (OzoneManagerDoubleBuffer.java:stopDaemon(551)) - Stopping OMDoubleBuffer flush thread
2023-10-04 17:32:10,885 [OMDoubleBufferFlushThread] INFO  ratis.OzoneManagerDoubleBuffer (OzoneManagerDoubleBuffer.java:canFlush(638)) - OMDoubleBuffer flush thread OMDoubleBufferFlushThread is interrupted and will exit.
2023-10-04 17:32:10,885 [main] INFO  utils.BackgroundService (BackgroundService.java:shutdown(141)) - Shutting down service KeyDeletingService
2023-10-04 17:32:10,886 [main] INFO  utils.BackgroundService (BackgroundService.java:shutdown(141)) - Shutting down service KeyDeletingService
2023-10-04 17:32:10,886 [main] INFO  utils.BackgroundService (BackgroundService.java:shutdown(141)) - Shutting down service OpenKeyCleanupService
2023-10-04 17:32:10,886 [main] INFO  utils.BackgroundService (BackgroundService.java:shutdown(141)) - Shutting down service SstFilteringService
2023-10-04 17:32:10,887 [main] INFO  utils.BackgroundService (BackgroundService.java:shutdown(141)) - Shutting down service SnapshotDeletingService
2023-10-04 17:32:10,887 [main] INFO  utils.BackgroundService (BackgroundService.java:shutdown(141)) - Shutting down service MultipartUploadCleanupService
2023-10-04 17:32:10,888 [main] INFO  handler.ContextHandler (ContextHandler.java:doStop(1159)) - Stopped o.e.j.w.WebAppContext@3fa5f43a{ozoneManager,/,null,STOPPED}{file:/home/runner/work/ozone/ozone/hadoop-ozone/integration-test/target/test-classes/webapps/ozoneManager}
2023-10-04 17:32:10,888 [main] INFO  server.AbstractConnector (AbstractConnector.java:doStop(383)) - Stopped ServerConnector@22a16a7e{HTTP/1.1, (http/1.1)}{0.0.0.0:15058}
2023-10-04 17:32:10,889 [main] INFO  server.session (HouseKeeper.java:stopScavenging(149)) - node0 Stopped scavenging
2023-10-04 17:32:10,889 [main] INFO  handler.ContextHandler (ContextHandler.java:doStop(1159)) - Stopped o.e.j.s.ServletContextHandler@2207b69c{static,/static,file:///home/runner/work/ozone/ozone/hadoop-ozone/integration-test/target/test-classes/webapps/static,STOPPED}
2023-10-04 17:32:10,889 [main] INFO  handler.ContextHandler (ContextHandler.java:doStop(1159)) - Stopped o.e.j.s.ServletContextHandler@7622670a{logs,/logs,file:///home/runner/work/ozone/ozone/hadoop-ozone/integration-test/target/log,STOPPED}
2023-10-04 17:32:10,890 [main] INFO  rocksdiff.RocksDBCheckpointDiffer (RocksDBCheckpointDiffer.java:close(312)) - Shutting down CompactionDagPruningService.
2023-10-04 17:32:10,890 [Trash Emptier] ERROR om.TrashPolicyOzone (TrashPolicyOzone.java:run(345)) - Error attempting to shutdown
java.lang.InterruptedException
	at java.util.concurrent.locks.AbstractQueuedSynchronizer$ConditionObject.awaitNanos(AbstractQueuedSynchronizer.java:2067)
	at java.util.concurrent.ThreadPoolExecutor.awaitTermination(ThreadPoolExecutor.java:1475)
	at org.apache.hadoop.ozone.om.TrashPolicyOzone$Emptier.run(TrashPolicyOzone.java:343)
	at java.lang.Thread.run(Thread.java:750)
2023-10-04 17:32:10,892 [main] INFO  snapshot.SnapshotDiffManager (SnapshotDiffManager.java:closeExecutorService(1720)) - Shutting down executorService: 'SnapDiffExecutor'
2023-10-04 17:32:10,892 [main] INFO  snapshot.SnapshotDiffManager (SnapshotDiffManager.java:closeExecutorService(1720)) - Shutting down executorService: 'SstDumpToolExecutor'
2023-10-04 17:32:10,892 [main] INFO  utils.BackgroundService (BackgroundService.java:shutdown(141)) - Shutting down service SnapshotDiffCleanupService
2023-10-04 17:32:10,893 [JvmPauseMonitor8] INFO  util.JvmPauseMonitor (JvmPauseMonitor.java:run(109)) - JvmPauseMonitor-dc804d76-1418-4556-a31a-035c47003839: Stopped
2023-10-04 17:32:10,894 [main] INFO  ozone.MiniOzoneClusterImpl (MiniOzoneClusterImpl.java:stopDatanodes(533)) - Stopping the HddsDatanodes
2023-10-04 17:32:10,901 [ForkJoinPool.commonPool-worker-3] INFO  ozoneimpl.OzoneContainer (OzoneContainer.java:stop(451)) - Attempting to stop container services.
2023-10-04 17:32:10,901 [ForkJoinPool.commonPool-worker-3] INFO  server.RaftServer (RaftServerProxy.java:lambda$close$6(416)) - ce673aed-cb42-4983-a069-5a8880361102: close
2023-10-04 17:32:10,902 [ce673aed-cb42-4983-a069-5a8880361102-impl-thread2] INFO  server.RaftServer$Division (RaftServerImpl.java:lambda$close$4(466)) - ce673aed-cb42-4983-a069-5a8880361102@group-1A697460F7F0: shutdown
2023-10-04 17:32:10,902 [ce673aed-cb42-4983-a069-5a8880361102-impl-thread2] INFO  util.JmxRegister (JmxRegister.java:unregister(73)) - Successfully un-registered JMX Bean with object name Ratis:service=RaftServer,group=group-1A697460F7F0,id=ce673aed-cb42-4983-a069-5a8880361102
2023-10-04 17:32:10,902 [ce673aed-cb42-4983-a069-5a8880361102-impl-thread2] INFO  impl.RoleInfo (RoleInfo.java:shutdownFollowerState(110)) - ce673aed-cb42-4983-a069-5a8880361102: shutdown ce673aed-cb42-4983-a069-5a8880361102@group-1A697460F7F0-FollowerState
2023-10-04 17:32:10,902 [ce673aed-cb42-4983-a069-5a8880361102-impl-thread3] INFO  server.RaftServer$Division (RaftServerImpl.java:lambda$close$4(466)) - ce673aed-cb42-4983-a069-5a8880361102@group-5C52E27B4309: shutdown
2023-10-04 17:32:10,902 [ce673aed-cb42-4983-a069-5a8880361102-impl-thread3] INFO  util.JmxRegister (JmxRegister.java:unregister(73)) - Successfully un-registered JMX Bean with object name Ratis:service=RaftServer,group=group-5C52E27B4309,id=ce673aed-cb42-4983-a069-5a8880361102
2023-10-04 17:32:10,902 [ce673aed-cb42-4983-a069-5a8880361102-impl-thread3] INFO  impl.RoleInfo (RoleInfo.java:shutdownLeaderState(93)) - ce673aed-cb42-4983-a069-5a8880361102: shutdown ce673aed-cb42-4983-a069-5a8880361102@group-5C52E27B4309-LeaderStateImpl
2023-10-04 17:32:10,902 [ce673aed-cb42-4983-a069-5a8880361102-impl-thread3] INFO  impl.PendingRequests (PendingRequests.java:sendNotLeaderResponses(289)) - ce673aed-cb42-4983-a069-5a8880361102@group-5C52E27B4309-PendingRequests: sendNotLeaderResponses
2023-10-04 17:32:10,903 [ce673aed-cb42-4983-a069-5a8880361102@group-5C52E27B4309-StateMachineUpdater] INFO  ratis.ContainerStateMachine (ContainerStateMachine.java:takeSnapshot(330)) - group-5C52E27B4309: Taking a snapshot at:(t:1, i:0) file /home/runner/work/ozone/ozone/hadoop-ozone/integration-test/target/test-dir/MiniOzoneClusterImpl-ae862161-af4f-46f0-80d9-78d734e05fe2/datanode-1/data/ratis/6dc81fca-5a6d-4df3-9a0a-5c52e27b4309/sm/snapshot.1_0
2023-10-04 17:32:10,903 [ce673aed-cb42-4983-a069-5a8880361102-impl-thread3] INFO  impl.StateMachineUpdater (StateMachineUpdater.java:stopAndJoin(155)) - ce673aed-cb42-4983-a069-5a8880361102@group-5C52E27B4309-StateMachineUpdater: set stopIndex = 0
2023-10-04 17:32:10,903 [ForkJoinPool.commonPool-worker-3] INFO  server.GrpcService (GrpcService.java:closeImpl(311)) - ce673aed-cb42-4983-a069-5a8880361102: shutdown server org.apache.ratis.grpc.server.GrpcClientProtocolService now
2023-10-04 17:32:10,904 [ce673aed-cb42-4983-a069-5a8880361102@group-5C52E27B4309-StateMachineUpdater] INFO  ratis.ContainerStateMachine (ContainerStateMachine.java:takeSnapshot(341)) - group-5C52E27B4309: Finished taking a snapshot at:(t:1, i:0) file:/home/runner/work/ozone/ozone/hadoop-ozone/integration-test/target/test-dir/MiniOzoneClusterImpl-ae862161-af4f-46f0-80d9-78d734e05fe2/datanode-1/data/ratis/6dc81fca-5a6d-4df3-9a0a-5c52e27b4309/sm/snapshot.1_0 took: 1 ms
2023-10-04 17:32:10,905 [ce673aed-cb42-4983-a069-5a8880361102@group-5C52E27B4309-StateMachineUpdater] INFO  impl.StateMachineUpdater (StateMachineUpdater.java:takeSnapshot(291)) - ce673aed-cb42-4983-a069-5a8880361102@group-5C52E27B4309-StateMachineUpdater: Took a snapshot at index 0
2023-10-04 17:32:10,905 [ce673aed-cb42-4983-a069-5a8880361102@group-5C52E27B4309-StateMachineUpdater] INFO  impl.StateMachineUpdater (StateMachineUpdater.java:lambda$new$0(97)) - ce673aed-cb42-4983-a069-5a8880361102@group-5C52E27B4309-StateMachineUpdater: snapshotIndex: updateIncreasingly -1 -> 0
2023-10-04 17:32:10,905 [main] INFO  ozoneimpl.OzoneContainer (OzoneContainer.java:stop(451)) - Attempting to stop container services.
2023-10-04 17:32:10,906 [ce673aed-cb42-4983-a069-5a8880361102-impl-thread3] INFO  server.RaftServer$Division (ServerState.java:close(472)) - ce673aed-cb42-4983-a069-5a8880361102@group-5C52E27B4309: closes. applyIndex: 0
2023-10-04 17:32:10,906 [ce673aed-cb42-4983-a069-5a8880361102-impl-thread4] INFO  server.RaftServer$Division (RaftServerImpl.java:lambda$close$4(466)) - ce673aed-cb42-4983-a069-5a8880361102@group-8B0C431B3FE2: shutdown
2023-10-04 17:32:10,906 [ce673aed-cb42-4983-a069-5a8880361102-impl-thread4] INFO  util.JmxRegister (JmxRegister.java:unregister(73)) - Successfully un-registered JMX Bean with object name Ratis:service=RaftServer,group=group-8B0C431B3FE2,id=ce673aed-cb42-4983-a069-5a8880361102
2023-10-04 17:32:10,906 [ce673aed-cb42-4983-a069-5a8880361102-impl-thread4] INFO  impl.RoleInfo (RoleInfo.java:shutdownFollowerState(110)) - ce673aed-cb42-4983-a069-5a8880361102: shutdown ce673aed-cb42-4983-a069-5a8880361102@group-8B0C431B3FE2-FollowerState
2023-10-04 17:32:10,914 [ForkJoinPool.commonPool-worker-3] INFO  server.GrpcService (GrpcService.java:closeImpl(320)) - ce673aed-cb42-4983-a069-5a8880361102: shutdown server org.apache.ratis.grpc.server.GrpcClientProtocolService successfully
2023-10-04 17:32:10,914 [ForkJoinPool.commonPool-worker-3] INFO  server.GrpcService (GrpcService.java:closeImpl(311)) - ce673aed-cb42-4983-a069-5a8880361102: shutdown server GrpcServerProtocolService now
2023-10-04 17:32:10,914 [ce673aed-cb42-4983-a069-5a8880361102-impl-thread2] INFO  impl.StateMachineUpdater (StateMachineUpdater.java:stopAndJoin(155)) - ce673aed-cb42-4983-a069-5a8880361102@group-1A697460F7F0-StateMachineUpdater: set stopIndex = 10
2023-10-04 17:32:10,914 [ce673aed-cb42-4983-a069-5a8880361102@group-1A697460F7F0-FollowerState] INFO  impl.FollowerState (FollowerState.java:run(152)) - ce673aed-cb42-4983-a069-5a8880361102@group-1A697460F7F0-FollowerState was interrupted
2023-10-04 17:32:10,914 [ce673aed-cb42-4983-a069-5a8880361102-impl-thread4] INFO  impl.StateMachineUpdater (StateMachineUpdater.java:stopAndJoin(155)) - ce673aed-cb42-4983-a069-5a8880361102@group-8B0C431B3FE2-StateMachineUpdater: set stopIndex = 18
2023-10-04 17:32:10,914 [ce673aed-cb42-4983-a069-5a8880361102@group-8B0C431B3FE2-FollowerState] INFO  impl.FollowerState (FollowerState.java:run(152)) - ce673aed-cb42-4983-a069-5a8880361102@group-8B0C431B3FE2-FollowerState was interrupted
2023-10-04 17:32:10,914 [ce673aed-cb42-4983-a069-5a8880361102@group-1A697460F7F0-StateMachineUpdater] INFO  ratis.ContainerStateMachine (ContainerStateMachine.java:takeSnapshot(330)) - group-1A697460F7F0: Taking a snapshot at:(t:1, i:10) file /home/runner/work/ozone/ozone/hadoop-ozone/integration-test/target/test-dir/MiniOzoneClusterImpl-ae862161-af4f-46f0-80d9-78d734e05fe2/datanode-1/data/ratis/23ba04e7-86f0-4112-9674-1a697460f7f0/sm/snapshot.1_10
2023-10-04 17:32:10,915 [ce673aed-cb42-4983-a069-5a8880361102@group-8B0C431B3FE2-StateMachineUpdater] INFO  ratis.ContainerStateMachine (ContainerStateMachine.java:takeSnapshot(330)) - group-8B0C431B3FE2: Taking a snapshot at:(t:1, i:18) file /home/runner/work/ozone/ozone/hadoop-ozone/integration-test/target/test-dir/MiniOzoneClusterImpl-ae862161-af4f-46f0-80d9-78d734e05fe2/datanode-1/data/ratis/0e3a7fbc-1bcb-4312-9b8d-8b0c431b3fe2/sm/snapshot.1_18
2023-10-04 17:32:10,916 [main] INFO  server.RaftServer (RaftServerProxy.java:lambda$close$6(416)) - 91ebd182-a33d-46b0-9291-0e8ba30d2124: close
2023-10-04 17:32:10,917 [ce673aed-cb42-4983-a069-5a8880361102@group-1A697460F7F0-StateMachineUpdater] INFO  ratis.ContainerStateMachine (ContainerStateMachine.java:takeSnapshot(341)) - group-1A697460F7F0: Finished taking a snapshot at:(t:1, i:10) file:/home/runner/work/ozone/ozone/hadoop-ozone/integration-test/target/test-dir/MiniOzoneClusterImpl-ae862161-af4f-46f0-80d9-78d734e05fe2/datanode-1/data/ratis/23ba04e7-86f0-4112-9674-1a697460f7f0/sm/snapshot.1_10 took: 2 ms
2023-10-04 17:32:10,917 [ce673aed-cb42-4983-a069-5a8880361102@group-1A697460F7F0-StateMachineUpdater] INFO  impl.StateMachineUpdater (StateMachineUpdater.java:takeSnapshot(291)) - ce673aed-cb42-4983-a069-5a8880361102@group-1A697460F7F0-StateMachineUpdater: Took a snapshot at index 10
2023-10-04 17:32:10,917 [ce673aed-cb42-4983-a069-5a8880361102@group-1A697460F7F0-StateMachineUpdater] INFO  impl.StateMachineUpdater (StateMachineUpdater.java:lambda$new$0(97)) - ce673aed-cb42-4983-a069-5a8880361102@group-1A697460F7F0-StateMachineUpdater: snapshotIndex: updateIncreasingly -1 -> 10
2023-10-04 17:32:10,917 [ce673aed-cb42-4983-a069-5a8880361102@group-8B0C431B3FE2-StateMachineUpdater] INFO  ratis.ContainerStateMachine (ContainerStateMachine.java:takeSnapshot(341)) - group-8B0C431B3FE2: Finished taking a snapshot at:(t:1, i:18) file:/home/runner/work/ozone/ozone/hadoop-ozone/integration-test/target/test-dir/MiniOzoneClusterImpl-ae862161-af4f-46f0-80d9-78d734e05fe2/datanode-1/data/ratis/0e3a7fbc-1bcb-4312-9b8d-8b0c431b3fe2/sm/snapshot.1_18 took: 3 ms
2023-10-04 17:32:10,917 [91ebd182-a33d-46b0-9291-0e8ba30d2124-impl-thread2] INFO  server.RaftServer$Division (RaftServerImpl.java:lambda$close$4(466)) - 91ebd182-a33d-46b0-9291-0e8ba30d2124@group-1A697460F7F0: shutdown
2023-10-04 17:32:10,917 [91ebd182-a33d-46b0-9291-0e8ba30d2124-impl-thread2] INFO  util.JmxRegister (JmxRegister.java:unregister(73)) - Successfully un-registered JMX Bean with object name Ratis:service=RaftServer,group=group-1A697460F7F0,id=91ebd182-a33d-46b0-9291-0e8ba30d2124
2023-10-04 17:32:10,917 [91ebd182-a33d-46b0-9291-0e8ba30d2124-impl-thread2] INFO  impl.RoleInfo (RoleInfo.java:shutdownFollowerState(110)) - 91ebd182-a33d-46b0-9291-0e8ba30d2124: shutdown 91ebd182-a33d-46b0-9291-0e8ba30d2124@group-1A697460F7F0-FollowerState
2023-10-04 17:32:10,917 [ce673aed-cb42-4983-a069-5a8880361102@group-8B0C431B3FE2-StateMachineUpdater] INFO  impl.StateMachineUpdater (StateMachineUpdater.java:takeSnapshot(291)) - ce673aed-cb42-4983-a069-5a8880361102@group-8B0C431B3FE2-StateMachineUpdater: Took a snapshot at index 18
2023-10-04 17:32:10,917 [ce673aed-cb42-4983-a069-5a8880361102@group-8B0C431B3FE2-StateMachineUpdater] INFO  impl.StateMachineUpdater (StateMachineUpdater.java:lambda$new$0(97)) - ce673aed-cb42-4983-a069-5a8880361102@group-8B0C431B3FE2-StateMachineUpdater: snapshotIndex: updateIncreasingly -1 -> 18
2023-10-04 17:32:10,918 [91ebd182-a33d-46b0-9291-0e8ba30d2124-impl-thread3] INFO  server.RaftServer$Division (RaftServerImpl.java:lambda$close$4(466)) - 91ebd182-a33d-46b0-9291-0e8ba30d2124@group-8B0C431B3FE2: shutdown
2023-10-04 17:32:10,918 [91ebd182-a33d-46b0-9291-0e8ba30d2124-impl-thread3] INFO  util.JmxRegister (JmxRegister.java:unregister(73)) - Successfully un-registered JMX Bean with object name Ratis:service=RaftServer,group=group-8B0C431B3FE2,id=91ebd182-a33d-46b0-9291-0e8ba30d2124
2023-10-04 17:32:10,918 [91ebd182-a33d-46b0-9291-0e8ba30d2124-impl-thread3] INFO  impl.RoleInfo (RoleInfo.java:shutdownLeaderState(93)) - 91ebd182-a33d-46b0-9291-0e8ba30d2124: shutdown 91ebd182-a33d-46b0-9291-0e8ba30d2124@group-8B0C431B3FE2-LeaderStateImpl
2023-10-04 17:32:10,918 [main] INFO  server.GrpcService (GrpcService.java:closeImpl(311)) - 91ebd182-a33d-46b0-9291-0e8ba30d2124: shutdown server org.apache.ratis.grpc.server.GrpcClientProtocolService now
2023-10-04 17:32:10,927 [ce673aed-cb42-4983-a069-5a8880361102-impl-thread2] INFO  server.RaftServer$Division (ServerState.java:close(472)) - ce673aed-cb42-4983-a069-5a8880361102@group-1A697460F7F0: closes. applyIndex: 10
2023-10-04 17:32:10,928 [grpc-default-executor-0] WARN  server.GrpcServerProtocolService (LogUtils.java:warn(122)) - ce673aed-cb42-4983-a069-5a8880361102: APPEND_ENTRIES onError, lastRequest: 2fe9f5bb-a002-4881-945d-f328dd53395c->ce673aed-cb42-4983-a069-5a8880361102#39-t1,previous=(t:1, i:11),leaderCommit=10,initializing? true,entries: size=1, first=(t:1, i:12), METADATAENTRY(c:10): org.apache.ratis.thirdparty.io.grpc.StatusRuntimeException: CANCELLED: client cancelled
2023-10-04 17:32:10,928 [grpc-default-executor-1] WARN  server.GrpcServerProtocolService (LogUtils.java:warn(122)) - ce673aed-cb42-4983-a069-5a8880361102: APPEND_ENTRIES onError, lastRequest: null: org.apache.ratis.thirdparty.io.grpc.StatusRuntimeException: CANCELLED: client cancelled
2023-10-04 17:32:10,930 [91ebd182-a33d-46b0-9291-0e8ba30d2124-impl-thread4] INFO  server.RaftServer$Division (RaftServerImpl.java:lambda$close$4(466)) - 91ebd182-a33d-46b0-9291-0e8ba30d2124@group-319943758E1F: shutdown
2023-10-04 17:32:10,930 [91ebd182-a33d-46b0-9291-0e8ba30d2124-impl-thread4] INFO  util.JmxRegister (JmxRegister.java:unregister(73)) - Successfully un-registered JMX Bean with object name Ratis:service=RaftServer,group=group-319943758E1F,id=91ebd182-a33d-46b0-9291-0e8ba30d2124
2023-10-04 17:32:10,930 [91ebd182-a33d-46b0-9291-0e8ba30d2124-impl-thread4] INFO  impl.RoleInfo (RoleInfo.java:shutdownLeaderState(93)) - 91ebd182-a33d-46b0-9291-0e8ba30d2124: shutdown 91ebd182-a33d-46b0-9291-0e8ba30d2124@group-319943758E1F-LeaderStateImpl
2023-10-04 17:32:10,930 [91ebd182-a33d-46b0-9291-0e8ba30d2124-impl-thread4] INFO  impl.PendingRequests (PendingRequests.java:sendNotLeaderResponses(289)) - 91ebd182-a33d-46b0-9291-0e8ba30d2124@group-319943758E1F-PendingRequests: sendNotLeaderResponses
2023-10-04 17:32:10,931 [91ebd182-a33d-46b0-9291-0e8ba30d2124-impl-thread4] INFO  impl.StateMachineUpdater (StateMachineUpdater.java:stopAndJoin(155)) - 91ebd182-a33d-46b0-9291-0e8ba30d2124@group-319943758E1F-StateMachineUpdater: set stopIndex = 0
2023-10-04 17:32:10,931 [91ebd182-a33d-46b0-9291-0e8ba30d2124@group-319943758E1F-StateMachineUpdater] INFO  ratis.ContainerStateMachine (ContainerStateMachine.java:takeSnapshot(330)) - group-319943758E1F: Taking a snapshot at:(t:1, i:0) file /home/runner/work/ozone/ozone/hadoop-ozone/integration-test/target/test-dir/MiniOzoneClusterImpl-ae862161-af4f-46f0-80d9-78d734e05fe2/datanode-2/data/ratis/03cd53b8-6835-4b31-a60d-319943758e1f/sm/snapshot.1_0
2023-10-04 17:32:10,931 [91ebd182-a33d-46b0-9291-0e8ba30d2124-impl-thread3] INFO  impl.PendingRequests (PendingRequests.java:sendNotLeaderResponses(289)) - 91ebd182-a33d-46b0-9291-0e8ba30d2124@group-8B0C431B3FE2-PendingRequests: sendNotLeaderResponses
2023-10-04 17:32:10,932 [91ebd182-a33d-46b0-9291-0e8ba30d2124@group-1A697460F7F0-FollowerState] INFO  impl.FollowerState (FollowerState.java:run(152)) - 91ebd182-a33d-46b0-9291-0e8ba30d2124@group-1A697460F7F0-FollowerState was interrupted
2023-10-04 17:32:10,932 [ce673aed-cb42-4983-a069-5a8880361102-impl-thread4] INFO  server.RaftServer$Division (ServerState.java:close(472)) - ce673aed-cb42-4983-a069-5a8880361102@group-8B0C431B3FE2: closes. applyIndex: 18
2023-10-04 17:32:10,932 [91ebd182-a33d-46b0-9291-0e8ba30d2124@group-1A697460F7F0-StateMachineUpdater] INFO  ratis.ContainerStateMachine (ContainerStateMachine.java:takeSnapshot(330)) - group-1A697460F7F0: Taking a snapshot at:(t:1, i:11) file /home/runner/work/ozone/ozone/hadoop-ozone/integration-test/target/test-dir/MiniOzoneClusterImpl-ae862161-af4f-46f0-80d9-78d734e05fe2/datanode-2/data/ratis/23ba04e7-86f0-4112-9674-1a697460f7f0/sm/snapshot.1_11
2023-10-04 17:32:10,932 [91ebd182-a33d-46b0-9291-0e8ba30d2124-impl-thread2] INFO  impl.StateMachineUpdater (StateMachineUpdater.java:stopAndJoin(155)) - 91ebd182-a33d-46b0-9291-0e8ba30d2124@group-1A697460F7F0-StateMachineUpdater: set stopIndex = 11
2023-10-04 17:32:10,932 [91ebd182-a33d-46b0-9291-0e8ba30d2124@group-8B0C431B3FE2->2fe9f5bb-a002-4881-945d-f328dd53395c-GrpcLogAppender-LogAppenderDaemon] WARN  server.GrpcLogAppender (GrpcLogAppender.java:mayWait(199)) - 91ebd182-a33d-46b0-9291-0e8ba30d2124@group-8B0C431B3FE2->2fe9f5bb-a002-4881-945d-f328dd53395c-GrpcLogAppender: Wait interrupted by java.lang.InterruptedException
2023-10-04 17:32:10,933 [91ebd182-a33d-46b0-9291-0e8ba30d2124@group-319943758E1F-StateMachineUpdater] INFO  ratis.ContainerStateMachine (ContainerStateMachine.java:takeSnapshot(341)) - group-319943758E1F: Finished taking a snapshot at:(t:1, i:0) file:/home/runner/work/ozone/ozone/hadoop-ozone/integration-test/target/test-dir/MiniOzoneClusterImpl-ae862161-af4f-46f0-80d9-78d734e05fe2/datanode-2/data/ratis/03cd53b8-6835-4b31-a60d-319943758e1f/sm/snapshot.1_0 took: 2 ms
2023-10-04 17:32:10,932 [91ebd182-a33d-46b0-9291-0e8ba30d2124@group-8B0C431B3FE2->ce673aed-cb42-4983-a069-5a8880361102-GrpcLogAppender-LogAppenderDaemon] WARN  server.GrpcLogAppender (GrpcLogAppender.java:mayWait(199)) - 91ebd182-a33d-46b0-9291-0e8ba30d2124@group-8B0C431B3FE2->ce673aed-cb42-4983-a069-5a8880361102-GrpcLogAppender: Wait interrupted by java.lang.InterruptedException
2023-10-04 17:32:10,933 [91ebd182-a33d-46b0-9291-0e8ba30d2124@group-319943758E1F-StateMachineUpdater] INFO  impl.StateMachineUpdater (StateMachineUpdater.java:takeSnapshot(291)) - 91ebd182-a33d-46b0-9291-0e8ba30d2124@group-319943758E1F-StateMachineUpdater: Took a snapshot at index 0
2023-10-04 17:32:10,933 [91ebd182-a33d-46b0-9291-0e8ba30d2124@group-319943758E1F-StateMachineUpdater] INFO  impl.StateMachineUpdater (StateMachineUpdater.java:lambda$new$0(97)) - 91ebd182-a33d-46b0-9291-0e8ba30d2124@group-319943758E1F-StateMachineUpdater: snapshotIndex: updateIncreasingly -1 -> 0
2023-10-04 17:32:10,933 [91ebd182-a33d-46b0-9291-0e8ba30d2124-impl-thread4] INFO  server.RaftServer$Division (ServerState.java:close(472)) - 91ebd182-a33d-46b0-9291-0e8ba30d2124@group-319943758E1F: closes. applyIndex: 0
2023-10-04 17:32:10,939 [grpc-default-executor-1] WARN  server.GrpcLogAppender (LogUtils.java:warn(122)) - 2fe9f5bb-a002-4881-945d-f328dd53395c@group-1A697460F7F0->ce673aed-cb42-4983-a069-5a8880361102-AppendLogResponseHandler: Failed appendEntries: org.apache.ratis.thirdparty.io.grpc.StatusRuntimeException: CANCELLED: RST_STREAM closed stream. HTTP/2 error code: CANCEL
2023-10-04 17:32:10,939 [grpc-default-executor-1] INFO  leader.FollowerInfo (FollowerInfoImpl.java:lambda$new$0(52)) - 2fe9f5bb-a002-4881-945d-f328dd53395c@group-1A697460F7F0->ce673aed-cb42-4983-a069-5a8880361102: decreaseNextIndex nextIndex: updateUnconditionally 13 -> 12
2023-10-04 17:32:10,943 [grpc-default-executor-6] WARN  server.GrpcServerProtocolService (LogUtils.java:warn(122)) - ce673aed-cb42-4983-a069-5a8880361102: APPEND_ENTRIES onError, lastRequest: 91ebd182-a33d-46b0-9291-0e8ba30d2124->ce673aed-cb42-4983-a069-5a8880361102#28-t1,previous=(t:1, i:17),leaderCommit=17,initializing? true,entries: size=1, first=(t:1, i:18), METADATAENTRY(c:17): org.apache.ratis.thirdparty.io.grpc.StatusRuntimeException: CANCELLED: client cancelled
2023-10-04 17:32:10,943 [grpc-default-executor-3] WARN  server.GrpcServerProtocolService (LogUtils.java:warn(122)) - ce673aed-cb42-4983-a069-5a8880361102: APPEND_ENTRIES onError, lastRequest: null: org.apache.ratis.thirdparty.io.grpc.StatusRuntimeException: CANCELLED: client cancelled
2023-10-04 17:32:10,948 [grpc-default-executor-1] WARN  server.GrpcLogAppender (LogUtils.java:warn(122)) - 2fe9f5bb-a002-4881-945d-f328dd53395c@group-1A697460F7F0->ce673aed-cb42-4983-a069-5a8880361102-AppendLogResponseHandler: Failed appendEntries: org.apache.ratis.thirdparty.io.grpc.StatusRuntimeException: CANCELLED: RST_STREAM closed stream. HTTP/2 error code: CANCEL
2023-10-04 17:32:10,948 [Thread-1046] INFO  server.GrpcServerProtocolClient (GrpcServerProtocolClient.java:close(103)) - ce673aed-cb42-4983-a069-5a8880361102 Close channels
2023-10-04 17:32:10,948 [grpc-default-executor-4] INFO  server.GrpcLogAppender (GrpcLogAppender.java:onError(417)) - 91ebd182-a33d-46b0-9291-0e8ba30d2124@group-8B0C431B3FE2->ce673aed-cb42-4983-a069-5a8880361102-GrpcLogAppender is already stopped
2023-10-04 17:32:10,948 [grpc-default-executor-1] INFO  leader.FollowerInfo (FollowerInfoImpl.java:lambda$new$0(52)) - 2fe9f5bb-a002-4881-945d-f328dd53395c@group-1A697460F7F0->ce673aed-cb42-4983-a069-5a8880361102: decreaseNextIndex nextIndex: updateUnconditionally 12 -> 11
2023-10-04 17:32:10,951 [grpc-default-executor-7] INFO  server.GrpcServerProtocolService (GrpcServerProtocolService.java:onCompleted(155)) - 2fe9f5bb-a002-4881-945d-f328dd53395c: Completed APPEND_ENTRIES, lastRequest: null
2023-10-04 17:32:10,951 [91ebd182-a33d-46b0-9291-0e8ba30d2124@group-1A697460F7F0-StateMachineUpdater] INFO  ratis.ContainerStateMachine (ContainerStateMachine.java:takeSnapshot(341)) - group-1A697460F7F0: Finished taking a snapshot at:(t:1, i:11) file:/home/runner/work/ozone/ozone/hadoop-ozone/integration-test/target/test-dir/MiniOzoneClusterImpl-ae862161-af4f-46f0-80d9-78d734e05fe2/datanode-2/data/ratis/23ba04e7-86f0-4112-9674-1a697460f7f0/sm/snapshot.1_11 took: 19 ms
2023-10-04 17:32:10,954 [91ebd182-a33d-46b0-9291-0e8ba30d2124@group-1A697460F7F0-StateMachineUpdater] INFO  impl.StateMachineUpdater (StateMachineUpdater.java:takeSnapshot(291)) - 91ebd182-a33d-46b0-9291-0e8ba30d2124@group-1A697460F7F0-StateMachineUpdater: Took a snapshot at index 11
2023-10-04 17:32:10,954 [91ebd182-a33d-46b0-9291-0e8ba30d2124@group-1A697460F7F0-StateMachineUpdater] INFO  impl.StateMachineUpdater (StateMachineUpdater.java:lambda$new$0(97)) - 91ebd182-a33d-46b0-9291-0e8ba30d2124@group-1A697460F7F0-StateMachineUpdater: snapshotIndex: updateIncreasingly -1 -> 11
2023-10-04 17:32:10,951 [grpc-default-executor-4] WARN  server.GrpcClientProtocolService (LogUtils.java:warn(122)) - 0-OrderedRequestStreamObserver0: onError: org.apache.ratis.thirdparty.io.grpc.StatusRuntimeException: CANCELLED: client cancelled
2023-10-04 17:32:10,951 [grpc-default-executor-2] INFO  server.GrpcServerProtocolService (GrpcServerProtocolService.java:onCompleted(155)) - 2fe9f5bb-a002-4881-945d-f328dd53395c: Completed APPEND_ENTRIES, lastRequest: 91ebd182-a33d-46b0-9291-0e8ba30d2124->2fe9f5bb-a002-4881-945d-f328dd53395c#29-t1,previous=(t:1, i:17),leaderCommit=17,initializing? true,entries: size=1, first=(t:1, i:18), METADATAENTRY(c:17)
2023-10-04 17:32:10,955 [grpc-default-executor-2] INFO  server.GrpcServerProtocolService (GrpcServerProtocolService.java:lambda$onCompleted$5(157)) - 2fe9f5bb-a002-4881-945d-f328dd53395c: Completed APPEND_ENTRIES, lastReply: null
2023-10-04 17:32:10,955 [ForkJoinPool.commonPool-worker-0] INFO  ozoneimpl.OzoneContainer (OzoneContainer.java:stop(451)) - Attempting to stop container services.
2023-10-04 17:32:10,950 [grpc-default-executor-5] INFO  server.GrpcLogAppender (GrpcLogAppender.java:onError(417)) - 91ebd182-a33d-46b0-9291-0e8ba30d2124@group-8B0C431B3FE2->ce673aed-cb42-4983-a069-5a8880361102-GrpcLogAppender is already stopped
2023-10-04 17:32:10,955 [grpc-default-executor-4] INFO  server.GrpcLogAppender (GrpcLogAppender.java:onCompleted(428)) - 91ebd182-a33d-46b0-9291-0e8ba30d2124@group-8B0C431B3FE2->2fe9f5bb-a002-4881-945d-f328dd53395c-AppendLogResponseHandler: follower responses appendEntries COMPLETED
2023-10-04 17:32:10,950 [91ebd182-a33d-46b0-9291-0e8ba30d2124@group-8B0C431B3FE2-StateMachineUpdater] INFO  ratis.ContainerStateMachine (ContainerStateMachine.java:takeSnapshot(330)) - group-8B0C431B3FE2: Taking a snapshot at:(t:1, i:18) file /home/runner/work/ozone/ozone/hadoop-ozone/integration-test/target/test-dir/MiniOzoneClusterImpl-ae862161-af4f-46f0-80d9-78d734e05fe2/datanode-2/data/ratis/0e3a7fbc-1bcb-4312-9b8d-8b0c431b3fe2/sm/snapshot.1_18
2023-10-04 17:32:10,956 [grpc-default-executor-7] INFO  server.GrpcServerProtocolService (GrpcServerProtocolService.java:lambda$onCompleted$5(157)) - 2fe9f5bb-a002-4881-945d-f328dd53395c: Completed APPEND_ENTRIES, lastReply: serverReply {
  requestorId: "91ebd182-a33d-46b0-9291-0e8ba30d2124"
  replyId: "2fe9f5bb-a002-4881-945d-f328dd53395c"
  raftGroupId {
    id: "\016:\177\274\033\313C\022\233\215\213\fC\033?\342"
  }
  callId: 52
  success: true
}
term: 1
nextIndex: 19
followerCommit: 18
matchIndex: 18446744073709551615
isHearbeat: true

2023-10-04 17:32:10,950 [ForkJoinPool.commonPool-worker-3] INFO  server.GrpcService (GrpcService.java:closeImpl(320)) - ce673aed-cb42-4983-a069-5a8880361102: shutdown server GrpcServerProtocolService successfully
2023-10-04 17:32:10,956 [ForkJoinPool.commonPool-worker-3] INFO  server.GrpcService (GrpcService.java:closeImpl(311)) - ce673aed-cb42-4983-a069-5a8880361102: shutdown server org.apache.ratis.grpc.server.GrpcAdminProtocolService now
2023-10-04 17:32:10,956 [grpc-default-executor-5] INFO  server.GrpcLogAppender (GrpcLogAppender.java:onCompleted(428)) - 91ebd182-a33d-46b0-9291-0e8ba30d2124@group-8B0C431B3FE2->2fe9f5bb-a002-4881-945d-f328dd53395c-AppendLogResponseHandler: follower responses appendEntries COMPLETED
2023-10-04 17:32:10,950 [91ebd182-a33d-46b0-9291-0e8ba30d2124-impl-thread3] INFO  impl.StateMachineUpdater (StateMachineUpdater.java:stopAndJoin(155)) - 91ebd182-a33d-46b0-9291-0e8ba30d2124@group-8B0C431B3FE2-StateMachineUpdater: set stopIndex = 18
2023-10-04 17:32:10,958 [91ebd182-a33d-46b0-9291-0e8ba30d2124@group-8B0C431B3FE2-StateMachineUpdater] INFO  ratis.ContainerStateMachine (ContainerStateMachine.java:takeSnapshot(341)) - group-8B0C431B3FE2: Finished taking a snapshot at:(t:1, i:18) file:/home/runner/work/ozone/ozone/hadoop-ozone/integration-test/target/test-dir/MiniOzoneClusterImpl-ae862161-af4f-46f0-80d9-78d734e05fe2/datanode-2/data/ratis/0e3a7fbc-1bcb-4312-9b8d-8b0c431b3fe2/sm/snapshot.1_18 took: 8 ms
2023-10-04 17:32:10,959 [91ebd182-a33d-46b0-9291-0e8ba30d2124@group-8B0C431B3FE2-StateMachineUpdater] INFO  impl.StateMachineUpdater (StateMachineUpdater.java:takeSnapshot(291)) - 91ebd182-a33d-46b0-9291-0e8ba30d2124@group-8B0C431B3FE2-StateMachineUpdater: Took a snapshot at index 18
2023-10-04 17:32:10,959 [91ebd182-a33d-46b0-9291-0e8ba30d2124@group-8B0C431B3FE2-StateMachineUpdater] INFO  impl.StateMachineUpdater (StateMachineUpdater.java:lambda$new$0(97)) - 91ebd182-a33d-46b0-9291-0e8ba30d2124@group-8B0C431B3FE2-StateMachineUpdater: snapshotIndex: updateIncreasingly -1 -> 18
2023-10-04 17:32:10,956 [grpc-default-executor-4] INFO  leader.FollowerInfo (FollowerInfoImpl.java:lambda$new$0(52)) - 91ebd182-a33d-46b0-9291-0e8ba30d2124@group-8B0C431B3FE2->2fe9f5bb-a002-4881-945d-f328dd53395c: decreaseNextIndex nextIndex: updateUnconditionally 19 -> 18
2023-10-04 17:32:10,959 [91ebd182-a33d-46b0-9291-0e8ba30d2124-impl-thread3] INFO  server.RaftServer$Division (ServerState.java:close(472)) - 91ebd182-a33d-46b0-9291-0e8ba30d2124@group-8B0C431B3FE2: closes. applyIndex: 18
2023-10-04 17:32:10,959 [grpc-default-executor-5] WARN  server.GrpcLogAppender (GrpcLogAppender.java:resetClient(137)) - 91ebd182-a33d-46b0-9291-0e8ba30d2124@group-8B0C431B3FE2->2fe9f5bb-a002-4881-945d-f328dd53395c-GrpcLogAppender: Failed to getClient for 2fe9f5bb-a002-4881-945d-f328dd53395c
org.apache.ratis.protocol.exceptions.AlreadyClosedException: 91ebd182-a33d-46b0-9291-0e8ba30d2124 is already CLOSED
	at org.apache.ratis.util.PeerProxyMap$PeerAndProxy.getProxy(PeerProxyMap.java:61)
	at org.apache.ratis.util.PeerProxyMap.getProxy(PeerProxyMap.java:115)
	at org.apache.ratis.grpc.server.GrpcLogAppender.getClient(GrpcLogAppender.java:112)
	at org.apache.ratis.grpc.server.GrpcLogAppender.resetClient(GrpcLogAppender.java:117)
	at org.apache.ratis.grpc.server.GrpcLogAppender.access$500(GrpcLogAppender.java:56)
	at org.apache.ratis.grpc.server.GrpcLogAppender$AppendLogResponseHandler.onCompleted(GrpcLogAppender.java:429)
	at org.apache.ratis.thirdparty.io.grpc.stub.ClientCalls$StreamObserverToCallListenerAdapter.onClose(ClientCalls.java:485)
	at org.apache.ratis.thirdparty.io.grpc.internal.DelayedClientCall$DelayedListener$3.run(DelayedClientCall.java:471)
	at org.apache.ratis.thirdparty.io.grpc.internal.DelayedClientCall$DelayedListener.delayOrExecute(DelayedClientCall.java:435)
	at org.apache.ratis.thirdparty.io.grpc.internal.DelayedClientCall$DelayedListener.onClose(DelayedClientCall.java:468)
	at org.apache.ratis.thirdparty.io.grpc.internal.ClientCallImpl.closeObserver(ClientCallImpl.java:563)
	at org.apache.ratis.thirdparty.io.grpc.internal.ClientCallImpl.access$300(ClientCallImpl.java:70)
	at org.apache.ratis.thirdparty.io.grpc.internal.ClientCallImpl$ClientStreamListenerImpl$1StreamClosed.runInternal(ClientCallImpl.java:744)
	at org.apache.ratis.thirdparty.io.grpc.internal.ClientCallImpl$ClientStreamListenerImpl$1StreamClosed.runInContext(ClientCallImpl.java:723)
	at org.apache.ratis.thirdparty.io.grpc.internal.ContextRunnable.run(ContextRunnable.java:37)
	at org.apache.ratis.thirdparty.io.grpc.internal.SerializingExecutor.run(SerializingExecutor.java:133)
	at java.util.concurrent.ThreadPoolExecutor.runWorker(ThreadPoolExecutor.java:1149)
	at java.util.concurrent.ThreadPoolExecutor$Worker.run(ThreadPoolExecutor.java:624)
	at java.lang.Thread.run(Thread.java:750)
2023-10-04 17:32:10,956 [ForkJoinPool.commonPool-worker-0] INFO  server.RaftServer (RaftServerProxy.java:lambda$close$6(416)) - 2fe9f5bb-a002-4881-945d-f328dd53395c: close
2023-10-04 17:32:10,959 [Thread-1050] INFO  server.GrpcServerProtocolClient (GrpcServerProtocolClient.java:close(103)) - 2fe9f5bb-a002-4881-945d-f328dd53395c Close channels
2023-10-04 17:32:10,965 [2fe9f5bb-a002-4881-945d-f328dd53395c-impl-thread2] INFO  server.RaftServer$Division (RaftServerImpl.java:lambda$close$4(466)) - 2fe9f5bb-a002-4881-945d-f328dd53395c@group-1A697460F7F0: shutdown
2023-10-04 17:32:10,965 [2fe9f5bb-a002-4881-945d-f328dd53395c-impl-thread2] INFO  util.JmxRegister (JmxRegister.java:unregister(73)) - Successfully un-registered JMX Bean with object name Ratis:service=RaftServer,group=group-1A697460F7F0,id=2fe9f5bb-a002-4881-945d-f328dd53395c
2023-10-04 17:32:10,965 [2fe9f5bb-a002-4881-945d-f328dd53395c-impl-thread2] INFO  impl.RoleInfo (RoleInfo.java:shutdownLeaderState(93)) - 2fe9f5bb-a002-4881-945d-f328dd53395c: shutdown 2fe9f5bb-a002-4881-945d-f328dd53395c@group-1A697460F7F0-LeaderStateImpl
2023-10-04 17:32:10,969 [2fe9f5bb-a002-4881-945d-f328dd53395c-impl-thread3] INFO  server.RaftServer$Division (RaftServerImpl.java:lambda$close$4(466)) - 2fe9f5bb-a002-4881-945d-f328dd53395c@group-B3F6CA41B0E7: shutdown
2023-10-04 17:32:10,970 [2fe9f5bb-a002-4881-945d-f328dd53395c-impl-thread3] INFO  util.JmxRegister (JmxRegister.java:unregister(73)) - Successfully un-registered JMX Bean with object name Ratis:service=RaftServer,group=group-B3F6CA41B0E7,id=2fe9f5bb-a002-4881-945d-f328dd53395c
2023-10-04 17:32:10,970 [2fe9f5bb-a002-4881-945d-f328dd53395c-impl-thread3] INFO  impl.RoleInfo (RoleInfo.java:shutdownLeaderState(93)) - 2fe9f5bb-a002-4881-945d-f328dd53395c: shutdown 2fe9f5bb-a002-4881-945d-f328dd53395c@group-B3F6CA41B0E7-LeaderStateImpl
2023-10-04 17:32:10,970 [2fe9f5bb-a002-4881-945d-f328dd53395c-impl-thread3] INFO  impl.PendingRequests (PendingRequests.java:sendNotLeaderResponses(289)) - 2fe9f5bb-a002-4881-945d-f328dd53395c@group-B3F6CA41B0E7-PendingRequests: sendNotLeaderResponses
2023-10-04 17:32:10,970 [2fe9f5bb-a002-4881-945d-f328dd53395c-impl-thread3] INFO  impl.StateMachineUpdater (StateMachineUpdater.java:stopAndJoin(155)) - 2fe9f5bb-a002-4881-945d-f328dd53395c@group-B3F6CA41B0E7-StateMachineUpdater: set stopIndex = 0
2023-10-04 17:32:10,970 [2fe9f5bb-a002-4881-945d-f328dd53395c@group-B3F6CA41B0E7-StateMachineUpdater] INFO  ratis.ContainerStateMachine (ContainerStateMachine.java:takeSnapshot(330)) - group-B3F6CA41B0E7: Taking a snapshot at:(t:1, i:0) file /home/runner/work/ozone/ozone/hadoop-ozone/integration-test/target/test-dir/MiniOzoneClusterImpl-ae862161-af4f-46f0-80d9-78d734e05fe2/datanode-0/data/ratis/3ce83dc4-0289-4320-8403-b3f6ca41b0e7/sm/snapshot.1_0
2023-10-04 17:32:10,971 [2fe9f5bb-a002-4881-945d-f328dd53395c@group-B3F6CA41B0E7-StateMachineUpdater] INFO  ratis.ContainerStateMachine (ContainerStateMachine.java:takeSnapshot(341)) - group-B3F6CA41B0E7: Finished taking a snapshot at:(t:1, i:0) file:/home/runner/work/ozone/ozone/hadoop-ozone/integration-test/target/test-dir/MiniOzoneClusterImpl-ae862161-af4f-46f0-80d9-78d734e05fe2/datanode-0/data/ratis/3ce83dc4-0289-4320-8403-b3f6ca41b0e7/sm/snapshot.1_0 took: 1 ms
2023-10-04 17:32:10,971 [2fe9f5bb-a002-4881-945d-f328dd53395c@group-B3F6CA41B0E7-StateMachineUpdater] INFO  impl.StateMachineUpdater (StateMachineUpdater.java:takeSnapshot(291)) - 2fe9f5bb-a002-4881-945d-f328dd53395c@group-B3F6CA41B0E7-StateMachineUpdater: Took a snapshot at index 0
2023-10-04 17:32:10,971 [2fe9f5bb-a002-4881-945d-f328dd53395c@group-B3F6CA41B0E7-StateMachineUpdater] INFO  impl.StateMachineUpdater (StateMachineUpdater.java:lambda$new$0(97)) - 2fe9f5bb-a002-4881-945d-f328dd53395c@group-B3F6CA41B0E7-StateMachineUpdater: snapshotIndex: updateIncreasingly -1 -> 0
2023-10-04 17:32:10,971 [2fe9f5bb-a002-4881-945d-f328dd53395c-impl-thread3] INFO  server.RaftServer$Division (ServerState.java:close(472)) - 2fe9f5bb-a002-4881-945d-f328dd53395c@group-B3F6CA41B0E7: closes. applyIndex: 0
2023-10-04 17:32:10,973 [ForkJoinPool.commonPool-worker-0] INFO  server.GrpcService (GrpcService.java:closeImpl(311)) - 2fe9f5bb-a002-4881-945d-f328dd53395c: shutdown server org.apache.ratis.grpc.server.GrpcClientProtocolService now
2023-10-04 17:32:10,973 [2fe9f5bb-a002-4881-945d-f328dd53395c-impl-thread4] INFO  server.RaftServer$Division (RaftServerImpl.java:lambda$close$4(466)) - 2fe9f5bb-a002-4881-945d-f328dd53395c@group-8B0C431B3FE2: shutdown
2023-10-04 17:32:10,973 [2fe9f5bb-a002-4881-945d-f328dd53395c-impl-thread4] INFO  util.JmxRegister (JmxRegister.java:unregister(73)) - Successfully un-registered JMX Bean with object name Ratis:service=RaftServer,group=group-8B0C431B3FE2,id=2fe9f5bb-a002-4881-945d-f328dd53395c
2023-10-04 17:32:10,973 [2fe9f5bb-a002-4881-945d-f328dd53395c-impl-thread4] INFO  impl.RoleInfo (RoleInfo.java:shutdownFollowerState(110)) - 2fe9f5bb-a002-4881-945d-f328dd53395c: shutdown 2fe9f5bb-a002-4881-945d-f328dd53395c@group-8B0C431B3FE2-FollowerState
2023-10-04 17:32:10,981 [2fe9f5bb-a002-4881-945d-f328dd53395c-impl-thread4] INFO  impl.StateMachineUpdater (StateMachineUpdater.java:stopAndJoin(155)) - 2fe9f5bb-a002-4881-945d-f328dd53395c@group-8B0C431B3FE2-StateMachineUpdater: set stopIndex = 18
2023-10-04 17:32:10,981 [2fe9f5bb-a002-4881-945d-f328dd53395c@group-8B0C431B3FE2-FollowerState] INFO  impl.FollowerState (FollowerState.java:run(152)) - 2fe9f5bb-a002-4881-945d-f328dd53395c@group-8B0C431B3FE2-FollowerState was interrupted
2023-10-04 17:32:10,981 [2fe9f5bb-a002-4881-945d-f328dd53395c@group-8B0C431B3FE2-StateMachineUpdater] INFO  ratis.ContainerStateMachine (ContainerStateMachine.java:takeSnapshot(330)) - group-8B0C431B3FE2: Taking a snapshot at:(t:1, i:18) file /home/runner/work/ozone/ozone/hadoop-ozone/integration-test/target/test-dir/MiniOzoneClusterImpl-ae862161-af4f-46f0-80d9-78d734e05fe2/datanode-0/data/ratis/0e3a7fbc-1bcb-4312-9b8d-8b0c431b3fe2/sm/snapshot.1_18
2023-10-04 17:32:10,983 [2fe9f5bb-a002-4881-945d-f328dd53395c@group-8B0C431B3FE2-StateMachineUpdater] INFO  ratis.ContainerStateMachine (ContainerStateMachine.java:takeSnapshot(341)) - group-8B0C431B3FE2: Finished taking a snapshot at:(t:1, i:18) file:/home/runner/work/ozone/ozone/hadoop-ozone/integration-test/target/test-dir/MiniOzoneClusterImpl-ae862161-af4f-46f0-80d9-78d734e05fe2/datanode-0/data/ratis/0e3a7fbc-1bcb-4312-9b8d-8b0c431b3fe2/sm/snapshot.1_18 took: 2 ms
2023-10-04 17:32:10,983 [2fe9f5bb-a002-4881-945d-f328dd53395c@group-8B0C431B3FE2-StateMachineUpdater] INFO  impl.StateMachineUpdater (StateMachineUpdater.java:takeSnapshot(291)) - 2fe9f5bb-a002-4881-945d-f328dd53395c@group-8B0C431B3FE2-StateMachineUpdater: Took a snapshot at index 18
2023-10-04 17:32:10,983 [2fe9f5bb-a002-4881-945d-f328dd53395c@group-8B0C431B3FE2-StateMachineUpdater] INFO  impl.StateMachineUpdater (StateMachineUpdater.java:lambda$new$0(97)) - 2fe9f5bb-a002-4881-945d-f328dd53395c@group-8B0C431B3FE2-StateMachineUpdater: snapshotIndex: updateIncreasingly -1 -> 18
2023-10-04 17:32:10,984 [91ebd182-a33d-46b0-9291-0e8ba30d2124-impl-thread2] INFO  server.RaftServer$Division (ServerState.java:close(472)) - 91ebd182-a33d-46b0-9291-0e8ba30d2124@group-1A697460F7F0: closes. applyIndex: 11
2023-10-04 17:32:10,988 [2fe9f5bb-a002-4881-945d-f328dd53395c@group-1A697460F7F0->ce673aed-cb42-4983-a069-5a8880361102-GrpcLogAppender-LogAppenderDaemon] WARN  server.GrpcLogAppender (GrpcLogAppender.java:mayWait(199)) - 2fe9f5bb-a002-4881-945d-f328dd53395c@group-1A697460F7F0->ce673aed-cb42-4983-a069-5a8880361102-GrpcLogAppender: Wait interrupted by java.lang.InterruptedException
2023-10-04 17:32:10,988 [2fe9f5bb-a002-4881-945d-f328dd53395c-impl-thread2] INFO  impl.PendingRequests (PendingRequests.java:sendNotLeaderResponses(289)) - 2fe9f5bb-a002-4881-945d-f328dd53395c@group-1A697460F7F0-PendingRequests: sendNotLeaderResponses
2023-10-04 17:32:10,990 [2fe9f5bb-a002-4881-945d-f328dd53395c@group-1A697460F7F0->91ebd182-a33d-46b0-9291-0e8ba30d2124-GrpcLogAppender-LogAppenderDaemon] WARN  server.GrpcLogAppender (GrpcLogAppender.java:mayWait(199)) - 2fe9f5bb-a002-4881-945d-f328dd53395c@group-1A697460F7F0->91ebd182-a33d-46b0-9291-0e8ba30d2124-GrpcLogAppender: Wait interrupted by java.lang.InterruptedException
2023-10-04 17:32:10,991 [ForkJoinPool.commonPool-worker-3] INFO  server.GrpcService (GrpcService.java:closeImpl(320)) - ce673aed-cb42-4983-a069-5a8880361102: shutdown server org.apache.ratis.grpc.server.GrpcAdminProtocolService successfully
2023-10-04 17:32:10,991 [ce673aed-cb42-4983-a069-5a8880361102-NettyServerStreamRpc-bossGroup--thread1] INFO  logging.LoggingHandler (AbstractInternalLogger.java:log(148)) - [id: 0x1e7f3c98, L:/0:0:0:0:0:0:0:0:15077] CLOSE
2023-10-04 17:32:10,991 [ce673aed-cb42-4983-a069-5a8880361102-NettyServerStreamRpc-bossGroup--thread1] INFO  logging.LoggingHandler (AbstractInternalLogger.java:log(148)) - [id: 0x1e7f3c98, L:/0:0:0:0:0:0:0:0:15077] INACTIVE
2023-10-04 17:32:10,991 [ce673aed-cb42-4983-a069-5a8880361102-NettyServerStreamRpc-bossGroup--thread1] INFO  logging.LoggingHandler (AbstractInternalLogger.java:log(148)) - [id: 0x1e7f3c98, L:/0:0:0:0:0:0:0:0:15077] UNREGISTERED
2023-10-04 17:32:10,992 [grpc-default-executor-7] INFO  server.GrpcServerProtocolService (GrpcServerProtocolService.java:onCompleted(155)) - 91ebd182-a33d-46b0-9291-0e8ba30d2124: Completed APPEND_ENTRIES, lastRequest: null
2023-10-04 17:32:10,993 [grpc-default-executor-7] INFO  server.GrpcServerProtocolService (GrpcServerProtocolService.java:lambda$onCompleted$5(157)) - 91ebd182-a33d-46b0-9291-0e8ba30d2124: Completed APPEND_ENTRIES, lastReply: serverReply {
  requestorId: "2fe9f5bb-a002-4881-945d-f328dd53395c"
  replyId: "91ebd182-a33d-46b0-9291-0e8ba30d2124"
  raftGroupId {
    id: "#\272\004\347\206\360A\022\226t\032it`\367\360"
  }
  callId: 37
  success: true
}
term: 1
nextIndex: 9
followerCommit: 8
matchIndex: 18446744073709551615
isHearbeat: true

2023-10-04 17:32:10,995 [2fe9f5bb-a002-4881-945d-f328dd53395c-impl-thread4] INFO  server.RaftServer$Division (ServerState.java:close(472)) - 2fe9f5bb-a002-4881-945d-f328dd53395c@group-8B0C431B3FE2: closes. applyIndex: 18
2023-10-04 17:32:10,995 [Thread-1055] INFO  server.GrpcServerProtocolClient (GrpcServerProtocolClient.java:close(103)) - ce673aed-cb42-4983-a069-5a8880361102 Close channels
2023-10-04 17:32:10,995 [Thread-1058] INFO  server.GrpcServerProtocolClient (GrpcServerProtocolClient.java:close(103)) - 91ebd182-a33d-46b0-9291-0e8ba30d2124 Close channels
2023-10-04 17:32:10,995 [grpc-default-executor-5] WARN  server.GrpcClientProtocolService (LogUtils.java:warn(122)) - 1-OrderedRequestStreamObserver1: onError: org.apache.ratis.thirdparty.io.grpc.StatusRuntimeException: CANCELLED: client cancelled
2023-10-04 17:32:10,996 [main] INFO  server.GrpcService (GrpcService.java:closeImpl(320)) - 91ebd182-a33d-46b0-9291-0e8ba30d2124: shutdown server org.apache.ratis.grpc.server.GrpcClientProtocolService successfully
2023-10-04 17:32:10,996 [main] INFO  server.GrpcService (GrpcService.java:closeImpl(311)) - 91ebd182-a33d-46b0-9291-0e8ba30d2124: shutdown server GrpcServerProtocolService now
2023-10-04 17:32:10,996 [grpc-default-executor-2] WARN  server.GrpcClientProtocolService (LogUtils.java:warn(122)) - 2-UnorderedRequestStreamObserver2: onError: org.apache.ratis.thirdparty.io.grpc.StatusRuntimeException: CANCELLED: client cancelled
2023-10-04 17:32:10,998 [grpc-default-executor-0] WARN  server.GrpcServerProtocolService (LogUtils.java:warn(122)) - 91ebd182-a33d-46b0-9291-0e8ba30d2124: APPEND_ENTRIES onError, lastRequest: 2fe9f5bb-a002-4881-945d-f328dd53395c->91ebd182-a33d-46b0-9291-0e8ba30d2124#41-t1,previous=(t:1, i:11),leaderCommit=11,initializing? true,entries: size=1, first=(t:1, i:12), METADATAENTRY(c:10): org.apache.ratis.thirdparty.io.grpc.StatusRuntimeException: CANCELLED: client cancelled
2023-10-04 17:32:11,009 [2fe9f5bb-a002-4881-945d-f328dd53395c-impl-thread2] INFO  impl.StateMachineUpdater (StateMachineUpdater.java:stopAndJoin(155)) - 2fe9f5bb-a002-4881-945d-f328dd53395c@group-1A697460F7F0-StateMachineUpdater: set stopIndex = 12
2023-10-04 17:32:11,009 [2fe9f5bb-a002-4881-945d-f328dd53395c@group-1A697460F7F0-StateMachineUpdater] INFO  ratis.ContainerStateMachine (ContainerStateMachine.java:takeSnapshot(330)) - group-1A697460F7F0: Taking a snapshot at:(t:1, i:12) file /home/runner/work/ozone/ozone/hadoop-ozone/integration-test/target/test-dir/MiniOzoneClusterImpl-ae862161-af4f-46f0-80d9-78d734e05fe2/datanode-0/data/ratis/23ba04e7-86f0-4112-9674-1a697460f7f0/sm/snapshot.1_12
2023-10-04 17:32:11,011 [2fe9f5bb-a002-4881-945d-f328dd53395c@group-1A697460F7F0-StateMachineUpdater] INFO  ratis.ContainerStateMachine (ContainerStateMachine.java:takeSnapshot(341)) - group-1A697460F7F0: Finished taking a snapshot at:(t:1, i:12) file:/home/runner/work/ozone/ozone/hadoop-ozone/integration-test/target/test-dir/MiniOzoneClusterImpl-ae862161-af4f-46f0-80d9-78d734e05fe2/datanode-0/data/ratis/23ba04e7-86f0-4112-9674-1a697460f7f0/sm/snapshot.1_12 took: 2 ms
2023-10-04 17:32:11,012 [2fe9f5bb-a002-4881-945d-f328dd53395c@group-1A697460F7F0-StateMachineUpdater] INFO  impl.StateMachineUpdater (StateMachineUpdater.java:takeSnapshot(291)) - 2fe9f5bb-a002-4881-945d-f328dd53395c@group-1A697460F7F0-StateMachineUpdater: Took a snapshot at index 12
2023-10-04 17:32:11,012 [2fe9f5bb-a002-4881-945d-f328dd53395c@group-1A697460F7F0-StateMachineUpdater] INFO  impl.StateMachineUpdater (StateMachineUpdater.java:lambda$new$0(97)) - 2fe9f5bb-a002-4881-945d-f328dd53395c@group-1A697460F7F0-StateMachineUpdater: snapshotIndex: updateIncreasingly -1 -> 12
2023-10-04 17:32:11,012 [2fe9f5bb-a002-4881-945d-f328dd53395c-impl-thread2] INFO  server.RaftServer$Division (ServerState.java:close(472)) - 2fe9f5bb-a002-4881-945d-f328dd53395c@group-1A697460F7F0: closes. applyIndex: 12
2023-10-04 17:32:11,012 [grpc-default-executor-3] INFO  server.GrpcLogAppender (GrpcLogAppender.java:onError(417)) - 2fe9f5bb-a002-4881-945d-f328dd53395c@group-1A697460F7F0->91ebd182-a33d-46b0-9291-0e8ba30d2124-GrpcLogAppender is already stopped
2023-10-04 17:32:11,013 [main] INFO  server.GrpcService (GrpcService.java:closeImpl(320)) - 91ebd182-a33d-46b0-9291-0e8ba30d2124: shutdown server GrpcServerProtocolService successfully
2023-10-04 17:32:11,013 [main] INFO  server.GrpcService (GrpcService.java:closeImpl(311)) - 91ebd182-a33d-46b0-9291-0e8ba30d2124: shutdown server org.apache.ratis.grpc.server.GrpcAdminProtocolService now
2023-10-04 17:32:11,021 [grpc-default-executor-8] INFO  server.GrpcLogAppender (GrpcLogAppender.java:onCompleted(428)) - 2fe9f5bb-a002-4881-945d-f328dd53395c@group-1A697460F7F0->91ebd182-a33d-46b0-9291-0e8ba30d2124-AppendLogResponseHandler: follower responses appendEntries COMPLETED
2023-10-04 17:32:11,024 [grpc-default-executor-8] WARN  server.GrpcLogAppender (GrpcLogAppender.java:resetClient(137)) - 2fe9f5bb-a002-4881-945d-f328dd53395c@group-1A697460F7F0->91ebd182-a33d-46b0-9291-0e8ba30d2124-GrpcLogAppender: Failed to getClient for 91ebd182-a33d-46b0-9291-0e8ba30d2124
org.apache.ratis.protocol.exceptions.AlreadyClosedException: 2fe9f5bb-a002-4881-945d-f328dd53395c is already CLOSED
	at org.apache.ratis.util.PeerProxyMap$PeerAndProxy.getProxy(PeerProxyMap.java:61)
	at org.apache.ratis.util.PeerProxyMap.getProxy(PeerProxyMap.java:115)
	at org.apache.ratis.grpc.server.GrpcLogAppender.getClient(GrpcLogAppender.java:112)
	at org.apache.ratis.grpc.server.GrpcLogAppender.resetClient(GrpcLogAppender.java:117)
	at org.apache.ratis.grpc.server.GrpcLogAppender.access$500(GrpcLogAppender.java:56)
	at org.apache.ratis.grpc.server.GrpcLogAppender$AppendLogResponseHandler.onCompleted(GrpcLogAppender.java:429)
	at org.apache.ratis.thirdparty.io.grpc.stub.ClientCalls$StreamObserverToCallListenerAdapter.onClose(ClientCalls.java:485)
	at org.apache.ratis.thirdparty.io.grpc.internal.DelayedClientCall$DelayedListener$3.run(DelayedClientCall.java:471)
	at org.apache.ratis.thirdparty.io.grpc.internal.DelayedClientCall$DelayedListener.delayOrExecute(DelayedClientCall.java:435)
	at org.apache.ratis.thirdparty.io.grpc.internal.DelayedClientCall$DelayedListener.onClose(DelayedClientCall.java:468)
	at org.apache.ratis.thirdparty.io.grpc.internal.ClientCallImpl.closeObserver(ClientCallImpl.java:563)
	at org.apache.ratis.thirdparty.io.grpc.internal.ClientCallImpl.access$300(ClientCallImpl.java:70)
	at org.apache.ratis.thirdparty.io.grpc.internal.ClientCallImpl$ClientStreamListenerImpl$1StreamClosed.runInternal(ClientCallImpl.java:744)
	at org.apache.ratis.thirdparty.io.grpc.internal.ClientCallImpl$ClientStreamListenerImpl$1StreamClosed.runInContext(ClientCallImpl.java:723)
	at org.apache.ratis.thirdparty.io.grpc.internal.ContextRunnable.run(ContextRunnable.java:37)
	at org.apache.ratis.thirdparty.io.grpc.internal.SerializingExecutor.run(SerializingExecutor.java:133)
	at java.util.concurrent.ThreadPoolExecutor.runWorker(ThreadPoolExecutor.java:1149)
	at java.util.concurrent.ThreadPoolExecutor$Worker.run(ThreadPoolExecutor.java:624)
	at java.lang.Thread.run(Thread.java:750)
2023-10-04 17:32:11,023 [main] INFO  server.GrpcService (GrpcService.java:closeImpl(320)) - 91ebd182-a33d-46b0-9291-0e8ba30d2124: shutdown server org.apache.ratis.grpc.server.GrpcAdminProtocolService successfully
2023-10-04 17:32:11,023 [ForkJoinPool.commonPool-worker-1] INFO  ozoneimpl.OzoneContainer (OzoneContainer.java:stop(451)) - Attempting to stop container services.
2023-10-04 17:32:11,025 [ForkJoinPool.commonPool-worker-0] INFO  server.GrpcService (GrpcService.java:closeImpl(320)) - 2fe9f5bb-a002-4881-945d-f328dd53395c: shutdown server org.apache.ratis.grpc.server.GrpcClientProtocolService successfully
2023-10-04 17:32:11,025 [ForkJoinPool.commonPool-worker-0] INFO  server.GrpcService (GrpcService.java:closeImpl(311)) - 2fe9f5bb-a002-4881-945d-f328dd53395c: shutdown server GrpcServerProtocolService now
2023-10-04 17:32:11,034 [91ebd182-a33d-46b0-9291-0e8ba30d2124-NettyServerStreamRpc-bossGroup--thread1] INFO  logging.LoggingHandler (AbstractInternalLogger.java:log(148)) - [id: 0x88099416, L:/0:0:0:0:0:0:0:0:15086] CLOSE
2023-10-04 17:32:11,035 [91ebd182-a33d-46b0-9291-0e8ba30d2124-NettyServerStreamRpc-bossGroup--thread1] INFO  logging.LoggingHandler (AbstractInternalLogger.java:log(148)) - [id: 0x88099416, L:/0:0:0:0:0:0:0:0:15086] INACTIVE
2023-10-04 17:32:11,035 [91ebd182-a33d-46b0-9291-0e8ba30d2124-NettyServerStreamRpc-bossGroup--thread1] INFO  logging.LoggingHandler (AbstractInternalLogger.java:log(148)) - [id: 0x88099416, L:/0:0:0:0:0:0:0:0:15086] UNREGISTERED
2023-10-04 17:32:11,035 [ForkJoinPool.commonPool-worker-0] INFO  server.GrpcService (GrpcService.java:closeImpl(320)) - 2fe9f5bb-a002-4881-945d-f328dd53395c: shutdown server GrpcServerProtocolService successfully
2023-10-04 17:32:11,035 [ForkJoinPool.commonPool-worker-0] INFO  server.GrpcService (GrpcService.java:closeImpl(311)) - 2fe9f5bb-a002-4881-945d-f328dd53395c: shutdown server org.apache.ratis.grpc.server.GrpcAdminProtocolService now
2023-10-04 17:32:11,035 [ForkJoinPool.commonPool-worker-1] INFO  server.RaftServer (RaftServerProxy.java:lambda$close$6(416)) - 1bfab402-230e-4619-8c22-172305de1499: close
2023-10-04 17:32:11,036 [ForkJoinPool.commonPool-worker-1] INFO  server.GrpcService (GrpcService.java:closeImpl(311)) - 1bfab402-230e-4619-8c22-172305de1499: shutdown server org.apache.ratis.grpc.server.GrpcClientProtocolService now
2023-10-04 17:32:11,036 [1bfab402-230e-4619-8c22-172305de1499-impl-thread2] INFO  server.RaftServer$Division (RaftServerImpl.java:lambda$close$4(466)) - 1bfab402-230e-4619-8c22-172305de1499@group-25925F79BAAE: shutdown
2023-10-04 17:32:11,036 [1bfab402-230e-4619-8c22-172305de1499-impl-thread2] INFO  util.JmxRegister (JmxRegister.java:unregister(73)) - Successfully un-registered JMX Bean with object name Ratis:service=RaftServer,group=group-25925F79BAAE,id=1bfab402-230e-4619-8c22-172305de1499
2023-10-04 17:32:11,036 [1bfab402-230e-4619-8c22-172305de1499-impl-thread2] INFO  impl.RoleInfo (RoleInfo.java:shutdownLeaderState(93)) - 1bfab402-230e-4619-8c22-172305de1499: shutdown 1bfab402-230e-4619-8c22-172305de1499@group-25925F79BAAE-LeaderStateImpl
2023-10-04 17:32:11,036 [1bfab402-230e-4619-8c22-172305de1499-impl-thread2] INFO  impl.PendingRequests (PendingRequests.java:sendNotLeaderResponses(289)) - 1bfab402-230e-4619-8c22-172305de1499@group-25925F79BAAE-PendingRequests: sendNotLeaderResponses
2023-10-04 17:32:11,036 [1bfab402-230e-4619-8c22-172305de1499-impl-thread2] INFO  impl.StateMachineUpdater (StateMachineUpdater.java:stopAndJoin(155)) - 1bfab402-230e-4619-8c22-172305de1499@group-25925F79BAAE-StateMachineUpdater: set stopIndex = 0
2023-10-04 17:32:11,037 [1bfab402-230e-4619-8c22-172305de1499@group-25925F79BAAE-StateMachineUpdater] INFO  ratis.ContainerStateMachine (ContainerStateMachine.java:takeSnapshot(330)) - group-25925F79BAAE: Taking a snapshot at:(t:1, i:0) file /home/runner/work/ozone/ozone/hadoop-ozone/integration-test/target/test-dir/MiniOzoneClusterImpl-ae862161-af4f-46f0-80d9-78d734e05fe2/datanode-4/data/ratis/70c20c18-88ba-478d-9101-25925f79baae/sm/snapshot.1_0
2023-10-04 17:32:11,039 [1bfab402-230e-4619-8c22-172305de1499@group-25925F79BAAE-StateMachineUpdater] INFO  ratis.ContainerStateMachine (ContainerStateMachine.java:takeSnapshot(341)) - group-25925F79BAAE: Finished taking a snapshot at:(t:1, i:0) file:/home/runner/work/ozone/ozone/hadoop-ozone/integration-test/target/test-dir/MiniOzoneClusterImpl-ae862161-af4f-46f0-80d9-78d734e05fe2/datanode-4/data/ratis/70c20c18-88ba-478d-9101-25925f79baae/sm/snapshot.1_0 took: 2 ms
2023-10-04 17:32:11,039 [1bfab402-230e-4619-8c22-172305de1499@group-25925F79BAAE-StateMachineUpdater] INFO  impl.StateMachineUpdater (StateMachineUpdater.java:takeSnapshot(291)) - 1bfab402-230e-4619-8c22-172305de1499@group-25925F79BAAE-StateMachineUpdater: Took a snapshot at index 0
2023-10-04 17:32:11,039 [1bfab402-230e-4619-8c22-172305de1499@group-25925F79BAAE-StateMachineUpdater] INFO  impl.StateMachineUpdater (StateMachineUpdater.java:lambda$new$0(97)) - 1bfab402-230e-4619-8c22-172305de1499@group-25925F79BAAE-StateMachineUpdater: snapshotIndex: updateIncreasingly -1 -> 0
2023-10-04 17:32:11,039 [1bfab402-230e-4619-8c22-172305de1499-impl-thread2] INFO  server.RaftServer$Division (ServerState.java:close(472)) - 1bfab402-230e-4619-8c22-172305de1499@group-25925F79BAAE: closes. applyIndex: 0
2023-10-04 17:32:11,042 [ForkJoinPool.commonPool-worker-1] INFO  server.GrpcService (GrpcService.java:closeImpl(320)) - 1bfab402-230e-4619-8c22-172305de1499: shutdown server org.apache.ratis.grpc.server.GrpcClientProtocolService successfully
2023-10-04 17:32:11,042 [ForkJoinPool.commonPool-worker-1] INFO  server.GrpcService (GrpcService.java:closeImpl(311)) - 1bfab402-230e-4619-8c22-172305de1499: shutdown server GrpcServerProtocolService now
2023-10-04 17:32:11,058 [ForkJoinPool.commonPool-worker-0] INFO  server.GrpcService (GrpcService.java:closeImpl(320)) - 2fe9f5bb-a002-4881-945d-f328dd53395c: shutdown server org.apache.ratis.grpc.server.GrpcAdminProtocolService successfully
2023-10-04 17:32:11,058 [2fe9f5bb-a002-4881-945d-f328dd53395c-NettyServerStreamRpc-bossGroup--thread1] INFO  logging.LoggingHandler (AbstractInternalLogger.java:log(148)) - [id: 0xd652570c, L:/0:0:0:0:0:0:0:0:15068] CLOSE
2023-10-04 17:32:11,059 [2fe9f5bb-a002-4881-945d-f328dd53395c-NettyServerStreamRpc-bossGroup--thread1] INFO  logging.LoggingHandler (AbstractInternalLogger.java:log(148)) - [id: 0xd652570c, L:/0:0:0:0:0:0:0:0:15068] INACTIVE
2023-10-04 17:32:11,059 [2fe9f5bb-a002-4881-945d-f328dd53395c-NettyServerStreamRpc-bossGroup--thread1] INFO  logging.LoggingHandler (AbstractInternalLogger.java:log(148)) - [id: 0xd652570c, L:/0:0:0:0:0:0:0:0:15068] UNREGISTERED
2023-10-04 17:32:11,067 [ForkJoinPool.commonPool-worker-1] INFO  server.GrpcService (GrpcService.java:closeImpl(320)) - 1bfab402-230e-4619-8c22-172305de1499: shutdown server GrpcServerProtocolService successfully
2023-10-04 17:32:11,067 [ForkJoinPool.commonPool-worker-1] INFO  server.GrpcService (GrpcService.java:closeImpl(311)) - 1bfab402-230e-4619-8c22-172305de1499: shutdown server org.apache.ratis.grpc.server.GrpcAdminProtocolService now
2023-10-04 17:32:11,072 [ForkJoinPool.commonPool-worker-1] INFO  server.GrpcService (GrpcService.java:closeImpl(320)) - 1bfab402-230e-4619-8c22-172305de1499: shutdown server org.apache.ratis.grpc.server.GrpcAdminProtocolService successfully
2023-10-04 17:32:11,072 [1bfab402-230e-4619-8c22-172305de1499-NettyServerStreamRpc-bossGroup--thread1] INFO  logging.LoggingHandler (AbstractInternalLogger.java:log(148)) - [id: 0x069a4afa, L:/0:0:0:0:0:0:0:0:15104] CLOSE
2023-10-04 17:32:11,072 [1bfab402-230e-4619-8c22-172305de1499-NettyServerStreamRpc-bossGroup--thread1] INFO  logging.LoggingHandler (AbstractInternalLogger.java:log(148)) - [id: 0x069a4afa, L:/0:0:0:0:0:0:0:0:15104] INACTIVE
2023-10-04 17:32:11,073 [1bfab402-230e-4619-8c22-172305de1499-NettyServerStreamRpc-bossGroup--thread1] INFO  logging.LoggingHandler (AbstractInternalLogger.java:log(148)) - [id: 0x069a4afa, L:/0:0:0:0:0:0:0:0:15104] UNREGISTERED
2023-10-04 17:32:11,090 [ForkJoinPool.commonPool-worker-2] INFO  ozoneimpl.OzoneContainer (OzoneContainer.java:stop(451)) - Attempting to stop container services.
2023-10-04 17:32:11,096 [ForkJoinPool.commonPool-worker-2] INFO  server.RaftServer (RaftServerProxy.java:lambda$close$6(416)) - 0cce5ae1-4d90-47eb-b549-a29c890f95a0: close
2023-10-04 17:32:11,096 [ForkJoinPool.commonPool-worker-2] INFO  server.GrpcService (GrpcService.java:closeImpl(311)) - 0cce5ae1-4d90-47eb-b549-a29c890f95a0: shutdown server org.apache.ratis.grpc.server.GrpcClientProtocolService now
2023-10-04 17:32:11,096 [0cce5ae1-4d90-47eb-b549-a29c890f95a0-impl-thread2] INFO  server.RaftServer$Division (RaftServerImpl.java:lambda$close$4(466)) - 0cce5ae1-4d90-47eb-b549-a29c890f95a0@group-A5A2B23113C4: shutdown
2023-10-04 17:32:11,096 [0cce5ae1-4d90-47eb-b549-a29c890f95a0-impl-thread2] INFO  util.JmxRegister (JmxRegister.java:unregister(73)) - Successfully un-registered JMX Bean with object name Ratis:service=RaftServer,group=group-A5A2B23113C4,id=0cce5ae1-4d90-47eb-b549-a29c890f95a0
2023-10-04 17:32:11,097 [0cce5ae1-4d90-47eb-b549-a29c890f95a0-impl-thread2] INFO  impl.RoleInfo (RoleInfo.java:shutdownLeaderState(93)) - 0cce5ae1-4d90-47eb-b549-a29c890f95a0: shutdown 0cce5ae1-4d90-47eb-b549-a29c890f95a0@group-A5A2B23113C4-LeaderStateImpl
2023-10-04 17:32:11,097 [0cce5ae1-4d90-47eb-b549-a29c890f95a0-impl-thread2] INFO  impl.PendingRequests (PendingRequests.java:sendNotLeaderResponses(289)) - 0cce5ae1-4d90-47eb-b549-a29c890f95a0@group-A5A2B23113C4-PendingRequests: sendNotLeaderResponses
2023-10-04 17:32:11,097 [0cce5ae1-4d90-47eb-b549-a29c890f95a0@group-A5A2B23113C4-StateMachineUpdater] INFO  ratis.ContainerStateMachine (ContainerStateMachine.java:takeSnapshot(330)) - group-A5A2B23113C4: Taking a snapshot at:(t:1, i:0) file /home/runner/work/ozone/ozone/hadoop-ozone/integration-test/target/test-dir/MiniOzoneClusterImpl-ae862161-af4f-46f0-80d9-78d734e05fe2/datanode-3/data/ratis/0be1fec6-3381-4aff-bfab-a5a2b23113c4/sm/snapshot.1_0
2023-10-04 17:32:11,097 [0cce5ae1-4d90-47eb-b549-a29c890f95a0-impl-thread2] INFO  impl.StateMachineUpdater (StateMachineUpdater.java:stopAndJoin(155)) - 0cce5ae1-4d90-47eb-b549-a29c890f95a0@group-A5A2B23113C4-StateMachineUpdater: set stopIndex = 0
2023-10-04 17:32:11,098 [0cce5ae1-4d90-47eb-b549-a29c890f95a0@group-A5A2B23113C4-StateMachineUpdater] INFO  ratis.ContainerStateMachine (ContainerStateMachine.java:takeSnapshot(341)) - group-A5A2B23113C4: Finished taking a snapshot at:(t:1, i:0) file:/home/runner/work/ozone/ozone/hadoop-ozone/integration-test/target/test-dir/MiniOzoneClusterImpl-ae862161-af4f-46f0-80d9-78d734e05fe2/datanode-3/data/ratis/0be1fec6-3381-4aff-bfab-a5a2b23113c4/sm/snapshot.1_0 took: 1 ms
2023-10-04 17:32:11,098 [0cce5ae1-4d90-47eb-b549-a29c890f95a0@group-A5A2B23113C4-StateMachineUpdater] INFO  impl.StateMachineUpdater (StateMachineUpdater.java:takeSnapshot(291)) - 0cce5ae1-4d90-47eb-b549-a29c890f95a0@group-A5A2B23113C4-StateMachineUpdater: Took a snapshot at index 0
2023-10-04 17:32:11,098 [0cce5ae1-4d90-47eb-b549-a29c890f95a0@group-A5A2B23113C4-StateMachineUpdater] INFO  impl.StateMachineUpdater (StateMachineUpdater.java:lambda$new$0(97)) - 0cce5ae1-4d90-47eb-b549-a29c890f95a0@group-A5A2B23113C4-StateMachineUpdater: snapshotIndex: updateIncreasingly -1 -> 0
2023-10-04 17:32:11,098 [0cce5ae1-4d90-47eb-b549-a29c890f95a0-impl-thread2] INFO  server.RaftServer$Division (ServerState.java:close(472)) - 0cce5ae1-4d90-47eb-b549-a29c890f95a0@group-A5A2B23113C4: closes. applyIndex: 0
2023-10-04 17:32:11,115 [ForkJoinPool.commonPool-worker-2] INFO  server.GrpcService (GrpcService.java:closeImpl(320)) - 0cce5ae1-4d90-47eb-b549-a29c890f95a0: shutdown server org.apache.ratis.grpc.server.GrpcClientProtocolService successfully
2023-10-04 17:32:11,115 [ForkJoinPool.commonPool-worker-2] INFO  server.GrpcService (GrpcService.java:closeImpl(311)) - 0cce5ae1-4d90-47eb-b549-a29c890f95a0: shutdown server GrpcServerProtocolService now
2023-10-04 17:32:11,145 [ForkJoinPool.commonPool-worker-2] INFO  server.GrpcService (GrpcService.java:closeImpl(320)) - 0cce5ae1-4d90-47eb-b549-a29c890f95a0: shutdown server GrpcServerProtocolService successfully
2023-10-04 17:32:11,146 [ForkJoinPool.commonPool-worker-2] INFO  server.GrpcService (GrpcService.java:closeImpl(311)) - 0cce5ae1-4d90-47eb-b549-a29c890f95a0: shutdown server org.apache.ratis.grpc.server.GrpcAdminProtocolService now
2023-10-04 17:32:11,148 [ForkJoinPool.commonPool-worker-2] INFO  server.GrpcService (GrpcService.java:closeImpl(320)) - 0cce5ae1-4d90-47eb-b549-a29c890f95a0: shutdown server org.apache.ratis.grpc.server.GrpcAdminProtocolService successfully
2023-10-04 17:32:11,148 [0cce5ae1-4d90-47eb-b549-a29c890f95a0-NettyServerStreamRpc-bossGroup--thread1] INFO  logging.LoggingHandler (AbstractInternalLogger.java:log(148)) - [id: 0xc82ad754, L:/0:0:0:0:0:0:0:0:15095] CLOSE
2023-10-04 17:32:11,148 [0cce5ae1-4d90-47eb-b549-a29c890f95a0-NettyServerStreamRpc-bossGroup--thread1] INFO  logging.LoggingHandler (AbstractInternalLogger.java:log(148)) - [id: 0xc82ad754, L:/0:0:0:0:0:0:0:0:15095] INACTIVE
2023-10-04 17:32:11,148 [0cce5ae1-4d90-47eb-b549-a29c890f95a0-NettyServerStreamRpc-bossGroup--thread1] INFO  logging.LoggingHandler (AbstractInternalLogger.java:log(148)) - [id: 0xc82ad754, L:/0:0:0:0:0:0:0:0:15095] UNREGISTERED
2023-10-04 17:32:11,154 [ce673aed-cb42-4983-a069-5a8880361102-impl-thread3] INFO  segmented.SegmentedRaftLogWorker (SegmentedRaftLogWorker.java:close(252)) - ce673aed-cb42-4983-a069-5a8880361102@group-5C52E27B4309-SegmentedRaftLogWorker close()
2023-10-04 17:32:11,253 [1bfab402-230e-4619-8c22-172305de1499-impl-thread2] INFO  segmented.SegmentedRaftLogWorker (SegmentedRaftLogWorker.java:close(252)) - 1bfab402-230e-4619-8c22-172305de1499@group-25925F79BAAE-SegmentedRaftLogWorker close()
2023-10-04 17:32:11,255 [JvmPauseMonitor13] INFO  util.JvmPauseMonitor (JvmPauseMonitor.java:run(109)) - JvmPauseMonitor-1bfab402-230e-4619-8c22-172305de1499: Stopped
2023-10-04 17:32:11,347 [91ebd182-a33d-46b0-9291-0e8ba30d2124-impl-thread4] INFO  segmented.SegmentedRaftLogWorker (SegmentedRaftLogWorker.java:close(252)) - 91ebd182-a33d-46b0-9291-0e8ba30d2124@group-319943758E1F-SegmentedRaftLogWorker close()
2023-10-04 17:32:11,553 [2fe9f5bb-a002-4881-945d-f328dd53395c-impl-thread3] INFO  segmented.SegmentedRaftLogWorker (SegmentedRaftLogWorker.java:close(252)) - 2fe9f5bb-a002-4881-945d-f328dd53395c@group-B3F6CA41B0E7-SegmentedRaftLogWorker close()
2023-10-04 17:32:11,781 [91ebd182-a33d-46b0-9291-0e8ba30d2124-impl-thread3] INFO  segmented.SegmentedRaftLogWorker (SegmentedRaftLogWorker.java:close(252)) - 91ebd182-a33d-46b0-9291-0e8ba30d2124@group-8B0C431B3FE2-SegmentedRaftLogWorker close()
2023-10-04 17:32:11,783 [2fe9f5bb-a002-4881-945d-f328dd53395c-impl-thread4] INFO  segmented.SegmentedRaftLogWorker (SegmentedRaftLogWorker.java:close(252)) - 2fe9f5bb-a002-4881-945d-f328dd53395c@group-8B0C431B3FE2-SegmentedRaftLogWorker close()
2023-10-04 17:32:11,784 [ce673aed-cb42-4983-a069-5a8880361102-impl-thread4] INFO  segmented.SegmentedRaftLogWorker (SegmentedRaftLogWorker.java:close(252)) - ce673aed-cb42-4983-a069-5a8880361102@group-8B0C431B3FE2-SegmentedRaftLogWorker close()
2023-10-04 17:32:11,795 [2fe9f5bb-a002-4881-945d-f328dd53395c-impl-thread2] INFO  segmented.SegmentedRaftLogWorker (SegmentedRaftLogWorker.java:close(252)) - 2fe9f5bb-a002-4881-945d-f328dd53395c@group-1A697460F7F0-SegmentedRaftLogWorker close()
2023-10-04 17:32:11,798 [JvmPauseMonitor9] INFO  util.JvmPauseMonitor (JvmPauseMonitor.java:run(109)) - JvmPauseMonitor-2fe9f5bb-a002-4881-945d-f328dd53395c: Stopped
2023-10-04 17:32:11,831 [ce673aed-cb42-4983-a069-5a8880361102-impl-thread2] INFO  segmented.SegmentedRaftLogWorker (SegmentedRaftLogWorker.java:close(252)) - ce673aed-cb42-4983-a069-5a8880361102@group-1A697460F7F0-SegmentedRaftLogWorker close()
2023-10-04 17:32:11,832 [JvmPauseMonitor10] INFO  util.JvmPauseMonitor (JvmPauseMonitor.java:run(109)) - JvmPauseMonitor-ce673aed-cb42-4983-a069-5a8880361102: Stopped
2023-10-04 17:32:11,833 [91ebd182-a33d-46b0-9291-0e8ba30d2124-impl-thread2] INFO  segmented.SegmentedRaftLogWorker (SegmentedRaftLogWorker.java:close(252)) - 91ebd182-a33d-46b0-9291-0e8ba30d2124@group-1A697460F7F0-SegmentedRaftLogWorker close()
2023-10-04 17:32:11,834 [JvmPauseMonitor11] INFO  util.JvmPauseMonitor (JvmPauseMonitor.java:run(109)) - JvmPauseMonitor-91ebd182-a33d-46b0-9291-0e8ba30d2124: Stopped
2023-10-04 17:32:11,899 [0cce5ae1-4d90-47eb-b549-a29c890f95a0-impl-thread2] INFO  segmented.SegmentedRaftLogWorker (SegmentedRaftLogWorker.java:close(252)) - 0cce5ae1-4d90-47eb-b549-a29c890f95a0@group-A5A2B23113C4-SegmentedRaftLogWorker close()
2023-10-04 17:32:11,899 [JvmPauseMonitor12] INFO  util.JvmPauseMonitor (JvmPauseMonitor.java:run(109)) - JvmPauseMonitor-0cce5ae1-4d90-47eb-b549-a29c890f95a0: Stopped
2023-10-04 17:32:13,259 [ForkJoinPool.commonPool-worker-1] INFO  utils.DatanodeStoreCache (DatanodeStoreCache.java:shutdownCache(110)) - Skip clearing cache in mini cluster mode. Entries left: [/home/runner/work/ozone/ozone/hadoop-ozone/integration-test/target/test-dir/MiniOzoneClusterImpl-ae862161-af4f-46f0-80d9-78d734e05fe2/datanode-0/data-0/containers/hdds/ae862161-af4f-46f0-80d9-78d734e05fe2/DS-d63eec33-f9d0-4c03-86d2-e841aa22d6e9/container.db, /home/runner/work/ozone/ozone/hadoop-ozone/integration-test/target/test-dir/MiniOzoneClusterImpl-ae862161-af4f-46f0-80d9-78d734e05fe2/datanode-1/data-0/containers/hdds/ae862161-af4f-46f0-80d9-78d734e05fe2/DS-84423b0d-5960-49af-9a45-502ced3483ee/container.db, /home/runner/work/ozone/ozone/hadoop-ozone/integration-test/target/test-dir/MiniOzoneClusterImpl-ae862161-af4f-46f0-80d9-78d734e05fe2/datanode-2/data-0/containers/hdds/ae862161-af4f-46f0-80d9-78d734e05fe2/DS-1b6dfc26-0046-44c9-9e8d-3d07b75fecd7/container.db, /home/runner/work/ozone/ozone/hadoop-ozone/integration-test/target/test-dir/MiniOzoneClusterImpl-ae862161-af4f-46f0-80d9-78d734e05fe2/datanode-3/data-0/containers/hdds/ae862161-af4f-46f0-80d9-78d734e05fe2/DS-4ae71ab4-7553-4c21-93da-dfb76d1826cd/container.db, /home/runner/work/ozone/ozone/hadoop-ozone/integration-test/target/test-dir/MiniOzoneClusterImpl-ae862161-af4f-46f0-80d9-78d734e05fe2/datanode-4/data-0/containers/hdds/ae862161-af4f-46f0-80d9-78d734e05fe2/DS-e1d753d5-abcd-4a1e-ac9d-84a118a97973/container.db]
2023-10-04 17:32:13,267 [ForkJoinPool.commonPool-worker-1] INFO  utils.DatanodeStoreCache (DatanodeStoreCache.java:removeDB(104)) - Removed db /home/runner/work/ozone/ozone/hadoop-ozone/integration-test/target/test-dir/MiniOzoneClusterImpl-ae862161-af4f-46f0-80d9-78d734e05fe2/datanode-4/data-0/containers/hdds/ae862161-af4f-46f0-80d9-78d734e05fe2/DS-e1d753d5-abcd-4a1e-ac9d-84a118a97973/container.db from cache
2023-10-04 17:32:13,267 [ForkJoinPool.commonPool-worker-1] INFO  volume.HddsVolume (HddsVolume.java:closeDbStore(453)) - SchemaV3 db is stopped at /home/runner/work/ozone/ozone/hadoop-ozone/integration-test/target/test-dir/MiniOzoneClusterImpl-ae862161-af4f-46f0-80d9-78d734e05fe2/datanode-4/data-0/containers/hdds/ae862161-af4f-46f0-80d9-78d734e05fe2/DS-e1d753d5-abcd-4a1e-ac9d-84a118a97973/container.db for volume DS-e1d753d5-abcd-4a1e-ac9d-84a118a97973
2023-10-04 17:32:13,268 [ForkJoinPool.commonPool-worker-1] INFO  utils.BackgroundService (BackgroundService.java:shutdown(141)) - Shutting down service BlockDeletingService
2023-10-04 17:32:13,268 [ForkJoinPool.commonPool-worker-1] INFO  utils.BackgroundService (BackgroundService.java:shutdown(141)) - Shutting down service StaleRecoveringContainerScrubbingService
2023-10-04 17:32:13,272 [ForkJoinPool.commonPool-worker-1] INFO  statemachine.DatanodeStateMachine (DatanodeStateMachine.java:stopDaemon(621)) - Ozone container server stopped.
2023-10-04 17:32:13,284 [ForkJoinPool.commonPool-worker-1] INFO  handler.ContextHandler (ContextHandler.java:doStop(1159)) - Stopped o.e.j.w.WebAppContext@68c7a7fc{hddsDatanode,/,null,STOPPED}{jar:file:/home/runner/.m2/repository/org/apache/ozone/hdds-container-service/1.4.0-SNAPSHOT/hdds-container-service-1.4.0-SNAPSHOT.jar!/webapps/hddsDatanode}
2023-10-04 17:32:13,285 [ForkJoinPool.commonPool-worker-1] INFO  server.AbstractConnector (AbstractConnector.java:doStop(383)) - Stopped ServerConnector@a888ec1{HTTP/1.1, (http/1.1)}{0.0.0.0:15098}
2023-10-04 17:32:13,286 [ForkJoinPool.commonPool-worker-1] INFO  server.session (HouseKeeper.java:stopScavenging(149)) - node0 Stopped scavenging
2023-10-04 17:32:13,286 [ForkJoinPool.commonPool-worker-1] INFO  handler.ContextHandler (ContextHandler.java:doStop(1159)) - Stopped o.e.j.s.ServletContextHandler@30b5c1e7{static,/static,jar:file:/home/runner/.m2/repository/org/apache/ozone/hdds-container-service/1.4.0-SNAPSHOT/hdds-container-service-1.4.0-SNAPSHOT.jar!/webapps/static,STOPPED}
2023-10-04 17:32:13,287 [ForkJoinPool.commonPool-worker-1] INFO  handler.ContextHandler (ContextHandler.java:doStop(1159)) - Stopped o.e.j.s.ServletContextHandler@5e5089ae{logs,/logs,file:///home/runner/work/ozone/ozone/hadoop-ozone/integration-test/target/log,STOPPED}
2023-10-04 17:32:13,289 [ForkJoinPool.commonPool-worker-1] INFO  ozone.HddsDatanodeClientProtocolServer (HddsDatanodeClientProtocolServer.java:stop(78)) - Stopping the RPC server for Client Protocol
2023-10-04 17:32:13,290 [ForkJoinPool.commonPool-worker-1] INFO  ipc.Server (Server.java:stop(3523)) - Stopping server on 15099
2023-10-04 17:32:13,290 [IPC Server listener on 15099] INFO  ipc.Server (Server.java:run(1434)) - Stopping IPC Server listener on 15099
2023-10-04 17:32:13,291 [IPC Server Responder] INFO  ipc.Server (Server.java:run(1567)) - Stopping IPC Server Responder
2023-10-04 17:32:13,801 [ForkJoinPool.commonPool-worker-0] INFO  utils.DatanodeStoreCache (DatanodeStoreCache.java:shutdownCache(110)) - Skip clearing cache in mini cluster mode. Entries left: [/home/runner/work/ozone/ozone/hadoop-ozone/integration-test/target/test-dir/MiniOzoneClusterImpl-ae862161-af4f-46f0-80d9-78d734e05fe2/datanode-0/data-0/containers/hdds/ae862161-af4f-46f0-80d9-78d734e05fe2/DS-d63eec33-f9d0-4c03-86d2-e841aa22d6e9/container.db, /home/runner/work/ozone/ozone/hadoop-ozone/integration-test/target/test-dir/MiniOzoneClusterImpl-ae862161-af4f-46f0-80d9-78d734e05fe2/datanode-1/data-0/containers/hdds/ae862161-af4f-46f0-80d9-78d734e05fe2/DS-84423b0d-5960-49af-9a45-502ced3483ee/container.db, /home/runner/work/ozone/ozone/hadoop-ozone/integration-test/target/test-dir/MiniOzoneClusterImpl-ae862161-af4f-46f0-80d9-78d734e05fe2/datanode-2/data-0/containers/hdds/ae862161-af4f-46f0-80d9-78d734e05fe2/DS-1b6dfc26-0046-44c9-9e8d-3d07b75fecd7/container.db, /home/runner/work/ozone/ozone/hadoop-ozone/integration-test/target/test-dir/MiniOzoneClusterImpl-ae862161-af4f-46f0-80d9-78d734e05fe2/datanode-3/data-0/containers/hdds/ae862161-af4f-46f0-80d9-78d734e05fe2/DS-4ae71ab4-7553-4c21-93da-dfb76d1826cd/container.db]
2023-10-04 17:32:13,809 [ForkJoinPool.commonPool-worker-0] INFO  utils.DatanodeStoreCache (DatanodeStoreCache.java:removeDB(104)) - Removed db /home/runner/work/ozone/ozone/hadoop-ozone/integration-test/target/test-dir/MiniOzoneClusterImpl-ae862161-af4f-46f0-80d9-78d734e05fe2/datanode-0/data-0/containers/hdds/ae862161-af4f-46f0-80d9-78d734e05fe2/DS-d63eec33-f9d0-4c03-86d2-e841aa22d6e9/container.db from cache
2023-10-04 17:32:13,809 [ForkJoinPool.commonPool-worker-0] INFO  volume.HddsVolume (HddsVolume.java:closeDbStore(453)) - SchemaV3 db is stopped at /home/runner/work/ozone/ozone/hadoop-ozone/integration-test/target/test-dir/MiniOzoneClusterImpl-ae862161-af4f-46f0-80d9-78d734e05fe2/datanode-0/data-0/containers/hdds/ae862161-af4f-46f0-80d9-78d734e05fe2/DS-d63eec33-f9d0-4c03-86d2-e841aa22d6e9/container.db for volume DS-d63eec33-f9d0-4c03-86d2-e841aa22d6e9
2023-10-04 17:32:13,810 [ForkJoinPool.commonPool-worker-0] INFO  utils.BackgroundService (BackgroundService.java:shutdown(141)) - Shutting down service BlockDeletingService
2023-10-04 17:32:13,811 [ForkJoinPool.commonPool-worker-0] INFO  utils.BackgroundService (BackgroundService.java:shutdown(141)) - Shutting down service StaleRecoveringContainerScrubbingService
2023-10-04 17:32:13,812 [ForkJoinPool.commonPool-worker-0] INFO  statemachine.DatanodeStateMachine (DatanodeStateMachine.java:stopDaemon(621)) - Ozone container server stopped.
2023-10-04 17:32:13,825 [ForkJoinPool.commonPool-worker-0] INFO  handler.ContextHandler (ContextHandler.java:doStop(1159)) - Stopped o.e.j.w.WebAppContext@24e129c0{hddsDatanode,/,null,STOPPED}{jar:file:/home/runner/.m2/repository/org/apache/ozone/hdds-container-service/1.4.0-SNAPSHOT/hdds-container-service-1.4.0-SNAPSHOT.jar!/webapps/hddsDatanode}
2023-10-04 17:32:13,825 [ForkJoinPool.commonPool-worker-0] INFO  server.AbstractConnector (AbstractConnector.java:doStop(383)) - Stopped ServerConnector@366776f7{HTTP/1.1, (http/1.1)}{0.0.0.0:15062}
2023-10-04 17:32:13,825 [ForkJoinPool.commonPool-worker-0] INFO  server.session (HouseKeeper.java:stopScavenging(149)) - node0 Stopped scavenging
2023-10-04 17:32:13,827 [ForkJoinPool.commonPool-worker-0] INFO  handler.ContextHandler (ContextHandler.java:doStop(1159)) - Stopped o.e.j.s.ServletContextHandler@6136296f{static,/static,jar:file:/home/runner/.m2/repository/org/apache/ozone/hdds-container-service/1.4.0-SNAPSHOT/hdds-container-service-1.4.0-SNAPSHOT.jar!/webapps/static,STOPPED}
2023-10-04 17:32:13,828 [ForkJoinPool.commonPool-worker-0] INFO  handler.ContextHandler (ContextHandler.java:doStop(1159)) - Stopped o.e.j.s.ServletContextHandler@251792dc{logs,/logs,file:///home/runner/work/ozone/ozone/hadoop-ozone/integration-test/target/log,STOPPED}
2023-10-04 17:32:13,829 [ForkJoinPool.commonPool-worker-0] INFO  ozone.HddsDatanodeClientProtocolServer (HddsDatanodeClientProtocolServer.java:stop(78)) - Stopping the RPC server for Client Protocol
2023-10-04 17:32:13,830 [ForkJoinPool.commonPool-worker-0] INFO  ipc.Server (Server.java:stop(3523)) - Stopping server on 15063
2023-10-04 17:32:13,831 [IPC Server Responder] INFO  ipc.Server (Server.java:run(1567)) - Stopping IPC Server Responder
2023-10-04 17:32:13,832 [IPC Server listener on 15063] INFO  ipc.Server (Server.java:run(1434)) - Stopping IPC Server listener on 15063
2023-10-04 17:32:13,835 [ForkJoinPool.commonPool-worker-3] INFO  utils.DatanodeStoreCache (DatanodeStoreCache.java:shutdownCache(110)) - Skip clearing cache in mini cluster mode. Entries left: [/home/runner/work/ozone/ozone/hadoop-ozone/integration-test/target/test-dir/MiniOzoneClusterImpl-ae862161-af4f-46f0-80d9-78d734e05fe2/datanode-1/data-0/containers/hdds/ae862161-af4f-46f0-80d9-78d734e05fe2/DS-84423b0d-5960-49af-9a45-502ced3483ee/container.db, /home/runner/work/ozone/ozone/hadoop-ozone/integration-test/target/test-dir/MiniOzoneClusterImpl-ae862161-af4f-46f0-80d9-78d734e05fe2/datanode-2/data-0/containers/hdds/ae862161-af4f-46f0-80d9-78d734e05fe2/DS-1b6dfc26-0046-44c9-9e8d-3d07b75fecd7/container.db, /home/runner/work/ozone/ozone/hadoop-ozone/integration-test/target/test-dir/MiniOzoneClusterImpl-ae862161-af4f-46f0-80d9-78d734e05fe2/datanode-3/data-0/containers/hdds/ae862161-af4f-46f0-80d9-78d734e05fe2/DS-4ae71ab4-7553-4c21-93da-dfb76d1826cd/container.db]
2023-10-04 17:32:13,837 [ForkJoinPool.commonPool-worker-3] INFO  utils.DatanodeStoreCache (DatanodeStoreCache.java:removeDB(104)) - Removed db /home/runner/work/ozone/ozone/hadoop-ozone/integration-test/target/test-dir/MiniOzoneClusterImpl-ae862161-af4f-46f0-80d9-78d734e05fe2/datanode-1/data-0/containers/hdds/ae862161-af4f-46f0-80d9-78d734e05fe2/DS-84423b0d-5960-49af-9a45-502ced3483ee/container.db from cache
2023-10-04 17:32:13,837 [ForkJoinPool.commonPool-worker-3] INFO  volume.HddsVolume (HddsVolume.java:closeDbStore(453)) - SchemaV3 db is stopped at /home/runner/work/ozone/ozone/hadoop-ozone/integration-test/target/test-dir/MiniOzoneClusterImpl-ae862161-af4f-46f0-80d9-78d734e05fe2/datanode-1/data-0/containers/hdds/ae862161-af4f-46f0-80d9-78d734e05fe2/DS-84423b0d-5960-49af-9a45-502ced3483ee/container.db for volume DS-84423b0d-5960-49af-9a45-502ced3483ee
2023-10-04 17:32:13,837 [main] INFO  utils.DatanodeStoreCache (DatanodeStoreCache.java:shutdownCache(110)) - Skip clearing cache in mini cluster mode. Entries left: [/home/runner/work/ozone/ozone/hadoop-ozone/integration-test/target/test-dir/MiniOzoneClusterImpl-ae862161-af4f-46f0-80d9-78d734e05fe2/datanode-2/data-0/containers/hdds/ae862161-af4f-46f0-80d9-78d734e05fe2/DS-1b6dfc26-0046-44c9-9e8d-3d07b75fecd7/container.db, /home/runner/work/ozone/ozone/hadoop-ozone/integration-test/target/test-dir/MiniOzoneClusterImpl-ae862161-af4f-46f0-80d9-78d734e05fe2/datanode-3/data-0/containers/hdds/ae862161-af4f-46f0-80d9-78d734e05fe2/DS-4ae71ab4-7553-4c21-93da-dfb76d1826cd/container.db]
2023-10-04 17:32:13,838 [ForkJoinPool.commonPool-worker-3] INFO  utils.BackgroundService (BackgroundService.java:shutdown(141)) - Shutting down service BlockDeletingService
2023-10-04 17:32:13,970 [ForkJoinPool.commonPool-worker-2] INFO  utils.DatanodeStoreCache (DatanodeStoreCache.java:shutdownCache(110)) - Skip clearing cache in mini cluster mode. Entries left: [/home/runner/work/ozone/ozone/hadoop-ozone/integration-test/target/test-dir/MiniOzoneClusterImpl-ae862161-af4f-46f0-80d9-78d734e05fe2/datanode-3/data-0/containers/hdds/ae862161-af4f-46f0-80d9-78d734e05fe2/DS-4ae71ab4-7553-4c21-93da-dfb76d1826cd/container.db]
2023-10-04 17:32:13,971 [main] INFO  utils.DatanodeStoreCache (DatanodeStoreCache.java:removeDB(104)) - Removed db /home/runner/work/ozone/ozone/hadoop-ozone/integration-test/target/test-dir/MiniOzoneClusterImpl-ae862161-af4f-46f0-80d9-78d734e05fe2/datanode-2/data-0/containers/hdds/ae862161-af4f-46f0-80d9-78d734e05fe2/DS-1b6dfc26-0046-44c9-9e8d-3d07b75fecd7/container.db from cache
2023-10-04 17:32:13,971 [main] INFO  volume.HddsVolume (HddsVolume.java:closeDbStore(453)) - SchemaV3 db is stopped at /home/runner/work/ozone/ozone/hadoop-ozone/integration-test/target/test-dir/MiniOzoneClusterImpl-ae862161-af4f-46f0-80d9-78d734e05fe2/datanode-2/data-0/containers/hdds/ae862161-af4f-46f0-80d9-78d734e05fe2/DS-1b6dfc26-0046-44c9-9e8d-3d07b75fecd7/container.db for volume DS-1b6dfc26-0046-44c9-9e8d-3d07b75fecd7
2023-10-04 17:32:13,972 [main] INFO  utils.BackgroundService (BackgroundService.java:shutdown(141)) - Shutting down service BlockDeletingService
2023-10-04 17:32:13,973 [ForkJoinPool.commonPool-worker-3] INFO  utils.BackgroundService (BackgroundService.java:shutdown(141)) - Shutting down service StaleRecoveringContainerScrubbingService
2023-10-04 17:32:13,974 [main] INFO  utils.BackgroundService (BackgroundService.java:shutdown(141)) - Shutting down service StaleRecoveringContainerScrubbingService
2023-10-04 17:32:13,976 [ForkJoinPool.commonPool-worker-3] INFO  statemachine.DatanodeStateMachine (DatanodeStateMachine.java:stopDaemon(621)) - Ozone container server stopped.
2023-10-04 17:32:13,976 [main] INFO  statemachine.DatanodeStateMachine (DatanodeStateMachine.java:stopDaemon(621)) - Ozone container server stopped.
2023-10-04 17:32:13,977 [ForkJoinPool.commonPool-worker-2] INFO  utils.DatanodeStoreCache (DatanodeStoreCache.java:removeDB(104)) - Removed db /home/runner/work/ozone/ozone/hadoop-ozone/integration-test/target/test-dir/MiniOzoneClusterImpl-ae862161-af4f-46f0-80d9-78d734e05fe2/datanode-3/data-0/containers/hdds/ae862161-af4f-46f0-80d9-78d734e05fe2/DS-4ae71ab4-7553-4c21-93da-dfb76d1826cd/container.db from cache
2023-10-04 17:32:13,977 [ForkJoinPool.commonPool-worker-2] INFO  volume.HddsVolume (HddsVolume.java:closeDbStore(453)) - SchemaV3 db is stopped at /home/runner/work/ozone/ozone/hadoop-ozone/integration-test/target/test-dir/MiniOzoneClusterImpl-ae862161-af4f-46f0-80d9-78d734e05fe2/datanode-3/data-0/containers/hdds/ae862161-af4f-46f0-80d9-78d734e05fe2/DS-4ae71ab4-7553-4c21-93da-dfb76d1826cd/container.db for volume DS-4ae71ab4-7553-4c21-93da-dfb76d1826cd
2023-10-04 17:32:13,980 [ForkJoinPool.commonPool-worker-2] INFO  utils.BackgroundService (BackgroundService.java:shutdown(141)) - Shutting down service BlockDeletingService
2023-10-04 17:32:13,988 [ForkJoinPool.commonPool-worker-2] INFO  utils.BackgroundService (BackgroundService.java:shutdown(141)) - Shutting down service StaleRecoveringContainerScrubbingService
2023-10-04 17:32:13,990 [ForkJoinPool.commonPool-worker-2] INFO  statemachine.DatanodeStateMachine (DatanodeStateMachine.java:stopDaemon(621)) - Ozone container server stopped.
2023-10-04 17:32:14,007 [ForkJoinPool.commonPool-worker-3] INFO  handler.ContextHandler (ContextHandler.java:doStop(1159)) - Stopped o.e.j.w.WebAppContext@6391ef13{hddsDatanode,/,null,STOPPED}{jar:file:/home/runner/.m2/repository/org/apache/ozone/hdds-container-service/1.4.0-SNAPSHOT/hdds-container-service-1.4.0-SNAPSHOT.jar!/webapps/hddsDatanode}
2023-10-04 17:32:14,007 [ForkJoinPool.commonPool-worker-3] INFO  server.AbstractConnector (AbstractConnector.java:doStop(383)) - Stopped ServerConnector@26d71aeb{HTTP/1.1, (http/1.1)}{0.0.0.0:15071}
2023-10-04 17:32:14,007 [ForkJoinPool.commonPool-worker-3] INFO  server.session (HouseKeeper.java:stopScavenging(149)) - node0 Stopped scavenging
2023-10-04 17:32:14,008 [ForkJoinPool.commonPool-worker-3] INFO  handler.ContextHandler (ContextHandler.java:doStop(1159)) - Stopped o.e.j.s.ServletContextHandler@354a4790{static,/static,jar:file:/home/runner/.m2/repository/org/apache/ozone/hdds-container-service/1.4.0-SNAPSHOT/hdds-container-service-1.4.0-SNAPSHOT.jar!/webapps/static,STOPPED}
2023-10-04 17:32:14,008 [ForkJoinPool.commonPool-worker-3] INFO  handler.ContextHandler (ContextHandler.java:doStop(1159)) - Stopped o.e.j.s.ServletContextHandler@24ba43fd{logs,/logs,file:///home/runner/work/ozone/ozone/hadoop-ozone/integration-test/target/log,STOPPED}
2023-10-04 17:32:14,022 [main] INFO  handler.ContextHandler (ContextHandler.java:doStop(1159)) - Stopped o.e.j.w.WebAppContext@4ce5dba5{hddsDatanode,/,null,STOPPED}{jar:file:/home/runner/.m2/repository/org/apache/ozone/hdds-container-service/1.4.0-SNAPSHOT/hdds-container-service-1.4.0-SNAPSHOT.jar!/webapps/hddsDatanode}
2023-10-04 17:32:14,025 [main] INFO  server.AbstractConnector (AbstractConnector.java:doStop(383)) - Stopped ServerConnector@40045f23{HTTP/1.1, (http/1.1)}{0.0.0.0:15080}
2023-10-04 17:32:14,025 [main] INFO  server.session (HouseKeeper.java:stopScavenging(149)) - node0 Stopped scavenging
2023-10-04 17:32:14,025 [main] INFO  handler.ContextHandler (ContextHandler.java:doStop(1159)) - Stopped o.e.j.s.ServletContextHandler@263fd708{static,/static,jar:file:/home/runner/.m2/repository/org/apache/ozone/hdds-container-service/1.4.0-SNAPSHOT/hdds-container-service-1.4.0-SNAPSHOT.jar!/webapps/static,STOPPED}
2023-10-04 17:32:14,029 [main] INFO  handler.ContextHandler (ContextHandler.java:doStop(1159)) - Stopped o.e.j.s.ServletContextHandler@4740b02{logs,/logs,file:///home/runner/work/ozone/ozone/hadoop-ozone/integration-test/target/log,STOPPED}
2023-10-04 17:32:14,030 [ForkJoinPool.commonPool-worker-3] INFO  ozone.HddsDatanodeClientProtocolServer (HddsDatanodeClientProtocolServer.java:stop(78)) - Stopping the RPC server for Client Protocol
2023-10-04 17:32:14,030 [main] INFO  ozone.HddsDatanodeClientProtocolServer (HddsDatanodeClientProtocolServer.java:stop(78)) - Stopping the RPC server for Client Protocol
2023-10-04 17:32:14,030 [main] INFO  ipc.Server (Server.java:stop(3523)) - Stopping server on 15081
2023-10-04 17:32:14,031 [ForkJoinPool.commonPool-worker-3] INFO  ipc.Server (Server.java:stop(3523)) - Stopping server on 15072
2023-10-04 17:32:14,033 [ForkJoinPool.commonPool-worker-2] INFO  handler.ContextHandler (ContextHandler.java:doStop(1159)) - Stopped o.e.j.w.WebAppContext@3e64ecc1{hddsDatanode,/,null,STOPPED}{jar:file:/home/runner/.m2/repository/org/apache/ozone/hdds-container-service/1.4.0-SNAPSHOT/hdds-container-service-1.4.0-SNAPSHOT.jar!/webapps/hddsDatanode}
2023-10-04 17:32:14,033 [IPC Server Responder] INFO  ipc.Server (Server.java:run(1567)) - Stopping IPC Server Responder
2023-10-04 17:32:14,038 [IPC Server Responder] INFO  ipc.Server (Server.java:run(1567)) - Stopping IPC Server Responder
2023-10-04 17:32:14,039 [IPC Server listener on 15081] INFO  ipc.Server (Server.java:run(1434)) - Stopping IPC Server listener on 15081
2023-10-04 17:32:14,039 [IPC Server listener on 15072] INFO  ipc.Server (Server.java:run(1434)) - Stopping IPC Server listener on 15072
2023-10-04 17:32:14,043 [ForkJoinPool.commonPool-worker-2] INFO  server.AbstractConnector (AbstractConnector.java:doStop(383)) - Stopped ServerConnector@6edbd4b2{HTTP/1.1, (http/1.1)}{0.0.0.0:15089}
2023-10-04 17:32:14,043 [ForkJoinPool.commonPool-worker-2] INFO  server.session (HouseKeeper.java:stopScavenging(149)) - node0 Stopped scavenging
2023-10-04 17:32:14,043 [ForkJoinPool.commonPool-worker-2] INFO  handler.ContextHandler (ContextHandler.java:doStop(1159)) - Stopped o.e.j.s.ServletContextHandler@2fea23c0{static,/static,jar:file:/home/runner/.m2/repository/org/apache/ozone/hdds-container-service/1.4.0-SNAPSHOT/hdds-container-service-1.4.0-SNAPSHOT.jar!/webapps/static,STOPPED}
2023-10-04 17:32:14,043 [ForkJoinPool.commonPool-worker-2] INFO  handler.ContextHandler (ContextHandler.java:doStop(1159)) - Stopped o.e.j.s.ServletContextHandler@5298d790{logs,/logs,file:///home/runner/work/ozone/ozone/hadoop-ozone/integration-test/target/log,STOPPED}
2023-10-04 17:32:14,044 [ForkJoinPool.commonPool-worker-2] INFO  ozone.HddsDatanodeClientProtocolServer (HddsDatanodeClientProtocolServer.java:stop(78)) - Stopping the RPC server for Client Protocol
2023-10-04 17:32:14,046 [ForkJoinPool.commonPool-worker-2] INFO  ipc.Server (Server.java:stop(3523)) - Stopping server on 15090
2023-10-04 17:32:14,047 [IPC Server listener on 15090] INFO  ipc.Server (Server.java:run(1434)) - Stopping IPC Server listener on 15090
2023-10-04 17:32:14,048 [IPC Server Responder] INFO  ipc.Server (Server.java:run(1567)) - Stopping IPC Server Responder
2023-10-04 17:32:14,050 [main] INFO  ozone.MiniOzoneClusterImpl (MiniOzoneClusterImpl.java:stopSCM(548)) - Stopping the StorageContainerManager
2023-10-04 17:32:14,051 [main] INFO  server.StorageContainerManager (StorageContainerManager.java:stop(1591)) - Container Balancer is not running.
2023-10-04 17:32:14,051 [main] INFO  server.StorageContainerManager (StorageContainerManager.java:stopReplicationManager(1724)) - Stopping Replication Manager Service.
2023-10-04 17:32:14,051 [main] INFO  replication.ReplicationManager (ReplicationManager.java:stop(323)) - Stopping Replication Monitor Thread.
2023-10-04 17:32:14,051 [main] INFO  server.StorageContainerManager (StorageContainerManager.java:stop(1600)) - Stopping the Datanode Admin Monitor.
2023-10-04 17:32:14,051 [ReplicationMonitor] INFO  replication.ReplicationManager (ReplicationManager.java:run(921)) - Replication Monitor Thread is stopped
2023-10-04 17:32:14,051 [Under Replicated Processor] WARN  replication.UnhealthyReplicationProcessor (UnhealthyReplicationProcessor.java:run(180)) - Under Replicated Processor interrupted. Exiting...
2023-10-04 17:32:14,051 [Over Replicated Processor] WARN  replication.UnhealthyReplicationProcessor (UnhealthyReplicationProcessor.java:run(180)) - Over Replicated Processor interrupted. Exiting...
2023-10-04 17:32:14,051 [main] INFO  server.StorageContainerManager (StorageContainerManager.java:stop(1607)) - Stopping datanode service RPC server
2023-10-04 17:32:14,052 [main] INFO  server.SCMDatanodeProtocolServer (SCMDatanodeProtocolServer.java:stop(424)) - Stopping the RPC server for DataNodes
2023-10-04 17:32:14,052 [main] INFO  ipc.Server (Server.java:stop(3523)) - Stopping server on 15055
2023-10-04 17:32:14,055 [IPC Server listener on 15055] INFO  ipc.Server (Server.java:run(1434)) - Stopping IPC Server listener on 15055
2023-10-04 17:32:14,056 [IPC Server Responder] INFO  ipc.Server (Server.java:run(1567)) - Stopping IPC Server Responder
2023-10-04 17:32:14,069 [SCM Heartbeat Processing Thread - 0] WARN  node.NodeStateManager (NodeStateManager.java:scheduleNextHealthCheck(874)) - Current Thread is interrupted, shutting down HB processing thread for Node Manager.
2023-10-04 17:32:14,069 [main] INFO  server.StorageContainerManager (StorageContainerManager.java:stop(1615)) - Stopping block service RPC server
2023-10-04 17:32:14,069 [main] INFO  server.SCMBlockProtocolServer (SCMBlockProtocolServer.java:stop(163)) - Stopping the RPC server for Block Protocol
2023-10-04 17:32:14,069 [main] INFO  ipc.Server (Server.java:stop(3523)) - Stopping server on 15054
2023-10-04 17:32:14,070 [IPC Server Responder] INFO  ipc.Server (Server.java:run(1567)) - Stopping IPC Server Responder
2023-10-04 17:32:14,071 [IPC Server listener on 15054] INFO  ipc.Server (Server.java:run(1434)) - Stopping IPC Server listener on 15054
2023-10-04 17:32:14,071 [main] INFO  server.StorageContainerManager (StorageContainerManager.java:stop(1622)) - Stopping the StorageContainerLocationProtocol RPC server
2023-10-04 17:32:14,071 [main] INFO  server.SCMClientProtocolServer (SCMClientProtocolServer.java:stop(210)) - Stopping the RPC server for Client Protocol
2023-10-04 17:32:14,071 [main] INFO  ipc.Server (Server.java:stop(3523)) - Stopping server on 15053
2023-10-04 17:32:14,075 [IPC Server Responder] INFO  ipc.Server (Server.java:run(1567)) - Stopping IPC Server Responder
2023-10-04 17:32:14,075 [IPC Server listener on 15053] INFO  ipc.Server (Server.java:run(1434)) - Stopping IPC Server listener on 15053
2023-10-04 17:32:14,076 [main] INFO  server.StorageContainerManager (StorageContainerManager.java:stop(1629)) - Stopping Storage Container Manager HTTP server.
2023-10-04 17:32:14,077 [main] INFO  handler.ContextHandler (ContextHandler.java:doStop(1159)) - Stopped o.e.j.w.WebAppContext@2cdb272f{scm,/,null,STOPPED}{file:/home/runner/work/ozone/ozone/hadoop-ozone/integration-test/target/test-classes/webapps/scm}
2023-10-04 17:32:14,078 [main] INFO  server.AbstractConnector (AbstractConnector.java:doStop(383)) - Stopped ServerConnector@21e216c0{HTTP/1.1, (http/1.1)}{0.0.0.0:15056}
2023-10-04 17:32:14,078 [main] INFO  server.session (HouseKeeper.java:stopScavenging(149)) - node0 Stopped scavenging
2023-10-04 17:32:14,078 [main] INFO  handler.ContextHandler (ContextHandler.java:doStop(1159)) - Stopped o.e.j.s.ServletContextHandler@2e236ed1{static,/static,file:///home/runner/work/ozone/ozone/hadoop-ozone/integration-test/target/test-classes/webapps/static,STOPPED}
2023-10-04 17:32:14,078 [main] INFO  handler.ContextHandler (ContextHandler.java:doStop(1159)) - Stopped o.e.j.s.ServletContextHandler@4bc502be{logs,/logs,file:///home/runner/work/ozone/ozone/hadoop-ozone/integration-test/target/log,STOPPED}
2023-10-04 17:32:14,079 [main] INFO  server.StorageContainerManager (StorageContainerManager.java:stop(1637)) - Stopping SCM LayoutVersionManager Service.
2023-10-04 17:32:14,079 [main] INFO  server.StorageContainerManager (StorageContainerManager.java:stop(1649)) - Stopping Block Manager Service.
2023-10-04 17:32:14,079 [main] INFO  utils.BackgroundService (BackgroundService.java:shutdown(141)) - Shutting down service SCMBlockDeletingService
2023-10-04 17:32:14,079 [main] INFO  utils.BackgroundService (BackgroundService.java:shutdown(141)) - Shutting down service SCMBlockDeletingService
2023-10-04 17:32:14,080 [main] INFO  server.StorageContainerManager (StorageContainerManager.java:stop(1669)) - Stopping SCM Event Queue.
2023-10-04 17:32:14,081 [JvmPauseMonitor7] INFO  util.JvmPauseMonitor (JvmPauseMonitor.java:run(109)) - JvmPauseMonitor-5324abbe-1171-4c4a-a610-02162a341a67: Stopped
2023-10-04 17:32:14,081 [main] INFO  server.StorageContainerManager (StorageContainerManager.java:stop(1680)) - Stopping SCM HA services.
2023-10-04 17:32:14,081 [main] INFO  pipeline.BackgroundPipelineCreator (BackgroundPipelineCreator.java:stop(149)) - Stopping RatisPipelineUtilsThread.
2023-10-04 17:32:14,082 [RatisPipelineUtilsThread - 0] WARN  pipeline.BackgroundPipelineCreator (BackgroundPipelineCreator.java:run(180)) - RatisPipelineUtilsThread is interrupted.
2023-10-04 17:32:14,082 [BackgroundPipelineScrubberThread] WARN  BackgroundPipelineScrubber (BackgroundSCMService.java:run(115)) - BackgroundPipelineScrubber is interrupted, exit
2023-10-04 17:32:14,082 [main] INFO  BackgroundPipelineScrubber (BackgroundSCMService.java:stop(131)) - Stopping BackgroundPipelineScrubber Service.
2023-10-04 17:32:14,082 [main] INFO  impl.MetricsSystemImpl (MetricsSystemImpl.java:stop(210)) - Stopping HddsDatanode metrics system...
2023-10-04 17:32:14,098 [prometheus] INFO  impl.MetricsSinkAdapter (MetricsSinkAdapter.java:publishMetricsFromQueue(141)) - prometheus thread interrupted.
2023-10-04 17:32:14,098 [main] INFO  impl.MetricsSystemImpl (MetricsSystemImpl.java:stop(216)) - HddsDatanode metrics system stopped.
2023-10-04 17:32:14,098 [main] WARN  pipeline.BackgroundPipelineCreator (BackgroundPipelineCreator.java:stop(145)) - RatisPipelineUtilsThread is not running, just ignore.
2023-10-04 17:32:14,098 [main] INFO  BackgroundPipelineScrubber (BackgroundSCMService.java:stop(126)) - BackgroundPipelineScrubber Service is not running, skip stop.
2023-10-04 17:32:14,099 [ExpiredContainerReplicaOpScrubberThread] WARN  ExpiredContainerReplicaOpScrubber (BackgroundSCMService.java:run(115)) - ExpiredContainerReplicaOpScrubber is interrupted, exit
2023-10-04 17:32:14,099 [main] INFO  ExpiredContainerReplicaOpScrubber (BackgroundSCMService.java:stop(131)) - Stopping ExpiredContainerReplicaOpScrubber Service.
2023-10-04 17:32:14,099 [main] INFO  utils.BackgroundService (BackgroundService.java:shutdown(141)) - Shutting down service SCMBlockDeletingService
2023-10-04 17:32:14,099 [main] INFO  replication.ReplicationManager (ReplicationManager.java:stop(333)) - Replication Monitor Thread is not running.
2023-10-04 17:32:14,099 [main] WARN  balancer.ContainerBalancer (ContainerBalancer.java:stop(326)) - Cannot stop Container Balancer because it's not running or stopping
2023-10-04 17:32:14,099 [Lease Manager-LeaseManager#LeaseMonitor] WARN  lease.LeaseManager (LeaseManager.java:run(287)) - Lease manager is interrupted. Shutting down...
java.lang.InterruptedException
	at java.util.concurrent.locks.AbstractQueuedSynchronizer.doAcquireSharedNanos(AbstractQueuedSynchronizer.java:1039)
	at java.util.concurrent.locks.AbstractQueuedSynchronizer.tryAcquireSharedNanos(AbstractQueuedSynchronizer.java:1328)
	at java.util.concurrent.Semaphore.tryAcquire(Semaphore.java:409)
	at org.apache.hadoop.ozone.lease.LeaseManager$LeaseMonitor.run(LeaseManager.java:285)
	at java.lang.Thread.run(Thread.java:750)
2023-10-04 17:32:14,099 [main] INFO  server.StorageContainerManager (StorageContainerManager.java:stop(1715)) - Stopping SCM MetadataStore.
2023-10-04 17:32:14,137 [main] INFO  db.CodecTestUtil (CodecTestUtil.java:gc(47)) - gc 0
2023-10-04 17:32:14,627 [main] WARN  server.ServerUtils (ServerUtils.java:getScmDbDir(155)) - ozone.scm.db.dirs is not configured. We recommend adding this setting. Falling back to ozone.metadata.dirs instead.
2023-10-04 17:32:14,634 [main] WARN  server.ServerUtils (ServerUtils.java:getScmDbDir(155)) - ozone.scm.db.dirs is not configured. We recommend adding this setting. Falling back to ozone.metadata.dirs instead.
2023-10-04 17:32:14,634 [main] INFO  ha.SCMHANodeDetails (SCMHANodeDetails.java:loadSCMHAConfig(210)) - ServiceID for StorageContainerManager is null
2023-10-04 17:32:14,634 [main] INFO  ha.SCMHANodeDetails (SCMHANodeDetails.java:loadSCMHAConfig(215)) - ozone.scm.default.service.id is not defined, falling back to ozone.scm.service.ids to find serviceID for StorageContainerManager if it is HA enabled cluster
2023-10-04 17:32:14,635 [main] WARN  utils.HAUtils (HAUtils.java:getMetaDir(339)) - ozone.scm.db.dirs is not configured. We recommend adding this setting. Falling back to ozone.metadata.dirs instead.
2023-10-04 17:32:14,635 [main] WARN  db.DBStoreBuilder (DBStoreBuilder.java:applyDBDefinition(166)) - ozone.scm.db.dirs is not configured. We recommend adding this setting. Falling back to ozone.metadata.dirs instead.
2023-10-04 17:32:14,772 [main] INFO  net.NodeSchemaLoader (NodeSchemaLoader.java:loadSchemaFromFile(129)) - Loading schema from [jar:file:/home/runner/.m2/repository/org/apache/ozone/hdds-common/1.4.0-SNAPSHOT/hdds-common-1.4.0-SNAPSHOT.jar!/network-topology-default.xml]
2023-10-04 17:32:14,772 [main] INFO  net.NodeSchemaLoader (NodeSchemaLoader.java:loadSchema(176)) - Loading network topology layer schema file
2023-10-04 17:32:14,775 [main] INFO  upgrade.AbstractLayoutVersionManager (AbstractLayoutVersionManager.java:init(83)) - Initializing Layout version manager with metadata layout = HADOOP_PRC_PORTS_IN_DATANODEDETAILS (version = 7), software layout = HADOOP_PRC_PORTS_IN_DATANODEDETAILS (version = 7)
2023-10-04 17:32:14,776 [main] INFO  ha.SequenceIdGenerator (SequenceIdGenerator.java:upgradeToSequenceId(365)) - upgrade localId to 111677748019200000
2023-10-04 17:32:14,777 [main] INFO  ha.SequenceIdGenerator (SequenceIdGenerator.java:upgradeToSequenceId(375)) - upgrade delTxnId to 0
2023-10-04 17:32:14,777 [main] INFO  ha.SequenceIdGenerator (SequenceIdGenerator.java:upgradeToSequenceId(392)) - upgrade containerId to 0
2023-10-04 17:32:14,778 [main] INFO  ha.SequenceIdGenerator (SequenceIdGenerator.java:upgradeToSequenceId(428)) - upgrade rootCertificateId to 1
2023-10-04 17:32:14,778 [main] INFO  ha.SequenceIdGenerator (SequenceIdGenerator.java:<init>(236)) - Init the HA SequenceIdGenerator.
2023-10-04 17:32:14,779 [main] WARN  server.ServerUtils (ServerUtils.java:sanitizeUserArgs(80)) - ozone.scm.stale.node.interval value = 300000 is larger than max = 100000 based on the key value of ozone.scm.heartbeat.thread.interval, reset to the max value 100000.
2023-10-04 17:32:14,779 [main] WARN  server.ServerUtils (ServerUtils.java:sanitizeUserArgs(80)) - ozone.scm.stale.node.interval value = 300000 is larger than max = 100000 based on the key value of ozone.scm.heartbeat.thread.interval, reset to the max value 100000.
2023-10-04 17:32:14,779 [main] INFO  node.SCMNodeManager (SCMNodeManager.java:<init>(157)) - Entering startup safe mode.
2023-10-04 17:32:14,780 [main] INFO  algorithms.ContainerPlacementPolicyFactory (ContainerPlacementPolicyFactory.java:getPolicyInternal(86)) - Create container placement policy of type org.apache.hadoop.hdds.scm.container.placement.algorithms.SCMContainerPlacementRackAware
2023-10-04 17:32:14,780 [main] INFO  algorithms.ContainerPlacementPolicyFactory (ContainerPlacementPolicyFactory.java:getPolicyInternal(86)) - Create container placement policy of type org.apache.hadoop.hdds.scm.container.placement.algorithms.SCMContainerPlacementRackScatter
2023-10-04 17:32:14,780 [main] INFO  pipeline.PipelineStateManagerImpl (PipelineStateManagerImpl.java:initialize(78)) - No pipeline exists in current db
2023-10-04 17:32:14,781 [main] INFO  algorithms.LeaderChoosePolicyFactory (LeaderChoosePolicyFactory.java:getPolicy(57)) - Create leader choose policy of type org.apache.hadoop.hdds.scm.pipeline.leader.choose.algorithms.MinLeaderCountChoosePolicy
2023-10-04 17:32:14,781 [main] INFO  algorithms.ContainerPlacementPolicyFactory (ContainerPlacementPolicyFactory.java:getPolicyInternal(86)) - Create container placement policy of type org.apache.hadoop.hdds.scm.container.placement.algorithms.SCMContainerPlacementRackScatter
2023-10-04 17:32:14,782 [main] INFO  ha.SCMServiceManager (SCMServiceManager.java:register(42)) - Registering service BackgroundPipelineCreator.
2023-10-04 17:32:14,782 [main] INFO  pipeline.BackgroundPipelineCreator (BackgroundPipelineCreator.java:start(124)) - Starting RatisPipelineUtilsThread.
2023-10-04 17:32:14,782 [main] INFO  BackgroundPipelineScrubber (BackgroundSCMService.java:start(68)) - Starting BackgroundPipelineScrubber Service.
2023-10-04 17:32:14,782 [main] INFO  ha.SCMServiceManager (SCMServiceManager.java:register(42)) - Registering service BackgroundPipelineScrubber.
2023-10-04 17:32:14,783 [main] INFO  ExpiredContainerReplicaOpScrubber (BackgroundSCMService.java:start(68)) - Starting ExpiredContainerReplicaOpScrubber Service.
2023-10-04 17:32:14,783 [main] INFO  ha.SCMServiceManager (SCMServiceManager.java:register(42)) - Registering service ExpiredContainerReplicaOpScrubber.
2023-10-04 17:32:14,783 [main] INFO  algorithms.PipelineChoosePolicyFactory (PipelineChoosePolicyFactory.java:createPipelineChoosePolicyFromClass(78)) - Create pipeline choose policy of type org.apache.hadoop.hdds.scm.pipeline.choose.algorithms.RandomPipelineChoosePolicy
2023-10-04 17:32:14,784 [main] INFO  algorithms.PipelineChoosePolicyFactory (PipelineChoosePolicyFactory.java:createPipelineChoosePolicyFromClass(78)) - Create pipeline choose policy of type org.apache.hadoop.hdds.scm.pipeline.choose.algorithms.RandomPipelineChoosePolicy
2023-10-04 17:32:14,784 [main] INFO  ha.SCMServiceManager (SCMServiceManager.java:register(42)) - Registering service SCMBlockDeletingService.
2023-10-04 17:32:14,785 [main] INFO  replication.ReplicationManager (ReplicationManager.java:start(291)) - Starting Replication Monitor Thread.
2023-10-04 17:32:14,785 [main] INFO  ha.SCMServiceManager (SCMServiceManager.java:register(42)) - Registering service ReplicationManager.
2023-10-04 17:32:14,790 [main] INFO  safemode.ContainerSafeModeRule (ContainerSafeModeRule.java:<init>(90)) - containers with one replica threshold count 0
2023-10-04 17:32:14,791 [main] INFO  safemode.HealthyPipelineSafeModeRule (HealthyPipelineSafeModeRule.java:initializeRule(169)) - Total pipeline count is 0, healthy pipeline threshold count is 1
2023-10-04 17:32:14,791 [main] INFO  safemode.OneReplicaPipelineSafeModeRule (OneReplicaPipelineSafeModeRule.java:initializeRule(180)) - Total pipeline count is 0, pipeline's with at least one datanode reported threshold count is 0
2023-10-04 17:32:14,791 [main] INFO  server.StorageContainerManager (StorageContainerManager.java:<init>(425)) - SCM start with adminUsers: [runner]
2023-10-04 17:32:14,792 [main] INFO  ipc.CallQueueManager (CallQueueManager.java:<init>(90)) - Using callQueue: class java.util.concurrent.LinkedBlockingQueue, queueCapacity: 2000, scheduler: class org.apache.hadoop.ipc.DefaultRpcScheduler, ipcBackoff: false.
2023-10-04 17:32:14,792 [main] INFO  ipc.Server (Server.java:<init>(1287)) - Listener at 0.0.0.0:15108
2023-10-04 17:32:14,792 [Socket Reader #1 for port 15108] INFO  ipc.Server (Server.java:run(1323)) - Starting Socket Reader #1 for port 15108
2023-10-04 17:32:14,793 [main] INFO  ipc.CallQueueManager (CallQueueManager.java:<init>(90)) - Using callQueue: class java.util.concurrent.LinkedBlockingQueue, queueCapacity: 2000, scheduler: class org.apache.hadoop.ipc.DefaultRpcScheduler, ipcBackoff: false.
2023-10-04 17:32:14,793 [main] INFO  ipc.Server (Server.java:<init>(1287)) - Listener at 0.0.0.0:15107
2023-10-04 17:32:14,794 [Socket Reader #1 for port 15107] INFO  ipc.Server (Server.java:run(1323)) - Starting Socket Reader #1 for port 15107
2023-10-04 17:32:14,795 [main] INFO  ipc.CallQueueManager (CallQueueManager.java:<init>(90)) - Using callQueue: class java.util.concurrent.LinkedBlockingQueue, queueCapacity: 2000, scheduler: class org.apache.hadoop.ipc.DefaultRpcScheduler, ipcBackoff: false.
2023-10-04 17:32:14,795 [main] INFO  ipc.Server (Server.java:<init>(1287)) - Listener at 0.0.0.0:15106
2023-10-04 17:32:14,795 [Socket Reader #1 for port 15106] INFO  ipc.Server (Server.java:run(1323)) - Starting Socket Reader #1 for port 15106
2023-10-04 17:32:14,796 [ReplicationMonitor] INFO  replication.ReplicationManager (ReplicationManager.java:processAll(365)) - Replication Manager is not ready to run until 3000ms after safemode exit
2023-10-04 17:32:14,800 [main] INFO  ha.SCMServiceManager (SCMServiceManager.java:register(42)) - Registering service ContainerBalancer.
2023-10-04 17:32:14,800 [main] INFO  server.StorageContainerManager (StorageContainerManager.java:<init>(438)) - 
Container Balancer status:
Key                            Value
Running                        false
Container Balancer Configuration values:
Key                                                Value
Threshold                                          10
Max Datanodes to Involve per Iteration(percent)    20
Max Size to Move per Iteration                     500GB
Max Size Entering Target per Iteration             26GB
Max Size Leaving Source per Iteration              26GB
Number of Iterations                               10
Time Limit for Single Container's Movement         65min
Time Limit for Single Container's Replication      50min
Interval between each Iteration                    70min
Whether to Enable Network Topology                 false
Whether to Trigger Refresh Datanode Usage Info     false
Container IDs to Exclude from Balancing            None
Datanodes Specified to be Balanced                 None
Datanodes Excluded from Balancing                  None

2023-10-04 17:32:14,801 [main] INFO  ha.SCMContext (SCMContext.java:updateSafeModeStatus(228)) - Update SafeModeStatus from SafeModeStatus{safeModeStatus=true, preCheckPassed=false} to SafeModeStatus{safeModeStatus=true, preCheckPassed=false}.
2023-10-04 17:32:14,802 [main] INFO  server.StorageContainerManager (StorageContainerManager.java:start(1483)) - StorageContainerLocationProtocol RPC server is listening at /0.0.0.0:15106
2023-10-04 17:32:14,804 [main] WARN  impl.MetricsConfig (MetricsConfig.java:loadFirst(136)) - Cannot locate configuration: tried hadoop-metrics2-storagecontainermanager.properties,hadoop-metrics2.properties
2023-10-04 17:32:14,804 [main] INFO  impl.MetricsSystemImpl (MetricsSystemImpl.java:startTimer(378)) - Scheduled Metric snapshot period at 10 second(s).
2023-10-04 17:32:14,804 [main] INFO  impl.MetricsSystemImpl (MetricsSystemImpl.java:start(191)) - StorageContainerManager metrics system started
2023-10-04 17:32:14,810 [main] INFO  impl.MetricsSinkAdapter (MetricsSinkAdapter.java:start(204)) - Sink prometheus started
2023-10-04 17:32:14,810 [main] INFO  impl.MetricsSystemImpl (MetricsSystemImpl.java:registerSink(305)) - Registered sink prometheus
2023-10-04 17:32:14,837 [main] INFO  server.SCMClientProtocolServer (SCMClientProtocolServer.java:start(201)) - RPC server for Client  is listening at /0.0.0.0:15106
2023-10-04 17:32:14,838 [IPC Server Responder] INFO  ipc.Server (Server.java:run(1562)) - IPC Server Responder: starting
2023-10-04 17:32:14,838 [IPC Server listener on 15106] INFO  ipc.Server (Server.java:run(1402)) - IPC Server listener on 15106: starting
2023-10-04 17:32:14,849 [main] INFO  server.StorageContainerManager (StorageContainerManager.java:start(1496)) - ScmBlockLocationProtocol RPC server is listening at /0.0.0.0:15107
2023-10-04 17:32:14,849 [main] INFO  server.SCMBlockProtocolServer (SCMBlockProtocolServer.java:start(154)) - RPC server for Block Protocol is listening at /0.0.0.0:15107
2023-10-04 17:32:14,852 [IPC Server Responder] INFO  ipc.Server (Server.java:run(1562)) - IPC Server Responder: starting
2023-10-04 17:32:14,853 [IPC Server listener on 15107] INFO  ipc.Server (Server.java:run(1402)) - IPC Server listener on 15107: starting
2023-10-04 17:32:14,855 [main] INFO  server.SCMDatanodeProtocolServer (SCMDatanodeProtocolServer.java:start(193)) - ScmDatanodeProtocol RPC server for DataNodes is listening at /0.0.0.0:15108
2023-10-04 17:32:14,855 [IPC Server Responder] INFO  ipc.Server (Server.java:run(1562)) - IPC Server Responder: starting
2023-10-04 17:32:14,856 [IPC Server listener on 15108] INFO  ipc.Server (Server.java:run(1402)) - IPC Server listener on 15108: starting
2023-10-04 17:32:14,867 [main] INFO  http.BaseHttpServer (BaseHttpServer.java:newHttpServer2BuilderForOzone(223)) - Starting Web-server for scm at: http://0.0.0.0:15109
2023-10-04 17:32:14,867 [main] INFO  http.BaseHttpServer (BaseHttpServer.java:<init>(110)) - Hadoop Security Enabled: false Ozone Security Enabled: false Ozone HTTP Security Enabled: false 
2023-10-04 17:32:14,869 [main] WARN  server.AuthenticationFilter (AuthenticationFilter.java:constructSecretProvider(240)) - Unable to initialize FileSignerSecretProvider, falling back to use random secrets. Reason: Could not read signature secret file: /home/runner/hadoop-http-auth-signature-secret
2023-10-04 17:32:14,869 [JvmPauseMonitor14] INFO  util.JvmPauseMonitor (JvmPauseMonitor.java:run(103)) - JvmPauseMonitor-df360eb4-b639-4961-97fd-60003646c8ff: Started
2023-10-04 17:32:14,870 [main] INFO  http.HttpRequestLog (HttpRequestLog.java:getRequestLog(86)) - Http request log for http.requests.scm is not defined
2023-10-04 17:32:14,871 [main] INFO  http.HttpServer2 (HttpServer2.java:addGlobalFilter(1031)) - Added global filter 'safety' (class=org.apache.hadoop.hdds.server.http.HttpServer2$QuotingInputFilter)
2023-10-04 17:32:14,872 [main] INFO  http.HttpServer2 (HttpServer2.java:addFilter(1007)) - Added filter static_user_filter (class=org.apache.hadoop.http.lib.StaticUserWebFilter$StaticUserFilter) to context scm
2023-10-04 17:32:14,872 [main] INFO  http.HttpServer2 (HttpServer2.java:addFilter(1015)) - Added filter static_user_filter (class=org.apache.hadoop.http.lib.StaticUserWebFilter$StaticUserFilter) to context logs
2023-10-04 17:32:14,872 [main] INFO  http.HttpServer2 (HttpServer2.java:addFilter(1015)) - Added filter static_user_filter (class=org.apache.hadoop.http.lib.StaticUserWebFilter$StaticUserFilter) to context static
2023-10-04 17:32:14,873 [main] INFO  http.BaseHttpServer (BaseHttpServer.java:<init>(189)) - HTTP server of scm uses base directory /home/runner/work/ozone/ozone/hadoop-ozone/integration-test/target/test-dir/MiniOzoneClusterImpl-1a9f8426-f0b4-4ead-8c34-ee0cd8d78978/ozone-meta/webserver
2023-10-04 17:32:14,873 [main] INFO  http.HttpServer2 (HttpServer2.java:bindListener(1231)) - Jetty bound to port 15109
2023-10-04 17:32:14,873 [main] INFO  server.Server (Server.java:doStart(375)) - jetty-9.4.52.v20230823; built: 2023-08-23T19:29:37.669Z; git: abdcda73818a1a2c705da276edb0bf6581e7997e; jvm 1.8.0_382-b05
2023-10-04 17:32:14,876 [main] INFO  server.session (DefaultSessionIdManager.java:doStart(334)) - DefaultSessionIdManager workerName=node0
2023-10-04 17:32:14,876 [main] INFO  server.session (DefaultSessionIdManager.java:doStart(339)) - No SessionScavenger set, using defaults
2023-10-04 17:32:14,877 [main] INFO  server.session (HouseKeeper.java:startScavenging(132)) - node0 Scavenging every 660000ms
2023-10-04 17:32:14,877 [main] INFO  handler.ContextHandler (ContextHandler.java:doStart(921)) - Started o.e.j.s.ServletContextHandler@7f55b4d3{logs,/logs,file:///home/runner/work/ozone/ozone/hadoop-ozone/integration-test/target/log,AVAILABLE}
2023-10-04 17:32:14,878 [main] INFO  handler.ContextHandler (ContextHandler.java:doStart(921)) - Started o.e.j.s.ServletContextHandler@5d9fd483{static,/static,file:///home/runner/work/ozone/ozone/hadoop-ozone/integration-test/target/test-classes/webapps/static,AVAILABLE}
2023-10-04 17:32:14,881 [main] INFO  handler.ContextHandler (ContextHandler.java:doStart(921)) - Started o.e.j.w.WebAppContext@581494{scm,/,file:///home/runner/work/ozone/ozone/hadoop-ozone/integration-test/target/test-classes/webapps/scm/,AVAILABLE}{file:/home/runner/work/ozone/ozone/hadoop-ozone/integration-test/target/test-classes/webapps/scm}
2023-10-04 17:32:14,882 [main] INFO  server.AbstractConnector (AbstractConnector.java:doStart(333)) - Started ServerConnector@59f08b80{HTTP/1.1, (http/1.1)}{0.0.0.0:15109}
2023-10-04 17:32:14,883 [main] INFO  server.Server (Server.java:doStart(415)) - Started @172128ms
2023-10-04 17:32:14,883 [main] WARN  impl.MetricsSystemImpl (MetricsSystemImpl.java:register(279)) - Sink prometheus already exists!
2023-10-04 17:32:14,883 [main] INFO  http.BaseHttpServer (BaseHttpServer.java:updateConnectorAddress(354)) - HTTP server of scm listening at http://0.0.0.0:15109
2023-10-04 17:32:14,884 [main] WARN  server.ServerUtils (ServerUtils.java:getDBPath(311)) - ozone.om.db.dirs is not configured. We recommend adding this setting. Falling back to ozone.metadata.dirs instead.
2023-10-04 17:32:14,885 [main] INFO  ha.OMHANodeDetails (OMHANodeDetails.java:loadOMHAConfig(115)) - ozone.om.internal.service.id is not defined, falling back to ozone.om.service.ids to find serviceID for OzoneManager if it is HA enabled cluster
2023-10-04 17:32:14,886 [main] INFO  ha.OMHANodeDetails (OMHANodeDetails.java:loadOMHAConfig(226)) - Configuration does not have ozone.om.address set. Falling back to the default OM address /127.0.0.1:15110
2023-10-04 17:32:14,886 [main] INFO  ha.OMHANodeDetails (OMHANodeDetails.java:getOMNodeDetailsForNonHA(254)) - OM Service ID is not set. Setting it to the default ID: omServiceIdDefault
2023-10-04 17:32:14,886 [main] INFO  ha.OMHANodeDetails (OMHANodeDetails.java:getOMNodeDetailsForNonHA(261)) - OM Node ID is not set. Setting it to the default ID: om1
2023-10-04 17:32:14,886 [main] WARN  server.ServerUtils (ServerUtils.java:getDBPath(311)) - ozone.om.db.dirs is not configured. We recommend adding this setting. Falling back to ozone.metadata.dirs instead.
2023-10-04 17:32:14,888 [main] INFO  upgrade.AbstractLayoutVersionManager (AbstractLayoutVersionManager.java:init(83)) - Initializing Layout version manager with metadata layout = QUOTA (version = 6), software layout = QUOTA (version = 6)
2023-10-04 17:32:14,970 [main] INFO  reflections.Reflections (Reflections.java:scan(232)) - Reflections took 81 ms to scan 2 urls, producing 190 keys and 530 values [using 2 cores]
2023-10-04 17:32:14,970 [main] INFO  upgrade.OMLayoutVersionManager (OMLayoutVersionManager.java:lambda$0(115)) - Skipping Upgrade Action MockOmUpgradeAction since it has been finalized.
2023-10-04 17:32:14,970 [main] INFO  upgrade.OMLayoutVersionManager (OMLayoutVersionManager.java:lambda$0(115)) - Skipping Upgrade Action QuotaRepairUpgradeAction since it has been finalized.
2023-10-04 17:32:14,971 [main] WARN  server.ServerUtils (ServerUtils.java:getDBPath(311)) - ozone.om.db.dirs is not configured. We recommend adding this setting. Falling back to ozone.metadata.dirs instead.
2023-10-04 17:32:14,972 [main] INFO  proxy.SCMBlockLocationFailoverProxyProvider (SCMBlockLocationFailoverProxyProvider.java:<init>(114)) - Created block location fail-over proxy with 1 nodes: [nodeId=scmNodeId,nodeAddress=/0.0.0.0:15107]
2023-10-04 17:32:14,973 [main] INFO  proxy.SCMBlockLocationFailoverProxyProvider (SCMBlockLocationFailoverProxyProvider.java:<init>(114)) - Created block location fail-over proxy with 1 nodes: [nodeId=scmNodeId,nodeAddress=/0.0.0.0:15107]
2023-10-04 17:32:14,982 [main] INFO  om.OzoneManager (OzoneManager.java:<init>(668)) - OM start with adminUsers: [runner]
2023-10-04 17:32:14,982 [main] WARN  server.ServerUtils (ServerUtils.java:getDBPath(311)) - ozone.om.db.dirs is not configured. We recommend adding this setting. Falling back to ozone.metadata.dirs instead.
2023-10-04 17:32:14,983 [main] INFO  helpers.OmKeyInfo (OmKeyInfo.java:getCodec(71)) - OmKeyInfo.getCodec ignorePipeline = true
2023-10-04 17:32:15,222 [main] INFO  om.OzoneManager (OzoneManager.java:instantiateServices(797)) - S3 Multi-Tenancy is disabled
2023-10-04 17:32:15,223 [main] INFO  om.OmSnapshotManager (OmSnapshotManager.java:<init>(174)) - Ozone filesystem snapshot feature is enabled.
2023-10-04 17:32:15,223 [main] WARN  server.ServerUtils (ServerUtils.java:getDBPath(311)) - ozone.om.snapshot.diff.db.dir is not configured. We recommend adding this setting. Falling back to ozone.metadata.dirs instead.
2023-10-04 17:32:15,252 [main] INFO  snapshot.SnapshotDiffManager (SnapshotDiffManager.java:closeExecutorService(1720)) - Shutting down executorService: 'SstDumpToolExecutor'
2023-10-04 17:32:15,254 [main] INFO  om.OzoneManager (OzoneManager.java:addS3GVolumeToDB(4375)) - Created Volume s3v With Owner runner required for S3Gateway operations.
2023-10-04 17:32:15,254 [main] WARN  server.ServerUtils (ServerUtils.java:getDefaultRatisDirectory(323)) - Storage directory for Ratis is not configured. It is a good idea to map this to an SSD disk. Falling back to ozone.metadata.dirs
2023-10-04 17:32:15,254 [main] WARN  utils.OzoneManagerRatisUtils (OzoneManagerRatisUtils.java:getOMRatisSnapshotDirectory(470)) - ozone.om.ratis.snapshot.dir is not configured. Falling back to ozone.metadata.dirs config
2023-10-04 17:32:15,254 [main] WARN  server.ServerUtils (ServerUtils.java:getDefaultRatisDirectory(323)) - Storage directory for Ratis is not configured. It is a good idea to map this to an SSD disk. Falling back to ozone.metadata.dirs
2023-10-04 17:32:15,256 [main] INFO  ratis.OzoneManagerRatisServer (OzoneManagerRatisServer.java:<init>(163)) - Instantiating OM Ratis server with groupID: omServiceIdDefault and peers: localhost:15113
2023-10-04 17:32:15,256 [main] INFO  ratis.OzoneManagerStateMachine (OzoneManagerStateMachine.java:loadSnapshotInfoFromDB(691)) - LastAppliedIndex is set from TransactionInfo from OM DB as (t:0, i:~)
2023-10-04 17:32:15,257 [main] INFO  server.RaftServer (ConfUtils.java:logGet(46)) - raft.rpc.type = GRPC (default)
2023-10-04 17:32:15,257 [main] INFO  grpc.GrpcConfigKeys (ConfUtils.java:logFallback(53)) - raft.grpc.admin.host = null (fallback to raft.grpc.server.host)
2023-10-04 17:32:15,257 [main] INFO  grpc.GrpcConfigKeys (ConfUtils.java:logFallback(53)) - raft.grpc.admin.port = 15113 (fallback to raft.grpc.server.port)
2023-10-04 17:32:15,257 [main] INFO  grpc.GrpcConfigKeys (ConfUtils.java:logFallback(53)) - raft.grpc.client.host = null (fallback to raft.grpc.server.host)
2023-10-04 17:32:15,257 [main] INFO  grpc.GrpcConfigKeys (ConfUtils.java:logFallback(53)) - raft.grpc.client.port = 15113 (fallback to raft.grpc.server.port)
2023-10-04 17:32:15,257 [main] INFO  grpc.GrpcConfigKeys (ConfUtils.java:logGet(46)) - raft.grpc.server.host = null (default)
2023-10-04 17:32:15,258 [main] INFO  grpc.GrpcConfigKeys (ConfUtils.java:logGet(46)) - raft.grpc.server.port = 15113 (custom)
2023-10-04 17:32:15,258 [main] INFO  server.GrpcService (ConfUtils.java:logGet(46)) - raft.grpc.message.size.max = 33554432 (custom)
2023-10-04 17:32:15,258 [main] INFO  server.RaftServerConfigKeys (ConfUtils.java:logGet(46)) - raft.server.log.appender.buffer.byte-limit = 33554432 (custom)
2023-10-04 17:32:15,258 [main] INFO  server.GrpcService (ConfUtils.java:logGet(46)) - raft.grpc.flow.control.window = 1MB (=1048576) (default)
2023-10-04 17:32:15,258 [main] INFO  server.RaftServerConfigKeys (ConfUtils.java:logGet(46)) - raft.server.rpc.request.timeout = 3000ms (default)
2023-10-04 17:32:15,258 [main] INFO  grpc.GrpcConfigKeys (ConfUtils.java:logGet(46)) - raft.grpc.server.heartbeat.channel = true (default)
2023-10-04 17:32:15,258 [main] INFO  grpc.GrpcConfigKeys (ConfUtils.java:logGet(46)) - raft.grpc.server.async.request.thread.pool.cached = true (default)
2023-10-04 17:32:15,258 [main] INFO  grpc.GrpcConfigKeys (ConfUtils.java:logGet(46)) - raft.grpc.server.async.request.thread.pool.size = 32 (default)
2023-10-04 17:32:15,260 [main] INFO  impl.DataStreamServerImpl (ConfUtils.java:logGet(46)) - raft.datastream.type = DISABLED (default)
2023-10-04 17:32:15,260 [main] INFO  server.RaftServerConfigKeys (ConfUtils.java:logGet(46)) - raft.server.threadpool.proxy.cached = true (default)
2023-10-04 17:32:15,260 [main] INFO  server.RaftServerConfigKeys (ConfUtils.java:logGet(46)) - raft.server.threadpool.proxy.size = 0 (default)
2023-10-04 17:32:15,260 [main] INFO  server.RaftServerConfigKeys (ConfUtils.java:logGet(46)) - raft.server.rpc.slowness.timeout = 120s (custom)
2023-10-04 17:32:15,260 [main] INFO  server.RaftServerConfigKeys (ConfUtils.java:logGet(46)) - raft.server.leaderelection.leader.step-down.wait-time = 10s (default)
2023-10-04 17:32:15,261 [main] INFO  server.RaftServerConfigKeys (ConfUtils.java:logGet(46)) - raft.server.storage.dir = [/home/runner/work/ozone/ozone/hadoop-ozone/integration-test/target/test-dir/MiniOzoneClusterImpl-1a9f8426-f0b4-4ead-8c34-ee0cd8d78978/ozone-meta/ratis] (custom)
2023-10-04 17:32:15,266 [main] INFO  server.RaftServer (RaftServerProxy.java:addNew(98)) - om1: addNew group-C5BA1605619E:[om1|rpc:localhost:15113|priority:0|startupRole:FOLLOWER] returns group-C5BA1605619E:java.util.concurrent.CompletableFuture@76807bf7[Not completed]
2023-10-04 17:32:15,266 [main] INFO  om.OzoneManager (OzoneManager.java:initializeRatisServer(2146)) - OzoneManager Ratis server initialized at port 15113
2023-10-04 17:32:15,266 [main] INFO  om.OzoneManager (OzoneManager.java:getRpcServer(1199)) - Creating RPC Server
2023-10-04 17:32:15,267 [om1-groupManagement] INFO  server.RaftServer$Division (RaftServerImpl.java:<init>(198)) - om1: new RaftServerImpl for group-C5BA1605619E:[om1|rpc:localhost:15113|priority:0|startupRole:FOLLOWER] with OzoneManagerStateMachine:uninitialized
2023-10-04 17:32:15,267 [om1-groupManagement] INFO  server.RaftServerConfigKeys (ConfUtils.java:logGet(46)) - raft.server.rpc.timeout.min = 1s (custom)
2023-10-04 17:32:15,267 [om1-groupManagement] INFO  server.RaftServerConfigKeys (ConfUtils.java:logGet(46)) - raft.server.rpc.timeout.max = 1200ms (custom)
2023-10-04 17:32:15,267 [om1-groupManagement] INFO  server.RaftServerConfigKeys (ConfUtils.java:logGet(46)) - raft.server.rpc.sleep.time = 25ms (default)
2023-10-04 17:32:15,267 [om1-groupManagement] INFO  server.RaftServerConfigKeys (ConfUtils.java:logGet(46)) - raft.server.rpc.slowness.timeout = 120s (custom)
2023-10-04 17:32:15,267 [om1-groupManagement] INFO  server.RaftServerConfigKeys (ConfUtils.java:logGet(46)) - raft.server.leaderelection.leader.step-down.wait-time = 10s (default)
2023-10-04 17:32:15,268 [om1-groupManagement] INFO  server.RaftServerConfigKeys (ConfUtils.java:logGet(46)) - raft.server.sleep.deviation.threshold = 300ms (default)
2023-10-04 17:32:15,268 [om1-groupManagement] INFO  server.RaftServer$Division (ServerState.java:<init>(120)) - om1@group-C5BA1605619E: ConfigurationManager, init=-1: peers:[om1|rpc:localhost:15113|priority:0|startupRole:FOLLOWER]|listeners:[], old=null, confs=<EMPTY_MAP>
2023-10-04 17:32:15,268 [om1-groupManagement] INFO  server.RaftServerConfigKeys (ConfUtils.java:logGet(46)) - raft.server.storage.dir = [/home/runner/work/ozone/ozone/hadoop-ozone/integration-test/target/test-dir/MiniOzoneClusterImpl-1a9f8426-f0b4-4ead-8c34-ee0cd8d78978/ozone-meta/ratis] (custom)
2023-10-04 17:32:15,270 [om1-groupManagement] INFO  server.RaftServerConfigKeys (ConfUtils.java:logGet(46)) - raft.server.log.corruption.policy = EXCEPTION (default)
2023-10-04 17:32:15,270 [om1-groupManagement] INFO  server.RaftServerConfigKeys (ConfUtils.java:logGet(46)) - raft.server.storage.free-space.min = 0MB (=0) (default)
2023-10-04 17:32:15,270 [om1-groupManagement] INFO  server.RaftServerConfigKeys (ConfUtils.java:logGet(46)) - raft.server.notification.no-leader.timeout = 120s (custom)
2023-10-04 17:32:15,270 [om1-groupManagement] INFO  server.RaftServerConfigKeys (ConfUtils.java:logGet(46)) - raft.server.read.timeout = 10s (default)
2023-10-04 17:32:15,270 [om1-groupManagement] INFO  server.RaftServerConfigKeys (ConfUtils.java:logGet(46)) - raft.server.retrycache.expirytime = 300s (custom)
2023-10-04 17:32:15,270 [om1-groupManagement] INFO  server.RaftServerConfigKeys (ConfUtils.java:logGet(46)) - raft.server.retrycache.statistics.expirytime = 100μs (default)
2023-10-04 17:32:15,270 [om1-groupManagement] INFO  server.RaftServerConfigKeys (ConfUtils.java:logGet(46)) - raft.server.read.option = DEFAULT (default)
2023-10-04 17:32:15,271 [om1-groupManagement] INFO  server.RaftServerConfigKeys (ConfUtils.java:logGet(46)) - raft.server.rpc.request.timeout = 3000ms (default)
2023-10-04 17:32:15,271 [om1-groupManagement] INFO  server.RaftServerConfigKeys (ConfUtils.java:logGet(46)) - raft.server.log.appender.install.snapshot.enabled = false (custom)
2023-10-04 17:32:15,271 [om1-groupManagement] INFO  server.RaftServerConfigKeys (ConfUtils.java:logGet(46)) - raft.server.threadpool.server.cached = true (default)
2023-10-04 17:32:15,271 [om1-groupManagement] INFO  server.RaftServerConfigKeys (ConfUtils.java:logGet(46)) - raft.server.threadpool.server.size = 0 (default)
2023-10-04 17:32:15,271 [om1-groupManagement] INFO  server.RaftServerConfigKeys (ConfUtils.java:logGet(46)) - raft.server.threadpool.client.cached = true (default)
2023-10-04 17:32:15,271 [om1-groupManagement] INFO  server.RaftServerConfigKeys (ConfUtils.java:logGet(46)) - raft.server.threadpool.client.size = 0 (default)
2023-10-04 17:32:15,688 [main] INFO  reflections.Reflections (Reflections.java:scan(232)) - Reflections took 421 ms to scan 20 urls, producing 71 keys and 6069 values [using 2 cores]
2023-10-04 17:32:15,689 [main] INFO  ipc.CallQueueManager (CallQueueManager.java:<init>(90)) - Using callQueue: class java.util.concurrent.LinkedBlockingQueue, queueCapacity: 2000, scheduler: class org.apache.hadoop.ipc.DefaultRpcScheduler, ipcBackoff: false.
2023-10-04 17:32:15,690 [main] INFO  ipc.Server (Server.java:<init>(1287)) - Listener at 127.0.0.1:15110
2023-10-04 17:32:15,690 [Socket Reader #1 for port 15110] INFO  ipc.Server (Server.java:run(1323)) - Starting Socket Reader #1 for port 15110
2023-10-04 17:32:15,719 [main] INFO  impl.MetricsSystemImpl (MetricsSystemImpl.java:init(158)) - OzoneManager metrics system started (again)
2023-10-04 17:32:15,734 [main] INFO  om.OzoneManager (OzoneManager.java:start(1636)) - OzoneManager RPC server is listening at localhost/127.0.0.1:15110
2023-10-04 17:32:15,734 [main] INFO  ratis.OzoneManagerRatisServer (OzoneManagerRatisServer.java:start(558)) - Starting OzoneManagerRatisServer om1 at port 15113
2023-10-04 17:32:15,734 [om1-impl-thread1] INFO  storage.RaftStorageDirectory (RaftStorageDirectoryImpl.java:analyzeStorage(137)) - The storage directory /home/runner/work/ozone/ozone/hadoop-ozone/integration-test/target/test-dir/MiniOzoneClusterImpl-1a9f8426-f0b4-4ead-8c34-ee0cd8d78978/ozone-meta/ratis/bf265839-605b-3f16-9796-c5ba1605619e does not exist. Creating ...
2023-10-04 17:32:15,736 [om1-impl-thread1] INFO  storage.RaftStorageDirectory (RaftStorageDirectoryImpl.java:tryLock(231)) - Lock on /home/runner/work/ozone/ozone/hadoop-ozone/integration-test/target/test-dir/MiniOzoneClusterImpl-1a9f8426-f0b4-4ead-8c34-ee0cd8d78978/ozone-meta/ratis/bf265839-605b-3f16-9796-c5ba1605619e/in_use.lock acquired by nodename 7524@fv-az453-706
2023-10-04 17:32:15,738 [om1-impl-thread1] INFO  storage.RaftStorage (RaftStorageImpl.java:format(96)) - Storage directory /home/runner/work/ozone/ozone/hadoop-ozone/integration-test/target/test-dir/MiniOzoneClusterImpl-1a9f8426-f0b4-4ead-8c34-ee0cd8d78978/ozone-meta/ratis/bf265839-605b-3f16-9796-c5ba1605619e has been successfully formatted.
2023-10-04 17:32:15,739 [om1-impl-thread1] INFO  server.RaftServerConfigKeys (ConfUtils.java:logGet(46)) - raft.server.log.use.memory = false (default)
2023-10-04 17:32:15,739 [om1-impl-thread1] INFO  server.RaftServerConfigKeys (ConfUtils.java:logGet(46)) - raft.server.log.purge.gap = 1000000 (custom)
2023-10-04 17:32:15,739 [om1-impl-thread1] INFO  server.RaftServerConfigKeys (ConfUtils.java:logGet(46)) - raft.server.log.appender.buffer.byte-limit = 33554432 (custom)
2023-10-04 17:32:15,739 [om1-impl-thread1] INFO  server.RaftServerConfigKeys (ConfUtils.java:logGet(46)) - raft.server.log.statemachine.data.read.timeout = 1000ms (default)
2023-10-04 17:32:15,739 [om1-impl-thread1] INFO  server.RaftServerConfigKeys (ConfUtils.java:logGet(46)) - raft.server.log.purge.preservation.log.num = 0 (default)
2023-10-04 17:32:15,739 [om1-impl-thread1] INFO  server.RaftServerConfigKeys (ConfUtils.java:logGet(46)) - raft.server.log.segment.size.max = 4194304 (custom)
2023-10-04 17:32:15,739 [om1-impl-thread1] INFO  server.RaftServerConfigKeys (ConfUtils.java:logGet(46)) - raft.server.log.segment.cache.num.max = 2 (custom)
2023-10-04 17:32:15,739 [om1-impl-thread1] INFO  server.RaftServerConfigKeys (ConfUtils.java:logGet(46)) - raft.server.log.segment.cache.size.max = 200MB (=209715200) (default)
2023-10-04 17:32:15,739 [om1-impl-thread1] INFO  server.RaftServerConfigKeys (ConfUtils.java:logGet(46)) - raft.server.log.appender.buffer.byte-limit = 33554432 (custom)
2023-10-04 17:32:15,739 [om1-impl-thread1] INFO  segmented.SegmentedRaftLogWorker (SegmentedRaftLogWorker.java:<init>(188)) - new om1@group-C5BA1605619E-SegmentedRaftLogWorker for RaftStorageImpl:Storage Directory /home/runner/work/ozone/ozone/hadoop-ozone/integration-test/target/test-dir/MiniOzoneClusterImpl-1a9f8426-f0b4-4ead-8c34-ee0cd8d78978/ozone-meta/ratis/bf265839-605b-3f16-9796-c5ba1605619e
2023-10-04 17:32:15,739 [om1-impl-thread1] INFO  server.RaftServerConfigKeys (ConfUtils.java:logGet(46)) - raft.server.log.queue.byte-limit = 64MB (=67108864) (default)
2023-10-04 17:32:15,739 [om1-impl-thread1] INFO  server.RaftServerConfigKeys (ConfUtils.java:logGet(46)) - raft.server.log.queue.element-limit = 4096 (default)
2023-10-04 17:32:15,740 [om1-impl-thread1] INFO  server.RaftServerConfigKeys (ConfUtils.java:logGet(46)) - raft.server.log.segment.size.max = 4194304 (custom)
2023-10-04 17:32:15,740 [om1-impl-thread1] INFO  server.RaftServerConfigKeys (ConfUtils.java:logGet(46)) - raft.server.log.preallocated.size = 4194304 (custom)
2023-10-04 17:32:15,740 [om1-impl-thread1] INFO  server.RaftServerConfigKeys (ConfUtils.java:logGet(46)) - raft.server.log.force.sync.num = 128 (default)
2023-10-04 17:32:15,740 [om1-impl-thread1] INFO  server.RaftServerConfigKeys (ConfUtils.java:logGet(46)) - raft.server.log.statemachine.data.sync = true (default)
2023-10-04 17:32:15,740 [om1-impl-thread1] INFO  server.RaftServerConfigKeys (ConfUtils.java:logGet(46)) - raft.server.log.statemachine.data.sync.timeout = 10s (default)
2023-10-04 17:32:15,740 [om1-impl-thread1] INFO  server.RaftServerConfigKeys (ConfUtils.java:logGet(46)) - raft.server.log.statemachine.data.sync.timeout.retry = -1 (default)
2023-10-04 17:32:15,740 [om1-impl-thread1] INFO  server.RaftServerConfigKeys (ConfUtils.java:logGet(46)) - raft.server.log.write.buffer.size = 64KB (=65536) (default)
2023-10-04 17:32:15,740 [om1-impl-thread1] INFO  server.RaftServerConfigKeys (ConfUtils.java:logGet(46)) - raft.server.log.appender.buffer.byte-limit = 33554432 (custom)
2023-10-04 17:32:15,745 [om1-impl-thread1] INFO  server.RaftServerConfigKeys (ConfUtils.java:logGet(46)) - raft.server.log.unsafe-flush.enabled = false (default)
2023-10-04 17:32:15,745 [om1-impl-thread1] INFO  server.RaftServerConfigKeys (ConfUtils.java:logGet(46)) - raft.server.log.async-flush.enabled = false (default)
2023-10-04 17:32:15,745 [om1-impl-thread1] INFO  server.RaftServerConfigKeys (ConfUtils.java:logGet(46)) - raft.server.log.statemachine.data.caching.enabled = false (default)
2023-10-04 17:32:15,746 [om1-impl-thread1] INFO  segmented.SegmentedRaftLogWorker (SegmentedRaftLogWorker.java:lambda$new$0(135)) - om1@group-C5BA1605619E-SegmentedRaftLogWorker: flushIndex: setUnconditionally 0 -> -1
2023-10-04 17:32:15,746 [om1-impl-thread1] INFO  segmented.SegmentedRaftLogWorker (SegmentedRaftLogWorker.java:lambda$new$0(135)) - om1@group-C5BA1605619E-SegmentedRaftLogWorker: safeCacheEvictIndex: setUnconditionally 0 -> -1
2023-10-04 17:32:15,746 [om1-impl-thread1] INFO  server.RaftServer$Division (RaftServerImpl.java:start(342)) - om1@group-C5BA1605619E: start as a follower, conf=-1: peers:[om1|rpc:localhost:15113|priority:0|startupRole:FOLLOWER]|listeners:[], old=null
2023-10-04 17:32:15,746 [om1-impl-thread1] INFO  server.RaftServer$Division (RaftServerImpl.java:setRole(329)) - om1@group-C5BA1605619E: changes role from      null to FOLLOWER at term 0 for startAsFollower
2023-10-04 17:32:15,746 [om1-impl-thread1] INFO  impl.RoleInfo (RoleInfo.java:updateAndGet(139)) - om1: start om1@group-C5BA1605619E-FollowerState
2023-10-04 17:32:15,746 [om1@group-C5BA1605619E-FollowerState] INFO  server.RaftServerConfigKeys (ConfUtils.java:logFallback(53)) - raft.server.rpc.first-election.timeout.min = 1s (fallback to raft.server.rpc.timeout.min)
2023-10-04 17:32:15,747 [om1@group-C5BA1605619E-FollowerState] INFO  server.RaftServerConfigKeys (ConfUtils.java:logFallback(53)) - raft.server.rpc.first-election.timeout.max = 1200ms (fallback to raft.server.rpc.timeout.max)
2023-10-04 17:32:15,747 [om1-impl-thread1] INFO  util.JmxRegister (JmxRegister.java:tryRegister(44)) - Successfully registered JMX Bean with object name Ratis:service=RaftServer,group=group-C5BA1605619E,id=om1
2023-10-04 17:32:15,747 [om1-impl-thread1] INFO  server.RaftServerConfigKeys (ConfUtils.java:logGet(46)) - raft.server.snapshot.auto.trigger.enabled = true (custom)
2023-10-04 17:32:15,747 [om1-impl-thread1] INFO  server.RaftServerConfigKeys (ConfUtils.java:logGet(46)) - raft.server.snapshot.auto.trigger.threshold = 400000 (default)
2023-10-04 17:32:15,747 [om1-impl-thread1] INFO  server.RaftServerConfigKeys (ConfUtils.java:logGet(46)) - raft.server.snapshot.retention.file.num = -1 (default)
2023-10-04 17:32:15,747 [om1-impl-thread1] INFO  server.RaftServerConfigKeys (ConfUtils.java:logGet(46)) - raft.server.log.purge.upto.snapshot.index = true (custom)
2023-10-04 17:32:15,747 [main] INFO  server.RaftServer (RaftServerProxy.java:startImpl(400)) - om1: start RPC server
2023-10-04 17:32:15,753 [main] INFO  server.GrpcService (GrpcService.java:startImpl(302)) - om1: GrpcService started, listening on 15113
2023-10-04 17:32:15,754 [main] INFO  om.OzoneManager (OzoneManager.java:start(1652)) - Version File has different layout version (6) than OM DB (null). That is expected if this OM has never been finalized to a newer layout version.
2023-10-04 17:32:15,755 [JvmPauseMonitor15] INFO  util.JvmPauseMonitor (JvmPauseMonitor.java:run(103)) - JvmPauseMonitor-om1: Started
2023-10-04 17:32:15,760 [main] INFO  http.BaseHttpServer (BaseHttpServer.java:newHttpServer2BuilderForOzone(223)) - Starting Web-server for ozoneManager at: http://0.0.0.0:15111
2023-10-04 17:32:15,760 [main] INFO  http.BaseHttpServer (BaseHttpServer.java:<init>(110)) - Hadoop Security Enabled: false Ozone Security Enabled: false Ozone HTTP Security Enabled: false 
2023-10-04 17:32:15,762 [main] WARN  server.AuthenticationFilter (AuthenticationFilter.java:constructSecretProvider(240)) - Unable to initialize FileSignerSecretProvider, falling back to use random secrets. Reason: Could not read signature secret file: /home/runner/hadoop-http-auth-signature-secret
2023-10-04 17:32:15,762 [main] INFO  http.HttpRequestLog (HttpRequestLog.java:getRequestLog(86)) - Http request log for http.requests.ozoneManager is not defined
2023-10-04 17:32:15,764 [main] INFO  http.HttpServer2 (HttpServer2.java:addGlobalFilter(1031)) - Added global filter 'safety' (class=org.apache.hadoop.hdds.server.http.HttpServer2$QuotingInputFilter)
2023-10-04 17:32:15,765 [main] INFO  http.HttpServer2 (HttpServer2.java:addFilter(1007)) - Added filter static_user_filter (class=org.apache.hadoop.http.lib.StaticUserWebFilter$StaticUserFilter) to context ozoneManager
2023-10-04 17:32:15,765 [main] INFO  http.HttpServer2 (HttpServer2.java:addFilter(1015)) - Added filter static_user_filter (class=org.apache.hadoop.http.lib.StaticUserWebFilter$StaticUserFilter) to context logs
2023-10-04 17:32:15,765 [main] INFO  http.HttpServer2 (HttpServer2.java:addFilter(1015)) - Added filter static_user_filter (class=org.apache.hadoop.http.lib.StaticUserWebFilter$StaticUserFilter) to context static
2023-10-04 17:32:15,766 [main] INFO  http.BaseHttpServer (BaseHttpServer.java:<init>(189)) - HTTP server of ozoneManager uses base directory /home/runner/work/ozone/ozone/hadoop-ozone/integration-test/target/test-dir/MiniOzoneClusterImpl-1a9f8426-f0b4-4ead-8c34-ee0cd8d78978/ozone-meta/webserver
2023-10-04 17:32:15,766 [main] INFO  http.HttpServer2 (HttpServer2.java:bindListener(1231)) - Jetty bound to port 15111
2023-10-04 17:32:15,766 [main] INFO  server.Server (Server.java:doStart(375)) - jetty-9.4.52.v20230823; built: 2023-08-23T19:29:37.669Z; git: abdcda73818a1a2c705da276edb0bf6581e7997e; jvm 1.8.0_382-b05
2023-10-04 17:32:15,768 [main] INFO  server.session (DefaultSessionIdManager.java:doStart(334)) - DefaultSessionIdManager workerName=node0
2023-10-04 17:32:15,768 [main] INFO  server.session (DefaultSessionIdManager.java:doStart(339)) - No SessionScavenger set, using defaults
2023-10-04 17:32:15,768 [main] INFO  server.session (HouseKeeper.java:startScavenging(132)) - node0 Scavenging every 660000ms
2023-10-04 17:32:15,769 [main] INFO  handler.ContextHandler (ContextHandler.java:doStart(921)) - Started o.e.j.s.ServletContextHandler@5cde131a{logs,/logs,file:///home/runner/work/ozone/ozone/hadoop-ozone/integration-test/target/log,AVAILABLE}
2023-10-04 17:32:15,769 [main] INFO  handler.ContextHandler (ContextHandler.java:doStart(921)) - Started o.e.j.s.ServletContextHandler@20f2231e{static,/static,file:///home/runner/work/ozone/ozone/hadoop-ozone/integration-test/target/test-classes/webapps/static,AVAILABLE}
2023-10-04 17:32:15,776 [main] INFO  handler.ContextHandler (ContextHandler.java:doStart(921)) - Started o.e.j.w.WebAppContext@2d3b7c22{ozoneManager,/,file:///home/runner/work/ozone/ozone/hadoop-ozone/integration-test/target/test-classes/webapps/ozoneManager/,AVAILABLE}{file:/home/runner/work/ozone/ozone/hadoop-ozone/integration-test/target/test-classes/webapps/ozoneManager}
2023-10-04 17:32:15,778 [main] INFO  server.AbstractConnector (AbstractConnector.java:doStart(333)) - Started ServerConnector@2fd5f26{HTTP/1.1, (http/1.1)}{0.0.0.0:15111}
2023-10-04 17:32:15,778 [main] INFO  server.Server (Server.java:doStart(415)) - Started @173023ms
2023-10-04 17:32:15,778 [main] WARN  impl.MetricsSystemImpl (MetricsSystemImpl.java:register(279)) - Sink prometheus already exists!
2023-10-04 17:32:15,778 [main] INFO  http.BaseHttpServer (BaseHttpServer.java:updateConnectorAddress(354)) - HTTP server of ozoneManager listening at http://0.0.0.0:15111
2023-10-04 17:32:15,779 [IPC Server Responder] INFO  ipc.Server (Server.java:run(1562)) - IPC Server Responder: starting
2023-10-04 17:32:15,781 [IPC Server listener on 15110] INFO  ipc.Server (Server.java:run(1402)) - IPC Server listener on 15110: starting
2023-10-04 17:32:15,784 [main] INFO  om.TrashPolicyOzone (TrashPolicyOzone.java:<init>(281)) - Ozone Manager trash configuration: Deletion interval = 0 minutes, Emptier interval = 0 minutes.
2023-10-04 17:32:15,819 [main] WARN  impl.MetricRegistriesImpl (MetricRegistriesImpl.java:addReporterRegistration(111)) - New reporters are added after registries were created. Some metrics will be missing from the reporter. Please add reporter before adding any new registry.
2023-10-04 17:32:15,819 [main] WARN  impl.MetricRegistriesImpl (MetricRegistriesImpl.java:addReporterRegistration(111)) - New reporters are added after registries were created. Some metrics will be missing from the reporter. Please add reporter before adding any new registry.
2023-10-04 17:32:15,819 [main] INFO  impl.MetricsSystemImpl (MetricsSystemImpl.java:init(158)) - HddsDatanode metrics system started (again)
2023-10-04 17:32:15,833 [main] INFO  ozone.HddsDatanodeService (HddsDatanodeService.java:start(237)) - HddsDatanodeService host:fv-az453-706.hss2zji4abbufegd5wcf2so25h.dx.internal.cloudapp.net ip:10.1.0.20
2023-10-04 17:32:15,861 [main] INFO  upgrade.AbstractLayoutVersionManager (AbstractLayoutVersionManager.java:init(83)) - Initializing Layout version manager with metadata layout = HADOOP_PRC_PORTS_IN_DATANODEDETAILS (version = 7), software layout = HADOOP_PRC_PORTS_IN_DATANODEDETAILS (version = 7)
2023-10-04 17:32:15,861 [main] INFO  statemachine.DatanodeStateMachine (DatanodeStateMachine.java:getEndPointTaskThreadPoolSize(283)) - Datanode State Machine Task Thread Pool size 2
2023-10-04 17:32:15,867 [main] INFO  volume.HddsVolume (HddsVolume.java:<init>(126)) - Creating HddsVolume: /home/runner/work/ozone/ozone/hadoop-ozone/integration-test/target/test-dir/MiniOzoneClusterImpl-1a9f8426-f0b4-4ead-8c34-ee0cd8d78978/datanode-0/data-0/containers/hdds of storage type : DISK capacity : 9223372036854775807
2023-10-04 17:32:15,867 [main] INFO  volume.MutableVolumeSet (MutableVolumeSet.java:initializeVolumeSet(173)) - Added Volume : /home/runner/work/ozone/ozone/hadoop-ozone/integration-test/target/test-dir/MiniOzoneClusterImpl-1a9f8426-f0b4-4ead-8c34-ee0cd8d78978/datanode-0/data-0/containers/hdds to VolumeSet
2023-10-04 17:32:15,868 [main] INFO  volume.MutableVolumeSet (MutableVolumeSet.java:initializeVolumeSet(173)) - Added Volume : /home/runner/work/ozone/ozone/hadoop-ozone/integration-test/target/test-dir/MiniOzoneClusterImpl-1a9f8426-f0b4-4ead-8c34-ee0cd8d78978/datanode-0/data/ratis to VolumeSet
2023-10-04 17:32:15,870 [Thread-1316] INFO  ozoneimpl.ContainerReader (ContainerReader.java:readVolume(177)) - Finish verifying containers on volume /home/runner/work/ozone/ozone/hadoop-ozone/integration-test/target/test-dir/MiniOzoneClusterImpl-1a9f8426-f0b4-4ead-8c34-ee0cd8d78978/datanode-0/data-0/containers/hdds
2023-10-04 17:32:15,870 [main] INFO  ozoneimpl.OzoneContainer (OzoneContainer.java:buildContainerSet(314)) - Build ContainerSet costs 0s
2023-10-04 17:32:15,872 [main] INFO  server.RaftServer (ConfUtils.java:logGet(46)) - raft.rpc.type = GRPC (default)
2023-10-04 17:32:15,872 [main] INFO  grpc.GrpcConfigKeys (ConfUtils.java:logFallback(53)) - raft.grpc.admin.host = null (fallback to raft.grpc.server.host)
2023-10-04 17:32:15,872 [main] INFO  grpc.GrpcConfigKeys (ConfUtils.java:logGet(46)) - raft.grpc.admin.port = 15119 (custom)
2023-10-04 17:32:15,872 [main] INFO  grpc.GrpcConfigKeys (ConfUtils.java:logFallback(53)) - raft.grpc.client.host = null (fallback to raft.grpc.server.host)
2023-10-04 17:32:15,872 [main] INFO  grpc.GrpcConfigKeys (ConfUtils.java:logGet(46)) - raft.grpc.client.port = 15118 (custom)
2023-10-04 17:32:15,872 [main] INFO  grpc.GrpcConfigKeys (ConfUtils.java:logGet(46)) - raft.grpc.server.host = null (default)
2023-10-04 17:32:15,873 [main] INFO  grpc.GrpcConfigKeys (ConfUtils.java:logGet(46)) - raft.grpc.server.port = 15120 (custom)
2023-10-04 17:32:15,873 [main] INFO  server.GrpcService (ConfUtils.java:logGet(46)) - raft.grpc.message.size.max = 32MB (=33554432) (custom)
2023-10-04 17:32:15,873 [main] INFO  server.RaftServerConfigKeys (ConfUtils.java:logGet(46)) - raft.server.log.appender.buffer.byte-limit = 33554432 (custom)
2023-10-04 17:32:15,873 [main] INFO  server.GrpcService (ConfUtils.java:logGet(46)) - raft.grpc.flow.control.window = 5MB (=5242880) (custom)
2023-10-04 17:32:15,873 [main] INFO  server.RaftServerConfigKeys (ConfUtils.java:logGet(46)) - raft.server.rpc.request.timeout = 60s (custom)
2023-10-04 17:32:15,873 [main] INFO  grpc.GrpcConfigKeys (ConfUtils.java:logGet(46)) - raft.grpc.server.heartbeat.channel = true (default)
2023-10-04 17:32:15,873 [main] INFO  grpc.GrpcConfigKeys (ConfUtils.java:logGet(46)) - raft.grpc.server.async.request.thread.pool.cached = true (default)
2023-10-04 17:32:15,873 [main] INFO  grpc.GrpcConfigKeys (ConfUtils.java:logGet(46)) - raft.grpc.server.async.request.thread.pool.size = 32 (default)
2023-10-04 17:32:15,876 [main] INFO  impl.DataStreamServerImpl (ConfUtils.java:logGet(46)) - raft.datastream.type = NETTY (custom)
2023-10-04 17:32:15,876 [main] INFO  server.RaftServerConfigKeys (ConfUtils.java:logGet(46)) - raft.server.data-stream.async.request.thread.pool.cached = false (default)
2023-10-04 17:32:15,876 [main] INFO  server.RaftServerConfigKeys (ConfUtils.java:logGet(46)) - raft.server.data-stream.async.request.thread.pool.size = 20 (custom)
2023-10-04 17:32:15,877 [main] INFO  server.RaftServerConfigKeys (ConfUtils.java:logGet(46)) - raft.server.data-stream.async.write.thread.pool.size = 16 (default)
2023-10-04 17:32:15,877 [main] INFO  server.RaftServerConfigKeys (ConfUtils.java:logGet(46)) - raft.server.data-stream.client.pool.size = 10 (default)
2023-10-04 17:32:15,877 [main] INFO  netty.NettyConfigKeys$DataStream (ConfUtils.java:logGet(46)) - raft.netty.dataStream.server.use-epoll = false (default)
2023-10-04 17:32:15,877 [main] INFO  netty.NettyConfigKeys$DataStream (ConfUtils.java:logGet(46)) - raft.netty.dataStream.server.boss-group.size = 0 (default)
2023-10-04 17:32:15,877 [main] INFO  netty.NettyConfigKeys$DataStream (ConfUtils.java:logGet(46)) - raft.netty.dataStream.server.worker-group.size = 0 (default)
2023-10-04 17:32:15,878 [main] INFO  netty.NettyConfigKeys$DataStream (ConfUtils.java:logGet(46)) - raft.netty.dataStream.server.tls.conf = null (default)
2023-10-04 17:32:15,878 [main] INFO  netty.NettyConfigKeys$DataStream (ConfUtils.java:logGet(46)) - raft.netty.dataStream.host = null (default)
2023-10-04 17:32:15,878 [main] INFO  netty.NettyConfigKeys$DataStream (ConfUtils.java:logGet(46)) - raft.netty.dataStream.port = 15121 (custom)
2023-10-04 17:32:15,878 [main] INFO  server.RaftServerConfigKeys (ConfUtils.java:logGet(46)) - raft.server.threadpool.proxy.cached = true (default)
2023-10-04 17:32:15,879 [main] INFO  server.RaftServerConfigKeys (ConfUtils.java:logGet(46)) - raft.server.threadpool.proxy.size = 0 (default)
2023-10-04 17:32:15,879 [main] INFO  server.RaftServerConfigKeys (ConfUtils.java:logGet(46)) - raft.server.rpc.slowness.timeout = 300s (custom)
2023-10-04 17:32:15,879 [main] INFO  server.RaftServerConfigKeys (ConfUtils.java:logGet(46)) - raft.server.leaderelection.leader.step-down.wait-time = 10s (default)
2023-10-04 17:32:15,879 [main] INFO  server.RaftServerConfigKeys (ConfUtils.java:logGet(46)) - raft.server.storage.dir = [/home/runner/work/ozone/ozone/hadoop-ozone/integration-test/target/test-dir/MiniOzoneClusterImpl-1a9f8426-f0b4-4ead-8c34-ee0cd8d78978/datanode-0/data/ratis] (custom)
2023-10-04 17:32:15,879 [d23c53d9-b989-4348-8850-bf4ef4487d70-impl-thread1] INFO  server.RaftServer (RaftServerProxy.java:initGroupDir(258)) - d23c53d9-b989-4348-8850-bf4ef4487d70: found a subdirectory /home/runner/work/ozone/ozone/hadoop-ozone/integration-test/target/test-dir/MiniOzoneClusterImpl-1a9f8426-f0b4-4ead-8c34-ee0cd8d78978/datanode-0/data/ratis/tmp
2023-10-04 17:32:15,879 [d23c53d9-b989-4348-8850-bf4ef4487d70-impl-thread1] INFO  server.RaftServer (RaftServerProxy.java:initGroupDir(263)) - d23c53d9-b989-4348-8850-bf4ef4487d70: The directory /home/runner/work/ozone/ozone/hadoop-ozone/integration-test/target/test-dir/MiniOzoneClusterImpl-1a9f8426-f0b4-4ead-8c34-ee0cd8d78978/datanode-0/data/ratis/tmp is not a group directory; ignoring it. 
2023-10-04 17:32:15,880 [main] INFO  replication.ReplicationServer (ReplicationServer.java:<init>(83)) - Initializing replication server with thread count = 10 queue length = 4096
2023-10-04 17:32:15,881 [main] INFO  server.XceiverServerGrpc (XceiverServerGrpc.java:<init>(132)) - GrpcServer channel type EpollServerSocketChannel
2023-10-04 17:32:15,882 [main] INFO  replication.ReplicationSupervisor (ReplicationSupervisor.java:build(155)) - Initializing replication supervisor with thread count = 10
2023-10-04 17:32:15,882 [main] INFO  replication.ReplicationSupervisor (ReplicationSupervisor.java:nodeStateUpdated(307)) - Node state updated to IN_SERVICE, scaling executor pool size to 10
2023-10-04 17:32:15,884 [main] INFO  http.BaseHttpServer (BaseHttpServer.java:newHttpServer2BuilderForOzone(223)) - Starting Web-server for hddsDatanode at: http://0.0.0.0:15115
2023-10-04 17:32:15,884 [main] INFO  http.BaseHttpServer (BaseHttpServer.java:<init>(110)) - Hadoop Security Enabled: false Ozone Security Enabled: false Ozone HTTP Security Enabled: false 
2023-10-04 17:32:15,886 [main] WARN  server.AuthenticationFilter (AuthenticationFilter.java:constructSecretProvider(240)) - Unable to initialize FileSignerSecretProvider, falling back to use random secrets. Reason: Could not read signature secret file: /home/runner/hadoop-http-auth-signature-secret
2023-10-04 17:32:15,886 [d23c53d9-b989-4348-8850-bf4ef4487d70-NettyServerStreamRpc-bossGroup--thread1] INFO  logging.LoggingHandler (AbstractInternalLogger.java:log(148)) - [id: 0x5e164907] REGISTERED
2023-10-04 17:32:15,886 [d23c53d9-b989-4348-8850-bf4ef4487d70-NettyServerStreamRpc-bossGroup--thread1] INFO  logging.LoggingHandler (AbstractInternalLogger.java:log(148)) - [id: 0x5e164907] BIND: 0.0.0.0/0.0.0.0:15121
2023-10-04 17:32:15,886 [main] INFO  http.HttpRequestLog (HttpRequestLog.java:getRequestLog(86)) - Http request log for http.requests.hddsDatanode is not defined
2023-10-04 17:32:15,887 [main] INFO  http.HttpServer2 (HttpServer2.java:addGlobalFilter(1031)) - Added global filter 'safety' (class=org.apache.hadoop.hdds.server.http.HttpServer2$QuotingInputFilter)
2023-10-04 17:32:15,886 [d23c53d9-b989-4348-8850-bf4ef4487d70-NettyServerStreamRpc-bossGroup--thread1] INFO  logging.LoggingHandler (AbstractInternalLogger.java:log(148)) - [id: 0x5e164907, L:/0:0:0:0:0:0:0:0:15121] ACTIVE
2023-10-04 17:32:15,888 [main] INFO  http.HttpServer2 (HttpServer2.java:addFilter(1007)) - Added filter static_user_filter (class=org.apache.hadoop.http.lib.StaticUserWebFilter$StaticUserFilter) to context hddsDatanode
2023-10-04 17:32:15,888 [main] INFO  http.HttpServer2 (HttpServer2.java:addFilter(1015)) - Added filter static_user_filter (class=org.apache.hadoop.http.lib.StaticUserWebFilter$StaticUserFilter) to context static
2023-10-04 17:32:15,888 [main] INFO  http.HttpServer2 (HttpServer2.java:addFilter(1015)) - Added filter static_user_filter (class=org.apache.hadoop.http.lib.StaticUserWebFilter$StaticUserFilter) to context logs
2023-10-04 17:32:15,889 [main] INFO  http.BaseHttpServer (BaseHttpServer.java:<init>(189)) - HTTP server of hddsDatanode uses base directory /home/runner/work/ozone/ozone/hadoop-ozone/integration-test/target/test-dir/MiniOzoneClusterImpl-1a9f8426-f0b4-4ead-8c34-ee0cd8d78978/datanode-0/meta/webserver
2023-10-04 17:32:15,889 [main] INFO  http.HttpServer2 (HttpServer2.java:bindListener(1231)) - Jetty bound to port 15115
2023-10-04 17:32:15,889 [main] INFO  server.Server (Server.java:doStart(375)) - jetty-9.4.52.v20230823; built: 2023-08-23T19:29:37.669Z; git: abdcda73818a1a2c705da276edb0bf6581e7997e; jvm 1.8.0_382-b05
2023-10-04 17:32:15,891 [main] INFO  server.session (DefaultSessionIdManager.java:doStart(334)) - DefaultSessionIdManager workerName=node0
2023-10-04 17:32:15,891 [main] INFO  server.session (DefaultSessionIdManager.java:doStart(339)) - No SessionScavenger set, using defaults
2023-10-04 17:32:15,891 [main] INFO  server.session (HouseKeeper.java:startScavenging(132)) - node0 Scavenging every 600000ms
2023-10-04 17:32:15,893 [main] INFO  handler.ContextHandler (ContextHandler.java:doStart(921)) - Started o.e.j.s.ServletContextHandler@204108fd{logs,/logs,file:///home/runner/work/ozone/ozone/hadoop-ozone/integration-test/target/log,AVAILABLE}
2023-10-04 17:32:15,893 [main] INFO  handler.ContextHandler (ContextHandler.java:doStart(921)) - Started o.e.j.s.ServletContextHandler@67c70197{static,/static,jar:file:/home/runner/.m2/repository/org/apache/ozone/hdds-container-service/1.4.0-SNAPSHOT/hdds-container-service-1.4.0-SNAPSHOT.jar!/webapps/static,AVAILABLE}
2023-10-04 17:32:16,119 [main] INFO  handler.ContextHandler (ContextHandler.java:doStart(921)) - Started o.e.j.w.WebAppContext@4ecaaa44{hddsDatanode,/,file:///home/runner/work/ozone/ozone/hadoop-ozone/integration-test/target/test-dir/MiniOzoneClusterImpl-1a9f8426-f0b4-4ead-8c34-ee0cd8d78978/datanode-0/meta/webserver/jetty-0_0_0_0-15115-hdds-container-service-1_4_0-SNAPSHOT_jar-_-any-2943043048949815315/webapp/,AVAILABLE}{jar:file:/home/runner/.m2/repository/org/apache/ozone/hdds-container-service/1.4.0-SNAPSHOT/hdds-container-service-1.4.0-SNAPSHOT.jar!/webapps/hddsDatanode}
2023-10-04 17:32:16,120 [main] INFO  server.AbstractConnector (AbstractConnector.java:doStart(333)) - Started ServerConnector@1aec6b35{HTTP/1.1, (http/1.1)}{0.0.0.0:15115}
2023-10-04 17:32:16,121 [main] INFO  server.Server (Server.java:doStart(415)) - Started @173366ms
2023-10-04 17:32:16,121 [main] WARN  impl.MetricsSystemImpl (MetricsSystemImpl.java:register(279)) - Sink prometheus already exists!
2023-10-04 17:32:16,121 [main] INFO  http.BaseHttpServer (BaseHttpServer.java:updateConnectorAddress(354)) - HTTP server of hddsDatanode listening at http://0.0.0.0:15115
2023-10-04 17:32:16,122 [main] INFO  ipc.CallQueueManager (CallQueueManager.java:<init>(90)) - Using callQueue: class java.util.concurrent.LinkedBlockingQueue, queueCapacity: 100, scheduler: class org.apache.hadoop.ipc.DefaultRpcScheduler, ipcBackoff: false.
2023-10-04 17:32:16,122 [main] INFO  ipc.Server (Server.java:<init>(1287)) - Listener at 0.0.0.0:15116
2023-10-04 17:32:16,127 [Socket Reader #1 for port 15116] INFO  ipc.Server (Server.java:run(1323)) - Starting Socket Reader #1 for port 15116
2023-10-04 17:32:16,133 [main] INFO  ozone.HddsDatanodeService (HddsDatanodeService.java:start(315)) - Datanode start with admins: [runner]
2023-10-04 17:32:16,133 [main] INFO  ozone.HddsDatanodeClientProtocolServer (HddsDatanodeClientProtocolServer.java:start(72)) - RPC server for Client /0.0.0.0:15116
2023-10-04 17:32:16,133 [IPC Server Responder] INFO  ipc.Server (Server.java:run(1562)) - IPC Server Responder: starting
2023-10-04 17:32:16,139 [IPC Server listener on 15116] INFO  ipc.Server (Server.java:run(1402)) - IPC Server listener on 15116: starting
2023-10-04 17:32:16,143 [Datanode State Machine Daemon Thread] INFO  statemachine.DatanodeStateMachine (DatanodeStateMachine.java:lambda$startDaemon$0(539)) - Ozone container server started.
2023-10-04 17:32:16,143 [main] WARN  impl.MetricRegistriesImpl (MetricRegistriesImpl.java:addReporterRegistration(111)) - New reporters are added after registries were created. Some metrics will be missing from the reporter. Please add reporter before adding any new registry.
2023-10-04 17:32:16,143 [main] WARN  impl.MetricRegistriesImpl (MetricRegistriesImpl.java:addReporterRegistration(111)) - New reporters are added after registries were created. Some metrics will be missing from the reporter. Please add reporter before adding any new registry.
2023-10-04 17:32:16,144 [main] INFO  impl.MetricsSystemImpl (MetricsSystemImpl.java:init(158)) - HddsDatanode metrics system started (again)
2023-10-04 17:32:16,159 [main] INFO  ozone.HddsDatanodeService (HddsDatanodeService.java:start(237)) - HddsDatanodeService host:fv-az453-706.hss2zji4abbufegd5wcf2so25h.dx.internal.cloudapp.net ip:10.1.0.20
2023-10-04 17:32:16,162 [Datanode State Machine Task Thread - 0] INFO  datanode.InitDatanodeState (InitDatanodeState.java:persistContainerDatanodeDetails(138)) - DatanodeDetails is persisted to /home/runner/work/ozone/ozone/hadoop-ozone/integration-test/target/test-dir/MiniOzoneClusterImpl-1a9f8426-f0b4-4ead-8c34-ee0cd8d78978/datanode-0/meta/datanode.id
2023-10-04 17:32:16,182 [main] INFO  upgrade.AbstractLayoutVersionManager (AbstractLayoutVersionManager.java:init(83)) - Initializing Layout version manager with metadata layout = HADOOP_PRC_PORTS_IN_DATANODEDETAILS (version = 7), software layout = HADOOP_PRC_PORTS_IN_DATANODEDETAILS (version = 7)
2023-10-04 17:32:16,189 [main] INFO  statemachine.DatanodeStateMachine (DatanodeStateMachine.java:getEndPointTaskThreadPoolSize(283)) - Datanode State Machine Task Thread Pool size 2
2023-10-04 17:32:16,191 [main] INFO  volume.HddsVolume (HddsVolume.java:<init>(126)) - Creating HddsVolume: /home/runner/work/ozone/ozone/hadoop-ozone/integration-test/target/test-dir/MiniOzoneClusterImpl-1a9f8426-f0b4-4ead-8c34-ee0cd8d78978/datanode-1/data-0/containers/hdds of storage type : DISK capacity : 9223372036854775807
2023-10-04 17:32:16,191 [main] INFO  volume.MutableVolumeSet (MutableVolumeSet.java:initializeVolumeSet(173)) - Added Volume : /home/runner/work/ozone/ozone/hadoop-ozone/integration-test/target/test-dir/MiniOzoneClusterImpl-1a9f8426-f0b4-4ead-8c34-ee0cd8d78978/datanode-1/data-0/containers/hdds to VolumeSet
2023-10-04 17:32:16,192 [main] INFO  volume.MutableVolumeSet (MutableVolumeSet.java:initializeVolumeSet(173)) - Added Volume : /home/runner/work/ozone/ozone/hadoop-ozone/integration-test/target/test-dir/MiniOzoneClusterImpl-1a9f8426-f0b4-4ead-8c34-ee0cd8d78978/datanode-1/data/ratis to VolumeSet
2023-10-04 17:32:16,193 [Thread-1333] INFO  ozoneimpl.ContainerReader (ContainerReader.java:readVolume(177)) - Finish verifying containers on volume /home/runner/work/ozone/ozone/hadoop-ozone/integration-test/target/test-dir/MiniOzoneClusterImpl-1a9f8426-f0b4-4ead-8c34-ee0cd8d78978/datanode-1/data-0/containers/hdds
2023-10-04 17:32:16,193 [main] INFO  ozoneimpl.OzoneContainer (OzoneContainer.java:buildContainerSet(314)) - Build ContainerSet costs 0s
2023-10-04 17:32:16,195 [main] INFO  server.RaftServer (ConfUtils.java:logGet(46)) - raft.rpc.type = GRPC (default)
2023-10-04 17:32:16,195 [main] INFO  grpc.GrpcConfigKeys (ConfUtils.java:logFallback(53)) - raft.grpc.admin.host = null (fallback to raft.grpc.server.host)
2023-10-04 17:32:16,195 [main] INFO  grpc.GrpcConfigKeys (ConfUtils.java:logGet(46)) - raft.grpc.admin.port = 15128 (custom)
2023-10-04 17:32:16,195 [main] INFO  grpc.GrpcConfigKeys (ConfUtils.java:logFallback(53)) - raft.grpc.client.host = null (fallback to raft.grpc.server.host)
2023-10-04 17:32:16,195 [main] INFO  grpc.GrpcConfigKeys (ConfUtils.java:logGet(46)) - raft.grpc.client.port = 15127 (custom)
2023-10-04 17:32:16,195 [main] INFO  grpc.GrpcConfigKeys (ConfUtils.java:logGet(46)) - raft.grpc.server.host = null (default)
2023-10-04 17:32:16,195 [main] INFO  grpc.GrpcConfigKeys (ConfUtils.java:logGet(46)) - raft.grpc.server.port = 15129 (custom)
2023-10-04 17:32:16,196 [main] INFO  server.GrpcService (ConfUtils.java:logGet(46)) - raft.grpc.message.size.max = 32MB (=33554432) (custom)
2023-10-04 17:32:16,196 [main] INFO  server.RaftServerConfigKeys (ConfUtils.java:logGet(46)) - raft.server.log.appender.buffer.byte-limit = 33554432 (custom)
2023-10-04 17:32:16,196 [main] INFO  server.GrpcService (ConfUtils.java:logGet(46)) - raft.grpc.flow.control.window = 5MB (=5242880) (custom)
2023-10-04 17:32:16,196 [main] INFO  server.RaftServerConfigKeys (ConfUtils.java:logGet(46)) - raft.server.rpc.request.timeout = 60s (custom)
2023-10-04 17:32:16,196 [main] INFO  grpc.GrpcConfigKeys (ConfUtils.java:logGet(46)) - raft.grpc.server.heartbeat.channel = true (default)
2023-10-04 17:32:16,196 [main] INFO  grpc.GrpcConfigKeys (ConfUtils.java:logGet(46)) - raft.grpc.server.async.request.thread.pool.cached = true (default)
2023-10-04 17:32:16,196 [main] INFO  grpc.GrpcConfigKeys (ConfUtils.java:logGet(46)) - raft.grpc.server.async.request.thread.pool.size = 32 (default)
2023-10-04 17:32:16,202 [main] INFO  impl.DataStreamServerImpl (ConfUtils.java:logGet(46)) - raft.datastream.type = NETTY (custom)
2023-10-04 17:32:16,202 [main] INFO  server.RaftServerConfigKeys (ConfUtils.java:logGet(46)) - raft.server.data-stream.async.request.thread.pool.cached = false (default)
2023-10-04 17:32:16,202 [main] INFO  server.RaftServerConfigKeys (ConfUtils.java:logGet(46)) - raft.server.data-stream.async.request.thread.pool.size = 20 (custom)
2023-10-04 17:32:16,202 [main] INFO  server.RaftServerConfigKeys (ConfUtils.java:logGet(46)) - raft.server.data-stream.async.write.thread.pool.size = 16 (default)
2023-10-04 17:32:16,203 [main] INFO  server.RaftServerConfigKeys (ConfUtils.java:logGet(46)) - raft.server.data-stream.client.pool.size = 10 (default)
2023-10-04 17:32:16,203 [main] INFO  netty.NettyConfigKeys$DataStream (ConfUtils.java:logGet(46)) - raft.netty.dataStream.server.use-epoll = false (default)
2023-10-04 17:32:16,203 [main] INFO  netty.NettyConfigKeys$DataStream (ConfUtils.java:logGet(46)) - raft.netty.dataStream.server.boss-group.size = 0 (default)
2023-10-04 17:32:16,203 [main] INFO  netty.NettyConfigKeys$DataStream (ConfUtils.java:logGet(46)) - raft.netty.dataStream.server.worker-group.size = 0 (default)
2023-10-04 17:32:16,203 [main] INFO  netty.NettyConfigKeys$DataStream (ConfUtils.java:logGet(46)) - raft.netty.dataStream.server.tls.conf = null (default)
2023-10-04 17:32:16,204 [main] INFO  netty.NettyConfigKeys$DataStream (ConfUtils.java:logGet(46)) - raft.netty.dataStream.host = null (default)
2023-10-04 17:32:16,204 [main] INFO  netty.NettyConfigKeys$DataStream (ConfUtils.java:logGet(46)) - raft.netty.dataStream.port = 15130 (custom)
2023-10-04 17:32:16,204 [main] INFO  server.RaftServerConfigKeys (ConfUtils.java:logGet(46)) - raft.server.threadpool.proxy.cached = true (default)
2023-10-04 17:32:16,204 [main] INFO  server.RaftServerConfigKeys (ConfUtils.java:logGet(46)) - raft.server.threadpool.proxy.size = 0 (default)
2023-10-04 17:32:16,204 [main] INFO  server.RaftServerConfigKeys (ConfUtils.java:logGet(46)) - raft.server.rpc.slowness.timeout = 300s (custom)
2023-10-04 17:32:16,205 [main] INFO  server.RaftServerConfigKeys (ConfUtils.java:logGet(46)) - raft.server.leaderelection.leader.step-down.wait-time = 10s (default)
2023-10-04 17:32:16,205 [main] INFO  server.RaftServerConfigKeys (ConfUtils.java:logGet(46)) - raft.server.storage.dir = [/home/runner/work/ozone/ozone/hadoop-ozone/integration-test/target/test-dir/MiniOzoneClusterImpl-1a9f8426-f0b4-4ead-8c34-ee0cd8d78978/datanode-1/data/ratis] (custom)
2023-10-04 17:32:16,206 [e56d6440-7293-4017-8843-e114a3ddb5c0-NettyServerStreamRpc-bossGroup--thread1] INFO  logging.LoggingHandler (AbstractInternalLogger.java:log(148)) - [id: 0x091b86c7] REGISTERED
2023-10-04 17:32:16,206 [e56d6440-7293-4017-8843-e114a3ddb5c0-NettyServerStreamRpc-bossGroup--thread1] INFO  logging.LoggingHandler (AbstractInternalLogger.java:log(148)) - [id: 0x091b86c7] BIND: 0.0.0.0/0.0.0.0:15130
2023-10-04 17:32:16,206 [e56d6440-7293-4017-8843-e114a3ddb5c0-NettyServerStreamRpc-bossGroup--thread1] INFO  logging.LoggingHandler (AbstractInternalLogger.java:log(148)) - [id: 0x091b86c7, L:/0:0:0:0:0:0:0:0:15130] ACTIVE
2023-10-04 17:32:16,209 [e56d6440-7293-4017-8843-e114a3ddb5c0-impl-thread1] INFO  server.RaftServer (RaftServerProxy.java:initGroupDir(258)) - e56d6440-7293-4017-8843-e114a3ddb5c0: found a subdirectory /home/runner/work/ozone/ozone/hadoop-ozone/integration-test/target/test-dir/MiniOzoneClusterImpl-1a9f8426-f0b4-4ead-8c34-ee0cd8d78978/datanode-1/data/ratis/tmp
2023-10-04 17:32:16,209 [e56d6440-7293-4017-8843-e114a3ddb5c0-impl-thread1] INFO  server.RaftServer (RaftServerProxy.java:initGroupDir(263)) - e56d6440-7293-4017-8843-e114a3ddb5c0: The directory /home/runner/work/ozone/ozone/hadoop-ozone/integration-test/target/test-dir/MiniOzoneClusterImpl-1a9f8426-f0b4-4ead-8c34-ee0cd8d78978/datanode-1/data/ratis/tmp is not a group directory; ignoring it. 
2023-10-04 17:32:16,210 [main] INFO  replication.ReplicationServer (ReplicationServer.java:<init>(83)) - Initializing replication server with thread count = 10 queue length = 4096
2023-10-04 17:32:16,211 [main] INFO  server.XceiverServerGrpc (XceiverServerGrpc.java:<init>(132)) - GrpcServer channel type EpollServerSocketChannel
2023-10-04 17:32:16,213 [main] INFO  replication.ReplicationSupervisor (ReplicationSupervisor.java:build(155)) - Initializing replication supervisor with thread count = 10
2023-10-04 17:32:16,213 [main] INFO  replication.ReplicationSupervisor (ReplicationSupervisor.java:nodeStateUpdated(307)) - Node state updated to IN_SERVICE, scaling executor pool size to 10
2023-10-04 17:32:16,216 [main] INFO  http.BaseHttpServer (BaseHttpServer.java:newHttpServer2BuilderForOzone(223)) - Starting Web-server for hddsDatanode at: http://0.0.0.0:15124
2023-10-04 17:32:16,216 [main] INFO  http.BaseHttpServer (BaseHttpServer.java:<init>(110)) - Hadoop Security Enabled: false Ozone Security Enabled: false Ozone HTTP Security Enabled: false 
2023-10-04 17:32:16,219 [main] WARN  server.AuthenticationFilter (AuthenticationFilter.java:constructSecretProvider(240)) - Unable to initialize FileSignerSecretProvider, falling back to use random secrets. Reason: Could not read signature secret file: /home/runner/hadoop-http-auth-signature-secret
2023-10-04 17:32:16,219 [main] INFO  http.HttpRequestLog (HttpRequestLog.java:getRequestLog(86)) - Http request log for http.requests.hddsDatanode is not defined
2023-10-04 17:32:16,221 [main] INFO  http.HttpServer2 (HttpServer2.java:addGlobalFilter(1031)) - Added global filter 'safety' (class=org.apache.hadoop.hdds.server.http.HttpServer2$QuotingInputFilter)
2023-10-04 17:32:16,221 [main] INFO  http.HttpServer2 (HttpServer2.java:addFilter(1007)) - Added filter static_user_filter (class=org.apache.hadoop.http.lib.StaticUserWebFilter$StaticUserFilter) to context hddsDatanode
2023-10-04 17:32:16,222 [main] INFO  http.HttpServer2 (HttpServer2.java:addFilter(1015)) - Added filter static_user_filter (class=org.apache.hadoop.http.lib.StaticUserWebFilter$StaticUserFilter) to context logs
2023-10-04 17:32:16,222 [main] INFO  http.HttpServer2 (HttpServer2.java:addFilter(1015)) - Added filter static_user_filter (class=org.apache.hadoop.http.lib.StaticUserWebFilter$StaticUserFilter) to context static
2023-10-04 17:32:16,223 [main] INFO  http.BaseHttpServer (BaseHttpServer.java:<init>(189)) - HTTP server of hddsDatanode uses base directory /home/runner/work/ozone/ozone/hadoop-ozone/integration-test/target/test-dir/MiniOzoneClusterImpl-1a9f8426-f0b4-4ead-8c34-ee0cd8d78978/datanode-1/meta/webserver
2023-10-04 17:32:16,224 [main] INFO  http.HttpServer2 (HttpServer2.java:bindListener(1231)) - Jetty bound to port 15124
2023-10-04 17:32:16,224 [main] INFO  server.Server (Server.java:doStart(375)) - jetty-9.4.52.v20230823; built: 2023-08-23T19:29:37.669Z; git: abdcda73818a1a2c705da276edb0bf6581e7997e; jvm 1.8.0_382-b05
2023-10-04 17:32:16,226 [main] INFO  server.session (DefaultSessionIdManager.java:doStart(334)) - DefaultSessionIdManager workerName=node0
2023-10-04 17:32:16,226 [main] INFO  server.session (DefaultSessionIdManager.java:doStart(339)) - No SessionScavenger set, using defaults
2023-10-04 17:32:16,226 [main] INFO  server.session (HouseKeeper.java:startScavenging(132)) - node0 Scavenging every 660000ms
2023-10-04 17:32:16,226 [main] INFO  handler.ContextHandler (ContextHandler.java:doStart(921)) - Started o.e.j.s.ServletContextHandler@4be9b820{logs,/logs,file:///home/runner/work/ozone/ozone/hadoop-ozone/integration-test/target/log,AVAILABLE}
2023-10-04 17:32:16,227 [main] INFO  handler.ContextHandler (ContextHandler.java:doStart(921)) - Started o.e.j.s.ServletContextHandler@7bd8d213{static,/static,jar:file:/home/runner/.m2/repository/org/apache/ozone/hdds-container-service/1.4.0-SNAPSHOT/hdds-container-service-1.4.0-SNAPSHOT.jar!/webapps/static,AVAILABLE}
2023-10-04 17:32:16,449 [main] INFO  handler.ContextHandler (ContextHandler.java:doStart(921)) - Started o.e.j.w.WebAppContext@460b75a8{hddsDatanode,/,file:///home/runner/work/ozone/ozone/hadoop-ozone/integration-test/target/test-dir/MiniOzoneClusterImpl-1a9f8426-f0b4-4ead-8c34-ee0cd8d78978/datanode-1/meta/webserver/jetty-0_0_0_0-15124-hdds-container-service-1_4_0-SNAPSHOT_jar-_-any-394026868268975473/webapp/,AVAILABLE}{jar:file:/home/runner/.m2/repository/org/apache/ozone/hdds-container-service/1.4.0-SNAPSHOT/hdds-container-service-1.4.0-SNAPSHOT.jar!/webapps/hddsDatanode}
2023-10-04 17:32:16,451 [main] INFO  server.AbstractConnector (AbstractConnector.java:doStart(333)) - Started ServerConnector@77f6b037{HTTP/1.1, (http/1.1)}{0.0.0.0:15124}
2023-10-04 17:32:16,451 [main] INFO  server.Server (Server.java:doStart(415)) - Started @173697ms
2023-10-04 17:32:16,451 [main] WARN  impl.MetricsSystemImpl (MetricsSystemImpl.java:register(279)) - Sink prometheus already exists!
2023-10-04 17:32:16,452 [main] INFO  http.BaseHttpServer (BaseHttpServer.java:updateConnectorAddress(354)) - HTTP server of hddsDatanode listening at http://0.0.0.0:15124
2023-10-04 17:32:16,452 [main] INFO  ipc.CallQueueManager (CallQueueManager.java:<init>(90)) - Using callQueue: class java.util.concurrent.LinkedBlockingQueue, queueCapacity: 100, scheduler: class org.apache.hadoop.ipc.DefaultRpcScheduler, ipcBackoff: false.
2023-10-04 17:32:16,453 [main] INFO  ipc.Server (Server.java:<init>(1287)) - Listener at 0.0.0.0:15125
2023-10-04 17:32:16,454 [Socket Reader #1 for port 15125] INFO  ipc.Server (Server.java:run(1323)) - Starting Socket Reader #1 for port 15125
2023-10-04 17:32:16,457 [main] INFO  ozone.HddsDatanodeService (HddsDatanodeService.java:start(315)) - Datanode start with admins: [runner]
2023-10-04 17:32:16,457 [main] INFO  ozone.HddsDatanodeClientProtocolServer (HddsDatanodeClientProtocolServer.java:start(72)) - RPC server for Client /0.0.0.0:15125
2023-10-04 17:32:16,457 [IPC Server Responder] INFO  ipc.Server (Server.java:run(1562)) - IPC Server Responder: starting
2023-10-04 17:32:16,458 [IPC Server listener on 15125] INFO  ipc.Server (Server.java:run(1402)) - IPC Server listener on 15125: starting
2023-10-04 17:32:16,458 [main] WARN  impl.MetricRegistriesImpl (MetricRegistriesImpl.java:addReporterRegistration(111)) - New reporters are added after registries were created. Some metrics will be missing from the reporter. Please add reporter before adding any new registry.
2023-10-04 17:32:16,458 [main] WARN  impl.MetricRegistriesImpl (MetricRegistriesImpl.java:addReporterRegistration(111)) - New reporters are added after registries were created. Some metrics will be missing from the reporter. Please add reporter before adding any new registry.
2023-10-04 17:32:16,458 [Datanode State Machine Daemon Thread] INFO  statemachine.DatanodeStateMachine (DatanodeStateMachine.java:lambda$startDaemon$0(539)) - Ozone container server started.
2023-10-04 17:32:16,459 [main] INFO  impl.MetricsSystemImpl (MetricsSystemImpl.java:init(158)) - HddsDatanode metrics system started (again)
2023-10-04 17:32:16,478 [Datanode State Machine Task Thread - 0] INFO  datanode.InitDatanodeState (InitDatanodeState.java:persistContainerDatanodeDetails(138)) - DatanodeDetails is persisted to /home/runner/work/ozone/ozone/hadoop-ozone/integration-test/target/test-dir/MiniOzoneClusterImpl-1a9f8426-f0b4-4ead-8c34-ee0cd8d78978/datanode-1/meta/datanode.id
2023-10-04 17:32:16,484 [main] INFO  ozone.HddsDatanodeService (HddsDatanodeService.java:start(237)) - HddsDatanodeService host:fv-az453-706.hss2zji4abbufegd5wcf2so25h.dx.internal.cloudapp.net ip:10.1.0.20
2023-10-04 17:32:16,514 [main] INFO  upgrade.AbstractLayoutVersionManager (AbstractLayoutVersionManager.java:init(83)) - Initializing Layout version manager with metadata layout = HADOOP_PRC_PORTS_IN_DATANODEDETAILS (version = 7), software layout = HADOOP_PRC_PORTS_IN_DATANODEDETAILS (version = 7)
2023-10-04 17:32:16,517 [main] INFO  statemachine.DatanodeStateMachine (DatanodeStateMachine.java:getEndPointTaskThreadPoolSize(283)) - Datanode State Machine Task Thread Pool size 2
2023-10-04 17:32:16,518 [main] INFO  volume.HddsVolume (HddsVolume.java:<init>(126)) - Creating HddsVolume: /home/runner/work/ozone/ozone/hadoop-ozone/integration-test/target/test-dir/MiniOzoneClusterImpl-1a9f8426-f0b4-4ead-8c34-ee0cd8d78978/datanode-2/data-0/containers/hdds of storage type : DISK capacity : 9223372036854775807
2023-10-04 17:32:16,519 [main] INFO  volume.MutableVolumeSet (MutableVolumeSet.java:initializeVolumeSet(173)) - Added Volume : /home/runner/work/ozone/ozone/hadoop-ozone/integration-test/target/test-dir/MiniOzoneClusterImpl-1a9f8426-f0b4-4ead-8c34-ee0cd8d78978/datanode-2/data-0/containers/hdds to VolumeSet
2023-10-04 17:32:16,519 [main] INFO  volume.MutableVolumeSet (MutableVolumeSet.java:initializeVolumeSet(173)) - Added Volume : /home/runner/work/ozone/ozone/hadoop-ozone/integration-test/target/test-dir/MiniOzoneClusterImpl-1a9f8426-f0b4-4ead-8c34-ee0cd8d78978/datanode-2/data/ratis to VolumeSet
2023-10-04 17:32:16,520 [Thread-1350] INFO  ozoneimpl.ContainerReader (ContainerReader.java:readVolume(177)) - Finish verifying containers on volume /home/runner/work/ozone/ozone/hadoop-ozone/integration-test/target/test-dir/MiniOzoneClusterImpl-1a9f8426-f0b4-4ead-8c34-ee0cd8d78978/datanode-2/data-0/containers/hdds
2023-10-04 17:32:16,520 [main] INFO  ozoneimpl.OzoneContainer (OzoneContainer.java:buildContainerSet(314)) - Build ContainerSet costs 0s
2023-10-04 17:32:16,522 [main] INFO  server.RaftServer (ConfUtils.java:logGet(46)) - raft.rpc.type = GRPC (default)
2023-10-04 17:32:16,522 [main] INFO  grpc.GrpcConfigKeys (ConfUtils.java:logFallback(53)) - raft.grpc.admin.host = null (fallback to raft.grpc.server.host)
2023-10-04 17:32:16,522 [main] INFO  grpc.GrpcConfigKeys (ConfUtils.java:logGet(46)) - raft.grpc.admin.port = 15137 (custom)
2023-10-04 17:32:16,522 [main] INFO  grpc.GrpcConfigKeys (ConfUtils.java:logFallback(53)) - raft.grpc.client.host = null (fallback to raft.grpc.server.host)
2023-10-04 17:32:16,522 [main] INFO  grpc.GrpcConfigKeys (ConfUtils.java:logGet(46)) - raft.grpc.client.port = 15136 (custom)
2023-10-04 17:32:16,522 [main] INFO  grpc.GrpcConfigKeys (ConfUtils.java:logGet(46)) - raft.grpc.server.host = null (default)
2023-10-04 17:32:16,523 [main] INFO  grpc.GrpcConfigKeys (ConfUtils.java:logGet(46)) - raft.grpc.server.port = 15138 (custom)
2023-10-04 17:32:16,523 [main] INFO  server.GrpcService (ConfUtils.java:logGet(46)) - raft.grpc.message.size.max = 32MB (=33554432) (custom)
2023-10-04 17:32:16,523 [main] INFO  server.RaftServerConfigKeys (ConfUtils.java:logGet(46)) - raft.server.log.appender.buffer.byte-limit = 33554432 (custom)
2023-10-04 17:32:16,523 [main] INFO  server.GrpcService (ConfUtils.java:logGet(46)) - raft.grpc.flow.control.window = 5MB (=5242880) (custom)
2023-10-04 17:32:16,523 [main] INFO  server.RaftServerConfigKeys (ConfUtils.java:logGet(46)) - raft.server.rpc.request.timeout = 60s (custom)
2023-10-04 17:32:16,523 [main] INFO  grpc.GrpcConfigKeys (ConfUtils.java:logGet(46)) - raft.grpc.server.heartbeat.channel = true (default)
2023-10-04 17:32:16,523 [main] INFO  grpc.GrpcConfigKeys (ConfUtils.java:logGet(46)) - raft.grpc.server.async.request.thread.pool.cached = true (default)
2023-10-04 17:32:16,523 [main] INFO  grpc.GrpcConfigKeys (ConfUtils.java:logGet(46)) - raft.grpc.server.async.request.thread.pool.size = 32 (default)
2023-10-04 17:32:16,526 [main] INFO  impl.DataStreamServerImpl (ConfUtils.java:logGet(46)) - raft.datastream.type = NETTY (custom)
2023-10-04 17:32:16,527 [main] INFO  server.RaftServerConfigKeys (ConfUtils.java:logGet(46)) - raft.server.data-stream.async.request.thread.pool.cached = false (default)
2023-10-04 17:32:16,527 [main] INFO  server.RaftServerConfigKeys (ConfUtils.java:logGet(46)) - raft.server.data-stream.async.request.thread.pool.size = 20 (custom)
2023-10-04 17:32:16,527 [main] INFO  server.RaftServerConfigKeys (ConfUtils.java:logGet(46)) - raft.server.data-stream.async.write.thread.pool.size = 16 (default)
2023-10-04 17:32:16,527 [main] INFO  server.RaftServerConfigKeys (ConfUtils.java:logGet(46)) - raft.server.data-stream.client.pool.size = 10 (default)
2023-10-04 17:32:16,527 [main] INFO  netty.NettyConfigKeys$DataStream (ConfUtils.java:logGet(46)) - raft.netty.dataStream.server.use-epoll = false (default)
2023-10-04 17:32:16,527 [main] INFO  netty.NettyConfigKeys$DataStream (ConfUtils.java:logGet(46)) - raft.netty.dataStream.server.boss-group.size = 0 (default)
2023-10-04 17:32:16,528 [main] INFO  netty.NettyConfigKeys$DataStream (ConfUtils.java:logGet(46)) - raft.netty.dataStream.server.worker-group.size = 0 (default)
2023-10-04 17:32:16,528 [main] INFO  netty.NettyConfigKeys$DataStream (ConfUtils.java:logGet(46)) - raft.netty.dataStream.server.tls.conf = null (default)
2023-10-04 17:32:16,528 [main] INFO  netty.NettyConfigKeys$DataStream (ConfUtils.java:logGet(46)) - raft.netty.dataStream.host = null (default)
2023-10-04 17:32:16,528 [main] INFO  netty.NettyConfigKeys$DataStream (ConfUtils.java:logGet(46)) - raft.netty.dataStream.port = 15139 (custom)
2023-10-04 17:32:16,529 [main] INFO  server.RaftServerConfigKeys (ConfUtils.java:logGet(46)) - raft.server.threadpool.proxy.cached = true (default)
2023-10-04 17:32:16,529 [main] INFO  server.RaftServerConfigKeys (ConfUtils.java:logGet(46)) - raft.server.threadpool.proxy.size = 0 (default)
2023-10-04 17:32:16,529 [main] INFO  server.RaftServerConfigKeys (ConfUtils.java:logGet(46)) - raft.server.rpc.slowness.timeout = 300s (custom)
2023-10-04 17:32:16,529 [main] INFO  server.RaftServerConfigKeys (ConfUtils.java:logGet(46)) - raft.server.leaderelection.leader.step-down.wait-time = 10s (default)
2023-10-04 17:32:16,529 [main] INFO  server.RaftServerConfigKeys (ConfUtils.java:logGet(46)) - raft.server.storage.dir = [/home/runner/work/ozone/ozone/hadoop-ozone/integration-test/target/test-dir/MiniOzoneClusterImpl-1a9f8426-f0b4-4ead-8c34-ee0cd8d78978/datanode-2/data/ratis] (custom)
2023-10-04 17:32:16,530 [ac124e44-4b53-434d-bcce-b5d7b0204421-impl-thread1] INFO  server.RaftServer (RaftServerProxy.java:initGroupDir(258)) - ac124e44-4b53-434d-bcce-b5d7b0204421: found a subdirectory /home/runner/work/ozone/ozone/hadoop-ozone/integration-test/target/test-dir/MiniOzoneClusterImpl-1a9f8426-f0b4-4ead-8c34-ee0cd8d78978/datanode-2/data/ratis/tmp
2023-10-04 17:32:16,530 [ac124e44-4b53-434d-bcce-b5d7b0204421-NettyServerStreamRpc-bossGroup--thread1] INFO  logging.LoggingHandler (AbstractInternalLogger.java:log(148)) - [id: 0x0c8b7a84] REGISTERED
2023-10-04 17:32:16,530 [ac124e44-4b53-434d-bcce-b5d7b0204421-impl-thread1] INFO  server.RaftServer (RaftServerProxy.java:initGroupDir(263)) - ac124e44-4b53-434d-bcce-b5d7b0204421: The directory /home/runner/work/ozone/ozone/hadoop-ozone/integration-test/target/test-dir/MiniOzoneClusterImpl-1a9f8426-f0b4-4ead-8c34-ee0cd8d78978/datanode-2/data/ratis/tmp is not a group directory; ignoring it. 
2023-10-04 17:32:16,530 [ac124e44-4b53-434d-bcce-b5d7b0204421-NettyServerStreamRpc-bossGroup--thread1] INFO  logging.LoggingHandler (AbstractInternalLogger.java:log(148)) - [id: 0x0c8b7a84] BIND: 0.0.0.0/0.0.0.0:15139
2023-10-04 17:32:16,530 [main] INFO  replication.ReplicationServer (ReplicationServer.java:<init>(83)) - Initializing replication server with thread count = 10 queue length = 4096
2023-10-04 17:32:16,531 [main] INFO  server.XceiverServerGrpc (XceiverServerGrpc.java:<init>(132)) - GrpcServer channel type EpollServerSocketChannel
2023-10-04 17:32:16,533 [main] INFO  replication.ReplicationSupervisor (ReplicationSupervisor.java:build(155)) - Initializing replication supervisor with thread count = 10
2023-10-04 17:32:16,533 [main] INFO  replication.ReplicationSupervisor (ReplicationSupervisor.java:nodeStateUpdated(307)) - Node state updated to IN_SERVICE, scaling executor pool size to 10
2023-10-04 17:32:16,534 [ac124e44-4b53-434d-bcce-b5d7b0204421-NettyServerStreamRpc-bossGroup--thread1] INFO  logging.LoggingHandler (AbstractInternalLogger.java:log(148)) - [id: 0x0c8b7a84, L:/0:0:0:0:0:0:0:0:15139] ACTIVE
2023-10-04 17:32:16,539 [main] INFO  http.BaseHttpServer (BaseHttpServer.java:newHttpServer2BuilderForOzone(223)) - Starting Web-server for hddsDatanode at: http://0.0.0.0:15133
2023-10-04 17:32:16,539 [main] INFO  http.BaseHttpServer (BaseHttpServer.java:<init>(110)) - Hadoop Security Enabled: false Ozone Security Enabled: false Ozone HTTP Security Enabled: false 
2023-10-04 17:32:16,540 [main] WARN  server.AuthenticationFilter (AuthenticationFilter.java:constructSecretProvider(240)) - Unable to initialize FileSignerSecretProvider, falling back to use random secrets. Reason: Could not read signature secret file: /home/runner/hadoop-http-auth-signature-secret
2023-10-04 17:32:16,540 [main] INFO  http.HttpRequestLog (HttpRequestLog.java:getRequestLog(86)) - Http request log for http.requests.hddsDatanode is not defined
2023-10-04 17:32:16,542 [main] INFO  http.HttpServer2 (HttpServer2.java:addGlobalFilter(1031)) - Added global filter 'safety' (class=org.apache.hadoop.hdds.server.http.HttpServer2$QuotingInputFilter)
2023-10-04 17:32:16,542 [main] INFO  http.HttpServer2 (HttpServer2.java:addFilter(1007)) - Added filter static_user_filter (class=org.apache.hadoop.http.lib.StaticUserWebFilter$StaticUserFilter) to context hddsDatanode
2023-10-04 17:32:16,542 [main] INFO  http.HttpServer2 (HttpServer2.java:addFilter(1015)) - Added filter static_user_filter (class=org.apache.hadoop.http.lib.StaticUserWebFilter$StaticUserFilter) to context static
2023-10-04 17:32:16,542 [main] INFO  http.HttpServer2 (HttpServer2.java:addFilter(1015)) - Added filter static_user_filter (class=org.apache.hadoop.http.lib.StaticUserWebFilter$StaticUserFilter) to context logs
2023-10-04 17:32:16,543 [main] INFO  http.BaseHttpServer (BaseHttpServer.java:<init>(189)) - HTTP server of hddsDatanode uses base directory /home/runner/work/ozone/ozone/hadoop-ozone/integration-test/target/test-dir/MiniOzoneClusterImpl-1a9f8426-f0b4-4ead-8c34-ee0cd8d78978/datanode-2/meta/webserver
2023-10-04 17:32:16,543 [main] INFO  http.HttpServer2 (HttpServer2.java:bindListener(1231)) - Jetty bound to port 15133
2023-10-04 17:32:16,543 [main] INFO  server.Server (Server.java:doStart(375)) - jetty-9.4.52.v20230823; built: 2023-08-23T19:29:37.669Z; git: abdcda73818a1a2c705da276edb0bf6581e7997e; jvm 1.8.0_382-b05
2023-10-04 17:32:16,545 [main] INFO  server.session (DefaultSessionIdManager.java:doStart(334)) - DefaultSessionIdManager workerName=node0
2023-10-04 17:32:16,545 [main] INFO  server.session (DefaultSessionIdManager.java:doStart(339)) - No SessionScavenger set, using defaults
2023-10-04 17:32:16,545 [main] INFO  server.session (HouseKeeper.java:startScavenging(132)) - node0 Scavenging every 600000ms
2023-10-04 17:32:16,546 [main] INFO  handler.ContextHandler (ContextHandler.java:doStart(921)) - Started o.e.j.s.ServletContextHandler@2a5f86c2{logs,/logs,file:///home/runner/work/ozone/ozone/hadoop-ozone/integration-test/target/log,AVAILABLE}
2023-10-04 17:32:16,546 [main] INFO  handler.ContextHandler (ContextHandler.java:doStart(921)) - Started o.e.j.s.ServletContextHandler@2e5dab79{static,/static,jar:file:/home/runner/.m2/repository/org/apache/ozone/hdds-container-service/1.4.0-SNAPSHOT/hdds-container-service-1.4.0-SNAPSHOT.jar!/webapps/static,AVAILABLE}
2023-10-04 17:32:16,769 [om1@group-C5BA1605619E-FollowerState] INFO  impl.FollowerState (FollowerState.java:run(143)) - om1@group-C5BA1605619E-FollowerState: change to CANDIDATE, lastRpcElapsedTime:1022548419ns, electionTimeout:1022ms
2023-10-04 17:32:16,769 [om1@group-C5BA1605619E-FollowerState] INFO  impl.RoleInfo (RoleInfo.java:shutdownFollowerState(110)) - om1: shutdown om1@group-C5BA1605619E-FollowerState
2023-10-04 17:32:16,769 [om1@group-C5BA1605619E-FollowerState] INFO  server.RaftServer$Division (RaftServerImpl.java:setRole(329)) - om1@group-C5BA1605619E: changes role from  FOLLOWER to CANDIDATE at term 0 for changeToCandidate
2023-10-04 17:32:16,769 [om1@group-C5BA1605619E-FollowerState] INFO  server.RaftServerConfigKeys (ConfUtils.java:logGet(46)) - raft.server.leaderelection.pre-vote = true (default)
2023-10-04 17:32:16,769 [om1@group-C5BA1605619E-FollowerState] INFO  impl.RoleInfo (RoleInfo.java:updateAndGet(139)) - om1: start om1@group-C5BA1605619E-LeaderElection20
2023-10-04 17:32:16,771 [om1@group-C5BA1605619E-LeaderElection20] INFO  impl.LeaderElection (LeaderElection.java:askForVotes(321)) - om1@group-C5BA1605619E-LeaderElection20 PRE_VOTE round 0: submit vote requests at term 0 for -1: peers:[om1|rpc:localhost:15113|priority:0|startupRole:FOLLOWER]|listeners:[], old=null
2023-10-04 17:32:16,771 [om1@group-C5BA1605619E-LeaderElection20] INFO  impl.LeaderElection (LeaderElection.java:askForVotes(323)) - om1@group-C5BA1605619E-LeaderElection20 PRE_VOTE round 0: result PASSED (term=0)
2023-10-04 17:32:16,774 [om1@group-C5BA1605619E-LeaderElection20] INFO  impl.LeaderElection (LeaderElection.java:askForVotes(321)) - om1@group-C5BA1605619E-LeaderElection20 ELECTION round 0: submit vote requests at term 1 for -1: peers:[om1|rpc:localhost:15113|priority:0|startupRole:FOLLOWER]|listeners:[], old=null
2023-10-04 17:32:16,775 [om1@group-C5BA1605619E-LeaderElection20] INFO  impl.LeaderElection (LeaderElection.java:askForVotes(323)) - om1@group-C5BA1605619E-LeaderElection20 ELECTION round 0: result PASSED (term=1)
2023-10-04 17:32:16,775 [om1@group-C5BA1605619E-LeaderElection20] INFO  impl.RoleInfo (RoleInfo.java:shutdownLeaderElection(130)) - om1: shutdown om1@group-C5BA1605619E-LeaderElection20
2023-10-04 17:32:16,775 [om1@group-C5BA1605619E-LeaderElection20] INFO  server.RaftServer$Division (RaftServerImpl.java:setRole(329)) - om1@group-C5BA1605619E: changes role from CANDIDATE to LEADER at term 1 for changeToLeader
2023-10-04 17:32:16,775 [om1@group-C5BA1605619E-LeaderElection20] INFO  server.RaftServer$Division (ServerState.java:setLeader(317)) - om1@group-C5BA1605619E: change Leader from null to om1 at term 1 for becomeLeader, leader elected after 1504ms
2023-10-04 17:32:16,775 [om1@group-C5BA1605619E-LeaderElection20] INFO  server.RaftServerConfigKeys (ConfUtils.java:logGet(46)) - raft.server.staging.catchup.gap = 1000 (default)
2023-10-04 17:32:16,775 [om1@group-C5BA1605619E-LeaderElection20] INFO  server.RaftServerConfigKeys (ConfUtils.java:logGet(46)) - raft.server.write.element-limit = 4096 (default)
2023-10-04 17:32:16,775 [om1@group-C5BA1605619E-LeaderElection20] INFO  server.RaftServerConfigKeys (ConfUtils.java:logGet(46)) - raft.server.write.byte-limit = 64MB (=67108864) (default)
2023-10-04 17:32:16,778 [main] INFO  handler.ContextHandler (ContextHandler.java:doStart(921)) - Started o.e.j.w.WebAppContext@60ba6a66{hddsDatanode,/,file:///home/runner/work/ozone/ozone/hadoop-ozone/integration-test/target/test-dir/MiniOzoneClusterImpl-1a9f8426-f0b4-4ead-8c34-ee0cd8d78978/datanode-2/meta/webserver/jetty-0_0_0_0-15133-hdds-container-service-1_4_0-SNAPSHOT_jar-_-any-7802329304032452222/webapp/,AVAILABLE}{jar:file:/home/runner/.m2/repository/org/apache/ozone/hdds-container-service/1.4.0-SNAPSHOT/hdds-container-service-1.4.0-SNAPSHOT.jar!/webapps/hddsDatanode}
2023-10-04 17:32:16,782 [om1@group-C5BA1605619E-LeaderElection20] INFO  server.RaftServerConfigKeys (ConfUtils.java:logGet(46)) - raft.server.watch.timeout = 10s (default)
2023-10-04 17:32:16,782 [om1@group-C5BA1605619E-LeaderElection20] INFO  server.RaftServerConfigKeys (ConfUtils.java:logGet(46)) - raft.server.watch.timeout.denomination = 1s (default)
2023-10-04 17:32:16,782 [om1@group-C5BA1605619E-LeaderElection20] INFO  server.RaftServerConfigKeys (ConfUtils.java:logGet(46)) - raft.server.watch.element-limit = 65536 (default)
2023-10-04 17:32:16,782 [om1@group-C5BA1605619E-LeaderElection20] INFO  server.RaftServerConfigKeys (ConfUtils.java:logGet(46)) - raft.server.write.element-limit = 4096 (default)
2023-10-04 17:32:16,782 [om1@group-C5BA1605619E-LeaderElection20] INFO  server.RaftServerConfigKeys (ConfUtils.java:logGet(46)) - raft.server.write.follower.gap.ratio.max = -1.0 (default)
2023-10-04 17:32:16,783 [om1@group-C5BA1605619E-LeaderElection20] INFO  impl.RoleInfo (RoleInfo.java:updateAndGet(139)) - om1: start om1@group-C5BA1605619E-LeaderStateImpl
2023-10-04 17:32:16,783 [om1@group-C5BA1605619E-LeaderElection20] INFO  segmented.SegmentedRaftLogWorker (SegmentedRaftLogWorker.java:startLogSegment(447)) - om1@group-C5BA1605619E-SegmentedRaftLogWorker: Starting segment from index:0
2023-10-04 17:32:16,783 [main] INFO  server.AbstractConnector (AbstractConnector.java:doStart(333)) - Started ServerConnector@149d4e72{HTTP/1.1, (http/1.1)}{0.0.0.0:15133}
2023-10-04 17:32:16,784 [main] INFO  server.Server (Server.java:doStart(415)) - Started @174029ms
2023-10-04 17:32:16,784 [main] WARN  impl.MetricsSystemImpl (MetricsSystemImpl.java:register(279)) - Sink prometheus already exists!
2023-10-04 17:32:16,789 [om1@group-C5BA1605619E-LeaderElection20] INFO  server.RaftServer$Division (ServerState.java:setRaftConf(434)) - om1@group-C5BA1605619E: set configuration 0: peers:[om1|rpc:localhost:15113|admin:|client:|dataStream:|priority:0|startupRole:FOLLOWER]|listeners:[], old=null
2023-10-04 17:32:16,789 [main] INFO  http.BaseHttpServer (BaseHttpServer.java:updateConnectorAddress(354)) - HTTP server of hddsDatanode listening at http://0.0.0.0:15133
2023-10-04 17:32:16,790 [main] INFO  ipc.CallQueueManager (CallQueueManager.java:<init>(90)) - Using callQueue: class java.util.concurrent.LinkedBlockingQueue, queueCapacity: 100, scheduler: class org.apache.hadoop.ipc.DefaultRpcScheduler, ipcBackoff: false.
2023-10-04 17:32:16,790 [main] INFO  ipc.Server (Server.java:<init>(1287)) - Listener at 0.0.0.0:15134
2023-10-04 17:32:16,791 [Socket Reader #1 for port 15134] INFO  ipc.Server (Server.java:run(1323)) - Starting Socket Reader #1 for port 15134
2023-10-04 17:32:16,798 [main] INFO  ozone.HddsDatanodeService (HddsDatanodeService.java:start(315)) - Datanode start with admins: [runner]
2023-10-04 17:32:16,799 [main] INFO  ozone.HddsDatanodeClientProtocolServer (HddsDatanodeClientProtocolServer.java:start(72)) - RPC server for Client /0.0.0.0:15134
2023-10-04 17:32:16,799 [IPC Server Responder] INFO  ipc.Server (Server.java:run(1562)) - IPC Server Responder: starting
2023-10-04 17:32:16,799 [IPC Server listener on 15134] INFO  ipc.Server (Server.java:run(1402)) - IPC Server listener on 15134: starting
2023-10-04 17:32:16,799 [main] WARN  impl.MetricRegistriesImpl (MetricRegistriesImpl.java:addReporterRegistration(111)) - New reporters are added after registries were created. Some metrics will be missing from the reporter. Please add reporter before adding any new registry.
2023-10-04 17:32:16,800 [main] WARN  impl.MetricRegistriesImpl (MetricRegistriesImpl.java:addReporterRegistration(111)) - New reporters are added after registries were created. Some metrics will be missing from the reporter. Please add reporter before adding any new registry.
2023-10-04 17:32:16,800 [main] INFO  impl.MetricsSystemImpl (MetricsSystemImpl.java:init(158)) - HddsDatanode metrics system started (again)
2023-10-04 17:32:16,803 [Datanode State Machine Daemon Thread] INFO  statemachine.DatanodeStateMachine (DatanodeStateMachine.java:lambda$startDaemon$0(539)) - Ozone container server started.
2023-10-04 17:32:16,803 [om1@group-C5BA1605619E-SegmentedRaftLogWorker] INFO  segmented.SegmentedRaftLogWorker (SegmentedRaftLogWorker.java:execute(651)) - om1@group-C5BA1605619E-SegmentedRaftLogWorker: created new log segment /home/runner/work/ozone/ozone/hadoop-ozone/integration-test/target/test-dir/MiniOzoneClusterImpl-1a9f8426-f0b4-4ead-8c34-ee0cd8d78978/ozone-meta/ratis/bf265839-605b-3f16-9796-c5ba1605619e/current/log_inprogress_0
2023-10-04 17:32:16,805 [om1@group-C5BA1605619E-StateMachineUpdater] INFO  ratis.OzoneManagerStateMachine (OzoneManagerStateMachine.java:notifyConfigurationChanged(202)) - Received Configuration change notification from Ratis. New Peer list:
[id: "om1"
address: "localhost:15113"
startupRole: FOLLOWER
]
2023-10-04 17:32:16,813 [Datanode State Machine Task Thread - 0] INFO  datanode.InitDatanodeState (InitDatanodeState.java:persistContainerDatanodeDetails(138)) - DatanodeDetails is persisted to /home/runner/work/ozone/ozone/hadoop-ozone/integration-test/target/test-dir/MiniOzoneClusterImpl-1a9f8426-f0b4-4ead-8c34-ee0cd8d78978/datanode-2/meta/datanode.id
2023-10-04 17:32:16,816 [main] INFO  ozone.HddsDatanodeService (HddsDatanodeService.java:start(237)) - HddsDatanodeService host:fv-az453-706.hss2zji4abbufegd5wcf2so25h.dx.internal.cloudapp.net ip:10.1.0.20
2023-10-04 17:32:16,851 [main] INFO  upgrade.AbstractLayoutVersionManager (AbstractLayoutVersionManager.java:init(83)) - Initializing Layout version manager with metadata layout = HADOOP_PRC_PORTS_IN_DATANODEDETAILS (version = 7), software layout = HADOOP_PRC_PORTS_IN_DATANODEDETAILS (version = 7)
2023-10-04 17:32:16,852 [main] INFO  statemachine.DatanodeStateMachine (DatanodeStateMachine.java:getEndPointTaskThreadPoolSize(283)) - Datanode State Machine Task Thread Pool size 2
2023-10-04 17:32:16,853 [main] INFO  volume.HddsVolume (HddsVolume.java:<init>(126)) - Creating HddsVolume: /home/runner/work/ozone/ozone/hadoop-ozone/integration-test/target/test-dir/MiniOzoneClusterImpl-1a9f8426-f0b4-4ead-8c34-ee0cd8d78978/datanode-3/data-0/containers/hdds of storage type : DISK capacity : 9223372036854775807
2023-10-04 17:32:16,853 [main] INFO  volume.MutableVolumeSet (MutableVolumeSet.java:initializeVolumeSet(173)) - Added Volume : /home/runner/work/ozone/ozone/hadoop-ozone/integration-test/target/test-dir/MiniOzoneClusterImpl-1a9f8426-f0b4-4ead-8c34-ee0cd8d78978/datanode-3/data-0/containers/hdds to VolumeSet
2023-10-04 17:32:16,854 [main] INFO  volume.MutableVolumeSet (MutableVolumeSet.java:initializeVolumeSet(173)) - Added Volume : /home/runner/work/ozone/ozone/hadoop-ozone/integration-test/target/test-dir/MiniOzoneClusterImpl-1a9f8426-f0b4-4ead-8c34-ee0cd8d78978/datanode-3/data/ratis to VolumeSet
2023-10-04 17:32:16,856 [Thread-1369] INFO  ozoneimpl.ContainerReader (ContainerReader.java:readVolume(177)) - Finish verifying containers on volume /home/runner/work/ozone/ozone/hadoop-ozone/integration-test/target/test-dir/MiniOzoneClusterImpl-1a9f8426-f0b4-4ead-8c34-ee0cd8d78978/datanode-3/data-0/containers/hdds
2023-10-04 17:32:16,856 [main] INFO  ozoneimpl.OzoneContainer (OzoneContainer.java:buildContainerSet(314)) - Build ContainerSet costs 0s
2023-10-04 17:32:16,859 [main] INFO  server.RaftServer (ConfUtils.java:logGet(46)) - raft.rpc.type = GRPC (default)
2023-10-04 17:32:16,859 [main] INFO  grpc.GrpcConfigKeys (ConfUtils.java:logFallback(53)) - raft.grpc.admin.host = null (fallback to raft.grpc.server.host)
2023-10-04 17:32:16,859 [main] INFO  grpc.GrpcConfigKeys (ConfUtils.java:logGet(46)) - raft.grpc.admin.port = 15146 (custom)
2023-10-04 17:32:16,860 [main] INFO  grpc.GrpcConfigKeys (ConfUtils.java:logFallback(53)) - raft.grpc.client.host = null (fallback to raft.grpc.server.host)
2023-10-04 17:32:16,860 [main] INFO  grpc.GrpcConfigKeys (ConfUtils.java:logGet(46)) - raft.grpc.client.port = 15145 (custom)
2023-10-04 17:32:16,860 [main] INFO  grpc.GrpcConfigKeys (ConfUtils.java:logGet(46)) - raft.grpc.server.host = null (default)
2023-10-04 17:32:16,860 [main] INFO  grpc.GrpcConfigKeys (ConfUtils.java:logGet(46)) - raft.grpc.server.port = 15147 (custom)
2023-10-04 17:32:16,860 [main] INFO  server.GrpcService (ConfUtils.java:logGet(46)) - raft.grpc.message.size.max = 32MB (=33554432) (custom)
2023-10-04 17:32:16,860 [main] INFO  server.RaftServerConfigKeys (ConfUtils.java:logGet(46)) - raft.server.log.appender.buffer.byte-limit = 33554432 (custom)
2023-10-04 17:32:16,860 [main] INFO  server.GrpcService (ConfUtils.java:logGet(46)) - raft.grpc.flow.control.window = 5MB (=5242880) (custom)
2023-10-04 17:32:16,860 [main] INFO  server.RaftServerConfigKeys (ConfUtils.java:logGet(46)) - raft.server.rpc.request.timeout = 60s (custom)
2023-10-04 17:32:16,860 [main] INFO  grpc.GrpcConfigKeys (ConfUtils.java:logGet(46)) - raft.grpc.server.heartbeat.channel = true (default)
2023-10-04 17:32:16,861 [main] INFO  grpc.GrpcConfigKeys (ConfUtils.java:logGet(46)) - raft.grpc.server.async.request.thread.pool.cached = true (default)
2023-10-04 17:32:16,861 [main] INFO  grpc.GrpcConfigKeys (ConfUtils.java:logGet(46)) - raft.grpc.server.async.request.thread.pool.size = 32 (default)
2023-10-04 17:32:16,863 [main] INFO  impl.DataStreamServerImpl (ConfUtils.java:logGet(46)) - raft.datastream.type = NETTY (custom)
2023-10-04 17:32:16,864 [main] INFO  server.RaftServerConfigKeys (ConfUtils.java:logGet(46)) - raft.server.data-stream.async.request.thread.pool.cached = false (default)
2023-10-04 17:32:16,864 [main] INFO  server.RaftServerConfigKeys (ConfUtils.java:logGet(46)) - raft.server.data-stream.async.request.thread.pool.size = 20 (custom)
2023-10-04 17:32:16,864 [main] INFO  server.RaftServerConfigKeys (ConfUtils.java:logGet(46)) - raft.server.data-stream.async.write.thread.pool.size = 16 (default)
2023-10-04 17:32:16,864 [main] INFO  server.RaftServerConfigKeys (ConfUtils.java:logGet(46)) - raft.server.data-stream.client.pool.size = 10 (default)
2023-10-04 17:32:16,864 [main] INFO  netty.NettyConfigKeys$DataStream (ConfUtils.java:logGet(46)) - raft.netty.dataStream.server.use-epoll = false (default)
2023-10-04 17:32:16,865 [main] INFO  netty.NettyConfigKeys$DataStream (ConfUtils.java:logGet(46)) - raft.netty.dataStream.server.boss-group.size = 0 (default)
2023-10-04 17:32:16,865 [main] INFO  netty.NettyConfigKeys$DataStream (ConfUtils.java:logGet(46)) - raft.netty.dataStream.server.worker-group.size = 0 (default)
2023-10-04 17:32:16,865 [main] INFO  netty.NettyConfigKeys$DataStream (ConfUtils.java:logGet(46)) - raft.netty.dataStream.server.tls.conf = null (default)
2023-10-04 17:32:16,865 [main] INFO  netty.NettyConfigKeys$DataStream (ConfUtils.java:logGet(46)) - raft.netty.dataStream.host = null (default)
2023-10-04 17:32:16,866 [main] INFO  netty.NettyConfigKeys$DataStream (ConfUtils.java:logGet(46)) - raft.netty.dataStream.port = 15148 (custom)
2023-10-04 17:32:16,866 [main] INFO  server.RaftServerConfigKeys (ConfUtils.java:logGet(46)) - raft.server.threadpool.proxy.cached = true (default)
2023-10-04 17:32:16,866 [main] INFO  server.RaftServerConfigKeys (ConfUtils.java:logGet(46)) - raft.server.threadpool.proxy.size = 0 (default)
2023-10-04 17:32:16,866 [5e228e04-cf62-4945-aefc-fa5aaa85c140-NettyServerStreamRpc-bossGroup--thread1] INFO  logging.LoggingHandler (AbstractInternalLogger.java:log(148)) - [id: 0xdc20ece4] REGISTERED
2023-10-04 17:32:16,866 [main] INFO  server.RaftServerConfigKeys (ConfUtils.java:logGet(46)) - raft.server.rpc.slowness.timeout = 300s (custom)
2023-10-04 17:32:16,867 [main] INFO  server.RaftServerConfigKeys (ConfUtils.java:logGet(46)) - raft.server.leaderelection.leader.step-down.wait-time = 10s (default)
2023-10-04 17:32:16,867 [5e228e04-cf62-4945-aefc-fa5aaa85c140-NettyServerStreamRpc-bossGroup--thread1] INFO  logging.LoggingHandler (AbstractInternalLogger.java:log(148)) - [id: 0xdc20ece4] BIND: 0.0.0.0/0.0.0.0:15148
2023-10-04 17:32:16,867 [main] INFO  server.RaftServerConfigKeys (ConfUtils.java:logGet(46)) - raft.server.storage.dir = [/home/runner/work/ozone/ozone/hadoop-ozone/integration-test/target/test-dir/MiniOzoneClusterImpl-1a9f8426-f0b4-4ead-8c34-ee0cd8d78978/datanode-3/data/ratis] (custom)
2023-10-04 17:32:16,868 [5e228e04-cf62-4945-aefc-fa5aaa85c140-NettyServerStreamRpc-bossGroup--thread1] INFO  logging.LoggingHandler (AbstractInternalLogger.java:log(148)) - [id: 0xdc20ece4, L:/0:0:0:0:0:0:0:0:15148] ACTIVE
2023-10-04 17:32:16,868 [5e228e04-cf62-4945-aefc-fa5aaa85c140-impl-thread1] INFO  server.RaftServer (RaftServerProxy.java:initGroupDir(258)) - 5e228e04-cf62-4945-aefc-fa5aaa85c140: found a subdirectory /home/runner/work/ozone/ozone/hadoop-ozone/integration-test/target/test-dir/MiniOzoneClusterImpl-1a9f8426-f0b4-4ead-8c34-ee0cd8d78978/datanode-3/data/ratis/tmp
2023-10-04 17:32:16,868 [5e228e04-cf62-4945-aefc-fa5aaa85c140-impl-thread1] INFO  server.RaftServer (RaftServerProxy.java:initGroupDir(263)) - 5e228e04-cf62-4945-aefc-fa5aaa85c140: The directory /home/runner/work/ozone/ozone/hadoop-ozone/integration-test/target/test-dir/MiniOzoneClusterImpl-1a9f8426-f0b4-4ead-8c34-ee0cd8d78978/datanode-3/data/ratis/tmp is not a group directory; ignoring it. 
2023-10-04 17:32:16,868 [main] INFO  replication.ReplicationServer (ReplicationServer.java:<init>(83)) - Initializing replication server with thread count = 10 queue length = 4096
2023-10-04 17:32:16,869 [main] INFO  server.XceiverServerGrpc (XceiverServerGrpc.java:<init>(132)) - GrpcServer channel type EpollServerSocketChannel
2023-10-04 17:32:16,871 [main] INFO  replication.ReplicationSupervisor (ReplicationSupervisor.java:build(155)) - Initializing replication supervisor with thread count = 10
2023-10-04 17:32:16,871 [main] INFO  replication.ReplicationSupervisor (ReplicationSupervisor.java:nodeStateUpdated(307)) - Node state updated to IN_SERVICE, scaling executor pool size to 10
2023-10-04 17:32:16,873 [main] INFO  http.BaseHttpServer (BaseHttpServer.java:newHttpServer2BuilderForOzone(223)) - Starting Web-server for hddsDatanode at: http://0.0.0.0:15142
2023-10-04 17:32:16,873 [main] INFO  http.BaseHttpServer (BaseHttpServer.java:<init>(110)) - Hadoop Security Enabled: false Ozone Security Enabled: false Ozone HTTP Security Enabled: false 
2023-10-04 17:32:16,876 [main] WARN  server.AuthenticationFilter (AuthenticationFilter.java:constructSecretProvider(240)) - Unable to initialize FileSignerSecretProvider, falling back to use random secrets. Reason: Could not read signature secret file: /home/runner/hadoop-http-auth-signature-secret
2023-10-04 17:32:16,876 [main] INFO  http.HttpRequestLog (HttpRequestLog.java:getRequestLog(86)) - Http request log for http.requests.hddsDatanode is not defined
2023-10-04 17:32:16,878 [main] INFO  http.HttpServer2 (HttpServer2.java:addGlobalFilter(1031)) - Added global filter 'safety' (class=org.apache.hadoop.hdds.server.http.HttpServer2$QuotingInputFilter)
2023-10-04 17:32:16,878 [main] INFO  http.HttpServer2 (HttpServer2.java:addFilter(1007)) - Added filter static_user_filter (class=org.apache.hadoop.http.lib.StaticUserWebFilter$StaticUserFilter) to context hddsDatanode
2023-10-04 17:32:16,878 [main] INFO  http.HttpServer2 (HttpServer2.java:addFilter(1015)) - Added filter static_user_filter (class=org.apache.hadoop.http.lib.StaticUserWebFilter$StaticUserFilter) to context logs
2023-10-04 17:32:16,878 [main] INFO  http.HttpServer2 (HttpServer2.java:addFilter(1015)) - Added filter static_user_filter (class=org.apache.hadoop.http.lib.StaticUserWebFilter$StaticUserFilter) to context static
2023-10-04 17:32:16,879 [main] INFO  http.BaseHttpServer (BaseHttpServer.java:<init>(189)) - HTTP server of hddsDatanode uses base directory /home/runner/work/ozone/ozone/hadoop-ozone/integration-test/target/test-dir/MiniOzoneClusterImpl-1a9f8426-f0b4-4ead-8c34-ee0cd8d78978/datanode-3/meta/webserver
2023-10-04 17:32:16,879 [main] INFO  http.HttpServer2 (HttpServer2.java:bindListener(1231)) - Jetty bound to port 15142
2023-10-04 17:32:16,879 [main] INFO  server.Server (Server.java:doStart(375)) - jetty-9.4.52.v20230823; built: 2023-08-23T19:29:37.669Z; git: abdcda73818a1a2c705da276edb0bf6581e7997e; jvm 1.8.0_382-b05
2023-10-04 17:32:16,880 [main] INFO  server.session (DefaultSessionIdManager.java:doStart(334)) - DefaultSessionIdManager workerName=node0
2023-10-04 17:32:16,881 [main] INFO  server.session (DefaultSessionIdManager.java:doStart(339)) - No SessionScavenger set, using defaults
2023-10-04 17:32:16,888 [main] INFO  server.session (HouseKeeper.java:startScavenging(132)) - node0 Scavenging every 600000ms
2023-10-04 17:32:16,889 [main] INFO  handler.ContextHandler (ContextHandler.java:doStart(921)) - Started o.e.j.s.ServletContextHandler@148bee95{logs,/logs,file:///home/runner/work/ozone/ozone/hadoop-ozone/integration-test/target/log,AVAILABLE}
2023-10-04 17:32:16,889 [main] INFO  handler.ContextHandler (ContextHandler.java:doStart(921)) - Started o.e.j.s.ServletContextHandler@87ada05{static,/static,jar:file:/home/runner/.m2/repository/org/apache/ozone/hdds-container-service/1.4.0-SNAPSHOT/hdds-container-service-1.4.0-SNAPSHOT.jar!/webapps/static,AVAILABLE}
2023-10-04 17:32:17,111 [main] INFO  handler.ContextHandler (ContextHandler.java:doStart(921)) - Started o.e.j.w.WebAppContext@57dba9bf{hddsDatanode,/,file:///home/runner/work/ozone/ozone/hadoop-ozone/integration-test/target/test-dir/MiniOzoneClusterImpl-1a9f8426-f0b4-4ead-8c34-ee0cd8d78978/datanode-3/meta/webserver/jetty-0_0_0_0-15142-hdds-container-service-1_4_0-SNAPSHOT_jar-_-any-5371152943963329938/webapp/,AVAILABLE}{jar:file:/home/runner/.m2/repository/org/apache/ozone/hdds-container-service/1.4.0-SNAPSHOT/hdds-container-service-1.4.0-SNAPSHOT.jar!/webapps/hddsDatanode}
2023-10-04 17:32:17,115 [main] INFO  server.AbstractConnector (AbstractConnector.java:doStart(333)) - Started ServerConnector@6edd90b5{HTTP/1.1, (http/1.1)}{0.0.0.0:15142}
2023-10-04 17:32:17,115 [main] INFO  server.Server (Server.java:doStart(415)) - Started @174361ms
2023-10-04 17:32:17,115 [main] WARN  impl.MetricsSystemImpl (MetricsSystemImpl.java:register(279)) - Sink prometheus already exists!
2023-10-04 17:32:17,116 [main] INFO  http.BaseHttpServer (BaseHttpServer.java:updateConnectorAddress(354)) - HTTP server of hddsDatanode listening at http://0.0.0.0:15142
2023-10-04 17:32:17,116 [main] INFO  ipc.CallQueueManager (CallQueueManager.java:<init>(90)) - Using callQueue: class java.util.concurrent.LinkedBlockingQueue, queueCapacity: 100, scheduler: class org.apache.hadoop.ipc.DefaultRpcScheduler, ipcBackoff: false.
2023-10-04 17:32:17,117 [main] INFO  ipc.Server (Server.java:<init>(1287)) - Listener at 0.0.0.0:15143
2023-10-04 17:32:17,117 [Socket Reader #1 for port 15143] INFO  ipc.Server (Server.java:run(1323)) - Starting Socket Reader #1 for port 15143
2023-10-04 17:32:17,119 [main] INFO  ozone.HddsDatanodeService (HddsDatanodeService.java:start(315)) - Datanode start with admins: [runner]
2023-10-04 17:32:17,119 [main] INFO  ozone.HddsDatanodeClientProtocolServer (HddsDatanodeClientProtocolServer.java:start(72)) - RPC server for Client /0.0.0.0:15143
2023-10-04 17:32:17,119 [IPC Server Responder] INFO  ipc.Server (Server.java:run(1562)) - IPC Server Responder: starting
2023-10-04 17:32:17,120 [IPC Server listener on 15143] INFO  ipc.Server (Server.java:run(1402)) - IPC Server listener on 15143: starting
2023-10-04 17:32:17,120 [main] WARN  impl.MetricRegistriesImpl (MetricRegistriesImpl.java:addReporterRegistration(111)) - New reporters are added after registries were created. Some metrics will be missing from the reporter. Please add reporter before adding any new registry.
2023-10-04 17:32:17,121 [main] WARN  impl.MetricRegistriesImpl (MetricRegistriesImpl.java:addReporterRegistration(111)) - New reporters are added after registries were created. Some metrics will be missing from the reporter. Please add reporter before adding any new registry.
2023-10-04 17:32:17,120 [Datanode State Machine Daemon Thread] INFO  statemachine.DatanodeStateMachine (DatanodeStateMachine.java:lambda$startDaemon$0(539)) - Ozone container server started.
2023-10-04 17:32:17,121 [main] INFO  impl.MetricsSystemImpl (MetricsSystemImpl.java:init(158)) - HddsDatanode metrics system started (again)
2023-10-04 17:32:17,136 [main] INFO  ozone.HddsDatanodeService (HddsDatanodeService.java:start(237)) - HddsDatanodeService host:fv-az453-706.hss2zji4abbufegd5wcf2so25h.dx.internal.cloudapp.net ip:10.1.0.20
2023-10-04 17:32:17,144 [Datanode State Machine Task Thread - 0] INFO  datanode.InitDatanodeState (InitDatanodeState.java:persistContainerDatanodeDetails(138)) - DatanodeDetails is persisted to /home/runner/work/ozone/ozone/hadoop-ozone/integration-test/target/test-dir/MiniOzoneClusterImpl-1a9f8426-f0b4-4ead-8c34-ee0cd8d78978/datanode-3/meta/datanode.id
2023-10-04 17:32:17,166 [main] INFO  upgrade.AbstractLayoutVersionManager (AbstractLayoutVersionManager.java:init(83)) - Initializing Layout version manager with metadata layout = HADOOP_PRC_PORTS_IN_DATANODEDETAILS (version = 7), software layout = HADOOP_PRC_PORTS_IN_DATANODEDETAILS (version = 7)
2023-10-04 17:32:17,167 [main] INFO  statemachine.DatanodeStateMachine (DatanodeStateMachine.java:getEndPointTaskThreadPoolSize(283)) - Datanode State Machine Task Thread Pool size 2
2023-10-04 17:32:17,168 [main] INFO  volume.HddsVolume (HddsVolume.java:<init>(126)) - Creating HddsVolume: /home/runner/work/ozone/ozone/hadoop-ozone/integration-test/target/test-dir/MiniOzoneClusterImpl-1a9f8426-f0b4-4ead-8c34-ee0cd8d78978/datanode-4/data-0/containers/hdds of storage type : DISK capacity : 9223372036854775807
2023-10-04 17:32:17,168 [main] INFO  volume.MutableVolumeSet (MutableVolumeSet.java:initializeVolumeSet(173)) - Added Volume : /home/runner/work/ozone/ozone/hadoop-ozone/integration-test/target/test-dir/MiniOzoneClusterImpl-1a9f8426-f0b4-4ead-8c34-ee0cd8d78978/datanode-4/data-0/containers/hdds to VolumeSet
2023-10-04 17:32:17,169 [main] INFO  volume.MutableVolumeSet (MutableVolumeSet.java:initializeVolumeSet(173)) - Added Volume : /home/runner/work/ozone/ozone/hadoop-ozone/integration-test/target/test-dir/MiniOzoneClusterImpl-1a9f8426-f0b4-4ead-8c34-ee0cd8d78978/datanode-4/data/ratis to VolumeSet
2023-10-04 17:32:17,170 [Thread-1386] INFO  ozoneimpl.ContainerReader (ContainerReader.java:readVolume(177)) - Finish verifying containers on volume /home/runner/work/ozone/ozone/hadoop-ozone/integration-test/target/test-dir/MiniOzoneClusterImpl-1a9f8426-f0b4-4ead-8c34-ee0cd8d78978/datanode-4/data-0/containers/hdds
2023-10-04 17:32:17,170 [main] INFO  ozoneimpl.OzoneContainer (OzoneContainer.java:buildContainerSet(314)) - Build ContainerSet costs 0s
2023-10-04 17:32:17,172 [main] INFO  server.RaftServer (ConfUtils.java:logGet(46)) - raft.rpc.type = GRPC (default)
2023-10-04 17:32:17,172 [main] INFO  grpc.GrpcConfigKeys (ConfUtils.java:logFallback(53)) - raft.grpc.admin.host = null (fallback to raft.grpc.server.host)
2023-10-04 17:32:17,172 [main] INFO  grpc.GrpcConfigKeys (ConfUtils.java:logGet(46)) - raft.grpc.admin.port = 15155 (custom)
2023-10-04 17:32:17,172 [main] INFO  grpc.GrpcConfigKeys (ConfUtils.java:logFallback(53)) - raft.grpc.client.host = null (fallback to raft.grpc.server.host)
2023-10-04 17:32:17,172 [main] INFO  grpc.GrpcConfigKeys (ConfUtils.java:logGet(46)) - raft.grpc.client.port = 15154 (custom)
2023-10-04 17:32:17,172 [main] INFO  grpc.GrpcConfigKeys (ConfUtils.java:logGet(46)) - raft.grpc.server.host = null (default)
2023-10-04 17:32:17,172 [main] INFO  grpc.GrpcConfigKeys (ConfUtils.java:logGet(46)) - raft.grpc.server.port = 15156 (custom)
2023-10-04 17:32:17,173 [main] INFO  server.GrpcService (ConfUtils.java:logGet(46)) - raft.grpc.message.size.max = 32MB (=33554432) (custom)
2023-10-04 17:32:17,173 [main] INFO  server.RaftServerConfigKeys (ConfUtils.java:logGet(46)) - raft.server.log.appender.buffer.byte-limit = 33554432 (custom)
2023-10-04 17:32:17,173 [main] INFO  server.GrpcService (ConfUtils.java:logGet(46)) - raft.grpc.flow.control.window = 5MB (=5242880) (custom)
2023-10-04 17:32:17,174 [main] INFO  server.RaftServerConfigKeys (ConfUtils.java:logGet(46)) - raft.server.rpc.request.timeout = 60s (custom)
2023-10-04 17:32:17,174 [main] INFO  grpc.GrpcConfigKeys (ConfUtils.java:logGet(46)) - raft.grpc.server.heartbeat.channel = true (default)
2023-10-04 17:32:17,174 [main] INFO  grpc.GrpcConfigKeys (ConfUtils.java:logGet(46)) - raft.grpc.server.async.request.thread.pool.cached = true (default)
2023-10-04 17:32:17,174 [main] INFO  grpc.GrpcConfigKeys (ConfUtils.java:logGet(46)) - raft.grpc.server.async.request.thread.pool.size = 32 (default)
2023-10-04 17:32:17,177 [main] INFO  impl.DataStreamServerImpl (ConfUtils.java:logGet(46)) - raft.datastream.type = NETTY (custom)
2023-10-04 17:32:17,178 [main] INFO  server.RaftServerConfigKeys (ConfUtils.java:logGet(46)) - raft.server.data-stream.async.request.thread.pool.cached = false (default)
2023-10-04 17:32:17,178 [main] INFO  server.RaftServerConfigKeys (ConfUtils.java:logGet(46)) - raft.server.data-stream.async.request.thread.pool.size = 20 (custom)
2023-10-04 17:32:17,178 [main] INFO  server.RaftServerConfigKeys (ConfUtils.java:logGet(46)) - raft.server.data-stream.async.write.thread.pool.size = 16 (default)
2023-10-04 17:32:17,178 [main] INFO  server.RaftServerConfigKeys (ConfUtils.java:logGet(46)) - raft.server.data-stream.client.pool.size = 10 (default)
2023-10-04 17:32:17,179 [main] INFO  netty.NettyConfigKeys$DataStream (ConfUtils.java:logGet(46)) - raft.netty.dataStream.server.use-epoll = false (default)
2023-10-04 17:32:17,179 [main] INFO  netty.NettyConfigKeys$DataStream (ConfUtils.java:logGet(46)) - raft.netty.dataStream.server.boss-group.size = 0 (default)
2023-10-04 17:32:17,180 [main] INFO  netty.NettyConfigKeys$DataStream (ConfUtils.java:logGet(46)) - raft.netty.dataStream.server.worker-group.size = 0 (default)
2023-10-04 17:32:17,181 [main] INFO  netty.NettyConfigKeys$DataStream (ConfUtils.java:logGet(46)) - raft.netty.dataStream.server.tls.conf = null (default)
2023-10-04 17:32:17,181 [main] INFO  netty.NettyConfigKeys$DataStream (ConfUtils.java:logGet(46)) - raft.netty.dataStream.host = null (default)
2023-10-04 17:32:17,181 [main] INFO  netty.NettyConfigKeys$DataStream (ConfUtils.java:logGet(46)) - raft.netty.dataStream.port = 15157 (custom)
2023-10-04 17:32:17,185 [main] INFO  server.RaftServerConfigKeys (ConfUtils.java:logGet(46)) - raft.server.threadpool.proxy.cached = true (default)
2023-10-04 17:32:17,185 [main] INFO  server.RaftServerConfigKeys (ConfUtils.java:logGet(46)) - raft.server.threadpool.proxy.size = 0 (default)
2023-10-04 17:32:17,185 [main] INFO  server.RaftServerConfigKeys (ConfUtils.java:logGet(46)) - raft.server.rpc.slowness.timeout = 300s (custom)
2023-10-04 17:32:17,185 [main] INFO  server.RaftServerConfigKeys (ConfUtils.java:logGet(46)) - raft.server.leaderelection.leader.step-down.wait-time = 10s (default)
2023-10-04 17:32:17,185 [main] INFO  server.RaftServerConfigKeys (ConfUtils.java:logGet(46)) - raft.server.storage.dir = [/home/runner/work/ozone/ozone/hadoop-ozone/integration-test/target/test-dir/MiniOzoneClusterImpl-1a9f8426-f0b4-4ead-8c34-ee0cd8d78978/datanode-4/data/ratis] (custom)
2023-10-04 17:32:17,186 [312da513-429c-495f-b386-218bb2e3f38b-impl-thread1] INFO  server.RaftServer (RaftServerProxy.java:initGroupDir(258)) - 312da513-429c-495f-b386-218bb2e3f38b: found a subdirectory /home/runner/work/ozone/ozone/hadoop-ozone/integration-test/target/test-dir/MiniOzoneClusterImpl-1a9f8426-f0b4-4ead-8c34-ee0cd8d78978/datanode-4/data/ratis/tmp
2023-10-04 17:32:17,186 [312da513-429c-495f-b386-218bb2e3f38b-impl-thread1] INFO  server.RaftServer (RaftServerProxy.java:initGroupDir(263)) - 312da513-429c-495f-b386-218bb2e3f38b: The directory /home/runner/work/ozone/ozone/hadoop-ozone/integration-test/target/test-dir/MiniOzoneClusterImpl-1a9f8426-f0b4-4ead-8c34-ee0cd8d78978/datanode-4/data/ratis/tmp is not a group directory; ignoring it. 
2023-10-04 17:32:17,186 [main] INFO  replication.ReplicationServer (ReplicationServer.java:<init>(83)) - Initializing replication server with thread count = 10 queue length = 4096
2023-10-04 17:32:17,187 [312da513-429c-495f-b386-218bb2e3f38b-NettyServerStreamRpc-bossGroup--thread1] INFO  logging.LoggingHandler (AbstractInternalLogger.java:log(148)) - [id: 0x82c945eb] REGISTERED
2023-10-04 17:32:17,187 [312da513-429c-495f-b386-218bb2e3f38b-NettyServerStreamRpc-bossGroup--thread1] INFO  logging.LoggingHandler (AbstractInternalLogger.java:log(148)) - [id: 0x82c945eb] BIND: 0.0.0.0/0.0.0.0:15157
2023-10-04 17:32:17,188 [312da513-429c-495f-b386-218bb2e3f38b-NettyServerStreamRpc-bossGroup--thread1] INFO  logging.LoggingHandler (AbstractInternalLogger.java:log(148)) - [id: 0x82c945eb, L:/0:0:0:0:0:0:0:0:15157] ACTIVE
2023-10-04 17:32:17,188 [main] INFO  server.XceiverServerGrpc (XceiverServerGrpc.java:<init>(132)) - GrpcServer channel type EpollServerSocketChannel
2023-10-04 17:32:17,190 [main] INFO  replication.ReplicationSupervisor (ReplicationSupervisor.java:build(155)) - Initializing replication supervisor with thread count = 10
2023-10-04 17:32:17,190 [main] INFO  replication.ReplicationSupervisor (ReplicationSupervisor.java:nodeStateUpdated(307)) - Node state updated to IN_SERVICE, scaling executor pool size to 10
2023-10-04 17:32:17,195 [main] INFO  http.BaseHttpServer (BaseHttpServer.java:newHttpServer2BuilderForOzone(223)) - Starting Web-server for hddsDatanode at: http://0.0.0.0:15151
2023-10-04 17:32:17,195 [main] INFO  http.BaseHttpServer (BaseHttpServer.java:<init>(110)) - Hadoop Security Enabled: false Ozone Security Enabled: false Ozone HTTP Security Enabled: false 
2023-10-04 17:32:17,196 [main] WARN  server.AuthenticationFilter (AuthenticationFilter.java:constructSecretProvider(240)) - Unable to initialize FileSignerSecretProvider, falling back to use random secrets. Reason: Could not read signature secret file: /home/runner/hadoop-http-auth-signature-secret
2023-10-04 17:32:17,197 [main] INFO  http.HttpRequestLog (HttpRequestLog.java:getRequestLog(86)) - Http request log for http.requests.hddsDatanode is not defined
2023-10-04 17:32:17,199 [main] INFO  http.HttpServer2 (HttpServer2.java:addGlobalFilter(1031)) - Added global filter 'safety' (class=org.apache.hadoop.hdds.server.http.HttpServer2$QuotingInputFilter)
2023-10-04 17:32:17,199 [main] INFO  http.HttpServer2 (HttpServer2.java:addFilter(1007)) - Added filter static_user_filter (class=org.apache.hadoop.http.lib.StaticUserWebFilter$StaticUserFilter) to context hddsDatanode
2023-10-04 17:32:17,199 [main] INFO  http.HttpServer2 (HttpServer2.java:addFilter(1015)) - Added filter static_user_filter (class=org.apache.hadoop.http.lib.StaticUserWebFilter$StaticUserFilter) to context static
2023-10-04 17:32:17,200 [main] INFO  http.HttpServer2 (HttpServer2.java:addFilter(1015)) - Added filter static_user_filter (class=org.apache.hadoop.http.lib.StaticUserWebFilter$StaticUserFilter) to context logs
2023-10-04 17:32:17,200 [main] INFO  http.BaseHttpServer (BaseHttpServer.java:<init>(189)) - HTTP server of hddsDatanode uses base directory /home/runner/work/ozone/ozone/hadoop-ozone/integration-test/target/test-dir/MiniOzoneClusterImpl-1a9f8426-f0b4-4ead-8c34-ee0cd8d78978/datanode-4/meta/webserver
2023-10-04 17:32:17,200 [main] INFO  http.HttpServer2 (HttpServer2.java:bindListener(1231)) - Jetty bound to port 15151
2023-10-04 17:32:17,200 [main] INFO  server.Server (Server.java:doStart(375)) - jetty-9.4.52.v20230823; built: 2023-08-23T19:29:37.669Z; git: abdcda73818a1a2c705da276edb0bf6581e7997e; jvm 1.8.0_382-b05
2023-10-04 17:32:17,202 [main] INFO  server.session (DefaultSessionIdManager.java:doStart(334)) - DefaultSessionIdManager workerName=node0
2023-10-04 17:32:17,202 [main] INFO  server.session (DefaultSessionIdManager.java:doStart(339)) - No SessionScavenger set, using defaults
2023-10-04 17:32:17,202 [main] INFO  server.session (HouseKeeper.java:startScavenging(132)) - node0 Scavenging every 660000ms
2023-10-04 17:32:17,203 [main] INFO  handler.ContextHandler (ContextHandler.java:doStart(921)) - Started o.e.j.s.ServletContextHandler@76a852d6{logs,/logs,file:///home/runner/work/ozone/ozone/hadoop-ozone/integration-test/target/log,AVAILABLE}
2023-10-04 17:32:17,203 [main] INFO  handler.ContextHandler (ContextHandler.java:doStart(921)) - Started o.e.j.s.ServletContextHandler@6d0a7e80{static,/static,jar:file:/home/runner/.m2/repository/org/apache/ozone/hdds-container-service/1.4.0-SNAPSHOT/hdds-container-service-1.4.0-SNAPSHOT.jar!/webapps/static,AVAILABLE}
2023-10-04 17:32:17,431 [main] INFO  handler.ContextHandler (ContextHandler.java:doStart(921)) - Started o.e.j.w.WebAppContext@57ba5be{hddsDatanode,/,file:///home/runner/work/ozone/ozone/hadoop-ozone/integration-test/target/test-dir/MiniOzoneClusterImpl-1a9f8426-f0b4-4ead-8c34-ee0cd8d78978/datanode-4/meta/webserver/jetty-0_0_0_0-15151-hdds-container-service-1_4_0-SNAPSHOT_jar-_-any-2332215262899939154/webapp/,AVAILABLE}{jar:file:/home/runner/.m2/repository/org/apache/ozone/hdds-container-service/1.4.0-SNAPSHOT/hdds-container-service-1.4.0-SNAPSHOT.jar!/webapps/hddsDatanode}
2023-10-04 17:32:17,432 [main] INFO  server.AbstractConnector (AbstractConnector.java:doStart(333)) - Started ServerConnector@49f2736{HTTP/1.1, (http/1.1)}{0.0.0.0:15151}
2023-10-04 17:32:17,433 [main] INFO  server.Server (Server.java:doStart(415)) - Started @174678ms
2023-10-04 17:32:17,433 [main] WARN  impl.MetricsSystemImpl (MetricsSystemImpl.java:register(279)) - Sink prometheus already exists!
2023-10-04 17:32:17,434 [main] INFO  http.BaseHttpServer (BaseHttpServer.java:updateConnectorAddress(354)) - HTTP server of hddsDatanode listening at http://0.0.0.0:15151
2023-10-04 17:32:17,434 [main] INFO  ipc.CallQueueManager (CallQueueManager.java:<init>(90)) - Using callQueue: class java.util.concurrent.LinkedBlockingQueue, queueCapacity: 100, scheduler: class org.apache.hadoop.ipc.DefaultRpcScheduler, ipcBackoff: false.
2023-10-04 17:32:17,434 [main] INFO  ipc.Server (Server.java:<init>(1287)) - Listener at 0.0.0.0:15152
2023-10-04 17:32:17,435 [Socket Reader #1 for port 15152] INFO  ipc.Server (Server.java:run(1323)) - Starting Socket Reader #1 for port 15152
2023-10-04 17:32:17,439 [main] INFO  ozone.HddsDatanodeService (HddsDatanodeService.java:start(315)) - Datanode start with admins: [runner]
2023-10-04 17:32:17,440 [main] INFO  ozone.HddsDatanodeClientProtocolServer (HddsDatanodeClientProtocolServer.java:start(72)) - RPC server for Client /0.0.0.0:15152
2023-10-04 17:32:17,440 [IPC Server Responder] INFO  ipc.Server (Server.java:run(1562)) - IPC Server Responder: starting
2023-10-04 17:32:17,440 [IPC Server listener on 15152] INFO  ipc.Server (Server.java:run(1402)) - IPC Server listener on 15152: starting
2023-10-04 17:32:17,442 [Datanode State Machine Daemon Thread] INFO  statemachine.DatanodeStateMachine (DatanodeStateMachine.java:lambda$startDaemon$0(539)) - Ozone container server started.
2023-10-04 17:32:17,442 [main] INFO  ozone.MiniOzoneClusterImpl (MiniOzoneClusterImpl.java:lambda$waitForClusterToBeReady$0(229)) - Waiting for nodes to be ready. Got 0 of 5 DN Heartbeats.
2023-10-04 17:32:17,443 [main] INFO  ozone.MiniOzoneClusterImpl (MiniOzoneClusterImpl.java:lambda$waitForClusterToBeReady$0(232)) - Waiting for cluster to exit safe mode
2023-10-04 17:32:17,443 [main] INFO  ozone.MiniOzoneClusterImpl (MiniOzoneClusterImpl.java:lambda$waitForClusterToBeReady$0(234)) - SCM became leader
2023-10-04 17:32:17,446 [Datanode State Machine Task Thread - 0] INFO  datanode.InitDatanodeState (InitDatanodeState.java:persistContainerDatanodeDetails(138)) - DatanodeDetails is persisted to /home/runner/work/ozone/ozone/hadoop-ozone/integration-test/target/test-dir/MiniOzoneClusterImpl-1a9f8426-f0b4-4ead-8c34-ee0cd8d78978/datanode-4/meta/datanode.id
2023-10-04 17:32:18,196 [EndpointStateMachine task thread for /0.0.0.0:15108 - 0 ] INFO  utils.DatanodeStoreCache (DatanodeStoreCache.java:addDB(66)) - Added db /home/runner/work/ozone/ozone/hadoop-ozone/integration-test/target/test-dir/MiniOzoneClusterImpl-1a9f8426-f0b4-4ead-8c34-ee0cd8d78978/datanode-0/data-0/containers/hdds/1a9f8426-f0b4-4ead-8c34-ee0cd8d78978/DS-7cd6c581-7c08-4a1c-9185-840c3822153d/container.db to cache
2023-10-04 17:32:18,196 [EndpointStateMachine task thread for /0.0.0.0:15108 - 0 ] INFO  volume.HddsVolume (HddsVolume.java:createDbStore(422)) - SchemaV3 db is created and loaded at /home/runner/work/ozone/ozone/hadoop-ozone/integration-test/target/test-dir/MiniOzoneClusterImpl-1a9f8426-f0b4-4ead-8c34-ee0cd8d78978/datanode-0/data-0/containers/hdds/1a9f8426-f0b4-4ead-8c34-ee0cd8d78978/DS-7cd6c581-7c08-4a1c-9185-840c3822153d/container.db for volume DS-7cd6c581-7c08-4a1c-9185-840c3822153d
2023-10-04 17:32:18,197 [EndpointStateMachine task thread for /0.0.0.0:15108 - 0 ] INFO  volume.ThrottledAsyncChecker (ThrottledAsyncChecker.java:schedule(141)) - Scheduling a check for /home/runner/work/ozone/ozone/hadoop-ozone/integration-test/target/test-dir/MiniOzoneClusterImpl-1a9f8426-f0b4-4ead-8c34-ee0cd8d78978/datanode-0/data-0/containers/hdds
2023-10-04 17:32:18,197 [EndpointStateMachine task thread for /0.0.0.0:15108 - 0 ] INFO  volume.StorageVolumeChecker (StorageVolumeChecker.java:checkAllVolumes(213)) - Scheduled health check for volume /home/runner/work/ozone/ozone/hadoop-ozone/integration-test/target/test-dir/MiniOzoneClusterImpl-1a9f8426-f0b4-4ead-8c34-ee0cd8d78978/datanode-0/data-0/containers/hdds
2023-10-04 17:32:18,200 [EndpointStateMachine task thread for /0.0.0.0:15108 - 0 ] INFO  volume.ThrottledAsyncChecker (ThrottledAsyncChecker.java:schedule(141)) - Scheduling a check for /home/runner/work/ozone/ozone/hadoop-ozone/integration-test/target/test-dir/MiniOzoneClusterImpl-1a9f8426-f0b4-4ead-8c34-ee0cd8d78978/datanode-0/data/ratis
2023-10-04 17:32:18,200 [EndpointStateMachine task thread for /0.0.0.0:15108 - 0 ] INFO  volume.StorageVolumeChecker (StorageVolumeChecker.java:checkAllVolumes(213)) - Scheduled health check for volume /home/runner/work/ozone/ozone/hadoop-ozone/integration-test/target/test-dir/MiniOzoneClusterImpl-1a9f8426-f0b4-4ead-8c34-ee0cd8d78978/datanode-0/data/ratis
2023-10-04 17:32:18,201 [EndpointStateMachine task thread for /0.0.0.0:15108 - 0 ] INFO  ozoneimpl.OzoneContainer (OzoneContainer.java:start(429)) - Attempting to start container services.
2023-10-04 17:32:18,201 [EndpointStateMachine task thread for /0.0.0.0:15108 - 0 ] INFO  ozoneimpl.OzoneContainer (OzoneContainer.java:startContainerScrub(325)) - Scheduled background container scanners and the on-demand container scanner have been disabled.
2023-10-04 17:32:18,202 [EndpointStateMachine task thread for /0.0.0.0:15108 - 0 ] INFO  replication.ReplicationServer (ReplicationServer.java:start(134)) - ReplicationServer is started using port 15122
2023-10-04 17:32:18,202 [EndpointStateMachine task thread for /0.0.0.0:15108 - 0 ] INFO  ratis.XceiverServerRatis (XceiverServerRatis.java:start(517)) - Starting XceiverServerRatis d23c53d9-b989-4348-8850-bf4ef4487d70
2023-10-04 17:32:18,203 [EndpointStateMachine task thread for /0.0.0.0:15108 - 0 ] INFO  server.RaftServer (RaftServerProxy.java:startImpl(400)) - d23c53d9-b989-4348-8850-bf4ef4487d70: start RPC server
2023-10-04 17:32:18,204 [EndpointStateMachine task thread for /0.0.0.0:15108 - 0 ] INFO  server.GrpcService (GrpcService.java:startImpl(302)) - d23c53d9-b989-4348-8850-bf4ef4487d70: GrpcService started, listening on 15118
2023-10-04 17:32:18,205 [EndpointStateMachine task thread for /0.0.0.0:15108 - 0 ] INFO  server.GrpcService (GrpcService.java:startImpl(302)) - d23c53d9-b989-4348-8850-bf4ef4487d70: GrpcService started, listening on 15120
2023-10-04 17:32:18,207 [EndpointStateMachine task thread for /0.0.0.0:15108 - 0 ] INFO  server.GrpcService (GrpcService.java:startImpl(302)) - d23c53d9-b989-4348-8850-bf4ef4487d70: GrpcService started, listening on 15119
2023-10-04 17:32:18,207 [EndpointStateMachine task thread for /0.0.0.0:15108 - 0 ] INFO  ratis.XceiverServerRatis (XceiverServerRatis.java:getRealPort(543)) - XceiverServerRatis d23c53d9-b989-4348-8850-bf4ef4487d70 is started using port 15118 for RATIS
2023-10-04 17:32:18,207 [EndpointStateMachine task thread for /0.0.0.0:15108 - 0 ] INFO  ratis.XceiverServerRatis (XceiverServerRatis.java:getRealPort(543)) - XceiverServerRatis d23c53d9-b989-4348-8850-bf4ef4487d70 is started using port 15119 for RATIS_ADMIN
2023-10-04 17:32:18,207 [JvmPauseMonitor16] INFO  util.JvmPauseMonitor (JvmPauseMonitor.java:run(103)) - JvmPauseMonitor-d23c53d9-b989-4348-8850-bf4ef4487d70: Started
2023-10-04 17:32:18,207 [EndpointStateMachine task thread for /0.0.0.0:15108 - 0 ] INFO  ratis.XceiverServerRatis (XceiverServerRatis.java:getRealPort(543)) - XceiverServerRatis d23c53d9-b989-4348-8850-bf4ef4487d70 is started using port 15120 for RATIS_SERVER
2023-10-04 17:32:18,207 [EndpointStateMachine task thread for /0.0.0.0:15108 - 0 ] INFO  ratis.XceiverServerRatis (XceiverServerRatis.java:getRealPort(543)) - XceiverServerRatis d23c53d9-b989-4348-8850-bf4ef4487d70 is started using port 15121 for RATIS_DATASTREAM
2023-10-04 17:32:18,218 [BlockDeletingService#0] INFO  interfaces.ContainerDeletionChoosingPolicyTemplate (ContainerDeletionChoosingPolicyTemplate.java:chooseContainerForBlockDeletion(85)) - Chosen 0/5000 blocks from 0 candidate containers.
2023-10-04 17:32:18,443 [main] INFO  ozone.MiniOzoneClusterImpl (MiniOzoneClusterImpl.java:lambda$waitForClusterToBeReady$0(229)) - Waiting for nodes to be ready. Got 0 of 5 DN Heartbeats.
2023-10-04 17:32:18,444 [main] INFO  ozone.MiniOzoneClusterImpl (MiniOzoneClusterImpl.java:lambda$waitForClusterToBeReady$0(232)) - Waiting for cluster to exit safe mode
2023-10-04 17:32:18,444 [main] INFO  ozone.MiniOzoneClusterImpl (MiniOzoneClusterImpl.java:lambda$waitForClusterToBeReady$0(234)) - SCM became leader
2023-10-04 17:32:18,522 [EndpointStateMachine task thread for /0.0.0.0:15108 - 0 ] INFO  utils.DatanodeStoreCache (DatanodeStoreCache.java:addDB(66)) - Added db /home/runner/work/ozone/ozone/hadoop-ozone/integration-test/target/test-dir/MiniOzoneClusterImpl-1a9f8426-f0b4-4ead-8c34-ee0cd8d78978/datanode-1/data-0/containers/hdds/1a9f8426-f0b4-4ead-8c34-ee0cd8d78978/DS-b7232f1e-8169-4235-bfc0-e954ed8b664c/container.db to cache
2023-10-04 17:32:18,522 [EndpointStateMachine task thread for /0.0.0.0:15108 - 0 ] INFO  volume.HddsVolume (HddsVolume.java:createDbStore(422)) - SchemaV3 db is created and loaded at /home/runner/work/ozone/ozone/hadoop-ozone/integration-test/target/test-dir/MiniOzoneClusterImpl-1a9f8426-f0b4-4ead-8c34-ee0cd8d78978/datanode-1/data-0/containers/hdds/1a9f8426-f0b4-4ead-8c34-ee0cd8d78978/DS-b7232f1e-8169-4235-bfc0-e954ed8b664c/container.db for volume DS-b7232f1e-8169-4235-bfc0-e954ed8b664c
2023-10-04 17:32:18,523 [EndpointStateMachine task thread for /0.0.0.0:15108 - 0 ] INFO  volume.ThrottledAsyncChecker (ThrottledAsyncChecker.java:schedule(141)) - Scheduling a check for /home/runner/work/ozone/ozone/hadoop-ozone/integration-test/target/test-dir/MiniOzoneClusterImpl-1a9f8426-f0b4-4ead-8c34-ee0cd8d78978/datanode-1/data-0/containers/hdds
2023-10-04 17:32:18,525 [EndpointStateMachine task thread for /0.0.0.0:15108 - 0 ] INFO  volume.StorageVolumeChecker (StorageVolumeChecker.java:checkAllVolumes(213)) - Scheduled health check for volume /home/runner/work/ozone/ozone/hadoop-ozone/integration-test/target/test-dir/MiniOzoneClusterImpl-1a9f8426-f0b4-4ead-8c34-ee0cd8d78978/datanode-1/data-0/containers/hdds
2023-10-04 17:32:18,527 [EndpointStateMachine task thread for /0.0.0.0:15108 - 0 ] INFO  volume.ThrottledAsyncChecker (ThrottledAsyncChecker.java:schedule(141)) - Scheduling a check for /home/runner/work/ozone/ozone/hadoop-ozone/integration-test/target/test-dir/MiniOzoneClusterImpl-1a9f8426-f0b4-4ead-8c34-ee0cd8d78978/datanode-1/data/ratis
2023-10-04 17:32:18,527 [EndpointStateMachine task thread for /0.0.0.0:15108 - 0 ] INFO  volume.StorageVolumeChecker (StorageVolumeChecker.java:checkAllVolumes(213)) - Scheduled health check for volume /home/runner/work/ozone/ozone/hadoop-ozone/integration-test/target/test-dir/MiniOzoneClusterImpl-1a9f8426-f0b4-4ead-8c34-ee0cd8d78978/datanode-1/data/ratis
2023-10-04 17:32:18,530 [EndpointStateMachine task thread for /0.0.0.0:15108 - 0 ] INFO  ozoneimpl.OzoneContainer (OzoneContainer.java:start(429)) - Attempting to start container services.
2023-10-04 17:32:18,531 [EndpointStateMachine task thread for /0.0.0.0:15108 - 0 ] INFO  ozoneimpl.OzoneContainer (OzoneContainer.java:startContainerScrub(325)) - Scheduled background container scanners and the on-demand container scanner have been disabled.
2023-10-04 17:32:18,532 [EndpointStateMachine task thread for /0.0.0.0:15108 - 0 ] INFO  replication.ReplicationServer (ReplicationServer.java:start(134)) - ReplicationServer is started using port 15131
2023-10-04 17:32:18,532 [EndpointStateMachine task thread for /0.0.0.0:15108 - 0 ] INFO  ratis.XceiverServerRatis (XceiverServerRatis.java:start(517)) - Starting XceiverServerRatis e56d6440-7293-4017-8843-e114a3ddb5c0
2023-10-04 17:32:18,533 [EndpointStateMachine task thread for /0.0.0.0:15108 - 0 ] INFO  server.RaftServer (RaftServerProxy.java:startImpl(400)) - e56d6440-7293-4017-8843-e114a3ddb5c0: start RPC server
2023-10-04 17:32:18,536 [EndpointStateMachine task thread for /0.0.0.0:15108 - 0 ] INFO  server.GrpcService (GrpcService.java:startImpl(302)) - e56d6440-7293-4017-8843-e114a3ddb5c0: GrpcService started, listening on 15127
2023-10-04 17:32:18,537 [EndpointStateMachine task thread for /0.0.0.0:15108 - 0 ] INFO  server.GrpcService (GrpcService.java:startImpl(302)) - e56d6440-7293-4017-8843-e114a3ddb5c0: GrpcService started, listening on 15129
2023-10-04 17:32:18,538 [EndpointStateMachine task thread for /0.0.0.0:15108 - 0 ] INFO  server.GrpcService (GrpcService.java:startImpl(302)) - e56d6440-7293-4017-8843-e114a3ddb5c0: GrpcService started, listening on 15128
2023-10-04 17:32:18,538 [EndpointStateMachine task thread for /0.0.0.0:15108 - 0 ] INFO  ratis.XceiverServerRatis (XceiverServerRatis.java:getRealPort(543)) - XceiverServerRatis e56d6440-7293-4017-8843-e114a3ddb5c0 is started using port 15127 for RATIS
2023-10-04 17:32:18,538 [EndpointStateMachine task thread for /0.0.0.0:15108 - 0 ] INFO  ratis.XceiverServerRatis (XceiverServerRatis.java:getRealPort(543)) - XceiverServerRatis e56d6440-7293-4017-8843-e114a3ddb5c0 is started using port 15128 for RATIS_ADMIN
2023-10-04 17:32:18,538 [EndpointStateMachine task thread for /0.0.0.0:15108 - 0 ] INFO  ratis.XceiverServerRatis (XceiverServerRatis.java:getRealPort(543)) - XceiverServerRatis e56d6440-7293-4017-8843-e114a3ddb5c0 is started using port 15129 for RATIS_SERVER
2023-10-04 17:32:18,539 [JvmPauseMonitor17] INFO  util.JvmPauseMonitor (JvmPauseMonitor.java:run(103)) - JvmPauseMonitor-e56d6440-7293-4017-8843-e114a3ddb5c0: Started
2023-10-04 17:32:18,539 [EndpointStateMachine task thread for /0.0.0.0:15108 - 0 ] INFO  ratis.XceiverServerRatis (XceiverServerRatis.java:getRealPort(543)) - XceiverServerRatis e56d6440-7293-4017-8843-e114a3ddb5c0 is started using port 15130 for RATIS_DATASTREAM
2023-10-04 17:32:18,540 [BlockDeletingService#0] INFO  interfaces.ContainerDeletionChoosingPolicyTemplate (ContainerDeletionChoosingPolicyTemplate.java:chooseContainerForBlockDeletion(85)) - Chosen 0/5000 blocks from 0 candidate containers.
2023-10-04 17:32:18,854 [EndpointStateMachine task thread for /0.0.0.0:15108 - 0 ] INFO  utils.DatanodeStoreCache (DatanodeStoreCache.java:addDB(66)) - Added db /home/runner/work/ozone/ozone/hadoop-ozone/integration-test/target/test-dir/MiniOzoneClusterImpl-1a9f8426-f0b4-4ead-8c34-ee0cd8d78978/datanode-2/data-0/containers/hdds/1a9f8426-f0b4-4ead-8c34-ee0cd8d78978/DS-3eaa0b2d-0431-4589-a366-36948417996c/container.db to cache
2023-10-04 17:32:18,854 [EndpointStateMachine task thread for /0.0.0.0:15108 - 0 ] INFO  volume.HddsVolume (HddsVolume.java:createDbStore(422)) - SchemaV3 db is created and loaded at /home/runner/work/ozone/ozone/hadoop-ozone/integration-test/target/test-dir/MiniOzoneClusterImpl-1a9f8426-f0b4-4ead-8c34-ee0cd8d78978/datanode-2/data-0/containers/hdds/1a9f8426-f0b4-4ead-8c34-ee0cd8d78978/DS-3eaa0b2d-0431-4589-a366-36948417996c/container.db for volume DS-3eaa0b2d-0431-4589-a366-36948417996c
2023-10-04 17:32:18,855 [EndpointStateMachine task thread for /0.0.0.0:15108 - 0 ] INFO  volume.ThrottledAsyncChecker (ThrottledAsyncChecker.java:schedule(141)) - Scheduling a check for /home/runner/work/ozone/ozone/hadoop-ozone/integration-test/target/test-dir/MiniOzoneClusterImpl-1a9f8426-f0b4-4ead-8c34-ee0cd8d78978/datanode-2/data-0/containers/hdds
2023-10-04 17:32:18,855 [EndpointStateMachine task thread for /0.0.0.0:15108 - 0 ] INFO  volume.StorageVolumeChecker (StorageVolumeChecker.java:checkAllVolumes(213)) - Scheduled health check for volume /home/runner/work/ozone/ozone/hadoop-ozone/integration-test/target/test-dir/MiniOzoneClusterImpl-1a9f8426-f0b4-4ead-8c34-ee0cd8d78978/datanode-2/data-0/containers/hdds
2023-10-04 17:32:18,860 [EndpointStateMachine task thread for /0.0.0.0:15108 - 0 ] INFO  volume.ThrottledAsyncChecker (ThrottledAsyncChecker.java:schedule(141)) - Scheduling a check for /home/runner/work/ozone/ozone/hadoop-ozone/integration-test/target/test-dir/MiniOzoneClusterImpl-1a9f8426-f0b4-4ead-8c34-ee0cd8d78978/datanode-2/data/ratis
2023-10-04 17:32:18,861 [EndpointStateMachine task thread for /0.0.0.0:15108 - 0 ] INFO  volume.StorageVolumeChecker (StorageVolumeChecker.java:checkAllVolumes(213)) - Scheduled health check for volume /home/runner/work/ozone/ozone/hadoop-ozone/integration-test/target/test-dir/MiniOzoneClusterImpl-1a9f8426-f0b4-4ead-8c34-ee0cd8d78978/datanode-2/data/ratis
2023-10-04 17:32:18,862 [EndpointStateMachine task thread for /0.0.0.0:15108 - 0 ] INFO  ozoneimpl.OzoneContainer (OzoneContainer.java:start(429)) - Attempting to start container services.
2023-10-04 17:32:18,862 [EndpointStateMachine task thread for /0.0.0.0:15108 - 0 ] INFO  ozoneimpl.OzoneContainer (OzoneContainer.java:startContainerScrub(325)) - Scheduled background container scanners and the on-demand container scanner have been disabled.
2023-10-04 17:32:18,863 [EndpointStateMachine task thread for /0.0.0.0:15108 - 0 ] INFO  replication.ReplicationServer (ReplicationServer.java:start(134)) - ReplicationServer is started using port 15140
2023-10-04 17:32:18,863 [EndpointStateMachine task thread for /0.0.0.0:15108 - 0 ] INFO  ratis.XceiverServerRatis (XceiverServerRatis.java:start(517)) - Starting XceiverServerRatis ac124e44-4b53-434d-bcce-b5d7b0204421
2023-10-04 17:32:18,864 [EndpointStateMachine task thread for /0.0.0.0:15108 - 0 ] INFO  server.RaftServer (RaftServerProxy.java:startImpl(400)) - ac124e44-4b53-434d-bcce-b5d7b0204421: start RPC server
2023-10-04 17:32:18,865 [EndpointStateMachine task thread for /0.0.0.0:15108 - 0 ] INFO  server.GrpcService (GrpcService.java:startImpl(302)) - ac124e44-4b53-434d-bcce-b5d7b0204421: GrpcService started, listening on 15136
2023-10-04 17:32:18,866 [EndpointStateMachine task thread for /0.0.0.0:15108 - 0 ] INFO  server.GrpcService (GrpcService.java:startImpl(302)) - ac124e44-4b53-434d-bcce-b5d7b0204421: GrpcService started, listening on 15138
2023-10-04 17:32:18,867 [EndpointStateMachine task thread for /0.0.0.0:15108 - 0 ] INFO  server.GrpcService (GrpcService.java:startImpl(302)) - ac124e44-4b53-434d-bcce-b5d7b0204421: GrpcService started, listening on 15137
2023-10-04 17:32:18,867 [EndpointStateMachine task thread for /0.0.0.0:15108 - 0 ] INFO  ratis.XceiverServerRatis (XceiverServerRatis.java:getRealPort(543)) - XceiverServerRatis ac124e44-4b53-434d-bcce-b5d7b0204421 is started using port 15136 for RATIS
2023-10-04 17:32:18,867 [EndpointStateMachine task thread for /0.0.0.0:15108 - 0 ] INFO  ratis.XceiverServerRatis (XceiverServerRatis.java:getRealPort(543)) - XceiverServerRatis ac124e44-4b53-434d-bcce-b5d7b0204421 is started using port 15137 for RATIS_ADMIN
2023-10-04 17:32:18,867 [EndpointStateMachine task thread for /0.0.0.0:15108 - 0 ] INFO  ratis.XceiverServerRatis (XceiverServerRatis.java:getRealPort(543)) - XceiverServerRatis ac124e44-4b53-434d-bcce-b5d7b0204421 is started using port 15138 for RATIS_SERVER
2023-10-04 17:32:18,867 [EndpointStateMachine task thread for /0.0.0.0:15108 - 0 ] INFO  ratis.XceiverServerRatis (XceiverServerRatis.java:getRealPort(543)) - XceiverServerRatis ac124e44-4b53-434d-bcce-b5d7b0204421 is started using port 15139 for RATIS_DATASTREAM
2023-10-04 17:32:18,868 [JvmPauseMonitor18] INFO  util.JvmPauseMonitor (JvmPauseMonitor.java:run(103)) - JvmPauseMonitor-ac124e44-4b53-434d-bcce-b5d7b0204421: Started
2023-10-04 17:32:18,872 [BlockDeletingService#0] INFO  interfaces.ContainerDeletionChoosingPolicyTemplate (ContainerDeletionChoosingPolicyTemplate.java:chooseContainerForBlockDeletion(85)) - Chosen 0/5000 blocks from 0 candidate containers.
2023-10-04 17:32:19,177 [EndpointStateMachine task thread for /0.0.0.0:15108 - 0 ] INFO  utils.DatanodeStoreCache (DatanodeStoreCache.java:addDB(66)) - Added db /home/runner/work/ozone/ozone/hadoop-ozone/integration-test/target/test-dir/MiniOzoneClusterImpl-1a9f8426-f0b4-4ead-8c34-ee0cd8d78978/datanode-3/data-0/containers/hdds/1a9f8426-f0b4-4ead-8c34-ee0cd8d78978/DS-c5a11b2e-4a2b-4762-a613-0b11aa16a256/container.db to cache
2023-10-04 17:32:19,177 [EndpointStateMachine task thread for /0.0.0.0:15108 - 0 ] INFO  volume.HddsVolume (HddsVolume.java:createDbStore(422)) - SchemaV3 db is created and loaded at /home/runner/work/ozone/ozone/hadoop-ozone/integration-test/target/test-dir/MiniOzoneClusterImpl-1a9f8426-f0b4-4ead-8c34-ee0cd8d78978/datanode-3/data-0/containers/hdds/1a9f8426-f0b4-4ead-8c34-ee0cd8d78978/DS-c5a11b2e-4a2b-4762-a613-0b11aa16a256/container.db for volume DS-c5a11b2e-4a2b-4762-a613-0b11aa16a256
2023-10-04 17:32:19,178 [EndpointStateMachine task thread for /0.0.0.0:15108 - 0 ] INFO  volume.ThrottledAsyncChecker (ThrottledAsyncChecker.java:schedule(141)) - Scheduling a check for /home/runner/work/ozone/ozone/hadoop-ozone/integration-test/target/test-dir/MiniOzoneClusterImpl-1a9f8426-f0b4-4ead-8c34-ee0cd8d78978/datanode-3/data-0/containers/hdds
2023-10-04 17:32:19,178 [EndpointStateMachine task thread for /0.0.0.0:15108 - 0 ] INFO  volume.StorageVolumeChecker (StorageVolumeChecker.java:checkAllVolumes(213)) - Scheduled health check for volume /home/runner/work/ozone/ozone/hadoop-ozone/integration-test/target/test-dir/MiniOzoneClusterImpl-1a9f8426-f0b4-4ead-8c34-ee0cd8d78978/datanode-3/data-0/containers/hdds
2023-10-04 17:32:19,181 [EndpointStateMachine task thread for /0.0.0.0:15108 - 0 ] INFO  volume.ThrottledAsyncChecker (ThrottledAsyncChecker.java:schedule(141)) - Scheduling a check for /home/runner/work/ozone/ozone/hadoop-ozone/integration-test/target/test-dir/MiniOzoneClusterImpl-1a9f8426-f0b4-4ead-8c34-ee0cd8d78978/datanode-3/data/ratis
2023-10-04 17:32:19,181 [EndpointStateMachine task thread for /0.0.0.0:15108 - 0 ] INFO  volume.StorageVolumeChecker (StorageVolumeChecker.java:checkAllVolumes(213)) - Scheduled health check for volume /home/runner/work/ozone/ozone/hadoop-ozone/integration-test/target/test-dir/MiniOzoneClusterImpl-1a9f8426-f0b4-4ead-8c34-ee0cd8d78978/datanode-3/data/ratis
2023-10-04 17:32:19,182 [EndpointStateMachine task thread for /0.0.0.0:15108 - 0 ] INFO  ozoneimpl.OzoneContainer (OzoneContainer.java:start(429)) - Attempting to start container services.
2023-10-04 17:32:19,182 [EndpointStateMachine task thread for /0.0.0.0:15108 - 0 ] INFO  ozoneimpl.OzoneContainer (OzoneContainer.java:startContainerScrub(325)) - Scheduled background container scanners and the on-demand container scanner have been disabled.
2023-10-04 17:32:19,185 [EndpointStateMachine task thread for /0.0.0.0:15108 - 0 ] INFO  replication.ReplicationServer (ReplicationServer.java:start(134)) - ReplicationServer is started using port 15149
2023-10-04 17:32:19,185 [EndpointStateMachine task thread for /0.0.0.0:15108 - 0 ] INFO  ratis.XceiverServerRatis (XceiverServerRatis.java:start(517)) - Starting XceiverServerRatis 5e228e04-cf62-4945-aefc-fa5aaa85c140
2023-10-04 17:32:19,186 [EndpointStateMachine task thread for /0.0.0.0:15108 - 0 ] INFO  server.RaftServer (RaftServerProxy.java:startImpl(400)) - 5e228e04-cf62-4945-aefc-fa5aaa85c140: start RPC server
2023-10-04 17:32:19,187 [EndpointStateMachine task thread for /0.0.0.0:15108 - 0 ] INFO  server.GrpcService (GrpcService.java:startImpl(302)) - 5e228e04-cf62-4945-aefc-fa5aaa85c140: GrpcService started, listening on 15145
2023-10-04 17:32:19,190 [EndpointStateMachine task thread for /0.0.0.0:15108 - 0 ] INFO  server.GrpcService (GrpcService.java:startImpl(302)) - 5e228e04-cf62-4945-aefc-fa5aaa85c140: GrpcService started, listening on 15147
2023-10-04 17:32:19,193 [EndpointStateMachine task thread for /0.0.0.0:15108 - 0 ] INFO  server.GrpcService (GrpcService.java:startImpl(302)) - 5e228e04-cf62-4945-aefc-fa5aaa85c140: GrpcService started, listening on 15146
2023-10-04 17:32:19,193 [EndpointStateMachine task thread for /0.0.0.0:15108 - 0 ] INFO  ratis.XceiverServerRatis (XceiverServerRatis.java:getRealPort(543)) - XceiverServerRatis 5e228e04-cf62-4945-aefc-fa5aaa85c140 is started using port 15145 for RATIS
2023-10-04 17:32:19,193 [EndpointStateMachine task thread for /0.0.0.0:15108 - 0 ] INFO  ratis.XceiverServerRatis (XceiverServerRatis.java:getRealPort(543)) - XceiverServerRatis 5e228e04-cf62-4945-aefc-fa5aaa85c140 is started using port 15146 for RATIS_ADMIN
2023-10-04 17:32:19,193 [JvmPauseMonitor19] INFO  util.JvmPauseMonitor (JvmPauseMonitor.java:run(103)) - JvmPauseMonitor-5e228e04-cf62-4945-aefc-fa5aaa85c140: Started
2023-10-04 17:32:19,193 [EndpointStateMachine task thread for /0.0.0.0:15108 - 0 ] INFO  ratis.XceiverServerRatis (XceiverServerRatis.java:getRealPort(543)) - XceiverServerRatis 5e228e04-cf62-4945-aefc-fa5aaa85c140 is started using port 15147 for RATIS_SERVER
2023-10-04 17:32:19,193 [EndpointStateMachine task thread for /0.0.0.0:15108 - 0 ] INFO  ratis.XceiverServerRatis (XceiverServerRatis.java:getRealPort(543)) - XceiverServerRatis 5e228e04-cf62-4945-aefc-fa5aaa85c140 is started using port 15148 for RATIS_DATASTREAM
2023-10-04 17:32:19,202 [BlockDeletingService#0] INFO  interfaces.ContainerDeletionChoosingPolicyTemplate (ContainerDeletionChoosingPolicyTemplate.java:chooseContainerForBlockDeletion(85)) - Chosen 0/5000 blocks from 0 candidate containers.
2023-10-04 17:32:19,444 [main] INFO  ozone.MiniOzoneClusterImpl (MiniOzoneClusterImpl.java:lambda$waitForClusterToBeReady$0(229)) - Waiting for nodes to be ready. Got 0 of 5 DN Heartbeats.
2023-10-04 17:32:19,444 [main] INFO  ozone.MiniOzoneClusterImpl (MiniOzoneClusterImpl.java:lambda$waitForClusterToBeReady$0(232)) - Waiting for cluster to exit safe mode
2023-10-04 17:32:19,444 [main] INFO  ozone.MiniOzoneClusterImpl (MiniOzoneClusterImpl.java:lambda$waitForClusterToBeReady$0(234)) - SCM became leader
2023-10-04 17:32:19,483 [EndpointStateMachine task thread for /0.0.0.0:15108 - 0 ] INFO  utils.DatanodeStoreCache (DatanodeStoreCache.java:addDB(66)) - Added db /home/runner/work/ozone/ozone/hadoop-ozone/integration-test/target/test-dir/MiniOzoneClusterImpl-1a9f8426-f0b4-4ead-8c34-ee0cd8d78978/datanode-4/data-0/containers/hdds/1a9f8426-f0b4-4ead-8c34-ee0cd8d78978/DS-52e24510-27fa-4aad-84d4-cc673d330adb/container.db to cache
2023-10-04 17:32:19,483 [EndpointStateMachine task thread for /0.0.0.0:15108 - 0 ] INFO  volume.HddsVolume (HddsVolume.java:createDbStore(422)) - SchemaV3 db is created and loaded at /home/runner/work/ozone/ozone/hadoop-ozone/integration-test/target/test-dir/MiniOzoneClusterImpl-1a9f8426-f0b4-4ead-8c34-ee0cd8d78978/datanode-4/data-0/containers/hdds/1a9f8426-f0b4-4ead-8c34-ee0cd8d78978/DS-52e24510-27fa-4aad-84d4-cc673d330adb/container.db for volume DS-52e24510-27fa-4aad-84d4-cc673d330adb
2023-10-04 17:32:19,484 [EndpointStateMachine task thread for /0.0.0.0:15108 - 0 ] INFO  volume.ThrottledAsyncChecker (ThrottledAsyncChecker.java:schedule(141)) - Scheduling a check for /home/runner/work/ozone/ozone/hadoop-ozone/integration-test/target/test-dir/MiniOzoneClusterImpl-1a9f8426-f0b4-4ead-8c34-ee0cd8d78978/datanode-4/data-0/containers/hdds
2023-10-04 17:32:19,485 [EndpointStateMachine task thread for /0.0.0.0:15108 - 0 ] INFO  volume.StorageVolumeChecker (StorageVolumeChecker.java:checkAllVolumes(213)) - Scheduled health check for volume /home/runner/work/ozone/ozone/hadoop-ozone/integration-test/target/test-dir/MiniOzoneClusterImpl-1a9f8426-f0b4-4ead-8c34-ee0cd8d78978/datanode-4/data-0/containers/hdds
2023-10-04 17:32:19,487 [EndpointStateMachine task thread for /0.0.0.0:15108 - 0 ] INFO  volume.ThrottledAsyncChecker (ThrottledAsyncChecker.java:schedule(141)) - Scheduling a check for /home/runner/work/ozone/ozone/hadoop-ozone/integration-test/target/test-dir/MiniOzoneClusterImpl-1a9f8426-f0b4-4ead-8c34-ee0cd8d78978/datanode-4/data/ratis
2023-10-04 17:32:19,488 [EndpointStateMachine task thread for /0.0.0.0:15108 - 0 ] INFO  volume.StorageVolumeChecker (StorageVolumeChecker.java:checkAllVolumes(213)) - Scheduled health check for volume /home/runner/work/ozone/ozone/hadoop-ozone/integration-test/target/test-dir/MiniOzoneClusterImpl-1a9f8426-f0b4-4ead-8c34-ee0cd8d78978/datanode-4/data/ratis
2023-10-04 17:32:19,488 [EndpointStateMachine task thread for /0.0.0.0:15108 - 0 ] INFO  ozoneimpl.OzoneContainer (OzoneContainer.java:start(429)) - Attempting to start container services.
2023-10-04 17:32:19,489 [EndpointStateMachine task thread for /0.0.0.0:15108 - 0 ] INFO  ozoneimpl.OzoneContainer (OzoneContainer.java:startContainerScrub(325)) - Scheduled background container scanners and the on-demand container scanner have been disabled.
2023-10-04 17:32:19,490 [EndpointStateMachine task thread for /0.0.0.0:15108 - 0 ] INFO  replication.ReplicationServer (ReplicationServer.java:start(134)) - ReplicationServer is started using port 15158
2023-10-04 17:32:19,490 [EndpointStateMachine task thread for /0.0.0.0:15108 - 0 ] INFO  ratis.XceiverServerRatis (XceiverServerRatis.java:start(517)) - Starting XceiverServerRatis 312da513-429c-495f-b386-218bb2e3f38b
2023-10-04 17:32:19,491 [EndpointStateMachine task thread for /0.0.0.0:15108 - 0 ] INFO  server.RaftServer (RaftServerProxy.java:startImpl(400)) - 312da513-429c-495f-b386-218bb2e3f38b: start RPC server
2023-10-04 17:32:19,493 [EndpointStateMachine task thread for /0.0.0.0:15108 - 0 ] INFO  server.GrpcService (GrpcService.java:startImpl(302)) - 312da513-429c-495f-b386-218bb2e3f38b: GrpcService started, listening on 15154
2023-10-04 17:32:19,494 [EndpointStateMachine task thread for /0.0.0.0:15108 - 0 ] INFO  server.GrpcService (GrpcService.java:startImpl(302)) - 312da513-429c-495f-b386-218bb2e3f38b: GrpcService started, listening on 15156
2023-10-04 17:32:19,495 [EndpointStateMachine task thread for /0.0.0.0:15108 - 0 ] INFO  server.GrpcService (GrpcService.java:startImpl(302)) - 312da513-429c-495f-b386-218bb2e3f38b: GrpcService started, listening on 15155
2023-10-04 17:32:19,496 [EndpointStateMachine task thread for /0.0.0.0:15108 - 0 ] INFO  ratis.XceiverServerRatis (XceiverServerRatis.java:getRealPort(543)) - XceiverServerRatis 312da513-429c-495f-b386-218bb2e3f38b is started using port 15154 for RATIS
2023-10-04 17:32:19,496 [EndpointStateMachine task thread for /0.0.0.0:15108 - 0 ] INFO  ratis.XceiverServerRatis (XceiverServerRatis.java:getRealPort(543)) - XceiverServerRatis 312da513-429c-495f-b386-218bb2e3f38b is started using port 15155 for RATIS_ADMIN
2023-10-04 17:32:19,496 [JvmPauseMonitor20] INFO  util.JvmPauseMonitor (JvmPauseMonitor.java:run(103)) - JvmPauseMonitor-312da513-429c-495f-b386-218bb2e3f38b: Started
2023-10-04 17:32:19,496 [EndpointStateMachine task thread for /0.0.0.0:15108 - 0 ] INFO  ratis.XceiverServerRatis (XceiverServerRatis.java:getRealPort(543)) - XceiverServerRatis 312da513-429c-495f-b386-218bb2e3f38b is started using port 15156 for RATIS_SERVER
2023-10-04 17:32:19,496 [EndpointStateMachine task thread for /0.0.0.0:15108 - 0 ] INFO  ratis.XceiverServerRatis (XceiverServerRatis.java:getRealPort(543)) - XceiverServerRatis 312da513-429c-495f-b386-218bb2e3f38b is started using port 15157 for RATIS_DATASTREAM
2023-10-04 17:32:19,499 [BlockDeletingService#0] INFO  interfaces.ContainerDeletionChoosingPolicyTemplate (ContainerDeletionChoosingPolicyTemplate.java:chooseContainerForBlockDeletion(85)) - Chosen 0/5000 blocks from 0 candidate containers.
2023-10-04 17:32:20,155 [IPC Server handler 1 on default port 15108] INFO  net.NetworkTopologyImpl (NetworkTopologyImpl.java:add(112)) - Added a new node: /default-rack/d23c53d9-b989-4348-8850-bf4ef4487d70
2023-10-04 17:32:20,155 [IPC Server handler 1 on default port 15108] INFO  node.SCMNodeManager (SCMNodeManager.java:register(405)) - Registered Data node : d23c53d9-b989-4348-8850-bf4ef4487d70{ip: 10.1.0.20, host: fv-az453-706.hss2zji4abbufegd5wcf2so25h.dx.internal.cloudapp.net, ports: [HTTP=15115, CLIENT_RPC=15116, REPLICATION=15122, RATIS=15118, RATIS_ADMIN=15119, RATIS_SERVER=15120, RATIS_DATASTREAM=15121, STANDALONE=15117], networkLocation: /default-rack, certSerialId: null, persistedOpState: null, persistedOpStateExpiryEpochSec: 0}
2023-10-04 17:32:20,158 [EventQueue-NodeRegistrationContainerReportForDataNodeSafeModeRule] INFO  safemode.SCMSafeModeManager (DataNodeSafeModeRule.java:process(71)) - SCM in safe mode. 1 DataNodes registered, 3 required.
2023-10-04 17:32:20,158 [EventQueue-NodeRegistrationContainerReportForContainerSafeModeRule] INFO  safemode.SCMSafeModeManager (SCMSafeModeManager.java:validateSafeModeExitRules(200)) - ContainerSafeModeRule rule is successfully validated
2023-10-04 17:32:20,163 [EventQueue-NewNodeForNewNodeHandler] INFO  pipeline.BackgroundPipelineCreator (BackgroundPipelineCreator.java:notifyEventTriggered(277)) - trigger a one-shot run on RatisPipelineUtilsThread.
2023-10-04 17:32:20,163 [RatisPipelineUtilsThread - 0] INFO  pipeline.RatisPipelineProvider (RatisPipelineProvider.java:lambda$create$0(206)) - Sending CreatePipelineCommand for pipeline:PipelineID=443ee777-72a2-4512-add5-865c625b020a to datanode:d23c53d9-b989-4348-8850-bf4ef4487d70
2023-10-04 17:32:20,164 [RatisPipelineUtilsThread - 0] INFO  pipeline.BackgroundPipelineCreator (BackgroundPipelineCreator.java:createPipelines(233)) - Created new pipeline Pipeline[ Id: 443ee777-72a2-4512-add5-865c625b020a, Nodes: d23c53d9-b989-4348-8850-bf4ef4487d70(fv-az453-706.hss2zji4abbufegd5wcf2so25h.dx.internal.cloudapp.net/10.1.0.20), ReplicationConfig: RATIS/ONE, State:ALLOCATED, leaderId:, CreationTimestamp2023-10-04T17:32:20.163Z[Etc/UTC]]
2023-10-04 17:32:20,168 [EventQueue-PipelineReportForOneReplicaPipelineSafeModeRule] INFO  safemode.SCMSafeModeManager (SCMSafeModeManager.java:validateSafeModeExitRules(200)) - AtleastOneDatanodeReportedRule rule is successfully validated
2023-10-04 17:32:20,444 [main] INFO  ozone.MiniOzoneClusterImpl (MiniOzoneClusterImpl.java:lambda$waitForClusterToBeReady$0(229)) - Waiting for nodes to be ready. Got 1 of 5 DN Heartbeats.
2023-10-04 17:32:20,445 [main] INFO  ozone.MiniOzoneClusterImpl (MiniOzoneClusterImpl.java:lambda$waitForClusterToBeReady$0(232)) - Waiting for cluster to exit safe mode
2023-10-04 17:32:20,445 [main] INFO  ozone.MiniOzoneClusterImpl (MiniOzoneClusterImpl.java:lambda$waitForClusterToBeReady$0(234)) - SCM became leader
2023-10-04 17:32:20,476 [IPC Server handler 2 on default port 15108] INFO  net.NetworkTopologyImpl (NetworkTopologyImpl.java:add(112)) - Added a new node: /default-rack/e56d6440-7293-4017-8843-e114a3ddb5c0
2023-10-04 17:32:20,476 [IPC Server handler 2 on default port 15108] INFO  node.SCMNodeManager (SCMNodeManager.java:register(405)) - Registered Data node : e56d6440-7293-4017-8843-e114a3ddb5c0{ip: 10.1.0.20, host: fv-az453-706.hss2zji4abbufegd5wcf2so25h.dx.internal.cloudapp.net, ports: [HTTP=15124, CLIENT_RPC=15125, REPLICATION=15131, RATIS=15127, RATIS_ADMIN=15128, RATIS_SERVER=15129, RATIS_DATASTREAM=15130, STANDALONE=15126], networkLocation: /default-rack, certSerialId: null, persistedOpState: null, persistedOpStateExpiryEpochSec: 0}
2023-10-04 17:32:20,477 [EventQueue-NewNodeForNewNodeHandler] INFO  pipeline.BackgroundPipelineCreator (BackgroundPipelineCreator.java:notifyEventTriggered(277)) - trigger a one-shot run on RatisPipelineUtilsThread.
2023-10-04 17:32:20,478 [EventQueue-NodeRegistrationContainerReportForDataNodeSafeModeRule] INFO  safemode.SCMSafeModeManager (DataNodeSafeModeRule.java:process(71)) - SCM in safe mode. 2 DataNodes registered, 3 required.
2023-10-04 17:32:20,479 [RatisPipelineUtilsThread - 0] INFO  pipeline.RatisPipelineProvider (RatisPipelineProvider.java:lambda$create$0(206)) - Sending CreatePipelineCommand for pipeline:PipelineID=0ef077db-72ac-48ad-9c85-e15b615ce0f2 to datanode:e56d6440-7293-4017-8843-e114a3ddb5c0
2023-10-04 17:32:20,480 [RatisPipelineUtilsThread - 0] INFO  pipeline.BackgroundPipelineCreator (BackgroundPipelineCreator.java:createPipelines(233)) - Created new pipeline Pipeline[ Id: 0ef077db-72ac-48ad-9c85-e15b615ce0f2, Nodes: e56d6440-7293-4017-8843-e114a3ddb5c0(fv-az453-706.hss2zji4abbufegd5wcf2so25h.dx.internal.cloudapp.net/10.1.0.20), ReplicationConfig: RATIS/ONE, State:ALLOCATED, leaderId:, CreationTimestamp2023-10-04T17:32:20.479Z[Etc/UTC]]
2023-10-04 17:32:20,810 [IPC Server handler 3 on default port 15108] INFO  net.NetworkTopologyImpl (NetworkTopologyImpl.java:add(112)) - Added a new node: /default-rack/ac124e44-4b53-434d-bcce-b5d7b0204421
2023-10-04 17:32:20,810 [IPC Server handler 3 on default port 15108] INFO  node.SCMNodeManager (SCMNodeManager.java:register(405)) - Registered Data node : ac124e44-4b53-434d-bcce-b5d7b0204421{ip: 10.1.0.20, host: fv-az453-706.hss2zji4abbufegd5wcf2so25h.dx.internal.cloudapp.net, ports: [HTTP=15133, CLIENT_RPC=15134, REPLICATION=15140, RATIS=15136, RATIS_ADMIN=15137, RATIS_SERVER=15138, RATIS_DATASTREAM=15139, STANDALONE=15135], networkLocation: /default-rack, certSerialId: null, persistedOpState: null, persistedOpStateExpiryEpochSec: 0}
2023-10-04 17:32:20,811 [EventQueue-NewNodeForNewNodeHandler] INFO  pipeline.BackgroundPipelineCreator (BackgroundPipelineCreator.java:notifyEventTriggered(277)) - trigger a one-shot run on RatisPipelineUtilsThread.
2023-10-04 17:32:20,811 [EventQueue-NodeRegistrationContainerReportForDataNodeSafeModeRule] INFO  safemode.SCMSafeModeManager (DataNodeSafeModeRule.java:process(71)) - SCM in safe mode. 3 DataNodes registered, 3 required.
2023-10-04 17:32:20,811 [EventQueue-NodeRegistrationContainerReportForDataNodeSafeModeRule] INFO  safemode.SCMSafeModeManager (SCMSafeModeManager.java:validateSafeModeExitRules(200)) - DataNodeSafeModeRule rule is successfully validated
2023-10-04 17:32:20,811 [EventQueue-NodeRegistrationContainerReportForDataNodeSafeModeRule] INFO  safemode.SCMSafeModeManager (SCMSafeModeManager.java:completePreCheck(229)) - All SCM safe mode pre check rules have passed
2023-10-04 17:32:20,811 [EventQueue-NodeRegistrationContainerReportForDataNodeSafeModeRule] INFO  ha.SCMContext (SCMContext.java:updateSafeModeStatus(228)) - Update SafeModeStatus from SafeModeStatus{safeModeStatus=true, preCheckPassed=false} to SafeModeStatus{safeModeStatus=true, preCheckPassed=true}.
2023-10-04 17:32:20,811 [EventQueue-NodeRegistrationContainerReportForDataNodeSafeModeRule] INFO  pipeline.BackgroundPipelineCreator (BackgroundPipelineCreator.java:notifyEventTriggered(277)) - trigger a one-shot run on RatisPipelineUtilsThread.
2023-10-04 17:32:20,811 [RatisPipelineUtilsThread - 0] INFO  pipeline.RatisPipelineProvider (RatisPipelineProvider.java:lambda$create$0(206)) - Sending CreatePipelineCommand for pipeline:PipelineID=07371b73-535c-4774-8eee-dcc0cf3967cf to datanode:ac124e44-4b53-434d-bcce-b5d7b0204421
2023-10-04 17:32:20,812 [RatisPipelineUtilsThread - 0] INFO  pipeline.BackgroundPipelineCreator (BackgroundPipelineCreator.java:createPipelines(233)) - Created new pipeline Pipeline[ Id: 07371b73-535c-4774-8eee-dcc0cf3967cf, Nodes: ac124e44-4b53-434d-bcce-b5d7b0204421(fv-az453-706.hss2zji4abbufegd5wcf2so25h.dx.internal.cloudapp.net/10.1.0.20), ReplicationConfig: RATIS/ONE, State:ALLOCATED, leaderId:, CreationTimestamp2023-10-04T17:32:20.811Z[Etc/UTC]]
2023-10-04 17:32:20,812 [RatisPipelineUtilsThread - 0] INFO  pipeline.RatisPipelineProvider (RatisPipelineProvider.java:lambda$create$0(206)) - Sending CreatePipelineCommand for pipeline:PipelineID=6fdc2f4e-1617-4d7b-8891-18c60ad3c6ff to datanode:e56d6440-7293-4017-8843-e114a3ddb5c0
2023-10-04 17:32:20,812 [RatisPipelineUtilsThread - 0] INFO  pipeline.RatisPipelineProvider (RatisPipelineProvider.java:lambda$create$0(206)) - Sending CreatePipelineCommand for pipeline:PipelineID=6fdc2f4e-1617-4d7b-8891-18c60ad3c6ff to datanode:d23c53d9-b989-4348-8850-bf4ef4487d70
2023-10-04 17:32:20,812 [RatisPipelineUtilsThread - 0] INFO  pipeline.RatisPipelineProvider (RatisPipelineProvider.java:lambda$create$0(206)) - Sending CreatePipelineCommand for pipeline:PipelineID=6fdc2f4e-1617-4d7b-8891-18c60ad3c6ff to datanode:ac124e44-4b53-434d-bcce-b5d7b0204421
2023-10-04 17:32:20,813 [RatisPipelineUtilsThread - 0] INFO  pipeline.BackgroundPipelineCreator (BackgroundPipelineCreator.java:createPipelines(233)) - Created new pipeline Pipeline[ Id: 6fdc2f4e-1617-4d7b-8891-18c60ad3c6ff, Nodes: e56d6440-7293-4017-8843-e114a3ddb5c0(fv-az453-706.hss2zji4abbufegd5wcf2so25h.dx.internal.cloudapp.net/10.1.0.20)d23c53d9-b989-4348-8850-bf4ef4487d70(fv-az453-706.hss2zji4abbufegd5wcf2so25h.dx.internal.cloudapp.net/10.1.0.20)ac124e44-4b53-434d-bcce-b5d7b0204421(fv-az453-706.hss2zji4abbufegd5wcf2so25h.dx.internal.cloudapp.net/10.1.0.20), ReplicationConfig: RATIS/THREE, State:ALLOCATED, leaderId:, CreationTimestamp2023-10-04T17:32:20.812Z[Etc/UTC]]
2023-10-04 17:32:20,813 [RatisPipelineUtilsThread - 0] INFO  pipeline.RatisPipelineProvider (RatisPipelineProvider.java:lambda$create$0(206)) - Sending CreatePipelineCommand for pipeline:PipelineID=f1b24073-76b4-410e-b80a-797da2831d72 to datanode:d23c53d9-b989-4348-8850-bf4ef4487d70
2023-10-04 17:32:20,814 [RatisPipelineUtilsThread - 0] INFO  pipeline.RatisPipelineProvider (RatisPipelineProvider.java:lambda$create$0(206)) - Sending CreatePipelineCommand for pipeline:PipelineID=f1b24073-76b4-410e-b80a-797da2831d72 to datanode:e56d6440-7293-4017-8843-e114a3ddb5c0
2023-10-04 17:32:20,814 [RatisPipelineUtilsThread - 0] INFO  pipeline.RatisPipelineProvider (RatisPipelineProvider.java:lambda$create$0(206)) - Sending CreatePipelineCommand for pipeline:PipelineID=f1b24073-76b4-410e-b80a-797da2831d72 to datanode:ac124e44-4b53-434d-bcce-b5d7b0204421
2023-10-04 17:32:20,814 [RatisPipelineUtilsThread - 0] INFO  pipeline.PipelineManagerImpl (PipelineManagerImpl.java:recordMetricsForPipeline(895)) - Pipeline: PipelineID=f1b24073-76b4-410e-b80a-797da2831d72 contains same datanodes as previous pipelines: PipelineID=6fdc2f4e-1617-4d7b-8891-18c60ad3c6ff nodeIds: d23c53d9-b989-4348-8850-bf4ef4487d70, e56d6440-7293-4017-8843-e114a3ddb5c0, ac124e44-4b53-434d-bcce-b5d7b0204421
2023-10-04 17:32:20,814 [RatisPipelineUtilsThread - 0] INFO  pipeline.BackgroundPipelineCreator (BackgroundPipelineCreator.java:createPipelines(233)) - Created new pipeline Pipeline[ Id: f1b24073-76b4-410e-b80a-797da2831d72, Nodes: d23c53d9-b989-4348-8850-bf4ef4487d70(fv-az453-706.hss2zji4abbufegd5wcf2so25h.dx.internal.cloudapp.net/10.1.0.20)e56d6440-7293-4017-8843-e114a3ddb5c0(fv-az453-706.hss2zji4abbufegd5wcf2so25h.dx.internal.cloudapp.net/10.1.0.20)ac124e44-4b53-434d-bcce-b5d7b0204421(fv-az453-706.hss2zji4abbufegd5wcf2so25h.dx.internal.cloudapp.net/10.1.0.20), ReplicationConfig: RATIS/THREE, State:ALLOCATED, leaderId:, CreationTimestamp2023-10-04T17:32:20.813Z[Etc/UTC]]
2023-10-04 17:32:21,142 [IPC Server handler 0 on default port 15108] INFO  net.NetworkTopologyImpl (NetworkTopologyImpl.java:add(112)) - Added a new node: /default-rack/5e228e04-cf62-4945-aefc-fa5aaa85c140
2023-10-04 17:32:21,142 [IPC Server handler 0 on default port 15108] INFO  node.SCMNodeManager (SCMNodeManager.java:register(405)) - Registered Data node : 5e228e04-cf62-4945-aefc-fa5aaa85c140{ip: 10.1.0.20, host: fv-az453-706.hss2zji4abbufegd5wcf2so25h.dx.internal.cloudapp.net, ports: [HTTP=15142, CLIENT_RPC=15143, REPLICATION=15149, RATIS=15145, RATIS_ADMIN=15146, RATIS_SERVER=15147, RATIS_DATASTREAM=15148, STANDALONE=15144], networkLocation: /default-rack, certSerialId: null, persistedOpState: null, persistedOpStateExpiryEpochSec: 0}
2023-10-04 17:32:21,143 [EventQueue-NewNodeForNewNodeHandler] INFO  pipeline.BackgroundPipelineCreator (BackgroundPipelineCreator.java:notifyEventTriggered(277)) - trigger a one-shot run on RatisPipelineUtilsThread.
2023-10-04 17:32:21,143 [RatisPipelineUtilsThread - 0] INFO  pipeline.RatisPipelineProvider (RatisPipelineProvider.java:lambda$create$0(206)) - Sending CreatePipelineCommand for pipeline:PipelineID=911b4a06-7c7e-4ef2-bef8-736b93bfd31d to datanode:5e228e04-cf62-4945-aefc-fa5aaa85c140
2023-10-04 17:32:21,144 [RatisPipelineUtilsThread - 0] INFO  pipeline.BackgroundPipelineCreator (BackgroundPipelineCreator.java:createPipelines(233)) - Created new pipeline Pipeline[ Id: 911b4a06-7c7e-4ef2-bef8-736b93bfd31d, Nodes: 5e228e04-cf62-4945-aefc-fa5aaa85c140(fv-az453-706.hss2zji4abbufegd5wcf2so25h.dx.internal.cloudapp.net/10.1.0.20), ReplicationConfig: RATIS/ONE, State:ALLOCATED, leaderId:, CreationTimestamp2023-10-04T17:32:21.143Z[Etc/UTC]]
2023-10-04 17:32:21,445 [IPC Server handler 2 on default port 15108] INFO  net.NetworkTopologyImpl (NetworkTopologyImpl.java:add(112)) - Added a new node: /default-rack/312da513-429c-495f-b386-218bb2e3f38b
2023-10-04 17:32:21,445 [main] INFO  ozone.MiniOzoneClusterImpl (MiniOzoneClusterImpl.java:lambda$waitForClusterToBeReady$0(229)) - Nodes are ready. Got 5 of 5 DN Heartbeats.
2023-10-04 17:32:21,445 [main] INFO  ozone.MiniOzoneClusterImpl (MiniOzoneClusterImpl.java:lambda$waitForClusterToBeReady$0(232)) - Waiting for cluster to exit safe mode
2023-10-04 17:32:21,445 [main] INFO  ozone.MiniOzoneClusterImpl (MiniOzoneClusterImpl.java:lambda$waitForClusterToBeReady$0(234)) - SCM became leader
2023-10-04 17:32:21,445 [IPC Server handler 2 on default port 15108] INFO  node.SCMNodeManager (SCMNodeManager.java:register(405)) - Registered Data node : 312da513-429c-495f-b386-218bb2e3f38b{ip: 10.1.0.20, host: fv-az453-706.hss2zji4abbufegd5wcf2so25h.dx.internal.cloudapp.net, ports: [HTTP=15151, CLIENT_RPC=15152, REPLICATION=15158, RATIS=15154, RATIS_ADMIN=15155, RATIS_SERVER=15156, RATIS_DATASTREAM=15157, STANDALONE=15153], networkLocation: /default-rack, certSerialId: null, persistedOpState: null, persistedOpStateExpiryEpochSec: 0}
2023-10-04 17:32:21,447 [EventQueue-NewNodeForNewNodeHandler] INFO  pipeline.BackgroundPipelineCreator (BackgroundPipelineCreator.java:notifyEventTriggered(277)) - trigger a one-shot run on RatisPipelineUtilsThread.
2023-10-04 17:32:21,448 [RatisPipelineUtilsThread - 0] INFO  pipeline.RatisPipelineProvider (RatisPipelineProvider.java:lambda$create$0(206)) - Sending CreatePipelineCommand for pipeline:PipelineID=2bd58131-17a5-47f0-ba46-d4a2fd8b0eb8 to datanode:312da513-429c-495f-b386-218bb2e3f38b
2023-10-04 17:32:21,449 [RatisPipelineUtilsThread - 0] INFO  pipeline.BackgroundPipelineCreator (BackgroundPipelineCreator.java:createPipelines(233)) - Created new pipeline Pipeline[ Id: 2bd58131-17a5-47f0-ba46-d4a2fd8b0eb8, Nodes: 312da513-429c-495f-b386-218bb2e3f38b(fv-az453-706.hss2zji4abbufegd5wcf2so25h.dx.internal.cloudapp.net/10.1.0.20), ReplicationConfig: RATIS/ONE, State:ALLOCATED, leaderId:, CreationTimestamp2023-10-04T17:32:21.448Z[Etc/UTC]]
2023-10-04 17:32:22,446 [main] INFO  ozone.MiniOzoneClusterImpl (MiniOzoneClusterImpl.java:lambda$waitForClusterToBeReady$0(229)) - Nodes are ready. Got 5 of 5 DN Heartbeats.
2023-10-04 17:32:22,446 [main] INFO  ozone.MiniOzoneClusterImpl (MiniOzoneClusterImpl.java:lambda$waitForClusterToBeReady$0(232)) - Waiting for cluster to exit safe mode
2023-10-04 17:32:22,446 [main] INFO  ozone.MiniOzoneClusterImpl (MiniOzoneClusterImpl.java:lambda$waitForClusterToBeReady$0(234)) - SCM became leader
2023-10-04 17:32:23,157 [PipelineCommandHandlerThread-0] INFO  server.RaftServer (RaftServerProxy.java:addNew(98)) - d23c53d9-b989-4348-8850-bf4ef4487d70: addNew group-865C625B020A:[d23c53d9-b989-4348-8850-bf4ef4487d70|rpc:10.1.0.20:15120|admin:10.1.0.20:15119|client:10.1.0.20:15118|dataStream:10.1.0.20:15121|priority:1|startupRole:FOLLOWER] returns group-865C625B020A:java.util.concurrent.CompletableFuture@636edce3[Not completed]
2023-10-04 17:32:23,158 [d23c53d9-b989-4348-8850-bf4ef4487d70-groupManagement] INFO  server.RaftServer$Division (RaftServerImpl.java:<init>(198)) - d23c53d9-b989-4348-8850-bf4ef4487d70: new RaftServerImpl for group-865C625B020A:[d23c53d9-b989-4348-8850-bf4ef4487d70|rpc:10.1.0.20:15120|admin:10.1.0.20:15119|client:10.1.0.20:15118|dataStream:10.1.0.20:15121|priority:1|startupRole:FOLLOWER] with ContainerStateMachine:uninitialized
2023-10-04 17:32:23,158 [d23c53d9-b989-4348-8850-bf4ef4487d70-groupManagement] INFO  server.RaftServerConfigKeys (ConfUtils.java:logGet(46)) - raft.server.rpc.timeout.min = 5s (custom)
2023-10-04 17:32:23,158 [d23c53d9-b989-4348-8850-bf4ef4487d70-groupManagement] INFO  server.RaftServerConfigKeys (ConfUtils.java:logGet(46)) - raft.server.rpc.timeout.max = 5200ms (custom)
2023-10-04 17:32:23,158 [d23c53d9-b989-4348-8850-bf4ef4487d70-groupManagement] INFO  server.RaftServerConfigKeys (ConfUtils.java:logGet(46)) - raft.server.rpc.sleep.time = 25ms (default)
2023-10-04 17:32:23,158 [d23c53d9-b989-4348-8850-bf4ef4487d70-groupManagement] INFO  server.RaftServerConfigKeys (ConfUtils.java:logGet(46)) - raft.server.rpc.slowness.timeout = 300s (custom)
2023-10-04 17:32:23,158 [d23c53d9-b989-4348-8850-bf4ef4487d70-groupManagement] INFO  server.RaftServerConfigKeys (ConfUtils.java:logGet(46)) - raft.server.leaderelection.leader.step-down.wait-time = 10s (default)
2023-10-04 17:32:23,158 [d23c53d9-b989-4348-8850-bf4ef4487d70-groupManagement] INFO  server.RaftServerConfigKeys (ConfUtils.java:logGet(46)) - raft.server.sleep.deviation.threshold = 300ms (default)
2023-10-04 17:32:23,158 [d23c53d9-b989-4348-8850-bf4ef4487d70-groupManagement] INFO  server.RaftServer$Division (ServerState.java:<init>(120)) - d23c53d9-b989-4348-8850-bf4ef4487d70@group-865C625B020A: ConfigurationManager, init=-1: peers:[d23c53d9-b989-4348-8850-bf4ef4487d70|rpc:10.1.0.20:15120|admin:10.1.0.20:15119|client:10.1.0.20:15118|dataStream:10.1.0.20:15121|priority:1|startupRole:FOLLOWER]|listeners:[], old=null, confs=<EMPTY_MAP>
2023-10-04 17:32:23,158 [d23c53d9-b989-4348-8850-bf4ef4487d70-groupManagement] INFO  server.RaftServerConfigKeys (ConfUtils.java:logGet(46)) - raft.server.storage.dir = [/home/runner/work/ozone/ozone/hadoop-ozone/integration-test/target/test-dir/MiniOzoneClusterImpl-1a9f8426-f0b4-4ead-8c34-ee0cd8d78978/datanode-0/data/ratis] (custom)
2023-10-04 17:32:23,158 [d23c53d9-b989-4348-8850-bf4ef4487d70-groupManagement] INFO  server.RaftServerConfigKeys (ConfUtils.java:logGet(46)) - raft.server.log.corruption.policy = EXCEPTION (default)
2023-10-04 17:32:23,159 [d23c53d9-b989-4348-8850-bf4ef4487d70-groupManagement] INFO  server.RaftServerConfigKeys (ConfUtils.java:logGet(46)) - raft.server.storage.free-space.min = 0MB (=0) (default)
2023-10-04 17:32:23,159 [d23c53d9-b989-4348-8850-bf4ef4487d70-groupManagement] INFO  server.RaftServerConfigKeys (ConfUtils.java:logGet(46)) - raft.server.notification.no-leader.timeout = 300s (custom)
2023-10-04 17:32:23,159 [d23c53d9-b989-4348-8850-bf4ef4487d70-groupManagement] INFO  server.RaftServerConfigKeys (ConfUtils.java:logGet(46)) - raft.server.read.timeout = 10s (default)
2023-10-04 17:32:23,159 [d23c53d9-b989-4348-8850-bf4ef4487d70-groupManagement] INFO  server.RaftServerConfigKeys (ConfUtils.java:logGet(46)) - raft.server.retrycache.expirytime = 600000ms (custom)
2023-10-04 17:32:23,159 [d23c53d9-b989-4348-8850-bf4ef4487d70-groupManagement] INFO  server.RaftServerConfigKeys (ConfUtils.java:logGet(46)) - raft.server.retrycache.statistics.expirytime = 100μs (default)
2023-10-04 17:32:23,159 [d23c53d9-b989-4348-8850-bf4ef4487d70-groupManagement] INFO  server.RaftServerConfigKeys (ConfUtils.java:logGet(46)) - raft.server.read.option = DEFAULT (default)
2023-10-04 17:32:23,160 [d23c53d9-b989-4348-8850-bf4ef4487d70-groupManagement] INFO  server.RaftServerConfigKeys (ConfUtils.java:logGet(46)) - raft.server.rpc.request.timeout = 60s (custom)
2023-10-04 17:32:23,160 [d23c53d9-b989-4348-8850-bf4ef4487d70-groupManagement] INFO  server.RaftServerConfigKeys (ConfUtils.java:logGet(46)) - raft.server.log.appender.install.snapshot.enabled = false (custom)
2023-10-04 17:32:23,160 [d23c53d9-b989-4348-8850-bf4ef4487d70-groupManagement] INFO  server.RaftServerConfigKeys (ConfUtils.java:logGet(46)) - raft.server.threadpool.server.cached = true (default)
2023-10-04 17:32:23,160 [d23c53d9-b989-4348-8850-bf4ef4487d70-groupManagement] INFO  server.RaftServerConfigKeys (ConfUtils.java:logGet(46)) - raft.server.threadpool.server.size = 0 (default)
2023-10-04 17:32:23,160 [d23c53d9-b989-4348-8850-bf4ef4487d70-groupManagement] INFO  server.RaftServerConfigKeys (ConfUtils.java:logGet(46)) - raft.server.threadpool.client.cached = true (default)
2023-10-04 17:32:23,160 [d23c53d9-b989-4348-8850-bf4ef4487d70-groupManagement] INFO  server.RaftServerConfigKeys (ConfUtils.java:logGet(46)) - raft.server.threadpool.client.size = 0 (default)
2023-10-04 17:32:23,160 [d23c53d9-b989-4348-8850-bf4ef4487d70-groupManagement] INFO  storage.RaftStorageDirectory (RaftStorageDirectoryImpl.java:analyzeStorage(137)) - The storage directory /home/runner/work/ozone/ozone/hadoop-ozone/integration-test/target/test-dir/MiniOzoneClusterImpl-1a9f8426-f0b4-4ead-8c34-ee0cd8d78978/datanode-0/data/ratis/443ee777-72a2-4512-add5-865c625b020a does not exist. Creating ...
2023-10-04 17:32:23,162 [d23c53d9-b989-4348-8850-bf4ef4487d70-groupManagement] INFO  storage.RaftStorageDirectory (RaftStorageDirectoryImpl.java:tryLock(231)) - Lock on /home/runner/work/ozone/ozone/hadoop-ozone/integration-test/target/test-dir/MiniOzoneClusterImpl-1a9f8426-f0b4-4ead-8c34-ee0cd8d78978/datanode-0/data/ratis/443ee777-72a2-4512-add5-865c625b020a/in_use.lock acquired by nodename 7524@fv-az453-706
2023-10-04 17:32:23,164 [d23c53d9-b989-4348-8850-bf4ef4487d70-groupManagement] INFO  storage.RaftStorage (RaftStorageImpl.java:format(96)) - Storage directory /home/runner/work/ozone/ozone/hadoop-ozone/integration-test/target/test-dir/MiniOzoneClusterImpl-1a9f8426-f0b4-4ead-8c34-ee0cd8d78978/datanode-0/data/ratis/443ee777-72a2-4512-add5-865c625b020a has been successfully formatted.
2023-10-04 17:32:23,166 [d23c53d9-b989-4348-8850-bf4ef4487d70-groupManagement] INFO  ratis.ContainerStateMachine (ContainerStateMachine.java:loadSnapshot(262)) - group-865C625B020A: The snapshot info is null. Setting the last applied indexto:(t:0, i:~)
2023-10-04 17:32:23,166 [d23c53d9-b989-4348-8850-bf4ef4487d70-groupManagement] INFO  server.RaftServerConfigKeys (ConfUtils.java:logGet(46)) - raft.server.log.use.memory = false (default)
2023-10-04 17:32:23,166 [d23c53d9-b989-4348-8850-bf4ef4487d70-groupManagement] INFO  server.RaftServerConfigKeys (ConfUtils.java:logGet(46)) - raft.server.log.purge.gap = 1000000 (custom)
2023-10-04 17:32:23,166 [d23c53d9-b989-4348-8850-bf4ef4487d70-groupManagement] INFO  server.RaftServerConfigKeys (ConfUtils.java:logGet(46)) - raft.server.log.appender.buffer.byte-limit = 33554432 (custom)
2023-10-04 17:32:23,166 [d23c53d9-b989-4348-8850-bf4ef4487d70-groupManagement] INFO  server.RaftServerConfigKeys (ConfUtils.java:logGet(46)) - raft.server.log.statemachine.data.read.timeout = 1000ms (default)
2023-10-04 17:32:23,166 [d23c53d9-b989-4348-8850-bf4ef4487d70-groupManagement] INFO  server.RaftServerConfigKeys (ConfUtils.java:logGet(46)) - raft.server.log.purge.preservation.log.num = 0 (default)
2023-10-04 17:32:23,166 [d23c53d9-b989-4348-8850-bf4ef4487d70-groupManagement] INFO  server.RaftServerConfigKeys (ConfUtils.java:logGet(46)) - raft.server.log.segment.size.max = 1048576 (custom)
2023-10-04 17:32:23,166 [d23c53d9-b989-4348-8850-bf4ef4487d70-groupManagement] INFO  server.RaftServerConfigKeys (ConfUtils.java:logGet(46)) - raft.server.log.segment.cache.num.max = 2 (custom)
2023-10-04 17:32:23,166 [d23c53d9-b989-4348-8850-bf4ef4487d70-groupManagement] INFO  server.RaftServerConfigKeys (ConfUtils.java:logGet(46)) - raft.server.log.segment.cache.size.max = 200MB (=209715200) (default)
2023-10-04 17:32:23,167 [d23c53d9-b989-4348-8850-bf4ef4487d70-groupManagement] INFO  server.RaftServerConfigKeys (ConfUtils.java:logGet(46)) - raft.server.log.appender.buffer.byte-limit = 33554432 (custom)
2023-10-04 17:32:23,167 [d23c53d9-b989-4348-8850-bf4ef4487d70-groupManagement] INFO  segmented.SegmentedRaftLogWorker (SegmentedRaftLogWorker.java:<init>(188)) - new d23c53d9-b989-4348-8850-bf4ef4487d70@group-865C625B020A-SegmentedRaftLogWorker for RaftStorageImpl:Storage Directory /home/runner/work/ozone/ozone/hadoop-ozone/integration-test/target/test-dir/MiniOzoneClusterImpl-1a9f8426-f0b4-4ead-8c34-ee0cd8d78978/datanode-0/data/ratis/443ee777-72a2-4512-add5-865c625b020a
2023-10-04 17:32:23,167 [d23c53d9-b989-4348-8850-bf4ef4487d70-groupManagement] INFO  server.RaftServerConfigKeys (ConfUtils.java:logGet(46)) - raft.server.log.queue.byte-limit = 4294967296 (custom)
2023-10-04 17:32:23,167 [d23c53d9-b989-4348-8850-bf4ef4487d70-groupManagement] INFO  server.RaftServerConfigKeys (ConfUtils.java:logGet(46)) - raft.server.log.queue.element-limit = 1024 (custom)
2023-10-04 17:32:23,167 [EventQueue-PipelineReportForPipelineReportHandler] INFO  pipeline.PipelineReportHandler (PipelineReportHandler.java:processPipelineReport(136)) - Opened pipeline PipelineID=443ee777-72a2-4512-add5-865c625b020a
2023-10-04 17:32:23,167 [d23c53d9-b989-4348-8850-bf4ef4487d70-groupManagement] INFO  server.RaftServerConfigKeys (ConfUtils.java:logGet(46)) - raft.server.log.segment.size.max = 1048576 (custom)
2023-10-04 17:32:23,167 [d23c53d9-b989-4348-8850-bf4ef4487d70-groupManagement] INFO  server.RaftServerConfigKeys (ConfUtils.java:logGet(46)) - raft.server.log.preallocated.size = 16384 (custom)
2023-10-04 17:32:23,167 [d23c53d9-b989-4348-8850-bf4ef4487d70-groupManagement] INFO  server.RaftServerConfigKeys (ConfUtils.java:logGet(46)) - raft.server.log.force.sync.num = 128 (default)
2023-10-04 17:32:23,167 [d23c53d9-b989-4348-8850-bf4ef4487d70-groupManagement] INFO  server.RaftServerConfigKeys (ConfUtils.java:logGet(46)) - raft.server.log.statemachine.data.sync = true (default)
2023-10-04 17:32:23,167 [d23c53d9-b989-4348-8850-bf4ef4487d70-groupManagement] INFO  server.RaftServerConfigKeys (ConfUtils.java:logGet(46)) - raft.server.log.statemachine.data.sync.timeout = 10s (default)
2023-10-04 17:32:23,167 [d23c53d9-b989-4348-8850-bf4ef4487d70-groupManagement] INFO  server.RaftServerConfigKeys (ConfUtils.java:logGet(46)) - raft.server.log.statemachine.data.sync.timeout.retry = -1 (default)
2023-10-04 17:32:23,168 [d23c53d9-b989-4348-8850-bf4ef4487d70-groupManagement] INFO  server.RaftServerConfigKeys (ConfUtils.java:logGet(46)) - raft.server.log.write.buffer.size = 1048576 (custom)
2023-10-04 17:32:23,168 [d23c53d9-b989-4348-8850-bf4ef4487d70-groupManagement] INFO  server.RaftServerConfigKeys (ConfUtils.java:logGet(46)) - raft.server.log.appender.buffer.byte-limit = 33554432 (custom)
2023-10-04 17:32:23,174 [d23c53d9-b989-4348-8850-bf4ef4487d70-groupManagement] INFO  server.RaftServerConfigKeys (ConfUtils.java:logGet(46)) - raft.server.log.unsafe-flush.enabled = false (default)
2023-10-04 17:32:23,174 [d23c53d9-b989-4348-8850-bf4ef4487d70-groupManagement] INFO  server.RaftServerConfigKeys (ConfUtils.java:logGet(46)) - raft.server.log.async-flush.enabled = false (default)
2023-10-04 17:32:23,174 [d23c53d9-b989-4348-8850-bf4ef4487d70-groupManagement] INFO  server.RaftServerConfigKeys (ConfUtils.java:logGet(46)) - raft.server.log.statemachine.data.caching.enabled = true (custom)
2023-10-04 17:32:23,179 [EventQueue-OpenPipelineForHealthyPipelineSafeModeRule] INFO  safemode.SCMSafeModeManager (HealthyPipelineSafeModeRule.java:process(137)) - SCM in safe mode. Healthy pipelines reported count is 0, required healthy pipeline reported count is 1
2023-10-04 17:32:23,179 [d23c53d9-b989-4348-8850-bf4ef4487d70-groupManagement] INFO  segmented.SegmentedRaftLogWorker (SegmentedRaftLogWorker.java:lambda$new$0(135)) - d23c53d9-b989-4348-8850-bf4ef4487d70@group-865C625B020A-SegmentedRaftLogWorker: flushIndex: setUnconditionally 0 -> -1
2023-10-04 17:32:23,179 [d23c53d9-b989-4348-8850-bf4ef4487d70-groupManagement] INFO  segmented.SegmentedRaftLogWorker (SegmentedRaftLogWorker.java:lambda$new$0(135)) - d23c53d9-b989-4348-8850-bf4ef4487d70@group-865C625B020A-SegmentedRaftLogWorker: safeCacheEvictIndex: setUnconditionally 0 -> -1
2023-10-04 17:32:23,184 [d23c53d9-b989-4348-8850-bf4ef4487d70-groupManagement] INFO  server.RaftServer$Division (RaftServerImpl.java:start(342)) - d23c53d9-b989-4348-8850-bf4ef4487d70@group-865C625B020A: start as a follower, conf=-1: peers:[d23c53d9-b989-4348-8850-bf4ef4487d70|rpc:10.1.0.20:15120|admin:10.1.0.20:15119|client:10.1.0.20:15118|dataStream:10.1.0.20:15121|priority:1|startupRole:FOLLOWER]|listeners:[], old=null
2023-10-04 17:32:23,184 [d23c53d9-b989-4348-8850-bf4ef4487d70-groupManagement] INFO  server.RaftServer$Division (RaftServerImpl.java:setRole(329)) - d23c53d9-b989-4348-8850-bf4ef4487d70@group-865C625B020A: changes role from      null to FOLLOWER at term 0 for startAsFollower
2023-10-04 17:32:23,184 [d23c53d9-b989-4348-8850-bf4ef4487d70-groupManagement] INFO  impl.RoleInfo (RoleInfo.java:updateAndGet(139)) - d23c53d9-b989-4348-8850-bf4ef4487d70: start d23c53d9-b989-4348-8850-bf4ef4487d70@group-865C625B020A-FollowerState
2023-10-04 17:32:23,184 [d23c53d9-b989-4348-8850-bf4ef4487d70-groupManagement] INFO  util.JmxRegister (JmxRegister.java:tryRegister(44)) - Successfully registered JMX Bean with object name Ratis:service=RaftServer,group=group-865C625B020A,id=d23c53d9-b989-4348-8850-bf4ef4487d70
2023-10-04 17:32:23,184 [d23c53d9-b989-4348-8850-bf4ef4487d70-groupManagement] INFO  server.RaftServerConfigKeys (ConfUtils.java:logGet(46)) - raft.server.snapshot.auto.trigger.enabled = true (custom)
2023-10-04 17:32:23,184 [d23c53d9-b989-4348-8850-bf4ef4487d70-groupManagement] INFO  server.RaftServerConfigKeys (ConfUtils.java:logGet(46)) - raft.server.snapshot.auto.trigger.threshold = 10000 (custom)
2023-10-04 17:32:23,185 [d23c53d9-b989-4348-8850-bf4ef4487d70-groupManagement] INFO  server.RaftServerConfigKeys (ConfUtils.java:logGet(46)) - raft.server.snapshot.retention.file.num = 5 (custom)
2023-10-04 17:32:23,185 [d23c53d9-b989-4348-8850-bf4ef4487d70-groupManagement] INFO  server.RaftServerConfigKeys (ConfUtils.java:logGet(46)) - raft.server.log.purge.upto.snapshot.index = false (default)
2023-10-04 17:32:23,185 [d23c53d9-b989-4348-8850-bf4ef4487d70@group-865C625B020A-FollowerState] INFO  server.RaftServerConfigKeys (ConfUtils.java:logFallback(53)) - raft.server.rpc.first-election.timeout.min = 5s (fallback to raft.server.rpc.timeout.min)
2023-10-04 17:32:23,185 [d23c53d9-b989-4348-8850-bf4ef4487d70@group-865C625B020A-FollowerState] INFO  server.RaftServerConfigKeys (ConfUtils.java:logFallback(53)) - raft.server.rpc.first-election.timeout.max = 5200ms (fallback to raft.server.rpc.timeout.max)
2023-10-04 17:32:23,185 [PipelineCommandHandlerThread-0] INFO  ratis.XceiverServerRatis (XceiverServerRatis.java:addGroup(804)) - Created group PipelineID=443ee777-72a2-4512-add5-865c625b020a
2023-10-04 17:32:23,185 [PipelineCommandHandlerThread-0] INFO  commandhandler.CreatePipelineCommandHandler (CreatePipelineCommandHandler.java:lambda$handle$2(124)) - Created Pipeline RATIS ONE PipelineID=443ee777-72a2-4512-add5-865c625b020a.
2023-10-04 17:32:23,185 [PipelineCommandHandlerThread-0] INFO  server.RaftServer (RaftServerProxy.java:addNew(98)) - d23c53d9-b989-4348-8850-bf4ef4487d70: addNew group-18C60AD3C6FF:[d23c53d9-b989-4348-8850-bf4ef4487d70|rpc:10.1.0.20:15120|admin:10.1.0.20:15119|client:10.1.0.20:15118|dataStream:10.1.0.20:15121|priority:0|startupRole:FOLLOWER, ac124e44-4b53-434d-bcce-b5d7b0204421|rpc:10.1.0.20:15138|admin:10.1.0.20:15137|client:10.1.0.20:15136|dataStream:10.1.0.20:15139|priority:1|startupRole:FOLLOWER, e56d6440-7293-4017-8843-e114a3ddb5c0|rpc:10.1.0.20:15129|admin:10.1.0.20:15128|client:10.1.0.20:15127|dataStream:10.1.0.20:15130|priority:0|startupRole:FOLLOWER] returns group-18C60AD3C6FF:java.util.concurrent.CompletableFuture@67514456[Not completed]
2023-10-04 17:32:23,186 [d23c53d9-b989-4348-8850-bf4ef4487d70-groupManagement] INFO  server.RaftServer$Division (RaftServerImpl.java:<init>(198)) - d23c53d9-b989-4348-8850-bf4ef4487d70: new RaftServerImpl for group-18C60AD3C6FF:[d23c53d9-b989-4348-8850-bf4ef4487d70|rpc:10.1.0.20:15120|admin:10.1.0.20:15119|client:10.1.0.20:15118|dataStream:10.1.0.20:15121|priority:0|startupRole:FOLLOWER, ac124e44-4b53-434d-bcce-b5d7b0204421|rpc:10.1.0.20:15138|admin:10.1.0.20:15137|client:10.1.0.20:15136|dataStream:10.1.0.20:15139|priority:1|startupRole:FOLLOWER, e56d6440-7293-4017-8843-e114a3ddb5c0|rpc:10.1.0.20:15129|admin:10.1.0.20:15128|client:10.1.0.20:15127|dataStream:10.1.0.20:15130|priority:0|startupRole:FOLLOWER] with ContainerStateMachine:uninitialized
2023-10-04 17:32:23,187 [d23c53d9-b989-4348-8850-bf4ef4487d70-groupManagement] INFO  server.RaftServerConfigKeys (ConfUtils.java:logGet(46)) - raft.server.rpc.timeout.min = 5s (custom)
2023-10-04 17:32:23,187 [d23c53d9-b989-4348-8850-bf4ef4487d70-groupManagement] INFO  server.RaftServerConfigKeys (ConfUtils.java:logGet(46)) - raft.server.rpc.timeout.max = 5200ms (custom)
2023-10-04 17:32:23,187 [d23c53d9-b989-4348-8850-bf4ef4487d70-groupManagement] INFO  server.RaftServerConfigKeys (ConfUtils.java:logGet(46)) - raft.server.rpc.sleep.time = 25ms (default)
2023-10-04 17:32:23,187 [d23c53d9-b989-4348-8850-bf4ef4487d70-groupManagement] INFO  server.RaftServerConfigKeys (ConfUtils.java:logGet(46)) - raft.server.rpc.slowness.timeout = 300s (custom)
2023-10-04 17:32:23,187 [d23c53d9-b989-4348-8850-bf4ef4487d70-groupManagement] INFO  server.RaftServerConfigKeys (ConfUtils.java:logGet(46)) - raft.server.leaderelection.leader.step-down.wait-time = 10s (default)
2023-10-04 17:32:23,187 [d23c53d9-b989-4348-8850-bf4ef4487d70-groupManagement] INFO  server.RaftServerConfigKeys (ConfUtils.java:logGet(46)) - raft.server.sleep.deviation.threshold = 300ms (default)
2023-10-04 17:32:23,187 [d23c53d9-b989-4348-8850-bf4ef4487d70-groupManagement] INFO  server.RaftServer$Division (ServerState.java:<init>(120)) - d23c53d9-b989-4348-8850-bf4ef4487d70@group-18C60AD3C6FF: ConfigurationManager, init=-1: peers:[d23c53d9-b989-4348-8850-bf4ef4487d70|rpc:10.1.0.20:15120|admin:10.1.0.20:15119|client:10.1.0.20:15118|dataStream:10.1.0.20:15121|priority:0|startupRole:FOLLOWER, ac124e44-4b53-434d-bcce-b5d7b0204421|rpc:10.1.0.20:15138|admin:10.1.0.20:15137|client:10.1.0.20:15136|dataStream:10.1.0.20:15139|priority:1|startupRole:FOLLOWER, e56d6440-7293-4017-8843-e114a3ddb5c0|rpc:10.1.0.20:15129|admin:10.1.0.20:15128|client:10.1.0.20:15127|dataStream:10.1.0.20:15130|priority:0|startupRole:FOLLOWER]|listeners:[], old=null, confs=<EMPTY_MAP>
2023-10-04 17:32:23,187 [d23c53d9-b989-4348-8850-bf4ef4487d70-groupManagement] INFO  server.RaftServerConfigKeys (ConfUtils.java:logGet(46)) - raft.server.storage.dir = [/home/runner/work/ozone/ozone/hadoop-ozone/integration-test/target/test-dir/MiniOzoneClusterImpl-1a9f8426-f0b4-4ead-8c34-ee0cd8d78978/datanode-0/data/ratis] (custom)
2023-10-04 17:32:23,187 [d23c53d9-b989-4348-8850-bf4ef4487d70-groupManagement] INFO  server.RaftServerConfigKeys (ConfUtils.java:logGet(46)) - raft.server.log.corruption.policy = EXCEPTION (default)
2023-10-04 17:32:23,187 [d23c53d9-b989-4348-8850-bf4ef4487d70-groupManagement] INFO  server.RaftServerConfigKeys (ConfUtils.java:logGet(46)) - raft.server.storage.free-space.min = 0MB (=0) (default)
2023-10-04 17:32:23,187 [d23c53d9-b989-4348-8850-bf4ef4487d70-groupManagement] INFO  server.RaftServerConfigKeys (ConfUtils.java:logGet(46)) - raft.server.notification.no-leader.timeout = 300s (custom)
2023-10-04 17:32:23,187 [d23c53d9-b989-4348-8850-bf4ef4487d70-groupManagement] INFO  server.RaftServerConfigKeys (ConfUtils.java:logGet(46)) - raft.server.read.timeout = 10s (default)
2023-10-04 17:32:23,187 [d23c53d9-b989-4348-8850-bf4ef4487d70-groupManagement] INFO  server.RaftServerConfigKeys (ConfUtils.java:logGet(46)) - raft.server.retrycache.expirytime = 600000ms (custom)
2023-10-04 17:32:23,187 [d23c53d9-b989-4348-8850-bf4ef4487d70-groupManagement] INFO  server.RaftServerConfigKeys (ConfUtils.java:logGet(46)) - raft.server.retrycache.statistics.expirytime = 100μs (default)
2023-10-04 17:32:23,187 [d23c53d9-b989-4348-8850-bf4ef4487d70-groupManagement] INFO  server.RaftServerConfigKeys (ConfUtils.java:logGet(46)) - raft.server.read.option = DEFAULT (default)
2023-10-04 17:32:23,188 [d23c53d9-b989-4348-8850-bf4ef4487d70-groupManagement] INFO  server.RaftServerConfigKeys (ConfUtils.java:logGet(46)) - raft.server.rpc.request.timeout = 60s (custom)
2023-10-04 17:32:23,188 [d23c53d9-b989-4348-8850-bf4ef4487d70-groupManagement] INFO  server.RaftServerConfigKeys (ConfUtils.java:logGet(46)) - raft.server.log.appender.install.snapshot.enabled = false (custom)
2023-10-04 17:32:23,188 [d23c53d9-b989-4348-8850-bf4ef4487d70-groupManagement] INFO  server.RaftServerConfigKeys (ConfUtils.java:logGet(46)) - raft.server.threadpool.server.cached = true (default)
2023-10-04 17:32:23,188 [d23c53d9-b989-4348-8850-bf4ef4487d70-groupManagement] INFO  server.RaftServerConfigKeys (ConfUtils.java:logGet(46)) - raft.server.threadpool.server.size = 0 (default)
2023-10-04 17:32:23,188 [d23c53d9-b989-4348-8850-bf4ef4487d70-groupManagement] INFO  server.RaftServerConfigKeys (ConfUtils.java:logGet(46)) - raft.server.threadpool.client.cached = true (default)
2023-10-04 17:32:23,188 [d23c53d9-b989-4348-8850-bf4ef4487d70-groupManagement] INFO  server.RaftServerConfigKeys (ConfUtils.java:logGet(46)) - raft.server.threadpool.client.size = 0 (default)
2023-10-04 17:32:23,188 [d23c53d9-b989-4348-8850-bf4ef4487d70-groupManagement] INFO  storage.RaftStorageDirectory (RaftStorageDirectoryImpl.java:analyzeStorage(137)) - The storage directory /home/runner/work/ozone/ozone/hadoop-ozone/integration-test/target/test-dir/MiniOzoneClusterImpl-1a9f8426-f0b4-4ead-8c34-ee0cd8d78978/datanode-0/data/ratis/6fdc2f4e-1617-4d7b-8891-18c60ad3c6ff does not exist. Creating ...
2023-10-04 17:32:23,190 [d23c53d9-b989-4348-8850-bf4ef4487d70-groupManagement] INFO  storage.RaftStorageDirectory (RaftStorageDirectoryImpl.java:tryLock(231)) - Lock on /home/runner/work/ozone/ozone/hadoop-ozone/integration-test/target/test-dir/MiniOzoneClusterImpl-1a9f8426-f0b4-4ead-8c34-ee0cd8d78978/datanode-0/data/ratis/6fdc2f4e-1617-4d7b-8891-18c60ad3c6ff/in_use.lock acquired by nodename 7524@fv-az453-706
2023-10-04 17:32:23,191 [d23c53d9-b989-4348-8850-bf4ef4487d70-groupManagement] INFO  storage.RaftStorage (RaftStorageImpl.java:format(96)) - Storage directory /home/runner/work/ozone/ozone/hadoop-ozone/integration-test/target/test-dir/MiniOzoneClusterImpl-1a9f8426-f0b4-4ead-8c34-ee0cd8d78978/datanode-0/data/ratis/6fdc2f4e-1617-4d7b-8891-18c60ad3c6ff has been successfully formatted.
2023-10-04 17:32:23,192 [d23c53d9-b989-4348-8850-bf4ef4487d70-groupManagement] INFO  ratis.ContainerStateMachine (ContainerStateMachine.java:loadSnapshot(262)) - group-18C60AD3C6FF: The snapshot info is null. Setting the last applied indexto:(t:0, i:~)
2023-10-04 17:32:23,192 [d23c53d9-b989-4348-8850-bf4ef4487d70-groupManagement] INFO  server.RaftServerConfigKeys (ConfUtils.java:logGet(46)) - raft.server.log.use.memory = false (default)
2023-10-04 17:32:23,192 [d23c53d9-b989-4348-8850-bf4ef4487d70-groupManagement] INFO  server.RaftServerConfigKeys (ConfUtils.java:logGet(46)) - raft.server.log.purge.gap = 1000000 (custom)
2023-10-04 17:32:23,192 [d23c53d9-b989-4348-8850-bf4ef4487d70-groupManagement] INFO  server.RaftServerConfigKeys (ConfUtils.java:logGet(46)) - raft.server.log.appender.buffer.byte-limit = 33554432 (custom)
2023-10-04 17:32:23,192 [d23c53d9-b989-4348-8850-bf4ef4487d70-groupManagement] INFO  server.RaftServerConfigKeys (ConfUtils.java:logGet(46)) - raft.server.log.statemachine.data.read.timeout = 1000ms (default)
2023-10-04 17:32:23,192 [EventQueue-OpenPipelineForHealthyPipelineSafeModeRule] INFO  safemode.SCMSafeModeManager (HealthyPipelineSafeModeRule.java:process(137)) - SCM in safe mode. Healthy pipelines reported count is 0, required healthy pipeline reported count is 1
2023-10-04 17:32:23,193 [d23c53d9-b989-4348-8850-bf4ef4487d70-groupManagement] INFO  server.RaftServerConfigKeys (ConfUtils.java:logGet(46)) - raft.server.log.purge.preservation.log.num = 0 (default)
2023-10-04 17:32:23,193 [d23c53d9-b989-4348-8850-bf4ef4487d70-groupManagement] INFO  server.RaftServerConfigKeys (ConfUtils.java:logGet(46)) - raft.server.log.segment.size.max = 1048576 (custom)
2023-10-04 17:32:23,193 [d23c53d9-b989-4348-8850-bf4ef4487d70-groupManagement] INFO  server.RaftServerConfigKeys (ConfUtils.java:logGet(46)) - raft.server.log.segment.cache.num.max = 2 (custom)
2023-10-04 17:32:23,193 [d23c53d9-b989-4348-8850-bf4ef4487d70-groupManagement] INFO  server.RaftServerConfigKeys (ConfUtils.java:logGet(46)) - raft.server.log.segment.cache.size.max = 200MB (=209715200) (default)
2023-10-04 17:32:23,193 [d23c53d9-b989-4348-8850-bf4ef4487d70-groupManagement] INFO  server.RaftServerConfigKeys (ConfUtils.java:logGet(46)) - raft.server.log.appender.buffer.byte-limit = 33554432 (custom)
2023-10-04 17:32:23,193 [d23c53d9-b989-4348-8850-bf4ef4487d70-groupManagement] INFO  segmented.SegmentedRaftLogWorker (SegmentedRaftLogWorker.java:<init>(188)) - new d23c53d9-b989-4348-8850-bf4ef4487d70@group-18C60AD3C6FF-SegmentedRaftLogWorker for RaftStorageImpl:Storage Directory /home/runner/work/ozone/ozone/hadoop-ozone/integration-test/target/test-dir/MiniOzoneClusterImpl-1a9f8426-f0b4-4ead-8c34-ee0cd8d78978/datanode-0/data/ratis/6fdc2f4e-1617-4d7b-8891-18c60ad3c6ff
2023-10-04 17:32:23,193 [d23c53d9-b989-4348-8850-bf4ef4487d70-groupManagement] INFO  server.RaftServerConfigKeys (ConfUtils.java:logGet(46)) - raft.server.log.queue.byte-limit = 4294967296 (custom)
2023-10-04 17:32:23,193 [d23c53d9-b989-4348-8850-bf4ef4487d70-groupManagement] INFO  server.RaftServerConfigKeys (ConfUtils.java:logGet(46)) - raft.server.log.queue.element-limit = 1024 (custom)
2023-10-04 17:32:23,193 [d23c53d9-b989-4348-8850-bf4ef4487d70-groupManagement] INFO  server.RaftServerConfigKeys (ConfUtils.java:logGet(46)) - raft.server.log.segment.size.max = 1048576 (custom)
2023-10-04 17:32:23,193 [d23c53d9-b989-4348-8850-bf4ef4487d70-groupManagement] INFO  server.RaftServerConfigKeys (ConfUtils.java:logGet(46)) - raft.server.log.preallocated.size = 16384 (custom)
2023-10-04 17:32:23,193 [d23c53d9-b989-4348-8850-bf4ef4487d70-groupManagement] INFO  server.RaftServerConfigKeys (ConfUtils.java:logGet(46)) - raft.server.log.force.sync.num = 128 (default)
2023-10-04 17:32:23,194 [d23c53d9-b989-4348-8850-bf4ef4487d70-groupManagement] INFO  server.RaftServerConfigKeys (ConfUtils.java:logGet(46)) - raft.server.log.statemachine.data.sync = true (default)
2023-10-04 17:32:23,194 [d23c53d9-b989-4348-8850-bf4ef4487d70-groupManagement] INFO  server.RaftServerConfigKeys (ConfUtils.java:logGet(46)) - raft.server.log.statemachine.data.sync.timeout = 10s (default)
2023-10-04 17:32:23,194 [d23c53d9-b989-4348-8850-bf4ef4487d70-groupManagement] INFO  server.RaftServerConfigKeys (ConfUtils.java:logGet(46)) - raft.server.log.statemachine.data.sync.timeout.retry = -1 (default)
2023-10-04 17:32:23,194 [d23c53d9-b989-4348-8850-bf4ef4487d70-groupManagement] INFO  server.RaftServerConfigKeys (ConfUtils.java:logGet(46)) - raft.server.log.write.buffer.size = 1048576 (custom)
2023-10-04 17:32:23,195 [d23c53d9-b989-4348-8850-bf4ef4487d70-groupManagement] INFO  server.RaftServerConfigKeys (ConfUtils.java:logGet(46)) - raft.server.log.appender.buffer.byte-limit = 33554432 (custom)
2023-10-04 17:32:23,250 [d23c53d9-b989-4348-8850-bf4ef4487d70-groupManagement] INFO  server.RaftServerConfigKeys (ConfUtils.java:logGet(46)) - raft.server.log.unsafe-flush.enabled = false (default)
2023-10-04 17:32:23,250 [d23c53d9-b989-4348-8850-bf4ef4487d70-groupManagement] INFO  server.RaftServerConfigKeys (ConfUtils.java:logGet(46)) - raft.server.log.async-flush.enabled = false (default)
2023-10-04 17:32:23,250 [d23c53d9-b989-4348-8850-bf4ef4487d70-groupManagement] INFO  server.RaftServerConfigKeys (ConfUtils.java:logGet(46)) - raft.server.log.statemachine.data.caching.enabled = true (custom)
2023-10-04 17:32:23,250 [d23c53d9-b989-4348-8850-bf4ef4487d70-groupManagement] INFO  segmented.SegmentedRaftLogWorker (SegmentedRaftLogWorker.java:lambda$new$0(135)) - d23c53d9-b989-4348-8850-bf4ef4487d70@group-18C60AD3C6FF-SegmentedRaftLogWorker: flushIndex: setUnconditionally 0 -> -1
2023-10-04 17:32:23,251 [d23c53d9-b989-4348-8850-bf4ef4487d70-groupManagement] INFO  segmented.SegmentedRaftLogWorker (SegmentedRaftLogWorker.java:lambda$new$0(135)) - d23c53d9-b989-4348-8850-bf4ef4487d70@group-18C60AD3C6FF-SegmentedRaftLogWorker: safeCacheEvictIndex: setUnconditionally 0 -> -1
2023-10-04 17:32:23,252 [d23c53d9-b989-4348-8850-bf4ef4487d70-groupManagement] INFO  server.RaftServer$Division (RaftServerImpl.java:start(342)) - d23c53d9-b989-4348-8850-bf4ef4487d70@group-18C60AD3C6FF: start as a follower, conf=-1: peers:[d23c53d9-b989-4348-8850-bf4ef4487d70|rpc:10.1.0.20:15120|admin:10.1.0.20:15119|client:10.1.0.20:15118|dataStream:10.1.0.20:15121|priority:0|startupRole:FOLLOWER, ac124e44-4b53-434d-bcce-b5d7b0204421|rpc:10.1.0.20:15138|admin:10.1.0.20:15137|client:10.1.0.20:15136|dataStream:10.1.0.20:15139|priority:1|startupRole:FOLLOWER, e56d6440-7293-4017-8843-e114a3ddb5c0|rpc:10.1.0.20:15129|admin:10.1.0.20:15128|client:10.1.0.20:15127|dataStream:10.1.0.20:15130|priority:0|startupRole:FOLLOWER]|listeners:[], old=null
2023-10-04 17:32:23,252 [d23c53d9-b989-4348-8850-bf4ef4487d70-groupManagement] INFO  server.RaftServer$Division (RaftServerImpl.java:setRole(329)) - d23c53d9-b989-4348-8850-bf4ef4487d70@group-18C60AD3C6FF: changes role from      null to FOLLOWER at term 0 for startAsFollower
2023-10-04 17:32:23,252 [d23c53d9-b989-4348-8850-bf4ef4487d70-groupManagement] INFO  impl.RoleInfo (RoleInfo.java:updateAndGet(139)) - d23c53d9-b989-4348-8850-bf4ef4487d70: start d23c53d9-b989-4348-8850-bf4ef4487d70@group-18C60AD3C6FF-FollowerState
2023-10-04 17:32:23,253 [d23c53d9-b989-4348-8850-bf4ef4487d70-groupManagement] INFO  util.JmxRegister (JmxRegister.java:tryRegister(44)) - Successfully registered JMX Bean with object name Ratis:service=RaftServer,group=group-18C60AD3C6FF,id=d23c53d9-b989-4348-8850-bf4ef4487d70
2023-10-04 17:32:23,253 [d23c53d9-b989-4348-8850-bf4ef4487d70-groupManagement] INFO  server.RaftServerConfigKeys (ConfUtils.java:logGet(46)) - raft.server.snapshot.auto.trigger.enabled = true (custom)
2023-10-04 17:32:23,253 [d23c53d9-b989-4348-8850-bf4ef4487d70-groupManagement] INFO  server.RaftServerConfigKeys (ConfUtils.java:logGet(46)) - raft.server.snapshot.auto.trigger.threshold = 10000 (custom)
2023-10-04 17:32:23,253 [d23c53d9-b989-4348-8850-bf4ef4487d70-groupManagement] INFO  server.RaftServerConfigKeys (ConfUtils.java:logGet(46)) - raft.server.snapshot.retention.file.num = 5 (custom)
2023-10-04 17:32:23,253 [d23c53d9-b989-4348-8850-bf4ef4487d70-groupManagement] INFO  server.RaftServerConfigKeys (ConfUtils.java:logGet(46)) - raft.server.log.purge.upto.snapshot.index = false (default)
2023-10-04 17:32:23,253 [d23c53d9-b989-4348-8850-bf4ef4487d70@group-18C60AD3C6FF-FollowerState] INFO  server.RaftServerConfigKeys (ConfUtils.java:logFallback(53)) - raft.server.rpc.first-election.timeout.min = 5s (fallback to raft.server.rpc.timeout.min)
2023-10-04 17:32:23,254 [d23c53d9-b989-4348-8850-bf4ef4487d70@group-18C60AD3C6FF-FollowerState] INFO  server.RaftServerConfigKeys (ConfUtils.java:logFallback(53)) - raft.server.rpc.first-election.timeout.max = 5200ms (fallback to raft.server.rpc.timeout.max)
2023-10-04 17:32:23,254 [PipelineCommandHandlerThread-0] INFO  ratis.XceiverServerRatis (XceiverServerRatis.java:addGroup(804)) - Created group PipelineID=6fdc2f4e-1617-4d7b-8891-18c60ad3c6ff
2023-10-04 17:32:23,277 [grpc-default-executor-0] INFO  server.RaftServer (RaftServerProxy.java:addNew(98)) - e56d6440-7293-4017-8843-e114a3ddb5c0: addNew group-18C60AD3C6FF:[d23c53d9-b989-4348-8850-bf4ef4487d70|rpc:10.1.0.20:15120|admin:10.1.0.20:15119|client:10.1.0.20:15118|dataStream:10.1.0.20:15121|priority:0|startupRole:FOLLOWER, ac124e44-4b53-434d-bcce-b5d7b0204421|rpc:10.1.0.20:15138|admin:10.1.0.20:15137|client:10.1.0.20:15136|dataStream:10.1.0.20:15139|priority:1|startupRole:FOLLOWER, e56d6440-7293-4017-8843-e114a3ddb5c0|rpc:10.1.0.20:15129|admin:10.1.0.20:15128|client:10.1.0.20:15127|dataStream:10.1.0.20:15130|priority:0|startupRole:FOLLOWER] returns group-18C60AD3C6FF:java.util.concurrent.CompletableFuture@225c15bc[Not completed]
2023-10-04 17:32:23,278 [e56d6440-7293-4017-8843-e114a3ddb5c0-groupManagement] INFO  server.RaftServer$Division (RaftServerImpl.java:<init>(198)) - e56d6440-7293-4017-8843-e114a3ddb5c0: new RaftServerImpl for group-18C60AD3C6FF:[d23c53d9-b989-4348-8850-bf4ef4487d70|rpc:10.1.0.20:15120|admin:10.1.0.20:15119|client:10.1.0.20:15118|dataStream:10.1.0.20:15121|priority:0|startupRole:FOLLOWER, ac124e44-4b53-434d-bcce-b5d7b0204421|rpc:10.1.0.20:15138|admin:10.1.0.20:15137|client:10.1.0.20:15136|dataStream:10.1.0.20:15139|priority:1|startupRole:FOLLOWER, e56d6440-7293-4017-8843-e114a3ddb5c0|rpc:10.1.0.20:15129|admin:10.1.0.20:15128|client:10.1.0.20:15127|dataStream:10.1.0.20:15130|priority:0|startupRole:FOLLOWER] with ContainerStateMachine:uninitialized
2023-10-04 17:32:23,278 [e56d6440-7293-4017-8843-e114a3ddb5c0-groupManagement] INFO  server.RaftServerConfigKeys (ConfUtils.java:logGet(46)) - raft.server.rpc.timeout.min = 5s (custom)
2023-10-04 17:32:23,278 [e56d6440-7293-4017-8843-e114a3ddb5c0-groupManagement] INFO  server.RaftServerConfigKeys (ConfUtils.java:logGet(46)) - raft.server.rpc.timeout.max = 5200ms (custom)
2023-10-04 17:32:23,278 [e56d6440-7293-4017-8843-e114a3ddb5c0-groupManagement] INFO  server.RaftServerConfigKeys (ConfUtils.java:logGet(46)) - raft.server.rpc.sleep.time = 25ms (default)
2023-10-04 17:32:23,278 [e56d6440-7293-4017-8843-e114a3ddb5c0-groupManagement] INFO  server.RaftServerConfigKeys (ConfUtils.java:logGet(46)) - raft.server.rpc.slowness.timeout = 300s (custom)
2023-10-04 17:32:23,278 [e56d6440-7293-4017-8843-e114a3ddb5c0-groupManagement] INFO  server.RaftServerConfigKeys (ConfUtils.java:logGet(46)) - raft.server.leaderelection.leader.step-down.wait-time = 10s (default)
2023-10-04 17:32:23,278 [e56d6440-7293-4017-8843-e114a3ddb5c0-groupManagement] INFO  server.RaftServerConfigKeys (ConfUtils.java:logGet(46)) - raft.server.sleep.deviation.threshold = 300ms (default)
2023-10-04 17:32:23,278 [e56d6440-7293-4017-8843-e114a3ddb5c0-groupManagement] INFO  server.RaftServer$Division (ServerState.java:<init>(120)) - e56d6440-7293-4017-8843-e114a3ddb5c0@group-18C60AD3C6FF: ConfigurationManager, init=-1: peers:[d23c53d9-b989-4348-8850-bf4ef4487d70|rpc:10.1.0.20:15120|admin:10.1.0.20:15119|client:10.1.0.20:15118|dataStream:10.1.0.20:15121|priority:0|startupRole:FOLLOWER, ac124e44-4b53-434d-bcce-b5d7b0204421|rpc:10.1.0.20:15138|admin:10.1.0.20:15137|client:10.1.0.20:15136|dataStream:10.1.0.20:15139|priority:1|startupRole:FOLLOWER, e56d6440-7293-4017-8843-e114a3ddb5c0|rpc:10.1.0.20:15129|admin:10.1.0.20:15128|client:10.1.0.20:15127|dataStream:10.1.0.20:15130|priority:0|startupRole:FOLLOWER]|listeners:[], old=null, confs=<EMPTY_MAP>
2023-10-04 17:32:23,278 [e56d6440-7293-4017-8843-e114a3ddb5c0-groupManagement] INFO  server.RaftServerConfigKeys (ConfUtils.java:logGet(46)) - raft.server.storage.dir = [/home/runner/work/ozone/ozone/hadoop-ozone/integration-test/target/test-dir/MiniOzoneClusterImpl-1a9f8426-f0b4-4ead-8c34-ee0cd8d78978/datanode-1/data/ratis] (custom)
2023-10-04 17:32:23,278 [e56d6440-7293-4017-8843-e114a3ddb5c0-groupManagement] INFO  server.RaftServerConfigKeys (ConfUtils.java:logGet(46)) - raft.server.log.corruption.policy = EXCEPTION (default)
2023-10-04 17:32:23,278 [e56d6440-7293-4017-8843-e114a3ddb5c0-groupManagement] INFO  server.RaftServerConfigKeys (ConfUtils.java:logGet(46)) - raft.server.storage.free-space.min = 0MB (=0) (default)
2023-10-04 17:32:23,278 [e56d6440-7293-4017-8843-e114a3ddb5c0-groupManagement] INFO  server.RaftServerConfigKeys (ConfUtils.java:logGet(46)) - raft.server.notification.no-leader.timeout = 300s (custom)
2023-10-04 17:32:23,278 [e56d6440-7293-4017-8843-e114a3ddb5c0-groupManagement] INFO  server.RaftServerConfigKeys (ConfUtils.java:logGet(46)) - raft.server.read.timeout = 10s (default)
2023-10-04 17:32:23,278 [e56d6440-7293-4017-8843-e114a3ddb5c0-groupManagement] INFO  server.RaftServerConfigKeys (ConfUtils.java:logGet(46)) - raft.server.retrycache.expirytime = 600000ms (custom)
2023-10-04 17:32:23,279 [e56d6440-7293-4017-8843-e114a3ddb5c0-groupManagement] INFO  server.RaftServerConfigKeys (ConfUtils.java:logGet(46)) - raft.server.retrycache.statistics.expirytime = 100μs (default)
2023-10-04 17:32:23,279 [e56d6440-7293-4017-8843-e114a3ddb5c0-groupManagement] INFO  server.RaftServerConfigKeys (ConfUtils.java:logGet(46)) - raft.server.read.option = DEFAULT (default)
2023-10-04 17:32:23,279 [e56d6440-7293-4017-8843-e114a3ddb5c0-groupManagement] INFO  server.RaftServerConfigKeys (ConfUtils.java:logGet(46)) - raft.server.rpc.request.timeout = 60s (custom)
2023-10-04 17:32:23,279 [e56d6440-7293-4017-8843-e114a3ddb5c0-groupManagement] INFO  server.RaftServerConfigKeys (ConfUtils.java:logGet(46)) - raft.server.log.appender.install.snapshot.enabled = false (custom)
2023-10-04 17:32:23,279 [e56d6440-7293-4017-8843-e114a3ddb5c0-groupManagement] INFO  server.RaftServerConfigKeys (ConfUtils.java:logGet(46)) - raft.server.threadpool.server.cached = true (default)
2023-10-04 17:32:23,280 [e56d6440-7293-4017-8843-e114a3ddb5c0-groupManagement] INFO  server.RaftServerConfigKeys (ConfUtils.java:logGet(46)) - raft.server.threadpool.server.size = 0 (default)
2023-10-04 17:32:23,280 [e56d6440-7293-4017-8843-e114a3ddb5c0-groupManagement] INFO  server.RaftServerConfigKeys (ConfUtils.java:logGet(46)) - raft.server.threadpool.client.cached = true (default)
2023-10-04 17:32:23,280 [e56d6440-7293-4017-8843-e114a3ddb5c0-groupManagement] INFO  server.RaftServerConfigKeys (ConfUtils.java:logGet(46)) - raft.server.threadpool.client.size = 0 (default)
2023-10-04 17:32:23,280 [e56d6440-7293-4017-8843-e114a3ddb5c0-groupManagement] INFO  storage.RaftStorageDirectory (RaftStorageDirectoryImpl.java:analyzeStorage(137)) - The storage directory /home/runner/work/ozone/ozone/hadoop-ozone/integration-test/target/test-dir/MiniOzoneClusterImpl-1a9f8426-f0b4-4ead-8c34-ee0cd8d78978/datanode-1/data/ratis/6fdc2f4e-1617-4d7b-8891-18c60ad3c6ff does not exist. Creating ...
2023-10-04 17:32:23,281 [e56d6440-7293-4017-8843-e114a3ddb5c0-groupManagement] INFO  storage.RaftStorageDirectory (RaftStorageDirectoryImpl.java:tryLock(231)) - Lock on /home/runner/work/ozone/ozone/hadoop-ozone/integration-test/target/test-dir/MiniOzoneClusterImpl-1a9f8426-f0b4-4ead-8c34-ee0cd8d78978/datanode-1/data/ratis/6fdc2f4e-1617-4d7b-8891-18c60ad3c6ff/in_use.lock acquired by nodename 7524@fv-az453-706
2023-10-04 17:32:23,283 [e56d6440-7293-4017-8843-e114a3ddb5c0-groupManagement] INFO  storage.RaftStorage (RaftStorageImpl.java:format(96)) - Storage directory /home/runner/work/ozone/ozone/hadoop-ozone/integration-test/target/test-dir/MiniOzoneClusterImpl-1a9f8426-f0b4-4ead-8c34-ee0cd8d78978/datanode-1/data/ratis/6fdc2f4e-1617-4d7b-8891-18c60ad3c6ff has been successfully formatted.
2023-10-04 17:32:23,287 [e56d6440-7293-4017-8843-e114a3ddb5c0-groupManagement] INFO  ratis.ContainerStateMachine (ContainerStateMachine.java:loadSnapshot(262)) - group-18C60AD3C6FF: The snapshot info is null. Setting the last applied indexto:(t:0, i:~)
2023-10-04 17:32:23,287 [e56d6440-7293-4017-8843-e114a3ddb5c0-groupManagement] INFO  server.RaftServerConfigKeys (ConfUtils.java:logGet(46)) - raft.server.log.use.memory = false (default)
2023-10-04 17:32:23,288 [e56d6440-7293-4017-8843-e114a3ddb5c0-groupManagement] INFO  server.RaftServerConfigKeys (ConfUtils.java:logGet(46)) - raft.server.log.purge.gap = 1000000 (custom)
2023-10-04 17:32:23,288 [e56d6440-7293-4017-8843-e114a3ddb5c0-groupManagement] INFO  server.RaftServerConfigKeys (ConfUtils.java:logGet(46)) - raft.server.log.appender.buffer.byte-limit = 33554432 (custom)
2023-10-04 17:32:23,288 [e56d6440-7293-4017-8843-e114a3ddb5c0-groupManagement] INFO  server.RaftServerConfigKeys (ConfUtils.java:logGet(46)) - raft.server.log.statemachine.data.read.timeout = 1000ms (default)
2023-10-04 17:32:23,288 [e56d6440-7293-4017-8843-e114a3ddb5c0-groupManagement] INFO  server.RaftServerConfigKeys (ConfUtils.java:logGet(46)) - raft.server.log.purge.preservation.log.num = 0 (default)
2023-10-04 17:32:23,288 [e56d6440-7293-4017-8843-e114a3ddb5c0-groupManagement] INFO  server.RaftServerConfigKeys (ConfUtils.java:logGet(46)) - raft.server.log.segment.size.max = 1048576 (custom)
2023-10-04 17:32:23,288 [e56d6440-7293-4017-8843-e114a3ddb5c0-groupManagement] INFO  server.RaftServerConfigKeys (ConfUtils.java:logGet(46)) - raft.server.log.segment.cache.num.max = 2 (custom)
2023-10-04 17:32:23,288 [e56d6440-7293-4017-8843-e114a3ddb5c0-groupManagement] INFO  server.RaftServerConfigKeys (ConfUtils.java:logGet(46)) - raft.server.log.segment.cache.size.max = 200MB (=209715200) (default)
2023-10-04 17:32:23,288 [e56d6440-7293-4017-8843-e114a3ddb5c0-groupManagement] INFO  server.RaftServerConfigKeys (ConfUtils.java:logGet(46)) - raft.server.log.appender.buffer.byte-limit = 33554432 (custom)
2023-10-04 17:32:23,288 [e56d6440-7293-4017-8843-e114a3ddb5c0-groupManagement] INFO  segmented.SegmentedRaftLogWorker (SegmentedRaftLogWorker.java:<init>(188)) - new e56d6440-7293-4017-8843-e114a3ddb5c0@group-18C60AD3C6FF-SegmentedRaftLogWorker for RaftStorageImpl:Storage Directory /home/runner/work/ozone/ozone/hadoop-ozone/integration-test/target/test-dir/MiniOzoneClusterImpl-1a9f8426-f0b4-4ead-8c34-ee0cd8d78978/datanode-1/data/ratis/6fdc2f4e-1617-4d7b-8891-18c60ad3c6ff
2023-10-04 17:32:23,288 [e56d6440-7293-4017-8843-e114a3ddb5c0-groupManagement] INFO  server.RaftServerConfigKeys (ConfUtils.java:logGet(46)) - raft.server.log.queue.byte-limit = 4294967296 (custom)
2023-10-04 17:32:23,288 [e56d6440-7293-4017-8843-e114a3ddb5c0-groupManagement] INFO  server.RaftServerConfigKeys (ConfUtils.java:logGet(46)) - raft.server.log.queue.element-limit = 1024 (custom)
2023-10-04 17:32:23,289 [e56d6440-7293-4017-8843-e114a3ddb5c0-groupManagement] INFO  server.RaftServerConfigKeys (ConfUtils.java:logGet(46)) - raft.server.log.segment.size.max = 1048576 (custom)
2023-10-04 17:32:23,289 [e56d6440-7293-4017-8843-e114a3ddb5c0-groupManagement] INFO  server.RaftServerConfigKeys (ConfUtils.java:logGet(46)) - raft.server.log.preallocated.size = 16384 (custom)
2023-10-04 17:32:23,289 [e56d6440-7293-4017-8843-e114a3ddb5c0-groupManagement] INFO  server.RaftServerConfigKeys (ConfUtils.java:logGet(46)) - raft.server.log.force.sync.num = 128 (default)
2023-10-04 17:32:23,289 [e56d6440-7293-4017-8843-e114a3ddb5c0-groupManagement] INFO  server.RaftServerConfigKeys (ConfUtils.java:logGet(46)) - raft.server.log.statemachine.data.sync = true (default)
2023-10-04 17:32:23,289 [e56d6440-7293-4017-8843-e114a3ddb5c0-groupManagement] INFO  server.RaftServerConfigKeys (ConfUtils.java:logGet(46)) - raft.server.log.statemachine.data.sync.timeout = 10s (default)
2023-10-04 17:32:23,289 [e56d6440-7293-4017-8843-e114a3ddb5c0-groupManagement] INFO  server.RaftServerConfigKeys (ConfUtils.java:logGet(46)) - raft.server.log.statemachine.data.sync.timeout.retry = -1 (default)
2023-10-04 17:32:23,289 [e56d6440-7293-4017-8843-e114a3ddb5c0-groupManagement] INFO  server.RaftServerConfigKeys (ConfUtils.java:logGet(46)) - raft.server.log.write.buffer.size = 1048576 (custom)
2023-10-04 17:32:23,290 [e56d6440-7293-4017-8843-e114a3ddb5c0-groupManagement] INFO  server.RaftServerConfigKeys (ConfUtils.java:logGet(46)) - raft.server.log.appender.buffer.byte-limit = 33554432 (custom)
2023-10-04 17:32:23,295 [e56d6440-7293-4017-8843-e114a3ddb5c0-groupManagement] INFO  server.RaftServerConfigKeys (ConfUtils.java:logGet(46)) - raft.server.log.unsafe-flush.enabled = false (default)
2023-10-04 17:32:23,296 [e56d6440-7293-4017-8843-e114a3ddb5c0-groupManagement] INFO  server.RaftServerConfigKeys (ConfUtils.java:logGet(46)) - raft.server.log.async-flush.enabled = false (default)
2023-10-04 17:32:23,296 [e56d6440-7293-4017-8843-e114a3ddb5c0-groupManagement] INFO  server.RaftServerConfigKeys (ConfUtils.java:logGet(46)) - raft.server.log.statemachine.data.caching.enabled = true (custom)
2023-10-04 17:32:23,296 [e56d6440-7293-4017-8843-e114a3ddb5c0-groupManagement] INFO  segmented.SegmentedRaftLogWorker (SegmentedRaftLogWorker.java:lambda$new$0(135)) - e56d6440-7293-4017-8843-e114a3ddb5c0@group-18C60AD3C6FF-SegmentedRaftLogWorker: flushIndex: setUnconditionally 0 -> -1
2023-10-04 17:32:23,296 [e56d6440-7293-4017-8843-e114a3ddb5c0-groupManagement] INFO  segmented.SegmentedRaftLogWorker (SegmentedRaftLogWorker.java:lambda$new$0(135)) - e56d6440-7293-4017-8843-e114a3ddb5c0@group-18C60AD3C6FF-SegmentedRaftLogWorker: safeCacheEvictIndex: setUnconditionally 0 -> -1
2023-10-04 17:32:23,301 [e56d6440-7293-4017-8843-e114a3ddb5c0-groupManagement] INFO  server.RaftServer$Division (RaftServerImpl.java:start(342)) - e56d6440-7293-4017-8843-e114a3ddb5c0@group-18C60AD3C6FF: start as a follower, conf=-1: peers:[d23c53d9-b989-4348-8850-bf4ef4487d70|rpc:10.1.0.20:15120|admin:10.1.0.20:15119|client:10.1.0.20:15118|dataStream:10.1.0.20:15121|priority:0|startupRole:FOLLOWER, ac124e44-4b53-434d-bcce-b5d7b0204421|rpc:10.1.0.20:15138|admin:10.1.0.20:15137|client:10.1.0.20:15136|dataStream:10.1.0.20:15139|priority:1|startupRole:FOLLOWER, e56d6440-7293-4017-8843-e114a3ddb5c0|rpc:10.1.0.20:15129|admin:10.1.0.20:15128|client:10.1.0.20:15127|dataStream:10.1.0.20:15130|priority:0|startupRole:FOLLOWER]|listeners:[], old=null
2023-10-04 17:32:23,301 [e56d6440-7293-4017-8843-e114a3ddb5c0-groupManagement] INFO  server.RaftServer$Division (RaftServerImpl.java:setRole(329)) - e56d6440-7293-4017-8843-e114a3ddb5c0@group-18C60AD3C6FF: changes role from      null to FOLLOWER at term 0 for startAsFollower
2023-10-04 17:32:23,301 [e56d6440-7293-4017-8843-e114a3ddb5c0-groupManagement] INFO  impl.RoleInfo (RoleInfo.java:updateAndGet(139)) - e56d6440-7293-4017-8843-e114a3ddb5c0: start e56d6440-7293-4017-8843-e114a3ddb5c0@group-18C60AD3C6FF-FollowerState
2023-10-04 17:32:23,302 [e56d6440-7293-4017-8843-e114a3ddb5c0-groupManagement] INFO  util.JmxRegister (JmxRegister.java:tryRegister(44)) - Successfully registered JMX Bean with object name Ratis:service=RaftServer,group=group-18C60AD3C6FF,id=e56d6440-7293-4017-8843-e114a3ddb5c0
2023-10-04 17:32:23,302 [e56d6440-7293-4017-8843-e114a3ddb5c0-groupManagement] INFO  server.RaftServerConfigKeys (ConfUtils.java:logGet(46)) - raft.server.snapshot.auto.trigger.enabled = true (custom)
2023-10-04 17:32:23,302 [e56d6440-7293-4017-8843-e114a3ddb5c0-groupManagement] INFO  server.RaftServerConfigKeys (ConfUtils.java:logGet(46)) - raft.server.snapshot.auto.trigger.threshold = 10000 (custom)
2023-10-04 17:32:23,302 [e56d6440-7293-4017-8843-e114a3ddb5c0-groupManagement] INFO  server.RaftServerConfigKeys (ConfUtils.java:logGet(46)) - raft.server.snapshot.retention.file.num = 5 (custom)
2023-10-04 17:32:23,302 [e56d6440-7293-4017-8843-e114a3ddb5c0-groupManagement] INFO  server.RaftServerConfigKeys (ConfUtils.java:logGet(46)) - raft.server.log.purge.upto.snapshot.index = false (default)
2023-10-04 17:32:23,305 [e56d6440-7293-4017-8843-e114a3ddb5c0@group-18C60AD3C6FF-FollowerState] INFO  server.RaftServerConfigKeys (ConfUtils.java:logFallback(53)) - raft.server.rpc.first-election.timeout.min = 5s (fallback to raft.server.rpc.timeout.min)
2023-10-04 17:32:23,305 [e56d6440-7293-4017-8843-e114a3ddb5c0@group-18C60AD3C6FF-FollowerState] INFO  server.RaftServerConfigKeys (ConfUtils.java:logFallback(53)) - raft.server.rpc.first-election.timeout.max = 5200ms (fallback to raft.server.rpc.timeout.max)
2023-10-04 17:32:23,327 [grpc-default-executor-0] INFO  server.RaftServer (RaftServerProxy.java:addNew(98)) - ac124e44-4b53-434d-bcce-b5d7b0204421: addNew group-18C60AD3C6FF:[d23c53d9-b989-4348-8850-bf4ef4487d70|rpc:10.1.0.20:15120|admin:10.1.0.20:15119|client:10.1.0.20:15118|dataStream:10.1.0.20:15121|priority:0|startupRole:FOLLOWER, ac124e44-4b53-434d-bcce-b5d7b0204421|rpc:10.1.0.20:15138|admin:10.1.0.20:15137|client:10.1.0.20:15136|dataStream:10.1.0.20:15139|priority:1|startupRole:FOLLOWER, e56d6440-7293-4017-8843-e114a3ddb5c0|rpc:10.1.0.20:15129|admin:10.1.0.20:15128|client:10.1.0.20:15127|dataStream:10.1.0.20:15130|priority:0|startupRole:FOLLOWER] returns group-18C60AD3C6FF:java.util.concurrent.CompletableFuture@766e411[Not completed]
2023-10-04 17:32:23,328 [ac124e44-4b53-434d-bcce-b5d7b0204421-groupManagement] INFO  server.RaftServer$Division (RaftServerImpl.java:<init>(198)) - ac124e44-4b53-434d-bcce-b5d7b0204421: new RaftServerImpl for group-18C60AD3C6FF:[d23c53d9-b989-4348-8850-bf4ef4487d70|rpc:10.1.0.20:15120|admin:10.1.0.20:15119|client:10.1.0.20:15118|dataStream:10.1.0.20:15121|priority:0|startupRole:FOLLOWER, ac124e44-4b53-434d-bcce-b5d7b0204421|rpc:10.1.0.20:15138|admin:10.1.0.20:15137|client:10.1.0.20:15136|dataStream:10.1.0.20:15139|priority:1|startupRole:FOLLOWER, e56d6440-7293-4017-8843-e114a3ddb5c0|rpc:10.1.0.20:15129|admin:10.1.0.20:15128|client:10.1.0.20:15127|dataStream:10.1.0.20:15130|priority:0|startupRole:FOLLOWER] with ContainerStateMachine:uninitialized
2023-10-04 17:32:23,329 [ac124e44-4b53-434d-bcce-b5d7b0204421-groupManagement] INFO  server.RaftServerConfigKeys (ConfUtils.java:logGet(46)) - raft.server.rpc.timeout.min = 5s (custom)
2023-10-04 17:32:23,329 [ac124e44-4b53-434d-bcce-b5d7b0204421-groupManagement] INFO  server.RaftServerConfigKeys (ConfUtils.java:logGet(46)) - raft.server.rpc.timeout.max = 5200ms (custom)
2023-10-04 17:32:23,329 [ac124e44-4b53-434d-bcce-b5d7b0204421-groupManagement] INFO  server.RaftServerConfigKeys (ConfUtils.java:logGet(46)) - raft.server.rpc.sleep.time = 25ms (default)
2023-10-04 17:32:23,329 [ac124e44-4b53-434d-bcce-b5d7b0204421-groupManagement] INFO  server.RaftServerConfigKeys (ConfUtils.java:logGet(46)) - raft.server.rpc.slowness.timeout = 300s (custom)
2023-10-04 17:32:23,329 [ac124e44-4b53-434d-bcce-b5d7b0204421-groupManagement] INFO  server.RaftServerConfigKeys (ConfUtils.java:logGet(46)) - raft.server.leaderelection.leader.step-down.wait-time = 10s (default)
2023-10-04 17:32:23,329 [ac124e44-4b53-434d-bcce-b5d7b0204421-groupManagement] INFO  server.RaftServerConfigKeys (ConfUtils.java:logGet(46)) - raft.server.sleep.deviation.threshold = 300ms (default)
2023-10-04 17:32:23,329 [ac124e44-4b53-434d-bcce-b5d7b0204421-groupManagement] INFO  server.RaftServer$Division (ServerState.java:<init>(120)) - ac124e44-4b53-434d-bcce-b5d7b0204421@group-18C60AD3C6FF: ConfigurationManager, init=-1: peers:[d23c53d9-b989-4348-8850-bf4ef4487d70|rpc:10.1.0.20:15120|admin:10.1.0.20:15119|client:10.1.0.20:15118|dataStream:10.1.0.20:15121|priority:0|startupRole:FOLLOWER, ac124e44-4b53-434d-bcce-b5d7b0204421|rpc:10.1.0.20:15138|admin:10.1.0.20:15137|client:10.1.0.20:15136|dataStream:10.1.0.20:15139|priority:1|startupRole:FOLLOWER, e56d6440-7293-4017-8843-e114a3ddb5c0|rpc:10.1.0.20:15129|admin:10.1.0.20:15128|client:10.1.0.20:15127|dataStream:10.1.0.20:15130|priority:0|startupRole:FOLLOWER]|listeners:[], old=null, confs=<EMPTY_MAP>
2023-10-04 17:32:23,329 [ac124e44-4b53-434d-bcce-b5d7b0204421-groupManagement] INFO  server.RaftServerConfigKeys (ConfUtils.java:logGet(46)) - raft.server.storage.dir = [/home/runner/work/ozone/ozone/hadoop-ozone/integration-test/target/test-dir/MiniOzoneClusterImpl-1a9f8426-f0b4-4ead-8c34-ee0cd8d78978/datanode-2/data/ratis] (custom)
2023-10-04 17:32:23,330 [ac124e44-4b53-434d-bcce-b5d7b0204421-groupManagement] INFO  server.RaftServerConfigKeys (ConfUtils.java:logGet(46)) - raft.server.log.corruption.policy = EXCEPTION (default)
2023-10-04 17:32:23,330 [ac124e44-4b53-434d-bcce-b5d7b0204421-groupManagement] INFO  server.RaftServerConfigKeys (ConfUtils.java:logGet(46)) - raft.server.storage.free-space.min = 0MB (=0) (default)
2023-10-04 17:32:23,330 [ac124e44-4b53-434d-bcce-b5d7b0204421-groupManagement] INFO  server.RaftServerConfigKeys (ConfUtils.java:logGet(46)) - raft.server.notification.no-leader.timeout = 300s (custom)
2023-10-04 17:32:23,330 [ac124e44-4b53-434d-bcce-b5d7b0204421-groupManagement] INFO  server.RaftServerConfigKeys (ConfUtils.java:logGet(46)) - raft.server.read.timeout = 10s (default)
2023-10-04 17:32:23,330 [ac124e44-4b53-434d-bcce-b5d7b0204421-groupManagement] INFO  server.RaftServerConfigKeys (ConfUtils.java:logGet(46)) - raft.server.retrycache.expirytime = 600000ms (custom)
2023-10-04 17:32:23,330 [ac124e44-4b53-434d-bcce-b5d7b0204421-groupManagement] INFO  server.RaftServerConfigKeys (ConfUtils.java:logGet(46)) - raft.server.retrycache.statistics.expirytime = 100μs (default)
2023-10-04 17:32:23,330 [ac124e44-4b53-434d-bcce-b5d7b0204421-groupManagement] INFO  server.RaftServerConfigKeys (ConfUtils.java:logGet(46)) - raft.server.read.option = DEFAULT (default)
2023-10-04 17:32:23,331 [ac124e44-4b53-434d-bcce-b5d7b0204421-groupManagement] INFO  server.RaftServerConfigKeys (ConfUtils.java:logGet(46)) - raft.server.rpc.request.timeout = 60s (custom)
2023-10-04 17:32:23,331 [ac124e44-4b53-434d-bcce-b5d7b0204421-groupManagement] INFO  server.RaftServerConfigKeys (ConfUtils.java:logGet(46)) - raft.server.log.appender.install.snapshot.enabled = false (custom)
2023-10-04 17:32:23,331 [ac124e44-4b53-434d-bcce-b5d7b0204421-groupManagement] INFO  server.RaftServerConfigKeys (ConfUtils.java:logGet(46)) - raft.server.threadpool.server.cached = true (default)
2023-10-04 17:32:23,332 [ac124e44-4b53-434d-bcce-b5d7b0204421-groupManagement] INFO  server.RaftServerConfigKeys (ConfUtils.java:logGet(46)) - raft.server.threadpool.server.size = 0 (default)
2023-10-04 17:32:23,332 [ac124e44-4b53-434d-bcce-b5d7b0204421-groupManagement] INFO  server.RaftServerConfigKeys (ConfUtils.java:logGet(46)) - raft.server.threadpool.client.cached = true (default)
2023-10-04 17:32:23,332 [ac124e44-4b53-434d-bcce-b5d7b0204421-groupManagement] INFO  server.RaftServerConfigKeys (ConfUtils.java:logGet(46)) - raft.server.threadpool.client.size = 0 (default)
2023-10-04 17:32:23,332 [ac124e44-4b53-434d-bcce-b5d7b0204421-groupManagement] INFO  storage.RaftStorageDirectory (RaftStorageDirectoryImpl.java:analyzeStorage(137)) - The storage directory /home/runner/work/ozone/ozone/hadoop-ozone/integration-test/target/test-dir/MiniOzoneClusterImpl-1a9f8426-f0b4-4ead-8c34-ee0cd8d78978/datanode-2/data/ratis/6fdc2f4e-1617-4d7b-8891-18c60ad3c6ff does not exist. Creating ...
2023-10-04 17:32:23,333 [ac124e44-4b53-434d-bcce-b5d7b0204421-groupManagement] INFO  storage.RaftStorageDirectory (RaftStorageDirectoryImpl.java:tryLock(231)) - Lock on /home/runner/work/ozone/ozone/hadoop-ozone/integration-test/target/test-dir/MiniOzoneClusterImpl-1a9f8426-f0b4-4ead-8c34-ee0cd8d78978/datanode-2/data/ratis/6fdc2f4e-1617-4d7b-8891-18c60ad3c6ff/in_use.lock acquired by nodename 7524@fv-az453-706
2023-10-04 17:32:23,335 [ac124e44-4b53-434d-bcce-b5d7b0204421-groupManagement] INFO  storage.RaftStorage (RaftStorageImpl.java:format(96)) - Storage directory /home/runner/work/ozone/ozone/hadoop-ozone/integration-test/target/test-dir/MiniOzoneClusterImpl-1a9f8426-f0b4-4ead-8c34-ee0cd8d78978/datanode-2/data/ratis/6fdc2f4e-1617-4d7b-8891-18c60ad3c6ff has been successfully formatted.
2023-10-04 17:32:23,337 [ac124e44-4b53-434d-bcce-b5d7b0204421-groupManagement] INFO  ratis.ContainerStateMachine (ContainerStateMachine.java:loadSnapshot(262)) - group-18C60AD3C6FF: The snapshot info is null. Setting the last applied indexto:(t:0, i:~)
2023-10-04 17:32:23,339 [ac124e44-4b53-434d-bcce-b5d7b0204421-groupManagement] INFO  server.RaftServerConfigKeys (ConfUtils.java:logGet(46)) - raft.server.log.use.memory = false (default)
2023-10-04 17:32:23,339 [ac124e44-4b53-434d-bcce-b5d7b0204421-groupManagement] INFO  server.RaftServerConfigKeys (ConfUtils.java:logGet(46)) - raft.server.log.purge.gap = 1000000 (custom)
2023-10-04 17:32:23,339 [ac124e44-4b53-434d-bcce-b5d7b0204421-groupManagement] INFO  server.RaftServerConfigKeys (ConfUtils.java:logGet(46)) - raft.server.log.appender.buffer.byte-limit = 33554432 (custom)
2023-10-04 17:32:23,339 [ac124e44-4b53-434d-bcce-b5d7b0204421-groupManagement] INFO  server.RaftServerConfigKeys (ConfUtils.java:logGet(46)) - raft.server.log.statemachine.data.read.timeout = 1000ms (default)
2023-10-04 17:32:23,340 [ac124e44-4b53-434d-bcce-b5d7b0204421-groupManagement] INFO  server.RaftServerConfigKeys (ConfUtils.java:logGet(46)) - raft.server.log.purge.preservation.log.num = 0 (default)
2023-10-04 17:32:23,340 [ac124e44-4b53-434d-bcce-b5d7b0204421-groupManagement] INFO  server.RaftServerConfigKeys (ConfUtils.java:logGet(46)) - raft.server.log.segment.size.max = 1048576 (custom)
2023-10-04 17:32:23,340 [ac124e44-4b53-434d-bcce-b5d7b0204421-groupManagement] INFO  server.RaftServerConfigKeys (ConfUtils.java:logGet(46)) - raft.server.log.segment.cache.num.max = 2 (custom)
2023-10-04 17:32:23,341 [ac124e44-4b53-434d-bcce-b5d7b0204421-groupManagement] INFO  server.RaftServerConfigKeys (ConfUtils.java:logGet(46)) - raft.server.log.segment.cache.size.max = 200MB (=209715200) (default)
2023-10-04 17:32:23,341 [ac124e44-4b53-434d-bcce-b5d7b0204421-groupManagement] INFO  server.RaftServerConfigKeys (ConfUtils.java:logGet(46)) - raft.server.log.appender.buffer.byte-limit = 33554432 (custom)
2023-10-04 17:32:23,341 [ac124e44-4b53-434d-bcce-b5d7b0204421-groupManagement] INFO  segmented.SegmentedRaftLogWorker (SegmentedRaftLogWorker.java:<init>(188)) - new ac124e44-4b53-434d-bcce-b5d7b0204421@group-18C60AD3C6FF-SegmentedRaftLogWorker for RaftStorageImpl:Storage Directory /home/runner/work/ozone/ozone/hadoop-ozone/integration-test/target/test-dir/MiniOzoneClusterImpl-1a9f8426-f0b4-4ead-8c34-ee0cd8d78978/datanode-2/data/ratis/6fdc2f4e-1617-4d7b-8891-18c60ad3c6ff
2023-10-04 17:32:23,341 [ac124e44-4b53-434d-bcce-b5d7b0204421-groupManagement] INFO  server.RaftServerConfigKeys (ConfUtils.java:logGet(46)) - raft.server.log.queue.byte-limit = 4294967296 (custom)
2023-10-04 17:32:23,341 [ac124e44-4b53-434d-bcce-b5d7b0204421-groupManagement] INFO  server.RaftServerConfigKeys (ConfUtils.java:logGet(46)) - raft.server.log.queue.element-limit = 1024 (custom)
2023-10-04 17:32:23,341 [ac124e44-4b53-434d-bcce-b5d7b0204421-groupManagement] INFO  server.RaftServerConfigKeys (ConfUtils.java:logGet(46)) - raft.server.log.segment.size.max = 1048576 (custom)
2023-10-04 17:32:23,341 [ac124e44-4b53-434d-bcce-b5d7b0204421-groupManagement] INFO  server.RaftServerConfigKeys (ConfUtils.java:logGet(46)) - raft.server.log.preallocated.size = 16384 (custom)
2023-10-04 17:32:23,341 [ac124e44-4b53-434d-bcce-b5d7b0204421-groupManagement] INFO  server.RaftServerConfigKeys (ConfUtils.java:logGet(46)) - raft.server.log.force.sync.num = 128 (default)
2023-10-04 17:32:23,341 [ac124e44-4b53-434d-bcce-b5d7b0204421-groupManagement] INFO  server.RaftServerConfigKeys (ConfUtils.java:logGet(46)) - raft.server.log.statemachine.data.sync = true (default)
2023-10-04 17:32:23,341 [ac124e44-4b53-434d-bcce-b5d7b0204421-groupManagement] INFO  server.RaftServerConfigKeys (ConfUtils.java:logGet(46)) - raft.server.log.statemachine.data.sync.timeout = 10s (default)
2023-10-04 17:32:23,341 [ac124e44-4b53-434d-bcce-b5d7b0204421-groupManagement] INFO  server.RaftServerConfigKeys (ConfUtils.java:logGet(46)) - raft.server.log.statemachine.data.sync.timeout.retry = -1 (default)
2023-10-04 17:32:23,342 [ac124e44-4b53-434d-bcce-b5d7b0204421-groupManagement] INFO  server.RaftServerConfigKeys (ConfUtils.java:logGet(46)) - raft.server.log.write.buffer.size = 1048576 (custom)
2023-10-04 17:32:23,343 [ac124e44-4b53-434d-bcce-b5d7b0204421-groupManagement] INFO  server.RaftServerConfigKeys (ConfUtils.java:logGet(46)) - raft.server.log.appender.buffer.byte-limit = 33554432 (custom)
2023-10-04 17:32:23,348 [ac124e44-4b53-434d-bcce-b5d7b0204421-groupManagement] INFO  server.RaftServerConfigKeys (ConfUtils.java:logGet(46)) - raft.server.log.unsafe-flush.enabled = false (default)
2023-10-04 17:32:23,349 [ac124e44-4b53-434d-bcce-b5d7b0204421-groupManagement] INFO  server.RaftServerConfigKeys (ConfUtils.java:logGet(46)) - raft.server.log.async-flush.enabled = false (default)
2023-10-04 17:32:23,349 [ac124e44-4b53-434d-bcce-b5d7b0204421-groupManagement] INFO  server.RaftServerConfigKeys (ConfUtils.java:logGet(46)) - raft.server.log.statemachine.data.caching.enabled = true (custom)
2023-10-04 17:32:23,349 [ac124e44-4b53-434d-bcce-b5d7b0204421-groupManagement] INFO  segmented.SegmentedRaftLogWorker (SegmentedRaftLogWorker.java:lambda$new$0(135)) - ac124e44-4b53-434d-bcce-b5d7b0204421@group-18C60AD3C6FF-SegmentedRaftLogWorker: flushIndex: setUnconditionally 0 -> -1
2023-10-04 17:32:23,349 [ac124e44-4b53-434d-bcce-b5d7b0204421-groupManagement] INFO  segmented.SegmentedRaftLogWorker (SegmentedRaftLogWorker.java:lambda$new$0(135)) - ac124e44-4b53-434d-bcce-b5d7b0204421@group-18C60AD3C6FF-SegmentedRaftLogWorker: safeCacheEvictIndex: setUnconditionally 0 -> -1
2023-10-04 17:32:23,349 [ac124e44-4b53-434d-bcce-b5d7b0204421-groupManagement] INFO  server.RaftServer$Division (RaftServerImpl.java:start(342)) - ac124e44-4b53-434d-bcce-b5d7b0204421@group-18C60AD3C6FF: start as a follower, conf=-1: peers:[d23c53d9-b989-4348-8850-bf4ef4487d70|rpc:10.1.0.20:15120|admin:10.1.0.20:15119|client:10.1.0.20:15118|dataStream:10.1.0.20:15121|priority:0|startupRole:FOLLOWER, ac124e44-4b53-434d-bcce-b5d7b0204421|rpc:10.1.0.20:15138|admin:10.1.0.20:15137|client:10.1.0.20:15136|dataStream:10.1.0.20:15139|priority:1|startupRole:FOLLOWER, e56d6440-7293-4017-8843-e114a3ddb5c0|rpc:10.1.0.20:15129|admin:10.1.0.20:15128|client:10.1.0.20:15127|dataStream:10.1.0.20:15130|priority:0|startupRole:FOLLOWER]|listeners:[], old=null
2023-10-04 17:32:23,349 [ac124e44-4b53-434d-bcce-b5d7b0204421-groupManagement] INFO  server.RaftServer$Division (RaftServerImpl.java:setRole(329)) - ac124e44-4b53-434d-bcce-b5d7b0204421@group-18C60AD3C6FF: changes role from      null to FOLLOWER at term 0 for startAsFollower
2023-10-04 17:32:23,349 [ac124e44-4b53-434d-bcce-b5d7b0204421-groupManagement] INFO  impl.RoleInfo (RoleInfo.java:updateAndGet(139)) - ac124e44-4b53-434d-bcce-b5d7b0204421: start ac124e44-4b53-434d-bcce-b5d7b0204421@group-18C60AD3C6FF-FollowerState
2023-10-04 17:32:23,358 [ac124e44-4b53-434d-bcce-b5d7b0204421-groupManagement] INFO  util.JmxRegister (JmxRegister.java:tryRegister(44)) - Successfully registered JMX Bean with object name Ratis:service=RaftServer,group=group-18C60AD3C6FF,id=ac124e44-4b53-434d-bcce-b5d7b0204421
2023-10-04 17:32:23,358 [ac124e44-4b53-434d-bcce-b5d7b0204421-groupManagement] INFO  server.RaftServerConfigKeys (ConfUtils.java:logGet(46)) - raft.server.snapshot.auto.trigger.enabled = true (custom)
2023-10-04 17:32:23,358 [ac124e44-4b53-434d-bcce-b5d7b0204421-groupManagement] INFO  server.RaftServerConfigKeys (ConfUtils.java:logGet(46)) - raft.server.snapshot.auto.trigger.threshold = 10000 (custom)
2023-10-04 17:32:23,358 [ac124e44-4b53-434d-bcce-b5d7b0204421-groupManagement] INFO  server.RaftServerConfigKeys (ConfUtils.java:logGet(46)) - raft.server.snapshot.retention.file.num = 5 (custom)
2023-10-04 17:32:23,358 [ac124e44-4b53-434d-bcce-b5d7b0204421-groupManagement] INFO  server.RaftServerConfigKeys (ConfUtils.java:logGet(46)) - raft.server.log.purge.upto.snapshot.index = false (default)
2023-10-04 17:32:23,359 [ac124e44-4b53-434d-bcce-b5d7b0204421@group-18C60AD3C6FF-FollowerState] INFO  server.RaftServerConfigKeys (ConfUtils.java:logFallback(53)) - raft.server.rpc.first-election.timeout.min = 5s (fallback to raft.server.rpc.timeout.min)
2023-10-04 17:32:23,359 [ac124e44-4b53-434d-bcce-b5d7b0204421@group-18C60AD3C6FF-FollowerState] INFO  server.RaftServerConfigKeys (ConfUtils.java:logFallback(53)) - raft.server.rpc.first-election.timeout.max = 5200ms (fallback to raft.server.rpc.timeout.max)
2023-10-04 17:32:23,376 [PipelineCommandHandlerThread-0] INFO  commandhandler.CreatePipelineCommandHandler (CreatePipelineCommandHandler.java:lambda$handle$2(124)) - Created Pipeline RATIS THREE PipelineID=6fdc2f4e-1617-4d7b-8891-18c60ad3c6ff.
2023-10-04 17:32:23,377 [PipelineCommandHandlerThread-0] INFO  server.RaftServer (RaftServerProxy.java:addNew(98)) - d23c53d9-b989-4348-8850-bf4ef4487d70: addNew group-797DA2831D72:[d23c53d9-b989-4348-8850-bf4ef4487d70|rpc:10.1.0.20:15120|admin:10.1.0.20:15119|client:10.1.0.20:15118|dataStream:10.1.0.20:15121|priority:1|startupRole:FOLLOWER, ac124e44-4b53-434d-bcce-b5d7b0204421|rpc:10.1.0.20:15138|admin:10.1.0.20:15137|client:10.1.0.20:15136|dataStream:10.1.0.20:15139|priority:0|startupRole:FOLLOWER, e56d6440-7293-4017-8843-e114a3ddb5c0|rpc:10.1.0.20:15129|admin:10.1.0.20:15128|client:10.1.0.20:15127|dataStream:10.1.0.20:15130|priority:0|startupRole:FOLLOWER] returns group-797DA2831D72:java.util.concurrent.CompletableFuture@7d868f9f[Not completed]
2023-10-04 17:32:23,378 [d23c53d9-b989-4348-8850-bf4ef4487d70-groupManagement] INFO  server.RaftServer$Division (RaftServerImpl.java:<init>(198)) - d23c53d9-b989-4348-8850-bf4ef4487d70: new RaftServerImpl for group-797DA2831D72:[d23c53d9-b989-4348-8850-bf4ef4487d70|rpc:10.1.0.20:15120|admin:10.1.0.20:15119|client:10.1.0.20:15118|dataStream:10.1.0.20:15121|priority:1|startupRole:FOLLOWER, ac124e44-4b53-434d-bcce-b5d7b0204421|rpc:10.1.0.20:15138|admin:10.1.0.20:15137|client:10.1.0.20:15136|dataStream:10.1.0.20:15139|priority:0|startupRole:FOLLOWER, e56d6440-7293-4017-8843-e114a3ddb5c0|rpc:10.1.0.20:15129|admin:10.1.0.20:15128|client:10.1.0.20:15127|dataStream:10.1.0.20:15130|priority:0|startupRole:FOLLOWER] with ContainerStateMachine:uninitialized
2023-10-04 17:32:23,378 [d23c53d9-b989-4348-8850-bf4ef4487d70-groupManagement] INFO  server.RaftServerConfigKeys (ConfUtils.java:logGet(46)) - raft.server.rpc.timeout.min = 5s (custom)
2023-10-04 17:32:23,378 [d23c53d9-b989-4348-8850-bf4ef4487d70-groupManagement] INFO  server.RaftServerConfigKeys (ConfUtils.java:logGet(46)) - raft.server.rpc.timeout.max = 5200ms (custom)
2023-10-04 17:32:23,378 [d23c53d9-b989-4348-8850-bf4ef4487d70-groupManagement] INFO  server.RaftServerConfigKeys (ConfUtils.java:logGet(46)) - raft.server.rpc.sleep.time = 25ms (default)
2023-10-04 17:32:23,378 [d23c53d9-b989-4348-8850-bf4ef4487d70-groupManagement] INFO  server.RaftServerConfigKeys (ConfUtils.java:logGet(46)) - raft.server.rpc.slowness.timeout = 300s (custom)
2023-10-04 17:32:23,378 [d23c53d9-b989-4348-8850-bf4ef4487d70-groupManagement] INFO  server.RaftServerConfigKeys (ConfUtils.java:logGet(46)) - raft.server.leaderelection.leader.step-down.wait-time = 10s (default)
2023-10-04 17:32:23,378 [d23c53d9-b989-4348-8850-bf4ef4487d70-groupManagement] INFO  server.RaftServerConfigKeys (ConfUtils.java:logGet(46)) - raft.server.sleep.deviation.threshold = 300ms (default)
2023-10-04 17:32:23,378 [d23c53d9-b989-4348-8850-bf4ef4487d70-groupManagement] INFO  server.RaftServer$Division (ServerState.java:<init>(120)) - d23c53d9-b989-4348-8850-bf4ef4487d70@group-797DA2831D72: ConfigurationManager, init=-1: peers:[d23c53d9-b989-4348-8850-bf4ef4487d70|rpc:10.1.0.20:15120|admin:10.1.0.20:15119|client:10.1.0.20:15118|dataStream:10.1.0.20:15121|priority:1|startupRole:FOLLOWER, ac124e44-4b53-434d-bcce-b5d7b0204421|rpc:10.1.0.20:15138|admin:10.1.0.20:15137|client:10.1.0.20:15136|dataStream:10.1.0.20:15139|priority:0|startupRole:FOLLOWER, e56d6440-7293-4017-8843-e114a3ddb5c0|rpc:10.1.0.20:15129|admin:10.1.0.20:15128|client:10.1.0.20:15127|dataStream:10.1.0.20:15130|priority:0|startupRole:FOLLOWER]|listeners:[], old=null, confs=<EMPTY_MAP>
2023-10-04 17:32:23,378 [d23c53d9-b989-4348-8850-bf4ef4487d70-groupManagement] INFO  server.RaftServerConfigKeys (ConfUtils.java:logGet(46)) - raft.server.storage.dir = [/home/runner/work/ozone/ozone/hadoop-ozone/integration-test/target/test-dir/MiniOzoneClusterImpl-1a9f8426-f0b4-4ead-8c34-ee0cd8d78978/datanode-0/data/ratis] (custom)
2023-10-04 17:32:23,378 [d23c53d9-b989-4348-8850-bf4ef4487d70-groupManagement] INFO  server.RaftServerConfigKeys (ConfUtils.java:logGet(46)) - raft.server.log.corruption.policy = EXCEPTION (default)
2023-10-04 17:32:23,378 [d23c53d9-b989-4348-8850-bf4ef4487d70-groupManagement] INFO  server.RaftServerConfigKeys (ConfUtils.java:logGet(46)) - raft.server.storage.free-space.min = 0MB (=0) (default)
2023-10-04 17:32:23,379 [d23c53d9-b989-4348-8850-bf4ef4487d70-groupManagement] INFO  server.RaftServerConfigKeys (ConfUtils.java:logGet(46)) - raft.server.notification.no-leader.timeout = 300s (custom)
2023-10-04 17:32:23,379 [d23c53d9-b989-4348-8850-bf4ef4487d70-groupManagement] INFO  server.RaftServerConfigKeys (ConfUtils.java:logGet(46)) - raft.server.read.timeout = 10s (default)
2023-10-04 17:32:23,379 [d23c53d9-b989-4348-8850-bf4ef4487d70-groupManagement] INFO  server.RaftServerConfigKeys (ConfUtils.java:logGet(46)) - raft.server.retrycache.expirytime = 600000ms (custom)
2023-10-04 17:32:23,379 [d23c53d9-b989-4348-8850-bf4ef4487d70-groupManagement] INFO  server.RaftServerConfigKeys (ConfUtils.java:logGet(46)) - raft.server.retrycache.statistics.expirytime = 100μs (default)
2023-10-04 17:32:23,379 [d23c53d9-b989-4348-8850-bf4ef4487d70-groupManagement] INFO  server.RaftServerConfigKeys (ConfUtils.java:logGet(46)) - raft.server.read.option = DEFAULT (default)
2023-10-04 17:32:23,379 [d23c53d9-b989-4348-8850-bf4ef4487d70-groupManagement] INFO  server.RaftServerConfigKeys (ConfUtils.java:logGet(46)) - raft.server.rpc.request.timeout = 60s (custom)
2023-10-04 17:32:23,379 [d23c53d9-b989-4348-8850-bf4ef4487d70-groupManagement] INFO  server.RaftServerConfigKeys (ConfUtils.java:logGet(46)) - raft.server.log.appender.install.snapshot.enabled = false (custom)
2023-10-04 17:32:23,380 [d23c53d9-b989-4348-8850-bf4ef4487d70-groupManagement] INFO  server.RaftServerConfigKeys (ConfUtils.java:logGet(46)) - raft.server.threadpool.server.cached = true (default)
2023-10-04 17:32:23,380 [d23c53d9-b989-4348-8850-bf4ef4487d70-groupManagement] INFO  server.RaftServerConfigKeys (ConfUtils.java:logGet(46)) - raft.server.threadpool.server.size = 0 (default)
2023-10-04 17:32:23,380 [d23c53d9-b989-4348-8850-bf4ef4487d70-groupManagement] INFO  server.RaftServerConfigKeys (ConfUtils.java:logGet(46)) - raft.server.threadpool.client.cached = true (default)
2023-10-04 17:32:23,380 [d23c53d9-b989-4348-8850-bf4ef4487d70-groupManagement] INFO  server.RaftServerConfigKeys (ConfUtils.java:logGet(46)) - raft.server.threadpool.client.size = 0 (default)
2023-10-04 17:32:23,380 [d23c53d9-b989-4348-8850-bf4ef4487d70-groupManagement] INFO  storage.RaftStorageDirectory (RaftStorageDirectoryImpl.java:analyzeStorage(137)) - The storage directory /home/runner/work/ozone/ozone/hadoop-ozone/integration-test/target/test-dir/MiniOzoneClusterImpl-1a9f8426-f0b4-4ead-8c34-ee0cd8d78978/datanode-0/data/ratis/f1b24073-76b4-410e-b80a-797da2831d72 does not exist. Creating ...
2023-10-04 17:32:23,383 [d23c53d9-b989-4348-8850-bf4ef4487d70-groupManagement] INFO  storage.RaftStorageDirectory (RaftStorageDirectoryImpl.java:tryLock(231)) - Lock on /home/runner/work/ozone/ozone/hadoop-ozone/integration-test/target/test-dir/MiniOzoneClusterImpl-1a9f8426-f0b4-4ead-8c34-ee0cd8d78978/datanode-0/data/ratis/f1b24073-76b4-410e-b80a-797da2831d72/in_use.lock acquired by nodename 7524@fv-az453-706
2023-10-04 17:32:23,386 [d23c53d9-b989-4348-8850-bf4ef4487d70-groupManagement] INFO  storage.RaftStorage (RaftStorageImpl.java:format(96)) - Storage directory /home/runner/work/ozone/ozone/hadoop-ozone/integration-test/target/test-dir/MiniOzoneClusterImpl-1a9f8426-f0b4-4ead-8c34-ee0cd8d78978/datanode-0/data/ratis/f1b24073-76b4-410e-b80a-797da2831d72 has been successfully formatted.
2023-10-04 17:32:23,386 [d23c53d9-b989-4348-8850-bf4ef4487d70-groupManagement] INFO  ratis.ContainerStateMachine (ContainerStateMachine.java:loadSnapshot(262)) - group-797DA2831D72: The snapshot info is null. Setting the last applied indexto:(t:0, i:~)
2023-10-04 17:32:23,386 [d23c53d9-b989-4348-8850-bf4ef4487d70-groupManagement] INFO  server.RaftServerConfigKeys (ConfUtils.java:logGet(46)) - raft.server.log.use.memory = false (default)
2023-10-04 17:32:23,386 [d23c53d9-b989-4348-8850-bf4ef4487d70-groupManagement] INFO  server.RaftServerConfigKeys (ConfUtils.java:logGet(46)) - raft.server.log.purge.gap = 1000000 (custom)
2023-10-04 17:32:23,386 [d23c53d9-b989-4348-8850-bf4ef4487d70-groupManagement] INFO  server.RaftServerConfigKeys (ConfUtils.java:logGet(46)) - raft.server.log.appender.buffer.byte-limit = 33554432 (custom)
2023-10-04 17:32:23,386 [d23c53d9-b989-4348-8850-bf4ef4487d70-groupManagement] INFO  server.RaftServerConfigKeys (ConfUtils.java:logGet(46)) - raft.server.log.statemachine.data.read.timeout = 1000ms (default)
2023-10-04 17:32:23,386 [d23c53d9-b989-4348-8850-bf4ef4487d70-groupManagement] INFO  server.RaftServerConfigKeys (ConfUtils.java:logGet(46)) - raft.server.log.purge.preservation.log.num = 0 (default)
2023-10-04 17:32:23,387 [EventQueue-OpenPipelineForHealthyPipelineSafeModeRule] INFO  safemode.SCMSafeModeManager (HealthyPipelineSafeModeRule.java:process(137)) - SCM in safe mode. Healthy pipelines reported count is 0, required healthy pipeline reported count is 1
2023-10-04 17:32:23,387 [d23c53d9-b989-4348-8850-bf4ef4487d70-groupManagement] INFO  server.RaftServerConfigKeys (ConfUtils.java:logGet(46)) - raft.server.log.segment.size.max = 1048576 (custom)
2023-10-04 17:32:23,388 [d23c53d9-b989-4348-8850-bf4ef4487d70-groupManagement] INFO  server.RaftServerConfigKeys (ConfUtils.java:logGet(46)) - raft.server.log.segment.cache.num.max = 2 (custom)
2023-10-04 17:32:23,388 [d23c53d9-b989-4348-8850-bf4ef4487d70-groupManagement] INFO  server.RaftServerConfigKeys (ConfUtils.java:logGet(46)) - raft.server.log.segment.cache.size.max = 200MB (=209715200) (default)
2023-10-04 17:32:23,388 [d23c53d9-b989-4348-8850-bf4ef4487d70-groupManagement] INFO  server.RaftServerConfigKeys (ConfUtils.java:logGet(46)) - raft.server.log.appender.buffer.byte-limit = 33554432 (custom)
2023-10-04 17:32:23,388 [d23c53d9-b989-4348-8850-bf4ef4487d70-groupManagement] INFO  segmented.SegmentedRaftLogWorker (SegmentedRaftLogWorker.java:<init>(188)) - new d23c53d9-b989-4348-8850-bf4ef4487d70@group-797DA2831D72-SegmentedRaftLogWorker for RaftStorageImpl:Storage Directory /home/runner/work/ozone/ozone/hadoop-ozone/integration-test/target/test-dir/MiniOzoneClusterImpl-1a9f8426-f0b4-4ead-8c34-ee0cd8d78978/datanode-0/data/ratis/f1b24073-76b4-410e-b80a-797da2831d72
2023-10-04 17:32:23,388 [d23c53d9-b989-4348-8850-bf4ef4487d70-groupManagement] INFO  server.RaftServerConfigKeys (ConfUtils.java:logGet(46)) - raft.server.log.queue.byte-limit = 4294967296 (custom)
2023-10-04 17:32:23,388 [d23c53d9-b989-4348-8850-bf4ef4487d70-groupManagement] INFO  server.RaftServerConfigKeys (ConfUtils.java:logGet(46)) - raft.server.log.queue.element-limit = 1024 (custom)
2023-10-04 17:32:23,388 [d23c53d9-b989-4348-8850-bf4ef4487d70-groupManagement] INFO  server.RaftServerConfigKeys (ConfUtils.java:logGet(46)) - raft.server.log.segment.size.max = 1048576 (custom)
2023-10-04 17:32:23,388 [d23c53d9-b989-4348-8850-bf4ef4487d70-groupManagement] INFO  server.RaftServerConfigKeys (ConfUtils.java:logGet(46)) - raft.server.log.preallocated.size = 16384 (custom)
2023-10-04 17:32:23,388 [d23c53d9-b989-4348-8850-bf4ef4487d70-groupManagement] INFO  server.RaftServerConfigKeys (ConfUtils.java:logGet(46)) - raft.server.log.force.sync.num = 128 (default)
2023-10-04 17:32:23,388 [d23c53d9-b989-4348-8850-bf4ef4487d70-groupManagement] INFO  server.RaftServerConfigKeys (ConfUtils.java:logGet(46)) - raft.server.log.statemachine.data.sync = true (default)
2023-10-04 17:32:23,388 [d23c53d9-b989-4348-8850-bf4ef4487d70-groupManagement] INFO  server.RaftServerConfigKeys (ConfUtils.java:logGet(46)) - raft.server.log.statemachine.data.sync.timeout = 10s (default)
2023-10-04 17:32:23,388 [d23c53d9-b989-4348-8850-bf4ef4487d70-groupManagement] INFO  server.RaftServerConfigKeys (ConfUtils.java:logGet(46)) - raft.server.log.statemachine.data.sync.timeout.retry = -1 (default)
2023-10-04 17:32:23,389 [d23c53d9-b989-4348-8850-bf4ef4487d70-groupManagement] INFO  server.RaftServerConfigKeys (ConfUtils.java:logGet(46)) - raft.server.log.write.buffer.size = 1048576 (custom)
2023-10-04 17:32:23,391 [d23c53d9-b989-4348-8850-bf4ef4487d70-groupManagement] INFO  server.RaftServerConfigKeys (ConfUtils.java:logGet(46)) - raft.server.log.appender.buffer.byte-limit = 33554432 (custom)
2023-10-04 17:32:23,396 [d23c53d9-b989-4348-8850-bf4ef4487d70-groupManagement] INFO  server.RaftServerConfigKeys (ConfUtils.java:logGet(46)) - raft.server.log.unsafe-flush.enabled = false (default)
2023-10-04 17:32:23,396 [d23c53d9-b989-4348-8850-bf4ef4487d70-groupManagement] INFO  server.RaftServerConfigKeys (ConfUtils.java:logGet(46)) - raft.server.log.async-flush.enabled = false (default)
2023-10-04 17:32:23,396 [d23c53d9-b989-4348-8850-bf4ef4487d70-groupManagement] INFO  server.RaftServerConfigKeys (ConfUtils.java:logGet(46)) - raft.server.log.statemachine.data.caching.enabled = true (custom)
2023-10-04 17:32:23,396 [d23c53d9-b989-4348-8850-bf4ef4487d70-groupManagement] INFO  segmented.SegmentedRaftLogWorker (SegmentedRaftLogWorker.java:lambda$new$0(135)) - d23c53d9-b989-4348-8850-bf4ef4487d70@group-797DA2831D72-SegmentedRaftLogWorker: flushIndex: setUnconditionally 0 -> -1
2023-10-04 17:32:23,396 [d23c53d9-b989-4348-8850-bf4ef4487d70-groupManagement] INFO  segmented.SegmentedRaftLogWorker (SegmentedRaftLogWorker.java:lambda$new$0(135)) - d23c53d9-b989-4348-8850-bf4ef4487d70@group-797DA2831D72-SegmentedRaftLogWorker: safeCacheEvictIndex: setUnconditionally 0 -> -1
2023-10-04 17:32:23,396 [d23c53d9-b989-4348-8850-bf4ef4487d70-groupManagement] INFO  server.RaftServer$Division (RaftServerImpl.java:start(342)) - d23c53d9-b989-4348-8850-bf4ef4487d70@group-797DA2831D72: start as a follower, conf=-1: peers:[d23c53d9-b989-4348-8850-bf4ef4487d70|rpc:10.1.0.20:15120|admin:10.1.0.20:15119|client:10.1.0.20:15118|dataStream:10.1.0.20:15121|priority:1|startupRole:FOLLOWER, ac124e44-4b53-434d-bcce-b5d7b0204421|rpc:10.1.0.20:15138|admin:10.1.0.20:15137|client:10.1.0.20:15136|dataStream:10.1.0.20:15139|priority:0|startupRole:FOLLOWER, e56d6440-7293-4017-8843-e114a3ddb5c0|rpc:10.1.0.20:15129|admin:10.1.0.20:15128|client:10.1.0.20:15127|dataStream:10.1.0.20:15130|priority:0|startupRole:FOLLOWER]|listeners:[], old=null
2023-10-04 17:32:23,396 [d23c53d9-b989-4348-8850-bf4ef4487d70-groupManagement] INFO  server.RaftServer$Division (RaftServerImpl.java:setRole(329)) - d23c53d9-b989-4348-8850-bf4ef4487d70@group-797DA2831D72: changes role from      null to FOLLOWER at term 0 for startAsFollower
2023-10-04 17:32:23,397 [d23c53d9-b989-4348-8850-bf4ef4487d70-groupManagement] INFO  impl.RoleInfo (RoleInfo.java:updateAndGet(139)) - d23c53d9-b989-4348-8850-bf4ef4487d70: start d23c53d9-b989-4348-8850-bf4ef4487d70@group-797DA2831D72-FollowerState
2023-10-04 17:32:23,397 [d23c53d9-b989-4348-8850-bf4ef4487d70-groupManagement] INFO  util.JmxRegister (JmxRegister.java:tryRegister(44)) - Successfully registered JMX Bean with object name Ratis:service=RaftServer,group=group-797DA2831D72,id=d23c53d9-b989-4348-8850-bf4ef4487d70
2023-10-04 17:32:23,397 [d23c53d9-b989-4348-8850-bf4ef4487d70-groupManagement] INFO  server.RaftServerConfigKeys (ConfUtils.java:logGet(46)) - raft.server.snapshot.auto.trigger.enabled = true (custom)
2023-10-04 17:32:23,397 [d23c53d9-b989-4348-8850-bf4ef4487d70-groupManagement] INFO  server.RaftServerConfigKeys (ConfUtils.java:logGet(46)) - raft.server.snapshot.auto.trigger.threshold = 10000 (custom)
2023-10-04 17:32:23,397 [d23c53d9-b989-4348-8850-bf4ef4487d70-groupManagement] INFO  server.RaftServerConfigKeys (ConfUtils.java:logGet(46)) - raft.server.snapshot.retention.file.num = 5 (custom)
2023-10-04 17:32:23,397 [d23c53d9-b989-4348-8850-bf4ef4487d70-groupManagement] INFO  server.RaftServerConfigKeys (ConfUtils.java:logGet(46)) - raft.server.log.purge.upto.snapshot.index = false (default)
2023-10-04 17:32:23,398 [d23c53d9-b989-4348-8850-bf4ef4487d70@group-797DA2831D72-FollowerState] INFO  server.RaftServerConfigKeys (ConfUtils.java:logFallback(53)) - raft.server.rpc.first-election.timeout.min = 5s (fallback to raft.server.rpc.timeout.min)
2023-10-04 17:32:23,398 [d23c53d9-b989-4348-8850-bf4ef4487d70@group-797DA2831D72-FollowerState] INFO  server.RaftServerConfigKeys (ConfUtils.java:logFallback(53)) - raft.server.rpc.first-election.timeout.max = 5200ms (fallback to raft.server.rpc.timeout.max)
2023-10-04 17:32:23,398 [PipelineCommandHandlerThread-0] INFO  ratis.XceiverServerRatis (XceiverServerRatis.java:addGroup(804)) - Created group PipelineID=f1b24073-76b4-410e-b80a-797da2831d72
2023-10-04 17:32:23,409 [grpc-default-executor-0] INFO  server.RaftServer (RaftServerProxy.java:addNew(98)) - e56d6440-7293-4017-8843-e114a3ddb5c0: addNew group-797DA2831D72:[d23c53d9-b989-4348-8850-bf4ef4487d70|rpc:10.1.0.20:15120|admin:10.1.0.20:15119|client:10.1.0.20:15118|dataStream:10.1.0.20:15121|priority:1|startupRole:FOLLOWER, ac124e44-4b53-434d-bcce-b5d7b0204421|rpc:10.1.0.20:15138|admin:10.1.0.20:15137|client:10.1.0.20:15136|dataStream:10.1.0.20:15139|priority:0|startupRole:FOLLOWER, e56d6440-7293-4017-8843-e114a3ddb5c0|rpc:10.1.0.20:15129|admin:10.1.0.20:15128|client:10.1.0.20:15127|dataStream:10.1.0.20:15130|priority:0|startupRole:FOLLOWER] returns group-797DA2831D72:java.util.concurrent.CompletableFuture@192d3c00[Not completed]
2023-10-04 17:32:23,410 [e56d6440-7293-4017-8843-e114a3ddb5c0-groupManagement] INFO  server.RaftServer$Division (RaftServerImpl.java:<init>(198)) - e56d6440-7293-4017-8843-e114a3ddb5c0: new RaftServerImpl for group-797DA2831D72:[d23c53d9-b989-4348-8850-bf4ef4487d70|rpc:10.1.0.20:15120|admin:10.1.0.20:15119|client:10.1.0.20:15118|dataStream:10.1.0.20:15121|priority:1|startupRole:FOLLOWER, ac124e44-4b53-434d-bcce-b5d7b0204421|rpc:10.1.0.20:15138|admin:10.1.0.20:15137|client:10.1.0.20:15136|dataStream:10.1.0.20:15139|priority:0|startupRole:FOLLOWER, e56d6440-7293-4017-8843-e114a3ddb5c0|rpc:10.1.0.20:15129|admin:10.1.0.20:15128|client:10.1.0.20:15127|dataStream:10.1.0.20:15130|priority:0|startupRole:FOLLOWER] with ContainerStateMachine:uninitialized
2023-10-04 17:32:23,410 [e56d6440-7293-4017-8843-e114a3ddb5c0-groupManagement] INFO  server.RaftServerConfigKeys (ConfUtils.java:logGet(46)) - raft.server.rpc.timeout.min = 5s (custom)
2023-10-04 17:32:23,410 [e56d6440-7293-4017-8843-e114a3ddb5c0-groupManagement] INFO  server.RaftServerConfigKeys (ConfUtils.java:logGet(46)) - raft.server.rpc.timeout.max = 5200ms (custom)
2023-10-04 17:32:23,410 [e56d6440-7293-4017-8843-e114a3ddb5c0-groupManagement] INFO  server.RaftServerConfigKeys (ConfUtils.java:logGet(46)) - raft.server.rpc.sleep.time = 25ms (default)
2023-10-04 17:32:23,410 [e56d6440-7293-4017-8843-e114a3ddb5c0-groupManagement] INFO  server.RaftServerConfigKeys (ConfUtils.java:logGet(46)) - raft.server.rpc.slowness.timeout = 300s (custom)
2023-10-04 17:32:23,410 [e56d6440-7293-4017-8843-e114a3ddb5c0-groupManagement] INFO  server.RaftServerConfigKeys (ConfUtils.java:logGet(46)) - raft.server.leaderelection.leader.step-down.wait-time = 10s (default)
2023-10-04 17:32:23,410 [e56d6440-7293-4017-8843-e114a3ddb5c0-groupManagement] INFO  server.RaftServerConfigKeys (ConfUtils.java:logGet(46)) - raft.server.sleep.deviation.threshold = 300ms (default)
2023-10-04 17:32:23,410 [e56d6440-7293-4017-8843-e114a3ddb5c0-groupManagement] INFO  server.RaftServer$Division (ServerState.java:<init>(120)) - e56d6440-7293-4017-8843-e114a3ddb5c0@group-797DA2831D72: ConfigurationManager, init=-1: peers:[d23c53d9-b989-4348-8850-bf4ef4487d70|rpc:10.1.0.20:15120|admin:10.1.0.20:15119|client:10.1.0.20:15118|dataStream:10.1.0.20:15121|priority:1|startupRole:FOLLOWER, ac124e44-4b53-434d-bcce-b5d7b0204421|rpc:10.1.0.20:15138|admin:10.1.0.20:15137|client:10.1.0.20:15136|dataStream:10.1.0.20:15139|priority:0|startupRole:FOLLOWER, e56d6440-7293-4017-8843-e114a3ddb5c0|rpc:10.1.0.20:15129|admin:10.1.0.20:15128|client:10.1.0.20:15127|dataStream:10.1.0.20:15130|priority:0|startupRole:FOLLOWER]|listeners:[], old=null, confs=<EMPTY_MAP>
2023-10-04 17:32:23,410 [e56d6440-7293-4017-8843-e114a3ddb5c0-groupManagement] INFO  server.RaftServerConfigKeys (ConfUtils.java:logGet(46)) - raft.server.storage.dir = [/home/runner/work/ozone/ozone/hadoop-ozone/integration-test/target/test-dir/MiniOzoneClusterImpl-1a9f8426-f0b4-4ead-8c34-ee0cd8d78978/datanode-1/data/ratis] (custom)
2023-10-04 17:32:23,411 [e56d6440-7293-4017-8843-e114a3ddb5c0-groupManagement] INFO  server.RaftServerConfigKeys (ConfUtils.java:logGet(46)) - raft.server.log.corruption.policy = EXCEPTION (default)
2023-10-04 17:32:23,411 [e56d6440-7293-4017-8843-e114a3ddb5c0-groupManagement] INFO  server.RaftServerConfigKeys (ConfUtils.java:logGet(46)) - raft.server.storage.free-space.min = 0MB (=0) (default)
2023-10-04 17:32:23,411 [e56d6440-7293-4017-8843-e114a3ddb5c0-groupManagement] INFO  server.RaftServerConfigKeys (ConfUtils.java:logGet(46)) - raft.server.notification.no-leader.timeout = 300s (custom)
2023-10-04 17:32:23,411 [e56d6440-7293-4017-8843-e114a3ddb5c0-groupManagement] INFO  server.RaftServerConfigKeys (ConfUtils.java:logGet(46)) - raft.server.read.timeout = 10s (default)
2023-10-04 17:32:23,411 [e56d6440-7293-4017-8843-e114a3ddb5c0-groupManagement] INFO  server.RaftServerConfigKeys (ConfUtils.java:logGet(46)) - raft.server.retrycache.expirytime = 600000ms (custom)
2023-10-04 17:32:23,411 [e56d6440-7293-4017-8843-e114a3ddb5c0-groupManagement] INFO  server.RaftServerConfigKeys (ConfUtils.java:logGet(46)) - raft.server.retrycache.statistics.expirytime = 100μs (default)
2023-10-04 17:32:23,411 [e56d6440-7293-4017-8843-e114a3ddb5c0-groupManagement] INFO  server.RaftServerConfigKeys (ConfUtils.java:logGet(46)) - raft.server.read.option = DEFAULT (default)
2023-10-04 17:32:23,412 [e56d6440-7293-4017-8843-e114a3ddb5c0-groupManagement] INFO  server.RaftServerConfigKeys (ConfUtils.java:logGet(46)) - raft.server.rpc.request.timeout = 60s (custom)
2023-10-04 17:32:23,412 [e56d6440-7293-4017-8843-e114a3ddb5c0-groupManagement] INFO  server.RaftServerConfigKeys (ConfUtils.java:logGet(46)) - raft.server.log.appender.install.snapshot.enabled = false (custom)
2023-10-04 17:32:23,412 [e56d6440-7293-4017-8843-e114a3ddb5c0-groupManagement] INFO  server.RaftServerConfigKeys (ConfUtils.java:logGet(46)) - raft.server.threadpool.server.cached = true (default)
2023-10-04 17:32:23,412 [e56d6440-7293-4017-8843-e114a3ddb5c0-groupManagement] INFO  server.RaftServerConfigKeys (ConfUtils.java:logGet(46)) - raft.server.threadpool.server.size = 0 (default)
2023-10-04 17:32:23,412 [e56d6440-7293-4017-8843-e114a3ddb5c0-groupManagement] INFO  server.RaftServerConfigKeys (ConfUtils.java:logGet(46)) - raft.server.threadpool.client.cached = true (default)
2023-10-04 17:32:23,412 [e56d6440-7293-4017-8843-e114a3ddb5c0-groupManagement] INFO  server.RaftServerConfigKeys (ConfUtils.java:logGet(46)) - raft.server.threadpool.client.size = 0 (default)
2023-10-04 17:32:23,412 [e56d6440-7293-4017-8843-e114a3ddb5c0-groupManagement] INFO  storage.RaftStorageDirectory (RaftStorageDirectoryImpl.java:analyzeStorage(137)) - The storage directory /home/runner/work/ozone/ozone/hadoop-ozone/integration-test/target/test-dir/MiniOzoneClusterImpl-1a9f8426-f0b4-4ead-8c34-ee0cd8d78978/datanode-1/data/ratis/f1b24073-76b4-410e-b80a-797da2831d72 does not exist. Creating ...
2023-10-04 17:32:23,414 [e56d6440-7293-4017-8843-e114a3ddb5c0-groupManagement] INFO  storage.RaftStorageDirectory (RaftStorageDirectoryImpl.java:tryLock(231)) - Lock on /home/runner/work/ozone/ozone/hadoop-ozone/integration-test/target/test-dir/MiniOzoneClusterImpl-1a9f8426-f0b4-4ead-8c34-ee0cd8d78978/datanode-1/data/ratis/f1b24073-76b4-410e-b80a-797da2831d72/in_use.lock acquired by nodename 7524@fv-az453-706
2023-10-04 17:32:23,416 [e56d6440-7293-4017-8843-e114a3ddb5c0-groupManagement] INFO  storage.RaftStorage (RaftStorageImpl.java:format(96)) - Storage directory /home/runner/work/ozone/ozone/hadoop-ozone/integration-test/target/test-dir/MiniOzoneClusterImpl-1a9f8426-f0b4-4ead-8c34-ee0cd8d78978/datanode-1/data/ratis/f1b24073-76b4-410e-b80a-797da2831d72 has been successfully formatted.
2023-10-04 17:32:23,416 [e56d6440-7293-4017-8843-e114a3ddb5c0-groupManagement] INFO  ratis.ContainerStateMachine (ContainerStateMachine.java:loadSnapshot(262)) - group-797DA2831D72: The snapshot info is null. Setting the last applied indexto:(t:0, i:~)
2023-10-04 17:32:23,416 [e56d6440-7293-4017-8843-e114a3ddb5c0-groupManagement] INFO  server.RaftServerConfigKeys (ConfUtils.java:logGet(46)) - raft.server.log.use.memory = false (default)
2023-10-04 17:32:23,416 [e56d6440-7293-4017-8843-e114a3ddb5c0-groupManagement] INFO  server.RaftServerConfigKeys (ConfUtils.java:logGet(46)) - raft.server.log.purge.gap = 1000000 (custom)
2023-10-04 17:32:23,416 [e56d6440-7293-4017-8843-e114a3ddb5c0-groupManagement] INFO  server.RaftServerConfigKeys (ConfUtils.java:logGet(46)) - raft.server.log.appender.buffer.byte-limit = 33554432 (custom)
2023-10-04 17:32:23,416 [e56d6440-7293-4017-8843-e114a3ddb5c0-groupManagement] INFO  server.RaftServerConfigKeys (ConfUtils.java:logGet(46)) - raft.server.log.statemachine.data.read.timeout = 1000ms (default)
2023-10-04 17:32:23,416 [e56d6440-7293-4017-8843-e114a3ddb5c0-groupManagement] INFO  server.RaftServerConfigKeys (ConfUtils.java:logGet(46)) - raft.server.log.purge.preservation.log.num = 0 (default)
2023-10-04 17:32:23,417 [e56d6440-7293-4017-8843-e114a3ddb5c0-groupManagement] INFO  server.RaftServerConfigKeys (ConfUtils.java:logGet(46)) - raft.server.log.segment.size.max = 1048576 (custom)
2023-10-04 17:32:23,417 [e56d6440-7293-4017-8843-e114a3ddb5c0-groupManagement] INFO  server.RaftServerConfigKeys (ConfUtils.java:logGet(46)) - raft.server.log.segment.cache.num.max = 2 (custom)
2023-10-04 17:32:23,417 [e56d6440-7293-4017-8843-e114a3ddb5c0-groupManagement] INFO  server.RaftServerConfigKeys (ConfUtils.java:logGet(46)) - raft.server.log.segment.cache.size.max = 200MB (=209715200) (default)
2023-10-04 17:32:23,417 [e56d6440-7293-4017-8843-e114a3ddb5c0-groupManagement] INFO  server.RaftServerConfigKeys (ConfUtils.java:logGet(46)) - raft.server.log.appender.buffer.byte-limit = 33554432 (custom)
2023-10-04 17:32:23,418 [e56d6440-7293-4017-8843-e114a3ddb5c0-groupManagement] INFO  segmented.SegmentedRaftLogWorker (SegmentedRaftLogWorker.java:<init>(188)) - new e56d6440-7293-4017-8843-e114a3ddb5c0@group-797DA2831D72-SegmentedRaftLogWorker for RaftStorageImpl:Storage Directory /home/runner/work/ozone/ozone/hadoop-ozone/integration-test/target/test-dir/MiniOzoneClusterImpl-1a9f8426-f0b4-4ead-8c34-ee0cd8d78978/datanode-1/data/ratis/f1b24073-76b4-410e-b80a-797da2831d72
2023-10-04 17:32:23,418 [e56d6440-7293-4017-8843-e114a3ddb5c0-groupManagement] INFO  server.RaftServerConfigKeys (ConfUtils.java:logGet(46)) - raft.server.log.queue.byte-limit = 4294967296 (custom)
2023-10-04 17:32:23,418 [e56d6440-7293-4017-8843-e114a3ddb5c0-groupManagement] INFO  server.RaftServerConfigKeys (ConfUtils.java:logGet(46)) - raft.server.log.queue.element-limit = 1024 (custom)
2023-10-04 17:32:23,418 [e56d6440-7293-4017-8843-e114a3ddb5c0-groupManagement] INFO  server.RaftServerConfigKeys (ConfUtils.java:logGet(46)) - raft.server.log.segment.size.max = 1048576 (custom)
2023-10-04 17:32:23,418 [e56d6440-7293-4017-8843-e114a3ddb5c0-groupManagement] INFO  server.RaftServerConfigKeys (ConfUtils.java:logGet(46)) - raft.server.log.preallocated.size = 16384 (custom)
2023-10-04 17:32:23,418 [e56d6440-7293-4017-8843-e114a3ddb5c0-groupManagement] INFO  server.RaftServerConfigKeys (ConfUtils.java:logGet(46)) - raft.server.log.force.sync.num = 128 (default)
2023-10-04 17:32:23,418 [e56d6440-7293-4017-8843-e114a3ddb5c0-groupManagement] INFO  server.RaftServerConfigKeys (ConfUtils.java:logGet(46)) - raft.server.log.statemachine.data.sync = true (default)
2023-10-04 17:32:23,418 [e56d6440-7293-4017-8843-e114a3ddb5c0-groupManagement] INFO  server.RaftServerConfigKeys (ConfUtils.java:logGet(46)) - raft.server.log.statemachine.data.sync.timeout = 10s (default)
2023-10-04 17:32:23,418 [e56d6440-7293-4017-8843-e114a3ddb5c0-groupManagement] INFO  server.RaftServerConfigKeys (ConfUtils.java:logGet(46)) - raft.server.log.statemachine.data.sync.timeout.retry = -1 (default)
2023-10-04 17:32:23,419 [e56d6440-7293-4017-8843-e114a3ddb5c0-groupManagement] INFO  server.RaftServerConfigKeys (ConfUtils.java:logGet(46)) - raft.server.log.write.buffer.size = 1048576 (custom)
2023-10-04 17:32:23,420 [e56d6440-7293-4017-8843-e114a3ddb5c0-groupManagement] INFO  server.RaftServerConfigKeys (ConfUtils.java:logGet(46)) - raft.server.log.appender.buffer.byte-limit = 33554432 (custom)
2023-10-04 17:32:23,425 [e56d6440-7293-4017-8843-e114a3ddb5c0-groupManagement] INFO  server.RaftServerConfigKeys (ConfUtils.java:logGet(46)) - raft.server.log.unsafe-flush.enabled = false (default)
2023-10-04 17:32:23,425 [e56d6440-7293-4017-8843-e114a3ddb5c0-groupManagement] INFO  server.RaftServerConfigKeys (ConfUtils.java:logGet(46)) - raft.server.log.async-flush.enabled = false (default)
2023-10-04 17:32:23,425 [e56d6440-7293-4017-8843-e114a3ddb5c0-groupManagement] INFO  server.RaftServerConfigKeys (ConfUtils.java:logGet(46)) - raft.server.log.statemachine.data.caching.enabled = true (custom)
2023-10-04 17:32:23,425 [e56d6440-7293-4017-8843-e114a3ddb5c0-groupManagement] INFO  segmented.SegmentedRaftLogWorker (SegmentedRaftLogWorker.java:lambda$new$0(135)) - e56d6440-7293-4017-8843-e114a3ddb5c0@group-797DA2831D72-SegmentedRaftLogWorker: flushIndex: setUnconditionally 0 -> -1
2023-10-04 17:32:23,425 [e56d6440-7293-4017-8843-e114a3ddb5c0-groupManagement] INFO  segmented.SegmentedRaftLogWorker (SegmentedRaftLogWorker.java:lambda$new$0(135)) - e56d6440-7293-4017-8843-e114a3ddb5c0@group-797DA2831D72-SegmentedRaftLogWorker: safeCacheEvictIndex: setUnconditionally 0 -> -1
2023-10-04 17:32:23,426 [e56d6440-7293-4017-8843-e114a3ddb5c0-groupManagement] INFO  server.RaftServer$Division (RaftServerImpl.java:start(342)) - e56d6440-7293-4017-8843-e114a3ddb5c0@group-797DA2831D72: start as a follower, conf=-1: peers:[d23c53d9-b989-4348-8850-bf4ef4487d70|rpc:10.1.0.20:15120|admin:10.1.0.20:15119|client:10.1.0.20:15118|dataStream:10.1.0.20:15121|priority:1|startupRole:FOLLOWER, ac124e44-4b53-434d-bcce-b5d7b0204421|rpc:10.1.0.20:15138|admin:10.1.0.20:15137|client:10.1.0.20:15136|dataStream:10.1.0.20:15139|priority:0|startupRole:FOLLOWER, e56d6440-7293-4017-8843-e114a3ddb5c0|rpc:10.1.0.20:15129|admin:10.1.0.20:15128|client:10.1.0.20:15127|dataStream:10.1.0.20:15130|priority:0|startupRole:FOLLOWER]|listeners:[], old=null
2023-10-04 17:32:23,426 [e56d6440-7293-4017-8843-e114a3ddb5c0-groupManagement] INFO  server.RaftServer$Division (RaftServerImpl.java:setRole(329)) - e56d6440-7293-4017-8843-e114a3ddb5c0@group-797DA2831D72: changes role from      null to FOLLOWER at term 0 for startAsFollower
2023-10-04 17:32:23,426 [e56d6440-7293-4017-8843-e114a3ddb5c0-groupManagement] INFO  impl.RoleInfo (RoleInfo.java:updateAndGet(139)) - e56d6440-7293-4017-8843-e114a3ddb5c0: start e56d6440-7293-4017-8843-e114a3ddb5c0@group-797DA2831D72-FollowerState
2023-10-04 17:32:23,430 [e56d6440-7293-4017-8843-e114a3ddb5c0-groupManagement] INFO  util.JmxRegister (JmxRegister.java:tryRegister(44)) - Successfully registered JMX Bean with object name Ratis:service=RaftServer,group=group-797DA2831D72,id=e56d6440-7293-4017-8843-e114a3ddb5c0
2023-10-04 17:32:23,430 [e56d6440-7293-4017-8843-e114a3ddb5c0-groupManagement] INFO  server.RaftServerConfigKeys (ConfUtils.java:logGet(46)) - raft.server.snapshot.auto.trigger.enabled = true (custom)
2023-10-04 17:32:23,430 [e56d6440-7293-4017-8843-e114a3ddb5c0-groupManagement] INFO  server.RaftServerConfigKeys (ConfUtils.java:logGet(46)) - raft.server.snapshot.auto.trigger.threshold = 10000 (custom)
2023-10-04 17:32:23,430 [e56d6440-7293-4017-8843-e114a3ddb5c0-groupManagement] INFO  server.RaftServerConfigKeys (ConfUtils.java:logGet(46)) - raft.server.snapshot.retention.file.num = 5 (custom)
2023-10-04 17:32:23,430 [e56d6440-7293-4017-8843-e114a3ddb5c0-groupManagement] INFO  server.RaftServerConfigKeys (ConfUtils.java:logGet(46)) - raft.server.log.purge.upto.snapshot.index = false (default)
2023-10-04 17:32:23,431 [e56d6440-7293-4017-8843-e114a3ddb5c0@group-797DA2831D72-FollowerState] INFO  server.RaftServerConfigKeys (ConfUtils.java:logFallback(53)) - raft.server.rpc.first-election.timeout.min = 5s (fallback to raft.server.rpc.timeout.min)
2023-10-04 17:32:23,431 [e56d6440-7293-4017-8843-e114a3ddb5c0@group-797DA2831D72-FollowerState] INFO  server.RaftServerConfigKeys (ConfUtils.java:logFallback(53)) - raft.server.rpc.first-election.timeout.max = 5200ms (fallback to raft.server.rpc.timeout.max)
2023-10-04 17:32:23,446 [main] INFO  ozone.MiniOzoneClusterImpl (MiniOzoneClusterImpl.java:lambda$waitForClusterToBeReady$0(229)) - Nodes are ready. Got 5 of 5 DN Heartbeats.
2023-10-04 17:32:23,446 [main] INFO  ozone.MiniOzoneClusterImpl (MiniOzoneClusterImpl.java:lambda$waitForClusterToBeReady$0(232)) - Waiting for cluster to exit safe mode
2023-10-04 17:32:23,446 [main] INFO  ozone.MiniOzoneClusterImpl (MiniOzoneClusterImpl.java:lambda$waitForClusterToBeReady$0(234)) - SCM became leader
2023-10-04 17:32:23,453 [grpc-default-executor-0] INFO  server.RaftServer (RaftServerProxy.java:addNew(98)) - ac124e44-4b53-434d-bcce-b5d7b0204421: addNew group-797DA2831D72:[d23c53d9-b989-4348-8850-bf4ef4487d70|rpc:10.1.0.20:15120|admin:10.1.0.20:15119|client:10.1.0.20:15118|dataStream:10.1.0.20:15121|priority:1|startupRole:FOLLOWER, ac124e44-4b53-434d-bcce-b5d7b0204421|rpc:10.1.0.20:15138|admin:10.1.0.20:15137|client:10.1.0.20:15136|dataStream:10.1.0.20:15139|priority:0|startupRole:FOLLOWER, e56d6440-7293-4017-8843-e114a3ddb5c0|rpc:10.1.0.20:15129|admin:10.1.0.20:15128|client:10.1.0.20:15127|dataStream:10.1.0.20:15130|priority:0|startupRole:FOLLOWER] returns group-797DA2831D72:java.util.concurrent.CompletableFuture@3e505a7a[Not completed]
2023-10-04 17:32:23,454 [ac124e44-4b53-434d-bcce-b5d7b0204421-groupManagement] INFO  server.RaftServer$Division (RaftServerImpl.java:<init>(198)) - ac124e44-4b53-434d-bcce-b5d7b0204421: new RaftServerImpl for group-797DA2831D72:[d23c53d9-b989-4348-8850-bf4ef4487d70|rpc:10.1.0.20:15120|admin:10.1.0.20:15119|client:10.1.0.20:15118|dataStream:10.1.0.20:15121|priority:1|startupRole:FOLLOWER, ac124e44-4b53-434d-bcce-b5d7b0204421|rpc:10.1.0.20:15138|admin:10.1.0.20:15137|client:10.1.0.20:15136|dataStream:10.1.0.20:15139|priority:0|startupRole:FOLLOWER, e56d6440-7293-4017-8843-e114a3ddb5c0|rpc:10.1.0.20:15129|admin:10.1.0.20:15128|client:10.1.0.20:15127|dataStream:10.1.0.20:15130|priority:0|startupRole:FOLLOWER] with ContainerStateMachine:uninitialized
2023-10-04 17:32:23,454 [ac124e44-4b53-434d-bcce-b5d7b0204421-groupManagement] INFO  server.RaftServerConfigKeys (ConfUtils.java:logGet(46)) - raft.server.rpc.timeout.min = 5s (custom)
2023-10-04 17:32:23,454 [ac124e44-4b53-434d-bcce-b5d7b0204421-groupManagement] INFO  server.RaftServerConfigKeys (ConfUtils.java:logGet(46)) - raft.server.rpc.timeout.max = 5200ms (custom)
2023-10-04 17:32:23,454 [ac124e44-4b53-434d-bcce-b5d7b0204421-groupManagement] INFO  server.RaftServerConfigKeys (ConfUtils.java:logGet(46)) - raft.server.rpc.sleep.time = 25ms (default)
2023-10-04 17:32:23,454 [ac124e44-4b53-434d-bcce-b5d7b0204421-groupManagement] INFO  server.RaftServerConfigKeys (ConfUtils.java:logGet(46)) - raft.server.rpc.slowness.timeout = 300s (custom)
2023-10-04 17:32:23,454 [ac124e44-4b53-434d-bcce-b5d7b0204421-groupManagement] INFO  server.RaftServerConfigKeys (ConfUtils.java:logGet(46)) - raft.server.leaderelection.leader.step-down.wait-time = 10s (default)
2023-10-04 17:32:23,454 [ac124e44-4b53-434d-bcce-b5d7b0204421-groupManagement] INFO  server.RaftServerConfigKeys (ConfUtils.java:logGet(46)) - raft.server.sleep.deviation.threshold = 300ms (default)
2023-10-04 17:32:23,454 [ac124e44-4b53-434d-bcce-b5d7b0204421-groupManagement] INFO  server.RaftServer$Division (ServerState.java:<init>(120)) - ac124e44-4b53-434d-bcce-b5d7b0204421@group-797DA2831D72: ConfigurationManager, init=-1: peers:[d23c53d9-b989-4348-8850-bf4ef4487d70|rpc:10.1.0.20:15120|admin:10.1.0.20:15119|client:10.1.0.20:15118|dataStream:10.1.0.20:15121|priority:1|startupRole:FOLLOWER, ac124e44-4b53-434d-bcce-b5d7b0204421|rpc:10.1.0.20:15138|admin:10.1.0.20:15137|client:10.1.0.20:15136|dataStream:10.1.0.20:15139|priority:0|startupRole:FOLLOWER, e56d6440-7293-4017-8843-e114a3ddb5c0|rpc:10.1.0.20:15129|admin:10.1.0.20:15128|client:10.1.0.20:15127|dataStream:10.1.0.20:15130|priority:0|startupRole:FOLLOWER]|listeners:[], old=null, confs=<EMPTY_MAP>
2023-10-04 17:32:23,455 [ac124e44-4b53-434d-bcce-b5d7b0204421-groupManagement] INFO  server.RaftServerConfigKeys (ConfUtils.java:logGet(46)) - raft.server.storage.dir = [/home/runner/work/ozone/ozone/hadoop-ozone/integration-test/target/test-dir/MiniOzoneClusterImpl-1a9f8426-f0b4-4ead-8c34-ee0cd8d78978/datanode-2/data/ratis] (custom)
2023-10-04 17:32:23,455 [ac124e44-4b53-434d-bcce-b5d7b0204421-groupManagement] INFO  server.RaftServerConfigKeys (ConfUtils.java:logGet(46)) - raft.server.log.corruption.policy = EXCEPTION (default)
2023-10-04 17:32:23,455 [ac124e44-4b53-434d-bcce-b5d7b0204421-groupManagement] INFO  server.RaftServerConfigKeys (ConfUtils.java:logGet(46)) - raft.server.storage.free-space.min = 0MB (=0) (default)
2023-10-04 17:32:23,455 [ac124e44-4b53-434d-bcce-b5d7b0204421-groupManagement] INFO  server.RaftServerConfigKeys (ConfUtils.java:logGet(46)) - raft.server.notification.no-leader.timeout = 300s (custom)
2023-10-04 17:32:23,455 [ac124e44-4b53-434d-bcce-b5d7b0204421-groupManagement] INFO  server.RaftServerConfigKeys (ConfUtils.java:logGet(46)) - raft.server.read.timeout = 10s (default)
2023-10-04 17:32:23,455 [ac124e44-4b53-434d-bcce-b5d7b0204421-groupManagement] INFO  server.RaftServerConfigKeys (ConfUtils.java:logGet(46)) - raft.server.retrycache.expirytime = 600000ms (custom)
2023-10-04 17:32:23,455 [ac124e44-4b53-434d-bcce-b5d7b0204421-groupManagement] INFO  server.RaftServerConfigKeys (ConfUtils.java:logGet(46)) - raft.server.retrycache.statistics.expirytime = 100μs (default)
2023-10-04 17:32:23,455 [ac124e44-4b53-434d-bcce-b5d7b0204421-groupManagement] INFO  server.RaftServerConfigKeys (ConfUtils.java:logGet(46)) - raft.server.read.option = DEFAULT (default)
2023-10-04 17:32:23,456 [ac124e44-4b53-434d-bcce-b5d7b0204421-groupManagement] INFO  server.RaftServerConfigKeys (ConfUtils.java:logGet(46)) - raft.server.rpc.request.timeout = 60s (custom)
2023-10-04 17:32:23,456 [ac124e44-4b53-434d-bcce-b5d7b0204421-groupManagement] INFO  server.RaftServerConfigKeys (ConfUtils.java:logGet(46)) - raft.server.log.appender.install.snapshot.enabled = false (custom)
2023-10-04 17:32:23,456 [ac124e44-4b53-434d-bcce-b5d7b0204421-groupManagement] INFO  server.RaftServerConfigKeys (ConfUtils.java:logGet(46)) - raft.server.threadpool.server.cached = true (default)
2023-10-04 17:32:23,456 [ac124e44-4b53-434d-bcce-b5d7b0204421-groupManagement] INFO  server.RaftServerConfigKeys (ConfUtils.java:logGet(46)) - raft.server.threadpool.server.size = 0 (default)
2023-10-04 17:32:23,458 [ac124e44-4b53-434d-bcce-b5d7b0204421-groupManagement] INFO  server.RaftServerConfigKeys (ConfUtils.java:logGet(46)) - raft.server.threadpool.client.cached = true (default)
2023-10-04 17:32:23,458 [ac124e44-4b53-434d-bcce-b5d7b0204421-groupManagement] INFO  server.RaftServerConfigKeys (ConfUtils.java:logGet(46)) - raft.server.threadpool.client.size = 0 (default)
2023-10-04 17:32:23,458 [ac124e44-4b53-434d-bcce-b5d7b0204421-groupManagement] INFO  storage.RaftStorageDirectory (RaftStorageDirectoryImpl.java:analyzeStorage(137)) - The storage directory /home/runner/work/ozone/ozone/hadoop-ozone/integration-test/target/test-dir/MiniOzoneClusterImpl-1a9f8426-f0b4-4ead-8c34-ee0cd8d78978/datanode-2/data/ratis/f1b24073-76b4-410e-b80a-797da2831d72 does not exist. Creating ...
2023-10-04 17:32:23,460 [ac124e44-4b53-434d-bcce-b5d7b0204421-groupManagement] INFO  storage.RaftStorageDirectory (RaftStorageDirectoryImpl.java:tryLock(231)) - Lock on /home/runner/work/ozone/ozone/hadoop-ozone/integration-test/target/test-dir/MiniOzoneClusterImpl-1a9f8426-f0b4-4ead-8c34-ee0cd8d78978/datanode-2/data/ratis/f1b24073-76b4-410e-b80a-797da2831d72/in_use.lock acquired by nodename 7524@fv-az453-706
2023-10-04 17:32:23,462 [ac124e44-4b53-434d-bcce-b5d7b0204421-groupManagement] INFO  storage.RaftStorage (RaftStorageImpl.java:format(96)) - Storage directory /home/runner/work/ozone/ozone/hadoop-ozone/integration-test/target/test-dir/MiniOzoneClusterImpl-1a9f8426-f0b4-4ead-8c34-ee0cd8d78978/datanode-2/data/ratis/f1b24073-76b4-410e-b80a-797da2831d72 has been successfully formatted.
2023-10-04 17:32:23,462 [ac124e44-4b53-434d-bcce-b5d7b0204421-groupManagement] INFO  ratis.ContainerStateMachine (ContainerStateMachine.java:loadSnapshot(262)) - group-797DA2831D72: The snapshot info is null. Setting the last applied indexto:(t:0, i:~)
2023-10-04 17:32:23,463 [ac124e44-4b53-434d-bcce-b5d7b0204421-groupManagement] INFO  server.RaftServerConfigKeys (ConfUtils.java:logGet(46)) - raft.server.log.use.memory = false (default)
2023-10-04 17:32:23,463 [ac124e44-4b53-434d-bcce-b5d7b0204421-groupManagement] INFO  server.RaftServerConfigKeys (ConfUtils.java:logGet(46)) - raft.server.log.purge.gap = 1000000 (custom)
2023-10-04 17:32:23,463 [ac124e44-4b53-434d-bcce-b5d7b0204421-groupManagement] INFO  server.RaftServerConfigKeys (ConfUtils.java:logGet(46)) - raft.server.log.appender.buffer.byte-limit = 33554432 (custom)
2023-10-04 17:32:23,463 [ac124e44-4b53-434d-bcce-b5d7b0204421-groupManagement] INFO  server.RaftServerConfigKeys (ConfUtils.java:logGet(46)) - raft.server.log.statemachine.data.read.timeout = 1000ms (default)
2023-10-04 17:32:23,463 [ac124e44-4b53-434d-bcce-b5d7b0204421-groupManagement] INFO  server.RaftServerConfigKeys (ConfUtils.java:logGet(46)) - raft.server.log.purge.preservation.log.num = 0 (default)
2023-10-04 17:32:23,463 [ac124e44-4b53-434d-bcce-b5d7b0204421-groupManagement] INFO  server.RaftServerConfigKeys (ConfUtils.java:logGet(46)) - raft.server.log.segment.size.max = 1048576 (custom)
2023-10-04 17:32:23,463 [ac124e44-4b53-434d-bcce-b5d7b0204421-groupManagement] INFO  server.RaftServerConfigKeys (ConfUtils.java:logGet(46)) - raft.server.log.segment.cache.num.max = 2 (custom)
2023-10-04 17:32:23,464 [ac124e44-4b53-434d-bcce-b5d7b0204421-groupManagement] INFO  server.RaftServerConfigKeys (ConfUtils.java:logGet(46)) - raft.server.log.segment.cache.size.max = 200MB (=209715200) (default)
2023-10-04 17:32:23,464 [ac124e44-4b53-434d-bcce-b5d7b0204421-groupManagement] INFO  server.RaftServerConfigKeys (ConfUtils.java:logGet(46)) - raft.server.log.appender.buffer.byte-limit = 33554432 (custom)
2023-10-04 17:32:23,464 [ac124e44-4b53-434d-bcce-b5d7b0204421-groupManagement] INFO  segmented.SegmentedRaftLogWorker (SegmentedRaftLogWorker.java:<init>(188)) - new ac124e44-4b53-434d-bcce-b5d7b0204421@group-797DA2831D72-SegmentedRaftLogWorker for RaftStorageImpl:Storage Directory /home/runner/work/ozone/ozone/hadoop-ozone/integration-test/target/test-dir/MiniOzoneClusterImpl-1a9f8426-f0b4-4ead-8c34-ee0cd8d78978/datanode-2/data/ratis/f1b24073-76b4-410e-b80a-797da2831d72
2023-10-04 17:32:23,464 [ac124e44-4b53-434d-bcce-b5d7b0204421-groupManagement] INFO  server.RaftServerConfigKeys (ConfUtils.java:logGet(46)) - raft.server.log.queue.byte-limit = 4294967296 (custom)
2023-10-04 17:32:23,464 [ac124e44-4b53-434d-bcce-b5d7b0204421-groupManagement] INFO  server.RaftServerConfigKeys (ConfUtils.java:logGet(46)) - raft.server.log.queue.element-limit = 1024 (custom)
2023-10-04 17:32:23,464 [ac124e44-4b53-434d-bcce-b5d7b0204421-groupManagement] INFO  server.RaftServerConfigKeys (ConfUtils.java:logGet(46)) - raft.server.log.segment.size.max = 1048576 (custom)
2023-10-04 17:32:23,464 [ac124e44-4b53-434d-bcce-b5d7b0204421-groupManagement] INFO  server.RaftServerConfigKeys (ConfUtils.java:logGet(46)) - raft.server.log.preallocated.size = 16384 (custom)
2023-10-04 17:32:23,464 [ac124e44-4b53-434d-bcce-b5d7b0204421-groupManagement] INFO  server.RaftServerConfigKeys (ConfUtils.java:logGet(46)) - raft.server.log.force.sync.num = 128 (default)
2023-10-04 17:32:23,464 [ac124e44-4b53-434d-bcce-b5d7b0204421-groupManagement] INFO  server.RaftServerConfigKeys (ConfUtils.java:logGet(46)) - raft.server.log.statemachine.data.sync = true (default)
2023-10-04 17:32:23,464 [ac124e44-4b53-434d-bcce-b5d7b0204421-groupManagement] INFO  server.RaftServerConfigKeys (ConfUtils.java:logGet(46)) - raft.server.log.statemachine.data.sync.timeout = 10s (default)
2023-10-04 17:32:23,464 [ac124e44-4b53-434d-bcce-b5d7b0204421-groupManagement] INFO  server.RaftServerConfigKeys (ConfUtils.java:logGet(46)) - raft.server.log.statemachine.data.sync.timeout.retry = -1 (default)
2023-10-04 17:32:23,465 [ac124e44-4b53-434d-bcce-b5d7b0204421-groupManagement] INFO  server.RaftServerConfigKeys (ConfUtils.java:logGet(46)) - raft.server.log.write.buffer.size = 1048576 (custom)
2023-10-04 17:32:23,465 [ac124e44-4b53-434d-bcce-b5d7b0204421-groupManagement] INFO  server.RaftServerConfigKeys (ConfUtils.java:logGet(46)) - raft.server.log.appender.buffer.byte-limit = 33554432 (custom)
2023-10-04 17:32:23,470 [ac124e44-4b53-434d-bcce-b5d7b0204421-groupManagement] INFO  server.RaftServerConfigKeys (ConfUtils.java:logGet(46)) - raft.server.log.unsafe-flush.enabled = false (default)
2023-10-04 17:32:23,470 [ac124e44-4b53-434d-bcce-b5d7b0204421-groupManagement] INFO  server.RaftServerConfigKeys (ConfUtils.java:logGet(46)) - raft.server.log.async-flush.enabled = false (default)
2023-10-04 17:32:23,470 [ac124e44-4b53-434d-bcce-b5d7b0204421-groupManagement] INFO  server.RaftServerConfigKeys (ConfUtils.java:logGet(46)) - raft.server.log.statemachine.data.caching.enabled = true (custom)
2023-10-04 17:32:23,471 [ac124e44-4b53-434d-bcce-b5d7b0204421-groupManagement] INFO  segmented.SegmentedRaftLogWorker (SegmentedRaftLogWorker.java:lambda$new$0(135)) - ac124e44-4b53-434d-bcce-b5d7b0204421@group-797DA2831D72-SegmentedRaftLogWorker: flushIndex: setUnconditionally 0 -> -1
2023-10-04 17:32:23,471 [ac124e44-4b53-434d-bcce-b5d7b0204421-groupManagement] INFO  segmented.SegmentedRaftLogWorker (SegmentedRaftLogWorker.java:lambda$new$0(135)) - ac124e44-4b53-434d-bcce-b5d7b0204421@group-797DA2831D72-SegmentedRaftLogWorker: safeCacheEvictIndex: setUnconditionally 0 -> -1
2023-10-04 17:32:23,471 [ac124e44-4b53-434d-bcce-b5d7b0204421-groupManagement] INFO  server.RaftServer$Division (RaftServerImpl.java:start(342)) - ac124e44-4b53-434d-bcce-b5d7b0204421@group-797DA2831D72: start as a follower, conf=-1: peers:[d23c53d9-b989-4348-8850-bf4ef4487d70|rpc:10.1.0.20:15120|admin:10.1.0.20:15119|client:10.1.0.20:15118|dataStream:10.1.0.20:15121|priority:1|startupRole:FOLLOWER, ac124e44-4b53-434d-bcce-b5d7b0204421|rpc:10.1.0.20:15138|admin:10.1.0.20:15137|client:10.1.0.20:15136|dataStream:10.1.0.20:15139|priority:0|startupRole:FOLLOWER, e56d6440-7293-4017-8843-e114a3ddb5c0|rpc:10.1.0.20:15129|admin:10.1.0.20:15128|client:10.1.0.20:15127|dataStream:10.1.0.20:15130|priority:0|startupRole:FOLLOWER]|listeners:[], old=null
2023-10-04 17:32:23,471 [ac124e44-4b53-434d-bcce-b5d7b0204421-groupManagement] INFO  server.RaftServer$Division (RaftServerImpl.java:setRole(329)) - ac124e44-4b53-434d-bcce-b5d7b0204421@group-797DA2831D72: changes role from      null to FOLLOWER at term 0 for startAsFollower
2023-10-04 17:32:23,471 [ac124e44-4b53-434d-bcce-b5d7b0204421-groupManagement] INFO  impl.RoleInfo (RoleInfo.java:updateAndGet(139)) - ac124e44-4b53-434d-bcce-b5d7b0204421: start ac124e44-4b53-434d-bcce-b5d7b0204421@group-797DA2831D72-FollowerState
2023-10-04 17:32:23,474 [ac124e44-4b53-434d-bcce-b5d7b0204421-groupManagement] INFO  util.JmxRegister (JmxRegister.java:tryRegister(44)) - Successfully registered JMX Bean with object name Ratis:service=RaftServer,group=group-797DA2831D72,id=ac124e44-4b53-434d-bcce-b5d7b0204421
2023-10-04 17:32:23,474 [ac124e44-4b53-434d-bcce-b5d7b0204421-groupManagement] INFO  server.RaftServerConfigKeys (ConfUtils.java:logGet(46)) - raft.server.snapshot.auto.trigger.enabled = true (custom)
2023-10-04 17:32:23,474 [ac124e44-4b53-434d-bcce-b5d7b0204421-groupManagement] INFO  server.RaftServerConfigKeys (ConfUtils.java:logGet(46)) - raft.server.snapshot.auto.trigger.threshold = 10000 (custom)
2023-10-04 17:32:23,474 [ac124e44-4b53-434d-bcce-b5d7b0204421-groupManagement] INFO  server.RaftServerConfigKeys (ConfUtils.java:logGet(46)) - raft.server.snapshot.retention.file.num = 5 (custom)
2023-10-04 17:32:23,474 [ac124e44-4b53-434d-bcce-b5d7b0204421-groupManagement] INFO  server.RaftServerConfigKeys (ConfUtils.java:logGet(46)) - raft.server.log.purge.upto.snapshot.index = false (default)
2023-10-04 17:32:23,475 [ac124e44-4b53-434d-bcce-b5d7b0204421@group-797DA2831D72-FollowerState] INFO  server.RaftServerConfigKeys (ConfUtils.java:logFallback(53)) - raft.server.rpc.first-election.timeout.min = 5s (fallback to raft.server.rpc.timeout.min)
2023-10-04 17:32:23,475 [ac124e44-4b53-434d-bcce-b5d7b0204421@group-797DA2831D72-FollowerState] INFO  server.RaftServerConfigKeys (ConfUtils.java:logFallback(53)) - raft.server.rpc.first-election.timeout.max = 5200ms (fallback to raft.server.rpc.timeout.max)
2023-10-04 17:32:23,490 [PipelineCommandHandlerThread-0] INFO  server.RaftServer (RaftServerProxy.java:addNew(98)) - e56d6440-7293-4017-8843-e114a3ddb5c0: addNew group-E15B615CE0F2:[e56d6440-7293-4017-8843-e114a3ddb5c0|rpc:10.1.0.20:15129|admin:10.1.0.20:15128|client:10.1.0.20:15127|dataStream:10.1.0.20:15130|priority:1|startupRole:FOLLOWER] returns group-E15B615CE0F2:java.util.concurrent.CompletableFuture@363427c9[Not completed]
2023-10-04 17:32:23,491 [e56d6440-7293-4017-8843-e114a3ddb5c0-groupManagement] INFO  server.RaftServer$Division (RaftServerImpl.java:<init>(198)) - e56d6440-7293-4017-8843-e114a3ddb5c0: new RaftServerImpl for group-E15B615CE0F2:[e56d6440-7293-4017-8843-e114a3ddb5c0|rpc:10.1.0.20:15129|admin:10.1.0.20:15128|client:10.1.0.20:15127|dataStream:10.1.0.20:15130|priority:1|startupRole:FOLLOWER] with ContainerStateMachine:uninitialized
2023-10-04 17:32:23,491 [e56d6440-7293-4017-8843-e114a3ddb5c0-groupManagement] INFO  server.RaftServerConfigKeys (ConfUtils.java:logGet(46)) - raft.server.rpc.timeout.min = 5s (custom)
2023-10-04 17:32:23,491 [e56d6440-7293-4017-8843-e114a3ddb5c0-groupManagement] INFO  server.RaftServerConfigKeys (ConfUtils.java:logGet(46)) - raft.server.rpc.timeout.max = 5200ms (custom)
2023-10-04 17:32:23,491 [e56d6440-7293-4017-8843-e114a3ddb5c0-groupManagement] INFO  server.RaftServerConfigKeys (ConfUtils.java:logGet(46)) - raft.server.rpc.sleep.time = 25ms (default)
2023-10-04 17:32:23,491 [e56d6440-7293-4017-8843-e114a3ddb5c0-groupManagement] INFO  server.RaftServerConfigKeys (ConfUtils.java:logGet(46)) - raft.server.rpc.slowness.timeout = 300s (custom)
2023-10-04 17:32:23,491 [e56d6440-7293-4017-8843-e114a3ddb5c0-groupManagement] INFO  server.RaftServerConfigKeys (ConfUtils.java:logGet(46)) - raft.server.leaderelection.leader.step-down.wait-time = 10s (default)
2023-10-04 17:32:23,491 [e56d6440-7293-4017-8843-e114a3ddb5c0-groupManagement] INFO  server.RaftServerConfigKeys (ConfUtils.java:logGet(46)) - raft.server.sleep.deviation.threshold = 300ms (default)
2023-10-04 17:32:23,491 [e56d6440-7293-4017-8843-e114a3ddb5c0-groupManagement] INFO  server.RaftServer$Division (ServerState.java:<init>(120)) - e56d6440-7293-4017-8843-e114a3ddb5c0@group-E15B615CE0F2: ConfigurationManager, init=-1: peers:[e56d6440-7293-4017-8843-e114a3ddb5c0|rpc:10.1.0.20:15129|admin:10.1.0.20:15128|client:10.1.0.20:15127|dataStream:10.1.0.20:15130|priority:1|startupRole:FOLLOWER]|listeners:[], old=null, confs=<EMPTY_MAP>
2023-10-04 17:32:23,491 [e56d6440-7293-4017-8843-e114a3ddb5c0-groupManagement] INFO  server.RaftServerConfigKeys (ConfUtils.java:logGet(46)) - raft.server.storage.dir = [/home/runner/work/ozone/ozone/hadoop-ozone/integration-test/target/test-dir/MiniOzoneClusterImpl-1a9f8426-f0b4-4ead-8c34-ee0cd8d78978/datanode-1/data/ratis] (custom)
2023-10-04 17:32:23,491 [e56d6440-7293-4017-8843-e114a3ddb5c0-groupManagement] INFO  server.RaftServerConfigKeys (ConfUtils.java:logGet(46)) - raft.server.log.corruption.policy = EXCEPTION (default)
2023-10-04 17:32:23,491 [e56d6440-7293-4017-8843-e114a3ddb5c0-groupManagement] INFO  server.RaftServerConfigKeys (ConfUtils.java:logGet(46)) - raft.server.storage.free-space.min = 0MB (=0) (default)
2023-10-04 17:32:23,491 [e56d6440-7293-4017-8843-e114a3ddb5c0-groupManagement] INFO  server.RaftServerConfigKeys (ConfUtils.java:logGet(46)) - raft.server.notification.no-leader.timeout = 300s (custom)
2023-10-04 17:32:23,491 [e56d6440-7293-4017-8843-e114a3ddb5c0-groupManagement] INFO  server.RaftServerConfigKeys (ConfUtils.java:logGet(46)) - raft.server.read.timeout = 10s (default)
2023-10-04 17:32:23,491 [e56d6440-7293-4017-8843-e114a3ddb5c0-groupManagement] INFO  server.RaftServerConfigKeys (ConfUtils.java:logGet(46)) - raft.server.retrycache.expirytime = 600000ms (custom)
2023-10-04 17:32:23,491 [e56d6440-7293-4017-8843-e114a3ddb5c0-groupManagement] INFO  server.RaftServerConfigKeys (ConfUtils.java:logGet(46)) - raft.server.retrycache.statistics.expirytime = 100μs (default)
2023-10-04 17:32:23,491 [e56d6440-7293-4017-8843-e114a3ddb5c0-groupManagement] INFO  server.RaftServerConfigKeys (ConfUtils.java:logGet(46)) - raft.server.read.option = DEFAULT (default)
2023-10-04 17:32:23,492 [e56d6440-7293-4017-8843-e114a3ddb5c0-groupManagement] INFO  server.RaftServerConfigKeys (ConfUtils.java:logGet(46)) - raft.server.rpc.request.timeout = 60s (custom)
2023-10-04 17:32:23,492 [e56d6440-7293-4017-8843-e114a3ddb5c0-groupManagement] INFO  server.RaftServerConfigKeys (ConfUtils.java:logGet(46)) - raft.server.log.appender.install.snapshot.enabled = false (custom)
2023-10-04 17:32:23,492 [e56d6440-7293-4017-8843-e114a3ddb5c0-groupManagement] INFO  server.RaftServerConfigKeys (ConfUtils.java:logGet(46)) - raft.server.threadpool.server.cached = true (default)
2023-10-04 17:32:23,492 [e56d6440-7293-4017-8843-e114a3ddb5c0-groupManagement] INFO  server.RaftServerConfigKeys (ConfUtils.java:logGet(46)) - raft.server.threadpool.server.size = 0 (default)
2023-10-04 17:32:23,492 [e56d6440-7293-4017-8843-e114a3ddb5c0-groupManagement] INFO  server.RaftServerConfigKeys (ConfUtils.java:logGet(46)) - raft.server.threadpool.client.cached = true (default)
2023-10-04 17:32:23,492 [e56d6440-7293-4017-8843-e114a3ddb5c0-groupManagement] INFO  server.RaftServerConfigKeys (ConfUtils.java:logGet(46)) - raft.server.threadpool.client.size = 0 (default)
2023-10-04 17:32:23,492 [e56d6440-7293-4017-8843-e114a3ddb5c0-groupManagement] INFO  storage.RaftStorageDirectory (RaftStorageDirectoryImpl.java:analyzeStorage(137)) - The storage directory /home/runner/work/ozone/ozone/hadoop-ozone/integration-test/target/test-dir/MiniOzoneClusterImpl-1a9f8426-f0b4-4ead-8c34-ee0cd8d78978/datanode-1/data/ratis/0ef077db-72ac-48ad-9c85-e15b615ce0f2 does not exist. Creating ...
2023-10-04 17:32:23,505 [e56d6440-7293-4017-8843-e114a3ddb5c0-groupManagement] INFO  storage.RaftStorageDirectory (RaftStorageDirectoryImpl.java:tryLock(231)) - Lock on /home/runner/work/ozone/ozone/hadoop-ozone/integration-test/target/test-dir/MiniOzoneClusterImpl-1a9f8426-f0b4-4ead-8c34-ee0cd8d78978/datanode-1/data/ratis/0ef077db-72ac-48ad-9c85-e15b615ce0f2/in_use.lock acquired by nodename 7524@fv-az453-706
2023-10-04 17:32:23,508 [PipelineCommandHandlerThread-0] INFO  commandhandler.CreatePipelineCommandHandler (CreatePipelineCommandHandler.java:lambda$handle$2(124)) - Created Pipeline RATIS THREE PipelineID=f1b24073-76b4-410e-b80a-797da2831d72.
2023-10-04 17:32:23,508 [e56d6440-7293-4017-8843-e114a3ddb5c0-groupManagement] INFO  storage.RaftStorage (RaftStorageImpl.java:format(96)) - Storage directory /home/runner/work/ozone/ozone/hadoop-ozone/integration-test/target/test-dir/MiniOzoneClusterImpl-1a9f8426-f0b4-4ead-8c34-ee0cd8d78978/datanode-1/data/ratis/0ef077db-72ac-48ad-9c85-e15b615ce0f2 has been successfully formatted.
2023-10-04 17:32:23,509 [e56d6440-7293-4017-8843-e114a3ddb5c0-groupManagement] INFO  ratis.ContainerStateMachine (ContainerStateMachine.java:loadSnapshot(262)) - group-E15B615CE0F2: The snapshot info is null. Setting the last applied indexto:(t:0, i:~)
2023-10-04 17:32:23,509 [e56d6440-7293-4017-8843-e114a3ddb5c0-groupManagement] INFO  server.RaftServerConfigKeys (ConfUtils.java:logGet(46)) - raft.server.log.use.memory = false (default)
2023-10-04 17:32:23,509 [e56d6440-7293-4017-8843-e114a3ddb5c0-groupManagement] INFO  server.RaftServerConfigKeys (ConfUtils.java:logGet(46)) - raft.server.log.purge.gap = 1000000 (custom)
2023-10-04 17:32:23,509 [e56d6440-7293-4017-8843-e114a3ddb5c0-groupManagement] INFO  server.RaftServerConfigKeys (ConfUtils.java:logGet(46)) - raft.server.log.appender.buffer.byte-limit = 33554432 (custom)
2023-10-04 17:32:23,509 [e56d6440-7293-4017-8843-e114a3ddb5c0-groupManagement] INFO  server.RaftServerConfigKeys (ConfUtils.java:logGet(46)) - raft.server.log.statemachine.data.read.timeout = 1000ms (default)
2023-10-04 17:32:23,509 [e56d6440-7293-4017-8843-e114a3ddb5c0-groupManagement] INFO  server.RaftServerConfigKeys (ConfUtils.java:logGet(46)) - raft.server.log.purge.preservation.log.num = 0 (default)
2023-10-04 17:32:23,509 [e56d6440-7293-4017-8843-e114a3ddb5c0-groupManagement] INFO  server.RaftServerConfigKeys (ConfUtils.java:logGet(46)) - raft.server.log.segment.size.max = 1048576 (custom)
2023-10-04 17:32:23,510 [e56d6440-7293-4017-8843-e114a3ddb5c0-groupManagement] INFO  server.RaftServerConfigKeys (ConfUtils.java:logGet(46)) - raft.server.log.segment.cache.num.max = 2 (custom)
2023-10-04 17:32:23,510 [e56d6440-7293-4017-8843-e114a3ddb5c0-groupManagement] INFO  server.RaftServerConfigKeys (ConfUtils.java:logGet(46)) - raft.server.log.segment.cache.size.max = 200MB (=209715200) (default)
2023-10-04 17:32:23,510 [e56d6440-7293-4017-8843-e114a3ddb5c0-groupManagement] INFO  server.RaftServerConfigKeys (ConfUtils.java:logGet(46)) - raft.server.log.appender.buffer.byte-limit = 33554432 (custom)
2023-10-04 17:32:23,510 [e56d6440-7293-4017-8843-e114a3ddb5c0-groupManagement] INFO  segmented.SegmentedRaftLogWorker (SegmentedRaftLogWorker.java:<init>(188)) - new e56d6440-7293-4017-8843-e114a3ddb5c0@group-E15B615CE0F2-SegmentedRaftLogWorker for RaftStorageImpl:Storage Directory /home/runner/work/ozone/ozone/hadoop-ozone/integration-test/target/test-dir/MiniOzoneClusterImpl-1a9f8426-f0b4-4ead-8c34-ee0cd8d78978/datanode-1/data/ratis/0ef077db-72ac-48ad-9c85-e15b615ce0f2
2023-10-04 17:32:23,510 [e56d6440-7293-4017-8843-e114a3ddb5c0-groupManagement] INFO  server.RaftServerConfigKeys (ConfUtils.java:logGet(46)) - raft.server.log.queue.byte-limit = 4294967296 (custom)
2023-10-04 17:32:23,510 [e56d6440-7293-4017-8843-e114a3ddb5c0-groupManagement] INFO  server.RaftServerConfigKeys (ConfUtils.java:logGet(46)) - raft.server.log.queue.element-limit = 1024 (custom)
2023-10-04 17:32:23,510 [e56d6440-7293-4017-8843-e114a3ddb5c0-groupManagement] INFO  server.RaftServerConfigKeys (ConfUtils.java:logGet(46)) - raft.server.log.segment.size.max = 1048576 (custom)
2023-10-04 17:32:23,510 [e56d6440-7293-4017-8843-e114a3ddb5c0-groupManagement] INFO  server.RaftServerConfigKeys (ConfUtils.java:logGet(46)) - raft.server.log.preallocated.size = 16384 (custom)
2023-10-04 17:32:23,510 [e56d6440-7293-4017-8843-e114a3ddb5c0-groupManagement] INFO  server.RaftServerConfigKeys (ConfUtils.java:logGet(46)) - raft.server.log.force.sync.num = 128 (default)
2023-10-04 17:32:23,510 [e56d6440-7293-4017-8843-e114a3ddb5c0-groupManagement] INFO  server.RaftServerConfigKeys (ConfUtils.java:logGet(46)) - raft.server.log.statemachine.data.sync = true (default)
2023-10-04 17:32:23,510 [e56d6440-7293-4017-8843-e114a3ddb5c0-groupManagement] INFO  server.RaftServerConfigKeys (ConfUtils.java:logGet(46)) - raft.server.log.statemachine.data.sync.timeout = 10s (default)
2023-10-04 17:32:23,510 [e56d6440-7293-4017-8843-e114a3ddb5c0-groupManagement] INFO  server.RaftServerConfigKeys (ConfUtils.java:logGet(46)) - raft.server.log.statemachine.data.sync.timeout.retry = -1 (default)
2023-10-04 17:32:23,511 [e56d6440-7293-4017-8843-e114a3ddb5c0-groupManagement] INFO  server.RaftServerConfigKeys (ConfUtils.java:logGet(46)) - raft.server.log.write.buffer.size = 1048576 (custom)
2023-10-04 17:32:23,511 [e56d6440-7293-4017-8843-e114a3ddb5c0-groupManagement] INFO  server.RaftServerConfigKeys (ConfUtils.java:logGet(46)) - raft.server.log.appender.buffer.byte-limit = 33554432 (custom)
2023-10-04 17:32:23,515 [EventQueue-PipelineReportForPipelineReportHandler] INFO  pipeline.PipelineReportHandler (PipelineReportHandler.java:processPipelineReport(136)) - Opened pipeline PipelineID=0ef077db-72ac-48ad-9c85-e15b615ce0f2
2023-10-04 17:32:23,515 [EventQueue-OpenPipelineForHealthyPipelineSafeModeRule] INFO  safemode.SCMSafeModeManager (HealthyPipelineSafeModeRule.java:process(137)) - SCM in safe mode. Healthy pipelines reported count is 0, required healthy pipeline reported count is 1
2023-10-04 17:32:23,518 [e56d6440-7293-4017-8843-e114a3ddb5c0-groupManagement] INFO  server.RaftServerConfigKeys (ConfUtils.java:logGet(46)) - raft.server.log.unsafe-flush.enabled = false (default)
2023-10-04 17:32:23,518 [e56d6440-7293-4017-8843-e114a3ddb5c0-groupManagement] INFO  server.RaftServerConfigKeys (ConfUtils.java:logGet(46)) - raft.server.log.async-flush.enabled = false (default)
2023-10-04 17:32:23,519 [e56d6440-7293-4017-8843-e114a3ddb5c0-groupManagement] INFO  server.RaftServerConfigKeys (ConfUtils.java:logGet(46)) - raft.server.log.statemachine.data.caching.enabled = true (custom)
2023-10-04 17:32:23,519 [e56d6440-7293-4017-8843-e114a3ddb5c0-groupManagement] INFO  segmented.SegmentedRaftLogWorker (SegmentedRaftLogWorker.java:lambda$new$0(135)) - e56d6440-7293-4017-8843-e114a3ddb5c0@group-E15B615CE0F2-SegmentedRaftLogWorker: flushIndex: setUnconditionally 0 -> -1
2023-10-04 17:32:23,519 [e56d6440-7293-4017-8843-e114a3ddb5c0-groupManagement] INFO  segmented.SegmentedRaftLogWorker (SegmentedRaftLogWorker.java:lambda$new$0(135)) - e56d6440-7293-4017-8843-e114a3ddb5c0@group-E15B615CE0F2-SegmentedRaftLogWorker: safeCacheEvictIndex: setUnconditionally 0 -> -1
2023-10-04 17:32:23,519 [e56d6440-7293-4017-8843-e114a3ddb5c0-groupManagement] INFO  server.RaftServer$Division (RaftServerImpl.java:start(342)) - e56d6440-7293-4017-8843-e114a3ddb5c0@group-E15B615CE0F2: start as a follower, conf=-1: peers:[e56d6440-7293-4017-8843-e114a3ddb5c0|rpc:10.1.0.20:15129|admin:10.1.0.20:15128|client:10.1.0.20:15127|dataStream:10.1.0.20:15130|priority:1|startupRole:FOLLOWER]|listeners:[], old=null
2023-10-04 17:32:23,519 [e56d6440-7293-4017-8843-e114a3ddb5c0-groupManagement] INFO  server.RaftServer$Division (RaftServerImpl.java:setRole(329)) - e56d6440-7293-4017-8843-e114a3ddb5c0@group-E15B615CE0F2: changes role from      null to FOLLOWER at term 0 for startAsFollower
2023-10-04 17:32:23,519 [e56d6440-7293-4017-8843-e114a3ddb5c0-groupManagement] INFO  impl.RoleInfo (RoleInfo.java:updateAndGet(139)) - e56d6440-7293-4017-8843-e114a3ddb5c0: start e56d6440-7293-4017-8843-e114a3ddb5c0@group-E15B615CE0F2-FollowerState
2023-10-04 17:32:23,519 [e56d6440-7293-4017-8843-e114a3ddb5c0-groupManagement] INFO  util.JmxRegister (JmxRegister.java:tryRegister(44)) - Successfully registered JMX Bean with object name Ratis:service=RaftServer,group=group-E15B615CE0F2,id=e56d6440-7293-4017-8843-e114a3ddb5c0
2023-10-04 17:32:23,520 [e56d6440-7293-4017-8843-e114a3ddb5c0-groupManagement] INFO  server.RaftServerConfigKeys (ConfUtils.java:logGet(46)) - raft.server.snapshot.auto.trigger.enabled = true (custom)
2023-10-04 17:32:23,520 [e56d6440-7293-4017-8843-e114a3ddb5c0-groupManagement] INFO  server.RaftServerConfigKeys (ConfUtils.java:logGet(46)) - raft.server.snapshot.auto.trigger.threshold = 10000 (custom)
2023-10-04 17:32:23,520 [e56d6440-7293-4017-8843-e114a3ddb5c0-groupManagement] INFO  server.RaftServerConfigKeys (ConfUtils.java:logGet(46)) - raft.server.snapshot.retention.file.num = 5 (custom)
2023-10-04 17:32:23,520 [e56d6440-7293-4017-8843-e114a3ddb5c0-groupManagement] INFO  server.RaftServerConfigKeys (ConfUtils.java:logGet(46)) - raft.server.log.purge.upto.snapshot.index = false (default)
2023-10-04 17:32:23,520 [e56d6440-7293-4017-8843-e114a3ddb5c0@group-E15B615CE0F2-FollowerState] INFO  server.RaftServerConfigKeys (ConfUtils.java:logFallback(53)) - raft.server.rpc.first-election.timeout.min = 5s (fallback to raft.server.rpc.timeout.min)
2023-10-04 17:32:23,520 [e56d6440-7293-4017-8843-e114a3ddb5c0@group-E15B615CE0F2-FollowerState] INFO  server.RaftServerConfigKeys (ConfUtils.java:logFallback(53)) - raft.server.rpc.first-election.timeout.max = 5200ms (fallback to raft.server.rpc.timeout.max)
2023-10-04 17:32:23,520 [PipelineCommandHandlerThread-0] INFO  ratis.XceiverServerRatis (XceiverServerRatis.java:addGroup(804)) - Created group PipelineID=0ef077db-72ac-48ad-9c85-e15b615ce0f2
2023-10-04 17:32:23,521 [PipelineCommandHandlerThread-0] INFO  commandhandler.CreatePipelineCommandHandler (CreatePipelineCommandHandler.java:lambda$handle$2(124)) - Created Pipeline RATIS ONE PipelineID=0ef077db-72ac-48ad-9c85-e15b615ce0f2.
2023-10-04 17:32:23,810 [PipelineCommandHandlerThread-0] INFO  server.RaftServer (RaftServerProxy.java:addNew(98)) - ac124e44-4b53-434d-bcce-b5d7b0204421: addNew group-DCC0CF3967CF:[ac124e44-4b53-434d-bcce-b5d7b0204421|rpc:10.1.0.20:15138|admin:10.1.0.20:15137|client:10.1.0.20:15136|dataStream:10.1.0.20:15139|priority:1|startupRole:FOLLOWER] returns group-DCC0CF3967CF:java.util.concurrent.CompletableFuture@79ef3e68[Not completed]
2023-10-04 17:32:23,810 [ac124e44-4b53-434d-bcce-b5d7b0204421-groupManagement] INFO  server.RaftServer$Division (RaftServerImpl.java:<init>(198)) - ac124e44-4b53-434d-bcce-b5d7b0204421: new RaftServerImpl for group-DCC0CF3967CF:[ac124e44-4b53-434d-bcce-b5d7b0204421|rpc:10.1.0.20:15138|admin:10.1.0.20:15137|client:10.1.0.20:15136|dataStream:10.1.0.20:15139|priority:1|startupRole:FOLLOWER] with ContainerStateMachine:uninitialized
2023-10-04 17:32:23,811 [ac124e44-4b53-434d-bcce-b5d7b0204421-groupManagement] INFO  server.RaftServerConfigKeys (ConfUtils.java:logGet(46)) - raft.server.rpc.timeout.min = 5s (custom)
2023-10-04 17:32:23,811 [ac124e44-4b53-434d-bcce-b5d7b0204421-groupManagement] INFO  server.RaftServerConfigKeys (ConfUtils.java:logGet(46)) - raft.server.rpc.timeout.max = 5200ms (custom)
2023-10-04 17:32:23,811 [ac124e44-4b53-434d-bcce-b5d7b0204421-groupManagement] INFO  server.RaftServerConfigKeys (ConfUtils.java:logGet(46)) - raft.server.rpc.sleep.time = 25ms (default)
2023-10-04 17:32:23,811 [ac124e44-4b53-434d-bcce-b5d7b0204421-groupManagement] INFO  server.RaftServerConfigKeys (ConfUtils.java:logGet(46)) - raft.server.rpc.slowness.timeout = 300s (custom)
2023-10-04 17:32:23,811 [ac124e44-4b53-434d-bcce-b5d7b0204421-groupManagement] INFO  server.RaftServerConfigKeys (ConfUtils.java:logGet(46)) - raft.server.leaderelection.leader.step-down.wait-time = 10s (default)
2023-10-04 17:32:23,811 [ac124e44-4b53-434d-bcce-b5d7b0204421-groupManagement] INFO  server.RaftServerConfigKeys (ConfUtils.java:logGet(46)) - raft.server.sleep.deviation.threshold = 300ms (default)
2023-10-04 17:32:23,811 [ac124e44-4b53-434d-bcce-b5d7b0204421-groupManagement] INFO  server.RaftServer$Division (ServerState.java:<init>(120)) - ac124e44-4b53-434d-bcce-b5d7b0204421@group-DCC0CF3967CF: ConfigurationManager, init=-1: peers:[ac124e44-4b53-434d-bcce-b5d7b0204421|rpc:10.1.0.20:15138|admin:10.1.0.20:15137|client:10.1.0.20:15136|dataStream:10.1.0.20:15139|priority:1|startupRole:FOLLOWER]|listeners:[], old=null, confs=<EMPTY_MAP>
2023-10-04 17:32:23,811 [ac124e44-4b53-434d-bcce-b5d7b0204421-groupManagement] INFO  server.RaftServerConfigKeys (ConfUtils.java:logGet(46)) - raft.server.storage.dir = [/home/runner/work/ozone/ozone/hadoop-ozone/integration-test/target/test-dir/MiniOzoneClusterImpl-1a9f8426-f0b4-4ead-8c34-ee0cd8d78978/datanode-2/data/ratis] (custom)
2023-10-04 17:32:23,811 [ac124e44-4b53-434d-bcce-b5d7b0204421-groupManagement] INFO  server.RaftServerConfigKeys (ConfUtils.java:logGet(46)) - raft.server.log.corruption.policy = EXCEPTION (default)
2023-10-04 17:32:23,811 [ac124e44-4b53-434d-bcce-b5d7b0204421-groupManagement] INFO  server.RaftServerConfigKeys (ConfUtils.java:logGet(46)) - raft.server.storage.free-space.min = 0MB (=0) (default)
2023-10-04 17:32:23,811 [ac124e44-4b53-434d-bcce-b5d7b0204421-groupManagement] INFO  server.RaftServerConfigKeys (ConfUtils.java:logGet(46)) - raft.server.notification.no-leader.timeout = 300s (custom)
2023-10-04 17:32:23,811 [ac124e44-4b53-434d-bcce-b5d7b0204421-groupManagement] INFO  server.RaftServerConfigKeys (ConfUtils.java:logGet(46)) - raft.server.read.timeout = 10s (default)
2023-10-04 17:32:23,811 [ac124e44-4b53-434d-bcce-b5d7b0204421-groupManagement] INFO  server.RaftServerConfigKeys (ConfUtils.java:logGet(46)) - raft.server.retrycache.expirytime = 600000ms (custom)
2023-10-04 17:32:23,811 [ac124e44-4b53-434d-bcce-b5d7b0204421-groupManagement] INFO  server.RaftServerConfigKeys (ConfUtils.java:logGet(46)) - raft.server.retrycache.statistics.expirytime = 100μs (default)
2023-10-04 17:32:23,812 [ac124e44-4b53-434d-bcce-b5d7b0204421-groupManagement] INFO  server.RaftServerConfigKeys (ConfUtils.java:logGet(46)) - raft.server.read.option = DEFAULT (default)
2023-10-04 17:32:23,812 [ac124e44-4b53-434d-bcce-b5d7b0204421-groupManagement] INFO  server.RaftServerConfigKeys (ConfUtils.java:logGet(46)) - raft.server.rpc.request.timeout = 60s (custom)
2023-10-04 17:32:23,812 [ac124e44-4b53-434d-bcce-b5d7b0204421-groupManagement] INFO  server.RaftServerConfigKeys (ConfUtils.java:logGet(46)) - raft.server.log.appender.install.snapshot.enabled = false (custom)
2023-10-04 17:32:23,812 [ac124e44-4b53-434d-bcce-b5d7b0204421-groupManagement] INFO  server.RaftServerConfigKeys (ConfUtils.java:logGet(46)) - raft.server.threadpool.server.cached = true (default)
2023-10-04 17:32:23,813 [ac124e44-4b53-434d-bcce-b5d7b0204421-groupManagement] INFO  server.RaftServerConfigKeys (ConfUtils.java:logGet(46)) - raft.server.threadpool.server.size = 0 (default)
2023-10-04 17:32:23,813 [ac124e44-4b53-434d-bcce-b5d7b0204421-groupManagement] INFO  server.RaftServerConfigKeys (ConfUtils.java:logGet(46)) - raft.server.threadpool.client.cached = true (default)
2023-10-04 17:32:23,813 [ac124e44-4b53-434d-bcce-b5d7b0204421-groupManagement] INFO  server.RaftServerConfigKeys (ConfUtils.java:logGet(46)) - raft.server.threadpool.client.size = 0 (default)
2023-10-04 17:32:23,813 [ac124e44-4b53-434d-bcce-b5d7b0204421-groupManagement] INFO  storage.RaftStorageDirectory (RaftStorageDirectoryImpl.java:analyzeStorage(137)) - The storage directory /home/runner/work/ozone/ozone/hadoop-ozone/integration-test/target/test-dir/MiniOzoneClusterImpl-1a9f8426-f0b4-4ead-8c34-ee0cd8d78978/datanode-2/data/ratis/07371b73-535c-4774-8eee-dcc0cf3967cf does not exist. Creating ...
2023-10-04 17:32:23,814 [ac124e44-4b53-434d-bcce-b5d7b0204421-groupManagement] INFO  storage.RaftStorageDirectory (RaftStorageDirectoryImpl.java:tryLock(231)) - Lock on /home/runner/work/ozone/ozone/hadoop-ozone/integration-test/target/test-dir/MiniOzoneClusterImpl-1a9f8426-f0b4-4ead-8c34-ee0cd8d78978/datanode-2/data/ratis/07371b73-535c-4774-8eee-dcc0cf3967cf/in_use.lock acquired by nodename 7524@fv-az453-706
2023-10-04 17:32:23,816 [ac124e44-4b53-434d-bcce-b5d7b0204421-groupManagement] INFO  storage.RaftStorage (RaftStorageImpl.java:format(96)) - Storage directory /home/runner/work/ozone/ozone/hadoop-ozone/integration-test/target/test-dir/MiniOzoneClusterImpl-1a9f8426-f0b4-4ead-8c34-ee0cd8d78978/datanode-2/data/ratis/07371b73-535c-4774-8eee-dcc0cf3967cf has been successfully formatted.
2023-10-04 17:32:23,816 [ac124e44-4b53-434d-bcce-b5d7b0204421-groupManagement] INFO  ratis.ContainerStateMachine (ContainerStateMachine.java:loadSnapshot(262)) - group-DCC0CF3967CF: The snapshot info is null. Setting the last applied indexto:(t:0, i:~)
2023-10-04 17:32:23,816 [ac124e44-4b53-434d-bcce-b5d7b0204421-groupManagement] INFO  server.RaftServerConfigKeys (ConfUtils.java:logGet(46)) - raft.server.log.use.memory = false (default)
2023-10-04 17:32:23,816 [ac124e44-4b53-434d-bcce-b5d7b0204421-groupManagement] INFO  server.RaftServerConfigKeys (ConfUtils.java:logGet(46)) - raft.server.log.purge.gap = 1000000 (custom)
2023-10-04 17:32:23,816 [ac124e44-4b53-434d-bcce-b5d7b0204421-groupManagement] INFO  server.RaftServerConfigKeys (ConfUtils.java:logGet(46)) - raft.server.log.appender.buffer.byte-limit = 33554432 (custom)
2023-10-04 17:32:23,816 [ac124e44-4b53-434d-bcce-b5d7b0204421-groupManagement] INFO  server.RaftServerConfigKeys (ConfUtils.java:logGet(46)) - raft.server.log.statemachine.data.read.timeout = 1000ms (default)
2023-10-04 17:32:23,817 [EventQueue-PipelineReportForPipelineReportHandler] INFO  pipeline.PipelineReportHandler (PipelineReportHandler.java:processPipelineReport(136)) - Opened pipeline PipelineID=07371b73-535c-4774-8eee-dcc0cf3967cf
2023-10-04 17:32:23,818 [EventQueue-OpenPipelineForHealthyPipelineSafeModeRule] INFO  safemode.SCMSafeModeManager (HealthyPipelineSafeModeRule.java:process(137)) - SCM in safe mode. Healthy pipelines reported count is 0, required healthy pipeline reported count is 1
2023-10-04 17:32:23,818 [ac124e44-4b53-434d-bcce-b5d7b0204421-groupManagement] INFO  server.RaftServerConfigKeys (ConfUtils.java:logGet(46)) - raft.server.log.purge.preservation.log.num = 0 (default)
2023-10-04 17:32:23,818 [ac124e44-4b53-434d-bcce-b5d7b0204421-groupManagement] INFO  server.RaftServerConfigKeys (ConfUtils.java:logGet(46)) - raft.server.log.segment.size.max = 1048576 (custom)
2023-10-04 17:32:23,818 [ac124e44-4b53-434d-bcce-b5d7b0204421-groupManagement] INFO  server.RaftServerConfigKeys (ConfUtils.java:logGet(46)) - raft.server.log.segment.cache.num.max = 2 (custom)
2023-10-04 17:32:23,818 [ac124e44-4b53-434d-bcce-b5d7b0204421-groupManagement] INFO  server.RaftServerConfigKeys (ConfUtils.java:logGet(46)) - raft.server.log.segment.cache.size.max = 200MB (=209715200) (default)
2023-10-04 17:32:23,818 [ac124e44-4b53-434d-bcce-b5d7b0204421-groupManagement] INFO  server.RaftServerConfigKeys (ConfUtils.java:logGet(46)) - raft.server.log.appender.buffer.byte-limit = 33554432 (custom)
2023-10-04 17:32:23,818 [ac124e44-4b53-434d-bcce-b5d7b0204421-groupManagement] INFO  segmented.SegmentedRaftLogWorker (SegmentedRaftLogWorker.java:<init>(188)) - new ac124e44-4b53-434d-bcce-b5d7b0204421@group-DCC0CF3967CF-SegmentedRaftLogWorker for RaftStorageImpl:Storage Directory /home/runner/work/ozone/ozone/hadoop-ozone/integration-test/target/test-dir/MiniOzoneClusterImpl-1a9f8426-f0b4-4ead-8c34-ee0cd8d78978/datanode-2/data/ratis/07371b73-535c-4774-8eee-dcc0cf3967cf
2023-10-04 17:32:23,818 [ac124e44-4b53-434d-bcce-b5d7b0204421-groupManagement] INFO  server.RaftServerConfigKeys (ConfUtils.java:logGet(46)) - raft.server.log.queue.byte-limit = 4294967296 (custom)
2023-10-04 17:32:23,818 [ac124e44-4b53-434d-bcce-b5d7b0204421-groupManagement] INFO  server.RaftServerConfigKeys (ConfUtils.java:logGet(46)) - raft.server.log.queue.element-limit = 1024 (custom)
2023-10-04 17:32:23,818 [ac124e44-4b53-434d-bcce-b5d7b0204421-groupManagement] INFO  server.RaftServerConfigKeys (ConfUtils.java:logGet(46)) - raft.server.log.segment.size.max = 1048576 (custom)
2023-10-04 17:32:23,819 [ac124e44-4b53-434d-bcce-b5d7b0204421-groupManagement] INFO  server.RaftServerConfigKeys (ConfUtils.java:logGet(46)) - raft.server.log.preallocated.size = 16384 (custom)
2023-10-04 17:32:23,819 [ac124e44-4b53-434d-bcce-b5d7b0204421-groupManagement] INFO  server.RaftServerConfigKeys (ConfUtils.java:logGet(46)) - raft.server.log.force.sync.num = 128 (default)
2023-10-04 17:32:23,819 [ac124e44-4b53-434d-bcce-b5d7b0204421-groupManagement] INFO  server.RaftServerConfigKeys (ConfUtils.java:logGet(46)) - raft.server.log.statemachine.data.sync = true (default)
2023-10-04 17:32:23,819 [ac124e44-4b53-434d-bcce-b5d7b0204421-groupManagement] INFO  server.RaftServerConfigKeys (ConfUtils.java:logGet(46)) - raft.server.log.statemachine.data.sync.timeout = 10s (default)
2023-10-04 17:32:23,819 [ac124e44-4b53-434d-bcce-b5d7b0204421-groupManagement] INFO  server.RaftServerConfigKeys (ConfUtils.java:logGet(46)) - raft.server.log.statemachine.data.sync.timeout.retry = -1 (default)
2023-10-04 17:32:23,819 [ac124e44-4b53-434d-bcce-b5d7b0204421-groupManagement] INFO  server.RaftServerConfigKeys (ConfUtils.java:logGet(46)) - raft.server.log.write.buffer.size = 1048576 (custom)
2023-10-04 17:32:23,819 [ac124e44-4b53-434d-bcce-b5d7b0204421-groupManagement] INFO  server.RaftServerConfigKeys (ConfUtils.java:logGet(46)) - raft.server.log.appender.buffer.byte-limit = 33554432 (custom)
2023-10-04 17:32:23,825 [ac124e44-4b53-434d-bcce-b5d7b0204421-groupManagement] INFO  server.RaftServerConfigKeys (ConfUtils.java:logGet(46)) - raft.server.log.unsafe-flush.enabled = false (default)
2023-10-04 17:32:23,825 [ac124e44-4b53-434d-bcce-b5d7b0204421-groupManagement] INFO  server.RaftServerConfigKeys (ConfUtils.java:logGet(46)) - raft.server.log.async-flush.enabled = false (default)
2023-10-04 17:32:23,825 [ac124e44-4b53-434d-bcce-b5d7b0204421-groupManagement] INFO  server.RaftServerConfigKeys (ConfUtils.java:logGet(46)) - raft.server.log.statemachine.data.caching.enabled = true (custom)
2023-10-04 17:32:23,825 [ac124e44-4b53-434d-bcce-b5d7b0204421-groupManagement] INFO  segmented.SegmentedRaftLogWorker (SegmentedRaftLogWorker.java:lambda$new$0(135)) - ac124e44-4b53-434d-bcce-b5d7b0204421@group-DCC0CF3967CF-SegmentedRaftLogWorker: flushIndex: setUnconditionally 0 -> -1
2023-10-04 17:32:23,825 [ac124e44-4b53-434d-bcce-b5d7b0204421-groupManagement] INFO  segmented.SegmentedRaftLogWorker (SegmentedRaftLogWorker.java:lambda$new$0(135)) - ac124e44-4b53-434d-bcce-b5d7b0204421@group-DCC0CF3967CF-SegmentedRaftLogWorker: safeCacheEvictIndex: setUnconditionally 0 -> -1
2023-10-04 17:32:23,825 [ac124e44-4b53-434d-bcce-b5d7b0204421-groupManagement] INFO  server.RaftServer$Division (RaftServerImpl.java:start(342)) - ac124e44-4b53-434d-bcce-b5d7b0204421@group-DCC0CF3967CF: start as a follower, conf=-1: peers:[ac124e44-4b53-434d-bcce-b5d7b0204421|rpc:10.1.0.20:15138|admin:10.1.0.20:15137|client:10.1.0.20:15136|dataStream:10.1.0.20:15139|priority:1|startupRole:FOLLOWER]|listeners:[], old=null
2023-10-04 17:32:23,826 [ac124e44-4b53-434d-bcce-b5d7b0204421-groupManagement] INFO  server.RaftServer$Division (RaftServerImpl.java:setRole(329)) - ac124e44-4b53-434d-bcce-b5d7b0204421@group-DCC0CF3967CF: changes role from      null to FOLLOWER at term 0 for startAsFollower
2023-10-04 17:32:23,826 [ac124e44-4b53-434d-bcce-b5d7b0204421-groupManagement] INFO  impl.RoleInfo (RoleInfo.java:updateAndGet(139)) - ac124e44-4b53-434d-bcce-b5d7b0204421: start ac124e44-4b53-434d-bcce-b5d7b0204421@group-DCC0CF3967CF-FollowerState
2023-10-04 17:32:23,826 [ac124e44-4b53-434d-bcce-b5d7b0204421-groupManagement] INFO  util.JmxRegister (JmxRegister.java:tryRegister(44)) - Successfully registered JMX Bean with object name Ratis:service=RaftServer,group=group-DCC0CF3967CF,id=ac124e44-4b53-434d-bcce-b5d7b0204421
2023-10-04 17:32:23,826 [ac124e44-4b53-434d-bcce-b5d7b0204421-groupManagement] INFO  server.RaftServerConfigKeys (ConfUtils.java:logGet(46)) - raft.server.snapshot.auto.trigger.enabled = true (custom)
2023-10-04 17:32:23,826 [ac124e44-4b53-434d-bcce-b5d7b0204421-groupManagement] INFO  server.RaftServerConfigKeys (ConfUtils.java:logGet(46)) - raft.server.snapshot.auto.trigger.threshold = 10000 (custom)
2023-10-04 17:32:23,826 [ac124e44-4b53-434d-bcce-b5d7b0204421-groupManagement] INFO  server.RaftServerConfigKeys (ConfUtils.java:logGet(46)) - raft.server.snapshot.retention.file.num = 5 (custom)
2023-10-04 17:32:23,826 [ac124e44-4b53-434d-bcce-b5d7b0204421-groupManagement] INFO  server.RaftServerConfigKeys (ConfUtils.java:logGet(46)) - raft.server.log.purge.upto.snapshot.index = false (default)
2023-10-04 17:32:23,827 [ac124e44-4b53-434d-bcce-b5d7b0204421@group-DCC0CF3967CF-FollowerState] INFO  server.RaftServerConfigKeys (ConfUtils.java:logFallback(53)) - raft.server.rpc.first-election.timeout.min = 5s (fallback to raft.server.rpc.timeout.min)
2023-10-04 17:32:23,827 [ac124e44-4b53-434d-bcce-b5d7b0204421@group-DCC0CF3967CF-FollowerState] INFO  server.RaftServerConfigKeys (ConfUtils.java:logFallback(53)) - raft.server.rpc.first-election.timeout.max = 5200ms (fallback to raft.server.rpc.timeout.max)
2023-10-04 17:32:23,827 [PipelineCommandHandlerThread-0] INFO  ratis.XceiverServerRatis (XceiverServerRatis.java:addGroup(804)) - Created group PipelineID=07371b73-535c-4774-8eee-dcc0cf3967cf
2023-10-04 17:32:23,827 [PipelineCommandHandlerThread-0] INFO  commandhandler.CreatePipelineCommandHandler (CreatePipelineCommandHandler.java:lambda$handle$2(124)) - Created Pipeline RATIS ONE PipelineID=07371b73-535c-4774-8eee-dcc0cf3967cf.
2023-10-04 17:32:24,144 [PipelineCommandHandlerThread-0] INFO  server.RaftServer (RaftServerProxy.java:addNew(98)) - 5e228e04-cf62-4945-aefc-fa5aaa85c140: addNew group-736B93BFD31D:[5e228e04-cf62-4945-aefc-fa5aaa85c140|rpc:10.1.0.20:15147|admin:10.1.0.20:15146|client:10.1.0.20:15145|dataStream:10.1.0.20:15148|priority:1|startupRole:FOLLOWER] returns group-736B93BFD31D:java.util.concurrent.CompletableFuture@69cd2c0c[Not completed]
2023-10-04 17:32:24,145 [5e228e04-cf62-4945-aefc-fa5aaa85c140-groupManagement] INFO  server.RaftServer$Division (RaftServerImpl.java:<init>(198)) - 5e228e04-cf62-4945-aefc-fa5aaa85c140: new RaftServerImpl for group-736B93BFD31D:[5e228e04-cf62-4945-aefc-fa5aaa85c140|rpc:10.1.0.20:15147|admin:10.1.0.20:15146|client:10.1.0.20:15145|dataStream:10.1.0.20:15148|priority:1|startupRole:FOLLOWER] with ContainerStateMachine:uninitialized
2023-10-04 17:32:24,145 [5e228e04-cf62-4945-aefc-fa5aaa85c140-groupManagement] INFO  server.RaftServerConfigKeys (ConfUtils.java:logGet(46)) - raft.server.rpc.timeout.min = 5s (custom)
2023-10-04 17:32:24,145 [5e228e04-cf62-4945-aefc-fa5aaa85c140-groupManagement] INFO  server.RaftServerConfigKeys (ConfUtils.java:logGet(46)) - raft.server.rpc.timeout.max = 5200ms (custom)
2023-10-04 17:32:24,145 [5e228e04-cf62-4945-aefc-fa5aaa85c140-groupManagement] INFO  server.RaftServerConfigKeys (ConfUtils.java:logGet(46)) - raft.server.rpc.sleep.time = 25ms (default)
2023-10-04 17:32:24,145 [5e228e04-cf62-4945-aefc-fa5aaa85c140-groupManagement] INFO  server.RaftServerConfigKeys (ConfUtils.java:logGet(46)) - raft.server.rpc.slowness.timeout = 300s (custom)
2023-10-04 17:32:24,145 [5e228e04-cf62-4945-aefc-fa5aaa85c140-groupManagement] INFO  server.RaftServerConfigKeys (ConfUtils.java:logGet(46)) - raft.server.leaderelection.leader.step-down.wait-time = 10s (default)
2023-10-04 17:32:24,145 [5e228e04-cf62-4945-aefc-fa5aaa85c140-groupManagement] INFO  server.RaftServerConfigKeys (ConfUtils.java:logGet(46)) - raft.server.sleep.deviation.threshold = 300ms (default)
2023-10-04 17:32:24,145 [5e228e04-cf62-4945-aefc-fa5aaa85c140-groupManagement] INFO  server.RaftServer$Division (ServerState.java:<init>(120)) - 5e228e04-cf62-4945-aefc-fa5aaa85c140@group-736B93BFD31D: ConfigurationManager, init=-1: peers:[5e228e04-cf62-4945-aefc-fa5aaa85c140|rpc:10.1.0.20:15147|admin:10.1.0.20:15146|client:10.1.0.20:15145|dataStream:10.1.0.20:15148|priority:1|startupRole:FOLLOWER]|listeners:[], old=null, confs=<EMPTY_MAP>
2023-10-04 17:32:24,145 [5e228e04-cf62-4945-aefc-fa5aaa85c140-groupManagement] INFO  server.RaftServerConfigKeys (ConfUtils.java:logGet(46)) - raft.server.storage.dir = [/home/runner/work/ozone/ozone/hadoop-ozone/integration-test/target/test-dir/MiniOzoneClusterImpl-1a9f8426-f0b4-4ead-8c34-ee0cd8d78978/datanode-3/data/ratis] (custom)
2023-10-04 17:32:24,145 [5e228e04-cf62-4945-aefc-fa5aaa85c140-groupManagement] INFO  server.RaftServerConfigKeys (ConfUtils.java:logGet(46)) - raft.server.log.corruption.policy = EXCEPTION (default)
2023-10-04 17:32:24,145 [5e228e04-cf62-4945-aefc-fa5aaa85c140-groupManagement] INFO  server.RaftServerConfigKeys (ConfUtils.java:logGet(46)) - raft.server.storage.free-space.min = 0MB (=0) (default)
2023-10-04 17:32:24,146 [5e228e04-cf62-4945-aefc-fa5aaa85c140-groupManagement] INFO  server.RaftServerConfigKeys (ConfUtils.java:logGet(46)) - raft.server.notification.no-leader.timeout = 300s (custom)
2023-10-04 17:32:24,146 [5e228e04-cf62-4945-aefc-fa5aaa85c140-groupManagement] INFO  server.RaftServerConfigKeys (ConfUtils.java:logGet(46)) - raft.server.read.timeout = 10s (default)
2023-10-04 17:32:24,146 [5e228e04-cf62-4945-aefc-fa5aaa85c140-groupManagement] INFO  server.RaftServerConfigKeys (ConfUtils.java:logGet(46)) - raft.server.retrycache.expirytime = 600000ms (custom)
2023-10-04 17:32:24,146 [5e228e04-cf62-4945-aefc-fa5aaa85c140-groupManagement] INFO  server.RaftServerConfigKeys (ConfUtils.java:logGet(46)) - raft.server.retrycache.statistics.expirytime = 100μs (default)
2023-10-04 17:32:24,146 [5e228e04-cf62-4945-aefc-fa5aaa85c140-groupManagement] INFO  server.RaftServerConfigKeys (ConfUtils.java:logGet(46)) - raft.server.read.option = DEFAULT (default)
2023-10-04 17:32:24,146 [5e228e04-cf62-4945-aefc-fa5aaa85c140-groupManagement] INFO  server.RaftServerConfigKeys (ConfUtils.java:logGet(46)) - raft.server.rpc.request.timeout = 60s (custom)
2023-10-04 17:32:24,147 [5e228e04-cf62-4945-aefc-fa5aaa85c140-groupManagement] INFO  server.RaftServerConfigKeys (ConfUtils.java:logGet(46)) - raft.server.log.appender.install.snapshot.enabled = false (custom)
2023-10-04 17:32:24,147 [5e228e04-cf62-4945-aefc-fa5aaa85c140-groupManagement] INFO  server.RaftServerConfigKeys (ConfUtils.java:logGet(46)) - raft.server.threadpool.server.cached = true (default)
2023-10-04 17:32:24,147 [5e228e04-cf62-4945-aefc-fa5aaa85c140-groupManagement] INFO  server.RaftServerConfigKeys (ConfUtils.java:logGet(46)) - raft.server.threadpool.server.size = 0 (default)
2023-10-04 17:32:24,147 [5e228e04-cf62-4945-aefc-fa5aaa85c140-groupManagement] INFO  server.RaftServerConfigKeys (ConfUtils.java:logGet(46)) - raft.server.threadpool.client.cached = true (default)
2023-10-04 17:32:24,147 [5e228e04-cf62-4945-aefc-fa5aaa85c140-groupManagement] INFO  server.RaftServerConfigKeys (ConfUtils.java:logGet(46)) - raft.server.threadpool.client.size = 0 (default)
2023-10-04 17:32:24,147 [5e228e04-cf62-4945-aefc-fa5aaa85c140-groupManagement] INFO  storage.RaftStorageDirectory (RaftStorageDirectoryImpl.java:analyzeStorage(137)) - The storage directory /home/runner/work/ozone/ozone/hadoop-ozone/integration-test/target/test-dir/MiniOzoneClusterImpl-1a9f8426-f0b4-4ead-8c34-ee0cd8d78978/datanode-3/data/ratis/911b4a06-7c7e-4ef2-bef8-736b93bfd31d does not exist. Creating ...
2023-10-04 17:32:24,149 [5e228e04-cf62-4945-aefc-fa5aaa85c140-groupManagement] INFO  storage.RaftStorageDirectory (RaftStorageDirectoryImpl.java:tryLock(231)) - Lock on /home/runner/work/ozone/ozone/hadoop-ozone/integration-test/target/test-dir/MiniOzoneClusterImpl-1a9f8426-f0b4-4ead-8c34-ee0cd8d78978/datanode-3/data/ratis/911b4a06-7c7e-4ef2-bef8-736b93bfd31d/in_use.lock acquired by nodename 7524@fv-az453-706
2023-10-04 17:32:24,150 [5e228e04-cf62-4945-aefc-fa5aaa85c140-groupManagement] INFO  storage.RaftStorage (RaftStorageImpl.java:format(96)) - Storage directory /home/runner/work/ozone/ozone/hadoop-ozone/integration-test/target/test-dir/MiniOzoneClusterImpl-1a9f8426-f0b4-4ead-8c34-ee0cd8d78978/datanode-3/data/ratis/911b4a06-7c7e-4ef2-bef8-736b93bfd31d has been successfully formatted.
2023-10-04 17:32:24,152 [5e228e04-cf62-4945-aefc-fa5aaa85c140-groupManagement] INFO  ratis.ContainerStateMachine (ContainerStateMachine.java:loadSnapshot(262)) - group-736B93BFD31D: The snapshot info is null. Setting the last applied indexto:(t:0, i:~)
2023-10-04 17:32:24,152 [5e228e04-cf62-4945-aefc-fa5aaa85c140-groupManagement] INFO  server.RaftServerConfigKeys (ConfUtils.java:logGet(46)) - raft.server.log.use.memory = false (default)
2023-10-04 17:32:24,152 [5e228e04-cf62-4945-aefc-fa5aaa85c140-groupManagement] INFO  server.RaftServerConfigKeys (ConfUtils.java:logGet(46)) - raft.server.log.purge.gap = 1000000 (custom)
2023-10-04 17:32:24,152 [5e228e04-cf62-4945-aefc-fa5aaa85c140-groupManagement] INFO  server.RaftServerConfigKeys (ConfUtils.java:logGet(46)) - raft.server.log.appender.buffer.byte-limit = 33554432 (custom)
2023-10-04 17:32:24,152 [5e228e04-cf62-4945-aefc-fa5aaa85c140-groupManagement] INFO  server.RaftServerConfigKeys (ConfUtils.java:logGet(46)) - raft.server.log.statemachine.data.read.timeout = 1000ms (default)
2023-10-04 17:32:24,152 [5e228e04-cf62-4945-aefc-fa5aaa85c140-groupManagement] INFO  server.RaftServerConfigKeys (ConfUtils.java:logGet(46)) - raft.server.log.purge.preservation.log.num = 0 (default)
2023-10-04 17:32:24,153 [5e228e04-cf62-4945-aefc-fa5aaa85c140-groupManagement] INFO  server.RaftServerConfigKeys (ConfUtils.java:logGet(46)) - raft.server.log.segment.size.max = 1048576 (custom)
2023-10-04 17:32:24,153 [5e228e04-cf62-4945-aefc-fa5aaa85c140-groupManagement] INFO  server.RaftServerConfigKeys (ConfUtils.java:logGet(46)) - raft.server.log.segment.cache.num.max = 2 (custom)
2023-10-04 17:32:24,153 [5e228e04-cf62-4945-aefc-fa5aaa85c140-groupManagement] INFO  server.RaftServerConfigKeys (ConfUtils.java:logGet(46)) - raft.server.log.segment.cache.size.max = 200MB (=209715200) (default)
2023-10-04 17:32:24,153 [5e228e04-cf62-4945-aefc-fa5aaa85c140-groupManagement] INFO  server.RaftServerConfigKeys (ConfUtils.java:logGet(46)) - raft.server.log.appender.buffer.byte-limit = 33554432 (custom)
2023-10-04 17:32:24,153 [EventQueue-PipelineReportForPipelineReportHandler] INFO  pipeline.PipelineReportHandler (PipelineReportHandler.java:processPipelineReport(136)) - Opened pipeline PipelineID=911b4a06-7c7e-4ef2-bef8-736b93bfd31d
2023-10-04 17:32:24,153 [5e228e04-cf62-4945-aefc-fa5aaa85c140-groupManagement] INFO  segmented.SegmentedRaftLogWorker (SegmentedRaftLogWorker.java:<init>(188)) - new 5e228e04-cf62-4945-aefc-fa5aaa85c140@group-736B93BFD31D-SegmentedRaftLogWorker for RaftStorageImpl:Storage Directory /home/runner/work/ozone/ozone/hadoop-ozone/integration-test/target/test-dir/MiniOzoneClusterImpl-1a9f8426-f0b4-4ead-8c34-ee0cd8d78978/datanode-3/data/ratis/911b4a06-7c7e-4ef2-bef8-736b93bfd31d
2023-10-04 17:32:24,153 [EventQueue-OpenPipelineForHealthyPipelineSafeModeRule] INFO  safemode.SCMSafeModeManager (HealthyPipelineSafeModeRule.java:process(137)) - SCM in safe mode. Healthy pipelines reported count is 0, required healthy pipeline reported count is 1
2023-10-04 17:32:24,153 [5e228e04-cf62-4945-aefc-fa5aaa85c140-groupManagement] INFO  server.RaftServerConfigKeys (ConfUtils.java:logGet(46)) - raft.server.log.queue.byte-limit = 4294967296 (custom)
2023-10-04 17:32:24,154 [5e228e04-cf62-4945-aefc-fa5aaa85c140-groupManagement] INFO  server.RaftServerConfigKeys (ConfUtils.java:logGet(46)) - raft.server.log.queue.element-limit = 1024 (custom)
2023-10-04 17:32:24,154 [5e228e04-cf62-4945-aefc-fa5aaa85c140-groupManagement] INFO  server.RaftServerConfigKeys (ConfUtils.java:logGet(46)) - raft.server.log.segment.size.max = 1048576 (custom)
2023-10-04 17:32:24,154 [5e228e04-cf62-4945-aefc-fa5aaa85c140-groupManagement] INFO  server.RaftServerConfigKeys (ConfUtils.java:logGet(46)) - raft.server.log.preallocated.size = 16384 (custom)
2023-10-04 17:32:24,154 [5e228e04-cf62-4945-aefc-fa5aaa85c140-groupManagement] INFO  server.RaftServerConfigKeys (ConfUtils.java:logGet(46)) - raft.server.log.force.sync.num = 128 (default)
2023-10-04 17:32:24,154 [5e228e04-cf62-4945-aefc-fa5aaa85c140-groupManagement] INFO  server.RaftServerConfigKeys (ConfUtils.java:logGet(46)) - raft.server.log.statemachine.data.sync = true (default)
2023-10-04 17:32:24,154 [5e228e04-cf62-4945-aefc-fa5aaa85c140-groupManagement] INFO  server.RaftServerConfigKeys (ConfUtils.java:logGet(46)) - raft.server.log.statemachine.data.sync.timeout = 10s (default)
2023-10-04 17:32:24,155 [5e228e04-cf62-4945-aefc-fa5aaa85c140-groupManagement] INFO  server.RaftServerConfigKeys (ConfUtils.java:logGet(46)) - raft.server.log.statemachine.data.sync.timeout.retry = -1 (default)
2023-10-04 17:32:24,155 [5e228e04-cf62-4945-aefc-fa5aaa85c140-groupManagement] INFO  server.RaftServerConfigKeys (ConfUtils.java:logGet(46)) - raft.server.log.write.buffer.size = 1048576 (custom)
2023-10-04 17:32:24,156 [5e228e04-cf62-4945-aefc-fa5aaa85c140-groupManagement] INFO  server.RaftServerConfigKeys (ConfUtils.java:logGet(46)) - raft.server.log.appender.buffer.byte-limit = 33554432 (custom)
2023-10-04 17:32:24,161 [5e228e04-cf62-4945-aefc-fa5aaa85c140-groupManagement] INFO  server.RaftServerConfigKeys (ConfUtils.java:logGet(46)) - raft.server.log.unsafe-flush.enabled = false (default)
2023-10-04 17:32:24,161 [5e228e04-cf62-4945-aefc-fa5aaa85c140-groupManagement] INFO  server.RaftServerConfigKeys (ConfUtils.java:logGet(46)) - raft.server.log.async-flush.enabled = false (default)
2023-10-04 17:32:24,161 [5e228e04-cf62-4945-aefc-fa5aaa85c140-groupManagement] INFO  server.RaftServerConfigKeys (ConfUtils.java:logGet(46)) - raft.server.log.statemachine.data.caching.enabled = true (custom)
2023-10-04 17:32:24,161 [5e228e04-cf62-4945-aefc-fa5aaa85c140-groupManagement] INFO  segmented.SegmentedRaftLogWorker (SegmentedRaftLogWorker.java:lambda$new$0(135)) - 5e228e04-cf62-4945-aefc-fa5aaa85c140@group-736B93BFD31D-SegmentedRaftLogWorker: flushIndex: setUnconditionally 0 -> -1
2023-10-04 17:32:24,161 [5e228e04-cf62-4945-aefc-fa5aaa85c140-groupManagement] INFO  segmented.SegmentedRaftLogWorker (SegmentedRaftLogWorker.java:lambda$new$0(135)) - 5e228e04-cf62-4945-aefc-fa5aaa85c140@group-736B93BFD31D-SegmentedRaftLogWorker: safeCacheEvictIndex: setUnconditionally 0 -> -1
2023-10-04 17:32:24,162 [5e228e04-cf62-4945-aefc-fa5aaa85c140-groupManagement] INFO  server.RaftServer$Division (RaftServerImpl.java:start(342)) - 5e228e04-cf62-4945-aefc-fa5aaa85c140@group-736B93BFD31D: start as a follower, conf=-1: peers:[5e228e04-cf62-4945-aefc-fa5aaa85c140|rpc:10.1.0.20:15147|admin:10.1.0.20:15146|client:10.1.0.20:15145|dataStream:10.1.0.20:15148|priority:1|startupRole:FOLLOWER]|listeners:[], old=null
2023-10-04 17:32:24,162 [5e228e04-cf62-4945-aefc-fa5aaa85c140-groupManagement] INFO  server.RaftServer$Division (RaftServerImpl.java:setRole(329)) - 5e228e04-cf62-4945-aefc-fa5aaa85c140@group-736B93BFD31D: changes role from      null to FOLLOWER at term 0 for startAsFollower
2023-10-04 17:32:24,162 [5e228e04-cf62-4945-aefc-fa5aaa85c140-groupManagement] INFO  impl.RoleInfo (RoleInfo.java:updateAndGet(139)) - 5e228e04-cf62-4945-aefc-fa5aaa85c140: start 5e228e04-cf62-4945-aefc-fa5aaa85c140@group-736B93BFD31D-FollowerState
2023-10-04 17:32:24,162 [5e228e04-cf62-4945-aefc-fa5aaa85c140-groupManagement] INFO  util.JmxRegister (JmxRegister.java:tryRegister(44)) - Successfully registered JMX Bean with object name Ratis:service=RaftServer,group=group-736B93BFD31D,id=5e228e04-cf62-4945-aefc-fa5aaa85c140
2023-10-04 17:32:24,162 [5e228e04-cf62-4945-aefc-fa5aaa85c140@group-736B93BFD31D-FollowerState] INFO  server.RaftServerConfigKeys (ConfUtils.java:logFallback(53)) - raft.server.rpc.first-election.timeout.min = 5s (fallback to raft.server.rpc.timeout.min)
2023-10-04 17:32:24,162 [5e228e04-cf62-4945-aefc-fa5aaa85c140-groupManagement] INFO  server.RaftServerConfigKeys (ConfUtils.java:logGet(46)) - raft.server.snapshot.auto.trigger.enabled = true (custom)
2023-10-04 17:32:24,162 [5e228e04-cf62-4945-aefc-fa5aaa85c140@group-736B93BFD31D-FollowerState] INFO  server.RaftServerConfigKeys (ConfUtils.java:logFallback(53)) - raft.server.rpc.first-election.timeout.max = 5200ms (fallback to raft.server.rpc.timeout.max)
2023-10-04 17:32:24,162 [5e228e04-cf62-4945-aefc-fa5aaa85c140-groupManagement] INFO  server.RaftServerConfigKeys (ConfUtils.java:logGet(46)) - raft.server.snapshot.auto.trigger.threshold = 10000 (custom)
2023-10-04 17:32:24,162 [5e228e04-cf62-4945-aefc-fa5aaa85c140-groupManagement] INFO  server.RaftServerConfigKeys (ConfUtils.java:logGet(46)) - raft.server.snapshot.retention.file.num = 5 (custom)
2023-10-04 17:32:24,162 [5e228e04-cf62-4945-aefc-fa5aaa85c140-groupManagement] INFO  server.RaftServerConfigKeys (ConfUtils.java:logGet(46)) - raft.server.log.purge.upto.snapshot.index = false (default)
2023-10-04 17:32:24,163 [PipelineCommandHandlerThread-0] INFO  ratis.XceiverServerRatis (XceiverServerRatis.java:addGroup(804)) - Created group PipelineID=911b4a06-7c7e-4ef2-bef8-736b93bfd31d
2023-10-04 17:32:24,163 [PipelineCommandHandlerThread-0] INFO  commandhandler.CreatePipelineCommandHandler (CreatePipelineCommandHandler.java:lambda$handle$2(124)) - Created Pipeline RATIS ONE PipelineID=911b4a06-7c7e-4ef2-bef8-736b93bfd31d.
2023-10-04 17:32:24,447 [PipelineCommandHandlerThread-0] INFO  server.RaftServer (RaftServerProxy.java:addNew(98)) - 312da513-429c-495f-b386-218bb2e3f38b: addNew group-D4A2FD8B0EB8:[312da513-429c-495f-b386-218bb2e3f38b|rpc:10.1.0.20:15156|admin:10.1.0.20:15155|client:10.1.0.20:15154|dataStream:10.1.0.20:15157|priority:1|startupRole:FOLLOWER] returns group-D4A2FD8B0EB8:java.util.concurrent.CompletableFuture@22518804[Not completed]
2023-10-04 17:32:24,447 [main] INFO  ozone.MiniOzoneClusterImpl (MiniOzoneClusterImpl.java:lambda$waitForClusterToBeReady$0(229)) - Nodes are ready. Got 5 of 5 DN Heartbeats.
2023-10-04 17:32:24,447 [main] INFO  ozone.MiniOzoneClusterImpl (MiniOzoneClusterImpl.java:lambda$waitForClusterToBeReady$0(232)) - Waiting for cluster to exit safe mode
2023-10-04 17:32:24,447 [main] INFO  ozone.MiniOzoneClusterImpl (MiniOzoneClusterImpl.java:lambda$waitForClusterToBeReady$0(234)) - SCM became leader
2023-10-04 17:32:24,448 [312da513-429c-495f-b386-218bb2e3f38b-groupManagement] INFO  server.RaftServer$Division (RaftServerImpl.java:<init>(198)) - 312da513-429c-495f-b386-218bb2e3f38b: new RaftServerImpl for group-D4A2FD8B0EB8:[312da513-429c-495f-b386-218bb2e3f38b|rpc:10.1.0.20:15156|admin:10.1.0.20:15155|client:10.1.0.20:15154|dataStream:10.1.0.20:15157|priority:1|startupRole:FOLLOWER] with ContainerStateMachine:uninitialized
2023-10-04 17:32:24,448 [312da513-429c-495f-b386-218bb2e3f38b-groupManagement] INFO  server.RaftServerConfigKeys (ConfUtils.java:logGet(46)) - raft.server.rpc.timeout.min = 5s (custom)
2023-10-04 17:32:24,448 [312da513-429c-495f-b386-218bb2e3f38b-groupManagement] INFO  server.RaftServerConfigKeys (ConfUtils.java:logGet(46)) - raft.server.rpc.timeout.max = 5200ms (custom)
2023-10-04 17:32:24,448 [312da513-429c-495f-b386-218bb2e3f38b-groupManagement] INFO  server.RaftServerConfigKeys (ConfUtils.java:logGet(46)) - raft.server.rpc.sleep.time = 25ms (default)
2023-10-04 17:32:24,448 [312da513-429c-495f-b386-218bb2e3f38b-groupManagement] INFO  server.RaftServerConfigKeys (ConfUtils.java:logGet(46)) - raft.server.rpc.slowness.timeout = 300s (custom)
2023-10-04 17:32:24,448 [312da513-429c-495f-b386-218bb2e3f38b-groupManagement] INFO  server.RaftServerConfigKeys (ConfUtils.java:logGet(46)) - raft.server.leaderelection.leader.step-down.wait-time = 10s (default)
2023-10-04 17:32:24,448 [312da513-429c-495f-b386-218bb2e3f38b-groupManagement] INFO  server.RaftServerConfigKeys (ConfUtils.java:logGet(46)) - raft.server.sleep.deviation.threshold = 300ms (default)
2023-10-04 17:32:24,448 [312da513-429c-495f-b386-218bb2e3f38b-groupManagement] INFO  server.RaftServer$Division (ServerState.java:<init>(120)) - 312da513-429c-495f-b386-218bb2e3f38b@group-D4A2FD8B0EB8: ConfigurationManager, init=-1: peers:[312da513-429c-495f-b386-218bb2e3f38b|rpc:10.1.0.20:15156|admin:10.1.0.20:15155|client:10.1.0.20:15154|dataStream:10.1.0.20:15157|priority:1|startupRole:FOLLOWER]|listeners:[], old=null, confs=<EMPTY_MAP>
2023-10-04 17:32:24,448 [312da513-429c-495f-b386-218bb2e3f38b-groupManagement] INFO  server.RaftServerConfigKeys (ConfUtils.java:logGet(46)) - raft.server.storage.dir = [/home/runner/work/ozone/ozone/hadoop-ozone/integration-test/target/test-dir/MiniOzoneClusterImpl-1a9f8426-f0b4-4ead-8c34-ee0cd8d78978/datanode-4/data/ratis] (custom)
2023-10-04 17:32:24,448 [312da513-429c-495f-b386-218bb2e3f38b-groupManagement] INFO  server.RaftServerConfigKeys (ConfUtils.java:logGet(46)) - raft.server.log.corruption.policy = EXCEPTION (default)
2023-10-04 17:32:24,448 [312da513-429c-495f-b386-218bb2e3f38b-groupManagement] INFO  server.RaftServerConfigKeys (ConfUtils.java:logGet(46)) - raft.server.storage.free-space.min = 0MB (=0) (default)
2023-10-04 17:32:24,449 [312da513-429c-495f-b386-218bb2e3f38b-groupManagement] INFO  server.RaftServerConfigKeys (ConfUtils.java:logGet(46)) - raft.server.notification.no-leader.timeout = 300s (custom)
2023-10-04 17:32:24,449 [312da513-429c-495f-b386-218bb2e3f38b-groupManagement] INFO  server.RaftServerConfigKeys (ConfUtils.java:logGet(46)) - raft.server.read.timeout = 10s (default)
2023-10-04 17:32:24,449 [312da513-429c-495f-b386-218bb2e3f38b-groupManagement] INFO  server.RaftServerConfigKeys (ConfUtils.java:logGet(46)) - raft.server.retrycache.expirytime = 600000ms (custom)
2023-10-04 17:32:24,449 [312da513-429c-495f-b386-218bb2e3f38b-groupManagement] INFO  server.RaftServerConfigKeys (ConfUtils.java:logGet(46)) - raft.server.retrycache.statistics.expirytime = 100μs (default)
2023-10-04 17:32:24,449 [312da513-429c-495f-b386-218bb2e3f38b-groupManagement] INFO  server.RaftServerConfigKeys (ConfUtils.java:logGet(46)) - raft.server.read.option = DEFAULT (default)
2023-10-04 17:32:24,449 [312da513-429c-495f-b386-218bb2e3f38b-groupManagement] INFO  server.RaftServerConfigKeys (ConfUtils.java:logGet(46)) - raft.server.rpc.request.timeout = 60s (custom)
2023-10-04 17:32:24,450 [312da513-429c-495f-b386-218bb2e3f38b-groupManagement] INFO  server.RaftServerConfigKeys (ConfUtils.java:logGet(46)) - raft.server.log.appender.install.snapshot.enabled = false (custom)
2023-10-04 17:32:24,450 [312da513-429c-495f-b386-218bb2e3f38b-groupManagement] INFO  server.RaftServerConfigKeys (ConfUtils.java:logGet(46)) - raft.server.threadpool.server.cached = true (default)
2023-10-04 17:32:24,450 [312da513-429c-495f-b386-218bb2e3f38b-groupManagement] INFO  server.RaftServerConfigKeys (ConfUtils.java:logGet(46)) - raft.server.threadpool.server.size = 0 (default)
2023-10-04 17:32:24,450 [312da513-429c-495f-b386-218bb2e3f38b-groupManagement] INFO  server.RaftServerConfigKeys (ConfUtils.java:logGet(46)) - raft.server.threadpool.client.cached = true (default)
2023-10-04 17:32:24,450 [312da513-429c-495f-b386-218bb2e3f38b-groupManagement] INFO  server.RaftServerConfigKeys (ConfUtils.java:logGet(46)) - raft.server.threadpool.client.size = 0 (default)
2023-10-04 17:32:24,450 [312da513-429c-495f-b386-218bb2e3f38b-groupManagement] INFO  storage.RaftStorageDirectory (RaftStorageDirectoryImpl.java:analyzeStorage(137)) - The storage directory /home/runner/work/ozone/ozone/hadoop-ozone/integration-test/target/test-dir/MiniOzoneClusterImpl-1a9f8426-f0b4-4ead-8c34-ee0cd8d78978/datanode-4/data/ratis/2bd58131-17a5-47f0-ba46-d4a2fd8b0eb8 does not exist. Creating ...
2023-10-04 17:32:24,451 [312da513-429c-495f-b386-218bb2e3f38b-groupManagement] INFO  storage.RaftStorageDirectory (RaftStorageDirectoryImpl.java:tryLock(231)) - Lock on /home/runner/work/ozone/ozone/hadoop-ozone/integration-test/target/test-dir/MiniOzoneClusterImpl-1a9f8426-f0b4-4ead-8c34-ee0cd8d78978/datanode-4/data/ratis/2bd58131-17a5-47f0-ba46-d4a2fd8b0eb8/in_use.lock acquired by nodename 7524@fv-az453-706
2023-10-04 17:32:24,454 [312da513-429c-495f-b386-218bb2e3f38b-groupManagement] INFO  storage.RaftStorage (RaftStorageImpl.java:format(96)) - Storage directory /home/runner/work/ozone/ozone/hadoop-ozone/integration-test/target/test-dir/MiniOzoneClusterImpl-1a9f8426-f0b4-4ead-8c34-ee0cd8d78978/datanode-4/data/ratis/2bd58131-17a5-47f0-ba46-d4a2fd8b0eb8 has been successfully formatted.
2023-10-04 17:32:24,456 [312da513-429c-495f-b386-218bb2e3f38b-groupManagement] INFO  ratis.ContainerStateMachine (ContainerStateMachine.java:loadSnapshot(262)) - group-D4A2FD8B0EB8: The snapshot info is null. Setting the last applied indexto:(t:0, i:~)
2023-10-04 17:32:24,456 [312da513-429c-495f-b386-218bb2e3f38b-groupManagement] INFO  server.RaftServerConfigKeys (ConfUtils.java:logGet(46)) - raft.server.log.use.memory = false (default)
2023-10-04 17:32:24,456 [312da513-429c-495f-b386-218bb2e3f38b-groupManagement] INFO  server.RaftServerConfigKeys (ConfUtils.java:logGet(46)) - raft.server.log.purge.gap = 1000000 (custom)
2023-10-04 17:32:24,456 [312da513-429c-495f-b386-218bb2e3f38b-groupManagement] INFO  server.RaftServerConfigKeys (ConfUtils.java:logGet(46)) - raft.server.log.appender.buffer.byte-limit = 33554432 (custom)
2023-10-04 17:32:24,456 [312da513-429c-495f-b386-218bb2e3f38b-groupManagement] INFO  server.RaftServerConfigKeys (ConfUtils.java:logGet(46)) - raft.server.log.statemachine.data.read.timeout = 1000ms (default)
2023-10-04 17:32:24,457 [312da513-429c-495f-b386-218bb2e3f38b-groupManagement] INFO  server.RaftServerConfigKeys (ConfUtils.java:logGet(46)) - raft.server.log.purge.preservation.log.num = 0 (default)
2023-10-04 17:32:24,457 [312da513-429c-495f-b386-218bb2e3f38b-groupManagement] INFO  server.RaftServerConfigKeys (ConfUtils.java:logGet(46)) - raft.server.log.segment.size.max = 1048576 (custom)
2023-10-04 17:32:24,457 [312da513-429c-495f-b386-218bb2e3f38b-groupManagement] INFO  server.RaftServerConfigKeys (ConfUtils.java:logGet(46)) - raft.server.log.segment.cache.num.max = 2 (custom)
2023-10-04 17:32:24,457 [312da513-429c-495f-b386-218bb2e3f38b-groupManagement] INFO  server.RaftServerConfigKeys (ConfUtils.java:logGet(46)) - raft.server.log.segment.cache.size.max = 200MB (=209715200) (default)
2023-10-04 17:32:24,457 [312da513-429c-495f-b386-218bb2e3f38b-groupManagement] INFO  server.RaftServerConfigKeys (ConfUtils.java:logGet(46)) - raft.server.log.appender.buffer.byte-limit = 33554432 (custom)
2023-10-04 17:32:24,457 [312da513-429c-495f-b386-218bb2e3f38b-groupManagement] INFO  segmented.SegmentedRaftLogWorker (SegmentedRaftLogWorker.java:<init>(188)) - new 312da513-429c-495f-b386-218bb2e3f38b@group-D4A2FD8B0EB8-SegmentedRaftLogWorker for RaftStorageImpl:Storage Directory /home/runner/work/ozone/ozone/hadoop-ozone/integration-test/target/test-dir/MiniOzoneClusterImpl-1a9f8426-f0b4-4ead-8c34-ee0cd8d78978/datanode-4/data/ratis/2bd58131-17a5-47f0-ba46-d4a2fd8b0eb8
2023-10-04 17:32:24,457 [312da513-429c-495f-b386-218bb2e3f38b-groupManagement] INFO  server.RaftServerConfigKeys (ConfUtils.java:logGet(46)) - raft.server.log.queue.byte-limit = 4294967296 (custom)
2023-10-04 17:32:24,457 [EventQueue-PipelineReportForPipelineReportHandler] INFO  pipeline.PipelineReportHandler (PipelineReportHandler.java:processPipelineReport(136)) - Opened pipeline PipelineID=2bd58131-17a5-47f0-ba46-d4a2fd8b0eb8
2023-10-04 17:32:24,457 [312da513-429c-495f-b386-218bb2e3f38b-groupManagement] INFO  server.RaftServerConfigKeys (ConfUtils.java:logGet(46)) - raft.server.log.queue.element-limit = 1024 (custom)
2023-10-04 17:32:24,457 [EventQueue-OpenPipelineForHealthyPipelineSafeModeRule] INFO  safemode.SCMSafeModeManager (HealthyPipelineSafeModeRule.java:process(137)) - SCM in safe mode. Healthy pipelines reported count is 0, required healthy pipeline reported count is 1
2023-10-04 17:32:24,457 [312da513-429c-495f-b386-218bb2e3f38b-groupManagement] INFO  server.RaftServerConfigKeys (ConfUtils.java:logGet(46)) - raft.server.log.segment.size.max = 1048576 (custom)
2023-10-04 17:32:24,457 [312da513-429c-495f-b386-218bb2e3f38b-groupManagement] INFO  server.RaftServerConfigKeys (ConfUtils.java:logGet(46)) - raft.server.log.preallocated.size = 16384 (custom)
2023-10-04 17:32:24,458 [312da513-429c-495f-b386-218bb2e3f38b-groupManagement] INFO  server.RaftServerConfigKeys (ConfUtils.java:logGet(46)) - raft.server.log.force.sync.num = 128 (default)
2023-10-04 17:32:24,458 [312da513-429c-495f-b386-218bb2e3f38b-groupManagement] INFO  server.RaftServerConfigKeys (ConfUtils.java:logGet(46)) - raft.server.log.statemachine.data.sync = true (default)
2023-10-04 17:32:24,458 [312da513-429c-495f-b386-218bb2e3f38b-groupManagement] INFO  server.RaftServerConfigKeys (ConfUtils.java:logGet(46)) - raft.server.log.statemachine.data.sync.timeout = 10s (default)
2023-10-04 17:32:24,458 [312da513-429c-495f-b386-218bb2e3f38b-groupManagement] INFO  server.RaftServerConfigKeys (ConfUtils.java:logGet(46)) - raft.server.log.statemachine.data.sync.timeout.retry = -1 (default)
2023-10-04 17:32:24,461 [312da513-429c-495f-b386-218bb2e3f38b-groupManagement] INFO  server.RaftServerConfigKeys (ConfUtils.java:logGet(46)) - raft.server.log.write.buffer.size = 1048576 (custom)
2023-10-04 17:32:24,462 [312da513-429c-495f-b386-218bb2e3f38b-groupManagement] INFO  server.RaftServerConfigKeys (ConfUtils.java:logGet(46)) - raft.server.log.appender.buffer.byte-limit = 33554432 (custom)
2023-10-04 17:32:24,468 [312da513-429c-495f-b386-218bb2e3f38b-groupManagement] INFO  server.RaftServerConfigKeys (ConfUtils.java:logGet(46)) - raft.server.log.unsafe-flush.enabled = false (default)
2023-10-04 17:32:24,468 [312da513-429c-495f-b386-218bb2e3f38b-groupManagement] INFO  server.RaftServerConfigKeys (ConfUtils.java:logGet(46)) - raft.server.log.async-flush.enabled = false (default)
2023-10-04 17:32:24,468 [312da513-429c-495f-b386-218bb2e3f38b-groupManagement] INFO  server.RaftServerConfigKeys (ConfUtils.java:logGet(46)) - raft.server.log.statemachine.data.caching.enabled = true (custom)
2023-10-04 17:32:24,468 [312da513-429c-495f-b386-218bb2e3f38b-groupManagement] INFO  segmented.SegmentedRaftLogWorker (SegmentedRaftLogWorker.java:lambda$new$0(135)) - 312da513-429c-495f-b386-218bb2e3f38b@group-D4A2FD8B0EB8-SegmentedRaftLogWorker: flushIndex: setUnconditionally 0 -> -1
2023-10-04 17:32:24,468 [312da513-429c-495f-b386-218bb2e3f38b-groupManagement] INFO  segmented.SegmentedRaftLogWorker (SegmentedRaftLogWorker.java:lambda$new$0(135)) - 312da513-429c-495f-b386-218bb2e3f38b@group-D4A2FD8B0EB8-SegmentedRaftLogWorker: safeCacheEvictIndex: setUnconditionally 0 -> -1
2023-10-04 17:32:24,468 [312da513-429c-495f-b386-218bb2e3f38b-groupManagement] INFO  server.RaftServer$Division (RaftServerImpl.java:start(342)) - 312da513-429c-495f-b386-218bb2e3f38b@group-D4A2FD8B0EB8: start as a follower, conf=-1: peers:[312da513-429c-495f-b386-218bb2e3f38b|rpc:10.1.0.20:15156|admin:10.1.0.20:15155|client:10.1.0.20:15154|dataStream:10.1.0.20:15157|priority:1|startupRole:FOLLOWER]|listeners:[], old=null
2023-10-04 17:32:24,468 [312da513-429c-495f-b386-218bb2e3f38b-groupManagement] INFO  server.RaftServer$Division (RaftServerImpl.java:setRole(329)) - 312da513-429c-495f-b386-218bb2e3f38b@group-D4A2FD8B0EB8: changes role from      null to FOLLOWER at term 0 for startAsFollower
2023-10-04 17:32:24,468 [312da513-429c-495f-b386-218bb2e3f38b-groupManagement] INFO  impl.RoleInfo (RoleInfo.java:updateAndGet(139)) - 312da513-429c-495f-b386-218bb2e3f38b: start 312da513-429c-495f-b386-218bb2e3f38b@group-D4A2FD8B0EB8-FollowerState
2023-10-04 17:32:24,469 [312da513-429c-495f-b386-218bb2e3f38b-groupManagement] INFO  util.JmxRegister (JmxRegister.java:tryRegister(44)) - Successfully registered JMX Bean with object name Ratis:service=RaftServer,group=group-D4A2FD8B0EB8,id=312da513-429c-495f-b386-218bb2e3f38b
2023-10-04 17:32:24,469 [312da513-429c-495f-b386-218bb2e3f38b@group-D4A2FD8B0EB8-FollowerState] INFO  server.RaftServerConfigKeys (ConfUtils.java:logFallback(53)) - raft.server.rpc.first-election.timeout.min = 5s (fallback to raft.server.rpc.timeout.min)
2023-10-04 17:32:24,469 [312da513-429c-495f-b386-218bb2e3f38b-groupManagement] INFO  server.RaftServerConfigKeys (ConfUtils.java:logGet(46)) - raft.server.snapshot.auto.trigger.enabled = true (custom)
2023-10-04 17:32:24,469 [312da513-429c-495f-b386-218bb2e3f38b@group-D4A2FD8B0EB8-FollowerState] INFO  server.RaftServerConfigKeys (ConfUtils.java:logFallback(53)) - raft.server.rpc.first-election.timeout.max = 5200ms (fallback to raft.server.rpc.timeout.max)
2023-10-04 17:32:24,469 [312da513-429c-495f-b386-218bb2e3f38b-groupManagement] INFO  server.RaftServerConfigKeys (ConfUtils.java:logGet(46)) - raft.server.snapshot.auto.trigger.threshold = 10000 (custom)
2023-10-04 17:32:24,469 [312da513-429c-495f-b386-218bb2e3f38b-groupManagement] INFO  server.RaftServerConfigKeys (ConfUtils.java:logGet(46)) - raft.server.snapshot.retention.file.num = 5 (custom)
2023-10-04 17:32:24,469 [312da513-429c-495f-b386-218bb2e3f38b-groupManagement] INFO  server.RaftServerConfigKeys (ConfUtils.java:logGet(46)) - raft.server.log.purge.upto.snapshot.index = false (default)
2023-10-04 17:32:24,470 [PipelineCommandHandlerThread-0] INFO  ratis.XceiverServerRatis (XceiverServerRatis.java:addGroup(804)) - Created group PipelineID=2bd58131-17a5-47f0-ba46-d4a2fd8b0eb8
2023-10-04 17:32:24,470 [PipelineCommandHandlerThread-0] INFO  commandhandler.CreatePipelineCommandHandler (CreatePipelineCommandHandler.java:lambda$handle$2(124)) - Created Pipeline RATIS ONE PipelineID=2bd58131-17a5-47f0-ba46-d4a2fd8b0eb8.
2023-10-04 17:32:25,447 [main] INFO  ozone.MiniOzoneClusterImpl (MiniOzoneClusterImpl.java:lambda$waitForClusterToBeReady$0(229)) - Nodes are ready. Got 5 of 5 DN Heartbeats.
2023-10-04 17:32:25,448 [main] INFO  ozone.MiniOzoneClusterImpl (MiniOzoneClusterImpl.java:lambda$waitForClusterToBeReady$0(232)) - Waiting for cluster to exit safe mode
2023-10-04 17:32:25,448 [main] INFO  ozone.MiniOzoneClusterImpl (MiniOzoneClusterImpl.java:lambda$waitForClusterToBeReady$0(234)) - SCM became leader
2023-10-04 17:32:26,448 [main] INFO  ozone.MiniOzoneClusterImpl (MiniOzoneClusterImpl.java:lambda$waitForClusterToBeReady$0(229)) - Nodes are ready. Got 5 of 5 DN Heartbeats.
2023-10-04 17:32:26,448 [main] INFO  ozone.MiniOzoneClusterImpl (MiniOzoneClusterImpl.java:lambda$waitForClusterToBeReady$0(232)) - Waiting for cluster to exit safe mode
2023-10-04 17:32:26,448 [main] INFO  ozone.MiniOzoneClusterImpl (MiniOzoneClusterImpl.java:lambda$waitForClusterToBeReady$0(234)) - SCM became leader
2023-10-04 17:32:27,449 [main] INFO  ozone.MiniOzoneClusterImpl (MiniOzoneClusterImpl.java:lambda$waitForClusterToBeReady$0(229)) - Nodes are ready. Got 5 of 5 DN Heartbeats.
2023-10-04 17:32:27,449 [main] INFO  ozone.MiniOzoneClusterImpl (MiniOzoneClusterImpl.java:lambda$waitForClusterToBeReady$0(232)) - Waiting for cluster to exit safe mode
2023-10-04 17:32:27,449 [main] INFO  ozone.MiniOzoneClusterImpl (MiniOzoneClusterImpl.java:lambda$waitForClusterToBeReady$0(234)) - SCM became leader
2023-10-04 17:32:28,294 [d23c53d9-b989-4348-8850-bf4ef4487d70@group-18C60AD3C6FF-FollowerState] INFO  impl.FollowerState (FollowerState.java:run(143)) - d23c53d9-b989-4348-8850-bf4ef4487d70@group-18C60AD3C6FF-FollowerState: change to CANDIDATE, lastRpcElapsedTime:5041363067ns, electionTimeout:5040ms
2023-10-04 17:32:28,294 [d23c53d9-b989-4348-8850-bf4ef4487d70@group-18C60AD3C6FF-FollowerState] INFO  impl.RoleInfo (RoleInfo.java:shutdownFollowerState(110)) - d23c53d9-b989-4348-8850-bf4ef4487d70: shutdown d23c53d9-b989-4348-8850-bf4ef4487d70@group-18C60AD3C6FF-FollowerState
2023-10-04 17:32:28,294 [d23c53d9-b989-4348-8850-bf4ef4487d70@group-18C60AD3C6FF-FollowerState] INFO  server.RaftServer$Division (RaftServerImpl.java:setRole(329)) - d23c53d9-b989-4348-8850-bf4ef4487d70@group-18C60AD3C6FF: changes role from  FOLLOWER to CANDIDATE at term 0 for changeToCandidate
2023-10-04 17:32:28,294 [d23c53d9-b989-4348-8850-bf4ef4487d70@group-18C60AD3C6FF-FollowerState] INFO  server.RaftServerConfigKeys (ConfUtils.java:logGet(46)) - raft.server.leaderelection.pre-vote = true (default)
2023-10-04 17:32:28,294 [d23c53d9-b989-4348-8850-bf4ef4487d70@group-18C60AD3C6FF-FollowerState] INFO  impl.RoleInfo (RoleInfo.java:updateAndGet(139)) - d23c53d9-b989-4348-8850-bf4ef4487d70: start d23c53d9-b989-4348-8850-bf4ef4487d70@group-18C60AD3C6FF-LeaderElection21
2023-10-04 17:32:28,297 [d23c53d9-b989-4348-8850-bf4ef4487d70@group-18C60AD3C6FF-LeaderElection21] INFO  impl.LeaderElection (LeaderElection.java:askForVotes(321)) - d23c53d9-b989-4348-8850-bf4ef4487d70@group-18C60AD3C6FF-LeaderElection21 PRE_VOTE round 0: submit vote requests at term 0 for -1: peers:[d23c53d9-b989-4348-8850-bf4ef4487d70|rpc:10.1.0.20:15120|admin:10.1.0.20:15119|client:10.1.0.20:15118|dataStream:10.1.0.20:15121|priority:0|startupRole:FOLLOWER, ac124e44-4b53-434d-bcce-b5d7b0204421|rpc:10.1.0.20:15138|admin:10.1.0.20:15137|client:10.1.0.20:15136|dataStream:10.1.0.20:15139|priority:1|startupRole:FOLLOWER, e56d6440-7293-4017-8843-e114a3ddb5c0|rpc:10.1.0.20:15129|admin:10.1.0.20:15128|client:10.1.0.20:15127|dataStream:10.1.0.20:15130|priority:0|startupRole:FOLLOWER]|listeners:[], old=null
2023-10-04 17:32:28,297 [d23c53d9-b989-4348-8850-bf4ef4487d70@group-18C60AD3C6FF-LeaderElection21] INFO  server.RaftServerConfigKeys (ConfUtils.java:logFallback(53)) - raft.server.rpc.first-election.timeout.min = 5s (fallback to raft.server.rpc.timeout.min)
2023-10-04 17:32:28,297 [d23c53d9-b989-4348-8850-bf4ef4487d70@group-18C60AD3C6FF-LeaderElection21-1] INFO  server.GrpcServerProtocolClient (GrpcServerProtocolClient.java:<init>(65)) - Build channel for ac124e44-4b53-434d-bcce-b5d7b0204421
2023-10-04 17:32:28,297 [d23c53d9-b989-4348-8850-bf4ef4487d70@group-18C60AD3C6FF-LeaderElection21] INFO  server.RaftServerConfigKeys (ConfUtils.java:logFallback(53)) - raft.server.rpc.first-election.timeout.max = 5200ms (fallback to raft.server.rpc.timeout.max)
2023-10-04 17:32:28,298 [d23c53d9-b989-4348-8850-bf4ef4487d70@group-18C60AD3C6FF-LeaderElection21-2] INFO  server.GrpcServerProtocolClient (GrpcServerProtocolClient.java:<init>(65)) - Build channel for e56d6440-7293-4017-8843-e114a3ddb5c0
2023-10-04 17:32:28,307 [grpc-default-executor-0] INFO  server.RaftServer$Division (RaftServerImpl.java:requestVote(1302)) - ac124e44-4b53-434d-bcce-b5d7b0204421@group-18C60AD3C6FF: receive requestVote(PRE_VOTE, d23c53d9-b989-4348-8850-bf4ef4487d70, group-18C60AD3C6FF, 0, (t:0, i:0))
2023-10-04 17:32:28,307 [grpc-default-executor-0] INFO  impl.VoteContext (VoteContext.java:log(49)) - ac124e44-4b53-434d-bcce-b5d7b0204421@group-18C60AD3C6FF-FOLLOWER: reject PRE_VOTE from d23c53d9-b989-4348-8850-bf4ef4487d70: our priority 1 > candidate's priority 0
2023-10-04 17:32:28,307 [grpc-default-executor-0] INFO  server.RaftServer$Division (RaftServerImpl.java:requestVote(1335)) - ac124e44-4b53-434d-bcce-b5d7b0204421@group-18C60AD3C6FF replies to PRE_VOTE vote request: d23c53d9-b989-4348-8850-bf4ef4487d70<-ac124e44-4b53-434d-bcce-b5d7b0204421#0:FAIL-t0. Peer's state: ac124e44-4b53-434d-bcce-b5d7b0204421@group-18C60AD3C6FF:t0, leader=null, voted=, raftlog=Memoized:ac124e44-4b53-434d-bcce-b5d7b0204421@group-18C60AD3C6FF-SegmentedRaftLog:OPENED:c-1, conf=-1: peers:[d23c53d9-b989-4348-8850-bf4ef4487d70|rpc:10.1.0.20:15120|admin:10.1.0.20:15119|client:10.1.0.20:15118|dataStream:10.1.0.20:15121|priority:0|startupRole:FOLLOWER, ac124e44-4b53-434d-bcce-b5d7b0204421|rpc:10.1.0.20:15138|admin:10.1.0.20:15137|client:10.1.0.20:15136|dataStream:10.1.0.20:15139|priority:1|startupRole:FOLLOWER, e56d6440-7293-4017-8843-e114a3ddb5c0|rpc:10.1.0.20:15129|admin:10.1.0.20:15128|client:10.1.0.20:15127|dataStream:10.1.0.20:15130|priority:0|startupRole:FOLLOWER]|listeners:[], old=null
2023-10-04 17:32:28,311 [d23c53d9-b989-4348-8850-bf4ef4487d70@group-18C60AD3C6FF-LeaderElection21] INFO  impl.LeaderElection (LeaderElection.java:logAndReturn(90)) - d23c53d9-b989-4348-8850-bf4ef4487d70@group-18C60AD3C6FF-LeaderElection21: PRE_VOTE REJECTED received 1 response(s) and 0 exception(s):
2023-10-04 17:32:28,311 [d23c53d9-b989-4348-8850-bf4ef4487d70@group-18C60AD3C6FF-LeaderElection21] INFO  impl.LeaderElection (LeaderElection.java:logAndReturn(94)) -   Response 0: d23c53d9-b989-4348-8850-bf4ef4487d70<-ac124e44-4b53-434d-bcce-b5d7b0204421#0:FAIL-t0
2023-10-04 17:32:28,311 [d23c53d9-b989-4348-8850-bf4ef4487d70@group-18C60AD3C6FF-LeaderElection21] INFO  impl.LeaderElection (LeaderElection.java:askForVotes(323)) - d23c53d9-b989-4348-8850-bf4ef4487d70@group-18C60AD3C6FF-LeaderElection21 PRE_VOTE round 0: result REJECTED
2023-10-04 17:32:28,311 [d23c53d9-b989-4348-8850-bf4ef4487d70@group-18C60AD3C6FF-LeaderElection21] INFO  server.RaftServer$Division (RaftServerImpl.java:setRole(329)) - d23c53d9-b989-4348-8850-bf4ef4487d70@group-18C60AD3C6FF: changes role from CANDIDATE to FOLLOWER at term 0 for REJECTED
2023-10-04 17:32:28,311 [d23c53d9-b989-4348-8850-bf4ef4487d70@group-18C60AD3C6FF-LeaderElection21] INFO  impl.RoleInfo (RoleInfo.java:shutdownLeaderElection(130)) - d23c53d9-b989-4348-8850-bf4ef4487d70: shutdown d23c53d9-b989-4348-8850-bf4ef4487d70@group-18C60AD3C6FF-LeaderElection21
2023-10-04 17:32:28,311 [d23c53d9-b989-4348-8850-bf4ef4487d70@group-18C60AD3C6FF-LeaderElection21] INFO  impl.RoleInfo (RoleInfo.java:updateAndGet(139)) - d23c53d9-b989-4348-8850-bf4ef4487d70: start d23c53d9-b989-4348-8850-bf4ef4487d70@group-18C60AD3C6FF-FollowerState
2023-10-04 17:32:28,312 [grpc-default-executor-0] INFO  server.RaftServer$Division (RaftServerImpl.java:requestVote(1302)) - e56d6440-7293-4017-8843-e114a3ddb5c0@group-18C60AD3C6FF: receive requestVote(PRE_VOTE, d23c53d9-b989-4348-8850-bf4ef4487d70, group-18C60AD3C6FF, 0, (t:0, i:0))
2023-10-04 17:32:28,312 [grpc-default-executor-0] INFO  impl.VoteContext (VoteContext.java:log(49)) - e56d6440-7293-4017-8843-e114a3ddb5c0@group-18C60AD3C6FF-FOLLOWER: accept PRE_VOTE from d23c53d9-b989-4348-8850-bf4ef4487d70: our priority 0 <= candidate's priority 0
2023-10-04 17:32:28,312 [grpc-default-executor-0] INFO  server.RaftServer$Division (RaftServerImpl.java:requestVote(1335)) - e56d6440-7293-4017-8843-e114a3ddb5c0@group-18C60AD3C6FF replies to PRE_VOTE vote request: d23c53d9-b989-4348-8850-bf4ef4487d70<-e56d6440-7293-4017-8843-e114a3ddb5c0#0:OK-t0. Peer's state: e56d6440-7293-4017-8843-e114a3ddb5c0@group-18C60AD3C6FF:t0, leader=null, voted=, raftlog=Memoized:e56d6440-7293-4017-8843-e114a3ddb5c0@group-18C60AD3C6FF-SegmentedRaftLog:OPENED:c-1, conf=-1: peers:[d23c53d9-b989-4348-8850-bf4ef4487d70|rpc:10.1.0.20:15120|admin:10.1.0.20:15119|client:10.1.0.20:15118|dataStream:10.1.0.20:15121|priority:0|startupRole:FOLLOWER, ac124e44-4b53-434d-bcce-b5d7b0204421|rpc:10.1.0.20:15138|admin:10.1.0.20:15137|client:10.1.0.20:15136|dataStream:10.1.0.20:15139|priority:1|startupRole:FOLLOWER, e56d6440-7293-4017-8843-e114a3ddb5c0|rpc:10.1.0.20:15129|admin:10.1.0.20:15128|client:10.1.0.20:15127|dataStream:10.1.0.20:15130|priority:0|startupRole:FOLLOWER]|listeners:[], old=null
2023-10-04 17:32:28,385 [d23c53d9-b989-4348-8850-bf4ef4487d70@group-865C625B020A-FollowerState] INFO  impl.FollowerState (FollowerState.java:run(143)) - d23c53d9-b989-4348-8850-bf4ef4487d70@group-865C625B020A-FollowerState: change to CANDIDATE, lastRpcElapsedTime:5201165989ns, electionTimeout:5200ms
2023-10-04 17:32:28,386 [d23c53d9-b989-4348-8850-bf4ef4487d70@group-865C625B020A-FollowerState] INFO  impl.RoleInfo (RoleInfo.java:shutdownFollowerState(110)) - d23c53d9-b989-4348-8850-bf4ef4487d70: shutdown d23c53d9-b989-4348-8850-bf4ef4487d70@group-865C625B020A-FollowerState
2023-10-04 17:32:28,386 [d23c53d9-b989-4348-8850-bf4ef4487d70@group-865C625B020A-FollowerState] INFO  server.RaftServer$Division (RaftServerImpl.java:setRole(329)) - d23c53d9-b989-4348-8850-bf4ef4487d70@group-865C625B020A: changes role from  FOLLOWER to CANDIDATE at term 0 for changeToCandidate
2023-10-04 17:32:28,386 [d23c53d9-b989-4348-8850-bf4ef4487d70@group-865C625B020A-FollowerState] INFO  server.RaftServerConfigKeys (ConfUtils.java:logGet(46)) - raft.server.leaderelection.pre-vote = true (default)
2023-10-04 17:32:28,386 [d23c53d9-b989-4348-8850-bf4ef4487d70@group-865C625B020A-FollowerState] INFO  impl.RoleInfo (RoleInfo.java:updateAndGet(139)) - d23c53d9-b989-4348-8850-bf4ef4487d70: start d23c53d9-b989-4348-8850-bf4ef4487d70@group-865C625B020A-LeaderElection22
2023-10-04 17:32:28,396 [d23c53d9-b989-4348-8850-bf4ef4487d70@group-865C625B020A-LeaderElection22] INFO  impl.LeaderElection (LeaderElection.java:askForVotes(321)) - d23c53d9-b989-4348-8850-bf4ef4487d70@group-865C625B020A-LeaderElection22 PRE_VOTE round 0: submit vote requests at term 0 for -1: peers:[d23c53d9-b989-4348-8850-bf4ef4487d70|rpc:10.1.0.20:15120|admin:10.1.0.20:15119|client:10.1.0.20:15118|dataStream:10.1.0.20:15121|priority:1|startupRole:FOLLOWER]|listeners:[], old=null
2023-10-04 17:32:28,396 [d23c53d9-b989-4348-8850-bf4ef4487d70@group-865C625B020A-LeaderElection22] INFO  impl.LeaderElection (LeaderElection.java:askForVotes(323)) - d23c53d9-b989-4348-8850-bf4ef4487d70@group-865C625B020A-LeaderElection22 PRE_VOTE round 0: result PASSED (term=0)
2023-10-04 17:32:28,398 [d23c53d9-b989-4348-8850-bf4ef4487d70@group-865C625B020A-LeaderElection22] INFO  impl.LeaderElection (LeaderElection.java:askForVotes(321)) - d23c53d9-b989-4348-8850-bf4ef4487d70@group-865C625B020A-LeaderElection22 ELECTION round 0: submit vote requests at term 1 for -1: peers:[d23c53d9-b989-4348-8850-bf4ef4487d70|rpc:10.1.0.20:15120|admin:10.1.0.20:15119|client:10.1.0.20:15118|dataStream:10.1.0.20:15121|priority:1|startupRole:FOLLOWER]|listeners:[], old=null
2023-10-04 17:32:28,398 [d23c53d9-b989-4348-8850-bf4ef4487d70@group-865C625B020A-LeaderElection22] INFO  impl.LeaderElection (LeaderElection.java:askForVotes(323)) - d23c53d9-b989-4348-8850-bf4ef4487d70@group-865C625B020A-LeaderElection22 ELECTION round 0: result PASSED (term=1)
2023-10-04 17:32:28,398 [d23c53d9-b989-4348-8850-bf4ef4487d70@group-865C625B020A-LeaderElection22] INFO  impl.RoleInfo (RoleInfo.java:shutdownLeaderElection(130)) - d23c53d9-b989-4348-8850-bf4ef4487d70: shutdown d23c53d9-b989-4348-8850-bf4ef4487d70@group-865C625B020A-LeaderElection22
2023-10-04 17:32:28,398 [d23c53d9-b989-4348-8850-bf4ef4487d70@group-865C625B020A-LeaderElection22] INFO  server.RaftServer$Division (RaftServerImpl.java:setRole(329)) - d23c53d9-b989-4348-8850-bf4ef4487d70@group-865C625B020A: changes role from CANDIDATE to LEADER at term 1 for changeToLeader
2023-10-04 17:32:28,398 [d23c53d9-b989-4348-8850-bf4ef4487d70@group-865C625B020A-LeaderElection22] INFO  ratis.XceiverServerRatis (XceiverServerRatis.java:handleLeaderChangedNotification(902)) - Leader change notification received for group: group-865C625B020A with new leaderId: d23c53d9-b989-4348-8850-bf4ef4487d70
2023-10-04 17:32:28,398 [d23c53d9-b989-4348-8850-bf4ef4487d70@group-865C625B020A-LeaderElection22] INFO  server.RaftServer$Division (ServerState.java:setLeader(317)) - d23c53d9-b989-4348-8850-bf4ef4487d70@group-865C625B020A: change Leader from null to d23c53d9-b989-4348-8850-bf4ef4487d70 at term 1 for becomeLeader, leader elected after 5239ms
2023-10-04 17:32:28,398 [d23c53d9-b989-4348-8850-bf4ef4487d70@group-865C625B020A-LeaderElection22] INFO  server.RaftServerConfigKeys (ConfUtils.java:logGet(46)) - raft.server.staging.catchup.gap = 1000 (default)
2023-10-04 17:32:28,399 [d23c53d9-b989-4348-8850-bf4ef4487d70@group-865C625B020A-LeaderElection22] INFO  server.RaftServerConfigKeys (ConfUtils.java:logGet(46)) - raft.server.write.element-limit = 1024 (custom)
2023-10-04 17:32:28,399 [d23c53d9-b989-4348-8850-bf4ef4487d70@group-865C625B020A-LeaderElection22] INFO  server.RaftServerConfigKeys (ConfUtils.java:logGet(46)) - raft.server.write.byte-limit = 1024 M (=1073741824) (custom)
2023-10-04 17:32:28,399 [EventQueue-OpenPipelineForHealthyPipelineSafeModeRule] INFO  safemode.SCMSafeModeManager (HealthyPipelineSafeModeRule.java:process(137)) - SCM in safe mode. Healthy pipelines reported count is 0, required healthy pipeline reported count is 1
2023-10-04 17:32:28,399 [d23c53d9-b989-4348-8850-bf4ef4487d70@group-865C625B020A-LeaderElection22] INFO  server.RaftServerConfigKeys (ConfUtils.java:logGet(46)) - raft.server.watch.timeout = 180s (custom)
2023-10-04 17:32:28,399 [d23c53d9-b989-4348-8850-bf4ef4487d70@group-865C625B020A-LeaderElection22] INFO  server.RaftServerConfigKeys (ConfUtils.java:logGet(46)) - raft.server.watch.timeout.denomination = 1s (default)
2023-10-04 17:32:28,400 [d23c53d9-b989-4348-8850-bf4ef4487d70@group-865C625B020A-LeaderElection22] INFO  server.RaftServerConfigKeys (ConfUtils.java:logGet(46)) - raft.server.watch.element-limit = 65536 (default)
2023-10-04 17:32:28,400 [d23c53d9-b989-4348-8850-bf4ef4487d70@group-865C625B020A-LeaderElection22] INFO  server.RaftServerConfigKeys (ConfUtils.java:logGet(46)) - raft.server.write.element-limit = 1024 (custom)
2023-10-04 17:32:28,400 [d23c53d9-b989-4348-8850-bf4ef4487d70@group-865C625B020A-LeaderElection22] INFO  server.RaftServerConfigKeys (ConfUtils.java:logGet(46)) - raft.server.write.follower.gap.ratio.max = -1.0 (default)
2023-10-04 17:32:28,400 [d23c53d9-b989-4348-8850-bf4ef4487d70@group-865C625B020A-LeaderElection22] INFO  impl.RoleInfo (RoleInfo.java:updateAndGet(139)) - d23c53d9-b989-4348-8850-bf4ef4487d70: start d23c53d9-b989-4348-8850-bf4ef4487d70@group-865C625B020A-LeaderStateImpl
2023-10-04 17:32:28,400 [d23c53d9-b989-4348-8850-bf4ef4487d70@group-865C625B020A-LeaderElection22] INFO  segmented.SegmentedRaftLogWorker (SegmentedRaftLogWorker.java:startLogSegment(447)) - d23c53d9-b989-4348-8850-bf4ef4487d70@group-865C625B020A-SegmentedRaftLogWorker: Starting segment from index:0
2023-10-04 17:32:28,401 [d23c53d9-b989-4348-8850-bf4ef4487d70@group-865C625B020A-SegmentedRaftLogWorker] INFO  segmented.SegmentedRaftLogWorker (SegmentedRaftLogWorker.java:execute(651)) - d23c53d9-b989-4348-8850-bf4ef4487d70@group-865C625B020A-SegmentedRaftLogWorker: created new log segment /home/runner/work/ozone/ozone/hadoop-ozone/integration-test/target/test-dir/MiniOzoneClusterImpl-1a9f8426-f0b4-4ead-8c34-ee0cd8d78978/datanode-0/data/ratis/443ee777-72a2-4512-add5-865c625b020a/current/log_inprogress_0
2023-10-04 17:32:28,401 [d23c53d9-b989-4348-8850-bf4ef4487d70@group-865C625B020A-LeaderElection22] INFO  server.RaftServer$Division (ServerState.java:setRaftConf(434)) - d23c53d9-b989-4348-8850-bf4ef4487d70@group-865C625B020A: set configuration 0: peers:[d23c53d9-b989-4348-8850-bf4ef4487d70|rpc:10.1.0.20:15120|admin:10.1.0.20:15119|client:10.1.0.20:15118|dataStream:10.1.0.20:15121|priority:1|startupRole:FOLLOWER]|listeners:[], old=null
2023-10-04 17:32:28,418 [ac124e44-4b53-434d-bcce-b5d7b0204421@group-18C60AD3C6FF-FollowerState] INFO  impl.FollowerState (FollowerState.java:run(143)) - ac124e44-4b53-434d-bcce-b5d7b0204421@group-18C60AD3C6FF-FollowerState: change to CANDIDATE, lastRpcElapsedTime:5068332123ns, electionTimeout:5058ms
2023-10-04 17:32:28,418 [ac124e44-4b53-434d-bcce-b5d7b0204421@group-18C60AD3C6FF-FollowerState] INFO  impl.RoleInfo (RoleInfo.java:shutdownFollowerState(110)) - ac124e44-4b53-434d-bcce-b5d7b0204421: shutdown ac124e44-4b53-434d-bcce-b5d7b0204421@group-18C60AD3C6FF-FollowerState
2023-10-04 17:32:28,418 [ac124e44-4b53-434d-bcce-b5d7b0204421@group-18C60AD3C6FF-FollowerState] INFO  server.RaftServer$Division (RaftServerImpl.java:setRole(329)) - ac124e44-4b53-434d-bcce-b5d7b0204421@group-18C60AD3C6FF: changes role from  FOLLOWER to CANDIDATE at term 0 for changeToCandidate
2023-10-04 17:32:28,418 [ac124e44-4b53-434d-bcce-b5d7b0204421@group-18C60AD3C6FF-FollowerState] INFO  server.RaftServerConfigKeys (ConfUtils.java:logGet(46)) - raft.server.leaderelection.pre-vote = true (default)
2023-10-04 17:32:28,418 [ac124e44-4b53-434d-bcce-b5d7b0204421@group-18C60AD3C6FF-FollowerState] INFO  impl.RoleInfo (RoleInfo.java:updateAndGet(139)) - ac124e44-4b53-434d-bcce-b5d7b0204421: start ac124e44-4b53-434d-bcce-b5d7b0204421@group-18C60AD3C6FF-LeaderElection23
2023-10-04 17:32:28,419 [ac124e44-4b53-434d-bcce-b5d7b0204421@group-18C60AD3C6FF-LeaderElection23] INFO  impl.LeaderElection (LeaderElection.java:askForVotes(321)) - ac124e44-4b53-434d-bcce-b5d7b0204421@group-18C60AD3C6FF-LeaderElection23 PRE_VOTE round 0: submit vote requests at term 0 for -1: peers:[d23c53d9-b989-4348-8850-bf4ef4487d70|rpc:10.1.0.20:15120|admin:10.1.0.20:15119|client:10.1.0.20:15118|dataStream:10.1.0.20:15121|priority:0|startupRole:FOLLOWER, ac124e44-4b53-434d-bcce-b5d7b0204421|rpc:10.1.0.20:15138|admin:10.1.0.20:15137|client:10.1.0.20:15136|dataStream:10.1.0.20:15139|priority:1|startupRole:FOLLOWER, e56d6440-7293-4017-8843-e114a3ddb5c0|rpc:10.1.0.20:15129|admin:10.1.0.20:15128|client:10.1.0.20:15127|dataStream:10.1.0.20:15130|priority:0|startupRole:FOLLOWER]|listeners:[], old=null
2023-10-04 17:32:28,419 [ac124e44-4b53-434d-bcce-b5d7b0204421@group-18C60AD3C6FF-LeaderElection23] INFO  server.RaftServerConfigKeys (ConfUtils.java:logFallback(53)) - raft.server.rpc.first-election.timeout.min = 5s (fallback to raft.server.rpc.timeout.min)
2023-10-04 17:32:28,420 [ac124e44-4b53-434d-bcce-b5d7b0204421@group-18C60AD3C6FF-LeaderElection23-1] INFO  server.GrpcServerProtocolClient (GrpcServerProtocolClient.java:<init>(65)) - Build channel for d23c53d9-b989-4348-8850-bf4ef4487d70
2023-10-04 17:32:28,420 [ac124e44-4b53-434d-bcce-b5d7b0204421@group-18C60AD3C6FF-LeaderElection23] INFO  server.RaftServerConfigKeys (ConfUtils.java:logFallback(53)) - raft.server.rpc.first-election.timeout.max = 5200ms (fallback to raft.server.rpc.timeout.max)
2023-10-04 17:32:28,420 [ac124e44-4b53-434d-bcce-b5d7b0204421@group-18C60AD3C6FF-LeaderElection23-2] INFO  server.GrpcServerProtocolClient (GrpcServerProtocolClient.java:<init>(65)) - Build channel for e56d6440-7293-4017-8843-e114a3ddb5c0
2023-10-04 17:32:28,430 [grpc-default-executor-0] INFO  server.RaftServer$Division (RaftServerImpl.java:requestVote(1302)) - d23c53d9-b989-4348-8850-bf4ef4487d70@group-18C60AD3C6FF: receive requestVote(PRE_VOTE, ac124e44-4b53-434d-bcce-b5d7b0204421, group-18C60AD3C6FF, 0, (t:0, i:0))
2023-10-04 17:32:28,430 [grpc-default-executor-0] INFO  impl.VoteContext (VoteContext.java:log(49)) - d23c53d9-b989-4348-8850-bf4ef4487d70@group-18C60AD3C6FF-FOLLOWER: accept PRE_VOTE from ac124e44-4b53-434d-bcce-b5d7b0204421: our priority 0 <= candidate's priority 1
2023-10-04 17:32:28,430 [grpc-default-executor-0] INFO  server.RaftServer$Division (RaftServerImpl.java:requestVote(1335)) - d23c53d9-b989-4348-8850-bf4ef4487d70@group-18C60AD3C6FF replies to PRE_VOTE vote request: ac124e44-4b53-434d-bcce-b5d7b0204421<-d23c53d9-b989-4348-8850-bf4ef4487d70#0:OK-t0. Peer's state: d23c53d9-b989-4348-8850-bf4ef4487d70@group-18C60AD3C6FF:t0, leader=null, voted=, raftlog=Memoized:d23c53d9-b989-4348-8850-bf4ef4487d70@group-18C60AD3C6FF-SegmentedRaftLog:OPENED:c-1, conf=-1: peers:[d23c53d9-b989-4348-8850-bf4ef4487d70|rpc:10.1.0.20:15120|admin:10.1.0.20:15119|client:10.1.0.20:15118|dataStream:10.1.0.20:15121|priority:0|startupRole:FOLLOWER, ac124e44-4b53-434d-bcce-b5d7b0204421|rpc:10.1.0.20:15138|admin:10.1.0.20:15137|client:10.1.0.20:15136|dataStream:10.1.0.20:15139|priority:1|startupRole:FOLLOWER, e56d6440-7293-4017-8843-e114a3ddb5c0|rpc:10.1.0.20:15129|admin:10.1.0.20:15128|client:10.1.0.20:15127|dataStream:10.1.0.20:15130|priority:0|startupRole:FOLLOWER]|listeners:[], old=null
2023-10-04 17:32:28,434 [ac124e44-4b53-434d-bcce-b5d7b0204421@group-18C60AD3C6FF-LeaderElection23] INFO  impl.LeaderElection (LeaderElection.java:logAndReturn(90)) - ac124e44-4b53-434d-bcce-b5d7b0204421@group-18C60AD3C6FF-LeaderElection23: PRE_VOTE PASSED received 1 response(s) and 0 exception(s):
2023-10-04 17:32:28,434 [ac124e44-4b53-434d-bcce-b5d7b0204421@group-18C60AD3C6FF-LeaderElection23] INFO  impl.LeaderElection (LeaderElection.java:logAndReturn(94)) -   Response 0: ac124e44-4b53-434d-bcce-b5d7b0204421<-d23c53d9-b989-4348-8850-bf4ef4487d70#0:OK-t0
2023-10-04 17:32:28,434 [ac124e44-4b53-434d-bcce-b5d7b0204421@group-18C60AD3C6FF-LeaderElection23] INFO  impl.LeaderElection (LeaderElection.java:askForVotes(323)) - ac124e44-4b53-434d-bcce-b5d7b0204421@group-18C60AD3C6FF-LeaderElection23 PRE_VOTE round 0: result PASSED
2023-10-04 17:32:28,436 [ac124e44-4b53-434d-bcce-b5d7b0204421@group-18C60AD3C6FF-LeaderElection23] INFO  impl.LeaderElection (LeaderElection.java:askForVotes(321)) - ac124e44-4b53-434d-bcce-b5d7b0204421@group-18C60AD3C6FF-LeaderElection23 ELECTION round 0: submit vote requests at term 1 for -1: peers:[d23c53d9-b989-4348-8850-bf4ef4487d70|rpc:10.1.0.20:15120|admin:10.1.0.20:15119|client:10.1.0.20:15118|dataStream:10.1.0.20:15121|priority:0|startupRole:FOLLOWER, ac124e44-4b53-434d-bcce-b5d7b0204421|rpc:10.1.0.20:15138|admin:10.1.0.20:15137|client:10.1.0.20:15136|dataStream:10.1.0.20:15139|priority:1|startupRole:FOLLOWER, e56d6440-7293-4017-8843-e114a3ddb5c0|rpc:10.1.0.20:15129|admin:10.1.0.20:15128|client:10.1.0.20:15127|dataStream:10.1.0.20:15130|priority:0|startupRole:FOLLOWER]|listeners:[], old=null
2023-10-04 17:32:28,442 [ac124e44-4b53-434d-bcce-b5d7b0204421@group-18C60AD3C6FF-LeaderElection23] INFO  server.RaftServerConfigKeys (ConfUtils.java:logFallback(53)) - raft.server.rpc.first-election.timeout.min = 5s (fallback to raft.server.rpc.timeout.min)
2023-10-04 17:32:28,442 [ac124e44-4b53-434d-bcce-b5d7b0204421@group-18C60AD3C6FF-LeaderElection23] INFO  server.RaftServerConfigKeys (ConfUtils.java:logFallback(53)) - raft.server.rpc.first-election.timeout.max = 5200ms (fallback to raft.server.rpc.timeout.max)
2023-10-04 17:32:28,443 [grpc-default-executor-0] INFO  server.RaftServer$Division (RaftServerImpl.java:requestVote(1302)) - e56d6440-7293-4017-8843-e114a3ddb5c0@group-18C60AD3C6FF: receive requestVote(PRE_VOTE, ac124e44-4b53-434d-bcce-b5d7b0204421, group-18C60AD3C6FF, 0, (t:0, i:0))
2023-10-04 17:32:28,443 [grpc-default-executor-0] INFO  impl.VoteContext (VoteContext.java:log(49)) - e56d6440-7293-4017-8843-e114a3ddb5c0@group-18C60AD3C6FF-FOLLOWER: accept PRE_VOTE from ac124e44-4b53-434d-bcce-b5d7b0204421: our priority 0 <= candidate's priority 1
2023-10-04 17:32:28,443 [grpc-default-executor-0] INFO  server.RaftServer$Division (RaftServerImpl.java:requestVote(1335)) - e56d6440-7293-4017-8843-e114a3ddb5c0@group-18C60AD3C6FF replies to PRE_VOTE vote request: ac124e44-4b53-434d-bcce-b5d7b0204421<-e56d6440-7293-4017-8843-e114a3ddb5c0#0:OK-t0. Peer's state: e56d6440-7293-4017-8843-e114a3ddb5c0@group-18C60AD3C6FF:t0, leader=null, voted=, raftlog=Memoized:e56d6440-7293-4017-8843-e114a3ddb5c0@group-18C60AD3C6FF-SegmentedRaftLog:OPENED:c-1, conf=-1: peers:[d23c53d9-b989-4348-8850-bf4ef4487d70|rpc:10.1.0.20:15120|admin:10.1.0.20:15119|client:10.1.0.20:15118|dataStream:10.1.0.20:15121|priority:0|startupRole:FOLLOWER, ac124e44-4b53-434d-bcce-b5d7b0204421|rpc:10.1.0.20:15138|admin:10.1.0.20:15137|client:10.1.0.20:15136|dataStream:10.1.0.20:15139|priority:1|startupRole:FOLLOWER, e56d6440-7293-4017-8843-e114a3ddb5c0|rpc:10.1.0.20:15129|admin:10.1.0.20:15128|client:10.1.0.20:15127|dataStream:10.1.0.20:15130|priority:0|startupRole:FOLLOWER]|listeners:[], old=null
2023-10-04 17:32:28,444 [grpc-default-executor-0] INFO  server.RaftServer$Division (RaftServerImpl.java:requestVote(1302)) - d23c53d9-b989-4348-8850-bf4ef4487d70@group-18C60AD3C6FF: receive requestVote(ELECTION, ac124e44-4b53-434d-bcce-b5d7b0204421, group-18C60AD3C6FF, 1, (t:0, i:0))
2023-10-04 17:32:28,444 [grpc-default-executor-0] INFO  impl.VoteContext (VoteContext.java:log(49)) - d23c53d9-b989-4348-8850-bf4ef4487d70@group-18C60AD3C6FF-FOLLOWER: accept ELECTION from ac124e44-4b53-434d-bcce-b5d7b0204421: our priority 0 <= candidate's priority 1
2023-10-04 17:32:28,444 [grpc-default-executor-0] INFO  server.RaftServer$Division (RaftServerImpl.java:setRole(329)) - d23c53d9-b989-4348-8850-bf4ef4487d70@group-18C60AD3C6FF: changes role from  FOLLOWER to FOLLOWER at term 1 for candidate:ac124e44-4b53-434d-bcce-b5d7b0204421
2023-10-04 17:32:28,444 [grpc-default-executor-0] INFO  impl.RoleInfo (RoleInfo.java:shutdownFollowerState(110)) - d23c53d9-b989-4348-8850-bf4ef4487d70: shutdown d23c53d9-b989-4348-8850-bf4ef4487d70@group-18C60AD3C6FF-FollowerState
2023-10-04 17:32:28,444 [d23c53d9-b989-4348-8850-bf4ef4487d70@group-18C60AD3C6FF-FollowerState] INFO  impl.FollowerState (FollowerState.java:run(152)) - d23c53d9-b989-4348-8850-bf4ef4487d70@group-18C60AD3C6FF-FollowerState was interrupted
2023-10-04 17:32:28,445 [grpc-default-executor-0] INFO  impl.RoleInfo (RoleInfo.java:updateAndGet(139)) - d23c53d9-b989-4348-8850-bf4ef4487d70: start d23c53d9-b989-4348-8850-bf4ef4487d70@group-18C60AD3C6FF-FollowerState
2023-10-04 17:32:28,448 [grpc-default-executor-0] INFO  server.RaftServer$Division (RaftServerImpl.java:requestVote(1335)) - d23c53d9-b989-4348-8850-bf4ef4487d70@group-18C60AD3C6FF replies to ELECTION vote request: ac124e44-4b53-434d-bcce-b5d7b0204421<-d23c53d9-b989-4348-8850-bf4ef4487d70#0:OK-t1. Peer's state: d23c53d9-b989-4348-8850-bf4ef4487d70@group-18C60AD3C6FF:t1, leader=null, voted=ac124e44-4b53-434d-bcce-b5d7b0204421, raftlog=Memoized:d23c53d9-b989-4348-8850-bf4ef4487d70@group-18C60AD3C6FF-SegmentedRaftLog:OPENED:c-1, conf=-1: peers:[d23c53d9-b989-4348-8850-bf4ef4487d70|rpc:10.1.0.20:15120|admin:10.1.0.20:15119|client:10.1.0.20:15118|dataStream:10.1.0.20:15121|priority:0|startupRole:FOLLOWER, ac124e44-4b53-434d-bcce-b5d7b0204421|rpc:10.1.0.20:15138|admin:10.1.0.20:15137|client:10.1.0.20:15136|dataStream:10.1.0.20:15139|priority:1|startupRole:FOLLOWER, e56d6440-7293-4017-8843-e114a3ddb5c0|rpc:10.1.0.20:15129|admin:10.1.0.20:15128|client:10.1.0.20:15127|dataStream:10.1.0.20:15130|priority:0|startupRole:FOLLOWER]|listeners:[], old=null
2023-10-04 17:32:28,450 [main] INFO  ozone.MiniOzoneClusterImpl (MiniOzoneClusterImpl.java:lambda$waitForClusterToBeReady$0(229)) - Nodes are ready. Got 5 of 5 DN Heartbeats.
2023-10-04 17:32:28,450 [main] INFO  ozone.MiniOzoneClusterImpl (MiniOzoneClusterImpl.java:lambda$waitForClusterToBeReady$0(232)) - Waiting for cluster to exit safe mode
2023-10-04 17:32:28,450 [main] INFO  ozone.MiniOzoneClusterImpl (MiniOzoneClusterImpl.java:lambda$waitForClusterToBeReady$0(234)) - SCM became leader
2023-10-04 17:32:28,451 [ac124e44-4b53-434d-bcce-b5d7b0204421@group-18C60AD3C6FF-LeaderElection23] INFO  impl.LeaderElection (LeaderElection.java:logAndReturn(90)) - ac124e44-4b53-434d-bcce-b5d7b0204421@group-18C60AD3C6FF-LeaderElection23: ELECTION PASSED received 1 response(s) and 0 exception(s):
2023-10-04 17:32:28,451 [ac124e44-4b53-434d-bcce-b5d7b0204421@group-18C60AD3C6FF-LeaderElection23] INFO  impl.LeaderElection (LeaderElection.java:logAndReturn(94)) -   Response 0: ac124e44-4b53-434d-bcce-b5d7b0204421<-d23c53d9-b989-4348-8850-bf4ef4487d70#0:OK-t1
2023-10-04 17:32:28,451 [ac124e44-4b53-434d-bcce-b5d7b0204421@group-18C60AD3C6FF-LeaderElection23] INFO  impl.LeaderElection (LeaderElection.java:askForVotes(323)) - ac124e44-4b53-434d-bcce-b5d7b0204421@group-18C60AD3C6FF-LeaderElection23 ELECTION round 0: result PASSED
2023-10-04 17:32:28,451 [ac124e44-4b53-434d-bcce-b5d7b0204421@group-18C60AD3C6FF-LeaderElection23] INFO  impl.RoleInfo (RoleInfo.java:shutdownLeaderElection(130)) - ac124e44-4b53-434d-bcce-b5d7b0204421: shutdown ac124e44-4b53-434d-bcce-b5d7b0204421@group-18C60AD3C6FF-LeaderElection23
2023-10-04 17:32:28,451 [ac124e44-4b53-434d-bcce-b5d7b0204421@group-18C60AD3C6FF-LeaderElection23] INFO  server.RaftServer$Division (RaftServerImpl.java:setRole(329)) - ac124e44-4b53-434d-bcce-b5d7b0204421@group-18C60AD3C6FF: changes role from CANDIDATE to LEADER at term 1 for changeToLeader
2023-10-04 17:32:28,451 [ac124e44-4b53-434d-bcce-b5d7b0204421@group-18C60AD3C6FF-LeaderElection23] INFO  ratis.XceiverServerRatis (XceiverServerRatis.java:handleLeaderChangedNotification(902)) - Leader change notification received for group: group-18C60AD3C6FF with new leaderId: ac124e44-4b53-434d-bcce-b5d7b0204421
2023-10-04 17:32:28,452 [ac124e44-4b53-434d-bcce-b5d7b0204421@group-18C60AD3C6FF-LeaderElection23] INFO  server.RaftServer$Division (ServerState.java:setLeader(317)) - ac124e44-4b53-434d-bcce-b5d7b0204421@group-18C60AD3C6FF: change Leader from null to ac124e44-4b53-434d-bcce-b5d7b0204421 at term 1 for becomeLeader, leader elected after 5121ms
2023-10-04 17:32:28,452 [ac124e44-4b53-434d-bcce-b5d7b0204421@group-18C60AD3C6FF-LeaderElection23] INFO  server.RaftServerConfigKeys (ConfUtils.java:logGet(46)) - raft.server.staging.catchup.gap = 1000 (default)
2023-10-04 17:32:28,452 [ac124e44-4b53-434d-bcce-b5d7b0204421@group-18C60AD3C6FF-LeaderElection23] INFO  server.RaftServerConfigKeys (ConfUtils.java:logGet(46)) - raft.server.write.element-limit = 1024 (custom)
2023-10-04 17:32:28,452 [ac124e44-4b53-434d-bcce-b5d7b0204421@group-18C60AD3C6FF-LeaderElection23] INFO  server.RaftServerConfigKeys (ConfUtils.java:logGet(46)) - raft.server.write.byte-limit = 1024 M (=1073741824) (custom)
2023-10-04 17:32:28,452 [ac124e44-4b53-434d-bcce-b5d7b0204421@group-18C60AD3C6FF-LeaderElection23] INFO  server.RaftServerConfigKeys (ConfUtils.java:logGet(46)) - raft.server.watch.timeout = 180s (custom)
2023-10-04 17:32:28,452 [ac124e44-4b53-434d-bcce-b5d7b0204421@group-18C60AD3C6FF-LeaderElection23] INFO  server.RaftServerConfigKeys (ConfUtils.java:logGet(46)) - raft.server.watch.timeout.denomination = 1s (default)
2023-10-04 17:32:28,452 [ac124e44-4b53-434d-bcce-b5d7b0204421@group-18C60AD3C6FF-LeaderElection23] INFO  server.RaftServerConfigKeys (ConfUtils.java:logGet(46)) - raft.server.watch.element-limit = 65536 (default)
2023-10-04 17:32:28,452 [ac124e44-4b53-434d-bcce-b5d7b0204421@group-18C60AD3C6FF-LeaderElection23] INFO  server.RaftServerConfigKeys (ConfUtils.java:logGet(46)) - raft.server.write.element-limit = 1024 (custom)
2023-10-04 17:32:28,452 [ac124e44-4b53-434d-bcce-b5d7b0204421@group-18C60AD3C6FF-LeaderElection23] INFO  server.RaftServerConfigKeys (ConfUtils.java:logGet(46)) - raft.server.write.follower.gap.ratio.max = -1.0 (default)
2023-10-04 17:32:28,453 [ac124e44-4b53-434d-bcce-b5d7b0204421@group-18C60AD3C6FF-LeaderElection23] INFO  server.RaftServerConfigKeys (ConfUtils.java:logGet(46)) - raft.server.log.appender.snapshot.chunk.size.max = 16MB (=16777216) (default)
2023-10-04 17:32:28,453 [ac124e44-4b53-434d-bcce-b5d7b0204421@group-18C60AD3C6FF-LeaderElection23] INFO  server.RaftServerConfigKeys (ConfUtils.java:logGet(46)) - raft.server.log.appender.buffer.byte-limit = 33554432 (custom)
2023-10-04 17:32:28,453 [ac124e44-4b53-434d-bcce-b5d7b0204421@group-18C60AD3C6FF-LeaderElection23] INFO  server.RaftServerConfigKeys (ConfUtils.java:logGet(46)) - raft.server.log.appender.buffer.element-limit = 1 (custom)
2023-10-04 17:32:28,453 [ac124e44-4b53-434d-bcce-b5d7b0204421@group-18C60AD3C6FF-LeaderElection23] INFO  server.RaftServerConfigKeys (ConfUtils.java:logGet(46)) - raft.server.log.appender.wait-time.min = 10ms (default)
2023-10-04 17:32:28,453 [ac124e44-4b53-434d-bcce-b5d7b0204421@group-18C60AD3C6FF-LeaderElection23] INFO  grpc.GrpcConfigKeys (ConfUtils.java:logGet(46)) - raft.grpc.server.leader.outstanding.appends.max = 128 (default)
2023-10-04 17:32:28,453 [ac124e44-4b53-434d-bcce-b5d7b0204421@group-18C60AD3C6FF-LeaderElection23] INFO  server.RaftServerConfigKeys (ConfUtils.java:logGet(46)) - raft.server.rpc.request.timeout = 60s (custom)
2023-10-04 17:32:28,453 [ac124e44-4b53-434d-bcce-b5d7b0204421@group-18C60AD3C6FF-LeaderElection23] INFO  grpc.GrpcConfigKeys (ConfUtils.java:logGet(46)) - raft.grpc.server.install_snapshot.request.element-limit = 8 (default)
2023-10-04 17:32:28,453 [ac124e44-4b53-434d-bcce-b5d7b0204421@group-18C60AD3C6FF-LeaderElection23] INFO  grpc.GrpcConfigKeys (ConfUtils.java:logGet(46)) - raft.grpc.server.install_snapshot.request.timeout = 3000ms (default)
2023-10-04 17:32:28,453 [ac124e44-4b53-434d-bcce-b5d7b0204421@group-18C60AD3C6FF-LeaderElection23] INFO  server.RaftServerConfigKeys (ConfUtils.java:logGet(46)) - raft.server.log.appender.install.snapshot.enabled = false (custom)
2023-10-04 17:32:28,453 [ac124e44-4b53-434d-bcce-b5d7b0204421@group-18C60AD3C6FF-LeaderElection23] INFO  grpc.GrpcConfigKeys (ConfUtils.java:logGet(46)) - raft.grpc.server.heartbeat.channel = true (default)
2023-10-04 17:32:28,454 [EventQueue-OpenPipelineForHealthyPipelineSafeModeRule] INFO  safemode.SCMSafeModeManager (HealthyPipelineSafeModeRule.java:process(137)) - SCM in safe mode. Healthy pipelines reported count is 0, required healthy pipeline reported count is 1
2023-10-04 17:32:28,455 [EventQueue-PipelineReportForPipelineReportHandler] INFO  pipeline.PipelineReportHandler (PipelineReportHandler.java:processPipelineReport(136)) - Opened pipeline PipelineID=6fdc2f4e-1617-4d7b-8891-18c60ad3c6ff
2023-10-04 17:32:28,455 [EventQueue-OpenPipelineForHealthyPipelineSafeModeRule] INFO  safemode.SCMSafeModeManager (HealthyPipelineSafeModeRule.java:process(137)) - SCM in safe mode. Healthy pipelines reported count is 1, required healthy pipeline reported count is 1
2023-10-04 17:32:28,455 [EventQueue-OpenPipelineForHealthyPipelineSafeModeRule] INFO  safemode.SCMSafeModeManager (SCMSafeModeManager.java:validateSafeModeExitRules(200)) - HealthyPipelineSafeModeRule rule is successfully validated
2023-10-04 17:32:28,455 [EventQueue-OpenPipelineForHealthyPipelineSafeModeRule] INFO  safemode.SCMSafeModeManager (SCMSafeModeManager.java:validateSafeModeExitRules(215)) - ScmSafeModeManager, all rules are successfully validated
2023-10-04 17:32:28,455 [EventQueue-OpenPipelineForHealthyPipelineSafeModeRule] INFO  safemode.SCMSafeModeManager (SCMSafeModeManager.java:exitSafeMode(244)) - SCM exiting safe mode.
2023-10-04 17:32:28,455 [EventQueue-OpenPipelineForHealthyPipelineSafeModeRule] INFO  ha.SCMContext (SCMContext.java:updateSafeModeStatus(228)) - Update SafeModeStatus from SafeModeStatus{safeModeStatus=true, preCheckPassed=true} to SafeModeStatus{safeModeStatus=false, preCheckPassed=true}.
2023-10-04 17:32:28,455 [EventQueue-OpenPipelineForHealthyPipelineSafeModeRule] INFO  pipeline.BackgroundPipelineCreator (BackgroundPipelineCreator.java:notifyStatusChanged(255)) - Service BackgroundPipelineCreator transitions to RUNNING.
2023-10-04 17:32:28,455 [EventQueue-OpenPipelineForHealthyPipelineSafeModeRule] INFO  BackgroundPipelineScrubber (BackgroundSCMService.java:notifyStatusChanged(82)) - Service BackgroundPipelineScrubber transitions to RUNNING.
2023-10-04 17:32:28,455 [EventQueue-OpenPipelineForHealthyPipelineSafeModeRule] INFO  ExpiredContainerReplicaOpScrubber (BackgroundSCMService.java:notifyStatusChanged(82)) - Service ExpiredContainerReplicaOpScrubber transitions to RUNNING.
2023-10-04 17:32:28,455 [EventQueue-OpenPipelineForHealthyPipelineSafeModeRule] INFO  replication.ReplicationManager (ReplicationManager.java:notifyStatusChanged(1370)) - Service ReplicationManager transitions to RUNNING.
2023-10-04 17:32:28,455 [EventQueue-OpenPipelineForHealthyPipelineSafeModeRule] WARN  balancer.ContainerBalancer (ContainerBalancer.java:shouldRun(134)) - Could not find persisted configuration for ContainerBalancer when checking if ContainerBalancer should run. ContainerBalancer should not run now.
2023-10-04 17:32:28,450 [grpc-default-executor-1] INFO  server.RaftServer$Division (RaftServerImpl.java:requestVote(1302)) - e56d6440-7293-4017-8843-e114a3ddb5c0@group-18C60AD3C6FF: receive requestVote(ELECTION, ac124e44-4b53-434d-bcce-b5d7b0204421, group-18C60AD3C6FF, 1, (t:0, i:0))
2023-10-04 17:32:28,458 [grpc-default-executor-1] INFO  impl.VoteContext (VoteContext.java:log(49)) - e56d6440-7293-4017-8843-e114a3ddb5c0@group-18C60AD3C6FF-FOLLOWER: accept ELECTION from ac124e44-4b53-434d-bcce-b5d7b0204421: our priority 0 <= candidate's priority 1
2023-10-04 17:32:28,458 [grpc-default-executor-1] INFO  server.RaftServer$Division (RaftServerImpl.java:setRole(329)) - e56d6440-7293-4017-8843-e114a3ddb5c0@group-18C60AD3C6FF: changes role from  FOLLOWER to FOLLOWER at term 1 for candidate:ac124e44-4b53-434d-bcce-b5d7b0204421
2023-10-04 17:32:28,458 [grpc-default-executor-1] INFO  impl.RoleInfo (RoleInfo.java:shutdownFollowerState(110)) - e56d6440-7293-4017-8843-e114a3ddb5c0: shutdown e56d6440-7293-4017-8843-e114a3ddb5c0@group-18C60AD3C6FF-FollowerState
2023-10-04 17:32:28,458 [grpc-default-executor-1] INFO  impl.RoleInfo (RoleInfo.java:updateAndGet(139)) - e56d6440-7293-4017-8843-e114a3ddb5c0: start e56d6440-7293-4017-8843-e114a3ddb5c0@group-18C60AD3C6FF-FollowerState
2023-10-04 17:32:28,458 [e56d6440-7293-4017-8843-e114a3ddb5c0@group-18C60AD3C6FF-FollowerState] INFO  impl.FollowerState (FollowerState.java:run(152)) - e56d6440-7293-4017-8843-e114a3ddb5c0@group-18C60AD3C6FF-FollowerState was interrupted
2023-10-04 17:32:28,460 [ac124e44-4b53-434d-bcce-b5d7b0204421@group-18C60AD3C6FF-LeaderElection23] INFO  server.RaftServerConfigKeys (ConfUtils.java:logGet(46)) - raft.server.log.appender.snapshot.chunk.size.max = 16MB (=16777216) (default)
2023-10-04 17:32:28,461 [ac124e44-4b53-434d-bcce-b5d7b0204421@group-18C60AD3C6FF-LeaderElection23] INFO  server.RaftServerConfigKeys (ConfUtils.java:logGet(46)) - raft.server.log.appender.buffer.byte-limit = 33554432 (custom)
2023-10-04 17:32:28,461 [ac124e44-4b53-434d-bcce-b5d7b0204421@group-18C60AD3C6FF-LeaderElection23] INFO  server.RaftServerConfigKeys (ConfUtils.java:logGet(46)) - raft.server.log.appender.buffer.element-limit = 1 (custom)
2023-10-04 17:32:28,461 [grpc-default-executor-1] INFO  server.RaftServer$Division (RaftServerImpl.java:requestVote(1335)) - e56d6440-7293-4017-8843-e114a3ddb5c0@group-18C60AD3C6FF replies to ELECTION vote request: ac124e44-4b53-434d-bcce-b5d7b0204421<-e56d6440-7293-4017-8843-e114a3ddb5c0#0:OK-t1. Peer's state: e56d6440-7293-4017-8843-e114a3ddb5c0@group-18C60AD3C6FF:t1, leader=null, voted=ac124e44-4b53-434d-bcce-b5d7b0204421, raftlog=Memoized:e56d6440-7293-4017-8843-e114a3ddb5c0@group-18C60AD3C6FF-SegmentedRaftLog:OPENED:c-1, conf=-1: peers:[d23c53d9-b989-4348-8850-bf4ef4487d70|rpc:10.1.0.20:15120|admin:10.1.0.20:15119|client:10.1.0.20:15118|dataStream:10.1.0.20:15121|priority:0|startupRole:FOLLOWER, ac124e44-4b53-434d-bcce-b5d7b0204421|rpc:10.1.0.20:15138|admin:10.1.0.20:15137|client:10.1.0.20:15136|dataStream:10.1.0.20:15139|priority:1|startupRole:FOLLOWER, e56d6440-7293-4017-8843-e114a3ddb5c0|rpc:10.1.0.20:15129|admin:10.1.0.20:15128|client:10.1.0.20:15127|dataStream:10.1.0.20:15130|priority:0|startupRole:FOLLOWER]|listeners:[], old=null
2023-10-04 17:32:28,461 [ac124e44-4b53-434d-bcce-b5d7b0204421@group-18C60AD3C6FF-LeaderElection23] INFO  server.RaftServerConfigKeys (ConfUtils.java:logGet(46)) - raft.server.log.appender.wait-time.min = 10ms (default)
2023-10-04 17:32:28,461 [ac124e44-4b53-434d-bcce-b5d7b0204421@group-18C60AD3C6FF-LeaderElection23] INFO  grpc.GrpcConfigKeys (ConfUtils.java:logGet(46)) - raft.grpc.server.leader.outstanding.appends.max = 128 (default)
2023-10-04 17:32:28,462 [ac124e44-4b53-434d-bcce-b5d7b0204421@group-18C60AD3C6FF-LeaderElection23] INFO  server.RaftServerConfigKeys (ConfUtils.java:logGet(46)) - raft.server.rpc.request.timeout = 60s (custom)
2023-10-04 17:32:28,462 [ac124e44-4b53-434d-bcce-b5d7b0204421@group-18C60AD3C6FF-LeaderElection23] INFO  grpc.GrpcConfigKeys (ConfUtils.java:logGet(46)) - raft.grpc.server.install_snapshot.request.element-limit = 8 (default)
2023-10-04 17:32:28,462 [ac124e44-4b53-434d-bcce-b5d7b0204421@group-18C60AD3C6FF-LeaderElection23] INFO  grpc.GrpcConfigKeys (ConfUtils.java:logGet(46)) - raft.grpc.server.install_snapshot.request.timeout = 3000ms (default)
2023-10-04 17:32:28,462 [ac124e44-4b53-434d-bcce-b5d7b0204421@group-18C60AD3C6FF-LeaderElection23] INFO  server.RaftServerConfigKeys (ConfUtils.java:logGet(46)) - raft.server.log.appender.install.snapshot.enabled = false (custom)
2023-10-04 17:32:28,462 [ac124e44-4b53-434d-bcce-b5d7b0204421@group-18C60AD3C6FF-LeaderElection23] INFO  grpc.GrpcConfigKeys (ConfUtils.java:logGet(46)) - raft.grpc.server.heartbeat.channel = true (default)
2023-10-04 17:32:28,462 [ac124e44-4b53-434d-bcce-b5d7b0204421@group-18C60AD3C6FF-LeaderElection23] INFO  impl.RoleInfo (RoleInfo.java:updateAndGet(139)) - ac124e44-4b53-434d-bcce-b5d7b0204421: start ac124e44-4b53-434d-bcce-b5d7b0204421@group-18C60AD3C6FF-LeaderStateImpl
2023-10-04 17:32:28,462 [ac124e44-4b53-434d-bcce-b5d7b0204421@group-18C60AD3C6FF-LeaderElection23] INFO  segmented.SegmentedRaftLogWorker (SegmentedRaftLogWorker.java:startLogSegment(447)) - ac124e44-4b53-434d-bcce-b5d7b0204421@group-18C60AD3C6FF-SegmentedRaftLogWorker: Starting segment from index:0
2023-10-04 17:32:28,464 [ac124e44-4b53-434d-bcce-b5d7b0204421@group-18C60AD3C6FF-SegmentedRaftLogWorker] INFO  segmented.SegmentedRaftLogWorker (SegmentedRaftLogWorker.java:execute(651)) - ac124e44-4b53-434d-bcce-b5d7b0204421@group-18C60AD3C6FF-SegmentedRaftLogWorker: created new log segment /home/runner/work/ozone/ozone/hadoop-ozone/integration-test/target/test-dir/MiniOzoneClusterImpl-1a9f8426-f0b4-4ead-8c34-ee0cd8d78978/datanode-2/data/ratis/6fdc2f4e-1617-4d7b-8891-18c60ad3c6ff/current/log_inprogress_0
2023-10-04 17:32:28,472 [ac124e44-4b53-434d-bcce-b5d7b0204421@group-18C60AD3C6FF-LeaderElection23] INFO  server.RaftServer$Division (ServerState.java:setRaftConf(434)) - ac124e44-4b53-434d-bcce-b5d7b0204421@group-18C60AD3C6FF: set configuration 0: peers:[d23c53d9-b989-4348-8850-bf4ef4487d70|rpc:10.1.0.20:15120|admin:10.1.0.20:15119|client:10.1.0.20:15118|dataStream:10.1.0.20:15121|priority:0|startupRole:FOLLOWER, ac124e44-4b53-434d-bcce-b5d7b0204421|rpc:10.1.0.20:15138|admin:10.1.0.20:15137|client:10.1.0.20:15136|dataStream:10.1.0.20:15139|priority:1|startupRole:FOLLOWER, e56d6440-7293-4017-8843-e114a3ddb5c0|rpc:10.1.0.20:15129|admin:10.1.0.20:15128|client:10.1.0.20:15127|dataStream:10.1.0.20:15130|priority:0|startupRole:FOLLOWER]|listeners:[], old=null
2023-10-04 17:32:28,479 [d23c53d9-b989-4348-8850-bf4ef4487d70@group-797DA2831D72-FollowerState] INFO  impl.FollowerState (FollowerState.java:run(143)) - d23c53d9-b989-4348-8850-bf4ef4487d70@group-797DA2831D72-FollowerState: change to CANDIDATE, lastRpcElapsedTime:5082378511ns, electionTimeout:5081ms
2023-10-04 17:32:28,480 [d23c53d9-b989-4348-8850-bf4ef4487d70@group-797DA2831D72-FollowerState] INFO  impl.RoleInfo (RoleInfo.java:shutdownFollowerState(110)) - d23c53d9-b989-4348-8850-bf4ef4487d70: shutdown d23c53d9-b989-4348-8850-bf4ef4487d70@group-797DA2831D72-FollowerState
2023-10-04 17:32:28,480 [d23c53d9-b989-4348-8850-bf4ef4487d70@group-797DA2831D72-FollowerState] INFO  server.RaftServer$Division (RaftServerImpl.java:setRole(329)) - d23c53d9-b989-4348-8850-bf4ef4487d70@group-797DA2831D72: changes role from  FOLLOWER to CANDIDATE at term 0 for changeToCandidate
2023-10-04 17:32:28,480 [d23c53d9-b989-4348-8850-bf4ef4487d70@group-797DA2831D72-FollowerState] INFO  server.RaftServerConfigKeys (ConfUtils.java:logGet(46)) - raft.server.leaderelection.pre-vote = true (default)
2023-10-04 17:32:28,480 [d23c53d9-b989-4348-8850-bf4ef4487d70@group-797DA2831D72-FollowerState] INFO  impl.RoleInfo (RoleInfo.java:updateAndGet(139)) - d23c53d9-b989-4348-8850-bf4ef4487d70: start d23c53d9-b989-4348-8850-bf4ef4487d70@group-797DA2831D72-LeaderElection24
2023-10-04 17:32:28,494 [e56d6440-7293-4017-8843-e114a3ddb5c0-server-thread1] INFO  ratis.XceiverServerRatis (XceiverServerRatis.java:handleLeaderChangedNotification(902)) - Leader change notification received for group: group-18C60AD3C6FF with new leaderId: ac124e44-4b53-434d-bcce-b5d7b0204421
2023-10-04 17:32:28,494 [e56d6440-7293-4017-8843-e114a3ddb5c0-server-thread1] INFO  server.RaftServer$Division (ServerState.java:setLeader(317)) - e56d6440-7293-4017-8843-e114a3ddb5c0@group-18C60AD3C6FF: change Leader from null to ac124e44-4b53-434d-bcce-b5d7b0204421 at term 1 for appendEntries, leader elected after 5215ms
2023-10-04 17:32:28,503 [d23c53d9-b989-4348-8850-bf4ef4487d70@group-797DA2831D72-LeaderElection24] INFO  impl.LeaderElection (LeaderElection.java:askForVotes(321)) - d23c53d9-b989-4348-8850-bf4ef4487d70@group-797DA2831D72-LeaderElection24 PRE_VOTE round 0: submit vote requests at term 0 for -1: peers:[d23c53d9-b989-4348-8850-bf4ef4487d70|rpc:10.1.0.20:15120|admin:10.1.0.20:15119|client:10.1.0.20:15118|dataStream:10.1.0.20:15121|priority:1|startupRole:FOLLOWER, ac124e44-4b53-434d-bcce-b5d7b0204421|rpc:10.1.0.20:15138|admin:10.1.0.20:15137|client:10.1.0.20:15136|dataStream:10.1.0.20:15139|priority:0|startupRole:FOLLOWER, e56d6440-7293-4017-8843-e114a3ddb5c0|rpc:10.1.0.20:15129|admin:10.1.0.20:15128|client:10.1.0.20:15127|dataStream:10.1.0.20:15130|priority:0|startupRole:FOLLOWER]|listeners:[], old=null
2023-10-04 17:32:28,505 [e56d6440-7293-4017-8843-e114a3ddb5c0@group-797DA2831D72-FollowerState] INFO  impl.FollowerState (FollowerState.java:run(143)) - e56d6440-7293-4017-8843-e114a3ddb5c0@group-797DA2831D72-FollowerState: change to CANDIDATE, lastRpcElapsedTime:5078933871ns, electionTimeout:5074ms
2023-10-04 17:32:28,505 [e56d6440-7293-4017-8843-e114a3ddb5c0@group-797DA2831D72-FollowerState] INFO  impl.RoleInfo (RoleInfo.java:shutdownFollowerState(110)) - e56d6440-7293-4017-8843-e114a3ddb5c0: shutdown e56d6440-7293-4017-8843-e114a3ddb5c0@group-797DA2831D72-FollowerState
2023-10-04 17:32:28,505 [e56d6440-7293-4017-8843-e114a3ddb5c0@group-797DA2831D72-FollowerState] INFO  server.RaftServer$Division (RaftServerImpl.java:setRole(329)) - e56d6440-7293-4017-8843-e114a3ddb5c0@group-797DA2831D72: changes role from  FOLLOWER to CANDIDATE at term 0 for changeToCandidate
2023-10-04 17:32:28,505 [e56d6440-7293-4017-8843-e114a3ddb5c0@group-797DA2831D72-FollowerState] INFO  server.RaftServerConfigKeys (ConfUtils.java:logGet(46)) - raft.server.leaderelection.pre-vote = true (default)
2023-10-04 17:32:28,505 [e56d6440-7293-4017-8843-e114a3ddb5c0@group-797DA2831D72-FollowerState] INFO  impl.RoleInfo (RoleInfo.java:updateAndGet(139)) - e56d6440-7293-4017-8843-e114a3ddb5c0: start e56d6440-7293-4017-8843-e114a3ddb5c0@group-797DA2831D72-LeaderElection25
2023-10-04 17:32:28,516 [d23c53d9-b989-4348-8850-bf4ef4487d70-server-thread1] INFO  ratis.XceiverServerRatis (XceiverServerRatis.java:handleLeaderChangedNotification(902)) - Leader change notification received for group: group-18C60AD3C6FF with new leaderId: ac124e44-4b53-434d-bcce-b5d7b0204421
2023-10-04 17:32:28,516 [d23c53d9-b989-4348-8850-bf4ef4487d70-server-thread1] INFO  server.RaftServer$Division (ServerState.java:setLeader(317)) - d23c53d9-b989-4348-8850-bf4ef4487d70@group-18C60AD3C6FF: change Leader from null to ac124e44-4b53-434d-bcce-b5d7b0204421 at term 1 for appendEntries, leader elected after 5328ms
2023-10-04 17:32:28,517 [ac124e44-4b53-434d-bcce-b5d7b0204421@group-797DA2831D72-FollowerState] INFO  impl.FollowerState (FollowerState.java:run(143)) - ac124e44-4b53-434d-bcce-b5d7b0204421@group-797DA2831D72-FollowerState: change to CANDIDATE, lastRpcElapsedTime:5045904910ns, electionTimeout:5035ms
2023-10-04 17:32:28,522 [d23c53d9-b989-4348-8850-bf4ef4487d70@group-797DA2831D72-LeaderElection24] INFO  server.RaftServerConfigKeys (ConfUtils.java:logFallback(53)) - raft.server.rpc.first-election.timeout.min = 5s (fallback to raft.server.rpc.timeout.min)
2023-10-04 17:32:28,522 [d23c53d9-b989-4348-8850-bf4ef4487d70@group-797DA2831D72-LeaderElection24] INFO  server.RaftServerConfigKeys (ConfUtils.java:logFallback(53)) - raft.server.rpc.first-election.timeout.max = 5200ms (fallback to raft.server.rpc.timeout.max)
2023-10-04 17:32:28,522 [ac124e44-4b53-434d-bcce-b5d7b0204421@group-797DA2831D72-FollowerState] INFO  impl.RoleInfo (RoleInfo.java:shutdownFollowerState(110)) - ac124e44-4b53-434d-bcce-b5d7b0204421: shutdown ac124e44-4b53-434d-bcce-b5d7b0204421@group-797DA2831D72-FollowerState
2023-10-04 17:32:28,522 [ac124e44-4b53-434d-bcce-b5d7b0204421@group-797DA2831D72-FollowerState] INFO  server.RaftServer$Division (RaftServerImpl.java:setRole(329)) - ac124e44-4b53-434d-bcce-b5d7b0204421@group-797DA2831D72: changes role from  FOLLOWER to CANDIDATE at term 0 for changeToCandidate
2023-10-04 17:32:28,522 [ac124e44-4b53-434d-bcce-b5d7b0204421@group-797DA2831D72-FollowerState] INFO  server.RaftServerConfigKeys (ConfUtils.java:logGet(46)) - raft.server.leaderelection.pre-vote = true (default)
2023-10-04 17:32:28,522 [ac124e44-4b53-434d-bcce-b5d7b0204421@group-797DA2831D72-FollowerState] INFO  impl.RoleInfo (RoleInfo.java:updateAndGet(139)) - ac124e44-4b53-434d-bcce-b5d7b0204421: start ac124e44-4b53-434d-bcce-b5d7b0204421@group-797DA2831D72-LeaderElection26
2023-10-04 17:32:28,530 [e56d6440-7293-4017-8843-e114a3ddb5c0@group-797DA2831D72-LeaderElection25] INFO  impl.LeaderElection (LeaderElection.java:askForVotes(321)) - e56d6440-7293-4017-8843-e114a3ddb5c0@group-797DA2831D72-LeaderElection25 PRE_VOTE round 0: submit vote requests at term 0 for -1: peers:[d23c53d9-b989-4348-8850-bf4ef4487d70|rpc:10.1.0.20:15120|admin:10.1.0.20:15119|client:10.1.0.20:15118|dataStream:10.1.0.20:15121|priority:1|startupRole:FOLLOWER, ac124e44-4b53-434d-bcce-b5d7b0204421|rpc:10.1.0.20:15138|admin:10.1.0.20:15137|client:10.1.0.20:15136|dataStream:10.1.0.20:15139|priority:0|startupRole:FOLLOWER, e56d6440-7293-4017-8843-e114a3ddb5c0|rpc:10.1.0.20:15129|admin:10.1.0.20:15128|client:10.1.0.20:15127|dataStream:10.1.0.20:15130|priority:0|startupRole:FOLLOWER]|listeners:[], old=null
2023-10-04 17:32:28,530 [d23c53d9-b989-4348-8850-bf4ef4487d70-server-thread2] INFO  server.RaftServer$Division (ServerState.java:setRaftConf(434)) - d23c53d9-b989-4348-8850-bf4ef4487d70@group-18C60AD3C6FF: set configuration 0: peers:[d23c53d9-b989-4348-8850-bf4ef4487d70|rpc:10.1.0.20:15120|admin:10.1.0.20:15119|client:10.1.0.20:15118|dataStream:10.1.0.20:15121|priority:0|startupRole:FOLLOWER, ac124e44-4b53-434d-bcce-b5d7b0204421|rpc:10.1.0.20:15138|admin:10.1.0.20:15137|client:10.1.0.20:15136|dataStream:10.1.0.20:15139|priority:1|startupRole:FOLLOWER, e56d6440-7293-4017-8843-e114a3ddb5c0|rpc:10.1.0.20:15129|admin:10.1.0.20:15128|client:10.1.0.20:15127|dataStream:10.1.0.20:15130|priority:0|startupRole:FOLLOWER]|listeners:[], old=null
2023-10-04 17:32:28,530 [d23c53d9-b989-4348-8850-bf4ef4487d70-server-thread2] INFO  segmented.SegmentedRaftLogWorker (SegmentedRaftLogWorker.java:startLogSegment(447)) - d23c53d9-b989-4348-8850-bf4ef4487d70@group-18C60AD3C6FF-SegmentedRaftLogWorker: Starting segment from index:0
2023-10-04 17:32:28,530 [grpc-default-executor-2] INFO  server.RaftServer$Division (RaftServerImpl.java:requestVote(1302)) - e56d6440-7293-4017-8843-e114a3ddb5c0@group-797DA2831D72: receive requestVote(PRE_VOTE, d23c53d9-b989-4348-8850-bf4ef4487d70, group-797DA2831D72, 0, (t:0, i:0))
2023-10-04 17:32:28,531 [grpc-default-executor-2] INFO  impl.VoteContext (VoteContext.java:log(49)) - e56d6440-7293-4017-8843-e114a3ddb5c0@group-797DA2831D72-CANDIDATE: accept PRE_VOTE from d23c53d9-b989-4348-8850-bf4ef4487d70: our priority 0 <= candidate's priority 1
2023-10-04 17:32:28,531 [grpc-default-executor-2] INFO  server.RaftServer$Division (RaftServerImpl.java:requestVote(1335)) - e56d6440-7293-4017-8843-e114a3ddb5c0@group-797DA2831D72 replies to PRE_VOTE vote request: d23c53d9-b989-4348-8850-bf4ef4487d70<-e56d6440-7293-4017-8843-e114a3ddb5c0#0:OK-t0. Peer's state: e56d6440-7293-4017-8843-e114a3ddb5c0@group-797DA2831D72:t0, leader=null, voted=, raftlog=Memoized:e56d6440-7293-4017-8843-e114a3ddb5c0@group-797DA2831D72-SegmentedRaftLog:OPENED:c-1, conf=-1: peers:[d23c53d9-b989-4348-8850-bf4ef4487d70|rpc:10.1.0.20:15120|admin:10.1.0.20:15119|client:10.1.0.20:15118|dataStream:10.1.0.20:15121|priority:1|startupRole:FOLLOWER, ac124e44-4b53-434d-bcce-b5d7b0204421|rpc:10.1.0.20:15138|admin:10.1.0.20:15137|client:10.1.0.20:15136|dataStream:10.1.0.20:15139|priority:0|startupRole:FOLLOWER, e56d6440-7293-4017-8843-e114a3ddb5c0|rpc:10.1.0.20:15129|admin:10.1.0.20:15128|client:10.1.0.20:15127|dataStream:10.1.0.20:15130|priority:0|startupRole:FOLLOWER]|listeners:[], old=null
2023-10-04 17:32:28,530 [grpc-default-executor-4] INFO  server.RaftServer$Division (RaftServerImpl.java:requestVote(1302)) - ac124e44-4b53-434d-bcce-b5d7b0204421@group-797DA2831D72: receive requestVote(PRE_VOTE, d23c53d9-b989-4348-8850-bf4ef4487d70, group-797DA2831D72, 0, (t:0, i:0))
2023-10-04 17:32:28,543 [d23c53d9-b989-4348-8850-bf4ef4487d70@group-797DA2831D72-LeaderElection24] INFO  impl.LeaderElection (LeaderElection.java:logAndReturn(90)) - d23c53d9-b989-4348-8850-bf4ef4487d70@group-797DA2831D72-LeaderElection24: PRE_VOTE PASSED received 1 response(s) and 0 exception(s):
2023-10-04 17:32:28,543 [d23c53d9-b989-4348-8850-bf4ef4487d70@group-797DA2831D72-LeaderElection24] INFO  impl.LeaderElection (LeaderElection.java:logAndReturn(94)) -   Response 0: d23c53d9-b989-4348-8850-bf4ef4487d70<-e56d6440-7293-4017-8843-e114a3ddb5c0#0:OK-t0
2023-10-04 17:32:28,543 [grpc-default-executor-4] INFO  impl.VoteContext (VoteContext.java:log(49)) - ac124e44-4b53-434d-bcce-b5d7b0204421@group-797DA2831D72-CANDIDATE: accept PRE_VOTE from d23c53d9-b989-4348-8850-bf4ef4487d70: our priority 0 <= candidate's priority 1
2023-10-04 17:32:28,543 [e56d6440-7293-4017-8843-e114a3ddb5c0-server-thread2] INFO  server.RaftServer$Division (ServerState.java:setRaftConf(434)) - e56d6440-7293-4017-8843-e114a3ddb5c0@group-18C60AD3C6FF: set configuration 0: peers:[d23c53d9-b989-4348-8850-bf4ef4487d70|rpc:10.1.0.20:15120|admin:10.1.0.20:15119|client:10.1.0.20:15118|dataStream:10.1.0.20:15121|priority:0|startupRole:FOLLOWER, ac124e44-4b53-434d-bcce-b5d7b0204421|rpc:10.1.0.20:15138|admin:10.1.0.20:15137|client:10.1.0.20:15136|dataStream:10.1.0.20:15139|priority:1|startupRole:FOLLOWER, e56d6440-7293-4017-8843-e114a3ddb5c0|rpc:10.1.0.20:15129|admin:10.1.0.20:15128|client:10.1.0.20:15127|dataStream:10.1.0.20:15130|priority:0|startupRole:FOLLOWER]|listeners:[], old=null
2023-10-04 17:32:28,543 [e56d6440-7293-4017-8843-e114a3ddb5c0@group-797DA2831D72-LeaderElection25-1] INFO  server.GrpcServerProtocolClient (GrpcServerProtocolClient.java:<init>(65)) - Build channel for d23c53d9-b989-4348-8850-bf4ef4487d70
2023-10-04 17:32:28,543 [grpc-default-executor-4] INFO  server.RaftServer$Division (RaftServerImpl.java:requestVote(1335)) - ac124e44-4b53-434d-bcce-b5d7b0204421@group-797DA2831D72 replies to PRE_VOTE vote request: d23c53d9-b989-4348-8850-bf4ef4487d70<-ac124e44-4b53-434d-bcce-b5d7b0204421#0:OK-t0. Peer's state: ac124e44-4b53-434d-bcce-b5d7b0204421@group-797DA2831D72:t0, leader=null, voted=, raftlog=Memoized:ac124e44-4b53-434d-bcce-b5d7b0204421@group-797DA2831D72-SegmentedRaftLog:OPENED:c-1, conf=-1: peers:[d23c53d9-b989-4348-8850-bf4ef4487d70|rpc:10.1.0.20:15120|admin:10.1.0.20:15119|client:10.1.0.20:15118|dataStream:10.1.0.20:15121|priority:1|startupRole:FOLLOWER, ac124e44-4b53-434d-bcce-b5d7b0204421|rpc:10.1.0.20:15138|admin:10.1.0.20:15137|client:10.1.0.20:15136|dataStream:10.1.0.20:15139|priority:0|startupRole:FOLLOWER, e56d6440-7293-4017-8843-e114a3ddb5c0|rpc:10.1.0.20:15129|admin:10.1.0.20:15128|client:10.1.0.20:15127|dataStream:10.1.0.20:15130|priority:0|startupRole:FOLLOWER]|listeners:[], old=null
2023-10-04 17:32:28,544 [d23c53d9-b989-4348-8850-bf4ef4487d70@group-18C60AD3C6FF-SegmentedRaftLogWorker] INFO  segmented.SegmentedRaftLogWorker (SegmentedRaftLogWorker.java:execute(651)) - d23c53d9-b989-4348-8850-bf4ef4487d70@group-18C60AD3C6FF-SegmentedRaftLogWorker: created new log segment /home/runner/work/ozone/ozone/hadoop-ozone/integration-test/target/test-dir/MiniOzoneClusterImpl-1a9f8426-f0b4-4ead-8c34-ee0cd8d78978/datanode-0/data/ratis/6fdc2f4e-1617-4d7b-8891-18c60ad3c6ff/current/log_inprogress_0
2023-10-04 17:32:28,544 [ac124e44-4b53-434d-bcce-b5d7b0204421@group-797DA2831D72-LeaderElection26] INFO  impl.LeaderElection (LeaderElection.java:askForVotes(321)) - ac124e44-4b53-434d-bcce-b5d7b0204421@group-797DA2831D72-LeaderElection26 PRE_VOTE round 0: submit vote requests at term 0 for -1: peers:[d23c53d9-b989-4348-8850-bf4ef4487d70|rpc:10.1.0.20:15120|admin:10.1.0.20:15119|client:10.1.0.20:15118|dataStream:10.1.0.20:15121|priority:1|startupRole:FOLLOWER, ac124e44-4b53-434d-bcce-b5d7b0204421|rpc:10.1.0.20:15138|admin:10.1.0.20:15137|client:10.1.0.20:15136|dataStream:10.1.0.20:15139|priority:0|startupRole:FOLLOWER, e56d6440-7293-4017-8843-e114a3ddb5c0|rpc:10.1.0.20:15129|admin:10.1.0.20:15128|client:10.1.0.20:15127|dataStream:10.1.0.20:15130|priority:0|startupRole:FOLLOWER]|listeners:[], old=null
2023-10-04 17:32:28,545 [e56d6440-7293-4017-8843-e114a3ddb5c0-server-thread2] INFO  segmented.SegmentedRaftLogWorker (SegmentedRaftLogWorker.java:startLogSegment(447)) - e56d6440-7293-4017-8843-e114a3ddb5c0@group-18C60AD3C6FF-SegmentedRaftLogWorker: Starting segment from index:0
2023-10-04 17:32:28,550 [e56d6440-7293-4017-8843-e114a3ddb5c0@group-797DA2831D72-LeaderElection25] INFO  server.RaftServerConfigKeys (ConfUtils.java:logFallback(53)) - raft.server.rpc.first-election.timeout.min = 5s (fallback to raft.server.rpc.timeout.min)
2023-10-04 17:32:28,550 [e56d6440-7293-4017-8843-e114a3ddb5c0@group-797DA2831D72-LeaderElection25] INFO  server.RaftServerConfigKeys (ConfUtils.java:logFallback(53)) - raft.server.rpc.first-election.timeout.max = 5200ms (fallback to raft.server.rpc.timeout.max)
2023-10-04 17:32:28,551 [e56d6440-7293-4017-8843-e114a3ddb5c0@group-797DA2831D72-LeaderElection25-2] INFO  server.GrpcServerProtocolClient (GrpcServerProtocolClient.java:<init>(65)) - Build channel for ac124e44-4b53-434d-bcce-b5d7b0204421
2023-10-04 17:32:28,551 [e56d6440-7293-4017-8843-e114a3ddb5c0@group-18C60AD3C6FF-SegmentedRaftLogWorker] INFO  segmented.SegmentedRaftLogWorker (SegmentedRaftLogWorker.java:execute(651)) - e56d6440-7293-4017-8843-e114a3ddb5c0@group-18C60AD3C6FF-SegmentedRaftLogWorker: created new log segment /home/runner/work/ozone/ozone/hadoop-ozone/integration-test/target/test-dir/MiniOzoneClusterImpl-1a9f8426-f0b4-4ead-8c34-ee0cd8d78978/datanode-1/data/ratis/6fdc2f4e-1617-4d7b-8891-18c60ad3c6ff/current/log_inprogress_0
2023-10-04 17:32:28,555 [ac124e44-4b53-434d-bcce-b5d7b0204421@group-797DA2831D72-LeaderElection26] INFO  server.RaftServerConfigKeys (ConfUtils.java:logFallback(53)) - raft.server.rpc.first-election.timeout.min = 5s (fallback to raft.server.rpc.timeout.min)
2023-10-04 17:32:28,555 [ac124e44-4b53-434d-bcce-b5d7b0204421@group-797DA2831D72-LeaderElection26] INFO  server.RaftServerConfigKeys (ConfUtils.java:logFallback(53)) - raft.server.rpc.first-election.timeout.max = 5200ms (fallback to raft.server.rpc.timeout.max)
2023-10-04 17:32:28,557 [d23c53d9-b989-4348-8850-bf4ef4487d70@group-797DA2831D72-LeaderElection24] INFO  impl.LeaderElection (LeaderElection.java:askForVotes(323)) - d23c53d9-b989-4348-8850-bf4ef4487d70@group-797DA2831D72-LeaderElection24 PRE_VOTE round 0: result PASSED
2023-10-04 17:32:28,567 [d23c53d9-b989-4348-8850-bf4ef4487d70@group-797DA2831D72-LeaderElection24] INFO  impl.LeaderElection (LeaderElection.java:askForVotes(321)) - d23c53d9-b989-4348-8850-bf4ef4487d70@group-797DA2831D72-LeaderElection24 ELECTION round 0: submit vote requests at term 1 for -1: peers:[d23c53d9-b989-4348-8850-bf4ef4487d70|rpc:10.1.0.20:15120|admin:10.1.0.20:15119|client:10.1.0.20:15118|dataStream:10.1.0.20:15121|priority:1|startupRole:FOLLOWER, ac124e44-4b53-434d-bcce-b5d7b0204421|rpc:10.1.0.20:15138|admin:10.1.0.20:15137|client:10.1.0.20:15136|dataStream:10.1.0.20:15139|priority:0|startupRole:FOLLOWER, e56d6440-7293-4017-8843-e114a3ddb5c0|rpc:10.1.0.20:15129|admin:10.1.0.20:15128|client:10.1.0.20:15127|dataStream:10.1.0.20:15130|priority:0|startupRole:FOLLOWER]|listeners:[], old=null
2023-10-04 17:32:28,570 [d23c53d9-b989-4348-8850-bf4ef4487d70@group-797DA2831D72-LeaderElection24] INFO  server.RaftServerConfigKeys (ConfUtils.java:logFallback(53)) - raft.server.rpc.first-election.timeout.min = 5s (fallback to raft.server.rpc.timeout.min)
2023-10-04 17:32:28,570 [d23c53d9-b989-4348-8850-bf4ef4487d70@group-797DA2831D72-LeaderElection24] INFO  server.RaftServerConfigKeys (ConfUtils.java:logFallback(53)) - raft.server.rpc.first-election.timeout.max = 5200ms (fallback to raft.server.rpc.timeout.max)
2023-10-04 17:32:28,575 [grpc-default-executor-5] INFO  server.RaftServer$Division (RaftServerImpl.java:requestVote(1302)) - d23c53d9-b989-4348-8850-bf4ef4487d70@group-797DA2831D72: receive requestVote(PRE_VOTE, ac124e44-4b53-434d-bcce-b5d7b0204421, group-797DA2831D72, 0, (t:0, i:0))
2023-10-04 17:32:28,575 [grpc-default-executor-5] INFO  impl.VoteContext (VoteContext.java:log(49)) - d23c53d9-b989-4348-8850-bf4ef4487d70@group-797DA2831D72-CANDIDATE: reject PRE_VOTE from ac124e44-4b53-434d-bcce-b5d7b0204421: our priority 1 > candidate's priority 0
2023-10-04 17:32:28,575 [grpc-default-executor-5] INFO  server.RaftServer$Division (RaftServerImpl.java:requestVote(1335)) - d23c53d9-b989-4348-8850-bf4ef4487d70@group-797DA2831D72 replies to PRE_VOTE vote request: ac124e44-4b53-434d-bcce-b5d7b0204421<-d23c53d9-b989-4348-8850-bf4ef4487d70#0:FAIL-t1. Peer's state: d23c53d9-b989-4348-8850-bf4ef4487d70@group-797DA2831D72:t1, leader=null, voted=d23c53d9-b989-4348-8850-bf4ef4487d70, raftlog=Memoized:d23c53d9-b989-4348-8850-bf4ef4487d70@group-797DA2831D72-SegmentedRaftLog:OPENED:c-1, conf=-1: peers:[d23c53d9-b989-4348-8850-bf4ef4487d70|rpc:10.1.0.20:15120|admin:10.1.0.20:15119|client:10.1.0.20:15118|dataStream:10.1.0.20:15121|priority:1|startupRole:FOLLOWER, ac124e44-4b53-434d-bcce-b5d7b0204421|rpc:10.1.0.20:15138|admin:10.1.0.20:15137|client:10.1.0.20:15136|dataStream:10.1.0.20:15139|priority:0|startupRole:FOLLOWER, e56d6440-7293-4017-8843-e114a3ddb5c0|rpc:10.1.0.20:15129|admin:10.1.0.20:15128|client:10.1.0.20:15127|dataStream:10.1.0.20:15130|priority:0|startupRole:FOLLOWER]|listeners:[], old=null
2023-10-04 17:32:28,576 [ac124e44-4b53-434d-bcce-b5d7b0204421@group-797DA2831D72-LeaderElection26] INFO  impl.LeaderElection (LeaderElection.java:logAndReturn(90)) - ac124e44-4b53-434d-bcce-b5d7b0204421@group-797DA2831D72-LeaderElection26: PRE_VOTE DISCOVERED_A_NEW_TERM (term=1) received 1 response(s) and 0 exception(s):
2023-10-04 17:32:28,576 [ac124e44-4b53-434d-bcce-b5d7b0204421@group-797DA2831D72-LeaderElection26] INFO  impl.LeaderElection (LeaderElection.java:logAndReturn(94)) -   Response 0: ac124e44-4b53-434d-bcce-b5d7b0204421<-d23c53d9-b989-4348-8850-bf4ef4487d70#0:FAIL-t1
2023-10-04 17:32:28,576 [ac124e44-4b53-434d-bcce-b5d7b0204421@group-797DA2831D72-LeaderElection26] INFO  impl.LeaderElection (LeaderElection.java:askForVotes(323)) - ac124e44-4b53-434d-bcce-b5d7b0204421@group-797DA2831D72-LeaderElection26 PRE_VOTE round 0: result DISCOVERED_A_NEW_TERM (term=1)
2023-10-04 17:32:28,576 [ac124e44-4b53-434d-bcce-b5d7b0204421@group-797DA2831D72-LeaderElection26] INFO  server.RaftServer$Division (RaftServerImpl.java:setRole(329)) - ac124e44-4b53-434d-bcce-b5d7b0204421@group-797DA2831D72: changes role from CANDIDATE to FOLLOWER at term 1 for DISCOVERED_A_NEW_TERM (term=1)
2023-10-04 17:32:28,577 [ac124e44-4b53-434d-bcce-b5d7b0204421@group-797DA2831D72-LeaderElection26] INFO  impl.RoleInfo (RoleInfo.java:shutdownLeaderElection(130)) - ac124e44-4b53-434d-bcce-b5d7b0204421: shutdown ac124e44-4b53-434d-bcce-b5d7b0204421@group-797DA2831D72-LeaderElection26
2023-10-04 17:32:28,577 [ac124e44-4b53-434d-bcce-b5d7b0204421@group-797DA2831D72-LeaderElection26] INFO  impl.RoleInfo (RoleInfo.java:updateAndGet(139)) - ac124e44-4b53-434d-bcce-b5d7b0204421: start ac124e44-4b53-434d-bcce-b5d7b0204421@group-797DA2831D72-FollowerState
2023-10-04 17:32:28,580 [grpc-default-executor-0] INFO  server.RaftServer$Division (RaftServerImpl.java:requestVote(1302)) - ac124e44-4b53-434d-bcce-b5d7b0204421@group-797DA2831D72: receive requestVote(PRE_VOTE, e56d6440-7293-4017-8843-e114a3ddb5c0, group-797DA2831D72, 0, (t:0, i:0))
2023-10-04 17:32:28,580 [grpc-default-executor-4] INFO  server.RaftServer$Division (RaftServerImpl.java:requestVote(1302)) - e56d6440-7293-4017-8843-e114a3ddb5c0@group-797DA2831D72: receive requestVote(PRE_VOTE, ac124e44-4b53-434d-bcce-b5d7b0204421, group-797DA2831D72, 0, (t:0, i:0))
2023-10-04 17:32:28,581 [grpc-default-executor-3] INFO  server.RaftServer$Division (RaftServerImpl.java:requestVote(1302)) - ac124e44-4b53-434d-bcce-b5d7b0204421@group-797DA2831D72: receive requestVote(ELECTION, d23c53d9-b989-4348-8850-bf4ef4487d70, group-797DA2831D72, 1, (t:0, i:0))
2023-10-04 17:32:28,581 [grpc-default-executor-3] INFO  impl.VoteContext (VoteContext.java:log(49)) - ac124e44-4b53-434d-bcce-b5d7b0204421@group-797DA2831D72-FOLLOWER: accept ELECTION from d23c53d9-b989-4348-8850-bf4ef4487d70: our priority 0 <= candidate's priority 1
2023-10-04 17:32:28,581 [grpc-default-executor-3] INFO  server.RaftServer$Division (RaftServerImpl.java:setRole(329)) - ac124e44-4b53-434d-bcce-b5d7b0204421@group-797DA2831D72: changes role from  FOLLOWER to FOLLOWER at term 1 for candidate:d23c53d9-b989-4348-8850-bf4ef4487d70
2023-10-04 17:32:28,581 [grpc-default-executor-3] INFO  impl.RoleInfo (RoleInfo.java:shutdownFollowerState(110)) - ac124e44-4b53-434d-bcce-b5d7b0204421: shutdown ac124e44-4b53-434d-bcce-b5d7b0204421@group-797DA2831D72-FollowerState
2023-10-04 17:32:28,581 [grpc-default-executor-3] INFO  impl.RoleInfo (RoleInfo.java:updateAndGet(139)) - ac124e44-4b53-434d-bcce-b5d7b0204421: start ac124e44-4b53-434d-bcce-b5d7b0204421@group-797DA2831D72-FollowerState
2023-10-04 17:32:28,581 [grpc-default-executor-5] INFO  server.RaftServer$Division (RaftServerImpl.java:requestVote(1302)) - d23c53d9-b989-4348-8850-bf4ef4487d70@group-797DA2831D72: receive requestVote(PRE_VOTE, e56d6440-7293-4017-8843-e114a3ddb5c0, group-797DA2831D72, 0, (t:0, i:0))
2023-10-04 17:32:28,581 [grpc-default-executor-5] INFO  impl.VoteContext (VoteContext.java:log(49)) - d23c53d9-b989-4348-8850-bf4ef4487d70@group-797DA2831D72-CANDIDATE: reject PRE_VOTE from e56d6440-7293-4017-8843-e114a3ddb5c0: our priority 1 > candidate's priority 0
2023-10-04 17:32:28,581 [grpc-default-executor-5] INFO  server.RaftServer$Division (RaftServerImpl.java:requestVote(1335)) - d23c53d9-b989-4348-8850-bf4ef4487d70@group-797DA2831D72 replies to PRE_VOTE vote request: e56d6440-7293-4017-8843-e114a3ddb5c0<-d23c53d9-b989-4348-8850-bf4ef4487d70#0:FAIL-t1. Peer's state: d23c53d9-b989-4348-8850-bf4ef4487d70@group-797DA2831D72:t1, leader=null, voted=d23c53d9-b989-4348-8850-bf4ef4487d70, raftlog=Memoized:d23c53d9-b989-4348-8850-bf4ef4487d70@group-797DA2831D72-SegmentedRaftLog:OPENED:c-1, conf=-1: peers:[d23c53d9-b989-4348-8850-bf4ef4487d70|rpc:10.1.0.20:15120|admin:10.1.0.20:15119|client:10.1.0.20:15118|dataStream:10.1.0.20:15121|priority:1|startupRole:FOLLOWER, ac124e44-4b53-434d-bcce-b5d7b0204421|rpc:10.1.0.20:15138|admin:10.1.0.20:15137|client:10.1.0.20:15136|dataStream:10.1.0.20:15139|priority:0|startupRole:FOLLOWER, e56d6440-7293-4017-8843-e114a3ddb5c0|rpc:10.1.0.20:15129|admin:10.1.0.20:15128|client:10.1.0.20:15127|dataStream:10.1.0.20:15130|priority:0|startupRole:FOLLOWER]|listeners:[], old=null
2023-10-04 17:32:28,582 [grpc-default-executor-4] INFO  impl.VoteContext (VoteContext.java:log(49)) - e56d6440-7293-4017-8843-e114a3ddb5c0@group-797DA2831D72-CANDIDATE: accept PRE_VOTE from ac124e44-4b53-434d-bcce-b5d7b0204421: our priority 0 <= candidate's priority 0
2023-10-04 17:32:28,582 [grpc-default-executor-4] INFO  server.RaftServer$Division (RaftServerImpl.java:requestVote(1335)) - e56d6440-7293-4017-8843-e114a3ddb5c0@group-797DA2831D72 replies to PRE_VOTE vote request: ac124e44-4b53-434d-bcce-b5d7b0204421<-e56d6440-7293-4017-8843-e114a3ddb5c0#0:OK-t0. Peer's state: e56d6440-7293-4017-8843-e114a3ddb5c0@group-797DA2831D72:t0, leader=null, voted=, raftlog=Memoized:e56d6440-7293-4017-8843-e114a3ddb5c0@group-797DA2831D72-SegmentedRaftLog:OPENED:c-1, conf=-1: peers:[d23c53d9-b989-4348-8850-bf4ef4487d70|rpc:10.1.0.20:15120|admin:10.1.0.20:15119|client:10.1.0.20:15118|dataStream:10.1.0.20:15121|priority:1|startupRole:FOLLOWER, ac124e44-4b53-434d-bcce-b5d7b0204421|rpc:10.1.0.20:15138|admin:10.1.0.20:15137|client:10.1.0.20:15136|dataStream:10.1.0.20:15139|priority:0|startupRole:FOLLOWER, e56d6440-7293-4017-8843-e114a3ddb5c0|rpc:10.1.0.20:15129|admin:10.1.0.20:15128|client:10.1.0.20:15127|dataStream:10.1.0.20:15130|priority:0|startupRole:FOLLOWER]|listeners:[], old=null
2023-10-04 17:32:28,583 [ac124e44-4b53-434d-bcce-b5d7b0204421@group-797DA2831D72-FollowerState] INFO  impl.FollowerState (FollowerState.java:run(152)) - ac124e44-4b53-434d-bcce-b5d7b0204421@group-797DA2831D72-FollowerState was interrupted
2023-10-04 17:32:28,587 [grpc-default-executor-3] INFO  server.RaftServer$Division (RaftServerImpl.java:requestVote(1335)) - ac124e44-4b53-434d-bcce-b5d7b0204421@group-797DA2831D72 replies to ELECTION vote request: d23c53d9-b989-4348-8850-bf4ef4487d70<-ac124e44-4b53-434d-bcce-b5d7b0204421#0:OK-t1. Peer's state: ac124e44-4b53-434d-bcce-b5d7b0204421@group-797DA2831D72:t1, leader=null, voted=d23c53d9-b989-4348-8850-bf4ef4487d70, raftlog=Memoized:ac124e44-4b53-434d-bcce-b5d7b0204421@group-797DA2831D72-SegmentedRaftLog:OPENED:c-1, conf=-1: peers:[d23c53d9-b989-4348-8850-bf4ef4487d70|rpc:10.1.0.20:15120|admin:10.1.0.20:15119|client:10.1.0.20:15118|dataStream:10.1.0.20:15121|priority:1|startupRole:FOLLOWER, ac124e44-4b53-434d-bcce-b5d7b0204421|rpc:10.1.0.20:15138|admin:10.1.0.20:15137|client:10.1.0.20:15136|dataStream:10.1.0.20:15139|priority:0|startupRole:FOLLOWER, e56d6440-7293-4017-8843-e114a3ddb5c0|rpc:10.1.0.20:15129|admin:10.1.0.20:15128|client:10.1.0.20:15127|dataStream:10.1.0.20:15130|priority:0|startupRole:FOLLOWER]|listeners:[], old=null
2023-10-04 17:32:28,588 [grpc-default-executor-0] INFO  impl.VoteContext (VoteContext.java:log(49)) - ac124e44-4b53-434d-bcce-b5d7b0204421@group-797DA2831D72-FOLLOWER: accept PRE_VOTE from e56d6440-7293-4017-8843-e114a3ddb5c0: our priority 0 <= candidate's priority 0
2023-10-04 17:32:28,588 [grpc-default-executor-0] INFO  server.RaftServer$Division (RaftServerImpl.java:requestVote(1335)) - ac124e44-4b53-434d-bcce-b5d7b0204421@group-797DA2831D72 replies to PRE_VOTE vote request: e56d6440-7293-4017-8843-e114a3ddb5c0<-ac124e44-4b53-434d-bcce-b5d7b0204421#0:OK-t1. Peer's state: ac124e44-4b53-434d-bcce-b5d7b0204421@group-797DA2831D72:t1, leader=null, voted=d23c53d9-b989-4348-8850-bf4ef4487d70, raftlog=Memoized:ac124e44-4b53-434d-bcce-b5d7b0204421@group-797DA2831D72-SegmentedRaftLog:OPENED:c-1, conf=-1: peers:[d23c53d9-b989-4348-8850-bf4ef4487d70|rpc:10.1.0.20:15120|admin:10.1.0.20:15119|client:10.1.0.20:15118|dataStream:10.1.0.20:15121|priority:1|startupRole:FOLLOWER, ac124e44-4b53-434d-bcce-b5d7b0204421|rpc:10.1.0.20:15138|admin:10.1.0.20:15137|client:10.1.0.20:15136|dataStream:10.1.0.20:15139|priority:0|startupRole:FOLLOWER, e56d6440-7293-4017-8843-e114a3ddb5c0|rpc:10.1.0.20:15129|admin:10.1.0.20:15128|client:10.1.0.20:15127|dataStream:10.1.0.20:15130|priority:0|startupRole:FOLLOWER]|listeners:[], old=null
2023-10-04 17:32:28,588 [e56d6440-7293-4017-8843-e114a3ddb5c0@group-797DA2831D72-LeaderElection25] INFO  impl.LeaderElection (LeaderElection.java:logAndReturn(90)) - e56d6440-7293-4017-8843-e114a3ddb5c0@group-797DA2831D72-LeaderElection25: PRE_VOTE DISCOVERED_A_NEW_TERM (term=1) received 1 response(s) and 0 exception(s):
2023-10-04 17:32:28,588 [e56d6440-7293-4017-8843-e114a3ddb5c0@group-797DA2831D72-LeaderElection25] INFO  impl.LeaderElection (LeaderElection.java:logAndReturn(94)) -   Response 0: e56d6440-7293-4017-8843-e114a3ddb5c0<-d23c53d9-b989-4348-8850-bf4ef4487d70#0:FAIL-t1
2023-10-04 17:32:28,588 [e56d6440-7293-4017-8843-e114a3ddb5c0@group-797DA2831D72-LeaderElection25] INFO  impl.LeaderElection (LeaderElection.java:askForVotes(323)) - e56d6440-7293-4017-8843-e114a3ddb5c0@group-797DA2831D72-LeaderElection25 PRE_VOTE round 0: result DISCOVERED_A_NEW_TERM (term=1)
2023-10-04 17:32:28,588 [e56d6440-7293-4017-8843-e114a3ddb5c0@group-797DA2831D72-LeaderElection25] INFO  server.RaftServer$Division (RaftServerImpl.java:setRole(329)) - e56d6440-7293-4017-8843-e114a3ddb5c0@group-797DA2831D72: changes role from CANDIDATE to FOLLOWER at term 1 for DISCOVERED_A_NEW_TERM (term=1)
2023-10-04 17:32:28,588 [e56d6440-7293-4017-8843-e114a3ddb5c0@group-797DA2831D72-LeaderElection25] INFO  impl.RoleInfo (RoleInfo.java:shutdownLeaderElection(130)) - e56d6440-7293-4017-8843-e114a3ddb5c0: shutdown e56d6440-7293-4017-8843-e114a3ddb5c0@group-797DA2831D72-LeaderElection25
2023-10-04 17:32:28,588 [e56d6440-7293-4017-8843-e114a3ddb5c0@group-797DA2831D72-LeaderElection25] INFO  impl.RoleInfo (RoleInfo.java:updateAndGet(139)) - e56d6440-7293-4017-8843-e114a3ddb5c0: start e56d6440-7293-4017-8843-e114a3ddb5c0@group-797DA2831D72-FollowerState
2023-10-04 17:32:28,591 [d23c53d9-b989-4348-8850-bf4ef4487d70@group-797DA2831D72-LeaderElection24] INFO  impl.LeaderElection (LeaderElection.java:logAndReturn(90)) - d23c53d9-b989-4348-8850-bf4ef4487d70@group-797DA2831D72-LeaderElection24: ELECTION PASSED received 1 response(s) and 0 exception(s):
2023-10-04 17:32:28,591 [d23c53d9-b989-4348-8850-bf4ef4487d70@group-797DA2831D72-LeaderElection24] INFO  impl.LeaderElection (LeaderElection.java:logAndReturn(94)) -   Response 0: d23c53d9-b989-4348-8850-bf4ef4487d70<-ac124e44-4b53-434d-bcce-b5d7b0204421#0:OK-t1
2023-10-04 17:32:28,591 [d23c53d9-b989-4348-8850-bf4ef4487d70@group-797DA2831D72-LeaderElection24] INFO  impl.LeaderElection (LeaderElection.java:askForVotes(323)) - d23c53d9-b989-4348-8850-bf4ef4487d70@group-797DA2831D72-LeaderElection24 ELECTION round 0: result PASSED
2023-10-04 17:32:28,591 [d23c53d9-b989-4348-8850-bf4ef4487d70@group-797DA2831D72-LeaderElection24] INFO  impl.RoleInfo (RoleInfo.java:shutdownLeaderElection(130)) - d23c53d9-b989-4348-8850-bf4ef4487d70: shutdown d23c53d9-b989-4348-8850-bf4ef4487d70@group-797DA2831D72-LeaderElection24
2023-10-04 17:32:28,591 [d23c53d9-b989-4348-8850-bf4ef4487d70@group-797DA2831D72-LeaderElection24] INFO  server.RaftServer$Division (RaftServerImpl.java:setRole(329)) - d23c53d9-b989-4348-8850-bf4ef4487d70@group-797DA2831D72: changes role from CANDIDATE to LEADER at term 1 for changeToLeader
2023-10-04 17:32:28,591 [d23c53d9-b989-4348-8850-bf4ef4487d70@group-797DA2831D72-LeaderElection24] INFO  ratis.XceiverServerRatis (XceiverServerRatis.java:handleLeaderChangedNotification(902)) - Leader change notification received for group: group-797DA2831D72 with new leaderId: d23c53d9-b989-4348-8850-bf4ef4487d70
2023-10-04 17:32:28,591 [d23c53d9-b989-4348-8850-bf4ef4487d70@group-797DA2831D72-LeaderElection24] INFO  server.RaftServer$Division (ServerState.java:setLeader(317)) - d23c53d9-b989-4348-8850-bf4ef4487d70@group-797DA2831D72: change Leader from null to d23c53d9-b989-4348-8850-bf4ef4487d70 at term 1 for becomeLeader, leader elected after 5212ms
2023-10-04 17:32:28,591 [d23c53d9-b989-4348-8850-bf4ef4487d70@group-797DA2831D72-LeaderElection24] INFO  server.RaftServerConfigKeys (ConfUtils.java:logGet(46)) - raft.server.staging.catchup.gap = 1000 (default)
2023-10-04 17:32:28,592 [d23c53d9-b989-4348-8850-bf4ef4487d70@group-797DA2831D72-LeaderElection24] INFO  server.RaftServerConfigKeys (ConfUtils.java:logGet(46)) - raft.server.write.element-limit = 1024 (custom)
2023-10-04 17:32:28,592 [d23c53d9-b989-4348-8850-bf4ef4487d70@group-797DA2831D72-LeaderElection24] INFO  server.RaftServerConfigKeys (ConfUtils.java:logGet(46)) - raft.server.write.byte-limit = 1024 M (=1073741824) (custom)
2023-10-04 17:32:28,592 [d23c53d9-b989-4348-8850-bf4ef4487d70@group-797DA2831D72-LeaderElection24] INFO  server.RaftServerConfigKeys (ConfUtils.java:logGet(46)) - raft.server.watch.timeout = 180s (custom)
2023-10-04 17:32:28,592 [d23c53d9-b989-4348-8850-bf4ef4487d70@group-797DA2831D72-LeaderElection24] INFO  server.RaftServerConfigKeys (ConfUtils.java:logGet(46)) - raft.server.watch.timeout.denomination = 1s (default)
2023-10-04 17:32:28,592 [d23c53d9-b989-4348-8850-bf4ef4487d70@group-797DA2831D72-LeaderElection24] INFO  server.RaftServerConfigKeys (ConfUtils.java:logGet(46)) - raft.server.watch.element-limit = 65536 (default)
2023-10-04 17:32:28,592 [d23c53d9-b989-4348-8850-bf4ef4487d70@group-797DA2831D72-LeaderElection24] INFO  server.RaftServerConfigKeys (ConfUtils.java:logGet(46)) - raft.server.write.element-limit = 1024 (custom)
2023-10-04 17:32:28,592 [d23c53d9-b989-4348-8850-bf4ef4487d70@group-797DA2831D72-LeaderElection24] INFO  server.RaftServerConfigKeys (ConfUtils.java:logGet(46)) - raft.server.write.follower.gap.ratio.max = -1.0 (default)
2023-10-04 17:32:28,592 [d23c53d9-b989-4348-8850-bf4ef4487d70@group-797DA2831D72-LeaderElection24] INFO  server.RaftServerConfigKeys (ConfUtils.java:logGet(46)) - raft.server.log.appender.snapshot.chunk.size.max = 16MB (=16777216) (default)
2023-10-04 17:32:28,593 [d23c53d9-b989-4348-8850-bf4ef4487d70@group-797DA2831D72-LeaderElection24] INFO  server.RaftServerConfigKeys (ConfUtils.java:logGet(46)) - raft.server.log.appender.buffer.byte-limit = 33554432 (custom)
2023-10-04 17:32:28,593 [d23c53d9-b989-4348-8850-bf4ef4487d70@group-797DA2831D72-LeaderElection24] INFO  server.RaftServerConfigKeys (ConfUtils.java:logGet(46)) - raft.server.log.appender.buffer.element-limit = 1 (custom)
2023-10-04 17:32:28,593 [d23c53d9-b989-4348-8850-bf4ef4487d70@group-797DA2831D72-LeaderElection24] INFO  server.RaftServerConfigKeys (ConfUtils.java:logGet(46)) - raft.server.log.appender.wait-time.min = 10ms (default)
2023-10-04 17:32:28,593 [d23c53d9-b989-4348-8850-bf4ef4487d70@group-797DA2831D72-LeaderElection24] INFO  grpc.GrpcConfigKeys (ConfUtils.java:logGet(46)) - raft.grpc.server.leader.outstanding.appends.max = 128 (default)
2023-10-04 17:32:28,593 [d23c53d9-b989-4348-8850-bf4ef4487d70@group-797DA2831D72-LeaderElection24] INFO  server.RaftServerConfigKeys (ConfUtils.java:logGet(46)) - raft.server.rpc.request.timeout = 60s (custom)
2023-10-04 17:32:28,593 [d23c53d9-b989-4348-8850-bf4ef4487d70@group-797DA2831D72-LeaderElection24] INFO  grpc.GrpcConfigKeys (ConfUtils.java:logGet(46)) - raft.grpc.server.install_snapshot.request.element-limit = 8 (default)
2023-10-04 17:32:28,593 [d23c53d9-b989-4348-8850-bf4ef4487d70@group-797DA2831D72-LeaderElection24] INFO  grpc.GrpcConfigKeys (ConfUtils.java:logGet(46)) - raft.grpc.server.install_snapshot.request.timeout = 3000ms (default)
2023-10-04 17:32:28,593 [d23c53d9-b989-4348-8850-bf4ef4487d70@group-797DA2831D72-LeaderElection24] INFO  server.RaftServerConfigKeys (ConfUtils.java:logGet(46)) - raft.server.log.appender.install.snapshot.enabled = false (custom)
2023-10-04 17:32:28,593 [d23c53d9-b989-4348-8850-bf4ef4487d70@group-797DA2831D72-LeaderElection24] INFO  grpc.GrpcConfigKeys (ConfUtils.java:logGet(46)) - raft.grpc.server.heartbeat.channel = true (default)
2023-10-04 17:32:28,593 [d23c53d9-b989-4348-8850-bf4ef4487d70@group-797DA2831D72-LeaderElection24] INFO  server.RaftServerConfigKeys (ConfUtils.java:logGet(46)) - raft.server.log.appender.snapshot.chunk.size.max = 16MB (=16777216) (default)
2023-10-04 17:32:28,593 [d23c53d9-b989-4348-8850-bf4ef4487d70@group-797DA2831D72-LeaderElection24] INFO  server.RaftServerConfigKeys (ConfUtils.java:logGet(46)) - raft.server.log.appender.buffer.byte-limit = 33554432 (custom)
2023-10-04 17:32:28,594 [d23c53d9-b989-4348-8850-bf4ef4487d70@group-797DA2831D72-LeaderElection24] INFO  server.RaftServerConfigKeys (ConfUtils.java:logGet(46)) - raft.server.log.appender.buffer.element-limit = 1 (custom)
2023-10-04 17:32:28,596 [grpc-default-executor-5] INFO  server.RaftServer$Division (RaftServerImpl.java:requestVote(1302)) - e56d6440-7293-4017-8843-e114a3ddb5c0@group-797DA2831D72: receive requestVote(ELECTION, d23c53d9-b989-4348-8850-bf4ef4487d70, group-797DA2831D72, 1, (t:0, i:0))
2023-10-04 17:32:28,596 [grpc-default-executor-5] INFO  impl.VoteContext (VoteContext.java:log(49)) - e56d6440-7293-4017-8843-e114a3ddb5c0@group-797DA2831D72-FOLLOWER: accept ELECTION from d23c53d9-b989-4348-8850-bf4ef4487d70: our priority 0 <= candidate's priority 1
2023-10-04 17:32:28,596 [grpc-default-executor-5] INFO  server.RaftServer$Division (RaftServerImpl.java:setRole(329)) - e56d6440-7293-4017-8843-e114a3ddb5c0@group-797DA2831D72: changes role from  FOLLOWER to FOLLOWER at term 1 for candidate:d23c53d9-b989-4348-8850-bf4ef4487d70
2023-10-04 17:32:28,596 [grpc-default-executor-5] INFO  impl.RoleInfo (RoleInfo.java:shutdownFollowerState(110)) - e56d6440-7293-4017-8843-e114a3ddb5c0: shutdown e56d6440-7293-4017-8843-e114a3ddb5c0@group-797DA2831D72-FollowerState
2023-10-04 17:32:28,596 [grpc-default-executor-5] INFO  impl.RoleInfo (RoleInfo.java:updateAndGet(139)) - e56d6440-7293-4017-8843-e114a3ddb5c0: start e56d6440-7293-4017-8843-e114a3ddb5c0@group-797DA2831D72-FollowerState
2023-10-04 17:32:28,596 [EventQueue-PipelineReportForPipelineReportHandler] INFO  pipeline.PipelineReportHandler (PipelineReportHandler.java:processPipelineReport(136)) - Opened pipeline PipelineID=f1b24073-76b4-410e-b80a-797da2831d72
2023-10-04 17:32:28,596 [e56d6440-7293-4017-8843-e114a3ddb5c0@group-797DA2831D72-FollowerState] INFO  impl.FollowerState (FollowerState.java:run(152)) - e56d6440-7293-4017-8843-e114a3ddb5c0@group-797DA2831D72-FollowerState was interrupted
2023-10-04 17:32:28,600 [d23c53d9-b989-4348-8850-bf4ef4487d70@group-797DA2831D72-LeaderElection24] INFO  server.RaftServerConfigKeys (ConfUtils.java:logGet(46)) - raft.server.log.appender.wait-time.min = 10ms (default)
2023-10-04 17:32:28,600 [d23c53d9-b989-4348-8850-bf4ef4487d70@group-797DA2831D72-LeaderElection24] INFO  grpc.GrpcConfigKeys (ConfUtils.java:logGet(46)) - raft.grpc.server.leader.outstanding.appends.max = 128 (default)
2023-10-04 17:32:28,600 [d23c53d9-b989-4348-8850-bf4ef4487d70@group-797DA2831D72-LeaderElection24] INFO  server.RaftServerConfigKeys (ConfUtils.java:logGet(46)) - raft.server.rpc.request.timeout = 60s (custom)
2023-10-04 17:32:28,600 [d23c53d9-b989-4348-8850-bf4ef4487d70@group-797DA2831D72-LeaderElection24] INFO  grpc.GrpcConfigKeys (ConfUtils.java:logGet(46)) - raft.grpc.server.install_snapshot.request.element-limit = 8 (default)
2023-10-04 17:32:28,600 [d23c53d9-b989-4348-8850-bf4ef4487d70@group-797DA2831D72-LeaderElection24] INFO  grpc.GrpcConfigKeys (ConfUtils.java:logGet(46)) - raft.grpc.server.install_snapshot.request.timeout = 3000ms (default)
2023-10-04 17:32:28,600 [d23c53d9-b989-4348-8850-bf4ef4487d70@group-797DA2831D72-LeaderElection24] INFO  server.RaftServerConfigKeys (ConfUtils.java:logGet(46)) - raft.server.log.appender.install.snapshot.enabled = false (custom)
2023-10-04 17:32:28,600 [d23c53d9-b989-4348-8850-bf4ef4487d70@group-797DA2831D72-LeaderElection24] INFO  grpc.GrpcConfigKeys (ConfUtils.java:logGet(46)) - raft.grpc.server.heartbeat.channel = true (default)
2023-10-04 17:32:28,601 [d23c53d9-b989-4348-8850-bf4ef4487d70@group-797DA2831D72-LeaderElection24] INFO  impl.RoleInfo (RoleInfo.java:updateAndGet(139)) - d23c53d9-b989-4348-8850-bf4ef4487d70: start d23c53d9-b989-4348-8850-bf4ef4487d70@group-797DA2831D72-LeaderStateImpl
2023-10-04 17:32:28,601 [d23c53d9-b989-4348-8850-bf4ef4487d70@group-797DA2831D72-LeaderElection24] INFO  segmented.SegmentedRaftLogWorker (SegmentedRaftLogWorker.java:startLogSegment(447)) - d23c53d9-b989-4348-8850-bf4ef4487d70@group-797DA2831D72-SegmentedRaftLogWorker: Starting segment from index:0
2023-10-04 17:32:28,600 [grpc-default-executor-5] INFO  server.RaftServer$Division (RaftServerImpl.java:requestVote(1335)) - e56d6440-7293-4017-8843-e114a3ddb5c0@group-797DA2831D72 replies to ELECTION vote request: d23c53d9-b989-4348-8850-bf4ef4487d70<-e56d6440-7293-4017-8843-e114a3ddb5c0#0:OK-t1. Peer's state: e56d6440-7293-4017-8843-e114a3ddb5c0@group-797DA2831D72:t1, leader=null, voted=d23c53d9-b989-4348-8850-bf4ef4487d70, raftlog=Memoized:e56d6440-7293-4017-8843-e114a3ddb5c0@group-797DA2831D72-SegmentedRaftLog:OPENED:c-1, conf=-1: peers:[d23c53d9-b989-4348-8850-bf4ef4487d70|rpc:10.1.0.20:15120|admin:10.1.0.20:15119|client:10.1.0.20:15118|dataStream:10.1.0.20:15121|priority:1|startupRole:FOLLOWER, ac124e44-4b53-434d-bcce-b5d7b0204421|rpc:10.1.0.20:15138|admin:10.1.0.20:15137|client:10.1.0.20:15136|dataStream:10.1.0.20:15139|priority:0|startupRole:FOLLOWER, e56d6440-7293-4017-8843-e114a3ddb5c0|rpc:10.1.0.20:15129|admin:10.1.0.20:15128|client:10.1.0.20:15127|dataStream:10.1.0.20:15130|priority:0|startupRole:FOLLOWER]|listeners:[], old=null
2023-10-04 17:32:28,603 [d23c53d9-b989-4348-8850-bf4ef4487d70@group-797DA2831D72-SegmentedRaftLogWorker] INFO  segmented.SegmentedRaftLogWorker (SegmentedRaftLogWorker.java:execute(651)) - d23c53d9-b989-4348-8850-bf4ef4487d70@group-797DA2831D72-SegmentedRaftLogWorker: created new log segment /home/runner/work/ozone/ozone/hadoop-ozone/integration-test/target/test-dir/MiniOzoneClusterImpl-1a9f8426-f0b4-4ead-8c34-ee0cd8d78978/datanode-0/data/ratis/f1b24073-76b4-410e-b80a-797da2831d72/current/log_inprogress_0
2023-10-04 17:32:28,620 [d23c53d9-b989-4348-8850-bf4ef4487d70@group-797DA2831D72-LeaderElection24] INFO  server.RaftServer$Division (ServerState.java:setRaftConf(434)) - d23c53d9-b989-4348-8850-bf4ef4487d70@group-797DA2831D72: set configuration 0: peers:[d23c53d9-b989-4348-8850-bf4ef4487d70|rpc:10.1.0.20:15120|admin:10.1.0.20:15119|client:10.1.0.20:15118|dataStream:10.1.0.20:15121|priority:1|startupRole:FOLLOWER, ac124e44-4b53-434d-bcce-b5d7b0204421|rpc:10.1.0.20:15138|admin:10.1.0.20:15137|client:10.1.0.20:15136|dataStream:10.1.0.20:15139|priority:0|startupRole:FOLLOWER, e56d6440-7293-4017-8843-e114a3ddb5c0|rpc:10.1.0.20:15129|admin:10.1.0.20:15128|client:10.1.0.20:15127|dataStream:10.1.0.20:15130|priority:0|startupRole:FOLLOWER]|listeners:[], old=null
2023-10-04 17:32:28,634 [e56d6440-7293-4017-8843-e114a3ddb5c0-server-thread1] INFO  ratis.XceiverServerRatis (XceiverServerRatis.java:handleLeaderChangedNotification(902)) - Leader change notification received for group: group-797DA2831D72 with new leaderId: d23c53d9-b989-4348-8850-bf4ef4487d70
2023-10-04 17:32:28,634 [e56d6440-7293-4017-8843-e114a3ddb5c0-server-thread1] INFO  server.RaftServer$Division (ServerState.java:setLeader(317)) - e56d6440-7293-4017-8843-e114a3ddb5c0@group-797DA2831D72: change Leader from null to d23c53d9-b989-4348-8850-bf4ef4487d70 at term 1 for appendEntries, leader elected after 5223ms
2023-10-04 17:32:28,640 [e56d6440-7293-4017-8843-e114a3ddb5c0@group-E15B615CE0F2-FollowerState] INFO  impl.FollowerState (FollowerState.java:run(143)) - e56d6440-7293-4017-8843-e114a3ddb5c0@group-E15B615CE0F2-FollowerState: change to CANDIDATE, lastRpcElapsedTime:5121246500ns, electionTimeout:5120ms
2023-10-04 17:32:28,644 [ac124e44-4b53-434d-bcce-b5d7b0204421-server-thread1] INFO  ratis.XceiverServerRatis (XceiverServerRatis.java:handleLeaderChangedNotification(902)) - Leader change notification received for group: group-797DA2831D72 with new leaderId: d23c53d9-b989-4348-8850-bf4ef4487d70
2023-10-04 17:32:28,644 [ac124e44-4b53-434d-bcce-b5d7b0204421-server-thread1] INFO  server.RaftServer$Division (ServerState.java:setLeader(317)) - ac124e44-4b53-434d-bcce-b5d7b0204421@group-797DA2831D72: change Leader from null to d23c53d9-b989-4348-8850-bf4ef4487d70 at term 1 for appendEntries, leader elected after 5189ms
2023-10-04 17:32:28,646 [ac124e44-4b53-434d-bcce-b5d7b0204421-server-thread2] INFO  server.RaftServer$Division (ServerState.java:setRaftConf(434)) - ac124e44-4b53-434d-bcce-b5d7b0204421@group-797DA2831D72: set configuration 0: peers:[d23c53d9-b989-4348-8850-bf4ef4487d70|rpc:10.1.0.20:15120|admin:10.1.0.20:15119|client:10.1.0.20:15118|dataStream:10.1.0.20:15121|priority:1|startupRole:FOLLOWER, ac124e44-4b53-434d-bcce-b5d7b0204421|rpc:10.1.0.20:15138|admin:10.1.0.20:15137|client:10.1.0.20:15136|dataStream:10.1.0.20:15139|priority:0|startupRole:FOLLOWER, e56d6440-7293-4017-8843-e114a3ddb5c0|rpc:10.1.0.20:15129|admin:10.1.0.20:15128|client:10.1.0.20:15127|dataStream:10.1.0.20:15130|priority:0|startupRole:FOLLOWER]|listeners:[], old=null
2023-10-04 17:32:28,646 [e56d6440-7293-4017-8843-e114a3ddb5c0@group-E15B615CE0F2-FollowerState] INFO  impl.RoleInfo (RoleInfo.java:shutdownFollowerState(110)) - e56d6440-7293-4017-8843-e114a3ddb5c0: shutdown e56d6440-7293-4017-8843-e114a3ddb5c0@group-E15B615CE0F2-FollowerState
2023-10-04 17:32:28,646 [e56d6440-7293-4017-8843-e114a3ddb5c0@group-E15B615CE0F2-FollowerState] INFO  server.RaftServer$Division (RaftServerImpl.java:setRole(329)) - e56d6440-7293-4017-8843-e114a3ddb5c0@group-E15B615CE0F2: changes role from  FOLLOWER to CANDIDATE at term 0 for changeToCandidate
2023-10-04 17:32:28,646 [e56d6440-7293-4017-8843-e114a3ddb5c0@group-E15B615CE0F2-FollowerState] INFO  server.RaftServerConfigKeys (ConfUtils.java:logGet(46)) - raft.server.leaderelection.pre-vote = true (default)
2023-10-04 17:32:28,647 [e56d6440-7293-4017-8843-e114a3ddb5c0@group-E15B615CE0F2-FollowerState] INFO  impl.RoleInfo (RoleInfo.java:updateAndGet(139)) - e56d6440-7293-4017-8843-e114a3ddb5c0: start e56d6440-7293-4017-8843-e114a3ddb5c0@group-E15B615CE0F2-LeaderElection27
2023-10-04 17:32:28,649 [e56d6440-7293-4017-8843-e114a3ddb5c0-server-thread3] INFO  server.RaftServer$Division (ServerState.java:setRaftConf(434)) - e56d6440-7293-4017-8843-e114a3ddb5c0@group-797DA2831D72: set configuration 0: peers:[d23c53d9-b989-4348-8850-bf4ef4487d70|rpc:10.1.0.20:15120|admin:10.1.0.20:15119|client:10.1.0.20:15118|dataStream:10.1.0.20:15121|priority:1|startupRole:FOLLOWER, ac124e44-4b53-434d-bcce-b5d7b0204421|rpc:10.1.0.20:15138|admin:10.1.0.20:15137|client:10.1.0.20:15136|dataStream:10.1.0.20:15139|priority:0|startupRole:FOLLOWER, e56d6440-7293-4017-8843-e114a3ddb5c0|rpc:10.1.0.20:15129|admin:10.1.0.20:15128|client:10.1.0.20:15127|dataStream:10.1.0.20:15130|priority:0|startupRole:FOLLOWER]|listeners:[], old=null
2023-10-04 17:32:28,650 [ac124e44-4b53-434d-bcce-b5d7b0204421-server-thread2] INFO  segmented.SegmentedRaftLogWorker (SegmentedRaftLogWorker.java:startLogSegment(447)) - ac124e44-4b53-434d-bcce-b5d7b0204421@group-797DA2831D72-SegmentedRaftLogWorker: Starting segment from index:0
2023-10-04 17:32:28,650 [e56d6440-7293-4017-8843-e114a3ddb5c0-server-thread3] INFO  segmented.SegmentedRaftLogWorker (SegmentedRaftLogWorker.java:startLogSegment(447)) - e56d6440-7293-4017-8843-e114a3ddb5c0@group-797DA2831D72-SegmentedRaftLogWorker: Starting segment from index:0
2023-10-04 17:32:28,652 [ac124e44-4b53-434d-bcce-b5d7b0204421@group-797DA2831D72-SegmentedRaftLogWorker] INFO  segmented.SegmentedRaftLogWorker (SegmentedRaftLogWorker.java:execute(651)) - ac124e44-4b53-434d-bcce-b5d7b0204421@group-797DA2831D72-SegmentedRaftLogWorker: created new log segment /home/runner/work/ozone/ozone/hadoop-ozone/integration-test/target/test-dir/MiniOzoneClusterImpl-1a9f8426-f0b4-4ead-8c34-ee0cd8d78978/datanode-2/data/ratis/f1b24073-76b4-410e-b80a-797da2831d72/current/log_inprogress_0
2023-10-04 17:32:28,652 [e56d6440-7293-4017-8843-e114a3ddb5c0@group-797DA2831D72-SegmentedRaftLogWorker] INFO  segmented.SegmentedRaftLogWorker (SegmentedRaftLogWorker.java:execute(651)) - e56d6440-7293-4017-8843-e114a3ddb5c0@group-797DA2831D72-SegmentedRaftLogWorker: created new log segment /home/runner/work/ozone/ozone/hadoop-ozone/integration-test/target/test-dir/MiniOzoneClusterImpl-1a9f8426-f0b4-4ead-8c34-ee0cd8d78978/datanode-1/data/ratis/f1b24073-76b4-410e-b80a-797da2831d72/current/log_inprogress_0
2023-10-04 17:32:28,654 [e56d6440-7293-4017-8843-e114a3ddb5c0@group-E15B615CE0F2-LeaderElection27] INFO  impl.LeaderElection (LeaderElection.java:askForVotes(321)) - e56d6440-7293-4017-8843-e114a3ddb5c0@group-E15B615CE0F2-LeaderElection27 PRE_VOTE round 0: submit vote requests at term 0 for -1: peers:[e56d6440-7293-4017-8843-e114a3ddb5c0|rpc:10.1.0.20:15129|admin:10.1.0.20:15128|client:10.1.0.20:15127|dataStream:10.1.0.20:15130|priority:1|startupRole:FOLLOWER]|listeners:[], old=null
2023-10-04 17:32:28,654 [e56d6440-7293-4017-8843-e114a3ddb5c0@group-E15B615CE0F2-LeaderElection27] INFO  impl.LeaderElection (LeaderElection.java:askForVotes(323)) - e56d6440-7293-4017-8843-e114a3ddb5c0@group-E15B615CE0F2-LeaderElection27 PRE_VOTE round 0: result PASSED (term=0)
2023-10-04 17:32:28,656 [e56d6440-7293-4017-8843-e114a3ddb5c0@group-E15B615CE0F2-LeaderElection27] INFO  impl.LeaderElection (LeaderElection.java:askForVotes(321)) - e56d6440-7293-4017-8843-e114a3ddb5c0@group-E15B615CE0F2-LeaderElection27 ELECTION round 0: submit vote requests at term 1 for -1: peers:[e56d6440-7293-4017-8843-e114a3ddb5c0|rpc:10.1.0.20:15129|admin:10.1.0.20:15128|client:10.1.0.20:15127|dataStream:10.1.0.20:15130|priority:1|startupRole:FOLLOWER]|listeners:[], old=null
2023-10-04 17:32:28,656 [e56d6440-7293-4017-8843-e114a3ddb5c0@group-E15B615CE0F2-LeaderElection27] INFO  impl.LeaderElection (LeaderElection.java:askForVotes(323)) - e56d6440-7293-4017-8843-e114a3ddb5c0@group-E15B615CE0F2-LeaderElection27 ELECTION round 0: result PASSED (term=1)
2023-10-04 17:32:28,656 [e56d6440-7293-4017-8843-e114a3ddb5c0@group-E15B615CE0F2-LeaderElection27] INFO  impl.RoleInfo (RoleInfo.java:shutdownLeaderElection(130)) - e56d6440-7293-4017-8843-e114a3ddb5c0: shutdown e56d6440-7293-4017-8843-e114a3ddb5c0@group-E15B615CE0F2-LeaderElection27
2023-10-04 17:32:28,656 [e56d6440-7293-4017-8843-e114a3ddb5c0@group-E15B615CE0F2-LeaderElection27] INFO  server.RaftServer$Division (RaftServerImpl.java:setRole(329)) - e56d6440-7293-4017-8843-e114a3ddb5c0@group-E15B615CE0F2: changes role from CANDIDATE to LEADER at term 1 for changeToLeader
2023-10-04 17:32:28,656 [e56d6440-7293-4017-8843-e114a3ddb5c0@group-E15B615CE0F2-LeaderElection27] INFO  ratis.XceiverServerRatis (XceiverServerRatis.java:handleLeaderChangedNotification(902)) - Leader change notification received for group: group-E15B615CE0F2 with new leaderId: e56d6440-7293-4017-8843-e114a3ddb5c0
2023-10-04 17:32:28,657 [e56d6440-7293-4017-8843-e114a3ddb5c0@group-E15B615CE0F2-LeaderElection27] INFO  server.RaftServer$Division (ServerState.java:setLeader(317)) - e56d6440-7293-4017-8843-e114a3ddb5c0@group-E15B615CE0F2: change Leader from null to e56d6440-7293-4017-8843-e114a3ddb5c0 at term 1 for becomeLeader, leader elected after 5164ms
2023-10-04 17:32:28,659 [e56d6440-7293-4017-8843-e114a3ddb5c0@group-E15B615CE0F2-LeaderElection27] INFO  server.RaftServerConfigKeys (ConfUtils.java:logGet(46)) - raft.server.staging.catchup.gap = 1000 (default)
2023-10-04 17:32:28,659 [e56d6440-7293-4017-8843-e114a3ddb5c0@group-E15B615CE0F2-LeaderElection27] INFO  server.RaftServerConfigKeys (ConfUtils.java:logGet(46)) - raft.server.write.element-limit = 1024 (custom)
2023-10-04 17:32:28,659 [e56d6440-7293-4017-8843-e114a3ddb5c0@group-E15B615CE0F2-LeaderElection27] INFO  server.RaftServerConfigKeys (ConfUtils.java:logGet(46)) - raft.server.write.byte-limit = 1024 M (=1073741824) (custom)
2023-10-04 17:32:28,659 [e56d6440-7293-4017-8843-e114a3ddb5c0@group-E15B615CE0F2-LeaderElection27] INFO  server.RaftServerConfigKeys (ConfUtils.java:logGet(46)) - raft.server.watch.timeout = 180s (custom)
2023-10-04 17:32:28,659 [e56d6440-7293-4017-8843-e114a3ddb5c0@group-E15B615CE0F2-LeaderElection27] INFO  server.RaftServerConfigKeys (ConfUtils.java:logGet(46)) - raft.server.watch.timeout.denomination = 1s (default)
2023-10-04 17:32:28,660 [e56d6440-7293-4017-8843-e114a3ddb5c0@group-E15B615CE0F2-LeaderElection27] INFO  server.RaftServerConfigKeys (ConfUtils.java:logGet(46)) - raft.server.watch.element-limit = 65536 (default)
2023-10-04 17:32:28,660 [e56d6440-7293-4017-8843-e114a3ddb5c0@group-E15B615CE0F2-LeaderElection27] INFO  server.RaftServerConfigKeys (ConfUtils.java:logGet(46)) - raft.server.write.element-limit = 1024 (custom)
2023-10-04 17:32:28,660 [e56d6440-7293-4017-8843-e114a3ddb5c0@group-E15B615CE0F2-LeaderElection27] INFO  server.RaftServerConfigKeys (ConfUtils.java:logGet(46)) - raft.server.write.follower.gap.ratio.max = -1.0 (default)
2023-10-04 17:32:28,660 [e56d6440-7293-4017-8843-e114a3ddb5c0@group-E15B615CE0F2-LeaderElection27] INFO  impl.RoleInfo (RoleInfo.java:updateAndGet(139)) - e56d6440-7293-4017-8843-e114a3ddb5c0: start e56d6440-7293-4017-8843-e114a3ddb5c0@group-E15B615CE0F2-LeaderStateImpl
2023-10-04 17:32:28,660 [e56d6440-7293-4017-8843-e114a3ddb5c0@group-E15B615CE0F2-LeaderElection27] INFO  segmented.SegmentedRaftLogWorker (SegmentedRaftLogWorker.java:startLogSegment(447)) - e56d6440-7293-4017-8843-e114a3ddb5c0@group-E15B615CE0F2-SegmentedRaftLogWorker: Starting segment from index:0
2023-10-04 17:32:28,668 [e56d6440-7293-4017-8843-e114a3ddb5c0@group-E15B615CE0F2-SegmentedRaftLogWorker] INFO  segmented.SegmentedRaftLogWorker (SegmentedRaftLogWorker.java:execute(651)) - e56d6440-7293-4017-8843-e114a3ddb5c0@group-E15B615CE0F2-SegmentedRaftLogWorker: created new log segment /home/runner/work/ozone/ozone/hadoop-ozone/integration-test/target/test-dir/MiniOzoneClusterImpl-1a9f8426-f0b4-4ead-8c34-ee0cd8d78978/datanode-1/data/ratis/0ef077db-72ac-48ad-9c85-e15b615ce0f2/current/log_inprogress_0
2023-10-04 17:32:28,668 [e56d6440-7293-4017-8843-e114a3ddb5c0@group-E15B615CE0F2-LeaderElection27] INFO  server.RaftServer$Division (ServerState.java:setRaftConf(434)) - e56d6440-7293-4017-8843-e114a3ddb5c0@group-E15B615CE0F2: set configuration 0: peers:[e56d6440-7293-4017-8843-e114a3ddb5c0|rpc:10.1.0.20:15129|admin:10.1.0.20:15128|client:10.1.0.20:15127|dataStream:10.1.0.20:15130|priority:1|startupRole:FOLLOWER]|listeners:[], old=null
2023-10-04 17:32:28,877 [ac124e44-4b53-434d-bcce-b5d7b0204421@group-DCC0CF3967CF-FollowerState] INFO  impl.FollowerState (FollowerState.java:run(143)) - ac124e44-4b53-434d-bcce-b5d7b0204421@group-DCC0CF3967CF-FollowerState: change to CANDIDATE, lastRpcElapsedTime:5051377714ns, electionTimeout:5050ms
2023-10-04 17:32:28,877 [ac124e44-4b53-434d-bcce-b5d7b0204421@group-DCC0CF3967CF-FollowerState] INFO  impl.RoleInfo (RoleInfo.java:shutdownFollowerState(110)) - ac124e44-4b53-434d-bcce-b5d7b0204421: shutdown ac124e44-4b53-434d-bcce-b5d7b0204421@group-DCC0CF3967CF-FollowerState
2023-10-04 17:32:28,877 [ac124e44-4b53-434d-bcce-b5d7b0204421@group-DCC0CF3967CF-FollowerState] INFO  server.RaftServer$Division (RaftServerImpl.java:setRole(329)) - ac124e44-4b53-434d-bcce-b5d7b0204421@group-DCC0CF3967CF: changes role from  FOLLOWER to CANDIDATE at term 0 for changeToCandidate
2023-10-04 17:32:28,877 [ac124e44-4b53-434d-bcce-b5d7b0204421@group-DCC0CF3967CF-FollowerState] INFO  server.RaftServerConfigKeys (ConfUtils.java:logGet(46)) - raft.server.leaderelection.pre-vote = true (default)
2023-10-04 17:32:28,877 [ac124e44-4b53-434d-bcce-b5d7b0204421@group-DCC0CF3967CF-FollowerState] INFO  impl.RoleInfo (RoleInfo.java:updateAndGet(139)) - ac124e44-4b53-434d-bcce-b5d7b0204421: start ac124e44-4b53-434d-bcce-b5d7b0204421@group-DCC0CF3967CF-LeaderElection28
2023-10-04 17:32:28,880 [ac124e44-4b53-434d-bcce-b5d7b0204421@group-DCC0CF3967CF-LeaderElection28] INFO  impl.LeaderElection (LeaderElection.java:askForVotes(321)) - ac124e44-4b53-434d-bcce-b5d7b0204421@group-DCC0CF3967CF-LeaderElection28 PRE_VOTE round 0: submit vote requests at term 0 for -1: peers:[ac124e44-4b53-434d-bcce-b5d7b0204421|rpc:10.1.0.20:15138|admin:10.1.0.20:15137|client:10.1.0.20:15136|dataStream:10.1.0.20:15139|priority:1|startupRole:FOLLOWER]|listeners:[], old=null
2023-10-04 17:32:28,880 [ac124e44-4b53-434d-bcce-b5d7b0204421@group-DCC0CF3967CF-LeaderElection28] INFO  impl.LeaderElection (LeaderElection.java:askForVotes(323)) - ac124e44-4b53-434d-bcce-b5d7b0204421@group-DCC0CF3967CF-LeaderElection28 PRE_VOTE round 0: result PASSED (term=0)
2023-10-04 17:32:28,882 [ac124e44-4b53-434d-bcce-b5d7b0204421@group-DCC0CF3967CF-LeaderElection28] INFO  impl.LeaderElection (LeaderElection.java:askForVotes(321)) - ac124e44-4b53-434d-bcce-b5d7b0204421@group-DCC0CF3967CF-LeaderElection28 ELECTION round 0: submit vote requests at term 1 for -1: peers:[ac124e44-4b53-434d-bcce-b5d7b0204421|rpc:10.1.0.20:15138|admin:10.1.0.20:15137|client:10.1.0.20:15136|dataStream:10.1.0.20:15139|priority:1|startupRole:FOLLOWER]|listeners:[], old=null
2023-10-04 17:32:28,882 [ac124e44-4b53-434d-bcce-b5d7b0204421@group-DCC0CF3967CF-LeaderElection28] INFO  impl.LeaderElection (LeaderElection.java:askForVotes(323)) - ac124e44-4b53-434d-bcce-b5d7b0204421@group-DCC0CF3967CF-LeaderElection28 ELECTION round 0: result PASSED (term=1)
2023-10-04 17:32:28,882 [ac124e44-4b53-434d-bcce-b5d7b0204421@group-DCC0CF3967CF-LeaderElection28] INFO  impl.RoleInfo (RoleInfo.java:shutdownLeaderElection(130)) - ac124e44-4b53-434d-bcce-b5d7b0204421: shutdown ac124e44-4b53-434d-bcce-b5d7b0204421@group-DCC0CF3967CF-LeaderElection28
2023-10-04 17:32:28,882 [ac124e44-4b53-434d-bcce-b5d7b0204421@group-DCC0CF3967CF-LeaderElection28] INFO  server.RaftServer$Division (RaftServerImpl.java:setRole(329)) - ac124e44-4b53-434d-bcce-b5d7b0204421@group-DCC0CF3967CF: changes role from CANDIDATE to LEADER at term 1 for changeToLeader
2023-10-04 17:32:28,882 [ac124e44-4b53-434d-bcce-b5d7b0204421@group-DCC0CF3967CF-LeaderElection28] INFO  ratis.XceiverServerRatis (XceiverServerRatis.java:handleLeaderChangedNotification(902)) - Leader change notification received for group: group-DCC0CF3967CF with new leaderId: ac124e44-4b53-434d-bcce-b5d7b0204421
2023-10-04 17:32:28,883 [ac124e44-4b53-434d-bcce-b5d7b0204421@group-DCC0CF3967CF-LeaderElection28] INFO  server.RaftServer$Division (ServerState.java:setLeader(317)) - ac124e44-4b53-434d-bcce-b5d7b0204421@group-DCC0CF3967CF: change Leader from null to ac124e44-4b53-434d-bcce-b5d7b0204421 at term 1 for becomeLeader, leader elected after 5070ms
2023-10-04 17:32:28,883 [ac124e44-4b53-434d-bcce-b5d7b0204421@group-DCC0CF3967CF-LeaderElection28] INFO  server.RaftServerConfigKeys (ConfUtils.java:logGet(46)) - raft.server.staging.catchup.gap = 1000 (default)
2023-10-04 17:32:28,883 [ac124e44-4b53-434d-bcce-b5d7b0204421@group-DCC0CF3967CF-LeaderElection28] INFO  server.RaftServerConfigKeys (ConfUtils.java:logGet(46)) - raft.server.write.element-limit = 1024 (custom)
2023-10-04 17:32:28,883 [ac124e44-4b53-434d-bcce-b5d7b0204421@group-DCC0CF3967CF-LeaderElection28] INFO  server.RaftServerConfigKeys (ConfUtils.java:logGet(46)) - raft.server.write.byte-limit = 1024 M (=1073741824) (custom)
2023-10-04 17:32:28,883 [ac124e44-4b53-434d-bcce-b5d7b0204421@group-DCC0CF3967CF-LeaderElection28] INFO  server.RaftServerConfigKeys (ConfUtils.java:logGet(46)) - raft.server.watch.timeout = 180s (custom)
2023-10-04 17:32:28,884 [ac124e44-4b53-434d-bcce-b5d7b0204421@group-DCC0CF3967CF-LeaderElection28] INFO  server.RaftServerConfigKeys (ConfUtils.java:logGet(46)) - raft.server.watch.timeout.denomination = 1s (default)
2023-10-04 17:32:28,884 [ac124e44-4b53-434d-bcce-b5d7b0204421@group-DCC0CF3967CF-LeaderElection28] INFO  server.RaftServerConfigKeys (ConfUtils.java:logGet(46)) - raft.server.watch.element-limit = 65536 (default)
2023-10-04 17:32:28,884 [ac124e44-4b53-434d-bcce-b5d7b0204421@group-DCC0CF3967CF-LeaderElection28] INFO  server.RaftServerConfigKeys (ConfUtils.java:logGet(46)) - raft.server.write.element-limit = 1024 (custom)
2023-10-04 17:32:28,884 [ac124e44-4b53-434d-bcce-b5d7b0204421@group-DCC0CF3967CF-LeaderElection28] INFO  server.RaftServerConfigKeys (ConfUtils.java:logGet(46)) - raft.server.write.follower.gap.ratio.max = -1.0 (default)
2023-10-04 17:32:28,884 [ac124e44-4b53-434d-bcce-b5d7b0204421@group-DCC0CF3967CF-LeaderElection28] INFO  impl.RoleInfo (RoleInfo.java:updateAndGet(139)) - ac124e44-4b53-434d-bcce-b5d7b0204421: start ac124e44-4b53-434d-bcce-b5d7b0204421@group-DCC0CF3967CF-LeaderStateImpl
2023-10-04 17:32:28,885 [ac124e44-4b53-434d-bcce-b5d7b0204421@group-DCC0CF3967CF-LeaderElection28] INFO  segmented.SegmentedRaftLogWorker (SegmentedRaftLogWorker.java:startLogSegment(447)) - ac124e44-4b53-434d-bcce-b5d7b0204421@group-DCC0CF3967CF-SegmentedRaftLogWorker: Starting segment from index:0
2023-10-04 17:32:28,895 [ac124e44-4b53-434d-bcce-b5d7b0204421@group-DCC0CF3967CF-LeaderElection28] INFO  server.RaftServer$Division (ServerState.java:setRaftConf(434)) - ac124e44-4b53-434d-bcce-b5d7b0204421@group-DCC0CF3967CF: set configuration 0: peers:[ac124e44-4b53-434d-bcce-b5d7b0204421|rpc:10.1.0.20:15138|admin:10.1.0.20:15137|client:10.1.0.20:15136|dataStream:10.1.0.20:15139|priority:1|startupRole:FOLLOWER]|listeners:[], old=null
2023-10-04 17:32:28,898 [ac124e44-4b53-434d-bcce-b5d7b0204421@group-DCC0CF3967CF-SegmentedRaftLogWorker] INFO  segmented.SegmentedRaftLogWorker (SegmentedRaftLogWorker.java:execute(651)) - ac124e44-4b53-434d-bcce-b5d7b0204421@group-DCC0CF3967CF-SegmentedRaftLogWorker: created new log segment /home/runner/work/ozone/ozone/hadoop-ozone/integration-test/target/test-dir/MiniOzoneClusterImpl-1a9f8426-f0b4-4ead-8c34-ee0cd8d78978/datanode-2/data/ratis/07371b73-535c-4774-8eee-dcc0cf3967cf/current/log_inprogress_0
2023-10-04 17:32:29,213 [5e228e04-cf62-4945-aefc-fa5aaa85c140@group-736B93BFD31D-FollowerState] INFO  impl.FollowerState (FollowerState.java:run(143)) - 5e228e04-cf62-4945-aefc-fa5aaa85c140@group-736B93BFD31D-FollowerState: change to CANDIDATE, lastRpcElapsedTime:5051669806ns, electionTimeout:5051ms
2023-10-04 17:32:29,214 [5e228e04-cf62-4945-aefc-fa5aaa85c140@group-736B93BFD31D-FollowerState] INFO  impl.RoleInfo (RoleInfo.java:shutdownFollowerState(110)) - 5e228e04-cf62-4945-aefc-fa5aaa85c140: shutdown 5e228e04-cf62-4945-aefc-fa5aaa85c140@group-736B93BFD31D-FollowerState
2023-10-04 17:32:29,214 [5e228e04-cf62-4945-aefc-fa5aaa85c140@group-736B93BFD31D-FollowerState] INFO  server.RaftServer$Division (RaftServerImpl.java:setRole(329)) - 5e228e04-cf62-4945-aefc-fa5aaa85c140@group-736B93BFD31D: changes role from  FOLLOWER to CANDIDATE at term 0 for changeToCandidate
2023-10-04 17:32:29,214 [5e228e04-cf62-4945-aefc-fa5aaa85c140@group-736B93BFD31D-FollowerState] INFO  server.RaftServerConfigKeys (ConfUtils.java:logGet(46)) - raft.server.leaderelection.pre-vote = true (default)
2023-10-04 17:32:29,214 [5e228e04-cf62-4945-aefc-fa5aaa85c140@group-736B93BFD31D-FollowerState] INFO  impl.RoleInfo (RoleInfo.java:updateAndGet(139)) - 5e228e04-cf62-4945-aefc-fa5aaa85c140: start 5e228e04-cf62-4945-aefc-fa5aaa85c140@group-736B93BFD31D-LeaderElection29
2023-10-04 17:32:29,220 [5e228e04-cf62-4945-aefc-fa5aaa85c140@group-736B93BFD31D-LeaderElection29] INFO  impl.LeaderElection (LeaderElection.java:askForVotes(321)) - 5e228e04-cf62-4945-aefc-fa5aaa85c140@group-736B93BFD31D-LeaderElection29 PRE_VOTE round 0: submit vote requests at term 0 for -1: peers:[5e228e04-cf62-4945-aefc-fa5aaa85c140|rpc:10.1.0.20:15147|admin:10.1.0.20:15146|client:10.1.0.20:15145|dataStream:10.1.0.20:15148|priority:1|startupRole:FOLLOWER]|listeners:[], old=null
2023-10-04 17:32:29,220 [5e228e04-cf62-4945-aefc-fa5aaa85c140@group-736B93BFD31D-LeaderElection29] INFO  impl.LeaderElection (LeaderElection.java:askForVotes(323)) - 5e228e04-cf62-4945-aefc-fa5aaa85c140@group-736B93BFD31D-LeaderElection29 PRE_VOTE round 0: result PASSED (term=0)
2023-10-04 17:32:29,221 [5e228e04-cf62-4945-aefc-fa5aaa85c140@group-736B93BFD31D-LeaderElection29] INFO  impl.LeaderElection (LeaderElection.java:askForVotes(321)) - 5e228e04-cf62-4945-aefc-fa5aaa85c140@group-736B93BFD31D-LeaderElection29 ELECTION round 0: submit vote requests at term 1 for -1: peers:[5e228e04-cf62-4945-aefc-fa5aaa85c140|rpc:10.1.0.20:15147|admin:10.1.0.20:15146|client:10.1.0.20:15145|dataStream:10.1.0.20:15148|priority:1|startupRole:FOLLOWER]|listeners:[], old=null
2023-10-04 17:32:29,222 [5e228e04-cf62-4945-aefc-fa5aaa85c140@group-736B93BFD31D-LeaderElection29] INFO  impl.LeaderElection (LeaderElection.java:askForVotes(323)) - 5e228e04-cf62-4945-aefc-fa5aaa85c140@group-736B93BFD31D-LeaderElection29 ELECTION round 0: result PASSED (term=1)
2023-10-04 17:32:29,222 [5e228e04-cf62-4945-aefc-fa5aaa85c140@group-736B93BFD31D-LeaderElection29] INFO  impl.RoleInfo (RoleInfo.java:shutdownLeaderElection(130)) - 5e228e04-cf62-4945-aefc-fa5aaa85c140: shutdown 5e228e04-cf62-4945-aefc-fa5aaa85c140@group-736B93BFD31D-LeaderElection29
2023-10-04 17:32:29,222 [5e228e04-cf62-4945-aefc-fa5aaa85c140@group-736B93BFD31D-LeaderElection29] INFO  server.RaftServer$Division (RaftServerImpl.java:setRole(329)) - 5e228e04-cf62-4945-aefc-fa5aaa85c140@group-736B93BFD31D: changes role from CANDIDATE to LEADER at term 1 for changeToLeader
2023-10-04 17:32:29,222 [5e228e04-cf62-4945-aefc-fa5aaa85c140@group-736B93BFD31D-LeaderElection29] INFO  ratis.XceiverServerRatis (XceiverServerRatis.java:handleLeaderChangedNotification(902)) - Leader change notification received for group: group-736B93BFD31D with new leaderId: 5e228e04-cf62-4945-aefc-fa5aaa85c140
2023-10-04 17:32:29,222 [5e228e04-cf62-4945-aefc-fa5aaa85c140@group-736B93BFD31D-LeaderElection29] INFO  server.RaftServer$Division (ServerState.java:setLeader(317)) - 5e228e04-cf62-4945-aefc-fa5aaa85c140@group-736B93BFD31D: change Leader from null to 5e228e04-cf62-4945-aefc-fa5aaa85c140 at term 1 for becomeLeader, leader elected after 5076ms
2023-10-04 17:32:29,222 [5e228e04-cf62-4945-aefc-fa5aaa85c140@group-736B93BFD31D-LeaderElection29] INFO  server.RaftServerConfigKeys (ConfUtils.java:logGet(46)) - raft.server.staging.catchup.gap = 1000 (default)
2023-10-04 17:32:29,222 [5e228e04-cf62-4945-aefc-fa5aaa85c140@group-736B93BFD31D-LeaderElection29] INFO  server.RaftServerConfigKeys (ConfUtils.java:logGet(46)) - raft.server.write.element-limit = 1024 (custom)
2023-10-04 17:32:29,223 [5e228e04-cf62-4945-aefc-fa5aaa85c140@group-736B93BFD31D-LeaderElection29] INFO  server.RaftServerConfigKeys (ConfUtils.java:logGet(46)) - raft.server.write.byte-limit = 1024 M (=1073741824) (custom)
2023-10-04 17:32:29,223 [5e228e04-cf62-4945-aefc-fa5aaa85c140@group-736B93BFD31D-LeaderElection29] INFO  server.RaftServerConfigKeys (ConfUtils.java:logGet(46)) - raft.server.watch.timeout = 180s (custom)
2023-10-04 17:32:29,223 [5e228e04-cf62-4945-aefc-fa5aaa85c140@group-736B93BFD31D-LeaderElection29] INFO  server.RaftServerConfigKeys (ConfUtils.java:logGet(46)) - raft.server.watch.timeout.denomination = 1s (default)
2023-10-04 17:32:29,223 [5e228e04-cf62-4945-aefc-fa5aaa85c140@group-736B93BFD31D-LeaderElection29] INFO  server.RaftServerConfigKeys (ConfUtils.java:logGet(46)) - raft.server.watch.element-limit = 65536 (default)
2023-10-04 17:32:29,226 [5e228e04-cf62-4945-aefc-fa5aaa85c140@group-736B93BFD31D-LeaderElection29] INFO  server.RaftServerConfigKeys (ConfUtils.java:logGet(46)) - raft.server.write.element-limit = 1024 (custom)
2023-10-04 17:32:29,226 [5e228e04-cf62-4945-aefc-fa5aaa85c140@group-736B93BFD31D-LeaderElection29] INFO  server.RaftServerConfigKeys (ConfUtils.java:logGet(46)) - raft.server.write.follower.gap.ratio.max = -1.0 (default)
2023-10-04 17:32:29,226 [5e228e04-cf62-4945-aefc-fa5aaa85c140@group-736B93BFD31D-LeaderElection29] INFO  impl.RoleInfo (RoleInfo.java:updateAndGet(139)) - 5e228e04-cf62-4945-aefc-fa5aaa85c140: start 5e228e04-cf62-4945-aefc-fa5aaa85c140@group-736B93BFD31D-LeaderStateImpl
2023-10-04 17:32:29,226 [5e228e04-cf62-4945-aefc-fa5aaa85c140@group-736B93BFD31D-LeaderElection29] INFO  segmented.SegmentedRaftLogWorker (SegmentedRaftLogWorker.java:startLogSegment(447)) - 5e228e04-cf62-4945-aefc-fa5aaa85c140@group-736B93BFD31D-SegmentedRaftLogWorker: Starting segment from index:0
2023-10-04 17:32:29,228 [5e228e04-cf62-4945-aefc-fa5aaa85c140@group-736B93BFD31D-SegmentedRaftLogWorker] INFO  segmented.SegmentedRaftLogWorker (SegmentedRaftLogWorker.java:execute(651)) - 5e228e04-cf62-4945-aefc-fa5aaa85c140@group-736B93BFD31D-SegmentedRaftLogWorker: created new log segment /home/runner/work/ozone/ozone/hadoop-ozone/integration-test/target/test-dir/MiniOzoneClusterImpl-1a9f8426-f0b4-4ead-8c34-ee0cd8d78978/datanode-3/data/ratis/911b4a06-7c7e-4ef2-bef8-736b93bfd31d/current/log_inprogress_0
2023-10-04 17:32:29,231 [5e228e04-cf62-4945-aefc-fa5aaa85c140@group-736B93BFD31D-LeaderElection29] INFO  server.RaftServer$Division (ServerState.java:setRaftConf(434)) - 5e228e04-cf62-4945-aefc-fa5aaa85c140@group-736B93BFD31D: set configuration 0: peers:[5e228e04-cf62-4945-aefc-fa5aaa85c140|rpc:10.1.0.20:15147|admin:10.1.0.20:15146|client:10.1.0.20:15145|dataStream:10.1.0.20:15148|priority:1|startupRole:FOLLOWER]|listeners:[], old=null
2023-10-04 17:32:29,450 [main] INFO  ozone.MiniOzoneClusterImpl (MiniOzoneClusterImpl.java:lambda$waitForClusterToBeReady$0(229)) - Nodes are ready. Got 5 of 5 DN Heartbeats.
2023-10-04 17:32:29,450 [main] INFO  ozone.MiniOzoneClusterImpl (MiniOzoneClusterImpl.java:lambda$waitForClusterToBeReady$0(232)) - Cluster exits safe mode
2023-10-04 17:32:29,450 [main] INFO  ozone.MiniOzoneClusterImpl (MiniOzoneClusterImpl.java:lambda$waitForClusterToBeReady$0(234)) - SCM became leader
2023-10-04 17:32:29,479 [main] INFO  rpc.RpcClient (RpcClient.java:createVolume(462)) - Creating Volume: volume98659, with user33846 as owner and space quota set to -1 bytes, counts quota set to -1
2023-10-04 17:32:29,484 [OM StateMachine ApplyTransaction Thread - 0] INFO  volume.OMVolumeCreateRequest (OMVolumeCreateRequest.java:validateAndUpdateCache(196)) - created volume:volume98659 for user:user33846
2023-10-04 17:32:29,491 [main] INFO  rpc.RpcClient (RpcClient.java:createBucket(689)) - Creating Bucket: volume98659/bucket57585, with bucket layout LEGACY, runner as owner, Versioning false, Storage Type set to DISK and Encryption set to false, Replication Type set to server-side default replication type, Namespace Quota set to -1, Space Quota set to -1 
2023-10-04 17:32:29,493 [OM StateMachine ApplyTransaction Thread - 0] INFO  bucket.OMBucketCreateRequest (OMBucketCreateRequest.java:validateAndUpdateCache(270)) - created bucket: bucket57585 of layout LEGACY in volume: volume98659
]]></system-out>
  </testcase>
  <testcase name="testGetTrashRoot" classname="TestOzoneFileSystem" time="18.972">
    <system-out><![CDATA[2023-10-04 17:33:28,909 [main] INFO  ozone.MiniOzoneClusterImpl (MiniOzoneClusterImpl.java:shutdown(448)) - Shutting down the Mini Ozone Cluster
2023-10-04 17:33:28,909 [main] INFO  ozone.MiniOzoneClusterImpl (MiniOzoneClusterImpl.java:stop(465)) - Stopping the Mini Ozone Cluster
2023-10-04 17:33:28,910 [main] INFO  ozone.MiniOzoneClusterImpl (MiniOzoneClusterImpl.java:stopOM(556)) - Stopping the OzoneManager
2023-10-04 17:33:28,910 [main] INFO  om.OzoneManager (OzoneManager.java:stop(2205)) - om1[localhost:15110]: Stopping Ozone Manager
2023-10-04 17:33:28,910 [main] INFO  ipc.Server (Server.java:stop(3523)) - Stopping server on 15110
2023-10-04 17:33:28,917 [IPC Server listener on 15110] INFO  ipc.Server (Server.java:run(1434)) - Stopping IPC Server listener on 15110
2023-10-04 17:33:28,917 [IPC Server Responder] INFO  ipc.Server (Server.java:run(1567)) - Stopping IPC Server Responder
2023-10-04 17:33:28,918 [main] INFO  server.RaftServer (RaftServerProxy.java:lambda$close$6(416)) - om1: close
2023-10-04 17:33:28,918 [main] INFO  server.GrpcService (GrpcService.java:closeImpl(311)) - om1: shutdown server GrpcServerProtocolService now
2023-10-04 17:33:28,918 [om1-impl-thread2] INFO  server.RaftServer$Division (RaftServerImpl.java:lambda$close$4(466)) - om1@group-C5BA1605619E: shutdown
2023-10-04 17:33:28,919 [om1-impl-thread2] INFO  util.JmxRegister (JmxRegister.java:unregister(73)) - Successfully un-registered JMX Bean with object name Ratis:service=RaftServer,group=group-C5BA1605619E,id=om1
2023-10-04 17:33:28,919 [om1-impl-thread2] INFO  impl.RoleInfo (RoleInfo.java:shutdownLeaderState(93)) - om1: shutdown om1@group-C5BA1605619E-LeaderStateImpl
2023-10-04 17:33:28,919 [om1-impl-thread2] INFO  impl.PendingRequests (PendingRequests.java:sendNotLeaderResponses(289)) - om1@group-C5BA1605619E-PendingRequests: sendNotLeaderResponses
2023-10-04 17:33:28,922 [main] INFO  server.GrpcService (GrpcService.java:closeImpl(320)) - om1: shutdown server GrpcServerProtocolService successfully
2023-10-04 17:33:28,926 [om1-impl-thread2] INFO  impl.StateMachineUpdater (StateMachineUpdater.java:stopAndJoin(155)) - om1@group-C5BA1605619E-StateMachineUpdater: set stopIndex = 37008
2023-10-04 17:33:28,928 [om1@group-C5BA1605619E-StateMachineUpdater] INFO  ratis.OzoneManagerStateMachine (OzoneManagerStateMachine.java:takeSnapshot(483)) - Current Snapshot Index (t:1, i:37008)
2023-10-04 17:33:28,968 [om1@group-C5BA1605619E-StateMachineUpdater] INFO  impl.StateMachineUpdater (StateMachineUpdater.java:takeSnapshot(291)) - om1@group-C5BA1605619E-StateMachineUpdater: Took a snapshot at index 37008
2023-10-04 17:33:28,968 [om1@group-C5BA1605619E-StateMachineUpdater] INFO  impl.StateMachineUpdater (StateMachineUpdater.java:lambda$new$0(97)) - om1@group-C5BA1605619E-StateMachineUpdater: snapshotIndex: updateIncreasingly -1 -> 37008
2023-10-04 17:33:28,968 [om1@group-C5BA1605619E-StateMachineUpdater] INFO  ratis.OzoneManagerStateMachine (OzoneManagerStateMachine.java:close(537)) - StateMachine has shutdown. Shutdown OzoneManager if not already shutdown.
2023-10-04 17:33:28,968 [om1@group-C5BA1605619E-StateMachineUpdater] INFO  ratis.OzoneManagerDoubleBuffer (OzoneManagerDoubleBuffer.java:stopDaemon(551)) - Stopping OMDoubleBuffer flush thread
2023-10-04 17:33:28,968 [OMDoubleBufferFlushThread] INFO  ratis.OzoneManagerDoubleBuffer (OzoneManagerDoubleBuffer.java:canFlush(638)) - OMDoubleBuffer flush thread OMDoubleBufferFlushThread is interrupted and will exit.
2023-10-04 17:33:28,970 [om1-impl-thread2] INFO  server.RaftServer$Division (ServerState.java:close(472)) - om1@group-C5BA1605619E: closes. applyIndex: 37008
2023-10-04 17:33:29,909 [om1-impl-thread2] INFO  segmented.SegmentedRaftLogWorker (SegmentedRaftLogWorker.java:close(252)) - om1@group-C5BA1605619E-SegmentedRaftLogWorker close()
2023-10-04 17:33:29,912 [JvmPauseMonitor15] INFO  util.JvmPauseMonitor (JvmPauseMonitor.java:run(109)) - JvmPauseMonitor-om1: Stopped
2023-10-04 17:33:29,912 [main] INFO  ratis.OzoneManagerStateMachine (OzoneManagerStateMachine.java:close(537)) - StateMachine has shutdown. Shutdown OzoneManager if not already shutdown.
2023-10-04 17:33:29,912 [main] INFO  ratis.OzoneManagerDoubleBuffer (OzoneManagerDoubleBuffer.java:stopDaemon(560)) - OMDoubleBuffer flush thread is not running.
2023-10-04 17:33:29,916 [main] INFO  utils.BackgroundService (BackgroundService.java:shutdown(141)) - Shutting down service KeyDeletingService
2023-10-04 17:33:29,917 [main] INFO  utils.BackgroundService (BackgroundService.java:shutdown(141)) - Shutting down service KeyDeletingService
2023-10-04 17:33:29,917 [main] INFO  utils.BackgroundService (BackgroundService.java:shutdown(141)) - Shutting down service OpenKeyCleanupService
2023-10-04 17:33:29,917 [main] INFO  utils.BackgroundService (BackgroundService.java:shutdown(141)) - Shutting down service SstFilteringService
2023-10-04 17:33:29,917 [main] INFO  utils.BackgroundService (BackgroundService.java:shutdown(141)) - Shutting down service SnapshotDeletingService
2023-10-04 17:33:29,917 [main] INFO  utils.BackgroundService (BackgroundService.java:shutdown(141)) - Shutting down service MultipartUploadCleanupService
2023-10-04 17:33:29,918 [main] INFO  handler.ContextHandler (ContextHandler.java:doStop(1159)) - Stopped o.e.j.w.WebAppContext@2d3b7c22{ozoneManager,/,null,STOPPED}{file:/home/runner/work/ozone/ozone/hadoop-ozone/integration-test/target/test-classes/webapps/ozoneManager}
2023-10-04 17:33:29,918 [main] INFO  server.AbstractConnector (AbstractConnector.java:doStop(383)) - Stopped ServerConnector@2fd5f26{HTTP/1.1, (http/1.1)}{0.0.0.0:15111}
2023-10-04 17:33:29,919 [main] INFO  server.session (HouseKeeper.java:stopScavenging(149)) - node0 Stopped scavenging
2023-10-04 17:33:29,919 [main] INFO  handler.ContextHandler (ContextHandler.java:doStop(1159)) - Stopped o.e.j.s.ServletContextHandler@20f2231e{static,/static,file:///home/runner/work/ozone/ozone/hadoop-ozone/integration-test/target/test-classes/webapps/static,STOPPED}
2023-10-04 17:33:29,919 [main] INFO  handler.ContextHandler (ContextHandler.java:doStop(1159)) - Stopped o.e.j.s.ServletContextHandler@5cde131a{logs,/logs,file:///home/runner/work/ozone/ozone/hadoop-ozone/integration-test/target/log,STOPPED}
2023-10-04 17:33:29,920 [main] INFO  rocksdiff.RocksDBCheckpointDiffer (RocksDBCheckpointDiffer.java:close(312)) - Shutting down CompactionDagPruningService.
2023-10-04 17:33:29,922 [main] INFO  snapshot.SnapshotDiffManager (SnapshotDiffManager.java:closeExecutorService(1720)) - Shutting down executorService: 'SnapDiffExecutor'
2023-10-04 17:33:29,923 [main] INFO  snapshot.SnapshotDiffManager (SnapshotDiffManager.java:closeExecutorService(1720)) - Shutting down executorService: 'SstDumpToolExecutor'
2023-10-04 17:33:29,923 [main] INFO  utils.BackgroundService (BackgroundService.java:shutdown(141)) - Shutting down service SnapshotDiffCleanupService
2023-10-04 17:33:29,924 [main] INFO  ozone.MiniOzoneClusterImpl (MiniOzoneClusterImpl.java:stopDatanodes(533)) - Stopping the HddsDatanodes
2023-10-04 17:33:29,932 [ForkJoinPool.commonPool-worker-2] INFO  ozoneimpl.OzoneContainer (OzoneContainer.java:stop(451)) - Attempting to stop container services.
2023-10-04 17:33:29,932 [ForkJoinPool.commonPool-worker-2] INFO  server.RaftServer (RaftServerProxy.java:lambda$close$6(416)) - e56d6440-7293-4017-8843-e114a3ddb5c0: close
2023-10-04 17:33:29,932 [main] INFO  ozoneimpl.OzoneContainer (OzoneContainer.java:stop(451)) - Attempting to stop container services.
2023-10-04 17:33:29,943 [main] INFO  server.RaftServer (RaftServerProxy.java:lambda$close$6(416)) - ac124e44-4b53-434d-bcce-b5d7b0204421: close
2023-10-04 17:33:29,943 [ac124e44-4b53-434d-bcce-b5d7b0204421-impl-thread2] INFO  server.RaftServer$Division (RaftServerImpl.java:lambda$close$4(466)) - ac124e44-4b53-434d-bcce-b5d7b0204421@group-DCC0CF3967CF: shutdown
2023-10-04 17:33:29,943 [ac124e44-4b53-434d-bcce-b5d7b0204421-impl-thread2] INFO  util.JmxRegister (JmxRegister.java:unregister(73)) - Successfully un-registered JMX Bean with object name Ratis:service=RaftServer,group=group-DCC0CF3967CF,id=ac124e44-4b53-434d-bcce-b5d7b0204421
2023-10-04 17:33:29,943 [ac124e44-4b53-434d-bcce-b5d7b0204421-impl-thread2] INFO  impl.RoleInfo (RoleInfo.java:shutdownLeaderState(93)) - ac124e44-4b53-434d-bcce-b5d7b0204421: shutdown ac124e44-4b53-434d-bcce-b5d7b0204421@group-DCC0CF3967CF-LeaderStateImpl
2023-10-04 17:33:29,943 [ac124e44-4b53-434d-bcce-b5d7b0204421-impl-thread2] INFO  impl.PendingRequests (PendingRequests.java:sendNotLeaderResponses(289)) - ac124e44-4b53-434d-bcce-b5d7b0204421@group-DCC0CF3967CF-PendingRequests: sendNotLeaderResponses
2023-10-04 17:33:29,944 [ac124e44-4b53-434d-bcce-b5d7b0204421-impl-thread3] INFO  server.RaftServer$Division (RaftServerImpl.java:lambda$close$4(466)) - ac124e44-4b53-434d-bcce-b5d7b0204421@group-18C60AD3C6FF: shutdown
2023-10-04 17:33:29,944 [ac124e44-4b53-434d-bcce-b5d7b0204421-impl-thread3] INFO  util.JmxRegister (JmxRegister.java:unregister(73)) - Successfully un-registered JMX Bean with object name Ratis:service=RaftServer,group=group-18C60AD3C6FF,id=ac124e44-4b53-434d-bcce-b5d7b0204421
2023-10-04 17:33:29,944 [ac124e44-4b53-434d-bcce-b5d7b0204421-impl-thread3] INFO  impl.RoleInfo (RoleInfo.java:shutdownLeaderState(93)) - ac124e44-4b53-434d-bcce-b5d7b0204421: shutdown ac124e44-4b53-434d-bcce-b5d7b0204421@group-18C60AD3C6FF-LeaderStateImpl
2023-10-04 17:33:29,944 [main] INFO  server.GrpcService (GrpcService.java:closeImpl(311)) - ac124e44-4b53-434d-bcce-b5d7b0204421: shutdown server org.apache.ratis.grpc.server.GrpcClientProtocolService now
2023-10-04 17:33:29,944 [ac124e44-4b53-434d-bcce-b5d7b0204421-impl-thread4] INFO  server.RaftServer$Division (RaftServerImpl.java:lambda$close$4(466)) - ac124e44-4b53-434d-bcce-b5d7b0204421@group-797DA2831D72: shutdown
2023-10-04 17:33:29,944 [ac124e44-4b53-434d-bcce-b5d7b0204421-impl-thread4] INFO  util.JmxRegister (JmxRegister.java:unregister(73)) - Successfully un-registered JMX Bean with object name Ratis:service=RaftServer,group=group-797DA2831D72,id=ac124e44-4b53-434d-bcce-b5d7b0204421
2023-10-04 17:33:29,944 [ac124e44-4b53-434d-bcce-b5d7b0204421-impl-thread4] INFO  impl.RoleInfo (RoleInfo.java:shutdownFollowerState(110)) - ac124e44-4b53-434d-bcce-b5d7b0204421: shutdown ac124e44-4b53-434d-bcce-b5d7b0204421@group-797DA2831D72-FollowerState
2023-10-04 17:33:29,945 [ac124e44-4b53-434d-bcce-b5d7b0204421@group-797DA2831D72-FollowerState] INFO  impl.FollowerState (FollowerState.java:run(152)) - ac124e44-4b53-434d-bcce-b5d7b0204421@group-797DA2831D72-FollowerState was interrupted
2023-10-04 17:33:29,945 [ac124e44-4b53-434d-bcce-b5d7b0204421@group-797DA2831D72-StateMachineUpdater] INFO  ratis.ContainerStateMachine (ContainerStateMachine.java:takeSnapshot(330)) - group-797DA2831D72: Taking a snapshot at:(t:1, i:24) file /home/runner/work/ozone/ozone/hadoop-ozone/integration-test/target/test-dir/MiniOzoneClusterImpl-1a9f8426-f0b4-4ead-8c34-ee0cd8d78978/datanode-2/data/ratis/f1b24073-76b4-410e-b80a-797da2831d72/sm/snapshot.1_24
2023-10-04 17:33:29,945 [ac124e44-4b53-434d-bcce-b5d7b0204421-impl-thread4] INFO  impl.StateMachineUpdater (StateMachineUpdater.java:stopAndJoin(155)) - ac124e44-4b53-434d-bcce-b5d7b0204421@group-797DA2831D72-StateMachineUpdater: set stopIndex = 24
2023-10-04 17:33:29,945 [e56d6440-7293-4017-8843-e114a3ddb5c0-impl-thread2] INFO  server.RaftServer$Division (RaftServerImpl.java:lambda$close$4(466)) - e56d6440-7293-4017-8843-e114a3ddb5c0@group-18C60AD3C6FF: shutdown
2023-10-04 17:33:29,945 [e56d6440-7293-4017-8843-e114a3ddb5c0-impl-thread2] INFO  util.JmxRegister (JmxRegister.java:unregister(73)) - Successfully un-registered JMX Bean with object name Ratis:service=RaftServer,group=group-18C60AD3C6FF,id=e56d6440-7293-4017-8843-e114a3ddb5c0
2023-10-04 17:33:29,945 [e56d6440-7293-4017-8843-e114a3ddb5c0-impl-thread2] INFO  impl.RoleInfo (RoleInfo.java:shutdownFollowerState(110)) - e56d6440-7293-4017-8843-e114a3ddb5c0: shutdown e56d6440-7293-4017-8843-e114a3ddb5c0@group-18C60AD3C6FF-FollowerState
2023-10-04 17:33:29,945 [e56d6440-7293-4017-8843-e114a3ddb5c0-impl-thread2] INFO  impl.StateMachineUpdater (StateMachineUpdater.java:stopAndJoin(155)) - e56d6440-7293-4017-8843-e114a3ddb5c0@group-18C60AD3C6FF-StateMachineUpdater: set stopIndex = 4
2023-10-04 17:33:29,946 [e56d6440-7293-4017-8843-e114a3ddb5c0@group-18C60AD3C6FF-StateMachineUpdater] INFO  ratis.ContainerStateMachine (ContainerStateMachine.java:takeSnapshot(330)) - group-18C60AD3C6FF: Taking a snapshot at:(t:1, i:4) file /home/runner/work/ozone/ozone/hadoop-ozone/integration-test/target/test-dir/MiniOzoneClusterImpl-1a9f8426-f0b4-4ead-8c34-ee0cd8d78978/datanode-1/data/ratis/6fdc2f4e-1617-4d7b-8891-18c60ad3c6ff/sm/snapshot.1_4
2023-10-04 17:33:29,946 [e56d6440-7293-4017-8843-e114a3ddb5c0@group-18C60AD3C6FF-FollowerState] INFO  impl.FollowerState (FollowerState.java:run(152)) - e56d6440-7293-4017-8843-e114a3ddb5c0@group-18C60AD3C6FF-FollowerState was interrupted
2023-10-04 17:33:29,946 [ac124e44-4b53-434d-bcce-b5d7b0204421-impl-thread2] INFO  impl.StateMachineUpdater (StateMachineUpdater.java:stopAndJoin(155)) - ac124e44-4b53-434d-bcce-b5d7b0204421@group-DCC0CF3967CF-StateMachineUpdater: set stopIndex = 0
2023-10-04 17:33:29,946 [ac124e44-4b53-434d-bcce-b5d7b0204421@group-DCC0CF3967CF-StateMachineUpdater] INFO  ratis.ContainerStateMachine (ContainerStateMachine.java:takeSnapshot(330)) - group-DCC0CF3967CF: Taking a snapshot at:(t:1, i:0) file /home/runner/work/ozone/ozone/hadoop-ozone/integration-test/target/test-dir/MiniOzoneClusterImpl-1a9f8426-f0b4-4ead-8c34-ee0cd8d78978/datanode-2/data/ratis/07371b73-535c-4774-8eee-dcc0cf3967cf/sm/snapshot.1_0
2023-10-04 17:33:29,947 [ac124e44-4b53-434d-bcce-b5d7b0204421@group-797DA2831D72-StateMachineUpdater] INFO  ratis.ContainerStateMachine (ContainerStateMachine.java:takeSnapshot(341)) - group-797DA2831D72: Finished taking a snapshot at:(t:1, i:24) file:/home/runner/work/ozone/ozone/hadoop-ozone/integration-test/target/test-dir/MiniOzoneClusterImpl-1a9f8426-f0b4-4ead-8c34-ee0cd8d78978/datanode-2/data/ratis/f1b24073-76b4-410e-b80a-797da2831d72/sm/snapshot.1_24 took: 2 ms
2023-10-04 17:33:29,947 [e56d6440-7293-4017-8843-e114a3ddb5c0@group-18C60AD3C6FF-StateMachineUpdater] INFO  ratis.ContainerStateMachine (ContainerStateMachine.java:takeSnapshot(341)) - group-18C60AD3C6FF: Finished taking a snapshot at:(t:1, i:4) file:/home/runner/work/ozone/ozone/hadoop-ozone/integration-test/target/test-dir/MiniOzoneClusterImpl-1a9f8426-f0b4-4ead-8c34-ee0cd8d78978/datanode-1/data/ratis/6fdc2f4e-1617-4d7b-8891-18c60ad3c6ff/sm/snapshot.1_4 took: 1 ms
2023-10-04 17:33:29,947 [ac124e44-4b53-434d-bcce-b5d7b0204421@group-DCC0CF3967CF-StateMachineUpdater] INFO  ratis.ContainerStateMachine (ContainerStateMachine.java:takeSnapshot(341)) - group-DCC0CF3967CF: Finished taking a snapshot at:(t:1, i:0) file:/home/runner/work/ozone/ozone/hadoop-ozone/integration-test/target/test-dir/MiniOzoneClusterImpl-1a9f8426-f0b4-4ead-8c34-ee0cd8d78978/datanode-2/data/ratis/07371b73-535c-4774-8eee-dcc0cf3967cf/sm/snapshot.1_0 took: 1 ms
2023-10-04 17:33:29,947 [e56d6440-7293-4017-8843-e114a3ddb5c0@group-18C60AD3C6FF-StateMachineUpdater] INFO  impl.StateMachineUpdater (StateMachineUpdater.java:takeSnapshot(291)) - e56d6440-7293-4017-8843-e114a3ddb5c0@group-18C60AD3C6FF-StateMachineUpdater: Took a snapshot at index 4
2023-10-04 17:33:29,947 [e56d6440-7293-4017-8843-e114a3ddb5c0@group-18C60AD3C6FF-StateMachineUpdater] INFO  impl.StateMachineUpdater (StateMachineUpdater.java:lambda$new$0(97)) - e56d6440-7293-4017-8843-e114a3ddb5c0@group-18C60AD3C6FF-StateMachineUpdater: snapshotIndex: updateIncreasingly -1 -> 4
2023-10-04 17:33:29,947 [ac124e44-4b53-434d-bcce-b5d7b0204421@group-DCC0CF3967CF-StateMachineUpdater] INFO  impl.StateMachineUpdater (StateMachineUpdater.java:takeSnapshot(291)) - ac124e44-4b53-434d-bcce-b5d7b0204421@group-DCC0CF3967CF-StateMachineUpdater: Took a snapshot at index 0
2023-10-04 17:33:29,947 [ac124e44-4b53-434d-bcce-b5d7b0204421@group-DCC0CF3967CF-StateMachineUpdater] INFO  impl.StateMachineUpdater (StateMachineUpdater.java:lambda$new$0(97)) - ac124e44-4b53-434d-bcce-b5d7b0204421@group-DCC0CF3967CF-StateMachineUpdater: snapshotIndex: updateIncreasingly -1 -> 0
2023-10-04 17:33:29,948 [ac124e44-4b53-434d-bcce-b5d7b0204421-impl-thread2] INFO  server.RaftServer$Division (ServerState.java:close(472)) - ac124e44-4b53-434d-bcce-b5d7b0204421@group-DCC0CF3967CF: closes. applyIndex: 0
2023-10-04 17:33:29,949 [ac124e44-4b53-434d-bcce-b5d7b0204421@group-797DA2831D72-StateMachineUpdater] INFO  impl.StateMachineUpdater (StateMachineUpdater.java:takeSnapshot(291)) - ac124e44-4b53-434d-bcce-b5d7b0204421@group-797DA2831D72-StateMachineUpdater: Took a snapshot at index 24
2023-10-04 17:33:29,949 [ac124e44-4b53-434d-bcce-b5d7b0204421@group-797DA2831D72-StateMachineUpdater] INFO  impl.StateMachineUpdater (StateMachineUpdater.java:lambda$new$0(97)) - ac124e44-4b53-434d-bcce-b5d7b0204421@group-797DA2831D72-StateMachineUpdater: snapshotIndex: updateIncreasingly -1 -> 24
2023-10-04 17:33:29,949 [e56d6440-7293-4017-8843-e114a3ddb5c0-impl-thread3] INFO  server.RaftServer$Division (RaftServerImpl.java:lambda$close$4(466)) - e56d6440-7293-4017-8843-e114a3ddb5c0@group-E15B615CE0F2: shutdown
2023-10-04 17:33:29,949 [e56d6440-7293-4017-8843-e114a3ddb5c0-impl-thread3] INFO  util.JmxRegister (JmxRegister.java:unregister(73)) - Successfully un-registered JMX Bean with object name Ratis:service=RaftServer,group=group-E15B615CE0F2,id=e56d6440-7293-4017-8843-e114a3ddb5c0
2023-10-04 17:33:29,949 [e56d6440-7293-4017-8843-e114a3ddb5c0-impl-thread3] INFO  impl.RoleInfo (RoleInfo.java:shutdownLeaderState(93)) - e56d6440-7293-4017-8843-e114a3ddb5c0: shutdown e56d6440-7293-4017-8843-e114a3ddb5c0@group-E15B615CE0F2-LeaderStateImpl
2023-10-04 17:33:29,949 [e56d6440-7293-4017-8843-e114a3ddb5c0-impl-thread3] INFO  impl.PendingRequests (PendingRequests.java:sendNotLeaderResponses(289)) - e56d6440-7293-4017-8843-e114a3ddb5c0@group-E15B615CE0F2-PendingRequests: sendNotLeaderResponses
2023-10-04 17:33:29,950 [e56d6440-7293-4017-8843-e114a3ddb5c0-impl-thread3] INFO  impl.StateMachineUpdater (StateMachineUpdater.java:stopAndJoin(155)) - e56d6440-7293-4017-8843-e114a3ddb5c0@group-E15B615CE0F2-StateMachineUpdater: set stopIndex = 0
2023-10-04 17:33:29,950 [ForkJoinPool.commonPool-worker-2] INFO  server.GrpcService (GrpcService.java:closeImpl(311)) - e56d6440-7293-4017-8843-e114a3ddb5c0: shutdown server org.apache.ratis.grpc.server.GrpcClientProtocolService now
2023-10-04 17:33:29,950 [e56d6440-7293-4017-8843-e114a3ddb5c0@group-E15B615CE0F2-StateMachineUpdater] INFO  ratis.ContainerStateMachine (ContainerStateMachine.java:takeSnapshot(330)) - group-E15B615CE0F2: Taking a snapshot at:(t:1, i:0) file /home/runner/work/ozone/ozone/hadoop-ozone/integration-test/target/test-dir/MiniOzoneClusterImpl-1a9f8426-f0b4-4ead-8c34-ee0cd8d78978/datanode-1/data/ratis/0ef077db-72ac-48ad-9c85-e15b615ce0f2/sm/snapshot.1_0
2023-10-04 17:33:29,950 [e56d6440-7293-4017-8843-e114a3ddb5c0-impl-thread2] INFO  server.RaftServer$Division (ServerState.java:close(472)) - e56d6440-7293-4017-8843-e114a3ddb5c0@group-18C60AD3C6FF: closes. applyIndex: 4
2023-10-04 17:33:29,962 [ac124e44-4b53-434d-bcce-b5d7b0204421-impl-thread3] INFO  impl.PendingRequests (PendingRequests.java:sendNotLeaderResponses(289)) - ac124e44-4b53-434d-bcce-b5d7b0204421@group-18C60AD3C6FF-PendingRequests: sendNotLeaderResponses
2023-10-04 17:33:29,962 [ac124e44-4b53-434d-bcce-b5d7b0204421@group-18C60AD3C6FF->e56d6440-7293-4017-8843-e114a3ddb5c0-GrpcLogAppender-LogAppenderDaemon] WARN  server.GrpcLogAppender (GrpcLogAppender.java:mayWait(199)) - ac124e44-4b53-434d-bcce-b5d7b0204421@group-18C60AD3C6FF->e56d6440-7293-4017-8843-e114a3ddb5c0-GrpcLogAppender: Wait interrupted by java.lang.InterruptedException
2023-10-04 17:33:29,963 [ac124e44-4b53-434d-bcce-b5d7b0204421@group-18C60AD3C6FF->d23c53d9-b989-4348-8850-bf4ef4487d70-GrpcLogAppender-LogAppenderDaemon] WARN  server.GrpcLogAppender (GrpcLogAppender.java:mayWait(199)) - ac124e44-4b53-434d-bcce-b5d7b0204421@group-18C60AD3C6FF->d23c53d9-b989-4348-8850-bf4ef4487d70-GrpcLogAppender: Wait interrupted by java.lang.InterruptedException
2023-10-04 17:33:29,963 [Thread-1675] INFO  server.GrpcServerProtocolClient (GrpcServerProtocolClient.java:close(103)) - d23c53d9-b989-4348-8850-bf4ef4487d70 Close channels
2023-10-04 17:33:29,963 [grpc-default-executor-4] INFO  server.GrpcServerProtocolService (GrpcServerProtocolService.java:onCompleted(155)) - e56d6440-7293-4017-8843-e114a3ddb5c0: Completed APPEND_ENTRIES, lastRequest: null
2023-10-04 17:33:29,963 [Thread-1673] INFO  server.GrpcServerProtocolClient (GrpcServerProtocolClient.java:close(103)) - e56d6440-7293-4017-8843-e114a3ddb5c0 Close channels
2023-10-04 17:33:29,963 [Thread-1671] INFO  server.GrpcServerProtocolClient (GrpcServerProtocolClient.java:close(103)) - d23c53d9-b989-4348-8850-bf4ef4487d70 Close channels
2023-10-04 17:33:29,964 [grpc-default-executor-0] INFO  server.GrpcServerProtocolService (GrpcServerProtocolService.java:onCompleted(155)) - e56d6440-7293-4017-8843-e114a3ddb5c0: Completed APPEND_ENTRIES, lastRequest: ac124e44-4b53-434d-bcce-b5d7b0204421->e56d6440-7293-4017-8843-e114a3ddb5c0#6-t1,previous=(t:1, i:3),leaderCommit=3,initializing? true,entries: size=1, first=(t:1, i:4), METADATAENTRY(c:2)
2023-10-04 17:33:29,964 [grpc-default-executor-0] INFO  server.GrpcServerProtocolService (GrpcServerProtocolService.java:lambda$onCompleted$5(157)) - e56d6440-7293-4017-8843-e114a3ddb5c0: Completed APPEND_ENTRIES, lastReply: null
2023-10-04 17:33:29,964 [Thread-1676] INFO  server.GrpcServerProtocolClient (GrpcServerProtocolClient.java:close(103)) - ac124e44-4b53-434d-bcce-b5d7b0204421 Close channels
2023-10-04 17:33:29,964 [grpc-default-executor-2] INFO  server.GrpcServerProtocolService (GrpcServerProtocolService.java:onCompleted(155)) - d23c53d9-b989-4348-8850-bf4ef4487d70: Completed APPEND_ENTRIES, lastRequest: ac124e44-4b53-434d-bcce-b5d7b0204421->d23c53d9-b989-4348-8850-bf4ef4487d70#7-t1,previous=(t:1, i:3),leaderCommit=2,initializing? true,entries: size=1, first=(t:1, i:4), METADATAENTRY(c:2)
2023-10-04 17:33:29,964 [grpc-default-executor-2] INFO  server.GrpcServerProtocolService (GrpcServerProtocolService.java:lambda$onCompleted$5(157)) - d23c53d9-b989-4348-8850-bf4ef4487d70: Completed APPEND_ENTRIES, lastReply: null
2023-10-04 17:33:29,965 [grpc-default-executor-6] INFO  server.GrpcServerProtocolService (GrpcServerProtocolService.java:onCompleted(155)) - d23c53d9-b989-4348-8850-bf4ef4487d70: Completed APPEND_ENTRIES, lastRequest: null
2023-10-04 17:33:29,965 [e56d6440-7293-4017-8843-e114a3ddb5c0-impl-thread4] INFO  server.RaftServer$Division (RaftServerImpl.java:lambda$close$4(466)) - e56d6440-7293-4017-8843-e114a3ddb5c0@group-797DA2831D72: shutdown
2023-10-04 17:33:29,965 [e56d6440-7293-4017-8843-e114a3ddb5c0-impl-thread4] INFO  util.JmxRegister (JmxRegister.java:unregister(73)) - Successfully un-registered JMX Bean with object name Ratis:service=RaftServer,group=group-797DA2831D72,id=e56d6440-7293-4017-8843-e114a3ddb5c0
2023-10-04 17:33:29,965 [e56d6440-7293-4017-8843-e114a3ddb5c0-impl-thread4] INFO  impl.RoleInfo (RoleInfo.java:shutdownFollowerState(110)) - e56d6440-7293-4017-8843-e114a3ddb5c0: shutdown e56d6440-7293-4017-8843-e114a3ddb5c0@group-797DA2831D72-FollowerState
2023-10-04 17:33:29,965 [e56d6440-7293-4017-8843-e114a3ddb5c0-impl-thread4] INFO  impl.StateMachineUpdater (StateMachineUpdater.java:stopAndJoin(155)) - e56d6440-7293-4017-8843-e114a3ddb5c0@group-797DA2831D72-StateMachineUpdater: set stopIndex = 24
2023-10-04 17:33:29,966 [e56d6440-7293-4017-8843-e114a3ddb5c0@group-797DA2831D72-StateMachineUpdater] INFO  ratis.ContainerStateMachine (ContainerStateMachine.java:takeSnapshot(330)) - group-797DA2831D72: Taking a snapshot at:(t:1, i:24) file /home/runner/work/ozone/ozone/hadoop-ozone/integration-test/target/test-dir/MiniOzoneClusterImpl-1a9f8426-f0b4-4ead-8c34-ee0cd8d78978/datanode-1/data/ratis/f1b24073-76b4-410e-b80a-797da2831d72/sm/snapshot.1_24
2023-10-04 17:33:29,966 [e56d6440-7293-4017-8843-e114a3ddb5c0@group-797DA2831D72-FollowerState] INFO  impl.FollowerState (FollowerState.java:run(152)) - e56d6440-7293-4017-8843-e114a3ddb5c0@group-797DA2831D72-FollowerState was interrupted
2023-10-04 17:33:29,966 [e56d6440-7293-4017-8843-e114a3ddb5c0@group-E15B615CE0F2-StateMachineUpdater] INFO  ratis.ContainerStateMachine (ContainerStateMachine.java:takeSnapshot(341)) - group-E15B615CE0F2: Finished taking a snapshot at:(t:1, i:0) file:/home/runner/work/ozone/ozone/hadoop-ozone/integration-test/target/test-dir/MiniOzoneClusterImpl-1a9f8426-f0b4-4ead-8c34-ee0cd8d78978/datanode-1/data/ratis/0ef077db-72ac-48ad-9c85-e15b615ce0f2/sm/snapshot.1_0 took: 16 ms
2023-10-04 17:33:29,967 [e56d6440-7293-4017-8843-e114a3ddb5c0@group-E15B615CE0F2-StateMachineUpdater] INFO  impl.StateMachineUpdater (StateMachineUpdater.java:takeSnapshot(291)) - e56d6440-7293-4017-8843-e114a3ddb5c0@group-E15B615CE0F2-StateMachineUpdater: Took a snapshot at index 0
2023-10-04 17:33:29,967 [e56d6440-7293-4017-8843-e114a3ddb5c0@group-E15B615CE0F2-StateMachineUpdater] INFO  impl.StateMachineUpdater (StateMachineUpdater.java:lambda$new$0(97)) - e56d6440-7293-4017-8843-e114a3ddb5c0@group-E15B615CE0F2-StateMachineUpdater: snapshotIndex: updateIncreasingly -1 -> 0
2023-10-04 17:33:29,968 [e56d6440-7293-4017-8843-e114a3ddb5c0-impl-thread3] INFO  server.RaftServer$Division (ServerState.java:close(472)) - e56d6440-7293-4017-8843-e114a3ddb5c0@group-E15B615CE0F2: closes. applyIndex: 0
2023-10-04 17:33:29,968 [ac124e44-4b53-434d-bcce-b5d7b0204421-impl-thread4] INFO  server.RaftServer$Division (ServerState.java:close(472)) - ac124e44-4b53-434d-bcce-b5d7b0204421@group-797DA2831D72: closes. applyIndex: 24
2023-10-04 17:33:29,968 [grpc-default-executor-4] INFO  server.GrpcServerProtocolService (GrpcServerProtocolService.java:lambda$onCompleted$5(157)) - e56d6440-7293-4017-8843-e114a3ddb5c0: Completed APPEND_ENTRIES, lastReply: serverReply {
  requestorId: "ac124e44-4b53-434d-bcce-b5d7b0204421"
  replyId: "e56d6440-7293-4017-8843-e114a3ddb5c0"
  raftGroupId {
    id: "o\334/N\026\027M{\210\221\030\306\n\323\306\377"
  }
  callId: 32
  success: true
}
term: 1
nextIndex: 5
followerCommit: 4
matchIndex: 18446744073709551615
isHearbeat: true

2023-10-04 17:33:29,973 [grpc-default-executor-2] INFO  server.GrpcLogAppender (GrpcLogAppender.java:onCompleted(428)) - ac124e44-4b53-434d-bcce-b5d7b0204421@group-18C60AD3C6FF->e56d6440-7293-4017-8843-e114a3ddb5c0-AppendLogResponseHandler: follower responses appendEntries COMPLETED
2023-10-04 17:33:29,973 [grpc-default-executor-2] WARN  server.GrpcLogAppender (GrpcLogAppender.java:resetClient(137)) - ac124e44-4b53-434d-bcce-b5d7b0204421@group-18C60AD3C6FF->e56d6440-7293-4017-8843-e114a3ddb5c0-GrpcLogAppender: Failed to getClient for e56d6440-7293-4017-8843-e114a3ddb5c0
org.apache.ratis.protocol.exceptions.AlreadyClosedException: ac124e44-4b53-434d-bcce-b5d7b0204421 is already CLOSED
	at org.apache.ratis.util.PeerProxyMap$PeerAndProxy.getProxy(PeerProxyMap.java:61)
	at org.apache.ratis.util.PeerProxyMap.getProxy(PeerProxyMap.java:115)
	at org.apache.ratis.grpc.server.GrpcLogAppender.getClient(GrpcLogAppender.java:112)
	at org.apache.ratis.grpc.server.GrpcLogAppender.resetClient(GrpcLogAppender.java:117)
	at org.apache.ratis.grpc.server.GrpcLogAppender.access$500(GrpcLogAppender.java:56)
	at org.apache.ratis.grpc.server.GrpcLogAppender$AppendLogResponseHandler.onCompleted(GrpcLogAppender.java:429)
	at org.apache.ratis.thirdparty.io.grpc.stub.ClientCalls$StreamObserverToCallListenerAdapter.onClose(ClientCalls.java:485)
	at org.apache.ratis.thirdparty.io.grpc.internal.ClientCallImpl.closeObserver(ClientCallImpl.java:563)
	at org.apache.ratis.thirdparty.io.grpc.internal.ClientCallImpl.access$300(ClientCallImpl.java:70)
	at org.apache.ratis.thirdparty.io.grpc.internal.ClientCallImpl$ClientStreamListenerImpl$1StreamClosed.runInternal(ClientCallImpl.java:744)
	at org.apache.ratis.thirdparty.io.grpc.internal.ClientCallImpl$ClientStreamListenerImpl$1StreamClosed.runInContext(ClientCallImpl.java:723)
	at org.apache.ratis.thirdparty.io.grpc.internal.ContextRunnable.run(ContextRunnable.java:37)
	at org.apache.ratis.thirdparty.io.grpc.internal.SerializingExecutor.run(SerializingExecutor.java:133)
	at java.util.concurrent.ThreadPoolExecutor.runWorker(ThreadPoolExecutor.java:1149)
	at java.util.concurrent.ThreadPoolExecutor$Worker.run(ThreadPoolExecutor.java:624)
	at java.lang.Thread.run(Thread.java:750)
2023-10-04 17:33:29,973 [grpc-default-executor-6] INFO  server.GrpcServerProtocolService (GrpcServerProtocolService.java:lambda$onCompleted$5(157)) - d23c53d9-b989-4348-8850-bf4ef4487d70: Completed APPEND_ENTRIES, lastReply: serverReply {
  requestorId: "ac124e44-4b53-434d-bcce-b5d7b0204421"
  replyId: "d23c53d9-b989-4348-8850-bf4ef4487d70"
  raftGroupId {
    id: "o\334/N\026\027M{\210\221\030\306\n\323\306\377"
  }
  callId: 35
  success: true
}
term: 1
nextIndex: 5
followerCommit: 4
matchIndex: 18446744073709551615
isHearbeat: true

2023-10-04 17:33:29,974 [grpc-default-executor-7] INFO  server.GrpcLogAppender (GrpcLogAppender.java:onCompleted(428)) - ac124e44-4b53-434d-bcce-b5d7b0204421@group-18C60AD3C6FF->d23c53d9-b989-4348-8850-bf4ef4487d70-AppendLogResponseHandler: follower responses appendEntries COMPLETED
2023-10-04 17:33:29,974 [e56d6440-7293-4017-8843-e114a3ddb5c0@group-797DA2831D72-StateMachineUpdater] INFO  ratis.ContainerStateMachine (ContainerStateMachine.java:takeSnapshot(341)) - group-797DA2831D72: Finished taking a snapshot at:(t:1, i:24) file:/home/runner/work/ozone/ozone/hadoop-ozone/integration-test/target/test-dir/MiniOzoneClusterImpl-1a9f8426-f0b4-4ead-8c34-ee0cd8d78978/datanode-1/data/ratis/f1b24073-76b4-410e-b80a-797da2831d72/sm/snapshot.1_24 took: 9 ms
2023-10-04 17:33:29,980 [e56d6440-7293-4017-8843-e114a3ddb5c0@group-797DA2831D72-StateMachineUpdater] INFO  impl.StateMachineUpdater (StateMachineUpdater.java:takeSnapshot(291)) - e56d6440-7293-4017-8843-e114a3ddb5c0@group-797DA2831D72-StateMachineUpdater: Took a snapshot at index 24
2023-10-04 17:33:29,980 [e56d6440-7293-4017-8843-e114a3ddb5c0@group-797DA2831D72-StateMachineUpdater] INFO  impl.StateMachineUpdater (StateMachineUpdater.java:lambda$new$0(97)) - e56d6440-7293-4017-8843-e114a3ddb5c0@group-797DA2831D72-StateMachineUpdater: snapshotIndex: updateIncreasingly -1 -> 24
2023-10-04 17:33:29,980 [e56d6440-7293-4017-8843-e114a3ddb5c0-impl-thread4] INFO  server.RaftServer$Division (ServerState.java:close(472)) - e56d6440-7293-4017-8843-e114a3ddb5c0@group-797DA2831D72: closes. applyIndex: 24
2023-10-04 17:33:29,981 [ForkJoinPool.commonPool-worker-2] INFO  server.GrpcService (GrpcService.java:closeImpl(320)) - e56d6440-7293-4017-8843-e114a3ddb5c0: shutdown server org.apache.ratis.grpc.server.GrpcClientProtocolService successfully
2023-10-04 17:33:29,981 [grpc-default-executor-7] WARN  server.GrpcLogAppender (GrpcLogAppender.java:resetClient(137)) - ac124e44-4b53-434d-bcce-b5d7b0204421@group-18C60AD3C6FF->d23c53d9-b989-4348-8850-bf4ef4487d70-GrpcLogAppender: Failed to getClient for d23c53d9-b989-4348-8850-bf4ef4487d70
org.apache.ratis.protocol.exceptions.AlreadyClosedException: ac124e44-4b53-434d-bcce-b5d7b0204421 is already CLOSED
	at org.apache.ratis.util.PeerProxyMap$PeerAndProxy.getProxy(PeerProxyMap.java:61)
	at org.apache.ratis.util.PeerProxyMap.getProxy(PeerProxyMap.java:115)
	at org.apache.ratis.grpc.server.GrpcLogAppender.getClient(GrpcLogAppender.java:112)
	at org.apache.ratis.grpc.server.GrpcLogAppender.resetClient(GrpcLogAppender.java:117)
	at org.apache.ratis.grpc.server.GrpcLogAppender.access$500(GrpcLogAppender.java:56)
	at org.apache.ratis.grpc.server.GrpcLogAppender$AppendLogResponseHandler.onCompleted(GrpcLogAppender.java:429)
	at org.apache.ratis.thirdparty.io.grpc.stub.ClientCalls$StreamObserverToCallListenerAdapter.onClose(ClientCalls.java:485)
	at org.apache.ratis.thirdparty.io.grpc.internal.ClientCallImpl.closeObserver(ClientCallImpl.java:563)
	at org.apache.ratis.thirdparty.io.grpc.internal.ClientCallImpl.access$300(ClientCallImpl.java:70)
	at org.apache.ratis.thirdparty.io.grpc.internal.ClientCallImpl$ClientStreamListenerImpl$1StreamClosed.runInternal(ClientCallImpl.java:744)
	at org.apache.ratis.thirdparty.io.grpc.internal.ClientCallImpl$ClientStreamListenerImpl$1StreamClosed.runInContext(ClientCallImpl.java:723)
	at org.apache.ratis.thirdparty.io.grpc.internal.ContextRunnable.run(ContextRunnable.java:37)
	at org.apache.ratis.thirdparty.io.grpc.internal.SerializingExecutor.run(SerializingExecutor.java:133)
	at java.util.concurrent.ThreadPoolExecutor.runWorker(ThreadPoolExecutor.java:1149)
	at java.util.concurrent.ThreadPoolExecutor$Worker.run(ThreadPoolExecutor.java:624)
	at java.lang.Thread.run(Thread.java:750)
2023-10-04 17:33:29,982 [grpc-default-executor-6] INFO  server.GrpcLogAppender (GrpcLogAppender.java:onCompleted(428)) - ac124e44-4b53-434d-bcce-b5d7b0204421@group-18C60AD3C6FF->d23c53d9-b989-4348-8850-bf4ef4487d70-AppendLogResponseHandler: follower responses appendEntries COMPLETED
2023-10-04 17:33:29,981 [ForkJoinPool.commonPool-worker-2] INFO  server.GrpcService (GrpcService.java:closeImpl(311)) - e56d6440-7293-4017-8843-e114a3ddb5c0: shutdown server GrpcServerProtocolService now
2023-10-04 17:33:29,985 [ac124e44-4b53-434d-bcce-b5d7b0204421-impl-thread3] INFO  impl.StateMachineUpdater (StateMachineUpdater.java:stopAndJoin(155)) - ac124e44-4b53-434d-bcce-b5d7b0204421@group-18C60AD3C6FF-StateMachineUpdater: set stopIndex = 4
2023-10-04 17:33:29,985 [grpc-default-executor-2] INFO  server.GrpcLogAppender (GrpcLogAppender.java:onCompleted(428)) - ac124e44-4b53-434d-bcce-b5d7b0204421@group-18C60AD3C6FF->e56d6440-7293-4017-8843-e114a3ddb5c0-AppendLogResponseHandler: follower responses appendEntries COMPLETED
2023-10-04 17:33:29,985 [grpc-default-executor-2] WARN  server.GrpcLogAppender (GrpcLogAppender.java:resetClient(137)) - ac124e44-4b53-434d-bcce-b5d7b0204421@group-18C60AD3C6FF->e56d6440-7293-4017-8843-e114a3ddb5c0-GrpcLogAppender: Failed to getClient for e56d6440-7293-4017-8843-e114a3ddb5c0
org.apache.ratis.protocol.exceptions.AlreadyClosedException: ac124e44-4b53-434d-bcce-b5d7b0204421 is already CLOSED
	at org.apache.ratis.util.PeerProxyMap$PeerAndProxy.getProxy(PeerProxyMap.java:61)
	at org.apache.ratis.util.PeerProxyMap.getProxy(PeerProxyMap.java:115)
	at org.apache.ratis.grpc.server.GrpcLogAppender.getClient(GrpcLogAppender.java:112)
	at org.apache.ratis.grpc.server.GrpcLogAppender.resetClient(GrpcLogAppender.java:117)
	at org.apache.ratis.grpc.server.GrpcLogAppender.access$500(GrpcLogAppender.java:56)
	at org.apache.ratis.grpc.server.GrpcLogAppender$AppendLogResponseHandler.onCompleted(GrpcLogAppender.java:429)
	at org.apache.ratis.thirdparty.io.grpc.stub.ClientCalls$StreamObserverToCallListenerAdapter.onClose(ClientCalls.java:485)
	at org.apache.ratis.thirdparty.io.grpc.internal.DelayedClientCall$DelayedListener$3.run(DelayedClientCall.java:471)
	at org.apache.ratis.thirdparty.io.grpc.internal.DelayedClientCall$DelayedListener.delayOrExecute(DelayedClientCall.java:435)
	at org.apache.ratis.thirdparty.io.grpc.internal.DelayedClientCall$DelayedListener.onClose(DelayedClientCall.java:468)
	at org.apache.ratis.thirdparty.io.grpc.internal.ClientCallImpl.closeObserver(ClientCallImpl.java:563)
	at org.apache.ratis.thirdparty.io.grpc.internal.ClientCallImpl.access$300(ClientCallImpl.java:70)
	at org.apache.ratis.thirdparty.io.grpc.internal.ClientCallImpl$ClientStreamListenerImpl$1StreamClosed.runInternal(ClientCallImpl.java:744)
	at org.apache.ratis.thirdparty.io.grpc.internal.ClientCallImpl$ClientStreamListenerImpl$1StreamClosed.runInContext(ClientCallImpl.java:723)
	at org.apache.ratis.thirdparty.io.grpc.internal.ContextRunnable.run(ContextRunnable.java:37)
	at org.apache.ratis.thirdparty.io.grpc.internal.SerializingExecutor.run(SerializingExecutor.java:133)
	at java.util.concurrent.ThreadPoolExecutor.runWorker(ThreadPoolExecutor.java:1149)
	at java.util.concurrent.ThreadPoolExecutor$Worker.run(ThreadPoolExecutor.java:624)
	at java.lang.Thread.run(Thread.java:750)
2023-10-04 17:33:29,985 [ac124e44-4b53-434d-bcce-b5d7b0204421@group-18C60AD3C6FF-StateMachineUpdater] INFO  ratis.ContainerStateMachine (ContainerStateMachine.java:takeSnapshot(330)) - group-18C60AD3C6FF: Taking a snapshot at:(t:1, i:4) file /home/runner/work/ozone/ozone/hadoop-ozone/integration-test/target/test-dir/MiniOzoneClusterImpl-1a9f8426-f0b4-4ead-8c34-ee0cd8d78978/datanode-2/data/ratis/6fdc2f4e-1617-4d7b-8891-18c60ad3c6ff/sm/snapshot.1_4
2023-10-04 17:33:29,987 [ac124e44-4b53-434d-bcce-b5d7b0204421@group-18C60AD3C6FF-StateMachineUpdater] INFO  ratis.ContainerStateMachine (ContainerStateMachine.java:takeSnapshot(341)) - group-18C60AD3C6FF: Finished taking a snapshot at:(t:1, i:4) file:/home/runner/work/ozone/ozone/hadoop-ozone/integration-test/target/test-dir/MiniOzoneClusterImpl-1a9f8426-f0b4-4ead-8c34-ee0cd8d78978/datanode-2/data/ratis/6fdc2f4e-1617-4d7b-8891-18c60ad3c6ff/sm/snapshot.1_4 took: 2 ms
2023-10-04 17:33:29,987 [grpc-default-executor-2] WARN  server.GrpcServerProtocolService (LogUtils.java:warn(122)) - e56d6440-7293-4017-8843-e114a3ddb5c0: APPEND_ENTRIES onError, lastRequest: null: org.apache.ratis.thirdparty.io.grpc.StatusRuntimeException: CANCELLED: client cancelled
2023-10-04 17:33:29,987 [ac124e44-4b53-434d-bcce-b5d7b0204421@group-18C60AD3C6FF-StateMachineUpdater] INFO  impl.StateMachineUpdater (StateMachineUpdater.java:takeSnapshot(291)) - ac124e44-4b53-434d-bcce-b5d7b0204421@group-18C60AD3C6FF-StateMachineUpdater: Took a snapshot at index 4
2023-10-04 17:33:29,987 [ac124e44-4b53-434d-bcce-b5d7b0204421@group-18C60AD3C6FF-StateMachineUpdater] INFO  impl.StateMachineUpdater (StateMachineUpdater.java:lambda$new$0(97)) - ac124e44-4b53-434d-bcce-b5d7b0204421@group-18C60AD3C6FF-StateMachineUpdater: snapshotIndex: updateIncreasingly -1 -> 4
2023-10-04 17:33:29,988 [main] INFO  server.GrpcService (GrpcService.java:closeImpl(320)) - ac124e44-4b53-434d-bcce-b5d7b0204421: shutdown server org.apache.ratis.grpc.server.GrpcClientProtocolService successfully
2023-10-04 17:33:29,988 [main] INFO  server.GrpcService (GrpcService.java:closeImpl(311)) - ac124e44-4b53-434d-bcce-b5d7b0204421: shutdown server GrpcServerProtocolService now
2023-10-04 17:33:29,982 [grpc-default-executor-6] WARN  server.GrpcLogAppender (GrpcLogAppender.java:resetClient(137)) - ac124e44-4b53-434d-bcce-b5d7b0204421@group-18C60AD3C6FF->d23c53d9-b989-4348-8850-bf4ef4487d70-GrpcLogAppender: Failed to getClient for d23c53d9-b989-4348-8850-bf4ef4487d70
org.apache.ratis.protocol.exceptions.AlreadyClosedException: ac124e44-4b53-434d-bcce-b5d7b0204421 is already CLOSED
	at org.apache.ratis.util.PeerProxyMap$PeerAndProxy.getProxy(PeerProxyMap.java:61)
	at org.apache.ratis.util.PeerProxyMap.getProxy(PeerProxyMap.java:115)
	at org.apache.ratis.grpc.server.GrpcLogAppender.getClient(GrpcLogAppender.java:112)
	at org.apache.ratis.grpc.server.GrpcLogAppender.resetClient(GrpcLogAppender.java:117)
	at org.apache.ratis.grpc.server.GrpcLogAppender.access$500(GrpcLogAppender.java:56)
	at org.apache.ratis.grpc.server.GrpcLogAppender$AppendLogResponseHandler.onCompleted(GrpcLogAppender.java:429)
	at org.apache.ratis.thirdparty.io.grpc.stub.ClientCalls$StreamObserverToCallListenerAdapter.onClose(ClientCalls.java:485)
	at org.apache.ratis.thirdparty.io.grpc.internal.ClientCallImpl.closeObserver(ClientCallImpl.java:563)
	at org.apache.ratis.thirdparty.io.grpc.internal.ClientCallImpl.access$300(ClientCallImpl.java:70)
	at org.apache.ratis.thirdparty.io.grpc.internal.ClientCallImpl$ClientStreamListenerImpl$1StreamClosed.runInternal(ClientCallImpl.java:744)
	at org.apache.ratis.thirdparty.io.grpc.internal.ClientCallImpl$ClientStreamListenerImpl$1StreamClosed.runInContext(ClientCallImpl.java:723)
	at org.apache.ratis.thirdparty.io.grpc.internal.ContextRunnable.run(ContextRunnable.java:37)
	at org.apache.ratis.thirdparty.io.grpc.internal.SerializingExecutor.run(SerializingExecutor.java:133)
	at java.util.concurrent.ThreadPoolExecutor.runWorker(ThreadPoolExecutor.java:1149)
	at java.util.concurrent.ThreadPoolExecutor$Worker.run(ThreadPoolExecutor.java:624)
	at java.lang.Thread.run(Thread.java:750)
2023-10-04 17:33:29,999 [ac124e44-4b53-434d-bcce-b5d7b0204421-impl-thread3] INFO  server.RaftServer$Division (ServerState.java:close(472)) - ac124e44-4b53-434d-bcce-b5d7b0204421@group-18C60AD3C6FF: closes. applyIndex: 4
2023-10-04 17:33:29,999 [ForkJoinPool.commonPool-worker-3] INFO  ozoneimpl.OzoneContainer (OzoneContainer.java:stop(451)) - Attempting to stop container services.
2023-10-04 17:33:30,006 [grpc-default-executor-6] WARN  server.GrpcServerProtocolService (LogUtils.java:warn(122)) - e56d6440-7293-4017-8843-e114a3ddb5c0: APPEND_ENTRIES onError, lastRequest: d23c53d9-b989-4348-8850-bf4ef4487d70->e56d6440-7293-4017-8843-e114a3ddb5c0#59-t1,previous=(t:1, i:24),leaderCommit=24,initializing? true,entries: size=1, first=(t:1, i:25), METADATAENTRY(c:23): org.apache.ratis.thirdparty.io.grpc.StatusRuntimeException: CANCELLED: client cancelled
2023-10-04 17:33:30,007 [ForkJoinPool.commonPool-worker-2] INFO  server.GrpcService (GrpcService.java:closeImpl(320)) - e56d6440-7293-4017-8843-e114a3ddb5c0: shutdown server GrpcServerProtocolService successfully
2023-10-04 17:33:30,007 [ForkJoinPool.commonPool-worker-2] INFO  server.GrpcService (GrpcService.java:closeImpl(311)) - e56d6440-7293-4017-8843-e114a3ddb5c0: shutdown server org.apache.ratis.grpc.server.GrpcAdminProtocolService now
2023-10-04 17:33:30,006 [grpc-default-executor-7] WARN  server.GrpcLogAppender (LogUtils.java:warn(122)) - d23c53d9-b989-4348-8850-bf4ef4487d70@group-797DA2831D72->e56d6440-7293-4017-8843-e114a3ddb5c0-AppendLogResponseHandler: Failed appendEntries: org.apache.ratis.thirdparty.io.grpc.StatusRuntimeException: CANCELLED: RST_STREAM closed stream. HTTP/2 error code: CANCEL
2023-10-04 17:33:30,007 [grpc-default-executor-7] INFO  leader.FollowerInfo (FollowerInfoImpl.java:lambda$new$0(52)) - d23c53d9-b989-4348-8850-bf4ef4487d70@group-797DA2831D72->e56d6440-7293-4017-8843-e114a3ddb5c0: decreaseNextIndex nextIndex: updateUnconditionally 26 -> 25
2023-10-04 17:33:30,006 [grpc-default-executor-4] WARN  server.GrpcServerProtocolService (LogUtils.java:warn(122)) - ac124e44-4b53-434d-bcce-b5d7b0204421: APPEND_ENTRIES onError, lastRequest: null: org.apache.ratis.thirdparty.io.grpc.StatusRuntimeException: CANCELLED: client cancelled
2023-10-04 17:33:30,008 [main] INFO  server.GrpcService (GrpcService.java:closeImpl(320)) - ac124e44-4b53-434d-bcce-b5d7b0204421: shutdown server GrpcServerProtocolService successfully
2023-10-04 17:33:30,008 [main] INFO  server.GrpcService (GrpcService.java:closeImpl(311)) - ac124e44-4b53-434d-bcce-b5d7b0204421: shutdown server org.apache.ratis.grpc.server.GrpcAdminProtocolService now
2023-10-04 17:33:30,014 [ForkJoinPool.commonPool-worker-3] INFO  server.RaftServer (RaftServerProxy.java:lambda$close$6(416)) - d23c53d9-b989-4348-8850-bf4ef4487d70: close
2023-10-04 17:33:30,015 [grpc-default-executor-0] WARN  server.GrpcLogAppender (LogUtils.java:warn(122)) - d23c53d9-b989-4348-8850-bf4ef4487d70@group-797DA2831D72->e56d6440-7293-4017-8843-e114a3ddb5c0-AppendLogResponseHandler: Failed appendEntries: org.apache.ratis.thirdparty.io.grpc.StatusRuntimeException: CANCELLED: RST_STREAM closed stream. HTTP/2 error code: CANCEL
2023-10-04 17:33:30,015 [grpc-default-executor-0] INFO  leader.FollowerInfo (FollowerInfoImpl.java:lambda$new$0(52)) - d23c53d9-b989-4348-8850-bf4ef4487d70@group-797DA2831D72->e56d6440-7293-4017-8843-e114a3ddb5c0: decreaseNextIndex nextIndex: updateUnconditionally 25 -> 24
2023-10-04 17:33:30,017 [grpc-default-executor-9] WARN  server.GrpcServerProtocolService (LogUtils.java:warn(122)) - ac124e44-4b53-434d-bcce-b5d7b0204421: APPEND_ENTRIES onError, lastRequest: d23c53d9-b989-4348-8850-bf4ef4487d70->ac124e44-4b53-434d-bcce-b5d7b0204421#59-t1,previous=(t:1, i:24),leaderCommit=24,initializing? true,entries: size=1, first=(t:1, i:25), METADATAENTRY(c:23): org.apache.ratis.thirdparty.io.grpc.StatusRuntimeException: CANCELLED: client cancelled
2023-10-04 17:33:30,017 [ForkJoinPool.commonPool-worker-2] INFO  server.GrpcService (GrpcService.java:closeImpl(320)) - e56d6440-7293-4017-8843-e114a3ddb5c0: shutdown server org.apache.ratis.grpc.server.GrpcAdminProtocolService successfully
2023-10-04 17:33:30,017 [e56d6440-7293-4017-8843-e114a3ddb5c0-NettyServerStreamRpc-bossGroup--thread1] INFO  logging.LoggingHandler (AbstractInternalLogger.java:log(148)) - [id: 0x091b86c7, L:/0:0:0:0:0:0:0:0:15130] CLOSE
2023-10-04 17:33:30,022 [grpc-default-executor-9] WARN  server.GrpcLogAppender (LogUtils.java:warn(122)) - d23c53d9-b989-4348-8850-bf4ef4487d70@group-797DA2831D72->ac124e44-4b53-434d-bcce-b5d7b0204421-AppendLogResponseHandler: Failed appendEntries: org.apache.ratis.thirdparty.io.grpc.StatusRuntimeException: CANCELLED: RST_STREAM closed stream. HTTP/2 error code: CANCEL
2023-10-04 17:33:30,022 [grpc-default-executor-9] INFO  leader.FollowerInfo (FollowerInfoImpl.java:lambda$new$0(52)) - d23c53d9-b989-4348-8850-bf4ef4487d70@group-797DA2831D72->ac124e44-4b53-434d-bcce-b5d7b0204421: decreaseNextIndex nextIndex: updateUnconditionally 26 -> 25
2023-10-04 17:33:30,022 [grpc-default-executor-4] WARN  server.GrpcLogAppender (LogUtils.java:warn(122)) - d23c53d9-b989-4348-8850-bf4ef4487d70@group-797DA2831D72->ac124e44-4b53-434d-bcce-b5d7b0204421-AppendLogResponseHandler: Failed appendEntries: org.apache.ratis.thirdparty.io.grpc.StatusRuntimeException: CANCELLED: RST_STREAM closed stream. HTTP/2 error code: CANCEL
2023-10-04 17:33:30,022 [grpc-default-executor-4] INFO  leader.FollowerInfo (FollowerInfoImpl.java:lambda$new$0(52)) - d23c53d9-b989-4348-8850-bf4ef4487d70@group-797DA2831D72->ac124e44-4b53-434d-bcce-b5d7b0204421: decreaseNextIndex nextIndex: updateUnconditionally 25 -> 24
2023-10-04 17:33:30,022 [e56d6440-7293-4017-8843-e114a3ddb5c0-NettyServerStreamRpc-bossGroup--thread1] INFO  logging.LoggingHandler (AbstractInternalLogger.java:log(148)) - [id: 0x091b86c7, L:/0:0:0:0:0:0:0:0:15130] INACTIVE
2023-10-04 17:33:30,022 [e56d6440-7293-4017-8843-e114a3ddb5c0-NettyServerStreamRpc-bossGroup--thread1] INFO  logging.LoggingHandler (AbstractInternalLogger.java:log(148)) - [id: 0x091b86c7, L:/0:0:0:0:0:0:0:0:15130] UNREGISTERED
2023-10-04 17:33:30,025 [d23c53d9-b989-4348-8850-bf4ef4487d70-impl-thread2] INFO  server.RaftServer$Division (RaftServerImpl.java:lambda$close$4(466)) - d23c53d9-b989-4348-8850-bf4ef4487d70@group-865C625B020A: shutdown
2023-10-04 17:33:30,025 [d23c53d9-b989-4348-8850-bf4ef4487d70-impl-thread2] INFO  util.JmxRegister (JmxRegister.java:unregister(73)) - Successfully un-registered JMX Bean with object name Ratis:service=RaftServer,group=group-865C625B020A,id=d23c53d9-b989-4348-8850-bf4ef4487d70
2023-10-04 17:33:30,025 [d23c53d9-b989-4348-8850-bf4ef4487d70-impl-thread2] INFO  impl.RoleInfo (RoleInfo.java:shutdownLeaderState(93)) - d23c53d9-b989-4348-8850-bf4ef4487d70: shutdown d23c53d9-b989-4348-8850-bf4ef4487d70@group-865C625B020A-LeaderStateImpl
2023-10-04 17:33:30,025 [d23c53d9-b989-4348-8850-bf4ef4487d70-impl-thread2] INFO  impl.PendingRequests (PendingRequests.java:sendNotLeaderResponses(289)) - d23c53d9-b989-4348-8850-bf4ef4487d70@group-865C625B020A-PendingRequests: sendNotLeaderResponses
2023-10-04 17:33:30,026 [d23c53d9-b989-4348-8850-bf4ef4487d70@group-865C625B020A-StateMachineUpdater] INFO  ratis.ContainerStateMachine (ContainerStateMachine.java:takeSnapshot(330)) - group-865C625B020A: Taking a snapshot at:(t:1, i:0) file /home/runner/work/ozone/ozone/hadoop-ozone/integration-test/target/test-dir/MiniOzoneClusterImpl-1a9f8426-f0b4-4ead-8c34-ee0cd8d78978/datanode-0/data/ratis/443ee777-72a2-4512-add5-865c625b020a/sm/snapshot.1_0
2023-10-04 17:33:30,026 [d23c53d9-b989-4348-8850-bf4ef4487d70-impl-thread2] INFO  impl.StateMachineUpdater (StateMachineUpdater.java:stopAndJoin(155)) - d23c53d9-b989-4348-8850-bf4ef4487d70@group-865C625B020A-StateMachineUpdater: set stopIndex = 0
2023-10-04 17:33:30,026 [d23c53d9-b989-4348-8850-bf4ef4487d70-impl-thread3] INFO  server.RaftServer$Division (RaftServerImpl.java:lambda$close$4(466)) - d23c53d9-b989-4348-8850-bf4ef4487d70@group-18C60AD3C6FF: shutdown
2023-10-04 17:33:30,026 [d23c53d9-b989-4348-8850-bf4ef4487d70-impl-thread3] INFO  util.JmxRegister (JmxRegister.java:unregister(73)) - Successfully un-registered JMX Bean with object name Ratis:service=RaftServer,group=group-18C60AD3C6FF,id=d23c53d9-b989-4348-8850-bf4ef4487d70
2023-10-04 17:33:30,026 [d23c53d9-b989-4348-8850-bf4ef4487d70-impl-thread3] INFO  impl.RoleInfo (RoleInfo.java:shutdownFollowerState(110)) - d23c53d9-b989-4348-8850-bf4ef4487d70: shutdown d23c53d9-b989-4348-8850-bf4ef4487d70@group-18C60AD3C6FF-FollowerState
2023-10-04 17:33:30,026 [ForkJoinPool.commonPool-worker-3] INFO  server.GrpcService (GrpcService.java:closeImpl(311)) - d23c53d9-b989-4348-8850-bf4ef4487d70: shutdown server org.apache.ratis.grpc.server.GrpcClientProtocolService now
2023-10-04 17:33:30,027 [d23c53d9-b989-4348-8850-bf4ef4487d70@group-18C60AD3C6FF-FollowerState] INFO  impl.FollowerState (FollowerState.java:run(152)) - d23c53d9-b989-4348-8850-bf4ef4487d70@group-18C60AD3C6FF-FollowerState was interrupted
2023-10-04 17:33:30,027 [d23c53d9-b989-4348-8850-bf4ef4487d70-impl-thread3] INFO  impl.StateMachineUpdater (StateMachineUpdater.java:stopAndJoin(155)) - d23c53d9-b989-4348-8850-bf4ef4487d70@group-18C60AD3C6FF-StateMachineUpdater: set stopIndex = 4
2023-10-04 17:33:30,027 [d23c53d9-b989-4348-8850-bf4ef4487d70@group-18C60AD3C6FF-StateMachineUpdater] INFO  ratis.ContainerStateMachine (ContainerStateMachine.java:takeSnapshot(330)) - group-18C60AD3C6FF: Taking a snapshot at:(t:1, i:4) file /home/runner/work/ozone/ozone/hadoop-ozone/integration-test/target/test-dir/MiniOzoneClusterImpl-1a9f8426-f0b4-4ead-8c34-ee0cd8d78978/datanode-0/data/ratis/6fdc2f4e-1617-4d7b-8891-18c60ad3c6ff/sm/snapshot.1_4
2023-10-04 17:33:30,027 [d23c53d9-b989-4348-8850-bf4ef4487d70@group-865C625B020A-StateMachineUpdater] INFO  ratis.ContainerStateMachine (ContainerStateMachine.java:takeSnapshot(341)) - group-865C625B020A: Finished taking a snapshot at:(t:1, i:0) file:/home/runner/work/ozone/ozone/hadoop-ozone/integration-test/target/test-dir/MiniOzoneClusterImpl-1a9f8426-f0b4-4ead-8c34-ee0cd8d78978/datanode-0/data/ratis/443ee777-72a2-4512-add5-865c625b020a/sm/snapshot.1_0 took: 2 ms
2023-10-04 17:33:30,028 [d23c53d9-b989-4348-8850-bf4ef4487d70@group-865C625B020A-StateMachineUpdater] INFO  impl.StateMachineUpdater (StateMachineUpdater.java:takeSnapshot(291)) - d23c53d9-b989-4348-8850-bf4ef4487d70@group-865C625B020A-StateMachineUpdater: Took a snapshot at index 0
2023-10-04 17:33:30,028 [d23c53d9-b989-4348-8850-bf4ef4487d70@group-865C625B020A-StateMachineUpdater] INFO  impl.StateMachineUpdater (StateMachineUpdater.java:lambda$new$0(97)) - d23c53d9-b989-4348-8850-bf4ef4487d70@group-865C625B020A-StateMachineUpdater: snapshotIndex: updateIncreasingly -1 -> 0
2023-10-04 17:33:30,029 [d23c53d9-b989-4348-8850-bf4ef4487d70-impl-thread2] INFO  server.RaftServer$Division (ServerState.java:close(472)) - d23c53d9-b989-4348-8850-bf4ef4487d70@group-865C625B020A: closes. applyIndex: 0
2023-10-04 17:33:30,029 [d23c53d9-b989-4348-8850-bf4ef4487d70-impl-thread4] INFO  server.RaftServer$Division (RaftServerImpl.java:lambda$close$4(466)) - d23c53d9-b989-4348-8850-bf4ef4487d70@group-797DA2831D72: shutdown
2023-10-04 17:33:30,029 [d23c53d9-b989-4348-8850-bf4ef4487d70-impl-thread4] INFO  util.JmxRegister (JmxRegister.java:unregister(73)) - Successfully un-registered JMX Bean with object name Ratis:service=RaftServer,group=group-797DA2831D72,id=d23c53d9-b989-4348-8850-bf4ef4487d70
2023-10-04 17:33:30,030 [d23c53d9-b989-4348-8850-bf4ef4487d70-impl-thread4] INFO  impl.RoleInfo (RoleInfo.java:shutdownLeaderState(93)) - d23c53d9-b989-4348-8850-bf4ef4487d70: shutdown d23c53d9-b989-4348-8850-bf4ef4487d70@group-797DA2831D72-LeaderStateImpl
2023-10-04 17:33:30,030 [d23c53d9-b989-4348-8850-bf4ef4487d70@group-797DA2831D72->ac124e44-4b53-434d-bcce-b5d7b0204421-GrpcLogAppender-LogAppenderDaemon] WARN  server.GrpcLogAppender (GrpcLogAppender.java:mayWait(199)) - d23c53d9-b989-4348-8850-bf4ef4487d70@group-797DA2831D72->ac124e44-4b53-434d-bcce-b5d7b0204421-GrpcLogAppender: Wait interrupted by java.lang.InterruptedException
2023-10-04 17:33:30,030 [d23c53d9-b989-4348-8850-bf4ef4487d70@group-18C60AD3C6FF-StateMachineUpdater] INFO  ratis.ContainerStateMachine (ContainerStateMachine.java:takeSnapshot(341)) - group-18C60AD3C6FF: Finished taking a snapshot at:(t:1, i:4) file:/home/runner/work/ozone/ozone/hadoop-ozone/integration-test/target/test-dir/MiniOzoneClusterImpl-1a9f8426-f0b4-4ead-8c34-ee0cd8d78978/datanode-0/data/ratis/6fdc2f4e-1617-4d7b-8891-18c60ad3c6ff/sm/snapshot.1_4 took: 3 ms
2023-10-04 17:33:30,030 [d23c53d9-b989-4348-8850-bf4ef4487d70@group-797DA2831D72->e56d6440-7293-4017-8843-e114a3ddb5c0-GrpcLogAppender-LogAppenderDaemon] WARN  server.GrpcLogAppender (GrpcLogAppender.java:mayWait(199)) - d23c53d9-b989-4348-8850-bf4ef4487d70@group-797DA2831D72->e56d6440-7293-4017-8843-e114a3ddb5c0-GrpcLogAppender: Wait interrupted by java.lang.InterruptedException
2023-10-04 17:33:30,030 [d23c53d9-b989-4348-8850-bf4ef4487d70@group-18C60AD3C6FF-StateMachineUpdater] INFO  impl.StateMachineUpdater (StateMachineUpdater.java:takeSnapshot(291)) - d23c53d9-b989-4348-8850-bf4ef4487d70@group-18C60AD3C6FF-StateMachineUpdater: Took a snapshot at index 4
2023-10-04 17:33:30,030 [d23c53d9-b989-4348-8850-bf4ef4487d70@group-18C60AD3C6FF-StateMachineUpdater] INFO  impl.StateMachineUpdater (StateMachineUpdater.java:lambda$new$0(97)) - d23c53d9-b989-4348-8850-bf4ef4487d70@group-18C60AD3C6FF-StateMachineUpdater: snapshotIndex: updateIncreasingly -1 -> 4
2023-10-04 17:33:30,030 [d23c53d9-b989-4348-8850-bf4ef4487d70-impl-thread4] INFO  impl.PendingRequests (PendingRequests.java:sendNotLeaderResponses(289)) - d23c53d9-b989-4348-8850-bf4ef4487d70@group-797DA2831D72-PendingRequests: sendNotLeaderResponses
2023-10-04 17:33:30,049 [d23c53d9-b989-4348-8850-bf4ef4487d70-impl-thread3] INFO  server.RaftServer$Division (ServerState.java:close(472)) - d23c53d9-b989-4348-8850-bf4ef4487d70@group-18C60AD3C6FF: closes. applyIndex: 4
2023-10-04 17:33:30,050 [grpc-default-executor-4] WARN  server.GrpcClientProtocolService (LogUtils.java:warn(122)) - 2-OrderedRequestStreamObserver2: onError: org.apache.ratis.thirdparty.io.grpc.StatusRuntimeException: CANCELLED: client cancelled
2023-10-04 17:33:30,050 [grpc-default-executor-8] WARN  server.GrpcClientProtocolService (LogUtils.java:warn(122)) - 3-UnorderedRequestStreamObserver3: onError: org.apache.ratis.thirdparty.io.grpc.StatusRuntimeException: CANCELLED: client cancelled
2023-10-04 17:33:30,054 [Thread-1699] INFO  server.GrpcServerProtocolClient (GrpcServerProtocolClient.java:close(103)) - ac124e44-4b53-434d-bcce-b5d7b0204421 Close channels
2023-10-04 17:33:30,054 [Thread-1705] INFO  server.GrpcServerProtocolClient (GrpcServerProtocolClient.java:close(103)) - e56d6440-7293-4017-8843-e114a3ddb5c0 Close channels
2023-10-04 17:33:30,056 [main] INFO  server.GrpcService (GrpcService.java:closeImpl(320)) - ac124e44-4b53-434d-bcce-b5d7b0204421: shutdown server org.apache.ratis.grpc.server.GrpcAdminProtocolService successfully
2023-10-04 17:33:30,056 [ac124e44-4b53-434d-bcce-b5d7b0204421-NettyServerStreamRpc-bossGroup--thread1] INFO  logging.LoggingHandler (AbstractInternalLogger.java:log(148)) - [id: 0x0c8b7a84, L:/0:0:0:0:0:0:0:0:15139] CLOSE
2023-10-04 17:33:30,056 [ac124e44-4b53-434d-bcce-b5d7b0204421-NettyServerStreamRpc-bossGroup--thread1] INFO  logging.LoggingHandler (AbstractInternalLogger.java:log(148)) - [id: 0x0c8b7a84, L:/0:0:0:0:0:0:0:0:15139] INACTIVE
2023-10-04 17:33:30,056 [ac124e44-4b53-434d-bcce-b5d7b0204421-NettyServerStreamRpc-bossGroup--thread1] INFO  logging.LoggingHandler (AbstractInternalLogger.java:log(148)) - [id: 0x0c8b7a84, L:/0:0:0:0:0:0:0:0:15139] UNREGISTERED
2023-10-04 17:33:30,066 [ForkJoinPool.commonPool-worker-3] INFO  server.GrpcService (GrpcService.java:closeImpl(320)) - d23c53d9-b989-4348-8850-bf4ef4487d70: shutdown server org.apache.ratis.grpc.server.GrpcClientProtocolService successfully
2023-10-04 17:33:30,066 [ForkJoinPool.commonPool-worker-3] INFO  server.GrpcService (GrpcService.java:closeImpl(311)) - d23c53d9-b989-4348-8850-bf4ef4487d70: shutdown server GrpcServerProtocolService now
2023-10-04 17:33:30,066 [d23c53d9-b989-4348-8850-bf4ef4487d70-impl-thread4] INFO  impl.StateMachineUpdater (StateMachineUpdater.java:stopAndJoin(155)) - d23c53d9-b989-4348-8850-bf4ef4487d70@group-797DA2831D72-StateMachineUpdater: set stopIndex = 25
2023-10-04 17:33:30,067 [d23c53d9-b989-4348-8850-bf4ef4487d70@group-797DA2831D72-StateMachineUpdater] INFO  ratis.ContainerStateMachine (ContainerStateMachine.java:takeSnapshot(330)) - group-797DA2831D72: Taking a snapshot at:(t:1, i:25) file /home/runner/work/ozone/ozone/hadoop-ozone/integration-test/target/test-dir/MiniOzoneClusterImpl-1a9f8426-f0b4-4ead-8c34-ee0cd8d78978/datanode-0/data/ratis/f1b24073-76b4-410e-b80a-797da2831d72/sm/snapshot.1_25
2023-10-04 17:33:30,068 [d23c53d9-b989-4348-8850-bf4ef4487d70@group-797DA2831D72-StateMachineUpdater] INFO  ratis.ContainerStateMachine (ContainerStateMachine.java:takeSnapshot(341)) - group-797DA2831D72: Finished taking a snapshot at:(t:1, i:25) file:/home/runner/work/ozone/ozone/hadoop-ozone/integration-test/target/test-dir/MiniOzoneClusterImpl-1a9f8426-f0b4-4ead-8c34-ee0cd8d78978/datanode-0/data/ratis/f1b24073-76b4-410e-b80a-797da2831d72/sm/snapshot.1_25 took: 1 ms
2023-10-04 17:33:30,068 [d23c53d9-b989-4348-8850-bf4ef4487d70@group-797DA2831D72-StateMachineUpdater] INFO  impl.StateMachineUpdater (StateMachineUpdater.java:takeSnapshot(291)) - d23c53d9-b989-4348-8850-bf4ef4487d70@group-797DA2831D72-StateMachineUpdater: Took a snapshot at index 25
2023-10-04 17:33:30,068 [d23c53d9-b989-4348-8850-bf4ef4487d70@group-797DA2831D72-StateMachineUpdater] INFO  impl.StateMachineUpdater (StateMachineUpdater.java:lambda$new$0(97)) - d23c53d9-b989-4348-8850-bf4ef4487d70@group-797DA2831D72-StateMachineUpdater: snapshotIndex: updateIncreasingly -1 -> 25
2023-10-04 17:33:30,091 [d23c53d9-b989-4348-8850-bf4ef4487d70-impl-thread4] INFO  server.RaftServer$Division (ServerState.java:close(472)) - d23c53d9-b989-4348-8850-bf4ef4487d70@group-797DA2831D72: closes. applyIndex: 25
2023-10-04 17:33:30,095 [ForkJoinPool.commonPool-worker-3] INFO  server.GrpcService (GrpcService.java:closeImpl(320)) - d23c53d9-b989-4348-8850-bf4ef4487d70: shutdown server GrpcServerProtocolService successfully
2023-10-04 17:33:30,096 [ForkJoinPool.commonPool-worker-3] INFO  server.GrpcService (GrpcService.java:closeImpl(311)) - d23c53d9-b989-4348-8850-bf4ef4487d70: shutdown server org.apache.ratis.grpc.server.GrpcAdminProtocolService now
2023-10-04 17:33:30,096 [ForkJoinPool.commonPool-worker-0] INFO  ozoneimpl.OzoneContainer (OzoneContainer.java:stop(451)) - Attempting to stop container services.
2023-10-04 17:33:30,098 [ForkJoinPool.commonPool-worker-0] INFO  server.RaftServer (RaftServerProxy.java:lambda$close$6(416)) - 312da513-429c-495f-b386-218bb2e3f38b: close
2023-10-04 17:33:30,102 [ForkJoinPool.commonPool-worker-0] INFO  server.GrpcService (GrpcService.java:closeImpl(311)) - 312da513-429c-495f-b386-218bb2e3f38b: shutdown server org.apache.ratis.grpc.server.GrpcClientProtocolService now
2023-10-04 17:33:30,102 [312da513-429c-495f-b386-218bb2e3f38b-impl-thread2] INFO  server.RaftServer$Division (RaftServerImpl.java:lambda$close$4(466)) - 312da513-429c-495f-b386-218bb2e3f38b@group-D4A2FD8B0EB8: shutdown
2023-10-04 17:33:30,102 [312da513-429c-495f-b386-218bb2e3f38b-impl-thread2] INFO  util.JmxRegister (JmxRegister.java:unregister(73)) - Successfully un-registered JMX Bean with object name Ratis:service=RaftServer,group=group-D4A2FD8B0EB8,id=312da513-429c-495f-b386-218bb2e3f38b
2023-10-04 17:33:30,102 [312da513-429c-495f-b386-218bb2e3f38b-impl-thread2] INFO  impl.RoleInfo (RoleInfo.java:shutdownLeaderState(93)) - 312da513-429c-495f-b386-218bb2e3f38b: shutdown 312da513-429c-495f-b386-218bb2e3f38b@group-D4A2FD8B0EB8-LeaderStateImpl
2023-10-04 17:33:30,102 [312da513-429c-495f-b386-218bb2e3f38b-impl-thread2] INFO  impl.PendingRequests (PendingRequests.java:sendNotLeaderResponses(289)) - 312da513-429c-495f-b386-218bb2e3f38b@group-D4A2FD8B0EB8-PendingRequests: sendNotLeaderResponses
2023-10-04 17:33:30,103 [312da513-429c-495f-b386-218bb2e3f38b@group-D4A2FD8B0EB8-StateMachineUpdater] INFO  ratis.ContainerStateMachine (ContainerStateMachine.java:takeSnapshot(330)) - group-D4A2FD8B0EB8: Taking a snapshot at:(t:1, i:0) file /home/runner/work/ozone/ozone/hadoop-ozone/integration-test/target/test-dir/MiniOzoneClusterImpl-1a9f8426-f0b4-4ead-8c34-ee0cd8d78978/datanode-4/data/ratis/2bd58131-17a5-47f0-ba46-d4a2fd8b0eb8/sm/snapshot.1_0
2023-10-04 17:33:30,103 [312da513-429c-495f-b386-218bb2e3f38b-impl-thread2] INFO  impl.StateMachineUpdater (StateMachineUpdater.java:stopAndJoin(155)) - 312da513-429c-495f-b386-218bb2e3f38b@group-D4A2FD8B0EB8-StateMachineUpdater: set stopIndex = 0
2023-10-04 17:33:30,104 [312da513-429c-495f-b386-218bb2e3f38b@group-D4A2FD8B0EB8-StateMachineUpdater] INFO  ratis.ContainerStateMachine (ContainerStateMachine.java:takeSnapshot(341)) - group-D4A2FD8B0EB8: Finished taking a snapshot at:(t:1, i:0) file:/home/runner/work/ozone/ozone/hadoop-ozone/integration-test/target/test-dir/MiniOzoneClusterImpl-1a9f8426-f0b4-4ead-8c34-ee0cd8d78978/datanode-4/data/ratis/2bd58131-17a5-47f0-ba46-d4a2fd8b0eb8/sm/snapshot.1_0 took: 1 ms
2023-10-04 17:33:30,104 [312da513-429c-495f-b386-218bb2e3f38b@group-D4A2FD8B0EB8-StateMachineUpdater] INFO  impl.StateMachineUpdater (StateMachineUpdater.java:takeSnapshot(291)) - 312da513-429c-495f-b386-218bb2e3f38b@group-D4A2FD8B0EB8-StateMachineUpdater: Took a snapshot at index 0
2023-10-04 17:33:30,104 [312da513-429c-495f-b386-218bb2e3f38b@group-D4A2FD8B0EB8-StateMachineUpdater] INFO  impl.StateMachineUpdater (StateMachineUpdater.java:lambda$new$0(97)) - 312da513-429c-495f-b386-218bb2e3f38b@group-D4A2FD8B0EB8-StateMachineUpdater: snapshotIndex: updateIncreasingly -1 -> 0
2023-10-04 17:33:30,104 [312da513-429c-495f-b386-218bb2e3f38b-impl-thread2] INFO  server.RaftServer$Division (ServerState.java:close(472)) - 312da513-429c-495f-b386-218bb2e3f38b@group-D4A2FD8B0EB8: closes. applyIndex: 0
2023-10-04 17:33:30,106 [ForkJoinPool.commonPool-worker-3] INFO  server.GrpcService (GrpcService.java:closeImpl(320)) - d23c53d9-b989-4348-8850-bf4ef4487d70: shutdown server org.apache.ratis.grpc.server.GrpcAdminProtocolService successfully
2023-10-04 17:33:30,114 [d23c53d9-b989-4348-8850-bf4ef4487d70-impl-thread3] INFO  segmented.SegmentedRaftLogWorker (SegmentedRaftLogWorker.java:close(252)) - d23c53d9-b989-4348-8850-bf4ef4487d70@group-18C60AD3C6FF-SegmentedRaftLogWorker close()
2023-10-04 17:33:30,116 [d23c53d9-b989-4348-8850-bf4ef4487d70-NettyServerStreamRpc-bossGroup--thread1] INFO  logging.LoggingHandler (AbstractInternalLogger.java:log(148)) - [id: 0x5e164907, L:/0:0:0:0:0:0:0:0:15121] CLOSE
2023-10-04 17:33:30,116 [d23c53d9-b989-4348-8850-bf4ef4487d70-NettyServerStreamRpc-bossGroup--thread1] INFO  logging.LoggingHandler (AbstractInternalLogger.java:log(148)) - [id: 0x5e164907, L:/0:0:0:0:0:0:0:0:15121] INACTIVE
2023-10-04 17:33:30,116 [d23c53d9-b989-4348-8850-bf4ef4487d70-NettyServerStreamRpc-bossGroup--thread1] INFO  logging.LoggingHandler (AbstractInternalLogger.java:log(148)) - [id: 0x5e164907, L:/0:0:0:0:0:0:0:0:15121] UNREGISTERED
2023-10-04 17:33:30,116 [e56d6440-7293-4017-8843-e114a3ddb5c0-impl-thread2] INFO  segmented.SegmentedRaftLogWorker (SegmentedRaftLogWorker.java:close(252)) - e56d6440-7293-4017-8843-e114a3ddb5c0@group-18C60AD3C6FF-SegmentedRaftLogWorker close()
2023-10-04 17:33:30,116 [ac124e44-4b53-434d-bcce-b5d7b0204421-impl-thread3] INFO  segmented.SegmentedRaftLogWorker (SegmentedRaftLogWorker.java:close(252)) - ac124e44-4b53-434d-bcce-b5d7b0204421@group-18C60AD3C6FF-SegmentedRaftLogWorker close()
2023-10-04 17:33:30,116 [d23c53d9-b989-4348-8850-bf4ef4487d70-impl-thread2] INFO  segmented.SegmentedRaftLogWorker (SegmentedRaftLogWorker.java:close(252)) - d23c53d9-b989-4348-8850-bf4ef4487d70@group-865C625B020A-SegmentedRaftLogWorker close()
2023-10-04 17:33:30,116 [ac124e44-4b53-434d-bcce-b5d7b0204421-impl-thread2] INFO  segmented.SegmentedRaftLogWorker (SegmentedRaftLogWorker.java:close(252)) - ac124e44-4b53-434d-bcce-b5d7b0204421@group-DCC0CF3967CF-SegmentedRaftLogWorker close()
2023-10-04 17:33:30,119 [e56d6440-7293-4017-8843-e114a3ddb5c0-impl-thread3] INFO  segmented.SegmentedRaftLogWorker (SegmentedRaftLogWorker.java:close(252)) - e56d6440-7293-4017-8843-e114a3ddb5c0@group-E15B615CE0F2-SegmentedRaftLogWorker close()
2023-10-04 17:33:30,127 [ForkJoinPool.commonPool-worker-0] INFO  server.GrpcService (GrpcService.java:closeImpl(320)) - 312da513-429c-495f-b386-218bb2e3f38b: shutdown server org.apache.ratis.grpc.server.GrpcClientProtocolService successfully
2023-10-04 17:33:30,127 [ForkJoinPool.commonPool-worker-0] INFO  server.GrpcService (GrpcService.java:closeImpl(311)) - 312da513-429c-495f-b386-218bb2e3f38b: shutdown server GrpcServerProtocolService now
2023-10-04 17:33:30,136 [ForkJoinPool.commonPool-worker-0] INFO  server.GrpcService (GrpcService.java:closeImpl(320)) - 312da513-429c-495f-b386-218bb2e3f38b: shutdown server GrpcServerProtocolService successfully
2023-10-04 17:33:30,136 [ForkJoinPool.commonPool-worker-0] INFO  server.GrpcService (GrpcService.java:closeImpl(311)) - 312da513-429c-495f-b386-218bb2e3f38b: shutdown server org.apache.ratis.grpc.server.GrpcAdminProtocolService now
2023-10-04 17:33:30,138 [ForkJoinPool.commonPool-worker-0] INFO  server.GrpcService (GrpcService.java:closeImpl(320)) - 312da513-429c-495f-b386-218bb2e3f38b: shutdown server org.apache.ratis.grpc.server.GrpcAdminProtocolService successfully
2023-10-04 17:33:30,145 [312da513-429c-495f-b386-218bb2e3f38b-NettyServerStreamRpc-bossGroup--thread1] INFO  logging.LoggingHandler (AbstractInternalLogger.java:log(148)) - [id: 0x82c945eb, L:/0:0:0:0:0:0:0:0:15157] CLOSE
2023-10-04 17:33:30,143 [ForkJoinPool.commonPool-worker-1] INFO  ozoneimpl.OzoneContainer (OzoneContainer.java:stop(451)) - Attempting to stop container services.
2023-10-04 17:33:30,145 [312da513-429c-495f-b386-218bb2e3f38b-NettyServerStreamRpc-bossGroup--thread1] INFO  logging.LoggingHandler (AbstractInternalLogger.java:log(148)) - [id: 0x82c945eb, L:/0:0:0:0:0:0:0:0:15157] INACTIVE
2023-10-04 17:33:30,145 [312da513-429c-495f-b386-218bb2e3f38b-NettyServerStreamRpc-bossGroup--thread1] INFO  logging.LoggingHandler (AbstractInternalLogger.java:log(148)) - [id: 0x82c945eb, L:/0:0:0:0:0:0:0:0:15157] UNREGISTERED
2023-10-04 17:33:30,149 [ForkJoinPool.commonPool-worker-1] INFO  server.RaftServer (RaftServerProxy.java:lambda$close$6(416)) - 5e228e04-cf62-4945-aefc-fa5aaa85c140: close
2023-10-04 17:33:30,153 [ForkJoinPool.commonPool-worker-1] INFO  server.GrpcService (GrpcService.java:closeImpl(311)) - 5e228e04-cf62-4945-aefc-fa5aaa85c140: shutdown server org.apache.ratis.grpc.server.GrpcClientProtocolService now
2023-10-04 17:33:30,153 [5e228e04-cf62-4945-aefc-fa5aaa85c140-impl-thread2] INFO  server.RaftServer$Division (RaftServerImpl.java:lambda$close$4(466)) - 5e228e04-cf62-4945-aefc-fa5aaa85c140@group-736B93BFD31D: shutdown
2023-10-04 17:33:30,154 [ForkJoinPool.commonPool-worker-1] INFO  server.GrpcService (GrpcService.java:closeImpl(320)) - 5e228e04-cf62-4945-aefc-fa5aaa85c140: shutdown server org.apache.ratis.grpc.server.GrpcClientProtocolService successfully
2023-10-04 17:33:30,154 [ForkJoinPool.commonPool-worker-1] INFO  server.GrpcService (GrpcService.java:closeImpl(311)) - 5e228e04-cf62-4945-aefc-fa5aaa85c140: shutdown server GrpcServerProtocolService now
2023-10-04 17:33:30,155 [5e228e04-cf62-4945-aefc-fa5aaa85c140-impl-thread2] INFO  util.JmxRegister (JmxRegister.java:unregister(73)) - Successfully un-registered JMX Bean with object name Ratis:service=RaftServer,group=group-736B93BFD31D,id=5e228e04-cf62-4945-aefc-fa5aaa85c140
2023-10-04 17:33:30,155 [ForkJoinPool.commonPool-worker-1] INFO  server.GrpcService (GrpcService.java:closeImpl(320)) - 5e228e04-cf62-4945-aefc-fa5aaa85c140: shutdown server GrpcServerProtocolService successfully
2023-10-04 17:33:30,155 [ForkJoinPool.commonPool-worker-1] INFO  server.GrpcService (GrpcService.java:closeImpl(311)) - 5e228e04-cf62-4945-aefc-fa5aaa85c140: shutdown server org.apache.ratis.grpc.server.GrpcAdminProtocolService now
2023-10-04 17:33:30,156 [5e228e04-cf62-4945-aefc-fa5aaa85c140-impl-thread2] INFO  impl.RoleInfo (RoleInfo.java:shutdownLeaderState(93)) - 5e228e04-cf62-4945-aefc-fa5aaa85c140: shutdown 5e228e04-cf62-4945-aefc-fa5aaa85c140@group-736B93BFD31D-LeaderStateImpl
2023-10-04 17:33:30,156 [5e228e04-cf62-4945-aefc-fa5aaa85c140-impl-thread2] INFO  impl.PendingRequests (PendingRequests.java:sendNotLeaderResponses(289)) - 5e228e04-cf62-4945-aefc-fa5aaa85c140@group-736B93BFD31D-PendingRequests: sendNotLeaderResponses
2023-10-04 17:33:30,157 [5e228e04-cf62-4945-aefc-fa5aaa85c140@group-736B93BFD31D-StateMachineUpdater] INFO  ratis.ContainerStateMachine (ContainerStateMachine.java:takeSnapshot(330)) - group-736B93BFD31D: Taking a snapshot at:(t:1, i:0) file /home/runner/work/ozone/ozone/hadoop-ozone/integration-test/target/test-dir/MiniOzoneClusterImpl-1a9f8426-f0b4-4ead-8c34-ee0cd8d78978/datanode-3/data/ratis/911b4a06-7c7e-4ef2-bef8-736b93bfd31d/sm/snapshot.1_0
2023-10-04 17:33:30,157 [5e228e04-cf62-4945-aefc-fa5aaa85c140-impl-thread2] INFO  impl.StateMachineUpdater (StateMachineUpdater.java:stopAndJoin(155)) - 5e228e04-cf62-4945-aefc-fa5aaa85c140@group-736B93BFD31D-StateMachineUpdater: set stopIndex = 0
2023-10-04 17:33:30,162 [ForkJoinPool.commonPool-worker-1] INFO  server.GrpcService (GrpcService.java:closeImpl(320)) - 5e228e04-cf62-4945-aefc-fa5aaa85c140: shutdown server org.apache.ratis.grpc.server.GrpcAdminProtocolService successfully
2023-10-04 17:33:30,162 [5e228e04-cf62-4945-aefc-fa5aaa85c140@group-736B93BFD31D-StateMachineUpdater] INFO  ratis.ContainerStateMachine (ContainerStateMachine.java:takeSnapshot(341)) - group-736B93BFD31D: Finished taking a snapshot at:(t:1, i:0) file:/home/runner/work/ozone/ozone/hadoop-ozone/integration-test/target/test-dir/MiniOzoneClusterImpl-1a9f8426-f0b4-4ead-8c34-ee0cd8d78978/datanode-3/data/ratis/911b4a06-7c7e-4ef2-bef8-736b93bfd31d/sm/snapshot.1_0 took: 5 ms
2023-10-04 17:33:30,162 [5e228e04-cf62-4945-aefc-fa5aaa85c140-NettyServerStreamRpc-bossGroup--thread1] INFO  logging.LoggingHandler (AbstractInternalLogger.java:log(148)) - [id: 0xdc20ece4, L:/0:0:0:0:0:0:0:0:15148] CLOSE
2023-10-04 17:33:30,163 [5e228e04-cf62-4945-aefc-fa5aaa85c140@group-736B93BFD31D-StateMachineUpdater] INFO  impl.StateMachineUpdater (StateMachineUpdater.java:takeSnapshot(291)) - 5e228e04-cf62-4945-aefc-fa5aaa85c140@group-736B93BFD31D-StateMachineUpdater: Took a snapshot at index 0
2023-10-04 17:33:30,163 [5e228e04-cf62-4945-aefc-fa5aaa85c140@group-736B93BFD31D-StateMachineUpdater] INFO  impl.StateMachineUpdater (StateMachineUpdater.java:lambda$new$0(97)) - 5e228e04-cf62-4945-aefc-fa5aaa85c140@group-736B93BFD31D-StateMachineUpdater: snapshotIndex: updateIncreasingly -1 -> 0
2023-10-04 17:33:30,163 [5e228e04-cf62-4945-aefc-fa5aaa85c140-NettyServerStreamRpc-bossGroup--thread1] INFO  logging.LoggingHandler (AbstractInternalLogger.java:log(148)) - [id: 0xdc20ece4, L:/0:0:0:0:0:0:0:0:15148] INACTIVE
2023-10-04 17:33:30,163 [5e228e04-cf62-4945-aefc-fa5aaa85c140-NettyServerStreamRpc-bossGroup--thread1] INFO  logging.LoggingHandler (AbstractInternalLogger.java:log(148)) - [id: 0xdc20ece4, L:/0:0:0:0:0:0:0:0:15148] UNREGISTERED
2023-10-04 17:33:30,163 [5e228e04-cf62-4945-aefc-fa5aaa85c140-impl-thread2] INFO  server.RaftServer$Division (ServerState.java:close(472)) - 5e228e04-cf62-4945-aefc-fa5aaa85c140@group-736B93BFD31D: closes. applyIndex: 0
2023-10-04 17:33:30,859 [d23c53d9-b989-4348-8850-bf4ef4487d70-impl-thread4] INFO  segmented.SegmentedRaftLogWorker (SegmentedRaftLogWorker.java:close(252)) - d23c53d9-b989-4348-8850-bf4ef4487d70@group-797DA2831D72-SegmentedRaftLogWorker close()
2023-10-04 17:33:30,861 [JvmPauseMonitor16] INFO  util.JvmPauseMonitor (JvmPauseMonitor.java:run(109)) - JvmPauseMonitor-d23c53d9-b989-4348-8850-bf4ef4487d70: Stopped
2023-10-04 17:33:30,879 [e56d6440-7293-4017-8843-e114a3ddb5c0-impl-thread4] INFO  segmented.SegmentedRaftLogWorker (SegmentedRaftLogWorker.java:close(252)) - e56d6440-7293-4017-8843-e114a3ddb5c0@group-797DA2831D72-SegmentedRaftLogWorker close()
2023-10-04 17:33:30,880 [ac124e44-4b53-434d-bcce-b5d7b0204421-impl-thread4] INFO  segmented.SegmentedRaftLogWorker (SegmentedRaftLogWorker.java:close(252)) - ac124e44-4b53-434d-bcce-b5d7b0204421@group-797DA2831D72-SegmentedRaftLogWorker close()
2023-10-04 17:33:30,880 [JvmPauseMonitor17] INFO  util.JvmPauseMonitor (JvmPauseMonitor.java:run(109)) - JvmPauseMonitor-e56d6440-7293-4017-8843-e114a3ddb5c0: Stopped
2023-10-04 17:33:30,881 [JvmPauseMonitor18] INFO  util.JvmPauseMonitor (JvmPauseMonitor.java:run(109)) - JvmPauseMonitor-ac124e44-4b53-434d-bcce-b5d7b0204421: Stopped
2023-10-04 17:33:31,101 [5e228e04-cf62-4945-aefc-fa5aaa85c140-impl-thread2] INFO  segmented.SegmentedRaftLogWorker (SegmentedRaftLogWorker.java:close(252)) - 5e228e04-cf62-4945-aefc-fa5aaa85c140@group-736B93BFD31D-SegmentedRaftLogWorker close()
2023-10-04 17:33:31,103 [JvmPauseMonitor19] INFO  util.JvmPauseMonitor (JvmPauseMonitor.java:run(109)) - JvmPauseMonitor-5e228e04-cf62-4945-aefc-fa5aaa85c140: Stopped
2023-10-04 17:33:31,103 [312da513-429c-495f-b386-218bb2e3f38b-impl-thread2] INFO  segmented.SegmentedRaftLogWorker (SegmentedRaftLogWorker.java:close(252)) - 312da513-429c-495f-b386-218bb2e3f38b@group-D4A2FD8B0EB8-SegmentedRaftLogWorker close()
2023-10-04 17:33:31,105 [JvmPauseMonitor20] INFO  util.JvmPauseMonitor (JvmPauseMonitor.java:run(109)) - JvmPauseMonitor-312da513-429c-495f-b386-218bb2e3f38b: Stopped
2023-10-04 17:33:32,864 [ForkJoinPool.commonPool-worker-3] INFO  utils.DatanodeStoreCache (DatanodeStoreCache.java:shutdownCache(110)) - Skip clearing cache in mini cluster mode. Entries left: [/home/runner/work/ozone/ozone/hadoop-ozone/integration-test/target/test-dir/MiniOzoneClusterImpl-1a9f8426-f0b4-4ead-8c34-ee0cd8d78978/datanode-0/data-0/containers/hdds/1a9f8426-f0b4-4ead-8c34-ee0cd8d78978/DS-7cd6c581-7c08-4a1c-9185-840c3822153d/container.db, /home/runner/work/ozone/ozone/hadoop-ozone/integration-test/target/test-dir/MiniOzoneClusterImpl-1a9f8426-f0b4-4ead-8c34-ee0cd8d78978/datanode-1/data-0/containers/hdds/1a9f8426-f0b4-4ead-8c34-ee0cd8d78978/DS-b7232f1e-8169-4235-bfc0-e954ed8b664c/container.db, /home/runner/work/ozone/ozone/hadoop-ozone/integration-test/target/test-dir/MiniOzoneClusterImpl-1a9f8426-f0b4-4ead-8c34-ee0cd8d78978/datanode-2/data-0/containers/hdds/1a9f8426-f0b4-4ead-8c34-ee0cd8d78978/DS-3eaa0b2d-0431-4589-a366-36948417996c/container.db, /home/runner/work/ozone/ozone/hadoop-ozone/integration-test/target/test-dir/MiniOzoneClusterImpl-1a9f8426-f0b4-4ead-8c34-ee0cd8d78978/datanode-3/data-0/containers/hdds/1a9f8426-f0b4-4ead-8c34-ee0cd8d78978/DS-c5a11b2e-4a2b-4762-a613-0b11aa16a256/container.db, /home/runner/work/ozone/ozone/hadoop-ozone/integration-test/target/test-dir/MiniOzoneClusterImpl-1a9f8426-f0b4-4ead-8c34-ee0cd8d78978/datanode-4/data-0/containers/hdds/1a9f8426-f0b4-4ead-8c34-ee0cd8d78978/DS-52e24510-27fa-4aad-84d4-cc673d330adb/container.db]
2023-10-04 17:33:32,870 [ForkJoinPool.commonPool-worker-3] INFO  utils.DatanodeStoreCache (DatanodeStoreCache.java:removeDB(104)) - Removed db /home/runner/work/ozone/ozone/hadoop-ozone/integration-test/target/test-dir/MiniOzoneClusterImpl-1a9f8426-f0b4-4ead-8c34-ee0cd8d78978/datanode-0/data-0/containers/hdds/1a9f8426-f0b4-4ead-8c34-ee0cd8d78978/DS-7cd6c581-7c08-4a1c-9185-840c3822153d/container.db from cache
2023-10-04 17:33:32,870 [ForkJoinPool.commonPool-worker-3] INFO  volume.HddsVolume (HddsVolume.java:closeDbStore(453)) - SchemaV3 db is stopped at /home/runner/work/ozone/ozone/hadoop-ozone/integration-test/target/test-dir/MiniOzoneClusterImpl-1a9f8426-f0b4-4ead-8c34-ee0cd8d78978/datanode-0/data-0/containers/hdds/1a9f8426-f0b4-4ead-8c34-ee0cd8d78978/DS-7cd6c581-7c08-4a1c-9185-840c3822153d/container.db for volume DS-7cd6c581-7c08-4a1c-9185-840c3822153d
2023-10-04 17:33:32,871 [ForkJoinPool.commonPool-worker-3] INFO  utils.BackgroundService (BackgroundService.java:shutdown(141)) - Shutting down service BlockDeletingService
2023-10-04 17:33:32,872 [ForkJoinPool.commonPool-worker-3] INFO  utils.BackgroundService (BackgroundService.java:shutdown(141)) - Shutting down service StaleRecoveringContainerScrubbingService
2023-10-04 17:33:32,875 [ForkJoinPool.commonPool-worker-3] INFO  statemachine.DatanodeStateMachine (DatanodeStateMachine.java:stopDaemon(621)) - Ozone container server stopped.
2023-10-04 17:33:32,884 [main] INFO  utils.DatanodeStoreCache (DatanodeStoreCache.java:shutdownCache(110)) - Skip clearing cache in mini cluster mode. Entries left: [/home/runner/work/ozone/ozone/hadoop-ozone/integration-test/target/test-dir/MiniOzoneClusterImpl-1a9f8426-f0b4-4ead-8c34-ee0cd8d78978/datanode-1/data-0/containers/hdds/1a9f8426-f0b4-4ead-8c34-ee0cd8d78978/DS-b7232f1e-8169-4235-bfc0-e954ed8b664c/container.db, /home/runner/work/ozone/ozone/hadoop-ozone/integration-test/target/test-dir/MiniOzoneClusterImpl-1a9f8426-f0b4-4ead-8c34-ee0cd8d78978/datanode-2/data-0/containers/hdds/1a9f8426-f0b4-4ead-8c34-ee0cd8d78978/DS-3eaa0b2d-0431-4589-a366-36948417996c/container.db, /home/runner/work/ozone/ozone/hadoop-ozone/integration-test/target/test-dir/MiniOzoneClusterImpl-1a9f8426-f0b4-4ead-8c34-ee0cd8d78978/datanode-3/data-0/containers/hdds/1a9f8426-f0b4-4ead-8c34-ee0cd8d78978/DS-c5a11b2e-4a2b-4762-a613-0b11aa16a256/container.db, /home/runner/work/ozone/ozone/hadoop-ozone/integration-test/target/test-dir/MiniOzoneClusterImpl-1a9f8426-f0b4-4ead-8c34-ee0cd8d78978/datanode-4/data-0/containers/hdds/1a9f8426-f0b4-4ead-8c34-ee0cd8d78978/DS-52e24510-27fa-4aad-84d4-cc673d330adb/container.db]
2023-10-04 17:33:32,890 [ForkJoinPool.commonPool-worker-2] INFO  utils.DatanodeStoreCache (DatanodeStoreCache.java:shutdownCache(110)) - Skip clearing cache in mini cluster mode. Entries left: [/home/runner/work/ozone/ozone/hadoop-ozone/integration-test/target/test-dir/MiniOzoneClusterImpl-1a9f8426-f0b4-4ead-8c34-ee0cd8d78978/datanode-1/data-0/containers/hdds/1a9f8426-f0b4-4ead-8c34-ee0cd8d78978/DS-b7232f1e-8169-4235-bfc0-e954ed8b664c/container.db, /home/runner/work/ozone/ozone/hadoop-ozone/integration-test/target/test-dir/MiniOzoneClusterImpl-1a9f8426-f0b4-4ead-8c34-ee0cd8d78978/datanode-3/data-0/containers/hdds/1a9f8426-f0b4-4ead-8c34-ee0cd8d78978/DS-c5a11b2e-4a2b-4762-a613-0b11aa16a256/container.db, /home/runner/work/ozone/ozone/hadoop-ozone/integration-test/target/test-dir/MiniOzoneClusterImpl-1a9f8426-f0b4-4ead-8c34-ee0cd8d78978/datanode-4/data-0/containers/hdds/1a9f8426-f0b4-4ead-8c34-ee0cd8d78978/DS-52e24510-27fa-4aad-84d4-cc673d330adb/container.db]
2023-10-04 17:33:32,891 [main] INFO  utils.DatanodeStoreCache (DatanodeStoreCache.java:removeDB(104)) - Removed db /home/runner/work/ozone/ozone/hadoop-ozone/integration-test/target/test-dir/MiniOzoneClusterImpl-1a9f8426-f0b4-4ead-8c34-ee0cd8d78978/datanode-2/data-0/containers/hdds/1a9f8426-f0b4-4ead-8c34-ee0cd8d78978/DS-3eaa0b2d-0431-4589-a366-36948417996c/container.db from cache
2023-10-04 17:33:32,891 [main] INFO  volume.HddsVolume (HddsVolume.java:closeDbStore(453)) - SchemaV3 db is stopped at /home/runner/work/ozone/ozone/hadoop-ozone/integration-test/target/test-dir/MiniOzoneClusterImpl-1a9f8426-f0b4-4ead-8c34-ee0cd8d78978/datanode-2/data-0/containers/hdds/1a9f8426-f0b4-4ead-8c34-ee0cd8d78978/DS-3eaa0b2d-0431-4589-a366-36948417996c/container.db for volume DS-3eaa0b2d-0431-4589-a366-36948417996c
2023-10-04 17:33:32,891 [main] INFO  utils.BackgroundService (BackgroundService.java:shutdown(141)) - Shutting down service BlockDeletingService
2023-10-04 17:33:32,892 [main] INFO  utils.BackgroundService (BackgroundService.java:shutdown(141)) - Shutting down service StaleRecoveringContainerScrubbingService
2023-10-04 17:33:32,896 [ForkJoinPool.commonPool-worker-2] INFO  utils.DatanodeStoreCache (DatanodeStoreCache.java:removeDB(104)) - Removed db /home/runner/work/ozone/ozone/hadoop-ozone/integration-test/target/test-dir/MiniOzoneClusterImpl-1a9f8426-f0b4-4ead-8c34-ee0cd8d78978/datanode-1/data-0/containers/hdds/1a9f8426-f0b4-4ead-8c34-ee0cd8d78978/DS-b7232f1e-8169-4235-bfc0-e954ed8b664c/container.db from cache
2023-10-04 17:33:32,896 [ForkJoinPool.commonPool-worker-2] INFO  volume.HddsVolume (HddsVolume.java:closeDbStore(453)) - SchemaV3 db is stopped at /home/runner/work/ozone/ozone/hadoop-ozone/integration-test/target/test-dir/MiniOzoneClusterImpl-1a9f8426-f0b4-4ead-8c34-ee0cd8d78978/datanode-1/data-0/containers/hdds/1a9f8426-f0b4-4ead-8c34-ee0cd8d78978/DS-b7232f1e-8169-4235-bfc0-e954ed8b664c/container.db for volume DS-b7232f1e-8169-4235-bfc0-e954ed8b664c
2023-10-04 17:33:32,898 [ForkJoinPool.commonPool-worker-2] INFO  utils.BackgroundService (BackgroundService.java:shutdown(141)) - Shutting down service BlockDeletingService
2023-10-04 17:33:32,898 [main] INFO  statemachine.DatanodeStateMachine (DatanodeStateMachine.java:stopDaemon(621)) - Ozone container server stopped.
2023-10-04 17:33:32,902 [ForkJoinPool.commonPool-worker-2] INFO  utils.BackgroundService (BackgroundService.java:shutdown(141)) - Shutting down service StaleRecoveringContainerScrubbingService
2023-10-04 17:33:32,903 [ForkJoinPool.commonPool-worker-2] INFO  statemachine.DatanodeStateMachine (DatanodeStateMachine.java:stopDaemon(621)) - Ozone container server stopped.
2023-10-04 17:33:32,912 [main] INFO  handler.ContextHandler (ContextHandler.java:doStop(1159)) - Stopped o.e.j.w.WebAppContext@60ba6a66{hddsDatanode,/,null,STOPPED}{jar:file:/home/runner/.m2/repository/org/apache/ozone/hdds-container-service/1.4.0-SNAPSHOT/hdds-container-service-1.4.0-SNAPSHOT.jar!/webapps/hddsDatanode}
2023-10-04 17:33:32,913 [main] INFO  server.AbstractConnector (AbstractConnector.java:doStop(383)) - Stopped ServerConnector@149d4e72{HTTP/1.1, (http/1.1)}{0.0.0.0:15133}
2023-10-04 17:33:32,913 [main] INFO  server.session (HouseKeeper.java:stopScavenging(149)) - node0 Stopped scavenging
2023-10-04 17:33:32,913 [main] INFO  handler.ContextHandler (ContextHandler.java:doStop(1159)) - Stopped o.e.j.s.ServletContextHandler@2e5dab79{static,/static,jar:file:/home/runner/.m2/repository/org/apache/ozone/hdds-container-service/1.4.0-SNAPSHOT/hdds-container-service-1.4.0-SNAPSHOT.jar!/webapps/static,STOPPED}
2023-10-04 17:33:32,914 [main] INFO  handler.ContextHandler (ContextHandler.java:doStop(1159)) - Stopped o.e.j.s.ServletContextHandler@2a5f86c2{logs,/logs,file:///home/runner/work/ozone/ozone/hadoop-ozone/integration-test/target/log,STOPPED}
2023-10-04 17:33:32,915 [main] INFO  ozone.HddsDatanodeClientProtocolServer (HddsDatanodeClientProtocolServer.java:stop(78)) - Stopping the RPC server for Client Protocol
2023-10-04 17:33:32,915 [main] INFO  ipc.Server (Server.java:stop(3523)) - Stopping server on 15134
2023-10-04 17:33:32,915 [IPC Server listener on 15134] INFO  ipc.Server (Server.java:run(1434)) - Stopping IPC Server listener on 15134
2023-10-04 17:33:32,917 [IPC Server Responder] INFO  ipc.Server (Server.java:run(1567)) - Stopping IPC Server Responder
2023-10-04 17:33:32,921 [ForkJoinPool.commonPool-worker-3] INFO  handler.ContextHandler (ContextHandler.java:doStop(1159)) - Stopped o.e.j.w.WebAppContext@4ecaaa44{hddsDatanode,/,null,STOPPED}{jar:file:/home/runner/.m2/repository/org/apache/ozone/hdds-container-service/1.4.0-SNAPSHOT/hdds-container-service-1.4.0-SNAPSHOT.jar!/webapps/hddsDatanode}
2023-10-04 17:33:32,921 [ForkJoinPool.commonPool-worker-3] INFO  server.AbstractConnector (AbstractConnector.java:doStop(383)) - Stopped ServerConnector@1aec6b35{HTTP/1.1, (http/1.1)}{0.0.0.0:15115}
2023-10-04 17:33:32,921 [ForkJoinPool.commonPool-worker-3] INFO  server.session (HouseKeeper.java:stopScavenging(149)) - node0 Stopped scavenging
2023-10-04 17:33:32,924 [ForkJoinPool.commonPool-worker-2] INFO  handler.ContextHandler (ContextHandler.java:doStop(1159)) - Stopped o.e.j.w.WebAppContext@460b75a8{hddsDatanode,/,null,STOPPED}{jar:file:/home/runner/.m2/repository/org/apache/ozone/hdds-container-service/1.4.0-SNAPSHOT/hdds-container-service-1.4.0-SNAPSHOT.jar!/webapps/hddsDatanode}
2023-10-04 17:33:32,924 [ForkJoinPool.commonPool-worker-3] INFO  handler.ContextHandler (ContextHandler.java:doStop(1159)) - Stopped o.e.j.s.ServletContextHandler@67c70197{static,/static,jar:file:/home/runner/.m2/repository/org/apache/ozone/hdds-container-service/1.4.0-SNAPSHOT/hdds-container-service-1.4.0-SNAPSHOT.jar!/webapps/static,STOPPED}
2023-10-04 17:33:32,925 [ForkJoinPool.commonPool-worker-3] INFO  handler.ContextHandler (ContextHandler.java:doStop(1159)) - Stopped o.e.j.s.ServletContextHandler@204108fd{logs,/logs,file:///home/runner/work/ozone/ozone/hadoop-ozone/integration-test/target/log,STOPPED}
2023-10-04 17:33:32,925 [ForkJoinPool.commonPool-worker-2] INFO  server.AbstractConnector (AbstractConnector.java:doStop(383)) - Stopped ServerConnector@77f6b037{HTTP/1.1, (http/1.1)}{0.0.0.0:15124}
2023-10-04 17:33:32,925 [ForkJoinPool.commonPool-worker-2] INFO  server.session (HouseKeeper.java:stopScavenging(149)) - node0 Stopped scavenging
2023-10-04 17:33:32,929 [ForkJoinPool.commonPool-worker-3] INFO  ozone.HddsDatanodeClientProtocolServer (HddsDatanodeClientProtocolServer.java:stop(78)) - Stopping the RPC server for Client Protocol
2023-10-04 17:33:32,929 [ForkJoinPool.commonPool-worker-2] INFO  handler.ContextHandler (ContextHandler.java:doStop(1159)) - Stopped o.e.j.s.ServletContextHandler@7bd8d213{static,/static,jar:file:/home/runner/.m2/repository/org/apache/ozone/hdds-container-service/1.4.0-SNAPSHOT/hdds-container-service-1.4.0-SNAPSHOT.jar!/webapps/static,STOPPED}
2023-10-04 17:33:32,930 [ForkJoinPool.commonPool-worker-3] INFO  ipc.Server (Server.java:stop(3523)) - Stopping server on 15116
2023-10-04 17:33:32,930 [ForkJoinPool.commonPool-worker-2] INFO  handler.ContextHandler (ContextHandler.java:doStop(1159)) - Stopped o.e.j.s.ServletContextHandler@4be9b820{logs,/logs,file:///home/runner/work/ozone/ozone/hadoop-ozone/integration-test/target/log,STOPPED}
2023-10-04 17:33:32,933 [ForkJoinPool.commonPool-worker-2] INFO  ozone.HddsDatanodeClientProtocolServer (HddsDatanodeClientProtocolServer.java:stop(78)) - Stopping the RPC server for Client Protocol
2023-10-04 17:33:32,934 [ForkJoinPool.commonPool-worker-2] INFO  ipc.Server (Server.java:stop(3523)) - Stopping server on 15125
2023-10-04 17:33:32,934 [IPC Server Responder] INFO  ipc.Server (Server.java:run(1567)) - Stopping IPC Server Responder
2023-10-04 17:33:32,934 [IPC Server listener on 15116] INFO  ipc.Server (Server.java:run(1434)) - Stopping IPC Server listener on 15116
2023-10-04 17:33:32,934 [IPC Server listener on 15125] INFO  ipc.Server (Server.java:run(1434)) - Stopping IPC Server listener on 15125
2023-10-04 17:33:32,935 [IPC Server Responder] INFO  ipc.Server (Server.java:run(1567)) - Stopping IPC Server Responder
2023-10-04 17:33:33,106 [ForkJoinPool.commonPool-worker-1] INFO  utils.DatanodeStoreCache (DatanodeStoreCache.java:shutdownCache(110)) - Skip clearing cache in mini cluster mode. Entries left: [/home/runner/work/ozone/ozone/hadoop-ozone/integration-test/target/test-dir/MiniOzoneClusterImpl-1a9f8426-f0b4-4ead-8c34-ee0cd8d78978/datanode-3/data-0/containers/hdds/1a9f8426-f0b4-4ead-8c34-ee0cd8d78978/DS-c5a11b2e-4a2b-4762-a613-0b11aa16a256/container.db, /home/runner/work/ozone/ozone/hadoop-ozone/integration-test/target/test-dir/MiniOzoneClusterImpl-1a9f8426-f0b4-4ead-8c34-ee0cd8d78978/datanode-4/data-0/containers/hdds/1a9f8426-f0b4-4ead-8c34-ee0cd8d78978/DS-52e24510-27fa-4aad-84d4-cc673d330adb/container.db]
2023-10-04 17:33:33,107 [ForkJoinPool.commonPool-worker-1] INFO  utils.DatanodeStoreCache (DatanodeStoreCache.java:removeDB(104)) - Removed db /home/runner/work/ozone/ozone/hadoop-ozone/integration-test/target/test-dir/MiniOzoneClusterImpl-1a9f8426-f0b4-4ead-8c34-ee0cd8d78978/datanode-3/data-0/containers/hdds/1a9f8426-f0b4-4ead-8c34-ee0cd8d78978/DS-c5a11b2e-4a2b-4762-a613-0b11aa16a256/container.db from cache
2023-10-04 17:33:33,107 [ForkJoinPool.commonPool-worker-1] INFO  volume.HddsVolume (HddsVolume.java:closeDbStore(453)) - SchemaV3 db is stopped at /home/runner/work/ozone/ozone/hadoop-ozone/integration-test/target/test-dir/MiniOzoneClusterImpl-1a9f8426-f0b4-4ead-8c34-ee0cd8d78978/datanode-3/data-0/containers/hdds/1a9f8426-f0b4-4ead-8c34-ee0cd8d78978/DS-c5a11b2e-4a2b-4762-a613-0b11aa16a256/container.db for volume DS-c5a11b2e-4a2b-4762-a613-0b11aa16a256
2023-10-04 17:33:33,108 [ForkJoinPool.commonPool-worker-1] INFO  utils.BackgroundService (BackgroundService.java:shutdown(141)) - Shutting down service BlockDeletingService
2023-10-04 17:33:33,109 [ForkJoinPool.commonPool-worker-0] INFO  utils.DatanodeStoreCache (DatanodeStoreCache.java:shutdownCache(110)) - Skip clearing cache in mini cluster mode. Entries left: [/home/runner/work/ozone/ozone/hadoop-ozone/integration-test/target/test-dir/MiniOzoneClusterImpl-1a9f8426-f0b4-4ead-8c34-ee0cd8d78978/datanode-4/data-0/containers/hdds/1a9f8426-f0b4-4ead-8c34-ee0cd8d78978/DS-52e24510-27fa-4aad-84d4-cc673d330adb/container.db]
2023-10-04 17:33:33,110 [ForkJoinPool.commonPool-worker-0] INFO  utils.DatanodeStoreCache (DatanodeStoreCache.java:removeDB(104)) - Removed db /home/runner/work/ozone/ozone/hadoop-ozone/integration-test/target/test-dir/MiniOzoneClusterImpl-1a9f8426-f0b4-4ead-8c34-ee0cd8d78978/datanode-4/data-0/containers/hdds/1a9f8426-f0b4-4ead-8c34-ee0cd8d78978/DS-52e24510-27fa-4aad-84d4-cc673d330adb/container.db from cache
2023-10-04 17:33:33,110 [ForkJoinPool.commonPool-worker-0] INFO  volume.HddsVolume (HddsVolume.java:closeDbStore(453)) - SchemaV3 db is stopped at /home/runner/work/ozone/ozone/hadoop-ozone/integration-test/target/test-dir/MiniOzoneClusterImpl-1a9f8426-f0b4-4ead-8c34-ee0cd8d78978/datanode-4/data-0/containers/hdds/1a9f8426-f0b4-4ead-8c34-ee0cd8d78978/DS-52e24510-27fa-4aad-84d4-cc673d330adb/container.db for volume DS-52e24510-27fa-4aad-84d4-cc673d330adb
2023-10-04 17:33:33,110 [ForkJoinPool.commonPool-worker-1] INFO  utils.BackgroundService (BackgroundService.java:shutdown(141)) - Shutting down service StaleRecoveringContainerScrubbingService
2023-10-04 17:33:33,110 [ForkJoinPool.commonPool-worker-0] INFO  utils.BackgroundService (BackgroundService.java:shutdown(141)) - Shutting down service BlockDeletingService
2023-10-04 17:33:33,110 [ForkJoinPool.commonPool-worker-0] INFO  utils.BackgroundService (BackgroundService.java:shutdown(141)) - Shutting down service StaleRecoveringContainerScrubbingService
2023-10-04 17:33:33,111 [ForkJoinPool.commonPool-worker-1] INFO  statemachine.DatanodeStateMachine (DatanodeStateMachine.java:stopDaemon(621)) - Ozone container server stopped.
2023-10-04 17:33:33,112 [ForkJoinPool.commonPool-worker-0] INFO  statemachine.DatanodeStateMachine (DatanodeStateMachine.java:stopDaemon(621)) - Ozone container server stopped.
2023-10-04 17:33:33,130 [ForkJoinPool.commonPool-worker-0] INFO  handler.ContextHandler (ContextHandler.java:doStop(1159)) - Stopped o.e.j.w.WebAppContext@57ba5be{hddsDatanode,/,null,STOPPED}{jar:file:/home/runner/.m2/repository/org/apache/ozone/hdds-container-service/1.4.0-SNAPSHOT/hdds-container-service-1.4.0-SNAPSHOT.jar!/webapps/hddsDatanode}
2023-10-04 17:33:33,130 [ForkJoinPool.commonPool-worker-0] INFO  server.AbstractConnector (AbstractConnector.java:doStop(383)) - Stopped ServerConnector@49f2736{HTTP/1.1, (http/1.1)}{0.0.0.0:15151}
2023-10-04 17:33:33,130 [ForkJoinPool.commonPool-worker-0] INFO  server.session (HouseKeeper.java:stopScavenging(149)) - node0 Stopped scavenging
2023-10-04 17:33:33,131 [ForkJoinPool.commonPool-worker-0] INFO  handler.ContextHandler (ContextHandler.java:doStop(1159)) - Stopped o.e.j.s.ServletContextHandler@6d0a7e80{static,/static,jar:file:/home/runner/.m2/repository/org/apache/ozone/hdds-container-service/1.4.0-SNAPSHOT/hdds-container-service-1.4.0-SNAPSHOT.jar!/webapps/static,STOPPED}
2023-10-04 17:33:33,132 [ForkJoinPool.commonPool-worker-0] INFO  handler.ContextHandler (ContextHandler.java:doStop(1159)) - Stopped o.e.j.s.ServletContextHandler@76a852d6{logs,/logs,file:///home/runner/work/ozone/ozone/hadoop-ozone/integration-test/target/log,STOPPED}
2023-10-04 17:33:33,132 [ForkJoinPool.commonPool-worker-0] INFO  ozone.HddsDatanodeClientProtocolServer (HddsDatanodeClientProtocolServer.java:stop(78)) - Stopping the RPC server for Client Protocol
2023-10-04 17:33:33,134 [ForkJoinPool.commonPool-worker-0] INFO  ipc.Server (Server.java:stop(3523)) - Stopping server on 15152
2023-10-04 17:33:33,134 [IPC Server listener on 15152] INFO  ipc.Server (Server.java:run(1434)) - Stopping IPC Server listener on 15152
2023-10-04 17:33:33,134 [IPC Server Responder] INFO  ipc.Server (Server.java:run(1567)) - Stopping IPC Server Responder
2023-10-04 17:33:33,135 [ForkJoinPool.commonPool-worker-1] INFO  handler.ContextHandler (ContextHandler.java:doStop(1159)) - Stopped o.e.j.w.WebAppContext@57dba9bf{hddsDatanode,/,null,STOPPED}{jar:file:/home/runner/.m2/repository/org/apache/ozone/hdds-container-service/1.4.0-SNAPSHOT/hdds-container-service-1.4.0-SNAPSHOT.jar!/webapps/hddsDatanode}
2023-10-04 17:33:33,136 [ForkJoinPool.commonPool-worker-1] INFO  server.AbstractConnector (AbstractConnector.java:doStop(383)) - Stopped ServerConnector@6edd90b5{HTTP/1.1, (http/1.1)}{0.0.0.0:15142}
2023-10-04 17:33:33,136 [ForkJoinPool.commonPool-worker-1] INFO  server.session (HouseKeeper.java:stopScavenging(149)) - node0 Stopped scavenging
2023-10-04 17:33:33,136 [ForkJoinPool.commonPool-worker-1] INFO  handler.ContextHandler (ContextHandler.java:doStop(1159)) - Stopped o.e.j.s.ServletContextHandler@87ada05{static,/static,jar:file:/home/runner/.m2/repository/org/apache/ozone/hdds-container-service/1.4.0-SNAPSHOT/hdds-container-service-1.4.0-SNAPSHOT.jar!/webapps/static,STOPPED}
2023-10-04 17:33:33,137 [ForkJoinPool.commonPool-worker-1] INFO  handler.ContextHandler (ContextHandler.java:doStop(1159)) - Stopped o.e.j.s.ServletContextHandler@148bee95{logs,/logs,file:///home/runner/work/ozone/ozone/hadoop-ozone/integration-test/target/log,STOPPED}
2023-10-04 17:33:33,139 [ForkJoinPool.commonPool-worker-1] INFO  ozone.HddsDatanodeClientProtocolServer (HddsDatanodeClientProtocolServer.java:stop(78)) - Stopping the RPC server for Client Protocol
2023-10-04 17:33:33,139 [ForkJoinPool.commonPool-worker-1] INFO  ipc.Server (Server.java:stop(3523)) - Stopping server on 15143
2023-10-04 17:33:33,139 [IPC Server listener on 15143] INFO  ipc.Server (Server.java:run(1434)) - Stopping IPC Server listener on 15143
2023-10-04 17:33:33,140 [IPC Server Responder] INFO  ipc.Server (Server.java:run(1567)) - Stopping IPC Server Responder
2023-10-04 17:33:33,140 [main] INFO  ozone.MiniOzoneClusterImpl (MiniOzoneClusterImpl.java:stopSCM(548)) - Stopping the StorageContainerManager
2023-10-04 17:33:33,140 [main] INFO  server.StorageContainerManager (StorageContainerManager.java:stop(1591)) - Container Balancer is not running.
2023-10-04 17:33:33,141 [main] INFO  server.StorageContainerManager (StorageContainerManager.java:stopReplicationManager(1724)) - Stopping Replication Manager Service.
2023-10-04 17:33:33,141 [main] INFO  replication.ReplicationManager (ReplicationManager.java:stop(323)) - Stopping Replication Monitor Thread.
2023-10-04 17:33:33,141 [main] INFO  server.StorageContainerManager (StorageContainerManager.java:stop(1600)) - Stopping the Datanode Admin Monitor.
2023-10-04 17:33:33,141 [Over Replicated Processor] WARN  replication.UnhealthyReplicationProcessor (UnhealthyReplicationProcessor.java:run(180)) - Over Replicated Processor interrupted. Exiting...
2023-10-04 17:33:33,141 [ReplicationMonitor] INFO  replication.ReplicationManager (ReplicationManager.java:run(921)) - Replication Monitor Thread is stopped
2023-10-04 17:33:33,141 [Under Replicated Processor] WARN  replication.UnhealthyReplicationProcessor (UnhealthyReplicationProcessor.java:run(180)) - Under Replicated Processor interrupted. Exiting...
2023-10-04 17:33:33,141 [main] INFO  server.StorageContainerManager (StorageContainerManager.java:stop(1607)) - Stopping datanode service RPC server
2023-10-04 17:33:33,141 [main] INFO  server.SCMDatanodeProtocolServer (SCMDatanodeProtocolServer.java:stop(424)) - Stopping the RPC server for DataNodes
2023-10-04 17:33:33,141 [main] INFO  ipc.Server (Server.java:stop(3523)) - Stopping server on 15108
2023-10-04 17:33:33,149 [IPC Server listener on 15108] INFO  ipc.Server (Server.java:run(1434)) - Stopping IPC Server listener on 15108
2023-10-04 17:33:33,149 [IPC Server Responder] INFO  ipc.Server (Server.java:run(1567)) - Stopping IPC Server Responder
2023-10-04 17:33:33,239 [SCM Heartbeat Processing Thread - 0] WARN  node.NodeStateManager (NodeStateManager.java:scheduleNextHealthCheck(874)) - Current Thread is interrupted, shutting down HB processing thread for Node Manager.
2023-10-04 17:33:33,239 [main] INFO  server.StorageContainerManager (StorageContainerManager.java:stop(1615)) - Stopping block service RPC server
2023-10-04 17:33:33,239 [main] INFO  server.SCMBlockProtocolServer (SCMBlockProtocolServer.java:stop(163)) - Stopping the RPC server for Block Protocol
2023-10-04 17:33:33,239 [main] INFO  ipc.Server (Server.java:stop(3523)) - Stopping server on 15107
2023-10-04 17:33:33,244 [IPC Server listener on 15107] INFO  ipc.Server (Server.java:run(1434)) - Stopping IPC Server listener on 15107
2023-10-04 17:33:33,244 [IPC Server Responder] INFO  ipc.Server (Server.java:run(1567)) - Stopping IPC Server Responder
2023-10-04 17:33:33,244 [main] INFO  server.StorageContainerManager (StorageContainerManager.java:stop(1622)) - Stopping the StorageContainerLocationProtocol RPC server
2023-10-04 17:33:33,245 [main] INFO  server.SCMClientProtocolServer (SCMClientProtocolServer.java:stop(210)) - Stopping the RPC server for Client Protocol
2023-10-04 17:33:33,245 [main] INFO  ipc.Server (Server.java:stop(3523)) - Stopping server on 15106
2023-10-04 17:33:33,245 [IPC Server listener on 15106] INFO  ipc.Server (Server.java:run(1434)) - Stopping IPC Server listener on 15106
2023-10-04 17:33:33,247 [IPC Server Responder] INFO  ipc.Server (Server.java:run(1567)) - Stopping IPC Server Responder
2023-10-04 17:33:33,248 [main] INFO  server.StorageContainerManager (StorageContainerManager.java:stop(1629)) - Stopping Storage Container Manager HTTP server.
2023-10-04 17:33:33,248 [main] INFO  handler.ContextHandler (ContextHandler.java:doStop(1159)) - Stopped o.e.j.w.WebAppContext@581494{scm,/,null,STOPPED}{file:/home/runner/work/ozone/ozone/hadoop-ozone/integration-test/target/test-classes/webapps/scm}
2023-10-04 17:33:33,250 [main] INFO  server.AbstractConnector (AbstractConnector.java:doStop(383)) - Stopped ServerConnector@59f08b80{HTTP/1.1, (http/1.1)}{0.0.0.0:15109}
2023-10-04 17:33:33,250 [main] INFO  server.session (HouseKeeper.java:stopScavenging(149)) - node0 Stopped scavenging
2023-10-04 17:33:33,250 [main] INFO  handler.ContextHandler (ContextHandler.java:doStop(1159)) - Stopped o.e.j.s.ServletContextHandler@5d9fd483{static,/static,file:///home/runner/work/ozone/ozone/hadoop-ozone/integration-test/target/test-classes/webapps/static,STOPPED}
2023-10-04 17:33:33,250 [main] INFO  handler.ContextHandler (ContextHandler.java:doStop(1159)) - Stopped o.e.j.s.ServletContextHandler@7f55b4d3{logs,/logs,file:///home/runner/work/ozone/ozone/hadoop-ozone/integration-test/target/log,STOPPED}
2023-10-04 17:33:33,252 [main] INFO  server.StorageContainerManager (StorageContainerManager.java:stop(1637)) - Stopping SCM LayoutVersionManager Service.
2023-10-04 17:33:33,252 [main] INFO  server.StorageContainerManager (StorageContainerManager.java:stop(1649)) - Stopping Block Manager Service.
2023-10-04 17:33:33,252 [main] INFO  utils.BackgroundService (BackgroundService.java:shutdown(141)) - Shutting down service SCMBlockDeletingService
2023-10-04 17:33:33,252 [main] INFO  utils.BackgroundService (BackgroundService.java:shutdown(141)) - Shutting down service SCMBlockDeletingService
2023-10-04 17:33:33,252 [main] INFO  server.StorageContainerManager (StorageContainerManager.java:stop(1669)) - Stopping SCM Event Queue.
2023-10-04 17:33:33,253 [JvmPauseMonitor14] INFO  util.JvmPauseMonitor (JvmPauseMonitor.java:run(109)) - JvmPauseMonitor-df360eb4-b639-4961-97fd-60003646c8ff: Stopped
2023-10-04 17:33:33,253 [main] INFO  server.StorageContainerManager (StorageContainerManager.java:stop(1680)) - Stopping SCM HA services.
2023-10-04 17:33:33,254 [main] INFO  pipeline.BackgroundPipelineCreator (BackgroundPipelineCreator.java:stop(149)) - Stopping RatisPipelineUtilsThread.
2023-10-04 17:33:33,254 [RatisPipelineUtilsThread - 0] WARN  pipeline.BackgroundPipelineCreator (BackgroundPipelineCreator.java:run(180)) - RatisPipelineUtilsThread is interrupted.
2023-10-04 17:33:33,254 [main] INFO  BackgroundPipelineScrubber (BackgroundSCMService.java:stop(131)) - Stopping BackgroundPipelineScrubber Service.
2023-10-04 17:33:33,254 [BackgroundPipelineScrubberThread] WARN  BackgroundPipelineScrubber (BackgroundSCMService.java:run(115)) - BackgroundPipelineScrubber is interrupted, exit
2023-10-04 17:33:33,254 [main] INFO  impl.MetricsSystemImpl (MetricsSystemImpl.java:stop(210)) - Stopping HddsDatanode metrics system...
2023-10-04 17:33:33,255 [prometheus] INFO  impl.MetricsSinkAdapter (MetricsSinkAdapter.java:publishMetricsFromQueue(141)) - prometheus thread interrupted.
2023-10-04 17:33:33,262 [main] INFO  impl.MetricsSystemImpl (MetricsSystemImpl.java:stop(216)) - HddsDatanode metrics system stopped.
2023-10-04 17:33:33,262 [main] WARN  pipeline.BackgroundPipelineCreator (BackgroundPipelineCreator.java:stop(145)) - RatisPipelineUtilsThread is not running, just ignore.
2023-10-04 17:33:33,262 [main] INFO  BackgroundPipelineScrubber (BackgroundSCMService.java:stop(126)) - BackgroundPipelineScrubber Service is not running, skip stop.
2023-10-04 17:33:33,262 [main] INFO  ExpiredContainerReplicaOpScrubber (BackgroundSCMService.java:stop(131)) - Stopping ExpiredContainerReplicaOpScrubber Service.
2023-10-04 17:33:33,262 [main] INFO  utils.BackgroundService (BackgroundService.java:shutdown(141)) - Shutting down service SCMBlockDeletingService
2023-10-04 17:33:33,262 [main] INFO  replication.ReplicationManager (ReplicationManager.java:stop(333)) - Replication Monitor Thread is not running.
2023-10-04 17:33:33,262 [main] WARN  balancer.ContainerBalancer (ContainerBalancer.java:stop(326)) - Cannot stop Container Balancer because it's not running or stopping
2023-10-04 17:33:33,263 [Lease Manager-LeaseManager#LeaseMonitor] WARN  lease.LeaseManager (LeaseManager.java:run(287)) - Lease manager is interrupted. Shutting down...
java.lang.InterruptedException
	at java.util.concurrent.locks.AbstractQueuedSynchronizer.doAcquireSharedNanos(AbstractQueuedSynchronizer.java:1039)
	at java.util.concurrent.locks.AbstractQueuedSynchronizer.tryAcquireSharedNanos(AbstractQueuedSynchronizer.java:1328)
	at java.util.concurrent.Semaphore.tryAcquire(Semaphore.java:409)
	at org.apache.hadoop.ozone.lease.LeaseManager$LeaseMonitor.run(LeaseManager.java:285)
	at java.lang.Thread.run(Thread.java:750)
2023-10-04 17:33:33,263 [ExpiredContainerReplicaOpScrubberThread] WARN  ExpiredContainerReplicaOpScrubber (BackgroundSCMService.java:run(115)) - ExpiredContainerReplicaOpScrubber is interrupted, exit
2023-10-04 17:33:33,263 [main] INFO  server.StorageContainerManager (StorageContainerManager.java:stop(1715)) - Stopping SCM MetadataStore.
2023-10-04 17:33:33,299 [main] INFO  db.CodecTestUtil (CodecTestUtil.java:gc(47)) - gc 0
2023-10-04 17:33:33,969 [main] WARN  server.ServerUtils (ServerUtils.java:getScmDbDir(155)) - ozone.scm.db.dirs is not configured. We recommend adding this setting. Falling back to ozone.metadata.dirs instead.
2023-10-04 17:33:33,980 [main] WARN  server.ServerUtils (ServerUtils.java:getScmDbDir(155)) - ozone.scm.db.dirs is not configured. We recommend adding this setting. Falling back to ozone.metadata.dirs instead.
2023-10-04 17:33:33,980 [main] INFO  ha.SCMHANodeDetails (SCMHANodeDetails.java:loadSCMHAConfig(210)) - ServiceID for StorageContainerManager is null
2023-10-04 17:33:33,981 [main] INFO  ha.SCMHANodeDetails (SCMHANodeDetails.java:loadSCMHAConfig(215)) - ozone.scm.default.service.id is not defined, falling back to ozone.scm.service.ids to find serviceID for StorageContainerManager if it is HA enabled cluster
2023-10-04 17:33:33,981 [main] WARN  utils.HAUtils (HAUtils.java:getMetaDir(339)) - ozone.scm.db.dirs is not configured. We recommend adding this setting. Falling back to ozone.metadata.dirs instead.
2023-10-04 17:33:33,982 [main] WARN  db.DBStoreBuilder (DBStoreBuilder.java:applyDBDefinition(166)) - ozone.scm.db.dirs is not configured. We recommend adding this setting. Falling back to ozone.metadata.dirs instead.
2023-10-04 17:33:34,114 [main] INFO  net.NodeSchemaLoader (NodeSchemaLoader.java:loadSchemaFromFile(129)) - Loading schema from [jar:file:/home/runner/.m2/repository/org/apache/ozone/hdds-common/1.4.0-SNAPSHOT/hdds-common-1.4.0-SNAPSHOT.jar!/network-topology-default.xml]
2023-10-04 17:33:34,115 [main] INFO  net.NodeSchemaLoader (NodeSchemaLoader.java:loadSchema(176)) - Loading network topology layer schema file
2023-10-04 17:33:34,121 [main] INFO  upgrade.AbstractLayoutVersionManager (AbstractLayoutVersionManager.java:init(83)) - Initializing Layout version manager with metadata layout = HADOOP_PRC_PORTS_IN_DATANODEDETAILS (version = 7), software layout = HADOOP_PRC_PORTS_IN_DATANODEDETAILS (version = 7)
2023-10-04 17:33:34,124 [main] INFO  ha.SequenceIdGenerator (SequenceIdGenerator.java:upgradeToSequenceId(365)) - upgrade localId to 111677748019200000
2023-10-04 17:33:34,125 [main] INFO  ha.SequenceIdGenerator (SequenceIdGenerator.java:upgradeToSequenceId(375)) - upgrade delTxnId to 0
2023-10-04 17:33:34,125 [main] INFO  ha.SequenceIdGenerator (SequenceIdGenerator.java:upgradeToSequenceId(392)) - upgrade containerId to 0
2023-10-04 17:33:34,126 [main] INFO  ha.SequenceIdGenerator (SequenceIdGenerator.java:upgradeToSequenceId(428)) - upgrade rootCertificateId to 1
2023-10-04 17:33:34,126 [main] INFO  ha.SequenceIdGenerator (SequenceIdGenerator.java:<init>(236)) - Init the HA SequenceIdGenerator.
2023-10-04 17:33:34,127 [main] WARN  server.ServerUtils (ServerUtils.java:sanitizeUserArgs(80)) - ozone.scm.stale.node.interval value = 300000 is larger than max = 100000 based on the key value of ozone.scm.heartbeat.thread.interval, reset to the max value 100000.
2023-10-04 17:33:34,127 [main] WARN  server.ServerUtils (ServerUtils.java:sanitizeUserArgs(80)) - ozone.scm.stale.node.interval value = 300000 is larger than max = 100000 based on the key value of ozone.scm.heartbeat.thread.interval, reset to the max value 100000.
2023-10-04 17:33:34,130 [main] INFO  node.SCMNodeManager (SCMNodeManager.java:<init>(157)) - Entering startup safe mode.
2023-10-04 17:33:34,132 [main] INFO  algorithms.ContainerPlacementPolicyFactory (ContainerPlacementPolicyFactory.java:getPolicyInternal(86)) - Create container placement policy of type org.apache.hadoop.hdds.scm.container.placement.algorithms.SCMContainerPlacementRackAware
2023-10-04 17:33:34,132 [main] INFO  algorithms.ContainerPlacementPolicyFactory (ContainerPlacementPolicyFactory.java:getPolicyInternal(86)) - Create container placement policy of type org.apache.hadoop.hdds.scm.container.placement.algorithms.SCMContainerPlacementRackScatter
2023-10-04 17:33:34,133 [main] INFO  pipeline.PipelineStateManagerImpl (PipelineStateManagerImpl.java:initialize(78)) - No pipeline exists in current db
2023-10-04 17:33:34,133 [main] INFO  algorithms.LeaderChoosePolicyFactory (LeaderChoosePolicyFactory.java:getPolicy(57)) - Create leader choose policy of type org.apache.hadoop.hdds.scm.pipeline.leader.choose.algorithms.MinLeaderCountChoosePolicy
2023-10-04 17:33:34,133 [main] INFO  algorithms.ContainerPlacementPolicyFactory (ContainerPlacementPolicyFactory.java:getPolicyInternal(86)) - Create container placement policy of type org.apache.hadoop.hdds.scm.container.placement.algorithms.SCMContainerPlacementRackScatter
2023-10-04 17:33:34,133 [main] INFO  ha.SCMServiceManager (SCMServiceManager.java:register(42)) - Registering service BackgroundPipelineCreator.
2023-10-04 17:33:34,133 [main] INFO  pipeline.BackgroundPipelineCreator (BackgroundPipelineCreator.java:start(124)) - Starting RatisPipelineUtilsThread.
2023-10-04 17:33:34,134 [main] INFO  BackgroundPipelineScrubber (BackgroundSCMService.java:start(68)) - Starting BackgroundPipelineScrubber Service.
2023-10-04 17:33:34,134 [main] INFO  ha.SCMServiceManager (SCMServiceManager.java:register(42)) - Registering service BackgroundPipelineScrubber.
2023-10-04 17:33:34,134 [main] INFO  ExpiredContainerReplicaOpScrubber (BackgroundSCMService.java:start(68)) - Starting ExpiredContainerReplicaOpScrubber Service.
2023-10-04 17:33:34,135 [main] INFO  ha.SCMServiceManager (SCMServiceManager.java:register(42)) - Registering service ExpiredContainerReplicaOpScrubber.
2023-10-04 17:33:34,136 [main] INFO  algorithms.PipelineChoosePolicyFactory (PipelineChoosePolicyFactory.java:createPipelineChoosePolicyFromClass(78)) - Create pipeline choose policy of type org.apache.hadoop.hdds.scm.pipeline.choose.algorithms.RandomPipelineChoosePolicy
2023-10-04 17:33:34,136 [main] INFO  algorithms.PipelineChoosePolicyFactory (PipelineChoosePolicyFactory.java:createPipelineChoosePolicyFromClass(78)) - Create pipeline choose policy of type org.apache.hadoop.hdds.scm.pipeline.choose.algorithms.RandomPipelineChoosePolicy
2023-10-04 17:33:34,136 [main] INFO  ha.SCMServiceManager (SCMServiceManager.java:register(42)) - Registering service SCMBlockDeletingService.
2023-10-04 17:33:34,137 [main] INFO  replication.ReplicationManager (ReplicationManager.java:start(291)) - Starting Replication Monitor Thread.
2023-10-04 17:33:34,142 [ReplicationMonitor] INFO  replication.ReplicationManager (ReplicationManager.java:processAll(365)) - Replication Manager is not ready to run until 3000ms after safemode exit
2023-10-04 17:33:34,142 [main] INFO  ha.SCMServiceManager (SCMServiceManager.java:register(42)) - Registering service ReplicationManager.
2023-10-04 17:33:34,142 [main] INFO  safemode.ContainerSafeModeRule (ContainerSafeModeRule.java:<init>(90)) - containers with one replica threshold count 0
2023-10-04 17:33:34,142 [main] INFO  safemode.HealthyPipelineSafeModeRule (HealthyPipelineSafeModeRule.java:initializeRule(169)) - Total pipeline count is 0, healthy pipeline threshold count is 1
2023-10-04 17:33:34,143 [main] INFO  safemode.OneReplicaPipelineSafeModeRule (OneReplicaPipelineSafeModeRule.java:initializeRule(180)) - Total pipeline count is 0, pipeline's with at least one datanode reported threshold count is 0
2023-10-04 17:33:34,143 [main] INFO  server.StorageContainerManager (StorageContainerManager.java:<init>(425)) - SCM start with adminUsers: [runner]
2023-10-04 17:33:34,144 [main] INFO  ipc.CallQueueManager (CallQueueManager.java:<init>(90)) - Using callQueue: class java.util.concurrent.LinkedBlockingQueue, queueCapacity: 2000, scheduler: class org.apache.hadoop.ipc.DefaultRpcScheduler, ipcBackoff: false.
2023-10-04 17:33:34,144 [main] INFO  ipc.Server (Server.java:<init>(1287)) - Listener at 0.0.0.0:15161
2023-10-04 17:33:34,144 [Socket Reader #1 for port 15161] INFO  ipc.Server (Server.java:run(1323)) - Starting Socket Reader #1 for port 15161
2023-10-04 17:33:34,146 [main] INFO  ipc.CallQueueManager (CallQueueManager.java:<init>(90)) - Using callQueue: class java.util.concurrent.LinkedBlockingQueue, queueCapacity: 2000, scheduler: class org.apache.hadoop.ipc.DefaultRpcScheduler, ipcBackoff: false.
2023-10-04 17:33:34,146 [main] INFO  ipc.Server (Server.java:<init>(1287)) - Listener at 0.0.0.0:15160
2023-10-04 17:33:34,147 [Socket Reader #1 for port 15160] INFO  ipc.Server (Server.java:run(1323)) - Starting Socket Reader #1 for port 15160
2023-10-04 17:33:34,148 [main] INFO  ipc.CallQueueManager (CallQueueManager.java:<init>(90)) - Using callQueue: class java.util.concurrent.LinkedBlockingQueue, queueCapacity: 2000, scheduler: class org.apache.hadoop.ipc.DefaultRpcScheduler, ipcBackoff: false.
2023-10-04 17:33:34,148 [main] INFO  ipc.Server (Server.java:<init>(1287)) - Listener at 0.0.0.0:15159
2023-10-04 17:33:34,148 [Socket Reader #1 for port 15159] INFO  ipc.Server (Server.java:run(1323)) - Starting Socket Reader #1 for port 15159
2023-10-04 17:33:34,157 [main] INFO  ha.SCMServiceManager (SCMServiceManager.java:register(42)) - Registering service ContainerBalancer.
2023-10-04 17:33:34,157 [main] INFO  server.StorageContainerManager (StorageContainerManager.java:<init>(438)) - 
Container Balancer status:
Key                            Value
Running                        false
Container Balancer Configuration values:
Key                                                Value
Threshold                                          10
Max Datanodes to Involve per Iteration(percent)    20
Max Size to Move per Iteration                     500GB
Max Size Entering Target per Iteration             26GB
Max Size Leaving Source per Iteration              26GB
Number of Iterations                               10
Time Limit for Single Container's Movement         65min
Time Limit for Single Container's Replication      50min
Interval between each Iteration                    70min
Whether to Enable Network Topology                 false
Whether to Trigger Refresh Datanode Usage Info     false
Container IDs to Exclude from Balancing            None
Datanodes Specified to be Balanced                 None
Datanodes Excluded from Balancing                  None

2023-10-04 17:33:34,157 [main] INFO  ha.SCMContext (SCMContext.java:updateSafeModeStatus(228)) - Update SafeModeStatus from SafeModeStatus{safeModeStatus=true, preCheckPassed=false} to SafeModeStatus{safeModeStatus=true, preCheckPassed=false}.
2023-10-04 17:33:34,159 [main] INFO  server.StorageContainerManager (StorageContainerManager.java:start(1483)) - StorageContainerLocationProtocol RPC server is listening at /0.0.0.0:15159
2023-10-04 17:33:34,165 [main] WARN  impl.MetricsConfig (MetricsConfig.java:loadFirst(136)) - Cannot locate configuration: tried hadoop-metrics2-storagecontainermanager.properties,hadoop-metrics2.properties
2023-10-04 17:33:34,166 [main] INFO  impl.MetricsSystemImpl (MetricsSystemImpl.java:startTimer(378)) - Scheduled Metric snapshot period at 10 second(s).
2023-10-04 17:33:34,166 [main] INFO  impl.MetricsSystemImpl (MetricsSystemImpl.java:start(191)) - StorageContainerManager metrics system started
2023-10-04 17:33:34,177 [main] INFO  impl.MetricsSinkAdapter (MetricsSinkAdapter.java:start(204)) - Sink prometheus started
2023-10-04 17:33:34,177 [main] INFO  impl.MetricsSystemImpl (MetricsSystemImpl.java:registerSink(305)) - Registered sink prometheus
2023-10-04 17:33:34,202 [main] INFO  server.SCMClientProtocolServer (SCMClientProtocolServer.java:start(201)) - RPC server for Client  is listening at /0.0.0.0:15159
2023-10-04 17:33:34,210 [IPC Server Responder] INFO  ipc.Server (Server.java:run(1562)) - IPC Server Responder: starting
2023-10-04 17:33:34,215 [IPC Server listener on 15159] INFO  ipc.Server (Server.java:run(1402)) - IPC Server listener on 15159: starting
2023-10-04 17:33:34,227 [main] INFO  server.StorageContainerManager (StorageContainerManager.java:start(1496)) - ScmBlockLocationProtocol RPC server is listening at /0.0.0.0:15160
2023-10-04 17:33:34,227 [main] INFO  server.SCMBlockProtocolServer (SCMBlockProtocolServer.java:start(154)) - RPC server for Block Protocol is listening at /0.0.0.0:15160
2023-10-04 17:33:34,228 [IPC Server Responder] INFO  ipc.Server (Server.java:run(1562)) - IPC Server Responder: starting
2023-10-04 17:33:34,228 [IPC Server listener on 15160] INFO  ipc.Server (Server.java:run(1402)) - IPC Server listener on 15160: starting
2023-10-04 17:33:34,231 [main] INFO  server.SCMDatanodeProtocolServer (SCMDatanodeProtocolServer.java:start(193)) - ScmDatanodeProtocol RPC server for DataNodes is listening at /0.0.0.0:15161
2023-10-04 17:33:34,231 [IPC Server Responder] INFO  ipc.Server (Server.java:run(1562)) - IPC Server Responder: starting
2023-10-04 17:33:34,232 [IPC Server listener on 15161] INFO  ipc.Server (Server.java:run(1402)) - IPC Server listener on 15161: starting
2023-10-04 17:33:34,241 [main] INFO  http.BaseHttpServer (BaseHttpServer.java:newHttpServer2BuilderForOzone(223)) - Starting Web-server for scm at: http://0.0.0.0:15162
2023-10-04 17:33:34,241 [main] INFO  http.BaseHttpServer (BaseHttpServer.java:<init>(110)) - Hadoop Security Enabled: false Ozone Security Enabled: false Ozone HTTP Security Enabled: false 
2023-10-04 17:33:34,242 [main] WARN  server.AuthenticationFilter (AuthenticationFilter.java:constructSecretProvider(240)) - Unable to initialize FileSignerSecretProvider, falling back to use random secrets. Reason: Could not read signature secret file: /home/runner/hadoop-http-auth-signature-secret
2023-10-04 17:33:34,243 [JvmPauseMonitor21] INFO  util.JvmPauseMonitor (JvmPauseMonitor.java:run(103)) - JvmPauseMonitor-4c0c2b62-c237-4c29-aadd-e50257183ef8: Started
2023-10-04 17:33:34,244 [main] INFO  http.HttpRequestLog (HttpRequestLog.java:getRequestLog(86)) - Http request log for http.requests.scm is not defined
2023-10-04 17:33:34,245 [main] INFO  http.HttpServer2 (HttpServer2.java:addGlobalFilter(1031)) - Added global filter 'safety' (class=org.apache.hadoop.hdds.server.http.HttpServer2$QuotingInputFilter)
2023-10-04 17:33:34,245 [main] INFO  http.HttpServer2 (HttpServer2.java:addFilter(1007)) - Added filter static_user_filter (class=org.apache.hadoop.http.lib.StaticUserWebFilter$StaticUserFilter) to context scm
2023-10-04 17:33:34,246 [main] INFO  http.HttpServer2 (HttpServer2.java:addFilter(1015)) - Added filter static_user_filter (class=org.apache.hadoop.http.lib.StaticUserWebFilter$StaticUserFilter) to context logs
2023-10-04 17:33:34,246 [main] INFO  http.HttpServer2 (HttpServer2.java:addFilter(1015)) - Added filter static_user_filter (class=org.apache.hadoop.http.lib.StaticUserWebFilter$StaticUserFilter) to context static
2023-10-04 17:33:34,246 [main] INFO  http.BaseHttpServer (BaseHttpServer.java:<init>(189)) - HTTP server of scm uses base directory /home/runner/work/ozone/ozone/hadoop-ozone/integration-test/target/test-dir/MiniOzoneClusterImpl-e9305288-83d2-469c-8969-78e040065d82/ozone-meta/webserver
2023-10-04 17:33:34,247 [main] INFO  http.HttpServer2 (HttpServer2.java:bindListener(1231)) - Jetty bound to port 15162
2023-10-04 17:33:34,247 [main] INFO  server.Server (Server.java:doStart(375)) - jetty-9.4.52.v20230823; built: 2023-08-23T19:29:37.669Z; git: abdcda73818a1a2c705da276edb0bf6581e7997e; jvm 1.8.0_382-b05
2023-10-04 17:33:34,248 [main] INFO  server.session (DefaultSessionIdManager.java:doStart(334)) - DefaultSessionIdManager workerName=node0
2023-10-04 17:33:34,248 [main] INFO  server.session (DefaultSessionIdManager.java:doStart(339)) - No SessionScavenger set, using defaults
2023-10-04 17:33:34,249 [main] INFO  server.session (HouseKeeper.java:startScavenging(132)) - node0 Scavenging every 660000ms
2023-10-04 17:33:34,249 [main] INFO  handler.ContextHandler (ContextHandler.java:doStart(921)) - Started o.e.j.s.ServletContextHandler@51d22bb0{logs,/logs,file:///home/runner/work/ozone/ozone/hadoop-ozone/integration-test/target/log,AVAILABLE}
2023-10-04 17:33:34,250 [main] INFO  handler.ContextHandler (ContextHandler.java:doStart(921)) - Started o.e.j.s.ServletContextHandler@38dcd4b6{static,/static,file:///home/runner/work/ozone/ozone/hadoop-ozone/integration-test/target/test-classes/webapps/static,AVAILABLE}
2023-10-04 17:33:34,252 [main] INFO  handler.ContextHandler (ContextHandler.java:doStart(921)) - Started o.e.j.w.WebAppContext@540c2e73{scm,/,file:///home/runner/work/ozone/ozone/hadoop-ozone/integration-test/target/test-classes/webapps/scm/,AVAILABLE}{file:/home/runner/work/ozone/ozone/hadoop-ozone/integration-test/target/test-classes/webapps/scm}
2023-10-04 17:33:34,254 [main] INFO  server.AbstractConnector (AbstractConnector.java:doStart(333)) - Started ServerConnector@6f8afe4e{HTTP/1.1, (http/1.1)}{0.0.0.0:15162}
2023-10-04 17:33:34,254 [main] INFO  server.Server (Server.java:doStart(415)) - Started @251500ms
2023-10-04 17:33:34,254 [main] WARN  impl.MetricsSystemImpl (MetricsSystemImpl.java:register(279)) - Sink prometheus already exists!
2023-10-04 17:33:34,255 [main] INFO  http.BaseHttpServer (BaseHttpServer.java:updateConnectorAddress(354)) - HTTP server of scm listening at http://0.0.0.0:15162
2023-10-04 17:33:34,255 [main] WARN  server.ServerUtils (ServerUtils.java:getDBPath(311)) - ozone.om.db.dirs is not configured. We recommend adding this setting. Falling back to ozone.metadata.dirs instead.
2023-10-04 17:33:34,259 [main] INFO  ha.OMHANodeDetails (OMHANodeDetails.java:loadOMHAConfig(115)) - ozone.om.internal.service.id is not defined, falling back to ozone.om.service.ids to find serviceID for OzoneManager if it is HA enabled cluster
2023-10-04 17:33:34,259 [main] INFO  ha.OMHANodeDetails (OMHANodeDetails.java:loadOMHAConfig(226)) - Configuration does not have ozone.om.address set. Falling back to the default OM address /127.0.0.1:15163
2023-10-04 17:33:34,259 [main] INFO  ha.OMHANodeDetails (OMHANodeDetails.java:getOMNodeDetailsForNonHA(254)) - OM Service ID is not set. Setting it to the default ID: omServiceIdDefault
2023-10-04 17:33:34,259 [main] INFO  ha.OMHANodeDetails (OMHANodeDetails.java:getOMNodeDetailsForNonHA(261)) - OM Node ID is not set. Setting it to the default ID: om1
2023-10-04 17:33:34,260 [main] WARN  server.ServerUtils (ServerUtils.java:getDBPath(311)) - ozone.om.db.dirs is not configured. We recommend adding this setting. Falling back to ozone.metadata.dirs instead.
2023-10-04 17:33:34,261 [main] INFO  upgrade.AbstractLayoutVersionManager (AbstractLayoutVersionManager.java:init(83)) - Initializing Layout version manager with metadata layout = QUOTA (version = 6), software layout = QUOTA (version = 6)
2023-10-04 17:33:34,367 [main] INFO  reflections.Reflections (Reflections.java:scan(232)) - Reflections took 105 ms to scan 2 urls, producing 190 keys and 530 values [using 2 cores]
2023-10-04 17:33:34,367 [main] INFO  upgrade.OMLayoutVersionManager (OMLayoutVersionManager.java:lambda$0(115)) - Skipping Upgrade Action MockOmUpgradeAction since it has been finalized.
2023-10-04 17:33:34,368 [main] INFO  upgrade.OMLayoutVersionManager (OMLayoutVersionManager.java:lambda$0(115)) - Skipping Upgrade Action QuotaRepairUpgradeAction since it has been finalized.
2023-10-04 17:33:34,368 [main] WARN  server.ServerUtils (ServerUtils.java:getDBPath(311)) - ozone.om.db.dirs is not configured. We recommend adding this setting. Falling back to ozone.metadata.dirs instead.
2023-10-04 17:33:34,368 [main] INFO  proxy.SCMBlockLocationFailoverProxyProvider (SCMBlockLocationFailoverProxyProvider.java:<init>(114)) - Created block location fail-over proxy with 1 nodes: [nodeId=scmNodeId,nodeAddress=/0.0.0.0:15160]
2023-10-04 17:33:34,370 [main] INFO  proxy.SCMBlockLocationFailoverProxyProvider (SCMBlockLocationFailoverProxyProvider.java:<init>(114)) - Created block location fail-over proxy with 1 nodes: [nodeId=scmNodeId,nodeAddress=/0.0.0.0:15160]
2023-10-04 17:33:34,378 [main] INFO  om.OzoneManager (OzoneManager.java:<init>(668)) - OM start with adminUsers: [runner]
2023-10-04 17:33:34,379 [main] WARN  server.ServerUtils (ServerUtils.java:getDBPath(311)) - ozone.om.db.dirs is not configured. We recommend adding this setting. Falling back to ozone.metadata.dirs instead.
2023-10-04 17:33:34,379 [main] INFO  helpers.OmKeyInfo (OmKeyInfo.java:getCodec(71)) - OmKeyInfo.getCodec ignorePipeline = true
2023-10-04 17:33:34,617 [main] INFO  om.OzoneManager (OzoneManager.java:instantiateServices(797)) - S3 Multi-Tenancy is disabled
2023-10-04 17:33:34,617 [main] INFO  om.OmSnapshotManager (OmSnapshotManager.java:<init>(174)) - Ozone filesystem snapshot feature is enabled.
2023-10-04 17:33:34,617 [main] WARN  server.ServerUtils (ServerUtils.java:getDBPath(311)) - ozone.om.snapshot.diff.db.dir is not configured. We recommend adding this setting. Falling back to ozone.metadata.dirs instead.
2023-10-04 17:33:34,643 [main] INFO  snapshot.SnapshotDiffManager (SnapshotDiffManager.java:closeExecutorService(1720)) - Shutting down executorService: 'SstDumpToolExecutor'
2023-10-04 17:33:34,645 [main] INFO  om.OzoneManager (OzoneManager.java:addS3GVolumeToDB(4375)) - Created Volume s3v With Owner runner required for S3Gateway operations.
2023-10-04 17:33:34,645 [main] INFO  om.OzoneManager (OzoneManager.java:getRpcServer(1199)) - Creating RPC Server
2023-10-04 17:33:35,074 [main] INFO  reflections.Reflections (Reflections.java:scan(232)) - Reflections took 428 ms to scan 20 urls, producing 71 keys and 6069 values [using 2 cores]
2023-10-04 17:33:35,075 [main] INFO  ipc.CallQueueManager (CallQueueManager.java:<init>(90)) - Using callQueue: class java.util.concurrent.LinkedBlockingQueue, queueCapacity: 2000, scheduler: class org.apache.hadoop.ipc.DefaultRpcScheduler, ipcBackoff: false.
2023-10-04 17:33:35,076 [main] INFO  ipc.Server (Server.java:<init>(1287)) - Listener at 127.0.0.1:15163
2023-10-04 17:33:35,077 [Socket Reader #1 for port 15163] INFO  ipc.Server (Server.java:run(1323)) - Starting Socket Reader #1 for port 15163
2023-10-04 17:33:35,103 [main] INFO  impl.MetricsSystemImpl (MetricsSystemImpl.java:init(158)) - OzoneManager metrics system started (again)
2023-10-04 17:33:35,116 [main] INFO  om.OzoneManager (OzoneManager.java:start(1636)) - OzoneManager RPC server is listening at localhost/127.0.0.1:15163
2023-10-04 17:33:35,116 [main] INFO  om.OzoneManager (OzoneManager.java:start(1652)) - Version File has different layout version (6) than OM DB (null). That is expected if this OM has never been finalized to a newer layout version.
2023-10-04 17:33:35,119 [main] INFO  http.BaseHttpServer (BaseHttpServer.java:newHttpServer2BuilderForOzone(223)) - Starting Web-server for ozoneManager at: http://0.0.0.0:15164
2023-10-04 17:33:35,119 [main] INFO  http.BaseHttpServer (BaseHttpServer.java:<init>(110)) - Hadoop Security Enabled: false Ozone Security Enabled: false Ozone HTTP Security Enabled: false 
2023-10-04 17:33:35,120 [main] WARN  server.AuthenticationFilter (AuthenticationFilter.java:constructSecretProvider(240)) - Unable to initialize FileSignerSecretProvider, falling back to use random secrets. Reason: Could not read signature secret file: /home/runner/hadoop-http-auth-signature-secret
2023-10-04 17:33:35,121 [main] INFO  http.HttpRequestLog (HttpRequestLog.java:getRequestLog(86)) - Http request log for http.requests.ozoneManager is not defined
2023-10-04 17:33:35,122 [main] INFO  http.HttpServer2 (HttpServer2.java:addGlobalFilter(1031)) - Added global filter 'safety' (class=org.apache.hadoop.hdds.server.http.HttpServer2$QuotingInputFilter)
2023-10-04 17:33:35,123 [main] INFO  http.HttpServer2 (HttpServer2.java:addFilter(1007)) - Added filter static_user_filter (class=org.apache.hadoop.http.lib.StaticUserWebFilter$StaticUserFilter) to context ozoneManager
2023-10-04 17:33:35,123 [main] INFO  http.HttpServer2 (HttpServer2.java:addFilter(1015)) - Added filter static_user_filter (class=org.apache.hadoop.http.lib.StaticUserWebFilter$StaticUserFilter) to context static
2023-10-04 17:33:35,123 [main] INFO  http.HttpServer2 (HttpServer2.java:addFilter(1015)) - Added filter static_user_filter (class=org.apache.hadoop.http.lib.StaticUserWebFilter$StaticUserFilter) to context logs
2023-10-04 17:33:35,123 [main] INFO  http.BaseHttpServer (BaseHttpServer.java:<init>(189)) - HTTP server of ozoneManager uses base directory /home/runner/work/ozone/ozone/hadoop-ozone/integration-test/target/test-dir/MiniOzoneClusterImpl-e9305288-83d2-469c-8969-78e040065d82/ozone-meta/webserver
2023-10-04 17:33:35,124 [main] INFO  http.HttpServer2 (HttpServer2.java:bindListener(1231)) - Jetty bound to port 15164
2023-10-04 17:33:35,124 [main] INFO  server.Server (Server.java:doStart(375)) - jetty-9.4.52.v20230823; built: 2023-08-23T19:29:37.669Z; git: abdcda73818a1a2c705da276edb0bf6581e7997e; jvm 1.8.0_382-b05
2023-10-04 17:33:35,125 [main] INFO  server.session (DefaultSessionIdManager.java:doStart(334)) - DefaultSessionIdManager workerName=node0
2023-10-04 17:33:35,125 [main] INFO  server.session (DefaultSessionIdManager.java:doStart(339)) - No SessionScavenger set, using defaults
2023-10-04 17:33:35,125 [main] INFO  server.session (HouseKeeper.java:startScavenging(132)) - node0 Scavenging every 600000ms
2023-10-04 17:33:35,126 [main] INFO  handler.ContextHandler (ContextHandler.java:doStart(921)) - Started o.e.j.s.ServletContextHandler@70782825{logs,/logs,file:///home/runner/work/ozone/ozone/hadoop-ozone/integration-test/target/log,AVAILABLE}
2023-10-04 17:33:35,126 [main] INFO  handler.ContextHandler (ContextHandler.java:doStart(921)) - Started o.e.j.s.ServletContextHandler@caa9762{static,/static,file:///home/runner/work/ozone/ozone/hadoop-ozone/integration-test/target/test-classes/webapps/static,AVAILABLE}
2023-10-04 17:33:35,129 [main] INFO  handler.ContextHandler (ContextHandler.java:doStart(921)) - Started o.e.j.w.WebAppContext@622958e1{ozoneManager,/,file:///home/runner/work/ozone/ozone/hadoop-ozone/integration-test/target/test-classes/webapps/ozoneManager/,AVAILABLE}{file:/home/runner/work/ozone/ozone/hadoop-ozone/integration-test/target/test-classes/webapps/ozoneManager}
2023-10-04 17:33:35,130 [main] INFO  server.AbstractConnector (AbstractConnector.java:doStart(333)) - Started ServerConnector@3b666e5f{HTTP/1.1, (http/1.1)}{0.0.0.0:15164}
2023-10-04 17:33:35,130 [main] INFO  server.Server (Server.java:doStart(415)) - Started @252376ms
2023-10-04 17:33:35,130 [main] WARN  impl.MetricsSystemImpl (MetricsSystemImpl.java:register(279)) - Sink prometheus already exists!
2023-10-04 17:33:35,131 [main] INFO  http.BaseHttpServer (BaseHttpServer.java:updateConnectorAddress(354)) - HTTP server of ozoneManager listening at http://0.0.0.0:15164
2023-10-04 17:33:35,131 [IPC Server Responder] INFO  ipc.Server (Server.java:run(1562)) - IPC Server Responder: starting
2023-10-04 17:33:35,131 [IPC Server listener on 15163] INFO  ipc.Server (Server.java:run(1402)) - IPC Server listener on 15163: starting
2023-10-04 17:33:35,134 [main] INFO  om.TrashPolicyOzone (TrashPolicyOzone.java:<init>(281)) - Ozone Manager trash configuration: Deletion interval = 0 minutes, Emptier interval = 0 minutes.
2023-10-04 17:33:35,136 [JvmPauseMonitor22] INFO  util.JvmPauseMonitor (JvmPauseMonitor.java:run(103)) - JvmPauseMonitor-0f7d7233-0517-4681-8ad5-c28d3c53a1dc: Started
2023-10-04 17:33:35,157 [main] INFO  impl.MetricsSystemImpl (MetricsSystemImpl.java:init(158)) - HddsDatanode metrics system started (again)
2023-10-04 17:33:35,172 [main] INFO  ozone.HddsDatanodeService (HddsDatanodeService.java:start(237)) - HddsDatanodeService host:fv-az453-706.hss2zji4abbufegd5wcf2so25h.dx.internal.cloudapp.net ip:10.1.0.20
2023-10-04 17:33:35,206 [main] INFO  upgrade.AbstractLayoutVersionManager (AbstractLayoutVersionManager.java:init(83)) - Initializing Layout version manager with metadata layout = HADOOP_PRC_PORTS_IN_DATANODEDETAILS (version = 7), software layout = HADOOP_PRC_PORTS_IN_DATANODEDETAILS (version = 7)
2023-10-04 17:33:35,206 [main] INFO  statemachine.DatanodeStateMachine (DatanodeStateMachine.java:getEndPointTaskThreadPoolSize(283)) - Datanode State Machine Task Thread Pool size 2
2023-10-04 17:33:35,208 [main] INFO  volume.HddsVolume (HddsVolume.java:<init>(126)) - Creating HddsVolume: /home/runner/work/ozone/ozone/hadoop-ozone/integration-test/target/test-dir/MiniOzoneClusterImpl-e9305288-83d2-469c-8969-78e040065d82/datanode-0/data-0/containers/hdds of storage type : DISK capacity : 9223372036854775807
2023-10-04 17:33:35,208 [main] INFO  volume.MutableVolumeSet (MutableVolumeSet.java:initializeVolumeSet(173)) - Added Volume : /home/runner/work/ozone/ozone/hadoop-ozone/integration-test/target/test-dir/MiniOzoneClusterImpl-e9305288-83d2-469c-8969-78e040065d82/datanode-0/data-0/containers/hdds to VolumeSet
2023-10-04 17:33:35,209 [main] INFO  volume.MutableVolumeSet (MutableVolumeSet.java:initializeVolumeSet(173)) - Added Volume : /home/runner/work/ozone/ozone/hadoop-ozone/integration-test/target/test-dir/MiniOzoneClusterImpl-e9305288-83d2-469c-8969-78e040065d82/datanode-0/data/ratis to VolumeSet
2023-10-04 17:33:35,209 [Thread-1938] INFO  ozoneimpl.ContainerReader (ContainerReader.java:readVolume(177)) - Finish verifying containers on volume /home/runner/work/ozone/ozone/hadoop-ozone/integration-test/target/test-dir/MiniOzoneClusterImpl-e9305288-83d2-469c-8969-78e040065d82/datanode-0/data-0/containers/hdds
2023-10-04 17:33:35,209 [main] INFO  ozoneimpl.OzoneContainer (OzoneContainer.java:buildContainerSet(314)) - Build ContainerSet costs 0s
2023-10-04 17:33:35,212 [main] INFO  server.RaftServer (ConfUtils.java:logGet(46)) - raft.rpc.type = GRPC (default)
2023-10-04 17:33:35,212 [main] INFO  grpc.GrpcConfigKeys (ConfUtils.java:logFallback(53)) - raft.grpc.admin.host = null (fallback to raft.grpc.server.host)
2023-10-04 17:33:35,212 [main] INFO  grpc.GrpcConfigKeys (ConfUtils.java:logGet(46)) - raft.grpc.admin.port = 15172 (custom)
2023-10-04 17:33:35,212 [main] INFO  grpc.GrpcConfigKeys (ConfUtils.java:logFallback(53)) - raft.grpc.client.host = null (fallback to raft.grpc.server.host)
2023-10-04 17:33:35,212 [main] INFO  grpc.GrpcConfigKeys (ConfUtils.java:logGet(46)) - raft.grpc.client.port = 15171 (custom)
2023-10-04 17:33:35,212 [main] INFO  grpc.GrpcConfigKeys (ConfUtils.java:logGet(46)) - raft.grpc.server.host = null (default)
2023-10-04 17:33:35,212 [main] INFO  grpc.GrpcConfigKeys (ConfUtils.java:logGet(46)) - raft.grpc.server.port = 15173 (custom)
2023-10-04 17:33:35,212 [main] INFO  server.GrpcService (ConfUtils.java:logGet(46)) - raft.grpc.message.size.max = 32MB (=33554432) (custom)
2023-10-04 17:33:35,213 [main] INFO  server.RaftServerConfigKeys (ConfUtils.java:logGet(46)) - raft.server.log.appender.buffer.byte-limit = 33554432 (custom)
2023-10-04 17:33:35,213 [main] INFO  server.GrpcService (ConfUtils.java:logGet(46)) - raft.grpc.flow.control.window = 5MB (=5242880) (custom)
2023-10-04 17:33:35,213 [main] INFO  server.RaftServerConfigKeys (ConfUtils.java:logGet(46)) - raft.server.rpc.request.timeout = 60s (custom)
2023-10-04 17:33:35,213 [main] INFO  grpc.GrpcConfigKeys (ConfUtils.java:logGet(46)) - raft.grpc.server.heartbeat.channel = true (default)
2023-10-04 17:33:35,213 [main] INFO  grpc.GrpcConfigKeys (ConfUtils.java:logGet(46)) - raft.grpc.server.async.request.thread.pool.cached = true (default)
2023-10-04 17:33:35,213 [main] INFO  grpc.GrpcConfigKeys (ConfUtils.java:logGet(46)) - raft.grpc.server.async.request.thread.pool.size = 32 (default)
2023-10-04 17:33:35,216 [main] INFO  impl.DataStreamServerImpl (ConfUtils.java:logGet(46)) - raft.datastream.type = NETTY (custom)
2023-10-04 17:33:35,217 [main] INFO  server.RaftServerConfigKeys (ConfUtils.java:logGet(46)) - raft.server.data-stream.async.request.thread.pool.cached = false (default)
2023-10-04 17:33:35,217 [main] INFO  server.RaftServerConfigKeys (ConfUtils.java:logGet(46)) - raft.server.data-stream.async.request.thread.pool.size = 20 (custom)
2023-10-04 17:33:35,217 [main] INFO  server.RaftServerConfigKeys (ConfUtils.java:logGet(46)) - raft.server.data-stream.async.write.thread.pool.size = 16 (default)
2023-10-04 17:33:35,217 [main] INFO  server.RaftServerConfigKeys (ConfUtils.java:logGet(46)) - raft.server.data-stream.client.pool.size = 10 (default)
2023-10-04 17:33:35,217 [main] INFO  netty.NettyConfigKeys$DataStream (ConfUtils.java:logGet(46)) - raft.netty.dataStream.server.use-epoll = false (default)
2023-10-04 17:33:35,217 [main] INFO  netty.NettyConfigKeys$DataStream (ConfUtils.java:logGet(46)) - raft.netty.dataStream.server.boss-group.size = 0 (default)
2023-10-04 17:33:35,218 [main] INFO  netty.NettyConfigKeys$DataStream (ConfUtils.java:logGet(46)) - raft.netty.dataStream.server.worker-group.size = 0 (default)
2023-10-04 17:33:35,218 [main] INFO  netty.NettyConfigKeys$DataStream (ConfUtils.java:logGet(46)) - raft.netty.dataStream.server.tls.conf = null (default)
2023-10-04 17:33:35,218 [main] INFO  netty.NettyConfigKeys$DataStream (ConfUtils.java:logGet(46)) - raft.netty.dataStream.host = null (default)
2023-10-04 17:33:35,218 [main] INFO  netty.NettyConfigKeys$DataStream (ConfUtils.java:logGet(46)) - raft.netty.dataStream.port = 15174 (custom)
2023-10-04 17:33:35,219 [main] INFO  server.RaftServerConfigKeys (ConfUtils.java:logGet(46)) - raft.server.threadpool.proxy.cached = true (default)
2023-10-04 17:33:35,219 [main] INFO  server.RaftServerConfigKeys (ConfUtils.java:logGet(46)) - raft.server.threadpool.proxy.size = 0 (default)
2023-10-04 17:33:35,219 [main] INFO  server.RaftServerConfigKeys (ConfUtils.java:logGet(46)) - raft.server.rpc.slowness.timeout = 300s (custom)
2023-10-04 17:33:35,219 [main] INFO  server.RaftServerConfigKeys (ConfUtils.java:logGet(46)) - raft.server.leaderelection.leader.step-down.wait-time = 10s (default)
2023-10-04 17:33:35,219 [dce549a2-5f1d-4e87-86ad-66203672eab3-NettyServerStreamRpc-bossGroup--thread1] INFO  logging.LoggingHandler (AbstractInternalLogger.java:log(148)) - [id: 0x84aa8f7c] REGISTERED
2023-10-04 17:33:35,220 [main] INFO  server.RaftServerConfigKeys (ConfUtils.java:logGet(46)) - raft.server.storage.dir = [/home/runner/work/ozone/ozone/hadoop-ozone/integration-test/target/test-dir/MiniOzoneClusterImpl-e9305288-83d2-469c-8969-78e040065d82/datanode-0/data/ratis] (custom)
2023-10-04 17:33:35,220 [dce549a2-5f1d-4e87-86ad-66203672eab3-NettyServerStreamRpc-bossGroup--thread1] INFO  logging.LoggingHandler (AbstractInternalLogger.java:log(148)) - [id: 0x84aa8f7c] BIND: 0.0.0.0/0.0.0.0:15174
2023-10-04 17:33:35,220 [dce549a2-5f1d-4e87-86ad-66203672eab3-NettyServerStreamRpc-bossGroup--thread1] INFO  logging.LoggingHandler (AbstractInternalLogger.java:log(148)) - [id: 0x84aa8f7c, L:/0:0:0:0:0:0:0:0:15174] ACTIVE
2023-10-04 17:33:35,220 [dce549a2-5f1d-4e87-86ad-66203672eab3-impl-thread1] INFO  server.RaftServer (RaftServerProxy.java:initGroupDir(258)) - dce549a2-5f1d-4e87-86ad-66203672eab3: found a subdirectory /home/runner/work/ozone/ozone/hadoop-ozone/integration-test/target/test-dir/MiniOzoneClusterImpl-e9305288-83d2-469c-8969-78e040065d82/datanode-0/data/ratis/tmp
2023-10-04 17:33:35,220 [dce549a2-5f1d-4e87-86ad-66203672eab3-impl-thread1] INFO  server.RaftServer (RaftServerProxy.java:initGroupDir(263)) - dce549a2-5f1d-4e87-86ad-66203672eab3: The directory /home/runner/work/ozone/ozone/hadoop-ozone/integration-test/target/test-dir/MiniOzoneClusterImpl-e9305288-83d2-469c-8969-78e040065d82/datanode-0/data/ratis/tmp is not a group directory; ignoring it. 
2023-10-04 17:33:35,220 [main] INFO  replication.ReplicationServer (ReplicationServer.java:<init>(83)) - Initializing replication server with thread count = 10 queue length = 4096
2023-10-04 17:33:35,221 [main] INFO  server.XceiverServerGrpc (XceiverServerGrpc.java:<init>(132)) - GrpcServer channel type EpollServerSocketChannel
2023-10-04 17:33:35,223 [main] INFO  replication.ReplicationSupervisor (ReplicationSupervisor.java:build(155)) - Initializing replication supervisor with thread count = 10
2023-10-04 17:33:35,223 [main] INFO  replication.ReplicationSupervisor (ReplicationSupervisor.java:nodeStateUpdated(307)) - Node state updated to IN_SERVICE, scaling executor pool size to 10
2023-10-04 17:33:35,226 [main] INFO  http.BaseHttpServer (BaseHttpServer.java:newHttpServer2BuilderForOzone(223)) - Starting Web-server for hddsDatanode at: http://0.0.0.0:15168
2023-10-04 17:33:35,226 [main] INFO  http.BaseHttpServer (BaseHttpServer.java:<init>(110)) - Hadoop Security Enabled: false Ozone Security Enabled: false Ozone HTTP Security Enabled: false 
2023-10-04 17:33:35,227 [main] WARN  server.AuthenticationFilter (AuthenticationFilter.java:constructSecretProvider(240)) - Unable to initialize FileSignerSecretProvider, falling back to use random secrets. Reason: Could not read signature secret file: /home/runner/hadoop-http-auth-signature-secret
2023-10-04 17:33:35,233 [main] INFO  http.HttpRequestLog (HttpRequestLog.java:getRequestLog(86)) - Http request log for http.requests.hddsDatanode is not defined
2023-10-04 17:33:35,235 [main] INFO  http.HttpServer2 (HttpServer2.java:addGlobalFilter(1031)) - Added global filter 'safety' (class=org.apache.hadoop.hdds.server.http.HttpServer2$QuotingInputFilter)
2023-10-04 17:33:35,235 [main] INFO  http.HttpServer2 (HttpServer2.java:addFilter(1007)) - Added filter static_user_filter (class=org.apache.hadoop.http.lib.StaticUserWebFilter$StaticUserFilter) to context hddsDatanode
2023-10-04 17:33:35,236 [main] INFO  http.HttpServer2 (HttpServer2.java:addFilter(1015)) - Added filter static_user_filter (class=org.apache.hadoop.http.lib.StaticUserWebFilter$StaticUserFilter) to context logs
2023-10-04 17:33:35,236 [main] INFO  http.HttpServer2 (HttpServer2.java:addFilter(1015)) - Added filter static_user_filter (class=org.apache.hadoop.http.lib.StaticUserWebFilter$StaticUserFilter) to context static
2023-10-04 17:33:35,236 [main] INFO  http.BaseHttpServer (BaseHttpServer.java:<init>(189)) - HTTP server of hddsDatanode uses base directory /home/runner/work/ozone/ozone/hadoop-ozone/integration-test/target/test-dir/MiniOzoneClusterImpl-e9305288-83d2-469c-8969-78e040065d82/datanode-0/meta/webserver
2023-10-04 17:33:35,236 [main] INFO  http.HttpServer2 (HttpServer2.java:bindListener(1231)) - Jetty bound to port 15168
2023-10-04 17:33:35,237 [main] INFO  server.Server (Server.java:doStart(375)) - jetty-9.4.52.v20230823; built: 2023-08-23T19:29:37.669Z; git: abdcda73818a1a2c705da276edb0bf6581e7997e; jvm 1.8.0_382-b05
2023-10-04 17:33:35,238 [main] INFO  server.session (DefaultSessionIdManager.java:doStart(334)) - DefaultSessionIdManager workerName=node0
2023-10-04 17:33:35,238 [main] INFO  server.session (DefaultSessionIdManager.java:doStart(339)) - No SessionScavenger set, using defaults
2023-10-04 17:33:35,238 [main] INFO  server.session (HouseKeeper.java:startScavenging(132)) - node0 Scavenging every 660000ms
2023-10-04 17:33:35,239 [main] INFO  handler.ContextHandler (ContextHandler.java:doStart(921)) - Started o.e.j.s.ServletContextHandler@2847aa80{logs,/logs,file:///home/runner/work/ozone/ozone/hadoop-ozone/integration-test/target/log,AVAILABLE}
2023-10-04 17:33:35,239 [main] INFO  handler.ContextHandler (ContextHandler.java:doStart(921)) - Started o.e.j.s.ServletContextHandler@1d38b461{static,/static,jar:file:/home/runner/.m2/repository/org/apache/ozone/hdds-container-service/1.4.0-SNAPSHOT/hdds-container-service-1.4.0-SNAPSHOT.jar!/webapps/static,AVAILABLE}
2023-10-04 17:33:35,459 [main] INFO  handler.ContextHandler (ContextHandler.java:doStart(921)) - Started o.e.j.w.WebAppContext@374f4fa1{hddsDatanode,/,file:///home/runner/work/ozone/ozone/hadoop-ozone/integration-test/target/test-dir/MiniOzoneClusterImpl-e9305288-83d2-469c-8969-78e040065d82/datanode-0/meta/webserver/jetty-0_0_0_0-15168-hdds-container-service-1_4_0-SNAPSHOT_jar-_-any-2671504921094536725/webapp/,AVAILABLE}{jar:file:/home/runner/.m2/repository/org/apache/ozone/hdds-container-service/1.4.0-SNAPSHOT/hdds-container-service-1.4.0-SNAPSHOT.jar!/webapps/hddsDatanode}
2023-10-04 17:33:35,461 [main] INFO  server.AbstractConnector (AbstractConnector.java:doStart(333)) - Started ServerConnector@5e452f6e{HTTP/1.1, (http/1.1)}{0.0.0.0:15168}
2023-10-04 17:33:35,461 [main] INFO  server.Server (Server.java:doStart(415)) - Started @252707ms
2023-10-04 17:33:35,462 [main] WARN  impl.MetricsSystemImpl (MetricsSystemImpl.java:register(279)) - Sink prometheus already exists!
2023-10-04 17:33:35,462 [main] INFO  http.BaseHttpServer (BaseHttpServer.java:updateConnectorAddress(354)) - HTTP server of hddsDatanode listening at http://0.0.0.0:15168
2023-10-04 17:33:35,463 [main] INFO  ipc.CallQueueManager (CallQueueManager.java:<init>(90)) - Using callQueue: class java.util.concurrent.LinkedBlockingQueue, queueCapacity: 100, scheduler: class org.apache.hadoop.ipc.DefaultRpcScheduler, ipcBackoff: false.
2023-10-04 17:33:35,463 [main] INFO  ipc.Server (Server.java:<init>(1287)) - Listener at 0.0.0.0:15169
2023-10-04 17:33:35,463 [Socket Reader #1 for port 15169] INFO  ipc.Server (Server.java:run(1323)) - Starting Socket Reader #1 for port 15169
2023-10-04 17:33:35,470 [main] INFO  ozone.HddsDatanodeService (HddsDatanodeService.java:start(315)) - Datanode start with admins: [runner]
2023-10-04 17:33:35,471 [main] INFO  ozone.HddsDatanodeClientProtocolServer (HddsDatanodeClientProtocolServer.java:start(72)) - RPC server for Client /0.0.0.0:15169
2023-10-04 17:33:35,471 [IPC Server Responder] INFO  ipc.Server (Server.java:run(1562)) - IPC Server Responder: starting
2023-10-04 17:33:35,472 [IPC Server listener on 15169] INFO  ipc.Server (Server.java:run(1402)) - IPC Server listener on 15169: starting
2023-10-04 17:33:35,472 [main] WARN  impl.MetricRegistriesImpl (MetricRegistriesImpl.java:addReporterRegistration(111)) - New reporters are added after registries were created. Some metrics will be missing from the reporter. Please add reporter before adding any new registry.
2023-10-04 17:33:35,473 [main] WARN  impl.MetricRegistriesImpl (MetricRegistriesImpl.java:addReporterRegistration(111)) - New reporters are added after registries were created. Some metrics will be missing from the reporter. Please add reporter before adding any new registry.
2023-10-04 17:33:35,473 [main] INFO  impl.MetricsSystemImpl (MetricsSystemImpl.java:init(158)) - HddsDatanode metrics system started (again)
2023-10-04 17:33:35,472 [Datanode State Machine Daemon Thread] INFO  statemachine.DatanodeStateMachine (DatanodeStateMachine.java:lambda$startDaemon$0(539)) - Ozone container server started.
2023-10-04 17:33:35,489 [main] INFO  ozone.HddsDatanodeService (HddsDatanodeService.java:start(237)) - HddsDatanodeService host:fv-az453-706.hss2zji4abbufegd5wcf2so25h.dx.internal.cloudapp.net ip:10.1.0.20
2023-10-04 17:33:35,502 [Datanode State Machine Task Thread - 0] INFO  datanode.InitDatanodeState (InitDatanodeState.java:persistContainerDatanodeDetails(138)) - DatanodeDetails is persisted to /home/runner/work/ozone/ozone/hadoop-ozone/integration-test/target/test-dir/MiniOzoneClusterImpl-e9305288-83d2-469c-8969-78e040065d82/datanode-0/meta/datanode.id
2023-10-04 17:33:35,520 [main] INFO  upgrade.AbstractLayoutVersionManager (AbstractLayoutVersionManager.java:init(83)) - Initializing Layout version manager with metadata layout = HADOOP_PRC_PORTS_IN_DATANODEDETAILS (version = 7), software layout = HADOOP_PRC_PORTS_IN_DATANODEDETAILS (version = 7)
2023-10-04 17:33:35,520 [main] INFO  statemachine.DatanodeStateMachine (DatanodeStateMachine.java:getEndPointTaskThreadPoolSize(283)) - Datanode State Machine Task Thread Pool size 2
2023-10-04 17:33:35,521 [main] INFO  volume.HddsVolume (HddsVolume.java:<init>(126)) - Creating HddsVolume: /home/runner/work/ozone/ozone/hadoop-ozone/integration-test/target/test-dir/MiniOzoneClusterImpl-e9305288-83d2-469c-8969-78e040065d82/datanode-1/data-0/containers/hdds of storage type : DISK capacity : 9223372036854775807
2023-10-04 17:33:35,522 [main] INFO  volume.MutableVolumeSet (MutableVolumeSet.java:initializeVolumeSet(173)) - Added Volume : /home/runner/work/ozone/ozone/hadoop-ozone/integration-test/target/test-dir/MiniOzoneClusterImpl-e9305288-83d2-469c-8969-78e040065d82/datanode-1/data-0/containers/hdds to VolumeSet
2023-10-04 17:33:35,522 [main] INFO  volume.MutableVolumeSet (MutableVolumeSet.java:initializeVolumeSet(173)) - Added Volume : /home/runner/work/ozone/ozone/hadoop-ozone/integration-test/target/test-dir/MiniOzoneClusterImpl-e9305288-83d2-469c-8969-78e040065d82/datanode-1/data/ratis to VolumeSet
2023-10-04 17:33:35,523 [Thread-1955] INFO  ozoneimpl.ContainerReader (ContainerReader.java:readVolume(177)) - Finish verifying containers on volume /home/runner/work/ozone/ozone/hadoop-ozone/integration-test/target/test-dir/MiniOzoneClusterImpl-e9305288-83d2-469c-8969-78e040065d82/datanode-1/data-0/containers/hdds
2023-10-04 17:33:35,523 [main] INFO  ozoneimpl.OzoneContainer (OzoneContainer.java:buildContainerSet(314)) - Build ContainerSet costs 0s
2023-10-04 17:33:35,525 [main] INFO  server.RaftServer (ConfUtils.java:logGet(46)) - raft.rpc.type = GRPC (default)
2023-10-04 17:33:35,525 [main] INFO  grpc.GrpcConfigKeys (ConfUtils.java:logFallback(53)) - raft.grpc.admin.host = null (fallback to raft.grpc.server.host)
2023-10-04 17:33:35,525 [main] INFO  grpc.GrpcConfigKeys (ConfUtils.java:logGet(46)) - raft.grpc.admin.port = 15181 (custom)
2023-10-04 17:33:35,525 [main] INFO  grpc.GrpcConfigKeys (ConfUtils.java:logFallback(53)) - raft.grpc.client.host = null (fallback to raft.grpc.server.host)
2023-10-04 17:33:35,525 [main] INFO  grpc.GrpcConfigKeys (ConfUtils.java:logGet(46)) - raft.grpc.client.port = 15180 (custom)
2023-10-04 17:33:35,525 [main] INFO  grpc.GrpcConfigKeys (ConfUtils.java:logGet(46)) - raft.grpc.server.host = null (default)
2023-10-04 17:33:35,525 [main] INFO  grpc.GrpcConfigKeys (ConfUtils.java:logGet(46)) - raft.grpc.server.port = 15182 (custom)
2023-10-04 17:33:35,526 [main] INFO  server.GrpcService (ConfUtils.java:logGet(46)) - raft.grpc.message.size.max = 32MB (=33554432) (custom)
2023-10-04 17:33:35,526 [main] INFO  server.RaftServerConfigKeys (ConfUtils.java:logGet(46)) - raft.server.log.appender.buffer.byte-limit = 33554432 (custom)
2023-10-04 17:33:35,526 [main] INFO  server.GrpcService (ConfUtils.java:logGet(46)) - raft.grpc.flow.control.window = 5MB (=5242880) (custom)
2023-10-04 17:33:35,526 [main] INFO  server.RaftServerConfigKeys (ConfUtils.java:logGet(46)) - raft.server.rpc.request.timeout = 60s (custom)
2023-10-04 17:33:35,526 [main] INFO  grpc.GrpcConfigKeys (ConfUtils.java:logGet(46)) - raft.grpc.server.heartbeat.channel = true (default)
2023-10-04 17:33:35,526 [main] INFO  grpc.GrpcConfigKeys (ConfUtils.java:logGet(46)) - raft.grpc.server.async.request.thread.pool.cached = true (default)
2023-10-04 17:33:35,526 [main] INFO  grpc.GrpcConfigKeys (ConfUtils.java:logGet(46)) - raft.grpc.server.async.request.thread.pool.size = 32 (default)
2023-10-04 17:33:35,529 [main] INFO  impl.DataStreamServerImpl (ConfUtils.java:logGet(46)) - raft.datastream.type = NETTY (custom)
2023-10-04 17:33:35,529 [main] INFO  server.RaftServerConfigKeys (ConfUtils.java:logGet(46)) - raft.server.data-stream.async.request.thread.pool.cached = false (default)
2023-10-04 17:33:35,529 [main] INFO  server.RaftServerConfigKeys (ConfUtils.java:logGet(46)) - raft.server.data-stream.async.request.thread.pool.size = 20 (custom)
2023-10-04 17:33:35,529 [main] INFO  server.RaftServerConfigKeys (ConfUtils.java:logGet(46)) - raft.server.data-stream.async.write.thread.pool.size = 16 (default)
2023-10-04 17:33:35,529 [main] INFO  server.RaftServerConfigKeys (ConfUtils.java:logGet(46)) - raft.server.data-stream.client.pool.size = 10 (default)
2023-10-04 17:33:35,530 [main] INFO  netty.NettyConfigKeys$DataStream (ConfUtils.java:logGet(46)) - raft.netty.dataStream.server.use-epoll = false (default)
2023-10-04 17:33:35,530 [main] INFO  netty.NettyConfigKeys$DataStream (ConfUtils.java:logGet(46)) - raft.netty.dataStream.server.boss-group.size = 0 (default)
2023-10-04 17:33:35,532 [main] INFO  netty.NettyConfigKeys$DataStream (ConfUtils.java:logGet(46)) - raft.netty.dataStream.server.worker-group.size = 0 (default)
2023-10-04 17:33:35,532 [main] INFO  netty.NettyConfigKeys$DataStream (ConfUtils.java:logGet(46)) - raft.netty.dataStream.server.tls.conf = null (default)
2023-10-04 17:33:35,532 [main] INFO  netty.NettyConfigKeys$DataStream (ConfUtils.java:logGet(46)) - raft.netty.dataStream.host = null (default)
2023-10-04 17:33:35,532 [main] INFO  netty.NettyConfigKeys$DataStream (ConfUtils.java:logGet(46)) - raft.netty.dataStream.port = 15183 (custom)
2023-10-04 17:33:35,533 [main] INFO  server.RaftServerConfigKeys (ConfUtils.java:logGet(46)) - raft.server.threadpool.proxy.cached = true (default)
2023-10-04 17:33:35,533 [main] INFO  server.RaftServerConfigKeys (ConfUtils.java:logGet(46)) - raft.server.threadpool.proxy.size = 0 (default)
2023-10-04 17:33:35,533 [main] INFO  server.RaftServerConfigKeys (ConfUtils.java:logGet(46)) - raft.server.rpc.slowness.timeout = 300s (custom)
2023-10-04 17:33:35,533 [main] INFO  server.RaftServerConfigKeys (ConfUtils.java:logGet(46)) - raft.server.leaderelection.leader.step-down.wait-time = 10s (default)
2023-10-04 17:33:35,533 [main] INFO  server.RaftServerConfigKeys (ConfUtils.java:logGet(46)) - raft.server.storage.dir = [/home/runner/work/ozone/ozone/hadoop-ozone/integration-test/target/test-dir/MiniOzoneClusterImpl-e9305288-83d2-469c-8969-78e040065d82/datanode-1/data/ratis] (custom)
2023-10-04 17:33:35,534 [67c5b0d7-9e75-4e40-acfe-981c0927b9fc-NettyServerStreamRpc-bossGroup--thread1] INFO  logging.LoggingHandler (AbstractInternalLogger.java:log(148)) - [id: 0x1b314293] REGISTERED
2023-10-04 17:33:35,534 [67c5b0d7-9e75-4e40-acfe-981c0927b9fc-NettyServerStreamRpc-bossGroup--thread1] INFO  logging.LoggingHandler (AbstractInternalLogger.java:log(148)) - [id: 0x1b314293] BIND: 0.0.0.0/0.0.0.0:15183
2023-10-04 17:33:35,534 [67c5b0d7-9e75-4e40-acfe-981c0927b9fc-NettyServerStreamRpc-bossGroup--thread1] INFO  logging.LoggingHandler (AbstractInternalLogger.java:log(148)) - [id: 0x1b314293, L:/0:0:0:0:0:0:0:0:15183] ACTIVE
2023-10-04 17:33:35,537 [67c5b0d7-9e75-4e40-acfe-981c0927b9fc-impl-thread1] INFO  server.RaftServer (RaftServerProxy.java:initGroupDir(258)) - 67c5b0d7-9e75-4e40-acfe-981c0927b9fc: found a subdirectory /home/runner/work/ozone/ozone/hadoop-ozone/integration-test/target/test-dir/MiniOzoneClusterImpl-e9305288-83d2-469c-8969-78e040065d82/datanode-1/data/ratis/tmp
2023-10-04 17:33:35,537 [67c5b0d7-9e75-4e40-acfe-981c0927b9fc-impl-thread1] INFO  server.RaftServer (RaftServerProxy.java:initGroupDir(263)) - 67c5b0d7-9e75-4e40-acfe-981c0927b9fc: The directory /home/runner/work/ozone/ozone/hadoop-ozone/integration-test/target/test-dir/MiniOzoneClusterImpl-e9305288-83d2-469c-8969-78e040065d82/datanode-1/data/ratis/tmp is not a group directory; ignoring it. 
2023-10-04 17:33:35,537 [main] INFO  replication.ReplicationServer (ReplicationServer.java:<init>(83)) - Initializing replication server with thread count = 10 queue length = 4096
2023-10-04 17:33:35,539 [main] INFO  server.XceiverServerGrpc (XceiverServerGrpc.java:<init>(132)) - GrpcServer channel type EpollServerSocketChannel
2023-10-04 17:33:35,540 [main] INFO  replication.ReplicationSupervisor (ReplicationSupervisor.java:build(155)) - Initializing replication supervisor with thread count = 10
2023-10-04 17:33:35,541 [main] INFO  replication.ReplicationSupervisor (ReplicationSupervisor.java:nodeStateUpdated(307)) - Node state updated to IN_SERVICE, scaling executor pool size to 10
2023-10-04 17:33:35,542 [main] INFO  http.BaseHttpServer (BaseHttpServer.java:newHttpServer2BuilderForOzone(223)) - Starting Web-server for hddsDatanode at: http://0.0.0.0:15177
2023-10-04 17:33:35,542 [main] INFO  http.BaseHttpServer (BaseHttpServer.java:<init>(110)) - Hadoop Security Enabled: false Ozone Security Enabled: false Ozone HTTP Security Enabled: false 
2023-10-04 17:33:35,543 [main] WARN  server.AuthenticationFilter (AuthenticationFilter.java:constructSecretProvider(240)) - Unable to initialize FileSignerSecretProvider, falling back to use random secrets. Reason: Could not read signature secret file: /home/runner/hadoop-http-auth-signature-secret
2023-10-04 17:33:35,545 [main] INFO  http.HttpRequestLog (HttpRequestLog.java:getRequestLog(86)) - Http request log for http.requests.hddsDatanode is not defined
2023-10-04 17:33:35,547 [main] INFO  http.HttpServer2 (HttpServer2.java:addGlobalFilter(1031)) - Added global filter 'safety' (class=org.apache.hadoop.hdds.server.http.HttpServer2$QuotingInputFilter)
2023-10-04 17:33:35,547 [main] INFO  http.HttpServer2 (HttpServer2.java:addFilter(1007)) - Added filter static_user_filter (class=org.apache.hadoop.http.lib.StaticUserWebFilter$StaticUserFilter) to context hddsDatanode
2023-10-04 17:33:35,547 [main] INFO  http.HttpServer2 (HttpServer2.java:addFilter(1015)) - Added filter static_user_filter (class=org.apache.hadoop.http.lib.StaticUserWebFilter$StaticUserFilter) to context logs
2023-10-04 17:33:35,547 [main] INFO  http.HttpServer2 (HttpServer2.java:addFilter(1015)) - Added filter static_user_filter (class=org.apache.hadoop.http.lib.StaticUserWebFilter$StaticUserFilter) to context static
2023-10-04 17:33:35,548 [main] INFO  http.BaseHttpServer (BaseHttpServer.java:<init>(189)) - HTTP server of hddsDatanode uses base directory /home/runner/work/ozone/ozone/hadoop-ozone/integration-test/target/test-dir/MiniOzoneClusterImpl-e9305288-83d2-469c-8969-78e040065d82/datanode-1/meta/webserver
2023-10-04 17:33:35,548 [main] INFO  http.HttpServer2 (HttpServer2.java:bindListener(1231)) - Jetty bound to port 15177
2023-10-04 17:33:35,548 [main] INFO  server.Server (Server.java:doStart(375)) - jetty-9.4.52.v20230823; built: 2023-08-23T19:29:37.669Z; git: abdcda73818a1a2c705da276edb0bf6581e7997e; jvm 1.8.0_382-b05
2023-10-04 17:33:35,558 [main] INFO  server.session (DefaultSessionIdManager.java:doStart(334)) - DefaultSessionIdManager workerName=node0
2023-10-04 17:33:35,559 [main] INFO  server.session (DefaultSessionIdManager.java:doStart(339)) - No SessionScavenger set, using defaults
2023-10-04 17:33:35,559 [main] INFO  server.session (HouseKeeper.java:startScavenging(132)) - node0 Scavenging every 600000ms
2023-10-04 17:33:35,564 [main] INFO  handler.ContextHandler (ContextHandler.java:doStart(921)) - Started o.e.j.s.ServletContextHandler@4917e4b7{logs,/logs,file:///home/runner/work/ozone/ozone/hadoop-ozone/integration-test/target/log,AVAILABLE}
2023-10-04 17:33:35,564 [main] INFO  handler.ContextHandler (ContextHandler.java:doStart(921)) - Started o.e.j.s.ServletContextHandler@34eaf389{static,/static,jar:file:/home/runner/.m2/repository/org/apache/ozone/hdds-container-service/1.4.0-SNAPSHOT/hdds-container-service-1.4.0-SNAPSHOT.jar!/webapps/static,AVAILABLE}
2023-10-04 17:33:35,787 [main] INFO  handler.ContextHandler (ContextHandler.java:doStart(921)) - Started o.e.j.w.WebAppContext@78d10f9f{hddsDatanode,/,file:///home/runner/work/ozone/ozone/hadoop-ozone/integration-test/target/test-dir/MiniOzoneClusterImpl-e9305288-83d2-469c-8969-78e040065d82/datanode-1/meta/webserver/jetty-0_0_0_0-15177-hdds-container-service-1_4_0-SNAPSHOT_jar-_-any-5178518840992053861/webapp/,AVAILABLE}{jar:file:/home/runner/.m2/repository/org/apache/ozone/hdds-container-service/1.4.0-SNAPSHOT/hdds-container-service-1.4.0-SNAPSHOT.jar!/webapps/hddsDatanode}
2023-10-04 17:33:35,788 [main] INFO  server.AbstractConnector (AbstractConnector.java:doStart(333)) - Started ServerConnector@13bbd813{HTTP/1.1, (http/1.1)}{0.0.0.0:15177}
2023-10-04 17:33:35,789 [main] INFO  server.Server (Server.java:doStart(415)) - Started @253034ms
2023-10-04 17:33:35,789 [main] WARN  impl.MetricsSystemImpl (MetricsSystemImpl.java:register(279)) - Sink prometheus already exists!
2023-10-04 17:33:35,790 [main] INFO  http.BaseHttpServer (BaseHttpServer.java:updateConnectorAddress(354)) - HTTP server of hddsDatanode listening at http://0.0.0.0:15177
2023-10-04 17:33:35,790 [main] INFO  ipc.CallQueueManager (CallQueueManager.java:<init>(90)) - Using callQueue: class java.util.concurrent.LinkedBlockingQueue, queueCapacity: 100, scheduler: class org.apache.hadoop.ipc.DefaultRpcScheduler, ipcBackoff: false.
2023-10-04 17:33:35,790 [main] INFO  ipc.Server (Server.java:<init>(1287)) - Listener at 0.0.0.0:15178
2023-10-04 17:33:35,793 [Socket Reader #1 for port 15178] INFO  ipc.Server (Server.java:run(1323)) - Starting Socket Reader #1 for port 15178
2023-10-04 17:33:35,796 [main] INFO  ozone.HddsDatanodeService (HddsDatanodeService.java:start(315)) - Datanode start with admins: [runner]
2023-10-04 17:33:35,796 [main] INFO  ozone.HddsDatanodeClientProtocolServer (HddsDatanodeClientProtocolServer.java:start(72)) - RPC server for Client /0.0.0.0:15178
2023-10-04 17:33:35,796 [IPC Server Responder] INFO  ipc.Server (Server.java:run(1562)) - IPC Server Responder: starting
2023-10-04 17:33:35,798 [Datanode State Machine Daemon Thread] INFO  statemachine.DatanodeStateMachine (DatanodeStateMachine.java:lambda$startDaemon$0(539)) - Ozone container server started.
2023-10-04 17:33:35,799 [main] WARN  impl.MetricRegistriesImpl (MetricRegistriesImpl.java:addReporterRegistration(111)) - New reporters are added after registries were created. Some metrics will be missing from the reporter. Please add reporter before adding any new registry.
2023-10-04 17:33:35,800 [main] WARN  impl.MetricRegistriesImpl (MetricRegistriesImpl.java:addReporterRegistration(111)) - New reporters are added after registries were created. Some metrics will be missing from the reporter. Please add reporter before adding any new registry.
2023-10-04 17:33:35,800 [main] INFO  impl.MetricsSystemImpl (MetricsSystemImpl.java:init(158)) - HddsDatanode metrics system started (again)
2023-10-04 17:33:35,799 [IPC Server listener on 15178] INFO  ipc.Server (Server.java:run(1402)) - IPC Server listener on 15178: starting
2023-10-04 17:33:35,808 [Datanode State Machine Task Thread - 0] INFO  datanode.InitDatanodeState (InitDatanodeState.java:persistContainerDatanodeDetails(138)) - DatanodeDetails is persisted to /home/runner/work/ozone/ozone/hadoop-ozone/integration-test/target/test-dir/MiniOzoneClusterImpl-e9305288-83d2-469c-8969-78e040065d82/datanode-1/meta/datanode.id
2023-10-04 17:33:35,821 [main] INFO  ozone.HddsDatanodeService (HddsDatanodeService.java:start(237)) - HddsDatanodeService host:fv-az453-706.hss2zji4abbufegd5wcf2so25h.dx.internal.cloudapp.net ip:10.1.0.20
2023-10-04 17:33:35,845 [main] INFO  upgrade.AbstractLayoutVersionManager (AbstractLayoutVersionManager.java:init(83)) - Initializing Layout version manager with metadata layout = HADOOP_PRC_PORTS_IN_DATANODEDETAILS (version = 7), software layout = HADOOP_PRC_PORTS_IN_DATANODEDETAILS (version = 7)
2023-10-04 17:33:35,846 [main] INFO  statemachine.DatanodeStateMachine (DatanodeStateMachine.java:getEndPointTaskThreadPoolSize(283)) - Datanode State Machine Task Thread Pool size 2
2023-10-04 17:33:35,847 [main] INFO  volume.HddsVolume (HddsVolume.java:<init>(126)) - Creating HddsVolume: /home/runner/work/ozone/ozone/hadoop-ozone/integration-test/target/test-dir/MiniOzoneClusterImpl-e9305288-83d2-469c-8969-78e040065d82/datanode-2/data-0/containers/hdds of storage type : DISK capacity : 9223372036854775807
2023-10-04 17:33:35,847 [main] INFO  volume.MutableVolumeSet (MutableVolumeSet.java:initializeVolumeSet(173)) - Added Volume : /home/runner/work/ozone/ozone/hadoop-ozone/integration-test/target/test-dir/MiniOzoneClusterImpl-e9305288-83d2-469c-8969-78e040065d82/datanode-2/data-0/containers/hdds to VolumeSet
2023-10-04 17:33:35,848 [main] INFO  volume.MutableVolumeSet (MutableVolumeSet.java:initializeVolumeSet(173)) - Added Volume : /home/runner/work/ozone/ozone/hadoop-ozone/integration-test/target/test-dir/MiniOzoneClusterImpl-e9305288-83d2-469c-8969-78e040065d82/datanode-2/data/ratis to VolumeSet
2023-10-04 17:33:35,849 [Thread-1972] INFO  ozoneimpl.ContainerReader (ContainerReader.java:readVolume(177)) - Finish verifying containers on volume /home/runner/work/ozone/ozone/hadoop-ozone/integration-test/target/test-dir/MiniOzoneClusterImpl-e9305288-83d2-469c-8969-78e040065d82/datanode-2/data-0/containers/hdds
2023-10-04 17:33:35,849 [main] INFO  ozoneimpl.OzoneContainer (OzoneContainer.java:buildContainerSet(314)) - Build ContainerSet costs 0s
2023-10-04 17:33:35,850 [main] INFO  server.RaftServer (ConfUtils.java:logGet(46)) - raft.rpc.type = GRPC (default)
2023-10-04 17:33:35,851 [main] INFO  grpc.GrpcConfigKeys (ConfUtils.java:logFallback(53)) - raft.grpc.admin.host = null (fallback to raft.grpc.server.host)
2023-10-04 17:33:35,851 [main] INFO  grpc.GrpcConfigKeys (ConfUtils.java:logGet(46)) - raft.grpc.admin.port = 15190 (custom)
2023-10-04 17:33:35,851 [main] INFO  grpc.GrpcConfigKeys (ConfUtils.java:logFallback(53)) - raft.grpc.client.host = null (fallback to raft.grpc.server.host)
2023-10-04 17:33:35,851 [main] INFO  grpc.GrpcConfigKeys (ConfUtils.java:logGet(46)) - raft.grpc.client.port = 15189 (custom)
2023-10-04 17:33:35,851 [main] INFO  grpc.GrpcConfigKeys (ConfUtils.java:logGet(46)) - raft.grpc.server.host = null (default)
2023-10-04 17:33:35,851 [main] INFO  grpc.GrpcConfigKeys (ConfUtils.java:logGet(46)) - raft.grpc.server.port = 15191 (custom)
2023-10-04 17:33:35,851 [main] INFO  server.GrpcService (ConfUtils.java:logGet(46)) - raft.grpc.message.size.max = 32MB (=33554432) (custom)
2023-10-04 17:33:35,851 [main] INFO  server.RaftServerConfigKeys (ConfUtils.java:logGet(46)) - raft.server.log.appender.buffer.byte-limit = 33554432 (custom)
2023-10-04 17:33:35,852 [main] INFO  server.GrpcService (ConfUtils.java:logGet(46)) - raft.grpc.flow.control.window = 5MB (=5242880) (custom)
2023-10-04 17:33:35,852 [main] INFO  server.RaftServerConfigKeys (ConfUtils.java:logGet(46)) - raft.server.rpc.request.timeout = 60s (custom)
2023-10-04 17:33:35,852 [main] INFO  grpc.GrpcConfigKeys (ConfUtils.java:logGet(46)) - raft.grpc.server.heartbeat.channel = true (default)
2023-10-04 17:33:35,852 [main] INFO  grpc.GrpcConfigKeys (ConfUtils.java:logGet(46)) - raft.grpc.server.async.request.thread.pool.cached = true (default)
2023-10-04 17:33:35,852 [main] INFO  grpc.GrpcConfigKeys (ConfUtils.java:logGet(46)) - raft.grpc.server.async.request.thread.pool.size = 32 (default)
2023-10-04 17:33:35,855 [main] INFO  impl.DataStreamServerImpl (ConfUtils.java:logGet(46)) - raft.datastream.type = NETTY (custom)
2023-10-04 17:33:35,855 [main] INFO  server.RaftServerConfigKeys (ConfUtils.java:logGet(46)) - raft.server.data-stream.async.request.thread.pool.cached = false (default)
2023-10-04 17:33:35,855 [main] INFO  server.RaftServerConfigKeys (ConfUtils.java:logGet(46)) - raft.server.data-stream.async.request.thread.pool.size = 20 (custom)
2023-10-04 17:33:35,855 [main] INFO  server.RaftServerConfigKeys (ConfUtils.java:logGet(46)) - raft.server.data-stream.async.write.thread.pool.size = 16 (default)
2023-10-04 17:33:35,855 [main] INFO  server.RaftServerConfigKeys (ConfUtils.java:logGet(46)) - raft.server.data-stream.client.pool.size = 10 (default)
2023-10-04 17:33:35,855 [main] INFO  netty.NettyConfigKeys$DataStream (ConfUtils.java:logGet(46)) - raft.netty.dataStream.server.use-epoll = false (default)
2023-10-04 17:33:35,855 [main] INFO  netty.NettyConfigKeys$DataStream (ConfUtils.java:logGet(46)) - raft.netty.dataStream.server.boss-group.size = 0 (default)
2023-10-04 17:33:35,856 [main] INFO  netty.NettyConfigKeys$DataStream (ConfUtils.java:logGet(46)) - raft.netty.dataStream.server.worker-group.size = 0 (default)
2023-10-04 17:33:35,856 [main] INFO  netty.NettyConfigKeys$DataStream (ConfUtils.java:logGet(46)) - raft.netty.dataStream.server.tls.conf = null (default)
2023-10-04 17:33:35,856 [main] INFO  netty.NettyConfigKeys$DataStream (ConfUtils.java:logGet(46)) - raft.netty.dataStream.host = null (default)
2023-10-04 17:33:35,857 [main] INFO  netty.NettyConfigKeys$DataStream (ConfUtils.java:logGet(46)) - raft.netty.dataStream.port = 15192 (custom)
2023-10-04 17:33:35,857 [main] INFO  server.RaftServerConfigKeys (ConfUtils.java:logGet(46)) - raft.server.threadpool.proxy.cached = true (default)
2023-10-04 17:33:35,857 [main] INFO  server.RaftServerConfigKeys (ConfUtils.java:logGet(46)) - raft.server.threadpool.proxy.size = 0 (default)
2023-10-04 17:33:35,857 [0fe30932-4948-4248-92da-86cdb3d75943-NettyServerStreamRpc-bossGroup--thread1] INFO  logging.LoggingHandler (AbstractInternalLogger.java:log(148)) - [id: 0xf54e6293] REGISTERED
2023-10-04 17:33:35,857 [main] INFO  server.RaftServerConfigKeys (ConfUtils.java:logGet(46)) - raft.server.rpc.slowness.timeout = 300s (custom)
2023-10-04 17:33:35,857 [main] INFO  server.RaftServerConfigKeys (ConfUtils.java:logGet(46)) - raft.server.leaderelection.leader.step-down.wait-time = 10s (default)
2023-10-04 17:33:35,858 [main] INFO  server.RaftServerConfigKeys (ConfUtils.java:logGet(46)) - raft.server.storage.dir = [/home/runner/work/ozone/ozone/hadoop-ozone/integration-test/target/test-dir/MiniOzoneClusterImpl-e9305288-83d2-469c-8969-78e040065d82/datanode-2/data/ratis] (custom)
2023-10-04 17:33:35,857 [0fe30932-4948-4248-92da-86cdb3d75943-NettyServerStreamRpc-bossGroup--thread1] INFO  logging.LoggingHandler (AbstractInternalLogger.java:log(148)) - [id: 0xf54e6293] BIND: 0.0.0.0/0.0.0.0:15192
2023-10-04 17:33:35,858 [0fe30932-4948-4248-92da-86cdb3d75943-NettyServerStreamRpc-bossGroup--thread1] INFO  logging.LoggingHandler (AbstractInternalLogger.java:log(148)) - [id: 0xf54e6293, L:/0:0:0:0:0:0:0:0:15192] ACTIVE
2023-10-04 17:33:35,858 [0fe30932-4948-4248-92da-86cdb3d75943-impl-thread1] INFO  server.RaftServer (RaftServerProxy.java:initGroupDir(258)) - 0fe30932-4948-4248-92da-86cdb3d75943: found a subdirectory /home/runner/work/ozone/ozone/hadoop-ozone/integration-test/target/test-dir/MiniOzoneClusterImpl-e9305288-83d2-469c-8969-78e040065d82/datanode-2/data/ratis/tmp
2023-10-04 17:33:35,858 [0fe30932-4948-4248-92da-86cdb3d75943-impl-thread1] INFO  server.RaftServer (RaftServerProxy.java:initGroupDir(263)) - 0fe30932-4948-4248-92da-86cdb3d75943: The directory /home/runner/work/ozone/ozone/hadoop-ozone/integration-test/target/test-dir/MiniOzoneClusterImpl-e9305288-83d2-469c-8969-78e040065d82/datanode-2/data/ratis/tmp is not a group directory; ignoring it. 
2023-10-04 17:33:35,859 [main] INFO  replication.ReplicationServer (ReplicationServer.java:<init>(83)) - Initializing replication server with thread count = 10 queue length = 4096
2023-10-04 17:33:35,860 [main] INFO  server.XceiverServerGrpc (XceiverServerGrpc.java:<init>(132)) - GrpcServer channel type EpollServerSocketChannel
2023-10-04 17:33:35,861 [main] INFO  replication.ReplicationSupervisor (ReplicationSupervisor.java:build(155)) - Initializing replication supervisor with thread count = 10
2023-10-04 17:33:35,861 [main] INFO  replication.ReplicationSupervisor (ReplicationSupervisor.java:nodeStateUpdated(307)) - Node state updated to IN_SERVICE, scaling executor pool size to 10
2023-10-04 17:33:35,863 [main] INFO  http.BaseHttpServer (BaseHttpServer.java:newHttpServer2BuilderForOzone(223)) - Starting Web-server for hddsDatanode at: http://0.0.0.0:15186
2023-10-04 17:33:35,863 [main] INFO  http.BaseHttpServer (BaseHttpServer.java:<init>(110)) - Hadoop Security Enabled: false Ozone Security Enabled: false Ozone HTTP Security Enabled: false 
2023-10-04 17:33:35,864 [main] WARN  server.AuthenticationFilter (AuthenticationFilter.java:constructSecretProvider(240)) - Unable to initialize FileSignerSecretProvider, falling back to use random secrets. Reason: Could not read signature secret file: /home/runner/hadoop-http-auth-signature-secret
2023-10-04 17:33:35,866 [main] INFO  http.HttpRequestLog (HttpRequestLog.java:getRequestLog(86)) - Http request log for http.requests.hddsDatanode is not defined
2023-10-04 17:33:35,867 [main] INFO  http.HttpServer2 (HttpServer2.java:addGlobalFilter(1031)) - Added global filter 'safety' (class=org.apache.hadoop.hdds.server.http.HttpServer2$QuotingInputFilter)
2023-10-04 17:33:35,868 [main] INFO  http.HttpServer2 (HttpServer2.java:addFilter(1007)) - Added filter static_user_filter (class=org.apache.hadoop.http.lib.StaticUserWebFilter$StaticUserFilter) to context hddsDatanode
2023-10-04 17:33:35,868 [main] INFO  http.HttpServer2 (HttpServer2.java:addFilter(1015)) - Added filter static_user_filter (class=org.apache.hadoop.http.lib.StaticUserWebFilter$StaticUserFilter) to context static
2023-10-04 17:33:35,868 [main] INFO  http.HttpServer2 (HttpServer2.java:addFilter(1015)) - Added filter static_user_filter (class=org.apache.hadoop.http.lib.StaticUserWebFilter$StaticUserFilter) to context logs
2023-10-04 17:33:35,868 [main] INFO  http.BaseHttpServer (BaseHttpServer.java:<init>(189)) - HTTP server of hddsDatanode uses base directory /home/runner/work/ozone/ozone/hadoop-ozone/integration-test/target/test-dir/MiniOzoneClusterImpl-e9305288-83d2-469c-8969-78e040065d82/datanode-2/meta/webserver
2023-10-04 17:33:35,869 [main] INFO  http.HttpServer2 (HttpServer2.java:bindListener(1231)) - Jetty bound to port 15186
2023-10-04 17:33:35,869 [main] INFO  server.Server (Server.java:doStart(375)) - jetty-9.4.52.v20230823; built: 2023-08-23T19:29:37.669Z; git: abdcda73818a1a2c705da276edb0bf6581e7997e; jvm 1.8.0_382-b05
2023-10-04 17:33:35,874 [main] INFO  server.session (DefaultSessionIdManager.java:doStart(334)) - DefaultSessionIdManager workerName=node0
2023-10-04 17:33:35,875 [main] INFO  server.session (DefaultSessionIdManager.java:doStart(339)) - No SessionScavenger set, using defaults
2023-10-04 17:33:35,875 [main] INFO  server.session (HouseKeeper.java:startScavenging(132)) - node0 Scavenging every 600000ms
2023-10-04 17:33:35,876 [main] INFO  handler.ContextHandler (ContextHandler.java:doStart(921)) - Started o.e.j.s.ServletContextHandler@cdfb293{logs,/logs,file:///home/runner/work/ozone/ozone/hadoop-ozone/integration-test/target/log,AVAILABLE}
2023-10-04 17:33:35,876 [main] INFO  handler.ContextHandler (ContextHandler.java:doStart(921)) - Started o.e.j.s.ServletContextHandler@6e4290eb{static,/static,jar:file:/home/runner/.m2/repository/org/apache/ozone/hdds-container-service/1.4.0-SNAPSHOT/hdds-container-service-1.4.0-SNAPSHOT.jar!/webapps/static,AVAILABLE}
2023-10-04 17:33:36,099 [main] INFO  handler.ContextHandler (ContextHandler.java:doStart(921)) - Started o.e.j.w.WebAppContext@33389710{hddsDatanode,/,file:///home/runner/work/ozone/ozone/hadoop-ozone/integration-test/target/test-dir/MiniOzoneClusterImpl-e9305288-83d2-469c-8969-78e040065d82/datanode-2/meta/webserver/jetty-0_0_0_0-15186-hdds-container-service-1_4_0-SNAPSHOT_jar-_-any-5949385441722777107/webapp/,AVAILABLE}{jar:file:/home/runner/.m2/repository/org/apache/ozone/hdds-container-service/1.4.0-SNAPSHOT/hdds-container-service-1.4.0-SNAPSHOT.jar!/webapps/hddsDatanode}
2023-10-04 17:33:36,102 [main] INFO  server.AbstractConnector (AbstractConnector.java:doStart(333)) - Started ServerConnector@33745bb7{HTTP/1.1, (http/1.1)}{0.0.0.0:15186}
2023-10-04 17:33:36,102 [main] INFO  server.Server (Server.java:doStart(415)) - Started @253348ms
2023-10-04 17:33:36,102 [main] WARN  impl.MetricsSystemImpl (MetricsSystemImpl.java:register(279)) - Sink prometheus already exists!
2023-10-04 17:33:36,103 [main] INFO  http.BaseHttpServer (BaseHttpServer.java:updateConnectorAddress(354)) - HTTP server of hddsDatanode listening at http://0.0.0.0:15186
2023-10-04 17:33:36,103 [main] INFO  ipc.CallQueueManager (CallQueueManager.java:<init>(90)) - Using callQueue: class java.util.concurrent.LinkedBlockingQueue, queueCapacity: 100, scheduler: class org.apache.hadoop.ipc.DefaultRpcScheduler, ipcBackoff: false.
2023-10-04 17:33:36,103 [main] INFO  ipc.Server (Server.java:<init>(1287)) - Listener at 0.0.0.0:15187
2023-10-04 17:33:36,104 [Socket Reader #1 for port 15187] INFO  ipc.Server (Server.java:run(1323)) - Starting Socket Reader #1 for port 15187
2023-10-04 17:33:36,111 [main] INFO  ozone.HddsDatanodeService (HddsDatanodeService.java:start(315)) - Datanode start with admins: [runner]
2023-10-04 17:33:36,112 [main] INFO  ozone.HddsDatanodeClientProtocolServer (HddsDatanodeClientProtocolServer.java:start(72)) - RPC server for Client /0.0.0.0:15187
2023-10-04 17:33:36,112 [IPC Server Responder] INFO  ipc.Server (Server.java:run(1562)) - IPC Server Responder: starting
2023-10-04 17:33:36,112 [IPC Server listener on 15187] INFO  ipc.Server (Server.java:run(1402)) - IPC Server listener on 15187: starting
2023-10-04 17:33:36,113 [Datanode State Machine Daemon Thread] INFO  statemachine.DatanodeStateMachine (DatanodeStateMachine.java:lambda$startDaemon$0(539)) - Ozone container server started.
2023-10-04 17:33:36,113 [main] WARN  impl.MetricRegistriesImpl (MetricRegistriesImpl.java:addReporterRegistration(111)) - New reporters are added after registries were created. Some metrics will be missing from the reporter. Please add reporter before adding any new registry.
2023-10-04 17:33:36,118 [main] WARN  impl.MetricRegistriesImpl (MetricRegistriesImpl.java:addReporterRegistration(111)) - New reporters are added after registries were created. Some metrics will be missing from the reporter. Please add reporter before adding any new registry.
2023-10-04 17:33:36,118 [main] INFO  impl.MetricsSystemImpl (MetricsSystemImpl.java:init(158)) - HddsDatanode metrics system started (again)
2023-10-04 17:33:36,133 [main] INFO  ozone.HddsDatanodeService (HddsDatanodeService.java:start(237)) - HddsDatanodeService host:fv-az453-706.hss2zji4abbufegd5wcf2so25h.dx.internal.cloudapp.net ip:10.1.0.20
2023-10-04 17:33:36,135 [Datanode State Machine Task Thread - 0] INFO  datanode.InitDatanodeState (InitDatanodeState.java:persistContainerDatanodeDetails(138)) - DatanodeDetails is persisted to /home/runner/work/ozone/ozone/hadoop-ozone/integration-test/target/test-dir/MiniOzoneClusterImpl-e9305288-83d2-469c-8969-78e040065d82/datanode-2/meta/datanode.id
2023-10-04 17:33:36,159 [main] INFO  upgrade.AbstractLayoutVersionManager (AbstractLayoutVersionManager.java:init(83)) - Initializing Layout version manager with metadata layout = HADOOP_PRC_PORTS_IN_DATANODEDETAILS (version = 7), software layout = HADOOP_PRC_PORTS_IN_DATANODEDETAILS (version = 7)
2023-10-04 17:33:36,160 [main] INFO  statemachine.DatanodeStateMachine (DatanodeStateMachine.java:getEndPointTaskThreadPoolSize(283)) - Datanode State Machine Task Thread Pool size 2
2023-10-04 17:33:36,161 [main] INFO  volume.HddsVolume (HddsVolume.java:<init>(126)) - Creating HddsVolume: /home/runner/work/ozone/ozone/hadoop-ozone/integration-test/target/test-dir/MiniOzoneClusterImpl-e9305288-83d2-469c-8969-78e040065d82/datanode-3/data-0/containers/hdds of storage type : DISK capacity : 9223372036854775807
2023-10-04 17:33:36,162 [main] INFO  volume.MutableVolumeSet (MutableVolumeSet.java:initializeVolumeSet(173)) - Added Volume : /home/runner/work/ozone/ozone/hadoop-ozone/integration-test/target/test-dir/MiniOzoneClusterImpl-e9305288-83d2-469c-8969-78e040065d82/datanode-3/data-0/containers/hdds to VolumeSet
2023-10-04 17:33:36,162 [main] INFO  volume.MutableVolumeSet (MutableVolumeSet.java:initializeVolumeSet(173)) - Added Volume : /home/runner/work/ozone/ozone/hadoop-ozone/integration-test/target/test-dir/MiniOzoneClusterImpl-e9305288-83d2-469c-8969-78e040065d82/datanode-3/data/ratis to VolumeSet
2023-10-04 17:33:36,163 [Thread-1989] INFO  ozoneimpl.ContainerReader (ContainerReader.java:readVolume(177)) - Finish verifying containers on volume /home/runner/work/ozone/ozone/hadoop-ozone/integration-test/target/test-dir/MiniOzoneClusterImpl-e9305288-83d2-469c-8969-78e040065d82/datanode-3/data-0/containers/hdds
2023-10-04 17:33:36,163 [main] INFO  ozoneimpl.OzoneContainer (OzoneContainer.java:buildContainerSet(314)) - Build ContainerSet costs 0s
2023-10-04 17:33:36,165 [main] INFO  server.RaftServer (ConfUtils.java:logGet(46)) - raft.rpc.type = GRPC (default)
2023-10-04 17:33:36,165 [main] INFO  grpc.GrpcConfigKeys (ConfUtils.java:logFallback(53)) - raft.grpc.admin.host = null (fallback to raft.grpc.server.host)
2023-10-04 17:33:36,165 [main] INFO  grpc.GrpcConfigKeys (ConfUtils.java:logGet(46)) - raft.grpc.admin.port = 15199 (custom)
2023-10-04 17:33:36,165 [main] INFO  grpc.GrpcConfigKeys (ConfUtils.java:logFallback(53)) - raft.grpc.client.host = null (fallback to raft.grpc.server.host)
2023-10-04 17:33:36,165 [main] INFO  grpc.GrpcConfigKeys (ConfUtils.java:logGet(46)) - raft.grpc.client.port = 15198 (custom)
2023-10-04 17:33:36,166 [main] INFO  grpc.GrpcConfigKeys (ConfUtils.java:logGet(46)) - raft.grpc.server.host = null (default)
2023-10-04 17:33:36,166 [main] INFO  grpc.GrpcConfigKeys (ConfUtils.java:logGet(46)) - raft.grpc.server.port = 15200 (custom)
2023-10-04 17:33:36,166 [main] INFO  server.GrpcService (ConfUtils.java:logGet(46)) - raft.grpc.message.size.max = 32MB (=33554432) (custom)
2023-10-04 17:33:36,166 [main] INFO  server.RaftServerConfigKeys (ConfUtils.java:logGet(46)) - raft.server.log.appender.buffer.byte-limit = 33554432 (custom)
2023-10-04 17:33:36,166 [main] INFO  server.GrpcService (ConfUtils.java:logGet(46)) - raft.grpc.flow.control.window = 5MB (=5242880) (custom)
2023-10-04 17:33:36,166 [main] INFO  server.RaftServerConfigKeys (ConfUtils.java:logGet(46)) - raft.server.rpc.request.timeout = 60s (custom)
2023-10-04 17:33:36,166 [main] INFO  grpc.GrpcConfigKeys (ConfUtils.java:logGet(46)) - raft.grpc.server.heartbeat.channel = true (default)
2023-10-04 17:33:36,166 [main] INFO  grpc.GrpcConfigKeys (ConfUtils.java:logGet(46)) - raft.grpc.server.async.request.thread.pool.cached = true (default)
2023-10-04 17:33:36,166 [main] INFO  grpc.GrpcConfigKeys (ConfUtils.java:logGet(46)) - raft.grpc.server.async.request.thread.pool.size = 32 (default)
2023-10-04 17:33:36,169 [main] INFO  impl.DataStreamServerImpl (ConfUtils.java:logGet(46)) - raft.datastream.type = NETTY (custom)
2023-10-04 17:33:36,169 [main] INFO  server.RaftServerConfigKeys (ConfUtils.java:logGet(46)) - raft.server.data-stream.async.request.thread.pool.cached = false (default)
2023-10-04 17:33:36,169 [main] INFO  server.RaftServerConfigKeys (ConfUtils.java:logGet(46)) - raft.server.data-stream.async.request.thread.pool.size = 20 (custom)
2023-10-04 17:33:36,170 [main] INFO  server.RaftServerConfigKeys (ConfUtils.java:logGet(46)) - raft.server.data-stream.async.write.thread.pool.size = 16 (default)
2023-10-04 17:33:36,170 [main] INFO  server.RaftServerConfigKeys (ConfUtils.java:logGet(46)) - raft.server.data-stream.client.pool.size = 10 (default)
2023-10-04 17:33:36,170 [main] INFO  netty.NettyConfigKeys$DataStream (ConfUtils.java:logGet(46)) - raft.netty.dataStream.server.use-epoll = false (default)
2023-10-04 17:33:36,170 [main] INFO  netty.NettyConfigKeys$DataStream (ConfUtils.java:logGet(46)) - raft.netty.dataStream.server.boss-group.size = 0 (default)
2023-10-04 17:33:36,170 [main] INFO  netty.NettyConfigKeys$DataStream (ConfUtils.java:logGet(46)) - raft.netty.dataStream.server.worker-group.size = 0 (default)
2023-10-04 17:33:36,171 [main] INFO  netty.NettyConfigKeys$DataStream (ConfUtils.java:logGet(46)) - raft.netty.dataStream.server.tls.conf = null (default)
2023-10-04 17:33:36,171 [main] INFO  netty.NettyConfigKeys$DataStream (ConfUtils.java:logGet(46)) - raft.netty.dataStream.host = null (default)
2023-10-04 17:33:36,171 [main] INFO  netty.NettyConfigKeys$DataStream (ConfUtils.java:logGet(46)) - raft.netty.dataStream.port = 15201 (custom)
2023-10-04 17:33:36,171 [main] INFO  server.RaftServerConfigKeys (ConfUtils.java:logGet(46)) - raft.server.threadpool.proxy.cached = true (default)
2023-10-04 17:33:36,172 [main] INFO  server.RaftServerConfigKeys (ConfUtils.java:logGet(46)) - raft.server.threadpool.proxy.size = 0 (default)
2023-10-04 17:33:36,172 [main] INFO  server.RaftServerConfigKeys (ConfUtils.java:logGet(46)) - raft.server.rpc.slowness.timeout = 300s (custom)
2023-10-04 17:33:36,172 [219c79a0-740f-489f-9b06-6aa3e833066c-NettyServerStreamRpc-bossGroup--thread1] INFO  logging.LoggingHandler (AbstractInternalLogger.java:log(148)) - [id: 0xc134f8b3] REGISTERED
2023-10-04 17:33:36,172 [main] INFO  server.RaftServerConfigKeys (ConfUtils.java:logGet(46)) - raft.server.leaderelection.leader.step-down.wait-time = 10s (default)
2023-10-04 17:33:36,172 [219c79a0-740f-489f-9b06-6aa3e833066c-NettyServerStreamRpc-bossGroup--thread1] INFO  logging.LoggingHandler (AbstractInternalLogger.java:log(148)) - [id: 0xc134f8b3] BIND: 0.0.0.0/0.0.0.0:15201
2023-10-04 17:33:36,172 [main] INFO  server.RaftServerConfigKeys (ConfUtils.java:logGet(46)) - raft.server.storage.dir = [/home/runner/work/ozone/ozone/hadoop-ozone/integration-test/target/test-dir/MiniOzoneClusterImpl-e9305288-83d2-469c-8969-78e040065d82/datanode-3/data/ratis] (custom)
2023-10-04 17:33:36,173 [219c79a0-740f-489f-9b06-6aa3e833066c-impl-thread1] INFO  server.RaftServer (RaftServerProxy.java:initGroupDir(258)) - 219c79a0-740f-489f-9b06-6aa3e833066c: found a subdirectory /home/runner/work/ozone/ozone/hadoop-ozone/integration-test/target/test-dir/MiniOzoneClusterImpl-e9305288-83d2-469c-8969-78e040065d82/datanode-3/data/ratis/tmp
2023-10-04 17:33:36,173 [219c79a0-740f-489f-9b06-6aa3e833066c-impl-thread1] INFO  server.RaftServer (RaftServerProxy.java:initGroupDir(263)) - 219c79a0-740f-489f-9b06-6aa3e833066c: The directory /home/runner/work/ozone/ozone/hadoop-ozone/integration-test/target/test-dir/MiniOzoneClusterImpl-e9305288-83d2-469c-8969-78e040065d82/datanode-3/data/ratis/tmp is not a group directory; ignoring it. 
2023-10-04 17:33:36,173 [main] INFO  replication.ReplicationServer (ReplicationServer.java:<init>(83)) - Initializing replication server with thread count = 10 queue length = 4096
2023-10-04 17:33:36,174 [219c79a0-740f-489f-9b06-6aa3e833066c-NettyServerStreamRpc-bossGroup--thread1] INFO  logging.LoggingHandler (AbstractInternalLogger.java:log(148)) - [id: 0xc134f8b3, L:/0:0:0:0:0:0:0:0:15201] ACTIVE
2023-10-04 17:33:36,174 [main] INFO  server.XceiverServerGrpc (XceiverServerGrpc.java:<init>(132)) - GrpcServer channel type EpollServerSocketChannel
2023-10-04 17:33:36,175 [main] INFO  replication.ReplicationSupervisor (ReplicationSupervisor.java:build(155)) - Initializing replication supervisor with thread count = 10
2023-10-04 17:33:36,176 [main] INFO  replication.ReplicationSupervisor (ReplicationSupervisor.java:nodeStateUpdated(307)) - Node state updated to IN_SERVICE, scaling executor pool size to 10
2023-10-04 17:33:36,177 [main] INFO  http.BaseHttpServer (BaseHttpServer.java:newHttpServer2BuilderForOzone(223)) - Starting Web-server for hddsDatanode at: http://0.0.0.0:15195
2023-10-04 17:33:36,177 [main] INFO  http.BaseHttpServer (BaseHttpServer.java:<init>(110)) - Hadoop Security Enabled: false Ozone Security Enabled: false Ozone HTTP Security Enabled: false 
2023-10-04 17:33:36,179 [main] WARN  server.AuthenticationFilter (AuthenticationFilter.java:constructSecretProvider(240)) - Unable to initialize FileSignerSecretProvider, falling back to use random secrets. Reason: Could not read signature secret file: /home/runner/hadoop-http-auth-signature-secret
2023-10-04 17:33:36,179 [main] INFO  http.HttpRequestLog (HttpRequestLog.java:getRequestLog(86)) - Http request log for http.requests.hddsDatanode is not defined
2023-10-04 17:33:36,180 [main] INFO  http.HttpServer2 (HttpServer2.java:addGlobalFilter(1031)) - Added global filter 'safety' (class=org.apache.hadoop.hdds.server.http.HttpServer2$QuotingInputFilter)
2023-10-04 17:33:36,181 [main] INFO  http.HttpServer2 (HttpServer2.java:addFilter(1007)) - Added filter static_user_filter (class=org.apache.hadoop.http.lib.StaticUserWebFilter$StaticUserFilter) to context hddsDatanode
2023-10-04 17:33:36,181 [main] INFO  http.HttpServer2 (HttpServer2.java:addFilter(1015)) - Added filter static_user_filter (class=org.apache.hadoop.http.lib.StaticUserWebFilter$StaticUserFilter) to context static
2023-10-04 17:33:36,181 [main] INFO  http.HttpServer2 (HttpServer2.java:addFilter(1015)) - Added filter static_user_filter (class=org.apache.hadoop.http.lib.StaticUserWebFilter$StaticUserFilter) to context logs
2023-10-04 17:33:36,181 [main] INFO  http.BaseHttpServer (BaseHttpServer.java:<init>(189)) - HTTP server of hddsDatanode uses base directory /home/runner/work/ozone/ozone/hadoop-ozone/integration-test/target/test-dir/MiniOzoneClusterImpl-e9305288-83d2-469c-8969-78e040065d82/datanode-3/meta/webserver
2023-10-04 17:33:36,182 [main] INFO  http.HttpServer2 (HttpServer2.java:bindListener(1231)) - Jetty bound to port 15195
2023-10-04 17:33:36,182 [main] INFO  server.Server (Server.java:doStart(375)) - jetty-9.4.52.v20230823; built: 2023-08-23T19:29:37.669Z; git: abdcda73818a1a2c705da276edb0bf6581e7997e; jvm 1.8.0_382-b05
2023-10-04 17:33:36,187 [main] INFO  server.session (DefaultSessionIdManager.java:doStart(334)) - DefaultSessionIdManager workerName=node0
2023-10-04 17:33:36,187 [main] INFO  server.session (DefaultSessionIdManager.java:doStart(339)) - No SessionScavenger set, using defaults
2023-10-04 17:33:36,187 [main] INFO  server.session (HouseKeeper.java:startScavenging(132)) - node0 Scavenging every 600000ms
2023-10-04 17:33:36,188 [main] INFO  handler.ContextHandler (ContextHandler.java:doStart(921)) - Started o.e.j.s.ServletContextHandler@74945cab{logs,/logs,file:///home/runner/work/ozone/ozone/hadoop-ozone/integration-test/target/log,AVAILABLE}
2023-10-04 17:33:36,188 [main] INFO  handler.ContextHandler (ContextHandler.java:doStart(921)) - Started o.e.j.s.ServletContextHandler@69a7866b{static,/static,jar:file:/home/runner/.m2/repository/org/apache/ozone/hdds-container-service/1.4.0-SNAPSHOT/hdds-container-service-1.4.0-SNAPSHOT.jar!/webapps/static,AVAILABLE}
2023-10-04 17:33:36,410 [main] INFO  handler.ContextHandler (ContextHandler.java:doStart(921)) - Started o.e.j.w.WebAppContext@18524b74{hddsDatanode,/,file:///home/runner/work/ozone/ozone/hadoop-ozone/integration-test/target/test-dir/MiniOzoneClusterImpl-e9305288-83d2-469c-8969-78e040065d82/datanode-3/meta/webserver/jetty-0_0_0_0-15195-hdds-container-service-1_4_0-SNAPSHOT_jar-_-any-484713496473336206/webapp/,AVAILABLE}{jar:file:/home/runner/.m2/repository/org/apache/ozone/hdds-container-service/1.4.0-SNAPSHOT/hdds-container-service-1.4.0-SNAPSHOT.jar!/webapps/hddsDatanode}
2023-10-04 17:33:36,412 [main] INFO  server.AbstractConnector (AbstractConnector.java:doStart(333)) - Started ServerConnector@1ce6e978{HTTP/1.1, (http/1.1)}{0.0.0.0:15195}
2023-10-04 17:33:36,412 [main] INFO  server.Server (Server.java:doStart(415)) - Started @253657ms
2023-10-04 17:33:36,412 [main] WARN  impl.MetricsSystemImpl (MetricsSystemImpl.java:register(279)) - Sink prometheus already exists!
2023-10-04 17:33:36,413 [main] INFO  http.BaseHttpServer (BaseHttpServer.java:updateConnectorAddress(354)) - HTTP server of hddsDatanode listening at http://0.0.0.0:15195
2023-10-04 17:33:36,413 [main] INFO  ipc.CallQueueManager (CallQueueManager.java:<init>(90)) - Using callQueue: class java.util.concurrent.LinkedBlockingQueue, queueCapacity: 100, scheduler: class org.apache.hadoop.ipc.DefaultRpcScheduler, ipcBackoff: false.
2023-10-04 17:33:36,413 [main] INFO  ipc.Server (Server.java:<init>(1287)) - Listener at 0.0.0.0:15196
2023-10-04 17:33:36,414 [Socket Reader #1 for port 15196] INFO  ipc.Server (Server.java:run(1323)) - Starting Socket Reader #1 for port 15196
2023-10-04 17:33:36,420 [main] INFO  ozone.HddsDatanodeService (HddsDatanodeService.java:start(315)) - Datanode start with admins: [runner]
2023-10-04 17:33:36,420 [main] INFO  ozone.HddsDatanodeClientProtocolServer (HddsDatanodeClientProtocolServer.java:start(72)) - RPC server for Client /0.0.0.0:15196
2023-10-04 17:33:36,420 [IPC Server Responder] INFO  ipc.Server (Server.java:run(1562)) - IPC Server Responder: starting
2023-10-04 17:33:36,423 [Datanode State Machine Daemon Thread] INFO  statemachine.DatanodeStateMachine (DatanodeStateMachine.java:lambda$startDaemon$0(539)) - Ozone container server started.
2023-10-04 17:33:36,423 [main] WARN  impl.MetricRegistriesImpl (MetricRegistriesImpl.java:addReporterRegistration(111)) - New reporters are added after registries were created. Some metrics will be missing from the reporter. Please add reporter before adding any new registry.
2023-10-04 17:33:36,424 [main] WARN  impl.MetricRegistriesImpl (MetricRegistriesImpl.java:addReporterRegistration(111)) - New reporters are added after registries were created. Some metrics will be missing from the reporter. Please add reporter before adding any new registry.
2023-10-04 17:33:36,424 [main] INFO  impl.MetricsSystemImpl (MetricsSystemImpl.java:init(158)) - HddsDatanode metrics system started (again)
2023-10-04 17:33:36,423 [IPC Server listener on 15196] INFO  ipc.Server (Server.java:run(1402)) - IPC Server listener on 15196: starting
2023-10-04 17:33:36,437 [main] INFO  ozone.HddsDatanodeService (HddsDatanodeService.java:start(237)) - HddsDatanodeService host:fv-az453-706.hss2zji4abbufegd5wcf2so25h.dx.internal.cloudapp.net ip:10.1.0.20
2023-10-04 17:33:36,451 [Datanode State Machine Task Thread - 0] INFO  datanode.InitDatanodeState (InitDatanodeState.java:persistContainerDatanodeDetails(138)) - DatanodeDetails is persisted to /home/runner/work/ozone/ozone/hadoop-ozone/integration-test/target/test-dir/MiniOzoneClusterImpl-e9305288-83d2-469c-8969-78e040065d82/datanode-3/meta/datanode.id
2023-10-04 17:33:36,471 [main] INFO  upgrade.AbstractLayoutVersionManager (AbstractLayoutVersionManager.java:init(83)) - Initializing Layout version manager with metadata layout = HADOOP_PRC_PORTS_IN_DATANODEDETAILS (version = 7), software layout = HADOOP_PRC_PORTS_IN_DATANODEDETAILS (version = 7)
2023-10-04 17:33:36,472 [main] INFO  statemachine.DatanodeStateMachine (DatanodeStateMachine.java:getEndPointTaskThreadPoolSize(283)) - Datanode State Machine Task Thread Pool size 2
2023-10-04 17:33:36,473 [main] INFO  volume.HddsVolume (HddsVolume.java:<init>(126)) - Creating HddsVolume: /home/runner/work/ozone/ozone/hadoop-ozone/integration-test/target/test-dir/MiniOzoneClusterImpl-e9305288-83d2-469c-8969-78e040065d82/datanode-4/data-0/containers/hdds of storage type : DISK capacity : 9223372036854775807
2023-10-04 17:33:36,473 [main] INFO  volume.MutableVolumeSet (MutableVolumeSet.java:initializeVolumeSet(173)) - Added Volume : /home/runner/work/ozone/ozone/hadoop-ozone/integration-test/target/test-dir/MiniOzoneClusterImpl-e9305288-83d2-469c-8969-78e040065d82/datanode-4/data-0/containers/hdds to VolumeSet
2023-10-04 17:33:36,474 [main] INFO  volume.MutableVolumeSet (MutableVolumeSet.java:initializeVolumeSet(173)) - Added Volume : /home/runner/work/ozone/ozone/hadoop-ozone/integration-test/target/test-dir/MiniOzoneClusterImpl-e9305288-83d2-469c-8969-78e040065d82/datanode-4/data/ratis to VolumeSet
2023-10-04 17:33:36,475 [Thread-2006] INFO  ozoneimpl.ContainerReader (ContainerReader.java:readVolume(177)) - Finish verifying containers on volume /home/runner/work/ozone/ozone/hadoop-ozone/integration-test/target/test-dir/MiniOzoneClusterImpl-e9305288-83d2-469c-8969-78e040065d82/datanode-4/data-0/containers/hdds
2023-10-04 17:33:36,475 [main] INFO  ozoneimpl.OzoneContainer (OzoneContainer.java:buildContainerSet(314)) - Build ContainerSet costs 0s
2023-10-04 17:33:36,476 [main] INFO  server.RaftServer (ConfUtils.java:logGet(46)) - raft.rpc.type = GRPC (default)
2023-10-04 17:33:36,476 [main] INFO  grpc.GrpcConfigKeys (ConfUtils.java:logFallback(53)) - raft.grpc.admin.host = null (fallback to raft.grpc.server.host)
2023-10-04 17:33:36,477 [main] INFO  grpc.GrpcConfigKeys (ConfUtils.java:logGet(46)) - raft.grpc.admin.port = 15208 (custom)
2023-10-04 17:33:36,477 [main] INFO  grpc.GrpcConfigKeys (ConfUtils.java:logFallback(53)) - raft.grpc.client.host = null (fallback to raft.grpc.server.host)
2023-10-04 17:33:36,477 [main] INFO  grpc.GrpcConfigKeys (ConfUtils.java:logGet(46)) - raft.grpc.client.port = 15207 (custom)
2023-10-04 17:33:36,477 [main] INFO  grpc.GrpcConfigKeys (ConfUtils.java:logGet(46)) - raft.grpc.server.host = null (default)
2023-10-04 17:33:36,477 [main] INFO  grpc.GrpcConfigKeys (ConfUtils.java:logGet(46)) - raft.grpc.server.port = 15209 (custom)
2023-10-04 17:33:36,477 [main] INFO  server.GrpcService (ConfUtils.java:logGet(46)) - raft.grpc.message.size.max = 32MB (=33554432) (custom)
2023-10-04 17:33:36,477 [main] INFO  server.RaftServerConfigKeys (ConfUtils.java:logGet(46)) - raft.server.log.appender.buffer.byte-limit = 33554432 (custom)
2023-10-04 17:33:36,477 [main] INFO  server.GrpcService (ConfUtils.java:logGet(46)) - raft.grpc.flow.control.window = 5MB (=5242880) (custom)
2023-10-04 17:33:36,477 [main] INFO  server.RaftServerConfigKeys (ConfUtils.java:logGet(46)) - raft.server.rpc.request.timeout = 60s (custom)
2023-10-04 17:33:36,478 [main] INFO  grpc.GrpcConfigKeys (ConfUtils.java:logGet(46)) - raft.grpc.server.heartbeat.channel = true (default)
2023-10-04 17:33:36,478 [main] INFO  grpc.GrpcConfigKeys (ConfUtils.java:logGet(46)) - raft.grpc.server.async.request.thread.pool.cached = true (default)
2023-10-04 17:33:36,478 [main] INFO  grpc.GrpcConfigKeys (ConfUtils.java:logGet(46)) - raft.grpc.server.async.request.thread.pool.size = 32 (default)
2023-10-04 17:33:36,480 [main] INFO  impl.DataStreamServerImpl (ConfUtils.java:logGet(46)) - raft.datastream.type = NETTY (custom)
2023-10-04 17:33:36,481 [main] INFO  server.RaftServerConfigKeys (ConfUtils.java:logGet(46)) - raft.server.data-stream.async.request.thread.pool.cached = false (default)
2023-10-04 17:33:36,481 [main] INFO  server.RaftServerConfigKeys (ConfUtils.java:logGet(46)) - raft.server.data-stream.async.request.thread.pool.size = 20 (custom)
2023-10-04 17:33:36,481 [main] INFO  server.RaftServerConfigKeys (ConfUtils.java:logGet(46)) - raft.server.data-stream.async.write.thread.pool.size = 16 (default)
2023-10-04 17:33:36,481 [main] INFO  server.RaftServerConfigKeys (ConfUtils.java:logGet(46)) - raft.server.data-stream.client.pool.size = 10 (default)
2023-10-04 17:33:36,481 [main] INFO  netty.NettyConfigKeys$DataStream (ConfUtils.java:logGet(46)) - raft.netty.dataStream.server.use-epoll = false (default)
2023-10-04 17:33:36,481 [main] INFO  netty.NettyConfigKeys$DataStream (ConfUtils.java:logGet(46)) - raft.netty.dataStream.server.boss-group.size = 0 (default)
2023-10-04 17:33:36,482 [main] INFO  netty.NettyConfigKeys$DataStream (ConfUtils.java:logGet(46)) - raft.netty.dataStream.server.worker-group.size = 0 (default)
2023-10-04 17:33:36,482 [main] INFO  netty.NettyConfigKeys$DataStream (ConfUtils.java:logGet(46)) - raft.netty.dataStream.server.tls.conf = null (default)
2023-10-04 17:33:36,482 [main] INFO  netty.NettyConfigKeys$DataStream (ConfUtils.java:logGet(46)) - raft.netty.dataStream.host = null (default)
2023-10-04 17:33:36,482 [main] INFO  netty.NettyConfigKeys$DataStream (ConfUtils.java:logGet(46)) - raft.netty.dataStream.port = 15210 (custom)
2023-10-04 17:33:36,483 [main] INFO  server.RaftServerConfigKeys (ConfUtils.java:logGet(46)) - raft.server.threadpool.proxy.cached = true (default)
2023-10-04 17:33:36,483 [main] INFO  server.RaftServerConfigKeys (ConfUtils.java:logGet(46)) - raft.server.threadpool.proxy.size = 0 (default)
2023-10-04 17:33:36,483 [main] INFO  server.RaftServerConfigKeys (ConfUtils.java:logGet(46)) - raft.server.rpc.slowness.timeout = 300s (custom)
2023-10-04 17:33:36,483 [main] INFO  server.RaftServerConfigKeys (ConfUtils.java:logGet(46)) - raft.server.leaderelection.leader.step-down.wait-time = 10s (default)
2023-10-04 17:33:36,483 [main] INFO  server.RaftServerConfigKeys (ConfUtils.java:logGet(46)) - raft.server.storage.dir = [/home/runner/work/ozone/ozone/hadoop-ozone/integration-test/target/test-dir/MiniOzoneClusterImpl-e9305288-83d2-469c-8969-78e040065d82/datanode-4/data/ratis] (custom)
2023-10-04 17:33:36,484 [6d342b63-cf76-47c8-a233-ca7e4e688a75-impl-thread1] INFO  server.RaftServer (RaftServerProxy.java:initGroupDir(258)) - 6d342b63-cf76-47c8-a233-ca7e4e688a75: found a subdirectory /home/runner/work/ozone/ozone/hadoop-ozone/integration-test/target/test-dir/MiniOzoneClusterImpl-e9305288-83d2-469c-8969-78e040065d82/datanode-4/data/ratis/tmp
2023-10-04 17:33:36,484 [6d342b63-cf76-47c8-a233-ca7e4e688a75-impl-thread1] INFO  server.RaftServer (RaftServerProxy.java:initGroupDir(263)) - 6d342b63-cf76-47c8-a233-ca7e4e688a75: The directory /home/runner/work/ozone/ozone/hadoop-ozone/integration-test/target/test-dir/MiniOzoneClusterImpl-e9305288-83d2-469c-8969-78e040065d82/datanode-4/data/ratis/tmp is not a group directory; ignoring it. 
2023-10-04 17:33:36,484 [main] INFO  replication.ReplicationServer (ReplicationServer.java:<init>(83)) - Initializing replication server with thread count = 10 queue length = 4096
2023-10-04 17:33:36,484 [6d342b63-cf76-47c8-a233-ca7e4e688a75-NettyServerStreamRpc-bossGroup--thread1] INFO  logging.LoggingHandler (AbstractInternalLogger.java:log(148)) - [id: 0x1a50a394] REGISTERED
2023-10-04 17:33:36,484 [6d342b63-cf76-47c8-a233-ca7e4e688a75-NettyServerStreamRpc-bossGroup--thread1] INFO  logging.LoggingHandler (AbstractInternalLogger.java:log(148)) - [id: 0x1a50a394] BIND: 0.0.0.0/0.0.0.0:15210
2023-10-04 17:33:36,485 [6d342b63-cf76-47c8-a233-ca7e4e688a75-NettyServerStreamRpc-bossGroup--thread1] INFO  logging.LoggingHandler (AbstractInternalLogger.java:log(148)) - [id: 0x1a50a394, L:/0:0:0:0:0:0:0:0:15210] ACTIVE
2023-10-04 17:33:36,485 [main] INFO  server.XceiverServerGrpc (XceiverServerGrpc.java:<init>(132)) - GrpcServer channel type EpollServerSocketChannel
2023-10-04 17:33:36,486 [main] INFO  replication.ReplicationSupervisor (ReplicationSupervisor.java:build(155)) - Initializing replication supervisor with thread count = 10
2023-10-04 17:33:36,487 [main] INFO  replication.ReplicationSupervisor (ReplicationSupervisor.java:nodeStateUpdated(307)) - Node state updated to IN_SERVICE, scaling executor pool size to 10
2023-10-04 17:33:36,488 [main] INFO  http.BaseHttpServer (BaseHttpServer.java:newHttpServer2BuilderForOzone(223)) - Starting Web-server for hddsDatanode at: http://0.0.0.0:15204
2023-10-04 17:33:36,488 [main] INFO  http.BaseHttpServer (BaseHttpServer.java:<init>(110)) - Hadoop Security Enabled: false Ozone Security Enabled: false Ozone HTTP Security Enabled: false 
2023-10-04 17:33:36,489 [main] WARN  server.AuthenticationFilter (AuthenticationFilter.java:constructSecretProvider(240)) - Unable to initialize FileSignerSecretProvider, falling back to use random secrets. Reason: Could not read signature secret file: /home/runner/hadoop-http-auth-signature-secret
2023-10-04 17:33:36,490 [main] INFO  http.HttpRequestLog (HttpRequestLog.java:getRequestLog(86)) - Http request log for http.requests.hddsDatanode is not defined
2023-10-04 17:33:36,491 [main] INFO  http.HttpServer2 (HttpServer2.java:addGlobalFilter(1031)) - Added global filter 'safety' (class=org.apache.hadoop.hdds.server.http.HttpServer2$QuotingInputFilter)
2023-10-04 17:33:36,492 [main] INFO  http.HttpServer2 (HttpServer2.java:addFilter(1007)) - Added filter static_user_filter (class=org.apache.hadoop.http.lib.StaticUserWebFilter$StaticUserFilter) to context hddsDatanode
2023-10-04 17:33:36,492 [main] INFO  http.HttpServer2 (HttpServer2.java:addFilter(1015)) - Added filter static_user_filter (class=org.apache.hadoop.http.lib.StaticUserWebFilter$StaticUserFilter) to context logs
2023-10-04 17:33:36,492 [main] INFO  http.HttpServer2 (HttpServer2.java:addFilter(1015)) - Added filter static_user_filter (class=org.apache.hadoop.http.lib.StaticUserWebFilter$StaticUserFilter) to context static
2023-10-04 17:33:36,492 [main] INFO  http.BaseHttpServer (BaseHttpServer.java:<init>(189)) - HTTP server of hddsDatanode uses base directory /home/runner/work/ozone/ozone/hadoop-ozone/integration-test/target/test-dir/MiniOzoneClusterImpl-e9305288-83d2-469c-8969-78e040065d82/datanode-4/meta/webserver
2023-10-04 17:33:36,493 [main] INFO  http.HttpServer2 (HttpServer2.java:bindListener(1231)) - Jetty bound to port 15204
2023-10-04 17:33:36,493 [main] INFO  server.Server (Server.java:doStart(375)) - jetty-9.4.52.v20230823; built: 2023-08-23T19:29:37.669Z; git: abdcda73818a1a2c705da276edb0bf6581e7997e; jvm 1.8.0_382-b05
2023-10-04 17:33:36,498 [main] INFO  server.session (DefaultSessionIdManager.java:doStart(334)) - DefaultSessionIdManager workerName=node0
2023-10-04 17:33:36,498 [main] INFO  server.session (DefaultSessionIdManager.java:doStart(339)) - No SessionScavenger set, using defaults
2023-10-04 17:33:36,499 [main] INFO  server.session (HouseKeeper.java:startScavenging(132)) - node0 Scavenging every 660000ms
2023-10-04 17:33:36,499 [main] INFO  handler.ContextHandler (ContextHandler.java:doStart(921)) - Started o.e.j.s.ServletContextHandler@677e4612{logs,/logs,file:///home/runner/work/ozone/ozone/hadoop-ozone/integration-test/target/log,AVAILABLE}
2023-10-04 17:33:36,500 [main] INFO  handler.ContextHandler (ContextHandler.java:doStart(921)) - Started o.e.j.s.ServletContextHandler@c58cc8{static,/static,jar:file:/home/runner/.m2/repository/org/apache/ozone/hdds-container-service/1.4.0-SNAPSHOT/hdds-container-service-1.4.0-SNAPSHOT.jar!/webapps/static,AVAILABLE}
2023-10-04 17:33:36,735 [main] INFO  handler.ContextHandler (ContextHandler.java:doStart(921)) - Started o.e.j.w.WebAppContext@14aba843{hddsDatanode,/,file:///home/runner/work/ozone/ozone/hadoop-ozone/integration-test/target/test-dir/MiniOzoneClusterImpl-e9305288-83d2-469c-8969-78e040065d82/datanode-4/meta/webserver/jetty-0_0_0_0-15204-hdds-container-service-1_4_0-SNAPSHOT_jar-_-any-7787125769548277901/webapp/,AVAILABLE}{jar:file:/home/runner/.m2/repository/org/apache/ozone/hdds-container-service/1.4.0-SNAPSHOT/hdds-container-service-1.4.0-SNAPSHOT.jar!/webapps/hddsDatanode}
2023-10-04 17:33:36,737 [main] INFO  server.AbstractConnector (AbstractConnector.java:doStart(333)) - Started ServerConnector@4dd81e40{HTTP/1.1, (http/1.1)}{0.0.0.0:15204}
2023-10-04 17:33:36,737 [main] INFO  server.Server (Server.java:doStart(415)) - Started @253983ms
2023-10-04 17:33:36,737 [main] WARN  impl.MetricsSystemImpl (MetricsSystemImpl.java:register(279)) - Sink prometheus already exists!
2023-10-04 17:33:36,738 [main] INFO  http.BaseHttpServer (BaseHttpServer.java:updateConnectorAddress(354)) - HTTP server of hddsDatanode listening at http://0.0.0.0:15204
2023-10-04 17:33:36,739 [main] INFO  ipc.CallQueueManager (CallQueueManager.java:<init>(90)) - Using callQueue: class java.util.concurrent.LinkedBlockingQueue, queueCapacity: 100, scheduler: class org.apache.hadoop.ipc.DefaultRpcScheduler, ipcBackoff: false.
2023-10-04 17:33:36,740 [main] INFO  ipc.Server (Server.java:<init>(1287)) - Listener at 0.0.0.0:15205
2023-10-04 17:33:36,741 [Socket Reader #1 for port 15205] INFO  ipc.Server (Server.java:run(1323)) - Starting Socket Reader #1 for port 15205
2023-10-04 17:33:36,743 [main] INFO  ozone.HddsDatanodeService (HddsDatanodeService.java:start(315)) - Datanode start with admins: [runner]
2023-10-04 17:33:36,744 [main] INFO  ozone.HddsDatanodeClientProtocolServer (HddsDatanodeClientProtocolServer.java:start(72)) - RPC server for Client /0.0.0.0:15205
2023-10-04 17:33:36,744 [IPC Server Responder] INFO  ipc.Server (Server.java:run(1562)) - IPC Server Responder: starting
2023-10-04 17:33:36,744 [IPC Server listener on 15205] INFO  ipc.Server (Server.java:run(1402)) - IPC Server listener on 15205: starting
2023-10-04 17:33:36,744 [Datanode State Machine Daemon Thread] INFO  statemachine.DatanodeStateMachine (DatanodeStateMachine.java:lambda$startDaemon$0(539)) - Ozone container server started.
2023-10-04 17:33:36,744 [main] INFO  ozone.MiniOzoneClusterImpl (MiniOzoneClusterImpl.java:lambda$waitForClusterToBeReady$0(229)) - Waiting for nodes to be ready. Got 0 of 5 DN Heartbeats.
2023-10-04 17:33:36,744 [main] INFO  ozone.MiniOzoneClusterImpl (MiniOzoneClusterImpl.java:lambda$waitForClusterToBeReady$0(232)) - Waiting for cluster to exit safe mode
2023-10-04 17:33:36,744 [main] INFO  ozone.MiniOzoneClusterImpl (MiniOzoneClusterImpl.java:lambda$waitForClusterToBeReady$0(234)) - SCM became leader
2023-10-04 17:33:36,750 [Datanode State Machine Task Thread - 0] INFO  datanode.InitDatanodeState (InitDatanodeState.java:persistContainerDatanodeDetails(138)) - DatanodeDetails is persisted to /home/runner/work/ozone/ozone/hadoop-ozone/integration-test/target/test-dir/MiniOzoneClusterImpl-e9305288-83d2-469c-8969-78e040065d82/datanode-4/meta/datanode.id
2023-10-04 17:33:37,545 [EndpointStateMachine task thread for /0.0.0.0:15161 - 0 ] INFO  utils.DatanodeStoreCache (DatanodeStoreCache.java:addDB(66)) - Added db /home/runner/work/ozone/ozone/hadoop-ozone/integration-test/target/test-dir/MiniOzoneClusterImpl-e9305288-83d2-469c-8969-78e040065d82/datanode-0/data-0/containers/hdds/e9305288-83d2-469c-8969-78e040065d82/DS-19486ebf-7c99-42b8-99a0-6f512cf59114/container.db to cache
2023-10-04 17:33:37,545 [EndpointStateMachine task thread for /0.0.0.0:15161 - 0 ] INFO  volume.HddsVolume (HddsVolume.java:createDbStore(422)) - SchemaV3 db is created and loaded at /home/runner/work/ozone/ozone/hadoop-ozone/integration-test/target/test-dir/MiniOzoneClusterImpl-e9305288-83d2-469c-8969-78e040065d82/datanode-0/data-0/containers/hdds/e9305288-83d2-469c-8969-78e040065d82/DS-19486ebf-7c99-42b8-99a0-6f512cf59114/container.db for volume DS-19486ebf-7c99-42b8-99a0-6f512cf59114
2023-10-04 17:33:37,546 [EndpointStateMachine task thread for /0.0.0.0:15161 - 0 ] INFO  volume.ThrottledAsyncChecker (ThrottledAsyncChecker.java:schedule(141)) - Scheduling a check for /home/runner/work/ozone/ozone/hadoop-ozone/integration-test/target/test-dir/MiniOzoneClusterImpl-e9305288-83d2-469c-8969-78e040065d82/datanode-0/data-0/containers/hdds
2023-10-04 17:33:37,546 [EndpointStateMachine task thread for /0.0.0.0:15161 - 0 ] INFO  volume.StorageVolumeChecker (StorageVolumeChecker.java:checkAllVolumes(213)) - Scheduled health check for volume /home/runner/work/ozone/ozone/hadoop-ozone/integration-test/target/test-dir/MiniOzoneClusterImpl-e9305288-83d2-469c-8969-78e040065d82/datanode-0/data-0/containers/hdds
2023-10-04 17:33:37,549 [EndpointStateMachine task thread for /0.0.0.0:15161 - 0 ] INFO  volume.ThrottledAsyncChecker (ThrottledAsyncChecker.java:schedule(141)) - Scheduling a check for /home/runner/work/ozone/ozone/hadoop-ozone/integration-test/target/test-dir/MiniOzoneClusterImpl-e9305288-83d2-469c-8969-78e040065d82/datanode-0/data/ratis
2023-10-04 17:33:37,549 [EndpointStateMachine task thread for /0.0.0.0:15161 - 0 ] INFO  volume.StorageVolumeChecker (StorageVolumeChecker.java:checkAllVolumes(213)) - Scheduled health check for volume /home/runner/work/ozone/ozone/hadoop-ozone/integration-test/target/test-dir/MiniOzoneClusterImpl-e9305288-83d2-469c-8969-78e040065d82/datanode-0/data/ratis
2023-10-04 17:33:37,552 [EndpointStateMachine task thread for /0.0.0.0:15161 - 0 ] INFO  ozoneimpl.OzoneContainer (OzoneContainer.java:start(429)) - Attempting to start container services.
2023-10-04 17:33:37,552 [EndpointStateMachine task thread for /0.0.0.0:15161 - 0 ] INFO  ozoneimpl.OzoneContainer (OzoneContainer.java:startContainerScrub(325)) - Scheduled background container scanners and the on-demand container scanner have been disabled.
2023-10-04 17:33:37,555 [EndpointStateMachine task thread for /0.0.0.0:15161 - 0 ] INFO  replication.ReplicationServer (ReplicationServer.java:start(134)) - ReplicationServer is started using port 15175
2023-10-04 17:33:37,555 [EndpointStateMachine task thread for /0.0.0.0:15161 - 0 ] INFO  ratis.XceiverServerRatis (XceiverServerRatis.java:start(517)) - Starting XceiverServerRatis dce549a2-5f1d-4e87-86ad-66203672eab3
2023-10-04 17:33:37,558 [EndpointStateMachine task thread for /0.0.0.0:15161 - 0 ] INFO  server.RaftServer (RaftServerProxy.java:startImpl(400)) - dce549a2-5f1d-4e87-86ad-66203672eab3: start RPC server
2023-10-04 17:33:37,562 [EndpointStateMachine task thread for /0.0.0.0:15161 - 0 ] INFO  server.GrpcService (GrpcService.java:startImpl(302)) - dce549a2-5f1d-4e87-86ad-66203672eab3: GrpcService started, listening on 15171
2023-10-04 17:33:37,563 [EndpointStateMachine task thread for /0.0.0.0:15161 - 0 ] INFO  server.GrpcService (GrpcService.java:startImpl(302)) - dce549a2-5f1d-4e87-86ad-66203672eab3: GrpcService started, listening on 15173
2023-10-04 17:33:37,564 [EndpointStateMachine task thread for /0.0.0.0:15161 - 0 ] INFO  server.GrpcService (GrpcService.java:startImpl(302)) - dce549a2-5f1d-4e87-86ad-66203672eab3: GrpcService started, listening on 15172
2023-10-04 17:33:37,564 [EndpointStateMachine task thread for /0.0.0.0:15161 - 0 ] INFO  ratis.XceiverServerRatis (XceiverServerRatis.java:getRealPort(543)) - XceiverServerRatis dce549a2-5f1d-4e87-86ad-66203672eab3 is started using port 15171 for RATIS
2023-10-04 17:33:37,564 [EndpointStateMachine task thread for /0.0.0.0:15161 - 0 ] INFO  ratis.XceiverServerRatis (XceiverServerRatis.java:getRealPort(543)) - XceiverServerRatis dce549a2-5f1d-4e87-86ad-66203672eab3 is started using port 15172 for RATIS_ADMIN
2023-10-04 17:33:37,565 [JvmPauseMonitor23] INFO  util.JvmPauseMonitor (JvmPauseMonitor.java:run(103)) - JvmPauseMonitor-dce549a2-5f1d-4e87-86ad-66203672eab3: Started
2023-10-04 17:33:37,565 [EndpointStateMachine task thread for /0.0.0.0:15161 - 0 ] INFO  ratis.XceiverServerRatis (XceiverServerRatis.java:getRealPort(543)) - XceiverServerRatis dce549a2-5f1d-4e87-86ad-66203672eab3 is started using port 15173 for RATIS_SERVER
2023-10-04 17:33:37,565 [EndpointStateMachine task thread for /0.0.0.0:15161 - 0 ] INFO  ratis.XceiverServerRatis (XceiverServerRatis.java:getRealPort(543)) - XceiverServerRatis dce549a2-5f1d-4e87-86ad-66203672eab3 is started using port 15174 for RATIS_DATASTREAM
2023-10-04 17:33:37,570 [BlockDeletingService#0] INFO  interfaces.ContainerDeletionChoosingPolicyTemplate (ContainerDeletionChoosingPolicyTemplate.java:chooseContainerForBlockDeletion(85)) - Chosen 0/5000 blocks from 0 candidate containers.
2023-10-04 17:33:37,745 [main] INFO  ozone.MiniOzoneClusterImpl (MiniOzoneClusterImpl.java:lambda$waitForClusterToBeReady$0(229)) - Waiting for nodes to be ready. Got 0 of 5 DN Heartbeats.
2023-10-04 17:33:37,745 [main] INFO  ozone.MiniOzoneClusterImpl (MiniOzoneClusterImpl.java:lambda$waitForClusterToBeReady$0(232)) - Waiting for cluster to exit safe mode
2023-10-04 17:33:37,745 [main] INFO  ozone.MiniOzoneClusterImpl (MiniOzoneClusterImpl.java:lambda$waitForClusterToBeReady$0(234)) - SCM became leader
2023-10-04 17:33:37,840 [EndpointStateMachine task thread for /0.0.0.0:15161 - 0 ] INFO  utils.DatanodeStoreCache (DatanodeStoreCache.java:addDB(66)) - Added db /home/runner/work/ozone/ozone/hadoop-ozone/integration-test/target/test-dir/MiniOzoneClusterImpl-e9305288-83d2-469c-8969-78e040065d82/datanode-1/data-0/containers/hdds/e9305288-83d2-469c-8969-78e040065d82/DS-f74ef6f1-e792-42c1-8ce7-81df192b5838/container.db to cache
2023-10-04 17:33:37,840 [EndpointStateMachine task thread for /0.0.0.0:15161 - 0 ] INFO  volume.HddsVolume (HddsVolume.java:createDbStore(422)) - SchemaV3 db is created and loaded at /home/runner/work/ozone/ozone/hadoop-ozone/integration-test/target/test-dir/MiniOzoneClusterImpl-e9305288-83d2-469c-8969-78e040065d82/datanode-1/data-0/containers/hdds/e9305288-83d2-469c-8969-78e040065d82/DS-f74ef6f1-e792-42c1-8ce7-81df192b5838/container.db for volume DS-f74ef6f1-e792-42c1-8ce7-81df192b5838
2023-10-04 17:33:37,841 [EndpointStateMachine task thread for /0.0.0.0:15161 - 0 ] INFO  volume.ThrottledAsyncChecker (ThrottledAsyncChecker.java:schedule(141)) - Scheduling a check for /home/runner/work/ozone/ozone/hadoop-ozone/integration-test/target/test-dir/MiniOzoneClusterImpl-e9305288-83d2-469c-8969-78e040065d82/datanode-1/data-0/containers/hdds
2023-10-04 17:33:37,841 [EndpointStateMachine task thread for /0.0.0.0:15161 - 0 ] INFO  volume.StorageVolumeChecker (StorageVolumeChecker.java:checkAllVolumes(213)) - Scheduled health check for volume /home/runner/work/ozone/ozone/hadoop-ozone/integration-test/target/test-dir/MiniOzoneClusterImpl-e9305288-83d2-469c-8969-78e040065d82/datanode-1/data-0/containers/hdds
2023-10-04 17:33:37,844 [EndpointStateMachine task thread for /0.0.0.0:15161 - 0 ] INFO  volume.ThrottledAsyncChecker (ThrottledAsyncChecker.java:schedule(141)) - Scheduling a check for /home/runner/work/ozone/ozone/hadoop-ozone/integration-test/target/test-dir/MiniOzoneClusterImpl-e9305288-83d2-469c-8969-78e040065d82/datanode-1/data/ratis
2023-10-04 17:33:37,844 [EndpointStateMachine task thread for /0.0.0.0:15161 - 0 ] INFO  volume.StorageVolumeChecker (StorageVolumeChecker.java:checkAllVolumes(213)) - Scheduled health check for volume /home/runner/work/ozone/ozone/hadoop-ozone/integration-test/target/test-dir/MiniOzoneClusterImpl-e9305288-83d2-469c-8969-78e040065d82/datanode-1/data/ratis
2023-10-04 17:33:37,845 [EndpointStateMachine task thread for /0.0.0.0:15161 - 0 ] INFO  ozoneimpl.OzoneContainer (OzoneContainer.java:start(429)) - Attempting to start container services.
2023-10-04 17:33:37,845 [EndpointStateMachine task thread for /0.0.0.0:15161 - 0 ] INFO  ozoneimpl.OzoneContainer (OzoneContainer.java:startContainerScrub(325)) - Scheduled background container scanners and the on-demand container scanner have been disabled.
2023-10-04 17:33:37,848 [EndpointStateMachine task thread for /0.0.0.0:15161 - 0 ] INFO  replication.ReplicationServer (ReplicationServer.java:start(134)) - ReplicationServer is started using port 15184
2023-10-04 17:33:37,849 [EndpointStateMachine task thread for /0.0.0.0:15161 - 0 ] INFO  ratis.XceiverServerRatis (XceiverServerRatis.java:start(517)) - Starting XceiverServerRatis 67c5b0d7-9e75-4e40-acfe-981c0927b9fc
2023-10-04 17:33:37,849 [EndpointStateMachine task thread for /0.0.0.0:15161 - 0 ] INFO  server.RaftServer (RaftServerProxy.java:startImpl(400)) - 67c5b0d7-9e75-4e40-acfe-981c0927b9fc: start RPC server
2023-10-04 17:33:37,850 [EndpointStateMachine task thread for /0.0.0.0:15161 - 0 ] INFO  server.GrpcService (GrpcService.java:startImpl(302)) - 67c5b0d7-9e75-4e40-acfe-981c0927b9fc: GrpcService started, listening on 15180
2023-10-04 17:33:37,851 [EndpointStateMachine task thread for /0.0.0.0:15161 - 0 ] INFO  server.GrpcService (GrpcService.java:startImpl(302)) - 67c5b0d7-9e75-4e40-acfe-981c0927b9fc: GrpcService started, listening on 15182
2023-10-04 17:33:37,852 [EndpointStateMachine task thread for /0.0.0.0:15161 - 0 ] INFO  server.GrpcService (GrpcService.java:startImpl(302)) - 67c5b0d7-9e75-4e40-acfe-981c0927b9fc: GrpcService started, listening on 15181
2023-10-04 17:33:37,852 [EndpointStateMachine task thread for /0.0.0.0:15161 - 0 ] INFO  ratis.XceiverServerRatis (XceiverServerRatis.java:getRealPort(543)) - XceiverServerRatis 67c5b0d7-9e75-4e40-acfe-981c0927b9fc is started using port 15180 for RATIS
2023-10-04 17:33:37,852 [EndpointStateMachine task thread for /0.0.0.0:15161 - 0 ] INFO  ratis.XceiverServerRatis (XceiverServerRatis.java:getRealPort(543)) - XceiverServerRatis 67c5b0d7-9e75-4e40-acfe-981c0927b9fc is started using port 15181 for RATIS_ADMIN
2023-10-04 17:33:37,852 [JvmPauseMonitor24] INFO  util.JvmPauseMonitor (JvmPauseMonitor.java:run(103)) - JvmPauseMonitor-67c5b0d7-9e75-4e40-acfe-981c0927b9fc: Started
2023-10-04 17:33:37,852 [EndpointStateMachine task thread for /0.0.0.0:15161 - 0 ] INFO  ratis.XceiverServerRatis (XceiverServerRatis.java:getRealPort(543)) - XceiverServerRatis 67c5b0d7-9e75-4e40-acfe-981c0927b9fc is started using port 15182 for RATIS_SERVER
2023-10-04 17:33:37,852 [EndpointStateMachine task thread for /0.0.0.0:15161 - 0 ] INFO  ratis.XceiverServerRatis (XceiverServerRatis.java:getRealPort(543)) - XceiverServerRatis 67c5b0d7-9e75-4e40-acfe-981c0927b9fc is started using port 15183 for RATIS_DATASTREAM
2023-10-04 17:33:37,854 [BlockDeletingService#0] INFO  interfaces.ContainerDeletionChoosingPolicyTemplate (ContainerDeletionChoosingPolicyTemplate.java:chooseContainerForBlockDeletion(85)) - Chosen 0/5000 blocks from 0 candidate containers.
2023-10-04 17:33:38,165 [EndpointStateMachine task thread for /0.0.0.0:15161 - 0 ] INFO  utils.DatanodeStoreCache (DatanodeStoreCache.java:addDB(66)) - Added db /home/runner/work/ozone/ozone/hadoop-ozone/integration-test/target/test-dir/MiniOzoneClusterImpl-e9305288-83d2-469c-8969-78e040065d82/datanode-2/data-0/containers/hdds/e9305288-83d2-469c-8969-78e040065d82/DS-56ddfdae-7f26-42fa-87ac-2f1b4ae16199/container.db to cache
2023-10-04 17:33:38,166 [EndpointStateMachine task thread for /0.0.0.0:15161 - 0 ] INFO  volume.HddsVolume (HddsVolume.java:createDbStore(422)) - SchemaV3 db is created and loaded at /home/runner/work/ozone/ozone/hadoop-ozone/integration-test/target/test-dir/MiniOzoneClusterImpl-e9305288-83d2-469c-8969-78e040065d82/datanode-2/data-0/containers/hdds/e9305288-83d2-469c-8969-78e040065d82/DS-56ddfdae-7f26-42fa-87ac-2f1b4ae16199/container.db for volume DS-56ddfdae-7f26-42fa-87ac-2f1b4ae16199
2023-10-04 17:33:38,167 [EndpointStateMachine task thread for /0.0.0.0:15161 - 0 ] INFO  volume.ThrottledAsyncChecker (ThrottledAsyncChecker.java:schedule(141)) - Scheduling a check for /home/runner/work/ozone/ozone/hadoop-ozone/integration-test/target/test-dir/MiniOzoneClusterImpl-e9305288-83d2-469c-8969-78e040065d82/datanode-2/data-0/containers/hdds
2023-10-04 17:33:38,167 [EndpointStateMachine task thread for /0.0.0.0:15161 - 0 ] INFO  volume.StorageVolumeChecker (StorageVolumeChecker.java:checkAllVolumes(213)) - Scheduled health check for volume /home/runner/work/ozone/ozone/hadoop-ozone/integration-test/target/test-dir/MiniOzoneClusterImpl-e9305288-83d2-469c-8969-78e040065d82/datanode-2/data-0/containers/hdds
2023-10-04 17:33:38,170 [EndpointStateMachine task thread for /0.0.0.0:15161 - 0 ] INFO  volume.ThrottledAsyncChecker (ThrottledAsyncChecker.java:schedule(141)) - Scheduling a check for /home/runner/work/ozone/ozone/hadoop-ozone/integration-test/target/test-dir/MiniOzoneClusterImpl-e9305288-83d2-469c-8969-78e040065d82/datanode-2/data/ratis
2023-10-04 17:33:38,170 [EndpointStateMachine task thread for /0.0.0.0:15161 - 0 ] INFO  volume.StorageVolumeChecker (StorageVolumeChecker.java:checkAllVolumes(213)) - Scheduled health check for volume /home/runner/work/ozone/ozone/hadoop-ozone/integration-test/target/test-dir/MiniOzoneClusterImpl-e9305288-83d2-469c-8969-78e040065d82/datanode-2/data/ratis
2023-10-04 17:33:38,171 [EndpointStateMachine task thread for /0.0.0.0:15161 - 0 ] INFO  ozoneimpl.OzoneContainer (OzoneContainer.java:start(429)) - Attempting to start container services.
2023-10-04 17:33:38,171 [EndpointStateMachine task thread for /0.0.0.0:15161 - 0 ] INFO  ozoneimpl.OzoneContainer (OzoneContainer.java:startContainerScrub(325)) - Scheduled background container scanners and the on-demand container scanner have been disabled.
2023-10-04 17:33:38,172 [EndpointStateMachine task thread for /0.0.0.0:15161 - 0 ] INFO  replication.ReplicationServer (ReplicationServer.java:start(134)) - ReplicationServer is started using port 15193
2023-10-04 17:33:38,172 [EndpointStateMachine task thread for /0.0.0.0:15161 - 0 ] INFO  ratis.XceiverServerRatis (XceiverServerRatis.java:start(517)) - Starting XceiverServerRatis 0fe30932-4948-4248-92da-86cdb3d75943
2023-10-04 17:33:38,173 [EndpointStateMachine task thread for /0.0.0.0:15161 - 0 ] INFO  server.RaftServer (RaftServerProxy.java:startImpl(400)) - 0fe30932-4948-4248-92da-86cdb3d75943: start RPC server
2023-10-04 17:33:38,174 [EndpointStateMachine task thread for /0.0.0.0:15161 - 0 ] INFO  server.GrpcService (GrpcService.java:startImpl(302)) - 0fe30932-4948-4248-92da-86cdb3d75943: GrpcService started, listening on 15189
2023-10-04 17:33:38,177 [EndpointStateMachine task thread for /0.0.0.0:15161 - 0 ] INFO  server.GrpcService (GrpcService.java:startImpl(302)) - 0fe30932-4948-4248-92da-86cdb3d75943: GrpcService started, listening on 15191
2023-10-04 17:33:38,178 [EndpointStateMachine task thread for /0.0.0.0:15161 - 0 ] INFO  server.GrpcService (GrpcService.java:startImpl(302)) - 0fe30932-4948-4248-92da-86cdb3d75943: GrpcService started, listening on 15190
2023-10-04 17:33:38,178 [EndpointStateMachine task thread for /0.0.0.0:15161 - 0 ] INFO  ratis.XceiverServerRatis (XceiverServerRatis.java:getRealPort(543)) - XceiverServerRatis 0fe30932-4948-4248-92da-86cdb3d75943 is started using port 15189 for RATIS
2023-10-04 17:33:38,178 [EndpointStateMachine task thread for /0.0.0.0:15161 - 0 ] INFO  ratis.XceiverServerRatis (XceiverServerRatis.java:getRealPort(543)) - XceiverServerRatis 0fe30932-4948-4248-92da-86cdb3d75943 is started using port 15190 for RATIS_ADMIN
2023-10-04 17:33:38,178 [JvmPauseMonitor25] INFO  util.JvmPauseMonitor (JvmPauseMonitor.java:run(103)) - JvmPauseMonitor-0fe30932-4948-4248-92da-86cdb3d75943: Started
2023-10-04 17:33:38,179 [EndpointStateMachine task thread for /0.0.0.0:15161 - 0 ] INFO  ratis.XceiverServerRatis (XceiverServerRatis.java:getRealPort(543)) - XceiverServerRatis 0fe30932-4948-4248-92da-86cdb3d75943 is started using port 15191 for RATIS_SERVER
2023-10-04 17:33:38,179 [EndpointStateMachine task thread for /0.0.0.0:15161 - 0 ] INFO  ratis.XceiverServerRatis (XceiverServerRatis.java:getRealPort(543)) - XceiverServerRatis 0fe30932-4948-4248-92da-86cdb3d75943 is started using port 15192 for RATIS_DATASTREAM
2023-10-04 17:33:38,180 [BlockDeletingService#0] INFO  interfaces.ContainerDeletionChoosingPolicyTemplate (ContainerDeletionChoosingPolicyTemplate.java:chooseContainerForBlockDeletion(85)) - Chosen 0/5000 blocks from 0 candidate containers.
2023-10-04 17:33:38,489 [EndpointStateMachine task thread for /0.0.0.0:15161 - 0 ] INFO  utils.DatanodeStoreCache (DatanodeStoreCache.java:addDB(66)) - Added db /home/runner/work/ozone/ozone/hadoop-ozone/integration-test/target/test-dir/MiniOzoneClusterImpl-e9305288-83d2-469c-8969-78e040065d82/datanode-3/data-0/containers/hdds/e9305288-83d2-469c-8969-78e040065d82/DS-5118a644-1791-441c-ae9d-f45c8dd6ddac/container.db to cache
2023-10-04 17:33:38,490 [EndpointStateMachine task thread for /0.0.0.0:15161 - 0 ] INFO  volume.HddsVolume (HddsVolume.java:createDbStore(422)) - SchemaV3 db is created and loaded at /home/runner/work/ozone/ozone/hadoop-ozone/integration-test/target/test-dir/MiniOzoneClusterImpl-e9305288-83d2-469c-8969-78e040065d82/datanode-3/data-0/containers/hdds/e9305288-83d2-469c-8969-78e040065d82/DS-5118a644-1791-441c-ae9d-f45c8dd6ddac/container.db for volume DS-5118a644-1791-441c-ae9d-f45c8dd6ddac
2023-10-04 17:33:38,490 [EndpointStateMachine task thread for /0.0.0.0:15161 - 0 ] INFO  volume.ThrottledAsyncChecker (ThrottledAsyncChecker.java:schedule(141)) - Scheduling a check for /home/runner/work/ozone/ozone/hadoop-ozone/integration-test/target/test-dir/MiniOzoneClusterImpl-e9305288-83d2-469c-8969-78e040065d82/datanode-3/data-0/containers/hdds
2023-10-04 17:33:38,492 [EndpointStateMachine task thread for /0.0.0.0:15161 - 0 ] INFO  volume.StorageVolumeChecker (StorageVolumeChecker.java:checkAllVolumes(213)) - Scheduled health check for volume /home/runner/work/ozone/ozone/hadoop-ozone/integration-test/target/test-dir/MiniOzoneClusterImpl-e9305288-83d2-469c-8969-78e040065d82/datanode-3/data-0/containers/hdds
2023-10-04 17:33:38,494 [EndpointStateMachine task thread for /0.0.0.0:15161 - 0 ] INFO  volume.ThrottledAsyncChecker (ThrottledAsyncChecker.java:schedule(141)) - Scheduling a check for /home/runner/work/ozone/ozone/hadoop-ozone/integration-test/target/test-dir/MiniOzoneClusterImpl-e9305288-83d2-469c-8969-78e040065d82/datanode-3/data/ratis
2023-10-04 17:33:38,494 [EndpointStateMachine task thread for /0.0.0.0:15161 - 0 ] INFO  volume.StorageVolumeChecker (StorageVolumeChecker.java:checkAllVolumes(213)) - Scheduled health check for volume /home/runner/work/ozone/ozone/hadoop-ozone/integration-test/target/test-dir/MiniOzoneClusterImpl-e9305288-83d2-469c-8969-78e040065d82/datanode-3/data/ratis
2023-10-04 17:33:38,496 [EndpointStateMachine task thread for /0.0.0.0:15161 - 0 ] INFO  ozoneimpl.OzoneContainer (OzoneContainer.java:start(429)) - Attempting to start container services.
2023-10-04 17:33:38,496 [EndpointStateMachine task thread for /0.0.0.0:15161 - 0 ] INFO  ozoneimpl.OzoneContainer (OzoneContainer.java:startContainerScrub(325)) - Scheduled background container scanners and the on-demand container scanner have been disabled.
2023-10-04 17:33:38,497 [EndpointStateMachine task thread for /0.0.0.0:15161 - 0 ] INFO  replication.ReplicationServer (ReplicationServer.java:start(134)) - ReplicationServer is started using port 15202
2023-10-04 17:33:38,497 [EndpointStateMachine task thread for /0.0.0.0:15161 - 0 ] INFO  ratis.XceiverServerRatis (XceiverServerRatis.java:start(517)) - Starting XceiverServerRatis 219c79a0-740f-489f-9b06-6aa3e833066c
2023-10-04 17:33:38,498 [EndpointStateMachine task thread for /0.0.0.0:15161 - 0 ] INFO  server.RaftServer (RaftServerProxy.java:startImpl(400)) - 219c79a0-740f-489f-9b06-6aa3e833066c: start RPC server
2023-10-04 17:33:38,502 [EndpointStateMachine task thread for /0.0.0.0:15161 - 0 ] INFO  server.GrpcService (GrpcService.java:startImpl(302)) - 219c79a0-740f-489f-9b06-6aa3e833066c: GrpcService started, listening on 15198
2023-10-04 17:33:38,503 [EndpointStateMachine task thread for /0.0.0.0:15161 - 0 ] INFO  server.GrpcService (GrpcService.java:startImpl(302)) - 219c79a0-740f-489f-9b06-6aa3e833066c: GrpcService started, listening on 15200
2023-10-04 17:33:38,505 [EndpointStateMachine task thread for /0.0.0.0:15161 - 0 ] INFO  server.GrpcService (GrpcService.java:startImpl(302)) - 219c79a0-740f-489f-9b06-6aa3e833066c: GrpcService started, listening on 15199
2023-10-04 17:33:38,506 [EndpointStateMachine task thread for /0.0.0.0:15161 - 0 ] INFO  ratis.XceiverServerRatis (XceiverServerRatis.java:getRealPort(543)) - XceiverServerRatis 219c79a0-740f-489f-9b06-6aa3e833066c is started using port 15198 for RATIS
2023-10-04 17:33:38,506 [EndpointStateMachine task thread for /0.0.0.0:15161 - 0 ] INFO  ratis.XceiverServerRatis (XceiverServerRatis.java:getRealPort(543)) - XceiverServerRatis 219c79a0-740f-489f-9b06-6aa3e833066c is started using port 15199 for RATIS_ADMIN
2023-10-04 17:33:38,506 [JvmPauseMonitor26] INFO  util.JvmPauseMonitor (JvmPauseMonitor.java:run(103)) - JvmPauseMonitor-219c79a0-740f-489f-9b06-6aa3e833066c: Started
2023-10-04 17:33:38,506 [EndpointStateMachine task thread for /0.0.0.0:15161 - 0 ] INFO  ratis.XceiverServerRatis (XceiverServerRatis.java:getRealPort(543)) - XceiverServerRatis 219c79a0-740f-489f-9b06-6aa3e833066c is started using port 15200 for RATIS_SERVER
2023-10-04 17:33:38,506 [EndpointStateMachine task thread for /0.0.0.0:15161 - 0 ] INFO  ratis.XceiverServerRatis (XceiverServerRatis.java:getRealPort(543)) - XceiverServerRatis 219c79a0-740f-489f-9b06-6aa3e833066c is started using port 15201 for RATIS_DATASTREAM
2023-10-04 17:33:38,508 [BlockDeletingService#0] INFO  interfaces.ContainerDeletionChoosingPolicyTemplate (ContainerDeletionChoosingPolicyTemplate.java:chooseContainerForBlockDeletion(85)) - Chosen 0/5000 blocks from 0 candidate containers.
2023-10-04 17:33:38,745 [main] INFO  ozone.MiniOzoneClusterImpl (MiniOzoneClusterImpl.java:lambda$waitForClusterToBeReady$0(229)) - Waiting for nodes to be ready. Got 0 of 5 DN Heartbeats.
2023-10-04 17:33:38,745 [main] INFO  ozone.MiniOzoneClusterImpl (MiniOzoneClusterImpl.java:lambda$waitForClusterToBeReady$0(232)) - Waiting for cluster to exit safe mode
2023-10-04 17:33:38,746 [main] INFO  ozone.MiniOzoneClusterImpl (MiniOzoneClusterImpl.java:lambda$waitForClusterToBeReady$0(234)) - SCM became leader
2023-10-04 17:33:38,786 [EndpointStateMachine task thread for /0.0.0.0:15161 - 0 ] INFO  utils.DatanodeStoreCache (DatanodeStoreCache.java:addDB(66)) - Added db /home/runner/work/ozone/ozone/hadoop-ozone/integration-test/target/test-dir/MiniOzoneClusterImpl-e9305288-83d2-469c-8969-78e040065d82/datanode-4/data-0/containers/hdds/e9305288-83d2-469c-8969-78e040065d82/DS-16e671ea-151c-443a-ba34-b8e0b59fb44a/container.db to cache
2023-10-04 17:33:38,786 [EndpointStateMachine task thread for /0.0.0.0:15161 - 0 ] INFO  volume.HddsVolume (HddsVolume.java:createDbStore(422)) - SchemaV3 db is created and loaded at /home/runner/work/ozone/ozone/hadoop-ozone/integration-test/target/test-dir/MiniOzoneClusterImpl-e9305288-83d2-469c-8969-78e040065d82/datanode-4/data-0/containers/hdds/e9305288-83d2-469c-8969-78e040065d82/DS-16e671ea-151c-443a-ba34-b8e0b59fb44a/container.db for volume DS-16e671ea-151c-443a-ba34-b8e0b59fb44a
2023-10-04 17:33:38,787 [EndpointStateMachine task thread for /0.0.0.0:15161 - 0 ] INFO  volume.ThrottledAsyncChecker (ThrottledAsyncChecker.java:schedule(141)) - Scheduling a check for /home/runner/work/ozone/ozone/hadoop-ozone/integration-test/target/test-dir/MiniOzoneClusterImpl-e9305288-83d2-469c-8969-78e040065d82/datanode-4/data-0/containers/hdds
2023-10-04 17:33:38,787 [EndpointStateMachine task thread for /0.0.0.0:15161 - 0 ] INFO  volume.StorageVolumeChecker (StorageVolumeChecker.java:checkAllVolumes(213)) - Scheduled health check for volume /home/runner/work/ozone/ozone/hadoop-ozone/integration-test/target/test-dir/MiniOzoneClusterImpl-e9305288-83d2-469c-8969-78e040065d82/datanode-4/data-0/containers/hdds
2023-10-04 17:33:38,791 [EndpointStateMachine task thread for /0.0.0.0:15161 - 0 ] INFO  volume.ThrottledAsyncChecker (ThrottledAsyncChecker.java:schedule(141)) - Scheduling a check for /home/runner/work/ozone/ozone/hadoop-ozone/integration-test/target/test-dir/MiniOzoneClusterImpl-e9305288-83d2-469c-8969-78e040065d82/datanode-4/data/ratis
2023-10-04 17:33:38,792 [EndpointStateMachine task thread for /0.0.0.0:15161 - 0 ] INFO  volume.StorageVolumeChecker (StorageVolumeChecker.java:checkAllVolumes(213)) - Scheduled health check for volume /home/runner/work/ozone/ozone/hadoop-ozone/integration-test/target/test-dir/MiniOzoneClusterImpl-e9305288-83d2-469c-8969-78e040065d82/datanode-4/data/ratis
2023-10-04 17:33:38,793 [EndpointStateMachine task thread for /0.0.0.0:15161 - 0 ] INFO  ozoneimpl.OzoneContainer (OzoneContainer.java:start(429)) - Attempting to start container services.
2023-10-04 17:33:38,793 [EndpointStateMachine task thread for /0.0.0.0:15161 - 0 ] INFO  ozoneimpl.OzoneContainer (OzoneContainer.java:startContainerScrub(325)) - Scheduled background container scanners and the on-demand container scanner have been disabled.
2023-10-04 17:33:38,794 [EndpointStateMachine task thread for /0.0.0.0:15161 - 0 ] INFO  replication.ReplicationServer (ReplicationServer.java:start(134)) - ReplicationServer is started using port 15211
2023-10-04 17:33:38,795 [EndpointStateMachine task thread for /0.0.0.0:15161 - 0 ] INFO  ratis.XceiverServerRatis (XceiverServerRatis.java:start(517)) - Starting XceiverServerRatis 6d342b63-cf76-47c8-a233-ca7e4e688a75
2023-10-04 17:33:38,797 [EndpointStateMachine task thread for /0.0.0.0:15161 - 0 ] INFO  server.RaftServer (RaftServerProxy.java:startImpl(400)) - 6d342b63-cf76-47c8-a233-ca7e4e688a75: start RPC server
2023-10-04 17:33:38,802 [EndpointStateMachine task thread for /0.0.0.0:15161 - 0 ] INFO  server.GrpcService (GrpcService.java:startImpl(302)) - 6d342b63-cf76-47c8-a233-ca7e4e688a75: GrpcService started, listening on 15207
2023-10-04 17:33:38,803 [EndpointStateMachine task thread for /0.0.0.0:15161 - 0 ] INFO  server.GrpcService (GrpcService.java:startImpl(302)) - 6d342b63-cf76-47c8-a233-ca7e4e688a75: GrpcService started, listening on 15209
2023-10-04 17:33:38,806 [EndpointStateMachine task thread for /0.0.0.0:15161 - 0 ] INFO  server.GrpcService (GrpcService.java:startImpl(302)) - 6d342b63-cf76-47c8-a233-ca7e4e688a75: GrpcService started, listening on 15208
2023-10-04 17:33:38,808 [EndpointStateMachine task thread for /0.0.0.0:15161 - 0 ] INFO  ratis.XceiverServerRatis (XceiverServerRatis.java:getRealPort(543)) - XceiverServerRatis 6d342b63-cf76-47c8-a233-ca7e4e688a75 is started using port 15207 for RATIS
2023-10-04 17:33:38,808 [EndpointStateMachine task thread for /0.0.0.0:15161 - 0 ] INFO  ratis.XceiverServerRatis (XceiverServerRatis.java:getRealPort(543)) - XceiverServerRatis 6d342b63-cf76-47c8-a233-ca7e4e688a75 is started using port 15208 for RATIS_ADMIN
2023-10-04 17:33:38,808 [JvmPauseMonitor27] INFO  util.JvmPauseMonitor (JvmPauseMonitor.java:run(103)) - JvmPauseMonitor-6d342b63-cf76-47c8-a233-ca7e4e688a75: Started
2023-10-04 17:33:38,808 [EndpointStateMachine task thread for /0.0.0.0:15161 - 0 ] INFO  ratis.XceiverServerRatis (XceiverServerRatis.java:getRealPort(543)) - XceiverServerRatis 6d342b63-cf76-47c8-a233-ca7e4e688a75 is started using port 15209 for RATIS_SERVER
2023-10-04 17:33:38,809 [EndpointStateMachine task thread for /0.0.0.0:15161 - 0 ] INFO  ratis.XceiverServerRatis (XceiverServerRatis.java:getRealPort(543)) - XceiverServerRatis 6d342b63-cf76-47c8-a233-ca7e4e688a75 is started using port 15210 for RATIS_DATASTREAM
2023-10-04 17:33:38,814 [BlockDeletingService#0] INFO  interfaces.ContainerDeletionChoosingPolicyTemplate (ContainerDeletionChoosingPolicyTemplate.java:chooseContainerForBlockDeletion(85)) - Chosen 0/5000 blocks from 0 candidate containers.
2023-10-04 17:33:39,494 [IPC Server handler 1 on default port 15161] INFO  net.NetworkTopologyImpl (NetworkTopologyImpl.java:add(112)) - Added a new node: /default-rack/dce549a2-5f1d-4e87-86ad-66203672eab3
2023-10-04 17:33:39,494 [IPC Server handler 1 on default port 15161] INFO  node.SCMNodeManager (SCMNodeManager.java:register(405)) - Registered Data node : dce549a2-5f1d-4e87-86ad-66203672eab3{ip: 10.1.0.20, host: fv-az453-706.hss2zji4abbufegd5wcf2so25h.dx.internal.cloudapp.net, ports: [HTTP=15168, CLIENT_RPC=15169, REPLICATION=15175, RATIS=15171, RATIS_ADMIN=15172, RATIS_SERVER=15173, RATIS_DATASTREAM=15174, STANDALONE=15170], networkLocation: /default-rack, certSerialId: null, persistedOpState: null, persistedOpStateExpiryEpochSec: 0}
2023-10-04 17:33:39,497 [EventQueue-NodeRegistrationContainerReportForDataNodeSafeModeRule] INFO  safemode.SCMSafeModeManager (DataNodeSafeModeRule.java:process(71)) - SCM in safe mode. 1 DataNodes registered, 3 required.
2023-10-04 17:33:39,497 [EventQueue-NodeRegistrationContainerReportForContainerSafeModeRule] INFO  safemode.SCMSafeModeManager (SCMSafeModeManager.java:validateSafeModeExitRules(200)) - ContainerSafeModeRule rule is successfully validated
2023-10-04 17:33:39,506 [EventQueue-NewNodeForNewNodeHandler] INFO  pipeline.BackgroundPipelineCreator (BackgroundPipelineCreator.java:notifyEventTriggered(277)) - trigger a one-shot run on RatisPipelineUtilsThread.
2023-10-04 17:33:39,507 [RatisPipelineUtilsThread - 0] INFO  pipeline.RatisPipelineProvider (RatisPipelineProvider.java:lambda$create$0(206)) - Sending CreatePipelineCommand for pipeline:PipelineID=8563e188-11c9-457b-afae-d268bc40a618 to datanode:dce549a2-5f1d-4e87-86ad-66203672eab3
2023-10-04 17:33:39,507 [RatisPipelineUtilsThread - 0] INFO  pipeline.BackgroundPipelineCreator (BackgroundPipelineCreator.java:createPipelines(233)) - Created new pipeline Pipeline[ Id: 8563e188-11c9-457b-afae-d268bc40a618, Nodes: dce549a2-5f1d-4e87-86ad-66203672eab3(fv-az453-706.hss2zji4abbufegd5wcf2so25h.dx.internal.cloudapp.net/10.1.0.20), ReplicationConfig: RATIS/ONE, State:ALLOCATED, leaderId:, CreationTimestamp2023-10-04T17:33:39.507Z[Etc/UTC]]
2023-10-04 17:33:39,508 [EventQueue-PipelineReportForOneReplicaPipelineSafeModeRule] INFO  safemode.SCMSafeModeManager (SCMSafeModeManager.java:validateSafeModeExitRules(200)) - AtleastOneDatanodeReportedRule rule is successfully validated
2023-10-04 17:33:39,746 [main] INFO  ozone.MiniOzoneClusterImpl (MiniOzoneClusterImpl.java:lambda$waitForClusterToBeReady$0(229)) - Waiting for nodes to be ready. Got 1 of 5 DN Heartbeats.
2023-10-04 17:33:39,746 [main] INFO  ozone.MiniOzoneClusterImpl (MiniOzoneClusterImpl.java:lambda$waitForClusterToBeReady$0(232)) - Waiting for cluster to exit safe mode
2023-10-04 17:33:39,746 [main] INFO  ozone.MiniOzoneClusterImpl (MiniOzoneClusterImpl.java:lambda$waitForClusterToBeReady$0(234)) - SCM became leader
2023-10-04 17:33:39,801 [IPC Server handler 2 on default port 15161] INFO  net.NetworkTopologyImpl (NetworkTopologyImpl.java:add(112)) - Added a new node: /default-rack/67c5b0d7-9e75-4e40-acfe-981c0927b9fc
2023-10-04 17:33:39,802 [IPC Server handler 2 on default port 15161] INFO  node.SCMNodeManager (SCMNodeManager.java:register(405)) - Registered Data node : 67c5b0d7-9e75-4e40-acfe-981c0927b9fc{ip: 10.1.0.20, host: fv-az453-706.hss2zji4abbufegd5wcf2so25h.dx.internal.cloudapp.net, ports: [HTTP=15177, CLIENT_RPC=15178, REPLICATION=15184, RATIS=15180, RATIS_ADMIN=15181, RATIS_SERVER=15182, RATIS_DATASTREAM=15183, STANDALONE=15179], networkLocation: /default-rack, certSerialId: null, persistedOpState: null, persistedOpStateExpiryEpochSec: 0}
2023-10-04 17:33:39,802 [EventQueue-NewNodeForNewNodeHandler] INFO  pipeline.BackgroundPipelineCreator (BackgroundPipelineCreator.java:notifyEventTriggered(277)) - trigger a one-shot run on RatisPipelineUtilsThread.
2023-10-04 17:33:39,804 [EventQueue-NodeRegistrationContainerReportForDataNodeSafeModeRule] INFO  safemode.SCMSafeModeManager (DataNodeSafeModeRule.java:process(71)) - SCM in safe mode. 2 DataNodes registered, 3 required.
2023-10-04 17:33:39,804 [RatisPipelineUtilsThread - 0] INFO  pipeline.RatisPipelineProvider (RatisPipelineProvider.java:lambda$create$0(206)) - Sending CreatePipelineCommand for pipeline:PipelineID=c16eed5a-ce2c-4911-9999-e45b4d9e2f33 to datanode:67c5b0d7-9e75-4e40-acfe-981c0927b9fc
2023-10-04 17:33:39,805 [RatisPipelineUtilsThread - 0] INFO  pipeline.BackgroundPipelineCreator (BackgroundPipelineCreator.java:createPipelines(233)) - Created new pipeline Pipeline[ Id: c16eed5a-ce2c-4911-9999-e45b4d9e2f33, Nodes: 67c5b0d7-9e75-4e40-acfe-981c0927b9fc(fv-az453-706.hss2zji4abbufegd5wcf2so25h.dx.internal.cloudapp.net/10.1.0.20), ReplicationConfig: RATIS/ONE, State:ALLOCATED, leaderId:, CreationTimestamp2023-10-04T17:33:39.804Z[Etc/UTC]]
2023-10-04 17:33:40,129 [IPC Server handler 3 on default port 15161] INFO  net.NetworkTopologyImpl (NetworkTopologyImpl.java:add(112)) - Added a new node: /default-rack/0fe30932-4948-4248-92da-86cdb3d75943
2023-10-04 17:33:40,130 [IPC Server handler 3 on default port 15161] INFO  node.SCMNodeManager (SCMNodeManager.java:register(405)) - Registered Data node : 0fe30932-4948-4248-92da-86cdb3d75943{ip: 10.1.0.20, host: fv-az453-706.hss2zji4abbufegd5wcf2so25h.dx.internal.cloudapp.net, ports: [HTTP=15186, CLIENT_RPC=15187, REPLICATION=15193, RATIS=15189, RATIS_ADMIN=15190, RATIS_SERVER=15191, RATIS_DATASTREAM=15192, STANDALONE=15188], networkLocation: /default-rack, certSerialId: null, persistedOpState: null, persistedOpStateExpiryEpochSec: 0}
2023-10-04 17:33:40,130 [EventQueue-NewNodeForNewNodeHandler] INFO  pipeline.BackgroundPipelineCreator (BackgroundPipelineCreator.java:notifyEventTriggered(277)) - trigger a one-shot run on RatisPipelineUtilsThread.
2023-10-04 17:33:40,130 [EventQueue-NodeRegistrationContainerReportForDataNodeSafeModeRule] INFO  safemode.SCMSafeModeManager (DataNodeSafeModeRule.java:process(71)) - SCM in safe mode. 3 DataNodes registered, 3 required.
2023-10-04 17:33:40,130 [EventQueue-NodeRegistrationContainerReportForDataNodeSafeModeRule] INFO  safemode.SCMSafeModeManager (SCMSafeModeManager.java:validateSafeModeExitRules(200)) - DataNodeSafeModeRule rule is successfully validated
2023-10-04 17:33:40,130 [EventQueue-NodeRegistrationContainerReportForDataNodeSafeModeRule] INFO  safemode.SCMSafeModeManager (SCMSafeModeManager.java:completePreCheck(229)) - All SCM safe mode pre check rules have passed
2023-10-04 17:33:40,130 [EventQueue-NodeRegistrationContainerReportForDataNodeSafeModeRule] INFO  ha.SCMContext (SCMContext.java:updateSafeModeStatus(228)) - Update SafeModeStatus from SafeModeStatus{safeModeStatus=true, preCheckPassed=false} to SafeModeStatus{safeModeStatus=true, preCheckPassed=true}.
2023-10-04 17:33:40,130 [EventQueue-NodeRegistrationContainerReportForDataNodeSafeModeRule] INFO  pipeline.BackgroundPipelineCreator (BackgroundPipelineCreator.java:notifyEventTriggered(277)) - trigger a one-shot run on RatisPipelineUtilsThread.
2023-10-04 17:33:40,131 [RatisPipelineUtilsThread - 0] INFO  pipeline.RatisPipelineProvider (RatisPipelineProvider.java:lambda$create$0(206)) - Sending CreatePipelineCommand for pipeline:PipelineID=12d9e32a-7485-4e49-a08d-79b219f6e317 to datanode:0fe30932-4948-4248-92da-86cdb3d75943
2023-10-04 17:33:40,131 [RatisPipelineUtilsThread - 0] INFO  pipeline.BackgroundPipelineCreator (BackgroundPipelineCreator.java:createPipelines(233)) - Created new pipeline Pipeline[ Id: 12d9e32a-7485-4e49-a08d-79b219f6e317, Nodes: 0fe30932-4948-4248-92da-86cdb3d75943(fv-az453-706.hss2zji4abbufegd5wcf2so25h.dx.internal.cloudapp.net/10.1.0.20), ReplicationConfig: RATIS/ONE, State:ALLOCATED, leaderId:, CreationTimestamp2023-10-04T17:33:40.131Z[Etc/UTC]]
2023-10-04 17:33:40,131 [RatisPipelineUtilsThread - 0] INFO  pipeline.RatisPipelineProvider (RatisPipelineProvider.java:lambda$create$0(206)) - Sending CreatePipelineCommand for pipeline:PipelineID=dfe4d53f-0c94-404e-b5a2-eba4c3c4dd7f to datanode:dce549a2-5f1d-4e87-86ad-66203672eab3
2023-10-04 17:33:40,132 [RatisPipelineUtilsThread - 0] INFO  pipeline.RatisPipelineProvider (RatisPipelineProvider.java:lambda$create$0(206)) - Sending CreatePipelineCommand for pipeline:PipelineID=dfe4d53f-0c94-404e-b5a2-eba4c3c4dd7f to datanode:0fe30932-4948-4248-92da-86cdb3d75943
2023-10-04 17:33:40,132 [RatisPipelineUtilsThread - 0] INFO  pipeline.RatisPipelineProvider (RatisPipelineProvider.java:lambda$create$0(206)) - Sending CreatePipelineCommand for pipeline:PipelineID=dfe4d53f-0c94-404e-b5a2-eba4c3c4dd7f to datanode:67c5b0d7-9e75-4e40-acfe-981c0927b9fc
2023-10-04 17:33:40,132 [RatisPipelineUtilsThread - 0] INFO  pipeline.BackgroundPipelineCreator (BackgroundPipelineCreator.java:createPipelines(233)) - Created new pipeline Pipeline[ Id: dfe4d53f-0c94-404e-b5a2-eba4c3c4dd7f, Nodes: dce549a2-5f1d-4e87-86ad-66203672eab3(fv-az453-706.hss2zji4abbufegd5wcf2so25h.dx.internal.cloudapp.net/10.1.0.20)0fe30932-4948-4248-92da-86cdb3d75943(fv-az453-706.hss2zji4abbufegd5wcf2so25h.dx.internal.cloudapp.net/10.1.0.20)67c5b0d7-9e75-4e40-acfe-981c0927b9fc(fv-az453-706.hss2zji4abbufegd5wcf2so25h.dx.internal.cloudapp.net/10.1.0.20), ReplicationConfig: RATIS/THREE, State:ALLOCATED, leaderId:, CreationTimestamp2023-10-04T17:33:40.131Z[Etc/UTC]]
2023-10-04 17:33:40,132 [RatisPipelineUtilsThread - 0] INFO  pipeline.RatisPipelineProvider (RatisPipelineProvider.java:lambda$create$0(206)) - Sending CreatePipelineCommand for pipeline:PipelineID=3e5e5789-9c07-4d50-adaf-040533358e15 to datanode:dce549a2-5f1d-4e87-86ad-66203672eab3
2023-10-04 17:33:40,133 [RatisPipelineUtilsThread - 0] INFO  pipeline.RatisPipelineProvider (RatisPipelineProvider.java:lambda$create$0(206)) - Sending CreatePipelineCommand for pipeline:PipelineID=3e5e5789-9c07-4d50-adaf-040533358e15 to datanode:67c5b0d7-9e75-4e40-acfe-981c0927b9fc
2023-10-04 17:33:40,133 [RatisPipelineUtilsThread - 0] INFO  pipeline.RatisPipelineProvider (RatisPipelineProvider.java:lambda$create$0(206)) - Sending CreatePipelineCommand for pipeline:PipelineID=3e5e5789-9c07-4d50-adaf-040533358e15 to datanode:0fe30932-4948-4248-92da-86cdb3d75943
2023-10-04 17:33:40,133 [RatisPipelineUtilsThread - 0] INFO  pipeline.PipelineManagerImpl (PipelineManagerImpl.java:recordMetricsForPipeline(895)) - Pipeline: PipelineID=3e5e5789-9c07-4d50-adaf-040533358e15 contains same datanodes as previous pipelines: PipelineID=dfe4d53f-0c94-404e-b5a2-eba4c3c4dd7f nodeIds: dce549a2-5f1d-4e87-86ad-66203672eab3, 67c5b0d7-9e75-4e40-acfe-981c0927b9fc, 0fe30932-4948-4248-92da-86cdb3d75943
2023-10-04 17:33:40,133 [RatisPipelineUtilsThread - 0] INFO  pipeline.BackgroundPipelineCreator (BackgroundPipelineCreator.java:createPipelines(233)) - Created new pipeline Pipeline[ Id: 3e5e5789-9c07-4d50-adaf-040533358e15, Nodes: dce549a2-5f1d-4e87-86ad-66203672eab3(fv-az453-706.hss2zji4abbufegd5wcf2so25h.dx.internal.cloudapp.net/10.1.0.20)67c5b0d7-9e75-4e40-acfe-981c0927b9fc(fv-az453-706.hss2zji4abbufegd5wcf2so25h.dx.internal.cloudapp.net/10.1.0.20)0fe30932-4948-4248-92da-86cdb3d75943(fv-az453-706.hss2zji4abbufegd5wcf2so25h.dx.internal.cloudapp.net/10.1.0.20), ReplicationConfig: RATIS/THREE, State:ALLOCATED, leaderId:, CreationTimestamp2023-10-04T17:33:40.132Z[Etc/UTC]]
2023-10-04 17:33:40,442 [IPC Server handler 0 on default port 15161] INFO  net.NetworkTopologyImpl (NetworkTopologyImpl.java:add(112)) - Added a new node: /default-rack/219c79a0-740f-489f-9b06-6aa3e833066c
2023-10-04 17:33:40,442 [IPC Server handler 0 on default port 15161] INFO  node.SCMNodeManager (SCMNodeManager.java:register(405)) - Registered Data node : 219c79a0-740f-489f-9b06-6aa3e833066c{ip: 10.1.0.20, host: fv-az453-706.hss2zji4abbufegd5wcf2so25h.dx.internal.cloudapp.net, ports: [HTTP=15195, CLIENT_RPC=15196, REPLICATION=15202, RATIS=15198, RATIS_ADMIN=15199, RATIS_SERVER=15200, RATIS_DATASTREAM=15201, STANDALONE=15197], networkLocation: /default-rack, certSerialId: null, persistedOpState: null, persistedOpStateExpiryEpochSec: 0}
2023-10-04 17:33:40,443 [EventQueue-NewNodeForNewNodeHandler] INFO  pipeline.BackgroundPipelineCreator (BackgroundPipelineCreator.java:notifyEventTriggered(277)) - trigger a one-shot run on RatisPipelineUtilsThread.
2023-10-04 17:33:40,445 [RatisPipelineUtilsThread - 0] INFO  pipeline.RatisPipelineProvider (RatisPipelineProvider.java:lambda$create$0(206)) - Sending CreatePipelineCommand for pipeline:PipelineID=39aa7863-c0ac-4bd4-8e87-f10222047323 to datanode:219c79a0-740f-489f-9b06-6aa3e833066c
2023-10-04 17:33:40,445 [RatisPipelineUtilsThread - 0] INFO  pipeline.BackgroundPipelineCreator (BackgroundPipelineCreator.java:createPipelines(233)) - Created new pipeline Pipeline[ Id: 39aa7863-c0ac-4bd4-8e87-f10222047323, Nodes: 219c79a0-740f-489f-9b06-6aa3e833066c(fv-az453-706.hss2zji4abbufegd5wcf2so25h.dx.internal.cloudapp.net/10.1.0.20), ReplicationConfig: RATIS/ONE, State:ALLOCATED, leaderId:, CreationTimestamp2023-10-04T17:33:40.445Z[Etc/UTC]]
2023-10-04 17:33:40,746 [main] INFO  ozone.MiniOzoneClusterImpl (MiniOzoneClusterImpl.java:lambda$waitForClusterToBeReady$0(229)) - Waiting for nodes to be ready. Got 4 of 5 DN Heartbeats.
2023-10-04 17:33:40,747 [main] INFO  ozone.MiniOzoneClusterImpl (MiniOzoneClusterImpl.java:lambda$waitForClusterToBeReady$0(232)) - Waiting for cluster to exit safe mode
2023-10-04 17:33:40,747 [main] INFO  ozone.MiniOzoneClusterImpl (MiniOzoneClusterImpl.java:lambda$waitForClusterToBeReady$0(234)) - SCM became leader
2023-10-04 17:33:40,749 [IPC Server handler 2 on default port 15161] INFO  net.NetworkTopologyImpl (NetworkTopologyImpl.java:add(112)) - Added a new node: /default-rack/6d342b63-cf76-47c8-a233-ca7e4e688a75
2023-10-04 17:33:40,749 [IPC Server handler 2 on default port 15161] INFO  node.SCMNodeManager (SCMNodeManager.java:register(405)) - Registered Data node : 6d342b63-cf76-47c8-a233-ca7e4e688a75{ip: 10.1.0.20, host: fv-az453-706.hss2zji4abbufegd5wcf2so25h.dx.internal.cloudapp.net, ports: [HTTP=15204, CLIENT_RPC=15205, REPLICATION=15211, RATIS=15207, RATIS_ADMIN=15208, RATIS_SERVER=15209, RATIS_DATASTREAM=15210, STANDALONE=15206], networkLocation: /default-rack, certSerialId: null, persistedOpState: null, persistedOpStateExpiryEpochSec: 0}
2023-10-04 17:33:40,749 [EventQueue-NewNodeForNewNodeHandler] INFO  pipeline.BackgroundPipelineCreator (BackgroundPipelineCreator.java:notifyEventTriggered(277)) - trigger a one-shot run on RatisPipelineUtilsThread.
2023-10-04 17:33:40,750 [RatisPipelineUtilsThread - 0] INFO  pipeline.RatisPipelineProvider (RatisPipelineProvider.java:lambda$create$0(206)) - Sending CreatePipelineCommand for pipeline:PipelineID=86c60a6e-ffa7-4475-bd88-42e175cf29d6 to datanode:6d342b63-cf76-47c8-a233-ca7e4e688a75
2023-10-04 17:33:40,750 [RatisPipelineUtilsThread - 0] INFO  pipeline.BackgroundPipelineCreator (BackgroundPipelineCreator.java:createPipelines(233)) - Created new pipeline Pipeline[ Id: 86c60a6e-ffa7-4475-bd88-42e175cf29d6, Nodes: 6d342b63-cf76-47c8-a233-ca7e4e688a75(fv-az453-706.hss2zji4abbufegd5wcf2so25h.dx.internal.cloudapp.net/10.1.0.20), ReplicationConfig: RATIS/ONE, State:ALLOCATED, leaderId:, CreationTimestamp2023-10-04T17:33:40.750Z[Etc/UTC]]
2023-10-04 17:33:41,747 [main] INFO  ozone.MiniOzoneClusterImpl (MiniOzoneClusterImpl.java:lambda$waitForClusterToBeReady$0(229)) - Nodes are ready. Got 5 of 5 DN Heartbeats.
2023-10-04 17:33:41,747 [main] INFO  ozone.MiniOzoneClusterImpl (MiniOzoneClusterImpl.java:lambda$waitForClusterToBeReady$0(232)) - Waiting for cluster to exit safe mode
2023-10-04 17:33:41,747 [main] INFO  ozone.MiniOzoneClusterImpl (MiniOzoneClusterImpl.java:lambda$waitForClusterToBeReady$0(234)) - SCM became leader
2023-10-04 17:33:42,493 [PipelineCommandHandlerThread-0] INFO  server.RaftServer (RaftServerProxy.java:addNew(98)) - dce549a2-5f1d-4e87-86ad-66203672eab3: addNew group-D268BC40A618:[dce549a2-5f1d-4e87-86ad-66203672eab3|rpc:10.1.0.20:15173|admin:10.1.0.20:15172|client:10.1.0.20:15171|dataStream:10.1.0.20:15174|priority:1|startupRole:FOLLOWER] returns group-D268BC40A618:java.util.concurrent.CompletableFuture@2d76c3de[Not completed]
2023-10-04 17:33:42,498 [dce549a2-5f1d-4e87-86ad-66203672eab3-groupManagement] INFO  server.RaftServer$Division (RaftServerImpl.java:<init>(198)) - dce549a2-5f1d-4e87-86ad-66203672eab3: new RaftServerImpl for group-D268BC40A618:[dce549a2-5f1d-4e87-86ad-66203672eab3|rpc:10.1.0.20:15173|admin:10.1.0.20:15172|client:10.1.0.20:15171|dataStream:10.1.0.20:15174|priority:1|startupRole:FOLLOWER] with ContainerStateMachine:uninitialized
2023-10-04 17:33:42,499 [dce549a2-5f1d-4e87-86ad-66203672eab3-groupManagement] INFO  server.RaftServerConfigKeys (ConfUtils.java:logGet(46)) - raft.server.rpc.timeout.min = 5s (custom)
2023-10-04 17:33:42,499 [dce549a2-5f1d-4e87-86ad-66203672eab3-groupManagement] INFO  server.RaftServerConfigKeys (ConfUtils.java:logGet(46)) - raft.server.rpc.timeout.max = 5200ms (custom)
2023-10-04 17:33:42,499 [dce549a2-5f1d-4e87-86ad-66203672eab3-groupManagement] INFO  server.RaftServerConfigKeys (ConfUtils.java:logGet(46)) - raft.server.rpc.sleep.time = 25ms (default)
2023-10-04 17:33:42,499 [dce549a2-5f1d-4e87-86ad-66203672eab3-groupManagement] INFO  server.RaftServerConfigKeys (ConfUtils.java:logGet(46)) - raft.server.rpc.slowness.timeout = 300s (custom)
2023-10-04 17:33:42,499 [dce549a2-5f1d-4e87-86ad-66203672eab3-groupManagement] INFO  server.RaftServerConfigKeys (ConfUtils.java:logGet(46)) - raft.server.leaderelection.leader.step-down.wait-time = 10s (default)
2023-10-04 17:33:42,499 [dce549a2-5f1d-4e87-86ad-66203672eab3-groupManagement] INFO  server.RaftServerConfigKeys (ConfUtils.java:logGet(46)) - raft.server.sleep.deviation.threshold = 300ms (default)
2023-10-04 17:33:42,500 [dce549a2-5f1d-4e87-86ad-66203672eab3-groupManagement] INFO  server.RaftServer$Division (ServerState.java:<init>(120)) - dce549a2-5f1d-4e87-86ad-66203672eab3@group-D268BC40A618: ConfigurationManager, init=-1: peers:[dce549a2-5f1d-4e87-86ad-66203672eab3|rpc:10.1.0.20:15173|admin:10.1.0.20:15172|client:10.1.0.20:15171|dataStream:10.1.0.20:15174|priority:1|startupRole:FOLLOWER]|listeners:[], old=null, confs=<EMPTY_MAP>
2023-10-04 17:33:42,500 [dce549a2-5f1d-4e87-86ad-66203672eab3-groupManagement] INFO  server.RaftServerConfigKeys (ConfUtils.java:logGet(46)) - raft.server.storage.dir = [/home/runner/work/ozone/ozone/hadoop-ozone/integration-test/target/test-dir/MiniOzoneClusterImpl-e9305288-83d2-469c-8969-78e040065d82/datanode-0/data/ratis] (custom)
2023-10-04 17:33:42,500 [dce549a2-5f1d-4e87-86ad-66203672eab3-groupManagement] INFO  server.RaftServerConfigKeys (ConfUtils.java:logGet(46)) - raft.server.log.corruption.policy = EXCEPTION (default)
2023-10-04 17:33:42,500 [dce549a2-5f1d-4e87-86ad-66203672eab3-groupManagement] INFO  server.RaftServerConfigKeys (ConfUtils.java:logGet(46)) - raft.server.storage.free-space.min = 0MB (=0) (default)
2023-10-04 17:33:42,500 [dce549a2-5f1d-4e87-86ad-66203672eab3-groupManagement] INFO  server.RaftServerConfigKeys (ConfUtils.java:logGet(46)) - raft.server.notification.no-leader.timeout = 300s (custom)
2023-10-04 17:33:42,500 [dce549a2-5f1d-4e87-86ad-66203672eab3-groupManagement] INFO  server.RaftServerConfigKeys (ConfUtils.java:logGet(46)) - raft.server.read.timeout = 10s (default)
2023-10-04 17:33:42,500 [dce549a2-5f1d-4e87-86ad-66203672eab3-groupManagement] INFO  server.RaftServerConfigKeys (ConfUtils.java:logGet(46)) - raft.server.retrycache.expirytime = 600000ms (custom)
2023-10-04 17:33:42,500 [dce549a2-5f1d-4e87-86ad-66203672eab3-groupManagement] INFO  server.RaftServerConfigKeys (ConfUtils.java:logGet(46)) - raft.server.retrycache.statistics.expirytime = 100μs (default)
2023-10-04 17:33:42,500 [dce549a2-5f1d-4e87-86ad-66203672eab3-groupManagement] INFO  server.RaftServerConfigKeys (ConfUtils.java:logGet(46)) - raft.server.read.option = DEFAULT (default)
2023-10-04 17:33:42,501 [dce549a2-5f1d-4e87-86ad-66203672eab3-groupManagement] INFO  server.RaftServerConfigKeys (ConfUtils.java:logGet(46)) - raft.server.rpc.request.timeout = 60s (custom)
2023-10-04 17:33:42,501 [dce549a2-5f1d-4e87-86ad-66203672eab3-groupManagement] INFO  server.RaftServerConfigKeys (ConfUtils.java:logGet(46)) - raft.server.log.appender.install.snapshot.enabled = false (custom)
2023-10-04 17:33:42,501 [dce549a2-5f1d-4e87-86ad-66203672eab3-groupManagement] INFO  server.RaftServerConfigKeys (ConfUtils.java:logGet(46)) - raft.server.threadpool.server.cached = true (default)
2023-10-04 17:33:42,501 [dce549a2-5f1d-4e87-86ad-66203672eab3-groupManagement] INFO  server.RaftServerConfigKeys (ConfUtils.java:logGet(46)) - raft.server.threadpool.server.size = 0 (default)
2023-10-04 17:33:42,501 [dce549a2-5f1d-4e87-86ad-66203672eab3-groupManagement] INFO  server.RaftServerConfigKeys (ConfUtils.java:logGet(46)) - raft.server.threadpool.client.cached = true (default)
2023-10-04 17:33:42,501 [dce549a2-5f1d-4e87-86ad-66203672eab3-groupManagement] INFO  server.RaftServerConfigKeys (ConfUtils.java:logGet(46)) - raft.server.threadpool.client.size = 0 (default)
2023-10-04 17:33:42,501 [dce549a2-5f1d-4e87-86ad-66203672eab3-groupManagement] INFO  storage.RaftStorageDirectory (RaftStorageDirectoryImpl.java:analyzeStorage(137)) - The storage directory /home/runner/work/ozone/ozone/hadoop-ozone/integration-test/target/test-dir/MiniOzoneClusterImpl-e9305288-83d2-469c-8969-78e040065d82/datanode-0/data/ratis/8563e188-11c9-457b-afae-d268bc40a618 does not exist. Creating ...
2023-10-04 17:33:42,503 [dce549a2-5f1d-4e87-86ad-66203672eab3-groupManagement] INFO  storage.RaftStorageDirectory (RaftStorageDirectoryImpl.java:tryLock(231)) - Lock on /home/runner/work/ozone/ozone/hadoop-ozone/integration-test/target/test-dir/MiniOzoneClusterImpl-e9305288-83d2-469c-8969-78e040065d82/datanode-0/data/ratis/8563e188-11c9-457b-afae-d268bc40a618/in_use.lock acquired by nodename 7524@fv-az453-706
2023-10-04 17:33:42,504 [dce549a2-5f1d-4e87-86ad-66203672eab3-groupManagement] INFO  storage.RaftStorage (RaftStorageImpl.java:format(96)) - Storage directory /home/runner/work/ozone/ozone/hadoop-ozone/integration-test/target/test-dir/MiniOzoneClusterImpl-e9305288-83d2-469c-8969-78e040065d82/datanode-0/data/ratis/8563e188-11c9-457b-afae-d268bc40a618 has been successfully formatted.
2023-10-04 17:33:42,506 [dce549a2-5f1d-4e87-86ad-66203672eab3-groupManagement] INFO  ratis.ContainerStateMachine (ContainerStateMachine.java:loadSnapshot(262)) - group-D268BC40A618: The snapshot info is null. Setting the last applied indexto:(t:0, i:~)
2023-10-04 17:33:42,506 [dce549a2-5f1d-4e87-86ad-66203672eab3-groupManagement] INFO  server.RaftServerConfigKeys (ConfUtils.java:logGet(46)) - raft.server.log.use.memory = false (default)
2023-10-04 17:33:42,507 [EventQueue-PipelineReportForPipelineReportHandler] INFO  pipeline.PipelineReportHandler (PipelineReportHandler.java:processPipelineReport(136)) - Opened pipeline PipelineID=8563e188-11c9-457b-afae-d268bc40a618
2023-10-04 17:33:42,509 [dce549a2-5f1d-4e87-86ad-66203672eab3-groupManagement] INFO  server.RaftServerConfigKeys (ConfUtils.java:logGet(46)) - raft.server.log.purge.gap = 1000000 (custom)
2023-10-04 17:33:42,509 [dce549a2-5f1d-4e87-86ad-66203672eab3-groupManagement] INFO  server.RaftServerConfigKeys (ConfUtils.java:logGet(46)) - raft.server.log.appender.buffer.byte-limit = 33554432 (custom)
2023-10-04 17:33:42,509 [dce549a2-5f1d-4e87-86ad-66203672eab3-groupManagement] INFO  server.RaftServerConfigKeys (ConfUtils.java:logGet(46)) - raft.server.log.statemachine.data.read.timeout = 1000ms (default)
2023-10-04 17:33:42,509 [dce549a2-5f1d-4e87-86ad-66203672eab3-groupManagement] INFO  server.RaftServerConfigKeys (ConfUtils.java:logGet(46)) - raft.server.log.purge.preservation.log.num = 0 (default)
2023-10-04 17:33:42,510 [dce549a2-5f1d-4e87-86ad-66203672eab3-groupManagement] INFO  server.RaftServerConfigKeys (ConfUtils.java:logGet(46)) - raft.server.log.segment.size.max = 1048576 (custom)
2023-10-04 17:33:42,510 [dce549a2-5f1d-4e87-86ad-66203672eab3-groupManagement] INFO  server.RaftServerConfigKeys (ConfUtils.java:logGet(46)) - raft.server.log.segment.cache.num.max = 2 (custom)
2023-10-04 17:33:42,510 [dce549a2-5f1d-4e87-86ad-66203672eab3-groupManagement] INFO  server.RaftServerConfigKeys (ConfUtils.java:logGet(46)) - raft.server.log.segment.cache.size.max = 200MB (=209715200) (default)
2023-10-04 17:33:42,510 [dce549a2-5f1d-4e87-86ad-66203672eab3-groupManagement] INFO  server.RaftServerConfigKeys (ConfUtils.java:logGet(46)) - raft.server.log.appender.buffer.byte-limit = 33554432 (custom)
2023-10-04 17:33:42,510 [dce549a2-5f1d-4e87-86ad-66203672eab3-groupManagement] INFO  segmented.SegmentedRaftLogWorker (SegmentedRaftLogWorker.java:<init>(188)) - new dce549a2-5f1d-4e87-86ad-66203672eab3@group-D268BC40A618-SegmentedRaftLogWorker for RaftStorageImpl:Storage Directory /home/runner/work/ozone/ozone/hadoop-ozone/integration-test/target/test-dir/MiniOzoneClusterImpl-e9305288-83d2-469c-8969-78e040065d82/datanode-0/data/ratis/8563e188-11c9-457b-afae-d268bc40a618
2023-10-04 17:33:42,510 [dce549a2-5f1d-4e87-86ad-66203672eab3-groupManagement] INFO  server.RaftServerConfigKeys (ConfUtils.java:logGet(46)) - raft.server.log.queue.byte-limit = 4294967296 (custom)
2023-10-04 17:33:42,510 [dce549a2-5f1d-4e87-86ad-66203672eab3-groupManagement] INFO  server.RaftServerConfigKeys (ConfUtils.java:logGet(46)) - raft.server.log.queue.element-limit = 1024 (custom)
2023-10-04 17:33:42,510 [dce549a2-5f1d-4e87-86ad-66203672eab3-groupManagement] INFO  server.RaftServerConfigKeys (ConfUtils.java:logGet(46)) - raft.server.log.segment.size.max = 1048576 (custom)
2023-10-04 17:33:42,510 [dce549a2-5f1d-4e87-86ad-66203672eab3-groupManagement] INFO  server.RaftServerConfigKeys (ConfUtils.java:logGet(46)) - raft.server.log.preallocated.size = 16384 (custom)
2023-10-04 17:33:42,510 [dce549a2-5f1d-4e87-86ad-66203672eab3-groupManagement] INFO  server.RaftServerConfigKeys (ConfUtils.java:logGet(46)) - raft.server.log.force.sync.num = 128 (default)
2023-10-04 17:33:42,510 [dce549a2-5f1d-4e87-86ad-66203672eab3-groupManagement] INFO  server.RaftServerConfigKeys (ConfUtils.java:logGet(46)) - raft.server.log.statemachine.data.sync = true (default)
2023-10-04 17:33:42,510 [dce549a2-5f1d-4e87-86ad-66203672eab3-groupManagement] INFO  server.RaftServerConfigKeys (ConfUtils.java:logGet(46)) - raft.server.log.statemachine.data.sync.timeout = 10s (default)
2023-10-04 17:33:42,510 [dce549a2-5f1d-4e87-86ad-66203672eab3-groupManagement] INFO  server.RaftServerConfigKeys (ConfUtils.java:logGet(46)) - raft.server.log.statemachine.data.sync.timeout.retry = -1 (default)
2023-10-04 17:33:42,511 [dce549a2-5f1d-4e87-86ad-66203672eab3-groupManagement] INFO  server.RaftServerConfigKeys (ConfUtils.java:logGet(46)) - raft.server.log.write.buffer.size = 1048576 (custom)
2023-10-04 17:33:42,511 [dce549a2-5f1d-4e87-86ad-66203672eab3-groupManagement] INFO  server.RaftServerConfigKeys (ConfUtils.java:logGet(46)) - raft.server.log.appender.buffer.byte-limit = 33554432 (custom)
2023-10-04 17:33:42,516 [dce549a2-5f1d-4e87-86ad-66203672eab3-groupManagement] INFO  server.RaftServerConfigKeys (ConfUtils.java:logGet(46)) - raft.server.log.unsafe-flush.enabled = false (default)
2023-10-04 17:33:42,516 [dce549a2-5f1d-4e87-86ad-66203672eab3-groupManagement] INFO  server.RaftServerConfigKeys (ConfUtils.java:logGet(46)) - raft.server.log.async-flush.enabled = false (default)
2023-10-04 17:33:42,516 [dce549a2-5f1d-4e87-86ad-66203672eab3-groupManagement] INFO  server.RaftServerConfigKeys (ConfUtils.java:logGet(46)) - raft.server.log.statemachine.data.caching.enabled = true (custom)
2023-10-04 17:33:42,516 [dce549a2-5f1d-4e87-86ad-66203672eab3-groupManagement] INFO  segmented.SegmentedRaftLogWorker (SegmentedRaftLogWorker.java:lambda$new$0(135)) - dce549a2-5f1d-4e87-86ad-66203672eab3@group-D268BC40A618-SegmentedRaftLogWorker: flushIndex: setUnconditionally 0 -> -1
2023-10-04 17:33:42,517 [dce549a2-5f1d-4e87-86ad-66203672eab3-groupManagement] INFO  segmented.SegmentedRaftLogWorker (SegmentedRaftLogWorker.java:lambda$new$0(135)) - dce549a2-5f1d-4e87-86ad-66203672eab3@group-D268BC40A618-SegmentedRaftLogWorker: safeCacheEvictIndex: setUnconditionally 0 -> -1
2023-10-04 17:33:42,523 [EventQueue-OpenPipelineForHealthyPipelineSafeModeRule] INFO  safemode.SCMSafeModeManager (HealthyPipelineSafeModeRule.java:process(137)) - SCM in safe mode. Healthy pipelines reported count is 0, required healthy pipeline reported count is 1
2023-10-04 17:33:42,523 [dce549a2-5f1d-4e87-86ad-66203672eab3-groupManagement] INFO  server.RaftServer$Division (RaftServerImpl.java:start(342)) - dce549a2-5f1d-4e87-86ad-66203672eab3@group-D268BC40A618: start as a follower, conf=-1: peers:[dce549a2-5f1d-4e87-86ad-66203672eab3|rpc:10.1.0.20:15173|admin:10.1.0.20:15172|client:10.1.0.20:15171|dataStream:10.1.0.20:15174|priority:1|startupRole:FOLLOWER]|listeners:[], old=null
2023-10-04 17:33:42,523 [dce549a2-5f1d-4e87-86ad-66203672eab3-groupManagement] INFO  server.RaftServer$Division (RaftServerImpl.java:setRole(329)) - dce549a2-5f1d-4e87-86ad-66203672eab3@group-D268BC40A618: changes role from      null to FOLLOWER at term 0 for startAsFollower
2023-10-04 17:33:42,523 [dce549a2-5f1d-4e87-86ad-66203672eab3-groupManagement] INFO  impl.RoleInfo (RoleInfo.java:updateAndGet(139)) - dce549a2-5f1d-4e87-86ad-66203672eab3: start dce549a2-5f1d-4e87-86ad-66203672eab3@group-D268BC40A618-FollowerState
2023-10-04 17:33:42,523 [dce549a2-5f1d-4e87-86ad-66203672eab3@group-D268BC40A618-FollowerState] INFO  server.RaftServerConfigKeys (ConfUtils.java:logFallback(53)) - raft.server.rpc.first-election.timeout.min = 5s (fallback to raft.server.rpc.timeout.min)
2023-10-04 17:33:42,523 [dce549a2-5f1d-4e87-86ad-66203672eab3@group-D268BC40A618-FollowerState] INFO  server.RaftServerConfigKeys (ConfUtils.java:logFallback(53)) - raft.server.rpc.first-election.timeout.max = 5200ms (fallback to raft.server.rpc.timeout.max)
2023-10-04 17:33:42,524 [dce549a2-5f1d-4e87-86ad-66203672eab3-groupManagement] INFO  util.JmxRegister (JmxRegister.java:tryRegister(44)) - Successfully registered JMX Bean with object name Ratis:service=RaftServer,group=group-D268BC40A618,id=dce549a2-5f1d-4e87-86ad-66203672eab3
2023-10-04 17:33:42,524 [dce549a2-5f1d-4e87-86ad-66203672eab3-groupManagement] INFO  server.RaftServerConfigKeys (ConfUtils.java:logGet(46)) - raft.server.snapshot.auto.trigger.enabled = true (custom)
2023-10-04 17:33:42,524 [dce549a2-5f1d-4e87-86ad-66203672eab3-groupManagement] INFO  server.RaftServerConfigKeys (ConfUtils.java:logGet(46)) - raft.server.snapshot.auto.trigger.threshold = 10000 (custom)
2023-10-04 17:33:42,524 [dce549a2-5f1d-4e87-86ad-66203672eab3-groupManagement] INFO  server.RaftServerConfigKeys (ConfUtils.java:logGet(46)) - raft.server.snapshot.retention.file.num = 5 (custom)
2023-10-04 17:33:42,524 [dce549a2-5f1d-4e87-86ad-66203672eab3-groupManagement] INFO  server.RaftServerConfigKeys (ConfUtils.java:logGet(46)) - raft.server.log.purge.upto.snapshot.index = false (default)
2023-10-04 17:33:42,524 [PipelineCommandHandlerThread-0] INFO  ratis.XceiverServerRatis (XceiverServerRatis.java:addGroup(804)) - Created group PipelineID=8563e188-11c9-457b-afae-d268bc40a618
2023-10-04 17:33:42,525 [PipelineCommandHandlerThread-0] INFO  commandhandler.CreatePipelineCommandHandler (CreatePipelineCommandHandler.java:lambda$handle$2(124)) - Created Pipeline RATIS ONE PipelineID=8563e188-11c9-457b-afae-d268bc40a618.
2023-10-04 17:33:42,525 [PipelineCommandHandlerThread-0] INFO  server.RaftServer (RaftServerProxy.java:addNew(98)) - dce549a2-5f1d-4e87-86ad-66203672eab3: addNew group-EBA4C3C4DD7F:[67c5b0d7-9e75-4e40-acfe-981c0927b9fc|rpc:10.1.0.20:15182|admin:10.1.0.20:15181|client:10.1.0.20:15180|dataStream:10.1.0.20:15183|priority:0|startupRole:FOLLOWER, dce549a2-5f1d-4e87-86ad-66203672eab3|rpc:10.1.0.20:15173|admin:10.1.0.20:15172|client:10.1.0.20:15171|dataStream:10.1.0.20:15174|priority:1|startupRole:FOLLOWER, 0fe30932-4948-4248-92da-86cdb3d75943|rpc:10.1.0.20:15191|admin:10.1.0.20:15190|client:10.1.0.20:15189|dataStream:10.1.0.20:15192|priority:0|startupRole:FOLLOWER] returns group-EBA4C3C4DD7F:java.util.concurrent.CompletableFuture@294942a8[Not completed]
2023-10-04 17:33:42,526 [dce549a2-5f1d-4e87-86ad-66203672eab3-groupManagement] INFO  server.RaftServer$Division (RaftServerImpl.java:<init>(198)) - dce549a2-5f1d-4e87-86ad-66203672eab3: new RaftServerImpl for group-EBA4C3C4DD7F:[67c5b0d7-9e75-4e40-acfe-981c0927b9fc|rpc:10.1.0.20:15182|admin:10.1.0.20:15181|client:10.1.0.20:15180|dataStream:10.1.0.20:15183|priority:0|startupRole:FOLLOWER, dce549a2-5f1d-4e87-86ad-66203672eab3|rpc:10.1.0.20:15173|admin:10.1.0.20:15172|client:10.1.0.20:15171|dataStream:10.1.0.20:15174|priority:1|startupRole:FOLLOWER, 0fe30932-4948-4248-92da-86cdb3d75943|rpc:10.1.0.20:15191|admin:10.1.0.20:15190|client:10.1.0.20:15189|dataStream:10.1.0.20:15192|priority:0|startupRole:FOLLOWER] with ContainerStateMachine:uninitialized
2023-10-04 17:33:42,526 [dce549a2-5f1d-4e87-86ad-66203672eab3-groupManagement] INFO  server.RaftServerConfigKeys (ConfUtils.java:logGet(46)) - raft.server.rpc.timeout.min = 5s (custom)
2023-10-04 17:33:42,526 [dce549a2-5f1d-4e87-86ad-66203672eab3-groupManagement] INFO  server.RaftServerConfigKeys (ConfUtils.java:logGet(46)) - raft.server.rpc.timeout.max = 5200ms (custom)
2023-10-04 17:33:42,526 [dce549a2-5f1d-4e87-86ad-66203672eab3-groupManagement] INFO  server.RaftServerConfigKeys (ConfUtils.java:logGet(46)) - raft.server.rpc.sleep.time = 25ms (default)
2023-10-04 17:33:42,526 [dce549a2-5f1d-4e87-86ad-66203672eab3-groupManagement] INFO  server.RaftServerConfigKeys (ConfUtils.java:logGet(46)) - raft.server.rpc.slowness.timeout = 300s (custom)
2023-10-04 17:33:42,526 [dce549a2-5f1d-4e87-86ad-66203672eab3-groupManagement] INFO  server.RaftServerConfigKeys (ConfUtils.java:logGet(46)) - raft.server.leaderelection.leader.step-down.wait-time = 10s (default)
2023-10-04 17:33:42,526 [dce549a2-5f1d-4e87-86ad-66203672eab3-groupManagement] INFO  server.RaftServerConfigKeys (ConfUtils.java:logGet(46)) - raft.server.sleep.deviation.threshold = 300ms (default)
2023-10-04 17:33:42,526 [dce549a2-5f1d-4e87-86ad-66203672eab3-groupManagement] INFO  server.RaftServer$Division (ServerState.java:<init>(120)) - dce549a2-5f1d-4e87-86ad-66203672eab3@group-EBA4C3C4DD7F: ConfigurationManager, init=-1: peers:[67c5b0d7-9e75-4e40-acfe-981c0927b9fc|rpc:10.1.0.20:15182|admin:10.1.0.20:15181|client:10.1.0.20:15180|dataStream:10.1.0.20:15183|priority:0|startupRole:FOLLOWER, dce549a2-5f1d-4e87-86ad-66203672eab3|rpc:10.1.0.20:15173|admin:10.1.0.20:15172|client:10.1.0.20:15171|dataStream:10.1.0.20:15174|priority:1|startupRole:FOLLOWER, 0fe30932-4948-4248-92da-86cdb3d75943|rpc:10.1.0.20:15191|admin:10.1.0.20:15190|client:10.1.0.20:15189|dataStream:10.1.0.20:15192|priority:0|startupRole:FOLLOWER]|listeners:[], old=null, confs=<EMPTY_MAP>
2023-10-04 17:33:42,526 [dce549a2-5f1d-4e87-86ad-66203672eab3-groupManagement] INFO  server.RaftServerConfigKeys (ConfUtils.java:logGet(46)) - raft.server.storage.dir = [/home/runner/work/ozone/ozone/hadoop-ozone/integration-test/target/test-dir/MiniOzoneClusterImpl-e9305288-83d2-469c-8969-78e040065d82/datanode-0/data/ratis] (custom)
2023-10-04 17:33:42,526 [dce549a2-5f1d-4e87-86ad-66203672eab3-groupManagement] INFO  server.RaftServerConfigKeys (ConfUtils.java:logGet(46)) - raft.server.log.corruption.policy = EXCEPTION (default)
2023-10-04 17:33:42,526 [dce549a2-5f1d-4e87-86ad-66203672eab3-groupManagement] INFO  server.RaftServerConfigKeys (ConfUtils.java:logGet(46)) - raft.server.storage.free-space.min = 0MB (=0) (default)
2023-10-04 17:33:42,526 [dce549a2-5f1d-4e87-86ad-66203672eab3-groupManagement] INFO  server.RaftServerConfigKeys (ConfUtils.java:logGet(46)) - raft.server.notification.no-leader.timeout = 300s (custom)
2023-10-04 17:33:42,527 [dce549a2-5f1d-4e87-86ad-66203672eab3-groupManagement] INFO  server.RaftServerConfigKeys (ConfUtils.java:logGet(46)) - raft.server.read.timeout = 10s (default)
2023-10-04 17:33:42,527 [dce549a2-5f1d-4e87-86ad-66203672eab3-groupManagement] INFO  server.RaftServerConfigKeys (ConfUtils.java:logGet(46)) - raft.server.retrycache.expirytime = 600000ms (custom)
2023-10-04 17:33:42,527 [dce549a2-5f1d-4e87-86ad-66203672eab3-groupManagement] INFO  server.RaftServerConfigKeys (ConfUtils.java:logGet(46)) - raft.server.retrycache.statistics.expirytime = 100μs (default)
2023-10-04 17:33:42,527 [dce549a2-5f1d-4e87-86ad-66203672eab3-groupManagement] INFO  server.RaftServerConfigKeys (ConfUtils.java:logGet(46)) - raft.server.read.option = DEFAULT (default)
2023-10-04 17:33:42,527 [dce549a2-5f1d-4e87-86ad-66203672eab3-groupManagement] INFO  server.RaftServerConfigKeys (ConfUtils.java:logGet(46)) - raft.server.rpc.request.timeout = 60s (custom)
2023-10-04 17:33:42,527 [dce549a2-5f1d-4e87-86ad-66203672eab3-groupManagement] INFO  server.RaftServerConfigKeys (ConfUtils.java:logGet(46)) - raft.server.log.appender.install.snapshot.enabled = false (custom)
2023-10-04 17:33:42,527 [dce549a2-5f1d-4e87-86ad-66203672eab3-groupManagement] INFO  server.RaftServerConfigKeys (ConfUtils.java:logGet(46)) - raft.server.threadpool.server.cached = true (default)
2023-10-04 17:33:42,527 [dce549a2-5f1d-4e87-86ad-66203672eab3-groupManagement] INFO  server.RaftServerConfigKeys (ConfUtils.java:logGet(46)) - raft.server.threadpool.server.size = 0 (default)
2023-10-04 17:33:42,527 [dce549a2-5f1d-4e87-86ad-66203672eab3-groupManagement] INFO  server.RaftServerConfigKeys (ConfUtils.java:logGet(46)) - raft.server.threadpool.client.cached = true (default)
2023-10-04 17:33:42,527 [dce549a2-5f1d-4e87-86ad-66203672eab3-groupManagement] INFO  server.RaftServerConfigKeys (ConfUtils.java:logGet(46)) - raft.server.threadpool.client.size = 0 (default)
2023-10-04 17:33:42,528 [dce549a2-5f1d-4e87-86ad-66203672eab3-groupManagement] INFO  storage.RaftStorageDirectory (RaftStorageDirectoryImpl.java:analyzeStorage(137)) - The storage directory /home/runner/work/ozone/ozone/hadoop-ozone/integration-test/target/test-dir/MiniOzoneClusterImpl-e9305288-83d2-469c-8969-78e040065d82/datanode-0/data/ratis/dfe4d53f-0c94-404e-b5a2-eba4c3c4dd7f does not exist. Creating ...
2023-10-04 17:33:42,529 [dce549a2-5f1d-4e87-86ad-66203672eab3-groupManagement] INFO  storage.RaftStorageDirectory (RaftStorageDirectoryImpl.java:tryLock(231)) - Lock on /home/runner/work/ozone/ozone/hadoop-ozone/integration-test/target/test-dir/MiniOzoneClusterImpl-e9305288-83d2-469c-8969-78e040065d82/datanode-0/data/ratis/dfe4d53f-0c94-404e-b5a2-eba4c3c4dd7f/in_use.lock acquired by nodename 7524@fv-az453-706
2023-10-04 17:33:42,530 [dce549a2-5f1d-4e87-86ad-66203672eab3-groupManagement] INFO  storage.RaftStorage (RaftStorageImpl.java:format(96)) - Storage directory /home/runner/work/ozone/ozone/hadoop-ozone/integration-test/target/test-dir/MiniOzoneClusterImpl-e9305288-83d2-469c-8969-78e040065d82/datanode-0/data/ratis/dfe4d53f-0c94-404e-b5a2-eba4c3c4dd7f has been successfully formatted.
2023-10-04 17:33:42,531 [dce549a2-5f1d-4e87-86ad-66203672eab3-groupManagement] INFO  ratis.ContainerStateMachine (ContainerStateMachine.java:loadSnapshot(262)) - group-EBA4C3C4DD7F: The snapshot info is null. Setting the last applied indexto:(t:0, i:~)
2023-10-04 17:33:42,532 [dce549a2-5f1d-4e87-86ad-66203672eab3-groupManagement] INFO  server.RaftServerConfigKeys (ConfUtils.java:logGet(46)) - raft.server.log.use.memory = false (default)
2023-10-04 17:33:42,532 [dce549a2-5f1d-4e87-86ad-66203672eab3-groupManagement] INFO  server.RaftServerConfigKeys (ConfUtils.java:logGet(46)) - raft.server.log.purge.gap = 1000000 (custom)
2023-10-04 17:33:42,532 [dce549a2-5f1d-4e87-86ad-66203672eab3-groupManagement] INFO  server.RaftServerConfigKeys (ConfUtils.java:logGet(46)) - raft.server.log.appender.buffer.byte-limit = 33554432 (custom)
2023-10-04 17:33:42,532 [dce549a2-5f1d-4e87-86ad-66203672eab3-groupManagement] INFO  server.RaftServerConfigKeys (ConfUtils.java:logGet(46)) - raft.server.log.statemachine.data.read.timeout = 1000ms (default)
2023-10-04 17:33:42,532 [dce549a2-5f1d-4e87-86ad-66203672eab3-groupManagement] INFO  server.RaftServerConfigKeys (ConfUtils.java:logGet(46)) - raft.server.log.purge.preservation.log.num = 0 (default)
2023-10-04 17:33:42,532 [EventQueue-OpenPipelineForHealthyPipelineSafeModeRule] INFO  safemode.SCMSafeModeManager (HealthyPipelineSafeModeRule.java:process(137)) - SCM in safe mode. Healthy pipelines reported count is 0, required healthy pipeline reported count is 1
2023-10-04 17:33:42,532 [dce549a2-5f1d-4e87-86ad-66203672eab3-groupManagement] INFO  server.RaftServerConfigKeys (ConfUtils.java:logGet(46)) - raft.server.log.segment.size.max = 1048576 (custom)
2023-10-04 17:33:42,532 [dce549a2-5f1d-4e87-86ad-66203672eab3-groupManagement] INFO  server.RaftServerConfigKeys (ConfUtils.java:logGet(46)) - raft.server.log.segment.cache.num.max = 2 (custom)
2023-10-04 17:33:42,533 [dce549a2-5f1d-4e87-86ad-66203672eab3-groupManagement] INFO  server.RaftServerConfigKeys (ConfUtils.java:logGet(46)) - raft.server.log.segment.cache.size.max = 200MB (=209715200) (default)
2023-10-04 17:33:42,533 [dce549a2-5f1d-4e87-86ad-66203672eab3-groupManagement] INFO  server.RaftServerConfigKeys (ConfUtils.java:logGet(46)) - raft.server.log.appender.buffer.byte-limit = 33554432 (custom)
2023-10-04 17:33:42,533 [dce549a2-5f1d-4e87-86ad-66203672eab3-groupManagement] INFO  segmented.SegmentedRaftLogWorker (SegmentedRaftLogWorker.java:<init>(188)) - new dce549a2-5f1d-4e87-86ad-66203672eab3@group-EBA4C3C4DD7F-SegmentedRaftLogWorker for RaftStorageImpl:Storage Directory /home/runner/work/ozone/ozone/hadoop-ozone/integration-test/target/test-dir/MiniOzoneClusterImpl-e9305288-83d2-469c-8969-78e040065d82/datanode-0/data/ratis/dfe4d53f-0c94-404e-b5a2-eba4c3c4dd7f
2023-10-04 17:33:42,533 [dce549a2-5f1d-4e87-86ad-66203672eab3-groupManagement] INFO  server.RaftServerConfigKeys (ConfUtils.java:logGet(46)) - raft.server.log.queue.byte-limit = 4294967296 (custom)
2023-10-04 17:33:42,533 [dce549a2-5f1d-4e87-86ad-66203672eab3-groupManagement] INFO  server.RaftServerConfigKeys (ConfUtils.java:logGet(46)) - raft.server.log.queue.element-limit = 1024 (custom)
2023-10-04 17:33:42,533 [dce549a2-5f1d-4e87-86ad-66203672eab3-groupManagement] INFO  server.RaftServerConfigKeys (ConfUtils.java:logGet(46)) - raft.server.log.segment.size.max = 1048576 (custom)
2023-10-04 17:33:42,533 [dce549a2-5f1d-4e87-86ad-66203672eab3-groupManagement] INFO  server.RaftServerConfigKeys (ConfUtils.java:logGet(46)) - raft.server.log.preallocated.size = 16384 (custom)
2023-10-04 17:33:42,533 [dce549a2-5f1d-4e87-86ad-66203672eab3-groupManagement] INFO  server.RaftServerConfigKeys (ConfUtils.java:logGet(46)) - raft.server.log.force.sync.num = 128 (default)
2023-10-04 17:33:42,533 [dce549a2-5f1d-4e87-86ad-66203672eab3-groupManagement] INFO  server.RaftServerConfigKeys (ConfUtils.java:logGet(46)) - raft.server.log.statemachine.data.sync = true (default)
2023-10-04 17:33:42,533 [dce549a2-5f1d-4e87-86ad-66203672eab3-groupManagement] INFO  server.RaftServerConfigKeys (ConfUtils.java:logGet(46)) - raft.server.log.statemachine.data.sync.timeout = 10s (default)
2023-10-04 17:33:42,533 [dce549a2-5f1d-4e87-86ad-66203672eab3-groupManagement] INFO  server.RaftServerConfigKeys (ConfUtils.java:logGet(46)) - raft.server.log.statemachine.data.sync.timeout.retry = -1 (default)
2023-10-04 17:33:42,533 [dce549a2-5f1d-4e87-86ad-66203672eab3-groupManagement] INFO  server.RaftServerConfigKeys (ConfUtils.java:logGet(46)) - raft.server.log.write.buffer.size = 1048576 (custom)
2023-10-04 17:33:42,534 [dce549a2-5f1d-4e87-86ad-66203672eab3-groupManagement] INFO  server.RaftServerConfigKeys (ConfUtils.java:logGet(46)) - raft.server.log.appender.buffer.byte-limit = 33554432 (custom)
2023-10-04 17:33:42,539 [dce549a2-5f1d-4e87-86ad-66203672eab3-groupManagement] INFO  server.RaftServerConfigKeys (ConfUtils.java:logGet(46)) - raft.server.log.unsafe-flush.enabled = false (default)
2023-10-04 17:33:42,539 [dce549a2-5f1d-4e87-86ad-66203672eab3-groupManagement] INFO  server.RaftServerConfigKeys (ConfUtils.java:logGet(46)) - raft.server.log.async-flush.enabled = false (default)
2023-10-04 17:33:42,539 [dce549a2-5f1d-4e87-86ad-66203672eab3-groupManagement] INFO  server.RaftServerConfigKeys (ConfUtils.java:logGet(46)) - raft.server.log.statemachine.data.caching.enabled = true (custom)
2023-10-04 17:33:42,539 [dce549a2-5f1d-4e87-86ad-66203672eab3-groupManagement] INFO  segmented.SegmentedRaftLogWorker (SegmentedRaftLogWorker.java:lambda$new$0(135)) - dce549a2-5f1d-4e87-86ad-66203672eab3@group-EBA4C3C4DD7F-SegmentedRaftLogWorker: flushIndex: setUnconditionally 0 -> -1
2023-10-04 17:33:42,539 [dce549a2-5f1d-4e87-86ad-66203672eab3-groupManagement] INFO  segmented.SegmentedRaftLogWorker (SegmentedRaftLogWorker.java:lambda$new$0(135)) - dce549a2-5f1d-4e87-86ad-66203672eab3@group-EBA4C3C4DD7F-SegmentedRaftLogWorker: safeCacheEvictIndex: setUnconditionally 0 -> -1
2023-10-04 17:33:42,539 [dce549a2-5f1d-4e87-86ad-66203672eab3-groupManagement] INFO  server.RaftServer$Division (RaftServerImpl.java:start(342)) - dce549a2-5f1d-4e87-86ad-66203672eab3@group-EBA4C3C4DD7F: start as a follower, conf=-1: peers:[67c5b0d7-9e75-4e40-acfe-981c0927b9fc|rpc:10.1.0.20:15182|admin:10.1.0.20:15181|client:10.1.0.20:15180|dataStream:10.1.0.20:15183|priority:0|startupRole:FOLLOWER, dce549a2-5f1d-4e87-86ad-66203672eab3|rpc:10.1.0.20:15173|admin:10.1.0.20:15172|client:10.1.0.20:15171|dataStream:10.1.0.20:15174|priority:1|startupRole:FOLLOWER, 0fe30932-4948-4248-92da-86cdb3d75943|rpc:10.1.0.20:15191|admin:10.1.0.20:15190|client:10.1.0.20:15189|dataStream:10.1.0.20:15192|priority:0|startupRole:FOLLOWER]|listeners:[], old=null
2023-10-04 17:33:42,540 [dce549a2-5f1d-4e87-86ad-66203672eab3-groupManagement] INFO  server.RaftServer$Division (RaftServerImpl.java:setRole(329)) - dce549a2-5f1d-4e87-86ad-66203672eab3@group-EBA4C3C4DD7F: changes role from      null to FOLLOWER at term 0 for startAsFollower
2023-10-04 17:33:42,540 [dce549a2-5f1d-4e87-86ad-66203672eab3-groupManagement] INFO  impl.RoleInfo (RoleInfo.java:updateAndGet(139)) - dce549a2-5f1d-4e87-86ad-66203672eab3: start dce549a2-5f1d-4e87-86ad-66203672eab3@group-EBA4C3C4DD7F-FollowerState
2023-10-04 17:33:42,540 [dce549a2-5f1d-4e87-86ad-66203672eab3-groupManagement] INFO  util.JmxRegister (JmxRegister.java:tryRegister(44)) - Successfully registered JMX Bean with object name Ratis:service=RaftServer,group=group-EBA4C3C4DD7F,id=dce549a2-5f1d-4e87-86ad-66203672eab3
2023-10-04 17:33:42,540 [dce549a2-5f1d-4e87-86ad-66203672eab3@group-EBA4C3C4DD7F-FollowerState] INFO  server.RaftServerConfigKeys (ConfUtils.java:logFallback(53)) - raft.server.rpc.first-election.timeout.min = 5s (fallback to raft.server.rpc.timeout.min)
2023-10-04 17:33:42,540 [dce549a2-5f1d-4e87-86ad-66203672eab3-groupManagement] INFO  server.RaftServerConfigKeys (ConfUtils.java:logGet(46)) - raft.server.snapshot.auto.trigger.enabled = true (custom)
2023-10-04 17:33:42,540 [dce549a2-5f1d-4e87-86ad-66203672eab3@group-EBA4C3C4DD7F-FollowerState] INFO  server.RaftServerConfigKeys (ConfUtils.java:logFallback(53)) - raft.server.rpc.first-election.timeout.max = 5200ms (fallback to raft.server.rpc.timeout.max)
2023-10-04 17:33:42,540 [dce549a2-5f1d-4e87-86ad-66203672eab3-groupManagement] INFO  server.RaftServerConfigKeys (ConfUtils.java:logGet(46)) - raft.server.snapshot.auto.trigger.threshold = 10000 (custom)
2023-10-04 17:33:42,540 [dce549a2-5f1d-4e87-86ad-66203672eab3-groupManagement] INFO  server.RaftServerConfigKeys (ConfUtils.java:logGet(46)) - raft.server.snapshot.retention.file.num = 5 (custom)
2023-10-04 17:33:42,540 [dce549a2-5f1d-4e87-86ad-66203672eab3-groupManagement] INFO  server.RaftServerConfigKeys (ConfUtils.java:logGet(46)) - raft.server.log.purge.upto.snapshot.index = false (default)
2023-10-04 17:33:42,541 [PipelineCommandHandlerThread-0] INFO  ratis.XceiverServerRatis (XceiverServerRatis.java:addGroup(804)) - Created group PipelineID=dfe4d53f-0c94-404e-b5a2-eba4c3c4dd7f
2023-10-04 17:33:42,552 [grpc-default-executor-0] INFO  server.RaftServer (RaftServerProxy.java:addNew(98)) - 0fe30932-4948-4248-92da-86cdb3d75943: addNew group-EBA4C3C4DD7F:[67c5b0d7-9e75-4e40-acfe-981c0927b9fc|rpc:10.1.0.20:15182|admin:10.1.0.20:15181|client:10.1.0.20:15180|dataStream:10.1.0.20:15183|priority:0|startupRole:FOLLOWER, dce549a2-5f1d-4e87-86ad-66203672eab3|rpc:10.1.0.20:15173|admin:10.1.0.20:15172|client:10.1.0.20:15171|dataStream:10.1.0.20:15174|priority:1|startupRole:FOLLOWER, 0fe30932-4948-4248-92da-86cdb3d75943|rpc:10.1.0.20:15191|admin:10.1.0.20:15190|client:10.1.0.20:15189|dataStream:10.1.0.20:15192|priority:0|startupRole:FOLLOWER] returns group-EBA4C3C4DD7F:java.util.concurrent.CompletableFuture@629cacfc[Not completed]
2023-10-04 17:33:42,553 [0fe30932-4948-4248-92da-86cdb3d75943-groupManagement] INFO  server.RaftServer$Division (RaftServerImpl.java:<init>(198)) - 0fe30932-4948-4248-92da-86cdb3d75943: new RaftServerImpl for group-EBA4C3C4DD7F:[67c5b0d7-9e75-4e40-acfe-981c0927b9fc|rpc:10.1.0.20:15182|admin:10.1.0.20:15181|client:10.1.0.20:15180|dataStream:10.1.0.20:15183|priority:0|startupRole:FOLLOWER, dce549a2-5f1d-4e87-86ad-66203672eab3|rpc:10.1.0.20:15173|admin:10.1.0.20:15172|client:10.1.0.20:15171|dataStream:10.1.0.20:15174|priority:1|startupRole:FOLLOWER, 0fe30932-4948-4248-92da-86cdb3d75943|rpc:10.1.0.20:15191|admin:10.1.0.20:15190|client:10.1.0.20:15189|dataStream:10.1.0.20:15192|priority:0|startupRole:FOLLOWER] with ContainerStateMachine:uninitialized
2023-10-04 17:33:42,553 [0fe30932-4948-4248-92da-86cdb3d75943-groupManagement] INFO  server.RaftServerConfigKeys (ConfUtils.java:logGet(46)) - raft.server.rpc.timeout.min = 5s (custom)
2023-10-04 17:33:42,553 [0fe30932-4948-4248-92da-86cdb3d75943-groupManagement] INFO  server.RaftServerConfigKeys (ConfUtils.java:logGet(46)) - raft.server.rpc.timeout.max = 5200ms (custom)
2023-10-04 17:33:42,553 [0fe30932-4948-4248-92da-86cdb3d75943-groupManagement] INFO  server.RaftServerConfigKeys (ConfUtils.java:logGet(46)) - raft.server.rpc.sleep.time = 25ms (default)
2023-10-04 17:33:42,553 [0fe30932-4948-4248-92da-86cdb3d75943-groupManagement] INFO  server.RaftServerConfigKeys (ConfUtils.java:logGet(46)) - raft.server.rpc.slowness.timeout = 300s (custom)
2023-10-04 17:33:42,553 [0fe30932-4948-4248-92da-86cdb3d75943-groupManagement] INFO  server.RaftServerConfigKeys (ConfUtils.java:logGet(46)) - raft.server.leaderelection.leader.step-down.wait-time = 10s (default)
2023-10-04 17:33:42,553 [0fe30932-4948-4248-92da-86cdb3d75943-groupManagement] INFO  server.RaftServerConfigKeys (ConfUtils.java:logGet(46)) - raft.server.sleep.deviation.threshold = 300ms (default)
2023-10-04 17:33:42,553 [0fe30932-4948-4248-92da-86cdb3d75943-groupManagement] INFO  server.RaftServer$Division (ServerState.java:<init>(120)) - 0fe30932-4948-4248-92da-86cdb3d75943@group-EBA4C3C4DD7F: ConfigurationManager, init=-1: peers:[67c5b0d7-9e75-4e40-acfe-981c0927b9fc|rpc:10.1.0.20:15182|admin:10.1.0.20:15181|client:10.1.0.20:15180|dataStream:10.1.0.20:15183|priority:0|startupRole:FOLLOWER, dce549a2-5f1d-4e87-86ad-66203672eab3|rpc:10.1.0.20:15173|admin:10.1.0.20:15172|client:10.1.0.20:15171|dataStream:10.1.0.20:15174|priority:1|startupRole:FOLLOWER, 0fe30932-4948-4248-92da-86cdb3d75943|rpc:10.1.0.20:15191|admin:10.1.0.20:15190|client:10.1.0.20:15189|dataStream:10.1.0.20:15192|priority:0|startupRole:FOLLOWER]|listeners:[], old=null, confs=<EMPTY_MAP>
2023-10-04 17:33:42,553 [0fe30932-4948-4248-92da-86cdb3d75943-groupManagement] INFO  server.RaftServerConfigKeys (ConfUtils.java:logGet(46)) - raft.server.storage.dir = [/home/runner/work/ozone/ozone/hadoop-ozone/integration-test/target/test-dir/MiniOzoneClusterImpl-e9305288-83d2-469c-8969-78e040065d82/datanode-2/data/ratis] (custom)
2023-10-04 17:33:42,553 [0fe30932-4948-4248-92da-86cdb3d75943-groupManagement] INFO  server.RaftServerConfigKeys (ConfUtils.java:logGet(46)) - raft.server.log.corruption.policy = EXCEPTION (default)
2023-10-04 17:33:42,553 [0fe30932-4948-4248-92da-86cdb3d75943-groupManagement] INFO  server.RaftServerConfigKeys (ConfUtils.java:logGet(46)) - raft.server.storage.free-space.min = 0MB (=0) (default)
2023-10-04 17:33:42,553 [0fe30932-4948-4248-92da-86cdb3d75943-groupManagement] INFO  server.RaftServerConfigKeys (ConfUtils.java:logGet(46)) - raft.server.notification.no-leader.timeout = 300s (custom)
2023-10-04 17:33:42,554 [0fe30932-4948-4248-92da-86cdb3d75943-groupManagement] INFO  server.RaftServerConfigKeys (ConfUtils.java:logGet(46)) - raft.server.read.timeout = 10s (default)
2023-10-04 17:33:42,554 [0fe30932-4948-4248-92da-86cdb3d75943-groupManagement] INFO  server.RaftServerConfigKeys (ConfUtils.java:logGet(46)) - raft.server.retrycache.expirytime = 600000ms (custom)
2023-10-04 17:33:42,554 [0fe30932-4948-4248-92da-86cdb3d75943-groupManagement] INFO  server.RaftServerConfigKeys (ConfUtils.java:logGet(46)) - raft.server.retrycache.statistics.expirytime = 100μs (default)
2023-10-04 17:33:42,557 [0fe30932-4948-4248-92da-86cdb3d75943-groupManagement] INFO  server.RaftServerConfigKeys (ConfUtils.java:logGet(46)) - raft.server.read.option = DEFAULT (default)
2023-10-04 17:33:42,557 [0fe30932-4948-4248-92da-86cdb3d75943-groupManagement] INFO  server.RaftServerConfigKeys (ConfUtils.java:logGet(46)) - raft.server.rpc.request.timeout = 60s (custom)
2023-10-04 17:33:42,557 [0fe30932-4948-4248-92da-86cdb3d75943-groupManagement] INFO  server.RaftServerConfigKeys (ConfUtils.java:logGet(46)) - raft.server.log.appender.install.snapshot.enabled = false (custom)
2023-10-04 17:33:42,557 [0fe30932-4948-4248-92da-86cdb3d75943-groupManagement] INFO  server.RaftServerConfigKeys (ConfUtils.java:logGet(46)) - raft.server.threadpool.server.cached = true (default)
2023-10-04 17:33:42,557 [0fe30932-4948-4248-92da-86cdb3d75943-groupManagement] INFO  server.RaftServerConfigKeys (ConfUtils.java:logGet(46)) - raft.server.threadpool.server.size = 0 (default)
2023-10-04 17:33:42,557 [0fe30932-4948-4248-92da-86cdb3d75943-groupManagement] INFO  server.RaftServerConfigKeys (ConfUtils.java:logGet(46)) - raft.server.threadpool.client.cached = true (default)
2023-10-04 17:33:42,557 [0fe30932-4948-4248-92da-86cdb3d75943-groupManagement] INFO  server.RaftServerConfigKeys (ConfUtils.java:logGet(46)) - raft.server.threadpool.client.size = 0 (default)
2023-10-04 17:33:42,557 [0fe30932-4948-4248-92da-86cdb3d75943-groupManagement] INFO  storage.RaftStorageDirectory (RaftStorageDirectoryImpl.java:analyzeStorage(137)) - The storage directory /home/runner/work/ozone/ozone/hadoop-ozone/integration-test/target/test-dir/MiniOzoneClusterImpl-e9305288-83d2-469c-8969-78e040065d82/datanode-2/data/ratis/dfe4d53f-0c94-404e-b5a2-eba4c3c4dd7f does not exist. Creating ...
2023-10-04 17:33:42,559 [0fe30932-4948-4248-92da-86cdb3d75943-groupManagement] INFO  storage.RaftStorageDirectory (RaftStorageDirectoryImpl.java:tryLock(231)) - Lock on /home/runner/work/ozone/ozone/hadoop-ozone/integration-test/target/test-dir/MiniOzoneClusterImpl-e9305288-83d2-469c-8969-78e040065d82/datanode-2/data/ratis/dfe4d53f-0c94-404e-b5a2-eba4c3c4dd7f/in_use.lock acquired by nodename 7524@fv-az453-706
2023-10-04 17:33:42,560 [0fe30932-4948-4248-92da-86cdb3d75943-groupManagement] INFO  storage.RaftStorage (RaftStorageImpl.java:format(96)) - Storage directory /home/runner/work/ozone/ozone/hadoop-ozone/integration-test/target/test-dir/MiniOzoneClusterImpl-e9305288-83d2-469c-8969-78e040065d82/datanode-2/data/ratis/dfe4d53f-0c94-404e-b5a2-eba4c3c4dd7f has been successfully formatted.
2023-10-04 17:33:42,562 [0fe30932-4948-4248-92da-86cdb3d75943-groupManagement] INFO  ratis.ContainerStateMachine (ContainerStateMachine.java:loadSnapshot(262)) - group-EBA4C3C4DD7F: The snapshot info is null. Setting the last applied indexto:(t:0, i:~)
2023-10-04 17:33:42,562 [0fe30932-4948-4248-92da-86cdb3d75943-groupManagement] INFO  server.RaftServerConfigKeys (ConfUtils.java:logGet(46)) - raft.server.log.use.memory = false (default)
2023-10-04 17:33:42,562 [0fe30932-4948-4248-92da-86cdb3d75943-groupManagement] INFO  server.RaftServerConfigKeys (ConfUtils.java:logGet(46)) - raft.server.log.purge.gap = 1000000 (custom)
2023-10-04 17:33:42,562 [0fe30932-4948-4248-92da-86cdb3d75943-groupManagement] INFO  server.RaftServerConfigKeys (ConfUtils.java:logGet(46)) - raft.server.log.appender.buffer.byte-limit = 33554432 (custom)
2023-10-04 17:33:42,562 [0fe30932-4948-4248-92da-86cdb3d75943-groupManagement] INFO  server.RaftServerConfigKeys (ConfUtils.java:logGet(46)) - raft.server.log.statemachine.data.read.timeout = 1000ms (default)
2023-10-04 17:33:42,562 [0fe30932-4948-4248-92da-86cdb3d75943-groupManagement] INFO  server.RaftServerConfigKeys (ConfUtils.java:logGet(46)) - raft.server.log.purge.preservation.log.num = 0 (default)
2023-10-04 17:33:42,562 [0fe30932-4948-4248-92da-86cdb3d75943-groupManagement] INFO  server.RaftServerConfigKeys (ConfUtils.java:logGet(46)) - raft.server.log.segment.size.max = 1048576 (custom)
2023-10-04 17:33:42,562 [0fe30932-4948-4248-92da-86cdb3d75943-groupManagement] INFO  server.RaftServerConfigKeys (ConfUtils.java:logGet(46)) - raft.server.log.segment.cache.num.max = 2 (custom)
2023-10-04 17:33:42,562 [0fe30932-4948-4248-92da-86cdb3d75943-groupManagement] INFO  server.RaftServerConfigKeys (ConfUtils.java:logGet(46)) - raft.server.log.segment.cache.size.max = 200MB (=209715200) (default)
2023-10-04 17:33:42,562 [0fe30932-4948-4248-92da-86cdb3d75943-groupManagement] INFO  server.RaftServerConfigKeys (ConfUtils.java:logGet(46)) - raft.server.log.appender.buffer.byte-limit = 33554432 (custom)
2023-10-04 17:33:42,562 [0fe30932-4948-4248-92da-86cdb3d75943-groupManagement] INFO  segmented.SegmentedRaftLogWorker (SegmentedRaftLogWorker.java:<init>(188)) - new 0fe30932-4948-4248-92da-86cdb3d75943@group-EBA4C3C4DD7F-SegmentedRaftLogWorker for RaftStorageImpl:Storage Directory /home/runner/work/ozone/ozone/hadoop-ozone/integration-test/target/test-dir/MiniOzoneClusterImpl-e9305288-83d2-469c-8969-78e040065d82/datanode-2/data/ratis/dfe4d53f-0c94-404e-b5a2-eba4c3c4dd7f
2023-10-04 17:33:42,563 [0fe30932-4948-4248-92da-86cdb3d75943-groupManagement] INFO  server.RaftServerConfigKeys (ConfUtils.java:logGet(46)) - raft.server.log.queue.byte-limit = 4294967296 (custom)
2023-10-04 17:33:42,563 [0fe30932-4948-4248-92da-86cdb3d75943-groupManagement] INFO  server.RaftServerConfigKeys (ConfUtils.java:logGet(46)) - raft.server.log.queue.element-limit = 1024 (custom)
2023-10-04 17:33:42,563 [0fe30932-4948-4248-92da-86cdb3d75943-groupManagement] INFO  server.RaftServerConfigKeys (ConfUtils.java:logGet(46)) - raft.server.log.segment.size.max = 1048576 (custom)
2023-10-04 17:33:42,563 [0fe30932-4948-4248-92da-86cdb3d75943-groupManagement] INFO  server.RaftServerConfigKeys (ConfUtils.java:logGet(46)) - raft.server.log.preallocated.size = 16384 (custom)
2023-10-04 17:33:42,563 [0fe30932-4948-4248-92da-86cdb3d75943-groupManagement] INFO  server.RaftServerConfigKeys (ConfUtils.java:logGet(46)) - raft.server.log.force.sync.num = 128 (default)
2023-10-04 17:33:42,563 [0fe30932-4948-4248-92da-86cdb3d75943-groupManagement] INFO  server.RaftServerConfigKeys (ConfUtils.java:logGet(46)) - raft.server.log.statemachine.data.sync = true (default)
2023-10-04 17:33:42,563 [0fe30932-4948-4248-92da-86cdb3d75943-groupManagement] INFO  server.RaftServerConfigKeys (ConfUtils.java:logGet(46)) - raft.server.log.statemachine.data.sync.timeout = 10s (default)
2023-10-04 17:33:42,563 [0fe30932-4948-4248-92da-86cdb3d75943-groupManagement] INFO  server.RaftServerConfigKeys (ConfUtils.java:logGet(46)) - raft.server.log.statemachine.data.sync.timeout.retry = -1 (default)
2023-10-04 17:33:42,563 [0fe30932-4948-4248-92da-86cdb3d75943-groupManagement] INFO  server.RaftServerConfigKeys (ConfUtils.java:logGet(46)) - raft.server.log.write.buffer.size = 1048576 (custom)
2023-10-04 17:33:42,563 [0fe30932-4948-4248-92da-86cdb3d75943-groupManagement] INFO  server.RaftServerConfigKeys (ConfUtils.java:logGet(46)) - raft.server.log.appender.buffer.byte-limit = 33554432 (custom)
2023-10-04 17:33:42,569 [0fe30932-4948-4248-92da-86cdb3d75943-groupManagement] INFO  server.RaftServerConfigKeys (ConfUtils.java:logGet(46)) - raft.server.log.unsafe-flush.enabled = false (default)
2023-10-04 17:33:42,569 [0fe30932-4948-4248-92da-86cdb3d75943-groupManagement] INFO  server.RaftServerConfigKeys (ConfUtils.java:logGet(46)) - raft.server.log.async-flush.enabled = false (default)
2023-10-04 17:33:42,569 [0fe30932-4948-4248-92da-86cdb3d75943-groupManagement] INFO  server.RaftServerConfigKeys (ConfUtils.java:logGet(46)) - raft.server.log.statemachine.data.caching.enabled = true (custom)
2023-10-04 17:33:42,569 [0fe30932-4948-4248-92da-86cdb3d75943-groupManagement] INFO  segmented.SegmentedRaftLogWorker (SegmentedRaftLogWorker.java:lambda$new$0(135)) - 0fe30932-4948-4248-92da-86cdb3d75943@group-EBA4C3C4DD7F-SegmentedRaftLogWorker: flushIndex: setUnconditionally 0 -> -1
2023-10-04 17:33:42,569 [0fe30932-4948-4248-92da-86cdb3d75943-groupManagement] INFO  segmented.SegmentedRaftLogWorker (SegmentedRaftLogWorker.java:lambda$new$0(135)) - 0fe30932-4948-4248-92da-86cdb3d75943@group-EBA4C3C4DD7F-SegmentedRaftLogWorker: safeCacheEvictIndex: setUnconditionally 0 -> -1
2023-10-04 17:33:42,569 [0fe30932-4948-4248-92da-86cdb3d75943-groupManagement] INFO  server.RaftServer$Division (RaftServerImpl.java:start(342)) - 0fe30932-4948-4248-92da-86cdb3d75943@group-EBA4C3C4DD7F: start as a follower, conf=-1: peers:[67c5b0d7-9e75-4e40-acfe-981c0927b9fc|rpc:10.1.0.20:15182|admin:10.1.0.20:15181|client:10.1.0.20:15180|dataStream:10.1.0.20:15183|priority:0|startupRole:FOLLOWER, dce549a2-5f1d-4e87-86ad-66203672eab3|rpc:10.1.0.20:15173|admin:10.1.0.20:15172|client:10.1.0.20:15171|dataStream:10.1.0.20:15174|priority:1|startupRole:FOLLOWER, 0fe30932-4948-4248-92da-86cdb3d75943|rpc:10.1.0.20:15191|admin:10.1.0.20:15190|client:10.1.0.20:15189|dataStream:10.1.0.20:15192|priority:0|startupRole:FOLLOWER]|listeners:[], old=null
2023-10-04 17:33:42,569 [0fe30932-4948-4248-92da-86cdb3d75943-groupManagement] INFO  server.RaftServer$Division (RaftServerImpl.java:setRole(329)) - 0fe30932-4948-4248-92da-86cdb3d75943@group-EBA4C3C4DD7F: changes role from      null to FOLLOWER at term 0 for startAsFollower
2023-10-04 17:33:42,569 [0fe30932-4948-4248-92da-86cdb3d75943-groupManagement] INFO  impl.RoleInfo (RoleInfo.java:updateAndGet(139)) - 0fe30932-4948-4248-92da-86cdb3d75943: start 0fe30932-4948-4248-92da-86cdb3d75943@group-EBA4C3C4DD7F-FollowerState
2023-10-04 17:33:42,570 [0fe30932-4948-4248-92da-86cdb3d75943-groupManagement] INFO  util.JmxRegister (JmxRegister.java:tryRegister(44)) - Successfully registered JMX Bean with object name Ratis:service=RaftServer,group=group-EBA4C3C4DD7F,id=0fe30932-4948-4248-92da-86cdb3d75943
2023-10-04 17:33:42,570 [0fe30932-4948-4248-92da-86cdb3d75943@group-EBA4C3C4DD7F-FollowerState] INFO  server.RaftServerConfigKeys (ConfUtils.java:logFallback(53)) - raft.server.rpc.first-election.timeout.min = 5s (fallback to raft.server.rpc.timeout.min)
2023-10-04 17:33:42,570 [0fe30932-4948-4248-92da-86cdb3d75943-groupManagement] INFO  server.RaftServerConfigKeys (ConfUtils.java:logGet(46)) - raft.server.snapshot.auto.trigger.enabled = true (custom)
2023-10-04 17:33:42,570 [0fe30932-4948-4248-92da-86cdb3d75943@group-EBA4C3C4DD7F-FollowerState] INFO  server.RaftServerConfigKeys (ConfUtils.java:logFallback(53)) - raft.server.rpc.first-election.timeout.max = 5200ms (fallback to raft.server.rpc.timeout.max)
2023-10-04 17:33:42,570 [0fe30932-4948-4248-92da-86cdb3d75943-groupManagement] INFO  server.RaftServerConfigKeys (ConfUtils.java:logGet(46)) - raft.server.snapshot.auto.trigger.threshold = 10000 (custom)
2023-10-04 17:33:42,570 [0fe30932-4948-4248-92da-86cdb3d75943-groupManagement] INFO  server.RaftServerConfigKeys (ConfUtils.java:logGet(46)) - raft.server.snapshot.retention.file.num = 5 (custom)
2023-10-04 17:33:42,570 [0fe30932-4948-4248-92da-86cdb3d75943-groupManagement] INFO  server.RaftServerConfigKeys (ConfUtils.java:logGet(46)) - raft.server.log.purge.upto.snapshot.index = false (default)
2023-10-04 17:33:42,585 [grpc-default-executor-0] INFO  server.RaftServer (RaftServerProxy.java:addNew(98)) - 67c5b0d7-9e75-4e40-acfe-981c0927b9fc: addNew group-EBA4C3C4DD7F:[67c5b0d7-9e75-4e40-acfe-981c0927b9fc|rpc:10.1.0.20:15182|admin:10.1.0.20:15181|client:10.1.0.20:15180|dataStream:10.1.0.20:15183|priority:0|startupRole:FOLLOWER, dce549a2-5f1d-4e87-86ad-66203672eab3|rpc:10.1.0.20:15173|admin:10.1.0.20:15172|client:10.1.0.20:15171|dataStream:10.1.0.20:15174|priority:1|startupRole:FOLLOWER, 0fe30932-4948-4248-92da-86cdb3d75943|rpc:10.1.0.20:15191|admin:10.1.0.20:15190|client:10.1.0.20:15189|dataStream:10.1.0.20:15192|priority:0|startupRole:FOLLOWER] returns group-EBA4C3C4DD7F:java.util.concurrent.CompletableFuture@6c409fa0[Not completed]
2023-10-04 17:33:42,585 [67c5b0d7-9e75-4e40-acfe-981c0927b9fc-groupManagement] INFO  server.RaftServer$Division (RaftServerImpl.java:<init>(198)) - 67c5b0d7-9e75-4e40-acfe-981c0927b9fc: new RaftServerImpl for group-EBA4C3C4DD7F:[67c5b0d7-9e75-4e40-acfe-981c0927b9fc|rpc:10.1.0.20:15182|admin:10.1.0.20:15181|client:10.1.0.20:15180|dataStream:10.1.0.20:15183|priority:0|startupRole:FOLLOWER, dce549a2-5f1d-4e87-86ad-66203672eab3|rpc:10.1.0.20:15173|admin:10.1.0.20:15172|client:10.1.0.20:15171|dataStream:10.1.0.20:15174|priority:1|startupRole:FOLLOWER, 0fe30932-4948-4248-92da-86cdb3d75943|rpc:10.1.0.20:15191|admin:10.1.0.20:15190|client:10.1.0.20:15189|dataStream:10.1.0.20:15192|priority:0|startupRole:FOLLOWER] with ContainerStateMachine:uninitialized
2023-10-04 17:33:42,585 [67c5b0d7-9e75-4e40-acfe-981c0927b9fc-groupManagement] INFO  server.RaftServerConfigKeys (ConfUtils.java:logGet(46)) - raft.server.rpc.timeout.min = 5s (custom)
2023-10-04 17:33:42,585 [67c5b0d7-9e75-4e40-acfe-981c0927b9fc-groupManagement] INFO  server.RaftServerConfigKeys (ConfUtils.java:logGet(46)) - raft.server.rpc.timeout.max = 5200ms (custom)
2023-10-04 17:33:42,586 [67c5b0d7-9e75-4e40-acfe-981c0927b9fc-groupManagement] INFO  server.RaftServerConfigKeys (ConfUtils.java:logGet(46)) - raft.server.rpc.sleep.time = 25ms (default)
2023-10-04 17:33:42,586 [67c5b0d7-9e75-4e40-acfe-981c0927b9fc-groupManagement] INFO  server.RaftServerConfigKeys (ConfUtils.java:logGet(46)) - raft.server.rpc.slowness.timeout = 300s (custom)
2023-10-04 17:33:42,586 [67c5b0d7-9e75-4e40-acfe-981c0927b9fc-groupManagement] INFO  server.RaftServerConfigKeys (ConfUtils.java:logGet(46)) - raft.server.leaderelection.leader.step-down.wait-time = 10s (default)
2023-10-04 17:33:42,586 [67c5b0d7-9e75-4e40-acfe-981c0927b9fc-groupManagement] INFO  server.RaftServerConfigKeys (ConfUtils.java:logGet(46)) - raft.server.sleep.deviation.threshold = 300ms (default)
2023-10-04 17:33:42,586 [67c5b0d7-9e75-4e40-acfe-981c0927b9fc-groupManagement] INFO  server.RaftServer$Division (ServerState.java:<init>(120)) - 67c5b0d7-9e75-4e40-acfe-981c0927b9fc@group-EBA4C3C4DD7F: ConfigurationManager, init=-1: peers:[67c5b0d7-9e75-4e40-acfe-981c0927b9fc|rpc:10.1.0.20:15182|admin:10.1.0.20:15181|client:10.1.0.20:15180|dataStream:10.1.0.20:15183|priority:0|startupRole:FOLLOWER, dce549a2-5f1d-4e87-86ad-66203672eab3|rpc:10.1.0.20:15173|admin:10.1.0.20:15172|client:10.1.0.20:15171|dataStream:10.1.0.20:15174|priority:1|startupRole:FOLLOWER, 0fe30932-4948-4248-92da-86cdb3d75943|rpc:10.1.0.20:15191|admin:10.1.0.20:15190|client:10.1.0.20:15189|dataStream:10.1.0.20:15192|priority:0|startupRole:FOLLOWER]|listeners:[], old=null, confs=<EMPTY_MAP>
2023-10-04 17:33:42,586 [67c5b0d7-9e75-4e40-acfe-981c0927b9fc-groupManagement] INFO  server.RaftServerConfigKeys (ConfUtils.java:logGet(46)) - raft.server.storage.dir = [/home/runner/work/ozone/ozone/hadoop-ozone/integration-test/target/test-dir/MiniOzoneClusterImpl-e9305288-83d2-469c-8969-78e040065d82/datanode-1/data/ratis] (custom)
2023-10-04 17:33:42,586 [67c5b0d7-9e75-4e40-acfe-981c0927b9fc-groupManagement] INFO  server.RaftServerConfigKeys (ConfUtils.java:logGet(46)) - raft.server.log.corruption.policy = EXCEPTION (default)
2023-10-04 17:33:42,586 [67c5b0d7-9e75-4e40-acfe-981c0927b9fc-groupManagement] INFO  server.RaftServerConfigKeys (ConfUtils.java:logGet(46)) - raft.server.storage.free-space.min = 0MB (=0) (default)
2023-10-04 17:33:42,586 [67c5b0d7-9e75-4e40-acfe-981c0927b9fc-groupManagement] INFO  server.RaftServerConfigKeys (ConfUtils.java:logGet(46)) - raft.server.notification.no-leader.timeout = 300s (custom)
2023-10-04 17:33:42,586 [67c5b0d7-9e75-4e40-acfe-981c0927b9fc-groupManagement] INFO  server.RaftServerConfigKeys (ConfUtils.java:logGet(46)) - raft.server.read.timeout = 10s (default)
2023-10-04 17:33:42,586 [67c5b0d7-9e75-4e40-acfe-981c0927b9fc-groupManagement] INFO  server.RaftServerConfigKeys (ConfUtils.java:logGet(46)) - raft.server.retrycache.expirytime = 600000ms (custom)
2023-10-04 17:33:42,586 [67c5b0d7-9e75-4e40-acfe-981c0927b9fc-groupManagement] INFO  server.RaftServerConfigKeys (ConfUtils.java:logGet(46)) - raft.server.retrycache.statistics.expirytime = 100μs (default)
2023-10-04 17:33:42,586 [67c5b0d7-9e75-4e40-acfe-981c0927b9fc-groupManagement] INFO  server.RaftServerConfigKeys (ConfUtils.java:logGet(46)) - raft.server.read.option = DEFAULT (default)
2023-10-04 17:33:42,587 [67c5b0d7-9e75-4e40-acfe-981c0927b9fc-groupManagement] INFO  server.RaftServerConfigKeys (ConfUtils.java:logGet(46)) - raft.server.rpc.request.timeout = 60s (custom)
2023-10-04 17:33:42,587 [67c5b0d7-9e75-4e40-acfe-981c0927b9fc-groupManagement] INFO  server.RaftServerConfigKeys (ConfUtils.java:logGet(46)) - raft.server.log.appender.install.snapshot.enabled = false (custom)
2023-10-04 17:33:42,587 [67c5b0d7-9e75-4e40-acfe-981c0927b9fc-groupManagement] INFO  server.RaftServerConfigKeys (ConfUtils.java:logGet(46)) - raft.server.threadpool.server.cached = true (default)
2023-10-04 17:33:42,587 [67c5b0d7-9e75-4e40-acfe-981c0927b9fc-groupManagement] INFO  server.RaftServerConfigKeys (ConfUtils.java:logGet(46)) - raft.server.threadpool.server.size = 0 (default)
2023-10-04 17:33:42,587 [67c5b0d7-9e75-4e40-acfe-981c0927b9fc-groupManagement] INFO  server.RaftServerConfigKeys (ConfUtils.java:logGet(46)) - raft.server.threadpool.client.cached = true (default)
2023-10-04 17:33:42,587 [67c5b0d7-9e75-4e40-acfe-981c0927b9fc-groupManagement] INFO  server.RaftServerConfigKeys (ConfUtils.java:logGet(46)) - raft.server.threadpool.client.size = 0 (default)
2023-10-04 17:33:42,587 [67c5b0d7-9e75-4e40-acfe-981c0927b9fc-groupManagement] INFO  storage.RaftStorageDirectory (RaftStorageDirectoryImpl.java:analyzeStorage(137)) - The storage directory /home/runner/work/ozone/ozone/hadoop-ozone/integration-test/target/test-dir/MiniOzoneClusterImpl-e9305288-83d2-469c-8969-78e040065d82/datanode-1/data/ratis/dfe4d53f-0c94-404e-b5a2-eba4c3c4dd7f does not exist. Creating ...
2023-10-04 17:33:42,589 [67c5b0d7-9e75-4e40-acfe-981c0927b9fc-groupManagement] INFO  storage.RaftStorageDirectory (RaftStorageDirectoryImpl.java:tryLock(231)) - Lock on /home/runner/work/ozone/ozone/hadoop-ozone/integration-test/target/test-dir/MiniOzoneClusterImpl-e9305288-83d2-469c-8969-78e040065d82/datanode-1/data/ratis/dfe4d53f-0c94-404e-b5a2-eba4c3c4dd7f/in_use.lock acquired by nodename 7524@fv-az453-706
2023-10-04 17:33:42,590 [67c5b0d7-9e75-4e40-acfe-981c0927b9fc-groupManagement] INFO  storage.RaftStorage (RaftStorageImpl.java:format(96)) - Storage directory /home/runner/work/ozone/ozone/hadoop-ozone/integration-test/target/test-dir/MiniOzoneClusterImpl-e9305288-83d2-469c-8969-78e040065d82/datanode-1/data/ratis/dfe4d53f-0c94-404e-b5a2-eba4c3c4dd7f has been successfully formatted.
2023-10-04 17:33:42,591 [67c5b0d7-9e75-4e40-acfe-981c0927b9fc-groupManagement] INFO  ratis.ContainerStateMachine (ContainerStateMachine.java:loadSnapshot(262)) - group-EBA4C3C4DD7F: The snapshot info is null. Setting the last applied indexto:(t:0, i:~)
2023-10-04 17:33:42,591 [67c5b0d7-9e75-4e40-acfe-981c0927b9fc-groupManagement] INFO  server.RaftServerConfigKeys (ConfUtils.java:logGet(46)) - raft.server.log.use.memory = false (default)
2023-10-04 17:33:42,591 [67c5b0d7-9e75-4e40-acfe-981c0927b9fc-groupManagement] INFO  server.RaftServerConfigKeys (ConfUtils.java:logGet(46)) - raft.server.log.purge.gap = 1000000 (custom)
2023-10-04 17:33:42,591 [67c5b0d7-9e75-4e40-acfe-981c0927b9fc-groupManagement] INFO  server.RaftServerConfigKeys (ConfUtils.java:logGet(46)) - raft.server.log.appender.buffer.byte-limit = 33554432 (custom)
2023-10-04 17:33:42,591 [67c5b0d7-9e75-4e40-acfe-981c0927b9fc-groupManagement] INFO  server.RaftServerConfigKeys (ConfUtils.java:logGet(46)) - raft.server.log.statemachine.data.read.timeout = 1000ms (default)
2023-10-04 17:33:42,592 [67c5b0d7-9e75-4e40-acfe-981c0927b9fc-groupManagement] INFO  server.RaftServerConfigKeys (ConfUtils.java:logGet(46)) - raft.server.log.purge.preservation.log.num = 0 (default)
2023-10-04 17:33:42,592 [67c5b0d7-9e75-4e40-acfe-981c0927b9fc-groupManagement] INFO  server.RaftServerConfigKeys (ConfUtils.java:logGet(46)) - raft.server.log.segment.size.max = 1048576 (custom)
2023-10-04 17:33:42,592 [67c5b0d7-9e75-4e40-acfe-981c0927b9fc-groupManagement] INFO  server.RaftServerConfigKeys (ConfUtils.java:logGet(46)) - raft.server.log.segment.cache.num.max = 2 (custom)
2023-10-04 17:33:42,592 [67c5b0d7-9e75-4e40-acfe-981c0927b9fc-groupManagement] INFO  server.RaftServerConfigKeys (ConfUtils.java:logGet(46)) - raft.server.log.segment.cache.size.max = 200MB (=209715200) (default)
2023-10-04 17:33:42,592 [67c5b0d7-9e75-4e40-acfe-981c0927b9fc-groupManagement] INFO  server.RaftServerConfigKeys (ConfUtils.java:logGet(46)) - raft.server.log.appender.buffer.byte-limit = 33554432 (custom)
2023-10-04 17:33:42,592 [67c5b0d7-9e75-4e40-acfe-981c0927b9fc-groupManagement] INFO  segmented.SegmentedRaftLogWorker (SegmentedRaftLogWorker.java:<init>(188)) - new 67c5b0d7-9e75-4e40-acfe-981c0927b9fc@group-EBA4C3C4DD7F-SegmentedRaftLogWorker for RaftStorageImpl:Storage Directory /home/runner/work/ozone/ozone/hadoop-ozone/integration-test/target/test-dir/MiniOzoneClusterImpl-e9305288-83d2-469c-8969-78e040065d82/datanode-1/data/ratis/dfe4d53f-0c94-404e-b5a2-eba4c3c4dd7f
2023-10-04 17:33:42,592 [67c5b0d7-9e75-4e40-acfe-981c0927b9fc-groupManagement] INFO  server.RaftServerConfigKeys (ConfUtils.java:logGet(46)) - raft.server.log.queue.byte-limit = 4294967296 (custom)
2023-10-04 17:33:42,592 [67c5b0d7-9e75-4e40-acfe-981c0927b9fc-groupManagement] INFO  server.RaftServerConfigKeys (ConfUtils.java:logGet(46)) - raft.server.log.queue.element-limit = 1024 (custom)
2023-10-04 17:33:42,592 [67c5b0d7-9e75-4e40-acfe-981c0927b9fc-groupManagement] INFO  server.RaftServerConfigKeys (ConfUtils.java:logGet(46)) - raft.server.log.segment.size.max = 1048576 (custom)
2023-10-04 17:33:42,592 [67c5b0d7-9e75-4e40-acfe-981c0927b9fc-groupManagement] INFO  server.RaftServerConfigKeys (ConfUtils.java:logGet(46)) - raft.server.log.preallocated.size = 16384 (custom)
2023-10-04 17:33:42,592 [67c5b0d7-9e75-4e40-acfe-981c0927b9fc-groupManagement] INFO  server.RaftServerConfigKeys (ConfUtils.java:logGet(46)) - raft.server.log.force.sync.num = 128 (default)
2023-10-04 17:33:42,592 [67c5b0d7-9e75-4e40-acfe-981c0927b9fc-groupManagement] INFO  server.RaftServerConfigKeys (ConfUtils.java:logGet(46)) - raft.server.log.statemachine.data.sync = true (default)
2023-10-04 17:33:42,592 [67c5b0d7-9e75-4e40-acfe-981c0927b9fc-groupManagement] INFO  server.RaftServerConfigKeys (ConfUtils.java:logGet(46)) - raft.server.log.statemachine.data.sync.timeout = 10s (default)
2023-10-04 17:33:42,592 [67c5b0d7-9e75-4e40-acfe-981c0927b9fc-groupManagement] INFO  server.RaftServerConfigKeys (ConfUtils.java:logGet(46)) - raft.server.log.statemachine.data.sync.timeout.retry = -1 (default)
2023-10-04 17:33:42,593 [67c5b0d7-9e75-4e40-acfe-981c0927b9fc-groupManagement] INFO  server.RaftServerConfigKeys (ConfUtils.java:logGet(46)) - raft.server.log.write.buffer.size = 1048576 (custom)
2023-10-04 17:33:42,593 [67c5b0d7-9e75-4e40-acfe-981c0927b9fc-groupManagement] INFO  server.RaftServerConfigKeys (ConfUtils.java:logGet(46)) - raft.server.log.appender.buffer.byte-limit = 33554432 (custom)
2023-10-04 17:33:42,599 [67c5b0d7-9e75-4e40-acfe-981c0927b9fc-groupManagement] INFO  server.RaftServerConfigKeys (ConfUtils.java:logGet(46)) - raft.server.log.unsafe-flush.enabled = false (default)
2023-10-04 17:33:42,599 [67c5b0d7-9e75-4e40-acfe-981c0927b9fc-groupManagement] INFO  server.RaftServerConfigKeys (ConfUtils.java:logGet(46)) - raft.server.log.async-flush.enabled = false (default)
2023-10-04 17:33:42,599 [67c5b0d7-9e75-4e40-acfe-981c0927b9fc-groupManagement] INFO  server.RaftServerConfigKeys (ConfUtils.java:logGet(46)) - raft.server.log.statemachine.data.caching.enabled = true (custom)
2023-10-04 17:33:42,599 [67c5b0d7-9e75-4e40-acfe-981c0927b9fc-groupManagement] INFO  segmented.SegmentedRaftLogWorker (SegmentedRaftLogWorker.java:lambda$new$0(135)) - 67c5b0d7-9e75-4e40-acfe-981c0927b9fc@group-EBA4C3C4DD7F-SegmentedRaftLogWorker: flushIndex: setUnconditionally 0 -> -1
2023-10-04 17:33:42,599 [67c5b0d7-9e75-4e40-acfe-981c0927b9fc-groupManagement] INFO  segmented.SegmentedRaftLogWorker (SegmentedRaftLogWorker.java:lambda$new$0(135)) - 67c5b0d7-9e75-4e40-acfe-981c0927b9fc@group-EBA4C3C4DD7F-SegmentedRaftLogWorker: safeCacheEvictIndex: setUnconditionally 0 -> -1
2023-10-04 17:33:42,599 [67c5b0d7-9e75-4e40-acfe-981c0927b9fc-groupManagement] INFO  server.RaftServer$Division (RaftServerImpl.java:start(342)) - 67c5b0d7-9e75-4e40-acfe-981c0927b9fc@group-EBA4C3C4DD7F: start as a follower, conf=-1: peers:[67c5b0d7-9e75-4e40-acfe-981c0927b9fc|rpc:10.1.0.20:15182|admin:10.1.0.20:15181|client:10.1.0.20:15180|dataStream:10.1.0.20:15183|priority:0|startupRole:FOLLOWER, dce549a2-5f1d-4e87-86ad-66203672eab3|rpc:10.1.0.20:15173|admin:10.1.0.20:15172|client:10.1.0.20:15171|dataStream:10.1.0.20:15174|priority:1|startupRole:FOLLOWER, 0fe30932-4948-4248-92da-86cdb3d75943|rpc:10.1.0.20:15191|admin:10.1.0.20:15190|client:10.1.0.20:15189|dataStream:10.1.0.20:15192|priority:0|startupRole:FOLLOWER]|listeners:[], old=null
2023-10-04 17:33:42,599 [67c5b0d7-9e75-4e40-acfe-981c0927b9fc-groupManagement] INFO  server.RaftServer$Division (RaftServerImpl.java:setRole(329)) - 67c5b0d7-9e75-4e40-acfe-981c0927b9fc@group-EBA4C3C4DD7F: changes role from      null to FOLLOWER at term 0 for startAsFollower
2023-10-04 17:33:42,599 [67c5b0d7-9e75-4e40-acfe-981c0927b9fc-groupManagement] INFO  impl.RoleInfo (RoleInfo.java:updateAndGet(139)) - 67c5b0d7-9e75-4e40-acfe-981c0927b9fc: start 67c5b0d7-9e75-4e40-acfe-981c0927b9fc@group-EBA4C3C4DD7F-FollowerState
2023-10-04 17:33:42,599 [67c5b0d7-9e75-4e40-acfe-981c0927b9fc-groupManagement] INFO  util.JmxRegister (JmxRegister.java:tryRegister(44)) - Successfully registered JMX Bean with object name Ratis:service=RaftServer,group=group-EBA4C3C4DD7F,id=67c5b0d7-9e75-4e40-acfe-981c0927b9fc
2023-10-04 17:33:42,599 [67c5b0d7-9e75-4e40-acfe-981c0927b9fc@group-EBA4C3C4DD7F-FollowerState] INFO  server.RaftServerConfigKeys (ConfUtils.java:logFallback(53)) - raft.server.rpc.first-election.timeout.min = 5s (fallback to raft.server.rpc.timeout.min)
2023-10-04 17:33:42,599 [67c5b0d7-9e75-4e40-acfe-981c0927b9fc-groupManagement] INFO  server.RaftServerConfigKeys (ConfUtils.java:logGet(46)) - raft.server.snapshot.auto.trigger.enabled = true (custom)
2023-10-04 17:33:42,600 [67c5b0d7-9e75-4e40-acfe-981c0927b9fc@group-EBA4C3C4DD7F-FollowerState] INFO  server.RaftServerConfigKeys (ConfUtils.java:logFallback(53)) - raft.server.rpc.first-election.timeout.max = 5200ms (fallback to raft.server.rpc.timeout.max)
2023-10-04 17:33:42,600 [67c5b0d7-9e75-4e40-acfe-981c0927b9fc-groupManagement] INFO  server.RaftServerConfigKeys (ConfUtils.java:logGet(46)) - raft.server.snapshot.auto.trigger.threshold = 10000 (custom)
2023-10-04 17:33:42,600 [67c5b0d7-9e75-4e40-acfe-981c0927b9fc-groupManagement] INFO  server.RaftServerConfigKeys (ConfUtils.java:logGet(46)) - raft.server.snapshot.retention.file.num = 5 (custom)
2023-10-04 17:33:42,600 [67c5b0d7-9e75-4e40-acfe-981c0927b9fc-groupManagement] INFO  server.RaftServerConfigKeys (ConfUtils.java:logGet(46)) - raft.server.log.purge.upto.snapshot.index = false (default)
2023-10-04 17:33:42,610 [PipelineCommandHandlerThread-0] INFO  commandhandler.CreatePipelineCommandHandler (CreatePipelineCommandHandler.java:lambda$handle$2(124)) - Created Pipeline RATIS THREE PipelineID=dfe4d53f-0c94-404e-b5a2-eba4c3c4dd7f.
2023-10-04 17:33:42,611 [PipelineCommandHandlerThread-0] INFO  server.RaftServer (RaftServerProxy.java:addNew(98)) - dce549a2-5f1d-4e87-86ad-66203672eab3: addNew group-040533358E15:[67c5b0d7-9e75-4e40-acfe-981c0927b9fc|rpc:10.1.0.20:15182|admin:10.1.0.20:15181|client:10.1.0.20:15180|dataStream:10.1.0.20:15183|priority:0|startupRole:FOLLOWER, dce549a2-5f1d-4e87-86ad-66203672eab3|rpc:10.1.0.20:15173|admin:10.1.0.20:15172|client:10.1.0.20:15171|dataStream:10.1.0.20:15174|priority:0|startupRole:FOLLOWER, 0fe30932-4948-4248-92da-86cdb3d75943|rpc:10.1.0.20:15191|admin:10.1.0.20:15190|client:10.1.0.20:15189|dataStream:10.1.0.20:15192|priority:1|startupRole:FOLLOWER] returns group-040533358E15:java.util.concurrent.CompletableFuture@5415084d[Not completed]
2023-10-04 17:33:42,611 [dce549a2-5f1d-4e87-86ad-66203672eab3-groupManagement] INFO  server.RaftServer$Division (RaftServerImpl.java:<init>(198)) - dce549a2-5f1d-4e87-86ad-66203672eab3: new RaftServerImpl for group-040533358E15:[67c5b0d7-9e75-4e40-acfe-981c0927b9fc|rpc:10.1.0.20:15182|admin:10.1.0.20:15181|client:10.1.0.20:15180|dataStream:10.1.0.20:15183|priority:0|startupRole:FOLLOWER, dce549a2-5f1d-4e87-86ad-66203672eab3|rpc:10.1.0.20:15173|admin:10.1.0.20:15172|client:10.1.0.20:15171|dataStream:10.1.0.20:15174|priority:0|startupRole:FOLLOWER, 0fe30932-4948-4248-92da-86cdb3d75943|rpc:10.1.0.20:15191|admin:10.1.0.20:15190|client:10.1.0.20:15189|dataStream:10.1.0.20:15192|priority:1|startupRole:FOLLOWER] with ContainerStateMachine:uninitialized
2023-10-04 17:33:42,611 [dce549a2-5f1d-4e87-86ad-66203672eab3-groupManagement] INFO  server.RaftServerConfigKeys (ConfUtils.java:logGet(46)) - raft.server.rpc.timeout.min = 5s (custom)
2023-10-04 17:33:42,611 [dce549a2-5f1d-4e87-86ad-66203672eab3-groupManagement] INFO  server.RaftServerConfigKeys (ConfUtils.java:logGet(46)) - raft.server.rpc.timeout.max = 5200ms (custom)
2023-10-04 17:33:42,612 [dce549a2-5f1d-4e87-86ad-66203672eab3-groupManagement] INFO  server.RaftServerConfigKeys (ConfUtils.java:logGet(46)) - raft.server.rpc.sleep.time = 25ms (default)
2023-10-04 17:33:42,612 [dce549a2-5f1d-4e87-86ad-66203672eab3-groupManagement] INFO  server.RaftServerConfigKeys (ConfUtils.java:logGet(46)) - raft.server.rpc.slowness.timeout = 300s (custom)
2023-10-04 17:33:42,612 [dce549a2-5f1d-4e87-86ad-66203672eab3-groupManagement] INFO  server.RaftServerConfigKeys (ConfUtils.java:logGet(46)) - raft.server.leaderelection.leader.step-down.wait-time = 10s (default)
2023-10-04 17:33:42,612 [dce549a2-5f1d-4e87-86ad-66203672eab3-groupManagement] INFO  server.RaftServerConfigKeys (ConfUtils.java:logGet(46)) - raft.server.sleep.deviation.threshold = 300ms (default)
2023-10-04 17:33:42,612 [dce549a2-5f1d-4e87-86ad-66203672eab3-groupManagement] INFO  server.RaftServer$Division (ServerState.java:<init>(120)) - dce549a2-5f1d-4e87-86ad-66203672eab3@group-040533358E15: ConfigurationManager, init=-1: peers:[67c5b0d7-9e75-4e40-acfe-981c0927b9fc|rpc:10.1.0.20:15182|admin:10.1.0.20:15181|client:10.1.0.20:15180|dataStream:10.1.0.20:15183|priority:0|startupRole:FOLLOWER, dce549a2-5f1d-4e87-86ad-66203672eab3|rpc:10.1.0.20:15173|admin:10.1.0.20:15172|client:10.1.0.20:15171|dataStream:10.1.0.20:15174|priority:0|startupRole:FOLLOWER, 0fe30932-4948-4248-92da-86cdb3d75943|rpc:10.1.0.20:15191|admin:10.1.0.20:15190|client:10.1.0.20:15189|dataStream:10.1.0.20:15192|priority:1|startupRole:FOLLOWER]|listeners:[], old=null, confs=<EMPTY_MAP>
2023-10-04 17:33:42,612 [dce549a2-5f1d-4e87-86ad-66203672eab3-groupManagement] INFO  server.RaftServerConfigKeys (ConfUtils.java:logGet(46)) - raft.server.storage.dir = [/home/runner/work/ozone/ozone/hadoop-ozone/integration-test/target/test-dir/MiniOzoneClusterImpl-e9305288-83d2-469c-8969-78e040065d82/datanode-0/data/ratis] (custom)
2023-10-04 17:33:42,612 [dce549a2-5f1d-4e87-86ad-66203672eab3-groupManagement] INFO  server.RaftServerConfigKeys (ConfUtils.java:logGet(46)) - raft.server.log.corruption.policy = EXCEPTION (default)
2023-10-04 17:33:42,612 [dce549a2-5f1d-4e87-86ad-66203672eab3-groupManagement] INFO  server.RaftServerConfigKeys (ConfUtils.java:logGet(46)) - raft.server.storage.free-space.min = 0MB (=0) (default)
2023-10-04 17:33:42,612 [dce549a2-5f1d-4e87-86ad-66203672eab3-groupManagement] INFO  server.RaftServerConfigKeys (ConfUtils.java:logGet(46)) - raft.server.notification.no-leader.timeout = 300s (custom)
2023-10-04 17:33:42,612 [dce549a2-5f1d-4e87-86ad-66203672eab3-groupManagement] INFO  server.RaftServerConfigKeys (ConfUtils.java:logGet(46)) - raft.server.read.timeout = 10s (default)
2023-10-04 17:33:42,612 [dce549a2-5f1d-4e87-86ad-66203672eab3-groupManagement] INFO  server.RaftServerConfigKeys (ConfUtils.java:logGet(46)) - raft.server.retrycache.expirytime = 600000ms (custom)
2023-10-04 17:33:42,612 [dce549a2-5f1d-4e87-86ad-66203672eab3-groupManagement] INFO  server.RaftServerConfigKeys (ConfUtils.java:logGet(46)) - raft.server.retrycache.statistics.expirytime = 100μs (default)
2023-10-04 17:33:42,612 [dce549a2-5f1d-4e87-86ad-66203672eab3-groupManagement] INFO  server.RaftServerConfigKeys (ConfUtils.java:logGet(46)) - raft.server.read.option = DEFAULT (default)
2023-10-04 17:33:42,613 [dce549a2-5f1d-4e87-86ad-66203672eab3-groupManagement] INFO  server.RaftServerConfigKeys (ConfUtils.java:logGet(46)) - raft.server.rpc.request.timeout = 60s (custom)
2023-10-04 17:33:42,613 [dce549a2-5f1d-4e87-86ad-66203672eab3-groupManagement] INFO  server.RaftServerConfigKeys (ConfUtils.java:logGet(46)) - raft.server.log.appender.install.snapshot.enabled = false (custom)
2023-10-04 17:33:42,613 [dce549a2-5f1d-4e87-86ad-66203672eab3-groupManagement] INFO  server.RaftServerConfigKeys (ConfUtils.java:logGet(46)) - raft.server.threadpool.server.cached = true (default)
2023-10-04 17:33:42,613 [dce549a2-5f1d-4e87-86ad-66203672eab3-groupManagement] INFO  server.RaftServerConfigKeys (ConfUtils.java:logGet(46)) - raft.server.threadpool.server.size = 0 (default)
2023-10-04 17:33:42,613 [dce549a2-5f1d-4e87-86ad-66203672eab3-groupManagement] INFO  server.RaftServerConfigKeys (ConfUtils.java:logGet(46)) - raft.server.threadpool.client.cached = true (default)
2023-10-04 17:33:42,613 [dce549a2-5f1d-4e87-86ad-66203672eab3-groupManagement] INFO  server.RaftServerConfigKeys (ConfUtils.java:logGet(46)) - raft.server.threadpool.client.size = 0 (default)
2023-10-04 17:33:42,613 [dce549a2-5f1d-4e87-86ad-66203672eab3-groupManagement] INFO  storage.RaftStorageDirectory (RaftStorageDirectoryImpl.java:analyzeStorage(137)) - The storage directory /home/runner/work/ozone/ozone/hadoop-ozone/integration-test/target/test-dir/MiniOzoneClusterImpl-e9305288-83d2-469c-8969-78e040065d82/datanode-0/data/ratis/3e5e5789-9c07-4d50-adaf-040533358e15 does not exist. Creating ...
2023-10-04 17:33:42,614 [dce549a2-5f1d-4e87-86ad-66203672eab3-groupManagement] INFO  storage.RaftStorageDirectory (RaftStorageDirectoryImpl.java:tryLock(231)) - Lock on /home/runner/work/ozone/ozone/hadoop-ozone/integration-test/target/test-dir/MiniOzoneClusterImpl-e9305288-83d2-469c-8969-78e040065d82/datanode-0/data/ratis/3e5e5789-9c07-4d50-adaf-040533358e15/in_use.lock acquired by nodename 7524@fv-az453-706
2023-10-04 17:33:42,616 [dce549a2-5f1d-4e87-86ad-66203672eab3-groupManagement] INFO  storage.RaftStorage (RaftStorageImpl.java:format(96)) - Storage directory /home/runner/work/ozone/ozone/hadoop-ozone/integration-test/target/test-dir/MiniOzoneClusterImpl-e9305288-83d2-469c-8969-78e040065d82/datanode-0/data/ratis/3e5e5789-9c07-4d50-adaf-040533358e15 has been successfully formatted.
2023-10-04 17:33:42,616 [dce549a2-5f1d-4e87-86ad-66203672eab3-groupManagement] INFO  ratis.ContainerStateMachine (ContainerStateMachine.java:loadSnapshot(262)) - group-040533358E15: The snapshot info is null. Setting the last applied indexto:(t:0, i:~)
2023-10-04 17:33:42,616 [dce549a2-5f1d-4e87-86ad-66203672eab3-groupManagement] INFO  server.RaftServerConfigKeys (ConfUtils.java:logGet(46)) - raft.server.log.use.memory = false (default)
2023-10-04 17:33:42,616 [dce549a2-5f1d-4e87-86ad-66203672eab3-groupManagement] INFO  server.RaftServerConfigKeys (ConfUtils.java:logGet(46)) - raft.server.log.purge.gap = 1000000 (custom)
2023-10-04 17:33:42,617 [dce549a2-5f1d-4e87-86ad-66203672eab3-groupManagement] INFO  server.RaftServerConfigKeys (ConfUtils.java:logGet(46)) - raft.server.log.appender.buffer.byte-limit = 33554432 (custom)
2023-10-04 17:33:42,617 [dce549a2-5f1d-4e87-86ad-66203672eab3-groupManagement] INFO  server.RaftServerConfigKeys (ConfUtils.java:logGet(46)) - raft.server.log.statemachine.data.read.timeout = 1000ms (default)
2023-10-04 17:33:42,617 [dce549a2-5f1d-4e87-86ad-66203672eab3-groupManagement] INFO  server.RaftServerConfigKeys (ConfUtils.java:logGet(46)) - raft.server.log.purge.preservation.log.num = 0 (default)
2023-10-04 17:33:42,617 [dce549a2-5f1d-4e87-86ad-66203672eab3-groupManagement] INFO  server.RaftServerConfigKeys (ConfUtils.java:logGet(46)) - raft.server.log.segment.size.max = 1048576 (custom)
2023-10-04 17:33:42,617 [EventQueue-OpenPipelineForHealthyPipelineSafeModeRule] INFO  safemode.SCMSafeModeManager (HealthyPipelineSafeModeRule.java:process(137)) - SCM in safe mode. Healthy pipelines reported count is 0, required healthy pipeline reported count is 1
2023-10-04 17:33:42,617 [dce549a2-5f1d-4e87-86ad-66203672eab3-groupManagement] INFO  server.RaftServerConfigKeys (ConfUtils.java:logGet(46)) - raft.server.log.segment.cache.num.max = 2 (custom)
2023-10-04 17:33:42,617 [dce549a2-5f1d-4e87-86ad-66203672eab3-groupManagement] INFO  server.RaftServerConfigKeys (ConfUtils.java:logGet(46)) - raft.server.log.segment.cache.size.max = 200MB (=209715200) (default)
2023-10-04 17:33:42,617 [dce549a2-5f1d-4e87-86ad-66203672eab3-groupManagement] INFO  server.RaftServerConfigKeys (ConfUtils.java:logGet(46)) - raft.server.log.appender.buffer.byte-limit = 33554432 (custom)
2023-10-04 17:33:42,617 [dce549a2-5f1d-4e87-86ad-66203672eab3-groupManagement] INFO  segmented.SegmentedRaftLogWorker (SegmentedRaftLogWorker.java:<init>(188)) - new dce549a2-5f1d-4e87-86ad-66203672eab3@group-040533358E15-SegmentedRaftLogWorker for RaftStorageImpl:Storage Directory /home/runner/work/ozone/ozone/hadoop-ozone/integration-test/target/test-dir/MiniOzoneClusterImpl-e9305288-83d2-469c-8969-78e040065d82/datanode-0/data/ratis/3e5e5789-9c07-4d50-adaf-040533358e15
2023-10-04 17:33:42,617 [dce549a2-5f1d-4e87-86ad-66203672eab3-groupManagement] INFO  server.RaftServerConfigKeys (ConfUtils.java:logGet(46)) - raft.server.log.queue.byte-limit = 4294967296 (custom)
2023-10-04 17:33:42,617 [dce549a2-5f1d-4e87-86ad-66203672eab3-groupManagement] INFO  server.RaftServerConfigKeys (ConfUtils.java:logGet(46)) - raft.server.log.queue.element-limit = 1024 (custom)
2023-10-04 17:33:42,617 [dce549a2-5f1d-4e87-86ad-66203672eab3-groupManagement] INFO  server.RaftServerConfigKeys (ConfUtils.java:logGet(46)) - raft.server.log.segment.size.max = 1048576 (custom)
2023-10-04 17:33:42,617 [dce549a2-5f1d-4e87-86ad-66203672eab3-groupManagement] INFO  server.RaftServerConfigKeys (ConfUtils.java:logGet(46)) - raft.server.log.preallocated.size = 16384 (custom)
2023-10-04 17:33:42,617 [dce549a2-5f1d-4e87-86ad-66203672eab3-groupManagement] INFO  server.RaftServerConfigKeys (ConfUtils.java:logGet(46)) - raft.server.log.force.sync.num = 128 (default)
2023-10-04 17:33:42,618 [dce549a2-5f1d-4e87-86ad-66203672eab3-groupManagement] INFO  server.RaftServerConfigKeys (ConfUtils.java:logGet(46)) - raft.server.log.statemachine.data.sync = true (default)
2023-10-04 17:33:42,618 [dce549a2-5f1d-4e87-86ad-66203672eab3-groupManagement] INFO  server.RaftServerConfigKeys (ConfUtils.java:logGet(46)) - raft.server.log.statemachine.data.sync.timeout = 10s (default)
2023-10-04 17:33:42,618 [dce549a2-5f1d-4e87-86ad-66203672eab3-groupManagement] INFO  server.RaftServerConfigKeys (ConfUtils.java:logGet(46)) - raft.server.log.statemachine.data.sync.timeout.retry = -1 (default)
2023-10-04 17:33:42,618 [dce549a2-5f1d-4e87-86ad-66203672eab3-groupManagement] INFO  server.RaftServerConfigKeys (ConfUtils.java:logGet(46)) - raft.server.log.write.buffer.size = 1048576 (custom)
2023-10-04 17:33:42,618 [dce549a2-5f1d-4e87-86ad-66203672eab3-groupManagement] INFO  server.RaftServerConfigKeys (ConfUtils.java:logGet(46)) - raft.server.log.appender.buffer.byte-limit = 33554432 (custom)
2023-10-04 17:33:42,623 [dce549a2-5f1d-4e87-86ad-66203672eab3-groupManagement] INFO  server.RaftServerConfigKeys (ConfUtils.java:logGet(46)) - raft.server.log.unsafe-flush.enabled = false (default)
2023-10-04 17:33:42,623 [dce549a2-5f1d-4e87-86ad-66203672eab3-groupManagement] INFO  server.RaftServerConfigKeys (ConfUtils.java:logGet(46)) - raft.server.log.async-flush.enabled = false (default)
2023-10-04 17:33:42,623 [dce549a2-5f1d-4e87-86ad-66203672eab3-groupManagement] INFO  server.RaftServerConfigKeys (ConfUtils.java:logGet(46)) - raft.server.log.statemachine.data.caching.enabled = true (custom)
2023-10-04 17:33:42,624 [dce549a2-5f1d-4e87-86ad-66203672eab3-groupManagement] INFO  segmented.SegmentedRaftLogWorker (SegmentedRaftLogWorker.java:lambda$new$0(135)) - dce549a2-5f1d-4e87-86ad-66203672eab3@group-040533358E15-SegmentedRaftLogWorker: flushIndex: setUnconditionally 0 -> -1
2023-10-04 17:33:42,624 [dce549a2-5f1d-4e87-86ad-66203672eab3-groupManagement] INFO  segmented.SegmentedRaftLogWorker (SegmentedRaftLogWorker.java:lambda$new$0(135)) - dce549a2-5f1d-4e87-86ad-66203672eab3@group-040533358E15-SegmentedRaftLogWorker: safeCacheEvictIndex: setUnconditionally 0 -> -1
2023-10-04 17:33:42,624 [dce549a2-5f1d-4e87-86ad-66203672eab3-groupManagement] INFO  server.RaftServer$Division (RaftServerImpl.java:start(342)) - dce549a2-5f1d-4e87-86ad-66203672eab3@group-040533358E15: start as a follower, conf=-1: peers:[67c5b0d7-9e75-4e40-acfe-981c0927b9fc|rpc:10.1.0.20:15182|admin:10.1.0.20:15181|client:10.1.0.20:15180|dataStream:10.1.0.20:15183|priority:0|startupRole:FOLLOWER, dce549a2-5f1d-4e87-86ad-66203672eab3|rpc:10.1.0.20:15173|admin:10.1.0.20:15172|client:10.1.0.20:15171|dataStream:10.1.0.20:15174|priority:0|startupRole:FOLLOWER, 0fe30932-4948-4248-92da-86cdb3d75943|rpc:10.1.0.20:15191|admin:10.1.0.20:15190|client:10.1.0.20:15189|dataStream:10.1.0.20:15192|priority:1|startupRole:FOLLOWER]|listeners:[], old=null
2023-10-04 17:33:42,624 [dce549a2-5f1d-4e87-86ad-66203672eab3-groupManagement] INFO  server.RaftServer$Division (RaftServerImpl.java:setRole(329)) - dce549a2-5f1d-4e87-86ad-66203672eab3@group-040533358E15: changes role from      null to FOLLOWER at term 0 for startAsFollower
2023-10-04 17:33:42,626 [dce549a2-5f1d-4e87-86ad-66203672eab3-groupManagement] INFO  impl.RoleInfo (RoleInfo.java:updateAndGet(139)) - dce549a2-5f1d-4e87-86ad-66203672eab3: start dce549a2-5f1d-4e87-86ad-66203672eab3@group-040533358E15-FollowerState
2023-10-04 17:33:42,626 [dce549a2-5f1d-4e87-86ad-66203672eab3-groupManagement] INFO  util.JmxRegister (JmxRegister.java:tryRegister(44)) - Successfully registered JMX Bean with object name Ratis:service=RaftServer,group=group-040533358E15,id=dce549a2-5f1d-4e87-86ad-66203672eab3
2023-10-04 17:33:42,626 [dce549a2-5f1d-4e87-86ad-66203672eab3-groupManagement] INFO  server.RaftServerConfigKeys (ConfUtils.java:logGet(46)) - raft.server.snapshot.auto.trigger.enabled = true (custom)
2023-10-04 17:33:42,627 [dce549a2-5f1d-4e87-86ad-66203672eab3-groupManagement] INFO  server.RaftServerConfigKeys (ConfUtils.java:logGet(46)) - raft.server.snapshot.auto.trigger.threshold = 10000 (custom)
2023-10-04 17:33:42,627 [dce549a2-5f1d-4e87-86ad-66203672eab3-groupManagement] INFO  server.RaftServerConfigKeys (ConfUtils.java:logGet(46)) - raft.server.snapshot.retention.file.num = 5 (custom)
2023-10-04 17:33:42,627 [dce549a2-5f1d-4e87-86ad-66203672eab3-groupManagement] INFO  server.RaftServerConfigKeys (ConfUtils.java:logGet(46)) - raft.server.log.purge.upto.snapshot.index = false (default)
2023-10-04 17:33:42,627 [PipelineCommandHandlerThread-0] INFO  ratis.XceiverServerRatis (XceiverServerRatis.java:addGroup(804)) - Created group PipelineID=3e5e5789-9c07-4d50-adaf-040533358e15
2023-10-04 17:33:42,627 [dce549a2-5f1d-4e87-86ad-66203672eab3@group-040533358E15-FollowerState] INFO  server.RaftServerConfigKeys (ConfUtils.java:logFallback(53)) - raft.server.rpc.first-election.timeout.min = 5s (fallback to raft.server.rpc.timeout.min)
2023-10-04 17:33:42,627 [dce549a2-5f1d-4e87-86ad-66203672eab3@group-040533358E15-FollowerState] INFO  server.RaftServerConfigKeys (ConfUtils.java:logFallback(53)) - raft.server.rpc.first-election.timeout.max = 5200ms (fallback to raft.server.rpc.timeout.max)
2023-10-04 17:33:42,640 [grpc-default-executor-0] INFO  server.RaftServer (RaftServerProxy.java:addNew(98)) - 67c5b0d7-9e75-4e40-acfe-981c0927b9fc: addNew group-040533358E15:[67c5b0d7-9e75-4e40-acfe-981c0927b9fc|rpc:10.1.0.20:15182|admin:10.1.0.20:15181|client:10.1.0.20:15180|dataStream:10.1.0.20:15183|priority:0|startupRole:FOLLOWER, dce549a2-5f1d-4e87-86ad-66203672eab3|rpc:10.1.0.20:15173|admin:10.1.0.20:15172|client:10.1.0.20:15171|dataStream:10.1.0.20:15174|priority:0|startupRole:FOLLOWER, 0fe30932-4948-4248-92da-86cdb3d75943|rpc:10.1.0.20:15191|admin:10.1.0.20:15190|client:10.1.0.20:15189|dataStream:10.1.0.20:15192|priority:1|startupRole:FOLLOWER] returns group-040533358E15:java.util.concurrent.CompletableFuture@34dab684[Not completed]
2023-10-04 17:33:42,641 [67c5b0d7-9e75-4e40-acfe-981c0927b9fc-groupManagement] INFO  server.RaftServer$Division (RaftServerImpl.java:<init>(198)) - 67c5b0d7-9e75-4e40-acfe-981c0927b9fc: new RaftServerImpl for group-040533358E15:[67c5b0d7-9e75-4e40-acfe-981c0927b9fc|rpc:10.1.0.20:15182|admin:10.1.0.20:15181|client:10.1.0.20:15180|dataStream:10.1.0.20:15183|priority:0|startupRole:FOLLOWER, dce549a2-5f1d-4e87-86ad-66203672eab3|rpc:10.1.0.20:15173|admin:10.1.0.20:15172|client:10.1.0.20:15171|dataStream:10.1.0.20:15174|priority:0|startupRole:FOLLOWER, 0fe30932-4948-4248-92da-86cdb3d75943|rpc:10.1.0.20:15191|admin:10.1.0.20:15190|client:10.1.0.20:15189|dataStream:10.1.0.20:15192|priority:1|startupRole:FOLLOWER] with ContainerStateMachine:uninitialized
2023-10-04 17:33:42,641 [67c5b0d7-9e75-4e40-acfe-981c0927b9fc-groupManagement] INFO  server.RaftServerConfigKeys (ConfUtils.java:logGet(46)) - raft.server.rpc.timeout.min = 5s (custom)
2023-10-04 17:33:42,641 [67c5b0d7-9e75-4e40-acfe-981c0927b9fc-groupManagement] INFO  server.RaftServerConfigKeys (ConfUtils.java:logGet(46)) - raft.server.rpc.timeout.max = 5200ms (custom)
2023-10-04 17:33:42,641 [67c5b0d7-9e75-4e40-acfe-981c0927b9fc-groupManagement] INFO  server.RaftServerConfigKeys (ConfUtils.java:logGet(46)) - raft.server.rpc.sleep.time = 25ms (default)
2023-10-04 17:33:42,641 [67c5b0d7-9e75-4e40-acfe-981c0927b9fc-groupManagement] INFO  server.RaftServerConfigKeys (ConfUtils.java:logGet(46)) - raft.server.rpc.slowness.timeout = 300s (custom)
2023-10-04 17:33:42,641 [67c5b0d7-9e75-4e40-acfe-981c0927b9fc-groupManagement] INFO  server.RaftServerConfigKeys (ConfUtils.java:logGet(46)) - raft.server.leaderelection.leader.step-down.wait-time = 10s (default)
2023-10-04 17:33:42,641 [67c5b0d7-9e75-4e40-acfe-981c0927b9fc-groupManagement] INFO  server.RaftServerConfigKeys (ConfUtils.java:logGet(46)) - raft.server.sleep.deviation.threshold = 300ms (default)
2023-10-04 17:33:42,641 [67c5b0d7-9e75-4e40-acfe-981c0927b9fc-groupManagement] INFO  server.RaftServer$Division (ServerState.java:<init>(120)) - 67c5b0d7-9e75-4e40-acfe-981c0927b9fc@group-040533358E15: ConfigurationManager, init=-1: peers:[67c5b0d7-9e75-4e40-acfe-981c0927b9fc|rpc:10.1.0.20:15182|admin:10.1.0.20:15181|client:10.1.0.20:15180|dataStream:10.1.0.20:15183|priority:0|startupRole:FOLLOWER, dce549a2-5f1d-4e87-86ad-66203672eab3|rpc:10.1.0.20:15173|admin:10.1.0.20:15172|client:10.1.0.20:15171|dataStream:10.1.0.20:15174|priority:0|startupRole:FOLLOWER, 0fe30932-4948-4248-92da-86cdb3d75943|rpc:10.1.0.20:15191|admin:10.1.0.20:15190|client:10.1.0.20:15189|dataStream:10.1.0.20:15192|priority:1|startupRole:FOLLOWER]|listeners:[], old=null, confs=<EMPTY_MAP>
2023-10-04 17:33:42,641 [67c5b0d7-9e75-4e40-acfe-981c0927b9fc-groupManagement] INFO  server.RaftServerConfigKeys (ConfUtils.java:logGet(46)) - raft.server.storage.dir = [/home/runner/work/ozone/ozone/hadoop-ozone/integration-test/target/test-dir/MiniOzoneClusterImpl-e9305288-83d2-469c-8969-78e040065d82/datanode-1/data/ratis] (custom)
2023-10-04 17:33:42,642 [67c5b0d7-9e75-4e40-acfe-981c0927b9fc-groupManagement] INFO  server.RaftServerConfigKeys (ConfUtils.java:logGet(46)) - raft.server.log.corruption.policy = EXCEPTION (default)
2023-10-04 17:33:42,642 [67c5b0d7-9e75-4e40-acfe-981c0927b9fc-groupManagement] INFO  server.RaftServerConfigKeys (ConfUtils.java:logGet(46)) - raft.server.storage.free-space.min = 0MB (=0) (default)
2023-10-04 17:33:42,642 [67c5b0d7-9e75-4e40-acfe-981c0927b9fc-groupManagement] INFO  server.RaftServerConfigKeys (ConfUtils.java:logGet(46)) - raft.server.notification.no-leader.timeout = 300s (custom)
2023-10-04 17:33:42,642 [67c5b0d7-9e75-4e40-acfe-981c0927b9fc-groupManagement] INFO  server.RaftServerConfigKeys (ConfUtils.java:logGet(46)) - raft.server.read.timeout = 10s (default)
2023-10-04 17:33:42,642 [67c5b0d7-9e75-4e40-acfe-981c0927b9fc-groupManagement] INFO  server.RaftServerConfigKeys (ConfUtils.java:logGet(46)) - raft.server.retrycache.expirytime = 600000ms (custom)
2023-10-04 17:33:42,642 [67c5b0d7-9e75-4e40-acfe-981c0927b9fc-groupManagement] INFO  server.RaftServerConfigKeys (ConfUtils.java:logGet(46)) - raft.server.retrycache.statistics.expirytime = 100μs (default)
2023-10-04 17:33:42,642 [67c5b0d7-9e75-4e40-acfe-981c0927b9fc-groupManagement] INFO  server.RaftServerConfigKeys (ConfUtils.java:logGet(46)) - raft.server.read.option = DEFAULT (default)
2023-10-04 17:33:42,642 [67c5b0d7-9e75-4e40-acfe-981c0927b9fc-groupManagement] INFO  server.RaftServerConfigKeys (ConfUtils.java:logGet(46)) - raft.server.rpc.request.timeout = 60s (custom)
2023-10-04 17:33:42,642 [67c5b0d7-9e75-4e40-acfe-981c0927b9fc-groupManagement] INFO  server.RaftServerConfigKeys (ConfUtils.java:logGet(46)) - raft.server.log.appender.install.snapshot.enabled = false (custom)
2023-10-04 17:33:42,642 [67c5b0d7-9e75-4e40-acfe-981c0927b9fc-groupManagement] INFO  server.RaftServerConfigKeys (ConfUtils.java:logGet(46)) - raft.server.threadpool.server.cached = true (default)
2023-10-04 17:33:42,642 [67c5b0d7-9e75-4e40-acfe-981c0927b9fc-groupManagement] INFO  server.RaftServerConfigKeys (ConfUtils.java:logGet(46)) - raft.server.threadpool.server.size = 0 (default)
2023-10-04 17:33:42,643 [67c5b0d7-9e75-4e40-acfe-981c0927b9fc-groupManagement] INFO  server.RaftServerConfigKeys (ConfUtils.java:logGet(46)) - raft.server.threadpool.client.cached = true (default)
2023-10-04 17:33:42,643 [67c5b0d7-9e75-4e40-acfe-981c0927b9fc-groupManagement] INFO  server.RaftServerConfigKeys (ConfUtils.java:logGet(46)) - raft.server.threadpool.client.size = 0 (default)
2023-10-04 17:33:42,643 [67c5b0d7-9e75-4e40-acfe-981c0927b9fc-groupManagement] INFO  storage.RaftStorageDirectory (RaftStorageDirectoryImpl.java:analyzeStorage(137)) - The storage directory /home/runner/work/ozone/ozone/hadoop-ozone/integration-test/target/test-dir/MiniOzoneClusterImpl-e9305288-83d2-469c-8969-78e040065d82/datanode-1/data/ratis/3e5e5789-9c07-4d50-adaf-040533358e15 does not exist. Creating ...
2023-10-04 17:33:42,644 [67c5b0d7-9e75-4e40-acfe-981c0927b9fc-groupManagement] INFO  storage.RaftStorageDirectory (RaftStorageDirectoryImpl.java:tryLock(231)) - Lock on /home/runner/work/ozone/ozone/hadoop-ozone/integration-test/target/test-dir/MiniOzoneClusterImpl-e9305288-83d2-469c-8969-78e040065d82/datanode-1/data/ratis/3e5e5789-9c07-4d50-adaf-040533358e15/in_use.lock acquired by nodename 7524@fv-az453-706
2023-10-04 17:33:42,646 [67c5b0d7-9e75-4e40-acfe-981c0927b9fc-groupManagement] INFO  storage.RaftStorage (RaftStorageImpl.java:format(96)) - Storage directory /home/runner/work/ozone/ozone/hadoop-ozone/integration-test/target/test-dir/MiniOzoneClusterImpl-e9305288-83d2-469c-8969-78e040065d82/datanode-1/data/ratis/3e5e5789-9c07-4d50-adaf-040533358e15 has been successfully formatted.
2023-10-04 17:33:42,646 [67c5b0d7-9e75-4e40-acfe-981c0927b9fc-groupManagement] INFO  ratis.ContainerStateMachine (ContainerStateMachine.java:loadSnapshot(262)) - group-040533358E15: The snapshot info is null. Setting the last applied indexto:(t:0, i:~)
2023-10-04 17:33:42,646 [67c5b0d7-9e75-4e40-acfe-981c0927b9fc-groupManagement] INFO  server.RaftServerConfigKeys (ConfUtils.java:logGet(46)) - raft.server.log.use.memory = false (default)
2023-10-04 17:33:42,646 [67c5b0d7-9e75-4e40-acfe-981c0927b9fc-groupManagement] INFO  server.RaftServerConfigKeys (ConfUtils.java:logGet(46)) - raft.server.log.purge.gap = 1000000 (custom)
2023-10-04 17:33:42,646 [67c5b0d7-9e75-4e40-acfe-981c0927b9fc-groupManagement] INFO  server.RaftServerConfigKeys (ConfUtils.java:logGet(46)) - raft.server.log.appender.buffer.byte-limit = 33554432 (custom)
2023-10-04 17:33:42,646 [67c5b0d7-9e75-4e40-acfe-981c0927b9fc-groupManagement] INFO  server.RaftServerConfigKeys (ConfUtils.java:logGet(46)) - raft.server.log.statemachine.data.read.timeout = 1000ms (default)
2023-10-04 17:33:42,647 [67c5b0d7-9e75-4e40-acfe-981c0927b9fc-groupManagement] INFO  server.RaftServerConfigKeys (ConfUtils.java:logGet(46)) - raft.server.log.purge.preservation.log.num = 0 (default)
2023-10-04 17:33:42,647 [67c5b0d7-9e75-4e40-acfe-981c0927b9fc-groupManagement] INFO  server.RaftServerConfigKeys (ConfUtils.java:logGet(46)) - raft.server.log.segment.size.max = 1048576 (custom)
2023-10-04 17:33:42,647 [67c5b0d7-9e75-4e40-acfe-981c0927b9fc-groupManagement] INFO  server.RaftServerConfigKeys (ConfUtils.java:logGet(46)) - raft.server.log.segment.cache.num.max = 2 (custom)
2023-10-04 17:33:42,647 [67c5b0d7-9e75-4e40-acfe-981c0927b9fc-groupManagement] INFO  server.RaftServerConfigKeys (ConfUtils.java:logGet(46)) - raft.server.log.segment.cache.size.max = 200MB (=209715200) (default)
2023-10-04 17:33:42,647 [67c5b0d7-9e75-4e40-acfe-981c0927b9fc-groupManagement] INFO  server.RaftServerConfigKeys (ConfUtils.java:logGet(46)) - raft.server.log.appender.buffer.byte-limit = 33554432 (custom)
2023-10-04 17:33:42,647 [67c5b0d7-9e75-4e40-acfe-981c0927b9fc-groupManagement] INFO  segmented.SegmentedRaftLogWorker (SegmentedRaftLogWorker.java:<init>(188)) - new 67c5b0d7-9e75-4e40-acfe-981c0927b9fc@group-040533358E15-SegmentedRaftLogWorker for RaftStorageImpl:Storage Directory /home/runner/work/ozone/ozone/hadoop-ozone/integration-test/target/test-dir/MiniOzoneClusterImpl-e9305288-83d2-469c-8969-78e040065d82/datanode-1/data/ratis/3e5e5789-9c07-4d50-adaf-040533358e15
2023-10-04 17:33:42,647 [67c5b0d7-9e75-4e40-acfe-981c0927b9fc-groupManagement] INFO  server.RaftServerConfigKeys (ConfUtils.java:logGet(46)) - raft.server.log.queue.byte-limit = 4294967296 (custom)
2023-10-04 17:33:42,648 [67c5b0d7-9e75-4e40-acfe-981c0927b9fc-groupManagement] INFO  server.RaftServerConfigKeys (ConfUtils.java:logGet(46)) - raft.server.log.queue.element-limit = 1024 (custom)
2023-10-04 17:33:42,648 [67c5b0d7-9e75-4e40-acfe-981c0927b9fc-groupManagement] INFO  server.RaftServerConfigKeys (ConfUtils.java:logGet(46)) - raft.server.log.segment.size.max = 1048576 (custom)
2023-10-04 17:33:42,648 [67c5b0d7-9e75-4e40-acfe-981c0927b9fc-groupManagement] INFO  server.RaftServerConfigKeys (ConfUtils.java:logGet(46)) - raft.server.log.preallocated.size = 16384 (custom)
2023-10-04 17:33:42,648 [67c5b0d7-9e75-4e40-acfe-981c0927b9fc-groupManagement] INFO  server.RaftServerConfigKeys (ConfUtils.java:logGet(46)) - raft.server.log.force.sync.num = 128 (default)
2023-10-04 17:33:42,648 [67c5b0d7-9e75-4e40-acfe-981c0927b9fc-groupManagement] INFO  server.RaftServerConfigKeys (ConfUtils.java:logGet(46)) - raft.server.log.statemachine.data.sync = true (default)
2023-10-04 17:33:42,648 [67c5b0d7-9e75-4e40-acfe-981c0927b9fc-groupManagement] INFO  server.RaftServerConfigKeys (ConfUtils.java:logGet(46)) - raft.server.log.statemachine.data.sync.timeout = 10s (default)
2023-10-04 17:33:42,648 [67c5b0d7-9e75-4e40-acfe-981c0927b9fc-groupManagement] INFO  server.RaftServerConfigKeys (ConfUtils.java:logGet(46)) - raft.server.log.statemachine.data.sync.timeout.retry = -1 (default)
2023-10-04 17:33:42,648 [67c5b0d7-9e75-4e40-acfe-981c0927b9fc-groupManagement] INFO  server.RaftServerConfigKeys (ConfUtils.java:logGet(46)) - raft.server.log.write.buffer.size = 1048576 (custom)
2023-10-04 17:33:42,649 [67c5b0d7-9e75-4e40-acfe-981c0927b9fc-groupManagement] INFO  server.RaftServerConfigKeys (ConfUtils.java:logGet(46)) - raft.server.log.appender.buffer.byte-limit = 33554432 (custom)
2023-10-04 17:33:42,654 [67c5b0d7-9e75-4e40-acfe-981c0927b9fc-groupManagement] INFO  server.RaftServerConfigKeys (ConfUtils.java:logGet(46)) - raft.server.log.unsafe-flush.enabled = false (default)
2023-10-04 17:33:42,654 [67c5b0d7-9e75-4e40-acfe-981c0927b9fc-groupManagement] INFO  server.RaftServerConfigKeys (ConfUtils.java:logGet(46)) - raft.server.log.async-flush.enabled = false (default)
2023-10-04 17:33:42,654 [67c5b0d7-9e75-4e40-acfe-981c0927b9fc-groupManagement] INFO  server.RaftServerConfigKeys (ConfUtils.java:logGet(46)) - raft.server.log.statemachine.data.caching.enabled = true (custom)
2023-10-04 17:33:42,654 [67c5b0d7-9e75-4e40-acfe-981c0927b9fc-groupManagement] INFO  segmented.SegmentedRaftLogWorker (SegmentedRaftLogWorker.java:lambda$new$0(135)) - 67c5b0d7-9e75-4e40-acfe-981c0927b9fc@group-040533358E15-SegmentedRaftLogWorker: flushIndex: setUnconditionally 0 -> -1
2023-10-04 17:33:42,655 [67c5b0d7-9e75-4e40-acfe-981c0927b9fc-groupManagement] INFO  segmented.SegmentedRaftLogWorker (SegmentedRaftLogWorker.java:lambda$new$0(135)) - 67c5b0d7-9e75-4e40-acfe-981c0927b9fc@group-040533358E15-SegmentedRaftLogWorker: safeCacheEvictIndex: setUnconditionally 0 -> -1
2023-10-04 17:33:42,660 [67c5b0d7-9e75-4e40-acfe-981c0927b9fc-groupManagement] INFO  server.RaftServer$Division (RaftServerImpl.java:start(342)) - 67c5b0d7-9e75-4e40-acfe-981c0927b9fc@group-040533358E15: start as a follower, conf=-1: peers:[67c5b0d7-9e75-4e40-acfe-981c0927b9fc|rpc:10.1.0.20:15182|admin:10.1.0.20:15181|client:10.1.0.20:15180|dataStream:10.1.0.20:15183|priority:0|startupRole:FOLLOWER, dce549a2-5f1d-4e87-86ad-66203672eab3|rpc:10.1.0.20:15173|admin:10.1.0.20:15172|client:10.1.0.20:15171|dataStream:10.1.0.20:15174|priority:0|startupRole:FOLLOWER, 0fe30932-4948-4248-92da-86cdb3d75943|rpc:10.1.0.20:15191|admin:10.1.0.20:15190|client:10.1.0.20:15189|dataStream:10.1.0.20:15192|priority:1|startupRole:FOLLOWER]|listeners:[], old=null
2023-10-04 17:33:42,660 [67c5b0d7-9e75-4e40-acfe-981c0927b9fc-groupManagement] INFO  server.RaftServer$Division (RaftServerImpl.java:setRole(329)) - 67c5b0d7-9e75-4e40-acfe-981c0927b9fc@group-040533358E15: changes role from      null to FOLLOWER at term 0 for startAsFollower
2023-10-04 17:33:42,660 [67c5b0d7-9e75-4e40-acfe-981c0927b9fc-groupManagement] INFO  impl.RoleInfo (RoleInfo.java:updateAndGet(139)) - 67c5b0d7-9e75-4e40-acfe-981c0927b9fc: start 67c5b0d7-9e75-4e40-acfe-981c0927b9fc@group-040533358E15-FollowerState
2023-10-04 17:33:42,661 [67c5b0d7-9e75-4e40-acfe-981c0927b9fc-groupManagement] INFO  util.JmxRegister (JmxRegister.java:tryRegister(44)) - Successfully registered JMX Bean with object name Ratis:service=RaftServer,group=group-040533358E15,id=67c5b0d7-9e75-4e40-acfe-981c0927b9fc
2023-10-04 17:33:42,661 [67c5b0d7-9e75-4e40-acfe-981c0927b9fc-groupManagement] INFO  server.RaftServerConfigKeys (ConfUtils.java:logGet(46)) - raft.server.snapshot.auto.trigger.enabled = true (custom)
2023-10-04 17:33:42,661 [67c5b0d7-9e75-4e40-acfe-981c0927b9fc-groupManagement] INFO  server.RaftServerConfigKeys (ConfUtils.java:logGet(46)) - raft.server.snapshot.auto.trigger.threshold = 10000 (custom)
2023-10-04 17:33:42,661 [67c5b0d7-9e75-4e40-acfe-981c0927b9fc-groupManagement] INFO  server.RaftServerConfigKeys (ConfUtils.java:logGet(46)) - raft.server.snapshot.retention.file.num = 5 (custom)
2023-10-04 17:33:42,661 [67c5b0d7-9e75-4e40-acfe-981c0927b9fc-groupManagement] INFO  server.RaftServerConfigKeys (ConfUtils.java:logGet(46)) - raft.server.log.purge.upto.snapshot.index = false (default)
2023-10-04 17:33:42,661 [67c5b0d7-9e75-4e40-acfe-981c0927b9fc@group-040533358E15-FollowerState] INFO  server.RaftServerConfigKeys (ConfUtils.java:logFallback(53)) - raft.server.rpc.first-election.timeout.min = 5s (fallback to raft.server.rpc.timeout.min)
2023-10-04 17:33:42,661 [67c5b0d7-9e75-4e40-acfe-981c0927b9fc@group-040533358E15-FollowerState] INFO  server.RaftServerConfigKeys (ConfUtils.java:logFallback(53)) - raft.server.rpc.first-election.timeout.max = 5200ms (fallback to raft.server.rpc.timeout.max)
2023-10-04 17:33:42,679 [grpc-default-executor-0] INFO  server.RaftServer (RaftServerProxy.java:addNew(98)) - 0fe30932-4948-4248-92da-86cdb3d75943: addNew group-040533358E15:[67c5b0d7-9e75-4e40-acfe-981c0927b9fc|rpc:10.1.0.20:15182|admin:10.1.0.20:15181|client:10.1.0.20:15180|dataStream:10.1.0.20:15183|priority:0|startupRole:FOLLOWER, dce549a2-5f1d-4e87-86ad-66203672eab3|rpc:10.1.0.20:15173|admin:10.1.0.20:15172|client:10.1.0.20:15171|dataStream:10.1.0.20:15174|priority:0|startupRole:FOLLOWER, 0fe30932-4948-4248-92da-86cdb3d75943|rpc:10.1.0.20:15191|admin:10.1.0.20:15190|client:10.1.0.20:15189|dataStream:10.1.0.20:15192|priority:1|startupRole:FOLLOWER] returns group-040533358E15:java.util.concurrent.CompletableFuture@52d91c3a[Not completed]
2023-10-04 17:33:42,680 [0fe30932-4948-4248-92da-86cdb3d75943-groupManagement] INFO  server.RaftServer$Division (RaftServerImpl.java:<init>(198)) - 0fe30932-4948-4248-92da-86cdb3d75943: new RaftServerImpl for group-040533358E15:[67c5b0d7-9e75-4e40-acfe-981c0927b9fc|rpc:10.1.0.20:15182|admin:10.1.0.20:15181|client:10.1.0.20:15180|dataStream:10.1.0.20:15183|priority:0|startupRole:FOLLOWER, dce549a2-5f1d-4e87-86ad-66203672eab3|rpc:10.1.0.20:15173|admin:10.1.0.20:15172|client:10.1.0.20:15171|dataStream:10.1.0.20:15174|priority:0|startupRole:FOLLOWER, 0fe30932-4948-4248-92da-86cdb3d75943|rpc:10.1.0.20:15191|admin:10.1.0.20:15190|client:10.1.0.20:15189|dataStream:10.1.0.20:15192|priority:1|startupRole:FOLLOWER] with ContainerStateMachine:uninitialized
2023-10-04 17:33:42,680 [0fe30932-4948-4248-92da-86cdb3d75943-groupManagement] INFO  server.RaftServerConfigKeys (ConfUtils.java:logGet(46)) - raft.server.rpc.timeout.min = 5s (custom)
2023-10-04 17:33:42,680 [0fe30932-4948-4248-92da-86cdb3d75943-groupManagement] INFO  server.RaftServerConfigKeys (ConfUtils.java:logGet(46)) - raft.server.rpc.timeout.max = 5200ms (custom)
2023-10-04 17:33:42,680 [0fe30932-4948-4248-92da-86cdb3d75943-groupManagement] INFO  server.RaftServerConfigKeys (ConfUtils.java:logGet(46)) - raft.server.rpc.sleep.time = 25ms (default)
2023-10-04 17:33:42,680 [0fe30932-4948-4248-92da-86cdb3d75943-groupManagement] INFO  server.RaftServerConfigKeys (ConfUtils.java:logGet(46)) - raft.server.rpc.slowness.timeout = 300s (custom)
2023-10-04 17:33:42,680 [0fe30932-4948-4248-92da-86cdb3d75943-groupManagement] INFO  server.RaftServerConfigKeys (ConfUtils.java:logGet(46)) - raft.server.leaderelection.leader.step-down.wait-time = 10s (default)
2023-10-04 17:33:42,680 [0fe30932-4948-4248-92da-86cdb3d75943-groupManagement] INFO  server.RaftServerConfigKeys (ConfUtils.java:logGet(46)) - raft.server.sleep.deviation.threshold = 300ms (default)
2023-10-04 17:33:42,680 [0fe30932-4948-4248-92da-86cdb3d75943-groupManagement] INFO  server.RaftServer$Division (ServerState.java:<init>(120)) - 0fe30932-4948-4248-92da-86cdb3d75943@group-040533358E15: ConfigurationManager, init=-1: peers:[67c5b0d7-9e75-4e40-acfe-981c0927b9fc|rpc:10.1.0.20:15182|admin:10.1.0.20:15181|client:10.1.0.20:15180|dataStream:10.1.0.20:15183|priority:0|startupRole:FOLLOWER, dce549a2-5f1d-4e87-86ad-66203672eab3|rpc:10.1.0.20:15173|admin:10.1.0.20:15172|client:10.1.0.20:15171|dataStream:10.1.0.20:15174|priority:0|startupRole:FOLLOWER, 0fe30932-4948-4248-92da-86cdb3d75943|rpc:10.1.0.20:15191|admin:10.1.0.20:15190|client:10.1.0.20:15189|dataStream:10.1.0.20:15192|priority:1|startupRole:FOLLOWER]|listeners:[], old=null, confs=<EMPTY_MAP>
2023-10-04 17:33:42,681 [0fe30932-4948-4248-92da-86cdb3d75943-groupManagement] INFO  server.RaftServerConfigKeys (ConfUtils.java:logGet(46)) - raft.server.storage.dir = [/home/runner/work/ozone/ozone/hadoop-ozone/integration-test/target/test-dir/MiniOzoneClusterImpl-e9305288-83d2-469c-8969-78e040065d82/datanode-2/data/ratis] (custom)
2023-10-04 17:33:42,681 [0fe30932-4948-4248-92da-86cdb3d75943-groupManagement] INFO  server.RaftServerConfigKeys (ConfUtils.java:logGet(46)) - raft.server.log.corruption.policy = EXCEPTION (default)
2023-10-04 17:33:42,681 [0fe30932-4948-4248-92da-86cdb3d75943-groupManagement] INFO  server.RaftServerConfigKeys (ConfUtils.java:logGet(46)) - raft.server.storage.free-space.min = 0MB (=0) (default)
2023-10-04 17:33:42,681 [0fe30932-4948-4248-92da-86cdb3d75943-groupManagement] INFO  server.RaftServerConfigKeys (ConfUtils.java:logGet(46)) - raft.server.notification.no-leader.timeout = 300s (custom)
2023-10-04 17:33:42,681 [0fe30932-4948-4248-92da-86cdb3d75943-groupManagement] INFO  server.RaftServerConfigKeys (ConfUtils.java:logGet(46)) - raft.server.read.timeout = 10s (default)
2023-10-04 17:33:42,681 [0fe30932-4948-4248-92da-86cdb3d75943-groupManagement] INFO  server.RaftServerConfigKeys (ConfUtils.java:logGet(46)) - raft.server.retrycache.expirytime = 600000ms (custom)
2023-10-04 17:33:42,681 [0fe30932-4948-4248-92da-86cdb3d75943-groupManagement] INFO  server.RaftServerConfigKeys (ConfUtils.java:logGet(46)) - raft.server.retrycache.statistics.expirytime = 100μs (default)
2023-10-04 17:33:42,681 [0fe30932-4948-4248-92da-86cdb3d75943-groupManagement] INFO  server.RaftServerConfigKeys (ConfUtils.java:logGet(46)) - raft.server.read.option = DEFAULT (default)
2023-10-04 17:33:42,681 [0fe30932-4948-4248-92da-86cdb3d75943-groupManagement] INFO  server.RaftServerConfigKeys (ConfUtils.java:logGet(46)) - raft.server.rpc.request.timeout = 60s (custom)
2023-10-04 17:33:42,682 [0fe30932-4948-4248-92da-86cdb3d75943-groupManagement] INFO  server.RaftServerConfigKeys (ConfUtils.java:logGet(46)) - raft.server.log.appender.install.snapshot.enabled = false (custom)
2023-10-04 17:33:42,682 [0fe30932-4948-4248-92da-86cdb3d75943-groupManagement] INFO  server.RaftServerConfigKeys (ConfUtils.java:logGet(46)) - raft.server.threadpool.server.cached = true (default)
2023-10-04 17:33:42,682 [0fe30932-4948-4248-92da-86cdb3d75943-groupManagement] INFO  server.RaftServerConfigKeys (ConfUtils.java:logGet(46)) - raft.server.threadpool.server.size = 0 (default)
2023-10-04 17:33:42,682 [0fe30932-4948-4248-92da-86cdb3d75943-groupManagement] INFO  server.RaftServerConfigKeys (ConfUtils.java:logGet(46)) - raft.server.threadpool.client.cached = true (default)
2023-10-04 17:33:42,682 [0fe30932-4948-4248-92da-86cdb3d75943-groupManagement] INFO  server.RaftServerConfigKeys (ConfUtils.java:logGet(46)) - raft.server.threadpool.client.size = 0 (default)
2023-10-04 17:33:42,682 [0fe30932-4948-4248-92da-86cdb3d75943-groupManagement] INFO  storage.RaftStorageDirectory (RaftStorageDirectoryImpl.java:analyzeStorage(137)) - The storage directory /home/runner/work/ozone/ozone/hadoop-ozone/integration-test/target/test-dir/MiniOzoneClusterImpl-e9305288-83d2-469c-8969-78e040065d82/datanode-2/data/ratis/3e5e5789-9c07-4d50-adaf-040533358e15 does not exist. Creating ...
2023-10-04 17:33:42,683 [0fe30932-4948-4248-92da-86cdb3d75943-groupManagement] INFO  storage.RaftStorageDirectory (RaftStorageDirectoryImpl.java:tryLock(231)) - Lock on /home/runner/work/ozone/ozone/hadoop-ozone/integration-test/target/test-dir/MiniOzoneClusterImpl-e9305288-83d2-469c-8969-78e040065d82/datanode-2/data/ratis/3e5e5789-9c07-4d50-adaf-040533358e15/in_use.lock acquired by nodename 7524@fv-az453-706
2023-10-04 17:33:42,685 [0fe30932-4948-4248-92da-86cdb3d75943-groupManagement] INFO  storage.RaftStorage (RaftStorageImpl.java:format(96)) - Storage directory /home/runner/work/ozone/ozone/hadoop-ozone/integration-test/target/test-dir/MiniOzoneClusterImpl-e9305288-83d2-469c-8969-78e040065d82/datanode-2/data/ratis/3e5e5789-9c07-4d50-adaf-040533358e15 has been successfully formatted.
2023-10-04 17:33:42,686 [0fe30932-4948-4248-92da-86cdb3d75943-groupManagement] INFO  ratis.ContainerStateMachine (ContainerStateMachine.java:loadSnapshot(262)) - group-040533358E15: The snapshot info is null. Setting the last applied indexto:(t:0, i:~)
2023-10-04 17:33:42,686 [0fe30932-4948-4248-92da-86cdb3d75943-groupManagement] INFO  server.RaftServerConfigKeys (ConfUtils.java:logGet(46)) - raft.server.log.use.memory = false (default)
2023-10-04 17:33:42,686 [0fe30932-4948-4248-92da-86cdb3d75943-groupManagement] INFO  server.RaftServerConfigKeys (ConfUtils.java:logGet(46)) - raft.server.log.purge.gap = 1000000 (custom)
2023-10-04 17:33:42,686 [0fe30932-4948-4248-92da-86cdb3d75943-groupManagement] INFO  server.RaftServerConfigKeys (ConfUtils.java:logGet(46)) - raft.server.log.appender.buffer.byte-limit = 33554432 (custom)
2023-10-04 17:33:42,686 [0fe30932-4948-4248-92da-86cdb3d75943-groupManagement] INFO  server.RaftServerConfigKeys (ConfUtils.java:logGet(46)) - raft.server.log.statemachine.data.read.timeout = 1000ms (default)
2023-10-04 17:33:42,686 [0fe30932-4948-4248-92da-86cdb3d75943-groupManagement] INFO  server.RaftServerConfigKeys (ConfUtils.java:logGet(46)) - raft.server.log.purge.preservation.log.num = 0 (default)
2023-10-04 17:33:42,686 [0fe30932-4948-4248-92da-86cdb3d75943-groupManagement] INFO  server.RaftServerConfigKeys (ConfUtils.java:logGet(46)) - raft.server.log.segment.size.max = 1048576 (custom)
2023-10-04 17:33:42,686 [0fe30932-4948-4248-92da-86cdb3d75943-groupManagement] INFO  server.RaftServerConfigKeys (ConfUtils.java:logGet(46)) - raft.server.log.segment.cache.num.max = 2 (custom)
2023-10-04 17:33:42,686 [0fe30932-4948-4248-92da-86cdb3d75943-groupManagement] INFO  server.RaftServerConfigKeys (ConfUtils.java:logGet(46)) - raft.server.log.segment.cache.size.max = 200MB (=209715200) (default)
2023-10-04 17:33:42,687 [0fe30932-4948-4248-92da-86cdb3d75943-groupManagement] INFO  server.RaftServerConfigKeys (ConfUtils.java:logGet(46)) - raft.server.log.appender.buffer.byte-limit = 33554432 (custom)
2023-10-04 17:33:42,687 [0fe30932-4948-4248-92da-86cdb3d75943-groupManagement] INFO  segmented.SegmentedRaftLogWorker (SegmentedRaftLogWorker.java:<init>(188)) - new 0fe30932-4948-4248-92da-86cdb3d75943@group-040533358E15-SegmentedRaftLogWorker for RaftStorageImpl:Storage Directory /home/runner/work/ozone/ozone/hadoop-ozone/integration-test/target/test-dir/MiniOzoneClusterImpl-e9305288-83d2-469c-8969-78e040065d82/datanode-2/data/ratis/3e5e5789-9c07-4d50-adaf-040533358e15
2023-10-04 17:33:42,687 [0fe30932-4948-4248-92da-86cdb3d75943-groupManagement] INFO  server.RaftServerConfigKeys (ConfUtils.java:logGet(46)) - raft.server.log.queue.byte-limit = 4294967296 (custom)
2023-10-04 17:33:42,687 [0fe30932-4948-4248-92da-86cdb3d75943-groupManagement] INFO  server.RaftServerConfigKeys (ConfUtils.java:logGet(46)) - raft.server.log.queue.element-limit = 1024 (custom)
2023-10-04 17:33:42,687 [0fe30932-4948-4248-92da-86cdb3d75943-groupManagement] INFO  server.RaftServerConfigKeys (ConfUtils.java:logGet(46)) - raft.server.log.segment.size.max = 1048576 (custom)
2023-10-04 17:33:42,687 [0fe30932-4948-4248-92da-86cdb3d75943-groupManagement] INFO  server.RaftServerConfigKeys (ConfUtils.java:logGet(46)) - raft.server.log.preallocated.size = 16384 (custom)
2023-10-04 17:33:42,687 [0fe30932-4948-4248-92da-86cdb3d75943-groupManagement] INFO  server.RaftServerConfigKeys (ConfUtils.java:logGet(46)) - raft.server.log.force.sync.num = 128 (default)
2023-10-04 17:33:42,687 [0fe30932-4948-4248-92da-86cdb3d75943-groupManagement] INFO  server.RaftServerConfigKeys (ConfUtils.java:logGet(46)) - raft.server.log.statemachine.data.sync = true (default)
2023-10-04 17:33:42,687 [0fe30932-4948-4248-92da-86cdb3d75943-groupManagement] INFO  server.RaftServerConfigKeys (ConfUtils.java:logGet(46)) - raft.server.log.statemachine.data.sync.timeout = 10s (default)
2023-10-04 17:33:42,687 [0fe30932-4948-4248-92da-86cdb3d75943-groupManagement] INFO  server.RaftServerConfigKeys (ConfUtils.java:logGet(46)) - raft.server.log.statemachine.data.sync.timeout.retry = -1 (default)
2023-10-04 17:33:42,687 [0fe30932-4948-4248-92da-86cdb3d75943-groupManagement] INFO  server.RaftServerConfigKeys (ConfUtils.java:logGet(46)) - raft.server.log.write.buffer.size = 1048576 (custom)
2023-10-04 17:33:42,688 [0fe30932-4948-4248-92da-86cdb3d75943-groupManagement] INFO  server.RaftServerConfigKeys (ConfUtils.java:logGet(46)) - raft.server.log.appender.buffer.byte-limit = 33554432 (custom)
2023-10-04 17:33:42,741 [0fe30932-4948-4248-92da-86cdb3d75943-groupManagement] INFO  server.RaftServerConfigKeys (ConfUtils.java:logGet(46)) - raft.server.log.unsafe-flush.enabled = false (default)
2023-10-04 17:33:42,741 [0fe30932-4948-4248-92da-86cdb3d75943-groupManagement] INFO  server.RaftServerConfigKeys (ConfUtils.java:logGet(46)) - raft.server.log.async-flush.enabled = false (default)
2023-10-04 17:33:42,741 [0fe30932-4948-4248-92da-86cdb3d75943-groupManagement] INFO  server.RaftServerConfigKeys (ConfUtils.java:logGet(46)) - raft.server.log.statemachine.data.caching.enabled = true (custom)
2023-10-04 17:33:42,741 [0fe30932-4948-4248-92da-86cdb3d75943-groupManagement] INFO  segmented.SegmentedRaftLogWorker (SegmentedRaftLogWorker.java:lambda$new$0(135)) - 0fe30932-4948-4248-92da-86cdb3d75943@group-040533358E15-SegmentedRaftLogWorker: flushIndex: setUnconditionally 0 -> -1
2023-10-04 17:33:42,741 [0fe30932-4948-4248-92da-86cdb3d75943-groupManagement] INFO  segmented.SegmentedRaftLogWorker (SegmentedRaftLogWorker.java:lambda$new$0(135)) - 0fe30932-4948-4248-92da-86cdb3d75943@group-040533358E15-SegmentedRaftLogWorker: safeCacheEvictIndex: setUnconditionally 0 -> -1
2023-10-04 17:33:42,742 [0fe30932-4948-4248-92da-86cdb3d75943-groupManagement] INFO  server.RaftServer$Division (RaftServerImpl.java:start(342)) - 0fe30932-4948-4248-92da-86cdb3d75943@group-040533358E15: start as a follower, conf=-1: peers:[67c5b0d7-9e75-4e40-acfe-981c0927b9fc|rpc:10.1.0.20:15182|admin:10.1.0.20:15181|client:10.1.0.20:15180|dataStream:10.1.0.20:15183|priority:0|startupRole:FOLLOWER, dce549a2-5f1d-4e87-86ad-66203672eab3|rpc:10.1.0.20:15173|admin:10.1.0.20:15172|client:10.1.0.20:15171|dataStream:10.1.0.20:15174|priority:0|startupRole:FOLLOWER, 0fe30932-4948-4248-92da-86cdb3d75943|rpc:10.1.0.20:15191|admin:10.1.0.20:15190|client:10.1.0.20:15189|dataStream:10.1.0.20:15192|priority:1|startupRole:FOLLOWER]|listeners:[], old=null
2023-10-04 17:33:42,742 [0fe30932-4948-4248-92da-86cdb3d75943-groupManagement] INFO  server.RaftServer$Division (RaftServerImpl.java:setRole(329)) - 0fe30932-4948-4248-92da-86cdb3d75943@group-040533358E15: changes role from      null to FOLLOWER at term 0 for startAsFollower
2023-10-04 17:33:42,742 [0fe30932-4948-4248-92da-86cdb3d75943-groupManagement] INFO  impl.RoleInfo (RoleInfo.java:updateAndGet(139)) - 0fe30932-4948-4248-92da-86cdb3d75943: start 0fe30932-4948-4248-92da-86cdb3d75943@group-040533358E15-FollowerState
2023-10-04 17:33:42,742 [0fe30932-4948-4248-92da-86cdb3d75943-groupManagement] INFO  util.JmxRegister (JmxRegister.java:tryRegister(44)) - Successfully registered JMX Bean with object name Ratis:service=RaftServer,group=group-040533358E15,id=0fe30932-4948-4248-92da-86cdb3d75943
2023-10-04 17:33:42,742 [0fe30932-4948-4248-92da-86cdb3d75943-groupManagement] INFO  server.RaftServerConfigKeys (ConfUtils.java:logGet(46)) - raft.server.snapshot.auto.trigger.enabled = true (custom)
2023-10-04 17:33:42,742 [0fe30932-4948-4248-92da-86cdb3d75943-groupManagement] INFO  server.RaftServerConfigKeys (ConfUtils.java:logGet(46)) - raft.server.snapshot.auto.trigger.threshold = 10000 (custom)
2023-10-04 17:33:42,742 [0fe30932-4948-4248-92da-86cdb3d75943-groupManagement] INFO  server.RaftServerConfigKeys (ConfUtils.java:logGet(46)) - raft.server.snapshot.retention.file.num = 5 (custom)
2023-10-04 17:33:42,742 [0fe30932-4948-4248-92da-86cdb3d75943-groupManagement] INFO  server.RaftServerConfigKeys (ConfUtils.java:logGet(46)) - raft.server.log.purge.upto.snapshot.index = false (default)
2023-10-04 17:33:42,743 [0fe30932-4948-4248-92da-86cdb3d75943@group-040533358E15-FollowerState] INFO  server.RaftServerConfigKeys (ConfUtils.java:logFallback(53)) - raft.server.rpc.first-election.timeout.min = 5s (fallback to raft.server.rpc.timeout.min)
2023-10-04 17:33:42,743 [0fe30932-4948-4248-92da-86cdb3d75943@group-040533358E15-FollowerState] INFO  server.RaftServerConfigKeys (ConfUtils.java:logFallback(53)) - raft.server.rpc.first-election.timeout.max = 5200ms (fallback to raft.server.rpc.timeout.max)
2023-10-04 17:33:42,754 [main] INFO  ozone.MiniOzoneClusterImpl (MiniOzoneClusterImpl.java:lambda$waitForClusterToBeReady$0(229)) - Nodes are ready. Got 5 of 5 DN Heartbeats.
2023-10-04 17:33:42,754 [main] INFO  ozone.MiniOzoneClusterImpl (MiniOzoneClusterImpl.java:lambda$waitForClusterToBeReady$0(232)) - Waiting for cluster to exit safe mode
2023-10-04 17:33:42,754 [main] INFO  ozone.MiniOzoneClusterImpl (MiniOzoneClusterImpl.java:lambda$waitForClusterToBeReady$0(234)) - SCM became leader
2023-10-04 17:33:42,766 [PipelineCommandHandlerThread-0] INFO  commandhandler.CreatePipelineCommandHandler (CreatePipelineCommandHandler.java:lambda$handle$2(124)) - Created Pipeline RATIS THREE PipelineID=3e5e5789-9c07-4d50-adaf-040533358e15.
2023-10-04 17:33:42,801 [PipelineCommandHandlerThread-0] INFO  server.RaftServer (RaftServerProxy.java:addNew(98)) - 67c5b0d7-9e75-4e40-acfe-981c0927b9fc: addNew group-E45B4D9E2F33:[67c5b0d7-9e75-4e40-acfe-981c0927b9fc|rpc:10.1.0.20:15182|admin:10.1.0.20:15181|client:10.1.0.20:15180|dataStream:10.1.0.20:15183|priority:1|startupRole:FOLLOWER] returns group-E45B4D9E2F33:java.util.concurrent.CompletableFuture@7bde2425[Not completed]
2023-10-04 17:33:42,802 [67c5b0d7-9e75-4e40-acfe-981c0927b9fc-groupManagement] INFO  server.RaftServer$Division (RaftServerImpl.java:<init>(198)) - 67c5b0d7-9e75-4e40-acfe-981c0927b9fc: new RaftServerImpl for group-E45B4D9E2F33:[67c5b0d7-9e75-4e40-acfe-981c0927b9fc|rpc:10.1.0.20:15182|admin:10.1.0.20:15181|client:10.1.0.20:15180|dataStream:10.1.0.20:15183|priority:1|startupRole:FOLLOWER] with ContainerStateMachine:uninitialized
2023-10-04 17:33:42,802 [67c5b0d7-9e75-4e40-acfe-981c0927b9fc-groupManagement] INFO  server.RaftServerConfigKeys (ConfUtils.java:logGet(46)) - raft.server.rpc.timeout.min = 5s (custom)
2023-10-04 17:33:42,802 [67c5b0d7-9e75-4e40-acfe-981c0927b9fc-groupManagement] INFO  server.RaftServerConfigKeys (ConfUtils.java:logGet(46)) - raft.server.rpc.timeout.max = 5200ms (custom)
2023-10-04 17:33:42,802 [67c5b0d7-9e75-4e40-acfe-981c0927b9fc-groupManagement] INFO  server.RaftServerConfigKeys (ConfUtils.java:logGet(46)) - raft.server.rpc.sleep.time = 25ms (default)
2023-10-04 17:33:42,802 [67c5b0d7-9e75-4e40-acfe-981c0927b9fc-groupManagement] INFO  server.RaftServerConfigKeys (ConfUtils.java:logGet(46)) - raft.server.rpc.slowness.timeout = 300s (custom)
2023-10-04 17:33:42,802 [67c5b0d7-9e75-4e40-acfe-981c0927b9fc-groupManagement] INFO  server.RaftServerConfigKeys (ConfUtils.java:logGet(46)) - raft.server.leaderelection.leader.step-down.wait-time = 10s (default)
2023-10-04 17:33:42,802 [67c5b0d7-9e75-4e40-acfe-981c0927b9fc-groupManagement] INFO  server.RaftServerConfigKeys (ConfUtils.java:logGet(46)) - raft.server.sleep.deviation.threshold = 300ms (default)
2023-10-04 17:33:42,802 [67c5b0d7-9e75-4e40-acfe-981c0927b9fc-groupManagement] INFO  server.RaftServer$Division (ServerState.java:<init>(120)) - 67c5b0d7-9e75-4e40-acfe-981c0927b9fc@group-E45B4D9E2F33: ConfigurationManager, init=-1: peers:[67c5b0d7-9e75-4e40-acfe-981c0927b9fc|rpc:10.1.0.20:15182|admin:10.1.0.20:15181|client:10.1.0.20:15180|dataStream:10.1.0.20:15183|priority:1|startupRole:FOLLOWER]|listeners:[], old=null, confs=<EMPTY_MAP>
2023-10-04 17:33:42,802 [67c5b0d7-9e75-4e40-acfe-981c0927b9fc-groupManagement] INFO  server.RaftServerConfigKeys (ConfUtils.java:logGet(46)) - raft.server.storage.dir = [/home/runner/work/ozone/ozone/hadoop-ozone/integration-test/target/test-dir/MiniOzoneClusterImpl-e9305288-83d2-469c-8969-78e040065d82/datanode-1/data/ratis] (custom)
2023-10-04 17:33:42,802 [67c5b0d7-9e75-4e40-acfe-981c0927b9fc-groupManagement] INFO  server.RaftServerConfigKeys (ConfUtils.java:logGet(46)) - raft.server.log.corruption.policy = EXCEPTION (default)
2023-10-04 17:33:42,802 [67c5b0d7-9e75-4e40-acfe-981c0927b9fc-groupManagement] INFO  server.RaftServerConfigKeys (ConfUtils.java:logGet(46)) - raft.server.storage.free-space.min = 0MB (=0) (default)
2023-10-04 17:33:42,803 [67c5b0d7-9e75-4e40-acfe-981c0927b9fc-groupManagement] INFO  server.RaftServerConfigKeys (ConfUtils.java:logGet(46)) - raft.server.notification.no-leader.timeout = 300s (custom)
2023-10-04 17:33:42,803 [67c5b0d7-9e75-4e40-acfe-981c0927b9fc-groupManagement] INFO  server.RaftServerConfigKeys (ConfUtils.java:logGet(46)) - raft.server.read.timeout = 10s (default)
2023-10-04 17:33:42,803 [67c5b0d7-9e75-4e40-acfe-981c0927b9fc-groupManagement] INFO  server.RaftServerConfigKeys (ConfUtils.java:logGet(46)) - raft.server.retrycache.expirytime = 600000ms (custom)
2023-10-04 17:33:42,803 [67c5b0d7-9e75-4e40-acfe-981c0927b9fc-groupManagement] INFO  server.RaftServerConfigKeys (ConfUtils.java:logGet(46)) - raft.server.retrycache.statistics.expirytime = 100μs (default)
2023-10-04 17:33:42,803 [67c5b0d7-9e75-4e40-acfe-981c0927b9fc-groupManagement] INFO  server.RaftServerConfigKeys (ConfUtils.java:logGet(46)) - raft.server.read.option = DEFAULT (default)
2023-10-04 17:33:42,803 [67c5b0d7-9e75-4e40-acfe-981c0927b9fc-groupManagement] INFO  server.RaftServerConfigKeys (ConfUtils.java:logGet(46)) - raft.server.rpc.request.timeout = 60s (custom)
2023-10-04 17:33:42,803 [67c5b0d7-9e75-4e40-acfe-981c0927b9fc-groupManagement] INFO  server.RaftServerConfigKeys (ConfUtils.java:logGet(46)) - raft.server.log.appender.install.snapshot.enabled = false (custom)
2023-10-04 17:33:42,803 [67c5b0d7-9e75-4e40-acfe-981c0927b9fc-groupManagement] INFO  server.RaftServerConfigKeys (ConfUtils.java:logGet(46)) - raft.server.threadpool.server.cached = true (default)
2023-10-04 17:33:42,803 [67c5b0d7-9e75-4e40-acfe-981c0927b9fc-groupManagement] INFO  server.RaftServerConfigKeys (ConfUtils.java:logGet(46)) - raft.server.threadpool.server.size = 0 (default)
2023-10-04 17:33:42,803 [67c5b0d7-9e75-4e40-acfe-981c0927b9fc-groupManagement] INFO  server.RaftServerConfigKeys (ConfUtils.java:logGet(46)) - raft.server.threadpool.client.cached = true (default)
2023-10-04 17:33:42,803 [67c5b0d7-9e75-4e40-acfe-981c0927b9fc-groupManagement] INFO  server.RaftServerConfigKeys (ConfUtils.java:logGet(46)) - raft.server.threadpool.client.size = 0 (default)
2023-10-04 17:33:42,804 [67c5b0d7-9e75-4e40-acfe-981c0927b9fc-groupManagement] INFO  storage.RaftStorageDirectory (RaftStorageDirectoryImpl.java:analyzeStorage(137)) - The storage directory /home/runner/work/ozone/ozone/hadoop-ozone/integration-test/target/test-dir/MiniOzoneClusterImpl-e9305288-83d2-469c-8969-78e040065d82/datanode-1/data/ratis/c16eed5a-ce2c-4911-9999-e45b4d9e2f33 does not exist. Creating ...
2023-10-04 17:33:42,806 [67c5b0d7-9e75-4e40-acfe-981c0927b9fc-groupManagement] INFO  storage.RaftStorageDirectory (RaftStorageDirectoryImpl.java:tryLock(231)) - Lock on /home/runner/work/ozone/ozone/hadoop-ozone/integration-test/target/test-dir/MiniOzoneClusterImpl-e9305288-83d2-469c-8969-78e040065d82/datanode-1/data/ratis/c16eed5a-ce2c-4911-9999-e45b4d9e2f33/in_use.lock acquired by nodename 7524@fv-az453-706
2023-10-04 17:33:42,809 [67c5b0d7-9e75-4e40-acfe-981c0927b9fc-groupManagement] INFO  storage.RaftStorage (RaftStorageImpl.java:format(96)) - Storage directory /home/runner/work/ozone/ozone/hadoop-ozone/integration-test/target/test-dir/MiniOzoneClusterImpl-e9305288-83d2-469c-8969-78e040065d82/datanode-1/data/ratis/c16eed5a-ce2c-4911-9999-e45b4d9e2f33 has been successfully formatted.
2023-10-04 17:33:42,810 [67c5b0d7-9e75-4e40-acfe-981c0927b9fc-groupManagement] INFO  ratis.ContainerStateMachine (ContainerStateMachine.java:loadSnapshot(262)) - group-E45B4D9E2F33: The snapshot info is null. Setting the last applied indexto:(t:0, i:~)
2023-10-04 17:33:42,813 [67c5b0d7-9e75-4e40-acfe-981c0927b9fc-groupManagement] INFO  server.RaftServerConfigKeys (ConfUtils.java:logGet(46)) - raft.server.log.use.memory = false (default)
2023-10-04 17:33:42,813 [67c5b0d7-9e75-4e40-acfe-981c0927b9fc-groupManagement] INFO  server.RaftServerConfigKeys (ConfUtils.java:logGet(46)) - raft.server.log.purge.gap = 1000000 (custom)
2023-10-04 17:33:42,813 [67c5b0d7-9e75-4e40-acfe-981c0927b9fc-groupManagement] INFO  server.RaftServerConfigKeys (ConfUtils.java:logGet(46)) - raft.server.log.appender.buffer.byte-limit = 33554432 (custom)
2023-10-04 17:33:42,814 [67c5b0d7-9e75-4e40-acfe-981c0927b9fc-groupManagement] INFO  server.RaftServerConfigKeys (ConfUtils.java:logGet(46)) - raft.server.log.statemachine.data.read.timeout = 1000ms (default)
2023-10-04 17:33:42,814 [67c5b0d7-9e75-4e40-acfe-981c0927b9fc-groupManagement] INFO  server.RaftServerConfigKeys (ConfUtils.java:logGet(46)) - raft.server.log.purge.preservation.log.num = 0 (default)
2023-10-04 17:33:42,814 [EventQueue-PipelineReportForPipelineReportHandler] INFO  pipeline.PipelineReportHandler (PipelineReportHandler.java:processPipelineReport(136)) - Opened pipeline PipelineID=c16eed5a-ce2c-4911-9999-e45b4d9e2f33
2023-10-04 17:33:42,814 [EventQueue-OpenPipelineForHealthyPipelineSafeModeRule] INFO  safemode.SCMSafeModeManager (HealthyPipelineSafeModeRule.java:process(137)) - SCM in safe mode. Healthy pipelines reported count is 0, required healthy pipeline reported count is 1
2023-10-04 17:33:42,815 [67c5b0d7-9e75-4e40-acfe-981c0927b9fc-groupManagement] INFO  server.RaftServerConfigKeys (ConfUtils.java:logGet(46)) - raft.server.log.segment.size.max = 1048576 (custom)
2023-10-04 17:33:42,816 [67c5b0d7-9e75-4e40-acfe-981c0927b9fc-groupManagement] INFO  server.RaftServerConfigKeys (ConfUtils.java:logGet(46)) - raft.server.log.segment.cache.num.max = 2 (custom)
2023-10-04 17:33:42,816 [67c5b0d7-9e75-4e40-acfe-981c0927b9fc-groupManagement] INFO  server.RaftServerConfigKeys (ConfUtils.java:logGet(46)) - raft.server.log.segment.cache.size.max = 200MB (=209715200) (default)
2023-10-04 17:33:42,816 [67c5b0d7-9e75-4e40-acfe-981c0927b9fc-groupManagement] INFO  server.RaftServerConfigKeys (ConfUtils.java:logGet(46)) - raft.server.log.appender.buffer.byte-limit = 33554432 (custom)
2023-10-04 17:33:42,816 [67c5b0d7-9e75-4e40-acfe-981c0927b9fc-groupManagement] INFO  segmented.SegmentedRaftLogWorker (SegmentedRaftLogWorker.java:<init>(188)) - new 67c5b0d7-9e75-4e40-acfe-981c0927b9fc@group-E45B4D9E2F33-SegmentedRaftLogWorker for RaftStorageImpl:Storage Directory /home/runner/work/ozone/ozone/hadoop-ozone/integration-test/target/test-dir/MiniOzoneClusterImpl-e9305288-83d2-469c-8969-78e040065d82/datanode-1/data/ratis/c16eed5a-ce2c-4911-9999-e45b4d9e2f33
2023-10-04 17:33:42,816 [67c5b0d7-9e75-4e40-acfe-981c0927b9fc-groupManagement] INFO  server.RaftServerConfigKeys (ConfUtils.java:logGet(46)) - raft.server.log.queue.byte-limit = 4294967296 (custom)
2023-10-04 17:33:42,816 [67c5b0d7-9e75-4e40-acfe-981c0927b9fc-groupManagement] INFO  server.RaftServerConfigKeys (ConfUtils.java:logGet(46)) - raft.server.log.queue.element-limit = 1024 (custom)
2023-10-04 17:33:42,816 [67c5b0d7-9e75-4e40-acfe-981c0927b9fc-groupManagement] INFO  server.RaftServerConfigKeys (ConfUtils.java:logGet(46)) - raft.server.log.segment.size.max = 1048576 (custom)
2023-10-04 17:33:42,816 [67c5b0d7-9e75-4e40-acfe-981c0927b9fc-groupManagement] INFO  server.RaftServerConfigKeys (ConfUtils.java:logGet(46)) - raft.server.log.preallocated.size = 16384 (custom)
2023-10-04 17:33:42,816 [67c5b0d7-9e75-4e40-acfe-981c0927b9fc-groupManagement] INFO  server.RaftServerConfigKeys (ConfUtils.java:logGet(46)) - raft.server.log.force.sync.num = 128 (default)
2023-10-04 17:33:42,816 [67c5b0d7-9e75-4e40-acfe-981c0927b9fc-groupManagement] INFO  server.RaftServerConfigKeys (ConfUtils.java:logGet(46)) - raft.server.log.statemachine.data.sync = true (default)
2023-10-04 17:33:42,816 [67c5b0d7-9e75-4e40-acfe-981c0927b9fc-groupManagement] INFO  server.RaftServerConfigKeys (ConfUtils.java:logGet(46)) - raft.server.log.statemachine.data.sync.timeout = 10s (default)
2023-10-04 17:33:42,816 [67c5b0d7-9e75-4e40-acfe-981c0927b9fc-groupManagement] INFO  server.RaftServerConfigKeys (ConfUtils.java:logGet(46)) - raft.server.log.statemachine.data.sync.timeout.retry = -1 (default)
2023-10-04 17:33:42,817 [67c5b0d7-9e75-4e40-acfe-981c0927b9fc-groupManagement] INFO  server.RaftServerConfigKeys (ConfUtils.java:logGet(46)) - raft.server.log.write.buffer.size = 1048576 (custom)
2023-10-04 17:33:42,817 [67c5b0d7-9e75-4e40-acfe-981c0927b9fc-groupManagement] INFO  server.RaftServerConfigKeys (ConfUtils.java:logGet(46)) - raft.server.log.appender.buffer.byte-limit = 33554432 (custom)
2023-10-04 17:33:42,823 [67c5b0d7-9e75-4e40-acfe-981c0927b9fc-groupManagement] INFO  server.RaftServerConfigKeys (ConfUtils.java:logGet(46)) - raft.server.log.unsafe-flush.enabled = false (default)
2023-10-04 17:33:42,823 [67c5b0d7-9e75-4e40-acfe-981c0927b9fc-groupManagement] INFO  server.RaftServerConfigKeys (ConfUtils.java:logGet(46)) - raft.server.log.async-flush.enabled = false (default)
2023-10-04 17:33:42,823 [67c5b0d7-9e75-4e40-acfe-981c0927b9fc-groupManagement] INFO  server.RaftServerConfigKeys (ConfUtils.java:logGet(46)) - raft.server.log.statemachine.data.caching.enabled = true (custom)
2023-10-04 17:33:42,823 [67c5b0d7-9e75-4e40-acfe-981c0927b9fc-groupManagement] INFO  segmented.SegmentedRaftLogWorker (SegmentedRaftLogWorker.java:lambda$new$0(135)) - 67c5b0d7-9e75-4e40-acfe-981c0927b9fc@group-E45B4D9E2F33-SegmentedRaftLogWorker: flushIndex: setUnconditionally 0 -> -1
2023-10-04 17:33:42,823 [67c5b0d7-9e75-4e40-acfe-981c0927b9fc-groupManagement] INFO  segmented.SegmentedRaftLogWorker (SegmentedRaftLogWorker.java:lambda$new$0(135)) - 67c5b0d7-9e75-4e40-acfe-981c0927b9fc@group-E45B4D9E2F33-SegmentedRaftLogWorker: safeCacheEvictIndex: setUnconditionally 0 -> -1
2023-10-04 17:33:42,823 [67c5b0d7-9e75-4e40-acfe-981c0927b9fc-groupManagement] INFO  server.RaftServer$Division (RaftServerImpl.java:start(342)) - 67c5b0d7-9e75-4e40-acfe-981c0927b9fc@group-E45B4D9E2F33: start as a follower, conf=-1: peers:[67c5b0d7-9e75-4e40-acfe-981c0927b9fc|rpc:10.1.0.20:15182|admin:10.1.0.20:15181|client:10.1.0.20:15180|dataStream:10.1.0.20:15183|priority:1|startupRole:FOLLOWER]|listeners:[], old=null
2023-10-04 17:33:42,824 [67c5b0d7-9e75-4e40-acfe-981c0927b9fc-groupManagement] INFO  server.RaftServer$Division (RaftServerImpl.java:setRole(329)) - 67c5b0d7-9e75-4e40-acfe-981c0927b9fc@group-E45B4D9E2F33: changes role from      null to FOLLOWER at term 0 for startAsFollower
2023-10-04 17:33:42,824 [67c5b0d7-9e75-4e40-acfe-981c0927b9fc-groupManagement] INFO  impl.RoleInfo (RoleInfo.java:updateAndGet(139)) - 67c5b0d7-9e75-4e40-acfe-981c0927b9fc: start 67c5b0d7-9e75-4e40-acfe-981c0927b9fc@group-E45B4D9E2F33-FollowerState
2023-10-04 17:33:42,828 [67c5b0d7-9e75-4e40-acfe-981c0927b9fc-groupManagement] INFO  util.JmxRegister (JmxRegister.java:tryRegister(44)) - Successfully registered JMX Bean with object name Ratis:service=RaftServer,group=group-E45B4D9E2F33,id=67c5b0d7-9e75-4e40-acfe-981c0927b9fc
2023-10-04 17:33:42,828 [67c5b0d7-9e75-4e40-acfe-981c0927b9fc-groupManagement] INFO  server.RaftServerConfigKeys (ConfUtils.java:logGet(46)) - raft.server.snapshot.auto.trigger.enabled = true (custom)
2023-10-04 17:33:42,828 [67c5b0d7-9e75-4e40-acfe-981c0927b9fc-groupManagement] INFO  server.RaftServerConfigKeys (ConfUtils.java:logGet(46)) - raft.server.snapshot.auto.trigger.threshold = 10000 (custom)
2023-10-04 17:33:42,829 [67c5b0d7-9e75-4e40-acfe-981c0927b9fc-groupManagement] INFO  server.RaftServerConfigKeys (ConfUtils.java:logGet(46)) - raft.server.snapshot.retention.file.num = 5 (custom)
2023-10-04 17:33:42,829 [67c5b0d7-9e75-4e40-acfe-981c0927b9fc-groupManagement] INFO  server.RaftServerConfigKeys (ConfUtils.java:logGet(46)) - raft.server.log.purge.upto.snapshot.index = false (default)
2023-10-04 17:33:42,829 [67c5b0d7-9e75-4e40-acfe-981c0927b9fc@group-E45B4D9E2F33-FollowerState] INFO  server.RaftServerConfigKeys (ConfUtils.java:logFallback(53)) - raft.server.rpc.first-election.timeout.min = 5s (fallback to raft.server.rpc.timeout.min)
2023-10-04 17:33:42,829 [PipelineCommandHandlerThread-0] INFO  ratis.XceiverServerRatis (XceiverServerRatis.java:addGroup(804)) - Created group PipelineID=c16eed5a-ce2c-4911-9999-e45b4d9e2f33
2023-10-04 17:33:42,829 [67c5b0d7-9e75-4e40-acfe-981c0927b9fc@group-E45B4D9E2F33-FollowerState] INFO  server.RaftServerConfigKeys (ConfUtils.java:logFallback(53)) - raft.server.rpc.first-election.timeout.max = 5200ms (fallback to raft.server.rpc.timeout.max)
2023-10-04 17:33:42,829 [PipelineCommandHandlerThread-0] INFO  commandhandler.CreatePipelineCommandHandler (CreatePipelineCommandHandler.java:lambda$handle$2(124)) - Created Pipeline RATIS ONE PipelineID=c16eed5a-ce2c-4911-9999-e45b4d9e2f33.
2023-10-04 17:33:43,129 [PipelineCommandHandlerThread-0] INFO  server.RaftServer (RaftServerProxy.java:addNew(98)) - 0fe30932-4948-4248-92da-86cdb3d75943: addNew group-79B219F6E317:[0fe30932-4948-4248-92da-86cdb3d75943|rpc:10.1.0.20:15191|admin:10.1.0.20:15190|client:10.1.0.20:15189|dataStream:10.1.0.20:15192|priority:1|startupRole:FOLLOWER] returns group-79B219F6E317:java.util.concurrent.CompletableFuture@9ba7062[Not completed]
2023-10-04 17:33:43,129 [0fe30932-4948-4248-92da-86cdb3d75943-groupManagement] INFO  server.RaftServer$Division (RaftServerImpl.java:<init>(198)) - 0fe30932-4948-4248-92da-86cdb3d75943: new RaftServerImpl for group-79B219F6E317:[0fe30932-4948-4248-92da-86cdb3d75943|rpc:10.1.0.20:15191|admin:10.1.0.20:15190|client:10.1.0.20:15189|dataStream:10.1.0.20:15192|priority:1|startupRole:FOLLOWER] with ContainerStateMachine:uninitialized
2023-10-04 17:33:43,130 [0fe30932-4948-4248-92da-86cdb3d75943-groupManagement] INFO  server.RaftServerConfigKeys (ConfUtils.java:logGet(46)) - raft.server.rpc.timeout.min = 5s (custom)
2023-10-04 17:33:43,130 [0fe30932-4948-4248-92da-86cdb3d75943-groupManagement] INFO  server.RaftServerConfigKeys (ConfUtils.java:logGet(46)) - raft.server.rpc.timeout.max = 5200ms (custom)
2023-10-04 17:33:43,130 [0fe30932-4948-4248-92da-86cdb3d75943-groupManagement] INFO  server.RaftServerConfigKeys (ConfUtils.java:logGet(46)) - raft.server.rpc.sleep.time = 25ms (default)
2023-10-04 17:33:43,130 [0fe30932-4948-4248-92da-86cdb3d75943-groupManagement] INFO  server.RaftServerConfigKeys (ConfUtils.java:logGet(46)) - raft.server.rpc.slowness.timeout = 300s (custom)
2023-10-04 17:33:43,130 [0fe30932-4948-4248-92da-86cdb3d75943-groupManagement] INFO  server.RaftServerConfigKeys (ConfUtils.java:logGet(46)) - raft.server.leaderelection.leader.step-down.wait-time = 10s (default)
2023-10-04 17:33:43,130 [0fe30932-4948-4248-92da-86cdb3d75943-groupManagement] INFO  server.RaftServerConfigKeys (ConfUtils.java:logGet(46)) - raft.server.sleep.deviation.threshold = 300ms (default)
2023-10-04 17:33:43,130 [0fe30932-4948-4248-92da-86cdb3d75943-groupManagement] INFO  server.RaftServer$Division (ServerState.java:<init>(120)) - 0fe30932-4948-4248-92da-86cdb3d75943@group-79B219F6E317: ConfigurationManager, init=-1: peers:[0fe30932-4948-4248-92da-86cdb3d75943|rpc:10.1.0.20:15191|admin:10.1.0.20:15190|client:10.1.0.20:15189|dataStream:10.1.0.20:15192|priority:1|startupRole:FOLLOWER]|listeners:[], old=null, confs=<EMPTY_MAP>
2023-10-04 17:33:43,130 [0fe30932-4948-4248-92da-86cdb3d75943-groupManagement] INFO  server.RaftServerConfigKeys (ConfUtils.java:logGet(46)) - raft.server.storage.dir = [/home/runner/work/ozone/ozone/hadoop-ozone/integration-test/target/test-dir/MiniOzoneClusterImpl-e9305288-83d2-469c-8969-78e040065d82/datanode-2/data/ratis] (custom)
2023-10-04 17:33:43,130 [0fe30932-4948-4248-92da-86cdb3d75943-groupManagement] INFO  server.RaftServerConfigKeys (ConfUtils.java:logGet(46)) - raft.server.log.corruption.policy = EXCEPTION (default)
2023-10-04 17:33:43,131 [0fe30932-4948-4248-92da-86cdb3d75943-groupManagement] INFO  server.RaftServerConfigKeys (ConfUtils.java:logGet(46)) - raft.server.storage.free-space.min = 0MB (=0) (default)
2023-10-04 17:33:43,131 [0fe30932-4948-4248-92da-86cdb3d75943-groupManagement] INFO  server.RaftServerConfigKeys (ConfUtils.java:logGet(46)) - raft.server.notification.no-leader.timeout = 300s (custom)
2023-10-04 17:33:43,131 [0fe30932-4948-4248-92da-86cdb3d75943-groupManagement] INFO  server.RaftServerConfigKeys (ConfUtils.java:logGet(46)) - raft.server.read.timeout = 10s (default)
2023-10-04 17:33:43,131 [0fe30932-4948-4248-92da-86cdb3d75943-groupManagement] INFO  server.RaftServerConfigKeys (ConfUtils.java:logGet(46)) - raft.server.retrycache.expirytime = 600000ms (custom)
2023-10-04 17:33:43,131 [0fe30932-4948-4248-92da-86cdb3d75943-groupManagement] INFO  server.RaftServerConfigKeys (ConfUtils.java:logGet(46)) - raft.server.retrycache.statistics.expirytime = 100μs (default)
2023-10-04 17:33:43,131 [0fe30932-4948-4248-92da-86cdb3d75943-groupManagement] INFO  server.RaftServerConfigKeys (ConfUtils.java:logGet(46)) - raft.server.read.option = DEFAULT (default)
2023-10-04 17:33:43,136 [0fe30932-4948-4248-92da-86cdb3d75943-groupManagement] INFO  server.RaftServerConfigKeys (ConfUtils.java:logGet(46)) - raft.server.rpc.request.timeout = 60s (custom)
2023-10-04 17:33:43,137 [0fe30932-4948-4248-92da-86cdb3d75943-groupManagement] INFO  server.RaftServerConfigKeys (ConfUtils.java:logGet(46)) - raft.server.log.appender.install.snapshot.enabled = false (custom)
2023-10-04 17:33:43,137 [0fe30932-4948-4248-92da-86cdb3d75943-groupManagement] INFO  server.RaftServerConfigKeys (ConfUtils.java:logGet(46)) - raft.server.threadpool.server.cached = true (default)
2023-10-04 17:33:43,137 [0fe30932-4948-4248-92da-86cdb3d75943-groupManagement] INFO  server.RaftServerConfigKeys (ConfUtils.java:logGet(46)) - raft.server.threadpool.server.size = 0 (default)
2023-10-04 17:33:43,137 [0fe30932-4948-4248-92da-86cdb3d75943-groupManagement] INFO  server.RaftServerConfigKeys (ConfUtils.java:logGet(46)) - raft.server.threadpool.client.cached = true (default)
2023-10-04 17:33:43,137 [0fe30932-4948-4248-92da-86cdb3d75943-groupManagement] INFO  server.RaftServerConfigKeys (ConfUtils.java:logGet(46)) - raft.server.threadpool.client.size = 0 (default)
2023-10-04 17:33:43,137 [0fe30932-4948-4248-92da-86cdb3d75943-groupManagement] INFO  storage.RaftStorageDirectory (RaftStorageDirectoryImpl.java:analyzeStorage(137)) - The storage directory /home/runner/work/ozone/ozone/hadoop-ozone/integration-test/target/test-dir/MiniOzoneClusterImpl-e9305288-83d2-469c-8969-78e040065d82/datanode-2/data/ratis/12d9e32a-7485-4e49-a08d-79b219f6e317 does not exist. Creating ...
2023-10-04 17:33:43,138 [0fe30932-4948-4248-92da-86cdb3d75943-groupManagement] INFO  storage.RaftStorageDirectory (RaftStorageDirectoryImpl.java:tryLock(231)) - Lock on /home/runner/work/ozone/ozone/hadoop-ozone/integration-test/target/test-dir/MiniOzoneClusterImpl-e9305288-83d2-469c-8969-78e040065d82/datanode-2/data/ratis/12d9e32a-7485-4e49-a08d-79b219f6e317/in_use.lock acquired by nodename 7524@fv-az453-706
2023-10-04 17:33:43,140 [0fe30932-4948-4248-92da-86cdb3d75943-groupManagement] INFO  storage.RaftStorage (RaftStorageImpl.java:format(96)) - Storage directory /home/runner/work/ozone/ozone/hadoop-ozone/integration-test/target/test-dir/MiniOzoneClusterImpl-e9305288-83d2-469c-8969-78e040065d82/datanode-2/data/ratis/12d9e32a-7485-4e49-a08d-79b219f6e317 has been successfully formatted.
2023-10-04 17:33:43,140 [0fe30932-4948-4248-92da-86cdb3d75943-groupManagement] INFO  ratis.ContainerStateMachine (ContainerStateMachine.java:loadSnapshot(262)) - group-79B219F6E317: The snapshot info is null. Setting the last applied indexto:(t:0, i:~)
2023-10-04 17:33:43,140 [0fe30932-4948-4248-92da-86cdb3d75943-groupManagement] INFO  server.RaftServerConfigKeys (ConfUtils.java:logGet(46)) - raft.server.log.use.memory = false (default)
2023-10-04 17:33:43,140 [0fe30932-4948-4248-92da-86cdb3d75943-groupManagement] INFO  server.RaftServerConfigKeys (ConfUtils.java:logGet(46)) - raft.server.log.purge.gap = 1000000 (custom)
2023-10-04 17:33:43,140 [0fe30932-4948-4248-92da-86cdb3d75943-groupManagement] INFO  server.RaftServerConfigKeys (ConfUtils.java:logGet(46)) - raft.server.log.appender.buffer.byte-limit = 33554432 (custom)
2023-10-04 17:33:43,141 [0fe30932-4948-4248-92da-86cdb3d75943-groupManagement] INFO  server.RaftServerConfigKeys (ConfUtils.java:logGet(46)) - raft.server.log.statemachine.data.read.timeout = 1000ms (default)
2023-10-04 17:33:43,141 [0fe30932-4948-4248-92da-86cdb3d75943-groupManagement] INFO  server.RaftServerConfigKeys (ConfUtils.java:logGet(46)) - raft.server.log.purge.preservation.log.num = 0 (default)
2023-10-04 17:33:43,141 [0fe30932-4948-4248-92da-86cdb3d75943-groupManagement] INFO  server.RaftServerConfigKeys (ConfUtils.java:logGet(46)) - raft.server.log.segment.size.max = 1048576 (custom)
2023-10-04 17:33:43,141 [0fe30932-4948-4248-92da-86cdb3d75943-groupManagement] INFO  server.RaftServerConfigKeys (ConfUtils.java:logGet(46)) - raft.server.log.segment.cache.num.max = 2 (custom)
2023-10-04 17:33:43,141 [0fe30932-4948-4248-92da-86cdb3d75943-groupManagement] INFO  server.RaftServerConfigKeys (ConfUtils.java:logGet(46)) - raft.server.log.segment.cache.size.max = 200MB (=209715200) (default)
2023-10-04 17:33:43,141 [0fe30932-4948-4248-92da-86cdb3d75943-groupManagement] INFO  server.RaftServerConfigKeys (ConfUtils.java:logGet(46)) - raft.server.log.appender.buffer.byte-limit = 33554432 (custom)
2023-10-04 17:33:43,141 [0fe30932-4948-4248-92da-86cdb3d75943-groupManagement] INFO  segmented.SegmentedRaftLogWorker (SegmentedRaftLogWorker.java:<init>(188)) - new 0fe30932-4948-4248-92da-86cdb3d75943@group-79B219F6E317-SegmentedRaftLogWorker for RaftStorageImpl:Storage Directory /home/runner/work/ozone/ozone/hadoop-ozone/integration-test/target/test-dir/MiniOzoneClusterImpl-e9305288-83d2-469c-8969-78e040065d82/datanode-2/data/ratis/12d9e32a-7485-4e49-a08d-79b219f6e317
2023-10-04 17:33:43,141 [0fe30932-4948-4248-92da-86cdb3d75943-groupManagement] INFO  server.RaftServerConfigKeys (ConfUtils.java:logGet(46)) - raft.server.log.queue.byte-limit = 4294967296 (custom)
2023-10-04 17:33:43,141 [0fe30932-4948-4248-92da-86cdb3d75943-groupManagement] INFO  server.RaftServerConfigKeys (ConfUtils.java:logGet(46)) - raft.server.log.queue.element-limit = 1024 (custom)
2023-10-04 17:33:43,141 [0fe30932-4948-4248-92da-86cdb3d75943-groupManagement] INFO  server.RaftServerConfigKeys (ConfUtils.java:logGet(46)) - raft.server.log.segment.size.max = 1048576 (custom)
2023-10-04 17:33:43,141 [0fe30932-4948-4248-92da-86cdb3d75943-groupManagement] INFO  server.RaftServerConfigKeys (ConfUtils.java:logGet(46)) - raft.server.log.preallocated.size = 16384 (custom)
2023-10-04 17:33:43,141 [EventQueue-PipelineReportForPipelineReportHandler] INFO  pipeline.PipelineReportHandler (PipelineReportHandler.java:processPipelineReport(136)) - Opened pipeline PipelineID=12d9e32a-7485-4e49-a08d-79b219f6e317
2023-10-04 17:33:43,141 [0fe30932-4948-4248-92da-86cdb3d75943-groupManagement] INFO  server.RaftServerConfigKeys (ConfUtils.java:logGet(46)) - raft.server.log.force.sync.num = 128 (default)
2023-10-04 17:33:43,142 [0fe30932-4948-4248-92da-86cdb3d75943-groupManagement] INFO  server.RaftServerConfigKeys (ConfUtils.java:logGet(46)) - raft.server.log.statemachine.data.sync = true (default)
2023-10-04 17:33:43,142 [0fe30932-4948-4248-92da-86cdb3d75943-groupManagement] INFO  server.RaftServerConfigKeys (ConfUtils.java:logGet(46)) - raft.server.log.statemachine.data.sync.timeout = 10s (default)
2023-10-04 17:33:43,142 [EventQueue-OpenPipelineForHealthyPipelineSafeModeRule] INFO  safemode.SCMSafeModeManager (HealthyPipelineSafeModeRule.java:process(137)) - SCM in safe mode. Healthy pipelines reported count is 0, required healthy pipeline reported count is 1
2023-10-04 17:33:43,142 [0fe30932-4948-4248-92da-86cdb3d75943-groupManagement] INFO  server.RaftServerConfigKeys (ConfUtils.java:logGet(46)) - raft.server.log.statemachine.data.sync.timeout.retry = -1 (default)
2023-10-04 17:33:43,143 [0fe30932-4948-4248-92da-86cdb3d75943-groupManagement] INFO  server.RaftServerConfigKeys (ConfUtils.java:logGet(46)) - raft.server.log.write.buffer.size = 1048576 (custom)
2023-10-04 17:33:43,145 [0fe30932-4948-4248-92da-86cdb3d75943-groupManagement] INFO  server.RaftServerConfigKeys (ConfUtils.java:logGet(46)) - raft.server.log.appender.buffer.byte-limit = 33554432 (custom)
2023-10-04 17:33:43,151 [0fe30932-4948-4248-92da-86cdb3d75943-groupManagement] INFO  server.RaftServerConfigKeys (ConfUtils.java:logGet(46)) - raft.server.log.unsafe-flush.enabled = false (default)
2023-10-04 17:33:43,151 [0fe30932-4948-4248-92da-86cdb3d75943-groupManagement] INFO  server.RaftServerConfigKeys (ConfUtils.java:logGet(46)) - raft.server.log.async-flush.enabled = false (default)
2023-10-04 17:33:43,151 [0fe30932-4948-4248-92da-86cdb3d75943-groupManagement] INFO  server.RaftServerConfigKeys (ConfUtils.java:logGet(46)) - raft.server.log.statemachine.data.caching.enabled = true (custom)
2023-10-04 17:33:43,152 [0fe30932-4948-4248-92da-86cdb3d75943-groupManagement] INFO  segmented.SegmentedRaftLogWorker (SegmentedRaftLogWorker.java:lambda$new$0(135)) - 0fe30932-4948-4248-92da-86cdb3d75943@group-79B219F6E317-SegmentedRaftLogWorker: flushIndex: setUnconditionally 0 -> -1
2023-10-04 17:33:43,152 [0fe30932-4948-4248-92da-86cdb3d75943-groupManagement] INFO  segmented.SegmentedRaftLogWorker (SegmentedRaftLogWorker.java:lambda$new$0(135)) - 0fe30932-4948-4248-92da-86cdb3d75943@group-79B219F6E317-SegmentedRaftLogWorker: safeCacheEvictIndex: setUnconditionally 0 -> -1
2023-10-04 17:33:43,152 [0fe30932-4948-4248-92da-86cdb3d75943-groupManagement] INFO  server.RaftServer$Division (RaftServerImpl.java:start(342)) - 0fe30932-4948-4248-92da-86cdb3d75943@group-79B219F6E317: start as a follower, conf=-1: peers:[0fe30932-4948-4248-92da-86cdb3d75943|rpc:10.1.0.20:15191|admin:10.1.0.20:15190|client:10.1.0.20:15189|dataStream:10.1.0.20:15192|priority:1|startupRole:FOLLOWER]|listeners:[], old=null
2023-10-04 17:33:43,152 [0fe30932-4948-4248-92da-86cdb3d75943-groupManagement] INFO  server.RaftServer$Division (RaftServerImpl.java:setRole(329)) - 0fe30932-4948-4248-92da-86cdb3d75943@group-79B219F6E317: changes role from      null to FOLLOWER at term 0 for startAsFollower
2023-10-04 17:33:43,152 [0fe30932-4948-4248-92da-86cdb3d75943-groupManagement] INFO  impl.RoleInfo (RoleInfo.java:updateAndGet(139)) - 0fe30932-4948-4248-92da-86cdb3d75943: start 0fe30932-4948-4248-92da-86cdb3d75943@group-79B219F6E317-FollowerState
2023-10-04 17:33:43,152 [0fe30932-4948-4248-92da-86cdb3d75943-groupManagement] INFO  util.JmxRegister (JmxRegister.java:tryRegister(44)) - Successfully registered JMX Bean with object name Ratis:service=RaftServer,group=group-79B219F6E317,id=0fe30932-4948-4248-92da-86cdb3d75943
2023-10-04 17:33:43,153 [0fe30932-4948-4248-92da-86cdb3d75943-groupManagement] INFO  server.RaftServerConfigKeys (ConfUtils.java:logGet(46)) - raft.server.snapshot.auto.trigger.enabled = true (custom)
2023-10-04 17:33:43,153 [0fe30932-4948-4248-92da-86cdb3d75943-groupManagement] INFO  server.RaftServerConfigKeys (ConfUtils.java:logGet(46)) - raft.server.snapshot.auto.trigger.threshold = 10000 (custom)
2023-10-04 17:33:43,153 [0fe30932-4948-4248-92da-86cdb3d75943-groupManagement] INFO  server.RaftServerConfigKeys (ConfUtils.java:logGet(46)) - raft.server.snapshot.retention.file.num = 5 (custom)
2023-10-04 17:33:43,153 [0fe30932-4948-4248-92da-86cdb3d75943-groupManagement] INFO  server.RaftServerConfigKeys (ConfUtils.java:logGet(46)) - raft.server.log.purge.upto.snapshot.index = false (default)
2023-10-04 17:33:43,153 [0fe30932-4948-4248-92da-86cdb3d75943@group-79B219F6E317-FollowerState] INFO  server.RaftServerConfigKeys (ConfUtils.java:logFallback(53)) - raft.server.rpc.first-election.timeout.min = 5s (fallback to raft.server.rpc.timeout.min)
2023-10-04 17:33:43,153 [0fe30932-4948-4248-92da-86cdb3d75943@group-79B219F6E317-FollowerState] INFO  server.RaftServerConfigKeys (ConfUtils.java:logFallback(53)) - raft.server.rpc.first-election.timeout.max = 5200ms (fallback to raft.server.rpc.timeout.max)
2023-10-04 17:33:43,154 [PipelineCommandHandlerThread-0] INFO  ratis.XceiverServerRatis (XceiverServerRatis.java:addGroup(804)) - Created group PipelineID=12d9e32a-7485-4e49-a08d-79b219f6e317
2023-10-04 17:33:43,154 [PipelineCommandHandlerThread-0] INFO  commandhandler.CreatePipelineCommandHandler (CreatePipelineCommandHandler.java:lambda$handle$2(124)) - Created Pipeline RATIS ONE PipelineID=12d9e32a-7485-4e49-a08d-79b219f6e317.
2023-10-04 17:33:43,443 [PipelineCommandHandlerThread-0] INFO  server.RaftServer (RaftServerProxy.java:addNew(98)) - 219c79a0-740f-489f-9b06-6aa3e833066c: addNew group-F10222047323:[219c79a0-740f-489f-9b06-6aa3e833066c|rpc:10.1.0.20:15200|admin:10.1.0.20:15199|client:10.1.0.20:15198|dataStream:10.1.0.20:15201|priority:1|startupRole:FOLLOWER] returns group-F10222047323:java.util.concurrent.CompletableFuture@23d2aa14[Not completed]
2023-10-04 17:33:43,444 [219c79a0-740f-489f-9b06-6aa3e833066c-groupManagement] INFO  server.RaftServer$Division (RaftServerImpl.java:<init>(198)) - 219c79a0-740f-489f-9b06-6aa3e833066c: new RaftServerImpl for group-F10222047323:[219c79a0-740f-489f-9b06-6aa3e833066c|rpc:10.1.0.20:15200|admin:10.1.0.20:15199|client:10.1.0.20:15198|dataStream:10.1.0.20:15201|priority:1|startupRole:FOLLOWER] with ContainerStateMachine:uninitialized
2023-10-04 17:33:43,444 [219c79a0-740f-489f-9b06-6aa3e833066c-groupManagement] INFO  server.RaftServerConfigKeys (ConfUtils.java:logGet(46)) - raft.server.rpc.timeout.min = 5s (custom)
2023-10-04 17:33:43,445 [219c79a0-740f-489f-9b06-6aa3e833066c-groupManagement] INFO  server.RaftServerConfigKeys (ConfUtils.java:logGet(46)) - raft.server.rpc.timeout.max = 5200ms (custom)
2023-10-04 17:33:43,445 [219c79a0-740f-489f-9b06-6aa3e833066c-groupManagement] INFO  server.RaftServerConfigKeys (ConfUtils.java:logGet(46)) - raft.server.rpc.sleep.time = 25ms (default)
2023-10-04 17:33:43,445 [219c79a0-740f-489f-9b06-6aa3e833066c-groupManagement] INFO  server.RaftServerConfigKeys (ConfUtils.java:logGet(46)) - raft.server.rpc.slowness.timeout = 300s (custom)
2023-10-04 17:33:43,445 [219c79a0-740f-489f-9b06-6aa3e833066c-groupManagement] INFO  server.RaftServerConfigKeys (ConfUtils.java:logGet(46)) - raft.server.leaderelection.leader.step-down.wait-time = 10s (default)
2023-10-04 17:33:43,445 [219c79a0-740f-489f-9b06-6aa3e833066c-groupManagement] INFO  server.RaftServerConfigKeys (ConfUtils.java:logGet(46)) - raft.server.sleep.deviation.threshold = 300ms (default)
2023-10-04 17:33:43,445 [219c79a0-740f-489f-9b06-6aa3e833066c-groupManagement] INFO  server.RaftServer$Division (ServerState.java:<init>(120)) - 219c79a0-740f-489f-9b06-6aa3e833066c@group-F10222047323: ConfigurationManager, init=-1: peers:[219c79a0-740f-489f-9b06-6aa3e833066c|rpc:10.1.0.20:15200|admin:10.1.0.20:15199|client:10.1.0.20:15198|dataStream:10.1.0.20:15201|priority:1|startupRole:FOLLOWER]|listeners:[], old=null, confs=<EMPTY_MAP>
2023-10-04 17:33:43,445 [219c79a0-740f-489f-9b06-6aa3e833066c-groupManagement] INFO  server.RaftServerConfigKeys (ConfUtils.java:logGet(46)) - raft.server.storage.dir = [/home/runner/work/ozone/ozone/hadoop-ozone/integration-test/target/test-dir/MiniOzoneClusterImpl-e9305288-83d2-469c-8969-78e040065d82/datanode-3/data/ratis] (custom)
2023-10-04 17:33:43,445 [219c79a0-740f-489f-9b06-6aa3e833066c-groupManagement] INFO  server.RaftServerConfigKeys (ConfUtils.java:logGet(46)) - raft.server.log.corruption.policy = EXCEPTION (default)
2023-10-04 17:33:43,445 [219c79a0-740f-489f-9b06-6aa3e833066c-groupManagement] INFO  server.RaftServerConfigKeys (ConfUtils.java:logGet(46)) - raft.server.storage.free-space.min = 0MB (=0) (default)
2023-10-04 17:33:43,445 [219c79a0-740f-489f-9b06-6aa3e833066c-groupManagement] INFO  server.RaftServerConfigKeys (ConfUtils.java:logGet(46)) - raft.server.notification.no-leader.timeout = 300s (custom)
2023-10-04 17:33:43,445 [219c79a0-740f-489f-9b06-6aa3e833066c-groupManagement] INFO  server.RaftServerConfigKeys (ConfUtils.java:logGet(46)) - raft.server.read.timeout = 10s (default)
2023-10-04 17:33:43,445 [219c79a0-740f-489f-9b06-6aa3e833066c-groupManagement] INFO  server.RaftServerConfigKeys (ConfUtils.java:logGet(46)) - raft.server.retrycache.expirytime = 600000ms (custom)
2023-10-04 17:33:43,445 [219c79a0-740f-489f-9b06-6aa3e833066c-groupManagement] INFO  server.RaftServerConfigKeys (ConfUtils.java:logGet(46)) - raft.server.retrycache.statistics.expirytime = 100μs (default)
2023-10-04 17:33:43,445 [219c79a0-740f-489f-9b06-6aa3e833066c-groupManagement] INFO  server.RaftServerConfigKeys (ConfUtils.java:logGet(46)) - raft.server.read.option = DEFAULT (default)
2023-10-04 17:33:43,446 [219c79a0-740f-489f-9b06-6aa3e833066c-groupManagement] INFO  server.RaftServerConfigKeys (ConfUtils.java:logGet(46)) - raft.server.rpc.request.timeout = 60s (custom)
2023-10-04 17:33:43,446 [219c79a0-740f-489f-9b06-6aa3e833066c-groupManagement] INFO  server.RaftServerConfigKeys (ConfUtils.java:logGet(46)) - raft.server.log.appender.install.snapshot.enabled = false (custom)
2023-10-04 17:33:43,446 [219c79a0-740f-489f-9b06-6aa3e833066c-groupManagement] INFO  server.RaftServerConfigKeys (ConfUtils.java:logGet(46)) - raft.server.threadpool.server.cached = true (default)
2023-10-04 17:33:43,446 [219c79a0-740f-489f-9b06-6aa3e833066c-groupManagement] INFO  server.RaftServerConfigKeys (ConfUtils.java:logGet(46)) - raft.server.threadpool.server.size = 0 (default)
2023-10-04 17:33:43,446 [219c79a0-740f-489f-9b06-6aa3e833066c-groupManagement] INFO  server.RaftServerConfigKeys (ConfUtils.java:logGet(46)) - raft.server.threadpool.client.cached = true (default)
2023-10-04 17:33:43,446 [219c79a0-740f-489f-9b06-6aa3e833066c-groupManagement] INFO  server.RaftServerConfigKeys (ConfUtils.java:logGet(46)) - raft.server.threadpool.client.size = 0 (default)
2023-10-04 17:33:43,446 [219c79a0-740f-489f-9b06-6aa3e833066c-groupManagement] INFO  storage.RaftStorageDirectory (RaftStorageDirectoryImpl.java:analyzeStorage(137)) - The storage directory /home/runner/work/ozone/ozone/hadoop-ozone/integration-test/target/test-dir/MiniOzoneClusterImpl-e9305288-83d2-469c-8969-78e040065d82/datanode-3/data/ratis/39aa7863-c0ac-4bd4-8e87-f10222047323 does not exist. Creating ...
2023-10-04 17:33:43,448 [219c79a0-740f-489f-9b06-6aa3e833066c-groupManagement] INFO  storage.RaftStorageDirectory (RaftStorageDirectoryImpl.java:tryLock(231)) - Lock on /home/runner/work/ozone/ozone/hadoop-ozone/integration-test/target/test-dir/MiniOzoneClusterImpl-e9305288-83d2-469c-8969-78e040065d82/datanode-3/data/ratis/39aa7863-c0ac-4bd4-8e87-f10222047323/in_use.lock acquired by nodename 7524@fv-az453-706
2023-10-04 17:33:43,449 [219c79a0-740f-489f-9b06-6aa3e833066c-groupManagement] INFO  storage.RaftStorage (RaftStorageImpl.java:format(96)) - Storage directory /home/runner/work/ozone/ozone/hadoop-ozone/integration-test/target/test-dir/MiniOzoneClusterImpl-e9305288-83d2-469c-8969-78e040065d82/datanode-3/data/ratis/39aa7863-c0ac-4bd4-8e87-f10222047323 has been successfully formatted.
2023-10-04 17:33:43,451 [219c79a0-740f-489f-9b06-6aa3e833066c-groupManagement] INFO  ratis.ContainerStateMachine (ContainerStateMachine.java:loadSnapshot(262)) - group-F10222047323: The snapshot info is null. Setting the last applied indexto:(t:0, i:~)
2023-10-04 17:33:43,451 [219c79a0-740f-489f-9b06-6aa3e833066c-groupManagement] INFO  server.RaftServerConfigKeys (ConfUtils.java:logGet(46)) - raft.server.log.use.memory = false (default)
2023-10-04 17:33:43,451 [219c79a0-740f-489f-9b06-6aa3e833066c-groupManagement] INFO  server.RaftServerConfigKeys (ConfUtils.java:logGet(46)) - raft.server.log.purge.gap = 1000000 (custom)
2023-10-04 17:33:43,452 [219c79a0-740f-489f-9b06-6aa3e833066c-groupManagement] INFO  server.RaftServerConfigKeys (ConfUtils.java:logGet(46)) - raft.server.log.appender.buffer.byte-limit = 33554432 (custom)
2023-10-04 17:33:43,452 [219c79a0-740f-489f-9b06-6aa3e833066c-groupManagement] INFO  server.RaftServerConfigKeys (ConfUtils.java:logGet(46)) - raft.server.log.statemachine.data.read.timeout = 1000ms (default)
2023-10-04 17:33:43,452 [219c79a0-740f-489f-9b06-6aa3e833066c-groupManagement] INFO  server.RaftServerConfigKeys (ConfUtils.java:logGet(46)) - raft.server.log.purge.preservation.log.num = 0 (default)
2023-10-04 17:33:43,452 [219c79a0-740f-489f-9b06-6aa3e833066c-groupManagement] INFO  server.RaftServerConfigKeys (ConfUtils.java:logGet(46)) - raft.server.log.segment.size.max = 1048576 (custom)
2023-10-04 17:33:43,452 [219c79a0-740f-489f-9b06-6aa3e833066c-groupManagement] INFO  server.RaftServerConfigKeys (ConfUtils.java:logGet(46)) - raft.server.log.segment.cache.num.max = 2 (custom)
2023-10-04 17:33:43,452 [EventQueue-PipelineReportForPipelineReportHandler] INFO  pipeline.PipelineReportHandler (PipelineReportHandler.java:processPipelineReport(136)) - Opened pipeline PipelineID=39aa7863-c0ac-4bd4-8e87-f10222047323
2023-10-04 17:33:43,452 [219c79a0-740f-489f-9b06-6aa3e833066c-groupManagement] INFO  server.RaftServerConfigKeys (ConfUtils.java:logGet(46)) - raft.server.log.segment.cache.size.max = 200MB (=209715200) (default)
2023-10-04 17:33:43,452 [EventQueue-OpenPipelineForHealthyPipelineSafeModeRule] INFO  safemode.SCMSafeModeManager (HealthyPipelineSafeModeRule.java:process(137)) - SCM in safe mode. Healthy pipelines reported count is 0, required healthy pipeline reported count is 1
2023-10-04 17:33:43,452 [219c79a0-740f-489f-9b06-6aa3e833066c-groupManagement] INFO  server.RaftServerConfigKeys (ConfUtils.java:logGet(46)) - raft.server.log.appender.buffer.byte-limit = 33554432 (custom)
2023-10-04 17:33:43,452 [219c79a0-740f-489f-9b06-6aa3e833066c-groupManagement] INFO  segmented.SegmentedRaftLogWorker (SegmentedRaftLogWorker.java:<init>(188)) - new 219c79a0-740f-489f-9b06-6aa3e833066c@group-F10222047323-SegmentedRaftLogWorker for RaftStorageImpl:Storage Directory /home/runner/work/ozone/ozone/hadoop-ozone/integration-test/target/test-dir/MiniOzoneClusterImpl-e9305288-83d2-469c-8969-78e040065d82/datanode-3/data/ratis/39aa7863-c0ac-4bd4-8e87-f10222047323
2023-10-04 17:33:43,452 [219c79a0-740f-489f-9b06-6aa3e833066c-groupManagement] INFO  server.RaftServerConfigKeys (ConfUtils.java:logGet(46)) - raft.server.log.queue.byte-limit = 4294967296 (custom)
2023-10-04 17:33:43,452 [219c79a0-740f-489f-9b06-6aa3e833066c-groupManagement] INFO  server.RaftServerConfigKeys (ConfUtils.java:logGet(46)) - raft.server.log.queue.element-limit = 1024 (custom)
2023-10-04 17:33:43,453 [219c79a0-740f-489f-9b06-6aa3e833066c-groupManagement] INFO  server.RaftServerConfigKeys (ConfUtils.java:logGet(46)) - raft.server.log.segment.size.max = 1048576 (custom)
2023-10-04 17:33:43,453 [219c79a0-740f-489f-9b06-6aa3e833066c-groupManagement] INFO  server.RaftServerConfigKeys (ConfUtils.java:logGet(46)) - raft.server.log.preallocated.size = 16384 (custom)
2023-10-04 17:33:43,453 [219c79a0-740f-489f-9b06-6aa3e833066c-groupManagement] INFO  server.RaftServerConfigKeys (ConfUtils.java:logGet(46)) - raft.server.log.force.sync.num = 128 (default)
2023-10-04 17:33:43,453 [219c79a0-740f-489f-9b06-6aa3e833066c-groupManagement] INFO  server.RaftServerConfigKeys (ConfUtils.java:logGet(46)) - raft.server.log.statemachine.data.sync = true (default)
2023-10-04 17:33:43,453 [219c79a0-740f-489f-9b06-6aa3e833066c-groupManagement] INFO  server.RaftServerConfigKeys (ConfUtils.java:logGet(46)) - raft.server.log.statemachine.data.sync.timeout = 10s (default)
2023-10-04 17:33:43,453 [219c79a0-740f-489f-9b06-6aa3e833066c-groupManagement] INFO  server.RaftServerConfigKeys (ConfUtils.java:logGet(46)) - raft.server.log.statemachine.data.sync.timeout.retry = -1 (default)
2023-10-04 17:33:43,453 [219c79a0-740f-489f-9b06-6aa3e833066c-groupManagement] INFO  server.RaftServerConfigKeys (ConfUtils.java:logGet(46)) - raft.server.log.write.buffer.size = 1048576 (custom)
2023-10-04 17:33:43,453 [219c79a0-740f-489f-9b06-6aa3e833066c-groupManagement] INFO  server.RaftServerConfigKeys (ConfUtils.java:logGet(46)) - raft.server.log.appender.buffer.byte-limit = 33554432 (custom)
2023-10-04 17:33:43,459 [219c79a0-740f-489f-9b06-6aa3e833066c-groupManagement] INFO  server.RaftServerConfigKeys (ConfUtils.java:logGet(46)) - raft.server.log.unsafe-flush.enabled = false (default)
2023-10-04 17:33:43,459 [219c79a0-740f-489f-9b06-6aa3e833066c-groupManagement] INFO  server.RaftServerConfigKeys (ConfUtils.java:logGet(46)) - raft.server.log.async-flush.enabled = false (default)
2023-10-04 17:33:43,459 [219c79a0-740f-489f-9b06-6aa3e833066c-groupManagement] INFO  server.RaftServerConfigKeys (ConfUtils.java:logGet(46)) - raft.server.log.statemachine.data.caching.enabled = true (custom)
2023-10-04 17:33:43,459 [219c79a0-740f-489f-9b06-6aa3e833066c-groupManagement] INFO  segmented.SegmentedRaftLogWorker (SegmentedRaftLogWorker.java:lambda$new$0(135)) - 219c79a0-740f-489f-9b06-6aa3e833066c@group-F10222047323-SegmentedRaftLogWorker: flushIndex: setUnconditionally 0 -> -1
2023-10-04 17:33:43,459 [219c79a0-740f-489f-9b06-6aa3e833066c-groupManagement] INFO  segmented.SegmentedRaftLogWorker (SegmentedRaftLogWorker.java:lambda$new$0(135)) - 219c79a0-740f-489f-9b06-6aa3e833066c@group-F10222047323-SegmentedRaftLogWorker: safeCacheEvictIndex: setUnconditionally 0 -> -1
2023-10-04 17:33:43,459 [219c79a0-740f-489f-9b06-6aa3e833066c-groupManagement] INFO  server.RaftServer$Division (RaftServerImpl.java:start(342)) - 219c79a0-740f-489f-9b06-6aa3e833066c@group-F10222047323: start as a follower, conf=-1: peers:[219c79a0-740f-489f-9b06-6aa3e833066c|rpc:10.1.0.20:15200|admin:10.1.0.20:15199|client:10.1.0.20:15198|dataStream:10.1.0.20:15201|priority:1|startupRole:FOLLOWER]|listeners:[], old=null
2023-10-04 17:33:43,459 [219c79a0-740f-489f-9b06-6aa3e833066c-groupManagement] INFO  server.RaftServer$Division (RaftServerImpl.java:setRole(329)) - 219c79a0-740f-489f-9b06-6aa3e833066c@group-F10222047323: changes role from      null to FOLLOWER at term 0 for startAsFollower
2023-10-04 17:33:43,460 [219c79a0-740f-489f-9b06-6aa3e833066c-groupManagement] INFO  impl.RoleInfo (RoleInfo.java:updateAndGet(139)) - 219c79a0-740f-489f-9b06-6aa3e833066c: start 219c79a0-740f-489f-9b06-6aa3e833066c@group-F10222047323-FollowerState
2023-10-04 17:33:43,460 [219c79a0-740f-489f-9b06-6aa3e833066c-groupManagement] INFO  util.JmxRegister (JmxRegister.java:tryRegister(44)) - Successfully registered JMX Bean with object name Ratis:service=RaftServer,group=group-F10222047323,id=219c79a0-740f-489f-9b06-6aa3e833066c
2023-10-04 17:33:43,460 [219c79a0-740f-489f-9b06-6aa3e833066c-groupManagement] INFO  server.RaftServerConfigKeys (ConfUtils.java:logGet(46)) - raft.server.snapshot.auto.trigger.enabled = true (custom)
2023-10-04 17:33:43,460 [219c79a0-740f-489f-9b06-6aa3e833066c-groupManagement] INFO  server.RaftServerConfigKeys (ConfUtils.java:logGet(46)) - raft.server.snapshot.auto.trigger.threshold = 10000 (custom)
2023-10-04 17:33:43,460 [219c79a0-740f-489f-9b06-6aa3e833066c-groupManagement] INFO  server.RaftServerConfigKeys (ConfUtils.java:logGet(46)) - raft.server.snapshot.retention.file.num = 5 (custom)
2023-10-04 17:33:43,460 [219c79a0-740f-489f-9b06-6aa3e833066c-groupManagement] INFO  server.RaftServerConfigKeys (ConfUtils.java:logGet(46)) - raft.server.log.purge.upto.snapshot.index = false (default)
2023-10-04 17:33:43,461 [219c79a0-740f-489f-9b06-6aa3e833066c@group-F10222047323-FollowerState] INFO  server.RaftServerConfigKeys (ConfUtils.java:logFallback(53)) - raft.server.rpc.first-election.timeout.min = 5s (fallback to raft.server.rpc.timeout.min)
2023-10-04 17:33:43,461 [219c79a0-740f-489f-9b06-6aa3e833066c@group-F10222047323-FollowerState] INFO  server.RaftServerConfigKeys (ConfUtils.java:logFallback(53)) - raft.server.rpc.first-election.timeout.max = 5200ms (fallback to raft.server.rpc.timeout.max)
2023-10-04 17:33:43,462 [PipelineCommandHandlerThread-0] INFO  ratis.XceiverServerRatis (XceiverServerRatis.java:addGroup(804)) - Created group PipelineID=39aa7863-c0ac-4bd4-8e87-f10222047323
2023-10-04 17:33:43,462 [PipelineCommandHandlerThread-0] INFO  commandhandler.CreatePipelineCommandHandler (CreatePipelineCommandHandler.java:lambda$handle$2(124)) - Created Pipeline RATIS ONE PipelineID=39aa7863-c0ac-4bd4-8e87-f10222047323.
2023-10-04 17:33:43,753 [PipelineCommandHandlerThread-0] INFO  server.RaftServer (RaftServerProxy.java:addNew(98)) - 6d342b63-cf76-47c8-a233-ca7e4e688a75: addNew group-42E175CF29D6:[6d342b63-cf76-47c8-a233-ca7e4e688a75|rpc:10.1.0.20:15209|admin:10.1.0.20:15208|client:10.1.0.20:15207|dataStream:10.1.0.20:15210|priority:1|startupRole:FOLLOWER] returns group-42E175CF29D6:java.util.concurrent.CompletableFuture@188cb77f[Not completed]
2023-10-04 17:33:43,754 [6d342b63-cf76-47c8-a233-ca7e4e688a75-groupManagement] INFO  server.RaftServer$Division (RaftServerImpl.java:<init>(198)) - 6d342b63-cf76-47c8-a233-ca7e4e688a75: new RaftServerImpl for group-42E175CF29D6:[6d342b63-cf76-47c8-a233-ca7e4e688a75|rpc:10.1.0.20:15209|admin:10.1.0.20:15208|client:10.1.0.20:15207|dataStream:10.1.0.20:15210|priority:1|startupRole:FOLLOWER] with ContainerStateMachine:uninitialized
2023-10-04 17:33:43,754 [6d342b63-cf76-47c8-a233-ca7e4e688a75-groupManagement] INFO  server.RaftServerConfigKeys (ConfUtils.java:logGet(46)) - raft.server.rpc.timeout.min = 5s (custom)
2023-10-04 17:33:43,757 [main] INFO  ozone.MiniOzoneClusterImpl (MiniOzoneClusterImpl.java:lambda$waitForClusterToBeReady$0(229)) - Nodes are ready. Got 5 of 5 DN Heartbeats.
2023-10-04 17:33:43,757 [main] INFO  ozone.MiniOzoneClusterImpl (MiniOzoneClusterImpl.java:lambda$waitForClusterToBeReady$0(232)) - Waiting for cluster to exit safe mode
2023-10-04 17:33:43,757 [main] INFO  ozone.MiniOzoneClusterImpl (MiniOzoneClusterImpl.java:lambda$waitForClusterToBeReady$0(234)) - SCM became leader
2023-10-04 17:33:43,757 [6d342b63-cf76-47c8-a233-ca7e4e688a75-groupManagement] INFO  server.RaftServerConfigKeys (ConfUtils.java:logGet(46)) - raft.server.rpc.timeout.max = 5200ms (custom)
2023-10-04 17:33:43,757 [6d342b63-cf76-47c8-a233-ca7e4e688a75-groupManagement] INFO  server.RaftServerConfigKeys (ConfUtils.java:logGet(46)) - raft.server.rpc.sleep.time = 25ms (default)
2023-10-04 17:33:43,757 [6d342b63-cf76-47c8-a233-ca7e4e688a75-groupManagement] INFO  server.RaftServerConfigKeys (ConfUtils.java:logGet(46)) - raft.server.rpc.slowness.timeout = 300s (custom)
2023-10-04 17:33:43,757 [6d342b63-cf76-47c8-a233-ca7e4e688a75-groupManagement] INFO  server.RaftServerConfigKeys (ConfUtils.java:logGet(46)) - raft.server.leaderelection.leader.step-down.wait-time = 10s (default)
2023-10-04 17:33:43,757 [6d342b63-cf76-47c8-a233-ca7e4e688a75-groupManagement] INFO  server.RaftServerConfigKeys (ConfUtils.java:logGet(46)) - raft.server.sleep.deviation.threshold = 300ms (default)
2023-10-04 17:33:43,758 [6d342b63-cf76-47c8-a233-ca7e4e688a75-groupManagement] INFO  server.RaftServer$Division (ServerState.java:<init>(120)) - 6d342b63-cf76-47c8-a233-ca7e4e688a75@group-42E175CF29D6: ConfigurationManager, init=-1: peers:[6d342b63-cf76-47c8-a233-ca7e4e688a75|rpc:10.1.0.20:15209|admin:10.1.0.20:15208|client:10.1.0.20:15207|dataStream:10.1.0.20:15210|priority:1|startupRole:FOLLOWER]|listeners:[], old=null, confs=<EMPTY_MAP>
2023-10-04 17:33:43,758 [6d342b63-cf76-47c8-a233-ca7e4e688a75-groupManagement] INFO  server.RaftServerConfigKeys (ConfUtils.java:logGet(46)) - raft.server.storage.dir = [/home/runner/work/ozone/ozone/hadoop-ozone/integration-test/target/test-dir/MiniOzoneClusterImpl-e9305288-83d2-469c-8969-78e040065d82/datanode-4/data/ratis] (custom)
2023-10-04 17:33:43,758 [6d342b63-cf76-47c8-a233-ca7e4e688a75-groupManagement] INFO  server.RaftServerConfigKeys (ConfUtils.java:logGet(46)) - raft.server.log.corruption.policy = EXCEPTION (default)
2023-10-04 17:33:43,758 [6d342b63-cf76-47c8-a233-ca7e4e688a75-groupManagement] INFO  server.RaftServerConfigKeys (ConfUtils.java:logGet(46)) - raft.server.storage.free-space.min = 0MB (=0) (default)
2023-10-04 17:33:43,758 [6d342b63-cf76-47c8-a233-ca7e4e688a75-groupManagement] INFO  server.RaftServerConfigKeys (ConfUtils.java:logGet(46)) - raft.server.notification.no-leader.timeout = 300s (custom)
2023-10-04 17:33:43,758 [6d342b63-cf76-47c8-a233-ca7e4e688a75-groupManagement] INFO  server.RaftServerConfigKeys (ConfUtils.java:logGet(46)) - raft.server.read.timeout = 10s (default)
2023-10-04 17:33:43,758 [6d342b63-cf76-47c8-a233-ca7e4e688a75-groupManagement] INFO  server.RaftServerConfigKeys (ConfUtils.java:logGet(46)) - raft.server.retrycache.expirytime = 600000ms (custom)
2023-10-04 17:33:43,758 [6d342b63-cf76-47c8-a233-ca7e4e688a75-groupManagement] INFO  server.RaftServerConfigKeys (ConfUtils.java:logGet(46)) - raft.server.retrycache.statistics.expirytime = 100μs (default)
2023-10-04 17:33:43,758 [6d342b63-cf76-47c8-a233-ca7e4e688a75-groupManagement] INFO  server.RaftServerConfigKeys (ConfUtils.java:logGet(46)) - raft.server.read.option = DEFAULT (default)
2023-10-04 17:33:43,759 [6d342b63-cf76-47c8-a233-ca7e4e688a75-groupManagement] INFO  server.RaftServerConfigKeys (ConfUtils.java:logGet(46)) - raft.server.rpc.request.timeout = 60s (custom)
2023-10-04 17:33:43,759 [6d342b63-cf76-47c8-a233-ca7e4e688a75-groupManagement] INFO  server.RaftServerConfigKeys (ConfUtils.java:logGet(46)) - raft.server.log.appender.install.snapshot.enabled = false (custom)
2023-10-04 17:33:43,759 [6d342b63-cf76-47c8-a233-ca7e4e688a75-groupManagement] INFO  server.RaftServerConfigKeys (ConfUtils.java:logGet(46)) - raft.server.threadpool.server.cached = true (default)
2023-10-04 17:33:43,759 [6d342b63-cf76-47c8-a233-ca7e4e688a75-groupManagement] INFO  server.RaftServerConfigKeys (ConfUtils.java:logGet(46)) - raft.server.threadpool.server.size = 0 (default)
2023-10-04 17:33:43,759 [6d342b63-cf76-47c8-a233-ca7e4e688a75-groupManagement] INFO  server.RaftServerConfigKeys (ConfUtils.java:logGet(46)) - raft.server.threadpool.client.cached = true (default)
2023-10-04 17:33:43,759 [6d342b63-cf76-47c8-a233-ca7e4e688a75-groupManagement] INFO  server.RaftServerConfigKeys (ConfUtils.java:logGet(46)) - raft.server.threadpool.client.size = 0 (default)
2023-10-04 17:33:43,759 [6d342b63-cf76-47c8-a233-ca7e4e688a75-groupManagement] INFO  storage.RaftStorageDirectory (RaftStorageDirectoryImpl.java:analyzeStorage(137)) - The storage directory /home/runner/work/ozone/ozone/hadoop-ozone/integration-test/target/test-dir/MiniOzoneClusterImpl-e9305288-83d2-469c-8969-78e040065d82/datanode-4/data/ratis/86c60a6e-ffa7-4475-bd88-42e175cf29d6 does not exist. Creating ...
2023-10-04 17:33:43,761 [6d342b63-cf76-47c8-a233-ca7e4e688a75-groupManagement] INFO  storage.RaftStorageDirectory (RaftStorageDirectoryImpl.java:tryLock(231)) - Lock on /home/runner/work/ozone/ozone/hadoop-ozone/integration-test/target/test-dir/MiniOzoneClusterImpl-e9305288-83d2-469c-8969-78e040065d82/datanode-4/data/ratis/86c60a6e-ffa7-4475-bd88-42e175cf29d6/in_use.lock acquired by nodename 7524@fv-az453-706
2023-10-04 17:33:43,763 [6d342b63-cf76-47c8-a233-ca7e4e688a75-groupManagement] INFO  storage.RaftStorage (RaftStorageImpl.java:format(96)) - Storage directory /home/runner/work/ozone/ozone/hadoop-ozone/integration-test/target/test-dir/MiniOzoneClusterImpl-e9305288-83d2-469c-8969-78e040065d82/datanode-4/data/ratis/86c60a6e-ffa7-4475-bd88-42e175cf29d6 has been successfully formatted.
2023-10-04 17:33:43,774 [6d342b63-cf76-47c8-a233-ca7e4e688a75-groupManagement] INFO  ratis.ContainerStateMachine (ContainerStateMachine.java:loadSnapshot(262)) - group-42E175CF29D6: The snapshot info is null. Setting the last applied indexto:(t:0, i:~)
2023-10-04 17:33:43,775 [EventQueue-PipelineReportForPipelineReportHandler] INFO  pipeline.PipelineReportHandler (PipelineReportHandler.java:processPipelineReport(136)) - Opened pipeline PipelineID=86c60a6e-ffa7-4475-bd88-42e175cf29d6
2023-10-04 17:33:43,777 [EventQueue-OpenPipelineForHealthyPipelineSafeModeRule] INFO  safemode.SCMSafeModeManager (HealthyPipelineSafeModeRule.java:process(137)) - SCM in safe mode. Healthy pipelines reported count is 0, required healthy pipeline reported count is 1
2023-10-04 17:33:43,777 [6d342b63-cf76-47c8-a233-ca7e4e688a75-groupManagement] INFO  server.RaftServerConfigKeys (ConfUtils.java:logGet(46)) - raft.server.log.use.memory = false (default)
2023-10-04 17:33:43,777 [6d342b63-cf76-47c8-a233-ca7e4e688a75-groupManagement] INFO  server.RaftServerConfigKeys (ConfUtils.java:logGet(46)) - raft.server.log.purge.gap = 1000000 (custom)
2023-10-04 17:33:43,777 [6d342b63-cf76-47c8-a233-ca7e4e688a75-groupManagement] INFO  server.RaftServerConfigKeys (ConfUtils.java:logGet(46)) - raft.server.log.appender.buffer.byte-limit = 33554432 (custom)
2023-10-04 17:33:43,777 [6d342b63-cf76-47c8-a233-ca7e4e688a75-groupManagement] INFO  server.RaftServerConfigKeys (ConfUtils.java:logGet(46)) - raft.server.log.statemachine.data.read.timeout = 1000ms (default)
2023-10-04 17:33:43,777 [6d342b63-cf76-47c8-a233-ca7e4e688a75-groupManagement] INFO  server.RaftServerConfigKeys (ConfUtils.java:logGet(46)) - raft.server.log.purge.preservation.log.num = 0 (default)
2023-10-04 17:33:43,777 [6d342b63-cf76-47c8-a233-ca7e4e688a75-groupManagement] INFO  server.RaftServerConfigKeys (ConfUtils.java:logGet(46)) - raft.server.log.segment.size.max = 1048576 (custom)
2023-10-04 17:33:43,777 [6d342b63-cf76-47c8-a233-ca7e4e688a75-groupManagement] INFO  server.RaftServerConfigKeys (ConfUtils.java:logGet(46)) - raft.server.log.segment.cache.num.max = 2 (custom)
2023-10-04 17:33:43,777 [6d342b63-cf76-47c8-a233-ca7e4e688a75-groupManagement] INFO  server.RaftServerConfigKeys (ConfUtils.java:logGet(46)) - raft.server.log.segment.cache.size.max = 200MB (=209715200) (default)
2023-10-04 17:33:43,778 [6d342b63-cf76-47c8-a233-ca7e4e688a75-groupManagement] INFO  server.RaftServerConfigKeys (ConfUtils.java:logGet(46)) - raft.server.log.appender.buffer.byte-limit = 33554432 (custom)
2023-10-04 17:33:43,778 [6d342b63-cf76-47c8-a233-ca7e4e688a75-groupManagement] INFO  segmented.SegmentedRaftLogWorker (SegmentedRaftLogWorker.java:<init>(188)) - new 6d342b63-cf76-47c8-a233-ca7e4e688a75@group-42E175CF29D6-SegmentedRaftLogWorker for RaftStorageImpl:Storage Directory /home/runner/work/ozone/ozone/hadoop-ozone/integration-test/target/test-dir/MiniOzoneClusterImpl-e9305288-83d2-469c-8969-78e040065d82/datanode-4/data/ratis/86c60a6e-ffa7-4475-bd88-42e175cf29d6
2023-10-04 17:33:43,778 [6d342b63-cf76-47c8-a233-ca7e4e688a75-groupManagement] INFO  server.RaftServerConfigKeys (ConfUtils.java:logGet(46)) - raft.server.log.queue.byte-limit = 4294967296 (custom)
2023-10-04 17:33:43,778 [6d342b63-cf76-47c8-a233-ca7e4e688a75-groupManagement] INFO  server.RaftServerConfigKeys (ConfUtils.java:logGet(46)) - raft.server.log.queue.element-limit = 1024 (custom)
2023-10-04 17:33:43,778 [6d342b63-cf76-47c8-a233-ca7e4e688a75-groupManagement] INFO  server.RaftServerConfigKeys (ConfUtils.java:logGet(46)) - raft.server.log.segment.size.max = 1048576 (custom)
2023-10-04 17:33:43,778 [6d342b63-cf76-47c8-a233-ca7e4e688a75-groupManagement] INFO  server.RaftServerConfigKeys (ConfUtils.java:logGet(46)) - raft.server.log.preallocated.size = 16384 (custom)
2023-10-04 17:33:43,778 [6d342b63-cf76-47c8-a233-ca7e4e688a75-groupManagement] INFO  server.RaftServerConfigKeys (ConfUtils.java:logGet(46)) - raft.server.log.force.sync.num = 128 (default)
2023-10-04 17:33:43,778 [6d342b63-cf76-47c8-a233-ca7e4e688a75-groupManagement] INFO  server.RaftServerConfigKeys (ConfUtils.java:logGet(46)) - raft.server.log.statemachine.data.sync = true (default)
2023-10-04 17:33:43,778 [6d342b63-cf76-47c8-a233-ca7e4e688a75-groupManagement] INFO  server.RaftServerConfigKeys (ConfUtils.java:logGet(46)) - raft.server.log.statemachine.data.sync.timeout = 10s (default)
2023-10-04 17:33:43,778 [6d342b63-cf76-47c8-a233-ca7e4e688a75-groupManagement] INFO  server.RaftServerConfigKeys (ConfUtils.java:logGet(46)) - raft.server.log.statemachine.data.sync.timeout.retry = -1 (default)
2023-10-04 17:33:43,778 [6d342b63-cf76-47c8-a233-ca7e4e688a75-groupManagement] INFO  server.RaftServerConfigKeys (ConfUtils.java:logGet(46)) - raft.server.log.write.buffer.size = 1048576 (custom)
2023-10-04 17:33:43,778 [6d342b63-cf76-47c8-a233-ca7e4e688a75-groupManagement] INFO  server.RaftServerConfigKeys (ConfUtils.java:logGet(46)) - raft.server.log.appender.buffer.byte-limit = 33554432 (custom)
2023-10-04 17:33:43,784 [6d342b63-cf76-47c8-a233-ca7e4e688a75-groupManagement] INFO  server.RaftServerConfigKeys (ConfUtils.java:logGet(46)) - raft.server.log.unsafe-flush.enabled = false (default)
2023-10-04 17:33:43,784 [6d342b63-cf76-47c8-a233-ca7e4e688a75-groupManagement] INFO  server.RaftServerConfigKeys (ConfUtils.java:logGet(46)) - raft.server.log.async-flush.enabled = false (default)
2023-10-04 17:33:43,784 [6d342b63-cf76-47c8-a233-ca7e4e688a75-groupManagement] INFO  server.RaftServerConfigKeys (ConfUtils.java:logGet(46)) - raft.server.log.statemachine.data.caching.enabled = true (custom)
2023-10-04 17:33:43,784 [6d342b63-cf76-47c8-a233-ca7e4e688a75-groupManagement] INFO  segmented.SegmentedRaftLogWorker (SegmentedRaftLogWorker.java:lambda$new$0(135)) - 6d342b63-cf76-47c8-a233-ca7e4e688a75@group-42E175CF29D6-SegmentedRaftLogWorker: flushIndex: setUnconditionally 0 -> -1
2023-10-04 17:33:43,784 [6d342b63-cf76-47c8-a233-ca7e4e688a75-groupManagement] INFO  segmented.SegmentedRaftLogWorker (SegmentedRaftLogWorker.java:lambda$new$0(135)) - 6d342b63-cf76-47c8-a233-ca7e4e688a75@group-42E175CF29D6-SegmentedRaftLogWorker: safeCacheEvictIndex: setUnconditionally 0 -> -1
2023-10-04 17:33:43,784 [6d342b63-cf76-47c8-a233-ca7e4e688a75-groupManagement] INFO  server.RaftServer$Division (RaftServerImpl.java:start(342)) - 6d342b63-cf76-47c8-a233-ca7e4e688a75@group-42E175CF29D6: start as a follower, conf=-1: peers:[6d342b63-cf76-47c8-a233-ca7e4e688a75|rpc:10.1.0.20:15209|admin:10.1.0.20:15208|client:10.1.0.20:15207|dataStream:10.1.0.20:15210|priority:1|startupRole:FOLLOWER]|listeners:[], old=null
2023-10-04 17:33:43,784 [6d342b63-cf76-47c8-a233-ca7e4e688a75-groupManagement] INFO  server.RaftServer$Division (RaftServerImpl.java:setRole(329)) - 6d342b63-cf76-47c8-a233-ca7e4e688a75@group-42E175CF29D6: changes role from      null to FOLLOWER at term 0 for startAsFollower
2023-10-04 17:33:43,784 [6d342b63-cf76-47c8-a233-ca7e4e688a75-groupManagement] INFO  impl.RoleInfo (RoleInfo.java:updateAndGet(139)) - 6d342b63-cf76-47c8-a233-ca7e4e688a75: start 6d342b63-cf76-47c8-a233-ca7e4e688a75@group-42E175CF29D6-FollowerState
2023-10-04 17:33:43,785 [6d342b63-cf76-47c8-a233-ca7e4e688a75-groupManagement] INFO  util.JmxRegister (JmxRegister.java:tryRegister(44)) - Successfully registered JMX Bean with object name Ratis:service=RaftServer,group=group-42E175CF29D6,id=6d342b63-cf76-47c8-a233-ca7e4e688a75
2023-10-04 17:33:43,785 [6d342b63-cf76-47c8-a233-ca7e4e688a75-groupManagement] INFO  server.RaftServerConfigKeys (ConfUtils.java:logGet(46)) - raft.server.snapshot.auto.trigger.enabled = true (custom)
2023-10-04 17:33:43,785 [6d342b63-cf76-47c8-a233-ca7e4e688a75-groupManagement] INFO  server.RaftServerConfigKeys (ConfUtils.java:logGet(46)) - raft.server.snapshot.auto.trigger.threshold = 10000 (custom)
2023-10-04 17:33:43,785 [6d342b63-cf76-47c8-a233-ca7e4e688a75-groupManagement] INFO  server.RaftServerConfigKeys (ConfUtils.java:logGet(46)) - raft.server.snapshot.retention.file.num = 5 (custom)
2023-10-04 17:33:43,785 [6d342b63-cf76-47c8-a233-ca7e4e688a75-groupManagement] INFO  server.RaftServerConfigKeys (ConfUtils.java:logGet(46)) - raft.server.log.purge.upto.snapshot.index = false (default)
2023-10-04 17:33:43,785 [6d342b63-cf76-47c8-a233-ca7e4e688a75@group-42E175CF29D6-FollowerState] INFO  server.RaftServerConfigKeys (ConfUtils.java:logFallback(53)) - raft.server.rpc.first-election.timeout.min = 5s (fallback to raft.server.rpc.timeout.min)
2023-10-04 17:33:43,786 [6d342b63-cf76-47c8-a233-ca7e4e688a75@group-42E175CF29D6-FollowerState] INFO  server.RaftServerConfigKeys (ConfUtils.java:logFallback(53)) - raft.server.rpc.first-election.timeout.max = 5200ms (fallback to raft.server.rpc.timeout.max)
2023-10-04 17:33:43,789 [PipelineCommandHandlerThread-0] INFO  ratis.XceiverServerRatis (XceiverServerRatis.java:addGroup(804)) - Created group PipelineID=86c60a6e-ffa7-4475-bd88-42e175cf29d6
2023-10-04 17:33:43,789 [PipelineCommandHandlerThread-0] INFO  commandhandler.CreatePipelineCommandHandler (CreatePipelineCommandHandler.java:lambda$handle$2(124)) - Created Pipeline RATIS ONE PipelineID=86c60a6e-ffa7-4475-bd88-42e175cf29d6.
2023-10-04 17:33:44,757 [main] INFO  ozone.MiniOzoneClusterImpl (MiniOzoneClusterImpl.java:lambda$waitForClusterToBeReady$0(229)) - Nodes are ready. Got 5 of 5 DN Heartbeats.
2023-10-04 17:33:44,758 [main] INFO  ozone.MiniOzoneClusterImpl (MiniOzoneClusterImpl.java:lambda$waitForClusterToBeReady$0(232)) - Waiting for cluster to exit safe mode
2023-10-04 17:33:44,758 [main] INFO  ozone.MiniOzoneClusterImpl (MiniOzoneClusterImpl.java:lambda$waitForClusterToBeReady$0(234)) - SCM became leader
2023-10-04 17:33:45,758 [main] INFO  ozone.MiniOzoneClusterImpl (MiniOzoneClusterImpl.java:lambda$waitForClusterToBeReady$0(229)) - Nodes are ready. Got 5 of 5 DN Heartbeats.
2023-10-04 17:33:45,758 [main] INFO  ozone.MiniOzoneClusterImpl (MiniOzoneClusterImpl.java:lambda$waitForClusterToBeReady$0(232)) - Waiting for cluster to exit safe mode
2023-10-04 17:33:45,758 [main] INFO  ozone.MiniOzoneClusterImpl (MiniOzoneClusterImpl.java:lambda$waitForClusterToBeReady$0(234)) - SCM became leader
2023-10-04 17:33:46,758 [main] INFO  ozone.MiniOzoneClusterImpl (MiniOzoneClusterImpl.java:lambda$waitForClusterToBeReady$0(229)) - Nodes are ready. Got 5 of 5 DN Heartbeats.
2023-10-04 17:33:46,759 [main] INFO  ozone.MiniOzoneClusterImpl (MiniOzoneClusterImpl.java:lambda$waitForClusterToBeReady$0(232)) - Waiting for cluster to exit safe mode
2023-10-04 17:33:46,759 [main] INFO  ozone.MiniOzoneClusterImpl (MiniOzoneClusterImpl.java:lambda$waitForClusterToBeReady$0(234)) - SCM became leader
2023-10-04 17:33:47,536 [dce549a2-5f1d-4e87-86ad-66203672eab3@group-D268BC40A618-FollowerState] INFO  impl.FollowerState (FollowerState.java:run(143)) - dce549a2-5f1d-4e87-86ad-66203672eab3@group-D268BC40A618-FollowerState: change to CANDIDATE, lastRpcElapsedTime:5013520692ns, electionTimeout:5013ms
2023-10-04 17:33:47,537 [dce549a2-5f1d-4e87-86ad-66203672eab3@group-D268BC40A618-FollowerState] INFO  impl.RoleInfo (RoleInfo.java:shutdownFollowerState(110)) - dce549a2-5f1d-4e87-86ad-66203672eab3: shutdown dce549a2-5f1d-4e87-86ad-66203672eab3@group-D268BC40A618-FollowerState
2023-10-04 17:33:47,537 [dce549a2-5f1d-4e87-86ad-66203672eab3@group-D268BC40A618-FollowerState] INFO  server.RaftServer$Division (RaftServerImpl.java:setRole(329)) - dce549a2-5f1d-4e87-86ad-66203672eab3@group-D268BC40A618: changes role from  FOLLOWER to CANDIDATE at term 0 for changeToCandidate
2023-10-04 17:33:47,537 [dce549a2-5f1d-4e87-86ad-66203672eab3@group-D268BC40A618-FollowerState] INFO  server.RaftServerConfigKeys (ConfUtils.java:logGet(46)) - raft.server.leaderelection.pre-vote = true (default)
2023-10-04 17:33:47,537 [dce549a2-5f1d-4e87-86ad-66203672eab3@group-D268BC40A618-FollowerState] INFO  impl.RoleInfo (RoleInfo.java:updateAndGet(139)) - dce549a2-5f1d-4e87-86ad-66203672eab3: start dce549a2-5f1d-4e87-86ad-66203672eab3@group-D268BC40A618-LeaderElection31
2023-10-04 17:33:47,541 [dce549a2-5f1d-4e87-86ad-66203672eab3@group-D268BC40A618-LeaderElection31] INFO  impl.LeaderElection (LeaderElection.java:askForVotes(321)) - dce549a2-5f1d-4e87-86ad-66203672eab3@group-D268BC40A618-LeaderElection31 PRE_VOTE round 0: submit vote requests at term 0 for -1: peers:[dce549a2-5f1d-4e87-86ad-66203672eab3|rpc:10.1.0.20:15173|admin:10.1.0.20:15172|client:10.1.0.20:15171|dataStream:10.1.0.20:15174|priority:1|startupRole:FOLLOWER]|listeners:[], old=null
2023-10-04 17:33:47,541 [dce549a2-5f1d-4e87-86ad-66203672eab3@group-D268BC40A618-LeaderElection31] INFO  impl.LeaderElection (LeaderElection.java:askForVotes(323)) - dce549a2-5f1d-4e87-86ad-66203672eab3@group-D268BC40A618-LeaderElection31 PRE_VOTE round 0: result PASSED (term=0)
2023-10-04 17:33:47,544 [dce549a2-5f1d-4e87-86ad-66203672eab3@group-D268BC40A618-LeaderElection31] INFO  impl.LeaderElection (LeaderElection.java:askForVotes(321)) - dce549a2-5f1d-4e87-86ad-66203672eab3@group-D268BC40A618-LeaderElection31 ELECTION round 0: submit vote requests at term 1 for -1: peers:[dce549a2-5f1d-4e87-86ad-66203672eab3|rpc:10.1.0.20:15173|admin:10.1.0.20:15172|client:10.1.0.20:15171|dataStream:10.1.0.20:15174|priority:1|startupRole:FOLLOWER]|listeners:[], old=null
2023-10-04 17:33:47,544 [dce549a2-5f1d-4e87-86ad-66203672eab3@group-D268BC40A618-LeaderElection31] INFO  impl.LeaderElection (LeaderElection.java:askForVotes(323)) - dce549a2-5f1d-4e87-86ad-66203672eab3@group-D268BC40A618-LeaderElection31 ELECTION round 0: result PASSED (term=1)
2023-10-04 17:33:47,544 [dce549a2-5f1d-4e87-86ad-66203672eab3@group-D268BC40A618-LeaderElection31] INFO  impl.RoleInfo (RoleInfo.java:shutdownLeaderElection(130)) - dce549a2-5f1d-4e87-86ad-66203672eab3: shutdown dce549a2-5f1d-4e87-86ad-66203672eab3@group-D268BC40A618-LeaderElection31
2023-10-04 17:33:47,544 [dce549a2-5f1d-4e87-86ad-66203672eab3@group-D268BC40A618-LeaderElection31] INFO  server.RaftServer$Division (RaftServerImpl.java:setRole(329)) - dce549a2-5f1d-4e87-86ad-66203672eab3@group-D268BC40A618: changes role from CANDIDATE to LEADER at term 1 for changeToLeader
2023-10-04 17:33:47,544 [dce549a2-5f1d-4e87-86ad-66203672eab3@group-D268BC40A618-LeaderElection31] INFO  ratis.XceiverServerRatis (XceiverServerRatis.java:handleLeaderChangedNotification(902)) - Leader change notification received for group: group-D268BC40A618 with new leaderId: dce549a2-5f1d-4e87-86ad-66203672eab3
2023-10-04 17:33:47,544 [dce549a2-5f1d-4e87-86ad-66203672eab3@group-D268BC40A618-LeaderElection31] INFO  server.RaftServer$Division (ServerState.java:setLeader(317)) - dce549a2-5f1d-4e87-86ad-66203672eab3@group-D268BC40A618: change Leader from null to dce549a2-5f1d-4e87-86ad-66203672eab3 at term 1 for becomeLeader, leader elected after 5044ms
2023-10-04 17:33:47,544 [dce549a2-5f1d-4e87-86ad-66203672eab3@group-D268BC40A618-LeaderElection31] INFO  server.RaftServerConfigKeys (ConfUtils.java:logGet(46)) - raft.server.staging.catchup.gap = 1000 (default)
2023-10-04 17:33:47,544 [dce549a2-5f1d-4e87-86ad-66203672eab3@group-D268BC40A618-LeaderElection31] INFO  server.RaftServerConfigKeys (ConfUtils.java:logGet(46)) - raft.server.write.element-limit = 1024 (custom)
2023-10-04 17:33:47,545 [dce549a2-5f1d-4e87-86ad-66203672eab3@group-D268BC40A618-LeaderElection31] INFO  server.RaftServerConfigKeys (ConfUtils.java:logGet(46)) - raft.server.write.byte-limit = 1024 M (=1073741824) (custom)
2023-10-04 17:33:47,546 [dce549a2-5f1d-4e87-86ad-66203672eab3@group-D268BC40A618-LeaderElection31] INFO  server.RaftServerConfigKeys (ConfUtils.java:logGet(46)) - raft.server.watch.timeout = 180s (custom)
2023-10-04 17:33:47,546 [dce549a2-5f1d-4e87-86ad-66203672eab3@group-D268BC40A618-LeaderElection31] INFO  server.RaftServerConfigKeys (ConfUtils.java:logGet(46)) - raft.server.watch.timeout.denomination = 1s (default)
2023-10-04 17:33:47,546 [dce549a2-5f1d-4e87-86ad-66203672eab3@group-D268BC40A618-LeaderElection31] INFO  server.RaftServerConfigKeys (ConfUtils.java:logGet(46)) - raft.server.watch.element-limit = 65536 (default)
2023-10-04 17:33:47,546 [dce549a2-5f1d-4e87-86ad-66203672eab3@group-D268BC40A618-LeaderElection31] INFO  server.RaftServerConfigKeys (ConfUtils.java:logGet(46)) - raft.server.write.element-limit = 1024 (custom)
2023-10-04 17:33:47,546 [dce549a2-5f1d-4e87-86ad-66203672eab3@group-D268BC40A618-LeaderElection31] INFO  server.RaftServerConfigKeys (ConfUtils.java:logGet(46)) - raft.server.write.follower.gap.ratio.max = -1.0 (default)
2023-10-04 17:33:47,546 [dce549a2-5f1d-4e87-86ad-66203672eab3@group-D268BC40A618-LeaderElection31] INFO  impl.RoleInfo (RoleInfo.java:updateAndGet(139)) - dce549a2-5f1d-4e87-86ad-66203672eab3: start dce549a2-5f1d-4e87-86ad-66203672eab3@group-D268BC40A618-LeaderStateImpl
2023-10-04 17:33:47,547 [EventQueue-OpenPipelineForHealthyPipelineSafeModeRule] INFO  safemode.SCMSafeModeManager (HealthyPipelineSafeModeRule.java:process(137)) - SCM in safe mode. Healthy pipelines reported count is 0, required healthy pipeline reported count is 1
2023-10-04 17:33:47,547 [dce549a2-5f1d-4e87-86ad-66203672eab3@group-D268BC40A618-LeaderElection31] INFO  segmented.SegmentedRaftLogWorker (SegmentedRaftLogWorker.java:startLogSegment(447)) - dce549a2-5f1d-4e87-86ad-66203672eab3@group-D268BC40A618-SegmentedRaftLogWorker: Starting segment from index:0
2023-10-04 17:33:47,549 [dce549a2-5f1d-4e87-86ad-66203672eab3@group-D268BC40A618-LeaderElection31] INFO  server.RaftServer$Division (ServerState.java:setRaftConf(434)) - dce549a2-5f1d-4e87-86ad-66203672eab3@group-D268BC40A618: set configuration 0: peers:[dce549a2-5f1d-4e87-86ad-66203672eab3|rpc:10.1.0.20:15173|admin:10.1.0.20:15172|client:10.1.0.20:15171|dataStream:10.1.0.20:15174|priority:1|startupRole:FOLLOWER]|listeners:[], old=null
2023-10-04 17:33:47,549 [dce549a2-5f1d-4e87-86ad-66203672eab3@group-D268BC40A618-SegmentedRaftLogWorker] INFO  segmented.SegmentedRaftLogWorker (SegmentedRaftLogWorker.java:execute(651)) - dce549a2-5f1d-4e87-86ad-66203672eab3@group-D268BC40A618-SegmentedRaftLogWorker: created new log segment /home/runner/work/ozone/ozone/hadoop-ozone/integration-test/target/test-dir/MiniOzoneClusterImpl-e9305288-83d2-469c-8969-78e040065d82/datanode-0/data/ratis/8563e188-11c9-457b-afae-d268bc40a618/current/log_inprogress_0
2023-10-04 17:33:47,630 [67c5b0d7-9e75-4e40-acfe-981c0927b9fc@group-EBA4C3C4DD7F-FollowerState] INFO  impl.FollowerState (FollowerState.java:run(143)) - 67c5b0d7-9e75-4e40-acfe-981c0927b9fc@group-EBA4C3C4DD7F-FollowerState: change to CANDIDATE, lastRpcElapsedTime:5030547774ns, electionTimeout:5030ms
2023-10-04 17:33:47,630 [67c5b0d7-9e75-4e40-acfe-981c0927b9fc@group-EBA4C3C4DD7F-FollowerState] INFO  impl.RoleInfo (RoleInfo.java:shutdownFollowerState(110)) - 67c5b0d7-9e75-4e40-acfe-981c0927b9fc: shutdown 67c5b0d7-9e75-4e40-acfe-981c0927b9fc@group-EBA4C3C4DD7F-FollowerState
2023-10-04 17:33:47,630 [67c5b0d7-9e75-4e40-acfe-981c0927b9fc@group-EBA4C3C4DD7F-FollowerState] INFO  server.RaftServer$Division (RaftServerImpl.java:setRole(329)) - 67c5b0d7-9e75-4e40-acfe-981c0927b9fc@group-EBA4C3C4DD7F: changes role from  FOLLOWER to CANDIDATE at term 0 for changeToCandidate
2023-10-04 17:33:47,630 [67c5b0d7-9e75-4e40-acfe-981c0927b9fc@group-EBA4C3C4DD7F-FollowerState] INFO  server.RaftServerConfigKeys (ConfUtils.java:logGet(46)) - raft.server.leaderelection.pre-vote = true (default)
2023-10-04 17:33:47,630 [67c5b0d7-9e75-4e40-acfe-981c0927b9fc@group-EBA4C3C4DD7F-FollowerState] INFO  impl.RoleInfo (RoleInfo.java:updateAndGet(139)) - 67c5b0d7-9e75-4e40-acfe-981c0927b9fc: start 67c5b0d7-9e75-4e40-acfe-981c0927b9fc@group-EBA4C3C4DD7F-LeaderElection32
2023-10-04 17:33:47,633 [67c5b0d7-9e75-4e40-acfe-981c0927b9fc@group-EBA4C3C4DD7F-LeaderElection32] INFO  impl.LeaderElection (LeaderElection.java:askForVotes(321)) - 67c5b0d7-9e75-4e40-acfe-981c0927b9fc@group-EBA4C3C4DD7F-LeaderElection32 PRE_VOTE round 0: submit vote requests at term 0 for -1: peers:[67c5b0d7-9e75-4e40-acfe-981c0927b9fc|rpc:10.1.0.20:15182|admin:10.1.0.20:15181|client:10.1.0.20:15180|dataStream:10.1.0.20:15183|priority:0|startupRole:FOLLOWER, dce549a2-5f1d-4e87-86ad-66203672eab3|rpc:10.1.0.20:15173|admin:10.1.0.20:15172|client:10.1.0.20:15171|dataStream:10.1.0.20:15174|priority:1|startupRole:FOLLOWER, 0fe30932-4948-4248-92da-86cdb3d75943|rpc:10.1.0.20:15191|admin:10.1.0.20:15190|client:10.1.0.20:15189|dataStream:10.1.0.20:15192|priority:0|startupRole:FOLLOWER]|listeners:[], old=null
2023-10-04 17:33:47,633 [67c5b0d7-9e75-4e40-acfe-981c0927b9fc@group-EBA4C3C4DD7F-LeaderElection32] INFO  server.RaftServerConfigKeys (ConfUtils.java:logFallback(53)) - raft.server.rpc.first-election.timeout.min = 5s (fallback to raft.server.rpc.timeout.min)
2023-10-04 17:33:47,633 [67c5b0d7-9e75-4e40-acfe-981c0927b9fc@group-EBA4C3C4DD7F-LeaderElection32-1] INFO  server.GrpcServerProtocolClient (GrpcServerProtocolClient.java:<init>(65)) - Build channel for dce549a2-5f1d-4e87-86ad-66203672eab3
2023-10-04 17:33:47,633 [67c5b0d7-9e75-4e40-acfe-981c0927b9fc@group-EBA4C3C4DD7F-LeaderElection32] INFO  server.RaftServerConfigKeys (ConfUtils.java:logFallback(53)) - raft.server.rpc.first-election.timeout.max = 5200ms (fallback to raft.server.rpc.timeout.max)
2023-10-04 17:33:47,634 [67c5b0d7-9e75-4e40-acfe-981c0927b9fc@group-EBA4C3C4DD7F-LeaderElection32-2] INFO  server.GrpcServerProtocolClient (GrpcServerProtocolClient.java:<init>(65)) - Build channel for 0fe30932-4948-4248-92da-86cdb3d75943
2023-10-04 17:33:47,649 [grpc-default-executor-0] INFO  server.RaftServer$Division (RaftServerImpl.java:requestVote(1302)) - 0fe30932-4948-4248-92da-86cdb3d75943@group-EBA4C3C4DD7F: receive requestVote(PRE_VOTE, 67c5b0d7-9e75-4e40-acfe-981c0927b9fc, group-EBA4C3C4DD7F, 0, (t:0, i:0))
2023-10-04 17:33:47,650 [grpc-default-executor-0] INFO  impl.VoteContext (VoteContext.java:log(49)) - 0fe30932-4948-4248-92da-86cdb3d75943@group-EBA4C3C4DD7F-FOLLOWER: accept PRE_VOTE from 67c5b0d7-9e75-4e40-acfe-981c0927b9fc: our priority 0 <= candidate's priority 0
2023-10-04 17:33:47,650 [grpc-default-executor-0] INFO  server.RaftServer$Division (RaftServerImpl.java:requestVote(1335)) - 0fe30932-4948-4248-92da-86cdb3d75943@group-EBA4C3C4DD7F replies to PRE_VOTE vote request: 67c5b0d7-9e75-4e40-acfe-981c0927b9fc<-0fe30932-4948-4248-92da-86cdb3d75943#0:OK-t0. Peer's state: 0fe30932-4948-4248-92da-86cdb3d75943@group-EBA4C3C4DD7F:t0, leader=null, voted=, raftlog=Memoized:0fe30932-4948-4248-92da-86cdb3d75943@group-EBA4C3C4DD7F-SegmentedRaftLog:OPENED:c-1, conf=-1: peers:[67c5b0d7-9e75-4e40-acfe-981c0927b9fc|rpc:10.1.0.20:15182|admin:10.1.0.20:15181|client:10.1.0.20:15180|dataStream:10.1.0.20:15183|priority:0|startupRole:FOLLOWER, dce549a2-5f1d-4e87-86ad-66203672eab3|rpc:10.1.0.20:15173|admin:10.1.0.20:15172|client:10.1.0.20:15171|dataStream:10.1.0.20:15174|priority:1|startupRole:FOLLOWER, 0fe30932-4948-4248-92da-86cdb3d75943|rpc:10.1.0.20:15191|admin:10.1.0.20:15190|client:10.1.0.20:15189|dataStream:10.1.0.20:15192|priority:0|startupRole:FOLLOWER]|listeners:[], old=null
2023-10-04 17:33:47,655 [grpc-default-executor-0] INFO  server.RaftServer$Division (RaftServerImpl.java:requestVote(1302)) - dce549a2-5f1d-4e87-86ad-66203672eab3@group-EBA4C3C4DD7F: receive requestVote(PRE_VOTE, 67c5b0d7-9e75-4e40-acfe-981c0927b9fc, group-EBA4C3C4DD7F, 0, (t:0, i:0))
2023-10-04 17:33:47,655 [grpc-default-executor-0] INFO  impl.VoteContext (VoteContext.java:log(49)) - dce549a2-5f1d-4e87-86ad-66203672eab3@group-EBA4C3C4DD7F-FOLLOWER: reject PRE_VOTE from 67c5b0d7-9e75-4e40-acfe-981c0927b9fc: our priority 1 > candidate's priority 0
2023-10-04 17:33:47,655 [grpc-default-executor-0] INFO  server.RaftServer$Division (RaftServerImpl.java:requestVote(1335)) - dce549a2-5f1d-4e87-86ad-66203672eab3@group-EBA4C3C4DD7F replies to PRE_VOTE vote request: 67c5b0d7-9e75-4e40-acfe-981c0927b9fc<-dce549a2-5f1d-4e87-86ad-66203672eab3#0:FAIL-t0. Peer's state: dce549a2-5f1d-4e87-86ad-66203672eab3@group-EBA4C3C4DD7F:t0, leader=null, voted=, raftlog=Memoized:dce549a2-5f1d-4e87-86ad-66203672eab3@group-EBA4C3C4DD7F-SegmentedRaftLog:OPENED:c-1, conf=-1: peers:[67c5b0d7-9e75-4e40-acfe-981c0927b9fc|rpc:10.1.0.20:15182|admin:10.1.0.20:15181|client:10.1.0.20:15180|dataStream:10.1.0.20:15183|priority:0|startupRole:FOLLOWER, dce549a2-5f1d-4e87-86ad-66203672eab3|rpc:10.1.0.20:15173|admin:10.1.0.20:15172|client:10.1.0.20:15171|dataStream:10.1.0.20:15174|priority:1|startupRole:FOLLOWER, 0fe30932-4948-4248-92da-86cdb3d75943|rpc:10.1.0.20:15191|admin:10.1.0.20:15190|client:10.1.0.20:15189|dataStream:10.1.0.20:15192|priority:0|startupRole:FOLLOWER]|listeners:[], old=null
2023-10-04 17:33:47,657 [67c5b0d7-9e75-4e40-acfe-981c0927b9fc@group-EBA4C3C4DD7F-LeaderElection32] INFO  impl.LeaderElection (LeaderElection.java:logAndReturn(90)) - 67c5b0d7-9e75-4e40-acfe-981c0927b9fc@group-EBA4C3C4DD7F-LeaderElection32: PRE_VOTE REJECTED received 2 response(s) and 0 exception(s):
2023-10-04 17:33:47,658 [67c5b0d7-9e75-4e40-acfe-981c0927b9fc@group-EBA4C3C4DD7F-LeaderElection32] INFO  impl.LeaderElection (LeaderElection.java:logAndReturn(94)) -   Response 0: 67c5b0d7-9e75-4e40-acfe-981c0927b9fc<-dce549a2-5f1d-4e87-86ad-66203672eab3#0:FAIL-t0
2023-10-04 17:33:47,658 [67c5b0d7-9e75-4e40-acfe-981c0927b9fc@group-EBA4C3C4DD7F-LeaderElection32] INFO  impl.LeaderElection (LeaderElection.java:logAndReturn(94)) -   Response 1: 67c5b0d7-9e75-4e40-acfe-981c0927b9fc<-0fe30932-4948-4248-92da-86cdb3d75943#0:OK-t0
2023-10-04 17:33:47,658 [67c5b0d7-9e75-4e40-acfe-981c0927b9fc@group-EBA4C3C4DD7F-LeaderElection32] INFO  impl.LeaderElection (LeaderElection.java:askForVotes(323)) - 67c5b0d7-9e75-4e40-acfe-981c0927b9fc@group-EBA4C3C4DD7F-LeaderElection32 PRE_VOTE round 0: result REJECTED
2023-10-04 17:33:47,658 [67c5b0d7-9e75-4e40-acfe-981c0927b9fc@group-EBA4C3C4DD7F-LeaderElection32] INFO  server.RaftServer$Division (RaftServerImpl.java:setRole(329)) - 67c5b0d7-9e75-4e40-acfe-981c0927b9fc@group-EBA4C3C4DD7F: changes role from CANDIDATE to FOLLOWER at term 0 for REJECTED
2023-10-04 17:33:47,658 [67c5b0d7-9e75-4e40-acfe-981c0927b9fc@group-EBA4C3C4DD7F-LeaderElection32] INFO  impl.RoleInfo (RoleInfo.java:shutdownLeaderElection(130)) - 67c5b0d7-9e75-4e40-acfe-981c0927b9fc: shutdown 67c5b0d7-9e75-4e40-acfe-981c0927b9fc@group-EBA4C3C4DD7F-LeaderElection32
2023-10-04 17:33:47,658 [67c5b0d7-9e75-4e40-acfe-981c0927b9fc@group-EBA4C3C4DD7F-LeaderElection32] INFO  impl.RoleInfo (RoleInfo.java:updateAndGet(139)) - 67c5b0d7-9e75-4e40-acfe-981c0927b9fc: start 67c5b0d7-9e75-4e40-acfe-981c0927b9fc@group-EBA4C3C4DD7F-FollowerState
2023-10-04 17:33:47,681 [dce549a2-5f1d-4e87-86ad-66203672eab3@group-EBA4C3C4DD7F-FollowerState] INFO  impl.FollowerState (FollowerState.java:run(143)) - dce549a2-5f1d-4e87-86ad-66203672eab3@group-EBA4C3C4DD7F-FollowerState: change to CANDIDATE, lastRpcElapsedTime:5141819301ns, electionTimeout:5140ms
2023-10-04 17:33:47,682 [dce549a2-5f1d-4e87-86ad-66203672eab3@group-EBA4C3C4DD7F-FollowerState] INFO  impl.RoleInfo (RoleInfo.java:shutdownFollowerState(110)) - dce549a2-5f1d-4e87-86ad-66203672eab3: shutdown dce549a2-5f1d-4e87-86ad-66203672eab3@group-EBA4C3C4DD7F-FollowerState
2023-10-04 17:33:47,682 [dce549a2-5f1d-4e87-86ad-66203672eab3@group-EBA4C3C4DD7F-FollowerState] INFO  server.RaftServer$Division (RaftServerImpl.java:setRole(329)) - dce549a2-5f1d-4e87-86ad-66203672eab3@group-EBA4C3C4DD7F: changes role from  FOLLOWER to CANDIDATE at term 0 for changeToCandidate
2023-10-04 17:33:47,682 [dce549a2-5f1d-4e87-86ad-66203672eab3@group-EBA4C3C4DD7F-FollowerState] INFO  server.RaftServerConfigKeys (ConfUtils.java:logGet(46)) - raft.server.leaderelection.pre-vote = true (default)
2023-10-04 17:33:47,682 [dce549a2-5f1d-4e87-86ad-66203672eab3@group-EBA4C3C4DD7F-FollowerState] INFO  impl.RoleInfo (RoleInfo.java:updateAndGet(139)) - dce549a2-5f1d-4e87-86ad-66203672eab3: start dce549a2-5f1d-4e87-86ad-66203672eab3@group-EBA4C3C4DD7F-LeaderElection33
2023-10-04 17:33:47,683 [dce549a2-5f1d-4e87-86ad-66203672eab3@group-EBA4C3C4DD7F-LeaderElection33] INFO  impl.LeaderElection (LeaderElection.java:askForVotes(321)) - dce549a2-5f1d-4e87-86ad-66203672eab3@group-EBA4C3C4DD7F-LeaderElection33 PRE_VOTE round 0: submit vote requests at term 0 for -1: peers:[67c5b0d7-9e75-4e40-acfe-981c0927b9fc|rpc:10.1.0.20:15182|admin:10.1.0.20:15181|client:10.1.0.20:15180|dataStream:10.1.0.20:15183|priority:0|startupRole:FOLLOWER, dce549a2-5f1d-4e87-86ad-66203672eab3|rpc:10.1.0.20:15173|admin:10.1.0.20:15172|client:10.1.0.20:15171|dataStream:10.1.0.20:15174|priority:1|startupRole:FOLLOWER, 0fe30932-4948-4248-92da-86cdb3d75943|rpc:10.1.0.20:15191|admin:10.1.0.20:15190|client:10.1.0.20:15189|dataStream:10.1.0.20:15192|priority:0|startupRole:FOLLOWER]|listeners:[], old=null
2023-10-04 17:33:47,684 [dce549a2-5f1d-4e87-86ad-66203672eab3@group-EBA4C3C4DD7F-LeaderElection33] INFO  server.RaftServerConfigKeys (ConfUtils.java:logFallback(53)) - raft.server.rpc.first-election.timeout.min = 5s (fallback to raft.server.rpc.timeout.min)
2023-10-04 17:33:47,684 [dce549a2-5f1d-4e87-86ad-66203672eab3@group-EBA4C3C4DD7F-LeaderElection33-1] INFO  server.GrpcServerProtocolClient (GrpcServerProtocolClient.java:<init>(65)) - Build channel for 67c5b0d7-9e75-4e40-acfe-981c0927b9fc
2023-10-04 17:33:47,684 [dce549a2-5f1d-4e87-86ad-66203672eab3@group-EBA4C3C4DD7F-LeaderElection33] INFO  server.RaftServerConfigKeys (ConfUtils.java:logFallback(53)) - raft.server.rpc.first-election.timeout.max = 5200ms (fallback to raft.server.rpc.timeout.max)
2023-10-04 17:33:47,684 [dce549a2-5f1d-4e87-86ad-66203672eab3@group-EBA4C3C4DD7F-LeaderElection33-2] INFO  server.GrpcServerProtocolClient (GrpcServerProtocolClient.java:<init>(65)) - Build channel for 0fe30932-4948-4248-92da-86cdb3d75943
2023-10-04 17:33:47,691 [grpc-default-executor-0] INFO  server.RaftServer$Division (RaftServerImpl.java:requestVote(1302)) - 67c5b0d7-9e75-4e40-acfe-981c0927b9fc@group-EBA4C3C4DD7F: receive requestVote(PRE_VOTE, dce549a2-5f1d-4e87-86ad-66203672eab3, group-EBA4C3C4DD7F, 0, (t:0, i:0))
2023-10-04 17:33:47,691 [grpc-default-executor-0] INFO  impl.VoteContext (VoteContext.java:log(49)) - 67c5b0d7-9e75-4e40-acfe-981c0927b9fc@group-EBA4C3C4DD7F-FOLLOWER: accept PRE_VOTE from dce549a2-5f1d-4e87-86ad-66203672eab3: our priority 0 <= candidate's priority 1
2023-10-04 17:33:47,692 [grpc-default-executor-0] INFO  server.RaftServer$Division (RaftServerImpl.java:requestVote(1335)) - 67c5b0d7-9e75-4e40-acfe-981c0927b9fc@group-EBA4C3C4DD7F replies to PRE_VOTE vote request: dce549a2-5f1d-4e87-86ad-66203672eab3<-67c5b0d7-9e75-4e40-acfe-981c0927b9fc#0:OK-t0. Peer's state: 67c5b0d7-9e75-4e40-acfe-981c0927b9fc@group-EBA4C3C4DD7F:t0, leader=null, voted=, raftlog=Memoized:67c5b0d7-9e75-4e40-acfe-981c0927b9fc@group-EBA4C3C4DD7F-SegmentedRaftLog:OPENED:c-1, conf=-1: peers:[67c5b0d7-9e75-4e40-acfe-981c0927b9fc|rpc:10.1.0.20:15182|admin:10.1.0.20:15181|client:10.1.0.20:15180|dataStream:10.1.0.20:15183|priority:0|startupRole:FOLLOWER, dce549a2-5f1d-4e87-86ad-66203672eab3|rpc:10.1.0.20:15173|admin:10.1.0.20:15172|client:10.1.0.20:15171|dataStream:10.1.0.20:15174|priority:1|startupRole:FOLLOWER, 0fe30932-4948-4248-92da-86cdb3d75943|rpc:10.1.0.20:15191|admin:10.1.0.20:15190|client:10.1.0.20:15189|dataStream:10.1.0.20:15192|priority:0|startupRole:FOLLOWER]|listeners:[], old=null
2023-10-04 17:33:47,696 [dce549a2-5f1d-4e87-86ad-66203672eab3@group-EBA4C3C4DD7F-LeaderElection33] INFO  impl.LeaderElection (LeaderElection.java:logAndReturn(90)) - dce549a2-5f1d-4e87-86ad-66203672eab3@group-EBA4C3C4DD7F-LeaderElection33: PRE_VOTE PASSED received 1 response(s) and 0 exception(s):
2023-10-04 17:33:47,696 [dce549a2-5f1d-4e87-86ad-66203672eab3@group-EBA4C3C4DD7F-LeaderElection33] INFO  impl.LeaderElection (LeaderElection.java:logAndReturn(94)) -   Response 0: dce549a2-5f1d-4e87-86ad-66203672eab3<-67c5b0d7-9e75-4e40-acfe-981c0927b9fc#0:OK-t0
2023-10-04 17:33:47,696 [dce549a2-5f1d-4e87-86ad-66203672eab3@group-EBA4C3C4DD7F-LeaderElection33] INFO  impl.LeaderElection (LeaderElection.java:askForVotes(323)) - dce549a2-5f1d-4e87-86ad-66203672eab3@group-EBA4C3C4DD7F-LeaderElection33 PRE_VOTE round 0: result PASSED
2023-10-04 17:33:47,698 [dce549a2-5f1d-4e87-86ad-66203672eab3@group-EBA4C3C4DD7F-LeaderElection33] INFO  impl.LeaderElection (LeaderElection.java:askForVotes(321)) - dce549a2-5f1d-4e87-86ad-66203672eab3@group-EBA4C3C4DD7F-LeaderElection33 ELECTION round 0: submit vote requests at term 1 for -1: peers:[67c5b0d7-9e75-4e40-acfe-981c0927b9fc|rpc:10.1.0.20:15182|admin:10.1.0.20:15181|client:10.1.0.20:15180|dataStream:10.1.0.20:15183|priority:0|startupRole:FOLLOWER, dce549a2-5f1d-4e87-86ad-66203672eab3|rpc:10.1.0.20:15173|admin:10.1.0.20:15172|client:10.1.0.20:15171|dataStream:10.1.0.20:15174|priority:1|startupRole:FOLLOWER, 0fe30932-4948-4248-92da-86cdb3d75943|rpc:10.1.0.20:15191|admin:10.1.0.20:15190|client:10.1.0.20:15189|dataStream:10.1.0.20:15192|priority:0|startupRole:FOLLOWER]|listeners:[], old=null
2023-10-04 17:33:47,704 [grpc-default-executor-1] INFO  server.RaftServer$Division (RaftServerImpl.java:requestVote(1302)) - 0fe30932-4948-4248-92da-86cdb3d75943@group-EBA4C3C4DD7F: receive requestVote(PRE_VOTE, dce549a2-5f1d-4e87-86ad-66203672eab3, group-EBA4C3C4DD7F, 0, (t:0, i:0))
2023-10-04 17:33:47,704 [dce549a2-5f1d-4e87-86ad-66203672eab3@group-EBA4C3C4DD7F-LeaderElection33] INFO  server.RaftServerConfigKeys (ConfUtils.java:logFallback(53)) - raft.server.rpc.first-election.timeout.min = 5s (fallback to raft.server.rpc.timeout.min)
2023-10-04 17:33:47,704 [dce549a2-5f1d-4e87-86ad-66203672eab3@group-EBA4C3C4DD7F-LeaderElection33] INFO  server.RaftServerConfigKeys (ConfUtils.java:logFallback(53)) - raft.server.rpc.first-election.timeout.max = 5200ms (fallback to raft.server.rpc.timeout.max)
2023-10-04 17:33:47,705 [grpc-default-executor-1] INFO  impl.VoteContext (VoteContext.java:log(49)) - 0fe30932-4948-4248-92da-86cdb3d75943@group-EBA4C3C4DD7F-FOLLOWER: accept PRE_VOTE from dce549a2-5f1d-4e87-86ad-66203672eab3: our priority 0 <= candidate's priority 1
2023-10-04 17:33:47,706 [grpc-default-executor-1] INFO  server.RaftServer$Division (RaftServerImpl.java:requestVote(1335)) - 0fe30932-4948-4248-92da-86cdb3d75943@group-EBA4C3C4DD7F replies to PRE_VOTE vote request: dce549a2-5f1d-4e87-86ad-66203672eab3<-0fe30932-4948-4248-92da-86cdb3d75943#0:OK-t0. Peer's state: 0fe30932-4948-4248-92da-86cdb3d75943@group-EBA4C3C4DD7F:t0, leader=null, voted=, raftlog=Memoized:0fe30932-4948-4248-92da-86cdb3d75943@group-EBA4C3C4DD7F-SegmentedRaftLog:OPENED:c-1, conf=-1: peers:[67c5b0d7-9e75-4e40-acfe-981c0927b9fc|rpc:10.1.0.20:15182|admin:10.1.0.20:15181|client:10.1.0.20:15180|dataStream:10.1.0.20:15183|priority:0|startupRole:FOLLOWER, dce549a2-5f1d-4e87-86ad-66203672eab3|rpc:10.1.0.20:15173|admin:10.1.0.20:15172|client:10.1.0.20:15171|dataStream:10.1.0.20:15174|priority:1|startupRole:FOLLOWER, 0fe30932-4948-4248-92da-86cdb3d75943|rpc:10.1.0.20:15191|admin:10.1.0.20:15190|client:10.1.0.20:15189|dataStream:10.1.0.20:15192|priority:0|startupRole:FOLLOWER]|listeners:[], old=null
2023-10-04 17:33:47,709 [grpc-default-executor-0] INFO  server.RaftServer$Division (RaftServerImpl.java:requestVote(1302)) - 0fe30932-4948-4248-92da-86cdb3d75943@group-EBA4C3C4DD7F: receive requestVote(ELECTION, dce549a2-5f1d-4e87-86ad-66203672eab3, group-EBA4C3C4DD7F, 1, (t:0, i:0))
2023-10-04 17:33:47,709 [grpc-default-executor-0] INFO  impl.VoteContext (VoteContext.java:log(49)) - 0fe30932-4948-4248-92da-86cdb3d75943@group-EBA4C3C4DD7F-FOLLOWER: accept ELECTION from dce549a2-5f1d-4e87-86ad-66203672eab3: our priority 0 <= candidate's priority 1
2023-10-04 17:33:47,709 [grpc-default-executor-1] INFO  server.RaftServer$Division (RaftServerImpl.java:requestVote(1302)) - 67c5b0d7-9e75-4e40-acfe-981c0927b9fc@group-EBA4C3C4DD7F: receive requestVote(ELECTION, dce549a2-5f1d-4e87-86ad-66203672eab3, group-EBA4C3C4DD7F, 1, (t:0, i:0))
2023-10-04 17:33:47,709 [grpc-default-executor-1] INFO  impl.VoteContext (VoteContext.java:log(49)) - 67c5b0d7-9e75-4e40-acfe-981c0927b9fc@group-EBA4C3C4DD7F-FOLLOWER: accept ELECTION from dce549a2-5f1d-4e87-86ad-66203672eab3: our priority 0 <= candidate's priority 1
2023-10-04 17:33:47,709 [grpc-default-executor-0] INFO  server.RaftServer$Division (RaftServerImpl.java:setRole(329)) - 0fe30932-4948-4248-92da-86cdb3d75943@group-EBA4C3C4DD7F: changes role from  FOLLOWER to FOLLOWER at term 1 for candidate:dce549a2-5f1d-4e87-86ad-66203672eab3
2023-10-04 17:33:47,709 [grpc-default-executor-0] INFO  impl.RoleInfo (RoleInfo.java:shutdownFollowerState(110)) - 0fe30932-4948-4248-92da-86cdb3d75943: shutdown 0fe30932-4948-4248-92da-86cdb3d75943@group-EBA4C3C4DD7F-FollowerState
2023-10-04 17:33:47,710 [grpc-default-executor-0] INFO  impl.RoleInfo (RoleInfo.java:updateAndGet(139)) - 0fe30932-4948-4248-92da-86cdb3d75943: start 0fe30932-4948-4248-92da-86cdb3d75943@group-EBA4C3C4DD7F-FollowerState
2023-10-04 17:33:47,709 [grpc-default-executor-1] INFO  server.RaftServer$Division (RaftServerImpl.java:setRole(329)) - 67c5b0d7-9e75-4e40-acfe-981c0927b9fc@group-EBA4C3C4DD7F: changes role from  FOLLOWER to FOLLOWER at term 1 for candidate:dce549a2-5f1d-4e87-86ad-66203672eab3
2023-10-04 17:33:47,710 [grpc-default-executor-1] INFO  impl.RoleInfo (RoleInfo.java:shutdownFollowerState(110)) - 67c5b0d7-9e75-4e40-acfe-981c0927b9fc: shutdown 67c5b0d7-9e75-4e40-acfe-981c0927b9fc@group-EBA4C3C4DD7F-FollowerState
2023-10-04 17:33:47,710 [0fe30932-4948-4248-92da-86cdb3d75943@group-EBA4C3C4DD7F-FollowerState] INFO  impl.FollowerState (FollowerState.java:run(152)) - 0fe30932-4948-4248-92da-86cdb3d75943@group-EBA4C3C4DD7F-FollowerState was interrupted
2023-10-04 17:33:47,713 [grpc-default-executor-1] INFO  impl.RoleInfo (RoleInfo.java:updateAndGet(139)) - 67c5b0d7-9e75-4e40-acfe-981c0927b9fc: start 67c5b0d7-9e75-4e40-acfe-981c0927b9fc@group-EBA4C3C4DD7F-FollowerState
2023-10-04 17:33:47,713 [67c5b0d7-9e75-4e40-acfe-981c0927b9fc@group-EBA4C3C4DD7F-FollowerState] INFO  impl.FollowerState (FollowerState.java:run(152)) - 67c5b0d7-9e75-4e40-acfe-981c0927b9fc@group-EBA4C3C4DD7F-FollowerState was interrupted
2023-10-04 17:33:47,719 [grpc-default-executor-0] INFO  server.RaftServer$Division (RaftServerImpl.java:requestVote(1335)) - 0fe30932-4948-4248-92da-86cdb3d75943@group-EBA4C3C4DD7F replies to ELECTION vote request: dce549a2-5f1d-4e87-86ad-66203672eab3<-0fe30932-4948-4248-92da-86cdb3d75943#0:OK-t1. Peer's state: 0fe30932-4948-4248-92da-86cdb3d75943@group-EBA4C3C4DD7F:t1, leader=null, voted=dce549a2-5f1d-4e87-86ad-66203672eab3, raftlog=Memoized:0fe30932-4948-4248-92da-86cdb3d75943@group-EBA4C3C4DD7F-SegmentedRaftLog:OPENED:c-1, conf=-1: peers:[67c5b0d7-9e75-4e40-acfe-981c0927b9fc|rpc:10.1.0.20:15182|admin:10.1.0.20:15181|client:10.1.0.20:15180|dataStream:10.1.0.20:15183|priority:0|startupRole:FOLLOWER, dce549a2-5f1d-4e87-86ad-66203672eab3|rpc:10.1.0.20:15173|admin:10.1.0.20:15172|client:10.1.0.20:15171|dataStream:10.1.0.20:15174|priority:1|startupRole:FOLLOWER, 0fe30932-4948-4248-92da-86cdb3d75943|rpc:10.1.0.20:15191|admin:10.1.0.20:15190|client:10.1.0.20:15189|dataStream:10.1.0.20:15192|priority:0|startupRole:FOLLOWER]|listeners:[], old=null
2023-10-04 17:33:47,719 [dce549a2-5f1d-4e87-86ad-66203672eab3@group-EBA4C3C4DD7F-LeaderElection33] INFO  impl.LeaderElection (LeaderElection.java:logAndReturn(90)) - dce549a2-5f1d-4e87-86ad-66203672eab3@group-EBA4C3C4DD7F-LeaderElection33: ELECTION PASSED received 1 response(s) and 0 exception(s):
2023-10-04 17:33:47,720 [dce549a2-5f1d-4e87-86ad-66203672eab3@group-EBA4C3C4DD7F-LeaderElection33] INFO  impl.LeaderElection (LeaderElection.java:logAndReturn(94)) -   Response 0: dce549a2-5f1d-4e87-86ad-66203672eab3<-0fe30932-4948-4248-92da-86cdb3d75943#0:OK-t1
2023-10-04 17:33:47,720 [dce549a2-5f1d-4e87-86ad-66203672eab3@group-EBA4C3C4DD7F-LeaderElection33] INFO  impl.LeaderElection (LeaderElection.java:askForVotes(323)) - dce549a2-5f1d-4e87-86ad-66203672eab3@group-EBA4C3C4DD7F-LeaderElection33 ELECTION round 0: result PASSED
2023-10-04 17:33:47,720 [dce549a2-5f1d-4e87-86ad-66203672eab3@group-EBA4C3C4DD7F-LeaderElection33] INFO  impl.RoleInfo (RoleInfo.java:shutdownLeaderElection(130)) - dce549a2-5f1d-4e87-86ad-66203672eab3: shutdown dce549a2-5f1d-4e87-86ad-66203672eab3@group-EBA4C3C4DD7F-LeaderElection33
2023-10-04 17:33:47,720 [dce549a2-5f1d-4e87-86ad-66203672eab3@group-EBA4C3C4DD7F-LeaderElection33] INFO  server.RaftServer$Division (RaftServerImpl.java:setRole(329)) - dce549a2-5f1d-4e87-86ad-66203672eab3@group-EBA4C3C4DD7F: changes role from CANDIDATE to LEADER at term 1 for changeToLeader
2023-10-04 17:33:47,720 [dce549a2-5f1d-4e87-86ad-66203672eab3@group-EBA4C3C4DD7F-LeaderElection33] INFO  ratis.XceiverServerRatis (XceiverServerRatis.java:handleLeaderChangedNotification(902)) - Leader change notification received for group: group-EBA4C3C4DD7F with new leaderId: dce549a2-5f1d-4e87-86ad-66203672eab3
2023-10-04 17:33:47,720 [dce549a2-5f1d-4e87-86ad-66203672eab3@group-EBA4C3C4DD7F-LeaderElection33] INFO  server.RaftServer$Division (ServerState.java:setLeader(317)) - dce549a2-5f1d-4e87-86ad-66203672eab3@group-EBA4C3C4DD7F: change Leader from null to dce549a2-5f1d-4e87-86ad-66203672eab3 at term 1 for becomeLeader, leader elected after 5193ms
2023-10-04 17:33:47,720 [dce549a2-5f1d-4e87-86ad-66203672eab3@group-EBA4C3C4DD7F-LeaderElection33] INFO  server.RaftServerConfigKeys (ConfUtils.java:logGet(46)) - raft.server.staging.catchup.gap = 1000 (default)
2023-10-04 17:33:47,720 [dce549a2-5f1d-4e87-86ad-66203672eab3@group-EBA4C3C4DD7F-LeaderElection33] INFO  server.RaftServerConfigKeys (ConfUtils.java:logGet(46)) - raft.server.write.element-limit = 1024 (custom)
2023-10-04 17:33:47,720 [dce549a2-5f1d-4e87-86ad-66203672eab3@group-EBA4C3C4DD7F-LeaderElection33] INFO  server.RaftServerConfigKeys (ConfUtils.java:logGet(46)) - raft.server.write.byte-limit = 1024 M (=1073741824) (custom)
2023-10-04 17:33:47,720 [grpc-default-executor-1] INFO  server.RaftServer$Division (RaftServerImpl.java:requestVote(1335)) - 67c5b0d7-9e75-4e40-acfe-981c0927b9fc@group-EBA4C3C4DD7F replies to ELECTION vote request: dce549a2-5f1d-4e87-86ad-66203672eab3<-67c5b0d7-9e75-4e40-acfe-981c0927b9fc#0:OK-t1. Peer's state: 67c5b0d7-9e75-4e40-acfe-981c0927b9fc@group-EBA4C3C4DD7F:t1, leader=null, voted=dce549a2-5f1d-4e87-86ad-66203672eab3, raftlog=Memoized:67c5b0d7-9e75-4e40-acfe-981c0927b9fc@group-EBA4C3C4DD7F-SegmentedRaftLog:OPENED:c-1, conf=-1: peers:[67c5b0d7-9e75-4e40-acfe-981c0927b9fc|rpc:10.1.0.20:15182|admin:10.1.0.20:15181|client:10.1.0.20:15180|dataStream:10.1.0.20:15183|priority:0|startupRole:FOLLOWER, dce549a2-5f1d-4e87-86ad-66203672eab3|rpc:10.1.0.20:15173|admin:10.1.0.20:15172|client:10.1.0.20:15171|dataStream:10.1.0.20:15174|priority:1|startupRole:FOLLOWER, 0fe30932-4948-4248-92da-86cdb3d75943|rpc:10.1.0.20:15191|admin:10.1.0.20:15190|client:10.1.0.20:15189|dataStream:10.1.0.20:15192|priority:0|startupRole:FOLLOWER]|listeners:[], old=null
2023-10-04 17:33:47,721 [dce549a2-5f1d-4e87-86ad-66203672eab3@group-EBA4C3C4DD7F-LeaderElection33] INFO  server.RaftServerConfigKeys (ConfUtils.java:logGet(46)) - raft.server.watch.timeout = 180s (custom)
2023-10-04 17:33:47,721 [dce549a2-5f1d-4e87-86ad-66203672eab3@group-EBA4C3C4DD7F-LeaderElection33] INFO  server.RaftServerConfigKeys (ConfUtils.java:logGet(46)) - raft.server.watch.timeout.denomination = 1s (default)
2023-10-04 17:33:47,721 [dce549a2-5f1d-4e87-86ad-66203672eab3@group-EBA4C3C4DD7F-LeaderElection33] INFO  server.RaftServerConfigKeys (ConfUtils.java:logGet(46)) - raft.server.watch.element-limit = 65536 (default)
2023-10-04 17:33:47,722 [dce549a2-5f1d-4e87-86ad-66203672eab3@group-EBA4C3C4DD7F-LeaderElection33] INFO  server.RaftServerConfigKeys (ConfUtils.java:logGet(46)) - raft.server.write.element-limit = 1024 (custom)
2023-10-04 17:33:47,722 [dce549a2-5f1d-4e87-86ad-66203672eab3@group-EBA4C3C4DD7F-LeaderElection33] INFO  server.RaftServerConfigKeys (ConfUtils.java:logGet(46)) - raft.server.write.follower.gap.ratio.max = -1.0 (default)
2023-10-04 17:33:47,722 [EventQueue-OpenPipelineForHealthyPipelineSafeModeRule] INFO  safemode.SCMSafeModeManager (HealthyPipelineSafeModeRule.java:process(137)) - SCM in safe mode. Healthy pipelines reported count is 0, required healthy pipeline reported count is 1
2023-10-04 17:33:47,722 [EventQueue-PipelineReportForPipelineReportHandler] INFO  pipeline.PipelineReportHandler (PipelineReportHandler.java:processPipelineReport(136)) - Opened pipeline PipelineID=dfe4d53f-0c94-404e-b5a2-eba4c3c4dd7f
2023-10-04 17:33:47,722 [dce549a2-5f1d-4e87-86ad-66203672eab3@group-EBA4C3C4DD7F-LeaderElection33] INFO  server.RaftServerConfigKeys (ConfUtils.java:logGet(46)) - raft.server.log.appender.snapshot.chunk.size.max = 16MB (=16777216) (default)
2023-10-04 17:33:47,722 [dce549a2-5f1d-4e87-86ad-66203672eab3@group-EBA4C3C4DD7F-LeaderElection33] INFO  server.RaftServerConfigKeys (ConfUtils.java:logGet(46)) - raft.server.log.appender.buffer.byte-limit = 33554432 (custom)
2023-10-04 17:33:47,722 [dce549a2-5f1d-4e87-86ad-66203672eab3@group-EBA4C3C4DD7F-LeaderElection33] INFO  server.RaftServerConfigKeys (ConfUtils.java:logGet(46)) - raft.server.log.appender.buffer.element-limit = 1 (custom)
2023-10-04 17:33:47,722 [EventQueue-OpenPipelineForHealthyPipelineSafeModeRule] INFO  safemode.SCMSafeModeManager (HealthyPipelineSafeModeRule.java:process(137)) - SCM in safe mode. Healthy pipelines reported count is 1, required healthy pipeline reported count is 1
2023-10-04 17:33:47,722 [EventQueue-OpenPipelineForHealthyPipelineSafeModeRule] INFO  safemode.SCMSafeModeManager (SCMSafeModeManager.java:validateSafeModeExitRules(200)) - HealthyPipelineSafeModeRule rule is successfully validated
2023-10-04 17:33:47,722 [EventQueue-OpenPipelineForHealthyPipelineSafeModeRule] INFO  safemode.SCMSafeModeManager (SCMSafeModeManager.java:validateSafeModeExitRules(215)) - ScmSafeModeManager, all rules are successfully validated
2023-10-04 17:33:47,722 [EventQueue-OpenPipelineForHealthyPipelineSafeModeRule] INFO  safemode.SCMSafeModeManager (SCMSafeModeManager.java:exitSafeMode(244)) - SCM exiting safe mode.
2023-10-04 17:33:47,722 [EventQueue-OpenPipelineForHealthyPipelineSafeModeRule] INFO  ha.SCMContext (SCMContext.java:updateSafeModeStatus(228)) - Update SafeModeStatus from SafeModeStatus{safeModeStatus=true, preCheckPassed=true} to SafeModeStatus{safeModeStatus=false, preCheckPassed=true}.
2023-10-04 17:33:47,722 [EventQueue-OpenPipelineForHealthyPipelineSafeModeRule] INFO  pipeline.BackgroundPipelineCreator (BackgroundPipelineCreator.java:notifyStatusChanged(255)) - Service BackgroundPipelineCreator transitions to RUNNING.
2023-10-04 17:33:47,722 [EventQueue-OpenPipelineForHealthyPipelineSafeModeRule] INFO  BackgroundPipelineScrubber (BackgroundSCMService.java:notifyStatusChanged(82)) - Service BackgroundPipelineScrubber transitions to RUNNING.
2023-10-04 17:33:47,722 [EventQueue-OpenPipelineForHealthyPipelineSafeModeRule] INFO  ExpiredContainerReplicaOpScrubber (BackgroundSCMService.java:notifyStatusChanged(82)) - Service ExpiredContainerReplicaOpScrubber transitions to RUNNING.
2023-10-04 17:33:47,722 [EventQueue-OpenPipelineForHealthyPipelineSafeModeRule] INFO  replication.ReplicationManager (ReplicationManager.java:notifyStatusChanged(1370)) - Service ReplicationManager transitions to RUNNING.
2023-10-04 17:33:47,722 [dce549a2-5f1d-4e87-86ad-66203672eab3@group-EBA4C3C4DD7F-LeaderElection33] INFO  server.RaftServerConfigKeys (ConfUtils.java:logGet(46)) - raft.server.log.appender.wait-time.min = 10ms (default)
2023-10-04 17:33:47,723 [dce549a2-5f1d-4e87-86ad-66203672eab3@group-EBA4C3C4DD7F-LeaderElection33] INFO  grpc.GrpcConfigKeys (ConfUtils.java:logGet(46)) - raft.grpc.server.leader.outstanding.appends.max = 128 (default)
2023-10-04 17:33:47,723 [EventQueue-OpenPipelineForHealthyPipelineSafeModeRule] WARN  balancer.ContainerBalancer (ContainerBalancer.java:shouldRun(134)) - Could not find persisted configuration for ContainerBalancer when checking if ContainerBalancer should run. ContainerBalancer should not run now.
2023-10-04 17:33:47,723 [dce549a2-5f1d-4e87-86ad-66203672eab3@group-EBA4C3C4DD7F-LeaderElection33] INFO  server.RaftServerConfigKeys (ConfUtils.java:logGet(46)) - raft.server.rpc.request.timeout = 60s (custom)
2023-10-04 17:33:47,723 [dce549a2-5f1d-4e87-86ad-66203672eab3@group-EBA4C3C4DD7F-LeaderElection33] INFO  grpc.GrpcConfigKeys (ConfUtils.java:logGet(46)) - raft.grpc.server.install_snapshot.request.element-limit = 8 (default)
2023-10-04 17:33:47,723 [dce549a2-5f1d-4e87-86ad-66203672eab3@group-EBA4C3C4DD7F-LeaderElection33] INFO  grpc.GrpcConfigKeys (ConfUtils.java:logGet(46)) - raft.grpc.server.install_snapshot.request.timeout = 3000ms (default)
2023-10-04 17:33:47,723 [dce549a2-5f1d-4e87-86ad-66203672eab3@group-EBA4C3C4DD7F-LeaderElection33] INFO  server.RaftServerConfigKeys (ConfUtils.java:logGet(46)) - raft.server.log.appender.install.snapshot.enabled = false (custom)
2023-10-04 17:33:47,723 [dce549a2-5f1d-4e87-86ad-66203672eab3@group-EBA4C3C4DD7F-LeaderElection33] INFO  grpc.GrpcConfigKeys (ConfUtils.java:logGet(46)) - raft.grpc.server.heartbeat.channel = true (default)
2023-10-04 17:33:47,724 [dce549a2-5f1d-4e87-86ad-66203672eab3@group-EBA4C3C4DD7F-LeaderElection33] INFO  server.RaftServerConfigKeys (ConfUtils.java:logGet(46)) - raft.server.log.appender.snapshot.chunk.size.max = 16MB (=16777216) (default)
2023-10-04 17:33:47,724 [dce549a2-5f1d-4e87-86ad-66203672eab3@group-EBA4C3C4DD7F-LeaderElection33] INFO  server.RaftServerConfigKeys (ConfUtils.java:logGet(46)) - raft.server.log.appender.buffer.byte-limit = 33554432 (custom)
2023-10-04 17:33:47,724 [dce549a2-5f1d-4e87-86ad-66203672eab3@group-EBA4C3C4DD7F-LeaderElection33] INFO  server.RaftServerConfigKeys (ConfUtils.java:logGet(46)) - raft.server.log.appender.buffer.element-limit = 1 (custom)
2023-10-04 17:33:47,724 [dce549a2-5f1d-4e87-86ad-66203672eab3@group-EBA4C3C4DD7F-LeaderElection33] INFO  server.RaftServerConfigKeys (ConfUtils.java:logGet(46)) - raft.server.log.appender.wait-time.min = 10ms (default)
2023-10-04 17:33:47,724 [dce549a2-5f1d-4e87-86ad-66203672eab3@group-EBA4C3C4DD7F-LeaderElection33] INFO  grpc.GrpcConfigKeys (ConfUtils.java:logGet(46)) - raft.grpc.server.leader.outstanding.appends.max = 128 (default)
2023-10-04 17:33:47,724 [dce549a2-5f1d-4e87-86ad-66203672eab3@group-EBA4C3C4DD7F-LeaderElection33] INFO  server.RaftServerConfigKeys (ConfUtils.java:logGet(46)) - raft.server.rpc.request.timeout = 60s (custom)
2023-10-04 17:33:47,724 [dce549a2-5f1d-4e87-86ad-66203672eab3@group-EBA4C3C4DD7F-LeaderElection33] INFO  grpc.GrpcConfigKeys (ConfUtils.java:logGet(46)) - raft.grpc.server.install_snapshot.request.element-limit = 8 (default)
2023-10-04 17:33:47,724 [dce549a2-5f1d-4e87-86ad-66203672eab3@group-EBA4C3C4DD7F-LeaderElection33] INFO  grpc.GrpcConfigKeys (ConfUtils.java:logGet(46)) - raft.grpc.server.install_snapshot.request.timeout = 3000ms (default)
2023-10-04 17:33:47,724 [dce549a2-5f1d-4e87-86ad-66203672eab3@group-EBA4C3C4DD7F-LeaderElection33] INFO  server.RaftServerConfigKeys (ConfUtils.java:logGet(46)) - raft.server.log.appender.install.snapshot.enabled = false (custom)
2023-10-04 17:33:47,724 [dce549a2-5f1d-4e87-86ad-66203672eab3@group-EBA4C3C4DD7F-LeaderElection33] INFO  grpc.GrpcConfigKeys (ConfUtils.java:logGet(46)) - raft.grpc.server.heartbeat.channel = true (default)
2023-10-04 17:33:47,724 [dce549a2-5f1d-4e87-86ad-66203672eab3@group-EBA4C3C4DD7F-LeaderElection33] INFO  impl.RoleInfo (RoleInfo.java:updateAndGet(139)) - dce549a2-5f1d-4e87-86ad-66203672eab3: start dce549a2-5f1d-4e87-86ad-66203672eab3@group-EBA4C3C4DD7F-LeaderStateImpl
2023-10-04 17:33:47,724 [dce549a2-5f1d-4e87-86ad-66203672eab3@group-EBA4C3C4DD7F-LeaderElection33] INFO  segmented.SegmentedRaftLogWorker (SegmentedRaftLogWorker.java:startLogSegment(447)) - dce549a2-5f1d-4e87-86ad-66203672eab3@group-EBA4C3C4DD7F-SegmentedRaftLogWorker: Starting segment from index:0
2023-10-04 17:33:47,726 [dce549a2-5f1d-4e87-86ad-66203672eab3@group-EBA4C3C4DD7F-SegmentedRaftLogWorker] INFO  segmented.SegmentedRaftLogWorker (SegmentedRaftLogWorker.java:execute(651)) - dce549a2-5f1d-4e87-86ad-66203672eab3@group-EBA4C3C4DD7F-SegmentedRaftLogWorker: created new log segment /home/runner/work/ozone/ozone/hadoop-ozone/integration-test/target/test-dir/MiniOzoneClusterImpl-e9305288-83d2-469c-8969-78e040065d82/datanode-0/data/ratis/dfe4d53f-0c94-404e-b5a2-eba4c3c4dd7f/current/log_inprogress_0
2023-10-04 17:33:47,726 [dce549a2-5f1d-4e87-86ad-66203672eab3@group-EBA4C3C4DD7F-LeaderElection33] INFO  server.RaftServer$Division (ServerState.java:setRaftConf(434)) - dce549a2-5f1d-4e87-86ad-66203672eab3@group-EBA4C3C4DD7F: set configuration 0: peers:[67c5b0d7-9e75-4e40-acfe-981c0927b9fc|rpc:10.1.0.20:15182|admin:10.1.0.20:15181|client:10.1.0.20:15180|dataStream:10.1.0.20:15183|priority:0|startupRole:FOLLOWER, dce549a2-5f1d-4e87-86ad-66203672eab3|rpc:10.1.0.20:15173|admin:10.1.0.20:15172|client:10.1.0.20:15171|dataStream:10.1.0.20:15174|priority:1|startupRole:FOLLOWER, 0fe30932-4948-4248-92da-86cdb3d75943|rpc:10.1.0.20:15191|admin:10.1.0.20:15190|client:10.1.0.20:15189|dataStream:10.1.0.20:15192|priority:0|startupRole:FOLLOWER]|listeners:[], old=null
2023-10-04 17:33:47,737 [0fe30932-4948-4248-92da-86cdb3d75943-server-thread1] INFO  ratis.XceiverServerRatis (XceiverServerRatis.java:handleLeaderChangedNotification(902)) - Leader change notification received for group: group-EBA4C3C4DD7F with new leaderId: dce549a2-5f1d-4e87-86ad-66203672eab3
2023-10-04 17:33:47,737 [0fe30932-4948-4248-92da-86cdb3d75943-server-thread1] INFO  server.RaftServer$Division (ServerState.java:setLeader(317)) - 0fe30932-4948-4248-92da-86cdb3d75943@group-EBA4C3C4DD7F: change Leader from null to dce549a2-5f1d-4e87-86ad-66203672eab3 at term 1 for appendEntries, leader elected after 5183ms
2023-10-04 17:33:47,743 [67c5b0d7-9e75-4e40-acfe-981c0927b9fc-server-thread1] INFO  ratis.XceiverServerRatis (XceiverServerRatis.java:handleLeaderChangedNotification(902)) - Leader change notification received for group: group-EBA4C3C4DD7F with new leaderId: dce549a2-5f1d-4e87-86ad-66203672eab3
2023-10-04 17:33:47,743 [67c5b0d7-9e75-4e40-acfe-981c0927b9fc-server-thread1] INFO  server.RaftServer$Division (ServerState.java:setLeader(317)) - 67c5b0d7-9e75-4e40-acfe-981c0927b9fc@group-EBA4C3C4DD7F: change Leader from null to dce549a2-5f1d-4e87-86ad-66203672eab3 at term 1 for appendEntries, leader elected after 5157ms
2023-10-04 17:33:47,748 [dce549a2-5f1d-4e87-86ad-66203672eab3@group-040533358E15-FollowerState] INFO  impl.FollowerState (FollowerState.java:run(143)) - dce549a2-5f1d-4e87-86ad-66203672eab3@group-040533358E15-FollowerState: change to CANDIDATE, lastRpcElapsedTime:5122582228ns, electionTimeout:5121ms
2023-10-04 17:33:47,749 [dce549a2-5f1d-4e87-86ad-66203672eab3@group-040533358E15-FollowerState] INFO  impl.RoleInfo (RoleInfo.java:shutdownFollowerState(110)) - dce549a2-5f1d-4e87-86ad-66203672eab3: shutdown dce549a2-5f1d-4e87-86ad-66203672eab3@group-040533358E15-FollowerState
2023-10-04 17:33:47,749 [dce549a2-5f1d-4e87-86ad-66203672eab3@group-040533358E15-FollowerState] INFO  server.RaftServer$Division (RaftServerImpl.java:setRole(329)) - dce549a2-5f1d-4e87-86ad-66203672eab3@group-040533358E15: changes role from  FOLLOWER to CANDIDATE at term 0 for changeToCandidate
2023-10-04 17:33:47,750 [dce549a2-5f1d-4e87-86ad-66203672eab3@group-040533358E15-FollowerState] INFO  server.RaftServerConfigKeys (ConfUtils.java:logGet(46)) - raft.server.leaderelection.pre-vote = true (default)
2023-10-04 17:33:47,750 [dce549a2-5f1d-4e87-86ad-66203672eab3@group-040533358E15-FollowerState] INFO  impl.RoleInfo (RoleInfo.java:updateAndGet(139)) - dce549a2-5f1d-4e87-86ad-66203672eab3: start dce549a2-5f1d-4e87-86ad-66203672eab3@group-040533358E15-LeaderElection34
2023-10-04 17:33:47,762 [67c5b0d7-9e75-4e40-acfe-981c0927b9fc@group-040533358E15-FollowerState] INFO  impl.FollowerState (FollowerState.java:run(143)) - 67c5b0d7-9e75-4e40-acfe-981c0927b9fc@group-040533358E15-FollowerState: change to CANDIDATE, lastRpcElapsedTime:5101769383ns, electionTimeout:5097ms
2023-10-04 17:33:47,762 [main] INFO  ozone.MiniOzoneClusterImpl (MiniOzoneClusterImpl.java:lambda$waitForClusterToBeReady$0(229)) - Nodes are ready. Got 5 of 5 DN Heartbeats.
2023-10-04 17:33:47,762 [main] INFO  ozone.MiniOzoneClusterImpl (MiniOzoneClusterImpl.java:lambda$waitForClusterToBeReady$0(232)) - Cluster exits safe mode
2023-10-04 17:33:47,762 [main] INFO  ozone.MiniOzoneClusterImpl (MiniOzoneClusterImpl.java:lambda$waitForClusterToBeReady$0(234)) - SCM became leader
2023-10-04 17:33:47,762 [67c5b0d7-9e75-4e40-acfe-981c0927b9fc@group-040533358E15-FollowerState] INFO  impl.RoleInfo (RoleInfo.java:shutdownFollowerState(110)) - 67c5b0d7-9e75-4e40-acfe-981c0927b9fc: shutdown 67c5b0d7-9e75-4e40-acfe-981c0927b9fc@group-040533358E15-FollowerState
2023-10-04 17:33:47,762 [67c5b0d7-9e75-4e40-acfe-981c0927b9fc@group-040533358E15-FollowerState] INFO  server.RaftServer$Division (RaftServerImpl.java:setRole(329)) - 67c5b0d7-9e75-4e40-acfe-981c0927b9fc@group-040533358E15: changes role from  FOLLOWER to CANDIDATE at term 0 for changeToCandidate
2023-10-04 17:33:47,762 [67c5b0d7-9e75-4e40-acfe-981c0927b9fc@group-040533358E15-FollowerState] INFO  server.RaftServerConfigKeys (ConfUtils.java:logGet(46)) - raft.server.leaderelection.pre-vote = true (default)
2023-10-04 17:33:47,762 [67c5b0d7-9e75-4e40-acfe-981c0927b9fc@group-040533358E15-FollowerState] INFO  impl.RoleInfo (RoleInfo.java:updateAndGet(139)) - 67c5b0d7-9e75-4e40-acfe-981c0927b9fc: start 67c5b0d7-9e75-4e40-acfe-981c0927b9fc@group-040533358E15-LeaderElection35
2023-10-04 17:33:47,768 [67c5b0d7-9e75-4e40-acfe-981c0927b9fc@group-040533358E15-LeaderElection35] INFO  impl.LeaderElection (LeaderElection.java:askForVotes(321)) - 67c5b0d7-9e75-4e40-acfe-981c0927b9fc@group-040533358E15-LeaderElection35 PRE_VOTE round 0: submit vote requests at term 0 for -1: peers:[67c5b0d7-9e75-4e40-acfe-981c0927b9fc|rpc:10.1.0.20:15182|admin:10.1.0.20:15181|client:10.1.0.20:15180|dataStream:10.1.0.20:15183|priority:0|startupRole:FOLLOWER, dce549a2-5f1d-4e87-86ad-66203672eab3|rpc:10.1.0.20:15173|admin:10.1.0.20:15172|client:10.1.0.20:15171|dataStream:10.1.0.20:15174|priority:0|startupRole:FOLLOWER, 0fe30932-4948-4248-92da-86cdb3d75943|rpc:10.1.0.20:15191|admin:10.1.0.20:15190|client:10.1.0.20:15189|dataStream:10.1.0.20:15192|priority:1|startupRole:FOLLOWER]|listeners:[], old=null
2023-10-04 17:33:47,768 [67c5b0d7-9e75-4e40-acfe-981c0927b9fc-server-thread2] INFO  server.RaftServer$Division (ServerState.java:setRaftConf(434)) - 67c5b0d7-9e75-4e40-acfe-981c0927b9fc@group-EBA4C3C4DD7F: set configuration 0: peers:[67c5b0d7-9e75-4e40-acfe-981c0927b9fc|rpc:10.1.0.20:15182|admin:10.1.0.20:15181|client:10.1.0.20:15180|dataStream:10.1.0.20:15183|priority:0|startupRole:FOLLOWER, dce549a2-5f1d-4e87-86ad-66203672eab3|rpc:10.1.0.20:15173|admin:10.1.0.20:15172|client:10.1.0.20:15171|dataStream:10.1.0.20:15174|priority:1|startupRole:FOLLOWER, 0fe30932-4948-4248-92da-86cdb3d75943|rpc:10.1.0.20:15191|admin:10.1.0.20:15190|client:10.1.0.20:15189|dataStream:10.1.0.20:15192|priority:0|startupRole:FOLLOWER]|listeners:[], old=null
2023-10-04 17:33:47,768 [67c5b0d7-9e75-4e40-acfe-981c0927b9fc-server-thread2] INFO  segmented.SegmentedRaftLogWorker (SegmentedRaftLogWorker.java:startLogSegment(447)) - 67c5b0d7-9e75-4e40-acfe-981c0927b9fc@group-EBA4C3C4DD7F-SegmentedRaftLogWorker: Starting segment from index:0
2023-10-04 17:33:47,768 [dce549a2-5f1d-4e87-86ad-66203672eab3@group-040533358E15-LeaderElection34] INFO  impl.LeaderElection (LeaderElection.java:askForVotes(321)) - dce549a2-5f1d-4e87-86ad-66203672eab3@group-040533358E15-LeaderElection34 PRE_VOTE round 0: submit vote requests at term 0 for -1: peers:[67c5b0d7-9e75-4e40-acfe-981c0927b9fc|rpc:10.1.0.20:15182|admin:10.1.0.20:15181|client:10.1.0.20:15180|dataStream:10.1.0.20:15183|priority:0|startupRole:FOLLOWER, dce549a2-5f1d-4e87-86ad-66203672eab3|rpc:10.1.0.20:15173|admin:10.1.0.20:15172|client:10.1.0.20:15171|dataStream:10.1.0.20:15174|priority:0|startupRole:FOLLOWER, 0fe30932-4948-4248-92da-86cdb3d75943|rpc:10.1.0.20:15191|admin:10.1.0.20:15190|client:10.1.0.20:15189|dataStream:10.1.0.20:15192|priority:1|startupRole:FOLLOWER]|listeners:[], old=null
2023-10-04 17:33:47,768 [67c5b0d7-9e75-4e40-acfe-981c0927b9fc@group-040533358E15-LeaderElection35] INFO  server.RaftServerConfigKeys (ConfUtils.java:logFallback(53)) - raft.server.rpc.first-election.timeout.min = 5s (fallback to raft.server.rpc.timeout.min)
2023-10-04 17:33:47,769 [67c5b0d7-9e75-4e40-acfe-981c0927b9fc@group-040533358E15-LeaderElection35] INFO  server.RaftServerConfigKeys (ConfUtils.java:logFallback(53)) - raft.server.rpc.first-election.timeout.max = 5200ms (fallback to raft.server.rpc.timeout.max)
2023-10-04 17:33:47,769 [0fe30932-4948-4248-92da-86cdb3d75943-server-thread3] INFO  server.RaftServer$Division (ServerState.java:setRaftConf(434)) - 0fe30932-4948-4248-92da-86cdb3d75943@group-EBA4C3C4DD7F: set configuration 0: peers:[67c5b0d7-9e75-4e40-acfe-981c0927b9fc|rpc:10.1.0.20:15182|admin:10.1.0.20:15181|client:10.1.0.20:15180|dataStream:10.1.0.20:15183|priority:0|startupRole:FOLLOWER, dce549a2-5f1d-4e87-86ad-66203672eab3|rpc:10.1.0.20:15173|admin:10.1.0.20:15172|client:10.1.0.20:15171|dataStream:10.1.0.20:15174|priority:1|startupRole:FOLLOWER, 0fe30932-4948-4248-92da-86cdb3d75943|rpc:10.1.0.20:15191|admin:10.1.0.20:15190|client:10.1.0.20:15189|dataStream:10.1.0.20:15192|priority:0|startupRole:FOLLOWER]|listeners:[], old=null
2023-10-04 17:33:47,769 [0fe30932-4948-4248-92da-86cdb3d75943-server-thread3] INFO  segmented.SegmentedRaftLogWorker (SegmentedRaftLogWorker.java:startLogSegment(447)) - 0fe30932-4948-4248-92da-86cdb3d75943@group-EBA4C3C4DD7F-SegmentedRaftLogWorker: Starting segment from index:0
2023-10-04 17:33:47,769 [dce549a2-5f1d-4e87-86ad-66203672eab3@group-040533358E15-LeaderElection34] INFO  server.RaftServerConfigKeys (ConfUtils.java:logFallback(53)) - raft.server.rpc.first-election.timeout.min = 5s (fallback to raft.server.rpc.timeout.min)
2023-10-04 17:33:47,769 [dce549a2-5f1d-4e87-86ad-66203672eab3@group-040533358E15-LeaderElection34] INFO  server.RaftServerConfigKeys (ConfUtils.java:logFallback(53)) - raft.server.rpc.first-election.timeout.max = 5200ms (fallback to raft.server.rpc.timeout.max)
2023-10-04 17:33:47,774 [0fe30932-4948-4248-92da-86cdb3d75943@group-EBA4C3C4DD7F-SegmentedRaftLogWorker] INFO  segmented.SegmentedRaftLogWorker (SegmentedRaftLogWorker.java:execute(651)) - 0fe30932-4948-4248-92da-86cdb3d75943@group-EBA4C3C4DD7F-SegmentedRaftLogWorker: created new log segment /home/runner/work/ozone/ozone/hadoop-ozone/integration-test/target/test-dir/MiniOzoneClusterImpl-e9305288-83d2-469c-8969-78e040065d82/datanode-2/data/ratis/dfe4d53f-0c94-404e-b5a2-eba4c3c4dd7f/current/log_inprogress_0
2023-10-04 17:33:47,775 [67c5b0d7-9e75-4e40-acfe-981c0927b9fc@group-EBA4C3C4DD7F-SegmentedRaftLogWorker] INFO  segmented.SegmentedRaftLogWorker (SegmentedRaftLogWorker.java:execute(651)) - 67c5b0d7-9e75-4e40-acfe-981c0927b9fc@group-EBA4C3C4DD7F-SegmentedRaftLogWorker: created new log segment /home/runner/work/ozone/ozone/hadoop-ozone/integration-test/target/test-dir/MiniOzoneClusterImpl-e9305288-83d2-469c-8969-78e040065d82/datanode-1/data/ratis/dfe4d53f-0c94-404e-b5a2-eba4c3c4dd7f/current/log_inprogress_0
2023-10-04 17:33:47,777 [grpc-default-executor-3] INFO  server.RaftServer$Division (RaftServerImpl.java:requestVote(1302)) - 67c5b0d7-9e75-4e40-acfe-981c0927b9fc@group-040533358E15: receive requestVote(PRE_VOTE, dce549a2-5f1d-4e87-86ad-66203672eab3, group-040533358E15, 0, (t:0, i:0))
2023-10-04 17:33:47,777 [grpc-default-executor-3] INFO  impl.VoteContext (VoteContext.java:log(49)) - 67c5b0d7-9e75-4e40-acfe-981c0927b9fc@group-040533358E15-CANDIDATE: accept PRE_VOTE from dce549a2-5f1d-4e87-86ad-66203672eab3: our priority 0 <= candidate's priority 0
2023-10-04 17:33:47,777 [grpc-default-executor-3] INFO  server.RaftServer$Division (RaftServerImpl.java:requestVote(1335)) - 67c5b0d7-9e75-4e40-acfe-981c0927b9fc@group-040533358E15 replies to PRE_VOTE vote request: dce549a2-5f1d-4e87-86ad-66203672eab3<-67c5b0d7-9e75-4e40-acfe-981c0927b9fc#0:OK-t0. Peer's state: 67c5b0d7-9e75-4e40-acfe-981c0927b9fc@group-040533358E15:t0, leader=null, voted=, raftlog=Memoized:67c5b0d7-9e75-4e40-acfe-981c0927b9fc@group-040533358E15-SegmentedRaftLog:OPENED:c-1, conf=-1: peers:[67c5b0d7-9e75-4e40-acfe-981c0927b9fc|rpc:10.1.0.20:15182|admin:10.1.0.20:15181|client:10.1.0.20:15180|dataStream:10.1.0.20:15183|priority:0|startupRole:FOLLOWER, dce549a2-5f1d-4e87-86ad-66203672eab3|rpc:10.1.0.20:15173|admin:10.1.0.20:15172|client:10.1.0.20:15171|dataStream:10.1.0.20:15174|priority:0|startupRole:FOLLOWER, 0fe30932-4948-4248-92da-86cdb3d75943|rpc:10.1.0.20:15191|admin:10.1.0.20:15190|client:10.1.0.20:15189|dataStream:10.1.0.20:15192|priority:1|startupRole:FOLLOWER]|listeners:[], old=null
2023-10-04 17:33:47,778 [0fe30932-4948-4248-92da-86cdb3d75943@group-040533358E15-FollowerState] INFO  impl.FollowerState (FollowerState.java:run(143)) - 0fe30932-4948-4248-92da-86cdb3d75943@group-040533358E15-FollowerState: change to CANDIDATE, lastRpcElapsedTime:5036590925ns, electionTimeout:5035ms
2023-10-04 17:33:47,778 [0fe30932-4948-4248-92da-86cdb3d75943@group-040533358E15-FollowerState] INFO  impl.RoleInfo (RoleInfo.java:shutdownFollowerState(110)) - 0fe30932-4948-4248-92da-86cdb3d75943: shutdown 0fe30932-4948-4248-92da-86cdb3d75943@group-040533358E15-FollowerState
2023-10-04 17:33:47,779 [0fe30932-4948-4248-92da-86cdb3d75943@group-040533358E15-FollowerState] INFO  server.RaftServer$Division (RaftServerImpl.java:setRole(329)) - 0fe30932-4948-4248-92da-86cdb3d75943@group-040533358E15: changes role from  FOLLOWER to CANDIDATE at term 0 for changeToCandidate
2023-10-04 17:33:47,779 [0fe30932-4948-4248-92da-86cdb3d75943@group-040533358E15-FollowerState] INFO  server.RaftServerConfigKeys (ConfUtils.java:logGet(46)) - raft.server.leaderelection.pre-vote = true (default)
2023-10-04 17:33:47,779 [0fe30932-4948-4248-92da-86cdb3d75943@group-040533358E15-FollowerState] INFO  impl.RoleInfo (RoleInfo.java:updateAndGet(139)) - 0fe30932-4948-4248-92da-86cdb3d75943: start 0fe30932-4948-4248-92da-86cdb3d75943@group-040533358E15-LeaderElection36
2023-10-04 17:33:47,783 [grpc-default-executor-0] INFO  server.RaftServer$Division (RaftServerImpl.java:requestVote(1302)) - 0fe30932-4948-4248-92da-86cdb3d75943@group-040533358E15: receive requestVote(PRE_VOTE, 67c5b0d7-9e75-4e40-acfe-981c0927b9fc, group-040533358E15, 0, (t:0, i:0))
2023-10-04 17:33:47,783 [grpc-default-executor-3] INFO  server.RaftServer$Division (RaftServerImpl.java:requestVote(1302)) - dce549a2-5f1d-4e87-86ad-66203672eab3@group-040533358E15: receive requestVote(PRE_VOTE, 67c5b0d7-9e75-4e40-acfe-981c0927b9fc, group-040533358E15, 0, (t:0, i:0))
2023-10-04 17:33:47,783 [grpc-default-executor-3] INFO  impl.VoteContext (VoteContext.java:log(49)) - dce549a2-5f1d-4e87-86ad-66203672eab3@group-040533358E15-CANDIDATE: accept PRE_VOTE from 67c5b0d7-9e75-4e40-acfe-981c0927b9fc: our priority 0 <= candidate's priority 0
2023-10-04 17:33:47,783 [grpc-default-executor-3] INFO  server.RaftServer$Division (RaftServerImpl.java:requestVote(1335)) - dce549a2-5f1d-4e87-86ad-66203672eab3@group-040533358E15 replies to PRE_VOTE vote request: 67c5b0d7-9e75-4e40-acfe-981c0927b9fc<-dce549a2-5f1d-4e87-86ad-66203672eab3#0:OK-t0. Peer's state: dce549a2-5f1d-4e87-86ad-66203672eab3@group-040533358E15:t0, leader=null, voted=, raftlog=Memoized:dce549a2-5f1d-4e87-86ad-66203672eab3@group-040533358E15-SegmentedRaftLog:OPENED:c-1, conf=-1: peers:[67c5b0d7-9e75-4e40-acfe-981c0927b9fc|rpc:10.1.0.20:15182|admin:10.1.0.20:15181|client:10.1.0.20:15180|dataStream:10.1.0.20:15183|priority:0|startupRole:FOLLOWER, dce549a2-5f1d-4e87-86ad-66203672eab3|rpc:10.1.0.20:15173|admin:10.1.0.20:15172|client:10.1.0.20:15171|dataStream:10.1.0.20:15174|priority:0|startupRole:FOLLOWER, 0fe30932-4948-4248-92da-86cdb3d75943|rpc:10.1.0.20:15191|admin:10.1.0.20:15190|client:10.1.0.20:15189|dataStream:10.1.0.20:15192|priority:1|startupRole:FOLLOWER]|listeners:[], old=null
2023-10-04 17:33:47,787 [grpc-default-executor-0] INFO  impl.VoteContext (VoteContext.java:log(49)) - 0fe30932-4948-4248-92da-86cdb3d75943@group-040533358E15-CANDIDATE: reject PRE_VOTE from 67c5b0d7-9e75-4e40-acfe-981c0927b9fc: our priority 1 > candidate's priority 0
2023-10-04 17:33:47,787 [grpc-default-executor-0] INFO  server.RaftServer$Division (RaftServerImpl.java:requestVote(1335)) - 0fe30932-4948-4248-92da-86cdb3d75943@group-040533358E15 replies to PRE_VOTE vote request: 67c5b0d7-9e75-4e40-acfe-981c0927b9fc<-0fe30932-4948-4248-92da-86cdb3d75943#0:FAIL-t0. Peer's state: 0fe30932-4948-4248-92da-86cdb3d75943@group-040533358E15:t0, leader=null, voted=, raftlog=Memoized:0fe30932-4948-4248-92da-86cdb3d75943@group-040533358E15-SegmentedRaftLog:OPENED:c-1, conf=-1: peers:[67c5b0d7-9e75-4e40-acfe-981c0927b9fc|rpc:10.1.0.20:15182|admin:10.1.0.20:15181|client:10.1.0.20:15180|dataStream:10.1.0.20:15183|priority:0|startupRole:FOLLOWER, dce549a2-5f1d-4e87-86ad-66203672eab3|rpc:10.1.0.20:15173|admin:10.1.0.20:15172|client:10.1.0.20:15171|dataStream:10.1.0.20:15174|priority:0|startupRole:FOLLOWER, 0fe30932-4948-4248-92da-86cdb3d75943|rpc:10.1.0.20:15191|admin:10.1.0.20:15190|client:10.1.0.20:15189|dataStream:10.1.0.20:15192|priority:1|startupRole:FOLLOWER]|listeners:[], old=null
2023-10-04 17:33:47,787 [grpc-default-executor-2] INFO  server.RaftServer$Division (RaftServerImpl.java:requestVote(1302)) - 0fe30932-4948-4248-92da-86cdb3d75943@group-040533358E15: receive requestVote(PRE_VOTE, dce549a2-5f1d-4e87-86ad-66203672eab3, group-040533358E15, 0, (t:0, i:0))
2023-10-04 17:33:47,790 [67c5b0d7-9e75-4e40-acfe-981c0927b9fc@group-040533358E15-LeaderElection35] INFO  impl.LeaderElection (LeaderElection.java:logAndReturn(90)) - 67c5b0d7-9e75-4e40-acfe-981c0927b9fc@group-040533358E15-LeaderElection35: PRE_VOTE REJECTED received 2 response(s) and 0 exception(s):
2023-10-04 17:33:47,790 [67c5b0d7-9e75-4e40-acfe-981c0927b9fc@group-040533358E15-LeaderElection35] INFO  impl.LeaderElection (LeaderElection.java:logAndReturn(94)) -   Response 0: 67c5b0d7-9e75-4e40-acfe-981c0927b9fc<-dce549a2-5f1d-4e87-86ad-66203672eab3#0:OK-t0
2023-10-04 17:33:47,790 [67c5b0d7-9e75-4e40-acfe-981c0927b9fc@group-040533358E15-LeaderElection35] INFO  impl.LeaderElection (LeaderElection.java:logAndReturn(94)) -   Response 1: 67c5b0d7-9e75-4e40-acfe-981c0927b9fc<-0fe30932-4948-4248-92da-86cdb3d75943#0:FAIL-t0
2023-10-04 17:33:47,790 [67c5b0d7-9e75-4e40-acfe-981c0927b9fc@group-040533358E15-LeaderElection35] INFO  impl.LeaderElection (LeaderElection.java:askForVotes(323)) - 67c5b0d7-9e75-4e40-acfe-981c0927b9fc@group-040533358E15-LeaderElection35 PRE_VOTE round 0: result REJECTED
2023-10-04 17:33:47,790 [67c5b0d7-9e75-4e40-acfe-981c0927b9fc@group-040533358E15-LeaderElection35] INFO  server.RaftServer$Division (RaftServerImpl.java:setRole(329)) - 67c5b0d7-9e75-4e40-acfe-981c0927b9fc@group-040533358E15: changes role from CANDIDATE to FOLLOWER at term 0 for REJECTED
2023-10-04 17:33:47,790 [67c5b0d7-9e75-4e40-acfe-981c0927b9fc@group-040533358E15-LeaderElection35] INFO  impl.RoleInfo (RoleInfo.java:shutdownLeaderElection(130)) - 67c5b0d7-9e75-4e40-acfe-981c0927b9fc: shutdown 67c5b0d7-9e75-4e40-acfe-981c0927b9fc@group-040533358E15-LeaderElection35
2023-10-04 17:33:47,790 [67c5b0d7-9e75-4e40-acfe-981c0927b9fc@group-040533358E15-LeaderElection35] INFO  impl.RoleInfo (RoleInfo.java:updateAndGet(139)) - 67c5b0d7-9e75-4e40-acfe-981c0927b9fc: start 67c5b0d7-9e75-4e40-acfe-981c0927b9fc@group-040533358E15-FollowerState
2023-10-04 17:33:47,791 [grpc-default-executor-2] INFO  impl.VoteContext (VoteContext.java:log(49)) - 0fe30932-4948-4248-92da-86cdb3d75943@group-040533358E15-CANDIDATE: reject PRE_VOTE from dce549a2-5f1d-4e87-86ad-66203672eab3: our priority 1 > candidate's priority 0
2023-10-04 17:33:47,791 [grpc-default-executor-2] INFO  server.RaftServer$Division (RaftServerImpl.java:requestVote(1335)) - 0fe30932-4948-4248-92da-86cdb3d75943@group-040533358E15 replies to PRE_VOTE vote request: dce549a2-5f1d-4e87-86ad-66203672eab3<-0fe30932-4948-4248-92da-86cdb3d75943#0:FAIL-t0. Peer's state: 0fe30932-4948-4248-92da-86cdb3d75943@group-040533358E15:t0, leader=null, voted=, raftlog=Memoized:0fe30932-4948-4248-92da-86cdb3d75943@group-040533358E15-SegmentedRaftLog:OPENED:c-1, conf=-1: peers:[67c5b0d7-9e75-4e40-acfe-981c0927b9fc|rpc:10.1.0.20:15182|admin:10.1.0.20:15181|client:10.1.0.20:15180|dataStream:10.1.0.20:15183|priority:0|startupRole:FOLLOWER, dce549a2-5f1d-4e87-86ad-66203672eab3|rpc:10.1.0.20:15173|admin:10.1.0.20:15172|client:10.1.0.20:15171|dataStream:10.1.0.20:15174|priority:0|startupRole:FOLLOWER, 0fe30932-4948-4248-92da-86cdb3d75943|rpc:10.1.0.20:15191|admin:10.1.0.20:15190|client:10.1.0.20:15189|dataStream:10.1.0.20:15192|priority:1|startupRole:FOLLOWER]|listeners:[], old=null
2023-10-04 17:33:47,791 [0fe30932-4948-4248-92da-86cdb3d75943@group-040533358E15-LeaderElection36] INFO  impl.LeaderElection (LeaderElection.java:askForVotes(321)) - 0fe30932-4948-4248-92da-86cdb3d75943@group-040533358E15-LeaderElection36 PRE_VOTE round 0: submit vote requests at term 0 for -1: peers:[67c5b0d7-9e75-4e40-acfe-981c0927b9fc|rpc:10.1.0.20:15182|admin:10.1.0.20:15181|client:10.1.0.20:15180|dataStream:10.1.0.20:15183|priority:0|startupRole:FOLLOWER, dce549a2-5f1d-4e87-86ad-66203672eab3|rpc:10.1.0.20:15173|admin:10.1.0.20:15172|client:10.1.0.20:15171|dataStream:10.1.0.20:15174|priority:0|startupRole:FOLLOWER, 0fe30932-4948-4248-92da-86cdb3d75943|rpc:10.1.0.20:15191|admin:10.1.0.20:15190|client:10.1.0.20:15189|dataStream:10.1.0.20:15192|priority:1|startupRole:FOLLOWER]|listeners:[], old=null
2023-10-04 17:33:47,796 [dce549a2-5f1d-4e87-86ad-66203672eab3@group-040533358E15-LeaderElection34] INFO  impl.LeaderElection (LeaderElection.java:logAndReturn(90)) - dce549a2-5f1d-4e87-86ad-66203672eab3@group-040533358E15-LeaderElection34: PRE_VOTE REJECTED received 2 response(s) and 0 exception(s):
2023-10-04 17:33:47,796 [dce549a2-5f1d-4e87-86ad-66203672eab3@group-040533358E15-LeaderElection34] INFO  impl.LeaderElection (LeaderElection.java:logAndReturn(94)) -   Response 0: dce549a2-5f1d-4e87-86ad-66203672eab3<-67c5b0d7-9e75-4e40-acfe-981c0927b9fc#0:OK-t0
2023-10-04 17:33:47,796 [dce549a2-5f1d-4e87-86ad-66203672eab3@group-040533358E15-LeaderElection34] INFO  impl.LeaderElection (LeaderElection.java:logAndReturn(94)) -   Response 1: dce549a2-5f1d-4e87-86ad-66203672eab3<-0fe30932-4948-4248-92da-86cdb3d75943#0:FAIL-t0
2023-10-04 17:33:47,799 [dce549a2-5f1d-4e87-86ad-66203672eab3@group-040533358E15-LeaderElection34] INFO  impl.LeaderElection (LeaderElection.java:askForVotes(323)) - dce549a2-5f1d-4e87-86ad-66203672eab3@group-040533358E15-LeaderElection34 PRE_VOTE round 0: result REJECTED
2023-10-04 17:33:47,799 [dce549a2-5f1d-4e87-86ad-66203672eab3@group-040533358E15-LeaderElection34] INFO  server.RaftServer$Division (RaftServerImpl.java:setRole(329)) - dce549a2-5f1d-4e87-86ad-66203672eab3@group-040533358E15: changes role from CANDIDATE to FOLLOWER at term 0 for REJECTED
2023-10-04 17:33:47,800 [0fe30932-4948-4248-92da-86cdb3d75943@group-040533358E15-LeaderElection36-1] INFO  server.GrpcServerProtocolClient (GrpcServerProtocolClient.java:<init>(65)) - Build channel for 67c5b0d7-9e75-4e40-acfe-981c0927b9fc
2023-10-04 17:33:47,803 [dce549a2-5f1d-4e87-86ad-66203672eab3@group-040533358E15-LeaderElection34] INFO  impl.RoleInfo (RoleInfo.java:shutdownLeaderElection(130)) - dce549a2-5f1d-4e87-86ad-66203672eab3: shutdown dce549a2-5f1d-4e87-86ad-66203672eab3@group-040533358E15-LeaderElection34
2023-10-04 17:33:47,803 [dce549a2-5f1d-4e87-86ad-66203672eab3@group-040533358E15-LeaderElection34] INFO  impl.RoleInfo (RoleInfo.java:updateAndGet(139)) - dce549a2-5f1d-4e87-86ad-66203672eab3: start dce549a2-5f1d-4e87-86ad-66203672eab3@group-040533358E15-FollowerState
2023-10-04 17:33:47,800 [0fe30932-4948-4248-92da-86cdb3d75943@group-040533358E15-LeaderElection36-2] INFO  server.GrpcServerProtocolClient (GrpcServerProtocolClient.java:<init>(65)) - Build channel for dce549a2-5f1d-4e87-86ad-66203672eab3
2023-10-04 17:33:47,800 [0fe30932-4948-4248-92da-86cdb3d75943@group-040533358E15-LeaderElection36] INFO  server.RaftServerConfigKeys (ConfUtils.java:logFallback(53)) - raft.server.rpc.first-election.timeout.min = 5s (fallback to raft.server.rpc.timeout.min)
2023-10-04 17:33:47,804 [0fe30932-4948-4248-92da-86cdb3d75943@group-040533358E15-LeaderElection36] INFO  server.RaftServerConfigKeys (ConfUtils.java:logFallback(53)) - raft.server.rpc.first-election.timeout.max = 5200ms (fallback to raft.server.rpc.timeout.max)
2023-10-04 17:33:47,827 [grpc-default-executor-2] INFO  server.RaftServer$Division (RaftServerImpl.java:requestVote(1302)) - dce549a2-5f1d-4e87-86ad-66203672eab3@group-040533358E15: receive requestVote(PRE_VOTE, 0fe30932-4948-4248-92da-86cdb3d75943, group-040533358E15, 0, (t:0, i:0))
2023-10-04 17:33:47,828 [main] INFO  rpc.RpcClient (RpcClient.java:createVolume(462)) - Creating Volume: volume37245, with user89602 as owner and space quota set to -1 bytes, counts quota set to -1
2023-10-04 17:33:47,828 [grpc-default-executor-2] INFO  impl.VoteContext (VoteContext.java:log(49)) - dce549a2-5f1d-4e87-86ad-66203672eab3@group-040533358E15-FOLLOWER: accept PRE_VOTE from 0fe30932-4948-4248-92da-86cdb3d75943: our priority 0 <= candidate's priority 1
2023-10-04 17:33:47,828 [grpc-default-executor-2] INFO  server.RaftServer$Division (RaftServerImpl.java:requestVote(1335)) - dce549a2-5f1d-4e87-86ad-66203672eab3@group-040533358E15 replies to PRE_VOTE vote request: 0fe30932-4948-4248-92da-86cdb3d75943<-dce549a2-5f1d-4e87-86ad-66203672eab3#0:OK-t0. Peer's state: dce549a2-5f1d-4e87-86ad-66203672eab3@group-040533358E15:t0, leader=null, voted=, raftlog=Memoized:dce549a2-5f1d-4e87-86ad-66203672eab3@group-040533358E15-SegmentedRaftLog:OPENED:c-1, conf=-1: peers:[67c5b0d7-9e75-4e40-acfe-981c0927b9fc|rpc:10.1.0.20:15182|admin:10.1.0.20:15181|client:10.1.0.20:15180|dataStream:10.1.0.20:15183|priority:0|startupRole:FOLLOWER, dce549a2-5f1d-4e87-86ad-66203672eab3|rpc:10.1.0.20:15173|admin:10.1.0.20:15172|client:10.1.0.20:15171|dataStream:10.1.0.20:15174|priority:0|startupRole:FOLLOWER, 0fe30932-4948-4248-92da-86cdb3d75943|rpc:10.1.0.20:15191|admin:10.1.0.20:15190|client:10.1.0.20:15189|dataStream:10.1.0.20:15192|priority:1|startupRole:FOLLOWER]|listeners:[], old=null
2023-10-04 17:33:47,829 [IPC Server handler 1 on default port 15163] INFO  volume.OMVolumeCreateRequest (OMVolumeCreateRequest.java:validateAndUpdateCache(196)) - created volume:volume37245 for user:user89602
2023-10-04 17:33:47,830 [grpc-default-executor-3] INFO  server.RaftServer$Division (RaftServerImpl.java:requestVote(1302)) - 67c5b0d7-9e75-4e40-acfe-981c0927b9fc@group-040533358E15: receive requestVote(PRE_VOTE, 0fe30932-4948-4248-92da-86cdb3d75943, group-040533358E15, 0, (t:0, i:0))
2023-10-04 17:33:47,830 [grpc-default-executor-3] INFO  impl.VoteContext (VoteContext.java:log(49)) - 67c5b0d7-9e75-4e40-acfe-981c0927b9fc@group-040533358E15-FOLLOWER: accept PRE_VOTE from 0fe30932-4948-4248-92da-86cdb3d75943: our priority 0 <= candidate's priority 1
2023-10-04 17:33:47,830 [grpc-default-executor-3] INFO  server.RaftServer$Division (RaftServerImpl.java:requestVote(1335)) - 67c5b0d7-9e75-4e40-acfe-981c0927b9fc@group-040533358E15 replies to PRE_VOTE vote request: 0fe30932-4948-4248-92da-86cdb3d75943<-67c5b0d7-9e75-4e40-acfe-981c0927b9fc#0:OK-t0. Peer's state: 67c5b0d7-9e75-4e40-acfe-981c0927b9fc@group-040533358E15:t0, leader=null, voted=, raftlog=Memoized:67c5b0d7-9e75-4e40-acfe-981c0927b9fc@group-040533358E15-SegmentedRaftLog:OPENED:c-1, conf=-1: peers:[67c5b0d7-9e75-4e40-acfe-981c0927b9fc|rpc:10.1.0.20:15182|admin:10.1.0.20:15181|client:10.1.0.20:15180|dataStream:10.1.0.20:15183|priority:0|startupRole:FOLLOWER, dce549a2-5f1d-4e87-86ad-66203672eab3|rpc:10.1.0.20:15173|admin:10.1.0.20:15172|client:10.1.0.20:15171|dataStream:10.1.0.20:15174|priority:0|startupRole:FOLLOWER, 0fe30932-4948-4248-92da-86cdb3d75943|rpc:10.1.0.20:15191|admin:10.1.0.20:15190|client:10.1.0.20:15189|dataStream:10.1.0.20:15192|priority:1|startupRole:FOLLOWER]|listeners:[], old=null
2023-10-04 17:33:47,833 [0fe30932-4948-4248-92da-86cdb3d75943@group-040533358E15-LeaderElection36] INFO  impl.LeaderElection (LeaderElection.java:logAndReturn(90)) - 0fe30932-4948-4248-92da-86cdb3d75943@group-040533358E15-LeaderElection36: PRE_VOTE PASSED received 1 response(s) and 0 exception(s):
2023-10-04 17:33:47,833 [0fe30932-4948-4248-92da-86cdb3d75943@group-040533358E15-LeaderElection36] INFO  impl.LeaderElection (LeaderElection.java:logAndReturn(94)) -   Response 0: 0fe30932-4948-4248-92da-86cdb3d75943<-dce549a2-5f1d-4e87-86ad-66203672eab3#0:OK-t0
2023-10-04 17:33:47,833 [0fe30932-4948-4248-92da-86cdb3d75943@group-040533358E15-LeaderElection36] INFO  impl.LeaderElection (LeaderElection.java:askForVotes(323)) - 0fe30932-4948-4248-92da-86cdb3d75943@group-040533358E15-LeaderElection36 PRE_VOTE round 0: result PASSED
2023-10-04 17:33:47,835 [0fe30932-4948-4248-92da-86cdb3d75943@group-040533358E15-LeaderElection36] INFO  impl.LeaderElection (LeaderElection.java:askForVotes(321)) - 0fe30932-4948-4248-92da-86cdb3d75943@group-040533358E15-LeaderElection36 ELECTION round 0: submit vote requests at term 1 for -1: peers:[67c5b0d7-9e75-4e40-acfe-981c0927b9fc|rpc:10.1.0.20:15182|admin:10.1.0.20:15181|client:10.1.0.20:15180|dataStream:10.1.0.20:15183|priority:0|startupRole:FOLLOWER, dce549a2-5f1d-4e87-86ad-66203672eab3|rpc:10.1.0.20:15173|admin:10.1.0.20:15172|client:10.1.0.20:15171|dataStream:10.1.0.20:15174|priority:0|startupRole:FOLLOWER, 0fe30932-4948-4248-92da-86cdb3d75943|rpc:10.1.0.20:15191|admin:10.1.0.20:15190|client:10.1.0.20:15189|dataStream:10.1.0.20:15192|priority:1|startupRole:FOLLOWER]|listeners:[], old=null
2023-10-04 17:33:47,836 [0fe30932-4948-4248-92da-86cdb3d75943@group-040533358E15-LeaderElection36] INFO  server.RaftServerConfigKeys (ConfUtils.java:logFallback(53)) - raft.server.rpc.first-election.timeout.min = 5s (fallback to raft.server.rpc.timeout.min)
2023-10-04 17:33:47,836 [0fe30932-4948-4248-92da-86cdb3d75943@group-040533358E15-LeaderElection36] INFO  server.RaftServerConfigKeys (ConfUtils.java:logFallback(53)) - raft.server.rpc.first-election.timeout.max = 5200ms (fallback to raft.server.rpc.timeout.max)
2023-10-04 17:33:47,837 [main] INFO  rpc.RpcClient (RpcClient.java:createBucket(689)) - Creating Bucket: volume37245/bucket80016, with bucket layout LEGACY, runner as owner, Versioning false, Storage Type set to DISK and Encryption set to false, Replication Type set to server-side default replication type, Namespace Quota set to -1, Space Quota set to -1 
2023-10-04 17:33:47,838 [grpc-default-executor-2] INFO  server.RaftServer$Division (RaftServerImpl.java:requestVote(1302)) - 67c5b0d7-9e75-4e40-acfe-981c0927b9fc@group-040533358E15: receive requestVote(ELECTION, 0fe30932-4948-4248-92da-86cdb3d75943, group-040533358E15, 1, (t:0, i:0))
2023-10-04 17:33:47,838 [grpc-default-executor-2] INFO  impl.VoteContext (VoteContext.java:log(49)) - 67c5b0d7-9e75-4e40-acfe-981c0927b9fc@group-040533358E15-FOLLOWER: accept ELECTION from 0fe30932-4948-4248-92da-86cdb3d75943: our priority 0 <= candidate's priority 1
2023-10-04 17:33:47,838 [grpc-default-executor-2] INFO  server.RaftServer$Division (RaftServerImpl.java:setRole(329)) - 67c5b0d7-9e75-4e40-acfe-981c0927b9fc@group-040533358E15: changes role from  FOLLOWER to FOLLOWER at term 1 for candidate:0fe30932-4948-4248-92da-86cdb3d75943
2023-10-04 17:33:47,838 [grpc-default-executor-2] INFO  impl.RoleInfo (RoleInfo.java:shutdownFollowerState(110)) - 67c5b0d7-9e75-4e40-acfe-981c0927b9fc: shutdown 67c5b0d7-9e75-4e40-acfe-981c0927b9fc@group-040533358E15-FollowerState
2023-10-04 17:33:47,838 [grpc-default-executor-2] INFO  impl.RoleInfo (RoleInfo.java:updateAndGet(139)) - 67c5b0d7-9e75-4e40-acfe-981c0927b9fc: start 67c5b0d7-9e75-4e40-acfe-981c0927b9fc@group-040533358E15-FollowerState
2023-10-04 17:33:47,838 [67c5b0d7-9e75-4e40-acfe-981c0927b9fc@group-040533358E15-FollowerState] INFO  impl.FollowerState (FollowerState.java:run(152)) - 67c5b0d7-9e75-4e40-acfe-981c0927b9fc@group-040533358E15-FollowerState was interrupted
2023-10-04 17:33:47,841 [grpc-default-executor-3] INFO  server.RaftServer$Division (RaftServerImpl.java:requestVote(1302)) - dce549a2-5f1d-4e87-86ad-66203672eab3@group-040533358E15: receive requestVote(ELECTION, 0fe30932-4948-4248-92da-86cdb3d75943, group-040533358E15, 1, (t:0, i:0))
2023-10-04 17:33:47,841 [grpc-default-executor-3] INFO  impl.VoteContext (VoteContext.java:log(49)) - dce549a2-5f1d-4e87-86ad-66203672eab3@group-040533358E15-FOLLOWER: accept ELECTION from 0fe30932-4948-4248-92da-86cdb3d75943: our priority 0 <= candidate's priority 1
2023-10-04 17:33:47,841 [grpc-default-executor-3] INFO  server.RaftServer$Division (RaftServerImpl.java:setRole(329)) - dce549a2-5f1d-4e87-86ad-66203672eab3@group-040533358E15: changes role from  FOLLOWER to FOLLOWER at term 1 for candidate:0fe30932-4948-4248-92da-86cdb3d75943
2023-10-04 17:33:47,841 [grpc-default-executor-3] INFO  impl.RoleInfo (RoleInfo.java:shutdownFollowerState(110)) - dce549a2-5f1d-4e87-86ad-66203672eab3: shutdown dce549a2-5f1d-4e87-86ad-66203672eab3@group-040533358E15-FollowerState
2023-10-04 17:33:47,841 [grpc-default-executor-3] INFO  impl.RoleInfo (RoleInfo.java:updateAndGet(139)) - dce549a2-5f1d-4e87-86ad-66203672eab3: start dce549a2-5f1d-4e87-86ad-66203672eab3@group-040533358E15-FollowerState
2023-10-04 17:33:47,841 [dce549a2-5f1d-4e87-86ad-66203672eab3@group-040533358E15-FollowerState] INFO  impl.FollowerState (FollowerState.java:run(152)) - dce549a2-5f1d-4e87-86ad-66203672eab3@group-040533358E15-FollowerState was interrupted
2023-10-04 17:33:47,842 [IPC Server handler 6 on default port 15163] INFO  bucket.OMBucketCreateRequest (OMBucketCreateRequest.java:validateAndUpdateCache(270)) - created bucket: bucket80016 of layout LEGACY in volume: volume37245
2023-10-04 17:33:47,842 [grpc-default-executor-2] INFO  server.RaftServer$Division (RaftServerImpl.java:requestVote(1335)) - 67c5b0d7-9e75-4e40-acfe-981c0927b9fc@group-040533358E15 replies to ELECTION vote request: 0fe30932-4948-4248-92da-86cdb3d75943<-67c5b0d7-9e75-4e40-acfe-981c0927b9fc#0:OK-t1. Peer's state: 67c5b0d7-9e75-4e40-acfe-981c0927b9fc@group-040533358E15:t1, leader=null, voted=0fe30932-4948-4248-92da-86cdb3d75943, raftlog=Memoized:67c5b0d7-9e75-4e40-acfe-981c0927b9fc@group-040533358E15-SegmentedRaftLog:OPENED:c-1, conf=-1: peers:[67c5b0d7-9e75-4e40-acfe-981c0927b9fc|rpc:10.1.0.20:15182|admin:10.1.0.20:15181|client:10.1.0.20:15180|dataStream:10.1.0.20:15183|priority:0|startupRole:FOLLOWER, dce549a2-5f1d-4e87-86ad-66203672eab3|rpc:10.1.0.20:15173|admin:10.1.0.20:15172|client:10.1.0.20:15171|dataStream:10.1.0.20:15174|priority:0|startupRole:FOLLOWER, 0fe30932-4948-4248-92da-86cdb3d75943|rpc:10.1.0.20:15191|admin:10.1.0.20:15190|client:10.1.0.20:15189|dataStream:10.1.0.20:15192|priority:1|startupRole:FOLLOWER]|listeners:[], old=null
2023-10-04 17:33:47,844 [grpc-default-executor-3] INFO  server.RaftServer$Division (RaftServerImpl.java:requestVote(1335)) - dce549a2-5f1d-4e87-86ad-66203672eab3@group-040533358E15 replies to ELECTION vote request: 0fe30932-4948-4248-92da-86cdb3d75943<-dce549a2-5f1d-4e87-86ad-66203672eab3#0:OK-t1. Peer's state: dce549a2-5f1d-4e87-86ad-66203672eab3@group-040533358E15:t1, leader=null, voted=0fe30932-4948-4248-92da-86cdb3d75943, raftlog=Memoized:dce549a2-5f1d-4e87-86ad-66203672eab3@group-040533358E15-SegmentedRaftLog:OPENED:c-1, conf=-1: peers:[67c5b0d7-9e75-4e40-acfe-981c0927b9fc|rpc:10.1.0.20:15182|admin:10.1.0.20:15181|client:10.1.0.20:15180|dataStream:10.1.0.20:15183|priority:0|startupRole:FOLLOWER, dce549a2-5f1d-4e87-86ad-66203672eab3|rpc:10.1.0.20:15173|admin:10.1.0.20:15172|client:10.1.0.20:15171|dataStream:10.1.0.20:15174|priority:0|startupRole:FOLLOWER, 0fe30932-4948-4248-92da-86cdb3d75943|rpc:10.1.0.20:15191|admin:10.1.0.20:15190|client:10.1.0.20:15189|dataStream:10.1.0.20:15192|priority:1|startupRole:FOLLOWER]|listeners:[], old=null
2023-10-04 17:33:47,848 [0fe30932-4948-4248-92da-86cdb3d75943@group-040533358E15-LeaderElection36] INFO  impl.LeaderElection (LeaderElection.java:logAndReturn(90)) - 0fe30932-4948-4248-92da-86cdb3d75943@group-040533358E15-LeaderElection36: ELECTION PASSED received 1 response(s) and 0 exception(s):
2023-10-04 17:33:47,848 [0fe30932-4948-4248-92da-86cdb3d75943@group-040533358E15-LeaderElection36] INFO  impl.LeaderElection (LeaderElection.java:logAndReturn(94)) -   Response 0: 0fe30932-4948-4248-92da-86cdb3d75943<-67c5b0d7-9e75-4e40-acfe-981c0927b9fc#0:OK-t1
2023-10-04 17:33:47,849 [0fe30932-4948-4248-92da-86cdb3d75943@group-040533358E15-LeaderElection36] INFO  impl.LeaderElection (LeaderElection.java:askForVotes(323)) - 0fe30932-4948-4248-92da-86cdb3d75943@group-040533358E15-LeaderElection36 ELECTION round 0: result PASSED
2023-10-04 17:33:47,849 [0fe30932-4948-4248-92da-86cdb3d75943@group-040533358E15-LeaderElection36] INFO  impl.RoleInfo (RoleInfo.java:shutdownLeaderElection(130)) - 0fe30932-4948-4248-92da-86cdb3d75943: shutdown 0fe30932-4948-4248-92da-86cdb3d75943@group-040533358E15-LeaderElection36
2023-10-04 17:33:47,849 [0fe30932-4948-4248-92da-86cdb3d75943@group-040533358E15-LeaderElection36] INFO  server.RaftServer$Division (RaftServerImpl.java:setRole(329)) - 0fe30932-4948-4248-92da-86cdb3d75943@group-040533358E15: changes role from CANDIDATE to LEADER at term 1 for changeToLeader
2023-10-04 17:33:47,849 [0fe30932-4948-4248-92da-86cdb3d75943@group-040533358E15-LeaderElection36] INFO  ratis.XceiverServerRatis (XceiverServerRatis.java:handleLeaderChangedNotification(902)) - Leader change notification received for group: group-040533358E15 with new leaderId: 0fe30932-4948-4248-92da-86cdb3d75943
2023-10-04 17:33:47,849 [0fe30932-4948-4248-92da-86cdb3d75943@group-040533358E15-LeaderElection36] INFO  server.RaftServer$Division (ServerState.java:setLeader(317)) - 0fe30932-4948-4248-92da-86cdb3d75943@group-040533358E15: change Leader from null to 0fe30932-4948-4248-92da-86cdb3d75943 at term 1 for becomeLeader, leader elected after 5167ms
2023-10-04 17:33:47,849 [0fe30932-4948-4248-92da-86cdb3d75943@group-040533358E15-LeaderElection36] INFO  server.RaftServerConfigKeys (ConfUtils.java:logGet(46)) - raft.server.staging.catchup.gap = 1000 (default)
2023-10-04 17:33:47,849 [0fe30932-4948-4248-92da-86cdb3d75943@group-040533358E15-LeaderElection36] INFO  server.RaftServerConfigKeys (ConfUtils.java:logGet(46)) - raft.server.write.element-limit = 1024 (custom)
2023-10-04 17:33:47,849 [0fe30932-4948-4248-92da-86cdb3d75943@group-040533358E15-LeaderElection36] INFO  server.RaftServerConfigKeys (ConfUtils.java:logGet(46)) - raft.server.write.byte-limit = 1024 M (=1073741824) (custom)
2023-10-04 17:33:47,849 [0fe30932-4948-4248-92da-86cdb3d75943@group-040533358E15-LeaderElection36] INFO  server.RaftServerConfigKeys (ConfUtils.java:logGet(46)) - raft.server.watch.timeout = 180s (custom)
2023-10-04 17:33:47,849 [0fe30932-4948-4248-92da-86cdb3d75943@group-040533358E15-LeaderElection36] INFO  server.RaftServerConfigKeys (ConfUtils.java:logGet(46)) - raft.server.watch.timeout.denomination = 1s (default)
2023-10-04 17:33:47,849 [0fe30932-4948-4248-92da-86cdb3d75943@group-040533358E15-LeaderElection36] INFO  server.RaftServerConfigKeys (ConfUtils.java:logGet(46)) - raft.server.watch.element-limit = 65536 (default)
2023-10-04 17:33:47,849 [0fe30932-4948-4248-92da-86cdb3d75943@group-040533358E15-LeaderElection36] INFO  server.RaftServerConfigKeys (ConfUtils.java:logGet(46)) - raft.server.write.element-limit = 1024 (custom)
2023-10-04 17:33:47,850 [0fe30932-4948-4248-92da-86cdb3d75943@group-040533358E15-LeaderElection36] INFO  server.RaftServerConfigKeys (ConfUtils.java:logGet(46)) - raft.server.write.follower.gap.ratio.max = -1.0 (default)
2023-10-04 17:33:47,850 [0fe30932-4948-4248-92da-86cdb3d75943@group-040533358E15-LeaderElection36] INFO  server.RaftServerConfigKeys (ConfUtils.java:logGet(46)) - raft.server.log.appender.snapshot.chunk.size.max = 16MB (=16777216) (default)
2023-10-04 17:33:47,850 [0fe30932-4948-4248-92da-86cdb3d75943@group-040533358E15-LeaderElection36] INFO  server.RaftServerConfigKeys (ConfUtils.java:logGet(46)) - raft.server.log.appender.buffer.byte-limit = 33554432 (custom)
2023-10-04 17:33:47,850 [0fe30932-4948-4248-92da-86cdb3d75943@group-040533358E15-LeaderElection36] INFO  server.RaftServerConfigKeys (ConfUtils.java:logGet(46)) - raft.server.log.appender.buffer.element-limit = 1 (custom)
2023-10-04 17:33:47,850 [0fe30932-4948-4248-92da-86cdb3d75943@group-040533358E15-LeaderElection36] INFO  server.RaftServerConfigKeys (ConfUtils.java:logGet(46)) - raft.server.log.appender.wait-time.min = 10ms (default)
2023-10-04 17:33:47,850 [0fe30932-4948-4248-92da-86cdb3d75943@group-040533358E15-LeaderElection36] INFO  grpc.GrpcConfigKeys (ConfUtils.java:logGet(46)) - raft.grpc.server.leader.outstanding.appends.max = 128 (default)
2023-10-04 17:33:47,850 [0fe30932-4948-4248-92da-86cdb3d75943@group-040533358E15-LeaderElection36] INFO  server.RaftServerConfigKeys (ConfUtils.java:logGet(46)) - raft.server.rpc.request.timeout = 60s (custom)
2023-10-04 17:33:47,850 [0fe30932-4948-4248-92da-86cdb3d75943@group-040533358E15-LeaderElection36] INFO  grpc.GrpcConfigKeys (ConfUtils.java:logGet(46)) - raft.grpc.server.install_snapshot.request.element-limit = 8 (default)
2023-10-04 17:33:47,850 [0fe30932-4948-4248-92da-86cdb3d75943@group-040533358E15-LeaderElection36] INFO  grpc.GrpcConfigKeys (ConfUtils.java:logGet(46)) - raft.grpc.server.install_snapshot.request.timeout = 3000ms (default)
2023-10-04 17:33:47,850 [0fe30932-4948-4248-92da-86cdb3d75943@group-040533358E15-LeaderElection36] INFO  server.RaftServerConfigKeys (ConfUtils.java:logGet(46)) - raft.server.log.appender.install.snapshot.enabled = false (custom)
2023-10-04 17:33:47,850 [0fe30932-4948-4248-92da-86cdb3d75943@group-040533358E15-LeaderElection36] INFO  grpc.GrpcConfigKeys (ConfUtils.java:logGet(46)) - raft.grpc.server.heartbeat.channel = true (default)
2023-10-04 17:33:47,851 [0fe30932-4948-4248-92da-86cdb3d75943@group-040533358E15-LeaderElection36] INFO  server.RaftServerConfigKeys (ConfUtils.java:logGet(46)) - raft.server.log.appender.snapshot.chunk.size.max = 16MB (=16777216) (default)
2023-10-04 17:33:47,851 [0fe30932-4948-4248-92da-86cdb3d75943@group-040533358E15-LeaderElection36] INFO  server.RaftServerConfigKeys (ConfUtils.java:logGet(46)) - raft.server.log.appender.buffer.byte-limit = 33554432 (custom)
2023-10-04 17:33:47,851 [0fe30932-4948-4248-92da-86cdb3d75943@group-040533358E15-LeaderElection36] INFO  server.RaftServerConfigKeys (ConfUtils.java:logGet(46)) - raft.server.log.appender.buffer.element-limit = 1 (custom)
2023-10-04 17:33:47,851 [0fe30932-4948-4248-92da-86cdb3d75943@group-040533358E15-LeaderElection36] INFO  server.RaftServerConfigKeys (ConfUtils.java:logGet(46)) - raft.server.log.appender.wait-time.min = 10ms (default)
2023-10-04 17:33:47,851 [0fe30932-4948-4248-92da-86cdb3d75943@group-040533358E15-LeaderElection36] INFO  grpc.GrpcConfigKeys (ConfUtils.java:logGet(46)) - raft.grpc.server.leader.outstanding.appends.max = 128 (default)
2023-10-04 17:33:47,851 [0fe30932-4948-4248-92da-86cdb3d75943@group-040533358E15-LeaderElection36] INFO  server.RaftServerConfigKeys (ConfUtils.java:logGet(46)) - raft.server.rpc.request.timeout = 60s (custom)
2023-10-04 17:33:47,851 [0fe30932-4948-4248-92da-86cdb3d75943@group-040533358E15-LeaderElection36] INFO  grpc.GrpcConfigKeys (ConfUtils.java:logGet(46)) - raft.grpc.server.install_snapshot.request.element-limit = 8 (default)
2023-10-04 17:33:47,851 [0fe30932-4948-4248-92da-86cdb3d75943@group-040533358E15-LeaderElection36] INFO  grpc.GrpcConfigKeys (ConfUtils.java:logGet(46)) - raft.grpc.server.install_snapshot.request.timeout = 3000ms (default)
2023-10-04 17:33:47,851 [0fe30932-4948-4248-92da-86cdb3d75943@group-040533358E15-LeaderElection36] INFO  server.RaftServerConfigKeys (ConfUtils.java:logGet(46)) - raft.server.log.appender.install.snapshot.enabled = false (custom)
2023-10-04 17:33:47,851 [0fe30932-4948-4248-92da-86cdb3d75943@group-040533358E15-LeaderElection36] INFO  grpc.GrpcConfigKeys (ConfUtils.java:logGet(46)) - raft.grpc.server.heartbeat.channel = true (default)
2023-10-04 17:33:47,851 [0fe30932-4948-4248-92da-86cdb3d75943@group-040533358E15-LeaderElection36] INFO  impl.RoleInfo (RoleInfo.java:updateAndGet(139)) - 0fe30932-4948-4248-92da-86cdb3d75943: start 0fe30932-4948-4248-92da-86cdb3d75943@group-040533358E15-LeaderStateImpl
2023-10-04 17:33:47,852 [0fe30932-4948-4248-92da-86cdb3d75943@group-040533358E15-LeaderElection36] INFO  segmented.SegmentedRaftLogWorker (SegmentedRaftLogWorker.java:startLogSegment(447)) - 0fe30932-4948-4248-92da-86cdb3d75943@group-040533358E15-SegmentedRaftLogWorker: Starting segment from index:0
2023-10-04 17:33:47,853 [EventQueue-PipelineReportForPipelineReportHandler] INFO  pipeline.PipelineReportHandler (PipelineReportHandler.java:processPipelineReport(136)) - Opened pipeline PipelineID=3e5e5789-9c07-4d50-adaf-040533358e15
2023-10-04 17:33:47,853 [0fe30932-4948-4248-92da-86cdb3d75943@group-040533358E15-SegmentedRaftLogWorker] INFO  segmented.SegmentedRaftLogWorker (SegmentedRaftLogWorker.java:execute(651)) - 0fe30932-4948-4248-92da-86cdb3d75943@group-040533358E15-SegmentedRaftLogWorker: created new log segment /home/runner/work/ozone/ozone/hadoop-ozone/integration-test/target/test-dir/MiniOzoneClusterImpl-e9305288-83d2-469c-8969-78e040065d82/datanode-2/data/ratis/3e5e5789-9c07-4d50-adaf-040533358e15/current/log_inprogress_0
2023-10-04 17:33:47,863 [0fe30932-4948-4248-92da-86cdb3d75943@group-040533358E15-LeaderElection36] INFO  server.RaftServer$Division (ServerState.java:setRaftConf(434)) - 0fe30932-4948-4248-92da-86cdb3d75943@group-040533358E15: set configuration 0: peers:[67c5b0d7-9e75-4e40-acfe-981c0927b9fc|rpc:10.1.0.20:15182|admin:10.1.0.20:15181|client:10.1.0.20:15180|dataStream:10.1.0.20:15183|priority:0|startupRole:FOLLOWER, dce549a2-5f1d-4e87-86ad-66203672eab3|rpc:10.1.0.20:15173|admin:10.1.0.20:15172|client:10.1.0.20:15171|dataStream:10.1.0.20:15174|priority:0|startupRole:FOLLOWER, 0fe30932-4948-4248-92da-86cdb3d75943|rpc:10.1.0.20:15191|admin:10.1.0.20:15190|client:10.1.0.20:15189|dataStream:10.1.0.20:15192|priority:1|startupRole:FOLLOWER]|listeners:[], old=null
2023-10-04 17:33:47,871 [67c5b0d7-9e75-4e40-acfe-981c0927b9fc-server-thread1] INFO  ratis.XceiverServerRatis (XceiverServerRatis.java:handleLeaderChangedNotification(902)) - Leader change notification received for group: group-040533358E15 with new leaderId: 0fe30932-4948-4248-92da-86cdb3d75943
2023-10-04 17:33:47,871 [67c5b0d7-9e75-4e40-acfe-981c0927b9fc-server-thread1] INFO  server.RaftServer$Division (ServerState.java:setLeader(317)) - 67c5b0d7-9e75-4e40-acfe-981c0927b9fc@group-040533358E15: change Leader from null to 0fe30932-4948-4248-92da-86cdb3d75943 at term 1 for appendEntries, leader elected after 5229ms
2023-10-04 17:33:47,877 [67c5b0d7-9e75-4e40-acfe-981c0927b9fc-server-thread1] INFO  server.RaftServer$Division (ServerState.java:setRaftConf(434)) - 67c5b0d7-9e75-4e40-acfe-981c0927b9fc@group-040533358E15: set configuration 0: peers:[67c5b0d7-9e75-4e40-acfe-981c0927b9fc|rpc:10.1.0.20:15182|admin:10.1.0.20:15181|client:10.1.0.20:15180|dataStream:10.1.0.20:15183|priority:0|startupRole:FOLLOWER, dce549a2-5f1d-4e87-86ad-66203672eab3|rpc:10.1.0.20:15173|admin:10.1.0.20:15172|client:10.1.0.20:15171|dataStream:10.1.0.20:15174|priority:0|startupRole:FOLLOWER, 0fe30932-4948-4248-92da-86cdb3d75943|rpc:10.1.0.20:15191|admin:10.1.0.20:15190|client:10.1.0.20:15189|dataStream:10.1.0.20:15192|priority:1|startupRole:FOLLOWER]|listeners:[], old=null
2023-10-04 17:33:47,878 [dce549a2-5f1d-4e87-86ad-66203672eab3-server-thread2] INFO  ratis.XceiverServerRatis (XceiverServerRatis.java:handleLeaderChangedNotification(902)) - Leader change notification received for group: group-040533358E15 with new leaderId: 0fe30932-4948-4248-92da-86cdb3d75943
2023-10-04 17:33:47,878 [dce549a2-5f1d-4e87-86ad-66203672eab3-server-thread2] INFO  server.RaftServer$Division (ServerState.java:setLeader(317)) - dce549a2-5f1d-4e87-86ad-66203672eab3@group-040533358E15: change Leader from null to 0fe30932-4948-4248-92da-86cdb3d75943 at term 1 for appendEntries, leader elected after 5265ms
2023-10-04 17:33:47,878 [67c5b0d7-9e75-4e40-acfe-981c0927b9fc-server-thread1] INFO  segmented.SegmentedRaftLogWorker (SegmentedRaftLogWorker.java:startLogSegment(447)) - 67c5b0d7-9e75-4e40-acfe-981c0927b9fc@group-040533358E15-SegmentedRaftLogWorker: Starting segment from index:0
2023-10-04 17:33:47,879 [67c5b0d7-9e75-4e40-acfe-981c0927b9fc@group-040533358E15-SegmentedRaftLogWorker] INFO  segmented.SegmentedRaftLogWorker (SegmentedRaftLogWorker.java:execute(651)) - 67c5b0d7-9e75-4e40-acfe-981c0927b9fc@group-040533358E15-SegmentedRaftLogWorker: created new log segment /home/runner/work/ozone/ozone/hadoop-ozone/integration-test/target/test-dir/MiniOzoneClusterImpl-e9305288-83d2-469c-8969-78e040065d82/datanode-1/data/ratis/3e5e5789-9c07-4d50-adaf-040533358e15/current/log_inprogress_0
2023-10-04 17:33:47,880 [dce549a2-5f1d-4e87-86ad-66203672eab3-server-thread1] INFO  server.RaftServer$Division (ServerState.java:setRaftConf(434)) - dce549a2-5f1d-4e87-86ad-66203672eab3@group-040533358E15: set configuration 0: peers:[67c5b0d7-9e75-4e40-acfe-981c0927b9fc|rpc:10.1.0.20:15182|admin:10.1.0.20:15181|client:10.1.0.20:15180|dataStream:10.1.0.20:15183|priority:0|startupRole:FOLLOWER, dce549a2-5f1d-4e87-86ad-66203672eab3|rpc:10.1.0.20:15173|admin:10.1.0.20:15172|client:10.1.0.20:15171|dataStream:10.1.0.20:15174|priority:0|startupRole:FOLLOWER, 0fe30932-4948-4248-92da-86cdb3d75943|rpc:10.1.0.20:15191|admin:10.1.0.20:15190|client:10.1.0.20:15189|dataStream:10.1.0.20:15192|priority:1|startupRole:FOLLOWER]|listeners:[], old=null
2023-10-04 17:33:47,881 [dce549a2-5f1d-4e87-86ad-66203672eab3-server-thread1] INFO  segmented.SegmentedRaftLogWorker (SegmentedRaftLogWorker.java:startLogSegment(447)) - dce549a2-5f1d-4e87-86ad-66203672eab3@group-040533358E15-SegmentedRaftLogWorker: Starting segment from index:0
]]></system-out>
  </testcase>
  <testcase name="testSeekOnFileLength" classname="TestOzoneFileSystem" time="1.036">
    <system-out><![CDATA[2023-10-04 17:29:46,438 [7f6f1d5e-e678-44b5-b81f-6e760b4e5c8d@group-B89D5B6548DD-FollowerState] INFO  impl.FollowerState (FollowerState.java:run(143)) - 7f6f1d5e-e678-44b5-b81f-6e760b4e5c8d@group-B89D5B6548DD-FollowerState: change to CANDIDATE, lastRpcElapsedTime:5092857072ns, electionTimeout:5077ms
2023-10-04 17:29:46,438 [7f6f1d5e-e678-44b5-b81f-6e760b4e5c8d@group-B89D5B6548DD-FollowerState] INFO  impl.RoleInfo (RoleInfo.java:shutdownFollowerState(110)) - 7f6f1d5e-e678-44b5-b81f-6e760b4e5c8d: shutdown 7f6f1d5e-e678-44b5-b81f-6e760b4e5c8d@group-B89D5B6548DD-FollowerState
2023-10-04 17:29:46,438 [7f6f1d5e-e678-44b5-b81f-6e760b4e5c8d@group-B89D5B6548DD-FollowerState] INFO  server.RaftServer$Division (RaftServerImpl.java:setRole(329)) - 7f6f1d5e-e678-44b5-b81f-6e760b4e5c8d@group-B89D5B6548DD: changes role from  FOLLOWER to CANDIDATE at term 0 for changeToCandidate
2023-10-04 17:29:46,443 [7f6f1d5e-e678-44b5-b81f-6e760b4e5c8d@group-B89D5B6548DD-FollowerState] INFO  server.RaftServerConfigKeys (ConfUtils.java:logGet(46)) - raft.server.leaderelection.pre-vote = true (default)
2023-10-04 17:29:46,443 [7f6f1d5e-e678-44b5-b81f-6e760b4e5c8d@group-B89D5B6548DD-FollowerState] INFO  impl.RoleInfo (RoleInfo.java:updateAndGet(139)) - 7f6f1d5e-e678-44b5-b81f-6e760b4e5c8d: start 7f6f1d5e-e678-44b5-b81f-6e760b4e5c8d@group-B89D5B6548DD-LeaderElection9
2023-10-04 17:29:46,451 [49b21075-65f4-471d-b0a6-7943aa3ff632@group-0BAB566302E3-FollowerState] INFO  impl.FollowerState (FollowerState.java:run(143)) - 49b21075-65f4-471d-b0a6-7943aa3ff632@group-0BAB566302E3-FollowerState: change to CANDIDATE, lastRpcElapsedTime:5039082716ns, electionTimeout:5031ms
2023-10-04 17:29:46,451 [49b21075-65f4-471d-b0a6-7943aa3ff632@group-0BAB566302E3-FollowerState] INFO  impl.RoleInfo (RoleInfo.java:shutdownFollowerState(110)) - 49b21075-65f4-471d-b0a6-7943aa3ff632: shutdown 49b21075-65f4-471d-b0a6-7943aa3ff632@group-0BAB566302E3-FollowerState
2023-10-04 17:29:46,451 [49b21075-65f4-471d-b0a6-7943aa3ff632@group-0BAB566302E3-FollowerState] INFO  server.RaftServer$Division (RaftServerImpl.java:setRole(329)) - 49b21075-65f4-471d-b0a6-7943aa3ff632@group-0BAB566302E3: changes role from  FOLLOWER to CANDIDATE at term 0 for changeToCandidate
2023-10-04 17:29:46,452 [49b21075-65f4-471d-b0a6-7943aa3ff632@group-0BAB566302E3-FollowerState] INFO  server.RaftServerConfigKeys (ConfUtils.java:logGet(46)) - raft.server.leaderelection.pre-vote = true (default)
2023-10-04 17:29:46,452 [49b21075-65f4-471d-b0a6-7943aa3ff632@group-0BAB566302E3-FollowerState] INFO  impl.RoleInfo (RoleInfo.java:updateAndGet(139)) - 49b21075-65f4-471d-b0a6-7943aa3ff632: start 49b21075-65f4-471d-b0a6-7943aa3ff632@group-0BAB566302E3-LeaderElection10
2023-10-04 17:29:46,464 [7f6f1d5e-e678-44b5-b81f-6e760b4e5c8d@group-B89D5B6548DD-LeaderElection9] INFO  impl.LeaderElection (LeaderElection.java:askForVotes(321)) - 7f6f1d5e-e678-44b5-b81f-6e760b4e5c8d@group-B89D5B6548DD-LeaderElection9 PRE_VOTE round 0: submit vote requests at term 0 for -1: peers:[7f6f1d5e-e678-44b5-b81f-6e760b4e5c8d|rpc:10.1.0.20:15041|admin:10.1.0.20:15040|client:10.1.0.20:15039|dataStream:10.1.0.20:15042|priority:1|startupRole:FOLLOWER]|listeners:[], old=null
2023-10-04 17:29:46,464 [7f6f1d5e-e678-44b5-b81f-6e760b4e5c8d@group-B89D5B6548DD-LeaderElection9] INFO  impl.LeaderElection (LeaderElection.java:askForVotes(323)) - 7f6f1d5e-e678-44b5-b81f-6e760b4e5c8d@group-B89D5B6548DD-LeaderElection9 PRE_VOTE round 0: result PASSED (term=0)
2023-10-04 17:29:46,465 [49b21075-65f4-471d-b0a6-7943aa3ff632@group-0BAB566302E3-LeaderElection10] INFO  impl.LeaderElection (LeaderElection.java:askForVotes(321)) - 49b21075-65f4-471d-b0a6-7943aa3ff632@group-0BAB566302E3-LeaderElection10 PRE_VOTE round 0: submit vote requests at term 0 for -1: peers:[49b21075-65f4-471d-b0a6-7943aa3ff632|rpc:10.1.0.20:15050|admin:10.1.0.20:15049|client:10.1.0.20:15048|dataStream:10.1.0.20:15051|priority:1|startupRole:FOLLOWER]|listeners:[], old=null
2023-10-04 17:29:46,465 [49b21075-65f4-471d-b0a6-7943aa3ff632@group-0BAB566302E3-LeaderElection10] INFO  impl.LeaderElection (LeaderElection.java:askForVotes(323)) - 49b21075-65f4-471d-b0a6-7943aa3ff632@group-0BAB566302E3-LeaderElection10 PRE_VOTE round 0: result PASSED (term=0)
2023-10-04 17:29:46,466 [7f6f1d5e-e678-44b5-b81f-6e760b4e5c8d@group-B89D5B6548DD-LeaderElection9] INFO  impl.LeaderElection (LeaderElection.java:askForVotes(321)) - 7f6f1d5e-e678-44b5-b81f-6e760b4e5c8d@group-B89D5B6548DD-LeaderElection9 ELECTION round 0: submit vote requests at term 1 for -1: peers:[7f6f1d5e-e678-44b5-b81f-6e760b4e5c8d|rpc:10.1.0.20:15041|admin:10.1.0.20:15040|client:10.1.0.20:15039|dataStream:10.1.0.20:15042|priority:1|startupRole:FOLLOWER]|listeners:[], old=null
2023-10-04 17:29:46,466 [7f6f1d5e-e678-44b5-b81f-6e760b4e5c8d@group-B89D5B6548DD-LeaderElection9] INFO  impl.LeaderElection (LeaderElection.java:askForVotes(323)) - 7f6f1d5e-e678-44b5-b81f-6e760b4e5c8d@group-B89D5B6548DD-LeaderElection9 ELECTION round 0: result PASSED (term=1)
2023-10-04 17:29:46,466 [7f6f1d5e-e678-44b5-b81f-6e760b4e5c8d@group-B89D5B6548DD-LeaderElection9] INFO  impl.RoleInfo (RoleInfo.java:shutdownLeaderElection(130)) - 7f6f1d5e-e678-44b5-b81f-6e760b4e5c8d: shutdown 7f6f1d5e-e678-44b5-b81f-6e760b4e5c8d@group-B89D5B6548DD-LeaderElection9
2023-10-04 17:29:46,466 [7f6f1d5e-e678-44b5-b81f-6e760b4e5c8d@group-B89D5B6548DD-LeaderElection9] INFO  server.RaftServer$Division (RaftServerImpl.java:setRole(329)) - 7f6f1d5e-e678-44b5-b81f-6e760b4e5c8d@group-B89D5B6548DD: changes role from CANDIDATE to LEADER at term 1 for changeToLeader
2023-10-04 17:29:46,466 [7f6f1d5e-e678-44b5-b81f-6e760b4e5c8d@group-B89D5B6548DD-LeaderElection9] INFO  ratis.XceiverServerRatis (XceiverServerRatis.java:handleLeaderChangedNotification(902)) - Leader change notification received for group: group-B89D5B6548DD with new leaderId: 7f6f1d5e-e678-44b5-b81f-6e760b4e5c8d
2023-10-04 17:29:46,466 [7f6f1d5e-e678-44b5-b81f-6e760b4e5c8d@group-B89D5B6548DD-LeaderElection9] INFO  server.RaftServer$Division (ServerState.java:setLeader(317)) - 7f6f1d5e-e678-44b5-b81f-6e760b4e5c8d@group-B89D5B6548DD: change Leader from null to 7f6f1d5e-e678-44b5-b81f-6e760b4e5c8d at term 1 for becomeLeader, leader elected after 5443ms
2023-10-04 17:29:46,467 [7f6f1d5e-e678-44b5-b81f-6e760b4e5c8d@group-B89D5B6548DD-LeaderElection9] INFO  server.RaftServerConfigKeys (ConfUtils.java:logGet(46)) - raft.server.staging.catchup.gap = 1000 (default)
2023-10-04 17:29:46,467 [7f6f1d5e-e678-44b5-b81f-6e760b4e5c8d@group-B89D5B6548DD-LeaderElection9] INFO  server.RaftServerConfigKeys (ConfUtils.java:logGet(46)) - raft.server.write.element-limit = 1024 (custom)
2023-10-04 17:29:46,467 [7f6f1d5e-e678-44b5-b81f-6e760b4e5c8d@group-B89D5B6548DD-LeaderElection9] INFO  server.RaftServerConfigKeys (ConfUtils.java:logGet(46)) - raft.server.write.byte-limit = 1024 M (=1073741824) (custom)
2023-10-04 17:29:46,467 [7f6f1d5e-e678-44b5-b81f-6e760b4e5c8d@group-B89D5B6548DD-LeaderElection9] INFO  server.RaftServerConfigKeys (ConfUtils.java:logGet(46)) - raft.server.watch.timeout = 180s (custom)
2023-10-04 17:29:46,467 [7f6f1d5e-e678-44b5-b81f-6e760b4e5c8d@group-B89D5B6548DD-LeaderElection9] INFO  server.RaftServerConfigKeys (ConfUtils.java:logGet(46)) - raft.server.watch.timeout.denomination = 1s (default)
2023-10-04 17:29:46,467 [7f6f1d5e-e678-44b5-b81f-6e760b4e5c8d@group-B89D5B6548DD-LeaderElection9] INFO  server.RaftServerConfigKeys (ConfUtils.java:logGet(46)) - raft.server.watch.element-limit = 65536 (default)
2023-10-04 17:29:46,467 [7f6f1d5e-e678-44b5-b81f-6e760b4e5c8d@group-B89D5B6548DD-LeaderElection9] INFO  server.RaftServerConfigKeys (ConfUtils.java:logGet(46)) - raft.server.write.element-limit = 1024 (custom)
2023-10-04 17:29:46,467 [7f6f1d5e-e678-44b5-b81f-6e760b4e5c8d@group-B89D5B6548DD-LeaderElection9] INFO  server.RaftServerConfigKeys (ConfUtils.java:logGet(46)) - raft.server.write.follower.gap.ratio.max = -1.0 (default)
2023-10-04 17:29:46,468 [7f6f1d5e-e678-44b5-b81f-6e760b4e5c8d@group-B89D5B6548DD-LeaderElection9] INFO  impl.RoleInfo (RoleInfo.java:updateAndGet(139)) - 7f6f1d5e-e678-44b5-b81f-6e760b4e5c8d: start 7f6f1d5e-e678-44b5-b81f-6e760b4e5c8d@group-B89D5B6548DD-LeaderStateImpl
2023-10-04 17:29:46,468 [7f6f1d5e-e678-44b5-b81f-6e760b4e5c8d@group-B89D5B6548DD-LeaderElection9] INFO  segmented.SegmentedRaftLogWorker (SegmentedRaftLogWorker.java:startLogSegment(447)) - 7f6f1d5e-e678-44b5-b81f-6e760b4e5c8d@group-B89D5B6548DD-SegmentedRaftLogWorker: Starting segment from index:0
2023-10-04 17:29:46,469 [7f6f1d5e-e678-44b5-b81f-6e760b4e5c8d@group-B89D5B6548DD-SegmentedRaftLogWorker] INFO  segmented.SegmentedRaftLogWorker (SegmentedRaftLogWorker.java:execute(651)) - 7f6f1d5e-e678-44b5-b81f-6e760b4e5c8d@group-B89D5B6548DD-SegmentedRaftLogWorker: created new log segment /home/runner/work/ozone/ozone/hadoop-ozone/integration-test/target/test-dir/MiniOzoneClusterImpl-da1d4460-e54b-4a34-859f-b12e99aef92e/datanode-3/data/ratis/f8bbd809-b906-46a3-be8d-b89d5b6548dd/current/log_inprogress_0
2023-10-04 17:29:46,470 [49b21075-65f4-471d-b0a6-7943aa3ff632@group-0BAB566302E3-LeaderElection10] INFO  impl.LeaderElection (LeaderElection.java:askForVotes(321)) - 49b21075-65f4-471d-b0a6-7943aa3ff632@group-0BAB566302E3-LeaderElection10 ELECTION round 0: submit vote requests at term 1 for -1: peers:[49b21075-65f4-471d-b0a6-7943aa3ff632|rpc:10.1.0.20:15050|admin:10.1.0.20:15049|client:10.1.0.20:15048|dataStream:10.1.0.20:15051|priority:1|startupRole:FOLLOWER]|listeners:[], old=null
2023-10-04 17:29:46,470 [49b21075-65f4-471d-b0a6-7943aa3ff632@group-0BAB566302E3-LeaderElection10] INFO  impl.LeaderElection (LeaderElection.java:askForVotes(323)) - 49b21075-65f4-471d-b0a6-7943aa3ff632@group-0BAB566302E3-LeaderElection10 ELECTION round 0: result PASSED (term=1)
2023-10-04 17:29:46,470 [49b21075-65f4-471d-b0a6-7943aa3ff632@group-0BAB566302E3-LeaderElection10] INFO  impl.RoleInfo (RoleInfo.java:shutdownLeaderElection(130)) - 49b21075-65f4-471d-b0a6-7943aa3ff632: shutdown 49b21075-65f4-471d-b0a6-7943aa3ff632@group-0BAB566302E3-LeaderElection10
2023-10-04 17:29:46,470 [49b21075-65f4-471d-b0a6-7943aa3ff632@group-0BAB566302E3-LeaderElection10] INFO  server.RaftServer$Division (RaftServerImpl.java:setRole(329)) - 49b21075-65f4-471d-b0a6-7943aa3ff632@group-0BAB566302E3: changes role from CANDIDATE to LEADER at term 1 for changeToLeader
2023-10-04 17:29:46,470 [49b21075-65f4-471d-b0a6-7943aa3ff632@group-0BAB566302E3-LeaderElection10] INFO  ratis.XceiverServerRatis (XceiverServerRatis.java:handleLeaderChangedNotification(902)) - Leader change notification received for group: group-0BAB566302E3 with new leaderId: 49b21075-65f4-471d-b0a6-7943aa3ff632
2023-10-04 17:29:46,477 [49b21075-65f4-471d-b0a6-7943aa3ff632@group-0BAB566302E3-LeaderElection10] INFO  server.RaftServer$Division (ServerState.java:setLeader(317)) - 49b21075-65f4-471d-b0a6-7943aa3ff632@group-0BAB566302E3: change Leader from null to 49b21075-65f4-471d-b0a6-7943aa3ff632 at term 1 for becomeLeader, leader elected after 5088ms
2023-10-04 17:29:46,477 [49b21075-65f4-471d-b0a6-7943aa3ff632@group-0BAB566302E3-LeaderElection10] INFO  server.RaftServerConfigKeys (ConfUtils.java:logGet(46)) - raft.server.staging.catchup.gap = 1000 (default)
2023-10-04 17:29:46,477 [49b21075-65f4-471d-b0a6-7943aa3ff632@group-0BAB566302E3-LeaderElection10] INFO  server.RaftServerConfigKeys (ConfUtils.java:logGet(46)) - raft.server.write.element-limit = 1024 (custom)
2023-10-04 17:29:46,477 [49b21075-65f4-471d-b0a6-7943aa3ff632@group-0BAB566302E3-LeaderElection10] INFO  server.RaftServerConfigKeys (ConfUtils.java:logGet(46)) - raft.server.write.byte-limit = 1024 M (=1073741824) (custom)
2023-10-04 17:29:46,477 [49b21075-65f4-471d-b0a6-7943aa3ff632@group-0BAB566302E3-LeaderElection10] INFO  server.RaftServerConfigKeys (ConfUtils.java:logGet(46)) - raft.server.watch.timeout = 180s (custom)
2023-10-04 17:29:46,477 [49b21075-65f4-471d-b0a6-7943aa3ff632@group-0BAB566302E3-LeaderElection10] INFO  server.RaftServerConfigKeys (ConfUtils.java:logGet(46)) - raft.server.watch.timeout.denomination = 1s (default)
2023-10-04 17:29:46,478 [49b21075-65f4-471d-b0a6-7943aa3ff632@group-0BAB566302E3-LeaderElection10] INFO  server.RaftServerConfigKeys (ConfUtils.java:logGet(46)) - raft.server.watch.element-limit = 65536 (default)
2023-10-04 17:29:46,478 [49b21075-65f4-471d-b0a6-7943aa3ff632@group-0BAB566302E3-LeaderElection10] INFO  server.RaftServerConfigKeys (ConfUtils.java:logGet(46)) - raft.server.write.element-limit = 1024 (custom)
2023-10-04 17:29:46,478 [49b21075-65f4-471d-b0a6-7943aa3ff632@group-0BAB566302E3-LeaderElection10] INFO  server.RaftServerConfigKeys (ConfUtils.java:logGet(46)) - raft.server.write.follower.gap.ratio.max = -1.0 (default)
2023-10-04 17:29:46,478 [49b21075-65f4-471d-b0a6-7943aa3ff632@group-0BAB566302E3-LeaderElection10] INFO  impl.RoleInfo (RoleInfo.java:updateAndGet(139)) - 49b21075-65f4-471d-b0a6-7943aa3ff632: start 49b21075-65f4-471d-b0a6-7943aa3ff632@group-0BAB566302E3-LeaderStateImpl
2023-10-04 17:29:46,478 [49b21075-65f4-471d-b0a6-7943aa3ff632@group-0BAB566302E3-LeaderElection10] INFO  segmented.SegmentedRaftLogWorker (SegmentedRaftLogWorker.java:startLogSegment(447)) - 49b21075-65f4-471d-b0a6-7943aa3ff632@group-0BAB566302E3-SegmentedRaftLogWorker: Starting segment from index:0
2023-10-04 17:29:46,482 [7f6f1d5e-e678-44b5-b81f-6e760b4e5c8d@group-B89D5B6548DD-LeaderElection9] INFO  server.RaftServer$Division (ServerState.java:setRaftConf(434)) - 7f6f1d5e-e678-44b5-b81f-6e760b4e5c8d@group-B89D5B6548DD: set configuration 0: peers:[7f6f1d5e-e678-44b5-b81f-6e760b4e5c8d|rpc:10.1.0.20:15041|admin:10.1.0.20:15040|client:10.1.0.20:15039|dataStream:10.1.0.20:15042|priority:1|startupRole:FOLLOWER]|listeners:[], old=null
2023-10-04 17:29:46,482 [49b21075-65f4-471d-b0a6-7943aa3ff632@group-0BAB566302E3-SegmentedRaftLogWorker] INFO  segmented.SegmentedRaftLogWorker (SegmentedRaftLogWorker.java:execute(651)) - 49b21075-65f4-471d-b0a6-7943aa3ff632@group-0BAB566302E3-SegmentedRaftLogWorker: created new log segment /home/runner/work/ozone/ozone/hadoop-ozone/integration-test/target/test-dir/MiniOzoneClusterImpl-da1d4460-e54b-4a34-859f-b12e99aef92e/datanode-4/data/ratis/57d6e41b-4add-47c3-81b0-0bab566302e3/current/log_inprogress_0
2023-10-04 17:29:46,484 [49b21075-65f4-471d-b0a6-7943aa3ff632@group-0BAB566302E3-LeaderElection10] INFO  server.RaftServer$Division (ServerState.java:setRaftConf(434)) - 49b21075-65f4-471d-b0a6-7943aa3ff632@group-0BAB566302E3: set configuration 0: peers:[49b21075-65f4-471d-b0a6-7943aa3ff632|rpc:10.1.0.20:15050|admin:10.1.0.20:15049|client:10.1.0.20:15048|dataStream:10.1.0.20:15051|priority:1|startupRole:FOLLOWER]|listeners:[], old=null
2023-10-04 17:29:46,514 [IPC Server handler 17 on default port 15001] INFO  ha.SequenceIdGenerator (SequenceIdGenerator.java:getNextId(140)) - Allocate a batch for containerId, change lastId from 0 to 1000.
2023-10-04 17:29:46,527 [IPC Server handler 17 on default port 15001] WARN  ha.SequenceIdGenerator (SequenceIdGenerator.java:allocateBatch(253)) - Failed to allocate a batch for localId, expected lastId is 0, actual lastId is 111677748019200000.
2023-10-04 17:29:46,527 [IPC Server handler 17 on default port 15001] INFO  ha.SequenceIdGenerator (SequenceIdGenerator.java:getNextId(140)) - Allocate a batch for localId, change lastId from 111677748019200000 to 111677748019201000.
2023-10-04 17:29:46,636 [Time-limited test] INFO  impl.MetricsSystemImpl (MetricsSystemImpl.java:init(158)) - XceiverClientMetrics metrics system started (again)
2023-10-04 17:29:46,637 [Time-limited test] INFO  lib.Interns (Interns.java:removeEldestEntry(50)) - Metrics intern cache overflow at 2011 for MetricsSystem={MetricsSystem=MetricsInfoImpl{name=MetricsSystem, description=MetricsSystem}, MetricsSystem record=MetricsInfoImpl{name=MetricsSystem, description=MetricsSystem record}}
2023-10-04 17:29:47,292 [IPC Server handler 17 on default port 15001] WARN  node.SCMNodeManager (SCMNodeManager.java:getNodesByAddress(1373)) - Cannot find node for address 127.0.0.1
17:29:47.343 [IPC Server handler 6 on default port 15004] ERROR OMAudit - user=runner | ip=127.0.0.1 | op=READ_KEY {volume=volume27687, bucket=bucket94524, key=file_notexist, dataSize=0, replicationConfig=null} | ret=FAILURE
org.apache.hadoop.ozone.om.exceptions.OMException: Key:file_notexist not found
	at org.apache.hadoop.ozone.om.KeyManagerImpl.readKeyInfo(KeyManagerImpl.java:453) ~[ozone-manager-1.4.0-SNAPSHOT.jar:?]
	at org.apache.hadoop.ozone.om.KeyManagerImpl.lambda$9(KeyManagerImpl.java:1981) ~[ozone-manager-1.4.0-SNAPSHOT.jar:?]
	at org.apache.hadoop.util.MetricUtil.captureLatencyNs(MetricUtil.java:39) ~[hdds-common-1.4.0-SNAPSHOT.jar:?]
	at org.apache.hadoop.ozone.om.KeyManagerImpl.getKeyInfo(KeyManagerImpl.java:1979) ~[ozone-manager-1.4.0-SNAPSHOT.jar:?]
	at org.apache.hadoop.ozone.om.OmMetadataReader.getKeyInfo(OmMetadataReader.java:189) ~[ozone-manager-1.4.0-SNAPSHOT.jar:?]
	at org.apache.hadoop.ozone.om.OzoneManager.getKeyInfo(OzoneManager.java:2866) ~[ozone-manager-1.4.0-SNAPSHOT.jar:?]
	at org.apache.hadoop.ozone.protocolPB.OzoneManagerRequestHandler.getKeyInfo(OzoneManagerRequestHandler.java:594) ~[ozone-manager-1.4.0-SNAPSHOT.jar:?]
	at org.apache.hadoop.ozone.protocolPB.OzoneManagerRequestHandler.handleReadRequest(OzoneManagerRequestHandler.java:313) ~[ozone-manager-1.4.0-SNAPSHOT.jar:?]
	at org.apache.hadoop.ozone.protocolPB.OzoneManagerProtocolServerSideTranslatorPB.submitReadRequestToOM(OzoneManagerProtocolServerSideTranslatorPB.java:225) ~[ozone-manager-1.4.0-SNAPSHOT.jar:?]
	at org.apache.hadoop.ozone.protocolPB.OzoneManagerProtocolServerSideTranslatorPB.processRequest(OzoneManagerProtocolServerSideTranslatorPB.java:179) ~[ozone-manager-1.4.0-SNAPSHOT.jar:?]
	at org.apache.hadoop.hdds.server.OzoneProtocolMessageDispatcher.processRequest(OzoneProtocolMessageDispatcher.java:87) [hdds-server-framework-1.4.0-SNAPSHOT.jar:?]
	at org.apache.hadoop.ozone.protocolPB.OzoneManagerProtocolServerSideTranslatorPB.submitRequest(OzoneManagerProtocolServerSideTranslatorPB.java:148) [ozone-manager-1.4.0-SNAPSHOT.jar:?]
	at org.apache.hadoop.ozone.protocol.proto.OzoneManagerProtocolProtos$OzoneManagerService$2.callBlockingMethod(OzoneManagerProtocolProtos.java) [ozone-interface-client-1.4.0-SNAPSHOT.jar:?]
	at org.apache.hadoop.ipc.ProtobufRpcEngine$Server.processCall(ProtobufRpcEngine.java:484) [hadoop-common-3.3.6.jar:?]
	at org.apache.hadoop.ipc.ProtobufRpcEngine2$Server$ProtoBufRpcInvoker.call(ProtobufRpcEngine2.java:595) [hadoop-common-3.3.6.jar:?]
	at org.apache.hadoop.ipc.ProtobufRpcEngine2$Server$ProtoBufRpcInvoker.call(ProtobufRpcEngine2.java:573) [hadoop-common-3.3.6.jar:?]
	at org.apache.hadoop.ipc.RPC$Server.call(RPC.java:1227) [hadoop-common-3.3.6.jar:?]
	at org.apache.hadoop.ipc.Server$RpcCall.run(Server.java:1094) [hadoop-common-3.3.6.jar:?]
	at org.apache.hadoop.ipc.Server$RpcCall.run(Server.java:1017) [hadoop-common-3.3.6.jar:?]
	at java.security.AccessController.doPrivileged(Native Method) ~[?:1.8.0_382]
	at javax.security.auth.Subject.doAs(Subject.java:422) [?:1.8.0_382]
	at org.apache.hadoop.security.UserGroupInformation.doAs(UserGroupInformation.java:1899) [hadoop-common-3.3.6.jar:?]
	at org.apache.hadoop.ipc.Server$Handler.run(Server.java:3048) [hadoop-common-3.3.6.jar:?]
]]></system-out>
  </testcase>
  <testcase name="testSeekOnFileLength" classname="TestOzoneFileSystem" time="0.186">
    <system-out><![CDATA[2023-10-04 17:31:19,068 [IPC Server handler 1 on default port 15054] INFO  ha.SequenceIdGenerator (SequenceIdGenerator.java:getNextId(140)) - Allocate a batch for containerId, change lastId from 0 to 1000.
2023-10-04 17:31:19,069 [IPC Server handler 1 on default port 15054] WARN  ha.SequenceIdGenerator (SequenceIdGenerator.java:allocateBatch(253)) - Failed to allocate a batch for localId, expected lastId is 0, actual lastId is 111677748019200000.
2023-10-04 17:31:19,069 [IPC Server handler 1 on default port 15054] INFO  ha.SequenceIdGenerator (SequenceIdGenerator.java:getNextId(140)) - Allocate a batch for localId, change lastId from 111677748019200000 to 111677748019201000.
2023-10-04 17:31:19,222 [IPC Server handler 0 on default port 15054] WARN  node.SCMNodeManager (SCMNodeManager.java:getNodesByAddress(1373)) - Cannot find node for address 127.0.0.1
17:31:19.229 [IPC Server handler 8 on default port 15057] ERROR OMAudit - user=runner | ip=127.0.0.1 | op=READ_KEY {volume=volume39856, bucket=bucket94778, key=file_notexist, dataSize=0, replicationConfig=null} | ret=FAILURE
org.apache.hadoop.ozone.om.exceptions.OMException: Key:file_notexist not found
	at org.apache.hadoop.ozone.om.KeyManagerImpl.readKeyInfo(KeyManagerImpl.java:453) ~[ozone-manager-1.4.0-SNAPSHOT.jar:?]
	at org.apache.hadoop.ozone.om.KeyManagerImpl.lambda$9(KeyManagerImpl.java:1981) ~[ozone-manager-1.4.0-SNAPSHOT.jar:?]
	at org.apache.hadoop.util.MetricUtil.captureLatencyNs(MetricUtil.java:39) ~[hdds-common-1.4.0-SNAPSHOT.jar:?]
	at org.apache.hadoop.ozone.om.KeyManagerImpl.getKeyInfo(KeyManagerImpl.java:1979) ~[ozone-manager-1.4.0-SNAPSHOT.jar:?]
	at org.apache.hadoop.ozone.om.OmMetadataReader.getKeyInfo(OmMetadataReader.java:189) ~[ozone-manager-1.4.0-SNAPSHOT.jar:?]
	at org.apache.hadoop.ozone.om.OzoneManager.getKeyInfo(OzoneManager.java:2866) ~[ozone-manager-1.4.0-SNAPSHOT.jar:?]
	at org.apache.hadoop.ozone.protocolPB.OzoneManagerRequestHandler.getKeyInfo(OzoneManagerRequestHandler.java:594) ~[ozone-manager-1.4.0-SNAPSHOT.jar:?]
	at org.apache.hadoop.ozone.protocolPB.OzoneManagerRequestHandler.handleReadRequest(OzoneManagerRequestHandler.java:313) ~[ozone-manager-1.4.0-SNAPSHOT.jar:?]
	at org.apache.hadoop.ozone.protocolPB.OzoneManagerProtocolServerSideTranslatorPB.submitRequestDirectlyToOM(OzoneManagerProtocolServerSideTranslatorPB.java:274) ~[ozone-manager-1.4.0-SNAPSHOT.jar:?]
	at org.apache.hadoop.ozone.protocolPB.OzoneManagerProtocolServerSideTranslatorPB.processRequest(OzoneManagerProtocolServerSideTranslatorPB.java:175) ~[ozone-manager-1.4.0-SNAPSHOT.jar:?]
	at org.apache.hadoop.hdds.server.OzoneProtocolMessageDispatcher.processRequest(OzoneProtocolMessageDispatcher.java:87) [hdds-server-framework-1.4.0-SNAPSHOT.jar:?]
	at org.apache.hadoop.ozone.protocolPB.OzoneManagerProtocolServerSideTranslatorPB.submitRequest(OzoneManagerProtocolServerSideTranslatorPB.java:148) [ozone-manager-1.4.0-SNAPSHOT.jar:?]
	at org.apache.hadoop.ozone.protocol.proto.OzoneManagerProtocolProtos$OzoneManagerService$2.callBlockingMethod(OzoneManagerProtocolProtos.java) [ozone-interface-client-1.4.0-SNAPSHOT.jar:?]
	at org.apache.hadoop.ipc.ProtobufRpcEngine$Server.processCall(ProtobufRpcEngine.java:484) [hadoop-common-3.3.6.jar:?]
	at org.apache.hadoop.ipc.ProtobufRpcEngine2$Server$ProtoBufRpcInvoker.call(ProtobufRpcEngine2.java:595) [hadoop-common-3.3.6.jar:?]
	at org.apache.hadoop.ipc.ProtobufRpcEngine2$Server$ProtoBufRpcInvoker.call(ProtobufRpcEngine2.java:573) [hadoop-common-3.3.6.jar:?]
	at org.apache.hadoop.ipc.RPC$Server.call(RPC.java:1227) [hadoop-common-3.3.6.jar:?]
	at org.apache.hadoop.ipc.Server$RpcCall.run(Server.java:1094) [hadoop-common-3.3.6.jar:?]
	at org.apache.hadoop.ipc.Server$RpcCall.run(Server.java:1017) [hadoop-common-3.3.6.jar:?]
	at java.security.AccessController.doPrivileged(Native Method) ~[?:1.8.0_382]
	at javax.security.auth.Subject.doAs(Subject.java:422) [?:1.8.0_382]
	at org.apache.hadoop.security.UserGroupInformation.doAs(UserGroupInformation.java:1899) [hadoop-common-3.3.6.jar:?]
	at org.apache.hadoop.ipc.Server$Handler.run(Server.java:3048) [hadoop-common-3.3.6.jar:?]
]]></system-out>
  </testcase>
  <testcase name="testSeekOnFileLength" classname="TestOzoneFileSystem" time="0.165">
    <system-out><![CDATA[2023-10-04 17:32:29,522 [IPC Server handler 10 on default port 15107] INFO  ha.SequenceIdGenerator (SequenceIdGenerator.java:getNextId(140)) - Allocate a batch for containerId, change lastId from 0 to 1000.
2023-10-04 17:32:29,523 [IPC Server handler 10 on default port 15107] WARN  ha.SequenceIdGenerator (SequenceIdGenerator.java:allocateBatch(253)) - Failed to allocate a batch for localId, expected lastId is 0, actual lastId is 111677748019200000.
2023-10-04 17:32:29,523 [IPC Server handler 10 on default port 15107] INFO  ha.SequenceIdGenerator (SequenceIdGenerator.java:getNextId(140)) - Allocate a batch for localId, change lastId from 111677748019200000 to 111677748019201000.
2023-10-04 17:32:29,588 [312da513-429c-495f-b386-218bb2e3f38b@group-D4A2FD8B0EB8-FollowerState] INFO  impl.FollowerState (FollowerState.java:run(143)) - 312da513-429c-495f-b386-218bb2e3f38b@group-D4A2FD8B0EB8-FollowerState: change to CANDIDATE, lastRpcElapsedTime:5119915124ns, electionTimeout:5119ms
2023-10-04 17:32:29,589 [312da513-429c-495f-b386-218bb2e3f38b@group-D4A2FD8B0EB8-FollowerState] INFO  impl.RoleInfo (RoleInfo.java:shutdownFollowerState(110)) - 312da513-429c-495f-b386-218bb2e3f38b: shutdown 312da513-429c-495f-b386-218bb2e3f38b@group-D4A2FD8B0EB8-FollowerState
2023-10-04 17:32:29,589 [312da513-429c-495f-b386-218bb2e3f38b@group-D4A2FD8B0EB8-FollowerState] INFO  server.RaftServer$Division (RaftServerImpl.java:setRole(329)) - 312da513-429c-495f-b386-218bb2e3f38b@group-D4A2FD8B0EB8: changes role from  FOLLOWER to CANDIDATE at term 0 for changeToCandidate
2023-10-04 17:32:29,589 [312da513-429c-495f-b386-218bb2e3f38b@group-D4A2FD8B0EB8-FollowerState] INFO  server.RaftServerConfigKeys (ConfUtils.java:logGet(46)) - raft.server.leaderelection.pre-vote = true (default)
2023-10-04 17:32:29,589 [312da513-429c-495f-b386-218bb2e3f38b@group-D4A2FD8B0EB8-FollowerState] INFO  impl.RoleInfo (RoleInfo.java:updateAndGet(139)) - 312da513-429c-495f-b386-218bb2e3f38b: start 312da513-429c-495f-b386-218bb2e3f38b@group-D4A2FD8B0EB8-LeaderElection30
2023-10-04 17:32:29,603 [312da513-429c-495f-b386-218bb2e3f38b@group-D4A2FD8B0EB8-LeaderElection30] INFO  impl.LeaderElection (LeaderElection.java:askForVotes(321)) - 312da513-429c-495f-b386-218bb2e3f38b@group-D4A2FD8B0EB8-LeaderElection30 PRE_VOTE round 0: submit vote requests at term 0 for -1: peers:[312da513-429c-495f-b386-218bb2e3f38b|rpc:10.1.0.20:15156|admin:10.1.0.20:15155|client:10.1.0.20:15154|dataStream:10.1.0.20:15157|priority:1|startupRole:FOLLOWER]|listeners:[], old=null
2023-10-04 17:32:29,603 [312da513-429c-495f-b386-218bb2e3f38b@group-D4A2FD8B0EB8-LeaderElection30] INFO  impl.LeaderElection (LeaderElection.java:askForVotes(323)) - 312da513-429c-495f-b386-218bb2e3f38b@group-D4A2FD8B0EB8-LeaderElection30 PRE_VOTE round 0: result PASSED (term=0)
2023-10-04 17:32:29,611 [312da513-429c-495f-b386-218bb2e3f38b@group-D4A2FD8B0EB8-LeaderElection30] INFO  impl.LeaderElection (LeaderElection.java:askForVotes(321)) - 312da513-429c-495f-b386-218bb2e3f38b@group-D4A2FD8B0EB8-LeaderElection30 ELECTION round 0: submit vote requests at term 1 for -1: peers:[312da513-429c-495f-b386-218bb2e3f38b|rpc:10.1.0.20:15156|admin:10.1.0.20:15155|client:10.1.0.20:15154|dataStream:10.1.0.20:15157|priority:1|startupRole:FOLLOWER]|listeners:[], old=null
2023-10-04 17:32:29,611 [312da513-429c-495f-b386-218bb2e3f38b@group-D4A2FD8B0EB8-LeaderElection30] INFO  impl.LeaderElection (LeaderElection.java:askForVotes(323)) - 312da513-429c-495f-b386-218bb2e3f38b@group-D4A2FD8B0EB8-LeaderElection30 ELECTION round 0: result PASSED (term=1)
2023-10-04 17:32:29,611 [312da513-429c-495f-b386-218bb2e3f38b@group-D4A2FD8B0EB8-LeaderElection30] INFO  impl.RoleInfo (RoleInfo.java:shutdownLeaderElection(130)) - 312da513-429c-495f-b386-218bb2e3f38b: shutdown 312da513-429c-495f-b386-218bb2e3f38b@group-D4A2FD8B0EB8-LeaderElection30
2023-10-04 17:32:29,611 [312da513-429c-495f-b386-218bb2e3f38b@group-D4A2FD8B0EB8-LeaderElection30] INFO  server.RaftServer$Division (RaftServerImpl.java:setRole(329)) - 312da513-429c-495f-b386-218bb2e3f38b@group-D4A2FD8B0EB8: changes role from CANDIDATE to LEADER at term 1 for changeToLeader
2023-10-04 17:32:29,611 [312da513-429c-495f-b386-218bb2e3f38b@group-D4A2FD8B0EB8-LeaderElection30] INFO  ratis.XceiverServerRatis (XceiverServerRatis.java:handleLeaderChangedNotification(902)) - Leader change notification received for group: group-D4A2FD8B0EB8 with new leaderId: 312da513-429c-495f-b386-218bb2e3f38b
2023-10-04 17:32:29,611 [312da513-429c-495f-b386-218bb2e3f38b@group-D4A2FD8B0EB8-LeaderElection30] INFO  server.RaftServer$Division (ServerState.java:setLeader(317)) - 312da513-429c-495f-b386-218bb2e3f38b@group-D4A2FD8B0EB8: change Leader from null to 312da513-429c-495f-b386-218bb2e3f38b at term 1 for becomeLeader, leader elected after 5162ms
2023-10-04 17:32:29,611 [312da513-429c-495f-b386-218bb2e3f38b@group-D4A2FD8B0EB8-LeaderElection30] INFO  server.RaftServerConfigKeys (ConfUtils.java:logGet(46)) - raft.server.staging.catchup.gap = 1000 (default)
2023-10-04 17:32:29,611 [312da513-429c-495f-b386-218bb2e3f38b@group-D4A2FD8B0EB8-LeaderElection30] INFO  server.RaftServerConfigKeys (ConfUtils.java:logGet(46)) - raft.server.write.element-limit = 1024 (custom)
2023-10-04 17:32:29,611 [312da513-429c-495f-b386-218bb2e3f38b@group-D4A2FD8B0EB8-LeaderElection30] INFO  server.RaftServerConfigKeys (ConfUtils.java:logGet(46)) - raft.server.write.byte-limit = 1024 M (=1073741824) (custom)
2023-10-04 17:32:29,611 [312da513-429c-495f-b386-218bb2e3f38b@group-D4A2FD8B0EB8-LeaderElection30] INFO  server.RaftServerConfigKeys (ConfUtils.java:logGet(46)) - raft.server.watch.timeout = 180s (custom)
2023-10-04 17:32:29,611 [312da513-429c-495f-b386-218bb2e3f38b@group-D4A2FD8B0EB8-LeaderElection30] INFO  server.RaftServerConfigKeys (ConfUtils.java:logGet(46)) - raft.server.watch.timeout.denomination = 1s (default)
2023-10-04 17:32:29,611 [312da513-429c-495f-b386-218bb2e3f38b@group-D4A2FD8B0EB8-LeaderElection30] INFO  server.RaftServerConfigKeys (ConfUtils.java:logGet(46)) - raft.server.watch.element-limit = 65536 (default)
2023-10-04 17:32:29,611 [312da513-429c-495f-b386-218bb2e3f38b@group-D4A2FD8B0EB8-LeaderElection30] INFO  server.RaftServerConfigKeys (ConfUtils.java:logGet(46)) - raft.server.write.element-limit = 1024 (custom)
2023-10-04 17:32:29,612 [312da513-429c-495f-b386-218bb2e3f38b@group-D4A2FD8B0EB8-LeaderElection30] INFO  server.RaftServerConfigKeys (ConfUtils.java:logGet(46)) - raft.server.write.follower.gap.ratio.max = -1.0 (default)
2023-10-04 17:32:29,612 [312da513-429c-495f-b386-218bb2e3f38b@group-D4A2FD8B0EB8-LeaderElection30] INFO  impl.RoleInfo (RoleInfo.java:updateAndGet(139)) - 312da513-429c-495f-b386-218bb2e3f38b: start 312da513-429c-495f-b386-218bb2e3f38b@group-D4A2FD8B0EB8-LeaderStateImpl
2023-10-04 17:32:29,612 [312da513-429c-495f-b386-218bb2e3f38b@group-D4A2FD8B0EB8-LeaderElection30] INFO  segmented.SegmentedRaftLogWorker (SegmentedRaftLogWorker.java:startLogSegment(447)) - 312da513-429c-495f-b386-218bb2e3f38b@group-D4A2FD8B0EB8-SegmentedRaftLogWorker: Starting segment from index:0
2023-10-04 17:32:29,614 [312da513-429c-495f-b386-218bb2e3f38b@group-D4A2FD8B0EB8-SegmentedRaftLogWorker] INFO  segmented.SegmentedRaftLogWorker (SegmentedRaftLogWorker.java:execute(651)) - 312da513-429c-495f-b386-218bb2e3f38b@group-D4A2FD8B0EB8-SegmentedRaftLogWorker: created new log segment /home/runner/work/ozone/ozone/hadoop-ozone/integration-test/target/test-dir/MiniOzoneClusterImpl-1a9f8426-f0b4-4ead-8c34-ee0cd8d78978/datanode-4/data/ratis/2bd58131-17a5-47f0-ba46-d4a2fd8b0eb8/current/log_inprogress_0
2023-10-04 17:32:29,631 [312da513-429c-495f-b386-218bb2e3f38b@group-D4A2FD8B0EB8-LeaderElection30] INFO  server.RaftServer$Division (ServerState.java:setRaftConf(434)) - 312da513-429c-495f-b386-218bb2e3f38b@group-D4A2FD8B0EB8: set configuration 0: peers:[312da513-429c-495f-b386-218bb2e3f38b|rpc:10.1.0.20:15156|admin:10.1.0.20:15155|client:10.1.0.20:15154|dataStream:10.1.0.20:15157|priority:1|startupRole:FOLLOWER]|listeners:[], old=null
2023-10-04 17:32:29,659 [IPC Server handler 9 on default port 15107] WARN  node.SCMNodeManager (SCMNodeManager.java:getNodesByAddress(1373)) - Cannot find node for address 127.0.0.1
17:32:29.666 [IPC Server handler 18 on default port 15110] ERROR OMAudit - user=runner | ip=127.0.0.1 | op=READ_KEY {volume=volume98659, bucket=bucket57585, key=file_notexist, dataSize=0, replicationConfig=null} | ret=FAILURE
org.apache.hadoop.ozone.om.exceptions.OMException: Key:file_notexist not found
	at org.apache.hadoop.ozone.om.KeyManagerImpl.readKeyInfo(KeyManagerImpl.java:453) ~[ozone-manager-1.4.0-SNAPSHOT.jar:?]
	at org.apache.hadoop.ozone.om.KeyManagerImpl.lambda$9(KeyManagerImpl.java:1981) ~[ozone-manager-1.4.0-SNAPSHOT.jar:?]
	at org.apache.hadoop.util.MetricUtil.captureLatencyNs(MetricUtil.java:39) ~[hdds-common-1.4.0-SNAPSHOT.jar:?]
	at org.apache.hadoop.ozone.om.KeyManagerImpl.getKeyInfo(KeyManagerImpl.java:1979) ~[ozone-manager-1.4.0-SNAPSHOT.jar:?]
	at org.apache.hadoop.ozone.om.OmMetadataReader.getKeyInfo(OmMetadataReader.java:189) ~[ozone-manager-1.4.0-SNAPSHOT.jar:?]
	at org.apache.hadoop.ozone.om.OzoneManager.getKeyInfo(OzoneManager.java:2866) ~[ozone-manager-1.4.0-SNAPSHOT.jar:?]
	at org.apache.hadoop.ozone.protocolPB.OzoneManagerRequestHandler.getKeyInfo(OzoneManagerRequestHandler.java:594) ~[ozone-manager-1.4.0-SNAPSHOT.jar:?]
	at org.apache.hadoop.ozone.protocolPB.OzoneManagerRequestHandler.handleReadRequest(OzoneManagerRequestHandler.java:313) ~[ozone-manager-1.4.0-SNAPSHOT.jar:?]
	at org.apache.hadoop.ozone.protocolPB.OzoneManagerProtocolServerSideTranslatorPB.submitReadRequestToOM(OzoneManagerProtocolServerSideTranslatorPB.java:225) ~[ozone-manager-1.4.0-SNAPSHOT.jar:?]
	at org.apache.hadoop.ozone.protocolPB.OzoneManagerProtocolServerSideTranslatorPB.processRequest(OzoneManagerProtocolServerSideTranslatorPB.java:179) ~[ozone-manager-1.4.0-SNAPSHOT.jar:?]
	at org.apache.hadoop.hdds.server.OzoneProtocolMessageDispatcher.processRequest(OzoneProtocolMessageDispatcher.java:87) [hdds-server-framework-1.4.0-SNAPSHOT.jar:?]
	at org.apache.hadoop.ozone.protocolPB.OzoneManagerProtocolServerSideTranslatorPB.submitRequest(OzoneManagerProtocolServerSideTranslatorPB.java:148) [ozone-manager-1.4.0-SNAPSHOT.jar:?]
	at org.apache.hadoop.ozone.protocol.proto.OzoneManagerProtocolProtos$OzoneManagerService$2.callBlockingMethod(OzoneManagerProtocolProtos.java) [ozone-interface-client-1.4.0-SNAPSHOT.jar:?]
	at org.apache.hadoop.ipc.ProtobufRpcEngine$Server.processCall(ProtobufRpcEngine.java:484) [hadoop-common-3.3.6.jar:?]
	at org.apache.hadoop.ipc.ProtobufRpcEngine2$Server$ProtoBufRpcInvoker.call(ProtobufRpcEngine2.java:595) [hadoop-common-3.3.6.jar:?]
	at org.apache.hadoop.ipc.ProtobufRpcEngine2$Server$ProtoBufRpcInvoker.call(ProtobufRpcEngine2.java:573) [hadoop-common-3.3.6.jar:?]
	at org.apache.hadoop.ipc.RPC$Server.call(RPC.java:1227) [hadoop-common-3.3.6.jar:?]
	at org.apache.hadoop.ipc.Server$RpcCall.run(Server.java:1094) [hadoop-common-3.3.6.jar:?]
	at org.apache.hadoop.ipc.Server$RpcCall.run(Server.java:1017) [hadoop-common-3.3.6.jar:?]
	at java.security.AccessController.doPrivileged(Native Method) ~[?:1.8.0_382]
	at javax.security.auth.Subject.doAs(Subject.java:422) [?:1.8.0_382]
	at org.apache.hadoop.security.UserGroupInformation.doAs(UserGroupInformation.java:1899) [hadoop-common-3.3.6.jar:?]
	at org.apache.hadoop.ipc.Server$Handler.run(Server.java:3048) [hadoop-common-3.3.6.jar:?]
]]></system-out>
  </testcase>
  <testcase name="testSeekOnFileLength" classname="TestOzoneFileSystem" time="0.137">
    <system-out><![CDATA[2023-10-04 17:33:47,895 [dce549a2-5f1d-4e87-86ad-66203672eab3@group-040533358E15-SegmentedRaftLogWorker] INFO  segmented.SegmentedRaftLogWorker (SegmentedRaftLogWorker.java:execute(651)) - dce549a2-5f1d-4e87-86ad-66203672eab3@group-040533358E15-SegmentedRaftLogWorker: created new log segment /home/runner/work/ozone/ozone/hadoop-ozone/integration-test/target/test-dir/MiniOzoneClusterImpl-e9305288-83d2-469c-8969-78e040065d82/datanode-0/data/ratis/3e5e5789-9c07-4d50-adaf-040533358e15/current/log_inprogress_0
2023-10-04 17:33:47,903 [IPC Server handler 1 on default port 15160] INFO  ha.SequenceIdGenerator (SequenceIdGenerator.java:getNextId(140)) - Allocate a batch for containerId, change lastId from 0 to 1000.
2023-10-04 17:33:47,904 [IPC Server handler 1 on default port 15160] WARN  ha.SequenceIdGenerator (SequenceIdGenerator.java:allocateBatch(253)) - Failed to allocate a batch for localId, expected lastId is 0, actual lastId is 111677748019200000.
2023-10-04 17:33:47,904 [IPC Server handler 1 on default port 15160] INFO  ha.SequenceIdGenerator (SequenceIdGenerator.java:getNextId(140)) - Allocate a batch for localId, change lastId from 111677748019200000 to 111677748019201000.
2023-10-04 17:33:47,984 [67c5b0d7-9e75-4e40-acfe-981c0927b9fc@group-E45B4D9E2F33-FollowerState] INFO  impl.FollowerState (FollowerState.java:run(143)) - 67c5b0d7-9e75-4e40-acfe-981c0927b9fc@group-E45B4D9E2F33-FollowerState: change to CANDIDATE, lastRpcElapsedTime:5160148298ns, electionTimeout:5153ms
2023-10-04 17:33:47,984 [67c5b0d7-9e75-4e40-acfe-981c0927b9fc@group-E45B4D9E2F33-FollowerState] INFO  impl.RoleInfo (RoleInfo.java:shutdownFollowerState(110)) - 67c5b0d7-9e75-4e40-acfe-981c0927b9fc: shutdown 67c5b0d7-9e75-4e40-acfe-981c0927b9fc@group-E45B4D9E2F33-FollowerState
2023-10-04 17:33:47,984 [67c5b0d7-9e75-4e40-acfe-981c0927b9fc@group-E45B4D9E2F33-FollowerState] INFO  server.RaftServer$Division (RaftServerImpl.java:setRole(329)) - 67c5b0d7-9e75-4e40-acfe-981c0927b9fc@group-E45B4D9E2F33: changes role from  FOLLOWER to CANDIDATE at term 0 for changeToCandidate
2023-10-04 17:33:47,984 [67c5b0d7-9e75-4e40-acfe-981c0927b9fc@group-E45B4D9E2F33-FollowerState] INFO  server.RaftServerConfigKeys (ConfUtils.java:logGet(46)) - raft.server.leaderelection.pre-vote = true (default)
2023-10-04 17:33:47,984 [67c5b0d7-9e75-4e40-acfe-981c0927b9fc@group-E45B4D9E2F33-FollowerState] INFO  impl.RoleInfo (RoleInfo.java:updateAndGet(139)) - 67c5b0d7-9e75-4e40-acfe-981c0927b9fc: start 67c5b0d7-9e75-4e40-acfe-981c0927b9fc@group-E45B4D9E2F33-LeaderElection37
2023-10-04 17:33:47,994 [67c5b0d7-9e75-4e40-acfe-981c0927b9fc@group-E45B4D9E2F33-LeaderElection37] INFO  impl.LeaderElection (LeaderElection.java:askForVotes(321)) - 67c5b0d7-9e75-4e40-acfe-981c0927b9fc@group-E45B4D9E2F33-LeaderElection37 PRE_VOTE round 0: submit vote requests at term 0 for -1: peers:[67c5b0d7-9e75-4e40-acfe-981c0927b9fc|rpc:10.1.0.20:15182|admin:10.1.0.20:15181|client:10.1.0.20:15180|dataStream:10.1.0.20:15183|priority:1|startupRole:FOLLOWER]|listeners:[], old=null
2023-10-04 17:33:47,994 [67c5b0d7-9e75-4e40-acfe-981c0927b9fc@group-E45B4D9E2F33-LeaderElection37] INFO  impl.LeaderElection (LeaderElection.java:askForVotes(323)) - 67c5b0d7-9e75-4e40-acfe-981c0927b9fc@group-E45B4D9E2F33-LeaderElection37 PRE_VOTE round 0: result PASSED (term=0)
2023-10-04 17:33:47,998 [67c5b0d7-9e75-4e40-acfe-981c0927b9fc@group-E45B4D9E2F33-LeaderElection37] INFO  impl.LeaderElection (LeaderElection.java:askForVotes(321)) - 67c5b0d7-9e75-4e40-acfe-981c0927b9fc@group-E45B4D9E2F33-LeaderElection37 ELECTION round 0: submit vote requests at term 1 for -1: peers:[67c5b0d7-9e75-4e40-acfe-981c0927b9fc|rpc:10.1.0.20:15182|admin:10.1.0.20:15181|client:10.1.0.20:15180|dataStream:10.1.0.20:15183|priority:1|startupRole:FOLLOWER]|listeners:[], old=null
2023-10-04 17:33:47,998 [67c5b0d7-9e75-4e40-acfe-981c0927b9fc@group-E45B4D9E2F33-LeaderElection37] INFO  impl.LeaderElection (LeaderElection.java:askForVotes(323)) - 67c5b0d7-9e75-4e40-acfe-981c0927b9fc@group-E45B4D9E2F33-LeaderElection37 ELECTION round 0: result PASSED (term=1)
2023-10-04 17:33:47,998 [67c5b0d7-9e75-4e40-acfe-981c0927b9fc@group-E45B4D9E2F33-LeaderElection37] INFO  impl.RoleInfo (RoleInfo.java:shutdownLeaderElection(130)) - 67c5b0d7-9e75-4e40-acfe-981c0927b9fc: shutdown 67c5b0d7-9e75-4e40-acfe-981c0927b9fc@group-E45B4D9E2F33-LeaderElection37
2023-10-04 17:33:47,998 [67c5b0d7-9e75-4e40-acfe-981c0927b9fc@group-E45B4D9E2F33-LeaderElection37] INFO  server.RaftServer$Division (RaftServerImpl.java:setRole(329)) - 67c5b0d7-9e75-4e40-acfe-981c0927b9fc@group-E45B4D9E2F33: changes role from CANDIDATE to LEADER at term 1 for changeToLeader
2023-10-04 17:33:47,998 [67c5b0d7-9e75-4e40-acfe-981c0927b9fc@group-E45B4D9E2F33-LeaderElection37] INFO  ratis.XceiverServerRatis (XceiverServerRatis.java:handleLeaderChangedNotification(902)) - Leader change notification received for group: group-E45B4D9E2F33 with new leaderId: 67c5b0d7-9e75-4e40-acfe-981c0927b9fc
2023-10-04 17:33:47,998 [IPC Server handler 2 on default port 15160] WARN  node.SCMNodeManager (SCMNodeManager.java:getNodesByAddress(1373)) - Cannot find node for address 127.0.0.1
2023-10-04 17:33:47,998 [67c5b0d7-9e75-4e40-acfe-981c0927b9fc@group-E45B4D9E2F33-LeaderElection37] INFO  server.RaftServer$Division (ServerState.java:setLeader(317)) - 67c5b0d7-9e75-4e40-acfe-981c0927b9fc@group-E45B4D9E2F33: change Leader from null to 67c5b0d7-9e75-4e40-acfe-981c0927b9fc at term 1 for becomeLeader, leader elected after 5195ms
2023-10-04 17:33:47,998 [67c5b0d7-9e75-4e40-acfe-981c0927b9fc@group-E45B4D9E2F33-LeaderElection37] INFO  server.RaftServerConfigKeys (ConfUtils.java:logGet(46)) - raft.server.staging.catchup.gap = 1000 (default)
2023-10-04 17:33:47,999 [67c5b0d7-9e75-4e40-acfe-981c0927b9fc@group-E45B4D9E2F33-LeaderElection37] INFO  server.RaftServerConfigKeys (ConfUtils.java:logGet(46)) - raft.server.write.element-limit = 1024 (custom)
2023-10-04 17:33:47,999 [67c5b0d7-9e75-4e40-acfe-981c0927b9fc@group-E45B4D9E2F33-LeaderElection37] INFO  server.RaftServerConfigKeys (ConfUtils.java:logGet(46)) - raft.server.write.byte-limit = 1024 M (=1073741824) (custom)
2023-10-04 17:33:47,999 [67c5b0d7-9e75-4e40-acfe-981c0927b9fc@group-E45B4D9E2F33-LeaderElection37] INFO  server.RaftServerConfigKeys (ConfUtils.java:logGet(46)) - raft.server.watch.timeout = 180s (custom)
2023-10-04 17:33:48,000 [67c5b0d7-9e75-4e40-acfe-981c0927b9fc@group-E45B4D9E2F33-LeaderElection37] INFO  server.RaftServerConfigKeys (ConfUtils.java:logGet(46)) - raft.server.watch.timeout.denomination = 1s (default)
2023-10-04 17:33:48,000 [67c5b0d7-9e75-4e40-acfe-981c0927b9fc@group-E45B4D9E2F33-LeaderElection37] INFO  server.RaftServerConfigKeys (ConfUtils.java:logGet(46)) - raft.server.watch.element-limit = 65536 (default)
2023-10-04 17:33:48,000 [67c5b0d7-9e75-4e40-acfe-981c0927b9fc@group-E45B4D9E2F33-LeaderElection37] INFO  server.RaftServerConfigKeys (ConfUtils.java:logGet(46)) - raft.server.write.element-limit = 1024 (custom)
2023-10-04 17:33:48,000 [67c5b0d7-9e75-4e40-acfe-981c0927b9fc@group-E45B4D9E2F33-LeaderElection37] INFO  server.RaftServerConfigKeys (ConfUtils.java:logGet(46)) - raft.server.write.follower.gap.ratio.max = -1.0 (default)
2023-10-04 17:33:48,000 [67c5b0d7-9e75-4e40-acfe-981c0927b9fc@group-E45B4D9E2F33-LeaderElection37] INFO  impl.RoleInfo (RoleInfo.java:updateAndGet(139)) - 67c5b0d7-9e75-4e40-acfe-981c0927b9fc: start 67c5b0d7-9e75-4e40-acfe-981c0927b9fc@group-E45B4D9E2F33-LeaderStateImpl
2023-10-04 17:33:48,000 [67c5b0d7-9e75-4e40-acfe-981c0927b9fc@group-E45B4D9E2F33-LeaderElection37] INFO  segmented.SegmentedRaftLogWorker (SegmentedRaftLogWorker.java:startLogSegment(447)) - 67c5b0d7-9e75-4e40-acfe-981c0927b9fc@group-E45B4D9E2F33-SegmentedRaftLogWorker: Starting segment from index:0
2023-10-04 17:33:48,004 [67c5b0d7-9e75-4e40-acfe-981c0927b9fc@group-E45B4D9E2F33-SegmentedRaftLogWorker] INFO  segmented.SegmentedRaftLogWorker (SegmentedRaftLogWorker.java:execute(651)) - 67c5b0d7-9e75-4e40-acfe-981c0927b9fc@group-E45B4D9E2F33-SegmentedRaftLogWorker: created new log segment /home/runner/work/ozone/ozone/hadoop-ozone/integration-test/target/test-dir/MiniOzoneClusterImpl-e9305288-83d2-469c-8969-78e040065d82/datanode-1/data/ratis/c16eed5a-ce2c-4911-9999-e45b4d9e2f33/current/log_inprogress_0
2023-10-04 17:33:48,008 [67c5b0d7-9e75-4e40-acfe-981c0927b9fc@group-E45B4D9E2F33-LeaderElection37] INFO  server.RaftServer$Division (ServerState.java:setRaftConf(434)) - 67c5b0d7-9e75-4e40-acfe-981c0927b9fc@group-E45B4D9E2F33: set configuration 0: peers:[67c5b0d7-9e75-4e40-acfe-981c0927b9fc|rpc:10.1.0.20:15182|admin:10.1.0.20:15181|client:10.1.0.20:15180|dataStream:10.1.0.20:15183|priority:1|startupRole:FOLLOWER]|listeners:[], old=null
17:33:48.010 [IPC Server handler 17 on default port 15163] ERROR OMAudit - user=runner | ip=127.0.0.1 | op=READ_KEY {volume=volume37245, bucket=bucket80016, key=file_notexist, dataSize=0, replicationConfig=null} | ret=FAILURE
org.apache.hadoop.ozone.om.exceptions.OMException: Key:file_notexist not found
	at org.apache.hadoop.ozone.om.KeyManagerImpl.readKeyInfo(KeyManagerImpl.java:453) ~[ozone-manager-1.4.0-SNAPSHOT.jar:?]
	at org.apache.hadoop.ozone.om.KeyManagerImpl.lambda$9(KeyManagerImpl.java:1981) ~[ozone-manager-1.4.0-SNAPSHOT.jar:?]
	at org.apache.hadoop.util.MetricUtil.captureLatencyNs(MetricUtil.java:39) ~[hdds-common-1.4.0-SNAPSHOT.jar:?]
	at org.apache.hadoop.ozone.om.KeyManagerImpl.getKeyInfo(KeyManagerImpl.java:1979) ~[ozone-manager-1.4.0-SNAPSHOT.jar:?]
	at org.apache.hadoop.ozone.om.OmMetadataReader.getKeyInfo(OmMetadataReader.java:189) ~[ozone-manager-1.4.0-SNAPSHOT.jar:?]
	at org.apache.hadoop.ozone.om.OzoneManager.getKeyInfo(OzoneManager.java:2866) ~[ozone-manager-1.4.0-SNAPSHOT.jar:?]
	at org.apache.hadoop.ozone.protocolPB.OzoneManagerRequestHandler.getKeyInfo(OzoneManagerRequestHandler.java:594) ~[ozone-manager-1.4.0-SNAPSHOT.jar:?]
	at org.apache.hadoop.ozone.protocolPB.OzoneManagerRequestHandler.handleReadRequest(OzoneManagerRequestHandler.java:313) ~[ozone-manager-1.4.0-SNAPSHOT.jar:?]
	at org.apache.hadoop.ozone.protocolPB.OzoneManagerProtocolServerSideTranslatorPB.submitRequestDirectlyToOM(OzoneManagerProtocolServerSideTranslatorPB.java:274) ~[ozone-manager-1.4.0-SNAPSHOT.jar:?]
	at org.apache.hadoop.ozone.protocolPB.OzoneManagerProtocolServerSideTranslatorPB.processRequest(OzoneManagerProtocolServerSideTranslatorPB.java:175) ~[ozone-manager-1.4.0-SNAPSHOT.jar:?]
	at org.apache.hadoop.hdds.server.OzoneProtocolMessageDispatcher.processRequest(OzoneProtocolMessageDispatcher.java:87) [hdds-server-framework-1.4.0-SNAPSHOT.jar:?]
	at org.apache.hadoop.ozone.protocolPB.OzoneManagerProtocolServerSideTranslatorPB.submitRequest(OzoneManagerProtocolServerSideTranslatorPB.java:148) [ozone-manager-1.4.0-SNAPSHOT.jar:?]
	at org.apache.hadoop.ozone.protocol.proto.OzoneManagerProtocolProtos$OzoneManagerService$2.callBlockingMethod(OzoneManagerProtocolProtos.java) [ozone-interface-client-1.4.0-SNAPSHOT.jar:?]
	at org.apache.hadoop.ipc.ProtobufRpcEngine$Server.processCall(ProtobufRpcEngine.java:484) [hadoop-common-3.3.6.jar:?]
	at org.apache.hadoop.ipc.ProtobufRpcEngine2$Server$ProtoBufRpcInvoker.call(ProtobufRpcEngine2.java:595) [hadoop-common-3.3.6.jar:?]
	at org.apache.hadoop.ipc.ProtobufRpcEngine2$Server$ProtoBufRpcInvoker.call(ProtobufRpcEngine2.java:573) [hadoop-common-3.3.6.jar:?]
	at org.apache.hadoop.ipc.RPC$Server.call(RPC.java:1227) [hadoop-common-3.3.6.jar:?]
	at org.apache.hadoop.ipc.Server$RpcCall.run(Server.java:1094) [hadoop-common-3.3.6.jar:?]
	at org.apache.hadoop.ipc.Server$RpcCall.run(Server.java:1017) [hadoop-common-3.3.6.jar:?]
	at java.security.AccessController.doPrivileged(Native Method) ~[?:1.8.0_382]
	at javax.security.auth.Subject.doAs(Subject.java:422) [?:1.8.0_382]
	at org.apache.hadoop.security.UserGroupInformation.doAs(UserGroupInformation.java:1899) [hadoop-common-3.3.6.jar:?]
	at org.apache.hadoop.ipc.Server$Handler.run(Server.java:3048) [hadoop-common-3.3.6.jar:?]
]]></system-out>
  </testcase>
  <testcase name="testRenameFile" classname="TestOzoneFileSystem" time="0.184">
    <system-out><![CDATA[17:29:47.476 [IPC Server handler 18 on default port 15004] ERROR OMAudit - user=runner | ip=127.0.0.1 | op=GET_FILE_STATUS {volume=volume27687, bucket=bucket94524, key=root/file1, dataSize=0, replicationConfig=null} | ret=FAILURE
org.apache.hadoop.ozone.om.exceptions.OMException: Unable to get file status: volume: volume27687 bucket: bucket94524 key: root/file1
	at org.apache.hadoop.ozone.om.KeyManagerImpl.getOzoneFileStatus(KeyManagerImpl.java:1227) ~[ozone-manager-1.4.0-SNAPSHOT.jar:?]
	at org.apache.hadoop.ozone.om.KeyManagerImpl.getFileStatus(KeyManagerImpl.java:1145) ~[ozone-manager-1.4.0-SNAPSHOT.jar:?]
	at org.apache.hadoop.ozone.om.OmMetadataReader.getFileStatus(OmMetadataReader.java:266) ~[ozone-manager-1.4.0-SNAPSHOT.jar:?]
	at org.apache.hadoop.ozone.om.OzoneManager.getFileStatus(OzoneManager.java:3585) ~[ozone-manager-1.4.0-SNAPSHOT.jar:?]
	at org.apache.hadoop.ozone.protocolPB.OzoneManagerRequestHandler.getOzoneFileStatus(OzoneManagerRequestHandler.java:998) ~[ozone-manager-1.4.0-SNAPSHOT.jar:?]
	at org.apache.hadoop.ozone.protocolPB.OzoneManagerRequestHandler.handleReadRequest(OzoneManagerRequestHandler.java:259) ~[ozone-manager-1.4.0-SNAPSHOT.jar:?]
	at org.apache.hadoop.ozone.protocolPB.OzoneManagerProtocolServerSideTranslatorPB.submitReadRequestToOM(OzoneManagerProtocolServerSideTranslatorPB.java:225) ~[ozone-manager-1.4.0-SNAPSHOT.jar:?]
	at org.apache.hadoop.ozone.protocolPB.OzoneManagerProtocolServerSideTranslatorPB.processRequest(OzoneManagerProtocolServerSideTranslatorPB.java:179) ~[ozone-manager-1.4.0-SNAPSHOT.jar:?]
	at org.apache.hadoop.hdds.server.OzoneProtocolMessageDispatcher.processRequest(OzoneProtocolMessageDispatcher.java:87) [hdds-server-framework-1.4.0-SNAPSHOT.jar:?]
	at org.apache.hadoop.ozone.protocolPB.OzoneManagerProtocolServerSideTranslatorPB.submitRequest(OzoneManagerProtocolServerSideTranslatorPB.java:148) [ozone-manager-1.4.0-SNAPSHOT.jar:?]
	at org.apache.hadoop.ozone.protocol.proto.OzoneManagerProtocolProtos$OzoneManagerService$2.callBlockingMethod(OzoneManagerProtocolProtos.java) [ozone-interface-client-1.4.0-SNAPSHOT.jar:?]
	at org.apache.hadoop.ipc.ProtobufRpcEngine$Server.processCall(ProtobufRpcEngine.java:484) [hadoop-common-3.3.6.jar:?]
	at org.apache.hadoop.ipc.ProtobufRpcEngine2$Server$ProtoBufRpcInvoker.call(ProtobufRpcEngine2.java:595) [hadoop-common-3.3.6.jar:?]
	at org.apache.hadoop.ipc.ProtobufRpcEngine2$Server$ProtoBufRpcInvoker.call(ProtobufRpcEngine2.java:573) [hadoop-common-3.3.6.jar:?]
	at org.apache.hadoop.ipc.RPC$Server.call(RPC.java:1227) [hadoop-common-3.3.6.jar:?]
	at org.apache.hadoop.ipc.Server$RpcCall.run(Server.java:1094) [hadoop-common-3.3.6.jar:?]
	at org.apache.hadoop.ipc.Server$RpcCall.run(Server.java:1017) [hadoop-common-3.3.6.jar:?]
	at java.security.AccessController.doPrivileged(Native Method) ~[?:1.8.0_382]
	at javax.security.auth.Subject.doAs(Subject.java:422) [?:1.8.0_382]
	at org.apache.hadoop.security.UserGroupInformation.doAs(UserGroupInformation.java:1899) [hadoop-common-3.3.6.jar:?]
	at org.apache.hadoop.ipc.Server$Handler.run(Server.java:3048) [hadoop-common-3.3.6.jar:?]
]]></system-out>
  </testcase>
  <testcase name="testRenameFile" classname="TestOzoneFileSystem" time="0.04">
    <system-out><![CDATA[17:31:19.245 [IPC Server handler 7 on default port 15057] ERROR OMAudit - user=runner | ip=127.0.0.1 | op=GET_FILE_STATUS {volume=volume39856, bucket=bucket94778, key=root/file1, dataSize=0, replicationConfig=null} | ret=FAILURE
org.apache.hadoop.ozone.om.exceptions.OMException: Unable to get file status: volume: volume39856 bucket: bucket94778 key: root/file1
	at org.apache.hadoop.ozone.om.KeyManagerImpl.getOzoneFileStatus(KeyManagerImpl.java:1227) ~[ozone-manager-1.4.0-SNAPSHOT.jar:?]
	at org.apache.hadoop.ozone.om.KeyManagerImpl.getFileStatus(KeyManagerImpl.java:1145) ~[ozone-manager-1.4.0-SNAPSHOT.jar:?]
	at org.apache.hadoop.ozone.om.OmMetadataReader.getFileStatus(OmMetadataReader.java:266) ~[ozone-manager-1.4.0-SNAPSHOT.jar:?]
	at org.apache.hadoop.ozone.om.OzoneManager.getFileStatus(OzoneManager.java:3585) ~[ozone-manager-1.4.0-SNAPSHOT.jar:?]
	at org.apache.hadoop.ozone.protocolPB.OzoneManagerRequestHandler.getOzoneFileStatus(OzoneManagerRequestHandler.java:998) ~[ozone-manager-1.4.0-SNAPSHOT.jar:?]
	at org.apache.hadoop.ozone.protocolPB.OzoneManagerRequestHandler.handleReadRequest(OzoneManagerRequestHandler.java:259) ~[ozone-manager-1.4.0-SNAPSHOT.jar:?]
	at org.apache.hadoop.ozone.protocolPB.OzoneManagerProtocolServerSideTranslatorPB.submitRequestDirectlyToOM(OzoneManagerProtocolServerSideTranslatorPB.java:274) ~[ozone-manager-1.4.0-SNAPSHOT.jar:?]
	at org.apache.hadoop.ozone.protocolPB.OzoneManagerProtocolServerSideTranslatorPB.processRequest(OzoneManagerProtocolServerSideTranslatorPB.java:175) ~[ozone-manager-1.4.0-SNAPSHOT.jar:?]
	at org.apache.hadoop.hdds.server.OzoneProtocolMessageDispatcher.processRequest(OzoneProtocolMessageDispatcher.java:87) [hdds-server-framework-1.4.0-SNAPSHOT.jar:?]
	at org.apache.hadoop.ozone.protocolPB.OzoneManagerProtocolServerSideTranslatorPB.submitRequest(OzoneManagerProtocolServerSideTranslatorPB.java:148) [ozone-manager-1.4.0-SNAPSHOT.jar:?]
	at org.apache.hadoop.ozone.protocol.proto.OzoneManagerProtocolProtos$OzoneManagerService$2.callBlockingMethod(OzoneManagerProtocolProtos.java) [ozone-interface-client-1.4.0-SNAPSHOT.jar:?]
	at org.apache.hadoop.ipc.ProtobufRpcEngine$Server.processCall(ProtobufRpcEngine.java:484) [hadoop-common-3.3.6.jar:?]
	at org.apache.hadoop.ipc.ProtobufRpcEngine2$Server$ProtoBufRpcInvoker.call(ProtobufRpcEngine2.java:595) [hadoop-common-3.3.6.jar:?]
	at org.apache.hadoop.ipc.ProtobufRpcEngine2$Server$ProtoBufRpcInvoker.call(ProtobufRpcEngine2.java:573) [hadoop-common-3.3.6.jar:?]
	at org.apache.hadoop.ipc.RPC$Server.call(RPC.java:1227) [hadoop-common-3.3.6.jar:?]
	at org.apache.hadoop.ipc.Server$RpcCall.run(Server.java:1094) [hadoop-common-3.3.6.jar:?]
	at org.apache.hadoop.ipc.Server$RpcCall.run(Server.java:1017) [hadoop-common-3.3.6.jar:?]
	at java.security.AccessController.doPrivileged(Native Method) ~[?:1.8.0_382]
	at javax.security.auth.Subject.doAs(Subject.java:422) [?:1.8.0_382]
	at org.apache.hadoop.security.UserGroupInformation.doAs(UserGroupInformation.java:1899) [hadoop-common-3.3.6.jar:?]
	at org.apache.hadoop.ipc.Server$Handler.run(Server.java:3048) [hadoop-common-3.3.6.jar:?]
]]></system-out>
  </testcase>
  <testcase name="testRenameFile" classname="TestOzoneFileSystem" time="0.037">
    <system-out><![CDATA[17:32:29.693 [IPC Server handler 4 on default port 15110] ERROR OMAudit - user=runner | ip=127.0.0.1 | op=GET_FILE_STATUS {volume=volume98659, bucket=bucket57585, key=root/file1, dataSize=0, replicationConfig=null} | ret=FAILURE
org.apache.hadoop.ozone.om.exceptions.OMException: Unable to get file status: volume: volume98659 bucket: bucket57585 key: root/file1
	at org.apache.hadoop.ozone.om.KeyManagerImpl.getOzoneFileStatus(KeyManagerImpl.java:1227) ~[ozone-manager-1.4.0-SNAPSHOT.jar:?]
	at org.apache.hadoop.ozone.om.KeyManagerImpl.getFileStatus(KeyManagerImpl.java:1145) ~[ozone-manager-1.4.0-SNAPSHOT.jar:?]
	at org.apache.hadoop.ozone.om.OmMetadataReader.getFileStatus(OmMetadataReader.java:266) ~[ozone-manager-1.4.0-SNAPSHOT.jar:?]
	at org.apache.hadoop.ozone.om.OzoneManager.getFileStatus(OzoneManager.java:3585) ~[ozone-manager-1.4.0-SNAPSHOT.jar:?]
	at org.apache.hadoop.ozone.protocolPB.OzoneManagerRequestHandler.getOzoneFileStatus(OzoneManagerRequestHandler.java:998) ~[ozone-manager-1.4.0-SNAPSHOT.jar:?]
	at org.apache.hadoop.ozone.protocolPB.OzoneManagerRequestHandler.handleReadRequest(OzoneManagerRequestHandler.java:259) ~[ozone-manager-1.4.0-SNAPSHOT.jar:?]
	at org.apache.hadoop.ozone.protocolPB.OzoneManagerProtocolServerSideTranslatorPB.submitReadRequestToOM(OzoneManagerProtocolServerSideTranslatorPB.java:225) ~[ozone-manager-1.4.0-SNAPSHOT.jar:?]
	at org.apache.hadoop.ozone.protocolPB.OzoneManagerProtocolServerSideTranslatorPB.processRequest(OzoneManagerProtocolServerSideTranslatorPB.java:179) ~[ozone-manager-1.4.0-SNAPSHOT.jar:?]
	at org.apache.hadoop.hdds.server.OzoneProtocolMessageDispatcher.processRequest(OzoneProtocolMessageDispatcher.java:87) [hdds-server-framework-1.4.0-SNAPSHOT.jar:?]
	at org.apache.hadoop.ozone.protocolPB.OzoneManagerProtocolServerSideTranslatorPB.submitRequest(OzoneManagerProtocolServerSideTranslatorPB.java:148) [ozone-manager-1.4.0-SNAPSHOT.jar:?]
	at org.apache.hadoop.ozone.protocol.proto.OzoneManagerProtocolProtos$OzoneManagerService$2.callBlockingMethod(OzoneManagerProtocolProtos.java) [ozone-interface-client-1.4.0-SNAPSHOT.jar:?]
	at org.apache.hadoop.ipc.ProtobufRpcEngine$Server.processCall(ProtobufRpcEngine.java:484) [hadoop-common-3.3.6.jar:?]
	at org.apache.hadoop.ipc.ProtobufRpcEngine2$Server$ProtoBufRpcInvoker.call(ProtobufRpcEngine2.java:595) [hadoop-common-3.3.6.jar:?]
	at org.apache.hadoop.ipc.ProtobufRpcEngine2$Server$ProtoBufRpcInvoker.call(ProtobufRpcEngine2.java:573) [hadoop-common-3.3.6.jar:?]
	at org.apache.hadoop.ipc.RPC$Server.call(RPC.java:1227) [hadoop-common-3.3.6.jar:?]
	at org.apache.hadoop.ipc.Server$RpcCall.run(Server.java:1094) [hadoop-common-3.3.6.jar:?]
	at org.apache.hadoop.ipc.Server$RpcCall.run(Server.java:1017) [hadoop-common-3.3.6.jar:?]
	at java.security.AccessController.doPrivileged(Native Method) ~[?:1.8.0_382]
	at javax.security.auth.Subject.doAs(Subject.java:422) [?:1.8.0_382]
	at org.apache.hadoop.security.UserGroupInformation.doAs(UserGroupInformation.java:1899) [hadoop-common-3.3.6.jar:?]
	at org.apache.hadoop.ipc.Server$Handler.run(Server.java:3048) [hadoop-common-3.3.6.jar:?]
]]></system-out>
  </testcase>
  <testcase name="testRenameFile" classname="TestOzoneFileSystem" time="0.031">
    <system-out><![CDATA[17:33:48.031 [IPC Server handler 6 on default port 15163] ERROR OMAudit - user=runner | ip=127.0.0.1 | op=GET_FILE_STATUS {volume=volume37245, bucket=bucket80016, key=root/file1, dataSize=0, replicationConfig=null} | ret=FAILURE
org.apache.hadoop.ozone.om.exceptions.OMException: Unable to get file status: volume: volume37245 bucket: bucket80016 key: root/file1
	at org.apache.hadoop.ozone.om.KeyManagerImpl.getOzoneFileStatus(KeyManagerImpl.java:1227) ~[ozone-manager-1.4.0-SNAPSHOT.jar:?]
	at org.apache.hadoop.ozone.om.KeyManagerImpl.getFileStatus(KeyManagerImpl.java:1145) ~[ozone-manager-1.4.0-SNAPSHOT.jar:?]
	at org.apache.hadoop.ozone.om.OmMetadataReader.getFileStatus(OmMetadataReader.java:266) ~[ozone-manager-1.4.0-SNAPSHOT.jar:?]
	at org.apache.hadoop.ozone.om.OzoneManager.getFileStatus(OzoneManager.java:3585) ~[ozone-manager-1.4.0-SNAPSHOT.jar:?]
	at org.apache.hadoop.ozone.protocolPB.OzoneManagerRequestHandler.getOzoneFileStatus(OzoneManagerRequestHandler.java:998) ~[ozone-manager-1.4.0-SNAPSHOT.jar:?]
	at org.apache.hadoop.ozone.protocolPB.OzoneManagerRequestHandler.handleReadRequest(OzoneManagerRequestHandler.java:259) ~[ozone-manager-1.4.0-SNAPSHOT.jar:?]
	at org.apache.hadoop.ozone.protocolPB.OzoneManagerProtocolServerSideTranslatorPB.submitRequestDirectlyToOM(OzoneManagerProtocolServerSideTranslatorPB.java:274) ~[ozone-manager-1.4.0-SNAPSHOT.jar:?]
	at org.apache.hadoop.ozone.protocolPB.OzoneManagerProtocolServerSideTranslatorPB.processRequest(OzoneManagerProtocolServerSideTranslatorPB.java:175) ~[ozone-manager-1.4.0-SNAPSHOT.jar:?]
	at org.apache.hadoop.hdds.server.OzoneProtocolMessageDispatcher.processRequest(OzoneProtocolMessageDispatcher.java:87) [hdds-server-framework-1.4.0-SNAPSHOT.jar:?]
	at org.apache.hadoop.ozone.protocolPB.OzoneManagerProtocolServerSideTranslatorPB.submitRequest(OzoneManagerProtocolServerSideTranslatorPB.java:148) [ozone-manager-1.4.0-SNAPSHOT.jar:?]
	at org.apache.hadoop.ozone.protocol.proto.OzoneManagerProtocolProtos$OzoneManagerService$2.callBlockingMethod(OzoneManagerProtocolProtos.java) [ozone-interface-client-1.4.0-SNAPSHOT.jar:?]
	at org.apache.hadoop.ipc.ProtobufRpcEngine$Server.processCall(ProtobufRpcEngine.java:484) [hadoop-common-3.3.6.jar:?]
	at org.apache.hadoop.ipc.ProtobufRpcEngine2$Server$ProtoBufRpcInvoker.call(ProtobufRpcEngine2.java:595) [hadoop-common-3.3.6.jar:?]
	at org.apache.hadoop.ipc.ProtobufRpcEngine2$Server$ProtoBufRpcInvoker.call(ProtobufRpcEngine2.java:573) [hadoop-common-3.3.6.jar:?]
	at org.apache.hadoop.ipc.RPC$Server.call(RPC.java:1227) [hadoop-common-3.3.6.jar:?]
	at org.apache.hadoop.ipc.Server$RpcCall.run(Server.java:1094) [hadoop-common-3.3.6.jar:?]
	at org.apache.hadoop.ipc.Server$RpcCall.run(Server.java:1017) [hadoop-common-3.3.6.jar:?]
	at java.security.AccessController.doPrivileged(Native Method) ~[?:1.8.0_382]
	at javax.security.auth.Subject.doAs(Subject.java:422) [?:1.8.0_382]
	at org.apache.hadoop.security.UserGroupInformation.doAs(UserGroupInformation.java:1899) [hadoop-common-3.3.6.jar:?]
	at org.apache.hadoop.ipc.Server$Handler.run(Server.java:3048) [hadoop-common-3.3.6.jar:?]
]]></system-out>
  </testcase>
  <testcase name="testRenameDir" classname="TestOzoneFileSystem" time="0.07">
    <system-out><![CDATA[2023-10-04 17:29:47,626 [Time-limited test] INFO  ozone.TestOzoneFileSystem (TestOzoneFileSystem.java:testRenameDir(1437)) - Created dir o3fs://bucket94524.volume27687/root_dir/dir1/sub_dir1
2023-10-04 17:29:47,626 [Time-limited test] INFO  ozone.TestOzoneFileSystem (TestOzoneFileSystem.java:testRenameDir(1438)) - Will move o3fs://bucket94524.volume27687/root_dir/dir1 to o3fs://bucket94524.volume27687/root_dir/dir1.renamed
17:29:47.631 [IPC Server handler 5 on default port 15004] ERROR OMAudit - user=runner | ip=127.0.0.1 | op=GET_FILE_STATUS {volume=volume27687, bucket=bucket94524, key=root_dir/dir1.renamed, dataSize=0, replicationConfig=null} | ret=FAILURE
org.apache.hadoop.ozone.om.exceptions.OMException: Unable to get file status: volume: volume27687 bucket: bucket94524 key: root_dir/dir1.renamed
	at org.apache.hadoop.ozone.om.KeyManagerImpl.getOzoneFileStatus(KeyManagerImpl.java:1227) ~[ozone-manager-1.4.0-SNAPSHOT.jar:?]
	at org.apache.hadoop.ozone.om.KeyManagerImpl.getFileStatus(KeyManagerImpl.java:1145) ~[ozone-manager-1.4.0-SNAPSHOT.jar:?]
	at org.apache.hadoop.ozone.om.OmMetadataReader.getFileStatus(OmMetadataReader.java:266) ~[ozone-manager-1.4.0-SNAPSHOT.jar:?]
	at org.apache.hadoop.ozone.om.OzoneManager.getFileStatus(OzoneManager.java:3585) ~[ozone-manager-1.4.0-SNAPSHOT.jar:?]
	at org.apache.hadoop.ozone.protocolPB.OzoneManagerRequestHandler.getOzoneFileStatus(OzoneManagerRequestHandler.java:998) ~[ozone-manager-1.4.0-SNAPSHOT.jar:?]
	at org.apache.hadoop.ozone.protocolPB.OzoneManagerRequestHandler.handleReadRequest(OzoneManagerRequestHandler.java:259) ~[ozone-manager-1.4.0-SNAPSHOT.jar:?]
	at org.apache.hadoop.ozone.protocolPB.OzoneManagerProtocolServerSideTranslatorPB.submitReadRequestToOM(OzoneManagerProtocolServerSideTranslatorPB.java:225) ~[ozone-manager-1.4.0-SNAPSHOT.jar:?]
	at org.apache.hadoop.ozone.protocolPB.OzoneManagerProtocolServerSideTranslatorPB.processRequest(OzoneManagerProtocolServerSideTranslatorPB.java:179) ~[ozone-manager-1.4.0-SNAPSHOT.jar:?]
	at org.apache.hadoop.hdds.server.OzoneProtocolMessageDispatcher.processRequest(OzoneProtocolMessageDispatcher.java:87) [hdds-server-framework-1.4.0-SNAPSHOT.jar:?]
	at org.apache.hadoop.ozone.protocolPB.OzoneManagerProtocolServerSideTranslatorPB.submitRequest(OzoneManagerProtocolServerSideTranslatorPB.java:148) [ozone-manager-1.4.0-SNAPSHOT.jar:?]
	at org.apache.hadoop.ozone.protocol.proto.OzoneManagerProtocolProtos$OzoneManagerService$2.callBlockingMethod(OzoneManagerProtocolProtos.java) [ozone-interface-client-1.4.0-SNAPSHOT.jar:?]
	at org.apache.hadoop.ipc.ProtobufRpcEngine$Server.processCall(ProtobufRpcEngine.java:484) [hadoop-common-3.3.6.jar:?]
	at org.apache.hadoop.ipc.ProtobufRpcEngine2$Server$ProtoBufRpcInvoker.call(ProtobufRpcEngine2.java:595) [hadoop-common-3.3.6.jar:?]
	at org.apache.hadoop.ipc.ProtobufRpcEngine2$Server$ProtoBufRpcInvoker.call(ProtobufRpcEngine2.java:573) [hadoop-common-3.3.6.jar:?]
	at org.apache.hadoop.ipc.RPC$Server.call(RPC.java:1227) [hadoop-common-3.3.6.jar:?]
	at org.apache.hadoop.ipc.Server$RpcCall.run(Server.java:1094) [hadoop-common-3.3.6.jar:?]
	at org.apache.hadoop.ipc.Server$RpcCall.run(Server.java:1017) [hadoop-common-3.3.6.jar:?]
	at java.security.AccessController.doPrivileged(Native Method) ~[?:1.8.0_382]
	at javax.security.auth.Subject.doAs(Subject.java:422) [?:1.8.0_382]
	at org.apache.hadoop.security.UserGroupInformation.doAs(UserGroupInformation.java:1899) [hadoop-common-3.3.6.jar:?]
	at org.apache.hadoop.ipc.Server$Handler.run(Server.java:3048) [hadoop-common-3.3.6.jar:?]
]]></system-out>
  </testcase>
  <testcase name="testRenameDir" classname="TestOzoneFileSystem" time="0.019">
    <system-out><![CDATA[2023-10-04 17:31:19,279 [Time-limited test] INFO  ozone.TestOzoneFileSystem (TestOzoneFileSystem.java:testRenameDir(1437)) - Created dir o3fs://bucket94778.volume39856/root_dir/dir1/sub_dir1
2023-10-04 17:31:19,279 [Time-limited test] INFO  ozone.TestOzoneFileSystem (TestOzoneFileSystem.java:testRenameDir(1438)) - Will move o3fs://bucket94778.volume39856/root_dir/dir1 to o3fs://bucket94778.volume39856/root_dir/dir1.renamed
17:31:19.281 [IPC Server handler 0 on default port 15057] ERROR OMAudit - user=runner | ip=127.0.0.1 | op=GET_FILE_STATUS {volume=volume39856, bucket=bucket94778, key=root_dir/dir1.renamed, dataSize=0, replicationConfig=null} | ret=FAILURE
org.apache.hadoop.ozone.om.exceptions.OMException: Unable to get file status: volume: volume39856 bucket: bucket94778 key: root_dir/dir1.renamed
	at org.apache.hadoop.ozone.om.KeyManagerImpl.getOzoneFileStatus(KeyManagerImpl.java:1227) ~[ozone-manager-1.4.0-SNAPSHOT.jar:?]
	at org.apache.hadoop.ozone.om.KeyManagerImpl.getFileStatus(KeyManagerImpl.java:1145) ~[ozone-manager-1.4.0-SNAPSHOT.jar:?]
	at org.apache.hadoop.ozone.om.OmMetadataReader.getFileStatus(OmMetadataReader.java:266) ~[ozone-manager-1.4.0-SNAPSHOT.jar:?]
	at org.apache.hadoop.ozone.om.OzoneManager.getFileStatus(OzoneManager.java:3585) ~[ozone-manager-1.4.0-SNAPSHOT.jar:?]
	at org.apache.hadoop.ozone.protocolPB.OzoneManagerRequestHandler.getOzoneFileStatus(OzoneManagerRequestHandler.java:998) ~[ozone-manager-1.4.0-SNAPSHOT.jar:?]
	at org.apache.hadoop.ozone.protocolPB.OzoneManagerRequestHandler.handleReadRequest(OzoneManagerRequestHandler.java:259) ~[ozone-manager-1.4.0-SNAPSHOT.jar:?]
	at org.apache.hadoop.ozone.protocolPB.OzoneManagerProtocolServerSideTranslatorPB.submitRequestDirectlyToOM(OzoneManagerProtocolServerSideTranslatorPB.java:274) ~[ozone-manager-1.4.0-SNAPSHOT.jar:?]
	at org.apache.hadoop.ozone.protocolPB.OzoneManagerProtocolServerSideTranslatorPB.processRequest(OzoneManagerProtocolServerSideTranslatorPB.java:175) ~[ozone-manager-1.4.0-SNAPSHOT.jar:?]
	at org.apache.hadoop.hdds.server.OzoneProtocolMessageDispatcher.processRequest(OzoneProtocolMessageDispatcher.java:87) [hdds-server-framework-1.4.0-SNAPSHOT.jar:?]
	at org.apache.hadoop.ozone.protocolPB.OzoneManagerProtocolServerSideTranslatorPB.submitRequest(OzoneManagerProtocolServerSideTranslatorPB.java:148) [ozone-manager-1.4.0-SNAPSHOT.jar:?]
	at org.apache.hadoop.ozone.protocol.proto.OzoneManagerProtocolProtos$OzoneManagerService$2.callBlockingMethod(OzoneManagerProtocolProtos.java) [ozone-interface-client-1.4.0-SNAPSHOT.jar:?]
	at org.apache.hadoop.ipc.ProtobufRpcEngine$Server.processCall(ProtobufRpcEngine.java:484) [hadoop-common-3.3.6.jar:?]
	at org.apache.hadoop.ipc.ProtobufRpcEngine2$Server$ProtoBufRpcInvoker.call(ProtobufRpcEngine2.java:595) [hadoop-common-3.3.6.jar:?]
	at org.apache.hadoop.ipc.ProtobufRpcEngine2$Server$ProtoBufRpcInvoker.call(ProtobufRpcEngine2.java:573) [hadoop-common-3.3.6.jar:?]
	at org.apache.hadoop.ipc.RPC$Server.call(RPC.java:1227) [hadoop-common-3.3.6.jar:?]
	at org.apache.hadoop.ipc.Server$RpcCall.run(Server.java:1094) [hadoop-common-3.3.6.jar:?]
	at org.apache.hadoop.ipc.Server$RpcCall.run(Server.java:1017) [hadoop-common-3.3.6.jar:?]
	at java.security.AccessController.doPrivileged(Native Method) ~[?:1.8.0_382]
	at javax.security.auth.Subject.doAs(Subject.java:422) [?:1.8.0_382]
	at org.apache.hadoop.security.UserGroupInformation.doAs(UserGroupInformation.java:1899) [hadoop-common-3.3.6.jar:?]
	at org.apache.hadoop.ipc.Server$Handler.run(Server.java:3048) [hadoop-common-3.3.6.jar:?]
]]></system-out>
  </testcase>
  <testcase name="testRenameDir" classname="TestOzoneFileSystem" time="0.017">
    <system-out><![CDATA[2023-10-04 17:32:29,716 [Time-limited test] INFO  ozone.TestOzoneFileSystem (TestOzoneFileSystem.java:testRenameDir(1437)) - Created dir o3fs://bucket57585.volume98659/root_dir/dir1/sub_dir1
2023-10-04 17:32:29,716 [Time-limited test] INFO  ozone.TestOzoneFileSystem (TestOzoneFileSystem.java:testRenameDir(1438)) - Will move o3fs://bucket57585.volume98659/root_dir/dir1 to o3fs://bucket57585.volume98659/root_dir/dir1.renamed
17:32:29.718 [IPC Server handler 9 on default port 15110] ERROR OMAudit - user=runner | ip=127.0.0.1 | op=GET_FILE_STATUS {volume=volume98659, bucket=bucket57585, key=root_dir/dir1.renamed, dataSize=0, replicationConfig=null} | ret=FAILURE
org.apache.hadoop.ozone.om.exceptions.OMException: Unable to get file status: volume: volume98659 bucket: bucket57585 key: root_dir/dir1.renamed
	at org.apache.hadoop.ozone.om.KeyManagerImpl.getOzoneFileStatus(KeyManagerImpl.java:1227) ~[ozone-manager-1.4.0-SNAPSHOT.jar:?]
	at org.apache.hadoop.ozone.om.KeyManagerImpl.getFileStatus(KeyManagerImpl.java:1145) ~[ozone-manager-1.4.0-SNAPSHOT.jar:?]
	at org.apache.hadoop.ozone.om.OmMetadataReader.getFileStatus(OmMetadataReader.java:266) ~[ozone-manager-1.4.0-SNAPSHOT.jar:?]
	at org.apache.hadoop.ozone.om.OzoneManager.getFileStatus(OzoneManager.java:3585) ~[ozone-manager-1.4.0-SNAPSHOT.jar:?]
	at org.apache.hadoop.ozone.protocolPB.OzoneManagerRequestHandler.getOzoneFileStatus(OzoneManagerRequestHandler.java:998) ~[ozone-manager-1.4.0-SNAPSHOT.jar:?]
	at org.apache.hadoop.ozone.protocolPB.OzoneManagerRequestHandler.handleReadRequest(OzoneManagerRequestHandler.java:259) ~[ozone-manager-1.4.0-SNAPSHOT.jar:?]
	at org.apache.hadoop.ozone.protocolPB.OzoneManagerProtocolServerSideTranslatorPB.submitReadRequestToOM(OzoneManagerProtocolServerSideTranslatorPB.java:225) ~[ozone-manager-1.4.0-SNAPSHOT.jar:?]
	at org.apache.hadoop.ozone.protocolPB.OzoneManagerProtocolServerSideTranslatorPB.processRequest(OzoneManagerProtocolServerSideTranslatorPB.java:179) ~[ozone-manager-1.4.0-SNAPSHOT.jar:?]
	at org.apache.hadoop.hdds.server.OzoneProtocolMessageDispatcher.processRequest(OzoneProtocolMessageDispatcher.java:87) [hdds-server-framework-1.4.0-SNAPSHOT.jar:?]
	at org.apache.hadoop.ozone.protocolPB.OzoneManagerProtocolServerSideTranslatorPB.submitRequest(OzoneManagerProtocolServerSideTranslatorPB.java:148) [ozone-manager-1.4.0-SNAPSHOT.jar:?]
	at org.apache.hadoop.ozone.protocol.proto.OzoneManagerProtocolProtos$OzoneManagerService$2.callBlockingMethod(OzoneManagerProtocolProtos.java) [ozone-interface-client-1.4.0-SNAPSHOT.jar:?]
	at org.apache.hadoop.ipc.ProtobufRpcEngine$Server.processCall(ProtobufRpcEngine.java:484) [hadoop-common-3.3.6.jar:?]
	at org.apache.hadoop.ipc.ProtobufRpcEngine2$Server$ProtoBufRpcInvoker.call(ProtobufRpcEngine2.java:595) [hadoop-common-3.3.6.jar:?]
	at org.apache.hadoop.ipc.ProtobufRpcEngine2$Server$ProtoBufRpcInvoker.call(ProtobufRpcEngine2.java:573) [hadoop-common-3.3.6.jar:?]
	at org.apache.hadoop.ipc.RPC$Server.call(RPC.java:1227) [hadoop-common-3.3.6.jar:?]
	at org.apache.hadoop.ipc.Server$RpcCall.run(Server.java:1094) [hadoop-common-3.3.6.jar:?]
	at org.apache.hadoop.ipc.Server$RpcCall.run(Server.java:1017) [hadoop-common-3.3.6.jar:?]
	at java.security.AccessController.doPrivileged(Native Method) ~[?:1.8.0_382]
	at javax.security.auth.Subject.doAs(Subject.java:422) [?:1.8.0_382]
	at org.apache.hadoop.security.UserGroupInformation.doAs(UserGroupInformation.java:1899) [hadoop-common-3.3.6.jar:?]
	at org.apache.hadoop.ipc.Server$Handler.run(Server.java:3048) [hadoop-common-3.3.6.jar:?]
]]></system-out>
  </testcase>
  <testcase name="testRenameDir" classname="TestOzoneFileSystem" time="0.015">
    <system-out><![CDATA[2023-10-04 17:33:48,051 [Time-limited test] INFO  ozone.TestOzoneFileSystem (TestOzoneFileSystem.java:testRenameDir(1437)) - Created dir o3fs://bucket80016.volume37245/root_dir/dir1/sub_dir1
2023-10-04 17:33:48,052 [Time-limited test] INFO  ozone.TestOzoneFileSystem (TestOzoneFileSystem.java:testRenameDir(1438)) - Will move o3fs://bucket80016.volume37245/root_dir/dir1 to o3fs://bucket80016.volume37245/root_dir/dir1.renamed
17:33:48.053 [IPC Server handler 12 on default port 15163] ERROR OMAudit - user=runner | ip=127.0.0.1 | op=GET_FILE_STATUS {volume=volume37245, bucket=bucket80016, key=root_dir/dir1.renamed, dataSize=0, replicationConfig=null} | ret=FAILURE
org.apache.hadoop.ozone.om.exceptions.OMException: Unable to get file status: volume: volume37245 bucket: bucket80016 key: root_dir/dir1.renamed
	at org.apache.hadoop.ozone.om.KeyManagerImpl.getOzoneFileStatus(KeyManagerImpl.java:1227) ~[ozone-manager-1.4.0-SNAPSHOT.jar:?]
	at org.apache.hadoop.ozone.om.KeyManagerImpl.getFileStatus(KeyManagerImpl.java:1145) ~[ozone-manager-1.4.0-SNAPSHOT.jar:?]
	at org.apache.hadoop.ozone.om.OmMetadataReader.getFileStatus(OmMetadataReader.java:266) ~[ozone-manager-1.4.0-SNAPSHOT.jar:?]
	at org.apache.hadoop.ozone.om.OzoneManager.getFileStatus(OzoneManager.java:3585) ~[ozone-manager-1.4.0-SNAPSHOT.jar:?]
	at org.apache.hadoop.ozone.protocolPB.OzoneManagerRequestHandler.getOzoneFileStatus(OzoneManagerRequestHandler.java:998) ~[ozone-manager-1.4.0-SNAPSHOT.jar:?]
	at org.apache.hadoop.ozone.protocolPB.OzoneManagerRequestHandler.handleReadRequest(OzoneManagerRequestHandler.java:259) ~[ozone-manager-1.4.0-SNAPSHOT.jar:?]
	at org.apache.hadoop.ozone.protocolPB.OzoneManagerProtocolServerSideTranslatorPB.submitRequestDirectlyToOM(OzoneManagerProtocolServerSideTranslatorPB.java:274) ~[ozone-manager-1.4.0-SNAPSHOT.jar:?]
	at org.apache.hadoop.ozone.protocolPB.OzoneManagerProtocolServerSideTranslatorPB.processRequest(OzoneManagerProtocolServerSideTranslatorPB.java:175) ~[ozone-manager-1.4.0-SNAPSHOT.jar:?]
	at org.apache.hadoop.hdds.server.OzoneProtocolMessageDispatcher.processRequest(OzoneProtocolMessageDispatcher.java:87) [hdds-server-framework-1.4.0-SNAPSHOT.jar:?]
	at org.apache.hadoop.ozone.protocolPB.OzoneManagerProtocolServerSideTranslatorPB.submitRequest(OzoneManagerProtocolServerSideTranslatorPB.java:148) [ozone-manager-1.4.0-SNAPSHOT.jar:?]
	at org.apache.hadoop.ozone.protocol.proto.OzoneManagerProtocolProtos$OzoneManagerService$2.callBlockingMethod(OzoneManagerProtocolProtos.java) [ozone-interface-client-1.4.0-SNAPSHOT.jar:?]
	at org.apache.hadoop.ipc.ProtobufRpcEngine$Server.processCall(ProtobufRpcEngine.java:484) [hadoop-common-3.3.6.jar:?]
	at org.apache.hadoop.ipc.ProtobufRpcEngine2$Server$ProtoBufRpcInvoker.call(ProtobufRpcEngine2.java:595) [hadoop-common-3.3.6.jar:?]
	at org.apache.hadoop.ipc.ProtobufRpcEngine2$Server$ProtoBufRpcInvoker.call(ProtobufRpcEngine2.java:573) [hadoop-common-3.3.6.jar:?]
	at org.apache.hadoop.ipc.RPC$Server.call(RPC.java:1227) [hadoop-common-3.3.6.jar:?]
	at org.apache.hadoop.ipc.Server$RpcCall.run(Server.java:1094) [hadoop-common-3.3.6.jar:?]
	at org.apache.hadoop.ipc.Server$RpcCall.run(Server.java:1017) [hadoop-common-3.3.6.jar:?]
	at java.security.AccessController.doPrivileged(Native Method) ~[?:1.8.0_382]
	at javax.security.auth.Subject.doAs(Subject.java:422) [?:1.8.0_382]
	at org.apache.hadoop.security.UserGroupInformation.doAs(UserGroupInformation.java:1899) [hadoop-common-3.3.6.jar:?]
	at org.apache.hadoop.ipc.Server$Handler.run(Server.java:3048) [hadoop-common-3.3.6.jar:?]
]]></system-out>
  </testcase>
  <testcase name="testListStatusIteratorOnSubDirs" classname="TestOzoneFileSystem" time="0.081"/>
  <testcase name="testListStatusIteratorOnSubDirs" classname="TestOzoneFileSystem" time="0.027">
    <system-out><![CDATA[2023-10-04 17:31:19,314 [91ebd182-a33d-46b0-9291-0e8ba30d2124@group-319943758E1F-FollowerState] INFO  impl.FollowerState (FollowerState.java:run(143)) - 91ebd182-a33d-46b0-9291-0e8ba30d2124@group-319943758E1F-FollowerState: change to CANDIDATE, lastRpcElapsedTime:5139538395ns, electionTimeout:5138ms
2023-10-04 17:31:19,314 [91ebd182-a33d-46b0-9291-0e8ba30d2124@group-319943758E1F-FollowerState] INFO  impl.RoleInfo (RoleInfo.java:shutdownFollowerState(110)) - 91ebd182-a33d-46b0-9291-0e8ba30d2124: shutdown 91ebd182-a33d-46b0-9291-0e8ba30d2124@group-319943758E1F-FollowerState
2023-10-04 17:31:19,314 [91ebd182-a33d-46b0-9291-0e8ba30d2124@group-319943758E1F-FollowerState] INFO  server.RaftServer$Division (RaftServerImpl.java:setRole(329)) - 91ebd182-a33d-46b0-9291-0e8ba30d2124@group-319943758E1F: changes role from  FOLLOWER to CANDIDATE at term 0 for changeToCandidate
2023-10-04 17:31:19,314 [91ebd182-a33d-46b0-9291-0e8ba30d2124@group-319943758E1F-FollowerState] INFO  server.RaftServerConfigKeys (ConfUtils.java:logGet(46)) - raft.server.leaderelection.pre-vote = true (default)
2023-10-04 17:31:19,314 [91ebd182-a33d-46b0-9291-0e8ba30d2124@group-319943758E1F-FollowerState] INFO  impl.RoleInfo (RoleInfo.java:updateAndGet(139)) - 91ebd182-a33d-46b0-9291-0e8ba30d2124: start 91ebd182-a33d-46b0-9291-0e8ba30d2124@group-319943758E1F-LeaderElection17
]]></system-out>
  </testcase>
  <testcase name="testListStatusIteratorOnSubDirs" classname="TestOzoneFileSystem" time="0.022"/>
  <testcase name="testListStatusIteratorOnSubDirs" classname="TestOzoneFileSystem" time="0.018"/>
  <testcase name="testAllocateMoreThanOneBlock" classname="TestOzoneFileSystem" time="0.519">
    <system-out><![CDATA[2023-10-04 17:29:48,263 [IPC Server handler 18 on default port 15001] WARN  node.SCMNodeManager (SCMNodeManager.java:getNodesByAddress(1373)) - Cannot find node for address 127.0.0.1
]]></system-out>
  </testcase>
  <testcase name="testAllocateMoreThanOneBlock" classname="TestOzoneFileSystem" time="0.398">
    <system-out><![CDATA[2023-10-04 17:31:19,324 [91ebd182-a33d-46b0-9291-0e8ba30d2124@group-319943758E1F-LeaderElection17] INFO  impl.LeaderElection (LeaderElection.java:askForVotes(321)) - 91ebd182-a33d-46b0-9291-0e8ba30d2124@group-319943758E1F-LeaderElection17 PRE_VOTE round 0: submit vote requests at term 0 for -1: peers:[91ebd182-a33d-46b0-9291-0e8ba30d2124|rpc:10.1.0.20:15085|admin:10.1.0.20:15084|client:10.1.0.20:15083|dataStream:10.1.0.20:15086|priority:1|startupRole:FOLLOWER]|listeners:[], old=null
2023-10-04 17:31:19,324 [91ebd182-a33d-46b0-9291-0e8ba30d2124@group-319943758E1F-LeaderElection17] INFO  impl.LeaderElection (LeaderElection.java:askForVotes(323)) - 91ebd182-a33d-46b0-9291-0e8ba30d2124@group-319943758E1F-LeaderElection17 PRE_VOTE round 0: result PASSED (term=0)
2023-10-04 17:31:19,329 [91ebd182-a33d-46b0-9291-0e8ba30d2124@group-319943758E1F-LeaderElection17] INFO  impl.LeaderElection (LeaderElection.java:askForVotes(321)) - 91ebd182-a33d-46b0-9291-0e8ba30d2124@group-319943758E1F-LeaderElection17 ELECTION round 0: submit vote requests at term 1 for -1: peers:[91ebd182-a33d-46b0-9291-0e8ba30d2124|rpc:10.1.0.20:15085|admin:10.1.0.20:15084|client:10.1.0.20:15083|dataStream:10.1.0.20:15086|priority:1|startupRole:FOLLOWER]|listeners:[], old=null
2023-10-04 17:31:19,329 [91ebd182-a33d-46b0-9291-0e8ba30d2124@group-319943758E1F-LeaderElection17] INFO  impl.LeaderElection (LeaderElection.java:askForVotes(323)) - 91ebd182-a33d-46b0-9291-0e8ba30d2124@group-319943758E1F-LeaderElection17 ELECTION round 0: result PASSED (term=1)
2023-10-04 17:31:19,329 [91ebd182-a33d-46b0-9291-0e8ba30d2124@group-319943758E1F-LeaderElection17] INFO  impl.RoleInfo (RoleInfo.java:shutdownLeaderElection(130)) - 91ebd182-a33d-46b0-9291-0e8ba30d2124: shutdown 91ebd182-a33d-46b0-9291-0e8ba30d2124@group-319943758E1F-LeaderElection17
2023-10-04 17:31:19,329 [91ebd182-a33d-46b0-9291-0e8ba30d2124@group-319943758E1F-LeaderElection17] INFO  server.RaftServer$Division (RaftServerImpl.java:setRole(329)) - 91ebd182-a33d-46b0-9291-0e8ba30d2124@group-319943758E1F: changes role from CANDIDATE to LEADER at term 1 for changeToLeader
2023-10-04 17:31:19,329 [91ebd182-a33d-46b0-9291-0e8ba30d2124@group-319943758E1F-LeaderElection17] INFO  ratis.XceiverServerRatis (XceiverServerRatis.java:handleLeaderChangedNotification(902)) - Leader change notification received for group: group-319943758E1F with new leaderId: 91ebd182-a33d-46b0-9291-0e8ba30d2124
2023-10-04 17:31:19,332 [91ebd182-a33d-46b0-9291-0e8ba30d2124@group-319943758E1F-LeaderElection17] INFO  server.RaftServer$Division (ServerState.java:setLeader(317)) - 91ebd182-a33d-46b0-9291-0e8ba30d2124@group-319943758E1F: change Leader from null to 91ebd182-a33d-46b0-9291-0e8ba30d2124 at term 1 for becomeLeader, leader elected after 5173ms
2023-10-04 17:31:19,332 [91ebd182-a33d-46b0-9291-0e8ba30d2124@group-319943758E1F-LeaderElection17] INFO  server.RaftServerConfigKeys (ConfUtils.java:logGet(46)) - raft.server.staging.catchup.gap = 1000 (default)
2023-10-04 17:31:19,333 [91ebd182-a33d-46b0-9291-0e8ba30d2124@group-319943758E1F-LeaderElection17] INFO  server.RaftServerConfigKeys (ConfUtils.java:logGet(46)) - raft.server.write.element-limit = 1024 (custom)
2023-10-04 17:31:19,333 [91ebd182-a33d-46b0-9291-0e8ba30d2124@group-319943758E1F-LeaderElection17] INFO  server.RaftServerConfigKeys (ConfUtils.java:logGet(46)) - raft.server.write.byte-limit = 1024 M (=1073741824) (custom)
2023-10-04 17:31:19,333 [91ebd182-a33d-46b0-9291-0e8ba30d2124@group-319943758E1F-LeaderElection17] INFO  server.RaftServerConfigKeys (ConfUtils.java:logGet(46)) - raft.server.watch.timeout = 180s (custom)
2023-10-04 17:31:19,333 [91ebd182-a33d-46b0-9291-0e8ba30d2124@group-319943758E1F-LeaderElection17] INFO  server.RaftServerConfigKeys (ConfUtils.java:logGet(46)) - raft.server.watch.timeout.denomination = 1s (default)
2023-10-04 17:31:19,333 [91ebd182-a33d-46b0-9291-0e8ba30d2124@group-319943758E1F-LeaderElection17] INFO  server.RaftServerConfigKeys (ConfUtils.java:logGet(46)) - raft.server.watch.element-limit = 65536 (default)
2023-10-04 17:31:19,333 [91ebd182-a33d-46b0-9291-0e8ba30d2124@group-319943758E1F-LeaderElection17] INFO  server.RaftServerConfigKeys (ConfUtils.java:logGet(46)) - raft.server.write.element-limit = 1024 (custom)
2023-10-04 17:31:19,333 [91ebd182-a33d-46b0-9291-0e8ba30d2124@group-319943758E1F-LeaderElection17] INFO  server.RaftServerConfigKeys (ConfUtils.java:logGet(46)) - raft.server.write.follower.gap.ratio.max = -1.0 (default)
2023-10-04 17:31:19,333 [91ebd182-a33d-46b0-9291-0e8ba30d2124@group-319943758E1F-LeaderElection17] INFO  impl.RoleInfo (RoleInfo.java:updateAndGet(139)) - 91ebd182-a33d-46b0-9291-0e8ba30d2124: start 91ebd182-a33d-46b0-9291-0e8ba30d2124@group-319943758E1F-LeaderStateImpl
2023-10-04 17:31:19,333 [91ebd182-a33d-46b0-9291-0e8ba30d2124@group-319943758E1F-LeaderElection17] INFO  segmented.SegmentedRaftLogWorker (SegmentedRaftLogWorker.java:startLogSegment(447)) - 91ebd182-a33d-46b0-9291-0e8ba30d2124@group-319943758E1F-SegmentedRaftLogWorker: Starting segment from index:0
2023-10-04 17:31:19,336 [91ebd182-a33d-46b0-9291-0e8ba30d2124@group-319943758E1F-LeaderElection17] INFO  server.RaftServer$Division (ServerState.java:setRaftConf(434)) - 91ebd182-a33d-46b0-9291-0e8ba30d2124@group-319943758E1F: set configuration 0: peers:[91ebd182-a33d-46b0-9291-0e8ba30d2124|rpc:10.1.0.20:15085|admin:10.1.0.20:15084|client:10.1.0.20:15083|dataStream:10.1.0.20:15086|priority:1|startupRole:FOLLOWER]|listeners:[], old=null
2023-10-04 17:31:19,339 [91ebd182-a33d-46b0-9291-0e8ba30d2124@group-319943758E1F-SegmentedRaftLogWorker] INFO  segmented.SegmentedRaftLogWorker (SegmentedRaftLogWorker.java:execute(651)) - 91ebd182-a33d-46b0-9291-0e8ba30d2124@group-319943758E1F-SegmentedRaftLogWorker: created new log segment /home/runner/work/ozone/ozone/hadoop-ozone/integration-test/target/test-dir/MiniOzoneClusterImpl-ae862161-af4f-46f0-80d9-78d734e05fe2/datanode-2/data/ratis/03cd53b8-6835-4b31-a60d-319943758e1f/current/log_inprogress_0
2023-10-04 17:31:19,710 [IPC Server handler 5 on default port 15054] WARN  node.SCMNodeManager (SCMNodeManager.java:getNodesByAddress(1373)) - Cannot find node for address 127.0.0.1
]]></system-out>
  </testcase>
  <testcase name="testAllocateMoreThanOneBlock" classname="TestOzoneFileSystem" time="0.338">
    <system-out><![CDATA[2023-10-04 17:32:30,083 [IPC Server handler 9 on default port 15107] WARN  node.SCMNodeManager (SCMNodeManager.java:getNodesByAddress(1373)) - Cannot find node for address 127.0.0.1
]]></system-out>
  </testcase>
  <testcase name="testAllocateMoreThanOneBlock" classname="TestOzoneFileSystem" time="0.468">
    <system-out><![CDATA[2023-10-04 17:33:48,195 [0fe30932-4948-4248-92da-86cdb3d75943@group-79B219F6E317-FollowerState] INFO  impl.FollowerState (FollowerState.java:run(143)) - 0fe30932-4948-4248-92da-86cdb3d75943@group-79B219F6E317-FollowerState: change to CANDIDATE, lastRpcElapsedTime:5043196223ns, electionTimeout:5042ms
2023-10-04 17:33:48,196 [0fe30932-4948-4248-92da-86cdb3d75943@group-79B219F6E317-FollowerState] INFO  impl.RoleInfo (RoleInfo.java:shutdownFollowerState(110)) - 0fe30932-4948-4248-92da-86cdb3d75943: shutdown 0fe30932-4948-4248-92da-86cdb3d75943@group-79B219F6E317-FollowerState
2023-10-04 17:33:48,196 [0fe30932-4948-4248-92da-86cdb3d75943@group-79B219F6E317-FollowerState] INFO  server.RaftServer$Division (RaftServerImpl.java:setRole(329)) - 0fe30932-4948-4248-92da-86cdb3d75943@group-79B219F6E317: changes role from  FOLLOWER to CANDIDATE at term 0 for changeToCandidate
2023-10-04 17:33:48,196 [0fe30932-4948-4248-92da-86cdb3d75943@group-79B219F6E317-FollowerState] INFO  server.RaftServerConfigKeys (ConfUtils.java:logGet(46)) - raft.server.leaderelection.pre-vote = true (default)
2023-10-04 17:33:48,196 [0fe30932-4948-4248-92da-86cdb3d75943@group-79B219F6E317-FollowerState] INFO  impl.RoleInfo (RoleInfo.java:updateAndGet(139)) - 0fe30932-4948-4248-92da-86cdb3d75943: start 0fe30932-4948-4248-92da-86cdb3d75943@group-79B219F6E317-LeaderElection38
2023-10-04 17:33:48,216 [0fe30932-4948-4248-92da-86cdb3d75943@group-79B219F6E317-LeaderElection38] INFO  impl.LeaderElection (LeaderElection.java:askForVotes(321)) - 0fe30932-4948-4248-92da-86cdb3d75943@group-79B219F6E317-LeaderElection38 PRE_VOTE round 0: submit vote requests at term 0 for -1: peers:[0fe30932-4948-4248-92da-86cdb3d75943|rpc:10.1.0.20:15191|admin:10.1.0.20:15190|client:10.1.0.20:15189|dataStream:10.1.0.20:15192|priority:1|startupRole:FOLLOWER]|listeners:[], old=null
2023-10-04 17:33:48,216 [0fe30932-4948-4248-92da-86cdb3d75943@group-79B219F6E317-LeaderElection38] INFO  impl.LeaderElection (LeaderElection.java:askForVotes(323)) - 0fe30932-4948-4248-92da-86cdb3d75943@group-79B219F6E317-LeaderElection38 PRE_VOTE round 0: result PASSED (term=0)
2023-10-04 17:33:48,253 [0fe30932-4948-4248-92da-86cdb3d75943@group-79B219F6E317-LeaderElection38] INFO  impl.LeaderElection (LeaderElection.java:askForVotes(321)) - 0fe30932-4948-4248-92da-86cdb3d75943@group-79B219F6E317-LeaderElection38 ELECTION round 0: submit vote requests at term 1 for -1: peers:[0fe30932-4948-4248-92da-86cdb3d75943|rpc:10.1.0.20:15191|admin:10.1.0.20:15190|client:10.1.0.20:15189|dataStream:10.1.0.20:15192|priority:1|startupRole:FOLLOWER]|listeners:[], old=null
2023-10-04 17:33:48,253 [0fe30932-4948-4248-92da-86cdb3d75943@group-79B219F6E317-LeaderElection38] INFO  impl.LeaderElection (LeaderElection.java:askForVotes(323)) - 0fe30932-4948-4248-92da-86cdb3d75943@group-79B219F6E317-LeaderElection38 ELECTION round 0: result PASSED (term=1)
2023-10-04 17:33:48,253 [0fe30932-4948-4248-92da-86cdb3d75943@group-79B219F6E317-LeaderElection38] INFO  impl.RoleInfo (RoleInfo.java:shutdownLeaderElection(130)) - 0fe30932-4948-4248-92da-86cdb3d75943: shutdown 0fe30932-4948-4248-92da-86cdb3d75943@group-79B219F6E317-LeaderElection38
2023-10-04 17:33:48,253 [0fe30932-4948-4248-92da-86cdb3d75943@group-79B219F6E317-LeaderElection38] INFO  server.RaftServer$Division (RaftServerImpl.java:setRole(329)) - 0fe30932-4948-4248-92da-86cdb3d75943@group-79B219F6E317: changes role from CANDIDATE to LEADER at term 1 for changeToLeader
2023-10-04 17:33:48,253 [0fe30932-4948-4248-92da-86cdb3d75943@group-79B219F6E317-LeaderElection38] INFO  ratis.XceiverServerRatis (XceiverServerRatis.java:handleLeaderChangedNotification(902)) - Leader change notification received for group: group-79B219F6E317 with new leaderId: 0fe30932-4948-4248-92da-86cdb3d75943
2023-10-04 17:33:48,253 [0fe30932-4948-4248-92da-86cdb3d75943@group-79B219F6E317-LeaderElection38] INFO  server.RaftServer$Division (ServerState.java:setLeader(317)) - 0fe30932-4948-4248-92da-86cdb3d75943@group-79B219F6E317: change Leader from null to 0fe30932-4948-4248-92da-86cdb3d75943 at term 1 for becomeLeader, leader elected after 5122ms
2023-10-04 17:33:48,253 [0fe30932-4948-4248-92da-86cdb3d75943@group-79B219F6E317-LeaderElection38] INFO  server.RaftServerConfigKeys (ConfUtils.java:logGet(46)) - raft.server.staging.catchup.gap = 1000 (default)
2023-10-04 17:33:48,253 [0fe30932-4948-4248-92da-86cdb3d75943@group-79B219F6E317-LeaderElection38] INFO  server.RaftServerConfigKeys (ConfUtils.java:logGet(46)) - raft.server.write.element-limit = 1024 (custom)
2023-10-04 17:33:48,253 [0fe30932-4948-4248-92da-86cdb3d75943@group-79B219F6E317-LeaderElection38] INFO  server.RaftServerConfigKeys (ConfUtils.java:logGet(46)) - raft.server.write.byte-limit = 1024 M (=1073741824) (custom)
2023-10-04 17:33:48,253 [0fe30932-4948-4248-92da-86cdb3d75943@group-79B219F6E317-LeaderElection38] INFO  server.RaftServerConfigKeys (ConfUtils.java:logGet(46)) - raft.server.watch.timeout = 180s (custom)
2023-10-04 17:33:48,253 [0fe30932-4948-4248-92da-86cdb3d75943@group-79B219F6E317-LeaderElection38] INFO  server.RaftServerConfigKeys (ConfUtils.java:logGet(46)) - raft.server.watch.timeout.denomination = 1s (default)
2023-10-04 17:33:48,254 [0fe30932-4948-4248-92da-86cdb3d75943@group-79B219F6E317-LeaderElection38] INFO  server.RaftServerConfigKeys (ConfUtils.java:logGet(46)) - raft.server.watch.element-limit = 65536 (default)
2023-10-04 17:33:48,254 [0fe30932-4948-4248-92da-86cdb3d75943@group-79B219F6E317-LeaderElection38] INFO  server.RaftServerConfigKeys (ConfUtils.java:logGet(46)) - raft.server.write.element-limit = 1024 (custom)
2023-10-04 17:33:48,256 [0fe30932-4948-4248-92da-86cdb3d75943@group-79B219F6E317-LeaderElection38] INFO  server.RaftServerConfigKeys (ConfUtils.java:logGet(46)) - raft.server.write.follower.gap.ratio.max = -1.0 (default)
2023-10-04 17:33:48,256 [0fe30932-4948-4248-92da-86cdb3d75943@group-79B219F6E317-LeaderElection38] INFO  impl.RoleInfo (RoleInfo.java:updateAndGet(139)) - 0fe30932-4948-4248-92da-86cdb3d75943: start 0fe30932-4948-4248-92da-86cdb3d75943@group-79B219F6E317-LeaderStateImpl
2023-10-04 17:33:48,256 [0fe30932-4948-4248-92da-86cdb3d75943@group-79B219F6E317-LeaderElection38] INFO  segmented.SegmentedRaftLogWorker (SegmentedRaftLogWorker.java:startLogSegment(447)) - 0fe30932-4948-4248-92da-86cdb3d75943@group-79B219F6E317-SegmentedRaftLogWorker: Starting segment from index:0
2023-10-04 17:33:48,262 [0fe30932-4948-4248-92da-86cdb3d75943@group-79B219F6E317-LeaderElection38] INFO  server.RaftServer$Division (ServerState.java:setRaftConf(434)) - 0fe30932-4948-4248-92da-86cdb3d75943@group-79B219F6E317: set configuration 0: peers:[0fe30932-4948-4248-92da-86cdb3d75943|rpc:10.1.0.20:15191|admin:10.1.0.20:15190|client:10.1.0.20:15189|dataStream:10.1.0.20:15192|priority:1|startupRole:FOLLOWER]|listeners:[], old=null
2023-10-04 17:33:48,318 [0fe30932-4948-4248-92da-86cdb3d75943@group-79B219F6E317-SegmentedRaftLogWorker] INFO  segmented.SegmentedRaftLogWorker (SegmentedRaftLogWorker.java:execute(651)) - 0fe30932-4948-4248-92da-86cdb3d75943@group-79B219F6E317-SegmentedRaftLogWorker: created new log segment /home/runner/work/ozone/ozone/hadoop-ozone/integration-test/target/test-dir/MiniOzoneClusterImpl-e9305288-83d2-469c-8969-78e040065d82/datanode-2/data/ratis/12d9e32a-7485-4e49-a08d-79b219f6e317/current/log_inprogress_0
2023-10-04 17:33:48,513 [219c79a0-740f-489f-9b06-6aa3e833066c@group-F10222047323-FollowerState] INFO  impl.FollowerState (FollowerState.java:run(143)) - 219c79a0-740f-489f-9b06-6aa3e833066c@group-F10222047323-FollowerState: change to CANDIDATE, lastRpcElapsedTime:5053199673ns, electionTimeout:5052ms
2023-10-04 17:33:48,513 [219c79a0-740f-489f-9b06-6aa3e833066c@group-F10222047323-FollowerState] INFO  impl.RoleInfo (RoleInfo.java:shutdownFollowerState(110)) - 219c79a0-740f-489f-9b06-6aa3e833066c: shutdown 219c79a0-740f-489f-9b06-6aa3e833066c@group-F10222047323-FollowerState
2023-10-04 17:33:48,513 [219c79a0-740f-489f-9b06-6aa3e833066c@group-F10222047323-FollowerState] INFO  server.RaftServer$Division (RaftServerImpl.java:setRole(329)) - 219c79a0-740f-489f-9b06-6aa3e833066c@group-F10222047323: changes role from  FOLLOWER to CANDIDATE at term 0 for changeToCandidate
2023-10-04 17:33:48,513 [219c79a0-740f-489f-9b06-6aa3e833066c@group-F10222047323-FollowerState] INFO  server.RaftServerConfigKeys (ConfUtils.java:logGet(46)) - raft.server.leaderelection.pre-vote = true (default)
2023-10-04 17:33:48,513 [219c79a0-740f-489f-9b06-6aa3e833066c@group-F10222047323-FollowerState] INFO  impl.RoleInfo (RoleInfo.java:updateAndGet(139)) - 219c79a0-740f-489f-9b06-6aa3e833066c: start 219c79a0-740f-489f-9b06-6aa3e833066c@group-F10222047323-LeaderElection39
2023-10-04 17:33:48,532 [IPC Server handler 2 on default port 15160] WARN  node.SCMNodeManager (SCMNodeManager.java:getNodesByAddress(1373)) - Cannot find node for address 127.0.0.1
2023-10-04 17:33:48,533 [219c79a0-740f-489f-9b06-6aa3e833066c@group-F10222047323-LeaderElection39] INFO  impl.LeaderElection (LeaderElection.java:askForVotes(321)) - 219c79a0-740f-489f-9b06-6aa3e833066c@group-F10222047323-LeaderElection39 PRE_VOTE round 0: submit vote requests at term 0 for -1: peers:[219c79a0-740f-489f-9b06-6aa3e833066c|rpc:10.1.0.20:15200|admin:10.1.0.20:15199|client:10.1.0.20:15198|dataStream:10.1.0.20:15201|priority:1|startupRole:FOLLOWER]|listeners:[], old=null
2023-10-04 17:33:48,533 [219c79a0-740f-489f-9b06-6aa3e833066c@group-F10222047323-LeaderElection39] INFO  impl.LeaderElection (LeaderElection.java:askForVotes(323)) - 219c79a0-740f-489f-9b06-6aa3e833066c@group-F10222047323-LeaderElection39 PRE_VOTE round 0: result PASSED (term=0)
2023-10-04 17:33:48,535 [219c79a0-740f-489f-9b06-6aa3e833066c@group-F10222047323-LeaderElection39] INFO  impl.LeaderElection (LeaderElection.java:askForVotes(321)) - 219c79a0-740f-489f-9b06-6aa3e833066c@group-F10222047323-LeaderElection39 ELECTION round 0: submit vote requests at term 1 for -1: peers:[219c79a0-740f-489f-9b06-6aa3e833066c|rpc:10.1.0.20:15200|admin:10.1.0.20:15199|client:10.1.0.20:15198|dataStream:10.1.0.20:15201|priority:1|startupRole:FOLLOWER]|listeners:[], old=null
2023-10-04 17:33:48,535 [219c79a0-740f-489f-9b06-6aa3e833066c@group-F10222047323-LeaderElection39] INFO  impl.LeaderElection (LeaderElection.java:askForVotes(323)) - 219c79a0-740f-489f-9b06-6aa3e833066c@group-F10222047323-LeaderElection39 ELECTION round 0: result PASSED (term=1)
2023-10-04 17:33:48,536 [219c79a0-740f-489f-9b06-6aa3e833066c@group-F10222047323-LeaderElection39] INFO  impl.RoleInfo (RoleInfo.java:shutdownLeaderElection(130)) - 219c79a0-740f-489f-9b06-6aa3e833066c: shutdown 219c79a0-740f-489f-9b06-6aa3e833066c@group-F10222047323-LeaderElection39
2023-10-04 17:33:48,536 [219c79a0-740f-489f-9b06-6aa3e833066c@group-F10222047323-LeaderElection39] INFO  server.RaftServer$Division (RaftServerImpl.java:setRole(329)) - 219c79a0-740f-489f-9b06-6aa3e833066c@group-F10222047323: changes role from CANDIDATE to LEADER at term 1 for changeToLeader
2023-10-04 17:33:48,536 [219c79a0-740f-489f-9b06-6aa3e833066c@group-F10222047323-LeaderElection39] INFO  ratis.XceiverServerRatis (XceiverServerRatis.java:handleLeaderChangedNotification(902)) - Leader change notification received for group: group-F10222047323 with new leaderId: 219c79a0-740f-489f-9b06-6aa3e833066c
2023-10-04 17:33:48,536 [219c79a0-740f-489f-9b06-6aa3e833066c@group-F10222047323-LeaderElection39] INFO  server.RaftServer$Division (ServerState.java:setLeader(317)) - 219c79a0-740f-489f-9b06-6aa3e833066c@group-F10222047323: change Leader from null to 219c79a0-740f-489f-9b06-6aa3e833066c at term 1 for becomeLeader, leader elected after 5090ms
2023-10-04 17:33:48,536 [219c79a0-740f-489f-9b06-6aa3e833066c@group-F10222047323-LeaderElection39] INFO  server.RaftServerConfigKeys (ConfUtils.java:logGet(46)) - raft.server.staging.catchup.gap = 1000 (default)
2023-10-04 17:33:48,536 [219c79a0-740f-489f-9b06-6aa3e833066c@group-F10222047323-LeaderElection39] INFO  server.RaftServerConfigKeys (ConfUtils.java:logGet(46)) - raft.server.write.element-limit = 1024 (custom)
2023-10-04 17:33:48,536 [219c79a0-740f-489f-9b06-6aa3e833066c@group-F10222047323-LeaderElection39] INFO  server.RaftServerConfigKeys (ConfUtils.java:logGet(46)) - raft.server.write.byte-limit = 1024 M (=1073741824) (custom)
2023-10-04 17:33:48,536 [219c79a0-740f-489f-9b06-6aa3e833066c@group-F10222047323-LeaderElection39] INFO  server.RaftServerConfigKeys (ConfUtils.java:logGet(46)) - raft.server.watch.timeout = 180s (custom)
2023-10-04 17:33:48,536 [219c79a0-740f-489f-9b06-6aa3e833066c@group-F10222047323-LeaderElection39] INFO  server.RaftServerConfigKeys (ConfUtils.java:logGet(46)) - raft.server.watch.timeout.denomination = 1s (default)
2023-10-04 17:33:48,536 [219c79a0-740f-489f-9b06-6aa3e833066c@group-F10222047323-LeaderElection39] INFO  server.RaftServerConfigKeys (ConfUtils.java:logGet(46)) - raft.server.watch.element-limit = 65536 (default)
2023-10-04 17:33:48,536 [219c79a0-740f-489f-9b06-6aa3e833066c@group-F10222047323-LeaderElection39] INFO  server.RaftServerConfigKeys (ConfUtils.java:logGet(46)) - raft.server.write.element-limit = 1024 (custom)
2023-10-04 17:33:48,536 [219c79a0-740f-489f-9b06-6aa3e833066c@group-F10222047323-LeaderElection39] INFO  server.RaftServerConfigKeys (ConfUtils.java:logGet(46)) - raft.server.write.follower.gap.ratio.max = -1.0 (default)
2023-10-04 17:33:48,536 [219c79a0-740f-489f-9b06-6aa3e833066c@group-F10222047323-LeaderElection39] INFO  impl.RoleInfo (RoleInfo.java:updateAndGet(139)) - 219c79a0-740f-489f-9b06-6aa3e833066c: start 219c79a0-740f-489f-9b06-6aa3e833066c@group-F10222047323-LeaderStateImpl
2023-10-04 17:33:48,537 [219c79a0-740f-489f-9b06-6aa3e833066c@group-F10222047323-LeaderElection39] INFO  segmented.SegmentedRaftLogWorker (SegmentedRaftLogWorker.java:startLogSegment(447)) - 219c79a0-740f-489f-9b06-6aa3e833066c@group-F10222047323-SegmentedRaftLogWorker: Starting segment from index:0
2023-10-04 17:33:48,538 [219c79a0-740f-489f-9b06-6aa3e833066c@group-F10222047323-LeaderElection39] INFO  server.RaftServer$Division (ServerState.java:setRaftConf(434)) - 219c79a0-740f-489f-9b06-6aa3e833066c@group-F10222047323: set configuration 0: peers:[219c79a0-740f-489f-9b06-6aa3e833066c|rpc:10.1.0.20:15200|admin:10.1.0.20:15199|client:10.1.0.20:15198|dataStream:10.1.0.20:15201|priority:1|startupRole:FOLLOWER]|listeners:[], old=null
2023-10-04 17:33:48,541 [219c79a0-740f-489f-9b06-6aa3e833066c@group-F10222047323-SegmentedRaftLogWorker] INFO  segmented.SegmentedRaftLogWorker (SegmentedRaftLogWorker.java:execute(651)) - 219c79a0-740f-489f-9b06-6aa3e833066c@group-F10222047323-SegmentedRaftLogWorker: created new log segment /home/runner/work/ozone/ozone/hadoop-ozone/integration-test/target/test-dir/MiniOzoneClusterImpl-e9305288-83d2-469c-8969-78e040065d82/datanode-3/data/ratis/39aa7863-c0ac-4bd4-8e87-f10222047323/current/log_inprogress_0
]]></system-out>
  </testcase>
  <testcase name="testRenameToExistingDir" classname="TestOzoneFileSystem" time="0.063">
    <system-out><![CDATA[17:29:48.308 [IPC Server handler 16 on default port 15004] ERROR OMAudit - user=runner | ip=127.0.0.1 | op=LIST_STATUS {volume=volume27687, bucket=bucket94524, key=b/a, dataSize=0, replicationConfig=null} | ret=FAILURE
org.apache.hadoop.ozone.om.exceptions.OMException: Unable to get file status: volume: volume27687 bucket: bucket94524 key: b/a
	at org.apache.hadoop.ozone.om.KeyManagerImpl.getOzoneFileStatus(KeyManagerImpl.java:1227) ~[ozone-manager-1.4.0-SNAPSHOT.jar:?]
	at org.apache.hadoop.ozone.om.KeyManagerImpl.getFileStatus(KeyManagerImpl.java:1145) ~[ozone-manager-1.4.0-SNAPSHOT.jar:?]
	at org.apache.hadoop.ozone.om.KeyManagerImpl.listStatus(KeyManagerImpl.java:1550) ~[ozone-manager-1.4.0-SNAPSHOT.jar:?]
	at org.apache.hadoop.ozone.om.OmMetadataReader.listStatus(OmMetadataReader.java:239) ~[ozone-manager-1.4.0-SNAPSHOT.jar:?]
	at org.apache.hadoop.ozone.om.OzoneManager.listStatus(OzoneManager.java:3615) ~[ozone-manager-1.4.0-SNAPSHOT.jar:?]
	at org.apache.hadoop.ozone.protocolPB.OzoneManagerRequestHandler.listStatus(OzoneManagerRequestHandler.java:1170) ~[ozone-manager-1.4.0-SNAPSHOT.jar:?]
	at org.apache.hadoop.ozone.protocolPB.OzoneManagerRequestHandler.handleReadRequest(OzoneManagerRequestHandler.java:270) ~[ozone-manager-1.4.0-SNAPSHOT.jar:?]
	at org.apache.hadoop.ozone.protocolPB.OzoneManagerProtocolServerSideTranslatorPB.submitReadRequestToOM(OzoneManagerProtocolServerSideTranslatorPB.java:225) ~[ozone-manager-1.4.0-SNAPSHOT.jar:?]
	at org.apache.hadoop.ozone.protocolPB.OzoneManagerProtocolServerSideTranslatorPB.processRequest(OzoneManagerProtocolServerSideTranslatorPB.java:179) ~[ozone-manager-1.4.0-SNAPSHOT.jar:?]
	at org.apache.hadoop.hdds.server.OzoneProtocolMessageDispatcher.processRequest(OzoneProtocolMessageDispatcher.java:87) [hdds-server-framework-1.4.0-SNAPSHOT.jar:?]
	at org.apache.hadoop.ozone.protocolPB.OzoneManagerProtocolServerSideTranslatorPB.submitRequest(OzoneManagerProtocolServerSideTranslatorPB.java:148) [ozone-manager-1.4.0-SNAPSHOT.jar:?]
	at org.apache.hadoop.ozone.protocol.proto.OzoneManagerProtocolProtos$OzoneManagerService$2.callBlockingMethod(OzoneManagerProtocolProtos.java) [ozone-interface-client-1.4.0-SNAPSHOT.jar:?]
	at org.apache.hadoop.ipc.ProtobufRpcEngine$Server.processCall(ProtobufRpcEngine.java:484) [hadoop-common-3.3.6.jar:?]
	at org.apache.hadoop.ipc.ProtobufRpcEngine2$Server$ProtoBufRpcInvoker.call(ProtobufRpcEngine2.java:595) [hadoop-common-3.3.6.jar:?]
	at org.apache.hadoop.ipc.ProtobufRpcEngine2$Server$ProtoBufRpcInvoker.call(ProtobufRpcEngine2.java:573) [hadoop-common-3.3.6.jar:?]
	at org.apache.hadoop.ipc.RPC$Server.call(RPC.java:1227) [hadoop-common-3.3.6.jar:?]
	at org.apache.hadoop.ipc.Server$RpcCall.run(Server.java:1094) [hadoop-common-3.3.6.jar:?]
	at org.apache.hadoop.ipc.Server$RpcCall.run(Server.java:1017) [hadoop-common-3.3.6.jar:?]
	at java.security.AccessController.doPrivileged(Native Method) ~[?:1.8.0_382]
	at javax.security.auth.Subject.doAs(Subject.java:422) [?:1.8.0_382]
	at org.apache.hadoop.security.UserGroupInformation.doAs(UserGroupInformation.java:1899) [hadoop-common-3.3.6.jar:?]
	at org.apache.hadoop.ipc.Server$Handler.run(Server.java:3048) [hadoop-common-3.3.6.jar:?]
]]></system-out>
  </testcase>
  <testcase name="testRenameToExistingDir" classname="TestOzoneFileSystem" time="0.029">
    <system-out><![CDATA[17:31:19.734 [IPC Server handler 14 on default port 15057] ERROR OMAudit - user=runner | ip=127.0.0.1 | op=LIST_STATUS {volume=volume39856, bucket=bucket94778, key=b/a, dataSize=0, replicationConfig=null} | ret=FAILURE
org.apache.hadoop.ozone.om.exceptions.OMException: Unable to get file status: volume: volume39856 bucket: bucket94778 key: b/a
	at org.apache.hadoop.ozone.om.KeyManagerImpl.getOzoneFileStatus(KeyManagerImpl.java:1227) ~[ozone-manager-1.4.0-SNAPSHOT.jar:?]
	at org.apache.hadoop.ozone.om.KeyManagerImpl.getFileStatus(KeyManagerImpl.java:1145) ~[ozone-manager-1.4.0-SNAPSHOT.jar:?]
	at org.apache.hadoop.ozone.om.KeyManagerImpl.listStatus(KeyManagerImpl.java:1550) ~[ozone-manager-1.4.0-SNAPSHOT.jar:?]
	at org.apache.hadoop.ozone.om.OmMetadataReader.listStatus(OmMetadataReader.java:239) ~[ozone-manager-1.4.0-SNAPSHOT.jar:?]
	at org.apache.hadoop.ozone.om.OzoneManager.listStatus(OzoneManager.java:3615) ~[ozone-manager-1.4.0-SNAPSHOT.jar:?]
	at org.apache.hadoop.ozone.protocolPB.OzoneManagerRequestHandler.listStatus(OzoneManagerRequestHandler.java:1170) ~[ozone-manager-1.4.0-SNAPSHOT.jar:?]
	at org.apache.hadoop.ozone.protocolPB.OzoneManagerRequestHandler.handleReadRequest(OzoneManagerRequestHandler.java:270) ~[ozone-manager-1.4.0-SNAPSHOT.jar:?]
	at org.apache.hadoop.ozone.protocolPB.OzoneManagerProtocolServerSideTranslatorPB.submitRequestDirectlyToOM(OzoneManagerProtocolServerSideTranslatorPB.java:274) ~[ozone-manager-1.4.0-SNAPSHOT.jar:?]
	at org.apache.hadoop.ozone.protocolPB.OzoneManagerProtocolServerSideTranslatorPB.processRequest(OzoneManagerProtocolServerSideTranslatorPB.java:175) ~[ozone-manager-1.4.0-SNAPSHOT.jar:?]
	at org.apache.hadoop.hdds.server.OzoneProtocolMessageDispatcher.processRequest(OzoneProtocolMessageDispatcher.java:87) [hdds-server-framework-1.4.0-SNAPSHOT.jar:?]
	at org.apache.hadoop.ozone.protocolPB.OzoneManagerProtocolServerSideTranslatorPB.submitRequest(OzoneManagerProtocolServerSideTranslatorPB.java:148) [ozone-manager-1.4.0-SNAPSHOT.jar:?]
	at org.apache.hadoop.ozone.protocol.proto.OzoneManagerProtocolProtos$OzoneManagerService$2.callBlockingMethod(OzoneManagerProtocolProtos.java) [ozone-interface-client-1.4.0-SNAPSHOT.jar:?]
	at org.apache.hadoop.ipc.ProtobufRpcEngine$Server.processCall(ProtobufRpcEngine.java:484) [hadoop-common-3.3.6.jar:?]
	at org.apache.hadoop.ipc.ProtobufRpcEngine2$Server$ProtoBufRpcInvoker.call(ProtobufRpcEngine2.java:595) [hadoop-common-3.3.6.jar:?]
	at org.apache.hadoop.ipc.ProtobufRpcEngine2$Server$ProtoBufRpcInvoker.call(ProtobufRpcEngine2.java:573) [hadoop-common-3.3.6.jar:?]
	at org.apache.hadoop.ipc.RPC$Server.call(RPC.java:1227) [hadoop-common-3.3.6.jar:?]
	at org.apache.hadoop.ipc.Server$RpcCall.run(Server.java:1094) [hadoop-common-3.3.6.jar:?]
	at org.apache.hadoop.ipc.Server$RpcCall.run(Server.java:1017) [hadoop-common-3.3.6.jar:?]
	at java.security.AccessController.doPrivileged(Native Method) ~[?:1.8.0_382]
	at javax.security.auth.Subject.doAs(Subject.java:422) [?:1.8.0_382]
	at org.apache.hadoop.security.UserGroupInformation.doAs(UserGroupInformation.java:1899) [hadoop-common-3.3.6.jar:?]
	at org.apache.hadoop.ipc.Server$Handler.run(Server.java:3048) [hadoop-common-3.3.6.jar:?]
2023-10-04 17:31:19,746 [0cce5ae1-4d90-47eb-b549-a29c890f95a0@group-A5A2B23113C4-FollowerState] INFO  impl.FollowerState (FollowerState.java:run(143)) - 0cce5ae1-4d90-47eb-b549-a29c890f95a0@group-A5A2B23113C4-FollowerState: change to CANDIDATE, lastRpcElapsedTime:5168652913ns, electionTimeout:5163ms
2023-10-04 17:31:19,746 [0cce5ae1-4d90-47eb-b549-a29c890f95a0@group-A5A2B23113C4-FollowerState] INFO  impl.RoleInfo (RoleInfo.java:shutdownFollowerState(110)) - 0cce5ae1-4d90-47eb-b549-a29c890f95a0: shutdown 0cce5ae1-4d90-47eb-b549-a29c890f95a0@group-A5A2B23113C4-FollowerState
2023-10-04 17:31:19,746 [0cce5ae1-4d90-47eb-b549-a29c890f95a0@group-A5A2B23113C4-FollowerState] INFO  server.RaftServer$Division (RaftServerImpl.java:setRole(329)) - 0cce5ae1-4d90-47eb-b549-a29c890f95a0@group-A5A2B23113C4: changes role from  FOLLOWER to CANDIDATE at term 0 for changeToCandidate
2023-10-04 17:31:19,746 [0cce5ae1-4d90-47eb-b549-a29c890f95a0@group-A5A2B23113C4-FollowerState] INFO  server.RaftServerConfigKeys (ConfUtils.java:logGet(46)) - raft.server.leaderelection.pre-vote = true (default)
2023-10-04 17:31:19,746 [0cce5ae1-4d90-47eb-b549-a29c890f95a0@group-A5A2B23113C4-FollowerState] INFO  impl.RoleInfo (RoleInfo.java:updateAndGet(139)) - 0cce5ae1-4d90-47eb-b549-a29c890f95a0: start 0cce5ae1-4d90-47eb-b549-a29c890f95a0@group-A5A2B23113C4-LeaderElection18
]]></system-out>
  </testcase>
  <testcase name="testRenameToExistingDir" classname="TestOzoneFileSystem" time="0.017">
    <system-out><![CDATA[17:32:30.098 [IPC Server handler 13 on default port 15110] ERROR OMAudit - user=runner | ip=127.0.0.1 | op=LIST_STATUS {volume=volume98659, bucket=bucket57585, key=b/a, dataSize=0, replicationConfig=null} | ret=FAILURE
org.apache.hadoop.ozone.om.exceptions.OMException: Unable to get file status: volume: volume98659 bucket: bucket57585 key: b/a
	at org.apache.hadoop.ozone.om.KeyManagerImpl.getOzoneFileStatus(KeyManagerImpl.java:1227) ~[ozone-manager-1.4.0-SNAPSHOT.jar:?]
	at org.apache.hadoop.ozone.om.KeyManagerImpl.getFileStatus(KeyManagerImpl.java:1145) ~[ozone-manager-1.4.0-SNAPSHOT.jar:?]
	at org.apache.hadoop.ozone.om.KeyManagerImpl.listStatus(KeyManagerImpl.java:1550) ~[ozone-manager-1.4.0-SNAPSHOT.jar:?]
	at org.apache.hadoop.ozone.om.OmMetadataReader.listStatus(OmMetadataReader.java:239) ~[ozone-manager-1.4.0-SNAPSHOT.jar:?]
	at org.apache.hadoop.ozone.om.OzoneManager.listStatus(OzoneManager.java:3615) ~[ozone-manager-1.4.0-SNAPSHOT.jar:?]
	at org.apache.hadoop.ozone.protocolPB.OzoneManagerRequestHandler.listStatus(OzoneManagerRequestHandler.java:1170) ~[ozone-manager-1.4.0-SNAPSHOT.jar:?]
	at org.apache.hadoop.ozone.protocolPB.OzoneManagerRequestHandler.handleReadRequest(OzoneManagerRequestHandler.java:270) ~[ozone-manager-1.4.0-SNAPSHOT.jar:?]
	at org.apache.hadoop.ozone.protocolPB.OzoneManagerProtocolServerSideTranslatorPB.submitReadRequestToOM(OzoneManagerProtocolServerSideTranslatorPB.java:225) ~[ozone-manager-1.4.0-SNAPSHOT.jar:?]
	at org.apache.hadoop.ozone.protocolPB.OzoneManagerProtocolServerSideTranslatorPB.processRequest(OzoneManagerProtocolServerSideTranslatorPB.java:179) ~[ozone-manager-1.4.0-SNAPSHOT.jar:?]
	at org.apache.hadoop.hdds.server.OzoneProtocolMessageDispatcher.processRequest(OzoneProtocolMessageDispatcher.java:87) [hdds-server-framework-1.4.0-SNAPSHOT.jar:?]
	at org.apache.hadoop.ozone.protocolPB.OzoneManagerProtocolServerSideTranslatorPB.submitRequest(OzoneManagerProtocolServerSideTranslatorPB.java:148) [ozone-manager-1.4.0-SNAPSHOT.jar:?]
	at org.apache.hadoop.ozone.protocol.proto.OzoneManagerProtocolProtos$OzoneManagerService$2.callBlockingMethod(OzoneManagerProtocolProtos.java) [ozone-interface-client-1.4.0-SNAPSHOT.jar:?]
	at org.apache.hadoop.ipc.ProtobufRpcEngine$Server.processCall(ProtobufRpcEngine.java:484) [hadoop-common-3.3.6.jar:?]
	at org.apache.hadoop.ipc.ProtobufRpcEngine2$Server$ProtoBufRpcInvoker.call(ProtobufRpcEngine2.java:595) [hadoop-common-3.3.6.jar:?]
	at org.apache.hadoop.ipc.ProtobufRpcEngine2$Server$ProtoBufRpcInvoker.call(ProtobufRpcEngine2.java:573) [hadoop-common-3.3.6.jar:?]
	at org.apache.hadoop.ipc.RPC$Server.call(RPC.java:1227) [hadoop-common-3.3.6.jar:?]
	at org.apache.hadoop.ipc.Server$RpcCall.run(Server.java:1094) [hadoop-common-3.3.6.jar:?]
	at org.apache.hadoop.ipc.Server$RpcCall.run(Server.java:1017) [hadoop-common-3.3.6.jar:?]
	at java.security.AccessController.doPrivileged(Native Method) ~[?:1.8.0_382]
	at javax.security.auth.Subject.doAs(Subject.java:422) [?:1.8.0_382]
	at org.apache.hadoop.security.UserGroupInformation.doAs(UserGroupInformation.java:1899) [hadoop-common-3.3.6.jar:?]
	at org.apache.hadoop.ipc.Server$Handler.run(Server.java:3048) [hadoop-common-3.3.6.jar:?]
]]></system-out>
  </testcase>
  <testcase name="testRenameToExistingDir" classname="TestOzoneFileSystem" time="0.021">
    <system-out><![CDATA[17:33:48.560 [IPC Server handler 13 on default port 15163] ERROR OMAudit - user=runner | ip=127.0.0.1 | op=LIST_STATUS {volume=volume37245, bucket=bucket80016, key=b/a, dataSize=0, replicationConfig=null} | ret=FAILURE
org.apache.hadoop.ozone.om.exceptions.OMException: Unable to get file status: volume: volume37245 bucket: bucket80016 key: b/a
	at org.apache.hadoop.ozone.om.KeyManagerImpl.getOzoneFileStatus(KeyManagerImpl.java:1227) ~[ozone-manager-1.4.0-SNAPSHOT.jar:?]
	at org.apache.hadoop.ozone.om.KeyManagerImpl.getFileStatus(KeyManagerImpl.java:1145) ~[ozone-manager-1.4.0-SNAPSHOT.jar:?]
	at org.apache.hadoop.ozone.om.KeyManagerImpl.listStatus(KeyManagerImpl.java:1550) ~[ozone-manager-1.4.0-SNAPSHOT.jar:?]
	at org.apache.hadoop.ozone.om.OmMetadataReader.listStatus(OmMetadataReader.java:239) ~[ozone-manager-1.4.0-SNAPSHOT.jar:?]
	at org.apache.hadoop.ozone.om.OzoneManager.listStatus(OzoneManager.java:3615) ~[ozone-manager-1.4.0-SNAPSHOT.jar:?]
	at org.apache.hadoop.ozone.protocolPB.OzoneManagerRequestHandler.listStatus(OzoneManagerRequestHandler.java:1170) ~[ozone-manager-1.4.0-SNAPSHOT.jar:?]
	at org.apache.hadoop.ozone.protocolPB.OzoneManagerRequestHandler.handleReadRequest(OzoneManagerRequestHandler.java:270) ~[ozone-manager-1.4.0-SNAPSHOT.jar:?]
	at org.apache.hadoop.ozone.protocolPB.OzoneManagerProtocolServerSideTranslatorPB.submitRequestDirectlyToOM(OzoneManagerProtocolServerSideTranslatorPB.java:274) ~[ozone-manager-1.4.0-SNAPSHOT.jar:?]
	at org.apache.hadoop.ozone.protocolPB.OzoneManagerProtocolServerSideTranslatorPB.processRequest(OzoneManagerProtocolServerSideTranslatorPB.java:175) ~[ozone-manager-1.4.0-SNAPSHOT.jar:?]
	at org.apache.hadoop.hdds.server.OzoneProtocolMessageDispatcher.processRequest(OzoneProtocolMessageDispatcher.java:87) [hdds-server-framework-1.4.0-SNAPSHOT.jar:?]
	at org.apache.hadoop.ozone.protocolPB.OzoneManagerProtocolServerSideTranslatorPB.submitRequest(OzoneManagerProtocolServerSideTranslatorPB.java:148) [ozone-manager-1.4.0-SNAPSHOT.jar:?]
	at org.apache.hadoop.ozone.protocol.proto.OzoneManagerProtocolProtos$OzoneManagerService$2.callBlockingMethod(OzoneManagerProtocolProtos.java) [ozone-interface-client-1.4.0-SNAPSHOT.jar:?]
	at org.apache.hadoop.ipc.ProtobufRpcEngine$Server.processCall(ProtobufRpcEngine.java:484) [hadoop-common-3.3.6.jar:?]
	at org.apache.hadoop.ipc.ProtobufRpcEngine2$Server$ProtoBufRpcInvoker.call(ProtobufRpcEngine2.java:595) [hadoop-common-3.3.6.jar:?]
	at org.apache.hadoop.ipc.ProtobufRpcEngine2$Server$ProtoBufRpcInvoker.call(ProtobufRpcEngine2.java:573) [hadoop-common-3.3.6.jar:?]
	at org.apache.hadoop.ipc.RPC$Server.call(RPC.java:1227) [hadoop-common-3.3.6.jar:?]
	at org.apache.hadoop.ipc.Server$RpcCall.run(Server.java:1094) [hadoop-common-3.3.6.jar:?]
	at org.apache.hadoop.ipc.Server$RpcCall.run(Server.java:1017) [hadoop-common-3.3.6.jar:?]
	at java.security.AccessController.doPrivileged(Native Method) ~[?:1.8.0_382]
	at javax.security.auth.Subject.doAs(Subject.java:422) [?:1.8.0_382]
	at org.apache.hadoop.security.UserGroupInformation.doAs(UserGroupInformation.java:1899) [hadoop-common-3.3.6.jar:?]
	at org.apache.hadoop.ipc.Server$Handler.run(Server.java:3048) [hadoop-common-3.3.6.jar:?]
]]></system-out>
  </testcase>
  <testcase name="testRenameDirToItsOwnSubDir" classname="TestOzoneFileSystem" time="0.027">
    <system-out><![CDATA[2023-10-04 17:29:48,354 [Time-limited test] INFO  ozone.TestOzoneFileSystem (TestOzoneFileSystem.java:testRenameDirToItsOwnSubDir(1176)) - Created dir1 o3fs://bucket94524.volume27687/root/dir1/sub_dir1
2023-10-04 17:29:48,354 [Time-limited test] INFO  ozone.TestOzoneFileSystem (TestOzoneFileSystem.java:testRenameDirToItsOwnSubDir(1179)) - Rename op-> source:o3fs://bucket94524.volume27687/root to destin:o3fs://bucket94524.volume27687/root/dir1/sub_dir1
]]></system-out>
  </testcase>
  <testcase name="testRenameDirToItsOwnSubDir" classname="TestOzoneFileSystem" time="0.026">
    <system-out><![CDATA[2023-10-04 17:31:19,753 [0cce5ae1-4d90-47eb-b549-a29c890f95a0@group-A5A2B23113C4-LeaderElection18] INFO  impl.LeaderElection (LeaderElection.java:askForVotes(321)) - 0cce5ae1-4d90-47eb-b549-a29c890f95a0@group-A5A2B23113C4-LeaderElection18 PRE_VOTE round 0: submit vote requests at term 0 for -1: peers:[0cce5ae1-4d90-47eb-b549-a29c890f95a0|rpc:10.1.0.20:15094|admin:10.1.0.20:15093|client:10.1.0.20:15092|dataStream:10.1.0.20:15095|priority:1|startupRole:FOLLOWER]|listeners:[], old=null
2023-10-04 17:31:19,753 [0cce5ae1-4d90-47eb-b549-a29c890f95a0@group-A5A2B23113C4-LeaderElection18] INFO  impl.LeaderElection (LeaderElection.java:askForVotes(323)) - 0cce5ae1-4d90-47eb-b549-a29c890f95a0@group-A5A2B23113C4-LeaderElection18 PRE_VOTE round 0: result PASSED (term=0)
2023-10-04 17:31:19,755 [Time-limited test] INFO  ozone.TestOzoneFileSystem (TestOzoneFileSystem.java:testRenameDirToItsOwnSubDir(1176)) - Created dir1 o3fs://bucket94778.volume39856/root/dir1/sub_dir1
2023-10-04 17:31:19,755 [0cce5ae1-4d90-47eb-b549-a29c890f95a0@group-A5A2B23113C4-LeaderElection18] INFO  impl.LeaderElection (LeaderElection.java:askForVotes(321)) - 0cce5ae1-4d90-47eb-b549-a29c890f95a0@group-A5A2B23113C4-LeaderElection18 ELECTION round 0: submit vote requests at term 1 for -1: peers:[0cce5ae1-4d90-47eb-b549-a29c890f95a0|rpc:10.1.0.20:15094|admin:10.1.0.20:15093|client:10.1.0.20:15092|dataStream:10.1.0.20:15095|priority:1|startupRole:FOLLOWER]|listeners:[], old=null
2023-10-04 17:31:19,755 [Time-limited test] INFO  ozone.TestOzoneFileSystem (TestOzoneFileSystem.java:testRenameDirToItsOwnSubDir(1179)) - Rename op-> source:o3fs://bucket94778.volume39856/root to destin:o3fs://bucket94778.volume39856/root/dir1/sub_dir1
2023-10-04 17:31:19,755 [0cce5ae1-4d90-47eb-b549-a29c890f95a0@group-A5A2B23113C4-LeaderElection18] INFO  impl.LeaderElection (LeaderElection.java:askForVotes(323)) - 0cce5ae1-4d90-47eb-b549-a29c890f95a0@group-A5A2B23113C4-LeaderElection18 ELECTION round 0: result PASSED (term=1)
2023-10-04 17:31:19,756 [0cce5ae1-4d90-47eb-b549-a29c890f95a0@group-A5A2B23113C4-LeaderElection18] INFO  impl.RoleInfo (RoleInfo.java:shutdownLeaderElection(130)) - 0cce5ae1-4d90-47eb-b549-a29c890f95a0: shutdown 0cce5ae1-4d90-47eb-b549-a29c890f95a0@group-A5A2B23113C4-LeaderElection18
2023-10-04 17:31:19,756 [0cce5ae1-4d90-47eb-b549-a29c890f95a0@group-A5A2B23113C4-LeaderElection18] INFO  server.RaftServer$Division (RaftServerImpl.java:setRole(329)) - 0cce5ae1-4d90-47eb-b549-a29c890f95a0@group-A5A2B23113C4: changes role from CANDIDATE to LEADER at term 1 for changeToLeader
2023-10-04 17:31:19,756 [0cce5ae1-4d90-47eb-b549-a29c890f95a0@group-A5A2B23113C4-LeaderElection18] INFO  ratis.XceiverServerRatis (XceiverServerRatis.java:handleLeaderChangedNotification(902)) - Leader change notification received for group: group-A5A2B23113C4 with new leaderId: 0cce5ae1-4d90-47eb-b549-a29c890f95a0
2023-10-04 17:31:19,756 [0cce5ae1-4d90-47eb-b549-a29c890f95a0@group-A5A2B23113C4-LeaderElection18] INFO  server.RaftServer$Division (ServerState.java:setLeader(317)) - 0cce5ae1-4d90-47eb-b549-a29c890f95a0@group-A5A2B23113C4: change Leader from null to 0cce5ae1-4d90-47eb-b549-a29c890f95a0 at term 1 for becomeLeader, leader elected after 5193ms
2023-10-04 17:31:19,756 [0cce5ae1-4d90-47eb-b549-a29c890f95a0@group-A5A2B23113C4-LeaderElection18] INFO  server.RaftServerConfigKeys (ConfUtils.java:logGet(46)) - raft.server.staging.catchup.gap = 1000 (default)
2023-10-04 17:31:19,756 [0cce5ae1-4d90-47eb-b549-a29c890f95a0@group-A5A2B23113C4-LeaderElection18] INFO  server.RaftServerConfigKeys (ConfUtils.java:logGet(46)) - raft.server.write.element-limit = 1024 (custom)
2023-10-04 17:31:19,756 [0cce5ae1-4d90-47eb-b549-a29c890f95a0@group-A5A2B23113C4-LeaderElection18] INFO  server.RaftServerConfigKeys (ConfUtils.java:logGet(46)) - raft.server.write.byte-limit = 1024 M (=1073741824) (custom)
2023-10-04 17:31:19,756 [0cce5ae1-4d90-47eb-b549-a29c890f95a0@group-A5A2B23113C4-LeaderElection18] INFO  server.RaftServerConfigKeys (ConfUtils.java:logGet(46)) - raft.server.watch.timeout = 180s (custom)
2023-10-04 17:31:19,756 [0cce5ae1-4d90-47eb-b549-a29c890f95a0@group-A5A2B23113C4-LeaderElection18] INFO  server.RaftServerConfigKeys (ConfUtils.java:logGet(46)) - raft.server.watch.timeout.denomination = 1s (default)
2023-10-04 17:31:19,756 [0cce5ae1-4d90-47eb-b549-a29c890f95a0@group-A5A2B23113C4-LeaderElection18] INFO  server.RaftServerConfigKeys (ConfUtils.java:logGet(46)) - raft.server.watch.element-limit = 65536 (default)
2023-10-04 17:31:19,756 [0cce5ae1-4d90-47eb-b549-a29c890f95a0@group-A5A2B23113C4-LeaderElection18] INFO  server.RaftServerConfigKeys (ConfUtils.java:logGet(46)) - raft.server.write.element-limit = 1024 (custom)
2023-10-04 17:31:19,757 [0cce5ae1-4d90-47eb-b549-a29c890f95a0@group-A5A2B23113C4-LeaderElection18] INFO  server.RaftServerConfigKeys (ConfUtils.java:logGet(46)) - raft.server.write.follower.gap.ratio.max = -1.0 (default)
2023-10-04 17:31:19,757 [0cce5ae1-4d90-47eb-b549-a29c890f95a0@group-A5A2B23113C4-LeaderElection18] INFO  impl.RoleInfo (RoleInfo.java:updateAndGet(139)) - 0cce5ae1-4d90-47eb-b549-a29c890f95a0: start 0cce5ae1-4d90-47eb-b549-a29c890f95a0@group-A5A2B23113C4-LeaderStateImpl
2023-10-04 17:31:19,757 [0cce5ae1-4d90-47eb-b549-a29c890f95a0@group-A5A2B23113C4-LeaderElection18] INFO  segmented.SegmentedRaftLogWorker (SegmentedRaftLogWorker.java:startLogSegment(447)) - 0cce5ae1-4d90-47eb-b549-a29c890f95a0@group-A5A2B23113C4-SegmentedRaftLogWorker: Starting segment from index:0
2023-10-04 17:31:19,759 [0cce5ae1-4d90-47eb-b549-a29c890f95a0@group-A5A2B23113C4-SegmentedRaftLogWorker] INFO  segmented.SegmentedRaftLogWorker (SegmentedRaftLogWorker.java:execute(651)) - 0cce5ae1-4d90-47eb-b549-a29c890f95a0@group-A5A2B23113C4-SegmentedRaftLogWorker: created new log segment /home/runner/work/ozone/ozone/hadoop-ozone/integration-test/target/test-dir/MiniOzoneClusterImpl-ae862161-af4f-46f0-80d9-78d734e05fe2/datanode-3/data/ratis/0be1fec6-3381-4aff-bfab-a5a2b23113c4/current/log_inprogress_0
2023-10-04 17:31:19,766 [0cce5ae1-4d90-47eb-b549-a29c890f95a0@group-A5A2B23113C4-LeaderElection18] INFO  server.RaftServer$Division (ServerState.java:setRaftConf(434)) - 0cce5ae1-4d90-47eb-b549-a29c890f95a0@group-A5A2B23113C4: set configuration 0: peers:[0cce5ae1-4d90-47eb-b549-a29c890f95a0|rpc:10.1.0.20:15094|admin:10.1.0.20:15093|client:10.1.0.20:15092|dataStream:10.1.0.20:15095|priority:1|startupRole:FOLLOWER]|listeners:[], old=null
]]></system-out>
  </testcase>
  <testcase name="testRenameDirToItsOwnSubDir" classname="TestOzoneFileSystem" time="0.009">
    <system-out><![CDATA[2023-10-04 17:32:30,111 [Time-limited test] INFO  ozone.TestOzoneFileSystem (TestOzoneFileSystem.java:testRenameDirToItsOwnSubDir(1176)) - Created dir1 o3fs://bucket57585.volume98659/root/dir1/sub_dir1
2023-10-04 17:32:30,112 [Time-limited test] INFO  ozone.TestOzoneFileSystem (TestOzoneFileSystem.java:testRenameDirToItsOwnSubDir(1179)) - Rename op-> source:o3fs://bucket57585.volume98659/root to destin:o3fs://bucket57585.volume98659/root/dir1/sub_dir1
]]></system-out>
  </testcase>
  <testcase name="testRenameDirToItsOwnSubDir" classname="TestOzoneFileSystem" time="0.01">
    <system-out><![CDATA[2023-10-04 17:33:48,576 [Time-limited test] INFO  ozone.TestOzoneFileSystem (TestOzoneFileSystem.java:testRenameDirToItsOwnSubDir(1176)) - Created dir1 o3fs://bucket80016.volume37245/root/dir1/sub_dir1
2023-10-04 17:33:48,576 [Time-limited test] INFO  ozone.TestOzoneFileSystem (TestOzoneFileSystem.java:testRenameDirToItsOwnSubDir(1179)) - Rename op-> source:o3fs://bucket80016.volume37245/root to destin:o3fs://bucket80016.volume37245/root/dir1/sub_dir1
]]></system-out>
  </testcase>
  <testcase name="testGetDirectoryModificationTime" classname="TestOzoneFileSystem" time="0.172"/>
  <testcase name="testGetDirectoryModificationTime" classname="TestOzoneFileSystem" time="0.126"/>
  <testcase name="testGetDirectoryModificationTime" classname="TestOzoneFileSystem" time="0.124"/>
  <testcase name="testGetDirectoryModificationTime" classname="TestOzoneFileSystem" time="0.122"/>
  <testcase name="testOzoneFsServiceLoader" classname="TestOzoneFileSystem" time="0.004"/>
  <testcase name="testOzoneFsServiceLoader" classname="TestOzoneFileSystem" time="0.002"/>
  <testcase name="testOzoneFsServiceLoader" classname="TestOzoneFileSystem" time="0.002"/>
  <testcase name="testOzoneFsServiceLoader" classname="TestOzoneFileSystem" time="0.002"/>
  <testcase name="testTrash" classname="TestOzoneFileSystem" time="4.022">
    <system-out><![CDATA[17:29:48.573 [IPC Server handler 1 on default port 15004] ERROR OMAudit - user=runner | ip=127.0.0.1 | op=GET_FILE_STATUS {volume=volume27687, bucket=bucket94524, key=.Trash/runner, dataSize=0, replicationConfig=null} | ret=FAILURE
org.apache.hadoop.ozone.om.exceptions.OMException: Unable to get file status: volume: volume27687 bucket: bucket94524 key: .Trash/runner
	at org.apache.hadoop.ozone.om.KeyManagerImpl.getOzoneFileStatus(KeyManagerImpl.java:1227) ~[ozone-manager-1.4.0-SNAPSHOT.jar:?]
	at org.apache.hadoop.ozone.om.KeyManagerImpl.getFileStatus(KeyManagerImpl.java:1145) ~[ozone-manager-1.4.0-SNAPSHOT.jar:?]
	at org.apache.hadoop.ozone.om.OmMetadataReader.getFileStatus(OmMetadataReader.java:266) ~[ozone-manager-1.4.0-SNAPSHOT.jar:?]
	at org.apache.hadoop.ozone.om.OzoneManager.getFileStatus(OzoneManager.java:3585) ~[ozone-manager-1.4.0-SNAPSHOT.jar:?]
	at org.apache.hadoop.ozone.protocolPB.OzoneManagerRequestHandler.getOzoneFileStatus(OzoneManagerRequestHandler.java:998) ~[ozone-manager-1.4.0-SNAPSHOT.jar:?]
	at org.apache.hadoop.ozone.protocolPB.OzoneManagerRequestHandler.handleReadRequest(OzoneManagerRequestHandler.java:259) ~[ozone-manager-1.4.0-SNAPSHOT.jar:?]
	at org.apache.hadoop.ozone.protocolPB.OzoneManagerProtocolServerSideTranslatorPB.submitReadRequestToOM(OzoneManagerProtocolServerSideTranslatorPB.java:225) ~[ozone-manager-1.4.0-SNAPSHOT.jar:?]
	at org.apache.hadoop.ozone.protocolPB.OzoneManagerProtocolServerSideTranslatorPB.processRequest(OzoneManagerProtocolServerSideTranslatorPB.java:179) ~[ozone-manager-1.4.0-SNAPSHOT.jar:?]
	at org.apache.hadoop.hdds.server.OzoneProtocolMessageDispatcher.processRequest(OzoneProtocolMessageDispatcher.java:87) [hdds-server-framework-1.4.0-SNAPSHOT.jar:?]
	at org.apache.hadoop.ozone.protocolPB.OzoneManagerProtocolServerSideTranslatorPB.submitRequest(OzoneManagerProtocolServerSideTranslatorPB.java:148) [ozone-manager-1.4.0-SNAPSHOT.jar:?]
	at org.apache.hadoop.ozone.protocol.proto.OzoneManagerProtocolProtos$OzoneManagerService$2.callBlockingMethod(OzoneManagerProtocolProtos.java) [ozone-interface-client-1.4.0-SNAPSHOT.jar:?]
	at org.apache.hadoop.ipc.ProtobufRpcEngine$Server.processCall(ProtobufRpcEngine.java:484) [hadoop-common-3.3.6.jar:?]
	at org.apache.hadoop.ipc.ProtobufRpcEngine2$Server$ProtoBufRpcInvoker.call(ProtobufRpcEngine2.java:595) [hadoop-common-3.3.6.jar:?]
	at org.apache.hadoop.ipc.ProtobufRpcEngine2$Server$ProtoBufRpcInvoker.call(ProtobufRpcEngine2.java:573) [hadoop-common-3.3.6.jar:?]
	at org.apache.hadoop.ipc.RPC$Server.call(RPC.java:1227) [hadoop-common-3.3.6.jar:?]
	at org.apache.hadoop.ipc.Server$RpcCall.run(Server.java:1094) [hadoop-common-3.3.6.jar:?]
	at org.apache.hadoop.ipc.Server$RpcCall.run(Server.java:1017) [hadoop-common-3.3.6.jar:?]
	at java.security.AccessController.doPrivileged(Native Method) ~[?:1.8.0_382]
	at javax.security.auth.Subject.doAs(Subject.java:422) [?:1.8.0_382]
	at org.apache.hadoop.security.UserGroupInformation.doAs(UserGroupInformation.java:1899) [hadoop-common-3.3.6.jar:?]
	at org.apache.hadoop.ipc.Server$Handler.run(Server.java:3048) [hadoop-common-3.3.6.jar:?]
17:29:48.583 [IPC Server handler 5 on default port 15004] ERROR OMAudit - user=runner | ip=127.0.0.1 | op=GET_FILE_STATUS {volume=volume27687, bucket=bucket94524, key=.Trash/runner/Current/testKey2, dataSize=0, replicationConfig=null} | ret=FAILURE
org.apache.hadoop.ozone.om.exceptions.OMException: Unable to get file status: volume: volume27687 bucket: bucket94524 key: .Trash/runner/Current/testKey2
	at org.apache.hadoop.ozone.om.KeyManagerImpl.getOzoneFileStatus(KeyManagerImpl.java:1227) ~[ozone-manager-1.4.0-SNAPSHOT.jar:?]
	at org.apache.hadoop.ozone.om.KeyManagerImpl.getFileStatus(KeyManagerImpl.java:1145) ~[ozone-manager-1.4.0-SNAPSHOT.jar:?]
	at org.apache.hadoop.ozone.om.OmMetadataReader.getFileStatus(OmMetadataReader.java:266) ~[ozone-manager-1.4.0-SNAPSHOT.jar:?]
	at org.apache.hadoop.ozone.om.OzoneManager.getFileStatus(OzoneManager.java:3585) ~[ozone-manager-1.4.0-SNAPSHOT.jar:?]
	at org.apache.hadoop.ozone.protocolPB.OzoneManagerRequestHandler.getOzoneFileStatus(OzoneManagerRequestHandler.java:998) ~[ozone-manager-1.4.0-SNAPSHOT.jar:?]
	at org.apache.hadoop.ozone.protocolPB.OzoneManagerRequestHandler.handleReadRequest(OzoneManagerRequestHandler.java:259) ~[ozone-manager-1.4.0-SNAPSHOT.jar:?]
	at org.apache.hadoop.ozone.protocolPB.OzoneManagerProtocolServerSideTranslatorPB.submitReadRequestToOM(OzoneManagerProtocolServerSideTranslatorPB.java:225) ~[ozone-manager-1.4.0-SNAPSHOT.jar:?]
	at org.apache.hadoop.ozone.protocolPB.OzoneManagerProtocolServerSideTranslatorPB.processRequest(OzoneManagerProtocolServerSideTranslatorPB.java:179) ~[ozone-manager-1.4.0-SNAPSHOT.jar:?]
	at org.apache.hadoop.hdds.server.OzoneProtocolMessageDispatcher.processRequest(OzoneProtocolMessageDispatcher.java:87) [hdds-server-framework-1.4.0-SNAPSHOT.jar:?]
	at org.apache.hadoop.ozone.protocolPB.OzoneManagerProtocolServerSideTranslatorPB.submitRequest(OzoneManagerProtocolServerSideTranslatorPB.java:148) [ozone-manager-1.4.0-SNAPSHOT.jar:?]
	at org.apache.hadoop.ozone.protocol.proto.OzoneManagerProtocolProtos$OzoneManagerService$2.callBlockingMethod(OzoneManagerProtocolProtos.java) [ozone-interface-client-1.4.0-SNAPSHOT.jar:?]
	at org.apache.hadoop.ipc.ProtobufRpcEngine$Server.processCall(ProtobufRpcEngine.java:484) [hadoop-common-3.3.6.jar:?]
	at org.apache.hadoop.ipc.ProtobufRpcEngine2$Server$ProtoBufRpcInvoker.call(ProtobufRpcEngine2.java:595) [hadoop-common-3.3.6.jar:?]
	at org.apache.hadoop.ipc.ProtobufRpcEngine2$Server$ProtoBufRpcInvoker.call(ProtobufRpcEngine2.java:573) [hadoop-common-3.3.6.jar:?]
	at org.apache.hadoop.ipc.RPC$Server.call(RPC.java:1227) [hadoop-common-3.3.6.jar:?]
	at org.apache.hadoop.ipc.Server$RpcCall.run(Server.java:1094) [hadoop-common-3.3.6.jar:?]
	at org.apache.hadoop.ipc.Server$RpcCall.run(Server.java:1017) [hadoop-common-3.3.6.jar:?]
	at java.security.AccessController.doPrivileged(Native Method) ~[?:1.8.0_382]
	at javax.security.auth.Subject.doAs(Subject.java:422) [?:1.8.0_382]
	at org.apache.hadoop.security.UserGroupInformation.doAs(UserGroupInformation.java:1899) [hadoop-common-3.3.6.jar:?]
	at org.apache.hadoop.ipc.Server$Handler.run(Server.java:3048) [hadoop-common-3.3.6.jar:?]
17:29:48.588 [IPC Server handler 7 on default port 15004] ERROR OMAudit - user=runner | ip=127.0.0.1 | op=GET_FILE_STATUS {volume=volume27687, bucket=bucket94524, key=.Trash/runner/Current/testKey2, dataSize=0, replicationConfig=null} | ret=FAILURE
org.apache.hadoop.ozone.om.exceptions.OMException: Unable to get file status: volume: volume27687 bucket: bucket94524 key: .Trash/runner/Current/testKey2
	at org.apache.hadoop.ozone.om.KeyManagerImpl.getOzoneFileStatus(KeyManagerImpl.java:1227) ~[ozone-manager-1.4.0-SNAPSHOT.jar:?]
	at org.apache.hadoop.ozone.om.KeyManagerImpl.getFileStatus(KeyManagerImpl.java:1145) ~[ozone-manager-1.4.0-SNAPSHOT.jar:?]
	at org.apache.hadoop.ozone.om.OmMetadataReader.getFileStatus(OmMetadataReader.java:266) ~[ozone-manager-1.4.0-SNAPSHOT.jar:?]
	at org.apache.hadoop.ozone.om.OzoneManager.getFileStatus(OzoneManager.java:3585) ~[ozone-manager-1.4.0-SNAPSHOT.jar:?]
	at org.apache.hadoop.ozone.protocolPB.OzoneManagerRequestHandler.getOzoneFileStatus(OzoneManagerRequestHandler.java:998) ~[ozone-manager-1.4.0-SNAPSHOT.jar:?]
	at org.apache.hadoop.ozone.protocolPB.OzoneManagerRequestHandler.handleReadRequest(OzoneManagerRequestHandler.java:259) ~[ozone-manager-1.4.0-SNAPSHOT.jar:?]
	at org.apache.hadoop.ozone.protocolPB.OzoneManagerProtocolServerSideTranslatorPB.submitReadRequestToOM(OzoneManagerProtocolServerSideTranslatorPB.java:225) ~[ozone-manager-1.4.0-SNAPSHOT.jar:?]
	at org.apache.hadoop.ozone.protocolPB.OzoneManagerProtocolServerSideTranslatorPB.processRequest(OzoneManagerProtocolServerSideTranslatorPB.java:179) ~[ozone-manager-1.4.0-SNAPSHOT.jar:?]
	at org.apache.hadoop.hdds.server.OzoneProtocolMessageDispatcher.processRequest(OzoneProtocolMessageDispatcher.java:87) [hdds-server-framework-1.4.0-SNAPSHOT.jar:?]
	at org.apache.hadoop.ozone.protocolPB.OzoneManagerProtocolServerSideTranslatorPB.submitRequest(OzoneManagerProtocolServerSideTranslatorPB.java:148) [ozone-manager-1.4.0-SNAPSHOT.jar:?]
	at org.apache.hadoop.ozone.protocol.proto.OzoneManagerProtocolProtos$OzoneManagerService$2.callBlockingMethod(OzoneManagerProtocolProtos.java) [ozone-interface-client-1.4.0-SNAPSHOT.jar:?]
	at org.apache.hadoop.ipc.ProtobufRpcEngine$Server.processCall(ProtobufRpcEngine.java:484) [hadoop-common-3.3.6.jar:?]
	at org.apache.hadoop.ipc.ProtobufRpcEngine2$Server$ProtoBufRpcInvoker.call(ProtobufRpcEngine2.java:595) [hadoop-common-3.3.6.jar:?]
	at org.apache.hadoop.ipc.ProtobufRpcEngine2$Server$ProtoBufRpcInvoker.call(ProtobufRpcEngine2.java:573) [hadoop-common-3.3.6.jar:?]
	at org.apache.hadoop.ipc.RPC$Server.call(RPC.java:1227) [hadoop-common-3.3.6.jar:?]
	at org.apache.hadoop.ipc.Server$RpcCall.run(Server.java:1094) [hadoop-common-3.3.6.jar:?]
	at org.apache.hadoop.ipc.Server$RpcCall.run(Server.java:1017) [hadoop-common-3.3.6.jar:?]
	at java.security.AccessController.doPrivileged(Native Method) ~[?:1.8.0_382]
	at javax.security.auth.Subject.doAs(Subject.java:422) [?:1.8.0_382]
	at org.apache.hadoop.security.UserGroupInformation.doAs(UserGroupInformation.java:1899) [hadoop-common-3.3.6.jar:?]
	at org.apache.hadoop.ipc.Server$Handler.run(Server.java:3048) [hadoop-common-3.3.6.jar:?]
2023-10-04 17:29:48,600 [Time-limited test] INFO  om.TrashPolicyOzone (TrashPolicyOzone.java:moveToTrash(213)) - Moved: '/testKey2' to trash at: o3fs://bucket94524.volume27687/.Trash/runner/Current/testKey2
17:29:49.536 [IPC Server handler 2 on default port 15004] ERROR OMAudit - user=runner | ip=127.0.0.1 | op=GET_FILE_STATUS {volume=volume27687, bucket=bucket94524, key=.Trash/runner/Current/testKey2, dataSize=0, replicationConfig=null} | ret=FAILURE
org.apache.hadoop.ozone.om.exceptions.OMException: Unable to get file status: volume: volume27687 bucket: bucket94524 key: .Trash/runner/Current/testKey2
	at org.apache.hadoop.ozone.om.KeyManagerImpl.getOzoneFileStatus(KeyManagerImpl.java:1227) ~[ozone-manager-1.4.0-SNAPSHOT.jar:?]
	at org.apache.hadoop.ozone.om.KeyManagerImpl.getFileStatus(KeyManagerImpl.java:1145) ~[ozone-manager-1.4.0-SNAPSHOT.jar:?]
	at org.apache.hadoop.ozone.om.OmMetadataReader.getFileStatus(OmMetadataReader.java:266) ~[ozone-manager-1.4.0-SNAPSHOT.jar:?]
	at org.apache.hadoop.ozone.om.OzoneManager.getFileStatus(OzoneManager.java:3585) ~[ozone-manager-1.4.0-SNAPSHOT.jar:?]
	at org.apache.hadoop.ozone.protocolPB.OzoneManagerRequestHandler.getOzoneFileStatus(OzoneManagerRequestHandler.java:998) ~[ozone-manager-1.4.0-SNAPSHOT.jar:?]
	at org.apache.hadoop.ozone.protocolPB.OzoneManagerRequestHandler.handleReadRequest(OzoneManagerRequestHandler.java:259) ~[ozone-manager-1.4.0-SNAPSHOT.jar:?]
	at org.apache.hadoop.ozone.protocolPB.OzoneManagerProtocolServerSideTranslatorPB.submitReadRequestToOM(OzoneManagerProtocolServerSideTranslatorPB.java:225) ~[ozone-manager-1.4.0-SNAPSHOT.jar:?]
	at org.apache.hadoop.ozone.protocolPB.OzoneManagerProtocolServerSideTranslatorPB.processRequest(OzoneManagerProtocolServerSideTranslatorPB.java:179) ~[ozone-manager-1.4.0-SNAPSHOT.jar:?]
	at org.apache.hadoop.hdds.server.OzoneProtocolMessageDispatcher.processRequest(OzoneProtocolMessageDispatcher.java:87) [hdds-server-framework-1.4.0-SNAPSHOT.jar:?]
	at org.apache.hadoop.ozone.protocolPB.OzoneManagerProtocolServerSideTranslatorPB.submitRequest(OzoneManagerProtocolServerSideTranslatorPB.java:148) [ozone-manager-1.4.0-SNAPSHOT.jar:?]
	at org.apache.hadoop.ozone.protocol.proto.OzoneManagerProtocolProtos$OzoneManagerService$2.callBlockingMethod(OzoneManagerProtocolProtos.java) [ozone-interface-client-1.4.0-SNAPSHOT.jar:?]
	at org.apache.hadoop.ipc.ProtobufRpcEngine$Server.processCall(ProtobufRpcEngine.java:484) [hadoop-common-3.3.6.jar:?]
	at org.apache.hadoop.ipc.ProtobufRpcEngine2$Server$ProtoBufRpcInvoker.call(ProtobufRpcEngine2.java:595) [hadoop-common-3.3.6.jar:?]
	at org.apache.hadoop.ipc.ProtobufRpcEngine2$Server$ProtoBufRpcInvoker.call(ProtobufRpcEngine2.java:573) [hadoop-common-3.3.6.jar:?]
	at org.apache.hadoop.ipc.RPC$Server.call(RPC.java:1227) [hadoop-common-3.3.6.jar:?]
	at org.apache.hadoop.ipc.Server$RpcCall.run(Server.java:1094) [hadoop-common-3.3.6.jar:?]
	at org.apache.hadoop.ipc.Server$RpcCall.run(Server.java:1017) [hadoop-common-3.3.6.jar:?]
	at java.security.AccessController.doPrivileged(Native Method) ~[?:1.8.0_382]
	at javax.security.auth.Subject.doAs(Subject.java:422) [?:1.8.0_382]
	at org.apache.hadoop.security.UserGroupInformation.doAs(UserGroupInformation.java:1899) [hadoop-common-3.3.6.jar:?]
	at org.apache.hadoop.ipc.Server$Handler.run(Server.java:3048) [hadoop-common-3.3.6.jar:?]
]]></system-out>
  </testcase>
  <testcase name="testTrash" classname="TestOzoneFileSystem" time="4.151">
    <system-out><![CDATA[17:31:19.915 [IPC Server handler 5 on default port 15057] ERROR OMAudit - user=runner | ip=127.0.0.1 | op=GET_FILE_STATUS {volume=volume39856, bucket=bucket94778, key=.Trash/runner, dataSize=0, replicationConfig=null} | ret=FAILURE
org.apache.hadoop.ozone.om.exceptions.OMException: Unable to get file status: volume: volume39856 bucket: bucket94778 key: .Trash/runner
	at org.apache.hadoop.ozone.om.KeyManagerImpl.getOzoneFileStatus(KeyManagerImpl.java:1227) ~[ozone-manager-1.4.0-SNAPSHOT.jar:?]
	at org.apache.hadoop.ozone.om.KeyManagerImpl.getFileStatus(KeyManagerImpl.java:1145) ~[ozone-manager-1.4.0-SNAPSHOT.jar:?]
	at org.apache.hadoop.ozone.om.OmMetadataReader.getFileStatus(OmMetadataReader.java:266) ~[ozone-manager-1.4.0-SNAPSHOT.jar:?]
	at org.apache.hadoop.ozone.om.OzoneManager.getFileStatus(OzoneManager.java:3585) ~[ozone-manager-1.4.0-SNAPSHOT.jar:?]
	at org.apache.hadoop.ozone.protocolPB.OzoneManagerRequestHandler.getOzoneFileStatus(OzoneManagerRequestHandler.java:998) ~[ozone-manager-1.4.0-SNAPSHOT.jar:?]
	at org.apache.hadoop.ozone.protocolPB.OzoneManagerRequestHandler.handleReadRequest(OzoneManagerRequestHandler.java:259) ~[ozone-manager-1.4.0-SNAPSHOT.jar:?]
	at org.apache.hadoop.ozone.protocolPB.OzoneManagerProtocolServerSideTranslatorPB.submitRequestDirectlyToOM(OzoneManagerProtocolServerSideTranslatorPB.java:274) ~[ozone-manager-1.4.0-SNAPSHOT.jar:?]
	at org.apache.hadoop.ozone.protocolPB.OzoneManagerProtocolServerSideTranslatorPB.processRequest(OzoneManagerProtocolServerSideTranslatorPB.java:175) ~[ozone-manager-1.4.0-SNAPSHOT.jar:?]
	at org.apache.hadoop.hdds.server.OzoneProtocolMessageDispatcher.processRequest(OzoneProtocolMessageDispatcher.java:87) [hdds-server-framework-1.4.0-SNAPSHOT.jar:?]
	at org.apache.hadoop.ozone.protocolPB.OzoneManagerProtocolServerSideTranslatorPB.submitRequest(OzoneManagerProtocolServerSideTranslatorPB.java:148) [ozone-manager-1.4.0-SNAPSHOT.jar:?]
	at org.apache.hadoop.ozone.protocol.proto.OzoneManagerProtocolProtos$OzoneManagerService$2.callBlockingMethod(OzoneManagerProtocolProtos.java) [ozone-interface-client-1.4.0-SNAPSHOT.jar:?]
	at org.apache.hadoop.ipc.ProtobufRpcEngine$Server.processCall(ProtobufRpcEngine.java:484) [hadoop-common-3.3.6.jar:?]
	at org.apache.hadoop.ipc.ProtobufRpcEngine2$Server$ProtoBufRpcInvoker.call(ProtobufRpcEngine2.java:595) [hadoop-common-3.3.6.jar:?]
	at org.apache.hadoop.ipc.ProtobufRpcEngine2$Server$ProtoBufRpcInvoker.call(ProtobufRpcEngine2.java:573) [hadoop-common-3.3.6.jar:?]
	at org.apache.hadoop.ipc.RPC$Server.call(RPC.java:1227) [hadoop-common-3.3.6.jar:?]
	at org.apache.hadoop.ipc.Server$RpcCall.run(Server.java:1094) [hadoop-common-3.3.6.jar:?]
	at org.apache.hadoop.ipc.Server$RpcCall.run(Server.java:1017) [hadoop-common-3.3.6.jar:?]
	at java.security.AccessController.doPrivileged(Native Method) ~[?:1.8.0_382]
	at javax.security.auth.Subject.doAs(Subject.java:422) [?:1.8.0_382]
	at org.apache.hadoop.security.UserGroupInformation.doAs(UserGroupInformation.java:1899) [hadoop-common-3.3.6.jar:?]
	at org.apache.hadoop.ipc.Server$Handler.run(Server.java:3048) [hadoop-common-3.3.6.jar:?]
17:31:19.919 [IPC Server handler 0 on default port 15057] ERROR OMAudit - user=runner | ip=127.0.0.1 | op=GET_FILE_STATUS {volume=volume39856, bucket=bucket94778, key=.Trash/runner/Current/testKey2, dataSize=0, replicationConfig=null} | ret=FAILURE
org.apache.hadoop.ozone.om.exceptions.OMException: Unable to get file status: volume: volume39856 bucket: bucket94778 key: .Trash/runner/Current/testKey2
	at org.apache.hadoop.ozone.om.KeyManagerImpl.getOzoneFileStatus(KeyManagerImpl.java:1227) ~[ozone-manager-1.4.0-SNAPSHOT.jar:?]
	at org.apache.hadoop.ozone.om.KeyManagerImpl.getFileStatus(KeyManagerImpl.java:1145) ~[ozone-manager-1.4.0-SNAPSHOT.jar:?]
	at org.apache.hadoop.ozone.om.OmMetadataReader.getFileStatus(OmMetadataReader.java:266) ~[ozone-manager-1.4.0-SNAPSHOT.jar:?]
	at org.apache.hadoop.ozone.om.OzoneManager.getFileStatus(OzoneManager.java:3585) ~[ozone-manager-1.4.0-SNAPSHOT.jar:?]
	at org.apache.hadoop.ozone.protocolPB.OzoneManagerRequestHandler.getOzoneFileStatus(OzoneManagerRequestHandler.java:998) ~[ozone-manager-1.4.0-SNAPSHOT.jar:?]
	at org.apache.hadoop.ozone.protocolPB.OzoneManagerRequestHandler.handleReadRequest(OzoneManagerRequestHandler.java:259) ~[ozone-manager-1.4.0-SNAPSHOT.jar:?]
	at org.apache.hadoop.ozone.protocolPB.OzoneManagerProtocolServerSideTranslatorPB.submitRequestDirectlyToOM(OzoneManagerProtocolServerSideTranslatorPB.java:274) ~[ozone-manager-1.4.0-SNAPSHOT.jar:?]
	at org.apache.hadoop.ozone.protocolPB.OzoneManagerProtocolServerSideTranslatorPB.processRequest(OzoneManagerProtocolServerSideTranslatorPB.java:175) ~[ozone-manager-1.4.0-SNAPSHOT.jar:?]
	at org.apache.hadoop.hdds.server.OzoneProtocolMessageDispatcher.processRequest(OzoneProtocolMessageDispatcher.java:87) [hdds-server-framework-1.4.0-SNAPSHOT.jar:?]
	at org.apache.hadoop.ozone.protocolPB.OzoneManagerProtocolServerSideTranslatorPB.submitRequest(OzoneManagerProtocolServerSideTranslatorPB.java:148) [ozone-manager-1.4.0-SNAPSHOT.jar:?]
	at org.apache.hadoop.ozone.protocol.proto.OzoneManagerProtocolProtos$OzoneManagerService$2.callBlockingMethod(OzoneManagerProtocolProtos.java) [ozone-interface-client-1.4.0-SNAPSHOT.jar:?]
	at org.apache.hadoop.ipc.ProtobufRpcEngine$Server.processCall(ProtobufRpcEngine.java:484) [hadoop-common-3.3.6.jar:?]
	at org.apache.hadoop.ipc.ProtobufRpcEngine2$Server$ProtoBufRpcInvoker.call(ProtobufRpcEngine2.java:595) [hadoop-common-3.3.6.jar:?]
	at org.apache.hadoop.ipc.ProtobufRpcEngine2$Server$ProtoBufRpcInvoker.call(ProtobufRpcEngine2.java:573) [hadoop-common-3.3.6.jar:?]
	at org.apache.hadoop.ipc.RPC$Server.call(RPC.java:1227) [hadoop-common-3.3.6.jar:?]
	at org.apache.hadoop.ipc.Server$RpcCall.run(Server.java:1094) [hadoop-common-3.3.6.jar:?]
	at org.apache.hadoop.ipc.Server$RpcCall.run(Server.java:1017) [hadoop-common-3.3.6.jar:?]
	at java.security.AccessController.doPrivileged(Native Method) ~[?:1.8.0_382]
	at javax.security.auth.Subject.doAs(Subject.java:422) [?:1.8.0_382]
	at org.apache.hadoop.security.UserGroupInformation.doAs(UserGroupInformation.java:1899) [hadoop-common-3.3.6.jar:?]
	at org.apache.hadoop.ipc.Server$Handler.run(Server.java:3048) [hadoop-common-3.3.6.jar:?]
17:31:19.922 [IPC Server handler 3 on default port 15057] ERROR OMAudit - user=runner | ip=127.0.0.1 | op=GET_FILE_STATUS {volume=volume39856, bucket=bucket94778, key=.Trash/runner/Current/testKey2, dataSize=0, replicationConfig=null} | ret=FAILURE
org.apache.hadoop.ozone.om.exceptions.OMException: Unable to get file status: volume: volume39856 bucket: bucket94778 key: .Trash/runner/Current/testKey2
	at org.apache.hadoop.ozone.om.KeyManagerImpl.getOzoneFileStatus(KeyManagerImpl.java:1227) ~[ozone-manager-1.4.0-SNAPSHOT.jar:?]
	at org.apache.hadoop.ozone.om.KeyManagerImpl.getFileStatus(KeyManagerImpl.java:1145) ~[ozone-manager-1.4.0-SNAPSHOT.jar:?]
	at org.apache.hadoop.ozone.om.OmMetadataReader.getFileStatus(OmMetadataReader.java:266) ~[ozone-manager-1.4.0-SNAPSHOT.jar:?]
	at org.apache.hadoop.ozone.om.OzoneManager.getFileStatus(OzoneManager.java:3585) ~[ozone-manager-1.4.0-SNAPSHOT.jar:?]
	at org.apache.hadoop.ozone.protocolPB.OzoneManagerRequestHandler.getOzoneFileStatus(OzoneManagerRequestHandler.java:998) ~[ozone-manager-1.4.0-SNAPSHOT.jar:?]
	at org.apache.hadoop.ozone.protocolPB.OzoneManagerRequestHandler.handleReadRequest(OzoneManagerRequestHandler.java:259) ~[ozone-manager-1.4.0-SNAPSHOT.jar:?]
	at org.apache.hadoop.ozone.protocolPB.OzoneManagerProtocolServerSideTranslatorPB.submitRequestDirectlyToOM(OzoneManagerProtocolServerSideTranslatorPB.java:274) ~[ozone-manager-1.4.0-SNAPSHOT.jar:?]
	at org.apache.hadoop.ozone.protocolPB.OzoneManagerProtocolServerSideTranslatorPB.processRequest(OzoneManagerProtocolServerSideTranslatorPB.java:175) ~[ozone-manager-1.4.0-SNAPSHOT.jar:?]
	at org.apache.hadoop.hdds.server.OzoneProtocolMessageDispatcher.processRequest(OzoneProtocolMessageDispatcher.java:87) [hdds-server-framework-1.4.0-SNAPSHOT.jar:?]
	at org.apache.hadoop.ozone.protocolPB.OzoneManagerProtocolServerSideTranslatorPB.submitRequest(OzoneManagerProtocolServerSideTranslatorPB.java:148) [ozone-manager-1.4.0-SNAPSHOT.jar:?]
	at org.apache.hadoop.ozone.protocol.proto.OzoneManagerProtocolProtos$OzoneManagerService$2.callBlockingMethod(OzoneManagerProtocolProtos.java) [ozone-interface-client-1.4.0-SNAPSHOT.jar:?]
	at org.apache.hadoop.ipc.ProtobufRpcEngine$Server.processCall(ProtobufRpcEngine.java:484) [hadoop-common-3.3.6.jar:?]
	at org.apache.hadoop.ipc.ProtobufRpcEngine2$Server$ProtoBufRpcInvoker.call(ProtobufRpcEngine2.java:595) [hadoop-common-3.3.6.jar:?]
	at org.apache.hadoop.ipc.ProtobufRpcEngine2$Server$ProtoBufRpcInvoker.call(ProtobufRpcEngine2.java:573) [hadoop-common-3.3.6.jar:?]
	at org.apache.hadoop.ipc.RPC$Server.call(RPC.java:1227) [hadoop-common-3.3.6.jar:?]
	at org.apache.hadoop.ipc.Server$RpcCall.run(Server.java:1094) [hadoop-common-3.3.6.jar:?]
	at org.apache.hadoop.ipc.Server$RpcCall.run(Server.java:1017) [hadoop-common-3.3.6.jar:?]
	at java.security.AccessController.doPrivileged(Native Method) ~[?:1.8.0_382]
	at javax.security.auth.Subject.doAs(Subject.java:422) [?:1.8.0_382]
	at org.apache.hadoop.security.UserGroupInformation.doAs(UserGroupInformation.java:1899) [hadoop-common-3.3.6.jar:?]
	at org.apache.hadoop.ipc.Server$Handler.run(Server.java:3048) [hadoop-common-3.3.6.jar:?]
2023-10-04 17:31:19,926 [Time-limited test] INFO  om.TrashPolicyOzone (TrashPolicyOzone.java:moveToTrash(213)) - Moved: '/testKey2' to trash at: o3fs://bucket94778.volume39856/.Trash/runner/Current/testKey2
2023-10-04 17:31:20,038 [1bfab402-230e-4619-8c22-172305de1499@group-25925F79BAAE-FollowerState] INFO  impl.FollowerState (FollowerState.java:run(143)) - 1bfab402-230e-4619-8c22-172305de1499@group-25925F79BAAE-FollowerState: change to CANDIDATE, lastRpcElapsedTime:5131573327ns, electionTimeout:5120ms
2023-10-04 17:31:20,038 [1bfab402-230e-4619-8c22-172305de1499@group-25925F79BAAE-FollowerState] INFO  impl.RoleInfo (RoleInfo.java:shutdownFollowerState(110)) - 1bfab402-230e-4619-8c22-172305de1499: shutdown 1bfab402-230e-4619-8c22-172305de1499@group-25925F79BAAE-FollowerState
2023-10-04 17:31:20,038 [1bfab402-230e-4619-8c22-172305de1499@group-25925F79BAAE-FollowerState] INFO  server.RaftServer$Division (RaftServerImpl.java:setRole(329)) - 1bfab402-230e-4619-8c22-172305de1499@group-25925F79BAAE: changes role from  FOLLOWER to CANDIDATE at term 0 for changeToCandidate
2023-10-04 17:31:20,038 [1bfab402-230e-4619-8c22-172305de1499@group-25925F79BAAE-FollowerState] INFO  server.RaftServerConfigKeys (ConfUtils.java:logGet(46)) - raft.server.leaderelection.pre-vote = true (default)
2023-10-04 17:31:20,038 [1bfab402-230e-4619-8c22-172305de1499@group-25925F79BAAE-FollowerState] INFO  impl.RoleInfo (RoleInfo.java:updateAndGet(139)) - 1bfab402-230e-4619-8c22-172305de1499: start 1bfab402-230e-4619-8c22-172305de1499@group-25925F79BAAE-LeaderElection19
2023-10-04 17:31:20,040 [1bfab402-230e-4619-8c22-172305de1499@group-25925F79BAAE-LeaderElection19] INFO  impl.LeaderElection (LeaderElection.java:askForVotes(321)) - 1bfab402-230e-4619-8c22-172305de1499@group-25925F79BAAE-LeaderElection19 PRE_VOTE round 0: submit vote requests at term 0 for -1: peers:[1bfab402-230e-4619-8c22-172305de1499|rpc:10.1.0.20:15103|admin:10.1.0.20:15102|client:10.1.0.20:15101|dataStream:10.1.0.20:15104|priority:1|startupRole:FOLLOWER]|listeners:[], old=null
2023-10-04 17:31:20,040 [1bfab402-230e-4619-8c22-172305de1499@group-25925F79BAAE-LeaderElection19] INFO  impl.LeaderElection (LeaderElection.java:askForVotes(323)) - 1bfab402-230e-4619-8c22-172305de1499@group-25925F79BAAE-LeaderElection19 PRE_VOTE round 0: result PASSED (term=0)
2023-10-04 17:31:20,042 [1bfab402-230e-4619-8c22-172305de1499@group-25925F79BAAE-LeaderElection19] INFO  impl.LeaderElection (LeaderElection.java:askForVotes(321)) - 1bfab402-230e-4619-8c22-172305de1499@group-25925F79BAAE-LeaderElection19 ELECTION round 0: submit vote requests at term 1 for -1: peers:[1bfab402-230e-4619-8c22-172305de1499|rpc:10.1.0.20:15103|admin:10.1.0.20:15102|client:10.1.0.20:15101|dataStream:10.1.0.20:15104|priority:1|startupRole:FOLLOWER]|listeners:[], old=null
2023-10-04 17:31:20,042 [1bfab402-230e-4619-8c22-172305de1499@group-25925F79BAAE-LeaderElection19] INFO  impl.LeaderElection (LeaderElection.java:askForVotes(323)) - 1bfab402-230e-4619-8c22-172305de1499@group-25925F79BAAE-LeaderElection19 ELECTION round 0: result PASSED (term=1)
2023-10-04 17:31:20,042 [1bfab402-230e-4619-8c22-172305de1499@group-25925F79BAAE-LeaderElection19] INFO  impl.RoleInfo (RoleInfo.java:shutdownLeaderElection(130)) - 1bfab402-230e-4619-8c22-172305de1499: shutdown 1bfab402-230e-4619-8c22-172305de1499@group-25925F79BAAE-LeaderElection19
2023-10-04 17:31:20,042 [1bfab402-230e-4619-8c22-172305de1499@group-25925F79BAAE-LeaderElection19] INFO  server.RaftServer$Division (RaftServerImpl.java:setRole(329)) - 1bfab402-230e-4619-8c22-172305de1499@group-25925F79BAAE: changes role from CANDIDATE to LEADER at term 1 for changeToLeader
2023-10-04 17:31:20,042 [1bfab402-230e-4619-8c22-172305de1499@group-25925F79BAAE-LeaderElection19] INFO  ratis.XceiverServerRatis (XceiverServerRatis.java:handleLeaderChangedNotification(902)) - Leader change notification received for group: group-25925F79BAAE with new leaderId: 1bfab402-230e-4619-8c22-172305de1499
2023-10-04 17:31:20,042 [1bfab402-230e-4619-8c22-172305de1499@group-25925F79BAAE-LeaderElection19] INFO  server.RaftServer$Division (ServerState.java:setLeader(317)) - 1bfab402-230e-4619-8c22-172305de1499@group-25925F79BAAE: change Leader from null to 1bfab402-230e-4619-8c22-172305de1499 at term 1 for becomeLeader, leader elected after 5172ms
2023-10-04 17:31:20,042 [1bfab402-230e-4619-8c22-172305de1499@group-25925F79BAAE-LeaderElection19] INFO  server.RaftServerConfigKeys (ConfUtils.java:logGet(46)) - raft.server.staging.catchup.gap = 1000 (default)
2023-10-04 17:31:20,043 [1bfab402-230e-4619-8c22-172305de1499@group-25925F79BAAE-LeaderElection19] INFO  server.RaftServerConfigKeys (ConfUtils.java:logGet(46)) - raft.server.write.element-limit = 1024 (custom)
2023-10-04 17:31:20,043 [1bfab402-230e-4619-8c22-172305de1499@group-25925F79BAAE-LeaderElection19] INFO  server.RaftServerConfigKeys (ConfUtils.java:logGet(46)) - raft.server.write.byte-limit = 1024 M (=1073741824) (custom)
2023-10-04 17:31:20,043 [1bfab402-230e-4619-8c22-172305de1499@group-25925F79BAAE-LeaderElection19] INFO  server.RaftServerConfigKeys (ConfUtils.java:logGet(46)) - raft.server.watch.timeout = 180s (custom)
2023-10-04 17:31:20,043 [1bfab402-230e-4619-8c22-172305de1499@group-25925F79BAAE-LeaderElection19] INFO  server.RaftServerConfigKeys (ConfUtils.java:logGet(46)) - raft.server.watch.timeout.denomination = 1s (default)
2023-10-04 17:31:20,043 [1bfab402-230e-4619-8c22-172305de1499@group-25925F79BAAE-LeaderElection19] INFO  server.RaftServerConfigKeys (ConfUtils.java:logGet(46)) - raft.server.watch.element-limit = 65536 (default)
2023-10-04 17:31:20,043 [1bfab402-230e-4619-8c22-172305de1499@group-25925F79BAAE-LeaderElection19] INFO  server.RaftServerConfigKeys (ConfUtils.java:logGet(46)) - raft.server.write.element-limit = 1024 (custom)
2023-10-04 17:31:20,043 [1bfab402-230e-4619-8c22-172305de1499@group-25925F79BAAE-LeaderElection19] INFO  server.RaftServerConfigKeys (ConfUtils.java:logGet(46)) - raft.server.write.follower.gap.ratio.max = -1.0 (default)
2023-10-04 17:31:20,043 [1bfab402-230e-4619-8c22-172305de1499@group-25925F79BAAE-LeaderElection19] INFO  impl.RoleInfo (RoleInfo.java:updateAndGet(139)) - 1bfab402-230e-4619-8c22-172305de1499: start 1bfab402-230e-4619-8c22-172305de1499@group-25925F79BAAE-LeaderStateImpl
2023-10-04 17:31:20,044 [1bfab402-230e-4619-8c22-172305de1499@group-25925F79BAAE-LeaderElection19] INFO  segmented.SegmentedRaftLogWorker (SegmentedRaftLogWorker.java:startLogSegment(447)) - 1bfab402-230e-4619-8c22-172305de1499@group-25925F79BAAE-SegmentedRaftLogWorker: Starting segment from index:0
2023-10-04 17:31:20,045 [1bfab402-230e-4619-8c22-172305de1499@group-25925F79BAAE-SegmentedRaftLogWorker] INFO  segmented.SegmentedRaftLogWorker (SegmentedRaftLogWorker.java:execute(651)) - 1bfab402-230e-4619-8c22-172305de1499@group-25925F79BAAE-SegmentedRaftLogWorker: created new log segment /home/runner/work/ozone/ozone/hadoop-ozone/integration-test/target/test-dir/MiniOzoneClusterImpl-ae862161-af4f-46f0-80d9-78d734e05fe2/datanode-4/data/ratis/70c20c18-88ba-478d-9101-25925f79baae/current/log_inprogress_0
2023-10-04 17:31:20,046 [1bfab402-230e-4619-8c22-172305de1499@group-25925F79BAAE-LeaderElection19] INFO  server.RaftServer$Division (ServerState.java:setRaftConf(434)) - 1bfab402-230e-4619-8c22-172305de1499@group-25925F79BAAE: set configuration 0: peers:[1bfab402-230e-4619-8c22-172305de1499|rpc:10.1.0.20:15103|admin:10.1.0.20:15102|client:10.1.0.20:15101|dataStream:10.1.0.20:15104|priority:1|startupRole:FOLLOWER]|listeners:[], old=null
17:31:21.042 [IPC Server handler 18 on default port 15057] ERROR OMAudit - user=runner | ip=127.0.0.1 | op=GET_FILE_STATUS {volume=volume39856, bucket=bucket94778, key=.Trash/runner/Current/testKey2, dataSize=0, replicationConfig=null} | ret=FAILURE
org.apache.hadoop.ozone.om.exceptions.OMException: Unable to get file status: volume: volume39856 bucket: bucket94778 key: .Trash/runner/Current/testKey2
	at org.apache.hadoop.ozone.om.KeyManagerImpl.getOzoneFileStatus(KeyManagerImpl.java:1227) ~[ozone-manager-1.4.0-SNAPSHOT.jar:?]
	at org.apache.hadoop.ozone.om.KeyManagerImpl.getFileStatus(KeyManagerImpl.java:1145) ~[ozone-manager-1.4.0-SNAPSHOT.jar:?]
	at org.apache.hadoop.ozone.om.OmMetadataReader.getFileStatus(OmMetadataReader.java:266) ~[ozone-manager-1.4.0-SNAPSHOT.jar:?]
	at org.apache.hadoop.ozone.om.OzoneManager.getFileStatus(OzoneManager.java:3585) ~[ozone-manager-1.4.0-SNAPSHOT.jar:?]
	at org.apache.hadoop.ozone.protocolPB.OzoneManagerRequestHandler.getOzoneFileStatus(OzoneManagerRequestHandler.java:998) ~[ozone-manager-1.4.0-SNAPSHOT.jar:?]
	at org.apache.hadoop.ozone.protocolPB.OzoneManagerRequestHandler.handleReadRequest(OzoneManagerRequestHandler.java:259) ~[ozone-manager-1.4.0-SNAPSHOT.jar:?]
	at org.apache.hadoop.ozone.protocolPB.OzoneManagerProtocolServerSideTranslatorPB.submitRequestDirectlyToOM(OzoneManagerProtocolServerSideTranslatorPB.java:274) ~[ozone-manager-1.4.0-SNAPSHOT.jar:?]
	at org.apache.hadoop.ozone.protocolPB.OzoneManagerProtocolServerSideTranslatorPB.processRequest(OzoneManagerProtocolServerSideTranslatorPB.java:175) ~[ozone-manager-1.4.0-SNAPSHOT.jar:?]
	at org.apache.hadoop.hdds.server.OzoneProtocolMessageDispatcher.processRequest(OzoneProtocolMessageDispatcher.java:87) [hdds-server-framework-1.4.0-SNAPSHOT.jar:?]
	at org.apache.hadoop.ozone.protocolPB.OzoneManagerProtocolServerSideTranslatorPB.submitRequest(OzoneManagerProtocolServerSideTranslatorPB.java:148) [ozone-manager-1.4.0-SNAPSHOT.jar:?]
	at org.apache.hadoop.ozone.protocol.proto.OzoneManagerProtocolProtos$OzoneManagerService$2.callBlockingMethod(OzoneManagerProtocolProtos.java) [ozone-interface-client-1.4.0-SNAPSHOT.jar:?]
	at org.apache.hadoop.ipc.ProtobufRpcEngine$Server.processCall(ProtobufRpcEngine.java:484) [hadoop-common-3.3.6.jar:?]
	at org.apache.hadoop.ipc.ProtobufRpcEngine2$Server$ProtoBufRpcInvoker.call(ProtobufRpcEngine2.java:595) [hadoop-common-3.3.6.jar:?]
	at org.apache.hadoop.ipc.ProtobufRpcEngine2$Server$ProtoBufRpcInvoker.call(ProtobufRpcEngine2.java:573) [hadoop-common-3.3.6.jar:?]
	at org.apache.hadoop.ipc.RPC$Server.call(RPC.java:1227) [hadoop-common-3.3.6.jar:?]
	at org.apache.hadoop.ipc.Server$RpcCall.run(Server.java:1094) [hadoop-common-3.3.6.jar:?]
	at org.apache.hadoop.ipc.Server$RpcCall.run(Server.java:1017) [hadoop-common-3.3.6.jar:?]
	at java.security.AccessController.doPrivileged(Native Method) ~[?:1.8.0_382]
	at javax.security.auth.Subject.doAs(Subject.java:422) [?:1.8.0_382]
	at org.apache.hadoop.security.UserGroupInformation.doAs(UserGroupInformation.java:1899) [hadoop-common-3.3.6.jar:?]
	at org.apache.hadoop.ipc.Server$Handler.run(Server.java:3048) [hadoop-common-3.3.6.jar:?]
]]></system-out>
  </testcase>
  <testcase name="testTrash" classname="TestOzoneFileSystem" time="4.349">
    <system-out><![CDATA[17:32:30.252 [IPC Server handler 7 on default port 15110] ERROR OMAudit - user=runner | ip=127.0.0.1 | op=GET_FILE_STATUS {volume=volume98659, bucket=bucket57585, key=.Trash/runner, dataSize=0, replicationConfig=null} | ret=FAILURE
org.apache.hadoop.ozone.om.exceptions.OMException: Unable to get file status: volume: volume98659 bucket: bucket57585 key: .Trash/runner
	at org.apache.hadoop.ozone.om.KeyManagerImpl.getOzoneFileStatus(KeyManagerImpl.java:1227) ~[ozone-manager-1.4.0-SNAPSHOT.jar:?]
	at org.apache.hadoop.ozone.om.KeyManagerImpl.getFileStatus(KeyManagerImpl.java:1145) ~[ozone-manager-1.4.0-SNAPSHOT.jar:?]
	at org.apache.hadoop.ozone.om.OmMetadataReader.getFileStatus(OmMetadataReader.java:266) ~[ozone-manager-1.4.0-SNAPSHOT.jar:?]
	at org.apache.hadoop.ozone.om.OzoneManager.getFileStatus(OzoneManager.java:3585) ~[ozone-manager-1.4.0-SNAPSHOT.jar:?]
	at org.apache.hadoop.ozone.protocolPB.OzoneManagerRequestHandler.getOzoneFileStatus(OzoneManagerRequestHandler.java:998) ~[ozone-manager-1.4.0-SNAPSHOT.jar:?]
	at org.apache.hadoop.ozone.protocolPB.OzoneManagerRequestHandler.handleReadRequest(OzoneManagerRequestHandler.java:259) ~[ozone-manager-1.4.0-SNAPSHOT.jar:?]
	at org.apache.hadoop.ozone.protocolPB.OzoneManagerProtocolServerSideTranslatorPB.submitReadRequestToOM(OzoneManagerProtocolServerSideTranslatorPB.java:225) ~[ozone-manager-1.4.0-SNAPSHOT.jar:?]
	at org.apache.hadoop.ozone.protocolPB.OzoneManagerProtocolServerSideTranslatorPB.processRequest(OzoneManagerProtocolServerSideTranslatorPB.java:179) ~[ozone-manager-1.4.0-SNAPSHOT.jar:?]
	at org.apache.hadoop.hdds.server.OzoneProtocolMessageDispatcher.processRequest(OzoneProtocolMessageDispatcher.java:87) [hdds-server-framework-1.4.0-SNAPSHOT.jar:?]
	at org.apache.hadoop.ozone.protocolPB.OzoneManagerProtocolServerSideTranslatorPB.submitRequest(OzoneManagerProtocolServerSideTranslatorPB.java:148) [ozone-manager-1.4.0-SNAPSHOT.jar:?]
	at org.apache.hadoop.ozone.protocol.proto.OzoneManagerProtocolProtos$OzoneManagerService$2.callBlockingMethod(OzoneManagerProtocolProtos.java) [ozone-interface-client-1.4.0-SNAPSHOT.jar:?]
	at org.apache.hadoop.ipc.ProtobufRpcEngine$Server.processCall(ProtobufRpcEngine.java:484) [hadoop-common-3.3.6.jar:?]
	at org.apache.hadoop.ipc.ProtobufRpcEngine2$Server$ProtoBufRpcInvoker.call(ProtobufRpcEngine2.java:595) [hadoop-common-3.3.6.jar:?]
	at org.apache.hadoop.ipc.ProtobufRpcEngine2$Server$ProtoBufRpcInvoker.call(ProtobufRpcEngine2.java:573) [hadoop-common-3.3.6.jar:?]
	at org.apache.hadoop.ipc.RPC$Server.call(RPC.java:1227) [hadoop-common-3.3.6.jar:?]
	at org.apache.hadoop.ipc.Server$RpcCall.run(Server.java:1094) [hadoop-common-3.3.6.jar:?]
	at org.apache.hadoop.ipc.Server$RpcCall.run(Server.java:1017) [hadoop-common-3.3.6.jar:?]
	at java.security.AccessController.doPrivileged(Native Method) ~[?:1.8.0_382]
	at javax.security.auth.Subject.doAs(Subject.java:422) [?:1.8.0_382]
	at org.apache.hadoop.security.UserGroupInformation.doAs(UserGroupInformation.java:1899) [hadoop-common-3.3.6.jar:?]
	at org.apache.hadoop.ipc.Server$Handler.run(Server.java:3048) [hadoop-common-3.3.6.jar:?]
17:32:30.256 [IPC Server handler 9 on default port 15110] ERROR OMAudit - user=runner | ip=127.0.0.1 | op=GET_FILE_STATUS {volume=volume98659, bucket=bucket57585, key=.Trash/runner/Current/testKey2, dataSize=0, replicationConfig=null} | ret=FAILURE
org.apache.hadoop.ozone.om.exceptions.OMException: Unable to get file status: volume: volume98659 bucket: bucket57585 key: .Trash/runner/Current/testKey2
	at org.apache.hadoop.ozone.om.KeyManagerImpl.getOzoneFileStatus(KeyManagerImpl.java:1227) ~[ozone-manager-1.4.0-SNAPSHOT.jar:?]
	at org.apache.hadoop.ozone.om.KeyManagerImpl.getFileStatus(KeyManagerImpl.java:1145) ~[ozone-manager-1.4.0-SNAPSHOT.jar:?]
	at org.apache.hadoop.ozone.om.OmMetadataReader.getFileStatus(OmMetadataReader.java:266) ~[ozone-manager-1.4.0-SNAPSHOT.jar:?]
	at org.apache.hadoop.ozone.om.OzoneManager.getFileStatus(OzoneManager.java:3585) ~[ozone-manager-1.4.0-SNAPSHOT.jar:?]
	at org.apache.hadoop.ozone.protocolPB.OzoneManagerRequestHandler.getOzoneFileStatus(OzoneManagerRequestHandler.java:998) ~[ozone-manager-1.4.0-SNAPSHOT.jar:?]
	at org.apache.hadoop.ozone.protocolPB.OzoneManagerRequestHandler.handleReadRequest(OzoneManagerRequestHandler.java:259) ~[ozone-manager-1.4.0-SNAPSHOT.jar:?]
	at org.apache.hadoop.ozone.protocolPB.OzoneManagerProtocolServerSideTranslatorPB.submitReadRequestToOM(OzoneManagerProtocolServerSideTranslatorPB.java:225) ~[ozone-manager-1.4.0-SNAPSHOT.jar:?]
	at org.apache.hadoop.ozone.protocolPB.OzoneManagerProtocolServerSideTranslatorPB.processRequest(OzoneManagerProtocolServerSideTranslatorPB.java:179) ~[ozone-manager-1.4.0-SNAPSHOT.jar:?]
	at org.apache.hadoop.hdds.server.OzoneProtocolMessageDispatcher.processRequest(OzoneProtocolMessageDispatcher.java:87) [hdds-server-framework-1.4.0-SNAPSHOT.jar:?]
	at org.apache.hadoop.ozone.protocolPB.OzoneManagerProtocolServerSideTranslatorPB.submitRequest(OzoneManagerProtocolServerSideTranslatorPB.java:148) [ozone-manager-1.4.0-SNAPSHOT.jar:?]
	at org.apache.hadoop.ozone.protocol.proto.OzoneManagerProtocolProtos$OzoneManagerService$2.callBlockingMethod(OzoneManagerProtocolProtos.java) [ozone-interface-client-1.4.0-SNAPSHOT.jar:?]
	at org.apache.hadoop.ipc.ProtobufRpcEngine$Server.processCall(ProtobufRpcEngine.java:484) [hadoop-common-3.3.6.jar:?]
	at org.apache.hadoop.ipc.ProtobufRpcEngine2$Server$ProtoBufRpcInvoker.call(ProtobufRpcEngine2.java:595) [hadoop-common-3.3.6.jar:?]
	at org.apache.hadoop.ipc.ProtobufRpcEngine2$Server$ProtoBufRpcInvoker.call(ProtobufRpcEngine2.java:573) [hadoop-common-3.3.6.jar:?]
	at org.apache.hadoop.ipc.RPC$Server.call(RPC.java:1227) [hadoop-common-3.3.6.jar:?]
	at org.apache.hadoop.ipc.Server$RpcCall.run(Server.java:1094) [hadoop-common-3.3.6.jar:?]
	at org.apache.hadoop.ipc.Server$RpcCall.run(Server.java:1017) [hadoop-common-3.3.6.jar:?]
	at java.security.AccessController.doPrivileged(Native Method) ~[?:1.8.0_382]
	at javax.security.auth.Subject.doAs(Subject.java:422) [?:1.8.0_382]
	at org.apache.hadoop.security.UserGroupInformation.doAs(UserGroupInformation.java:1899) [hadoop-common-3.3.6.jar:?]
	at org.apache.hadoop.ipc.Server$Handler.run(Server.java:3048) [hadoop-common-3.3.6.jar:?]
17:32:30.257 [IPC Server handler 12 on default port 15110] ERROR OMAudit - user=runner | ip=127.0.0.1 | op=GET_FILE_STATUS {volume=volume98659, bucket=bucket57585, key=.Trash/runner/Current/testKey2, dataSize=0, replicationConfig=null} | ret=FAILURE
org.apache.hadoop.ozone.om.exceptions.OMException: Unable to get file status: volume: volume98659 bucket: bucket57585 key: .Trash/runner/Current/testKey2
	at org.apache.hadoop.ozone.om.KeyManagerImpl.getOzoneFileStatus(KeyManagerImpl.java:1227) ~[ozone-manager-1.4.0-SNAPSHOT.jar:?]
	at org.apache.hadoop.ozone.om.KeyManagerImpl.getFileStatus(KeyManagerImpl.java:1145) ~[ozone-manager-1.4.0-SNAPSHOT.jar:?]
	at org.apache.hadoop.ozone.om.OmMetadataReader.getFileStatus(OmMetadataReader.java:266) ~[ozone-manager-1.4.0-SNAPSHOT.jar:?]
	at org.apache.hadoop.ozone.om.OzoneManager.getFileStatus(OzoneManager.java:3585) ~[ozone-manager-1.4.0-SNAPSHOT.jar:?]
	at org.apache.hadoop.ozone.protocolPB.OzoneManagerRequestHandler.getOzoneFileStatus(OzoneManagerRequestHandler.java:998) ~[ozone-manager-1.4.0-SNAPSHOT.jar:?]
	at org.apache.hadoop.ozone.protocolPB.OzoneManagerRequestHandler.handleReadRequest(OzoneManagerRequestHandler.java:259) ~[ozone-manager-1.4.0-SNAPSHOT.jar:?]
	at org.apache.hadoop.ozone.protocolPB.OzoneManagerProtocolServerSideTranslatorPB.submitReadRequestToOM(OzoneManagerProtocolServerSideTranslatorPB.java:225) ~[ozone-manager-1.4.0-SNAPSHOT.jar:?]
	at org.apache.hadoop.ozone.protocolPB.OzoneManagerProtocolServerSideTranslatorPB.processRequest(OzoneManagerProtocolServerSideTranslatorPB.java:179) ~[ozone-manager-1.4.0-SNAPSHOT.jar:?]
	at org.apache.hadoop.hdds.server.OzoneProtocolMessageDispatcher.processRequest(OzoneProtocolMessageDispatcher.java:87) [hdds-server-framework-1.4.0-SNAPSHOT.jar:?]
	at org.apache.hadoop.ozone.protocolPB.OzoneManagerProtocolServerSideTranslatorPB.submitRequest(OzoneManagerProtocolServerSideTranslatorPB.java:148) [ozone-manager-1.4.0-SNAPSHOT.jar:?]
	at org.apache.hadoop.ozone.protocol.proto.OzoneManagerProtocolProtos$OzoneManagerService$2.callBlockingMethod(OzoneManagerProtocolProtos.java) [ozone-interface-client-1.4.0-SNAPSHOT.jar:?]
	at org.apache.hadoop.ipc.ProtobufRpcEngine$Server.processCall(ProtobufRpcEngine.java:484) [hadoop-common-3.3.6.jar:?]
	at org.apache.hadoop.ipc.ProtobufRpcEngine2$Server$ProtoBufRpcInvoker.call(ProtobufRpcEngine2.java:595) [hadoop-common-3.3.6.jar:?]
	at org.apache.hadoop.ipc.ProtobufRpcEngine2$Server$ProtoBufRpcInvoker.call(ProtobufRpcEngine2.java:573) [hadoop-common-3.3.6.jar:?]
	at org.apache.hadoop.ipc.RPC$Server.call(RPC.java:1227) [hadoop-common-3.3.6.jar:?]
	at org.apache.hadoop.ipc.Server$RpcCall.run(Server.java:1094) [hadoop-common-3.3.6.jar:?]
	at org.apache.hadoop.ipc.Server$RpcCall.run(Server.java:1017) [hadoop-common-3.3.6.jar:?]
	at java.security.AccessController.doPrivileged(Native Method) ~[?:1.8.0_382]
	at javax.security.auth.Subject.doAs(Subject.java:422) [?:1.8.0_382]
	at org.apache.hadoop.security.UserGroupInformation.doAs(UserGroupInformation.java:1899) [hadoop-common-3.3.6.jar:?]
	at org.apache.hadoop.ipc.Server$Handler.run(Server.java:3048) [hadoop-common-3.3.6.jar:?]
2023-10-04 17:32:30,262 [Time-limited test] INFO  om.TrashPolicyOzone (TrashPolicyOzone.java:moveToTrash(213)) - Moved: '/testKey2' to trash at: o3fs://bucket57585.volume98659/.Trash/runner/Current/testKey2
17:32:31.578 [IPC Server handler 3 on default port 15110] ERROR OMAudit - user=runner | ip=127.0.0.1 | op=GET_FILE_STATUS {volume=volume98659, bucket=bucket57585, key=.Trash/runner/Current/testKey2, dataSize=0, replicationConfig=null} | ret=FAILURE
org.apache.hadoop.ozone.om.exceptions.OMException: Unable to get file status: volume: volume98659 bucket: bucket57585 key: .Trash/runner/Current/testKey2
	at org.apache.hadoop.ozone.om.KeyManagerImpl.getOzoneFileStatus(KeyManagerImpl.java:1227) ~[ozone-manager-1.4.0-SNAPSHOT.jar:?]
	at org.apache.hadoop.ozone.om.KeyManagerImpl.getFileStatus(KeyManagerImpl.java:1145) ~[ozone-manager-1.4.0-SNAPSHOT.jar:?]
	at org.apache.hadoop.ozone.om.OmMetadataReader.getFileStatus(OmMetadataReader.java:266) ~[ozone-manager-1.4.0-SNAPSHOT.jar:?]
	at org.apache.hadoop.ozone.om.OzoneManager.getFileStatus(OzoneManager.java:3585) ~[ozone-manager-1.4.0-SNAPSHOT.jar:?]
	at org.apache.hadoop.ozone.protocolPB.OzoneManagerRequestHandler.getOzoneFileStatus(OzoneManagerRequestHandler.java:998) ~[ozone-manager-1.4.0-SNAPSHOT.jar:?]
	at org.apache.hadoop.ozone.protocolPB.OzoneManagerRequestHandler.handleReadRequest(OzoneManagerRequestHandler.java:259) ~[ozone-manager-1.4.0-SNAPSHOT.jar:?]
	at org.apache.hadoop.ozone.protocolPB.OzoneManagerProtocolServerSideTranslatorPB.submitReadRequestToOM(OzoneManagerProtocolServerSideTranslatorPB.java:225) ~[ozone-manager-1.4.0-SNAPSHOT.jar:?]
	at org.apache.hadoop.ozone.protocolPB.OzoneManagerProtocolServerSideTranslatorPB.processRequest(OzoneManagerProtocolServerSideTranslatorPB.java:179) ~[ozone-manager-1.4.0-SNAPSHOT.jar:?]
	at org.apache.hadoop.hdds.server.OzoneProtocolMessageDispatcher.processRequest(OzoneProtocolMessageDispatcher.java:87) [hdds-server-framework-1.4.0-SNAPSHOT.jar:?]
	at org.apache.hadoop.ozone.protocolPB.OzoneManagerProtocolServerSideTranslatorPB.submitRequest(OzoneManagerProtocolServerSideTranslatorPB.java:148) [ozone-manager-1.4.0-SNAPSHOT.jar:?]
	at org.apache.hadoop.ozone.protocol.proto.OzoneManagerProtocolProtos$OzoneManagerService$2.callBlockingMethod(OzoneManagerProtocolProtos.java) [ozone-interface-client-1.4.0-SNAPSHOT.jar:?]
	at org.apache.hadoop.ipc.ProtobufRpcEngine$Server.processCall(ProtobufRpcEngine.java:484) [hadoop-common-3.3.6.jar:?]
	at org.apache.hadoop.ipc.ProtobufRpcEngine2$Server$ProtoBufRpcInvoker.call(ProtobufRpcEngine2.java:595) [hadoop-common-3.3.6.jar:?]
	at org.apache.hadoop.ipc.ProtobufRpcEngine2$Server$ProtoBufRpcInvoker.call(ProtobufRpcEngine2.java:573) [hadoop-common-3.3.6.jar:?]
	at org.apache.hadoop.ipc.RPC$Server.call(RPC.java:1227) [hadoop-common-3.3.6.jar:?]
	at org.apache.hadoop.ipc.Server$RpcCall.run(Server.java:1094) [hadoop-common-3.3.6.jar:?]
	at org.apache.hadoop.ipc.Server$RpcCall.run(Server.java:1017) [hadoop-common-3.3.6.jar:?]
	at java.security.AccessController.doPrivileged(Native Method) ~[?:1.8.0_382]
	at javax.security.auth.Subject.doAs(Subject.java:422) [?:1.8.0_382]
	at org.apache.hadoop.security.UserGroupInformation.doAs(UserGroupInformation.java:1899) [hadoop-common-3.3.6.jar:?]
	at org.apache.hadoop.ipc.Server$Handler.run(Server.java:3048) [hadoop-common-3.3.6.jar:?]
]]></system-out>
  </testcase>
  <testcase name="testTrash" classname="TestOzoneFileSystem" time="3.846">
    <system-out><![CDATA[17:33:48.712 [IPC Server handler 5 on default port 15163] ERROR OMAudit - user=runner | ip=127.0.0.1 | op=GET_FILE_STATUS {volume=volume37245, bucket=bucket80016, key=.Trash/runner, dataSize=0, replicationConfig=null} | ret=FAILURE
org.apache.hadoop.ozone.om.exceptions.OMException: Unable to get file status: volume: volume37245 bucket: bucket80016 key: .Trash/runner
	at org.apache.hadoop.ozone.om.KeyManagerImpl.getOzoneFileStatus(KeyManagerImpl.java:1227) ~[ozone-manager-1.4.0-SNAPSHOT.jar:?]
	at org.apache.hadoop.ozone.om.KeyManagerImpl.getFileStatus(KeyManagerImpl.java:1145) ~[ozone-manager-1.4.0-SNAPSHOT.jar:?]
	at org.apache.hadoop.ozone.om.OmMetadataReader.getFileStatus(OmMetadataReader.java:266) ~[ozone-manager-1.4.0-SNAPSHOT.jar:?]
	at org.apache.hadoop.ozone.om.OzoneManager.getFileStatus(OzoneManager.java:3585) ~[ozone-manager-1.4.0-SNAPSHOT.jar:?]
	at org.apache.hadoop.ozone.protocolPB.OzoneManagerRequestHandler.getOzoneFileStatus(OzoneManagerRequestHandler.java:998) ~[ozone-manager-1.4.0-SNAPSHOT.jar:?]
	at org.apache.hadoop.ozone.protocolPB.OzoneManagerRequestHandler.handleReadRequest(OzoneManagerRequestHandler.java:259) ~[ozone-manager-1.4.0-SNAPSHOT.jar:?]
	at org.apache.hadoop.ozone.protocolPB.OzoneManagerProtocolServerSideTranslatorPB.submitRequestDirectlyToOM(OzoneManagerProtocolServerSideTranslatorPB.java:274) ~[ozone-manager-1.4.0-SNAPSHOT.jar:?]
	at org.apache.hadoop.ozone.protocolPB.OzoneManagerProtocolServerSideTranslatorPB.processRequest(OzoneManagerProtocolServerSideTranslatorPB.java:175) ~[ozone-manager-1.4.0-SNAPSHOT.jar:?]
	at org.apache.hadoop.hdds.server.OzoneProtocolMessageDispatcher.processRequest(OzoneProtocolMessageDispatcher.java:87) [hdds-server-framework-1.4.0-SNAPSHOT.jar:?]
	at org.apache.hadoop.ozone.protocolPB.OzoneManagerProtocolServerSideTranslatorPB.submitRequest(OzoneManagerProtocolServerSideTranslatorPB.java:148) [ozone-manager-1.4.0-SNAPSHOT.jar:?]
	at org.apache.hadoop.ozone.protocol.proto.OzoneManagerProtocolProtos$OzoneManagerService$2.callBlockingMethod(OzoneManagerProtocolProtos.java) [ozone-interface-client-1.4.0-SNAPSHOT.jar:?]
	at org.apache.hadoop.ipc.ProtobufRpcEngine$Server.processCall(ProtobufRpcEngine.java:484) [hadoop-common-3.3.6.jar:?]
	at org.apache.hadoop.ipc.ProtobufRpcEngine2$Server$ProtoBufRpcInvoker.call(ProtobufRpcEngine2.java:595) [hadoop-common-3.3.6.jar:?]
	at org.apache.hadoop.ipc.ProtobufRpcEngine2$Server$ProtoBufRpcInvoker.call(ProtobufRpcEngine2.java:573) [hadoop-common-3.3.6.jar:?]
	at org.apache.hadoop.ipc.RPC$Server.call(RPC.java:1227) [hadoop-common-3.3.6.jar:?]
	at org.apache.hadoop.ipc.Server$RpcCall.run(Server.java:1094) [hadoop-common-3.3.6.jar:?]
	at org.apache.hadoop.ipc.Server$RpcCall.run(Server.java:1017) [hadoop-common-3.3.6.jar:?]
	at java.security.AccessController.doPrivileged(Native Method) ~[?:1.8.0_382]
	at javax.security.auth.Subject.doAs(Subject.java:422) [?:1.8.0_382]
	at org.apache.hadoop.security.UserGroupInformation.doAs(UserGroupInformation.java:1899) [hadoop-common-3.3.6.jar:?]
	at org.apache.hadoop.ipc.Server$Handler.run(Server.java:3048) [hadoop-common-3.3.6.jar:?]
17:33:48.715 [IPC Server handler 12 on default port 15163] ERROR OMAudit - user=runner | ip=127.0.0.1 | op=GET_FILE_STATUS {volume=volume37245, bucket=bucket80016, key=.Trash/runner/Current/testKey2, dataSize=0, replicationConfig=null} | ret=FAILURE
org.apache.hadoop.ozone.om.exceptions.OMException: Unable to get file status: volume: volume37245 bucket: bucket80016 key: .Trash/runner/Current/testKey2
	at org.apache.hadoop.ozone.om.KeyManagerImpl.getOzoneFileStatus(KeyManagerImpl.java:1227) ~[ozone-manager-1.4.0-SNAPSHOT.jar:?]
	at org.apache.hadoop.ozone.om.KeyManagerImpl.getFileStatus(KeyManagerImpl.java:1145) ~[ozone-manager-1.4.0-SNAPSHOT.jar:?]
	at org.apache.hadoop.ozone.om.OmMetadataReader.getFileStatus(OmMetadataReader.java:266) ~[ozone-manager-1.4.0-SNAPSHOT.jar:?]
	at org.apache.hadoop.ozone.om.OzoneManager.getFileStatus(OzoneManager.java:3585) ~[ozone-manager-1.4.0-SNAPSHOT.jar:?]
	at org.apache.hadoop.ozone.protocolPB.OzoneManagerRequestHandler.getOzoneFileStatus(OzoneManagerRequestHandler.java:998) ~[ozone-manager-1.4.0-SNAPSHOT.jar:?]
	at org.apache.hadoop.ozone.protocolPB.OzoneManagerRequestHandler.handleReadRequest(OzoneManagerRequestHandler.java:259) ~[ozone-manager-1.4.0-SNAPSHOT.jar:?]
	at org.apache.hadoop.ozone.protocolPB.OzoneManagerProtocolServerSideTranslatorPB.submitRequestDirectlyToOM(OzoneManagerProtocolServerSideTranslatorPB.java:274) ~[ozone-manager-1.4.0-SNAPSHOT.jar:?]
	at org.apache.hadoop.ozone.protocolPB.OzoneManagerProtocolServerSideTranslatorPB.processRequest(OzoneManagerProtocolServerSideTranslatorPB.java:175) ~[ozone-manager-1.4.0-SNAPSHOT.jar:?]
	at org.apache.hadoop.hdds.server.OzoneProtocolMessageDispatcher.processRequest(OzoneProtocolMessageDispatcher.java:87) [hdds-server-framework-1.4.0-SNAPSHOT.jar:?]
	at org.apache.hadoop.ozone.protocolPB.OzoneManagerProtocolServerSideTranslatorPB.submitRequest(OzoneManagerProtocolServerSideTranslatorPB.java:148) [ozone-manager-1.4.0-SNAPSHOT.jar:?]
	at org.apache.hadoop.ozone.protocol.proto.OzoneManagerProtocolProtos$OzoneManagerService$2.callBlockingMethod(OzoneManagerProtocolProtos.java) [ozone-interface-client-1.4.0-SNAPSHOT.jar:?]
	at org.apache.hadoop.ipc.ProtobufRpcEngine$Server.processCall(ProtobufRpcEngine.java:484) [hadoop-common-3.3.6.jar:?]
	at org.apache.hadoop.ipc.ProtobufRpcEngine2$Server$ProtoBufRpcInvoker.call(ProtobufRpcEngine2.java:595) [hadoop-common-3.3.6.jar:?]
	at org.apache.hadoop.ipc.ProtobufRpcEngine2$Server$ProtoBufRpcInvoker.call(ProtobufRpcEngine2.java:573) [hadoop-common-3.3.6.jar:?]
	at org.apache.hadoop.ipc.RPC$Server.call(RPC.java:1227) [hadoop-common-3.3.6.jar:?]
	at org.apache.hadoop.ipc.Server$RpcCall.run(Server.java:1094) [hadoop-common-3.3.6.jar:?]
	at org.apache.hadoop.ipc.Server$RpcCall.run(Server.java:1017) [hadoop-common-3.3.6.jar:?]
	at java.security.AccessController.doPrivileged(Native Method) ~[?:1.8.0_382]
	at javax.security.auth.Subject.doAs(Subject.java:422) [?:1.8.0_382]
	at org.apache.hadoop.security.UserGroupInformation.doAs(UserGroupInformation.java:1899) [hadoop-common-3.3.6.jar:?]
	at org.apache.hadoop.ipc.Server$Handler.run(Server.java:3048) [hadoop-common-3.3.6.jar:?]
17:33:48.717 [IPC Server handler 9 on default port 15163] ERROR OMAudit - user=runner | ip=127.0.0.1 | op=GET_FILE_STATUS {volume=volume37245, bucket=bucket80016, key=.Trash/runner/Current/testKey2, dataSize=0, replicationConfig=null} | ret=FAILURE
org.apache.hadoop.ozone.om.exceptions.OMException: Unable to get file status: volume: volume37245 bucket: bucket80016 key: .Trash/runner/Current/testKey2
	at org.apache.hadoop.ozone.om.KeyManagerImpl.getOzoneFileStatus(KeyManagerImpl.java:1227) ~[ozone-manager-1.4.0-SNAPSHOT.jar:?]
	at org.apache.hadoop.ozone.om.KeyManagerImpl.getFileStatus(KeyManagerImpl.java:1145) ~[ozone-manager-1.4.0-SNAPSHOT.jar:?]
	at org.apache.hadoop.ozone.om.OmMetadataReader.getFileStatus(OmMetadataReader.java:266) ~[ozone-manager-1.4.0-SNAPSHOT.jar:?]
	at org.apache.hadoop.ozone.om.OzoneManager.getFileStatus(OzoneManager.java:3585) ~[ozone-manager-1.4.0-SNAPSHOT.jar:?]
	at org.apache.hadoop.ozone.protocolPB.OzoneManagerRequestHandler.getOzoneFileStatus(OzoneManagerRequestHandler.java:998) ~[ozone-manager-1.4.0-SNAPSHOT.jar:?]
	at org.apache.hadoop.ozone.protocolPB.OzoneManagerRequestHandler.handleReadRequest(OzoneManagerRequestHandler.java:259) ~[ozone-manager-1.4.0-SNAPSHOT.jar:?]
	at org.apache.hadoop.ozone.protocolPB.OzoneManagerProtocolServerSideTranslatorPB.submitRequestDirectlyToOM(OzoneManagerProtocolServerSideTranslatorPB.java:274) ~[ozone-manager-1.4.0-SNAPSHOT.jar:?]
	at org.apache.hadoop.ozone.protocolPB.OzoneManagerProtocolServerSideTranslatorPB.processRequest(OzoneManagerProtocolServerSideTranslatorPB.java:175) ~[ozone-manager-1.4.0-SNAPSHOT.jar:?]
	at org.apache.hadoop.hdds.server.OzoneProtocolMessageDispatcher.processRequest(OzoneProtocolMessageDispatcher.java:87) [hdds-server-framework-1.4.0-SNAPSHOT.jar:?]
	at org.apache.hadoop.ozone.protocolPB.OzoneManagerProtocolServerSideTranslatorPB.submitRequest(OzoneManagerProtocolServerSideTranslatorPB.java:148) [ozone-manager-1.4.0-SNAPSHOT.jar:?]
	at org.apache.hadoop.ozone.protocol.proto.OzoneManagerProtocolProtos$OzoneManagerService$2.callBlockingMethod(OzoneManagerProtocolProtos.java) [ozone-interface-client-1.4.0-SNAPSHOT.jar:?]
	at org.apache.hadoop.ipc.ProtobufRpcEngine$Server.processCall(ProtobufRpcEngine.java:484) [hadoop-common-3.3.6.jar:?]
	at org.apache.hadoop.ipc.ProtobufRpcEngine2$Server$ProtoBufRpcInvoker.call(ProtobufRpcEngine2.java:595) [hadoop-common-3.3.6.jar:?]
	at org.apache.hadoop.ipc.ProtobufRpcEngine2$Server$ProtoBufRpcInvoker.call(ProtobufRpcEngine2.java:573) [hadoop-common-3.3.6.jar:?]
	at org.apache.hadoop.ipc.RPC$Server.call(RPC.java:1227) [hadoop-common-3.3.6.jar:?]
	at org.apache.hadoop.ipc.Server$RpcCall.run(Server.java:1094) [hadoop-common-3.3.6.jar:?]
	at org.apache.hadoop.ipc.Server$RpcCall.run(Server.java:1017) [hadoop-common-3.3.6.jar:?]
	at java.security.AccessController.doPrivileged(Native Method) ~[?:1.8.0_382]
	at javax.security.auth.Subject.doAs(Subject.java:422) [?:1.8.0_382]
	at org.apache.hadoop.security.UserGroupInformation.doAs(UserGroupInformation.java:1899) [hadoop-common-3.3.6.jar:?]
	at org.apache.hadoop.ipc.Server$Handler.run(Server.java:3048) [hadoop-common-3.3.6.jar:?]
2023-10-04 17:33:48,720 [Time-limited test] INFO  om.TrashPolicyOzone (TrashPolicyOzone.java:moveToTrash(213)) - Moved: '/testKey2' to trash at: o3fs://bucket80016.volume37245/.Trash/runner/Current/testKey2
2023-10-04 17:33:48,920 [6d342b63-cf76-47c8-a233-ca7e4e688a75@group-42E175CF29D6-FollowerState] INFO  impl.FollowerState (FollowerState.java:run(143)) - 6d342b63-cf76-47c8-a233-ca7e4e688a75@group-42E175CF29D6-FollowerState: change to CANDIDATE, lastRpcElapsedTime:5135258842ns, electionTimeout:5134ms
2023-10-04 17:33:48,920 [6d342b63-cf76-47c8-a233-ca7e4e688a75@group-42E175CF29D6-FollowerState] INFO  impl.RoleInfo (RoleInfo.java:shutdownFollowerState(110)) - 6d342b63-cf76-47c8-a233-ca7e4e688a75: shutdown 6d342b63-cf76-47c8-a233-ca7e4e688a75@group-42E175CF29D6-FollowerState
2023-10-04 17:33:48,920 [6d342b63-cf76-47c8-a233-ca7e4e688a75@group-42E175CF29D6-FollowerState] INFO  server.RaftServer$Division (RaftServerImpl.java:setRole(329)) - 6d342b63-cf76-47c8-a233-ca7e4e688a75@group-42E175CF29D6: changes role from  FOLLOWER to CANDIDATE at term 0 for changeToCandidate
2023-10-04 17:33:48,920 [6d342b63-cf76-47c8-a233-ca7e4e688a75@group-42E175CF29D6-FollowerState] INFO  server.RaftServerConfigKeys (ConfUtils.java:logGet(46)) - raft.server.leaderelection.pre-vote = true (default)
2023-10-04 17:33:48,920 [6d342b63-cf76-47c8-a233-ca7e4e688a75@group-42E175CF29D6-FollowerState] INFO  impl.RoleInfo (RoleInfo.java:updateAndGet(139)) - 6d342b63-cf76-47c8-a233-ca7e4e688a75: start 6d342b63-cf76-47c8-a233-ca7e4e688a75@group-42E175CF29D6-LeaderElection40
2023-10-04 17:33:48,929 [6d342b63-cf76-47c8-a233-ca7e4e688a75@group-42E175CF29D6-LeaderElection40] INFO  impl.LeaderElection (LeaderElection.java:askForVotes(321)) - 6d342b63-cf76-47c8-a233-ca7e4e688a75@group-42E175CF29D6-LeaderElection40 PRE_VOTE round 0: submit vote requests at term 0 for -1: peers:[6d342b63-cf76-47c8-a233-ca7e4e688a75|rpc:10.1.0.20:15209|admin:10.1.0.20:15208|client:10.1.0.20:15207|dataStream:10.1.0.20:15210|priority:1|startupRole:FOLLOWER]|listeners:[], old=null
2023-10-04 17:33:48,929 [6d342b63-cf76-47c8-a233-ca7e4e688a75@group-42E175CF29D6-LeaderElection40] INFO  impl.LeaderElection (LeaderElection.java:askForVotes(323)) - 6d342b63-cf76-47c8-a233-ca7e4e688a75@group-42E175CF29D6-LeaderElection40 PRE_VOTE round 0: result PASSED (term=0)
2023-10-04 17:33:48,931 [6d342b63-cf76-47c8-a233-ca7e4e688a75@group-42E175CF29D6-LeaderElection40] INFO  impl.LeaderElection (LeaderElection.java:askForVotes(321)) - 6d342b63-cf76-47c8-a233-ca7e4e688a75@group-42E175CF29D6-LeaderElection40 ELECTION round 0: submit vote requests at term 1 for -1: peers:[6d342b63-cf76-47c8-a233-ca7e4e688a75|rpc:10.1.0.20:15209|admin:10.1.0.20:15208|client:10.1.0.20:15207|dataStream:10.1.0.20:15210|priority:1|startupRole:FOLLOWER]|listeners:[], old=null
2023-10-04 17:33:48,931 [6d342b63-cf76-47c8-a233-ca7e4e688a75@group-42E175CF29D6-LeaderElection40] INFO  impl.LeaderElection (LeaderElection.java:askForVotes(323)) - 6d342b63-cf76-47c8-a233-ca7e4e688a75@group-42E175CF29D6-LeaderElection40 ELECTION round 0: result PASSED (term=1)
2023-10-04 17:33:48,931 [6d342b63-cf76-47c8-a233-ca7e4e688a75@group-42E175CF29D6-LeaderElection40] INFO  impl.RoleInfo (RoleInfo.java:shutdownLeaderElection(130)) - 6d342b63-cf76-47c8-a233-ca7e4e688a75: shutdown 6d342b63-cf76-47c8-a233-ca7e4e688a75@group-42E175CF29D6-LeaderElection40
2023-10-04 17:33:48,931 [6d342b63-cf76-47c8-a233-ca7e4e688a75@group-42E175CF29D6-LeaderElection40] INFO  server.RaftServer$Division (RaftServerImpl.java:setRole(329)) - 6d342b63-cf76-47c8-a233-ca7e4e688a75@group-42E175CF29D6: changes role from CANDIDATE to LEADER at term 1 for changeToLeader
2023-10-04 17:33:48,931 [6d342b63-cf76-47c8-a233-ca7e4e688a75@group-42E175CF29D6-LeaderElection40] INFO  ratis.XceiverServerRatis (XceiverServerRatis.java:handleLeaderChangedNotification(902)) - Leader change notification received for group: group-42E175CF29D6 with new leaderId: 6d342b63-cf76-47c8-a233-ca7e4e688a75
2023-10-04 17:33:48,931 [6d342b63-cf76-47c8-a233-ca7e4e688a75@group-42E175CF29D6-LeaderElection40] INFO  server.RaftServer$Division (ServerState.java:setLeader(317)) - 6d342b63-cf76-47c8-a233-ca7e4e688a75@group-42E175CF29D6: change Leader from null to 6d342b63-cf76-47c8-a233-ca7e4e688a75 at term 1 for becomeLeader, leader elected after 5172ms
2023-10-04 17:33:48,931 [6d342b63-cf76-47c8-a233-ca7e4e688a75@group-42E175CF29D6-LeaderElection40] INFO  server.RaftServerConfigKeys (ConfUtils.java:logGet(46)) - raft.server.staging.catchup.gap = 1000 (default)
2023-10-04 17:33:48,931 [6d342b63-cf76-47c8-a233-ca7e4e688a75@group-42E175CF29D6-LeaderElection40] INFO  server.RaftServerConfigKeys (ConfUtils.java:logGet(46)) - raft.server.write.element-limit = 1024 (custom)
2023-10-04 17:33:48,931 [6d342b63-cf76-47c8-a233-ca7e4e688a75@group-42E175CF29D6-LeaderElection40] INFO  server.RaftServerConfigKeys (ConfUtils.java:logGet(46)) - raft.server.write.byte-limit = 1024 M (=1073741824) (custom)
2023-10-04 17:33:48,932 [6d342b63-cf76-47c8-a233-ca7e4e688a75@group-42E175CF29D6-LeaderElection40] INFO  server.RaftServerConfigKeys (ConfUtils.java:logGet(46)) - raft.server.watch.timeout = 180s (custom)
2023-10-04 17:33:48,932 [6d342b63-cf76-47c8-a233-ca7e4e688a75@group-42E175CF29D6-LeaderElection40] INFO  server.RaftServerConfigKeys (ConfUtils.java:logGet(46)) - raft.server.watch.timeout.denomination = 1s (default)
2023-10-04 17:33:48,932 [6d342b63-cf76-47c8-a233-ca7e4e688a75@group-42E175CF29D6-LeaderElection40] INFO  server.RaftServerConfigKeys (ConfUtils.java:logGet(46)) - raft.server.watch.element-limit = 65536 (default)
2023-10-04 17:33:48,932 [6d342b63-cf76-47c8-a233-ca7e4e688a75@group-42E175CF29D6-LeaderElection40] INFO  server.RaftServerConfigKeys (ConfUtils.java:logGet(46)) - raft.server.write.element-limit = 1024 (custom)
2023-10-04 17:33:48,932 [6d342b63-cf76-47c8-a233-ca7e4e688a75@group-42E175CF29D6-LeaderElection40] INFO  server.RaftServerConfigKeys (ConfUtils.java:logGet(46)) - raft.server.write.follower.gap.ratio.max = -1.0 (default)
2023-10-04 17:33:48,932 [6d342b63-cf76-47c8-a233-ca7e4e688a75@group-42E175CF29D6-LeaderElection40] INFO  impl.RoleInfo (RoleInfo.java:updateAndGet(139)) - 6d342b63-cf76-47c8-a233-ca7e4e688a75: start 6d342b63-cf76-47c8-a233-ca7e4e688a75@group-42E175CF29D6-LeaderStateImpl
2023-10-04 17:33:48,932 [6d342b63-cf76-47c8-a233-ca7e4e688a75@group-42E175CF29D6-LeaderElection40] INFO  segmented.SegmentedRaftLogWorker (SegmentedRaftLogWorker.java:startLogSegment(447)) - 6d342b63-cf76-47c8-a233-ca7e4e688a75@group-42E175CF29D6-SegmentedRaftLogWorker: Starting segment from index:0
2023-10-04 17:33:48,933 [6d342b63-cf76-47c8-a233-ca7e4e688a75@group-42E175CF29D6-LeaderElection40] INFO  server.RaftServer$Division (ServerState.java:setRaftConf(434)) - 6d342b63-cf76-47c8-a233-ca7e4e688a75@group-42E175CF29D6: set configuration 0: peers:[6d342b63-cf76-47c8-a233-ca7e4e688a75|rpc:10.1.0.20:15209|admin:10.1.0.20:15208|client:10.1.0.20:15207|dataStream:10.1.0.20:15210|priority:1|startupRole:FOLLOWER]|listeners:[], old=null
2023-10-04 17:33:48,934 [6d342b63-cf76-47c8-a233-ca7e4e688a75@group-42E175CF29D6-SegmentedRaftLogWorker] INFO  segmented.SegmentedRaftLogWorker (SegmentedRaftLogWorker.java:execute(651)) - 6d342b63-cf76-47c8-a233-ca7e4e688a75@group-42E175CF29D6-SegmentedRaftLogWorker: created new log segment /home/runner/work/ozone/ozone/hadoop-ozone/integration-test/target/test-dir/MiniOzoneClusterImpl-e9305288-83d2-469c-8969-78e040065d82/datanode-4/data/ratis/86c60a6e-ffa7-4475-bd88-42e175cf29d6/current/log_inprogress_0
17:33:49.538 [IPC Server handler 5 on default port 15163] ERROR OMAudit - user=runner | ip=127.0.0.1 | op=GET_FILE_STATUS {volume=volume37245, bucket=bucket80016, key=.Trash/runner/Current/testKey2, dataSize=0, replicationConfig=null} | ret=FAILURE
org.apache.hadoop.ozone.om.exceptions.OMException: Unable to get file status: volume: volume37245 bucket: bucket80016 key: .Trash/runner/Current/testKey2
	at org.apache.hadoop.ozone.om.KeyManagerImpl.getOzoneFileStatus(KeyManagerImpl.java:1227) ~[ozone-manager-1.4.0-SNAPSHOT.jar:?]
	at org.apache.hadoop.ozone.om.KeyManagerImpl.getFileStatus(KeyManagerImpl.java:1145) ~[ozone-manager-1.4.0-SNAPSHOT.jar:?]
	at org.apache.hadoop.ozone.om.OmMetadataReader.getFileStatus(OmMetadataReader.java:266) ~[ozone-manager-1.4.0-SNAPSHOT.jar:?]
	at org.apache.hadoop.ozone.om.OzoneManager.getFileStatus(OzoneManager.java:3585) ~[ozone-manager-1.4.0-SNAPSHOT.jar:?]
	at org.apache.hadoop.ozone.protocolPB.OzoneManagerRequestHandler.getOzoneFileStatus(OzoneManagerRequestHandler.java:998) ~[ozone-manager-1.4.0-SNAPSHOT.jar:?]
	at org.apache.hadoop.ozone.protocolPB.OzoneManagerRequestHandler.handleReadRequest(OzoneManagerRequestHandler.java:259) ~[ozone-manager-1.4.0-SNAPSHOT.jar:?]
	at org.apache.hadoop.ozone.protocolPB.OzoneManagerProtocolServerSideTranslatorPB.submitRequestDirectlyToOM(OzoneManagerProtocolServerSideTranslatorPB.java:274) ~[ozone-manager-1.4.0-SNAPSHOT.jar:?]
	at org.apache.hadoop.ozone.protocolPB.OzoneManagerProtocolServerSideTranslatorPB.processRequest(OzoneManagerProtocolServerSideTranslatorPB.java:175) ~[ozone-manager-1.4.0-SNAPSHOT.jar:?]
	at org.apache.hadoop.hdds.server.OzoneProtocolMessageDispatcher.processRequest(OzoneProtocolMessageDispatcher.java:87) [hdds-server-framework-1.4.0-SNAPSHOT.jar:?]
	at org.apache.hadoop.ozone.protocolPB.OzoneManagerProtocolServerSideTranslatorPB.submitRequest(OzoneManagerProtocolServerSideTranslatorPB.java:148) [ozone-manager-1.4.0-SNAPSHOT.jar:?]
	at org.apache.hadoop.ozone.protocol.proto.OzoneManagerProtocolProtos$OzoneManagerService$2.callBlockingMethod(OzoneManagerProtocolProtos.java) [ozone-interface-client-1.4.0-SNAPSHOT.jar:?]
	at org.apache.hadoop.ipc.ProtobufRpcEngine$Server.processCall(ProtobufRpcEngine.java:484) [hadoop-common-3.3.6.jar:?]
	at org.apache.hadoop.ipc.ProtobufRpcEngine2$Server$ProtoBufRpcInvoker.call(ProtobufRpcEngine2.java:595) [hadoop-common-3.3.6.jar:?]
	at org.apache.hadoop.ipc.ProtobufRpcEngine2$Server$ProtoBufRpcInvoker.call(ProtobufRpcEngine2.java:573) [hadoop-common-3.3.6.jar:?]
	at org.apache.hadoop.ipc.RPC$Server.call(RPC.java:1227) [hadoop-common-3.3.6.jar:?]
	at org.apache.hadoop.ipc.Server$RpcCall.run(Server.java:1094) [hadoop-common-3.3.6.jar:?]
	at org.apache.hadoop.ipc.Server$RpcCall.run(Server.java:1017) [hadoop-common-3.3.6.jar:?]
	at java.security.AccessController.doPrivileged(Native Method) ~[?:1.8.0_382]
	at javax.security.auth.Subject.doAs(Subject.java:422) [?:1.8.0_382]
	at org.apache.hadoop.security.UserGroupInformation.doAs(UserGroupInformation.java:1899) [hadoop-common-3.3.6.jar:?]
	at org.apache.hadoop.ipc.Server$Handler.run(Server.java:3048) [hadoop-common-3.3.6.jar:?]
]]></system-out>
  </testcase>
  <testcase name="testRenameDestinationParentDoesntExist" classname="TestOzoneFileSystem" time="0.057">
    <system-out><![CDATA[17:29:52.584 [IPC Server handler 15 on default port 15004] ERROR OMAudit - user=runner | ip=127.0.0.1 | op=GET_FILE_STATUS {volume=volume27687, bucket=bucket94524, key=root_dir/b/c, dataSize=0, replicationConfig=null} | ret=FAILURE
org.apache.hadoop.ozone.om.exceptions.OMException: Unable to get file status: volume: volume27687 bucket: bucket94524 key: root_dir/b/c
	at org.apache.hadoop.ozone.om.KeyManagerImpl.getOzoneFileStatus(KeyManagerImpl.java:1227) ~[ozone-manager-1.4.0-SNAPSHOT.jar:?]
	at org.apache.hadoop.ozone.om.KeyManagerImpl.getFileStatus(KeyManagerImpl.java:1145) ~[ozone-manager-1.4.0-SNAPSHOT.jar:?]
	at org.apache.hadoop.ozone.om.OmMetadataReader.getFileStatus(OmMetadataReader.java:266) ~[ozone-manager-1.4.0-SNAPSHOT.jar:?]
	at org.apache.hadoop.ozone.om.OzoneManager.getFileStatus(OzoneManager.java:3585) ~[ozone-manager-1.4.0-SNAPSHOT.jar:?]
	at org.apache.hadoop.ozone.protocolPB.OzoneManagerRequestHandler.getOzoneFileStatus(OzoneManagerRequestHandler.java:998) ~[ozone-manager-1.4.0-SNAPSHOT.jar:?]
	at org.apache.hadoop.ozone.protocolPB.OzoneManagerRequestHandler.handleReadRequest(OzoneManagerRequestHandler.java:259) ~[ozone-manager-1.4.0-SNAPSHOT.jar:?]
	at org.apache.hadoop.ozone.protocolPB.OzoneManagerProtocolServerSideTranslatorPB.submitReadRequestToOM(OzoneManagerProtocolServerSideTranslatorPB.java:225) ~[ozone-manager-1.4.0-SNAPSHOT.jar:?]
	at org.apache.hadoop.ozone.protocolPB.OzoneManagerProtocolServerSideTranslatorPB.processRequest(OzoneManagerProtocolServerSideTranslatorPB.java:179) ~[ozone-manager-1.4.0-SNAPSHOT.jar:?]
	at org.apache.hadoop.hdds.server.OzoneProtocolMessageDispatcher.processRequest(OzoneProtocolMessageDispatcher.java:87) [hdds-server-framework-1.4.0-SNAPSHOT.jar:?]
	at org.apache.hadoop.ozone.protocolPB.OzoneManagerProtocolServerSideTranslatorPB.submitRequest(OzoneManagerProtocolServerSideTranslatorPB.java:148) [ozone-manager-1.4.0-SNAPSHOT.jar:?]
	at org.apache.hadoop.ozone.protocol.proto.OzoneManagerProtocolProtos$OzoneManagerService$2.callBlockingMethod(OzoneManagerProtocolProtos.java) [ozone-interface-client-1.4.0-SNAPSHOT.jar:?]
	at org.apache.hadoop.ipc.ProtobufRpcEngine$Server.processCall(ProtobufRpcEngine.java:484) [hadoop-common-3.3.6.jar:?]
	at org.apache.hadoop.ipc.ProtobufRpcEngine2$Server$ProtoBufRpcInvoker.call(ProtobufRpcEngine2.java:595) [hadoop-common-3.3.6.jar:?]
	at org.apache.hadoop.ipc.ProtobufRpcEngine2$Server$ProtoBufRpcInvoker.call(ProtobufRpcEngine2.java:573) [hadoop-common-3.3.6.jar:?]
	at org.apache.hadoop.ipc.RPC$Server.call(RPC.java:1227) [hadoop-common-3.3.6.jar:?]
	at org.apache.hadoop.ipc.Server$RpcCall.run(Server.java:1094) [hadoop-common-3.3.6.jar:?]
	at org.apache.hadoop.ipc.Server$RpcCall.run(Server.java:1017) [hadoop-common-3.3.6.jar:?]
	at java.security.AccessController.doPrivileged(Native Method) ~[?:1.8.0_382]
	at javax.security.auth.Subject.doAs(Subject.java:422) [?:1.8.0_382]
	at org.apache.hadoop.security.UserGroupInformation.doAs(UserGroupInformation.java:1899) [hadoop-common-3.3.6.jar:?]
	at org.apache.hadoop.ipc.Server$Handler.run(Server.java:3048) [hadoop-common-3.3.6.jar:?]
17:29:52.587 [IPC Server handler 17 on default port 15004] ERROR OMAudit - user=runner | ip=127.0.0.1 | op=GET_FILE_STATUS {volume=volume27687, bucket=bucket94524, key=root_dir/b, dataSize=0, replicationConfig=null} | ret=FAILURE
org.apache.hadoop.ozone.om.exceptions.OMException: Unable to get file status: volume: volume27687 bucket: bucket94524 key: root_dir/b
	at org.apache.hadoop.ozone.om.KeyManagerImpl.getOzoneFileStatus(KeyManagerImpl.java:1227) ~[ozone-manager-1.4.0-SNAPSHOT.jar:?]
	at org.apache.hadoop.ozone.om.KeyManagerImpl.getFileStatus(KeyManagerImpl.java:1145) ~[ozone-manager-1.4.0-SNAPSHOT.jar:?]
	at org.apache.hadoop.ozone.om.OmMetadataReader.getFileStatus(OmMetadataReader.java:266) ~[ozone-manager-1.4.0-SNAPSHOT.jar:?]
	at org.apache.hadoop.ozone.om.OzoneManager.getFileStatus(OzoneManager.java:3585) ~[ozone-manager-1.4.0-SNAPSHOT.jar:?]
	at org.apache.hadoop.ozone.protocolPB.OzoneManagerRequestHandler.getOzoneFileStatus(OzoneManagerRequestHandler.java:998) ~[ozone-manager-1.4.0-SNAPSHOT.jar:?]
	at org.apache.hadoop.ozone.protocolPB.OzoneManagerRequestHandler.handleReadRequest(OzoneManagerRequestHandler.java:259) ~[ozone-manager-1.4.0-SNAPSHOT.jar:?]
	at org.apache.hadoop.ozone.protocolPB.OzoneManagerProtocolServerSideTranslatorPB.submitReadRequestToOM(OzoneManagerProtocolServerSideTranslatorPB.java:225) ~[ozone-manager-1.4.0-SNAPSHOT.jar:?]
	at org.apache.hadoop.ozone.protocolPB.OzoneManagerProtocolServerSideTranslatorPB.processRequest(OzoneManagerProtocolServerSideTranslatorPB.java:179) ~[ozone-manager-1.4.0-SNAPSHOT.jar:?]
	at org.apache.hadoop.hdds.server.OzoneProtocolMessageDispatcher.processRequest(OzoneProtocolMessageDispatcher.java:87) [hdds-server-framework-1.4.0-SNAPSHOT.jar:?]
	at org.apache.hadoop.ozone.protocolPB.OzoneManagerProtocolServerSideTranslatorPB.submitRequest(OzoneManagerProtocolServerSideTranslatorPB.java:148) [ozone-manager-1.4.0-SNAPSHOT.jar:?]
	at org.apache.hadoop.ozone.protocol.proto.OzoneManagerProtocolProtos$OzoneManagerService$2.callBlockingMethod(OzoneManagerProtocolProtos.java) [ozone-interface-client-1.4.0-SNAPSHOT.jar:?]
	at org.apache.hadoop.ipc.ProtobufRpcEngine$Server.processCall(ProtobufRpcEngine.java:484) [hadoop-common-3.3.6.jar:?]
	at org.apache.hadoop.ipc.ProtobufRpcEngine2$Server$ProtoBufRpcInvoker.call(ProtobufRpcEngine2.java:595) [hadoop-common-3.3.6.jar:?]
	at org.apache.hadoop.ipc.ProtobufRpcEngine2$Server$ProtoBufRpcInvoker.call(ProtobufRpcEngine2.java:573) [hadoop-common-3.3.6.jar:?]
	at org.apache.hadoop.ipc.RPC$Server.call(RPC.java:1227) [hadoop-common-3.3.6.jar:?]
	at org.apache.hadoop.ipc.Server$RpcCall.run(Server.java:1094) [hadoop-common-3.3.6.jar:?]
	at org.apache.hadoop.ipc.Server$RpcCall.run(Server.java:1017) [hadoop-common-3.3.6.jar:?]
	at java.security.AccessController.doPrivileged(Native Method) ~[?:1.8.0_382]
	at javax.security.auth.Subject.doAs(Subject.java:422) [?:1.8.0_382]
	at org.apache.hadoop.security.UserGroupInformation.doAs(UserGroupInformation.java:1899) [hadoop-common-3.3.6.jar:?]
	at org.apache.hadoop.ipc.Server$Handler.run(Server.java:3048) [hadoop-common-3.3.6.jar:?]
17:29:52.610 [IPC Server handler 1 on default port 15004] ERROR OMAudit - user=runner | ip=127.0.0.1 | op=GET_FILE_STATUS {volume=volume27687, bucket=bucket94524, key=root_dir/file1/c, dataSize=0, replicationConfig=null} | ret=FAILURE
org.apache.hadoop.ozone.om.exceptions.OMException: Unable to get file status: volume: volume27687 bucket: bucket94524 key: root_dir/file1/c
	at org.apache.hadoop.ozone.om.KeyManagerImpl.getOzoneFileStatus(KeyManagerImpl.java:1227) ~[ozone-manager-1.4.0-SNAPSHOT.jar:?]
	at org.apache.hadoop.ozone.om.KeyManagerImpl.getFileStatus(KeyManagerImpl.java:1145) ~[ozone-manager-1.4.0-SNAPSHOT.jar:?]
	at org.apache.hadoop.ozone.om.OmMetadataReader.getFileStatus(OmMetadataReader.java:266) ~[ozone-manager-1.4.0-SNAPSHOT.jar:?]
	at org.apache.hadoop.ozone.om.OzoneManager.getFileStatus(OzoneManager.java:3585) ~[ozone-manager-1.4.0-SNAPSHOT.jar:?]
	at org.apache.hadoop.ozone.protocolPB.OzoneManagerRequestHandler.getOzoneFileStatus(OzoneManagerRequestHandler.java:998) ~[ozone-manager-1.4.0-SNAPSHOT.jar:?]
	at org.apache.hadoop.ozone.protocolPB.OzoneManagerRequestHandler.handleReadRequest(OzoneManagerRequestHandler.java:259) ~[ozone-manager-1.4.0-SNAPSHOT.jar:?]
	at org.apache.hadoop.ozone.protocolPB.OzoneManagerProtocolServerSideTranslatorPB.submitReadRequestToOM(OzoneManagerProtocolServerSideTranslatorPB.java:225) ~[ozone-manager-1.4.0-SNAPSHOT.jar:?]
	at org.apache.hadoop.ozone.protocolPB.OzoneManagerProtocolServerSideTranslatorPB.processRequest(OzoneManagerProtocolServerSideTranslatorPB.java:179) ~[ozone-manager-1.4.0-SNAPSHOT.jar:?]
	at org.apache.hadoop.hdds.server.OzoneProtocolMessageDispatcher.processRequest(OzoneProtocolMessageDispatcher.java:87) [hdds-server-framework-1.4.0-SNAPSHOT.jar:?]
	at org.apache.hadoop.ozone.protocolPB.OzoneManagerProtocolServerSideTranslatorPB.submitRequest(OzoneManagerProtocolServerSideTranslatorPB.java:148) [ozone-manager-1.4.0-SNAPSHOT.jar:?]
	at org.apache.hadoop.ozone.protocol.proto.OzoneManagerProtocolProtos$OzoneManagerService$2.callBlockingMethod(OzoneManagerProtocolProtos.java) [ozone-interface-client-1.4.0-SNAPSHOT.jar:?]
	at org.apache.hadoop.ipc.ProtobufRpcEngine$Server.processCall(ProtobufRpcEngine.java:484) [hadoop-common-3.3.6.jar:?]
	at org.apache.hadoop.ipc.ProtobufRpcEngine2$Server$ProtoBufRpcInvoker.call(ProtobufRpcEngine2.java:595) [hadoop-common-3.3.6.jar:?]
	at org.apache.hadoop.ipc.ProtobufRpcEngine2$Server$ProtoBufRpcInvoker.call(ProtobufRpcEngine2.java:573) [hadoop-common-3.3.6.jar:?]
	at org.apache.hadoop.ipc.RPC$Server.call(RPC.java:1227) [hadoop-common-3.3.6.jar:?]
	at org.apache.hadoop.ipc.Server$RpcCall.run(Server.java:1094) [hadoop-common-3.3.6.jar:?]
	at org.apache.hadoop.ipc.Server$RpcCall.run(Server.java:1017) [hadoop-common-3.3.6.jar:?]
	at java.security.AccessController.doPrivileged(Native Method) ~[?:1.8.0_382]
	at javax.security.auth.Subject.doAs(Subject.java:422) [?:1.8.0_382]
	at org.apache.hadoop.security.UserGroupInformation.doAs(UserGroupInformation.java:1899) [hadoop-common-3.3.6.jar:?]
	at org.apache.hadoop.ipc.Server$Handler.run(Server.java:3048) [hadoop-common-3.3.6.jar:?]
]]></system-out>
  </testcase>
  <testcase name="testRenameDestinationParentDoesntExist" classname="TestOzoneFileSystem" time="0.023">
    <system-out><![CDATA[17:31:24.065 [IPC Server handler 8 on default port 15057] ERROR OMAudit - user=runner | ip=127.0.0.1 | op=GET_FILE_STATUS {volume=volume39856, bucket=bucket94778, key=root_dir/b/c, dataSize=0, replicationConfig=null} | ret=FAILURE
org.apache.hadoop.ozone.om.exceptions.OMException: Unable to get file status: volume: volume39856 bucket: bucket94778 key: root_dir/b/c
	at org.apache.hadoop.ozone.om.KeyManagerImpl.getOzoneFileStatus(KeyManagerImpl.java:1227) ~[ozone-manager-1.4.0-SNAPSHOT.jar:?]
	at org.apache.hadoop.ozone.om.KeyManagerImpl.getFileStatus(KeyManagerImpl.java:1145) ~[ozone-manager-1.4.0-SNAPSHOT.jar:?]
	at org.apache.hadoop.ozone.om.OmMetadataReader.getFileStatus(OmMetadataReader.java:266) ~[ozone-manager-1.4.0-SNAPSHOT.jar:?]
	at org.apache.hadoop.ozone.om.OzoneManager.getFileStatus(OzoneManager.java:3585) ~[ozone-manager-1.4.0-SNAPSHOT.jar:?]
	at org.apache.hadoop.ozone.protocolPB.OzoneManagerRequestHandler.getOzoneFileStatus(OzoneManagerRequestHandler.java:998) ~[ozone-manager-1.4.0-SNAPSHOT.jar:?]
	at org.apache.hadoop.ozone.protocolPB.OzoneManagerRequestHandler.handleReadRequest(OzoneManagerRequestHandler.java:259) ~[ozone-manager-1.4.0-SNAPSHOT.jar:?]
	at org.apache.hadoop.ozone.protocolPB.OzoneManagerProtocolServerSideTranslatorPB.submitRequestDirectlyToOM(OzoneManagerProtocolServerSideTranslatorPB.java:274) ~[ozone-manager-1.4.0-SNAPSHOT.jar:?]
	at org.apache.hadoop.ozone.protocolPB.OzoneManagerProtocolServerSideTranslatorPB.processRequest(OzoneManagerProtocolServerSideTranslatorPB.java:175) ~[ozone-manager-1.4.0-SNAPSHOT.jar:?]
	at org.apache.hadoop.hdds.server.OzoneProtocolMessageDispatcher.processRequest(OzoneProtocolMessageDispatcher.java:87) [hdds-server-framework-1.4.0-SNAPSHOT.jar:?]
	at org.apache.hadoop.ozone.protocolPB.OzoneManagerProtocolServerSideTranslatorPB.submitRequest(OzoneManagerProtocolServerSideTranslatorPB.java:148) [ozone-manager-1.4.0-SNAPSHOT.jar:?]
	at org.apache.hadoop.ozone.protocol.proto.OzoneManagerProtocolProtos$OzoneManagerService$2.callBlockingMethod(OzoneManagerProtocolProtos.java) [ozone-interface-client-1.4.0-SNAPSHOT.jar:?]
	at org.apache.hadoop.ipc.ProtobufRpcEngine$Server.processCall(ProtobufRpcEngine.java:484) [hadoop-common-3.3.6.jar:?]
	at org.apache.hadoop.ipc.ProtobufRpcEngine2$Server$ProtoBufRpcInvoker.call(ProtobufRpcEngine2.java:595) [hadoop-common-3.3.6.jar:?]
	at org.apache.hadoop.ipc.ProtobufRpcEngine2$Server$ProtoBufRpcInvoker.call(ProtobufRpcEngine2.java:573) [hadoop-common-3.3.6.jar:?]
	at org.apache.hadoop.ipc.RPC$Server.call(RPC.java:1227) [hadoop-common-3.3.6.jar:?]
	at org.apache.hadoop.ipc.Server$RpcCall.run(Server.java:1094) [hadoop-common-3.3.6.jar:?]
	at org.apache.hadoop.ipc.Server$RpcCall.run(Server.java:1017) [hadoop-common-3.3.6.jar:?]
	at java.security.AccessController.doPrivileged(Native Method) ~[?:1.8.0_382]
	at javax.security.auth.Subject.doAs(Subject.java:422) [?:1.8.0_382]
	at org.apache.hadoop.security.UserGroupInformation.doAs(UserGroupInformation.java:1899) [hadoop-common-3.3.6.jar:?]
	at org.apache.hadoop.ipc.Server$Handler.run(Server.java:3048) [hadoop-common-3.3.6.jar:?]
17:31:24.066 [IPC Server handler 10 on default port 15057] ERROR OMAudit - user=runner | ip=127.0.0.1 | op=GET_FILE_STATUS {volume=volume39856, bucket=bucket94778, key=root_dir/b, dataSize=0, replicationConfig=null} | ret=FAILURE
org.apache.hadoop.ozone.om.exceptions.OMException: Unable to get file status: volume: volume39856 bucket: bucket94778 key: root_dir/b
	at org.apache.hadoop.ozone.om.KeyManagerImpl.getOzoneFileStatus(KeyManagerImpl.java:1227) ~[ozone-manager-1.4.0-SNAPSHOT.jar:?]
	at org.apache.hadoop.ozone.om.KeyManagerImpl.getFileStatus(KeyManagerImpl.java:1145) ~[ozone-manager-1.4.0-SNAPSHOT.jar:?]
	at org.apache.hadoop.ozone.om.OmMetadataReader.getFileStatus(OmMetadataReader.java:266) ~[ozone-manager-1.4.0-SNAPSHOT.jar:?]
	at org.apache.hadoop.ozone.om.OzoneManager.getFileStatus(OzoneManager.java:3585) ~[ozone-manager-1.4.0-SNAPSHOT.jar:?]
	at org.apache.hadoop.ozone.protocolPB.OzoneManagerRequestHandler.getOzoneFileStatus(OzoneManagerRequestHandler.java:998) ~[ozone-manager-1.4.0-SNAPSHOT.jar:?]
	at org.apache.hadoop.ozone.protocolPB.OzoneManagerRequestHandler.handleReadRequest(OzoneManagerRequestHandler.java:259) ~[ozone-manager-1.4.0-SNAPSHOT.jar:?]
	at org.apache.hadoop.ozone.protocolPB.OzoneManagerProtocolServerSideTranslatorPB.submitRequestDirectlyToOM(OzoneManagerProtocolServerSideTranslatorPB.java:274) ~[ozone-manager-1.4.0-SNAPSHOT.jar:?]
	at org.apache.hadoop.ozone.protocolPB.OzoneManagerProtocolServerSideTranslatorPB.processRequest(OzoneManagerProtocolServerSideTranslatorPB.java:175) ~[ozone-manager-1.4.0-SNAPSHOT.jar:?]
	at org.apache.hadoop.hdds.server.OzoneProtocolMessageDispatcher.processRequest(OzoneProtocolMessageDispatcher.java:87) [hdds-server-framework-1.4.0-SNAPSHOT.jar:?]
	at org.apache.hadoop.ozone.protocolPB.OzoneManagerProtocolServerSideTranslatorPB.submitRequest(OzoneManagerProtocolServerSideTranslatorPB.java:148) [ozone-manager-1.4.0-SNAPSHOT.jar:?]
	at org.apache.hadoop.ozone.protocol.proto.OzoneManagerProtocolProtos$OzoneManagerService$2.callBlockingMethod(OzoneManagerProtocolProtos.java) [ozone-interface-client-1.4.0-SNAPSHOT.jar:?]
	at org.apache.hadoop.ipc.ProtobufRpcEngine$Server.processCall(ProtobufRpcEngine.java:484) [hadoop-common-3.3.6.jar:?]
	at org.apache.hadoop.ipc.ProtobufRpcEngine2$Server$ProtoBufRpcInvoker.call(ProtobufRpcEngine2.java:595) [hadoop-common-3.3.6.jar:?]
	at org.apache.hadoop.ipc.ProtobufRpcEngine2$Server$ProtoBufRpcInvoker.call(ProtobufRpcEngine2.java:573) [hadoop-common-3.3.6.jar:?]
	at org.apache.hadoop.ipc.RPC$Server.call(RPC.java:1227) [hadoop-common-3.3.6.jar:?]
	at org.apache.hadoop.ipc.Server$RpcCall.run(Server.java:1094) [hadoop-common-3.3.6.jar:?]
	at org.apache.hadoop.ipc.Server$RpcCall.run(Server.java:1017) [hadoop-common-3.3.6.jar:?]
	at java.security.AccessController.doPrivileged(Native Method) ~[?:1.8.0_382]
	at javax.security.auth.Subject.doAs(Subject.java:422) [?:1.8.0_382]
	at org.apache.hadoop.security.UserGroupInformation.doAs(UserGroupInformation.java:1899) [hadoop-common-3.3.6.jar:?]
	at org.apache.hadoop.ipc.Server$Handler.run(Server.java:3048) [hadoop-common-3.3.6.jar:?]
17:31:24.074 [IPC Server handler 16 on default port 15057] ERROR OMAudit - user=runner | ip=127.0.0.1 | op=GET_FILE_STATUS {volume=volume39856, bucket=bucket94778, key=root_dir/file1/c, dataSize=0, replicationConfig=null} | ret=FAILURE
org.apache.hadoop.ozone.om.exceptions.OMException: Unable to get file status: volume: volume39856 bucket: bucket94778 key: root_dir/file1/c
	at org.apache.hadoop.ozone.om.KeyManagerImpl.getOzoneFileStatus(KeyManagerImpl.java:1227) ~[ozone-manager-1.4.0-SNAPSHOT.jar:?]
	at org.apache.hadoop.ozone.om.KeyManagerImpl.getFileStatus(KeyManagerImpl.java:1145) ~[ozone-manager-1.4.0-SNAPSHOT.jar:?]
	at org.apache.hadoop.ozone.om.OmMetadataReader.getFileStatus(OmMetadataReader.java:266) ~[ozone-manager-1.4.0-SNAPSHOT.jar:?]
	at org.apache.hadoop.ozone.om.OzoneManager.getFileStatus(OzoneManager.java:3585) ~[ozone-manager-1.4.0-SNAPSHOT.jar:?]
	at org.apache.hadoop.ozone.protocolPB.OzoneManagerRequestHandler.getOzoneFileStatus(OzoneManagerRequestHandler.java:998) ~[ozone-manager-1.4.0-SNAPSHOT.jar:?]
	at org.apache.hadoop.ozone.protocolPB.OzoneManagerRequestHandler.handleReadRequest(OzoneManagerRequestHandler.java:259) ~[ozone-manager-1.4.0-SNAPSHOT.jar:?]
	at org.apache.hadoop.ozone.protocolPB.OzoneManagerProtocolServerSideTranslatorPB.submitRequestDirectlyToOM(OzoneManagerProtocolServerSideTranslatorPB.java:274) ~[ozone-manager-1.4.0-SNAPSHOT.jar:?]
	at org.apache.hadoop.ozone.protocolPB.OzoneManagerProtocolServerSideTranslatorPB.processRequest(OzoneManagerProtocolServerSideTranslatorPB.java:175) ~[ozone-manager-1.4.0-SNAPSHOT.jar:?]
	at org.apache.hadoop.hdds.server.OzoneProtocolMessageDispatcher.processRequest(OzoneProtocolMessageDispatcher.java:87) [hdds-server-framework-1.4.0-SNAPSHOT.jar:?]
	at org.apache.hadoop.ozone.protocolPB.OzoneManagerProtocolServerSideTranslatorPB.submitRequest(OzoneManagerProtocolServerSideTranslatorPB.java:148) [ozone-manager-1.4.0-SNAPSHOT.jar:?]
	at org.apache.hadoop.ozone.protocol.proto.OzoneManagerProtocolProtos$OzoneManagerService$2.callBlockingMethod(OzoneManagerProtocolProtos.java) [ozone-interface-client-1.4.0-SNAPSHOT.jar:?]
	at org.apache.hadoop.ipc.ProtobufRpcEngine$Server.processCall(ProtobufRpcEngine.java:484) [hadoop-common-3.3.6.jar:?]
	at org.apache.hadoop.ipc.ProtobufRpcEngine2$Server$ProtoBufRpcInvoker.call(ProtobufRpcEngine2.java:595) [hadoop-common-3.3.6.jar:?]
	at org.apache.hadoop.ipc.ProtobufRpcEngine2$Server$ProtoBufRpcInvoker.call(ProtobufRpcEngine2.java:573) [hadoop-common-3.3.6.jar:?]
	at org.apache.hadoop.ipc.RPC$Server.call(RPC.java:1227) [hadoop-common-3.3.6.jar:?]
	at org.apache.hadoop.ipc.Server$RpcCall.run(Server.java:1094) [hadoop-common-3.3.6.jar:?]
	at org.apache.hadoop.ipc.Server$RpcCall.run(Server.java:1017) [hadoop-common-3.3.6.jar:?]
	at java.security.AccessController.doPrivileged(Native Method) ~[?:1.8.0_382]
	at javax.security.auth.Subject.doAs(Subject.java:422) [?:1.8.0_382]
	at org.apache.hadoop.security.UserGroupInformation.doAs(UserGroupInformation.java:1899) [hadoop-common-3.3.6.jar:?]
	at org.apache.hadoop.ipc.Server$Handler.run(Server.java:3048) [hadoop-common-3.3.6.jar:?]
]]></system-out>
  </testcase>
  <testcase name="testRenameDestinationParentDoesntExist" classname="TestOzoneFileSystem" time="0.022">
    <system-out><![CDATA[17:32:34.598 [IPC Server handler 15 on default port 15110] ERROR OMAudit - user=runner | ip=127.0.0.1 | op=GET_FILE_STATUS {volume=volume98659, bucket=bucket57585, key=root_dir/b/c, dataSize=0, replicationConfig=null} | ret=FAILURE
org.apache.hadoop.ozone.om.exceptions.OMException: Unable to get file status: volume: volume98659 bucket: bucket57585 key: root_dir/b/c
	at org.apache.hadoop.ozone.om.KeyManagerImpl.getOzoneFileStatus(KeyManagerImpl.java:1227) ~[ozone-manager-1.4.0-SNAPSHOT.jar:?]
	at org.apache.hadoop.ozone.om.KeyManagerImpl.getFileStatus(KeyManagerImpl.java:1145) ~[ozone-manager-1.4.0-SNAPSHOT.jar:?]
	at org.apache.hadoop.ozone.om.OmMetadataReader.getFileStatus(OmMetadataReader.java:266) ~[ozone-manager-1.4.0-SNAPSHOT.jar:?]
	at org.apache.hadoop.ozone.om.OzoneManager.getFileStatus(OzoneManager.java:3585) ~[ozone-manager-1.4.0-SNAPSHOT.jar:?]
	at org.apache.hadoop.ozone.protocolPB.OzoneManagerRequestHandler.getOzoneFileStatus(OzoneManagerRequestHandler.java:998) ~[ozone-manager-1.4.0-SNAPSHOT.jar:?]
	at org.apache.hadoop.ozone.protocolPB.OzoneManagerRequestHandler.handleReadRequest(OzoneManagerRequestHandler.java:259) ~[ozone-manager-1.4.0-SNAPSHOT.jar:?]
	at org.apache.hadoop.ozone.protocolPB.OzoneManagerProtocolServerSideTranslatorPB.submitReadRequestToOM(OzoneManagerProtocolServerSideTranslatorPB.java:225) ~[ozone-manager-1.4.0-SNAPSHOT.jar:?]
	at org.apache.hadoop.ozone.protocolPB.OzoneManagerProtocolServerSideTranslatorPB.processRequest(OzoneManagerProtocolServerSideTranslatorPB.java:179) ~[ozone-manager-1.4.0-SNAPSHOT.jar:?]
	at org.apache.hadoop.hdds.server.OzoneProtocolMessageDispatcher.processRequest(OzoneProtocolMessageDispatcher.java:87) [hdds-server-framework-1.4.0-SNAPSHOT.jar:?]
	at org.apache.hadoop.ozone.protocolPB.OzoneManagerProtocolServerSideTranslatorPB.submitRequest(OzoneManagerProtocolServerSideTranslatorPB.java:148) [ozone-manager-1.4.0-SNAPSHOT.jar:?]
	at org.apache.hadoop.ozone.protocol.proto.OzoneManagerProtocolProtos$OzoneManagerService$2.callBlockingMethod(OzoneManagerProtocolProtos.java) [ozone-interface-client-1.4.0-SNAPSHOT.jar:?]
	at org.apache.hadoop.ipc.ProtobufRpcEngine$Server.processCall(ProtobufRpcEngine.java:484) [hadoop-common-3.3.6.jar:?]
	at org.apache.hadoop.ipc.ProtobufRpcEngine2$Server$ProtoBufRpcInvoker.call(ProtobufRpcEngine2.java:595) [hadoop-common-3.3.6.jar:?]
	at org.apache.hadoop.ipc.ProtobufRpcEngine2$Server$ProtoBufRpcInvoker.call(ProtobufRpcEngine2.java:573) [hadoop-common-3.3.6.jar:?]
	at org.apache.hadoop.ipc.RPC$Server.call(RPC.java:1227) [hadoop-common-3.3.6.jar:?]
	at org.apache.hadoop.ipc.Server$RpcCall.run(Server.java:1094) [hadoop-common-3.3.6.jar:?]
	at org.apache.hadoop.ipc.Server$RpcCall.run(Server.java:1017) [hadoop-common-3.3.6.jar:?]
	at java.security.AccessController.doPrivileged(Native Method) ~[?:1.8.0_382]
	at javax.security.auth.Subject.doAs(Subject.java:422) [?:1.8.0_382]
	at org.apache.hadoop.security.UserGroupInformation.doAs(UserGroupInformation.java:1899) [hadoop-common-3.3.6.jar:?]
	at org.apache.hadoop.ipc.Server$Handler.run(Server.java:3048) [hadoop-common-3.3.6.jar:?]
17:32:34.600 [IPC Server handler 17 on default port 15110] ERROR OMAudit - user=runner | ip=127.0.0.1 | op=GET_FILE_STATUS {volume=volume98659, bucket=bucket57585, key=root_dir/b, dataSize=0, replicationConfig=null} | ret=FAILURE
org.apache.hadoop.ozone.om.exceptions.OMException: Unable to get file status: volume: volume98659 bucket: bucket57585 key: root_dir/b
	at org.apache.hadoop.ozone.om.KeyManagerImpl.getOzoneFileStatus(KeyManagerImpl.java:1227) ~[ozone-manager-1.4.0-SNAPSHOT.jar:?]
	at org.apache.hadoop.ozone.om.KeyManagerImpl.getFileStatus(KeyManagerImpl.java:1145) ~[ozone-manager-1.4.0-SNAPSHOT.jar:?]
	at org.apache.hadoop.ozone.om.OmMetadataReader.getFileStatus(OmMetadataReader.java:266) ~[ozone-manager-1.4.0-SNAPSHOT.jar:?]
	at org.apache.hadoop.ozone.om.OzoneManager.getFileStatus(OzoneManager.java:3585) ~[ozone-manager-1.4.0-SNAPSHOT.jar:?]
	at org.apache.hadoop.ozone.protocolPB.OzoneManagerRequestHandler.getOzoneFileStatus(OzoneManagerRequestHandler.java:998) ~[ozone-manager-1.4.0-SNAPSHOT.jar:?]
	at org.apache.hadoop.ozone.protocolPB.OzoneManagerRequestHandler.handleReadRequest(OzoneManagerRequestHandler.java:259) ~[ozone-manager-1.4.0-SNAPSHOT.jar:?]
	at org.apache.hadoop.ozone.protocolPB.OzoneManagerProtocolServerSideTranslatorPB.submitReadRequestToOM(OzoneManagerProtocolServerSideTranslatorPB.java:225) ~[ozone-manager-1.4.0-SNAPSHOT.jar:?]
	at org.apache.hadoop.ozone.protocolPB.OzoneManagerProtocolServerSideTranslatorPB.processRequest(OzoneManagerProtocolServerSideTranslatorPB.java:179) ~[ozone-manager-1.4.0-SNAPSHOT.jar:?]
	at org.apache.hadoop.hdds.server.OzoneProtocolMessageDispatcher.processRequest(OzoneProtocolMessageDispatcher.java:87) [hdds-server-framework-1.4.0-SNAPSHOT.jar:?]
	at org.apache.hadoop.ozone.protocolPB.OzoneManagerProtocolServerSideTranslatorPB.submitRequest(OzoneManagerProtocolServerSideTranslatorPB.java:148) [ozone-manager-1.4.0-SNAPSHOT.jar:?]
	at org.apache.hadoop.ozone.protocol.proto.OzoneManagerProtocolProtos$OzoneManagerService$2.callBlockingMethod(OzoneManagerProtocolProtos.java) [ozone-interface-client-1.4.0-SNAPSHOT.jar:?]
	at org.apache.hadoop.ipc.ProtobufRpcEngine$Server.processCall(ProtobufRpcEngine.java:484) [hadoop-common-3.3.6.jar:?]
	at org.apache.hadoop.ipc.ProtobufRpcEngine2$Server$ProtoBufRpcInvoker.call(ProtobufRpcEngine2.java:595) [hadoop-common-3.3.6.jar:?]
	at org.apache.hadoop.ipc.ProtobufRpcEngine2$Server$ProtoBufRpcInvoker.call(ProtobufRpcEngine2.java:573) [hadoop-common-3.3.6.jar:?]
	at org.apache.hadoop.ipc.RPC$Server.call(RPC.java:1227) [hadoop-common-3.3.6.jar:?]
	at org.apache.hadoop.ipc.Server$RpcCall.run(Server.java:1094) [hadoop-common-3.3.6.jar:?]
	at org.apache.hadoop.ipc.Server$RpcCall.run(Server.java:1017) [hadoop-common-3.3.6.jar:?]
	at java.security.AccessController.doPrivileged(Native Method) ~[?:1.8.0_382]
	at javax.security.auth.Subject.doAs(Subject.java:422) [?:1.8.0_382]
	at org.apache.hadoop.security.UserGroupInformation.doAs(UserGroupInformation.java:1899) [hadoop-common-3.3.6.jar:?]
	at org.apache.hadoop.ipc.Server$Handler.run(Server.java:3048) [hadoop-common-3.3.6.jar:?]
17:32:34.609 [IPC Server handler 1 on default port 15110] ERROR OMAudit - user=runner | ip=127.0.0.1 | op=GET_FILE_STATUS {volume=volume98659, bucket=bucket57585, key=root_dir/file1/c, dataSize=0, replicationConfig=null} | ret=FAILURE
org.apache.hadoop.ozone.om.exceptions.OMException: Unable to get file status: volume: volume98659 bucket: bucket57585 key: root_dir/file1/c
	at org.apache.hadoop.ozone.om.KeyManagerImpl.getOzoneFileStatus(KeyManagerImpl.java:1227) ~[ozone-manager-1.4.0-SNAPSHOT.jar:?]
	at org.apache.hadoop.ozone.om.KeyManagerImpl.getFileStatus(KeyManagerImpl.java:1145) ~[ozone-manager-1.4.0-SNAPSHOT.jar:?]
	at org.apache.hadoop.ozone.om.OmMetadataReader.getFileStatus(OmMetadataReader.java:266) ~[ozone-manager-1.4.0-SNAPSHOT.jar:?]
	at org.apache.hadoop.ozone.om.OzoneManager.getFileStatus(OzoneManager.java:3585) ~[ozone-manager-1.4.0-SNAPSHOT.jar:?]
	at org.apache.hadoop.ozone.protocolPB.OzoneManagerRequestHandler.getOzoneFileStatus(OzoneManagerRequestHandler.java:998) ~[ozone-manager-1.4.0-SNAPSHOT.jar:?]
	at org.apache.hadoop.ozone.protocolPB.OzoneManagerRequestHandler.handleReadRequest(OzoneManagerRequestHandler.java:259) ~[ozone-manager-1.4.0-SNAPSHOT.jar:?]
	at org.apache.hadoop.ozone.protocolPB.OzoneManagerProtocolServerSideTranslatorPB.submitReadRequestToOM(OzoneManagerProtocolServerSideTranslatorPB.java:225) ~[ozone-manager-1.4.0-SNAPSHOT.jar:?]
	at org.apache.hadoop.ozone.protocolPB.OzoneManagerProtocolServerSideTranslatorPB.processRequest(OzoneManagerProtocolServerSideTranslatorPB.java:179) ~[ozone-manager-1.4.0-SNAPSHOT.jar:?]
	at org.apache.hadoop.hdds.server.OzoneProtocolMessageDispatcher.processRequest(OzoneProtocolMessageDispatcher.java:87) [hdds-server-framework-1.4.0-SNAPSHOT.jar:?]
	at org.apache.hadoop.ozone.protocolPB.OzoneManagerProtocolServerSideTranslatorPB.submitRequest(OzoneManagerProtocolServerSideTranslatorPB.java:148) [ozone-manager-1.4.0-SNAPSHOT.jar:?]
	at org.apache.hadoop.ozone.protocol.proto.OzoneManagerProtocolProtos$OzoneManagerService$2.callBlockingMethod(OzoneManagerProtocolProtos.java) [ozone-interface-client-1.4.0-SNAPSHOT.jar:?]
	at org.apache.hadoop.ipc.ProtobufRpcEngine$Server.processCall(ProtobufRpcEngine.java:484) [hadoop-common-3.3.6.jar:?]
	at org.apache.hadoop.ipc.ProtobufRpcEngine2$Server$ProtoBufRpcInvoker.call(ProtobufRpcEngine2.java:595) [hadoop-common-3.3.6.jar:?]
	at org.apache.hadoop.ipc.ProtobufRpcEngine2$Server$ProtoBufRpcInvoker.call(ProtobufRpcEngine2.java:573) [hadoop-common-3.3.6.jar:?]
	at org.apache.hadoop.ipc.RPC$Server.call(RPC.java:1227) [hadoop-common-3.3.6.jar:?]
	at org.apache.hadoop.ipc.Server$RpcCall.run(Server.java:1094) [hadoop-common-3.3.6.jar:?]
	at org.apache.hadoop.ipc.Server$RpcCall.run(Server.java:1017) [hadoop-common-3.3.6.jar:?]
	at java.security.AccessController.doPrivileged(Native Method) ~[?:1.8.0_382]
	at javax.security.auth.Subject.doAs(Subject.java:422) [?:1.8.0_382]
	at org.apache.hadoop.security.UserGroupInformation.doAs(UserGroupInformation.java:1899) [hadoop-common-3.3.6.jar:?]
	at org.apache.hadoop.ipc.Server$Handler.run(Server.java:3048) [hadoop-common-3.3.6.jar:?]
]]></system-out>
  </testcase>
  <testcase name="testRenameDestinationParentDoesntExist" classname="TestOzoneFileSystem" time="0.017">
    <system-out><![CDATA[17:33:52.556 [IPC Server handler 2 on default port 15163] ERROR OMAudit - user=runner | ip=127.0.0.1 | op=GET_FILE_STATUS {volume=volume37245, bucket=bucket80016, key=root_dir/b/c, dataSize=0, replicationConfig=null} | ret=FAILURE
org.apache.hadoop.ozone.om.exceptions.OMException: Unable to get file status: volume: volume37245 bucket: bucket80016 key: root_dir/b/c
	at org.apache.hadoop.ozone.om.KeyManagerImpl.getOzoneFileStatus(KeyManagerImpl.java:1227) ~[ozone-manager-1.4.0-SNAPSHOT.jar:?]
	at org.apache.hadoop.ozone.om.KeyManagerImpl.getFileStatus(KeyManagerImpl.java:1145) ~[ozone-manager-1.4.0-SNAPSHOT.jar:?]
	at org.apache.hadoop.ozone.om.OmMetadataReader.getFileStatus(OmMetadataReader.java:266) ~[ozone-manager-1.4.0-SNAPSHOT.jar:?]
	at org.apache.hadoop.ozone.om.OzoneManager.getFileStatus(OzoneManager.java:3585) ~[ozone-manager-1.4.0-SNAPSHOT.jar:?]
	at org.apache.hadoop.ozone.protocolPB.OzoneManagerRequestHandler.getOzoneFileStatus(OzoneManagerRequestHandler.java:998) ~[ozone-manager-1.4.0-SNAPSHOT.jar:?]
	at org.apache.hadoop.ozone.protocolPB.OzoneManagerRequestHandler.handleReadRequest(OzoneManagerRequestHandler.java:259) ~[ozone-manager-1.4.0-SNAPSHOT.jar:?]
	at org.apache.hadoop.ozone.protocolPB.OzoneManagerProtocolServerSideTranslatorPB.submitRequestDirectlyToOM(OzoneManagerProtocolServerSideTranslatorPB.java:274) ~[ozone-manager-1.4.0-SNAPSHOT.jar:?]
	at org.apache.hadoop.ozone.protocolPB.OzoneManagerProtocolServerSideTranslatorPB.processRequest(OzoneManagerProtocolServerSideTranslatorPB.java:175) ~[ozone-manager-1.4.0-SNAPSHOT.jar:?]
	at org.apache.hadoop.hdds.server.OzoneProtocolMessageDispatcher.processRequest(OzoneProtocolMessageDispatcher.java:87) [hdds-server-framework-1.4.0-SNAPSHOT.jar:?]
	at org.apache.hadoop.ozone.protocolPB.OzoneManagerProtocolServerSideTranslatorPB.submitRequest(OzoneManagerProtocolServerSideTranslatorPB.java:148) [ozone-manager-1.4.0-SNAPSHOT.jar:?]
	at org.apache.hadoop.ozone.protocol.proto.OzoneManagerProtocolProtos$OzoneManagerService$2.callBlockingMethod(OzoneManagerProtocolProtos.java) [ozone-interface-client-1.4.0-SNAPSHOT.jar:?]
	at org.apache.hadoop.ipc.ProtobufRpcEngine$Server.processCall(ProtobufRpcEngine.java:484) [hadoop-common-3.3.6.jar:?]
	at org.apache.hadoop.ipc.ProtobufRpcEngine2$Server$ProtoBufRpcInvoker.call(ProtobufRpcEngine2.java:595) [hadoop-common-3.3.6.jar:?]
	at org.apache.hadoop.ipc.ProtobufRpcEngine2$Server$ProtoBufRpcInvoker.call(ProtobufRpcEngine2.java:573) [hadoop-common-3.3.6.jar:?]
	at org.apache.hadoop.ipc.RPC$Server.call(RPC.java:1227) [hadoop-common-3.3.6.jar:?]
	at org.apache.hadoop.ipc.Server$RpcCall.run(Server.java:1094) [hadoop-common-3.3.6.jar:?]
	at org.apache.hadoop.ipc.Server$RpcCall.run(Server.java:1017) [hadoop-common-3.3.6.jar:?]
	at java.security.AccessController.doPrivileged(Native Method) ~[?:1.8.0_382]
	at javax.security.auth.Subject.doAs(Subject.java:422) [?:1.8.0_382]
	at org.apache.hadoop.security.UserGroupInformation.doAs(UserGroupInformation.java:1899) [hadoop-common-3.3.6.jar:?]
	at org.apache.hadoop.ipc.Server$Handler.run(Server.java:3048) [hadoop-common-3.3.6.jar:?]
17:33:52.557 [IPC Server handler 1 on default port 15163] ERROR OMAudit - user=runner | ip=127.0.0.1 | op=GET_FILE_STATUS {volume=volume37245, bucket=bucket80016, key=root_dir/b, dataSize=0, replicationConfig=null} | ret=FAILURE
org.apache.hadoop.ozone.om.exceptions.OMException: Unable to get file status: volume: volume37245 bucket: bucket80016 key: root_dir/b
	at org.apache.hadoop.ozone.om.KeyManagerImpl.getOzoneFileStatus(KeyManagerImpl.java:1227) ~[ozone-manager-1.4.0-SNAPSHOT.jar:?]
	at org.apache.hadoop.ozone.om.KeyManagerImpl.getFileStatus(KeyManagerImpl.java:1145) ~[ozone-manager-1.4.0-SNAPSHOT.jar:?]
	at org.apache.hadoop.ozone.om.OmMetadataReader.getFileStatus(OmMetadataReader.java:266) ~[ozone-manager-1.4.0-SNAPSHOT.jar:?]
	at org.apache.hadoop.ozone.om.OzoneManager.getFileStatus(OzoneManager.java:3585) ~[ozone-manager-1.4.0-SNAPSHOT.jar:?]
	at org.apache.hadoop.ozone.protocolPB.OzoneManagerRequestHandler.getOzoneFileStatus(OzoneManagerRequestHandler.java:998) ~[ozone-manager-1.4.0-SNAPSHOT.jar:?]
	at org.apache.hadoop.ozone.protocolPB.OzoneManagerRequestHandler.handleReadRequest(OzoneManagerRequestHandler.java:259) ~[ozone-manager-1.4.0-SNAPSHOT.jar:?]
	at org.apache.hadoop.ozone.protocolPB.OzoneManagerProtocolServerSideTranslatorPB.submitRequestDirectlyToOM(OzoneManagerProtocolServerSideTranslatorPB.java:274) ~[ozone-manager-1.4.0-SNAPSHOT.jar:?]
	at org.apache.hadoop.ozone.protocolPB.OzoneManagerProtocolServerSideTranslatorPB.processRequest(OzoneManagerProtocolServerSideTranslatorPB.java:175) ~[ozone-manager-1.4.0-SNAPSHOT.jar:?]
	at org.apache.hadoop.hdds.server.OzoneProtocolMessageDispatcher.processRequest(OzoneProtocolMessageDispatcher.java:87) [hdds-server-framework-1.4.0-SNAPSHOT.jar:?]
	at org.apache.hadoop.ozone.protocolPB.OzoneManagerProtocolServerSideTranslatorPB.submitRequest(OzoneManagerProtocolServerSideTranslatorPB.java:148) [ozone-manager-1.4.0-SNAPSHOT.jar:?]
	at org.apache.hadoop.ozone.protocol.proto.OzoneManagerProtocolProtos$OzoneManagerService$2.callBlockingMethod(OzoneManagerProtocolProtos.java) [ozone-interface-client-1.4.0-SNAPSHOT.jar:?]
	at org.apache.hadoop.ipc.ProtobufRpcEngine$Server.processCall(ProtobufRpcEngine.java:484) [hadoop-common-3.3.6.jar:?]
	at org.apache.hadoop.ipc.ProtobufRpcEngine2$Server$ProtoBufRpcInvoker.call(ProtobufRpcEngine2.java:595) [hadoop-common-3.3.6.jar:?]
	at org.apache.hadoop.ipc.ProtobufRpcEngine2$Server$ProtoBufRpcInvoker.call(ProtobufRpcEngine2.java:573) [hadoop-common-3.3.6.jar:?]
	at org.apache.hadoop.ipc.RPC$Server.call(RPC.java:1227) [hadoop-common-3.3.6.jar:?]
	at org.apache.hadoop.ipc.Server$RpcCall.run(Server.java:1094) [hadoop-common-3.3.6.jar:?]
	at org.apache.hadoop.ipc.Server$RpcCall.run(Server.java:1017) [hadoop-common-3.3.6.jar:?]
	at java.security.AccessController.doPrivileged(Native Method) ~[?:1.8.0_382]
	at javax.security.auth.Subject.doAs(Subject.java:422) [?:1.8.0_382]
	at org.apache.hadoop.security.UserGroupInformation.doAs(UserGroupInformation.java:1899) [hadoop-common-3.3.6.jar:?]
	at org.apache.hadoop.ipc.Server$Handler.run(Server.java:3048) [hadoop-common-3.3.6.jar:?]
17:33:52.563 [IPC Server handler 7 on default port 15163] ERROR OMAudit - user=runner | ip=127.0.0.1 | op=GET_FILE_STATUS {volume=volume37245, bucket=bucket80016, key=root_dir/file1/c, dataSize=0, replicationConfig=null} | ret=FAILURE
org.apache.hadoop.ozone.om.exceptions.OMException: Unable to get file status: volume: volume37245 bucket: bucket80016 key: root_dir/file1/c
	at org.apache.hadoop.ozone.om.KeyManagerImpl.getOzoneFileStatus(KeyManagerImpl.java:1227) ~[ozone-manager-1.4.0-SNAPSHOT.jar:?]
	at org.apache.hadoop.ozone.om.KeyManagerImpl.getFileStatus(KeyManagerImpl.java:1145) ~[ozone-manager-1.4.0-SNAPSHOT.jar:?]
	at org.apache.hadoop.ozone.om.OmMetadataReader.getFileStatus(OmMetadataReader.java:266) ~[ozone-manager-1.4.0-SNAPSHOT.jar:?]
	at org.apache.hadoop.ozone.om.OzoneManager.getFileStatus(OzoneManager.java:3585) ~[ozone-manager-1.4.0-SNAPSHOT.jar:?]
	at org.apache.hadoop.ozone.protocolPB.OzoneManagerRequestHandler.getOzoneFileStatus(OzoneManagerRequestHandler.java:998) ~[ozone-manager-1.4.0-SNAPSHOT.jar:?]
	at org.apache.hadoop.ozone.protocolPB.OzoneManagerRequestHandler.handleReadRequest(OzoneManagerRequestHandler.java:259) ~[ozone-manager-1.4.0-SNAPSHOT.jar:?]
	at org.apache.hadoop.ozone.protocolPB.OzoneManagerProtocolServerSideTranslatorPB.submitRequestDirectlyToOM(OzoneManagerProtocolServerSideTranslatorPB.java:274) ~[ozone-manager-1.4.0-SNAPSHOT.jar:?]
	at org.apache.hadoop.ozone.protocolPB.OzoneManagerProtocolServerSideTranslatorPB.processRequest(OzoneManagerProtocolServerSideTranslatorPB.java:175) ~[ozone-manager-1.4.0-SNAPSHOT.jar:?]
	at org.apache.hadoop.hdds.server.OzoneProtocolMessageDispatcher.processRequest(OzoneProtocolMessageDispatcher.java:87) [hdds-server-framework-1.4.0-SNAPSHOT.jar:?]
	at org.apache.hadoop.ozone.protocolPB.OzoneManagerProtocolServerSideTranslatorPB.submitRequest(OzoneManagerProtocolServerSideTranslatorPB.java:148) [ozone-manager-1.4.0-SNAPSHOT.jar:?]
	at org.apache.hadoop.ozone.protocol.proto.OzoneManagerProtocolProtos$OzoneManagerService$2.callBlockingMethod(OzoneManagerProtocolProtos.java) [ozone-interface-client-1.4.0-SNAPSHOT.jar:?]
	at org.apache.hadoop.ipc.ProtobufRpcEngine$Server.processCall(ProtobufRpcEngine.java:484) [hadoop-common-3.3.6.jar:?]
	at org.apache.hadoop.ipc.ProtobufRpcEngine2$Server$ProtoBufRpcInvoker.call(ProtobufRpcEngine2.java:595) [hadoop-common-3.3.6.jar:?]
	at org.apache.hadoop.ipc.ProtobufRpcEngine2$Server$ProtoBufRpcInvoker.call(ProtobufRpcEngine2.java:573) [hadoop-common-3.3.6.jar:?]
	at org.apache.hadoop.ipc.RPC$Server.call(RPC.java:1227) [hadoop-common-3.3.6.jar:?]
	at org.apache.hadoop.ipc.Server$RpcCall.run(Server.java:1094) [hadoop-common-3.3.6.jar:?]
	at org.apache.hadoop.ipc.Server$RpcCall.run(Server.java:1017) [hadoop-common-3.3.6.jar:?]
	at java.security.AccessController.doPrivileged(Native Method) ~[?:1.8.0_382]
	at javax.security.auth.Subject.doAs(Subject.java:422) [?:1.8.0_382]
	at org.apache.hadoop.security.UserGroupInformation.doAs(UserGroupInformation.java:1899) [hadoop-common-3.3.6.jar:?]
	at org.apache.hadoop.ipc.Server$Handler.run(Server.java:3048) [hadoop-common-3.3.6.jar:?]
]]></system-out>
  </testcase>
  <testcase name="testCreateWithInvalidPaths" classname="TestOzoneFileSystem" time="0.008"/>
  <testcase name="testCreateWithInvalidPaths" classname="TestOzoneFileSystem" time="0.007"/>
  <testcase name="testCreateWithInvalidPaths" classname="TestOzoneFileSystem" time="0.003"/>
  <testcase name="testCreateWithInvalidPaths" classname="TestOzoneFileSystem" time="0.002"/>
  <testcase name="testListStatusOnRoot" classname="TestOzoneFileSystem" time="0.051"/>
  <testcase name="testListStatusOnRoot" classname="TestOzoneFileSystem" time="0.019"/>
  <testcase name="testListStatusOnRoot" classname="TestOzoneFileSystem" time="0.023"/>
  <testcase name="testListStatusOnRoot" classname="TestOzoneFileSystem" time="0.012"/>
  <testcase name="testRenameWithNonExistentSource" classname="TestOzoneFileSystem" time="0.029">
    <system-out><![CDATA[2023-10-04 17:29:52,699 [Time-limited test] INFO  ozone.TestOzoneFileSystem (TestOzoneFileSystem.java:testRenameWithNonExistentSource(1158)) - Created destin dir: o3fs://bucket94524.volume27687/root/dir2
2023-10-04 17:29:52,699 [Time-limited test] INFO  ozone.TestOzoneFileSystem (TestOzoneFileSystem.java:testRenameWithNonExistentSource(1160)) - Rename op-> source:o3fs://bucket94524.volume27687/root/dir1 to destin:o3fs://bucket94524.volume27687/root/dir2}
17:29:52.701 [IPC Server handler 8 on default port 15004] ERROR OMAudit - user=runner | ip=127.0.0.1 | op=GET_FILE_STATUS {volume=volume27687, bucket=bucket94524, key=root/dir1, dataSize=0, replicationConfig=null} | ret=FAILURE
org.apache.hadoop.ozone.om.exceptions.OMException: Unable to get file status: volume: volume27687 bucket: bucket94524 key: root/dir1
	at org.apache.hadoop.ozone.om.KeyManagerImpl.getOzoneFileStatus(KeyManagerImpl.java:1227) ~[ozone-manager-1.4.0-SNAPSHOT.jar:?]
	at org.apache.hadoop.ozone.om.KeyManagerImpl.getFileStatus(KeyManagerImpl.java:1145) ~[ozone-manager-1.4.0-SNAPSHOT.jar:?]
	at org.apache.hadoop.ozone.om.OmMetadataReader.getFileStatus(OmMetadataReader.java:266) ~[ozone-manager-1.4.0-SNAPSHOT.jar:?]
	at org.apache.hadoop.ozone.om.OzoneManager.getFileStatus(OzoneManager.java:3585) ~[ozone-manager-1.4.0-SNAPSHOT.jar:?]
	at org.apache.hadoop.ozone.protocolPB.OzoneManagerRequestHandler.getOzoneFileStatus(OzoneManagerRequestHandler.java:998) ~[ozone-manager-1.4.0-SNAPSHOT.jar:?]
	at org.apache.hadoop.ozone.protocolPB.OzoneManagerRequestHandler.handleReadRequest(OzoneManagerRequestHandler.java:259) ~[ozone-manager-1.4.0-SNAPSHOT.jar:?]
	at org.apache.hadoop.ozone.protocolPB.OzoneManagerProtocolServerSideTranslatorPB.submitReadRequestToOM(OzoneManagerProtocolServerSideTranslatorPB.java:225) ~[ozone-manager-1.4.0-SNAPSHOT.jar:?]
	at org.apache.hadoop.ozone.protocolPB.OzoneManagerProtocolServerSideTranslatorPB.processRequest(OzoneManagerProtocolServerSideTranslatorPB.java:179) ~[ozone-manager-1.4.0-SNAPSHOT.jar:?]
	at org.apache.hadoop.hdds.server.OzoneProtocolMessageDispatcher.processRequest(OzoneProtocolMessageDispatcher.java:87) [hdds-server-framework-1.4.0-SNAPSHOT.jar:?]
	at org.apache.hadoop.ozone.protocolPB.OzoneManagerProtocolServerSideTranslatorPB.submitRequest(OzoneManagerProtocolServerSideTranslatorPB.java:148) [ozone-manager-1.4.0-SNAPSHOT.jar:?]
	at org.apache.hadoop.ozone.protocol.proto.OzoneManagerProtocolProtos$OzoneManagerService$2.callBlockingMethod(OzoneManagerProtocolProtos.java) [ozone-interface-client-1.4.0-SNAPSHOT.jar:?]
	at org.apache.hadoop.ipc.ProtobufRpcEngine$Server.processCall(ProtobufRpcEngine.java:484) [hadoop-common-3.3.6.jar:?]
	at org.apache.hadoop.ipc.ProtobufRpcEngine2$Server$ProtoBufRpcInvoker.call(ProtobufRpcEngine2.java:595) [hadoop-common-3.3.6.jar:?]
	at org.apache.hadoop.ipc.ProtobufRpcEngine2$Server$ProtoBufRpcInvoker.call(ProtobufRpcEngine2.java:573) [hadoop-common-3.3.6.jar:?]
	at org.apache.hadoop.ipc.RPC$Server.call(RPC.java:1227) [hadoop-common-3.3.6.jar:?]
	at org.apache.hadoop.ipc.Server$RpcCall.run(Server.java:1094) [hadoop-common-3.3.6.jar:?]
	at org.apache.hadoop.ipc.Server$RpcCall.run(Server.java:1017) [hadoop-common-3.3.6.jar:?]
	at java.security.AccessController.doPrivileged(Native Method) ~[?:1.8.0_382]
	at javax.security.auth.Subject.doAs(Subject.java:422) [?:1.8.0_382]
	at org.apache.hadoop.security.UserGroupInformation.doAs(UserGroupInformation.java:1899) [hadoop-common-3.3.6.jar:?]
	at org.apache.hadoop.ipc.Server$Handler.run(Server.java:3048) [hadoop-common-3.3.6.jar:?]
]]></system-out>
  </testcase>
  <testcase name="testRenameWithNonExistentSource" classname="TestOzoneFileSystem" time="0.015">
    <system-out><![CDATA[2023-10-04 17:31:24,115 [Time-limited test] INFO  ozone.TestOzoneFileSystem (TestOzoneFileSystem.java:testRenameWithNonExistentSource(1158)) - Created destin dir: o3fs://bucket94778.volume39856/root/dir2
2023-10-04 17:31:24,115 [Time-limited test] INFO  ozone.TestOzoneFileSystem (TestOzoneFileSystem.java:testRenameWithNonExistentSource(1160)) - Rename op-> source:o3fs://bucket94778.volume39856/root/dir1 to destin:o3fs://bucket94778.volume39856/root/dir2}
17:31:24.116 [IPC Server handler 5 on default port 15057] ERROR OMAudit - user=runner | ip=127.0.0.1 | op=GET_FILE_STATUS {volume=volume39856, bucket=bucket94778, key=root/dir1, dataSize=0, replicationConfig=null} | ret=FAILURE
org.apache.hadoop.ozone.om.exceptions.OMException: Unable to get file status: volume: volume39856 bucket: bucket94778 key: root/dir1
	at org.apache.hadoop.ozone.om.KeyManagerImpl.getOzoneFileStatus(KeyManagerImpl.java:1227) ~[ozone-manager-1.4.0-SNAPSHOT.jar:?]
	at org.apache.hadoop.ozone.om.KeyManagerImpl.getFileStatus(KeyManagerImpl.java:1145) ~[ozone-manager-1.4.0-SNAPSHOT.jar:?]
	at org.apache.hadoop.ozone.om.OmMetadataReader.getFileStatus(OmMetadataReader.java:266) ~[ozone-manager-1.4.0-SNAPSHOT.jar:?]
	at org.apache.hadoop.ozone.om.OzoneManager.getFileStatus(OzoneManager.java:3585) ~[ozone-manager-1.4.0-SNAPSHOT.jar:?]
	at org.apache.hadoop.ozone.protocolPB.OzoneManagerRequestHandler.getOzoneFileStatus(OzoneManagerRequestHandler.java:998) ~[ozone-manager-1.4.0-SNAPSHOT.jar:?]
	at org.apache.hadoop.ozone.protocolPB.OzoneManagerRequestHandler.handleReadRequest(OzoneManagerRequestHandler.java:259) ~[ozone-manager-1.4.0-SNAPSHOT.jar:?]
	at org.apache.hadoop.ozone.protocolPB.OzoneManagerProtocolServerSideTranslatorPB.submitRequestDirectlyToOM(OzoneManagerProtocolServerSideTranslatorPB.java:274) ~[ozone-manager-1.4.0-SNAPSHOT.jar:?]
	at org.apache.hadoop.ozone.protocolPB.OzoneManagerProtocolServerSideTranslatorPB.processRequest(OzoneManagerProtocolServerSideTranslatorPB.java:175) ~[ozone-manager-1.4.0-SNAPSHOT.jar:?]
	at org.apache.hadoop.hdds.server.OzoneProtocolMessageDispatcher.processRequest(OzoneProtocolMessageDispatcher.java:87) [hdds-server-framework-1.4.0-SNAPSHOT.jar:?]
	at org.apache.hadoop.ozone.protocolPB.OzoneManagerProtocolServerSideTranslatorPB.submitRequest(OzoneManagerProtocolServerSideTranslatorPB.java:148) [ozone-manager-1.4.0-SNAPSHOT.jar:?]
	at org.apache.hadoop.ozone.protocol.proto.OzoneManagerProtocolProtos$OzoneManagerService$2.callBlockingMethod(OzoneManagerProtocolProtos.java) [ozone-interface-client-1.4.0-SNAPSHOT.jar:?]
	at org.apache.hadoop.ipc.ProtobufRpcEngine$Server.processCall(ProtobufRpcEngine.java:484) [hadoop-common-3.3.6.jar:?]
	at org.apache.hadoop.ipc.ProtobufRpcEngine2$Server$ProtoBufRpcInvoker.call(ProtobufRpcEngine2.java:595) [hadoop-common-3.3.6.jar:?]
	at org.apache.hadoop.ipc.ProtobufRpcEngine2$Server$ProtoBufRpcInvoker.call(ProtobufRpcEngine2.java:573) [hadoop-common-3.3.6.jar:?]
	at org.apache.hadoop.ipc.RPC$Server.call(RPC.java:1227) [hadoop-common-3.3.6.jar:?]
	at org.apache.hadoop.ipc.Server$RpcCall.run(Server.java:1094) [hadoop-common-3.3.6.jar:?]
	at org.apache.hadoop.ipc.Server$RpcCall.run(Server.java:1017) [hadoop-common-3.3.6.jar:?]
	at java.security.AccessController.doPrivileged(Native Method) ~[?:1.8.0_382]
	at javax.security.auth.Subject.doAs(Subject.java:422) [?:1.8.0_382]
	at org.apache.hadoop.security.UserGroupInformation.doAs(UserGroupInformation.java:1899) [hadoop-common-3.3.6.jar:?]
	at org.apache.hadoop.ipc.Server$Handler.run(Server.java:3048) [hadoop-common-3.3.6.jar:?]
]]></system-out>
  </testcase>
  <testcase name="testRenameWithNonExistentSource" classname="TestOzoneFileSystem" time="0.018">
    <system-out><![CDATA[2023-10-04 17:32:34,652 [Time-limited test] INFO  ozone.TestOzoneFileSystem (TestOzoneFileSystem.java:testRenameWithNonExistentSource(1158)) - Created destin dir: o3fs://bucket57585.volume98659/root/dir2
2023-10-04 17:32:34,652 [Time-limited test] INFO  ozone.TestOzoneFileSystem (TestOzoneFileSystem.java:testRenameWithNonExistentSource(1160)) - Rename op-> source:o3fs://bucket57585.volume98659/root/dir1 to destin:o3fs://bucket57585.volume98659/root/dir2}
17:32:34.653 [IPC Server handler 8 on default port 15110] ERROR OMAudit - user=runner | ip=127.0.0.1 | op=GET_FILE_STATUS {volume=volume98659, bucket=bucket57585, key=root/dir1, dataSize=0, replicationConfig=null} | ret=FAILURE
org.apache.hadoop.ozone.om.exceptions.OMException: Unable to get file status: volume: volume98659 bucket: bucket57585 key: root/dir1
	at org.apache.hadoop.ozone.om.KeyManagerImpl.getOzoneFileStatus(KeyManagerImpl.java:1227) ~[ozone-manager-1.4.0-SNAPSHOT.jar:?]
	at org.apache.hadoop.ozone.om.KeyManagerImpl.getFileStatus(KeyManagerImpl.java:1145) ~[ozone-manager-1.4.0-SNAPSHOT.jar:?]
	at org.apache.hadoop.ozone.om.OmMetadataReader.getFileStatus(OmMetadataReader.java:266) ~[ozone-manager-1.4.0-SNAPSHOT.jar:?]
	at org.apache.hadoop.ozone.om.OzoneManager.getFileStatus(OzoneManager.java:3585) ~[ozone-manager-1.4.0-SNAPSHOT.jar:?]
	at org.apache.hadoop.ozone.protocolPB.OzoneManagerRequestHandler.getOzoneFileStatus(OzoneManagerRequestHandler.java:998) ~[ozone-manager-1.4.0-SNAPSHOT.jar:?]
	at org.apache.hadoop.ozone.protocolPB.OzoneManagerRequestHandler.handleReadRequest(OzoneManagerRequestHandler.java:259) ~[ozone-manager-1.4.0-SNAPSHOT.jar:?]
	at org.apache.hadoop.ozone.protocolPB.OzoneManagerProtocolServerSideTranslatorPB.submitReadRequestToOM(OzoneManagerProtocolServerSideTranslatorPB.java:225) ~[ozone-manager-1.4.0-SNAPSHOT.jar:?]
	at org.apache.hadoop.ozone.protocolPB.OzoneManagerProtocolServerSideTranslatorPB.processRequest(OzoneManagerProtocolServerSideTranslatorPB.java:179) ~[ozone-manager-1.4.0-SNAPSHOT.jar:?]
	at org.apache.hadoop.hdds.server.OzoneProtocolMessageDispatcher.processRequest(OzoneProtocolMessageDispatcher.java:87) [hdds-server-framework-1.4.0-SNAPSHOT.jar:?]
	at org.apache.hadoop.ozone.protocolPB.OzoneManagerProtocolServerSideTranslatorPB.submitRequest(OzoneManagerProtocolServerSideTranslatorPB.java:148) [ozone-manager-1.4.0-SNAPSHOT.jar:?]
	at org.apache.hadoop.ozone.protocol.proto.OzoneManagerProtocolProtos$OzoneManagerService$2.callBlockingMethod(OzoneManagerProtocolProtos.java) [ozone-interface-client-1.4.0-SNAPSHOT.jar:?]
	at org.apache.hadoop.ipc.ProtobufRpcEngine$Server.processCall(ProtobufRpcEngine.java:484) [hadoop-common-3.3.6.jar:?]
	at org.apache.hadoop.ipc.ProtobufRpcEngine2$Server$ProtoBufRpcInvoker.call(ProtobufRpcEngine2.java:595) [hadoop-common-3.3.6.jar:?]
	at org.apache.hadoop.ipc.ProtobufRpcEngine2$Server$ProtoBufRpcInvoker.call(ProtobufRpcEngine2.java:573) [hadoop-common-3.3.6.jar:?]
	at org.apache.hadoop.ipc.RPC$Server.call(RPC.java:1227) [hadoop-common-3.3.6.jar:?]
	at org.apache.hadoop.ipc.Server$RpcCall.run(Server.java:1094) [hadoop-common-3.3.6.jar:?]
	at org.apache.hadoop.ipc.Server$RpcCall.run(Server.java:1017) [hadoop-common-3.3.6.jar:?]
	at java.security.AccessController.doPrivileged(Native Method) ~[?:1.8.0_382]
	at javax.security.auth.Subject.doAs(Subject.java:422) [?:1.8.0_382]
	at org.apache.hadoop.security.UserGroupInformation.doAs(UserGroupInformation.java:1899) [hadoop-common-3.3.6.jar:?]
	at org.apache.hadoop.ipc.Server$Handler.run(Server.java:3048) [hadoop-common-3.3.6.jar:?]
]]></system-out>
  </testcase>
  <testcase name="testRenameWithNonExistentSource" classname="TestOzoneFileSystem" time="0.007">
    <system-out><![CDATA[2023-10-04 17:33:52,585 [Time-limited test] INFO  ozone.TestOzoneFileSystem (TestOzoneFileSystem.java:testRenameWithNonExistentSource(1158)) - Created destin dir: o3fs://bucket80016.volume37245/root/dir2
2023-10-04 17:33:52,585 [Time-limited test] INFO  ozone.TestOzoneFileSystem (TestOzoneFileSystem.java:testRenameWithNonExistentSource(1160)) - Rename op-> source:o3fs://bucket80016.volume37245/root/dir1 to destin:o3fs://bucket80016.volume37245/root/dir2}
17:33:52.586 [IPC Server handler 15 on default port 15163] ERROR OMAudit - user=runner | ip=127.0.0.1 | op=GET_FILE_STATUS {volume=volume37245, bucket=bucket80016, key=root/dir1, dataSize=0, replicationConfig=null} | ret=FAILURE
org.apache.hadoop.ozone.om.exceptions.OMException: Unable to get file status: volume: volume37245 bucket: bucket80016 key: root/dir1
	at org.apache.hadoop.ozone.om.KeyManagerImpl.getOzoneFileStatus(KeyManagerImpl.java:1227) ~[ozone-manager-1.4.0-SNAPSHOT.jar:?]
	at org.apache.hadoop.ozone.om.KeyManagerImpl.getFileStatus(KeyManagerImpl.java:1145) ~[ozone-manager-1.4.0-SNAPSHOT.jar:?]
	at org.apache.hadoop.ozone.om.OmMetadataReader.getFileStatus(OmMetadataReader.java:266) ~[ozone-manager-1.4.0-SNAPSHOT.jar:?]
	at org.apache.hadoop.ozone.om.OzoneManager.getFileStatus(OzoneManager.java:3585) ~[ozone-manager-1.4.0-SNAPSHOT.jar:?]
	at org.apache.hadoop.ozone.protocolPB.OzoneManagerRequestHandler.getOzoneFileStatus(OzoneManagerRequestHandler.java:998) ~[ozone-manager-1.4.0-SNAPSHOT.jar:?]
	at org.apache.hadoop.ozone.protocolPB.OzoneManagerRequestHandler.handleReadRequest(OzoneManagerRequestHandler.java:259) ~[ozone-manager-1.4.0-SNAPSHOT.jar:?]
	at org.apache.hadoop.ozone.protocolPB.OzoneManagerProtocolServerSideTranslatorPB.submitRequestDirectlyToOM(OzoneManagerProtocolServerSideTranslatorPB.java:274) ~[ozone-manager-1.4.0-SNAPSHOT.jar:?]
	at org.apache.hadoop.ozone.protocolPB.OzoneManagerProtocolServerSideTranslatorPB.processRequest(OzoneManagerProtocolServerSideTranslatorPB.java:175) ~[ozone-manager-1.4.0-SNAPSHOT.jar:?]
	at org.apache.hadoop.hdds.server.OzoneProtocolMessageDispatcher.processRequest(OzoneProtocolMessageDispatcher.java:87) [hdds-server-framework-1.4.0-SNAPSHOT.jar:?]
	at org.apache.hadoop.ozone.protocolPB.OzoneManagerProtocolServerSideTranslatorPB.submitRequest(OzoneManagerProtocolServerSideTranslatorPB.java:148) [ozone-manager-1.4.0-SNAPSHOT.jar:?]
	at org.apache.hadoop.ozone.protocol.proto.OzoneManagerProtocolProtos$OzoneManagerService$2.callBlockingMethod(OzoneManagerProtocolProtos.java) [ozone-interface-client-1.4.0-SNAPSHOT.jar:?]
	at org.apache.hadoop.ipc.ProtobufRpcEngine$Server.processCall(ProtobufRpcEngine.java:484) [hadoop-common-3.3.6.jar:?]
	at org.apache.hadoop.ipc.ProtobufRpcEngine2$Server$ProtoBufRpcInvoker.call(ProtobufRpcEngine2.java:595) [hadoop-common-3.3.6.jar:?]
	at org.apache.hadoop.ipc.ProtobufRpcEngine2$Server$ProtoBufRpcInvoker.call(ProtobufRpcEngine2.java:573) [hadoop-common-3.3.6.jar:?]
	at org.apache.hadoop.ipc.RPC$Server.call(RPC.java:1227) [hadoop-common-3.3.6.jar:?]
	at org.apache.hadoop.ipc.Server$RpcCall.run(Server.java:1094) [hadoop-common-3.3.6.jar:?]
	at org.apache.hadoop.ipc.Server$RpcCall.run(Server.java:1017) [hadoop-common-3.3.6.jar:?]
	at java.security.AccessController.doPrivileged(Native Method) ~[?:1.8.0_382]
	at javax.security.auth.Subject.doAs(Subject.java:422) [?:1.8.0_382]
	at org.apache.hadoop.security.UserGroupInformation.doAs(UserGroupInformation.java:1899) [hadoop-common-3.3.6.jar:?]
	at org.apache.hadoop.ipc.Server$Handler.run(Server.java:3048) [hadoop-common-3.3.6.jar:?]
]]></system-out>
  </testcase>
  <testcase name="testRenameToParentDir" classname="TestOzoneFileSystem" time="0.08">
    <system-out><![CDATA[17:29:52.749 [IPC Server handler 1 on default port 15004] ERROR OMAudit - user=runner | ip=127.0.0.1 | op=LIST_STATUS {volume=volume27687, bucket=bucket94524, key=root_dir/dir2, dataSize=0, replicationConfig=null} | ret=FAILURE
org.apache.hadoop.ozone.om.exceptions.OMException: Unable to get file status: volume: volume27687 bucket: bucket94524 key: root_dir/dir2
	at org.apache.hadoop.ozone.om.KeyManagerImpl.getOzoneFileStatus(KeyManagerImpl.java:1227) ~[ozone-manager-1.4.0-SNAPSHOT.jar:?]
	at org.apache.hadoop.ozone.om.KeyManagerImpl.getFileStatus(KeyManagerImpl.java:1145) ~[ozone-manager-1.4.0-SNAPSHOT.jar:?]
	at org.apache.hadoop.ozone.om.KeyManagerImpl.listStatus(KeyManagerImpl.java:1550) ~[ozone-manager-1.4.0-SNAPSHOT.jar:?]
	at org.apache.hadoop.ozone.om.OmMetadataReader.listStatus(OmMetadataReader.java:239) ~[ozone-manager-1.4.0-SNAPSHOT.jar:?]
	at org.apache.hadoop.ozone.om.OzoneManager.listStatus(OzoneManager.java:3615) ~[ozone-manager-1.4.0-SNAPSHOT.jar:?]
	at org.apache.hadoop.ozone.protocolPB.OzoneManagerRequestHandler.listStatus(OzoneManagerRequestHandler.java:1170) ~[ozone-manager-1.4.0-SNAPSHOT.jar:?]
	at org.apache.hadoop.ozone.protocolPB.OzoneManagerRequestHandler.handleReadRequest(OzoneManagerRequestHandler.java:270) ~[ozone-manager-1.4.0-SNAPSHOT.jar:?]
	at org.apache.hadoop.ozone.protocolPB.OzoneManagerProtocolServerSideTranslatorPB.submitReadRequestToOM(OzoneManagerProtocolServerSideTranslatorPB.java:225) ~[ozone-manager-1.4.0-SNAPSHOT.jar:?]
	at org.apache.hadoop.ozone.protocolPB.OzoneManagerProtocolServerSideTranslatorPB.processRequest(OzoneManagerProtocolServerSideTranslatorPB.java:179) ~[ozone-manager-1.4.0-SNAPSHOT.jar:?]
	at org.apache.hadoop.hdds.server.OzoneProtocolMessageDispatcher.processRequest(OzoneProtocolMessageDispatcher.java:87) [hdds-server-framework-1.4.0-SNAPSHOT.jar:?]
	at org.apache.hadoop.ozone.protocolPB.OzoneManagerProtocolServerSideTranslatorPB.submitRequest(OzoneManagerProtocolServerSideTranslatorPB.java:148) [ozone-manager-1.4.0-SNAPSHOT.jar:?]
	at org.apache.hadoop.ozone.protocol.proto.OzoneManagerProtocolProtos$OzoneManagerService$2.callBlockingMethod(OzoneManagerProtocolProtos.java) [ozone-interface-client-1.4.0-SNAPSHOT.jar:?]
	at org.apache.hadoop.ipc.ProtobufRpcEngine$Server.processCall(ProtobufRpcEngine.java:484) [hadoop-common-3.3.6.jar:?]
	at org.apache.hadoop.ipc.ProtobufRpcEngine2$Server$ProtoBufRpcInvoker.call(ProtobufRpcEngine2.java:595) [hadoop-common-3.3.6.jar:?]
	at org.apache.hadoop.ipc.ProtobufRpcEngine2$Server$ProtoBufRpcInvoker.call(ProtobufRpcEngine2.java:573) [hadoop-common-3.3.6.jar:?]
	at org.apache.hadoop.ipc.RPC$Server.call(RPC.java:1227) [hadoop-common-3.3.6.jar:?]
	at org.apache.hadoop.ipc.Server$RpcCall.run(Server.java:1094) [hadoop-common-3.3.6.jar:?]
	at org.apache.hadoop.ipc.Server$RpcCall.run(Server.java:1017) [hadoop-common-3.3.6.jar:?]
	at java.security.AccessController.doPrivileged(Native Method) ~[?:1.8.0_382]
	at javax.security.auth.Subject.doAs(Subject.java:422) [?:1.8.0_382]
	at org.apache.hadoop.security.UserGroupInformation.doAs(UserGroupInformation.java:1899) [hadoop-common-3.3.6.jar:?]
	at org.apache.hadoop.ipc.Server$Handler.run(Server.java:3048) [hadoop-common-3.3.6.jar:?]
17:29:52.770 [IPC Server handler 11 on default port 15004] ERROR OMAudit - user=runner | ip=127.0.0.1 | op=LIST_STATUS {volume=volume27687, bucket=bucket94524, key=root_dir/file2, dataSize=0, replicationConfig=null} | ret=FAILURE
org.apache.hadoop.ozone.om.exceptions.OMException: Unable to get file status: volume: volume27687 bucket: bucket94524 key: root_dir/file2
	at org.apache.hadoop.ozone.om.KeyManagerImpl.getOzoneFileStatus(KeyManagerImpl.java:1227) ~[ozone-manager-1.4.0-SNAPSHOT.jar:?]
	at org.apache.hadoop.ozone.om.KeyManagerImpl.getFileStatus(KeyManagerImpl.java:1145) ~[ozone-manager-1.4.0-SNAPSHOT.jar:?]
	at org.apache.hadoop.ozone.om.KeyManagerImpl.listStatus(KeyManagerImpl.java:1550) ~[ozone-manager-1.4.0-SNAPSHOT.jar:?]
	at org.apache.hadoop.ozone.om.OmMetadataReader.listStatus(OmMetadataReader.java:239) ~[ozone-manager-1.4.0-SNAPSHOT.jar:?]
	at org.apache.hadoop.ozone.om.OzoneManager.listStatus(OzoneManager.java:3615) ~[ozone-manager-1.4.0-SNAPSHOT.jar:?]
	at org.apache.hadoop.ozone.protocolPB.OzoneManagerRequestHandler.listStatus(OzoneManagerRequestHandler.java:1170) ~[ozone-manager-1.4.0-SNAPSHOT.jar:?]
	at org.apache.hadoop.ozone.protocolPB.OzoneManagerRequestHandler.handleReadRequest(OzoneManagerRequestHandler.java:270) ~[ozone-manager-1.4.0-SNAPSHOT.jar:?]
	at org.apache.hadoop.ozone.protocolPB.OzoneManagerProtocolServerSideTranslatorPB.submitReadRequestToOM(OzoneManagerProtocolServerSideTranslatorPB.java:225) ~[ozone-manager-1.4.0-SNAPSHOT.jar:?]
	at org.apache.hadoop.ozone.protocolPB.OzoneManagerProtocolServerSideTranslatorPB.processRequest(OzoneManagerProtocolServerSideTranslatorPB.java:179) ~[ozone-manager-1.4.0-SNAPSHOT.jar:?]
	at org.apache.hadoop.hdds.server.OzoneProtocolMessageDispatcher.processRequest(OzoneProtocolMessageDispatcher.java:87) [hdds-server-framework-1.4.0-SNAPSHOT.jar:?]
	at org.apache.hadoop.ozone.protocolPB.OzoneManagerProtocolServerSideTranslatorPB.submitRequest(OzoneManagerProtocolServerSideTranslatorPB.java:148) [ozone-manager-1.4.0-SNAPSHOT.jar:?]
	at org.apache.hadoop.ozone.protocol.proto.OzoneManagerProtocolProtos$OzoneManagerService$2.callBlockingMethod(OzoneManagerProtocolProtos.java) [ozone-interface-client-1.4.0-SNAPSHOT.jar:?]
	at org.apache.hadoop.ipc.ProtobufRpcEngine$Server.processCall(ProtobufRpcEngine.java:484) [hadoop-common-3.3.6.jar:?]
	at org.apache.hadoop.ipc.ProtobufRpcEngine2$Server$ProtoBufRpcInvoker.call(ProtobufRpcEngine2.java:595) [hadoop-common-3.3.6.jar:?]
	at org.apache.hadoop.ipc.ProtobufRpcEngine2$Server$ProtoBufRpcInvoker.call(ProtobufRpcEngine2.java:573) [hadoop-common-3.3.6.jar:?]
	at org.apache.hadoop.ipc.RPC$Server.call(RPC.java:1227) [hadoop-common-3.3.6.jar:?]
	at org.apache.hadoop.ipc.Server$RpcCall.run(Server.java:1094) [hadoop-common-3.3.6.jar:?]
	at org.apache.hadoop.ipc.Server$RpcCall.run(Server.java:1017) [hadoop-common-3.3.6.jar:?]
	at java.security.AccessController.doPrivileged(Native Method) ~[?:1.8.0_382]
	at javax.security.auth.Subject.doAs(Subject.java:422) [?:1.8.0_382]
	at org.apache.hadoop.security.UserGroupInformation.doAs(UserGroupInformation.java:1899) [hadoop-common-3.3.6.jar:?]
	at org.apache.hadoop.ipc.Server$Handler.run(Server.java:3048) [hadoop-common-3.3.6.jar:?]
]]></system-out>
  </testcase>
  <testcase name="testRenameToParentDir" classname="TestOzoneFileSystem" time="0.03">
    <system-out><![CDATA[17:31:24.135 [IPC Server handler 16 on default port 15057] ERROR OMAudit - user=runner | ip=127.0.0.1 | op=LIST_STATUS {volume=volume39856, bucket=bucket94778, key=root_dir/dir2, dataSize=0, replicationConfig=null} | ret=FAILURE
org.apache.hadoop.ozone.om.exceptions.OMException: Unable to get file status: volume: volume39856 bucket: bucket94778 key: root_dir/dir2
	at org.apache.hadoop.ozone.om.KeyManagerImpl.getOzoneFileStatus(KeyManagerImpl.java:1227) ~[ozone-manager-1.4.0-SNAPSHOT.jar:?]
	at org.apache.hadoop.ozone.om.KeyManagerImpl.getFileStatus(KeyManagerImpl.java:1145) ~[ozone-manager-1.4.0-SNAPSHOT.jar:?]
	at org.apache.hadoop.ozone.om.KeyManagerImpl.listStatus(KeyManagerImpl.java:1550) ~[ozone-manager-1.4.0-SNAPSHOT.jar:?]
	at org.apache.hadoop.ozone.om.OmMetadataReader.listStatus(OmMetadataReader.java:239) ~[ozone-manager-1.4.0-SNAPSHOT.jar:?]
	at org.apache.hadoop.ozone.om.OzoneManager.listStatus(OzoneManager.java:3615) ~[ozone-manager-1.4.0-SNAPSHOT.jar:?]
	at org.apache.hadoop.ozone.protocolPB.OzoneManagerRequestHandler.listStatus(OzoneManagerRequestHandler.java:1170) ~[ozone-manager-1.4.0-SNAPSHOT.jar:?]
	at org.apache.hadoop.ozone.protocolPB.OzoneManagerRequestHandler.handleReadRequest(OzoneManagerRequestHandler.java:270) ~[ozone-manager-1.4.0-SNAPSHOT.jar:?]
	at org.apache.hadoop.ozone.protocolPB.OzoneManagerProtocolServerSideTranslatorPB.submitRequestDirectlyToOM(OzoneManagerProtocolServerSideTranslatorPB.java:274) ~[ozone-manager-1.4.0-SNAPSHOT.jar:?]
	at org.apache.hadoop.ozone.protocolPB.OzoneManagerProtocolServerSideTranslatorPB.processRequest(OzoneManagerProtocolServerSideTranslatorPB.java:175) ~[ozone-manager-1.4.0-SNAPSHOT.jar:?]
	at org.apache.hadoop.hdds.server.OzoneProtocolMessageDispatcher.processRequest(OzoneProtocolMessageDispatcher.java:87) [hdds-server-framework-1.4.0-SNAPSHOT.jar:?]
	at org.apache.hadoop.ozone.protocolPB.OzoneManagerProtocolServerSideTranslatorPB.submitRequest(OzoneManagerProtocolServerSideTranslatorPB.java:148) [ozone-manager-1.4.0-SNAPSHOT.jar:?]
	at org.apache.hadoop.ozone.protocol.proto.OzoneManagerProtocolProtos$OzoneManagerService$2.callBlockingMethod(OzoneManagerProtocolProtos.java) [ozone-interface-client-1.4.0-SNAPSHOT.jar:?]
	at org.apache.hadoop.ipc.ProtobufRpcEngine$Server.processCall(ProtobufRpcEngine.java:484) [hadoop-common-3.3.6.jar:?]
	at org.apache.hadoop.ipc.ProtobufRpcEngine2$Server$ProtoBufRpcInvoker.call(ProtobufRpcEngine2.java:595) [hadoop-common-3.3.6.jar:?]
	at org.apache.hadoop.ipc.ProtobufRpcEngine2$Server$ProtoBufRpcInvoker.call(ProtobufRpcEngine2.java:573) [hadoop-common-3.3.6.jar:?]
	at org.apache.hadoop.ipc.RPC$Server.call(RPC.java:1227) [hadoop-common-3.3.6.jar:?]
	at org.apache.hadoop.ipc.Server$RpcCall.run(Server.java:1094) [hadoop-common-3.3.6.jar:?]
	at org.apache.hadoop.ipc.Server$RpcCall.run(Server.java:1017) [hadoop-common-3.3.6.jar:?]
	at java.security.AccessController.doPrivileged(Native Method) ~[?:1.8.0_382]
	at javax.security.auth.Subject.doAs(Subject.java:422) [?:1.8.0_382]
	at org.apache.hadoop.security.UserGroupInformation.doAs(UserGroupInformation.java:1899) [hadoop-common-3.3.6.jar:?]
	at org.apache.hadoop.ipc.Server$Handler.run(Server.java:3048) [hadoop-common-3.3.6.jar:?]
17:31:24.142 [IPC Server handler 6 on default port 15057] ERROR OMAudit - user=runner | ip=127.0.0.1 | op=LIST_STATUS {volume=volume39856, bucket=bucket94778, key=root_dir/file2, dataSize=0, replicationConfig=null} | ret=FAILURE
org.apache.hadoop.ozone.om.exceptions.OMException: Unable to get file status: volume: volume39856 bucket: bucket94778 key: root_dir/file2
	at org.apache.hadoop.ozone.om.KeyManagerImpl.getOzoneFileStatus(KeyManagerImpl.java:1227) ~[ozone-manager-1.4.0-SNAPSHOT.jar:?]
	at org.apache.hadoop.ozone.om.KeyManagerImpl.getFileStatus(KeyManagerImpl.java:1145) ~[ozone-manager-1.4.0-SNAPSHOT.jar:?]
	at org.apache.hadoop.ozone.om.KeyManagerImpl.listStatus(KeyManagerImpl.java:1550) ~[ozone-manager-1.4.0-SNAPSHOT.jar:?]
	at org.apache.hadoop.ozone.om.OmMetadataReader.listStatus(OmMetadataReader.java:239) ~[ozone-manager-1.4.0-SNAPSHOT.jar:?]
	at org.apache.hadoop.ozone.om.OzoneManager.listStatus(OzoneManager.java:3615) ~[ozone-manager-1.4.0-SNAPSHOT.jar:?]
	at org.apache.hadoop.ozone.protocolPB.OzoneManagerRequestHandler.listStatus(OzoneManagerRequestHandler.java:1170) ~[ozone-manager-1.4.0-SNAPSHOT.jar:?]
	at org.apache.hadoop.ozone.protocolPB.OzoneManagerRequestHandler.handleReadRequest(OzoneManagerRequestHandler.java:270) ~[ozone-manager-1.4.0-SNAPSHOT.jar:?]
	at org.apache.hadoop.ozone.protocolPB.OzoneManagerProtocolServerSideTranslatorPB.submitRequestDirectlyToOM(OzoneManagerProtocolServerSideTranslatorPB.java:274) ~[ozone-manager-1.4.0-SNAPSHOT.jar:?]
	at org.apache.hadoop.ozone.protocolPB.OzoneManagerProtocolServerSideTranslatorPB.processRequest(OzoneManagerProtocolServerSideTranslatorPB.java:175) ~[ozone-manager-1.4.0-SNAPSHOT.jar:?]
	at org.apache.hadoop.hdds.server.OzoneProtocolMessageDispatcher.processRequest(OzoneProtocolMessageDispatcher.java:87) [hdds-server-framework-1.4.0-SNAPSHOT.jar:?]
	at org.apache.hadoop.ozone.protocolPB.OzoneManagerProtocolServerSideTranslatorPB.submitRequest(OzoneManagerProtocolServerSideTranslatorPB.java:148) [ozone-manager-1.4.0-SNAPSHOT.jar:?]
	at org.apache.hadoop.ozone.protocol.proto.OzoneManagerProtocolProtos$OzoneManagerService$2.callBlockingMethod(OzoneManagerProtocolProtos.java) [ozone-interface-client-1.4.0-SNAPSHOT.jar:?]
	at org.apache.hadoop.ipc.ProtobufRpcEngine$Server.processCall(ProtobufRpcEngine.java:484) [hadoop-common-3.3.6.jar:?]
	at org.apache.hadoop.ipc.ProtobufRpcEngine2$Server$ProtoBufRpcInvoker.call(ProtobufRpcEngine2.java:595) [hadoop-common-3.3.6.jar:?]
	at org.apache.hadoop.ipc.ProtobufRpcEngine2$Server$ProtoBufRpcInvoker.call(ProtobufRpcEngine2.java:573) [hadoop-common-3.3.6.jar:?]
	at org.apache.hadoop.ipc.RPC$Server.call(RPC.java:1227) [hadoop-common-3.3.6.jar:?]
	at org.apache.hadoop.ipc.Server$RpcCall.run(Server.java:1094) [hadoop-common-3.3.6.jar:?]
	at org.apache.hadoop.ipc.Server$RpcCall.run(Server.java:1017) [hadoop-common-3.3.6.jar:?]
	at java.security.AccessController.doPrivileged(Native Method) ~[?:1.8.0_382]
	at javax.security.auth.Subject.doAs(Subject.java:422) [?:1.8.0_382]
	at org.apache.hadoop.security.UserGroupInformation.doAs(UserGroupInformation.java:1899) [hadoop-common-3.3.6.jar:?]
	at org.apache.hadoop.ipc.Server$Handler.run(Server.java:3048) [hadoop-common-3.3.6.jar:?]
]]></system-out>
  </testcase>
  <testcase name="testRenameToParentDir" classname="TestOzoneFileSystem" time="0.028">
    <system-out><![CDATA[17:32:34.671 [IPC Server handler 1 on default port 15110] ERROR OMAudit - user=runner | ip=127.0.0.1 | op=LIST_STATUS {volume=volume98659, bucket=bucket57585, key=root_dir/dir2, dataSize=0, replicationConfig=null} | ret=FAILURE
org.apache.hadoop.ozone.om.exceptions.OMException: Unable to get file status: volume: volume98659 bucket: bucket57585 key: root_dir/dir2
	at org.apache.hadoop.ozone.om.KeyManagerImpl.getOzoneFileStatus(KeyManagerImpl.java:1227) ~[ozone-manager-1.4.0-SNAPSHOT.jar:?]
	at org.apache.hadoop.ozone.om.KeyManagerImpl.getFileStatus(KeyManagerImpl.java:1145) ~[ozone-manager-1.4.0-SNAPSHOT.jar:?]
	at org.apache.hadoop.ozone.om.KeyManagerImpl.listStatus(KeyManagerImpl.java:1550) ~[ozone-manager-1.4.0-SNAPSHOT.jar:?]
	at org.apache.hadoop.ozone.om.OmMetadataReader.listStatus(OmMetadataReader.java:239) ~[ozone-manager-1.4.0-SNAPSHOT.jar:?]
	at org.apache.hadoop.ozone.om.OzoneManager.listStatus(OzoneManager.java:3615) ~[ozone-manager-1.4.0-SNAPSHOT.jar:?]
	at org.apache.hadoop.ozone.protocolPB.OzoneManagerRequestHandler.listStatus(OzoneManagerRequestHandler.java:1170) ~[ozone-manager-1.4.0-SNAPSHOT.jar:?]
	at org.apache.hadoop.ozone.protocolPB.OzoneManagerRequestHandler.handleReadRequest(OzoneManagerRequestHandler.java:270) ~[ozone-manager-1.4.0-SNAPSHOT.jar:?]
	at org.apache.hadoop.ozone.protocolPB.OzoneManagerProtocolServerSideTranslatorPB.submitReadRequestToOM(OzoneManagerProtocolServerSideTranslatorPB.java:225) ~[ozone-manager-1.4.0-SNAPSHOT.jar:?]
	at org.apache.hadoop.ozone.protocolPB.OzoneManagerProtocolServerSideTranslatorPB.processRequest(OzoneManagerProtocolServerSideTranslatorPB.java:179) ~[ozone-manager-1.4.0-SNAPSHOT.jar:?]
	at org.apache.hadoop.hdds.server.OzoneProtocolMessageDispatcher.processRequest(OzoneProtocolMessageDispatcher.java:87) [hdds-server-framework-1.4.0-SNAPSHOT.jar:?]
	at org.apache.hadoop.ozone.protocolPB.OzoneManagerProtocolServerSideTranslatorPB.submitRequest(OzoneManagerProtocolServerSideTranslatorPB.java:148) [ozone-manager-1.4.0-SNAPSHOT.jar:?]
	at org.apache.hadoop.ozone.protocol.proto.OzoneManagerProtocolProtos$OzoneManagerService$2.callBlockingMethod(OzoneManagerProtocolProtos.java) [ozone-interface-client-1.4.0-SNAPSHOT.jar:?]
	at org.apache.hadoop.ipc.ProtobufRpcEngine$Server.processCall(ProtobufRpcEngine.java:484) [hadoop-common-3.3.6.jar:?]
	at org.apache.hadoop.ipc.ProtobufRpcEngine2$Server$ProtoBufRpcInvoker.call(ProtobufRpcEngine2.java:595) [hadoop-common-3.3.6.jar:?]
	at org.apache.hadoop.ipc.ProtobufRpcEngine2$Server$ProtoBufRpcInvoker.call(ProtobufRpcEngine2.java:573) [hadoop-common-3.3.6.jar:?]
	at org.apache.hadoop.ipc.RPC$Server.call(RPC.java:1227) [hadoop-common-3.3.6.jar:?]
	at org.apache.hadoop.ipc.Server$RpcCall.run(Server.java:1094) [hadoop-common-3.3.6.jar:?]
	at org.apache.hadoop.ipc.Server$RpcCall.run(Server.java:1017) [hadoop-common-3.3.6.jar:?]
	at java.security.AccessController.doPrivileged(Native Method) ~[?:1.8.0_382]
	at javax.security.auth.Subject.doAs(Subject.java:422) [?:1.8.0_382]
	at org.apache.hadoop.security.UserGroupInformation.doAs(UserGroupInformation.java:1899) [hadoop-common-3.3.6.jar:?]
	at org.apache.hadoop.ipc.Server$Handler.run(Server.java:3048) [hadoop-common-3.3.6.jar:?]
17:32:34.678 [IPC Server handler 10 on default port 15110] ERROR OMAudit - user=runner | ip=127.0.0.1 | op=LIST_STATUS {volume=volume98659, bucket=bucket57585, key=root_dir/file2, dataSize=0, replicationConfig=null} | ret=FAILURE
org.apache.hadoop.ozone.om.exceptions.OMException: Unable to get file status: volume: volume98659 bucket: bucket57585 key: root_dir/file2
	at org.apache.hadoop.ozone.om.KeyManagerImpl.getOzoneFileStatus(KeyManagerImpl.java:1227) ~[ozone-manager-1.4.0-SNAPSHOT.jar:?]
	at org.apache.hadoop.ozone.om.KeyManagerImpl.getFileStatus(KeyManagerImpl.java:1145) ~[ozone-manager-1.4.0-SNAPSHOT.jar:?]
	at org.apache.hadoop.ozone.om.KeyManagerImpl.listStatus(KeyManagerImpl.java:1550) ~[ozone-manager-1.4.0-SNAPSHOT.jar:?]
	at org.apache.hadoop.ozone.om.OmMetadataReader.listStatus(OmMetadataReader.java:239) ~[ozone-manager-1.4.0-SNAPSHOT.jar:?]
	at org.apache.hadoop.ozone.om.OzoneManager.listStatus(OzoneManager.java:3615) ~[ozone-manager-1.4.0-SNAPSHOT.jar:?]
	at org.apache.hadoop.ozone.protocolPB.OzoneManagerRequestHandler.listStatus(OzoneManagerRequestHandler.java:1170) ~[ozone-manager-1.4.0-SNAPSHOT.jar:?]
	at org.apache.hadoop.ozone.protocolPB.OzoneManagerRequestHandler.handleReadRequest(OzoneManagerRequestHandler.java:270) ~[ozone-manager-1.4.0-SNAPSHOT.jar:?]
	at org.apache.hadoop.ozone.protocolPB.OzoneManagerProtocolServerSideTranslatorPB.submitReadRequestToOM(OzoneManagerProtocolServerSideTranslatorPB.java:225) ~[ozone-manager-1.4.0-SNAPSHOT.jar:?]
	at org.apache.hadoop.ozone.protocolPB.OzoneManagerProtocolServerSideTranslatorPB.processRequest(OzoneManagerProtocolServerSideTranslatorPB.java:179) ~[ozone-manager-1.4.0-SNAPSHOT.jar:?]
	at org.apache.hadoop.hdds.server.OzoneProtocolMessageDispatcher.processRequest(OzoneProtocolMessageDispatcher.java:87) [hdds-server-framework-1.4.0-SNAPSHOT.jar:?]
	at org.apache.hadoop.ozone.protocolPB.OzoneManagerProtocolServerSideTranslatorPB.submitRequest(OzoneManagerProtocolServerSideTranslatorPB.java:148) [ozone-manager-1.4.0-SNAPSHOT.jar:?]
	at org.apache.hadoop.ozone.protocol.proto.OzoneManagerProtocolProtos$OzoneManagerService$2.callBlockingMethod(OzoneManagerProtocolProtos.java) [ozone-interface-client-1.4.0-SNAPSHOT.jar:?]
	at org.apache.hadoop.ipc.ProtobufRpcEngine$Server.processCall(ProtobufRpcEngine.java:484) [hadoop-common-3.3.6.jar:?]
	at org.apache.hadoop.ipc.ProtobufRpcEngine2$Server$ProtoBufRpcInvoker.call(ProtobufRpcEngine2.java:595) [hadoop-common-3.3.6.jar:?]
	at org.apache.hadoop.ipc.ProtobufRpcEngine2$Server$ProtoBufRpcInvoker.call(ProtobufRpcEngine2.java:573) [hadoop-common-3.3.6.jar:?]
	at org.apache.hadoop.ipc.RPC$Server.call(RPC.java:1227) [hadoop-common-3.3.6.jar:?]
	at org.apache.hadoop.ipc.Server$RpcCall.run(Server.java:1094) [hadoop-common-3.3.6.jar:?]
	at org.apache.hadoop.ipc.Server$RpcCall.run(Server.java:1017) [hadoop-common-3.3.6.jar:?]
	at java.security.AccessController.doPrivileged(Native Method) ~[?:1.8.0_382]
	at javax.security.auth.Subject.doAs(Subject.java:422) [?:1.8.0_382]
	at org.apache.hadoop.security.UserGroupInformation.doAs(UserGroupInformation.java:1899) [hadoop-common-3.3.6.jar:?]
	at org.apache.hadoop.ipc.Server$Handler.run(Server.java:3048) [hadoop-common-3.3.6.jar:?]
]]></system-out>
  </testcase>
  <testcase name="testRenameToParentDir" classname="TestOzoneFileSystem" time="0.025">
    <system-out><![CDATA[17:33:52.599 [IPC Server handler 7 on default port 15163] ERROR OMAudit - user=runner | ip=127.0.0.1 | op=LIST_STATUS {volume=volume37245, bucket=bucket80016, key=root_dir/dir2, dataSize=0, replicationConfig=null} | ret=FAILURE
org.apache.hadoop.ozone.om.exceptions.OMException: Unable to get file status: volume: volume37245 bucket: bucket80016 key: root_dir/dir2
	at org.apache.hadoop.ozone.om.KeyManagerImpl.getOzoneFileStatus(KeyManagerImpl.java:1227) ~[ozone-manager-1.4.0-SNAPSHOT.jar:?]
	at org.apache.hadoop.ozone.om.KeyManagerImpl.getFileStatus(KeyManagerImpl.java:1145) ~[ozone-manager-1.4.0-SNAPSHOT.jar:?]
	at org.apache.hadoop.ozone.om.KeyManagerImpl.listStatus(KeyManagerImpl.java:1550) ~[ozone-manager-1.4.0-SNAPSHOT.jar:?]
	at org.apache.hadoop.ozone.om.OmMetadataReader.listStatus(OmMetadataReader.java:239) ~[ozone-manager-1.4.0-SNAPSHOT.jar:?]
	at org.apache.hadoop.ozone.om.OzoneManager.listStatus(OzoneManager.java:3615) ~[ozone-manager-1.4.0-SNAPSHOT.jar:?]
	at org.apache.hadoop.ozone.protocolPB.OzoneManagerRequestHandler.listStatus(OzoneManagerRequestHandler.java:1170) ~[ozone-manager-1.4.0-SNAPSHOT.jar:?]
	at org.apache.hadoop.ozone.protocolPB.OzoneManagerRequestHandler.handleReadRequest(OzoneManagerRequestHandler.java:270) ~[ozone-manager-1.4.0-SNAPSHOT.jar:?]
	at org.apache.hadoop.ozone.protocolPB.OzoneManagerProtocolServerSideTranslatorPB.submitRequestDirectlyToOM(OzoneManagerProtocolServerSideTranslatorPB.java:274) ~[ozone-manager-1.4.0-SNAPSHOT.jar:?]
	at org.apache.hadoop.ozone.protocolPB.OzoneManagerProtocolServerSideTranslatorPB.processRequest(OzoneManagerProtocolServerSideTranslatorPB.java:175) ~[ozone-manager-1.4.0-SNAPSHOT.jar:?]
	at org.apache.hadoop.hdds.server.OzoneProtocolMessageDispatcher.processRequest(OzoneProtocolMessageDispatcher.java:87) [hdds-server-framework-1.4.0-SNAPSHOT.jar:?]
	at org.apache.hadoop.ozone.protocolPB.OzoneManagerProtocolServerSideTranslatorPB.submitRequest(OzoneManagerProtocolServerSideTranslatorPB.java:148) [ozone-manager-1.4.0-SNAPSHOT.jar:?]
	at org.apache.hadoop.ozone.protocol.proto.OzoneManagerProtocolProtos$OzoneManagerService$2.callBlockingMethod(OzoneManagerProtocolProtos.java) [ozone-interface-client-1.4.0-SNAPSHOT.jar:?]
	at org.apache.hadoop.ipc.ProtobufRpcEngine$Server.processCall(ProtobufRpcEngine.java:484) [hadoop-common-3.3.6.jar:?]
	at org.apache.hadoop.ipc.ProtobufRpcEngine2$Server$ProtoBufRpcInvoker.call(ProtobufRpcEngine2.java:595) [hadoop-common-3.3.6.jar:?]
	at org.apache.hadoop.ipc.ProtobufRpcEngine2$Server$ProtoBufRpcInvoker.call(ProtobufRpcEngine2.java:573) [hadoop-common-3.3.6.jar:?]
	at org.apache.hadoop.ipc.RPC$Server.call(RPC.java:1227) [hadoop-common-3.3.6.jar:?]
	at org.apache.hadoop.ipc.Server$RpcCall.run(Server.java:1094) [hadoop-common-3.3.6.jar:?]
	at org.apache.hadoop.ipc.Server$RpcCall.run(Server.java:1017) [hadoop-common-3.3.6.jar:?]
	at java.security.AccessController.doPrivileged(Native Method) ~[?:1.8.0_382]
	at javax.security.auth.Subject.doAs(Subject.java:422) [?:1.8.0_382]
	at org.apache.hadoop.security.UserGroupInformation.doAs(UserGroupInformation.java:1899) [hadoop-common-3.3.6.jar:?]
	at org.apache.hadoop.ipc.Server$Handler.run(Server.java:3048) [hadoop-common-3.3.6.jar:?]
17:33:52.606 [IPC Server handler 17 on default port 15163] ERROR OMAudit - user=runner | ip=127.0.0.1 | op=LIST_STATUS {volume=volume37245, bucket=bucket80016, key=root_dir/file2, dataSize=0, replicationConfig=null} | ret=FAILURE
org.apache.hadoop.ozone.om.exceptions.OMException: Unable to get file status: volume: volume37245 bucket: bucket80016 key: root_dir/file2
	at org.apache.hadoop.ozone.om.KeyManagerImpl.getOzoneFileStatus(KeyManagerImpl.java:1227) ~[ozone-manager-1.4.0-SNAPSHOT.jar:?]
	at org.apache.hadoop.ozone.om.KeyManagerImpl.getFileStatus(KeyManagerImpl.java:1145) ~[ozone-manager-1.4.0-SNAPSHOT.jar:?]
	at org.apache.hadoop.ozone.om.KeyManagerImpl.listStatus(KeyManagerImpl.java:1550) ~[ozone-manager-1.4.0-SNAPSHOT.jar:?]
	at org.apache.hadoop.ozone.om.OmMetadataReader.listStatus(OmMetadataReader.java:239) ~[ozone-manager-1.4.0-SNAPSHOT.jar:?]
	at org.apache.hadoop.ozone.om.OzoneManager.listStatus(OzoneManager.java:3615) ~[ozone-manager-1.4.0-SNAPSHOT.jar:?]
	at org.apache.hadoop.ozone.protocolPB.OzoneManagerRequestHandler.listStatus(OzoneManagerRequestHandler.java:1170) ~[ozone-manager-1.4.0-SNAPSHOT.jar:?]
	at org.apache.hadoop.ozone.protocolPB.OzoneManagerRequestHandler.handleReadRequest(OzoneManagerRequestHandler.java:270) ~[ozone-manager-1.4.0-SNAPSHOT.jar:?]
	at org.apache.hadoop.ozone.protocolPB.OzoneManagerProtocolServerSideTranslatorPB.submitRequestDirectlyToOM(OzoneManagerProtocolServerSideTranslatorPB.java:274) ~[ozone-manager-1.4.0-SNAPSHOT.jar:?]
	at org.apache.hadoop.ozone.protocolPB.OzoneManagerProtocolServerSideTranslatorPB.processRequest(OzoneManagerProtocolServerSideTranslatorPB.java:175) ~[ozone-manager-1.4.0-SNAPSHOT.jar:?]
	at org.apache.hadoop.hdds.server.OzoneProtocolMessageDispatcher.processRequest(OzoneProtocolMessageDispatcher.java:87) [hdds-server-framework-1.4.0-SNAPSHOT.jar:?]
	at org.apache.hadoop.ozone.protocolPB.OzoneManagerProtocolServerSideTranslatorPB.submitRequest(OzoneManagerProtocolServerSideTranslatorPB.java:148) [ozone-manager-1.4.0-SNAPSHOT.jar:?]
	at org.apache.hadoop.ozone.protocol.proto.OzoneManagerProtocolProtos$OzoneManagerService$2.callBlockingMethod(OzoneManagerProtocolProtos.java) [ozone-interface-client-1.4.0-SNAPSHOT.jar:?]
	at org.apache.hadoop.ipc.ProtobufRpcEngine$Server.processCall(ProtobufRpcEngine.java:484) [hadoop-common-3.3.6.jar:?]
	at org.apache.hadoop.ipc.ProtobufRpcEngine2$Server$ProtoBufRpcInvoker.call(ProtobufRpcEngine2.java:595) [hadoop-common-3.3.6.jar:?]
	at org.apache.hadoop.ipc.ProtobufRpcEngine2$Server$ProtoBufRpcInvoker.call(ProtobufRpcEngine2.java:573) [hadoop-common-3.3.6.jar:?]
	at org.apache.hadoop.ipc.RPC$Server.call(RPC.java:1227) [hadoop-common-3.3.6.jar:?]
	at org.apache.hadoop.ipc.Server$RpcCall.run(Server.java:1094) [hadoop-common-3.3.6.jar:?]
	at org.apache.hadoop.ipc.Server$RpcCall.run(Server.java:1017) [hadoop-common-3.3.6.jar:?]
	at java.security.AccessController.doPrivileged(Native Method) ~[?:1.8.0_382]
	at javax.security.auth.Subject.doAs(Subject.java:422) [?:1.8.0_382]
	at org.apache.hadoop.security.UserGroupInformation.doAs(UserGroupInformation.java:1899) [hadoop-common-3.3.6.jar:?]
	at org.apache.hadoop.ipc.Server$Handler.run(Server.java:3048) [hadoop-common-3.3.6.jar:?]
]]></system-out>
  </testcase>
  <testcase name="testListStatusOnSubDirs" classname="TestOzoneFileSystem" time="0.065"/>
  <testcase name="testListStatusOnSubDirs" classname="TestOzoneFileSystem" time="0.026"/>
  <testcase name="testListStatusOnSubDirs" classname="TestOzoneFileSystem" time="0.026"/>
  <testcase name="testListStatusOnSubDirs" classname="TestOzoneFileSystem" time="0.017"/>
  <testcase name="testListStatus" classname="TestOzoneFileSystem" time="0.096"/>
  <testcase name="testListStatus" classname="TestOzoneFileSystem" time="0.041"/>
  <testcase name="testListStatus" classname="TestOzoneFileSystem" time="0.036"/>
  <testcase name="testListStatus" classname="TestOzoneFileSystem" time="0.029"/>
  <testcase name="testRecursiveDelete" classname="TestOzoneFileSystem" time="0.433">
    <system-out><![CDATA[17:29:53.155 [IPC Server handler 19 on default port 15004] ERROR OMAudit - user=runner | ip=127.0.0.1 | op=GET_FILE_STATUS {volume=volume27687, bucket=bucket94524, key=gdir1, dataSize=0, replicationConfig=null} | ret=FAILURE
org.apache.hadoop.ozone.om.exceptions.OMException: Unable to get file status: volume: volume27687 bucket: bucket94524 key: gdir1
	at org.apache.hadoop.ozone.om.KeyManagerImpl.getOzoneFileStatus(KeyManagerImpl.java:1227) ~[ozone-manager-1.4.0-SNAPSHOT.jar:?]
	at org.apache.hadoop.ozone.om.KeyManagerImpl.getFileStatus(KeyManagerImpl.java:1145) ~[ozone-manager-1.4.0-SNAPSHOT.jar:?]
	at org.apache.hadoop.ozone.om.OmMetadataReader.getFileStatus(OmMetadataReader.java:266) ~[ozone-manager-1.4.0-SNAPSHOT.jar:?]
	at org.apache.hadoop.ozone.om.OzoneManager.getFileStatus(OzoneManager.java:3585) ~[ozone-manager-1.4.0-SNAPSHOT.jar:?]
	at org.apache.hadoop.ozone.protocolPB.OzoneManagerRequestHandler.getOzoneFileStatus(OzoneManagerRequestHandler.java:998) ~[ozone-manager-1.4.0-SNAPSHOT.jar:?]
	at org.apache.hadoop.ozone.protocolPB.OzoneManagerRequestHandler.handleReadRequest(OzoneManagerRequestHandler.java:259) ~[ozone-manager-1.4.0-SNAPSHOT.jar:?]
	at org.apache.hadoop.ozone.protocolPB.OzoneManagerProtocolServerSideTranslatorPB.submitReadRequestToOM(OzoneManagerProtocolServerSideTranslatorPB.java:225) ~[ozone-manager-1.4.0-SNAPSHOT.jar:?]
	at org.apache.hadoop.ozone.protocolPB.OzoneManagerProtocolServerSideTranslatorPB.processRequest(OzoneManagerProtocolServerSideTranslatorPB.java:179) ~[ozone-manager-1.4.0-SNAPSHOT.jar:?]
	at org.apache.hadoop.hdds.server.OzoneProtocolMessageDispatcher.processRequest(OzoneProtocolMessageDispatcher.java:87) [hdds-server-framework-1.4.0-SNAPSHOT.jar:?]
	at org.apache.hadoop.ozone.protocolPB.OzoneManagerProtocolServerSideTranslatorPB.submitRequest(OzoneManagerProtocolServerSideTranslatorPB.java:148) [ozone-manager-1.4.0-SNAPSHOT.jar:?]
	at org.apache.hadoop.ozone.protocol.proto.OzoneManagerProtocolProtos$OzoneManagerService$2.callBlockingMethod(OzoneManagerProtocolProtos.java) [ozone-interface-client-1.4.0-SNAPSHOT.jar:?]
	at org.apache.hadoop.ipc.ProtobufRpcEngine$Server.processCall(ProtobufRpcEngine.java:484) [hadoop-common-3.3.6.jar:?]
	at org.apache.hadoop.ipc.ProtobufRpcEngine2$Server$ProtoBufRpcInvoker.call(ProtobufRpcEngine2.java:595) [hadoop-common-3.3.6.jar:?]
	at org.apache.hadoop.ipc.ProtobufRpcEngine2$Server$ProtoBufRpcInvoker.call(ProtobufRpcEngine2.java:573) [hadoop-common-3.3.6.jar:?]
	at org.apache.hadoop.ipc.RPC$Server.call(RPC.java:1227) [hadoop-common-3.3.6.jar:?]
	at org.apache.hadoop.ipc.Server$RpcCall.run(Server.java:1094) [hadoop-common-3.3.6.jar:?]
	at org.apache.hadoop.ipc.Server$RpcCall.run(Server.java:1017) [hadoop-common-3.3.6.jar:?]
	at java.security.AccessController.doPrivileged(Native Method) ~[?:1.8.0_382]
	at javax.security.auth.Subject.doAs(Subject.java:422) [?:1.8.0_382]
	at org.apache.hadoop.security.UserGroupInformation.doAs(UserGroupInformation.java:1899) [hadoop-common-3.3.6.jar:?]
	at org.apache.hadoop.ipc.Server$Handler.run(Server.java:3048) [hadoop-common-3.3.6.jar:?]
17:29:53.157 [IPC Server handler 0 on default port 15004] ERROR OMAudit - user=runner | ip=127.0.0.1 | op=GET_FILE_STATUS {volume=volume27687, bucket=bucket94524, key=gdir1/dir1, dataSize=0, replicationConfig=null} | ret=FAILURE
org.apache.hadoop.ozone.om.exceptions.OMException: Unable to get file status: volume: volume27687 bucket: bucket94524 key: gdir1/dir1
	at org.apache.hadoop.ozone.om.KeyManagerImpl.getOzoneFileStatus(KeyManagerImpl.java:1227) ~[ozone-manager-1.4.0-SNAPSHOT.jar:?]
	at org.apache.hadoop.ozone.om.KeyManagerImpl.getFileStatus(KeyManagerImpl.java:1145) ~[ozone-manager-1.4.0-SNAPSHOT.jar:?]
	at org.apache.hadoop.ozone.om.OmMetadataReader.getFileStatus(OmMetadataReader.java:266) ~[ozone-manager-1.4.0-SNAPSHOT.jar:?]
	at org.apache.hadoop.ozone.om.OzoneManager.getFileStatus(OzoneManager.java:3585) ~[ozone-manager-1.4.0-SNAPSHOT.jar:?]
	at org.apache.hadoop.ozone.protocolPB.OzoneManagerRequestHandler.getOzoneFileStatus(OzoneManagerRequestHandler.java:998) ~[ozone-manager-1.4.0-SNAPSHOT.jar:?]
	at org.apache.hadoop.ozone.protocolPB.OzoneManagerRequestHandler.handleReadRequest(OzoneManagerRequestHandler.java:259) ~[ozone-manager-1.4.0-SNAPSHOT.jar:?]
	at org.apache.hadoop.ozone.protocolPB.OzoneManagerProtocolServerSideTranslatorPB.submitReadRequestToOM(OzoneManagerProtocolServerSideTranslatorPB.java:225) ~[ozone-manager-1.4.0-SNAPSHOT.jar:?]
	at org.apache.hadoop.ozone.protocolPB.OzoneManagerProtocolServerSideTranslatorPB.processRequest(OzoneManagerProtocolServerSideTranslatorPB.java:179) ~[ozone-manager-1.4.0-SNAPSHOT.jar:?]
	at org.apache.hadoop.hdds.server.OzoneProtocolMessageDispatcher.processRequest(OzoneProtocolMessageDispatcher.java:87) [hdds-server-framework-1.4.0-SNAPSHOT.jar:?]
	at org.apache.hadoop.ozone.protocolPB.OzoneManagerProtocolServerSideTranslatorPB.submitRequest(OzoneManagerProtocolServerSideTranslatorPB.java:148) [ozone-manager-1.4.0-SNAPSHOT.jar:?]
	at org.apache.hadoop.ozone.protocol.proto.OzoneManagerProtocolProtos$OzoneManagerService$2.callBlockingMethod(OzoneManagerProtocolProtos.java) [ozone-interface-client-1.4.0-SNAPSHOT.jar:?]
	at org.apache.hadoop.ipc.ProtobufRpcEngine$Server.processCall(ProtobufRpcEngine.java:484) [hadoop-common-3.3.6.jar:?]
	at org.apache.hadoop.ipc.ProtobufRpcEngine2$Server$ProtoBufRpcInvoker.call(ProtobufRpcEngine2.java:595) [hadoop-common-3.3.6.jar:?]
	at org.apache.hadoop.ipc.ProtobufRpcEngine2$Server$ProtoBufRpcInvoker.call(ProtobufRpcEngine2.java:573) [hadoop-common-3.3.6.jar:?]
	at org.apache.hadoop.ipc.RPC$Server.call(RPC.java:1227) [hadoop-common-3.3.6.jar:?]
	at org.apache.hadoop.ipc.Server$RpcCall.run(Server.java:1094) [hadoop-common-3.3.6.jar:?]
	at org.apache.hadoop.ipc.Server$RpcCall.run(Server.java:1017) [hadoop-common-3.3.6.jar:?]
	at java.security.AccessController.doPrivileged(Native Method) ~[?:1.8.0_382]
	at javax.security.auth.Subject.doAs(Subject.java:422) [?:1.8.0_382]
	at org.apache.hadoop.security.UserGroupInformation.doAs(UserGroupInformation.java:1899) [hadoop-common-3.3.6.jar:?]
	at org.apache.hadoop.ipc.Server$Handler.run(Server.java:3048) [hadoop-common-3.3.6.jar:?]
17:29:53.159 [IPC Server handler 1 on default port 15004] ERROR OMAudit - user=runner | ip=127.0.0.1 | op=GET_FILE_STATUS {volume=volume27687, bucket=bucket94524, key=gdir1/dir1/child, dataSize=0, replicationConfig=null} | ret=FAILURE
org.apache.hadoop.ozone.om.exceptions.OMException: Unable to get file status: volume: volume27687 bucket: bucket94524 key: gdir1/dir1/child
	at org.apache.hadoop.ozone.om.KeyManagerImpl.getOzoneFileStatus(KeyManagerImpl.java:1227) ~[ozone-manager-1.4.0-SNAPSHOT.jar:?]
	at org.apache.hadoop.ozone.om.KeyManagerImpl.getFileStatus(KeyManagerImpl.java:1145) ~[ozone-manager-1.4.0-SNAPSHOT.jar:?]
	at org.apache.hadoop.ozone.om.OmMetadataReader.getFileStatus(OmMetadataReader.java:266) ~[ozone-manager-1.4.0-SNAPSHOT.jar:?]
	at org.apache.hadoop.ozone.om.OzoneManager.getFileStatus(OzoneManager.java:3585) ~[ozone-manager-1.4.0-SNAPSHOT.jar:?]
	at org.apache.hadoop.ozone.protocolPB.OzoneManagerRequestHandler.getOzoneFileStatus(OzoneManagerRequestHandler.java:998) ~[ozone-manager-1.4.0-SNAPSHOT.jar:?]
	at org.apache.hadoop.ozone.protocolPB.OzoneManagerRequestHandler.handleReadRequest(OzoneManagerRequestHandler.java:259) ~[ozone-manager-1.4.0-SNAPSHOT.jar:?]
	at org.apache.hadoop.ozone.protocolPB.OzoneManagerProtocolServerSideTranslatorPB.submitReadRequestToOM(OzoneManagerProtocolServerSideTranslatorPB.java:225) ~[ozone-manager-1.4.0-SNAPSHOT.jar:?]
	at org.apache.hadoop.ozone.protocolPB.OzoneManagerProtocolServerSideTranslatorPB.processRequest(OzoneManagerProtocolServerSideTranslatorPB.java:179) ~[ozone-manager-1.4.0-SNAPSHOT.jar:?]
	at org.apache.hadoop.hdds.server.OzoneProtocolMessageDispatcher.processRequest(OzoneProtocolMessageDispatcher.java:87) [hdds-server-framework-1.4.0-SNAPSHOT.jar:?]
	at org.apache.hadoop.ozone.protocolPB.OzoneManagerProtocolServerSideTranslatorPB.submitRequest(OzoneManagerProtocolServerSideTranslatorPB.java:148) [ozone-manager-1.4.0-SNAPSHOT.jar:?]
	at org.apache.hadoop.ozone.protocol.proto.OzoneManagerProtocolProtos$OzoneManagerService$2.callBlockingMethod(OzoneManagerProtocolProtos.java) [ozone-interface-client-1.4.0-SNAPSHOT.jar:?]
	at org.apache.hadoop.ipc.ProtobufRpcEngine$Server.processCall(ProtobufRpcEngine.java:484) [hadoop-common-3.3.6.jar:?]
	at org.apache.hadoop.ipc.ProtobufRpcEngine2$Server$ProtoBufRpcInvoker.call(ProtobufRpcEngine2.java:595) [hadoop-common-3.3.6.jar:?]
	at org.apache.hadoop.ipc.ProtobufRpcEngine2$Server$ProtoBufRpcInvoker.call(ProtobufRpcEngine2.java:573) [hadoop-common-3.3.6.jar:?]
	at org.apache.hadoop.ipc.RPC$Server.call(RPC.java:1227) [hadoop-common-3.3.6.jar:?]
	at org.apache.hadoop.ipc.Server$RpcCall.run(Server.java:1094) [hadoop-common-3.3.6.jar:?]
	at org.apache.hadoop.ipc.Server$RpcCall.run(Server.java:1017) [hadoop-common-3.3.6.jar:?]
	at java.security.AccessController.doPrivileged(Native Method) ~[?:1.8.0_382]
	at javax.security.auth.Subject.doAs(Subject.java:422) [?:1.8.0_382]
	at org.apache.hadoop.security.UserGroupInformation.doAs(UserGroupInformation.java:1899) [hadoop-common-3.3.6.jar:?]
	at org.apache.hadoop.ipc.Server$Handler.run(Server.java:3048) [hadoop-common-3.3.6.jar:?]
17:29:53.162 [IPC Server handler 2 on default port 15004] ERROR OMAudit - user=runner | ip=127.0.0.1 | op=GET_FILE_STATUS {volume=volume27687, bucket=bucket94524, key=gdir1/dir2, dataSize=0, replicationConfig=null} | ret=FAILURE
org.apache.hadoop.ozone.om.exceptions.OMException: Unable to get file status: volume: volume27687 bucket: bucket94524 key: gdir1/dir2
	at org.apache.hadoop.ozone.om.KeyManagerImpl.getOzoneFileStatus(KeyManagerImpl.java:1227) ~[ozone-manager-1.4.0-SNAPSHOT.jar:?]
	at org.apache.hadoop.ozone.om.KeyManagerImpl.getFileStatus(KeyManagerImpl.java:1145) ~[ozone-manager-1.4.0-SNAPSHOT.jar:?]
	at org.apache.hadoop.ozone.om.OmMetadataReader.getFileStatus(OmMetadataReader.java:266) ~[ozone-manager-1.4.0-SNAPSHOT.jar:?]
	at org.apache.hadoop.ozone.om.OzoneManager.getFileStatus(OzoneManager.java:3585) ~[ozone-manager-1.4.0-SNAPSHOT.jar:?]
	at org.apache.hadoop.ozone.protocolPB.OzoneManagerRequestHandler.getOzoneFileStatus(OzoneManagerRequestHandler.java:998) ~[ozone-manager-1.4.0-SNAPSHOT.jar:?]
	at org.apache.hadoop.ozone.protocolPB.OzoneManagerRequestHandler.handleReadRequest(OzoneManagerRequestHandler.java:259) ~[ozone-manager-1.4.0-SNAPSHOT.jar:?]
	at org.apache.hadoop.ozone.protocolPB.OzoneManagerProtocolServerSideTranslatorPB.submitReadRequestToOM(OzoneManagerProtocolServerSideTranslatorPB.java:225) ~[ozone-manager-1.4.0-SNAPSHOT.jar:?]
	at org.apache.hadoop.ozone.protocolPB.OzoneManagerProtocolServerSideTranslatorPB.processRequest(OzoneManagerProtocolServerSideTranslatorPB.java:179) ~[ozone-manager-1.4.0-SNAPSHOT.jar:?]
	at org.apache.hadoop.hdds.server.OzoneProtocolMessageDispatcher.processRequest(OzoneProtocolMessageDispatcher.java:87) [hdds-server-framework-1.4.0-SNAPSHOT.jar:?]
	at org.apache.hadoop.ozone.protocolPB.OzoneManagerProtocolServerSideTranslatorPB.submitRequest(OzoneManagerProtocolServerSideTranslatorPB.java:148) [ozone-manager-1.4.0-SNAPSHOT.jar:?]
	at org.apache.hadoop.ozone.protocol.proto.OzoneManagerProtocolProtos$OzoneManagerService$2.callBlockingMethod(OzoneManagerProtocolProtos.java) [ozone-interface-client-1.4.0-SNAPSHOT.jar:?]
	at org.apache.hadoop.ipc.ProtobufRpcEngine$Server.processCall(ProtobufRpcEngine.java:484) [hadoop-common-3.3.6.jar:?]
	at org.apache.hadoop.ipc.ProtobufRpcEngine2$Server$ProtoBufRpcInvoker.call(ProtobufRpcEngine2.java:595) [hadoop-common-3.3.6.jar:?]
	at org.apache.hadoop.ipc.ProtobufRpcEngine2$Server$ProtoBufRpcInvoker.call(ProtobufRpcEngine2.java:573) [hadoop-common-3.3.6.jar:?]
	at org.apache.hadoop.ipc.RPC$Server.call(RPC.java:1227) [hadoop-common-3.3.6.jar:?]
	at org.apache.hadoop.ipc.Server$RpcCall.run(Server.java:1094) [hadoop-common-3.3.6.jar:?]
	at org.apache.hadoop.ipc.Server$RpcCall.run(Server.java:1017) [hadoop-common-3.3.6.jar:?]
	at java.security.AccessController.doPrivileged(Native Method) ~[?:1.8.0_382]
	at javax.security.auth.Subject.doAs(Subject.java:422) [?:1.8.0_382]
	at org.apache.hadoop.security.UserGroupInformation.doAs(UserGroupInformation.java:1899) [hadoop-common-3.3.6.jar:?]
	at org.apache.hadoop.ipc.Server$Handler.run(Server.java:3048) [hadoop-common-3.3.6.jar:?]
17:29:53.165 [IPC Server handler 3 on default port 15004] ERROR OMAudit - user=runner | ip=127.0.0.1 | op=GET_FILE_STATUS {volume=volume27687, bucket=bucket94524, key=gdir1/dir2/child, dataSize=0, replicationConfig=null} | ret=FAILURE
org.apache.hadoop.ozone.om.exceptions.OMException: Unable to get file status: volume: volume27687 bucket: bucket94524 key: gdir1/dir2/child
	at org.apache.hadoop.ozone.om.KeyManagerImpl.getOzoneFileStatus(KeyManagerImpl.java:1227) ~[ozone-manager-1.4.0-SNAPSHOT.jar:?]
	at org.apache.hadoop.ozone.om.KeyManagerImpl.getFileStatus(KeyManagerImpl.java:1145) ~[ozone-manager-1.4.0-SNAPSHOT.jar:?]
	at org.apache.hadoop.ozone.om.OmMetadataReader.getFileStatus(OmMetadataReader.java:266) ~[ozone-manager-1.4.0-SNAPSHOT.jar:?]
	at org.apache.hadoop.ozone.om.OzoneManager.getFileStatus(OzoneManager.java:3585) ~[ozone-manager-1.4.0-SNAPSHOT.jar:?]
	at org.apache.hadoop.ozone.protocolPB.OzoneManagerRequestHandler.getOzoneFileStatus(OzoneManagerRequestHandler.java:998) ~[ozone-manager-1.4.0-SNAPSHOT.jar:?]
	at org.apache.hadoop.ozone.protocolPB.OzoneManagerRequestHandler.handleReadRequest(OzoneManagerRequestHandler.java:259) ~[ozone-manager-1.4.0-SNAPSHOT.jar:?]
	at org.apache.hadoop.ozone.protocolPB.OzoneManagerProtocolServerSideTranslatorPB.submitReadRequestToOM(OzoneManagerProtocolServerSideTranslatorPB.java:225) ~[ozone-manager-1.4.0-SNAPSHOT.jar:?]
	at org.apache.hadoop.ozone.protocolPB.OzoneManagerProtocolServerSideTranslatorPB.processRequest(OzoneManagerProtocolServerSideTranslatorPB.java:179) ~[ozone-manager-1.4.0-SNAPSHOT.jar:?]
	at org.apache.hadoop.hdds.server.OzoneProtocolMessageDispatcher.processRequest(OzoneProtocolMessageDispatcher.java:87) [hdds-server-framework-1.4.0-SNAPSHOT.jar:?]
	at org.apache.hadoop.ozone.protocolPB.OzoneManagerProtocolServerSideTranslatorPB.submitRequest(OzoneManagerProtocolServerSideTranslatorPB.java:148) [ozone-manager-1.4.0-SNAPSHOT.jar:?]
	at org.apache.hadoop.ozone.protocol.proto.OzoneManagerProtocolProtos$OzoneManagerService$2.callBlockingMethod(OzoneManagerProtocolProtos.java) [ozone-interface-client-1.4.0-SNAPSHOT.jar:?]
	at org.apache.hadoop.ipc.ProtobufRpcEngine$Server.processCall(ProtobufRpcEngine.java:484) [hadoop-common-3.3.6.jar:?]
	at org.apache.hadoop.ipc.ProtobufRpcEngine2$Server$ProtoBufRpcInvoker.call(ProtobufRpcEngine2.java:595) [hadoop-common-3.3.6.jar:?]
	at org.apache.hadoop.ipc.ProtobufRpcEngine2$Server$ProtoBufRpcInvoker.call(ProtobufRpcEngine2.java:573) [hadoop-common-3.3.6.jar:?]
	at org.apache.hadoop.ipc.RPC$Server.call(RPC.java:1227) [hadoop-common-3.3.6.jar:?]
	at org.apache.hadoop.ipc.Server$RpcCall.run(Server.java:1094) [hadoop-common-3.3.6.jar:?]
	at org.apache.hadoop.ipc.Server$RpcCall.run(Server.java:1017) [hadoop-common-3.3.6.jar:?]
	at java.security.AccessController.doPrivileged(Native Method) ~[?:1.8.0_382]
	at javax.security.auth.Subject.doAs(Subject.java:422) [?:1.8.0_382]
	at org.apache.hadoop.security.UserGroupInformation.doAs(UserGroupInformation.java:1899) [hadoop-common-3.3.6.jar:?]
	at org.apache.hadoop.ipc.Server$Handler.run(Server.java:3048) [hadoop-common-3.3.6.jar:?]
17:29:53.167 [IPC Server handler 5 on default port 15004] ERROR OMAudit - user=runner | ip=127.0.0.1 | op=GET_FILE_STATUS {volume=volume27687, bucket=bucket94524, key=gdir1/dir3, dataSize=0, replicationConfig=null} | ret=FAILURE
org.apache.hadoop.ozone.om.exceptions.OMException: Unable to get file status: volume: volume27687 bucket: bucket94524 key: gdir1/dir3
	at org.apache.hadoop.ozone.om.KeyManagerImpl.getOzoneFileStatus(KeyManagerImpl.java:1227) ~[ozone-manager-1.4.0-SNAPSHOT.jar:?]
	at org.apache.hadoop.ozone.om.KeyManagerImpl.getFileStatus(KeyManagerImpl.java:1145) ~[ozone-manager-1.4.0-SNAPSHOT.jar:?]
	at org.apache.hadoop.ozone.om.OmMetadataReader.getFileStatus(OmMetadataReader.java:266) ~[ozone-manager-1.4.0-SNAPSHOT.jar:?]
	at org.apache.hadoop.ozone.om.OzoneManager.getFileStatus(OzoneManager.java:3585) ~[ozone-manager-1.4.0-SNAPSHOT.jar:?]
	at org.apache.hadoop.ozone.protocolPB.OzoneManagerRequestHandler.getOzoneFileStatus(OzoneManagerRequestHandler.java:998) ~[ozone-manager-1.4.0-SNAPSHOT.jar:?]
	at org.apache.hadoop.ozone.protocolPB.OzoneManagerRequestHandler.handleReadRequest(OzoneManagerRequestHandler.java:259) ~[ozone-manager-1.4.0-SNAPSHOT.jar:?]
	at org.apache.hadoop.ozone.protocolPB.OzoneManagerProtocolServerSideTranslatorPB.submitReadRequestToOM(OzoneManagerProtocolServerSideTranslatorPB.java:225) ~[ozone-manager-1.4.0-SNAPSHOT.jar:?]
	at org.apache.hadoop.ozone.protocolPB.OzoneManagerProtocolServerSideTranslatorPB.processRequest(OzoneManagerProtocolServerSideTranslatorPB.java:179) ~[ozone-manager-1.4.0-SNAPSHOT.jar:?]
	at org.apache.hadoop.hdds.server.OzoneProtocolMessageDispatcher.processRequest(OzoneProtocolMessageDispatcher.java:87) [hdds-server-framework-1.4.0-SNAPSHOT.jar:?]
	at org.apache.hadoop.ozone.protocolPB.OzoneManagerProtocolServerSideTranslatorPB.submitRequest(OzoneManagerProtocolServerSideTranslatorPB.java:148) [ozone-manager-1.4.0-SNAPSHOT.jar:?]
	at org.apache.hadoop.ozone.protocol.proto.OzoneManagerProtocolProtos$OzoneManagerService$2.callBlockingMethod(OzoneManagerProtocolProtos.java) [ozone-interface-client-1.4.0-SNAPSHOT.jar:?]
	at org.apache.hadoop.ipc.ProtobufRpcEngine$Server.processCall(ProtobufRpcEngine.java:484) [hadoop-common-3.3.6.jar:?]
	at org.apache.hadoop.ipc.ProtobufRpcEngine2$Server$ProtoBufRpcInvoker.call(ProtobufRpcEngine2.java:595) [hadoop-common-3.3.6.jar:?]
	at org.apache.hadoop.ipc.ProtobufRpcEngine2$Server$ProtoBufRpcInvoker.call(ProtobufRpcEngine2.java:573) [hadoop-common-3.3.6.jar:?]
	at org.apache.hadoop.ipc.RPC$Server.call(RPC.java:1227) [hadoop-common-3.3.6.jar:?]
	at org.apache.hadoop.ipc.Server$RpcCall.run(Server.java:1094) [hadoop-common-3.3.6.jar:?]
	at org.apache.hadoop.ipc.Server$RpcCall.run(Server.java:1017) [hadoop-common-3.3.6.jar:?]
	at java.security.AccessController.doPrivileged(Native Method) ~[?:1.8.0_382]
	at javax.security.auth.Subject.doAs(Subject.java:422) [?:1.8.0_382]
	at org.apache.hadoop.security.UserGroupInformation.doAs(UserGroupInformation.java:1899) [hadoop-common-3.3.6.jar:?]
	at org.apache.hadoop.ipc.Server$Handler.run(Server.java:3048) [hadoop-common-3.3.6.jar:?]
17:29:53.169 [IPC Server handler 4 on default port 15004] ERROR OMAudit - user=runner | ip=127.0.0.1 | op=GET_FILE_STATUS {volume=volume27687, bucket=bucket94524, key=gdir1/dir3/child, dataSize=0, replicationConfig=null} | ret=FAILURE
org.apache.hadoop.ozone.om.exceptions.OMException: Unable to get file status: volume: volume27687 bucket: bucket94524 key: gdir1/dir3/child
	at org.apache.hadoop.ozone.om.KeyManagerImpl.getOzoneFileStatus(KeyManagerImpl.java:1227) ~[ozone-manager-1.4.0-SNAPSHOT.jar:?]
	at org.apache.hadoop.ozone.om.KeyManagerImpl.getFileStatus(KeyManagerImpl.java:1145) ~[ozone-manager-1.4.0-SNAPSHOT.jar:?]
	at org.apache.hadoop.ozone.om.OmMetadataReader.getFileStatus(OmMetadataReader.java:266) ~[ozone-manager-1.4.0-SNAPSHOT.jar:?]
	at org.apache.hadoop.ozone.om.OzoneManager.getFileStatus(OzoneManager.java:3585) ~[ozone-manager-1.4.0-SNAPSHOT.jar:?]
	at org.apache.hadoop.ozone.protocolPB.OzoneManagerRequestHandler.getOzoneFileStatus(OzoneManagerRequestHandler.java:998) ~[ozone-manager-1.4.0-SNAPSHOT.jar:?]
	at org.apache.hadoop.ozone.protocolPB.OzoneManagerRequestHandler.handleReadRequest(OzoneManagerRequestHandler.java:259) ~[ozone-manager-1.4.0-SNAPSHOT.jar:?]
	at org.apache.hadoop.ozone.protocolPB.OzoneManagerProtocolServerSideTranslatorPB.submitReadRequestToOM(OzoneManagerProtocolServerSideTranslatorPB.java:225) ~[ozone-manager-1.4.0-SNAPSHOT.jar:?]
	at org.apache.hadoop.ozone.protocolPB.OzoneManagerProtocolServerSideTranslatorPB.processRequest(OzoneManagerProtocolServerSideTranslatorPB.java:179) ~[ozone-manager-1.4.0-SNAPSHOT.jar:?]
	at org.apache.hadoop.hdds.server.OzoneProtocolMessageDispatcher.processRequest(OzoneProtocolMessageDispatcher.java:87) [hdds-server-framework-1.4.0-SNAPSHOT.jar:?]
	at org.apache.hadoop.ozone.protocolPB.OzoneManagerProtocolServerSideTranslatorPB.submitRequest(OzoneManagerProtocolServerSideTranslatorPB.java:148) [ozone-manager-1.4.0-SNAPSHOT.jar:?]
	at org.apache.hadoop.ozone.protocol.proto.OzoneManagerProtocolProtos$OzoneManagerService$2.callBlockingMethod(OzoneManagerProtocolProtos.java) [ozone-interface-client-1.4.0-SNAPSHOT.jar:?]
	at org.apache.hadoop.ipc.ProtobufRpcEngine$Server.processCall(ProtobufRpcEngine.java:484) [hadoop-common-3.3.6.jar:?]
	at org.apache.hadoop.ipc.ProtobufRpcEngine2$Server$ProtoBufRpcInvoker.call(ProtobufRpcEngine2.java:595) [hadoop-common-3.3.6.jar:?]
	at org.apache.hadoop.ipc.ProtobufRpcEngine2$Server$ProtoBufRpcInvoker.call(ProtobufRpcEngine2.java:573) [hadoop-common-3.3.6.jar:?]
	at org.apache.hadoop.ipc.RPC$Server.call(RPC.java:1227) [hadoop-common-3.3.6.jar:?]
	at org.apache.hadoop.ipc.Server$RpcCall.run(Server.java:1094) [hadoop-common-3.3.6.jar:?]
	at org.apache.hadoop.ipc.Server$RpcCall.run(Server.java:1017) [hadoop-common-3.3.6.jar:?]
	at java.security.AccessController.doPrivileged(Native Method) ~[?:1.8.0_382]
	at javax.security.auth.Subject.doAs(Subject.java:422) [?:1.8.0_382]
	at org.apache.hadoop.security.UserGroupInformation.doAs(UserGroupInformation.java:1899) [hadoop-common-3.3.6.jar:?]
	at org.apache.hadoop.ipc.Server$Handler.run(Server.java:3048) [hadoop-common-3.3.6.jar:?]
17:29:53.171 [IPC Server handler 7 on default port 15004] ERROR OMAudit - user=runner | ip=127.0.0.1 | op=GET_FILE_STATUS {volume=volume27687, bucket=bucket94524, key=gdir1/dir4, dataSize=0, replicationConfig=null} | ret=FAILURE
org.apache.hadoop.ozone.om.exceptions.OMException: Unable to get file status: volume: volume27687 bucket: bucket94524 key: gdir1/dir4
	at org.apache.hadoop.ozone.om.KeyManagerImpl.getOzoneFileStatus(KeyManagerImpl.java:1227) ~[ozone-manager-1.4.0-SNAPSHOT.jar:?]
	at org.apache.hadoop.ozone.om.KeyManagerImpl.getFileStatus(KeyManagerImpl.java:1145) ~[ozone-manager-1.4.0-SNAPSHOT.jar:?]
	at org.apache.hadoop.ozone.om.OmMetadataReader.getFileStatus(OmMetadataReader.java:266) ~[ozone-manager-1.4.0-SNAPSHOT.jar:?]
	at org.apache.hadoop.ozone.om.OzoneManager.getFileStatus(OzoneManager.java:3585) ~[ozone-manager-1.4.0-SNAPSHOT.jar:?]
	at org.apache.hadoop.ozone.protocolPB.OzoneManagerRequestHandler.getOzoneFileStatus(OzoneManagerRequestHandler.java:998) ~[ozone-manager-1.4.0-SNAPSHOT.jar:?]
	at org.apache.hadoop.ozone.protocolPB.OzoneManagerRequestHandler.handleReadRequest(OzoneManagerRequestHandler.java:259) ~[ozone-manager-1.4.0-SNAPSHOT.jar:?]
	at org.apache.hadoop.ozone.protocolPB.OzoneManagerProtocolServerSideTranslatorPB.submitReadRequestToOM(OzoneManagerProtocolServerSideTranslatorPB.java:225) ~[ozone-manager-1.4.0-SNAPSHOT.jar:?]
	at org.apache.hadoop.ozone.protocolPB.OzoneManagerProtocolServerSideTranslatorPB.processRequest(OzoneManagerProtocolServerSideTranslatorPB.java:179) ~[ozone-manager-1.4.0-SNAPSHOT.jar:?]
	at org.apache.hadoop.hdds.server.OzoneProtocolMessageDispatcher.processRequest(OzoneProtocolMessageDispatcher.java:87) [hdds-server-framework-1.4.0-SNAPSHOT.jar:?]
	at org.apache.hadoop.ozone.protocolPB.OzoneManagerProtocolServerSideTranslatorPB.submitRequest(OzoneManagerProtocolServerSideTranslatorPB.java:148) [ozone-manager-1.4.0-SNAPSHOT.jar:?]
	at org.apache.hadoop.ozone.protocol.proto.OzoneManagerProtocolProtos$OzoneManagerService$2.callBlockingMethod(OzoneManagerProtocolProtos.java) [ozone-interface-client-1.4.0-SNAPSHOT.jar:?]
	at org.apache.hadoop.ipc.ProtobufRpcEngine$Server.processCall(ProtobufRpcEngine.java:484) [hadoop-common-3.3.6.jar:?]
	at org.apache.hadoop.ipc.ProtobufRpcEngine2$Server$ProtoBufRpcInvoker.call(ProtobufRpcEngine2.java:595) [hadoop-common-3.3.6.jar:?]
	at org.apache.hadoop.ipc.ProtobufRpcEngine2$Server$ProtoBufRpcInvoker.call(ProtobufRpcEngine2.java:573) [hadoop-common-3.3.6.jar:?]
	at org.apache.hadoop.ipc.RPC$Server.call(RPC.java:1227) [hadoop-common-3.3.6.jar:?]
	at org.apache.hadoop.ipc.Server$RpcCall.run(Server.java:1094) [hadoop-common-3.3.6.jar:?]
	at org.apache.hadoop.ipc.Server$RpcCall.run(Server.java:1017) [hadoop-common-3.3.6.jar:?]
	at java.security.AccessController.doPrivileged(Native Method) ~[?:1.8.0_382]
	at javax.security.auth.Subject.doAs(Subject.java:422) [?:1.8.0_382]
	at org.apache.hadoop.security.UserGroupInformation.doAs(UserGroupInformation.java:1899) [hadoop-common-3.3.6.jar:?]
	at org.apache.hadoop.ipc.Server$Handler.run(Server.java:3048) [hadoop-common-3.3.6.jar:?]
17:29:53.172 [IPC Server handler 9 on default port 15004] ERROR OMAudit - user=runner | ip=127.0.0.1 | op=GET_FILE_STATUS {volume=volume27687, bucket=bucket94524, key=gdir1/dir4/child, dataSize=0, replicationConfig=null} | ret=FAILURE
org.apache.hadoop.ozone.om.exceptions.OMException: Unable to get file status: volume: volume27687 bucket: bucket94524 key: gdir1/dir4/child
	at org.apache.hadoop.ozone.om.KeyManagerImpl.getOzoneFileStatus(KeyManagerImpl.java:1227) ~[ozone-manager-1.4.0-SNAPSHOT.jar:?]
	at org.apache.hadoop.ozone.om.KeyManagerImpl.getFileStatus(KeyManagerImpl.java:1145) ~[ozone-manager-1.4.0-SNAPSHOT.jar:?]
	at org.apache.hadoop.ozone.om.OmMetadataReader.getFileStatus(OmMetadataReader.java:266) ~[ozone-manager-1.4.0-SNAPSHOT.jar:?]
	at org.apache.hadoop.ozone.om.OzoneManager.getFileStatus(OzoneManager.java:3585) ~[ozone-manager-1.4.0-SNAPSHOT.jar:?]
	at org.apache.hadoop.ozone.protocolPB.OzoneManagerRequestHandler.getOzoneFileStatus(OzoneManagerRequestHandler.java:998) ~[ozone-manager-1.4.0-SNAPSHOT.jar:?]
	at org.apache.hadoop.ozone.protocolPB.OzoneManagerRequestHandler.handleReadRequest(OzoneManagerRequestHandler.java:259) ~[ozone-manager-1.4.0-SNAPSHOT.jar:?]
	at org.apache.hadoop.ozone.protocolPB.OzoneManagerProtocolServerSideTranslatorPB.submitReadRequestToOM(OzoneManagerProtocolServerSideTranslatorPB.java:225) ~[ozone-manager-1.4.0-SNAPSHOT.jar:?]
	at org.apache.hadoop.ozone.protocolPB.OzoneManagerProtocolServerSideTranslatorPB.processRequest(OzoneManagerProtocolServerSideTranslatorPB.java:179) ~[ozone-manager-1.4.0-SNAPSHOT.jar:?]
	at org.apache.hadoop.hdds.server.OzoneProtocolMessageDispatcher.processRequest(OzoneProtocolMessageDispatcher.java:87) [hdds-server-framework-1.4.0-SNAPSHOT.jar:?]
	at org.apache.hadoop.ozone.protocolPB.OzoneManagerProtocolServerSideTranslatorPB.submitRequest(OzoneManagerProtocolServerSideTranslatorPB.java:148) [ozone-manager-1.4.0-SNAPSHOT.jar:?]
	at org.apache.hadoop.ozone.protocol.proto.OzoneManagerProtocolProtos$OzoneManagerService$2.callBlockingMethod(OzoneManagerProtocolProtos.java) [ozone-interface-client-1.4.0-SNAPSHOT.jar:?]
	at org.apache.hadoop.ipc.ProtobufRpcEngine$Server.processCall(ProtobufRpcEngine.java:484) [hadoop-common-3.3.6.jar:?]
	at org.apache.hadoop.ipc.ProtobufRpcEngine2$Server$ProtoBufRpcInvoker.call(ProtobufRpcEngine2.java:595) [hadoop-common-3.3.6.jar:?]
	at org.apache.hadoop.ipc.ProtobufRpcEngine2$Server$ProtoBufRpcInvoker.call(ProtobufRpcEngine2.java:573) [hadoop-common-3.3.6.jar:?]
	at org.apache.hadoop.ipc.RPC$Server.call(RPC.java:1227) [hadoop-common-3.3.6.jar:?]
	at org.apache.hadoop.ipc.Server$RpcCall.run(Server.java:1094) [hadoop-common-3.3.6.jar:?]
	at org.apache.hadoop.ipc.Server$RpcCall.run(Server.java:1017) [hadoop-common-3.3.6.jar:?]
	at java.security.AccessController.doPrivileged(Native Method) ~[?:1.8.0_382]
	at javax.security.auth.Subject.doAs(Subject.java:422) [?:1.8.0_382]
	at org.apache.hadoop.security.UserGroupInformation.doAs(UserGroupInformation.java:1899) [hadoop-common-3.3.6.jar:?]
	at org.apache.hadoop.ipc.Server$Handler.run(Server.java:3048) [hadoop-common-3.3.6.jar:?]
17:29:53.174 [IPC Server handler 8 on default port 15004] ERROR OMAudit - user=runner | ip=127.0.0.1 | op=GET_FILE_STATUS {volume=volume27687, bucket=bucket94524, key=gdir1/dir5, dataSize=0, replicationConfig=null} | ret=FAILURE
org.apache.hadoop.ozone.om.exceptions.OMException: Unable to get file status: volume: volume27687 bucket: bucket94524 key: gdir1/dir5
	at org.apache.hadoop.ozone.om.KeyManagerImpl.getOzoneFileStatus(KeyManagerImpl.java:1227) ~[ozone-manager-1.4.0-SNAPSHOT.jar:?]
	at org.apache.hadoop.ozone.om.KeyManagerImpl.getFileStatus(KeyManagerImpl.java:1145) ~[ozone-manager-1.4.0-SNAPSHOT.jar:?]
	at org.apache.hadoop.ozone.om.OmMetadataReader.getFileStatus(OmMetadataReader.java:266) ~[ozone-manager-1.4.0-SNAPSHOT.jar:?]
	at org.apache.hadoop.ozone.om.OzoneManager.getFileStatus(OzoneManager.java:3585) ~[ozone-manager-1.4.0-SNAPSHOT.jar:?]
	at org.apache.hadoop.ozone.protocolPB.OzoneManagerRequestHandler.getOzoneFileStatus(OzoneManagerRequestHandler.java:998) ~[ozone-manager-1.4.0-SNAPSHOT.jar:?]
	at org.apache.hadoop.ozone.protocolPB.OzoneManagerRequestHandler.handleReadRequest(OzoneManagerRequestHandler.java:259) ~[ozone-manager-1.4.0-SNAPSHOT.jar:?]
	at org.apache.hadoop.ozone.protocolPB.OzoneManagerProtocolServerSideTranslatorPB.submitReadRequestToOM(OzoneManagerProtocolServerSideTranslatorPB.java:225) ~[ozone-manager-1.4.0-SNAPSHOT.jar:?]
	at org.apache.hadoop.ozone.protocolPB.OzoneManagerProtocolServerSideTranslatorPB.processRequest(OzoneManagerProtocolServerSideTranslatorPB.java:179) ~[ozone-manager-1.4.0-SNAPSHOT.jar:?]
	at org.apache.hadoop.hdds.server.OzoneProtocolMessageDispatcher.processRequest(OzoneProtocolMessageDispatcher.java:87) [hdds-server-framework-1.4.0-SNAPSHOT.jar:?]
	at org.apache.hadoop.ozone.protocolPB.OzoneManagerProtocolServerSideTranslatorPB.submitRequest(OzoneManagerProtocolServerSideTranslatorPB.java:148) [ozone-manager-1.4.0-SNAPSHOT.jar:?]
	at org.apache.hadoop.ozone.protocol.proto.OzoneManagerProtocolProtos$OzoneManagerService$2.callBlockingMethod(OzoneManagerProtocolProtos.java) [ozone-interface-client-1.4.0-SNAPSHOT.jar:?]
	at org.apache.hadoop.ipc.ProtobufRpcEngine$Server.processCall(ProtobufRpcEngine.java:484) [hadoop-common-3.3.6.jar:?]
	at org.apache.hadoop.ipc.ProtobufRpcEngine2$Server$ProtoBufRpcInvoker.call(ProtobufRpcEngine2.java:595) [hadoop-common-3.3.6.jar:?]
	at org.apache.hadoop.ipc.ProtobufRpcEngine2$Server$ProtoBufRpcInvoker.call(ProtobufRpcEngine2.java:573) [hadoop-common-3.3.6.jar:?]
	at org.apache.hadoop.ipc.RPC$Server.call(RPC.java:1227) [hadoop-common-3.3.6.jar:?]
	at org.apache.hadoop.ipc.Server$RpcCall.run(Server.java:1094) [hadoop-common-3.3.6.jar:?]
	at org.apache.hadoop.ipc.Server$RpcCall.run(Server.java:1017) [hadoop-common-3.3.6.jar:?]
	at java.security.AccessController.doPrivileged(Native Method) ~[?:1.8.0_382]
	at javax.security.auth.Subject.doAs(Subject.java:422) [?:1.8.0_382]
	at org.apache.hadoop.security.UserGroupInformation.doAs(UserGroupInformation.java:1899) [hadoop-common-3.3.6.jar:?]
	at org.apache.hadoop.ipc.Server$Handler.run(Server.java:3048) [hadoop-common-3.3.6.jar:?]
17:29:53.176 [IPC Server handler 11 on default port 15004] ERROR OMAudit - user=runner | ip=127.0.0.1 | op=GET_FILE_STATUS {volume=volume27687, bucket=bucket94524, key=gdir1/dir5/child, dataSize=0, replicationConfig=null} | ret=FAILURE
org.apache.hadoop.ozone.om.exceptions.OMException: Unable to get file status: volume: volume27687 bucket: bucket94524 key: gdir1/dir5/child
	at org.apache.hadoop.ozone.om.KeyManagerImpl.getOzoneFileStatus(KeyManagerImpl.java:1227) ~[ozone-manager-1.4.0-SNAPSHOT.jar:?]
	at org.apache.hadoop.ozone.om.KeyManagerImpl.getFileStatus(KeyManagerImpl.java:1145) ~[ozone-manager-1.4.0-SNAPSHOT.jar:?]
	at org.apache.hadoop.ozone.om.OmMetadataReader.getFileStatus(OmMetadataReader.java:266) ~[ozone-manager-1.4.0-SNAPSHOT.jar:?]
	at org.apache.hadoop.ozone.om.OzoneManager.getFileStatus(OzoneManager.java:3585) ~[ozone-manager-1.4.0-SNAPSHOT.jar:?]
	at org.apache.hadoop.ozone.protocolPB.OzoneManagerRequestHandler.getOzoneFileStatus(OzoneManagerRequestHandler.java:998) ~[ozone-manager-1.4.0-SNAPSHOT.jar:?]
	at org.apache.hadoop.ozone.protocolPB.OzoneManagerRequestHandler.handleReadRequest(OzoneManagerRequestHandler.java:259) ~[ozone-manager-1.4.0-SNAPSHOT.jar:?]
	at org.apache.hadoop.ozone.protocolPB.OzoneManagerProtocolServerSideTranslatorPB.submitReadRequestToOM(OzoneManagerProtocolServerSideTranslatorPB.java:225) ~[ozone-manager-1.4.0-SNAPSHOT.jar:?]
	at org.apache.hadoop.ozone.protocolPB.OzoneManagerProtocolServerSideTranslatorPB.processRequest(OzoneManagerProtocolServerSideTranslatorPB.java:179) ~[ozone-manager-1.4.0-SNAPSHOT.jar:?]
	at org.apache.hadoop.hdds.server.OzoneProtocolMessageDispatcher.processRequest(OzoneProtocolMessageDispatcher.java:87) [hdds-server-framework-1.4.0-SNAPSHOT.jar:?]
	at org.apache.hadoop.ozone.protocolPB.OzoneManagerProtocolServerSideTranslatorPB.submitRequest(OzoneManagerProtocolServerSideTranslatorPB.java:148) [ozone-manager-1.4.0-SNAPSHOT.jar:?]
	at org.apache.hadoop.ozone.protocol.proto.OzoneManagerProtocolProtos$OzoneManagerService$2.callBlockingMethod(OzoneManagerProtocolProtos.java) [ozone-interface-client-1.4.0-SNAPSHOT.jar:?]
	at org.apache.hadoop.ipc.ProtobufRpcEngine$Server.processCall(ProtobufRpcEngine.java:484) [hadoop-common-3.3.6.jar:?]
	at org.apache.hadoop.ipc.ProtobufRpcEngine2$Server$ProtoBufRpcInvoker.call(ProtobufRpcEngine2.java:595) [hadoop-common-3.3.6.jar:?]
	at org.apache.hadoop.ipc.ProtobufRpcEngine2$Server$ProtoBufRpcInvoker.call(ProtobufRpcEngine2.java:573) [hadoop-common-3.3.6.jar:?]
	at org.apache.hadoop.ipc.RPC$Server.call(RPC.java:1227) [hadoop-common-3.3.6.jar:?]
	at org.apache.hadoop.ipc.Server$RpcCall.run(Server.java:1094) [hadoop-common-3.3.6.jar:?]
	at org.apache.hadoop.ipc.Server$RpcCall.run(Server.java:1017) [hadoop-common-3.3.6.jar:?]
	at java.security.AccessController.doPrivileged(Native Method) ~[?:1.8.0_382]
	at javax.security.auth.Subject.doAs(Subject.java:422) [?:1.8.0_382]
	at org.apache.hadoop.security.UserGroupInformation.doAs(UserGroupInformation.java:1899) [hadoop-common-3.3.6.jar:?]
	at org.apache.hadoop.ipc.Server$Handler.run(Server.java:3048) [hadoop-common-3.3.6.jar:?]
17:29:53.178 [IPC Server handler 10 on default port 15004] ERROR OMAudit - user=runner | ip=127.0.0.1 | op=GET_FILE_STATUS {volume=volume27687, bucket=bucket94524, key=gdir1/dir6, dataSize=0, replicationConfig=null} | ret=FAILURE
org.apache.hadoop.ozone.om.exceptions.OMException: Unable to get file status: volume: volume27687 bucket: bucket94524 key: gdir1/dir6
	at org.apache.hadoop.ozone.om.KeyManagerImpl.getOzoneFileStatus(KeyManagerImpl.java:1227) ~[ozone-manager-1.4.0-SNAPSHOT.jar:?]
	at org.apache.hadoop.ozone.om.KeyManagerImpl.getFileStatus(KeyManagerImpl.java:1145) ~[ozone-manager-1.4.0-SNAPSHOT.jar:?]
	at org.apache.hadoop.ozone.om.OmMetadataReader.getFileStatus(OmMetadataReader.java:266) ~[ozone-manager-1.4.0-SNAPSHOT.jar:?]
	at org.apache.hadoop.ozone.om.OzoneManager.getFileStatus(OzoneManager.java:3585) ~[ozone-manager-1.4.0-SNAPSHOT.jar:?]
	at org.apache.hadoop.ozone.protocolPB.OzoneManagerRequestHandler.getOzoneFileStatus(OzoneManagerRequestHandler.java:998) ~[ozone-manager-1.4.0-SNAPSHOT.jar:?]
	at org.apache.hadoop.ozone.protocolPB.OzoneManagerRequestHandler.handleReadRequest(OzoneManagerRequestHandler.java:259) ~[ozone-manager-1.4.0-SNAPSHOT.jar:?]
	at org.apache.hadoop.ozone.protocolPB.OzoneManagerProtocolServerSideTranslatorPB.submitReadRequestToOM(OzoneManagerProtocolServerSideTranslatorPB.java:225) ~[ozone-manager-1.4.0-SNAPSHOT.jar:?]
	at org.apache.hadoop.ozone.protocolPB.OzoneManagerProtocolServerSideTranslatorPB.processRequest(OzoneManagerProtocolServerSideTranslatorPB.java:179) ~[ozone-manager-1.4.0-SNAPSHOT.jar:?]
	at org.apache.hadoop.hdds.server.OzoneProtocolMessageDispatcher.processRequest(OzoneProtocolMessageDispatcher.java:87) [hdds-server-framework-1.4.0-SNAPSHOT.jar:?]
	at org.apache.hadoop.ozone.protocolPB.OzoneManagerProtocolServerSideTranslatorPB.submitRequest(OzoneManagerProtocolServerSideTranslatorPB.java:148) [ozone-manager-1.4.0-SNAPSHOT.jar:?]
	at org.apache.hadoop.ozone.protocol.proto.OzoneManagerProtocolProtos$OzoneManagerService$2.callBlockingMethod(OzoneManagerProtocolProtos.java) [ozone-interface-client-1.4.0-SNAPSHOT.jar:?]
	at org.apache.hadoop.ipc.ProtobufRpcEngine$Server.processCall(ProtobufRpcEngine.java:484) [hadoop-common-3.3.6.jar:?]
	at org.apache.hadoop.ipc.ProtobufRpcEngine2$Server$ProtoBufRpcInvoker.call(ProtobufRpcEngine2.java:595) [hadoop-common-3.3.6.jar:?]
	at org.apache.hadoop.ipc.ProtobufRpcEngine2$Server$ProtoBufRpcInvoker.call(ProtobufRpcEngine2.java:573) [hadoop-common-3.3.6.jar:?]
	at org.apache.hadoop.ipc.RPC$Server.call(RPC.java:1227) [hadoop-common-3.3.6.jar:?]
	at org.apache.hadoop.ipc.Server$RpcCall.run(Server.java:1094) [hadoop-common-3.3.6.jar:?]
	at org.apache.hadoop.ipc.Server$RpcCall.run(Server.java:1017) [hadoop-common-3.3.6.jar:?]
	at java.security.AccessController.doPrivileged(Native Method) ~[?:1.8.0_382]
	at javax.security.auth.Subject.doAs(Subject.java:422) [?:1.8.0_382]
	at org.apache.hadoop.security.UserGroupInformation.doAs(UserGroupInformation.java:1899) [hadoop-common-3.3.6.jar:?]
	at org.apache.hadoop.ipc.Server$Handler.run(Server.java:3048) [hadoop-common-3.3.6.jar:?]
17:29:53.180 [IPC Server handler 16 on default port 15004] ERROR OMAudit - user=runner | ip=127.0.0.1 | op=GET_FILE_STATUS {volume=volume27687, bucket=bucket94524, key=gdir1/dir6/child, dataSize=0, replicationConfig=null} | ret=FAILURE
org.apache.hadoop.ozone.om.exceptions.OMException: Unable to get file status: volume: volume27687 bucket: bucket94524 key: gdir1/dir6/child
	at org.apache.hadoop.ozone.om.KeyManagerImpl.getOzoneFileStatus(KeyManagerImpl.java:1227) ~[ozone-manager-1.4.0-SNAPSHOT.jar:?]
	at org.apache.hadoop.ozone.om.KeyManagerImpl.getFileStatus(KeyManagerImpl.java:1145) ~[ozone-manager-1.4.0-SNAPSHOT.jar:?]
	at org.apache.hadoop.ozone.om.OmMetadataReader.getFileStatus(OmMetadataReader.java:266) ~[ozone-manager-1.4.0-SNAPSHOT.jar:?]
	at org.apache.hadoop.ozone.om.OzoneManager.getFileStatus(OzoneManager.java:3585) ~[ozone-manager-1.4.0-SNAPSHOT.jar:?]
	at org.apache.hadoop.ozone.protocolPB.OzoneManagerRequestHandler.getOzoneFileStatus(OzoneManagerRequestHandler.java:998) ~[ozone-manager-1.4.0-SNAPSHOT.jar:?]
	at org.apache.hadoop.ozone.protocolPB.OzoneManagerRequestHandler.handleReadRequest(OzoneManagerRequestHandler.java:259) ~[ozone-manager-1.4.0-SNAPSHOT.jar:?]
	at org.apache.hadoop.ozone.protocolPB.OzoneManagerProtocolServerSideTranslatorPB.submitReadRequestToOM(OzoneManagerProtocolServerSideTranslatorPB.java:225) ~[ozone-manager-1.4.0-SNAPSHOT.jar:?]
	at org.apache.hadoop.ozone.protocolPB.OzoneManagerProtocolServerSideTranslatorPB.processRequest(OzoneManagerProtocolServerSideTranslatorPB.java:179) ~[ozone-manager-1.4.0-SNAPSHOT.jar:?]
	at org.apache.hadoop.hdds.server.OzoneProtocolMessageDispatcher.processRequest(OzoneProtocolMessageDispatcher.java:87) [hdds-server-framework-1.4.0-SNAPSHOT.jar:?]
	at org.apache.hadoop.ozone.protocolPB.OzoneManagerProtocolServerSideTranslatorPB.submitRequest(OzoneManagerProtocolServerSideTranslatorPB.java:148) [ozone-manager-1.4.0-SNAPSHOT.jar:?]
	at org.apache.hadoop.ozone.protocol.proto.OzoneManagerProtocolProtos$OzoneManagerService$2.callBlockingMethod(OzoneManagerProtocolProtos.java) [ozone-interface-client-1.4.0-SNAPSHOT.jar:?]
	at org.apache.hadoop.ipc.ProtobufRpcEngine$Server.processCall(ProtobufRpcEngine.java:484) [hadoop-common-3.3.6.jar:?]
	at org.apache.hadoop.ipc.ProtobufRpcEngine2$Server$ProtoBufRpcInvoker.call(ProtobufRpcEngine2.java:595) [hadoop-common-3.3.6.jar:?]
	at org.apache.hadoop.ipc.ProtobufRpcEngine2$Server$ProtoBufRpcInvoker.call(ProtobufRpcEngine2.java:573) [hadoop-common-3.3.6.jar:?]
	at org.apache.hadoop.ipc.RPC$Server.call(RPC.java:1227) [hadoop-common-3.3.6.jar:?]
	at org.apache.hadoop.ipc.Server$RpcCall.run(Server.java:1094) [hadoop-common-3.3.6.jar:?]
	at org.apache.hadoop.ipc.Server$RpcCall.run(Server.java:1017) [hadoop-common-3.3.6.jar:?]
	at java.security.AccessController.doPrivileged(Native Method) ~[?:1.8.0_382]
	at javax.security.auth.Subject.doAs(Subject.java:422) [?:1.8.0_382]
	at org.apache.hadoop.security.UserGroupInformation.doAs(UserGroupInformation.java:1899) [hadoop-common-3.3.6.jar:?]
	at org.apache.hadoop.ipc.Server$Handler.run(Server.java:3048) [hadoop-common-3.3.6.jar:?]
17:29:53.182 [IPC Server handler 6 on default port 15004] ERROR OMAudit - user=runner | ip=127.0.0.1 | op=GET_FILE_STATUS {volume=volume27687, bucket=bucket94524, key=gdir1/dir7, dataSize=0, replicationConfig=null} | ret=FAILURE
org.apache.hadoop.ozone.om.exceptions.OMException: Unable to get file status: volume: volume27687 bucket: bucket94524 key: gdir1/dir7
	at org.apache.hadoop.ozone.om.KeyManagerImpl.getOzoneFileStatus(KeyManagerImpl.java:1227) ~[ozone-manager-1.4.0-SNAPSHOT.jar:?]
	at org.apache.hadoop.ozone.om.KeyManagerImpl.getFileStatus(KeyManagerImpl.java:1145) ~[ozone-manager-1.4.0-SNAPSHOT.jar:?]
	at org.apache.hadoop.ozone.om.OmMetadataReader.getFileStatus(OmMetadataReader.java:266) ~[ozone-manager-1.4.0-SNAPSHOT.jar:?]
	at org.apache.hadoop.ozone.om.OzoneManager.getFileStatus(OzoneManager.java:3585) ~[ozone-manager-1.4.0-SNAPSHOT.jar:?]
	at org.apache.hadoop.ozone.protocolPB.OzoneManagerRequestHandler.getOzoneFileStatus(OzoneManagerRequestHandler.java:998) ~[ozone-manager-1.4.0-SNAPSHOT.jar:?]
	at org.apache.hadoop.ozone.protocolPB.OzoneManagerRequestHandler.handleReadRequest(OzoneManagerRequestHandler.java:259) ~[ozone-manager-1.4.0-SNAPSHOT.jar:?]
	at org.apache.hadoop.ozone.protocolPB.OzoneManagerProtocolServerSideTranslatorPB.submitReadRequestToOM(OzoneManagerProtocolServerSideTranslatorPB.java:225) ~[ozone-manager-1.4.0-SNAPSHOT.jar:?]
	at org.apache.hadoop.ozone.protocolPB.OzoneManagerProtocolServerSideTranslatorPB.processRequest(OzoneManagerProtocolServerSideTranslatorPB.java:179) ~[ozone-manager-1.4.0-SNAPSHOT.jar:?]
	at org.apache.hadoop.hdds.server.OzoneProtocolMessageDispatcher.processRequest(OzoneProtocolMessageDispatcher.java:87) [hdds-server-framework-1.4.0-SNAPSHOT.jar:?]
	at org.apache.hadoop.ozone.protocolPB.OzoneManagerProtocolServerSideTranslatorPB.submitRequest(OzoneManagerProtocolServerSideTranslatorPB.java:148) [ozone-manager-1.4.0-SNAPSHOT.jar:?]
	at org.apache.hadoop.ozone.protocol.proto.OzoneManagerProtocolProtos$OzoneManagerService$2.callBlockingMethod(OzoneManagerProtocolProtos.java) [ozone-interface-client-1.4.0-SNAPSHOT.jar:?]
	at org.apache.hadoop.ipc.ProtobufRpcEngine$Server.processCall(ProtobufRpcEngine.java:484) [hadoop-common-3.3.6.jar:?]
	at org.apache.hadoop.ipc.ProtobufRpcEngine2$Server$ProtoBufRpcInvoker.call(ProtobufRpcEngine2.java:595) [hadoop-common-3.3.6.jar:?]
	at org.apache.hadoop.ipc.ProtobufRpcEngine2$Server$ProtoBufRpcInvoker.call(ProtobufRpcEngine2.java:573) [hadoop-common-3.3.6.jar:?]
	at org.apache.hadoop.ipc.RPC$Server.call(RPC.java:1227) [hadoop-common-3.3.6.jar:?]
	at org.apache.hadoop.ipc.Server$RpcCall.run(Server.java:1094) [hadoop-common-3.3.6.jar:?]
	at org.apache.hadoop.ipc.Server$RpcCall.run(Server.java:1017) [hadoop-common-3.3.6.jar:?]
	at java.security.AccessController.doPrivileged(Native Method) ~[?:1.8.0_382]
	at javax.security.auth.Subject.doAs(Subject.java:422) [?:1.8.0_382]
	at org.apache.hadoop.security.UserGroupInformation.doAs(UserGroupInformation.java:1899) [hadoop-common-3.3.6.jar:?]
	at org.apache.hadoop.ipc.Server$Handler.run(Server.java:3048) [hadoop-common-3.3.6.jar:?]
17:29:53.184 [IPC Server handler 12 on default port 15004] ERROR OMAudit - user=runner | ip=127.0.0.1 | op=GET_FILE_STATUS {volume=volume27687, bucket=bucket94524, key=gdir1/dir7/child, dataSize=0, replicationConfig=null} | ret=FAILURE
org.apache.hadoop.ozone.om.exceptions.OMException: Unable to get file status: volume: volume27687 bucket: bucket94524 key: gdir1/dir7/child
	at org.apache.hadoop.ozone.om.KeyManagerImpl.getOzoneFileStatus(KeyManagerImpl.java:1227) ~[ozone-manager-1.4.0-SNAPSHOT.jar:?]
	at org.apache.hadoop.ozone.om.KeyManagerImpl.getFileStatus(KeyManagerImpl.java:1145) ~[ozone-manager-1.4.0-SNAPSHOT.jar:?]
	at org.apache.hadoop.ozone.om.OmMetadataReader.getFileStatus(OmMetadataReader.java:266) ~[ozone-manager-1.4.0-SNAPSHOT.jar:?]
	at org.apache.hadoop.ozone.om.OzoneManager.getFileStatus(OzoneManager.java:3585) ~[ozone-manager-1.4.0-SNAPSHOT.jar:?]
	at org.apache.hadoop.ozone.protocolPB.OzoneManagerRequestHandler.getOzoneFileStatus(OzoneManagerRequestHandler.java:998) ~[ozone-manager-1.4.0-SNAPSHOT.jar:?]
	at org.apache.hadoop.ozone.protocolPB.OzoneManagerRequestHandler.handleReadRequest(OzoneManagerRequestHandler.java:259) ~[ozone-manager-1.4.0-SNAPSHOT.jar:?]
	at org.apache.hadoop.ozone.protocolPB.OzoneManagerProtocolServerSideTranslatorPB.submitReadRequestToOM(OzoneManagerProtocolServerSideTranslatorPB.java:225) ~[ozone-manager-1.4.0-SNAPSHOT.jar:?]
	at org.apache.hadoop.ozone.protocolPB.OzoneManagerProtocolServerSideTranslatorPB.processRequest(OzoneManagerProtocolServerSideTranslatorPB.java:179) ~[ozone-manager-1.4.0-SNAPSHOT.jar:?]
	at org.apache.hadoop.hdds.server.OzoneProtocolMessageDispatcher.processRequest(OzoneProtocolMessageDispatcher.java:87) [hdds-server-framework-1.4.0-SNAPSHOT.jar:?]
	at org.apache.hadoop.ozone.protocolPB.OzoneManagerProtocolServerSideTranslatorPB.submitRequest(OzoneManagerProtocolServerSideTranslatorPB.java:148) [ozone-manager-1.4.0-SNAPSHOT.jar:?]
	at org.apache.hadoop.ozone.protocol.proto.OzoneManagerProtocolProtos$OzoneManagerService$2.callBlockingMethod(OzoneManagerProtocolProtos.java) [ozone-interface-client-1.4.0-SNAPSHOT.jar:?]
	at org.apache.hadoop.ipc.ProtobufRpcEngine$Server.processCall(ProtobufRpcEngine.java:484) [hadoop-common-3.3.6.jar:?]
	at org.apache.hadoop.ipc.ProtobufRpcEngine2$Server$ProtoBufRpcInvoker.call(ProtobufRpcEngine2.java:595) [hadoop-common-3.3.6.jar:?]
	at org.apache.hadoop.ipc.ProtobufRpcEngine2$Server$ProtoBufRpcInvoker.call(ProtobufRpcEngine2.java:573) [hadoop-common-3.3.6.jar:?]
	at org.apache.hadoop.ipc.RPC$Server.call(RPC.java:1227) [hadoop-common-3.3.6.jar:?]
	at org.apache.hadoop.ipc.Server$RpcCall.run(Server.java:1094) [hadoop-common-3.3.6.jar:?]
	at org.apache.hadoop.ipc.Server$RpcCall.run(Server.java:1017) [hadoop-common-3.3.6.jar:?]
	at java.security.AccessController.doPrivileged(Native Method) ~[?:1.8.0_382]
	at javax.security.auth.Subject.doAs(Subject.java:422) [?:1.8.0_382]
	at org.apache.hadoop.security.UserGroupInformation.doAs(UserGroupInformation.java:1899) [hadoop-common-3.3.6.jar:?]
	at org.apache.hadoop.ipc.Server$Handler.run(Server.java:3048) [hadoop-common-3.3.6.jar:?]
17:29:53.185 [IPC Server handler 13 on default port 15004] ERROR OMAudit - user=runner | ip=127.0.0.1 | op=GET_FILE_STATUS {volume=volume27687, bucket=bucket94524, key=gdir1/dir8, dataSize=0, replicationConfig=null} | ret=FAILURE
org.apache.hadoop.ozone.om.exceptions.OMException: Unable to get file status: volume: volume27687 bucket: bucket94524 key: gdir1/dir8
	at org.apache.hadoop.ozone.om.KeyManagerImpl.getOzoneFileStatus(KeyManagerImpl.java:1227) ~[ozone-manager-1.4.0-SNAPSHOT.jar:?]
	at org.apache.hadoop.ozone.om.KeyManagerImpl.getFileStatus(KeyManagerImpl.java:1145) ~[ozone-manager-1.4.0-SNAPSHOT.jar:?]
	at org.apache.hadoop.ozone.om.OmMetadataReader.getFileStatus(OmMetadataReader.java:266) ~[ozone-manager-1.4.0-SNAPSHOT.jar:?]
	at org.apache.hadoop.ozone.om.OzoneManager.getFileStatus(OzoneManager.java:3585) ~[ozone-manager-1.4.0-SNAPSHOT.jar:?]
	at org.apache.hadoop.ozone.protocolPB.OzoneManagerRequestHandler.getOzoneFileStatus(OzoneManagerRequestHandler.java:998) ~[ozone-manager-1.4.0-SNAPSHOT.jar:?]
	at org.apache.hadoop.ozone.protocolPB.OzoneManagerRequestHandler.handleReadRequest(OzoneManagerRequestHandler.java:259) ~[ozone-manager-1.4.0-SNAPSHOT.jar:?]
	at org.apache.hadoop.ozone.protocolPB.OzoneManagerProtocolServerSideTranslatorPB.submitReadRequestToOM(OzoneManagerProtocolServerSideTranslatorPB.java:225) ~[ozone-manager-1.4.0-SNAPSHOT.jar:?]
	at org.apache.hadoop.ozone.protocolPB.OzoneManagerProtocolServerSideTranslatorPB.processRequest(OzoneManagerProtocolServerSideTranslatorPB.java:179) ~[ozone-manager-1.4.0-SNAPSHOT.jar:?]
	at org.apache.hadoop.hdds.server.OzoneProtocolMessageDispatcher.processRequest(OzoneProtocolMessageDispatcher.java:87) [hdds-server-framework-1.4.0-SNAPSHOT.jar:?]
	at org.apache.hadoop.ozone.protocolPB.OzoneManagerProtocolServerSideTranslatorPB.submitRequest(OzoneManagerProtocolServerSideTranslatorPB.java:148) [ozone-manager-1.4.0-SNAPSHOT.jar:?]
	at org.apache.hadoop.ozone.protocol.proto.OzoneManagerProtocolProtos$OzoneManagerService$2.callBlockingMethod(OzoneManagerProtocolProtos.java) [ozone-interface-client-1.4.0-SNAPSHOT.jar:?]
	at org.apache.hadoop.ipc.ProtobufRpcEngine$Server.processCall(ProtobufRpcEngine.java:484) [hadoop-common-3.3.6.jar:?]
	at org.apache.hadoop.ipc.ProtobufRpcEngine2$Server$ProtoBufRpcInvoker.call(ProtobufRpcEngine2.java:595) [hadoop-common-3.3.6.jar:?]
	at org.apache.hadoop.ipc.ProtobufRpcEngine2$Server$ProtoBufRpcInvoker.call(ProtobufRpcEngine2.java:573) [hadoop-common-3.3.6.jar:?]
	at org.apache.hadoop.ipc.RPC$Server.call(RPC.java:1227) [hadoop-common-3.3.6.jar:?]
	at org.apache.hadoop.ipc.Server$RpcCall.run(Server.java:1094) [hadoop-common-3.3.6.jar:?]
	at org.apache.hadoop.ipc.Server$RpcCall.run(Server.java:1017) [hadoop-common-3.3.6.jar:?]
	at java.security.AccessController.doPrivileged(Native Method) ~[?:1.8.0_382]
	at javax.security.auth.Subject.doAs(Subject.java:422) [?:1.8.0_382]
	at org.apache.hadoop.security.UserGroupInformation.doAs(UserGroupInformation.java:1899) [hadoop-common-3.3.6.jar:?]
	at org.apache.hadoop.ipc.Server$Handler.run(Server.java:3048) [hadoop-common-3.3.6.jar:?]
17:29:53.189 [IPC Server handler 14 on default port 15004] ERROR OMAudit - user=runner | ip=127.0.0.1 | op=GET_FILE_STATUS {volume=volume27687, bucket=bucket94524, key=gdir1/dir8/child, dataSize=0, replicationConfig=null} | ret=FAILURE
org.apache.hadoop.ozone.om.exceptions.OMException: Unable to get file status: volume: volume27687 bucket: bucket94524 key: gdir1/dir8/child
	at org.apache.hadoop.ozone.om.KeyManagerImpl.getOzoneFileStatus(KeyManagerImpl.java:1227) ~[ozone-manager-1.4.0-SNAPSHOT.jar:?]
	at org.apache.hadoop.ozone.om.KeyManagerImpl.getFileStatus(KeyManagerImpl.java:1145) ~[ozone-manager-1.4.0-SNAPSHOT.jar:?]
	at org.apache.hadoop.ozone.om.OmMetadataReader.getFileStatus(OmMetadataReader.java:266) ~[ozone-manager-1.4.0-SNAPSHOT.jar:?]
	at org.apache.hadoop.ozone.om.OzoneManager.getFileStatus(OzoneManager.java:3585) ~[ozone-manager-1.4.0-SNAPSHOT.jar:?]
	at org.apache.hadoop.ozone.protocolPB.OzoneManagerRequestHandler.getOzoneFileStatus(OzoneManagerRequestHandler.java:998) ~[ozone-manager-1.4.0-SNAPSHOT.jar:?]
	at org.apache.hadoop.ozone.protocolPB.OzoneManagerRequestHandler.handleReadRequest(OzoneManagerRequestHandler.java:259) ~[ozone-manager-1.4.0-SNAPSHOT.jar:?]
	at org.apache.hadoop.ozone.protocolPB.OzoneManagerProtocolServerSideTranslatorPB.submitReadRequestToOM(OzoneManagerProtocolServerSideTranslatorPB.java:225) ~[ozone-manager-1.4.0-SNAPSHOT.jar:?]
	at org.apache.hadoop.ozone.protocolPB.OzoneManagerProtocolServerSideTranslatorPB.processRequest(OzoneManagerProtocolServerSideTranslatorPB.java:179) ~[ozone-manager-1.4.0-SNAPSHOT.jar:?]
	at org.apache.hadoop.hdds.server.OzoneProtocolMessageDispatcher.processRequest(OzoneProtocolMessageDispatcher.java:87) [hdds-server-framework-1.4.0-SNAPSHOT.jar:?]
	at org.apache.hadoop.ozone.protocolPB.OzoneManagerProtocolServerSideTranslatorPB.submitRequest(OzoneManagerProtocolServerSideTranslatorPB.java:148) [ozone-manager-1.4.0-SNAPSHOT.jar:?]
	at org.apache.hadoop.ozone.protocol.proto.OzoneManagerProtocolProtos$OzoneManagerService$2.callBlockingMethod(OzoneManagerProtocolProtos.java) [ozone-interface-client-1.4.0-SNAPSHOT.jar:?]
	at org.apache.hadoop.ipc.ProtobufRpcEngine$Server.processCall(ProtobufRpcEngine.java:484) [hadoop-common-3.3.6.jar:?]
	at org.apache.hadoop.ipc.ProtobufRpcEngine2$Server$ProtoBufRpcInvoker.call(ProtobufRpcEngine2.java:595) [hadoop-common-3.3.6.jar:?]
	at org.apache.hadoop.ipc.ProtobufRpcEngine2$Server$ProtoBufRpcInvoker.call(ProtobufRpcEngine2.java:573) [hadoop-common-3.3.6.jar:?]
	at org.apache.hadoop.ipc.RPC$Server.call(RPC.java:1227) [hadoop-common-3.3.6.jar:?]
	at org.apache.hadoop.ipc.Server$RpcCall.run(Server.java:1094) [hadoop-common-3.3.6.jar:?]
	at org.apache.hadoop.ipc.Server$RpcCall.run(Server.java:1017) [hadoop-common-3.3.6.jar:?]
	at java.security.AccessController.doPrivileged(Native Method) ~[?:1.8.0_382]
	at javax.security.auth.Subject.doAs(Subject.java:422) [?:1.8.0_382]
	at org.apache.hadoop.security.UserGroupInformation.doAs(UserGroupInformation.java:1899) [hadoop-common-3.3.6.jar:?]
	at org.apache.hadoop.ipc.Server$Handler.run(Server.java:3048) [hadoop-common-3.3.6.jar:?]
17:29:53.190 [IPC Server handler 15 on default port 15004] ERROR OMAudit - user=runner | ip=127.0.0.1 | op=GET_FILE_STATUS {volume=volume27687, bucket=bucket94524, key=gdir1/dir9, dataSize=0, replicationConfig=null} | ret=FAILURE
org.apache.hadoop.ozone.om.exceptions.OMException: Unable to get file status: volume: volume27687 bucket: bucket94524 key: gdir1/dir9
	at org.apache.hadoop.ozone.om.KeyManagerImpl.getOzoneFileStatus(KeyManagerImpl.java:1227) ~[ozone-manager-1.4.0-SNAPSHOT.jar:?]
	at org.apache.hadoop.ozone.om.KeyManagerImpl.getFileStatus(KeyManagerImpl.java:1145) ~[ozone-manager-1.4.0-SNAPSHOT.jar:?]
	at org.apache.hadoop.ozone.om.OmMetadataReader.getFileStatus(OmMetadataReader.java:266) ~[ozone-manager-1.4.0-SNAPSHOT.jar:?]
	at org.apache.hadoop.ozone.om.OzoneManager.getFileStatus(OzoneManager.java:3585) ~[ozone-manager-1.4.0-SNAPSHOT.jar:?]
	at org.apache.hadoop.ozone.protocolPB.OzoneManagerRequestHandler.getOzoneFileStatus(OzoneManagerRequestHandler.java:998) ~[ozone-manager-1.4.0-SNAPSHOT.jar:?]
	at org.apache.hadoop.ozone.protocolPB.OzoneManagerRequestHandler.handleReadRequest(OzoneManagerRequestHandler.java:259) ~[ozone-manager-1.4.0-SNAPSHOT.jar:?]
	at org.apache.hadoop.ozone.protocolPB.OzoneManagerProtocolServerSideTranslatorPB.submitReadRequestToOM(OzoneManagerProtocolServerSideTranslatorPB.java:225) ~[ozone-manager-1.4.0-SNAPSHOT.jar:?]
	at org.apache.hadoop.ozone.protocolPB.OzoneManagerProtocolServerSideTranslatorPB.processRequest(OzoneManagerProtocolServerSideTranslatorPB.java:179) ~[ozone-manager-1.4.0-SNAPSHOT.jar:?]
	at org.apache.hadoop.hdds.server.OzoneProtocolMessageDispatcher.processRequest(OzoneProtocolMessageDispatcher.java:87) [hdds-server-framework-1.4.0-SNAPSHOT.jar:?]
	at org.apache.hadoop.ozone.protocolPB.OzoneManagerProtocolServerSideTranslatorPB.submitRequest(OzoneManagerProtocolServerSideTranslatorPB.java:148) [ozone-manager-1.4.0-SNAPSHOT.jar:?]
	at org.apache.hadoop.ozone.protocol.proto.OzoneManagerProtocolProtos$OzoneManagerService$2.callBlockingMethod(OzoneManagerProtocolProtos.java) [ozone-interface-client-1.4.0-SNAPSHOT.jar:?]
	at org.apache.hadoop.ipc.ProtobufRpcEngine$Server.processCall(ProtobufRpcEngine.java:484) [hadoop-common-3.3.6.jar:?]
	at org.apache.hadoop.ipc.ProtobufRpcEngine2$Server$ProtoBufRpcInvoker.call(ProtobufRpcEngine2.java:595) [hadoop-common-3.3.6.jar:?]
	at org.apache.hadoop.ipc.ProtobufRpcEngine2$Server$ProtoBufRpcInvoker.call(ProtobufRpcEngine2.java:573) [hadoop-common-3.3.6.jar:?]
	at org.apache.hadoop.ipc.RPC$Server.call(RPC.java:1227) [hadoop-common-3.3.6.jar:?]
	at org.apache.hadoop.ipc.Server$RpcCall.run(Server.java:1094) [hadoop-common-3.3.6.jar:?]
	at org.apache.hadoop.ipc.Server$RpcCall.run(Server.java:1017) [hadoop-common-3.3.6.jar:?]
	at java.security.AccessController.doPrivileged(Native Method) ~[?:1.8.0_382]
	at javax.security.auth.Subject.doAs(Subject.java:422) [?:1.8.0_382]
	at org.apache.hadoop.security.UserGroupInformation.doAs(UserGroupInformation.java:1899) [hadoop-common-3.3.6.jar:?]
	at org.apache.hadoop.ipc.Server$Handler.run(Server.java:3048) [hadoop-common-3.3.6.jar:?]
17:29:53.192 [IPC Server handler 17 on default port 15004] ERROR OMAudit - user=runner | ip=127.0.0.1 | op=GET_FILE_STATUS {volume=volume27687, bucket=bucket94524, key=gdir1/dir9/child, dataSize=0, replicationConfig=null} | ret=FAILURE
org.apache.hadoop.ozone.om.exceptions.OMException: Unable to get file status: volume: volume27687 bucket: bucket94524 key: gdir1/dir9/child
	at org.apache.hadoop.ozone.om.KeyManagerImpl.getOzoneFileStatus(KeyManagerImpl.java:1227) ~[ozone-manager-1.4.0-SNAPSHOT.jar:?]
	at org.apache.hadoop.ozone.om.KeyManagerImpl.getFileStatus(KeyManagerImpl.java:1145) ~[ozone-manager-1.4.0-SNAPSHOT.jar:?]
	at org.apache.hadoop.ozone.om.OmMetadataReader.getFileStatus(OmMetadataReader.java:266) ~[ozone-manager-1.4.0-SNAPSHOT.jar:?]
	at org.apache.hadoop.ozone.om.OzoneManager.getFileStatus(OzoneManager.java:3585) ~[ozone-manager-1.4.0-SNAPSHOT.jar:?]
	at org.apache.hadoop.ozone.protocolPB.OzoneManagerRequestHandler.getOzoneFileStatus(OzoneManagerRequestHandler.java:998) ~[ozone-manager-1.4.0-SNAPSHOT.jar:?]
	at org.apache.hadoop.ozone.protocolPB.OzoneManagerRequestHandler.handleReadRequest(OzoneManagerRequestHandler.java:259) ~[ozone-manager-1.4.0-SNAPSHOT.jar:?]
	at org.apache.hadoop.ozone.protocolPB.OzoneManagerProtocolServerSideTranslatorPB.submitReadRequestToOM(OzoneManagerProtocolServerSideTranslatorPB.java:225) ~[ozone-manager-1.4.0-SNAPSHOT.jar:?]
	at org.apache.hadoop.ozone.protocolPB.OzoneManagerProtocolServerSideTranslatorPB.processRequest(OzoneManagerProtocolServerSideTranslatorPB.java:179) ~[ozone-manager-1.4.0-SNAPSHOT.jar:?]
	at org.apache.hadoop.hdds.server.OzoneProtocolMessageDispatcher.processRequest(OzoneProtocolMessageDispatcher.java:87) [hdds-server-framework-1.4.0-SNAPSHOT.jar:?]
	at org.apache.hadoop.ozone.protocolPB.OzoneManagerProtocolServerSideTranslatorPB.submitRequest(OzoneManagerProtocolServerSideTranslatorPB.java:148) [ozone-manager-1.4.0-SNAPSHOT.jar:?]
	at org.apache.hadoop.ozone.protocol.proto.OzoneManagerProtocolProtos$OzoneManagerService$2.callBlockingMethod(OzoneManagerProtocolProtos.java) [ozone-interface-client-1.4.0-SNAPSHOT.jar:?]
	at org.apache.hadoop.ipc.ProtobufRpcEngine$Server.processCall(ProtobufRpcEngine.java:484) [hadoop-common-3.3.6.jar:?]
	at org.apache.hadoop.ipc.ProtobufRpcEngine2$Server$ProtoBufRpcInvoker.call(ProtobufRpcEngine2.java:595) [hadoop-common-3.3.6.jar:?]
	at org.apache.hadoop.ipc.ProtobufRpcEngine2$Server$ProtoBufRpcInvoker.call(ProtobufRpcEngine2.java:573) [hadoop-common-3.3.6.jar:?]
	at org.apache.hadoop.ipc.RPC$Server.call(RPC.java:1227) [hadoop-common-3.3.6.jar:?]
	at org.apache.hadoop.ipc.Server$RpcCall.run(Server.java:1094) [hadoop-common-3.3.6.jar:?]
	at org.apache.hadoop.ipc.Server$RpcCall.run(Server.java:1017) [hadoop-common-3.3.6.jar:?]
	at java.security.AccessController.doPrivileged(Native Method) ~[?:1.8.0_382]
	at javax.security.auth.Subject.doAs(Subject.java:422) [?:1.8.0_382]
	at org.apache.hadoop.security.UserGroupInformation.doAs(UserGroupInformation.java:1899) [hadoop-common-3.3.6.jar:?]
	at org.apache.hadoop.ipc.Server$Handler.run(Server.java:3048) [hadoop-common-3.3.6.jar:?]
17:29:53.194 [IPC Server handler 18 on default port 15004] ERROR OMAudit - user=runner | ip=127.0.0.1 | op=GET_FILE_STATUS {volume=volume27687, bucket=bucket94524, key=gdir1/dir10, dataSize=0, replicationConfig=null} | ret=FAILURE
org.apache.hadoop.ozone.om.exceptions.OMException: Unable to get file status: volume: volume27687 bucket: bucket94524 key: gdir1/dir10
	at org.apache.hadoop.ozone.om.KeyManagerImpl.getOzoneFileStatus(KeyManagerImpl.java:1227) ~[ozone-manager-1.4.0-SNAPSHOT.jar:?]
	at org.apache.hadoop.ozone.om.KeyManagerImpl.getFileStatus(KeyManagerImpl.java:1145) ~[ozone-manager-1.4.0-SNAPSHOT.jar:?]
	at org.apache.hadoop.ozone.om.OmMetadataReader.getFileStatus(OmMetadataReader.java:266) ~[ozone-manager-1.4.0-SNAPSHOT.jar:?]
	at org.apache.hadoop.ozone.om.OzoneManager.getFileStatus(OzoneManager.java:3585) ~[ozone-manager-1.4.0-SNAPSHOT.jar:?]
	at org.apache.hadoop.ozone.protocolPB.OzoneManagerRequestHandler.getOzoneFileStatus(OzoneManagerRequestHandler.java:998) ~[ozone-manager-1.4.0-SNAPSHOT.jar:?]
	at org.apache.hadoop.ozone.protocolPB.OzoneManagerRequestHandler.handleReadRequest(OzoneManagerRequestHandler.java:259) ~[ozone-manager-1.4.0-SNAPSHOT.jar:?]
	at org.apache.hadoop.ozone.protocolPB.OzoneManagerProtocolServerSideTranslatorPB.submitReadRequestToOM(OzoneManagerProtocolServerSideTranslatorPB.java:225) ~[ozone-manager-1.4.0-SNAPSHOT.jar:?]
	at org.apache.hadoop.ozone.protocolPB.OzoneManagerProtocolServerSideTranslatorPB.processRequest(OzoneManagerProtocolServerSideTranslatorPB.java:179) ~[ozone-manager-1.4.0-SNAPSHOT.jar:?]
	at org.apache.hadoop.hdds.server.OzoneProtocolMessageDispatcher.processRequest(OzoneProtocolMessageDispatcher.java:87) [hdds-server-framework-1.4.0-SNAPSHOT.jar:?]
	at org.apache.hadoop.ozone.protocolPB.OzoneManagerProtocolServerSideTranslatorPB.submitRequest(OzoneManagerProtocolServerSideTranslatorPB.java:148) [ozone-manager-1.4.0-SNAPSHOT.jar:?]
	at org.apache.hadoop.ozone.protocol.proto.OzoneManagerProtocolProtos$OzoneManagerService$2.callBlockingMethod(OzoneManagerProtocolProtos.java) [ozone-interface-client-1.4.0-SNAPSHOT.jar:?]
	at org.apache.hadoop.ipc.ProtobufRpcEngine$Server.processCall(ProtobufRpcEngine.java:484) [hadoop-common-3.3.6.jar:?]
	at org.apache.hadoop.ipc.ProtobufRpcEngine2$Server$ProtoBufRpcInvoker.call(ProtobufRpcEngine2.java:595) [hadoop-common-3.3.6.jar:?]
	at org.apache.hadoop.ipc.ProtobufRpcEngine2$Server$ProtoBufRpcInvoker.call(ProtobufRpcEngine2.java:573) [hadoop-common-3.3.6.jar:?]
	at org.apache.hadoop.ipc.RPC$Server.call(RPC.java:1227) [hadoop-common-3.3.6.jar:?]
	at org.apache.hadoop.ipc.Server$RpcCall.run(Server.java:1094) [hadoop-common-3.3.6.jar:?]
	at org.apache.hadoop.ipc.Server$RpcCall.run(Server.java:1017) [hadoop-common-3.3.6.jar:?]
	at java.security.AccessController.doPrivileged(Native Method) ~[?:1.8.0_382]
	at javax.security.auth.Subject.doAs(Subject.java:422) [?:1.8.0_382]
	at org.apache.hadoop.security.UserGroupInformation.doAs(UserGroupInformation.java:1899) [hadoop-common-3.3.6.jar:?]
	at org.apache.hadoop.ipc.Server$Handler.run(Server.java:3048) [hadoop-common-3.3.6.jar:?]
17:29:53.196 [IPC Server handler 19 on default port 15004] ERROR OMAudit - user=runner | ip=127.0.0.1 | op=GET_FILE_STATUS {volume=volume27687, bucket=bucket94524, key=gdir1/dir10/child, dataSize=0, replicationConfig=null} | ret=FAILURE
org.apache.hadoop.ozone.om.exceptions.OMException: Unable to get file status: volume: volume27687 bucket: bucket94524 key: gdir1/dir10/child
	at org.apache.hadoop.ozone.om.KeyManagerImpl.getOzoneFileStatus(KeyManagerImpl.java:1227) ~[ozone-manager-1.4.0-SNAPSHOT.jar:?]
	at org.apache.hadoop.ozone.om.KeyManagerImpl.getFileStatus(KeyManagerImpl.java:1145) ~[ozone-manager-1.4.0-SNAPSHOT.jar:?]
	at org.apache.hadoop.ozone.om.OmMetadataReader.getFileStatus(OmMetadataReader.java:266) ~[ozone-manager-1.4.0-SNAPSHOT.jar:?]
	at org.apache.hadoop.ozone.om.OzoneManager.getFileStatus(OzoneManager.java:3585) ~[ozone-manager-1.4.0-SNAPSHOT.jar:?]
	at org.apache.hadoop.ozone.protocolPB.OzoneManagerRequestHandler.getOzoneFileStatus(OzoneManagerRequestHandler.java:998) ~[ozone-manager-1.4.0-SNAPSHOT.jar:?]
	at org.apache.hadoop.ozone.protocolPB.OzoneManagerRequestHandler.handleReadRequest(OzoneManagerRequestHandler.java:259) ~[ozone-manager-1.4.0-SNAPSHOT.jar:?]
	at org.apache.hadoop.ozone.protocolPB.OzoneManagerProtocolServerSideTranslatorPB.submitReadRequestToOM(OzoneManagerProtocolServerSideTranslatorPB.java:225) ~[ozone-manager-1.4.0-SNAPSHOT.jar:?]
	at org.apache.hadoop.ozone.protocolPB.OzoneManagerProtocolServerSideTranslatorPB.processRequest(OzoneManagerProtocolServerSideTranslatorPB.java:179) ~[ozone-manager-1.4.0-SNAPSHOT.jar:?]
	at org.apache.hadoop.hdds.server.OzoneProtocolMessageDispatcher.processRequest(OzoneProtocolMessageDispatcher.java:87) [hdds-server-framework-1.4.0-SNAPSHOT.jar:?]
	at org.apache.hadoop.ozone.protocolPB.OzoneManagerProtocolServerSideTranslatorPB.submitRequest(OzoneManagerProtocolServerSideTranslatorPB.java:148) [ozone-manager-1.4.0-SNAPSHOT.jar:?]
	at org.apache.hadoop.ozone.protocol.proto.OzoneManagerProtocolProtos$OzoneManagerService$2.callBlockingMethod(OzoneManagerProtocolProtos.java) [ozone-interface-client-1.4.0-SNAPSHOT.jar:?]
	at org.apache.hadoop.ipc.ProtobufRpcEngine$Server.processCall(ProtobufRpcEngine.java:484) [hadoop-common-3.3.6.jar:?]
	at org.apache.hadoop.ipc.ProtobufRpcEngine2$Server$ProtoBufRpcInvoker.call(ProtobufRpcEngine2.java:595) [hadoop-common-3.3.6.jar:?]
	at org.apache.hadoop.ipc.ProtobufRpcEngine2$Server$ProtoBufRpcInvoker.call(ProtobufRpcEngine2.java:573) [hadoop-common-3.3.6.jar:?]
	at org.apache.hadoop.ipc.RPC$Server.call(RPC.java:1227) [hadoop-common-3.3.6.jar:?]
	at org.apache.hadoop.ipc.Server$RpcCall.run(Server.java:1094) [hadoop-common-3.3.6.jar:?]
	at org.apache.hadoop.ipc.Server$RpcCall.run(Server.java:1017) [hadoop-common-3.3.6.jar:?]
	at java.security.AccessController.doPrivileged(Native Method) ~[?:1.8.0_382]
	at javax.security.auth.Subject.doAs(Subject.java:422) [?:1.8.0_382]
	at org.apache.hadoop.security.UserGroupInformation.doAs(UserGroupInformation.java:1899) [hadoop-common-3.3.6.jar:?]
	at org.apache.hadoop.ipc.Server$Handler.run(Server.java:3048) [hadoop-common-3.3.6.jar:?]
17:29:53.367 [IPC Server handler 12 on default port 15004] ERROR OMAudit - user=runner | ip=127.0.0.1 | op=GET_FILE_STATUS {volume=volume27687, bucket=bucket94524, key=level0, dataSize=0, replicationConfig=null} | ret=FAILURE
org.apache.hadoop.ozone.om.exceptions.OMException: Unable to get file status: volume: volume27687 bucket: bucket94524 key: level0
	at org.apache.hadoop.ozone.om.KeyManagerImpl.getOzoneFileStatus(KeyManagerImpl.java:1227) ~[ozone-manager-1.4.0-SNAPSHOT.jar:?]
	at org.apache.hadoop.ozone.om.KeyManagerImpl.getFileStatus(KeyManagerImpl.java:1145) ~[ozone-manager-1.4.0-SNAPSHOT.jar:?]
	at org.apache.hadoop.ozone.om.OmMetadataReader.getFileStatus(OmMetadataReader.java:266) ~[ozone-manager-1.4.0-SNAPSHOT.jar:?]
	at org.apache.hadoop.ozone.om.OzoneManager.getFileStatus(OzoneManager.java:3585) ~[ozone-manager-1.4.0-SNAPSHOT.jar:?]
	at org.apache.hadoop.ozone.protocolPB.OzoneManagerRequestHandler.getOzoneFileStatus(OzoneManagerRequestHandler.java:998) ~[ozone-manager-1.4.0-SNAPSHOT.jar:?]
	at org.apache.hadoop.ozone.protocolPB.OzoneManagerRequestHandler.handleReadRequest(OzoneManagerRequestHandler.java:259) ~[ozone-manager-1.4.0-SNAPSHOT.jar:?]
	at org.apache.hadoop.ozone.protocolPB.OzoneManagerProtocolServerSideTranslatorPB.submitReadRequestToOM(OzoneManagerProtocolServerSideTranslatorPB.java:225) ~[ozone-manager-1.4.0-SNAPSHOT.jar:?]
	at org.apache.hadoop.ozone.protocolPB.OzoneManagerProtocolServerSideTranslatorPB.processRequest(OzoneManagerProtocolServerSideTranslatorPB.java:179) ~[ozone-manager-1.4.0-SNAPSHOT.jar:?]
	at org.apache.hadoop.hdds.server.OzoneProtocolMessageDispatcher.processRequest(OzoneProtocolMessageDispatcher.java:87) [hdds-server-framework-1.4.0-SNAPSHOT.jar:?]
	at org.apache.hadoop.ozone.protocolPB.OzoneManagerProtocolServerSideTranslatorPB.submitRequest(OzoneManagerProtocolServerSideTranslatorPB.java:148) [ozone-manager-1.4.0-SNAPSHOT.jar:?]
	at org.apache.hadoop.ozone.protocol.proto.OzoneManagerProtocolProtos$OzoneManagerService$2.callBlockingMethod(OzoneManagerProtocolProtos.java) [ozone-interface-client-1.4.0-SNAPSHOT.jar:?]
	at org.apache.hadoop.ipc.ProtobufRpcEngine$Server.processCall(ProtobufRpcEngine.java:484) [hadoop-common-3.3.6.jar:?]
	at org.apache.hadoop.ipc.ProtobufRpcEngine2$Server$ProtoBufRpcInvoker.call(ProtobufRpcEngine2.java:595) [hadoop-common-3.3.6.jar:?]
	at org.apache.hadoop.ipc.ProtobufRpcEngine2$Server$ProtoBufRpcInvoker.call(ProtobufRpcEngine2.java:573) [hadoop-common-3.3.6.jar:?]
	at org.apache.hadoop.ipc.RPC$Server.call(RPC.java:1227) [hadoop-common-3.3.6.jar:?]
	at org.apache.hadoop.ipc.Server$RpcCall.run(Server.java:1094) [hadoop-common-3.3.6.jar:?]
	at org.apache.hadoop.ipc.Server$RpcCall.run(Server.java:1017) [hadoop-common-3.3.6.jar:?]
	at java.security.AccessController.doPrivileged(Native Method) ~[?:1.8.0_382]
	at javax.security.auth.Subject.doAs(Subject.java:422) [?:1.8.0_382]
	at org.apache.hadoop.security.UserGroupInformation.doAs(UserGroupInformation.java:1899) [hadoop-common-3.3.6.jar:?]
	at org.apache.hadoop.ipc.Server$Handler.run(Server.java:3048) [hadoop-common-3.3.6.jar:?]
17:29:53.369 [IPC Server handler 13 on default port 15004] ERROR OMAudit - user=runner | ip=127.0.0.1 | op=GET_FILE_STATUS {volume=volume27687, bucket=bucket94524, key=level0/level1, dataSize=0, replicationConfig=null} | ret=FAILURE
org.apache.hadoop.ozone.om.exceptions.OMException: Unable to get file status: volume: volume27687 bucket: bucket94524 key: level0/level1
	at org.apache.hadoop.ozone.om.KeyManagerImpl.getOzoneFileStatus(KeyManagerImpl.java:1227) ~[ozone-manager-1.4.0-SNAPSHOT.jar:?]
	at org.apache.hadoop.ozone.om.KeyManagerImpl.getFileStatus(KeyManagerImpl.java:1145) ~[ozone-manager-1.4.0-SNAPSHOT.jar:?]
	at org.apache.hadoop.ozone.om.OmMetadataReader.getFileStatus(OmMetadataReader.java:266) ~[ozone-manager-1.4.0-SNAPSHOT.jar:?]
	at org.apache.hadoop.ozone.om.OzoneManager.getFileStatus(OzoneManager.java:3585) ~[ozone-manager-1.4.0-SNAPSHOT.jar:?]
	at org.apache.hadoop.ozone.protocolPB.OzoneManagerRequestHandler.getOzoneFileStatus(OzoneManagerRequestHandler.java:998) ~[ozone-manager-1.4.0-SNAPSHOT.jar:?]
	at org.apache.hadoop.ozone.protocolPB.OzoneManagerRequestHandler.handleReadRequest(OzoneManagerRequestHandler.java:259) ~[ozone-manager-1.4.0-SNAPSHOT.jar:?]
	at org.apache.hadoop.ozone.protocolPB.OzoneManagerProtocolServerSideTranslatorPB.submitReadRequestToOM(OzoneManagerProtocolServerSideTranslatorPB.java:225) ~[ozone-manager-1.4.0-SNAPSHOT.jar:?]
	at org.apache.hadoop.ozone.protocolPB.OzoneManagerProtocolServerSideTranslatorPB.processRequest(OzoneManagerProtocolServerSideTranslatorPB.java:179) ~[ozone-manager-1.4.0-SNAPSHOT.jar:?]
	at org.apache.hadoop.hdds.server.OzoneProtocolMessageDispatcher.processRequest(OzoneProtocolMessageDispatcher.java:87) [hdds-server-framework-1.4.0-SNAPSHOT.jar:?]
	at org.apache.hadoop.ozone.protocolPB.OzoneManagerProtocolServerSideTranslatorPB.submitRequest(OzoneManagerProtocolServerSideTranslatorPB.java:148) [ozone-manager-1.4.0-SNAPSHOT.jar:?]
	at org.apache.hadoop.ozone.protocol.proto.OzoneManagerProtocolProtos$OzoneManagerService$2.callBlockingMethod(OzoneManagerProtocolProtos.java) [ozone-interface-client-1.4.0-SNAPSHOT.jar:?]
	at org.apache.hadoop.ipc.ProtobufRpcEngine$Server.processCall(ProtobufRpcEngine.java:484) [hadoop-common-3.3.6.jar:?]
	at org.apache.hadoop.ipc.ProtobufRpcEngine2$Server$ProtoBufRpcInvoker.call(ProtobufRpcEngine2.java:595) [hadoop-common-3.3.6.jar:?]
	at org.apache.hadoop.ipc.ProtobufRpcEngine2$Server$ProtoBufRpcInvoker.call(ProtobufRpcEngine2.java:573) [hadoop-common-3.3.6.jar:?]
	at org.apache.hadoop.ipc.RPC$Server.call(RPC.java:1227) [hadoop-common-3.3.6.jar:?]
	at org.apache.hadoop.ipc.Server$RpcCall.run(Server.java:1094) [hadoop-common-3.3.6.jar:?]
	at org.apache.hadoop.ipc.Server$RpcCall.run(Server.java:1017) [hadoop-common-3.3.6.jar:?]
	at java.security.AccessController.doPrivileged(Native Method) ~[?:1.8.0_382]
	at javax.security.auth.Subject.doAs(Subject.java:422) [?:1.8.0_382]
	at org.apache.hadoop.security.UserGroupInformation.doAs(UserGroupInformation.java:1899) [hadoop-common-3.3.6.jar:?]
	at org.apache.hadoop.ipc.Server$Handler.run(Server.java:3048) [hadoop-common-3.3.6.jar:?]
17:29:53.371 [IPC Server handler 14 on default port 15004] ERROR OMAudit - user=runner | ip=127.0.0.1 | op=GET_FILE_STATUS {volume=volume27687, bucket=bucket94524, key=level0/level1/level1, dataSize=0, replicationConfig=null} | ret=FAILURE
org.apache.hadoop.ozone.om.exceptions.OMException: Unable to get file status: volume: volume27687 bucket: bucket94524 key: level0/level1/level1
	at org.apache.hadoop.ozone.om.KeyManagerImpl.getOzoneFileStatus(KeyManagerImpl.java:1227) ~[ozone-manager-1.4.0-SNAPSHOT.jar:?]
	at org.apache.hadoop.ozone.om.KeyManagerImpl.getFileStatus(KeyManagerImpl.java:1145) ~[ozone-manager-1.4.0-SNAPSHOT.jar:?]
	at org.apache.hadoop.ozone.om.OmMetadataReader.getFileStatus(OmMetadataReader.java:266) ~[ozone-manager-1.4.0-SNAPSHOT.jar:?]
	at org.apache.hadoop.ozone.om.OzoneManager.getFileStatus(OzoneManager.java:3585) ~[ozone-manager-1.4.0-SNAPSHOT.jar:?]
	at org.apache.hadoop.ozone.protocolPB.OzoneManagerRequestHandler.getOzoneFileStatus(OzoneManagerRequestHandler.java:998) ~[ozone-manager-1.4.0-SNAPSHOT.jar:?]
	at org.apache.hadoop.ozone.protocolPB.OzoneManagerRequestHandler.handleReadRequest(OzoneManagerRequestHandler.java:259) ~[ozone-manager-1.4.0-SNAPSHOT.jar:?]
	at org.apache.hadoop.ozone.protocolPB.OzoneManagerProtocolServerSideTranslatorPB.submitReadRequestToOM(OzoneManagerProtocolServerSideTranslatorPB.java:225) ~[ozone-manager-1.4.0-SNAPSHOT.jar:?]
	at org.apache.hadoop.ozone.protocolPB.OzoneManagerProtocolServerSideTranslatorPB.processRequest(OzoneManagerProtocolServerSideTranslatorPB.java:179) ~[ozone-manager-1.4.0-SNAPSHOT.jar:?]
	at org.apache.hadoop.hdds.server.OzoneProtocolMessageDispatcher.processRequest(OzoneProtocolMessageDispatcher.java:87) [hdds-server-framework-1.4.0-SNAPSHOT.jar:?]
	at org.apache.hadoop.ozone.protocolPB.OzoneManagerProtocolServerSideTranslatorPB.submitRequest(OzoneManagerProtocolServerSideTranslatorPB.java:148) [ozone-manager-1.4.0-SNAPSHOT.jar:?]
	at org.apache.hadoop.ozone.protocol.proto.OzoneManagerProtocolProtos$OzoneManagerService$2.callBlockingMethod(OzoneManagerProtocolProtos.java) [ozone-interface-client-1.4.0-SNAPSHOT.jar:?]
	at org.apache.hadoop.ipc.ProtobufRpcEngine$Server.processCall(ProtobufRpcEngine.java:484) [hadoop-common-3.3.6.jar:?]
	at org.apache.hadoop.ipc.ProtobufRpcEngine2$Server$ProtoBufRpcInvoker.call(ProtobufRpcEngine2.java:595) [hadoop-common-3.3.6.jar:?]
	at org.apache.hadoop.ipc.ProtobufRpcEngine2$Server$ProtoBufRpcInvoker.call(ProtobufRpcEngine2.java:573) [hadoop-common-3.3.6.jar:?]
	at org.apache.hadoop.ipc.RPC$Server.call(RPC.java:1227) [hadoop-common-3.3.6.jar:?]
	at org.apache.hadoop.ipc.Server$RpcCall.run(Server.java:1094) [hadoop-common-3.3.6.jar:?]
	at org.apache.hadoop.ipc.Server$RpcCall.run(Server.java:1017) [hadoop-common-3.3.6.jar:?]
	at java.security.AccessController.doPrivileged(Native Method) ~[?:1.8.0_382]
	at javax.security.auth.Subject.doAs(Subject.java:422) [?:1.8.0_382]
	at org.apache.hadoop.security.UserGroupInformation.doAs(UserGroupInformation.java:1899) [hadoop-common-3.3.6.jar:?]
	at org.apache.hadoop.ipc.Server$Handler.run(Server.java:3048) [hadoop-common-3.3.6.jar:?]
17:29:53.373 [IPC Server handler 15 on default port 15004] ERROR OMAudit - user=runner | ip=127.0.0.1 | op=GET_FILE_STATUS {volume=volume27687, bucket=bucket94524, key=level0/level1/file1, dataSize=0, replicationConfig=null} | ret=FAILURE
org.apache.hadoop.ozone.om.exceptions.OMException: Unable to get file status: volume: volume27687 bucket: bucket94524 key: level0/level1/file1
	at org.apache.hadoop.ozone.om.KeyManagerImpl.getOzoneFileStatus(KeyManagerImpl.java:1227) ~[ozone-manager-1.4.0-SNAPSHOT.jar:?]
	at org.apache.hadoop.ozone.om.KeyManagerImpl.getFileStatus(KeyManagerImpl.java:1145) ~[ozone-manager-1.4.0-SNAPSHOT.jar:?]
	at org.apache.hadoop.ozone.om.OmMetadataReader.getFileStatus(OmMetadataReader.java:266) ~[ozone-manager-1.4.0-SNAPSHOT.jar:?]
	at org.apache.hadoop.ozone.om.OzoneManager.getFileStatus(OzoneManager.java:3585) ~[ozone-manager-1.4.0-SNAPSHOT.jar:?]
	at org.apache.hadoop.ozone.protocolPB.OzoneManagerRequestHandler.getOzoneFileStatus(OzoneManagerRequestHandler.java:998) ~[ozone-manager-1.4.0-SNAPSHOT.jar:?]
	at org.apache.hadoop.ozone.protocolPB.OzoneManagerRequestHandler.handleReadRequest(OzoneManagerRequestHandler.java:259) ~[ozone-manager-1.4.0-SNAPSHOT.jar:?]
	at org.apache.hadoop.ozone.protocolPB.OzoneManagerProtocolServerSideTranslatorPB.submitReadRequestToOM(OzoneManagerProtocolServerSideTranslatorPB.java:225) ~[ozone-manager-1.4.0-SNAPSHOT.jar:?]
	at org.apache.hadoop.ozone.protocolPB.OzoneManagerProtocolServerSideTranslatorPB.processRequest(OzoneManagerProtocolServerSideTranslatorPB.java:179) ~[ozone-manager-1.4.0-SNAPSHOT.jar:?]
	at org.apache.hadoop.hdds.server.OzoneProtocolMessageDispatcher.processRequest(OzoneProtocolMessageDispatcher.java:87) [hdds-server-framework-1.4.0-SNAPSHOT.jar:?]
	at org.apache.hadoop.ozone.protocolPB.OzoneManagerProtocolServerSideTranslatorPB.submitRequest(OzoneManagerProtocolServerSideTranslatorPB.java:148) [ozone-manager-1.4.0-SNAPSHOT.jar:?]
	at org.apache.hadoop.ozone.protocol.proto.OzoneManagerProtocolProtos$OzoneManagerService$2.callBlockingMethod(OzoneManagerProtocolProtos.java) [ozone-interface-client-1.4.0-SNAPSHOT.jar:?]
	at org.apache.hadoop.ipc.ProtobufRpcEngine$Server.processCall(ProtobufRpcEngine.java:484) [hadoop-common-3.3.6.jar:?]
	at org.apache.hadoop.ipc.ProtobufRpcEngine2$Server$ProtoBufRpcInvoker.call(ProtobufRpcEngine2.java:595) [hadoop-common-3.3.6.jar:?]
	at org.apache.hadoop.ipc.ProtobufRpcEngine2$Server$ProtoBufRpcInvoker.call(ProtobufRpcEngine2.java:573) [hadoop-common-3.3.6.jar:?]
	at org.apache.hadoop.ipc.RPC$Server.call(RPC.java:1227) [hadoop-common-3.3.6.jar:?]
	at org.apache.hadoop.ipc.Server$RpcCall.run(Server.java:1094) [hadoop-common-3.3.6.jar:?]
	at org.apache.hadoop.ipc.Server$RpcCall.run(Server.java:1017) [hadoop-common-3.3.6.jar:?]
	at java.security.AccessController.doPrivileged(Native Method) ~[?:1.8.0_382]
	at javax.security.auth.Subject.doAs(Subject.java:422) [?:1.8.0_382]
	at org.apache.hadoop.security.UserGroupInformation.doAs(UserGroupInformation.java:1899) [hadoop-common-3.3.6.jar:?]
	at org.apache.hadoop.ipc.Server$Handler.run(Server.java:3048) [hadoop-common-3.3.6.jar:?]
17:29:53.375 [IPC Server handler 17 on default port 15004] ERROR OMAudit - user=runner | ip=127.0.0.1 | op=GET_FILE_STATUS {volume=volume27687, bucket=bucket94524, key=level0/level1/level1/file1, dataSize=0, replicationConfig=null} | ret=FAILURE
org.apache.hadoop.ozone.om.exceptions.OMException: Unable to get file status: volume: volume27687 bucket: bucket94524 key: level0/level1/level1/file1
	at org.apache.hadoop.ozone.om.KeyManagerImpl.getOzoneFileStatus(KeyManagerImpl.java:1227) ~[ozone-manager-1.4.0-SNAPSHOT.jar:?]
	at org.apache.hadoop.ozone.om.KeyManagerImpl.getFileStatus(KeyManagerImpl.java:1145) ~[ozone-manager-1.4.0-SNAPSHOT.jar:?]
	at org.apache.hadoop.ozone.om.OmMetadataReader.getFileStatus(OmMetadataReader.java:266) ~[ozone-manager-1.4.0-SNAPSHOT.jar:?]
	at org.apache.hadoop.ozone.om.OzoneManager.getFileStatus(OzoneManager.java:3585) ~[ozone-manager-1.4.0-SNAPSHOT.jar:?]
	at org.apache.hadoop.ozone.protocolPB.OzoneManagerRequestHandler.getOzoneFileStatus(OzoneManagerRequestHandler.java:998) ~[ozone-manager-1.4.0-SNAPSHOT.jar:?]
	at org.apache.hadoop.ozone.protocolPB.OzoneManagerRequestHandler.handleReadRequest(OzoneManagerRequestHandler.java:259) ~[ozone-manager-1.4.0-SNAPSHOT.jar:?]
	at org.apache.hadoop.ozone.protocolPB.OzoneManagerProtocolServerSideTranslatorPB.submitReadRequestToOM(OzoneManagerProtocolServerSideTranslatorPB.java:225) ~[ozone-manager-1.4.0-SNAPSHOT.jar:?]
	at org.apache.hadoop.ozone.protocolPB.OzoneManagerProtocolServerSideTranslatorPB.processRequest(OzoneManagerProtocolServerSideTranslatorPB.java:179) ~[ozone-manager-1.4.0-SNAPSHOT.jar:?]
	at org.apache.hadoop.hdds.server.OzoneProtocolMessageDispatcher.processRequest(OzoneProtocolMessageDispatcher.java:87) [hdds-server-framework-1.4.0-SNAPSHOT.jar:?]
	at org.apache.hadoop.ozone.protocolPB.OzoneManagerProtocolServerSideTranslatorPB.submitRequest(OzoneManagerProtocolServerSideTranslatorPB.java:148) [ozone-manager-1.4.0-SNAPSHOT.jar:?]
	at org.apache.hadoop.ozone.protocol.proto.OzoneManagerProtocolProtos$OzoneManagerService$2.callBlockingMethod(OzoneManagerProtocolProtos.java) [ozone-interface-client-1.4.0-SNAPSHOT.jar:?]
	at org.apache.hadoop.ipc.ProtobufRpcEngine$Server.processCall(ProtobufRpcEngine.java:484) [hadoop-common-3.3.6.jar:?]
	at org.apache.hadoop.ipc.ProtobufRpcEngine2$Server$ProtoBufRpcInvoker.call(ProtobufRpcEngine2.java:595) [hadoop-common-3.3.6.jar:?]
	at org.apache.hadoop.ipc.ProtobufRpcEngine2$Server$ProtoBufRpcInvoker.call(ProtobufRpcEngine2.java:573) [hadoop-common-3.3.6.jar:?]
	at org.apache.hadoop.ipc.RPC$Server.call(RPC.java:1227) [hadoop-common-3.3.6.jar:?]
	at org.apache.hadoop.ipc.Server$RpcCall.run(Server.java:1094) [hadoop-common-3.3.6.jar:?]
	at org.apache.hadoop.ipc.Server$RpcCall.run(Server.java:1017) [hadoop-common-3.3.6.jar:?]
	at java.security.AccessController.doPrivileged(Native Method) ~[?:1.8.0_382]
	at javax.security.auth.Subject.doAs(Subject.java:422) [?:1.8.0_382]
	at org.apache.hadoop.security.UserGroupInformation.doAs(UserGroupInformation.java:1899) [hadoop-common-3.3.6.jar:?]
	at org.apache.hadoop.ipc.Server$Handler.run(Server.java:3048) [hadoop-common-3.3.6.jar:?]
17:29:53.377 [IPC Server handler 18 on default port 15004] ERROR OMAudit - user=runner | ip=127.0.0.1 | op=GET_FILE_STATUS {volume=volume27687, bucket=bucket94524, key=level0/level2, dataSize=0, replicationConfig=null} | ret=FAILURE
org.apache.hadoop.ozone.om.exceptions.OMException: Unable to get file status: volume: volume27687 bucket: bucket94524 key: level0/level2
	at org.apache.hadoop.ozone.om.KeyManagerImpl.getOzoneFileStatus(KeyManagerImpl.java:1227) ~[ozone-manager-1.4.0-SNAPSHOT.jar:?]
	at org.apache.hadoop.ozone.om.KeyManagerImpl.getFileStatus(KeyManagerImpl.java:1145) ~[ozone-manager-1.4.0-SNAPSHOT.jar:?]
	at org.apache.hadoop.ozone.om.OmMetadataReader.getFileStatus(OmMetadataReader.java:266) ~[ozone-manager-1.4.0-SNAPSHOT.jar:?]
	at org.apache.hadoop.ozone.om.OzoneManager.getFileStatus(OzoneManager.java:3585) ~[ozone-manager-1.4.0-SNAPSHOT.jar:?]
	at org.apache.hadoop.ozone.protocolPB.OzoneManagerRequestHandler.getOzoneFileStatus(OzoneManagerRequestHandler.java:998) ~[ozone-manager-1.4.0-SNAPSHOT.jar:?]
	at org.apache.hadoop.ozone.protocolPB.OzoneManagerRequestHandler.handleReadRequest(OzoneManagerRequestHandler.java:259) ~[ozone-manager-1.4.0-SNAPSHOT.jar:?]
	at org.apache.hadoop.ozone.protocolPB.OzoneManagerProtocolServerSideTranslatorPB.submitReadRequestToOM(OzoneManagerProtocolServerSideTranslatorPB.java:225) ~[ozone-manager-1.4.0-SNAPSHOT.jar:?]
	at org.apache.hadoop.ozone.protocolPB.OzoneManagerProtocolServerSideTranslatorPB.processRequest(OzoneManagerProtocolServerSideTranslatorPB.java:179) ~[ozone-manager-1.4.0-SNAPSHOT.jar:?]
	at org.apache.hadoop.hdds.server.OzoneProtocolMessageDispatcher.processRequest(OzoneProtocolMessageDispatcher.java:87) [hdds-server-framework-1.4.0-SNAPSHOT.jar:?]
	at org.apache.hadoop.ozone.protocolPB.OzoneManagerProtocolServerSideTranslatorPB.submitRequest(OzoneManagerProtocolServerSideTranslatorPB.java:148) [ozone-manager-1.4.0-SNAPSHOT.jar:?]
	at org.apache.hadoop.ozone.protocol.proto.OzoneManagerProtocolProtos$OzoneManagerService$2.callBlockingMethod(OzoneManagerProtocolProtos.java) [ozone-interface-client-1.4.0-SNAPSHOT.jar:?]
	at org.apache.hadoop.ipc.ProtobufRpcEngine$Server.processCall(ProtobufRpcEngine.java:484) [hadoop-common-3.3.6.jar:?]
	at org.apache.hadoop.ipc.ProtobufRpcEngine2$Server$ProtoBufRpcInvoker.call(ProtobufRpcEngine2.java:595) [hadoop-common-3.3.6.jar:?]
	at org.apache.hadoop.ipc.ProtobufRpcEngine2$Server$ProtoBufRpcInvoker.call(ProtobufRpcEngine2.java:573) [hadoop-common-3.3.6.jar:?]
	at org.apache.hadoop.ipc.RPC$Server.call(RPC.java:1227) [hadoop-common-3.3.6.jar:?]
	at org.apache.hadoop.ipc.Server$RpcCall.run(Server.java:1094) [hadoop-common-3.3.6.jar:?]
	at org.apache.hadoop.ipc.Server$RpcCall.run(Server.java:1017) [hadoop-common-3.3.6.jar:?]
	at java.security.AccessController.doPrivileged(Native Method) ~[?:1.8.0_382]
	at javax.security.auth.Subject.doAs(Subject.java:422) [?:1.8.0_382]
	at org.apache.hadoop.security.UserGroupInformation.doAs(UserGroupInformation.java:1899) [hadoop-common-3.3.6.jar:?]
	at org.apache.hadoop.ipc.Server$Handler.run(Server.java:3048) [hadoop-common-3.3.6.jar:?]
17:29:53.379 [IPC Server handler 19 on default port 15004] ERROR OMAudit - user=runner | ip=127.0.0.1 | op=GET_FILE_STATUS {volume=volume27687, bucket=bucket94524, key=level0/level2/level2, dataSize=0, replicationConfig=null} | ret=FAILURE
org.apache.hadoop.ozone.om.exceptions.OMException: Unable to get file status: volume: volume27687 bucket: bucket94524 key: level0/level2/level2
	at org.apache.hadoop.ozone.om.KeyManagerImpl.getOzoneFileStatus(KeyManagerImpl.java:1227) ~[ozone-manager-1.4.0-SNAPSHOT.jar:?]
	at org.apache.hadoop.ozone.om.KeyManagerImpl.getFileStatus(KeyManagerImpl.java:1145) ~[ozone-manager-1.4.0-SNAPSHOT.jar:?]
	at org.apache.hadoop.ozone.om.OmMetadataReader.getFileStatus(OmMetadataReader.java:266) ~[ozone-manager-1.4.0-SNAPSHOT.jar:?]
	at org.apache.hadoop.ozone.om.OzoneManager.getFileStatus(OzoneManager.java:3585) ~[ozone-manager-1.4.0-SNAPSHOT.jar:?]
	at org.apache.hadoop.ozone.protocolPB.OzoneManagerRequestHandler.getOzoneFileStatus(OzoneManagerRequestHandler.java:998) ~[ozone-manager-1.4.0-SNAPSHOT.jar:?]
	at org.apache.hadoop.ozone.protocolPB.OzoneManagerRequestHandler.handleReadRequest(OzoneManagerRequestHandler.java:259) ~[ozone-manager-1.4.0-SNAPSHOT.jar:?]
	at org.apache.hadoop.ozone.protocolPB.OzoneManagerProtocolServerSideTranslatorPB.submitReadRequestToOM(OzoneManagerProtocolServerSideTranslatorPB.java:225) ~[ozone-manager-1.4.0-SNAPSHOT.jar:?]
	at org.apache.hadoop.ozone.protocolPB.OzoneManagerProtocolServerSideTranslatorPB.processRequest(OzoneManagerProtocolServerSideTranslatorPB.java:179) ~[ozone-manager-1.4.0-SNAPSHOT.jar:?]
	at org.apache.hadoop.hdds.server.OzoneProtocolMessageDispatcher.processRequest(OzoneProtocolMessageDispatcher.java:87) [hdds-server-framework-1.4.0-SNAPSHOT.jar:?]
	at org.apache.hadoop.ozone.protocolPB.OzoneManagerProtocolServerSideTranslatorPB.submitRequest(OzoneManagerProtocolServerSideTranslatorPB.java:148) [ozone-manager-1.4.0-SNAPSHOT.jar:?]
	at org.apache.hadoop.ozone.protocol.proto.OzoneManagerProtocolProtos$OzoneManagerService$2.callBlockingMethod(OzoneManagerProtocolProtos.java) [ozone-interface-client-1.4.0-SNAPSHOT.jar:?]
	at org.apache.hadoop.ipc.ProtobufRpcEngine$Server.processCall(ProtobufRpcEngine.java:484) [hadoop-common-3.3.6.jar:?]
	at org.apache.hadoop.ipc.ProtobufRpcEngine2$Server$ProtoBufRpcInvoker.call(ProtobufRpcEngine2.java:595) [hadoop-common-3.3.6.jar:?]
	at org.apache.hadoop.ipc.ProtobufRpcEngine2$Server$ProtoBufRpcInvoker.call(ProtobufRpcEngine2.java:573) [hadoop-common-3.3.6.jar:?]
	at org.apache.hadoop.ipc.RPC$Server.call(RPC.java:1227) [hadoop-common-3.3.6.jar:?]
	at org.apache.hadoop.ipc.Server$RpcCall.run(Server.java:1094) [hadoop-common-3.3.6.jar:?]
	at org.apache.hadoop.ipc.Server$RpcCall.run(Server.java:1017) [hadoop-common-3.3.6.jar:?]
	at java.security.AccessController.doPrivileged(Native Method) ~[?:1.8.0_382]
	at javax.security.auth.Subject.doAs(Subject.java:422) [?:1.8.0_382]
	at org.apache.hadoop.security.UserGroupInformation.doAs(UserGroupInformation.java:1899) [hadoop-common-3.3.6.jar:?]
	at org.apache.hadoop.ipc.Server$Handler.run(Server.java:3048) [hadoop-common-3.3.6.jar:?]
17:29:53.381 [IPC Server handler 0 on default port 15004] ERROR OMAudit - user=runner | ip=127.0.0.1 | op=GET_FILE_STATUS {volume=volume27687, bucket=bucket94524, key=level0/level2/file1, dataSize=0, replicationConfig=null} | ret=FAILURE
org.apache.hadoop.ozone.om.exceptions.OMException: Unable to get file status: volume: volume27687 bucket: bucket94524 key: level0/level2/file1
	at org.apache.hadoop.ozone.om.KeyManagerImpl.getOzoneFileStatus(KeyManagerImpl.java:1227) ~[ozone-manager-1.4.0-SNAPSHOT.jar:?]
	at org.apache.hadoop.ozone.om.KeyManagerImpl.getFileStatus(KeyManagerImpl.java:1145) ~[ozone-manager-1.4.0-SNAPSHOT.jar:?]
	at org.apache.hadoop.ozone.om.OmMetadataReader.getFileStatus(OmMetadataReader.java:266) ~[ozone-manager-1.4.0-SNAPSHOT.jar:?]
	at org.apache.hadoop.ozone.om.OzoneManager.getFileStatus(OzoneManager.java:3585) ~[ozone-manager-1.4.0-SNAPSHOT.jar:?]
	at org.apache.hadoop.ozone.protocolPB.OzoneManagerRequestHandler.getOzoneFileStatus(OzoneManagerRequestHandler.java:998) ~[ozone-manager-1.4.0-SNAPSHOT.jar:?]
	at org.apache.hadoop.ozone.protocolPB.OzoneManagerRequestHandler.handleReadRequest(OzoneManagerRequestHandler.java:259) ~[ozone-manager-1.4.0-SNAPSHOT.jar:?]
	at org.apache.hadoop.ozone.protocolPB.OzoneManagerProtocolServerSideTranslatorPB.submitReadRequestToOM(OzoneManagerProtocolServerSideTranslatorPB.java:225) ~[ozone-manager-1.4.0-SNAPSHOT.jar:?]
	at org.apache.hadoop.ozone.protocolPB.OzoneManagerProtocolServerSideTranslatorPB.processRequest(OzoneManagerProtocolServerSideTranslatorPB.java:179) ~[ozone-manager-1.4.0-SNAPSHOT.jar:?]
	at org.apache.hadoop.hdds.server.OzoneProtocolMessageDispatcher.processRequest(OzoneProtocolMessageDispatcher.java:87) [hdds-server-framework-1.4.0-SNAPSHOT.jar:?]
	at org.apache.hadoop.ozone.protocolPB.OzoneManagerProtocolServerSideTranslatorPB.submitRequest(OzoneManagerProtocolServerSideTranslatorPB.java:148) [ozone-manager-1.4.0-SNAPSHOT.jar:?]
	at org.apache.hadoop.ozone.protocol.proto.OzoneManagerProtocolProtos$OzoneManagerService$2.callBlockingMethod(OzoneManagerProtocolProtos.java) [ozone-interface-client-1.4.0-SNAPSHOT.jar:?]
	at org.apache.hadoop.ipc.ProtobufRpcEngine$Server.processCall(ProtobufRpcEngine.java:484) [hadoop-common-3.3.6.jar:?]
	at org.apache.hadoop.ipc.ProtobufRpcEngine2$Server$ProtoBufRpcInvoker.call(ProtobufRpcEngine2.java:595) [hadoop-common-3.3.6.jar:?]
	at org.apache.hadoop.ipc.ProtobufRpcEngine2$Server$ProtoBufRpcInvoker.call(ProtobufRpcEngine2.java:573) [hadoop-common-3.3.6.jar:?]
	at org.apache.hadoop.ipc.RPC$Server.call(RPC.java:1227) [hadoop-common-3.3.6.jar:?]
	at org.apache.hadoop.ipc.Server$RpcCall.run(Server.java:1094) [hadoop-common-3.3.6.jar:?]
	at org.apache.hadoop.ipc.Server$RpcCall.run(Server.java:1017) [hadoop-common-3.3.6.jar:?]
	at java.security.AccessController.doPrivileged(Native Method) ~[?:1.8.0_382]
	at javax.security.auth.Subject.doAs(Subject.java:422) [?:1.8.0_382]
	at org.apache.hadoop.security.UserGroupInformation.doAs(UserGroupInformation.java:1899) [hadoop-common-3.3.6.jar:?]
	at org.apache.hadoop.ipc.Server$Handler.run(Server.java:3048) [hadoop-common-3.3.6.jar:?]
17:29:53.382 [IPC Server handler 1 on default port 15004] ERROR OMAudit - user=runner | ip=127.0.0.1 | op=GET_FILE_STATUS {volume=volume27687, bucket=bucket94524, key=level0/level2/level2/file1, dataSize=0, replicationConfig=null} | ret=FAILURE
org.apache.hadoop.ozone.om.exceptions.OMException: Unable to get file status: volume: volume27687 bucket: bucket94524 key: level0/level2/level2/file1
	at org.apache.hadoop.ozone.om.KeyManagerImpl.getOzoneFileStatus(KeyManagerImpl.java:1227) ~[ozone-manager-1.4.0-SNAPSHOT.jar:?]
	at org.apache.hadoop.ozone.om.KeyManagerImpl.getFileStatus(KeyManagerImpl.java:1145) ~[ozone-manager-1.4.0-SNAPSHOT.jar:?]
	at org.apache.hadoop.ozone.om.OmMetadataReader.getFileStatus(OmMetadataReader.java:266) ~[ozone-manager-1.4.0-SNAPSHOT.jar:?]
	at org.apache.hadoop.ozone.om.OzoneManager.getFileStatus(OzoneManager.java:3585) ~[ozone-manager-1.4.0-SNAPSHOT.jar:?]
	at org.apache.hadoop.ozone.protocolPB.OzoneManagerRequestHandler.getOzoneFileStatus(OzoneManagerRequestHandler.java:998) ~[ozone-manager-1.4.0-SNAPSHOT.jar:?]
	at org.apache.hadoop.ozone.protocolPB.OzoneManagerRequestHandler.handleReadRequest(OzoneManagerRequestHandler.java:259) ~[ozone-manager-1.4.0-SNAPSHOT.jar:?]
	at org.apache.hadoop.ozone.protocolPB.OzoneManagerProtocolServerSideTranslatorPB.submitReadRequestToOM(OzoneManagerProtocolServerSideTranslatorPB.java:225) ~[ozone-manager-1.4.0-SNAPSHOT.jar:?]
	at org.apache.hadoop.ozone.protocolPB.OzoneManagerProtocolServerSideTranslatorPB.processRequest(OzoneManagerProtocolServerSideTranslatorPB.java:179) ~[ozone-manager-1.4.0-SNAPSHOT.jar:?]
	at org.apache.hadoop.hdds.server.OzoneProtocolMessageDispatcher.processRequest(OzoneProtocolMessageDispatcher.java:87) [hdds-server-framework-1.4.0-SNAPSHOT.jar:?]
	at org.apache.hadoop.ozone.protocolPB.OzoneManagerProtocolServerSideTranslatorPB.submitRequest(OzoneManagerProtocolServerSideTranslatorPB.java:148) [ozone-manager-1.4.0-SNAPSHOT.jar:?]
	at org.apache.hadoop.ozone.protocol.proto.OzoneManagerProtocolProtos$OzoneManagerService$2.callBlockingMethod(OzoneManagerProtocolProtos.java) [ozone-interface-client-1.4.0-SNAPSHOT.jar:?]
	at org.apache.hadoop.ipc.ProtobufRpcEngine$Server.processCall(ProtobufRpcEngine.java:484) [hadoop-common-3.3.6.jar:?]
	at org.apache.hadoop.ipc.ProtobufRpcEngine2$Server$ProtoBufRpcInvoker.call(ProtobufRpcEngine2.java:595) [hadoop-common-3.3.6.jar:?]
	at org.apache.hadoop.ipc.ProtobufRpcEngine2$Server$ProtoBufRpcInvoker.call(ProtobufRpcEngine2.java:573) [hadoop-common-3.3.6.jar:?]
	at org.apache.hadoop.ipc.RPC$Server.call(RPC.java:1227) [hadoop-common-3.3.6.jar:?]
	at org.apache.hadoop.ipc.Server$RpcCall.run(Server.java:1094) [hadoop-common-3.3.6.jar:?]
	at org.apache.hadoop.ipc.Server$RpcCall.run(Server.java:1017) [hadoop-common-3.3.6.jar:?]
	at java.security.AccessController.doPrivileged(Native Method) ~[?:1.8.0_382]
	at javax.security.auth.Subject.doAs(Subject.java:422) [?:1.8.0_382]
	at org.apache.hadoop.security.UserGroupInformation.doAs(UserGroupInformation.java:1899) [hadoop-common-3.3.6.jar:?]
	at org.apache.hadoop.ipc.Server$Handler.run(Server.java:3048) [hadoop-common-3.3.6.jar:?]
17:29:53.384 [IPC Server handler 2 on default port 15004] ERROR OMAudit - user=runner | ip=127.0.0.1 | op=GET_FILE_STATUS {volume=volume27687, bucket=bucket94524, key=level0/level3, dataSize=0, replicationConfig=null} | ret=FAILURE
org.apache.hadoop.ozone.om.exceptions.OMException: Unable to get file status: volume: volume27687 bucket: bucket94524 key: level0/level3
	at org.apache.hadoop.ozone.om.KeyManagerImpl.getOzoneFileStatus(KeyManagerImpl.java:1227) ~[ozone-manager-1.4.0-SNAPSHOT.jar:?]
	at org.apache.hadoop.ozone.om.KeyManagerImpl.getFileStatus(KeyManagerImpl.java:1145) ~[ozone-manager-1.4.0-SNAPSHOT.jar:?]
	at org.apache.hadoop.ozone.om.OmMetadataReader.getFileStatus(OmMetadataReader.java:266) ~[ozone-manager-1.4.0-SNAPSHOT.jar:?]
	at org.apache.hadoop.ozone.om.OzoneManager.getFileStatus(OzoneManager.java:3585) ~[ozone-manager-1.4.0-SNAPSHOT.jar:?]
	at org.apache.hadoop.ozone.protocolPB.OzoneManagerRequestHandler.getOzoneFileStatus(OzoneManagerRequestHandler.java:998) ~[ozone-manager-1.4.0-SNAPSHOT.jar:?]
	at org.apache.hadoop.ozone.protocolPB.OzoneManagerRequestHandler.handleReadRequest(OzoneManagerRequestHandler.java:259) ~[ozone-manager-1.4.0-SNAPSHOT.jar:?]
	at org.apache.hadoop.ozone.protocolPB.OzoneManagerProtocolServerSideTranslatorPB.submitReadRequestToOM(OzoneManagerProtocolServerSideTranslatorPB.java:225) ~[ozone-manager-1.4.0-SNAPSHOT.jar:?]
	at org.apache.hadoop.ozone.protocolPB.OzoneManagerProtocolServerSideTranslatorPB.processRequest(OzoneManagerProtocolServerSideTranslatorPB.java:179) ~[ozone-manager-1.4.0-SNAPSHOT.jar:?]
	at org.apache.hadoop.hdds.server.OzoneProtocolMessageDispatcher.processRequest(OzoneProtocolMessageDispatcher.java:87) [hdds-server-framework-1.4.0-SNAPSHOT.jar:?]
	at org.apache.hadoop.ozone.protocolPB.OzoneManagerProtocolServerSideTranslatorPB.submitRequest(OzoneManagerProtocolServerSideTranslatorPB.java:148) [ozone-manager-1.4.0-SNAPSHOT.jar:?]
	at org.apache.hadoop.ozone.protocol.proto.OzoneManagerProtocolProtos$OzoneManagerService$2.callBlockingMethod(OzoneManagerProtocolProtos.java) [ozone-interface-client-1.4.0-SNAPSHOT.jar:?]
	at org.apache.hadoop.ipc.ProtobufRpcEngine$Server.processCall(ProtobufRpcEngine.java:484) [hadoop-common-3.3.6.jar:?]
	at org.apache.hadoop.ipc.ProtobufRpcEngine2$Server$ProtoBufRpcInvoker.call(ProtobufRpcEngine2.java:595) [hadoop-common-3.3.6.jar:?]
	at org.apache.hadoop.ipc.ProtobufRpcEngine2$Server$ProtoBufRpcInvoker.call(ProtobufRpcEngine2.java:573) [hadoop-common-3.3.6.jar:?]
	at org.apache.hadoop.ipc.RPC$Server.call(RPC.java:1227) [hadoop-common-3.3.6.jar:?]
	at org.apache.hadoop.ipc.Server$RpcCall.run(Server.java:1094) [hadoop-common-3.3.6.jar:?]
	at org.apache.hadoop.ipc.Server$RpcCall.run(Server.java:1017) [hadoop-common-3.3.6.jar:?]
	at java.security.AccessController.doPrivileged(Native Method) ~[?:1.8.0_382]
	at javax.security.auth.Subject.doAs(Subject.java:422) [?:1.8.0_382]
	at org.apache.hadoop.security.UserGroupInformation.doAs(UserGroupInformation.java:1899) [hadoop-common-3.3.6.jar:?]
	at org.apache.hadoop.ipc.Server$Handler.run(Server.java:3048) [hadoop-common-3.3.6.jar:?]
17:29:53.388 [IPC Server handler 5 on default port 15004] ERROR OMAudit - user=runner | ip=127.0.0.1 | op=GET_FILE_STATUS {volume=volume27687, bucket=bucket94524, key=level0/level3/level3, dataSize=0, replicationConfig=null} | ret=FAILURE
org.apache.hadoop.ozone.om.exceptions.OMException: Unable to get file status: volume: volume27687 bucket: bucket94524 key: level0/level3/level3
	at org.apache.hadoop.ozone.om.KeyManagerImpl.getOzoneFileStatus(KeyManagerImpl.java:1227) ~[ozone-manager-1.4.0-SNAPSHOT.jar:?]
	at org.apache.hadoop.ozone.om.KeyManagerImpl.getFileStatus(KeyManagerImpl.java:1145) ~[ozone-manager-1.4.0-SNAPSHOT.jar:?]
	at org.apache.hadoop.ozone.om.OmMetadataReader.getFileStatus(OmMetadataReader.java:266) ~[ozone-manager-1.4.0-SNAPSHOT.jar:?]
	at org.apache.hadoop.ozone.om.OzoneManager.getFileStatus(OzoneManager.java:3585) ~[ozone-manager-1.4.0-SNAPSHOT.jar:?]
	at org.apache.hadoop.ozone.protocolPB.OzoneManagerRequestHandler.getOzoneFileStatus(OzoneManagerRequestHandler.java:998) ~[ozone-manager-1.4.0-SNAPSHOT.jar:?]
	at org.apache.hadoop.ozone.protocolPB.OzoneManagerRequestHandler.handleReadRequest(OzoneManagerRequestHandler.java:259) ~[ozone-manager-1.4.0-SNAPSHOT.jar:?]
	at org.apache.hadoop.ozone.protocolPB.OzoneManagerProtocolServerSideTranslatorPB.submitReadRequestToOM(OzoneManagerProtocolServerSideTranslatorPB.java:225) ~[ozone-manager-1.4.0-SNAPSHOT.jar:?]
	at org.apache.hadoop.ozone.protocolPB.OzoneManagerProtocolServerSideTranslatorPB.processRequest(OzoneManagerProtocolServerSideTranslatorPB.java:179) ~[ozone-manager-1.4.0-SNAPSHOT.jar:?]
	at org.apache.hadoop.hdds.server.OzoneProtocolMessageDispatcher.processRequest(OzoneProtocolMessageDispatcher.java:87) [hdds-server-framework-1.4.0-SNAPSHOT.jar:?]
	at org.apache.hadoop.ozone.protocolPB.OzoneManagerProtocolServerSideTranslatorPB.submitRequest(OzoneManagerProtocolServerSideTranslatorPB.java:148) [ozone-manager-1.4.0-SNAPSHOT.jar:?]
	at org.apache.hadoop.ozone.protocol.proto.OzoneManagerProtocolProtos$OzoneManagerService$2.callBlockingMethod(OzoneManagerProtocolProtos.java) [ozone-interface-client-1.4.0-SNAPSHOT.jar:?]
	at org.apache.hadoop.ipc.ProtobufRpcEngine$Server.processCall(ProtobufRpcEngine.java:484) [hadoop-common-3.3.6.jar:?]
	at org.apache.hadoop.ipc.ProtobufRpcEngine2$Server$ProtoBufRpcInvoker.call(ProtobufRpcEngine2.java:595) [hadoop-common-3.3.6.jar:?]
	at org.apache.hadoop.ipc.ProtobufRpcEngine2$Server$ProtoBufRpcInvoker.call(ProtobufRpcEngine2.java:573) [hadoop-common-3.3.6.jar:?]
	at org.apache.hadoop.ipc.RPC$Server.call(RPC.java:1227) [hadoop-common-3.3.6.jar:?]
	at org.apache.hadoop.ipc.Server$RpcCall.run(Server.java:1094) [hadoop-common-3.3.6.jar:?]
	at org.apache.hadoop.ipc.Server$RpcCall.run(Server.java:1017) [hadoop-common-3.3.6.jar:?]
	at java.security.AccessController.doPrivileged(Native Method) ~[?:1.8.0_382]
	at javax.security.auth.Subject.doAs(Subject.java:422) [?:1.8.0_382]
	at org.apache.hadoop.security.UserGroupInformation.doAs(UserGroupInformation.java:1899) [hadoop-common-3.3.6.jar:?]
	at org.apache.hadoop.ipc.Server$Handler.run(Server.java:3048) [hadoop-common-3.3.6.jar:?]
17:29:53.389 [IPC Server handler 3 on default port 15004] ERROR OMAudit - user=runner | ip=127.0.0.1 | op=GET_FILE_STATUS {volume=volume27687, bucket=bucket94524, key=level0/level3/file1, dataSize=0, replicationConfig=null} | ret=FAILURE
org.apache.hadoop.ozone.om.exceptions.OMException: Unable to get file status: volume: volume27687 bucket: bucket94524 key: level0/level3/file1
	at org.apache.hadoop.ozone.om.KeyManagerImpl.getOzoneFileStatus(KeyManagerImpl.java:1227) ~[ozone-manager-1.4.0-SNAPSHOT.jar:?]
	at org.apache.hadoop.ozone.om.KeyManagerImpl.getFileStatus(KeyManagerImpl.java:1145) ~[ozone-manager-1.4.0-SNAPSHOT.jar:?]
	at org.apache.hadoop.ozone.om.OmMetadataReader.getFileStatus(OmMetadataReader.java:266) ~[ozone-manager-1.4.0-SNAPSHOT.jar:?]
	at org.apache.hadoop.ozone.om.OzoneManager.getFileStatus(OzoneManager.java:3585) ~[ozone-manager-1.4.0-SNAPSHOT.jar:?]
	at org.apache.hadoop.ozone.protocolPB.OzoneManagerRequestHandler.getOzoneFileStatus(OzoneManagerRequestHandler.java:998) ~[ozone-manager-1.4.0-SNAPSHOT.jar:?]
	at org.apache.hadoop.ozone.protocolPB.OzoneManagerRequestHandler.handleReadRequest(OzoneManagerRequestHandler.java:259) ~[ozone-manager-1.4.0-SNAPSHOT.jar:?]
	at org.apache.hadoop.ozone.protocolPB.OzoneManagerProtocolServerSideTranslatorPB.submitReadRequestToOM(OzoneManagerProtocolServerSideTranslatorPB.java:225) ~[ozone-manager-1.4.0-SNAPSHOT.jar:?]
	at org.apache.hadoop.ozone.protocolPB.OzoneManagerProtocolServerSideTranslatorPB.processRequest(OzoneManagerProtocolServerSideTranslatorPB.java:179) ~[ozone-manager-1.4.0-SNAPSHOT.jar:?]
	at org.apache.hadoop.hdds.server.OzoneProtocolMessageDispatcher.processRequest(OzoneProtocolMessageDispatcher.java:87) [hdds-server-framework-1.4.0-SNAPSHOT.jar:?]
	at org.apache.hadoop.ozone.protocolPB.OzoneManagerProtocolServerSideTranslatorPB.submitRequest(OzoneManagerProtocolServerSideTranslatorPB.java:148) [ozone-manager-1.4.0-SNAPSHOT.jar:?]
	at org.apache.hadoop.ozone.protocol.proto.OzoneManagerProtocolProtos$OzoneManagerService$2.callBlockingMethod(OzoneManagerProtocolProtos.java) [ozone-interface-client-1.4.0-SNAPSHOT.jar:?]
	at org.apache.hadoop.ipc.ProtobufRpcEngine$Server.processCall(ProtobufRpcEngine.java:484) [hadoop-common-3.3.6.jar:?]
	at org.apache.hadoop.ipc.ProtobufRpcEngine2$Server$ProtoBufRpcInvoker.call(ProtobufRpcEngine2.java:595) [hadoop-common-3.3.6.jar:?]
	at org.apache.hadoop.ipc.ProtobufRpcEngine2$Server$ProtoBufRpcInvoker.call(ProtobufRpcEngine2.java:573) [hadoop-common-3.3.6.jar:?]
	at org.apache.hadoop.ipc.RPC$Server.call(RPC.java:1227) [hadoop-common-3.3.6.jar:?]
	at org.apache.hadoop.ipc.Server$RpcCall.run(Server.java:1094) [hadoop-common-3.3.6.jar:?]
	at org.apache.hadoop.ipc.Server$RpcCall.run(Server.java:1017) [hadoop-common-3.3.6.jar:?]
	at java.security.AccessController.doPrivileged(Native Method) ~[?:1.8.0_382]
	at javax.security.auth.Subject.doAs(Subject.java:422) [?:1.8.0_382]
	at org.apache.hadoop.security.UserGroupInformation.doAs(UserGroupInformation.java:1899) [hadoop-common-3.3.6.jar:?]
	at org.apache.hadoop.ipc.Server$Handler.run(Server.java:3048) [hadoop-common-3.3.6.jar:?]
17:29:53.391 [IPC Server handler 4 on default port 15004] ERROR OMAudit - user=runner | ip=127.0.0.1 | op=GET_FILE_STATUS {volume=volume27687, bucket=bucket94524, key=level0/level3/level3/file1, dataSize=0, replicationConfig=null} | ret=FAILURE
org.apache.hadoop.ozone.om.exceptions.OMException: Unable to get file status: volume: volume27687 bucket: bucket94524 key: level0/level3/level3/file1
	at org.apache.hadoop.ozone.om.KeyManagerImpl.getOzoneFileStatus(KeyManagerImpl.java:1227) ~[ozone-manager-1.4.0-SNAPSHOT.jar:?]
	at org.apache.hadoop.ozone.om.KeyManagerImpl.getFileStatus(KeyManagerImpl.java:1145) ~[ozone-manager-1.4.0-SNAPSHOT.jar:?]
	at org.apache.hadoop.ozone.om.OmMetadataReader.getFileStatus(OmMetadataReader.java:266) ~[ozone-manager-1.4.0-SNAPSHOT.jar:?]
	at org.apache.hadoop.ozone.om.OzoneManager.getFileStatus(OzoneManager.java:3585) ~[ozone-manager-1.4.0-SNAPSHOT.jar:?]
	at org.apache.hadoop.ozone.protocolPB.OzoneManagerRequestHandler.getOzoneFileStatus(OzoneManagerRequestHandler.java:998) ~[ozone-manager-1.4.0-SNAPSHOT.jar:?]
	at org.apache.hadoop.ozone.protocolPB.OzoneManagerRequestHandler.handleReadRequest(OzoneManagerRequestHandler.java:259) ~[ozone-manager-1.4.0-SNAPSHOT.jar:?]
	at org.apache.hadoop.ozone.protocolPB.OzoneManagerProtocolServerSideTranslatorPB.submitReadRequestToOM(OzoneManagerProtocolServerSideTranslatorPB.java:225) ~[ozone-manager-1.4.0-SNAPSHOT.jar:?]
	at org.apache.hadoop.ozone.protocolPB.OzoneManagerProtocolServerSideTranslatorPB.processRequest(OzoneManagerProtocolServerSideTranslatorPB.java:179) ~[ozone-manager-1.4.0-SNAPSHOT.jar:?]
	at org.apache.hadoop.hdds.server.OzoneProtocolMessageDispatcher.processRequest(OzoneProtocolMessageDispatcher.java:87) [hdds-server-framework-1.4.0-SNAPSHOT.jar:?]
	at org.apache.hadoop.ozone.protocolPB.OzoneManagerProtocolServerSideTranslatorPB.submitRequest(OzoneManagerProtocolServerSideTranslatorPB.java:148) [ozone-manager-1.4.0-SNAPSHOT.jar:?]
	at org.apache.hadoop.ozone.protocol.proto.OzoneManagerProtocolProtos$OzoneManagerService$2.callBlockingMethod(OzoneManagerProtocolProtos.java) [ozone-interface-client-1.4.0-SNAPSHOT.jar:?]
	at org.apache.hadoop.ipc.ProtobufRpcEngine$Server.processCall(ProtobufRpcEngine.java:484) [hadoop-common-3.3.6.jar:?]
	at org.apache.hadoop.ipc.ProtobufRpcEngine2$Server$ProtoBufRpcInvoker.call(ProtobufRpcEngine2.java:595) [hadoop-common-3.3.6.jar:?]
	at org.apache.hadoop.ipc.ProtobufRpcEngine2$Server$ProtoBufRpcInvoker.call(ProtobufRpcEngine2.java:573) [hadoop-common-3.3.6.jar:?]
	at org.apache.hadoop.ipc.RPC$Server.call(RPC.java:1227) [hadoop-common-3.3.6.jar:?]
	at org.apache.hadoop.ipc.Server$RpcCall.run(Server.java:1094) [hadoop-common-3.3.6.jar:?]
	at org.apache.hadoop.ipc.Server$RpcCall.run(Server.java:1017) [hadoop-common-3.3.6.jar:?]
	at java.security.AccessController.doPrivileged(Native Method) ~[?:1.8.0_382]
	at javax.security.auth.Subject.doAs(Subject.java:422) [?:1.8.0_382]
	at org.apache.hadoop.security.UserGroupInformation.doAs(UserGroupInformation.java:1899) [hadoop-common-3.3.6.jar:?]
	at org.apache.hadoop.ipc.Server$Handler.run(Server.java:3048) [hadoop-common-3.3.6.jar:?]
]]></system-out>
  </testcase>
  <testcase name="testRecursiveDelete" classname="TestOzoneFileSystem" time="0.181">
    <system-out><![CDATA[17:31:24.293 [IPC Server handler 12 on default port 15057] ERROR OMAudit - user=runner | ip=127.0.0.1 | op=GET_FILE_STATUS {volume=volume39856, bucket=bucket94778, key=gdir1, dataSize=0, replicationConfig=null} | ret=FAILURE
org.apache.hadoop.ozone.om.exceptions.OMException: Unable to get file status: volume: volume39856 bucket: bucket94778 key: gdir1
	at org.apache.hadoop.ozone.om.KeyManagerImpl.getOzoneFileStatus(KeyManagerImpl.java:1227) ~[ozone-manager-1.4.0-SNAPSHOT.jar:?]
	at org.apache.hadoop.ozone.om.KeyManagerImpl.getFileStatus(KeyManagerImpl.java:1145) ~[ozone-manager-1.4.0-SNAPSHOT.jar:?]
	at org.apache.hadoop.ozone.om.OmMetadataReader.getFileStatus(OmMetadataReader.java:266) ~[ozone-manager-1.4.0-SNAPSHOT.jar:?]
	at org.apache.hadoop.ozone.om.OzoneManager.getFileStatus(OzoneManager.java:3585) ~[ozone-manager-1.4.0-SNAPSHOT.jar:?]
	at org.apache.hadoop.ozone.protocolPB.OzoneManagerRequestHandler.getOzoneFileStatus(OzoneManagerRequestHandler.java:998) ~[ozone-manager-1.4.0-SNAPSHOT.jar:?]
	at org.apache.hadoop.ozone.protocolPB.OzoneManagerRequestHandler.handleReadRequest(OzoneManagerRequestHandler.java:259) ~[ozone-manager-1.4.0-SNAPSHOT.jar:?]
	at org.apache.hadoop.ozone.protocolPB.OzoneManagerProtocolServerSideTranslatorPB.submitRequestDirectlyToOM(OzoneManagerProtocolServerSideTranslatorPB.java:274) ~[ozone-manager-1.4.0-SNAPSHOT.jar:?]
	at org.apache.hadoop.ozone.protocolPB.OzoneManagerProtocolServerSideTranslatorPB.processRequest(OzoneManagerProtocolServerSideTranslatorPB.java:175) ~[ozone-manager-1.4.0-SNAPSHOT.jar:?]
	at org.apache.hadoop.hdds.server.OzoneProtocolMessageDispatcher.processRequest(OzoneProtocolMessageDispatcher.java:87) [hdds-server-framework-1.4.0-SNAPSHOT.jar:?]
	at org.apache.hadoop.ozone.protocolPB.OzoneManagerProtocolServerSideTranslatorPB.submitRequest(OzoneManagerProtocolServerSideTranslatorPB.java:148) [ozone-manager-1.4.0-SNAPSHOT.jar:?]
	at org.apache.hadoop.ozone.protocol.proto.OzoneManagerProtocolProtos$OzoneManagerService$2.callBlockingMethod(OzoneManagerProtocolProtos.java) [ozone-interface-client-1.4.0-SNAPSHOT.jar:?]
	at org.apache.hadoop.ipc.ProtobufRpcEngine$Server.processCall(ProtobufRpcEngine.java:484) [hadoop-common-3.3.6.jar:?]
	at org.apache.hadoop.ipc.ProtobufRpcEngine2$Server$ProtoBufRpcInvoker.call(ProtobufRpcEngine2.java:595) [hadoop-common-3.3.6.jar:?]
	at org.apache.hadoop.ipc.ProtobufRpcEngine2$Server$ProtoBufRpcInvoker.call(ProtobufRpcEngine2.java:573) [hadoop-common-3.3.6.jar:?]
	at org.apache.hadoop.ipc.RPC$Server.call(RPC.java:1227) [hadoop-common-3.3.6.jar:?]
	at org.apache.hadoop.ipc.Server$RpcCall.run(Server.java:1094) [hadoop-common-3.3.6.jar:?]
	at org.apache.hadoop.ipc.Server$RpcCall.run(Server.java:1017) [hadoop-common-3.3.6.jar:?]
	at java.security.AccessController.doPrivileged(Native Method) ~[?:1.8.0_382]
	at javax.security.auth.Subject.doAs(Subject.java:422) [?:1.8.0_382]
	at org.apache.hadoop.security.UserGroupInformation.doAs(UserGroupInformation.java:1899) [hadoop-common-3.3.6.jar:?]
	at org.apache.hadoop.ipc.Server$Handler.run(Server.java:3048) [hadoop-common-3.3.6.jar:?]
17:31:24.294 [IPC Server handler 14 on default port 15057] ERROR OMAudit - user=runner | ip=127.0.0.1 | op=GET_FILE_STATUS {volume=volume39856, bucket=bucket94778, key=gdir1/dir1, dataSize=0, replicationConfig=null} | ret=FAILURE
org.apache.hadoop.ozone.om.exceptions.OMException: Unable to get file status: volume: volume39856 bucket: bucket94778 key: gdir1/dir1
	at org.apache.hadoop.ozone.om.KeyManagerImpl.getOzoneFileStatus(KeyManagerImpl.java:1227) ~[ozone-manager-1.4.0-SNAPSHOT.jar:?]
	at org.apache.hadoop.ozone.om.KeyManagerImpl.getFileStatus(KeyManagerImpl.java:1145) ~[ozone-manager-1.4.0-SNAPSHOT.jar:?]
	at org.apache.hadoop.ozone.om.OmMetadataReader.getFileStatus(OmMetadataReader.java:266) ~[ozone-manager-1.4.0-SNAPSHOT.jar:?]
	at org.apache.hadoop.ozone.om.OzoneManager.getFileStatus(OzoneManager.java:3585) ~[ozone-manager-1.4.0-SNAPSHOT.jar:?]
	at org.apache.hadoop.ozone.protocolPB.OzoneManagerRequestHandler.getOzoneFileStatus(OzoneManagerRequestHandler.java:998) ~[ozone-manager-1.4.0-SNAPSHOT.jar:?]
	at org.apache.hadoop.ozone.protocolPB.OzoneManagerRequestHandler.handleReadRequest(OzoneManagerRequestHandler.java:259) ~[ozone-manager-1.4.0-SNAPSHOT.jar:?]
	at org.apache.hadoop.ozone.protocolPB.OzoneManagerProtocolServerSideTranslatorPB.submitRequestDirectlyToOM(OzoneManagerProtocolServerSideTranslatorPB.java:274) ~[ozone-manager-1.4.0-SNAPSHOT.jar:?]
	at org.apache.hadoop.ozone.protocolPB.OzoneManagerProtocolServerSideTranslatorPB.processRequest(OzoneManagerProtocolServerSideTranslatorPB.java:175) ~[ozone-manager-1.4.0-SNAPSHOT.jar:?]
	at org.apache.hadoop.hdds.server.OzoneProtocolMessageDispatcher.processRequest(OzoneProtocolMessageDispatcher.java:87) [hdds-server-framework-1.4.0-SNAPSHOT.jar:?]
	at org.apache.hadoop.ozone.protocolPB.OzoneManagerProtocolServerSideTranslatorPB.submitRequest(OzoneManagerProtocolServerSideTranslatorPB.java:148) [ozone-manager-1.4.0-SNAPSHOT.jar:?]
	at org.apache.hadoop.ozone.protocol.proto.OzoneManagerProtocolProtos$OzoneManagerService$2.callBlockingMethod(OzoneManagerProtocolProtos.java) [ozone-interface-client-1.4.0-SNAPSHOT.jar:?]
	at org.apache.hadoop.ipc.ProtobufRpcEngine$Server.processCall(ProtobufRpcEngine.java:484) [hadoop-common-3.3.6.jar:?]
	at org.apache.hadoop.ipc.ProtobufRpcEngine2$Server$ProtoBufRpcInvoker.call(ProtobufRpcEngine2.java:595) [hadoop-common-3.3.6.jar:?]
	at org.apache.hadoop.ipc.ProtobufRpcEngine2$Server$ProtoBufRpcInvoker.call(ProtobufRpcEngine2.java:573) [hadoop-common-3.3.6.jar:?]
	at org.apache.hadoop.ipc.RPC$Server.call(RPC.java:1227) [hadoop-common-3.3.6.jar:?]
	at org.apache.hadoop.ipc.Server$RpcCall.run(Server.java:1094) [hadoop-common-3.3.6.jar:?]
	at org.apache.hadoop.ipc.Server$RpcCall.run(Server.java:1017) [hadoop-common-3.3.6.jar:?]
	at java.security.AccessController.doPrivileged(Native Method) ~[?:1.8.0_382]
	at javax.security.auth.Subject.doAs(Subject.java:422) [?:1.8.0_382]
	at org.apache.hadoop.security.UserGroupInformation.doAs(UserGroupInformation.java:1899) [hadoop-common-3.3.6.jar:?]
	at org.apache.hadoop.ipc.Server$Handler.run(Server.java:3048) [hadoop-common-3.3.6.jar:?]
17:31:24.295 [IPC Server handler 16 on default port 15057] ERROR OMAudit - user=runner | ip=127.0.0.1 | op=GET_FILE_STATUS {volume=volume39856, bucket=bucket94778, key=gdir1/dir1/child, dataSize=0, replicationConfig=null} | ret=FAILURE
org.apache.hadoop.ozone.om.exceptions.OMException: Unable to get file status: volume: volume39856 bucket: bucket94778 key: gdir1/dir1/child
	at org.apache.hadoop.ozone.om.KeyManagerImpl.getOzoneFileStatus(KeyManagerImpl.java:1227) ~[ozone-manager-1.4.0-SNAPSHOT.jar:?]
	at org.apache.hadoop.ozone.om.KeyManagerImpl.getFileStatus(KeyManagerImpl.java:1145) ~[ozone-manager-1.4.0-SNAPSHOT.jar:?]
	at org.apache.hadoop.ozone.om.OmMetadataReader.getFileStatus(OmMetadataReader.java:266) ~[ozone-manager-1.4.0-SNAPSHOT.jar:?]
	at org.apache.hadoop.ozone.om.OzoneManager.getFileStatus(OzoneManager.java:3585) ~[ozone-manager-1.4.0-SNAPSHOT.jar:?]
	at org.apache.hadoop.ozone.protocolPB.OzoneManagerRequestHandler.getOzoneFileStatus(OzoneManagerRequestHandler.java:998) ~[ozone-manager-1.4.0-SNAPSHOT.jar:?]
	at org.apache.hadoop.ozone.protocolPB.OzoneManagerRequestHandler.handleReadRequest(OzoneManagerRequestHandler.java:259) ~[ozone-manager-1.4.0-SNAPSHOT.jar:?]
	at org.apache.hadoop.ozone.protocolPB.OzoneManagerProtocolServerSideTranslatorPB.submitRequestDirectlyToOM(OzoneManagerProtocolServerSideTranslatorPB.java:274) ~[ozone-manager-1.4.0-SNAPSHOT.jar:?]
	at org.apache.hadoop.ozone.protocolPB.OzoneManagerProtocolServerSideTranslatorPB.processRequest(OzoneManagerProtocolServerSideTranslatorPB.java:175) ~[ozone-manager-1.4.0-SNAPSHOT.jar:?]
	at org.apache.hadoop.hdds.server.OzoneProtocolMessageDispatcher.processRequest(OzoneProtocolMessageDispatcher.java:87) [hdds-server-framework-1.4.0-SNAPSHOT.jar:?]
	at org.apache.hadoop.ozone.protocolPB.OzoneManagerProtocolServerSideTranslatorPB.submitRequest(OzoneManagerProtocolServerSideTranslatorPB.java:148) [ozone-manager-1.4.0-SNAPSHOT.jar:?]
	at org.apache.hadoop.ozone.protocol.proto.OzoneManagerProtocolProtos$OzoneManagerService$2.callBlockingMethod(OzoneManagerProtocolProtos.java) [ozone-interface-client-1.4.0-SNAPSHOT.jar:?]
	at org.apache.hadoop.ipc.ProtobufRpcEngine$Server.processCall(ProtobufRpcEngine.java:484) [hadoop-common-3.3.6.jar:?]
	at org.apache.hadoop.ipc.ProtobufRpcEngine2$Server$ProtoBufRpcInvoker.call(ProtobufRpcEngine2.java:595) [hadoop-common-3.3.6.jar:?]
	at org.apache.hadoop.ipc.ProtobufRpcEngine2$Server$ProtoBufRpcInvoker.call(ProtobufRpcEngine2.java:573) [hadoop-common-3.3.6.jar:?]
	at org.apache.hadoop.ipc.RPC$Server.call(RPC.java:1227) [hadoop-common-3.3.6.jar:?]
	at org.apache.hadoop.ipc.Server$RpcCall.run(Server.java:1094) [hadoop-common-3.3.6.jar:?]
	at org.apache.hadoop.ipc.Server$RpcCall.run(Server.java:1017) [hadoop-common-3.3.6.jar:?]
	at java.security.AccessController.doPrivileged(Native Method) ~[?:1.8.0_382]
	at javax.security.auth.Subject.doAs(Subject.java:422) [?:1.8.0_382]
	at org.apache.hadoop.security.UserGroupInformation.doAs(UserGroupInformation.java:1899) [hadoop-common-3.3.6.jar:?]
	at org.apache.hadoop.ipc.Server$Handler.run(Server.java:3048) [hadoop-common-3.3.6.jar:?]
17:31:24.296 [IPC Server handler 18 on default port 15057] ERROR OMAudit - user=runner | ip=127.0.0.1 | op=GET_FILE_STATUS {volume=volume39856, bucket=bucket94778, key=gdir1/dir2, dataSize=0, replicationConfig=null} | ret=FAILURE
org.apache.hadoop.ozone.om.exceptions.OMException: Unable to get file status: volume: volume39856 bucket: bucket94778 key: gdir1/dir2
	at org.apache.hadoop.ozone.om.KeyManagerImpl.getOzoneFileStatus(KeyManagerImpl.java:1227) ~[ozone-manager-1.4.0-SNAPSHOT.jar:?]
	at org.apache.hadoop.ozone.om.KeyManagerImpl.getFileStatus(KeyManagerImpl.java:1145) ~[ozone-manager-1.4.0-SNAPSHOT.jar:?]
	at org.apache.hadoop.ozone.om.OmMetadataReader.getFileStatus(OmMetadataReader.java:266) ~[ozone-manager-1.4.0-SNAPSHOT.jar:?]
	at org.apache.hadoop.ozone.om.OzoneManager.getFileStatus(OzoneManager.java:3585) ~[ozone-manager-1.4.0-SNAPSHOT.jar:?]
	at org.apache.hadoop.ozone.protocolPB.OzoneManagerRequestHandler.getOzoneFileStatus(OzoneManagerRequestHandler.java:998) ~[ozone-manager-1.4.0-SNAPSHOT.jar:?]
	at org.apache.hadoop.ozone.protocolPB.OzoneManagerRequestHandler.handleReadRequest(OzoneManagerRequestHandler.java:259) ~[ozone-manager-1.4.0-SNAPSHOT.jar:?]
	at org.apache.hadoop.ozone.protocolPB.OzoneManagerProtocolServerSideTranslatorPB.submitRequestDirectlyToOM(OzoneManagerProtocolServerSideTranslatorPB.java:274) ~[ozone-manager-1.4.0-SNAPSHOT.jar:?]
	at org.apache.hadoop.ozone.protocolPB.OzoneManagerProtocolServerSideTranslatorPB.processRequest(OzoneManagerProtocolServerSideTranslatorPB.java:175) ~[ozone-manager-1.4.0-SNAPSHOT.jar:?]
	at org.apache.hadoop.hdds.server.OzoneProtocolMessageDispatcher.processRequest(OzoneProtocolMessageDispatcher.java:87) [hdds-server-framework-1.4.0-SNAPSHOT.jar:?]
	at org.apache.hadoop.ozone.protocolPB.OzoneManagerProtocolServerSideTranslatorPB.submitRequest(OzoneManagerProtocolServerSideTranslatorPB.java:148) [ozone-manager-1.4.0-SNAPSHOT.jar:?]
	at org.apache.hadoop.ozone.protocol.proto.OzoneManagerProtocolProtos$OzoneManagerService$2.callBlockingMethod(OzoneManagerProtocolProtos.java) [ozone-interface-client-1.4.0-SNAPSHOT.jar:?]
	at org.apache.hadoop.ipc.ProtobufRpcEngine$Server.processCall(ProtobufRpcEngine.java:484) [hadoop-common-3.3.6.jar:?]
	at org.apache.hadoop.ipc.ProtobufRpcEngine2$Server$ProtoBufRpcInvoker.call(ProtobufRpcEngine2.java:595) [hadoop-common-3.3.6.jar:?]
	at org.apache.hadoop.ipc.ProtobufRpcEngine2$Server$ProtoBufRpcInvoker.call(ProtobufRpcEngine2.java:573) [hadoop-common-3.3.6.jar:?]
	at org.apache.hadoop.ipc.RPC$Server.call(RPC.java:1227) [hadoop-common-3.3.6.jar:?]
	at org.apache.hadoop.ipc.Server$RpcCall.run(Server.java:1094) [hadoop-common-3.3.6.jar:?]
	at org.apache.hadoop.ipc.Server$RpcCall.run(Server.java:1017) [hadoop-common-3.3.6.jar:?]
	at java.security.AccessController.doPrivileged(Native Method) ~[?:1.8.0_382]
	at javax.security.auth.Subject.doAs(Subject.java:422) [?:1.8.0_382]
	at org.apache.hadoop.security.UserGroupInformation.doAs(UserGroupInformation.java:1899) [hadoop-common-3.3.6.jar:?]
	at org.apache.hadoop.ipc.Server$Handler.run(Server.java:3048) [hadoop-common-3.3.6.jar:?]
17:31:24.297 [IPC Server handler 17 on default port 15057] ERROR OMAudit - user=runner | ip=127.0.0.1 | op=GET_FILE_STATUS {volume=volume39856, bucket=bucket94778, key=gdir1/dir2/child, dataSize=0, replicationConfig=null} | ret=FAILURE
org.apache.hadoop.ozone.om.exceptions.OMException: Unable to get file status: volume: volume39856 bucket: bucket94778 key: gdir1/dir2/child
	at org.apache.hadoop.ozone.om.KeyManagerImpl.getOzoneFileStatus(KeyManagerImpl.java:1227) ~[ozone-manager-1.4.0-SNAPSHOT.jar:?]
	at org.apache.hadoop.ozone.om.KeyManagerImpl.getFileStatus(KeyManagerImpl.java:1145) ~[ozone-manager-1.4.0-SNAPSHOT.jar:?]
	at org.apache.hadoop.ozone.om.OmMetadataReader.getFileStatus(OmMetadataReader.java:266) ~[ozone-manager-1.4.0-SNAPSHOT.jar:?]
	at org.apache.hadoop.ozone.om.OzoneManager.getFileStatus(OzoneManager.java:3585) ~[ozone-manager-1.4.0-SNAPSHOT.jar:?]
	at org.apache.hadoop.ozone.protocolPB.OzoneManagerRequestHandler.getOzoneFileStatus(OzoneManagerRequestHandler.java:998) ~[ozone-manager-1.4.0-SNAPSHOT.jar:?]
	at org.apache.hadoop.ozone.protocolPB.OzoneManagerRequestHandler.handleReadRequest(OzoneManagerRequestHandler.java:259) ~[ozone-manager-1.4.0-SNAPSHOT.jar:?]
	at org.apache.hadoop.ozone.protocolPB.OzoneManagerProtocolServerSideTranslatorPB.submitRequestDirectlyToOM(OzoneManagerProtocolServerSideTranslatorPB.java:274) ~[ozone-manager-1.4.0-SNAPSHOT.jar:?]
	at org.apache.hadoop.ozone.protocolPB.OzoneManagerProtocolServerSideTranslatorPB.processRequest(OzoneManagerProtocolServerSideTranslatorPB.java:175) ~[ozone-manager-1.4.0-SNAPSHOT.jar:?]
	at org.apache.hadoop.hdds.server.OzoneProtocolMessageDispatcher.processRequest(OzoneProtocolMessageDispatcher.java:87) [hdds-server-framework-1.4.0-SNAPSHOT.jar:?]
	at org.apache.hadoop.ozone.protocolPB.OzoneManagerProtocolServerSideTranslatorPB.submitRequest(OzoneManagerProtocolServerSideTranslatorPB.java:148) [ozone-manager-1.4.0-SNAPSHOT.jar:?]
	at org.apache.hadoop.ozone.protocol.proto.OzoneManagerProtocolProtos$OzoneManagerService$2.callBlockingMethod(OzoneManagerProtocolProtos.java) [ozone-interface-client-1.4.0-SNAPSHOT.jar:?]
	at org.apache.hadoop.ipc.ProtobufRpcEngine$Server.processCall(ProtobufRpcEngine.java:484) [hadoop-common-3.3.6.jar:?]
	at org.apache.hadoop.ipc.ProtobufRpcEngine2$Server$ProtoBufRpcInvoker.call(ProtobufRpcEngine2.java:595) [hadoop-common-3.3.6.jar:?]
	at org.apache.hadoop.ipc.ProtobufRpcEngine2$Server$ProtoBufRpcInvoker.call(ProtobufRpcEngine2.java:573) [hadoop-common-3.3.6.jar:?]
	at org.apache.hadoop.ipc.RPC$Server.call(RPC.java:1227) [hadoop-common-3.3.6.jar:?]
	at org.apache.hadoop.ipc.Server$RpcCall.run(Server.java:1094) [hadoop-common-3.3.6.jar:?]
	at org.apache.hadoop.ipc.Server$RpcCall.run(Server.java:1017) [hadoop-common-3.3.6.jar:?]
	at java.security.AccessController.doPrivileged(Native Method) ~[?:1.8.0_382]
	at javax.security.auth.Subject.doAs(Subject.java:422) [?:1.8.0_382]
	at org.apache.hadoop.security.UserGroupInformation.doAs(UserGroupInformation.java:1899) [hadoop-common-3.3.6.jar:?]
	at org.apache.hadoop.ipc.Server$Handler.run(Server.java:3048) [hadoop-common-3.3.6.jar:?]
17:31:24.298 [IPC Server handler 9 on default port 15057] ERROR OMAudit - user=runner | ip=127.0.0.1 | op=GET_FILE_STATUS {volume=volume39856, bucket=bucket94778, key=gdir1/dir3, dataSize=0, replicationConfig=null} | ret=FAILURE
org.apache.hadoop.ozone.om.exceptions.OMException: Unable to get file status: volume: volume39856 bucket: bucket94778 key: gdir1/dir3
	at org.apache.hadoop.ozone.om.KeyManagerImpl.getOzoneFileStatus(KeyManagerImpl.java:1227) ~[ozone-manager-1.4.0-SNAPSHOT.jar:?]
	at org.apache.hadoop.ozone.om.KeyManagerImpl.getFileStatus(KeyManagerImpl.java:1145) ~[ozone-manager-1.4.0-SNAPSHOT.jar:?]
	at org.apache.hadoop.ozone.om.OmMetadataReader.getFileStatus(OmMetadataReader.java:266) ~[ozone-manager-1.4.0-SNAPSHOT.jar:?]
	at org.apache.hadoop.ozone.om.OzoneManager.getFileStatus(OzoneManager.java:3585) ~[ozone-manager-1.4.0-SNAPSHOT.jar:?]
	at org.apache.hadoop.ozone.protocolPB.OzoneManagerRequestHandler.getOzoneFileStatus(OzoneManagerRequestHandler.java:998) ~[ozone-manager-1.4.0-SNAPSHOT.jar:?]
	at org.apache.hadoop.ozone.protocolPB.OzoneManagerRequestHandler.handleReadRequest(OzoneManagerRequestHandler.java:259) ~[ozone-manager-1.4.0-SNAPSHOT.jar:?]
	at org.apache.hadoop.ozone.protocolPB.OzoneManagerProtocolServerSideTranslatorPB.submitRequestDirectlyToOM(OzoneManagerProtocolServerSideTranslatorPB.java:274) ~[ozone-manager-1.4.0-SNAPSHOT.jar:?]
	at org.apache.hadoop.ozone.protocolPB.OzoneManagerProtocolServerSideTranslatorPB.processRequest(OzoneManagerProtocolServerSideTranslatorPB.java:175) ~[ozone-manager-1.4.0-SNAPSHOT.jar:?]
	at org.apache.hadoop.hdds.server.OzoneProtocolMessageDispatcher.processRequest(OzoneProtocolMessageDispatcher.java:87) [hdds-server-framework-1.4.0-SNAPSHOT.jar:?]
	at org.apache.hadoop.ozone.protocolPB.OzoneManagerProtocolServerSideTranslatorPB.submitRequest(OzoneManagerProtocolServerSideTranslatorPB.java:148) [ozone-manager-1.4.0-SNAPSHOT.jar:?]
	at org.apache.hadoop.ozone.protocol.proto.OzoneManagerProtocolProtos$OzoneManagerService$2.callBlockingMethod(OzoneManagerProtocolProtos.java) [ozone-interface-client-1.4.0-SNAPSHOT.jar:?]
	at org.apache.hadoop.ipc.ProtobufRpcEngine$Server.processCall(ProtobufRpcEngine.java:484) [hadoop-common-3.3.6.jar:?]
	at org.apache.hadoop.ipc.ProtobufRpcEngine2$Server$ProtoBufRpcInvoker.call(ProtobufRpcEngine2.java:595) [hadoop-common-3.3.6.jar:?]
	at org.apache.hadoop.ipc.ProtobufRpcEngine2$Server$ProtoBufRpcInvoker.call(ProtobufRpcEngine2.java:573) [hadoop-common-3.3.6.jar:?]
	at org.apache.hadoop.ipc.RPC$Server.call(RPC.java:1227) [hadoop-common-3.3.6.jar:?]
	at org.apache.hadoop.ipc.Server$RpcCall.run(Server.java:1094) [hadoop-common-3.3.6.jar:?]
	at org.apache.hadoop.ipc.Server$RpcCall.run(Server.java:1017) [hadoop-common-3.3.6.jar:?]
	at java.security.AccessController.doPrivileged(Native Method) ~[?:1.8.0_382]
	at javax.security.auth.Subject.doAs(Subject.java:422) [?:1.8.0_382]
	at org.apache.hadoop.security.UserGroupInformation.doAs(UserGroupInformation.java:1899) [hadoop-common-3.3.6.jar:?]
	at org.apache.hadoop.ipc.Server$Handler.run(Server.java:3048) [hadoop-common-3.3.6.jar:?]
17:31:24.299 [IPC Server handler 7 on default port 15057] ERROR OMAudit - user=runner | ip=127.0.0.1 | op=GET_FILE_STATUS {volume=volume39856, bucket=bucket94778, key=gdir1/dir3/child, dataSize=0, replicationConfig=null} | ret=FAILURE
org.apache.hadoop.ozone.om.exceptions.OMException: Unable to get file status: volume: volume39856 bucket: bucket94778 key: gdir1/dir3/child
	at org.apache.hadoop.ozone.om.KeyManagerImpl.getOzoneFileStatus(KeyManagerImpl.java:1227) ~[ozone-manager-1.4.0-SNAPSHOT.jar:?]
	at org.apache.hadoop.ozone.om.KeyManagerImpl.getFileStatus(KeyManagerImpl.java:1145) ~[ozone-manager-1.4.0-SNAPSHOT.jar:?]
	at org.apache.hadoop.ozone.om.OmMetadataReader.getFileStatus(OmMetadataReader.java:266) ~[ozone-manager-1.4.0-SNAPSHOT.jar:?]
	at org.apache.hadoop.ozone.om.OzoneManager.getFileStatus(OzoneManager.java:3585) ~[ozone-manager-1.4.0-SNAPSHOT.jar:?]
	at org.apache.hadoop.ozone.protocolPB.OzoneManagerRequestHandler.getOzoneFileStatus(OzoneManagerRequestHandler.java:998) ~[ozone-manager-1.4.0-SNAPSHOT.jar:?]
	at org.apache.hadoop.ozone.protocolPB.OzoneManagerRequestHandler.handleReadRequest(OzoneManagerRequestHandler.java:259) ~[ozone-manager-1.4.0-SNAPSHOT.jar:?]
	at org.apache.hadoop.ozone.protocolPB.OzoneManagerProtocolServerSideTranslatorPB.submitRequestDirectlyToOM(OzoneManagerProtocolServerSideTranslatorPB.java:274) ~[ozone-manager-1.4.0-SNAPSHOT.jar:?]
	at org.apache.hadoop.ozone.protocolPB.OzoneManagerProtocolServerSideTranslatorPB.processRequest(OzoneManagerProtocolServerSideTranslatorPB.java:175) ~[ozone-manager-1.4.0-SNAPSHOT.jar:?]
	at org.apache.hadoop.hdds.server.OzoneProtocolMessageDispatcher.processRequest(OzoneProtocolMessageDispatcher.java:87) [hdds-server-framework-1.4.0-SNAPSHOT.jar:?]
	at org.apache.hadoop.ozone.protocolPB.OzoneManagerProtocolServerSideTranslatorPB.submitRequest(OzoneManagerProtocolServerSideTranslatorPB.java:148) [ozone-manager-1.4.0-SNAPSHOT.jar:?]
	at org.apache.hadoop.ozone.protocol.proto.OzoneManagerProtocolProtos$OzoneManagerService$2.callBlockingMethod(OzoneManagerProtocolProtos.java) [ozone-interface-client-1.4.0-SNAPSHOT.jar:?]
	at org.apache.hadoop.ipc.ProtobufRpcEngine$Server.processCall(ProtobufRpcEngine.java:484) [hadoop-common-3.3.6.jar:?]
	at org.apache.hadoop.ipc.ProtobufRpcEngine2$Server$ProtoBufRpcInvoker.call(ProtobufRpcEngine2.java:595) [hadoop-common-3.3.6.jar:?]
	at org.apache.hadoop.ipc.ProtobufRpcEngine2$Server$ProtoBufRpcInvoker.call(ProtobufRpcEngine2.java:573) [hadoop-common-3.3.6.jar:?]
	at org.apache.hadoop.ipc.RPC$Server.call(RPC.java:1227) [hadoop-common-3.3.6.jar:?]
	at org.apache.hadoop.ipc.Server$RpcCall.run(Server.java:1094) [hadoop-common-3.3.6.jar:?]
	at org.apache.hadoop.ipc.Server$RpcCall.run(Server.java:1017) [hadoop-common-3.3.6.jar:?]
	at java.security.AccessController.doPrivileged(Native Method) ~[?:1.8.0_382]
	at javax.security.auth.Subject.doAs(Subject.java:422) [?:1.8.0_382]
	at org.apache.hadoop.security.UserGroupInformation.doAs(UserGroupInformation.java:1899) [hadoop-common-3.3.6.jar:?]
	at org.apache.hadoop.ipc.Server$Handler.run(Server.java:3048) [hadoop-common-3.3.6.jar:?]
17:31:24.300 [IPC Server handler 13 on default port 15057] ERROR OMAudit - user=runner | ip=127.0.0.1 | op=GET_FILE_STATUS {volume=volume39856, bucket=bucket94778, key=gdir1/dir4, dataSize=0, replicationConfig=null} | ret=FAILURE
org.apache.hadoop.ozone.om.exceptions.OMException: Unable to get file status: volume: volume39856 bucket: bucket94778 key: gdir1/dir4
	at org.apache.hadoop.ozone.om.KeyManagerImpl.getOzoneFileStatus(KeyManagerImpl.java:1227) ~[ozone-manager-1.4.0-SNAPSHOT.jar:?]
	at org.apache.hadoop.ozone.om.KeyManagerImpl.getFileStatus(KeyManagerImpl.java:1145) ~[ozone-manager-1.4.0-SNAPSHOT.jar:?]
	at org.apache.hadoop.ozone.om.OmMetadataReader.getFileStatus(OmMetadataReader.java:266) ~[ozone-manager-1.4.0-SNAPSHOT.jar:?]
	at org.apache.hadoop.ozone.om.OzoneManager.getFileStatus(OzoneManager.java:3585) ~[ozone-manager-1.4.0-SNAPSHOT.jar:?]
	at org.apache.hadoop.ozone.protocolPB.OzoneManagerRequestHandler.getOzoneFileStatus(OzoneManagerRequestHandler.java:998) ~[ozone-manager-1.4.0-SNAPSHOT.jar:?]
	at org.apache.hadoop.ozone.protocolPB.OzoneManagerRequestHandler.handleReadRequest(OzoneManagerRequestHandler.java:259) ~[ozone-manager-1.4.0-SNAPSHOT.jar:?]
	at org.apache.hadoop.ozone.protocolPB.OzoneManagerProtocolServerSideTranslatorPB.submitRequestDirectlyToOM(OzoneManagerProtocolServerSideTranslatorPB.java:274) ~[ozone-manager-1.4.0-SNAPSHOT.jar:?]
	at org.apache.hadoop.ozone.protocolPB.OzoneManagerProtocolServerSideTranslatorPB.processRequest(OzoneManagerProtocolServerSideTranslatorPB.java:175) ~[ozone-manager-1.4.0-SNAPSHOT.jar:?]
	at org.apache.hadoop.hdds.server.OzoneProtocolMessageDispatcher.processRequest(OzoneProtocolMessageDispatcher.java:87) [hdds-server-framework-1.4.0-SNAPSHOT.jar:?]
	at org.apache.hadoop.ozone.protocolPB.OzoneManagerProtocolServerSideTranslatorPB.submitRequest(OzoneManagerProtocolServerSideTranslatorPB.java:148) [ozone-manager-1.4.0-SNAPSHOT.jar:?]
	at org.apache.hadoop.ozone.protocol.proto.OzoneManagerProtocolProtos$OzoneManagerService$2.callBlockingMethod(OzoneManagerProtocolProtos.java) [ozone-interface-client-1.4.0-SNAPSHOT.jar:?]
	at org.apache.hadoop.ipc.ProtobufRpcEngine$Server.processCall(ProtobufRpcEngine.java:484) [hadoop-common-3.3.6.jar:?]
	at org.apache.hadoop.ipc.ProtobufRpcEngine2$Server$ProtoBufRpcInvoker.call(ProtobufRpcEngine2.java:595) [hadoop-common-3.3.6.jar:?]
	at org.apache.hadoop.ipc.ProtobufRpcEngine2$Server$ProtoBufRpcInvoker.call(ProtobufRpcEngine2.java:573) [hadoop-common-3.3.6.jar:?]
	at org.apache.hadoop.ipc.RPC$Server.call(RPC.java:1227) [hadoop-common-3.3.6.jar:?]
	at org.apache.hadoop.ipc.Server$RpcCall.run(Server.java:1094) [hadoop-common-3.3.6.jar:?]
	at org.apache.hadoop.ipc.Server$RpcCall.run(Server.java:1017) [hadoop-common-3.3.6.jar:?]
	at java.security.AccessController.doPrivileged(Native Method) ~[?:1.8.0_382]
	at javax.security.auth.Subject.doAs(Subject.java:422) [?:1.8.0_382]
	at org.apache.hadoop.security.UserGroupInformation.doAs(UserGroupInformation.java:1899) [hadoop-common-3.3.6.jar:?]
	at org.apache.hadoop.ipc.Server$Handler.run(Server.java:3048) [hadoop-common-3.3.6.jar:?]
17:31:24.301 [IPC Server handler 15 on default port 15057] ERROR OMAudit - user=runner | ip=127.0.0.1 | op=GET_FILE_STATUS {volume=volume39856, bucket=bucket94778, key=gdir1/dir4/child, dataSize=0, replicationConfig=null} | ret=FAILURE
org.apache.hadoop.ozone.om.exceptions.OMException: Unable to get file status: volume: volume39856 bucket: bucket94778 key: gdir1/dir4/child
	at org.apache.hadoop.ozone.om.KeyManagerImpl.getOzoneFileStatus(KeyManagerImpl.java:1227) ~[ozone-manager-1.4.0-SNAPSHOT.jar:?]
	at org.apache.hadoop.ozone.om.KeyManagerImpl.getFileStatus(KeyManagerImpl.java:1145) ~[ozone-manager-1.4.0-SNAPSHOT.jar:?]
	at org.apache.hadoop.ozone.om.OmMetadataReader.getFileStatus(OmMetadataReader.java:266) ~[ozone-manager-1.4.0-SNAPSHOT.jar:?]
	at org.apache.hadoop.ozone.om.OzoneManager.getFileStatus(OzoneManager.java:3585) ~[ozone-manager-1.4.0-SNAPSHOT.jar:?]
	at org.apache.hadoop.ozone.protocolPB.OzoneManagerRequestHandler.getOzoneFileStatus(OzoneManagerRequestHandler.java:998) ~[ozone-manager-1.4.0-SNAPSHOT.jar:?]
	at org.apache.hadoop.ozone.protocolPB.OzoneManagerRequestHandler.handleReadRequest(OzoneManagerRequestHandler.java:259) ~[ozone-manager-1.4.0-SNAPSHOT.jar:?]
	at org.apache.hadoop.ozone.protocolPB.OzoneManagerProtocolServerSideTranslatorPB.submitRequestDirectlyToOM(OzoneManagerProtocolServerSideTranslatorPB.java:274) ~[ozone-manager-1.4.0-SNAPSHOT.jar:?]
	at org.apache.hadoop.ozone.protocolPB.OzoneManagerProtocolServerSideTranslatorPB.processRequest(OzoneManagerProtocolServerSideTranslatorPB.java:175) ~[ozone-manager-1.4.0-SNAPSHOT.jar:?]
	at org.apache.hadoop.hdds.server.OzoneProtocolMessageDispatcher.processRequest(OzoneProtocolMessageDispatcher.java:87) [hdds-server-framework-1.4.0-SNAPSHOT.jar:?]
	at org.apache.hadoop.ozone.protocolPB.OzoneManagerProtocolServerSideTranslatorPB.submitRequest(OzoneManagerProtocolServerSideTranslatorPB.java:148) [ozone-manager-1.4.0-SNAPSHOT.jar:?]
	at org.apache.hadoop.ozone.protocol.proto.OzoneManagerProtocolProtos$OzoneManagerService$2.callBlockingMethod(OzoneManagerProtocolProtos.java) [ozone-interface-client-1.4.0-SNAPSHOT.jar:?]
	at org.apache.hadoop.ipc.ProtobufRpcEngine$Server.processCall(ProtobufRpcEngine.java:484) [hadoop-common-3.3.6.jar:?]
	at org.apache.hadoop.ipc.ProtobufRpcEngine2$Server$ProtoBufRpcInvoker.call(ProtobufRpcEngine2.java:595) [hadoop-common-3.3.6.jar:?]
	at org.apache.hadoop.ipc.ProtobufRpcEngine2$Server$ProtoBufRpcInvoker.call(ProtobufRpcEngine2.java:573) [hadoop-common-3.3.6.jar:?]
	at org.apache.hadoop.ipc.RPC$Server.call(RPC.java:1227) [hadoop-common-3.3.6.jar:?]
	at org.apache.hadoop.ipc.Server$RpcCall.run(Server.java:1094) [hadoop-common-3.3.6.jar:?]
	at org.apache.hadoop.ipc.Server$RpcCall.run(Server.java:1017) [hadoop-common-3.3.6.jar:?]
	at java.security.AccessController.doPrivileged(Native Method) ~[?:1.8.0_382]
	at javax.security.auth.Subject.doAs(Subject.java:422) [?:1.8.0_382]
	at org.apache.hadoop.security.UserGroupInformation.doAs(UserGroupInformation.java:1899) [hadoop-common-3.3.6.jar:?]
	at org.apache.hadoop.ipc.Server$Handler.run(Server.java:3048) [hadoop-common-3.3.6.jar:?]
17:31:24.302 [IPC Server handler 5 on default port 15057] ERROR OMAudit - user=runner | ip=127.0.0.1 | op=GET_FILE_STATUS {volume=volume39856, bucket=bucket94778, key=gdir1/dir5, dataSize=0, replicationConfig=null} | ret=FAILURE
org.apache.hadoop.ozone.om.exceptions.OMException: Unable to get file status: volume: volume39856 bucket: bucket94778 key: gdir1/dir5
	at org.apache.hadoop.ozone.om.KeyManagerImpl.getOzoneFileStatus(KeyManagerImpl.java:1227) ~[ozone-manager-1.4.0-SNAPSHOT.jar:?]
	at org.apache.hadoop.ozone.om.KeyManagerImpl.getFileStatus(KeyManagerImpl.java:1145) ~[ozone-manager-1.4.0-SNAPSHOT.jar:?]
	at org.apache.hadoop.ozone.om.OmMetadataReader.getFileStatus(OmMetadataReader.java:266) ~[ozone-manager-1.4.0-SNAPSHOT.jar:?]
	at org.apache.hadoop.ozone.om.OzoneManager.getFileStatus(OzoneManager.java:3585) ~[ozone-manager-1.4.0-SNAPSHOT.jar:?]
	at org.apache.hadoop.ozone.protocolPB.OzoneManagerRequestHandler.getOzoneFileStatus(OzoneManagerRequestHandler.java:998) ~[ozone-manager-1.4.0-SNAPSHOT.jar:?]
	at org.apache.hadoop.ozone.protocolPB.OzoneManagerRequestHandler.handleReadRequest(OzoneManagerRequestHandler.java:259) ~[ozone-manager-1.4.0-SNAPSHOT.jar:?]
	at org.apache.hadoop.ozone.protocolPB.OzoneManagerProtocolServerSideTranslatorPB.submitRequestDirectlyToOM(OzoneManagerProtocolServerSideTranslatorPB.java:274) ~[ozone-manager-1.4.0-SNAPSHOT.jar:?]
	at org.apache.hadoop.ozone.protocolPB.OzoneManagerProtocolServerSideTranslatorPB.processRequest(OzoneManagerProtocolServerSideTranslatorPB.java:175) ~[ozone-manager-1.4.0-SNAPSHOT.jar:?]
	at org.apache.hadoop.hdds.server.OzoneProtocolMessageDispatcher.processRequest(OzoneProtocolMessageDispatcher.java:87) [hdds-server-framework-1.4.0-SNAPSHOT.jar:?]
	at org.apache.hadoop.ozone.protocolPB.OzoneManagerProtocolServerSideTranslatorPB.submitRequest(OzoneManagerProtocolServerSideTranslatorPB.java:148) [ozone-manager-1.4.0-SNAPSHOT.jar:?]
	at org.apache.hadoop.ozone.protocol.proto.OzoneManagerProtocolProtos$OzoneManagerService$2.callBlockingMethod(OzoneManagerProtocolProtos.java) [ozone-interface-client-1.4.0-SNAPSHOT.jar:?]
	at org.apache.hadoop.ipc.ProtobufRpcEngine$Server.processCall(ProtobufRpcEngine.java:484) [hadoop-common-3.3.6.jar:?]
	at org.apache.hadoop.ipc.ProtobufRpcEngine2$Server$ProtoBufRpcInvoker.call(ProtobufRpcEngine2.java:595) [hadoop-common-3.3.6.jar:?]
	at org.apache.hadoop.ipc.ProtobufRpcEngine2$Server$ProtoBufRpcInvoker.call(ProtobufRpcEngine2.java:573) [hadoop-common-3.3.6.jar:?]
	at org.apache.hadoop.ipc.RPC$Server.call(RPC.java:1227) [hadoop-common-3.3.6.jar:?]
	at org.apache.hadoop.ipc.Server$RpcCall.run(Server.java:1094) [hadoop-common-3.3.6.jar:?]
	at org.apache.hadoop.ipc.Server$RpcCall.run(Server.java:1017) [hadoop-common-3.3.6.jar:?]
	at java.security.AccessController.doPrivileged(Native Method) ~[?:1.8.0_382]
	at javax.security.auth.Subject.doAs(Subject.java:422) [?:1.8.0_382]
	at org.apache.hadoop.security.UserGroupInformation.doAs(UserGroupInformation.java:1899) [hadoop-common-3.3.6.jar:?]
	at org.apache.hadoop.ipc.Server$Handler.run(Server.java:3048) [hadoop-common-3.3.6.jar:?]
17:31:24.303 [IPC Server handler 1 on default port 15057] ERROR OMAudit - user=runner | ip=127.0.0.1 | op=GET_FILE_STATUS {volume=volume39856, bucket=bucket94778, key=gdir1/dir5/child, dataSize=0, replicationConfig=null} | ret=FAILURE
org.apache.hadoop.ozone.om.exceptions.OMException: Unable to get file status: volume: volume39856 bucket: bucket94778 key: gdir1/dir5/child
	at org.apache.hadoop.ozone.om.KeyManagerImpl.getOzoneFileStatus(KeyManagerImpl.java:1227) ~[ozone-manager-1.4.0-SNAPSHOT.jar:?]
	at org.apache.hadoop.ozone.om.KeyManagerImpl.getFileStatus(KeyManagerImpl.java:1145) ~[ozone-manager-1.4.0-SNAPSHOT.jar:?]
	at org.apache.hadoop.ozone.om.OmMetadataReader.getFileStatus(OmMetadataReader.java:266) ~[ozone-manager-1.4.0-SNAPSHOT.jar:?]
	at org.apache.hadoop.ozone.om.OzoneManager.getFileStatus(OzoneManager.java:3585) ~[ozone-manager-1.4.0-SNAPSHOT.jar:?]
	at org.apache.hadoop.ozone.protocolPB.OzoneManagerRequestHandler.getOzoneFileStatus(OzoneManagerRequestHandler.java:998) ~[ozone-manager-1.4.0-SNAPSHOT.jar:?]
	at org.apache.hadoop.ozone.protocolPB.OzoneManagerRequestHandler.handleReadRequest(OzoneManagerRequestHandler.java:259) ~[ozone-manager-1.4.0-SNAPSHOT.jar:?]
	at org.apache.hadoop.ozone.protocolPB.OzoneManagerProtocolServerSideTranslatorPB.submitRequestDirectlyToOM(OzoneManagerProtocolServerSideTranslatorPB.java:274) ~[ozone-manager-1.4.0-SNAPSHOT.jar:?]
	at org.apache.hadoop.ozone.protocolPB.OzoneManagerProtocolServerSideTranslatorPB.processRequest(OzoneManagerProtocolServerSideTranslatorPB.java:175) ~[ozone-manager-1.4.0-SNAPSHOT.jar:?]
	at org.apache.hadoop.hdds.server.OzoneProtocolMessageDispatcher.processRequest(OzoneProtocolMessageDispatcher.java:87) [hdds-server-framework-1.4.0-SNAPSHOT.jar:?]
	at org.apache.hadoop.ozone.protocolPB.OzoneManagerProtocolServerSideTranslatorPB.submitRequest(OzoneManagerProtocolServerSideTranslatorPB.java:148) [ozone-manager-1.4.0-SNAPSHOT.jar:?]
	at org.apache.hadoop.ozone.protocol.proto.OzoneManagerProtocolProtos$OzoneManagerService$2.callBlockingMethod(OzoneManagerProtocolProtos.java) [ozone-interface-client-1.4.0-SNAPSHOT.jar:?]
	at org.apache.hadoop.ipc.ProtobufRpcEngine$Server.processCall(ProtobufRpcEngine.java:484) [hadoop-common-3.3.6.jar:?]
	at org.apache.hadoop.ipc.ProtobufRpcEngine2$Server$ProtoBufRpcInvoker.call(ProtobufRpcEngine2.java:595) [hadoop-common-3.3.6.jar:?]
	at org.apache.hadoop.ipc.ProtobufRpcEngine2$Server$ProtoBufRpcInvoker.call(ProtobufRpcEngine2.java:573) [hadoop-common-3.3.6.jar:?]
	at org.apache.hadoop.ipc.RPC$Server.call(RPC.java:1227) [hadoop-common-3.3.6.jar:?]
	at org.apache.hadoop.ipc.Server$RpcCall.run(Server.java:1094) [hadoop-common-3.3.6.jar:?]
	at org.apache.hadoop.ipc.Server$RpcCall.run(Server.java:1017) [hadoop-common-3.3.6.jar:?]
	at java.security.AccessController.doPrivileged(Native Method) ~[?:1.8.0_382]
	at javax.security.auth.Subject.doAs(Subject.java:422) [?:1.8.0_382]
	at org.apache.hadoop.security.UserGroupInformation.doAs(UserGroupInformation.java:1899) [hadoop-common-3.3.6.jar:?]
	at org.apache.hadoop.ipc.Server$Handler.run(Server.java:3048) [hadoop-common-3.3.6.jar:?]
17:31:24.304 [IPC Server handler 6 on default port 15057] ERROR OMAudit - user=runner | ip=127.0.0.1 | op=GET_FILE_STATUS {volume=volume39856, bucket=bucket94778, key=gdir1/dir6, dataSize=0, replicationConfig=null} | ret=FAILURE
org.apache.hadoop.ozone.om.exceptions.OMException: Unable to get file status: volume: volume39856 bucket: bucket94778 key: gdir1/dir6
	at org.apache.hadoop.ozone.om.KeyManagerImpl.getOzoneFileStatus(KeyManagerImpl.java:1227) ~[ozone-manager-1.4.0-SNAPSHOT.jar:?]
	at org.apache.hadoop.ozone.om.KeyManagerImpl.getFileStatus(KeyManagerImpl.java:1145) ~[ozone-manager-1.4.0-SNAPSHOT.jar:?]
	at org.apache.hadoop.ozone.om.OmMetadataReader.getFileStatus(OmMetadataReader.java:266) ~[ozone-manager-1.4.0-SNAPSHOT.jar:?]
	at org.apache.hadoop.ozone.om.OzoneManager.getFileStatus(OzoneManager.java:3585) ~[ozone-manager-1.4.0-SNAPSHOT.jar:?]
	at org.apache.hadoop.ozone.protocolPB.OzoneManagerRequestHandler.getOzoneFileStatus(OzoneManagerRequestHandler.java:998) ~[ozone-manager-1.4.0-SNAPSHOT.jar:?]
	at org.apache.hadoop.ozone.protocolPB.OzoneManagerRequestHandler.handleReadRequest(OzoneManagerRequestHandler.java:259) ~[ozone-manager-1.4.0-SNAPSHOT.jar:?]
	at org.apache.hadoop.ozone.protocolPB.OzoneManagerProtocolServerSideTranslatorPB.submitRequestDirectlyToOM(OzoneManagerProtocolServerSideTranslatorPB.java:274) ~[ozone-manager-1.4.0-SNAPSHOT.jar:?]
	at org.apache.hadoop.ozone.protocolPB.OzoneManagerProtocolServerSideTranslatorPB.processRequest(OzoneManagerProtocolServerSideTranslatorPB.java:175) ~[ozone-manager-1.4.0-SNAPSHOT.jar:?]
	at org.apache.hadoop.hdds.server.OzoneProtocolMessageDispatcher.processRequest(OzoneProtocolMessageDispatcher.java:87) [hdds-server-framework-1.4.0-SNAPSHOT.jar:?]
	at org.apache.hadoop.ozone.protocolPB.OzoneManagerProtocolServerSideTranslatorPB.submitRequest(OzoneManagerProtocolServerSideTranslatorPB.java:148) [ozone-manager-1.4.0-SNAPSHOT.jar:?]
	at org.apache.hadoop.ozone.protocol.proto.OzoneManagerProtocolProtos$OzoneManagerService$2.callBlockingMethod(OzoneManagerProtocolProtos.java) [ozone-interface-client-1.4.0-SNAPSHOT.jar:?]
	at org.apache.hadoop.ipc.ProtobufRpcEngine$Server.processCall(ProtobufRpcEngine.java:484) [hadoop-common-3.3.6.jar:?]
	at org.apache.hadoop.ipc.ProtobufRpcEngine2$Server$ProtoBufRpcInvoker.call(ProtobufRpcEngine2.java:595) [hadoop-common-3.3.6.jar:?]
	at org.apache.hadoop.ipc.ProtobufRpcEngine2$Server$ProtoBufRpcInvoker.call(ProtobufRpcEngine2.java:573) [hadoop-common-3.3.6.jar:?]
	at org.apache.hadoop.ipc.RPC$Server.call(RPC.java:1227) [hadoop-common-3.3.6.jar:?]
	at org.apache.hadoop.ipc.Server$RpcCall.run(Server.java:1094) [hadoop-common-3.3.6.jar:?]
	at org.apache.hadoop.ipc.Server$RpcCall.run(Server.java:1017) [hadoop-common-3.3.6.jar:?]
	at java.security.AccessController.doPrivileged(Native Method) ~[?:1.8.0_382]
	at javax.security.auth.Subject.doAs(Subject.java:422) [?:1.8.0_382]
	at org.apache.hadoop.security.UserGroupInformation.doAs(UserGroupInformation.java:1899) [hadoop-common-3.3.6.jar:?]
	at org.apache.hadoop.ipc.Server$Handler.run(Server.java:3048) [hadoop-common-3.3.6.jar:?]
17:31:24.305 [IPC Server handler 0 on default port 15057] ERROR OMAudit - user=runner | ip=127.0.0.1 | op=GET_FILE_STATUS {volume=volume39856, bucket=bucket94778, key=gdir1/dir6/child, dataSize=0, replicationConfig=null} | ret=FAILURE
org.apache.hadoop.ozone.om.exceptions.OMException: Unable to get file status: volume: volume39856 bucket: bucket94778 key: gdir1/dir6/child
	at org.apache.hadoop.ozone.om.KeyManagerImpl.getOzoneFileStatus(KeyManagerImpl.java:1227) ~[ozone-manager-1.4.0-SNAPSHOT.jar:?]
	at org.apache.hadoop.ozone.om.KeyManagerImpl.getFileStatus(KeyManagerImpl.java:1145) ~[ozone-manager-1.4.0-SNAPSHOT.jar:?]
	at org.apache.hadoop.ozone.om.OmMetadataReader.getFileStatus(OmMetadataReader.java:266) ~[ozone-manager-1.4.0-SNAPSHOT.jar:?]
	at org.apache.hadoop.ozone.om.OzoneManager.getFileStatus(OzoneManager.java:3585) ~[ozone-manager-1.4.0-SNAPSHOT.jar:?]
	at org.apache.hadoop.ozone.protocolPB.OzoneManagerRequestHandler.getOzoneFileStatus(OzoneManagerRequestHandler.java:998) ~[ozone-manager-1.4.0-SNAPSHOT.jar:?]
	at org.apache.hadoop.ozone.protocolPB.OzoneManagerRequestHandler.handleReadRequest(OzoneManagerRequestHandler.java:259) ~[ozone-manager-1.4.0-SNAPSHOT.jar:?]
	at org.apache.hadoop.ozone.protocolPB.OzoneManagerProtocolServerSideTranslatorPB.submitRequestDirectlyToOM(OzoneManagerProtocolServerSideTranslatorPB.java:274) ~[ozone-manager-1.4.0-SNAPSHOT.jar:?]
	at org.apache.hadoop.ozone.protocolPB.OzoneManagerProtocolServerSideTranslatorPB.processRequest(OzoneManagerProtocolServerSideTranslatorPB.java:175) ~[ozone-manager-1.4.0-SNAPSHOT.jar:?]
	at org.apache.hadoop.hdds.server.OzoneProtocolMessageDispatcher.processRequest(OzoneProtocolMessageDispatcher.java:87) [hdds-server-framework-1.4.0-SNAPSHOT.jar:?]
	at org.apache.hadoop.ozone.protocolPB.OzoneManagerProtocolServerSideTranslatorPB.submitRequest(OzoneManagerProtocolServerSideTranslatorPB.java:148) [ozone-manager-1.4.0-SNAPSHOT.jar:?]
	at org.apache.hadoop.ozone.protocol.proto.OzoneManagerProtocolProtos$OzoneManagerService$2.callBlockingMethod(OzoneManagerProtocolProtos.java) [ozone-interface-client-1.4.0-SNAPSHOT.jar:?]
	at org.apache.hadoop.ipc.ProtobufRpcEngine$Server.processCall(ProtobufRpcEngine.java:484) [hadoop-common-3.3.6.jar:?]
	at org.apache.hadoop.ipc.ProtobufRpcEngine2$Server$ProtoBufRpcInvoker.call(ProtobufRpcEngine2.java:595) [hadoop-common-3.3.6.jar:?]
	at org.apache.hadoop.ipc.ProtobufRpcEngine2$Server$ProtoBufRpcInvoker.call(ProtobufRpcEngine2.java:573) [hadoop-common-3.3.6.jar:?]
	at org.apache.hadoop.ipc.RPC$Server.call(RPC.java:1227) [hadoop-common-3.3.6.jar:?]
	at org.apache.hadoop.ipc.Server$RpcCall.run(Server.java:1094) [hadoop-common-3.3.6.jar:?]
	at org.apache.hadoop.ipc.Server$RpcCall.run(Server.java:1017) [hadoop-common-3.3.6.jar:?]
	at java.security.AccessController.doPrivileged(Native Method) ~[?:1.8.0_382]
	at javax.security.auth.Subject.doAs(Subject.java:422) [?:1.8.0_382]
	at org.apache.hadoop.security.UserGroupInformation.doAs(UserGroupInformation.java:1899) [hadoop-common-3.3.6.jar:?]
	at org.apache.hadoop.ipc.Server$Handler.run(Server.java:3048) [hadoop-common-3.3.6.jar:?]
17:31:24.306 [IPC Server handler 19 on default port 15057] ERROR OMAudit - user=runner | ip=127.0.0.1 | op=GET_FILE_STATUS {volume=volume39856, bucket=bucket94778, key=gdir1/dir7, dataSize=0, replicationConfig=null} | ret=FAILURE
org.apache.hadoop.ozone.om.exceptions.OMException: Unable to get file status: volume: volume39856 bucket: bucket94778 key: gdir1/dir7
	at org.apache.hadoop.ozone.om.KeyManagerImpl.getOzoneFileStatus(KeyManagerImpl.java:1227) ~[ozone-manager-1.4.0-SNAPSHOT.jar:?]
	at org.apache.hadoop.ozone.om.KeyManagerImpl.getFileStatus(KeyManagerImpl.java:1145) ~[ozone-manager-1.4.0-SNAPSHOT.jar:?]
	at org.apache.hadoop.ozone.om.OmMetadataReader.getFileStatus(OmMetadataReader.java:266) ~[ozone-manager-1.4.0-SNAPSHOT.jar:?]
	at org.apache.hadoop.ozone.om.OzoneManager.getFileStatus(OzoneManager.java:3585) ~[ozone-manager-1.4.0-SNAPSHOT.jar:?]
	at org.apache.hadoop.ozone.protocolPB.OzoneManagerRequestHandler.getOzoneFileStatus(OzoneManagerRequestHandler.java:998) ~[ozone-manager-1.4.0-SNAPSHOT.jar:?]
	at org.apache.hadoop.ozone.protocolPB.OzoneManagerRequestHandler.handleReadRequest(OzoneManagerRequestHandler.java:259) ~[ozone-manager-1.4.0-SNAPSHOT.jar:?]
	at org.apache.hadoop.ozone.protocolPB.OzoneManagerProtocolServerSideTranslatorPB.submitRequestDirectlyToOM(OzoneManagerProtocolServerSideTranslatorPB.java:274) ~[ozone-manager-1.4.0-SNAPSHOT.jar:?]
	at org.apache.hadoop.ozone.protocolPB.OzoneManagerProtocolServerSideTranslatorPB.processRequest(OzoneManagerProtocolServerSideTranslatorPB.java:175) ~[ozone-manager-1.4.0-SNAPSHOT.jar:?]
	at org.apache.hadoop.hdds.server.OzoneProtocolMessageDispatcher.processRequest(OzoneProtocolMessageDispatcher.java:87) [hdds-server-framework-1.4.0-SNAPSHOT.jar:?]
	at org.apache.hadoop.ozone.protocolPB.OzoneManagerProtocolServerSideTranslatorPB.submitRequest(OzoneManagerProtocolServerSideTranslatorPB.java:148) [ozone-manager-1.4.0-SNAPSHOT.jar:?]
	at org.apache.hadoop.ozone.protocol.proto.OzoneManagerProtocolProtos$OzoneManagerService$2.callBlockingMethod(OzoneManagerProtocolProtos.java) [ozone-interface-client-1.4.0-SNAPSHOT.jar:?]
	at org.apache.hadoop.ipc.ProtobufRpcEngine$Server.processCall(ProtobufRpcEngine.java:484) [hadoop-common-3.3.6.jar:?]
	at org.apache.hadoop.ipc.ProtobufRpcEngine2$Server$ProtoBufRpcInvoker.call(ProtobufRpcEngine2.java:595) [hadoop-common-3.3.6.jar:?]
	at org.apache.hadoop.ipc.ProtobufRpcEngine2$Server$ProtoBufRpcInvoker.call(ProtobufRpcEngine2.java:573) [hadoop-common-3.3.6.jar:?]
	at org.apache.hadoop.ipc.RPC$Server.call(RPC.java:1227) [hadoop-common-3.3.6.jar:?]
	at org.apache.hadoop.ipc.Server$RpcCall.run(Server.java:1094) [hadoop-common-3.3.6.jar:?]
	at org.apache.hadoop.ipc.Server$RpcCall.run(Server.java:1017) [hadoop-common-3.3.6.jar:?]
	at java.security.AccessController.doPrivileged(Native Method) ~[?:1.8.0_382]
	at javax.security.auth.Subject.doAs(Subject.java:422) [?:1.8.0_382]
	at org.apache.hadoop.security.UserGroupInformation.doAs(UserGroupInformation.java:1899) [hadoop-common-3.3.6.jar:?]
	at org.apache.hadoop.ipc.Server$Handler.run(Server.java:3048) [hadoop-common-3.3.6.jar:?]
17:31:24.307 [IPC Server handler 3 on default port 15057] ERROR OMAudit - user=runner | ip=127.0.0.1 | op=GET_FILE_STATUS {volume=volume39856, bucket=bucket94778, key=gdir1/dir7/child, dataSize=0, replicationConfig=null} | ret=FAILURE
org.apache.hadoop.ozone.om.exceptions.OMException: Unable to get file status: volume: volume39856 bucket: bucket94778 key: gdir1/dir7/child
	at org.apache.hadoop.ozone.om.KeyManagerImpl.getOzoneFileStatus(KeyManagerImpl.java:1227) ~[ozone-manager-1.4.0-SNAPSHOT.jar:?]
	at org.apache.hadoop.ozone.om.KeyManagerImpl.getFileStatus(KeyManagerImpl.java:1145) ~[ozone-manager-1.4.0-SNAPSHOT.jar:?]
	at org.apache.hadoop.ozone.om.OmMetadataReader.getFileStatus(OmMetadataReader.java:266) ~[ozone-manager-1.4.0-SNAPSHOT.jar:?]
	at org.apache.hadoop.ozone.om.OzoneManager.getFileStatus(OzoneManager.java:3585) ~[ozone-manager-1.4.0-SNAPSHOT.jar:?]
	at org.apache.hadoop.ozone.protocolPB.OzoneManagerRequestHandler.getOzoneFileStatus(OzoneManagerRequestHandler.java:998) ~[ozone-manager-1.4.0-SNAPSHOT.jar:?]
	at org.apache.hadoop.ozone.protocolPB.OzoneManagerRequestHandler.handleReadRequest(OzoneManagerRequestHandler.java:259) ~[ozone-manager-1.4.0-SNAPSHOT.jar:?]
	at org.apache.hadoop.ozone.protocolPB.OzoneManagerProtocolServerSideTranslatorPB.submitRequestDirectlyToOM(OzoneManagerProtocolServerSideTranslatorPB.java:274) ~[ozone-manager-1.4.0-SNAPSHOT.jar:?]
	at org.apache.hadoop.ozone.protocolPB.OzoneManagerProtocolServerSideTranslatorPB.processRequest(OzoneManagerProtocolServerSideTranslatorPB.java:175) ~[ozone-manager-1.4.0-SNAPSHOT.jar:?]
	at org.apache.hadoop.hdds.server.OzoneProtocolMessageDispatcher.processRequest(OzoneProtocolMessageDispatcher.java:87) [hdds-server-framework-1.4.0-SNAPSHOT.jar:?]
	at org.apache.hadoop.ozone.protocolPB.OzoneManagerProtocolServerSideTranslatorPB.submitRequest(OzoneManagerProtocolServerSideTranslatorPB.java:148) [ozone-manager-1.4.0-SNAPSHOT.jar:?]
	at org.apache.hadoop.ozone.protocol.proto.OzoneManagerProtocolProtos$OzoneManagerService$2.callBlockingMethod(OzoneManagerProtocolProtos.java) [ozone-interface-client-1.4.0-SNAPSHOT.jar:?]
	at org.apache.hadoop.ipc.ProtobufRpcEngine$Server.processCall(ProtobufRpcEngine.java:484) [hadoop-common-3.3.6.jar:?]
	at org.apache.hadoop.ipc.ProtobufRpcEngine2$Server$ProtoBufRpcInvoker.call(ProtobufRpcEngine2.java:595) [hadoop-common-3.3.6.jar:?]
	at org.apache.hadoop.ipc.ProtobufRpcEngine2$Server$ProtoBufRpcInvoker.call(ProtobufRpcEngine2.java:573) [hadoop-common-3.3.6.jar:?]
	at org.apache.hadoop.ipc.RPC$Server.call(RPC.java:1227) [hadoop-common-3.3.6.jar:?]
	at org.apache.hadoop.ipc.Server$RpcCall.run(Server.java:1094) [hadoop-common-3.3.6.jar:?]
	at org.apache.hadoop.ipc.Server$RpcCall.run(Server.java:1017) [hadoop-common-3.3.6.jar:?]
	at java.security.AccessController.doPrivileged(Native Method) ~[?:1.8.0_382]
	at javax.security.auth.Subject.doAs(Subject.java:422) [?:1.8.0_382]
	at org.apache.hadoop.security.UserGroupInformation.doAs(UserGroupInformation.java:1899) [hadoop-common-3.3.6.jar:?]
	at org.apache.hadoop.ipc.Server$Handler.run(Server.java:3048) [hadoop-common-3.3.6.jar:?]
17:31:24.308 [IPC Server handler 4 on default port 15057] ERROR OMAudit - user=runner | ip=127.0.0.1 | op=GET_FILE_STATUS {volume=volume39856, bucket=bucket94778, key=gdir1/dir8, dataSize=0, replicationConfig=null} | ret=FAILURE
org.apache.hadoop.ozone.om.exceptions.OMException: Unable to get file status: volume: volume39856 bucket: bucket94778 key: gdir1/dir8
	at org.apache.hadoop.ozone.om.KeyManagerImpl.getOzoneFileStatus(KeyManagerImpl.java:1227) ~[ozone-manager-1.4.0-SNAPSHOT.jar:?]
	at org.apache.hadoop.ozone.om.KeyManagerImpl.getFileStatus(KeyManagerImpl.java:1145) ~[ozone-manager-1.4.0-SNAPSHOT.jar:?]
	at org.apache.hadoop.ozone.om.OmMetadataReader.getFileStatus(OmMetadataReader.java:266) ~[ozone-manager-1.4.0-SNAPSHOT.jar:?]
	at org.apache.hadoop.ozone.om.OzoneManager.getFileStatus(OzoneManager.java:3585) ~[ozone-manager-1.4.0-SNAPSHOT.jar:?]
	at org.apache.hadoop.ozone.protocolPB.OzoneManagerRequestHandler.getOzoneFileStatus(OzoneManagerRequestHandler.java:998) ~[ozone-manager-1.4.0-SNAPSHOT.jar:?]
	at org.apache.hadoop.ozone.protocolPB.OzoneManagerRequestHandler.handleReadRequest(OzoneManagerRequestHandler.java:259) ~[ozone-manager-1.4.0-SNAPSHOT.jar:?]
	at org.apache.hadoop.ozone.protocolPB.OzoneManagerProtocolServerSideTranslatorPB.submitRequestDirectlyToOM(OzoneManagerProtocolServerSideTranslatorPB.java:274) ~[ozone-manager-1.4.0-SNAPSHOT.jar:?]
	at org.apache.hadoop.ozone.protocolPB.OzoneManagerProtocolServerSideTranslatorPB.processRequest(OzoneManagerProtocolServerSideTranslatorPB.java:175) ~[ozone-manager-1.4.0-SNAPSHOT.jar:?]
	at org.apache.hadoop.hdds.server.OzoneProtocolMessageDispatcher.processRequest(OzoneProtocolMessageDispatcher.java:87) [hdds-server-framework-1.4.0-SNAPSHOT.jar:?]
	at org.apache.hadoop.ozone.protocolPB.OzoneManagerProtocolServerSideTranslatorPB.submitRequest(OzoneManagerProtocolServerSideTranslatorPB.java:148) [ozone-manager-1.4.0-SNAPSHOT.jar:?]
	at org.apache.hadoop.ozone.protocol.proto.OzoneManagerProtocolProtos$OzoneManagerService$2.callBlockingMethod(OzoneManagerProtocolProtos.java) [ozone-interface-client-1.4.0-SNAPSHOT.jar:?]
	at org.apache.hadoop.ipc.ProtobufRpcEngine$Server.processCall(ProtobufRpcEngine.java:484) [hadoop-common-3.3.6.jar:?]
	at org.apache.hadoop.ipc.ProtobufRpcEngine2$Server$ProtoBufRpcInvoker.call(ProtobufRpcEngine2.java:595) [hadoop-common-3.3.6.jar:?]
	at org.apache.hadoop.ipc.ProtobufRpcEngine2$Server$ProtoBufRpcInvoker.call(ProtobufRpcEngine2.java:573) [hadoop-common-3.3.6.jar:?]
	at org.apache.hadoop.ipc.RPC$Server.call(RPC.java:1227) [hadoop-common-3.3.6.jar:?]
	at org.apache.hadoop.ipc.Server$RpcCall.run(Server.java:1094) [hadoop-common-3.3.6.jar:?]
	at org.apache.hadoop.ipc.Server$RpcCall.run(Server.java:1017) [hadoop-common-3.3.6.jar:?]
	at java.security.AccessController.doPrivileged(Native Method) ~[?:1.8.0_382]
	at javax.security.auth.Subject.doAs(Subject.java:422) [?:1.8.0_382]
	at org.apache.hadoop.security.UserGroupInformation.doAs(UserGroupInformation.java:1899) [hadoop-common-3.3.6.jar:?]
	at org.apache.hadoop.ipc.Server$Handler.run(Server.java:3048) [hadoop-common-3.3.6.jar:?]
17:31:24.311 [IPC Server handler 2 on default port 15057] ERROR OMAudit - user=runner | ip=127.0.0.1 | op=GET_FILE_STATUS {volume=volume39856, bucket=bucket94778, key=gdir1/dir8/child, dataSize=0, replicationConfig=null} | ret=FAILURE
org.apache.hadoop.ozone.om.exceptions.OMException: Unable to get file status: volume: volume39856 bucket: bucket94778 key: gdir1/dir8/child
	at org.apache.hadoop.ozone.om.KeyManagerImpl.getOzoneFileStatus(KeyManagerImpl.java:1227) ~[ozone-manager-1.4.0-SNAPSHOT.jar:?]
	at org.apache.hadoop.ozone.om.KeyManagerImpl.getFileStatus(KeyManagerImpl.java:1145) ~[ozone-manager-1.4.0-SNAPSHOT.jar:?]
	at org.apache.hadoop.ozone.om.OmMetadataReader.getFileStatus(OmMetadataReader.java:266) ~[ozone-manager-1.4.0-SNAPSHOT.jar:?]
	at org.apache.hadoop.ozone.om.OzoneManager.getFileStatus(OzoneManager.java:3585) ~[ozone-manager-1.4.0-SNAPSHOT.jar:?]
	at org.apache.hadoop.ozone.protocolPB.OzoneManagerRequestHandler.getOzoneFileStatus(OzoneManagerRequestHandler.java:998) ~[ozone-manager-1.4.0-SNAPSHOT.jar:?]
	at org.apache.hadoop.ozone.protocolPB.OzoneManagerRequestHandler.handleReadRequest(OzoneManagerRequestHandler.java:259) ~[ozone-manager-1.4.0-SNAPSHOT.jar:?]
	at org.apache.hadoop.ozone.protocolPB.OzoneManagerProtocolServerSideTranslatorPB.submitRequestDirectlyToOM(OzoneManagerProtocolServerSideTranslatorPB.java:274) ~[ozone-manager-1.4.0-SNAPSHOT.jar:?]
	at org.apache.hadoop.ozone.protocolPB.OzoneManagerProtocolServerSideTranslatorPB.processRequest(OzoneManagerProtocolServerSideTranslatorPB.java:175) ~[ozone-manager-1.4.0-SNAPSHOT.jar:?]
	at org.apache.hadoop.hdds.server.OzoneProtocolMessageDispatcher.processRequest(OzoneProtocolMessageDispatcher.java:87) [hdds-server-framework-1.4.0-SNAPSHOT.jar:?]
	at org.apache.hadoop.ozone.protocolPB.OzoneManagerProtocolServerSideTranslatorPB.submitRequest(OzoneManagerProtocolServerSideTranslatorPB.java:148) [ozone-manager-1.4.0-SNAPSHOT.jar:?]
	at org.apache.hadoop.ozone.protocol.proto.OzoneManagerProtocolProtos$OzoneManagerService$2.callBlockingMethod(OzoneManagerProtocolProtos.java) [ozone-interface-client-1.4.0-SNAPSHOT.jar:?]
	at org.apache.hadoop.ipc.ProtobufRpcEngine$Server.processCall(ProtobufRpcEngine.java:484) [hadoop-common-3.3.6.jar:?]
	at org.apache.hadoop.ipc.ProtobufRpcEngine2$Server$ProtoBufRpcInvoker.call(ProtobufRpcEngine2.java:595) [hadoop-common-3.3.6.jar:?]
	at org.apache.hadoop.ipc.ProtobufRpcEngine2$Server$ProtoBufRpcInvoker.call(ProtobufRpcEngine2.java:573) [hadoop-common-3.3.6.jar:?]
	at org.apache.hadoop.ipc.RPC$Server.call(RPC.java:1227) [hadoop-common-3.3.6.jar:?]
	at org.apache.hadoop.ipc.Server$RpcCall.run(Server.java:1094) [hadoop-common-3.3.6.jar:?]
	at org.apache.hadoop.ipc.Server$RpcCall.run(Server.java:1017) [hadoop-common-3.3.6.jar:?]
	at java.security.AccessController.doPrivileged(Native Method) ~[?:1.8.0_382]
	at javax.security.auth.Subject.doAs(Subject.java:422) [?:1.8.0_382]
	at org.apache.hadoop.security.UserGroupInformation.doAs(UserGroupInformation.java:1899) [hadoop-common-3.3.6.jar:?]
	at org.apache.hadoop.ipc.Server$Handler.run(Server.java:3048) [hadoop-common-3.3.6.jar:?]
17:31:24.314 [IPC Server handler 8 on default port 15057] ERROR OMAudit - user=runner | ip=127.0.0.1 | op=GET_FILE_STATUS {volume=volume39856, bucket=bucket94778, key=gdir1/dir9, dataSize=0, replicationConfig=null} | ret=FAILURE
org.apache.hadoop.ozone.om.exceptions.OMException: Unable to get file status: volume: volume39856 bucket: bucket94778 key: gdir1/dir9
	at org.apache.hadoop.ozone.om.KeyManagerImpl.getOzoneFileStatus(KeyManagerImpl.java:1227) ~[ozone-manager-1.4.0-SNAPSHOT.jar:?]
	at org.apache.hadoop.ozone.om.KeyManagerImpl.getFileStatus(KeyManagerImpl.java:1145) ~[ozone-manager-1.4.0-SNAPSHOT.jar:?]
	at org.apache.hadoop.ozone.om.OmMetadataReader.getFileStatus(OmMetadataReader.java:266) ~[ozone-manager-1.4.0-SNAPSHOT.jar:?]
	at org.apache.hadoop.ozone.om.OzoneManager.getFileStatus(OzoneManager.java:3585) ~[ozone-manager-1.4.0-SNAPSHOT.jar:?]
	at org.apache.hadoop.ozone.protocolPB.OzoneManagerRequestHandler.getOzoneFileStatus(OzoneManagerRequestHandler.java:998) ~[ozone-manager-1.4.0-SNAPSHOT.jar:?]
	at org.apache.hadoop.ozone.protocolPB.OzoneManagerRequestHandler.handleReadRequest(OzoneManagerRequestHandler.java:259) ~[ozone-manager-1.4.0-SNAPSHOT.jar:?]
	at org.apache.hadoop.ozone.protocolPB.OzoneManagerProtocolServerSideTranslatorPB.submitRequestDirectlyToOM(OzoneManagerProtocolServerSideTranslatorPB.java:274) ~[ozone-manager-1.4.0-SNAPSHOT.jar:?]
	at org.apache.hadoop.ozone.protocolPB.OzoneManagerProtocolServerSideTranslatorPB.processRequest(OzoneManagerProtocolServerSideTranslatorPB.java:175) ~[ozone-manager-1.4.0-SNAPSHOT.jar:?]
	at org.apache.hadoop.hdds.server.OzoneProtocolMessageDispatcher.processRequest(OzoneProtocolMessageDispatcher.java:87) [hdds-server-framework-1.4.0-SNAPSHOT.jar:?]
	at org.apache.hadoop.ozone.protocolPB.OzoneManagerProtocolServerSideTranslatorPB.submitRequest(OzoneManagerProtocolServerSideTranslatorPB.java:148) [ozone-manager-1.4.0-SNAPSHOT.jar:?]
	at org.apache.hadoop.ozone.protocol.proto.OzoneManagerProtocolProtos$OzoneManagerService$2.callBlockingMethod(OzoneManagerProtocolProtos.java) [ozone-interface-client-1.4.0-SNAPSHOT.jar:?]
	at org.apache.hadoop.ipc.ProtobufRpcEngine$Server.processCall(ProtobufRpcEngine.java:484) [hadoop-common-3.3.6.jar:?]
	at org.apache.hadoop.ipc.ProtobufRpcEngine2$Server$ProtoBufRpcInvoker.call(ProtobufRpcEngine2.java:595) [hadoop-common-3.3.6.jar:?]
	at org.apache.hadoop.ipc.ProtobufRpcEngine2$Server$ProtoBufRpcInvoker.call(ProtobufRpcEngine2.java:573) [hadoop-common-3.3.6.jar:?]
	at org.apache.hadoop.ipc.RPC$Server.call(RPC.java:1227) [hadoop-common-3.3.6.jar:?]
	at org.apache.hadoop.ipc.Server$RpcCall.run(Server.java:1094) [hadoop-common-3.3.6.jar:?]
	at org.apache.hadoop.ipc.Server$RpcCall.run(Server.java:1017) [hadoop-common-3.3.6.jar:?]
	at java.security.AccessController.doPrivileged(Native Method) ~[?:1.8.0_382]
	at javax.security.auth.Subject.doAs(Subject.java:422) [?:1.8.0_382]
	at org.apache.hadoop.security.UserGroupInformation.doAs(UserGroupInformation.java:1899) [hadoop-common-3.3.6.jar:?]
	at org.apache.hadoop.ipc.Server$Handler.run(Server.java:3048) [hadoop-common-3.3.6.jar:?]
17:31:24.315 [IPC Server handler 10 on default port 15057] ERROR OMAudit - user=runner | ip=127.0.0.1 | op=GET_FILE_STATUS {volume=volume39856, bucket=bucket94778, key=gdir1/dir9/child, dataSize=0, replicationConfig=null} | ret=FAILURE
org.apache.hadoop.ozone.om.exceptions.OMException: Unable to get file status: volume: volume39856 bucket: bucket94778 key: gdir1/dir9/child
	at org.apache.hadoop.ozone.om.KeyManagerImpl.getOzoneFileStatus(KeyManagerImpl.java:1227) ~[ozone-manager-1.4.0-SNAPSHOT.jar:?]
	at org.apache.hadoop.ozone.om.KeyManagerImpl.getFileStatus(KeyManagerImpl.java:1145) ~[ozone-manager-1.4.0-SNAPSHOT.jar:?]
	at org.apache.hadoop.ozone.om.OmMetadataReader.getFileStatus(OmMetadataReader.java:266) ~[ozone-manager-1.4.0-SNAPSHOT.jar:?]
	at org.apache.hadoop.ozone.om.OzoneManager.getFileStatus(OzoneManager.java:3585) ~[ozone-manager-1.4.0-SNAPSHOT.jar:?]
	at org.apache.hadoop.ozone.protocolPB.OzoneManagerRequestHandler.getOzoneFileStatus(OzoneManagerRequestHandler.java:998) ~[ozone-manager-1.4.0-SNAPSHOT.jar:?]
	at org.apache.hadoop.ozone.protocolPB.OzoneManagerRequestHandler.handleReadRequest(OzoneManagerRequestHandler.java:259) ~[ozone-manager-1.4.0-SNAPSHOT.jar:?]
	at org.apache.hadoop.ozone.protocolPB.OzoneManagerProtocolServerSideTranslatorPB.submitRequestDirectlyToOM(OzoneManagerProtocolServerSideTranslatorPB.java:274) ~[ozone-manager-1.4.0-SNAPSHOT.jar:?]
	at org.apache.hadoop.ozone.protocolPB.OzoneManagerProtocolServerSideTranslatorPB.processRequest(OzoneManagerProtocolServerSideTranslatorPB.java:175) ~[ozone-manager-1.4.0-SNAPSHOT.jar:?]
	at org.apache.hadoop.hdds.server.OzoneProtocolMessageDispatcher.processRequest(OzoneProtocolMessageDispatcher.java:87) [hdds-server-framework-1.4.0-SNAPSHOT.jar:?]
	at org.apache.hadoop.ozone.protocolPB.OzoneManagerProtocolServerSideTranslatorPB.submitRequest(OzoneManagerProtocolServerSideTranslatorPB.java:148) [ozone-manager-1.4.0-SNAPSHOT.jar:?]
	at org.apache.hadoop.ozone.protocol.proto.OzoneManagerProtocolProtos$OzoneManagerService$2.callBlockingMethod(OzoneManagerProtocolProtos.java) [ozone-interface-client-1.4.0-SNAPSHOT.jar:?]
	at org.apache.hadoop.ipc.ProtobufRpcEngine$Server.processCall(ProtobufRpcEngine.java:484) [hadoop-common-3.3.6.jar:?]
	at org.apache.hadoop.ipc.ProtobufRpcEngine2$Server$ProtoBufRpcInvoker.call(ProtobufRpcEngine2.java:595) [hadoop-common-3.3.6.jar:?]
	at org.apache.hadoop.ipc.ProtobufRpcEngine2$Server$ProtoBufRpcInvoker.call(ProtobufRpcEngine2.java:573) [hadoop-common-3.3.6.jar:?]
	at org.apache.hadoop.ipc.RPC$Server.call(RPC.java:1227) [hadoop-common-3.3.6.jar:?]
	at org.apache.hadoop.ipc.Server$RpcCall.run(Server.java:1094) [hadoop-common-3.3.6.jar:?]
	at org.apache.hadoop.ipc.Server$RpcCall.run(Server.java:1017) [hadoop-common-3.3.6.jar:?]
	at java.security.AccessController.doPrivileged(Native Method) ~[?:1.8.0_382]
	at javax.security.auth.Subject.doAs(Subject.java:422) [?:1.8.0_382]
	at org.apache.hadoop.security.UserGroupInformation.doAs(UserGroupInformation.java:1899) [hadoop-common-3.3.6.jar:?]
	at org.apache.hadoop.ipc.Server$Handler.run(Server.java:3048) [hadoop-common-3.3.6.jar:?]
17:31:24.316 [IPC Server handler 11 on default port 15057] ERROR OMAudit - user=runner | ip=127.0.0.1 | op=GET_FILE_STATUS {volume=volume39856, bucket=bucket94778, key=gdir1/dir10, dataSize=0, replicationConfig=null} | ret=FAILURE
org.apache.hadoop.ozone.om.exceptions.OMException: Unable to get file status: volume: volume39856 bucket: bucket94778 key: gdir1/dir10
	at org.apache.hadoop.ozone.om.KeyManagerImpl.getOzoneFileStatus(KeyManagerImpl.java:1227) ~[ozone-manager-1.4.0-SNAPSHOT.jar:?]
	at org.apache.hadoop.ozone.om.KeyManagerImpl.getFileStatus(KeyManagerImpl.java:1145) ~[ozone-manager-1.4.0-SNAPSHOT.jar:?]
	at org.apache.hadoop.ozone.om.OmMetadataReader.getFileStatus(OmMetadataReader.java:266) ~[ozone-manager-1.4.0-SNAPSHOT.jar:?]
	at org.apache.hadoop.ozone.om.OzoneManager.getFileStatus(OzoneManager.java:3585) ~[ozone-manager-1.4.0-SNAPSHOT.jar:?]
	at org.apache.hadoop.ozone.protocolPB.OzoneManagerRequestHandler.getOzoneFileStatus(OzoneManagerRequestHandler.java:998) ~[ozone-manager-1.4.0-SNAPSHOT.jar:?]
	at org.apache.hadoop.ozone.protocolPB.OzoneManagerRequestHandler.handleReadRequest(OzoneManagerRequestHandler.java:259) ~[ozone-manager-1.4.0-SNAPSHOT.jar:?]
	at org.apache.hadoop.ozone.protocolPB.OzoneManagerProtocolServerSideTranslatorPB.submitRequestDirectlyToOM(OzoneManagerProtocolServerSideTranslatorPB.java:274) ~[ozone-manager-1.4.0-SNAPSHOT.jar:?]
	at org.apache.hadoop.ozone.protocolPB.OzoneManagerProtocolServerSideTranslatorPB.processRequest(OzoneManagerProtocolServerSideTranslatorPB.java:175) ~[ozone-manager-1.4.0-SNAPSHOT.jar:?]
	at org.apache.hadoop.hdds.server.OzoneProtocolMessageDispatcher.processRequest(OzoneProtocolMessageDispatcher.java:87) [hdds-server-framework-1.4.0-SNAPSHOT.jar:?]
	at org.apache.hadoop.ozone.protocolPB.OzoneManagerProtocolServerSideTranslatorPB.submitRequest(OzoneManagerProtocolServerSideTranslatorPB.java:148) [ozone-manager-1.4.0-SNAPSHOT.jar:?]
	at org.apache.hadoop.ozone.protocol.proto.OzoneManagerProtocolProtos$OzoneManagerService$2.callBlockingMethod(OzoneManagerProtocolProtos.java) [ozone-interface-client-1.4.0-SNAPSHOT.jar:?]
	at org.apache.hadoop.ipc.ProtobufRpcEngine$Server.processCall(ProtobufRpcEngine.java:484) [hadoop-common-3.3.6.jar:?]
	at org.apache.hadoop.ipc.ProtobufRpcEngine2$Server$ProtoBufRpcInvoker.call(ProtobufRpcEngine2.java:595) [hadoop-common-3.3.6.jar:?]
	at org.apache.hadoop.ipc.ProtobufRpcEngine2$Server$ProtoBufRpcInvoker.call(ProtobufRpcEngine2.java:573) [hadoop-common-3.3.6.jar:?]
	at org.apache.hadoop.ipc.RPC$Server.call(RPC.java:1227) [hadoop-common-3.3.6.jar:?]
	at org.apache.hadoop.ipc.Server$RpcCall.run(Server.java:1094) [hadoop-common-3.3.6.jar:?]
	at org.apache.hadoop.ipc.Server$RpcCall.run(Server.java:1017) [hadoop-common-3.3.6.jar:?]
	at java.security.AccessController.doPrivileged(Native Method) ~[?:1.8.0_382]
	at javax.security.auth.Subject.doAs(Subject.java:422) [?:1.8.0_382]
	at org.apache.hadoop.security.UserGroupInformation.doAs(UserGroupInformation.java:1899) [hadoop-common-3.3.6.jar:?]
	at org.apache.hadoop.ipc.Server$Handler.run(Server.java:3048) [hadoop-common-3.3.6.jar:?]
17:31:24.318 [IPC Server handler 12 on default port 15057] ERROR OMAudit - user=runner | ip=127.0.0.1 | op=GET_FILE_STATUS {volume=volume39856, bucket=bucket94778, key=gdir1/dir10/child, dataSize=0, replicationConfig=null} | ret=FAILURE
org.apache.hadoop.ozone.om.exceptions.OMException: Unable to get file status: volume: volume39856 bucket: bucket94778 key: gdir1/dir10/child
	at org.apache.hadoop.ozone.om.KeyManagerImpl.getOzoneFileStatus(KeyManagerImpl.java:1227) ~[ozone-manager-1.4.0-SNAPSHOT.jar:?]
	at org.apache.hadoop.ozone.om.KeyManagerImpl.getFileStatus(KeyManagerImpl.java:1145) ~[ozone-manager-1.4.0-SNAPSHOT.jar:?]
	at org.apache.hadoop.ozone.om.OmMetadataReader.getFileStatus(OmMetadataReader.java:266) ~[ozone-manager-1.4.0-SNAPSHOT.jar:?]
	at org.apache.hadoop.ozone.om.OzoneManager.getFileStatus(OzoneManager.java:3585) ~[ozone-manager-1.4.0-SNAPSHOT.jar:?]
	at org.apache.hadoop.ozone.protocolPB.OzoneManagerRequestHandler.getOzoneFileStatus(OzoneManagerRequestHandler.java:998) ~[ozone-manager-1.4.0-SNAPSHOT.jar:?]
	at org.apache.hadoop.ozone.protocolPB.OzoneManagerRequestHandler.handleReadRequest(OzoneManagerRequestHandler.java:259) ~[ozone-manager-1.4.0-SNAPSHOT.jar:?]
	at org.apache.hadoop.ozone.protocolPB.OzoneManagerProtocolServerSideTranslatorPB.submitRequestDirectlyToOM(OzoneManagerProtocolServerSideTranslatorPB.java:274) ~[ozone-manager-1.4.0-SNAPSHOT.jar:?]
	at org.apache.hadoop.ozone.protocolPB.OzoneManagerProtocolServerSideTranslatorPB.processRequest(OzoneManagerProtocolServerSideTranslatorPB.java:175) ~[ozone-manager-1.4.0-SNAPSHOT.jar:?]
	at org.apache.hadoop.hdds.server.OzoneProtocolMessageDispatcher.processRequest(OzoneProtocolMessageDispatcher.java:87) [hdds-server-framework-1.4.0-SNAPSHOT.jar:?]
	at org.apache.hadoop.ozone.protocolPB.OzoneManagerProtocolServerSideTranslatorPB.submitRequest(OzoneManagerProtocolServerSideTranslatorPB.java:148) [ozone-manager-1.4.0-SNAPSHOT.jar:?]
	at org.apache.hadoop.ozone.protocol.proto.OzoneManagerProtocolProtos$OzoneManagerService$2.callBlockingMethod(OzoneManagerProtocolProtos.java) [ozone-interface-client-1.4.0-SNAPSHOT.jar:?]
	at org.apache.hadoop.ipc.ProtobufRpcEngine$Server.processCall(ProtobufRpcEngine.java:484) [hadoop-common-3.3.6.jar:?]
	at org.apache.hadoop.ipc.ProtobufRpcEngine2$Server$ProtoBufRpcInvoker.call(ProtobufRpcEngine2.java:595) [hadoop-common-3.3.6.jar:?]
	at org.apache.hadoop.ipc.ProtobufRpcEngine2$Server$ProtoBufRpcInvoker.call(ProtobufRpcEngine2.java:573) [hadoop-common-3.3.6.jar:?]
	at org.apache.hadoop.ipc.RPC$Server.call(RPC.java:1227) [hadoop-common-3.3.6.jar:?]
	at org.apache.hadoop.ipc.Server$RpcCall.run(Server.java:1094) [hadoop-common-3.3.6.jar:?]
	at org.apache.hadoop.ipc.Server$RpcCall.run(Server.java:1017) [hadoop-common-3.3.6.jar:?]
	at java.security.AccessController.doPrivileged(Native Method) ~[?:1.8.0_382]
	at javax.security.auth.Subject.doAs(Subject.java:422) [?:1.8.0_382]
	at org.apache.hadoop.security.UserGroupInformation.doAs(UserGroupInformation.java:1899) [hadoop-common-3.3.6.jar:?]
	at org.apache.hadoop.ipc.Server$Handler.run(Server.java:3048) [hadoop-common-3.3.6.jar:?]
17:31:24.384 [IPC Server handler 3 on default port 15057] ERROR OMAudit - user=runner | ip=127.0.0.1 | op=GET_FILE_STATUS {volume=volume39856, bucket=bucket94778, key=level0, dataSize=0, replicationConfig=null} | ret=FAILURE
org.apache.hadoop.ozone.om.exceptions.OMException: Unable to get file status: volume: volume39856 bucket: bucket94778 key: level0
	at org.apache.hadoop.ozone.om.KeyManagerImpl.getOzoneFileStatus(KeyManagerImpl.java:1227) ~[ozone-manager-1.4.0-SNAPSHOT.jar:?]
	at org.apache.hadoop.ozone.om.KeyManagerImpl.getFileStatus(KeyManagerImpl.java:1145) ~[ozone-manager-1.4.0-SNAPSHOT.jar:?]
	at org.apache.hadoop.ozone.om.OmMetadataReader.getFileStatus(OmMetadataReader.java:266) ~[ozone-manager-1.4.0-SNAPSHOT.jar:?]
	at org.apache.hadoop.ozone.om.OzoneManager.getFileStatus(OzoneManager.java:3585) ~[ozone-manager-1.4.0-SNAPSHOT.jar:?]
	at org.apache.hadoop.ozone.protocolPB.OzoneManagerRequestHandler.getOzoneFileStatus(OzoneManagerRequestHandler.java:998) ~[ozone-manager-1.4.0-SNAPSHOT.jar:?]
	at org.apache.hadoop.ozone.protocolPB.OzoneManagerRequestHandler.handleReadRequest(OzoneManagerRequestHandler.java:259) ~[ozone-manager-1.4.0-SNAPSHOT.jar:?]
	at org.apache.hadoop.ozone.protocolPB.OzoneManagerProtocolServerSideTranslatorPB.submitRequestDirectlyToOM(OzoneManagerProtocolServerSideTranslatorPB.java:274) ~[ozone-manager-1.4.0-SNAPSHOT.jar:?]
	at org.apache.hadoop.ozone.protocolPB.OzoneManagerProtocolServerSideTranslatorPB.processRequest(OzoneManagerProtocolServerSideTranslatorPB.java:175) ~[ozone-manager-1.4.0-SNAPSHOT.jar:?]
	at org.apache.hadoop.hdds.server.OzoneProtocolMessageDispatcher.processRequest(OzoneProtocolMessageDispatcher.java:87) [hdds-server-framework-1.4.0-SNAPSHOT.jar:?]
	at org.apache.hadoop.ozone.protocolPB.OzoneManagerProtocolServerSideTranslatorPB.submitRequest(OzoneManagerProtocolServerSideTranslatorPB.java:148) [ozone-manager-1.4.0-SNAPSHOT.jar:?]
	at org.apache.hadoop.ozone.protocol.proto.OzoneManagerProtocolProtos$OzoneManagerService$2.callBlockingMethod(OzoneManagerProtocolProtos.java) [ozone-interface-client-1.4.0-SNAPSHOT.jar:?]
	at org.apache.hadoop.ipc.ProtobufRpcEngine$Server.processCall(ProtobufRpcEngine.java:484) [hadoop-common-3.3.6.jar:?]
	at org.apache.hadoop.ipc.ProtobufRpcEngine2$Server$ProtoBufRpcInvoker.call(ProtobufRpcEngine2.java:595) [hadoop-common-3.3.6.jar:?]
	at org.apache.hadoop.ipc.ProtobufRpcEngine2$Server$ProtoBufRpcInvoker.call(ProtobufRpcEngine2.java:573) [hadoop-common-3.3.6.jar:?]
	at org.apache.hadoop.ipc.RPC$Server.call(RPC.java:1227) [hadoop-common-3.3.6.jar:?]
	at org.apache.hadoop.ipc.Server$RpcCall.run(Server.java:1094) [hadoop-common-3.3.6.jar:?]
	at org.apache.hadoop.ipc.Server$RpcCall.run(Server.java:1017) [hadoop-common-3.3.6.jar:?]
	at java.security.AccessController.doPrivileged(Native Method) ~[?:1.8.0_382]
	at javax.security.auth.Subject.doAs(Subject.java:422) [?:1.8.0_382]
	at org.apache.hadoop.security.UserGroupInformation.doAs(UserGroupInformation.java:1899) [hadoop-common-3.3.6.jar:?]
	at org.apache.hadoop.ipc.Server$Handler.run(Server.java:3048) [hadoop-common-3.3.6.jar:?]
17:31:24.385 [IPC Server handler 4 on default port 15057] ERROR OMAudit - user=runner | ip=127.0.0.1 | op=GET_FILE_STATUS {volume=volume39856, bucket=bucket94778, key=level0/level1, dataSize=0, replicationConfig=null} | ret=FAILURE
org.apache.hadoop.ozone.om.exceptions.OMException: Unable to get file status: volume: volume39856 bucket: bucket94778 key: level0/level1
	at org.apache.hadoop.ozone.om.KeyManagerImpl.getOzoneFileStatus(KeyManagerImpl.java:1227) ~[ozone-manager-1.4.0-SNAPSHOT.jar:?]
	at org.apache.hadoop.ozone.om.KeyManagerImpl.getFileStatus(KeyManagerImpl.java:1145) ~[ozone-manager-1.4.0-SNAPSHOT.jar:?]
	at org.apache.hadoop.ozone.om.OmMetadataReader.getFileStatus(OmMetadataReader.java:266) ~[ozone-manager-1.4.0-SNAPSHOT.jar:?]
	at org.apache.hadoop.ozone.om.OzoneManager.getFileStatus(OzoneManager.java:3585) ~[ozone-manager-1.4.0-SNAPSHOT.jar:?]
	at org.apache.hadoop.ozone.protocolPB.OzoneManagerRequestHandler.getOzoneFileStatus(OzoneManagerRequestHandler.java:998) ~[ozone-manager-1.4.0-SNAPSHOT.jar:?]
	at org.apache.hadoop.ozone.protocolPB.OzoneManagerRequestHandler.handleReadRequest(OzoneManagerRequestHandler.java:259) ~[ozone-manager-1.4.0-SNAPSHOT.jar:?]
	at org.apache.hadoop.ozone.protocolPB.OzoneManagerProtocolServerSideTranslatorPB.submitRequestDirectlyToOM(OzoneManagerProtocolServerSideTranslatorPB.java:274) ~[ozone-manager-1.4.0-SNAPSHOT.jar:?]
	at org.apache.hadoop.ozone.protocolPB.OzoneManagerProtocolServerSideTranslatorPB.processRequest(OzoneManagerProtocolServerSideTranslatorPB.java:175) ~[ozone-manager-1.4.0-SNAPSHOT.jar:?]
	at org.apache.hadoop.hdds.server.OzoneProtocolMessageDispatcher.processRequest(OzoneProtocolMessageDispatcher.java:87) [hdds-server-framework-1.4.0-SNAPSHOT.jar:?]
	at org.apache.hadoop.ozone.protocolPB.OzoneManagerProtocolServerSideTranslatorPB.submitRequest(OzoneManagerProtocolServerSideTranslatorPB.java:148) [ozone-manager-1.4.0-SNAPSHOT.jar:?]
	at org.apache.hadoop.ozone.protocol.proto.OzoneManagerProtocolProtos$OzoneManagerService$2.callBlockingMethod(OzoneManagerProtocolProtos.java) [ozone-interface-client-1.4.0-SNAPSHOT.jar:?]
	at org.apache.hadoop.ipc.ProtobufRpcEngine$Server.processCall(ProtobufRpcEngine.java:484) [hadoop-common-3.3.6.jar:?]
	at org.apache.hadoop.ipc.ProtobufRpcEngine2$Server$ProtoBufRpcInvoker.call(ProtobufRpcEngine2.java:595) [hadoop-common-3.3.6.jar:?]
	at org.apache.hadoop.ipc.ProtobufRpcEngine2$Server$ProtoBufRpcInvoker.call(ProtobufRpcEngine2.java:573) [hadoop-common-3.3.6.jar:?]
	at org.apache.hadoop.ipc.RPC$Server.call(RPC.java:1227) [hadoop-common-3.3.6.jar:?]
	at org.apache.hadoop.ipc.Server$RpcCall.run(Server.java:1094) [hadoop-common-3.3.6.jar:?]
	at org.apache.hadoop.ipc.Server$RpcCall.run(Server.java:1017) [hadoop-common-3.3.6.jar:?]
	at java.security.AccessController.doPrivileged(Native Method) ~[?:1.8.0_382]
	at javax.security.auth.Subject.doAs(Subject.java:422) [?:1.8.0_382]
	at org.apache.hadoop.security.UserGroupInformation.doAs(UserGroupInformation.java:1899) [hadoop-common-3.3.6.jar:?]
	at org.apache.hadoop.ipc.Server$Handler.run(Server.java:3048) [hadoop-common-3.3.6.jar:?]
17:31:24.386 [IPC Server handler 2 on default port 15057] ERROR OMAudit - user=runner | ip=127.0.0.1 | op=GET_FILE_STATUS {volume=volume39856, bucket=bucket94778, key=level0/level1/level1, dataSize=0, replicationConfig=null} | ret=FAILURE
org.apache.hadoop.ozone.om.exceptions.OMException: Unable to get file status: volume: volume39856 bucket: bucket94778 key: level0/level1/level1
	at org.apache.hadoop.ozone.om.KeyManagerImpl.getOzoneFileStatus(KeyManagerImpl.java:1227) ~[ozone-manager-1.4.0-SNAPSHOT.jar:?]
	at org.apache.hadoop.ozone.om.KeyManagerImpl.getFileStatus(KeyManagerImpl.java:1145) ~[ozone-manager-1.4.0-SNAPSHOT.jar:?]
	at org.apache.hadoop.ozone.om.OmMetadataReader.getFileStatus(OmMetadataReader.java:266) ~[ozone-manager-1.4.0-SNAPSHOT.jar:?]
	at org.apache.hadoop.ozone.om.OzoneManager.getFileStatus(OzoneManager.java:3585) ~[ozone-manager-1.4.0-SNAPSHOT.jar:?]
	at org.apache.hadoop.ozone.protocolPB.OzoneManagerRequestHandler.getOzoneFileStatus(OzoneManagerRequestHandler.java:998) ~[ozone-manager-1.4.0-SNAPSHOT.jar:?]
	at org.apache.hadoop.ozone.protocolPB.OzoneManagerRequestHandler.handleReadRequest(OzoneManagerRequestHandler.java:259) ~[ozone-manager-1.4.0-SNAPSHOT.jar:?]
	at org.apache.hadoop.ozone.protocolPB.OzoneManagerProtocolServerSideTranslatorPB.submitRequestDirectlyToOM(OzoneManagerProtocolServerSideTranslatorPB.java:274) ~[ozone-manager-1.4.0-SNAPSHOT.jar:?]
	at org.apache.hadoop.ozone.protocolPB.OzoneManagerProtocolServerSideTranslatorPB.processRequest(OzoneManagerProtocolServerSideTranslatorPB.java:175) ~[ozone-manager-1.4.0-SNAPSHOT.jar:?]
	at org.apache.hadoop.hdds.server.OzoneProtocolMessageDispatcher.processRequest(OzoneProtocolMessageDispatcher.java:87) [hdds-server-framework-1.4.0-SNAPSHOT.jar:?]
	at org.apache.hadoop.ozone.protocolPB.OzoneManagerProtocolServerSideTranslatorPB.submitRequest(OzoneManagerProtocolServerSideTranslatorPB.java:148) [ozone-manager-1.4.0-SNAPSHOT.jar:?]
	at org.apache.hadoop.ozone.protocol.proto.OzoneManagerProtocolProtos$OzoneManagerService$2.callBlockingMethod(OzoneManagerProtocolProtos.java) [ozone-interface-client-1.4.0-SNAPSHOT.jar:?]
	at org.apache.hadoop.ipc.ProtobufRpcEngine$Server.processCall(ProtobufRpcEngine.java:484) [hadoop-common-3.3.6.jar:?]
	at org.apache.hadoop.ipc.ProtobufRpcEngine2$Server$ProtoBufRpcInvoker.call(ProtobufRpcEngine2.java:595) [hadoop-common-3.3.6.jar:?]
	at org.apache.hadoop.ipc.ProtobufRpcEngine2$Server$ProtoBufRpcInvoker.call(ProtobufRpcEngine2.java:573) [hadoop-common-3.3.6.jar:?]
	at org.apache.hadoop.ipc.RPC$Server.call(RPC.java:1227) [hadoop-common-3.3.6.jar:?]
	at org.apache.hadoop.ipc.Server$RpcCall.run(Server.java:1094) [hadoop-common-3.3.6.jar:?]
	at org.apache.hadoop.ipc.Server$RpcCall.run(Server.java:1017) [hadoop-common-3.3.6.jar:?]
	at java.security.AccessController.doPrivileged(Native Method) ~[?:1.8.0_382]
	at javax.security.auth.Subject.doAs(Subject.java:422) [?:1.8.0_382]
	at org.apache.hadoop.security.UserGroupInformation.doAs(UserGroupInformation.java:1899) [hadoop-common-3.3.6.jar:?]
	at org.apache.hadoop.ipc.Server$Handler.run(Server.java:3048) [hadoop-common-3.3.6.jar:?]
17:31:24.387 [IPC Server handler 8 on default port 15057] ERROR OMAudit - user=runner | ip=127.0.0.1 | op=GET_FILE_STATUS {volume=volume39856, bucket=bucket94778, key=level0/level1/file1, dataSize=0, replicationConfig=null} | ret=FAILURE
org.apache.hadoop.ozone.om.exceptions.OMException: Unable to get file status: volume: volume39856 bucket: bucket94778 key: level0/level1/file1
	at org.apache.hadoop.ozone.om.KeyManagerImpl.getOzoneFileStatus(KeyManagerImpl.java:1227) ~[ozone-manager-1.4.0-SNAPSHOT.jar:?]
	at org.apache.hadoop.ozone.om.KeyManagerImpl.getFileStatus(KeyManagerImpl.java:1145) ~[ozone-manager-1.4.0-SNAPSHOT.jar:?]
	at org.apache.hadoop.ozone.om.OmMetadataReader.getFileStatus(OmMetadataReader.java:266) ~[ozone-manager-1.4.0-SNAPSHOT.jar:?]
	at org.apache.hadoop.ozone.om.OzoneManager.getFileStatus(OzoneManager.java:3585) ~[ozone-manager-1.4.0-SNAPSHOT.jar:?]
	at org.apache.hadoop.ozone.protocolPB.OzoneManagerRequestHandler.getOzoneFileStatus(OzoneManagerRequestHandler.java:998) ~[ozone-manager-1.4.0-SNAPSHOT.jar:?]
	at org.apache.hadoop.ozone.protocolPB.OzoneManagerRequestHandler.handleReadRequest(OzoneManagerRequestHandler.java:259) ~[ozone-manager-1.4.0-SNAPSHOT.jar:?]
	at org.apache.hadoop.ozone.protocolPB.OzoneManagerProtocolServerSideTranslatorPB.submitRequestDirectlyToOM(OzoneManagerProtocolServerSideTranslatorPB.java:274) ~[ozone-manager-1.4.0-SNAPSHOT.jar:?]
	at org.apache.hadoop.ozone.protocolPB.OzoneManagerProtocolServerSideTranslatorPB.processRequest(OzoneManagerProtocolServerSideTranslatorPB.java:175) ~[ozone-manager-1.4.0-SNAPSHOT.jar:?]
	at org.apache.hadoop.hdds.server.OzoneProtocolMessageDispatcher.processRequest(OzoneProtocolMessageDispatcher.java:87) [hdds-server-framework-1.4.0-SNAPSHOT.jar:?]
	at org.apache.hadoop.ozone.protocolPB.OzoneManagerProtocolServerSideTranslatorPB.submitRequest(OzoneManagerProtocolServerSideTranslatorPB.java:148) [ozone-manager-1.4.0-SNAPSHOT.jar:?]
	at org.apache.hadoop.ozone.protocol.proto.OzoneManagerProtocolProtos$OzoneManagerService$2.callBlockingMethod(OzoneManagerProtocolProtos.java) [ozone-interface-client-1.4.0-SNAPSHOT.jar:?]
	at org.apache.hadoop.ipc.ProtobufRpcEngine$Server.processCall(ProtobufRpcEngine.java:484) [hadoop-common-3.3.6.jar:?]
	at org.apache.hadoop.ipc.ProtobufRpcEngine2$Server$ProtoBufRpcInvoker.call(ProtobufRpcEngine2.java:595) [hadoop-common-3.3.6.jar:?]
	at org.apache.hadoop.ipc.ProtobufRpcEngine2$Server$ProtoBufRpcInvoker.call(ProtobufRpcEngine2.java:573) [hadoop-common-3.3.6.jar:?]
	at org.apache.hadoop.ipc.RPC$Server.call(RPC.java:1227) [hadoop-common-3.3.6.jar:?]
	at org.apache.hadoop.ipc.Server$RpcCall.run(Server.java:1094) [hadoop-common-3.3.6.jar:?]
	at org.apache.hadoop.ipc.Server$RpcCall.run(Server.java:1017) [hadoop-common-3.3.6.jar:?]
	at java.security.AccessController.doPrivileged(Native Method) ~[?:1.8.0_382]
	at javax.security.auth.Subject.doAs(Subject.java:422) [?:1.8.0_382]
	at org.apache.hadoop.security.UserGroupInformation.doAs(UserGroupInformation.java:1899) [hadoop-common-3.3.6.jar:?]
	at org.apache.hadoop.ipc.Server$Handler.run(Server.java:3048) [hadoop-common-3.3.6.jar:?]
17:31:24.388 [IPC Server handler 10 on default port 15057] ERROR OMAudit - user=runner | ip=127.0.0.1 | op=GET_FILE_STATUS {volume=volume39856, bucket=bucket94778, key=level0/level1/level1/file1, dataSize=0, replicationConfig=null} | ret=FAILURE
org.apache.hadoop.ozone.om.exceptions.OMException: Unable to get file status: volume: volume39856 bucket: bucket94778 key: level0/level1/level1/file1
	at org.apache.hadoop.ozone.om.KeyManagerImpl.getOzoneFileStatus(KeyManagerImpl.java:1227) ~[ozone-manager-1.4.0-SNAPSHOT.jar:?]
	at org.apache.hadoop.ozone.om.KeyManagerImpl.getFileStatus(KeyManagerImpl.java:1145) ~[ozone-manager-1.4.0-SNAPSHOT.jar:?]
	at org.apache.hadoop.ozone.om.OmMetadataReader.getFileStatus(OmMetadataReader.java:266) ~[ozone-manager-1.4.0-SNAPSHOT.jar:?]
	at org.apache.hadoop.ozone.om.OzoneManager.getFileStatus(OzoneManager.java:3585) ~[ozone-manager-1.4.0-SNAPSHOT.jar:?]
	at org.apache.hadoop.ozone.protocolPB.OzoneManagerRequestHandler.getOzoneFileStatus(OzoneManagerRequestHandler.java:998) ~[ozone-manager-1.4.0-SNAPSHOT.jar:?]
	at org.apache.hadoop.ozone.protocolPB.OzoneManagerRequestHandler.handleReadRequest(OzoneManagerRequestHandler.java:259) ~[ozone-manager-1.4.0-SNAPSHOT.jar:?]
	at org.apache.hadoop.ozone.protocolPB.OzoneManagerProtocolServerSideTranslatorPB.submitRequestDirectlyToOM(OzoneManagerProtocolServerSideTranslatorPB.java:274) ~[ozone-manager-1.4.0-SNAPSHOT.jar:?]
	at org.apache.hadoop.ozone.protocolPB.OzoneManagerProtocolServerSideTranslatorPB.processRequest(OzoneManagerProtocolServerSideTranslatorPB.java:175) ~[ozone-manager-1.4.0-SNAPSHOT.jar:?]
	at org.apache.hadoop.hdds.server.OzoneProtocolMessageDispatcher.processRequest(OzoneProtocolMessageDispatcher.java:87) [hdds-server-framework-1.4.0-SNAPSHOT.jar:?]
	at org.apache.hadoop.ozone.protocolPB.OzoneManagerProtocolServerSideTranslatorPB.submitRequest(OzoneManagerProtocolServerSideTranslatorPB.java:148) [ozone-manager-1.4.0-SNAPSHOT.jar:?]
	at org.apache.hadoop.ozone.protocol.proto.OzoneManagerProtocolProtos$OzoneManagerService$2.callBlockingMethod(OzoneManagerProtocolProtos.java) [ozone-interface-client-1.4.0-SNAPSHOT.jar:?]
	at org.apache.hadoop.ipc.ProtobufRpcEngine$Server.processCall(ProtobufRpcEngine.java:484) [hadoop-common-3.3.6.jar:?]
	at org.apache.hadoop.ipc.ProtobufRpcEngine2$Server$ProtoBufRpcInvoker.call(ProtobufRpcEngine2.java:595) [hadoop-common-3.3.6.jar:?]
	at org.apache.hadoop.ipc.ProtobufRpcEngine2$Server$ProtoBufRpcInvoker.call(ProtobufRpcEngine2.java:573) [hadoop-common-3.3.6.jar:?]
	at org.apache.hadoop.ipc.RPC$Server.call(RPC.java:1227) [hadoop-common-3.3.6.jar:?]
	at org.apache.hadoop.ipc.Server$RpcCall.run(Server.java:1094) [hadoop-common-3.3.6.jar:?]
	at org.apache.hadoop.ipc.Server$RpcCall.run(Server.java:1017) [hadoop-common-3.3.6.jar:?]
	at java.security.AccessController.doPrivileged(Native Method) ~[?:1.8.0_382]
	at javax.security.auth.Subject.doAs(Subject.java:422) [?:1.8.0_382]
	at org.apache.hadoop.security.UserGroupInformation.doAs(UserGroupInformation.java:1899) [hadoop-common-3.3.6.jar:?]
	at org.apache.hadoop.ipc.Server$Handler.run(Server.java:3048) [hadoop-common-3.3.6.jar:?]
17:31:24.389 [IPC Server handler 11 on default port 15057] ERROR OMAudit - user=runner | ip=127.0.0.1 | op=GET_FILE_STATUS {volume=volume39856, bucket=bucket94778, key=level0/level2, dataSize=0, replicationConfig=null} | ret=FAILURE
org.apache.hadoop.ozone.om.exceptions.OMException: Unable to get file status: volume: volume39856 bucket: bucket94778 key: level0/level2
	at org.apache.hadoop.ozone.om.KeyManagerImpl.getOzoneFileStatus(KeyManagerImpl.java:1227) ~[ozone-manager-1.4.0-SNAPSHOT.jar:?]
	at org.apache.hadoop.ozone.om.KeyManagerImpl.getFileStatus(KeyManagerImpl.java:1145) ~[ozone-manager-1.4.0-SNAPSHOT.jar:?]
	at org.apache.hadoop.ozone.om.OmMetadataReader.getFileStatus(OmMetadataReader.java:266) ~[ozone-manager-1.4.0-SNAPSHOT.jar:?]
	at org.apache.hadoop.ozone.om.OzoneManager.getFileStatus(OzoneManager.java:3585) ~[ozone-manager-1.4.0-SNAPSHOT.jar:?]
	at org.apache.hadoop.ozone.protocolPB.OzoneManagerRequestHandler.getOzoneFileStatus(OzoneManagerRequestHandler.java:998) ~[ozone-manager-1.4.0-SNAPSHOT.jar:?]
	at org.apache.hadoop.ozone.protocolPB.OzoneManagerRequestHandler.handleReadRequest(OzoneManagerRequestHandler.java:259) ~[ozone-manager-1.4.0-SNAPSHOT.jar:?]
	at org.apache.hadoop.ozone.protocolPB.OzoneManagerProtocolServerSideTranslatorPB.submitRequestDirectlyToOM(OzoneManagerProtocolServerSideTranslatorPB.java:274) ~[ozone-manager-1.4.0-SNAPSHOT.jar:?]
	at org.apache.hadoop.ozone.protocolPB.OzoneManagerProtocolServerSideTranslatorPB.processRequest(OzoneManagerProtocolServerSideTranslatorPB.java:175) ~[ozone-manager-1.4.0-SNAPSHOT.jar:?]
	at org.apache.hadoop.hdds.server.OzoneProtocolMessageDispatcher.processRequest(OzoneProtocolMessageDispatcher.java:87) [hdds-server-framework-1.4.0-SNAPSHOT.jar:?]
	at org.apache.hadoop.ozone.protocolPB.OzoneManagerProtocolServerSideTranslatorPB.submitRequest(OzoneManagerProtocolServerSideTranslatorPB.java:148) [ozone-manager-1.4.0-SNAPSHOT.jar:?]
	at org.apache.hadoop.ozone.protocol.proto.OzoneManagerProtocolProtos$OzoneManagerService$2.callBlockingMethod(OzoneManagerProtocolProtos.java) [ozone-interface-client-1.4.0-SNAPSHOT.jar:?]
	at org.apache.hadoop.ipc.ProtobufRpcEngine$Server.processCall(ProtobufRpcEngine.java:484) [hadoop-common-3.3.6.jar:?]
	at org.apache.hadoop.ipc.ProtobufRpcEngine2$Server$ProtoBufRpcInvoker.call(ProtobufRpcEngine2.java:595) [hadoop-common-3.3.6.jar:?]
	at org.apache.hadoop.ipc.ProtobufRpcEngine2$Server$ProtoBufRpcInvoker.call(ProtobufRpcEngine2.java:573) [hadoop-common-3.3.6.jar:?]
	at org.apache.hadoop.ipc.RPC$Server.call(RPC.java:1227) [hadoop-common-3.3.6.jar:?]
	at org.apache.hadoop.ipc.Server$RpcCall.run(Server.java:1094) [hadoop-common-3.3.6.jar:?]
	at org.apache.hadoop.ipc.Server$RpcCall.run(Server.java:1017) [hadoop-common-3.3.6.jar:?]
	at java.security.AccessController.doPrivileged(Native Method) ~[?:1.8.0_382]
	at javax.security.auth.Subject.doAs(Subject.java:422) [?:1.8.0_382]
	at org.apache.hadoop.security.UserGroupInformation.doAs(UserGroupInformation.java:1899) [hadoop-common-3.3.6.jar:?]
	at org.apache.hadoop.ipc.Server$Handler.run(Server.java:3048) [hadoop-common-3.3.6.jar:?]
17:31:24.390 [IPC Server handler 12 on default port 15057] ERROR OMAudit - user=runner | ip=127.0.0.1 | op=GET_FILE_STATUS {volume=volume39856, bucket=bucket94778, key=level0/level2/level2, dataSize=0, replicationConfig=null} | ret=FAILURE
org.apache.hadoop.ozone.om.exceptions.OMException: Unable to get file status: volume: volume39856 bucket: bucket94778 key: level0/level2/level2
	at org.apache.hadoop.ozone.om.KeyManagerImpl.getOzoneFileStatus(KeyManagerImpl.java:1227) ~[ozone-manager-1.4.0-SNAPSHOT.jar:?]
	at org.apache.hadoop.ozone.om.KeyManagerImpl.getFileStatus(KeyManagerImpl.java:1145) ~[ozone-manager-1.4.0-SNAPSHOT.jar:?]
	at org.apache.hadoop.ozone.om.OmMetadataReader.getFileStatus(OmMetadataReader.java:266) ~[ozone-manager-1.4.0-SNAPSHOT.jar:?]
	at org.apache.hadoop.ozone.om.OzoneManager.getFileStatus(OzoneManager.java:3585) ~[ozone-manager-1.4.0-SNAPSHOT.jar:?]
	at org.apache.hadoop.ozone.protocolPB.OzoneManagerRequestHandler.getOzoneFileStatus(OzoneManagerRequestHandler.java:998) ~[ozone-manager-1.4.0-SNAPSHOT.jar:?]
	at org.apache.hadoop.ozone.protocolPB.OzoneManagerRequestHandler.handleReadRequest(OzoneManagerRequestHandler.java:259) ~[ozone-manager-1.4.0-SNAPSHOT.jar:?]
	at org.apache.hadoop.ozone.protocolPB.OzoneManagerProtocolServerSideTranslatorPB.submitRequestDirectlyToOM(OzoneManagerProtocolServerSideTranslatorPB.java:274) ~[ozone-manager-1.4.0-SNAPSHOT.jar:?]
	at org.apache.hadoop.ozone.protocolPB.OzoneManagerProtocolServerSideTranslatorPB.processRequest(OzoneManagerProtocolServerSideTranslatorPB.java:175) ~[ozone-manager-1.4.0-SNAPSHOT.jar:?]
	at org.apache.hadoop.hdds.server.OzoneProtocolMessageDispatcher.processRequest(OzoneProtocolMessageDispatcher.java:87) [hdds-server-framework-1.4.0-SNAPSHOT.jar:?]
	at org.apache.hadoop.ozone.protocolPB.OzoneManagerProtocolServerSideTranslatorPB.submitRequest(OzoneManagerProtocolServerSideTranslatorPB.java:148) [ozone-manager-1.4.0-SNAPSHOT.jar:?]
	at org.apache.hadoop.ozone.protocol.proto.OzoneManagerProtocolProtos$OzoneManagerService$2.callBlockingMethod(OzoneManagerProtocolProtos.java) [ozone-interface-client-1.4.0-SNAPSHOT.jar:?]
	at org.apache.hadoop.ipc.ProtobufRpcEngine$Server.processCall(ProtobufRpcEngine.java:484) [hadoop-common-3.3.6.jar:?]
	at org.apache.hadoop.ipc.ProtobufRpcEngine2$Server$ProtoBufRpcInvoker.call(ProtobufRpcEngine2.java:595) [hadoop-common-3.3.6.jar:?]
	at org.apache.hadoop.ipc.ProtobufRpcEngine2$Server$ProtoBufRpcInvoker.call(ProtobufRpcEngine2.java:573) [hadoop-common-3.3.6.jar:?]
	at org.apache.hadoop.ipc.RPC$Server.call(RPC.java:1227) [hadoop-common-3.3.6.jar:?]
	at org.apache.hadoop.ipc.Server$RpcCall.run(Server.java:1094) [hadoop-common-3.3.6.jar:?]
	at org.apache.hadoop.ipc.Server$RpcCall.run(Server.java:1017) [hadoop-common-3.3.6.jar:?]
	at java.security.AccessController.doPrivileged(Native Method) ~[?:1.8.0_382]
	at javax.security.auth.Subject.doAs(Subject.java:422) [?:1.8.0_382]
	at org.apache.hadoop.security.UserGroupInformation.doAs(UserGroupInformation.java:1899) [hadoop-common-3.3.6.jar:?]
	at org.apache.hadoop.ipc.Server$Handler.run(Server.java:3048) [hadoop-common-3.3.6.jar:?]
17:31:24.391 [IPC Server handler 14 on default port 15057] ERROR OMAudit - user=runner | ip=127.0.0.1 | op=GET_FILE_STATUS {volume=volume39856, bucket=bucket94778, key=level0/level2/file1, dataSize=0, replicationConfig=null} | ret=FAILURE
org.apache.hadoop.ozone.om.exceptions.OMException: Unable to get file status: volume: volume39856 bucket: bucket94778 key: level0/level2/file1
	at org.apache.hadoop.ozone.om.KeyManagerImpl.getOzoneFileStatus(KeyManagerImpl.java:1227) ~[ozone-manager-1.4.0-SNAPSHOT.jar:?]
	at org.apache.hadoop.ozone.om.KeyManagerImpl.getFileStatus(KeyManagerImpl.java:1145) ~[ozone-manager-1.4.0-SNAPSHOT.jar:?]
	at org.apache.hadoop.ozone.om.OmMetadataReader.getFileStatus(OmMetadataReader.java:266) ~[ozone-manager-1.4.0-SNAPSHOT.jar:?]
	at org.apache.hadoop.ozone.om.OzoneManager.getFileStatus(OzoneManager.java:3585) ~[ozone-manager-1.4.0-SNAPSHOT.jar:?]
	at org.apache.hadoop.ozone.protocolPB.OzoneManagerRequestHandler.getOzoneFileStatus(OzoneManagerRequestHandler.java:998) ~[ozone-manager-1.4.0-SNAPSHOT.jar:?]
	at org.apache.hadoop.ozone.protocolPB.OzoneManagerRequestHandler.handleReadRequest(OzoneManagerRequestHandler.java:259) ~[ozone-manager-1.4.0-SNAPSHOT.jar:?]
	at org.apache.hadoop.ozone.protocolPB.OzoneManagerProtocolServerSideTranslatorPB.submitRequestDirectlyToOM(OzoneManagerProtocolServerSideTranslatorPB.java:274) ~[ozone-manager-1.4.0-SNAPSHOT.jar:?]
	at org.apache.hadoop.ozone.protocolPB.OzoneManagerProtocolServerSideTranslatorPB.processRequest(OzoneManagerProtocolServerSideTranslatorPB.java:175) ~[ozone-manager-1.4.0-SNAPSHOT.jar:?]
	at org.apache.hadoop.hdds.server.OzoneProtocolMessageDispatcher.processRequest(OzoneProtocolMessageDispatcher.java:87) [hdds-server-framework-1.4.0-SNAPSHOT.jar:?]
	at org.apache.hadoop.ozone.protocolPB.OzoneManagerProtocolServerSideTranslatorPB.submitRequest(OzoneManagerProtocolServerSideTranslatorPB.java:148) [ozone-manager-1.4.0-SNAPSHOT.jar:?]
	at org.apache.hadoop.ozone.protocol.proto.OzoneManagerProtocolProtos$OzoneManagerService$2.callBlockingMethod(OzoneManagerProtocolProtos.java) [ozone-interface-client-1.4.0-SNAPSHOT.jar:?]
	at org.apache.hadoop.ipc.ProtobufRpcEngine$Server.processCall(ProtobufRpcEngine.java:484) [hadoop-common-3.3.6.jar:?]
	at org.apache.hadoop.ipc.ProtobufRpcEngine2$Server$ProtoBufRpcInvoker.call(ProtobufRpcEngine2.java:595) [hadoop-common-3.3.6.jar:?]
	at org.apache.hadoop.ipc.ProtobufRpcEngine2$Server$ProtoBufRpcInvoker.call(ProtobufRpcEngine2.java:573) [hadoop-common-3.3.6.jar:?]
	at org.apache.hadoop.ipc.RPC$Server.call(RPC.java:1227) [hadoop-common-3.3.6.jar:?]
	at org.apache.hadoop.ipc.Server$RpcCall.run(Server.java:1094) [hadoop-common-3.3.6.jar:?]
	at org.apache.hadoop.ipc.Server$RpcCall.run(Server.java:1017) [hadoop-common-3.3.6.jar:?]
	at java.security.AccessController.doPrivileged(Native Method) ~[?:1.8.0_382]
	at javax.security.auth.Subject.doAs(Subject.java:422) [?:1.8.0_382]
	at org.apache.hadoop.security.UserGroupInformation.doAs(UserGroupInformation.java:1899) [hadoop-common-3.3.6.jar:?]
	at org.apache.hadoop.ipc.Server$Handler.run(Server.java:3048) [hadoop-common-3.3.6.jar:?]
17:31:24.392 [IPC Server handler 16 on default port 15057] ERROR OMAudit - user=runner | ip=127.0.0.1 | op=GET_FILE_STATUS {volume=volume39856, bucket=bucket94778, key=level0/level2/level2/file1, dataSize=0, replicationConfig=null} | ret=FAILURE
org.apache.hadoop.ozone.om.exceptions.OMException: Unable to get file status: volume: volume39856 bucket: bucket94778 key: level0/level2/level2/file1
	at org.apache.hadoop.ozone.om.KeyManagerImpl.getOzoneFileStatus(KeyManagerImpl.java:1227) ~[ozone-manager-1.4.0-SNAPSHOT.jar:?]
	at org.apache.hadoop.ozone.om.KeyManagerImpl.getFileStatus(KeyManagerImpl.java:1145) ~[ozone-manager-1.4.0-SNAPSHOT.jar:?]
	at org.apache.hadoop.ozone.om.OmMetadataReader.getFileStatus(OmMetadataReader.java:266) ~[ozone-manager-1.4.0-SNAPSHOT.jar:?]
	at org.apache.hadoop.ozone.om.OzoneManager.getFileStatus(OzoneManager.java:3585) ~[ozone-manager-1.4.0-SNAPSHOT.jar:?]
	at org.apache.hadoop.ozone.protocolPB.OzoneManagerRequestHandler.getOzoneFileStatus(OzoneManagerRequestHandler.java:998) ~[ozone-manager-1.4.0-SNAPSHOT.jar:?]
	at org.apache.hadoop.ozone.protocolPB.OzoneManagerRequestHandler.handleReadRequest(OzoneManagerRequestHandler.java:259) ~[ozone-manager-1.4.0-SNAPSHOT.jar:?]
	at org.apache.hadoop.ozone.protocolPB.OzoneManagerProtocolServerSideTranslatorPB.submitRequestDirectlyToOM(OzoneManagerProtocolServerSideTranslatorPB.java:274) ~[ozone-manager-1.4.0-SNAPSHOT.jar:?]
	at org.apache.hadoop.ozone.protocolPB.OzoneManagerProtocolServerSideTranslatorPB.processRequest(OzoneManagerProtocolServerSideTranslatorPB.java:175) ~[ozone-manager-1.4.0-SNAPSHOT.jar:?]
	at org.apache.hadoop.hdds.server.OzoneProtocolMessageDispatcher.processRequest(OzoneProtocolMessageDispatcher.java:87) [hdds-server-framework-1.4.0-SNAPSHOT.jar:?]
	at org.apache.hadoop.ozone.protocolPB.OzoneManagerProtocolServerSideTranslatorPB.submitRequest(OzoneManagerProtocolServerSideTranslatorPB.java:148) [ozone-manager-1.4.0-SNAPSHOT.jar:?]
	at org.apache.hadoop.ozone.protocol.proto.OzoneManagerProtocolProtos$OzoneManagerService$2.callBlockingMethod(OzoneManagerProtocolProtos.java) [ozone-interface-client-1.4.0-SNAPSHOT.jar:?]
	at org.apache.hadoop.ipc.ProtobufRpcEngine$Server.processCall(ProtobufRpcEngine.java:484) [hadoop-common-3.3.6.jar:?]
	at org.apache.hadoop.ipc.ProtobufRpcEngine2$Server$ProtoBufRpcInvoker.call(ProtobufRpcEngine2.java:595) [hadoop-common-3.3.6.jar:?]
	at org.apache.hadoop.ipc.ProtobufRpcEngine2$Server$ProtoBufRpcInvoker.call(ProtobufRpcEngine2.java:573) [hadoop-common-3.3.6.jar:?]
	at org.apache.hadoop.ipc.RPC$Server.call(RPC.java:1227) [hadoop-common-3.3.6.jar:?]
	at org.apache.hadoop.ipc.Server$RpcCall.run(Server.java:1094) [hadoop-common-3.3.6.jar:?]
	at org.apache.hadoop.ipc.Server$RpcCall.run(Server.java:1017) [hadoop-common-3.3.6.jar:?]
	at java.security.AccessController.doPrivileged(Native Method) ~[?:1.8.0_382]
	at javax.security.auth.Subject.doAs(Subject.java:422) [?:1.8.0_382]
	at org.apache.hadoop.security.UserGroupInformation.doAs(UserGroupInformation.java:1899) [hadoop-common-3.3.6.jar:?]
	at org.apache.hadoop.ipc.Server$Handler.run(Server.java:3048) [hadoop-common-3.3.6.jar:?]
17:31:24.393 [IPC Server handler 18 on default port 15057] ERROR OMAudit - user=runner | ip=127.0.0.1 | op=GET_FILE_STATUS {volume=volume39856, bucket=bucket94778, key=level0/level3, dataSize=0, replicationConfig=null} | ret=FAILURE
org.apache.hadoop.ozone.om.exceptions.OMException: Unable to get file status: volume: volume39856 bucket: bucket94778 key: level0/level3
	at org.apache.hadoop.ozone.om.KeyManagerImpl.getOzoneFileStatus(KeyManagerImpl.java:1227) ~[ozone-manager-1.4.0-SNAPSHOT.jar:?]
	at org.apache.hadoop.ozone.om.KeyManagerImpl.getFileStatus(KeyManagerImpl.java:1145) ~[ozone-manager-1.4.0-SNAPSHOT.jar:?]
	at org.apache.hadoop.ozone.om.OmMetadataReader.getFileStatus(OmMetadataReader.java:266) ~[ozone-manager-1.4.0-SNAPSHOT.jar:?]
	at org.apache.hadoop.ozone.om.OzoneManager.getFileStatus(OzoneManager.java:3585) ~[ozone-manager-1.4.0-SNAPSHOT.jar:?]
	at org.apache.hadoop.ozone.protocolPB.OzoneManagerRequestHandler.getOzoneFileStatus(OzoneManagerRequestHandler.java:998) ~[ozone-manager-1.4.0-SNAPSHOT.jar:?]
	at org.apache.hadoop.ozone.protocolPB.OzoneManagerRequestHandler.handleReadRequest(OzoneManagerRequestHandler.java:259) ~[ozone-manager-1.4.0-SNAPSHOT.jar:?]
	at org.apache.hadoop.ozone.protocolPB.OzoneManagerProtocolServerSideTranslatorPB.submitRequestDirectlyToOM(OzoneManagerProtocolServerSideTranslatorPB.java:274) ~[ozone-manager-1.4.0-SNAPSHOT.jar:?]
	at org.apache.hadoop.ozone.protocolPB.OzoneManagerProtocolServerSideTranslatorPB.processRequest(OzoneManagerProtocolServerSideTranslatorPB.java:175) ~[ozone-manager-1.4.0-SNAPSHOT.jar:?]
	at org.apache.hadoop.hdds.server.OzoneProtocolMessageDispatcher.processRequest(OzoneProtocolMessageDispatcher.java:87) [hdds-server-framework-1.4.0-SNAPSHOT.jar:?]
	at org.apache.hadoop.ozone.protocolPB.OzoneManagerProtocolServerSideTranslatorPB.submitRequest(OzoneManagerProtocolServerSideTranslatorPB.java:148) [ozone-manager-1.4.0-SNAPSHOT.jar:?]
	at org.apache.hadoop.ozone.protocol.proto.OzoneManagerProtocolProtos$OzoneManagerService$2.callBlockingMethod(OzoneManagerProtocolProtos.java) [ozone-interface-client-1.4.0-SNAPSHOT.jar:?]
	at org.apache.hadoop.ipc.ProtobufRpcEngine$Server.processCall(ProtobufRpcEngine.java:484) [hadoop-common-3.3.6.jar:?]
	at org.apache.hadoop.ipc.ProtobufRpcEngine2$Server$ProtoBufRpcInvoker.call(ProtobufRpcEngine2.java:595) [hadoop-common-3.3.6.jar:?]
	at org.apache.hadoop.ipc.ProtobufRpcEngine2$Server$ProtoBufRpcInvoker.call(ProtobufRpcEngine2.java:573) [hadoop-common-3.3.6.jar:?]
	at org.apache.hadoop.ipc.RPC$Server.call(RPC.java:1227) [hadoop-common-3.3.6.jar:?]
	at org.apache.hadoop.ipc.Server$RpcCall.run(Server.java:1094) [hadoop-common-3.3.6.jar:?]
	at org.apache.hadoop.ipc.Server$RpcCall.run(Server.java:1017) [hadoop-common-3.3.6.jar:?]
	at java.security.AccessController.doPrivileged(Native Method) ~[?:1.8.0_382]
	at javax.security.auth.Subject.doAs(Subject.java:422) [?:1.8.0_382]
	at org.apache.hadoop.security.UserGroupInformation.doAs(UserGroupInformation.java:1899) [hadoop-common-3.3.6.jar:?]
	at org.apache.hadoop.ipc.Server$Handler.run(Server.java:3048) [hadoop-common-3.3.6.jar:?]
17:31:24.396 [IPC Server handler 17 on default port 15057] ERROR OMAudit - user=runner | ip=127.0.0.1 | op=GET_FILE_STATUS {volume=volume39856, bucket=bucket94778, key=level0/level3/level3, dataSize=0, replicationConfig=null} | ret=FAILURE
org.apache.hadoop.ozone.om.exceptions.OMException: Unable to get file status: volume: volume39856 bucket: bucket94778 key: level0/level3/level3
	at org.apache.hadoop.ozone.om.KeyManagerImpl.getOzoneFileStatus(KeyManagerImpl.java:1227) ~[ozone-manager-1.4.0-SNAPSHOT.jar:?]
	at org.apache.hadoop.ozone.om.KeyManagerImpl.getFileStatus(KeyManagerImpl.java:1145) ~[ozone-manager-1.4.0-SNAPSHOT.jar:?]
	at org.apache.hadoop.ozone.om.OmMetadataReader.getFileStatus(OmMetadataReader.java:266) ~[ozone-manager-1.4.0-SNAPSHOT.jar:?]
	at org.apache.hadoop.ozone.om.OzoneManager.getFileStatus(OzoneManager.java:3585) ~[ozone-manager-1.4.0-SNAPSHOT.jar:?]
	at org.apache.hadoop.ozone.protocolPB.OzoneManagerRequestHandler.getOzoneFileStatus(OzoneManagerRequestHandler.java:998) ~[ozone-manager-1.4.0-SNAPSHOT.jar:?]
	at org.apache.hadoop.ozone.protocolPB.OzoneManagerRequestHandler.handleReadRequest(OzoneManagerRequestHandler.java:259) ~[ozone-manager-1.4.0-SNAPSHOT.jar:?]
	at org.apache.hadoop.ozone.protocolPB.OzoneManagerProtocolServerSideTranslatorPB.submitRequestDirectlyToOM(OzoneManagerProtocolServerSideTranslatorPB.java:274) ~[ozone-manager-1.4.0-SNAPSHOT.jar:?]
	at org.apache.hadoop.ozone.protocolPB.OzoneManagerProtocolServerSideTranslatorPB.processRequest(OzoneManagerProtocolServerSideTranslatorPB.java:175) ~[ozone-manager-1.4.0-SNAPSHOT.jar:?]
	at org.apache.hadoop.hdds.server.OzoneProtocolMessageDispatcher.processRequest(OzoneProtocolMessageDispatcher.java:87) [hdds-server-framework-1.4.0-SNAPSHOT.jar:?]
	at org.apache.hadoop.ozone.protocolPB.OzoneManagerProtocolServerSideTranslatorPB.submitRequest(OzoneManagerProtocolServerSideTranslatorPB.java:148) [ozone-manager-1.4.0-SNAPSHOT.jar:?]
	at org.apache.hadoop.ozone.protocol.proto.OzoneManagerProtocolProtos$OzoneManagerService$2.callBlockingMethod(OzoneManagerProtocolProtos.java) [ozone-interface-client-1.4.0-SNAPSHOT.jar:?]
	at org.apache.hadoop.ipc.ProtobufRpcEngine$Server.processCall(ProtobufRpcEngine.java:484) [hadoop-common-3.3.6.jar:?]
	at org.apache.hadoop.ipc.ProtobufRpcEngine2$Server$ProtoBufRpcInvoker.call(ProtobufRpcEngine2.java:595) [hadoop-common-3.3.6.jar:?]
	at org.apache.hadoop.ipc.ProtobufRpcEngine2$Server$ProtoBufRpcInvoker.call(ProtobufRpcEngine2.java:573) [hadoop-common-3.3.6.jar:?]
	at org.apache.hadoop.ipc.RPC$Server.call(RPC.java:1227) [hadoop-common-3.3.6.jar:?]
	at org.apache.hadoop.ipc.Server$RpcCall.run(Server.java:1094) [hadoop-common-3.3.6.jar:?]
	at org.apache.hadoop.ipc.Server$RpcCall.run(Server.java:1017) [hadoop-common-3.3.6.jar:?]
	at java.security.AccessController.doPrivileged(Native Method) ~[?:1.8.0_382]
	at javax.security.auth.Subject.doAs(Subject.java:422) [?:1.8.0_382]
	at org.apache.hadoop.security.UserGroupInformation.doAs(UserGroupInformation.java:1899) [hadoop-common-3.3.6.jar:?]
	at org.apache.hadoop.ipc.Server$Handler.run(Server.java:3048) [hadoop-common-3.3.6.jar:?]
17:31:24.397 [IPC Server handler 9 on default port 15057] ERROR OMAudit - user=runner | ip=127.0.0.1 | op=GET_FILE_STATUS {volume=volume39856, bucket=bucket94778, key=level0/level3/file1, dataSize=0, replicationConfig=null} | ret=FAILURE
org.apache.hadoop.ozone.om.exceptions.OMException: Unable to get file status: volume: volume39856 bucket: bucket94778 key: level0/level3/file1
	at org.apache.hadoop.ozone.om.KeyManagerImpl.getOzoneFileStatus(KeyManagerImpl.java:1227) ~[ozone-manager-1.4.0-SNAPSHOT.jar:?]
	at org.apache.hadoop.ozone.om.KeyManagerImpl.getFileStatus(KeyManagerImpl.java:1145) ~[ozone-manager-1.4.0-SNAPSHOT.jar:?]
	at org.apache.hadoop.ozone.om.OmMetadataReader.getFileStatus(OmMetadataReader.java:266) ~[ozone-manager-1.4.0-SNAPSHOT.jar:?]
	at org.apache.hadoop.ozone.om.OzoneManager.getFileStatus(OzoneManager.java:3585) ~[ozone-manager-1.4.0-SNAPSHOT.jar:?]
	at org.apache.hadoop.ozone.protocolPB.OzoneManagerRequestHandler.getOzoneFileStatus(OzoneManagerRequestHandler.java:998) ~[ozone-manager-1.4.0-SNAPSHOT.jar:?]
	at org.apache.hadoop.ozone.protocolPB.OzoneManagerRequestHandler.handleReadRequest(OzoneManagerRequestHandler.java:259) ~[ozone-manager-1.4.0-SNAPSHOT.jar:?]
	at org.apache.hadoop.ozone.protocolPB.OzoneManagerProtocolServerSideTranslatorPB.submitRequestDirectlyToOM(OzoneManagerProtocolServerSideTranslatorPB.java:274) ~[ozone-manager-1.4.0-SNAPSHOT.jar:?]
	at org.apache.hadoop.ozone.protocolPB.OzoneManagerProtocolServerSideTranslatorPB.processRequest(OzoneManagerProtocolServerSideTranslatorPB.java:175) ~[ozone-manager-1.4.0-SNAPSHOT.jar:?]
	at org.apache.hadoop.hdds.server.OzoneProtocolMessageDispatcher.processRequest(OzoneProtocolMessageDispatcher.java:87) [hdds-server-framework-1.4.0-SNAPSHOT.jar:?]
	at org.apache.hadoop.ozone.protocolPB.OzoneManagerProtocolServerSideTranslatorPB.submitRequest(OzoneManagerProtocolServerSideTranslatorPB.java:148) [ozone-manager-1.4.0-SNAPSHOT.jar:?]
	at org.apache.hadoop.ozone.protocol.proto.OzoneManagerProtocolProtos$OzoneManagerService$2.callBlockingMethod(OzoneManagerProtocolProtos.java) [ozone-interface-client-1.4.0-SNAPSHOT.jar:?]
	at org.apache.hadoop.ipc.ProtobufRpcEngine$Server.processCall(ProtobufRpcEngine.java:484) [hadoop-common-3.3.6.jar:?]
	at org.apache.hadoop.ipc.ProtobufRpcEngine2$Server$ProtoBufRpcInvoker.call(ProtobufRpcEngine2.java:595) [hadoop-common-3.3.6.jar:?]
	at org.apache.hadoop.ipc.ProtobufRpcEngine2$Server$ProtoBufRpcInvoker.call(ProtobufRpcEngine2.java:573) [hadoop-common-3.3.6.jar:?]
	at org.apache.hadoop.ipc.RPC$Server.call(RPC.java:1227) [hadoop-common-3.3.6.jar:?]
	at org.apache.hadoop.ipc.Server$RpcCall.run(Server.java:1094) [hadoop-common-3.3.6.jar:?]
	at org.apache.hadoop.ipc.Server$RpcCall.run(Server.java:1017) [hadoop-common-3.3.6.jar:?]
	at java.security.AccessController.doPrivileged(Native Method) ~[?:1.8.0_382]
	at javax.security.auth.Subject.doAs(Subject.java:422) [?:1.8.0_382]
	at org.apache.hadoop.security.UserGroupInformation.doAs(UserGroupInformation.java:1899) [hadoop-common-3.3.6.jar:?]
	at org.apache.hadoop.ipc.Server$Handler.run(Server.java:3048) [hadoop-common-3.3.6.jar:?]
17:31:24.399 [IPC Server handler 7 on default port 15057] ERROR OMAudit - user=runner | ip=127.0.0.1 | op=GET_FILE_STATUS {volume=volume39856, bucket=bucket94778, key=level0/level3/level3/file1, dataSize=0, replicationConfig=null} | ret=FAILURE
org.apache.hadoop.ozone.om.exceptions.OMException: Unable to get file status: volume: volume39856 bucket: bucket94778 key: level0/level3/level3/file1
	at org.apache.hadoop.ozone.om.KeyManagerImpl.getOzoneFileStatus(KeyManagerImpl.java:1227) ~[ozone-manager-1.4.0-SNAPSHOT.jar:?]
	at org.apache.hadoop.ozone.om.KeyManagerImpl.getFileStatus(KeyManagerImpl.java:1145) ~[ozone-manager-1.4.0-SNAPSHOT.jar:?]
	at org.apache.hadoop.ozone.om.OmMetadataReader.getFileStatus(OmMetadataReader.java:266) ~[ozone-manager-1.4.0-SNAPSHOT.jar:?]
	at org.apache.hadoop.ozone.om.OzoneManager.getFileStatus(OzoneManager.java:3585) ~[ozone-manager-1.4.0-SNAPSHOT.jar:?]
	at org.apache.hadoop.ozone.protocolPB.OzoneManagerRequestHandler.getOzoneFileStatus(OzoneManagerRequestHandler.java:998) ~[ozone-manager-1.4.0-SNAPSHOT.jar:?]
	at org.apache.hadoop.ozone.protocolPB.OzoneManagerRequestHandler.handleReadRequest(OzoneManagerRequestHandler.java:259) ~[ozone-manager-1.4.0-SNAPSHOT.jar:?]
	at org.apache.hadoop.ozone.protocolPB.OzoneManagerProtocolServerSideTranslatorPB.submitRequestDirectlyToOM(OzoneManagerProtocolServerSideTranslatorPB.java:274) ~[ozone-manager-1.4.0-SNAPSHOT.jar:?]
	at org.apache.hadoop.ozone.protocolPB.OzoneManagerProtocolServerSideTranslatorPB.processRequest(OzoneManagerProtocolServerSideTranslatorPB.java:175) ~[ozone-manager-1.4.0-SNAPSHOT.jar:?]
	at org.apache.hadoop.hdds.server.OzoneProtocolMessageDispatcher.processRequest(OzoneProtocolMessageDispatcher.java:87) [hdds-server-framework-1.4.0-SNAPSHOT.jar:?]
	at org.apache.hadoop.ozone.protocolPB.OzoneManagerProtocolServerSideTranslatorPB.submitRequest(OzoneManagerProtocolServerSideTranslatorPB.java:148) [ozone-manager-1.4.0-SNAPSHOT.jar:?]
	at org.apache.hadoop.ozone.protocol.proto.OzoneManagerProtocolProtos$OzoneManagerService$2.callBlockingMethod(OzoneManagerProtocolProtos.java) [ozone-interface-client-1.4.0-SNAPSHOT.jar:?]
	at org.apache.hadoop.ipc.ProtobufRpcEngine$Server.processCall(ProtobufRpcEngine.java:484) [hadoop-common-3.3.6.jar:?]
	at org.apache.hadoop.ipc.ProtobufRpcEngine2$Server$ProtoBufRpcInvoker.call(ProtobufRpcEngine2.java:595) [hadoop-common-3.3.6.jar:?]
	at org.apache.hadoop.ipc.ProtobufRpcEngine2$Server$ProtoBufRpcInvoker.call(ProtobufRpcEngine2.java:573) [hadoop-common-3.3.6.jar:?]
	at org.apache.hadoop.ipc.RPC$Server.call(RPC.java:1227) [hadoop-common-3.3.6.jar:?]
	at org.apache.hadoop.ipc.Server$RpcCall.run(Server.java:1094) [hadoop-common-3.3.6.jar:?]
	at org.apache.hadoop.ipc.Server$RpcCall.run(Server.java:1017) [hadoop-common-3.3.6.jar:?]
	at java.security.AccessController.doPrivileged(Native Method) ~[?:1.8.0_382]
	at javax.security.auth.Subject.doAs(Subject.java:422) [?:1.8.0_382]
	at org.apache.hadoop.security.UserGroupInformation.doAs(UserGroupInformation.java:1899) [hadoop-common-3.3.6.jar:?]
	at org.apache.hadoop.ipc.Server$Handler.run(Server.java:3048) [hadoop-common-3.3.6.jar:?]
]]></system-out>
  </testcase>
  <testcase name="testRecursiveDelete" classname="TestOzoneFileSystem" time="0.2">
    <system-out><![CDATA[17:32:34.843 [IPC Server handler 19 on default port 15110] ERROR OMAudit - user=runner | ip=127.0.0.1 | op=GET_FILE_STATUS {volume=volume98659, bucket=bucket57585, key=gdir1, dataSize=0, replicationConfig=null} | ret=FAILURE
org.apache.hadoop.ozone.om.exceptions.OMException: Unable to get file status: volume: volume98659 bucket: bucket57585 key: gdir1
	at org.apache.hadoop.ozone.om.KeyManagerImpl.getOzoneFileStatus(KeyManagerImpl.java:1227) ~[ozone-manager-1.4.0-SNAPSHOT.jar:?]
	at org.apache.hadoop.ozone.om.KeyManagerImpl.getFileStatus(KeyManagerImpl.java:1145) ~[ozone-manager-1.4.0-SNAPSHOT.jar:?]
	at org.apache.hadoop.ozone.om.OmMetadataReader.getFileStatus(OmMetadataReader.java:266) ~[ozone-manager-1.4.0-SNAPSHOT.jar:?]
	at org.apache.hadoop.ozone.om.OzoneManager.getFileStatus(OzoneManager.java:3585) ~[ozone-manager-1.4.0-SNAPSHOT.jar:?]
	at org.apache.hadoop.ozone.protocolPB.OzoneManagerRequestHandler.getOzoneFileStatus(OzoneManagerRequestHandler.java:998) ~[ozone-manager-1.4.0-SNAPSHOT.jar:?]
	at org.apache.hadoop.ozone.protocolPB.OzoneManagerRequestHandler.handleReadRequest(OzoneManagerRequestHandler.java:259) ~[ozone-manager-1.4.0-SNAPSHOT.jar:?]
	at org.apache.hadoop.ozone.protocolPB.OzoneManagerProtocolServerSideTranslatorPB.submitReadRequestToOM(OzoneManagerProtocolServerSideTranslatorPB.java:225) ~[ozone-manager-1.4.0-SNAPSHOT.jar:?]
	at org.apache.hadoop.ozone.protocolPB.OzoneManagerProtocolServerSideTranslatorPB.processRequest(OzoneManagerProtocolServerSideTranslatorPB.java:179) ~[ozone-manager-1.4.0-SNAPSHOT.jar:?]
	at org.apache.hadoop.hdds.server.OzoneProtocolMessageDispatcher.processRequest(OzoneProtocolMessageDispatcher.java:87) [hdds-server-framework-1.4.0-SNAPSHOT.jar:?]
	at org.apache.hadoop.ozone.protocolPB.OzoneManagerProtocolServerSideTranslatorPB.submitRequest(OzoneManagerProtocolServerSideTranslatorPB.java:148) [ozone-manager-1.4.0-SNAPSHOT.jar:?]
	at org.apache.hadoop.ozone.protocol.proto.OzoneManagerProtocolProtos$OzoneManagerService$2.callBlockingMethod(OzoneManagerProtocolProtos.java) [ozone-interface-client-1.4.0-SNAPSHOT.jar:?]
	at org.apache.hadoop.ipc.ProtobufRpcEngine$Server.processCall(ProtobufRpcEngine.java:484) [hadoop-common-3.3.6.jar:?]
	at org.apache.hadoop.ipc.ProtobufRpcEngine2$Server$ProtoBufRpcInvoker.call(ProtobufRpcEngine2.java:595) [hadoop-common-3.3.6.jar:?]
	at org.apache.hadoop.ipc.ProtobufRpcEngine2$Server$ProtoBufRpcInvoker.call(ProtobufRpcEngine2.java:573) [hadoop-common-3.3.6.jar:?]
	at org.apache.hadoop.ipc.RPC$Server.call(RPC.java:1227) [hadoop-common-3.3.6.jar:?]
	at org.apache.hadoop.ipc.Server$RpcCall.run(Server.java:1094) [hadoop-common-3.3.6.jar:?]
	at org.apache.hadoop.ipc.Server$RpcCall.run(Server.java:1017) [hadoop-common-3.3.6.jar:?]
	at java.security.AccessController.doPrivileged(Native Method) ~[?:1.8.0_382]
	at javax.security.auth.Subject.doAs(Subject.java:422) [?:1.8.0_382]
	at org.apache.hadoop.security.UserGroupInformation.doAs(UserGroupInformation.java:1899) [hadoop-common-3.3.6.jar:?]
	at org.apache.hadoop.ipc.Server$Handler.run(Server.java:3048) [hadoop-common-3.3.6.jar:?]
17:32:34.844 [IPC Server handler 0 on default port 15110] ERROR OMAudit - user=runner | ip=127.0.0.1 | op=GET_FILE_STATUS {volume=volume98659, bucket=bucket57585, key=gdir1/dir1, dataSize=0, replicationConfig=null} | ret=FAILURE
org.apache.hadoop.ozone.om.exceptions.OMException: Unable to get file status: volume: volume98659 bucket: bucket57585 key: gdir1/dir1
	at org.apache.hadoop.ozone.om.KeyManagerImpl.getOzoneFileStatus(KeyManagerImpl.java:1227) ~[ozone-manager-1.4.0-SNAPSHOT.jar:?]
	at org.apache.hadoop.ozone.om.KeyManagerImpl.getFileStatus(KeyManagerImpl.java:1145) ~[ozone-manager-1.4.0-SNAPSHOT.jar:?]
	at org.apache.hadoop.ozone.om.OmMetadataReader.getFileStatus(OmMetadataReader.java:266) ~[ozone-manager-1.4.0-SNAPSHOT.jar:?]
	at org.apache.hadoop.ozone.om.OzoneManager.getFileStatus(OzoneManager.java:3585) ~[ozone-manager-1.4.0-SNAPSHOT.jar:?]
	at org.apache.hadoop.ozone.protocolPB.OzoneManagerRequestHandler.getOzoneFileStatus(OzoneManagerRequestHandler.java:998) ~[ozone-manager-1.4.0-SNAPSHOT.jar:?]
	at org.apache.hadoop.ozone.protocolPB.OzoneManagerRequestHandler.handleReadRequest(OzoneManagerRequestHandler.java:259) ~[ozone-manager-1.4.0-SNAPSHOT.jar:?]
	at org.apache.hadoop.ozone.protocolPB.OzoneManagerProtocolServerSideTranslatorPB.submitReadRequestToOM(OzoneManagerProtocolServerSideTranslatorPB.java:225) ~[ozone-manager-1.4.0-SNAPSHOT.jar:?]
	at org.apache.hadoop.ozone.protocolPB.OzoneManagerProtocolServerSideTranslatorPB.processRequest(OzoneManagerProtocolServerSideTranslatorPB.java:179) ~[ozone-manager-1.4.0-SNAPSHOT.jar:?]
	at org.apache.hadoop.hdds.server.OzoneProtocolMessageDispatcher.processRequest(OzoneProtocolMessageDispatcher.java:87) [hdds-server-framework-1.4.0-SNAPSHOT.jar:?]
	at org.apache.hadoop.ozone.protocolPB.OzoneManagerProtocolServerSideTranslatorPB.submitRequest(OzoneManagerProtocolServerSideTranslatorPB.java:148) [ozone-manager-1.4.0-SNAPSHOT.jar:?]
	at org.apache.hadoop.ozone.protocol.proto.OzoneManagerProtocolProtos$OzoneManagerService$2.callBlockingMethod(OzoneManagerProtocolProtos.java) [ozone-interface-client-1.4.0-SNAPSHOT.jar:?]
	at org.apache.hadoop.ipc.ProtobufRpcEngine$Server.processCall(ProtobufRpcEngine.java:484) [hadoop-common-3.3.6.jar:?]
	at org.apache.hadoop.ipc.ProtobufRpcEngine2$Server$ProtoBufRpcInvoker.call(ProtobufRpcEngine2.java:595) [hadoop-common-3.3.6.jar:?]
	at org.apache.hadoop.ipc.ProtobufRpcEngine2$Server$ProtoBufRpcInvoker.call(ProtobufRpcEngine2.java:573) [hadoop-common-3.3.6.jar:?]
	at org.apache.hadoop.ipc.RPC$Server.call(RPC.java:1227) [hadoop-common-3.3.6.jar:?]
	at org.apache.hadoop.ipc.Server$RpcCall.run(Server.java:1094) [hadoop-common-3.3.6.jar:?]
	at org.apache.hadoop.ipc.Server$RpcCall.run(Server.java:1017) [hadoop-common-3.3.6.jar:?]
	at java.security.AccessController.doPrivileged(Native Method) ~[?:1.8.0_382]
	at javax.security.auth.Subject.doAs(Subject.java:422) [?:1.8.0_382]
	at org.apache.hadoop.security.UserGroupInformation.doAs(UserGroupInformation.java:1899) [hadoop-common-3.3.6.jar:?]
	at org.apache.hadoop.ipc.Server$Handler.run(Server.java:3048) [hadoop-common-3.3.6.jar:?]
17:32:34.845 [IPC Server handler 1 on default port 15110] ERROR OMAudit - user=runner | ip=127.0.0.1 | op=GET_FILE_STATUS {volume=volume98659, bucket=bucket57585, key=gdir1/dir1/child, dataSize=0, replicationConfig=null} | ret=FAILURE
org.apache.hadoop.ozone.om.exceptions.OMException: Unable to get file status: volume: volume98659 bucket: bucket57585 key: gdir1/dir1/child
	at org.apache.hadoop.ozone.om.KeyManagerImpl.getOzoneFileStatus(KeyManagerImpl.java:1227) ~[ozone-manager-1.4.0-SNAPSHOT.jar:?]
	at org.apache.hadoop.ozone.om.KeyManagerImpl.getFileStatus(KeyManagerImpl.java:1145) ~[ozone-manager-1.4.0-SNAPSHOT.jar:?]
	at org.apache.hadoop.ozone.om.OmMetadataReader.getFileStatus(OmMetadataReader.java:266) ~[ozone-manager-1.4.0-SNAPSHOT.jar:?]
	at org.apache.hadoop.ozone.om.OzoneManager.getFileStatus(OzoneManager.java:3585) ~[ozone-manager-1.4.0-SNAPSHOT.jar:?]
	at org.apache.hadoop.ozone.protocolPB.OzoneManagerRequestHandler.getOzoneFileStatus(OzoneManagerRequestHandler.java:998) ~[ozone-manager-1.4.0-SNAPSHOT.jar:?]
	at org.apache.hadoop.ozone.protocolPB.OzoneManagerRequestHandler.handleReadRequest(OzoneManagerRequestHandler.java:259) ~[ozone-manager-1.4.0-SNAPSHOT.jar:?]
	at org.apache.hadoop.ozone.protocolPB.OzoneManagerProtocolServerSideTranslatorPB.submitReadRequestToOM(OzoneManagerProtocolServerSideTranslatorPB.java:225) ~[ozone-manager-1.4.0-SNAPSHOT.jar:?]
	at org.apache.hadoop.ozone.protocolPB.OzoneManagerProtocolServerSideTranslatorPB.processRequest(OzoneManagerProtocolServerSideTranslatorPB.java:179) ~[ozone-manager-1.4.0-SNAPSHOT.jar:?]
	at org.apache.hadoop.hdds.server.OzoneProtocolMessageDispatcher.processRequest(OzoneProtocolMessageDispatcher.java:87) [hdds-server-framework-1.4.0-SNAPSHOT.jar:?]
	at org.apache.hadoop.ozone.protocolPB.OzoneManagerProtocolServerSideTranslatorPB.submitRequest(OzoneManagerProtocolServerSideTranslatorPB.java:148) [ozone-manager-1.4.0-SNAPSHOT.jar:?]
	at org.apache.hadoop.ozone.protocol.proto.OzoneManagerProtocolProtos$OzoneManagerService$2.callBlockingMethod(OzoneManagerProtocolProtos.java) [ozone-interface-client-1.4.0-SNAPSHOT.jar:?]
	at org.apache.hadoop.ipc.ProtobufRpcEngine$Server.processCall(ProtobufRpcEngine.java:484) [hadoop-common-3.3.6.jar:?]
	at org.apache.hadoop.ipc.ProtobufRpcEngine2$Server$ProtoBufRpcInvoker.call(ProtobufRpcEngine2.java:595) [hadoop-common-3.3.6.jar:?]
	at org.apache.hadoop.ipc.ProtobufRpcEngine2$Server$ProtoBufRpcInvoker.call(ProtobufRpcEngine2.java:573) [hadoop-common-3.3.6.jar:?]
	at org.apache.hadoop.ipc.RPC$Server.call(RPC.java:1227) [hadoop-common-3.3.6.jar:?]
	at org.apache.hadoop.ipc.Server$RpcCall.run(Server.java:1094) [hadoop-common-3.3.6.jar:?]
	at org.apache.hadoop.ipc.Server$RpcCall.run(Server.java:1017) [hadoop-common-3.3.6.jar:?]
	at java.security.AccessController.doPrivileged(Native Method) ~[?:1.8.0_382]
	at javax.security.auth.Subject.doAs(Subject.java:422) [?:1.8.0_382]
	at org.apache.hadoop.security.UserGroupInformation.doAs(UserGroupInformation.java:1899) [hadoop-common-3.3.6.jar:?]
	at org.apache.hadoop.ipc.Server$Handler.run(Server.java:3048) [hadoop-common-3.3.6.jar:?]
17:32:34.846 [IPC Server handler 3 on default port 15110] ERROR OMAudit - user=runner | ip=127.0.0.1 | op=GET_FILE_STATUS {volume=volume98659, bucket=bucket57585, key=gdir1/dir2, dataSize=0, replicationConfig=null} | ret=FAILURE
org.apache.hadoop.ozone.om.exceptions.OMException: Unable to get file status: volume: volume98659 bucket: bucket57585 key: gdir1/dir2
	at org.apache.hadoop.ozone.om.KeyManagerImpl.getOzoneFileStatus(KeyManagerImpl.java:1227) ~[ozone-manager-1.4.0-SNAPSHOT.jar:?]
	at org.apache.hadoop.ozone.om.KeyManagerImpl.getFileStatus(KeyManagerImpl.java:1145) ~[ozone-manager-1.4.0-SNAPSHOT.jar:?]
	at org.apache.hadoop.ozone.om.OmMetadataReader.getFileStatus(OmMetadataReader.java:266) ~[ozone-manager-1.4.0-SNAPSHOT.jar:?]
	at org.apache.hadoop.ozone.om.OzoneManager.getFileStatus(OzoneManager.java:3585) ~[ozone-manager-1.4.0-SNAPSHOT.jar:?]
	at org.apache.hadoop.ozone.protocolPB.OzoneManagerRequestHandler.getOzoneFileStatus(OzoneManagerRequestHandler.java:998) ~[ozone-manager-1.4.0-SNAPSHOT.jar:?]
	at org.apache.hadoop.ozone.protocolPB.OzoneManagerRequestHandler.handleReadRequest(OzoneManagerRequestHandler.java:259) ~[ozone-manager-1.4.0-SNAPSHOT.jar:?]
	at org.apache.hadoop.ozone.protocolPB.OzoneManagerProtocolServerSideTranslatorPB.submitReadRequestToOM(OzoneManagerProtocolServerSideTranslatorPB.java:225) ~[ozone-manager-1.4.0-SNAPSHOT.jar:?]
	at org.apache.hadoop.ozone.protocolPB.OzoneManagerProtocolServerSideTranslatorPB.processRequest(OzoneManagerProtocolServerSideTranslatorPB.java:179) ~[ozone-manager-1.4.0-SNAPSHOT.jar:?]
	at org.apache.hadoop.hdds.server.OzoneProtocolMessageDispatcher.processRequest(OzoneProtocolMessageDispatcher.java:87) [hdds-server-framework-1.4.0-SNAPSHOT.jar:?]
	at org.apache.hadoop.ozone.protocolPB.OzoneManagerProtocolServerSideTranslatorPB.submitRequest(OzoneManagerProtocolServerSideTranslatorPB.java:148) [ozone-manager-1.4.0-SNAPSHOT.jar:?]
	at org.apache.hadoop.ozone.protocol.proto.OzoneManagerProtocolProtos$OzoneManagerService$2.callBlockingMethod(OzoneManagerProtocolProtos.java) [ozone-interface-client-1.4.0-SNAPSHOT.jar:?]
	at org.apache.hadoop.ipc.ProtobufRpcEngine$Server.processCall(ProtobufRpcEngine.java:484) [hadoop-common-3.3.6.jar:?]
	at org.apache.hadoop.ipc.ProtobufRpcEngine2$Server$ProtoBufRpcInvoker.call(ProtobufRpcEngine2.java:595) [hadoop-common-3.3.6.jar:?]
	at org.apache.hadoop.ipc.ProtobufRpcEngine2$Server$ProtoBufRpcInvoker.call(ProtobufRpcEngine2.java:573) [hadoop-common-3.3.6.jar:?]
	at org.apache.hadoop.ipc.RPC$Server.call(RPC.java:1227) [hadoop-common-3.3.6.jar:?]
	at org.apache.hadoop.ipc.Server$RpcCall.run(Server.java:1094) [hadoop-common-3.3.6.jar:?]
	at org.apache.hadoop.ipc.Server$RpcCall.run(Server.java:1017) [hadoop-common-3.3.6.jar:?]
	at java.security.AccessController.doPrivileged(Native Method) ~[?:1.8.0_382]
	at javax.security.auth.Subject.doAs(Subject.java:422) [?:1.8.0_382]
	at org.apache.hadoop.security.UserGroupInformation.doAs(UserGroupInformation.java:1899) [hadoop-common-3.3.6.jar:?]
	at org.apache.hadoop.ipc.Server$Handler.run(Server.java:3048) [hadoop-common-3.3.6.jar:?]
17:32:34.847 [IPC Server handler 4 on default port 15110] ERROR OMAudit - user=runner | ip=127.0.0.1 | op=GET_FILE_STATUS {volume=volume98659, bucket=bucket57585, key=gdir1/dir2/child, dataSize=0, replicationConfig=null} | ret=FAILURE
org.apache.hadoop.ozone.om.exceptions.OMException: Unable to get file status: volume: volume98659 bucket: bucket57585 key: gdir1/dir2/child
	at org.apache.hadoop.ozone.om.KeyManagerImpl.getOzoneFileStatus(KeyManagerImpl.java:1227) ~[ozone-manager-1.4.0-SNAPSHOT.jar:?]
	at org.apache.hadoop.ozone.om.KeyManagerImpl.getFileStatus(KeyManagerImpl.java:1145) ~[ozone-manager-1.4.0-SNAPSHOT.jar:?]
	at org.apache.hadoop.ozone.om.OmMetadataReader.getFileStatus(OmMetadataReader.java:266) ~[ozone-manager-1.4.0-SNAPSHOT.jar:?]
	at org.apache.hadoop.ozone.om.OzoneManager.getFileStatus(OzoneManager.java:3585) ~[ozone-manager-1.4.0-SNAPSHOT.jar:?]
	at org.apache.hadoop.ozone.protocolPB.OzoneManagerRequestHandler.getOzoneFileStatus(OzoneManagerRequestHandler.java:998) ~[ozone-manager-1.4.0-SNAPSHOT.jar:?]
	at org.apache.hadoop.ozone.protocolPB.OzoneManagerRequestHandler.handleReadRequest(OzoneManagerRequestHandler.java:259) ~[ozone-manager-1.4.0-SNAPSHOT.jar:?]
	at org.apache.hadoop.ozone.protocolPB.OzoneManagerProtocolServerSideTranslatorPB.submitReadRequestToOM(OzoneManagerProtocolServerSideTranslatorPB.java:225) ~[ozone-manager-1.4.0-SNAPSHOT.jar:?]
	at org.apache.hadoop.ozone.protocolPB.OzoneManagerProtocolServerSideTranslatorPB.processRequest(OzoneManagerProtocolServerSideTranslatorPB.java:179) ~[ozone-manager-1.4.0-SNAPSHOT.jar:?]
	at org.apache.hadoop.hdds.server.OzoneProtocolMessageDispatcher.processRequest(OzoneProtocolMessageDispatcher.java:87) [hdds-server-framework-1.4.0-SNAPSHOT.jar:?]
	at org.apache.hadoop.ozone.protocolPB.OzoneManagerProtocolServerSideTranslatorPB.submitRequest(OzoneManagerProtocolServerSideTranslatorPB.java:148) [ozone-manager-1.4.0-SNAPSHOT.jar:?]
	at org.apache.hadoop.ozone.protocol.proto.OzoneManagerProtocolProtos$OzoneManagerService$2.callBlockingMethod(OzoneManagerProtocolProtos.java) [ozone-interface-client-1.4.0-SNAPSHOT.jar:?]
	at org.apache.hadoop.ipc.ProtobufRpcEngine$Server.processCall(ProtobufRpcEngine.java:484) [hadoop-common-3.3.6.jar:?]
	at org.apache.hadoop.ipc.ProtobufRpcEngine2$Server$ProtoBufRpcInvoker.call(ProtobufRpcEngine2.java:595) [hadoop-common-3.3.6.jar:?]
	at org.apache.hadoop.ipc.ProtobufRpcEngine2$Server$ProtoBufRpcInvoker.call(ProtobufRpcEngine2.java:573) [hadoop-common-3.3.6.jar:?]
	at org.apache.hadoop.ipc.RPC$Server.call(RPC.java:1227) [hadoop-common-3.3.6.jar:?]
	at org.apache.hadoop.ipc.Server$RpcCall.run(Server.java:1094) [hadoop-common-3.3.6.jar:?]
	at org.apache.hadoop.ipc.Server$RpcCall.run(Server.java:1017) [hadoop-common-3.3.6.jar:?]
	at java.security.AccessController.doPrivileged(Native Method) ~[?:1.8.0_382]
	at javax.security.auth.Subject.doAs(Subject.java:422) [?:1.8.0_382]
	at org.apache.hadoop.security.UserGroupInformation.doAs(UserGroupInformation.java:1899) [hadoop-common-3.3.6.jar:?]
	at org.apache.hadoop.ipc.Server$Handler.run(Server.java:3048) [hadoop-common-3.3.6.jar:?]
17:32:34.848 [IPC Server handler 2 on default port 15110] ERROR OMAudit - user=runner | ip=127.0.0.1 | op=GET_FILE_STATUS {volume=volume98659, bucket=bucket57585, key=gdir1/dir3, dataSize=0, replicationConfig=null} | ret=FAILURE
org.apache.hadoop.ozone.om.exceptions.OMException: Unable to get file status: volume: volume98659 bucket: bucket57585 key: gdir1/dir3
	at org.apache.hadoop.ozone.om.KeyManagerImpl.getOzoneFileStatus(KeyManagerImpl.java:1227) ~[ozone-manager-1.4.0-SNAPSHOT.jar:?]
	at org.apache.hadoop.ozone.om.KeyManagerImpl.getFileStatus(KeyManagerImpl.java:1145) ~[ozone-manager-1.4.0-SNAPSHOT.jar:?]
	at org.apache.hadoop.ozone.om.OmMetadataReader.getFileStatus(OmMetadataReader.java:266) ~[ozone-manager-1.4.0-SNAPSHOT.jar:?]
	at org.apache.hadoop.ozone.om.OzoneManager.getFileStatus(OzoneManager.java:3585) ~[ozone-manager-1.4.0-SNAPSHOT.jar:?]
	at org.apache.hadoop.ozone.protocolPB.OzoneManagerRequestHandler.getOzoneFileStatus(OzoneManagerRequestHandler.java:998) ~[ozone-manager-1.4.0-SNAPSHOT.jar:?]
	at org.apache.hadoop.ozone.protocolPB.OzoneManagerRequestHandler.handleReadRequest(OzoneManagerRequestHandler.java:259) ~[ozone-manager-1.4.0-SNAPSHOT.jar:?]
	at org.apache.hadoop.ozone.protocolPB.OzoneManagerProtocolServerSideTranslatorPB.submitReadRequestToOM(OzoneManagerProtocolServerSideTranslatorPB.java:225) ~[ozone-manager-1.4.0-SNAPSHOT.jar:?]
	at org.apache.hadoop.ozone.protocolPB.OzoneManagerProtocolServerSideTranslatorPB.processRequest(OzoneManagerProtocolServerSideTranslatorPB.java:179) ~[ozone-manager-1.4.0-SNAPSHOT.jar:?]
	at org.apache.hadoop.hdds.server.OzoneProtocolMessageDispatcher.processRequest(OzoneProtocolMessageDispatcher.java:87) [hdds-server-framework-1.4.0-SNAPSHOT.jar:?]
	at org.apache.hadoop.ozone.protocolPB.OzoneManagerProtocolServerSideTranslatorPB.submitRequest(OzoneManagerProtocolServerSideTranslatorPB.java:148) [ozone-manager-1.4.0-SNAPSHOT.jar:?]
	at org.apache.hadoop.ozone.protocol.proto.OzoneManagerProtocolProtos$OzoneManagerService$2.callBlockingMethod(OzoneManagerProtocolProtos.java) [ozone-interface-client-1.4.0-SNAPSHOT.jar:?]
	at org.apache.hadoop.ipc.ProtobufRpcEngine$Server.processCall(ProtobufRpcEngine.java:484) [hadoop-common-3.3.6.jar:?]
	at org.apache.hadoop.ipc.ProtobufRpcEngine2$Server$ProtoBufRpcInvoker.call(ProtobufRpcEngine2.java:595) [hadoop-common-3.3.6.jar:?]
	at org.apache.hadoop.ipc.ProtobufRpcEngine2$Server$ProtoBufRpcInvoker.call(ProtobufRpcEngine2.java:573) [hadoop-common-3.3.6.jar:?]
	at org.apache.hadoop.ipc.RPC$Server.call(RPC.java:1227) [hadoop-common-3.3.6.jar:?]
	at org.apache.hadoop.ipc.Server$RpcCall.run(Server.java:1094) [hadoop-common-3.3.6.jar:?]
	at org.apache.hadoop.ipc.Server$RpcCall.run(Server.java:1017) [hadoop-common-3.3.6.jar:?]
	at java.security.AccessController.doPrivileged(Native Method) ~[?:1.8.0_382]
	at javax.security.auth.Subject.doAs(Subject.java:422) [?:1.8.0_382]
	at org.apache.hadoop.security.UserGroupInformation.doAs(UserGroupInformation.java:1899) [hadoop-common-3.3.6.jar:?]
	at org.apache.hadoop.ipc.Server$Handler.run(Server.java:3048) [hadoop-common-3.3.6.jar:?]
17:32:34.849 [IPC Server handler 5 on default port 15110] ERROR OMAudit - user=runner | ip=127.0.0.1 | op=GET_FILE_STATUS {volume=volume98659, bucket=bucket57585, key=gdir1/dir3/child, dataSize=0, replicationConfig=null} | ret=FAILURE
org.apache.hadoop.ozone.om.exceptions.OMException: Unable to get file status: volume: volume98659 bucket: bucket57585 key: gdir1/dir3/child
	at org.apache.hadoop.ozone.om.KeyManagerImpl.getOzoneFileStatus(KeyManagerImpl.java:1227) ~[ozone-manager-1.4.0-SNAPSHOT.jar:?]
	at org.apache.hadoop.ozone.om.KeyManagerImpl.getFileStatus(KeyManagerImpl.java:1145) ~[ozone-manager-1.4.0-SNAPSHOT.jar:?]
	at org.apache.hadoop.ozone.om.OmMetadataReader.getFileStatus(OmMetadataReader.java:266) ~[ozone-manager-1.4.0-SNAPSHOT.jar:?]
	at org.apache.hadoop.ozone.om.OzoneManager.getFileStatus(OzoneManager.java:3585) ~[ozone-manager-1.4.0-SNAPSHOT.jar:?]
	at org.apache.hadoop.ozone.protocolPB.OzoneManagerRequestHandler.getOzoneFileStatus(OzoneManagerRequestHandler.java:998) ~[ozone-manager-1.4.0-SNAPSHOT.jar:?]
	at org.apache.hadoop.ozone.protocolPB.OzoneManagerRequestHandler.handleReadRequest(OzoneManagerRequestHandler.java:259) ~[ozone-manager-1.4.0-SNAPSHOT.jar:?]
	at org.apache.hadoop.ozone.protocolPB.OzoneManagerProtocolServerSideTranslatorPB.submitReadRequestToOM(OzoneManagerProtocolServerSideTranslatorPB.java:225) ~[ozone-manager-1.4.0-SNAPSHOT.jar:?]
	at org.apache.hadoop.ozone.protocolPB.OzoneManagerProtocolServerSideTranslatorPB.processRequest(OzoneManagerProtocolServerSideTranslatorPB.java:179) ~[ozone-manager-1.4.0-SNAPSHOT.jar:?]
	at org.apache.hadoop.hdds.server.OzoneProtocolMessageDispatcher.processRequest(OzoneProtocolMessageDispatcher.java:87) [hdds-server-framework-1.4.0-SNAPSHOT.jar:?]
	at org.apache.hadoop.ozone.protocolPB.OzoneManagerProtocolServerSideTranslatorPB.submitRequest(OzoneManagerProtocolServerSideTranslatorPB.java:148) [ozone-manager-1.4.0-SNAPSHOT.jar:?]
	at org.apache.hadoop.ozone.protocol.proto.OzoneManagerProtocolProtos$OzoneManagerService$2.callBlockingMethod(OzoneManagerProtocolProtos.java) [ozone-interface-client-1.4.0-SNAPSHOT.jar:?]
	at org.apache.hadoop.ipc.ProtobufRpcEngine$Server.processCall(ProtobufRpcEngine.java:484) [hadoop-common-3.3.6.jar:?]
	at org.apache.hadoop.ipc.ProtobufRpcEngine2$Server$ProtoBufRpcInvoker.call(ProtobufRpcEngine2.java:595) [hadoop-common-3.3.6.jar:?]
	at org.apache.hadoop.ipc.ProtobufRpcEngine2$Server$ProtoBufRpcInvoker.call(ProtobufRpcEngine2.java:573) [hadoop-common-3.3.6.jar:?]
	at org.apache.hadoop.ipc.RPC$Server.call(RPC.java:1227) [hadoop-common-3.3.6.jar:?]
	at org.apache.hadoop.ipc.Server$RpcCall.run(Server.java:1094) [hadoop-common-3.3.6.jar:?]
	at org.apache.hadoop.ipc.Server$RpcCall.run(Server.java:1017) [hadoop-common-3.3.6.jar:?]
	at java.security.AccessController.doPrivileged(Native Method) ~[?:1.8.0_382]
	at javax.security.auth.Subject.doAs(Subject.java:422) [?:1.8.0_382]
	at org.apache.hadoop.security.UserGroupInformation.doAs(UserGroupInformation.java:1899) [hadoop-common-3.3.6.jar:?]
	at org.apache.hadoop.ipc.Server$Handler.run(Server.java:3048) [hadoop-common-3.3.6.jar:?]
17:32:34.850 [IPC Server handler 7 on default port 15110] ERROR OMAudit - user=runner | ip=127.0.0.1 | op=GET_FILE_STATUS {volume=volume98659, bucket=bucket57585, key=gdir1/dir4, dataSize=0, replicationConfig=null} | ret=FAILURE
org.apache.hadoop.ozone.om.exceptions.OMException: Unable to get file status: volume: volume98659 bucket: bucket57585 key: gdir1/dir4
	at org.apache.hadoop.ozone.om.KeyManagerImpl.getOzoneFileStatus(KeyManagerImpl.java:1227) ~[ozone-manager-1.4.0-SNAPSHOT.jar:?]
	at org.apache.hadoop.ozone.om.KeyManagerImpl.getFileStatus(KeyManagerImpl.java:1145) ~[ozone-manager-1.4.0-SNAPSHOT.jar:?]
	at org.apache.hadoop.ozone.om.OmMetadataReader.getFileStatus(OmMetadataReader.java:266) ~[ozone-manager-1.4.0-SNAPSHOT.jar:?]
	at org.apache.hadoop.ozone.om.OzoneManager.getFileStatus(OzoneManager.java:3585) ~[ozone-manager-1.4.0-SNAPSHOT.jar:?]
	at org.apache.hadoop.ozone.protocolPB.OzoneManagerRequestHandler.getOzoneFileStatus(OzoneManagerRequestHandler.java:998) ~[ozone-manager-1.4.0-SNAPSHOT.jar:?]
	at org.apache.hadoop.ozone.protocolPB.OzoneManagerRequestHandler.handleReadRequest(OzoneManagerRequestHandler.java:259) ~[ozone-manager-1.4.0-SNAPSHOT.jar:?]
	at org.apache.hadoop.ozone.protocolPB.OzoneManagerProtocolServerSideTranslatorPB.submitReadRequestToOM(OzoneManagerProtocolServerSideTranslatorPB.java:225) ~[ozone-manager-1.4.0-SNAPSHOT.jar:?]
	at org.apache.hadoop.ozone.protocolPB.OzoneManagerProtocolServerSideTranslatorPB.processRequest(OzoneManagerProtocolServerSideTranslatorPB.java:179) ~[ozone-manager-1.4.0-SNAPSHOT.jar:?]
	at org.apache.hadoop.hdds.server.OzoneProtocolMessageDispatcher.processRequest(OzoneProtocolMessageDispatcher.java:87) [hdds-server-framework-1.4.0-SNAPSHOT.jar:?]
	at org.apache.hadoop.ozone.protocolPB.OzoneManagerProtocolServerSideTranslatorPB.submitRequest(OzoneManagerProtocolServerSideTranslatorPB.java:148) [ozone-manager-1.4.0-SNAPSHOT.jar:?]
	at org.apache.hadoop.ozone.protocol.proto.OzoneManagerProtocolProtos$OzoneManagerService$2.callBlockingMethod(OzoneManagerProtocolProtos.java) [ozone-interface-client-1.4.0-SNAPSHOT.jar:?]
	at org.apache.hadoop.ipc.ProtobufRpcEngine$Server.processCall(ProtobufRpcEngine.java:484) [hadoop-common-3.3.6.jar:?]
	at org.apache.hadoop.ipc.ProtobufRpcEngine2$Server$ProtoBufRpcInvoker.call(ProtobufRpcEngine2.java:595) [hadoop-common-3.3.6.jar:?]
	at org.apache.hadoop.ipc.ProtobufRpcEngine2$Server$ProtoBufRpcInvoker.call(ProtobufRpcEngine2.java:573) [hadoop-common-3.3.6.jar:?]
	at org.apache.hadoop.ipc.RPC$Server.call(RPC.java:1227) [hadoop-common-3.3.6.jar:?]
	at org.apache.hadoop.ipc.Server$RpcCall.run(Server.java:1094) [hadoop-common-3.3.6.jar:?]
	at org.apache.hadoop.ipc.Server$RpcCall.run(Server.java:1017) [hadoop-common-3.3.6.jar:?]
	at java.security.AccessController.doPrivileged(Native Method) ~[?:1.8.0_382]
	at javax.security.auth.Subject.doAs(Subject.java:422) [?:1.8.0_382]
	at org.apache.hadoop.security.UserGroupInformation.doAs(UserGroupInformation.java:1899) [hadoop-common-3.3.6.jar:?]
	at org.apache.hadoop.ipc.Server$Handler.run(Server.java:3048) [hadoop-common-3.3.6.jar:?]
17:32:34.851 [IPC Server handler 6 on default port 15110] ERROR OMAudit - user=runner | ip=127.0.0.1 | op=GET_FILE_STATUS {volume=volume98659, bucket=bucket57585, key=gdir1/dir4/child, dataSize=0, replicationConfig=null} | ret=FAILURE
org.apache.hadoop.ozone.om.exceptions.OMException: Unable to get file status: volume: volume98659 bucket: bucket57585 key: gdir1/dir4/child
	at org.apache.hadoop.ozone.om.KeyManagerImpl.getOzoneFileStatus(KeyManagerImpl.java:1227) ~[ozone-manager-1.4.0-SNAPSHOT.jar:?]
	at org.apache.hadoop.ozone.om.KeyManagerImpl.getFileStatus(KeyManagerImpl.java:1145) ~[ozone-manager-1.4.0-SNAPSHOT.jar:?]
	at org.apache.hadoop.ozone.om.OmMetadataReader.getFileStatus(OmMetadataReader.java:266) ~[ozone-manager-1.4.0-SNAPSHOT.jar:?]
	at org.apache.hadoop.ozone.om.OzoneManager.getFileStatus(OzoneManager.java:3585) ~[ozone-manager-1.4.0-SNAPSHOT.jar:?]
	at org.apache.hadoop.ozone.protocolPB.OzoneManagerRequestHandler.getOzoneFileStatus(OzoneManagerRequestHandler.java:998) ~[ozone-manager-1.4.0-SNAPSHOT.jar:?]
	at org.apache.hadoop.ozone.protocolPB.OzoneManagerRequestHandler.handleReadRequest(OzoneManagerRequestHandler.java:259) ~[ozone-manager-1.4.0-SNAPSHOT.jar:?]
	at org.apache.hadoop.ozone.protocolPB.OzoneManagerProtocolServerSideTranslatorPB.submitReadRequestToOM(OzoneManagerProtocolServerSideTranslatorPB.java:225) ~[ozone-manager-1.4.0-SNAPSHOT.jar:?]
	at org.apache.hadoop.ozone.protocolPB.OzoneManagerProtocolServerSideTranslatorPB.processRequest(OzoneManagerProtocolServerSideTranslatorPB.java:179) ~[ozone-manager-1.4.0-SNAPSHOT.jar:?]
	at org.apache.hadoop.hdds.server.OzoneProtocolMessageDispatcher.processRequest(OzoneProtocolMessageDispatcher.java:87) [hdds-server-framework-1.4.0-SNAPSHOT.jar:?]
	at org.apache.hadoop.ozone.protocolPB.OzoneManagerProtocolServerSideTranslatorPB.submitRequest(OzoneManagerProtocolServerSideTranslatorPB.java:148) [ozone-manager-1.4.0-SNAPSHOT.jar:?]
	at org.apache.hadoop.ozone.protocol.proto.OzoneManagerProtocolProtos$OzoneManagerService$2.callBlockingMethod(OzoneManagerProtocolProtos.java) [ozone-interface-client-1.4.0-SNAPSHOT.jar:?]
	at org.apache.hadoop.ipc.ProtobufRpcEngine$Server.processCall(ProtobufRpcEngine.java:484) [hadoop-common-3.3.6.jar:?]
	at org.apache.hadoop.ipc.ProtobufRpcEngine2$Server$ProtoBufRpcInvoker.call(ProtobufRpcEngine2.java:595) [hadoop-common-3.3.6.jar:?]
	at org.apache.hadoop.ipc.ProtobufRpcEngine2$Server$ProtoBufRpcInvoker.call(ProtobufRpcEngine2.java:573) [hadoop-common-3.3.6.jar:?]
	at org.apache.hadoop.ipc.RPC$Server.call(RPC.java:1227) [hadoop-common-3.3.6.jar:?]
	at org.apache.hadoop.ipc.Server$RpcCall.run(Server.java:1094) [hadoop-common-3.3.6.jar:?]
	at org.apache.hadoop.ipc.Server$RpcCall.run(Server.java:1017) [hadoop-common-3.3.6.jar:?]
	at java.security.AccessController.doPrivileged(Native Method) ~[?:1.8.0_382]
	at javax.security.auth.Subject.doAs(Subject.java:422) [?:1.8.0_382]
	at org.apache.hadoop.security.UserGroupInformation.doAs(UserGroupInformation.java:1899) [hadoop-common-3.3.6.jar:?]
	at org.apache.hadoop.ipc.Server$Handler.run(Server.java:3048) [hadoop-common-3.3.6.jar:?]
17:32:34.852 [IPC Server handler 8 on default port 15110] ERROR OMAudit - user=runner | ip=127.0.0.1 | op=GET_FILE_STATUS {volume=volume98659, bucket=bucket57585, key=gdir1/dir5, dataSize=0, replicationConfig=null} | ret=FAILURE
org.apache.hadoop.ozone.om.exceptions.OMException: Unable to get file status: volume: volume98659 bucket: bucket57585 key: gdir1/dir5
	at org.apache.hadoop.ozone.om.KeyManagerImpl.getOzoneFileStatus(KeyManagerImpl.java:1227) ~[ozone-manager-1.4.0-SNAPSHOT.jar:?]
	at org.apache.hadoop.ozone.om.KeyManagerImpl.getFileStatus(KeyManagerImpl.java:1145) ~[ozone-manager-1.4.0-SNAPSHOT.jar:?]
	at org.apache.hadoop.ozone.om.OmMetadataReader.getFileStatus(OmMetadataReader.java:266) ~[ozone-manager-1.4.0-SNAPSHOT.jar:?]
	at org.apache.hadoop.ozone.om.OzoneManager.getFileStatus(OzoneManager.java:3585) ~[ozone-manager-1.4.0-SNAPSHOT.jar:?]
	at org.apache.hadoop.ozone.protocolPB.OzoneManagerRequestHandler.getOzoneFileStatus(OzoneManagerRequestHandler.java:998) ~[ozone-manager-1.4.0-SNAPSHOT.jar:?]
	at org.apache.hadoop.ozone.protocolPB.OzoneManagerRequestHandler.handleReadRequest(OzoneManagerRequestHandler.java:259) ~[ozone-manager-1.4.0-SNAPSHOT.jar:?]
	at org.apache.hadoop.ozone.protocolPB.OzoneManagerProtocolServerSideTranslatorPB.submitReadRequestToOM(OzoneManagerProtocolServerSideTranslatorPB.java:225) ~[ozone-manager-1.4.0-SNAPSHOT.jar:?]
	at org.apache.hadoop.ozone.protocolPB.OzoneManagerProtocolServerSideTranslatorPB.processRequest(OzoneManagerProtocolServerSideTranslatorPB.java:179) ~[ozone-manager-1.4.0-SNAPSHOT.jar:?]
	at org.apache.hadoop.hdds.server.OzoneProtocolMessageDispatcher.processRequest(OzoneProtocolMessageDispatcher.java:87) [hdds-server-framework-1.4.0-SNAPSHOT.jar:?]
	at org.apache.hadoop.ozone.protocolPB.OzoneManagerProtocolServerSideTranslatorPB.submitRequest(OzoneManagerProtocolServerSideTranslatorPB.java:148) [ozone-manager-1.4.0-SNAPSHOT.jar:?]
	at org.apache.hadoop.ozone.protocol.proto.OzoneManagerProtocolProtos$OzoneManagerService$2.callBlockingMethod(OzoneManagerProtocolProtos.java) [ozone-interface-client-1.4.0-SNAPSHOT.jar:?]
	at org.apache.hadoop.ipc.ProtobufRpcEngine$Server.processCall(ProtobufRpcEngine.java:484) [hadoop-common-3.3.6.jar:?]
	at org.apache.hadoop.ipc.ProtobufRpcEngine2$Server$ProtoBufRpcInvoker.call(ProtobufRpcEngine2.java:595) [hadoop-common-3.3.6.jar:?]
	at org.apache.hadoop.ipc.ProtobufRpcEngine2$Server$ProtoBufRpcInvoker.call(ProtobufRpcEngine2.java:573) [hadoop-common-3.3.6.jar:?]
	at org.apache.hadoop.ipc.RPC$Server.call(RPC.java:1227) [hadoop-common-3.3.6.jar:?]
	at org.apache.hadoop.ipc.Server$RpcCall.run(Server.java:1094) [hadoop-common-3.3.6.jar:?]
	at org.apache.hadoop.ipc.Server$RpcCall.run(Server.java:1017) [hadoop-common-3.3.6.jar:?]
	at java.security.AccessController.doPrivileged(Native Method) ~[?:1.8.0_382]
	at javax.security.auth.Subject.doAs(Subject.java:422) [?:1.8.0_382]
	at org.apache.hadoop.security.UserGroupInformation.doAs(UserGroupInformation.java:1899) [hadoop-common-3.3.6.jar:?]
	at org.apache.hadoop.ipc.Server$Handler.run(Server.java:3048) [hadoop-common-3.3.6.jar:?]
17:32:34.853 [IPC Server handler 9 on default port 15110] ERROR OMAudit - user=runner | ip=127.0.0.1 | op=GET_FILE_STATUS {volume=volume98659, bucket=bucket57585, key=gdir1/dir5/child, dataSize=0, replicationConfig=null} | ret=FAILURE
org.apache.hadoop.ozone.om.exceptions.OMException: Unable to get file status: volume: volume98659 bucket: bucket57585 key: gdir1/dir5/child
	at org.apache.hadoop.ozone.om.KeyManagerImpl.getOzoneFileStatus(KeyManagerImpl.java:1227) ~[ozone-manager-1.4.0-SNAPSHOT.jar:?]
	at org.apache.hadoop.ozone.om.KeyManagerImpl.getFileStatus(KeyManagerImpl.java:1145) ~[ozone-manager-1.4.0-SNAPSHOT.jar:?]
	at org.apache.hadoop.ozone.om.OmMetadataReader.getFileStatus(OmMetadataReader.java:266) ~[ozone-manager-1.4.0-SNAPSHOT.jar:?]
	at org.apache.hadoop.ozone.om.OzoneManager.getFileStatus(OzoneManager.java:3585) ~[ozone-manager-1.4.0-SNAPSHOT.jar:?]
	at org.apache.hadoop.ozone.protocolPB.OzoneManagerRequestHandler.getOzoneFileStatus(OzoneManagerRequestHandler.java:998) ~[ozone-manager-1.4.0-SNAPSHOT.jar:?]
	at org.apache.hadoop.ozone.protocolPB.OzoneManagerRequestHandler.handleReadRequest(OzoneManagerRequestHandler.java:259) ~[ozone-manager-1.4.0-SNAPSHOT.jar:?]
	at org.apache.hadoop.ozone.protocolPB.OzoneManagerProtocolServerSideTranslatorPB.submitReadRequestToOM(OzoneManagerProtocolServerSideTranslatorPB.java:225) ~[ozone-manager-1.4.0-SNAPSHOT.jar:?]
	at org.apache.hadoop.ozone.protocolPB.OzoneManagerProtocolServerSideTranslatorPB.processRequest(OzoneManagerProtocolServerSideTranslatorPB.java:179) ~[ozone-manager-1.4.0-SNAPSHOT.jar:?]
	at org.apache.hadoop.hdds.server.OzoneProtocolMessageDispatcher.processRequest(OzoneProtocolMessageDispatcher.java:87) [hdds-server-framework-1.4.0-SNAPSHOT.jar:?]
	at org.apache.hadoop.ozone.protocolPB.OzoneManagerProtocolServerSideTranslatorPB.submitRequest(OzoneManagerProtocolServerSideTranslatorPB.java:148) [ozone-manager-1.4.0-SNAPSHOT.jar:?]
	at org.apache.hadoop.ozone.protocol.proto.OzoneManagerProtocolProtos$OzoneManagerService$2.callBlockingMethod(OzoneManagerProtocolProtos.java) [ozone-interface-client-1.4.0-SNAPSHOT.jar:?]
	at org.apache.hadoop.ipc.ProtobufRpcEngine$Server.processCall(ProtobufRpcEngine.java:484) [hadoop-common-3.3.6.jar:?]
	at org.apache.hadoop.ipc.ProtobufRpcEngine2$Server$ProtoBufRpcInvoker.call(ProtobufRpcEngine2.java:595) [hadoop-common-3.3.6.jar:?]
	at org.apache.hadoop.ipc.ProtobufRpcEngine2$Server$ProtoBufRpcInvoker.call(ProtobufRpcEngine2.java:573) [hadoop-common-3.3.6.jar:?]
	at org.apache.hadoop.ipc.RPC$Server.call(RPC.java:1227) [hadoop-common-3.3.6.jar:?]
	at org.apache.hadoop.ipc.Server$RpcCall.run(Server.java:1094) [hadoop-common-3.3.6.jar:?]
	at org.apache.hadoop.ipc.Server$RpcCall.run(Server.java:1017) [hadoop-common-3.3.6.jar:?]
	at java.security.AccessController.doPrivileged(Native Method) ~[?:1.8.0_382]
	at javax.security.auth.Subject.doAs(Subject.java:422) [?:1.8.0_382]
	at org.apache.hadoop.security.UserGroupInformation.doAs(UserGroupInformation.java:1899) [hadoop-common-3.3.6.jar:?]
	at org.apache.hadoop.ipc.Server$Handler.run(Server.java:3048) [hadoop-common-3.3.6.jar:?]
17:32:34.854 [IPC Server handler 10 on default port 15110] ERROR OMAudit - user=runner | ip=127.0.0.1 | op=GET_FILE_STATUS {volume=volume98659, bucket=bucket57585, key=gdir1/dir6, dataSize=0, replicationConfig=null} | ret=FAILURE
org.apache.hadoop.ozone.om.exceptions.OMException: Unable to get file status: volume: volume98659 bucket: bucket57585 key: gdir1/dir6
	at org.apache.hadoop.ozone.om.KeyManagerImpl.getOzoneFileStatus(KeyManagerImpl.java:1227) ~[ozone-manager-1.4.0-SNAPSHOT.jar:?]
	at org.apache.hadoop.ozone.om.KeyManagerImpl.getFileStatus(KeyManagerImpl.java:1145) ~[ozone-manager-1.4.0-SNAPSHOT.jar:?]
	at org.apache.hadoop.ozone.om.OmMetadataReader.getFileStatus(OmMetadataReader.java:266) ~[ozone-manager-1.4.0-SNAPSHOT.jar:?]
	at org.apache.hadoop.ozone.om.OzoneManager.getFileStatus(OzoneManager.java:3585) ~[ozone-manager-1.4.0-SNAPSHOT.jar:?]
	at org.apache.hadoop.ozone.protocolPB.OzoneManagerRequestHandler.getOzoneFileStatus(OzoneManagerRequestHandler.java:998) ~[ozone-manager-1.4.0-SNAPSHOT.jar:?]
	at org.apache.hadoop.ozone.protocolPB.OzoneManagerRequestHandler.handleReadRequest(OzoneManagerRequestHandler.java:259) ~[ozone-manager-1.4.0-SNAPSHOT.jar:?]
	at org.apache.hadoop.ozone.protocolPB.OzoneManagerProtocolServerSideTranslatorPB.submitReadRequestToOM(OzoneManagerProtocolServerSideTranslatorPB.java:225) ~[ozone-manager-1.4.0-SNAPSHOT.jar:?]
	at org.apache.hadoop.ozone.protocolPB.OzoneManagerProtocolServerSideTranslatorPB.processRequest(OzoneManagerProtocolServerSideTranslatorPB.java:179) ~[ozone-manager-1.4.0-SNAPSHOT.jar:?]
	at org.apache.hadoop.hdds.server.OzoneProtocolMessageDispatcher.processRequest(OzoneProtocolMessageDispatcher.java:87) [hdds-server-framework-1.4.0-SNAPSHOT.jar:?]
	at org.apache.hadoop.ozone.protocolPB.OzoneManagerProtocolServerSideTranslatorPB.submitRequest(OzoneManagerProtocolServerSideTranslatorPB.java:148) [ozone-manager-1.4.0-SNAPSHOT.jar:?]
	at org.apache.hadoop.ozone.protocol.proto.OzoneManagerProtocolProtos$OzoneManagerService$2.callBlockingMethod(OzoneManagerProtocolProtos.java) [ozone-interface-client-1.4.0-SNAPSHOT.jar:?]
	at org.apache.hadoop.ipc.ProtobufRpcEngine$Server.processCall(ProtobufRpcEngine.java:484) [hadoop-common-3.3.6.jar:?]
	at org.apache.hadoop.ipc.ProtobufRpcEngine2$Server$ProtoBufRpcInvoker.call(ProtobufRpcEngine2.java:595) [hadoop-common-3.3.6.jar:?]
	at org.apache.hadoop.ipc.ProtobufRpcEngine2$Server$ProtoBufRpcInvoker.call(ProtobufRpcEngine2.java:573) [hadoop-common-3.3.6.jar:?]
	at org.apache.hadoop.ipc.RPC$Server.call(RPC.java:1227) [hadoop-common-3.3.6.jar:?]
	at org.apache.hadoop.ipc.Server$RpcCall.run(Server.java:1094) [hadoop-common-3.3.6.jar:?]
	at org.apache.hadoop.ipc.Server$RpcCall.run(Server.java:1017) [hadoop-common-3.3.6.jar:?]
	at java.security.AccessController.doPrivileged(Native Method) ~[?:1.8.0_382]
	at javax.security.auth.Subject.doAs(Subject.java:422) [?:1.8.0_382]
	at org.apache.hadoop.security.UserGroupInformation.doAs(UserGroupInformation.java:1899) [hadoop-common-3.3.6.jar:?]
	at org.apache.hadoop.ipc.Server$Handler.run(Server.java:3048) [hadoop-common-3.3.6.jar:?]
17:32:34.855 [IPC Server handler 12 on default port 15110] ERROR OMAudit - user=runner | ip=127.0.0.1 | op=GET_FILE_STATUS {volume=volume98659, bucket=bucket57585, key=gdir1/dir6/child, dataSize=0, replicationConfig=null} | ret=FAILURE
org.apache.hadoop.ozone.om.exceptions.OMException: Unable to get file status: volume: volume98659 bucket: bucket57585 key: gdir1/dir6/child
	at org.apache.hadoop.ozone.om.KeyManagerImpl.getOzoneFileStatus(KeyManagerImpl.java:1227) ~[ozone-manager-1.4.0-SNAPSHOT.jar:?]
	at org.apache.hadoop.ozone.om.KeyManagerImpl.getFileStatus(KeyManagerImpl.java:1145) ~[ozone-manager-1.4.0-SNAPSHOT.jar:?]
	at org.apache.hadoop.ozone.om.OmMetadataReader.getFileStatus(OmMetadataReader.java:266) ~[ozone-manager-1.4.0-SNAPSHOT.jar:?]
	at org.apache.hadoop.ozone.om.OzoneManager.getFileStatus(OzoneManager.java:3585) ~[ozone-manager-1.4.0-SNAPSHOT.jar:?]
	at org.apache.hadoop.ozone.protocolPB.OzoneManagerRequestHandler.getOzoneFileStatus(OzoneManagerRequestHandler.java:998) ~[ozone-manager-1.4.0-SNAPSHOT.jar:?]
	at org.apache.hadoop.ozone.protocolPB.OzoneManagerRequestHandler.handleReadRequest(OzoneManagerRequestHandler.java:259) ~[ozone-manager-1.4.0-SNAPSHOT.jar:?]
	at org.apache.hadoop.ozone.protocolPB.OzoneManagerProtocolServerSideTranslatorPB.submitReadRequestToOM(OzoneManagerProtocolServerSideTranslatorPB.java:225) ~[ozone-manager-1.4.0-SNAPSHOT.jar:?]
	at org.apache.hadoop.ozone.protocolPB.OzoneManagerProtocolServerSideTranslatorPB.processRequest(OzoneManagerProtocolServerSideTranslatorPB.java:179) ~[ozone-manager-1.4.0-SNAPSHOT.jar:?]
	at org.apache.hadoop.hdds.server.OzoneProtocolMessageDispatcher.processRequest(OzoneProtocolMessageDispatcher.java:87) [hdds-server-framework-1.4.0-SNAPSHOT.jar:?]
	at org.apache.hadoop.ozone.protocolPB.OzoneManagerProtocolServerSideTranslatorPB.submitRequest(OzoneManagerProtocolServerSideTranslatorPB.java:148) [ozone-manager-1.4.0-SNAPSHOT.jar:?]
	at org.apache.hadoop.ozone.protocol.proto.OzoneManagerProtocolProtos$OzoneManagerService$2.callBlockingMethod(OzoneManagerProtocolProtos.java) [ozone-interface-client-1.4.0-SNAPSHOT.jar:?]
	at org.apache.hadoop.ipc.ProtobufRpcEngine$Server.processCall(ProtobufRpcEngine.java:484) [hadoop-common-3.3.6.jar:?]
	at org.apache.hadoop.ipc.ProtobufRpcEngine2$Server$ProtoBufRpcInvoker.call(ProtobufRpcEngine2.java:595) [hadoop-common-3.3.6.jar:?]
	at org.apache.hadoop.ipc.ProtobufRpcEngine2$Server$ProtoBufRpcInvoker.call(ProtobufRpcEngine2.java:573) [hadoop-common-3.3.6.jar:?]
	at org.apache.hadoop.ipc.RPC$Server.call(RPC.java:1227) [hadoop-common-3.3.6.jar:?]
	at org.apache.hadoop.ipc.Server$RpcCall.run(Server.java:1094) [hadoop-common-3.3.6.jar:?]
	at org.apache.hadoop.ipc.Server$RpcCall.run(Server.java:1017) [hadoop-common-3.3.6.jar:?]
	at java.security.AccessController.doPrivileged(Native Method) ~[?:1.8.0_382]
	at javax.security.auth.Subject.doAs(Subject.java:422) [?:1.8.0_382]
	at org.apache.hadoop.security.UserGroupInformation.doAs(UserGroupInformation.java:1899) [hadoop-common-3.3.6.jar:?]
	at org.apache.hadoop.ipc.Server$Handler.run(Server.java:3048) [hadoop-common-3.3.6.jar:?]
17:32:34.856 [IPC Server handler 14 on default port 15110] ERROR OMAudit - user=runner | ip=127.0.0.1 | op=GET_FILE_STATUS {volume=volume98659, bucket=bucket57585, key=gdir1/dir7, dataSize=0, replicationConfig=null} | ret=FAILURE
org.apache.hadoop.ozone.om.exceptions.OMException: Unable to get file status: volume: volume98659 bucket: bucket57585 key: gdir1/dir7
	at org.apache.hadoop.ozone.om.KeyManagerImpl.getOzoneFileStatus(KeyManagerImpl.java:1227) ~[ozone-manager-1.4.0-SNAPSHOT.jar:?]
	at org.apache.hadoop.ozone.om.KeyManagerImpl.getFileStatus(KeyManagerImpl.java:1145) ~[ozone-manager-1.4.0-SNAPSHOT.jar:?]
	at org.apache.hadoop.ozone.om.OmMetadataReader.getFileStatus(OmMetadataReader.java:266) ~[ozone-manager-1.4.0-SNAPSHOT.jar:?]
	at org.apache.hadoop.ozone.om.OzoneManager.getFileStatus(OzoneManager.java:3585) ~[ozone-manager-1.4.0-SNAPSHOT.jar:?]
	at org.apache.hadoop.ozone.protocolPB.OzoneManagerRequestHandler.getOzoneFileStatus(OzoneManagerRequestHandler.java:998) ~[ozone-manager-1.4.0-SNAPSHOT.jar:?]
	at org.apache.hadoop.ozone.protocolPB.OzoneManagerRequestHandler.handleReadRequest(OzoneManagerRequestHandler.java:259) ~[ozone-manager-1.4.0-SNAPSHOT.jar:?]
	at org.apache.hadoop.ozone.protocolPB.OzoneManagerProtocolServerSideTranslatorPB.submitReadRequestToOM(OzoneManagerProtocolServerSideTranslatorPB.java:225) ~[ozone-manager-1.4.0-SNAPSHOT.jar:?]
	at org.apache.hadoop.ozone.protocolPB.OzoneManagerProtocolServerSideTranslatorPB.processRequest(OzoneManagerProtocolServerSideTranslatorPB.java:179) ~[ozone-manager-1.4.0-SNAPSHOT.jar:?]
	at org.apache.hadoop.hdds.server.OzoneProtocolMessageDispatcher.processRequest(OzoneProtocolMessageDispatcher.java:87) [hdds-server-framework-1.4.0-SNAPSHOT.jar:?]
	at org.apache.hadoop.ozone.protocolPB.OzoneManagerProtocolServerSideTranslatorPB.submitRequest(OzoneManagerProtocolServerSideTranslatorPB.java:148) [ozone-manager-1.4.0-SNAPSHOT.jar:?]
	at org.apache.hadoop.ozone.protocol.proto.OzoneManagerProtocolProtos$OzoneManagerService$2.callBlockingMethod(OzoneManagerProtocolProtos.java) [ozone-interface-client-1.4.0-SNAPSHOT.jar:?]
	at org.apache.hadoop.ipc.ProtobufRpcEngine$Server.processCall(ProtobufRpcEngine.java:484) [hadoop-common-3.3.6.jar:?]
	at org.apache.hadoop.ipc.ProtobufRpcEngine2$Server$ProtoBufRpcInvoker.call(ProtobufRpcEngine2.java:595) [hadoop-common-3.3.6.jar:?]
	at org.apache.hadoop.ipc.ProtobufRpcEngine2$Server$ProtoBufRpcInvoker.call(ProtobufRpcEngine2.java:573) [hadoop-common-3.3.6.jar:?]
	at org.apache.hadoop.ipc.RPC$Server.call(RPC.java:1227) [hadoop-common-3.3.6.jar:?]
	at org.apache.hadoop.ipc.Server$RpcCall.run(Server.java:1094) [hadoop-common-3.3.6.jar:?]
	at org.apache.hadoop.ipc.Server$RpcCall.run(Server.java:1017) [hadoop-common-3.3.6.jar:?]
	at java.security.AccessController.doPrivileged(Native Method) ~[?:1.8.0_382]
	at javax.security.auth.Subject.doAs(Subject.java:422) [?:1.8.0_382]
	at org.apache.hadoop.security.UserGroupInformation.doAs(UserGroupInformation.java:1899) [hadoop-common-3.3.6.jar:?]
	at org.apache.hadoop.ipc.Server$Handler.run(Server.java:3048) [hadoop-common-3.3.6.jar:?]
17:32:34.857 [IPC Server handler 16 on default port 15110] ERROR OMAudit - user=runner | ip=127.0.0.1 | op=GET_FILE_STATUS {volume=volume98659, bucket=bucket57585, key=gdir1/dir7/child, dataSize=0, replicationConfig=null} | ret=FAILURE
org.apache.hadoop.ozone.om.exceptions.OMException: Unable to get file status: volume: volume98659 bucket: bucket57585 key: gdir1/dir7/child
	at org.apache.hadoop.ozone.om.KeyManagerImpl.getOzoneFileStatus(KeyManagerImpl.java:1227) ~[ozone-manager-1.4.0-SNAPSHOT.jar:?]
	at org.apache.hadoop.ozone.om.KeyManagerImpl.getFileStatus(KeyManagerImpl.java:1145) ~[ozone-manager-1.4.0-SNAPSHOT.jar:?]
	at org.apache.hadoop.ozone.om.OmMetadataReader.getFileStatus(OmMetadataReader.java:266) ~[ozone-manager-1.4.0-SNAPSHOT.jar:?]
	at org.apache.hadoop.ozone.om.OzoneManager.getFileStatus(OzoneManager.java:3585) ~[ozone-manager-1.4.0-SNAPSHOT.jar:?]
	at org.apache.hadoop.ozone.protocolPB.OzoneManagerRequestHandler.getOzoneFileStatus(OzoneManagerRequestHandler.java:998) ~[ozone-manager-1.4.0-SNAPSHOT.jar:?]
	at org.apache.hadoop.ozone.protocolPB.OzoneManagerRequestHandler.handleReadRequest(OzoneManagerRequestHandler.java:259) ~[ozone-manager-1.4.0-SNAPSHOT.jar:?]
	at org.apache.hadoop.ozone.protocolPB.OzoneManagerProtocolServerSideTranslatorPB.submitReadRequestToOM(OzoneManagerProtocolServerSideTranslatorPB.java:225) ~[ozone-manager-1.4.0-SNAPSHOT.jar:?]
	at org.apache.hadoop.ozone.protocolPB.OzoneManagerProtocolServerSideTranslatorPB.processRequest(OzoneManagerProtocolServerSideTranslatorPB.java:179) ~[ozone-manager-1.4.0-SNAPSHOT.jar:?]
	at org.apache.hadoop.hdds.server.OzoneProtocolMessageDispatcher.processRequest(OzoneProtocolMessageDispatcher.java:87) [hdds-server-framework-1.4.0-SNAPSHOT.jar:?]
	at org.apache.hadoop.ozone.protocolPB.OzoneManagerProtocolServerSideTranslatorPB.submitRequest(OzoneManagerProtocolServerSideTranslatorPB.java:148) [ozone-manager-1.4.0-SNAPSHOT.jar:?]
	at org.apache.hadoop.ozone.protocol.proto.OzoneManagerProtocolProtos$OzoneManagerService$2.callBlockingMethod(OzoneManagerProtocolProtos.java) [ozone-interface-client-1.4.0-SNAPSHOT.jar:?]
	at org.apache.hadoop.ipc.ProtobufRpcEngine$Server.processCall(ProtobufRpcEngine.java:484) [hadoop-common-3.3.6.jar:?]
	at org.apache.hadoop.ipc.ProtobufRpcEngine2$Server$ProtoBufRpcInvoker.call(ProtobufRpcEngine2.java:595) [hadoop-common-3.3.6.jar:?]
	at org.apache.hadoop.ipc.ProtobufRpcEngine2$Server$ProtoBufRpcInvoker.call(ProtobufRpcEngine2.java:573) [hadoop-common-3.3.6.jar:?]
	at org.apache.hadoop.ipc.RPC$Server.call(RPC.java:1227) [hadoop-common-3.3.6.jar:?]
	at org.apache.hadoop.ipc.Server$RpcCall.run(Server.java:1094) [hadoop-common-3.3.6.jar:?]
	at org.apache.hadoop.ipc.Server$RpcCall.run(Server.java:1017) [hadoop-common-3.3.6.jar:?]
	at java.security.AccessController.doPrivileged(Native Method) ~[?:1.8.0_382]
	at javax.security.auth.Subject.doAs(Subject.java:422) [?:1.8.0_382]
	at org.apache.hadoop.security.UserGroupInformation.doAs(UserGroupInformation.java:1899) [hadoop-common-3.3.6.jar:?]
	at org.apache.hadoop.ipc.Server$Handler.run(Server.java:3048) [hadoop-common-3.3.6.jar:?]
17:32:34.858 [IPC Server handler 18 on default port 15110] ERROR OMAudit - user=runner | ip=127.0.0.1 | op=GET_FILE_STATUS {volume=volume98659, bucket=bucket57585, key=gdir1/dir8, dataSize=0, replicationConfig=null} | ret=FAILURE
org.apache.hadoop.ozone.om.exceptions.OMException: Unable to get file status: volume: volume98659 bucket: bucket57585 key: gdir1/dir8
	at org.apache.hadoop.ozone.om.KeyManagerImpl.getOzoneFileStatus(KeyManagerImpl.java:1227) ~[ozone-manager-1.4.0-SNAPSHOT.jar:?]
	at org.apache.hadoop.ozone.om.KeyManagerImpl.getFileStatus(KeyManagerImpl.java:1145) ~[ozone-manager-1.4.0-SNAPSHOT.jar:?]
	at org.apache.hadoop.ozone.om.OmMetadataReader.getFileStatus(OmMetadataReader.java:266) ~[ozone-manager-1.4.0-SNAPSHOT.jar:?]
	at org.apache.hadoop.ozone.om.OzoneManager.getFileStatus(OzoneManager.java:3585) ~[ozone-manager-1.4.0-SNAPSHOT.jar:?]
	at org.apache.hadoop.ozone.protocolPB.OzoneManagerRequestHandler.getOzoneFileStatus(OzoneManagerRequestHandler.java:998) ~[ozone-manager-1.4.0-SNAPSHOT.jar:?]
	at org.apache.hadoop.ozone.protocolPB.OzoneManagerRequestHandler.handleReadRequest(OzoneManagerRequestHandler.java:259) ~[ozone-manager-1.4.0-SNAPSHOT.jar:?]
	at org.apache.hadoop.ozone.protocolPB.OzoneManagerProtocolServerSideTranslatorPB.submitReadRequestToOM(OzoneManagerProtocolServerSideTranslatorPB.java:225) ~[ozone-manager-1.4.0-SNAPSHOT.jar:?]
	at org.apache.hadoop.ozone.protocolPB.OzoneManagerProtocolServerSideTranslatorPB.processRequest(OzoneManagerProtocolServerSideTranslatorPB.java:179) ~[ozone-manager-1.4.0-SNAPSHOT.jar:?]
	at org.apache.hadoop.hdds.server.OzoneProtocolMessageDispatcher.processRequest(OzoneProtocolMessageDispatcher.java:87) [hdds-server-framework-1.4.0-SNAPSHOT.jar:?]
	at org.apache.hadoop.ozone.protocolPB.OzoneManagerProtocolServerSideTranslatorPB.submitRequest(OzoneManagerProtocolServerSideTranslatorPB.java:148) [ozone-manager-1.4.0-SNAPSHOT.jar:?]
	at org.apache.hadoop.ozone.protocol.proto.OzoneManagerProtocolProtos$OzoneManagerService$2.callBlockingMethod(OzoneManagerProtocolProtos.java) [ozone-interface-client-1.4.0-SNAPSHOT.jar:?]
	at org.apache.hadoop.ipc.ProtobufRpcEngine$Server.processCall(ProtobufRpcEngine.java:484) [hadoop-common-3.3.6.jar:?]
	at org.apache.hadoop.ipc.ProtobufRpcEngine2$Server$ProtoBufRpcInvoker.call(ProtobufRpcEngine2.java:595) [hadoop-common-3.3.6.jar:?]
	at org.apache.hadoop.ipc.ProtobufRpcEngine2$Server$ProtoBufRpcInvoker.call(ProtobufRpcEngine2.java:573) [hadoop-common-3.3.6.jar:?]
	at org.apache.hadoop.ipc.RPC$Server.call(RPC.java:1227) [hadoop-common-3.3.6.jar:?]
	at org.apache.hadoop.ipc.Server$RpcCall.run(Server.java:1094) [hadoop-common-3.3.6.jar:?]
	at org.apache.hadoop.ipc.Server$RpcCall.run(Server.java:1017) [hadoop-common-3.3.6.jar:?]
	at java.security.AccessController.doPrivileged(Native Method) ~[?:1.8.0_382]
	at javax.security.auth.Subject.doAs(Subject.java:422) [?:1.8.0_382]
	at org.apache.hadoop.security.UserGroupInformation.doAs(UserGroupInformation.java:1899) [hadoop-common-3.3.6.jar:?]
	at org.apache.hadoop.ipc.Server$Handler.run(Server.java:3048) [hadoop-common-3.3.6.jar:?]
17:32:34.861 [IPC Server handler 11 on default port 15110] ERROR OMAudit - user=runner | ip=127.0.0.1 | op=GET_FILE_STATUS {volume=volume98659, bucket=bucket57585, key=gdir1/dir8/child, dataSize=0, replicationConfig=null} | ret=FAILURE
org.apache.hadoop.ozone.om.exceptions.OMException: Unable to get file status: volume: volume98659 bucket: bucket57585 key: gdir1/dir8/child
	at org.apache.hadoop.ozone.om.KeyManagerImpl.getOzoneFileStatus(KeyManagerImpl.java:1227) ~[ozone-manager-1.4.0-SNAPSHOT.jar:?]
	at org.apache.hadoop.ozone.om.KeyManagerImpl.getFileStatus(KeyManagerImpl.java:1145) ~[ozone-manager-1.4.0-SNAPSHOT.jar:?]
	at org.apache.hadoop.ozone.om.OmMetadataReader.getFileStatus(OmMetadataReader.java:266) ~[ozone-manager-1.4.0-SNAPSHOT.jar:?]
	at org.apache.hadoop.ozone.om.OzoneManager.getFileStatus(OzoneManager.java:3585) ~[ozone-manager-1.4.0-SNAPSHOT.jar:?]
	at org.apache.hadoop.ozone.protocolPB.OzoneManagerRequestHandler.getOzoneFileStatus(OzoneManagerRequestHandler.java:998) ~[ozone-manager-1.4.0-SNAPSHOT.jar:?]
	at org.apache.hadoop.ozone.protocolPB.OzoneManagerRequestHandler.handleReadRequest(OzoneManagerRequestHandler.java:259) ~[ozone-manager-1.4.0-SNAPSHOT.jar:?]
	at org.apache.hadoop.ozone.protocolPB.OzoneManagerProtocolServerSideTranslatorPB.submitReadRequestToOM(OzoneManagerProtocolServerSideTranslatorPB.java:225) ~[ozone-manager-1.4.0-SNAPSHOT.jar:?]
	at org.apache.hadoop.ozone.protocolPB.OzoneManagerProtocolServerSideTranslatorPB.processRequest(OzoneManagerProtocolServerSideTranslatorPB.java:179) ~[ozone-manager-1.4.0-SNAPSHOT.jar:?]
	at org.apache.hadoop.hdds.server.OzoneProtocolMessageDispatcher.processRequest(OzoneProtocolMessageDispatcher.java:87) [hdds-server-framework-1.4.0-SNAPSHOT.jar:?]
	at org.apache.hadoop.ozone.protocolPB.OzoneManagerProtocolServerSideTranslatorPB.submitRequest(OzoneManagerProtocolServerSideTranslatorPB.java:148) [ozone-manager-1.4.0-SNAPSHOT.jar:?]
	at org.apache.hadoop.ozone.protocol.proto.OzoneManagerProtocolProtos$OzoneManagerService$2.callBlockingMethod(OzoneManagerProtocolProtos.java) [ozone-interface-client-1.4.0-SNAPSHOT.jar:?]
	at org.apache.hadoop.ipc.ProtobufRpcEngine$Server.processCall(ProtobufRpcEngine.java:484) [hadoop-common-3.3.6.jar:?]
	at org.apache.hadoop.ipc.ProtobufRpcEngine2$Server$ProtoBufRpcInvoker.call(ProtobufRpcEngine2.java:595) [hadoop-common-3.3.6.jar:?]
	at org.apache.hadoop.ipc.ProtobufRpcEngine2$Server$ProtoBufRpcInvoker.call(ProtobufRpcEngine2.java:573) [hadoop-common-3.3.6.jar:?]
	at org.apache.hadoop.ipc.RPC$Server.call(RPC.java:1227) [hadoop-common-3.3.6.jar:?]
	at org.apache.hadoop.ipc.Server$RpcCall.run(Server.java:1094) [hadoop-common-3.3.6.jar:?]
	at org.apache.hadoop.ipc.Server$RpcCall.run(Server.java:1017) [hadoop-common-3.3.6.jar:?]
	at java.security.AccessController.doPrivileged(Native Method) ~[?:1.8.0_382]
	at javax.security.auth.Subject.doAs(Subject.java:422) [?:1.8.0_382]
	at org.apache.hadoop.security.UserGroupInformation.doAs(UserGroupInformation.java:1899) [hadoop-common-3.3.6.jar:?]
	at org.apache.hadoop.ipc.Server$Handler.run(Server.java:3048) [hadoop-common-3.3.6.jar:?]
17:32:34.862 [IPC Server handler 15 on default port 15110] ERROR OMAudit - user=runner | ip=127.0.0.1 | op=GET_FILE_STATUS {volume=volume98659, bucket=bucket57585, key=gdir1/dir9, dataSize=0, replicationConfig=null} | ret=FAILURE
org.apache.hadoop.ozone.om.exceptions.OMException: Unable to get file status: volume: volume98659 bucket: bucket57585 key: gdir1/dir9
	at org.apache.hadoop.ozone.om.KeyManagerImpl.getOzoneFileStatus(KeyManagerImpl.java:1227) ~[ozone-manager-1.4.0-SNAPSHOT.jar:?]
	at org.apache.hadoop.ozone.om.KeyManagerImpl.getFileStatus(KeyManagerImpl.java:1145) ~[ozone-manager-1.4.0-SNAPSHOT.jar:?]
	at org.apache.hadoop.ozone.om.OmMetadataReader.getFileStatus(OmMetadataReader.java:266) ~[ozone-manager-1.4.0-SNAPSHOT.jar:?]
	at org.apache.hadoop.ozone.om.OzoneManager.getFileStatus(OzoneManager.java:3585) ~[ozone-manager-1.4.0-SNAPSHOT.jar:?]
	at org.apache.hadoop.ozone.protocolPB.OzoneManagerRequestHandler.getOzoneFileStatus(OzoneManagerRequestHandler.java:998) ~[ozone-manager-1.4.0-SNAPSHOT.jar:?]
	at org.apache.hadoop.ozone.protocolPB.OzoneManagerRequestHandler.handleReadRequest(OzoneManagerRequestHandler.java:259) ~[ozone-manager-1.4.0-SNAPSHOT.jar:?]
	at org.apache.hadoop.ozone.protocolPB.OzoneManagerProtocolServerSideTranslatorPB.submitReadRequestToOM(OzoneManagerProtocolServerSideTranslatorPB.java:225) ~[ozone-manager-1.4.0-SNAPSHOT.jar:?]
	at org.apache.hadoop.ozone.protocolPB.OzoneManagerProtocolServerSideTranslatorPB.processRequest(OzoneManagerProtocolServerSideTranslatorPB.java:179) ~[ozone-manager-1.4.0-SNAPSHOT.jar:?]
	at org.apache.hadoop.hdds.server.OzoneProtocolMessageDispatcher.processRequest(OzoneProtocolMessageDispatcher.java:87) [hdds-server-framework-1.4.0-SNAPSHOT.jar:?]
	at org.apache.hadoop.ozone.protocolPB.OzoneManagerProtocolServerSideTranslatorPB.submitRequest(OzoneManagerProtocolServerSideTranslatorPB.java:148) [ozone-manager-1.4.0-SNAPSHOT.jar:?]
	at org.apache.hadoop.ozone.protocol.proto.OzoneManagerProtocolProtos$OzoneManagerService$2.callBlockingMethod(OzoneManagerProtocolProtos.java) [ozone-interface-client-1.4.0-SNAPSHOT.jar:?]
	at org.apache.hadoop.ipc.ProtobufRpcEngine$Server.processCall(ProtobufRpcEngine.java:484) [hadoop-common-3.3.6.jar:?]
	at org.apache.hadoop.ipc.ProtobufRpcEngine2$Server$ProtoBufRpcInvoker.call(ProtobufRpcEngine2.java:595) [hadoop-common-3.3.6.jar:?]
	at org.apache.hadoop.ipc.ProtobufRpcEngine2$Server$ProtoBufRpcInvoker.call(ProtobufRpcEngine2.java:573) [hadoop-common-3.3.6.jar:?]
	at org.apache.hadoop.ipc.RPC$Server.call(RPC.java:1227) [hadoop-common-3.3.6.jar:?]
	at org.apache.hadoop.ipc.Server$RpcCall.run(Server.java:1094) [hadoop-common-3.3.6.jar:?]
	at org.apache.hadoop.ipc.Server$RpcCall.run(Server.java:1017) [hadoop-common-3.3.6.jar:?]
	at java.security.AccessController.doPrivileged(Native Method) ~[?:1.8.0_382]
	at javax.security.auth.Subject.doAs(Subject.java:422) [?:1.8.0_382]
	at org.apache.hadoop.security.UserGroupInformation.doAs(UserGroupInformation.java:1899) [hadoop-common-3.3.6.jar:?]
	at org.apache.hadoop.ipc.Server$Handler.run(Server.java:3048) [hadoop-common-3.3.6.jar:?]
17:32:34.864 [IPC Server handler 17 on default port 15110] ERROR OMAudit - user=runner | ip=127.0.0.1 | op=GET_FILE_STATUS {volume=volume98659, bucket=bucket57585, key=gdir1/dir9/child, dataSize=0, replicationConfig=null} | ret=FAILURE
org.apache.hadoop.ozone.om.exceptions.OMException: Unable to get file status: volume: volume98659 bucket: bucket57585 key: gdir1/dir9/child
	at org.apache.hadoop.ozone.om.KeyManagerImpl.getOzoneFileStatus(KeyManagerImpl.java:1227) ~[ozone-manager-1.4.0-SNAPSHOT.jar:?]
	at org.apache.hadoop.ozone.om.KeyManagerImpl.getFileStatus(KeyManagerImpl.java:1145) ~[ozone-manager-1.4.0-SNAPSHOT.jar:?]
	at org.apache.hadoop.ozone.om.OmMetadataReader.getFileStatus(OmMetadataReader.java:266) ~[ozone-manager-1.4.0-SNAPSHOT.jar:?]
	at org.apache.hadoop.ozone.om.OzoneManager.getFileStatus(OzoneManager.java:3585) ~[ozone-manager-1.4.0-SNAPSHOT.jar:?]
	at org.apache.hadoop.ozone.protocolPB.OzoneManagerRequestHandler.getOzoneFileStatus(OzoneManagerRequestHandler.java:998) ~[ozone-manager-1.4.0-SNAPSHOT.jar:?]
	at org.apache.hadoop.ozone.protocolPB.OzoneManagerRequestHandler.handleReadRequest(OzoneManagerRequestHandler.java:259) ~[ozone-manager-1.4.0-SNAPSHOT.jar:?]
	at org.apache.hadoop.ozone.protocolPB.OzoneManagerProtocolServerSideTranslatorPB.submitReadRequestToOM(OzoneManagerProtocolServerSideTranslatorPB.java:225) ~[ozone-manager-1.4.0-SNAPSHOT.jar:?]
	at org.apache.hadoop.ozone.protocolPB.OzoneManagerProtocolServerSideTranslatorPB.processRequest(OzoneManagerProtocolServerSideTranslatorPB.java:179) ~[ozone-manager-1.4.0-SNAPSHOT.jar:?]
	at org.apache.hadoop.hdds.server.OzoneProtocolMessageDispatcher.processRequest(OzoneProtocolMessageDispatcher.java:87) [hdds-server-framework-1.4.0-SNAPSHOT.jar:?]
	at org.apache.hadoop.ozone.protocolPB.OzoneManagerProtocolServerSideTranslatorPB.submitRequest(OzoneManagerProtocolServerSideTranslatorPB.java:148) [ozone-manager-1.4.0-SNAPSHOT.jar:?]
	at org.apache.hadoop.ozone.protocol.proto.OzoneManagerProtocolProtos$OzoneManagerService$2.callBlockingMethod(OzoneManagerProtocolProtos.java) [ozone-interface-client-1.4.0-SNAPSHOT.jar:?]
	at org.apache.hadoop.ipc.ProtobufRpcEngine$Server.processCall(ProtobufRpcEngine.java:484) [hadoop-common-3.3.6.jar:?]
	at org.apache.hadoop.ipc.ProtobufRpcEngine2$Server$ProtoBufRpcInvoker.call(ProtobufRpcEngine2.java:595) [hadoop-common-3.3.6.jar:?]
	at org.apache.hadoop.ipc.ProtobufRpcEngine2$Server$ProtoBufRpcInvoker.call(ProtobufRpcEngine2.java:573) [hadoop-common-3.3.6.jar:?]
	at org.apache.hadoop.ipc.RPC$Server.call(RPC.java:1227) [hadoop-common-3.3.6.jar:?]
	at org.apache.hadoop.ipc.Server$RpcCall.run(Server.java:1094) [hadoop-common-3.3.6.jar:?]
	at org.apache.hadoop.ipc.Server$RpcCall.run(Server.java:1017) [hadoop-common-3.3.6.jar:?]
	at java.security.AccessController.doPrivileged(Native Method) ~[?:1.8.0_382]
	at javax.security.auth.Subject.doAs(Subject.java:422) [?:1.8.0_382]
	at org.apache.hadoop.security.UserGroupInformation.doAs(UserGroupInformation.java:1899) [hadoop-common-3.3.6.jar:?]
	at org.apache.hadoop.ipc.Server$Handler.run(Server.java:3048) [hadoop-common-3.3.6.jar:?]
17:32:34.865 [IPC Server handler 13 on default port 15110] ERROR OMAudit - user=runner | ip=127.0.0.1 | op=GET_FILE_STATUS {volume=volume98659, bucket=bucket57585, key=gdir1/dir10, dataSize=0, replicationConfig=null} | ret=FAILURE
org.apache.hadoop.ozone.om.exceptions.OMException: Unable to get file status: volume: volume98659 bucket: bucket57585 key: gdir1/dir10
	at org.apache.hadoop.ozone.om.KeyManagerImpl.getOzoneFileStatus(KeyManagerImpl.java:1227) ~[ozone-manager-1.4.0-SNAPSHOT.jar:?]
	at org.apache.hadoop.ozone.om.KeyManagerImpl.getFileStatus(KeyManagerImpl.java:1145) ~[ozone-manager-1.4.0-SNAPSHOT.jar:?]
	at org.apache.hadoop.ozone.om.OmMetadataReader.getFileStatus(OmMetadataReader.java:266) ~[ozone-manager-1.4.0-SNAPSHOT.jar:?]
	at org.apache.hadoop.ozone.om.OzoneManager.getFileStatus(OzoneManager.java:3585) ~[ozone-manager-1.4.0-SNAPSHOT.jar:?]
	at org.apache.hadoop.ozone.protocolPB.OzoneManagerRequestHandler.getOzoneFileStatus(OzoneManagerRequestHandler.java:998) ~[ozone-manager-1.4.0-SNAPSHOT.jar:?]
	at org.apache.hadoop.ozone.protocolPB.OzoneManagerRequestHandler.handleReadRequest(OzoneManagerRequestHandler.java:259) ~[ozone-manager-1.4.0-SNAPSHOT.jar:?]
	at org.apache.hadoop.ozone.protocolPB.OzoneManagerProtocolServerSideTranslatorPB.submitReadRequestToOM(OzoneManagerProtocolServerSideTranslatorPB.java:225) ~[ozone-manager-1.4.0-SNAPSHOT.jar:?]
	at org.apache.hadoop.ozone.protocolPB.OzoneManagerProtocolServerSideTranslatorPB.processRequest(OzoneManagerProtocolServerSideTranslatorPB.java:179) ~[ozone-manager-1.4.0-SNAPSHOT.jar:?]
	at org.apache.hadoop.hdds.server.OzoneProtocolMessageDispatcher.processRequest(OzoneProtocolMessageDispatcher.java:87) [hdds-server-framework-1.4.0-SNAPSHOT.jar:?]
	at org.apache.hadoop.ozone.protocolPB.OzoneManagerProtocolServerSideTranslatorPB.submitRequest(OzoneManagerProtocolServerSideTranslatorPB.java:148) [ozone-manager-1.4.0-SNAPSHOT.jar:?]
	at org.apache.hadoop.ozone.protocol.proto.OzoneManagerProtocolProtos$OzoneManagerService$2.callBlockingMethod(OzoneManagerProtocolProtos.java) [ozone-interface-client-1.4.0-SNAPSHOT.jar:?]
	at org.apache.hadoop.ipc.ProtobufRpcEngine$Server.processCall(ProtobufRpcEngine.java:484) [hadoop-common-3.3.6.jar:?]
	at org.apache.hadoop.ipc.ProtobufRpcEngine2$Server$ProtoBufRpcInvoker.call(ProtobufRpcEngine2.java:595) [hadoop-common-3.3.6.jar:?]
	at org.apache.hadoop.ipc.ProtobufRpcEngine2$Server$ProtoBufRpcInvoker.call(ProtobufRpcEngine2.java:573) [hadoop-common-3.3.6.jar:?]
	at org.apache.hadoop.ipc.RPC$Server.call(RPC.java:1227) [hadoop-common-3.3.6.jar:?]
	at org.apache.hadoop.ipc.Server$RpcCall.run(Server.java:1094) [hadoop-common-3.3.6.jar:?]
	at org.apache.hadoop.ipc.Server$RpcCall.run(Server.java:1017) [hadoop-common-3.3.6.jar:?]
	at java.security.AccessController.doPrivileged(Native Method) ~[?:1.8.0_382]
	at javax.security.auth.Subject.doAs(Subject.java:422) [?:1.8.0_382]
	at org.apache.hadoop.security.UserGroupInformation.doAs(UserGroupInformation.java:1899) [hadoop-common-3.3.6.jar:?]
	at org.apache.hadoop.ipc.Server$Handler.run(Server.java:3048) [hadoop-common-3.3.6.jar:?]
17:32:34.866 [IPC Server handler 19 on default port 15110] ERROR OMAudit - user=runner | ip=127.0.0.1 | op=GET_FILE_STATUS {volume=volume98659, bucket=bucket57585, key=gdir1/dir10/child, dataSize=0, replicationConfig=null} | ret=FAILURE
org.apache.hadoop.ozone.om.exceptions.OMException: Unable to get file status: volume: volume98659 bucket: bucket57585 key: gdir1/dir10/child
	at org.apache.hadoop.ozone.om.KeyManagerImpl.getOzoneFileStatus(KeyManagerImpl.java:1227) ~[ozone-manager-1.4.0-SNAPSHOT.jar:?]
	at org.apache.hadoop.ozone.om.KeyManagerImpl.getFileStatus(KeyManagerImpl.java:1145) ~[ozone-manager-1.4.0-SNAPSHOT.jar:?]
	at org.apache.hadoop.ozone.om.OmMetadataReader.getFileStatus(OmMetadataReader.java:266) ~[ozone-manager-1.4.0-SNAPSHOT.jar:?]
	at org.apache.hadoop.ozone.om.OzoneManager.getFileStatus(OzoneManager.java:3585) ~[ozone-manager-1.4.0-SNAPSHOT.jar:?]
	at org.apache.hadoop.ozone.protocolPB.OzoneManagerRequestHandler.getOzoneFileStatus(OzoneManagerRequestHandler.java:998) ~[ozone-manager-1.4.0-SNAPSHOT.jar:?]
	at org.apache.hadoop.ozone.protocolPB.OzoneManagerRequestHandler.handleReadRequest(OzoneManagerRequestHandler.java:259) ~[ozone-manager-1.4.0-SNAPSHOT.jar:?]
	at org.apache.hadoop.ozone.protocolPB.OzoneManagerProtocolServerSideTranslatorPB.submitReadRequestToOM(OzoneManagerProtocolServerSideTranslatorPB.java:225) ~[ozone-manager-1.4.0-SNAPSHOT.jar:?]
	at org.apache.hadoop.ozone.protocolPB.OzoneManagerProtocolServerSideTranslatorPB.processRequest(OzoneManagerProtocolServerSideTranslatorPB.java:179) ~[ozone-manager-1.4.0-SNAPSHOT.jar:?]
	at org.apache.hadoop.hdds.server.OzoneProtocolMessageDispatcher.processRequest(OzoneProtocolMessageDispatcher.java:87) [hdds-server-framework-1.4.0-SNAPSHOT.jar:?]
	at org.apache.hadoop.ozone.protocolPB.OzoneManagerProtocolServerSideTranslatorPB.submitRequest(OzoneManagerProtocolServerSideTranslatorPB.java:148) [ozone-manager-1.4.0-SNAPSHOT.jar:?]
	at org.apache.hadoop.ozone.protocol.proto.OzoneManagerProtocolProtos$OzoneManagerService$2.callBlockingMethod(OzoneManagerProtocolProtos.java) [ozone-interface-client-1.4.0-SNAPSHOT.jar:?]
	at org.apache.hadoop.ipc.ProtobufRpcEngine$Server.processCall(ProtobufRpcEngine.java:484) [hadoop-common-3.3.6.jar:?]
	at org.apache.hadoop.ipc.ProtobufRpcEngine2$Server$ProtoBufRpcInvoker.call(ProtobufRpcEngine2.java:595) [hadoop-common-3.3.6.jar:?]
	at org.apache.hadoop.ipc.ProtobufRpcEngine2$Server$ProtoBufRpcInvoker.call(ProtobufRpcEngine2.java:573) [hadoop-common-3.3.6.jar:?]
	at org.apache.hadoop.ipc.RPC$Server.call(RPC.java:1227) [hadoop-common-3.3.6.jar:?]
	at org.apache.hadoop.ipc.Server$RpcCall.run(Server.java:1094) [hadoop-common-3.3.6.jar:?]
	at org.apache.hadoop.ipc.Server$RpcCall.run(Server.java:1017) [hadoop-common-3.3.6.jar:?]
	at java.security.AccessController.doPrivileged(Native Method) ~[?:1.8.0_382]
	at javax.security.auth.Subject.doAs(Subject.java:422) [?:1.8.0_382]
	at org.apache.hadoop.security.UserGroupInformation.doAs(UserGroupInformation.java:1899) [hadoop-common-3.3.6.jar:?]
	at org.apache.hadoop.ipc.Server$Handler.run(Server.java:3048) [hadoop-common-3.3.6.jar:?]
17:32:34.935 [IPC Server handler 16 on default port 15110] ERROR OMAudit - user=runner | ip=127.0.0.1 | op=GET_FILE_STATUS {volume=volume98659, bucket=bucket57585, key=level0, dataSize=0, replicationConfig=null} | ret=FAILURE
org.apache.hadoop.ozone.om.exceptions.OMException: Unable to get file status: volume: volume98659 bucket: bucket57585 key: level0
	at org.apache.hadoop.ozone.om.KeyManagerImpl.getOzoneFileStatus(KeyManagerImpl.java:1227) ~[ozone-manager-1.4.0-SNAPSHOT.jar:?]
	at org.apache.hadoop.ozone.om.KeyManagerImpl.getFileStatus(KeyManagerImpl.java:1145) ~[ozone-manager-1.4.0-SNAPSHOT.jar:?]
	at org.apache.hadoop.ozone.om.OmMetadataReader.getFileStatus(OmMetadataReader.java:266) ~[ozone-manager-1.4.0-SNAPSHOT.jar:?]
	at org.apache.hadoop.ozone.om.OzoneManager.getFileStatus(OzoneManager.java:3585) ~[ozone-manager-1.4.0-SNAPSHOT.jar:?]
	at org.apache.hadoop.ozone.protocolPB.OzoneManagerRequestHandler.getOzoneFileStatus(OzoneManagerRequestHandler.java:998) ~[ozone-manager-1.4.0-SNAPSHOT.jar:?]
	at org.apache.hadoop.ozone.protocolPB.OzoneManagerRequestHandler.handleReadRequest(OzoneManagerRequestHandler.java:259) ~[ozone-manager-1.4.0-SNAPSHOT.jar:?]
	at org.apache.hadoop.ozone.protocolPB.OzoneManagerProtocolServerSideTranslatorPB.submitReadRequestToOM(OzoneManagerProtocolServerSideTranslatorPB.java:225) ~[ozone-manager-1.4.0-SNAPSHOT.jar:?]
	at org.apache.hadoop.ozone.protocolPB.OzoneManagerProtocolServerSideTranslatorPB.processRequest(OzoneManagerProtocolServerSideTranslatorPB.java:179) ~[ozone-manager-1.4.0-SNAPSHOT.jar:?]
	at org.apache.hadoop.hdds.server.OzoneProtocolMessageDispatcher.processRequest(OzoneProtocolMessageDispatcher.java:87) [hdds-server-framework-1.4.0-SNAPSHOT.jar:?]
	at org.apache.hadoop.ozone.protocolPB.OzoneManagerProtocolServerSideTranslatorPB.submitRequest(OzoneManagerProtocolServerSideTranslatorPB.java:148) [ozone-manager-1.4.0-SNAPSHOT.jar:?]
	at org.apache.hadoop.ozone.protocol.proto.OzoneManagerProtocolProtos$OzoneManagerService$2.callBlockingMethod(OzoneManagerProtocolProtos.java) [ozone-interface-client-1.4.0-SNAPSHOT.jar:?]
	at org.apache.hadoop.ipc.ProtobufRpcEngine$Server.processCall(ProtobufRpcEngine.java:484) [hadoop-common-3.3.6.jar:?]
	at org.apache.hadoop.ipc.ProtobufRpcEngine2$Server$ProtoBufRpcInvoker.call(ProtobufRpcEngine2.java:595) [hadoop-common-3.3.6.jar:?]
	at org.apache.hadoop.ipc.ProtobufRpcEngine2$Server$ProtoBufRpcInvoker.call(ProtobufRpcEngine2.java:573) [hadoop-common-3.3.6.jar:?]
	at org.apache.hadoop.ipc.RPC$Server.call(RPC.java:1227) [hadoop-common-3.3.6.jar:?]
	at org.apache.hadoop.ipc.Server$RpcCall.run(Server.java:1094) [hadoop-common-3.3.6.jar:?]
	at org.apache.hadoop.ipc.Server$RpcCall.run(Server.java:1017) [hadoop-common-3.3.6.jar:?]
	at java.security.AccessController.doPrivileged(Native Method) ~[?:1.8.0_382]
	at javax.security.auth.Subject.doAs(Subject.java:422) [?:1.8.0_382]
	at org.apache.hadoop.security.UserGroupInformation.doAs(UserGroupInformation.java:1899) [hadoop-common-3.3.6.jar:?]
	at org.apache.hadoop.ipc.Server$Handler.run(Server.java:3048) [hadoop-common-3.3.6.jar:?]
17:32:34.936 [IPC Server handler 18 on default port 15110] ERROR OMAudit - user=runner | ip=127.0.0.1 | op=GET_FILE_STATUS {volume=volume98659, bucket=bucket57585, key=level0/level1, dataSize=0, replicationConfig=null} | ret=FAILURE
org.apache.hadoop.ozone.om.exceptions.OMException: Unable to get file status: volume: volume98659 bucket: bucket57585 key: level0/level1
	at org.apache.hadoop.ozone.om.KeyManagerImpl.getOzoneFileStatus(KeyManagerImpl.java:1227) ~[ozone-manager-1.4.0-SNAPSHOT.jar:?]
	at org.apache.hadoop.ozone.om.KeyManagerImpl.getFileStatus(KeyManagerImpl.java:1145) ~[ozone-manager-1.4.0-SNAPSHOT.jar:?]
	at org.apache.hadoop.ozone.om.OmMetadataReader.getFileStatus(OmMetadataReader.java:266) ~[ozone-manager-1.4.0-SNAPSHOT.jar:?]
	at org.apache.hadoop.ozone.om.OzoneManager.getFileStatus(OzoneManager.java:3585) ~[ozone-manager-1.4.0-SNAPSHOT.jar:?]
	at org.apache.hadoop.ozone.protocolPB.OzoneManagerRequestHandler.getOzoneFileStatus(OzoneManagerRequestHandler.java:998) ~[ozone-manager-1.4.0-SNAPSHOT.jar:?]
	at org.apache.hadoop.ozone.protocolPB.OzoneManagerRequestHandler.handleReadRequest(OzoneManagerRequestHandler.java:259) ~[ozone-manager-1.4.0-SNAPSHOT.jar:?]
	at org.apache.hadoop.ozone.protocolPB.OzoneManagerProtocolServerSideTranslatorPB.submitReadRequestToOM(OzoneManagerProtocolServerSideTranslatorPB.java:225) ~[ozone-manager-1.4.0-SNAPSHOT.jar:?]
	at org.apache.hadoop.ozone.protocolPB.OzoneManagerProtocolServerSideTranslatorPB.processRequest(OzoneManagerProtocolServerSideTranslatorPB.java:179) ~[ozone-manager-1.4.0-SNAPSHOT.jar:?]
	at org.apache.hadoop.hdds.server.OzoneProtocolMessageDispatcher.processRequest(OzoneProtocolMessageDispatcher.java:87) [hdds-server-framework-1.4.0-SNAPSHOT.jar:?]
	at org.apache.hadoop.ozone.protocolPB.OzoneManagerProtocolServerSideTranslatorPB.submitRequest(OzoneManagerProtocolServerSideTranslatorPB.java:148) [ozone-manager-1.4.0-SNAPSHOT.jar:?]
	at org.apache.hadoop.ozone.protocol.proto.OzoneManagerProtocolProtos$OzoneManagerService$2.callBlockingMethod(OzoneManagerProtocolProtos.java) [ozone-interface-client-1.4.0-SNAPSHOT.jar:?]
	at org.apache.hadoop.ipc.ProtobufRpcEngine$Server.processCall(ProtobufRpcEngine.java:484) [hadoop-common-3.3.6.jar:?]
	at org.apache.hadoop.ipc.ProtobufRpcEngine2$Server$ProtoBufRpcInvoker.call(ProtobufRpcEngine2.java:595) [hadoop-common-3.3.6.jar:?]
	at org.apache.hadoop.ipc.ProtobufRpcEngine2$Server$ProtoBufRpcInvoker.call(ProtobufRpcEngine2.java:573) [hadoop-common-3.3.6.jar:?]
	at org.apache.hadoop.ipc.RPC$Server.call(RPC.java:1227) [hadoop-common-3.3.6.jar:?]
	at org.apache.hadoop.ipc.Server$RpcCall.run(Server.java:1094) [hadoop-common-3.3.6.jar:?]
	at org.apache.hadoop.ipc.Server$RpcCall.run(Server.java:1017) [hadoop-common-3.3.6.jar:?]
	at java.security.AccessController.doPrivileged(Native Method) ~[?:1.8.0_382]
	at javax.security.auth.Subject.doAs(Subject.java:422) [?:1.8.0_382]
	at org.apache.hadoop.security.UserGroupInformation.doAs(UserGroupInformation.java:1899) [hadoop-common-3.3.6.jar:?]
	at org.apache.hadoop.ipc.Server$Handler.run(Server.java:3048) [hadoop-common-3.3.6.jar:?]
17:32:34.937 [IPC Server handler 11 on default port 15110] ERROR OMAudit - user=runner | ip=127.0.0.1 | op=GET_FILE_STATUS {volume=volume98659, bucket=bucket57585, key=level0/level1/level1, dataSize=0, replicationConfig=null} | ret=FAILURE
org.apache.hadoop.ozone.om.exceptions.OMException: Unable to get file status: volume: volume98659 bucket: bucket57585 key: level0/level1/level1
	at org.apache.hadoop.ozone.om.KeyManagerImpl.getOzoneFileStatus(KeyManagerImpl.java:1227) ~[ozone-manager-1.4.0-SNAPSHOT.jar:?]
	at org.apache.hadoop.ozone.om.KeyManagerImpl.getFileStatus(KeyManagerImpl.java:1145) ~[ozone-manager-1.4.0-SNAPSHOT.jar:?]
	at org.apache.hadoop.ozone.om.OmMetadataReader.getFileStatus(OmMetadataReader.java:266) ~[ozone-manager-1.4.0-SNAPSHOT.jar:?]
	at org.apache.hadoop.ozone.om.OzoneManager.getFileStatus(OzoneManager.java:3585) ~[ozone-manager-1.4.0-SNAPSHOT.jar:?]
	at org.apache.hadoop.ozone.protocolPB.OzoneManagerRequestHandler.getOzoneFileStatus(OzoneManagerRequestHandler.java:998) ~[ozone-manager-1.4.0-SNAPSHOT.jar:?]
	at org.apache.hadoop.ozone.protocolPB.OzoneManagerRequestHandler.handleReadRequest(OzoneManagerRequestHandler.java:259) ~[ozone-manager-1.4.0-SNAPSHOT.jar:?]
	at org.apache.hadoop.ozone.protocolPB.OzoneManagerProtocolServerSideTranslatorPB.submitReadRequestToOM(OzoneManagerProtocolServerSideTranslatorPB.java:225) ~[ozone-manager-1.4.0-SNAPSHOT.jar:?]
	at org.apache.hadoop.ozone.protocolPB.OzoneManagerProtocolServerSideTranslatorPB.processRequest(OzoneManagerProtocolServerSideTranslatorPB.java:179) ~[ozone-manager-1.4.0-SNAPSHOT.jar:?]
	at org.apache.hadoop.hdds.server.OzoneProtocolMessageDispatcher.processRequest(OzoneProtocolMessageDispatcher.java:87) [hdds-server-framework-1.4.0-SNAPSHOT.jar:?]
	at org.apache.hadoop.ozone.protocolPB.OzoneManagerProtocolServerSideTranslatorPB.submitRequest(OzoneManagerProtocolServerSideTranslatorPB.java:148) [ozone-manager-1.4.0-SNAPSHOT.jar:?]
	at org.apache.hadoop.ozone.protocol.proto.OzoneManagerProtocolProtos$OzoneManagerService$2.callBlockingMethod(OzoneManagerProtocolProtos.java) [ozone-interface-client-1.4.0-SNAPSHOT.jar:?]
	at org.apache.hadoop.ipc.ProtobufRpcEngine$Server.processCall(ProtobufRpcEngine.java:484) [hadoop-common-3.3.6.jar:?]
	at org.apache.hadoop.ipc.ProtobufRpcEngine2$Server$ProtoBufRpcInvoker.call(ProtobufRpcEngine2.java:595) [hadoop-common-3.3.6.jar:?]
	at org.apache.hadoop.ipc.ProtobufRpcEngine2$Server$ProtoBufRpcInvoker.call(ProtobufRpcEngine2.java:573) [hadoop-common-3.3.6.jar:?]
	at org.apache.hadoop.ipc.RPC$Server.call(RPC.java:1227) [hadoop-common-3.3.6.jar:?]
	at org.apache.hadoop.ipc.Server$RpcCall.run(Server.java:1094) [hadoop-common-3.3.6.jar:?]
	at org.apache.hadoop.ipc.Server$RpcCall.run(Server.java:1017) [hadoop-common-3.3.6.jar:?]
	at java.security.AccessController.doPrivileged(Native Method) ~[?:1.8.0_382]
	at javax.security.auth.Subject.doAs(Subject.java:422) [?:1.8.0_382]
	at org.apache.hadoop.security.UserGroupInformation.doAs(UserGroupInformation.java:1899) [hadoop-common-3.3.6.jar:?]
	at org.apache.hadoop.ipc.Server$Handler.run(Server.java:3048) [hadoop-common-3.3.6.jar:?]
17:32:34.938 [IPC Server handler 15 on default port 15110] ERROR OMAudit - user=runner | ip=127.0.0.1 | op=GET_FILE_STATUS {volume=volume98659, bucket=bucket57585, key=level0/level1/file1, dataSize=0, replicationConfig=null} | ret=FAILURE
org.apache.hadoop.ozone.om.exceptions.OMException: Unable to get file status: volume: volume98659 bucket: bucket57585 key: level0/level1/file1
	at org.apache.hadoop.ozone.om.KeyManagerImpl.getOzoneFileStatus(KeyManagerImpl.java:1227) ~[ozone-manager-1.4.0-SNAPSHOT.jar:?]
	at org.apache.hadoop.ozone.om.KeyManagerImpl.getFileStatus(KeyManagerImpl.java:1145) ~[ozone-manager-1.4.0-SNAPSHOT.jar:?]
	at org.apache.hadoop.ozone.om.OmMetadataReader.getFileStatus(OmMetadataReader.java:266) ~[ozone-manager-1.4.0-SNAPSHOT.jar:?]
	at org.apache.hadoop.ozone.om.OzoneManager.getFileStatus(OzoneManager.java:3585) ~[ozone-manager-1.4.0-SNAPSHOT.jar:?]
	at org.apache.hadoop.ozone.protocolPB.OzoneManagerRequestHandler.getOzoneFileStatus(OzoneManagerRequestHandler.java:998) ~[ozone-manager-1.4.0-SNAPSHOT.jar:?]
	at org.apache.hadoop.ozone.protocolPB.OzoneManagerRequestHandler.handleReadRequest(OzoneManagerRequestHandler.java:259) ~[ozone-manager-1.4.0-SNAPSHOT.jar:?]
	at org.apache.hadoop.ozone.protocolPB.OzoneManagerProtocolServerSideTranslatorPB.submitReadRequestToOM(OzoneManagerProtocolServerSideTranslatorPB.java:225) ~[ozone-manager-1.4.0-SNAPSHOT.jar:?]
	at org.apache.hadoop.ozone.protocolPB.OzoneManagerProtocolServerSideTranslatorPB.processRequest(OzoneManagerProtocolServerSideTranslatorPB.java:179) ~[ozone-manager-1.4.0-SNAPSHOT.jar:?]
	at org.apache.hadoop.hdds.server.OzoneProtocolMessageDispatcher.processRequest(OzoneProtocolMessageDispatcher.java:87) [hdds-server-framework-1.4.0-SNAPSHOT.jar:?]
	at org.apache.hadoop.ozone.protocolPB.OzoneManagerProtocolServerSideTranslatorPB.submitRequest(OzoneManagerProtocolServerSideTranslatorPB.java:148) [ozone-manager-1.4.0-SNAPSHOT.jar:?]
	at org.apache.hadoop.ozone.protocol.proto.OzoneManagerProtocolProtos$OzoneManagerService$2.callBlockingMethod(OzoneManagerProtocolProtos.java) [ozone-interface-client-1.4.0-SNAPSHOT.jar:?]
	at org.apache.hadoop.ipc.ProtobufRpcEngine$Server.processCall(ProtobufRpcEngine.java:484) [hadoop-common-3.3.6.jar:?]
	at org.apache.hadoop.ipc.ProtobufRpcEngine2$Server$ProtoBufRpcInvoker.call(ProtobufRpcEngine2.java:595) [hadoop-common-3.3.6.jar:?]
	at org.apache.hadoop.ipc.ProtobufRpcEngine2$Server$ProtoBufRpcInvoker.call(ProtobufRpcEngine2.java:573) [hadoop-common-3.3.6.jar:?]
	at org.apache.hadoop.ipc.RPC$Server.call(RPC.java:1227) [hadoop-common-3.3.6.jar:?]
	at org.apache.hadoop.ipc.Server$RpcCall.run(Server.java:1094) [hadoop-common-3.3.6.jar:?]
	at org.apache.hadoop.ipc.Server$RpcCall.run(Server.java:1017) [hadoop-common-3.3.6.jar:?]
	at java.security.AccessController.doPrivileged(Native Method) ~[?:1.8.0_382]
	at javax.security.auth.Subject.doAs(Subject.java:422) [?:1.8.0_382]
	at org.apache.hadoop.security.UserGroupInformation.doAs(UserGroupInformation.java:1899) [hadoop-common-3.3.6.jar:?]
	at org.apache.hadoop.ipc.Server$Handler.run(Server.java:3048) [hadoop-common-3.3.6.jar:?]
17:32:34.939 [IPC Server handler 17 on default port 15110] ERROR OMAudit - user=runner | ip=127.0.0.1 | op=GET_FILE_STATUS {volume=volume98659, bucket=bucket57585, key=level0/level1/level1/file1, dataSize=0, replicationConfig=null} | ret=FAILURE
org.apache.hadoop.ozone.om.exceptions.OMException: Unable to get file status: volume: volume98659 bucket: bucket57585 key: level0/level1/level1/file1
	at org.apache.hadoop.ozone.om.KeyManagerImpl.getOzoneFileStatus(KeyManagerImpl.java:1227) ~[ozone-manager-1.4.0-SNAPSHOT.jar:?]
	at org.apache.hadoop.ozone.om.KeyManagerImpl.getFileStatus(KeyManagerImpl.java:1145) ~[ozone-manager-1.4.0-SNAPSHOT.jar:?]
	at org.apache.hadoop.ozone.om.OmMetadataReader.getFileStatus(OmMetadataReader.java:266) ~[ozone-manager-1.4.0-SNAPSHOT.jar:?]
	at org.apache.hadoop.ozone.om.OzoneManager.getFileStatus(OzoneManager.java:3585) ~[ozone-manager-1.4.0-SNAPSHOT.jar:?]
	at org.apache.hadoop.ozone.protocolPB.OzoneManagerRequestHandler.getOzoneFileStatus(OzoneManagerRequestHandler.java:998) ~[ozone-manager-1.4.0-SNAPSHOT.jar:?]
	at org.apache.hadoop.ozone.protocolPB.OzoneManagerRequestHandler.handleReadRequest(OzoneManagerRequestHandler.java:259) ~[ozone-manager-1.4.0-SNAPSHOT.jar:?]
	at org.apache.hadoop.ozone.protocolPB.OzoneManagerProtocolServerSideTranslatorPB.submitReadRequestToOM(OzoneManagerProtocolServerSideTranslatorPB.java:225) ~[ozone-manager-1.4.0-SNAPSHOT.jar:?]
	at org.apache.hadoop.ozone.protocolPB.OzoneManagerProtocolServerSideTranslatorPB.processRequest(OzoneManagerProtocolServerSideTranslatorPB.java:179) ~[ozone-manager-1.4.0-SNAPSHOT.jar:?]
	at org.apache.hadoop.hdds.server.OzoneProtocolMessageDispatcher.processRequest(OzoneProtocolMessageDispatcher.java:87) [hdds-server-framework-1.4.0-SNAPSHOT.jar:?]
	at org.apache.hadoop.ozone.protocolPB.OzoneManagerProtocolServerSideTranslatorPB.submitRequest(OzoneManagerProtocolServerSideTranslatorPB.java:148) [ozone-manager-1.4.0-SNAPSHOT.jar:?]
	at org.apache.hadoop.ozone.protocol.proto.OzoneManagerProtocolProtos$OzoneManagerService$2.callBlockingMethod(OzoneManagerProtocolProtos.java) [ozone-interface-client-1.4.0-SNAPSHOT.jar:?]
	at org.apache.hadoop.ipc.ProtobufRpcEngine$Server.processCall(ProtobufRpcEngine.java:484) [hadoop-common-3.3.6.jar:?]
	at org.apache.hadoop.ipc.ProtobufRpcEngine2$Server$ProtoBufRpcInvoker.call(ProtobufRpcEngine2.java:595) [hadoop-common-3.3.6.jar:?]
	at org.apache.hadoop.ipc.ProtobufRpcEngine2$Server$ProtoBufRpcInvoker.call(ProtobufRpcEngine2.java:573) [hadoop-common-3.3.6.jar:?]
	at org.apache.hadoop.ipc.RPC$Server.call(RPC.java:1227) [hadoop-common-3.3.6.jar:?]
	at org.apache.hadoop.ipc.Server$RpcCall.run(Server.java:1094) [hadoop-common-3.3.6.jar:?]
	at org.apache.hadoop.ipc.Server$RpcCall.run(Server.java:1017) [hadoop-common-3.3.6.jar:?]
	at java.security.AccessController.doPrivileged(Native Method) ~[?:1.8.0_382]
	at javax.security.auth.Subject.doAs(Subject.java:422) [?:1.8.0_382]
	at org.apache.hadoop.security.UserGroupInformation.doAs(UserGroupInformation.java:1899) [hadoop-common-3.3.6.jar:?]
	at org.apache.hadoop.ipc.Server$Handler.run(Server.java:3048) [hadoop-common-3.3.6.jar:?]
17:32:34.940 [IPC Server handler 13 on default port 15110] ERROR OMAudit - user=runner | ip=127.0.0.1 | op=GET_FILE_STATUS {volume=volume98659, bucket=bucket57585, key=level0/level2, dataSize=0, replicationConfig=null} | ret=FAILURE
org.apache.hadoop.ozone.om.exceptions.OMException: Unable to get file status: volume: volume98659 bucket: bucket57585 key: level0/level2
	at org.apache.hadoop.ozone.om.KeyManagerImpl.getOzoneFileStatus(KeyManagerImpl.java:1227) ~[ozone-manager-1.4.0-SNAPSHOT.jar:?]
	at org.apache.hadoop.ozone.om.KeyManagerImpl.getFileStatus(KeyManagerImpl.java:1145) ~[ozone-manager-1.4.0-SNAPSHOT.jar:?]
	at org.apache.hadoop.ozone.om.OmMetadataReader.getFileStatus(OmMetadataReader.java:266) ~[ozone-manager-1.4.0-SNAPSHOT.jar:?]
	at org.apache.hadoop.ozone.om.OzoneManager.getFileStatus(OzoneManager.java:3585) ~[ozone-manager-1.4.0-SNAPSHOT.jar:?]
	at org.apache.hadoop.ozone.protocolPB.OzoneManagerRequestHandler.getOzoneFileStatus(OzoneManagerRequestHandler.java:998) ~[ozone-manager-1.4.0-SNAPSHOT.jar:?]
	at org.apache.hadoop.ozone.protocolPB.OzoneManagerRequestHandler.handleReadRequest(OzoneManagerRequestHandler.java:259) ~[ozone-manager-1.4.0-SNAPSHOT.jar:?]
	at org.apache.hadoop.ozone.protocolPB.OzoneManagerProtocolServerSideTranslatorPB.submitReadRequestToOM(OzoneManagerProtocolServerSideTranslatorPB.java:225) ~[ozone-manager-1.4.0-SNAPSHOT.jar:?]
	at org.apache.hadoop.ozone.protocolPB.OzoneManagerProtocolServerSideTranslatorPB.processRequest(OzoneManagerProtocolServerSideTranslatorPB.java:179) ~[ozone-manager-1.4.0-SNAPSHOT.jar:?]
	at org.apache.hadoop.hdds.server.OzoneProtocolMessageDispatcher.processRequest(OzoneProtocolMessageDispatcher.java:87) [hdds-server-framework-1.4.0-SNAPSHOT.jar:?]
	at org.apache.hadoop.ozone.protocolPB.OzoneManagerProtocolServerSideTranslatorPB.submitRequest(OzoneManagerProtocolServerSideTranslatorPB.java:148) [ozone-manager-1.4.0-SNAPSHOT.jar:?]
	at org.apache.hadoop.ozone.protocol.proto.OzoneManagerProtocolProtos$OzoneManagerService$2.callBlockingMethod(OzoneManagerProtocolProtos.java) [ozone-interface-client-1.4.0-SNAPSHOT.jar:?]
	at org.apache.hadoop.ipc.ProtobufRpcEngine$Server.processCall(ProtobufRpcEngine.java:484) [hadoop-common-3.3.6.jar:?]
	at org.apache.hadoop.ipc.ProtobufRpcEngine2$Server$ProtoBufRpcInvoker.call(ProtobufRpcEngine2.java:595) [hadoop-common-3.3.6.jar:?]
	at org.apache.hadoop.ipc.ProtobufRpcEngine2$Server$ProtoBufRpcInvoker.call(ProtobufRpcEngine2.java:573) [hadoop-common-3.3.6.jar:?]
	at org.apache.hadoop.ipc.RPC$Server.call(RPC.java:1227) [hadoop-common-3.3.6.jar:?]
	at org.apache.hadoop.ipc.Server$RpcCall.run(Server.java:1094) [hadoop-common-3.3.6.jar:?]
	at org.apache.hadoop.ipc.Server$RpcCall.run(Server.java:1017) [hadoop-common-3.3.6.jar:?]
	at java.security.AccessController.doPrivileged(Native Method) ~[?:1.8.0_382]
	at javax.security.auth.Subject.doAs(Subject.java:422) [?:1.8.0_382]
	at org.apache.hadoop.security.UserGroupInformation.doAs(UserGroupInformation.java:1899) [hadoop-common-3.3.6.jar:?]
	at org.apache.hadoop.ipc.Server$Handler.run(Server.java:3048) [hadoop-common-3.3.6.jar:?]
17:32:34.940 [IPC Server handler 19 on default port 15110] ERROR OMAudit - user=runner | ip=127.0.0.1 | op=GET_FILE_STATUS {volume=volume98659, bucket=bucket57585, key=level0/level2/level2, dataSize=0, replicationConfig=null} | ret=FAILURE
org.apache.hadoop.ozone.om.exceptions.OMException: Unable to get file status: volume: volume98659 bucket: bucket57585 key: level0/level2/level2
	at org.apache.hadoop.ozone.om.KeyManagerImpl.getOzoneFileStatus(KeyManagerImpl.java:1227) ~[ozone-manager-1.4.0-SNAPSHOT.jar:?]
	at org.apache.hadoop.ozone.om.KeyManagerImpl.getFileStatus(KeyManagerImpl.java:1145) ~[ozone-manager-1.4.0-SNAPSHOT.jar:?]
	at org.apache.hadoop.ozone.om.OmMetadataReader.getFileStatus(OmMetadataReader.java:266) ~[ozone-manager-1.4.0-SNAPSHOT.jar:?]
	at org.apache.hadoop.ozone.om.OzoneManager.getFileStatus(OzoneManager.java:3585) ~[ozone-manager-1.4.0-SNAPSHOT.jar:?]
	at org.apache.hadoop.ozone.protocolPB.OzoneManagerRequestHandler.getOzoneFileStatus(OzoneManagerRequestHandler.java:998) ~[ozone-manager-1.4.0-SNAPSHOT.jar:?]
	at org.apache.hadoop.ozone.protocolPB.OzoneManagerRequestHandler.handleReadRequest(OzoneManagerRequestHandler.java:259) ~[ozone-manager-1.4.0-SNAPSHOT.jar:?]
	at org.apache.hadoop.ozone.protocolPB.OzoneManagerProtocolServerSideTranslatorPB.submitReadRequestToOM(OzoneManagerProtocolServerSideTranslatorPB.java:225) ~[ozone-manager-1.4.0-SNAPSHOT.jar:?]
	at org.apache.hadoop.ozone.protocolPB.OzoneManagerProtocolServerSideTranslatorPB.processRequest(OzoneManagerProtocolServerSideTranslatorPB.java:179) ~[ozone-manager-1.4.0-SNAPSHOT.jar:?]
	at org.apache.hadoop.hdds.server.OzoneProtocolMessageDispatcher.processRequest(OzoneProtocolMessageDispatcher.java:87) [hdds-server-framework-1.4.0-SNAPSHOT.jar:?]
	at org.apache.hadoop.ozone.protocolPB.OzoneManagerProtocolServerSideTranslatorPB.submitRequest(OzoneManagerProtocolServerSideTranslatorPB.java:148) [ozone-manager-1.4.0-SNAPSHOT.jar:?]
	at org.apache.hadoop.ozone.protocol.proto.OzoneManagerProtocolProtos$OzoneManagerService$2.callBlockingMethod(OzoneManagerProtocolProtos.java) [ozone-interface-client-1.4.0-SNAPSHOT.jar:?]
	at org.apache.hadoop.ipc.ProtobufRpcEngine$Server.processCall(ProtobufRpcEngine.java:484) [hadoop-common-3.3.6.jar:?]
	at org.apache.hadoop.ipc.ProtobufRpcEngine2$Server$ProtoBufRpcInvoker.call(ProtobufRpcEngine2.java:595) [hadoop-common-3.3.6.jar:?]
	at org.apache.hadoop.ipc.ProtobufRpcEngine2$Server$ProtoBufRpcInvoker.call(ProtobufRpcEngine2.java:573) [hadoop-common-3.3.6.jar:?]
	at org.apache.hadoop.ipc.RPC$Server.call(RPC.java:1227) [hadoop-common-3.3.6.jar:?]
	at org.apache.hadoop.ipc.Server$RpcCall.run(Server.java:1094) [hadoop-common-3.3.6.jar:?]
	at org.apache.hadoop.ipc.Server$RpcCall.run(Server.java:1017) [hadoop-common-3.3.6.jar:?]
	at java.security.AccessController.doPrivileged(Native Method) ~[?:1.8.0_382]
	at javax.security.auth.Subject.doAs(Subject.java:422) [?:1.8.0_382]
	at org.apache.hadoop.security.UserGroupInformation.doAs(UserGroupInformation.java:1899) [hadoop-common-3.3.6.jar:?]
	at org.apache.hadoop.ipc.Server$Handler.run(Server.java:3048) [hadoop-common-3.3.6.jar:?]
17:32:34.941 [IPC Server handler 0 on default port 15110] ERROR OMAudit - user=runner | ip=127.0.0.1 | op=GET_FILE_STATUS {volume=volume98659, bucket=bucket57585, key=level0/level2/file1, dataSize=0, replicationConfig=null} | ret=FAILURE
org.apache.hadoop.ozone.om.exceptions.OMException: Unable to get file status: volume: volume98659 bucket: bucket57585 key: level0/level2/file1
	at org.apache.hadoop.ozone.om.KeyManagerImpl.getOzoneFileStatus(KeyManagerImpl.java:1227) ~[ozone-manager-1.4.0-SNAPSHOT.jar:?]
	at org.apache.hadoop.ozone.om.KeyManagerImpl.getFileStatus(KeyManagerImpl.java:1145) ~[ozone-manager-1.4.0-SNAPSHOT.jar:?]
	at org.apache.hadoop.ozone.om.OmMetadataReader.getFileStatus(OmMetadataReader.java:266) ~[ozone-manager-1.4.0-SNAPSHOT.jar:?]
	at org.apache.hadoop.ozone.om.OzoneManager.getFileStatus(OzoneManager.java:3585) ~[ozone-manager-1.4.0-SNAPSHOT.jar:?]
	at org.apache.hadoop.ozone.protocolPB.OzoneManagerRequestHandler.getOzoneFileStatus(OzoneManagerRequestHandler.java:998) ~[ozone-manager-1.4.0-SNAPSHOT.jar:?]
	at org.apache.hadoop.ozone.protocolPB.OzoneManagerRequestHandler.handleReadRequest(OzoneManagerRequestHandler.java:259) ~[ozone-manager-1.4.0-SNAPSHOT.jar:?]
	at org.apache.hadoop.ozone.protocolPB.OzoneManagerProtocolServerSideTranslatorPB.submitReadRequestToOM(OzoneManagerProtocolServerSideTranslatorPB.java:225) ~[ozone-manager-1.4.0-SNAPSHOT.jar:?]
	at org.apache.hadoop.ozone.protocolPB.OzoneManagerProtocolServerSideTranslatorPB.processRequest(OzoneManagerProtocolServerSideTranslatorPB.java:179) ~[ozone-manager-1.4.0-SNAPSHOT.jar:?]
	at org.apache.hadoop.hdds.server.OzoneProtocolMessageDispatcher.processRequest(OzoneProtocolMessageDispatcher.java:87) [hdds-server-framework-1.4.0-SNAPSHOT.jar:?]
	at org.apache.hadoop.ozone.protocolPB.OzoneManagerProtocolServerSideTranslatorPB.submitRequest(OzoneManagerProtocolServerSideTranslatorPB.java:148) [ozone-manager-1.4.0-SNAPSHOT.jar:?]
	at org.apache.hadoop.ozone.protocol.proto.OzoneManagerProtocolProtos$OzoneManagerService$2.callBlockingMethod(OzoneManagerProtocolProtos.java) [ozone-interface-client-1.4.0-SNAPSHOT.jar:?]
	at org.apache.hadoop.ipc.ProtobufRpcEngine$Server.processCall(ProtobufRpcEngine.java:484) [hadoop-common-3.3.6.jar:?]
	at org.apache.hadoop.ipc.ProtobufRpcEngine2$Server$ProtoBufRpcInvoker.call(ProtobufRpcEngine2.java:595) [hadoop-common-3.3.6.jar:?]
	at org.apache.hadoop.ipc.ProtobufRpcEngine2$Server$ProtoBufRpcInvoker.call(ProtobufRpcEngine2.java:573) [hadoop-common-3.3.6.jar:?]
	at org.apache.hadoop.ipc.RPC$Server.call(RPC.java:1227) [hadoop-common-3.3.6.jar:?]
	at org.apache.hadoop.ipc.Server$RpcCall.run(Server.java:1094) [hadoop-common-3.3.6.jar:?]
	at org.apache.hadoop.ipc.Server$RpcCall.run(Server.java:1017) [hadoop-common-3.3.6.jar:?]
	at java.security.AccessController.doPrivileged(Native Method) ~[?:1.8.0_382]
	at javax.security.auth.Subject.doAs(Subject.java:422) [?:1.8.0_382]
	at org.apache.hadoop.security.UserGroupInformation.doAs(UserGroupInformation.java:1899) [hadoop-common-3.3.6.jar:?]
	at org.apache.hadoop.ipc.Server$Handler.run(Server.java:3048) [hadoop-common-3.3.6.jar:?]
17:32:34.942 [IPC Server handler 1 on default port 15110] ERROR OMAudit - user=runner | ip=127.0.0.1 | op=GET_FILE_STATUS {volume=volume98659, bucket=bucket57585, key=level0/level2/level2/file1, dataSize=0, replicationConfig=null} | ret=FAILURE
org.apache.hadoop.ozone.om.exceptions.OMException: Unable to get file status: volume: volume98659 bucket: bucket57585 key: level0/level2/level2/file1
	at org.apache.hadoop.ozone.om.KeyManagerImpl.getOzoneFileStatus(KeyManagerImpl.java:1227) ~[ozone-manager-1.4.0-SNAPSHOT.jar:?]
	at org.apache.hadoop.ozone.om.KeyManagerImpl.getFileStatus(KeyManagerImpl.java:1145) ~[ozone-manager-1.4.0-SNAPSHOT.jar:?]
	at org.apache.hadoop.ozone.om.OmMetadataReader.getFileStatus(OmMetadataReader.java:266) ~[ozone-manager-1.4.0-SNAPSHOT.jar:?]
	at org.apache.hadoop.ozone.om.OzoneManager.getFileStatus(OzoneManager.java:3585) ~[ozone-manager-1.4.0-SNAPSHOT.jar:?]
	at org.apache.hadoop.ozone.protocolPB.OzoneManagerRequestHandler.getOzoneFileStatus(OzoneManagerRequestHandler.java:998) ~[ozone-manager-1.4.0-SNAPSHOT.jar:?]
	at org.apache.hadoop.ozone.protocolPB.OzoneManagerRequestHandler.handleReadRequest(OzoneManagerRequestHandler.java:259) ~[ozone-manager-1.4.0-SNAPSHOT.jar:?]
	at org.apache.hadoop.ozone.protocolPB.OzoneManagerProtocolServerSideTranslatorPB.submitReadRequestToOM(OzoneManagerProtocolServerSideTranslatorPB.java:225) ~[ozone-manager-1.4.0-SNAPSHOT.jar:?]
	at org.apache.hadoop.ozone.protocolPB.OzoneManagerProtocolServerSideTranslatorPB.processRequest(OzoneManagerProtocolServerSideTranslatorPB.java:179) ~[ozone-manager-1.4.0-SNAPSHOT.jar:?]
	at org.apache.hadoop.hdds.server.OzoneProtocolMessageDispatcher.processRequest(OzoneProtocolMessageDispatcher.java:87) [hdds-server-framework-1.4.0-SNAPSHOT.jar:?]
	at org.apache.hadoop.ozone.protocolPB.OzoneManagerProtocolServerSideTranslatorPB.submitRequest(OzoneManagerProtocolServerSideTranslatorPB.java:148) [ozone-manager-1.4.0-SNAPSHOT.jar:?]
	at org.apache.hadoop.ozone.protocol.proto.OzoneManagerProtocolProtos$OzoneManagerService$2.callBlockingMethod(OzoneManagerProtocolProtos.java) [ozone-interface-client-1.4.0-SNAPSHOT.jar:?]
	at org.apache.hadoop.ipc.ProtobufRpcEngine$Server.processCall(ProtobufRpcEngine.java:484) [hadoop-common-3.3.6.jar:?]
	at org.apache.hadoop.ipc.ProtobufRpcEngine2$Server$ProtoBufRpcInvoker.call(ProtobufRpcEngine2.java:595) [hadoop-common-3.3.6.jar:?]
	at org.apache.hadoop.ipc.ProtobufRpcEngine2$Server$ProtoBufRpcInvoker.call(ProtobufRpcEngine2.java:573) [hadoop-common-3.3.6.jar:?]
	at org.apache.hadoop.ipc.RPC$Server.call(RPC.java:1227) [hadoop-common-3.3.6.jar:?]
	at org.apache.hadoop.ipc.Server$RpcCall.run(Server.java:1094) [hadoop-common-3.3.6.jar:?]
	at org.apache.hadoop.ipc.Server$RpcCall.run(Server.java:1017) [hadoop-common-3.3.6.jar:?]
	at java.security.AccessController.doPrivileged(Native Method) ~[?:1.8.0_382]
	at javax.security.auth.Subject.doAs(Subject.java:422) [?:1.8.0_382]
	at org.apache.hadoop.security.UserGroupInformation.doAs(UserGroupInformation.java:1899) [hadoop-common-3.3.6.jar:?]
	at org.apache.hadoop.ipc.Server$Handler.run(Server.java:3048) [hadoop-common-3.3.6.jar:?]
17:32:34.943 [IPC Server handler 3 on default port 15110] ERROR OMAudit - user=runner | ip=127.0.0.1 | op=GET_FILE_STATUS {volume=volume98659, bucket=bucket57585, key=level0/level3, dataSize=0, replicationConfig=null} | ret=FAILURE
org.apache.hadoop.ozone.om.exceptions.OMException: Unable to get file status: volume: volume98659 bucket: bucket57585 key: level0/level3
	at org.apache.hadoop.ozone.om.KeyManagerImpl.getOzoneFileStatus(KeyManagerImpl.java:1227) ~[ozone-manager-1.4.0-SNAPSHOT.jar:?]
	at org.apache.hadoop.ozone.om.KeyManagerImpl.getFileStatus(KeyManagerImpl.java:1145) ~[ozone-manager-1.4.0-SNAPSHOT.jar:?]
	at org.apache.hadoop.ozone.om.OmMetadataReader.getFileStatus(OmMetadataReader.java:266) ~[ozone-manager-1.4.0-SNAPSHOT.jar:?]
	at org.apache.hadoop.ozone.om.OzoneManager.getFileStatus(OzoneManager.java:3585) ~[ozone-manager-1.4.0-SNAPSHOT.jar:?]
	at org.apache.hadoop.ozone.protocolPB.OzoneManagerRequestHandler.getOzoneFileStatus(OzoneManagerRequestHandler.java:998) ~[ozone-manager-1.4.0-SNAPSHOT.jar:?]
	at org.apache.hadoop.ozone.protocolPB.OzoneManagerRequestHandler.handleReadRequest(OzoneManagerRequestHandler.java:259) ~[ozone-manager-1.4.0-SNAPSHOT.jar:?]
	at org.apache.hadoop.ozone.protocolPB.OzoneManagerProtocolServerSideTranslatorPB.submitReadRequestToOM(OzoneManagerProtocolServerSideTranslatorPB.java:225) ~[ozone-manager-1.4.0-SNAPSHOT.jar:?]
	at org.apache.hadoop.ozone.protocolPB.OzoneManagerProtocolServerSideTranslatorPB.processRequest(OzoneManagerProtocolServerSideTranslatorPB.java:179) ~[ozone-manager-1.4.0-SNAPSHOT.jar:?]
	at org.apache.hadoop.hdds.server.OzoneProtocolMessageDispatcher.processRequest(OzoneProtocolMessageDispatcher.java:87) [hdds-server-framework-1.4.0-SNAPSHOT.jar:?]
	at org.apache.hadoop.ozone.protocolPB.OzoneManagerProtocolServerSideTranslatorPB.submitRequest(OzoneManagerProtocolServerSideTranslatorPB.java:148) [ozone-manager-1.4.0-SNAPSHOT.jar:?]
	at org.apache.hadoop.ozone.protocol.proto.OzoneManagerProtocolProtos$OzoneManagerService$2.callBlockingMethod(OzoneManagerProtocolProtos.java) [ozone-interface-client-1.4.0-SNAPSHOT.jar:?]
	at org.apache.hadoop.ipc.ProtobufRpcEngine$Server.processCall(ProtobufRpcEngine.java:484) [hadoop-common-3.3.6.jar:?]
	at org.apache.hadoop.ipc.ProtobufRpcEngine2$Server$ProtoBufRpcInvoker.call(ProtobufRpcEngine2.java:595) [hadoop-common-3.3.6.jar:?]
	at org.apache.hadoop.ipc.ProtobufRpcEngine2$Server$ProtoBufRpcInvoker.call(ProtobufRpcEngine2.java:573) [hadoop-common-3.3.6.jar:?]
	at org.apache.hadoop.ipc.RPC$Server.call(RPC.java:1227) [hadoop-common-3.3.6.jar:?]
	at org.apache.hadoop.ipc.Server$RpcCall.run(Server.java:1094) [hadoop-common-3.3.6.jar:?]
	at org.apache.hadoop.ipc.Server$RpcCall.run(Server.java:1017) [hadoop-common-3.3.6.jar:?]
	at java.security.AccessController.doPrivileged(Native Method) ~[?:1.8.0_382]
	at javax.security.auth.Subject.doAs(Subject.java:422) [?:1.8.0_382]
	at org.apache.hadoop.security.UserGroupInformation.doAs(UserGroupInformation.java:1899) [hadoop-common-3.3.6.jar:?]
	at org.apache.hadoop.ipc.Server$Handler.run(Server.java:3048) [hadoop-common-3.3.6.jar:?]
17:32:34.946 [IPC Server handler 4 on default port 15110] ERROR OMAudit - user=runner | ip=127.0.0.1 | op=GET_FILE_STATUS {volume=volume98659, bucket=bucket57585, key=level0/level3/level3, dataSize=0, replicationConfig=null} | ret=FAILURE
org.apache.hadoop.ozone.om.exceptions.OMException: Unable to get file status: volume: volume98659 bucket: bucket57585 key: level0/level3/level3
	at org.apache.hadoop.ozone.om.KeyManagerImpl.getOzoneFileStatus(KeyManagerImpl.java:1227) ~[ozone-manager-1.4.0-SNAPSHOT.jar:?]
	at org.apache.hadoop.ozone.om.KeyManagerImpl.getFileStatus(KeyManagerImpl.java:1145) ~[ozone-manager-1.4.0-SNAPSHOT.jar:?]
	at org.apache.hadoop.ozone.om.OmMetadataReader.getFileStatus(OmMetadataReader.java:266) ~[ozone-manager-1.4.0-SNAPSHOT.jar:?]
	at org.apache.hadoop.ozone.om.OzoneManager.getFileStatus(OzoneManager.java:3585) ~[ozone-manager-1.4.0-SNAPSHOT.jar:?]
	at org.apache.hadoop.ozone.protocolPB.OzoneManagerRequestHandler.getOzoneFileStatus(OzoneManagerRequestHandler.java:998) ~[ozone-manager-1.4.0-SNAPSHOT.jar:?]
	at org.apache.hadoop.ozone.protocolPB.OzoneManagerRequestHandler.handleReadRequest(OzoneManagerRequestHandler.java:259) ~[ozone-manager-1.4.0-SNAPSHOT.jar:?]
	at org.apache.hadoop.ozone.protocolPB.OzoneManagerProtocolServerSideTranslatorPB.submitReadRequestToOM(OzoneManagerProtocolServerSideTranslatorPB.java:225) ~[ozone-manager-1.4.0-SNAPSHOT.jar:?]
	at org.apache.hadoop.ozone.protocolPB.OzoneManagerProtocolServerSideTranslatorPB.processRequest(OzoneManagerProtocolServerSideTranslatorPB.java:179) ~[ozone-manager-1.4.0-SNAPSHOT.jar:?]
	at org.apache.hadoop.hdds.server.OzoneProtocolMessageDispatcher.processRequest(OzoneProtocolMessageDispatcher.java:87) [hdds-server-framework-1.4.0-SNAPSHOT.jar:?]
	at org.apache.hadoop.ozone.protocolPB.OzoneManagerProtocolServerSideTranslatorPB.submitRequest(OzoneManagerProtocolServerSideTranslatorPB.java:148) [ozone-manager-1.4.0-SNAPSHOT.jar:?]
	at org.apache.hadoop.ozone.protocol.proto.OzoneManagerProtocolProtos$OzoneManagerService$2.callBlockingMethod(OzoneManagerProtocolProtos.java) [ozone-interface-client-1.4.0-SNAPSHOT.jar:?]
	at org.apache.hadoop.ipc.ProtobufRpcEngine$Server.processCall(ProtobufRpcEngine.java:484) [hadoop-common-3.3.6.jar:?]
	at org.apache.hadoop.ipc.ProtobufRpcEngine2$Server$ProtoBufRpcInvoker.call(ProtobufRpcEngine2.java:595) [hadoop-common-3.3.6.jar:?]
	at org.apache.hadoop.ipc.ProtobufRpcEngine2$Server$ProtoBufRpcInvoker.call(ProtobufRpcEngine2.java:573) [hadoop-common-3.3.6.jar:?]
	at org.apache.hadoop.ipc.RPC$Server.call(RPC.java:1227) [hadoop-common-3.3.6.jar:?]
	at org.apache.hadoop.ipc.Server$RpcCall.run(Server.java:1094) [hadoop-common-3.3.6.jar:?]
	at org.apache.hadoop.ipc.Server$RpcCall.run(Server.java:1017) [hadoop-common-3.3.6.jar:?]
	at java.security.AccessController.doPrivileged(Native Method) ~[?:1.8.0_382]
	at javax.security.auth.Subject.doAs(Subject.java:422) [?:1.8.0_382]
	at org.apache.hadoop.security.UserGroupInformation.doAs(UserGroupInformation.java:1899) [hadoop-common-3.3.6.jar:?]
	at org.apache.hadoop.ipc.Server$Handler.run(Server.java:3048) [hadoop-common-3.3.6.jar:?]
17:32:34.947 [IPC Server handler 2 on default port 15110] ERROR OMAudit - user=runner | ip=127.0.0.1 | op=GET_FILE_STATUS {volume=volume98659, bucket=bucket57585, key=level0/level3/file1, dataSize=0, replicationConfig=null} | ret=FAILURE
org.apache.hadoop.ozone.om.exceptions.OMException: Unable to get file status: volume: volume98659 bucket: bucket57585 key: level0/level3/file1
	at org.apache.hadoop.ozone.om.KeyManagerImpl.getOzoneFileStatus(KeyManagerImpl.java:1227) ~[ozone-manager-1.4.0-SNAPSHOT.jar:?]
	at org.apache.hadoop.ozone.om.KeyManagerImpl.getFileStatus(KeyManagerImpl.java:1145) ~[ozone-manager-1.4.0-SNAPSHOT.jar:?]
	at org.apache.hadoop.ozone.om.OmMetadataReader.getFileStatus(OmMetadataReader.java:266) ~[ozone-manager-1.4.0-SNAPSHOT.jar:?]
	at org.apache.hadoop.ozone.om.OzoneManager.getFileStatus(OzoneManager.java:3585) ~[ozone-manager-1.4.0-SNAPSHOT.jar:?]
	at org.apache.hadoop.ozone.protocolPB.OzoneManagerRequestHandler.getOzoneFileStatus(OzoneManagerRequestHandler.java:998) ~[ozone-manager-1.4.0-SNAPSHOT.jar:?]
	at org.apache.hadoop.ozone.protocolPB.OzoneManagerRequestHandler.handleReadRequest(OzoneManagerRequestHandler.java:259) ~[ozone-manager-1.4.0-SNAPSHOT.jar:?]
	at org.apache.hadoop.ozone.protocolPB.OzoneManagerProtocolServerSideTranslatorPB.submitReadRequestToOM(OzoneManagerProtocolServerSideTranslatorPB.java:225) ~[ozone-manager-1.4.0-SNAPSHOT.jar:?]
	at org.apache.hadoop.ozone.protocolPB.OzoneManagerProtocolServerSideTranslatorPB.processRequest(OzoneManagerProtocolServerSideTranslatorPB.java:179) ~[ozone-manager-1.4.0-SNAPSHOT.jar:?]
	at org.apache.hadoop.hdds.server.OzoneProtocolMessageDispatcher.processRequest(OzoneProtocolMessageDispatcher.java:87) [hdds-server-framework-1.4.0-SNAPSHOT.jar:?]
	at org.apache.hadoop.ozone.protocolPB.OzoneManagerProtocolServerSideTranslatorPB.submitRequest(OzoneManagerProtocolServerSideTranslatorPB.java:148) [ozone-manager-1.4.0-SNAPSHOT.jar:?]
	at org.apache.hadoop.ozone.protocol.proto.OzoneManagerProtocolProtos$OzoneManagerService$2.callBlockingMethod(OzoneManagerProtocolProtos.java) [ozone-interface-client-1.4.0-SNAPSHOT.jar:?]
	at org.apache.hadoop.ipc.ProtobufRpcEngine$Server.processCall(ProtobufRpcEngine.java:484) [hadoop-common-3.3.6.jar:?]
	at org.apache.hadoop.ipc.ProtobufRpcEngine2$Server$ProtoBufRpcInvoker.call(ProtobufRpcEngine2.java:595) [hadoop-common-3.3.6.jar:?]
	at org.apache.hadoop.ipc.ProtobufRpcEngine2$Server$ProtoBufRpcInvoker.call(ProtobufRpcEngine2.java:573) [hadoop-common-3.3.6.jar:?]
	at org.apache.hadoop.ipc.RPC$Server.call(RPC.java:1227) [hadoop-common-3.3.6.jar:?]
	at org.apache.hadoop.ipc.Server$RpcCall.run(Server.java:1094) [hadoop-common-3.3.6.jar:?]
	at org.apache.hadoop.ipc.Server$RpcCall.run(Server.java:1017) [hadoop-common-3.3.6.jar:?]
	at java.security.AccessController.doPrivileged(Native Method) ~[?:1.8.0_382]
	at javax.security.auth.Subject.doAs(Subject.java:422) [?:1.8.0_382]
	at org.apache.hadoop.security.UserGroupInformation.doAs(UserGroupInformation.java:1899) [hadoop-common-3.3.6.jar:?]
	at org.apache.hadoop.ipc.Server$Handler.run(Server.java:3048) [hadoop-common-3.3.6.jar:?]
17:32:34.949 [IPC Server handler 5 on default port 15110] ERROR OMAudit - user=runner | ip=127.0.0.1 | op=GET_FILE_STATUS {volume=volume98659, bucket=bucket57585, key=level0/level3/level3/file1, dataSize=0, replicationConfig=null} | ret=FAILURE
org.apache.hadoop.ozone.om.exceptions.OMException: Unable to get file status: volume: volume98659 bucket: bucket57585 key: level0/level3/level3/file1
	at org.apache.hadoop.ozone.om.KeyManagerImpl.getOzoneFileStatus(KeyManagerImpl.java:1227) ~[ozone-manager-1.4.0-SNAPSHOT.jar:?]
	at org.apache.hadoop.ozone.om.KeyManagerImpl.getFileStatus(KeyManagerImpl.java:1145) ~[ozone-manager-1.4.0-SNAPSHOT.jar:?]
	at org.apache.hadoop.ozone.om.OmMetadataReader.getFileStatus(OmMetadataReader.java:266) ~[ozone-manager-1.4.0-SNAPSHOT.jar:?]
	at org.apache.hadoop.ozone.om.OzoneManager.getFileStatus(OzoneManager.java:3585) ~[ozone-manager-1.4.0-SNAPSHOT.jar:?]
	at org.apache.hadoop.ozone.protocolPB.OzoneManagerRequestHandler.getOzoneFileStatus(OzoneManagerRequestHandler.java:998) ~[ozone-manager-1.4.0-SNAPSHOT.jar:?]
	at org.apache.hadoop.ozone.protocolPB.OzoneManagerRequestHandler.handleReadRequest(OzoneManagerRequestHandler.java:259) ~[ozone-manager-1.4.0-SNAPSHOT.jar:?]
	at org.apache.hadoop.ozone.protocolPB.OzoneManagerProtocolServerSideTranslatorPB.submitReadRequestToOM(OzoneManagerProtocolServerSideTranslatorPB.java:225) ~[ozone-manager-1.4.0-SNAPSHOT.jar:?]
	at org.apache.hadoop.ozone.protocolPB.OzoneManagerProtocolServerSideTranslatorPB.processRequest(OzoneManagerProtocolServerSideTranslatorPB.java:179) ~[ozone-manager-1.4.0-SNAPSHOT.jar:?]
	at org.apache.hadoop.hdds.server.OzoneProtocolMessageDispatcher.processRequest(OzoneProtocolMessageDispatcher.java:87) [hdds-server-framework-1.4.0-SNAPSHOT.jar:?]
	at org.apache.hadoop.ozone.protocolPB.OzoneManagerProtocolServerSideTranslatorPB.submitRequest(OzoneManagerProtocolServerSideTranslatorPB.java:148) [ozone-manager-1.4.0-SNAPSHOT.jar:?]
	at org.apache.hadoop.ozone.protocol.proto.OzoneManagerProtocolProtos$OzoneManagerService$2.callBlockingMethod(OzoneManagerProtocolProtos.java) [ozone-interface-client-1.4.0-SNAPSHOT.jar:?]
	at org.apache.hadoop.ipc.ProtobufRpcEngine$Server.processCall(ProtobufRpcEngine.java:484) [hadoop-common-3.3.6.jar:?]
	at org.apache.hadoop.ipc.ProtobufRpcEngine2$Server$ProtoBufRpcInvoker.call(ProtobufRpcEngine2.java:595) [hadoop-common-3.3.6.jar:?]
	at org.apache.hadoop.ipc.ProtobufRpcEngine2$Server$ProtoBufRpcInvoker.call(ProtobufRpcEngine2.java:573) [hadoop-common-3.3.6.jar:?]
	at org.apache.hadoop.ipc.RPC$Server.call(RPC.java:1227) [hadoop-common-3.3.6.jar:?]
	at org.apache.hadoop.ipc.Server$RpcCall.run(Server.java:1094) [hadoop-common-3.3.6.jar:?]
	at org.apache.hadoop.ipc.Server$RpcCall.run(Server.java:1017) [hadoop-common-3.3.6.jar:?]
	at java.security.AccessController.doPrivileged(Native Method) ~[?:1.8.0_382]
	at javax.security.auth.Subject.doAs(Subject.java:422) [?:1.8.0_382]
	at org.apache.hadoop.security.UserGroupInformation.doAs(UserGroupInformation.java:1899) [hadoop-common-3.3.6.jar:?]
	at org.apache.hadoop.ipc.Server$Handler.run(Server.java:3048) [hadoop-common-3.3.6.jar:?]
]]></system-out>
  </testcase>
  <testcase name="testRecursiveDelete" classname="TestOzoneFileSystem" time="0.157">
    <system-out><![CDATA[17:33:52.731 [IPC Server handler 6 on default port 15163] ERROR OMAudit - user=runner | ip=127.0.0.1 | op=GET_FILE_STATUS {volume=volume37245, bucket=bucket80016, key=gdir1, dataSize=0, replicationConfig=null} | ret=FAILURE
org.apache.hadoop.ozone.om.exceptions.OMException: Unable to get file status: volume: volume37245 bucket: bucket80016 key: gdir1
	at org.apache.hadoop.ozone.om.KeyManagerImpl.getOzoneFileStatus(KeyManagerImpl.java:1227) ~[ozone-manager-1.4.0-SNAPSHOT.jar:?]
	at org.apache.hadoop.ozone.om.KeyManagerImpl.getFileStatus(KeyManagerImpl.java:1145) ~[ozone-manager-1.4.0-SNAPSHOT.jar:?]
	at org.apache.hadoop.ozone.om.OmMetadataReader.getFileStatus(OmMetadataReader.java:266) ~[ozone-manager-1.4.0-SNAPSHOT.jar:?]
	at org.apache.hadoop.ozone.om.OzoneManager.getFileStatus(OzoneManager.java:3585) ~[ozone-manager-1.4.0-SNAPSHOT.jar:?]
	at org.apache.hadoop.ozone.protocolPB.OzoneManagerRequestHandler.getOzoneFileStatus(OzoneManagerRequestHandler.java:998) ~[ozone-manager-1.4.0-SNAPSHOT.jar:?]
	at org.apache.hadoop.ozone.protocolPB.OzoneManagerRequestHandler.handleReadRequest(OzoneManagerRequestHandler.java:259) ~[ozone-manager-1.4.0-SNAPSHOT.jar:?]
	at org.apache.hadoop.ozone.protocolPB.OzoneManagerProtocolServerSideTranslatorPB.submitRequestDirectlyToOM(OzoneManagerProtocolServerSideTranslatorPB.java:274) ~[ozone-manager-1.4.0-SNAPSHOT.jar:?]
	at org.apache.hadoop.ozone.protocolPB.OzoneManagerProtocolServerSideTranslatorPB.processRequest(OzoneManagerProtocolServerSideTranslatorPB.java:175) ~[ozone-manager-1.4.0-SNAPSHOT.jar:?]
	at org.apache.hadoop.hdds.server.OzoneProtocolMessageDispatcher.processRequest(OzoneProtocolMessageDispatcher.java:87) [hdds-server-framework-1.4.0-SNAPSHOT.jar:?]
	at org.apache.hadoop.ozone.protocolPB.OzoneManagerProtocolServerSideTranslatorPB.submitRequest(OzoneManagerProtocolServerSideTranslatorPB.java:148) [ozone-manager-1.4.0-SNAPSHOT.jar:?]
	at org.apache.hadoop.ozone.protocol.proto.OzoneManagerProtocolProtos$OzoneManagerService$2.callBlockingMethod(OzoneManagerProtocolProtos.java) [ozone-interface-client-1.4.0-SNAPSHOT.jar:?]
	at org.apache.hadoop.ipc.ProtobufRpcEngine$Server.processCall(ProtobufRpcEngine.java:484) [hadoop-common-3.3.6.jar:?]
	at org.apache.hadoop.ipc.ProtobufRpcEngine2$Server$ProtoBufRpcInvoker.call(ProtobufRpcEngine2.java:595) [hadoop-common-3.3.6.jar:?]
	at org.apache.hadoop.ipc.ProtobufRpcEngine2$Server$ProtoBufRpcInvoker.call(ProtobufRpcEngine2.java:573) [hadoop-common-3.3.6.jar:?]
	at org.apache.hadoop.ipc.RPC$Server.call(RPC.java:1227) [hadoop-common-3.3.6.jar:?]
	at org.apache.hadoop.ipc.Server$RpcCall.run(Server.java:1094) [hadoop-common-3.3.6.jar:?]
	at org.apache.hadoop.ipc.Server$RpcCall.run(Server.java:1017) [hadoop-common-3.3.6.jar:?]
	at java.security.AccessController.doPrivileged(Native Method) ~[?:1.8.0_382]
	at javax.security.auth.Subject.doAs(Subject.java:422) [?:1.8.0_382]
	at org.apache.hadoop.security.UserGroupInformation.doAs(UserGroupInformation.java:1899) [hadoop-common-3.3.6.jar:?]
	at org.apache.hadoop.ipc.Server$Handler.run(Server.java:3048) [hadoop-common-3.3.6.jar:?]
17:33:52.732 [IPC Server handler 4 on default port 15163] ERROR OMAudit - user=runner | ip=127.0.0.1 | op=GET_FILE_STATUS {volume=volume37245, bucket=bucket80016, key=gdir1/dir1, dataSize=0, replicationConfig=null} | ret=FAILURE
org.apache.hadoop.ozone.om.exceptions.OMException: Unable to get file status: volume: volume37245 bucket: bucket80016 key: gdir1/dir1
	at org.apache.hadoop.ozone.om.KeyManagerImpl.getOzoneFileStatus(KeyManagerImpl.java:1227) ~[ozone-manager-1.4.0-SNAPSHOT.jar:?]
	at org.apache.hadoop.ozone.om.KeyManagerImpl.getFileStatus(KeyManagerImpl.java:1145) ~[ozone-manager-1.4.0-SNAPSHOT.jar:?]
	at org.apache.hadoop.ozone.om.OmMetadataReader.getFileStatus(OmMetadataReader.java:266) ~[ozone-manager-1.4.0-SNAPSHOT.jar:?]
	at org.apache.hadoop.ozone.om.OzoneManager.getFileStatus(OzoneManager.java:3585) ~[ozone-manager-1.4.0-SNAPSHOT.jar:?]
	at org.apache.hadoop.ozone.protocolPB.OzoneManagerRequestHandler.getOzoneFileStatus(OzoneManagerRequestHandler.java:998) ~[ozone-manager-1.4.0-SNAPSHOT.jar:?]
	at org.apache.hadoop.ozone.protocolPB.OzoneManagerRequestHandler.handleReadRequest(OzoneManagerRequestHandler.java:259) ~[ozone-manager-1.4.0-SNAPSHOT.jar:?]
	at org.apache.hadoop.ozone.protocolPB.OzoneManagerProtocolServerSideTranslatorPB.submitRequestDirectlyToOM(OzoneManagerProtocolServerSideTranslatorPB.java:274) ~[ozone-manager-1.4.0-SNAPSHOT.jar:?]
	at org.apache.hadoop.ozone.protocolPB.OzoneManagerProtocolServerSideTranslatorPB.processRequest(OzoneManagerProtocolServerSideTranslatorPB.java:175) ~[ozone-manager-1.4.0-SNAPSHOT.jar:?]
	at org.apache.hadoop.hdds.server.OzoneProtocolMessageDispatcher.processRequest(OzoneProtocolMessageDispatcher.java:87) [hdds-server-framework-1.4.0-SNAPSHOT.jar:?]
	at org.apache.hadoop.ozone.protocolPB.OzoneManagerProtocolServerSideTranslatorPB.submitRequest(OzoneManagerProtocolServerSideTranslatorPB.java:148) [ozone-manager-1.4.0-SNAPSHOT.jar:?]
	at org.apache.hadoop.ozone.protocol.proto.OzoneManagerProtocolProtos$OzoneManagerService$2.callBlockingMethod(OzoneManagerProtocolProtos.java) [ozone-interface-client-1.4.0-SNAPSHOT.jar:?]
	at org.apache.hadoop.ipc.ProtobufRpcEngine$Server.processCall(ProtobufRpcEngine.java:484) [hadoop-common-3.3.6.jar:?]
	at org.apache.hadoop.ipc.ProtobufRpcEngine2$Server$ProtoBufRpcInvoker.call(ProtobufRpcEngine2.java:595) [hadoop-common-3.3.6.jar:?]
	at org.apache.hadoop.ipc.ProtobufRpcEngine2$Server$ProtoBufRpcInvoker.call(ProtobufRpcEngine2.java:573) [hadoop-common-3.3.6.jar:?]
	at org.apache.hadoop.ipc.RPC$Server.call(RPC.java:1227) [hadoop-common-3.3.6.jar:?]
	at org.apache.hadoop.ipc.Server$RpcCall.run(Server.java:1094) [hadoop-common-3.3.6.jar:?]
	at org.apache.hadoop.ipc.Server$RpcCall.run(Server.java:1017) [hadoop-common-3.3.6.jar:?]
	at java.security.AccessController.doPrivileged(Native Method) ~[?:1.8.0_382]
	at javax.security.auth.Subject.doAs(Subject.java:422) [?:1.8.0_382]
	at org.apache.hadoop.security.UserGroupInformation.doAs(UserGroupInformation.java:1899) [hadoop-common-3.3.6.jar:?]
	at org.apache.hadoop.ipc.Server$Handler.run(Server.java:3048) [hadoop-common-3.3.6.jar:?]
17:33:52.733 [IPC Server handler 7 on default port 15163] ERROR OMAudit - user=runner | ip=127.0.0.1 | op=GET_FILE_STATUS {volume=volume37245, bucket=bucket80016, key=gdir1/dir1/child, dataSize=0, replicationConfig=null} | ret=FAILURE
org.apache.hadoop.ozone.om.exceptions.OMException: Unable to get file status: volume: volume37245 bucket: bucket80016 key: gdir1/dir1/child
	at org.apache.hadoop.ozone.om.KeyManagerImpl.getOzoneFileStatus(KeyManagerImpl.java:1227) ~[ozone-manager-1.4.0-SNAPSHOT.jar:?]
	at org.apache.hadoop.ozone.om.KeyManagerImpl.getFileStatus(KeyManagerImpl.java:1145) ~[ozone-manager-1.4.0-SNAPSHOT.jar:?]
	at org.apache.hadoop.ozone.om.OmMetadataReader.getFileStatus(OmMetadataReader.java:266) ~[ozone-manager-1.4.0-SNAPSHOT.jar:?]
	at org.apache.hadoop.ozone.om.OzoneManager.getFileStatus(OzoneManager.java:3585) ~[ozone-manager-1.4.0-SNAPSHOT.jar:?]
	at org.apache.hadoop.ozone.protocolPB.OzoneManagerRequestHandler.getOzoneFileStatus(OzoneManagerRequestHandler.java:998) ~[ozone-manager-1.4.0-SNAPSHOT.jar:?]
	at org.apache.hadoop.ozone.protocolPB.OzoneManagerRequestHandler.handleReadRequest(OzoneManagerRequestHandler.java:259) ~[ozone-manager-1.4.0-SNAPSHOT.jar:?]
	at org.apache.hadoop.ozone.protocolPB.OzoneManagerProtocolServerSideTranslatorPB.submitRequestDirectlyToOM(OzoneManagerProtocolServerSideTranslatorPB.java:274) ~[ozone-manager-1.4.0-SNAPSHOT.jar:?]
	at org.apache.hadoop.ozone.protocolPB.OzoneManagerProtocolServerSideTranslatorPB.processRequest(OzoneManagerProtocolServerSideTranslatorPB.java:175) ~[ozone-manager-1.4.0-SNAPSHOT.jar:?]
	at org.apache.hadoop.hdds.server.OzoneProtocolMessageDispatcher.processRequest(OzoneProtocolMessageDispatcher.java:87) [hdds-server-framework-1.4.0-SNAPSHOT.jar:?]
	at org.apache.hadoop.ozone.protocolPB.OzoneManagerProtocolServerSideTranslatorPB.submitRequest(OzoneManagerProtocolServerSideTranslatorPB.java:148) [ozone-manager-1.4.0-SNAPSHOT.jar:?]
	at org.apache.hadoop.ozone.protocol.proto.OzoneManagerProtocolProtos$OzoneManagerService$2.callBlockingMethod(OzoneManagerProtocolProtos.java) [ozone-interface-client-1.4.0-SNAPSHOT.jar:?]
	at org.apache.hadoop.ipc.ProtobufRpcEngine$Server.processCall(ProtobufRpcEngine.java:484) [hadoop-common-3.3.6.jar:?]
	at org.apache.hadoop.ipc.ProtobufRpcEngine2$Server$ProtoBufRpcInvoker.call(ProtobufRpcEngine2.java:595) [hadoop-common-3.3.6.jar:?]
	at org.apache.hadoop.ipc.ProtobufRpcEngine2$Server$ProtoBufRpcInvoker.call(ProtobufRpcEngine2.java:573) [hadoop-common-3.3.6.jar:?]
	at org.apache.hadoop.ipc.RPC$Server.call(RPC.java:1227) [hadoop-common-3.3.6.jar:?]
	at org.apache.hadoop.ipc.Server$RpcCall.run(Server.java:1094) [hadoop-common-3.3.6.jar:?]
	at org.apache.hadoop.ipc.Server$RpcCall.run(Server.java:1017) [hadoop-common-3.3.6.jar:?]
	at java.security.AccessController.doPrivileged(Native Method) ~[?:1.8.0_382]
	at javax.security.auth.Subject.doAs(Subject.java:422) [?:1.8.0_382]
	at org.apache.hadoop.security.UserGroupInformation.doAs(UserGroupInformation.java:1899) [hadoop-common-3.3.6.jar:?]
	at org.apache.hadoop.ipc.Server$Handler.run(Server.java:3048) [hadoop-common-3.3.6.jar:?]
17:33:52.734 [IPC Server handler 5 on default port 15163] ERROR OMAudit - user=runner | ip=127.0.0.1 | op=GET_FILE_STATUS {volume=volume37245, bucket=bucket80016, key=gdir1/dir2, dataSize=0, replicationConfig=null} | ret=FAILURE
org.apache.hadoop.ozone.om.exceptions.OMException: Unable to get file status: volume: volume37245 bucket: bucket80016 key: gdir1/dir2
	at org.apache.hadoop.ozone.om.KeyManagerImpl.getOzoneFileStatus(KeyManagerImpl.java:1227) ~[ozone-manager-1.4.0-SNAPSHOT.jar:?]
	at org.apache.hadoop.ozone.om.KeyManagerImpl.getFileStatus(KeyManagerImpl.java:1145) ~[ozone-manager-1.4.0-SNAPSHOT.jar:?]
	at org.apache.hadoop.ozone.om.OmMetadataReader.getFileStatus(OmMetadataReader.java:266) ~[ozone-manager-1.4.0-SNAPSHOT.jar:?]
	at org.apache.hadoop.ozone.om.OzoneManager.getFileStatus(OzoneManager.java:3585) ~[ozone-manager-1.4.0-SNAPSHOT.jar:?]
	at org.apache.hadoop.ozone.protocolPB.OzoneManagerRequestHandler.getOzoneFileStatus(OzoneManagerRequestHandler.java:998) ~[ozone-manager-1.4.0-SNAPSHOT.jar:?]
	at org.apache.hadoop.ozone.protocolPB.OzoneManagerRequestHandler.handleReadRequest(OzoneManagerRequestHandler.java:259) ~[ozone-manager-1.4.0-SNAPSHOT.jar:?]
	at org.apache.hadoop.ozone.protocolPB.OzoneManagerProtocolServerSideTranslatorPB.submitRequestDirectlyToOM(OzoneManagerProtocolServerSideTranslatorPB.java:274) ~[ozone-manager-1.4.0-SNAPSHOT.jar:?]
	at org.apache.hadoop.ozone.protocolPB.OzoneManagerProtocolServerSideTranslatorPB.processRequest(OzoneManagerProtocolServerSideTranslatorPB.java:175) ~[ozone-manager-1.4.0-SNAPSHOT.jar:?]
	at org.apache.hadoop.hdds.server.OzoneProtocolMessageDispatcher.processRequest(OzoneProtocolMessageDispatcher.java:87) [hdds-server-framework-1.4.0-SNAPSHOT.jar:?]
	at org.apache.hadoop.ozone.protocolPB.OzoneManagerProtocolServerSideTranslatorPB.submitRequest(OzoneManagerProtocolServerSideTranslatorPB.java:148) [ozone-manager-1.4.0-SNAPSHOT.jar:?]
	at org.apache.hadoop.ozone.protocol.proto.OzoneManagerProtocolProtos$OzoneManagerService$2.callBlockingMethod(OzoneManagerProtocolProtos.java) [ozone-interface-client-1.4.0-SNAPSHOT.jar:?]
	at org.apache.hadoop.ipc.ProtobufRpcEngine$Server.processCall(ProtobufRpcEngine.java:484) [hadoop-common-3.3.6.jar:?]
	at org.apache.hadoop.ipc.ProtobufRpcEngine2$Server$ProtoBufRpcInvoker.call(ProtobufRpcEngine2.java:595) [hadoop-common-3.3.6.jar:?]
	at org.apache.hadoop.ipc.ProtobufRpcEngine2$Server$ProtoBufRpcInvoker.call(ProtobufRpcEngine2.java:573) [hadoop-common-3.3.6.jar:?]
	at org.apache.hadoop.ipc.RPC$Server.call(RPC.java:1227) [hadoop-common-3.3.6.jar:?]
	at org.apache.hadoop.ipc.Server$RpcCall.run(Server.java:1094) [hadoop-common-3.3.6.jar:?]
	at org.apache.hadoop.ipc.Server$RpcCall.run(Server.java:1017) [hadoop-common-3.3.6.jar:?]
	at java.security.AccessController.doPrivileged(Native Method) ~[?:1.8.0_382]
	at javax.security.auth.Subject.doAs(Subject.java:422) [?:1.8.0_382]
	at org.apache.hadoop.security.UserGroupInformation.doAs(UserGroupInformation.java:1899) [hadoop-common-3.3.6.jar:?]
	at org.apache.hadoop.ipc.Server$Handler.run(Server.java:3048) [hadoop-common-3.3.6.jar:?]
17:33:52.735 [IPC Server handler 10 on default port 15163] ERROR OMAudit - user=runner | ip=127.0.0.1 | op=GET_FILE_STATUS {volume=volume37245, bucket=bucket80016, key=gdir1/dir2/child, dataSize=0, replicationConfig=null} | ret=FAILURE
org.apache.hadoop.ozone.om.exceptions.OMException: Unable to get file status: volume: volume37245 bucket: bucket80016 key: gdir1/dir2/child
	at org.apache.hadoop.ozone.om.KeyManagerImpl.getOzoneFileStatus(KeyManagerImpl.java:1227) ~[ozone-manager-1.4.0-SNAPSHOT.jar:?]
	at org.apache.hadoop.ozone.om.KeyManagerImpl.getFileStatus(KeyManagerImpl.java:1145) ~[ozone-manager-1.4.0-SNAPSHOT.jar:?]
	at org.apache.hadoop.ozone.om.OmMetadataReader.getFileStatus(OmMetadataReader.java:266) ~[ozone-manager-1.4.0-SNAPSHOT.jar:?]
	at org.apache.hadoop.ozone.om.OzoneManager.getFileStatus(OzoneManager.java:3585) ~[ozone-manager-1.4.0-SNAPSHOT.jar:?]
	at org.apache.hadoop.ozone.protocolPB.OzoneManagerRequestHandler.getOzoneFileStatus(OzoneManagerRequestHandler.java:998) ~[ozone-manager-1.4.0-SNAPSHOT.jar:?]
	at org.apache.hadoop.ozone.protocolPB.OzoneManagerRequestHandler.handleReadRequest(OzoneManagerRequestHandler.java:259) ~[ozone-manager-1.4.0-SNAPSHOT.jar:?]
	at org.apache.hadoop.ozone.protocolPB.OzoneManagerProtocolServerSideTranslatorPB.submitRequestDirectlyToOM(OzoneManagerProtocolServerSideTranslatorPB.java:274) ~[ozone-manager-1.4.0-SNAPSHOT.jar:?]
	at org.apache.hadoop.ozone.protocolPB.OzoneManagerProtocolServerSideTranslatorPB.processRequest(OzoneManagerProtocolServerSideTranslatorPB.java:175) ~[ozone-manager-1.4.0-SNAPSHOT.jar:?]
	at org.apache.hadoop.hdds.server.OzoneProtocolMessageDispatcher.processRequest(OzoneProtocolMessageDispatcher.java:87) [hdds-server-framework-1.4.0-SNAPSHOT.jar:?]
	at org.apache.hadoop.ozone.protocolPB.OzoneManagerProtocolServerSideTranslatorPB.submitRequest(OzoneManagerProtocolServerSideTranslatorPB.java:148) [ozone-manager-1.4.0-SNAPSHOT.jar:?]
	at org.apache.hadoop.ozone.protocol.proto.OzoneManagerProtocolProtos$OzoneManagerService$2.callBlockingMethod(OzoneManagerProtocolProtos.java) [ozone-interface-client-1.4.0-SNAPSHOT.jar:?]
	at org.apache.hadoop.ipc.ProtobufRpcEngine$Server.processCall(ProtobufRpcEngine.java:484) [hadoop-common-3.3.6.jar:?]
	at org.apache.hadoop.ipc.ProtobufRpcEngine2$Server$ProtoBufRpcInvoker.call(ProtobufRpcEngine2.java:595) [hadoop-common-3.3.6.jar:?]
	at org.apache.hadoop.ipc.ProtobufRpcEngine2$Server$ProtoBufRpcInvoker.call(ProtobufRpcEngine2.java:573) [hadoop-common-3.3.6.jar:?]
	at org.apache.hadoop.ipc.RPC$Server.call(RPC.java:1227) [hadoop-common-3.3.6.jar:?]
	at org.apache.hadoop.ipc.Server$RpcCall.run(Server.java:1094) [hadoop-common-3.3.6.jar:?]
	at org.apache.hadoop.ipc.Server$RpcCall.run(Server.java:1017) [hadoop-common-3.3.6.jar:?]
	at java.security.AccessController.doPrivileged(Native Method) ~[?:1.8.0_382]
	at javax.security.auth.Subject.doAs(Subject.java:422) [?:1.8.0_382]
	at org.apache.hadoop.security.UserGroupInformation.doAs(UserGroupInformation.java:1899) [hadoop-common-3.3.6.jar:?]
	at org.apache.hadoop.ipc.Server$Handler.run(Server.java:3048) [hadoop-common-3.3.6.jar:?]
17:33:52.736 [IPC Server handler 8 on default port 15163] ERROR OMAudit - user=runner | ip=127.0.0.1 | op=GET_FILE_STATUS {volume=volume37245, bucket=bucket80016, key=gdir1/dir3, dataSize=0, replicationConfig=null} | ret=FAILURE
org.apache.hadoop.ozone.om.exceptions.OMException: Unable to get file status: volume: volume37245 bucket: bucket80016 key: gdir1/dir3
	at org.apache.hadoop.ozone.om.KeyManagerImpl.getOzoneFileStatus(KeyManagerImpl.java:1227) ~[ozone-manager-1.4.0-SNAPSHOT.jar:?]
	at org.apache.hadoop.ozone.om.KeyManagerImpl.getFileStatus(KeyManagerImpl.java:1145) ~[ozone-manager-1.4.0-SNAPSHOT.jar:?]
	at org.apache.hadoop.ozone.om.OmMetadataReader.getFileStatus(OmMetadataReader.java:266) ~[ozone-manager-1.4.0-SNAPSHOT.jar:?]
	at org.apache.hadoop.ozone.om.OzoneManager.getFileStatus(OzoneManager.java:3585) ~[ozone-manager-1.4.0-SNAPSHOT.jar:?]
	at org.apache.hadoop.ozone.protocolPB.OzoneManagerRequestHandler.getOzoneFileStatus(OzoneManagerRequestHandler.java:998) ~[ozone-manager-1.4.0-SNAPSHOT.jar:?]
	at org.apache.hadoop.ozone.protocolPB.OzoneManagerRequestHandler.handleReadRequest(OzoneManagerRequestHandler.java:259) ~[ozone-manager-1.4.0-SNAPSHOT.jar:?]
	at org.apache.hadoop.ozone.protocolPB.OzoneManagerProtocolServerSideTranslatorPB.submitRequestDirectlyToOM(OzoneManagerProtocolServerSideTranslatorPB.java:274) ~[ozone-manager-1.4.0-SNAPSHOT.jar:?]
	at org.apache.hadoop.ozone.protocolPB.OzoneManagerProtocolServerSideTranslatorPB.processRequest(OzoneManagerProtocolServerSideTranslatorPB.java:175) ~[ozone-manager-1.4.0-SNAPSHOT.jar:?]
	at org.apache.hadoop.hdds.server.OzoneProtocolMessageDispatcher.processRequest(OzoneProtocolMessageDispatcher.java:87) [hdds-server-framework-1.4.0-SNAPSHOT.jar:?]
	at org.apache.hadoop.ozone.protocolPB.OzoneManagerProtocolServerSideTranslatorPB.submitRequest(OzoneManagerProtocolServerSideTranslatorPB.java:148) [ozone-manager-1.4.0-SNAPSHOT.jar:?]
	at org.apache.hadoop.ozone.protocol.proto.OzoneManagerProtocolProtos$OzoneManagerService$2.callBlockingMethod(OzoneManagerProtocolProtos.java) [ozone-interface-client-1.4.0-SNAPSHOT.jar:?]
	at org.apache.hadoop.ipc.ProtobufRpcEngine$Server.processCall(ProtobufRpcEngine.java:484) [hadoop-common-3.3.6.jar:?]
	at org.apache.hadoop.ipc.ProtobufRpcEngine2$Server$ProtoBufRpcInvoker.call(ProtobufRpcEngine2.java:595) [hadoop-common-3.3.6.jar:?]
	at org.apache.hadoop.ipc.ProtobufRpcEngine2$Server$ProtoBufRpcInvoker.call(ProtobufRpcEngine2.java:573) [hadoop-common-3.3.6.jar:?]
	at org.apache.hadoop.ipc.RPC$Server.call(RPC.java:1227) [hadoop-common-3.3.6.jar:?]
	at org.apache.hadoop.ipc.Server$RpcCall.run(Server.java:1094) [hadoop-common-3.3.6.jar:?]
	at org.apache.hadoop.ipc.Server$RpcCall.run(Server.java:1017) [hadoop-common-3.3.6.jar:?]
	at java.security.AccessController.doPrivileged(Native Method) ~[?:1.8.0_382]
	at javax.security.auth.Subject.doAs(Subject.java:422) [?:1.8.0_382]
	at org.apache.hadoop.security.UserGroupInformation.doAs(UserGroupInformation.java:1899) [hadoop-common-3.3.6.jar:?]
	at org.apache.hadoop.ipc.Server$Handler.run(Server.java:3048) [hadoop-common-3.3.6.jar:?]
17:33:52.737 [IPC Server handler 12 on default port 15163] ERROR OMAudit - user=runner | ip=127.0.0.1 | op=GET_FILE_STATUS {volume=volume37245, bucket=bucket80016, key=gdir1/dir3/child, dataSize=0, replicationConfig=null} | ret=FAILURE
org.apache.hadoop.ozone.om.exceptions.OMException: Unable to get file status: volume: volume37245 bucket: bucket80016 key: gdir1/dir3/child
	at org.apache.hadoop.ozone.om.KeyManagerImpl.getOzoneFileStatus(KeyManagerImpl.java:1227) ~[ozone-manager-1.4.0-SNAPSHOT.jar:?]
	at org.apache.hadoop.ozone.om.KeyManagerImpl.getFileStatus(KeyManagerImpl.java:1145) ~[ozone-manager-1.4.0-SNAPSHOT.jar:?]
	at org.apache.hadoop.ozone.om.OmMetadataReader.getFileStatus(OmMetadataReader.java:266) ~[ozone-manager-1.4.0-SNAPSHOT.jar:?]
	at org.apache.hadoop.ozone.om.OzoneManager.getFileStatus(OzoneManager.java:3585) ~[ozone-manager-1.4.0-SNAPSHOT.jar:?]
	at org.apache.hadoop.ozone.protocolPB.OzoneManagerRequestHandler.getOzoneFileStatus(OzoneManagerRequestHandler.java:998) ~[ozone-manager-1.4.0-SNAPSHOT.jar:?]
	at org.apache.hadoop.ozone.protocolPB.OzoneManagerRequestHandler.handleReadRequest(OzoneManagerRequestHandler.java:259) ~[ozone-manager-1.4.0-SNAPSHOT.jar:?]
	at org.apache.hadoop.ozone.protocolPB.OzoneManagerProtocolServerSideTranslatorPB.submitRequestDirectlyToOM(OzoneManagerProtocolServerSideTranslatorPB.java:274) ~[ozone-manager-1.4.0-SNAPSHOT.jar:?]
	at org.apache.hadoop.ozone.protocolPB.OzoneManagerProtocolServerSideTranslatorPB.processRequest(OzoneManagerProtocolServerSideTranslatorPB.java:175) ~[ozone-manager-1.4.0-SNAPSHOT.jar:?]
	at org.apache.hadoop.hdds.server.OzoneProtocolMessageDispatcher.processRequest(OzoneProtocolMessageDispatcher.java:87) [hdds-server-framework-1.4.0-SNAPSHOT.jar:?]
	at org.apache.hadoop.ozone.protocolPB.OzoneManagerProtocolServerSideTranslatorPB.submitRequest(OzoneManagerProtocolServerSideTranslatorPB.java:148) [ozone-manager-1.4.0-SNAPSHOT.jar:?]
	at org.apache.hadoop.ozone.protocol.proto.OzoneManagerProtocolProtos$OzoneManagerService$2.callBlockingMethod(OzoneManagerProtocolProtos.java) [ozone-interface-client-1.4.0-SNAPSHOT.jar:?]
	at org.apache.hadoop.ipc.ProtobufRpcEngine$Server.processCall(ProtobufRpcEngine.java:484) [hadoop-common-3.3.6.jar:?]
	at org.apache.hadoop.ipc.ProtobufRpcEngine2$Server$ProtoBufRpcInvoker.call(ProtobufRpcEngine2.java:595) [hadoop-common-3.3.6.jar:?]
	at org.apache.hadoop.ipc.ProtobufRpcEngine2$Server$ProtoBufRpcInvoker.call(ProtobufRpcEngine2.java:573) [hadoop-common-3.3.6.jar:?]
	at org.apache.hadoop.ipc.RPC$Server.call(RPC.java:1227) [hadoop-common-3.3.6.jar:?]
	at org.apache.hadoop.ipc.Server$RpcCall.run(Server.java:1094) [hadoop-common-3.3.6.jar:?]
	at org.apache.hadoop.ipc.Server$RpcCall.run(Server.java:1017) [hadoop-common-3.3.6.jar:?]
	at java.security.AccessController.doPrivileged(Native Method) ~[?:1.8.0_382]
	at javax.security.auth.Subject.doAs(Subject.java:422) [?:1.8.0_382]
	at org.apache.hadoop.security.UserGroupInformation.doAs(UserGroupInformation.java:1899) [hadoop-common-3.3.6.jar:?]
	at org.apache.hadoop.ipc.Server$Handler.run(Server.java:3048) [hadoop-common-3.3.6.jar:?]
17:33:52.738 [IPC Server handler 14 on default port 15163] ERROR OMAudit - user=runner | ip=127.0.0.1 | op=GET_FILE_STATUS {volume=volume37245, bucket=bucket80016, key=gdir1/dir4, dataSize=0, replicationConfig=null} | ret=FAILURE
org.apache.hadoop.ozone.om.exceptions.OMException: Unable to get file status: volume: volume37245 bucket: bucket80016 key: gdir1/dir4
	at org.apache.hadoop.ozone.om.KeyManagerImpl.getOzoneFileStatus(KeyManagerImpl.java:1227) ~[ozone-manager-1.4.0-SNAPSHOT.jar:?]
	at org.apache.hadoop.ozone.om.KeyManagerImpl.getFileStatus(KeyManagerImpl.java:1145) ~[ozone-manager-1.4.0-SNAPSHOT.jar:?]
	at org.apache.hadoop.ozone.om.OmMetadataReader.getFileStatus(OmMetadataReader.java:266) ~[ozone-manager-1.4.0-SNAPSHOT.jar:?]
	at org.apache.hadoop.ozone.om.OzoneManager.getFileStatus(OzoneManager.java:3585) ~[ozone-manager-1.4.0-SNAPSHOT.jar:?]
	at org.apache.hadoop.ozone.protocolPB.OzoneManagerRequestHandler.getOzoneFileStatus(OzoneManagerRequestHandler.java:998) ~[ozone-manager-1.4.0-SNAPSHOT.jar:?]
	at org.apache.hadoop.ozone.protocolPB.OzoneManagerRequestHandler.handleReadRequest(OzoneManagerRequestHandler.java:259) ~[ozone-manager-1.4.0-SNAPSHOT.jar:?]
	at org.apache.hadoop.ozone.protocolPB.OzoneManagerProtocolServerSideTranslatorPB.submitRequestDirectlyToOM(OzoneManagerProtocolServerSideTranslatorPB.java:274) ~[ozone-manager-1.4.0-SNAPSHOT.jar:?]
	at org.apache.hadoop.ozone.protocolPB.OzoneManagerProtocolServerSideTranslatorPB.processRequest(OzoneManagerProtocolServerSideTranslatorPB.java:175) ~[ozone-manager-1.4.0-SNAPSHOT.jar:?]
	at org.apache.hadoop.hdds.server.OzoneProtocolMessageDispatcher.processRequest(OzoneProtocolMessageDispatcher.java:87) [hdds-server-framework-1.4.0-SNAPSHOT.jar:?]
	at org.apache.hadoop.ozone.protocolPB.OzoneManagerProtocolServerSideTranslatorPB.submitRequest(OzoneManagerProtocolServerSideTranslatorPB.java:148) [ozone-manager-1.4.0-SNAPSHOT.jar:?]
	at org.apache.hadoop.ozone.protocol.proto.OzoneManagerProtocolProtos$OzoneManagerService$2.callBlockingMethod(OzoneManagerProtocolProtos.java) [ozone-interface-client-1.4.0-SNAPSHOT.jar:?]
	at org.apache.hadoop.ipc.ProtobufRpcEngine$Server.processCall(ProtobufRpcEngine.java:484) [hadoop-common-3.3.6.jar:?]
	at org.apache.hadoop.ipc.ProtobufRpcEngine2$Server$ProtoBufRpcInvoker.call(ProtobufRpcEngine2.java:595) [hadoop-common-3.3.6.jar:?]
	at org.apache.hadoop.ipc.ProtobufRpcEngine2$Server$ProtoBufRpcInvoker.call(ProtobufRpcEngine2.java:573) [hadoop-common-3.3.6.jar:?]
	at org.apache.hadoop.ipc.RPC$Server.call(RPC.java:1227) [hadoop-common-3.3.6.jar:?]
	at org.apache.hadoop.ipc.Server$RpcCall.run(Server.java:1094) [hadoop-common-3.3.6.jar:?]
	at org.apache.hadoop.ipc.Server$RpcCall.run(Server.java:1017) [hadoop-common-3.3.6.jar:?]
	at java.security.AccessController.doPrivileged(Native Method) ~[?:1.8.0_382]
	at javax.security.auth.Subject.doAs(Subject.java:422) [?:1.8.0_382]
	at org.apache.hadoop.security.UserGroupInformation.doAs(UserGroupInformation.java:1899) [hadoop-common-3.3.6.jar:?]
	at org.apache.hadoop.ipc.Server$Handler.run(Server.java:3048) [hadoop-common-3.3.6.jar:?]
17:33:52.739 [IPC Server handler 9 on default port 15163] ERROR OMAudit - user=runner | ip=127.0.0.1 | op=GET_FILE_STATUS {volume=volume37245, bucket=bucket80016, key=gdir1/dir4/child, dataSize=0, replicationConfig=null} | ret=FAILURE
org.apache.hadoop.ozone.om.exceptions.OMException: Unable to get file status: volume: volume37245 bucket: bucket80016 key: gdir1/dir4/child
	at org.apache.hadoop.ozone.om.KeyManagerImpl.getOzoneFileStatus(KeyManagerImpl.java:1227) ~[ozone-manager-1.4.0-SNAPSHOT.jar:?]
	at org.apache.hadoop.ozone.om.KeyManagerImpl.getFileStatus(KeyManagerImpl.java:1145) ~[ozone-manager-1.4.0-SNAPSHOT.jar:?]
	at org.apache.hadoop.ozone.om.OmMetadataReader.getFileStatus(OmMetadataReader.java:266) ~[ozone-manager-1.4.0-SNAPSHOT.jar:?]
	at org.apache.hadoop.ozone.om.OzoneManager.getFileStatus(OzoneManager.java:3585) ~[ozone-manager-1.4.0-SNAPSHOT.jar:?]
	at org.apache.hadoop.ozone.protocolPB.OzoneManagerRequestHandler.getOzoneFileStatus(OzoneManagerRequestHandler.java:998) ~[ozone-manager-1.4.0-SNAPSHOT.jar:?]
	at org.apache.hadoop.ozone.protocolPB.OzoneManagerRequestHandler.handleReadRequest(OzoneManagerRequestHandler.java:259) ~[ozone-manager-1.4.0-SNAPSHOT.jar:?]
	at org.apache.hadoop.ozone.protocolPB.OzoneManagerProtocolServerSideTranslatorPB.submitRequestDirectlyToOM(OzoneManagerProtocolServerSideTranslatorPB.java:274) ~[ozone-manager-1.4.0-SNAPSHOT.jar:?]
	at org.apache.hadoop.ozone.protocolPB.OzoneManagerProtocolServerSideTranslatorPB.processRequest(OzoneManagerProtocolServerSideTranslatorPB.java:175) ~[ozone-manager-1.4.0-SNAPSHOT.jar:?]
	at org.apache.hadoop.hdds.server.OzoneProtocolMessageDispatcher.processRequest(OzoneProtocolMessageDispatcher.java:87) [hdds-server-framework-1.4.0-SNAPSHOT.jar:?]
	at org.apache.hadoop.ozone.protocolPB.OzoneManagerProtocolServerSideTranslatorPB.submitRequest(OzoneManagerProtocolServerSideTranslatorPB.java:148) [ozone-manager-1.4.0-SNAPSHOT.jar:?]
	at org.apache.hadoop.ozone.protocol.proto.OzoneManagerProtocolProtos$OzoneManagerService$2.callBlockingMethod(OzoneManagerProtocolProtos.java) [ozone-interface-client-1.4.0-SNAPSHOT.jar:?]
	at org.apache.hadoop.ipc.ProtobufRpcEngine$Server.processCall(ProtobufRpcEngine.java:484) [hadoop-common-3.3.6.jar:?]
	at org.apache.hadoop.ipc.ProtobufRpcEngine2$Server$ProtoBufRpcInvoker.call(ProtobufRpcEngine2.java:595) [hadoop-common-3.3.6.jar:?]
	at org.apache.hadoop.ipc.ProtobufRpcEngine2$Server$ProtoBufRpcInvoker.call(ProtobufRpcEngine2.java:573) [hadoop-common-3.3.6.jar:?]
	at org.apache.hadoop.ipc.RPC$Server.call(RPC.java:1227) [hadoop-common-3.3.6.jar:?]
	at org.apache.hadoop.ipc.Server$RpcCall.run(Server.java:1094) [hadoop-common-3.3.6.jar:?]
	at org.apache.hadoop.ipc.Server$RpcCall.run(Server.java:1017) [hadoop-common-3.3.6.jar:?]
	at java.security.AccessController.doPrivileged(Native Method) ~[?:1.8.0_382]
	at javax.security.auth.Subject.doAs(Subject.java:422) [?:1.8.0_382]
	at org.apache.hadoop.security.UserGroupInformation.doAs(UserGroupInformation.java:1899) [hadoop-common-3.3.6.jar:?]
	at org.apache.hadoop.ipc.Server$Handler.run(Server.java:3048) [hadoop-common-3.3.6.jar:?]
17:33:52.740 [IPC Server handler 15 on default port 15163] ERROR OMAudit - user=runner | ip=127.0.0.1 | op=GET_FILE_STATUS {volume=volume37245, bucket=bucket80016, key=gdir1/dir5, dataSize=0, replicationConfig=null} | ret=FAILURE
org.apache.hadoop.ozone.om.exceptions.OMException: Unable to get file status: volume: volume37245 bucket: bucket80016 key: gdir1/dir5
	at org.apache.hadoop.ozone.om.KeyManagerImpl.getOzoneFileStatus(KeyManagerImpl.java:1227) ~[ozone-manager-1.4.0-SNAPSHOT.jar:?]
	at org.apache.hadoop.ozone.om.KeyManagerImpl.getFileStatus(KeyManagerImpl.java:1145) ~[ozone-manager-1.4.0-SNAPSHOT.jar:?]
	at org.apache.hadoop.ozone.om.OmMetadataReader.getFileStatus(OmMetadataReader.java:266) ~[ozone-manager-1.4.0-SNAPSHOT.jar:?]
	at org.apache.hadoop.ozone.om.OzoneManager.getFileStatus(OzoneManager.java:3585) ~[ozone-manager-1.4.0-SNAPSHOT.jar:?]
	at org.apache.hadoop.ozone.protocolPB.OzoneManagerRequestHandler.getOzoneFileStatus(OzoneManagerRequestHandler.java:998) ~[ozone-manager-1.4.0-SNAPSHOT.jar:?]
	at org.apache.hadoop.ozone.protocolPB.OzoneManagerRequestHandler.handleReadRequest(OzoneManagerRequestHandler.java:259) ~[ozone-manager-1.4.0-SNAPSHOT.jar:?]
	at org.apache.hadoop.ozone.protocolPB.OzoneManagerProtocolServerSideTranslatorPB.submitRequestDirectlyToOM(OzoneManagerProtocolServerSideTranslatorPB.java:274) ~[ozone-manager-1.4.0-SNAPSHOT.jar:?]
	at org.apache.hadoop.ozone.protocolPB.OzoneManagerProtocolServerSideTranslatorPB.processRequest(OzoneManagerProtocolServerSideTranslatorPB.java:175) ~[ozone-manager-1.4.0-SNAPSHOT.jar:?]
	at org.apache.hadoop.hdds.server.OzoneProtocolMessageDispatcher.processRequest(OzoneProtocolMessageDispatcher.java:87) [hdds-server-framework-1.4.0-SNAPSHOT.jar:?]
	at org.apache.hadoop.ozone.protocolPB.OzoneManagerProtocolServerSideTranslatorPB.submitRequest(OzoneManagerProtocolServerSideTranslatorPB.java:148) [ozone-manager-1.4.0-SNAPSHOT.jar:?]
	at org.apache.hadoop.ozone.protocol.proto.OzoneManagerProtocolProtos$OzoneManagerService$2.callBlockingMethod(OzoneManagerProtocolProtos.java) [ozone-interface-client-1.4.0-SNAPSHOT.jar:?]
	at org.apache.hadoop.ipc.ProtobufRpcEngine$Server.processCall(ProtobufRpcEngine.java:484) [hadoop-common-3.3.6.jar:?]
	at org.apache.hadoop.ipc.ProtobufRpcEngine2$Server$ProtoBufRpcInvoker.call(ProtobufRpcEngine2.java:595) [hadoop-common-3.3.6.jar:?]
	at org.apache.hadoop.ipc.ProtobufRpcEngine2$Server$ProtoBufRpcInvoker.call(ProtobufRpcEngine2.java:573) [hadoop-common-3.3.6.jar:?]
	at org.apache.hadoop.ipc.RPC$Server.call(RPC.java:1227) [hadoop-common-3.3.6.jar:?]
	at org.apache.hadoop.ipc.Server$RpcCall.run(Server.java:1094) [hadoop-common-3.3.6.jar:?]
	at org.apache.hadoop.ipc.Server$RpcCall.run(Server.java:1017) [hadoop-common-3.3.6.jar:?]
	at java.security.AccessController.doPrivileged(Native Method) ~[?:1.8.0_382]
	at javax.security.auth.Subject.doAs(Subject.java:422) [?:1.8.0_382]
	at org.apache.hadoop.security.UserGroupInformation.doAs(UserGroupInformation.java:1899) [hadoop-common-3.3.6.jar:?]
	at org.apache.hadoop.ipc.Server$Handler.run(Server.java:3048) [hadoop-common-3.3.6.jar:?]
17:33:52.740 [IPC Server handler 11 on default port 15163] ERROR OMAudit - user=runner | ip=127.0.0.1 | op=GET_FILE_STATUS {volume=volume37245, bucket=bucket80016, key=gdir1/dir5/child, dataSize=0, replicationConfig=null} | ret=FAILURE
org.apache.hadoop.ozone.om.exceptions.OMException: Unable to get file status: volume: volume37245 bucket: bucket80016 key: gdir1/dir5/child
	at org.apache.hadoop.ozone.om.KeyManagerImpl.getOzoneFileStatus(KeyManagerImpl.java:1227) ~[ozone-manager-1.4.0-SNAPSHOT.jar:?]
	at org.apache.hadoop.ozone.om.KeyManagerImpl.getFileStatus(KeyManagerImpl.java:1145) ~[ozone-manager-1.4.0-SNAPSHOT.jar:?]
	at org.apache.hadoop.ozone.om.OmMetadataReader.getFileStatus(OmMetadataReader.java:266) ~[ozone-manager-1.4.0-SNAPSHOT.jar:?]
	at org.apache.hadoop.ozone.om.OzoneManager.getFileStatus(OzoneManager.java:3585) ~[ozone-manager-1.4.0-SNAPSHOT.jar:?]
	at org.apache.hadoop.ozone.protocolPB.OzoneManagerRequestHandler.getOzoneFileStatus(OzoneManagerRequestHandler.java:998) ~[ozone-manager-1.4.0-SNAPSHOT.jar:?]
	at org.apache.hadoop.ozone.protocolPB.OzoneManagerRequestHandler.handleReadRequest(OzoneManagerRequestHandler.java:259) ~[ozone-manager-1.4.0-SNAPSHOT.jar:?]
	at org.apache.hadoop.ozone.protocolPB.OzoneManagerProtocolServerSideTranslatorPB.submitRequestDirectlyToOM(OzoneManagerProtocolServerSideTranslatorPB.java:274) ~[ozone-manager-1.4.0-SNAPSHOT.jar:?]
	at org.apache.hadoop.ozone.protocolPB.OzoneManagerProtocolServerSideTranslatorPB.processRequest(OzoneManagerProtocolServerSideTranslatorPB.java:175) ~[ozone-manager-1.4.0-SNAPSHOT.jar:?]
	at org.apache.hadoop.hdds.server.OzoneProtocolMessageDispatcher.processRequest(OzoneProtocolMessageDispatcher.java:87) [hdds-server-framework-1.4.0-SNAPSHOT.jar:?]
	at org.apache.hadoop.ozone.protocolPB.OzoneManagerProtocolServerSideTranslatorPB.submitRequest(OzoneManagerProtocolServerSideTranslatorPB.java:148) [ozone-manager-1.4.0-SNAPSHOT.jar:?]
	at org.apache.hadoop.ozone.protocol.proto.OzoneManagerProtocolProtos$OzoneManagerService$2.callBlockingMethod(OzoneManagerProtocolProtos.java) [ozone-interface-client-1.4.0-SNAPSHOT.jar:?]
	at org.apache.hadoop.ipc.ProtobufRpcEngine$Server.processCall(ProtobufRpcEngine.java:484) [hadoop-common-3.3.6.jar:?]
	at org.apache.hadoop.ipc.ProtobufRpcEngine2$Server$ProtoBufRpcInvoker.call(ProtobufRpcEngine2.java:595) [hadoop-common-3.3.6.jar:?]
	at org.apache.hadoop.ipc.ProtobufRpcEngine2$Server$ProtoBufRpcInvoker.call(ProtobufRpcEngine2.java:573) [hadoop-common-3.3.6.jar:?]
	at org.apache.hadoop.ipc.RPC$Server.call(RPC.java:1227) [hadoop-common-3.3.6.jar:?]
	at org.apache.hadoop.ipc.Server$RpcCall.run(Server.java:1094) [hadoop-common-3.3.6.jar:?]
	at org.apache.hadoop.ipc.Server$RpcCall.run(Server.java:1017) [hadoop-common-3.3.6.jar:?]
	at java.security.AccessController.doPrivileged(Native Method) ~[?:1.8.0_382]
	at javax.security.auth.Subject.doAs(Subject.java:422) [?:1.8.0_382]
	at org.apache.hadoop.security.UserGroupInformation.doAs(UserGroupInformation.java:1899) [hadoop-common-3.3.6.jar:?]
	at org.apache.hadoop.ipc.Server$Handler.run(Server.java:3048) [hadoop-common-3.3.6.jar:?]
17:33:52.741 [IPC Server handler 17 on default port 15163] ERROR OMAudit - user=runner | ip=127.0.0.1 | op=GET_FILE_STATUS {volume=volume37245, bucket=bucket80016, key=gdir1/dir6, dataSize=0, replicationConfig=null} | ret=FAILURE
org.apache.hadoop.ozone.om.exceptions.OMException: Unable to get file status: volume: volume37245 bucket: bucket80016 key: gdir1/dir6
	at org.apache.hadoop.ozone.om.KeyManagerImpl.getOzoneFileStatus(KeyManagerImpl.java:1227) ~[ozone-manager-1.4.0-SNAPSHOT.jar:?]
	at org.apache.hadoop.ozone.om.KeyManagerImpl.getFileStatus(KeyManagerImpl.java:1145) ~[ozone-manager-1.4.0-SNAPSHOT.jar:?]
	at org.apache.hadoop.ozone.om.OmMetadataReader.getFileStatus(OmMetadataReader.java:266) ~[ozone-manager-1.4.0-SNAPSHOT.jar:?]
	at org.apache.hadoop.ozone.om.OzoneManager.getFileStatus(OzoneManager.java:3585) ~[ozone-manager-1.4.0-SNAPSHOT.jar:?]
	at org.apache.hadoop.ozone.protocolPB.OzoneManagerRequestHandler.getOzoneFileStatus(OzoneManagerRequestHandler.java:998) ~[ozone-manager-1.4.0-SNAPSHOT.jar:?]
	at org.apache.hadoop.ozone.protocolPB.OzoneManagerRequestHandler.handleReadRequest(OzoneManagerRequestHandler.java:259) ~[ozone-manager-1.4.0-SNAPSHOT.jar:?]
	at org.apache.hadoop.ozone.protocolPB.OzoneManagerProtocolServerSideTranslatorPB.submitRequestDirectlyToOM(OzoneManagerProtocolServerSideTranslatorPB.java:274) ~[ozone-manager-1.4.0-SNAPSHOT.jar:?]
	at org.apache.hadoop.ozone.protocolPB.OzoneManagerProtocolServerSideTranslatorPB.processRequest(OzoneManagerProtocolServerSideTranslatorPB.java:175) ~[ozone-manager-1.4.0-SNAPSHOT.jar:?]
	at org.apache.hadoop.hdds.server.OzoneProtocolMessageDispatcher.processRequest(OzoneProtocolMessageDispatcher.java:87) [hdds-server-framework-1.4.0-SNAPSHOT.jar:?]
	at org.apache.hadoop.ozone.protocolPB.OzoneManagerProtocolServerSideTranslatorPB.submitRequest(OzoneManagerProtocolServerSideTranslatorPB.java:148) [ozone-manager-1.4.0-SNAPSHOT.jar:?]
	at org.apache.hadoop.ozone.protocol.proto.OzoneManagerProtocolProtos$OzoneManagerService$2.callBlockingMethod(OzoneManagerProtocolProtos.java) [ozone-interface-client-1.4.0-SNAPSHOT.jar:?]
	at org.apache.hadoop.ipc.ProtobufRpcEngine$Server.processCall(ProtobufRpcEngine.java:484) [hadoop-common-3.3.6.jar:?]
	at org.apache.hadoop.ipc.ProtobufRpcEngine2$Server$ProtoBufRpcInvoker.call(ProtobufRpcEngine2.java:595) [hadoop-common-3.3.6.jar:?]
	at org.apache.hadoop.ipc.ProtobufRpcEngine2$Server$ProtoBufRpcInvoker.call(ProtobufRpcEngine2.java:573) [hadoop-common-3.3.6.jar:?]
	at org.apache.hadoop.ipc.RPC$Server.call(RPC.java:1227) [hadoop-common-3.3.6.jar:?]
	at org.apache.hadoop.ipc.Server$RpcCall.run(Server.java:1094) [hadoop-common-3.3.6.jar:?]
	at org.apache.hadoop.ipc.Server$RpcCall.run(Server.java:1017) [hadoop-common-3.3.6.jar:?]
	at java.security.AccessController.doPrivileged(Native Method) ~[?:1.8.0_382]
	at javax.security.auth.Subject.doAs(Subject.java:422) [?:1.8.0_382]
	at org.apache.hadoop.security.UserGroupInformation.doAs(UserGroupInformation.java:1899) [hadoop-common-3.3.6.jar:?]
	at org.apache.hadoop.ipc.Server$Handler.run(Server.java:3048) [hadoop-common-3.3.6.jar:?]
17:33:52.742 [IPC Server handler 18 on default port 15163] ERROR OMAudit - user=runner | ip=127.0.0.1 | op=GET_FILE_STATUS {volume=volume37245, bucket=bucket80016, key=gdir1/dir6/child, dataSize=0, replicationConfig=null} | ret=FAILURE
org.apache.hadoop.ozone.om.exceptions.OMException: Unable to get file status: volume: volume37245 bucket: bucket80016 key: gdir1/dir6/child
	at org.apache.hadoop.ozone.om.KeyManagerImpl.getOzoneFileStatus(KeyManagerImpl.java:1227) ~[ozone-manager-1.4.0-SNAPSHOT.jar:?]
	at org.apache.hadoop.ozone.om.KeyManagerImpl.getFileStatus(KeyManagerImpl.java:1145) ~[ozone-manager-1.4.0-SNAPSHOT.jar:?]
	at org.apache.hadoop.ozone.om.OmMetadataReader.getFileStatus(OmMetadataReader.java:266) ~[ozone-manager-1.4.0-SNAPSHOT.jar:?]
	at org.apache.hadoop.ozone.om.OzoneManager.getFileStatus(OzoneManager.java:3585) ~[ozone-manager-1.4.0-SNAPSHOT.jar:?]
	at org.apache.hadoop.ozone.protocolPB.OzoneManagerRequestHandler.getOzoneFileStatus(OzoneManagerRequestHandler.java:998) ~[ozone-manager-1.4.0-SNAPSHOT.jar:?]
	at org.apache.hadoop.ozone.protocolPB.OzoneManagerRequestHandler.handleReadRequest(OzoneManagerRequestHandler.java:259) ~[ozone-manager-1.4.0-SNAPSHOT.jar:?]
	at org.apache.hadoop.ozone.protocolPB.OzoneManagerProtocolServerSideTranslatorPB.submitRequestDirectlyToOM(OzoneManagerProtocolServerSideTranslatorPB.java:274) ~[ozone-manager-1.4.0-SNAPSHOT.jar:?]
	at org.apache.hadoop.ozone.protocolPB.OzoneManagerProtocolServerSideTranslatorPB.processRequest(OzoneManagerProtocolServerSideTranslatorPB.java:175) ~[ozone-manager-1.4.0-SNAPSHOT.jar:?]
	at org.apache.hadoop.hdds.server.OzoneProtocolMessageDispatcher.processRequest(OzoneProtocolMessageDispatcher.java:87) [hdds-server-framework-1.4.0-SNAPSHOT.jar:?]
	at org.apache.hadoop.ozone.protocolPB.OzoneManagerProtocolServerSideTranslatorPB.submitRequest(OzoneManagerProtocolServerSideTranslatorPB.java:148) [ozone-manager-1.4.0-SNAPSHOT.jar:?]
	at org.apache.hadoop.ozone.protocol.proto.OzoneManagerProtocolProtos$OzoneManagerService$2.callBlockingMethod(OzoneManagerProtocolProtos.java) [ozone-interface-client-1.4.0-SNAPSHOT.jar:?]
	at org.apache.hadoop.ipc.ProtobufRpcEngine$Server.processCall(ProtobufRpcEngine.java:484) [hadoop-common-3.3.6.jar:?]
	at org.apache.hadoop.ipc.ProtobufRpcEngine2$Server$ProtoBufRpcInvoker.call(ProtobufRpcEngine2.java:595) [hadoop-common-3.3.6.jar:?]
	at org.apache.hadoop.ipc.ProtobufRpcEngine2$Server$ProtoBufRpcInvoker.call(ProtobufRpcEngine2.java:573) [hadoop-common-3.3.6.jar:?]
	at org.apache.hadoop.ipc.RPC$Server.call(RPC.java:1227) [hadoop-common-3.3.6.jar:?]
	at org.apache.hadoop.ipc.Server$RpcCall.run(Server.java:1094) [hadoop-common-3.3.6.jar:?]
	at org.apache.hadoop.ipc.Server$RpcCall.run(Server.java:1017) [hadoop-common-3.3.6.jar:?]
	at java.security.AccessController.doPrivileged(Native Method) ~[?:1.8.0_382]
	at javax.security.auth.Subject.doAs(Subject.java:422) [?:1.8.0_382]
	at org.apache.hadoop.security.UserGroupInformation.doAs(UserGroupInformation.java:1899) [hadoop-common-3.3.6.jar:?]
	at org.apache.hadoop.ipc.Server$Handler.run(Server.java:3048) [hadoop-common-3.3.6.jar:?]
17:33:52.743 [IPC Server handler 19 on default port 15163] ERROR OMAudit - user=runner | ip=127.0.0.1 | op=GET_FILE_STATUS {volume=volume37245, bucket=bucket80016, key=gdir1/dir7, dataSize=0, replicationConfig=null} | ret=FAILURE
org.apache.hadoop.ozone.om.exceptions.OMException: Unable to get file status: volume: volume37245 bucket: bucket80016 key: gdir1/dir7
	at org.apache.hadoop.ozone.om.KeyManagerImpl.getOzoneFileStatus(KeyManagerImpl.java:1227) ~[ozone-manager-1.4.0-SNAPSHOT.jar:?]
	at org.apache.hadoop.ozone.om.KeyManagerImpl.getFileStatus(KeyManagerImpl.java:1145) ~[ozone-manager-1.4.0-SNAPSHOT.jar:?]
	at org.apache.hadoop.ozone.om.OmMetadataReader.getFileStatus(OmMetadataReader.java:266) ~[ozone-manager-1.4.0-SNAPSHOT.jar:?]
	at org.apache.hadoop.ozone.om.OzoneManager.getFileStatus(OzoneManager.java:3585) ~[ozone-manager-1.4.0-SNAPSHOT.jar:?]
	at org.apache.hadoop.ozone.protocolPB.OzoneManagerRequestHandler.getOzoneFileStatus(OzoneManagerRequestHandler.java:998) ~[ozone-manager-1.4.0-SNAPSHOT.jar:?]
	at org.apache.hadoop.ozone.protocolPB.OzoneManagerRequestHandler.handleReadRequest(OzoneManagerRequestHandler.java:259) ~[ozone-manager-1.4.0-SNAPSHOT.jar:?]
	at org.apache.hadoop.ozone.protocolPB.OzoneManagerProtocolServerSideTranslatorPB.submitRequestDirectlyToOM(OzoneManagerProtocolServerSideTranslatorPB.java:274) ~[ozone-manager-1.4.0-SNAPSHOT.jar:?]
	at org.apache.hadoop.ozone.protocolPB.OzoneManagerProtocolServerSideTranslatorPB.processRequest(OzoneManagerProtocolServerSideTranslatorPB.java:175) ~[ozone-manager-1.4.0-SNAPSHOT.jar:?]
	at org.apache.hadoop.hdds.server.OzoneProtocolMessageDispatcher.processRequest(OzoneProtocolMessageDispatcher.java:87) [hdds-server-framework-1.4.0-SNAPSHOT.jar:?]
	at org.apache.hadoop.ozone.protocolPB.OzoneManagerProtocolServerSideTranslatorPB.submitRequest(OzoneManagerProtocolServerSideTranslatorPB.java:148) [ozone-manager-1.4.0-SNAPSHOT.jar:?]
	at org.apache.hadoop.ozone.protocol.proto.OzoneManagerProtocolProtos$OzoneManagerService$2.callBlockingMethod(OzoneManagerProtocolProtos.java) [ozone-interface-client-1.4.0-SNAPSHOT.jar:?]
	at org.apache.hadoop.ipc.ProtobufRpcEngine$Server.processCall(ProtobufRpcEngine.java:484) [hadoop-common-3.3.6.jar:?]
	at org.apache.hadoop.ipc.ProtobufRpcEngine2$Server$ProtoBufRpcInvoker.call(ProtobufRpcEngine2.java:595) [hadoop-common-3.3.6.jar:?]
	at org.apache.hadoop.ipc.ProtobufRpcEngine2$Server$ProtoBufRpcInvoker.call(ProtobufRpcEngine2.java:573) [hadoop-common-3.3.6.jar:?]
	at org.apache.hadoop.ipc.RPC$Server.call(RPC.java:1227) [hadoop-common-3.3.6.jar:?]
	at org.apache.hadoop.ipc.Server$RpcCall.run(Server.java:1094) [hadoop-common-3.3.6.jar:?]
	at org.apache.hadoop.ipc.Server$RpcCall.run(Server.java:1017) [hadoop-common-3.3.6.jar:?]
	at java.security.AccessController.doPrivileged(Native Method) ~[?:1.8.0_382]
	at javax.security.auth.Subject.doAs(Subject.java:422) [?:1.8.0_382]
	at org.apache.hadoop.security.UserGroupInformation.doAs(UserGroupInformation.java:1899) [hadoop-common-3.3.6.jar:?]
	at org.apache.hadoop.ipc.Server$Handler.run(Server.java:3048) [hadoop-common-3.3.6.jar:?]
17:33:52.744 [IPC Server handler 16 on default port 15163] ERROR OMAudit - user=runner | ip=127.0.0.1 | op=GET_FILE_STATUS {volume=volume37245, bucket=bucket80016, key=gdir1/dir7/child, dataSize=0, replicationConfig=null} | ret=FAILURE
org.apache.hadoop.ozone.om.exceptions.OMException: Unable to get file status: volume: volume37245 bucket: bucket80016 key: gdir1/dir7/child
	at org.apache.hadoop.ozone.om.KeyManagerImpl.getOzoneFileStatus(KeyManagerImpl.java:1227) ~[ozone-manager-1.4.0-SNAPSHOT.jar:?]
	at org.apache.hadoop.ozone.om.KeyManagerImpl.getFileStatus(KeyManagerImpl.java:1145) ~[ozone-manager-1.4.0-SNAPSHOT.jar:?]
	at org.apache.hadoop.ozone.om.OmMetadataReader.getFileStatus(OmMetadataReader.java:266) ~[ozone-manager-1.4.0-SNAPSHOT.jar:?]
	at org.apache.hadoop.ozone.om.OzoneManager.getFileStatus(OzoneManager.java:3585) ~[ozone-manager-1.4.0-SNAPSHOT.jar:?]
	at org.apache.hadoop.ozone.protocolPB.OzoneManagerRequestHandler.getOzoneFileStatus(OzoneManagerRequestHandler.java:998) ~[ozone-manager-1.4.0-SNAPSHOT.jar:?]
	at org.apache.hadoop.ozone.protocolPB.OzoneManagerRequestHandler.handleReadRequest(OzoneManagerRequestHandler.java:259) ~[ozone-manager-1.4.0-SNAPSHOT.jar:?]
	at org.apache.hadoop.ozone.protocolPB.OzoneManagerProtocolServerSideTranslatorPB.submitRequestDirectlyToOM(OzoneManagerProtocolServerSideTranslatorPB.java:274) ~[ozone-manager-1.4.0-SNAPSHOT.jar:?]
	at org.apache.hadoop.ozone.protocolPB.OzoneManagerProtocolServerSideTranslatorPB.processRequest(OzoneManagerProtocolServerSideTranslatorPB.java:175) ~[ozone-manager-1.4.0-SNAPSHOT.jar:?]
	at org.apache.hadoop.hdds.server.OzoneProtocolMessageDispatcher.processRequest(OzoneProtocolMessageDispatcher.java:87) [hdds-server-framework-1.4.0-SNAPSHOT.jar:?]
	at org.apache.hadoop.ozone.protocolPB.OzoneManagerProtocolServerSideTranslatorPB.submitRequest(OzoneManagerProtocolServerSideTranslatorPB.java:148) [ozone-manager-1.4.0-SNAPSHOT.jar:?]
	at org.apache.hadoop.ozone.protocol.proto.OzoneManagerProtocolProtos$OzoneManagerService$2.callBlockingMethod(OzoneManagerProtocolProtos.java) [ozone-interface-client-1.4.0-SNAPSHOT.jar:?]
	at org.apache.hadoop.ipc.ProtobufRpcEngine$Server.processCall(ProtobufRpcEngine.java:484) [hadoop-common-3.3.6.jar:?]
	at org.apache.hadoop.ipc.ProtobufRpcEngine2$Server$ProtoBufRpcInvoker.call(ProtobufRpcEngine2.java:595) [hadoop-common-3.3.6.jar:?]
	at org.apache.hadoop.ipc.ProtobufRpcEngine2$Server$ProtoBufRpcInvoker.call(ProtobufRpcEngine2.java:573) [hadoop-common-3.3.6.jar:?]
	at org.apache.hadoop.ipc.RPC$Server.call(RPC.java:1227) [hadoop-common-3.3.6.jar:?]
	at org.apache.hadoop.ipc.Server$RpcCall.run(Server.java:1094) [hadoop-common-3.3.6.jar:?]
	at org.apache.hadoop.ipc.Server$RpcCall.run(Server.java:1017) [hadoop-common-3.3.6.jar:?]
	at java.security.AccessController.doPrivileged(Native Method) ~[?:1.8.0_382]
	at javax.security.auth.Subject.doAs(Subject.java:422) [?:1.8.0_382]
	at org.apache.hadoop.security.UserGroupInformation.doAs(UserGroupInformation.java:1899) [hadoop-common-3.3.6.jar:?]
	at org.apache.hadoop.ipc.Server$Handler.run(Server.java:3048) [hadoop-common-3.3.6.jar:?]
17:33:52.745 [IPC Server handler 13 on default port 15163] ERROR OMAudit - user=runner | ip=127.0.0.1 | op=GET_FILE_STATUS {volume=volume37245, bucket=bucket80016, key=gdir1/dir8, dataSize=0, replicationConfig=null} | ret=FAILURE
org.apache.hadoop.ozone.om.exceptions.OMException: Unable to get file status: volume: volume37245 bucket: bucket80016 key: gdir1/dir8
	at org.apache.hadoop.ozone.om.KeyManagerImpl.getOzoneFileStatus(KeyManagerImpl.java:1227) ~[ozone-manager-1.4.0-SNAPSHOT.jar:?]
	at org.apache.hadoop.ozone.om.KeyManagerImpl.getFileStatus(KeyManagerImpl.java:1145) ~[ozone-manager-1.4.0-SNAPSHOT.jar:?]
	at org.apache.hadoop.ozone.om.OmMetadataReader.getFileStatus(OmMetadataReader.java:266) ~[ozone-manager-1.4.0-SNAPSHOT.jar:?]
	at org.apache.hadoop.ozone.om.OzoneManager.getFileStatus(OzoneManager.java:3585) ~[ozone-manager-1.4.0-SNAPSHOT.jar:?]
	at org.apache.hadoop.ozone.protocolPB.OzoneManagerRequestHandler.getOzoneFileStatus(OzoneManagerRequestHandler.java:998) ~[ozone-manager-1.4.0-SNAPSHOT.jar:?]
	at org.apache.hadoop.ozone.protocolPB.OzoneManagerRequestHandler.handleReadRequest(OzoneManagerRequestHandler.java:259) ~[ozone-manager-1.4.0-SNAPSHOT.jar:?]
	at org.apache.hadoop.ozone.protocolPB.OzoneManagerProtocolServerSideTranslatorPB.submitRequestDirectlyToOM(OzoneManagerProtocolServerSideTranslatorPB.java:274) ~[ozone-manager-1.4.0-SNAPSHOT.jar:?]
	at org.apache.hadoop.ozone.protocolPB.OzoneManagerProtocolServerSideTranslatorPB.processRequest(OzoneManagerProtocolServerSideTranslatorPB.java:175) ~[ozone-manager-1.4.0-SNAPSHOT.jar:?]
	at org.apache.hadoop.hdds.server.OzoneProtocolMessageDispatcher.processRequest(OzoneProtocolMessageDispatcher.java:87) [hdds-server-framework-1.4.0-SNAPSHOT.jar:?]
	at org.apache.hadoop.ozone.protocolPB.OzoneManagerProtocolServerSideTranslatorPB.submitRequest(OzoneManagerProtocolServerSideTranslatorPB.java:148) [ozone-manager-1.4.0-SNAPSHOT.jar:?]
	at org.apache.hadoop.ozone.protocol.proto.OzoneManagerProtocolProtos$OzoneManagerService$2.callBlockingMethod(OzoneManagerProtocolProtos.java) [ozone-interface-client-1.4.0-SNAPSHOT.jar:?]
	at org.apache.hadoop.ipc.ProtobufRpcEngine$Server.processCall(ProtobufRpcEngine.java:484) [hadoop-common-3.3.6.jar:?]
	at org.apache.hadoop.ipc.ProtobufRpcEngine2$Server$ProtoBufRpcInvoker.call(ProtobufRpcEngine2.java:595) [hadoop-common-3.3.6.jar:?]
	at org.apache.hadoop.ipc.ProtobufRpcEngine2$Server$ProtoBufRpcInvoker.call(ProtobufRpcEngine2.java:573) [hadoop-common-3.3.6.jar:?]
	at org.apache.hadoop.ipc.RPC$Server.call(RPC.java:1227) [hadoop-common-3.3.6.jar:?]
	at org.apache.hadoop.ipc.Server$RpcCall.run(Server.java:1094) [hadoop-common-3.3.6.jar:?]
	at org.apache.hadoop.ipc.Server$RpcCall.run(Server.java:1017) [hadoop-common-3.3.6.jar:?]
	at java.security.AccessController.doPrivileged(Native Method) ~[?:1.8.0_382]
	at javax.security.auth.Subject.doAs(Subject.java:422) [?:1.8.0_382]
	at org.apache.hadoop.security.UserGroupInformation.doAs(UserGroupInformation.java:1899) [hadoop-common-3.3.6.jar:?]
	at org.apache.hadoop.ipc.Server$Handler.run(Server.java:3048) [hadoop-common-3.3.6.jar:?]
17:33:52.748 [IPC Server handler 0 on default port 15163] ERROR OMAudit - user=runner | ip=127.0.0.1 | op=GET_FILE_STATUS {volume=volume37245, bucket=bucket80016, key=gdir1/dir8/child, dataSize=0, replicationConfig=null} | ret=FAILURE
org.apache.hadoop.ozone.om.exceptions.OMException: Unable to get file status: volume: volume37245 bucket: bucket80016 key: gdir1/dir8/child
	at org.apache.hadoop.ozone.om.KeyManagerImpl.getOzoneFileStatus(KeyManagerImpl.java:1227) ~[ozone-manager-1.4.0-SNAPSHOT.jar:?]
	at org.apache.hadoop.ozone.om.KeyManagerImpl.getFileStatus(KeyManagerImpl.java:1145) ~[ozone-manager-1.4.0-SNAPSHOT.jar:?]
	at org.apache.hadoop.ozone.om.OmMetadataReader.getFileStatus(OmMetadataReader.java:266) ~[ozone-manager-1.4.0-SNAPSHOT.jar:?]
	at org.apache.hadoop.ozone.om.OzoneManager.getFileStatus(OzoneManager.java:3585) ~[ozone-manager-1.4.0-SNAPSHOT.jar:?]
	at org.apache.hadoop.ozone.protocolPB.OzoneManagerRequestHandler.getOzoneFileStatus(OzoneManagerRequestHandler.java:998) ~[ozone-manager-1.4.0-SNAPSHOT.jar:?]
	at org.apache.hadoop.ozone.protocolPB.OzoneManagerRequestHandler.handleReadRequest(OzoneManagerRequestHandler.java:259) ~[ozone-manager-1.4.0-SNAPSHOT.jar:?]
	at org.apache.hadoop.ozone.protocolPB.OzoneManagerProtocolServerSideTranslatorPB.submitRequestDirectlyToOM(OzoneManagerProtocolServerSideTranslatorPB.java:274) ~[ozone-manager-1.4.0-SNAPSHOT.jar:?]
	at org.apache.hadoop.ozone.protocolPB.OzoneManagerProtocolServerSideTranslatorPB.processRequest(OzoneManagerProtocolServerSideTranslatorPB.java:175) ~[ozone-manager-1.4.0-SNAPSHOT.jar:?]
	at org.apache.hadoop.hdds.server.OzoneProtocolMessageDispatcher.processRequest(OzoneProtocolMessageDispatcher.java:87) [hdds-server-framework-1.4.0-SNAPSHOT.jar:?]
	at org.apache.hadoop.ozone.protocolPB.OzoneManagerProtocolServerSideTranslatorPB.submitRequest(OzoneManagerProtocolServerSideTranslatorPB.java:148) [ozone-manager-1.4.0-SNAPSHOT.jar:?]
	at org.apache.hadoop.ozone.protocol.proto.OzoneManagerProtocolProtos$OzoneManagerService$2.callBlockingMethod(OzoneManagerProtocolProtos.java) [ozone-interface-client-1.4.0-SNAPSHOT.jar:?]
	at org.apache.hadoop.ipc.ProtobufRpcEngine$Server.processCall(ProtobufRpcEngine.java:484) [hadoop-common-3.3.6.jar:?]
	at org.apache.hadoop.ipc.ProtobufRpcEngine2$Server$ProtoBufRpcInvoker.call(ProtobufRpcEngine2.java:595) [hadoop-common-3.3.6.jar:?]
	at org.apache.hadoop.ipc.ProtobufRpcEngine2$Server$ProtoBufRpcInvoker.call(ProtobufRpcEngine2.java:573) [hadoop-common-3.3.6.jar:?]
	at org.apache.hadoop.ipc.RPC$Server.call(RPC.java:1227) [hadoop-common-3.3.6.jar:?]
	at org.apache.hadoop.ipc.Server$RpcCall.run(Server.java:1094) [hadoop-common-3.3.6.jar:?]
	at org.apache.hadoop.ipc.Server$RpcCall.run(Server.java:1017) [hadoop-common-3.3.6.jar:?]
	at java.security.AccessController.doPrivileged(Native Method) ~[?:1.8.0_382]
	at javax.security.auth.Subject.doAs(Subject.java:422) [?:1.8.0_382]
	at org.apache.hadoop.security.UserGroupInformation.doAs(UserGroupInformation.java:1899) [hadoop-common-3.3.6.jar:?]
	at org.apache.hadoop.ipc.Server$Handler.run(Server.java:3048) [hadoop-common-3.3.6.jar:?]
17:33:52.749 [IPC Server handler 2 on default port 15163] ERROR OMAudit - user=runner | ip=127.0.0.1 | op=GET_FILE_STATUS {volume=volume37245, bucket=bucket80016, key=gdir1/dir9, dataSize=0, replicationConfig=null} | ret=FAILURE
org.apache.hadoop.ozone.om.exceptions.OMException: Unable to get file status: volume: volume37245 bucket: bucket80016 key: gdir1/dir9
	at org.apache.hadoop.ozone.om.KeyManagerImpl.getOzoneFileStatus(KeyManagerImpl.java:1227) ~[ozone-manager-1.4.0-SNAPSHOT.jar:?]
	at org.apache.hadoop.ozone.om.KeyManagerImpl.getFileStatus(KeyManagerImpl.java:1145) ~[ozone-manager-1.4.0-SNAPSHOT.jar:?]
	at org.apache.hadoop.ozone.om.OmMetadataReader.getFileStatus(OmMetadataReader.java:266) ~[ozone-manager-1.4.0-SNAPSHOT.jar:?]
	at org.apache.hadoop.ozone.om.OzoneManager.getFileStatus(OzoneManager.java:3585) ~[ozone-manager-1.4.0-SNAPSHOT.jar:?]
	at org.apache.hadoop.ozone.protocolPB.OzoneManagerRequestHandler.getOzoneFileStatus(OzoneManagerRequestHandler.java:998) ~[ozone-manager-1.4.0-SNAPSHOT.jar:?]
	at org.apache.hadoop.ozone.protocolPB.OzoneManagerRequestHandler.handleReadRequest(OzoneManagerRequestHandler.java:259) ~[ozone-manager-1.4.0-SNAPSHOT.jar:?]
	at org.apache.hadoop.ozone.protocolPB.OzoneManagerProtocolServerSideTranslatorPB.submitRequestDirectlyToOM(OzoneManagerProtocolServerSideTranslatorPB.java:274) ~[ozone-manager-1.4.0-SNAPSHOT.jar:?]
	at org.apache.hadoop.ozone.protocolPB.OzoneManagerProtocolServerSideTranslatorPB.processRequest(OzoneManagerProtocolServerSideTranslatorPB.java:175) ~[ozone-manager-1.4.0-SNAPSHOT.jar:?]
	at org.apache.hadoop.hdds.server.OzoneProtocolMessageDispatcher.processRequest(OzoneProtocolMessageDispatcher.java:87) [hdds-server-framework-1.4.0-SNAPSHOT.jar:?]
	at org.apache.hadoop.ozone.protocolPB.OzoneManagerProtocolServerSideTranslatorPB.submitRequest(OzoneManagerProtocolServerSideTranslatorPB.java:148) [ozone-manager-1.4.0-SNAPSHOT.jar:?]
	at org.apache.hadoop.ozone.protocol.proto.OzoneManagerProtocolProtos$OzoneManagerService$2.callBlockingMethod(OzoneManagerProtocolProtos.java) [ozone-interface-client-1.4.0-SNAPSHOT.jar:?]
	at org.apache.hadoop.ipc.ProtobufRpcEngine$Server.processCall(ProtobufRpcEngine.java:484) [hadoop-common-3.3.6.jar:?]
	at org.apache.hadoop.ipc.ProtobufRpcEngine2$Server$ProtoBufRpcInvoker.call(ProtobufRpcEngine2.java:595) [hadoop-common-3.3.6.jar:?]
	at org.apache.hadoop.ipc.ProtobufRpcEngine2$Server$ProtoBufRpcInvoker.call(ProtobufRpcEngine2.java:573) [hadoop-common-3.3.6.jar:?]
	at org.apache.hadoop.ipc.RPC$Server.call(RPC.java:1227) [hadoop-common-3.3.6.jar:?]
	at org.apache.hadoop.ipc.Server$RpcCall.run(Server.java:1094) [hadoop-common-3.3.6.jar:?]
	at org.apache.hadoop.ipc.Server$RpcCall.run(Server.java:1017) [hadoop-common-3.3.6.jar:?]
	at java.security.AccessController.doPrivileged(Native Method) ~[?:1.8.0_382]
	at javax.security.auth.Subject.doAs(Subject.java:422) [?:1.8.0_382]
	at org.apache.hadoop.security.UserGroupInformation.doAs(UserGroupInformation.java:1899) [hadoop-common-3.3.6.jar:?]
	at org.apache.hadoop.ipc.Server$Handler.run(Server.java:3048) [hadoop-common-3.3.6.jar:?]
17:33:52.749 [IPC Server handler 1 on default port 15163] ERROR OMAudit - user=runner | ip=127.0.0.1 | op=GET_FILE_STATUS {volume=volume37245, bucket=bucket80016, key=gdir1/dir9/child, dataSize=0, replicationConfig=null} | ret=FAILURE
org.apache.hadoop.ozone.om.exceptions.OMException: Unable to get file status: volume: volume37245 bucket: bucket80016 key: gdir1/dir9/child
	at org.apache.hadoop.ozone.om.KeyManagerImpl.getOzoneFileStatus(KeyManagerImpl.java:1227) ~[ozone-manager-1.4.0-SNAPSHOT.jar:?]
	at org.apache.hadoop.ozone.om.KeyManagerImpl.getFileStatus(KeyManagerImpl.java:1145) ~[ozone-manager-1.4.0-SNAPSHOT.jar:?]
	at org.apache.hadoop.ozone.om.OmMetadataReader.getFileStatus(OmMetadataReader.java:266) ~[ozone-manager-1.4.0-SNAPSHOT.jar:?]
	at org.apache.hadoop.ozone.om.OzoneManager.getFileStatus(OzoneManager.java:3585) ~[ozone-manager-1.4.0-SNAPSHOT.jar:?]
	at org.apache.hadoop.ozone.protocolPB.OzoneManagerRequestHandler.getOzoneFileStatus(OzoneManagerRequestHandler.java:998) ~[ozone-manager-1.4.0-SNAPSHOT.jar:?]
	at org.apache.hadoop.ozone.protocolPB.OzoneManagerRequestHandler.handleReadRequest(OzoneManagerRequestHandler.java:259) ~[ozone-manager-1.4.0-SNAPSHOT.jar:?]
	at org.apache.hadoop.ozone.protocolPB.OzoneManagerProtocolServerSideTranslatorPB.submitRequestDirectlyToOM(OzoneManagerProtocolServerSideTranslatorPB.java:274) ~[ozone-manager-1.4.0-SNAPSHOT.jar:?]
	at org.apache.hadoop.ozone.protocolPB.OzoneManagerProtocolServerSideTranslatorPB.processRequest(OzoneManagerProtocolServerSideTranslatorPB.java:175) ~[ozone-manager-1.4.0-SNAPSHOT.jar:?]
	at org.apache.hadoop.hdds.server.OzoneProtocolMessageDispatcher.processRequest(OzoneProtocolMessageDispatcher.java:87) [hdds-server-framework-1.4.0-SNAPSHOT.jar:?]
	at org.apache.hadoop.ozone.protocolPB.OzoneManagerProtocolServerSideTranslatorPB.submitRequest(OzoneManagerProtocolServerSideTranslatorPB.java:148) [ozone-manager-1.4.0-SNAPSHOT.jar:?]
	at org.apache.hadoop.ozone.protocol.proto.OzoneManagerProtocolProtos$OzoneManagerService$2.callBlockingMethod(OzoneManagerProtocolProtos.java) [ozone-interface-client-1.4.0-SNAPSHOT.jar:?]
	at org.apache.hadoop.ipc.ProtobufRpcEngine$Server.processCall(ProtobufRpcEngine.java:484) [hadoop-common-3.3.6.jar:?]
	at org.apache.hadoop.ipc.ProtobufRpcEngine2$Server$ProtoBufRpcInvoker.call(ProtobufRpcEngine2.java:595) [hadoop-common-3.3.6.jar:?]
	at org.apache.hadoop.ipc.ProtobufRpcEngine2$Server$ProtoBufRpcInvoker.call(ProtobufRpcEngine2.java:573) [hadoop-common-3.3.6.jar:?]
	at org.apache.hadoop.ipc.RPC$Server.call(RPC.java:1227) [hadoop-common-3.3.6.jar:?]
	at org.apache.hadoop.ipc.Server$RpcCall.run(Server.java:1094) [hadoop-common-3.3.6.jar:?]
	at org.apache.hadoop.ipc.Server$RpcCall.run(Server.java:1017) [hadoop-common-3.3.6.jar:?]
	at java.security.AccessController.doPrivileged(Native Method) ~[?:1.8.0_382]
	at javax.security.auth.Subject.doAs(Subject.java:422) [?:1.8.0_382]
	at org.apache.hadoop.security.UserGroupInformation.doAs(UserGroupInformation.java:1899) [hadoop-common-3.3.6.jar:?]
	at org.apache.hadoop.ipc.Server$Handler.run(Server.java:3048) [hadoop-common-3.3.6.jar:?]
17:33:52.750 [IPC Server handler 3 on default port 15163] ERROR OMAudit - user=runner | ip=127.0.0.1 | op=GET_FILE_STATUS {volume=volume37245, bucket=bucket80016, key=gdir1/dir10, dataSize=0, replicationConfig=null} | ret=FAILURE
org.apache.hadoop.ozone.om.exceptions.OMException: Unable to get file status: volume: volume37245 bucket: bucket80016 key: gdir1/dir10
	at org.apache.hadoop.ozone.om.KeyManagerImpl.getOzoneFileStatus(KeyManagerImpl.java:1227) ~[ozone-manager-1.4.0-SNAPSHOT.jar:?]
	at org.apache.hadoop.ozone.om.KeyManagerImpl.getFileStatus(KeyManagerImpl.java:1145) ~[ozone-manager-1.4.0-SNAPSHOT.jar:?]
	at org.apache.hadoop.ozone.om.OmMetadataReader.getFileStatus(OmMetadataReader.java:266) ~[ozone-manager-1.4.0-SNAPSHOT.jar:?]
	at org.apache.hadoop.ozone.om.OzoneManager.getFileStatus(OzoneManager.java:3585) ~[ozone-manager-1.4.0-SNAPSHOT.jar:?]
	at org.apache.hadoop.ozone.protocolPB.OzoneManagerRequestHandler.getOzoneFileStatus(OzoneManagerRequestHandler.java:998) ~[ozone-manager-1.4.0-SNAPSHOT.jar:?]
	at org.apache.hadoop.ozone.protocolPB.OzoneManagerRequestHandler.handleReadRequest(OzoneManagerRequestHandler.java:259) ~[ozone-manager-1.4.0-SNAPSHOT.jar:?]
	at org.apache.hadoop.ozone.protocolPB.OzoneManagerProtocolServerSideTranslatorPB.submitRequestDirectlyToOM(OzoneManagerProtocolServerSideTranslatorPB.java:274) ~[ozone-manager-1.4.0-SNAPSHOT.jar:?]
	at org.apache.hadoop.ozone.protocolPB.OzoneManagerProtocolServerSideTranslatorPB.processRequest(OzoneManagerProtocolServerSideTranslatorPB.java:175) ~[ozone-manager-1.4.0-SNAPSHOT.jar:?]
	at org.apache.hadoop.hdds.server.OzoneProtocolMessageDispatcher.processRequest(OzoneProtocolMessageDispatcher.java:87) [hdds-server-framework-1.4.0-SNAPSHOT.jar:?]
	at org.apache.hadoop.ozone.protocolPB.OzoneManagerProtocolServerSideTranslatorPB.submitRequest(OzoneManagerProtocolServerSideTranslatorPB.java:148) [ozone-manager-1.4.0-SNAPSHOT.jar:?]
	at org.apache.hadoop.ozone.protocol.proto.OzoneManagerProtocolProtos$OzoneManagerService$2.callBlockingMethod(OzoneManagerProtocolProtos.java) [ozone-interface-client-1.4.0-SNAPSHOT.jar:?]
	at org.apache.hadoop.ipc.ProtobufRpcEngine$Server.processCall(ProtobufRpcEngine.java:484) [hadoop-common-3.3.6.jar:?]
	at org.apache.hadoop.ipc.ProtobufRpcEngine2$Server$ProtoBufRpcInvoker.call(ProtobufRpcEngine2.java:595) [hadoop-common-3.3.6.jar:?]
	at org.apache.hadoop.ipc.ProtobufRpcEngine2$Server$ProtoBufRpcInvoker.call(ProtobufRpcEngine2.java:573) [hadoop-common-3.3.6.jar:?]
	at org.apache.hadoop.ipc.RPC$Server.call(RPC.java:1227) [hadoop-common-3.3.6.jar:?]
	at org.apache.hadoop.ipc.Server$RpcCall.run(Server.java:1094) [hadoop-common-3.3.6.jar:?]
	at org.apache.hadoop.ipc.Server$RpcCall.run(Server.java:1017) [hadoop-common-3.3.6.jar:?]
	at java.security.AccessController.doPrivileged(Native Method) ~[?:1.8.0_382]
	at javax.security.auth.Subject.doAs(Subject.java:422) [?:1.8.0_382]
	at org.apache.hadoop.security.UserGroupInformation.doAs(UserGroupInformation.java:1899) [hadoop-common-3.3.6.jar:?]
	at org.apache.hadoop.ipc.Server$Handler.run(Server.java:3048) [hadoop-common-3.3.6.jar:?]
17:33:52.751 [IPC Server handler 6 on default port 15163] ERROR OMAudit - user=runner | ip=127.0.0.1 | op=GET_FILE_STATUS {volume=volume37245, bucket=bucket80016, key=gdir1/dir10/child, dataSize=0, replicationConfig=null} | ret=FAILURE
org.apache.hadoop.ozone.om.exceptions.OMException: Unable to get file status: volume: volume37245 bucket: bucket80016 key: gdir1/dir10/child
	at org.apache.hadoop.ozone.om.KeyManagerImpl.getOzoneFileStatus(KeyManagerImpl.java:1227) ~[ozone-manager-1.4.0-SNAPSHOT.jar:?]
	at org.apache.hadoop.ozone.om.KeyManagerImpl.getFileStatus(KeyManagerImpl.java:1145) ~[ozone-manager-1.4.0-SNAPSHOT.jar:?]
	at org.apache.hadoop.ozone.om.OmMetadataReader.getFileStatus(OmMetadataReader.java:266) ~[ozone-manager-1.4.0-SNAPSHOT.jar:?]
	at org.apache.hadoop.ozone.om.OzoneManager.getFileStatus(OzoneManager.java:3585) ~[ozone-manager-1.4.0-SNAPSHOT.jar:?]
	at org.apache.hadoop.ozone.protocolPB.OzoneManagerRequestHandler.getOzoneFileStatus(OzoneManagerRequestHandler.java:998) ~[ozone-manager-1.4.0-SNAPSHOT.jar:?]
	at org.apache.hadoop.ozone.protocolPB.OzoneManagerRequestHandler.handleReadRequest(OzoneManagerRequestHandler.java:259) ~[ozone-manager-1.4.0-SNAPSHOT.jar:?]
	at org.apache.hadoop.ozone.protocolPB.OzoneManagerProtocolServerSideTranslatorPB.submitRequestDirectlyToOM(OzoneManagerProtocolServerSideTranslatorPB.java:274) ~[ozone-manager-1.4.0-SNAPSHOT.jar:?]
	at org.apache.hadoop.ozone.protocolPB.OzoneManagerProtocolServerSideTranslatorPB.processRequest(OzoneManagerProtocolServerSideTranslatorPB.java:175) ~[ozone-manager-1.4.0-SNAPSHOT.jar:?]
	at org.apache.hadoop.hdds.server.OzoneProtocolMessageDispatcher.processRequest(OzoneProtocolMessageDispatcher.java:87) [hdds-server-framework-1.4.0-SNAPSHOT.jar:?]
	at org.apache.hadoop.ozone.protocolPB.OzoneManagerProtocolServerSideTranslatorPB.submitRequest(OzoneManagerProtocolServerSideTranslatorPB.java:148) [ozone-manager-1.4.0-SNAPSHOT.jar:?]
	at org.apache.hadoop.ozone.protocol.proto.OzoneManagerProtocolProtos$OzoneManagerService$2.callBlockingMethod(OzoneManagerProtocolProtos.java) [ozone-interface-client-1.4.0-SNAPSHOT.jar:?]
	at org.apache.hadoop.ipc.ProtobufRpcEngine$Server.processCall(ProtobufRpcEngine.java:484) [hadoop-common-3.3.6.jar:?]
	at org.apache.hadoop.ipc.ProtobufRpcEngine2$Server$ProtoBufRpcInvoker.call(ProtobufRpcEngine2.java:595) [hadoop-common-3.3.6.jar:?]
	at org.apache.hadoop.ipc.ProtobufRpcEngine2$Server$ProtoBufRpcInvoker.call(ProtobufRpcEngine2.java:573) [hadoop-common-3.3.6.jar:?]
	at org.apache.hadoop.ipc.RPC$Server.call(RPC.java:1227) [hadoop-common-3.3.6.jar:?]
	at org.apache.hadoop.ipc.Server$RpcCall.run(Server.java:1094) [hadoop-common-3.3.6.jar:?]
	at org.apache.hadoop.ipc.Server$RpcCall.run(Server.java:1017) [hadoop-common-3.3.6.jar:?]
	at java.security.AccessController.doPrivileged(Native Method) ~[?:1.8.0_382]
	at javax.security.auth.Subject.doAs(Subject.java:422) [?:1.8.0_382]
	at org.apache.hadoop.security.UserGroupInformation.doAs(UserGroupInformation.java:1899) [hadoop-common-3.3.6.jar:?]
	at org.apache.hadoop.ipc.Server$Handler.run(Server.java:3048) [hadoop-common-3.3.6.jar:?]
17:33:52.805 [IPC Server handler 16 on default port 15163] ERROR OMAudit - user=runner | ip=127.0.0.1 | op=GET_FILE_STATUS {volume=volume37245, bucket=bucket80016, key=level0, dataSize=0, replicationConfig=null} | ret=FAILURE
org.apache.hadoop.ozone.om.exceptions.OMException: Unable to get file status: volume: volume37245 bucket: bucket80016 key: level0
	at org.apache.hadoop.ozone.om.KeyManagerImpl.getOzoneFileStatus(KeyManagerImpl.java:1227) ~[ozone-manager-1.4.0-SNAPSHOT.jar:?]
	at org.apache.hadoop.ozone.om.KeyManagerImpl.getFileStatus(KeyManagerImpl.java:1145) ~[ozone-manager-1.4.0-SNAPSHOT.jar:?]
	at org.apache.hadoop.ozone.om.OmMetadataReader.getFileStatus(OmMetadataReader.java:266) ~[ozone-manager-1.4.0-SNAPSHOT.jar:?]
	at org.apache.hadoop.ozone.om.OzoneManager.getFileStatus(OzoneManager.java:3585) ~[ozone-manager-1.4.0-SNAPSHOT.jar:?]
	at org.apache.hadoop.ozone.protocolPB.OzoneManagerRequestHandler.getOzoneFileStatus(OzoneManagerRequestHandler.java:998) ~[ozone-manager-1.4.0-SNAPSHOT.jar:?]
	at org.apache.hadoop.ozone.protocolPB.OzoneManagerRequestHandler.handleReadRequest(OzoneManagerRequestHandler.java:259) ~[ozone-manager-1.4.0-SNAPSHOT.jar:?]
	at org.apache.hadoop.ozone.protocolPB.OzoneManagerProtocolServerSideTranslatorPB.submitRequestDirectlyToOM(OzoneManagerProtocolServerSideTranslatorPB.java:274) ~[ozone-manager-1.4.0-SNAPSHOT.jar:?]
	at org.apache.hadoop.ozone.protocolPB.OzoneManagerProtocolServerSideTranslatorPB.processRequest(OzoneManagerProtocolServerSideTranslatorPB.java:175) ~[ozone-manager-1.4.0-SNAPSHOT.jar:?]
	at org.apache.hadoop.hdds.server.OzoneProtocolMessageDispatcher.processRequest(OzoneProtocolMessageDispatcher.java:87) [hdds-server-framework-1.4.0-SNAPSHOT.jar:?]
	at org.apache.hadoop.ozone.protocolPB.OzoneManagerProtocolServerSideTranslatorPB.submitRequest(OzoneManagerProtocolServerSideTranslatorPB.java:148) [ozone-manager-1.4.0-SNAPSHOT.jar:?]
	at org.apache.hadoop.ozone.protocol.proto.OzoneManagerProtocolProtos$OzoneManagerService$2.callBlockingMethod(OzoneManagerProtocolProtos.java) [ozone-interface-client-1.4.0-SNAPSHOT.jar:?]
	at org.apache.hadoop.ipc.ProtobufRpcEngine$Server.processCall(ProtobufRpcEngine.java:484) [hadoop-common-3.3.6.jar:?]
	at org.apache.hadoop.ipc.ProtobufRpcEngine2$Server$ProtoBufRpcInvoker.call(ProtobufRpcEngine2.java:595) [hadoop-common-3.3.6.jar:?]
	at org.apache.hadoop.ipc.ProtobufRpcEngine2$Server$ProtoBufRpcInvoker.call(ProtobufRpcEngine2.java:573) [hadoop-common-3.3.6.jar:?]
	at org.apache.hadoop.ipc.RPC$Server.call(RPC.java:1227) [hadoop-common-3.3.6.jar:?]
	at org.apache.hadoop.ipc.Server$RpcCall.run(Server.java:1094) [hadoop-common-3.3.6.jar:?]
	at org.apache.hadoop.ipc.Server$RpcCall.run(Server.java:1017) [hadoop-common-3.3.6.jar:?]
	at java.security.AccessController.doPrivileged(Native Method) ~[?:1.8.0_382]
	at javax.security.auth.Subject.doAs(Subject.java:422) [?:1.8.0_382]
	at org.apache.hadoop.security.UserGroupInformation.doAs(UserGroupInformation.java:1899) [hadoop-common-3.3.6.jar:?]
	at org.apache.hadoop.ipc.Server$Handler.run(Server.java:3048) [hadoop-common-3.3.6.jar:?]
17:33:52.806 [IPC Server handler 13 on default port 15163] ERROR OMAudit - user=runner | ip=127.0.0.1 | op=GET_FILE_STATUS {volume=volume37245, bucket=bucket80016, key=level0/level1, dataSize=0, replicationConfig=null} | ret=FAILURE
org.apache.hadoop.ozone.om.exceptions.OMException: Unable to get file status: volume: volume37245 bucket: bucket80016 key: level0/level1
	at org.apache.hadoop.ozone.om.KeyManagerImpl.getOzoneFileStatus(KeyManagerImpl.java:1227) ~[ozone-manager-1.4.0-SNAPSHOT.jar:?]
	at org.apache.hadoop.ozone.om.KeyManagerImpl.getFileStatus(KeyManagerImpl.java:1145) ~[ozone-manager-1.4.0-SNAPSHOT.jar:?]
	at org.apache.hadoop.ozone.om.OmMetadataReader.getFileStatus(OmMetadataReader.java:266) ~[ozone-manager-1.4.0-SNAPSHOT.jar:?]
	at org.apache.hadoop.ozone.om.OzoneManager.getFileStatus(OzoneManager.java:3585) ~[ozone-manager-1.4.0-SNAPSHOT.jar:?]
	at org.apache.hadoop.ozone.protocolPB.OzoneManagerRequestHandler.getOzoneFileStatus(OzoneManagerRequestHandler.java:998) ~[ozone-manager-1.4.0-SNAPSHOT.jar:?]
	at org.apache.hadoop.ozone.protocolPB.OzoneManagerRequestHandler.handleReadRequest(OzoneManagerRequestHandler.java:259) ~[ozone-manager-1.4.0-SNAPSHOT.jar:?]
	at org.apache.hadoop.ozone.protocolPB.OzoneManagerProtocolServerSideTranslatorPB.submitRequestDirectlyToOM(OzoneManagerProtocolServerSideTranslatorPB.java:274) ~[ozone-manager-1.4.0-SNAPSHOT.jar:?]
	at org.apache.hadoop.ozone.protocolPB.OzoneManagerProtocolServerSideTranslatorPB.processRequest(OzoneManagerProtocolServerSideTranslatorPB.java:175) ~[ozone-manager-1.4.0-SNAPSHOT.jar:?]
	at org.apache.hadoop.hdds.server.OzoneProtocolMessageDispatcher.processRequest(OzoneProtocolMessageDispatcher.java:87) [hdds-server-framework-1.4.0-SNAPSHOT.jar:?]
	at org.apache.hadoop.ozone.protocolPB.OzoneManagerProtocolServerSideTranslatorPB.submitRequest(OzoneManagerProtocolServerSideTranslatorPB.java:148) [ozone-manager-1.4.0-SNAPSHOT.jar:?]
	at org.apache.hadoop.ozone.protocol.proto.OzoneManagerProtocolProtos$OzoneManagerService$2.callBlockingMethod(OzoneManagerProtocolProtos.java) [ozone-interface-client-1.4.0-SNAPSHOT.jar:?]
	at org.apache.hadoop.ipc.ProtobufRpcEngine$Server.processCall(ProtobufRpcEngine.java:484) [hadoop-common-3.3.6.jar:?]
	at org.apache.hadoop.ipc.ProtobufRpcEngine2$Server$ProtoBufRpcInvoker.call(ProtobufRpcEngine2.java:595) [hadoop-common-3.3.6.jar:?]
	at org.apache.hadoop.ipc.ProtobufRpcEngine2$Server$ProtoBufRpcInvoker.call(ProtobufRpcEngine2.java:573) [hadoop-common-3.3.6.jar:?]
	at org.apache.hadoop.ipc.RPC$Server.call(RPC.java:1227) [hadoop-common-3.3.6.jar:?]
	at org.apache.hadoop.ipc.Server$RpcCall.run(Server.java:1094) [hadoop-common-3.3.6.jar:?]
	at org.apache.hadoop.ipc.Server$RpcCall.run(Server.java:1017) [hadoop-common-3.3.6.jar:?]
	at java.security.AccessController.doPrivileged(Native Method) ~[?:1.8.0_382]
	at javax.security.auth.Subject.doAs(Subject.java:422) [?:1.8.0_382]
	at org.apache.hadoop.security.UserGroupInformation.doAs(UserGroupInformation.java:1899) [hadoop-common-3.3.6.jar:?]
	at org.apache.hadoop.ipc.Server$Handler.run(Server.java:3048) [hadoop-common-3.3.6.jar:?]
17:33:52.807 [IPC Server handler 0 on default port 15163] ERROR OMAudit - user=runner | ip=127.0.0.1 | op=GET_FILE_STATUS {volume=volume37245, bucket=bucket80016, key=level0/level1/level1, dataSize=0, replicationConfig=null} | ret=FAILURE
org.apache.hadoop.ozone.om.exceptions.OMException: Unable to get file status: volume: volume37245 bucket: bucket80016 key: level0/level1/level1
	at org.apache.hadoop.ozone.om.KeyManagerImpl.getOzoneFileStatus(KeyManagerImpl.java:1227) ~[ozone-manager-1.4.0-SNAPSHOT.jar:?]
	at org.apache.hadoop.ozone.om.KeyManagerImpl.getFileStatus(KeyManagerImpl.java:1145) ~[ozone-manager-1.4.0-SNAPSHOT.jar:?]
	at org.apache.hadoop.ozone.om.OmMetadataReader.getFileStatus(OmMetadataReader.java:266) ~[ozone-manager-1.4.0-SNAPSHOT.jar:?]
	at org.apache.hadoop.ozone.om.OzoneManager.getFileStatus(OzoneManager.java:3585) ~[ozone-manager-1.4.0-SNAPSHOT.jar:?]
	at org.apache.hadoop.ozone.protocolPB.OzoneManagerRequestHandler.getOzoneFileStatus(OzoneManagerRequestHandler.java:998) ~[ozone-manager-1.4.0-SNAPSHOT.jar:?]
	at org.apache.hadoop.ozone.protocolPB.OzoneManagerRequestHandler.handleReadRequest(OzoneManagerRequestHandler.java:259) ~[ozone-manager-1.4.0-SNAPSHOT.jar:?]
	at org.apache.hadoop.ozone.protocolPB.OzoneManagerProtocolServerSideTranslatorPB.submitRequestDirectlyToOM(OzoneManagerProtocolServerSideTranslatorPB.java:274) ~[ozone-manager-1.4.0-SNAPSHOT.jar:?]
	at org.apache.hadoop.ozone.protocolPB.OzoneManagerProtocolServerSideTranslatorPB.processRequest(OzoneManagerProtocolServerSideTranslatorPB.java:175) ~[ozone-manager-1.4.0-SNAPSHOT.jar:?]
	at org.apache.hadoop.hdds.server.OzoneProtocolMessageDispatcher.processRequest(OzoneProtocolMessageDispatcher.java:87) [hdds-server-framework-1.4.0-SNAPSHOT.jar:?]
	at org.apache.hadoop.ozone.protocolPB.OzoneManagerProtocolServerSideTranslatorPB.submitRequest(OzoneManagerProtocolServerSideTranslatorPB.java:148) [ozone-manager-1.4.0-SNAPSHOT.jar:?]
	at org.apache.hadoop.ozone.protocol.proto.OzoneManagerProtocolProtos$OzoneManagerService$2.callBlockingMethod(OzoneManagerProtocolProtos.java) [ozone-interface-client-1.4.0-SNAPSHOT.jar:?]
	at org.apache.hadoop.ipc.ProtobufRpcEngine$Server.processCall(ProtobufRpcEngine.java:484) [hadoop-common-3.3.6.jar:?]
	at org.apache.hadoop.ipc.ProtobufRpcEngine2$Server$ProtoBufRpcInvoker.call(ProtobufRpcEngine2.java:595) [hadoop-common-3.3.6.jar:?]
	at org.apache.hadoop.ipc.ProtobufRpcEngine2$Server$ProtoBufRpcInvoker.call(ProtobufRpcEngine2.java:573) [hadoop-common-3.3.6.jar:?]
	at org.apache.hadoop.ipc.RPC$Server.call(RPC.java:1227) [hadoop-common-3.3.6.jar:?]
	at org.apache.hadoop.ipc.Server$RpcCall.run(Server.java:1094) [hadoop-common-3.3.6.jar:?]
	at org.apache.hadoop.ipc.Server$RpcCall.run(Server.java:1017) [hadoop-common-3.3.6.jar:?]
	at java.security.AccessController.doPrivileged(Native Method) ~[?:1.8.0_382]
	at javax.security.auth.Subject.doAs(Subject.java:422) [?:1.8.0_382]
	at org.apache.hadoop.security.UserGroupInformation.doAs(UserGroupInformation.java:1899) [hadoop-common-3.3.6.jar:?]
	at org.apache.hadoop.ipc.Server$Handler.run(Server.java:3048) [hadoop-common-3.3.6.jar:?]
17:33:52.808 [IPC Server handler 2 on default port 15163] ERROR OMAudit - user=runner | ip=127.0.0.1 | op=GET_FILE_STATUS {volume=volume37245, bucket=bucket80016, key=level0/level1/file1, dataSize=0, replicationConfig=null} | ret=FAILURE
org.apache.hadoop.ozone.om.exceptions.OMException: Unable to get file status: volume: volume37245 bucket: bucket80016 key: level0/level1/file1
	at org.apache.hadoop.ozone.om.KeyManagerImpl.getOzoneFileStatus(KeyManagerImpl.java:1227) ~[ozone-manager-1.4.0-SNAPSHOT.jar:?]
	at org.apache.hadoop.ozone.om.KeyManagerImpl.getFileStatus(KeyManagerImpl.java:1145) ~[ozone-manager-1.4.0-SNAPSHOT.jar:?]
	at org.apache.hadoop.ozone.om.OmMetadataReader.getFileStatus(OmMetadataReader.java:266) ~[ozone-manager-1.4.0-SNAPSHOT.jar:?]
	at org.apache.hadoop.ozone.om.OzoneManager.getFileStatus(OzoneManager.java:3585) ~[ozone-manager-1.4.0-SNAPSHOT.jar:?]
	at org.apache.hadoop.ozone.protocolPB.OzoneManagerRequestHandler.getOzoneFileStatus(OzoneManagerRequestHandler.java:998) ~[ozone-manager-1.4.0-SNAPSHOT.jar:?]
	at org.apache.hadoop.ozone.protocolPB.OzoneManagerRequestHandler.handleReadRequest(OzoneManagerRequestHandler.java:259) ~[ozone-manager-1.4.0-SNAPSHOT.jar:?]
	at org.apache.hadoop.ozone.protocolPB.OzoneManagerProtocolServerSideTranslatorPB.submitRequestDirectlyToOM(OzoneManagerProtocolServerSideTranslatorPB.java:274) ~[ozone-manager-1.4.0-SNAPSHOT.jar:?]
	at org.apache.hadoop.ozone.protocolPB.OzoneManagerProtocolServerSideTranslatorPB.processRequest(OzoneManagerProtocolServerSideTranslatorPB.java:175) ~[ozone-manager-1.4.0-SNAPSHOT.jar:?]
	at org.apache.hadoop.hdds.server.OzoneProtocolMessageDispatcher.processRequest(OzoneProtocolMessageDispatcher.java:87) [hdds-server-framework-1.4.0-SNAPSHOT.jar:?]
	at org.apache.hadoop.ozone.protocolPB.OzoneManagerProtocolServerSideTranslatorPB.submitRequest(OzoneManagerProtocolServerSideTranslatorPB.java:148) [ozone-manager-1.4.0-SNAPSHOT.jar:?]
	at org.apache.hadoop.ozone.protocol.proto.OzoneManagerProtocolProtos$OzoneManagerService$2.callBlockingMethod(OzoneManagerProtocolProtos.java) [ozone-interface-client-1.4.0-SNAPSHOT.jar:?]
	at org.apache.hadoop.ipc.ProtobufRpcEngine$Server.processCall(ProtobufRpcEngine.java:484) [hadoop-common-3.3.6.jar:?]
	at org.apache.hadoop.ipc.ProtobufRpcEngine2$Server$ProtoBufRpcInvoker.call(ProtobufRpcEngine2.java:595) [hadoop-common-3.3.6.jar:?]
	at org.apache.hadoop.ipc.ProtobufRpcEngine2$Server$ProtoBufRpcInvoker.call(ProtobufRpcEngine2.java:573) [hadoop-common-3.3.6.jar:?]
	at org.apache.hadoop.ipc.RPC$Server.call(RPC.java:1227) [hadoop-common-3.3.6.jar:?]
	at org.apache.hadoop.ipc.Server$RpcCall.run(Server.java:1094) [hadoop-common-3.3.6.jar:?]
	at org.apache.hadoop.ipc.Server$RpcCall.run(Server.java:1017) [hadoop-common-3.3.6.jar:?]
	at java.security.AccessController.doPrivileged(Native Method) ~[?:1.8.0_382]
	at javax.security.auth.Subject.doAs(Subject.java:422) [?:1.8.0_382]
	at org.apache.hadoop.security.UserGroupInformation.doAs(UserGroupInformation.java:1899) [hadoop-common-3.3.6.jar:?]
	at org.apache.hadoop.ipc.Server$Handler.run(Server.java:3048) [hadoop-common-3.3.6.jar:?]
17:33:52.809 [IPC Server handler 1 on default port 15163] ERROR OMAudit - user=runner | ip=127.0.0.1 | op=GET_FILE_STATUS {volume=volume37245, bucket=bucket80016, key=level0/level1/level1/file1, dataSize=0, replicationConfig=null} | ret=FAILURE
org.apache.hadoop.ozone.om.exceptions.OMException: Unable to get file status: volume: volume37245 bucket: bucket80016 key: level0/level1/level1/file1
	at org.apache.hadoop.ozone.om.KeyManagerImpl.getOzoneFileStatus(KeyManagerImpl.java:1227) ~[ozone-manager-1.4.0-SNAPSHOT.jar:?]
	at org.apache.hadoop.ozone.om.KeyManagerImpl.getFileStatus(KeyManagerImpl.java:1145) ~[ozone-manager-1.4.0-SNAPSHOT.jar:?]
	at org.apache.hadoop.ozone.om.OmMetadataReader.getFileStatus(OmMetadataReader.java:266) ~[ozone-manager-1.4.0-SNAPSHOT.jar:?]
	at org.apache.hadoop.ozone.om.OzoneManager.getFileStatus(OzoneManager.java:3585) ~[ozone-manager-1.4.0-SNAPSHOT.jar:?]
	at org.apache.hadoop.ozone.protocolPB.OzoneManagerRequestHandler.getOzoneFileStatus(OzoneManagerRequestHandler.java:998) ~[ozone-manager-1.4.0-SNAPSHOT.jar:?]
	at org.apache.hadoop.ozone.protocolPB.OzoneManagerRequestHandler.handleReadRequest(OzoneManagerRequestHandler.java:259) ~[ozone-manager-1.4.0-SNAPSHOT.jar:?]
	at org.apache.hadoop.ozone.protocolPB.OzoneManagerProtocolServerSideTranslatorPB.submitRequestDirectlyToOM(OzoneManagerProtocolServerSideTranslatorPB.java:274) ~[ozone-manager-1.4.0-SNAPSHOT.jar:?]
	at org.apache.hadoop.ozone.protocolPB.OzoneManagerProtocolServerSideTranslatorPB.processRequest(OzoneManagerProtocolServerSideTranslatorPB.java:175) ~[ozone-manager-1.4.0-SNAPSHOT.jar:?]
	at org.apache.hadoop.hdds.server.OzoneProtocolMessageDispatcher.processRequest(OzoneProtocolMessageDispatcher.java:87) [hdds-server-framework-1.4.0-SNAPSHOT.jar:?]
	at org.apache.hadoop.ozone.protocolPB.OzoneManagerProtocolServerSideTranslatorPB.submitRequest(OzoneManagerProtocolServerSideTranslatorPB.java:148) [ozone-manager-1.4.0-SNAPSHOT.jar:?]
	at org.apache.hadoop.ozone.protocol.proto.OzoneManagerProtocolProtos$OzoneManagerService$2.callBlockingMethod(OzoneManagerProtocolProtos.java) [ozone-interface-client-1.4.0-SNAPSHOT.jar:?]
	at org.apache.hadoop.ipc.ProtobufRpcEngine$Server.processCall(ProtobufRpcEngine.java:484) [hadoop-common-3.3.6.jar:?]
	at org.apache.hadoop.ipc.ProtobufRpcEngine2$Server$ProtoBufRpcInvoker.call(ProtobufRpcEngine2.java:595) [hadoop-common-3.3.6.jar:?]
	at org.apache.hadoop.ipc.ProtobufRpcEngine2$Server$ProtoBufRpcInvoker.call(ProtobufRpcEngine2.java:573) [hadoop-common-3.3.6.jar:?]
	at org.apache.hadoop.ipc.RPC$Server.call(RPC.java:1227) [hadoop-common-3.3.6.jar:?]
	at org.apache.hadoop.ipc.Server$RpcCall.run(Server.java:1094) [hadoop-common-3.3.6.jar:?]
	at org.apache.hadoop.ipc.Server$RpcCall.run(Server.java:1017) [hadoop-common-3.3.6.jar:?]
	at java.security.AccessController.doPrivileged(Native Method) ~[?:1.8.0_382]
	at javax.security.auth.Subject.doAs(Subject.java:422) [?:1.8.0_382]
	at org.apache.hadoop.security.UserGroupInformation.doAs(UserGroupInformation.java:1899) [hadoop-common-3.3.6.jar:?]
	at org.apache.hadoop.ipc.Server$Handler.run(Server.java:3048) [hadoop-common-3.3.6.jar:?]
17:33:52.810 [IPC Server handler 3 on default port 15163] ERROR OMAudit - user=runner | ip=127.0.0.1 | op=GET_FILE_STATUS {volume=volume37245, bucket=bucket80016, key=level0/level2, dataSize=0, replicationConfig=null} | ret=FAILURE
org.apache.hadoop.ozone.om.exceptions.OMException: Unable to get file status: volume: volume37245 bucket: bucket80016 key: level0/level2
	at org.apache.hadoop.ozone.om.KeyManagerImpl.getOzoneFileStatus(KeyManagerImpl.java:1227) ~[ozone-manager-1.4.0-SNAPSHOT.jar:?]
	at org.apache.hadoop.ozone.om.KeyManagerImpl.getFileStatus(KeyManagerImpl.java:1145) ~[ozone-manager-1.4.0-SNAPSHOT.jar:?]
	at org.apache.hadoop.ozone.om.OmMetadataReader.getFileStatus(OmMetadataReader.java:266) ~[ozone-manager-1.4.0-SNAPSHOT.jar:?]
	at org.apache.hadoop.ozone.om.OzoneManager.getFileStatus(OzoneManager.java:3585) ~[ozone-manager-1.4.0-SNAPSHOT.jar:?]
	at org.apache.hadoop.ozone.protocolPB.OzoneManagerRequestHandler.getOzoneFileStatus(OzoneManagerRequestHandler.java:998) ~[ozone-manager-1.4.0-SNAPSHOT.jar:?]
	at org.apache.hadoop.ozone.protocolPB.OzoneManagerRequestHandler.handleReadRequest(OzoneManagerRequestHandler.java:259) ~[ozone-manager-1.4.0-SNAPSHOT.jar:?]
	at org.apache.hadoop.ozone.protocolPB.OzoneManagerProtocolServerSideTranslatorPB.submitRequestDirectlyToOM(OzoneManagerProtocolServerSideTranslatorPB.java:274) ~[ozone-manager-1.4.0-SNAPSHOT.jar:?]
	at org.apache.hadoop.ozone.protocolPB.OzoneManagerProtocolServerSideTranslatorPB.processRequest(OzoneManagerProtocolServerSideTranslatorPB.java:175) ~[ozone-manager-1.4.0-SNAPSHOT.jar:?]
	at org.apache.hadoop.hdds.server.OzoneProtocolMessageDispatcher.processRequest(OzoneProtocolMessageDispatcher.java:87) [hdds-server-framework-1.4.0-SNAPSHOT.jar:?]
	at org.apache.hadoop.ozone.protocolPB.OzoneManagerProtocolServerSideTranslatorPB.submitRequest(OzoneManagerProtocolServerSideTranslatorPB.java:148) [ozone-manager-1.4.0-SNAPSHOT.jar:?]
	at org.apache.hadoop.ozone.protocol.proto.OzoneManagerProtocolProtos$OzoneManagerService$2.callBlockingMethod(OzoneManagerProtocolProtos.java) [ozone-interface-client-1.4.0-SNAPSHOT.jar:?]
	at org.apache.hadoop.ipc.ProtobufRpcEngine$Server.processCall(ProtobufRpcEngine.java:484) [hadoop-common-3.3.6.jar:?]
	at org.apache.hadoop.ipc.ProtobufRpcEngine2$Server$ProtoBufRpcInvoker.call(ProtobufRpcEngine2.java:595) [hadoop-common-3.3.6.jar:?]
	at org.apache.hadoop.ipc.ProtobufRpcEngine2$Server$ProtoBufRpcInvoker.call(ProtobufRpcEngine2.java:573) [hadoop-common-3.3.6.jar:?]
	at org.apache.hadoop.ipc.RPC$Server.call(RPC.java:1227) [hadoop-common-3.3.6.jar:?]
	at org.apache.hadoop.ipc.Server$RpcCall.run(Server.java:1094) [hadoop-common-3.3.6.jar:?]
	at org.apache.hadoop.ipc.Server$RpcCall.run(Server.java:1017) [hadoop-common-3.3.6.jar:?]
	at java.security.AccessController.doPrivileged(Native Method) ~[?:1.8.0_382]
	at javax.security.auth.Subject.doAs(Subject.java:422) [?:1.8.0_382]
	at org.apache.hadoop.security.UserGroupInformation.doAs(UserGroupInformation.java:1899) [hadoop-common-3.3.6.jar:?]
	at org.apache.hadoop.ipc.Server$Handler.run(Server.java:3048) [hadoop-common-3.3.6.jar:?]
17:33:52.811 [IPC Server handler 6 on default port 15163] ERROR OMAudit - user=runner | ip=127.0.0.1 | op=GET_FILE_STATUS {volume=volume37245, bucket=bucket80016, key=level0/level2/level2, dataSize=0, replicationConfig=null} | ret=FAILURE
org.apache.hadoop.ozone.om.exceptions.OMException: Unable to get file status: volume: volume37245 bucket: bucket80016 key: level0/level2/level2
	at org.apache.hadoop.ozone.om.KeyManagerImpl.getOzoneFileStatus(KeyManagerImpl.java:1227) ~[ozone-manager-1.4.0-SNAPSHOT.jar:?]
	at org.apache.hadoop.ozone.om.KeyManagerImpl.getFileStatus(KeyManagerImpl.java:1145) ~[ozone-manager-1.4.0-SNAPSHOT.jar:?]
	at org.apache.hadoop.ozone.om.OmMetadataReader.getFileStatus(OmMetadataReader.java:266) ~[ozone-manager-1.4.0-SNAPSHOT.jar:?]
	at org.apache.hadoop.ozone.om.OzoneManager.getFileStatus(OzoneManager.java:3585) ~[ozone-manager-1.4.0-SNAPSHOT.jar:?]
	at org.apache.hadoop.ozone.protocolPB.OzoneManagerRequestHandler.getOzoneFileStatus(OzoneManagerRequestHandler.java:998) ~[ozone-manager-1.4.0-SNAPSHOT.jar:?]
	at org.apache.hadoop.ozone.protocolPB.OzoneManagerRequestHandler.handleReadRequest(OzoneManagerRequestHandler.java:259) ~[ozone-manager-1.4.0-SNAPSHOT.jar:?]
	at org.apache.hadoop.ozone.protocolPB.OzoneManagerProtocolServerSideTranslatorPB.submitRequestDirectlyToOM(OzoneManagerProtocolServerSideTranslatorPB.java:274) ~[ozone-manager-1.4.0-SNAPSHOT.jar:?]
	at org.apache.hadoop.ozone.protocolPB.OzoneManagerProtocolServerSideTranslatorPB.processRequest(OzoneManagerProtocolServerSideTranslatorPB.java:175) ~[ozone-manager-1.4.0-SNAPSHOT.jar:?]
	at org.apache.hadoop.hdds.server.OzoneProtocolMessageDispatcher.processRequest(OzoneProtocolMessageDispatcher.java:87) [hdds-server-framework-1.4.0-SNAPSHOT.jar:?]
	at org.apache.hadoop.ozone.protocolPB.OzoneManagerProtocolServerSideTranslatorPB.submitRequest(OzoneManagerProtocolServerSideTranslatorPB.java:148) [ozone-manager-1.4.0-SNAPSHOT.jar:?]
	at org.apache.hadoop.ozone.protocol.proto.OzoneManagerProtocolProtos$OzoneManagerService$2.callBlockingMethod(OzoneManagerProtocolProtos.java) [ozone-interface-client-1.4.0-SNAPSHOT.jar:?]
	at org.apache.hadoop.ipc.ProtobufRpcEngine$Server.processCall(ProtobufRpcEngine.java:484) [hadoop-common-3.3.6.jar:?]
	at org.apache.hadoop.ipc.ProtobufRpcEngine2$Server$ProtoBufRpcInvoker.call(ProtobufRpcEngine2.java:595) [hadoop-common-3.3.6.jar:?]
	at org.apache.hadoop.ipc.ProtobufRpcEngine2$Server$ProtoBufRpcInvoker.call(ProtobufRpcEngine2.java:573) [hadoop-common-3.3.6.jar:?]
	at org.apache.hadoop.ipc.RPC$Server.call(RPC.java:1227) [hadoop-common-3.3.6.jar:?]
	at org.apache.hadoop.ipc.Server$RpcCall.run(Server.java:1094) [hadoop-common-3.3.6.jar:?]
	at org.apache.hadoop.ipc.Server$RpcCall.run(Server.java:1017) [hadoop-common-3.3.6.jar:?]
	at java.security.AccessController.doPrivileged(Native Method) ~[?:1.8.0_382]
	at javax.security.auth.Subject.doAs(Subject.java:422) [?:1.8.0_382]
	at org.apache.hadoop.security.UserGroupInformation.doAs(UserGroupInformation.java:1899) [hadoop-common-3.3.6.jar:?]
	at org.apache.hadoop.ipc.Server$Handler.run(Server.java:3048) [hadoop-common-3.3.6.jar:?]
17:33:52.811 [IPC Server handler 4 on default port 15163] ERROR OMAudit - user=runner | ip=127.0.0.1 | op=GET_FILE_STATUS {volume=volume37245, bucket=bucket80016, key=level0/level2/file1, dataSize=0, replicationConfig=null} | ret=FAILURE
org.apache.hadoop.ozone.om.exceptions.OMException: Unable to get file status: volume: volume37245 bucket: bucket80016 key: level0/level2/file1
	at org.apache.hadoop.ozone.om.KeyManagerImpl.getOzoneFileStatus(KeyManagerImpl.java:1227) ~[ozone-manager-1.4.0-SNAPSHOT.jar:?]
	at org.apache.hadoop.ozone.om.KeyManagerImpl.getFileStatus(KeyManagerImpl.java:1145) ~[ozone-manager-1.4.0-SNAPSHOT.jar:?]
	at org.apache.hadoop.ozone.om.OmMetadataReader.getFileStatus(OmMetadataReader.java:266) ~[ozone-manager-1.4.0-SNAPSHOT.jar:?]
	at org.apache.hadoop.ozone.om.OzoneManager.getFileStatus(OzoneManager.java:3585) ~[ozone-manager-1.4.0-SNAPSHOT.jar:?]
	at org.apache.hadoop.ozone.protocolPB.OzoneManagerRequestHandler.getOzoneFileStatus(OzoneManagerRequestHandler.java:998) ~[ozone-manager-1.4.0-SNAPSHOT.jar:?]
	at org.apache.hadoop.ozone.protocolPB.OzoneManagerRequestHandler.handleReadRequest(OzoneManagerRequestHandler.java:259) ~[ozone-manager-1.4.0-SNAPSHOT.jar:?]
	at org.apache.hadoop.ozone.protocolPB.OzoneManagerProtocolServerSideTranslatorPB.submitRequestDirectlyToOM(OzoneManagerProtocolServerSideTranslatorPB.java:274) ~[ozone-manager-1.4.0-SNAPSHOT.jar:?]
	at org.apache.hadoop.ozone.protocolPB.OzoneManagerProtocolServerSideTranslatorPB.processRequest(OzoneManagerProtocolServerSideTranslatorPB.java:175) ~[ozone-manager-1.4.0-SNAPSHOT.jar:?]
	at org.apache.hadoop.hdds.server.OzoneProtocolMessageDispatcher.processRequest(OzoneProtocolMessageDispatcher.java:87) [hdds-server-framework-1.4.0-SNAPSHOT.jar:?]
	at org.apache.hadoop.ozone.protocolPB.OzoneManagerProtocolServerSideTranslatorPB.submitRequest(OzoneManagerProtocolServerSideTranslatorPB.java:148) [ozone-manager-1.4.0-SNAPSHOT.jar:?]
	at org.apache.hadoop.ozone.protocol.proto.OzoneManagerProtocolProtos$OzoneManagerService$2.callBlockingMethod(OzoneManagerProtocolProtos.java) [ozone-interface-client-1.4.0-SNAPSHOT.jar:?]
	at org.apache.hadoop.ipc.ProtobufRpcEngine$Server.processCall(ProtobufRpcEngine.java:484) [hadoop-common-3.3.6.jar:?]
	at org.apache.hadoop.ipc.ProtobufRpcEngine2$Server$ProtoBufRpcInvoker.call(ProtobufRpcEngine2.java:595) [hadoop-common-3.3.6.jar:?]
	at org.apache.hadoop.ipc.ProtobufRpcEngine2$Server$ProtoBufRpcInvoker.call(ProtobufRpcEngine2.java:573) [hadoop-common-3.3.6.jar:?]
	at org.apache.hadoop.ipc.RPC$Server.call(RPC.java:1227) [hadoop-common-3.3.6.jar:?]
	at org.apache.hadoop.ipc.Server$RpcCall.run(Server.java:1094) [hadoop-common-3.3.6.jar:?]
	at org.apache.hadoop.ipc.Server$RpcCall.run(Server.java:1017) [hadoop-common-3.3.6.jar:?]
	at java.security.AccessController.doPrivileged(Native Method) ~[?:1.8.0_382]
	at javax.security.auth.Subject.doAs(Subject.java:422) [?:1.8.0_382]
	at org.apache.hadoop.security.UserGroupInformation.doAs(UserGroupInformation.java:1899) [hadoop-common-3.3.6.jar:?]
	at org.apache.hadoop.ipc.Server$Handler.run(Server.java:3048) [hadoop-common-3.3.6.jar:?]
17:33:52.812 [IPC Server handler 7 on default port 15163] ERROR OMAudit - user=runner | ip=127.0.0.1 | op=GET_FILE_STATUS {volume=volume37245, bucket=bucket80016, key=level0/level2/level2/file1, dataSize=0, replicationConfig=null} | ret=FAILURE
org.apache.hadoop.ozone.om.exceptions.OMException: Unable to get file status: volume: volume37245 bucket: bucket80016 key: level0/level2/level2/file1
	at org.apache.hadoop.ozone.om.KeyManagerImpl.getOzoneFileStatus(KeyManagerImpl.java:1227) ~[ozone-manager-1.4.0-SNAPSHOT.jar:?]
	at org.apache.hadoop.ozone.om.KeyManagerImpl.getFileStatus(KeyManagerImpl.java:1145) ~[ozone-manager-1.4.0-SNAPSHOT.jar:?]
	at org.apache.hadoop.ozone.om.OmMetadataReader.getFileStatus(OmMetadataReader.java:266) ~[ozone-manager-1.4.0-SNAPSHOT.jar:?]
	at org.apache.hadoop.ozone.om.OzoneManager.getFileStatus(OzoneManager.java:3585) ~[ozone-manager-1.4.0-SNAPSHOT.jar:?]
	at org.apache.hadoop.ozone.protocolPB.OzoneManagerRequestHandler.getOzoneFileStatus(OzoneManagerRequestHandler.java:998) ~[ozone-manager-1.4.0-SNAPSHOT.jar:?]
	at org.apache.hadoop.ozone.protocolPB.OzoneManagerRequestHandler.handleReadRequest(OzoneManagerRequestHandler.java:259) ~[ozone-manager-1.4.0-SNAPSHOT.jar:?]
	at org.apache.hadoop.ozone.protocolPB.OzoneManagerProtocolServerSideTranslatorPB.submitRequestDirectlyToOM(OzoneManagerProtocolServerSideTranslatorPB.java:274) ~[ozone-manager-1.4.0-SNAPSHOT.jar:?]
	at org.apache.hadoop.ozone.protocolPB.OzoneManagerProtocolServerSideTranslatorPB.processRequest(OzoneManagerProtocolServerSideTranslatorPB.java:175) ~[ozone-manager-1.4.0-SNAPSHOT.jar:?]
	at org.apache.hadoop.hdds.server.OzoneProtocolMessageDispatcher.processRequest(OzoneProtocolMessageDispatcher.java:87) [hdds-server-framework-1.4.0-SNAPSHOT.jar:?]
	at org.apache.hadoop.ozone.protocolPB.OzoneManagerProtocolServerSideTranslatorPB.submitRequest(OzoneManagerProtocolServerSideTranslatorPB.java:148) [ozone-manager-1.4.0-SNAPSHOT.jar:?]
	at org.apache.hadoop.ozone.protocol.proto.OzoneManagerProtocolProtos$OzoneManagerService$2.callBlockingMethod(OzoneManagerProtocolProtos.java) [ozone-interface-client-1.4.0-SNAPSHOT.jar:?]
	at org.apache.hadoop.ipc.ProtobufRpcEngine$Server.processCall(ProtobufRpcEngine.java:484) [hadoop-common-3.3.6.jar:?]
	at org.apache.hadoop.ipc.ProtobufRpcEngine2$Server$ProtoBufRpcInvoker.call(ProtobufRpcEngine2.java:595) [hadoop-common-3.3.6.jar:?]
	at org.apache.hadoop.ipc.ProtobufRpcEngine2$Server$ProtoBufRpcInvoker.call(ProtobufRpcEngine2.java:573) [hadoop-common-3.3.6.jar:?]
	at org.apache.hadoop.ipc.RPC$Server.call(RPC.java:1227) [hadoop-common-3.3.6.jar:?]
	at org.apache.hadoop.ipc.Server$RpcCall.run(Server.java:1094) [hadoop-common-3.3.6.jar:?]
	at org.apache.hadoop.ipc.Server$RpcCall.run(Server.java:1017) [hadoop-common-3.3.6.jar:?]
	at java.security.AccessController.doPrivileged(Native Method) ~[?:1.8.0_382]
	at javax.security.auth.Subject.doAs(Subject.java:422) [?:1.8.0_382]
	at org.apache.hadoop.security.UserGroupInformation.doAs(UserGroupInformation.java:1899) [hadoop-common-3.3.6.jar:?]
	at org.apache.hadoop.ipc.Server$Handler.run(Server.java:3048) [hadoop-common-3.3.6.jar:?]
17:33:52.813 [IPC Server handler 5 on default port 15163] ERROR OMAudit - user=runner | ip=127.0.0.1 | op=GET_FILE_STATUS {volume=volume37245, bucket=bucket80016, key=level0/level3, dataSize=0, replicationConfig=null} | ret=FAILURE
org.apache.hadoop.ozone.om.exceptions.OMException: Unable to get file status: volume: volume37245 bucket: bucket80016 key: level0/level3
	at org.apache.hadoop.ozone.om.KeyManagerImpl.getOzoneFileStatus(KeyManagerImpl.java:1227) ~[ozone-manager-1.4.0-SNAPSHOT.jar:?]
	at org.apache.hadoop.ozone.om.KeyManagerImpl.getFileStatus(KeyManagerImpl.java:1145) ~[ozone-manager-1.4.0-SNAPSHOT.jar:?]
	at org.apache.hadoop.ozone.om.OmMetadataReader.getFileStatus(OmMetadataReader.java:266) ~[ozone-manager-1.4.0-SNAPSHOT.jar:?]
	at org.apache.hadoop.ozone.om.OzoneManager.getFileStatus(OzoneManager.java:3585) ~[ozone-manager-1.4.0-SNAPSHOT.jar:?]
	at org.apache.hadoop.ozone.protocolPB.OzoneManagerRequestHandler.getOzoneFileStatus(OzoneManagerRequestHandler.java:998) ~[ozone-manager-1.4.0-SNAPSHOT.jar:?]
	at org.apache.hadoop.ozone.protocolPB.OzoneManagerRequestHandler.handleReadRequest(OzoneManagerRequestHandler.java:259) ~[ozone-manager-1.4.0-SNAPSHOT.jar:?]
	at org.apache.hadoop.ozone.protocolPB.OzoneManagerProtocolServerSideTranslatorPB.submitRequestDirectlyToOM(OzoneManagerProtocolServerSideTranslatorPB.java:274) ~[ozone-manager-1.4.0-SNAPSHOT.jar:?]
	at org.apache.hadoop.ozone.protocolPB.OzoneManagerProtocolServerSideTranslatorPB.processRequest(OzoneManagerProtocolServerSideTranslatorPB.java:175) ~[ozone-manager-1.4.0-SNAPSHOT.jar:?]
	at org.apache.hadoop.hdds.server.OzoneProtocolMessageDispatcher.processRequest(OzoneProtocolMessageDispatcher.java:87) [hdds-server-framework-1.4.0-SNAPSHOT.jar:?]
	at org.apache.hadoop.ozone.protocolPB.OzoneManagerProtocolServerSideTranslatorPB.submitRequest(OzoneManagerProtocolServerSideTranslatorPB.java:148) [ozone-manager-1.4.0-SNAPSHOT.jar:?]
	at org.apache.hadoop.ozone.protocol.proto.OzoneManagerProtocolProtos$OzoneManagerService$2.callBlockingMethod(OzoneManagerProtocolProtos.java) [ozone-interface-client-1.4.0-SNAPSHOT.jar:?]
	at org.apache.hadoop.ipc.ProtobufRpcEngine$Server.processCall(ProtobufRpcEngine.java:484) [hadoop-common-3.3.6.jar:?]
	at org.apache.hadoop.ipc.ProtobufRpcEngine2$Server$ProtoBufRpcInvoker.call(ProtobufRpcEngine2.java:595) [hadoop-common-3.3.6.jar:?]
	at org.apache.hadoop.ipc.ProtobufRpcEngine2$Server$ProtoBufRpcInvoker.call(ProtobufRpcEngine2.java:573) [hadoop-common-3.3.6.jar:?]
	at org.apache.hadoop.ipc.RPC$Server.call(RPC.java:1227) [hadoop-common-3.3.6.jar:?]
	at org.apache.hadoop.ipc.Server$RpcCall.run(Server.java:1094) [hadoop-common-3.3.6.jar:?]
	at org.apache.hadoop.ipc.Server$RpcCall.run(Server.java:1017) [hadoop-common-3.3.6.jar:?]
	at java.security.AccessController.doPrivileged(Native Method) ~[?:1.8.0_382]
	at javax.security.auth.Subject.doAs(Subject.java:422) [?:1.8.0_382]
	at org.apache.hadoop.security.UserGroupInformation.doAs(UserGroupInformation.java:1899) [hadoop-common-3.3.6.jar:?]
	at org.apache.hadoop.ipc.Server$Handler.run(Server.java:3048) [hadoop-common-3.3.6.jar:?]
17:33:52.816 [IPC Server handler 10 on default port 15163] ERROR OMAudit - user=runner | ip=127.0.0.1 | op=GET_FILE_STATUS {volume=volume37245, bucket=bucket80016, key=level0/level3/level3, dataSize=0, replicationConfig=null} | ret=FAILURE
org.apache.hadoop.ozone.om.exceptions.OMException: Unable to get file status: volume: volume37245 bucket: bucket80016 key: level0/level3/level3
	at org.apache.hadoop.ozone.om.KeyManagerImpl.getOzoneFileStatus(KeyManagerImpl.java:1227) ~[ozone-manager-1.4.0-SNAPSHOT.jar:?]
	at org.apache.hadoop.ozone.om.KeyManagerImpl.getFileStatus(KeyManagerImpl.java:1145) ~[ozone-manager-1.4.0-SNAPSHOT.jar:?]
	at org.apache.hadoop.ozone.om.OmMetadataReader.getFileStatus(OmMetadataReader.java:266) ~[ozone-manager-1.4.0-SNAPSHOT.jar:?]
	at org.apache.hadoop.ozone.om.OzoneManager.getFileStatus(OzoneManager.java:3585) ~[ozone-manager-1.4.0-SNAPSHOT.jar:?]
	at org.apache.hadoop.ozone.protocolPB.OzoneManagerRequestHandler.getOzoneFileStatus(OzoneManagerRequestHandler.java:998) ~[ozone-manager-1.4.0-SNAPSHOT.jar:?]
	at org.apache.hadoop.ozone.protocolPB.OzoneManagerRequestHandler.handleReadRequest(OzoneManagerRequestHandler.java:259) ~[ozone-manager-1.4.0-SNAPSHOT.jar:?]
	at org.apache.hadoop.ozone.protocolPB.OzoneManagerProtocolServerSideTranslatorPB.submitRequestDirectlyToOM(OzoneManagerProtocolServerSideTranslatorPB.java:274) ~[ozone-manager-1.4.0-SNAPSHOT.jar:?]
	at org.apache.hadoop.ozone.protocolPB.OzoneManagerProtocolServerSideTranslatorPB.processRequest(OzoneManagerProtocolServerSideTranslatorPB.java:175) ~[ozone-manager-1.4.0-SNAPSHOT.jar:?]
	at org.apache.hadoop.hdds.server.OzoneProtocolMessageDispatcher.processRequest(OzoneProtocolMessageDispatcher.java:87) [hdds-server-framework-1.4.0-SNAPSHOT.jar:?]
	at org.apache.hadoop.ozone.protocolPB.OzoneManagerProtocolServerSideTranslatorPB.submitRequest(OzoneManagerProtocolServerSideTranslatorPB.java:148) [ozone-manager-1.4.0-SNAPSHOT.jar:?]
	at org.apache.hadoop.ozone.protocol.proto.OzoneManagerProtocolProtos$OzoneManagerService$2.callBlockingMethod(OzoneManagerProtocolProtos.java) [ozone-interface-client-1.4.0-SNAPSHOT.jar:?]
	at org.apache.hadoop.ipc.ProtobufRpcEngine$Server.processCall(ProtobufRpcEngine.java:484) [hadoop-common-3.3.6.jar:?]
	at org.apache.hadoop.ipc.ProtobufRpcEngine2$Server$ProtoBufRpcInvoker.call(ProtobufRpcEngine2.java:595) [hadoop-common-3.3.6.jar:?]
	at org.apache.hadoop.ipc.ProtobufRpcEngine2$Server$ProtoBufRpcInvoker.call(ProtobufRpcEngine2.java:573) [hadoop-common-3.3.6.jar:?]
	at org.apache.hadoop.ipc.RPC$Server.call(RPC.java:1227) [hadoop-common-3.3.6.jar:?]
	at org.apache.hadoop.ipc.Server$RpcCall.run(Server.java:1094) [hadoop-common-3.3.6.jar:?]
	at org.apache.hadoop.ipc.Server$RpcCall.run(Server.java:1017) [hadoop-common-3.3.6.jar:?]
	at java.security.AccessController.doPrivileged(Native Method) ~[?:1.8.0_382]
	at javax.security.auth.Subject.doAs(Subject.java:422) [?:1.8.0_382]
	at org.apache.hadoop.security.UserGroupInformation.doAs(UserGroupInformation.java:1899) [hadoop-common-3.3.6.jar:?]
	at org.apache.hadoop.ipc.Server$Handler.run(Server.java:3048) [hadoop-common-3.3.6.jar:?]
17:33:52.817 [IPC Server handler 8 on default port 15163] ERROR OMAudit - user=runner | ip=127.0.0.1 | op=GET_FILE_STATUS {volume=volume37245, bucket=bucket80016, key=level0/level3/file1, dataSize=0, replicationConfig=null} | ret=FAILURE
org.apache.hadoop.ozone.om.exceptions.OMException: Unable to get file status: volume: volume37245 bucket: bucket80016 key: level0/level3/file1
	at org.apache.hadoop.ozone.om.KeyManagerImpl.getOzoneFileStatus(KeyManagerImpl.java:1227) ~[ozone-manager-1.4.0-SNAPSHOT.jar:?]
	at org.apache.hadoop.ozone.om.KeyManagerImpl.getFileStatus(KeyManagerImpl.java:1145) ~[ozone-manager-1.4.0-SNAPSHOT.jar:?]
	at org.apache.hadoop.ozone.om.OmMetadataReader.getFileStatus(OmMetadataReader.java:266) ~[ozone-manager-1.4.0-SNAPSHOT.jar:?]
	at org.apache.hadoop.ozone.om.OzoneManager.getFileStatus(OzoneManager.java:3585) ~[ozone-manager-1.4.0-SNAPSHOT.jar:?]
	at org.apache.hadoop.ozone.protocolPB.OzoneManagerRequestHandler.getOzoneFileStatus(OzoneManagerRequestHandler.java:998) ~[ozone-manager-1.4.0-SNAPSHOT.jar:?]
	at org.apache.hadoop.ozone.protocolPB.OzoneManagerRequestHandler.handleReadRequest(OzoneManagerRequestHandler.java:259) ~[ozone-manager-1.4.0-SNAPSHOT.jar:?]
	at org.apache.hadoop.ozone.protocolPB.OzoneManagerProtocolServerSideTranslatorPB.submitRequestDirectlyToOM(OzoneManagerProtocolServerSideTranslatorPB.java:274) ~[ozone-manager-1.4.0-SNAPSHOT.jar:?]
	at org.apache.hadoop.ozone.protocolPB.OzoneManagerProtocolServerSideTranslatorPB.processRequest(OzoneManagerProtocolServerSideTranslatorPB.java:175) ~[ozone-manager-1.4.0-SNAPSHOT.jar:?]
	at org.apache.hadoop.hdds.server.OzoneProtocolMessageDispatcher.processRequest(OzoneProtocolMessageDispatcher.java:87) [hdds-server-framework-1.4.0-SNAPSHOT.jar:?]
	at org.apache.hadoop.ozone.protocolPB.OzoneManagerProtocolServerSideTranslatorPB.submitRequest(OzoneManagerProtocolServerSideTranslatorPB.java:148) [ozone-manager-1.4.0-SNAPSHOT.jar:?]
	at org.apache.hadoop.ozone.protocol.proto.OzoneManagerProtocolProtos$OzoneManagerService$2.callBlockingMethod(OzoneManagerProtocolProtos.java) [ozone-interface-client-1.4.0-SNAPSHOT.jar:?]
	at org.apache.hadoop.ipc.ProtobufRpcEngine$Server.processCall(ProtobufRpcEngine.java:484) [hadoop-common-3.3.6.jar:?]
	at org.apache.hadoop.ipc.ProtobufRpcEngine2$Server$ProtoBufRpcInvoker.call(ProtobufRpcEngine2.java:595) [hadoop-common-3.3.6.jar:?]
	at org.apache.hadoop.ipc.ProtobufRpcEngine2$Server$ProtoBufRpcInvoker.call(ProtobufRpcEngine2.java:573) [hadoop-common-3.3.6.jar:?]
	at org.apache.hadoop.ipc.RPC$Server.call(RPC.java:1227) [hadoop-common-3.3.6.jar:?]
	at org.apache.hadoop.ipc.Server$RpcCall.run(Server.java:1094) [hadoop-common-3.3.6.jar:?]
	at org.apache.hadoop.ipc.Server$RpcCall.run(Server.java:1017) [hadoop-common-3.3.6.jar:?]
	at java.security.AccessController.doPrivileged(Native Method) ~[?:1.8.0_382]
	at javax.security.auth.Subject.doAs(Subject.java:422) [?:1.8.0_382]
	at org.apache.hadoop.security.UserGroupInformation.doAs(UserGroupInformation.java:1899) [hadoop-common-3.3.6.jar:?]
	at org.apache.hadoop.ipc.Server$Handler.run(Server.java:3048) [hadoop-common-3.3.6.jar:?]
17:33:52.817 [IPC Server handler 12 on default port 15163] ERROR OMAudit - user=runner | ip=127.0.0.1 | op=GET_FILE_STATUS {volume=volume37245, bucket=bucket80016, key=level0/level3/level3/file1, dataSize=0, replicationConfig=null} | ret=FAILURE
org.apache.hadoop.ozone.om.exceptions.OMException: Unable to get file status: volume: volume37245 bucket: bucket80016 key: level0/level3/level3/file1
	at org.apache.hadoop.ozone.om.KeyManagerImpl.getOzoneFileStatus(KeyManagerImpl.java:1227) ~[ozone-manager-1.4.0-SNAPSHOT.jar:?]
	at org.apache.hadoop.ozone.om.KeyManagerImpl.getFileStatus(KeyManagerImpl.java:1145) ~[ozone-manager-1.4.0-SNAPSHOT.jar:?]
	at org.apache.hadoop.ozone.om.OmMetadataReader.getFileStatus(OmMetadataReader.java:266) ~[ozone-manager-1.4.0-SNAPSHOT.jar:?]
	at org.apache.hadoop.ozone.om.OzoneManager.getFileStatus(OzoneManager.java:3585) ~[ozone-manager-1.4.0-SNAPSHOT.jar:?]
	at org.apache.hadoop.ozone.protocolPB.OzoneManagerRequestHandler.getOzoneFileStatus(OzoneManagerRequestHandler.java:998) ~[ozone-manager-1.4.0-SNAPSHOT.jar:?]
	at org.apache.hadoop.ozone.protocolPB.OzoneManagerRequestHandler.handleReadRequest(OzoneManagerRequestHandler.java:259) ~[ozone-manager-1.4.0-SNAPSHOT.jar:?]
	at org.apache.hadoop.ozone.protocolPB.OzoneManagerProtocolServerSideTranslatorPB.submitRequestDirectlyToOM(OzoneManagerProtocolServerSideTranslatorPB.java:274) ~[ozone-manager-1.4.0-SNAPSHOT.jar:?]
	at org.apache.hadoop.ozone.protocolPB.OzoneManagerProtocolServerSideTranslatorPB.processRequest(OzoneManagerProtocolServerSideTranslatorPB.java:175) ~[ozone-manager-1.4.0-SNAPSHOT.jar:?]
	at org.apache.hadoop.hdds.server.OzoneProtocolMessageDispatcher.processRequest(OzoneProtocolMessageDispatcher.java:87) [hdds-server-framework-1.4.0-SNAPSHOT.jar:?]
	at org.apache.hadoop.ozone.protocolPB.OzoneManagerProtocolServerSideTranslatorPB.submitRequest(OzoneManagerProtocolServerSideTranslatorPB.java:148) [ozone-manager-1.4.0-SNAPSHOT.jar:?]
	at org.apache.hadoop.ozone.protocol.proto.OzoneManagerProtocolProtos$OzoneManagerService$2.callBlockingMethod(OzoneManagerProtocolProtos.java) [ozone-interface-client-1.4.0-SNAPSHOT.jar:?]
	at org.apache.hadoop.ipc.ProtobufRpcEngine$Server.processCall(ProtobufRpcEngine.java:484) [hadoop-common-3.3.6.jar:?]
	at org.apache.hadoop.ipc.ProtobufRpcEngine2$Server$ProtoBufRpcInvoker.call(ProtobufRpcEngine2.java:595) [hadoop-common-3.3.6.jar:?]
	at org.apache.hadoop.ipc.ProtobufRpcEngine2$Server$ProtoBufRpcInvoker.call(ProtobufRpcEngine2.java:573) [hadoop-common-3.3.6.jar:?]
	at org.apache.hadoop.ipc.RPC$Server.call(RPC.java:1227) [hadoop-common-3.3.6.jar:?]
	at org.apache.hadoop.ipc.Server$RpcCall.run(Server.java:1094) [hadoop-common-3.3.6.jar:?]
	at org.apache.hadoop.ipc.Server$RpcCall.run(Server.java:1017) [hadoop-common-3.3.6.jar:?]
	at java.security.AccessController.doPrivileged(Native Method) ~[?:1.8.0_382]
	at javax.security.auth.Subject.doAs(Subject.java:422) [?:1.8.0_382]
	at org.apache.hadoop.security.UserGroupInformation.doAs(UserGroupInformation.java:1899) [hadoop-common-3.3.6.jar:?]
	at org.apache.hadoop.ipc.Server$Handler.run(Server.java:3048) [hadoop-common-3.3.6.jar:?]
]]></system-out>
  </testcase>
  <testcase name="testGetTrashRoots" classname="TestOzoneFileSystem" time="0.088">
    <system-out><![CDATA[17:29:53.399 [IPC Server handler 8 on default port 15004] ERROR OMAudit - user=runner | ip=127.0.0.1 | op=GET_FILE_STATUS {volume=volume27687, bucket=bucket94524, key=.Trash/runner, dataSize=0, replicationConfig=null} | ret=FAILURE
org.apache.hadoop.ozone.om.exceptions.OMException: Unable to get file status: volume: volume27687 bucket: bucket94524 key: .Trash/runner
	at org.apache.hadoop.ozone.om.KeyManagerImpl.getOzoneFileStatus(KeyManagerImpl.java:1227) ~[ozone-manager-1.4.0-SNAPSHOT.jar:?]
	at org.apache.hadoop.ozone.om.KeyManagerImpl.getFileStatus(KeyManagerImpl.java:1145) ~[ozone-manager-1.4.0-SNAPSHOT.jar:?]
	at org.apache.hadoop.ozone.om.OmMetadataReader.getFileStatus(OmMetadataReader.java:266) ~[ozone-manager-1.4.0-SNAPSHOT.jar:?]
	at org.apache.hadoop.ozone.om.OzoneManager.getFileStatus(OzoneManager.java:3585) ~[ozone-manager-1.4.0-SNAPSHOT.jar:?]
	at org.apache.hadoop.ozone.protocolPB.OzoneManagerRequestHandler.getOzoneFileStatus(OzoneManagerRequestHandler.java:998) ~[ozone-manager-1.4.0-SNAPSHOT.jar:?]
	at org.apache.hadoop.ozone.protocolPB.OzoneManagerRequestHandler.handleReadRequest(OzoneManagerRequestHandler.java:259) ~[ozone-manager-1.4.0-SNAPSHOT.jar:?]
	at org.apache.hadoop.ozone.protocolPB.OzoneManagerProtocolServerSideTranslatorPB.submitReadRequestToOM(OzoneManagerProtocolServerSideTranslatorPB.java:225) ~[ozone-manager-1.4.0-SNAPSHOT.jar:?]
	at org.apache.hadoop.ozone.protocolPB.OzoneManagerProtocolServerSideTranslatorPB.processRequest(OzoneManagerProtocolServerSideTranslatorPB.java:179) ~[ozone-manager-1.4.0-SNAPSHOT.jar:?]
	at org.apache.hadoop.hdds.server.OzoneProtocolMessageDispatcher.processRequest(OzoneProtocolMessageDispatcher.java:87) [hdds-server-framework-1.4.0-SNAPSHOT.jar:?]
	at org.apache.hadoop.ozone.protocolPB.OzoneManagerProtocolServerSideTranslatorPB.submitRequest(OzoneManagerProtocolServerSideTranslatorPB.java:148) [ozone-manager-1.4.0-SNAPSHOT.jar:?]
	at org.apache.hadoop.ozone.protocol.proto.OzoneManagerProtocolProtos$OzoneManagerService$2.callBlockingMethod(OzoneManagerProtocolProtos.java) [ozone-interface-client-1.4.0-SNAPSHOT.jar:?]
	at org.apache.hadoop.ipc.ProtobufRpcEngine$Server.processCall(ProtobufRpcEngine.java:484) [hadoop-common-3.3.6.jar:?]
	at org.apache.hadoop.ipc.ProtobufRpcEngine2$Server$ProtoBufRpcInvoker.call(ProtobufRpcEngine2.java:595) [hadoop-common-3.3.6.jar:?]
	at org.apache.hadoop.ipc.ProtobufRpcEngine2$Server$ProtoBufRpcInvoker.call(ProtobufRpcEngine2.java:573) [hadoop-common-3.3.6.jar:?]
	at org.apache.hadoop.ipc.RPC$Server.call(RPC.java:1227) [hadoop-common-3.3.6.jar:?]
	at org.apache.hadoop.ipc.Server$RpcCall.run(Server.java:1094) [hadoop-common-3.3.6.jar:?]
	at org.apache.hadoop.ipc.Server$RpcCall.run(Server.java:1017) [hadoop-common-3.3.6.jar:?]
	at java.security.AccessController.doPrivileged(Native Method) ~[?:1.8.0_382]
	at javax.security.auth.Subject.doAs(Subject.java:422) [?:1.8.0_382]
	at org.apache.hadoop.security.UserGroupInformation.doAs(UserGroupInformation.java:1899) [hadoop-common-3.3.6.jar:?]
	at org.apache.hadoop.ipc.Server$Handler.run(Server.java:3048) [hadoop-common-3.3.6.jar:?]
]]></system-out>
  </testcase>
  <testcase name="testGetTrashRoots" classname="TestOzoneFileSystem" time="0.035">
    <system-out><![CDATA[17:31:24.406 [IPC Server handler 5 on default port 15057] ERROR OMAudit - user=runner | ip=127.0.0.1 | op=GET_FILE_STATUS {volume=volume39856, bucket=bucket94778, key=.Trash/runner, dataSize=0, replicationConfig=null} | ret=FAILURE
org.apache.hadoop.ozone.om.exceptions.OMException: Unable to get file status: volume: volume39856 bucket: bucket94778 key: .Trash/runner
	at org.apache.hadoop.ozone.om.KeyManagerImpl.getOzoneFileStatus(KeyManagerImpl.java:1227) ~[ozone-manager-1.4.0-SNAPSHOT.jar:?]
	at org.apache.hadoop.ozone.om.KeyManagerImpl.getFileStatus(KeyManagerImpl.java:1145) ~[ozone-manager-1.4.0-SNAPSHOT.jar:?]
	at org.apache.hadoop.ozone.om.OmMetadataReader.getFileStatus(OmMetadataReader.java:266) ~[ozone-manager-1.4.0-SNAPSHOT.jar:?]
	at org.apache.hadoop.ozone.om.OzoneManager.getFileStatus(OzoneManager.java:3585) ~[ozone-manager-1.4.0-SNAPSHOT.jar:?]
	at org.apache.hadoop.ozone.protocolPB.OzoneManagerRequestHandler.getOzoneFileStatus(OzoneManagerRequestHandler.java:998) ~[ozone-manager-1.4.0-SNAPSHOT.jar:?]
	at org.apache.hadoop.ozone.protocolPB.OzoneManagerRequestHandler.handleReadRequest(OzoneManagerRequestHandler.java:259) ~[ozone-manager-1.4.0-SNAPSHOT.jar:?]
	at org.apache.hadoop.ozone.protocolPB.OzoneManagerProtocolServerSideTranslatorPB.submitRequestDirectlyToOM(OzoneManagerProtocolServerSideTranslatorPB.java:274) ~[ozone-manager-1.4.0-SNAPSHOT.jar:?]
	at org.apache.hadoop.ozone.protocolPB.OzoneManagerProtocolServerSideTranslatorPB.processRequest(OzoneManagerProtocolServerSideTranslatorPB.java:175) ~[ozone-manager-1.4.0-SNAPSHOT.jar:?]
	at org.apache.hadoop.hdds.server.OzoneProtocolMessageDispatcher.processRequest(OzoneProtocolMessageDispatcher.java:87) [hdds-server-framework-1.4.0-SNAPSHOT.jar:?]
	at org.apache.hadoop.ozone.protocolPB.OzoneManagerProtocolServerSideTranslatorPB.submitRequest(OzoneManagerProtocolServerSideTranslatorPB.java:148) [ozone-manager-1.4.0-SNAPSHOT.jar:?]
	at org.apache.hadoop.ozone.protocol.proto.OzoneManagerProtocolProtos$OzoneManagerService$2.callBlockingMethod(OzoneManagerProtocolProtos.java) [ozone-interface-client-1.4.0-SNAPSHOT.jar:?]
	at org.apache.hadoop.ipc.ProtobufRpcEngine$Server.processCall(ProtobufRpcEngine.java:484) [hadoop-common-3.3.6.jar:?]
	at org.apache.hadoop.ipc.ProtobufRpcEngine2$Server$ProtoBufRpcInvoker.call(ProtobufRpcEngine2.java:595) [hadoop-common-3.3.6.jar:?]
	at org.apache.hadoop.ipc.ProtobufRpcEngine2$Server$ProtoBufRpcInvoker.call(ProtobufRpcEngine2.java:573) [hadoop-common-3.3.6.jar:?]
	at org.apache.hadoop.ipc.RPC$Server.call(RPC.java:1227) [hadoop-common-3.3.6.jar:?]
	at org.apache.hadoop.ipc.Server$RpcCall.run(Server.java:1094) [hadoop-common-3.3.6.jar:?]
	at org.apache.hadoop.ipc.Server$RpcCall.run(Server.java:1017) [hadoop-common-3.3.6.jar:?]
	at java.security.AccessController.doPrivileged(Native Method) ~[?:1.8.0_382]
	at javax.security.auth.Subject.doAs(Subject.java:422) [?:1.8.0_382]
	at org.apache.hadoop.security.UserGroupInformation.doAs(UserGroupInformation.java:1899) [hadoop-common-3.3.6.jar:?]
	at org.apache.hadoop.ipc.Server$Handler.run(Server.java:3048) [hadoop-common-3.3.6.jar:?]
]]></system-out>
  </testcase>
  <testcase name="testGetTrashRoots" classname="TestOzoneFileSystem" time="0.027">
    <system-out><![CDATA[17:32:34.952 [IPC Server handler 8 on default port 15110] ERROR OMAudit - user=runner | ip=127.0.0.1 | op=GET_FILE_STATUS {volume=volume98659, bucket=bucket57585, key=.Trash/runner, dataSize=0, replicationConfig=null} | ret=FAILURE
org.apache.hadoop.ozone.om.exceptions.OMException: Unable to get file status: volume: volume98659 bucket: bucket57585 key: .Trash/runner
	at org.apache.hadoop.ozone.om.KeyManagerImpl.getOzoneFileStatus(KeyManagerImpl.java:1227) ~[ozone-manager-1.4.0-SNAPSHOT.jar:?]
	at org.apache.hadoop.ozone.om.KeyManagerImpl.getFileStatus(KeyManagerImpl.java:1145) ~[ozone-manager-1.4.0-SNAPSHOT.jar:?]
	at org.apache.hadoop.ozone.om.OmMetadataReader.getFileStatus(OmMetadataReader.java:266) ~[ozone-manager-1.4.0-SNAPSHOT.jar:?]
	at org.apache.hadoop.ozone.om.OzoneManager.getFileStatus(OzoneManager.java:3585) ~[ozone-manager-1.4.0-SNAPSHOT.jar:?]
	at org.apache.hadoop.ozone.protocolPB.OzoneManagerRequestHandler.getOzoneFileStatus(OzoneManagerRequestHandler.java:998) ~[ozone-manager-1.4.0-SNAPSHOT.jar:?]
	at org.apache.hadoop.ozone.protocolPB.OzoneManagerRequestHandler.handleReadRequest(OzoneManagerRequestHandler.java:259) ~[ozone-manager-1.4.0-SNAPSHOT.jar:?]
	at org.apache.hadoop.ozone.protocolPB.OzoneManagerProtocolServerSideTranslatorPB.submitReadRequestToOM(OzoneManagerProtocolServerSideTranslatorPB.java:225) ~[ozone-manager-1.4.0-SNAPSHOT.jar:?]
	at org.apache.hadoop.ozone.protocolPB.OzoneManagerProtocolServerSideTranslatorPB.processRequest(OzoneManagerProtocolServerSideTranslatorPB.java:179) ~[ozone-manager-1.4.0-SNAPSHOT.jar:?]
	at org.apache.hadoop.hdds.server.OzoneProtocolMessageDispatcher.processRequest(OzoneProtocolMessageDispatcher.java:87) [hdds-server-framework-1.4.0-SNAPSHOT.jar:?]
	at org.apache.hadoop.ozone.protocolPB.OzoneManagerProtocolServerSideTranslatorPB.submitRequest(OzoneManagerProtocolServerSideTranslatorPB.java:148) [ozone-manager-1.4.0-SNAPSHOT.jar:?]
	at org.apache.hadoop.ozone.protocol.proto.OzoneManagerProtocolProtos$OzoneManagerService$2.callBlockingMethod(OzoneManagerProtocolProtos.java) [ozone-interface-client-1.4.0-SNAPSHOT.jar:?]
	at org.apache.hadoop.ipc.ProtobufRpcEngine$Server.processCall(ProtobufRpcEngine.java:484) [hadoop-common-3.3.6.jar:?]
	at org.apache.hadoop.ipc.ProtobufRpcEngine2$Server$ProtoBufRpcInvoker.call(ProtobufRpcEngine2.java:595) [hadoop-common-3.3.6.jar:?]
	at org.apache.hadoop.ipc.ProtobufRpcEngine2$Server$ProtoBufRpcInvoker.call(ProtobufRpcEngine2.java:573) [hadoop-common-3.3.6.jar:?]
	at org.apache.hadoop.ipc.RPC$Server.call(RPC.java:1227) [hadoop-common-3.3.6.jar:?]
	at org.apache.hadoop.ipc.Server$RpcCall.run(Server.java:1094) [hadoop-common-3.3.6.jar:?]
	at org.apache.hadoop.ipc.Server$RpcCall.run(Server.java:1017) [hadoop-common-3.3.6.jar:?]
	at java.security.AccessController.doPrivileged(Native Method) ~[?:1.8.0_382]
	at javax.security.auth.Subject.doAs(Subject.java:422) [?:1.8.0_382]
	at org.apache.hadoop.security.UserGroupInformation.doAs(UserGroupInformation.java:1899) [hadoop-common-3.3.6.jar:?]
	at org.apache.hadoop.ipc.Server$Handler.run(Server.java:3048) [hadoop-common-3.3.6.jar:?]
]]></system-out>
  </testcase>
  <testcase name="testGetTrashRoots" classname="TestOzoneFileSystem" time="0.028">
    <system-out><![CDATA[17:33:52.821 [IPC Server handler 15 on default port 15163] ERROR OMAudit - user=runner | ip=127.0.0.1 | op=GET_FILE_STATUS {volume=volume37245, bucket=bucket80016, key=.Trash/runner, dataSize=0, replicationConfig=null} | ret=FAILURE
org.apache.hadoop.ozone.om.exceptions.OMException: Unable to get file status: volume: volume37245 bucket: bucket80016 key: .Trash/runner
	at org.apache.hadoop.ozone.om.KeyManagerImpl.getOzoneFileStatus(KeyManagerImpl.java:1227) ~[ozone-manager-1.4.0-SNAPSHOT.jar:?]
	at org.apache.hadoop.ozone.om.KeyManagerImpl.getFileStatus(KeyManagerImpl.java:1145) ~[ozone-manager-1.4.0-SNAPSHOT.jar:?]
	at org.apache.hadoop.ozone.om.OmMetadataReader.getFileStatus(OmMetadataReader.java:266) ~[ozone-manager-1.4.0-SNAPSHOT.jar:?]
	at org.apache.hadoop.ozone.om.OzoneManager.getFileStatus(OzoneManager.java:3585) ~[ozone-manager-1.4.0-SNAPSHOT.jar:?]
	at org.apache.hadoop.ozone.protocolPB.OzoneManagerRequestHandler.getOzoneFileStatus(OzoneManagerRequestHandler.java:998) ~[ozone-manager-1.4.0-SNAPSHOT.jar:?]
	at org.apache.hadoop.ozone.protocolPB.OzoneManagerRequestHandler.handleReadRequest(OzoneManagerRequestHandler.java:259) ~[ozone-manager-1.4.0-SNAPSHOT.jar:?]
	at org.apache.hadoop.ozone.protocolPB.OzoneManagerProtocolServerSideTranslatorPB.submitRequestDirectlyToOM(OzoneManagerProtocolServerSideTranslatorPB.java:274) ~[ozone-manager-1.4.0-SNAPSHOT.jar:?]
	at org.apache.hadoop.ozone.protocolPB.OzoneManagerProtocolServerSideTranslatorPB.processRequest(OzoneManagerProtocolServerSideTranslatorPB.java:175) ~[ozone-manager-1.4.0-SNAPSHOT.jar:?]
	at org.apache.hadoop.hdds.server.OzoneProtocolMessageDispatcher.processRequest(OzoneProtocolMessageDispatcher.java:87) [hdds-server-framework-1.4.0-SNAPSHOT.jar:?]
	at org.apache.hadoop.ozone.protocolPB.OzoneManagerProtocolServerSideTranslatorPB.submitRequest(OzoneManagerProtocolServerSideTranslatorPB.java:148) [ozone-manager-1.4.0-SNAPSHOT.jar:?]
	at org.apache.hadoop.ozone.protocol.proto.OzoneManagerProtocolProtos$OzoneManagerService$2.callBlockingMethod(OzoneManagerProtocolProtos.java) [ozone-interface-client-1.4.0-SNAPSHOT.jar:?]
	at org.apache.hadoop.ipc.ProtobufRpcEngine$Server.processCall(ProtobufRpcEngine.java:484) [hadoop-common-3.3.6.jar:?]
	at org.apache.hadoop.ipc.ProtobufRpcEngine2$Server$ProtoBufRpcInvoker.call(ProtobufRpcEngine2.java:595) [hadoop-common-3.3.6.jar:?]
	at org.apache.hadoop.ipc.ProtobufRpcEngine2$Server$ProtoBufRpcInvoker.call(ProtobufRpcEngine2.java:573) [hadoop-common-3.3.6.jar:?]
	at org.apache.hadoop.ipc.RPC$Server.call(RPC.java:1227) [hadoop-common-3.3.6.jar:?]
	at org.apache.hadoop.ipc.Server$RpcCall.run(Server.java:1094) [hadoop-common-3.3.6.jar:?]
	at org.apache.hadoop.ipc.Server$RpcCall.run(Server.java:1017) [hadoop-common-3.3.6.jar:?]
	at java.security.AccessController.doPrivileged(Native Method) ~[?:1.8.0_382]
	at javax.security.auth.Subject.doAs(Subject.java:422) [?:1.8.0_382]
	at org.apache.hadoop.security.UserGroupInformation.doAs(UserGroupInformation.java:1899) [hadoop-common-3.3.6.jar:?]
	at org.apache.hadoop.ipc.Server$Handler.run(Server.java:3048) [hadoop-common-3.3.6.jar:?]
]]></system-out>
  </testcase>
  <testcase name="testCreateDoesNotAddParentDirKeys" classname="TestOzoneFileSystem" time="0.046">
    <system-out><![CDATA[17:29:53.510 [IPC Server handler 1 on default port 15004] ERROR OMAudit - user=runner | ip=127.0.0.1 | op=READ_KEY {volume=volume27687, bucket=bucket94524, key=testCreateDoesNotAddParentDirKeys/parent/, dataSize=0, replicationConfig=null} | ret=FAILURE
org.apache.hadoop.ozone.om.exceptions.OMException: Key:testCreateDoesNotAddParentDirKeys/parent not found
	at org.apache.hadoop.ozone.om.KeyManagerImpl.readKeyInfo(KeyManagerImpl.java:453) ~[ozone-manager-1.4.0-SNAPSHOT.jar:?]
	at org.apache.hadoop.ozone.om.KeyManagerImpl.lambda$9(KeyManagerImpl.java:1981) ~[ozone-manager-1.4.0-SNAPSHOT.jar:?]
	at org.apache.hadoop.util.MetricUtil.captureLatencyNs(MetricUtil.java:39) ~[hdds-common-1.4.0-SNAPSHOT.jar:?]
	at org.apache.hadoop.ozone.om.KeyManagerImpl.getKeyInfo(KeyManagerImpl.java:1979) ~[ozone-manager-1.4.0-SNAPSHOT.jar:?]
	at org.apache.hadoop.ozone.om.OmMetadataReader.getKeyInfo(OmMetadataReader.java:189) ~[ozone-manager-1.4.0-SNAPSHOT.jar:?]
	at org.apache.hadoop.ozone.om.OzoneManager.getKeyInfo(OzoneManager.java:2866) ~[ozone-manager-1.4.0-SNAPSHOT.jar:?]
	at org.apache.hadoop.ozone.protocolPB.OzoneManagerRequestHandler.getKeyInfo(OzoneManagerRequestHandler.java:594) ~[ozone-manager-1.4.0-SNAPSHOT.jar:?]
	at org.apache.hadoop.ozone.protocolPB.OzoneManagerRequestHandler.handleReadRequest(OzoneManagerRequestHandler.java:313) ~[ozone-manager-1.4.0-SNAPSHOT.jar:?]
	at org.apache.hadoop.ozone.protocolPB.OzoneManagerProtocolServerSideTranslatorPB.submitReadRequestToOM(OzoneManagerProtocolServerSideTranslatorPB.java:225) ~[ozone-manager-1.4.0-SNAPSHOT.jar:?]
	at org.apache.hadoop.ozone.protocolPB.OzoneManagerProtocolServerSideTranslatorPB.processRequest(OzoneManagerProtocolServerSideTranslatorPB.java:179) ~[ozone-manager-1.4.0-SNAPSHOT.jar:?]
	at org.apache.hadoop.hdds.server.OzoneProtocolMessageDispatcher.processRequest(OzoneProtocolMessageDispatcher.java:87) [hdds-server-framework-1.4.0-SNAPSHOT.jar:?]
	at org.apache.hadoop.ozone.protocolPB.OzoneManagerProtocolServerSideTranslatorPB.submitRequest(OzoneManagerProtocolServerSideTranslatorPB.java:148) [ozone-manager-1.4.0-SNAPSHOT.jar:?]
	at org.apache.hadoop.ozone.protocol.proto.OzoneManagerProtocolProtos$OzoneManagerService$2.callBlockingMethod(OzoneManagerProtocolProtos.java) [ozone-interface-client-1.4.0-SNAPSHOT.jar:?]
	at org.apache.hadoop.ipc.ProtobufRpcEngine$Server.processCall(ProtobufRpcEngine.java:484) [hadoop-common-3.3.6.jar:?]
	at org.apache.hadoop.ipc.ProtobufRpcEngine2$Server$ProtoBufRpcInvoker.call(ProtobufRpcEngine2.java:595) [hadoop-common-3.3.6.jar:?]
	at org.apache.hadoop.ipc.ProtobufRpcEngine2$Server$ProtoBufRpcInvoker.call(ProtobufRpcEngine2.java:573) [hadoop-common-3.3.6.jar:?]
	at org.apache.hadoop.ipc.RPC$Server.call(RPC.java:1227) [hadoop-common-3.3.6.jar:?]
	at org.apache.hadoop.ipc.Server$RpcCall.run(Server.java:1094) [hadoop-common-3.3.6.jar:?]
	at org.apache.hadoop.ipc.Server$RpcCall.run(Server.java:1017) [hadoop-common-3.3.6.jar:?]
	at java.security.AccessController.doPrivileged(Native Method) ~[?:1.8.0_382]
	at javax.security.auth.Subject.doAs(Subject.java:422) [?:1.8.0_382]
	at org.apache.hadoop.security.UserGroupInformation.doAs(UserGroupInformation.java:1899) [hadoop-common-3.3.6.jar:?]
	at org.apache.hadoop.ipc.Server$Handler.run(Server.java:3048) [hadoop-common-3.3.6.jar:?]
]]></system-out>
  </testcase>
  <testcase name="testCreateDoesNotAddParentDirKeys" classname="TestOzoneFileSystem" time="0.102">
    <system-out><![CDATA[17:31:24.457 [IPC Server handler 16 on default port 15057] ERROR OMAudit - user=runner | ip=127.0.0.1 | op=READ_KEY {volume=volume39856, bucket=bucket94778, key=testCreateDoesNotAddParentDirKeys/parent/, dataSize=0, replicationConfig=null} | ret=FAILURE
org.apache.hadoop.ozone.om.exceptions.OMException: Key:testCreateDoesNotAddParentDirKeys/parent not found
	at org.apache.hadoop.ozone.om.KeyManagerImpl.readKeyInfo(KeyManagerImpl.java:453) ~[ozone-manager-1.4.0-SNAPSHOT.jar:?]
	at org.apache.hadoop.ozone.om.KeyManagerImpl.lambda$9(KeyManagerImpl.java:1981) ~[ozone-manager-1.4.0-SNAPSHOT.jar:?]
	at org.apache.hadoop.util.MetricUtil.captureLatencyNs(MetricUtil.java:39) ~[hdds-common-1.4.0-SNAPSHOT.jar:?]
	at org.apache.hadoop.ozone.om.KeyManagerImpl.getKeyInfo(KeyManagerImpl.java:1979) ~[ozone-manager-1.4.0-SNAPSHOT.jar:?]
	at org.apache.hadoop.ozone.om.OmMetadataReader.getKeyInfo(OmMetadataReader.java:189) ~[ozone-manager-1.4.0-SNAPSHOT.jar:?]
	at org.apache.hadoop.ozone.om.OzoneManager.getKeyInfo(OzoneManager.java:2866) ~[ozone-manager-1.4.0-SNAPSHOT.jar:?]
	at org.apache.hadoop.ozone.protocolPB.OzoneManagerRequestHandler.getKeyInfo(OzoneManagerRequestHandler.java:594) ~[ozone-manager-1.4.0-SNAPSHOT.jar:?]
	at org.apache.hadoop.ozone.protocolPB.OzoneManagerRequestHandler.handleReadRequest(OzoneManagerRequestHandler.java:313) ~[ozone-manager-1.4.0-SNAPSHOT.jar:?]
	at org.apache.hadoop.ozone.protocolPB.OzoneManagerProtocolServerSideTranslatorPB.submitRequestDirectlyToOM(OzoneManagerProtocolServerSideTranslatorPB.java:274) ~[ozone-manager-1.4.0-SNAPSHOT.jar:?]
	at org.apache.hadoop.ozone.protocolPB.OzoneManagerProtocolServerSideTranslatorPB.processRequest(OzoneManagerProtocolServerSideTranslatorPB.java:175) ~[ozone-manager-1.4.0-SNAPSHOT.jar:?]
	at org.apache.hadoop.hdds.server.OzoneProtocolMessageDispatcher.processRequest(OzoneProtocolMessageDispatcher.java:87) [hdds-server-framework-1.4.0-SNAPSHOT.jar:?]
	at org.apache.hadoop.ozone.protocolPB.OzoneManagerProtocolServerSideTranslatorPB.submitRequest(OzoneManagerProtocolServerSideTranslatorPB.java:148) [ozone-manager-1.4.0-SNAPSHOT.jar:?]
	at org.apache.hadoop.ozone.protocol.proto.OzoneManagerProtocolProtos$OzoneManagerService$2.callBlockingMethod(OzoneManagerProtocolProtos.java) [ozone-interface-client-1.4.0-SNAPSHOT.jar:?]
	at org.apache.hadoop.ipc.ProtobufRpcEngine$Server.processCall(ProtobufRpcEngine.java:484) [hadoop-common-3.3.6.jar:?]
	at org.apache.hadoop.ipc.ProtobufRpcEngine2$Server$ProtoBufRpcInvoker.call(ProtobufRpcEngine2.java:595) [hadoop-common-3.3.6.jar:?]
	at org.apache.hadoop.ipc.ProtobufRpcEngine2$Server$ProtoBufRpcInvoker.call(ProtobufRpcEngine2.java:573) [hadoop-common-3.3.6.jar:?]
	at org.apache.hadoop.ipc.RPC$Server.call(RPC.java:1227) [hadoop-common-3.3.6.jar:?]
	at org.apache.hadoop.ipc.Server$RpcCall.run(Server.java:1094) [hadoop-common-3.3.6.jar:?]
	at org.apache.hadoop.ipc.Server$RpcCall.run(Server.java:1017) [hadoop-common-3.3.6.jar:?]
	at java.security.AccessController.doPrivileged(Native Method) ~[?:1.8.0_382]
	at javax.security.auth.Subject.doAs(Subject.java:422) [?:1.8.0_382]
	at org.apache.hadoop.security.UserGroupInformation.doAs(UserGroupInformation.java:1899) [hadoop-common-3.3.6.jar:?]
	at org.apache.hadoop.ipc.Server$Handler.run(Server.java:3048) [hadoop-common-3.3.6.jar:?]
]]></system-out>
  </testcase>
  <testcase name="testCreateDoesNotAddParentDirKeys" classname="TestOzoneFileSystem" time="0.022"/>
  <testcase name="testCreateDoesNotAddParentDirKeys" classname="TestOzoneFileSystem" time="0.024"/>
  <testcase name="testDeleteRootWithTrash" classname="TestOzoneFileSystem" time="0.017"/>
  <testcase name="testDeleteRootWithTrash" classname="TestOzoneFileSystem" time="0.004"/>
  <testcase name="testDeleteRootWithTrash" classname="TestOzoneFileSystem" time="0.003"/>
  <testcase name="testDeleteRootWithTrash" classname="TestOzoneFileSystem" time="0.005"/>
  <testcase name="testDeleteCreatesFakeParentDir" classname="TestOzoneFileSystem" time="0.043">
    <system-out><![CDATA[17:29:53.567 [IPC Server handler 18 on default port 15004] ERROR OMAudit - user=runner | ip=127.0.0.1 | op=READ_KEY {volume=volume27687, bucket=bucket94524, key=testDeleteCreatesFakeParentDir/parent/, dataSize=0, replicationConfig=null} | ret=FAILURE
org.apache.hadoop.ozone.om.exceptions.OMException: Key:testDeleteCreatesFakeParentDir/parent not found
	at org.apache.hadoop.ozone.om.KeyManagerImpl.readKeyInfo(KeyManagerImpl.java:453) ~[ozone-manager-1.4.0-SNAPSHOT.jar:?]
	at org.apache.hadoop.ozone.om.KeyManagerImpl.lambda$9(KeyManagerImpl.java:1981) ~[ozone-manager-1.4.0-SNAPSHOT.jar:?]
	at org.apache.hadoop.util.MetricUtil.captureLatencyNs(MetricUtil.java:39) ~[hdds-common-1.4.0-SNAPSHOT.jar:?]
	at org.apache.hadoop.ozone.om.KeyManagerImpl.getKeyInfo(KeyManagerImpl.java:1979) ~[ozone-manager-1.4.0-SNAPSHOT.jar:?]
	at org.apache.hadoop.ozone.om.OmMetadataReader.getKeyInfo(OmMetadataReader.java:189) ~[ozone-manager-1.4.0-SNAPSHOT.jar:?]
	at org.apache.hadoop.ozone.om.OzoneManager.getKeyInfo(OzoneManager.java:2866) ~[ozone-manager-1.4.0-SNAPSHOT.jar:?]
	at org.apache.hadoop.ozone.protocolPB.OzoneManagerRequestHandler.getKeyInfo(OzoneManagerRequestHandler.java:594) ~[ozone-manager-1.4.0-SNAPSHOT.jar:?]
	at org.apache.hadoop.ozone.protocolPB.OzoneManagerRequestHandler.handleReadRequest(OzoneManagerRequestHandler.java:313) ~[ozone-manager-1.4.0-SNAPSHOT.jar:?]
	at org.apache.hadoop.ozone.protocolPB.OzoneManagerProtocolServerSideTranslatorPB.submitReadRequestToOM(OzoneManagerProtocolServerSideTranslatorPB.java:225) ~[ozone-manager-1.4.0-SNAPSHOT.jar:?]
	at org.apache.hadoop.ozone.protocolPB.OzoneManagerProtocolServerSideTranslatorPB.processRequest(OzoneManagerProtocolServerSideTranslatorPB.java:179) ~[ozone-manager-1.4.0-SNAPSHOT.jar:?]
	at org.apache.hadoop.hdds.server.OzoneProtocolMessageDispatcher.processRequest(OzoneProtocolMessageDispatcher.java:87) [hdds-server-framework-1.4.0-SNAPSHOT.jar:?]
	at org.apache.hadoop.ozone.protocolPB.OzoneManagerProtocolServerSideTranslatorPB.submitRequest(OzoneManagerProtocolServerSideTranslatorPB.java:148) [ozone-manager-1.4.0-SNAPSHOT.jar:?]
	at org.apache.hadoop.ozone.protocol.proto.OzoneManagerProtocolProtos$OzoneManagerService$2.callBlockingMethod(OzoneManagerProtocolProtos.java) [ozone-interface-client-1.4.0-SNAPSHOT.jar:?]
	at org.apache.hadoop.ipc.ProtobufRpcEngine$Server.processCall(ProtobufRpcEngine.java:484) [hadoop-common-3.3.6.jar:?]
	at org.apache.hadoop.ipc.ProtobufRpcEngine2$Server$ProtoBufRpcInvoker.call(ProtobufRpcEngine2.java:595) [hadoop-common-3.3.6.jar:?]
	at org.apache.hadoop.ipc.ProtobufRpcEngine2$Server$ProtoBufRpcInvoker.call(ProtobufRpcEngine2.java:573) [hadoop-common-3.3.6.jar:?]
	at org.apache.hadoop.ipc.RPC$Server.call(RPC.java:1227) [hadoop-common-3.3.6.jar:?]
	at org.apache.hadoop.ipc.Server$RpcCall.run(Server.java:1094) [hadoop-common-3.3.6.jar:?]
	at org.apache.hadoop.ipc.Server$RpcCall.run(Server.java:1017) [hadoop-common-3.3.6.jar:?]
	at java.security.AccessController.doPrivileged(Native Method) ~[?:1.8.0_382]
	at javax.security.auth.Subject.doAs(Subject.java:422) [?:1.8.0_382]
	at org.apache.hadoop.security.UserGroupInformation.doAs(UserGroupInformation.java:1899) [hadoop-common-3.3.6.jar:?]
	at org.apache.hadoop.ipc.Server$Handler.run(Server.java:3048) [hadoop-common-3.3.6.jar:?]
]]></system-out>
  </testcase>
  <testcase name="testDeleteCreatesFakeParentDir" classname="TestOzoneFileSystem" time="0.017">
    <system-out><![CDATA[17:31:24.552 [IPC Server handler 11 on default port 15057] ERROR OMAudit - user=runner | ip=127.0.0.1 | op=READ_KEY {volume=volume39856, bucket=bucket94778, key=testDeleteCreatesFakeParentDir/parent/, dataSize=0, replicationConfig=null} | ret=FAILURE
org.apache.hadoop.ozone.om.exceptions.OMException: Key:testDeleteCreatesFakeParentDir/parent not found
	at org.apache.hadoop.ozone.om.KeyManagerImpl.readKeyInfo(KeyManagerImpl.java:453) ~[ozone-manager-1.4.0-SNAPSHOT.jar:?]
	at org.apache.hadoop.ozone.om.KeyManagerImpl.lambda$9(KeyManagerImpl.java:1981) ~[ozone-manager-1.4.0-SNAPSHOT.jar:?]
	at org.apache.hadoop.util.MetricUtil.captureLatencyNs(MetricUtil.java:39) ~[hdds-common-1.4.0-SNAPSHOT.jar:?]
	at org.apache.hadoop.ozone.om.KeyManagerImpl.getKeyInfo(KeyManagerImpl.java:1979) ~[ozone-manager-1.4.0-SNAPSHOT.jar:?]
	at org.apache.hadoop.ozone.om.OmMetadataReader.getKeyInfo(OmMetadataReader.java:189) ~[ozone-manager-1.4.0-SNAPSHOT.jar:?]
	at org.apache.hadoop.ozone.om.OzoneManager.getKeyInfo(OzoneManager.java:2866) ~[ozone-manager-1.4.0-SNAPSHOT.jar:?]
	at org.apache.hadoop.ozone.protocolPB.OzoneManagerRequestHandler.getKeyInfo(OzoneManagerRequestHandler.java:594) ~[ozone-manager-1.4.0-SNAPSHOT.jar:?]
	at org.apache.hadoop.ozone.protocolPB.OzoneManagerRequestHandler.handleReadRequest(OzoneManagerRequestHandler.java:313) ~[ozone-manager-1.4.0-SNAPSHOT.jar:?]
	at org.apache.hadoop.ozone.protocolPB.OzoneManagerProtocolServerSideTranslatorPB.submitRequestDirectlyToOM(OzoneManagerProtocolServerSideTranslatorPB.java:274) ~[ozone-manager-1.4.0-SNAPSHOT.jar:?]
	at org.apache.hadoop.ozone.protocolPB.OzoneManagerProtocolServerSideTranslatorPB.processRequest(OzoneManagerProtocolServerSideTranslatorPB.java:175) ~[ozone-manager-1.4.0-SNAPSHOT.jar:?]
	at org.apache.hadoop.hdds.server.OzoneProtocolMessageDispatcher.processRequest(OzoneProtocolMessageDispatcher.java:87) [hdds-server-framework-1.4.0-SNAPSHOT.jar:?]
	at org.apache.hadoop.ozone.protocolPB.OzoneManagerProtocolServerSideTranslatorPB.submitRequest(OzoneManagerProtocolServerSideTranslatorPB.java:148) [ozone-manager-1.4.0-SNAPSHOT.jar:?]
	at org.apache.hadoop.ozone.protocol.proto.OzoneManagerProtocolProtos$OzoneManagerService$2.callBlockingMethod(OzoneManagerProtocolProtos.java) [ozone-interface-client-1.4.0-SNAPSHOT.jar:?]
	at org.apache.hadoop.ipc.ProtobufRpcEngine$Server.processCall(ProtobufRpcEngine.java:484) [hadoop-common-3.3.6.jar:?]
	at org.apache.hadoop.ipc.ProtobufRpcEngine2$Server$ProtoBufRpcInvoker.call(ProtobufRpcEngine2.java:595) [hadoop-common-3.3.6.jar:?]
	at org.apache.hadoop.ipc.ProtobufRpcEngine2$Server$ProtoBufRpcInvoker.call(ProtobufRpcEngine2.java:573) [hadoop-common-3.3.6.jar:?]
	at org.apache.hadoop.ipc.RPC$Server.call(RPC.java:1227) [hadoop-common-3.3.6.jar:?]
	at org.apache.hadoop.ipc.Server$RpcCall.run(Server.java:1094) [hadoop-common-3.3.6.jar:?]
	at org.apache.hadoop.ipc.Server$RpcCall.run(Server.java:1017) [hadoop-common-3.3.6.jar:?]
	at java.security.AccessController.doPrivileged(Native Method) ~[?:1.8.0_382]
	at javax.security.auth.Subject.doAs(Subject.java:422) [?:1.8.0_382]
	at org.apache.hadoop.security.UserGroupInformation.doAs(UserGroupInformation.java:1899) [hadoop-common-3.3.6.jar:?]
	at org.apache.hadoop.ipc.Server$Handler.run(Server.java:3048) [hadoop-common-3.3.6.jar:?]
]]></system-out>
  </testcase>
  <testcase name="testDeleteCreatesFakeParentDir" classname="TestOzoneFileSystem" time="0.017"/>
  <testcase name="testDeleteCreatesFakeParentDir" classname="TestOzoneFileSystem" time="0.019"/>
  <testcase name="testListStatusOnKeyNameContainDelimiter" classname="TestOzoneFileSystem" time="0.044"/>
  <testcase name="testListStatusOnKeyNameContainDelimiter" classname="TestOzoneFileSystem" time="0.022"/>
  <testcase name="testListStatusOnKeyNameContainDelimiter" classname="TestOzoneFileSystem" time="0.024">
    <failure type="java.lang.AssertionError"><![CDATA[java.lang.AssertionError: expected:<1> but was:<0>
	at org.junit.Assert.fail(Assert.java:89)
	at org.junit.Assert.failNotEquals(Assert.java:835)
	at org.junit.Assert.assertEquals(Assert.java:647)
	at org.junit.Assert.assertEquals(Assert.java:633)
	at org.apache.hadoop.fs.ozone.TestOzoneFileSystem.testListStatusOnKeyNameContainDelimiter(TestOzoneFileSystem.java:777)
	at sun.reflect.NativeMethodAccessorImpl.invoke0(Native Method)
	at sun.reflect.NativeMethodAccessorImpl.invoke(NativeMethodAccessorImpl.java:62)
	at sun.reflect.DelegatingMethodAccessorImpl.invoke(DelegatingMethodAccessorImpl.java:43)
	at java.lang.reflect.Method.invoke(Method.java:498)
	at org.junit.runners.model.FrameworkMethod$1.runReflectiveCall(FrameworkMethod.java:59)
	at org.junit.internal.runners.model.ReflectiveCallable.run(ReflectiveCallable.java:12)
	at org.junit.runners.model.FrameworkMethod.invokeExplosively(FrameworkMethod.java:56)
	at org.junit.internal.runners.statements.InvokeMethod.evaluate(InvokeMethod.java:17)
	at org.junit.internal.runners.statements.RunAfters.evaluate(RunAfters.java:27)
	at org.junit.internal.runners.statements.FailOnTimeout$CallableStatement.call(FailOnTimeout.java:288)
	at org.junit.internal.runners.statements.FailOnTimeout$CallableStatement.call(FailOnTimeout.java:282)
	at java.util.concurrent.FutureTask.run(FutureTask.java:266)
	at java.lang.Thread.run(Thread.java:750)
]]></failure>
  </testcase>
  <testcase name="testListStatusOnKeyNameContainDelimiter" classname="TestOzoneFileSystem" time="0.017"/>
  <testcase name="testNonExplicitlyCreatedPathExistsAfterItsLeafsWereRemoved" classname="TestOzoneFileSystem" time="0.061">
    <system-out><![CDATA[17:29:53.652 [IPC Server handler 7 on default port 15004] ERROR OMAudit - user=runner | ip=127.0.0.1 | op=GET_FILE_STATUS {volume=volume27687, bucket=bucket94524, key=target/leaf, dataSize=0, replicationConfig=null} | ret=FAILURE
org.apache.hadoop.ozone.om.exceptions.OMException: Unable to get file status: volume: volume27687 bucket: bucket94524 key: target/leaf
	at org.apache.hadoop.ozone.om.KeyManagerImpl.getOzoneFileStatus(KeyManagerImpl.java:1227) ~[ozone-manager-1.4.0-SNAPSHOT.jar:?]
	at org.apache.hadoop.ozone.om.KeyManagerImpl.getFileStatus(KeyManagerImpl.java:1145) ~[ozone-manager-1.4.0-SNAPSHOT.jar:?]
	at org.apache.hadoop.ozone.om.OmMetadataReader.getFileStatus(OmMetadataReader.java:266) ~[ozone-manager-1.4.0-SNAPSHOT.jar:?]
	at org.apache.hadoop.ozone.om.OzoneManager.getFileStatus(OzoneManager.java:3585) ~[ozone-manager-1.4.0-SNAPSHOT.jar:?]
	at org.apache.hadoop.ozone.protocolPB.OzoneManagerRequestHandler.getOzoneFileStatus(OzoneManagerRequestHandler.java:998) ~[ozone-manager-1.4.0-SNAPSHOT.jar:?]
	at org.apache.hadoop.ozone.protocolPB.OzoneManagerRequestHandler.handleReadRequest(OzoneManagerRequestHandler.java:259) ~[ozone-manager-1.4.0-SNAPSHOT.jar:?]
	at org.apache.hadoop.ozone.protocolPB.OzoneManagerProtocolServerSideTranslatorPB.submitReadRequestToOM(OzoneManagerProtocolServerSideTranslatorPB.java:225) ~[ozone-manager-1.4.0-SNAPSHOT.jar:?]
	at org.apache.hadoop.ozone.protocolPB.OzoneManagerProtocolServerSideTranslatorPB.processRequest(OzoneManagerProtocolServerSideTranslatorPB.java:179) ~[ozone-manager-1.4.0-SNAPSHOT.jar:?]
	at org.apache.hadoop.hdds.server.OzoneProtocolMessageDispatcher.processRequest(OzoneProtocolMessageDispatcher.java:87) [hdds-server-framework-1.4.0-SNAPSHOT.jar:?]
	at org.apache.hadoop.ozone.protocolPB.OzoneManagerProtocolServerSideTranslatorPB.submitRequest(OzoneManagerProtocolServerSideTranslatorPB.java:148) [ozone-manager-1.4.0-SNAPSHOT.jar:?]
	at org.apache.hadoop.ozone.protocol.proto.OzoneManagerProtocolProtos$OzoneManagerService$2.callBlockingMethod(OzoneManagerProtocolProtos.java) [ozone-interface-client-1.4.0-SNAPSHOT.jar:?]
	at org.apache.hadoop.ipc.ProtobufRpcEngine$Server.processCall(ProtobufRpcEngine.java:484) [hadoop-common-3.3.6.jar:?]
	at org.apache.hadoop.ipc.ProtobufRpcEngine2$Server$ProtoBufRpcInvoker.call(ProtobufRpcEngine2.java:595) [hadoop-common-3.3.6.jar:?]
	at org.apache.hadoop.ipc.ProtobufRpcEngine2$Server$ProtoBufRpcInvoker.call(ProtobufRpcEngine2.java:573) [hadoop-common-3.3.6.jar:?]
	at org.apache.hadoop.ipc.RPC$Server.call(RPC.java:1227) [hadoop-common-3.3.6.jar:?]
	at org.apache.hadoop.ipc.Server$RpcCall.run(Server.java:1094) [hadoop-common-3.3.6.jar:?]
	at org.apache.hadoop.ipc.Server$RpcCall.run(Server.java:1017) [hadoop-common-3.3.6.jar:?]
	at java.security.AccessController.doPrivileged(Native Method) ~[?:1.8.0_382]
	at javax.security.auth.Subject.doAs(Subject.java:422) [?:1.8.0_382]
	at org.apache.hadoop.security.UserGroupInformation.doAs(UserGroupInformation.java:1899) [hadoop-common-3.3.6.jar:?]
	at org.apache.hadoop.ipc.Server$Handler.run(Server.java:3048) [hadoop-common-3.3.6.jar:?]
]]></system-out>
  </testcase>
  <testcase name="testNonExplicitlyCreatedPathExistsAfterItsLeafsWereRemoved" classname="TestOzoneFileSystem" time="0.025">
    <system-out><![CDATA[17:31:24.593 [IPC Server handler 13 on default port 15057] ERROR OMAudit - user=runner | ip=127.0.0.1 | op=GET_FILE_STATUS {volume=volume39856, bucket=bucket94778, key=target/leaf, dataSize=0, replicationConfig=null} | ret=FAILURE
org.apache.hadoop.ozone.om.exceptions.OMException: Unable to get file status: volume: volume39856 bucket: bucket94778 key: target/leaf
	at org.apache.hadoop.ozone.om.KeyManagerImpl.getOzoneFileStatus(KeyManagerImpl.java:1227) ~[ozone-manager-1.4.0-SNAPSHOT.jar:?]
	at org.apache.hadoop.ozone.om.KeyManagerImpl.getFileStatus(KeyManagerImpl.java:1145) ~[ozone-manager-1.4.0-SNAPSHOT.jar:?]
	at org.apache.hadoop.ozone.om.OmMetadataReader.getFileStatus(OmMetadataReader.java:266) ~[ozone-manager-1.4.0-SNAPSHOT.jar:?]
	at org.apache.hadoop.ozone.om.OzoneManager.getFileStatus(OzoneManager.java:3585) ~[ozone-manager-1.4.0-SNAPSHOT.jar:?]
	at org.apache.hadoop.ozone.protocolPB.OzoneManagerRequestHandler.getOzoneFileStatus(OzoneManagerRequestHandler.java:998) ~[ozone-manager-1.4.0-SNAPSHOT.jar:?]
	at org.apache.hadoop.ozone.protocolPB.OzoneManagerRequestHandler.handleReadRequest(OzoneManagerRequestHandler.java:259) ~[ozone-manager-1.4.0-SNAPSHOT.jar:?]
	at org.apache.hadoop.ozone.protocolPB.OzoneManagerProtocolServerSideTranslatorPB.submitRequestDirectlyToOM(OzoneManagerProtocolServerSideTranslatorPB.java:274) ~[ozone-manager-1.4.0-SNAPSHOT.jar:?]
	at org.apache.hadoop.ozone.protocolPB.OzoneManagerProtocolServerSideTranslatorPB.processRequest(OzoneManagerProtocolServerSideTranslatorPB.java:175) ~[ozone-manager-1.4.0-SNAPSHOT.jar:?]
	at org.apache.hadoop.hdds.server.OzoneProtocolMessageDispatcher.processRequest(OzoneProtocolMessageDispatcher.java:87) [hdds-server-framework-1.4.0-SNAPSHOT.jar:?]
	at org.apache.hadoop.ozone.protocolPB.OzoneManagerProtocolServerSideTranslatorPB.submitRequest(OzoneManagerProtocolServerSideTranslatorPB.java:148) [ozone-manager-1.4.0-SNAPSHOT.jar:?]
	at org.apache.hadoop.ozone.protocol.proto.OzoneManagerProtocolProtos$OzoneManagerService$2.callBlockingMethod(OzoneManagerProtocolProtos.java) [ozone-interface-client-1.4.0-SNAPSHOT.jar:?]
	at org.apache.hadoop.ipc.ProtobufRpcEngine$Server.processCall(ProtobufRpcEngine.java:484) [hadoop-common-3.3.6.jar:?]
	at org.apache.hadoop.ipc.ProtobufRpcEngine2$Server$ProtoBufRpcInvoker.call(ProtobufRpcEngine2.java:595) [hadoop-common-3.3.6.jar:?]
	at org.apache.hadoop.ipc.ProtobufRpcEngine2$Server$ProtoBufRpcInvoker.call(ProtobufRpcEngine2.java:573) [hadoop-common-3.3.6.jar:?]
	at org.apache.hadoop.ipc.RPC$Server.call(RPC.java:1227) [hadoop-common-3.3.6.jar:?]
	at org.apache.hadoop.ipc.Server$RpcCall.run(Server.java:1094) [hadoop-common-3.3.6.jar:?]
	at org.apache.hadoop.ipc.Server$RpcCall.run(Server.java:1017) [hadoop-common-3.3.6.jar:?]
	at java.security.AccessController.doPrivileged(Native Method) ~[?:1.8.0_382]
	at javax.security.auth.Subject.doAs(Subject.java:422) [?:1.8.0_382]
	at org.apache.hadoop.security.UserGroupInformation.doAs(UserGroupInformation.java:1899) [hadoop-common-3.3.6.jar:?]
	at org.apache.hadoop.ipc.Server$Handler.run(Server.java:3048) [hadoop-common-3.3.6.jar:?]
]]></system-out>
  </testcase>
  <testcase name="testNonExplicitlyCreatedPathExistsAfterItsLeafsWereRemoved" classname="TestOzoneFileSystem" time="0.026">
    <system-out><![CDATA[17:32:35.058 [IPC Server handler 2 on default port 15110] ERROR OMAudit - user=runner | ip=127.0.0.1 | op=GET_FILE_STATUS {volume=volume98659, bucket=bucket57585, key=target/leaf, dataSize=0, replicationConfig=null} | ret=FAILURE
org.apache.hadoop.ozone.om.exceptions.OMException: Unable to get file status: volume: volume98659 bucket: bucket57585 key: target/leaf
	at org.apache.hadoop.ozone.om.KeyManagerImpl.getOzoneFileStatus(KeyManagerImpl.java:1227) ~[ozone-manager-1.4.0-SNAPSHOT.jar:?]
	at org.apache.hadoop.ozone.om.KeyManagerImpl.getFileStatus(KeyManagerImpl.java:1145) ~[ozone-manager-1.4.0-SNAPSHOT.jar:?]
	at org.apache.hadoop.ozone.om.OmMetadataReader.getFileStatus(OmMetadataReader.java:266) ~[ozone-manager-1.4.0-SNAPSHOT.jar:?]
	at org.apache.hadoop.ozone.om.OzoneManager.getFileStatus(OzoneManager.java:3585) ~[ozone-manager-1.4.0-SNAPSHOT.jar:?]
	at org.apache.hadoop.ozone.protocolPB.OzoneManagerRequestHandler.getOzoneFileStatus(OzoneManagerRequestHandler.java:998) ~[ozone-manager-1.4.0-SNAPSHOT.jar:?]
	at org.apache.hadoop.ozone.protocolPB.OzoneManagerRequestHandler.handleReadRequest(OzoneManagerRequestHandler.java:259) ~[ozone-manager-1.4.0-SNAPSHOT.jar:?]
	at org.apache.hadoop.ozone.protocolPB.OzoneManagerProtocolServerSideTranslatorPB.submitReadRequestToOM(OzoneManagerProtocolServerSideTranslatorPB.java:225) ~[ozone-manager-1.4.0-SNAPSHOT.jar:?]
	at org.apache.hadoop.ozone.protocolPB.OzoneManagerProtocolServerSideTranslatorPB.processRequest(OzoneManagerProtocolServerSideTranslatorPB.java:179) ~[ozone-manager-1.4.0-SNAPSHOT.jar:?]
	at org.apache.hadoop.hdds.server.OzoneProtocolMessageDispatcher.processRequest(OzoneProtocolMessageDispatcher.java:87) [hdds-server-framework-1.4.0-SNAPSHOT.jar:?]
	at org.apache.hadoop.ozone.protocolPB.OzoneManagerProtocolServerSideTranslatorPB.submitRequest(OzoneManagerProtocolServerSideTranslatorPB.java:148) [ozone-manager-1.4.0-SNAPSHOT.jar:?]
	at org.apache.hadoop.ozone.protocol.proto.OzoneManagerProtocolProtos$OzoneManagerService$2.callBlockingMethod(OzoneManagerProtocolProtos.java) [ozone-interface-client-1.4.0-SNAPSHOT.jar:?]
	at org.apache.hadoop.ipc.ProtobufRpcEngine$Server.processCall(ProtobufRpcEngine.java:484) [hadoop-common-3.3.6.jar:?]
	at org.apache.hadoop.ipc.ProtobufRpcEngine2$Server$ProtoBufRpcInvoker.call(ProtobufRpcEngine2.java:595) [hadoop-common-3.3.6.jar:?]
	at org.apache.hadoop.ipc.ProtobufRpcEngine2$Server$ProtoBufRpcInvoker.call(ProtobufRpcEngine2.java:573) [hadoop-common-3.3.6.jar:?]
	at org.apache.hadoop.ipc.RPC$Server.call(RPC.java:1227) [hadoop-common-3.3.6.jar:?]
	at org.apache.hadoop.ipc.Server$RpcCall.run(Server.java:1094) [hadoop-common-3.3.6.jar:?]
	at org.apache.hadoop.ipc.Server$RpcCall.run(Server.java:1017) [hadoop-common-3.3.6.jar:?]
	at java.security.AccessController.doPrivileged(Native Method) ~[?:1.8.0_382]
	at javax.security.auth.Subject.doAs(Subject.java:422) [?:1.8.0_382]
	at org.apache.hadoop.security.UserGroupInformation.doAs(UserGroupInformation.java:1899) [hadoop-common-3.3.6.jar:?]
	at org.apache.hadoop.ipc.Server$Handler.run(Server.java:3048) [hadoop-common-3.3.6.jar:?]
]]></system-out>
  </testcase>
  <testcase name="testNonExplicitlyCreatedPathExistsAfterItsLeafsWereRemoved" classname="TestOzoneFileSystem" time="0.019">
    <system-out><![CDATA[17:33:52.918 [IPC Server handler 14 on default port 15163] ERROR OMAudit - user=runner | ip=127.0.0.1 | op=GET_FILE_STATUS {volume=volume37245, bucket=bucket80016, key=target/leaf, dataSize=0, replicationConfig=null} | ret=FAILURE
org.apache.hadoop.ozone.om.exceptions.OMException: Unable to get file status: volume: volume37245 bucket: bucket80016 key: target/leaf
	at org.apache.hadoop.ozone.om.KeyManagerImpl.getOzoneFileStatus(KeyManagerImpl.java:1227) ~[ozone-manager-1.4.0-SNAPSHOT.jar:?]
	at org.apache.hadoop.ozone.om.KeyManagerImpl.getFileStatus(KeyManagerImpl.java:1145) ~[ozone-manager-1.4.0-SNAPSHOT.jar:?]
	at org.apache.hadoop.ozone.om.OmMetadataReader.getFileStatus(OmMetadataReader.java:266) ~[ozone-manager-1.4.0-SNAPSHOT.jar:?]
	at org.apache.hadoop.ozone.om.OzoneManager.getFileStatus(OzoneManager.java:3585) ~[ozone-manager-1.4.0-SNAPSHOT.jar:?]
	at org.apache.hadoop.ozone.protocolPB.OzoneManagerRequestHandler.getOzoneFileStatus(OzoneManagerRequestHandler.java:998) ~[ozone-manager-1.4.0-SNAPSHOT.jar:?]
	at org.apache.hadoop.ozone.protocolPB.OzoneManagerRequestHandler.handleReadRequest(OzoneManagerRequestHandler.java:259) ~[ozone-manager-1.4.0-SNAPSHOT.jar:?]
	at org.apache.hadoop.ozone.protocolPB.OzoneManagerProtocolServerSideTranslatorPB.submitRequestDirectlyToOM(OzoneManagerProtocolServerSideTranslatorPB.java:274) ~[ozone-manager-1.4.0-SNAPSHOT.jar:?]
	at org.apache.hadoop.ozone.protocolPB.OzoneManagerProtocolServerSideTranslatorPB.processRequest(OzoneManagerProtocolServerSideTranslatorPB.java:175) ~[ozone-manager-1.4.0-SNAPSHOT.jar:?]
	at org.apache.hadoop.hdds.server.OzoneProtocolMessageDispatcher.processRequest(OzoneProtocolMessageDispatcher.java:87) [hdds-server-framework-1.4.0-SNAPSHOT.jar:?]
	at org.apache.hadoop.ozone.protocolPB.OzoneManagerProtocolServerSideTranslatorPB.submitRequest(OzoneManagerProtocolServerSideTranslatorPB.java:148) [ozone-manager-1.4.0-SNAPSHOT.jar:?]
	at org.apache.hadoop.ozone.protocol.proto.OzoneManagerProtocolProtos$OzoneManagerService$2.callBlockingMethod(OzoneManagerProtocolProtos.java) [ozone-interface-client-1.4.0-SNAPSHOT.jar:?]
	at org.apache.hadoop.ipc.ProtobufRpcEngine$Server.processCall(ProtobufRpcEngine.java:484) [hadoop-common-3.3.6.jar:?]
	at org.apache.hadoop.ipc.ProtobufRpcEngine2$Server$ProtoBufRpcInvoker.call(ProtobufRpcEngine2.java:595) [hadoop-common-3.3.6.jar:?]
	at org.apache.hadoop.ipc.ProtobufRpcEngine2$Server$ProtoBufRpcInvoker.call(ProtobufRpcEngine2.java:573) [hadoop-common-3.3.6.jar:?]
	at org.apache.hadoop.ipc.RPC$Server.call(RPC.java:1227) [hadoop-common-3.3.6.jar:?]
	at org.apache.hadoop.ipc.Server$RpcCall.run(Server.java:1094) [hadoop-common-3.3.6.jar:?]
	at org.apache.hadoop.ipc.Server$RpcCall.run(Server.java:1017) [hadoop-common-3.3.6.jar:?]
	at java.security.AccessController.doPrivileged(Native Method) ~[?:1.8.0_382]
	at javax.security.auth.Subject.doAs(Subject.java:422) [?:1.8.0_382]
	at org.apache.hadoop.security.UserGroupInformation.doAs(UserGroupInformation.java:1899) [hadoop-common-3.3.6.jar:?]
	at org.apache.hadoop.ipc.Server$Handler.run(Server.java:3048) [hadoop-common-3.3.6.jar:?]
]]></system-out>
  </testcase>
  <testcase name="testCreateFileShouldCheckExistenceOfDirWithSameName" classname="TestOzoneFileSystem" time="0.074">
    <system-out><![CDATA[17:29:53.721 [OM StateMachine ApplyTransaction Thread - 0] ERROR OMAudit - user=runner | ip=127.0.0.1 | op=CREATE_FILE {volume=volume27687, bucket=bucket94524, key=d1/d2/d3/d4/key2, dataSize=4194304, replicationType=RATIS, replicationFactor=THREE} | ret=FAILURE
org.apache.hadoop.ozone.om.exceptions.OMException: Can not write to directory: d1/d2/d3/d4/key2
	at org.apache.hadoop.ozone.om.request.file.OMFileCreateRequest.checkDirectoryResult(OMFileCreateRequest.java:363) ~[ozone-manager-1.4.0-SNAPSHOT.jar:?]
	at org.apache.hadoop.ozone.om.request.file.OMFileCreateRequest.validateAndUpdateCache(OMFileCreateRequest.java:237) ~[ozone-manager-1.4.0-SNAPSHOT.jar:?]
	at org.apache.hadoop.ozone.protocolPB.OzoneManagerRequestHandler.handleWriteRequest(OzoneManagerRequestHandler.java:382) ~[ozone-manager-1.4.0-SNAPSHOT.jar:?]
	at org.apache.hadoop.ozone.om.ratis.OzoneManagerStateMachine.runCommand(OzoneManagerStateMachine.java:572) ~[ozone-manager-1.4.0-SNAPSHOT.jar:?]
	at org.apache.hadoop.ozone.om.ratis.OzoneManagerStateMachine.lambda$1(OzoneManagerStateMachine.java:362) ~[ozone-manager-1.4.0-SNAPSHOT.jar:?]
	at java.util.concurrent.CompletableFuture$AsyncSupply.run(CompletableFuture.java:1604) [?:1.8.0_382]
	at java.util.concurrent.ThreadPoolExecutor.runWorker(ThreadPoolExecutor.java:1149) [?:1.8.0_382]
	at java.util.concurrent.ThreadPoolExecutor$Worker.run(ThreadPoolExecutor.java:624) [?:1.8.0_382]
	at java.lang.Thread.run(Thread.java:750) [?:1.8.0_382]
2023-10-04 17:29:53,722 [OM StateMachine ApplyTransaction Thread - 0] ERROR file.OMFileCreateRequest (OMFileCreateRequest.java:validateAndUpdateCache(336)) - File create failed. Volume:volume27687, Bucket:bucket94524, Keyd1/d2/d3/d4/key2.
NOT_A_FILE org.apache.hadoop.ozone.om.exceptions.OMException: Can not write to directory: d1/d2/d3/d4/key2
	at org.apache.hadoop.ozone.om.request.file.OMFileCreateRequest.checkDirectoryResult(OMFileCreateRequest.java:363)
	at org.apache.hadoop.ozone.om.request.file.OMFileCreateRequest.validateAndUpdateCache(OMFileCreateRequest.java:237)
	at org.apache.hadoop.ozone.protocolPB.OzoneManagerRequestHandler.handleWriteRequest(OzoneManagerRequestHandler.java:382)
	at org.apache.hadoop.ozone.om.ratis.OzoneManagerStateMachine.runCommand(OzoneManagerStateMachine.java:572)
	at org.apache.hadoop.ozone.om.ratis.OzoneManagerStateMachine.lambda$1(OzoneManagerStateMachine.java:362)
	at java.util.concurrent.CompletableFuture$AsyncSupply.run(CompletableFuture.java:1604)
	at java.util.concurrent.ThreadPoolExecutor.runWorker(ThreadPoolExecutor.java:1149)
	at java.util.concurrent.ThreadPoolExecutor$Worker.run(ThreadPoolExecutor.java:624)
	at java.lang.Thread.run(Thread.java:750)
17:29:53.738 [OM StateMachine ApplyTransaction Thread - 0] ERROR OMAudit - user=runner | ip=127.0.0.1 | op=CREATE_DIRECTORY {volume=volume27687, bucket=bucket94524, key=d1/d2/d3/d4/key3, dataSize=0, replicationType=NONE, replicationFactor=ZERO} | ret=FAILURE
org.apache.hadoop.ozone.om.exceptions.OMException: Unable to create directory: d1/d2/d3/d4/key3 in volume/bucket: volume27687/bucket94524
	at org.apache.hadoop.ozone.om.request.file.OMDirectoryCreateRequest.validateAndUpdateCache(OMDirectoryCreateRequest.java:194) ~[ozone-manager-1.4.0-SNAPSHOT.jar:?]
	at org.apache.hadoop.ozone.protocolPB.OzoneManagerRequestHandler.handleWriteRequest(OzoneManagerRequestHandler.java:382) ~[ozone-manager-1.4.0-SNAPSHOT.jar:?]
	at org.apache.hadoop.ozone.om.ratis.OzoneManagerStateMachine.runCommand(OzoneManagerStateMachine.java:572) ~[ozone-manager-1.4.0-SNAPSHOT.jar:?]
	at org.apache.hadoop.ozone.om.ratis.OzoneManagerStateMachine.lambda$1(OzoneManagerStateMachine.java:362) ~[ozone-manager-1.4.0-SNAPSHOT.jar:?]
	at java.util.concurrent.CompletableFuture$AsyncSupply.run(CompletableFuture.java:1604) [?:1.8.0_382]
	at java.util.concurrent.ThreadPoolExecutor.runWorker(ThreadPoolExecutor.java:1149) [?:1.8.0_382]
	at java.util.concurrent.ThreadPoolExecutor$Worker.run(ThreadPoolExecutor.java:624) [?:1.8.0_382]
	at java.lang.Thread.run(Thread.java:750) [?:1.8.0_382]
2023-10-04 17:29:53,738 [OM StateMachine ApplyTransaction Thread - 0] ERROR file.OMDirectoryCreateRequest (OMDirectoryCreateRequest.java:logResult(334)) - Directory creation failed. Volume:volume27687, Bucket:bucket94524, Keyd1/d2/d3/d4/key3. Exception:{}
FILE_ALREADY_EXISTS org.apache.hadoop.ozone.om.exceptions.OMException: Unable to create directory: d1/d2/d3/d4/key3 in volume/bucket: volume27687/bucket94524
	at org.apache.hadoop.ozone.om.request.file.OMDirectoryCreateRequest.validateAndUpdateCache(OMDirectoryCreateRequest.java:194)
	at org.apache.hadoop.ozone.protocolPB.OzoneManagerRequestHandler.handleWriteRequest(OzoneManagerRequestHandler.java:382)
	at org.apache.hadoop.ozone.om.ratis.OzoneManagerStateMachine.runCommand(OzoneManagerStateMachine.java:572)
	at org.apache.hadoop.ozone.om.ratis.OzoneManagerStateMachine.lambda$1(OzoneManagerStateMachine.java:362)
	at java.util.concurrent.CompletableFuture$AsyncSupply.run(CompletableFuture.java:1604)
	at java.util.concurrent.ThreadPoolExecutor.runWorker(ThreadPoolExecutor.java:1149)
	at java.util.concurrent.ThreadPoolExecutor$Worker.run(ThreadPoolExecutor.java:624)
	at java.lang.Thread.run(Thread.java:750)
17:29:53.744 [OM StateMachine ApplyTransaction Thread - 0] ERROR OMAudit - user=runner | ip=127.0.0.1 | op=CREATE_FILE {volume=volume27687, bucket=bucket94524, key=d1/d2/d3, dataSize=4194304, replicationType=RATIS, replicationFactor=THREE} | ret=FAILURE
org.apache.hadoop.ozone.om.exceptions.OMException: Can not write to directory: d1/d2/d3
	at org.apache.hadoop.ozone.om.request.file.OMFileCreateRequest.checkDirectoryResult(OMFileCreateRequest.java:363) ~[ozone-manager-1.4.0-SNAPSHOT.jar:?]
	at org.apache.hadoop.ozone.om.request.file.OMFileCreateRequest.validateAndUpdateCache(OMFileCreateRequest.java:237) ~[ozone-manager-1.4.0-SNAPSHOT.jar:?]
	at org.apache.hadoop.ozone.protocolPB.OzoneManagerRequestHandler.handleWriteRequest(OzoneManagerRequestHandler.java:382) ~[ozone-manager-1.4.0-SNAPSHOT.jar:?]
	at org.apache.hadoop.ozone.om.ratis.OzoneManagerStateMachine.runCommand(OzoneManagerStateMachine.java:572) ~[ozone-manager-1.4.0-SNAPSHOT.jar:?]
	at org.apache.hadoop.ozone.om.ratis.OzoneManagerStateMachine.lambda$1(OzoneManagerStateMachine.java:362) ~[ozone-manager-1.4.0-SNAPSHOT.jar:?]
	at java.util.concurrent.CompletableFuture$AsyncSupply.run(CompletableFuture.java:1604) [?:1.8.0_382]
	at java.util.concurrent.ThreadPoolExecutor.runWorker(ThreadPoolExecutor.java:1149) [?:1.8.0_382]
	at java.util.concurrent.ThreadPoolExecutor$Worker.run(ThreadPoolExecutor.java:624) [?:1.8.0_382]
	at java.lang.Thread.run(Thread.java:750) [?:1.8.0_382]
2023-10-04 17:29:53,744 [OM StateMachine ApplyTransaction Thread - 0] ERROR file.OMFileCreateRequest (OMFileCreateRequest.java:validateAndUpdateCache(336)) - File create failed. Volume:volume27687, Bucket:bucket94524, Keyd1/d2/d3.
NOT_A_FILE org.apache.hadoop.ozone.om.exceptions.OMException: Can not write to directory: d1/d2/d3
	at org.apache.hadoop.ozone.om.request.file.OMFileCreateRequest.checkDirectoryResult(OMFileCreateRequest.java:363)
	at org.apache.hadoop.ozone.om.request.file.OMFileCreateRequest.validateAndUpdateCache(OMFileCreateRequest.java:237)
	at org.apache.hadoop.ozone.protocolPB.OzoneManagerRequestHandler.handleWriteRequest(OzoneManagerRequestHandler.java:382)
	at org.apache.hadoop.ozone.om.ratis.OzoneManagerStateMachine.runCommand(OzoneManagerStateMachine.java:572)
	at org.apache.hadoop.ozone.om.ratis.OzoneManagerStateMachine.lambda$1(OzoneManagerStateMachine.java:362)
	at java.util.concurrent.CompletableFuture$AsyncSupply.run(CompletableFuture.java:1604)
	at java.util.concurrent.ThreadPoolExecutor.runWorker(ThreadPoolExecutor.java:1149)
	at java.util.concurrent.ThreadPoolExecutor$Worker.run(ThreadPoolExecutor.java:624)
	at java.lang.Thread.run(Thread.java:750)
17:29:53.749 [IPC Server handler 15 on default port 15004] ERROR OMAudit - user=runner | ip=127.0.0.1 | op=GET_FILE_STATUS {volume=volume27687, bucket=bucket94524, key=d1/d2/d3/d4/key3/invalid, dataSize=0, replicationConfig=null} | ret=FAILURE
org.apache.hadoop.ozone.om.exceptions.OMException: Unable to get file status: volume: volume27687 bucket: bucket94524 key: d1/d2/d3/d4/key3/invalid
	at org.apache.hadoop.ozone.om.KeyManagerImpl.getOzoneFileStatus(KeyManagerImpl.java:1227) ~[ozone-manager-1.4.0-SNAPSHOT.jar:?]
	at org.apache.hadoop.ozone.om.KeyManagerImpl.getFileStatus(KeyManagerImpl.java:1145) ~[ozone-manager-1.4.0-SNAPSHOT.jar:?]
	at org.apache.hadoop.ozone.om.OmMetadataReader.getFileStatus(OmMetadataReader.java:266) ~[ozone-manager-1.4.0-SNAPSHOT.jar:?]
	at org.apache.hadoop.ozone.om.OzoneManager.getFileStatus(OzoneManager.java:3585) ~[ozone-manager-1.4.0-SNAPSHOT.jar:?]
	at org.apache.hadoop.ozone.protocolPB.OzoneManagerRequestHandler.getOzoneFileStatus(OzoneManagerRequestHandler.java:998) ~[ozone-manager-1.4.0-SNAPSHOT.jar:?]
	at org.apache.hadoop.ozone.protocolPB.OzoneManagerRequestHandler.handleReadRequest(OzoneManagerRequestHandler.java:259) ~[ozone-manager-1.4.0-SNAPSHOT.jar:?]
	at org.apache.hadoop.ozone.protocolPB.OzoneManagerProtocolServerSideTranslatorPB.submitReadRequestToOM(OzoneManagerProtocolServerSideTranslatorPB.java:225) ~[ozone-manager-1.4.0-SNAPSHOT.jar:?]
	at org.apache.hadoop.ozone.protocolPB.OzoneManagerProtocolServerSideTranslatorPB.processRequest(OzoneManagerProtocolServerSideTranslatorPB.java:179) ~[ozone-manager-1.4.0-SNAPSHOT.jar:?]
	at org.apache.hadoop.hdds.server.OzoneProtocolMessageDispatcher.processRequest(OzoneProtocolMessageDispatcher.java:87) [hdds-server-framework-1.4.0-SNAPSHOT.jar:?]
	at org.apache.hadoop.ozone.protocolPB.OzoneManagerProtocolServerSideTranslatorPB.submitRequest(OzoneManagerProtocolServerSideTranslatorPB.java:148) [ozone-manager-1.4.0-SNAPSHOT.jar:?]
	at org.apache.hadoop.ozone.protocol.proto.OzoneManagerProtocolProtos$OzoneManagerService$2.callBlockingMethod(OzoneManagerProtocolProtos.java) [ozone-interface-client-1.4.0-SNAPSHOT.jar:?]
	at org.apache.hadoop.ipc.ProtobufRpcEngine$Server.processCall(ProtobufRpcEngine.java:484) [hadoop-common-3.3.6.jar:?]
	at org.apache.hadoop.ipc.ProtobufRpcEngine2$Server$ProtoBufRpcInvoker.call(ProtobufRpcEngine2.java:595) [hadoop-common-3.3.6.jar:?]
	at org.apache.hadoop.ipc.ProtobufRpcEngine2$Server$ProtoBufRpcInvoker.call(ProtobufRpcEngine2.java:573) [hadoop-common-3.3.6.jar:?]
	at org.apache.hadoop.ipc.RPC$Server.call(RPC.java:1227) [hadoop-common-3.3.6.jar:?]
	at org.apache.hadoop.ipc.Server$RpcCall.run(Server.java:1094) [hadoop-common-3.3.6.jar:?]
	at org.apache.hadoop.ipc.Server$RpcCall.run(Server.java:1017) [hadoop-common-3.3.6.jar:?]
	at java.security.AccessController.doPrivileged(Native Method) ~[?:1.8.0_382]
	at javax.security.auth.Subject.doAs(Subject.java:422) [?:1.8.0_382]
	at org.apache.hadoop.security.UserGroupInformation.doAs(UserGroupInformation.java:1899) [hadoop-common-3.3.6.jar:?]
	at org.apache.hadoop.ipc.Server$Handler.run(Server.java:3048) [hadoop-common-3.3.6.jar:?]
17:29:53.751 [IPC Server handler 17 on default port 15004] ERROR OMAudit - user=runner | ip=127.0.0.1 | op=GET_FILE_STATUS {volume=volume27687, bucket=bucket94524, key=d1/d2/d3/d4/invalidkey, dataSize=0, replicationConfig=null} | ret=FAILURE
org.apache.hadoop.ozone.om.exceptions.OMException: Unable to get file status: volume: volume27687 bucket: bucket94524 key: d1/d2/d3/d4/invalidkey
	at org.apache.hadoop.ozone.om.KeyManagerImpl.getOzoneFileStatus(KeyManagerImpl.java:1227) ~[ozone-manager-1.4.0-SNAPSHOT.jar:?]
	at org.apache.hadoop.ozone.om.KeyManagerImpl.getFileStatus(KeyManagerImpl.java:1145) ~[ozone-manager-1.4.0-SNAPSHOT.jar:?]
	at org.apache.hadoop.ozone.om.OmMetadataReader.getFileStatus(OmMetadataReader.java:266) ~[ozone-manager-1.4.0-SNAPSHOT.jar:?]
	at org.apache.hadoop.ozone.om.OzoneManager.getFileStatus(OzoneManager.java:3585) ~[ozone-manager-1.4.0-SNAPSHOT.jar:?]
	at org.apache.hadoop.ozone.protocolPB.OzoneManagerRequestHandler.getOzoneFileStatus(OzoneManagerRequestHandler.java:998) ~[ozone-manager-1.4.0-SNAPSHOT.jar:?]
	at org.apache.hadoop.ozone.protocolPB.OzoneManagerRequestHandler.handleReadRequest(OzoneManagerRequestHandler.java:259) ~[ozone-manager-1.4.0-SNAPSHOT.jar:?]
	at org.apache.hadoop.ozone.protocolPB.OzoneManagerProtocolServerSideTranslatorPB.submitReadRequestToOM(OzoneManagerProtocolServerSideTranslatorPB.java:225) ~[ozone-manager-1.4.0-SNAPSHOT.jar:?]
	at org.apache.hadoop.ozone.protocolPB.OzoneManagerProtocolServerSideTranslatorPB.processRequest(OzoneManagerProtocolServerSideTranslatorPB.java:179) ~[ozone-manager-1.4.0-SNAPSHOT.jar:?]
	at org.apache.hadoop.hdds.server.OzoneProtocolMessageDispatcher.processRequest(OzoneProtocolMessageDispatcher.java:87) [hdds-server-framework-1.4.0-SNAPSHOT.jar:?]
	at org.apache.hadoop.ozone.protocolPB.OzoneManagerProtocolServerSideTranslatorPB.submitRequest(OzoneManagerProtocolServerSideTranslatorPB.java:148) [ozone-manager-1.4.0-SNAPSHOT.jar:?]
	at org.apache.hadoop.ozone.protocol.proto.OzoneManagerProtocolProtos$OzoneManagerService$2.callBlockingMethod(OzoneManagerProtocolProtos.java) [ozone-interface-client-1.4.0-SNAPSHOT.jar:?]
	at org.apache.hadoop.ipc.ProtobufRpcEngine$Server.processCall(ProtobufRpcEngine.java:484) [hadoop-common-3.3.6.jar:?]
	at org.apache.hadoop.ipc.ProtobufRpcEngine2$Server$ProtoBufRpcInvoker.call(ProtobufRpcEngine2.java:595) [hadoop-common-3.3.6.jar:?]
	at org.apache.hadoop.ipc.ProtobufRpcEngine2$Server$ProtoBufRpcInvoker.call(ProtobufRpcEngine2.java:573) [hadoop-common-3.3.6.jar:?]
	at org.apache.hadoop.ipc.RPC$Server.call(RPC.java:1227) [hadoop-common-3.3.6.jar:?]
	at org.apache.hadoop.ipc.Server$RpcCall.run(Server.java:1094) [hadoop-common-3.3.6.jar:?]
	at org.apache.hadoop.ipc.Server$RpcCall.run(Server.java:1017) [hadoop-common-3.3.6.jar:?]
	at java.security.AccessController.doPrivileged(Native Method) ~[?:1.8.0_382]
	at javax.security.auth.Subject.doAs(Subject.java:422) [?:1.8.0_382]
	at org.apache.hadoop.security.UserGroupInformation.doAs(UserGroupInformation.java:1899) [hadoop-common-3.3.6.jar:?]
	at org.apache.hadoop.ipc.Server$Handler.run(Server.java:3048) [hadoop-common-3.3.6.jar:?]
]]></system-out>
  </testcase>
  <testcase name="testCreateFileShouldCheckExistenceOfDirWithSameName" classname="TestOzoneFileSystem" time="0.042">
    <system-out><![CDATA[17:31:24.625 [IPC Server handler 6 on default port 15057] ERROR OMAudit - user=runner | ip=127.0.0.1 | op=CREATE_FILE {volume=volume39856, bucket=bucket94778, key=d1/d2/d3/d4/key2, dataSize=4194304, replicationType=RATIS, replicationFactor=THREE} | ret=FAILURE
org.apache.hadoop.ozone.om.exceptions.OMException: Can not write to directory: d1/d2/d3/d4/key2
	at org.apache.hadoop.ozone.om.request.file.OMFileCreateRequest.checkDirectoryResult(OMFileCreateRequest.java:363) ~[ozone-manager-1.4.0-SNAPSHOT.jar:?]
	at org.apache.hadoop.ozone.om.request.file.OMFileCreateRequest.validateAndUpdateCache(OMFileCreateRequest.java:237) ~[ozone-manager-1.4.0-SNAPSHOT.jar:?]
	at org.apache.hadoop.ozone.protocolPB.OzoneManagerRequestHandler.handleWriteRequest(OzoneManagerRequestHandler.java:382) ~[ozone-manager-1.4.0-SNAPSHOT.jar:?]
	at org.apache.hadoop.ozone.protocolPB.OzoneManagerProtocolServerSideTranslatorPB.submitRequestDirectlyToOM(OzoneManagerProtocolServerSideTranslatorPB.java:280) ~[ozone-manager-1.4.0-SNAPSHOT.jar:?]
	at org.apache.hadoop.ozone.protocolPB.OzoneManagerProtocolServerSideTranslatorPB.processRequest(OzoneManagerProtocolServerSideTranslatorPB.java:175) ~[ozone-manager-1.4.0-SNAPSHOT.jar:?]
	at org.apache.hadoop.hdds.server.OzoneProtocolMessageDispatcher.processRequest(OzoneProtocolMessageDispatcher.java:87) [hdds-server-framework-1.4.0-SNAPSHOT.jar:?]
	at org.apache.hadoop.ozone.protocolPB.OzoneManagerProtocolServerSideTranslatorPB.submitRequest(OzoneManagerProtocolServerSideTranslatorPB.java:148) [ozone-manager-1.4.0-SNAPSHOT.jar:?]
	at org.apache.hadoop.ozone.protocol.proto.OzoneManagerProtocolProtos$OzoneManagerService$2.callBlockingMethod(OzoneManagerProtocolProtos.java) [ozone-interface-client-1.4.0-SNAPSHOT.jar:?]
	at org.apache.hadoop.ipc.ProtobufRpcEngine$Server.processCall(ProtobufRpcEngine.java:484) [hadoop-common-3.3.6.jar:?]
	at org.apache.hadoop.ipc.ProtobufRpcEngine2$Server$ProtoBufRpcInvoker.call(ProtobufRpcEngine2.java:595) [hadoop-common-3.3.6.jar:?]
	at org.apache.hadoop.ipc.ProtobufRpcEngine2$Server$ProtoBufRpcInvoker.call(ProtobufRpcEngine2.java:573) [hadoop-common-3.3.6.jar:?]
	at org.apache.hadoop.ipc.RPC$Server.call(RPC.java:1227) [hadoop-common-3.3.6.jar:?]
	at org.apache.hadoop.ipc.Server$RpcCall.run(Server.java:1094) [hadoop-common-3.3.6.jar:?]
	at org.apache.hadoop.ipc.Server$RpcCall.run(Server.java:1017) [hadoop-common-3.3.6.jar:?]
	at java.security.AccessController.doPrivileged(Native Method) ~[?:1.8.0_382]
	at javax.security.auth.Subject.doAs(Subject.java:422) [?:1.8.0_382]
	at org.apache.hadoop.security.UserGroupInformation.doAs(UserGroupInformation.java:1899) [hadoop-common-3.3.6.jar:?]
	at org.apache.hadoop.ipc.Server$Handler.run(Server.java:3048) [hadoop-common-3.3.6.jar:?]
2023-10-04 17:31:24,625 [IPC Server handler 6 on default port 15057] ERROR file.OMFileCreateRequest (OMFileCreateRequest.java:validateAndUpdateCache(336)) - File create failed. Volume:volume39856, Bucket:bucket94778, Keyd1/d2/d3/d4/key2.
NOT_A_FILE org.apache.hadoop.ozone.om.exceptions.OMException: Can not write to directory: d1/d2/d3/d4/key2
	at org.apache.hadoop.ozone.om.request.file.OMFileCreateRequest.checkDirectoryResult(OMFileCreateRequest.java:363)
	at org.apache.hadoop.ozone.om.request.file.OMFileCreateRequest.validateAndUpdateCache(OMFileCreateRequest.java:237)
	at org.apache.hadoop.ozone.protocolPB.OzoneManagerRequestHandler.handleWriteRequest(OzoneManagerRequestHandler.java:382)
	at org.apache.hadoop.ozone.protocolPB.OzoneManagerProtocolServerSideTranslatorPB.submitRequestDirectlyToOM(OzoneManagerProtocolServerSideTranslatorPB.java:280)
	at org.apache.hadoop.ozone.protocolPB.OzoneManagerProtocolServerSideTranslatorPB.processRequest(OzoneManagerProtocolServerSideTranslatorPB.java:175)
	at org.apache.hadoop.hdds.server.OzoneProtocolMessageDispatcher.processRequest(OzoneProtocolMessageDispatcher.java:87)
	at org.apache.hadoop.ozone.protocolPB.OzoneManagerProtocolServerSideTranslatorPB.submitRequest(OzoneManagerProtocolServerSideTranslatorPB.java:148)
	at org.apache.hadoop.ozone.protocol.proto.OzoneManagerProtocolProtos$OzoneManagerService$2.callBlockingMethod(OzoneManagerProtocolProtos.java)
	at org.apache.hadoop.ipc.ProtobufRpcEngine$Server.processCall(ProtobufRpcEngine.java:484)
	at org.apache.hadoop.ipc.ProtobufRpcEngine2$Server$ProtoBufRpcInvoker.call(ProtobufRpcEngine2.java:595)
	at org.apache.hadoop.ipc.ProtobufRpcEngine2$Server$ProtoBufRpcInvoker.call(ProtobufRpcEngine2.java:573)
	at org.apache.hadoop.ipc.RPC$Server.call(RPC.java:1227)
	at org.apache.hadoop.ipc.Server$RpcCall.run(Server.java:1094)
	at org.apache.hadoop.ipc.Server$RpcCall.run(Server.java:1017)
	at java.security.AccessController.doPrivileged(Native Method)
	at javax.security.auth.Subject.doAs(Subject.java:422)
	at org.apache.hadoop.security.UserGroupInformation.doAs(UserGroupInformation.java:1899)
	at org.apache.hadoop.ipc.Server$Handler.run(Server.java:3048)
17:31:24.633 [IPC Server handler 3 on default port 15057] ERROR OMAudit - user=runner | ip=127.0.0.1 | op=CREATE_DIRECTORY {volume=volume39856, bucket=bucket94778, key=d1/d2/d3/d4/key3, dataSize=0, replicationType=NONE, replicationFactor=ZERO} | ret=FAILURE
org.apache.hadoop.ozone.om.exceptions.OMException: Unable to create directory: d1/d2/d3/d4/key3 in volume/bucket: volume39856/bucket94778
	at org.apache.hadoop.ozone.om.request.file.OMDirectoryCreateRequest.validateAndUpdateCache(OMDirectoryCreateRequest.java:194) ~[ozone-manager-1.4.0-SNAPSHOT.jar:?]
	at org.apache.hadoop.ozone.protocolPB.OzoneManagerRequestHandler.handleWriteRequest(OzoneManagerRequestHandler.java:382) ~[ozone-manager-1.4.0-SNAPSHOT.jar:?]
	at org.apache.hadoop.ozone.protocolPB.OzoneManagerProtocolServerSideTranslatorPB.submitRequestDirectlyToOM(OzoneManagerProtocolServerSideTranslatorPB.java:280) ~[ozone-manager-1.4.0-SNAPSHOT.jar:?]
	at org.apache.hadoop.ozone.protocolPB.OzoneManagerProtocolServerSideTranslatorPB.processRequest(OzoneManagerProtocolServerSideTranslatorPB.java:175) ~[ozone-manager-1.4.0-SNAPSHOT.jar:?]
	at org.apache.hadoop.hdds.server.OzoneProtocolMessageDispatcher.processRequest(OzoneProtocolMessageDispatcher.java:87) [hdds-server-framework-1.4.0-SNAPSHOT.jar:?]
	at org.apache.hadoop.ozone.protocolPB.OzoneManagerProtocolServerSideTranslatorPB.submitRequest(OzoneManagerProtocolServerSideTranslatorPB.java:148) [ozone-manager-1.4.0-SNAPSHOT.jar:?]
	at org.apache.hadoop.ozone.protocol.proto.OzoneManagerProtocolProtos$OzoneManagerService$2.callBlockingMethod(OzoneManagerProtocolProtos.java) [ozone-interface-client-1.4.0-SNAPSHOT.jar:?]
	at org.apache.hadoop.ipc.ProtobufRpcEngine$Server.processCall(ProtobufRpcEngine.java:484) [hadoop-common-3.3.6.jar:?]
	at org.apache.hadoop.ipc.ProtobufRpcEngine2$Server$ProtoBufRpcInvoker.call(ProtobufRpcEngine2.java:595) [hadoop-common-3.3.6.jar:?]
	at org.apache.hadoop.ipc.ProtobufRpcEngine2$Server$ProtoBufRpcInvoker.call(ProtobufRpcEngine2.java:573) [hadoop-common-3.3.6.jar:?]
	at org.apache.hadoop.ipc.RPC$Server.call(RPC.java:1227) [hadoop-common-3.3.6.jar:?]
	at org.apache.hadoop.ipc.Server$RpcCall.run(Server.java:1094) [hadoop-common-3.3.6.jar:?]
	at org.apache.hadoop.ipc.Server$RpcCall.run(Server.java:1017) [hadoop-common-3.3.6.jar:?]
	at java.security.AccessController.doPrivileged(Native Method) ~[?:1.8.0_382]
	at javax.security.auth.Subject.doAs(Subject.java:422) [?:1.8.0_382]
	at org.apache.hadoop.security.UserGroupInformation.doAs(UserGroupInformation.java:1899) [hadoop-common-3.3.6.jar:?]
	at org.apache.hadoop.ipc.Server$Handler.run(Server.java:3048) [hadoop-common-3.3.6.jar:?]
2023-10-04 17:31:24,633 [IPC Server handler 3 on default port 15057] ERROR file.OMDirectoryCreateRequest (OMDirectoryCreateRequest.java:logResult(334)) - Directory creation failed. Volume:volume39856, Bucket:bucket94778, Keyd1/d2/d3/d4/key3. Exception:{}
FILE_ALREADY_EXISTS org.apache.hadoop.ozone.om.exceptions.OMException: Unable to create directory: d1/d2/d3/d4/key3 in volume/bucket: volume39856/bucket94778
	at org.apache.hadoop.ozone.om.request.file.OMDirectoryCreateRequest.validateAndUpdateCache(OMDirectoryCreateRequest.java:194)
	at org.apache.hadoop.ozone.protocolPB.OzoneManagerRequestHandler.handleWriteRequest(OzoneManagerRequestHandler.java:382)
	at org.apache.hadoop.ozone.protocolPB.OzoneManagerProtocolServerSideTranslatorPB.submitRequestDirectlyToOM(OzoneManagerProtocolServerSideTranslatorPB.java:280)
	at org.apache.hadoop.ozone.protocolPB.OzoneManagerProtocolServerSideTranslatorPB.processRequest(OzoneManagerProtocolServerSideTranslatorPB.java:175)
	at org.apache.hadoop.hdds.server.OzoneProtocolMessageDispatcher.processRequest(OzoneProtocolMessageDispatcher.java:87)
	at org.apache.hadoop.ozone.protocolPB.OzoneManagerProtocolServerSideTranslatorPB.submitRequest(OzoneManagerProtocolServerSideTranslatorPB.java:148)
	at org.apache.hadoop.ozone.protocol.proto.OzoneManagerProtocolProtos$OzoneManagerService$2.callBlockingMethod(OzoneManagerProtocolProtos.java)
	at org.apache.hadoop.ipc.ProtobufRpcEngine$Server.processCall(ProtobufRpcEngine.java:484)
	at org.apache.hadoop.ipc.ProtobufRpcEngine2$Server$ProtoBufRpcInvoker.call(ProtobufRpcEngine2.java:595)
	at org.apache.hadoop.ipc.ProtobufRpcEngine2$Server$ProtoBufRpcInvoker.call(ProtobufRpcEngine2.java:573)
	at org.apache.hadoop.ipc.RPC$Server.call(RPC.java:1227)
	at org.apache.hadoop.ipc.Server$RpcCall.run(Server.java:1094)
	at org.apache.hadoop.ipc.Server$RpcCall.run(Server.java:1017)
	at java.security.AccessController.doPrivileged(Native Method)
	at javax.security.auth.Subject.doAs(Subject.java:422)
	at org.apache.hadoop.security.UserGroupInformation.doAs(UserGroupInformation.java:1899)
	at org.apache.hadoop.ipc.Server$Handler.run(Server.java:3048)
17:31:24.638 [IPC Server handler 4 on default port 15057] ERROR OMAudit - user=runner | ip=127.0.0.1 | op=CREATE_FILE {volume=volume39856, bucket=bucket94778, key=d1/d2/d3, dataSize=4194304, replicationType=RATIS, replicationFactor=THREE} | ret=FAILURE
org.apache.hadoop.ozone.om.exceptions.OMException: Can not write to directory: d1/d2/d3
	at org.apache.hadoop.ozone.om.request.file.OMFileCreateRequest.checkDirectoryResult(OMFileCreateRequest.java:363) ~[ozone-manager-1.4.0-SNAPSHOT.jar:?]
	at org.apache.hadoop.ozone.om.request.file.OMFileCreateRequest.validateAndUpdateCache(OMFileCreateRequest.java:237) ~[ozone-manager-1.4.0-SNAPSHOT.jar:?]
	at org.apache.hadoop.ozone.protocolPB.OzoneManagerRequestHandler.handleWriteRequest(OzoneManagerRequestHandler.java:382) ~[ozone-manager-1.4.0-SNAPSHOT.jar:?]
	at org.apache.hadoop.ozone.protocolPB.OzoneManagerProtocolServerSideTranslatorPB.submitRequestDirectlyToOM(OzoneManagerProtocolServerSideTranslatorPB.java:280) ~[ozone-manager-1.4.0-SNAPSHOT.jar:?]
	at org.apache.hadoop.ozone.protocolPB.OzoneManagerProtocolServerSideTranslatorPB.processRequest(OzoneManagerProtocolServerSideTranslatorPB.java:175) ~[ozone-manager-1.4.0-SNAPSHOT.jar:?]
	at org.apache.hadoop.hdds.server.OzoneProtocolMessageDispatcher.processRequest(OzoneProtocolMessageDispatcher.java:87) [hdds-server-framework-1.4.0-SNAPSHOT.jar:?]
	at org.apache.hadoop.ozone.protocolPB.OzoneManagerProtocolServerSideTranslatorPB.submitRequest(OzoneManagerProtocolServerSideTranslatorPB.java:148) [ozone-manager-1.4.0-SNAPSHOT.jar:?]
	at org.apache.hadoop.ozone.protocol.proto.OzoneManagerProtocolProtos$OzoneManagerService$2.callBlockingMethod(OzoneManagerProtocolProtos.java) [ozone-interface-client-1.4.0-SNAPSHOT.jar:?]
	at org.apache.hadoop.ipc.ProtobufRpcEngine$Server.processCall(ProtobufRpcEngine.java:484) [hadoop-common-3.3.6.jar:?]
	at org.apache.hadoop.ipc.ProtobufRpcEngine2$Server$ProtoBufRpcInvoker.call(ProtobufRpcEngine2.java:595) [hadoop-common-3.3.6.jar:?]
	at org.apache.hadoop.ipc.ProtobufRpcEngine2$Server$ProtoBufRpcInvoker.call(ProtobufRpcEngine2.java:573) [hadoop-common-3.3.6.jar:?]
	at org.apache.hadoop.ipc.RPC$Server.call(RPC.java:1227) [hadoop-common-3.3.6.jar:?]
	at org.apache.hadoop.ipc.Server$RpcCall.run(Server.java:1094) [hadoop-common-3.3.6.jar:?]
	at org.apache.hadoop.ipc.Server$RpcCall.run(Server.java:1017) [hadoop-common-3.3.6.jar:?]
	at java.security.AccessController.doPrivileged(Native Method) ~[?:1.8.0_382]
	at javax.security.auth.Subject.doAs(Subject.java:422) [?:1.8.0_382]
	at org.apache.hadoop.security.UserGroupInformation.doAs(UserGroupInformation.java:1899) [hadoop-common-3.3.6.jar:?]
	at org.apache.hadoop.ipc.Server$Handler.run(Server.java:3048) [hadoop-common-3.3.6.jar:?]
2023-10-04 17:31:24,639 [IPC Server handler 4 on default port 15057] ERROR file.OMFileCreateRequest (OMFileCreateRequest.java:validateAndUpdateCache(336)) - File create failed. Volume:volume39856, Bucket:bucket94778, Keyd1/d2/d3.
NOT_A_FILE org.apache.hadoop.ozone.om.exceptions.OMException: Can not write to directory: d1/d2/d3
	at org.apache.hadoop.ozone.om.request.file.OMFileCreateRequest.checkDirectoryResult(OMFileCreateRequest.java:363)
	at org.apache.hadoop.ozone.om.request.file.OMFileCreateRequest.validateAndUpdateCache(OMFileCreateRequest.java:237)
	at org.apache.hadoop.ozone.protocolPB.OzoneManagerRequestHandler.handleWriteRequest(OzoneManagerRequestHandler.java:382)
	at org.apache.hadoop.ozone.protocolPB.OzoneManagerProtocolServerSideTranslatorPB.submitRequestDirectlyToOM(OzoneManagerProtocolServerSideTranslatorPB.java:280)
	at org.apache.hadoop.ozone.protocolPB.OzoneManagerProtocolServerSideTranslatorPB.processRequest(OzoneManagerProtocolServerSideTranslatorPB.java:175)
	at org.apache.hadoop.hdds.server.OzoneProtocolMessageDispatcher.processRequest(OzoneProtocolMessageDispatcher.java:87)
	at org.apache.hadoop.ozone.protocolPB.OzoneManagerProtocolServerSideTranslatorPB.submitRequest(OzoneManagerProtocolServerSideTranslatorPB.java:148)
	at org.apache.hadoop.ozone.protocol.proto.OzoneManagerProtocolProtos$OzoneManagerService$2.callBlockingMethod(OzoneManagerProtocolProtos.java)
	at org.apache.hadoop.ipc.ProtobufRpcEngine$Server.processCall(ProtobufRpcEngine.java:484)
	at org.apache.hadoop.ipc.ProtobufRpcEngine2$Server$ProtoBufRpcInvoker.call(ProtobufRpcEngine2.java:595)
	at org.apache.hadoop.ipc.ProtobufRpcEngine2$Server$ProtoBufRpcInvoker.call(ProtobufRpcEngine2.java:573)
	at org.apache.hadoop.ipc.RPC$Server.call(RPC.java:1227)
	at org.apache.hadoop.ipc.Server$RpcCall.run(Server.java:1094)
	at org.apache.hadoop.ipc.Server$RpcCall.run(Server.java:1017)
	at java.security.AccessController.doPrivileged(Native Method)
	at javax.security.auth.Subject.doAs(Subject.java:422)
	at org.apache.hadoop.security.UserGroupInformation.doAs(UserGroupInformation.java:1899)
	at org.apache.hadoop.ipc.Server$Handler.run(Server.java:3048)
17:31:24.641 [IPC Server handler 8 on default port 15057] ERROR OMAudit - user=runner | ip=127.0.0.1 | op=GET_FILE_STATUS {volume=volume39856, bucket=bucket94778, key=d1/d2/d3/d4/key3/invalid, dataSize=0, replicationConfig=null} | ret=FAILURE
org.apache.hadoop.ozone.om.exceptions.OMException: Unable to get file status: volume: volume39856 bucket: bucket94778 key: d1/d2/d3/d4/key3/invalid
	at org.apache.hadoop.ozone.om.KeyManagerImpl.getOzoneFileStatus(KeyManagerImpl.java:1227) ~[ozone-manager-1.4.0-SNAPSHOT.jar:?]
	at org.apache.hadoop.ozone.om.KeyManagerImpl.getFileStatus(KeyManagerImpl.java:1145) ~[ozone-manager-1.4.0-SNAPSHOT.jar:?]
	at org.apache.hadoop.ozone.om.OmMetadataReader.getFileStatus(OmMetadataReader.java:266) ~[ozone-manager-1.4.0-SNAPSHOT.jar:?]
	at org.apache.hadoop.ozone.om.OzoneManager.getFileStatus(OzoneManager.java:3585) ~[ozone-manager-1.4.0-SNAPSHOT.jar:?]
	at org.apache.hadoop.ozone.protocolPB.OzoneManagerRequestHandler.getOzoneFileStatus(OzoneManagerRequestHandler.java:998) ~[ozone-manager-1.4.0-SNAPSHOT.jar:?]
	at org.apache.hadoop.ozone.protocolPB.OzoneManagerRequestHandler.handleReadRequest(OzoneManagerRequestHandler.java:259) ~[ozone-manager-1.4.0-SNAPSHOT.jar:?]
	at org.apache.hadoop.ozone.protocolPB.OzoneManagerProtocolServerSideTranslatorPB.submitRequestDirectlyToOM(OzoneManagerProtocolServerSideTranslatorPB.java:274) ~[ozone-manager-1.4.0-SNAPSHOT.jar:?]
	at org.apache.hadoop.ozone.protocolPB.OzoneManagerProtocolServerSideTranslatorPB.processRequest(OzoneManagerProtocolServerSideTranslatorPB.java:175) ~[ozone-manager-1.4.0-SNAPSHOT.jar:?]
	at org.apache.hadoop.hdds.server.OzoneProtocolMessageDispatcher.processRequest(OzoneProtocolMessageDispatcher.java:87) [hdds-server-framework-1.4.0-SNAPSHOT.jar:?]
	at org.apache.hadoop.ozone.protocolPB.OzoneManagerProtocolServerSideTranslatorPB.submitRequest(OzoneManagerProtocolServerSideTranslatorPB.java:148) [ozone-manager-1.4.0-SNAPSHOT.jar:?]
	at org.apache.hadoop.ozone.protocol.proto.OzoneManagerProtocolProtos$OzoneManagerService$2.callBlockingMethod(OzoneManagerProtocolProtos.java) [ozone-interface-client-1.4.0-SNAPSHOT.jar:?]
	at org.apache.hadoop.ipc.ProtobufRpcEngine$Server.processCall(ProtobufRpcEngine.java:484) [hadoop-common-3.3.6.jar:?]
	at org.apache.hadoop.ipc.ProtobufRpcEngine2$Server$ProtoBufRpcInvoker.call(ProtobufRpcEngine2.java:595) [hadoop-common-3.3.6.jar:?]
	at org.apache.hadoop.ipc.ProtobufRpcEngine2$Server$ProtoBufRpcInvoker.call(ProtobufRpcEngine2.java:573) [hadoop-common-3.3.6.jar:?]
	at org.apache.hadoop.ipc.RPC$Server.call(RPC.java:1227) [hadoop-common-3.3.6.jar:?]
	at org.apache.hadoop.ipc.Server$RpcCall.run(Server.java:1094) [hadoop-common-3.3.6.jar:?]
	at org.apache.hadoop.ipc.Server$RpcCall.run(Server.java:1017) [hadoop-common-3.3.6.jar:?]
	at java.security.AccessController.doPrivileged(Native Method) ~[?:1.8.0_382]
	at javax.security.auth.Subject.doAs(Subject.java:422) [?:1.8.0_382]
	at org.apache.hadoop.security.UserGroupInformation.doAs(UserGroupInformation.java:1899) [hadoop-common-3.3.6.jar:?]
	at org.apache.hadoop.ipc.Server$Handler.run(Server.java:3048) [hadoop-common-3.3.6.jar:?]
17:31:24.642 [IPC Server handler 10 on default port 15057] ERROR OMAudit - user=runner | ip=127.0.0.1 | op=GET_FILE_STATUS {volume=volume39856, bucket=bucket94778, key=d1/d2/d3/d4/invalidkey, dataSize=0, replicationConfig=null} | ret=FAILURE
org.apache.hadoop.ozone.om.exceptions.OMException: Unable to get file status: volume: volume39856 bucket: bucket94778 key: d1/d2/d3/d4/invalidkey
	at org.apache.hadoop.ozone.om.KeyManagerImpl.getOzoneFileStatus(KeyManagerImpl.java:1227) ~[ozone-manager-1.4.0-SNAPSHOT.jar:?]
	at org.apache.hadoop.ozone.om.KeyManagerImpl.getFileStatus(KeyManagerImpl.java:1145) ~[ozone-manager-1.4.0-SNAPSHOT.jar:?]
	at org.apache.hadoop.ozone.om.OmMetadataReader.getFileStatus(OmMetadataReader.java:266) ~[ozone-manager-1.4.0-SNAPSHOT.jar:?]
	at org.apache.hadoop.ozone.om.OzoneManager.getFileStatus(OzoneManager.java:3585) ~[ozone-manager-1.4.0-SNAPSHOT.jar:?]
	at org.apache.hadoop.ozone.protocolPB.OzoneManagerRequestHandler.getOzoneFileStatus(OzoneManagerRequestHandler.java:998) ~[ozone-manager-1.4.0-SNAPSHOT.jar:?]
	at org.apache.hadoop.ozone.protocolPB.OzoneManagerRequestHandler.handleReadRequest(OzoneManagerRequestHandler.java:259) ~[ozone-manager-1.4.0-SNAPSHOT.jar:?]
	at org.apache.hadoop.ozone.protocolPB.OzoneManagerProtocolServerSideTranslatorPB.submitRequestDirectlyToOM(OzoneManagerProtocolServerSideTranslatorPB.java:274) ~[ozone-manager-1.4.0-SNAPSHOT.jar:?]
	at org.apache.hadoop.ozone.protocolPB.OzoneManagerProtocolServerSideTranslatorPB.processRequest(OzoneManagerProtocolServerSideTranslatorPB.java:175) ~[ozone-manager-1.4.0-SNAPSHOT.jar:?]
	at org.apache.hadoop.hdds.server.OzoneProtocolMessageDispatcher.processRequest(OzoneProtocolMessageDispatcher.java:87) [hdds-server-framework-1.4.0-SNAPSHOT.jar:?]
	at org.apache.hadoop.ozone.protocolPB.OzoneManagerProtocolServerSideTranslatorPB.submitRequest(OzoneManagerProtocolServerSideTranslatorPB.java:148) [ozone-manager-1.4.0-SNAPSHOT.jar:?]
	at org.apache.hadoop.ozone.protocol.proto.OzoneManagerProtocolProtos$OzoneManagerService$2.callBlockingMethod(OzoneManagerProtocolProtos.java) [ozone-interface-client-1.4.0-SNAPSHOT.jar:?]
	at org.apache.hadoop.ipc.ProtobufRpcEngine$Server.processCall(ProtobufRpcEngine.java:484) [hadoop-common-3.3.6.jar:?]
	at org.apache.hadoop.ipc.ProtobufRpcEngine2$Server$ProtoBufRpcInvoker.call(ProtobufRpcEngine2.java:595) [hadoop-common-3.3.6.jar:?]
	at org.apache.hadoop.ipc.ProtobufRpcEngine2$Server$ProtoBufRpcInvoker.call(ProtobufRpcEngine2.java:573) [hadoop-common-3.3.6.jar:?]
	at org.apache.hadoop.ipc.RPC$Server.call(RPC.java:1227) [hadoop-common-3.3.6.jar:?]
	at org.apache.hadoop.ipc.Server$RpcCall.run(Server.java:1094) [hadoop-common-3.3.6.jar:?]
	at org.apache.hadoop.ipc.Server$RpcCall.run(Server.java:1017) [hadoop-common-3.3.6.jar:?]
	at java.security.AccessController.doPrivileged(Native Method) ~[?:1.8.0_382]
	at javax.security.auth.Subject.doAs(Subject.java:422) [?:1.8.0_382]
	at org.apache.hadoop.security.UserGroupInformation.doAs(UserGroupInformation.java:1899) [hadoop-common-3.3.6.jar:?]
	at org.apache.hadoop.ipc.Server$Handler.run(Server.java:3048) [hadoop-common-3.3.6.jar:?]
]]></system-out>
  </testcase>
  <testcase name="testCreateFileShouldCheckExistenceOfDirWithSameName" classname="TestOzoneFileSystem" time="0.036">
    <system-out><![CDATA[17:32:35.090 [OM StateMachine ApplyTransaction Thread - 0] ERROR OMAudit - user=runner | ip=127.0.0.1 | op=CREATE_FILE {volume=volume98659, bucket=bucket57585, key=d1/d2/d3/d4/key2, dataSize=4194304, replicationType=RATIS, replicationFactor=THREE} | ret=FAILURE
org.apache.hadoop.ozone.om.exceptions.OMException: Can not write to directory: d1/d2/d3/d4/key2
	at org.apache.hadoop.ozone.om.request.file.OMFileCreateRequest.checkDirectoryResult(OMFileCreateRequest.java:363) ~[ozone-manager-1.4.0-SNAPSHOT.jar:?]
	at org.apache.hadoop.ozone.om.request.file.OMFileCreateRequest.validateAndUpdateCache(OMFileCreateRequest.java:237) ~[ozone-manager-1.4.0-SNAPSHOT.jar:?]
	at org.apache.hadoop.ozone.protocolPB.OzoneManagerRequestHandler.handleWriteRequest(OzoneManagerRequestHandler.java:382) ~[ozone-manager-1.4.0-SNAPSHOT.jar:?]
	at org.apache.hadoop.ozone.om.ratis.OzoneManagerStateMachine.runCommand(OzoneManagerStateMachine.java:572) ~[ozone-manager-1.4.0-SNAPSHOT.jar:?]
	at org.apache.hadoop.ozone.om.ratis.OzoneManagerStateMachine.lambda$1(OzoneManagerStateMachine.java:362) ~[ozone-manager-1.4.0-SNAPSHOT.jar:?]
	at java.util.concurrent.CompletableFuture$AsyncSupply.run(CompletableFuture.java:1604) [?:1.8.0_382]
	at java.util.concurrent.ThreadPoolExecutor.runWorker(ThreadPoolExecutor.java:1149) [?:1.8.0_382]
	at java.util.concurrent.ThreadPoolExecutor$Worker.run(ThreadPoolExecutor.java:624) [?:1.8.0_382]
	at java.lang.Thread.run(Thread.java:750) [?:1.8.0_382]
2023-10-04 17:32:35,090 [OM StateMachine ApplyTransaction Thread - 0] ERROR file.OMFileCreateRequest (OMFileCreateRequest.java:validateAndUpdateCache(336)) - File create failed. Volume:volume98659, Bucket:bucket57585, Keyd1/d2/d3/d4/key2.
NOT_A_FILE org.apache.hadoop.ozone.om.exceptions.OMException: Can not write to directory: d1/d2/d3/d4/key2
	at org.apache.hadoop.ozone.om.request.file.OMFileCreateRequest.checkDirectoryResult(OMFileCreateRequest.java:363)
	at org.apache.hadoop.ozone.om.request.file.OMFileCreateRequest.validateAndUpdateCache(OMFileCreateRequest.java:237)
	at org.apache.hadoop.ozone.protocolPB.OzoneManagerRequestHandler.handleWriteRequest(OzoneManagerRequestHandler.java:382)
	at org.apache.hadoop.ozone.om.ratis.OzoneManagerStateMachine.runCommand(OzoneManagerStateMachine.java:572)
	at org.apache.hadoop.ozone.om.ratis.OzoneManagerStateMachine.lambda$1(OzoneManagerStateMachine.java:362)
	at java.util.concurrent.CompletableFuture$AsyncSupply.run(CompletableFuture.java:1604)
	at java.util.concurrent.ThreadPoolExecutor.runWorker(ThreadPoolExecutor.java:1149)
	at java.util.concurrent.ThreadPoolExecutor$Worker.run(ThreadPoolExecutor.java:624)
	at java.lang.Thread.run(Thread.java:750)
17:32:35.098 [OM StateMachine ApplyTransaction Thread - 0] ERROR OMAudit - user=runner | ip=127.0.0.1 | op=CREATE_DIRECTORY {volume=volume98659, bucket=bucket57585, key=d1/d2/d3/d4/key3, dataSize=0, replicationType=NONE, replicationFactor=ZERO} | ret=FAILURE
org.apache.hadoop.ozone.om.exceptions.OMException: Unable to create directory: d1/d2/d3/d4/key3 in volume/bucket: volume98659/bucket57585
	at org.apache.hadoop.ozone.om.request.file.OMDirectoryCreateRequest.validateAndUpdateCache(OMDirectoryCreateRequest.java:194) ~[ozone-manager-1.4.0-SNAPSHOT.jar:?]
	at org.apache.hadoop.ozone.protocolPB.OzoneManagerRequestHandler.handleWriteRequest(OzoneManagerRequestHandler.java:382) ~[ozone-manager-1.4.0-SNAPSHOT.jar:?]
	at org.apache.hadoop.ozone.om.ratis.OzoneManagerStateMachine.runCommand(OzoneManagerStateMachine.java:572) ~[ozone-manager-1.4.0-SNAPSHOT.jar:?]
	at org.apache.hadoop.ozone.om.ratis.OzoneManagerStateMachine.lambda$1(OzoneManagerStateMachine.java:362) ~[ozone-manager-1.4.0-SNAPSHOT.jar:?]
	at java.util.concurrent.CompletableFuture$AsyncSupply.run(CompletableFuture.java:1604) [?:1.8.0_382]
	at java.util.concurrent.ThreadPoolExecutor.runWorker(ThreadPoolExecutor.java:1149) [?:1.8.0_382]
	at java.util.concurrent.ThreadPoolExecutor$Worker.run(ThreadPoolExecutor.java:624) [?:1.8.0_382]
	at java.lang.Thread.run(Thread.java:750) [?:1.8.0_382]
2023-10-04 17:32:35,098 [OM StateMachine ApplyTransaction Thread - 0] ERROR file.OMDirectoryCreateRequest (OMDirectoryCreateRequest.java:logResult(334)) - Directory creation failed. Volume:volume98659, Bucket:bucket57585, Keyd1/d2/d3/d4/key3. Exception:{}
FILE_ALREADY_EXISTS org.apache.hadoop.ozone.om.exceptions.OMException: Unable to create directory: d1/d2/d3/d4/key3 in volume/bucket: volume98659/bucket57585
	at org.apache.hadoop.ozone.om.request.file.OMDirectoryCreateRequest.validateAndUpdateCache(OMDirectoryCreateRequest.java:194)
	at org.apache.hadoop.ozone.protocolPB.OzoneManagerRequestHandler.handleWriteRequest(OzoneManagerRequestHandler.java:382)
	at org.apache.hadoop.ozone.om.ratis.OzoneManagerStateMachine.runCommand(OzoneManagerStateMachine.java:572)
	at org.apache.hadoop.ozone.om.ratis.OzoneManagerStateMachine.lambda$1(OzoneManagerStateMachine.java:362)
	at java.util.concurrent.CompletableFuture$AsyncSupply.run(CompletableFuture.java:1604)
	at java.util.concurrent.ThreadPoolExecutor.runWorker(ThreadPoolExecutor.java:1149)
	at java.util.concurrent.ThreadPoolExecutor$Worker.run(ThreadPoolExecutor.java:624)
	at java.lang.Thread.run(Thread.java:750)
17:32:35.102 [OM StateMachine ApplyTransaction Thread - 0] ERROR OMAudit - user=runner | ip=127.0.0.1 | op=CREATE_FILE {volume=volume98659, bucket=bucket57585, key=d1/d2/d3, dataSize=4194304, replicationType=RATIS, replicationFactor=THREE} | ret=FAILURE
org.apache.hadoop.ozone.om.exceptions.OMException: Can not write to directory: d1/d2/d3
	at org.apache.hadoop.ozone.om.request.file.OMFileCreateRequest.checkDirectoryResult(OMFileCreateRequest.java:363) ~[ozone-manager-1.4.0-SNAPSHOT.jar:?]
	at org.apache.hadoop.ozone.om.request.file.OMFileCreateRequest.validateAndUpdateCache(OMFileCreateRequest.java:237) ~[ozone-manager-1.4.0-SNAPSHOT.jar:?]
	at org.apache.hadoop.ozone.protocolPB.OzoneManagerRequestHandler.handleWriteRequest(OzoneManagerRequestHandler.java:382) ~[ozone-manager-1.4.0-SNAPSHOT.jar:?]
	at org.apache.hadoop.ozone.om.ratis.OzoneManagerStateMachine.runCommand(OzoneManagerStateMachine.java:572) ~[ozone-manager-1.4.0-SNAPSHOT.jar:?]
	at org.apache.hadoop.ozone.om.ratis.OzoneManagerStateMachine.lambda$1(OzoneManagerStateMachine.java:362) ~[ozone-manager-1.4.0-SNAPSHOT.jar:?]
	at java.util.concurrent.CompletableFuture$AsyncSupply.run(CompletableFuture.java:1604) [?:1.8.0_382]
	at java.util.concurrent.ThreadPoolExecutor.runWorker(ThreadPoolExecutor.java:1149) [?:1.8.0_382]
	at java.util.concurrent.ThreadPoolExecutor$Worker.run(ThreadPoolExecutor.java:624) [?:1.8.0_382]
	at java.lang.Thread.run(Thread.java:750) [?:1.8.0_382]
2023-10-04 17:32:35,103 [OM StateMachine ApplyTransaction Thread - 0] ERROR file.OMFileCreateRequest (OMFileCreateRequest.java:validateAndUpdateCache(336)) - File create failed. Volume:volume98659, Bucket:bucket57585, Keyd1/d2/d3.
NOT_A_FILE org.apache.hadoop.ozone.om.exceptions.OMException: Can not write to directory: d1/d2/d3
	at org.apache.hadoop.ozone.om.request.file.OMFileCreateRequest.checkDirectoryResult(OMFileCreateRequest.java:363)
	at org.apache.hadoop.ozone.om.request.file.OMFileCreateRequest.validateAndUpdateCache(OMFileCreateRequest.java:237)
	at org.apache.hadoop.ozone.protocolPB.OzoneManagerRequestHandler.handleWriteRequest(OzoneManagerRequestHandler.java:382)
	at org.apache.hadoop.ozone.om.ratis.OzoneManagerStateMachine.runCommand(OzoneManagerStateMachine.java:572)
	at org.apache.hadoop.ozone.om.ratis.OzoneManagerStateMachine.lambda$1(OzoneManagerStateMachine.java:362)
	at java.util.concurrent.CompletableFuture$AsyncSupply.run(CompletableFuture.java:1604)
	at java.util.concurrent.ThreadPoolExecutor.runWorker(ThreadPoolExecutor.java:1149)
	at java.util.concurrent.ThreadPoolExecutor$Worker.run(ThreadPoolExecutor.java:624)
	at java.lang.Thread.run(Thread.java:750)
17:32:35.104 [IPC Server handler 18 on default port 15110] ERROR OMAudit - user=runner | ip=127.0.0.1 | op=GET_FILE_STATUS {volume=volume98659, bucket=bucket57585, key=d1/d2/d3/d4/key3/invalid, dataSize=0, replicationConfig=null} | ret=FAILURE
org.apache.hadoop.ozone.om.exceptions.OMException: Unable to get file status: volume: volume98659 bucket: bucket57585 key: d1/d2/d3/d4/key3/invalid
	at org.apache.hadoop.ozone.om.KeyManagerImpl.getOzoneFileStatus(KeyManagerImpl.java:1227) ~[ozone-manager-1.4.0-SNAPSHOT.jar:?]
	at org.apache.hadoop.ozone.om.KeyManagerImpl.getFileStatus(KeyManagerImpl.java:1145) ~[ozone-manager-1.4.0-SNAPSHOT.jar:?]
	at org.apache.hadoop.ozone.om.OmMetadataReader.getFileStatus(OmMetadataReader.java:266) ~[ozone-manager-1.4.0-SNAPSHOT.jar:?]
	at org.apache.hadoop.ozone.om.OzoneManager.getFileStatus(OzoneManager.java:3585) ~[ozone-manager-1.4.0-SNAPSHOT.jar:?]
	at org.apache.hadoop.ozone.protocolPB.OzoneManagerRequestHandler.getOzoneFileStatus(OzoneManagerRequestHandler.java:998) ~[ozone-manager-1.4.0-SNAPSHOT.jar:?]
	at org.apache.hadoop.ozone.protocolPB.OzoneManagerRequestHandler.handleReadRequest(OzoneManagerRequestHandler.java:259) ~[ozone-manager-1.4.0-SNAPSHOT.jar:?]
	at org.apache.hadoop.ozone.protocolPB.OzoneManagerProtocolServerSideTranslatorPB.submitReadRequestToOM(OzoneManagerProtocolServerSideTranslatorPB.java:225) ~[ozone-manager-1.4.0-SNAPSHOT.jar:?]
	at org.apache.hadoop.ozone.protocolPB.OzoneManagerProtocolServerSideTranslatorPB.processRequest(OzoneManagerProtocolServerSideTranslatorPB.java:179) ~[ozone-manager-1.4.0-SNAPSHOT.jar:?]
	at org.apache.hadoop.hdds.server.OzoneProtocolMessageDispatcher.processRequest(OzoneProtocolMessageDispatcher.java:87) [hdds-server-framework-1.4.0-SNAPSHOT.jar:?]
	at org.apache.hadoop.ozone.protocolPB.OzoneManagerProtocolServerSideTranslatorPB.submitRequest(OzoneManagerProtocolServerSideTranslatorPB.java:148) [ozone-manager-1.4.0-SNAPSHOT.jar:?]
	at org.apache.hadoop.ozone.protocol.proto.OzoneManagerProtocolProtos$OzoneManagerService$2.callBlockingMethod(OzoneManagerProtocolProtos.java) [ozone-interface-client-1.4.0-SNAPSHOT.jar:?]
	at org.apache.hadoop.ipc.ProtobufRpcEngine$Server.processCall(ProtobufRpcEngine.java:484) [hadoop-common-3.3.6.jar:?]
	at org.apache.hadoop.ipc.ProtobufRpcEngine2$Server$ProtoBufRpcInvoker.call(ProtobufRpcEngine2.java:595) [hadoop-common-3.3.6.jar:?]
	at org.apache.hadoop.ipc.ProtobufRpcEngine2$Server$ProtoBufRpcInvoker.call(ProtobufRpcEngine2.java:573) [hadoop-common-3.3.6.jar:?]
	at org.apache.hadoop.ipc.RPC$Server.call(RPC.java:1227) [hadoop-common-3.3.6.jar:?]
	at org.apache.hadoop.ipc.Server$RpcCall.run(Server.java:1094) [hadoop-common-3.3.6.jar:?]
	at org.apache.hadoop.ipc.Server$RpcCall.run(Server.java:1017) [hadoop-common-3.3.6.jar:?]
	at java.security.AccessController.doPrivileged(Native Method) ~[?:1.8.0_382]
	at javax.security.auth.Subject.doAs(Subject.java:422) [?:1.8.0_382]
	at org.apache.hadoop.security.UserGroupInformation.doAs(UserGroupInformation.java:1899) [hadoop-common-3.3.6.jar:?]
	at org.apache.hadoop.ipc.Server$Handler.run(Server.java:3048) [hadoop-common-3.3.6.jar:?]
17:32:35.105 [IPC Server handler 11 on default port 15110] ERROR OMAudit - user=runner | ip=127.0.0.1 | op=GET_FILE_STATUS {volume=volume98659, bucket=bucket57585, key=d1/d2/d3/d4/invalidkey, dataSize=0, replicationConfig=null} | ret=FAILURE
org.apache.hadoop.ozone.om.exceptions.OMException: Unable to get file status: volume: volume98659 bucket: bucket57585 key: d1/d2/d3/d4/invalidkey
	at org.apache.hadoop.ozone.om.KeyManagerImpl.getOzoneFileStatus(KeyManagerImpl.java:1227) ~[ozone-manager-1.4.0-SNAPSHOT.jar:?]
	at org.apache.hadoop.ozone.om.KeyManagerImpl.getFileStatus(KeyManagerImpl.java:1145) ~[ozone-manager-1.4.0-SNAPSHOT.jar:?]
	at org.apache.hadoop.ozone.om.OmMetadataReader.getFileStatus(OmMetadataReader.java:266) ~[ozone-manager-1.4.0-SNAPSHOT.jar:?]
	at org.apache.hadoop.ozone.om.OzoneManager.getFileStatus(OzoneManager.java:3585) ~[ozone-manager-1.4.0-SNAPSHOT.jar:?]
	at org.apache.hadoop.ozone.protocolPB.OzoneManagerRequestHandler.getOzoneFileStatus(OzoneManagerRequestHandler.java:998) ~[ozone-manager-1.4.0-SNAPSHOT.jar:?]
	at org.apache.hadoop.ozone.protocolPB.OzoneManagerRequestHandler.handleReadRequest(OzoneManagerRequestHandler.java:259) ~[ozone-manager-1.4.0-SNAPSHOT.jar:?]
	at org.apache.hadoop.ozone.protocolPB.OzoneManagerProtocolServerSideTranslatorPB.submitReadRequestToOM(OzoneManagerProtocolServerSideTranslatorPB.java:225) ~[ozone-manager-1.4.0-SNAPSHOT.jar:?]
	at org.apache.hadoop.ozone.protocolPB.OzoneManagerProtocolServerSideTranslatorPB.processRequest(OzoneManagerProtocolServerSideTranslatorPB.java:179) ~[ozone-manager-1.4.0-SNAPSHOT.jar:?]
	at org.apache.hadoop.hdds.server.OzoneProtocolMessageDispatcher.processRequest(OzoneProtocolMessageDispatcher.java:87) [hdds-server-framework-1.4.0-SNAPSHOT.jar:?]
	at org.apache.hadoop.ozone.protocolPB.OzoneManagerProtocolServerSideTranslatorPB.submitRequest(OzoneManagerProtocolServerSideTranslatorPB.java:148) [ozone-manager-1.4.0-SNAPSHOT.jar:?]
	at org.apache.hadoop.ozone.protocol.proto.OzoneManagerProtocolProtos$OzoneManagerService$2.callBlockingMethod(OzoneManagerProtocolProtos.java) [ozone-interface-client-1.4.0-SNAPSHOT.jar:?]
	at org.apache.hadoop.ipc.ProtobufRpcEngine$Server.processCall(ProtobufRpcEngine.java:484) [hadoop-common-3.3.6.jar:?]
	at org.apache.hadoop.ipc.ProtobufRpcEngine2$Server$ProtoBufRpcInvoker.call(ProtobufRpcEngine2.java:595) [hadoop-common-3.3.6.jar:?]
	at org.apache.hadoop.ipc.ProtobufRpcEngine2$Server$ProtoBufRpcInvoker.call(ProtobufRpcEngine2.java:573) [hadoop-common-3.3.6.jar:?]
	at org.apache.hadoop.ipc.RPC$Server.call(RPC.java:1227) [hadoop-common-3.3.6.jar:?]
	at org.apache.hadoop.ipc.Server$RpcCall.run(Server.java:1094) [hadoop-common-3.3.6.jar:?]
	at org.apache.hadoop.ipc.Server$RpcCall.run(Server.java:1017) [hadoop-common-3.3.6.jar:?]
	at java.security.AccessController.doPrivileged(Native Method) ~[?:1.8.0_382]
	at javax.security.auth.Subject.doAs(Subject.java:422) [?:1.8.0_382]
	at org.apache.hadoop.security.UserGroupInformation.doAs(UserGroupInformation.java:1899) [hadoop-common-3.3.6.jar:?]
	at org.apache.hadoop.ipc.Server$Handler.run(Server.java:3048) [hadoop-common-3.3.6.jar:?]
]]></system-out>
  </testcase>
  <testcase name="testCreateFileShouldCheckExistenceOfDirWithSameName" classname="TestOzoneFileSystem" time="0.031">
    <system-out><![CDATA[17:33:52.947 [IPC Server handler 17 on default port 15163] ERROR OMAudit - user=runner | ip=127.0.0.1 | op=CREATE_FILE {volume=volume37245, bucket=bucket80016, key=d1/d2/d3/d4/key2, dataSize=4194304, replicationType=RATIS, replicationFactor=THREE} | ret=FAILURE
org.apache.hadoop.ozone.om.exceptions.OMException: Can not write to directory: d1/d2/d3/d4/key2
	at org.apache.hadoop.ozone.om.request.file.OMFileCreateRequest.checkDirectoryResult(OMFileCreateRequest.java:363) ~[ozone-manager-1.4.0-SNAPSHOT.jar:?]
	at org.apache.hadoop.ozone.om.request.file.OMFileCreateRequest.validateAndUpdateCache(OMFileCreateRequest.java:237) ~[ozone-manager-1.4.0-SNAPSHOT.jar:?]
	at org.apache.hadoop.ozone.protocolPB.OzoneManagerRequestHandler.handleWriteRequest(OzoneManagerRequestHandler.java:382) ~[ozone-manager-1.4.0-SNAPSHOT.jar:?]
	at org.apache.hadoop.ozone.protocolPB.OzoneManagerProtocolServerSideTranslatorPB.submitRequestDirectlyToOM(OzoneManagerProtocolServerSideTranslatorPB.java:280) ~[ozone-manager-1.4.0-SNAPSHOT.jar:?]
	at org.apache.hadoop.ozone.protocolPB.OzoneManagerProtocolServerSideTranslatorPB.processRequest(OzoneManagerProtocolServerSideTranslatorPB.java:175) ~[ozone-manager-1.4.0-SNAPSHOT.jar:?]
	at org.apache.hadoop.hdds.server.OzoneProtocolMessageDispatcher.processRequest(OzoneProtocolMessageDispatcher.java:87) [hdds-server-framework-1.4.0-SNAPSHOT.jar:?]
	at org.apache.hadoop.ozone.protocolPB.OzoneManagerProtocolServerSideTranslatorPB.submitRequest(OzoneManagerProtocolServerSideTranslatorPB.java:148) [ozone-manager-1.4.0-SNAPSHOT.jar:?]
	at org.apache.hadoop.ozone.protocol.proto.OzoneManagerProtocolProtos$OzoneManagerService$2.callBlockingMethod(OzoneManagerProtocolProtos.java) [ozone-interface-client-1.4.0-SNAPSHOT.jar:?]
	at org.apache.hadoop.ipc.ProtobufRpcEngine$Server.processCall(ProtobufRpcEngine.java:484) [hadoop-common-3.3.6.jar:?]
	at org.apache.hadoop.ipc.ProtobufRpcEngine2$Server$ProtoBufRpcInvoker.call(ProtobufRpcEngine2.java:595) [hadoop-common-3.3.6.jar:?]
	at org.apache.hadoop.ipc.ProtobufRpcEngine2$Server$ProtoBufRpcInvoker.call(ProtobufRpcEngine2.java:573) [hadoop-common-3.3.6.jar:?]
	at org.apache.hadoop.ipc.RPC$Server.call(RPC.java:1227) [hadoop-common-3.3.6.jar:?]
	at org.apache.hadoop.ipc.Server$RpcCall.run(Server.java:1094) [hadoop-common-3.3.6.jar:?]
	at org.apache.hadoop.ipc.Server$RpcCall.run(Server.java:1017) [hadoop-common-3.3.6.jar:?]
	at java.security.AccessController.doPrivileged(Native Method) ~[?:1.8.0_382]
	at javax.security.auth.Subject.doAs(Subject.java:422) [?:1.8.0_382]
	at org.apache.hadoop.security.UserGroupInformation.doAs(UserGroupInformation.java:1899) [hadoop-common-3.3.6.jar:?]
	at org.apache.hadoop.ipc.Server$Handler.run(Server.java:3048) [hadoop-common-3.3.6.jar:?]
2023-10-04 17:33:52,947 [IPC Server handler 17 on default port 15163] ERROR file.OMFileCreateRequest (OMFileCreateRequest.java:validateAndUpdateCache(336)) - File create failed. Volume:volume37245, Bucket:bucket80016, Keyd1/d2/d3/d4/key2.
NOT_A_FILE org.apache.hadoop.ozone.om.exceptions.OMException: Can not write to directory: d1/d2/d3/d4/key2
	at org.apache.hadoop.ozone.om.request.file.OMFileCreateRequest.checkDirectoryResult(OMFileCreateRequest.java:363)
	at org.apache.hadoop.ozone.om.request.file.OMFileCreateRequest.validateAndUpdateCache(OMFileCreateRequest.java:237)
	at org.apache.hadoop.ozone.protocolPB.OzoneManagerRequestHandler.handleWriteRequest(OzoneManagerRequestHandler.java:382)
	at org.apache.hadoop.ozone.protocolPB.OzoneManagerProtocolServerSideTranslatorPB.submitRequestDirectlyToOM(OzoneManagerProtocolServerSideTranslatorPB.java:280)
	at org.apache.hadoop.ozone.protocolPB.OzoneManagerProtocolServerSideTranslatorPB.processRequest(OzoneManagerProtocolServerSideTranslatorPB.java:175)
	at org.apache.hadoop.hdds.server.OzoneProtocolMessageDispatcher.processRequest(OzoneProtocolMessageDispatcher.java:87)
	at org.apache.hadoop.ozone.protocolPB.OzoneManagerProtocolServerSideTranslatorPB.submitRequest(OzoneManagerProtocolServerSideTranslatorPB.java:148)
	at org.apache.hadoop.ozone.protocol.proto.OzoneManagerProtocolProtos$OzoneManagerService$2.callBlockingMethod(OzoneManagerProtocolProtos.java)
	at org.apache.hadoop.ipc.ProtobufRpcEngine$Server.processCall(ProtobufRpcEngine.java:484)
	at org.apache.hadoop.ipc.ProtobufRpcEngine2$Server$ProtoBufRpcInvoker.call(ProtobufRpcEngine2.java:595)
	at org.apache.hadoop.ipc.ProtobufRpcEngine2$Server$ProtoBufRpcInvoker.call(ProtobufRpcEngine2.java:573)
	at org.apache.hadoop.ipc.RPC$Server.call(RPC.java:1227)
	at org.apache.hadoop.ipc.Server$RpcCall.run(Server.java:1094)
	at org.apache.hadoop.ipc.Server$RpcCall.run(Server.java:1017)
	at java.security.AccessController.doPrivileged(Native Method)
	at javax.security.auth.Subject.doAs(Subject.java:422)
	at org.apache.hadoop.security.UserGroupInformation.doAs(UserGroupInformation.java:1899)
	at org.apache.hadoop.ipc.Server$Handler.run(Server.java:3048)
17:33:52.952 [IPC Server handler 16 on default port 15163] ERROR OMAudit - user=runner | ip=127.0.0.1 | op=CREATE_DIRECTORY {volume=volume37245, bucket=bucket80016, key=d1/d2/d3/d4/key3, dataSize=0, replicationType=NONE, replicationFactor=ZERO} | ret=FAILURE
org.apache.hadoop.ozone.om.exceptions.OMException: Unable to create directory: d1/d2/d3/d4/key3 in volume/bucket: volume37245/bucket80016
	at org.apache.hadoop.ozone.om.request.file.OMDirectoryCreateRequest.validateAndUpdateCache(OMDirectoryCreateRequest.java:194) ~[ozone-manager-1.4.0-SNAPSHOT.jar:?]
	at org.apache.hadoop.ozone.protocolPB.OzoneManagerRequestHandler.handleWriteRequest(OzoneManagerRequestHandler.java:382) ~[ozone-manager-1.4.0-SNAPSHOT.jar:?]
	at org.apache.hadoop.ozone.protocolPB.OzoneManagerProtocolServerSideTranslatorPB.submitRequestDirectlyToOM(OzoneManagerProtocolServerSideTranslatorPB.java:280) ~[ozone-manager-1.4.0-SNAPSHOT.jar:?]
	at org.apache.hadoop.ozone.protocolPB.OzoneManagerProtocolServerSideTranslatorPB.processRequest(OzoneManagerProtocolServerSideTranslatorPB.java:175) ~[ozone-manager-1.4.0-SNAPSHOT.jar:?]
	at org.apache.hadoop.hdds.server.OzoneProtocolMessageDispatcher.processRequest(OzoneProtocolMessageDispatcher.java:87) [hdds-server-framework-1.4.0-SNAPSHOT.jar:?]
	at org.apache.hadoop.ozone.protocolPB.OzoneManagerProtocolServerSideTranslatorPB.submitRequest(OzoneManagerProtocolServerSideTranslatorPB.java:148) [ozone-manager-1.4.0-SNAPSHOT.jar:?]
	at org.apache.hadoop.ozone.protocol.proto.OzoneManagerProtocolProtos$OzoneManagerService$2.callBlockingMethod(OzoneManagerProtocolProtos.java) [ozone-interface-client-1.4.0-SNAPSHOT.jar:?]
	at org.apache.hadoop.ipc.ProtobufRpcEngine$Server.processCall(ProtobufRpcEngine.java:484) [hadoop-common-3.3.6.jar:?]
	at org.apache.hadoop.ipc.ProtobufRpcEngine2$Server$ProtoBufRpcInvoker.call(ProtobufRpcEngine2.java:595) [hadoop-common-3.3.6.jar:?]
	at org.apache.hadoop.ipc.ProtobufRpcEngine2$Server$ProtoBufRpcInvoker.call(ProtobufRpcEngine2.java:573) [hadoop-common-3.3.6.jar:?]
	at org.apache.hadoop.ipc.RPC$Server.call(RPC.java:1227) [hadoop-common-3.3.6.jar:?]
	at org.apache.hadoop.ipc.Server$RpcCall.run(Server.java:1094) [hadoop-common-3.3.6.jar:?]
	at org.apache.hadoop.ipc.Server$RpcCall.run(Server.java:1017) [hadoop-common-3.3.6.jar:?]
	at java.security.AccessController.doPrivileged(Native Method) ~[?:1.8.0_382]
	at javax.security.auth.Subject.doAs(Subject.java:422) [?:1.8.0_382]
	at org.apache.hadoop.security.UserGroupInformation.doAs(UserGroupInformation.java:1899) [hadoop-common-3.3.6.jar:?]
	at org.apache.hadoop.ipc.Server$Handler.run(Server.java:3048) [hadoop-common-3.3.6.jar:?]
2023-10-04 17:33:52,952 [IPC Server handler 16 on default port 15163] ERROR file.OMDirectoryCreateRequest (OMDirectoryCreateRequest.java:logResult(334)) - Directory creation failed. Volume:volume37245, Bucket:bucket80016, Keyd1/d2/d3/d4/key3. Exception:{}
FILE_ALREADY_EXISTS org.apache.hadoop.ozone.om.exceptions.OMException: Unable to create directory: d1/d2/d3/d4/key3 in volume/bucket: volume37245/bucket80016
	at org.apache.hadoop.ozone.om.request.file.OMDirectoryCreateRequest.validateAndUpdateCache(OMDirectoryCreateRequest.java:194)
	at org.apache.hadoop.ozone.protocolPB.OzoneManagerRequestHandler.handleWriteRequest(OzoneManagerRequestHandler.java:382)
	at org.apache.hadoop.ozone.protocolPB.OzoneManagerProtocolServerSideTranslatorPB.submitRequestDirectlyToOM(OzoneManagerProtocolServerSideTranslatorPB.java:280)
	at org.apache.hadoop.ozone.protocolPB.OzoneManagerProtocolServerSideTranslatorPB.processRequest(OzoneManagerProtocolServerSideTranslatorPB.java:175)
	at org.apache.hadoop.hdds.server.OzoneProtocolMessageDispatcher.processRequest(OzoneProtocolMessageDispatcher.java:87)
	at org.apache.hadoop.ozone.protocolPB.OzoneManagerProtocolServerSideTranslatorPB.submitRequest(OzoneManagerProtocolServerSideTranslatorPB.java:148)
	at org.apache.hadoop.ozone.protocol.proto.OzoneManagerProtocolProtos$OzoneManagerService$2.callBlockingMethod(OzoneManagerProtocolProtos.java)
	at org.apache.hadoop.ipc.ProtobufRpcEngine$Server.processCall(ProtobufRpcEngine.java:484)
	at org.apache.hadoop.ipc.ProtobufRpcEngine2$Server$ProtoBufRpcInvoker.call(ProtobufRpcEngine2.java:595)
	at org.apache.hadoop.ipc.ProtobufRpcEngine2$Server$ProtoBufRpcInvoker.call(ProtobufRpcEngine2.java:573)
	at org.apache.hadoop.ipc.RPC$Server.call(RPC.java:1227)
	at org.apache.hadoop.ipc.Server$RpcCall.run(Server.java:1094)
	at org.apache.hadoop.ipc.Server$RpcCall.run(Server.java:1017)
	at java.security.AccessController.doPrivileged(Native Method)
	at javax.security.auth.Subject.doAs(Subject.java:422)
	at org.apache.hadoop.security.UserGroupInformation.doAs(UserGroupInformation.java:1899)
	at org.apache.hadoop.ipc.Server$Handler.run(Server.java:3048)
17:33:52.954 [IPC Server handler 13 on default port 15163] ERROR OMAudit - user=runner | ip=127.0.0.1 | op=CREATE_FILE {volume=volume37245, bucket=bucket80016, key=d1/d2/d3, dataSize=4194304, replicationType=RATIS, replicationFactor=THREE} | ret=FAILURE
org.apache.hadoop.ozone.om.exceptions.OMException: Can not write to directory: d1/d2/d3
	at org.apache.hadoop.ozone.om.request.file.OMFileCreateRequest.checkDirectoryResult(OMFileCreateRequest.java:363) ~[ozone-manager-1.4.0-SNAPSHOT.jar:?]
	at org.apache.hadoop.ozone.om.request.file.OMFileCreateRequest.validateAndUpdateCache(OMFileCreateRequest.java:237) ~[ozone-manager-1.4.0-SNAPSHOT.jar:?]
	at org.apache.hadoop.ozone.protocolPB.OzoneManagerRequestHandler.handleWriteRequest(OzoneManagerRequestHandler.java:382) ~[ozone-manager-1.4.0-SNAPSHOT.jar:?]
	at org.apache.hadoop.ozone.protocolPB.OzoneManagerProtocolServerSideTranslatorPB.submitRequestDirectlyToOM(OzoneManagerProtocolServerSideTranslatorPB.java:280) ~[ozone-manager-1.4.0-SNAPSHOT.jar:?]
	at org.apache.hadoop.ozone.protocolPB.OzoneManagerProtocolServerSideTranslatorPB.processRequest(OzoneManagerProtocolServerSideTranslatorPB.java:175) ~[ozone-manager-1.4.0-SNAPSHOT.jar:?]
	at org.apache.hadoop.hdds.server.OzoneProtocolMessageDispatcher.processRequest(OzoneProtocolMessageDispatcher.java:87) [hdds-server-framework-1.4.0-SNAPSHOT.jar:?]
	at org.apache.hadoop.ozone.protocolPB.OzoneManagerProtocolServerSideTranslatorPB.submitRequest(OzoneManagerProtocolServerSideTranslatorPB.java:148) [ozone-manager-1.4.0-SNAPSHOT.jar:?]
	at org.apache.hadoop.ozone.protocol.proto.OzoneManagerProtocolProtos$OzoneManagerService$2.callBlockingMethod(OzoneManagerProtocolProtos.java) [ozone-interface-client-1.4.0-SNAPSHOT.jar:?]
	at org.apache.hadoop.ipc.ProtobufRpcEngine$Server.processCall(ProtobufRpcEngine.java:484) [hadoop-common-3.3.6.jar:?]
	at org.apache.hadoop.ipc.ProtobufRpcEngine2$Server$ProtoBufRpcInvoker.call(ProtobufRpcEngine2.java:595) [hadoop-common-3.3.6.jar:?]
	at org.apache.hadoop.ipc.ProtobufRpcEngine2$Server$ProtoBufRpcInvoker.call(ProtobufRpcEngine2.java:573) [hadoop-common-3.3.6.jar:?]
	at org.apache.hadoop.ipc.RPC$Server.call(RPC.java:1227) [hadoop-common-3.3.6.jar:?]
	at org.apache.hadoop.ipc.Server$RpcCall.run(Server.java:1094) [hadoop-common-3.3.6.jar:?]
	at org.apache.hadoop.ipc.Server$RpcCall.run(Server.java:1017) [hadoop-common-3.3.6.jar:?]
	at java.security.AccessController.doPrivileged(Native Method) ~[?:1.8.0_382]
	at javax.security.auth.Subject.doAs(Subject.java:422) [?:1.8.0_382]
	at org.apache.hadoop.security.UserGroupInformation.doAs(UserGroupInformation.java:1899) [hadoop-common-3.3.6.jar:?]
	at org.apache.hadoop.ipc.Server$Handler.run(Server.java:3048) [hadoop-common-3.3.6.jar:?]
2023-10-04 17:33:52,954 [IPC Server handler 13 on default port 15163] ERROR file.OMFileCreateRequest (OMFileCreateRequest.java:validateAndUpdateCache(336)) - File create failed. Volume:volume37245, Bucket:bucket80016, Keyd1/d2/d3.
NOT_A_FILE org.apache.hadoop.ozone.om.exceptions.OMException: Can not write to directory: d1/d2/d3
	at org.apache.hadoop.ozone.om.request.file.OMFileCreateRequest.checkDirectoryResult(OMFileCreateRequest.java:363)
	at org.apache.hadoop.ozone.om.request.file.OMFileCreateRequest.validateAndUpdateCache(OMFileCreateRequest.java:237)
	at org.apache.hadoop.ozone.protocolPB.OzoneManagerRequestHandler.handleWriteRequest(OzoneManagerRequestHandler.java:382)
	at org.apache.hadoop.ozone.protocolPB.OzoneManagerProtocolServerSideTranslatorPB.submitRequestDirectlyToOM(OzoneManagerProtocolServerSideTranslatorPB.java:280)
	at org.apache.hadoop.ozone.protocolPB.OzoneManagerProtocolServerSideTranslatorPB.processRequest(OzoneManagerProtocolServerSideTranslatorPB.java:175)
	at org.apache.hadoop.hdds.server.OzoneProtocolMessageDispatcher.processRequest(OzoneProtocolMessageDispatcher.java:87)
	at org.apache.hadoop.ozone.protocolPB.OzoneManagerProtocolServerSideTranslatorPB.submitRequest(OzoneManagerProtocolServerSideTranslatorPB.java:148)
	at org.apache.hadoop.ozone.protocol.proto.OzoneManagerProtocolProtos$OzoneManagerService$2.callBlockingMethod(OzoneManagerProtocolProtos.java)
	at org.apache.hadoop.ipc.ProtobufRpcEngine$Server.processCall(ProtobufRpcEngine.java:484)
	at org.apache.hadoop.ipc.ProtobufRpcEngine2$Server$ProtoBufRpcInvoker.call(ProtobufRpcEngine2.java:595)
	at org.apache.hadoop.ipc.ProtobufRpcEngine2$Server$ProtoBufRpcInvoker.call(ProtobufRpcEngine2.java:573)
	at org.apache.hadoop.ipc.RPC$Server.call(RPC.java:1227)
	at org.apache.hadoop.ipc.Server$RpcCall.run(Server.java:1094)
	at org.apache.hadoop.ipc.Server$RpcCall.run(Server.java:1017)
	at java.security.AccessController.doPrivileged(Native Method)
	at javax.security.auth.Subject.doAs(Subject.java:422)
	at org.apache.hadoop.security.UserGroupInformation.doAs(UserGroupInformation.java:1899)
	at org.apache.hadoop.ipc.Server$Handler.run(Server.java:3048)
17:33:52.956 [IPC Server handler 2 on default port 15163] ERROR OMAudit - user=runner | ip=127.0.0.1 | op=GET_FILE_STATUS {volume=volume37245, bucket=bucket80016, key=d1/d2/d3/d4/key3/invalid, dataSize=0, replicationConfig=null} | ret=FAILURE
org.apache.hadoop.ozone.om.exceptions.OMException: Unable to get file status: volume: volume37245 bucket: bucket80016 key: d1/d2/d3/d4/key3/invalid
	at org.apache.hadoop.ozone.om.KeyManagerImpl.getOzoneFileStatus(KeyManagerImpl.java:1227) ~[ozone-manager-1.4.0-SNAPSHOT.jar:?]
	at org.apache.hadoop.ozone.om.KeyManagerImpl.getFileStatus(KeyManagerImpl.java:1145) ~[ozone-manager-1.4.0-SNAPSHOT.jar:?]
	at org.apache.hadoop.ozone.om.OmMetadataReader.getFileStatus(OmMetadataReader.java:266) ~[ozone-manager-1.4.0-SNAPSHOT.jar:?]
	at org.apache.hadoop.ozone.om.OzoneManager.getFileStatus(OzoneManager.java:3585) ~[ozone-manager-1.4.0-SNAPSHOT.jar:?]
	at org.apache.hadoop.ozone.protocolPB.OzoneManagerRequestHandler.getOzoneFileStatus(OzoneManagerRequestHandler.java:998) ~[ozone-manager-1.4.0-SNAPSHOT.jar:?]
	at org.apache.hadoop.ozone.protocolPB.OzoneManagerRequestHandler.handleReadRequest(OzoneManagerRequestHandler.java:259) ~[ozone-manager-1.4.0-SNAPSHOT.jar:?]
	at org.apache.hadoop.ozone.protocolPB.OzoneManagerProtocolServerSideTranslatorPB.submitRequestDirectlyToOM(OzoneManagerProtocolServerSideTranslatorPB.java:274) ~[ozone-manager-1.4.0-SNAPSHOT.jar:?]
	at org.apache.hadoop.ozone.protocolPB.OzoneManagerProtocolServerSideTranslatorPB.processRequest(OzoneManagerProtocolServerSideTranslatorPB.java:175) ~[ozone-manager-1.4.0-SNAPSHOT.jar:?]
	at org.apache.hadoop.hdds.server.OzoneProtocolMessageDispatcher.processRequest(OzoneProtocolMessageDispatcher.java:87) [hdds-server-framework-1.4.0-SNAPSHOT.jar:?]
	at org.apache.hadoop.ozone.protocolPB.OzoneManagerProtocolServerSideTranslatorPB.submitRequest(OzoneManagerProtocolServerSideTranslatorPB.java:148) [ozone-manager-1.4.0-SNAPSHOT.jar:?]
	at org.apache.hadoop.ozone.protocol.proto.OzoneManagerProtocolProtos$OzoneManagerService$2.callBlockingMethod(OzoneManagerProtocolProtos.java) [ozone-interface-client-1.4.0-SNAPSHOT.jar:?]
	at org.apache.hadoop.ipc.ProtobufRpcEngine$Server.processCall(ProtobufRpcEngine.java:484) [hadoop-common-3.3.6.jar:?]
	at org.apache.hadoop.ipc.ProtobufRpcEngine2$Server$ProtoBufRpcInvoker.call(ProtobufRpcEngine2.java:595) [hadoop-common-3.3.6.jar:?]
	at org.apache.hadoop.ipc.ProtobufRpcEngine2$Server$ProtoBufRpcInvoker.call(ProtobufRpcEngine2.java:573) [hadoop-common-3.3.6.jar:?]
	at org.apache.hadoop.ipc.RPC$Server.call(RPC.java:1227) [hadoop-common-3.3.6.jar:?]
	at org.apache.hadoop.ipc.Server$RpcCall.run(Server.java:1094) [hadoop-common-3.3.6.jar:?]
	at org.apache.hadoop.ipc.Server$RpcCall.run(Server.java:1017) [hadoop-common-3.3.6.jar:?]
	at java.security.AccessController.doPrivileged(Native Method) ~[?:1.8.0_382]
	at javax.security.auth.Subject.doAs(Subject.java:422) [?:1.8.0_382]
	at org.apache.hadoop.security.UserGroupInformation.doAs(UserGroupInformation.java:1899) [hadoop-common-3.3.6.jar:?]
	at org.apache.hadoop.ipc.Server$Handler.run(Server.java:3048) [hadoop-common-3.3.6.jar:?]
17:33:52.957 [IPC Server handler 1 on default port 15163] ERROR OMAudit - user=runner | ip=127.0.0.1 | op=GET_FILE_STATUS {volume=volume37245, bucket=bucket80016, key=d1/d2/d3/d4/invalidkey, dataSize=0, replicationConfig=null} | ret=FAILURE
org.apache.hadoop.ozone.om.exceptions.OMException: Unable to get file status: volume: volume37245 bucket: bucket80016 key: d1/d2/d3/d4/invalidkey
	at org.apache.hadoop.ozone.om.KeyManagerImpl.getOzoneFileStatus(KeyManagerImpl.java:1227) ~[ozone-manager-1.4.0-SNAPSHOT.jar:?]
	at org.apache.hadoop.ozone.om.KeyManagerImpl.getFileStatus(KeyManagerImpl.java:1145) ~[ozone-manager-1.4.0-SNAPSHOT.jar:?]
	at org.apache.hadoop.ozone.om.OmMetadataReader.getFileStatus(OmMetadataReader.java:266) ~[ozone-manager-1.4.0-SNAPSHOT.jar:?]
	at org.apache.hadoop.ozone.om.OzoneManager.getFileStatus(OzoneManager.java:3585) ~[ozone-manager-1.4.0-SNAPSHOT.jar:?]
	at org.apache.hadoop.ozone.protocolPB.OzoneManagerRequestHandler.getOzoneFileStatus(OzoneManagerRequestHandler.java:998) ~[ozone-manager-1.4.0-SNAPSHOT.jar:?]
	at org.apache.hadoop.ozone.protocolPB.OzoneManagerRequestHandler.handleReadRequest(OzoneManagerRequestHandler.java:259) ~[ozone-manager-1.4.0-SNAPSHOT.jar:?]
	at org.apache.hadoop.ozone.protocolPB.OzoneManagerProtocolServerSideTranslatorPB.submitRequestDirectlyToOM(OzoneManagerProtocolServerSideTranslatorPB.java:274) ~[ozone-manager-1.4.0-SNAPSHOT.jar:?]
	at org.apache.hadoop.ozone.protocolPB.OzoneManagerProtocolServerSideTranslatorPB.processRequest(OzoneManagerProtocolServerSideTranslatorPB.java:175) ~[ozone-manager-1.4.0-SNAPSHOT.jar:?]
	at org.apache.hadoop.hdds.server.OzoneProtocolMessageDispatcher.processRequest(OzoneProtocolMessageDispatcher.java:87) [hdds-server-framework-1.4.0-SNAPSHOT.jar:?]
	at org.apache.hadoop.ozone.protocolPB.OzoneManagerProtocolServerSideTranslatorPB.submitRequest(OzoneManagerProtocolServerSideTranslatorPB.java:148) [ozone-manager-1.4.0-SNAPSHOT.jar:?]
	at org.apache.hadoop.ozone.protocol.proto.OzoneManagerProtocolProtos$OzoneManagerService$2.callBlockingMethod(OzoneManagerProtocolProtos.java) [ozone-interface-client-1.4.0-SNAPSHOT.jar:?]
	at org.apache.hadoop.ipc.ProtobufRpcEngine$Server.processCall(ProtobufRpcEngine.java:484) [hadoop-common-3.3.6.jar:?]
	at org.apache.hadoop.ipc.ProtobufRpcEngine2$Server$ProtoBufRpcInvoker.call(ProtobufRpcEngine2.java:595) [hadoop-common-3.3.6.jar:?]
	at org.apache.hadoop.ipc.ProtobufRpcEngine2$Server$ProtoBufRpcInvoker.call(ProtobufRpcEngine2.java:573) [hadoop-common-3.3.6.jar:?]
	at org.apache.hadoop.ipc.RPC$Server.call(RPC.java:1227) [hadoop-common-3.3.6.jar:?]
	at org.apache.hadoop.ipc.Server$RpcCall.run(Server.java:1094) [hadoop-common-3.3.6.jar:?]
	at org.apache.hadoop.ipc.Server$RpcCall.run(Server.java:1017) [hadoop-common-3.3.6.jar:?]
	at java.security.AccessController.doPrivileged(Native Method) ~[?:1.8.0_382]
	at javax.security.auth.Subject.doAs(Subject.java:422) [?:1.8.0_382]
	at org.apache.hadoop.security.UserGroupInformation.doAs(UserGroupInformation.java:1899) [hadoop-common-3.3.6.jar:?]
	at org.apache.hadoop.ipc.Server$Handler.run(Server.java:3048) [hadoop-common-3.3.6.jar:?]
]]></system-out>
  </testcase>
  <testcase name="testRenameContainDelimiterFile" classname="TestOzoneFileSystem" time="0.05">
    <system-out><![CDATA[17:29:53.789 [IPC Server handler 11 on default port 15004] ERROR OMAudit - user=runner | ip=127.0.0.1 | op=GET_FILE_STATUS {volume=volume27687, bucket=bucket94524, key=dir1/dir2/key2, dataSize=0, replicationConfig=null} | ret=FAILURE
org.apache.hadoop.ozone.om.exceptions.OMException: Unable to get file status: volume: volume27687 bucket: bucket94524 key: dir1/dir2/key2
	at org.apache.hadoop.ozone.om.KeyManagerImpl.getOzoneFileStatus(KeyManagerImpl.java:1227) ~[ozone-manager-1.4.0-SNAPSHOT.jar:?]
	at org.apache.hadoop.ozone.om.KeyManagerImpl.getFileStatus(KeyManagerImpl.java:1145) ~[ozone-manager-1.4.0-SNAPSHOT.jar:?]
	at org.apache.hadoop.ozone.om.OmMetadataReader.getFileStatus(OmMetadataReader.java:266) ~[ozone-manager-1.4.0-SNAPSHOT.jar:?]
	at org.apache.hadoop.ozone.om.OzoneManager.getFileStatus(OzoneManager.java:3585) ~[ozone-manager-1.4.0-SNAPSHOT.jar:?]
	at org.apache.hadoop.ozone.protocolPB.OzoneManagerRequestHandler.getOzoneFileStatus(OzoneManagerRequestHandler.java:998) ~[ozone-manager-1.4.0-SNAPSHOT.jar:?]
	at org.apache.hadoop.ozone.protocolPB.OzoneManagerRequestHandler.handleReadRequest(OzoneManagerRequestHandler.java:259) ~[ozone-manager-1.4.0-SNAPSHOT.jar:?]
	at org.apache.hadoop.ozone.protocolPB.OzoneManagerProtocolServerSideTranslatorPB.submitReadRequestToOM(OzoneManagerProtocolServerSideTranslatorPB.java:225) ~[ozone-manager-1.4.0-SNAPSHOT.jar:?]
	at org.apache.hadoop.ozone.protocolPB.OzoneManagerProtocolServerSideTranslatorPB.processRequest(OzoneManagerProtocolServerSideTranslatorPB.java:179) ~[ozone-manager-1.4.0-SNAPSHOT.jar:?]
	at org.apache.hadoop.hdds.server.OzoneProtocolMessageDispatcher.processRequest(OzoneProtocolMessageDispatcher.java:87) [hdds-server-framework-1.4.0-SNAPSHOT.jar:?]
	at org.apache.hadoop.ozone.protocolPB.OzoneManagerProtocolServerSideTranslatorPB.submitRequest(OzoneManagerProtocolServerSideTranslatorPB.java:148) [ozone-manager-1.4.0-SNAPSHOT.jar:?]
	at org.apache.hadoop.ozone.protocol.proto.OzoneManagerProtocolProtos$OzoneManagerService$2.callBlockingMethod(OzoneManagerProtocolProtos.java) [ozone-interface-client-1.4.0-SNAPSHOT.jar:?]
	at org.apache.hadoop.ipc.ProtobufRpcEngine$Server.processCall(ProtobufRpcEngine.java:484) [hadoop-common-3.3.6.jar:?]
	at org.apache.hadoop.ipc.ProtobufRpcEngine2$Server$ProtoBufRpcInvoker.call(ProtobufRpcEngine2.java:595) [hadoop-common-3.3.6.jar:?]
	at org.apache.hadoop.ipc.ProtobufRpcEngine2$Server$ProtoBufRpcInvoker.call(ProtobufRpcEngine2.java:573) [hadoop-common-3.3.6.jar:?]
	at org.apache.hadoop.ipc.RPC$Server.call(RPC.java:1227) [hadoop-common-3.3.6.jar:?]
	at org.apache.hadoop.ipc.Server$RpcCall.run(Server.java:1094) [hadoop-common-3.3.6.jar:?]
	at org.apache.hadoop.ipc.Server$RpcCall.run(Server.java:1017) [hadoop-common-3.3.6.jar:?]
	at java.security.AccessController.doPrivileged(Native Method) ~[?:1.8.0_382]
	at javax.security.auth.Subject.doAs(Subject.java:422) [?:1.8.0_382]
	at org.apache.hadoop.security.UserGroupInformation.doAs(UserGroupInformation.java:1899) [hadoop-common-3.3.6.jar:?]
	at org.apache.hadoop.ipc.Server$Handler.run(Server.java:3048) [hadoop-common-3.3.6.jar:?]
17:29:53.801 [IPC Server handler 14 on default port 15004] ERROR OMAudit - user=runner | ip=127.0.0.1 | op=GET_FILE_STATUS {volume=volume27687, bucket=bucket94524, key=dir1/dir2/key1, dataSize=0, replicationConfig=null} | ret=FAILURE
org.apache.hadoop.ozone.om.exceptions.OMException: Unable to get file status: volume: volume27687 bucket: bucket94524 key: dir1/dir2/key1
	at org.apache.hadoop.ozone.om.KeyManagerImpl.getOzoneFileStatus(KeyManagerImpl.java:1227) ~[ozone-manager-1.4.0-SNAPSHOT.jar:?]
	at org.apache.hadoop.ozone.om.KeyManagerImpl.getFileStatus(KeyManagerImpl.java:1145) ~[ozone-manager-1.4.0-SNAPSHOT.jar:?]
	at org.apache.hadoop.ozone.om.OmMetadataReader.getFileStatus(OmMetadataReader.java:266) ~[ozone-manager-1.4.0-SNAPSHOT.jar:?]
	at org.apache.hadoop.ozone.om.OzoneManager.getFileStatus(OzoneManager.java:3585) ~[ozone-manager-1.4.0-SNAPSHOT.jar:?]
	at org.apache.hadoop.ozone.protocolPB.OzoneManagerRequestHandler.getOzoneFileStatus(OzoneManagerRequestHandler.java:998) ~[ozone-manager-1.4.0-SNAPSHOT.jar:?]
	at org.apache.hadoop.ozone.protocolPB.OzoneManagerRequestHandler.handleReadRequest(OzoneManagerRequestHandler.java:259) ~[ozone-manager-1.4.0-SNAPSHOT.jar:?]
	at org.apache.hadoop.ozone.protocolPB.OzoneManagerProtocolServerSideTranslatorPB.submitReadRequestToOM(OzoneManagerProtocolServerSideTranslatorPB.java:225) ~[ozone-manager-1.4.0-SNAPSHOT.jar:?]
	at org.apache.hadoop.ozone.protocolPB.OzoneManagerProtocolServerSideTranslatorPB.processRequest(OzoneManagerProtocolServerSideTranslatorPB.java:179) ~[ozone-manager-1.4.0-SNAPSHOT.jar:?]
	at org.apache.hadoop.hdds.server.OzoneProtocolMessageDispatcher.processRequest(OzoneProtocolMessageDispatcher.java:87) [hdds-server-framework-1.4.0-SNAPSHOT.jar:?]
	at org.apache.hadoop.ozone.protocolPB.OzoneManagerProtocolServerSideTranslatorPB.submitRequest(OzoneManagerProtocolServerSideTranslatorPB.java:148) [ozone-manager-1.4.0-SNAPSHOT.jar:?]
	at org.apache.hadoop.ozone.protocol.proto.OzoneManagerProtocolProtos$OzoneManagerService$2.callBlockingMethod(OzoneManagerProtocolProtos.java) [ozone-interface-client-1.4.0-SNAPSHOT.jar:?]
	at org.apache.hadoop.ipc.ProtobufRpcEngine$Server.processCall(ProtobufRpcEngine.java:484) [hadoop-common-3.3.6.jar:?]
	at org.apache.hadoop.ipc.ProtobufRpcEngine2$Server$ProtoBufRpcInvoker.call(ProtobufRpcEngine2.java:595) [hadoop-common-3.3.6.jar:?]
	at org.apache.hadoop.ipc.ProtobufRpcEngine2$Server$ProtoBufRpcInvoker.call(ProtobufRpcEngine2.java:573) [hadoop-common-3.3.6.jar:?]
	at org.apache.hadoop.ipc.RPC$Server.call(RPC.java:1227) [hadoop-common-3.3.6.jar:?]
	at org.apache.hadoop.ipc.Server$RpcCall.run(Server.java:1094) [hadoop-common-3.3.6.jar:?]
	at org.apache.hadoop.ipc.Server$RpcCall.run(Server.java:1017) [hadoop-common-3.3.6.jar:?]
	at java.security.AccessController.doPrivileged(Native Method) ~[?:1.8.0_382]
	at javax.security.auth.Subject.doAs(Subject.java:422) [?:1.8.0_382]
	at org.apache.hadoop.security.UserGroupInformation.doAs(UserGroupInformation.java:1899) [hadoop-common-3.3.6.jar:?]
	at org.apache.hadoop.ipc.Server$Handler.run(Server.java:3048) [hadoop-common-3.3.6.jar:?]
17:29:53.804 [IPC Server handler 17 on default port 15004] ERROR OMAudit - user=runner | ip=127.0.0.1 | op=GET_FILE_STATUS {volume=volume27687, bucket=bucket94524, key=user/runner/dir1, dataSize=0, replicationConfig=null} | ret=FAILURE
org.apache.hadoop.ozone.om.exceptions.OMException: Unable to get file status: volume: volume27687 bucket: bucket94524 key: user/runner/dir1
	at org.apache.hadoop.ozone.om.KeyManagerImpl.getOzoneFileStatus(KeyManagerImpl.java:1227) ~[ozone-manager-1.4.0-SNAPSHOT.jar:?]
	at org.apache.hadoop.ozone.om.KeyManagerImpl.getFileStatus(KeyManagerImpl.java:1145) ~[ozone-manager-1.4.0-SNAPSHOT.jar:?]
	at org.apache.hadoop.ozone.om.OmMetadataReader.getFileStatus(OmMetadataReader.java:266) ~[ozone-manager-1.4.0-SNAPSHOT.jar:?]
	at org.apache.hadoop.ozone.om.OzoneManager.getFileStatus(OzoneManager.java:3585) ~[ozone-manager-1.4.0-SNAPSHOT.jar:?]
	at org.apache.hadoop.ozone.protocolPB.OzoneManagerRequestHandler.getOzoneFileStatus(OzoneManagerRequestHandler.java:998) ~[ozone-manager-1.4.0-SNAPSHOT.jar:?]
	at org.apache.hadoop.ozone.protocolPB.OzoneManagerRequestHandler.handleReadRequest(OzoneManagerRequestHandler.java:259) ~[ozone-manager-1.4.0-SNAPSHOT.jar:?]
	at org.apache.hadoop.ozone.protocolPB.OzoneManagerProtocolServerSideTranslatorPB.submitReadRequestToOM(OzoneManagerProtocolServerSideTranslatorPB.java:225) ~[ozone-manager-1.4.0-SNAPSHOT.jar:?]
	at org.apache.hadoop.ozone.protocolPB.OzoneManagerProtocolServerSideTranslatorPB.processRequest(OzoneManagerProtocolServerSideTranslatorPB.java:179) ~[ozone-manager-1.4.0-SNAPSHOT.jar:?]
	at org.apache.hadoop.hdds.server.OzoneProtocolMessageDispatcher.processRequest(OzoneProtocolMessageDispatcher.java:87) [hdds-server-framework-1.4.0-SNAPSHOT.jar:?]
	at org.apache.hadoop.ozone.protocolPB.OzoneManagerProtocolServerSideTranslatorPB.submitRequest(OzoneManagerProtocolServerSideTranslatorPB.java:148) [ozone-manager-1.4.0-SNAPSHOT.jar:?]
	at org.apache.hadoop.ozone.protocol.proto.OzoneManagerProtocolProtos$OzoneManagerService$2.callBlockingMethod(OzoneManagerProtocolProtos.java) [ozone-interface-client-1.4.0-SNAPSHOT.jar:?]
	at org.apache.hadoop.ipc.ProtobufRpcEngine$Server.processCall(ProtobufRpcEngine.java:484) [hadoop-common-3.3.6.jar:?]
	at org.apache.hadoop.ipc.ProtobufRpcEngine2$Server$ProtoBufRpcInvoker.call(ProtobufRpcEngine2.java:595) [hadoop-common-3.3.6.jar:?]
	at org.apache.hadoop.ipc.ProtobufRpcEngine2$Server$ProtoBufRpcInvoker.call(ProtobufRpcEngine2.java:573) [hadoop-common-3.3.6.jar:?]
	at org.apache.hadoop.ipc.RPC$Server.call(RPC.java:1227) [hadoop-common-3.3.6.jar:?]
	at org.apache.hadoop.ipc.Server$RpcCall.run(Server.java:1094) [hadoop-common-3.3.6.jar:?]
	at org.apache.hadoop.ipc.Server$RpcCall.run(Server.java:1017) [hadoop-common-3.3.6.jar:?]
	at java.security.AccessController.doPrivileged(Native Method) ~[?:1.8.0_382]
	at javax.security.auth.Subject.doAs(Subject.java:422) [?:1.8.0_382]
	at org.apache.hadoop.security.UserGroupInformation.doAs(UserGroupInformation.java:1899) [hadoop-common-3.3.6.jar:?]
	at org.apache.hadoop.ipc.Server$Handler.run(Server.java:3048) [hadoop-common-3.3.6.jar:?]
17:29:53.806 [IPC Server handler 18 on default port 15004] ERROR OMAudit - user=runner | ip=127.0.0.1 | op=GET_FILE_STATUS {volume=volume27687, bucket=bucket94524, key=user/runner/dir1/dir2, dataSize=0, replicationConfig=null} | ret=FAILURE
org.apache.hadoop.ozone.om.exceptions.OMException: Unable to get file status: volume: volume27687 bucket: bucket94524 key: user/runner/dir1/dir2
	at org.apache.hadoop.ozone.om.KeyManagerImpl.getOzoneFileStatus(KeyManagerImpl.java:1227) ~[ozone-manager-1.4.0-SNAPSHOT.jar:?]
	at org.apache.hadoop.ozone.om.KeyManagerImpl.getFileStatus(KeyManagerImpl.java:1145) ~[ozone-manager-1.4.0-SNAPSHOT.jar:?]
	at org.apache.hadoop.ozone.om.OmMetadataReader.getFileStatus(OmMetadataReader.java:266) ~[ozone-manager-1.4.0-SNAPSHOT.jar:?]
	at org.apache.hadoop.ozone.om.OzoneManager.getFileStatus(OzoneManager.java:3585) ~[ozone-manager-1.4.0-SNAPSHOT.jar:?]
	at org.apache.hadoop.ozone.protocolPB.OzoneManagerRequestHandler.getOzoneFileStatus(OzoneManagerRequestHandler.java:998) ~[ozone-manager-1.4.0-SNAPSHOT.jar:?]
	at org.apache.hadoop.ozone.protocolPB.OzoneManagerRequestHandler.handleReadRequest(OzoneManagerRequestHandler.java:259) ~[ozone-manager-1.4.0-SNAPSHOT.jar:?]
	at org.apache.hadoop.ozone.protocolPB.OzoneManagerProtocolServerSideTranslatorPB.submitReadRequestToOM(OzoneManagerProtocolServerSideTranslatorPB.java:225) ~[ozone-manager-1.4.0-SNAPSHOT.jar:?]
	at org.apache.hadoop.ozone.protocolPB.OzoneManagerProtocolServerSideTranslatorPB.processRequest(OzoneManagerProtocolServerSideTranslatorPB.java:179) ~[ozone-manager-1.4.0-SNAPSHOT.jar:?]
	at org.apache.hadoop.hdds.server.OzoneProtocolMessageDispatcher.processRequest(OzoneProtocolMessageDispatcher.java:87) [hdds-server-framework-1.4.0-SNAPSHOT.jar:?]
	at org.apache.hadoop.ozone.protocolPB.OzoneManagerProtocolServerSideTranslatorPB.submitRequest(OzoneManagerProtocolServerSideTranslatorPB.java:148) [ozone-manager-1.4.0-SNAPSHOT.jar:?]
	at org.apache.hadoop.ozone.protocol.proto.OzoneManagerProtocolProtos$OzoneManagerService$2.callBlockingMethod(OzoneManagerProtocolProtos.java) [ozone-interface-client-1.4.0-SNAPSHOT.jar:?]
	at org.apache.hadoop.ipc.ProtobufRpcEngine$Server.processCall(ProtobufRpcEngine.java:484) [hadoop-common-3.3.6.jar:?]
	at org.apache.hadoop.ipc.ProtobufRpcEngine2$Server$ProtoBufRpcInvoker.call(ProtobufRpcEngine2.java:595) [hadoop-common-3.3.6.jar:?]
	at org.apache.hadoop.ipc.ProtobufRpcEngine2$Server$ProtoBufRpcInvoker.call(ProtobufRpcEngine2.java:573) [hadoop-common-3.3.6.jar:?]
	at org.apache.hadoop.ipc.RPC$Server.call(RPC.java:1227) [hadoop-common-3.3.6.jar:?]
	at org.apache.hadoop.ipc.Server$RpcCall.run(Server.java:1094) [hadoop-common-3.3.6.jar:?]
	at org.apache.hadoop.ipc.Server$RpcCall.run(Server.java:1017) [hadoop-common-3.3.6.jar:?]
	at java.security.AccessController.doPrivileged(Native Method) ~[?:1.8.0_382]
	at javax.security.auth.Subject.doAs(Subject.java:422) [?:1.8.0_382]
	at org.apache.hadoop.security.UserGroupInformation.doAs(UserGroupInformation.java:1899) [hadoop-common-3.3.6.jar:?]
	at org.apache.hadoop.ipc.Server$Handler.run(Server.java:3048) [hadoop-common-3.3.6.jar:?]
]]></system-out>
  </testcase>
  <testcase name="testRenameContainDelimiterFile" classname="TestOzoneFileSystem" time="0.028">
    <system-out><![CDATA[17:31:24.661 [IPC Server handler 1 on default port 15057] ERROR OMAudit - user=runner | ip=127.0.0.1 | op=GET_FILE_STATUS {volume=volume39856, bucket=bucket94778, key=dir1/dir2/key2, dataSize=0, replicationConfig=null} | ret=FAILURE
org.apache.hadoop.ozone.om.exceptions.OMException: Unable to get file status: volume: volume39856 bucket: bucket94778 key: dir1/dir2/key2
	at org.apache.hadoop.ozone.om.KeyManagerImpl.getOzoneFileStatus(KeyManagerImpl.java:1227) ~[ozone-manager-1.4.0-SNAPSHOT.jar:?]
	at org.apache.hadoop.ozone.om.KeyManagerImpl.getFileStatus(KeyManagerImpl.java:1145) ~[ozone-manager-1.4.0-SNAPSHOT.jar:?]
	at org.apache.hadoop.ozone.om.OmMetadataReader.getFileStatus(OmMetadataReader.java:266) ~[ozone-manager-1.4.0-SNAPSHOT.jar:?]
	at org.apache.hadoop.ozone.om.OzoneManager.getFileStatus(OzoneManager.java:3585) ~[ozone-manager-1.4.0-SNAPSHOT.jar:?]
	at org.apache.hadoop.ozone.protocolPB.OzoneManagerRequestHandler.getOzoneFileStatus(OzoneManagerRequestHandler.java:998) ~[ozone-manager-1.4.0-SNAPSHOT.jar:?]
	at org.apache.hadoop.ozone.protocolPB.OzoneManagerRequestHandler.handleReadRequest(OzoneManagerRequestHandler.java:259) ~[ozone-manager-1.4.0-SNAPSHOT.jar:?]
	at org.apache.hadoop.ozone.protocolPB.OzoneManagerProtocolServerSideTranslatorPB.submitRequestDirectlyToOM(OzoneManagerProtocolServerSideTranslatorPB.java:274) ~[ozone-manager-1.4.0-SNAPSHOT.jar:?]
	at org.apache.hadoop.ozone.protocolPB.OzoneManagerProtocolServerSideTranslatorPB.processRequest(OzoneManagerProtocolServerSideTranslatorPB.java:175) ~[ozone-manager-1.4.0-SNAPSHOT.jar:?]
	at org.apache.hadoop.hdds.server.OzoneProtocolMessageDispatcher.processRequest(OzoneProtocolMessageDispatcher.java:87) [hdds-server-framework-1.4.0-SNAPSHOT.jar:?]
	at org.apache.hadoop.ozone.protocolPB.OzoneManagerProtocolServerSideTranslatorPB.submitRequest(OzoneManagerProtocolServerSideTranslatorPB.java:148) [ozone-manager-1.4.0-SNAPSHOT.jar:?]
	at org.apache.hadoop.ozone.protocol.proto.OzoneManagerProtocolProtos$OzoneManagerService$2.callBlockingMethod(OzoneManagerProtocolProtos.java) [ozone-interface-client-1.4.0-SNAPSHOT.jar:?]
	at org.apache.hadoop.ipc.ProtobufRpcEngine$Server.processCall(ProtobufRpcEngine.java:484) [hadoop-common-3.3.6.jar:?]
	at org.apache.hadoop.ipc.ProtobufRpcEngine2$Server$ProtoBufRpcInvoker.call(ProtobufRpcEngine2.java:595) [hadoop-common-3.3.6.jar:?]
	at org.apache.hadoop.ipc.ProtobufRpcEngine2$Server$ProtoBufRpcInvoker.call(ProtobufRpcEngine2.java:573) [hadoop-common-3.3.6.jar:?]
	at org.apache.hadoop.ipc.RPC$Server.call(RPC.java:1227) [hadoop-common-3.3.6.jar:?]
	at org.apache.hadoop.ipc.Server$RpcCall.run(Server.java:1094) [hadoop-common-3.3.6.jar:?]
	at org.apache.hadoop.ipc.Server$RpcCall.run(Server.java:1017) [hadoop-common-3.3.6.jar:?]
	at java.security.AccessController.doPrivileged(Native Method) ~[?:1.8.0_382]
	at javax.security.auth.Subject.doAs(Subject.java:422) [?:1.8.0_382]
	at org.apache.hadoop.security.UserGroupInformation.doAs(UserGroupInformation.java:1899) [hadoop-common-3.3.6.jar:?]
	at org.apache.hadoop.ipc.Server$Handler.run(Server.java:3048) [hadoop-common-3.3.6.jar:?]
17:31:24.666 [IPC Server handler 2 on default port 15057] ERROR OMAudit - user=runner | ip=127.0.0.1 | op=GET_FILE_STATUS {volume=volume39856, bucket=bucket94778, key=dir1/dir2/key1, dataSize=0, replicationConfig=null} | ret=FAILURE
org.apache.hadoop.ozone.om.exceptions.OMException: Unable to get file status: volume: volume39856 bucket: bucket94778 key: dir1/dir2/key1
	at org.apache.hadoop.ozone.om.KeyManagerImpl.getOzoneFileStatus(KeyManagerImpl.java:1227) ~[ozone-manager-1.4.0-SNAPSHOT.jar:?]
	at org.apache.hadoop.ozone.om.KeyManagerImpl.getFileStatus(KeyManagerImpl.java:1145) ~[ozone-manager-1.4.0-SNAPSHOT.jar:?]
	at org.apache.hadoop.ozone.om.OmMetadataReader.getFileStatus(OmMetadataReader.java:266) ~[ozone-manager-1.4.0-SNAPSHOT.jar:?]
	at org.apache.hadoop.ozone.om.OzoneManager.getFileStatus(OzoneManager.java:3585) ~[ozone-manager-1.4.0-SNAPSHOT.jar:?]
	at org.apache.hadoop.ozone.protocolPB.OzoneManagerRequestHandler.getOzoneFileStatus(OzoneManagerRequestHandler.java:998) ~[ozone-manager-1.4.0-SNAPSHOT.jar:?]
	at org.apache.hadoop.ozone.protocolPB.OzoneManagerRequestHandler.handleReadRequest(OzoneManagerRequestHandler.java:259) ~[ozone-manager-1.4.0-SNAPSHOT.jar:?]
	at org.apache.hadoop.ozone.protocolPB.OzoneManagerProtocolServerSideTranslatorPB.submitRequestDirectlyToOM(OzoneManagerProtocolServerSideTranslatorPB.java:274) ~[ozone-manager-1.4.0-SNAPSHOT.jar:?]
	at org.apache.hadoop.ozone.protocolPB.OzoneManagerProtocolServerSideTranslatorPB.processRequest(OzoneManagerProtocolServerSideTranslatorPB.java:175) ~[ozone-manager-1.4.0-SNAPSHOT.jar:?]
	at org.apache.hadoop.hdds.server.OzoneProtocolMessageDispatcher.processRequest(OzoneProtocolMessageDispatcher.java:87) [hdds-server-framework-1.4.0-SNAPSHOT.jar:?]
	at org.apache.hadoop.ozone.protocolPB.OzoneManagerProtocolServerSideTranslatorPB.submitRequest(OzoneManagerProtocolServerSideTranslatorPB.java:148) [ozone-manager-1.4.0-SNAPSHOT.jar:?]
	at org.apache.hadoop.ozone.protocol.proto.OzoneManagerProtocolProtos$OzoneManagerService$2.callBlockingMethod(OzoneManagerProtocolProtos.java) [ozone-interface-client-1.4.0-SNAPSHOT.jar:?]
	at org.apache.hadoop.ipc.ProtobufRpcEngine$Server.processCall(ProtobufRpcEngine.java:484) [hadoop-common-3.3.6.jar:?]
	at org.apache.hadoop.ipc.ProtobufRpcEngine2$Server$ProtoBufRpcInvoker.call(ProtobufRpcEngine2.java:595) [hadoop-common-3.3.6.jar:?]
	at org.apache.hadoop.ipc.ProtobufRpcEngine2$Server$ProtoBufRpcInvoker.call(ProtobufRpcEngine2.java:573) [hadoop-common-3.3.6.jar:?]
	at org.apache.hadoop.ipc.RPC$Server.call(RPC.java:1227) [hadoop-common-3.3.6.jar:?]
	at org.apache.hadoop.ipc.Server$RpcCall.run(Server.java:1094) [hadoop-common-3.3.6.jar:?]
	at org.apache.hadoop.ipc.Server$RpcCall.run(Server.java:1017) [hadoop-common-3.3.6.jar:?]
	at java.security.AccessController.doPrivileged(Native Method) ~[?:1.8.0_382]
	at javax.security.auth.Subject.doAs(Subject.java:422) [?:1.8.0_382]
	at org.apache.hadoop.security.UserGroupInformation.doAs(UserGroupInformation.java:1899) [hadoop-common-3.3.6.jar:?]
	at org.apache.hadoop.ipc.Server$Handler.run(Server.java:3048) [hadoop-common-3.3.6.jar:?]
17:31:24.668 [IPC Server handler 10 on default port 15057] ERROR OMAudit - user=runner | ip=127.0.0.1 | op=GET_FILE_STATUS {volume=volume39856, bucket=bucket94778, key=user/runner/dir1, dataSize=0, replicationConfig=null} | ret=FAILURE
org.apache.hadoop.ozone.om.exceptions.OMException: Unable to get file status: volume: volume39856 bucket: bucket94778 key: user/runner/dir1
	at org.apache.hadoop.ozone.om.KeyManagerImpl.getOzoneFileStatus(KeyManagerImpl.java:1227) ~[ozone-manager-1.4.0-SNAPSHOT.jar:?]
	at org.apache.hadoop.ozone.om.KeyManagerImpl.getFileStatus(KeyManagerImpl.java:1145) ~[ozone-manager-1.4.0-SNAPSHOT.jar:?]
	at org.apache.hadoop.ozone.om.OmMetadataReader.getFileStatus(OmMetadataReader.java:266) ~[ozone-manager-1.4.0-SNAPSHOT.jar:?]
	at org.apache.hadoop.ozone.om.OzoneManager.getFileStatus(OzoneManager.java:3585) ~[ozone-manager-1.4.0-SNAPSHOT.jar:?]
	at org.apache.hadoop.ozone.protocolPB.OzoneManagerRequestHandler.getOzoneFileStatus(OzoneManagerRequestHandler.java:998) ~[ozone-manager-1.4.0-SNAPSHOT.jar:?]
	at org.apache.hadoop.ozone.protocolPB.OzoneManagerRequestHandler.handleReadRequest(OzoneManagerRequestHandler.java:259) ~[ozone-manager-1.4.0-SNAPSHOT.jar:?]
	at org.apache.hadoop.ozone.protocolPB.OzoneManagerProtocolServerSideTranslatorPB.submitRequestDirectlyToOM(OzoneManagerProtocolServerSideTranslatorPB.java:274) ~[ozone-manager-1.4.0-SNAPSHOT.jar:?]
	at org.apache.hadoop.ozone.protocolPB.OzoneManagerProtocolServerSideTranslatorPB.processRequest(OzoneManagerProtocolServerSideTranslatorPB.java:175) ~[ozone-manager-1.4.0-SNAPSHOT.jar:?]
	at org.apache.hadoop.hdds.server.OzoneProtocolMessageDispatcher.processRequest(OzoneProtocolMessageDispatcher.java:87) [hdds-server-framework-1.4.0-SNAPSHOT.jar:?]
	at org.apache.hadoop.ozone.protocolPB.OzoneManagerProtocolServerSideTranslatorPB.submitRequest(OzoneManagerProtocolServerSideTranslatorPB.java:148) [ozone-manager-1.4.0-SNAPSHOT.jar:?]
	at org.apache.hadoop.ozone.protocol.proto.OzoneManagerProtocolProtos$OzoneManagerService$2.callBlockingMethod(OzoneManagerProtocolProtos.java) [ozone-interface-client-1.4.0-SNAPSHOT.jar:?]
	at org.apache.hadoop.ipc.ProtobufRpcEngine$Server.processCall(ProtobufRpcEngine.java:484) [hadoop-common-3.3.6.jar:?]
	at org.apache.hadoop.ipc.ProtobufRpcEngine2$Server$ProtoBufRpcInvoker.call(ProtobufRpcEngine2.java:595) [hadoop-common-3.3.6.jar:?]
	at org.apache.hadoop.ipc.ProtobufRpcEngine2$Server$ProtoBufRpcInvoker.call(ProtobufRpcEngine2.java:573) [hadoop-common-3.3.6.jar:?]
	at org.apache.hadoop.ipc.RPC$Server.call(RPC.java:1227) [hadoop-common-3.3.6.jar:?]
	at org.apache.hadoop.ipc.Server$RpcCall.run(Server.java:1094) [hadoop-common-3.3.6.jar:?]
	at org.apache.hadoop.ipc.Server$RpcCall.run(Server.java:1017) [hadoop-common-3.3.6.jar:?]
	at java.security.AccessController.doPrivileged(Native Method) ~[?:1.8.0_382]
	at javax.security.auth.Subject.doAs(Subject.java:422) [?:1.8.0_382]
	at org.apache.hadoop.security.UserGroupInformation.doAs(UserGroupInformation.java:1899) [hadoop-common-3.3.6.jar:?]
	at org.apache.hadoop.ipc.Server$Handler.run(Server.java:3048) [hadoop-common-3.3.6.jar:?]
17:31:24.669 [IPC Server handler 11 on default port 15057] ERROR OMAudit - user=runner | ip=127.0.0.1 | op=GET_FILE_STATUS {volume=volume39856, bucket=bucket94778, key=user/runner/dir1/dir2, dataSize=0, replicationConfig=null} | ret=FAILURE
org.apache.hadoop.ozone.om.exceptions.OMException: Unable to get file status: volume: volume39856 bucket: bucket94778 key: user/runner/dir1/dir2
	at org.apache.hadoop.ozone.om.KeyManagerImpl.getOzoneFileStatus(KeyManagerImpl.java:1227) ~[ozone-manager-1.4.0-SNAPSHOT.jar:?]
	at org.apache.hadoop.ozone.om.KeyManagerImpl.getFileStatus(KeyManagerImpl.java:1145) ~[ozone-manager-1.4.0-SNAPSHOT.jar:?]
	at org.apache.hadoop.ozone.om.OmMetadataReader.getFileStatus(OmMetadataReader.java:266) ~[ozone-manager-1.4.0-SNAPSHOT.jar:?]
	at org.apache.hadoop.ozone.om.OzoneManager.getFileStatus(OzoneManager.java:3585) ~[ozone-manager-1.4.0-SNAPSHOT.jar:?]
	at org.apache.hadoop.ozone.protocolPB.OzoneManagerRequestHandler.getOzoneFileStatus(OzoneManagerRequestHandler.java:998) ~[ozone-manager-1.4.0-SNAPSHOT.jar:?]
	at org.apache.hadoop.ozone.protocolPB.OzoneManagerRequestHandler.handleReadRequest(OzoneManagerRequestHandler.java:259) ~[ozone-manager-1.4.0-SNAPSHOT.jar:?]
	at org.apache.hadoop.ozone.protocolPB.OzoneManagerProtocolServerSideTranslatorPB.submitRequestDirectlyToOM(OzoneManagerProtocolServerSideTranslatorPB.java:274) ~[ozone-manager-1.4.0-SNAPSHOT.jar:?]
	at org.apache.hadoop.ozone.protocolPB.OzoneManagerProtocolServerSideTranslatorPB.processRequest(OzoneManagerProtocolServerSideTranslatorPB.java:175) ~[ozone-manager-1.4.0-SNAPSHOT.jar:?]
	at org.apache.hadoop.hdds.server.OzoneProtocolMessageDispatcher.processRequest(OzoneProtocolMessageDispatcher.java:87) [hdds-server-framework-1.4.0-SNAPSHOT.jar:?]
	at org.apache.hadoop.ozone.protocolPB.OzoneManagerProtocolServerSideTranslatorPB.submitRequest(OzoneManagerProtocolServerSideTranslatorPB.java:148) [ozone-manager-1.4.0-SNAPSHOT.jar:?]
	at org.apache.hadoop.ozone.protocol.proto.OzoneManagerProtocolProtos$OzoneManagerService$2.callBlockingMethod(OzoneManagerProtocolProtos.java) [ozone-interface-client-1.4.0-SNAPSHOT.jar:?]
	at org.apache.hadoop.ipc.ProtobufRpcEngine$Server.processCall(ProtobufRpcEngine.java:484) [hadoop-common-3.3.6.jar:?]
	at org.apache.hadoop.ipc.ProtobufRpcEngine2$Server$ProtoBufRpcInvoker.call(ProtobufRpcEngine2.java:595) [hadoop-common-3.3.6.jar:?]
	at org.apache.hadoop.ipc.ProtobufRpcEngine2$Server$ProtoBufRpcInvoker.call(ProtobufRpcEngine2.java:573) [hadoop-common-3.3.6.jar:?]
	at org.apache.hadoop.ipc.RPC$Server.call(RPC.java:1227) [hadoop-common-3.3.6.jar:?]
	at org.apache.hadoop.ipc.Server$RpcCall.run(Server.java:1094) [hadoop-common-3.3.6.jar:?]
	at org.apache.hadoop.ipc.Server$RpcCall.run(Server.java:1017) [hadoop-common-3.3.6.jar:?]
	at java.security.AccessController.doPrivileged(Native Method) ~[?:1.8.0_382]
	at javax.security.auth.Subject.doAs(Subject.java:422) [?:1.8.0_382]
	at org.apache.hadoop.security.UserGroupInformation.doAs(UserGroupInformation.java:1899) [hadoop-common-3.3.6.jar:?]
	at org.apache.hadoop.ipc.Server$Handler.run(Server.java:3048) [hadoop-common-3.3.6.jar:?]
]]></system-out>
  </testcase>
  <testcase name="testRenameContainDelimiterFile" classname="TestOzoneFileSystem" time="0.023">
    <system-out><![CDATA[17:32:35.121 [IPC Server handler 6 on default port 15110] ERROR OMAudit - user=runner | ip=127.0.0.1 | op=GET_FILE_STATUS {volume=volume98659, bucket=bucket57585, key=dir1/dir2/key2, dataSize=0, replicationConfig=null} | ret=FAILURE
org.apache.hadoop.ozone.om.exceptions.OMException: Unable to get file status: volume: volume98659 bucket: bucket57585 key: dir1/dir2/key2
	at org.apache.hadoop.ozone.om.KeyManagerImpl.getOzoneFileStatus(KeyManagerImpl.java:1227) ~[ozone-manager-1.4.0-SNAPSHOT.jar:?]
	at org.apache.hadoop.ozone.om.KeyManagerImpl.getFileStatus(KeyManagerImpl.java:1145) ~[ozone-manager-1.4.0-SNAPSHOT.jar:?]
	at org.apache.hadoop.ozone.om.OmMetadataReader.getFileStatus(OmMetadataReader.java:266) ~[ozone-manager-1.4.0-SNAPSHOT.jar:?]
	at org.apache.hadoop.ozone.om.OzoneManager.getFileStatus(OzoneManager.java:3585) ~[ozone-manager-1.4.0-SNAPSHOT.jar:?]
	at org.apache.hadoop.ozone.protocolPB.OzoneManagerRequestHandler.getOzoneFileStatus(OzoneManagerRequestHandler.java:998) ~[ozone-manager-1.4.0-SNAPSHOT.jar:?]
	at org.apache.hadoop.ozone.protocolPB.OzoneManagerRequestHandler.handleReadRequest(OzoneManagerRequestHandler.java:259) ~[ozone-manager-1.4.0-SNAPSHOT.jar:?]
	at org.apache.hadoop.ozone.protocolPB.OzoneManagerProtocolServerSideTranslatorPB.submitReadRequestToOM(OzoneManagerProtocolServerSideTranslatorPB.java:225) ~[ozone-manager-1.4.0-SNAPSHOT.jar:?]
	at org.apache.hadoop.ozone.protocolPB.OzoneManagerProtocolServerSideTranslatorPB.processRequest(OzoneManagerProtocolServerSideTranslatorPB.java:179) ~[ozone-manager-1.4.0-SNAPSHOT.jar:?]
	at org.apache.hadoop.hdds.server.OzoneProtocolMessageDispatcher.processRequest(OzoneProtocolMessageDispatcher.java:87) [hdds-server-framework-1.4.0-SNAPSHOT.jar:?]
	at org.apache.hadoop.ozone.protocolPB.OzoneManagerProtocolServerSideTranslatorPB.submitRequest(OzoneManagerProtocolServerSideTranslatorPB.java:148) [ozone-manager-1.4.0-SNAPSHOT.jar:?]
	at org.apache.hadoop.ozone.protocol.proto.OzoneManagerProtocolProtos$OzoneManagerService$2.callBlockingMethod(OzoneManagerProtocolProtos.java) [ozone-interface-client-1.4.0-SNAPSHOT.jar:?]
	at org.apache.hadoop.ipc.ProtobufRpcEngine$Server.processCall(ProtobufRpcEngine.java:484) [hadoop-common-3.3.6.jar:?]
	at org.apache.hadoop.ipc.ProtobufRpcEngine2$Server$ProtoBufRpcInvoker.call(ProtobufRpcEngine2.java:595) [hadoop-common-3.3.6.jar:?]
	at org.apache.hadoop.ipc.ProtobufRpcEngine2$Server$ProtoBufRpcInvoker.call(ProtobufRpcEngine2.java:573) [hadoop-common-3.3.6.jar:?]
	at org.apache.hadoop.ipc.RPC$Server.call(RPC.java:1227) [hadoop-common-3.3.6.jar:?]
	at org.apache.hadoop.ipc.Server$RpcCall.run(Server.java:1094) [hadoop-common-3.3.6.jar:?]
	at org.apache.hadoop.ipc.Server$RpcCall.run(Server.java:1017) [hadoop-common-3.3.6.jar:?]
	at java.security.AccessController.doPrivileged(Native Method) ~[?:1.8.0_382]
	at javax.security.auth.Subject.doAs(Subject.java:422) [?:1.8.0_382]
	at org.apache.hadoop.security.UserGroupInformation.doAs(UserGroupInformation.java:1899) [hadoop-common-3.3.6.jar:?]
	at org.apache.hadoop.ipc.Server$Handler.run(Server.java:3048) [hadoop-common-3.3.6.jar:?]
17:32:35.127 [IPC Server handler 16 on default port 15110] ERROR OMAudit - user=runner | ip=127.0.0.1 | op=GET_FILE_STATUS {volume=volume98659, bucket=bucket57585, key=dir1/dir2/key1, dataSize=0, replicationConfig=null} | ret=FAILURE
org.apache.hadoop.ozone.om.exceptions.OMException: Unable to get file status: volume: volume98659 bucket: bucket57585 key: dir1/dir2/key1
	at org.apache.hadoop.ozone.om.KeyManagerImpl.getOzoneFileStatus(KeyManagerImpl.java:1227) ~[ozone-manager-1.4.0-SNAPSHOT.jar:?]
	at org.apache.hadoop.ozone.om.KeyManagerImpl.getFileStatus(KeyManagerImpl.java:1145) ~[ozone-manager-1.4.0-SNAPSHOT.jar:?]
	at org.apache.hadoop.ozone.om.OmMetadataReader.getFileStatus(OmMetadataReader.java:266) ~[ozone-manager-1.4.0-SNAPSHOT.jar:?]
	at org.apache.hadoop.ozone.om.OzoneManager.getFileStatus(OzoneManager.java:3585) ~[ozone-manager-1.4.0-SNAPSHOT.jar:?]
	at org.apache.hadoop.ozone.protocolPB.OzoneManagerRequestHandler.getOzoneFileStatus(OzoneManagerRequestHandler.java:998) ~[ozone-manager-1.4.0-SNAPSHOT.jar:?]
	at org.apache.hadoop.ozone.protocolPB.OzoneManagerRequestHandler.handleReadRequest(OzoneManagerRequestHandler.java:259) ~[ozone-manager-1.4.0-SNAPSHOT.jar:?]
	at org.apache.hadoop.ozone.protocolPB.OzoneManagerProtocolServerSideTranslatorPB.submitReadRequestToOM(OzoneManagerProtocolServerSideTranslatorPB.java:225) ~[ozone-manager-1.4.0-SNAPSHOT.jar:?]
	at org.apache.hadoop.ozone.protocolPB.OzoneManagerProtocolServerSideTranslatorPB.processRequest(OzoneManagerProtocolServerSideTranslatorPB.java:179) ~[ozone-manager-1.4.0-SNAPSHOT.jar:?]
	at org.apache.hadoop.hdds.server.OzoneProtocolMessageDispatcher.processRequest(OzoneProtocolMessageDispatcher.java:87) [hdds-server-framework-1.4.0-SNAPSHOT.jar:?]
	at org.apache.hadoop.ozone.protocolPB.OzoneManagerProtocolServerSideTranslatorPB.submitRequest(OzoneManagerProtocolServerSideTranslatorPB.java:148) [ozone-manager-1.4.0-SNAPSHOT.jar:?]
	at org.apache.hadoop.ozone.protocol.proto.OzoneManagerProtocolProtos$OzoneManagerService$2.callBlockingMethod(OzoneManagerProtocolProtos.java) [ozone-interface-client-1.4.0-SNAPSHOT.jar:?]
	at org.apache.hadoop.ipc.ProtobufRpcEngine$Server.processCall(ProtobufRpcEngine.java:484) [hadoop-common-3.3.6.jar:?]
	at org.apache.hadoop.ipc.ProtobufRpcEngine2$Server$ProtoBufRpcInvoker.call(ProtobufRpcEngine2.java:595) [hadoop-common-3.3.6.jar:?]
	at org.apache.hadoop.ipc.ProtobufRpcEngine2$Server$ProtoBufRpcInvoker.call(ProtobufRpcEngine2.java:573) [hadoop-common-3.3.6.jar:?]
	at org.apache.hadoop.ipc.RPC$Server.call(RPC.java:1227) [hadoop-common-3.3.6.jar:?]
	at org.apache.hadoop.ipc.Server$RpcCall.run(Server.java:1094) [hadoop-common-3.3.6.jar:?]
	at org.apache.hadoop.ipc.Server$RpcCall.run(Server.java:1017) [hadoop-common-3.3.6.jar:?]
	at java.security.AccessController.doPrivileged(Native Method) ~[?:1.8.0_382]
	at javax.security.auth.Subject.doAs(Subject.java:422) [?:1.8.0_382]
	at org.apache.hadoop.security.UserGroupInformation.doAs(UserGroupInformation.java:1899) [hadoop-common-3.3.6.jar:?]
	at org.apache.hadoop.ipc.Server$Handler.run(Server.java:3048) [hadoop-common-3.3.6.jar:?]
17:32:35.128 [IPC Server handler 11 on default port 15110] ERROR OMAudit - user=runner | ip=127.0.0.1 | op=GET_FILE_STATUS {volume=volume98659, bucket=bucket57585, key=user/runner/dir1, dataSize=0, replicationConfig=null} | ret=FAILURE
org.apache.hadoop.ozone.om.exceptions.OMException: Unable to get file status: volume: volume98659 bucket: bucket57585 key: user/runner/dir1
	at org.apache.hadoop.ozone.om.KeyManagerImpl.getOzoneFileStatus(KeyManagerImpl.java:1227) ~[ozone-manager-1.4.0-SNAPSHOT.jar:?]
	at org.apache.hadoop.ozone.om.KeyManagerImpl.getFileStatus(KeyManagerImpl.java:1145) ~[ozone-manager-1.4.0-SNAPSHOT.jar:?]
	at org.apache.hadoop.ozone.om.OmMetadataReader.getFileStatus(OmMetadataReader.java:266) ~[ozone-manager-1.4.0-SNAPSHOT.jar:?]
	at org.apache.hadoop.ozone.om.OzoneManager.getFileStatus(OzoneManager.java:3585) ~[ozone-manager-1.4.0-SNAPSHOT.jar:?]
	at org.apache.hadoop.ozone.protocolPB.OzoneManagerRequestHandler.getOzoneFileStatus(OzoneManagerRequestHandler.java:998) ~[ozone-manager-1.4.0-SNAPSHOT.jar:?]
	at org.apache.hadoop.ozone.protocolPB.OzoneManagerRequestHandler.handleReadRequest(OzoneManagerRequestHandler.java:259) ~[ozone-manager-1.4.0-SNAPSHOT.jar:?]
	at org.apache.hadoop.ozone.protocolPB.OzoneManagerProtocolServerSideTranslatorPB.submitReadRequestToOM(OzoneManagerProtocolServerSideTranslatorPB.java:225) ~[ozone-manager-1.4.0-SNAPSHOT.jar:?]
	at org.apache.hadoop.ozone.protocolPB.OzoneManagerProtocolServerSideTranslatorPB.processRequest(OzoneManagerProtocolServerSideTranslatorPB.java:179) ~[ozone-manager-1.4.0-SNAPSHOT.jar:?]
	at org.apache.hadoop.hdds.server.OzoneProtocolMessageDispatcher.processRequest(OzoneProtocolMessageDispatcher.java:87) [hdds-server-framework-1.4.0-SNAPSHOT.jar:?]
	at org.apache.hadoop.ozone.protocolPB.OzoneManagerProtocolServerSideTranslatorPB.submitRequest(OzoneManagerProtocolServerSideTranslatorPB.java:148) [ozone-manager-1.4.0-SNAPSHOT.jar:?]
	at org.apache.hadoop.ozone.protocol.proto.OzoneManagerProtocolProtos$OzoneManagerService$2.callBlockingMethod(OzoneManagerProtocolProtos.java) [ozone-interface-client-1.4.0-SNAPSHOT.jar:?]
	at org.apache.hadoop.ipc.ProtobufRpcEngine$Server.processCall(ProtobufRpcEngine.java:484) [hadoop-common-3.3.6.jar:?]
	at org.apache.hadoop.ipc.ProtobufRpcEngine2$Server$ProtoBufRpcInvoker.call(ProtobufRpcEngine2.java:595) [hadoop-common-3.3.6.jar:?]
	at org.apache.hadoop.ipc.ProtobufRpcEngine2$Server$ProtoBufRpcInvoker.call(ProtobufRpcEngine2.java:573) [hadoop-common-3.3.6.jar:?]
	at org.apache.hadoop.ipc.RPC$Server.call(RPC.java:1227) [hadoop-common-3.3.6.jar:?]
	at org.apache.hadoop.ipc.Server$RpcCall.run(Server.java:1094) [hadoop-common-3.3.6.jar:?]
	at org.apache.hadoop.ipc.Server$RpcCall.run(Server.java:1017) [hadoop-common-3.3.6.jar:?]
	at java.security.AccessController.doPrivileged(Native Method) ~[?:1.8.0_382]
	at javax.security.auth.Subject.doAs(Subject.java:422) [?:1.8.0_382]
	at org.apache.hadoop.security.UserGroupInformation.doAs(UserGroupInformation.java:1899) [hadoop-common-3.3.6.jar:?]
	at org.apache.hadoop.ipc.Server$Handler.run(Server.java:3048) [hadoop-common-3.3.6.jar:?]
17:32:35.129 [IPC Server handler 15 on default port 15110] ERROR OMAudit - user=runner | ip=127.0.0.1 | op=GET_FILE_STATUS {volume=volume98659, bucket=bucket57585, key=user/runner/dir1/dir2, dataSize=0, replicationConfig=null} | ret=FAILURE
org.apache.hadoop.ozone.om.exceptions.OMException: Unable to get file status: volume: volume98659 bucket: bucket57585 key: user/runner/dir1/dir2
	at org.apache.hadoop.ozone.om.KeyManagerImpl.getOzoneFileStatus(KeyManagerImpl.java:1227) ~[ozone-manager-1.4.0-SNAPSHOT.jar:?]
	at org.apache.hadoop.ozone.om.KeyManagerImpl.getFileStatus(KeyManagerImpl.java:1145) ~[ozone-manager-1.4.0-SNAPSHOT.jar:?]
	at org.apache.hadoop.ozone.om.OmMetadataReader.getFileStatus(OmMetadataReader.java:266) ~[ozone-manager-1.4.0-SNAPSHOT.jar:?]
	at org.apache.hadoop.ozone.om.OzoneManager.getFileStatus(OzoneManager.java:3585) ~[ozone-manager-1.4.0-SNAPSHOT.jar:?]
	at org.apache.hadoop.ozone.protocolPB.OzoneManagerRequestHandler.getOzoneFileStatus(OzoneManagerRequestHandler.java:998) ~[ozone-manager-1.4.0-SNAPSHOT.jar:?]
	at org.apache.hadoop.ozone.protocolPB.OzoneManagerRequestHandler.handleReadRequest(OzoneManagerRequestHandler.java:259) ~[ozone-manager-1.4.0-SNAPSHOT.jar:?]
	at org.apache.hadoop.ozone.protocolPB.OzoneManagerProtocolServerSideTranslatorPB.submitReadRequestToOM(OzoneManagerProtocolServerSideTranslatorPB.java:225) ~[ozone-manager-1.4.0-SNAPSHOT.jar:?]
	at org.apache.hadoop.ozone.protocolPB.OzoneManagerProtocolServerSideTranslatorPB.processRequest(OzoneManagerProtocolServerSideTranslatorPB.java:179) ~[ozone-manager-1.4.0-SNAPSHOT.jar:?]
	at org.apache.hadoop.hdds.server.OzoneProtocolMessageDispatcher.processRequest(OzoneProtocolMessageDispatcher.java:87) [hdds-server-framework-1.4.0-SNAPSHOT.jar:?]
	at org.apache.hadoop.ozone.protocolPB.OzoneManagerProtocolServerSideTranslatorPB.submitRequest(OzoneManagerProtocolServerSideTranslatorPB.java:148) [ozone-manager-1.4.0-SNAPSHOT.jar:?]
	at org.apache.hadoop.ozone.protocol.proto.OzoneManagerProtocolProtos$OzoneManagerService$2.callBlockingMethod(OzoneManagerProtocolProtos.java) [ozone-interface-client-1.4.0-SNAPSHOT.jar:?]
	at org.apache.hadoop.ipc.ProtobufRpcEngine$Server.processCall(ProtobufRpcEngine.java:484) [hadoop-common-3.3.6.jar:?]
	at org.apache.hadoop.ipc.ProtobufRpcEngine2$Server$ProtoBufRpcInvoker.call(ProtobufRpcEngine2.java:595) [hadoop-common-3.3.6.jar:?]
	at org.apache.hadoop.ipc.ProtobufRpcEngine2$Server$ProtoBufRpcInvoker.call(ProtobufRpcEngine2.java:573) [hadoop-common-3.3.6.jar:?]
	at org.apache.hadoop.ipc.RPC$Server.call(RPC.java:1227) [hadoop-common-3.3.6.jar:?]
	at org.apache.hadoop.ipc.Server$RpcCall.run(Server.java:1094) [hadoop-common-3.3.6.jar:?]
	at org.apache.hadoop.ipc.Server$RpcCall.run(Server.java:1017) [hadoop-common-3.3.6.jar:?]
	at java.security.AccessController.doPrivileged(Native Method) ~[?:1.8.0_382]
	at javax.security.auth.Subject.doAs(Subject.java:422) [?:1.8.0_382]
	at org.apache.hadoop.security.UserGroupInformation.doAs(UserGroupInformation.java:1899) [hadoop-common-3.3.6.jar:?]
	at org.apache.hadoop.ipc.Server$Handler.run(Server.java:3048) [hadoop-common-3.3.6.jar:?]
]]></system-out>
  </testcase>
  <testcase name="testRenameContainDelimiterFile" classname="TestOzoneFileSystem" time="0.019">
    <system-out><![CDATA[17:33:52.970 [IPC Server handler 11 on default port 15163] ERROR OMAudit - user=runner | ip=127.0.0.1 | op=GET_FILE_STATUS {volume=volume37245, bucket=bucket80016, key=dir1/dir2/key2, dataSize=0, replicationConfig=null} | ret=FAILURE
org.apache.hadoop.ozone.om.exceptions.OMException: Unable to get file status: volume: volume37245 bucket: bucket80016 key: dir1/dir2/key2
	at org.apache.hadoop.ozone.om.KeyManagerImpl.getOzoneFileStatus(KeyManagerImpl.java:1227) ~[ozone-manager-1.4.0-SNAPSHOT.jar:?]
	at org.apache.hadoop.ozone.om.KeyManagerImpl.getFileStatus(KeyManagerImpl.java:1145) ~[ozone-manager-1.4.0-SNAPSHOT.jar:?]
	at org.apache.hadoop.ozone.om.OmMetadataReader.getFileStatus(OmMetadataReader.java:266) ~[ozone-manager-1.4.0-SNAPSHOT.jar:?]
	at org.apache.hadoop.ozone.om.OzoneManager.getFileStatus(OzoneManager.java:3585) ~[ozone-manager-1.4.0-SNAPSHOT.jar:?]
	at org.apache.hadoop.ozone.protocolPB.OzoneManagerRequestHandler.getOzoneFileStatus(OzoneManagerRequestHandler.java:998) ~[ozone-manager-1.4.0-SNAPSHOT.jar:?]
	at org.apache.hadoop.ozone.protocolPB.OzoneManagerRequestHandler.handleReadRequest(OzoneManagerRequestHandler.java:259) ~[ozone-manager-1.4.0-SNAPSHOT.jar:?]
	at org.apache.hadoop.ozone.protocolPB.OzoneManagerProtocolServerSideTranslatorPB.submitRequestDirectlyToOM(OzoneManagerProtocolServerSideTranslatorPB.java:274) ~[ozone-manager-1.4.0-SNAPSHOT.jar:?]
	at org.apache.hadoop.ozone.protocolPB.OzoneManagerProtocolServerSideTranslatorPB.processRequest(OzoneManagerProtocolServerSideTranslatorPB.java:175) ~[ozone-manager-1.4.0-SNAPSHOT.jar:?]
	at org.apache.hadoop.hdds.server.OzoneProtocolMessageDispatcher.processRequest(OzoneProtocolMessageDispatcher.java:87) [hdds-server-framework-1.4.0-SNAPSHOT.jar:?]
	at org.apache.hadoop.ozone.protocolPB.OzoneManagerProtocolServerSideTranslatorPB.submitRequest(OzoneManagerProtocolServerSideTranslatorPB.java:148) [ozone-manager-1.4.0-SNAPSHOT.jar:?]
	at org.apache.hadoop.ozone.protocol.proto.OzoneManagerProtocolProtos$OzoneManagerService$2.callBlockingMethod(OzoneManagerProtocolProtos.java) [ozone-interface-client-1.4.0-SNAPSHOT.jar:?]
	at org.apache.hadoop.ipc.ProtobufRpcEngine$Server.processCall(ProtobufRpcEngine.java:484) [hadoop-common-3.3.6.jar:?]
	at org.apache.hadoop.ipc.ProtobufRpcEngine2$Server$ProtoBufRpcInvoker.call(ProtobufRpcEngine2.java:595) [hadoop-common-3.3.6.jar:?]
	at org.apache.hadoop.ipc.ProtobufRpcEngine2$Server$ProtoBufRpcInvoker.call(ProtobufRpcEngine2.java:573) [hadoop-common-3.3.6.jar:?]
	at org.apache.hadoop.ipc.RPC$Server.call(RPC.java:1227) [hadoop-common-3.3.6.jar:?]
	at org.apache.hadoop.ipc.Server$RpcCall.run(Server.java:1094) [hadoop-common-3.3.6.jar:?]
	at org.apache.hadoop.ipc.Server$RpcCall.run(Server.java:1017) [hadoop-common-3.3.6.jar:?]
	at java.security.AccessController.doPrivileged(Native Method) ~[?:1.8.0_382]
	at javax.security.auth.Subject.doAs(Subject.java:422) [?:1.8.0_382]
	at org.apache.hadoop.security.UserGroupInformation.doAs(UserGroupInformation.java:1899) [hadoop-common-3.3.6.jar:?]
	at org.apache.hadoop.ipc.Server$Handler.run(Server.java:3048) [hadoop-common-3.3.6.jar:?]
17:33:52.975 [IPC Server handler 0 on default port 15163] ERROR OMAudit - user=runner | ip=127.0.0.1 | op=GET_FILE_STATUS {volume=volume37245, bucket=bucket80016, key=dir1/dir2/key1, dataSize=0, replicationConfig=null} | ret=FAILURE
org.apache.hadoop.ozone.om.exceptions.OMException: Unable to get file status: volume: volume37245 bucket: bucket80016 key: dir1/dir2/key1
	at org.apache.hadoop.ozone.om.KeyManagerImpl.getOzoneFileStatus(KeyManagerImpl.java:1227) ~[ozone-manager-1.4.0-SNAPSHOT.jar:?]
	at org.apache.hadoop.ozone.om.KeyManagerImpl.getFileStatus(KeyManagerImpl.java:1145) ~[ozone-manager-1.4.0-SNAPSHOT.jar:?]
	at org.apache.hadoop.ozone.om.OmMetadataReader.getFileStatus(OmMetadataReader.java:266) ~[ozone-manager-1.4.0-SNAPSHOT.jar:?]
	at org.apache.hadoop.ozone.om.OzoneManager.getFileStatus(OzoneManager.java:3585) ~[ozone-manager-1.4.0-SNAPSHOT.jar:?]
	at org.apache.hadoop.ozone.protocolPB.OzoneManagerRequestHandler.getOzoneFileStatus(OzoneManagerRequestHandler.java:998) ~[ozone-manager-1.4.0-SNAPSHOT.jar:?]
	at org.apache.hadoop.ozone.protocolPB.OzoneManagerRequestHandler.handleReadRequest(OzoneManagerRequestHandler.java:259) ~[ozone-manager-1.4.0-SNAPSHOT.jar:?]
	at org.apache.hadoop.ozone.protocolPB.OzoneManagerProtocolServerSideTranslatorPB.submitRequestDirectlyToOM(OzoneManagerProtocolServerSideTranslatorPB.java:274) ~[ozone-manager-1.4.0-SNAPSHOT.jar:?]
	at org.apache.hadoop.ozone.protocolPB.OzoneManagerProtocolServerSideTranslatorPB.processRequest(OzoneManagerProtocolServerSideTranslatorPB.java:175) ~[ozone-manager-1.4.0-SNAPSHOT.jar:?]
	at org.apache.hadoop.hdds.server.OzoneProtocolMessageDispatcher.processRequest(OzoneProtocolMessageDispatcher.java:87) [hdds-server-framework-1.4.0-SNAPSHOT.jar:?]
	at org.apache.hadoop.ozone.protocolPB.OzoneManagerProtocolServerSideTranslatorPB.submitRequest(OzoneManagerProtocolServerSideTranslatorPB.java:148) [ozone-manager-1.4.0-SNAPSHOT.jar:?]
	at org.apache.hadoop.ozone.protocol.proto.OzoneManagerProtocolProtos$OzoneManagerService$2.callBlockingMethod(OzoneManagerProtocolProtos.java) [ozone-interface-client-1.4.0-SNAPSHOT.jar:?]
	at org.apache.hadoop.ipc.ProtobufRpcEngine$Server.processCall(ProtobufRpcEngine.java:484) [hadoop-common-3.3.6.jar:?]
	at org.apache.hadoop.ipc.ProtobufRpcEngine2$Server$ProtoBufRpcInvoker.call(ProtobufRpcEngine2.java:595) [hadoop-common-3.3.6.jar:?]
	at org.apache.hadoop.ipc.ProtobufRpcEngine2$Server$ProtoBufRpcInvoker.call(ProtobufRpcEngine2.java:573) [hadoop-common-3.3.6.jar:?]
	at org.apache.hadoop.ipc.RPC$Server.call(RPC.java:1227) [hadoop-common-3.3.6.jar:?]
	at org.apache.hadoop.ipc.Server$RpcCall.run(Server.java:1094) [hadoop-common-3.3.6.jar:?]
	at org.apache.hadoop.ipc.Server$RpcCall.run(Server.java:1017) [hadoop-common-3.3.6.jar:?]
	at java.security.AccessController.doPrivileged(Native Method) ~[?:1.8.0_382]
	at javax.security.auth.Subject.doAs(Subject.java:422) [?:1.8.0_382]
	at org.apache.hadoop.security.UserGroupInformation.doAs(UserGroupInformation.java:1899) [hadoop-common-3.3.6.jar:?]
	at org.apache.hadoop.ipc.Server$Handler.run(Server.java:3048) [hadoop-common-3.3.6.jar:?]
17:33:52.976 [IPC Server handler 1 on default port 15163] ERROR OMAudit - user=runner | ip=127.0.0.1 | op=GET_FILE_STATUS {volume=volume37245, bucket=bucket80016, key=user/runner/dir1, dataSize=0, replicationConfig=null} | ret=FAILURE
org.apache.hadoop.ozone.om.exceptions.OMException: Unable to get file status: volume: volume37245 bucket: bucket80016 key: user/runner/dir1
	at org.apache.hadoop.ozone.om.KeyManagerImpl.getOzoneFileStatus(KeyManagerImpl.java:1227) ~[ozone-manager-1.4.0-SNAPSHOT.jar:?]
	at org.apache.hadoop.ozone.om.KeyManagerImpl.getFileStatus(KeyManagerImpl.java:1145) ~[ozone-manager-1.4.0-SNAPSHOT.jar:?]
	at org.apache.hadoop.ozone.om.OmMetadataReader.getFileStatus(OmMetadataReader.java:266) ~[ozone-manager-1.4.0-SNAPSHOT.jar:?]
	at org.apache.hadoop.ozone.om.OzoneManager.getFileStatus(OzoneManager.java:3585) ~[ozone-manager-1.4.0-SNAPSHOT.jar:?]
	at org.apache.hadoop.ozone.protocolPB.OzoneManagerRequestHandler.getOzoneFileStatus(OzoneManagerRequestHandler.java:998) ~[ozone-manager-1.4.0-SNAPSHOT.jar:?]
	at org.apache.hadoop.ozone.protocolPB.OzoneManagerRequestHandler.handleReadRequest(OzoneManagerRequestHandler.java:259) ~[ozone-manager-1.4.0-SNAPSHOT.jar:?]
	at org.apache.hadoop.ozone.protocolPB.OzoneManagerProtocolServerSideTranslatorPB.submitRequestDirectlyToOM(OzoneManagerProtocolServerSideTranslatorPB.java:274) ~[ozone-manager-1.4.0-SNAPSHOT.jar:?]
	at org.apache.hadoop.ozone.protocolPB.OzoneManagerProtocolServerSideTranslatorPB.processRequest(OzoneManagerProtocolServerSideTranslatorPB.java:175) ~[ozone-manager-1.4.0-SNAPSHOT.jar:?]
	at org.apache.hadoop.hdds.server.OzoneProtocolMessageDispatcher.processRequest(OzoneProtocolMessageDispatcher.java:87) [hdds-server-framework-1.4.0-SNAPSHOT.jar:?]
	at org.apache.hadoop.ozone.protocolPB.OzoneManagerProtocolServerSideTranslatorPB.submitRequest(OzoneManagerProtocolServerSideTranslatorPB.java:148) [ozone-manager-1.4.0-SNAPSHOT.jar:?]
	at org.apache.hadoop.ozone.protocol.proto.OzoneManagerProtocolProtos$OzoneManagerService$2.callBlockingMethod(OzoneManagerProtocolProtos.java) [ozone-interface-client-1.4.0-SNAPSHOT.jar:?]
	at org.apache.hadoop.ipc.ProtobufRpcEngine$Server.processCall(ProtobufRpcEngine.java:484) [hadoop-common-3.3.6.jar:?]
	at org.apache.hadoop.ipc.ProtobufRpcEngine2$Server$ProtoBufRpcInvoker.call(ProtobufRpcEngine2.java:595) [hadoop-common-3.3.6.jar:?]
	at org.apache.hadoop.ipc.ProtobufRpcEngine2$Server$ProtoBufRpcInvoker.call(ProtobufRpcEngine2.java:573) [hadoop-common-3.3.6.jar:?]
	at org.apache.hadoop.ipc.RPC$Server.call(RPC.java:1227) [hadoop-common-3.3.6.jar:?]
	at org.apache.hadoop.ipc.Server$RpcCall.run(Server.java:1094) [hadoop-common-3.3.6.jar:?]
	at org.apache.hadoop.ipc.Server$RpcCall.run(Server.java:1017) [hadoop-common-3.3.6.jar:?]
	at java.security.AccessController.doPrivileged(Native Method) ~[?:1.8.0_382]
	at javax.security.auth.Subject.doAs(Subject.java:422) [?:1.8.0_382]
	at org.apache.hadoop.security.UserGroupInformation.doAs(UserGroupInformation.java:1899) [hadoop-common-3.3.6.jar:?]
	at org.apache.hadoop.ipc.Server$Handler.run(Server.java:3048) [hadoop-common-3.3.6.jar:?]
17:33:52.977 [IPC Server handler 3 on default port 15163] ERROR OMAudit - user=runner | ip=127.0.0.1 | op=GET_FILE_STATUS {volume=volume37245, bucket=bucket80016, key=user/runner/dir1/dir2, dataSize=0, replicationConfig=null} | ret=FAILURE
org.apache.hadoop.ozone.om.exceptions.OMException: Unable to get file status: volume: volume37245 bucket: bucket80016 key: user/runner/dir1/dir2
	at org.apache.hadoop.ozone.om.KeyManagerImpl.getOzoneFileStatus(KeyManagerImpl.java:1227) ~[ozone-manager-1.4.0-SNAPSHOT.jar:?]
	at org.apache.hadoop.ozone.om.KeyManagerImpl.getFileStatus(KeyManagerImpl.java:1145) ~[ozone-manager-1.4.0-SNAPSHOT.jar:?]
	at org.apache.hadoop.ozone.om.OmMetadataReader.getFileStatus(OmMetadataReader.java:266) ~[ozone-manager-1.4.0-SNAPSHOT.jar:?]
	at org.apache.hadoop.ozone.om.OzoneManager.getFileStatus(OzoneManager.java:3585) ~[ozone-manager-1.4.0-SNAPSHOT.jar:?]
	at org.apache.hadoop.ozone.protocolPB.OzoneManagerRequestHandler.getOzoneFileStatus(OzoneManagerRequestHandler.java:998) ~[ozone-manager-1.4.0-SNAPSHOT.jar:?]
	at org.apache.hadoop.ozone.protocolPB.OzoneManagerRequestHandler.handleReadRequest(OzoneManagerRequestHandler.java:259) ~[ozone-manager-1.4.0-SNAPSHOT.jar:?]
	at org.apache.hadoop.ozone.protocolPB.OzoneManagerProtocolServerSideTranslatorPB.submitRequestDirectlyToOM(OzoneManagerProtocolServerSideTranslatorPB.java:274) ~[ozone-manager-1.4.0-SNAPSHOT.jar:?]
	at org.apache.hadoop.ozone.protocolPB.OzoneManagerProtocolServerSideTranslatorPB.processRequest(OzoneManagerProtocolServerSideTranslatorPB.java:175) ~[ozone-manager-1.4.0-SNAPSHOT.jar:?]
	at org.apache.hadoop.hdds.server.OzoneProtocolMessageDispatcher.processRequest(OzoneProtocolMessageDispatcher.java:87) [hdds-server-framework-1.4.0-SNAPSHOT.jar:?]
	at org.apache.hadoop.ozone.protocolPB.OzoneManagerProtocolServerSideTranslatorPB.submitRequest(OzoneManagerProtocolServerSideTranslatorPB.java:148) [ozone-manager-1.4.0-SNAPSHOT.jar:?]
	at org.apache.hadoop.ozone.protocol.proto.OzoneManagerProtocolProtos$OzoneManagerService$2.callBlockingMethod(OzoneManagerProtocolProtos.java) [ozone-interface-client-1.4.0-SNAPSHOT.jar:?]
	at org.apache.hadoop.ipc.ProtobufRpcEngine$Server.processCall(ProtobufRpcEngine.java:484) [hadoop-common-3.3.6.jar:?]
	at org.apache.hadoop.ipc.ProtobufRpcEngine2$Server$ProtoBufRpcInvoker.call(ProtobufRpcEngine2.java:595) [hadoop-common-3.3.6.jar:?]
	at org.apache.hadoop.ipc.ProtobufRpcEngine2$Server$ProtoBufRpcInvoker.call(ProtobufRpcEngine2.java:573) [hadoop-common-3.3.6.jar:?]
	at org.apache.hadoop.ipc.RPC$Server.call(RPC.java:1227) [hadoop-common-3.3.6.jar:?]
	at org.apache.hadoop.ipc.Server$RpcCall.run(Server.java:1094) [hadoop-common-3.3.6.jar:?]
	at org.apache.hadoop.ipc.Server$RpcCall.run(Server.java:1017) [hadoop-common-3.3.6.jar:?]
	at java.security.AccessController.doPrivileged(Native Method) ~[?:1.8.0_382]
	at javax.security.auth.Subject.doAs(Subject.java:422) [?:1.8.0_382]
	at org.apache.hadoop.security.UserGroupInformation.doAs(UserGroupInformation.java:1899) [hadoop-common-3.3.6.jar:?]
	at org.apache.hadoop.ipc.Server$Handler.run(Server.java:3048) [hadoop-common-3.3.6.jar:?]
]]></system-out>
  </testcase>
  <testcase name="testMakeDirsWithAnFakeDirectory" classname="TestOzoneFileSystem" time="0.06">
    <system-out><![CDATA[17:29:53.837 [IPC Server handler 8 on default port 15004] ERROR OMAudit - user=runner | ip=127.0.0.1 | op=GET_FILE_STATUS {volume=volume27687, bucket=bucket94524, key=user/runner/dir1/dir2, dataSize=0, replicationConfig=null} | ret=FAILURE
org.apache.hadoop.ozone.om.exceptions.OMException: Unable to get file status: volume: volume27687 bucket: bucket94524 key: user/runner/dir1/dir2
	at org.apache.hadoop.ozone.om.KeyManagerImpl.getOzoneFileStatus(KeyManagerImpl.java:1227) ~[ozone-manager-1.4.0-SNAPSHOT.jar:?]
	at org.apache.hadoop.ozone.om.KeyManagerImpl.getFileStatus(KeyManagerImpl.java:1145) ~[ozone-manager-1.4.0-SNAPSHOT.jar:?]
	at org.apache.hadoop.ozone.om.OmMetadataReader.getFileStatus(OmMetadataReader.java:266) ~[ozone-manager-1.4.0-SNAPSHOT.jar:?]
	at org.apache.hadoop.ozone.om.OzoneManager.getFileStatus(OzoneManager.java:3585) ~[ozone-manager-1.4.0-SNAPSHOT.jar:?]
	at org.apache.hadoop.ozone.protocolPB.OzoneManagerRequestHandler.getOzoneFileStatus(OzoneManagerRequestHandler.java:998) ~[ozone-manager-1.4.0-SNAPSHOT.jar:?]
	at org.apache.hadoop.ozone.protocolPB.OzoneManagerRequestHandler.handleReadRequest(OzoneManagerRequestHandler.java:259) ~[ozone-manager-1.4.0-SNAPSHOT.jar:?]
	at org.apache.hadoop.ozone.protocolPB.OzoneManagerProtocolServerSideTranslatorPB.submitReadRequestToOM(OzoneManagerProtocolServerSideTranslatorPB.java:225) ~[ozone-manager-1.4.0-SNAPSHOT.jar:?]
	at org.apache.hadoop.ozone.protocolPB.OzoneManagerProtocolServerSideTranslatorPB.processRequest(OzoneManagerProtocolServerSideTranslatorPB.java:179) ~[ozone-manager-1.4.0-SNAPSHOT.jar:?]
	at org.apache.hadoop.hdds.server.OzoneProtocolMessageDispatcher.processRequest(OzoneProtocolMessageDispatcher.java:87) [hdds-server-framework-1.4.0-SNAPSHOT.jar:?]
	at org.apache.hadoop.ozone.protocolPB.OzoneManagerProtocolServerSideTranslatorPB.submitRequest(OzoneManagerProtocolServerSideTranslatorPB.java:148) [ozone-manager-1.4.0-SNAPSHOT.jar:?]
	at org.apache.hadoop.ozone.protocol.proto.OzoneManagerProtocolProtos$OzoneManagerService$2.callBlockingMethod(OzoneManagerProtocolProtos.java) [ozone-interface-client-1.4.0-SNAPSHOT.jar:?]
	at org.apache.hadoop.ipc.ProtobufRpcEngine$Server.processCall(ProtobufRpcEngine.java:484) [hadoop-common-3.3.6.jar:?]
	at org.apache.hadoop.ipc.ProtobufRpcEngine2$Server$ProtoBufRpcInvoker.call(ProtobufRpcEngine2.java:595) [hadoop-common-3.3.6.jar:?]
	at org.apache.hadoop.ipc.ProtobufRpcEngine2$Server$ProtoBufRpcInvoker.call(ProtobufRpcEngine2.java:573) [hadoop-common-3.3.6.jar:?]
	at org.apache.hadoop.ipc.RPC$Server.call(RPC.java:1227) [hadoop-common-3.3.6.jar:?]
	at org.apache.hadoop.ipc.Server$RpcCall.run(Server.java:1094) [hadoop-common-3.3.6.jar:?]
	at org.apache.hadoop.ipc.Server$RpcCall.run(Server.java:1017) [hadoop-common-3.3.6.jar:?]
	at java.security.AccessController.doPrivileged(Native Method) ~[?:1.8.0_382]
	at javax.security.auth.Subject.doAs(Subject.java:422) [?:1.8.0_382]
	at org.apache.hadoop.security.UserGroupInformation.doAs(UserGroupInformation.java:1899) [hadoop-common-3.3.6.jar:?]
	at org.apache.hadoop.ipc.Server$Handler.run(Server.java:3048) [hadoop-common-3.3.6.jar:?]
]]></system-out>
  </testcase>
  <testcase name="testMakeDirsWithAnFakeDirectory" classname="TestOzoneFileSystem" time="0.026">
    <system-out><![CDATA[17:31:24.690 [IPC Server handler 5 on default port 15057] ERROR OMAudit - user=runner | ip=127.0.0.1 | op=GET_FILE_STATUS {volume=volume39856, bucket=bucket94778, key=user/runner/dir1/dir2, dataSize=0, replicationConfig=null} | ret=FAILURE
org.apache.hadoop.ozone.om.exceptions.OMException: Unable to get file status: volume: volume39856 bucket: bucket94778 key: user/runner/dir1/dir2
	at org.apache.hadoop.ozone.om.KeyManagerImpl.getOzoneFileStatus(KeyManagerImpl.java:1227) ~[ozone-manager-1.4.0-SNAPSHOT.jar:?]
	at org.apache.hadoop.ozone.om.KeyManagerImpl.getFileStatus(KeyManagerImpl.java:1145) ~[ozone-manager-1.4.0-SNAPSHOT.jar:?]
	at org.apache.hadoop.ozone.om.OmMetadataReader.getFileStatus(OmMetadataReader.java:266) ~[ozone-manager-1.4.0-SNAPSHOT.jar:?]
	at org.apache.hadoop.ozone.om.OzoneManager.getFileStatus(OzoneManager.java:3585) ~[ozone-manager-1.4.0-SNAPSHOT.jar:?]
	at org.apache.hadoop.ozone.protocolPB.OzoneManagerRequestHandler.getOzoneFileStatus(OzoneManagerRequestHandler.java:998) ~[ozone-manager-1.4.0-SNAPSHOT.jar:?]
	at org.apache.hadoop.ozone.protocolPB.OzoneManagerRequestHandler.handleReadRequest(OzoneManagerRequestHandler.java:259) ~[ozone-manager-1.4.0-SNAPSHOT.jar:?]
	at org.apache.hadoop.ozone.protocolPB.OzoneManagerProtocolServerSideTranslatorPB.submitRequestDirectlyToOM(OzoneManagerProtocolServerSideTranslatorPB.java:274) ~[ozone-manager-1.4.0-SNAPSHOT.jar:?]
	at org.apache.hadoop.ozone.protocolPB.OzoneManagerProtocolServerSideTranslatorPB.processRequest(OzoneManagerProtocolServerSideTranslatorPB.java:175) ~[ozone-manager-1.4.0-SNAPSHOT.jar:?]
	at org.apache.hadoop.hdds.server.OzoneProtocolMessageDispatcher.processRequest(OzoneProtocolMessageDispatcher.java:87) [hdds-server-framework-1.4.0-SNAPSHOT.jar:?]
	at org.apache.hadoop.ozone.protocolPB.OzoneManagerProtocolServerSideTranslatorPB.submitRequest(OzoneManagerProtocolServerSideTranslatorPB.java:148) [ozone-manager-1.4.0-SNAPSHOT.jar:?]
	at org.apache.hadoop.ozone.protocol.proto.OzoneManagerProtocolProtos$OzoneManagerService$2.callBlockingMethod(OzoneManagerProtocolProtos.java) [ozone-interface-client-1.4.0-SNAPSHOT.jar:?]
	at org.apache.hadoop.ipc.ProtobufRpcEngine$Server.processCall(ProtobufRpcEngine.java:484) [hadoop-common-3.3.6.jar:?]
	at org.apache.hadoop.ipc.ProtobufRpcEngine2$Server$ProtoBufRpcInvoker.call(ProtobufRpcEngine2.java:595) [hadoop-common-3.3.6.jar:?]
	at org.apache.hadoop.ipc.ProtobufRpcEngine2$Server$ProtoBufRpcInvoker.call(ProtobufRpcEngine2.java:573) [hadoop-common-3.3.6.jar:?]
	at org.apache.hadoop.ipc.RPC$Server.call(RPC.java:1227) [hadoop-common-3.3.6.jar:?]
	at org.apache.hadoop.ipc.Server$RpcCall.run(Server.java:1094) [hadoop-common-3.3.6.jar:?]
	at org.apache.hadoop.ipc.Server$RpcCall.run(Server.java:1017) [hadoop-common-3.3.6.jar:?]
	at java.security.AccessController.doPrivileged(Native Method) ~[?:1.8.0_382]
	at javax.security.auth.Subject.doAs(Subject.java:422) [?:1.8.0_382]
	at org.apache.hadoop.security.UserGroupInformation.doAs(UserGroupInformation.java:1899) [hadoop-common-3.3.6.jar:?]
	at org.apache.hadoop.ipc.Server$Handler.run(Server.java:3048) [hadoop-common-3.3.6.jar:?]
]]></system-out>
  </testcase>
  <testcase name="testMakeDirsWithAnFakeDirectory" classname="TestOzoneFileSystem" time="0.021">
    <system-out><![CDATA[17:32:35.143 [IPC Server handler 7 on default port 15110] ERROR OMAudit - user=runner | ip=127.0.0.1 | op=GET_FILE_STATUS {volume=volume98659, bucket=bucket57585, key=user/runner/dir1/dir2, dataSize=0, replicationConfig=null} | ret=FAILURE
org.apache.hadoop.ozone.om.exceptions.OMException: Unable to get file status: volume: volume98659 bucket: bucket57585 key: user/runner/dir1/dir2
	at org.apache.hadoop.ozone.om.KeyManagerImpl.getOzoneFileStatus(KeyManagerImpl.java:1227) ~[ozone-manager-1.4.0-SNAPSHOT.jar:?]
	at org.apache.hadoop.ozone.om.KeyManagerImpl.getFileStatus(KeyManagerImpl.java:1145) ~[ozone-manager-1.4.0-SNAPSHOT.jar:?]
	at org.apache.hadoop.ozone.om.OmMetadataReader.getFileStatus(OmMetadataReader.java:266) ~[ozone-manager-1.4.0-SNAPSHOT.jar:?]
	at org.apache.hadoop.ozone.om.OzoneManager.getFileStatus(OzoneManager.java:3585) ~[ozone-manager-1.4.0-SNAPSHOT.jar:?]
	at org.apache.hadoop.ozone.protocolPB.OzoneManagerRequestHandler.getOzoneFileStatus(OzoneManagerRequestHandler.java:998) ~[ozone-manager-1.4.0-SNAPSHOT.jar:?]
	at org.apache.hadoop.ozone.protocolPB.OzoneManagerRequestHandler.handleReadRequest(OzoneManagerRequestHandler.java:259) ~[ozone-manager-1.4.0-SNAPSHOT.jar:?]
	at org.apache.hadoop.ozone.protocolPB.OzoneManagerProtocolServerSideTranslatorPB.submitReadRequestToOM(OzoneManagerProtocolServerSideTranslatorPB.java:225) ~[ozone-manager-1.4.0-SNAPSHOT.jar:?]
	at org.apache.hadoop.ozone.protocolPB.OzoneManagerProtocolServerSideTranslatorPB.processRequest(OzoneManagerProtocolServerSideTranslatorPB.java:179) ~[ozone-manager-1.4.0-SNAPSHOT.jar:?]
	at org.apache.hadoop.hdds.server.OzoneProtocolMessageDispatcher.processRequest(OzoneProtocolMessageDispatcher.java:87) [hdds-server-framework-1.4.0-SNAPSHOT.jar:?]
	at org.apache.hadoop.ozone.protocolPB.OzoneManagerProtocolServerSideTranslatorPB.submitRequest(OzoneManagerProtocolServerSideTranslatorPB.java:148) [ozone-manager-1.4.0-SNAPSHOT.jar:?]
	at org.apache.hadoop.ozone.protocol.proto.OzoneManagerProtocolProtos$OzoneManagerService$2.callBlockingMethod(OzoneManagerProtocolProtos.java) [ozone-interface-client-1.4.0-SNAPSHOT.jar:?]
	at org.apache.hadoop.ipc.ProtobufRpcEngine$Server.processCall(ProtobufRpcEngine.java:484) [hadoop-common-3.3.6.jar:?]
	at org.apache.hadoop.ipc.ProtobufRpcEngine2$Server$ProtoBufRpcInvoker.call(ProtobufRpcEngine2.java:595) [hadoop-common-3.3.6.jar:?]
	at org.apache.hadoop.ipc.ProtobufRpcEngine2$Server$ProtoBufRpcInvoker.call(ProtobufRpcEngine2.java:573) [hadoop-common-3.3.6.jar:?]
	at org.apache.hadoop.ipc.RPC$Server.call(RPC.java:1227) [hadoop-common-3.3.6.jar:?]
	at org.apache.hadoop.ipc.Server$RpcCall.run(Server.java:1094) [hadoop-common-3.3.6.jar:?]
	at org.apache.hadoop.ipc.Server$RpcCall.run(Server.java:1017) [hadoop-common-3.3.6.jar:?]
	at java.security.AccessController.doPrivileged(Native Method) ~[?:1.8.0_382]
	at javax.security.auth.Subject.doAs(Subject.java:422) [?:1.8.0_382]
	at org.apache.hadoop.security.UserGroupInformation.doAs(UserGroupInformation.java:1899) [hadoop-common-3.3.6.jar:?]
	at org.apache.hadoop.ipc.Server$Handler.run(Server.java:3048) [hadoop-common-3.3.6.jar:?]
]]></system-out>
  </testcase>
  <testcase name="testMakeDirsWithAnFakeDirectory" classname="TestOzoneFileSystem" time="0.018">
    <system-out><![CDATA[17:33:52.988 [IPC Server handler 15 on default port 15163] ERROR OMAudit - user=runner | ip=127.0.0.1 | op=GET_FILE_STATUS {volume=volume37245, bucket=bucket80016, key=user/runner/dir1/dir2, dataSize=0, replicationConfig=null} | ret=FAILURE
org.apache.hadoop.ozone.om.exceptions.OMException: Unable to get file status: volume: volume37245 bucket: bucket80016 key: user/runner/dir1/dir2
	at org.apache.hadoop.ozone.om.KeyManagerImpl.getOzoneFileStatus(KeyManagerImpl.java:1227) ~[ozone-manager-1.4.0-SNAPSHOT.jar:?]
	at org.apache.hadoop.ozone.om.KeyManagerImpl.getFileStatus(KeyManagerImpl.java:1145) ~[ozone-manager-1.4.0-SNAPSHOT.jar:?]
	at org.apache.hadoop.ozone.om.OmMetadataReader.getFileStatus(OmMetadataReader.java:266) ~[ozone-manager-1.4.0-SNAPSHOT.jar:?]
	at org.apache.hadoop.ozone.om.OzoneManager.getFileStatus(OzoneManager.java:3585) ~[ozone-manager-1.4.0-SNAPSHOT.jar:?]
	at org.apache.hadoop.ozone.protocolPB.OzoneManagerRequestHandler.getOzoneFileStatus(OzoneManagerRequestHandler.java:998) ~[ozone-manager-1.4.0-SNAPSHOT.jar:?]
	at org.apache.hadoop.ozone.protocolPB.OzoneManagerRequestHandler.handleReadRequest(OzoneManagerRequestHandler.java:259) ~[ozone-manager-1.4.0-SNAPSHOT.jar:?]
	at org.apache.hadoop.ozone.protocolPB.OzoneManagerProtocolServerSideTranslatorPB.submitRequestDirectlyToOM(OzoneManagerProtocolServerSideTranslatorPB.java:274) ~[ozone-manager-1.4.0-SNAPSHOT.jar:?]
	at org.apache.hadoop.ozone.protocolPB.OzoneManagerProtocolServerSideTranslatorPB.processRequest(OzoneManagerProtocolServerSideTranslatorPB.java:175) ~[ozone-manager-1.4.0-SNAPSHOT.jar:?]
	at org.apache.hadoop.hdds.server.OzoneProtocolMessageDispatcher.processRequest(OzoneProtocolMessageDispatcher.java:87) [hdds-server-framework-1.4.0-SNAPSHOT.jar:?]
	at org.apache.hadoop.ozone.protocolPB.OzoneManagerProtocolServerSideTranslatorPB.submitRequest(OzoneManagerProtocolServerSideTranslatorPB.java:148) [ozone-manager-1.4.0-SNAPSHOT.jar:?]
	at org.apache.hadoop.ozone.protocol.proto.OzoneManagerProtocolProtos$OzoneManagerService$2.callBlockingMethod(OzoneManagerProtocolProtos.java) [ozone-interface-client-1.4.0-SNAPSHOT.jar:?]
	at org.apache.hadoop.ipc.ProtobufRpcEngine$Server.processCall(ProtobufRpcEngine.java:484) [hadoop-common-3.3.6.jar:?]
	at org.apache.hadoop.ipc.ProtobufRpcEngine2$Server$ProtoBufRpcInvoker.call(ProtobufRpcEngine2.java:595) [hadoop-common-3.3.6.jar:?]
	at org.apache.hadoop.ipc.ProtobufRpcEngine2$Server$ProtoBufRpcInvoker.call(ProtobufRpcEngine2.java:573) [hadoop-common-3.3.6.jar:?]
	at org.apache.hadoop.ipc.RPC$Server.call(RPC.java:1227) [hadoop-common-3.3.6.jar:?]
	at org.apache.hadoop.ipc.Server$RpcCall.run(Server.java:1094) [hadoop-common-3.3.6.jar:?]
	at org.apache.hadoop.ipc.Server$RpcCall.run(Server.java:1017) [hadoop-common-3.3.6.jar:?]
	at java.security.AccessController.doPrivileged(Native Method) ~[?:1.8.0_382]
	at javax.security.auth.Subject.doAs(Subject.java:422) [?:1.8.0_382]
	at org.apache.hadoop.security.UserGroupInformation.doAs(UserGroupInformation.java:1899) [hadoop-common-3.3.6.jar:?]
	at org.apache.hadoop.ipc.Server$Handler.run(Server.java:3048) [hadoop-common-3.3.6.jar:?]
]]></system-out>
  </testcase>
  <testcase name="testFileDelete" classname="TestOzoneFileSystem" time="0.279">
    <system-out><![CDATA[17:29:54.127 [IPC Server handler 9 on default port 15004] ERROR OMAudit - user=runner | ip=127.0.0.1 | op=GET_FILE_STATUS {volume=volume27687, bucket=bucket94524, key=testBatchDelete, dataSize=0, replicationConfig=null} | ret=FAILURE
org.apache.hadoop.ozone.om.exceptions.OMException: Unable to get file status: volume: volume27687 bucket: bucket94524 key: testBatchDelete
	at org.apache.hadoop.ozone.om.KeyManagerImpl.getOzoneFileStatus(KeyManagerImpl.java:1227) ~[ozone-manager-1.4.0-SNAPSHOT.jar:?]
	at org.apache.hadoop.ozone.om.KeyManagerImpl.getFileStatus(KeyManagerImpl.java:1145) ~[ozone-manager-1.4.0-SNAPSHOT.jar:?]
	at org.apache.hadoop.ozone.om.OmMetadataReader.getFileStatus(OmMetadataReader.java:266) ~[ozone-manager-1.4.0-SNAPSHOT.jar:?]
	at org.apache.hadoop.ozone.om.OzoneManager.getFileStatus(OzoneManager.java:3585) ~[ozone-manager-1.4.0-SNAPSHOT.jar:?]
	at org.apache.hadoop.ozone.protocolPB.OzoneManagerRequestHandler.getOzoneFileStatus(OzoneManagerRequestHandler.java:998) ~[ozone-manager-1.4.0-SNAPSHOT.jar:?]
	at org.apache.hadoop.ozone.protocolPB.OzoneManagerRequestHandler.handleReadRequest(OzoneManagerRequestHandler.java:259) ~[ozone-manager-1.4.0-SNAPSHOT.jar:?]
	at org.apache.hadoop.ozone.protocolPB.OzoneManagerProtocolServerSideTranslatorPB.submitReadRequestToOM(OzoneManagerProtocolServerSideTranslatorPB.java:225) ~[ozone-manager-1.4.0-SNAPSHOT.jar:?]
	at org.apache.hadoop.ozone.protocolPB.OzoneManagerProtocolServerSideTranslatorPB.processRequest(OzoneManagerProtocolServerSideTranslatorPB.java:179) ~[ozone-manager-1.4.0-SNAPSHOT.jar:?]
	at org.apache.hadoop.hdds.server.OzoneProtocolMessageDispatcher.processRequest(OzoneProtocolMessageDispatcher.java:87) [hdds-server-framework-1.4.0-SNAPSHOT.jar:?]
	at org.apache.hadoop.ozone.protocolPB.OzoneManagerProtocolServerSideTranslatorPB.submitRequest(OzoneManagerProtocolServerSideTranslatorPB.java:148) [ozone-manager-1.4.0-SNAPSHOT.jar:?]
	at org.apache.hadoop.ozone.protocol.proto.OzoneManagerProtocolProtos$OzoneManagerService$2.callBlockingMethod(OzoneManagerProtocolProtos.java) [ozone-interface-client-1.4.0-SNAPSHOT.jar:?]
	at org.apache.hadoop.ipc.ProtobufRpcEngine$Server.processCall(ProtobufRpcEngine.java:484) [hadoop-common-3.3.6.jar:?]
	at org.apache.hadoop.ipc.ProtobufRpcEngine2$Server$ProtoBufRpcInvoker.call(ProtobufRpcEngine2.java:595) [hadoop-common-3.3.6.jar:?]
	at org.apache.hadoop.ipc.ProtobufRpcEngine2$Server$ProtoBufRpcInvoker.call(ProtobufRpcEngine2.java:573) [hadoop-common-3.3.6.jar:?]
	at org.apache.hadoop.ipc.RPC$Server.call(RPC.java:1227) [hadoop-common-3.3.6.jar:?]
	at org.apache.hadoop.ipc.Server$RpcCall.run(Server.java:1094) [hadoop-common-3.3.6.jar:?]
	at org.apache.hadoop.ipc.Server$RpcCall.run(Server.java:1017) [hadoop-common-3.3.6.jar:?]
	at java.security.AccessController.doPrivileged(Native Method) ~[?:1.8.0_382]
	at javax.security.auth.Subject.doAs(Subject.java:422) [?:1.8.0_382]
	at org.apache.hadoop.security.UserGroupInformation.doAs(UserGroupInformation.java:1899) [hadoop-common-3.3.6.jar:?]
	at org.apache.hadoop.ipc.Server$Handler.run(Server.java:3048) [hadoop-common-3.3.6.jar:?]
17:29:54.129 [IPC Server handler 8 on default port 15004] ERROR OMAudit - user=runner | ip=127.0.0.1 | op=GET_FILE_STATUS {volume=volume27687, bucket=bucket94524, key=testBatchDelete/parent/child0, dataSize=0, replicationConfig=null} | ret=FAILURE
org.apache.hadoop.ozone.om.exceptions.OMException: Unable to get file status: volume: volume27687 bucket: bucket94524 key: testBatchDelete/parent/child0
	at org.apache.hadoop.ozone.om.KeyManagerImpl.getOzoneFileStatus(KeyManagerImpl.java:1227) ~[ozone-manager-1.4.0-SNAPSHOT.jar:?]
	at org.apache.hadoop.ozone.om.KeyManagerImpl.getFileStatus(KeyManagerImpl.java:1145) ~[ozone-manager-1.4.0-SNAPSHOT.jar:?]
	at org.apache.hadoop.ozone.om.OmMetadataReader.getFileStatus(OmMetadataReader.java:266) ~[ozone-manager-1.4.0-SNAPSHOT.jar:?]
	at org.apache.hadoop.ozone.om.OzoneManager.getFileStatus(OzoneManager.java:3585) ~[ozone-manager-1.4.0-SNAPSHOT.jar:?]
	at org.apache.hadoop.ozone.protocolPB.OzoneManagerRequestHandler.getOzoneFileStatus(OzoneManagerRequestHandler.java:998) ~[ozone-manager-1.4.0-SNAPSHOT.jar:?]
	at org.apache.hadoop.ozone.protocolPB.OzoneManagerRequestHandler.handleReadRequest(OzoneManagerRequestHandler.java:259) ~[ozone-manager-1.4.0-SNAPSHOT.jar:?]
	at org.apache.hadoop.ozone.protocolPB.OzoneManagerProtocolServerSideTranslatorPB.submitReadRequestToOM(OzoneManagerProtocolServerSideTranslatorPB.java:225) ~[ozone-manager-1.4.0-SNAPSHOT.jar:?]
	at org.apache.hadoop.ozone.protocolPB.OzoneManagerProtocolServerSideTranslatorPB.processRequest(OzoneManagerProtocolServerSideTranslatorPB.java:179) ~[ozone-manager-1.4.0-SNAPSHOT.jar:?]
	at org.apache.hadoop.hdds.server.OzoneProtocolMessageDispatcher.processRequest(OzoneProtocolMessageDispatcher.java:87) [hdds-server-framework-1.4.0-SNAPSHOT.jar:?]
	at org.apache.hadoop.ozone.protocolPB.OzoneManagerProtocolServerSideTranslatorPB.submitRequest(OzoneManagerProtocolServerSideTranslatorPB.java:148) [ozone-manager-1.4.0-SNAPSHOT.jar:?]
	at org.apache.hadoop.ozone.protocol.proto.OzoneManagerProtocolProtos$OzoneManagerService$2.callBlockingMethod(OzoneManagerProtocolProtos.java) [ozone-interface-client-1.4.0-SNAPSHOT.jar:?]
	at org.apache.hadoop.ipc.ProtobufRpcEngine$Server.processCall(ProtobufRpcEngine.java:484) [hadoop-common-3.3.6.jar:?]
	at org.apache.hadoop.ipc.ProtobufRpcEngine2$Server$ProtoBufRpcInvoker.call(ProtobufRpcEngine2.java:595) [hadoop-common-3.3.6.jar:?]
	at org.apache.hadoop.ipc.ProtobufRpcEngine2$Server$ProtoBufRpcInvoker.call(ProtobufRpcEngine2.java:573) [hadoop-common-3.3.6.jar:?]
	at org.apache.hadoop.ipc.RPC$Server.call(RPC.java:1227) [hadoop-common-3.3.6.jar:?]
	at org.apache.hadoop.ipc.Server$RpcCall.run(Server.java:1094) [hadoop-common-3.3.6.jar:?]
	at org.apache.hadoop.ipc.Server$RpcCall.run(Server.java:1017) [hadoop-common-3.3.6.jar:?]
	at java.security.AccessController.doPrivileged(Native Method) ~[?:1.8.0_382]
	at javax.security.auth.Subject.doAs(Subject.java:422) [?:1.8.0_382]
	at org.apache.hadoop.security.UserGroupInformation.doAs(UserGroupInformation.java:1899) [hadoop-common-3.3.6.jar:?]
	at org.apache.hadoop.ipc.Server$Handler.run(Server.java:3048) [hadoop-common-3.3.6.jar:?]
17:29:54.130 [IPC Server handler 11 on default port 15004] ERROR OMAudit - user=runner | ip=127.0.0.1 | op=GET_FILE_STATUS {volume=volume27687, bucket=bucket94524, key=testBatchDelete/parent/childFolder/child0, dataSize=0, replicationConfig=null} | ret=FAILURE
org.apache.hadoop.ozone.om.exceptions.OMException: Unable to get file status: volume: volume27687 bucket: bucket94524 key: testBatchDelete/parent/childFolder/child0
	at org.apache.hadoop.ozone.om.KeyManagerImpl.getOzoneFileStatus(KeyManagerImpl.java:1227) ~[ozone-manager-1.4.0-SNAPSHOT.jar:?]
	at org.apache.hadoop.ozone.om.KeyManagerImpl.getFileStatus(KeyManagerImpl.java:1145) ~[ozone-manager-1.4.0-SNAPSHOT.jar:?]
	at org.apache.hadoop.ozone.om.OmMetadataReader.getFileStatus(OmMetadataReader.java:266) ~[ozone-manager-1.4.0-SNAPSHOT.jar:?]
	at org.apache.hadoop.ozone.om.OzoneManager.getFileStatus(OzoneManager.java:3585) ~[ozone-manager-1.4.0-SNAPSHOT.jar:?]
	at org.apache.hadoop.ozone.protocolPB.OzoneManagerRequestHandler.getOzoneFileStatus(OzoneManagerRequestHandler.java:998) ~[ozone-manager-1.4.0-SNAPSHOT.jar:?]
	at org.apache.hadoop.ozone.protocolPB.OzoneManagerRequestHandler.handleReadRequest(OzoneManagerRequestHandler.java:259) ~[ozone-manager-1.4.0-SNAPSHOT.jar:?]
	at org.apache.hadoop.ozone.protocolPB.OzoneManagerProtocolServerSideTranslatorPB.submitReadRequestToOM(OzoneManagerProtocolServerSideTranslatorPB.java:225) ~[ozone-manager-1.4.0-SNAPSHOT.jar:?]
	at org.apache.hadoop.ozone.protocolPB.OzoneManagerProtocolServerSideTranslatorPB.processRequest(OzoneManagerProtocolServerSideTranslatorPB.java:179) ~[ozone-manager-1.4.0-SNAPSHOT.jar:?]
	at org.apache.hadoop.hdds.server.OzoneProtocolMessageDispatcher.processRequest(OzoneProtocolMessageDispatcher.java:87) [hdds-server-framework-1.4.0-SNAPSHOT.jar:?]
	at org.apache.hadoop.ozone.protocolPB.OzoneManagerProtocolServerSideTranslatorPB.submitRequest(OzoneManagerProtocolServerSideTranslatorPB.java:148) [ozone-manager-1.4.0-SNAPSHOT.jar:?]
	at org.apache.hadoop.ozone.protocol.proto.OzoneManagerProtocolProtos$OzoneManagerService$2.callBlockingMethod(OzoneManagerProtocolProtos.java) [ozone-interface-client-1.4.0-SNAPSHOT.jar:?]
	at org.apache.hadoop.ipc.ProtobufRpcEngine$Server.processCall(ProtobufRpcEngine.java:484) [hadoop-common-3.3.6.jar:?]
	at org.apache.hadoop.ipc.ProtobufRpcEngine2$Server$ProtoBufRpcInvoker.call(ProtobufRpcEngine2.java:595) [hadoop-common-3.3.6.jar:?]
	at org.apache.hadoop.ipc.ProtobufRpcEngine2$Server$ProtoBufRpcInvoker.call(ProtobufRpcEngine2.java:573) [hadoop-common-3.3.6.jar:?]
	at org.apache.hadoop.ipc.RPC$Server.call(RPC.java:1227) [hadoop-common-3.3.6.jar:?]
	at org.apache.hadoop.ipc.Server$RpcCall.run(Server.java:1094) [hadoop-common-3.3.6.jar:?]
	at org.apache.hadoop.ipc.Server$RpcCall.run(Server.java:1017) [hadoop-common-3.3.6.jar:?]
	at java.security.AccessController.doPrivileged(Native Method) ~[?:1.8.0_382]
	at javax.security.auth.Subject.doAs(Subject.java:422) [?:1.8.0_382]
	at org.apache.hadoop.security.UserGroupInformation.doAs(UserGroupInformation.java:1899) [hadoop-common-3.3.6.jar:?]
	at org.apache.hadoop.ipc.Server$Handler.run(Server.java:3048) [hadoop-common-3.3.6.jar:?]
17:29:54.132 [IPC Server handler 10 on default port 15004] ERROR OMAudit - user=runner | ip=127.0.0.1 | op=GET_FILE_STATUS {volume=volume27687, bucket=bucket94524, key=testBatchDelete/parent/child1, dataSize=0, replicationConfig=null} | ret=FAILURE
org.apache.hadoop.ozone.om.exceptions.OMException: Unable to get file status: volume: volume27687 bucket: bucket94524 key: testBatchDelete/parent/child1
	at org.apache.hadoop.ozone.om.KeyManagerImpl.getOzoneFileStatus(KeyManagerImpl.java:1227) ~[ozone-manager-1.4.0-SNAPSHOT.jar:?]
	at org.apache.hadoop.ozone.om.KeyManagerImpl.getFileStatus(KeyManagerImpl.java:1145) ~[ozone-manager-1.4.0-SNAPSHOT.jar:?]
	at org.apache.hadoop.ozone.om.OmMetadataReader.getFileStatus(OmMetadataReader.java:266) ~[ozone-manager-1.4.0-SNAPSHOT.jar:?]
	at org.apache.hadoop.ozone.om.OzoneManager.getFileStatus(OzoneManager.java:3585) ~[ozone-manager-1.4.0-SNAPSHOT.jar:?]
	at org.apache.hadoop.ozone.protocolPB.OzoneManagerRequestHandler.getOzoneFileStatus(OzoneManagerRequestHandler.java:998) ~[ozone-manager-1.4.0-SNAPSHOT.jar:?]
	at org.apache.hadoop.ozone.protocolPB.OzoneManagerRequestHandler.handleReadRequest(OzoneManagerRequestHandler.java:259) ~[ozone-manager-1.4.0-SNAPSHOT.jar:?]
	at org.apache.hadoop.ozone.protocolPB.OzoneManagerProtocolServerSideTranslatorPB.submitReadRequestToOM(OzoneManagerProtocolServerSideTranslatorPB.java:225) ~[ozone-manager-1.4.0-SNAPSHOT.jar:?]
	at org.apache.hadoop.ozone.protocolPB.OzoneManagerProtocolServerSideTranslatorPB.processRequest(OzoneManagerProtocolServerSideTranslatorPB.java:179) ~[ozone-manager-1.4.0-SNAPSHOT.jar:?]
	at org.apache.hadoop.hdds.server.OzoneProtocolMessageDispatcher.processRequest(OzoneProtocolMessageDispatcher.java:87) [hdds-server-framework-1.4.0-SNAPSHOT.jar:?]
	at org.apache.hadoop.ozone.protocolPB.OzoneManagerProtocolServerSideTranslatorPB.submitRequest(OzoneManagerProtocolServerSideTranslatorPB.java:148) [ozone-manager-1.4.0-SNAPSHOT.jar:?]
	at org.apache.hadoop.ozone.protocol.proto.OzoneManagerProtocolProtos$OzoneManagerService$2.callBlockingMethod(OzoneManagerProtocolProtos.java) [ozone-interface-client-1.4.0-SNAPSHOT.jar:?]
	at org.apache.hadoop.ipc.ProtobufRpcEngine$Server.processCall(ProtobufRpcEngine.java:484) [hadoop-common-3.3.6.jar:?]
	at org.apache.hadoop.ipc.ProtobufRpcEngine2$Server$ProtoBufRpcInvoker.call(ProtobufRpcEngine2.java:595) [hadoop-common-3.3.6.jar:?]
	at org.apache.hadoop.ipc.ProtobufRpcEngine2$Server$ProtoBufRpcInvoker.call(ProtobufRpcEngine2.java:573) [hadoop-common-3.3.6.jar:?]
	at org.apache.hadoop.ipc.RPC$Server.call(RPC.java:1227) [hadoop-common-3.3.6.jar:?]
	at org.apache.hadoop.ipc.Server$RpcCall.run(Server.java:1094) [hadoop-common-3.3.6.jar:?]
	at org.apache.hadoop.ipc.Server$RpcCall.run(Server.java:1017) [hadoop-common-3.3.6.jar:?]
	at java.security.AccessController.doPrivileged(Native Method) ~[?:1.8.0_382]
	at javax.security.auth.Subject.doAs(Subject.java:422) [?:1.8.0_382]
	at org.apache.hadoop.security.UserGroupInformation.doAs(UserGroupInformation.java:1899) [hadoop-common-3.3.6.jar:?]
	at org.apache.hadoop.ipc.Server$Handler.run(Server.java:3048) [hadoop-common-3.3.6.jar:?]
17:29:54.133 [IPC Server handler 16 on default port 15004] ERROR OMAudit - user=runner | ip=127.0.0.1 | op=GET_FILE_STATUS {volume=volume27687, bucket=bucket94524, key=testBatchDelete/parent/childFolder/child1, dataSize=0, replicationConfig=null} | ret=FAILURE
org.apache.hadoop.ozone.om.exceptions.OMException: Unable to get file status: volume: volume27687 bucket: bucket94524 key: testBatchDelete/parent/childFolder/child1
	at org.apache.hadoop.ozone.om.KeyManagerImpl.getOzoneFileStatus(KeyManagerImpl.java:1227) ~[ozone-manager-1.4.0-SNAPSHOT.jar:?]
	at org.apache.hadoop.ozone.om.KeyManagerImpl.getFileStatus(KeyManagerImpl.java:1145) ~[ozone-manager-1.4.0-SNAPSHOT.jar:?]
	at org.apache.hadoop.ozone.om.OmMetadataReader.getFileStatus(OmMetadataReader.java:266) ~[ozone-manager-1.4.0-SNAPSHOT.jar:?]
	at org.apache.hadoop.ozone.om.OzoneManager.getFileStatus(OzoneManager.java:3585) ~[ozone-manager-1.4.0-SNAPSHOT.jar:?]
	at org.apache.hadoop.ozone.protocolPB.OzoneManagerRequestHandler.getOzoneFileStatus(OzoneManagerRequestHandler.java:998) ~[ozone-manager-1.4.0-SNAPSHOT.jar:?]
	at org.apache.hadoop.ozone.protocolPB.OzoneManagerRequestHandler.handleReadRequest(OzoneManagerRequestHandler.java:259) ~[ozone-manager-1.4.0-SNAPSHOT.jar:?]
	at org.apache.hadoop.ozone.protocolPB.OzoneManagerProtocolServerSideTranslatorPB.submitReadRequestToOM(OzoneManagerProtocolServerSideTranslatorPB.java:225) ~[ozone-manager-1.4.0-SNAPSHOT.jar:?]
	at org.apache.hadoop.ozone.protocolPB.OzoneManagerProtocolServerSideTranslatorPB.processRequest(OzoneManagerProtocolServerSideTranslatorPB.java:179) ~[ozone-manager-1.4.0-SNAPSHOT.jar:?]
	at org.apache.hadoop.hdds.server.OzoneProtocolMessageDispatcher.processRequest(OzoneProtocolMessageDispatcher.java:87) [hdds-server-framework-1.4.0-SNAPSHOT.jar:?]
	at org.apache.hadoop.ozone.protocolPB.OzoneManagerProtocolServerSideTranslatorPB.submitRequest(OzoneManagerProtocolServerSideTranslatorPB.java:148) [ozone-manager-1.4.0-SNAPSHOT.jar:?]
	at org.apache.hadoop.ozone.protocol.proto.OzoneManagerProtocolProtos$OzoneManagerService$2.callBlockingMethod(OzoneManagerProtocolProtos.java) [ozone-interface-client-1.4.0-SNAPSHOT.jar:?]
	at org.apache.hadoop.ipc.ProtobufRpcEngine$Server.processCall(ProtobufRpcEngine.java:484) [hadoop-common-3.3.6.jar:?]
	at org.apache.hadoop.ipc.ProtobufRpcEngine2$Server$ProtoBufRpcInvoker.call(ProtobufRpcEngine2.java:595) [hadoop-common-3.3.6.jar:?]
	at org.apache.hadoop.ipc.ProtobufRpcEngine2$Server$ProtoBufRpcInvoker.call(ProtobufRpcEngine2.java:573) [hadoop-common-3.3.6.jar:?]
	at org.apache.hadoop.ipc.RPC$Server.call(RPC.java:1227) [hadoop-common-3.3.6.jar:?]
	at org.apache.hadoop.ipc.Server$RpcCall.run(Server.java:1094) [hadoop-common-3.3.6.jar:?]
	at org.apache.hadoop.ipc.Server$RpcCall.run(Server.java:1017) [hadoop-common-3.3.6.jar:?]
	at java.security.AccessController.doPrivileged(Native Method) ~[?:1.8.0_382]
	at javax.security.auth.Subject.doAs(Subject.java:422) [?:1.8.0_382]
	at org.apache.hadoop.security.UserGroupInformation.doAs(UserGroupInformation.java:1899) [hadoop-common-3.3.6.jar:?]
	at org.apache.hadoop.ipc.Server$Handler.run(Server.java:3048) [hadoop-common-3.3.6.jar:?]
17:29:54.135 [IPC Server handler 6 on default port 15004] ERROR OMAudit - user=runner | ip=127.0.0.1 | op=GET_FILE_STATUS {volume=volume27687, bucket=bucket94524, key=testBatchDelete/parent/child2, dataSize=0, replicationConfig=null} | ret=FAILURE
org.apache.hadoop.ozone.om.exceptions.OMException: Unable to get file status: volume: volume27687 bucket: bucket94524 key: testBatchDelete/parent/child2
	at org.apache.hadoop.ozone.om.KeyManagerImpl.getOzoneFileStatus(KeyManagerImpl.java:1227) ~[ozone-manager-1.4.0-SNAPSHOT.jar:?]
	at org.apache.hadoop.ozone.om.KeyManagerImpl.getFileStatus(KeyManagerImpl.java:1145) ~[ozone-manager-1.4.0-SNAPSHOT.jar:?]
	at org.apache.hadoop.ozone.om.OmMetadataReader.getFileStatus(OmMetadataReader.java:266) ~[ozone-manager-1.4.0-SNAPSHOT.jar:?]
	at org.apache.hadoop.ozone.om.OzoneManager.getFileStatus(OzoneManager.java:3585) ~[ozone-manager-1.4.0-SNAPSHOT.jar:?]
	at org.apache.hadoop.ozone.protocolPB.OzoneManagerRequestHandler.getOzoneFileStatus(OzoneManagerRequestHandler.java:998) ~[ozone-manager-1.4.0-SNAPSHOT.jar:?]
	at org.apache.hadoop.ozone.protocolPB.OzoneManagerRequestHandler.handleReadRequest(OzoneManagerRequestHandler.java:259) ~[ozone-manager-1.4.0-SNAPSHOT.jar:?]
	at org.apache.hadoop.ozone.protocolPB.OzoneManagerProtocolServerSideTranslatorPB.submitReadRequestToOM(OzoneManagerProtocolServerSideTranslatorPB.java:225) ~[ozone-manager-1.4.0-SNAPSHOT.jar:?]
	at org.apache.hadoop.ozone.protocolPB.OzoneManagerProtocolServerSideTranslatorPB.processRequest(OzoneManagerProtocolServerSideTranslatorPB.java:179) ~[ozone-manager-1.4.0-SNAPSHOT.jar:?]
	at org.apache.hadoop.hdds.server.OzoneProtocolMessageDispatcher.processRequest(OzoneProtocolMessageDispatcher.java:87) [hdds-server-framework-1.4.0-SNAPSHOT.jar:?]
	at org.apache.hadoop.ozone.protocolPB.OzoneManagerProtocolServerSideTranslatorPB.submitRequest(OzoneManagerProtocolServerSideTranslatorPB.java:148) [ozone-manager-1.4.0-SNAPSHOT.jar:?]
	at org.apache.hadoop.ozone.protocol.proto.OzoneManagerProtocolProtos$OzoneManagerService$2.callBlockingMethod(OzoneManagerProtocolProtos.java) [ozone-interface-client-1.4.0-SNAPSHOT.jar:?]
	at org.apache.hadoop.ipc.ProtobufRpcEngine$Server.processCall(ProtobufRpcEngine.java:484) [hadoop-common-3.3.6.jar:?]
	at org.apache.hadoop.ipc.ProtobufRpcEngine2$Server$ProtoBufRpcInvoker.call(ProtobufRpcEngine2.java:595) [hadoop-common-3.3.6.jar:?]
	at org.apache.hadoop.ipc.ProtobufRpcEngine2$Server$ProtoBufRpcInvoker.call(ProtobufRpcEngine2.java:573) [hadoop-common-3.3.6.jar:?]
	at org.apache.hadoop.ipc.RPC$Server.call(RPC.java:1227) [hadoop-common-3.3.6.jar:?]
	at org.apache.hadoop.ipc.Server$RpcCall.run(Server.java:1094) [hadoop-common-3.3.6.jar:?]
	at org.apache.hadoop.ipc.Server$RpcCall.run(Server.java:1017) [hadoop-common-3.3.6.jar:?]
	at java.security.AccessController.doPrivileged(Native Method) ~[?:1.8.0_382]
	at javax.security.auth.Subject.doAs(Subject.java:422) [?:1.8.0_382]
	at org.apache.hadoop.security.UserGroupInformation.doAs(UserGroupInformation.java:1899) [hadoop-common-3.3.6.jar:?]
	at org.apache.hadoop.ipc.Server$Handler.run(Server.java:3048) [hadoop-common-3.3.6.jar:?]
17:29:54.137 [IPC Server handler 12 on default port 15004] ERROR OMAudit - user=runner | ip=127.0.0.1 | op=GET_FILE_STATUS {volume=volume27687, bucket=bucket94524, key=testBatchDelete/parent/childFolder/child2, dataSize=0, replicationConfig=null} | ret=FAILURE
org.apache.hadoop.ozone.om.exceptions.OMException: Unable to get file status: volume: volume27687 bucket: bucket94524 key: testBatchDelete/parent/childFolder/child2
	at org.apache.hadoop.ozone.om.KeyManagerImpl.getOzoneFileStatus(KeyManagerImpl.java:1227) ~[ozone-manager-1.4.0-SNAPSHOT.jar:?]
	at org.apache.hadoop.ozone.om.KeyManagerImpl.getFileStatus(KeyManagerImpl.java:1145) ~[ozone-manager-1.4.0-SNAPSHOT.jar:?]
	at org.apache.hadoop.ozone.om.OmMetadataReader.getFileStatus(OmMetadataReader.java:266) ~[ozone-manager-1.4.0-SNAPSHOT.jar:?]
	at org.apache.hadoop.ozone.om.OzoneManager.getFileStatus(OzoneManager.java:3585) ~[ozone-manager-1.4.0-SNAPSHOT.jar:?]
	at org.apache.hadoop.ozone.protocolPB.OzoneManagerRequestHandler.getOzoneFileStatus(OzoneManagerRequestHandler.java:998) ~[ozone-manager-1.4.0-SNAPSHOT.jar:?]
	at org.apache.hadoop.ozone.protocolPB.OzoneManagerRequestHandler.handleReadRequest(OzoneManagerRequestHandler.java:259) ~[ozone-manager-1.4.0-SNAPSHOT.jar:?]
	at org.apache.hadoop.ozone.protocolPB.OzoneManagerProtocolServerSideTranslatorPB.submitReadRequestToOM(OzoneManagerProtocolServerSideTranslatorPB.java:225) ~[ozone-manager-1.4.0-SNAPSHOT.jar:?]
	at org.apache.hadoop.ozone.protocolPB.OzoneManagerProtocolServerSideTranslatorPB.processRequest(OzoneManagerProtocolServerSideTranslatorPB.java:179) ~[ozone-manager-1.4.0-SNAPSHOT.jar:?]
	at org.apache.hadoop.hdds.server.OzoneProtocolMessageDispatcher.processRequest(OzoneProtocolMessageDispatcher.java:87) [hdds-server-framework-1.4.0-SNAPSHOT.jar:?]
	at org.apache.hadoop.ozone.protocolPB.OzoneManagerProtocolServerSideTranslatorPB.submitRequest(OzoneManagerProtocolServerSideTranslatorPB.java:148) [ozone-manager-1.4.0-SNAPSHOT.jar:?]
	at org.apache.hadoop.ozone.protocol.proto.OzoneManagerProtocolProtos$OzoneManagerService$2.callBlockingMethod(OzoneManagerProtocolProtos.java) [ozone-interface-client-1.4.0-SNAPSHOT.jar:?]
	at org.apache.hadoop.ipc.ProtobufRpcEngine$Server.processCall(ProtobufRpcEngine.java:484) [hadoop-common-3.3.6.jar:?]
	at org.apache.hadoop.ipc.ProtobufRpcEngine2$Server$ProtoBufRpcInvoker.call(ProtobufRpcEngine2.java:595) [hadoop-common-3.3.6.jar:?]
	at org.apache.hadoop.ipc.ProtobufRpcEngine2$Server$ProtoBufRpcInvoker.call(ProtobufRpcEngine2.java:573) [hadoop-common-3.3.6.jar:?]
	at org.apache.hadoop.ipc.RPC$Server.call(RPC.java:1227) [hadoop-common-3.3.6.jar:?]
	at org.apache.hadoop.ipc.Server$RpcCall.run(Server.java:1094) [hadoop-common-3.3.6.jar:?]
	at org.apache.hadoop.ipc.Server$RpcCall.run(Server.java:1017) [hadoop-common-3.3.6.jar:?]
	at java.security.AccessController.doPrivileged(Native Method) ~[?:1.8.0_382]
	at javax.security.auth.Subject.doAs(Subject.java:422) [?:1.8.0_382]
	at org.apache.hadoop.security.UserGroupInformation.doAs(UserGroupInformation.java:1899) [hadoop-common-3.3.6.jar:?]
	at org.apache.hadoop.ipc.Server$Handler.run(Server.java:3048) [hadoop-common-3.3.6.jar:?]
17:29:54.138 [IPC Server handler 13 on default port 15004] ERROR OMAudit - user=runner | ip=127.0.0.1 | op=GET_FILE_STATUS {volume=volume27687, bucket=bucket94524, key=testBatchDelete/parent/child3, dataSize=0, replicationConfig=null} | ret=FAILURE
org.apache.hadoop.ozone.om.exceptions.OMException: Unable to get file status: volume: volume27687 bucket: bucket94524 key: testBatchDelete/parent/child3
	at org.apache.hadoop.ozone.om.KeyManagerImpl.getOzoneFileStatus(KeyManagerImpl.java:1227) ~[ozone-manager-1.4.0-SNAPSHOT.jar:?]
	at org.apache.hadoop.ozone.om.KeyManagerImpl.getFileStatus(KeyManagerImpl.java:1145) ~[ozone-manager-1.4.0-SNAPSHOT.jar:?]
	at org.apache.hadoop.ozone.om.OmMetadataReader.getFileStatus(OmMetadataReader.java:266) ~[ozone-manager-1.4.0-SNAPSHOT.jar:?]
	at org.apache.hadoop.ozone.om.OzoneManager.getFileStatus(OzoneManager.java:3585) ~[ozone-manager-1.4.0-SNAPSHOT.jar:?]
	at org.apache.hadoop.ozone.protocolPB.OzoneManagerRequestHandler.getOzoneFileStatus(OzoneManagerRequestHandler.java:998) ~[ozone-manager-1.4.0-SNAPSHOT.jar:?]
	at org.apache.hadoop.ozone.protocolPB.OzoneManagerRequestHandler.handleReadRequest(OzoneManagerRequestHandler.java:259) ~[ozone-manager-1.4.0-SNAPSHOT.jar:?]
	at org.apache.hadoop.ozone.protocolPB.OzoneManagerProtocolServerSideTranslatorPB.submitReadRequestToOM(OzoneManagerProtocolServerSideTranslatorPB.java:225) ~[ozone-manager-1.4.0-SNAPSHOT.jar:?]
	at org.apache.hadoop.ozone.protocolPB.OzoneManagerProtocolServerSideTranslatorPB.processRequest(OzoneManagerProtocolServerSideTranslatorPB.java:179) ~[ozone-manager-1.4.0-SNAPSHOT.jar:?]
	at org.apache.hadoop.hdds.server.OzoneProtocolMessageDispatcher.processRequest(OzoneProtocolMessageDispatcher.java:87) [hdds-server-framework-1.4.0-SNAPSHOT.jar:?]
	at org.apache.hadoop.ozone.protocolPB.OzoneManagerProtocolServerSideTranslatorPB.submitRequest(OzoneManagerProtocolServerSideTranslatorPB.java:148) [ozone-manager-1.4.0-SNAPSHOT.jar:?]
	at org.apache.hadoop.ozone.protocol.proto.OzoneManagerProtocolProtos$OzoneManagerService$2.callBlockingMethod(OzoneManagerProtocolProtos.java) [ozone-interface-client-1.4.0-SNAPSHOT.jar:?]
	at org.apache.hadoop.ipc.ProtobufRpcEngine$Server.processCall(ProtobufRpcEngine.java:484) [hadoop-common-3.3.6.jar:?]
	at org.apache.hadoop.ipc.ProtobufRpcEngine2$Server$ProtoBufRpcInvoker.call(ProtobufRpcEngine2.java:595) [hadoop-common-3.3.6.jar:?]
	at org.apache.hadoop.ipc.ProtobufRpcEngine2$Server$ProtoBufRpcInvoker.call(ProtobufRpcEngine2.java:573) [hadoop-common-3.3.6.jar:?]
	at org.apache.hadoop.ipc.RPC$Server.call(RPC.java:1227) [hadoop-common-3.3.6.jar:?]
	at org.apache.hadoop.ipc.Server$RpcCall.run(Server.java:1094) [hadoop-common-3.3.6.jar:?]
	at org.apache.hadoop.ipc.Server$RpcCall.run(Server.java:1017) [hadoop-common-3.3.6.jar:?]
	at java.security.AccessController.doPrivileged(Native Method) ~[?:1.8.0_382]
	at javax.security.auth.Subject.doAs(Subject.java:422) [?:1.8.0_382]
	at org.apache.hadoop.security.UserGroupInformation.doAs(UserGroupInformation.java:1899) [hadoop-common-3.3.6.jar:?]
	at org.apache.hadoop.ipc.Server$Handler.run(Server.java:3048) [hadoop-common-3.3.6.jar:?]
17:29:54.140 [IPC Server handler 14 on default port 15004] ERROR OMAudit - user=runner | ip=127.0.0.1 | op=GET_FILE_STATUS {volume=volume27687, bucket=bucket94524, key=testBatchDelete/parent/childFolder/child3, dataSize=0, replicationConfig=null} | ret=FAILURE
org.apache.hadoop.ozone.om.exceptions.OMException: Unable to get file status: volume: volume27687 bucket: bucket94524 key: testBatchDelete/parent/childFolder/child3
	at org.apache.hadoop.ozone.om.KeyManagerImpl.getOzoneFileStatus(KeyManagerImpl.java:1227) ~[ozone-manager-1.4.0-SNAPSHOT.jar:?]
	at org.apache.hadoop.ozone.om.KeyManagerImpl.getFileStatus(KeyManagerImpl.java:1145) ~[ozone-manager-1.4.0-SNAPSHOT.jar:?]
	at org.apache.hadoop.ozone.om.OmMetadataReader.getFileStatus(OmMetadataReader.java:266) ~[ozone-manager-1.4.0-SNAPSHOT.jar:?]
	at org.apache.hadoop.ozone.om.OzoneManager.getFileStatus(OzoneManager.java:3585) ~[ozone-manager-1.4.0-SNAPSHOT.jar:?]
	at org.apache.hadoop.ozone.protocolPB.OzoneManagerRequestHandler.getOzoneFileStatus(OzoneManagerRequestHandler.java:998) ~[ozone-manager-1.4.0-SNAPSHOT.jar:?]
	at org.apache.hadoop.ozone.protocolPB.OzoneManagerRequestHandler.handleReadRequest(OzoneManagerRequestHandler.java:259) ~[ozone-manager-1.4.0-SNAPSHOT.jar:?]
	at org.apache.hadoop.ozone.protocolPB.OzoneManagerProtocolServerSideTranslatorPB.submitReadRequestToOM(OzoneManagerProtocolServerSideTranslatorPB.java:225) ~[ozone-manager-1.4.0-SNAPSHOT.jar:?]
	at org.apache.hadoop.ozone.protocolPB.OzoneManagerProtocolServerSideTranslatorPB.processRequest(OzoneManagerProtocolServerSideTranslatorPB.java:179) ~[ozone-manager-1.4.0-SNAPSHOT.jar:?]
	at org.apache.hadoop.hdds.server.OzoneProtocolMessageDispatcher.processRequest(OzoneProtocolMessageDispatcher.java:87) [hdds-server-framework-1.4.0-SNAPSHOT.jar:?]
	at org.apache.hadoop.ozone.protocolPB.OzoneManagerProtocolServerSideTranslatorPB.submitRequest(OzoneManagerProtocolServerSideTranslatorPB.java:148) [ozone-manager-1.4.0-SNAPSHOT.jar:?]
	at org.apache.hadoop.ozone.protocol.proto.OzoneManagerProtocolProtos$OzoneManagerService$2.callBlockingMethod(OzoneManagerProtocolProtos.java) [ozone-interface-client-1.4.0-SNAPSHOT.jar:?]
	at org.apache.hadoop.ipc.ProtobufRpcEngine$Server.processCall(ProtobufRpcEngine.java:484) [hadoop-common-3.3.6.jar:?]
	at org.apache.hadoop.ipc.ProtobufRpcEngine2$Server$ProtoBufRpcInvoker.call(ProtobufRpcEngine2.java:595) [hadoop-common-3.3.6.jar:?]
	at org.apache.hadoop.ipc.ProtobufRpcEngine2$Server$ProtoBufRpcInvoker.call(ProtobufRpcEngine2.java:573) [hadoop-common-3.3.6.jar:?]
	at org.apache.hadoop.ipc.RPC$Server.call(RPC.java:1227) [hadoop-common-3.3.6.jar:?]
	at org.apache.hadoop.ipc.Server$RpcCall.run(Server.java:1094) [hadoop-common-3.3.6.jar:?]
	at org.apache.hadoop.ipc.Server$RpcCall.run(Server.java:1017) [hadoop-common-3.3.6.jar:?]
	at java.security.AccessController.doPrivileged(Native Method) ~[?:1.8.0_382]
	at javax.security.auth.Subject.doAs(Subject.java:422) [?:1.8.0_382]
	at org.apache.hadoop.security.UserGroupInformation.doAs(UserGroupInformation.java:1899) [hadoop-common-3.3.6.jar:?]
	at org.apache.hadoop.ipc.Server$Handler.run(Server.java:3048) [hadoop-common-3.3.6.jar:?]
17:29:54.141 [IPC Server handler 15 on default port 15004] ERROR OMAudit - user=runner | ip=127.0.0.1 | op=GET_FILE_STATUS {volume=volume27687, bucket=bucket94524, key=testBatchDelete/parent/child4, dataSize=0, replicationConfig=null} | ret=FAILURE
org.apache.hadoop.ozone.om.exceptions.OMException: Unable to get file status: volume: volume27687 bucket: bucket94524 key: testBatchDelete/parent/child4
	at org.apache.hadoop.ozone.om.KeyManagerImpl.getOzoneFileStatus(KeyManagerImpl.java:1227) ~[ozone-manager-1.4.0-SNAPSHOT.jar:?]
	at org.apache.hadoop.ozone.om.KeyManagerImpl.getFileStatus(KeyManagerImpl.java:1145) ~[ozone-manager-1.4.0-SNAPSHOT.jar:?]
	at org.apache.hadoop.ozone.om.OmMetadataReader.getFileStatus(OmMetadataReader.java:266) ~[ozone-manager-1.4.0-SNAPSHOT.jar:?]
	at org.apache.hadoop.ozone.om.OzoneManager.getFileStatus(OzoneManager.java:3585) ~[ozone-manager-1.4.0-SNAPSHOT.jar:?]
	at org.apache.hadoop.ozone.protocolPB.OzoneManagerRequestHandler.getOzoneFileStatus(OzoneManagerRequestHandler.java:998) ~[ozone-manager-1.4.0-SNAPSHOT.jar:?]
	at org.apache.hadoop.ozone.protocolPB.OzoneManagerRequestHandler.handleReadRequest(OzoneManagerRequestHandler.java:259) ~[ozone-manager-1.4.0-SNAPSHOT.jar:?]
	at org.apache.hadoop.ozone.protocolPB.OzoneManagerProtocolServerSideTranslatorPB.submitReadRequestToOM(OzoneManagerProtocolServerSideTranslatorPB.java:225) ~[ozone-manager-1.4.0-SNAPSHOT.jar:?]
	at org.apache.hadoop.ozone.protocolPB.OzoneManagerProtocolServerSideTranslatorPB.processRequest(OzoneManagerProtocolServerSideTranslatorPB.java:179) ~[ozone-manager-1.4.0-SNAPSHOT.jar:?]
	at org.apache.hadoop.hdds.server.OzoneProtocolMessageDispatcher.processRequest(OzoneProtocolMessageDispatcher.java:87) [hdds-server-framework-1.4.0-SNAPSHOT.jar:?]
	at org.apache.hadoop.ozone.protocolPB.OzoneManagerProtocolServerSideTranslatorPB.submitRequest(OzoneManagerProtocolServerSideTranslatorPB.java:148) [ozone-manager-1.4.0-SNAPSHOT.jar:?]
	at org.apache.hadoop.ozone.protocol.proto.OzoneManagerProtocolProtos$OzoneManagerService$2.callBlockingMethod(OzoneManagerProtocolProtos.java) [ozone-interface-client-1.4.0-SNAPSHOT.jar:?]
	at org.apache.hadoop.ipc.ProtobufRpcEngine$Server.processCall(ProtobufRpcEngine.java:484) [hadoop-common-3.3.6.jar:?]
	at org.apache.hadoop.ipc.ProtobufRpcEngine2$Server$ProtoBufRpcInvoker.call(ProtobufRpcEngine2.java:595) [hadoop-common-3.3.6.jar:?]
	at org.apache.hadoop.ipc.ProtobufRpcEngine2$Server$ProtoBufRpcInvoker.call(ProtobufRpcEngine2.java:573) [hadoop-common-3.3.6.jar:?]
	at org.apache.hadoop.ipc.RPC$Server.call(RPC.java:1227) [hadoop-common-3.3.6.jar:?]
	at org.apache.hadoop.ipc.Server$RpcCall.run(Server.java:1094) [hadoop-common-3.3.6.jar:?]
	at org.apache.hadoop.ipc.Server$RpcCall.run(Server.java:1017) [hadoop-common-3.3.6.jar:?]
	at java.security.AccessController.doPrivileged(Native Method) ~[?:1.8.0_382]
	at javax.security.auth.Subject.doAs(Subject.java:422) [?:1.8.0_382]
	at org.apache.hadoop.security.UserGroupInformation.doAs(UserGroupInformation.java:1899) [hadoop-common-3.3.6.jar:?]
	at org.apache.hadoop.ipc.Server$Handler.run(Server.java:3048) [hadoop-common-3.3.6.jar:?]
17:29:54.143 [IPC Server handler 17 on default port 15004] ERROR OMAudit - user=runner | ip=127.0.0.1 | op=GET_FILE_STATUS {volume=volume27687, bucket=bucket94524, key=testBatchDelete/parent/childFolder/child4, dataSize=0, replicationConfig=null} | ret=FAILURE
org.apache.hadoop.ozone.om.exceptions.OMException: Unable to get file status: volume: volume27687 bucket: bucket94524 key: testBatchDelete/parent/childFolder/child4
	at org.apache.hadoop.ozone.om.KeyManagerImpl.getOzoneFileStatus(KeyManagerImpl.java:1227) ~[ozone-manager-1.4.0-SNAPSHOT.jar:?]
	at org.apache.hadoop.ozone.om.KeyManagerImpl.getFileStatus(KeyManagerImpl.java:1145) ~[ozone-manager-1.4.0-SNAPSHOT.jar:?]
	at org.apache.hadoop.ozone.om.OmMetadataReader.getFileStatus(OmMetadataReader.java:266) ~[ozone-manager-1.4.0-SNAPSHOT.jar:?]
	at org.apache.hadoop.ozone.om.OzoneManager.getFileStatus(OzoneManager.java:3585) ~[ozone-manager-1.4.0-SNAPSHOT.jar:?]
	at org.apache.hadoop.ozone.protocolPB.OzoneManagerRequestHandler.getOzoneFileStatus(OzoneManagerRequestHandler.java:998) ~[ozone-manager-1.4.0-SNAPSHOT.jar:?]
	at org.apache.hadoop.ozone.protocolPB.OzoneManagerRequestHandler.handleReadRequest(OzoneManagerRequestHandler.java:259) ~[ozone-manager-1.4.0-SNAPSHOT.jar:?]
	at org.apache.hadoop.ozone.protocolPB.OzoneManagerProtocolServerSideTranslatorPB.submitReadRequestToOM(OzoneManagerProtocolServerSideTranslatorPB.java:225) ~[ozone-manager-1.4.0-SNAPSHOT.jar:?]
	at org.apache.hadoop.ozone.protocolPB.OzoneManagerProtocolServerSideTranslatorPB.processRequest(OzoneManagerProtocolServerSideTranslatorPB.java:179) ~[ozone-manager-1.4.0-SNAPSHOT.jar:?]
	at org.apache.hadoop.hdds.server.OzoneProtocolMessageDispatcher.processRequest(OzoneProtocolMessageDispatcher.java:87) [hdds-server-framework-1.4.0-SNAPSHOT.jar:?]
	at org.apache.hadoop.ozone.protocolPB.OzoneManagerProtocolServerSideTranslatorPB.submitRequest(OzoneManagerProtocolServerSideTranslatorPB.java:148) [ozone-manager-1.4.0-SNAPSHOT.jar:?]
	at org.apache.hadoop.ozone.protocol.proto.OzoneManagerProtocolProtos$OzoneManagerService$2.callBlockingMethod(OzoneManagerProtocolProtos.java) [ozone-interface-client-1.4.0-SNAPSHOT.jar:?]
	at org.apache.hadoop.ipc.ProtobufRpcEngine$Server.processCall(ProtobufRpcEngine.java:484) [hadoop-common-3.3.6.jar:?]
	at org.apache.hadoop.ipc.ProtobufRpcEngine2$Server$ProtoBufRpcInvoker.call(ProtobufRpcEngine2.java:595) [hadoop-common-3.3.6.jar:?]
	at org.apache.hadoop.ipc.ProtobufRpcEngine2$Server$ProtoBufRpcInvoker.call(ProtobufRpcEngine2.java:573) [hadoop-common-3.3.6.jar:?]
	at org.apache.hadoop.ipc.RPC$Server.call(RPC.java:1227) [hadoop-common-3.3.6.jar:?]
	at org.apache.hadoop.ipc.Server$RpcCall.run(Server.java:1094) [hadoop-common-3.3.6.jar:?]
	at org.apache.hadoop.ipc.Server$RpcCall.run(Server.java:1017) [hadoop-common-3.3.6.jar:?]
	at java.security.AccessController.doPrivileged(Native Method) ~[?:1.8.0_382]
	at javax.security.auth.Subject.doAs(Subject.java:422) [?:1.8.0_382]
	at org.apache.hadoop.security.UserGroupInformation.doAs(UserGroupInformation.java:1899) [hadoop-common-3.3.6.jar:?]
	at org.apache.hadoop.ipc.Server$Handler.run(Server.java:3048) [hadoop-common-3.3.6.jar:?]
17:29:54.145 [IPC Server handler 18 on default port 15004] ERROR OMAudit - user=runner | ip=127.0.0.1 | op=GET_FILE_STATUS {volume=volume27687, bucket=bucket94524, key=testBatchDelete/parent/child5, dataSize=0, replicationConfig=null} | ret=FAILURE
org.apache.hadoop.ozone.om.exceptions.OMException: Unable to get file status: volume: volume27687 bucket: bucket94524 key: testBatchDelete/parent/child5
	at org.apache.hadoop.ozone.om.KeyManagerImpl.getOzoneFileStatus(KeyManagerImpl.java:1227) ~[ozone-manager-1.4.0-SNAPSHOT.jar:?]
	at org.apache.hadoop.ozone.om.KeyManagerImpl.getFileStatus(KeyManagerImpl.java:1145) ~[ozone-manager-1.4.0-SNAPSHOT.jar:?]
	at org.apache.hadoop.ozone.om.OmMetadataReader.getFileStatus(OmMetadataReader.java:266) ~[ozone-manager-1.4.0-SNAPSHOT.jar:?]
	at org.apache.hadoop.ozone.om.OzoneManager.getFileStatus(OzoneManager.java:3585) ~[ozone-manager-1.4.0-SNAPSHOT.jar:?]
	at org.apache.hadoop.ozone.protocolPB.OzoneManagerRequestHandler.getOzoneFileStatus(OzoneManagerRequestHandler.java:998) ~[ozone-manager-1.4.0-SNAPSHOT.jar:?]
	at org.apache.hadoop.ozone.protocolPB.OzoneManagerRequestHandler.handleReadRequest(OzoneManagerRequestHandler.java:259) ~[ozone-manager-1.4.0-SNAPSHOT.jar:?]
	at org.apache.hadoop.ozone.protocolPB.OzoneManagerProtocolServerSideTranslatorPB.submitReadRequestToOM(OzoneManagerProtocolServerSideTranslatorPB.java:225) ~[ozone-manager-1.4.0-SNAPSHOT.jar:?]
	at org.apache.hadoop.ozone.protocolPB.OzoneManagerProtocolServerSideTranslatorPB.processRequest(OzoneManagerProtocolServerSideTranslatorPB.java:179) ~[ozone-manager-1.4.0-SNAPSHOT.jar:?]
	at org.apache.hadoop.hdds.server.OzoneProtocolMessageDispatcher.processRequest(OzoneProtocolMessageDispatcher.java:87) [hdds-server-framework-1.4.0-SNAPSHOT.jar:?]
	at org.apache.hadoop.ozone.protocolPB.OzoneManagerProtocolServerSideTranslatorPB.submitRequest(OzoneManagerProtocolServerSideTranslatorPB.java:148) [ozone-manager-1.4.0-SNAPSHOT.jar:?]
	at org.apache.hadoop.ozone.protocol.proto.OzoneManagerProtocolProtos$OzoneManagerService$2.callBlockingMethod(OzoneManagerProtocolProtos.java) [ozone-interface-client-1.4.0-SNAPSHOT.jar:?]
	at org.apache.hadoop.ipc.ProtobufRpcEngine$Server.processCall(ProtobufRpcEngine.java:484) [hadoop-common-3.3.6.jar:?]
	at org.apache.hadoop.ipc.ProtobufRpcEngine2$Server$ProtoBufRpcInvoker.call(ProtobufRpcEngine2.java:595) [hadoop-common-3.3.6.jar:?]
	at org.apache.hadoop.ipc.ProtobufRpcEngine2$Server$ProtoBufRpcInvoker.call(ProtobufRpcEngine2.java:573) [hadoop-common-3.3.6.jar:?]
	at org.apache.hadoop.ipc.RPC$Server.call(RPC.java:1227) [hadoop-common-3.3.6.jar:?]
	at org.apache.hadoop.ipc.Server$RpcCall.run(Server.java:1094) [hadoop-common-3.3.6.jar:?]
	at org.apache.hadoop.ipc.Server$RpcCall.run(Server.java:1017) [hadoop-common-3.3.6.jar:?]
	at java.security.AccessController.doPrivileged(Native Method) ~[?:1.8.0_382]
	at javax.security.auth.Subject.doAs(Subject.java:422) [?:1.8.0_382]
	at org.apache.hadoop.security.UserGroupInformation.doAs(UserGroupInformation.java:1899) [hadoop-common-3.3.6.jar:?]
	at org.apache.hadoop.ipc.Server$Handler.run(Server.java:3048) [hadoop-common-3.3.6.jar:?]
17:29:54.146 [IPC Server handler 19 on default port 15004] ERROR OMAudit - user=runner | ip=127.0.0.1 | op=GET_FILE_STATUS {volume=volume27687, bucket=bucket94524, key=testBatchDelete/parent/childFolder/child5, dataSize=0, replicationConfig=null} | ret=FAILURE
org.apache.hadoop.ozone.om.exceptions.OMException: Unable to get file status: volume: volume27687 bucket: bucket94524 key: testBatchDelete/parent/childFolder/child5
	at org.apache.hadoop.ozone.om.KeyManagerImpl.getOzoneFileStatus(KeyManagerImpl.java:1227) ~[ozone-manager-1.4.0-SNAPSHOT.jar:?]
	at org.apache.hadoop.ozone.om.KeyManagerImpl.getFileStatus(KeyManagerImpl.java:1145) ~[ozone-manager-1.4.0-SNAPSHOT.jar:?]
	at org.apache.hadoop.ozone.om.OmMetadataReader.getFileStatus(OmMetadataReader.java:266) ~[ozone-manager-1.4.0-SNAPSHOT.jar:?]
	at org.apache.hadoop.ozone.om.OzoneManager.getFileStatus(OzoneManager.java:3585) ~[ozone-manager-1.4.0-SNAPSHOT.jar:?]
	at org.apache.hadoop.ozone.protocolPB.OzoneManagerRequestHandler.getOzoneFileStatus(OzoneManagerRequestHandler.java:998) ~[ozone-manager-1.4.0-SNAPSHOT.jar:?]
	at org.apache.hadoop.ozone.protocolPB.OzoneManagerRequestHandler.handleReadRequest(OzoneManagerRequestHandler.java:259) ~[ozone-manager-1.4.0-SNAPSHOT.jar:?]
	at org.apache.hadoop.ozone.protocolPB.OzoneManagerProtocolServerSideTranslatorPB.submitReadRequestToOM(OzoneManagerProtocolServerSideTranslatorPB.java:225) ~[ozone-manager-1.4.0-SNAPSHOT.jar:?]
	at org.apache.hadoop.ozone.protocolPB.OzoneManagerProtocolServerSideTranslatorPB.processRequest(OzoneManagerProtocolServerSideTranslatorPB.java:179) ~[ozone-manager-1.4.0-SNAPSHOT.jar:?]
	at org.apache.hadoop.hdds.server.OzoneProtocolMessageDispatcher.processRequest(OzoneProtocolMessageDispatcher.java:87) [hdds-server-framework-1.4.0-SNAPSHOT.jar:?]
	at org.apache.hadoop.ozone.protocolPB.OzoneManagerProtocolServerSideTranslatorPB.submitRequest(OzoneManagerProtocolServerSideTranslatorPB.java:148) [ozone-manager-1.4.0-SNAPSHOT.jar:?]
	at org.apache.hadoop.ozone.protocol.proto.OzoneManagerProtocolProtos$OzoneManagerService$2.callBlockingMethod(OzoneManagerProtocolProtos.java) [ozone-interface-client-1.4.0-SNAPSHOT.jar:?]
	at org.apache.hadoop.ipc.ProtobufRpcEngine$Server.processCall(ProtobufRpcEngine.java:484) [hadoop-common-3.3.6.jar:?]
	at org.apache.hadoop.ipc.ProtobufRpcEngine2$Server$ProtoBufRpcInvoker.call(ProtobufRpcEngine2.java:595) [hadoop-common-3.3.6.jar:?]
	at org.apache.hadoop.ipc.ProtobufRpcEngine2$Server$ProtoBufRpcInvoker.call(ProtobufRpcEngine2.java:573) [hadoop-common-3.3.6.jar:?]
	at org.apache.hadoop.ipc.RPC$Server.call(RPC.java:1227) [hadoop-common-3.3.6.jar:?]
	at org.apache.hadoop.ipc.Server$RpcCall.run(Server.java:1094) [hadoop-common-3.3.6.jar:?]
	at org.apache.hadoop.ipc.Server$RpcCall.run(Server.java:1017) [hadoop-common-3.3.6.jar:?]
	at java.security.AccessController.doPrivileged(Native Method) ~[?:1.8.0_382]
	at javax.security.auth.Subject.doAs(Subject.java:422) [?:1.8.0_382]
	at org.apache.hadoop.security.UserGroupInformation.doAs(UserGroupInformation.java:1899) [hadoop-common-3.3.6.jar:?]
	at org.apache.hadoop.ipc.Server$Handler.run(Server.java:3048) [hadoop-common-3.3.6.jar:?]
17:29:54.148 [IPC Server handler 0 on default port 15004] ERROR OMAudit - user=runner | ip=127.0.0.1 | op=GET_FILE_STATUS {volume=volume27687, bucket=bucket94524, key=testBatchDelete/parent/child6, dataSize=0, replicationConfig=null} | ret=FAILURE
org.apache.hadoop.ozone.om.exceptions.OMException: Unable to get file status: volume: volume27687 bucket: bucket94524 key: testBatchDelete/parent/child6
	at org.apache.hadoop.ozone.om.KeyManagerImpl.getOzoneFileStatus(KeyManagerImpl.java:1227) ~[ozone-manager-1.4.0-SNAPSHOT.jar:?]
	at org.apache.hadoop.ozone.om.KeyManagerImpl.getFileStatus(KeyManagerImpl.java:1145) ~[ozone-manager-1.4.0-SNAPSHOT.jar:?]
	at org.apache.hadoop.ozone.om.OmMetadataReader.getFileStatus(OmMetadataReader.java:266) ~[ozone-manager-1.4.0-SNAPSHOT.jar:?]
	at org.apache.hadoop.ozone.om.OzoneManager.getFileStatus(OzoneManager.java:3585) ~[ozone-manager-1.4.0-SNAPSHOT.jar:?]
	at org.apache.hadoop.ozone.protocolPB.OzoneManagerRequestHandler.getOzoneFileStatus(OzoneManagerRequestHandler.java:998) ~[ozone-manager-1.4.0-SNAPSHOT.jar:?]
	at org.apache.hadoop.ozone.protocolPB.OzoneManagerRequestHandler.handleReadRequest(OzoneManagerRequestHandler.java:259) ~[ozone-manager-1.4.0-SNAPSHOT.jar:?]
	at org.apache.hadoop.ozone.protocolPB.OzoneManagerProtocolServerSideTranslatorPB.submitReadRequestToOM(OzoneManagerProtocolServerSideTranslatorPB.java:225) ~[ozone-manager-1.4.0-SNAPSHOT.jar:?]
	at org.apache.hadoop.ozone.protocolPB.OzoneManagerProtocolServerSideTranslatorPB.processRequest(OzoneManagerProtocolServerSideTranslatorPB.java:179) ~[ozone-manager-1.4.0-SNAPSHOT.jar:?]
	at org.apache.hadoop.hdds.server.OzoneProtocolMessageDispatcher.processRequest(OzoneProtocolMessageDispatcher.java:87) [hdds-server-framework-1.4.0-SNAPSHOT.jar:?]
	at org.apache.hadoop.ozone.protocolPB.OzoneManagerProtocolServerSideTranslatorPB.submitRequest(OzoneManagerProtocolServerSideTranslatorPB.java:148) [ozone-manager-1.4.0-SNAPSHOT.jar:?]
	at org.apache.hadoop.ozone.protocol.proto.OzoneManagerProtocolProtos$OzoneManagerService$2.callBlockingMethod(OzoneManagerProtocolProtos.java) [ozone-interface-client-1.4.0-SNAPSHOT.jar:?]
	at org.apache.hadoop.ipc.ProtobufRpcEngine$Server.processCall(ProtobufRpcEngine.java:484) [hadoop-common-3.3.6.jar:?]
	at org.apache.hadoop.ipc.ProtobufRpcEngine2$Server$ProtoBufRpcInvoker.call(ProtobufRpcEngine2.java:595) [hadoop-common-3.3.6.jar:?]
	at org.apache.hadoop.ipc.ProtobufRpcEngine2$Server$ProtoBufRpcInvoker.call(ProtobufRpcEngine2.java:573) [hadoop-common-3.3.6.jar:?]
	at org.apache.hadoop.ipc.RPC$Server.call(RPC.java:1227) [hadoop-common-3.3.6.jar:?]
	at org.apache.hadoop.ipc.Server$RpcCall.run(Server.java:1094) [hadoop-common-3.3.6.jar:?]
	at org.apache.hadoop.ipc.Server$RpcCall.run(Server.java:1017) [hadoop-common-3.3.6.jar:?]
	at java.security.AccessController.doPrivileged(Native Method) ~[?:1.8.0_382]
	at javax.security.auth.Subject.doAs(Subject.java:422) [?:1.8.0_382]
	at org.apache.hadoop.security.UserGroupInformation.doAs(UserGroupInformation.java:1899) [hadoop-common-3.3.6.jar:?]
	at org.apache.hadoop.ipc.Server$Handler.run(Server.java:3048) [hadoop-common-3.3.6.jar:?]
17:29:54.149 [IPC Server handler 1 on default port 15004] ERROR OMAudit - user=runner | ip=127.0.0.1 | op=GET_FILE_STATUS {volume=volume27687, bucket=bucket94524, key=testBatchDelete/parent/childFolder/child6, dataSize=0, replicationConfig=null} | ret=FAILURE
org.apache.hadoop.ozone.om.exceptions.OMException: Unable to get file status: volume: volume27687 bucket: bucket94524 key: testBatchDelete/parent/childFolder/child6
	at org.apache.hadoop.ozone.om.KeyManagerImpl.getOzoneFileStatus(KeyManagerImpl.java:1227) ~[ozone-manager-1.4.0-SNAPSHOT.jar:?]
	at org.apache.hadoop.ozone.om.KeyManagerImpl.getFileStatus(KeyManagerImpl.java:1145) ~[ozone-manager-1.4.0-SNAPSHOT.jar:?]
	at org.apache.hadoop.ozone.om.OmMetadataReader.getFileStatus(OmMetadataReader.java:266) ~[ozone-manager-1.4.0-SNAPSHOT.jar:?]
	at org.apache.hadoop.ozone.om.OzoneManager.getFileStatus(OzoneManager.java:3585) ~[ozone-manager-1.4.0-SNAPSHOT.jar:?]
	at org.apache.hadoop.ozone.protocolPB.OzoneManagerRequestHandler.getOzoneFileStatus(OzoneManagerRequestHandler.java:998) ~[ozone-manager-1.4.0-SNAPSHOT.jar:?]
	at org.apache.hadoop.ozone.protocolPB.OzoneManagerRequestHandler.handleReadRequest(OzoneManagerRequestHandler.java:259) ~[ozone-manager-1.4.0-SNAPSHOT.jar:?]
	at org.apache.hadoop.ozone.protocolPB.OzoneManagerProtocolServerSideTranslatorPB.submitReadRequestToOM(OzoneManagerProtocolServerSideTranslatorPB.java:225) ~[ozone-manager-1.4.0-SNAPSHOT.jar:?]
	at org.apache.hadoop.ozone.protocolPB.OzoneManagerProtocolServerSideTranslatorPB.processRequest(OzoneManagerProtocolServerSideTranslatorPB.java:179) ~[ozone-manager-1.4.0-SNAPSHOT.jar:?]
	at org.apache.hadoop.hdds.server.OzoneProtocolMessageDispatcher.processRequest(OzoneProtocolMessageDispatcher.java:87) [hdds-server-framework-1.4.0-SNAPSHOT.jar:?]
	at org.apache.hadoop.ozone.protocolPB.OzoneManagerProtocolServerSideTranslatorPB.submitRequest(OzoneManagerProtocolServerSideTranslatorPB.java:148) [ozone-manager-1.4.0-SNAPSHOT.jar:?]
	at org.apache.hadoop.ozone.protocol.proto.OzoneManagerProtocolProtos$OzoneManagerService$2.callBlockingMethod(OzoneManagerProtocolProtos.java) [ozone-interface-client-1.4.0-SNAPSHOT.jar:?]
	at org.apache.hadoop.ipc.ProtobufRpcEngine$Server.processCall(ProtobufRpcEngine.java:484) [hadoop-common-3.3.6.jar:?]
	at org.apache.hadoop.ipc.ProtobufRpcEngine2$Server$ProtoBufRpcInvoker.call(ProtobufRpcEngine2.java:595) [hadoop-common-3.3.6.jar:?]
	at org.apache.hadoop.ipc.ProtobufRpcEngine2$Server$ProtoBufRpcInvoker.call(ProtobufRpcEngine2.java:573) [hadoop-common-3.3.6.jar:?]
	at org.apache.hadoop.ipc.RPC$Server.call(RPC.java:1227) [hadoop-common-3.3.6.jar:?]
	at org.apache.hadoop.ipc.Server$RpcCall.run(Server.java:1094) [hadoop-common-3.3.6.jar:?]
	at org.apache.hadoop.ipc.Server$RpcCall.run(Server.java:1017) [hadoop-common-3.3.6.jar:?]
	at java.security.AccessController.doPrivileged(Native Method) ~[?:1.8.0_382]
	at javax.security.auth.Subject.doAs(Subject.java:422) [?:1.8.0_382]
	at org.apache.hadoop.security.UserGroupInformation.doAs(UserGroupInformation.java:1899) [hadoop-common-3.3.6.jar:?]
	at org.apache.hadoop.ipc.Server$Handler.run(Server.java:3048) [hadoop-common-3.3.6.jar:?]
17:29:54.151 [IPC Server handler 2 on default port 15004] ERROR OMAudit - user=runner | ip=127.0.0.1 | op=GET_FILE_STATUS {volume=volume27687, bucket=bucket94524, key=testBatchDelete/parent/child7, dataSize=0, replicationConfig=null} | ret=FAILURE
org.apache.hadoop.ozone.om.exceptions.OMException: Unable to get file status: volume: volume27687 bucket: bucket94524 key: testBatchDelete/parent/child7
	at org.apache.hadoop.ozone.om.KeyManagerImpl.getOzoneFileStatus(KeyManagerImpl.java:1227) ~[ozone-manager-1.4.0-SNAPSHOT.jar:?]
	at org.apache.hadoop.ozone.om.KeyManagerImpl.getFileStatus(KeyManagerImpl.java:1145) ~[ozone-manager-1.4.0-SNAPSHOT.jar:?]
	at org.apache.hadoop.ozone.om.OmMetadataReader.getFileStatus(OmMetadataReader.java:266) ~[ozone-manager-1.4.0-SNAPSHOT.jar:?]
	at org.apache.hadoop.ozone.om.OzoneManager.getFileStatus(OzoneManager.java:3585) ~[ozone-manager-1.4.0-SNAPSHOT.jar:?]
	at org.apache.hadoop.ozone.protocolPB.OzoneManagerRequestHandler.getOzoneFileStatus(OzoneManagerRequestHandler.java:998) ~[ozone-manager-1.4.0-SNAPSHOT.jar:?]
	at org.apache.hadoop.ozone.protocolPB.OzoneManagerRequestHandler.handleReadRequest(OzoneManagerRequestHandler.java:259) ~[ozone-manager-1.4.0-SNAPSHOT.jar:?]
	at org.apache.hadoop.ozone.protocolPB.OzoneManagerProtocolServerSideTranslatorPB.submitReadRequestToOM(OzoneManagerProtocolServerSideTranslatorPB.java:225) ~[ozone-manager-1.4.0-SNAPSHOT.jar:?]
	at org.apache.hadoop.ozone.protocolPB.OzoneManagerProtocolServerSideTranslatorPB.processRequest(OzoneManagerProtocolServerSideTranslatorPB.java:179) ~[ozone-manager-1.4.0-SNAPSHOT.jar:?]
	at org.apache.hadoop.hdds.server.OzoneProtocolMessageDispatcher.processRequest(OzoneProtocolMessageDispatcher.java:87) [hdds-server-framework-1.4.0-SNAPSHOT.jar:?]
	at org.apache.hadoop.ozone.protocolPB.OzoneManagerProtocolServerSideTranslatorPB.submitRequest(OzoneManagerProtocolServerSideTranslatorPB.java:148) [ozone-manager-1.4.0-SNAPSHOT.jar:?]
	at org.apache.hadoop.ozone.protocol.proto.OzoneManagerProtocolProtos$OzoneManagerService$2.callBlockingMethod(OzoneManagerProtocolProtos.java) [ozone-interface-client-1.4.0-SNAPSHOT.jar:?]
	at org.apache.hadoop.ipc.ProtobufRpcEngine$Server.processCall(ProtobufRpcEngine.java:484) [hadoop-common-3.3.6.jar:?]
	at org.apache.hadoop.ipc.ProtobufRpcEngine2$Server$ProtoBufRpcInvoker.call(ProtobufRpcEngine2.java:595) [hadoop-common-3.3.6.jar:?]
	at org.apache.hadoop.ipc.ProtobufRpcEngine2$Server$ProtoBufRpcInvoker.call(ProtobufRpcEngine2.java:573) [hadoop-common-3.3.6.jar:?]
	at org.apache.hadoop.ipc.RPC$Server.call(RPC.java:1227) [hadoop-common-3.3.6.jar:?]
	at org.apache.hadoop.ipc.Server$RpcCall.run(Server.java:1094) [hadoop-common-3.3.6.jar:?]
	at org.apache.hadoop.ipc.Server$RpcCall.run(Server.java:1017) [hadoop-common-3.3.6.jar:?]
	at java.security.AccessController.doPrivileged(Native Method) ~[?:1.8.0_382]
	at javax.security.auth.Subject.doAs(Subject.java:422) [?:1.8.0_382]
	at org.apache.hadoop.security.UserGroupInformation.doAs(UserGroupInformation.java:1899) [hadoop-common-3.3.6.jar:?]
	at org.apache.hadoop.ipc.Server$Handler.run(Server.java:3048) [hadoop-common-3.3.6.jar:?]
17:29:54.154 [IPC Server handler 5 on default port 15004] ERROR OMAudit - user=runner | ip=127.0.0.1 | op=GET_FILE_STATUS {volume=volume27687, bucket=bucket94524, key=testBatchDelete/parent/childFolder/child7, dataSize=0, replicationConfig=null} | ret=FAILURE
org.apache.hadoop.ozone.om.exceptions.OMException: Unable to get file status: volume: volume27687 bucket: bucket94524 key: testBatchDelete/parent/childFolder/child7
	at org.apache.hadoop.ozone.om.KeyManagerImpl.getOzoneFileStatus(KeyManagerImpl.java:1227) ~[ozone-manager-1.4.0-SNAPSHOT.jar:?]
	at org.apache.hadoop.ozone.om.KeyManagerImpl.getFileStatus(KeyManagerImpl.java:1145) ~[ozone-manager-1.4.0-SNAPSHOT.jar:?]
	at org.apache.hadoop.ozone.om.OmMetadataReader.getFileStatus(OmMetadataReader.java:266) ~[ozone-manager-1.4.0-SNAPSHOT.jar:?]
	at org.apache.hadoop.ozone.om.OzoneManager.getFileStatus(OzoneManager.java:3585) ~[ozone-manager-1.4.0-SNAPSHOT.jar:?]
	at org.apache.hadoop.ozone.protocolPB.OzoneManagerRequestHandler.getOzoneFileStatus(OzoneManagerRequestHandler.java:998) ~[ozone-manager-1.4.0-SNAPSHOT.jar:?]
	at org.apache.hadoop.ozone.protocolPB.OzoneManagerRequestHandler.handleReadRequest(OzoneManagerRequestHandler.java:259) ~[ozone-manager-1.4.0-SNAPSHOT.jar:?]
	at org.apache.hadoop.ozone.protocolPB.OzoneManagerProtocolServerSideTranslatorPB.submitReadRequestToOM(OzoneManagerProtocolServerSideTranslatorPB.java:225) ~[ozone-manager-1.4.0-SNAPSHOT.jar:?]
	at org.apache.hadoop.ozone.protocolPB.OzoneManagerProtocolServerSideTranslatorPB.processRequest(OzoneManagerProtocolServerSideTranslatorPB.java:179) ~[ozone-manager-1.4.0-SNAPSHOT.jar:?]
	at org.apache.hadoop.hdds.server.OzoneProtocolMessageDispatcher.processRequest(OzoneProtocolMessageDispatcher.java:87) [hdds-server-framework-1.4.0-SNAPSHOT.jar:?]
	at org.apache.hadoop.ozone.protocolPB.OzoneManagerProtocolServerSideTranslatorPB.submitRequest(OzoneManagerProtocolServerSideTranslatorPB.java:148) [ozone-manager-1.4.0-SNAPSHOT.jar:?]
	at org.apache.hadoop.ozone.protocol.proto.OzoneManagerProtocolProtos$OzoneManagerService$2.callBlockingMethod(OzoneManagerProtocolProtos.java) [ozone-interface-client-1.4.0-SNAPSHOT.jar:?]
	at org.apache.hadoop.ipc.ProtobufRpcEngine$Server.processCall(ProtobufRpcEngine.java:484) [hadoop-common-3.3.6.jar:?]
	at org.apache.hadoop.ipc.ProtobufRpcEngine2$Server$ProtoBufRpcInvoker.call(ProtobufRpcEngine2.java:595) [hadoop-common-3.3.6.jar:?]
	at org.apache.hadoop.ipc.ProtobufRpcEngine2$Server$ProtoBufRpcInvoker.call(ProtobufRpcEngine2.java:573) [hadoop-common-3.3.6.jar:?]
	at org.apache.hadoop.ipc.RPC$Server.call(RPC.java:1227) [hadoop-common-3.3.6.jar:?]
	at org.apache.hadoop.ipc.Server$RpcCall.run(Server.java:1094) [hadoop-common-3.3.6.jar:?]
	at org.apache.hadoop.ipc.Server$RpcCall.run(Server.java:1017) [hadoop-common-3.3.6.jar:?]
	at java.security.AccessController.doPrivileged(Native Method) ~[?:1.8.0_382]
	at javax.security.auth.Subject.doAs(Subject.java:422) [?:1.8.0_382]
	at org.apache.hadoop.security.UserGroupInformation.doAs(UserGroupInformation.java:1899) [hadoop-common-3.3.6.jar:?]
	at org.apache.hadoop.ipc.Server$Handler.run(Server.java:3048) [hadoop-common-3.3.6.jar:?]
17:29:54.156 [IPC Server handler 3 on default port 15004] ERROR OMAudit - user=runner | ip=127.0.0.1 | op=GET_FILE_STATUS {volume=volume27687, bucket=bucket94524, key=testBatchDelete/parent, dataSize=0, replicationConfig=null} | ret=FAILURE
org.apache.hadoop.ozone.om.exceptions.OMException: Unable to get file status: volume: volume27687 bucket: bucket94524 key: testBatchDelete/parent
	at org.apache.hadoop.ozone.om.KeyManagerImpl.getOzoneFileStatus(KeyManagerImpl.java:1227) ~[ozone-manager-1.4.0-SNAPSHOT.jar:?]
	at org.apache.hadoop.ozone.om.KeyManagerImpl.getFileStatus(KeyManagerImpl.java:1145) ~[ozone-manager-1.4.0-SNAPSHOT.jar:?]
	at org.apache.hadoop.ozone.om.OmMetadataReader.getFileStatus(OmMetadataReader.java:266) ~[ozone-manager-1.4.0-SNAPSHOT.jar:?]
	at org.apache.hadoop.ozone.om.OzoneManager.getFileStatus(OzoneManager.java:3585) ~[ozone-manager-1.4.0-SNAPSHOT.jar:?]
	at org.apache.hadoop.ozone.protocolPB.OzoneManagerRequestHandler.getOzoneFileStatus(OzoneManagerRequestHandler.java:998) ~[ozone-manager-1.4.0-SNAPSHOT.jar:?]
	at org.apache.hadoop.ozone.protocolPB.OzoneManagerRequestHandler.handleReadRequest(OzoneManagerRequestHandler.java:259) ~[ozone-manager-1.4.0-SNAPSHOT.jar:?]
	at org.apache.hadoop.ozone.protocolPB.OzoneManagerProtocolServerSideTranslatorPB.submitReadRequestToOM(OzoneManagerProtocolServerSideTranslatorPB.java:225) ~[ozone-manager-1.4.0-SNAPSHOT.jar:?]
	at org.apache.hadoop.ozone.protocolPB.OzoneManagerProtocolServerSideTranslatorPB.processRequest(OzoneManagerProtocolServerSideTranslatorPB.java:179) ~[ozone-manager-1.4.0-SNAPSHOT.jar:?]
	at org.apache.hadoop.hdds.server.OzoneProtocolMessageDispatcher.processRequest(OzoneProtocolMessageDispatcher.java:87) [hdds-server-framework-1.4.0-SNAPSHOT.jar:?]
	at org.apache.hadoop.ozone.protocolPB.OzoneManagerProtocolServerSideTranslatorPB.submitRequest(OzoneManagerProtocolServerSideTranslatorPB.java:148) [ozone-manager-1.4.0-SNAPSHOT.jar:?]
	at org.apache.hadoop.ozone.protocol.proto.OzoneManagerProtocolProtos$OzoneManagerService$2.callBlockingMethod(OzoneManagerProtocolProtos.java) [ozone-interface-client-1.4.0-SNAPSHOT.jar:?]
	at org.apache.hadoop.ipc.ProtobufRpcEngine$Server.processCall(ProtobufRpcEngine.java:484) [hadoop-common-3.3.6.jar:?]
	at org.apache.hadoop.ipc.ProtobufRpcEngine2$Server$ProtoBufRpcInvoker.call(ProtobufRpcEngine2.java:595) [hadoop-common-3.3.6.jar:?]
	at org.apache.hadoop.ipc.ProtobufRpcEngine2$Server$ProtoBufRpcInvoker.call(ProtobufRpcEngine2.java:573) [hadoop-common-3.3.6.jar:?]
	at org.apache.hadoop.ipc.RPC$Server.call(RPC.java:1227) [hadoop-common-3.3.6.jar:?]
	at org.apache.hadoop.ipc.Server$RpcCall.run(Server.java:1094) [hadoop-common-3.3.6.jar:?]
	at org.apache.hadoop.ipc.Server$RpcCall.run(Server.java:1017) [hadoop-common-3.3.6.jar:?]
	at java.security.AccessController.doPrivileged(Native Method) ~[?:1.8.0_382]
	at javax.security.auth.Subject.doAs(Subject.java:422) [?:1.8.0_382]
	at org.apache.hadoop.security.UserGroupInformation.doAs(UserGroupInformation.java:1899) [hadoop-common-3.3.6.jar:?]
	at org.apache.hadoop.ipc.Server$Handler.run(Server.java:3048) [hadoop-common-3.3.6.jar:?]
2023-10-04 17:29:54,157 [Time-limited test] WARN  ozone.BasicOzoneFileSystem (BasicOzoneFileSystem.java:delete(607)) - delete: Path does not exist: /testBatchDelete/parent
]]></system-out>
  </testcase>
  <testcase name="testFileDelete" classname="TestOzoneFileSystem" time="0.134">
    <system-out><![CDATA[17:31:24.819 [IPC Server handler 15 on default port 15057] ERROR OMAudit - user=runner | ip=127.0.0.1 | op=GET_FILE_STATUS {volume=volume39856, bucket=bucket94778, key=testBatchDelete, dataSize=0, replicationConfig=null} | ret=FAILURE
org.apache.hadoop.ozone.om.exceptions.OMException: Unable to get file status: volume: volume39856 bucket: bucket94778 key: testBatchDelete
	at org.apache.hadoop.ozone.om.KeyManagerImpl.getOzoneFileStatus(KeyManagerImpl.java:1227) ~[ozone-manager-1.4.0-SNAPSHOT.jar:?]
	at org.apache.hadoop.ozone.om.KeyManagerImpl.getFileStatus(KeyManagerImpl.java:1145) ~[ozone-manager-1.4.0-SNAPSHOT.jar:?]
	at org.apache.hadoop.ozone.om.OmMetadataReader.getFileStatus(OmMetadataReader.java:266) ~[ozone-manager-1.4.0-SNAPSHOT.jar:?]
	at org.apache.hadoop.ozone.om.OzoneManager.getFileStatus(OzoneManager.java:3585) ~[ozone-manager-1.4.0-SNAPSHOT.jar:?]
	at org.apache.hadoop.ozone.protocolPB.OzoneManagerRequestHandler.getOzoneFileStatus(OzoneManagerRequestHandler.java:998) ~[ozone-manager-1.4.0-SNAPSHOT.jar:?]
	at org.apache.hadoop.ozone.protocolPB.OzoneManagerRequestHandler.handleReadRequest(OzoneManagerRequestHandler.java:259) ~[ozone-manager-1.4.0-SNAPSHOT.jar:?]
	at org.apache.hadoop.ozone.protocolPB.OzoneManagerProtocolServerSideTranslatorPB.submitRequestDirectlyToOM(OzoneManagerProtocolServerSideTranslatorPB.java:274) ~[ozone-manager-1.4.0-SNAPSHOT.jar:?]
	at org.apache.hadoop.ozone.protocolPB.OzoneManagerProtocolServerSideTranslatorPB.processRequest(OzoneManagerProtocolServerSideTranslatorPB.java:175) ~[ozone-manager-1.4.0-SNAPSHOT.jar:?]
	at org.apache.hadoop.hdds.server.OzoneProtocolMessageDispatcher.processRequest(OzoneProtocolMessageDispatcher.java:87) [hdds-server-framework-1.4.0-SNAPSHOT.jar:?]
	at org.apache.hadoop.ozone.protocolPB.OzoneManagerProtocolServerSideTranslatorPB.submitRequest(OzoneManagerProtocolServerSideTranslatorPB.java:148) [ozone-manager-1.4.0-SNAPSHOT.jar:?]
	at org.apache.hadoop.ozone.protocol.proto.OzoneManagerProtocolProtos$OzoneManagerService$2.callBlockingMethod(OzoneManagerProtocolProtos.java) [ozone-interface-client-1.4.0-SNAPSHOT.jar:?]
	at org.apache.hadoop.ipc.ProtobufRpcEngine$Server.processCall(ProtobufRpcEngine.java:484) [hadoop-common-3.3.6.jar:?]
	at org.apache.hadoop.ipc.ProtobufRpcEngine2$Server$ProtoBufRpcInvoker.call(ProtobufRpcEngine2.java:595) [hadoop-common-3.3.6.jar:?]
	at org.apache.hadoop.ipc.ProtobufRpcEngine2$Server$ProtoBufRpcInvoker.call(ProtobufRpcEngine2.java:573) [hadoop-common-3.3.6.jar:?]
	at org.apache.hadoop.ipc.RPC$Server.call(RPC.java:1227) [hadoop-common-3.3.6.jar:?]
	at org.apache.hadoop.ipc.Server$RpcCall.run(Server.java:1094) [hadoop-common-3.3.6.jar:?]
	at org.apache.hadoop.ipc.Server$RpcCall.run(Server.java:1017) [hadoop-common-3.3.6.jar:?]
	at java.security.AccessController.doPrivileged(Native Method) ~[?:1.8.0_382]
	at javax.security.auth.Subject.doAs(Subject.java:422) [?:1.8.0_382]
	at org.apache.hadoop.security.UserGroupInformation.doAs(UserGroupInformation.java:1899) [hadoop-common-3.3.6.jar:?]
	at org.apache.hadoop.ipc.Server$Handler.run(Server.java:3048) [hadoop-common-3.3.6.jar:?]
17:31:24.820 [IPC Server handler 5 on default port 15057] ERROR OMAudit - user=runner | ip=127.0.0.1 | op=GET_FILE_STATUS {volume=volume39856, bucket=bucket94778, key=testBatchDelete/parent/child0, dataSize=0, replicationConfig=null} | ret=FAILURE
org.apache.hadoop.ozone.om.exceptions.OMException: Unable to get file status: volume: volume39856 bucket: bucket94778 key: testBatchDelete/parent/child0
	at org.apache.hadoop.ozone.om.KeyManagerImpl.getOzoneFileStatus(KeyManagerImpl.java:1227) ~[ozone-manager-1.4.0-SNAPSHOT.jar:?]
	at org.apache.hadoop.ozone.om.KeyManagerImpl.getFileStatus(KeyManagerImpl.java:1145) ~[ozone-manager-1.4.0-SNAPSHOT.jar:?]
	at org.apache.hadoop.ozone.om.OmMetadataReader.getFileStatus(OmMetadataReader.java:266) ~[ozone-manager-1.4.0-SNAPSHOT.jar:?]
	at org.apache.hadoop.ozone.om.OzoneManager.getFileStatus(OzoneManager.java:3585) ~[ozone-manager-1.4.0-SNAPSHOT.jar:?]
	at org.apache.hadoop.ozone.protocolPB.OzoneManagerRequestHandler.getOzoneFileStatus(OzoneManagerRequestHandler.java:998) ~[ozone-manager-1.4.0-SNAPSHOT.jar:?]
	at org.apache.hadoop.ozone.protocolPB.OzoneManagerRequestHandler.handleReadRequest(OzoneManagerRequestHandler.java:259) ~[ozone-manager-1.4.0-SNAPSHOT.jar:?]
	at org.apache.hadoop.ozone.protocolPB.OzoneManagerProtocolServerSideTranslatorPB.submitRequestDirectlyToOM(OzoneManagerProtocolServerSideTranslatorPB.java:274) ~[ozone-manager-1.4.0-SNAPSHOT.jar:?]
	at org.apache.hadoop.ozone.protocolPB.OzoneManagerProtocolServerSideTranslatorPB.processRequest(OzoneManagerProtocolServerSideTranslatorPB.java:175) ~[ozone-manager-1.4.0-SNAPSHOT.jar:?]
	at org.apache.hadoop.hdds.server.OzoneProtocolMessageDispatcher.processRequest(OzoneProtocolMessageDispatcher.java:87) [hdds-server-framework-1.4.0-SNAPSHOT.jar:?]
	at org.apache.hadoop.ozone.protocolPB.OzoneManagerProtocolServerSideTranslatorPB.submitRequest(OzoneManagerProtocolServerSideTranslatorPB.java:148) [ozone-manager-1.4.0-SNAPSHOT.jar:?]
	at org.apache.hadoop.ozone.protocol.proto.OzoneManagerProtocolProtos$OzoneManagerService$2.callBlockingMethod(OzoneManagerProtocolProtos.java) [ozone-interface-client-1.4.0-SNAPSHOT.jar:?]
	at org.apache.hadoop.ipc.ProtobufRpcEngine$Server.processCall(ProtobufRpcEngine.java:484) [hadoop-common-3.3.6.jar:?]
	at org.apache.hadoop.ipc.ProtobufRpcEngine2$Server$ProtoBufRpcInvoker.call(ProtobufRpcEngine2.java:595) [hadoop-common-3.3.6.jar:?]
	at org.apache.hadoop.ipc.ProtobufRpcEngine2$Server$ProtoBufRpcInvoker.call(ProtobufRpcEngine2.java:573) [hadoop-common-3.3.6.jar:?]
	at org.apache.hadoop.ipc.RPC$Server.call(RPC.java:1227) [hadoop-common-3.3.6.jar:?]
	at org.apache.hadoop.ipc.Server$RpcCall.run(Server.java:1094) [hadoop-common-3.3.6.jar:?]
	at org.apache.hadoop.ipc.Server$RpcCall.run(Server.java:1017) [hadoop-common-3.3.6.jar:?]
	at java.security.AccessController.doPrivileged(Native Method) ~[?:1.8.0_382]
	at javax.security.auth.Subject.doAs(Subject.java:422) [?:1.8.0_382]
	at org.apache.hadoop.security.UserGroupInformation.doAs(UserGroupInformation.java:1899) [hadoop-common-3.3.6.jar:?]
	at org.apache.hadoop.ipc.Server$Handler.run(Server.java:3048) [hadoop-common-3.3.6.jar:?]
17:31:24.821 [IPC Server handler 1 on default port 15057] ERROR OMAudit - user=runner | ip=127.0.0.1 | op=GET_FILE_STATUS {volume=volume39856, bucket=bucket94778, key=testBatchDelete/parent/childFolder/child0, dataSize=0, replicationConfig=null} | ret=FAILURE
org.apache.hadoop.ozone.om.exceptions.OMException: Unable to get file status: volume: volume39856 bucket: bucket94778 key: testBatchDelete/parent/childFolder/child0
	at org.apache.hadoop.ozone.om.KeyManagerImpl.getOzoneFileStatus(KeyManagerImpl.java:1227) ~[ozone-manager-1.4.0-SNAPSHOT.jar:?]
	at org.apache.hadoop.ozone.om.KeyManagerImpl.getFileStatus(KeyManagerImpl.java:1145) ~[ozone-manager-1.4.0-SNAPSHOT.jar:?]
	at org.apache.hadoop.ozone.om.OmMetadataReader.getFileStatus(OmMetadataReader.java:266) ~[ozone-manager-1.4.0-SNAPSHOT.jar:?]
	at org.apache.hadoop.ozone.om.OzoneManager.getFileStatus(OzoneManager.java:3585) ~[ozone-manager-1.4.0-SNAPSHOT.jar:?]
	at org.apache.hadoop.ozone.protocolPB.OzoneManagerRequestHandler.getOzoneFileStatus(OzoneManagerRequestHandler.java:998) ~[ozone-manager-1.4.0-SNAPSHOT.jar:?]
	at org.apache.hadoop.ozone.protocolPB.OzoneManagerRequestHandler.handleReadRequest(OzoneManagerRequestHandler.java:259) ~[ozone-manager-1.4.0-SNAPSHOT.jar:?]
	at org.apache.hadoop.ozone.protocolPB.OzoneManagerProtocolServerSideTranslatorPB.submitRequestDirectlyToOM(OzoneManagerProtocolServerSideTranslatorPB.java:274) ~[ozone-manager-1.4.0-SNAPSHOT.jar:?]
	at org.apache.hadoop.ozone.protocolPB.OzoneManagerProtocolServerSideTranslatorPB.processRequest(OzoneManagerProtocolServerSideTranslatorPB.java:175) ~[ozone-manager-1.4.0-SNAPSHOT.jar:?]
	at org.apache.hadoop.hdds.server.OzoneProtocolMessageDispatcher.processRequest(OzoneProtocolMessageDispatcher.java:87) [hdds-server-framework-1.4.0-SNAPSHOT.jar:?]
	at org.apache.hadoop.ozone.protocolPB.OzoneManagerProtocolServerSideTranslatorPB.submitRequest(OzoneManagerProtocolServerSideTranslatorPB.java:148) [ozone-manager-1.4.0-SNAPSHOT.jar:?]
	at org.apache.hadoop.ozone.protocol.proto.OzoneManagerProtocolProtos$OzoneManagerService$2.callBlockingMethod(OzoneManagerProtocolProtos.java) [ozone-interface-client-1.4.0-SNAPSHOT.jar:?]
	at org.apache.hadoop.ipc.ProtobufRpcEngine$Server.processCall(ProtobufRpcEngine.java:484) [hadoop-common-3.3.6.jar:?]
	at org.apache.hadoop.ipc.ProtobufRpcEngine2$Server$ProtoBufRpcInvoker.call(ProtobufRpcEngine2.java:595) [hadoop-common-3.3.6.jar:?]
	at org.apache.hadoop.ipc.ProtobufRpcEngine2$Server$ProtoBufRpcInvoker.call(ProtobufRpcEngine2.java:573) [hadoop-common-3.3.6.jar:?]
	at org.apache.hadoop.ipc.RPC$Server.call(RPC.java:1227) [hadoop-common-3.3.6.jar:?]
	at org.apache.hadoop.ipc.Server$RpcCall.run(Server.java:1094) [hadoop-common-3.3.6.jar:?]
	at org.apache.hadoop.ipc.Server$RpcCall.run(Server.java:1017) [hadoop-common-3.3.6.jar:?]
	at java.security.AccessController.doPrivileged(Native Method) ~[?:1.8.0_382]
	at javax.security.auth.Subject.doAs(Subject.java:422) [?:1.8.0_382]
	at org.apache.hadoop.security.UserGroupInformation.doAs(UserGroupInformation.java:1899) [hadoop-common-3.3.6.jar:?]
	at org.apache.hadoop.ipc.Server$Handler.run(Server.java:3048) [hadoop-common-3.3.6.jar:?]
17:31:24.822 [IPC Server handler 6 on default port 15057] ERROR OMAudit - user=runner | ip=127.0.0.1 | op=GET_FILE_STATUS {volume=volume39856, bucket=bucket94778, key=testBatchDelete/parent/child1, dataSize=0, replicationConfig=null} | ret=FAILURE
org.apache.hadoop.ozone.om.exceptions.OMException: Unable to get file status: volume: volume39856 bucket: bucket94778 key: testBatchDelete/parent/child1
	at org.apache.hadoop.ozone.om.KeyManagerImpl.getOzoneFileStatus(KeyManagerImpl.java:1227) ~[ozone-manager-1.4.0-SNAPSHOT.jar:?]
	at org.apache.hadoop.ozone.om.KeyManagerImpl.getFileStatus(KeyManagerImpl.java:1145) ~[ozone-manager-1.4.0-SNAPSHOT.jar:?]
	at org.apache.hadoop.ozone.om.OmMetadataReader.getFileStatus(OmMetadataReader.java:266) ~[ozone-manager-1.4.0-SNAPSHOT.jar:?]
	at org.apache.hadoop.ozone.om.OzoneManager.getFileStatus(OzoneManager.java:3585) ~[ozone-manager-1.4.0-SNAPSHOT.jar:?]
	at org.apache.hadoop.ozone.protocolPB.OzoneManagerRequestHandler.getOzoneFileStatus(OzoneManagerRequestHandler.java:998) ~[ozone-manager-1.4.0-SNAPSHOT.jar:?]
	at org.apache.hadoop.ozone.protocolPB.OzoneManagerRequestHandler.handleReadRequest(OzoneManagerRequestHandler.java:259) ~[ozone-manager-1.4.0-SNAPSHOT.jar:?]
	at org.apache.hadoop.ozone.protocolPB.OzoneManagerProtocolServerSideTranslatorPB.submitRequestDirectlyToOM(OzoneManagerProtocolServerSideTranslatorPB.java:274) ~[ozone-manager-1.4.0-SNAPSHOT.jar:?]
	at org.apache.hadoop.ozone.protocolPB.OzoneManagerProtocolServerSideTranslatorPB.processRequest(OzoneManagerProtocolServerSideTranslatorPB.java:175) ~[ozone-manager-1.4.0-SNAPSHOT.jar:?]
	at org.apache.hadoop.hdds.server.OzoneProtocolMessageDispatcher.processRequest(OzoneProtocolMessageDispatcher.java:87) [hdds-server-framework-1.4.0-SNAPSHOT.jar:?]
	at org.apache.hadoop.ozone.protocolPB.OzoneManagerProtocolServerSideTranslatorPB.submitRequest(OzoneManagerProtocolServerSideTranslatorPB.java:148) [ozone-manager-1.4.0-SNAPSHOT.jar:?]
	at org.apache.hadoop.ozone.protocol.proto.OzoneManagerProtocolProtos$OzoneManagerService$2.callBlockingMethod(OzoneManagerProtocolProtos.java) [ozone-interface-client-1.4.0-SNAPSHOT.jar:?]
	at org.apache.hadoop.ipc.ProtobufRpcEngine$Server.processCall(ProtobufRpcEngine.java:484) [hadoop-common-3.3.6.jar:?]
	at org.apache.hadoop.ipc.ProtobufRpcEngine2$Server$ProtoBufRpcInvoker.call(ProtobufRpcEngine2.java:595) [hadoop-common-3.3.6.jar:?]
	at org.apache.hadoop.ipc.ProtobufRpcEngine2$Server$ProtoBufRpcInvoker.call(ProtobufRpcEngine2.java:573) [hadoop-common-3.3.6.jar:?]
	at org.apache.hadoop.ipc.RPC$Server.call(RPC.java:1227) [hadoop-common-3.3.6.jar:?]
	at org.apache.hadoop.ipc.Server$RpcCall.run(Server.java:1094) [hadoop-common-3.3.6.jar:?]
	at org.apache.hadoop.ipc.Server$RpcCall.run(Server.java:1017) [hadoop-common-3.3.6.jar:?]
	at java.security.AccessController.doPrivileged(Native Method) ~[?:1.8.0_382]
	at javax.security.auth.Subject.doAs(Subject.java:422) [?:1.8.0_382]
	at org.apache.hadoop.security.UserGroupInformation.doAs(UserGroupInformation.java:1899) [hadoop-common-3.3.6.jar:?]
	at org.apache.hadoop.ipc.Server$Handler.run(Server.java:3048) [hadoop-common-3.3.6.jar:?]
17:31:24.823 [IPC Server handler 0 on default port 15057] ERROR OMAudit - user=runner | ip=127.0.0.1 | op=GET_FILE_STATUS {volume=volume39856, bucket=bucket94778, key=testBatchDelete/parent/childFolder/child1, dataSize=0, replicationConfig=null} | ret=FAILURE
org.apache.hadoop.ozone.om.exceptions.OMException: Unable to get file status: volume: volume39856 bucket: bucket94778 key: testBatchDelete/parent/childFolder/child1
	at org.apache.hadoop.ozone.om.KeyManagerImpl.getOzoneFileStatus(KeyManagerImpl.java:1227) ~[ozone-manager-1.4.0-SNAPSHOT.jar:?]
	at org.apache.hadoop.ozone.om.KeyManagerImpl.getFileStatus(KeyManagerImpl.java:1145) ~[ozone-manager-1.4.0-SNAPSHOT.jar:?]
	at org.apache.hadoop.ozone.om.OmMetadataReader.getFileStatus(OmMetadataReader.java:266) ~[ozone-manager-1.4.0-SNAPSHOT.jar:?]
	at org.apache.hadoop.ozone.om.OzoneManager.getFileStatus(OzoneManager.java:3585) ~[ozone-manager-1.4.0-SNAPSHOT.jar:?]
	at org.apache.hadoop.ozone.protocolPB.OzoneManagerRequestHandler.getOzoneFileStatus(OzoneManagerRequestHandler.java:998) ~[ozone-manager-1.4.0-SNAPSHOT.jar:?]
	at org.apache.hadoop.ozone.protocolPB.OzoneManagerRequestHandler.handleReadRequest(OzoneManagerRequestHandler.java:259) ~[ozone-manager-1.4.0-SNAPSHOT.jar:?]
	at org.apache.hadoop.ozone.protocolPB.OzoneManagerProtocolServerSideTranslatorPB.submitRequestDirectlyToOM(OzoneManagerProtocolServerSideTranslatorPB.java:274) ~[ozone-manager-1.4.0-SNAPSHOT.jar:?]
	at org.apache.hadoop.ozone.protocolPB.OzoneManagerProtocolServerSideTranslatorPB.processRequest(OzoneManagerProtocolServerSideTranslatorPB.java:175) ~[ozone-manager-1.4.0-SNAPSHOT.jar:?]
	at org.apache.hadoop.hdds.server.OzoneProtocolMessageDispatcher.processRequest(OzoneProtocolMessageDispatcher.java:87) [hdds-server-framework-1.4.0-SNAPSHOT.jar:?]
	at org.apache.hadoop.ozone.protocolPB.OzoneManagerProtocolServerSideTranslatorPB.submitRequest(OzoneManagerProtocolServerSideTranslatorPB.java:148) [ozone-manager-1.4.0-SNAPSHOT.jar:?]
	at org.apache.hadoop.ozone.protocol.proto.OzoneManagerProtocolProtos$OzoneManagerService$2.callBlockingMethod(OzoneManagerProtocolProtos.java) [ozone-interface-client-1.4.0-SNAPSHOT.jar:?]
	at org.apache.hadoop.ipc.ProtobufRpcEngine$Server.processCall(ProtobufRpcEngine.java:484) [hadoop-common-3.3.6.jar:?]
	at org.apache.hadoop.ipc.ProtobufRpcEngine2$Server$ProtoBufRpcInvoker.call(ProtobufRpcEngine2.java:595) [hadoop-common-3.3.6.jar:?]
	at org.apache.hadoop.ipc.ProtobufRpcEngine2$Server$ProtoBufRpcInvoker.call(ProtobufRpcEngine2.java:573) [hadoop-common-3.3.6.jar:?]
	at org.apache.hadoop.ipc.RPC$Server.call(RPC.java:1227) [hadoop-common-3.3.6.jar:?]
	at org.apache.hadoop.ipc.Server$RpcCall.run(Server.java:1094) [hadoop-common-3.3.6.jar:?]
	at org.apache.hadoop.ipc.Server$RpcCall.run(Server.java:1017) [hadoop-common-3.3.6.jar:?]
	at java.security.AccessController.doPrivileged(Native Method) ~[?:1.8.0_382]
	at javax.security.auth.Subject.doAs(Subject.java:422) [?:1.8.0_382]
	at org.apache.hadoop.security.UserGroupInformation.doAs(UserGroupInformation.java:1899) [hadoop-common-3.3.6.jar:?]
	at org.apache.hadoop.ipc.Server$Handler.run(Server.java:3048) [hadoop-common-3.3.6.jar:?]
17:31:24.824 [IPC Server handler 19 on default port 15057] ERROR OMAudit - user=runner | ip=127.0.0.1 | op=GET_FILE_STATUS {volume=volume39856, bucket=bucket94778, key=testBatchDelete/parent/child2, dataSize=0, replicationConfig=null} | ret=FAILURE
org.apache.hadoop.ozone.om.exceptions.OMException: Unable to get file status: volume: volume39856 bucket: bucket94778 key: testBatchDelete/parent/child2
	at org.apache.hadoop.ozone.om.KeyManagerImpl.getOzoneFileStatus(KeyManagerImpl.java:1227) ~[ozone-manager-1.4.0-SNAPSHOT.jar:?]
	at org.apache.hadoop.ozone.om.KeyManagerImpl.getFileStatus(KeyManagerImpl.java:1145) ~[ozone-manager-1.4.0-SNAPSHOT.jar:?]
	at org.apache.hadoop.ozone.om.OmMetadataReader.getFileStatus(OmMetadataReader.java:266) ~[ozone-manager-1.4.0-SNAPSHOT.jar:?]
	at org.apache.hadoop.ozone.om.OzoneManager.getFileStatus(OzoneManager.java:3585) ~[ozone-manager-1.4.0-SNAPSHOT.jar:?]
	at org.apache.hadoop.ozone.protocolPB.OzoneManagerRequestHandler.getOzoneFileStatus(OzoneManagerRequestHandler.java:998) ~[ozone-manager-1.4.0-SNAPSHOT.jar:?]
	at org.apache.hadoop.ozone.protocolPB.OzoneManagerRequestHandler.handleReadRequest(OzoneManagerRequestHandler.java:259) ~[ozone-manager-1.4.0-SNAPSHOT.jar:?]
	at org.apache.hadoop.ozone.protocolPB.OzoneManagerProtocolServerSideTranslatorPB.submitRequestDirectlyToOM(OzoneManagerProtocolServerSideTranslatorPB.java:274) ~[ozone-manager-1.4.0-SNAPSHOT.jar:?]
	at org.apache.hadoop.ozone.protocolPB.OzoneManagerProtocolServerSideTranslatorPB.processRequest(OzoneManagerProtocolServerSideTranslatorPB.java:175) ~[ozone-manager-1.4.0-SNAPSHOT.jar:?]
	at org.apache.hadoop.hdds.server.OzoneProtocolMessageDispatcher.processRequest(OzoneProtocolMessageDispatcher.java:87) [hdds-server-framework-1.4.0-SNAPSHOT.jar:?]
	at org.apache.hadoop.ozone.protocolPB.OzoneManagerProtocolServerSideTranslatorPB.submitRequest(OzoneManagerProtocolServerSideTranslatorPB.java:148) [ozone-manager-1.4.0-SNAPSHOT.jar:?]
	at org.apache.hadoop.ozone.protocol.proto.OzoneManagerProtocolProtos$OzoneManagerService$2.callBlockingMethod(OzoneManagerProtocolProtos.java) [ozone-interface-client-1.4.0-SNAPSHOT.jar:?]
	at org.apache.hadoop.ipc.ProtobufRpcEngine$Server.processCall(ProtobufRpcEngine.java:484) [hadoop-common-3.3.6.jar:?]
	at org.apache.hadoop.ipc.ProtobufRpcEngine2$Server$ProtoBufRpcInvoker.call(ProtobufRpcEngine2.java:595) [hadoop-common-3.3.6.jar:?]
	at org.apache.hadoop.ipc.ProtobufRpcEngine2$Server$ProtoBufRpcInvoker.call(ProtobufRpcEngine2.java:573) [hadoop-common-3.3.6.jar:?]
	at org.apache.hadoop.ipc.RPC$Server.call(RPC.java:1227) [hadoop-common-3.3.6.jar:?]
	at org.apache.hadoop.ipc.Server$RpcCall.run(Server.java:1094) [hadoop-common-3.3.6.jar:?]
	at org.apache.hadoop.ipc.Server$RpcCall.run(Server.java:1017) [hadoop-common-3.3.6.jar:?]
	at java.security.AccessController.doPrivileged(Native Method) ~[?:1.8.0_382]
	at javax.security.auth.Subject.doAs(Subject.java:422) [?:1.8.0_382]
	at org.apache.hadoop.security.UserGroupInformation.doAs(UserGroupInformation.java:1899) [hadoop-common-3.3.6.jar:?]
	at org.apache.hadoop.ipc.Server$Handler.run(Server.java:3048) [hadoop-common-3.3.6.jar:?]
17:31:24.825 [IPC Server handler 3 on default port 15057] ERROR OMAudit - user=runner | ip=127.0.0.1 | op=GET_FILE_STATUS {volume=volume39856, bucket=bucket94778, key=testBatchDelete/parent/childFolder/child2, dataSize=0, replicationConfig=null} | ret=FAILURE
org.apache.hadoop.ozone.om.exceptions.OMException: Unable to get file status: volume: volume39856 bucket: bucket94778 key: testBatchDelete/parent/childFolder/child2
	at org.apache.hadoop.ozone.om.KeyManagerImpl.getOzoneFileStatus(KeyManagerImpl.java:1227) ~[ozone-manager-1.4.0-SNAPSHOT.jar:?]
	at org.apache.hadoop.ozone.om.KeyManagerImpl.getFileStatus(KeyManagerImpl.java:1145) ~[ozone-manager-1.4.0-SNAPSHOT.jar:?]
	at org.apache.hadoop.ozone.om.OmMetadataReader.getFileStatus(OmMetadataReader.java:266) ~[ozone-manager-1.4.0-SNAPSHOT.jar:?]
	at org.apache.hadoop.ozone.om.OzoneManager.getFileStatus(OzoneManager.java:3585) ~[ozone-manager-1.4.0-SNAPSHOT.jar:?]
	at org.apache.hadoop.ozone.protocolPB.OzoneManagerRequestHandler.getOzoneFileStatus(OzoneManagerRequestHandler.java:998) ~[ozone-manager-1.4.0-SNAPSHOT.jar:?]
	at org.apache.hadoop.ozone.protocolPB.OzoneManagerRequestHandler.handleReadRequest(OzoneManagerRequestHandler.java:259) ~[ozone-manager-1.4.0-SNAPSHOT.jar:?]
	at org.apache.hadoop.ozone.protocolPB.OzoneManagerProtocolServerSideTranslatorPB.submitRequestDirectlyToOM(OzoneManagerProtocolServerSideTranslatorPB.java:274) ~[ozone-manager-1.4.0-SNAPSHOT.jar:?]
	at org.apache.hadoop.ozone.protocolPB.OzoneManagerProtocolServerSideTranslatorPB.processRequest(OzoneManagerProtocolServerSideTranslatorPB.java:175) ~[ozone-manager-1.4.0-SNAPSHOT.jar:?]
	at org.apache.hadoop.hdds.server.OzoneProtocolMessageDispatcher.processRequest(OzoneProtocolMessageDispatcher.java:87) [hdds-server-framework-1.4.0-SNAPSHOT.jar:?]
	at org.apache.hadoop.ozone.protocolPB.OzoneManagerProtocolServerSideTranslatorPB.submitRequest(OzoneManagerProtocolServerSideTranslatorPB.java:148) [ozone-manager-1.4.0-SNAPSHOT.jar:?]
	at org.apache.hadoop.ozone.protocol.proto.OzoneManagerProtocolProtos$OzoneManagerService$2.callBlockingMethod(OzoneManagerProtocolProtos.java) [ozone-interface-client-1.4.0-SNAPSHOT.jar:?]
	at org.apache.hadoop.ipc.ProtobufRpcEngine$Server.processCall(ProtobufRpcEngine.java:484) [hadoop-common-3.3.6.jar:?]
	at org.apache.hadoop.ipc.ProtobufRpcEngine2$Server$ProtoBufRpcInvoker.call(ProtobufRpcEngine2.java:595) [hadoop-common-3.3.6.jar:?]
	at org.apache.hadoop.ipc.ProtobufRpcEngine2$Server$ProtoBufRpcInvoker.call(ProtobufRpcEngine2.java:573) [hadoop-common-3.3.6.jar:?]
	at org.apache.hadoop.ipc.RPC$Server.call(RPC.java:1227) [hadoop-common-3.3.6.jar:?]
	at org.apache.hadoop.ipc.Server$RpcCall.run(Server.java:1094) [hadoop-common-3.3.6.jar:?]
	at org.apache.hadoop.ipc.Server$RpcCall.run(Server.java:1017) [hadoop-common-3.3.6.jar:?]
	at java.security.AccessController.doPrivileged(Native Method) ~[?:1.8.0_382]
	at javax.security.auth.Subject.doAs(Subject.java:422) [?:1.8.0_382]
	at org.apache.hadoop.security.UserGroupInformation.doAs(UserGroupInformation.java:1899) [hadoop-common-3.3.6.jar:?]
	at org.apache.hadoop.ipc.Server$Handler.run(Server.java:3048) [hadoop-common-3.3.6.jar:?]
17:31:24.826 [IPC Server handler 4 on default port 15057] ERROR OMAudit - user=runner | ip=127.0.0.1 | op=GET_FILE_STATUS {volume=volume39856, bucket=bucket94778, key=testBatchDelete/parent/child3, dataSize=0, replicationConfig=null} | ret=FAILURE
org.apache.hadoop.ozone.om.exceptions.OMException: Unable to get file status: volume: volume39856 bucket: bucket94778 key: testBatchDelete/parent/child3
	at org.apache.hadoop.ozone.om.KeyManagerImpl.getOzoneFileStatus(KeyManagerImpl.java:1227) ~[ozone-manager-1.4.0-SNAPSHOT.jar:?]
	at org.apache.hadoop.ozone.om.KeyManagerImpl.getFileStatus(KeyManagerImpl.java:1145) ~[ozone-manager-1.4.0-SNAPSHOT.jar:?]
	at org.apache.hadoop.ozone.om.OmMetadataReader.getFileStatus(OmMetadataReader.java:266) ~[ozone-manager-1.4.0-SNAPSHOT.jar:?]
	at org.apache.hadoop.ozone.om.OzoneManager.getFileStatus(OzoneManager.java:3585) ~[ozone-manager-1.4.0-SNAPSHOT.jar:?]
	at org.apache.hadoop.ozone.protocolPB.OzoneManagerRequestHandler.getOzoneFileStatus(OzoneManagerRequestHandler.java:998) ~[ozone-manager-1.4.0-SNAPSHOT.jar:?]
	at org.apache.hadoop.ozone.protocolPB.OzoneManagerRequestHandler.handleReadRequest(OzoneManagerRequestHandler.java:259) ~[ozone-manager-1.4.0-SNAPSHOT.jar:?]
	at org.apache.hadoop.ozone.protocolPB.OzoneManagerProtocolServerSideTranslatorPB.submitRequestDirectlyToOM(OzoneManagerProtocolServerSideTranslatorPB.java:274) ~[ozone-manager-1.4.0-SNAPSHOT.jar:?]
	at org.apache.hadoop.ozone.protocolPB.OzoneManagerProtocolServerSideTranslatorPB.processRequest(OzoneManagerProtocolServerSideTranslatorPB.java:175) ~[ozone-manager-1.4.0-SNAPSHOT.jar:?]
	at org.apache.hadoop.hdds.server.OzoneProtocolMessageDispatcher.processRequest(OzoneProtocolMessageDispatcher.java:87) [hdds-server-framework-1.4.0-SNAPSHOT.jar:?]
	at org.apache.hadoop.ozone.protocolPB.OzoneManagerProtocolServerSideTranslatorPB.submitRequest(OzoneManagerProtocolServerSideTranslatorPB.java:148) [ozone-manager-1.4.0-SNAPSHOT.jar:?]
	at org.apache.hadoop.ozone.protocol.proto.OzoneManagerProtocolProtos$OzoneManagerService$2.callBlockingMethod(OzoneManagerProtocolProtos.java) [ozone-interface-client-1.4.0-SNAPSHOT.jar:?]
	at org.apache.hadoop.ipc.ProtobufRpcEngine$Server.processCall(ProtobufRpcEngine.java:484) [hadoop-common-3.3.6.jar:?]
	at org.apache.hadoop.ipc.ProtobufRpcEngine2$Server$ProtoBufRpcInvoker.call(ProtobufRpcEngine2.java:595) [hadoop-common-3.3.6.jar:?]
	at org.apache.hadoop.ipc.ProtobufRpcEngine2$Server$ProtoBufRpcInvoker.call(ProtobufRpcEngine2.java:573) [hadoop-common-3.3.6.jar:?]
	at org.apache.hadoop.ipc.RPC$Server.call(RPC.java:1227) [hadoop-common-3.3.6.jar:?]
	at org.apache.hadoop.ipc.Server$RpcCall.run(Server.java:1094) [hadoop-common-3.3.6.jar:?]
	at org.apache.hadoop.ipc.Server$RpcCall.run(Server.java:1017) [hadoop-common-3.3.6.jar:?]
	at java.security.AccessController.doPrivileged(Native Method) ~[?:1.8.0_382]
	at javax.security.auth.Subject.doAs(Subject.java:422) [?:1.8.0_382]
	at org.apache.hadoop.security.UserGroupInformation.doAs(UserGroupInformation.java:1899) [hadoop-common-3.3.6.jar:?]
	at org.apache.hadoop.ipc.Server$Handler.run(Server.java:3048) [hadoop-common-3.3.6.jar:?]
17:31:24.827 [IPC Server handler 2 on default port 15057] ERROR OMAudit - user=runner | ip=127.0.0.1 | op=GET_FILE_STATUS {volume=volume39856, bucket=bucket94778, key=testBatchDelete/parent/childFolder/child3, dataSize=0, replicationConfig=null} | ret=FAILURE
org.apache.hadoop.ozone.om.exceptions.OMException: Unable to get file status: volume: volume39856 bucket: bucket94778 key: testBatchDelete/parent/childFolder/child3
	at org.apache.hadoop.ozone.om.KeyManagerImpl.getOzoneFileStatus(KeyManagerImpl.java:1227) ~[ozone-manager-1.4.0-SNAPSHOT.jar:?]
	at org.apache.hadoop.ozone.om.KeyManagerImpl.getFileStatus(KeyManagerImpl.java:1145) ~[ozone-manager-1.4.0-SNAPSHOT.jar:?]
	at org.apache.hadoop.ozone.om.OmMetadataReader.getFileStatus(OmMetadataReader.java:266) ~[ozone-manager-1.4.0-SNAPSHOT.jar:?]
	at org.apache.hadoop.ozone.om.OzoneManager.getFileStatus(OzoneManager.java:3585) ~[ozone-manager-1.4.0-SNAPSHOT.jar:?]
	at org.apache.hadoop.ozone.protocolPB.OzoneManagerRequestHandler.getOzoneFileStatus(OzoneManagerRequestHandler.java:998) ~[ozone-manager-1.4.0-SNAPSHOT.jar:?]
	at org.apache.hadoop.ozone.protocolPB.OzoneManagerRequestHandler.handleReadRequest(OzoneManagerRequestHandler.java:259) ~[ozone-manager-1.4.0-SNAPSHOT.jar:?]
	at org.apache.hadoop.ozone.protocolPB.OzoneManagerProtocolServerSideTranslatorPB.submitRequestDirectlyToOM(OzoneManagerProtocolServerSideTranslatorPB.java:274) ~[ozone-manager-1.4.0-SNAPSHOT.jar:?]
	at org.apache.hadoop.ozone.protocolPB.OzoneManagerProtocolServerSideTranslatorPB.processRequest(OzoneManagerProtocolServerSideTranslatorPB.java:175) ~[ozone-manager-1.4.0-SNAPSHOT.jar:?]
	at org.apache.hadoop.hdds.server.OzoneProtocolMessageDispatcher.processRequest(OzoneProtocolMessageDispatcher.java:87) [hdds-server-framework-1.4.0-SNAPSHOT.jar:?]
	at org.apache.hadoop.ozone.protocolPB.OzoneManagerProtocolServerSideTranslatorPB.submitRequest(OzoneManagerProtocolServerSideTranslatorPB.java:148) [ozone-manager-1.4.0-SNAPSHOT.jar:?]
	at org.apache.hadoop.ozone.protocol.proto.OzoneManagerProtocolProtos$OzoneManagerService$2.callBlockingMethod(OzoneManagerProtocolProtos.java) [ozone-interface-client-1.4.0-SNAPSHOT.jar:?]
	at org.apache.hadoop.ipc.ProtobufRpcEngine$Server.processCall(ProtobufRpcEngine.java:484) [hadoop-common-3.3.6.jar:?]
	at org.apache.hadoop.ipc.ProtobufRpcEngine2$Server$ProtoBufRpcInvoker.call(ProtobufRpcEngine2.java:595) [hadoop-common-3.3.6.jar:?]
	at org.apache.hadoop.ipc.ProtobufRpcEngine2$Server$ProtoBufRpcInvoker.call(ProtobufRpcEngine2.java:573) [hadoop-common-3.3.6.jar:?]
	at org.apache.hadoop.ipc.RPC$Server.call(RPC.java:1227) [hadoop-common-3.3.6.jar:?]
	at org.apache.hadoop.ipc.Server$RpcCall.run(Server.java:1094) [hadoop-common-3.3.6.jar:?]
	at org.apache.hadoop.ipc.Server$RpcCall.run(Server.java:1017) [hadoop-common-3.3.6.jar:?]
	at java.security.AccessController.doPrivileged(Native Method) ~[?:1.8.0_382]
	at javax.security.auth.Subject.doAs(Subject.java:422) [?:1.8.0_382]
	at org.apache.hadoop.security.UserGroupInformation.doAs(UserGroupInformation.java:1899) [hadoop-common-3.3.6.jar:?]
	at org.apache.hadoop.ipc.Server$Handler.run(Server.java:3048) [hadoop-common-3.3.6.jar:?]
17:31:24.828 [IPC Server handler 8 on default port 15057] ERROR OMAudit - user=runner | ip=127.0.0.1 | op=GET_FILE_STATUS {volume=volume39856, bucket=bucket94778, key=testBatchDelete/parent/child4, dataSize=0, replicationConfig=null} | ret=FAILURE
org.apache.hadoop.ozone.om.exceptions.OMException: Unable to get file status: volume: volume39856 bucket: bucket94778 key: testBatchDelete/parent/child4
	at org.apache.hadoop.ozone.om.KeyManagerImpl.getOzoneFileStatus(KeyManagerImpl.java:1227) ~[ozone-manager-1.4.0-SNAPSHOT.jar:?]
	at org.apache.hadoop.ozone.om.KeyManagerImpl.getFileStatus(KeyManagerImpl.java:1145) ~[ozone-manager-1.4.0-SNAPSHOT.jar:?]
	at org.apache.hadoop.ozone.om.OmMetadataReader.getFileStatus(OmMetadataReader.java:266) ~[ozone-manager-1.4.0-SNAPSHOT.jar:?]
	at org.apache.hadoop.ozone.om.OzoneManager.getFileStatus(OzoneManager.java:3585) ~[ozone-manager-1.4.0-SNAPSHOT.jar:?]
	at org.apache.hadoop.ozone.protocolPB.OzoneManagerRequestHandler.getOzoneFileStatus(OzoneManagerRequestHandler.java:998) ~[ozone-manager-1.4.0-SNAPSHOT.jar:?]
	at org.apache.hadoop.ozone.protocolPB.OzoneManagerRequestHandler.handleReadRequest(OzoneManagerRequestHandler.java:259) ~[ozone-manager-1.4.0-SNAPSHOT.jar:?]
	at org.apache.hadoop.ozone.protocolPB.OzoneManagerProtocolServerSideTranslatorPB.submitRequestDirectlyToOM(OzoneManagerProtocolServerSideTranslatorPB.java:274) ~[ozone-manager-1.4.0-SNAPSHOT.jar:?]
	at org.apache.hadoop.ozone.protocolPB.OzoneManagerProtocolServerSideTranslatorPB.processRequest(OzoneManagerProtocolServerSideTranslatorPB.java:175) ~[ozone-manager-1.4.0-SNAPSHOT.jar:?]
	at org.apache.hadoop.hdds.server.OzoneProtocolMessageDispatcher.processRequest(OzoneProtocolMessageDispatcher.java:87) [hdds-server-framework-1.4.0-SNAPSHOT.jar:?]
	at org.apache.hadoop.ozone.protocolPB.OzoneManagerProtocolServerSideTranslatorPB.submitRequest(OzoneManagerProtocolServerSideTranslatorPB.java:148) [ozone-manager-1.4.0-SNAPSHOT.jar:?]
	at org.apache.hadoop.ozone.protocol.proto.OzoneManagerProtocolProtos$OzoneManagerService$2.callBlockingMethod(OzoneManagerProtocolProtos.java) [ozone-interface-client-1.4.0-SNAPSHOT.jar:?]
	at org.apache.hadoop.ipc.ProtobufRpcEngine$Server.processCall(ProtobufRpcEngine.java:484) [hadoop-common-3.3.6.jar:?]
	at org.apache.hadoop.ipc.ProtobufRpcEngine2$Server$ProtoBufRpcInvoker.call(ProtobufRpcEngine2.java:595) [hadoop-common-3.3.6.jar:?]
	at org.apache.hadoop.ipc.ProtobufRpcEngine2$Server$ProtoBufRpcInvoker.call(ProtobufRpcEngine2.java:573) [hadoop-common-3.3.6.jar:?]
	at org.apache.hadoop.ipc.RPC$Server.call(RPC.java:1227) [hadoop-common-3.3.6.jar:?]
	at org.apache.hadoop.ipc.Server$RpcCall.run(Server.java:1094) [hadoop-common-3.3.6.jar:?]
	at org.apache.hadoop.ipc.Server$RpcCall.run(Server.java:1017) [hadoop-common-3.3.6.jar:?]
	at java.security.AccessController.doPrivileged(Native Method) ~[?:1.8.0_382]
	at javax.security.auth.Subject.doAs(Subject.java:422) [?:1.8.0_382]
	at org.apache.hadoop.security.UserGroupInformation.doAs(UserGroupInformation.java:1899) [hadoop-common-3.3.6.jar:?]
	at org.apache.hadoop.ipc.Server$Handler.run(Server.java:3048) [hadoop-common-3.3.6.jar:?]
17:31:24.829 [IPC Server handler 10 on default port 15057] ERROR OMAudit - user=runner | ip=127.0.0.1 | op=GET_FILE_STATUS {volume=volume39856, bucket=bucket94778, key=testBatchDelete/parent/childFolder/child4, dataSize=0, replicationConfig=null} | ret=FAILURE
org.apache.hadoop.ozone.om.exceptions.OMException: Unable to get file status: volume: volume39856 bucket: bucket94778 key: testBatchDelete/parent/childFolder/child4
	at org.apache.hadoop.ozone.om.KeyManagerImpl.getOzoneFileStatus(KeyManagerImpl.java:1227) ~[ozone-manager-1.4.0-SNAPSHOT.jar:?]
	at org.apache.hadoop.ozone.om.KeyManagerImpl.getFileStatus(KeyManagerImpl.java:1145) ~[ozone-manager-1.4.0-SNAPSHOT.jar:?]
	at org.apache.hadoop.ozone.om.OmMetadataReader.getFileStatus(OmMetadataReader.java:266) ~[ozone-manager-1.4.0-SNAPSHOT.jar:?]
	at org.apache.hadoop.ozone.om.OzoneManager.getFileStatus(OzoneManager.java:3585) ~[ozone-manager-1.4.0-SNAPSHOT.jar:?]
	at org.apache.hadoop.ozone.protocolPB.OzoneManagerRequestHandler.getOzoneFileStatus(OzoneManagerRequestHandler.java:998) ~[ozone-manager-1.4.0-SNAPSHOT.jar:?]
	at org.apache.hadoop.ozone.protocolPB.OzoneManagerRequestHandler.handleReadRequest(OzoneManagerRequestHandler.java:259) ~[ozone-manager-1.4.0-SNAPSHOT.jar:?]
	at org.apache.hadoop.ozone.protocolPB.OzoneManagerProtocolServerSideTranslatorPB.submitRequestDirectlyToOM(OzoneManagerProtocolServerSideTranslatorPB.java:274) ~[ozone-manager-1.4.0-SNAPSHOT.jar:?]
	at org.apache.hadoop.ozone.protocolPB.OzoneManagerProtocolServerSideTranslatorPB.processRequest(OzoneManagerProtocolServerSideTranslatorPB.java:175) ~[ozone-manager-1.4.0-SNAPSHOT.jar:?]
	at org.apache.hadoop.hdds.server.OzoneProtocolMessageDispatcher.processRequest(OzoneProtocolMessageDispatcher.java:87) [hdds-server-framework-1.4.0-SNAPSHOT.jar:?]
	at org.apache.hadoop.ozone.protocolPB.OzoneManagerProtocolServerSideTranslatorPB.submitRequest(OzoneManagerProtocolServerSideTranslatorPB.java:148) [ozone-manager-1.4.0-SNAPSHOT.jar:?]
	at org.apache.hadoop.ozone.protocol.proto.OzoneManagerProtocolProtos$OzoneManagerService$2.callBlockingMethod(OzoneManagerProtocolProtos.java) [ozone-interface-client-1.4.0-SNAPSHOT.jar:?]
	at org.apache.hadoop.ipc.ProtobufRpcEngine$Server.processCall(ProtobufRpcEngine.java:484) [hadoop-common-3.3.6.jar:?]
	at org.apache.hadoop.ipc.ProtobufRpcEngine2$Server$ProtoBufRpcInvoker.call(ProtobufRpcEngine2.java:595) [hadoop-common-3.3.6.jar:?]
	at org.apache.hadoop.ipc.ProtobufRpcEngine2$Server$ProtoBufRpcInvoker.call(ProtobufRpcEngine2.java:573) [hadoop-common-3.3.6.jar:?]
	at org.apache.hadoop.ipc.RPC$Server.call(RPC.java:1227) [hadoop-common-3.3.6.jar:?]
	at org.apache.hadoop.ipc.Server$RpcCall.run(Server.java:1094) [hadoop-common-3.3.6.jar:?]
	at org.apache.hadoop.ipc.Server$RpcCall.run(Server.java:1017) [hadoop-common-3.3.6.jar:?]
	at java.security.AccessController.doPrivileged(Native Method) ~[?:1.8.0_382]
	at javax.security.auth.Subject.doAs(Subject.java:422) [?:1.8.0_382]
	at org.apache.hadoop.security.UserGroupInformation.doAs(UserGroupInformation.java:1899) [hadoop-common-3.3.6.jar:?]
	at org.apache.hadoop.ipc.Server$Handler.run(Server.java:3048) [hadoop-common-3.3.6.jar:?]
17:31:24.830 [IPC Server handler 11 on default port 15057] ERROR OMAudit - user=runner | ip=127.0.0.1 | op=GET_FILE_STATUS {volume=volume39856, bucket=bucket94778, key=testBatchDelete/parent/child5, dataSize=0, replicationConfig=null} | ret=FAILURE
org.apache.hadoop.ozone.om.exceptions.OMException: Unable to get file status: volume: volume39856 bucket: bucket94778 key: testBatchDelete/parent/child5
	at org.apache.hadoop.ozone.om.KeyManagerImpl.getOzoneFileStatus(KeyManagerImpl.java:1227) ~[ozone-manager-1.4.0-SNAPSHOT.jar:?]
	at org.apache.hadoop.ozone.om.KeyManagerImpl.getFileStatus(KeyManagerImpl.java:1145) ~[ozone-manager-1.4.0-SNAPSHOT.jar:?]
	at org.apache.hadoop.ozone.om.OmMetadataReader.getFileStatus(OmMetadataReader.java:266) ~[ozone-manager-1.4.0-SNAPSHOT.jar:?]
	at org.apache.hadoop.ozone.om.OzoneManager.getFileStatus(OzoneManager.java:3585) ~[ozone-manager-1.4.0-SNAPSHOT.jar:?]
	at org.apache.hadoop.ozone.protocolPB.OzoneManagerRequestHandler.getOzoneFileStatus(OzoneManagerRequestHandler.java:998) ~[ozone-manager-1.4.0-SNAPSHOT.jar:?]
	at org.apache.hadoop.ozone.protocolPB.OzoneManagerRequestHandler.handleReadRequest(OzoneManagerRequestHandler.java:259) ~[ozone-manager-1.4.0-SNAPSHOT.jar:?]
	at org.apache.hadoop.ozone.protocolPB.OzoneManagerProtocolServerSideTranslatorPB.submitRequestDirectlyToOM(OzoneManagerProtocolServerSideTranslatorPB.java:274) ~[ozone-manager-1.4.0-SNAPSHOT.jar:?]
	at org.apache.hadoop.ozone.protocolPB.OzoneManagerProtocolServerSideTranslatorPB.processRequest(OzoneManagerProtocolServerSideTranslatorPB.java:175) ~[ozone-manager-1.4.0-SNAPSHOT.jar:?]
	at org.apache.hadoop.hdds.server.OzoneProtocolMessageDispatcher.processRequest(OzoneProtocolMessageDispatcher.java:87) [hdds-server-framework-1.4.0-SNAPSHOT.jar:?]
	at org.apache.hadoop.ozone.protocolPB.OzoneManagerProtocolServerSideTranslatorPB.submitRequest(OzoneManagerProtocolServerSideTranslatorPB.java:148) [ozone-manager-1.4.0-SNAPSHOT.jar:?]
	at org.apache.hadoop.ozone.protocol.proto.OzoneManagerProtocolProtos$OzoneManagerService$2.callBlockingMethod(OzoneManagerProtocolProtos.java) [ozone-interface-client-1.4.0-SNAPSHOT.jar:?]
	at org.apache.hadoop.ipc.ProtobufRpcEngine$Server.processCall(ProtobufRpcEngine.java:484) [hadoop-common-3.3.6.jar:?]
	at org.apache.hadoop.ipc.ProtobufRpcEngine2$Server$ProtoBufRpcInvoker.call(ProtobufRpcEngine2.java:595) [hadoop-common-3.3.6.jar:?]
	at org.apache.hadoop.ipc.ProtobufRpcEngine2$Server$ProtoBufRpcInvoker.call(ProtobufRpcEngine2.java:573) [hadoop-common-3.3.6.jar:?]
	at org.apache.hadoop.ipc.RPC$Server.call(RPC.java:1227) [hadoop-common-3.3.6.jar:?]
	at org.apache.hadoop.ipc.Server$RpcCall.run(Server.java:1094) [hadoop-common-3.3.6.jar:?]
	at org.apache.hadoop.ipc.Server$RpcCall.run(Server.java:1017) [hadoop-common-3.3.6.jar:?]
	at java.security.AccessController.doPrivileged(Native Method) ~[?:1.8.0_382]
	at javax.security.auth.Subject.doAs(Subject.java:422) [?:1.8.0_382]
	at org.apache.hadoop.security.UserGroupInformation.doAs(UserGroupInformation.java:1899) [hadoop-common-3.3.6.jar:?]
	at org.apache.hadoop.ipc.Server$Handler.run(Server.java:3048) [hadoop-common-3.3.6.jar:?]
17:31:24.831 [IPC Server handler 12 on default port 15057] ERROR OMAudit - user=runner | ip=127.0.0.1 | op=GET_FILE_STATUS {volume=volume39856, bucket=bucket94778, key=testBatchDelete/parent/childFolder/child5, dataSize=0, replicationConfig=null} | ret=FAILURE
org.apache.hadoop.ozone.om.exceptions.OMException: Unable to get file status: volume: volume39856 bucket: bucket94778 key: testBatchDelete/parent/childFolder/child5
	at org.apache.hadoop.ozone.om.KeyManagerImpl.getOzoneFileStatus(KeyManagerImpl.java:1227) ~[ozone-manager-1.4.0-SNAPSHOT.jar:?]
	at org.apache.hadoop.ozone.om.KeyManagerImpl.getFileStatus(KeyManagerImpl.java:1145) ~[ozone-manager-1.4.0-SNAPSHOT.jar:?]
	at org.apache.hadoop.ozone.om.OmMetadataReader.getFileStatus(OmMetadataReader.java:266) ~[ozone-manager-1.4.0-SNAPSHOT.jar:?]
	at org.apache.hadoop.ozone.om.OzoneManager.getFileStatus(OzoneManager.java:3585) ~[ozone-manager-1.4.0-SNAPSHOT.jar:?]
	at org.apache.hadoop.ozone.protocolPB.OzoneManagerRequestHandler.getOzoneFileStatus(OzoneManagerRequestHandler.java:998) ~[ozone-manager-1.4.0-SNAPSHOT.jar:?]
	at org.apache.hadoop.ozone.protocolPB.OzoneManagerRequestHandler.handleReadRequest(OzoneManagerRequestHandler.java:259) ~[ozone-manager-1.4.0-SNAPSHOT.jar:?]
	at org.apache.hadoop.ozone.protocolPB.OzoneManagerProtocolServerSideTranslatorPB.submitRequestDirectlyToOM(OzoneManagerProtocolServerSideTranslatorPB.java:274) ~[ozone-manager-1.4.0-SNAPSHOT.jar:?]
	at org.apache.hadoop.ozone.protocolPB.OzoneManagerProtocolServerSideTranslatorPB.processRequest(OzoneManagerProtocolServerSideTranslatorPB.java:175) ~[ozone-manager-1.4.0-SNAPSHOT.jar:?]
	at org.apache.hadoop.hdds.server.OzoneProtocolMessageDispatcher.processRequest(OzoneProtocolMessageDispatcher.java:87) [hdds-server-framework-1.4.0-SNAPSHOT.jar:?]
	at org.apache.hadoop.ozone.protocolPB.OzoneManagerProtocolServerSideTranslatorPB.submitRequest(OzoneManagerProtocolServerSideTranslatorPB.java:148) [ozone-manager-1.4.0-SNAPSHOT.jar:?]
	at org.apache.hadoop.ozone.protocol.proto.OzoneManagerProtocolProtos$OzoneManagerService$2.callBlockingMethod(OzoneManagerProtocolProtos.java) [ozone-interface-client-1.4.0-SNAPSHOT.jar:?]
	at org.apache.hadoop.ipc.ProtobufRpcEngine$Server.processCall(ProtobufRpcEngine.java:484) [hadoop-common-3.3.6.jar:?]
	at org.apache.hadoop.ipc.ProtobufRpcEngine2$Server$ProtoBufRpcInvoker.call(ProtobufRpcEngine2.java:595) [hadoop-common-3.3.6.jar:?]
	at org.apache.hadoop.ipc.ProtobufRpcEngine2$Server$ProtoBufRpcInvoker.call(ProtobufRpcEngine2.java:573) [hadoop-common-3.3.6.jar:?]
	at org.apache.hadoop.ipc.RPC$Server.call(RPC.java:1227) [hadoop-common-3.3.6.jar:?]
	at org.apache.hadoop.ipc.Server$RpcCall.run(Server.java:1094) [hadoop-common-3.3.6.jar:?]
	at org.apache.hadoop.ipc.Server$RpcCall.run(Server.java:1017) [hadoop-common-3.3.6.jar:?]
	at java.security.AccessController.doPrivileged(Native Method) ~[?:1.8.0_382]
	at javax.security.auth.Subject.doAs(Subject.java:422) [?:1.8.0_382]
	at org.apache.hadoop.security.UserGroupInformation.doAs(UserGroupInformation.java:1899) [hadoop-common-3.3.6.jar:?]
	at org.apache.hadoop.ipc.Server$Handler.run(Server.java:3048) [hadoop-common-3.3.6.jar:?]
17:31:24.832 [IPC Server handler 14 on default port 15057] ERROR OMAudit - user=runner | ip=127.0.0.1 | op=GET_FILE_STATUS {volume=volume39856, bucket=bucket94778, key=testBatchDelete/parent/child6, dataSize=0, replicationConfig=null} | ret=FAILURE
org.apache.hadoop.ozone.om.exceptions.OMException: Unable to get file status: volume: volume39856 bucket: bucket94778 key: testBatchDelete/parent/child6
	at org.apache.hadoop.ozone.om.KeyManagerImpl.getOzoneFileStatus(KeyManagerImpl.java:1227) ~[ozone-manager-1.4.0-SNAPSHOT.jar:?]
	at org.apache.hadoop.ozone.om.KeyManagerImpl.getFileStatus(KeyManagerImpl.java:1145) ~[ozone-manager-1.4.0-SNAPSHOT.jar:?]
	at org.apache.hadoop.ozone.om.OmMetadataReader.getFileStatus(OmMetadataReader.java:266) ~[ozone-manager-1.4.0-SNAPSHOT.jar:?]
	at org.apache.hadoop.ozone.om.OzoneManager.getFileStatus(OzoneManager.java:3585) ~[ozone-manager-1.4.0-SNAPSHOT.jar:?]
	at org.apache.hadoop.ozone.protocolPB.OzoneManagerRequestHandler.getOzoneFileStatus(OzoneManagerRequestHandler.java:998) ~[ozone-manager-1.4.0-SNAPSHOT.jar:?]
	at org.apache.hadoop.ozone.protocolPB.OzoneManagerRequestHandler.handleReadRequest(OzoneManagerRequestHandler.java:259) ~[ozone-manager-1.4.0-SNAPSHOT.jar:?]
	at org.apache.hadoop.ozone.protocolPB.OzoneManagerProtocolServerSideTranslatorPB.submitRequestDirectlyToOM(OzoneManagerProtocolServerSideTranslatorPB.java:274) ~[ozone-manager-1.4.0-SNAPSHOT.jar:?]
	at org.apache.hadoop.ozone.protocolPB.OzoneManagerProtocolServerSideTranslatorPB.processRequest(OzoneManagerProtocolServerSideTranslatorPB.java:175) ~[ozone-manager-1.4.0-SNAPSHOT.jar:?]
	at org.apache.hadoop.hdds.server.OzoneProtocolMessageDispatcher.processRequest(OzoneProtocolMessageDispatcher.java:87) [hdds-server-framework-1.4.0-SNAPSHOT.jar:?]
	at org.apache.hadoop.ozone.protocolPB.OzoneManagerProtocolServerSideTranslatorPB.submitRequest(OzoneManagerProtocolServerSideTranslatorPB.java:148) [ozone-manager-1.4.0-SNAPSHOT.jar:?]
	at org.apache.hadoop.ozone.protocol.proto.OzoneManagerProtocolProtos$OzoneManagerService$2.callBlockingMethod(OzoneManagerProtocolProtos.java) [ozone-interface-client-1.4.0-SNAPSHOT.jar:?]
	at org.apache.hadoop.ipc.ProtobufRpcEngine$Server.processCall(ProtobufRpcEngine.java:484) [hadoop-common-3.3.6.jar:?]
	at org.apache.hadoop.ipc.ProtobufRpcEngine2$Server$ProtoBufRpcInvoker.call(ProtobufRpcEngine2.java:595) [hadoop-common-3.3.6.jar:?]
	at org.apache.hadoop.ipc.ProtobufRpcEngine2$Server$ProtoBufRpcInvoker.call(ProtobufRpcEngine2.java:573) [hadoop-common-3.3.6.jar:?]
	at org.apache.hadoop.ipc.RPC$Server.call(RPC.java:1227) [hadoop-common-3.3.6.jar:?]
	at org.apache.hadoop.ipc.Server$RpcCall.run(Server.java:1094) [hadoop-common-3.3.6.jar:?]
	at org.apache.hadoop.ipc.Server$RpcCall.run(Server.java:1017) [hadoop-common-3.3.6.jar:?]
	at java.security.AccessController.doPrivileged(Native Method) ~[?:1.8.0_382]
	at javax.security.auth.Subject.doAs(Subject.java:422) [?:1.8.0_382]
	at org.apache.hadoop.security.UserGroupInformation.doAs(UserGroupInformation.java:1899) [hadoop-common-3.3.6.jar:?]
	at org.apache.hadoop.ipc.Server$Handler.run(Server.java:3048) [hadoop-common-3.3.6.jar:?]
17:31:24.833 [IPC Server handler 16 on default port 15057] ERROR OMAudit - user=runner | ip=127.0.0.1 | op=GET_FILE_STATUS {volume=volume39856, bucket=bucket94778, key=testBatchDelete/parent/childFolder/child6, dataSize=0, replicationConfig=null} | ret=FAILURE
org.apache.hadoop.ozone.om.exceptions.OMException: Unable to get file status: volume: volume39856 bucket: bucket94778 key: testBatchDelete/parent/childFolder/child6
	at org.apache.hadoop.ozone.om.KeyManagerImpl.getOzoneFileStatus(KeyManagerImpl.java:1227) ~[ozone-manager-1.4.0-SNAPSHOT.jar:?]
	at org.apache.hadoop.ozone.om.KeyManagerImpl.getFileStatus(KeyManagerImpl.java:1145) ~[ozone-manager-1.4.0-SNAPSHOT.jar:?]
	at org.apache.hadoop.ozone.om.OmMetadataReader.getFileStatus(OmMetadataReader.java:266) ~[ozone-manager-1.4.0-SNAPSHOT.jar:?]
	at org.apache.hadoop.ozone.om.OzoneManager.getFileStatus(OzoneManager.java:3585) ~[ozone-manager-1.4.0-SNAPSHOT.jar:?]
	at org.apache.hadoop.ozone.protocolPB.OzoneManagerRequestHandler.getOzoneFileStatus(OzoneManagerRequestHandler.java:998) ~[ozone-manager-1.4.0-SNAPSHOT.jar:?]
	at org.apache.hadoop.ozone.protocolPB.OzoneManagerRequestHandler.handleReadRequest(OzoneManagerRequestHandler.java:259) ~[ozone-manager-1.4.0-SNAPSHOT.jar:?]
	at org.apache.hadoop.ozone.protocolPB.OzoneManagerProtocolServerSideTranslatorPB.submitRequestDirectlyToOM(OzoneManagerProtocolServerSideTranslatorPB.java:274) ~[ozone-manager-1.4.0-SNAPSHOT.jar:?]
	at org.apache.hadoop.ozone.protocolPB.OzoneManagerProtocolServerSideTranslatorPB.processRequest(OzoneManagerProtocolServerSideTranslatorPB.java:175) ~[ozone-manager-1.4.0-SNAPSHOT.jar:?]
	at org.apache.hadoop.hdds.server.OzoneProtocolMessageDispatcher.processRequest(OzoneProtocolMessageDispatcher.java:87) [hdds-server-framework-1.4.0-SNAPSHOT.jar:?]
	at org.apache.hadoop.ozone.protocolPB.OzoneManagerProtocolServerSideTranslatorPB.submitRequest(OzoneManagerProtocolServerSideTranslatorPB.java:148) [ozone-manager-1.4.0-SNAPSHOT.jar:?]
	at org.apache.hadoop.ozone.protocol.proto.OzoneManagerProtocolProtos$OzoneManagerService$2.callBlockingMethod(OzoneManagerProtocolProtos.java) [ozone-interface-client-1.4.0-SNAPSHOT.jar:?]
	at org.apache.hadoop.ipc.ProtobufRpcEngine$Server.processCall(ProtobufRpcEngine.java:484) [hadoop-common-3.3.6.jar:?]
	at org.apache.hadoop.ipc.ProtobufRpcEngine2$Server$ProtoBufRpcInvoker.call(ProtobufRpcEngine2.java:595) [hadoop-common-3.3.6.jar:?]
	at org.apache.hadoop.ipc.ProtobufRpcEngine2$Server$ProtoBufRpcInvoker.call(ProtobufRpcEngine2.java:573) [hadoop-common-3.3.6.jar:?]
	at org.apache.hadoop.ipc.RPC$Server.call(RPC.java:1227) [hadoop-common-3.3.6.jar:?]
	at org.apache.hadoop.ipc.Server$RpcCall.run(Server.java:1094) [hadoop-common-3.3.6.jar:?]
	at org.apache.hadoop.ipc.Server$RpcCall.run(Server.java:1017) [hadoop-common-3.3.6.jar:?]
	at java.security.AccessController.doPrivileged(Native Method) ~[?:1.8.0_382]
	at javax.security.auth.Subject.doAs(Subject.java:422) [?:1.8.0_382]
	at org.apache.hadoop.security.UserGroupInformation.doAs(UserGroupInformation.java:1899) [hadoop-common-3.3.6.jar:?]
	at org.apache.hadoop.ipc.Server$Handler.run(Server.java:3048) [hadoop-common-3.3.6.jar:?]
17:31:24.834 [IPC Server handler 18 on default port 15057] ERROR OMAudit - user=runner | ip=127.0.0.1 | op=GET_FILE_STATUS {volume=volume39856, bucket=bucket94778, key=testBatchDelete/parent/child7, dataSize=0, replicationConfig=null} | ret=FAILURE
org.apache.hadoop.ozone.om.exceptions.OMException: Unable to get file status: volume: volume39856 bucket: bucket94778 key: testBatchDelete/parent/child7
	at org.apache.hadoop.ozone.om.KeyManagerImpl.getOzoneFileStatus(KeyManagerImpl.java:1227) ~[ozone-manager-1.4.0-SNAPSHOT.jar:?]
	at org.apache.hadoop.ozone.om.KeyManagerImpl.getFileStatus(KeyManagerImpl.java:1145) ~[ozone-manager-1.4.0-SNAPSHOT.jar:?]
	at org.apache.hadoop.ozone.om.OmMetadataReader.getFileStatus(OmMetadataReader.java:266) ~[ozone-manager-1.4.0-SNAPSHOT.jar:?]
	at org.apache.hadoop.ozone.om.OzoneManager.getFileStatus(OzoneManager.java:3585) ~[ozone-manager-1.4.0-SNAPSHOT.jar:?]
	at org.apache.hadoop.ozone.protocolPB.OzoneManagerRequestHandler.getOzoneFileStatus(OzoneManagerRequestHandler.java:998) ~[ozone-manager-1.4.0-SNAPSHOT.jar:?]
	at org.apache.hadoop.ozone.protocolPB.OzoneManagerRequestHandler.handleReadRequest(OzoneManagerRequestHandler.java:259) ~[ozone-manager-1.4.0-SNAPSHOT.jar:?]
	at org.apache.hadoop.ozone.protocolPB.OzoneManagerProtocolServerSideTranslatorPB.submitRequestDirectlyToOM(OzoneManagerProtocolServerSideTranslatorPB.java:274) ~[ozone-manager-1.4.0-SNAPSHOT.jar:?]
	at org.apache.hadoop.ozone.protocolPB.OzoneManagerProtocolServerSideTranslatorPB.processRequest(OzoneManagerProtocolServerSideTranslatorPB.java:175) ~[ozone-manager-1.4.0-SNAPSHOT.jar:?]
	at org.apache.hadoop.hdds.server.OzoneProtocolMessageDispatcher.processRequest(OzoneProtocolMessageDispatcher.java:87) [hdds-server-framework-1.4.0-SNAPSHOT.jar:?]
	at org.apache.hadoop.ozone.protocolPB.OzoneManagerProtocolServerSideTranslatorPB.submitRequest(OzoneManagerProtocolServerSideTranslatorPB.java:148) [ozone-manager-1.4.0-SNAPSHOT.jar:?]
	at org.apache.hadoop.ozone.protocol.proto.OzoneManagerProtocolProtos$OzoneManagerService$2.callBlockingMethod(OzoneManagerProtocolProtos.java) [ozone-interface-client-1.4.0-SNAPSHOT.jar:?]
	at org.apache.hadoop.ipc.ProtobufRpcEngine$Server.processCall(ProtobufRpcEngine.java:484) [hadoop-common-3.3.6.jar:?]
	at org.apache.hadoop.ipc.ProtobufRpcEngine2$Server$ProtoBufRpcInvoker.call(ProtobufRpcEngine2.java:595) [hadoop-common-3.3.6.jar:?]
	at org.apache.hadoop.ipc.ProtobufRpcEngine2$Server$ProtoBufRpcInvoker.call(ProtobufRpcEngine2.java:573) [hadoop-common-3.3.6.jar:?]
	at org.apache.hadoop.ipc.RPC$Server.call(RPC.java:1227) [hadoop-common-3.3.6.jar:?]
	at org.apache.hadoop.ipc.Server$RpcCall.run(Server.java:1094) [hadoop-common-3.3.6.jar:?]
	at org.apache.hadoop.ipc.Server$RpcCall.run(Server.java:1017) [hadoop-common-3.3.6.jar:?]
	at java.security.AccessController.doPrivileged(Native Method) ~[?:1.8.0_382]
	at javax.security.auth.Subject.doAs(Subject.java:422) [?:1.8.0_382]
	at org.apache.hadoop.security.UserGroupInformation.doAs(UserGroupInformation.java:1899) [hadoop-common-3.3.6.jar:?]
	at org.apache.hadoop.ipc.Server$Handler.run(Server.java:3048) [hadoop-common-3.3.6.jar:?]
17:31:24.836 [IPC Server handler 17 on default port 15057] ERROR OMAudit - user=runner | ip=127.0.0.1 | op=GET_FILE_STATUS {volume=volume39856, bucket=bucket94778, key=testBatchDelete/parent/childFolder/child7, dataSize=0, replicationConfig=null} | ret=FAILURE
org.apache.hadoop.ozone.om.exceptions.OMException: Unable to get file status: volume: volume39856 bucket: bucket94778 key: testBatchDelete/parent/childFolder/child7
	at org.apache.hadoop.ozone.om.KeyManagerImpl.getOzoneFileStatus(KeyManagerImpl.java:1227) ~[ozone-manager-1.4.0-SNAPSHOT.jar:?]
	at org.apache.hadoop.ozone.om.KeyManagerImpl.getFileStatus(KeyManagerImpl.java:1145) ~[ozone-manager-1.4.0-SNAPSHOT.jar:?]
	at org.apache.hadoop.ozone.om.OmMetadataReader.getFileStatus(OmMetadataReader.java:266) ~[ozone-manager-1.4.0-SNAPSHOT.jar:?]
	at org.apache.hadoop.ozone.om.OzoneManager.getFileStatus(OzoneManager.java:3585) ~[ozone-manager-1.4.0-SNAPSHOT.jar:?]
	at org.apache.hadoop.ozone.protocolPB.OzoneManagerRequestHandler.getOzoneFileStatus(OzoneManagerRequestHandler.java:998) ~[ozone-manager-1.4.0-SNAPSHOT.jar:?]
	at org.apache.hadoop.ozone.protocolPB.OzoneManagerRequestHandler.handleReadRequest(OzoneManagerRequestHandler.java:259) ~[ozone-manager-1.4.0-SNAPSHOT.jar:?]
	at org.apache.hadoop.ozone.protocolPB.OzoneManagerProtocolServerSideTranslatorPB.submitRequestDirectlyToOM(OzoneManagerProtocolServerSideTranslatorPB.java:274) ~[ozone-manager-1.4.0-SNAPSHOT.jar:?]
	at org.apache.hadoop.ozone.protocolPB.OzoneManagerProtocolServerSideTranslatorPB.processRequest(OzoneManagerProtocolServerSideTranslatorPB.java:175) ~[ozone-manager-1.4.0-SNAPSHOT.jar:?]
	at org.apache.hadoop.hdds.server.OzoneProtocolMessageDispatcher.processRequest(OzoneProtocolMessageDispatcher.java:87) [hdds-server-framework-1.4.0-SNAPSHOT.jar:?]
	at org.apache.hadoop.ozone.protocolPB.OzoneManagerProtocolServerSideTranslatorPB.submitRequest(OzoneManagerProtocolServerSideTranslatorPB.java:148) [ozone-manager-1.4.0-SNAPSHOT.jar:?]
	at org.apache.hadoop.ozone.protocol.proto.OzoneManagerProtocolProtos$OzoneManagerService$2.callBlockingMethod(OzoneManagerProtocolProtos.java) [ozone-interface-client-1.4.0-SNAPSHOT.jar:?]
	at org.apache.hadoop.ipc.ProtobufRpcEngine$Server.processCall(ProtobufRpcEngine.java:484) [hadoop-common-3.3.6.jar:?]
	at org.apache.hadoop.ipc.ProtobufRpcEngine2$Server$ProtoBufRpcInvoker.call(ProtobufRpcEngine2.java:595) [hadoop-common-3.3.6.jar:?]
	at org.apache.hadoop.ipc.ProtobufRpcEngine2$Server$ProtoBufRpcInvoker.call(ProtobufRpcEngine2.java:573) [hadoop-common-3.3.6.jar:?]
	at org.apache.hadoop.ipc.RPC$Server.call(RPC.java:1227) [hadoop-common-3.3.6.jar:?]
	at org.apache.hadoop.ipc.Server$RpcCall.run(Server.java:1094) [hadoop-common-3.3.6.jar:?]
	at org.apache.hadoop.ipc.Server$RpcCall.run(Server.java:1017) [hadoop-common-3.3.6.jar:?]
	at java.security.AccessController.doPrivileged(Native Method) ~[?:1.8.0_382]
	at javax.security.auth.Subject.doAs(Subject.java:422) [?:1.8.0_382]
	at org.apache.hadoop.security.UserGroupInformation.doAs(UserGroupInformation.java:1899) [hadoop-common-3.3.6.jar:?]
	at org.apache.hadoop.ipc.Server$Handler.run(Server.java:3048) [hadoop-common-3.3.6.jar:?]
17:31:24.837 [IPC Server handler 9 on default port 15057] ERROR OMAudit - user=runner | ip=127.0.0.1 | op=GET_FILE_STATUS {volume=volume39856, bucket=bucket94778, key=testBatchDelete/parent, dataSize=0, replicationConfig=null} | ret=FAILURE
org.apache.hadoop.ozone.om.exceptions.OMException: Unable to get file status: volume: volume39856 bucket: bucket94778 key: testBatchDelete/parent
	at org.apache.hadoop.ozone.om.KeyManagerImpl.getOzoneFileStatus(KeyManagerImpl.java:1227) ~[ozone-manager-1.4.0-SNAPSHOT.jar:?]
	at org.apache.hadoop.ozone.om.KeyManagerImpl.getFileStatus(KeyManagerImpl.java:1145) ~[ozone-manager-1.4.0-SNAPSHOT.jar:?]
	at org.apache.hadoop.ozone.om.OmMetadataReader.getFileStatus(OmMetadataReader.java:266) ~[ozone-manager-1.4.0-SNAPSHOT.jar:?]
	at org.apache.hadoop.ozone.om.OzoneManager.getFileStatus(OzoneManager.java:3585) ~[ozone-manager-1.4.0-SNAPSHOT.jar:?]
	at org.apache.hadoop.ozone.protocolPB.OzoneManagerRequestHandler.getOzoneFileStatus(OzoneManagerRequestHandler.java:998) ~[ozone-manager-1.4.0-SNAPSHOT.jar:?]
	at org.apache.hadoop.ozone.protocolPB.OzoneManagerRequestHandler.handleReadRequest(OzoneManagerRequestHandler.java:259) ~[ozone-manager-1.4.0-SNAPSHOT.jar:?]
	at org.apache.hadoop.ozone.protocolPB.OzoneManagerProtocolServerSideTranslatorPB.submitRequestDirectlyToOM(OzoneManagerProtocolServerSideTranslatorPB.java:274) ~[ozone-manager-1.4.0-SNAPSHOT.jar:?]
	at org.apache.hadoop.ozone.protocolPB.OzoneManagerProtocolServerSideTranslatorPB.processRequest(OzoneManagerProtocolServerSideTranslatorPB.java:175) ~[ozone-manager-1.4.0-SNAPSHOT.jar:?]
	at org.apache.hadoop.hdds.server.OzoneProtocolMessageDispatcher.processRequest(OzoneProtocolMessageDispatcher.java:87) [hdds-server-framework-1.4.0-SNAPSHOT.jar:?]
	at org.apache.hadoop.ozone.protocolPB.OzoneManagerProtocolServerSideTranslatorPB.submitRequest(OzoneManagerProtocolServerSideTranslatorPB.java:148) [ozone-manager-1.4.0-SNAPSHOT.jar:?]
	at org.apache.hadoop.ozone.protocol.proto.OzoneManagerProtocolProtos$OzoneManagerService$2.callBlockingMethod(OzoneManagerProtocolProtos.java) [ozone-interface-client-1.4.0-SNAPSHOT.jar:?]
	at org.apache.hadoop.ipc.ProtobufRpcEngine$Server.processCall(ProtobufRpcEngine.java:484) [hadoop-common-3.3.6.jar:?]
	at org.apache.hadoop.ipc.ProtobufRpcEngine2$Server$ProtoBufRpcInvoker.call(ProtobufRpcEngine2.java:595) [hadoop-common-3.3.6.jar:?]
	at org.apache.hadoop.ipc.ProtobufRpcEngine2$Server$ProtoBufRpcInvoker.call(ProtobufRpcEngine2.java:573) [hadoop-common-3.3.6.jar:?]
	at org.apache.hadoop.ipc.RPC$Server.call(RPC.java:1227) [hadoop-common-3.3.6.jar:?]
	at org.apache.hadoop.ipc.Server$RpcCall.run(Server.java:1094) [hadoop-common-3.3.6.jar:?]
	at org.apache.hadoop.ipc.Server$RpcCall.run(Server.java:1017) [hadoop-common-3.3.6.jar:?]
	at java.security.AccessController.doPrivileged(Native Method) ~[?:1.8.0_382]
	at javax.security.auth.Subject.doAs(Subject.java:422) [?:1.8.0_382]
	at org.apache.hadoop.security.UserGroupInformation.doAs(UserGroupInformation.java:1899) [hadoop-common-3.3.6.jar:?]
	at org.apache.hadoop.ipc.Server$Handler.run(Server.java:3048) [hadoop-common-3.3.6.jar:?]
2023-10-04 17:31:24,838 [Time-limited test] WARN  ozone.BasicOzoneFileSystem (BasicOzoneFileSystem.java:delete(607)) - delete: Path does not exist: /testBatchDelete/parent
]]></system-out>
  </testcase>
  <testcase name="testFileDelete" classname="TestOzoneFileSystem" time="0.115">
    <system-out><![CDATA[17:32:35.253 [IPC Server handler 5 on default port 15110] ERROR OMAudit - user=runner | ip=127.0.0.1 | op=GET_FILE_STATUS {volume=volume98659, bucket=bucket57585, key=testBatchDelete, dataSize=0, replicationConfig=null} | ret=FAILURE
org.apache.hadoop.ozone.om.exceptions.OMException: Unable to get file status: volume: volume98659 bucket: bucket57585 key: testBatchDelete
	at org.apache.hadoop.ozone.om.KeyManagerImpl.getOzoneFileStatus(KeyManagerImpl.java:1227) ~[ozone-manager-1.4.0-SNAPSHOT.jar:?]
	at org.apache.hadoop.ozone.om.KeyManagerImpl.getFileStatus(KeyManagerImpl.java:1145) ~[ozone-manager-1.4.0-SNAPSHOT.jar:?]
	at org.apache.hadoop.ozone.om.OmMetadataReader.getFileStatus(OmMetadataReader.java:266) ~[ozone-manager-1.4.0-SNAPSHOT.jar:?]
	at org.apache.hadoop.ozone.om.OzoneManager.getFileStatus(OzoneManager.java:3585) ~[ozone-manager-1.4.0-SNAPSHOT.jar:?]
	at org.apache.hadoop.ozone.protocolPB.OzoneManagerRequestHandler.getOzoneFileStatus(OzoneManagerRequestHandler.java:998) ~[ozone-manager-1.4.0-SNAPSHOT.jar:?]
	at org.apache.hadoop.ozone.protocolPB.OzoneManagerRequestHandler.handleReadRequest(OzoneManagerRequestHandler.java:259) ~[ozone-manager-1.4.0-SNAPSHOT.jar:?]
	at org.apache.hadoop.ozone.protocolPB.OzoneManagerProtocolServerSideTranslatorPB.submitReadRequestToOM(OzoneManagerProtocolServerSideTranslatorPB.java:225) ~[ozone-manager-1.4.0-SNAPSHOT.jar:?]
	at org.apache.hadoop.ozone.protocolPB.OzoneManagerProtocolServerSideTranslatorPB.processRequest(OzoneManagerProtocolServerSideTranslatorPB.java:179) ~[ozone-manager-1.4.0-SNAPSHOT.jar:?]
	at org.apache.hadoop.hdds.server.OzoneProtocolMessageDispatcher.processRequest(OzoneProtocolMessageDispatcher.java:87) [hdds-server-framework-1.4.0-SNAPSHOT.jar:?]
	at org.apache.hadoop.ozone.protocolPB.OzoneManagerProtocolServerSideTranslatorPB.submitRequest(OzoneManagerProtocolServerSideTranslatorPB.java:148) [ozone-manager-1.4.0-SNAPSHOT.jar:?]
	at org.apache.hadoop.ozone.protocol.proto.OzoneManagerProtocolProtos$OzoneManagerService$2.callBlockingMethod(OzoneManagerProtocolProtos.java) [ozone-interface-client-1.4.0-SNAPSHOT.jar:?]
	at org.apache.hadoop.ipc.ProtobufRpcEngine$Server.processCall(ProtobufRpcEngine.java:484) [hadoop-common-3.3.6.jar:?]
	at org.apache.hadoop.ipc.ProtobufRpcEngine2$Server$ProtoBufRpcInvoker.call(ProtobufRpcEngine2.java:595) [hadoop-common-3.3.6.jar:?]
	at org.apache.hadoop.ipc.ProtobufRpcEngine2$Server$ProtoBufRpcInvoker.call(ProtobufRpcEngine2.java:573) [hadoop-common-3.3.6.jar:?]
	at org.apache.hadoop.ipc.RPC$Server.call(RPC.java:1227) [hadoop-common-3.3.6.jar:?]
	at org.apache.hadoop.ipc.Server$RpcCall.run(Server.java:1094) [hadoop-common-3.3.6.jar:?]
	at org.apache.hadoop.ipc.Server$RpcCall.run(Server.java:1017) [hadoop-common-3.3.6.jar:?]
	at java.security.AccessController.doPrivileged(Native Method) ~[?:1.8.0_382]
	at javax.security.auth.Subject.doAs(Subject.java:422) [?:1.8.0_382]
	at org.apache.hadoop.security.UserGroupInformation.doAs(UserGroupInformation.java:1899) [hadoop-common-3.3.6.jar:?]
	at org.apache.hadoop.ipc.Server$Handler.run(Server.java:3048) [hadoop-common-3.3.6.jar:?]
17:32:35.254 [IPC Server handler 7 on default port 15110] ERROR OMAudit - user=runner | ip=127.0.0.1 | op=GET_FILE_STATUS {volume=volume98659, bucket=bucket57585, key=testBatchDelete/parent/child0, dataSize=0, replicationConfig=null} | ret=FAILURE
org.apache.hadoop.ozone.om.exceptions.OMException: Unable to get file status: volume: volume98659 bucket: bucket57585 key: testBatchDelete/parent/child0
	at org.apache.hadoop.ozone.om.KeyManagerImpl.getOzoneFileStatus(KeyManagerImpl.java:1227) ~[ozone-manager-1.4.0-SNAPSHOT.jar:?]
	at org.apache.hadoop.ozone.om.KeyManagerImpl.getFileStatus(KeyManagerImpl.java:1145) ~[ozone-manager-1.4.0-SNAPSHOT.jar:?]
	at org.apache.hadoop.ozone.om.OmMetadataReader.getFileStatus(OmMetadataReader.java:266) ~[ozone-manager-1.4.0-SNAPSHOT.jar:?]
	at org.apache.hadoop.ozone.om.OzoneManager.getFileStatus(OzoneManager.java:3585) ~[ozone-manager-1.4.0-SNAPSHOT.jar:?]
	at org.apache.hadoop.ozone.protocolPB.OzoneManagerRequestHandler.getOzoneFileStatus(OzoneManagerRequestHandler.java:998) ~[ozone-manager-1.4.0-SNAPSHOT.jar:?]
	at org.apache.hadoop.ozone.protocolPB.OzoneManagerRequestHandler.handleReadRequest(OzoneManagerRequestHandler.java:259) ~[ozone-manager-1.4.0-SNAPSHOT.jar:?]
	at org.apache.hadoop.ozone.protocolPB.OzoneManagerProtocolServerSideTranslatorPB.submitReadRequestToOM(OzoneManagerProtocolServerSideTranslatorPB.java:225) ~[ozone-manager-1.4.0-SNAPSHOT.jar:?]
	at org.apache.hadoop.ozone.protocolPB.OzoneManagerProtocolServerSideTranslatorPB.processRequest(OzoneManagerProtocolServerSideTranslatorPB.java:179) ~[ozone-manager-1.4.0-SNAPSHOT.jar:?]
	at org.apache.hadoop.hdds.server.OzoneProtocolMessageDispatcher.processRequest(OzoneProtocolMessageDispatcher.java:87) [hdds-server-framework-1.4.0-SNAPSHOT.jar:?]
	at org.apache.hadoop.ozone.protocolPB.OzoneManagerProtocolServerSideTranslatorPB.submitRequest(OzoneManagerProtocolServerSideTranslatorPB.java:148) [ozone-manager-1.4.0-SNAPSHOT.jar:?]
	at org.apache.hadoop.ozone.protocol.proto.OzoneManagerProtocolProtos$OzoneManagerService$2.callBlockingMethod(OzoneManagerProtocolProtos.java) [ozone-interface-client-1.4.0-SNAPSHOT.jar:?]
	at org.apache.hadoop.ipc.ProtobufRpcEngine$Server.processCall(ProtobufRpcEngine.java:484) [hadoop-common-3.3.6.jar:?]
	at org.apache.hadoop.ipc.ProtobufRpcEngine2$Server$ProtoBufRpcInvoker.call(ProtobufRpcEngine2.java:595) [hadoop-common-3.3.6.jar:?]
	at org.apache.hadoop.ipc.ProtobufRpcEngine2$Server$ProtoBufRpcInvoker.call(ProtobufRpcEngine2.java:573) [hadoop-common-3.3.6.jar:?]
	at org.apache.hadoop.ipc.RPC$Server.call(RPC.java:1227) [hadoop-common-3.3.6.jar:?]
	at org.apache.hadoop.ipc.Server$RpcCall.run(Server.java:1094) [hadoop-common-3.3.6.jar:?]
	at org.apache.hadoop.ipc.Server$RpcCall.run(Server.java:1017) [hadoop-common-3.3.6.jar:?]
	at java.security.AccessController.doPrivileged(Native Method) ~[?:1.8.0_382]
	at javax.security.auth.Subject.doAs(Subject.java:422) [?:1.8.0_382]
	at org.apache.hadoop.security.UserGroupInformation.doAs(UserGroupInformation.java:1899) [hadoop-common-3.3.6.jar:?]
	at org.apache.hadoop.ipc.Server$Handler.run(Server.java:3048) [hadoop-common-3.3.6.jar:?]
17:32:35.255 [IPC Server handler 6 on default port 15110] ERROR OMAudit - user=runner | ip=127.0.0.1 | op=GET_FILE_STATUS {volume=volume98659, bucket=bucket57585, key=testBatchDelete/parent/childFolder/child0, dataSize=0, replicationConfig=null} | ret=FAILURE
org.apache.hadoop.ozone.om.exceptions.OMException: Unable to get file status: volume: volume98659 bucket: bucket57585 key: testBatchDelete/parent/childFolder/child0
	at org.apache.hadoop.ozone.om.KeyManagerImpl.getOzoneFileStatus(KeyManagerImpl.java:1227) ~[ozone-manager-1.4.0-SNAPSHOT.jar:?]
	at org.apache.hadoop.ozone.om.KeyManagerImpl.getFileStatus(KeyManagerImpl.java:1145) ~[ozone-manager-1.4.0-SNAPSHOT.jar:?]
	at org.apache.hadoop.ozone.om.OmMetadataReader.getFileStatus(OmMetadataReader.java:266) ~[ozone-manager-1.4.0-SNAPSHOT.jar:?]
	at org.apache.hadoop.ozone.om.OzoneManager.getFileStatus(OzoneManager.java:3585) ~[ozone-manager-1.4.0-SNAPSHOT.jar:?]
	at org.apache.hadoop.ozone.protocolPB.OzoneManagerRequestHandler.getOzoneFileStatus(OzoneManagerRequestHandler.java:998) ~[ozone-manager-1.4.0-SNAPSHOT.jar:?]
	at org.apache.hadoop.ozone.protocolPB.OzoneManagerRequestHandler.handleReadRequest(OzoneManagerRequestHandler.java:259) ~[ozone-manager-1.4.0-SNAPSHOT.jar:?]
	at org.apache.hadoop.ozone.protocolPB.OzoneManagerProtocolServerSideTranslatorPB.submitReadRequestToOM(OzoneManagerProtocolServerSideTranslatorPB.java:225) ~[ozone-manager-1.4.0-SNAPSHOT.jar:?]
	at org.apache.hadoop.ozone.protocolPB.OzoneManagerProtocolServerSideTranslatorPB.processRequest(OzoneManagerProtocolServerSideTranslatorPB.java:179) ~[ozone-manager-1.4.0-SNAPSHOT.jar:?]
	at org.apache.hadoop.hdds.server.OzoneProtocolMessageDispatcher.processRequest(OzoneProtocolMessageDispatcher.java:87) [hdds-server-framework-1.4.0-SNAPSHOT.jar:?]
	at org.apache.hadoop.ozone.protocolPB.OzoneManagerProtocolServerSideTranslatorPB.submitRequest(OzoneManagerProtocolServerSideTranslatorPB.java:148) [ozone-manager-1.4.0-SNAPSHOT.jar:?]
	at org.apache.hadoop.ozone.protocol.proto.OzoneManagerProtocolProtos$OzoneManagerService$2.callBlockingMethod(OzoneManagerProtocolProtos.java) [ozone-interface-client-1.4.0-SNAPSHOT.jar:?]
	at org.apache.hadoop.ipc.ProtobufRpcEngine$Server.processCall(ProtobufRpcEngine.java:484) [hadoop-common-3.3.6.jar:?]
	at org.apache.hadoop.ipc.ProtobufRpcEngine2$Server$ProtoBufRpcInvoker.call(ProtobufRpcEngine2.java:595) [hadoop-common-3.3.6.jar:?]
	at org.apache.hadoop.ipc.ProtobufRpcEngine2$Server$ProtoBufRpcInvoker.call(ProtobufRpcEngine2.java:573) [hadoop-common-3.3.6.jar:?]
	at org.apache.hadoop.ipc.RPC$Server.call(RPC.java:1227) [hadoop-common-3.3.6.jar:?]
	at org.apache.hadoop.ipc.Server$RpcCall.run(Server.java:1094) [hadoop-common-3.3.6.jar:?]
	at org.apache.hadoop.ipc.Server$RpcCall.run(Server.java:1017) [hadoop-common-3.3.6.jar:?]
	at java.security.AccessController.doPrivileged(Native Method) ~[?:1.8.0_382]
	at javax.security.auth.Subject.doAs(Subject.java:422) [?:1.8.0_382]
	at org.apache.hadoop.security.UserGroupInformation.doAs(UserGroupInformation.java:1899) [hadoop-common-3.3.6.jar:?]
	at org.apache.hadoop.ipc.Server$Handler.run(Server.java:3048) [hadoop-common-3.3.6.jar:?]
17:32:35.256 [IPC Server handler 8 on default port 15110] ERROR OMAudit - user=runner | ip=127.0.0.1 | op=GET_FILE_STATUS {volume=volume98659, bucket=bucket57585, key=testBatchDelete/parent/child1, dataSize=0, replicationConfig=null} | ret=FAILURE
org.apache.hadoop.ozone.om.exceptions.OMException: Unable to get file status: volume: volume98659 bucket: bucket57585 key: testBatchDelete/parent/child1
	at org.apache.hadoop.ozone.om.KeyManagerImpl.getOzoneFileStatus(KeyManagerImpl.java:1227) ~[ozone-manager-1.4.0-SNAPSHOT.jar:?]
	at org.apache.hadoop.ozone.om.KeyManagerImpl.getFileStatus(KeyManagerImpl.java:1145) ~[ozone-manager-1.4.0-SNAPSHOT.jar:?]
	at org.apache.hadoop.ozone.om.OmMetadataReader.getFileStatus(OmMetadataReader.java:266) ~[ozone-manager-1.4.0-SNAPSHOT.jar:?]
	at org.apache.hadoop.ozone.om.OzoneManager.getFileStatus(OzoneManager.java:3585) ~[ozone-manager-1.4.0-SNAPSHOT.jar:?]
	at org.apache.hadoop.ozone.protocolPB.OzoneManagerRequestHandler.getOzoneFileStatus(OzoneManagerRequestHandler.java:998) ~[ozone-manager-1.4.0-SNAPSHOT.jar:?]
	at org.apache.hadoop.ozone.protocolPB.OzoneManagerRequestHandler.handleReadRequest(OzoneManagerRequestHandler.java:259) ~[ozone-manager-1.4.0-SNAPSHOT.jar:?]
	at org.apache.hadoop.ozone.protocolPB.OzoneManagerProtocolServerSideTranslatorPB.submitReadRequestToOM(OzoneManagerProtocolServerSideTranslatorPB.java:225) ~[ozone-manager-1.4.0-SNAPSHOT.jar:?]
	at org.apache.hadoop.ozone.protocolPB.OzoneManagerProtocolServerSideTranslatorPB.processRequest(OzoneManagerProtocolServerSideTranslatorPB.java:179) ~[ozone-manager-1.4.0-SNAPSHOT.jar:?]
	at org.apache.hadoop.hdds.server.OzoneProtocolMessageDispatcher.processRequest(OzoneProtocolMessageDispatcher.java:87) [hdds-server-framework-1.4.0-SNAPSHOT.jar:?]
	at org.apache.hadoop.ozone.protocolPB.OzoneManagerProtocolServerSideTranslatorPB.submitRequest(OzoneManagerProtocolServerSideTranslatorPB.java:148) [ozone-manager-1.4.0-SNAPSHOT.jar:?]
	at org.apache.hadoop.ozone.protocol.proto.OzoneManagerProtocolProtos$OzoneManagerService$2.callBlockingMethod(OzoneManagerProtocolProtos.java) [ozone-interface-client-1.4.0-SNAPSHOT.jar:?]
	at org.apache.hadoop.ipc.ProtobufRpcEngine$Server.processCall(ProtobufRpcEngine.java:484) [hadoop-common-3.3.6.jar:?]
	at org.apache.hadoop.ipc.ProtobufRpcEngine2$Server$ProtoBufRpcInvoker.call(ProtobufRpcEngine2.java:595) [hadoop-common-3.3.6.jar:?]
	at org.apache.hadoop.ipc.ProtobufRpcEngine2$Server$ProtoBufRpcInvoker.call(ProtobufRpcEngine2.java:573) [hadoop-common-3.3.6.jar:?]
	at org.apache.hadoop.ipc.RPC$Server.call(RPC.java:1227) [hadoop-common-3.3.6.jar:?]
	at org.apache.hadoop.ipc.Server$RpcCall.run(Server.java:1094) [hadoop-common-3.3.6.jar:?]
	at org.apache.hadoop.ipc.Server$RpcCall.run(Server.java:1017) [hadoop-common-3.3.6.jar:?]
	at java.security.AccessController.doPrivileged(Native Method) ~[?:1.8.0_382]
	at javax.security.auth.Subject.doAs(Subject.java:422) [?:1.8.0_382]
	at org.apache.hadoop.security.UserGroupInformation.doAs(UserGroupInformation.java:1899) [hadoop-common-3.3.6.jar:?]
	at org.apache.hadoop.ipc.Server$Handler.run(Server.java:3048) [hadoop-common-3.3.6.jar:?]
17:32:35.257 [IPC Server handler 9 on default port 15110] ERROR OMAudit - user=runner | ip=127.0.0.1 | op=GET_FILE_STATUS {volume=volume98659, bucket=bucket57585, key=testBatchDelete/parent/childFolder/child1, dataSize=0, replicationConfig=null} | ret=FAILURE
org.apache.hadoop.ozone.om.exceptions.OMException: Unable to get file status: volume: volume98659 bucket: bucket57585 key: testBatchDelete/parent/childFolder/child1
	at org.apache.hadoop.ozone.om.KeyManagerImpl.getOzoneFileStatus(KeyManagerImpl.java:1227) ~[ozone-manager-1.4.0-SNAPSHOT.jar:?]
	at org.apache.hadoop.ozone.om.KeyManagerImpl.getFileStatus(KeyManagerImpl.java:1145) ~[ozone-manager-1.4.0-SNAPSHOT.jar:?]
	at org.apache.hadoop.ozone.om.OmMetadataReader.getFileStatus(OmMetadataReader.java:266) ~[ozone-manager-1.4.0-SNAPSHOT.jar:?]
	at org.apache.hadoop.ozone.om.OzoneManager.getFileStatus(OzoneManager.java:3585) ~[ozone-manager-1.4.0-SNAPSHOT.jar:?]
	at org.apache.hadoop.ozone.protocolPB.OzoneManagerRequestHandler.getOzoneFileStatus(OzoneManagerRequestHandler.java:998) ~[ozone-manager-1.4.0-SNAPSHOT.jar:?]
	at org.apache.hadoop.ozone.protocolPB.OzoneManagerRequestHandler.handleReadRequest(OzoneManagerRequestHandler.java:259) ~[ozone-manager-1.4.0-SNAPSHOT.jar:?]
	at org.apache.hadoop.ozone.protocolPB.OzoneManagerProtocolServerSideTranslatorPB.submitReadRequestToOM(OzoneManagerProtocolServerSideTranslatorPB.java:225) ~[ozone-manager-1.4.0-SNAPSHOT.jar:?]
	at org.apache.hadoop.ozone.protocolPB.OzoneManagerProtocolServerSideTranslatorPB.processRequest(OzoneManagerProtocolServerSideTranslatorPB.java:179) ~[ozone-manager-1.4.0-SNAPSHOT.jar:?]
	at org.apache.hadoop.hdds.server.OzoneProtocolMessageDispatcher.processRequest(OzoneProtocolMessageDispatcher.java:87) [hdds-server-framework-1.4.0-SNAPSHOT.jar:?]
	at org.apache.hadoop.ozone.protocolPB.OzoneManagerProtocolServerSideTranslatorPB.submitRequest(OzoneManagerProtocolServerSideTranslatorPB.java:148) [ozone-manager-1.4.0-SNAPSHOT.jar:?]
	at org.apache.hadoop.ozone.protocol.proto.OzoneManagerProtocolProtos$OzoneManagerService$2.callBlockingMethod(OzoneManagerProtocolProtos.java) [ozone-interface-client-1.4.0-SNAPSHOT.jar:?]
	at org.apache.hadoop.ipc.ProtobufRpcEngine$Server.processCall(ProtobufRpcEngine.java:484) [hadoop-common-3.3.6.jar:?]
	at org.apache.hadoop.ipc.ProtobufRpcEngine2$Server$ProtoBufRpcInvoker.call(ProtobufRpcEngine2.java:595) [hadoop-common-3.3.6.jar:?]
	at org.apache.hadoop.ipc.ProtobufRpcEngine2$Server$ProtoBufRpcInvoker.call(ProtobufRpcEngine2.java:573) [hadoop-common-3.3.6.jar:?]
	at org.apache.hadoop.ipc.RPC$Server.call(RPC.java:1227) [hadoop-common-3.3.6.jar:?]
	at org.apache.hadoop.ipc.Server$RpcCall.run(Server.java:1094) [hadoop-common-3.3.6.jar:?]
	at org.apache.hadoop.ipc.Server$RpcCall.run(Server.java:1017) [hadoop-common-3.3.6.jar:?]
	at java.security.AccessController.doPrivileged(Native Method) ~[?:1.8.0_382]
	at javax.security.auth.Subject.doAs(Subject.java:422) [?:1.8.0_382]
	at org.apache.hadoop.security.UserGroupInformation.doAs(UserGroupInformation.java:1899) [hadoop-common-3.3.6.jar:?]
	at org.apache.hadoop.ipc.Server$Handler.run(Server.java:3048) [hadoop-common-3.3.6.jar:?]
17:32:35.258 [IPC Server handler 10 on default port 15110] ERROR OMAudit - user=runner | ip=127.0.0.1 | op=GET_FILE_STATUS {volume=volume98659, bucket=bucket57585, key=testBatchDelete/parent/child2, dataSize=0, replicationConfig=null} | ret=FAILURE
org.apache.hadoop.ozone.om.exceptions.OMException: Unable to get file status: volume: volume98659 bucket: bucket57585 key: testBatchDelete/parent/child2
	at org.apache.hadoop.ozone.om.KeyManagerImpl.getOzoneFileStatus(KeyManagerImpl.java:1227) ~[ozone-manager-1.4.0-SNAPSHOT.jar:?]
	at org.apache.hadoop.ozone.om.KeyManagerImpl.getFileStatus(KeyManagerImpl.java:1145) ~[ozone-manager-1.4.0-SNAPSHOT.jar:?]
	at org.apache.hadoop.ozone.om.OmMetadataReader.getFileStatus(OmMetadataReader.java:266) ~[ozone-manager-1.4.0-SNAPSHOT.jar:?]
	at org.apache.hadoop.ozone.om.OzoneManager.getFileStatus(OzoneManager.java:3585) ~[ozone-manager-1.4.0-SNAPSHOT.jar:?]
	at org.apache.hadoop.ozone.protocolPB.OzoneManagerRequestHandler.getOzoneFileStatus(OzoneManagerRequestHandler.java:998) ~[ozone-manager-1.4.0-SNAPSHOT.jar:?]
	at org.apache.hadoop.ozone.protocolPB.OzoneManagerRequestHandler.handleReadRequest(OzoneManagerRequestHandler.java:259) ~[ozone-manager-1.4.0-SNAPSHOT.jar:?]
	at org.apache.hadoop.ozone.protocolPB.OzoneManagerProtocolServerSideTranslatorPB.submitReadRequestToOM(OzoneManagerProtocolServerSideTranslatorPB.java:225) ~[ozone-manager-1.4.0-SNAPSHOT.jar:?]
	at org.apache.hadoop.ozone.protocolPB.OzoneManagerProtocolServerSideTranslatorPB.processRequest(OzoneManagerProtocolServerSideTranslatorPB.java:179) ~[ozone-manager-1.4.0-SNAPSHOT.jar:?]
	at org.apache.hadoop.hdds.server.OzoneProtocolMessageDispatcher.processRequest(OzoneProtocolMessageDispatcher.java:87) [hdds-server-framework-1.4.0-SNAPSHOT.jar:?]
	at org.apache.hadoop.ozone.protocolPB.OzoneManagerProtocolServerSideTranslatorPB.submitRequest(OzoneManagerProtocolServerSideTranslatorPB.java:148) [ozone-manager-1.4.0-SNAPSHOT.jar:?]
	at org.apache.hadoop.ozone.protocol.proto.OzoneManagerProtocolProtos$OzoneManagerService$2.callBlockingMethod(OzoneManagerProtocolProtos.java) [ozone-interface-client-1.4.0-SNAPSHOT.jar:?]
	at org.apache.hadoop.ipc.ProtobufRpcEngine$Server.processCall(ProtobufRpcEngine.java:484) [hadoop-common-3.3.6.jar:?]
	at org.apache.hadoop.ipc.ProtobufRpcEngine2$Server$ProtoBufRpcInvoker.call(ProtobufRpcEngine2.java:595) [hadoop-common-3.3.6.jar:?]
	at org.apache.hadoop.ipc.ProtobufRpcEngine2$Server$ProtoBufRpcInvoker.call(ProtobufRpcEngine2.java:573) [hadoop-common-3.3.6.jar:?]
	at org.apache.hadoop.ipc.RPC$Server.call(RPC.java:1227) [hadoop-common-3.3.6.jar:?]
	at org.apache.hadoop.ipc.Server$RpcCall.run(Server.java:1094) [hadoop-common-3.3.6.jar:?]
	at org.apache.hadoop.ipc.Server$RpcCall.run(Server.java:1017) [hadoop-common-3.3.6.jar:?]
	at java.security.AccessController.doPrivileged(Native Method) ~[?:1.8.0_382]
	at javax.security.auth.Subject.doAs(Subject.java:422) [?:1.8.0_382]
	at org.apache.hadoop.security.UserGroupInformation.doAs(UserGroupInformation.java:1899) [hadoop-common-3.3.6.jar:?]
	at org.apache.hadoop.ipc.Server$Handler.run(Server.java:3048) [hadoop-common-3.3.6.jar:?]
17:32:35.258 [IPC Server handler 12 on default port 15110] ERROR OMAudit - user=runner | ip=127.0.0.1 | op=GET_FILE_STATUS {volume=volume98659, bucket=bucket57585, key=testBatchDelete/parent/childFolder/child2, dataSize=0, replicationConfig=null} | ret=FAILURE
org.apache.hadoop.ozone.om.exceptions.OMException: Unable to get file status: volume: volume98659 bucket: bucket57585 key: testBatchDelete/parent/childFolder/child2
	at org.apache.hadoop.ozone.om.KeyManagerImpl.getOzoneFileStatus(KeyManagerImpl.java:1227) ~[ozone-manager-1.4.0-SNAPSHOT.jar:?]
	at org.apache.hadoop.ozone.om.KeyManagerImpl.getFileStatus(KeyManagerImpl.java:1145) ~[ozone-manager-1.4.0-SNAPSHOT.jar:?]
	at org.apache.hadoop.ozone.om.OmMetadataReader.getFileStatus(OmMetadataReader.java:266) ~[ozone-manager-1.4.0-SNAPSHOT.jar:?]
	at org.apache.hadoop.ozone.om.OzoneManager.getFileStatus(OzoneManager.java:3585) ~[ozone-manager-1.4.0-SNAPSHOT.jar:?]
	at org.apache.hadoop.ozone.protocolPB.OzoneManagerRequestHandler.getOzoneFileStatus(OzoneManagerRequestHandler.java:998) ~[ozone-manager-1.4.0-SNAPSHOT.jar:?]
	at org.apache.hadoop.ozone.protocolPB.OzoneManagerRequestHandler.handleReadRequest(OzoneManagerRequestHandler.java:259) ~[ozone-manager-1.4.0-SNAPSHOT.jar:?]
	at org.apache.hadoop.ozone.protocolPB.OzoneManagerProtocolServerSideTranslatorPB.submitReadRequestToOM(OzoneManagerProtocolServerSideTranslatorPB.java:225) ~[ozone-manager-1.4.0-SNAPSHOT.jar:?]
	at org.apache.hadoop.ozone.protocolPB.OzoneManagerProtocolServerSideTranslatorPB.processRequest(OzoneManagerProtocolServerSideTranslatorPB.java:179) ~[ozone-manager-1.4.0-SNAPSHOT.jar:?]
	at org.apache.hadoop.hdds.server.OzoneProtocolMessageDispatcher.processRequest(OzoneProtocolMessageDispatcher.java:87) [hdds-server-framework-1.4.0-SNAPSHOT.jar:?]
	at org.apache.hadoop.ozone.protocolPB.OzoneManagerProtocolServerSideTranslatorPB.submitRequest(OzoneManagerProtocolServerSideTranslatorPB.java:148) [ozone-manager-1.4.0-SNAPSHOT.jar:?]
	at org.apache.hadoop.ozone.protocol.proto.OzoneManagerProtocolProtos$OzoneManagerService$2.callBlockingMethod(OzoneManagerProtocolProtos.java) [ozone-interface-client-1.4.0-SNAPSHOT.jar:?]
	at org.apache.hadoop.ipc.ProtobufRpcEngine$Server.processCall(ProtobufRpcEngine.java:484) [hadoop-common-3.3.6.jar:?]
	at org.apache.hadoop.ipc.ProtobufRpcEngine2$Server$ProtoBufRpcInvoker.call(ProtobufRpcEngine2.java:595) [hadoop-common-3.3.6.jar:?]
	at org.apache.hadoop.ipc.ProtobufRpcEngine2$Server$ProtoBufRpcInvoker.call(ProtobufRpcEngine2.java:573) [hadoop-common-3.3.6.jar:?]
	at org.apache.hadoop.ipc.RPC$Server.call(RPC.java:1227) [hadoop-common-3.3.6.jar:?]
	at org.apache.hadoop.ipc.Server$RpcCall.run(Server.java:1094) [hadoop-common-3.3.6.jar:?]
	at org.apache.hadoop.ipc.Server$RpcCall.run(Server.java:1017) [hadoop-common-3.3.6.jar:?]
	at java.security.AccessController.doPrivileged(Native Method) ~[?:1.8.0_382]
	at javax.security.auth.Subject.doAs(Subject.java:422) [?:1.8.0_382]
	at org.apache.hadoop.security.UserGroupInformation.doAs(UserGroupInformation.java:1899) [hadoop-common-3.3.6.jar:?]
	at org.apache.hadoop.ipc.Server$Handler.run(Server.java:3048) [hadoop-common-3.3.6.jar:?]
17:32:35.259 [IPC Server handler 14 on default port 15110] ERROR OMAudit - user=runner | ip=127.0.0.1 | op=GET_FILE_STATUS {volume=volume98659, bucket=bucket57585, key=testBatchDelete/parent/child3, dataSize=0, replicationConfig=null} | ret=FAILURE
org.apache.hadoop.ozone.om.exceptions.OMException: Unable to get file status: volume: volume98659 bucket: bucket57585 key: testBatchDelete/parent/child3
	at org.apache.hadoop.ozone.om.KeyManagerImpl.getOzoneFileStatus(KeyManagerImpl.java:1227) ~[ozone-manager-1.4.0-SNAPSHOT.jar:?]
	at org.apache.hadoop.ozone.om.KeyManagerImpl.getFileStatus(KeyManagerImpl.java:1145) ~[ozone-manager-1.4.0-SNAPSHOT.jar:?]
	at org.apache.hadoop.ozone.om.OmMetadataReader.getFileStatus(OmMetadataReader.java:266) ~[ozone-manager-1.4.0-SNAPSHOT.jar:?]
	at org.apache.hadoop.ozone.om.OzoneManager.getFileStatus(OzoneManager.java:3585) ~[ozone-manager-1.4.0-SNAPSHOT.jar:?]
	at org.apache.hadoop.ozone.protocolPB.OzoneManagerRequestHandler.getOzoneFileStatus(OzoneManagerRequestHandler.java:998) ~[ozone-manager-1.4.0-SNAPSHOT.jar:?]
	at org.apache.hadoop.ozone.protocolPB.OzoneManagerRequestHandler.handleReadRequest(OzoneManagerRequestHandler.java:259) ~[ozone-manager-1.4.0-SNAPSHOT.jar:?]
	at org.apache.hadoop.ozone.protocolPB.OzoneManagerProtocolServerSideTranslatorPB.submitReadRequestToOM(OzoneManagerProtocolServerSideTranslatorPB.java:225) ~[ozone-manager-1.4.0-SNAPSHOT.jar:?]
	at org.apache.hadoop.ozone.protocolPB.OzoneManagerProtocolServerSideTranslatorPB.processRequest(OzoneManagerProtocolServerSideTranslatorPB.java:179) ~[ozone-manager-1.4.0-SNAPSHOT.jar:?]
	at org.apache.hadoop.hdds.server.OzoneProtocolMessageDispatcher.processRequest(OzoneProtocolMessageDispatcher.java:87) [hdds-server-framework-1.4.0-SNAPSHOT.jar:?]
	at org.apache.hadoop.ozone.protocolPB.OzoneManagerProtocolServerSideTranslatorPB.submitRequest(OzoneManagerProtocolServerSideTranslatorPB.java:148) [ozone-manager-1.4.0-SNAPSHOT.jar:?]
	at org.apache.hadoop.ozone.protocol.proto.OzoneManagerProtocolProtos$OzoneManagerService$2.callBlockingMethod(OzoneManagerProtocolProtos.java) [ozone-interface-client-1.4.0-SNAPSHOT.jar:?]
	at org.apache.hadoop.ipc.ProtobufRpcEngine$Server.processCall(ProtobufRpcEngine.java:484) [hadoop-common-3.3.6.jar:?]
	at org.apache.hadoop.ipc.ProtobufRpcEngine2$Server$ProtoBufRpcInvoker.call(ProtobufRpcEngine2.java:595) [hadoop-common-3.3.6.jar:?]
	at org.apache.hadoop.ipc.ProtobufRpcEngine2$Server$ProtoBufRpcInvoker.call(ProtobufRpcEngine2.java:573) [hadoop-common-3.3.6.jar:?]
	at org.apache.hadoop.ipc.RPC$Server.call(RPC.java:1227) [hadoop-common-3.3.6.jar:?]
	at org.apache.hadoop.ipc.Server$RpcCall.run(Server.java:1094) [hadoop-common-3.3.6.jar:?]
	at org.apache.hadoop.ipc.Server$RpcCall.run(Server.java:1017) [hadoop-common-3.3.6.jar:?]
	at java.security.AccessController.doPrivileged(Native Method) ~[?:1.8.0_382]
	at javax.security.auth.Subject.doAs(Subject.java:422) [?:1.8.0_382]
	at org.apache.hadoop.security.UserGroupInformation.doAs(UserGroupInformation.java:1899) [hadoop-common-3.3.6.jar:?]
	at org.apache.hadoop.ipc.Server$Handler.run(Server.java:3048) [hadoop-common-3.3.6.jar:?]
17:32:35.260 [IPC Server handler 16 on default port 15110] ERROR OMAudit - user=runner | ip=127.0.0.1 | op=GET_FILE_STATUS {volume=volume98659, bucket=bucket57585, key=testBatchDelete/parent/childFolder/child3, dataSize=0, replicationConfig=null} | ret=FAILURE
org.apache.hadoop.ozone.om.exceptions.OMException: Unable to get file status: volume: volume98659 bucket: bucket57585 key: testBatchDelete/parent/childFolder/child3
	at org.apache.hadoop.ozone.om.KeyManagerImpl.getOzoneFileStatus(KeyManagerImpl.java:1227) ~[ozone-manager-1.4.0-SNAPSHOT.jar:?]
	at org.apache.hadoop.ozone.om.KeyManagerImpl.getFileStatus(KeyManagerImpl.java:1145) ~[ozone-manager-1.4.0-SNAPSHOT.jar:?]
	at org.apache.hadoop.ozone.om.OmMetadataReader.getFileStatus(OmMetadataReader.java:266) ~[ozone-manager-1.4.0-SNAPSHOT.jar:?]
	at org.apache.hadoop.ozone.om.OzoneManager.getFileStatus(OzoneManager.java:3585) ~[ozone-manager-1.4.0-SNAPSHOT.jar:?]
	at org.apache.hadoop.ozone.protocolPB.OzoneManagerRequestHandler.getOzoneFileStatus(OzoneManagerRequestHandler.java:998) ~[ozone-manager-1.4.0-SNAPSHOT.jar:?]
	at org.apache.hadoop.ozone.protocolPB.OzoneManagerRequestHandler.handleReadRequest(OzoneManagerRequestHandler.java:259) ~[ozone-manager-1.4.0-SNAPSHOT.jar:?]
	at org.apache.hadoop.ozone.protocolPB.OzoneManagerProtocolServerSideTranslatorPB.submitReadRequestToOM(OzoneManagerProtocolServerSideTranslatorPB.java:225) ~[ozone-manager-1.4.0-SNAPSHOT.jar:?]
	at org.apache.hadoop.ozone.protocolPB.OzoneManagerProtocolServerSideTranslatorPB.processRequest(OzoneManagerProtocolServerSideTranslatorPB.java:179) ~[ozone-manager-1.4.0-SNAPSHOT.jar:?]
	at org.apache.hadoop.hdds.server.OzoneProtocolMessageDispatcher.processRequest(OzoneProtocolMessageDispatcher.java:87) [hdds-server-framework-1.4.0-SNAPSHOT.jar:?]
	at org.apache.hadoop.ozone.protocolPB.OzoneManagerProtocolServerSideTranslatorPB.submitRequest(OzoneManagerProtocolServerSideTranslatorPB.java:148) [ozone-manager-1.4.0-SNAPSHOT.jar:?]
	at org.apache.hadoop.ozone.protocol.proto.OzoneManagerProtocolProtos$OzoneManagerService$2.callBlockingMethod(OzoneManagerProtocolProtos.java) [ozone-interface-client-1.4.0-SNAPSHOT.jar:?]
	at org.apache.hadoop.ipc.ProtobufRpcEngine$Server.processCall(ProtobufRpcEngine.java:484) [hadoop-common-3.3.6.jar:?]
	at org.apache.hadoop.ipc.ProtobufRpcEngine2$Server$ProtoBufRpcInvoker.call(ProtobufRpcEngine2.java:595) [hadoop-common-3.3.6.jar:?]
	at org.apache.hadoop.ipc.ProtobufRpcEngine2$Server$ProtoBufRpcInvoker.call(ProtobufRpcEngine2.java:573) [hadoop-common-3.3.6.jar:?]
	at org.apache.hadoop.ipc.RPC$Server.call(RPC.java:1227) [hadoop-common-3.3.6.jar:?]
	at org.apache.hadoop.ipc.Server$RpcCall.run(Server.java:1094) [hadoop-common-3.3.6.jar:?]
	at org.apache.hadoop.ipc.Server$RpcCall.run(Server.java:1017) [hadoop-common-3.3.6.jar:?]
	at java.security.AccessController.doPrivileged(Native Method) ~[?:1.8.0_382]
	at javax.security.auth.Subject.doAs(Subject.java:422) [?:1.8.0_382]
	at org.apache.hadoop.security.UserGroupInformation.doAs(UserGroupInformation.java:1899) [hadoop-common-3.3.6.jar:?]
	at org.apache.hadoop.ipc.Server$Handler.run(Server.java:3048) [hadoop-common-3.3.6.jar:?]
17:32:35.261 [IPC Server handler 18 on default port 15110] ERROR OMAudit - user=runner | ip=127.0.0.1 | op=GET_FILE_STATUS {volume=volume98659, bucket=bucket57585, key=testBatchDelete/parent/child4, dataSize=0, replicationConfig=null} | ret=FAILURE
org.apache.hadoop.ozone.om.exceptions.OMException: Unable to get file status: volume: volume98659 bucket: bucket57585 key: testBatchDelete/parent/child4
	at org.apache.hadoop.ozone.om.KeyManagerImpl.getOzoneFileStatus(KeyManagerImpl.java:1227) ~[ozone-manager-1.4.0-SNAPSHOT.jar:?]
	at org.apache.hadoop.ozone.om.KeyManagerImpl.getFileStatus(KeyManagerImpl.java:1145) ~[ozone-manager-1.4.0-SNAPSHOT.jar:?]
	at org.apache.hadoop.ozone.om.OmMetadataReader.getFileStatus(OmMetadataReader.java:266) ~[ozone-manager-1.4.0-SNAPSHOT.jar:?]
	at org.apache.hadoop.ozone.om.OzoneManager.getFileStatus(OzoneManager.java:3585) ~[ozone-manager-1.4.0-SNAPSHOT.jar:?]
	at org.apache.hadoop.ozone.protocolPB.OzoneManagerRequestHandler.getOzoneFileStatus(OzoneManagerRequestHandler.java:998) ~[ozone-manager-1.4.0-SNAPSHOT.jar:?]
	at org.apache.hadoop.ozone.protocolPB.OzoneManagerRequestHandler.handleReadRequest(OzoneManagerRequestHandler.java:259) ~[ozone-manager-1.4.0-SNAPSHOT.jar:?]
	at org.apache.hadoop.ozone.protocolPB.OzoneManagerProtocolServerSideTranslatorPB.submitReadRequestToOM(OzoneManagerProtocolServerSideTranslatorPB.java:225) ~[ozone-manager-1.4.0-SNAPSHOT.jar:?]
	at org.apache.hadoop.ozone.protocolPB.OzoneManagerProtocolServerSideTranslatorPB.processRequest(OzoneManagerProtocolServerSideTranslatorPB.java:179) ~[ozone-manager-1.4.0-SNAPSHOT.jar:?]
	at org.apache.hadoop.hdds.server.OzoneProtocolMessageDispatcher.processRequest(OzoneProtocolMessageDispatcher.java:87) [hdds-server-framework-1.4.0-SNAPSHOT.jar:?]
	at org.apache.hadoop.ozone.protocolPB.OzoneManagerProtocolServerSideTranslatorPB.submitRequest(OzoneManagerProtocolServerSideTranslatorPB.java:148) [ozone-manager-1.4.0-SNAPSHOT.jar:?]
	at org.apache.hadoop.ozone.protocol.proto.OzoneManagerProtocolProtos$OzoneManagerService$2.callBlockingMethod(OzoneManagerProtocolProtos.java) [ozone-interface-client-1.4.0-SNAPSHOT.jar:?]
	at org.apache.hadoop.ipc.ProtobufRpcEngine$Server.processCall(ProtobufRpcEngine.java:484) [hadoop-common-3.3.6.jar:?]
	at org.apache.hadoop.ipc.ProtobufRpcEngine2$Server$ProtoBufRpcInvoker.call(ProtobufRpcEngine2.java:595) [hadoop-common-3.3.6.jar:?]
	at org.apache.hadoop.ipc.ProtobufRpcEngine2$Server$ProtoBufRpcInvoker.call(ProtobufRpcEngine2.java:573) [hadoop-common-3.3.6.jar:?]
	at org.apache.hadoop.ipc.RPC$Server.call(RPC.java:1227) [hadoop-common-3.3.6.jar:?]
	at org.apache.hadoop.ipc.Server$RpcCall.run(Server.java:1094) [hadoop-common-3.3.6.jar:?]
	at org.apache.hadoop.ipc.Server$RpcCall.run(Server.java:1017) [hadoop-common-3.3.6.jar:?]
	at java.security.AccessController.doPrivileged(Native Method) ~[?:1.8.0_382]
	at javax.security.auth.Subject.doAs(Subject.java:422) [?:1.8.0_382]
	at org.apache.hadoop.security.UserGroupInformation.doAs(UserGroupInformation.java:1899) [hadoop-common-3.3.6.jar:?]
	at org.apache.hadoop.ipc.Server$Handler.run(Server.java:3048) [hadoop-common-3.3.6.jar:?]
17:32:35.262 [IPC Server handler 11 on default port 15110] ERROR OMAudit - user=runner | ip=127.0.0.1 | op=GET_FILE_STATUS {volume=volume98659, bucket=bucket57585, key=testBatchDelete/parent/childFolder/child4, dataSize=0, replicationConfig=null} | ret=FAILURE
org.apache.hadoop.ozone.om.exceptions.OMException: Unable to get file status: volume: volume98659 bucket: bucket57585 key: testBatchDelete/parent/childFolder/child4
	at org.apache.hadoop.ozone.om.KeyManagerImpl.getOzoneFileStatus(KeyManagerImpl.java:1227) ~[ozone-manager-1.4.0-SNAPSHOT.jar:?]
	at org.apache.hadoop.ozone.om.KeyManagerImpl.getFileStatus(KeyManagerImpl.java:1145) ~[ozone-manager-1.4.0-SNAPSHOT.jar:?]
	at org.apache.hadoop.ozone.om.OmMetadataReader.getFileStatus(OmMetadataReader.java:266) ~[ozone-manager-1.4.0-SNAPSHOT.jar:?]
	at org.apache.hadoop.ozone.om.OzoneManager.getFileStatus(OzoneManager.java:3585) ~[ozone-manager-1.4.0-SNAPSHOT.jar:?]
	at org.apache.hadoop.ozone.protocolPB.OzoneManagerRequestHandler.getOzoneFileStatus(OzoneManagerRequestHandler.java:998) ~[ozone-manager-1.4.0-SNAPSHOT.jar:?]
	at org.apache.hadoop.ozone.protocolPB.OzoneManagerRequestHandler.handleReadRequest(OzoneManagerRequestHandler.java:259) ~[ozone-manager-1.4.0-SNAPSHOT.jar:?]
	at org.apache.hadoop.ozone.protocolPB.OzoneManagerProtocolServerSideTranslatorPB.submitReadRequestToOM(OzoneManagerProtocolServerSideTranslatorPB.java:225) ~[ozone-manager-1.4.0-SNAPSHOT.jar:?]
	at org.apache.hadoop.ozone.protocolPB.OzoneManagerProtocolServerSideTranslatorPB.processRequest(OzoneManagerProtocolServerSideTranslatorPB.java:179) ~[ozone-manager-1.4.0-SNAPSHOT.jar:?]
	at org.apache.hadoop.hdds.server.OzoneProtocolMessageDispatcher.processRequest(OzoneProtocolMessageDispatcher.java:87) [hdds-server-framework-1.4.0-SNAPSHOT.jar:?]
	at org.apache.hadoop.ozone.protocolPB.OzoneManagerProtocolServerSideTranslatorPB.submitRequest(OzoneManagerProtocolServerSideTranslatorPB.java:148) [ozone-manager-1.4.0-SNAPSHOT.jar:?]
	at org.apache.hadoop.ozone.protocol.proto.OzoneManagerProtocolProtos$OzoneManagerService$2.callBlockingMethod(OzoneManagerProtocolProtos.java) [ozone-interface-client-1.4.0-SNAPSHOT.jar:?]
	at org.apache.hadoop.ipc.ProtobufRpcEngine$Server.processCall(ProtobufRpcEngine.java:484) [hadoop-common-3.3.6.jar:?]
	at org.apache.hadoop.ipc.ProtobufRpcEngine2$Server$ProtoBufRpcInvoker.call(ProtobufRpcEngine2.java:595) [hadoop-common-3.3.6.jar:?]
	at org.apache.hadoop.ipc.ProtobufRpcEngine2$Server$ProtoBufRpcInvoker.call(ProtobufRpcEngine2.java:573) [hadoop-common-3.3.6.jar:?]
	at org.apache.hadoop.ipc.RPC$Server.call(RPC.java:1227) [hadoop-common-3.3.6.jar:?]
	at org.apache.hadoop.ipc.Server$RpcCall.run(Server.java:1094) [hadoop-common-3.3.6.jar:?]
	at org.apache.hadoop.ipc.Server$RpcCall.run(Server.java:1017) [hadoop-common-3.3.6.jar:?]
	at java.security.AccessController.doPrivileged(Native Method) ~[?:1.8.0_382]
	at javax.security.auth.Subject.doAs(Subject.java:422) [?:1.8.0_382]
	at org.apache.hadoop.security.UserGroupInformation.doAs(UserGroupInformation.java:1899) [hadoop-common-3.3.6.jar:?]
	at org.apache.hadoop.ipc.Server$Handler.run(Server.java:3048) [hadoop-common-3.3.6.jar:?]
17:32:35.263 [IPC Server handler 15 on default port 15110] ERROR OMAudit - user=runner | ip=127.0.0.1 | op=GET_FILE_STATUS {volume=volume98659, bucket=bucket57585, key=testBatchDelete/parent/child5, dataSize=0, replicationConfig=null} | ret=FAILURE
org.apache.hadoop.ozone.om.exceptions.OMException: Unable to get file status: volume: volume98659 bucket: bucket57585 key: testBatchDelete/parent/child5
	at org.apache.hadoop.ozone.om.KeyManagerImpl.getOzoneFileStatus(KeyManagerImpl.java:1227) ~[ozone-manager-1.4.0-SNAPSHOT.jar:?]
	at org.apache.hadoop.ozone.om.KeyManagerImpl.getFileStatus(KeyManagerImpl.java:1145) ~[ozone-manager-1.4.0-SNAPSHOT.jar:?]
	at org.apache.hadoop.ozone.om.OmMetadataReader.getFileStatus(OmMetadataReader.java:266) ~[ozone-manager-1.4.0-SNAPSHOT.jar:?]
	at org.apache.hadoop.ozone.om.OzoneManager.getFileStatus(OzoneManager.java:3585) ~[ozone-manager-1.4.0-SNAPSHOT.jar:?]
	at org.apache.hadoop.ozone.protocolPB.OzoneManagerRequestHandler.getOzoneFileStatus(OzoneManagerRequestHandler.java:998) ~[ozone-manager-1.4.0-SNAPSHOT.jar:?]
	at org.apache.hadoop.ozone.protocolPB.OzoneManagerRequestHandler.handleReadRequest(OzoneManagerRequestHandler.java:259) ~[ozone-manager-1.4.0-SNAPSHOT.jar:?]
	at org.apache.hadoop.ozone.protocolPB.OzoneManagerProtocolServerSideTranslatorPB.submitReadRequestToOM(OzoneManagerProtocolServerSideTranslatorPB.java:225) ~[ozone-manager-1.4.0-SNAPSHOT.jar:?]
	at org.apache.hadoop.ozone.protocolPB.OzoneManagerProtocolServerSideTranslatorPB.processRequest(OzoneManagerProtocolServerSideTranslatorPB.java:179) ~[ozone-manager-1.4.0-SNAPSHOT.jar:?]
	at org.apache.hadoop.hdds.server.OzoneProtocolMessageDispatcher.processRequest(OzoneProtocolMessageDispatcher.java:87) [hdds-server-framework-1.4.0-SNAPSHOT.jar:?]
	at org.apache.hadoop.ozone.protocolPB.OzoneManagerProtocolServerSideTranslatorPB.submitRequest(OzoneManagerProtocolServerSideTranslatorPB.java:148) [ozone-manager-1.4.0-SNAPSHOT.jar:?]
	at org.apache.hadoop.ozone.protocol.proto.OzoneManagerProtocolProtos$OzoneManagerService$2.callBlockingMethod(OzoneManagerProtocolProtos.java) [ozone-interface-client-1.4.0-SNAPSHOT.jar:?]
	at org.apache.hadoop.ipc.ProtobufRpcEngine$Server.processCall(ProtobufRpcEngine.java:484) [hadoop-common-3.3.6.jar:?]
	at org.apache.hadoop.ipc.ProtobufRpcEngine2$Server$ProtoBufRpcInvoker.call(ProtobufRpcEngine2.java:595) [hadoop-common-3.3.6.jar:?]
	at org.apache.hadoop.ipc.ProtobufRpcEngine2$Server$ProtoBufRpcInvoker.call(ProtobufRpcEngine2.java:573) [hadoop-common-3.3.6.jar:?]
	at org.apache.hadoop.ipc.RPC$Server.call(RPC.java:1227) [hadoop-common-3.3.6.jar:?]
	at org.apache.hadoop.ipc.Server$RpcCall.run(Server.java:1094) [hadoop-common-3.3.6.jar:?]
	at org.apache.hadoop.ipc.Server$RpcCall.run(Server.java:1017) [hadoop-common-3.3.6.jar:?]
	at java.security.AccessController.doPrivileged(Native Method) ~[?:1.8.0_382]
	at javax.security.auth.Subject.doAs(Subject.java:422) [?:1.8.0_382]
	at org.apache.hadoop.security.UserGroupInformation.doAs(UserGroupInformation.java:1899) [hadoop-common-3.3.6.jar:?]
	at org.apache.hadoop.ipc.Server$Handler.run(Server.java:3048) [hadoop-common-3.3.6.jar:?]
17:32:35.264 [IPC Server handler 17 on default port 15110] ERROR OMAudit - user=runner | ip=127.0.0.1 | op=GET_FILE_STATUS {volume=volume98659, bucket=bucket57585, key=testBatchDelete/parent/childFolder/child5, dataSize=0, replicationConfig=null} | ret=FAILURE
org.apache.hadoop.ozone.om.exceptions.OMException: Unable to get file status: volume: volume98659 bucket: bucket57585 key: testBatchDelete/parent/childFolder/child5
	at org.apache.hadoop.ozone.om.KeyManagerImpl.getOzoneFileStatus(KeyManagerImpl.java:1227) ~[ozone-manager-1.4.0-SNAPSHOT.jar:?]
	at org.apache.hadoop.ozone.om.KeyManagerImpl.getFileStatus(KeyManagerImpl.java:1145) ~[ozone-manager-1.4.0-SNAPSHOT.jar:?]
	at org.apache.hadoop.ozone.om.OmMetadataReader.getFileStatus(OmMetadataReader.java:266) ~[ozone-manager-1.4.0-SNAPSHOT.jar:?]
	at org.apache.hadoop.ozone.om.OzoneManager.getFileStatus(OzoneManager.java:3585) ~[ozone-manager-1.4.0-SNAPSHOT.jar:?]
	at org.apache.hadoop.ozone.protocolPB.OzoneManagerRequestHandler.getOzoneFileStatus(OzoneManagerRequestHandler.java:998) ~[ozone-manager-1.4.0-SNAPSHOT.jar:?]
	at org.apache.hadoop.ozone.protocolPB.OzoneManagerRequestHandler.handleReadRequest(OzoneManagerRequestHandler.java:259) ~[ozone-manager-1.4.0-SNAPSHOT.jar:?]
	at org.apache.hadoop.ozone.protocolPB.OzoneManagerProtocolServerSideTranslatorPB.submitReadRequestToOM(OzoneManagerProtocolServerSideTranslatorPB.java:225) ~[ozone-manager-1.4.0-SNAPSHOT.jar:?]
	at org.apache.hadoop.ozone.protocolPB.OzoneManagerProtocolServerSideTranslatorPB.processRequest(OzoneManagerProtocolServerSideTranslatorPB.java:179) ~[ozone-manager-1.4.0-SNAPSHOT.jar:?]
	at org.apache.hadoop.hdds.server.OzoneProtocolMessageDispatcher.processRequest(OzoneProtocolMessageDispatcher.java:87) [hdds-server-framework-1.4.0-SNAPSHOT.jar:?]
	at org.apache.hadoop.ozone.protocolPB.OzoneManagerProtocolServerSideTranslatorPB.submitRequest(OzoneManagerProtocolServerSideTranslatorPB.java:148) [ozone-manager-1.4.0-SNAPSHOT.jar:?]
	at org.apache.hadoop.ozone.protocol.proto.OzoneManagerProtocolProtos$OzoneManagerService$2.callBlockingMethod(OzoneManagerProtocolProtos.java) [ozone-interface-client-1.4.0-SNAPSHOT.jar:?]
	at org.apache.hadoop.ipc.ProtobufRpcEngine$Server.processCall(ProtobufRpcEngine.java:484) [hadoop-common-3.3.6.jar:?]
	at org.apache.hadoop.ipc.ProtobufRpcEngine2$Server$ProtoBufRpcInvoker.call(ProtobufRpcEngine2.java:595) [hadoop-common-3.3.6.jar:?]
	at org.apache.hadoop.ipc.ProtobufRpcEngine2$Server$ProtoBufRpcInvoker.call(ProtobufRpcEngine2.java:573) [hadoop-common-3.3.6.jar:?]
	at org.apache.hadoop.ipc.RPC$Server.call(RPC.java:1227) [hadoop-common-3.3.6.jar:?]
	at org.apache.hadoop.ipc.Server$RpcCall.run(Server.java:1094) [hadoop-common-3.3.6.jar:?]
	at org.apache.hadoop.ipc.Server$RpcCall.run(Server.java:1017) [hadoop-common-3.3.6.jar:?]
	at java.security.AccessController.doPrivileged(Native Method) ~[?:1.8.0_382]
	at javax.security.auth.Subject.doAs(Subject.java:422) [?:1.8.0_382]
	at org.apache.hadoop.security.UserGroupInformation.doAs(UserGroupInformation.java:1899) [hadoop-common-3.3.6.jar:?]
	at org.apache.hadoop.ipc.Server$Handler.run(Server.java:3048) [hadoop-common-3.3.6.jar:?]
17:32:35.265 [IPC Server handler 13 on default port 15110] ERROR OMAudit - user=runner | ip=127.0.0.1 | op=GET_FILE_STATUS {volume=volume98659, bucket=bucket57585, key=testBatchDelete/parent/child6, dataSize=0, replicationConfig=null} | ret=FAILURE
org.apache.hadoop.ozone.om.exceptions.OMException: Unable to get file status: volume: volume98659 bucket: bucket57585 key: testBatchDelete/parent/child6
	at org.apache.hadoop.ozone.om.KeyManagerImpl.getOzoneFileStatus(KeyManagerImpl.java:1227) ~[ozone-manager-1.4.0-SNAPSHOT.jar:?]
	at org.apache.hadoop.ozone.om.KeyManagerImpl.getFileStatus(KeyManagerImpl.java:1145) ~[ozone-manager-1.4.0-SNAPSHOT.jar:?]
	at org.apache.hadoop.ozone.om.OmMetadataReader.getFileStatus(OmMetadataReader.java:266) ~[ozone-manager-1.4.0-SNAPSHOT.jar:?]
	at org.apache.hadoop.ozone.om.OzoneManager.getFileStatus(OzoneManager.java:3585) ~[ozone-manager-1.4.0-SNAPSHOT.jar:?]
	at org.apache.hadoop.ozone.protocolPB.OzoneManagerRequestHandler.getOzoneFileStatus(OzoneManagerRequestHandler.java:998) ~[ozone-manager-1.4.0-SNAPSHOT.jar:?]
	at org.apache.hadoop.ozone.protocolPB.OzoneManagerRequestHandler.handleReadRequest(OzoneManagerRequestHandler.java:259) ~[ozone-manager-1.4.0-SNAPSHOT.jar:?]
	at org.apache.hadoop.ozone.protocolPB.OzoneManagerProtocolServerSideTranslatorPB.submitReadRequestToOM(OzoneManagerProtocolServerSideTranslatorPB.java:225) ~[ozone-manager-1.4.0-SNAPSHOT.jar:?]
	at org.apache.hadoop.ozone.protocolPB.OzoneManagerProtocolServerSideTranslatorPB.processRequest(OzoneManagerProtocolServerSideTranslatorPB.java:179) ~[ozone-manager-1.4.0-SNAPSHOT.jar:?]
	at org.apache.hadoop.hdds.server.OzoneProtocolMessageDispatcher.processRequest(OzoneProtocolMessageDispatcher.java:87) [hdds-server-framework-1.4.0-SNAPSHOT.jar:?]
	at org.apache.hadoop.ozone.protocolPB.OzoneManagerProtocolServerSideTranslatorPB.submitRequest(OzoneManagerProtocolServerSideTranslatorPB.java:148) [ozone-manager-1.4.0-SNAPSHOT.jar:?]
	at org.apache.hadoop.ozone.protocol.proto.OzoneManagerProtocolProtos$OzoneManagerService$2.callBlockingMethod(OzoneManagerProtocolProtos.java) [ozone-interface-client-1.4.0-SNAPSHOT.jar:?]
	at org.apache.hadoop.ipc.ProtobufRpcEngine$Server.processCall(ProtobufRpcEngine.java:484) [hadoop-common-3.3.6.jar:?]
	at org.apache.hadoop.ipc.ProtobufRpcEngine2$Server$ProtoBufRpcInvoker.call(ProtobufRpcEngine2.java:595) [hadoop-common-3.3.6.jar:?]
	at org.apache.hadoop.ipc.ProtobufRpcEngine2$Server$ProtoBufRpcInvoker.call(ProtobufRpcEngine2.java:573) [hadoop-common-3.3.6.jar:?]
	at org.apache.hadoop.ipc.RPC$Server.call(RPC.java:1227) [hadoop-common-3.3.6.jar:?]
	at org.apache.hadoop.ipc.Server$RpcCall.run(Server.java:1094) [hadoop-common-3.3.6.jar:?]
	at org.apache.hadoop.ipc.Server$RpcCall.run(Server.java:1017) [hadoop-common-3.3.6.jar:?]
	at java.security.AccessController.doPrivileged(Native Method) ~[?:1.8.0_382]
	at javax.security.auth.Subject.doAs(Subject.java:422) [?:1.8.0_382]
	at org.apache.hadoop.security.UserGroupInformation.doAs(UserGroupInformation.java:1899) [hadoop-common-3.3.6.jar:?]
	at org.apache.hadoop.ipc.Server$Handler.run(Server.java:3048) [hadoop-common-3.3.6.jar:?]
17:32:35.266 [IPC Server handler 19 on default port 15110] ERROR OMAudit - user=runner | ip=127.0.0.1 | op=GET_FILE_STATUS {volume=volume98659, bucket=bucket57585, key=testBatchDelete/parent/childFolder/child6, dataSize=0, replicationConfig=null} | ret=FAILURE
org.apache.hadoop.ozone.om.exceptions.OMException: Unable to get file status: volume: volume98659 bucket: bucket57585 key: testBatchDelete/parent/childFolder/child6
	at org.apache.hadoop.ozone.om.KeyManagerImpl.getOzoneFileStatus(KeyManagerImpl.java:1227) ~[ozone-manager-1.4.0-SNAPSHOT.jar:?]
	at org.apache.hadoop.ozone.om.KeyManagerImpl.getFileStatus(KeyManagerImpl.java:1145) ~[ozone-manager-1.4.0-SNAPSHOT.jar:?]
	at org.apache.hadoop.ozone.om.OmMetadataReader.getFileStatus(OmMetadataReader.java:266) ~[ozone-manager-1.4.0-SNAPSHOT.jar:?]
	at org.apache.hadoop.ozone.om.OzoneManager.getFileStatus(OzoneManager.java:3585) ~[ozone-manager-1.4.0-SNAPSHOT.jar:?]
	at org.apache.hadoop.ozone.protocolPB.OzoneManagerRequestHandler.getOzoneFileStatus(OzoneManagerRequestHandler.java:998) ~[ozone-manager-1.4.0-SNAPSHOT.jar:?]
	at org.apache.hadoop.ozone.protocolPB.OzoneManagerRequestHandler.handleReadRequest(OzoneManagerRequestHandler.java:259) ~[ozone-manager-1.4.0-SNAPSHOT.jar:?]
	at org.apache.hadoop.ozone.protocolPB.OzoneManagerProtocolServerSideTranslatorPB.submitReadRequestToOM(OzoneManagerProtocolServerSideTranslatorPB.java:225) ~[ozone-manager-1.4.0-SNAPSHOT.jar:?]
	at org.apache.hadoop.ozone.protocolPB.OzoneManagerProtocolServerSideTranslatorPB.processRequest(OzoneManagerProtocolServerSideTranslatorPB.java:179) ~[ozone-manager-1.4.0-SNAPSHOT.jar:?]
	at org.apache.hadoop.hdds.server.OzoneProtocolMessageDispatcher.processRequest(OzoneProtocolMessageDispatcher.java:87) [hdds-server-framework-1.4.0-SNAPSHOT.jar:?]
	at org.apache.hadoop.ozone.protocolPB.OzoneManagerProtocolServerSideTranslatorPB.submitRequest(OzoneManagerProtocolServerSideTranslatorPB.java:148) [ozone-manager-1.4.0-SNAPSHOT.jar:?]
	at org.apache.hadoop.ozone.protocol.proto.OzoneManagerProtocolProtos$OzoneManagerService$2.callBlockingMethod(OzoneManagerProtocolProtos.java) [ozone-interface-client-1.4.0-SNAPSHOT.jar:?]
	at org.apache.hadoop.ipc.ProtobufRpcEngine$Server.processCall(ProtobufRpcEngine.java:484) [hadoop-common-3.3.6.jar:?]
	at org.apache.hadoop.ipc.ProtobufRpcEngine2$Server$ProtoBufRpcInvoker.call(ProtobufRpcEngine2.java:595) [hadoop-common-3.3.6.jar:?]
	at org.apache.hadoop.ipc.ProtobufRpcEngine2$Server$ProtoBufRpcInvoker.call(ProtobufRpcEngine2.java:573) [hadoop-common-3.3.6.jar:?]
	at org.apache.hadoop.ipc.RPC$Server.call(RPC.java:1227) [hadoop-common-3.3.6.jar:?]
	at org.apache.hadoop.ipc.Server$RpcCall.run(Server.java:1094) [hadoop-common-3.3.6.jar:?]
	at org.apache.hadoop.ipc.Server$RpcCall.run(Server.java:1017) [hadoop-common-3.3.6.jar:?]
	at java.security.AccessController.doPrivileged(Native Method) ~[?:1.8.0_382]
	at javax.security.auth.Subject.doAs(Subject.java:422) [?:1.8.0_382]
	at org.apache.hadoop.security.UserGroupInformation.doAs(UserGroupInformation.java:1899) [hadoop-common-3.3.6.jar:?]
	at org.apache.hadoop.ipc.Server$Handler.run(Server.java:3048) [hadoop-common-3.3.6.jar:?]
17:32:35.267 [IPC Server handler 0 on default port 15110] ERROR OMAudit - user=runner | ip=127.0.0.1 | op=GET_FILE_STATUS {volume=volume98659, bucket=bucket57585, key=testBatchDelete/parent/child7, dataSize=0, replicationConfig=null} | ret=FAILURE
org.apache.hadoop.ozone.om.exceptions.OMException: Unable to get file status: volume: volume98659 bucket: bucket57585 key: testBatchDelete/parent/child7
	at org.apache.hadoop.ozone.om.KeyManagerImpl.getOzoneFileStatus(KeyManagerImpl.java:1227) ~[ozone-manager-1.4.0-SNAPSHOT.jar:?]
	at org.apache.hadoop.ozone.om.KeyManagerImpl.getFileStatus(KeyManagerImpl.java:1145) ~[ozone-manager-1.4.0-SNAPSHOT.jar:?]
	at org.apache.hadoop.ozone.om.OmMetadataReader.getFileStatus(OmMetadataReader.java:266) ~[ozone-manager-1.4.0-SNAPSHOT.jar:?]
	at org.apache.hadoop.ozone.om.OzoneManager.getFileStatus(OzoneManager.java:3585) ~[ozone-manager-1.4.0-SNAPSHOT.jar:?]
	at org.apache.hadoop.ozone.protocolPB.OzoneManagerRequestHandler.getOzoneFileStatus(OzoneManagerRequestHandler.java:998) ~[ozone-manager-1.4.0-SNAPSHOT.jar:?]
	at org.apache.hadoop.ozone.protocolPB.OzoneManagerRequestHandler.handleReadRequest(OzoneManagerRequestHandler.java:259) ~[ozone-manager-1.4.0-SNAPSHOT.jar:?]
	at org.apache.hadoop.ozone.protocolPB.OzoneManagerProtocolServerSideTranslatorPB.submitReadRequestToOM(OzoneManagerProtocolServerSideTranslatorPB.java:225) ~[ozone-manager-1.4.0-SNAPSHOT.jar:?]
	at org.apache.hadoop.ozone.protocolPB.OzoneManagerProtocolServerSideTranslatorPB.processRequest(OzoneManagerProtocolServerSideTranslatorPB.java:179) ~[ozone-manager-1.4.0-SNAPSHOT.jar:?]
	at org.apache.hadoop.hdds.server.OzoneProtocolMessageDispatcher.processRequest(OzoneProtocolMessageDispatcher.java:87) [hdds-server-framework-1.4.0-SNAPSHOT.jar:?]
	at org.apache.hadoop.ozone.protocolPB.OzoneManagerProtocolServerSideTranslatorPB.submitRequest(OzoneManagerProtocolServerSideTranslatorPB.java:148) [ozone-manager-1.4.0-SNAPSHOT.jar:?]
	at org.apache.hadoop.ozone.protocol.proto.OzoneManagerProtocolProtos$OzoneManagerService$2.callBlockingMethod(OzoneManagerProtocolProtos.java) [ozone-interface-client-1.4.0-SNAPSHOT.jar:?]
	at org.apache.hadoop.ipc.ProtobufRpcEngine$Server.processCall(ProtobufRpcEngine.java:484) [hadoop-common-3.3.6.jar:?]
	at org.apache.hadoop.ipc.ProtobufRpcEngine2$Server$ProtoBufRpcInvoker.call(ProtobufRpcEngine2.java:595) [hadoop-common-3.3.6.jar:?]
	at org.apache.hadoop.ipc.ProtobufRpcEngine2$Server$ProtoBufRpcInvoker.call(ProtobufRpcEngine2.java:573) [hadoop-common-3.3.6.jar:?]
	at org.apache.hadoop.ipc.RPC$Server.call(RPC.java:1227) [hadoop-common-3.3.6.jar:?]
	at org.apache.hadoop.ipc.Server$RpcCall.run(Server.java:1094) [hadoop-common-3.3.6.jar:?]
	at org.apache.hadoop.ipc.Server$RpcCall.run(Server.java:1017) [hadoop-common-3.3.6.jar:?]
	at java.security.AccessController.doPrivileged(Native Method) ~[?:1.8.0_382]
	at javax.security.auth.Subject.doAs(Subject.java:422) [?:1.8.0_382]
	at org.apache.hadoop.security.UserGroupInformation.doAs(UserGroupInformation.java:1899) [hadoop-common-3.3.6.jar:?]
	at org.apache.hadoop.ipc.Server$Handler.run(Server.java:3048) [hadoop-common-3.3.6.jar:?]
17:32:35.269 [IPC Server handler 1 on default port 15110] ERROR OMAudit - user=runner | ip=127.0.0.1 | op=GET_FILE_STATUS {volume=volume98659, bucket=bucket57585, key=testBatchDelete/parent/childFolder/child7, dataSize=0, replicationConfig=null} | ret=FAILURE
org.apache.hadoop.ozone.om.exceptions.OMException: Unable to get file status: volume: volume98659 bucket: bucket57585 key: testBatchDelete/parent/childFolder/child7
	at org.apache.hadoop.ozone.om.KeyManagerImpl.getOzoneFileStatus(KeyManagerImpl.java:1227) ~[ozone-manager-1.4.0-SNAPSHOT.jar:?]
	at org.apache.hadoop.ozone.om.KeyManagerImpl.getFileStatus(KeyManagerImpl.java:1145) ~[ozone-manager-1.4.0-SNAPSHOT.jar:?]
	at org.apache.hadoop.ozone.om.OmMetadataReader.getFileStatus(OmMetadataReader.java:266) ~[ozone-manager-1.4.0-SNAPSHOT.jar:?]
	at org.apache.hadoop.ozone.om.OzoneManager.getFileStatus(OzoneManager.java:3585) ~[ozone-manager-1.4.0-SNAPSHOT.jar:?]
	at org.apache.hadoop.ozone.protocolPB.OzoneManagerRequestHandler.getOzoneFileStatus(OzoneManagerRequestHandler.java:998) ~[ozone-manager-1.4.0-SNAPSHOT.jar:?]
	at org.apache.hadoop.ozone.protocolPB.OzoneManagerRequestHandler.handleReadRequest(OzoneManagerRequestHandler.java:259) ~[ozone-manager-1.4.0-SNAPSHOT.jar:?]
	at org.apache.hadoop.ozone.protocolPB.OzoneManagerProtocolServerSideTranslatorPB.submitReadRequestToOM(OzoneManagerProtocolServerSideTranslatorPB.java:225) ~[ozone-manager-1.4.0-SNAPSHOT.jar:?]
	at org.apache.hadoop.ozone.protocolPB.OzoneManagerProtocolServerSideTranslatorPB.processRequest(OzoneManagerProtocolServerSideTranslatorPB.java:179) ~[ozone-manager-1.4.0-SNAPSHOT.jar:?]
	at org.apache.hadoop.hdds.server.OzoneProtocolMessageDispatcher.processRequest(OzoneProtocolMessageDispatcher.java:87) [hdds-server-framework-1.4.0-SNAPSHOT.jar:?]
	at org.apache.hadoop.ozone.protocolPB.OzoneManagerProtocolServerSideTranslatorPB.submitRequest(OzoneManagerProtocolServerSideTranslatorPB.java:148) [ozone-manager-1.4.0-SNAPSHOT.jar:?]
	at org.apache.hadoop.ozone.protocol.proto.OzoneManagerProtocolProtos$OzoneManagerService$2.callBlockingMethod(OzoneManagerProtocolProtos.java) [ozone-interface-client-1.4.0-SNAPSHOT.jar:?]
	at org.apache.hadoop.ipc.ProtobufRpcEngine$Server.processCall(ProtobufRpcEngine.java:484) [hadoop-common-3.3.6.jar:?]
	at org.apache.hadoop.ipc.ProtobufRpcEngine2$Server$ProtoBufRpcInvoker.call(ProtobufRpcEngine2.java:595) [hadoop-common-3.3.6.jar:?]
	at org.apache.hadoop.ipc.ProtobufRpcEngine2$Server$ProtoBufRpcInvoker.call(ProtobufRpcEngine2.java:573) [hadoop-common-3.3.6.jar:?]
	at org.apache.hadoop.ipc.RPC$Server.call(RPC.java:1227) [hadoop-common-3.3.6.jar:?]
	at org.apache.hadoop.ipc.Server$RpcCall.run(Server.java:1094) [hadoop-common-3.3.6.jar:?]
	at org.apache.hadoop.ipc.Server$RpcCall.run(Server.java:1017) [hadoop-common-3.3.6.jar:?]
	at java.security.AccessController.doPrivileged(Native Method) ~[?:1.8.0_382]
	at javax.security.auth.Subject.doAs(Subject.java:422) [?:1.8.0_382]
	at org.apache.hadoop.security.UserGroupInformation.doAs(UserGroupInformation.java:1899) [hadoop-common-3.3.6.jar:?]
	at org.apache.hadoop.ipc.Server$Handler.run(Server.java:3048) [hadoop-common-3.3.6.jar:?]
17:32:35.270 [IPC Server handler 3 on default port 15110] ERROR OMAudit - user=runner | ip=127.0.0.1 | op=GET_FILE_STATUS {volume=volume98659, bucket=bucket57585, key=testBatchDelete/parent, dataSize=0, replicationConfig=null} | ret=FAILURE
org.apache.hadoop.ozone.om.exceptions.OMException: Unable to get file status: volume: volume98659 bucket: bucket57585 key: testBatchDelete/parent
	at org.apache.hadoop.ozone.om.KeyManagerImpl.getOzoneFileStatus(KeyManagerImpl.java:1227) ~[ozone-manager-1.4.0-SNAPSHOT.jar:?]
	at org.apache.hadoop.ozone.om.KeyManagerImpl.getFileStatus(KeyManagerImpl.java:1145) ~[ozone-manager-1.4.0-SNAPSHOT.jar:?]
	at org.apache.hadoop.ozone.om.OmMetadataReader.getFileStatus(OmMetadataReader.java:266) ~[ozone-manager-1.4.0-SNAPSHOT.jar:?]
	at org.apache.hadoop.ozone.om.OzoneManager.getFileStatus(OzoneManager.java:3585) ~[ozone-manager-1.4.0-SNAPSHOT.jar:?]
	at org.apache.hadoop.ozone.protocolPB.OzoneManagerRequestHandler.getOzoneFileStatus(OzoneManagerRequestHandler.java:998) ~[ozone-manager-1.4.0-SNAPSHOT.jar:?]
	at org.apache.hadoop.ozone.protocolPB.OzoneManagerRequestHandler.handleReadRequest(OzoneManagerRequestHandler.java:259) ~[ozone-manager-1.4.0-SNAPSHOT.jar:?]
	at org.apache.hadoop.ozone.protocolPB.OzoneManagerProtocolServerSideTranslatorPB.submitReadRequestToOM(OzoneManagerProtocolServerSideTranslatorPB.java:225) ~[ozone-manager-1.4.0-SNAPSHOT.jar:?]
	at org.apache.hadoop.ozone.protocolPB.OzoneManagerProtocolServerSideTranslatorPB.processRequest(OzoneManagerProtocolServerSideTranslatorPB.java:179) ~[ozone-manager-1.4.0-SNAPSHOT.jar:?]
	at org.apache.hadoop.hdds.server.OzoneProtocolMessageDispatcher.processRequest(OzoneProtocolMessageDispatcher.java:87) [hdds-server-framework-1.4.0-SNAPSHOT.jar:?]
	at org.apache.hadoop.ozone.protocolPB.OzoneManagerProtocolServerSideTranslatorPB.submitRequest(OzoneManagerProtocolServerSideTranslatorPB.java:148) [ozone-manager-1.4.0-SNAPSHOT.jar:?]
	at org.apache.hadoop.ozone.protocol.proto.OzoneManagerProtocolProtos$OzoneManagerService$2.callBlockingMethod(OzoneManagerProtocolProtos.java) [ozone-interface-client-1.4.0-SNAPSHOT.jar:?]
	at org.apache.hadoop.ipc.ProtobufRpcEngine$Server.processCall(ProtobufRpcEngine.java:484) [hadoop-common-3.3.6.jar:?]
	at org.apache.hadoop.ipc.ProtobufRpcEngine2$Server$ProtoBufRpcInvoker.call(ProtobufRpcEngine2.java:595) [hadoop-common-3.3.6.jar:?]
	at org.apache.hadoop.ipc.ProtobufRpcEngine2$Server$ProtoBufRpcInvoker.call(ProtobufRpcEngine2.java:573) [hadoop-common-3.3.6.jar:?]
	at org.apache.hadoop.ipc.RPC$Server.call(RPC.java:1227) [hadoop-common-3.3.6.jar:?]
	at org.apache.hadoop.ipc.Server$RpcCall.run(Server.java:1094) [hadoop-common-3.3.6.jar:?]
	at org.apache.hadoop.ipc.Server$RpcCall.run(Server.java:1017) [hadoop-common-3.3.6.jar:?]
	at java.security.AccessController.doPrivileged(Native Method) ~[?:1.8.0_382]
	at javax.security.auth.Subject.doAs(Subject.java:422) [?:1.8.0_382]
	at org.apache.hadoop.security.UserGroupInformation.doAs(UserGroupInformation.java:1899) [hadoop-common-3.3.6.jar:?]
	at org.apache.hadoop.ipc.Server$Handler.run(Server.java:3048) [hadoop-common-3.3.6.jar:?]
2023-10-04 17:32:35,270 [Time-limited test] WARN  ozone.BasicOzoneFileSystem (BasicOzoneFileSystem.java:delete(607)) - delete: Path does not exist: /testBatchDelete/parent
]]></system-out>
  </testcase>
  <testcase name="testFileDelete" classname="TestOzoneFileSystem" time="0.095">
    <system-out><![CDATA[17:33:53.075 [IPC Server handler 9 on default port 15163] ERROR OMAudit - user=runner | ip=127.0.0.1 | op=GET_FILE_STATUS {volume=volume37245, bucket=bucket80016, key=testBatchDelete, dataSize=0, replicationConfig=null} | ret=FAILURE
org.apache.hadoop.ozone.om.exceptions.OMException: Unable to get file status: volume: volume37245 bucket: bucket80016 key: testBatchDelete
	at org.apache.hadoop.ozone.om.KeyManagerImpl.getOzoneFileStatus(KeyManagerImpl.java:1227) ~[ozone-manager-1.4.0-SNAPSHOT.jar:?]
	at org.apache.hadoop.ozone.om.KeyManagerImpl.getFileStatus(KeyManagerImpl.java:1145) ~[ozone-manager-1.4.0-SNAPSHOT.jar:?]
	at org.apache.hadoop.ozone.om.OmMetadataReader.getFileStatus(OmMetadataReader.java:266) ~[ozone-manager-1.4.0-SNAPSHOT.jar:?]
	at org.apache.hadoop.ozone.om.OzoneManager.getFileStatus(OzoneManager.java:3585) ~[ozone-manager-1.4.0-SNAPSHOT.jar:?]
	at org.apache.hadoop.ozone.protocolPB.OzoneManagerRequestHandler.getOzoneFileStatus(OzoneManagerRequestHandler.java:998) ~[ozone-manager-1.4.0-SNAPSHOT.jar:?]
	at org.apache.hadoop.ozone.protocolPB.OzoneManagerRequestHandler.handleReadRequest(OzoneManagerRequestHandler.java:259) ~[ozone-manager-1.4.0-SNAPSHOT.jar:?]
	at org.apache.hadoop.ozone.protocolPB.OzoneManagerProtocolServerSideTranslatorPB.submitRequestDirectlyToOM(OzoneManagerProtocolServerSideTranslatorPB.java:274) ~[ozone-manager-1.4.0-SNAPSHOT.jar:?]
	at org.apache.hadoop.ozone.protocolPB.OzoneManagerProtocolServerSideTranslatorPB.processRequest(OzoneManagerProtocolServerSideTranslatorPB.java:175) ~[ozone-manager-1.4.0-SNAPSHOT.jar:?]
	at org.apache.hadoop.hdds.server.OzoneProtocolMessageDispatcher.processRequest(OzoneProtocolMessageDispatcher.java:87) [hdds-server-framework-1.4.0-SNAPSHOT.jar:?]
	at org.apache.hadoop.ozone.protocolPB.OzoneManagerProtocolServerSideTranslatorPB.submitRequest(OzoneManagerProtocolServerSideTranslatorPB.java:148) [ozone-manager-1.4.0-SNAPSHOT.jar:?]
	at org.apache.hadoop.ozone.protocol.proto.OzoneManagerProtocolProtos$OzoneManagerService$2.callBlockingMethod(OzoneManagerProtocolProtos.java) [ozone-interface-client-1.4.0-SNAPSHOT.jar:?]
	at org.apache.hadoop.ipc.ProtobufRpcEngine$Server.processCall(ProtobufRpcEngine.java:484) [hadoop-common-3.3.6.jar:?]
	at org.apache.hadoop.ipc.ProtobufRpcEngine2$Server$ProtoBufRpcInvoker.call(ProtobufRpcEngine2.java:595) [hadoop-common-3.3.6.jar:?]
	at org.apache.hadoop.ipc.ProtobufRpcEngine2$Server$ProtoBufRpcInvoker.call(ProtobufRpcEngine2.java:573) [hadoop-common-3.3.6.jar:?]
	at org.apache.hadoop.ipc.RPC$Server.call(RPC.java:1227) [hadoop-common-3.3.6.jar:?]
	at org.apache.hadoop.ipc.Server$RpcCall.run(Server.java:1094) [hadoop-common-3.3.6.jar:?]
	at org.apache.hadoop.ipc.Server$RpcCall.run(Server.java:1017) [hadoop-common-3.3.6.jar:?]
	at java.security.AccessController.doPrivileged(Native Method) ~[?:1.8.0_382]
	at javax.security.auth.Subject.doAs(Subject.java:422) [?:1.8.0_382]
	at org.apache.hadoop.security.UserGroupInformation.doAs(UserGroupInformation.java:1899) [hadoop-common-3.3.6.jar:?]
	at org.apache.hadoop.ipc.Server$Handler.run(Server.java:3048) [hadoop-common-3.3.6.jar:?]
17:33:53.076 [IPC Server handler 15 on default port 15163] ERROR OMAudit - user=runner | ip=127.0.0.1 | op=GET_FILE_STATUS {volume=volume37245, bucket=bucket80016, key=testBatchDelete/parent/child0, dataSize=0, replicationConfig=null} | ret=FAILURE
org.apache.hadoop.ozone.om.exceptions.OMException: Unable to get file status: volume: volume37245 bucket: bucket80016 key: testBatchDelete/parent/child0
	at org.apache.hadoop.ozone.om.KeyManagerImpl.getOzoneFileStatus(KeyManagerImpl.java:1227) ~[ozone-manager-1.4.0-SNAPSHOT.jar:?]
	at org.apache.hadoop.ozone.om.KeyManagerImpl.getFileStatus(KeyManagerImpl.java:1145) ~[ozone-manager-1.4.0-SNAPSHOT.jar:?]
	at org.apache.hadoop.ozone.om.OmMetadataReader.getFileStatus(OmMetadataReader.java:266) ~[ozone-manager-1.4.0-SNAPSHOT.jar:?]
	at org.apache.hadoop.ozone.om.OzoneManager.getFileStatus(OzoneManager.java:3585) ~[ozone-manager-1.4.0-SNAPSHOT.jar:?]
	at org.apache.hadoop.ozone.protocolPB.OzoneManagerRequestHandler.getOzoneFileStatus(OzoneManagerRequestHandler.java:998) ~[ozone-manager-1.4.0-SNAPSHOT.jar:?]
	at org.apache.hadoop.ozone.protocolPB.OzoneManagerRequestHandler.handleReadRequest(OzoneManagerRequestHandler.java:259) ~[ozone-manager-1.4.0-SNAPSHOT.jar:?]
	at org.apache.hadoop.ozone.protocolPB.OzoneManagerProtocolServerSideTranslatorPB.submitRequestDirectlyToOM(OzoneManagerProtocolServerSideTranslatorPB.java:274) ~[ozone-manager-1.4.0-SNAPSHOT.jar:?]
	at org.apache.hadoop.ozone.protocolPB.OzoneManagerProtocolServerSideTranslatorPB.processRequest(OzoneManagerProtocolServerSideTranslatorPB.java:175) ~[ozone-manager-1.4.0-SNAPSHOT.jar:?]
	at org.apache.hadoop.hdds.server.OzoneProtocolMessageDispatcher.processRequest(OzoneProtocolMessageDispatcher.java:87) [hdds-server-framework-1.4.0-SNAPSHOT.jar:?]
	at org.apache.hadoop.ozone.protocolPB.OzoneManagerProtocolServerSideTranslatorPB.submitRequest(OzoneManagerProtocolServerSideTranslatorPB.java:148) [ozone-manager-1.4.0-SNAPSHOT.jar:?]
	at org.apache.hadoop.ozone.protocol.proto.OzoneManagerProtocolProtos$OzoneManagerService$2.callBlockingMethod(OzoneManagerProtocolProtos.java) [ozone-interface-client-1.4.0-SNAPSHOT.jar:?]
	at org.apache.hadoop.ipc.ProtobufRpcEngine$Server.processCall(ProtobufRpcEngine.java:484) [hadoop-common-3.3.6.jar:?]
	at org.apache.hadoop.ipc.ProtobufRpcEngine2$Server$ProtoBufRpcInvoker.call(ProtobufRpcEngine2.java:595) [hadoop-common-3.3.6.jar:?]
	at org.apache.hadoop.ipc.ProtobufRpcEngine2$Server$ProtoBufRpcInvoker.call(ProtobufRpcEngine2.java:573) [hadoop-common-3.3.6.jar:?]
	at org.apache.hadoop.ipc.RPC$Server.call(RPC.java:1227) [hadoop-common-3.3.6.jar:?]
	at org.apache.hadoop.ipc.Server$RpcCall.run(Server.java:1094) [hadoop-common-3.3.6.jar:?]
	at org.apache.hadoop.ipc.Server$RpcCall.run(Server.java:1017) [hadoop-common-3.3.6.jar:?]
	at java.security.AccessController.doPrivileged(Native Method) ~[?:1.8.0_382]
	at javax.security.auth.Subject.doAs(Subject.java:422) [?:1.8.0_382]
	at org.apache.hadoop.security.UserGroupInformation.doAs(UserGroupInformation.java:1899) [hadoop-common-3.3.6.jar:?]
	at org.apache.hadoop.ipc.Server$Handler.run(Server.java:3048) [hadoop-common-3.3.6.jar:?]
17:33:53.077 [IPC Server handler 11 on default port 15163] ERROR OMAudit - user=runner | ip=127.0.0.1 | op=GET_FILE_STATUS {volume=volume37245, bucket=bucket80016, key=testBatchDelete/parent/childFolder/child0, dataSize=0, replicationConfig=null} | ret=FAILURE
org.apache.hadoop.ozone.om.exceptions.OMException: Unable to get file status: volume: volume37245 bucket: bucket80016 key: testBatchDelete/parent/childFolder/child0
	at org.apache.hadoop.ozone.om.KeyManagerImpl.getOzoneFileStatus(KeyManagerImpl.java:1227) ~[ozone-manager-1.4.0-SNAPSHOT.jar:?]
	at org.apache.hadoop.ozone.om.KeyManagerImpl.getFileStatus(KeyManagerImpl.java:1145) ~[ozone-manager-1.4.0-SNAPSHOT.jar:?]
	at org.apache.hadoop.ozone.om.OmMetadataReader.getFileStatus(OmMetadataReader.java:266) ~[ozone-manager-1.4.0-SNAPSHOT.jar:?]
	at org.apache.hadoop.ozone.om.OzoneManager.getFileStatus(OzoneManager.java:3585) ~[ozone-manager-1.4.0-SNAPSHOT.jar:?]
	at org.apache.hadoop.ozone.protocolPB.OzoneManagerRequestHandler.getOzoneFileStatus(OzoneManagerRequestHandler.java:998) ~[ozone-manager-1.4.0-SNAPSHOT.jar:?]
	at org.apache.hadoop.ozone.protocolPB.OzoneManagerRequestHandler.handleReadRequest(OzoneManagerRequestHandler.java:259) ~[ozone-manager-1.4.0-SNAPSHOT.jar:?]
	at org.apache.hadoop.ozone.protocolPB.OzoneManagerProtocolServerSideTranslatorPB.submitRequestDirectlyToOM(OzoneManagerProtocolServerSideTranslatorPB.java:274) ~[ozone-manager-1.4.0-SNAPSHOT.jar:?]
	at org.apache.hadoop.ozone.protocolPB.OzoneManagerProtocolServerSideTranslatorPB.processRequest(OzoneManagerProtocolServerSideTranslatorPB.java:175) ~[ozone-manager-1.4.0-SNAPSHOT.jar:?]
	at org.apache.hadoop.hdds.server.OzoneProtocolMessageDispatcher.processRequest(OzoneProtocolMessageDispatcher.java:87) [hdds-server-framework-1.4.0-SNAPSHOT.jar:?]
	at org.apache.hadoop.ozone.protocolPB.OzoneManagerProtocolServerSideTranslatorPB.submitRequest(OzoneManagerProtocolServerSideTranslatorPB.java:148) [ozone-manager-1.4.0-SNAPSHOT.jar:?]
	at org.apache.hadoop.ozone.protocol.proto.OzoneManagerProtocolProtos$OzoneManagerService$2.callBlockingMethod(OzoneManagerProtocolProtos.java) [ozone-interface-client-1.4.0-SNAPSHOT.jar:?]
	at org.apache.hadoop.ipc.ProtobufRpcEngine$Server.processCall(ProtobufRpcEngine.java:484) [hadoop-common-3.3.6.jar:?]
	at org.apache.hadoop.ipc.ProtobufRpcEngine2$Server$ProtoBufRpcInvoker.call(ProtobufRpcEngine2.java:595) [hadoop-common-3.3.6.jar:?]
	at org.apache.hadoop.ipc.ProtobufRpcEngine2$Server$ProtoBufRpcInvoker.call(ProtobufRpcEngine2.java:573) [hadoop-common-3.3.6.jar:?]
	at org.apache.hadoop.ipc.RPC$Server.call(RPC.java:1227) [hadoop-common-3.3.6.jar:?]
	at org.apache.hadoop.ipc.Server$RpcCall.run(Server.java:1094) [hadoop-common-3.3.6.jar:?]
	at org.apache.hadoop.ipc.Server$RpcCall.run(Server.java:1017) [hadoop-common-3.3.6.jar:?]
	at java.security.AccessController.doPrivileged(Native Method) ~[?:1.8.0_382]
	at javax.security.auth.Subject.doAs(Subject.java:422) [?:1.8.0_382]
	at org.apache.hadoop.security.UserGroupInformation.doAs(UserGroupInformation.java:1899) [hadoop-common-3.3.6.jar:?]
	at org.apache.hadoop.ipc.Server$Handler.run(Server.java:3048) [hadoop-common-3.3.6.jar:?]
17:33:53.078 [IPC Server handler 17 on default port 15163] ERROR OMAudit - user=runner | ip=127.0.0.1 | op=GET_FILE_STATUS {volume=volume37245, bucket=bucket80016, key=testBatchDelete/parent/child1, dataSize=0, replicationConfig=null} | ret=FAILURE
org.apache.hadoop.ozone.om.exceptions.OMException: Unable to get file status: volume: volume37245 bucket: bucket80016 key: testBatchDelete/parent/child1
	at org.apache.hadoop.ozone.om.KeyManagerImpl.getOzoneFileStatus(KeyManagerImpl.java:1227) ~[ozone-manager-1.4.0-SNAPSHOT.jar:?]
	at org.apache.hadoop.ozone.om.KeyManagerImpl.getFileStatus(KeyManagerImpl.java:1145) ~[ozone-manager-1.4.0-SNAPSHOT.jar:?]
	at org.apache.hadoop.ozone.om.OmMetadataReader.getFileStatus(OmMetadataReader.java:266) ~[ozone-manager-1.4.0-SNAPSHOT.jar:?]
	at org.apache.hadoop.ozone.om.OzoneManager.getFileStatus(OzoneManager.java:3585) ~[ozone-manager-1.4.0-SNAPSHOT.jar:?]
	at org.apache.hadoop.ozone.protocolPB.OzoneManagerRequestHandler.getOzoneFileStatus(OzoneManagerRequestHandler.java:998) ~[ozone-manager-1.4.0-SNAPSHOT.jar:?]
	at org.apache.hadoop.ozone.protocolPB.OzoneManagerRequestHandler.handleReadRequest(OzoneManagerRequestHandler.java:259) ~[ozone-manager-1.4.0-SNAPSHOT.jar:?]
	at org.apache.hadoop.ozone.protocolPB.OzoneManagerProtocolServerSideTranslatorPB.submitRequestDirectlyToOM(OzoneManagerProtocolServerSideTranslatorPB.java:274) ~[ozone-manager-1.4.0-SNAPSHOT.jar:?]
	at org.apache.hadoop.ozone.protocolPB.OzoneManagerProtocolServerSideTranslatorPB.processRequest(OzoneManagerProtocolServerSideTranslatorPB.java:175) ~[ozone-manager-1.4.0-SNAPSHOT.jar:?]
	at org.apache.hadoop.hdds.server.OzoneProtocolMessageDispatcher.processRequest(OzoneProtocolMessageDispatcher.java:87) [hdds-server-framework-1.4.0-SNAPSHOT.jar:?]
	at org.apache.hadoop.ozone.protocolPB.OzoneManagerProtocolServerSideTranslatorPB.submitRequest(OzoneManagerProtocolServerSideTranslatorPB.java:148) [ozone-manager-1.4.0-SNAPSHOT.jar:?]
	at org.apache.hadoop.ozone.protocol.proto.OzoneManagerProtocolProtos$OzoneManagerService$2.callBlockingMethod(OzoneManagerProtocolProtos.java) [ozone-interface-client-1.4.0-SNAPSHOT.jar:?]
	at org.apache.hadoop.ipc.ProtobufRpcEngine$Server.processCall(ProtobufRpcEngine.java:484) [hadoop-common-3.3.6.jar:?]
	at org.apache.hadoop.ipc.ProtobufRpcEngine2$Server$ProtoBufRpcInvoker.call(ProtobufRpcEngine2.java:595) [hadoop-common-3.3.6.jar:?]
	at org.apache.hadoop.ipc.ProtobufRpcEngine2$Server$ProtoBufRpcInvoker.call(ProtobufRpcEngine2.java:573) [hadoop-common-3.3.6.jar:?]
	at org.apache.hadoop.ipc.RPC$Server.call(RPC.java:1227) [hadoop-common-3.3.6.jar:?]
	at org.apache.hadoop.ipc.Server$RpcCall.run(Server.java:1094) [hadoop-common-3.3.6.jar:?]
	at org.apache.hadoop.ipc.Server$RpcCall.run(Server.java:1017) [hadoop-common-3.3.6.jar:?]
	at java.security.AccessController.doPrivileged(Native Method) ~[?:1.8.0_382]
	at javax.security.auth.Subject.doAs(Subject.java:422) [?:1.8.0_382]
	at org.apache.hadoop.security.UserGroupInformation.doAs(UserGroupInformation.java:1899) [hadoop-common-3.3.6.jar:?]
	at org.apache.hadoop.ipc.Server$Handler.run(Server.java:3048) [hadoop-common-3.3.6.jar:?]
17:33:53.080 [IPC Server handler 18 on default port 15163] ERROR OMAudit - user=runner | ip=127.0.0.1 | op=GET_FILE_STATUS {volume=volume37245, bucket=bucket80016, key=testBatchDelete/parent/childFolder/child1, dataSize=0, replicationConfig=null} | ret=FAILURE
org.apache.hadoop.ozone.om.exceptions.OMException: Unable to get file status: volume: volume37245 bucket: bucket80016 key: testBatchDelete/parent/childFolder/child1
	at org.apache.hadoop.ozone.om.KeyManagerImpl.getOzoneFileStatus(KeyManagerImpl.java:1227) ~[ozone-manager-1.4.0-SNAPSHOT.jar:?]
	at org.apache.hadoop.ozone.om.KeyManagerImpl.getFileStatus(KeyManagerImpl.java:1145) ~[ozone-manager-1.4.0-SNAPSHOT.jar:?]
	at org.apache.hadoop.ozone.om.OmMetadataReader.getFileStatus(OmMetadataReader.java:266) ~[ozone-manager-1.4.0-SNAPSHOT.jar:?]
	at org.apache.hadoop.ozone.om.OzoneManager.getFileStatus(OzoneManager.java:3585) ~[ozone-manager-1.4.0-SNAPSHOT.jar:?]
	at org.apache.hadoop.ozone.protocolPB.OzoneManagerRequestHandler.getOzoneFileStatus(OzoneManagerRequestHandler.java:998) ~[ozone-manager-1.4.0-SNAPSHOT.jar:?]
	at org.apache.hadoop.ozone.protocolPB.OzoneManagerRequestHandler.handleReadRequest(OzoneManagerRequestHandler.java:259) ~[ozone-manager-1.4.0-SNAPSHOT.jar:?]
	at org.apache.hadoop.ozone.protocolPB.OzoneManagerProtocolServerSideTranslatorPB.submitRequestDirectlyToOM(OzoneManagerProtocolServerSideTranslatorPB.java:274) ~[ozone-manager-1.4.0-SNAPSHOT.jar:?]
	at org.apache.hadoop.ozone.protocolPB.OzoneManagerProtocolServerSideTranslatorPB.processRequest(OzoneManagerProtocolServerSideTranslatorPB.java:175) ~[ozone-manager-1.4.0-SNAPSHOT.jar:?]
	at org.apache.hadoop.hdds.server.OzoneProtocolMessageDispatcher.processRequest(OzoneProtocolMessageDispatcher.java:87) [hdds-server-framework-1.4.0-SNAPSHOT.jar:?]
	at org.apache.hadoop.ozone.protocolPB.OzoneManagerProtocolServerSideTranslatorPB.submitRequest(OzoneManagerProtocolServerSideTranslatorPB.java:148) [ozone-manager-1.4.0-SNAPSHOT.jar:?]
	at org.apache.hadoop.ozone.protocol.proto.OzoneManagerProtocolProtos$OzoneManagerService$2.callBlockingMethod(OzoneManagerProtocolProtos.java) [ozone-interface-client-1.4.0-SNAPSHOT.jar:?]
	at org.apache.hadoop.ipc.ProtobufRpcEngine$Server.processCall(ProtobufRpcEngine.java:484) [hadoop-common-3.3.6.jar:?]
	at org.apache.hadoop.ipc.ProtobufRpcEngine2$Server$ProtoBufRpcInvoker.call(ProtobufRpcEngine2.java:595) [hadoop-common-3.3.6.jar:?]
	at org.apache.hadoop.ipc.ProtobufRpcEngine2$Server$ProtoBufRpcInvoker.call(ProtobufRpcEngine2.java:573) [hadoop-common-3.3.6.jar:?]
	at org.apache.hadoop.ipc.RPC$Server.call(RPC.java:1227) [hadoop-common-3.3.6.jar:?]
	at org.apache.hadoop.ipc.Server$RpcCall.run(Server.java:1094) [hadoop-common-3.3.6.jar:?]
	at org.apache.hadoop.ipc.Server$RpcCall.run(Server.java:1017) [hadoop-common-3.3.6.jar:?]
	at java.security.AccessController.doPrivileged(Native Method) ~[?:1.8.0_382]
	at javax.security.auth.Subject.doAs(Subject.java:422) [?:1.8.0_382]
	at org.apache.hadoop.security.UserGroupInformation.doAs(UserGroupInformation.java:1899) [hadoop-common-3.3.6.jar:?]
	at org.apache.hadoop.ipc.Server$Handler.run(Server.java:3048) [hadoop-common-3.3.6.jar:?]
17:33:53.081 [IPC Server handler 19 on default port 15163] ERROR OMAudit - user=runner | ip=127.0.0.1 | op=GET_FILE_STATUS {volume=volume37245, bucket=bucket80016, key=testBatchDelete/parent/child2, dataSize=0, replicationConfig=null} | ret=FAILURE
org.apache.hadoop.ozone.om.exceptions.OMException: Unable to get file status: volume: volume37245 bucket: bucket80016 key: testBatchDelete/parent/child2
	at org.apache.hadoop.ozone.om.KeyManagerImpl.getOzoneFileStatus(KeyManagerImpl.java:1227) ~[ozone-manager-1.4.0-SNAPSHOT.jar:?]
	at org.apache.hadoop.ozone.om.KeyManagerImpl.getFileStatus(KeyManagerImpl.java:1145) ~[ozone-manager-1.4.0-SNAPSHOT.jar:?]
	at org.apache.hadoop.ozone.om.OmMetadataReader.getFileStatus(OmMetadataReader.java:266) ~[ozone-manager-1.4.0-SNAPSHOT.jar:?]
	at org.apache.hadoop.ozone.om.OzoneManager.getFileStatus(OzoneManager.java:3585) ~[ozone-manager-1.4.0-SNAPSHOT.jar:?]
	at org.apache.hadoop.ozone.protocolPB.OzoneManagerRequestHandler.getOzoneFileStatus(OzoneManagerRequestHandler.java:998) ~[ozone-manager-1.4.0-SNAPSHOT.jar:?]
	at org.apache.hadoop.ozone.protocolPB.OzoneManagerRequestHandler.handleReadRequest(OzoneManagerRequestHandler.java:259) ~[ozone-manager-1.4.0-SNAPSHOT.jar:?]
	at org.apache.hadoop.ozone.protocolPB.OzoneManagerProtocolServerSideTranslatorPB.submitRequestDirectlyToOM(OzoneManagerProtocolServerSideTranslatorPB.java:274) ~[ozone-manager-1.4.0-SNAPSHOT.jar:?]
	at org.apache.hadoop.ozone.protocolPB.OzoneManagerProtocolServerSideTranslatorPB.processRequest(OzoneManagerProtocolServerSideTranslatorPB.java:175) ~[ozone-manager-1.4.0-SNAPSHOT.jar:?]
	at org.apache.hadoop.hdds.server.OzoneProtocolMessageDispatcher.processRequest(OzoneProtocolMessageDispatcher.java:87) [hdds-server-framework-1.4.0-SNAPSHOT.jar:?]
	at org.apache.hadoop.ozone.protocolPB.OzoneManagerProtocolServerSideTranslatorPB.submitRequest(OzoneManagerProtocolServerSideTranslatorPB.java:148) [ozone-manager-1.4.0-SNAPSHOT.jar:?]
	at org.apache.hadoop.ozone.protocol.proto.OzoneManagerProtocolProtos$OzoneManagerService$2.callBlockingMethod(OzoneManagerProtocolProtos.java) [ozone-interface-client-1.4.0-SNAPSHOT.jar:?]
	at org.apache.hadoop.ipc.ProtobufRpcEngine$Server.processCall(ProtobufRpcEngine.java:484) [hadoop-common-3.3.6.jar:?]
	at org.apache.hadoop.ipc.ProtobufRpcEngine2$Server$ProtoBufRpcInvoker.call(ProtobufRpcEngine2.java:595) [hadoop-common-3.3.6.jar:?]
	at org.apache.hadoop.ipc.ProtobufRpcEngine2$Server$ProtoBufRpcInvoker.call(ProtobufRpcEngine2.java:573) [hadoop-common-3.3.6.jar:?]
	at org.apache.hadoop.ipc.RPC$Server.call(RPC.java:1227) [hadoop-common-3.3.6.jar:?]
	at org.apache.hadoop.ipc.Server$RpcCall.run(Server.java:1094) [hadoop-common-3.3.6.jar:?]
	at org.apache.hadoop.ipc.Server$RpcCall.run(Server.java:1017) [hadoop-common-3.3.6.jar:?]
	at java.security.AccessController.doPrivileged(Native Method) ~[?:1.8.0_382]
	at javax.security.auth.Subject.doAs(Subject.java:422) [?:1.8.0_382]
	at org.apache.hadoop.security.UserGroupInformation.doAs(UserGroupInformation.java:1899) [hadoop-common-3.3.6.jar:?]
	at org.apache.hadoop.ipc.Server$Handler.run(Server.java:3048) [hadoop-common-3.3.6.jar:?]
17:33:53.082 [IPC Server handler 16 on default port 15163] ERROR OMAudit - user=runner | ip=127.0.0.1 | op=GET_FILE_STATUS {volume=volume37245, bucket=bucket80016, key=testBatchDelete/parent/childFolder/child2, dataSize=0, replicationConfig=null} | ret=FAILURE
org.apache.hadoop.ozone.om.exceptions.OMException: Unable to get file status: volume: volume37245 bucket: bucket80016 key: testBatchDelete/parent/childFolder/child2
	at org.apache.hadoop.ozone.om.KeyManagerImpl.getOzoneFileStatus(KeyManagerImpl.java:1227) ~[ozone-manager-1.4.0-SNAPSHOT.jar:?]
	at org.apache.hadoop.ozone.om.KeyManagerImpl.getFileStatus(KeyManagerImpl.java:1145) ~[ozone-manager-1.4.0-SNAPSHOT.jar:?]
	at org.apache.hadoop.ozone.om.OmMetadataReader.getFileStatus(OmMetadataReader.java:266) ~[ozone-manager-1.4.0-SNAPSHOT.jar:?]
	at org.apache.hadoop.ozone.om.OzoneManager.getFileStatus(OzoneManager.java:3585) ~[ozone-manager-1.4.0-SNAPSHOT.jar:?]
	at org.apache.hadoop.ozone.protocolPB.OzoneManagerRequestHandler.getOzoneFileStatus(OzoneManagerRequestHandler.java:998) ~[ozone-manager-1.4.0-SNAPSHOT.jar:?]
	at org.apache.hadoop.ozone.protocolPB.OzoneManagerRequestHandler.handleReadRequest(OzoneManagerRequestHandler.java:259) ~[ozone-manager-1.4.0-SNAPSHOT.jar:?]
	at org.apache.hadoop.ozone.protocolPB.OzoneManagerProtocolServerSideTranslatorPB.submitRequestDirectlyToOM(OzoneManagerProtocolServerSideTranslatorPB.java:274) ~[ozone-manager-1.4.0-SNAPSHOT.jar:?]
	at org.apache.hadoop.ozone.protocolPB.OzoneManagerProtocolServerSideTranslatorPB.processRequest(OzoneManagerProtocolServerSideTranslatorPB.java:175) ~[ozone-manager-1.4.0-SNAPSHOT.jar:?]
	at org.apache.hadoop.hdds.server.OzoneProtocolMessageDispatcher.processRequest(OzoneProtocolMessageDispatcher.java:87) [hdds-server-framework-1.4.0-SNAPSHOT.jar:?]
	at org.apache.hadoop.ozone.protocolPB.OzoneManagerProtocolServerSideTranslatorPB.submitRequest(OzoneManagerProtocolServerSideTranslatorPB.java:148) [ozone-manager-1.4.0-SNAPSHOT.jar:?]
	at org.apache.hadoop.ozone.protocol.proto.OzoneManagerProtocolProtos$OzoneManagerService$2.callBlockingMethod(OzoneManagerProtocolProtos.java) [ozone-interface-client-1.4.0-SNAPSHOT.jar:?]
	at org.apache.hadoop.ipc.ProtobufRpcEngine$Server.processCall(ProtobufRpcEngine.java:484) [hadoop-common-3.3.6.jar:?]
	at org.apache.hadoop.ipc.ProtobufRpcEngine2$Server$ProtoBufRpcInvoker.call(ProtobufRpcEngine2.java:595) [hadoop-common-3.3.6.jar:?]
	at org.apache.hadoop.ipc.ProtobufRpcEngine2$Server$ProtoBufRpcInvoker.call(ProtobufRpcEngine2.java:573) [hadoop-common-3.3.6.jar:?]
	at org.apache.hadoop.ipc.RPC$Server.call(RPC.java:1227) [hadoop-common-3.3.6.jar:?]
	at org.apache.hadoop.ipc.Server$RpcCall.run(Server.java:1094) [hadoop-common-3.3.6.jar:?]
	at org.apache.hadoop.ipc.Server$RpcCall.run(Server.java:1017) [hadoop-common-3.3.6.jar:?]
	at java.security.AccessController.doPrivileged(Native Method) ~[?:1.8.0_382]
	at javax.security.auth.Subject.doAs(Subject.java:422) [?:1.8.0_382]
	at org.apache.hadoop.security.UserGroupInformation.doAs(UserGroupInformation.java:1899) [hadoop-common-3.3.6.jar:?]
	at org.apache.hadoop.ipc.Server$Handler.run(Server.java:3048) [hadoop-common-3.3.6.jar:?]
17:33:53.083 [IPC Server handler 13 on default port 15163] ERROR OMAudit - user=runner | ip=127.0.0.1 | op=GET_FILE_STATUS {volume=volume37245, bucket=bucket80016, key=testBatchDelete/parent/child3, dataSize=0, replicationConfig=null} | ret=FAILURE
org.apache.hadoop.ozone.om.exceptions.OMException: Unable to get file status: volume: volume37245 bucket: bucket80016 key: testBatchDelete/parent/child3
	at org.apache.hadoop.ozone.om.KeyManagerImpl.getOzoneFileStatus(KeyManagerImpl.java:1227) ~[ozone-manager-1.4.0-SNAPSHOT.jar:?]
	at org.apache.hadoop.ozone.om.KeyManagerImpl.getFileStatus(KeyManagerImpl.java:1145) ~[ozone-manager-1.4.0-SNAPSHOT.jar:?]
	at org.apache.hadoop.ozone.om.OmMetadataReader.getFileStatus(OmMetadataReader.java:266) ~[ozone-manager-1.4.0-SNAPSHOT.jar:?]
	at org.apache.hadoop.ozone.om.OzoneManager.getFileStatus(OzoneManager.java:3585) ~[ozone-manager-1.4.0-SNAPSHOT.jar:?]
	at org.apache.hadoop.ozone.protocolPB.OzoneManagerRequestHandler.getOzoneFileStatus(OzoneManagerRequestHandler.java:998) ~[ozone-manager-1.4.0-SNAPSHOT.jar:?]
	at org.apache.hadoop.ozone.protocolPB.OzoneManagerRequestHandler.handleReadRequest(OzoneManagerRequestHandler.java:259) ~[ozone-manager-1.4.0-SNAPSHOT.jar:?]
	at org.apache.hadoop.ozone.protocolPB.OzoneManagerProtocolServerSideTranslatorPB.submitRequestDirectlyToOM(OzoneManagerProtocolServerSideTranslatorPB.java:274) ~[ozone-manager-1.4.0-SNAPSHOT.jar:?]
	at org.apache.hadoop.ozone.protocolPB.OzoneManagerProtocolServerSideTranslatorPB.processRequest(OzoneManagerProtocolServerSideTranslatorPB.java:175) ~[ozone-manager-1.4.0-SNAPSHOT.jar:?]
	at org.apache.hadoop.hdds.server.OzoneProtocolMessageDispatcher.processRequest(OzoneProtocolMessageDispatcher.java:87) [hdds-server-framework-1.4.0-SNAPSHOT.jar:?]
	at org.apache.hadoop.ozone.protocolPB.OzoneManagerProtocolServerSideTranslatorPB.submitRequest(OzoneManagerProtocolServerSideTranslatorPB.java:148) [ozone-manager-1.4.0-SNAPSHOT.jar:?]
	at org.apache.hadoop.ozone.protocol.proto.OzoneManagerProtocolProtos$OzoneManagerService$2.callBlockingMethod(OzoneManagerProtocolProtos.java) [ozone-interface-client-1.4.0-SNAPSHOT.jar:?]
	at org.apache.hadoop.ipc.ProtobufRpcEngine$Server.processCall(ProtobufRpcEngine.java:484) [hadoop-common-3.3.6.jar:?]
	at org.apache.hadoop.ipc.ProtobufRpcEngine2$Server$ProtoBufRpcInvoker.call(ProtobufRpcEngine2.java:595) [hadoop-common-3.3.6.jar:?]
	at org.apache.hadoop.ipc.ProtobufRpcEngine2$Server$ProtoBufRpcInvoker.call(ProtobufRpcEngine2.java:573) [hadoop-common-3.3.6.jar:?]
	at org.apache.hadoop.ipc.RPC$Server.call(RPC.java:1227) [hadoop-common-3.3.6.jar:?]
	at org.apache.hadoop.ipc.Server$RpcCall.run(Server.java:1094) [hadoop-common-3.3.6.jar:?]
	at org.apache.hadoop.ipc.Server$RpcCall.run(Server.java:1017) [hadoop-common-3.3.6.jar:?]
	at java.security.AccessController.doPrivileged(Native Method) ~[?:1.8.0_382]
	at javax.security.auth.Subject.doAs(Subject.java:422) [?:1.8.0_382]
	at org.apache.hadoop.security.UserGroupInformation.doAs(UserGroupInformation.java:1899) [hadoop-common-3.3.6.jar:?]
	at org.apache.hadoop.ipc.Server$Handler.run(Server.java:3048) [hadoop-common-3.3.6.jar:?]
17:33:53.084 [IPC Server handler 0 on default port 15163] ERROR OMAudit - user=runner | ip=127.0.0.1 | op=GET_FILE_STATUS {volume=volume37245, bucket=bucket80016, key=testBatchDelete/parent/childFolder/child3, dataSize=0, replicationConfig=null} | ret=FAILURE
org.apache.hadoop.ozone.om.exceptions.OMException: Unable to get file status: volume: volume37245 bucket: bucket80016 key: testBatchDelete/parent/childFolder/child3
	at org.apache.hadoop.ozone.om.KeyManagerImpl.getOzoneFileStatus(KeyManagerImpl.java:1227) ~[ozone-manager-1.4.0-SNAPSHOT.jar:?]
	at org.apache.hadoop.ozone.om.KeyManagerImpl.getFileStatus(KeyManagerImpl.java:1145) ~[ozone-manager-1.4.0-SNAPSHOT.jar:?]
	at org.apache.hadoop.ozone.om.OmMetadataReader.getFileStatus(OmMetadataReader.java:266) ~[ozone-manager-1.4.0-SNAPSHOT.jar:?]
	at org.apache.hadoop.ozone.om.OzoneManager.getFileStatus(OzoneManager.java:3585) ~[ozone-manager-1.4.0-SNAPSHOT.jar:?]
	at org.apache.hadoop.ozone.protocolPB.OzoneManagerRequestHandler.getOzoneFileStatus(OzoneManagerRequestHandler.java:998) ~[ozone-manager-1.4.0-SNAPSHOT.jar:?]
	at org.apache.hadoop.ozone.protocolPB.OzoneManagerRequestHandler.handleReadRequest(OzoneManagerRequestHandler.java:259) ~[ozone-manager-1.4.0-SNAPSHOT.jar:?]
	at org.apache.hadoop.ozone.protocolPB.OzoneManagerProtocolServerSideTranslatorPB.submitRequestDirectlyToOM(OzoneManagerProtocolServerSideTranslatorPB.java:274) ~[ozone-manager-1.4.0-SNAPSHOT.jar:?]
	at org.apache.hadoop.ozone.protocolPB.OzoneManagerProtocolServerSideTranslatorPB.processRequest(OzoneManagerProtocolServerSideTranslatorPB.java:175) ~[ozone-manager-1.4.0-SNAPSHOT.jar:?]
	at org.apache.hadoop.hdds.server.OzoneProtocolMessageDispatcher.processRequest(OzoneProtocolMessageDispatcher.java:87) [hdds-server-framework-1.4.0-SNAPSHOT.jar:?]
	at org.apache.hadoop.ozone.protocolPB.OzoneManagerProtocolServerSideTranslatorPB.submitRequest(OzoneManagerProtocolServerSideTranslatorPB.java:148) [ozone-manager-1.4.0-SNAPSHOT.jar:?]
	at org.apache.hadoop.ozone.protocol.proto.OzoneManagerProtocolProtos$OzoneManagerService$2.callBlockingMethod(OzoneManagerProtocolProtos.java) [ozone-interface-client-1.4.0-SNAPSHOT.jar:?]
	at org.apache.hadoop.ipc.ProtobufRpcEngine$Server.processCall(ProtobufRpcEngine.java:484) [hadoop-common-3.3.6.jar:?]
	at org.apache.hadoop.ipc.ProtobufRpcEngine2$Server$ProtoBufRpcInvoker.call(ProtobufRpcEngine2.java:595) [hadoop-common-3.3.6.jar:?]
	at org.apache.hadoop.ipc.ProtobufRpcEngine2$Server$ProtoBufRpcInvoker.call(ProtobufRpcEngine2.java:573) [hadoop-common-3.3.6.jar:?]
	at org.apache.hadoop.ipc.RPC$Server.call(RPC.java:1227) [hadoop-common-3.3.6.jar:?]
	at org.apache.hadoop.ipc.Server$RpcCall.run(Server.java:1094) [hadoop-common-3.3.6.jar:?]
	at org.apache.hadoop.ipc.Server$RpcCall.run(Server.java:1017) [hadoop-common-3.3.6.jar:?]
	at java.security.AccessController.doPrivileged(Native Method) ~[?:1.8.0_382]
	at javax.security.auth.Subject.doAs(Subject.java:422) [?:1.8.0_382]
	at org.apache.hadoop.security.UserGroupInformation.doAs(UserGroupInformation.java:1899) [hadoop-common-3.3.6.jar:?]
	at org.apache.hadoop.ipc.Server$Handler.run(Server.java:3048) [hadoop-common-3.3.6.jar:?]
17:33:53.085 [IPC Server handler 2 on default port 15163] ERROR OMAudit - user=runner | ip=127.0.0.1 | op=GET_FILE_STATUS {volume=volume37245, bucket=bucket80016, key=testBatchDelete/parent/child4, dataSize=0, replicationConfig=null} | ret=FAILURE
org.apache.hadoop.ozone.om.exceptions.OMException: Unable to get file status: volume: volume37245 bucket: bucket80016 key: testBatchDelete/parent/child4
	at org.apache.hadoop.ozone.om.KeyManagerImpl.getOzoneFileStatus(KeyManagerImpl.java:1227) ~[ozone-manager-1.4.0-SNAPSHOT.jar:?]
	at org.apache.hadoop.ozone.om.KeyManagerImpl.getFileStatus(KeyManagerImpl.java:1145) ~[ozone-manager-1.4.0-SNAPSHOT.jar:?]
	at org.apache.hadoop.ozone.om.OmMetadataReader.getFileStatus(OmMetadataReader.java:266) ~[ozone-manager-1.4.0-SNAPSHOT.jar:?]
	at org.apache.hadoop.ozone.om.OzoneManager.getFileStatus(OzoneManager.java:3585) ~[ozone-manager-1.4.0-SNAPSHOT.jar:?]
	at org.apache.hadoop.ozone.protocolPB.OzoneManagerRequestHandler.getOzoneFileStatus(OzoneManagerRequestHandler.java:998) ~[ozone-manager-1.4.0-SNAPSHOT.jar:?]
	at org.apache.hadoop.ozone.protocolPB.OzoneManagerRequestHandler.handleReadRequest(OzoneManagerRequestHandler.java:259) ~[ozone-manager-1.4.0-SNAPSHOT.jar:?]
	at org.apache.hadoop.ozone.protocolPB.OzoneManagerProtocolServerSideTranslatorPB.submitRequestDirectlyToOM(OzoneManagerProtocolServerSideTranslatorPB.java:274) ~[ozone-manager-1.4.0-SNAPSHOT.jar:?]
	at org.apache.hadoop.ozone.protocolPB.OzoneManagerProtocolServerSideTranslatorPB.processRequest(OzoneManagerProtocolServerSideTranslatorPB.java:175) ~[ozone-manager-1.4.0-SNAPSHOT.jar:?]
	at org.apache.hadoop.hdds.server.OzoneProtocolMessageDispatcher.processRequest(OzoneProtocolMessageDispatcher.java:87) [hdds-server-framework-1.4.0-SNAPSHOT.jar:?]
	at org.apache.hadoop.ozone.protocolPB.OzoneManagerProtocolServerSideTranslatorPB.submitRequest(OzoneManagerProtocolServerSideTranslatorPB.java:148) [ozone-manager-1.4.0-SNAPSHOT.jar:?]
	at org.apache.hadoop.ozone.protocol.proto.OzoneManagerProtocolProtos$OzoneManagerService$2.callBlockingMethod(OzoneManagerProtocolProtos.java) [ozone-interface-client-1.4.0-SNAPSHOT.jar:?]
	at org.apache.hadoop.ipc.ProtobufRpcEngine$Server.processCall(ProtobufRpcEngine.java:484) [hadoop-common-3.3.6.jar:?]
	at org.apache.hadoop.ipc.ProtobufRpcEngine2$Server$ProtoBufRpcInvoker.call(ProtobufRpcEngine2.java:595) [hadoop-common-3.3.6.jar:?]
	at org.apache.hadoop.ipc.ProtobufRpcEngine2$Server$ProtoBufRpcInvoker.call(ProtobufRpcEngine2.java:573) [hadoop-common-3.3.6.jar:?]
	at org.apache.hadoop.ipc.RPC$Server.call(RPC.java:1227) [hadoop-common-3.3.6.jar:?]
	at org.apache.hadoop.ipc.Server$RpcCall.run(Server.java:1094) [hadoop-common-3.3.6.jar:?]
	at org.apache.hadoop.ipc.Server$RpcCall.run(Server.java:1017) [hadoop-common-3.3.6.jar:?]
	at java.security.AccessController.doPrivileged(Native Method) ~[?:1.8.0_382]
	at javax.security.auth.Subject.doAs(Subject.java:422) [?:1.8.0_382]
	at org.apache.hadoop.security.UserGroupInformation.doAs(UserGroupInformation.java:1899) [hadoop-common-3.3.6.jar:?]
	at org.apache.hadoop.ipc.Server$Handler.run(Server.java:3048) [hadoop-common-3.3.6.jar:?]
17:33:53.086 [IPC Server handler 1 on default port 15163] ERROR OMAudit - user=runner | ip=127.0.0.1 | op=GET_FILE_STATUS {volume=volume37245, bucket=bucket80016, key=testBatchDelete/parent/childFolder/child4, dataSize=0, replicationConfig=null} | ret=FAILURE
org.apache.hadoop.ozone.om.exceptions.OMException: Unable to get file status: volume: volume37245 bucket: bucket80016 key: testBatchDelete/parent/childFolder/child4
	at org.apache.hadoop.ozone.om.KeyManagerImpl.getOzoneFileStatus(KeyManagerImpl.java:1227) ~[ozone-manager-1.4.0-SNAPSHOT.jar:?]
	at org.apache.hadoop.ozone.om.KeyManagerImpl.getFileStatus(KeyManagerImpl.java:1145) ~[ozone-manager-1.4.0-SNAPSHOT.jar:?]
	at org.apache.hadoop.ozone.om.OmMetadataReader.getFileStatus(OmMetadataReader.java:266) ~[ozone-manager-1.4.0-SNAPSHOT.jar:?]
	at org.apache.hadoop.ozone.om.OzoneManager.getFileStatus(OzoneManager.java:3585) ~[ozone-manager-1.4.0-SNAPSHOT.jar:?]
	at org.apache.hadoop.ozone.protocolPB.OzoneManagerRequestHandler.getOzoneFileStatus(OzoneManagerRequestHandler.java:998) ~[ozone-manager-1.4.0-SNAPSHOT.jar:?]
	at org.apache.hadoop.ozone.protocolPB.OzoneManagerRequestHandler.handleReadRequest(OzoneManagerRequestHandler.java:259) ~[ozone-manager-1.4.0-SNAPSHOT.jar:?]
	at org.apache.hadoop.ozone.protocolPB.OzoneManagerProtocolServerSideTranslatorPB.submitRequestDirectlyToOM(OzoneManagerProtocolServerSideTranslatorPB.java:274) ~[ozone-manager-1.4.0-SNAPSHOT.jar:?]
	at org.apache.hadoop.ozone.protocolPB.OzoneManagerProtocolServerSideTranslatorPB.processRequest(OzoneManagerProtocolServerSideTranslatorPB.java:175) ~[ozone-manager-1.4.0-SNAPSHOT.jar:?]
	at org.apache.hadoop.hdds.server.OzoneProtocolMessageDispatcher.processRequest(OzoneProtocolMessageDispatcher.java:87) [hdds-server-framework-1.4.0-SNAPSHOT.jar:?]
	at org.apache.hadoop.ozone.protocolPB.OzoneManagerProtocolServerSideTranslatorPB.submitRequest(OzoneManagerProtocolServerSideTranslatorPB.java:148) [ozone-manager-1.4.0-SNAPSHOT.jar:?]
	at org.apache.hadoop.ozone.protocol.proto.OzoneManagerProtocolProtos$OzoneManagerService$2.callBlockingMethod(OzoneManagerProtocolProtos.java) [ozone-interface-client-1.4.0-SNAPSHOT.jar:?]
	at org.apache.hadoop.ipc.ProtobufRpcEngine$Server.processCall(ProtobufRpcEngine.java:484) [hadoop-common-3.3.6.jar:?]
	at org.apache.hadoop.ipc.ProtobufRpcEngine2$Server$ProtoBufRpcInvoker.call(ProtobufRpcEngine2.java:595) [hadoop-common-3.3.6.jar:?]
	at org.apache.hadoop.ipc.ProtobufRpcEngine2$Server$ProtoBufRpcInvoker.call(ProtobufRpcEngine2.java:573) [hadoop-common-3.3.6.jar:?]
	at org.apache.hadoop.ipc.RPC$Server.call(RPC.java:1227) [hadoop-common-3.3.6.jar:?]
	at org.apache.hadoop.ipc.Server$RpcCall.run(Server.java:1094) [hadoop-common-3.3.6.jar:?]
	at org.apache.hadoop.ipc.Server$RpcCall.run(Server.java:1017) [hadoop-common-3.3.6.jar:?]
	at java.security.AccessController.doPrivileged(Native Method) ~[?:1.8.0_382]
	at javax.security.auth.Subject.doAs(Subject.java:422) [?:1.8.0_382]
	at org.apache.hadoop.security.UserGroupInformation.doAs(UserGroupInformation.java:1899) [hadoop-common-3.3.6.jar:?]
	at org.apache.hadoop.ipc.Server$Handler.run(Server.java:3048) [hadoop-common-3.3.6.jar:?]
17:33:53.087 [IPC Server handler 3 on default port 15163] ERROR OMAudit - user=runner | ip=127.0.0.1 | op=GET_FILE_STATUS {volume=volume37245, bucket=bucket80016, key=testBatchDelete/parent/child5, dataSize=0, replicationConfig=null} | ret=FAILURE
org.apache.hadoop.ozone.om.exceptions.OMException: Unable to get file status: volume: volume37245 bucket: bucket80016 key: testBatchDelete/parent/child5
	at org.apache.hadoop.ozone.om.KeyManagerImpl.getOzoneFileStatus(KeyManagerImpl.java:1227) ~[ozone-manager-1.4.0-SNAPSHOT.jar:?]
	at org.apache.hadoop.ozone.om.KeyManagerImpl.getFileStatus(KeyManagerImpl.java:1145) ~[ozone-manager-1.4.0-SNAPSHOT.jar:?]
	at org.apache.hadoop.ozone.om.OmMetadataReader.getFileStatus(OmMetadataReader.java:266) ~[ozone-manager-1.4.0-SNAPSHOT.jar:?]
	at org.apache.hadoop.ozone.om.OzoneManager.getFileStatus(OzoneManager.java:3585) ~[ozone-manager-1.4.0-SNAPSHOT.jar:?]
	at org.apache.hadoop.ozone.protocolPB.OzoneManagerRequestHandler.getOzoneFileStatus(OzoneManagerRequestHandler.java:998) ~[ozone-manager-1.4.0-SNAPSHOT.jar:?]
	at org.apache.hadoop.ozone.protocolPB.OzoneManagerRequestHandler.handleReadRequest(OzoneManagerRequestHandler.java:259) ~[ozone-manager-1.4.0-SNAPSHOT.jar:?]
	at org.apache.hadoop.ozone.protocolPB.OzoneManagerProtocolServerSideTranslatorPB.submitRequestDirectlyToOM(OzoneManagerProtocolServerSideTranslatorPB.java:274) ~[ozone-manager-1.4.0-SNAPSHOT.jar:?]
	at org.apache.hadoop.ozone.protocolPB.OzoneManagerProtocolServerSideTranslatorPB.processRequest(OzoneManagerProtocolServerSideTranslatorPB.java:175) ~[ozone-manager-1.4.0-SNAPSHOT.jar:?]
	at org.apache.hadoop.hdds.server.OzoneProtocolMessageDispatcher.processRequest(OzoneProtocolMessageDispatcher.java:87) [hdds-server-framework-1.4.0-SNAPSHOT.jar:?]
	at org.apache.hadoop.ozone.protocolPB.OzoneManagerProtocolServerSideTranslatorPB.submitRequest(OzoneManagerProtocolServerSideTranslatorPB.java:148) [ozone-manager-1.4.0-SNAPSHOT.jar:?]
	at org.apache.hadoop.ozone.protocol.proto.OzoneManagerProtocolProtos$OzoneManagerService$2.callBlockingMethod(OzoneManagerProtocolProtos.java) [ozone-interface-client-1.4.0-SNAPSHOT.jar:?]
	at org.apache.hadoop.ipc.ProtobufRpcEngine$Server.processCall(ProtobufRpcEngine.java:484) [hadoop-common-3.3.6.jar:?]
	at org.apache.hadoop.ipc.ProtobufRpcEngine2$Server$ProtoBufRpcInvoker.call(ProtobufRpcEngine2.java:595) [hadoop-common-3.3.6.jar:?]
	at org.apache.hadoop.ipc.ProtobufRpcEngine2$Server$ProtoBufRpcInvoker.call(ProtobufRpcEngine2.java:573) [hadoop-common-3.3.6.jar:?]
	at org.apache.hadoop.ipc.RPC$Server.call(RPC.java:1227) [hadoop-common-3.3.6.jar:?]
	at org.apache.hadoop.ipc.Server$RpcCall.run(Server.java:1094) [hadoop-common-3.3.6.jar:?]
	at org.apache.hadoop.ipc.Server$RpcCall.run(Server.java:1017) [hadoop-common-3.3.6.jar:?]
	at java.security.AccessController.doPrivileged(Native Method) ~[?:1.8.0_382]
	at javax.security.auth.Subject.doAs(Subject.java:422) [?:1.8.0_382]
	at org.apache.hadoop.security.UserGroupInformation.doAs(UserGroupInformation.java:1899) [hadoop-common-3.3.6.jar:?]
	at org.apache.hadoop.ipc.Server$Handler.run(Server.java:3048) [hadoop-common-3.3.6.jar:?]
17:33:53.088 [IPC Server handler 6 on default port 15163] ERROR OMAudit - user=runner | ip=127.0.0.1 | op=GET_FILE_STATUS {volume=volume37245, bucket=bucket80016, key=testBatchDelete/parent/childFolder/child5, dataSize=0, replicationConfig=null} | ret=FAILURE
org.apache.hadoop.ozone.om.exceptions.OMException: Unable to get file status: volume: volume37245 bucket: bucket80016 key: testBatchDelete/parent/childFolder/child5
	at org.apache.hadoop.ozone.om.KeyManagerImpl.getOzoneFileStatus(KeyManagerImpl.java:1227) ~[ozone-manager-1.4.0-SNAPSHOT.jar:?]
	at org.apache.hadoop.ozone.om.KeyManagerImpl.getFileStatus(KeyManagerImpl.java:1145) ~[ozone-manager-1.4.0-SNAPSHOT.jar:?]
	at org.apache.hadoop.ozone.om.OmMetadataReader.getFileStatus(OmMetadataReader.java:266) ~[ozone-manager-1.4.0-SNAPSHOT.jar:?]
	at org.apache.hadoop.ozone.om.OzoneManager.getFileStatus(OzoneManager.java:3585) ~[ozone-manager-1.4.0-SNAPSHOT.jar:?]
	at org.apache.hadoop.ozone.protocolPB.OzoneManagerRequestHandler.getOzoneFileStatus(OzoneManagerRequestHandler.java:998) ~[ozone-manager-1.4.0-SNAPSHOT.jar:?]
	at org.apache.hadoop.ozone.protocolPB.OzoneManagerRequestHandler.handleReadRequest(OzoneManagerRequestHandler.java:259) ~[ozone-manager-1.4.0-SNAPSHOT.jar:?]
	at org.apache.hadoop.ozone.protocolPB.OzoneManagerProtocolServerSideTranslatorPB.submitRequestDirectlyToOM(OzoneManagerProtocolServerSideTranslatorPB.java:274) ~[ozone-manager-1.4.0-SNAPSHOT.jar:?]
	at org.apache.hadoop.ozone.protocolPB.OzoneManagerProtocolServerSideTranslatorPB.processRequest(OzoneManagerProtocolServerSideTranslatorPB.java:175) ~[ozone-manager-1.4.0-SNAPSHOT.jar:?]
	at org.apache.hadoop.hdds.server.OzoneProtocolMessageDispatcher.processRequest(OzoneProtocolMessageDispatcher.java:87) [hdds-server-framework-1.4.0-SNAPSHOT.jar:?]
	at org.apache.hadoop.ozone.protocolPB.OzoneManagerProtocolServerSideTranslatorPB.submitRequest(OzoneManagerProtocolServerSideTranslatorPB.java:148) [ozone-manager-1.4.0-SNAPSHOT.jar:?]
	at org.apache.hadoop.ozone.protocol.proto.OzoneManagerProtocolProtos$OzoneManagerService$2.callBlockingMethod(OzoneManagerProtocolProtos.java) [ozone-interface-client-1.4.0-SNAPSHOT.jar:?]
	at org.apache.hadoop.ipc.ProtobufRpcEngine$Server.processCall(ProtobufRpcEngine.java:484) [hadoop-common-3.3.6.jar:?]
	at org.apache.hadoop.ipc.ProtobufRpcEngine2$Server$ProtoBufRpcInvoker.call(ProtobufRpcEngine2.java:595) [hadoop-common-3.3.6.jar:?]
	at org.apache.hadoop.ipc.ProtobufRpcEngine2$Server$ProtoBufRpcInvoker.call(ProtobufRpcEngine2.java:573) [hadoop-common-3.3.6.jar:?]
	at org.apache.hadoop.ipc.RPC$Server.call(RPC.java:1227) [hadoop-common-3.3.6.jar:?]
	at org.apache.hadoop.ipc.Server$RpcCall.run(Server.java:1094) [hadoop-common-3.3.6.jar:?]
	at org.apache.hadoop.ipc.Server$RpcCall.run(Server.java:1017) [hadoop-common-3.3.6.jar:?]
	at java.security.AccessController.doPrivileged(Native Method) ~[?:1.8.0_382]
	at javax.security.auth.Subject.doAs(Subject.java:422) [?:1.8.0_382]
	at org.apache.hadoop.security.UserGroupInformation.doAs(UserGroupInformation.java:1899) [hadoop-common-3.3.6.jar:?]
	at org.apache.hadoop.ipc.Server$Handler.run(Server.java:3048) [hadoop-common-3.3.6.jar:?]
17:33:53.089 [IPC Server handler 4 on default port 15163] ERROR OMAudit - user=runner | ip=127.0.0.1 | op=GET_FILE_STATUS {volume=volume37245, bucket=bucket80016, key=testBatchDelete/parent/child6, dataSize=0, replicationConfig=null} | ret=FAILURE
org.apache.hadoop.ozone.om.exceptions.OMException: Unable to get file status: volume: volume37245 bucket: bucket80016 key: testBatchDelete/parent/child6
	at org.apache.hadoop.ozone.om.KeyManagerImpl.getOzoneFileStatus(KeyManagerImpl.java:1227) ~[ozone-manager-1.4.0-SNAPSHOT.jar:?]
	at org.apache.hadoop.ozone.om.KeyManagerImpl.getFileStatus(KeyManagerImpl.java:1145) ~[ozone-manager-1.4.0-SNAPSHOT.jar:?]
	at org.apache.hadoop.ozone.om.OmMetadataReader.getFileStatus(OmMetadataReader.java:266) ~[ozone-manager-1.4.0-SNAPSHOT.jar:?]
	at org.apache.hadoop.ozone.om.OzoneManager.getFileStatus(OzoneManager.java:3585) ~[ozone-manager-1.4.0-SNAPSHOT.jar:?]
	at org.apache.hadoop.ozone.protocolPB.OzoneManagerRequestHandler.getOzoneFileStatus(OzoneManagerRequestHandler.java:998) ~[ozone-manager-1.4.0-SNAPSHOT.jar:?]
	at org.apache.hadoop.ozone.protocolPB.OzoneManagerRequestHandler.handleReadRequest(OzoneManagerRequestHandler.java:259) ~[ozone-manager-1.4.0-SNAPSHOT.jar:?]
	at org.apache.hadoop.ozone.protocolPB.OzoneManagerProtocolServerSideTranslatorPB.submitRequestDirectlyToOM(OzoneManagerProtocolServerSideTranslatorPB.java:274) ~[ozone-manager-1.4.0-SNAPSHOT.jar:?]
	at org.apache.hadoop.ozone.protocolPB.OzoneManagerProtocolServerSideTranslatorPB.processRequest(OzoneManagerProtocolServerSideTranslatorPB.java:175) ~[ozone-manager-1.4.0-SNAPSHOT.jar:?]
	at org.apache.hadoop.hdds.server.OzoneProtocolMessageDispatcher.processRequest(OzoneProtocolMessageDispatcher.java:87) [hdds-server-framework-1.4.0-SNAPSHOT.jar:?]
	at org.apache.hadoop.ozone.protocolPB.OzoneManagerProtocolServerSideTranslatorPB.submitRequest(OzoneManagerProtocolServerSideTranslatorPB.java:148) [ozone-manager-1.4.0-SNAPSHOT.jar:?]
	at org.apache.hadoop.ozone.protocol.proto.OzoneManagerProtocolProtos$OzoneManagerService$2.callBlockingMethod(OzoneManagerProtocolProtos.java) [ozone-interface-client-1.4.0-SNAPSHOT.jar:?]
	at org.apache.hadoop.ipc.ProtobufRpcEngine$Server.processCall(ProtobufRpcEngine.java:484) [hadoop-common-3.3.6.jar:?]
	at org.apache.hadoop.ipc.ProtobufRpcEngine2$Server$ProtoBufRpcInvoker.call(ProtobufRpcEngine2.java:595) [hadoop-common-3.3.6.jar:?]
	at org.apache.hadoop.ipc.ProtobufRpcEngine2$Server$ProtoBufRpcInvoker.call(ProtobufRpcEngine2.java:573) [hadoop-common-3.3.6.jar:?]
	at org.apache.hadoop.ipc.RPC$Server.call(RPC.java:1227) [hadoop-common-3.3.6.jar:?]
	at org.apache.hadoop.ipc.Server$RpcCall.run(Server.java:1094) [hadoop-common-3.3.6.jar:?]
	at org.apache.hadoop.ipc.Server$RpcCall.run(Server.java:1017) [hadoop-common-3.3.6.jar:?]
	at java.security.AccessController.doPrivileged(Native Method) ~[?:1.8.0_382]
	at javax.security.auth.Subject.doAs(Subject.java:422) [?:1.8.0_382]
	at org.apache.hadoop.security.UserGroupInformation.doAs(UserGroupInformation.java:1899) [hadoop-common-3.3.6.jar:?]
	at org.apache.hadoop.ipc.Server$Handler.run(Server.java:3048) [hadoop-common-3.3.6.jar:?]
17:33:53.090 [IPC Server handler 7 on default port 15163] ERROR OMAudit - user=runner | ip=127.0.0.1 | op=GET_FILE_STATUS {volume=volume37245, bucket=bucket80016, key=testBatchDelete/parent/childFolder/child6, dataSize=0, replicationConfig=null} | ret=FAILURE
org.apache.hadoop.ozone.om.exceptions.OMException: Unable to get file status: volume: volume37245 bucket: bucket80016 key: testBatchDelete/parent/childFolder/child6
	at org.apache.hadoop.ozone.om.KeyManagerImpl.getOzoneFileStatus(KeyManagerImpl.java:1227) ~[ozone-manager-1.4.0-SNAPSHOT.jar:?]
	at org.apache.hadoop.ozone.om.KeyManagerImpl.getFileStatus(KeyManagerImpl.java:1145) ~[ozone-manager-1.4.0-SNAPSHOT.jar:?]
	at org.apache.hadoop.ozone.om.OmMetadataReader.getFileStatus(OmMetadataReader.java:266) ~[ozone-manager-1.4.0-SNAPSHOT.jar:?]
	at org.apache.hadoop.ozone.om.OzoneManager.getFileStatus(OzoneManager.java:3585) ~[ozone-manager-1.4.0-SNAPSHOT.jar:?]
	at org.apache.hadoop.ozone.protocolPB.OzoneManagerRequestHandler.getOzoneFileStatus(OzoneManagerRequestHandler.java:998) ~[ozone-manager-1.4.0-SNAPSHOT.jar:?]
	at org.apache.hadoop.ozone.protocolPB.OzoneManagerRequestHandler.handleReadRequest(OzoneManagerRequestHandler.java:259) ~[ozone-manager-1.4.0-SNAPSHOT.jar:?]
	at org.apache.hadoop.ozone.protocolPB.OzoneManagerProtocolServerSideTranslatorPB.submitRequestDirectlyToOM(OzoneManagerProtocolServerSideTranslatorPB.java:274) ~[ozone-manager-1.4.0-SNAPSHOT.jar:?]
	at org.apache.hadoop.ozone.protocolPB.OzoneManagerProtocolServerSideTranslatorPB.processRequest(OzoneManagerProtocolServerSideTranslatorPB.java:175) ~[ozone-manager-1.4.0-SNAPSHOT.jar:?]
	at org.apache.hadoop.hdds.server.OzoneProtocolMessageDispatcher.processRequest(OzoneProtocolMessageDispatcher.java:87) [hdds-server-framework-1.4.0-SNAPSHOT.jar:?]
	at org.apache.hadoop.ozone.protocolPB.OzoneManagerProtocolServerSideTranslatorPB.submitRequest(OzoneManagerProtocolServerSideTranslatorPB.java:148) [ozone-manager-1.4.0-SNAPSHOT.jar:?]
	at org.apache.hadoop.ozone.protocol.proto.OzoneManagerProtocolProtos$OzoneManagerService$2.callBlockingMethod(OzoneManagerProtocolProtos.java) [ozone-interface-client-1.4.0-SNAPSHOT.jar:?]
	at org.apache.hadoop.ipc.ProtobufRpcEngine$Server.processCall(ProtobufRpcEngine.java:484) [hadoop-common-3.3.6.jar:?]
	at org.apache.hadoop.ipc.ProtobufRpcEngine2$Server$ProtoBufRpcInvoker.call(ProtobufRpcEngine2.java:595) [hadoop-common-3.3.6.jar:?]
	at org.apache.hadoop.ipc.ProtobufRpcEngine2$Server$ProtoBufRpcInvoker.call(ProtobufRpcEngine2.java:573) [hadoop-common-3.3.6.jar:?]
	at org.apache.hadoop.ipc.RPC$Server.call(RPC.java:1227) [hadoop-common-3.3.6.jar:?]
	at org.apache.hadoop.ipc.Server$RpcCall.run(Server.java:1094) [hadoop-common-3.3.6.jar:?]
	at org.apache.hadoop.ipc.Server$RpcCall.run(Server.java:1017) [hadoop-common-3.3.6.jar:?]
	at java.security.AccessController.doPrivileged(Native Method) ~[?:1.8.0_382]
	at javax.security.auth.Subject.doAs(Subject.java:422) [?:1.8.0_382]
	at org.apache.hadoop.security.UserGroupInformation.doAs(UserGroupInformation.java:1899) [hadoop-common-3.3.6.jar:?]
	at org.apache.hadoop.ipc.Server$Handler.run(Server.java:3048) [hadoop-common-3.3.6.jar:?]
17:33:53.091 [IPC Server handler 5 on default port 15163] ERROR OMAudit - user=runner | ip=127.0.0.1 | op=GET_FILE_STATUS {volume=volume37245, bucket=bucket80016, key=testBatchDelete/parent/child7, dataSize=0, replicationConfig=null} | ret=FAILURE
org.apache.hadoop.ozone.om.exceptions.OMException: Unable to get file status: volume: volume37245 bucket: bucket80016 key: testBatchDelete/parent/child7
	at org.apache.hadoop.ozone.om.KeyManagerImpl.getOzoneFileStatus(KeyManagerImpl.java:1227) ~[ozone-manager-1.4.0-SNAPSHOT.jar:?]
	at org.apache.hadoop.ozone.om.KeyManagerImpl.getFileStatus(KeyManagerImpl.java:1145) ~[ozone-manager-1.4.0-SNAPSHOT.jar:?]
	at org.apache.hadoop.ozone.om.OmMetadataReader.getFileStatus(OmMetadataReader.java:266) ~[ozone-manager-1.4.0-SNAPSHOT.jar:?]
	at org.apache.hadoop.ozone.om.OzoneManager.getFileStatus(OzoneManager.java:3585) ~[ozone-manager-1.4.0-SNAPSHOT.jar:?]
	at org.apache.hadoop.ozone.protocolPB.OzoneManagerRequestHandler.getOzoneFileStatus(OzoneManagerRequestHandler.java:998) ~[ozone-manager-1.4.0-SNAPSHOT.jar:?]
	at org.apache.hadoop.ozone.protocolPB.OzoneManagerRequestHandler.handleReadRequest(OzoneManagerRequestHandler.java:259) ~[ozone-manager-1.4.0-SNAPSHOT.jar:?]
	at org.apache.hadoop.ozone.protocolPB.OzoneManagerProtocolServerSideTranslatorPB.submitRequestDirectlyToOM(OzoneManagerProtocolServerSideTranslatorPB.java:274) ~[ozone-manager-1.4.0-SNAPSHOT.jar:?]
	at org.apache.hadoop.ozone.protocolPB.OzoneManagerProtocolServerSideTranslatorPB.processRequest(OzoneManagerProtocolServerSideTranslatorPB.java:175) ~[ozone-manager-1.4.0-SNAPSHOT.jar:?]
	at org.apache.hadoop.hdds.server.OzoneProtocolMessageDispatcher.processRequest(OzoneProtocolMessageDispatcher.java:87) [hdds-server-framework-1.4.0-SNAPSHOT.jar:?]
	at org.apache.hadoop.ozone.protocolPB.OzoneManagerProtocolServerSideTranslatorPB.submitRequest(OzoneManagerProtocolServerSideTranslatorPB.java:148) [ozone-manager-1.4.0-SNAPSHOT.jar:?]
	at org.apache.hadoop.ozone.protocol.proto.OzoneManagerProtocolProtos$OzoneManagerService$2.callBlockingMethod(OzoneManagerProtocolProtos.java) [ozone-interface-client-1.4.0-SNAPSHOT.jar:?]
	at org.apache.hadoop.ipc.ProtobufRpcEngine$Server.processCall(ProtobufRpcEngine.java:484) [hadoop-common-3.3.6.jar:?]
	at org.apache.hadoop.ipc.ProtobufRpcEngine2$Server$ProtoBufRpcInvoker.call(ProtobufRpcEngine2.java:595) [hadoop-common-3.3.6.jar:?]
	at org.apache.hadoop.ipc.ProtobufRpcEngine2$Server$ProtoBufRpcInvoker.call(ProtobufRpcEngine2.java:573) [hadoop-common-3.3.6.jar:?]
	at org.apache.hadoop.ipc.RPC$Server.call(RPC.java:1227) [hadoop-common-3.3.6.jar:?]
	at org.apache.hadoop.ipc.Server$RpcCall.run(Server.java:1094) [hadoop-common-3.3.6.jar:?]
	at org.apache.hadoop.ipc.Server$RpcCall.run(Server.java:1017) [hadoop-common-3.3.6.jar:?]
	at java.security.AccessController.doPrivileged(Native Method) ~[?:1.8.0_382]
	at javax.security.auth.Subject.doAs(Subject.java:422) [?:1.8.0_382]
	at org.apache.hadoop.security.UserGroupInformation.doAs(UserGroupInformation.java:1899) [hadoop-common-3.3.6.jar:?]
	at org.apache.hadoop.ipc.Server$Handler.run(Server.java:3048) [hadoop-common-3.3.6.jar:?]
17:33:53.093 [IPC Server handler 10 on default port 15163] ERROR OMAudit - user=runner | ip=127.0.0.1 | op=GET_FILE_STATUS {volume=volume37245, bucket=bucket80016, key=testBatchDelete/parent/childFolder/child7, dataSize=0, replicationConfig=null} | ret=FAILURE
org.apache.hadoop.ozone.om.exceptions.OMException: Unable to get file status: volume: volume37245 bucket: bucket80016 key: testBatchDelete/parent/childFolder/child7
	at org.apache.hadoop.ozone.om.KeyManagerImpl.getOzoneFileStatus(KeyManagerImpl.java:1227) ~[ozone-manager-1.4.0-SNAPSHOT.jar:?]
	at org.apache.hadoop.ozone.om.KeyManagerImpl.getFileStatus(KeyManagerImpl.java:1145) ~[ozone-manager-1.4.0-SNAPSHOT.jar:?]
	at org.apache.hadoop.ozone.om.OmMetadataReader.getFileStatus(OmMetadataReader.java:266) ~[ozone-manager-1.4.0-SNAPSHOT.jar:?]
	at org.apache.hadoop.ozone.om.OzoneManager.getFileStatus(OzoneManager.java:3585) ~[ozone-manager-1.4.0-SNAPSHOT.jar:?]
	at org.apache.hadoop.ozone.protocolPB.OzoneManagerRequestHandler.getOzoneFileStatus(OzoneManagerRequestHandler.java:998) ~[ozone-manager-1.4.0-SNAPSHOT.jar:?]
	at org.apache.hadoop.ozone.protocolPB.OzoneManagerRequestHandler.handleReadRequest(OzoneManagerRequestHandler.java:259) ~[ozone-manager-1.4.0-SNAPSHOT.jar:?]
	at org.apache.hadoop.ozone.protocolPB.OzoneManagerProtocolServerSideTranslatorPB.submitRequestDirectlyToOM(OzoneManagerProtocolServerSideTranslatorPB.java:274) ~[ozone-manager-1.4.0-SNAPSHOT.jar:?]
	at org.apache.hadoop.ozone.protocolPB.OzoneManagerProtocolServerSideTranslatorPB.processRequest(OzoneManagerProtocolServerSideTranslatorPB.java:175) ~[ozone-manager-1.4.0-SNAPSHOT.jar:?]
	at org.apache.hadoop.hdds.server.OzoneProtocolMessageDispatcher.processRequest(OzoneProtocolMessageDispatcher.java:87) [hdds-server-framework-1.4.0-SNAPSHOT.jar:?]
	at org.apache.hadoop.ozone.protocolPB.OzoneManagerProtocolServerSideTranslatorPB.submitRequest(OzoneManagerProtocolServerSideTranslatorPB.java:148) [ozone-manager-1.4.0-SNAPSHOT.jar:?]
	at org.apache.hadoop.ozone.protocol.proto.OzoneManagerProtocolProtos$OzoneManagerService$2.callBlockingMethod(OzoneManagerProtocolProtos.java) [ozone-interface-client-1.4.0-SNAPSHOT.jar:?]
	at org.apache.hadoop.ipc.ProtobufRpcEngine$Server.processCall(ProtobufRpcEngine.java:484) [hadoop-common-3.3.6.jar:?]
	at org.apache.hadoop.ipc.ProtobufRpcEngine2$Server$ProtoBufRpcInvoker.call(ProtobufRpcEngine2.java:595) [hadoop-common-3.3.6.jar:?]
	at org.apache.hadoop.ipc.ProtobufRpcEngine2$Server$ProtoBufRpcInvoker.call(ProtobufRpcEngine2.java:573) [hadoop-common-3.3.6.jar:?]
	at org.apache.hadoop.ipc.RPC$Server.call(RPC.java:1227) [hadoop-common-3.3.6.jar:?]
	at org.apache.hadoop.ipc.Server$RpcCall.run(Server.java:1094) [hadoop-common-3.3.6.jar:?]
	at org.apache.hadoop.ipc.Server$RpcCall.run(Server.java:1017) [hadoop-common-3.3.6.jar:?]
	at java.security.AccessController.doPrivileged(Native Method) ~[?:1.8.0_382]
	at javax.security.auth.Subject.doAs(Subject.java:422) [?:1.8.0_382]
	at org.apache.hadoop.security.UserGroupInformation.doAs(UserGroupInformation.java:1899) [hadoop-common-3.3.6.jar:?]
	at org.apache.hadoop.ipc.Server$Handler.run(Server.java:3048) [hadoop-common-3.3.6.jar:?]
17:33:53.094 [IPC Server handler 8 on default port 15163] ERROR OMAudit - user=runner | ip=127.0.0.1 | op=GET_FILE_STATUS {volume=volume37245, bucket=bucket80016, key=testBatchDelete/parent, dataSize=0, replicationConfig=null} | ret=FAILURE
org.apache.hadoop.ozone.om.exceptions.OMException: Unable to get file status: volume: volume37245 bucket: bucket80016 key: testBatchDelete/parent
	at org.apache.hadoop.ozone.om.KeyManagerImpl.getOzoneFileStatus(KeyManagerImpl.java:1227) ~[ozone-manager-1.4.0-SNAPSHOT.jar:?]
	at org.apache.hadoop.ozone.om.KeyManagerImpl.getFileStatus(KeyManagerImpl.java:1145) ~[ozone-manager-1.4.0-SNAPSHOT.jar:?]
	at org.apache.hadoop.ozone.om.OmMetadataReader.getFileStatus(OmMetadataReader.java:266) ~[ozone-manager-1.4.0-SNAPSHOT.jar:?]
	at org.apache.hadoop.ozone.om.OzoneManager.getFileStatus(OzoneManager.java:3585) ~[ozone-manager-1.4.0-SNAPSHOT.jar:?]
	at org.apache.hadoop.ozone.protocolPB.OzoneManagerRequestHandler.getOzoneFileStatus(OzoneManagerRequestHandler.java:998) ~[ozone-manager-1.4.0-SNAPSHOT.jar:?]
	at org.apache.hadoop.ozone.protocolPB.OzoneManagerRequestHandler.handleReadRequest(OzoneManagerRequestHandler.java:259) ~[ozone-manager-1.4.0-SNAPSHOT.jar:?]
	at org.apache.hadoop.ozone.protocolPB.OzoneManagerProtocolServerSideTranslatorPB.submitRequestDirectlyToOM(OzoneManagerProtocolServerSideTranslatorPB.java:274) ~[ozone-manager-1.4.0-SNAPSHOT.jar:?]
	at org.apache.hadoop.ozone.protocolPB.OzoneManagerProtocolServerSideTranslatorPB.processRequest(OzoneManagerProtocolServerSideTranslatorPB.java:175) ~[ozone-manager-1.4.0-SNAPSHOT.jar:?]
	at org.apache.hadoop.hdds.server.OzoneProtocolMessageDispatcher.processRequest(OzoneProtocolMessageDispatcher.java:87) [hdds-server-framework-1.4.0-SNAPSHOT.jar:?]
	at org.apache.hadoop.ozone.protocolPB.OzoneManagerProtocolServerSideTranslatorPB.submitRequest(OzoneManagerProtocolServerSideTranslatorPB.java:148) [ozone-manager-1.4.0-SNAPSHOT.jar:?]
	at org.apache.hadoop.ozone.protocol.proto.OzoneManagerProtocolProtos$OzoneManagerService$2.callBlockingMethod(OzoneManagerProtocolProtos.java) [ozone-interface-client-1.4.0-SNAPSHOT.jar:?]
	at org.apache.hadoop.ipc.ProtobufRpcEngine$Server.processCall(ProtobufRpcEngine.java:484) [hadoop-common-3.3.6.jar:?]
	at org.apache.hadoop.ipc.ProtobufRpcEngine2$Server$ProtoBufRpcInvoker.call(ProtobufRpcEngine2.java:595) [hadoop-common-3.3.6.jar:?]
	at org.apache.hadoop.ipc.ProtobufRpcEngine2$Server$ProtoBufRpcInvoker.call(ProtobufRpcEngine2.java:573) [hadoop-common-3.3.6.jar:?]
	at org.apache.hadoop.ipc.RPC$Server.call(RPC.java:1227) [hadoop-common-3.3.6.jar:?]
	at org.apache.hadoop.ipc.Server$RpcCall.run(Server.java:1094) [hadoop-common-3.3.6.jar:?]
	at org.apache.hadoop.ipc.Server$RpcCall.run(Server.java:1017) [hadoop-common-3.3.6.jar:?]
	at java.security.AccessController.doPrivileged(Native Method) ~[?:1.8.0_382]
	at javax.security.auth.Subject.doAs(Subject.java:422) [?:1.8.0_382]
	at org.apache.hadoop.security.UserGroupInformation.doAs(UserGroupInformation.java:1899) [hadoop-common-3.3.6.jar:?]
	at org.apache.hadoop.ipc.Server$Handler.run(Server.java:3048) [hadoop-common-3.3.6.jar:?]
2023-10-04 17:33:53,095 [Time-limited test] WARN  ozone.BasicOzoneFileSystem (BasicOzoneFileSystem.java:delete(607)) - delete: Path does not exist: /testBatchDelete/parent
]]></system-out>
  </testcase>
  <testcase name="testListStatusIteratorOnPageSize" classname="TestOzoneFileSystem" time="51.146">
    <system-out><![CDATA[2023-10-04 17:30:26,460 [JvmPauseMonitor4] WARN  util.JvmPauseMonitor (JvmPauseMonitor.java:detectPause(124)) - JvmPauseMonitor-de7ceff0-6407-4127-9c69-f263aab5871b: Detected pause in JVM or host machine approximately 0.102s with 0.107s GC time.
GC pool 'PS Scavenge' had collection(s): count=1 time=107ms
2023-10-04 17:30:26,460 [JvmPauseMonitor1] WARN  util.JvmPauseMonitor (JvmPauseMonitor.java:detectPause(124)) - JvmPauseMonitor-om1: Detected pause in JVM or host machine approximately 0.103s with 0.107s GC time.
GC pool 'PS Scavenge' had collection(s): count=1 time=107ms
2023-10-04 17:30:26,460 [JvmPauseMonitor0] WARN  util.JvmPauseMonitor (JvmPauseMonitor.java:detectPause(124)) - JvmPauseMonitor-d53c3346-9e96-443f-a5e0-ee7e99ee2cae: Detected pause in JVM or host machine approximately 0.104s with 0.107s GC time.
GC pool 'PS Scavenge' had collection(s): count=1 time=107ms
2023-10-04 17:30:26,460 [JvmPauseMonitor3] WARN  util.JvmPauseMonitor (JvmPauseMonitor.java:detectPause(124)) - JvmPauseMonitor-f9d37fed-45fc-460e-afd0-cdcd65402720: Detected pause in JVM or host machine approximately 0.105s with 0.107s GC time.
GC pool 'PS Scavenge' had collection(s): count=1 time=107ms
2023-10-04 17:30:26,460 [JvmPauseMonitor5] WARN  util.JvmPauseMonitor (JvmPauseMonitor.java:detectPause(124)) - JvmPauseMonitor-7f6f1d5e-e678-44b5-b81f-6e760b4e5c8d: Detected pause in JVM or host machine approximately 0.105s with 0.107s GC time.
GC pool 'PS Scavenge' had collection(s): count=1 time=107ms
2023-10-04 17:30:31,690 [IPC Server handler 6 on default port 15001] INFO  ha.SequenceIdGenerator (SequenceIdGenerator.java:getNextId(140)) - Allocate a batch for delTxnId, change lastId from 0 to 1000.
2023-10-04 17:30:34,915 [BlockDeletingService#0] INFO  interfaces.ContainerDeletionChoosingPolicyTemplate (ContainerDeletionChoosingPolicyTemplate.java:chooseContainerForBlockDeletion(85)) - Chosen 0/5000 blocks from 0 candidate containers.
2023-10-04 17:30:35,318 [BlockDeletingService#0] INFO  interfaces.ContainerDeletionChoosingPolicyTemplate (ContainerDeletionChoosingPolicyTemplate.java:chooseContainerForBlockDeletion(85)) - Chosen 0/5000 blocks from 0 candidate containers.
2023-10-04 17:30:35,725 [BlockDeletingService#0] INFO  interfaces.ContainerDeletionChoosingPolicyTemplate (ContainerDeletionChoosingPolicyTemplate.java:chooseContainerForBlockDeletion(85)) - Chosen 0/5000 blocks from 0 candidate containers.
2023-10-04 17:30:36,097 [BlockDeletingService#0] INFO  interfaces.ContainerDeletionChoosingPolicyTemplate (ContainerDeletionChoosingPolicyTemplate.java:chooseContainerForBlockDeletion(85)) - Chosen 0/5000 blocks from 0 candidate containers.
2023-10-04 17:30:36,389 [BlockDeletingService#0] INFO  interfaces.ContainerDeletionChoosingPolicyTemplate (ContainerDeletionChoosingPolicyTemplate.java:chooseContainerForBlockDeletion(85)) - Chosen 0/5000 blocks from 0 candidate containers.
]]></system-out>
  </testcase>
  <testcase name="testListStatusIteratorOnPageSize" classname="TestOzoneFileSystem" time="35.265">
    <system-out><![CDATA[2023-10-04 17:31:30,236 [JvmPauseMonitor12] WARN  util.JvmPauseMonitor (JvmPauseMonitor.java:detectPause(124)) - JvmPauseMonitor-0cce5ae1-4d90-47eb-b549-a29c890f95a0: Detected pause in JVM or host machine approximately 0.109s with 0.184s GC time.
GC pool 'PS Scavenge' had collection(s): count=1 time=184ms
2023-10-04 17:31:30,241 [JvmPauseMonitor8] WARN  util.JvmPauseMonitor (JvmPauseMonitor.java:detectPause(124)) - JvmPauseMonitor-dc804d76-1418-4556-a31a-035c47003839: Detected pause in JVM or host machine approximately 0.155s with 0.184s GC time.
GC pool 'PS Scavenge' had collection(s): count=1 time=184ms
2023-10-04 17:31:35,199 [JvmPauseMonitor9] WARN  util.JvmPauseMonitor (JvmPauseMonitor.java:detectPause(124)) - JvmPauseMonitor-2fe9f5bb-a002-4881-945d-f328dd53395c: Detected pause in JVM or host machine approximately 0.159s with 0.157s GC time.
GC pool 'PS Scavenge' had collection(s): count=1 time=157ms
]]></system-out>
  </testcase>
  <testcase name="testListStatusIteratorOnPageSize" classname="TestOzoneFileSystem" time="41.749">
    <system-out><![CDATA[2023-10-04 17:32:44,379 [JvmPauseMonitor15] WARN  util.JvmPauseMonitor (JvmPauseMonitor.java:detectPause(124)) - JvmPauseMonitor-om1: Detected pause in JVM or host machine approximately 0.117s with 0.277s GC time.
GC pool 'PS Scavenge' had collection(s): count=1 time=277ms
2023-10-04 17:32:44,379 [JvmPauseMonitor16] WARN  util.JvmPauseMonitor (JvmPauseMonitor.java:detectPause(124)) - JvmPauseMonitor-d23c53d9-b989-4348-8850-bf4ef4487d70: Detected pause in JVM or host machine approximately 0.129s with 0.277s GC time.
GC pool 'PS Scavenge' had collection(s): count=1 time=277ms
2023-10-04 17:32:44,382 [JvmPauseMonitor19] WARN  util.JvmPauseMonitor (JvmPauseMonitor.java:detectPause(124)) - JvmPauseMonitor-5e228e04-cf62-4945-aefc-fa5aaa85c140: Detected pause in JVM or host machine approximately 0.183s with 0.277s GC time.
GC pool 'PS Scavenge' had collection(s): count=1 time=277ms
2023-10-04 17:32:51,709 [JvmPauseMonitor20] WARN  util.JvmPauseMonitor (JvmPauseMonitor.java:detectPause(124)) - JvmPauseMonitor-312da513-429c-495f-b386-218bb2e3f38b: Detected pause in JVM or host machine approximately 0.128s with 0.131s GC time.
GC pool 'PS Scavenge' had collection(s): count=1 time=131ms
2023-10-04 17:32:51,709 [JvmPauseMonitor17] WARN  util.JvmPauseMonitor (JvmPauseMonitor.java:detectPause(124)) - JvmPauseMonitor-e56d6440-7293-4017-8843-e114a3ddb5c0: Detected pause in JVM or host machine approximately 0.128s with 0.131s GC time.
GC pool 'PS Scavenge' had collection(s): count=1 time=131ms
2023-10-04 17:33:12,077 [JvmPauseMonitor17] WARN  util.JvmPauseMonitor (JvmPauseMonitor.java:detectPause(124)) - JvmPauseMonitor-e56d6440-7293-4017-8843-e114a3ddb5c0: Detected pause in JVM or host machine approximately 0.862s with 1.204s GC time.
GC pool 'PS MarkSweep' had collection(s): count=1 time=1006ms
GC pool 'PS Scavenge' had collection(s): count=1 time=198ms
2023-10-04 17:33:12,077 [JvmPauseMonitor20] WARN  util.JvmPauseMonitor (JvmPauseMonitor.java:detectPause(124)) - JvmPauseMonitor-312da513-429c-495f-b386-218bb2e3f38b: Detected pause in JVM or host machine approximately 0.862s with 1.204s GC time.
GC pool 'PS MarkSweep' had collection(s): count=1 time=1006ms
GC pool 'PS Scavenge' had collection(s): count=1 time=198ms
2023-10-04 17:33:12,087 [JvmPauseMonitor16] WARN  util.JvmPauseMonitor (JvmPauseMonitor.java:detectPause(124)) - JvmPauseMonitor-d23c53d9-b989-4348-8850-bf4ef4487d70: Detected pause in JVM or host machine approximately 1.197s with 1.204s GC time.
GC pool 'PS MarkSweep' had collection(s): count=1 time=1006ms
GC pool 'PS Scavenge' had collection(s): count=1 time=198ms
2023-10-04 17:33:12,088 [JvmPauseMonitor18] WARN  util.JvmPauseMonitor (JvmPauseMonitor.java:detectPause(124)) - JvmPauseMonitor-ac124e44-4b53-434d-bcce-b5d7b0204421: Detected pause in JVM or host machine approximately 1.202s with 1.204s GC time.
GC pool 'PS MarkSweep' had collection(s): count=1 time=1006ms
GC pool 'PS Scavenge' had collection(s): count=1 time=198ms
2023-10-04 17:33:12,088 [JvmPauseMonitor15] WARN  util.JvmPauseMonitor (JvmPauseMonitor.java:detectPause(124)) - JvmPauseMonitor-om1: Detected pause in JVM or host machine approximately 1.203s with 1.204s GC time.
GC pool 'PS MarkSweep' had collection(s): count=1 time=1006ms
GC pool 'PS Scavenge' had collection(s): count=1 time=198ms
2023-10-04 17:33:12,088 [JvmPauseMonitor19] WARN  util.JvmPauseMonitor (JvmPauseMonitor.java:detectPause(124)) - JvmPauseMonitor-5e228e04-cf62-4945-aefc-fa5aaa85c140: Detected pause in JVM or host machine approximately 1.198s with 1.204s GC time.
GC pool 'PS MarkSweep' had collection(s): count=1 time=1006ms
GC pool 'PS Scavenge' had collection(s): count=1 time=198ms
2023-10-04 17:33:12,088 [JvmPauseMonitor14] WARN  util.JvmPauseMonitor (JvmPauseMonitor.java:detectPause(124)) - JvmPauseMonitor-df360eb4-b639-4961-97fd-60003646c8ff: Detected pause in JVM or host machine approximately 1.202s with 1.204s GC time.
GC pool 'PS MarkSweep' had collection(s): count=1 time=1006ms
GC pool 'PS Scavenge' had collection(s): count=1 time=198ms
2023-10-04 17:33:15,773 [IPC Server handler 2 on default port 15107] INFO  ha.SequenceIdGenerator (SequenceIdGenerator.java:getNextId(140)) - Allocate a batch for delTxnId, change lastId from 0 to 1000.
]]></system-out>
  </testcase>
  <testcase name="testListStatusIteratorOnPageSize" classname="TestOzoneFileSystem" time="33.825"/>
  <testcase name="testListStatusWithIntermediateDir" classname="TestOzoneFileSystem" time="0.063">
    <system-out><![CDATA[2023-10-04 17:30:45,336 [OM StateMachine ApplyTransaction Thread - 0] WARN  helpers.QuotaUtil (QuotaUtil.java:getReplicatedSize(63)) - Unknown replication type 'STAND_ALONE'. Returning original data size.
2023-10-04 17:30:45,342 [Time-limited test] WARN  helpers.QuotaUtil (QuotaUtil.java:getReplicatedSize(63)) - Unknown replication type 'STAND_ALONE'. Returning original data size.
2023-10-04 17:30:45,352 [Time-limited test] WARN  helpers.QuotaUtil (QuotaUtil.java:getReplicatedSize(63)) - Unknown replication type 'STAND_ALONE'. Returning original data size.
2023-10-04 17:30:45,353 [Time-limited test] WARN  helpers.QuotaUtil (QuotaUtil.java:getReplicatedSize(63)) - Unknown replication type 'STAND_ALONE'. Returning original data size.
2023-10-04 17:30:45,355 [Time-limited test] WARN  helpers.QuotaUtil (QuotaUtil.java:getReplicatedSize(63)) - Unknown replication type 'STAND_ALONE'. Returning original data size.
]]></system-out>
  </testcase>
  <testcase name="testListStatusWithIntermediateDir" classname="TestOzoneFileSystem" time="0.043">
    <system-out><![CDATA[2023-10-04 17:32:00,125 [IPC Server handler 13 on default port 15057] WARN  helpers.QuotaUtil (QuotaUtil.java:getReplicatedSize(63)) - Unknown replication type 'STAND_ALONE'. Returning original data size.
2023-10-04 17:32:00,130 [Time-limited test] WARN  helpers.QuotaUtil (QuotaUtil.java:getReplicatedSize(63)) - Unknown replication type 'STAND_ALONE'. Returning original data size.
2023-10-04 17:32:00,136 [Time-limited test] WARN  helpers.QuotaUtil (QuotaUtil.java:getReplicatedSize(63)) - Unknown replication type 'STAND_ALONE'. Returning original data size.
2023-10-04 17:32:00,137 [Time-limited test] WARN  helpers.QuotaUtil (QuotaUtil.java:getReplicatedSize(63)) - Unknown replication type 'STAND_ALONE'. Returning original data size.
2023-10-04 17:32:00,138 [Time-limited test] WARN  helpers.QuotaUtil (QuotaUtil.java:getReplicatedSize(63)) - Unknown replication type 'STAND_ALONE'. Returning original data size.
]]></system-out>
  </testcase>
  <testcase name="testListStatusWithIntermediateDir" classname="TestOzoneFileSystem" time="0.043">
    <system-out><![CDATA[2023-10-04 17:33:17,040 [OM StateMachine ApplyTransaction Thread - 0] WARN  helpers.QuotaUtil (QuotaUtil.java:getReplicatedSize(63)) - Unknown replication type 'STAND_ALONE'. Returning original data size.
2023-10-04 17:33:17,047 [Time-limited test] WARN  helpers.QuotaUtil (QuotaUtil.java:getReplicatedSize(63)) - Unknown replication type 'STAND_ALONE'. Returning original data size.
2023-10-04 17:33:17,053 [Time-limited test] WARN  helpers.QuotaUtil (QuotaUtil.java:getReplicatedSize(63)) - Unknown replication type 'STAND_ALONE'. Returning original data size.
]]></system-out>
  </testcase>
  <testcase name="testListStatusWithIntermediateDir" classname="TestOzoneFileSystem" time="0.06">
    <system-out><![CDATA[2023-10-04 17:34:26,957 [IPC Server handler 14 on default port 15163] WARN  helpers.QuotaUtil (QuotaUtil.java:getReplicatedSize(63)) - Unknown replication type 'STAND_ALONE'. Returning original data size.
2023-10-04 17:34:26,964 [Time-limited test] WARN  helpers.QuotaUtil (QuotaUtil.java:getReplicatedSize(63)) - Unknown replication type 'STAND_ALONE'. Returning original data size.
2023-10-04 17:34:26,970 [Time-limited test] WARN  helpers.QuotaUtil (QuotaUtil.java:getReplicatedSize(63)) - Unknown replication type 'STAND_ALONE'. Returning original data size.
]]></system-out>
  </testcase>
  <testcase name="testRenameSourceAndDestinAreSame" classname="TestOzoneFileSystem" time="0.037"/>
  <testcase name="testRenameSourceAndDestinAreSame" classname="TestOzoneFileSystem" time="0.027"/>
  <testcase name="testRenameSourceAndDestinAreSame" classname="TestOzoneFileSystem" time="0.033"/>
  <testcase name="testRenameSourceAndDestinAreSame" classname="TestOzoneFileSystem" time="0.024"/>
  <testcase name="testListStatusIteratorWithDir" classname="TestOzoneFileSystem" time="0.071"/>
  <testcase name="testListStatusIteratorWithDir" classname="TestOzoneFileSystem" time="0.055"/>
  <testcase name="testListStatusIteratorWithDir" classname="TestOzoneFileSystem" time="0.065"/>
  <testcase name="testListStatusIteratorWithDir" classname="TestOzoneFileSystem" time="0.06"/>
  <testcase name="testListStatusOnLargeDirectory" classname="TestOzoneFileSystem" time="9.112"/>
  <testcase name="testListStatusOnLargeDirectory" classname="TestOzoneFileSystem" time="7.312">
    <system-out><![CDATA[2023-10-04 17:32:06,124 [IPC Server handler 10 on default port 15054] INFO  ha.SequenceIdGenerator (SequenceIdGenerator.java:getNextId(140)) - Allocate a batch for delTxnId, change lastId from 0 to 1000.
]]></system-out>
  </testcase>
  <testcase name="testListStatusOnLargeDirectory" classname="TestOzoneFileSystem" time="8.207">
    <system-out><![CDATA[2023-10-04 17:33:18,218 [BlockDeletingService#0] INFO  interfaces.ContainerDeletionChoosingPolicyTemplate (ContainerDeletionChoosingPolicyTemplate.java:chooseContainerForBlockDeletion(85)) - Chosen 0/5000 blocks from 0 candidate containers.
2023-10-04 17:33:18,541 [BlockDeletingService#0] INFO  interfaces.ContainerDeletionChoosingPolicyTemplate (ContainerDeletionChoosingPolicyTemplate.java:chooseContainerForBlockDeletion(85)) - Chosen 0/5000 blocks from 0 candidate containers.
2023-10-04 17:33:18,872 [BlockDeletingService#0] INFO  interfaces.ContainerDeletionChoosingPolicyTemplate (ContainerDeletionChoosingPolicyTemplate.java:chooseContainerForBlockDeletion(85)) - Chosen 0/5000 blocks from 0 candidate containers.
2023-10-04 17:33:19,202 [BlockDeletingService#0] INFO  interfaces.ContainerDeletionChoosingPolicyTemplate (ContainerDeletionChoosingPolicyTemplate.java:chooseContainerForBlockDeletion(85)) - Chosen 0/5000 blocks from 0 candidate containers.
2023-10-04 17:33:19,499 [BlockDeletingService#0] INFO  interfaces.ContainerDeletionChoosingPolicyTemplate (ContainerDeletionChoosingPolicyTemplate.java:chooseContainerForBlockDeletion(85)) - Chosen 0/5000 blocks from 0 candidate containers.
]]></system-out>
  </testcase>
  <testcase name="testListStatusOnLargeDirectory" classname="TestOzoneFileSystem" time="6.872"/>
  <testcase name="testFileSystemDeclaresCapability" classname="TestOzoneFileSystem" time="0.016"/>
  <testcase name="testFileSystemDeclaresCapability" classname="TestOzoneFileSystem" time="0.012"/>
  <testcase name="testFileSystemDeclaresCapability" classname="TestOzoneFileSystem" time="0.016"/>
  <testcase name="testFileSystemDeclaresCapability" classname="TestOzoneFileSystem" time="0.013"/>
  <testcase name="testCreateKeyShouldUseRefreshedBucketReplicationConfig" classname="TestOzoneFileSystem" time="0.366">
    <system-out><![CDATA[2023-10-04 17:30:54,624 [Time-limited test] INFO  rpc.RpcClient (RpcClient.java:createVolume(462)) - Creating Volume: volume97465, with user25126 as owner and space quota set to -1 bytes, counts quota set to -1
2023-10-04 17:30:54,629 [OM StateMachine ApplyTransaction Thread - 0] INFO  volume.OMVolumeCreateRequest (OMVolumeCreateRequest.java:validateAndUpdateCache(196)) - created volume:volume97465 for user:user25126
2023-10-04 17:30:54,632 [Time-limited test] INFO  rpc.RpcClient (RpcClient.java:createBucket(689)) - Creating Bucket: volume97465/bucket30989, with bucket layout LEGACY, runner as owner, Versioning false, Storage Type set to DISK and Encryption set to false, Replication Type set to server-side default replication type, Namespace Quota set to -1, Space Quota set to -1 
2023-10-04 17:30:54,635 [OM StateMachine ApplyTransaction Thread - 0] INFO  bucket.OMBucketCreateRequest (OMBucketCreateRequest.java:validateAndUpdateCache(270)) - created bucket: bucket30989 of layout LEGACY in volume: volume97465
2023-10-04 17:30:54,704 [IPC Server handler 14 on default port 15001] INFO  algorithms.SCMContainerPlacementRackScatter (SCMContainerPlacementRackScatter.java:chooseDatanodesInternal(370)) - Chosen nodes: [de7ceff0-6407-4127-9c69-f263aab5871b(fv-az453-706.hss2zji4abbufegd5wcf2so25h.dx.internal.cloudapp.net/10.1.0.20), f9d37fed-45fc-460e-afd0-cdcd65402720(fv-az453-706.hss2zji4abbufegd5wcf2so25h.dx.internal.cloudapp.net/10.1.0.20), 3f00e8f6-b1cf-4c66-adc6-49812d80e8b8(fv-az453-706.hss2zji4abbufegd5wcf2so25h.dx.internal.cloudapp.net/10.1.0.20), 7f6f1d5e-e678-44b5-b81f-6e760b4e5c8d(fv-az453-706.hss2zji4abbufegd5wcf2so25h.dx.internal.cloudapp.net/10.1.0.20), 49b21075-65f4-471d-b0a6-7943aa3ff632(fv-az453-706.hss2zji4abbufegd5wcf2so25h.dx.internal.cloudapp.net/10.1.0.20)]. isPolicySatisfied: true.
2023-10-04 17:30:54,706 [IPC Server handler 14 on default port 15001] INFO  pipeline.WritableECContainerProvider (WritableECContainerProvider.java:allocateContainer(211)) - Created and opened new pipeline Pipeline[ Id: 54d91fb6-8096-4ca4-bedb-dbebd2c3cb5b, Nodes: de7ceff0-6407-4127-9c69-f263aab5871b(fv-az453-706.hss2zji4abbufegd5wcf2so25h.dx.internal.cloudapp.net/10.1.0.20)f9d37fed-45fc-460e-afd0-cdcd65402720(fv-az453-706.hss2zji4abbufegd5wcf2so25h.dx.internal.cloudapp.net/10.1.0.20)3f00e8f6-b1cf-4c66-adc6-49812d80e8b8(fv-az453-706.hss2zji4abbufegd5wcf2so25h.dx.internal.cloudapp.net/10.1.0.20)7f6f1d5e-e678-44b5-b81f-6e760b4e5c8d(fv-az453-706.hss2zji4abbufegd5wcf2so25h.dx.internal.cloudapp.net/10.1.0.20)49b21075-65f4-471d-b0a6-7943aa3ff632(fv-az453-706.hss2zji4abbufegd5wcf2so25h.dx.internal.cloudapp.net/10.1.0.20), ReplicationConfig: EC{rs-3-2-1024k}, State:ALLOCATED, leaderId:, CreationTimestamp2023-10-04T17:30:54.704Z[Etc/UTC]]
2023-10-04 17:30:54,792 [Time-limited test] WARN  erasurecode.ErasureCodeNative (ErasureCodeNative.java:<clinit>(55)) - ISA-L support is not available in your platform... using builtin-java codec where applicable
2023-10-04 17:30:54,909 [IPC Server handler 12 on default port 15001] INFO  algorithms.SCMContainerPlacementRackScatter (SCMContainerPlacementRackScatter.java:chooseDatanodesInternal(370)) - Chosen nodes: [49b21075-65f4-471d-b0a6-7943aa3ff632(fv-az453-706.hss2zji4abbufegd5wcf2so25h.dx.internal.cloudapp.net/10.1.0.20), de7ceff0-6407-4127-9c69-f263aab5871b(fv-az453-706.hss2zji4abbufegd5wcf2so25h.dx.internal.cloudapp.net/10.1.0.20), 7f6f1d5e-e678-44b5-b81f-6e760b4e5c8d(fv-az453-706.hss2zji4abbufegd5wcf2so25h.dx.internal.cloudapp.net/10.1.0.20), f9d37fed-45fc-460e-afd0-cdcd65402720(fv-az453-706.hss2zji4abbufegd5wcf2so25h.dx.internal.cloudapp.net/10.1.0.20), 3f00e8f6-b1cf-4c66-adc6-49812d80e8b8(fv-az453-706.hss2zji4abbufegd5wcf2so25h.dx.internal.cloudapp.net/10.1.0.20)]. isPolicySatisfied: true.
2023-10-04 17:30:54,911 [IPC Server handler 12 on default port 15001] INFO  pipeline.WritableECContainerProvider (WritableECContainerProvider.java:allocateContainer(211)) - Created and opened new pipeline Pipeline[ Id: 16afc7ca-0351-49ef-ad23-c4bb87edd026, Nodes: 49b21075-65f4-471d-b0a6-7943aa3ff632(fv-az453-706.hss2zji4abbufegd5wcf2so25h.dx.internal.cloudapp.net/10.1.0.20)de7ceff0-6407-4127-9c69-f263aab5871b(fv-az453-706.hss2zji4abbufegd5wcf2so25h.dx.internal.cloudapp.net/10.1.0.20)7f6f1d5e-e678-44b5-b81f-6e760b4e5c8d(fv-az453-706.hss2zji4abbufegd5wcf2so25h.dx.internal.cloudapp.net/10.1.0.20)f9d37fed-45fc-460e-afd0-cdcd65402720(fv-az453-706.hss2zji4abbufegd5wcf2so25h.dx.internal.cloudapp.net/10.1.0.20)3f00e8f6-b1cf-4c66-adc6-49812d80e8b8(fv-az453-706.hss2zji4abbufegd5wcf2so25h.dx.internal.cloudapp.net/10.1.0.20), ReplicationConfig: EC{rs-3-2-1024k}, State:ALLOCATED, leaderId:, CreationTimestamp2023-10-04T17:30:54.909Z[Etc/UTC]]
]]></system-out>
  </testcase>
  <testcase name="testCreateKeyShouldUseRefreshedBucketReplicationConfig" classname="TestOzoneFileSystem" time="0.149">
    <system-out><![CDATA[2023-10-04 17:32:07,575 [Time-limited test] INFO  rpc.RpcClient (RpcClient.java:createVolume(462)) - Creating Volume: volume23236, with user27779 as owner and space quota set to -1 bytes, counts quota set to -1
2023-10-04 17:32:07,576 [IPC Server handler 19 on default port 15057] INFO  volume.OMVolumeCreateRequest (OMVolumeCreateRequest.java:validateAndUpdateCache(196)) - created volume:volume23236 for user:user27779
2023-10-04 17:32:07,577 [Time-limited test] INFO  rpc.RpcClient (RpcClient.java:createBucket(689)) - Creating Bucket: volume23236/bucket83570, with bucket layout LEGACY, runner as owner, Versioning false, Storage Type set to DISK and Encryption set to false, Replication Type set to server-side default replication type, Namespace Quota set to -1, Space Quota set to -1 
2023-10-04 17:32:07,578 [IPC Server handler 4 on default port 15057] INFO  bucket.OMBucketCreateRequest (OMBucketCreateRequest.java:validateAndUpdateCache(270)) - created bucket: bucket83570 of layout LEGACY in volume: volume23236
2023-10-04 17:32:07,616 [IPC Server handler 18 on default port 15054] INFO  algorithms.SCMContainerPlacementRackScatter (SCMContainerPlacementRackScatter.java:chooseDatanodesInternal(370)) - Chosen nodes: [91ebd182-a33d-46b0-9291-0e8ba30d2124(fv-az453-706.hss2zji4abbufegd5wcf2so25h.dx.internal.cloudapp.net/10.1.0.20), 0cce5ae1-4d90-47eb-b549-a29c890f95a0(fv-az453-706.hss2zji4abbufegd5wcf2so25h.dx.internal.cloudapp.net/10.1.0.20), 2fe9f5bb-a002-4881-945d-f328dd53395c(fv-az453-706.hss2zji4abbufegd5wcf2so25h.dx.internal.cloudapp.net/10.1.0.20), ce673aed-cb42-4983-a069-5a8880361102(fv-az453-706.hss2zji4abbufegd5wcf2so25h.dx.internal.cloudapp.net/10.1.0.20), 1bfab402-230e-4619-8c22-172305de1499(fv-az453-706.hss2zji4abbufegd5wcf2so25h.dx.internal.cloudapp.net/10.1.0.20)]. isPolicySatisfied: true.
2023-10-04 17:32:07,618 [IPC Server handler 18 on default port 15054] INFO  pipeline.WritableECContainerProvider (WritableECContainerProvider.java:allocateContainer(211)) - Created and opened new pipeline Pipeline[ Id: 1e80e24d-226e-492e-8580-c86589d79d8f, Nodes: 91ebd182-a33d-46b0-9291-0e8ba30d2124(fv-az453-706.hss2zji4abbufegd5wcf2so25h.dx.internal.cloudapp.net/10.1.0.20)0cce5ae1-4d90-47eb-b549-a29c890f95a0(fv-az453-706.hss2zji4abbufegd5wcf2so25h.dx.internal.cloudapp.net/10.1.0.20)2fe9f5bb-a002-4881-945d-f328dd53395c(fv-az453-706.hss2zji4abbufegd5wcf2so25h.dx.internal.cloudapp.net/10.1.0.20)ce673aed-cb42-4983-a069-5a8880361102(fv-az453-706.hss2zji4abbufegd5wcf2so25h.dx.internal.cloudapp.net/10.1.0.20)1bfab402-230e-4619-8c22-172305de1499(fv-az453-706.hss2zji4abbufegd5wcf2so25h.dx.internal.cloudapp.net/10.1.0.20), ReplicationConfig: EC{rs-3-2-1024k}, State:ALLOCATED, leaderId:, CreationTimestamp2023-10-04T17:32:07.617Z[Etc/UTC]]
2023-10-04 17:32:07,661 [IPC Server handler 14 on default port 15054] INFO  algorithms.SCMContainerPlacementRackScatter (SCMContainerPlacementRackScatter.java:chooseDatanodesInternal(370)) - Chosen nodes: [0cce5ae1-4d90-47eb-b549-a29c890f95a0(fv-az453-706.hss2zji4abbufegd5wcf2so25h.dx.internal.cloudapp.net/10.1.0.20), 2fe9f5bb-a002-4881-945d-f328dd53395c(fv-az453-706.hss2zji4abbufegd5wcf2so25h.dx.internal.cloudapp.net/10.1.0.20), 91ebd182-a33d-46b0-9291-0e8ba30d2124(fv-az453-706.hss2zji4abbufegd5wcf2so25h.dx.internal.cloudapp.net/10.1.0.20), ce673aed-cb42-4983-a069-5a8880361102(fv-az453-706.hss2zji4abbufegd5wcf2so25h.dx.internal.cloudapp.net/10.1.0.20), 1bfab402-230e-4619-8c22-172305de1499(fv-az453-706.hss2zji4abbufegd5wcf2so25h.dx.internal.cloudapp.net/10.1.0.20)]. isPolicySatisfied: true.
2023-10-04 17:32:07,663 [IPC Server handler 14 on default port 15054] INFO  pipeline.WritableECContainerProvider (WritableECContainerProvider.java:allocateContainer(211)) - Created and opened new pipeline Pipeline[ Id: 9fb72ee2-4247-4653-b2c3-08aee57ebe33, Nodes: 0cce5ae1-4d90-47eb-b549-a29c890f95a0(fv-az453-706.hss2zji4abbufegd5wcf2so25h.dx.internal.cloudapp.net/10.1.0.20)2fe9f5bb-a002-4881-945d-f328dd53395c(fv-az453-706.hss2zji4abbufegd5wcf2so25h.dx.internal.cloudapp.net/10.1.0.20)91ebd182-a33d-46b0-9291-0e8ba30d2124(fv-az453-706.hss2zji4abbufegd5wcf2so25h.dx.internal.cloudapp.net/10.1.0.20)ce673aed-cb42-4983-a069-5a8880361102(fv-az453-706.hss2zji4abbufegd5wcf2so25h.dx.internal.cloudapp.net/10.1.0.20)1bfab402-230e-4619-8c22-172305de1499(fv-az453-706.hss2zji4abbufegd5wcf2so25h.dx.internal.cloudapp.net/10.1.0.20), ReplicationConfig: EC{rs-3-2-1024k}, State:ALLOCATED, leaderId:, CreationTimestamp2023-10-04T17:32:07.661Z[Etc/UTC]]
]]></system-out>
  </testcase>
  <testcase name="testCreateKeyShouldUseRefreshedBucketReplicationConfig" classname="TestOzoneFileSystem" time="0.133">
    <system-out><![CDATA[2023-10-04 17:33:25,402 [Time-limited test] INFO  rpc.RpcClient (RpcClient.java:createVolume(462)) - Creating Volume: volume70107, with user56148 as owner and space quota set to -1 bytes, counts quota set to -1
2023-10-04 17:33:25,406 [OM StateMachine ApplyTransaction Thread - 0] INFO  volume.OMVolumeCreateRequest (OMVolumeCreateRequest.java:validateAndUpdateCache(196)) - created volume:volume70107 for user:user56148
2023-10-04 17:33:25,407 [Time-limited test] INFO  rpc.RpcClient (RpcClient.java:createBucket(689)) - Creating Bucket: volume70107/bucket32825, with bucket layout LEGACY, runner as owner, Versioning false, Storage Type set to DISK and Encryption set to false, Replication Type set to server-side default replication type, Namespace Quota set to -1, Space Quota set to -1 
2023-10-04 17:33:25,412 [OM StateMachine ApplyTransaction Thread - 0] INFO  bucket.OMBucketCreateRequest (OMBucketCreateRequest.java:validateAndUpdateCache(270)) - created bucket: bucket32825 of layout LEGACY in volume: volume70107
2023-10-04 17:33:25,445 [IPC Server handler 9 on default port 15107] INFO  algorithms.SCMContainerPlacementRackScatter (SCMContainerPlacementRackScatter.java:chooseDatanodesInternal(370)) - Chosen nodes: [5e228e04-cf62-4945-aefc-fa5aaa85c140(fv-az453-706.hss2zji4abbufegd5wcf2so25h.dx.internal.cloudapp.net/10.1.0.20), 312da513-429c-495f-b386-218bb2e3f38b(fv-az453-706.hss2zji4abbufegd5wcf2so25h.dx.internal.cloudapp.net/10.1.0.20), d23c53d9-b989-4348-8850-bf4ef4487d70(fv-az453-706.hss2zji4abbufegd5wcf2so25h.dx.internal.cloudapp.net/10.1.0.20), e56d6440-7293-4017-8843-e114a3ddb5c0(fv-az453-706.hss2zji4abbufegd5wcf2so25h.dx.internal.cloudapp.net/10.1.0.20), ac124e44-4b53-434d-bcce-b5d7b0204421(fv-az453-706.hss2zji4abbufegd5wcf2so25h.dx.internal.cloudapp.net/10.1.0.20)]. isPolicySatisfied: true.
2023-10-04 17:33:25,447 [IPC Server handler 9 on default port 15107] INFO  pipeline.WritableECContainerProvider (WritableECContainerProvider.java:allocateContainer(211)) - Created and opened new pipeline Pipeline[ Id: 257f0e49-34f8-4b07-8968-ea4aa1acad50, Nodes: 5e228e04-cf62-4945-aefc-fa5aaa85c140(fv-az453-706.hss2zji4abbufegd5wcf2so25h.dx.internal.cloudapp.net/10.1.0.20)312da513-429c-495f-b386-218bb2e3f38b(fv-az453-706.hss2zji4abbufegd5wcf2so25h.dx.internal.cloudapp.net/10.1.0.20)d23c53d9-b989-4348-8850-bf4ef4487d70(fv-az453-706.hss2zji4abbufegd5wcf2so25h.dx.internal.cloudapp.net/10.1.0.20)e56d6440-7293-4017-8843-e114a3ddb5c0(fv-az453-706.hss2zji4abbufegd5wcf2so25h.dx.internal.cloudapp.net/10.1.0.20)ac124e44-4b53-434d-bcce-b5d7b0204421(fv-az453-706.hss2zji4abbufegd5wcf2so25h.dx.internal.cloudapp.net/10.1.0.20), ReplicationConfig: EC{rs-3-2-1024k}, State:ALLOCATED, leaderId:, CreationTimestamp2023-10-04T17:33:25.445Z[Etc/UTC]]
2023-10-04 17:33:25,479 [IPC Server handler 1 on default port 15107] INFO  algorithms.SCMContainerPlacementRackScatter (SCMContainerPlacementRackScatter.java:chooseDatanodesInternal(370)) - Chosen nodes: [e56d6440-7293-4017-8843-e114a3ddb5c0(fv-az453-706.hss2zji4abbufegd5wcf2so25h.dx.internal.cloudapp.net/10.1.0.20), d23c53d9-b989-4348-8850-bf4ef4487d70(fv-az453-706.hss2zji4abbufegd5wcf2so25h.dx.internal.cloudapp.net/10.1.0.20), 5e228e04-cf62-4945-aefc-fa5aaa85c140(fv-az453-706.hss2zji4abbufegd5wcf2so25h.dx.internal.cloudapp.net/10.1.0.20), 312da513-429c-495f-b386-218bb2e3f38b(fv-az453-706.hss2zji4abbufegd5wcf2so25h.dx.internal.cloudapp.net/10.1.0.20), ac124e44-4b53-434d-bcce-b5d7b0204421(fv-az453-706.hss2zji4abbufegd5wcf2so25h.dx.internal.cloudapp.net/10.1.0.20)]. isPolicySatisfied: true.
2023-10-04 17:33:25,480 [IPC Server handler 1 on default port 15107] INFO  pipeline.WritableECContainerProvider (WritableECContainerProvider.java:allocateContainer(211)) - Created and opened new pipeline Pipeline[ Id: 2c8b5c90-4da9-42aa-bcf3-5483bf28b1e6, Nodes: e56d6440-7293-4017-8843-e114a3ddb5c0(fv-az453-706.hss2zji4abbufegd5wcf2so25h.dx.internal.cloudapp.net/10.1.0.20)d23c53d9-b989-4348-8850-bf4ef4487d70(fv-az453-706.hss2zji4abbufegd5wcf2so25h.dx.internal.cloudapp.net/10.1.0.20)5e228e04-cf62-4945-aefc-fa5aaa85c140(fv-az453-706.hss2zji4abbufegd5wcf2so25h.dx.internal.cloudapp.net/10.1.0.20)312da513-429c-495f-b386-218bb2e3f38b(fv-az453-706.hss2zji4abbufegd5wcf2so25h.dx.internal.cloudapp.net/10.1.0.20)ac124e44-4b53-434d-bcce-b5d7b0204421(fv-az453-706.hss2zji4abbufegd5wcf2so25h.dx.internal.cloudapp.net/10.1.0.20), ReplicationConfig: EC{rs-3-2-1024k}, State:ALLOCATED, leaderId:, CreationTimestamp2023-10-04T17:33:25.479Z[Etc/UTC]]
]]></system-out>
  </testcase>
  <testcase name="testCreateKeyShouldUseRefreshedBucketReplicationConfig" classname="TestOzoneFileSystem" time="0.144">
    <system-out><![CDATA[2023-10-04 17:34:33,971 [Time-limited test] INFO  rpc.RpcClient (RpcClient.java:createVolume(462)) - Creating Volume: volume35689, with user45073 as owner and space quota set to -1 bytes, counts quota set to -1
2023-10-04 17:34:33,972 [IPC Server handler 15 on default port 15163] INFO  volume.OMVolumeCreateRequest (OMVolumeCreateRequest.java:validateAndUpdateCache(196)) - created volume:volume35689 for user:user45073
2023-10-04 17:34:34,000 [Time-limited test] INFO  rpc.RpcClient (RpcClient.java:createBucket(689)) - Creating Bucket: volume35689/bucket89297, with bucket layout LEGACY, runner as owner, Versioning false, Storage Type set to DISK and Encryption set to false, Replication Type set to server-side default replication type, Namespace Quota set to -1, Space Quota set to -1 
2023-10-04 17:34:34,000 [IPC Server handler 17 on default port 15163] INFO  bucket.OMBucketCreateRequest (OMBucketCreateRequest.java:validateAndUpdateCache(270)) - created bucket: bucket89297 of layout LEGACY in volume: volume35689
2023-10-04 17:34:34,027 [IPC Server handler 11 on default port 15160] INFO  algorithms.SCMContainerPlacementRackScatter (SCMContainerPlacementRackScatter.java:chooseDatanodesInternal(370)) - Chosen nodes: [67c5b0d7-9e75-4e40-acfe-981c0927b9fc(fv-az453-706.hss2zji4abbufegd5wcf2so25h.dx.internal.cloudapp.net/10.1.0.20), 6d342b63-cf76-47c8-a233-ca7e4e688a75(fv-az453-706.hss2zji4abbufegd5wcf2so25h.dx.internal.cloudapp.net/10.1.0.20), 0fe30932-4948-4248-92da-86cdb3d75943(fv-az453-706.hss2zji4abbufegd5wcf2so25h.dx.internal.cloudapp.net/10.1.0.20), 219c79a0-740f-489f-9b06-6aa3e833066c(fv-az453-706.hss2zji4abbufegd5wcf2so25h.dx.internal.cloudapp.net/10.1.0.20), dce549a2-5f1d-4e87-86ad-66203672eab3(fv-az453-706.hss2zji4abbufegd5wcf2so25h.dx.internal.cloudapp.net/10.1.0.20)]. isPolicySatisfied: true.
2023-10-04 17:34:34,028 [IPC Server handler 11 on default port 15160] INFO  pipeline.WritableECContainerProvider (WritableECContainerProvider.java:allocateContainer(211)) - Created and opened new pipeline Pipeline[ Id: 90d79aff-6247-4bb1-ab7e-51354cd0f1e1, Nodes: 67c5b0d7-9e75-4e40-acfe-981c0927b9fc(fv-az453-706.hss2zji4abbufegd5wcf2so25h.dx.internal.cloudapp.net/10.1.0.20)6d342b63-cf76-47c8-a233-ca7e4e688a75(fv-az453-706.hss2zji4abbufegd5wcf2so25h.dx.internal.cloudapp.net/10.1.0.20)0fe30932-4948-4248-92da-86cdb3d75943(fv-az453-706.hss2zji4abbufegd5wcf2so25h.dx.internal.cloudapp.net/10.1.0.20)219c79a0-740f-489f-9b06-6aa3e833066c(fv-az453-706.hss2zji4abbufegd5wcf2so25h.dx.internal.cloudapp.net/10.1.0.20)dce549a2-5f1d-4e87-86ad-66203672eab3(fv-az453-706.hss2zji4abbufegd5wcf2so25h.dx.internal.cloudapp.net/10.1.0.20), ReplicationConfig: EC{rs-3-2-1024k}, State:ALLOCATED, leaderId:, CreationTimestamp2023-10-04T17:34:34.027Z[Etc/UTC]]
2023-10-04 17:34:34,057 [IPC Server handler 16 on default port 15160] INFO  algorithms.SCMContainerPlacementRackScatter (SCMContainerPlacementRackScatter.java:chooseDatanodesInternal(370)) - Chosen nodes: [219c79a0-740f-489f-9b06-6aa3e833066c(fv-az453-706.hss2zji4abbufegd5wcf2so25h.dx.internal.cloudapp.net/10.1.0.20), 6d342b63-cf76-47c8-a233-ca7e4e688a75(fv-az453-706.hss2zji4abbufegd5wcf2so25h.dx.internal.cloudapp.net/10.1.0.20), dce549a2-5f1d-4e87-86ad-66203672eab3(fv-az453-706.hss2zji4abbufegd5wcf2so25h.dx.internal.cloudapp.net/10.1.0.20), 67c5b0d7-9e75-4e40-acfe-981c0927b9fc(fv-az453-706.hss2zji4abbufegd5wcf2so25h.dx.internal.cloudapp.net/10.1.0.20), 0fe30932-4948-4248-92da-86cdb3d75943(fv-az453-706.hss2zji4abbufegd5wcf2so25h.dx.internal.cloudapp.net/10.1.0.20)]. isPolicySatisfied: true.
2023-10-04 17:34:34,058 [IPC Server handler 16 on default port 15160] INFO  pipeline.WritableECContainerProvider (WritableECContainerProvider.java:allocateContainer(211)) - Created and opened new pipeline Pipeline[ Id: 1bbc3b2f-d73e-4344-9c23-f5186c8d79f4, Nodes: 219c79a0-740f-489f-9b06-6aa3e833066c(fv-az453-706.hss2zji4abbufegd5wcf2so25h.dx.internal.cloudapp.net/10.1.0.20)6d342b63-cf76-47c8-a233-ca7e4e688a75(fv-az453-706.hss2zji4abbufegd5wcf2so25h.dx.internal.cloudapp.net/10.1.0.20)dce549a2-5f1d-4e87-86ad-66203672eab3(fv-az453-706.hss2zji4abbufegd5wcf2so25h.dx.internal.cloudapp.net/10.1.0.20)67c5b0d7-9e75-4e40-acfe-981c0927b9fc(fv-az453-706.hss2zji4abbufegd5wcf2so25h.dx.internal.cloudapp.net/10.1.0.20)0fe30932-4948-4248-92da-86cdb3d75943(fv-az453-706.hss2zji4abbufegd5wcf2so25h.dx.internal.cloudapp.net/10.1.0.20), ReplicationConfig: EC{rs-3-2-1024k}, State:ALLOCATED, leaderId:, CreationTimestamp2023-10-04T17:34:34.057Z[Etc/UTC]]
]]></system-out>
  </testcase>
  <testcase name="testListStatusIteratorOnRoot" classname="TestOzoneFileSystem" time="0.056"/>
  <testcase name="testListStatusIteratorOnRoot" classname="TestOzoneFileSystem" time="0.031"/>
  <testcase name="testListStatusIteratorOnRoot" classname="TestOzoneFileSystem" time="0.033"/>
  <testcase name="testListStatusIteratorOnRoot" classname="TestOzoneFileSystem" time="0.03"/>
  <testcase name="testRenameDirToFile" classname="TestOzoneFileSystem" time="0.047">
    <system-out><![CDATA[2023-10-04 17:30:55,050 [Time-limited test] WARN  ozone.BasicOzoneFileSystem (BasicOzoneFileSystem.java:rename(471)) - Failed to rename o3fs://bucket94524.volume27687/a/b/c to o3fs://bucket94524.volume27687/root/file1, file already exists!
]]></system-out>
  </testcase>
  <testcase name="testRenameDirToFile" classname="TestOzoneFileSystem" time="0.03">
    <system-out><![CDATA[2023-10-04 17:32:07,747 [Time-limited test] WARN  ozone.BasicOzoneFileSystem (BasicOzoneFileSystem.java:rename(471)) - Failed to rename o3fs://bucket94778.volume39856/a/b/c to o3fs://bucket94778.volume39856/root/file1, file already exists!
]]></system-out>
  </testcase>
  <testcase name="testRenameDirToFile" classname="TestOzoneFileSystem" time="0.029">
    <system-out><![CDATA[2023-10-04 17:33:25,562 [Time-limited test] WARN  ozone.BasicOzoneFileSystem (BasicOzoneFileSystem.java:rename(471)) - Failed to rename o3fs://bucket57585.volume98659/a/b/c to o3fs://bucket57585.volume98659/root/file1, file already exists!
]]></system-out>
  </testcase>
  <testcase name="testRenameDirToFile" classname="TestOzoneFileSystem" time="0.033">
    <system-out><![CDATA[2023-10-04 17:34:34,139 [Time-limited test] WARN  ozone.BasicOzoneFileSystem (BasicOzoneFileSystem.java:rename(471)) - Failed to rename o3fs://bucket80016.volume37245/a/b/c to o3fs://bucket80016.volume37245/root/file1, file already exists!
]]></system-out>
  </testcase>
  <testcase name="testRenameToNewSubDirShouldNotExist" classname="TestOzoneFileSystem" time="0.064">
    <system-out><![CDATA[2023-10-04 17:30:55,095 [Time-limited test] WARN  ozone.BasicOzoneFileSystem (BasicOzoneFileSystem.java:rename(465)) - Failed to rename o3fs://bucket94524.volume27687/a to o3fs://bucket94524.volume27687/b/a, file already exists or not empty!
2023-10-04 17:30:55,113 [Time-limited test] WARN  ozone.BasicOzoneFileSystem (BasicOzoneFileSystem.java:rename(465)) - Failed to rename o3fs://bucket94524.volume27687/file1 to o3fs://bucket94524.volume27687/a/file1, file already exists or not empty!
]]></system-out>
  </testcase>
  <testcase name="testRenameToNewSubDirShouldNotExist" classname="TestOzoneFileSystem" time="0.05">
    <system-out><![CDATA[2023-10-04 17:32:07,778 [Time-limited test] WARN  ozone.BasicOzoneFileSystem (BasicOzoneFileSystem.java:rename(465)) - Failed to rename o3fs://bucket94778.volume39856/a to o3fs://bucket94778.volume39856/b/a, file already exists or not empty!
2023-10-04 17:32:07,795 [Time-limited test] WARN  ozone.BasicOzoneFileSystem (BasicOzoneFileSystem.java:rename(465)) - Failed to rename o3fs://bucket94778.volume39856/file1 to o3fs://bucket94778.volume39856/a/file1, file already exists or not empty!
]]></system-out>
  </testcase>
  <testcase name="testRenameToNewSubDirShouldNotExist" classname="TestOzoneFileSystem" time="0.045">
    <system-out><![CDATA[2023-10-04 17:33:25,592 [Time-limited test] WARN  ozone.BasicOzoneFileSystem (BasicOzoneFileSystem.java:rename(465)) - Failed to rename o3fs://bucket57585.volume98659/a to o3fs://bucket57585.volume98659/b/a, file already exists or not empty!
2023-10-04 17:33:25,606 [Time-limited test] WARN  ozone.BasicOzoneFileSystem (BasicOzoneFileSystem.java:rename(465)) - Failed to rename o3fs://bucket57585.volume98659/file1 to o3fs://bucket57585.volume98659/a/file1, file already exists or not empty!
]]></system-out>
  </testcase>
  <testcase name="testRenameToNewSubDirShouldNotExist" classname="TestOzoneFileSystem" time="0.055">
    <system-out><![CDATA[2023-10-04 17:34:34,187 [Time-limited test] WARN  ozone.BasicOzoneFileSystem (BasicOzoneFileSystem.java:rename(465)) - Failed to rename o3fs://bucket80016.volume37245/a to o3fs://bucket80016.volume37245/b/a, file already exists or not empty!
2023-10-04 17:34:34,198 [Time-limited test] WARN  ozone.BasicOzoneFileSystem (BasicOzoneFileSystem.java:rename(465)) - Failed to rename o3fs://bucket80016.volume37245/file1 to o3fs://bucket80016.volume37245/a/file1, file already exists or not empty!
]]></system-out>
  </testcase>
  <testcase name="testListStatusOnLargeDirectoryForACLCheck" classname="TestOzoneFileSystem" time="4.536">
    <system-out><![CDATA[2023-10-04 17:30:59,569 [om1-client-thread1] INFO  segmented.SegmentedRaftLogWorker (SegmentedRaftLogWorker.java:rollLogSegment(452)) - om1@group-C5BA1605619E-SegmentedRaftLogWorker: Rolling segment log-0_36870 to index:36870
2023-10-04 17:30:59,573 [om1@group-C5BA1605619E-SegmentedRaftLogWorker] INFO  segmented.SegmentedRaftLogWorker (SegmentedRaftLogWorker.java:execute(608)) - om1@group-C5BA1605619E-SegmentedRaftLogWorker: Rolled log segment from /home/runner/work/ozone/ozone/hadoop-ozone/integration-test/target/test-dir/MiniOzoneClusterImpl-da1d4460-e54b-4a34-859f-b12e99aef92e/ozone-meta/ratis/bf265839-605b-3f16-9796-c5ba1605619e/current/log_inprogress_0 to /home/runner/work/ozone/ozone/hadoop-ozone/integration-test/target/test-dir/MiniOzoneClusterImpl-da1d4460-e54b-4a34-859f-b12e99aef92e/ozone-meta/ratis/bf265839-605b-3f16-9796-c5ba1605619e/current/log_0-36870
2023-10-04 17:30:59,588 [om1@group-C5BA1605619E-SegmentedRaftLogWorker] INFO  segmented.SegmentedRaftLogWorker (SegmentedRaftLogWorker.java:execute(651)) - om1@group-C5BA1605619E-SegmentedRaftLogWorker: created new log segment /home/runner/work/ozone/ozone/hadoop-ozone/integration-test/target/test-dir/MiniOzoneClusterImpl-da1d4460-e54b-4a34-859f-b12e99aef92e/ozone-meta/ratis/bf265839-605b-3f16-9796-c5ba1605619e/current/log_inprogress_36871
]]></system-out>
  </testcase>
  <testcase name="testListStatusOnLargeDirectoryForACLCheck" classname="TestOzoneFileSystem" time="2.814">
    <system-out><![CDATA[2023-10-04 17:32:08,513 [BlockDeletingService#0] INFO  interfaces.ContainerDeletionChoosingPolicyTemplate (ContainerDeletionChoosingPolicyTemplate.java:chooseContainerForBlockDeletion(85)) - Chosen 0/5000 blocks from 0 candidate containers.
2023-10-04 17:32:08,830 [BlockDeletingService#0] INFO  interfaces.ContainerDeletionChoosingPolicyTemplate (ContainerDeletionChoosingPolicyTemplate.java:chooseContainerForBlockDeletion(85)) - Chosen 0/5000 blocks from 0 candidate containers.
2023-10-04 17:32:09,227 [BlockDeletingService#0] INFO  interfaces.ContainerDeletionChoosingPolicyTemplate (ContainerDeletionChoosingPolicyTemplate.java:chooseContainerForBlockDeletion(85)) - Chosen 0/5000 blocks from 0 candidate containers.
2023-10-04 17:32:09,620 [BlockDeletingService#0] INFO  interfaces.ContainerDeletionChoosingPolicyTemplate (ContainerDeletionChoosingPolicyTemplate.java:chooseContainerForBlockDeletion(85)) - Chosen 0/5000 blocks from 0 candidate containers.
2023-10-04 17:32:09,936 [BlockDeletingService#0] INFO  interfaces.ContainerDeletionChoosingPolicyTemplate (ContainerDeletionChoosingPolicyTemplate.java:chooseContainerForBlockDeletion(85)) - Chosen 0/5000 blocks from 0 candidate containers.
]]></system-out>
  </testcase>
  <testcase name="testListStatusOnLargeDirectoryForACLCheck" classname="TestOzoneFileSystem" time="3.065">
    <system-out><![CDATA[2023-10-04 17:33:28,590 [om1-client-thread1] INFO  segmented.SegmentedRaftLogWorker (SegmentedRaftLogWorker.java:rollLogSegment(452)) - om1@group-C5BA1605619E-SegmentedRaftLogWorker: Rolling segment log-0_36846 to index:36846
2023-10-04 17:33:28,591 [om1@group-C5BA1605619E-SegmentedRaftLogWorker] INFO  segmented.SegmentedRaftLogWorker (SegmentedRaftLogWorker.java:execute(608)) - om1@group-C5BA1605619E-SegmentedRaftLogWorker: Rolled log segment from /home/runner/work/ozone/ozone/hadoop-ozone/integration-test/target/test-dir/MiniOzoneClusterImpl-1a9f8426-f0b4-4ead-8c34-ee0cd8d78978/ozone-meta/ratis/bf265839-605b-3f16-9796-c5ba1605619e/current/log_inprogress_0 to /home/runner/work/ozone/ozone/hadoop-ozone/integration-test/target/test-dir/MiniOzoneClusterImpl-1a9f8426-f0b4-4ead-8c34-ee0cd8d78978/ozone-meta/ratis/bf265839-605b-3f16-9796-c5ba1605619e/current/log_0-36846
2023-10-04 17:33:28,604 [om1@group-C5BA1605619E-SegmentedRaftLogWorker] INFO  segmented.SegmentedRaftLogWorker (SegmentedRaftLogWorker.java:execute(651)) - om1@group-C5BA1605619E-SegmentedRaftLogWorker: created new log segment /home/runner/work/ozone/ozone/hadoop-ozone/integration-test/target/test-dir/MiniOzoneClusterImpl-1a9f8426-f0b4-4ead-8c34-ee0cd8d78978/ozone-meta/ratis/bf265839-605b-3f16-9796-c5ba1605619e/current/log_inprogress_36847
]]></system-out>
  </testcase>
  <testcase name="testListStatusOnLargeDirectoryForACLCheck" classname="TestOzoneFileSystem" time="2.835">
    <system-out><![CDATA[2023-10-04 17:34:35,124 [IPC Server handler 14 on default port 15160] INFO  ha.SequenceIdGenerator (SequenceIdGenerator.java:getNextId(140)) - Allocate a batch for delTxnId, change lastId from 0 to 1000.
]]></system-out>
  </testcase>
  <testcase name="testRenameFileToDir" classname="TestOzoneFileSystem" time="0.058">
    <system-out><![CDATA[17:30:59.695 [IPC Server handler 18 on default port 15004] ERROR OMAudit - user=runner | ip=127.0.0.1 | op=LIST_STATUS {volume=volume27687, bucket=bucket94524, key=a/b/c/file1, dataSize=0, replicationConfig=null} | ret=FAILURE
org.apache.hadoop.ozone.om.exceptions.OMException: Unable to get file status: volume: volume27687 bucket: bucket94524 key: a/b/c/file1
	at org.apache.hadoop.ozone.om.KeyManagerImpl.getOzoneFileStatus(KeyManagerImpl.java:1227) ~[ozone-manager-1.4.0-SNAPSHOT.jar:?]
	at org.apache.hadoop.ozone.om.KeyManagerImpl.getFileStatus(KeyManagerImpl.java:1145) ~[ozone-manager-1.4.0-SNAPSHOT.jar:?]
	at org.apache.hadoop.ozone.om.KeyManagerImpl.listStatus(KeyManagerImpl.java:1550) ~[ozone-manager-1.4.0-SNAPSHOT.jar:?]
	at org.apache.hadoop.ozone.om.OmMetadataReader.listStatus(OmMetadataReader.java:239) ~[ozone-manager-1.4.0-SNAPSHOT.jar:?]
	at org.apache.hadoop.ozone.om.OzoneManager.listStatus(OzoneManager.java:3615) ~[ozone-manager-1.4.0-SNAPSHOT.jar:?]
	at org.apache.hadoop.ozone.protocolPB.OzoneManagerRequestHandler.listStatus(OzoneManagerRequestHandler.java:1170) ~[ozone-manager-1.4.0-SNAPSHOT.jar:?]
	at org.apache.hadoop.ozone.protocolPB.OzoneManagerRequestHandler.handleReadRequest(OzoneManagerRequestHandler.java:270) ~[ozone-manager-1.4.0-SNAPSHOT.jar:?]
	at org.apache.hadoop.ozone.protocolPB.OzoneManagerProtocolServerSideTranslatorPB.submitReadRequestToOM(OzoneManagerProtocolServerSideTranslatorPB.java:225) ~[ozone-manager-1.4.0-SNAPSHOT.jar:?]
	at org.apache.hadoop.ozone.protocolPB.OzoneManagerProtocolServerSideTranslatorPB.processRequest(OzoneManagerProtocolServerSideTranslatorPB.java:179) ~[ozone-manager-1.4.0-SNAPSHOT.jar:?]
	at org.apache.hadoop.hdds.server.OzoneProtocolMessageDispatcher.processRequest(OzoneProtocolMessageDispatcher.java:87) [hdds-server-framework-1.4.0-SNAPSHOT.jar:?]
	at org.apache.hadoop.ozone.protocolPB.OzoneManagerProtocolServerSideTranslatorPB.submitRequest(OzoneManagerProtocolServerSideTranslatorPB.java:148) [ozone-manager-1.4.0-SNAPSHOT.jar:?]
	at org.apache.hadoop.ozone.protocol.proto.OzoneManagerProtocolProtos$OzoneManagerService$2.callBlockingMethod(OzoneManagerProtocolProtos.java) [ozone-interface-client-1.4.0-SNAPSHOT.jar:?]
	at org.apache.hadoop.ipc.ProtobufRpcEngine$Server.processCall(ProtobufRpcEngine.java:484) [hadoop-common-3.3.6.jar:?]
	at org.apache.hadoop.ipc.ProtobufRpcEngine2$Server$ProtoBufRpcInvoker.call(ProtobufRpcEngine2.java:595) [hadoop-common-3.3.6.jar:?]
	at org.apache.hadoop.ipc.ProtobufRpcEngine2$Server$ProtoBufRpcInvoker.call(ProtobufRpcEngine2.java:573) [hadoop-common-3.3.6.jar:?]
	at org.apache.hadoop.ipc.RPC$Server.call(RPC.java:1227) [hadoop-common-3.3.6.jar:?]
	at org.apache.hadoop.ipc.Server$RpcCall.run(Server.java:1094) [hadoop-common-3.3.6.jar:?]
	at org.apache.hadoop.ipc.Server$RpcCall.run(Server.java:1017) [hadoop-common-3.3.6.jar:?]
	at java.security.AccessController.doPrivileged(Native Method) ~[?:1.8.0_382]
	at javax.security.auth.Subject.doAs(Subject.java:422) [?:1.8.0_382]
	at org.apache.hadoop.security.UserGroupInformation.doAs(UserGroupInformation.java:1899) [hadoop-common-3.3.6.jar:?]
	at org.apache.hadoop.ipc.Server$Handler.run(Server.java:3048) [hadoop-common-3.3.6.jar:?]
]]></system-out>
  </testcase>
  <testcase name="testRenameFileToDir" classname="TestOzoneFileSystem" time="0.058">
    <system-out><![CDATA[17:32:10.647 [IPC Server handler 11 on default port 15057] ERROR OMAudit - user=runner | ip=127.0.0.1 | op=LIST_STATUS {volume=volume39856, bucket=bucket94778, key=a/b/c/file1, dataSize=0, replicationConfig=null} | ret=FAILURE
org.apache.hadoop.ozone.om.exceptions.OMException: Unable to get file status: volume: volume39856 bucket: bucket94778 key: a/b/c/file1
	at org.apache.hadoop.ozone.om.KeyManagerImpl.getOzoneFileStatus(KeyManagerImpl.java:1227) ~[ozone-manager-1.4.0-SNAPSHOT.jar:?]
	at org.apache.hadoop.ozone.om.KeyManagerImpl.getFileStatus(KeyManagerImpl.java:1145) ~[ozone-manager-1.4.0-SNAPSHOT.jar:?]
	at org.apache.hadoop.ozone.om.KeyManagerImpl.listStatus(KeyManagerImpl.java:1550) ~[ozone-manager-1.4.0-SNAPSHOT.jar:?]
	at org.apache.hadoop.ozone.om.OmMetadataReader.listStatus(OmMetadataReader.java:239) ~[ozone-manager-1.4.0-SNAPSHOT.jar:?]
	at org.apache.hadoop.ozone.om.OzoneManager.listStatus(OzoneManager.java:3615) ~[ozone-manager-1.4.0-SNAPSHOT.jar:?]
	at org.apache.hadoop.ozone.protocolPB.OzoneManagerRequestHandler.listStatus(OzoneManagerRequestHandler.java:1170) ~[ozone-manager-1.4.0-SNAPSHOT.jar:?]
	at org.apache.hadoop.ozone.protocolPB.OzoneManagerRequestHandler.handleReadRequest(OzoneManagerRequestHandler.java:270) ~[ozone-manager-1.4.0-SNAPSHOT.jar:?]
	at org.apache.hadoop.ozone.protocolPB.OzoneManagerProtocolServerSideTranslatorPB.submitRequestDirectlyToOM(OzoneManagerProtocolServerSideTranslatorPB.java:274) ~[ozone-manager-1.4.0-SNAPSHOT.jar:?]
	at org.apache.hadoop.ozone.protocolPB.OzoneManagerProtocolServerSideTranslatorPB.processRequest(OzoneManagerProtocolServerSideTranslatorPB.java:175) ~[ozone-manager-1.4.0-SNAPSHOT.jar:?]
	at org.apache.hadoop.hdds.server.OzoneProtocolMessageDispatcher.processRequest(OzoneProtocolMessageDispatcher.java:87) [hdds-server-framework-1.4.0-SNAPSHOT.jar:?]
	at org.apache.hadoop.ozone.protocolPB.OzoneManagerProtocolServerSideTranslatorPB.submitRequest(OzoneManagerProtocolServerSideTranslatorPB.java:148) [ozone-manager-1.4.0-SNAPSHOT.jar:?]
	at org.apache.hadoop.ozone.protocol.proto.OzoneManagerProtocolProtos$OzoneManagerService$2.callBlockingMethod(OzoneManagerProtocolProtos.java) [ozone-interface-client-1.4.0-SNAPSHOT.jar:?]
	at org.apache.hadoop.ipc.ProtobufRpcEngine$Server.processCall(ProtobufRpcEngine.java:484) [hadoop-common-3.3.6.jar:?]
	at org.apache.hadoop.ipc.ProtobufRpcEngine2$Server$ProtoBufRpcInvoker.call(ProtobufRpcEngine2.java:595) [hadoop-common-3.3.6.jar:?]
	at org.apache.hadoop.ipc.ProtobufRpcEngine2$Server$ProtoBufRpcInvoker.call(ProtobufRpcEngine2.java:573) [hadoop-common-3.3.6.jar:?]
	at org.apache.hadoop.ipc.RPC$Server.call(RPC.java:1227) [hadoop-common-3.3.6.jar:?]
	at org.apache.hadoop.ipc.Server$RpcCall.run(Server.java:1094) [hadoop-common-3.3.6.jar:?]
	at org.apache.hadoop.ipc.Server$RpcCall.run(Server.java:1017) [hadoop-common-3.3.6.jar:?]
	at java.security.AccessController.doPrivileged(Native Method) ~[?:1.8.0_382]
	at javax.security.auth.Subject.doAs(Subject.java:422) [?:1.8.0_382]
	at org.apache.hadoop.security.UserGroupInformation.doAs(UserGroupInformation.java:1899) [hadoop-common-3.3.6.jar:?]
	at org.apache.hadoop.ipc.Server$Handler.run(Server.java:3048) [hadoop-common-3.3.6.jar:?]
]]></system-out>
  </testcase>
  <testcase name="testRenameFileToDir" classname="TestOzoneFileSystem" time="0.047">
    <system-out><![CDATA[17:33:28.705 [IPC Server handler 11 on default port 15110] ERROR OMAudit - user=runner | ip=127.0.0.1 | op=LIST_STATUS {volume=volume98659, bucket=bucket57585, key=a/b/c/file1, dataSize=0, replicationConfig=null} | ret=FAILURE
org.apache.hadoop.ozone.om.exceptions.OMException: Unable to get file status: volume: volume98659 bucket: bucket57585 key: a/b/c/file1
	at org.apache.hadoop.ozone.om.KeyManagerImpl.getOzoneFileStatus(KeyManagerImpl.java:1227) ~[ozone-manager-1.4.0-SNAPSHOT.jar:?]
	at org.apache.hadoop.ozone.om.KeyManagerImpl.getFileStatus(KeyManagerImpl.java:1145) ~[ozone-manager-1.4.0-SNAPSHOT.jar:?]
	at org.apache.hadoop.ozone.om.KeyManagerImpl.listStatus(KeyManagerImpl.java:1550) ~[ozone-manager-1.4.0-SNAPSHOT.jar:?]
	at org.apache.hadoop.ozone.om.OmMetadataReader.listStatus(OmMetadataReader.java:239) ~[ozone-manager-1.4.0-SNAPSHOT.jar:?]
	at org.apache.hadoop.ozone.om.OzoneManager.listStatus(OzoneManager.java:3615) ~[ozone-manager-1.4.0-SNAPSHOT.jar:?]
	at org.apache.hadoop.ozone.protocolPB.OzoneManagerRequestHandler.listStatus(OzoneManagerRequestHandler.java:1170) ~[ozone-manager-1.4.0-SNAPSHOT.jar:?]
	at org.apache.hadoop.ozone.protocolPB.OzoneManagerRequestHandler.handleReadRequest(OzoneManagerRequestHandler.java:270) ~[ozone-manager-1.4.0-SNAPSHOT.jar:?]
	at org.apache.hadoop.ozone.protocolPB.OzoneManagerProtocolServerSideTranslatorPB.submitReadRequestToOM(OzoneManagerProtocolServerSideTranslatorPB.java:225) ~[ozone-manager-1.4.0-SNAPSHOT.jar:?]
	at org.apache.hadoop.ozone.protocolPB.OzoneManagerProtocolServerSideTranslatorPB.processRequest(OzoneManagerProtocolServerSideTranslatorPB.java:179) ~[ozone-manager-1.4.0-SNAPSHOT.jar:?]
	at org.apache.hadoop.hdds.server.OzoneProtocolMessageDispatcher.processRequest(OzoneProtocolMessageDispatcher.java:87) [hdds-server-framework-1.4.0-SNAPSHOT.jar:?]
	at org.apache.hadoop.ozone.protocolPB.OzoneManagerProtocolServerSideTranslatorPB.submitRequest(OzoneManagerProtocolServerSideTranslatorPB.java:148) [ozone-manager-1.4.0-SNAPSHOT.jar:?]
	at org.apache.hadoop.ozone.protocol.proto.OzoneManagerProtocolProtos$OzoneManagerService$2.callBlockingMethod(OzoneManagerProtocolProtos.java) [ozone-interface-client-1.4.0-SNAPSHOT.jar:?]
	at org.apache.hadoop.ipc.ProtobufRpcEngine$Server.processCall(ProtobufRpcEngine.java:484) [hadoop-common-3.3.6.jar:?]
	at org.apache.hadoop.ipc.ProtobufRpcEngine2$Server$ProtoBufRpcInvoker.call(ProtobufRpcEngine2.java:595) [hadoop-common-3.3.6.jar:?]
	at org.apache.hadoop.ipc.ProtobufRpcEngine2$Server$ProtoBufRpcInvoker.call(ProtobufRpcEngine2.java:573) [hadoop-common-3.3.6.jar:?]
	at org.apache.hadoop.ipc.RPC$Server.call(RPC.java:1227) [hadoop-common-3.3.6.jar:?]
	at org.apache.hadoop.ipc.Server$RpcCall.run(Server.java:1094) [hadoop-common-3.3.6.jar:?]
	at org.apache.hadoop.ipc.Server$RpcCall.run(Server.java:1017) [hadoop-common-3.3.6.jar:?]
	at java.security.AccessController.doPrivileged(Native Method) ~[?:1.8.0_382]
	at javax.security.auth.Subject.doAs(Subject.java:422) [?:1.8.0_382]
	at org.apache.hadoop.security.UserGroupInformation.doAs(UserGroupInformation.java:1899) [hadoop-common-3.3.6.jar:?]
	at org.apache.hadoop.ipc.Server$Handler.run(Server.java:3048) [hadoop-common-3.3.6.jar:?]
]]></system-out>
  </testcase>
  <testcase name="testRenameFileToDir" classname="TestOzoneFileSystem" time="0.046">
    <system-out><![CDATA[17:34:37.065 [IPC Server handler 13 on default port 15163] ERROR OMAudit - user=runner | ip=127.0.0.1 | op=LIST_STATUS {volume=volume37245, bucket=bucket80016, key=a/b/c/file1, dataSize=0, replicationConfig=null} | ret=FAILURE
org.apache.hadoop.ozone.om.exceptions.OMException: Unable to get file status: volume: volume37245 bucket: bucket80016 key: a/b/c/file1
	at org.apache.hadoop.ozone.om.KeyManagerImpl.getOzoneFileStatus(KeyManagerImpl.java:1227) ~[ozone-manager-1.4.0-SNAPSHOT.jar:?]
	at org.apache.hadoop.ozone.om.KeyManagerImpl.getFileStatus(KeyManagerImpl.java:1145) ~[ozone-manager-1.4.0-SNAPSHOT.jar:?]
	at org.apache.hadoop.ozone.om.KeyManagerImpl.listStatus(KeyManagerImpl.java:1550) ~[ozone-manager-1.4.0-SNAPSHOT.jar:?]
	at org.apache.hadoop.ozone.om.OmMetadataReader.listStatus(OmMetadataReader.java:239) ~[ozone-manager-1.4.0-SNAPSHOT.jar:?]
	at org.apache.hadoop.ozone.om.OzoneManager.listStatus(OzoneManager.java:3615) ~[ozone-manager-1.4.0-SNAPSHOT.jar:?]
	at org.apache.hadoop.ozone.protocolPB.OzoneManagerRequestHandler.listStatus(OzoneManagerRequestHandler.java:1170) ~[ozone-manager-1.4.0-SNAPSHOT.jar:?]
	at org.apache.hadoop.ozone.protocolPB.OzoneManagerRequestHandler.handleReadRequest(OzoneManagerRequestHandler.java:270) ~[ozone-manager-1.4.0-SNAPSHOT.jar:?]
	at org.apache.hadoop.ozone.protocolPB.OzoneManagerProtocolServerSideTranslatorPB.submitRequestDirectlyToOM(OzoneManagerProtocolServerSideTranslatorPB.java:274) ~[ozone-manager-1.4.0-SNAPSHOT.jar:?]
	at org.apache.hadoop.ozone.protocolPB.OzoneManagerProtocolServerSideTranslatorPB.processRequest(OzoneManagerProtocolServerSideTranslatorPB.java:175) ~[ozone-manager-1.4.0-SNAPSHOT.jar:?]
	at org.apache.hadoop.hdds.server.OzoneProtocolMessageDispatcher.processRequest(OzoneProtocolMessageDispatcher.java:87) [hdds-server-framework-1.4.0-SNAPSHOT.jar:?]
	at org.apache.hadoop.ozone.protocolPB.OzoneManagerProtocolServerSideTranslatorPB.submitRequest(OzoneManagerProtocolServerSideTranslatorPB.java:148) [ozone-manager-1.4.0-SNAPSHOT.jar:?]
	at org.apache.hadoop.ozone.protocol.proto.OzoneManagerProtocolProtos$OzoneManagerService$2.callBlockingMethod(OzoneManagerProtocolProtos.java) [ozone-interface-client-1.4.0-SNAPSHOT.jar:?]
	at org.apache.hadoop.ipc.ProtobufRpcEngine$Server.processCall(ProtobufRpcEngine.java:484) [hadoop-common-3.3.6.jar:?]
	at org.apache.hadoop.ipc.ProtobufRpcEngine2$Server$ProtoBufRpcInvoker.call(ProtobufRpcEngine2.java:595) [hadoop-common-3.3.6.jar:?]
	at org.apache.hadoop.ipc.ProtobufRpcEngine2$Server$ProtoBufRpcInvoker.call(ProtobufRpcEngine2.java:573) [hadoop-common-3.3.6.jar:?]
	at org.apache.hadoop.ipc.RPC$Server.call(RPC.java:1227) [hadoop-common-3.3.6.jar:?]
	at org.apache.hadoop.ipc.Server$RpcCall.run(Server.java:1094) [hadoop-common-3.3.6.jar:?]
	at org.apache.hadoop.ipc.Server$RpcCall.run(Server.java:1017) [hadoop-common-3.3.6.jar:?]
	at java.security.AccessController.doPrivileged(Native Method) ~[?:1.8.0_382]
	at javax.security.auth.Subject.doAs(Subject.java:422) [?:1.8.0_382]
	at org.apache.hadoop.security.UserGroupInformation.doAs(UserGroupInformation.java:1899) [hadoop-common-3.3.6.jar:?]
	at org.apache.hadoop.ipc.Server$Handler.run(Server.java:3048) [hadoop-common-3.3.6.jar:?]
]]></system-out>
  </testcase>
  <testcase name="testListStatusWithIntermediateDirWithECEnabled" classname="TestOzoneFileSystem" time="0.045">
    <system-out><![CDATA[2023-10-04 17:30:59,739 [IPC Server handler 12 on default port 15001] INFO  algorithms.SCMContainerPlacementRackScatter (SCMContainerPlacementRackScatter.java:chooseDatanodesInternal(370)) - Chosen nodes: [3f00e8f6-b1cf-4c66-adc6-49812d80e8b8(fv-az453-706.hss2zji4abbufegd5wcf2so25h.dx.internal.cloudapp.net/10.1.0.20), de7ceff0-6407-4127-9c69-f263aab5871b(fv-az453-706.hss2zji4abbufegd5wcf2so25h.dx.internal.cloudapp.net/10.1.0.20), 49b21075-65f4-471d-b0a6-7943aa3ff632(fv-az453-706.hss2zji4abbufegd5wcf2so25h.dx.internal.cloudapp.net/10.1.0.20), 7f6f1d5e-e678-44b5-b81f-6e760b4e5c8d(fv-az453-706.hss2zji4abbufegd5wcf2so25h.dx.internal.cloudapp.net/10.1.0.20), f9d37fed-45fc-460e-afd0-cdcd65402720(fv-az453-706.hss2zji4abbufegd5wcf2so25h.dx.internal.cloudapp.net/10.1.0.20)]. isPolicySatisfied: true.
2023-10-04 17:30:59,741 [IPC Server handler 12 on default port 15001] INFO  pipeline.WritableECContainerProvider (WritableECContainerProvider.java:allocateContainer(211)) - Created and opened new pipeline Pipeline[ Id: 6e42cfb3-8190-413a-8a2d-7fc2cb8d6a5a, Nodes: 3f00e8f6-b1cf-4c66-adc6-49812d80e8b8(fv-az453-706.hss2zji4abbufegd5wcf2so25h.dx.internal.cloudapp.net/10.1.0.20)de7ceff0-6407-4127-9c69-f263aab5871b(fv-az453-706.hss2zji4abbufegd5wcf2so25h.dx.internal.cloudapp.net/10.1.0.20)49b21075-65f4-471d-b0a6-7943aa3ff632(fv-az453-706.hss2zji4abbufegd5wcf2so25h.dx.internal.cloudapp.net/10.1.0.20)7f6f1d5e-e678-44b5-b81f-6e760b4e5c8d(fv-az453-706.hss2zji4abbufegd5wcf2so25h.dx.internal.cloudapp.net/10.1.0.20)f9d37fed-45fc-460e-afd0-cdcd65402720(fv-az453-706.hss2zji4abbufegd5wcf2so25h.dx.internal.cloudapp.net/10.1.0.20), ReplicationConfig: EC{rs-3-2-1024k}, State:ALLOCATED, leaderId:, CreationTimestamp2023-10-04T17:30:59.739Z[Etc/UTC]]
]]></system-out>
  </testcase>
  <testcase name="testListStatusWithIntermediateDirWithECEnabled" classname="TestOzoneFileSystem" time="0.034">
    <system-out><![CDATA[2023-10-04 17:32:10,694 [IPC Server handler 8 on default port 15054] INFO  algorithms.SCMContainerPlacementRackScatter (SCMContainerPlacementRackScatter.java:chooseDatanodesInternal(370)) - Chosen nodes: [91ebd182-a33d-46b0-9291-0e8ba30d2124(fv-az453-706.hss2zji4abbufegd5wcf2so25h.dx.internal.cloudapp.net/10.1.0.20), 2fe9f5bb-a002-4881-945d-f328dd53395c(fv-az453-706.hss2zji4abbufegd5wcf2so25h.dx.internal.cloudapp.net/10.1.0.20), 1bfab402-230e-4619-8c22-172305de1499(fv-az453-706.hss2zji4abbufegd5wcf2so25h.dx.internal.cloudapp.net/10.1.0.20), ce673aed-cb42-4983-a069-5a8880361102(fv-az453-706.hss2zji4abbufegd5wcf2so25h.dx.internal.cloudapp.net/10.1.0.20), 0cce5ae1-4d90-47eb-b549-a29c890f95a0(fv-az453-706.hss2zji4abbufegd5wcf2so25h.dx.internal.cloudapp.net/10.1.0.20)]. isPolicySatisfied: true.
2023-10-04 17:32:10,696 [IPC Server handler 8 on default port 15054] INFO  pipeline.WritableECContainerProvider (WritableECContainerProvider.java:allocateContainer(211)) - Created and opened new pipeline Pipeline[ Id: f0f71014-941e-46ea-9d75-9d570231cbed, Nodes: 91ebd182-a33d-46b0-9291-0e8ba30d2124(fv-az453-706.hss2zji4abbufegd5wcf2so25h.dx.internal.cloudapp.net/10.1.0.20)2fe9f5bb-a002-4881-945d-f328dd53395c(fv-az453-706.hss2zji4abbufegd5wcf2so25h.dx.internal.cloudapp.net/10.1.0.20)1bfab402-230e-4619-8c22-172305de1499(fv-az453-706.hss2zji4abbufegd5wcf2so25h.dx.internal.cloudapp.net/10.1.0.20)ce673aed-cb42-4983-a069-5a8880361102(fv-az453-706.hss2zji4abbufegd5wcf2so25h.dx.internal.cloudapp.net/10.1.0.20)0cce5ae1-4d90-47eb-b549-a29c890f95a0(fv-az453-706.hss2zji4abbufegd5wcf2so25h.dx.internal.cloudapp.net/10.1.0.20), ReplicationConfig: EC{rs-3-2-1024k}, State:ALLOCATED, leaderId:, CreationTimestamp2023-10-04T17:32:10.694Z[Etc/UTC]]
]]></system-out>
  </testcase>
  <testcase name="testListStatusWithIntermediateDirWithECEnabled" classname="TestOzoneFileSystem" time="0.034">
    <system-out><![CDATA[2023-10-04 17:33:28,742 [IPC Server handler 18 on default port 15107] INFO  algorithms.SCMContainerPlacementRackScatter (SCMContainerPlacementRackScatter.java:chooseDatanodesInternal(370)) - Chosen nodes: [d23c53d9-b989-4348-8850-bf4ef4487d70(fv-az453-706.hss2zji4abbufegd5wcf2so25h.dx.internal.cloudapp.net/10.1.0.20), e56d6440-7293-4017-8843-e114a3ddb5c0(fv-az453-706.hss2zji4abbufegd5wcf2so25h.dx.internal.cloudapp.net/10.1.0.20), 5e228e04-cf62-4945-aefc-fa5aaa85c140(fv-az453-706.hss2zji4abbufegd5wcf2so25h.dx.internal.cloudapp.net/10.1.0.20), ac124e44-4b53-434d-bcce-b5d7b0204421(fv-az453-706.hss2zji4abbufegd5wcf2so25h.dx.internal.cloudapp.net/10.1.0.20), 312da513-429c-495f-b386-218bb2e3f38b(fv-az453-706.hss2zji4abbufegd5wcf2so25h.dx.internal.cloudapp.net/10.1.0.20)]. isPolicySatisfied: true.
2023-10-04 17:33:28,744 [IPC Server handler 18 on default port 15107] INFO  pipeline.WritableECContainerProvider (WritableECContainerProvider.java:allocateContainer(211)) - Created and opened new pipeline Pipeline[ Id: d3596799-e12f-44e0-b059-483352bb9a77, Nodes: d23c53d9-b989-4348-8850-bf4ef4487d70(fv-az453-706.hss2zji4abbufegd5wcf2so25h.dx.internal.cloudapp.net/10.1.0.20)e56d6440-7293-4017-8843-e114a3ddb5c0(fv-az453-706.hss2zji4abbufegd5wcf2so25h.dx.internal.cloudapp.net/10.1.0.20)5e228e04-cf62-4945-aefc-fa5aaa85c140(fv-az453-706.hss2zji4abbufegd5wcf2so25h.dx.internal.cloudapp.net/10.1.0.20)ac124e44-4b53-434d-bcce-b5d7b0204421(fv-az453-706.hss2zji4abbufegd5wcf2so25h.dx.internal.cloudapp.net/10.1.0.20)312da513-429c-495f-b386-218bb2e3f38b(fv-az453-706.hss2zji4abbufegd5wcf2so25h.dx.internal.cloudapp.net/10.1.0.20), ReplicationConfig: EC{rs-3-2-1024k}, State:ALLOCATED, leaderId:, CreationTimestamp2023-10-04T17:33:28.742Z[Etc/UTC]]
]]></system-out>
  </testcase>
  <testcase name="testListStatusWithIntermediateDirWithECEnabled" classname="TestOzoneFileSystem" time="0.034">
    <system-out><![CDATA[2023-10-04 17:34:37,100 [IPC Server handler 13 on default port 15160] INFO  algorithms.SCMContainerPlacementRackScatter (SCMContainerPlacementRackScatter.java:chooseDatanodesInternal(370)) - Chosen nodes: [219c79a0-740f-489f-9b06-6aa3e833066c(fv-az453-706.hss2zji4abbufegd5wcf2so25h.dx.internal.cloudapp.net/10.1.0.20), dce549a2-5f1d-4e87-86ad-66203672eab3(fv-az453-706.hss2zji4abbufegd5wcf2so25h.dx.internal.cloudapp.net/10.1.0.20), 0fe30932-4948-4248-92da-86cdb3d75943(fv-az453-706.hss2zji4abbufegd5wcf2so25h.dx.internal.cloudapp.net/10.1.0.20), 67c5b0d7-9e75-4e40-acfe-981c0927b9fc(fv-az453-706.hss2zji4abbufegd5wcf2so25h.dx.internal.cloudapp.net/10.1.0.20), 6d342b63-cf76-47c8-a233-ca7e4e688a75(fv-az453-706.hss2zji4abbufegd5wcf2so25h.dx.internal.cloudapp.net/10.1.0.20)]. isPolicySatisfied: true.
2023-10-04 17:34:37,102 [IPC Server handler 13 on default port 15160] INFO  pipeline.WritableECContainerProvider (WritableECContainerProvider.java:allocateContainer(211)) - Created and opened new pipeline Pipeline[ Id: 507fc8ff-9202-4a7c-a6ff-3bf4da252a04, Nodes: 219c79a0-740f-489f-9b06-6aa3e833066c(fv-az453-706.hss2zji4abbufegd5wcf2so25h.dx.internal.cloudapp.net/10.1.0.20)dce549a2-5f1d-4e87-86ad-66203672eab3(fv-az453-706.hss2zji4abbufegd5wcf2so25h.dx.internal.cloudapp.net/10.1.0.20)0fe30932-4948-4248-92da-86cdb3d75943(fv-az453-706.hss2zji4abbufegd5wcf2so25h.dx.internal.cloudapp.net/10.1.0.20)67c5b0d7-9e75-4e40-acfe-981c0927b9fc(fv-az453-706.hss2zji4abbufegd5wcf2so25h.dx.internal.cloudapp.net/10.1.0.20)6d342b63-cf76-47c8-a233-ca7e4e688a75(fv-az453-706.hss2zji4abbufegd5wcf2so25h.dx.internal.cloudapp.net/10.1.0.20), ReplicationConfig: EC{rs-3-2-1024k}, State:ALLOCATED, leaderId:, CreationTimestamp2023-10-04T17:34:37.100Z[Etc/UTC]]
]]></system-out>
  </testcase>
  <testcase name="testMakeDirsWithAnExistingDirectoryPath" classname="TestOzoneFileSystem" time="0.035"/>
  <testcase name="testMakeDirsWithAnExistingDirectoryPath" classname="TestOzoneFileSystem" time="0.023"/>
  <testcase name="testMakeDirsWithAnExistingDirectoryPath" classname="TestOzoneFileSystem" time="0.024"/>
  <testcase name="testMakeDirsWithAnExistingDirectoryPath" classname="TestOzoneFileSystem" time="0.024"/>
  <testcase name="testSetTimes" classname="TestOzoneFileSystem" time="0.161"/>
  <testcase name="testSetTimes" classname="TestOzoneFileSystem" time="0.123"/>
  <testcase name="testSetTimes" classname="TestOzoneFileSystem" time="0.111"/>
  <testcase name="testSetTimes" classname="TestOzoneFileSystem" time="0.113"/>
</testsuite>