<?xml version="1.0" encoding="UTF-8"?>
<testsuite xmlns:xsi="http://www.w3.org/2001/XMLSchema-instance" xsi:noNamespaceSchemaLocation="https://maven.apache.org/surefire/maven-surefire-plugin/xsd/surefire-test-report-3.0.xsd" version="3.0" name="org.apache.hadoop.ozone.client.TestOzoneECClient" time="5.408" tests="34" errors="1" skipped="0" failures="0">
  <properties>
    <property name="awt.toolkit" value="sun.awt.X11.XToolkit"/>
    <property name="file.encoding.pkg" value="sun.io"/>
    <property name="java.specification.version" value="1.8"/>
    <property name="sun.cpu.isalist" value=""/>
    <property name="sun.jnu.encoding" value="UTF-8"/>
    <property name="gradle.enterprise.listener.surefire.forkId" value="1"/>
    <property name="java.class.path" value="/home/runner/work/ozone/ozone/hadoop-ozone/client/target/test-classes:/home/runner/work/ozone/ozone/hadoop-ozone/client/target/classes:/home/runner/work/ozone/ozone/hadoop-hdds/test-utils/target/classes:/home/runner/.m2/repository/com/google/guava/guava/32.0.0-jre/guava-32.0.0-jre.jar:/home/runner/.m2/repository/com/google/guava/failureaccess/1.0.1/failureaccess-1.0.1.jar:/home/runner/.m2/repository/com/google/guava/listenablefuture/9999.0-empty-to-avoid-conflict-with-guava/listenablefuture-9999.0-empty-to-avoid-conflict-with-guava.jar:/home/runner/.m2/repository/com/google/code/findbugs/jsr305/3.0.0/jsr305-3.0.0.jar:/home/runner/.m2/repository/org/checkerframework/checker-qual/3.33.0/checker-qual-3.33.0.jar:/home/runner/.m2/repository/com/google/errorprone/error_prone_annotations/2.2.0/error_prone_annotations-2.2.0.jar:/home/runner/.m2/repository/com/google/j2objc/j2objc-annotations/2.8/j2objc-annotations-2.8.jar:/home/runner/.m2/repository/commons-io/commons-io/2.11.0/commons-io-2.11.0.jar:/home/runner/.m2/repository/commons-logging/commons-logging/1.2/commons-logging-1.2.jar:/home/runner/.m2/repository/org/junit/jupiter/junit-jupiter-api/5.8.2/junit-jupiter-api-5.8.2.jar:/home/runner/.m2/repository/org/opentest4j/opentest4j/1.2.0/opentest4j-1.2.0.jar:/home/runner/.m2/repository/org/junit/platform/junit-platform-commons/1.8.2/junit-platform-commons-1.8.2.jar:/home/runner/.m2/repository/org/apiguardian/apiguardian-api/1.1.2/apiguardian-api-1.1.2.jar:/home/runner/.m2/repository/org/apache/commons/commons-lang3/3.7/commons-lang3-3.7.jar:/home/runner/.m2/repository/org/slf4j/slf4j-api/1.7.36/slf4j-api-1.7.36.jar:/home/runner/.m2/repository/org/apache/logging/log4j/log4j-api/2.17.1/log4j-api-2.17.1.jar:/home/runner/work/ozone/ozone/hadoop-ozone/common/target/classes:/home/runner/.m2/repository/io/grpc/grpc-netty/1.51.1/grpc-netty-1.51.1.jar:/home/runner/.m2/repository/io/grpc/grpc-core/1.51.1/grpc-core-1.51.1.jar:/home/runner/.m2/repository/com/google/code/gson/gson/2.9.0/gson-2.9.0.jar:/home/runner/.m2/repository/com/google/android/annotations/4.1.1.4/annotations-4.1.1.4.jar:/home/runner/.m2/repository/org/codehaus/mojo/animal-sniffer-annotations/1.21/animal-sniffer-annotations-1.21.jar:/home/runner/.m2/repository/io/perfmark/perfmark-api/0.25.0/perfmark-api-0.25.0.jar:/home/runner/.m2/repository/io/netty/netty-transport-native-unix-common/4.1.100.Final/netty-transport-native-unix-common-4.1.100.Final.jar:/home/runner/.m2/repository/io/netty/netty-codec-http2/4.1.100.Final/netty-codec-http2-4.1.100.Final.jar:/home/runner/.m2/repository/io/netty/netty-common/4.1.100.Final/netty-common-4.1.100.Final.jar:/home/runner/.m2/repository/io/netty/netty-buffer/4.1.100.Final/netty-buffer-4.1.100.Final.jar:/home/runner/.m2/repository/io/netty/netty-transport/4.1.100.Final/netty-transport-4.1.100.Final.jar:/home/runner/.m2/repository/io/netty/netty-resolver/4.1.100.Final/netty-resolver-4.1.100.Final.jar:/home/runner/.m2/repository/io/netty/netty-codec/4.1.100.Final/netty-codec-4.1.100.Final.jar:/home/runner/.m2/repository/io/netty/netty-handler/4.1.100.Final/netty-handler-4.1.100.Final.jar:/home/runner/.m2/repository/io/netty/netty-codec-http/4.1.100.Final/netty-codec-http-4.1.100.Final.jar:/home/runner/.m2/repository/io/netty/netty-handler-proxy/4.1.100.Final/netty-handler-proxy-4.1.100.Final.jar:/home/runner/.m2/repository/io/netty/netty-codec-socks/4.1.100.Final/netty-codec-socks-4.1.100.Final.jar:/home/runner/.m2/repository/io/netty/netty-tcnative-boringssl-static/2.0.61.Final/netty-tcnative-boringssl-static-2.0.61.Final.jar:/home/runner/.m2/repository/io/netty/netty-tcnative-classes/2.0.61.Final/netty-tcnative-classes-2.0.61.Final.jar:/home/runner/.m2/repository/io/netty/netty-tcnative-boringssl-static/2.0.61.Final/netty-tcnative-boringssl-static-2.0.61.Final-linux-x86_64.jar:/home/runner/.m2/repository/io/netty/netty-tcnative-boringssl-static/2.0.61.Final/netty-tcnative-boringssl-static-2.0.61.Final-linux-aarch_64.jar:/home/runner/.m2/repository/io/netty/netty-tcnative-boringssl-static/2.0.61.Final/netty-tcnative-boringssl-static-2.0.61.Final-osx-x86_64.jar:/home/runner/.m2/repository/io/netty/netty-tcnative-boringssl-static/2.0.61.Final/netty-tcnative-boringssl-static-2.0.61.Final-osx-aarch_64.jar:/home/runner/.m2/repository/io/netty/netty-tcnative-boringssl-static/2.0.61.Final/netty-tcnative-boringssl-static-2.0.61.Final-windows-x86_64.jar:/home/runner/.m2/repository/org/apache/commons/commons-compress/1.21/commons-compress-1.21.jar:/home/runner/work/ozone/ozone/hadoop-hdds/common/target/classes:/home/runner/work/ozone/ozone/hadoop-hdds/client/target/classes:/home/runner/work/ozone/ozone/hadoop-ozone/interface-client/target/classes:/home/runner/.m2/repository/io/grpc/grpc-protobuf/1.51.1/grpc-protobuf-1.51.1.jar:/home/runner/.m2/repository/com/google/api/grpc/proto-google-common-protos/2.9.0/proto-google-common-protos-2.9.0.jar:/home/runner/.m2/repository/io/grpc/grpc-protobuf-lite/1.51.1/grpc-protobuf-lite-1.51.1.jar:/home/runner/.m2/repository/io/grpc/grpc-stub/1.51.1/grpc-stub-1.51.1.jar:/home/runner/.m2/repository/org/apache/hadoop/hadoop-hdfs-client/3.3.6/hadoop-hdfs-client-3.3.6.jar:/home/runner/.m2/repository/com/squareup/okhttp3/okhttp/4.9.3/okhttp-4.9.3.jar:/home/runner/.m2/repository/com/squareup/okio/okio/3.4.0/okio-3.4.0.jar:/home/runner/.m2/repository/com/squareup/okio/okio-jvm/3.4.0/okio-jvm-3.4.0.jar:/home/runner/.m2/repository/org/jetbrains/kotlin/kotlin-stdlib-jdk8/1.8.0/kotlin-stdlib-jdk8-1.8.0.jar:/home/runner/.m2/repository/org/jetbrains/kotlin/kotlin-stdlib-jdk7/1.8.0/kotlin-stdlib-jdk7-1.8.0.jar:/home/runner/.m2/repository/org/jetbrains/kotlin/kotlin-stdlib-common/1.6.21/kotlin-stdlib-common-1.6.21.jar:/home/runner/.m2/repository/com/fasterxml/jackson/core/jackson-databind/2.13.4.2/jackson-databind-2.13.4.2.jar:/home/runner/work/ozone/ozone/hadoop-hdds/erasurecode/target/classes:/home/runner/.m2/repository/com/github/spotbugs/spotbugs-annotations/3.1.12/spotbugs-annotations-3.1.12.jar:/home/runner/work/ozone/ozone/hadoop-hdds/common/target/test-classes:/home/runner/work/ozone/ozone/hadoop-hdds/hadoop-dependency-client/target/classes:/home/runner/.m2/repository/org/apache/hadoop/hadoop-annotations/3.3.6/hadoop-annotations-3.3.6.jar:/usr/lib/jvm/temurin-8-jdk-amd64/jre/../lib/tools.jar:/home/runner/.m2/repository/org/apache/hadoop/hadoop-common/3.3.6/hadoop-common-3.3.6.jar:/home/runner/.m2/repository/org/apache/hadoop/thirdparty/hadoop-shaded-guava/1.1.1/hadoop-shaded-guava-1.1.1.jar:/home/runner/.m2/repository/org/apache/httpcomponents/httpclient/4.5.13/httpclient-4.5.13.jar:/home/runner/.m2/repository/org/apache/httpcomponents/httpcore/4.4.13/httpcore-4.4.13.jar:/home/runner/.m2/repository/jakarta/activation/jakarta.activation-api/1.2.2/jakarta.activation-api-1.2.2.jar:/home/runner/.m2/repository/org/apache/commons/commons-configuration2/2.1.1/commons-configuration2-2.1.1.jar:/home/runner/.m2/repository/com/google/re2j/re2j/1.1/re2j-1.1.jar:/home/runner/.m2/repository/org/apache/hadoop/hadoop-auth/3.3.6/hadoop-auth-3.3.6.jar:/home/runner/.m2/repository/org/apache/kerby/kerb-core/1.0.1/kerb-core-1.0.1.jar:/home/runner/.m2/repository/org/apache/kerby/kerby-pkix/1.0.1/kerby-pkix-1.0.1.jar:/home/runner/.m2/repository/org/apache/kerby/kerby-asn1/1.0.1/kerby-asn1-1.0.1.jar:/home/runner/.m2/repository/org/apache/kerby/kerby-util/1.0.1/kerby-util-1.0.1.jar:/home/runner/.m2/repository/org/codehaus/woodstox/stax2-api/4.2.1/stax2-api-4.2.1.jar:/home/runner/.m2/repository/com/fasterxml/woodstox/woodstox-core/5.4.0/woodstox-core-5.4.0.jar:/home/runner/.m2/repository/org/xerial/snappy/snappy-java/1.1.8.2/snappy-java-1.1.8.2.jar:/home/runner/.m2/repository/org/apache/hadoop/hadoop-hdfs/3.3.6/hadoop-hdfs-3.3.6.jar:/home/runner/.m2/repository/info/picocli/picocli/4.6.1/picocli-4.6.1.jar:/home/runner/.m2/repository/com/google/protobuf/protobuf-java/2.5.0/protobuf-java-2.5.0.jar:/home/runner/.m2/repository/com/fasterxml/jackson/core/jackson-annotations/2.13.4/jackson-annotations-2.13.4.jar:/home/runner/.m2/repository/com/fasterxml/jackson/datatype/jackson-datatype-jsr310/2.13.4/jackson-datatype-jsr310-2.13.4.jar:/home/runner/.m2/repository/com/fasterxml/jackson/core/jackson-core/2.13.4/jackson-core-2.13.4.jar:/home/runner/work/ozone/ozone/hadoop-hdds/annotations/target/classes:/home/runner/work/ozone/ozone/hadoop-hdds/config/target/classes:/home/runner/.m2/repository/javax/annotation/javax.annotation-api/1.2/javax.annotation-api-1.2.jar:/home/runner/.m2/repository/io/dropwizard/metrics/metrics-core/3.2.4/metrics-core-3.2.4.jar:/home/runner/.m2/repository/org/apache/ratis/ratis-server/2.5.1/ratis-server-2.5.1.jar:/home/runner/.m2/repository/org/apache/ratis/ratis-thirdparty-misc/1.0.4/ratis-thirdparty-misc-1.0.4.jar:/home/runner/.m2/repository/org/apache/ratis/ratis-proto/2.5.1/ratis-proto-2.5.1.jar:/home/runner/.m2/repository/org/apache/ratis/ratis-common/2.5.1/ratis-common-2.5.1.jar:/home/runner/.m2/repository/org/apache/ratis/ratis-client/2.5.1/ratis-client-2.5.1.jar:/home/runner/.m2/repository/org/apache/ratis/ratis-server-api/2.5.1/ratis-server-api-2.5.1.jar:/home/runner/.m2/repository/org/apache/ratis/ratis-metrics/2.5.1/ratis-metrics-2.5.1.jar:/home/runner/.m2/repository/org/apache/ratis/ratis-netty/2.5.1/ratis-netty-2.5.1.jar:/home/runner/.m2/repository/org/apache/ratis/ratis-grpc/2.5.1/ratis-grpc-2.5.1.jar:/home/runner/.m2/repository/org/apache/commons/commons-pool2/2.6.0/commons-pool2-2.6.0.jar:/home/runner/.m2/repository/org/bouncycastle/bcpkix-jdk15on/1.67/bcpkix-jdk15on-1.67.jar:/home/runner/.m2/repository/org/bouncycastle/bcprov-jdk15on/1.67/bcprov-jdk15on-1.67.jar:/home/runner/.m2/repository/commons-validator/commons-validator/1.6/commons-validator-1.6.jar:/home/runner/.m2/repository/commons-beanutils/commons-beanutils/1.9.4/commons-beanutils-1.9.4.jar:/home/runner/.m2/repository/commons-digester/commons-digester/1.8.1/commons-digester-1.8.1.jar:/home/runner/.m2/repository/commons-collections/commons-collections/3.2.2/commons-collections-3.2.2.jar:/home/runner/.m2/repository/io/jaegertracing/jaeger-client/1.6.0/jaeger-client-1.6.0.jar:/home/runner/.m2/repository/io/jaegertracing/jaeger-thrift/1.6.0/jaeger-thrift-1.6.0.jar:/home/runner/.m2/repository/org/apache/thrift/libthrift/0.14.1/libthrift-0.14.1.jar:/home/runner/.m2/repository/io/jaegertracing/jaeger-core/1.6.0/jaeger-core-1.6.0.jar:/home/runner/.m2/repository/io/jaegertracing/jaeger-tracerresolver/1.6.0/jaeger-tracerresolver-1.6.0.jar:/home/runner/.m2/repository/io/opentracing/contrib/opentracing-tracerresolver/0.1.8/opentracing-tracerresolver-0.1.8.jar:/home/runner/.m2/repository/org/jetbrains/kotlin/kotlin-stdlib/1.6.21/kotlin-stdlib-1.6.21.jar:/home/runner/.m2/repository/org/jetbrains/annotations/13.0/annotations-13.0.jar:/home/runner/.m2/repository/io/opentracing/opentracing-util/0.33.0/opentracing-util-0.33.0.jar:/home/runner/.m2/repository/io/opentracing/opentracing-api/0.33.0/opentracing-api-0.33.0.jar:/home/runner/.m2/repository/io/opentracing/opentracing-noop/0.33.0/opentracing-noop-0.33.0.jar:/home/runner/.m2/repository/org/yaml/snakeyaml/2.0/snakeyaml-2.0.jar:/home/runner/.m2/repository/org/reflections/reflections/0.9.11/reflections-0.9.11.jar:/home/runner/.m2/repository/org/javassist/javassist/3.21.0-GA/javassist-3.21.0-GA.jar:/home/runner/work/ozone/ozone/hadoop-hdds/interface-client/target/classes:/home/runner/.m2/repository/org/apache/hadoop/thirdparty/hadoop-shaded-protobuf_3_7/1.1.1/hadoop-shaded-protobuf_3_7-1.1.1.jar:/home/runner/work/ozone/ozone/hadoop-hdds/interface-admin/target/classes:/home/runner/.m2/repository/io/grpc/grpc-api/1.51.1/grpc-api-1.51.1.jar:/home/runner/.m2/repository/io/grpc/grpc-context/1.51.1/grpc-context-1.51.1.jar:/home/runner/.m2/repository/com/fasterxml/uuid/java-uuid-generator/4.3.0/java-uuid-generator-4.3.0.jar:/home/runner/work/ozone/ozone/hadoop-hdds/client/target/test-classes:/home/runner/.m2/repository/junit/junit/4.13.1/junit-4.13.1.jar:/home/runner/.m2/repository/org/hamcrest/hamcrest-core/1.3/hamcrest-core-1.3.jar:/home/runner/.m2/repository/ch/qos/reload4j/reload4j/1.2.22/reload4j-1.2.22.jar:/home/runner/.m2/repository/org/slf4j/slf4j-reload4j/1.7.36/slf4j-reload4j-1.7.36.jar:/home/runner/.m2/repository/org/mockito/mockito-core/3.5.9/mockito-core-3.5.9.jar:/home/runner/.m2/repository/net/bytebuddy/byte-buddy/1.10.13/byte-buddy-1.10.13.jar:/home/runner/.m2/repository/net/bytebuddy/byte-buddy-agent/1.10.13/byte-buddy-agent-1.10.13.jar:/home/runner/.m2/repository/org/objenesis/objenesis/1.0/objenesis-1.0.jar:/home/runner/work/ozone/ozone/hadoop-ozone/client/target/gradle-enterprise/test-listeners.jar:"/>
    <property name="java.vm.vendor" value="Temurin"/>
    <property name="sun.arch.data.model" value="64"/>
    <property name="test.build.dir" value="/home/runner/work/ozone/ozone/hadoop-ozone/client/target/test-dir"/>
    <property name="test.cache.data" value=""/>
    <property name="java.vendor.url" value="https://adoptium.net/"/>
    <property name="user.timezone" value="Etc/UTC"/>
    <property name="os.name" value="Linux"/>
    <property name="java.vm.specification.version" value="1.8"/>
    <property name="test.build.data" value="/home/runner/work/ozone/ozone/hadoop-ozone/client/target/test-dir"/>
    <property name="sun.java.launcher" value="SUN_STANDARD"/>
    <property name="sun.boot.library.path" value="/usr/lib/jvm/temurin-8-jdk-amd64/jre/lib/amd64"/>
    <property name="sun.java.command" value="/home/runner/work/ozone/ozone/hadoop-ozone/client/target/surefire/surefirebooter4834367961790432224.jar /home/runner/work/ozone/ozone/hadoop-ozone/client/target/surefire 2023-11-13T13-11-06_002-jvmRun1 surefire6663763364214196095tmp surefire_277962747410908402120tmp"/>
    <property name="native.lib.tmp.dir" value="/tmp"/>
    <property name="surefire.test.class.path" value="/home/runner/work/ozone/ozone/hadoop-ozone/client/target/test-classes:/home/runner/work/ozone/ozone/hadoop-ozone/client/target/classes:/home/runner/work/ozone/ozone/hadoop-hdds/test-utils/target/classes:/home/runner/.m2/repository/com/google/guava/guava/32.0.0-jre/guava-32.0.0-jre.jar:/home/runner/.m2/repository/com/google/guava/failureaccess/1.0.1/failureaccess-1.0.1.jar:/home/runner/.m2/repository/com/google/guava/listenablefuture/9999.0-empty-to-avoid-conflict-with-guava/listenablefuture-9999.0-empty-to-avoid-conflict-with-guava.jar:/home/runner/.m2/repository/com/google/code/findbugs/jsr305/3.0.0/jsr305-3.0.0.jar:/home/runner/.m2/repository/org/checkerframework/checker-qual/3.33.0/checker-qual-3.33.0.jar:/home/runner/.m2/repository/com/google/errorprone/error_prone_annotations/2.2.0/error_prone_annotations-2.2.0.jar:/home/runner/.m2/repository/com/google/j2objc/j2objc-annotations/2.8/j2objc-annotations-2.8.jar:/home/runner/.m2/repository/commons-io/commons-io/2.11.0/commons-io-2.11.0.jar:/home/runner/.m2/repository/commons-logging/commons-logging/1.2/commons-logging-1.2.jar:/home/runner/.m2/repository/org/junit/jupiter/junit-jupiter-api/5.8.2/junit-jupiter-api-5.8.2.jar:/home/runner/.m2/repository/org/opentest4j/opentest4j/1.2.0/opentest4j-1.2.0.jar:/home/runner/.m2/repository/org/junit/platform/junit-platform-commons/1.8.2/junit-platform-commons-1.8.2.jar:/home/runner/.m2/repository/org/apiguardian/apiguardian-api/1.1.2/apiguardian-api-1.1.2.jar:/home/runner/.m2/repository/org/apache/commons/commons-lang3/3.7/commons-lang3-3.7.jar:/home/runner/.m2/repository/org/slf4j/slf4j-api/1.7.36/slf4j-api-1.7.36.jar:/home/runner/.m2/repository/org/apache/logging/log4j/log4j-api/2.17.1/log4j-api-2.17.1.jar:/home/runner/work/ozone/ozone/hadoop-ozone/common/target/classes:/home/runner/.m2/repository/io/grpc/grpc-netty/1.51.1/grpc-netty-1.51.1.jar:/home/runner/.m2/repository/io/grpc/grpc-core/1.51.1/grpc-core-1.51.1.jar:/home/runner/.m2/repository/com/google/code/gson/gson/2.9.0/gson-2.9.0.jar:/home/runner/.m2/repository/com/google/android/annotations/4.1.1.4/annotations-4.1.1.4.jar:/home/runner/.m2/repository/org/codehaus/mojo/animal-sniffer-annotations/1.21/animal-sniffer-annotations-1.21.jar:/home/runner/.m2/repository/io/perfmark/perfmark-api/0.25.0/perfmark-api-0.25.0.jar:/home/runner/.m2/repository/io/netty/netty-transport-native-unix-common/4.1.100.Final/netty-transport-native-unix-common-4.1.100.Final.jar:/home/runner/.m2/repository/io/netty/netty-codec-http2/4.1.100.Final/netty-codec-http2-4.1.100.Final.jar:/home/runner/.m2/repository/io/netty/netty-common/4.1.100.Final/netty-common-4.1.100.Final.jar:/home/runner/.m2/repository/io/netty/netty-buffer/4.1.100.Final/netty-buffer-4.1.100.Final.jar:/home/runner/.m2/repository/io/netty/netty-transport/4.1.100.Final/netty-transport-4.1.100.Final.jar:/home/runner/.m2/repository/io/netty/netty-resolver/4.1.100.Final/netty-resolver-4.1.100.Final.jar:/home/runner/.m2/repository/io/netty/netty-codec/4.1.100.Final/netty-codec-4.1.100.Final.jar:/home/runner/.m2/repository/io/netty/netty-handler/4.1.100.Final/netty-handler-4.1.100.Final.jar:/home/runner/.m2/repository/io/netty/netty-codec-http/4.1.100.Final/netty-codec-http-4.1.100.Final.jar:/home/runner/.m2/repository/io/netty/netty-handler-proxy/4.1.100.Final/netty-handler-proxy-4.1.100.Final.jar:/home/runner/.m2/repository/io/netty/netty-codec-socks/4.1.100.Final/netty-codec-socks-4.1.100.Final.jar:/home/runner/.m2/repository/io/netty/netty-tcnative-boringssl-static/2.0.61.Final/netty-tcnative-boringssl-static-2.0.61.Final.jar:/home/runner/.m2/repository/io/netty/netty-tcnative-classes/2.0.61.Final/netty-tcnative-classes-2.0.61.Final.jar:/home/runner/.m2/repository/io/netty/netty-tcnative-boringssl-static/2.0.61.Final/netty-tcnative-boringssl-static-2.0.61.Final-linux-x86_64.jar:/home/runner/.m2/repository/io/netty/netty-tcnative-boringssl-static/2.0.61.Final/netty-tcnative-boringssl-static-2.0.61.Final-linux-aarch_64.jar:/home/runner/.m2/repository/io/netty/netty-tcnative-boringssl-static/2.0.61.Final/netty-tcnative-boringssl-static-2.0.61.Final-osx-x86_64.jar:/home/runner/.m2/repository/io/netty/netty-tcnative-boringssl-static/2.0.61.Final/netty-tcnative-boringssl-static-2.0.61.Final-osx-aarch_64.jar:/home/runner/.m2/repository/io/netty/netty-tcnative-boringssl-static/2.0.61.Final/netty-tcnative-boringssl-static-2.0.61.Final-windows-x86_64.jar:/home/runner/.m2/repository/org/apache/commons/commons-compress/1.21/commons-compress-1.21.jar:/home/runner/work/ozone/ozone/hadoop-hdds/common/target/classes:/home/runner/work/ozone/ozone/hadoop-hdds/client/target/classes:/home/runner/work/ozone/ozone/hadoop-ozone/interface-client/target/classes:/home/runner/.m2/repository/io/grpc/grpc-protobuf/1.51.1/grpc-protobuf-1.51.1.jar:/home/runner/.m2/repository/com/google/api/grpc/proto-google-common-protos/2.9.0/proto-google-common-protos-2.9.0.jar:/home/runner/.m2/repository/io/grpc/grpc-protobuf-lite/1.51.1/grpc-protobuf-lite-1.51.1.jar:/home/runner/.m2/repository/io/grpc/grpc-stub/1.51.1/grpc-stub-1.51.1.jar:/home/runner/.m2/repository/org/apache/hadoop/hadoop-hdfs-client/3.3.6/hadoop-hdfs-client-3.3.6.jar:/home/runner/.m2/repository/com/squareup/okhttp3/okhttp/4.9.3/okhttp-4.9.3.jar:/home/runner/.m2/repository/com/squareup/okio/okio/3.4.0/okio-3.4.0.jar:/home/runner/.m2/repository/com/squareup/okio/okio-jvm/3.4.0/okio-jvm-3.4.0.jar:/home/runner/.m2/repository/org/jetbrains/kotlin/kotlin-stdlib-jdk8/1.8.0/kotlin-stdlib-jdk8-1.8.0.jar:/home/runner/.m2/repository/org/jetbrains/kotlin/kotlin-stdlib-jdk7/1.8.0/kotlin-stdlib-jdk7-1.8.0.jar:/home/runner/.m2/repository/org/jetbrains/kotlin/kotlin-stdlib-common/1.6.21/kotlin-stdlib-common-1.6.21.jar:/home/runner/.m2/repository/com/fasterxml/jackson/core/jackson-databind/2.13.4.2/jackson-databind-2.13.4.2.jar:/home/runner/work/ozone/ozone/hadoop-hdds/erasurecode/target/classes:/home/runner/.m2/repository/com/github/spotbugs/spotbugs-annotations/3.1.12/spotbugs-annotations-3.1.12.jar:/home/runner/work/ozone/ozone/hadoop-hdds/common/target/test-classes:/home/runner/work/ozone/ozone/hadoop-hdds/hadoop-dependency-client/target/classes:/home/runner/.m2/repository/org/apache/hadoop/hadoop-annotations/3.3.6/hadoop-annotations-3.3.6.jar:/usr/lib/jvm/temurin-8-jdk-amd64/jre/../lib/tools.jar:/home/runner/.m2/repository/org/apache/hadoop/hadoop-common/3.3.6/hadoop-common-3.3.6.jar:/home/runner/.m2/repository/org/apache/hadoop/thirdparty/hadoop-shaded-guava/1.1.1/hadoop-shaded-guava-1.1.1.jar:/home/runner/.m2/repository/org/apache/httpcomponents/httpclient/4.5.13/httpclient-4.5.13.jar:/home/runner/.m2/repository/org/apache/httpcomponents/httpcore/4.4.13/httpcore-4.4.13.jar:/home/runner/.m2/repository/jakarta/activation/jakarta.activation-api/1.2.2/jakarta.activation-api-1.2.2.jar:/home/runner/.m2/repository/org/apache/commons/commons-configuration2/2.1.1/commons-configuration2-2.1.1.jar:/home/runner/.m2/repository/com/google/re2j/re2j/1.1/re2j-1.1.jar:/home/runner/.m2/repository/org/apache/hadoop/hadoop-auth/3.3.6/hadoop-auth-3.3.6.jar:/home/runner/.m2/repository/org/apache/kerby/kerb-core/1.0.1/kerb-core-1.0.1.jar:/home/runner/.m2/repository/org/apache/kerby/kerby-pkix/1.0.1/kerby-pkix-1.0.1.jar:/home/runner/.m2/repository/org/apache/kerby/kerby-asn1/1.0.1/kerby-asn1-1.0.1.jar:/home/runner/.m2/repository/org/apache/kerby/kerby-util/1.0.1/kerby-util-1.0.1.jar:/home/runner/.m2/repository/org/codehaus/woodstox/stax2-api/4.2.1/stax2-api-4.2.1.jar:/home/runner/.m2/repository/com/fasterxml/woodstox/woodstox-core/5.4.0/woodstox-core-5.4.0.jar:/home/runner/.m2/repository/org/xerial/snappy/snappy-java/1.1.8.2/snappy-java-1.1.8.2.jar:/home/runner/.m2/repository/org/apache/hadoop/hadoop-hdfs/3.3.6/hadoop-hdfs-3.3.6.jar:/home/runner/.m2/repository/info/picocli/picocli/4.6.1/picocli-4.6.1.jar:/home/runner/.m2/repository/com/google/protobuf/protobuf-java/2.5.0/protobuf-java-2.5.0.jar:/home/runner/.m2/repository/com/fasterxml/jackson/core/jackson-annotations/2.13.4/jackson-annotations-2.13.4.jar:/home/runner/.m2/repository/com/fasterxml/jackson/datatype/jackson-datatype-jsr310/2.13.4/jackson-datatype-jsr310-2.13.4.jar:/home/runner/.m2/repository/com/fasterxml/jackson/core/jackson-core/2.13.4/jackson-core-2.13.4.jar:/home/runner/work/ozone/ozone/hadoop-hdds/annotations/target/classes:/home/runner/work/ozone/ozone/hadoop-hdds/config/target/classes:/home/runner/.m2/repository/javax/annotation/javax.annotation-api/1.2/javax.annotation-api-1.2.jar:/home/runner/.m2/repository/io/dropwizard/metrics/metrics-core/3.2.4/metrics-core-3.2.4.jar:/home/runner/.m2/repository/org/apache/ratis/ratis-server/2.5.1/ratis-server-2.5.1.jar:/home/runner/.m2/repository/org/apache/ratis/ratis-thirdparty-misc/1.0.4/ratis-thirdparty-misc-1.0.4.jar:/home/runner/.m2/repository/org/apache/ratis/ratis-proto/2.5.1/ratis-proto-2.5.1.jar:/home/runner/.m2/repository/org/apache/ratis/ratis-common/2.5.1/ratis-common-2.5.1.jar:/home/runner/.m2/repository/org/apache/ratis/ratis-client/2.5.1/ratis-client-2.5.1.jar:/home/runner/.m2/repository/org/apache/ratis/ratis-server-api/2.5.1/ratis-server-api-2.5.1.jar:/home/runner/.m2/repository/org/apache/ratis/ratis-metrics/2.5.1/ratis-metrics-2.5.1.jar:/home/runner/.m2/repository/org/apache/ratis/ratis-netty/2.5.1/ratis-netty-2.5.1.jar:/home/runner/.m2/repository/org/apache/ratis/ratis-grpc/2.5.1/ratis-grpc-2.5.1.jar:/home/runner/.m2/repository/org/apache/commons/commons-pool2/2.6.0/commons-pool2-2.6.0.jar:/home/runner/.m2/repository/org/bouncycastle/bcpkix-jdk15on/1.67/bcpkix-jdk15on-1.67.jar:/home/runner/.m2/repository/org/bouncycastle/bcprov-jdk15on/1.67/bcprov-jdk15on-1.67.jar:/home/runner/.m2/repository/commons-validator/commons-validator/1.6/commons-validator-1.6.jar:/home/runner/.m2/repository/commons-beanutils/commons-beanutils/1.9.4/commons-beanutils-1.9.4.jar:/home/runner/.m2/repository/commons-digester/commons-digester/1.8.1/commons-digester-1.8.1.jar:/home/runner/.m2/repository/commons-collections/commons-collections/3.2.2/commons-collections-3.2.2.jar:/home/runner/.m2/repository/io/jaegertracing/jaeger-client/1.6.0/jaeger-client-1.6.0.jar:/home/runner/.m2/repository/io/jaegertracing/jaeger-thrift/1.6.0/jaeger-thrift-1.6.0.jar:/home/runner/.m2/repository/org/apache/thrift/libthrift/0.14.1/libthrift-0.14.1.jar:/home/runner/.m2/repository/io/jaegertracing/jaeger-core/1.6.0/jaeger-core-1.6.0.jar:/home/runner/.m2/repository/io/jaegertracing/jaeger-tracerresolver/1.6.0/jaeger-tracerresolver-1.6.0.jar:/home/runner/.m2/repository/io/opentracing/contrib/opentracing-tracerresolver/0.1.8/opentracing-tracerresolver-0.1.8.jar:/home/runner/.m2/repository/org/jetbrains/kotlin/kotlin-stdlib/1.6.21/kotlin-stdlib-1.6.21.jar:/home/runner/.m2/repository/org/jetbrains/annotations/13.0/annotations-13.0.jar:/home/runner/.m2/repository/io/opentracing/opentracing-util/0.33.0/opentracing-util-0.33.0.jar:/home/runner/.m2/repository/io/opentracing/opentracing-api/0.33.0/opentracing-api-0.33.0.jar:/home/runner/.m2/repository/io/opentracing/opentracing-noop/0.33.0/opentracing-noop-0.33.0.jar:/home/runner/.m2/repository/org/yaml/snakeyaml/2.0/snakeyaml-2.0.jar:/home/runner/.m2/repository/org/reflections/reflections/0.9.11/reflections-0.9.11.jar:/home/runner/.m2/repository/org/javassist/javassist/3.21.0-GA/javassist-3.21.0-GA.jar:/home/runner/work/ozone/ozone/hadoop-hdds/interface-client/target/classes:/home/runner/.m2/repository/org/apache/hadoop/thirdparty/hadoop-shaded-protobuf_3_7/1.1.1/hadoop-shaded-protobuf_3_7-1.1.1.jar:/home/runner/work/ozone/ozone/hadoop-hdds/interface-admin/target/classes:/home/runner/.m2/repository/io/grpc/grpc-api/1.51.1/grpc-api-1.51.1.jar:/home/runner/.m2/repository/io/grpc/grpc-context/1.51.1/grpc-context-1.51.1.jar:/home/runner/.m2/repository/com/fasterxml/uuid/java-uuid-generator/4.3.0/java-uuid-generator-4.3.0.jar:/home/runner/work/ozone/ozone/hadoop-hdds/client/target/test-classes:/home/runner/.m2/repository/junit/junit/4.13.1/junit-4.13.1.jar:/home/runner/.m2/repository/org/hamcrest/hamcrest-core/1.3/hamcrest-core-1.3.jar:/home/runner/.m2/repository/ch/qos/reload4j/reload4j/1.2.22/reload4j-1.2.22.jar:/home/runner/.m2/repository/org/slf4j/slf4j-reload4j/1.7.36/slf4j-reload4j-1.7.36.jar:/home/runner/.m2/repository/org/mockito/mockito-core/3.5.9/mockito-core-3.5.9.jar:/home/runner/.m2/repository/net/bytebuddy/byte-buddy/1.10.13/byte-buddy-1.10.13.jar:/home/runner/.m2/repository/net/bytebuddy/byte-buddy-agent/1.10.13/byte-buddy-agent-1.10.13.jar:/home/runner/.m2/repository/org/objenesis/objenesis/1.0/objenesis-1.0.jar:/home/runner/work/ozone/ozone/hadoop-ozone/client/target/gradle-enterprise/test-listeners.jar:"/>
    <property name="sun.cpu.endian" value="little"/>
    <property name="user.home" value="/home/runner"/>
    <property name="user.language" value="en"/>
    <property name="java.specification.vendor" value="Oracle Corporation"/>
    <property name="java.home" value="/usr/lib/jvm/temurin-8-jdk-amd64/jre"/>
    <property name="java.security.krb5.conf" value="/home/runner/work/ozone/ozone/hadoop-ozone/client/target/test-classes/krb5.conf"/>
    <property name="file.separator" value="/"/>
    <property name="basedir" value="/home/runner/work/ozone/ozone/hadoop-ozone/client"/>
    <property name="line.separator" value="&#10;"/>
    <property name="java.vm.specification.vendor" value="Oracle Corporation"/>
    <property name="java.specification.name" value="Java Platform API Specification"/>
    <property name="skip.installnpx" value="true"/>
    <property name="java.awt.graphicsenv" value="sun.awt.X11GraphicsEnvironment"/>
    <property name="surefire.real.class.path" value="/home/runner/work/ozone/ozone/hadoop-ozone/client/target/surefire/surefirebooter4834367961790432224.jar:/home/runner/.m2/repository/org/jacoco/org.jacoco.agent/0.8.5/org.jacoco.agent-0.8.5-runtime.jar"/>
    <property name="sun.boot.class.path" value="/usr/lib/jvm/temurin-8-jdk-amd64/jre/lib/resources.jar:/usr/lib/jvm/temurin-8-jdk-amd64/jre/lib/rt.jar:/usr/lib/jvm/temurin-8-jdk-amd64/jre/lib/sunrsasign.jar:/usr/lib/jvm/temurin-8-jdk-amd64/jre/lib/jsse.jar:/usr/lib/jvm/temurin-8-jdk-amd64/jre/lib/jce.jar:/usr/lib/jvm/temurin-8-jdk-amd64/jre/lib/charsets.jar:/usr/lib/jvm/temurin-8-jdk-amd64/jre/lib/jfr.jar:/usr/lib/jvm/temurin-8-jdk-amd64/jre/classes"/>
    <property name="hadoop.log.dir" value="/home/runner/work/ozone/ozone/hadoop-ozone/client/target/log"/>
    <property name="sun.management.compiler" value="HotSpot 64-Bit Tiered Compilers"/>
    <property name="java.runtime.version" value="1.8.0_382-b05"/>
    <property name="skip.npx" value="true"/>
    <property name="user.name" value="runner"/>
    <property name="java.net.preferIPv4Stack" value="true"/>
    <property name="path.separator" value=":"/>
    <property name="java.security.egd" value="file:///dev/urandom"/>
    <property name="os.version" value="5.15.0-1050-azure"/>
    <property name="java.endorsed.dirs" value="/usr/lib/jvm/temurin-8-jdk-amd64/jre/lib/endorsed"/>
    <property name="java.runtime.name" value="OpenJDK Runtime Environment"/>
    <property name="com.gradle.maven.scan.extension.test.listener.junitplatform.NestedExecutionSafeDelegatingTestExecutionListener" value="1e16c0aa"/>
    <property name="file.encoding" value="UTF-8"/>
    <property name="java.vm.name" value="OpenJDK 64-Bit Server VM"/>
    <property name="test.build.webapps" value=""/>
    <property name="localRepository" value="/home/runner/.m2/repository"/>
    <property name="gradle.enterprise.listener.port" value="42137"/>
    <property name="java.vendor.url.bug" value="https://github.com/adoptium/adoptium-support/issues"/>
    <property name="require.test.libhadoop" value=""/>
    <property name="java.io.tmpdir" value="/tmp"/>
    <property name="java.version" value="1.8.0_382"/>
    <property name="user.dir" value="/home/runner/work/ozone/ozone/hadoop-ozone/client"/>
    <property name="os.arch" value="amd64"/>
    <property name="test.build.classes" value="/home/runner/work/ozone/ozone/hadoop-ozone/client/target/test-classes"/>
    <property name="java.vm.specification.name" value="Java Virtual Machine Specification"/>
    <property name="java.awt.printerjob" value="sun.print.PSPrinterJob"/>
    <property name="sun.os.patch.level" value="unknown"/>
    <property name="excludedGroups" value="native | unhealthy | org.apache.ozone.test.UnhealthyTest"/>
    <property name="hadoop.tmp.dir" value="/home/runner/work/ozone/ozone/hadoop-ozone/client/target/tmp"/>
    <property name="java.library.path" value="/usr/java/packages/lib/amd64:/usr/lib64:/lib64:/lib:/usr/lib"/>
    <property name="java.vendor" value="Temurin"/>
    <property name="java.vm.info" value="mixed mode"/>
    <property name="java.vm.version" value="25.382-b05"/>
    <property name="java.specification.maintenance.version" value="5"/>
    <property name="sun.io.unicode.encoding" value="UnicodeLittle"/>
    <property name="java.ext.dirs" value="/usr/lib/jvm/temurin-8-jdk-amd64/jre/lib/ext:/usr/java/packages/lib/ext"/>
    <property name="java.class.version" value="52.0"/>
  </properties>
  <testcase name="testCommitKeyInfo" classname="org.apache.hadoop.ozone.client.TestOzoneECClient" time="1.277">
    <system-out><![CDATA[2023-11-13 13:12:33,022 [main] WARN  util.NativeCodeLoader (NativeCodeLoader.java:<clinit>(60)) - Unable to load native-hadoop library for your platform... using builtin-java classes where applicable
2023-11-13 13:12:33,792 [main] INFO  rpc.RpcClient (RpcClient.java:createVolume(463)) - Creating Volume: 7420ce6c-9406-40a0-b11d-2fff3e45b356, with runner as owner and space quota set to -1 bytes, counts quota set to -1
2023-11-13 13:12:33,819 [main] INFO  rpc.RpcClient (RpcClient.java:createBucket(690)) - Creating Bucket: 7420ce6c-9406-40a0-b11d-2fff3e45b356/a28d448e-b5ad-4ae7-b6f8-f7f272e638d6, with server-side default bucket layout, runner as owner, Versioning false, Storage Type set to DISK and Encryption set to false, Replication Type set to EC, Namespace Quota set to -1, Space Quota set to -1 
2023-11-13 13:12:33,928 [main] WARN  erasurecode.ErasureCodeNative (ErasureCodeNative.java:<clinit>(55)) - ISA-L support is not available in your platform... using builtin-java codec where applicable
]]></system-out>
  </testcase>
  <testcase name="testStripeWriteRetriesOn4FailuresWith3RetriesAllowed" classname="org.apache.hadoop.ozone.client.TestOzoneECClient" time="0.085">
    <system-out><![CDATA[2023-11-13 13:12:34,249 [main] INFO  rpc.RpcClient (RpcClient.java:createVolume(463)) - Creating Volume: c8fa0ef2-2cb9-4589-a015-e121c93d4204, with runner as owner and space quota set to -1 bytes, counts quota set to -1
2023-11-13 13:12:34,250 [main] INFO  rpc.RpcClient (RpcClient.java:createBucket(690)) - Creating Bucket: c8fa0ef2-2cb9-4589-a015-e121c93d4204/635fa7e9-7814-4e5c-ad50-a0f8a754da78, with server-side default bucket layout, runner as owner, Versioning false, Storage Type set to DISK and Encryption set to false, Replication Type set to server-side default replication type, Namespace Quota set to -1, Space Quota set to -1 
2023-11-13 13:12:34,289 [pool-24-thread-1] WARN  io.KeyOutputStream (ECKeyOutputStream.java:logStreamError(250)) - EC stripe write failed: F S S S S
2023-11-13 13:12:34,290 [pool-24-thread-1] WARN  io.KeyOutputStream (ECKeyOutputStream.java:logStreamError(252)) - Failure for replica index: 1, DatanodeDetails: 00000000-0000-0000-0000-000000000000(localhost/1.2.3.4)
java.io.IOException: Unexpected Storage Container Exception: org.apache.hadoop.hdds.scm.container.common.helpers.StorageContainerException: 
	at org.apache.hadoop.hdds.scm.storage.BlockOutputStream.setIoException(BlockOutputStream.java:634)
	at org.apache.hadoop.hdds.scm.storage.ECBlockOutputStream.validateResponse(ECBlockOutputStream.java:303)
	at org.apache.hadoop.hdds.scm.storage.BlockOutputStream.lambda$writeChunkToContainer$2(BlockOutputStream.java:729)
	at java.util.concurrent.CompletableFuture.uniApply(CompletableFuture.java:616)
	at java.util.concurrent.CompletableFuture$UniApply.tryFire(CompletableFuture.java:591)
	at java.util.concurrent.CompletableFuture$Completion.run(CompletableFuture.java:456)
	at java.util.concurrent.ThreadPoolExecutor.runWorker(ThreadPoolExecutor.java:1149)
	at java.util.concurrent.ThreadPoolExecutor$Worker.run(ThreadPoolExecutor.java:624)
	at java.lang.Thread.run(Thread.java:750)
Caused by: org.apache.hadoop.hdds.scm.container.common.helpers.StorageContainerException: 
	at org.apache.hadoop.hdds.scm.storage.ContainerProtocolCalls.validateContainerResponse(ContainerProtocolCalls.java:674)
	at org.apache.hadoop.hdds.scm.storage.ECBlockOutputStream.validateResponse(ECBlockOutputStream.java:301)
	... 7 more
2023-11-13 13:12:34,302 [pool-24-thread-1] WARN  io.KeyOutputStream (ECKeyOutputStream.java:logStreamError(250)) - EC stripe write failed: F S S S S
2023-11-13 13:12:34,302 [pool-24-thread-1] WARN  io.KeyOutputStream (ECKeyOutputStream.java:logStreamError(252)) - Failure for replica index: 1, DatanodeDetails: 00000000-0000-0005-0000-000000000005(localhost/1.2.3.4)
java.io.IOException: Unexpected Storage Container Exception: org.apache.hadoop.hdds.scm.container.common.helpers.StorageContainerException: 
	at org.apache.hadoop.hdds.scm.storage.BlockOutputStream.setIoException(BlockOutputStream.java:634)
	at org.apache.hadoop.hdds.scm.storage.ECBlockOutputStream.validateResponse(ECBlockOutputStream.java:303)
	at org.apache.hadoop.hdds.scm.storage.BlockOutputStream.lambda$writeChunkToContainer$2(BlockOutputStream.java:729)
	at java.util.concurrent.CompletableFuture.uniApply(CompletableFuture.java:616)
	at java.util.concurrent.CompletableFuture$UniApply.tryFire(CompletableFuture.java:591)
	at java.util.concurrent.CompletableFuture$Completion.run(CompletableFuture.java:456)
	at java.util.concurrent.ThreadPoolExecutor.runWorker(ThreadPoolExecutor.java:1149)
	at java.util.concurrent.ThreadPoolExecutor$Worker.run(ThreadPoolExecutor.java:624)
	at java.lang.Thread.run(Thread.java:750)
Caused by: org.apache.hadoop.hdds.scm.container.common.helpers.StorageContainerException: 
	at org.apache.hadoop.hdds.scm.storage.ContainerProtocolCalls.validateContainerResponse(ContainerProtocolCalls.java:674)
	at org.apache.hadoop.hdds.scm.storage.ECBlockOutputStream.validateResponse(ECBlockOutputStream.java:301)
	... 7 more
2023-11-13 13:12:34,305 [pool-24-thread-1] WARN  io.KeyOutputStream (ECKeyOutputStream.java:logStreamError(250)) - EC stripe write failed: F S S S S
2023-11-13 13:12:34,306 [pool-24-thread-1] WARN  io.KeyOutputStream (ECKeyOutputStream.java:logStreamError(252)) - Failure for replica index: 1, DatanodeDetails: 00000000-0000-000a-0000-00000000000a(localhost/1.2.3.4)
java.io.IOException: Unexpected Storage Container Exception: org.apache.hadoop.hdds.scm.container.common.helpers.StorageContainerException: 
	at org.apache.hadoop.hdds.scm.storage.BlockOutputStream.setIoException(BlockOutputStream.java:634)
	at org.apache.hadoop.hdds.scm.storage.ECBlockOutputStream.validateResponse(ECBlockOutputStream.java:303)
	at org.apache.hadoop.hdds.scm.storage.BlockOutputStream.lambda$writeChunkToContainer$2(BlockOutputStream.java:729)
	at java.util.concurrent.CompletableFuture.uniApply(CompletableFuture.java:616)
	at java.util.concurrent.CompletableFuture$UniApply.tryFire(CompletableFuture.java:591)
	at java.util.concurrent.CompletableFuture$Completion.run(CompletableFuture.java:456)
	at java.util.concurrent.ThreadPoolExecutor.runWorker(ThreadPoolExecutor.java:1149)
	at java.util.concurrent.ThreadPoolExecutor$Worker.run(ThreadPoolExecutor.java:624)
	at java.lang.Thread.run(Thread.java:750)
Caused by: org.apache.hadoop.hdds.scm.container.common.helpers.StorageContainerException: 
	at org.apache.hadoop.hdds.scm.storage.ContainerProtocolCalls.validateContainerResponse(ContainerProtocolCalls.java:674)
	at org.apache.hadoop.hdds.scm.storage.ECBlockOutputStream.validateResponse(ECBlockOutputStream.java:301)
	... 7 more
2023-11-13 13:12:34,309 [pool-24-thread-1] WARN  io.KeyOutputStream (ECKeyOutputStream.java:logStreamError(250)) - EC stripe write failed: F S S S S
2023-11-13 13:12:34,309 [pool-24-thread-1] WARN  io.KeyOutputStream (ECKeyOutputStream.java:logStreamError(252)) - Failure for replica index: 1, DatanodeDetails: 00000000-0000-000f-0000-00000000000f(localhost/1.2.3.4)
java.io.IOException: Unexpected Storage Container Exception: org.apache.hadoop.hdds.scm.container.common.helpers.StorageContainerException: 
	at org.apache.hadoop.hdds.scm.storage.BlockOutputStream.setIoException(BlockOutputStream.java:634)
	at org.apache.hadoop.hdds.scm.storage.ECBlockOutputStream.validateResponse(ECBlockOutputStream.java:303)
	at org.apache.hadoop.hdds.scm.storage.BlockOutputStream.lambda$writeChunkToContainer$2(BlockOutputStream.java:729)
	at java.util.concurrent.CompletableFuture.uniApply(CompletableFuture.java:616)
	at java.util.concurrent.CompletableFuture$UniApply.tryFire(CompletableFuture.java:591)
	at java.util.concurrent.CompletableFuture$Completion.run(CompletableFuture.java:456)
	at java.util.concurrent.ThreadPoolExecutor.runWorker(ThreadPoolExecutor.java:1149)
	at java.util.concurrent.ThreadPoolExecutor$Worker.run(ThreadPoolExecutor.java:624)
	at java.lang.Thread.run(Thread.java:750)
Caused by: org.apache.hadoop.hdds.scm.container.common.helpers.StorageContainerException: 
	at org.apache.hadoop.hdds.scm.storage.ContainerProtocolCalls.validateContainerResponse(ContainerProtocolCalls.java:674)
	at org.apache.hadoop.hdds.scm.storage.ECBlockOutputStream.validateResponse(ECBlockOutputStream.java:301)
	... 7 more
]]></system-out>
  </testcase>
  <testcase name="testWriteShouldSuccessIfLessThanParityNodesFail" classname="org.apache.hadoop.ozone.client.TestOzoneECClient" time="0.167">
    <system-out><![CDATA[2023-11-13 13:12:34,326 [main] INFO  rpc.RpcClient (RpcClient.java:createVolume(463)) - Creating Volume: 54087fc4-c326-43a9-818b-79cae5daadf9, with runner as owner and space quota set to -1 bytes, counts quota set to -1
2023-11-13 13:12:34,327 [main] INFO  rpc.RpcClient (RpcClient.java:createBucket(690)) - Creating Bucket: 54087fc4-c326-43a9-818b-79cae5daadf9/e26e7d5f-5ec4-4823-9553-868d21c98701, with server-side default bucket layout, runner as owner, Versioning false, Storage Type set to DISK and Encryption set to false, Replication Type set to server-side default replication type, Namespace Quota set to -1, Space Quota set to -1 
2023-11-13 13:12:34,451 [pool-45-thread-1] WARN  io.KeyOutputStream (ECKeyOutputStream.java:logStreamError(250)) - EC stripe write failed: F S S S S
2023-11-13 13:12:34,451 [pool-45-thread-1] WARN  io.KeyOutputStream (ECKeyOutputStream.java:logStreamError(252)) - Failure for replica index: 1, DatanodeDetails: 00000000-0000-0000-0000-000000000000(localhost/1.2.3.4)
java.io.IOException: Unexpected Storage Container Exception: org.apache.hadoop.hdds.scm.container.common.helpers.StorageContainerException: 
	at org.apache.hadoop.hdds.scm.storage.BlockOutputStream.setIoException(BlockOutputStream.java:634)
	at org.apache.hadoop.hdds.scm.storage.ECBlockOutputStream.validateResponse(ECBlockOutputStream.java:303)
	at org.apache.hadoop.hdds.scm.storage.BlockOutputStream.lambda$writeChunkToContainer$2(BlockOutputStream.java:729)
	at java.util.concurrent.CompletableFuture.uniApply(CompletableFuture.java:616)
	at java.util.concurrent.CompletableFuture$UniApply.tryFire(CompletableFuture.java:591)
	at java.util.concurrent.CompletableFuture$Completion.run(CompletableFuture.java:456)
	at java.util.concurrent.ThreadPoolExecutor.runWorker(ThreadPoolExecutor.java:1149)
	at java.util.concurrent.ThreadPoolExecutor$Worker.run(ThreadPoolExecutor.java:624)
	at java.lang.Thread.run(Thread.java:750)
Caused by: org.apache.hadoop.hdds.scm.container.common.helpers.StorageContainerException: 
	at org.apache.hadoop.hdds.scm.storage.ContainerProtocolCalls.validateContainerResponse(ContainerProtocolCalls.java:674)
	at org.apache.hadoop.hdds.scm.storage.ECBlockOutputStream.validateResponse(ECBlockOutputStream.java:301)
	... 7 more
]]></system-out>
  </testcase>
  <testcase name="testChunksInSingleWriteOpWithOffset" classname="org.apache.hadoop.ozone.client.TestOzoneECClient" time="0.036">
    <system-out><![CDATA[2023-11-13 13:12:34,503 [main] INFO  rpc.RpcClient (RpcClient.java:createVolume(463)) - Creating Volume: 2b14d848-9d60-4dcf-a449-b882217237ac, with runner as owner and space quota set to -1 bytes, counts quota set to -1
2023-11-13 13:12:34,504 [main] INFO  rpc.RpcClient (RpcClient.java:createBucket(690)) - Creating Bucket: 2b14d848-9d60-4dcf-a449-b882217237ac/88b31c14-67ac-43d4-b51a-7a73a1e9b96b, with server-side default bucket layout, runner as owner, Versioning false, Storage Type set to DISK and Encryption set to false, Replication Type set to EC, Namespace Quota set to -1, Space Quota set to -1 
]]></system-out>
  </testcase>
  <testcase name="testExcludeOnDNFailure" classname="org.apache.hadoop.ozone.client.TestOzoneECClient" time="0.235">
    <system-out><![CDATA[2023-11-13 13:12:34,557 [main] INFO  rpc.RpcClient (RpcClient.java:createVolume(463)) - Creating Volume: b44d697a-7706-4884-b53a-2155a18c40c8, with runner as owner and space quota set to -1 bytes, counts quota set to -1
2023-11-13 13:12:34,558 [main] INFO  rpc.RpcClient (RpcClient.java:createBucket(690)) - Creating Bucket: b44d697a-7706-4884-b53a-2155a18c40c8/a6c552c0-89c9-46d5-ac67-ecb362b23efa, with server-side default bucket layout, runner as owner, Versioning false, Storage Type set to DISK and Encryption set to false, Replication Type set to server-side default replication type, Namespace Quota set to -1, Space Quota set to -1 
2023-11-13 13:12:34,679 [pool-67-thread-1] WARN  io.KeyOutputStream (ECKeyOutputStream.java:logStreamError(250)) - EC stripe write failed: F F F F F
2023-11-13 13:12:34,680 [pool-67-thread-1] WARN  io.KeyOutputStream (ECKeyOutputStream.java:logStreamError(252)) - Failure for replica index: 1, DatanodeDetails: 00000000-0000-0000-0000-000000000000(localhost/1.2.3.4)
java.io.IOException: Unexpected Storage Container Exception: org.apache.hadoop.hdds.scm.container.common.helpers.StorageContainerException: 
	at org.apache.hadoop.hdds.scm.storage.BlockOutputStream.setIoException(BlockOutputStream.java:634)
	at org.apache.hadoop.hdds.scm.storage.ECBlockOutputStream.validateResponse(ECBlockOutputStream.java:303)
	at org.apache.hadoop.hdds.scm.storage.BlockOutputStream.lambda$writeChunkToContainer$2(BlockOutputStream.java:729)
	at java.util.concurrent.CompletableFuture.uniApply(CompletableFuture.java:616)
	at java.util.concurrent.CompletableFuture$UniApply.tryFire(CompletableFuture.java:591)
	at java.util.concurrent.CompletableFuture$Completion.run(CompletableFuture.java:456)
	at java.util.concurrent.ThreadPoolExecutor.runWorker(ThreadPoolExecutor.java:1149)
	at java.util.concurrent.ThreadPoolExecutor$Worker.run(ThreadPoolExecutor.java:624)
	at java.lang.Thread.run(Thread.java:750)
Caused by: org.apache.hadoop.hdds.scm.container.common.helpers.StorageContainerException: 
	at org.apache.hadoop.hdds.scm.storage.ContainerProtocolCalls.validateContainerResponse(ContainerProtocolCalls.java:674)
	at org.apache.hadoop.hdds.scm.storage.ECBlockOutputStream.validateResponse(ECBlockOutputStream.java:301)
	... 7 more
2023-11-13 13:12:34,680 [pool-67-thread-1] WARN  io.KeyOutputStream (ECKeyOutputStream.java:logStreamError(252)) - Failure for replica index: 2, DatanodeDetails: 00000000-0000-0001-0000-000000000001(localhost/1.2.3.4)
java.io.IOException: Unexpected Storage Container Exception: org.apache.hadoop.hdds.scm.container.common.helpers.StorageContainerException: 
	at org.apache.hadoop.hdds.scm.storage.BlockOutputStream.setIoException(BlockOutputStream.java:634)
	at org.apache.hadoop.hdds.scm.storage.ECBlockOutputStream.validateResponse(ECBlockOutputStream.java:303)
	at org.apache.hadoop.hdds.scm.storage.BlockOutputStream.lambda$writeChunkToContainer$2(BlockOutputStream.java:729)
	at java.util.concurrent.CompletableFuture.uniApply(CompletableFuture.java:616)
	at java.util.concurrent.CompletableFuture$UniApply.tryFire(CompletableFuture.java:591)
	at java.util.concurrent.CompletableFuture$Completion.run(CompletableFuture.java:456)
	at java.util.concurrent.ThreadPoolExecutor.runWorker(ThreadPoolExecutor.java:1149)
	at java.util.concurrent.ThreadPoolExecutor$Worker.run(ThreadPoolExecutor.java:624)
	at java.lang.Thread.run(Thread.java:750)
Caused by: org.apache.hadoop.hdds.scm.container.common.helpers.StorageContainerException: 
	at org.apache.hadoop.hdds.scm.storage.ContainerProtocolCalls.validateContainerResponse(ContainerProtocolCalls.java:674)
	at org.apache.hadoop.hdds.scm.storage.ECBlockOutputStream.validateResponse(ECBlockOutputStream.java:301)
	... 7 more
2023-11-13 13:12:34,681 [pool-67-thread-1] WARN  io.KeyOutputStream (ECKeyOutputStream.java:logStreamError(252)) - Failure for replica index: 3, DatanodeDetails: 00000000-0000-0002-0000-000000000002(localhost/1.2.3.4)
java.io.IOException: Unexpected Storage Container Exception: org.apache.hadoop.hdds.scm.container.common.helpers.StorageContainerException: 
	at org.apache.hadoop.hdds.scm.storage.BlockOutputStream.setIoException(BlockOutputStream.java:634)
	at org.apache.hadoop.hdds.scm.storage.ECBlockOutputStream.validateResponse(ECBlockOutputStream.java:303)
	at org.apache.hadoop.hdds.scm.storage.BlockOutputStream.lambda$writeChunkToContainer$2(BlockOutputStream.java:729)
	at java.util.concurrent.CompletableFuture.uniApply(CompletableFuture.java:616)
	at java.util.concurrent.CompletableFuture$UniApply.tryFire(CompletableFuture.java:591)
	at java.util.concurrent.CompletableFuture$Completion.run(CompletableFuture.java:456)
	at java.util.concurrent.ThreadPoolExecutor.runWorker(ThreadPoolExecutor.java:1149)
	at java.util.concurrent.ThreadPoolExecutor$Worker.run(ThreadPoolExecutor.java:624)
	at java.lang.Thread.run(Thread.java:750)
Caused by: org.apache.hadoop.hdds.scm.container.common.helpers.StorageContainerException: 
	at org.apache.hadoop.hdds.scm.storage.ContainerProtocolCalls.validateContainerResponse(ContainerProtocolCalls.java:674)
	at org.apache.hadoop.hdds.scm.storage.ECBlockOutputStream.validateResponse(ECBlockOutputStream.java:301)
	... 7 more
2023-11-13 13:12:34,682 [pool-67-thread-1] WARN  io.KeyOutputStream (ECKeyOutputStream.java:logStreamError(252)) - Failure for replica index: 4, DatanodeDetails: 00000000-0000-0003-0000-000000000003(localhost/1.2.3.4)
java.io.IOException: Unexpected Storage Container Exception: org.apache.hadoop.hdds.scm.container.common.helpers.StorageContainerException: 
	at org.apache.hadoop.hdds.scm.storage.BlockOutputStream.setIoException(BlockOutputStream.java:634)
	at org.apache.hadoop.hdds.scm.storage.ECBlockOutputStream.validateResponse(ECBlockOutputStream.java:303)
	at org.apache.hadoop.hdds.scm.storage.BlockOutputStream.lambda$writeChunkToContainer$2(BlockOutputStream.java:729)
	at java.util.concurrent.CompletableFuture.uniApply(CompletableFuture.java:616)
	at java.util.concurrent.CompletableFuture$UniApply.tryFire(CompletableFuture.java:591)
	at java.util.concurrent.CompletableFuture$Completion.run(CompletableFuture.java:456)
	at java.util.concurrent.ThreadPoolExecutor.runWorker(ThreadPoolExecutor.java:1149)
	at java.util.concurrent.ThreadPoolExecutor$Worker.run(ThreadPoolExecutor.java:624)
	at java.lang.Thread.run(Thread.java:750)
Caused by: org.apache.hadoop.hdds.scm.container.common.helpers.StorageContainerException: 
	at org.apache.hadoop.hdds.scm.storage.ContainerProtocolCalls.validateContainerResponse(ContainerProtocolCalls.java:674)
	at org.apache.hadoop.hdds.scm.storage.ECBlockOutputStream.validateResponse(ECBlockOutputStream.java:301)
	... 7 more
2023-11-13 13:12:34,683 [pool-67-thread-1] WARN  io.KeyOutputStream (ECKeyOutputStream.java:logStreamError(252)) - Failure for replica index: 5, DatanodeDetails: 00000000-0000-0004-0000-000000000004(localhost/1.2.3.4)
java.io.IOException: Unexpected Storage Container Exception: org.apache.hadoop.hdds.scm.container.common.helpers.StorageContainerException: 
	at org.apache.hadoop.hdds.scm.storage.BlockOutputStream.setIoException(BlockOutputStream.java:634)
	at org.apache.hadoop.hdds.scm.storage.ECBlockOutputStream.validateResponse(ECBlockOutputStream.java:303)
	at org.apache.hadoop.hdds.scm.storage.BlockOutputStream.lambda$writeChunkToContainer$2(BlockOutputStream.java:729)
	at java.util.concurrent.CompletableFuture.uniApply(CompletableFuture.java:616)
	at java.util.concurrent.CompletableFuture$UniApply.tryFire(CompletableFuture.java:591)
	at java.util.concurrent.CompletableFuture$Completion.run(CompletableFuture.java:456)
	at java.util.concurrent.ThreadPoolExecutor.runWorker(ThreadPoolExecutor.java:1149)
	at java.util.concurrent.ThreadPoolExecutor$Worker.run(ThreadPoolExecutor.java:624)
	at java.lang.Thread.run(Thread.java:750)
Caused by: org.apache.hadoop.hdds.scm.container.common.helpers.StorageContainerException: 
	at org.apache.hadoop.hdds.scm.storage.ContainerProtocolCalls.validateContainerResponse(ContainerProtocolCalls.java:674)
	at org.apache.hadoop.hdds.scm.storage.ECBlockOutputStream.validateResponse(ECBlockOutputStream.java:301)
	... 7 more
]]></system-out>
  </testcase>
  <testcase name="testWriteShouldFailIfMoreThanParityNodesFail" classname="org.apache.hadoop.ozone.client.TestOzoneECClient" time="0.13">
    <system-out><![CDATA[2023-11-13 13:12:34,793 [main] INFO  rpc.RpcClient (RpcClient.java:createVolume(463)) - Creating Volume: 5a02cbd4-cf2b-4ab1-a063-dd0459d3aa75, with runner as owner and space quota set to -1 bytes, counts quota set to -1
2023-11-13 13:12:34,794 [main] INFO  rpc.RpcClient (RpcClient.java:createBucket(690)) - Creating Bucket: 5a02cbd4-cf2b-4ab1-a063-dd0459d3aa75/c2b00920-5a70-4f1b-9a1a-676d39fb961c, with server-side default bucket layout, runner as owner, Versioning false, Storage Type set to DISK and Encryption set to false, Replication Type set to server-side default replication type, Namespace Quota set to -1, Space Quota set to -1 
2023-11-13 13:12:34,911 [pool-78-thread-1] WARN  io.KeyOutputStream (ECKeyOutputStream.java:logStreamError(250)) - EC stripe write failed: F F F S S
2023-11-13 13:12:34,912 [pool-78-thread-1] WARN  io.KeyOutputStream (ECKeyOutputStream.java:logStreamError(252)) - Failure for replica index: 1, DatanodeDetails: 00000000-0000-0000-0000-000000000000(localhost/1.2.3.4)
java.io.IOException: Unexpected Storage Container Exception: org.apache.hadoop.hdds.scm.container.common.helpers.StorageContainerException: 
	at org.apache.hadoop.hdds.scm.storage.BlockOutputStream.setIoException(BlockOutputStream.java:634)
	at org.apache.hadoop.hdds.scm.storage.ECBlockOutputStream.validateResponse(ECBlockOutputStream.java:303)
	at org.apache.hadoop.hdds.scm.storage.BlockOutputStream.lambda$writeChunkToContainer$2(BlockOutputStream.java:729)
	at java.util.concurrent.CompletableFuture.uniApply(CompletableFuture.java:616)
	at java.util.concurrent.CompletableFuture$UniApply.tryFire(CompletableFuture.java:591)
	at java.util.concurrent.CompletableFuture$Completion.run(CompletableFuture.java:456)
	at java.util.concurrent.ThreadPoolExecutor.runWorker(ThreadPoolExecutor.java:1149)
	at java.util.concurrent.ThreadPoolExecutor$Worker.run(ThreadPoolExecutor.java:624)
	at java.lang.Thread.run(Thread.java:750)
Caused by: org.apache.hadoop.hdds.scm.container.common.helpers.StorageContainerException: 
	at org.apache.hadoop.hdds.scm.storage.ContainerProtocolCalls.validateContainerResponse(ContainerProtocolCalls.java:674)
	at org.apache.hadoop.hdds.scm.storage.ECBlockOutputStream.validateResponse(ECBlockOutputStream.java:301)
	... 7 more
2023-11-13 13:12:34,912 [pool-78-thread-1] WARN  io.KeyOutputStream (ECKeyOutputStream.java:logStreamError(252)) - Failure for replica index: 2, DatanodeDetails: 00000000-0000-0001-0000-000000000001(localhost/1.2.3.4)
java.io.IOException: Unexpected Storage Container Exception: org.apache.hadoop.hdds.scm.container.common.helpers.StorageContainerException: 
	at org.apache.hadoop.hdds.scm.storage.BlockOutputStream.setIoException(BlockOutputStream.java:634)
	at org.apache.hadoop.hdds.scm.storage.ECBlockOutputStream.validateResponse(ECBlockOutputStream.java:303)
	at org.apache.hadoop.hdds.scm.storage.BlockOutputStream.lambda$writeChunkToContainer$2(BlockOutputStream.java:729)
	at java.util.concurrent.CompletableFuture.uniApply(CompletableFuture.java:616)
	at java.util.concurrent.CompletableFuture$UniApply.tryFire(CompletableFuture.java:591)
	at java.util.concurrent.CompletableFuture$Completion.run(CompletableFuture.java:456)
	at java.util.concurrent.ThreadPoolExecutor.runWorker(ThreadPoolExecutor.java:1149)
	at java.util.concurrent.ThreadPoolExecutor$Worker.run(ThreadPoolExecutor.java:624)
	at java.lang.Thread.run(Thread.java:750)
Caused by: org.apache.hadoop.hdds.scm.container.common.helpers.StorageContainerException: 
	at org.apache.hadoop.hdds.scm.storage.ContainerProtocolCalls.validateContainerResponse(ContainerProtocolCalls.java:674)
	at org.apache.hadoop.hdds.scm.storage.ECBlockOutputStream.validateResponse(ECBlockOutputStream.java:301)
	... 7 more
2023-11-13 13:12:34,913 [pool-78-thread-1] WARN  io.KeyOutputStream (ECKeyOutputStream.java:logStreamError(252)) - Failure for replica index: 3, DatanodeDetails: 00000000-0000-0002-0000-000000000002(localhost/1.2.3.4)
java.io.IOException: Unexpected Storage Container Exception: org.apache.hadoop.hdds.scm.container.common.helpers.StorageContainerException: 
	at org.apache.hadoop.hdds.scm.storage.BlockOutputStream.setIoException(BlockOutputStream.java:634)
	at org.apache.hadoop.hdds.scm.storage.ECBlockOutputStream.validateResponse(ECBlockOutputStream.java:303)
	at org.apache.hadoop.hdds.scm.storage.BlockOutputStream.lambda$writeChunkToContainer$2(BlockOutputStream.java:729)
	at java.util.concurrent.CompletableFuture.uniApply(CompletableFuture.java:616)
	at java.util.concurrent.CompletableFuture$UniApply.tryFire(CompletableFuture.java:591)
	at java.util.concurrent.CompletableFuture$Completion.run(CompletableFuture.java:456)
	at java.util.concurrent.ThreadPoolExecutor.runWorker(ThreadPoolExecutor.java:1149)
	at java.util.concurrent.ThreadPoolExecutor$Worker.run(ThreadPoolExecutor.java:624)
	at java.lang.Thread.run(Thread.java:750)
Caused by: org.apache.hadoop.hdds.scm.container.common.helpers.StorageContainerException: 
	at org.apache.hadoop.hdds.scm.storage.ContainerProtocolCalls.validateContainerResponse(ContainerProtocolCalls.java:674)
	at org.apache.hadoop.hdds.scm.storage.ECBlockOutputStream.validateResponse(ECBlockOutputStream.java:301)
	... 7 more
]]></system-out>
  </testcase>
  <testcase name="testStripeWriteRetriesOnAllNodeFailures" classname="org.apache.hadoop.ozone.client.TestOzoneECClient" time="0.136">
    <system-out><![CDATA[2023-11-13 13:12:34,942 [main] INFO  rpc.RpcClient (RpcClient.java:createVolume(463)) - Creating Volume: 6be31aed-1c62-4d9e-87f4-07df3b1308dd, with runner as owner and space quota set to -1 bytes, counts quota set to -1
2023-11-13 13:12:34,944 [main] INFO  rpc.RpcClient (RpcClient.java:createBucket(690)) - Creating Bucket: 6be31aed-1c62-4d9e-87f4-07df3b1308dd/b5c2c9b2-2b4a-40e8-98de-b82a065be46e, with server-side default bucket layout, runner as owner, Versioning false, Storage Type set to DISK and Encryption set to false, Replication Type set to server-side default replication type, Namespace Quota set to -1, Space Quota set to -1 
2023-11-13 13:12:35,062 [pool-89-thread-1] WARN  io.KeyOutputStream (ECKeyOutputStream.java:logStreamError(250)) - EC stripe write failed: F F F F F
2023-11-13 13:12:35,062 [pool-89-thread-1] WARN  io.KeyOutputStream (ECKeyOutputStream.java:logStreamError(252)) - Failure for replica index: 1, DatanodeDetails: 00000000-0000-0000-0000-000000000000(localhost/1.2.3.4)
java.io.IOException: Unexpected Storage Container Exception: org.apache.hadoop.hdds.scm.container.common.helpers.StorageContainerException: 
	at org.apache.hadoop.hdds.scm.storage.BlockOutputStream.setIoException(BlockOutputStream.java:634)
	at org.apache.hadoop.hdds.scm.storage.ECBlockOutputStream.validateResponse(ECBlockOutputStream.java:303)
	at org.apache.hadoop.hdds.scm.storage.BlockOutputStream.lambda$writeChunkToContainer$2(BlockOutputStream.java:729)
	at java.util.concurrent.CompletableFuture.uniApply(CompletableFuture.java:616)
	at java.util.concurrent.CompletableFuture$UniApply.tryFire(CompletableFuture.java:591)
	at java.util.concurrent.CompletableFuture$Completion.run(CompletableFuture.java:456)
	at java.util.concurrent.ThreadPoolExecutor.runWorker(ThreadPoolExecutor.java:1149)
	at java.util.concurrent.ThreadPoolExecutor$Worker.run(ThreadPoolExecutor.java:624)
	at java.lang.Thread.run(Thread.java:750)
Caused by: org.apache.hadoop.hdds.scm.container.common.helpers.StorageContainerException: 
	at org.apache.hadoop.hdds.scm.storage.ContainerProtocolCalls.validateContainerResponse(ContainerProtocolCalls.java:674)
	at org.apache.hadoop.hdds.scm.storage.ECBlockOutputStream.validateResponse(ECBlockOutputStream.java:301)
	... 7 more
2023-11-13 13:12:35,063 [pool-89-thread-1] WARN  io.KeyOutputStream (ECKeyOutputStream.java:logStreamError(252)) - Failure for replica index: 2, DatanodeDetails: 00000000-0000-0001-0000-000000000001(localhost/1.2.3.4)
java.io.IOException: Unexpected Storage Container Exception: org.apache.hadoop.hdds.scm.container.common.helpers.StorageContainerException: 
	at org.apache.hadoop.hdds.scm.storage.BlockOutputStream.setIoException(BlockOutputStream.java:634)
	at org.apache.hadoop.hdds.scm.storage.ECBlockOutputStream.validateResponse(ECBlockOutputStream.java:303)
	at org.apache.hadoop.hdds.scm.storage.BlockOutputStream.lambda$writeChunkToContainer$2(BlockOutputStream.java:729)
	at java.util.concurrent.CompletableFuture.uniApply(CompletableFuture.java:616)
	at java.util.concurrent.CompletableFuture$UniApply.tryFire(CompletableFuture.java:591)
	at java.util.concurrent.CompletableFuture$Completion.run(CompletableFuture.java:456)
	at java.util.concurrent.ThreadPoolExecutor.runWorker(ThreadPoolExecutor.java:1149)
	at java.util.concurrent.ThreadPoolExecutor$Worker.run(ThreadPoolExecutor.java:624)
	at java.lang.Thread.run(Thread.java:750)
Caused by: org.apache.hadoop.hdds.scm.container.common.helpers.StorageContainerException: 
	at org.apache.hadoop.hdds.scm.storage.ContainerProtocolCalls.validateContainerResponse(ContainerProtocolCalls.java:674)
	at org.apache.hadoop.hdds.scm.storage.ECBlockOutputStream.validateResponse(ECBlockOutputStream.java:301)
	... 7 more
2023-11-13 13:12:35,063 [pool-89-thread-1] WARN  io.KeyOutputStream (ECKeyOutputStream.java:logStreamError(252)) - Failure for replica index: 3, DatanodeDetails: 00000000-0000-0002-0000-000000000002(localhost/1.2.3.4)
java.io.IOException: Unexpected Storage Container Exception: org.apache.hadoop.hdds.scm.container.common.helpers.StorageContainerException: 
	at org.apache.hadoop.hdds.scm.storage.BlockOutputStream.setIoException(BlockOutputStream.java:634)
	at org.apache.hadoop.hdds.scm.storage.ECBlockOutputStream.validateResponse(ECBlockOutputStream.java:303)
	at org.apache.hadoop.hdds.scm.storage.BlockOutputStream.lambda$writeChunkToContainer$2(BlockOutputStream.java:729)
	at java.util.concurrent.CompletableFuture.uniApply(CompletableFuture.java:616)
	at java.util.concurrent.CompletableFuture$UniApply.tryFire(CompletableFuture.java:591)
	at java.util.concurrent.CompletableFuture$Completion.run(CompletableFuture.java:456)
	at java.util.concurrent.ThreadPoolExecutor.runWorker(ThreadPoolExecutor.java:1149)
	at java.util.concurrent.ThreadPoolExecutor$Worker.run(ThreadPoolExecutor.java:624)
	at java.lang.Thread.run(Thread.java:750)
Caused by: org.apache.hadoop.hdds.scm.container.common.helpers.StorageContainerException: 
	at org.apache.hadoop.hdds.scm.storage.ContainerProtocolCalls.validateContainerResponse(ContainerProtocolCalls.java:674)
	at org.apache.hadoop.hdds.scm.storage.ECBlockOutputStream.validateResponse(ECBlockOutputStream.java:301)
	... 7 more
2023-11-13 13:12:35,064 [pool-89-thread-1] WARN  io.KeyOutputStream (ECKeyOutputStream.java:logStreamError(252)) - Failure for replica index: 4, DatanodeDetails: 00000000-0000-0003-0000-000000000003(localhost/1.2.3.4)
java.io.IOException: Unexpected Storage Container Exception: org.apache.hadoop.hdds.scm.container.common.helpers.StorageContainerException: 
	at org.apache.hadoop.hdds.scm.storage.BlockOutputStream.setIoException(BlockOutputStream.java:634)
	at org.apache.hadoop.hdds.scm.storage.ECBlockOutputStream.validateResponse(ECBlockOutputStream.java:303)
	at org.apache.hadoop.hdds.scm.storage.BlockOutputStream.lambda$writeChunkToContainer$2(BlockOutputStream.java:729)
	at java.util.concurrent.CompletableFuture.uniApply(CompletableFuture.java:616)
	at java.util.concurrent.CompletableFuture$UniApply.tryFire(CompletableFuture.java:591)
	at java.util.concurrent.CompletableFuture$Completion.run(CompletableFuture.java:456)
	at java.util.concurrent.ThreadPoolExecutor.runWorker(ThreadPoolExecutor.java:1149)
	at java.util.concurrent.ThreadPoolExecutor$Worker.run(ThreadPoolExecutor.java:624)
	at java.lang.Thread.run(Thread.java:750)
Caused by: org.apache.hadoop.hdds.scm.container.common.helpers.StorageContainerException: 
	at org.apache.hadoop.hdds.scm.storage.ContainerProtocolCalls.validateContainerResponse(ContainerProtocolCalls.java:674)
	at org.apache.hadoop.hdds.scm.storage.ECBlockOutputStream.validateResponse(ECBlockOutputStream.java:301)
	... 7 more
2023-11-13 13:12:35,064 [pool-89-thread-1] WARN  io.KeyOutputStream (ECKeyOutputStream.java:logStreamError(252)) - Failure for replica index: 5, DatanodeDetails: 00000000-0000-0004-0000-000000000004(localhost/1.2.3.4)
java.io.IOException: Unexpected Storage Container Exception: org.apache.hadoop.hdds.scm.container.common.helpers.StorageContainerException: 
	at org.apache.hadoop.hdds.scm.storage.BlockOutputStream.setIoException(BlockOutputStream.java:634)
	at org.apache.hadoop.hdds.scm.storage.ECBlockOutputStream.validateResponse(ECBlockOutputStream.java:303)
	at org.apache.hadoop.hdds.scm.storage.BlockOutputStream.lambda$writeChunkToContainer$2(BlockOutputStream.java:729)
	at java.util.concurrent.CompletableFuture.uniApply(CompletableFuture.java:616)
	at java.util.concurrent.CompletableFuture$UniApply.tryFire(CompletableFuture.java:591)
	at java.util.concurrent.CompletableFuture$Completion.run(CompletableFuture.java:456)
	at java.util.concurrent.ThreadPoolExecutor.runWorker(ThreadPoolExecutor.java:1149)
	at java.util.concurrent.ThreadPoolExecutor$Worker.run(ThreadPoolExecutor.java:624)
	at java.lang.Thread.run(Thread.java:750)
Caused by: org.apache.hadoop.hdds.scm.container.common.helpers.StorageContainerException: 
	at org.apache.hadoop.hdds.scm.storage.ContainerProtocolCalls.validateContainerResponse(ContainerProtocolCalls.java:674)
	at org.apache.hadoop.hdds.scm.storage.ECBlockOutputStream.validateResponse(ECBlockOutputStream.java:301)
	... 7 more
]]></system-out>
  </testcase>
  <testcase name="testSmallerThanChunkSize" classname="org.apache.hadoop.ozone.client.TestOzoneECClient" time="0.017">
    <system-out><![CDATA[2023-11-13 13:12:35,077 [main] INFO  rpc.RpcClient (RpcClient.java:createVolume(463)) - Creating Volume: 8d0f8143-3bd6-456b-906a-0cd58b032059, with runner as owner and space quota set to -1 bytes, counts quota set to -1
2023-11-13 13:12:35,078 [main] INFO  rpc.RpcClient (RpcClient.java:createBucket(690)) - Creating Bucket: 8d0f8143-3bd6-456b-906a-0cd58b032059/c03db320-8ab6-4a9a-b5b7-7c17a92772d6, with server-side default bucket layout, runner as owner, Versioning false, Storage Type set to DISK and Encryption set to false, Replication Type set to EC, Namespace Quota set to -1, Space Quota set to -1 
]]></system-out>
  </testcase>
  <testcase name="testStripeWriteRetriesOn3Failures" classname="org.apache.hadoop.ozone.client.TestOzoneECClient" time="0.142">
    <system-out><![CDATA[2023-11-13 13:12:35,109 [main] INFO  rpc.RpcClient (RpcClient.java:createVolume(463)) - Creating Volume: da49ff41-c771-4e2e-8271-e792b5b4fa07, with runner as owner and space quota set to -1 bytes, counts quota set to -1
2023-11-13 13:12:35,110 [main] INFO  rpc.RpcClient (RpcClient.java:createBucket(690)) - Creating Bucket: da49ff41-c771-4e2e-8271-e792b5b4fa07/d2bd927c-ae76-408a-aaf3-2aa55718fb2c, with server-side default bucket layout, runner as owner, Versioning false, Storage Type set to DISK and Encryption set to false, Replication Type set to server-side default replication type, Namespace Quota set to -1, Space Quota set to -1 
2023-11-13 13:12:35,227 [pool-101-thread-1] WARN  io.KeyOutputStream (ECKeyOutputStream.java:logStreamError(250)) - EC stripe write failed: F S S S S
2023-11-13 13:12:35,227 [pool-101-thread-1] WARN  io.KeyOutputStream (ECKeyOutputStream.java:logStreamError(252)) - Failure for replica index: 1, DatanodeDetails: 00000000-0000-0000-0000-000000000000(localhost/1.2.3.4)
java.io.IOException: Unexpected Storage Container Exception: org.apache.hadoop.hdds.scm.container.common.helpers.StorageContainerException: 
	at org.apache.hadoop.hdds.scm.storage.BlockOutputStream.setIoException(BlockOutputStream.java:634)
	at org.apache.hadoop.hdds.scm.storage.ECBlockOutputStream.validateResponse(ECBlockOutputStream.java:303)
	at org.apache.hadoop.hdds.scm.storage.BlockOutputStream.lambda$writeChunkToContainer$2(BlockOutputStream.java:729)
	at java.util.concurrent.CompletableFuture.uniApply(CompletableFuture.java:616)
	at java.util.concurrent.CompletableFuture$UniApply.tryFire(CompletableFuture.java:591)
	at java.util.concurrent.CompletableFuture$Completion.run(CompletableFuture.java:456)
	at java.util.concurrent.ThreadPoolExecutor.runWorker(ThreadPoolExecutor.java:1149)
	at java.util.concurrent.ThreadPoolExecutor$Worker.run(ThreadPoolExecutor.java:624)
	at java.lang.Thread.run(Thread.java:750)
Caused by: org.apache.hadoop.hdds.scm.container.common.helpers.StorageContainerException: 
	at org.apache.hadoop.hdds.scm.storage.ContainerProtocolCalls.validateContainerResponse(ContainerProtocolCalls.java:674)
	at org.apache.hadoop.hdds.scm.storage.ECBlockOutputStream.validateResponse(ECBlockOutputStream.java:301)
	... 7 more
2023-11-13 13:12:35,230 [pool-101-thread-1] WARN  io.KeyOutputStream (ECKeyOutputStream.java:logStreamError(250)) - EC stripe write failed: F S S S S
2023-11-13 13:12:35,230 [pool-101-thread-1] WARN  io.KeyOutputStream (ECKeyOutputStream.java:logStreamError(252)) - Failure for replica index: 1, DatanodeDetails: 00000000-0000-0005-0000-000000000005(localhost/1.2.3.4)
java.io.IOException: Unexpected Storage Container Exception: org.apache.hadoop.hdds.scm.container.common.helpers.StorageContainerException: 
	at org.apache.hadoop.hdds.scm.storage.BlockOutputStream.setIoException(BlockOutputStream.java:634)
	at org.apache.hadoop.hdds.scm.storage.ECBlockOutputStream.validateResponse(ECBlockOutputStream.java:303)
	at org.apache.hadoop.hdds.scm.storage.BlockOutputStream.lambda$writeChunkToContainer$2(BlockOutputStream.java:729)
	at java.util.concurrent.CompletableFuture.uniApply(CompletableFuture.java:616)
	at java.util.concurrent.CompletableFuture$UniApply.tryFire(CompletableFuture.java:591)
	at java.util.concurrent.CompletableFuture$Completion.run(CompletableFuture.java:456)
	at java.util.concurrent.ThreadPoolExecutor.runWorker(ThreadPoolExecutor.java:1149)
	at java.util.concurrent.ThreadPoolExecutor$Worker.run(ThreadPoolExecutor.java:624)
	at java.lang.Thread.run(Thread.java:750)
Caused by: org.apache.hadoop.hdds.scm.container.common.helpers.StorageContainerException: 
	at org.apache.hadoop.hdds.scm.storage.ContainerProtocolCalls.validateContainerResponse(ContainerProtocolCalls.java:674)
	at org.apache.hadoop.hdds.scm.storage.ECBlockOutputStream.validateResponse(ECBlockOutputStream.java:301)
	... 7 more
2023-11-13 13:12:35,234 [pool-101-thread-1] WARN  io.KeyOutputStream (ECKeyOutputStream.java:logStreamError(250)) - EC stripe write failed: F S S S S
2023-11-13 13:12:35,234 [pool-101-thread-1] WARN  io.KeyOutputStream (ECKeyOutputStream.java:logStreamError(252)) - Failure for replica index: 1, DatanodeDetails: 00000000-0000-000a-0000-00000000000a(localhost/1.2.3.4)
java.io.IOException: Unexpected Storage Container Exception: org.apache.hadoop.hdds.scm.container.common.helpers.StorageContainerException: 
	at org.apache.hadoop.hdds.scm.storage.BlockOutputStream.setIoException(BlockOutputStream.java:634)
	at org.apache.hadoop.hdds.scm.storage.ECBlockOutputStream.validateResponse(ECBlockOutputStream.java:303)
	at org.apache.hadoop.hdds.scm.storage.BlockOutputStream.lambda$writeChunkToContainer$2(BlockOutputStream.java:729)
	at java.util.concurrent.CompletableFuture.uniApply(CompletableFuture.java:616)
	at java.util.concurrent.CompletableFuture$UniApply.tryFire(CompletableFuture.java:591)
	at java.util.concurrent.CompletableFuture$Completion.run(CompletableFuture.java:456)
	at java.util.concurrent.ThreadPoolExecutor.runWorker(ThreadPoolExecutor.java:1149)
	at java.util.concurrent.ThreadPoolExecutor$Worker.run(ThreadPoolExecutor.java:624)
	at java.lang.Thread.run(Thread.java:750)
Caused by: org.apache.hadoop.hdds.scm.container.common.helpers.StorageContainerException: 
	at org.apache.hadoop.hdds.scm.storage.ContainerProtocolCalls.validateContainerResponse(ContainerProtocolCalls.java:674)
	at org.apache.hadoop.hdds.scm.storage.ECBlockOutputStream.validateResponse(ECBlockOutputStream.java:301)
	... 7 more
]]></system-out>
  </testcase>
  <testcase name="test10D4PConfigWithPartialStripe" classname="org.apache.hadoop.ozone.client.TestOzoneECClient" time="0.032">
    <system-out><![CDATA[2023-11-13 13:12:35,254 [main] INFO  rpc.RpcClient (RpcClient.java:createVolume(463)) - Creating Volume: 20bf73d8-b5a7-4a55-b466-d00d054e0d86, with runner as owner and space quota set to -1 bytes, counts quota set to -1
2023-11-13 13:12:35,254 [main] INFO  rpc.RpcClient (RpcClient.java:createBucket(690)) - Creating Bucket: 20bf73d8-b5a7-4a55-b466-d00d054e0d86/eaf0982c-d64b-4f73-900d-fd5222cb27ff, with server-side default bucket layout, runner as owner, Versioning false, Storage Type set to DISK and Encryption set to false, Replication Type set to server-side default replication type, Namespace Quota set to -1, Space Quota set to -1 
]]></system-out>
  </testcase>
  <testcase name="test4ChunksInSingleWriteOp" classname="org.apache.hadoop.ozone.client.TestOzoneECClient" time="0.017">
    <system-out><![CDATA[2023-11-13 13:12:35,293 [main] INFO  rpc.RpcClient (RpcClient.java:createVolume(463)) - Creating Volume: f01e69ee-8df4-43c3-a671-5cf000d58280, with runner as owner and space quota set to -1 bytes, counts quota set to -1
2023-11-13 13:12:35,294 [main] INFO  rpc.RpcClient (RpcClient.java:createBucket(690)) - Creating Bucket: f01e69ee-8df4-43c3-a671-5cf000d58280/d3e022a6-fee3-47d7-b643-03e641199432, with server-side default bucket layout, runner as owner, Versioning false, Storage Type set to DISK and Encryption set to false, Replication Type set to EC, Namespace Quota set to -1, Space Quota set to -1 
]]></system-out>
  </testcase>
  <testcase name="testPutBlockHasBlockGroupLen" classname="org.apache.hadoop.ozone.client.TestOzoneECClient" time="0.025">
    <system-out><![CDATA[2023-11-13 13:12:35,317 [main] INFO  rpc.RpcClient (RpcClient.java:createVolume(463)) - Creating Volume: ba2aac1a-20fe-4ac2-bda1-707615d2fc9e, with runner as owner and space quota set to -1 bytes, counts quota set to -1
2023-11-13 13:12:35,318 [main] INFO  rpc.RpcClient (RpcClient.java:createBucket(690)) - Creating Bucket: ba2aac1a-20fe-4ac2-bda1-707615d2fc9e/b2feb905-1b65-47b5-85c5-53d3a2655201, with server-side default bucket layout, runner as owner, Versioning false, Storage Type set to DISK and Encryption set to false, Replication Type set to server-side default replication type, Namespace Quota set to -1, Space Quota set to -1 
]]></system-out>
  </testcase>
  <testcase name="test6ChunksInSingleWriteOp" classname="org.apache.hadoop.ozone.client.TestOzoneECClient" time="0.017">
    <system-out><![CDATA[2023-11-13 13:12:35,350 [main] INFO  rpc.RpcClient (RpcClient.java:createVolume(463)) - Creating Volume: ccd5e053-ce06-4f6a-bbb7-016331c34738, with runner as owner and space quota set to -1 bytes, counts quota set to -1
2023-11-13 13:12:35,351 [main] INFO  rpc.RpcClient (RpcClient.java:createBucket(690)) - Creating Bucket: ccd5e053-ce06-4f6a-bbb7-016331c34738/8b9b6705-cd08-4e10-96b8-f3dca3f4051d, with server-side default bucket layout, runner as owner, Versioning false, Storage Type set to DISK and Encryption set to false, Replication Type set to EC, Namespace Quota set to -1, Space Quota set to -1 
]]></system-out>
  </testcase>
  <testcase name="testPutECKeyAndReadContent" classname="org.apache.hadoop.ozone.client.TestOzoneECClient" time="0.022">
    <system-out><![CDATA[2023-11-13 13:12:35,374 [main] INFO  rpc.RpcClient (RpcClient.java:createVolume(463)) - Creating Volume: 4730e5bd-7576-4f1f-8932-e0efe4f5c3bb, with runner as owner and space quota set to -1 bytes, counts quota set to -1
2023-11-13 13:12:35,375 [main] INFO  rpc.RpcClient (RpcClient.java:createBucket(690)) - Creating Bucket: 4730e5bd-7576-4f1f-8932-e0efe4f5c3bb/92f9df00-cb64-4a18-8264-4de872d603c5, with server-side default bucket layout, runner as owner, Versioning false, Storage Type set to DISK and Encryption set to false, Replication Type set to server-side default replication type, Namespace Quota set to -1, Space Quota set to -1 
]]></system-out>
  </testcase>
  <testcase name="testExcludeOnDNMixed" classname="org.apache.hadoop.ozone.client.TestOzoneECClient" time="0.23">
    <system-out><![CDATA[2023-11-13 13:12:35,413 [main] INFO  rpc.RpcClient (RpcClient.java:createVolume(463)) - Creating Volume: 4bc92b51-3f28-4ab0-b8ef-07a543be1e40, with runner as owner and space quota set to -1 bytes, counts quota set to -1
2023-11-13 13:12:35,414 [main] INFO  rpc.RpcClient (RpcClient.java:createBucket(690)) - Creating Bucket: 4bc92b51-3f28-4ab0-b8ef-07a543be1e40/d89e2468-dfc6-4c64-bd61-11bbb04556f0, with server-side default bucket layout, runner as owner, Versioning false, Storage Type set to DISK and Encryption set to false, Replication Type set to server-side default replication type, Namespace Quota set to -1, Space Quota set to -1 
2023-11-13 13:12:35,533 [pool-161-thread-1] WARN  io.KeyOutputStream (ECKeyOutputStream.java:logStreamError(250)) - EC stripe write failed: F F F F F
2023-11-13 13:12:35,533 [pool-161-thread-1] WARN  io.KeyOutputStream (ECKeyOutputStream.java:logStreamError(252)) - Failure for replica index: 1, DatanodeDetails: 00000000-0000-0000-0000-000000000000(localhost/1.2.3.4)
java.io.IOException: Unexpected Storage Container Exception: org.apache.hadoop.hdds.scm.container.common.helpers.StorageContainerException: 
	at org.apache.hadoop.hdds.scm.storage.BlockOutputStream.setIoException(BlockOutputStream.java:634)
	at org.apache.hadoop.hdds.scm.storage.ECBlockOutputStream.validateResponse(ECBlockOutputStream.java:303)
	at org.apache.hadoop.hdds.scm.storage.BlockOutputStream.lambda$writeChunkToContainer$2(BlockOutputStream.java:729)
	at java.util.concurrent.CompletableFuture.uniApply(CompletableFuture.java:616)
	at java.util.concurrent.CompletableFuture$UniApply.tryFire(CompletableFuture.java:591)
	at java.util.concurrent.CompletableFuture$Completion.run(CompletableFuture.java:456)
	at java.util.concurrent.ThreadPoolExecutor.runWorker(ThreadPoolExecutor.java:1149)
	at java.util.concurrent.ThreadPoolExecutor$Worker.run(ThreadPoolExecutor.java:624)
	at java.lang.Thread.run(Thread.java:750)
Caused by: org.apache.hadoop.hdds.scm.container.common.helpers.StorageContainerException: 
	at org.apache.hadoop.hdds.scm.storage.ContainerProtocolCalls.validateContainerResponse(ContainerProtocolCalls.java:674)
	at org.apache.hadoop.hdds.scm.storage.ECBlockOutputStream.validateResponse(ECBlockOutputStream.java:301)
	... 7 more
2023-11-13 13:12:35,534 [pool-161-thread-1] WARN  io.KeyOutputStream (ECKeyOutputStream.java:logStreamError(252)) - Failure for replica index: 2, DatanodeDetails: 00000000-0000-0001-0000-000000000001(localhost/1.2.3.4)
java.io.IOException: Unexpected Storage Container Exception: org.apache.hadoop.hdds.scm.container.common.helpers.StorageContainerException: 
	at org.apache.hadoop.hdds.scm.storage.BlockOutputStream.setIoException(BlockOutputStream.java:634)
	at org.apache.hadoop.hdds.scm.storage.ECBlockOutputStream.validateResponse(ECBlockOutputStream.java:303)
	at org.apache.hadoop.hdds.scm.storage.BlockOutputStream.lambda$writeChunkToContainer$2(BlockOutputStream.java:729)
	at java.util.concurrent.CompletableFuture.uniApply(CompletableFuture.java:616)
	at java.util.concurrent.CompletableFuture$UniApply.tryFire(CompletableFuture.java:591)
	at java.util.concurrent.CompletableFuture$Completion.run(CompletableFuture.java:456)
	at java.util.concurrent.ThreadPoolExecutor.runWorker(ThreadPoolExecutor.java:1149)
	at java.util.concurrent.ThreadPoolExecutor$Worker.run(ThreadPoolExecutor.java:624)
	at java.lang.Thread.run(Thread.java:750)
Caused by: org.apache.hadoop.hdds.scm.container.common.helpers.StorageContainerException: 
	at org.apache.hadoop.hdds.scm.storage.ContainerProtocolCalls.validateContainerResponse(ContainerProtocolCalls.java:674)
	at org.apache.hadoop.hdds.scm.storage.ECBlockOutputStream.validateResponse(ECBlockOutputStream.java:301)
	... 7 more
2023-11-13 13:12:35,534 [pool-161-thread-1] WARN  io.KeyOutputStream (ECKeyOutputStream.java:logStreamError(252)) - Failure for replica index: 3, DatanodeDetails: 00000000-0000-0002-0000-000000000002(localhost/1.2.3.4)
java.io.IOException: Unexpected Storage Container Exception: org.apache.hadoop.hdds.scm.container.common.helpers.StorageContainerException: 
	at org.apache.hadoop.hdds.scm.storage.BlockOutputStream.setIoException(BlockOutputStream.java:634)
	at org.apache.hadoop.hdds.scm.storage.ECBlockOutputStream.validateResponse(ECBlockOutputStream.java:303)
	at org.apache.hadoop.hdds.scm.storage.BlockOutputStream.lambda$writeChunkToContainer$2(BlockOutputStream.java:729)
	at java.util.concurrent.CompletableFuture.uniApply(CompletableFuture.java:616)
	at java.util.concurrent.CompletableFuture$UniApply.tryFire(CompletableFuture.java:591)
	at java.util.concurrent.CompletableFuture$Completion.run(CompletableFuture.java:456)
	at java.util.concurrent.ThreadPoolExecutor.runWorker(ThreadPoolExecutor.java:1149)
	at java.util.concurrent.ThreadPoolExecutor$Worker.run(ThreadPoolExecutor.java:624)
	at java.lang.Thread.run(Thread.java:750)
Caused by: org.apache.hadoop.hdds.scm.container.common.helpers.StorageContainerException: 
	at org.apache.hadoop.hdds.scm.storage.ContainerProtocolCalls.validateContainerResponse(ContainerProtocolCalls.java:674)
	at org.apache.hadoop.hdds.scm.storage.ECBlockOutputStream.validateResponse(ECBlockOutputStream.java:301)
	... 7 more
2023-11-13 13:12:35,534 [pool-161-thread-1] WARN  io.KeyOutputStream (ECKeyOutputStream.java:logStreamError(252)) - Failure for replica index: 4, DatanodeDetails: 00000000-0000-0003-0000-000000000003(localhost/1.2.3.4)
java.io.IOException: Unexpected Storage Container Exception: org.apache.hadoop.hdds.scm.container.common.helpers.ContainerNotOpenException: 
	at org.apache.hadoop.hdds.scm.storage.BlockOutputStream.setIoException(BlockOutputStream.java:634)
	at org.apache.hadoop.hdds.scm.storage.ECBlockOutputStream.validateResponse(ECBlockOutputStream.java:303)
	at org.apache.hadoop.hdds.scm.storage.BlockOutputStream.lambda$writeChunkToContainer$2(BlockOutputStream.java:729)
	at java.util.concurrent.CompletableFuture.uniApply(CompletableFuture.java:616)
	at java.util.concurrent.CompletableFuture$UniApply.tryFire(CompletableFuture.java:591)
	at java.util.concurrent.CompletableFuture$Completion.run(CompletableFuture.java:456)
	at java.util.concurrent.ThreadPoolExecutor.runWorker(ThreadPoolExecutor.java:1149)
	at java.util.concurrent.ThreadPoolExecutor$Worker.run(ThreadPoolExecutor.java:624)
	at java.lang.Thread.run(Thread.java:750)
Caused by: org.apache.hadoop.hdds.scm.container.common.helpers.ContainerNotOpenException: 
	at org.apache.hadoop.hdds.scm.storage.ContainerProtocolCalls.validateContainerResponse(ContainerProtocolCalls.java:671)
	at org.apache.hadoop.hdds.scm.storage.ECBlockOutputStream.validateResponse(ECBlockOutputStream.java:301)
	... 7 more
2023-11-13 13:12:35,535 [pool-161-thread-1] WARN  io.KeyOutputStream (ECKeyOutputStream.java:logStreamError(252)) - Failure for replica index: 5, DatanodeDetails: 00000000-0000-0004-0000-000000000004(localhost/1.2.3.4)
java.io.IOException: Unexpected Storage Container Exception: org.apache.hadoop.hdds.scm.container.common.helpers.ContainerNotOpenException: 
	at org.apache.hadoop.hdds.scm.storage.BlockOutputStream.setIoException(BlockOutputStream.java:634)
	at org.apache.hadoop.hdds.scm.storage.ECBlockOutputStream.validateResponse(ECBlockOutputStream.java:303)
	at org.apache.hadoop.hdds.scm.storage.BlockOutputStream.lambda$writeChunkToContainer$2(BlockOutputStream.java:729)
	at java.util.concurrent.CompletableFuture.uniApply(CompletableFuture.java:616)
	at java.util.concurrent.CompletableFuture$UniApply.tryFire(CompletableFuture.java:591)
	at java.util.concurrent.CompletableFuture$Completion.run(CompletableFuture.java:456)
	at java.util.concurrent.ThreadPoolExecutor.runWorker(ThreadPoolExecutor.java:1149)
	at java.util.concurrent.ThreadPoolExecutor$Worker.run(ThreadPoolExecutor.java:624)
	at java.lang.Thread.run(Thread.java:750)
Caused by: org.apache.hadoop.hdds.scm.container.common.helpers.ContainerNotOpenException: 
	at org.apache.hadoop.hdds.scm.storage.ContainerProtocolCalls.validateContainerResponse(ContainerProtocolCalls.java:671)
	at org.apache.hadoop.hdds.scm.storage.ECBlockOutputStream.validateResponse(ECBlockOutputStream.java:301)
	... 7 more
]]></system-out>
  </testcase>
  <testcase name="testPutECKeyAndCheckDNStoredData" classname="org.apache.hadoop.ozone.client.TestOzoneECClient" time="0.036">
    <system-out><![CDATA[2023-11-13 13:12:35,649 [main] INFO  rpc.RpcClient (RpcClient.java:createVolume(463)) - Creating Volume: 64070734-0d27-45af-8a5c-dae0a2d76c1e, with runner as owner and space quota set to -1 bytes, counts quota set to -1
2023-11-13 13:12:35,655 [main] INFO  rpc.RpcClient (RpcClient.java:createBucket(690)) - Creating Bucket: 64070734-0d27-45af-8a5c-dae0a2d76c1e/2ce1ecfa-1eba-44f5-b1d6-a54e482caedb, with server-side default bucket layout, runner as owner, Versioning false, Storage Type set to DISK and Encryption set to false, Replication Type set to server-side default replication type, Namespace Quota set to -1, Space Quota set to -1 
]]></system-out>
  </testcase>
  <testcase name="testPutECKeyAndCheckParityData" classname="org.apache.hadoop.ozone.client.TestOzoneECClient" time="0.028">
    <system-out><![CDATA[2023-11-13 13:12:35,696 [main] INFO  rpc.RpcClient (RpcClient.java:createVolume(463)) - Creating Volume: 8e4122ae-4d7f-4ec9-9287-360a3554839a, with runner as owner and space quota set to -1 bytes, counts quota set to -1
2023-11-13 13:12:35,697 [main] INFO  rpc.RpcClient (RpcClient.java:createBucket(690)) - Creating Bucket: 8e4122ae-4d7f-4ec9-9287-360a3554839a/50c459c9-c1d9-4467-8e9e-c100c2cc2a7b, with server-side default bucket layout, runner as owner, Versioning false, Storage Type set to DISK and Encryption set to false, Replication Type set to server-side default replication type, Namespace Quota set to -1, Space Quota set to -1 
]]></system-out>
  </testcase>
  <testcase name="testPartialStripeWithSingleChunkAndPadding" classname="org.apache.hadoop.ozone.client.TestOzoneECClient" time="0.027">
    <system-out><![CDATA[2023-11-13 13:12:35,732 [main] INFO  rpc.RpcClient (RpcClient.java:createVolume(463)) - Creating Volume: f4468675-eb70-4076-8aa7-97dfab17f83d, with runner as owner and space quota set to -1 bytes, counts quota set to -1
2023-11-13 13:12:35,733 [main] INFO  rpc.RpcClient (RpcClient.java:createBucket(690)) - Creating Bucket: f4468675-eb70-4076-8aa7-97dfab17f83d/4d1ab4d7-3ae8-4d48-b51b-b8e5744d0383, with server-side default bucket layout, runner as owner, Versioning false, Storage Type set to DISK and Encryption set to false, Replication Type set to server-side default replication type, Namespace Quota set to -1, Space Quota set to -1 
]]></system-out>
  </testcase>
  <testcase name="testLargeWriteOfMultipleStripesWithStripeFailure" classname="org.apache.hadoop.ozone.client.TestOzoneECClient" time="0.138">
    <system-out><![CDATA[2023-11-13 13:12:35,774 [main] INFO  rpc.RpcClient (RpcClient.java:createVolume(463)) - Creating Volume: 1a651b00-bcc3-440e-999a-bee4d5a6bd4b, with runner as owner and space quota set to -1 bytes, counts quota set to -1
2023-11-13 13:12:35,775 [main] INFO  rpc.RpcClient (RpcClient.java:createBucket(690)) - Creating Bucket: 1a651b00-bcc3-440e-999a-bee4d5a6bd4b/a0923f28-60b4-4349-8936-1a3ea5e8aea8, with server-side default bucket layout, runner as owner, Versioning false, Storage Type set to DISK and Encryption set to false, Replication Type set to server-side default replication type, Namespace Quota set to -1, Space Quota set to -1 
2023-11-13 13:12:35,894 [pool-190-thread-1] WARN  io.KeyOutputStream (ECKeyOutputStream.java:logStreamError(250)) - EC stripe write failed: S S S F F
2023-11-13 13:12:35,894 [pool-190-thread-1] WARN  io.KeyOutputStream (ECKeyOutputStream.java:logStreamError(252)) - Failure for replica index: 4, DatanodeDetails: 00000000-0000-0003-0000-000000000003(localhost/1.2.3.4)
java.io.IOException: Unexpected Storage Container Exception: org.apache.hadoop.hdds.scm.container.common.helpers.StorageContainerException: 
	at org.apache.hadoop.hdds.scm.storage.BlockOutputStream.setIoException(BlockOutputStream.java:634)
	at org.apache.hadoop.hdds.scm.storage.ECBlockOutputStream.validateResponse(ECBlockOutputStream.java:303)
	at org.apache.hadoop.hdds.scm.storage.BlockOutputStream.lambda$writeChunkToContainer$2(BlockOutputStream.java:729)
	at java.util.concurrent.CompletableFuture.uniApply(CompletableFuture.java:616)
	at java.util.concurrent.CompletableFuture$UniApply.tryFire(CompletableFuture.java:591)
	at java.util.concurrent.CompletableFuture$Completion.run(CompletableFuture.java:456)
	at java.util.concurrent.ThreadPoolExecutor.runWorker(ThreadPoolExecutor.java:1149)
	at java.util.concurrent.ThreadPoolExecutor$Worker.run(ThreadPoolExecutor.java:624)
	at java.lang.Thread.run(Thread.java:750)
Caused by: org.apache.hadoop.hdds.scm.container.common.helpers.StorageContainerException: 
	at org.apache.hadoop.hdds.scm.storage.ContainerProtocolCalls.validateContainerResponse(ContainerProtocolCalls.java:674)
	at org.apache.hadoop.hdds.scm.storage.ECBlockOutputStream.validateResponse(ECBlockOutputStream.java:301)
	... 7 more
2023-11-13 13:12:35,894 [pool-190-thread-1] WARN  io.KeyOutputStream (ECKeyOutputStream.java:logStreamError(252)) - Failure for replica index: 5, DatanodeDetails: 00000000-0000-0004-0000-000000000004(localhost/1.2.3.4)
java.io.IOException: Unexpected Storage Container Exception: org.apache.hadoop.hdds.scm.container.common.helpers.StorageContainerException: 
	at org.apache.hadoop.hdds.scm.storage.BlockOutputStream.setIoException(BlockOutputStream.java:634)
	at org.apache.hadoop.hdds.scm.storage.ECBlockOutputStream.validateResponse(ECBlockOutputStream.java:303)
	at org.apache.hadoop.hdds.scm.storage.BlockOutputStream.lambda$writeChunkToContainer$2(BlockOutputStream.java:729)
	at java.util.concurrent.CompletableFuture.uniApply(CompletableFuture.java:616)
	at java.util.concurrent.CompletableFuture$UniApply.tryFire(CompletableFuture.java:591)
	at java.util.concurrent.CompletableFuture$Completion.run(CompletableFuture.java:456)
	at java.util.concurrent.ThreadPoolExecutor.runWorker(ThreadPoolExecutor.java:1149)
	at java.util.concurrent.ThreadPoolExecutor$Worker.run(ThreadPoolExecutor.java:624)
	at java.lang.Thread.run(Thread.java:750)
Caused by: org.apache.hadoop.hdds.scm.container.common.helpers.StorageContainerException: 
	at org.apache.hadoop.hdds.scm.storage.ContainerProtocolCalls.validateContainerResponse(ContainerProtocolCalls.java:674)
	at org.apache.hadoop.hdds.scm.storage.ECBlockOutputStream.validateResponse(ECBlockOutputStream.java:301)
	... 7 more
]]></system-out>
  </testcase>
  <testcase name="testPartialStripeLessThanSingleChunkWithPadding" classname="org.apache.hadoop.ozone.client.TestOzoneECClient" time="0.023">
    <system-out><![CDATA[2023-11-13 13:12:35,914 [main] INFO  rpc.RpcClient (RpcClient.java:createVolume(463)) - Creating Volume: 54b3e115-888e-437c-929d-52a1f766df5a, with runner as owner and space quota set to -1 bytes, counts quota set to -1
2023-11-13 13:12:35,915 [main] INFO  rpc.RpcClient (RpcClient.java:createBucket(690)) - Creating Bucket: 54b3e115-888e-437c-929d-52a1f766df5a/d3e657b2-2523-4496-87e4-1cd37a92e9e3, with server-side default bucket layout, runner as owner, Versioning false, Storage Type set to DISK and Encryption set to false, Replication Type set to server-side default replication type, Namespace Quota set to -1, Space Quota set to -1 
]]></system-out>
  </testcase>
  <testcase name="testExcludeOnDNClosed" classname="org.apache.hadoop.ozone.client.TestOzoneECClient" time="0.228">
    <system-out><![CDATA[2023-11-13 13:12:35,954 [main] INFO  rpc.RpcClient (RpcClient.java:createVolume(463)) - Creating Volume: cdb35773-c13f-4e0c-be0c-90bf854531d8, with runner as owner and space quota set to -1 bytes, counts quota set to -1
2023-11-13 13:12:35,955 [main] INFO  rpc.RpcClient (RpcClient.java:createBucket(690)) - Creating Bucket: cdb35773-c13f-4e0c-be0c-90bf854531d8/f8203bd7-eb5e-4d1d-871c-0c32fd2f4888, with server-side default bucket layout, runner as owner, Versioning false, Storage Type set to DISK and Encryption set to false, Replication Type set to server-side default replication type, Namespace Quota set to -1, Space Quota set to -1 
2023-11-13 13:12:36,071 [pool-207-thread-1] WARN  io.KeyOutputStream (ECKeyOutputStream.java:logStreamError(250)) - EC stripe write failed: F F F F F
2023-11-13 13:12:36,072 [pool-207-thread-1] WARN  io.KeyOutputStream (ECKeyOutputStream.java:logStreamError(252)) - Failure for replica index: 1, DatanodeDetails: 00000000-0000-0000-0000-000000000000(localhost/1.2.3.4)
java.io.IOException: Unexpected Storage Container Exception: org.apache.hadoop.hdds.scm.container.common.helpers.ContainerNotOpenException: 
	at org.apache.hadoop.hdds.scm.storage.BlockOutputStream.setIoException(BlockOutputStream.java:634)
	at org.apache.hadoop.hdds.scm.storage.ECBlockOutputStream.validateResponse(ECBlockOutputStream.java:303)
	at org.apache.hadoop.hdds.scm.storage.BlockOutputStream.lambda$writeChunkToContainer$2(BlockOutputStream.java:729)
	at java.util.concurrent.CompletableFuture.uniApply(CompletableFuture.java:616)
	at java.util.concurrent.CompletableFuture$UniApply.tryFire(CompletableFuture.java:591)
	at java.util.concurrent.CompletableFuture$Completion.run(CompletableFuture.java:456)
	at java.util.concurrent.ThreadPoolExecutor.runWorker(ThreadPoolExecutor.java:1149)
	at java.util.concurrent.ThreadPoolExecutor$Worker.run(ThreadPoolExecutor.java:624)
	at java.lang.Thread.run(Thread.java:750)
Caused by: org.apache.hadoop.hdds.scm.container.common.helpers.ContainerNotOpenException: 
	at org.apache.hadoop.hdds.scm.storage.ContainerProtocolCalls.validateContainerResponse(ContainerProtocolCalls.java:671)
	at org.apache.hadoop.hdds.scm.storage.ECBlockOutputStream.validateResponse(ECBlockOutputStream.java:301)
	... 7 more
2023-11-13 13:12:36,072 [pool-207-thread-1] WARN  io.KeyOutputStream (ECKeyOutputStream.java:logStreamError(252)) - Failure for replica index: 2, DatanodeDetails: 00000000-0000-0001-0000-000000000001(localhost/1.2.3.4)
java.io.IOException: Unexpected Storage Container Exception: org.apache.hadoop.hdds.scm.container.common.helpers.ContainerNotOpenException: 
	at org.apache.hadoop.hdds.scm.storage.BlockOutputStream.setIoException(BlockOutputStream.java:634)
	at org.apache.hadoop.hdds.scm.storage.ECBlockOutputStream.validateResponse(ECBlockOutputStream.java:303)
	at org.apache.hadoop.hdds.scm.storage.BlockOutputStream.lambda$writeChunkToContainer$2(BlockOutputStream.java:729)
	at java.util.concurrent.CompletableFuture.uniApply(CompletableFuture.java:616)
	at java.util.concurrent.CompletableFuture$UniApply.tryFire(CompletableFuture.java:591)
	at java.util.concurrent.CompletableFuture$Completion.run(CompletableFuture.java:456)
	at java.util.concurrent.ThreadPoolExecutor.runWorker(ThreadPoolExecutor.java:1149)
	at java.util.concurrent.ThreadPoolExecutor$Worker.run(ThreadPoolExecutor.java:624)
	at java.lang.Thread.run(Thread.java:750)
Caused by: org.apache.hadoop.hdds.scm.container.common.helpers.ContainerNotOpenException: 
	at org.apache.hadoop.hdds.scm.storage.ContainerProtocolCalls.validateContainerResponse(ContainerProtocolCalls.java:671)
	at org.apache.hadoop.hdds.scm.storage.ECBlockOutputStream.validateResponse(ECBlockOutputStream.java:301)
	... 7 more
2023-11-13 13:12:36,074 [pool-207-thread-1] WARN  io.KeyOutputStream (ECKeyOutputStream.java:logStreamError(252)) - Failure for replica index: 3, DatanodeDetails: 00000000-0000-0002-0000-000000000002(localhost/1.2.3.4)
java.io.IOException: Unexpected Storage Container Exception: org.apache.hadoop.hdds.scm.container.common.helpers.ContainerNotOpenException: 
	at org.apache.hadoop.hdds.scm.storage.BlockOutputStream.setIoException(BlockOutputStream.java:634)
	at org.apache.hadoop.hdds.scm.storage.ECBlockOutputStream.validateResponse(ECBlockOutputStream.java:303)
	at org.apache.hadoop.hdds.scm.storage.BlockOutputStream.lambda$writeChunkToContainer$2(BlockOutputStream.java:729)
	at java.util.concurrent.CompletableFuture.uniApply(CompletableFuture.java:616)
	at java.util.concurrent.CompletableFuture$UniApply.tryFire(CompletableFuture.java:591)
	at java.util.concurrent.CompletableFuture$Completion.run(CompletableFuture.java:456)
	at java.util.concurrent.ThreadPoolExecutor.runWorker(ThreadPoolExecutor.java:1149)
	at java.util.concurrent.ThreadPoolExecutor$Worker.run(ThreadPoolExecutor.java:624)
	at java.lang.Thread.run(Thread.java:750)
Caused by: org.apache.hadoop.hdds.scm.container.common.helpers.ContainerNotOpenException: 
	at org.apache.hadoop.hdds.scm.storage.ContainerProtocolCalls.validateContainerResponse(ContainerProtocolCalls.java:671)
	at org.apache.hadoop.hdds.scm.storage.ECBlockOutputStream.validateResponse(ECBlockOutputStream.java:301)
	... 7 more
2023-11-13 13:12:36,075 [pool-207-thread-1] WARN  io.KeyOutputStream (ECKeyOutputStream.java:logStreamError(252)) - Failure for replica index: 4, DatanodeDetails: 00000000-0000-0003-0000-000000000003(localhost/1.2.3.4)
java.io.IOException: Unexpected Storage Container Exception: org.apache.hadoop.hdds.scm.container.common.helpers.ContainerNotOpenException: 
	at org.apache.hadoop.hdds.scm.storage.BlockOutputStream.setIoException(BlockOutputStream.java:634)
	at org.apache.hadoop.hdds.scm.storage.ECBlockOutputStream.validateResponse(ECBlockOutputStream.java:303)
	at org.apache.hadoop.hdds.scm.storage.BlockOutputStream.lambda$writeChunkToContainer$2(BlockOutputStream.java:729)
	at java.util.concurrent.CompletableFuture.uniApply(CompletableFuture.java:616)
	at java.util.concurrent.CompletableFuture$UniApply.tryFire(CompletableFuture.java:591)
	at java.util.concurrent.CompletableFuture$Completion.run(CompletableFuture.java:456)
	at java.util.concurrent.ThreadPoolExecutor.runWorker(ThreadPoolExecutor.java:1149)
	at java.util.concurrent.ThreadPoolExecutor$Worker.run(ThreadPoolExecutor.java:624)
	at java.lang.Thread.run(Thread.java:750)
Caused by: org.apache.hadoop.hdds.scm.container.common.helpers.ContainerNotOpenException: 
	at org.apache.hadoop.hdds.scm.storage.ContainerProtocolCalls.validateContainerResponse(ContainerProtocolCalls.java:671)
	at org.apache.hadoop.hdds.scm.storage.ECBlockOutputStream.validateResponse(ECBlockOutputStream.java:301)
	... 7 more
2023-11-13 13:12:36,075 [pool-207-thread-1] WARN  io.KeyOutputStream (ECKeyOutputStream.java:logStreamError(252)) - Failure for replica index: 5, DatanodeDetails: 00000000-0000-0004-0000-000000000004(localhost/1.2.3.4)
java.io.IOException: Unexpected Storage Container Exception: org.apache.hadoop.hdds.scm.container.common.helpers.ContainerNotOpenException: 
	at org.apache.hadoop.hdds.scm.storage.BlockOutputStream.setIoException(BlockOutputStream.java:634)
	at org.apache.hadoop.hdds.scm.storage.ECBlockOutputStream.validateResponse(ECBlockOutputStream.java:303)
	at org.apache.hadoop.hdds.scm.storage.BlockOutputStream.lambda$writeChunkToContainer$2(BlockOutputStream.java:729)
	at java.util.concurrent.CompletableFuture.uniApply(CompletableFuture.java:616)
	at java.util.concurrent.CompletableFuture$UniApply.tryFire(CompletableFuture.java:591)
	at java.util.concurrent.CompletableFuture$Completion.run(CompletableFuture.java:456)
	at java.util.concurrent.ThreadPoolExecutor.runWorker(ThreadPoolExecutor.java:1149)
	at java.util.concurrent.ThreadPoolExecutor$Worker.run(ThreadPoolExecutor.java:624)
	at java.lang.Thread.run(Thread.java:750)
Caused by: org.apache.hadoop.hdds.scm.container.common.helpers.ContainerNotOpenException: 
	at org.apache.hadoop.hdds.scm.storage.ContainerProtocolCalls.validateContainerResponse(ContainerProtocolCalls.java:671)
	at org.apache.hadoop.hdds.scm.storage.ECBlockOutputStream.validateResponse(ECBlockOutputStream.java:301)
	... 7 more
]]></system-out>
  </testcase>
  <testcase name="testDiscardPreAllocatedBlocksPreventRetryExceeds" classname="org.apache.hadoop.ozone.client.TestOzoneECClient" time="0.135">
    <system-out><![CDATA[2023-11-13 13:12:36,189 [main] INFO  rpc.RpcClient (RpcClient.java:createVolume(463)) - Creating Volume: 8acf283d-2e2f-49e4-9a0a-766e3a39dc55, with runner as owner and space quota set to -1 bytes, counts quota set to -1
2023-11-13 13:12:36,190 [main] INFO  rpc.RpcClient (RpcClient.java:createBucket(690)) - Creating Bucket: 8acf283d-2e2f-49e4-9a0a-766e3a39dc55/a085fdac-c657-44fb-a297-57efcc1c55b6, with server-side default bucket layout, runner as owner, Versioning false, Storage Type set to DISK and Encryption set to false, Replication Type set to server-side default replication type, Namespace Quota set to -1, Space Quota set to -1 
2023-11-13 13:12:36,307 [pool-218-thread-1] WARN  io.KeyOutputStream (ECKeyOutputStream.java:logStreamError(250)) - EC stripe write failed: F F S S S
2023-11-13 13:12:36,307 [pool-218-thread-1] WARN  io.KeyOutputStream (ECKeyOutputStream.java:logStreamError(252)) - Failure for replica index: 1, DatanodeDetails: 00000000-0000-0000-0000-000000000000(localhost/1.2.3.4)
java.io.IOException: Unexpected Storage Container Exception: org.apache.hadoop.hdds.scm.container.common.helpers.StorageContainerException: 
	at org.apache.hadoop.hdds.scm.storage.BlockOutputStream.setIoException(BlockOutputStream.java:634)
	at org.apache.hadoop.hdds.scm.storage.ECBlockOutputStream.validateResponse(ECBlockOutputStream.java:303)
	at org.apache.hadoop.hdds.scm.storage.BlockOutputStream.lambda$writeChunkToContainer$2(BlockOutputStream.java:729)
	at java.util.concurrent.CompletableFuture.uniApply(CompletableFuture.java:616)
	at java.util.concurrent.CompletableFuture$UniApply.tryFire(CompletableFuture.java:591)
	at java.util.concurrent.CompletableFuture$Completion.run(CompletableFuture.java:456)
	at java.util.concurrent.ThreadPoolExecutor.runWorker(ThreadPoolExecutor.java:1149)
	at java.util.concurrent.ThreadPoolExecutor$Worker.run(ThreadPoolExecutor.java:624)
	at java.lang.Thread.run(Thread.java:750)
Caused by: org.apache.hadoop.hdds.scm.container.common.helpers.StorageContainerException: 
	at org.apache.hadoop.hdds.scm.storage.ContainerProtocolCalls.validateContainerResponse(ContainerProtocolCalls.java:674)
	at org.apache.hadoop.hdds.scm.storage.ECBlockOutputStream.validateResponse(ECBlockOutputStream.java:301)
	... 7 more
2023-11-13 13:12:36,307 [pool-218-thread-1] WARN  io.KeyOutputStream (ECKeyOutputStream.java:logStreamError(252)) - Failure for replica index: 2, DatanodeDetails: 00000000-0000-0001-0000-000000000001(localhost/1.2.3.4)
java.io.IOException: Unexpected Storage Container Exception: org.apache.hadoop.hdds.scm.container.common.helpers.StorageContainerException: 
	at org.apache.hadoop.hdds.scm.storage.BlockOutputStream.setIoException(BlockOutputStream.java:634)
	at org.apache.hadoop.hdds.scm.storage.ECBlockOutputStream.validateResponse(ECBlockOutputStream.java:303)
	at org.apache.hadoop.hdds.scm.storage.BlockOutputStream.lambda$writeChunkToContainer$2(BlockOutputStream.java:729)
	at java.util.concurrent.CompletableFuture.uniApply(CompletableFuture.java:616)
	at java.util.concurrent.CompletableFuture$UniApply.tryFire(CompletableFuture.java:591)
	at java.util.concurrent.CompletableFuture$Completion.run(CompletableFuture.java:456)
	at java.util.concurrent.ThreadPoolExecutor.runWorker(ThreadPoolExecutor.java:1149)
	at java.util.concurrent.ThreadPoolExecutor$Worker.run(ThreadPoolExecutor.java:624)
	at java.lang.Thread.run(Thread.java:750)
Caused by: org.apache.hadoop.hdds.scm.container.common.helpers.StorageContainerException: 
	at org.apache.hadoop.hdds.scm.storage.ContainerProtocolCalls.validateContainerResponse(ContainerProtocolCalls.java:674)
	at org.apache.hadoop.hdds.scm.storage.ECBlockOutputStream.validateResponse(ECBlockOutputStream.java:301)
	... 7 more
]]></system-out>
  </testcase>
  <testcase name="testStripeWriteRetriesOn2Failures" classname="org.apache.hadoop.ozone.client.TestOzoneECClient" time="0.143">
    <system-out><![CDATA[2023-11-13 13:12:36,332 [main] INFO  rpc.RpcClient (RpcClient.java:createVolume(463)) - Creating Volume: 792767e8-90e7-4ad7-b325-a0b14de5c097, with runner as owner and space quota set to -1 bytes, counts quota set to -1
2023-11-13 13:12:36,333 [main] INFO  rpc.RpcClient (RpcClient.java:createBucket(690)) - Creating Bucket: 792767e8-90e7-4ad7-b325-a0b14de5c097/4b730bca-1dab-4e0f-ae3c-9c5ff2d9c8ae, with server-side default bucket layout, runner as owner, Versioning false, Storage Type set to DISK and Encryption set to false, Replication Type set to server-side default replication type, Namespace Quota set to -1, Space Quota set to -1 
2023-11-13 13:12:36,449 [pool-229-thread-1] WARN  io.KeyOutputStream (ECKeyOutputStream.java:logStreamError(250)) - EC stripe write failed: F S S S S
2023-11-13 13:12:36,449 [pool-229-thread-1] WARN  io.KeyOutputStream (ECKeyOutputStream.java:logStreamError(252)) - Failure for replica index: 1, DatanodeDetails: 00000000-0000-0000-0000-000000000000(localhost/1.2.3.4)
java.io.IOException: Unexpected Storage Container Exception: org.apache.hadoop.hdds.scm.container.common.helpers.StorageContainerException: 
	at org.apache.hadoop.hdds.scm.storage.BlockOutputStream.setIoException(BlockOutputStream.java:634)
	at org.apache.hadoop.hdds.scm.storage.ECBlockOutputStream.validateResponse(ECBlockOutputStream.java:303)
	at org.apache.hadoop.hdds.scm.storage.BlockOutputStream.lambda$writeChunkToContainer$2(BlockOutputStream.java:729)
	at java.util.concurrent.CompletableFuture.uniApply(CompletableFuture.java:616)
	at java.util.concurrent.CompletableFuture$UniApply.tryFire(CompletableFuture.java:591)
	at java.util.concurrent.CompletableFuture$Completion.run(CompletableFuture.java:456)
	at java.util.concurrent.ThreadPoolExecutor.runWorker(ThreadPoolExecutor.java:1149)
	at java.util.concurrent.ThreadPoolExecutor$Worker.run(ThreadPoolExecutor.java:624)
	at java.lang.Thread.run(Thread.java:750)
Caused by: org.apache.hadoop.hdds.scm.container.common.helpers.StorageContainerException: 
	at org.apache.hadoop.hdds.scm.storage.ContainerProtocolCalls.validateContainerResponse(ContainerProtocolCalls.java:674)
	at org.apache.hadoop.hdds.scm.storage.ECBlockOutputStream.validateResponse(ECBlockOutputStream.java:301)
	... 7 more
2023-11-13 13:12:36,456 [pool-229-thread-1] WARN  io.KeyOutputStream (ECKeyOutputStream.java:logStreamError(250)) - EC stripe write failed: F S S S S
2023-11-13 13:12:36,456 [pool-229-thread-1] WARN  io.KeyOutputStream (ECKeyOutputStream.java:logStreamError(252)) - Failure for replica index: 1, DatanodeDetails: 00000000-0000-0005-0000-000000000005(localhost/1.2.3.4)
java.io.IOException: Unexpected Storage Container Exception: org.apache.hadoop.hdds.scm.container.common.helpers.StorageContainerException: 
	at org.apache.hadoop.hdds.scm.storage.BlockOutputStream.setIoException(BlockOutputStream.java:634)
	at org.apache.hadoop.hdds.scm.storage.ECBlockOutputStream.validateResponse(ECBlockOutputStream.java:303)
	at org.apache.hadoop.hdds.scm.storage.BlockOutputStream.lambda$writeChunkToContainer$2(BlockOutputStream.java:729)
	at java.util.concurrent.CompletableFuture.uniApply(CompletableFuture.java:616)
	at java.util.concurrent.CompletableFuture$UniApply.tryFire(CompletableFuture.java:591)
	at java.util.concurrent.CompletableFuture$Completion.run(CompletableFuture.java:456)
	at java.util.concurrent.ThreadPoolExecutor.runWorker(ThreadPoolExecutor.java:1149)
	at java.util.concurrent.ThreadPoolExecutor$Worker.run(ThreadPoolExecutor.java:624)
	at java.lang.Thread.run(Thread.java:750)
Caused by: org.apache.hadoop.hdds.scm.container.common.helpers.StorageContainerException: 
	at org.apache.hadoop.hdds.scm.storage.ContainerProtocolCalls.validateContainerResponse(ContainerProtocolCalls.java:674)
	at org.apache.hadoop.hdds.scm.storage.ECBlockOutputStream.validateResponse(ECBlockOutputStream.java:301)
	... 7 more
]]></system-out>
  </testcase>
  <testcase name="testPartialStripeWithPartialLastChunk" classname="org.apache.hadoop.ozone.client.TestOzoneECClient" time="0.022">
    <system-out><![CDATA[2023-11-13 13:12:36,476 [main] INFO  rpc.RpcClient (RpcClient.java:createVolume(463)) - Creating Volume: c6a6fef5-5ffd-4acf-b958-73236a8b272b, with runner as owner and space quota set to -1 bytes, counts quota set to -1
2023-11-13 13:12:36,477 [main] INFO  rpc.RpcClient (RpcClient.java:createBucket(690)) - Creating Bucket: c6a6fef5-5ffd-4acf-b958-73236a8b272b/394cad81-0468-492a-873f-5b849a8f4481, with server-side default bucket layout, runner as owner, Versioning false, Storage Type set to DISK and Encryption set to false, Replication Type set to server-side default replication type, Namespace Quota set to -1, Space Quota set to -1 
]]></system-out>
  </testcase>
  <testcase name="testWriteShouldSuccessWithAdditional1BlockGroupAfterFailure" classname="org.apache.hadoop.ozone.client.TestOzoneECClient" time="0.134">
    <system-out><![CDATA[2023-11-13 13:12:36,505 [main] INFO  rpc.RpcClient (RpcClient.java:createVolume(463)) - Creating Volume: 3fc3bafc-27f7-4f50-8e9a-09b18c678857, with runner as owner and space quota set to -1 bytes, counts quota set to -1
2023-11-13 13:12:36,506 [main] INFO  rpc.RpcClient (RpcClient.java:createBucket(690)) - Creating Bucket: 3fc3bafc-27f7-4f50-8e9a-09b18c678857/f44abb21-68c2-4b34-8a50-10ed1ee30772, with server-side default bucket layout, runner as owner, Versioning false, Storage Type set to DISK and Encryption set to false, Replication Type set to server-side default replication type, Namespace Quota set to -1, Space Quota set to -1 
2023-11-13 13:12:36,622 [pool-251-thread-1] WARN  io.KeyOutputStream (ECKeyOutputStream.java:logStreamError(250)) - EC stripe write failed: F F F F S
2023-11-13 13:12:36,622 [pool-251-thread-1] WARN  io.KeyOutputStream (ECKeyOutputStream.java:logStreamError(252)) - Failure for replica index: 1, DatanodeDetails: 00000000-0000-0000-0000-000000000000(localhost/1.2.3.4)
java.io.IOException: Unexpected Storage Container Exception: org.apache.hadoop.hdds.scm.container.common.helpers.StorageContainerException: 
	at org.apache.hadoop.hdds.scm.storage.BlockOutputStream.setIoException(BlockOutputStream.java:634)
	at org.apache.hadoop.hdds.scm.storage.ECBlockOutputStream.validateResponse(ECBlockOutputStream.java:303)
	at org.apache.hadoop.hdds.scm.storage.BlockOutputStream.lambda$writeChunkToContainer$2(BlockOutputStream.java:729)
	at java.util.concurrent.CompletableFuture.uniApply(CompletableFuture.java:616)
	at java.util.concurrent.CompletableFuture$UniApply.tryFire(CompletableFuture.java:591)
	at java.util.concurrent.CompletableFuture$Completion.run(CompletableFuture.java:456)
	at java.util.concurrent.ThreadPoolExecutor.runWorker(ThreadPoolExecutor.java:1149)
	at java.util.concurrent.ThreadPoolExecutor$Worker.run(ThreadPoolExecutor.java:624)
	at java.lang.Thread.run(Thread.java:750)
Caused by: org.apache.hadoop.hdds.scm.container.common.helpers.StorageContainerException: 
	at org.apache.hadoop.hdds.scm.storage.ContainerProtocolCalls.validateContainerResponse(ContainerProtocolCalls.java:674)
	at org.apache.hadoop.hdds.scm.storage.ECBlockOutputStream.validateResponse(ECBlockOutputStream.java:301)
	... 7 more
2023-11-13 13:12:36,622 [pool-251-thread-1] WARN  io.KeyOutputStream (ECKeyOutputStream.java:logStreamError(252)) - Failure for replica index: 2, DatanodeDetails: 00000000-0000-0001-0000-000000000001(localhost/1.2.3.4)
java.io.IOException: Unexpected Storage Container Exception: org.apache.hadoop.hdds.scm.container.common.helpers.StorageContainerException: 
	at org.apache.hadoop.hdds.scm.storage.BlockOutputStream.setIoException(BlockOutputStream.java:634)
	at org.apache.hadoop.hdds.scm.storage.ECBlockOutputStream.validateResponse(ECBlockOutputStream.java:303)
	at org.apache.hadoop.hdds.scm.storage.BlockOutputStream.lambda$writeChunkToContainer$2(BlockOutputStream.java:729)
	at java.util.concurrent.CompletableFuture.uniApply(CompletableFuture.java:616)
	at java.util.concurrent.CompletableFuture$UniApply.tryFire(CompletableFuture.java:591)
	at java.util.concurrent.CompletableFuture$Completion.run(CompletableFuture.java:456)
	at java.util.concurrent.ThreadPoolExecutor.runWorker(ThreadPoolExecutor.java:1149)
	at java.util.concurrent.ThreadPoolExecutor$Worker.run(ThreadPoolExecutor.java:624)
	at java.lang.Thread.run(Thread.java:750)
Caused by: org.apache.hadoop.hdds.scm.container.common.helpers.StorageContainerException: 
	at org.apache.hadoop.hdds.scm.storage.ContainerProtocolCalls.validateContainerResponse(ContainerProtocolCalls.java:674)
	at org.apache.hadoop.hdds.scm.storage.ECBlockOutputStream.validateResponse(ECBlockOutputStream.java:301)
	... 7 more
2023-11-13 13:12:36,623 [pool-251-thread-1] WARN  io.KeyOutputStream (ECKeyOutputStream.java:logStreamError(252)) - Failure for replica index: 3, DatanodeDetails: 00000000-0000-0002-0000-000000000002(localhost/1.2.3.4)
java.io.IOException: Unexpected Storage Container Exception: org.apache.hadoop.hdds.scm.container.common.helpers.StorageContainerException: 
	at org.apache.hadoop.hdds.scm.storage.BlockOutputStream.setIoException(BlockOutputStream.java:634)
	at org.apache.hadoop.hdds.scm.storage.ECBlockOutputStream.validateResponse(ECBlockOutputStream.java:303)
	at org.apache.hadoop.hdds.scm.storage.BlockOutputStream.lambda$writeChunkToContainer$2(BlockOutputStream.java:729)
	at java.util.concurrent.CompletableFuture.uniApply(CompletableFuture.java:616)
	at java.util.concurrent.CompletableFuture$UniApply.tryFire(CompletableFuture.java:591)
	at java.util.concurrent.CompletableFuture$Completion.run(CompletableFuture.java:456)
	at java.util.concurrent.ThreadPoolExecutor.runWorker(ThreadPoolExecutor.java:1149)
	at java.util.concurrent.ThreadPoolExecutor$Worker.run(ThreadPoolExecutor.java:624)
	at java.lang.Thread.run(Thread.java:750)
Caused by: org.apache.hadoop.hdds.scm.container.common.helpers.StorageContainerException: 
	at org.apache.hadoop.hdds.scm.storage.ContainerProtocolCalls.validateContainerResponse(ContainerProtocolCalls.java:674)
	at org.apache.hadoop.hdds.scm.storage.ECBlockOutputStream.validateResponse(ECBlockOutputStream.java:301)
	... 7 more
2023-11-13 13:12:36,623 [pool-251-thread-1] WARN  io.KeyOutputStream (ECKeyOutputStream.java:logStreamError(252)) - Failure for replica index: 4, DatanodeDetails: 00000000-0000-0003-0000-000000000003(localhost/1.2.3.4)
java.io.IOException: Unexpected Storage Container Exception: org.apache.hadoop.hdds.scm.container.common.helpers.StorageContainerException: 
	at org.apache.hadoop.hdds.scm.storage.BlockOutputStream.setIoException(BlockOutputStream.java:634)
	at org.apache.hadoop.hdds.scm.storage.ECBlockOutputStream.validateResponse(ECBlockOutputStream.java:303)
	at org.apache.hadoop.hdds.scm.storage.BlockOutputStream.lambda$writeChunkToContainer$2(BlockOutputStream.java:729)
	at java.util.concurrent.CompletableFuture.uniApply(CompletableFuture.java:616)
	at java.util.concurrent.CompletableFuture$UniApply.tryFire(CompletableFuture.java:591)
	at java.util.concurrent.CompletableFuture$Completion.run(CompletableFuture.java:456)
	at java.util.concurrent.ThreadPoolExecutor.runWorker(ThreadPoolExecutor.java:1149)
	at java.util.concurrent.ThreadPoolExecutor$Worker.run(ThreadPoolExecutor.java:624)
	at java.lang.Thread.run(Thread.java:750)
Caused by: org.apache.hadoop.hdds.scm.container.common.helpers.StorageContainerException: 
	at org.apache.hadoop.hdds.scm.storage.ContainerProtocolCalls.validateContainerResponse(ContainerProtocolCalls.java:674)
	at org.apache.hadoop.hdds.scm.storage.ECBlockOutputStream.validateResponse(ECBlockOutputStream.java:301)
	... 7 more
]]></system-out>
  </testcase>
  <testcase name="test5ChunksInSingleWriteOp" classname="org.apache.hadoop.ozone.client.TestOzoneECClient" time="0.014">
    <system-out><![CDATA[2023-11-13 13:12:36,647 [main] INFO  rpc.RpcClient (RpcClient.java:createVolume(463)) - Creating Volume: 254506e8-5353-4cc3-bd99-d6c483f814aa, with runner as owner and space quota set to -1 bytes, counts quota set to -1
2023-11-13 13:12:36,648 [main] INFO  rpc.RpcClient (RpcClient.java:createBucket(690)) - Creating Bucket: 254506e8-5353-4cc3-bd99-d6c483f814aa/3a0e7816-1d2b-4524-be71-d05250d1291c, with server-side default bucket layout, runner as owner, Versioning false, Storage Type set to DISK and Encryption set to false, Replication Type set to EC, Namespace Quota set to -1, Space Quota set to -1 
]]></system-out>
  </testcase>
  <testcase name="test10ChunksInSingleWriteOp" classname="org.apache.hadoop.ozone.client.TestOzoneECClient" time="0.019">
    <system-out><![CDATA[2023-11-13 13:12:36,668 [main] INFO  rpc.RpcClient (RpcClient.java:createVolume(463)) - Creating Volume: 6702a6ea-5bc9-4231-8fc6-819ca7fe1475, with runner as owner and space quota set to -1 bytes, counts quota set to -1
2023-11-13 13:12:36,669 [main] INFO  rpc.RpcClient (RpcClient.java:createBucket(690)) - Creating Bucket: 6702a6ea-5bc9-4231-8fc6-819ca7fe1475/700c4116-a88a-42f3-b698-e8b5f1e4aa2d, with server-side default bucket layout, runner as owner, Versioning false, Storage Type set to DISK and Encryption set to false, Replication Type set to EC, Namespace Quota set to -1, Space Quota set to -1 
]]></system-out>
  </testcase>
  <testcase name="testPartialStripeWithPartialChunkRetry" classname="org.apache.hadoop.ozone.client.TestOzoneECClient" time="1.028">
    <error type="java.lang.IndexOutOfBoundsException"><![CDATA[java.lang.IndexOutOfBoundsException: Index: -1
	at java.util.Collections$EmptyList.get(Collections.java:4456)
	at java.util.Collections$UnmodifiableList.get(Collections.java:1311)
	at org.apache.hadoop.ozone.client.io.ECBlockOutputStreamEntry.calculateChecksum(ECBlockOutputStreamEntry.java:416)
	at org.apache.hadoop.ozone.client.io.ECKeyOutputStream.commitStripeWrite(ECKeyOutputStream.java:275)
	at org.apache.hadoop.ozone.client.io.ECKeyOutputStream.flushStripeToDatanodes(ECKeyOutputStream.java:600)
	at org.apache.hadoop.ozone.client.io.ECKeyOutputStream.flushStripeFromQueue(ECKeyOutputStream.java:582)
	at java.util.concurrent.FutureTask.run(FutureTask.java:266)
	at java.util.concurrent.ThreadPoolExecutor.runWorker(ThreadPoolExecutor.java:1149)
	at java.util.concurrent.ThreadPoolExecutor$Worker.run(ThreadPoolExecutor.java:624)
	at java.lang.Thread.run(Thread.java:750)
]]></error>
    <system-out><![CDATA[2023-11-13 13:12:36,701 [main] INFO  rpc.RpcClient (RpcClient.java:createVolume(463)) - Creating Volume: 936e136b-aa70-4046-83d7-403d4f19d87f, with runner as owner and space quota set to -1 bytes, counts quota set to -1
2023-11-13 13:12:36,701 [main] INFO  rpc.RpcClient (RpcClient.java:createBucket(690)) - Creating Bucket: 936e136b-aa70-4046-83d7-403d4f19d87f/f5d15f29-0d44-4f01-a375-a9b89ec350b1, with server-side default bucket layout, runner as owner, Versioning false, Storage Type set to DISK and Encryption set to false, Replication Type set to server-side default replication type, Namespace Quota set to -1, Space Quota set to -1 
]]></system-out>
  </testcase>
  <testcase name="test7ChunksInSingleWriteOp" classname="org.apache.hadoop.ozone.client.TestOzoneECClient" time="0.021">
    <system-out><![CDATA[2023-11-13 13:12:37,733 [main] INFO  rpc.RpcClient (RpcClient.java:createVolume(463)) - Creating Volume: 06ab9ece-01c2-4c42-8170-b1fcf7e012c3, with runner as owner and space quota set to -1 bytes, counts quota set to -1
2023-11-13 13:12:37,734 [main] INFO  rpc.RpcClient (RpcClient.java:createBucket(690)) - Creating Bucket: 06ab9ece-01c2-4c42-8170-b1fcf7e012c3/89427c4c-d899-47c1-bba3-24eda50ed6a3, with server-side default bucket layout, runner as owner, Versioning false, Storage Type set to DISK and Encryption set to false, Replication Type set to EC, Namespace Quota set to -1, Space Quota set to -1 
]]></system-out>
  </testcase>
  <testcase name="test12ChunksInSingleWriteOp" classname="org.apache.hadoop.ozone.client.TestOzoneECClient" time="0.018">
    <system-out><![CDATA[2023-11-13 13:12:37,762 [main] INFO  rpc.RpcClient (RpcClient.java:createVolume(463)) - Creating Volume: 3cb9f66c-700e-41f0-baef-75299d865d40, with runner as owner and space quota set to -1 bytes, counts quota set to -1
2023-11-13 13:12:37,763 [main] INFO  rpc.RpcClient (RpcClient.java:createBucket(690)) - Creating Bucket: 3cb9f66c-700e-41f0-baef-75299d865d40/cec24730-21e4-4a0c-af80-410ac89c53ad, with server-side default bucket layout, runner as owner, Versioning false, Storage Type set to DISK and Encryption set to false, Replication Type set to EC, Namespace Quota set to -1, Space Quota set to -1 
]]></system-out>
  </testcase>
  <testcase name="test9ChunksInSingleWriteOp" classname="org.apache.hadoop.ozone.client.TestOzoneECClient" time="0.018">
    <system-out><![CDATA[2023-11-13 13:12:37,787 [main] INFO  rpc.RpcClient (RpcClient.java:createVolume(463)) - Creating Volume: e353bcaf-e664-492d-b1b9-5b6c607b3af7, with runner as owner and space quota set to -1 bytes, counts quota set to -1
2023-11-13 13:12:37,788 [main] INFO  rpc.RpcClient (RpcClient.java:createBucket(690)) - Creating Bucket: e353bcaf-e664-492d-b1b9-5b6c607b3af7/f7cb967b-7c78-4e83-9f45-d560aa5cc088, with server-side default bucket layout, runner as owner, Versioning false, Storage Type set to DISK and Encryption set to false, Replication Type set to EC, Namespace Quota set to -1, Space Quota set to -1 
]]></system-out>
  </testcase>
  <testcase name="testCreateBucketWithDefaultReplicationConfig" classname="org.apache.hadoop.ozone.client.TestOzoneECClient" time="0.021">
    <system-out><![CDATA[2023-11-13 13:12:37,812 [main] INFO  rpc.RpcClient (RpcClient.java:createVolume(463)) - Creating Volume: 2833718b-12f0-4812-a7df-774ab6b77212, with runner as owner and space quota set to -1 bytes, counts quota set to -1
2023-11-13 13:12:37,813 [main] INFO  rpc.RpcClient (RpcClient.java:createBucket(690)) - Creating Bucket: 2833718b-12f0-4812-a7df-774ab6b77212/ea93009c-6dec-4401-b48d-f7c9f8cf69e7, with server-side default bucket layout, runner as owner, Versioning false, Storage Type set to DISK and Encryption set to false, Replication Type set to EC, Namespace Quota set to -1, Space Quota set to -1 
]]></system-out>
  </testcase>
  <testcase name="testMultipleChunksWithPartialChunkInSingleWriteOp" classname="org.apache.hadoop.ozone.client.TestOzoneECClient" time="0.019">
    <system-out><![CDATA[2023-11-13 13:12:37,840 [main] INFO  rpc.RpcClient (RpcClient.java:createVolume(463)) - Creating Volume: ae46e7ff-8cce-4556-86c1-b6c04460ec21, with runner as owner and space quota set to -1 bytes, counts quota set to -1
2023-11-13 13:12:37,841 [main] INFO  rpc.RpcClient (RpcClient.java:createBucket(690)) - Creating Bucket: ae46e7ff-8cce-4556-86c1-b6c04460ec21/9423ded6-3dfe-42fa-a01c-6aaaf3fa5fe8, with server-side default bucket layout, runner as owner, Versioning false, Storage Type set to DISK and Encryption set to false, Replication Type set to EC, Namespace Quota set to -1, Space Quota set to -1 
]]></system-out>
  </testcase>
  <testcase name="testWriteShouldSuccessIf4NodesFailed" classname="org.apache.hadoop.ozone.client.TestOzoneECClient" time="0.121">
    <system-out><![CDATA[2023-11-13 13:12:37,866 [main] INFO  rpc.RpcClient (RpcClient.java:createVolume(463)) - Creating Volume: b3c5c78a-4c67-4bcc-8eb3-c4eccfa6e6da, with runner as owner and space quota set to -1 bytes, counts quota set to -1
2023-11-13 13:12:37,867 [main] INFO  rpc.RpcClient (RpcClient.java:createBucket(690)) - Creating Bucket: b3c5c78a-4c67-4bcc-8eb3-c4eccfa6e6da/2469d5e5-71f2-4fd1-9b02-5762b04ebaee, with server-side default bucket layout, runner as owner, Versioning false, Storage Type set to DISK and Encryption set to false, Replication Type set to server-side default replication type, Namespace Quota set to -1, Space Quota set to -1 
2023-11-13 13:12:37,981 [pool-344-thread-1] WARN  io.KeyOutputStream (ECKeyOutputStream.java:logStreamError(250)) - EC stripe write failed: F S S F S
2023-11-13 13:12:37,981 [pool-344-thread-1] WARN  io.KeyOutputStream (ECKeyOutputStream.java:logStreamError(252)) - Failure for replica index: 1, DatanodeDetails: 00000000-0000-0000-0000-000000000000(localhost/1.2.3.4)
java.io.IOException: Unexpected Storage Container Exception: org.apache.hadoop.hdds.scm.container.common.helpers.StorageContainerException: 
	at org.apache.hadoop.hdds.scm.storage.BlockOutputStream.setIoException(BlockOutputStream.java:634)
	at org.apache.hadoop.hdds.scm.storage.ECBlockOutputStream.validateResponse(ECBlockOutputStream.java:303)
	at org.apache.hadoop.hdds.scm.storage.BlockOutputStream.lambda$writeChunkToContainer$2(BlockOutputStream.java:729)
	at java.util.concurrent.CompletableFuture.uniApply(CompletableFuture.java:616)
	at java.util.concurrent.CompletableFuture$UniApply.tryFire(CompletableFuture.java:591)
	at java.util.concurrent.CompletableFuture$Completion.run(CompletableFuture.java:456)
	at java.util.concurrent.ThreadPoolExecutor.runWorker(ThreadPoolExecutor.java:1149)
	at java.util.concurrent.ThreadPoolExecutor$Worker.run(ThreadPoolExecutor.java:624)
	at java.lang.Thread.run(Thread.java:750)
Caused by: org.apache.hadoop.hdds.scm.container.common.helpers.StorageContainerException: 
	at org.apache.hadoop.hdds.scm.storage.ContainerProtocolCalls.validateContainerResponse(ContainerProtocolCalls.java:674)
	at org.apache.hadoop.hdds.scm.storage.ECBlockOutputStream.validateResponse(ECBlockOutputStream.java:301)
	... 7 more
2023-11-13 13:12:37,982 [pool-344-thread-1] WARN  io.KeyOutputStream (ECKeyOutputStream.java:logStreamError(252)) - Failure for replica index: 4, DatanodeDetails: 00000000-0000-0003-0000-000000000003(localhost/1.2.3.4)
java.io.IOException: Unexpected Storage Container Exception: org.apache.hadoop.hdds.scm.container.common.helpers.StorageContainerException: 
	at org.apache.hadoop.hdds.scm.storage.BlockOutputStream.setIoException(BlockOutputStream.java:634)
	at org.apache.hadoop.hdds.scm.storage.ECBlockOutputStream.validateResponse(ECBlockOutputStream.java:303)
	at org.apache.hadoop.hdds.scm.storage.BlockOutputStream.lambda$writeChunkToContainer$2(BlockOutputStream.java:729)
	at java.util.concurrent.CompletableFuture.uniApply(CompletableFuture.java:616)
	at java.util.concurrent.CompletableFuture$UniApply.tryFire(CompletableFuture.java:591)
	at java.util.concurrent.CompletableFuture$Completion.run(CompletableFuture.java:456)
	at java.util.concurrent.ThreadPoolExecutor.runWorker(ThreadPoolExecutor.java:1149)
	at java.util.concurrent.ThreadPoolExecutor$Worker.run(ThreadPoolExecutor.java:624)
	at java.lang.Thread.run(Thread.java:750)
Caused by: org.apache.hadoop.hdds.scm.container.common.helpers.StorageContainerException: 
	at org.apache.hadoop.hdds.scm.storage.ContainerProtocolCalls.validateContainerResponse(ContainerProtocolCalls.java:674)
	at org.apache.hadoop.hdds.scm.storage.ECBlockOutputStream.validateResponse(ECBlockOutputStream.java:301)
	... 7 more
]]></system-out>
  </testcase>
</testsuite>