<?xml version="1.0" encoding="UTF-8"?>
<testsuite xmlns:xsi="http://www.w3.org/2001/XMLSchema-instance" xsi:noNamespaceSchemaLocation="https://maven.apache.org/surefire/maven-surefire-plugin/xsd/surefire-test-report-3.0.xsd" version="3.0" name="org.apache.hadoop.ozone.om.TestObjectStoreWithLegacyFS" time="28.247" tests="2" errors="0" skipped="0" failures="1">
  <properties>
    <property name="awt.toolkit" value="sun.awt.X11.XToolkit"/>
    <property name="file.encoding.pkg" value="sun.io"/>
    <property name="java.specification.version" value="1.8"/>
    <property name="sun.cpu.isalist" value=""/>
    <property name="sun.jnu.encoding" value="UTF-8"/>
    <property name="java.class.path" value="/home/runner/work/ozone/ozone/hadoop-ozone/integration-test/target/test-classes:/home/runner/work/ozone/ozone/hadoop-ozone/integration-test/target/classes:/home/runner/.m2/repository/org/apache/ozone/ozone-common/1.3.0-SNAPSHOT/ozone-common-1.3.0-SNAPSHOT.jar:/home/runner/.m2/repository/io/grpc/grpc-netty/1.48.1/grpc-netty-1.48.1.jar:/home/runner/.m2/repository/io/grpc/grpc-core/1.48.1/grpc-core-1.48.1.jar:/home/runner/.m2/repository/com/google/android/annotations/4.1.1.4/annotations-4.1.1.4.jar:/home/runner/.m2/repository/org/codehaus/mojo/animal-sniffer-annotations/1.21/animal-sniffer-annotations-1.21.jar:/home/runner/.m2/repository/com/google/errorprone/error_prone_annotations/2.2.0/error_prone_annotations-2.2.0.jar:/home/runner/.m2/repository/io/perfmark/perfmark-api/0.25.0/perfmark-api-0.25.0.jar:/home/runner/.m2/repository/io/netty/netty-codec-http2/4.1.79.Final/netty-codec-http2-4.1.79.Final.jar:/home/runner/.m2/repository/io/netty/netty-common/4.1.79.Final/netty-common-4.1.79.Final.jar:/home/runner/.m2/repository/io/netty/netty-buffer/4.1.79.Final/netty-buffer-4.1.79.Final.jar:/home/runner/.m2/repository/io/netty/netty-codec-http/4.1.79.Final/netty-codec-http-4.1.79.Final.jar:/home/runner/.m2/repository/io/netty/netty-handler-proxy/4.1.79.Final/netty-handler-proxy-4.1.79.Final.jar:/home/runner/.m2/repository/io/netty/netty-codec-socks/4.1.79.Final/netty-codec-socks-4.1.79.Final.jar:/home/runner/.m2/repository/io/netty/netty-tcnative-boringssl-static/2.0.53.Final/netty-tcnative-boringssl-static-2.0.53.Final.jar:/home/runner/.m2/repository/io/netty/netty-tcnative-classes/2.0.53.Final/netty-tcnative-classes-2.0.53.Final.jar:/home/runner/.m2/repository/io/netty/netty-tcnative-boringssl-static/2.0.53.Final/netty-tcnative-boringssl-static-2.0.53.Final-linux-x86_64.jar:/home/runner/.m2/repository/io/netty/netty-tcnative-boringssl-static/2.0.53.Final/netty-tcnative-boringssl-static-2.0.53.Final-linux-aarch_64.jar:/home/runner/.m2/repository/io/netty/netty-tcnative-boringssl-static/2.0.53.Final/netty-tcnative-boringssl-static-2.0.53.Final-osx-x86_64.jar:/home/runner/.m2/repository/io/netty/netty-tcnative-boringssl-static/2.0.53.Final/netty-tcnative-boringssl-static-2.0.53.Final-osx-aarch_64.jar:/home/runner/.m2/repository/io/netty/netty-tcnative-boringssl-static/2.0.53.Final/netty-tcnative-boringssl-static-2.0.53.Final-windows-x86_64.jar:/home/runner/.m2/repository/org/apache/commons/commons-compress/1.21/commons-compress-1.21.jar:/home/runner/.m2/repository/org/apache/ozone/hdds-common/1.3.0-SNAPSHOT/hdds-common-1.3.0-SNAPSHOT.jar:/home/runner/.m2/repository/org/apache/ozone/hdds-client/1.3.0-SNAPSHOT/hdds-client-1.3.0-SNAPSHOT.jar:/home/runner/.m2/repository/org/apache/ozone/ozone-interface-client/1.3.0-SNAPSHOT/ozone-interface-client-1.3.0-SNAPSHOT.jar:/home/runner/.m2/repository/org/apache/ozone/hdds-test-utils/1.3.0-SNAPSHOT/hdds-test-utils-1.3.0-SNAPSHOT.jar:/home/runner/.m2/repository/com/google/guava/guava/31.1-jre/guava-31.1-jre.jar:/home/runner/.m2/repository/com/google/guava/failureaccess/1.0.1/failureaccess-1.0.1.jar:/home/runner/.m2/repository/com/google/guava/listenablefuture/9999.0-empty-to-avoid-conflict-with-guava/listenablefuture-9999.0-empty-to-avoid-conflict-with-guava.jar:/home/runner/.m2/repository/com/google/code/findbugs/jsr305/3.0.0/jsr305-3.0.0.jar:/home/runner/.m2/repository/org/checkerframework/checker-qual/3.12.0/checker-qual-3.12.0.jar:/home/runner/.m2/repository/com/google/j2objc/j2objc-annotations/1.3/j2objc-annotations-1.3.jar:/home/runner/.m2/repository/commons-io/commons-io/2.11.0/commons-io-2.11.0.jar:/home/runner/.m2/repository/commons-logging/commons-logging/1.2/commons-logging-1.2.jar:/home/runner/.m2/repository/ch/qos/reload4j/reload4j/1.2.22/reload4j-1.2.22.jar:/home/runner/.m2/repository/org/slf4j/slf4j-api/1.7.36/slf4j-api-1.7.36.jar:/home/runner/.m2/repository/org/apache/ozone/hdds-server-scm/1.3.0-SNAPSHOT/hdds-server-scm-1.3.0-SNAPSHOT.jar:/home/runner/.m2/repository/org/apache/ozone/hdds-container-service/1.3.0-SNAPSHOT/hdds-container-service-1.3.0-SNAPSHOT.jar:/home/runner/.m2/repository/org/apache/ozone/hdds-hadoop-dependency-server/1.3.0-SNAPSHOT/hdds-hadoop-dependency-server-1.3.0-SNAPSHOT.jar:/home/runner/.m2/repository/org/apache/hadoop/hadoop-hdfs/3.3.4/hadoop-hdfs-3.3.4.jar:/home/runner/.m2/repository/org/eclipse/jetty/jetty-util-ajax/9.4.49.v20220914/jetty-util-ajax-9.4.49.v20220914.jar:/home/runner/.m2/repository/commons-daemon/commons-daemon/1.0.13/commons-daemon-1.0.13.jar:/home/runner/.m2/repository/org/apache/ozone/hdds-server-framework/1.3.0-SNAPSHOT/hdds-server-framework-1.3.0-SNAPSHOT.jar:/home/runner/.m2/repository/org/apache/ozone/hdds-interface-server/1.3.0-SNAPSHOT/hdds-interface-server-1.3.0-SNAPSHOT.jar:/home/runner/.m2/repository/org/apache/commons/commons-configuration2/2.1.1/commons-configuration2-2.1.1.jar:/home/runner/.m2/repository/org/apache/logging/log4j/log4j-core/2.17.1/log4j-core-2.17.1.jar:/home/runner/.m2/repository/com/lmax/disruptor/3.4.2/disruptor-3.4.2.jar:/home/runner/.m2/repository/org/eclipse/jetty/jetty-servlet/9.4.49.v20220914/jetty-servlet-9.4.49.v20220914.jar:/home/runner/.m2/repository/org/eclipse/jetty/jetty-security/9.4.49.v20220914/jetty-security-9.4.49.v20220914.jar:/home/runner/.m2/repository/org/rocksdb/rocksdbjni/7.4.5/rocksdbjni-7.4.5.jar:/home/runner/.m2/repository/io/prometheus/simpleclient_dropwizard/0.7.0/simpleclient_dropwizard-0.7.0.jar:/home/runner/.m2/repository/io/prometheus/simpleclient/0.7.0/simpleclient-0.7.0.jar:/home/runner/.m2/repository/io/prometheus/simpleclient_common/0.7.0/simpleclient_common-0.7.0.jar:/home/runner/.m2/repository/com/github/spotbugs/spotbugs-annotations/3.1.12/spotbugs-annotations-3.1.12.jar:/home/runner/.m2/repository/io/dropwizard/metrics/metrics-core/3.2.4/metrics-core-3.2.4.jar:/home/runner/.m2/repository/org/apache/commons/commons-text/1.4/commons-text-1.4.jar:/home/runner/.m2/repository/org/apache/hadoop/hadoop-hdfs-client/3.3.4/hadoop-hdfs-client-3.3.4.jar:/home/runner/.m2/repository/com/squareup/okhttp3/okhttp/4.9.3/okhttp-4.9.3.jar:/home/runner/.m2/repository/com/squareup/okio/okio/2.8.0/okio-2.8.0.jar:/home/runner/.m2/repository/org/jetbrains/kotlin/kotlin-stdlib-common/1.4.10/kotlin-stdlib-common-1.4.10.jar:/home/runner/.m2/repository/org/bouncycastle/bcprov-jdk15on/1.67/bcprov-jdk15on-1.67.jar:/home/runner/.m2/repository/com/google/protobuf/protobuf-java/2.5.0/protobuf-java-2.5.0.jar:/home/runner/.m2/repository/org/apache/ozone/ozone-manager/1.3.0-SNAPSHOT/ozone-manager-1.3.0-SNAPSHOT.jar:/home/runner/.m2/repository/org/aspectj/aspectjrt/1.9.7/aspectjrt-1.9.7.jar:/home/runner/.m2/repository/org/aspectj/aspectjweaver/1.9.7/aspectjweaver-1.9.7.jar:/home/runner/.m2/repository/org/apache/ozone/hdds-interface-client/1.3.0-SNAPSHOT/hdds-interface-client-1.3.0-SNAPSHOT.jar:/home/runner/.m2/repository/org/apache/hadoop/thirdparty/hadoop-shaded-protobuf_3_7/1.1.1/hadoop-shaded-protobuf_3_7-1.1.1.jar:/home/runner/.m2/repository/org/apache/ozone/ozone-interface-storage/1.3.0-SNAPSHOT/ozone-interface-storage-1.3.0-SNAPSHOT.jar:/home/runner/.m2/repository/org/reflections/reflections/0.9.11/reflections-0.9.11.jar:/home/runner/.m2/repository/com/sun/jersey/jersey-client/1.19/jersey-client-1.19.jar:/home/runner/.m2/repository/org/apache/ranger/ranger-intg/2.3.0/ranger-intg-2.3.0.jar:/home/runner/.m2/repository/org/apache/ranger/ranger-plugins-common/2.3.0/ranger-plugins-common-2.3.0.jar:/home/runner/.m2/repository/commons-lang/commons-lang/2.6/commons-lang-2.6.jar:/home/runner/.m2/repository/org/codehaus/jackson/jackson-jaxrs/1.9.13/jackson-jaxrs-1.9.13.jar:/home/runner/.m2/repository/org/apache/ranger/ranger-plugins-cred/2.3.0/ranger-plugins-cred-2.3.0.jar:/home/runner/.m2/repository/org/apache/ranger/ranger-plugins-audit/2.3.0/ranger-plugins-audit-2.3.0.jar:/home/runner/.m2/repository/org/eclipse/jetty/jetty-client/9.4.31.v20200723/jetty-client-9.4.31.v20200723.jar:/home/runner/.m2/repository/org/apache/httpcomponents/httpmime/4.5.6/httpmime-4.5.6.jar:/home/runner/.m2/repository/org/apache/httpcomponents/httpcore-nio/4.4.6/httpcore-nio-4.4.6.jar:/home/runner/.m2/repository/org/apache/httpcomponents/httpasyncclient/4.1.3/httpasyncclient-4.1.3.jar:/home/runner/.m2/repository/com/carrotsearch/hppc/0.8.0/hppc-0.8.0.jar:/home/runner/.m2/repository/org/apache/orc/orc-core/1.5.8/orc-core-1.5.8.jar:/home/runner/.m2/repository/net/java/dev/jna/jna/5.2.0/jna-5.2.0.jar:/home/runner/.m2/repository/net/java/dev/jna/jna-platform/5.2.0/jna-platform-5.2.0.jar:/home/runner/.m2/repository/com/kstruct/gethostname4j/0.0.2/gethostname4j-0.0.2.jar:/home/runner/.m2/repository/org/apache/ranger/ranger-plugin-classloader/2.3.0/ranger-plugin-classloader-2.3.0.jar:/home/runner/.m2/repository/org/apache/hadoop/hadoop-minikdc/3.3.4/hadoop-minikdc-3.3.4.jar:/home/runner/.m2/repository/org/apache/kerby/kerb-simplekdc/1.0.1/kerb-simplekdc-1.0.1.jar:/home/runner/.m2/repository/org/apache/kerby/kerb-client/1.0.1/kerb-client-1.0.1.jar:/home/runner/.m2/repository/org/apache/kerby/kerby-config/1.0.1/kerby-config-1.0.1.jar:/home/runner/.m2/repository/org/apache/kerby/kerb-common/1.0.1/kerb-common-1.0.1.jar:/home/runner/.m2/repository/org/apache/kerby/kerb-crypto/1.0.1/kerb-crypto-1.0.1.jar:/home/runner/.m2/repository/org/apache/kerby/kerb-util/1.0.1/kerb-util-1.0.1.jar:/home/runner/.m2/repository/org/apache/kerby/token-provider/1.0.1/token-provider-1.0.1.jar:/home/runner/.m2/repository/org/apache/kerby/kerb-admin/1.0.1/kerb-admin-1.0.1.jar:/home/runner/.m2/repository/org/apache/kerby/kerb-server/1.0.1/kerb-server-1.0.1.jar:/home/runner/.m2/repository/org/apache/kerby/kerb-identity/1.0.1/kerb-identity-1.0.1.jar:/home/runner/.m2/repository/org/apache/kerby/kerby-xdr/1.0.1/kerby-xdr-1.0.1.jar:/home/runner/.m2/repository/org/apache/ozone/ozone-s3gateway/1.3.0-SNAPSHOT/ozone-s3gateway-1.3.0-SNAPSHOT.jar:/home/runner/.m2/repository/org/javassist/javassist/3.21.0-GA/javassist-3.21.0-GA.jar:/home/runner/.m2/repository/org/jboss/weld/servlet/weld-servlet/2.4.7.Final/weld-servlet-2.4.7.Final.jar:/home/runner/.m2/repository/org/glassfish/jersey/containers/jersey-container-servlet-core/2.34/jersey-container-servlet-core-2.34.jar:/home/runner/.m2/repository/org/glassfish/hk2/external/jakarta.inject/2.6.1/jakarta.inject-2.6.1.jar:/home/runner/.m2/repository/org/glassfish/jersey/core/jersey-common/2.34/jersey-common-2.34.jar:/home/runner/.m2/repository/jakarta/ws/rs/jakarta.ws.rs-api/2.1.6/jakarta.ws.rs-api-2.1.6.jar:/home/runner/.m2/repository/org/glassfish/jersey/ext/cdi/jersey-cdi1x/2.34/jersey-cdi1x-2.34.jar:/home/runner/.m2/repository/org/glassfish/jersey/inject/jersey-hk2/2.34/jersey-hk2-2.34.jar:/home/runner/.m2/repository/org/glassfish/hk2/hk2-locator/2.6.1/hk2-locator-2.6.1.jar:/home/runner/.m2/repository/org/glassfish/jersey/media/jersey-media-jaxb/2.34/jersey-media-jaxb-2.34.jar:/home/runner/.m2/repository/org/glassfish/hk2/osgi-resource-locator/1.0.3/osgi-resource-locator-1.0.3.jar:/home/runner/.m2/repository/org/glassfish/hk2/hk2-api/2.5.0/hk2-api-2.5.0.jar:/home/runner/.m2/repository/org/glassfish/hk2/hk2-utils/2.5.0/hk2-utils-2.5.0.jar:/home/runner/.m2/repository/org/glassfish/hk2/external/aopalliance-repackaged/2.5.0/aopalliance-repackaged-2.5.0.jar:/home/runner/.m2/repository/com/fasterxml/jackson/dataformat/jackson-dataformat-xml/2.13.4/jackson-dataformat-xml-2.13.4.jar:/home/runner/.m2/repository/com/fasterxml/jackson/core/jackson-core/2.13.4/jackson-core-2.13.4.jar:/home/runner/.m2/repository/org/codehaus/woodstox/stax2-api/3.1.4/stax2-api-3.1.4.jar:/home/runner/.m2/repository/com/fasterxml/woodstox/woodstox-core/5.4.0/woodstox-core-5.4.0.jar:/home/runner/.m2/repository/com/fasterxml/jackson/module/jackson-module-jaxb-annotations/2.13.4/jackson-module-jaxb-annotations-2.13.4.jar:/home/runner/.m2/repository/jakarta/xml/bind/jakarta.xml.bind-api/2.3.3/jakarta.xml.bind-api-2.3.3.jar:/home/runner/.m2/repository/jakarta/activation/jakarta.activation-api/1.2.1/jakarta.activation-api-1.2.1.jar:/home/runner/.m2/repository/javax/enterprise/cdi-api/1.2/cdi-api-1.2.jar:/home/runner/.m2/repository/javax/el/javax.el-api/3.0.0/javax.el-api-3.0.0.jar:/home/runner/.m2/repository/javax/interceptor/javax.interceptor-api/1.2/javax.interceptor-api-1.2.jar:/home/runner/.m2/repository/javax/inject/javax.inject/1/javax.inject-1.jar:/home/runner/.m2/repository/javax/xml/bind/jaxb-api/2.3.0/jaxb-api-2.3.0.jar:/home/runner/.m2/repository/org/glassfish/jaxb/jaxb-runtime/2.3.0.1/jaxb-runtime-2.3.0.1.jar:/home/runner/.m2/repository/org/glassfish/jaxb/jaxb-core/2.3.0.1/jaxb-core-2.3.0.1.jar:/home/runner/.m2/repository/org/glassfish/jaxb/txw2/2.3.0.1/txw2-2.3.0.1.jar:/home/runner/.m2/repository/com/sun/istack/istack-commons-runtime/3.0.5/istack-commons-runtime-3.0.5.jar:/home/runner/.m2/repository/org/jvnet/staxex/stax-ex/1.7.8/stax-ex-1.7.8.jar:/home/runner/.m2/repository/com/sun/xml/fastinfoset/FastInfoset/1.2.13/FastInfoset-1.2.13.jar:/home/runner/.m2/repository/javax/activation/activation/1.1.1/activation-1.1.1.jar:/home/runner/.m2/repository/io/grpc/grpc-protobuf/1.48.1/grpc-protobuf-1.48.1.jar:/home/runner/.m2/repository/io/grpc/grpc-api/1.48.1/grpc-api-1.48.1.jar:/home/runner/.m2/repository/io/grpc/grpc-context/1.48.1/grpc-context-1.48.1.jar:/home/runner/.m2/repository/com/google/api/grpc/proto-google-common-protos/2.9.0/proto-google-common-protos-2.9.0.jar:/home/runner/.m2/repository/io/grpc/grpc-protobuf-lite/1.48.1/grpc-protobuf-lite-1.48.1.jar:/home/runner/.m2/repository/io/grpc/grpc-stub/1.48.1/grpc-stub-1.48.1.jar:/home/runner/.m2/repository/io/netty/netty-transport/4.1.79.Final/netty-transport-4.1.79.Final.jar:/home/runner/.m2/repository/io/netty/netty-resolver/4.1.79.Final/netty-resolver-4.1.79.Final.jar:/home/runner/.m2/repository/org/apache/ozone/ozone-csi/1.3.0-SNAPSHOT/ozone-csi-1.3.0-SNAPSHOT.jar:/home/runner/.m2/repository/com/google/protobuf/protobuf-java-util/3.19.2/protobuf-java-util-3.19.2.jar:/home/runner/.m2/repository/com/google/code/gson/gson/2.9.0/gson-2.9.0.jar:/home/runner/.m2/repository/org/apache/ozone/hdds-config/1.3.0-SNAPSHOT/hdds-config-1.3.0-SNAPSHOT.jar:/home/runner/.m2/repository/io/netty/netty-transport-native-epoll/4.1.79.Final/netty-transport-native-epoll-4.1.79.Final-linux-x86_64.jar:/home/runner/.m2/repository/io/netty/netty-transport-classes-epoll/4.1.79.Final/netty-transport-classes-epoll-4.1.79.Final.jar:/home/runner/.m2/repository/io/netty/netty-transport-native-unix-common/4.1.79.Final/netty-transport-native-unix-common-4.1.79.Final.jar:/home/runner/.m2/repository/org/slf4j/slf4j-reload4j/1.7.36/slf4j-reload4j-1.7.36.jar:/home/runner/.m2/repository/org/apache/ozone/ozone-recon/1.3.0-SNAPSHOT/ozone-recon-1.3.0-SNAPSHOT.jar:/home/runner/.m2/repository/org/apache/ozone/ozone-reconcodegen/1.3.0-SNAPSHOT/ozone-reconcodegen-1.3.0-SNAPSHOT.jar:/home/runner/.m2/repository/com/google/inject/extensions/guice-multibindings/4.0/guice-multibindings-4.0.jar:/home/runner/.m2/repository/com/google/inject/guice/4.0/guice-4.0.jar:/home/runner/.m2/repository/aopalliance/aopalliance/1.0/aopalliance-1.0.jar:/home/runner/.m2/repository/com/google/inject/extensions/guice-assistedinject/4.0/guice-assistedinject-4.0.jar:/home/runner/.m2/repository/com/google/inject/extensions/guice-servlet/4.0/guice-servlet-4.0.jar:/home/runner/.m2/repository/org/glassfish/jersey/containers/jersey-container-servlet/2.34/jersey-container-servlet-2.34.jar:/home/runner/.m2/repository/org/glassfish/hk2/guice-bridge/2.5.0/guice-bridge-2.5.0.jar:/home/runner/.m2/repository/org/glassfish/jersey/core/jersey-server/2.34/jersey-server-2.34.jar:/home/runner/.m2/repository/org/glassfish/jersey/core/jersey-client/2.34/jersey-client-2.34.jar:/home/runner/.m2/repository/jakarta/annotation/jakarta.annotation-api/1.3.5/jakarta.annotation-api-1.3.5.jar:/home/runner/.m2/repository/jakarta/validation/jakarta.validation-api/2.0.2/jakarta.validation-api-2.0.2.jar:/home/runner/.m2/repository/org/glassfish/jersey/media/jersey-media-json-jackson/2.34/jersey-media-json-jackson-2.34.jar:/home/runner/.m2/repository/org/glassfish/jersey/ext/jersey-entity-filtering/2.34/jersey-entity-filtering-2.34.jar:/home/runner/.m2/repository/org/jooq/jooq/3.11.10/jooq-3.11.10.jar:/home/runner/.m2/repository/org/jooq/jooq-meta/3.11.10/jooq-meta-3.11.10.jar:/home/runner/.m2/repository/org/jooq/jooq-codegen/3.11.10/jooq-codegen-3.11.10.jar:/home/runner/.m2/repository/com/jolbox/bonecp/0.8.0.RELEASE/bonecp-0.8.0.RELEASE.jar:/home/runner/.m2/repository/org/apache/derby/derby/10.14.2.0/derby-10.14.2.0.jar:/home/runner/.m2/repository/org/xerial/sqlite-jdbc/3.25.2/sqlite-jdbc-3.25.2.jar:/home/runner/.m2/repository/org/springframework/spring-jdbc/5.3.23/spring-jdbc-5.3.23.jar:/home/runner/.m2/repository/org/springframework/spring-beans/5.3.23/spring-beans-5.3.23.jar:/home/runner/.m2/repository/org/springframework/spring-core/5.3.23/spring-core-5.3.23.jar:/home/runner/.m2/repository/org/springframework/spring-jcl/5.3.23/spring-jcl-5.3.23.jar:/home/runner/.m2/repository/org/springframework/spring-tx/5.3.23/spring-tx-5.3.23.jar:/home/runner/.m2/repository/org/apache/ozone/ozone-client/1.3.0-SNAPSHOT/ozone-client-1.3.0-SNAPSHOT.jar:/home/runner/.m2/repository/org/apache/ozone/hdds-erasurecode/1.3.0-SNAPSHOT/hdds-erasurecode-1.3.0-SNAPSHOT.jar:/home/runner/.m2/repository/org/apache/ozone/ozone-filesystem/1.3.0-SNAPSHOT/ozone-filesystem-1.3.0-SNAPSHOT.jar:/home/runner/.m2/repository/org/apache/ozone/ozone-filesystem-common/1.3.0-SNAPSHOT/ozone-filesystem-common-1.3.0-SNAPSHOT.jar:/home/runner/.m2/repository/org/apache/ozone/ozone-tools/1.3.0-SNAPSHOT/ozone-tools-1.3.0-SNAPSHOT.jar:/home/runner/.m2/repository/org/apache/ratis/ratis-tools/2.4.0/ratis-tools-2.4.0.jar:/home/runner/.m2/repository/com/amazonaws/aws-java-sdk-core/1.12.261/aws-java-sdk-core-1.12.261.jar:/home/runner/.m2/repository/org/apache/httpcomponents/httpclient/4.5.13/httpclient-4.5.13.jar:/home/runner/.m2/repository/org/apache/httpcomponents/httpcore/4.4.13/httpcore-4.4.13.jar:/home/runner/.m2/repository/software/amazon/ion/ion-java/1.0.2/ion-java-1.0.2.jar:/home/runner/.m2/repository/com/fasterxml/jackson/dataformat/jackson-dataformat-cbor/2.13.4/jackson-dataformat-cbor-2.13.4.jar:/home/runner/.m2/repository/joda-time/joda-time/2.8.1/joda-time-2.8.1.jar:/home/runner/.m2/repository/com/amazonaws/aws-java-sdk-s3/1.12.261/aws-java-sdk-s3-1.12.261.jar:/home/runner/.m2/repository/com/amazonaws/aws-java-sdk-kms/1.12.261/aws-java-sdk-kms-1.12.261.jar:/home/runner/.m2/repository/com/amazonaws/jmespath-java/1.12.261/jmespath-java-1.12.261.jar:/home/runner/.m2/repository/org/kohsuke/metainf-services/metainf-services/1.8/metainf-services-1.8.jar:/home/runner/.m2/repository/org/apache/ozone/hdds-tools/1.3.0-SNAPSHOT/hdds-tools-1.3.0-SNAPSHOT.jar:/home/runner/.m2/repository/commons-cli/commons-cli/1.2/commons-cli-1.2.jar:/home/runner/.m2/repository/org/apache/commons/commons-lang3/3.7/commons-lang3-3.7.jar:/home/runner/.m2/repository/org/apache/ozone/ozone-manager/1.3.0-SNAPSHOT/ozone-manager-1.3.0-SNAPSHOT-tests.jar:/home/runner/.m2/repository/org/apache/ozone/hdds-common/1.3.0-SNAPSHOT/hdds-common-1.3.0-SNAPSHOT-tests.jar:/home/runner/.m2/repository/org/apache/ozone/hdds-hadoop-dependency-client/1.3.0-SNAPSHOT/hdds-hadoop-dependency-client-1.3.0-SNAPSHOT.jar:/home/runner/.m2/repository/info/picocli/picocli/4.6.1/picocli-4.6.1.jar:/home/runner/.m2/repository/com/fasterxml/jackson/core/jackson-annotations/2.13.4/jackson-annotations-2.13.4.jar:/home/runner/.m2/repository/com/fasterxml/jackson/datatype/jackson-datatype-jsr310/2.13.4/jackson-datatype-jsr310-2.13.4.jar:/home/runner/.m2/repository/org/apache/ozone/hdds-annotation-processing/1.3.0-SNAPSHOT/hdds-annotation-processing-1.3.0-SNAPSHOT.jar:/home/runner/.m2/repository/javax/annotation/javax.annotation-api/1.2/javax.annotation-api-1.2.jar:/home/runner/.m2/repository/org/apache/ratis/ratis-server/2.4.0/ratis-server-2.4.0.jar:/home/runner/.m2/repository/org/apache/ratis/ratis-client/2.4.0/ratis-client-2.4.0.jar:/home/runner/.m2/repository/org/apache/ratis/ratis-server-api/2.4.0/ratis-server-api-2.4.0.jar:/home/runner/.m2/repository/org/apache/ratis/ratis-metrics/2.4.0/ratis-metrics-2.4.0.jar:/home/runner/.m2/repository/org/apache/ratis/ratis-netty/2.4.0/ratis-netty-2.4.0.jar:/home/runner/.m2/repository/org/apache/ratis/ratis-grpc/2.4.0/ratis-grpc-2.4.0.jar:/home/runner/.m2/repository/org/apache/logging/log4j/log4j-api/2.17.1/log4j-api-2.17.1.jar:/home/runner/.m2/repository/org/apache/commons/commons-pool2/2.6.0/commons-pool2-2.6.0.jar:/home/runner/.m2/repository/org/bouncycastle/bcpkix-jdk15on/1.67/bcpkix-jdk15on-1.67.jar:/home/runner/.m2/repository/commons-validator/commons-validator/1.6/commons-validator-1.6.jar:/home/runner/.m2/repository/commons-beanutils/commons-beanutils/1.9.4/commons-beanutils-1.9.4.jar:/home/runner/.m2/repository/commons-digester/commons-digester/1.8.1/commons-digester-1.8.1.jar:/home/runner/.m2/repository/commons-collections/commons-collections/3.2.2/commons-collections-3.2.2.jar:/home/runner/.m2/repository/io/jaegertracing/jaeger-client/1.6.0/jaeger-client-1.6.0.jar:/home/runner/.m2/repository/io/jaegertracing/jaeger-thrift/1.6.0/jaeger-thrift-1.6.0.jar:/home/runner/.m2/repository/org/apache/thrift/libthrift/0.14.1/libthrift-0.14.1.jar:/home/runner/.m2/repository/io/jaegertracing/jaeger-core/1.6.0/jaeger-core-1.6.0.jar:/home/runner/.m2/repository/io/jaegertracing/jaeger-tracerresolver/1.6.0/jaeger-tracerresolver-1.6.0.jar:/home/runner/.m2/repository/io/opentracing/contrib/opentracing-tracerresolver/0.1.8/opentracing-tracerresolver-0.1.8.jar:/home/runner/.m2/repository/org/jetbrains/kotlin/kotlin-stdlib/1.6.21/kotlin-stdlib-1.6.21.jar:/home/runner/.m2/repository/org/jetbrains/annotations/13.0/annotations-13.0.jar:/home/runner/.m2/repository/io/opentracing/opentracing-util/0.33.0/opentracing-util-0.33.0.jar:/home/runner/.m2/repository/io/opentracing/opentracing-api/0.33.0/opentracing-api-0.33.0.jar:/home/runner/.m2/repository/io/opentracing/opentracing-noop/0.33.0/opentracing-noop-0.33.0.jar:/home/runner/.m2/repository/org/yaml/snakeyaml/1.32/snakeyaml-1.32.jar:/home/runner/.m2/repository/org/apache/ozone/hdds-interface-admin/1.3.0-SNAPSHOT/hdds-interface-admin-1.3.0-SNAPSHOT.jar:/home/runner/.m2/repository/junit/junit/4.13.1/junit-4.13.1.jar:/home/runner/.m2/repository/org/hamcrest/hamcrest-core/1.3/hamcrest-core-1.3.jar:/home/runner/.m2/repository/org/junit/jupiter/junit-jupiter-api/5.8.2/junit-jupiter-api-5.8.2.jar:/home/runner/.m2/repository/org/opentest4j/opentest4j/1.2.0/opentest4j-1.2.0.jar:/home/runner/.m2/repository/org/junit/platform/junit-platform-commons/1.8.2/junit-platform-commons-1.8.2.jar:/home/runner/.m2/repository/org/apiguardian/apiguardian-api/1.1.2/apiguardian-api-1.1.2.jar:/home/runner/.m2/repository/org/junit/jupiter/junit-jupiter-params/5.8.2/junit-jupiter-params-5.8.2.jar:/home/runner/.m2/repository/org/junit/jupiter/junit-jupiter-migrationsupport/5.8.2/junit-jupiter-migrationsupport-5.8.2.jar:/home/runner/.m2/repository/org/junit/jupiter/junit-jupiter-engine/5.8.2/junit-jupiter-engine-5.8.2.jar:/home/runner/.m2/repository/org/junit/platform/junit-platform-engine/1.8.2/junit-platform-engine-1.8.2.jar:/home/runner/.m2/repository/org/junit/vintage/junit-vintage-engine/5.8.2/junit-vintage-engine-5.8.2.jar:/home/runner/.m2/repository/org/junit/platform/junit-platform-launcher/1.8.2/junit-platform-launcher-1.8.2.jar:/home/runner/.m2/repository/org/mockito/mockito-core/2.28.2/mockito-core-2.28.2.jar:/home/runner/.m2/repository/net/bytebuddy/byte-buddy/1.9.10/byte-buddy-1.9.10.jar:/home/runner/.m2/repository/net/bytebuddy/byte-buddy-agent/1.9.10/byte-buddy-agent-1.9.10.jar:/home/runner/.m2/repository/org/objenesis/objenesis/1.0/objenesis-1.0.jar:/home/runner/.m2/repository/org/apache/hadoop/hadoop-kms/3.3.4/hadoop-kms-3.3.4.jar:/home/runner/.m2/repository/org/apache/hadoop/hadoop-auth/3.3.4/hadoop-auth-3.3.4.jar:/home/runner/.m2/repository/com/nimbusds/nimbus-jose-jwt/7.9/nimbus-jose-jwt-7.9.jar:/home/runner/.m2/repository/com/github/stephenc/jcip/jcip-annotations/1.0-1/jcip-annotations-1.0-1.jar:/home/runner/.m2/repository/net/minidev/json-smart/2.4.7/json-smart-2.4.7.jar:/home/runner/.m2/repository/net/minidev/accessors-smart/2.4.7/accessors-smart-2.4.7.jar:/home/runner/.m2/repository/org/ow2/asm/asm/5.0.4/asm-5.0.4.jar:/home/runner/.m2/repository/org/apache/zookeeper/zookeeper/3.5.6/zookeeper-3.5.6.jar:/home/runner/.m2/repository/org/apache/zookeeper/zookeeper-jute/3.5.6/zookeeper-jute-3.5.6.jar:/home/runner/.m2/repository/org/apache/yetus/audience-annotations/0.5.0/audience-annotations-0.5.0.jar:/home/runner/.m2/repository/org/apache/curator/curator-framework/4.2.0/curator-framework-4.2.0.jar:/home/runner/.m2/repository/org/apache/hadoop/thirdparty/hadoop-shaded-guava/1.1.1/hadoop-shaded-guava-1.1.1.jar:/home/runner/.m2/repository/com/sun/jersey/jersey-core/1.19/jersey-core-1.19.jar:/home/runner/.m2/repository/javax/ws/rs/jsr311-api/1.1.1/jsr311-api-1.1.1.jar:/home/runner/.m2/repository/com/sun/jersey/jersey-server/1.19/jersey-server-1.19.jar:/home/runner/.m2/repository/javax/servlet/javax.servlet-api/3.1.0/javax.servlet-api-3.1.0.jar:/home/runner/.m2/repository/org/eclipse/jetty/jetty-server/9.4.49.v20220914/jetty-server-9.4.49.v20220914.jar:/home/runner/.m2/repository/org/eclipse/jetty/jetty-http/9.4.49.v20220914/jetty-http-9.4.49.v20220914.jar:/home/runner/.m2/repository/org/eclipse/jetty/jetty-io/9.4.49.v20220914/jetty-io-9.4.49.v20220914.jar:/home/runner/.m2/repository/org/eclipse/jetty/jetty-webapp/9.4.49.v20220914/jetty-webapp-9.4.49.v20220914.jar:/home/runner/.m2/repository/org/eclipse/jetty/jetty-xml/9.4.49.v20220914/jetty-xml-9.4.49.v20220914.jar:/home/runner/.m2/repository/org/apache/hadoop/hadoop-common/3.3.4/hadoop-common-3.3.4.jar:/home/runner/.m2/repository/org/apache/commons/commons-math3/3.1.1/commons-math3-3.1.1.jar:/home/runner/.m2/repository/commons-net/commons-net/3.6/commons-net-3.6.jar:/home/runner/.m2/repository/com/sun/jersey/jersey-servlet/1.19/jersey-servlet-1.19.jar:/home/runner/.m2/repository/com/sun/jersey/jersey-json/1.19/jersey-json-1.19.jar:/home/runner/.m2/repository/org/codehaus/jettison/jettison/1.1/jettison-1.1.jar:/home/runner/.m2/repository/com/sun/xml/bind/jaxb-impl/2.2.3-1/jaxb-impl-2.2.3-1.jar:/home/runner/.m2/repository/org/codehaus/jackson/jackson-xc/1.9.2/jackson-xc-1.9.2.jar:/home/runner/.m2/repository/com/google/re2j/re2j/1.1/re2j-1.1.jar:/home/runner/.m2/repository/com/jcraft/jsch/0.1.54/jsch-0.1.54.jar:/home/runner/.m2/repository/org/apache/curator/curator-client/4.2.0/curator-client-4.2.0.jar:/home/runner/.m2/repository/org/apache/curator/curator-recipes/4.2.0/curator-recipes-4.2.0.jar:/home/runner/.m2/repository/org/apache/kerby/kerb-core/1.0.1/kerb-core-1.0.1.jar:/home/runner/.m2/repository/org/apache/kerby/kerby-pkix/1.0.1/kerby-pkix-1.0.1.jar:/home/runner/.m2/repository/org/apache/kerby/kerby-asn1/1.0.1/kerby-asn1-1.0.1.jar:/home/runner/.m2/repository/org/apache/kerby/kerby-util/1.0.1/kerby-util-1.0.1.jar:/home/runner/.m2/repository/dnsjava/dnsjava/2.1.7/dnsjava-2.1.7.jar:/home/runner/.m2/repository/org/xerial/snappy/snappy-java/1.1.8.2/snappy-java-1.1.8.2.jar:/home/runner/.m2/repository/org/eclipse/jetty/jetty-util/9.4.49.v20220914/jetty-util-9.4.49.v20220914.jar:/home/runner/.m2/repository/com/fasterxml/jackson/core/jackson-databind/2.13.4.2/jackson-databind-2.13.4.2.jar:/home/runner/.m2/repository/org/apache/hadoop/hadoop-kms/3.3.4/hadoop-kms-3.3.4-tests.jar:/home/runner/.m2/repository/org/apache/ozone/hdds-server-scm/1.3.0-SNAPSHOT/hdds-server-scm-1.3.0-SNAPSHOT-tests.jar:/home/runner/.m2/repository/org/apache/ozone/hdds-container-service/1.3.0-SNAPSHOT/hdds-container-service-1.3.0-SNAPSHOT-tests.jar:/home/runner/.m2/repository/commons-codec/commons-codec/1.11/commons-codec-1.11.jar:/home/runner/.m2/repository/io/netty/netty-codec/4.1.79.Final/netty-codec-4.1.79.Final.jar:/home/runner/.m2/repository/io/netty/netty-handler/4.1.79.Final/netty-handler-4.1.79.Final.jar:/home/runner/.m2/repository/org/apache/ozone/hdds-hadoop-dependency-test/1.3.0-SNAPSHOT/hdds-hadoop-dependency-test-1.3.0-SNAPSHOT.jar:/home/runner/.m2/repository/org/apache/hadoop/hadoop-common/3.3.4/hadoop-common-3.3.4-tests.jar:/home/runner/.m2/repository/org/apache/hadoop/hadoop-hdfs/3.3.4/hadoop-hdfs-3.3.4-tests.jar:/home/runner/.m2/repository/org/assertj/assertj-core/3.12.2/assertj-core-3.12.2.jar:/home/runner/.m2/repository/org/apache/hadoop/hadoop-distcp/3.3.4/hadoop-distcp-3.3.4.jar:/home/runner/.m2/repository/org/apache/hadoop/hadoop-mapreduce-client-jobclient/3.3.4/hadoop-mapreduce-client-jobclient-3.3.4.jar:/home/runner/.m2/repository/org/apache/hadoop/hadoop-mapreduce-client-common/3.3.4/hadoop-mapreduce-client-common-3.3.4.jar:/home/runner/.m2/repository/org/apache/hadoop/hadoop-yarn-common/3.3.4/hadoop-yarn-common-3.3.4.jar:/home/runner/.m2/repository/org/apache/hadoop/hadoop-yarn-api/3.3.4/hadoop-yarn-api-3.3.4.jar:/home/runner/.m2/repository/com/sun/jersey/contribs/jersey-guice/1.19/jersey-guice-1.19.jar:/home/runner/.m2/repository/com/fasterxml/jackson/jaxrs/jackson-jaxrs-json-provider/2.13.4/jackson-jaxrs-json-provider-2.13.4.jar:/home/runner/.m2/repository/com/fasterxml/jackson/jaxrs/jackson-jaxrs-base/2.13.4/jackson-jaxrs-base-2.13.4.jar:/home/runner/.m2/repository/org/apache/hadoop/hadoop-yarn-client/3.3.4/hadoop-yarn-client-3.3.4.jar:/home/runner/.m2/repository/org/eclipse/jetty/websocket/websocket-client/9.4.43.v20210629/websocket-client-9.4.43.v20210629.jar:/home/runner/.m2/repository/org/eclipse/jetty/websocket/websocket-common/9.4.43.v20210629/websocket-common-9.4.43.v20210629.jar:/home/runner/.m2/repository/org/eclipse/jetty/websocket/websocket-api/9.4.43.v20210629/websocket-api-9.4.43.v20210629.jar:/home/runner/.m2/repository/org/jline/jline/3.9.0/jline-3.9.0.jar:/home/runner/.m2/repository/org/apache/hadoop/hadoop-mapreduce-client-core/3.3.4/hadoop-mapreduce-client-core-3.3.4.jar:/home/runner/.m2/repository/org/apache/avro/avro/1.7.7/avro-1.7.7.jar:/home/runner/.m2/repository/org/codehaus/jackson/jackson-core-asl/1.9.13/jackson-core-asl-1.9.13.jar:/home/runner/.m2/repository/org/codehaus/jackson/jackson-mapper-asl/1.9.13/jackson-mapper-asl-1.9.13.jar:/home/runner/.m2/repository/com/thoughtworks/paranamer/paranamer/2.3/paranamer-2.3.jar:/home/runner/.m2/repository/org/apache/hadoop/hadoop-annotations/3.3.4/hadoop-annotations-3.3.4.jar:/usr/lib/jvm/temurin-8-jdk-amd64/jre/../lib/tools.jar:/home/runner/.m2/repository/io/netty/netty/3.10.6.Final/netty-3.10.6.Final.jar:/home/runner/.m2/repository/org/apache/hadoop/hadoop-distcp/3.3.4/hadoop-distcp-3.3.4-tests.jar:/home/runner/.m2/repository/org/slf4j/jul-to-slf4j/1.7.36/jul-to-slf4j-1.7.36.jar:/home/runner/.m2/repository/org/apache/ratis/ratis-common/2.4.0/ratis-common-2.4.0.jar:/home/runner/.m2/repository/org/apache/ratis/ratis-thirdparty-misc/1.0.2/ratis-thirdparty-misc-1.0.2.jar:/home/runner/.m2/repository/org/apache/ratis/ratis-proto/2.4.0/ratis-proto-2.4.0.jar:"/>
    <property name="java.vm.vendor" value="Temurin"/>
    <property name="sun.arch.data.model" value="64"/>
    <property name="test.build.dir" value="/home/runner/work/ozone/ozone/hadoop-ozone/integration-test/target/test-dir"/>
    <property name="test.cache.data" value=""/>
    <property name="java.vendor.url" value="https://adoptium.net/"/>
    <property name="user.timezone" value="Etc/UTC"/>
    <property name="java.vm.specification.version" value="1.8"/>
    <property name="os.name" value="Linux"/>
    <property name="test.build.data" value="/home/runner/work/ozone/ozone/hadoop-ozone/integration-test/target/test-dir"/>
    <property name="sun.java.launcher" value="SUN_STANDARD"/>
    <property name="sun.boot.library.path" value="/usr/lib/jvm/temurin-8-jdk-amd64/jre/lib/amd64"/>
    <property name="sun.java.command" value="/home/runner/work/ozone/ozone/hadoop-ozone/integration-test/target/surefire/surefirebooter8718225303014158023.jar /home/runner/work/ozone/ozone/hadoop-ozone/integration-test/target/surefire 2022-11-04T13-01-01_934-jvmRun1 surefire8635766356390242465tmp surefire_17225722708492733754tmp"/>
    <property name="surefire.test.class.path" value="/home/runner/work/ozone/ozone/hadoop-ozone/integration-test/target/test-classes:/home/runner/work/ozone/ozone/hadoop-ozone/integration-test/target/classes:/home/runner/.m2/repository/org/apache/ozone/ozone-common/1.3.0-SNAPSHOT/ozone-common-1.3.0-SNAPSHOT.jar:/home/runner/.m2/repository/io/grpc/grpc-netty/1.48.1/grpc-netty-1.48.1.jar:/home/runner/.m2/repository/io/grpc/grpc-core/1.48.1/grpc-core-1.48.1.jar:/home/runner/.m2/repository/com/google/android/annotations/4.1.1.4/annotations-4.1.1.4.jar:/home/runner/.m2/repository/org/codehaus/mojo/animal-sniffer-annotations/1.21/animal-sniffer-annotations-1.21.jar:/home/runner/.m2/repository/com/google/errorprone/error_prone_annotations/2.2.0/error_prone_annotations-2.2.0.jar:/home/runner/.m2/repository/io/perfmark/perfmark-api/0.25.0/perfmark-api-0.25.0.jar:/home/runner/.m2/repository/io/netty/netty-codec-http2/4.1.79.Final/netty-codec-http2-4.1.79.Final.jar:/home/runner/.m2/repository/io/netty/netty-common/4.1.79.Final/netty-common-4.1.79.Final.jar:/home/runner/.m2/repository/io/netty/netty-buffer/4.1.79.Final/netty-buffer-4.1.79.Final.jar:/home/runner/.m2/repository/io/netty/netty-codec-http/4.1.79.Final/netty-codec-http-4.1.79.Final.jar:/home/runner/.m2/repository/io/netty/netty-handler-proxy/4.1.79.Final/netty-handler-proxy-4.1.79.Final.jar:/home/runner/.m2/repository/io/netty/netty-codec-socks/4.1.79.Final/netty-codec-socks-4.1.79.Final.jar:/home/runner/.m2/repository/io/netty/netty-tcnative-boringssl-static/2.0.53.Final/netty-tcnative-boringssl-static-2.0.53.Final.jar:/home/runner/.m2/repository/io/netty/netty-tcnative-classes/2.0.53.Final/netty-tcnative-classes-2.0.53.Final.jar:/home/runner/.m2/repository/io/netty/netty-tcnative-boringssl-static/2.0.53.Final/netty-tcnative-boringssl-static-2.0.53.Final-linux-x86_64.jar:/home/runner/.m2/repository/io/netty/netty-tcnative-boringssl-static/2.0.53.Final/netty-tcnative-boringssl-static-2.0.53.Final-linux-aarch_64.jar:/home/runner/.m2/repository/io/netty/netty-tcnative-boringssl-static/2.0.53.Final/netty-tcnative-boringssl-static-2.0.53.Final-osx-x86_64.jar:/home/runner/.m2/repository/io/netty/netty-tcnative-boringssl-static/2.0.53.Final/netty-tcnative-boringssl-static-2.0.53.Final-osx-aarch_64.jar:/home/runner/.m2/repository/io/netty/netty-tcnative-boringssl-static/2.0.53.Final/netty-tcnative-boringssl-static-2.0.53.Final-windows-x86_64.jar:/home/runner/.m2/repository/org/apache/commons/commons-compress/1.21/commons-compress-1.21.jar:/home/runner/.m2/repository/org/apache/ozone/hdds-common/1.3.0-SNAPSHOT/hdds-common-1.3.0-SNAPSHOT.jar:/home/runner/.m2/repository/org/apache/ozone/hdds-client/1.3.0-SNAPSHOT/hdds-client-1.3.0-SNAPSHOT.jar:/home/runner/.m2/repository/org/apache/ozone/ozone-interface-client/1.3.0-SNAPSHOT/ozone-interface-client-1.3.0-SNAPSHOT.jar:/home/runner/.m2/repository/org/apache/ozone/hdds-test-utils/1.3.0-SNAPSHOT/hdds-test-utils-1.3.0-SNAPSHOT.jar:/home/runner/.m2/repository/com/google/guava/guava/31.1-jre/guava-31.1-jre.jar:/home/runner/.m2/repository/com/google/guava/failureaccess/1.0.1/failureaccess-1.0.1.jar:/home/runner/.m2/repository/com/google/guava/listenablefuture/9999.0-empty-to-avoid-conflict-with-guava/listenablefuture-9999.0-empty-to-avoid-conflict-with-guava.jar:/home/runner/.m2/repository/com/google/code/findbugs/jsr305/3.0.0/jsr305-3.0.0.jar:/home/runner/.m2/repository/org/checkerframework/checker-qual/3.12.0/checker-qual-3.12.0.jar:/home/runner/.m2/repository/com/google/j2objc/j2objc-annotations/1.3/j2objc-annotations-1.3.jar:/home/runner/.m2/repository/commons-io/commons-io/2.11.0/commons-io-2.11.0.jar:/home/runner/.m2/repository/commons-logging/commons-logging/1.2/commons-logging-1.2.jar:/home/runner/.m2/repository/ch/qos/reload4j/reload4j/1.2.22/reload4j-1.2.22.jar:/home/runner/.m2/repository/org/slf4j/slf4j-api/1.7.36/slf4j-api-1.7.36.jar:/home/runner/.m2/repository/org/apache/ozone/hdds-server-scm/1.3.0-SNAPSHOT/hdds-server-scm-1.3.0-SNAPSHOT.jar:/home/runner/.m2/repository/org/apache/ozone/hdds-container-service/1.3.0-SNAPSHOT/hdds-container-service-1.3.0-SNAPSHOT.jar:/home/runner/.m2/repository/org/apache/ozone/hdds-hadoop-dependency-server/1.3.0-SNAPSHOT/hdds-hadoop-dependency-server-1.3.0-SNAPSHOT.jar:/home/runner/.m2/repository/org/apache/hadoop/hadoop-hdfs/3.3.4/hadoop-hdfs-3.3.4.jar:/home/runner/.m2/repository/org/eclipse/jetty/jetty-util-ajax/9.4.49.v20220914/jetty-util-ajax-9.4.49.v20220914.jar:/home/runner/.m2/repository/commons-daemon/commons-daemon/1.0.13/commons-daemon-1.0.13.jar:/home/runner/.m2/repository/org/apache/ozone/hdds-server-framework/1.3.0-SNAPSHOT/hdds-server-framework-1.3.0-SNAPSHOT.jar:/home/runner/.m2/repository/org/apache/ozone/hdds-interface-server/1.3.0-SNAPSHOT/hdds-interface-server-1.3.0-SNAPSHOT.jar:/home/runner/.m2/repository/org/apache/commons/commons-configuration2/2.1.1/commons-configuration2-2.1.1.jar:/home/runner/.m2/repository/org/apache/logging/log4j/log4j-core/2.17.1/log4j-core-2.17.1.jar:/home/runner/.m2/repository/com/lmax/disruptor/3.4.2/disruptor-3.4.2.jar:/home/runner/.m2/repository/org/eclipse/jetty/jetty-servlet/9.4.49.v20220914/jetty-servlet-9.4.49.v20220914.jar:/home/runner/.m2/repository/org/eclipse/jetty/jetty-security/9.4.49.v20220914/jetty-security-9.4.49.v20220914.jar:/home/runner/.m2/repository/org/rocksdb/rocksdbjni/7.4.5/rocksdbjni-7.4.5.jar:/home/runner/.m2/repository/io/prometheus/simpleclient_dropwizard/0.7.0/simpleclient_dropwizard-0.7.0.jar:/home/runner/.m2/repository/io/prometheus/simpleclient/0.7.0/simpleclient-0.7.0.jar:/home/runner/.m2/repository/io/prometheus/simpleclient_common/0.7.0/simpleclient_common-0.7.0.jar:/home/runner/.m2/repository/com/github/spotbugs/spotbugs-annotations/3.1.12/spotbugs-annotations-3.1.12.jar:/home/runner/.m2/repository/io/dropwizard/metrics/metrics-core/3.2.4/metrics-core-3.2.4.jar:/home/runner/.m2/repository/org/apache/commons/commons-text/1.4/commons-text-1.4.jar:/home/runner/.m2/repository/org/apache/hadoop/hadoop-hdfs-client/3.3.4/hadoop-hdfs-client-3.3.4.jar:/home/runner/.m2/repository/com/squareup/okhttp3/okhttp/4.9.3/okhttp-4.9.3.jar:/home/runner/.m2/repository/com/squareup/okio/okio/2.8.0/okio-2.8.0.jar:/home/runner/.m2/repository/org/jetbrains/kotlin/kotlin-stdlib-common/1.4.10/kotlin-stdlib-common-1.4.10.jar:/home/runner/.m2/repository/org/bouncycastle/bcprov-jdk15on/1.67/bcprov-jdk15on-1.67.jar:/home/runner/.m2/repository/com/google/protobuf/protobuf-java/2.5.0/protobuf-java-2.5.0.jar:/home/runner/.m2/repository/org/apache/ozone/ozone-manager/1.3.0-SNAPSHOT/ozone-manager-1.3.0-SNAPSHOT.jar:/home/runner/.m2/repository/org/aspectj/aspectjrt/1.9.7/aspectjrt-1.9.7.jar:/home/runner/.m2/repository/org/aspectj/aspectjweaver/1.9.7/aspectjweaver-1.9.7.jar:/home/runner/.m2/repository/org/apache/ozone/hdds-interface-client/1.3.0-SNAPSHOT/hdds-interface-client-1.3.0-SNAPSHOT.jar:/home/runner/.m2/repository/org/apache/hadoop/thirdparty/hadoop-shaded-protobuf_3_7/1.1.1/hadoop-shaded-protobuf_3_7-1.1.1.jar:/home/runner/.m2/repository/org/apache/ozone/ozone-interface-storage/1.3.0-SNAPSHOT/ozone-interface-storage-1.3.0-SNAPSHOT.jar:/home/runner/.m2/repository/org/reflections/reflections/0.9.11/reflections-0.9.11.jar:/home/runner/.m2/repository/com/sun/jersey/jersey-client/1.19/jersey-client-1.19.jar:/home/runner/.m2/repository/org/apache/ranger/ranger-intg/2.3.0/ranger-intg-2.3.0.jar:/home/runner/.m2/repository/org/apache/ranger/ranger-plugins-common/2.3.0/ranger-plugins-common-2.3.0.jar:/home/runner/.m2/repository/commons-lang/commons-lang/2.6/commons-lang-2.6.jar:/home/runner/.m2/repository/org/codehaus/jackson/jackson-jaxrs/1.9.13/jackson-jaxrs-1.9.13.jar:/home/runner/.m2/repository/org/apache/ranger/ranger-plugins-cred/2.3.0/ranger-plugins-cred-2.3.0.jar:/home/runner/.m2/repository/org/apache/ranger/ranger-plugins-audit/2.3.0/ranger-plugins-audit-2.3.0.jar:/home/runner/.m2/repository/org/eclipse/jetty/jetty-client/9.4.31.v20200723/jetty-client-9.4.31.v20200723.jar:/home/runner/.m2/repository/org/apache/httpcomponents/httpmime/4.5.6/httpmime-4.5.6.jar:/home/runner/.m2/repository/org/apache/httpcomponents/httpcore-nio/4.4.6/httpcore-nio-4.4.6.jar:/home/runner/.m2/repository/org/apache/httpcomponents/httpasyncclient/4.1.3/httpasyncclient-4.1.3.jar:/home/runner/.m2/repository/com/carrotsearch/hppc/0.8.0/hppc-0.8.0.jar:/home/runner/.m2/repository/org/apache/orc/orc-core/1.5.8/orc-core-1.5.8.jar:/home/runner/.m2/repository/net/java/dev/jna/jna/5.2.0/jna-5.2.0.jar:/home/runner/.m2/repository/net/java/dev/jna/jna-platform/5.2.0/jna-platform-5.2.0.jar:/home/runner/.m2/repository/com/kstruct/gethostname4j/0.0.2/gethostname4j-0.0.2.jar:/home/runner/.m2/repository/org/apache/ranger/ranger-plugin-classloader/2.3.0/ranger-plugin-classloader-2.3.0.jar:/home/runner/.m2/repository/org/apache/hadoop/hadoop-minikdc/3.3.4/hadoop-minikdc-3.3.4.jar:/home/runner/.m2/repository/org/apache/kerby/kerb-simplekdc/1.0.1/kerb-simplekdc-1.0.1.jar:/home/runner/.m2/repository/org/apache/kerby/kerb-client/1.0.1/kerb-client-1.0.1.jar:/home/runner/.m2/repository/org/apache/kerby/kerby-config/1.0.1/kerby-config-1.0.1.jar:/home/runner/.m2/repository/org/apache/kerby/kerb-common/1.0.1/kerb-common-1.0.1.jar:/home/runner/.m2/repository/org/apache/kerby/kerb-crypto/1.0.1/kerb-crypto-1.0.1.jar:/home/runner/.m2/repository/org/apache/kerby/kerb-util/1.0.1/kerb-util-1.0.1.jar:/home/runner/.m2/repository/org/apache/kerby/token-provider/1.0.1/token-provider-1.0.1.jar:/home/runner/.m2/repository/org/apache/kerby/kerb-admin/1.0.1/kerb-admin-1.0.1.jar:/home/runner/.m2/repository/org/apache/kerby/kerb-server/1.0.1/kerb-server-1.0.1.jar:/home/runner/.m2/repository/org/apache/kerby/kerb-identity/1.0.1/kerb-identity-1.0.1.jar:/home/runner/.m2/repository/org/apache/kerby/kerby-xdr/1.0.1/kerby-xdr-1.0.1.jar:/home/runner/.m2/repository/org/apache/ozone/ozone-s3gateway/1.3.0-SNAPSHOT/ozone-s3gateway-1.3.0-SNAPSHOT.jar:/home/runner/.m2/repository/org/javassist/javassist/3.21.0-GA/javassist-3.21.0-GA.jar:/home/runner/.m2/repository/org/jboss/weld/servlet/weld-servlet/2.4.7.Final/weld-servlet-2.4.7.Final.jar:/home/runner/.m2/repository/org/glassfish/jersey/containers/jersey-container-servlet-core/2.34/jersey-container-servlet-core-2.34.jar:/home/runner/.m2/repository/org/glassfish/hk2/external/jakarta.inject/2.6.1/jakarta.inject-2.6.1.jar:/home/runner/.m2/repository/org/glassfish/jersey/core/jersey-common/2.34/jersey-common-2.34.jar:/home/runner/.m2/repository/jakarta/ws/rs/jakarta.ws.rs-api/2.1.6/jakarta.ws.rs-api-2.1.6.jar:/home/runner/.m2/repository/org/glassfish/jersey/ext/cdi/jersey-cdi1x/2.34/jersey-cdi1x-2.34.jar:/home/runner/.m2/repository/org/glassfish/jersey/inject/jersey-hk2/2.34/jersey-hk2-2.34.jar:/home/runner/.m2/repository/org/glassfish/hk2/hk2-locator/2.6.1/hk2-locator-2.6.1.jar:/home/runner/.m2/repository/org/glassfish/jersey/media/jersey-media-jaxb/2.34/jersey-media-jaxb-2.34.jar:/home/runner/.m2/repository/org/glassfish/hk2/osgi-resource-locator/1.0.3/osgi-resource-locator-1.0.3.jar:/home/runner/.m2/repository/org/glassfish/hk2/hk2-api/2.5.0/hk2-api-2.5.0.jar:/home/runner/.m2/repository/org/glassfish/hk2/hk2-utils/2.5.0/hk2-utils-2.5.0.jar:/home/runner/.m2/repository/org/glassfish/hk2/external/aopalliance-repackaged/2.5.0/aopalliance-repackaged-2.5.0.jar:/home/runner/.m2/repository/com/fasterxml/jackson/dataformat/jackson-dataformat-xml/2.13.4/jackson-dataformat-xml-2.13.4.jar:/home/runner/.m2/repository/com/fasterxml/jackson/core/jackson-core/2.13.4/jackson-core-2.13.4.jar:/home/runner/.m2/repository/org/codehaus/woodstox/stax2-api/3.1.4/stax2-api-3.1.4.jar:/home/runner/.m2/repository/com/fasterxml/woodstox/woodstox-core/5.4.0/woodstox-core-5.4.0.jar:/home/runner/.m2/repository/com/fasterxml/jackson/module/jackson-module-jaxb-annotations/2.13.4/jackson-module-jaxb-annotations-2.13.4.jar:/home/runner/.m2/repository/jakarta/xml/bind/jakarta.xml.bind-api/2.3.3/jakarta.xml.bind-api-2.3.3.jar:/home/runner/.m2/repository/jakarta/activation/jakarta.activation-api/1.2.1/jakarta.activation-api-1.2.1.jar:/home/runner/.m2/repository/javax/enterprise/cdi-api/1.2/cdi-api-1.2.jar:/home/runner/.m2/repository/javax/el/javax.el-api/3.0.0/javax.el-api-3.0.0.jar:/home/runner/.m2/repository/javax/interceptor/javax.interceptor-api/1.2/javax.interceptor-api-1.2.jar:/home/runner/.m2/repository/javax/inject/javax.inject/1/javax.inject-1.jar:/home/runner/.m2/repository/javax/xml/bind/jaxb-api/2.3.0/jaxb-api-2.3.0.jar:/home/runner/.m2/repository/org/glassfish/jaxb/jaxb-runtime/2.3.0.1/jaxb-runtime-2.3.0.1.jar:/home/runner/.m2/repository/org/glassfish/jaxb/jaxb-core/2.3.0.1/jaxb-core-2.3.0.1.jar:/home/runner/.m2/repository/org/glassfish/jaxb/txw2/2.3.0.1/txw2-2.3.0.1.jar:/home/runner/.m2/repository/com/sun/istack/istack-commons-runtime/3.0.5/istack-commons-runtime-3.0.5.jar:/home/runner/.m2/repository/org/jvnet/staxex/stax-ex/1.7.8/stax-ex-1.7.8.jar:/home/runner/.m2/repository/com/sun/xml/fastinfoset/FastInfoset/1.2.13/FastInfoset-1.2.13.jar:/home/runner/.m2/repository/javax/activation/activation/1.1.1/activation-1.1.1.jar:/home/runner/.m2/repository/io/grpc/grpc-protobuf/1.48.1/grpc-protobuf-1.48.1.jar:/home/runner/.m2/repository/io/grpc/grpc-api/1.48.1/grpc-api-1.48.1.jar:/home/runner/.m2/repository/io/grpc/grpc-context/1.48.1/grpc-context-1.48.1.jar:/home/runner/.m2/repository/com/google/api/grpc/proto-google-common-protos/2.9.0/proto-google-common-protos-2.9.0.jar:/home/runner/.m2/repository/io/grpc/grpc-protobuf-lite/1.48.1/grpc-protobuf-lite-1.48.1.jar:/home/runner/.m2/repository/io/grpc/grpc-stub/1.48.1/grpc-stub-1.48.1.jar:/home/runner/.m2/repository/io/netty/netty-transport/4.1.79.Final/netty-transport-4.1.79.Final.jar:/home/runner/.m2/repository/io/netty/netty-resolver/4.1.79.Final/netty-resolver-4.1.79.Final.jar:/home/runner/.m2/repository/org/apache/ozone/ozone-csi/1.3.0-SNAPSHOT/ozone-csi-1.3.0-SNAPSHOT.jar:/home/runner/.m2/repository/com/google/protobuf/protobuf-java-util/3.19.2/protobuf-java-util-3.19.2.jar:/home/runner/.m2/repository/com/google/code/gson/gson/2.9.0/gson-2.9.0.jar:/home/runner/.m2/repository/org/apache/ozone/hdds-config/1.3.0-SNAPSHOT/hdds-config-1.3.0-SNAPSHOT.jar:/home/runner/.m2/repository/io/netty/netty-transport-native-epoll/4.1.79.Final/netty-transport-native-epoll-4.1.79.Final-linux-x86_64.jar:/home/runner/.m2/repository/io/netty/netty-transport-classes-epoll/4.1.79.Final/netty-transport-classes-epoll-4.1.79.Final.jar:/home/runner/.m2/repository/io/netty/netty-transport-native-unix-common/4.1.79.Final/netty-transport-native-unix-common-4.1.79.Final.jar:/home/runner/.m2/repository/org/slf4j/slf4j-reload4j/1.7.36/slf4j-reload4j-1.7.36.jar:/home/runner/.m2/repository/org/apache/ozone/ozone-recon/1.3.0-SNAPSHOT/ozone-recon-1.3.0-SNAPSHOT.jar:/home/runner/.m2/repository/org/apache/ozone/ozone-reconcodegen/1.3.0-SNAPSHOT/ozone-reconcodegen-1.3.0-SNAPSHOT.jar:/home/runner/.m2/repository/com/google/inject/extensions/guice-multibindings/4.0/guice-multibindings-4.0.jar:/home/runner/.m2/repository/com/google/inject/guice/4.0/guice-4.0.jar:/home/runner/.m2/repository/aopalliance/aopalliance/1.0/aopalliance-1.0.jar:/home/runner/.m2/repository/com/google/inject/extensions/guice-assistedinject/4.0/guice-assistedinject-4.0.jar:/home/runner/.m2/repository/com/google/inject/extensions/guice-servlet/4.0/guice-servlet-4.0.jar:/home/runner/.m2/repository/org/glassfish/jersey/containers/jersey-container-servlet/2.34/jersey-container-servlet-2.34.jar:/home/runner/.m2/repository/org/glassfish/hk2/guice-bridge/2.5.0/guice-bridge-2.5.0.jar:/home/runner/.m2/repository/org/glassfish/jersey/core/jersey-server/2.34/jersey-server-2.34.jar:/home/runner/.m2/repository/org/glassfish/jersey/core/jersey-client/2.34/jersey-client-2.34.jar:/home/runner/.m2/repository/jakarta/annotation/jakarta.annotation-api/1.3.5/jakarta.annotation-api-1.3.5.jar:/home/runner/.m2/repository/jakarta/validation/jakarta.validation-api/2.0.2/jakarta.validation-api-2.0.2.jar:/home/runner/.m2/repository/org/glassfish/jersey/media/jersey-media-json-jackson/2.34/jersey-media-json-jackson-2.34.jar:/home/runner/.m2/repository/org/glassfish/jersey/ext/jersey-entity-filtering/2.34/jersey-entity-filtering-2.34.jar:/home/runner/.m2/repository/org/jooq/jooq/3.11.10/jooq-3.11.10.jar:/home/runner/.m2/repository/org/jooq/jooq-meta/3.11.10/jooq-meta-3.11.10.jar:/home/runner/.m2/repository/org/jooq/jooq-codegen/3.11.10/jooq-codegen-3.11.10.jar:/home/runner/.m2/repository/com/jolbox/bonecp/0.8.0.RELEASE/bonecp-0.8.0.RELEASE.jar:/home/runner/.m2/repository/org/apache/derby/derby/10.14.2.0/derby-10.14.2.0.jar:/home/runner/.m2/repository/org/xerial/sqlite-jdbc/3.25.2/sqlite-jdbc-3.25.2.jar:/home/runner/.m2/repository/org/springframework/spring-jdbc/5.3.23/spring-jdbc-5.3.23.jar:/home/runner/.m2/repository/org/springframework/spring-beans/5.3.23/spring-beans-5.3.23.jar:/home/runner/.m2/repository/org/springframework/spring-core/5.3.23/spring-core-5.3.23.jar:/home/runner/.m2/repository/org/springframework/spring-jcl/5.3.23/spring-jcl-5.3.23.jar:/home/runner/.m2/repository/org/springframework/spring-tx/5.3.23/spring-tx-5.3.23.jar:/home/runner/.m2/repository/org/apache/ozone/ozone-client/1.3.0-SNAPSHOT/ozone-client-1.3.0-SNAPSHOT.jar:/home/runner/.m2/repository/org/apache/ozone/hdds-erasurecode/1.3.0-SNAPSHOT/hdds-erasurecode-1.3.0-SNAPSHOT.jar:/home/runner/.m2/repository/org/apache/ozone/ozone-filesystem/1.3.0-SNAPSHOT/ozone-filesystem-1.3.0-SNAPSHOT.jar:/home/runner/.m2/repository/org/apache/ozone/ozone-filesystem-common/1.3.0-SNAPSHOT/ozone-filesystem-common-1.3.0-SNAPSHOT.jar:/home/runner/.m2/repository/org/apache/ozone/ozone-tools/1.3.0-SNAPSHOT/ozone-tools-1.3.0-SNAPSHOT.jar:/home/runner/.m2/repository/org/apache/ratis/ratis-tools/2.4.0/ratis-tools-2.4.0.jar:/home/runner/.m2/repository/com/amazonaws/aws-java-sdk-core/1.12.261/aws-java-sdk-core-1.12.261.jar:/home/runner/.m2/repository/org/apache/httpcomponents/httpclient/4.5.13/httpclient-4.5.13.jar:/home/runner/.m2/repository/org/apache/httpcomponents/httpcore/4.4.13/httpcore-4.4.13.jar:/home/runner/.m2/repository/software/amazon/ion/ion-java/1.0.2/ion-java-1.0.2.jar:/home/runner/.m2/repository/com/fasterxml/jackson/dataformat/jackson-dataformat-cbor/2.13.4/jackson-dataformat-cbor-2.13.4.jar:/home/runner/.m2/repository/joda-time/joda-time/2.8.1/joda-time-2.8.1.jar:/home/runner/.m2/repository/com/amazonaws/aws-java-sdk-s3/1.12.261/aws-java-sdk-s3-1.12.261.jar:/home/runner/.m2/repository/com/amazonaws/aws-java-sdk-kms/1.12.261/aws-java-sdk-kms-1.12.261.jar:/home/runner/.m2/repository/com/amazonaws/jmespath-java/1.12.261/jmespath-java-1.12.261.jar:/home/runner/.m2/repository/org/kohsuke/metainf-services/metainf-services/1.8/metainf-services-1.8.jar:/home/runner/.m2/repository/org/apache/ozone/hdds-tools/1.3.0-SNAPSHOT/hdds-tools-1.3.0-SNAPSHOT.jar:/home/runner/.m2/repository/commons-cli/commons-cli/1.2/commons-cli-1.2.jar:/home/runner/.m2/repository/org/apache/commons/commons-lang3/3.7/commons-lang3-3.7.jar:/home/runner/.m2/repository/org/apache/ozone/ozone-manager/1.3.0-SNAPSHOT/ozone-manager-1.3.0-SNAPSHOT-tests.jar:/home/runner/.m2/repository/org/apache/ozone/hdds-common/1.3.0-SNAPSHOT/hdds-common-1.3.0-SNAPSHOT-tests.jar:/home/runner/.m2/repository/org/apache/ozone/hdds-hadoop-dependency-client/1.3.0-SNAPSHOT/hdds-hadoop-dependency-client-1.3.0-SNAPSHOT.jar:/home/runner/.m2/repository/info/picocli/picocli/4.6.1/picocli-4.6.1.jar:/home/runner/.m2/repository/com/fasterxml/jackson/core/jackson-annotations/2.13.4/jackson-annotations-2.13.4.jar:/home/runner/.m2/repository/com/fasterxml/jackson/datatype/jackson-datatype-jsr310/2.13.4/jackson-datatype-jsr310-2.13.4.jar:/home/runner/.m2/repository/org/apache/ozone/hdds-annotation-processing/1.3.0-SNAPSHOT/hdds-annotation-processing-1.3.0-SNAPSHOT.jar:/home/runner/.m2/repository/javax/annotation/javax.annotation-api/1.2/javax.annotation-api-1.2.jar:/home/runner/.m2/repository/org/apache/ratis/ratis-server/2.4.0/ratis-server-2.4.0.jar:/home/runner/.m2/repository/org/apache/ratis/ratis-client/2.4.0/ratis-client-2.4.0.jar:/home/runner/.m2/repository/org/apache/ratis/ratis-server-api/2.4.0/ratis-server-api-2.4.0.jar:/home/runner/.m2/repository/org/apache/ratis/ratis-metrics/2.4.0/ratis-metrics-2.4.0.jar:/home/runner/.m2/repository/org/apache/ratis/ratis-netty/2.4.0/ratis-netty-2.4.0.jar:/home/runner/.m2/repository/org/apache/ratis/ratis-grpc/2.4.0/ratis-grpc-2.4.0.jar:/home/runner/.m2/repository/org/apache/logging/log4j/log4j-api/2.17.1/log4j-api-2.17.1.jar:/home/runner/.m2/repository/org/apache/commons/commons-pool2/2.6.0/commons-pool2-2.6.0.jar:/home/runner/.m2/repository/org/bouncycastle/bcpkix-jdk15on/1.67/bcpkix-jdk15on-1.67.jar:/home/runner/.m2/repository/commons-validator/commons-validator/1.6/commons-validator-1.6.jar:/home/runner/.m2/repository/commons-beanutils/commons-beanutils/1.9.4/commons-beanutils-1.9.4.jar:/home/runner/.m2/repository/commons-digester/commons-digester/1.8.1/commons-digester-1.8.1.jar:/home/runner/.m2/repository/commons-collections/commons-collections/3.2.2/commons-collections-3.2.2.jar:/home/runner/.m2/repository/io/jaegertracing/jaeger-client/1.6.0/jaeger-client-1.6.0.jar:/home/runner/.m2/repository/io/jaegertracing/jaeger-thrift/1.6.0/jaeger-thrift-1.6.0.jar:/home/runner/.m2/repository/org/apache/thrift/libthrift/0.14.1/libthrift-0.14.1.jar:/home/runner/.m2/repository/io/jaegertracing/jaeger-core/1.6.0/jaeger-core-1.6.0.jar:/home/runner/.m2/repository/io/jaegertracing/jaeger-tracerresolver/1.6.0/jaeger-tracerresolver-1.6.0.jar:/home/runner/.m2/repository/io/opentracing/contrib/opentracing-tracerresolver/0.1.8/opentracing-tracerresolver-0.1.8.jar:/home/runner/.m2/repository/org/jetbrains/kotlin/kotlin-stdlib/1.6.21/kotlin-stdlib-1.6.21.jar:/home/runner/.m2/repository/org/jetbrains/annotations/13.0/annotations-13.0.jar:/home/runner/.m2/repository/io/opentracing/opentracing-util/0.33.0/opentracing-util-0.33.0.jar:/home/runner/.m2/repository/io/opentracing/opentracing-api/0.33.0/opentracing-api-0.33.0.jar:/home/runner/.m2/repository/io/opentracing/opentracing-noop/0.33.0/opentracing-noop-0.33.0.jar:/home/runner/.m2/repository/org/yaml/snakeyaml/1.32/snakeyaml-1.32.jar:/home/runner/.m2/repository/org/apache/ozone/hdds-interface-admin/1.3.0-SNAPSHOT/hdds-interface-admin-1.3.0-SNAPSHOT.jar:/home/runner/.m2/repository/junit/junit/4.13.1/junit-4.13.1.jar:/home/runner/.m2/repository/org/hamcrest/hamcrest-core/1.3/hamcrest-core-1.3.jar:/home/runner/.m2/repository/org/junit/jupiter/junit-jupiter-api/5.8.2/junit-jupiter-api-5.8.2.jar:/home/runner/.m2/repository/org/opentest4j/opentest4j/1.2.0/opentest4j-1.2.0.jar:/home/runner/.m2/repository/org/junit/platform/junit-platform-commons/1.8.2/junit-platform-commons-1.8.2.jar:/home/runner/.m2/repository/org/apiguardian/apiguardian-api/1.1.2/apiguardian-api-1.1.2.jar:/home/runner/.m2/repository/org/junit/jupiter/junit-jupiter-params/5.8.2/junit-jupiter-params-5.8.2.jar:/home/runner/.m2/repository/org/junit/jupiter/junit-jupiter-migrationsupport/5.8.2/junit-jupiter-migrationsupport-5.8.2.jar:/home/runner/.m2/repository/org/junit/jupiter/junit-jupiter-engine/5.8.2/junit-jupiter-engine-5.8.2.jar:/home/runner/.m2/repository/org/junit/platform/junit-platform-engine/1.8.2/junit-platform-engine-1.8.2.jar:/home/runner/.m2/repository/org/junit/vintage/junit-vintage-engine/5.8.2/junit-vintage-engine-5.8.2.jar:/home/runner/.m2/repository/org/junit/platform/junit-platform-launcher/1.8.2/junit-platform-launcher-1.8.2.jar:/home/runner/.m2/repository/org/mockito/mockito-core/2.28.2/mockito-core-2.28.2.jar:/home/runner/.m2/repository/net/bytebuddy/byte-buddy/1.9.10/byte-buddy-1.9.10.jar:/home/runner/.m2/repository/net/bytebuddy/byte-buddy-agent/1.9.10/byte-buddy-agent-1.9.10.jar:/home/runner/.m2/repository/org/objenesis/objenesis/1.0/objenesis-1.0.jar:/home/runner/.m2/repository/org/apache/hadoop/hadoop-kms/3.3.4/hadoop-kms-3.3.4.jar:/home/runner/.m2/repository/org/apache/hadoop/hadoop-auth/3.3.4/hadoop-auth-3.3.4.jar:/home/runner/.m2/repository/com/nimbusds/nimbus-jose-jwt/7.9/nimbus-jose-jwt-7.9.jar:/home/runner/.m2/repository/com/github/stephenc/jcip/jcip-annotations/1.0-1/jcip-annotations-1.0-1.jar:/home/runner/.m2/repository/net/minidev/json-smart/2.4.7/json-smart-2.4.7.jar:/home/runner/.m2/repository/net/minidev/accessors-smart/2.4.7/accessors-smart-2.4.7.jar:/home/runner/.m2/repository/org/ow2/asm/asm/5.0.4/asm-5.0.4.jar:/home/runner/.m2/repository/org/apache/zookeeper/zookeeper/3.5.6/zookeeper-3.5.6.jar:/home/runner/.m2/repository/org/apache/zookeeper/zookeeper-jute/3.5.6/zookeeper-jute-3.5.6.jar:/home/runner/.m2/repository/org/apache/yetus/audience-annotations/0.5.0/audience-annotations-0.5.0.jar:/home/runner/.m2/repository/org/apache/curator/curator-framework/4.2.0/curator-framework-4.2.0.jar:/home/runner/.m2/repository/org/apache/hadoop/thirdparty/hadoop-shaded-guava/1.1.1/hadoop-shaded-guava-1.1.1.jar:/home/runner/.m2/repository/com/sun/jersey/jersey-core/1.19/jersey-core-1.19.jar:/home/runner/.m2/repository/javax/ws/rs/jsr311-api/1.1.1/jsr311-api-1.1.1.jar:/home/runner/.m2/repository/com/sun/jersey/jersey-server/1.19/jersey-server-1.19.jar:/home/runner/.m2/repository/javax/servlet/javax.servlet-api/3.1.0/javax.servlet-api-3.1.0.jar:/home/runner/.m2/repository/org/eclipse/jetty/jetty-server/9.4.49.v20220914/jetty-server-9.4.49.v20220914.jar:/home/runner/.m2/repository/org/eclipse/jetty/jetty-http/9.4.49.v20220914/jetty-http-9.4.49.v20220914.jar:/home/runner/.m2/repository/org/eclipse/jetty/jetty-io/9.4.49.v20220914/jetty-io-9.4.49.v20220914.jar:/home/runner/.m2/repository/org/eclipse/jetty/jetty-webapp/9.4.49.v20220914/jetty-webapp-9.4.49.v20220914.jar:/home/runner/.m2/repository/org/eclipse/jetty/jetty-xml/9.4.49.v20220914/jetty-xml-9.4.49.v20220914.jar:/home/runner/.m2/repository/org/apache/hadoop/hadoop-common/3.3.4/hadoop-common-3.3.4.jar:/home/runner/.m2/repository/org/apache/commons/commons-math3/3.1.1/commons-math3-3.1.1.jar:/home/runner/.m2/repository/commons-net/commons-net/3.6/commons-net-3.6.jar:/home/runner/.m2/repository/com/sun/jersey/jersey-servlet/1.19/jersey-servlet-1.19.jar:/home/runner/.m2/repository/com/sun/jersey/jersey-json/1.19/jersey-json-1.19.jar:/home/runner/.m2/repository/org/codehaus/jettison/jettison/1.1/jettison-1.1.jar:/home/runner/.m2/repository/com/sun/xml/bind/jaxb-impl/2.2.3-1/jaxb-impl-2.2.3-1.jar:/home/runner/.m2/repository/org/codehaus/jackson/jackson-xc/1.9.2/jackson-xc-1.9.2.jar:/home/runner/.m2/repository/com/google/re2j/re2j/1.1/re2j-1.1.jar:/home/runner/.m2/repository/com/jcraft/jsch/0.1.54/jsch-0.1.54.jar:/home/runner/.m2/repository/org/apache/curator/curator-client/4.2.0/curator-client-4.2.0.jar:/home/runner/.m2/repository/org/apache/curator/curator-recipes/4.2.0/curator-recipes-4.2.0.jar:/home/runner/.m2/repository/org/apache/kerby/kerb-core/1.0.1/kerb-core-1.0.1.jar:/home/runner/.m2/repository/org/apache/kerby/kerby-pkix/1.0.1/kerby-pkix-1.0.1.jar:/home/runner/.m2/repository/org/apache/kerby/kerby-asn1/1.0.1/kerby-asn1-1.0.1.jar:/home/runner/.m2/repository/org/apache/kerby/kerby-util/1.0.1/kerby-util-1.0.1.jar:/home/runner/.m2/repository/dnsjava/dnsjava/2.1.7/dnsjava-2.1.7.jar:/home/runner/.m2/repository/org/xerial/snappy/snappy-java/1.1.8.2/snappy-java-1.1.8.2.jar:/home/runner/.m2/repository/org/eclipse/jetty/jetty-util/9.4.49.v20220914/jetty-util-9.4.49.v20220914.jar:/home/runner/.m2/repository/com/fasterxml/jackson/core/jackson-databind/2.13.4.2/jackson-databind-2.13.4.2.jar:/home/runner/.m2/repository/org/apache/hadoop/hadoop-kms/3.3.4/hadoop-kms-3.3.4-tests.jar:/home/runner/.m2/repository/org/apache/ozone/hdds-server-scm/1.3.0-SNAPSHOT/hdds-server-scm-1.3.0-SNAPSHOT-tests.jar:/home/runner/.m2/repository/org/apache/ozone/hdds-container-service/1.3.0-SNAPSHOT/hdds-container-service-1.3.0-SNAPSHOT-tests.jar:/home/runner/.m2/repository/commons-codec/commons-codec/1.11/commons-codec-1.11.jar:/home/runner/.m2/repository/io/netty/netty-codec/4.1.79.Final/netty-codec-4.1.79.Final.jar:/home/runner/.m2/repository/io/netty/netty-handler/4.1.79.Final/netty-handler-4.1.79.Final.jar:/home/runner/.m2/repository/org/apache/ozone/hdds-hadoop-dependency-test/1.3.0-SNAPSHOT/hdds-hadoop-dependency-test-1.3.0-SNAPSHOT.jar:/home/runner/.m2/repository/org/apache/hadoop/hadoop-common/3.3.4/hadoop-common-3.3.4-tests.jar:/home/runner/.m2/repository/org/apache/hadoop/hadoop-hdfs/3.3.4/hadoop-hdfs-3.3.4-tests.jar:/home/runner/.m2/repository/org/assertj/assertj-core/3.12.2/assertj-core-3.12.2.jar:/home/runner/.m2/repository/org/apache/hadoop/hadoop-distcp/3.3.4/hadoop-distcp-3.3.4.jar:/home/runner/.m2/repository/org/apache/hadoop/hadoop-mapreduce-client-jobclient/3.3.4/hadoop-mapreduce-client-jobclient-3.3.4.jar:/home/runner/.m2/repository/org/apache/hadoop/hadoop-mapreduce-client-common/3.3.4/hadoop-mapreduce-client-common-3.3.4.jar:/home/runner/.m2/repository/org/apache/hadoop/hadoop-yarn-common/3.3.4/hadoop-yarn-common-3.3.4.jar:/home/runner/.m2/repository/org/apache/hadoop/hadoop-yarn-api/3.3.4/hadoop-yarn-api-3.3.4.jar:/home/runner/.m2/repository/com/sun/jersey/contribs/jersey-guice/1.19/jersey-guice-1.19.jar:/home/runner/.m2/repository/com/fasterxml/jackson/jaxrs/jackson-jaxrs-json-provider/2.13.4/jackson-jaxrs-json-provider-2.13.4.jar:/home/runner/.m2/repository/com/fasterxml/jackson/jaxrs/jackson-jaxrs-base/2.13.4/jackson-jaxrs-base-2.13.4.jar:/home/runner/.m2/repository/org/apache/hadoop/hadoop-yarn-client/3.3.4/hadoop-yarn-client-3.3.4.jar:/home/runner/.m2/repository/org/eclipse/jetty/websocket/websocket-client/9.4.43.v20210629/websocket-client-9.4.43.v20210629.jar:/home/runner/.m2/repository/org/eclipse/jetty/websocket/websocket-common/9.4.43.v20210629/websocket-common-9.4.43.v20210629.jar:/home/runner/.m2/repository/org/eclipse/jetty/websocket/websocket-api/9.4.43.v20210629/websocket-api-9.4.43.v20210629.jar:/home/runner/.m2/repository/org/jline/jline/3.9.0/jline-3.9.0.jar:/home/runner/.m2/repository/org/apache/hadoop/hadoop-mapreduce-client-core/3.3.4/hadoop-mapreduce-client-core-3.3.4.jar:/home/runner/.m2/repository/org/apache/avro/avro/1.7.7/avro-1.7.7.jar:/home/runner/.m2/repository/org/codehaus/jackson/jackson-core-asl/1.9.13/jackson-core-asl-1.9.13.jar:/home/runner/.m2/repository/org/codehaus/jackson/jackson-mapper-asl/1.9.13/jackson-mapper-asl-1.9.13.jar:/home/runner/.m2/repository/com/thoughtworks/paranamer/paranamer/2.3/paranamer-2.3.jar:/home/runner/.m2/repository/org/apache/hadoop/hadoop-annotations/3.3.4/hadoop-annotations-3.3.4.jar:/usr/lib/jvm/temurin-8-jdk-amd64/jre/../lib/tools.jar:/home/runner/.m2/repository/io/netty/netty/3.10.6.Final/netty-3.10.6.Final.jar:/home/runner/.m2/repository/org/apache/hadoop/hadoop-distcp/3.3.4/hadoop-distcp-3.3.4-tests.jar:/home/runner/.m2/repository/org/slf4j/jul-to-slf4j/1.7.36/jul-to-slf4j-1.7.36.jar:/home/runner/.m2/repository/org/apache/ratis/ratis-common/2.4.0/ratis-common-2.4.0.jar:/home/runner/.m2/repository/org/apache/ratis/ratis-thirdparty-misc/1.0.2/ratis-thirdparty-misc-1.0.2.jar:/home/runner/.m2/repository/org/apache/ratis/ratis-proto/2.4.0/ratis-proto-2.4.0.jar:"/>
    <property name="sun.cpu.endian" value="little"/>
    <property name="user.home" value="/home/runner"/>
    <property name="user.language" value="en"/>
    <property name="java.specification.vendor" value="Oracle Corporation"/>
    <property name="java.home" value="/usr/lib/jvm/temurin-8-jdk-amd64/jre"/>
    <property name="java.security.krb5.conf" value="/home/runner/work/ozone/ozone/hadoop-ozone/integration-test/target/test-classes/krb5.conf"/>
    <property name="basedir" value="/home/runner/work/ozone/ozone/hadoop-ozone/integration-test"/>
    <property name="file.separator" value="/"/>
    <property name="line.separator" value="&#10;"/>
    <property name="java.vm.specification.vendor" value="Oracle Corporation"/>
    <property name="java.specification.name" value="Java Platform API Specification"/>
    <property name="java.awt.graphicsenv" value="sun.awt.X11GraphicsEnvironment"/>
    <property name="skip.installnpx" value="true"/>
    <property name="surefire.real.class.path" value="/home/runner/work/ozone/ozone/hadoop-ozone/integration-test/target/surefire/surefirebooter8718225303014158023.jar:/home/runner/.m2/repository/org/jacoco/org.jacoco.agent/0.8.5/org.jacoco.agent-0.8.5-runtime.jar"/>
    <property name="hadoop.log.dir" value="/home/runner/work/ozone/ozone/hadoop-ozone/integration-test/target/log"/>
    <property name="sun.boot.class.path" value="/usr/lib/jvm/temurin-8-jdk-amd64/jre/lib/resources.jar:/usr/lib/jvm/temurin-8-jdk-amd64/jre/lib/rt.jar:/usr/lib/jvm/temurin-8-jdk-amd64/jre/lib/sunrsasign.jar:/usr/lib/jvm/temurin-8-jdk-amd64/jre/lib/jsse.jar:/usr/lib/jvm/temurin-8-jdk-amd64/jre/lib/jce.jar:/usr/lib/jvm/temurin-8-jdk-amd64/jre/lib/charsets.jar:/usr/lib/jvm/temurin-8-jdk-amd64/jre/lib/jfr.jar:/usr/lib/jvm/temurin-8-jdk-amd64/jre/classes"/>
    <property name="sun.management.compiler" value="HotSpot 64-Bit Tiered Compilers"/>
    <property name="skip.npx" value="true"/>
    <property name="java.runtime.version" value="1.8.0_345-b01"/>
    <property name="java.net.preferIPv4Stack" value="true"/>
    <property name="user.name" value="runner"/>
    <property name="path.separator" value=":"/>
    <property name="java.security.egd" value="file:///dev/urandom"/>
    <property name="os.version" value="5.15.0-1022-azure"/>
    <property name="java.endorsed.dirs" value="/usr/lib/jvm/temurin-8-jdk-amd64/jre/lib/endorsed"/>
    <property name="java.runtime.name" value="OpenJDK Runtime Environment"/>
    <property name="file.encoding" value="UTF-8"/>
    <property name="java.vm.name" value="OpenJDK 64-Bit Server VM"/>
    <property name="test.build.webapps" value=""/>
    <property name="localRepository" value="/home/runner/.m2/repository"/>
    <property name="jetty.git.hash" value="4231a3b2e4cb8548a412a789936d640a97b1aa0a"/>
    <property name="java.vendor.url.bug" value="https://github.com/adoptium/adoptium-support/issues"/>
    <property name="java.io.tmpdir" value="/tmp"/>
    <property name="require.test.libhadoop" value=""/>
    <property name="java.version" value="1.8.0_345"/>
    <property name="user.dir" value="/home/runner/work/ozone/ozone/hadoop-ozone/integration-test"/>
    <property name="os.arch" value="amd64"/>
    <property name="java.vm.specification.name" value="Java Virtual Machine Specification"/>
    <property name="test.build.classes" value="/home/runner/work/ozone/ozone/hadoop-ozone/integration-test/target/test-classes"/>
    <property name="java.awt.printerjob" value="sun.print.PSPrinterJob"/>
    <property name="sun.os.patch.level" value="unknown"/>
    <property name="org.apache.ratis.thirdparty.io.netty.allocator.useCacheForAllThreads" value="false"/>
    <property name="hadoop.tmp.dir" value="/home/runner/work/ozone/ozone/hadoop-ozone/integration-test/target/tmp"/>
    <property name="java.library.path" value="/usr/java/packages/lib/amd64:/usr/lib64:/lib64:/lib:/usr/lib"/>
    <property name="java.vm.info" value="mixed mode"/>
    <property name="java.vendor" value="Temurin"/>
    <property name="java.vm.version" value="25.345-b01"/>
    <property name="java.ext.dirs" value="/usr/lib/jvm/temurin-8-jdk-amd64/jre/lib/ext:/usr/java/packages/lib/ext"/>
    <property name="sun.io.unicode.encoding" value="UnicodeLittle"/>
    <property name="java.class.version" value="52.0"/>
  </properties>
  <testcase name="testMultiPartCompleteUpload" classname="org.apache.hadoop.ozone.om.TestObjectStoreWithLegacyFS" time="1.833">
    <system-out><![CDATA[2022-11-04 13:01:56,698 [main] WARN  server.ServerUtils (ServerUtils.java:getScmDbDir(148)) - ozone.scm.db.dirs is not configured. We recommend adding this setting. Falling back to ozone.metadata.dirs instead.
2022-11-04 13:01:56,857 [main] WARN  server.ServerUtils (ServerUtils.java:getScmDbDir(148)) - ozone.scm.db.dirs is not configured. We recommend adding this setting. Falling back to ozone.metadata.dirs instead.
2022-11-04 13:01:56,863 [main] INFO  ha.SCMHANodeDetails (SCMHANodeDetails.java:loadSCMHAConfig(209)) - ServiceID for StorageContainerManager is null
2022-11-04 13:01:56,878 [main] WARN  ha.SCMHANodeDetails (SCMHANodeDetails.java:validateSCMHAConfig(182)) - Invalid config ozone.scm.ratis.enable. The config was not specified, but the default value true conflicts with the expected config value false. Falling back to the expected value. Current State of SCM: SCM is running in Non-HA without Ratis Ratis SCM -> Non Ratis SCM or Non HA SCM -> HA SCM is not supported
2022-11-04 13:01:56,879 [main] INFO  ha.SCMHANodeDetails (SCMHANodeDetails.java:loadSCMHAConfig(214)) - ozone.scm.default.service.id is not defined, falling back to ozone.scm.service.ids to find serviceID for StorageContainerManager if it is HA enabled cluster
2022-11-04 13:01:57,483 [main] WARN  utils.HAUtils (HAUtils.java:getMetaDir(342)) - ozone.scm.db.dirs is not configured. We recommend adding this setting. Falling back to ozone.metadata.dirs instead.
2022-11-04 13:01:57,633 [main] WARN  db.DBStoreBuilder (DBStoreBuilder.java:applyDBDefinition(144)) - ozone.scm.db.dirs is not configured. We recommend adding this setting. Falling back to ozone.metadata.dirs instead.
2022-11-04 13:01:57,961 [main] INFO  net.NodeSchemaLoader (NodeSchemaLoader.java:loadSchemaFromFile(129)) - Loading schema from [jar:file:/home/runner/.m2/repository/org/apache/ozone/hdds-common/1.3.0-SNAPSHOT/hdds-common-1.3.0-SNAPSHOT.jar!/network-topology-default.xml]
2022-11-04 13:01:57,963 [main] INFO  net.NodeSchemaLoader (NodeSchemaLoader.java:loadSchema(176)) - Loading network topology layer schema file
2022-11-04 13:01:58,007 [main] INFO  metrics.MetricRegistries (MetricRegistriesLoader.java:load(64)) - Loaded MetricRegistries class org.apache.ratis.metrics.impl.MetricRegistriesImpl
2022-11-04 13:01:58,013 [main] INFO  upgrade.AbstractLayoutVersionManager (AbstractLayoutVersionManager.java:init(83)) - Initializing Layout version manager with metadata layout = DATANODE_SCHEMA_V3 (version = 4), software layout = DATANODE_SCHEMA_V3 (version = 4)
2022-11-04 13:01:58,218 [main] INFO  reflections.Reflections (Reflections.java:scan(232)) - Reflections took 132 ms to scan 7 urls, producing 139 keys and 336 values 
2022-11-04 13:01:58,321 [main] INFO  ha.SequenceIdGenerator (SequenceIdGenerator.java:upgradeToSequenceId(349)) - upgrade localId to 109611004723200000
2022-11-04 13:01:58,321 [main] INFO  ha.SequenceIdGenerator (SequenceIdGenerator.java:upgradeToSequenceId(359)) - upgrade delTxnId to 0
2022-11-04 13:01:58,325 [main] INFO  ha.SequenceIdGenerator (SequenceIdGenerator.java:upgradeToSequenceId(376)) - upgrade containerId to 0
2022-11-04 13:01:58,327 [main] INFO  ha.SequenceIdGenerator (SequenceIdGenerator.java:<init>(220)) - Init the HA SequenceIdGenerator.
2022-11-04 13:01:58,369 [main] WARN  server.ServerUtils (ServerUtils.java:sanitizeUserArgs(73)) - ozone.scm.stale.node.interval value = 300000 is larger than max = 100000 based on the key value of ozone.scm.heartbeat.thread.interval, reset to the max value 100000.
2022-11-04 13:01:58,369 [main] WARN  server.ServerUtils (ServerUtils.java:sanitizeUserArgs(73)) - ozone.scm.stale.node.interval value = 300000 is larger than max = 100000 based on the key value of ozone.scm.heartbeat.thread.interval, reset to the max value 100000.
2022-11-04 13:01:58,376 [main] INFO  node.SCMNodeManager (SCMNodeManager.java:<init>(149)) - Entering startup safe mode.
2022-11-04 13:01:58,443 [main] INFO  algorithms.ContainerPlacementPolicyFactory (ContainerPlacementPolicyFactory.java:getPolicyInternal(86)) - Create container placement policy of type org.apache.hadoop.hdds.scm.container.placement.algorithms.SCMContainerPlacementRandom
2022-11-04 13:01:58,446 [main] INFO  algorithms.ContainerPlacementPolicyFactory (ContainerPlacementPolicyFactory.java:getPolicyInternal(86)) - Create container placement policy of type org.apache.hadoop.hdds.scm.container.placement.algorithms.SCMContainerPlacementRackScatter
2022-11-04 13:01:58,456 [main] INFO  pipeline.PipelineStateManagerImpl (PipelineStateManagerImpl.java:initialize(78)) - No pipeline exists in current db
2022-11-04 13:01:58,511 [main] INFO  algorithms.LeaderChoosePolicyFactory (LeaderChoosePolicyFactory.java:getPolicy(57)) - Create leader choose policy of type org.apache.hadoop.hdds.scm.pipeline.leader.choose.algorithms.MinLeaderCountChoosePolicy
2022-11-04 13:01:58,511 [main] INFO  algorithms.ContainerPlacementPolicyFactory (ContainerPlacementPolicyFactory.java:getPolicyInternal(86)) - Create container placement policy of type org.apache.hadoop.hdds.scm.container.placement.algorithms.SCMContainerPlacementRackScatter
2022-11-04 13:01:58,520 [main] INFO  ha.SCMServiceManager (SCMServiceManager.java:register(42)) - Registering service BackgroundPipelineCreator.
2022-11-04 13:01:58,520 [main] INFO  pipeline.BackgroundPipelineCreator (BackgroundPipelineCreator.java:start(124)) - Starting RatisPipelineUtilsThread.
2022-11-04 13:01:58,525 [main] INFO  BackgroundPipelineScrubber (BackgroundSCMService.java:start(68)) - Starting BackgroundPipelineScrubber Service.
2022-11-04 13:01:58,526 [main] INFO  ha.SCMServiceManager (SCMServiceManager.java:register(42)) - Registering service BackgroundPipelineScrubber.
2022-11-04 13:01:58,537 [main] INFO  ExpiredContainerReplicaOpScrubber (BackgroundSCMService.java:start(68)) - Starting ExpiredContainerReplicaOpScrubber Service.
2022-11-04 13:01:58,538 [main] INFO  ha.SCMServiceManager (SCMServiceManager.java:register(42)) - Registering service ExpiredContainerReplicaOpScrubber.
2022-11-04 13:01:58,598 [main] INFO  algorithms.PipelineChoosePolicyFactory (PipelineChoosePolicyFactory.java:createPipelineChoosePolicyFromClass(73)) - Create pipeline choose policy of type org.apache.hadoop.hdds.scm.pipeline.choose.algorithms.RandomPipelineChoosePolicy
2022-11-04 13:01:58,621 [main] INFO  ha.SCMServiceManager (SCMServiceManager.java:register(42)) - Registering service SCMBlockDeletingService.
2022-11-04 13:01:58,687 [main] INFO  replication.ReplicationManager (ReplicationManager.java:start(239)) - Starting Replication Monitor Thread.
2022-11-04 13:01:58,695 [main] INFO  ha.SCMServiceManager (SCMServiceManager.java:register(42)) - Registering service ReplicationManager.
2022-11-04 13:01:58,699 [ReplicationMonitor] INFO  replication.ReplicationManager (ReplicationManager.java:processAll(307)) - Replication Manager is not ready to run until 3000ms after safemode exit
2022-11-04 13:01:58,707 [main] INFO  safemode.ContainerSafeModeRule (ContainerSafeModeRule.java:<init>(89)) - containers with one replica threshold count 0
2022-11-04 13:01:58,712 [main] INFO  safemode.HealthyPipelineSafeModeRule (HealthyPipelineSafeModeRule.java:initializeRule(169)) - Total pipeline count is 0, healthy pipeline threshold count is 1
2022-11-04 13:01:58,714 [main] INFO  safemode.OneReplicaPipelineSafeModeRule (OneReplicaPipelineSafeModeRule.java:initializeRule(180)) - Total pipeline count is 0, pipeline's with at least one datanode reported threshold count is 0
2022-11-04 13:01:59,046 [main] INFO  audit.AuditLogger (AuditLogger.java:refreshDebugCmdSet(126)) - Refresh DebugCmdSet for SCMAudit to [].
2022-11-04 13:01:59,080 [main] INFO  ipc.CallQueueManager (CallQueueManager.java:<init>(90)) - Using callQueue: class java.util.concurrent.LinkedBlockingQueue, queueCapacity: 2000, scheduler: class org.apache.hadoop.ipc.DefaultRpcScheduler, ipcBackoff: false.
2022-11-04 13:01:59,123 [Socket Reader #1 for port 0] INFO  ipc.Server (Server.java:run(1273)) - Starting Socket Reader #1 for port 0
2022-11-04 13:01:59,201 [Listener at 0.0.0.0/39837] INFO  audit.AuditLogger (AuditLogger.java:refreshDebugCmdSet(126)) - Refresh DebugCmdSet for SCMAudit to [].
2022-11-04 13:01:59,214 [Listener at 0.0.0.0/39837] INFO  ipc.CallQueueManager (CallQueueManager.java:<init>(90)) - Using callQueue: class java.util.concurrent.LinkedBlockingQueue, queueCapacity: 2000, scheduler: class org.apache.hadoop.ipc.DefaultRpcScheduler, ipcBackoff: false.
2022-11-04 13:01:59,216 [Socket Reader #1 for port 0] INFO  ipc.Server (Server.java:run(1273)) - Starting Socket Reader #1 for port 0
2022-11-04 13:01:59,265 [Listener at 0.0.0.0/33513] INFO  audit.AuditLogger (AuditLogger.java:refreshDebugCmdSet(126)) - Refresh DebugCmdSet for SCMAudit to [].
2022-11-04 13:01:59,280 [Listener at 0.0.0.0/33513] INFO  ipc.CallQueueManager (CallQueueManager.java:<init>(90)) - Using callQueue: class java.util.concurrent.LinkedBlockingQueue, queueCapacity: 2000, scheduler: class org.apache.hadoop.ipc.DefaultRpcScheduler, ipcBackoff: false.
2022-11-04 13:01:59,283 [Socket Reader #1 for port 0] INFO  ipc.Server (Server.java:run(1273)) - Starting Socket Reader #1 for port 0
2022-11-04 13:01:59,330 [Listener at 0.0.0.0/40889] INFO  ha.SCMServiceManager (SCMServiceManager.java:register(42)) - Registering service ContainerBalancer.
2022-11-04 13:01:59,332 [Listener at 0.0.0.0/40889] INFO  server.StorageContainerManager (StorageContainerManager.java:<init>(415)) - 
Container Balancer status:
Key                            Value
Running                        true
Container Balancer Configuration values:
Key                                                Value
Threshold                                          10
Max Datanodes to Involve per Iteration(percent)    20
Max Size to Move per Iteration                     500GB
Max Size Entering Target per Iteration             26GB
Max Size Leaving Source per Iteration              26GB

2022-11-04 13:01:59,332 [Listener at 0.0.0.0/40889] WARN  events.EventQueue (EventQueue.java:fireEvent(216)) - No event handler registered for event TypedEvent{payloadType=SafeModeStatus, name='Safe mode status'}
2022-11-04 13:01:59,332 [Listener at 0.0.0.0/40889] INFO  ha.SCMContext (SCMContext.java:updateSafeModeStatus(228)) - Update SafeModeStatus from SafeModeStatus{safeModeStatus=true, preCheckPassed=false} to SafeModeStatus{safeModeStatus=true, preCheckPassed=false}.
2022-11-04 13:01:59,336 [Listener at 0.0.0.0/40889] INFO  server.StorageContainerManager (StorageContainerManager.java:start(1449)) - StorageContainerLocationProtocol RPC server is listening at /0.0.0.0:40889
2022-11-04 13:01:59,429 [Listener at 0.0.0.0/40889] WARN  impl.MetricsConfig (MetricsConfig.java:loadFirst(136)) - Cannot locate configuration: tried hadoop-metrics2-storagecontainermanager.properties,hadoop-metrics2.properties
2022-11-04 13:01:59,443 [Listener at 0.0.0.0/40889] INFO  impl.MetricsSystemImpl (MetricsSystemImpl.java:startTimer(378)) - Scheduled Metric snapshot period at 10 second(s).
2022-11-04 13:01:59,443 [Listener at 0.0.0.0/40889] INFO  impl.MetricsSystemImpl (MetricsSystemImpl.java:start(191)) - StorageContainerManager metrics system started
2022-11-04 13:01:59,775 [Listener at 0.0.0.0/40889] INFO  server.SCMClientProtocolServer (SCMClientProtocolServer.java:start(170)) - RPC server for Client  is listening at /0.0.0.0:40889
2022-11-04 13:01:59,779 [IPC Server Responder] INFO  ipc.Server (Server.java:run(1512)) - IPC Server Responder: starting
2022-11-04 13:01:59,789 [IPC Server listener on 0] INFO  ipc.Server (Server.java:run(1352)) - IPC Server listener on 0: starting
2022-11-04 13:01:59,796 [Listener at 0.0.0.0/40889] INFO  server.StorageContainerManager (StorageContainerManager.java:start(1464)) - ScmBlockLocationProtocol RPC server is listening at /0.0.0.0:33513
2022-11-04 13:01:59,797 [Listener at 0.0.0.0/40889] INFO  server.SCMBlockProtocolServer (SCMBlockProtocolServer.java:start(152)) - RPC server for Block Protocol is listening at /0.0.0.0:33513
2022-11-04 13:01:59,797 [IPC Server Responder] INFO  ipc.Server (Server.java:run(1512)) - IPC Server Responder: starting
2022-11-04 13:01:59,798 [IPC Server listener on 0] INFO  ipc.Server (Server.java:run(1352)) - IPC Server listener on 0: starting
2022-11-04 13:01:59,801 [Listener at 0.0.0.0/40889] INFO  server.SCMDatanodeProtocolServer (SCMDatanodeProtocolServer.java:start(186)) - ScmDatanodeProtocol RPC server for DataNodes is listening at /0.0.0.0:39837
2022-11-04 13:01:59,802 [IPC Server Responder] INFO  ipc.Server (Server.java:run(1512)) - IPC Server Responder: starting
2022-11-04 13:01:59,802 [IPC Server listener on 0] INFO  ipc.Server (Server.java:run(1352)) - IPC Server listener on 0: starting
2022-11-04 13:01:59,829 [org.apache.hadoop.util.JvmPauseMonitor$Monitor@5ef7ae2f] INFO  util.JvmPauseMonitor (JvmPauseMonitor.java:run(188)) - Starting JVM pause monitor
2022-11-04 13:01:59,846 [Listener at 0.0.0.0/40889] INFO  http.BaseHttpServer (BaseHttpServer.java:newHttpServer2BuilderForOzone(213)) - Starting Web-server for scm at: http://0.0.0.0:0
2022-11-04 13:01:59,846 [Listener at 0.0.0.0/40889] INFO  http.BaseHttpServer (BaseHttpServer.java:<init>(108)) - Hadoop Security Enabled: false Ozone Security Enabled: false Ozone HTTP Security Enabled: false 
2022-11-04 13:01:59,879 [Listener at 0.0.0.0/40889] INFO  util.log (Log.java:initialized(170)) - Logging initialized @4810ms to org.eclipse.jetty.util.log.Slf4jLog
2022-11-04 13:02:00,009 [Listener at 0.0.0.0/40889] WARN  server.AuthenticationFilter (AuthenticationFilter.java:constructSecretProvider(240)) - Unable to initialize FileSignerSecretProvider, falling back to use random secrets. Reason: Could not read signature secret file: /home/runner/hadoop-http-auth-signature-secret
2022-11-04 13:02:00,017 [Listener at 0.0.0.0/40889] WARN  http.HttpRequestLog (HttpRequestLog.java:getRequestLog(103)) - Jetty request log can only be enabled using Log4j
2022-11-04 13:02:00,024 [Listener at 0.0.0.0/40889] INFO  http.HttpServer2 (HttpServer2.java:addGlobalFilter(1031)) - Added global filter 'safety' (class=org.apache.hadoop.hdds.server.http.HttpServer2$QuotingInputFilter)
2022-11-04 13:02:00,027 [Listener at 0.0.0.0/40889] INFO  http.HttpServer2 (HttpServer2.java:addFilter(1007)) - Added filter static_user_filter (class=org.apache.hadoop.http.lib.StaticUserWebFilter$StaticUserFilter) to context scm
2022-11-04 13:02:00,027 [Listener at 0.0.0.0/40889] INFO  http.HttpServer2 (HttpServer2.java:addFilter(1015)) - Added filter static_user_filter (class=org.apache.hadoop.http.lib.StaticUserWebFilter$StaticUserFilter) to context static
2022-11-04 13:02:00,028 [Listener at 0.0.0.0/40889] INFO  http.HttpServer2 (HttpServer2.java:addFilter(1015)) - Added filter static_user_filter (class=org.apache.hadoop.http.lib.StaticUserWebFilter$StaticUserFilter) to context logs
2022-11-04 13:02:00,077 [Listener at 0.0.0.0/40889] INFO  http.HttpServer2 (HttpServer2.java:bindListener(1250)) - Jetty bound to port 41933
2022-11-04 13:02:00,079 [Listener at 0.0.0.0/40889] INFO  server.Server (Server.java:doStart(375)) - jetty-9.4.49.v20220914; built: 2022-09-14T01:07:36.601Z; git: 4231a3b2e4cb8548a412a789936d640a97b1aa0a; jvm 1.8.0_345-b01
2022-11-04 13:02:00,113 [Listener at 0.0.0.0/40889] INFO  server.session (DefaultSessionIdManager.java:doStart(334)) - DefaultSessionIdManager workerName=node0
2022-11-04 13:02:00,113 [Listener at 0.0.0.0/40889] INFO  server.session (DefaultSessionIdManager.java:doStart(339)) - No SessionScavenger set, using defaults
2022-11-04 13:02:00,116 [Listener at 0.0.0.0/40889] INFO  server.session (HouseKeeper.java:startScavenging(132)) - node0 Scavenging every 660000ms
2022-11-04 13:02:00,132 [Listener at 0.0.0.0/40889] INFO  handler.ContextHandler (ContextHandler.java:doStart(921)) - Started o.e.j.s.ServletContextHandler@3d195d15{logs,/logs,file:///home/runner/work/ozone/ozone/hadoop-ozone/integration-test/target/log,AVAILABLE}
2022-11-04 13:02:00,133 [Listener at 0.0.0.0/40889] INFO  handler.ContextHandler (ContextHandler.java:doStart(921)) - Started o.e.j.s.ServletContextHandler@2f8b48c3{static,/static,file:///home/runner/work/ozone/ozone/hadoop-ozone/integration-test/target/test-classes/webapps/static,AVAILABLE}
2022-11-04 13:02:00,202 [Listener at 0.0.0.0/40889] INFO  handler.ContextHandler (ContextHandler.java:doStart(921)) - Started o.e.j.w.WebAppContext@6ace3{scm,/,file:///home/runner/work/ozone/ozone/hadoop-ozone/integration-test/target/test-classes/webapps/scm/,AVAILABLE}{file:/home/runner/work/ozone/ozone/hadoop-ozone/integration-test/target/test-classes/webapps/scm}
2022-11-04 13:02:00,216 [Listener at 0.0.0.0/40889] INFO  server.AbstractConnector (AbstractConnector.java:doStart(333)) - Started ServerConnector@34be7efb{HTTP/1.1, (http/1.1)}{0.0.0.0:41933}
2022-11-04 13:02:00,218 [Listener at 0.0.0.0/40889] INFO  server.Server (Server.java:doStart(415)) - Started @5149ms
2022-11-04 13:02:00,223 [Listener at 0.0.0.0/40889] INFO  impl.MetricsSinkAdapter (MetricsSinkAdapter.java:start(204)) - Sink prometheus started
2022-11-04 13:02:00,223 [Listener at 0.0.0.0/40889] INFO  impl.MetricsSystemImpl (MetricsSystemImpl.java:registerSink(305)) - Registered sink prometheus
2022-11-04 13:02:00,226 [Listener at 0.0.0.0/40889] INFO  http.BaseHttpServer (BaseHttpServer.java:updateConnectorAddress(333)) - HTTP server of scm listening at http://0.0.0.0:41933
2022-11-04 13:02:00,233 [Listener at 0.0.0.0/40889] WARN  server.ServerUtils (ServerUtils.java:getDBPath(225)) - ozone.om.db.dirs is not configured. We recommend adding this setting. Falling back to ozone.metadata.dirs instead.
2022-11-04 13:02:00,301 [Listener at 0.0.0.0/40889] INFO  audit.AuditLogger (AuditLogger.java:refreshDebugCmdSet(126)) - Refresh DebugCmdSet for OMAudit to [].
2022-11-04 13:02:00,397 [Listener at 0.0.0.0/40889] INFO  ha.OMHANodeDetails (OMHANodeDetails.java:loadOMHAConfig(115)) - ozone.om.internal.service.id is not defined, falling back to ozone.om.service.ids to find serviceID for OzoneManager if it is HA enabled cluster
2022-11-04 13:02:00,400 [Listener at 0.0.0.0/40889] INFO  ha.OMHANodeDetails (OMHANodeDetails.java:loadOMHAConfig(226)) - Configuration does not have ozone.om.address set. Falling back to the default OM address /127.0.0.1:0
2022-11-04 13:02:00,401 [Listener at 0.0.0.0/40889] INFO  ha.OMHANodeDetails (OMHANodeDetails.java:getOMNodeDetailsForNonHA(254)) - OM Service ID is not set. Setting it to the default ID: omServiceIdDefault
2022-11-04 13:02:00,401 [Listener at 0.0.0.0/40889] INFO  ha.OMHANodeDetails (OMHANodeDetails.java:getOMNodeDetailsForNonHA(261)) - OM Node ID is not set. Setting it to the default ID: om1
2022-11-04 13:02:00,406 [Listener at 0.0.0.0/40889] WARN  server.ServerUtils (ServerUtils.java:getDBPath(225)) - ozone.om.db.dirs is not configured. We recommend adding this setting. Falling back to ozone.metadata.dirs instead.
2022-11-04 13:02:00,408 [Listener at 0.0.0.0/40889] INFO  upgrade.AbstractLayoutVersionManager (AbstractLayoutVersionManager.java:init(83)) - Initializing Layout version manager with metadata layout = MULTITENANCY_SCHEMA (version = 3), software layout = MULTITENANCY_SCHEMA (version = 3)
2022-11-04 13:02:00,525 [Listener at 0.0.0.0/40889] INFO  reflections.Reflections (Reflections.java:scan(232)) - Reflections took 112 ms to scan 2 urls, producing 154 keys and 428 values [using 2 cores]
2022-11-04 13:02:00,530 [Listener at 0.0.0.0/40889] INFO  upgrade.OMLayoutVersionManager (OMLayoutVersionManager.java:lambda$0(115)) - Skipping Upgrade Action MockOmUpgradeAction since it has been finalized.
2022-11-04 13:02:00,531 [Listener at 0.0.0.0/40889] WARN  server.ServerUtils (ServerUtils.java:getDBPath(225)) - ozone.om.db.dirs is not configured. We recommend adding this setting. Falling back to ozone.metadata.dirs instead.
2022-11-04 13:02:00,738 [Listener at 0.0.0.0/40889] INFO  proxy.SCMBlockLocationFailoverProxyProvider (SCMBlockLocationFailoverProxyProvider.java:<init>(114)) - Created block location fail-over proxy with 1 nodes: [nodeId=scmNodeId,nodeAddress=/0.0.0.0:33513]
2022-11-04 13:02:00,778 [Listener at 0.0.0.0/40889] INFO  proxy.SCMBlockLocationFailoverProxyProvider (SCMBlockLocationFailoverProxyProvider.java:<init>(114)) - Created block location fail-over proxy with 1 nodes: [nodeId=scmNodeId,nodeAddress=/0.0.0.0:33513]
2022-11-04 13:02:01,032 [Listener at 0.0.0.0/40889] WARN  server.ServerUtils (ServerUtils.java:getDBPath(225)) - ozone.om.db.dirs is not configured. We recommend adding this setting. Falling back to ozone.metadata.dirs instead.
2022-11-04 13:02:01,042 [Listener at 0.0.0.0/40889] INFO  codec.OmKeyInfoCodec (OmKeyInfoCodec.java:<init>(49)) - OmKeyInfoCodec ignorePipeline = true
2022-11-04 13:02:01,043 [Listener at 0.0.0.0/40889] INFO  codec.RepeatedOmKeyInfoCodec (RepeatedOmKeyInfoCodec.java:<init>(41)) - RepeatedOmKeyInfoCodec ignorePipeline = true
2022-11-04 13:02:01,257 [Listener at 0.0.0.0/40889] INFO  om.OzoneManager (OzoneManager.java:instantiateServices(715)) - S3 Multi-Tenancy is disabled
2022-11-04 13:02:01,363 [Listener at 0.0.0.0/40889] INFO  om.OzoneManager (OzoneManager.java:addS3GVolumeToDB(4395)) - Created Volume s3v With Owner runner required for S3Gateway operations.
2022-11-04 13:02:01,455 [Listener at 0.0.0.0/40889] WARN  server.ServerUtils (ServerUtils.java:getDefaultRatisDirectory(237)) - Storage directory for Ratis is not configured. It is a good idea to map this to an SSD disk. Falling back to ozone.metadata.dirs
2022-11-04 13:02:01,455 [Listener at 0.0.0.0/40889] WARN  utils.OzoneManagerRatisUtils (OzoneManagerRatisUtils.java:getOMRatisSnapshotDirectory(434)) - ozone.om.ratis.snapshot.dir is not configured. Falling back to ozone.metadata.dirs config
2022-11-04 13:02:01,481 [Listener at 0.0.0.0/40889] WARN  server.ServerUtils (ServerUtils.java:getDefaultRatisDirectory(237)) - Storage directory for Ratis is not configured. It is a good idea to map this to an SSD disk. Falling back to ozone.metadata.dirs
2022-11-04 13:02:01,516 [Listener at 0.0.0.0/40889] INFO  ratis.OzoneManagerRatisServer (OzoneManagerRatisServer.java:<init>(160)) - Instantiating OM Ratis server with groupID: omServiceIdDefault and peers: localhost:9872
2022-11-04 13:02:01,526 [Listener at 0.0.0.0/40889] INFO  ratis.OzoneManagerStateMachine (OzoneManagerStateMachine.java:loadSnapshotInfoFromDB(636)) - LastAppliedIndex is set from TransactionInfo from OM DB as (t:0, i:~)
2022-11-04 13:02:01,585 [Listener at 0.0.0.0/40889] INFO  server.RaftServer (ConfUtils.java:logGet(46)) - raft.rpc.type = GRPC (default)
2022-11-04 13:02:01,691 [Listener at 0.0.0.0/40889] INFO  grpc.GrpcConfigKeys (ConfUtils.java:logFallback(53)) - raft.grpc.admin.host = null (fallback to raft.grpc.server.host)
2022-11-04 13:02:01,692 [Listener at 0.0.0.0/40889] INFO  grpc.GrpcConfigKeys (ConfUtils.java:logFallback(53)) - raft.grpc.admin.port = 9872 (fallback to raft.grpc.server.port)
2022-11-04 13:02:01,693 [Listener at 0.0.0.0/40889] INFO  grpc.GrpcConfigKeys (ConfUtils.java:logFallback(53)) - raft.grpc.client.host = null (fallback to raft.grpc.server.host)
2022-11-04 13:02:01,693 [Listener at 0.0.0.0/40889] INFO  grpc.GrpcConfigKeys (ConfUtils.java:logFallback(53)) - raft.grpc.client.port = 9872 (fallback to raft.grpc.server.port)
2022-11-04 13:02:01,694 [Listener at 0.0.0.0/40889] INFO  grpc.GrpcConfigKeys (ConfUtils.java:logGet(46)) - raft.grpc.server.host = null (default)
2022-11-04 13:02:01,694 [Listener at 0.0.0.0/40889] INFO  grpc.GrpcConfigKeys (ConfUtils.java:logGet(46)) - raft.grpc.server.port = 9872 (custom)
2022-11-04 13:02:01,695 [Listener at 0.0.0.0/40889] INFO  server.GrpcService (ConfUtils.java:logGet(46)) - raft.grpc.message.size.max = 33554432 (custom)
2022-11-04 13:02:01,696 [Listener at 0.0.0.0/40889] INFO  server.RaftServerConfigKeys (ConfUtils.java:logGet(46)) - raft.server.log.appender.buffer.byte-limit = 33554432 (custom)
2022-11-04 13:02:01,697 [Listener at 0.0.0.0/40889] INFO  server.GrpcService (ConfUtils.java:logGet(46)) - raft.grpc.flow.control.window = 1MB (=1048576) (default)
2022-11-04 13:02:01,697 [Listener at 0.0.0.0/40889] INFO  server.RaftServerConfigKeys (ConfUtils.java:logGet(46)) - raft.server.rpc.request.timeout = 3000ms (default)
2022-11-04 13:02:01,716 [Listener at 0.0.0.0/40889] INFO  grpc.GrpcConfigKeys (ConfUtils.java:logGet(46)) - raft.grpc.server.heartbeat.channel = true (default)
2022-11-04 13:02:01,720 [Listener at 0.0.0.0/40889] INFO  grpc.GrpcConfigKeys (ConfUtils.java:logGet(46)) - raft.grpc.server.async.request.thread.pool.cached = true (default)
2022-11-04 13:02:01,720 [Listener at 0.0.0.0/40889] INFO  grpc.GrpcConfigKeys (ConfUtils.java:logGet(46)) - raft.grpc.server.async.request.thread.pool.size = 32 (default)
2022-11-04 13:02:02,079 [Listener at 0.0.0.0/40889] INFO  impl.DataStreamServerImpl (ConfUtils.java:logGet(46)) - raft.datastream.type = DISABLED (default)
2022-11-04 13:02:02,083 [Listener at 0.0.0.0/40889] INFO  server.RaftServerConfigKeys (ConfUtils.java:logGet(46)) - raft.server.threadpool.proxy.cached = true (default)
2022-11-04 13:02:02,083 [Listener at 0.0.0.0/40889] INFO  server.RaftServerConfigKeys (ConfUtils.java:logGet(46)) - raft.server.threadpool.proxy.size = 0 (default)
2022-11-04 13:02:02,084 [Listener at 0.0.0.0/40889] INFO  server.RaftServerConfigKeys (ConfUtils.java:logGet(46)) - raft.server.rpc.slowness.timeout = 120s (custom)
2022-11-04 13:02:02,084 [Listener at 0.0.0.0/40889] INFO  server.RaftServerConfigKeys (ConfUtils.java:logGet(46)) - raft.server.leaderelection.leader.step-down.wait-time = 10s (default)
2022-11-04 13:02:02,088 [Listener at 0.0.0.0/40889] INFO  server.RaftServerConfigKeys (ConfUtils.java:logGet(46)) - raft.server.storage.dir = [/home/runner/work/ozone/ozone/hadoop-ozone/integration-test/target/test-dir/MiniOzoneClusterImpl-cec56291-7f8b-4456-b869-8b5b2b7a6237/ozone-meta/ratis] (custom)
2022-11-04 13:02:02,100 [Listener at 0.0.0.0/40889] INFO  server.RaftServer (RaftServerProxy.java:addNew(96)) - om1: addNew group-C5BA1605619E:[om1|rpc:localhost:9872|priority:0|startupRole:FOLLOWER] returns group-C5BA1605619E:java.util.concurrent.CompletableFuture@24ab86eb[Not completed]
2022-11-04 13:02:02,100 [Listener at 0.0.0.0/40889] INFO  om.OzoneManager (OzoneManager.java:initializeRatisServer(1978)) - OzoneManager Ratis server initialized at port 9872
2022-11-04 13:02:02,116 [Listener at 0.0.0.0/40889] INFO  om.OzoneManager (OzoneManager.java:getRpcServer(1104)) - Creating RPC Server
2022-11-04 13:02:02,145 [pool-55-thread-1] INFO  server.RaftServer$Division (RaftServerImpl.java:<init>(195)) - om1: new RaftServerImpl for group-C5BA1605619E:[om1|rpc:localhost:9872|priority:0|startupRole:FOLLOWER] with OzoneManagerStateMachine:uninitialized
2022-11-04 13:02:02,148 [pool-55-thread-1] INFO  server.RaftServerConfigKeys (ConfUtils.java:logGet(46)) - raft.server.rpc.timeout.min = 1s (custom)
2022-11-04 13:02:02,150 [pool-55-thread-1] INFO  server.RaftServerConfigKeys (ConfUtils.java:logGet(46)) - raft.server.rpc.timeout.max = 1200ms (custom)
2022-11-04 13:02:02,150 [pool-55-thread-1] INFO  server.RaftServerConfigKeys (ConfUtils.java:logGet(46)) - raft.server.rpc.sleep.time = 25ms (default)
2022-11-04 13:02:02,151 [pool-55-thread-1] INFO  server.RaftServerConfigKeys (ConfUtils.java:logGet(46)) - raft.server.rpc.slowness.timeout = 120s (custom)
2022-11-04 13:02:02,152 [pool-55-thread-1] INFO  server.RaftServerConfigKeys (ConfUtils.java:logGet(46)) - raft.server.leaderelection.leader.step-down.wait-time = 10s (default)
2022-11-04 13:02:02,152 [pool-55-thread-1] INFO  server.RaftServerConfigKeys (ConfUtils.java:logGet(46)) - raft.server.sleep.deviation.threshold = 300ms (default)
2022-11-04 13:02:02,182 [pool-55-thread-1] INFO  server.RaftServer$Division (ServerState.java:<init>(118)) - om1@group-C5BA1605619E: ConfigurationManager, init=-1: peers:[om1|rpc:localhost:9872|priority:0|startupRole:FOLLOWER]|listeners:[], old=null, confs=<EMPTY_MAP>
2022-11-04 13:02:02,182 [pool-55-thread-1] INFO  server.RaftServerConfigKeys (ConfUtils.java:logGet(46)) - raft.server.storage.dir = [/home/runner/work/ozone/ozone/hadoop-ozone/integration-test/target/test-dir/MiniOzoneClusterImpl-cec56291-7f8b-4456-b869-8b5b2b7a6237/ozone-meta/ratis] (custom)
2022-11-04 13:02:02,189 [pool-55-thread-1] INFO  server.RaftServerConfigKeys (ConfUtils.java:logGet(46)) - raft.server.log.corruption.policy = EXCEPTION (default)
2022-11-04 13:02:02,190 [pool-55-thread-1] INFO  server.RaftServerConfigKeys (ConfUtils.java:logGet(46)) - raft.server.storage.free-space.min = 0MB (=0) (default)
2022-11-04 13:02:02,199 [pool-55-thread-1] INFO  server.RaftServerConfigKeys (ConfUtils.java:logGet(46)) - raft.server.notification.no-leader.timeout = 120s (custom)
2022-11-04 13:02:02,209 [pool-55-thread-1] INFO  server.RaftServerConfigKeys (ConfUtils.java:logGet(46)) - raft.server.retrycache.expirytime = 300s (custom)
2022-11-04 13:02:02,209 [pool-55-thread-1] INFO  server.RaftServerConfigKeys (ConfUtils.java:logGet(46)) - raft.server.retrycache.statistics.expirytime = 100μs (default)
2022-11-04 13:02:02,490 [pool-55-thread-1] INFO  server.RaftServerConfigKeys (ConfUtils.java:logGet(46)) - raft.server.log.appender.install.snapshot.enabled = false (custom)
2022-11-04 13:02:02,493 [pool-55-thread-1] INFO  server.RaftServerConfigKeys (ConfUtils.java:logGet(46)) - raft.server.threadpool.server.cached = true (default)
2022-11-04 13:02:02,493 [pool-55-thread-1] INFO  server.RaftServerConfigKeys (ConfUtils.java:logGet(46)) - raft.server.threadpool.server.size = 0 (default)
2022-11-04 13:02:02,494 [pool-55-thread-1] INFO  server.RaftServerConfigKeys (ConfUtils.java:logGet(46)) - raft.server.threadpool.client.cached = true (default)
2022-11-04 13:02:02,495 [pool-55-thread-1] INFO  server.RaftServerConfigKeys (ConfUtils.java:logGet(46)) - raft.server.threadpool.client.size = 0 (default)
2022-11-04 13:02:03,380 [Listener at 0.0.0.0/40889] INFO  reflections.Reflections (Reflections.java:scan(232)) - Reflections took 1182 ms to scan 19 urls, producing 67 keys and 4312 values [using 2 cores]
2022-11-04 13:02:03,569 [Listener at 0.0.0.0/40889] INFO  ipc.CallQueueManager (CallQueueManager.java:<init>(90)) - Using callQueue: class java.util.concurrent.LinkedBlockingQueue, queueCapacity: 2000, scheduler: class org.apache.hadoop.ipc.DefaultRpcScheduler, ipcBackoff: false.
2022-11-04 13:02:03,571 [Socket Reader #1 for port 0] INFO  ipc.Server (Server.java:run(1273)) - Starting Socket Reader #1 for port 0
2022-11-04 13:02:03,620 [Listener at 127.0.0.1/37717] INFO  impl.MetricsSystemImpl (MetricsSystemImpl.java:init(158)) - OzoneManager metrics system started (again)
2022-11-04 13:02:03,635 [Listener at 127.0.0.1/37717] INFO  om.OzoneManager (OzoneManager.java:start(1485)) - OzoneManager RPC server is listening at localhost/127.0.0.1:37717
2022-11-04 13:02:03,635 [Listener at 127.0.0.1/37717] INFO  ratis.OzoneManagerRatisServer (OzoneManagerRatisServer.java:start(555)) - Starting OzoneManagerRatisServer om1 at port 9872
2022-11-04 13:02:03,640 [om1-impl-thread1] INFO  storage.RaftStorageDirectory (RaftStorageDirectoryImpl.java:analyzeStorage(137)) - The storage directory /home/runner/work/ozone/ozone/hadoop-ozone/integration-test/target/test-dir/MiniOzoneClusterImpl-cec56291-7f8b-4456-b869-8b5b2b7a6237/ozone-meta/ratis/bf265839-605b-3f16-9796-c5ba1605619e does not exist. Creating ...
2022-11-04 13:02:03,645 [om1-impl-thread1] INFO  storage.RaftStorageDirectory (RaftStorageDirectoryImpl.java:tryLock(231)) - Lock on /home/runner/work/ozone/ozone/hadoop-ozone/integration-test/target/test-dir/MiniOzoneClusterImpl-cec56291-7f8b-4456-b869-8b5b2b7a6237/ozone-meta/ratis/bf265839-605b-3f16-9796-c5ba1605619e/in_use.lock acquired by nodename 5024@fv-az377-996
2022-11-04 13:02:03,652 [om1-impl-thread1] INFO  storage.RaftStorage (RaftStorageImpl.java:format(96)) - Storage directory /home/runner/work/ozone/ozone/hadoop-ozone/integration-test/target/test-dir/MiniOzoneClusterImpl-cec56291-7f8b-4456-b869-8b5b2b7a6237/ozone-meta/ratis/bf265839-605b-3f16-9796-c5ba1605619e has been successfully formatted.
2022-11-04 13:02:03,655 [om1-impl-thread1] INFO  server.RaftServerConfigKeys (ConfUtils.java:logGet(46)) - raft.server.log.use.memory = false (default)
2022-11-04 13:02:03,664 [om1-impl-thread1] INFO  server.RaftServerConfigKeys (ConfUtils.java:logGet(46)) - raft.server.log.purge.gap = 1000000 (custom)
2022-11-04 13:02:03,664 [om1-impl-thread1] INFO  server.RaftServerConfigKeys (ConfUtils.java:logGet(46)) - raft.server.log.appender.buffer.byte-limit = 33554432 (custom)
2022-11-04 13:02:03,666 [om1-impl-thread1] INFO  server.RaftServerConfigKeys (ConfUtils.java:logGet(46)) - raft.server.log.statemachine.data.read.timeout = 1000ms (default)
2022-11-04 13:02:03,667 [om1-impl-thread1] INFO  server.RaftServerConfigKeys (ConfUtils.java:logGet(46)) - raft.server.log.purge.preservation.log.num = 0 (default)
2022-11-04 13:02:03,670 [om1-impl-thread1] INFO  server.RaftServerConfigKeys (ConfUtils.java:logGet(46)) - raft.server.log.segment.size.max = 4194304 (custom)
2022-11-04 13:02:03,676 [om1-impl-thread1] INFO  server.RaftServerConfigKeys (ConfUtils.java:logGet(46)) - raft.server.log.segment.cache.num.max = 2 (custom)
2022-11-04 13:02:03,677 [om1-impl-thread1] INFO  server.RaftServerConfigKeys (ConfUtils.java:logGet(46)) - raft.server.log.segment.cache.size.max = 200MB (=209715200) (default)
2022-11-04 13:02:03,684 [om1-impl-thread1] INFO  segmented.SegmentedRaftLogWorker (SegmentedRaftLogWorker.java:<init>(191)) - new om1@group-C5BA1605619E-SegmentedRaftLogWorker for RaftStorageImpl:Storage Directory /home/runner/work/ozone/ozone/hadoop-ozone/integration-test/target/test-dir/MiniOzoneClusterImpl-cec56291-7f8b-4456-b869-8b5b2b7a6237/ozone-meta/ratis/bf265839-605b-3f16-9796-c5ba1605619e
2022-11-04 13:02:03,684 [om1-impl-thread1] INFO  server.RaftServerConfigKeys (ConfUtils.java:logGet(46)) - raft.server.log.queue.byte-limit = 64MB (=67108864) (default)
2022-11-04 13:02:03,685 [om1-impl-thread1] INFO  server.RaftServerConfigKeys (ConfUtils.java:logGet(46)) - raft.server.log.queue.element-limit = 4096 (default)
2022-11-04 13:02:03,686 [om1-impl-thread1] INFO  server.RaftServerConfigKeys (ConfUtils.java:logGet(46)) - raft.server.log.segment.size.max = 4194304 (custom)
2022-11-04 13:02:03,686 [om1-impl-thread1] INFO  server.RaftServerConfigKeys (ConfUtils.java:logGet(46)) - raft.server.log.preallocated.size = 4194304 (custom)
2022-11-04 13:02:03,687 [om1-impl-thread1] INFO  server.RaftServerConfigKeys (ConfUtils.java:logGet(46)) - raft.server.log.force.sync.num = 128 (default)
2022-11-04 13:02:03,688 [om1-impl-thread1] INFO  server.RaftServerConfigKeys (ConfUtils.java:logGet(46)) - raft.server.log.statemachine.data.sync = true (default)
2022-11-04 13:02:03,688 [om1-impl-thread1] INFO  server.RaftServerConfigKeys (ConfUtils.java:logGet(46)) - raft.server.log.statemachine.data.sync.timeout = 10s (default)
2022-11-04 13:02:03,688 [om1-impl-thread1] INFO  server.RaftServerConfigKeys (ConfUtils.java:logGet(46)) - raft.server.log.statemachine.data.sync.timeout.retry = -1 (default)
2022-11-04 13:02:03,698 [om1-impl-thread1] INFO  server.RaftServerConfigKeys (ConfUtils.java:logGet(46)) - raft.server.log.write.buffer.size = 64KB (=65536) (default)
2022-11-04 13:02:03,698 [om1-impl-thread1] INFO  server.RaftServerConfigKeys (ConfUtils.java:logGet(46)) - raft.server.log.unsafe-flush.enabled = false (default)
2022-11-04 13:02:03,699 [om1-impl-thread1] INFO  server.RaftServerConfigKeys (ConfUtils.java:logGet(46)) - raft.server.log.async-flush.enabled = false (default)
2022-11-04 13:02:03,699 [om1-impl-thread1] INFO  server.RaftServerConfigKeys (ConfUtils.java:logGet(46)) - raft.server.log.statemachine.data.caching.enabled = false (default)
2022-11-04 13:02:03,706 [om1-impl-thread1] INFO  segmented.SegmentedRaftLogWorker (SegmentedRaftLogWorker.java:lambda$new$0(136)) - om1@group-C5BA1605619E-SegmentedRaftLogWorker: flushIndex: setUnconditionally 0 -> -1
2022-11-04 13:02:03,706 [om1-impl-thread1] INFO  segmented.SegmentedRaftLogWorker (SegmentedRaftLogWorker.java:lambda$new$0(136)) - om1@group-C5BA1605619E-SegmentedRaftLogWorker: safeCacheEvictIndex: setUnconditionally 0 -> -1
2022-11-04 13:02:03,708 [om1-impl-thread1] INFO  server.RaftServer$Division (RaftServerImpl.java:start(334)) - om1@group-C5BA1605619E: start as a follower, conf=-1: peers:[om1|rpc:localhost:9872|priority:0|startupRole:FOLLOWER]|listeners:[], old=null
2022-11-04 13:02:03,712 [om1-impl-thread1] INFO  server.RaftServer$Division (RaftServerImpl.java:setRole(321)) - om1@group-C5BA1605619E: changes role from      null to FOLLOWER at term 0 for startAsFollower
2022-11-04 13:02:03,715 [om1-impl-thread1] INFO  impl.RoleInfo (RoleInfo.java:updateAndGet(139)) - om1: start om1@group-C5BA1605619E-FollowerState
2022-11-04 13:02:03,716 [om1-impl-thread1] INFO  util.JmxRegister (JmxRegister.java:tryRegister(44)) - Successfully registered JMX Bean with object name Ratis:service=RaftServer,group=group-C5BA1605619E,id=om1
2022-11-04 13:02:03,718 [om1@group-C5BA1605619E-FollowerState] INFO  server.RaftServerConfigKeys (ConfUtils.java:logFallback(53)) - raft.server.rpc.first-election.timeout.min = 1s (fallback to raft.server.rpc.timeout.min)
2022-11-04 13:02:03,719 [om1-impl-thread1] INFO  server.RaftServerConfigKeys (ConfUtils.java:logGet(46)) - raft.server.snapshot.auto.trigger.enabled = true (custom)
2022-11-04 13:02:03,719 [om1@group-C5BA1605619E-FollowerState] INFO  server.RaftServerConfigKeys (ConfUtils.java:logFallback(53)) - raft.server.rpc.first-election.timeout.max = 1200ms (fallback to raft.server.rpc.timeout.max)
2022-11-04 13:02:03,719 [om1-impl-thread1] INFO  server.RaftServerConfigKeys (ConfUtils.java:logGet(46)) - raft.server.snapshot.auto.trigger.threshold = 400000 (default)
2022-11-04 13:02:03,720 [om1-impl-thread1] INFO  server.RaftServerConfigKeys (ConfUtils.java:logGet(46)) - raft.server.snapshot.retention.file.num = -1 (default)
2022-11-04 13:02:03,721 [om1-impl-thread1] INFO  server.RaftServerConfigKeys (ConfUtils.java:logGet(46)) - raft.server.log.purge.upto.snapshot.index = true (custom)
2022-11-04 13:02:03,724 [Listener at 127.0.0.1/37717] INFO  server.RaftServer (RaftServerProxy.java:startImpl(393)) - om1: start RPC server
2022-11-04 13:02:03,795 [Listener at 127.0.0.1/37717] INFO  server.GrpcService (GrpcService.java:startImpl(270)) - om1: GrpcService started, listening on 9872
2022-11-04 13:02:03,797 [Listener at 127.0.0.1/37717] INFO  om.OzoneManager (OzoneManager.java:start(1501)) - Version File has different layout version (3) than OM DB (null). That is expected if this OM has never been finalized to a newer layout version.
2022-11-04 13:02:03,799 [JvmPauseMonitor0] INFO  util.JvmPauseMonitor (JvmPauseMonitor.java:run(105)) - JvmPauseMonitor-om1: Started
2022-11-04 13:02:03,821 [Listener at 127.0.0.1/37717] INFO  http.BaseHttpServer (BaseHttpServer.java:newHttpServer2BuilderForOzone(213)) - Starting Web-server for ozoneManager at: http://0.0.0.0:0
2022-11-04 13:02:03,821 [Listener at 127.0.0.1/37717] INFO  http.BaseHttpServer (BaseHttpServer.java:<init>(108)) - Hadoop Security Enabled: false Ozone Security Enabled: false Ozone HTTP Security Enabled: false 
2022-11-04 13:02:03,823 [Listener at 127.0.0.1/37717] WARN  server.AuthenticationFilter (AuthenticationFilter.java:constructSecretProvider(240)) - Unable to initialize FileSignerSecretProvider, falling back to use random secrets. Reason: Could not read signature secret file: /home/runner/hadoop-http-auth-signature-secret
2022-11-04 13:02:03,828 [Listener at 127.0.0.1/37717] WARN  http.HttpRequestLog (HttpRequestLog.java:getRequestLog(103)) - Jetty request log can only be enabled using Log4j
2022-11-04 13:02:03,830 [Listener at 127.0.0.1/37717] INFO  http.HttpServer2 (HttpServer2.java:addGlobalFilter(1031)) - Added global filter 'safety' (class=org.apache.hadoop.hdds.server.http.HttpServer2$QuotingInputFilter)
2022-11-04 13:02:03,831 [Listener at 127.0.0.1/37717] INFO  http.HttpServer2 (HttpServer2.java:addFilter(1007)) - Added filter static_user_filter (class=org.apache.hadoop.http.lib.StaticUserWebFilter$StaticUserFilter) to context ozoneManager
2022-11-04 13:02:03,831 [Listener at 127.0.0.1/37717] INFO  http.HttpServer2 (HttpServer2.java:addFilter(1015)) - Added filter static_user_filter (class=org.apache.hadoop.http.lib.StaticUserWebFilter$StaticUserFilter) to context logs
2022-11-04 13:02:03,837 [Listener at 127.0.0.1/37717] INFO  http.HttpServer2 (HttpServer2.java:addFilter(1015)) - Added filter static_user_filter (class=org.apache.hadoop.http.lib.StaticUserWebFilter$StaticUserFilter) to context static
2022-11-04 13:02:03,840 [Listener at 127.0.0.1/37717] INFO  http.HttpServer2 (HttpServer2.java:bindListener(1250)) - Jetty bound to port 39563
2022-11-04 13:02:03,840 [Listener at 127.0.0.1/37717] INFO  server.Server (Server.java:doStart(375)) - jetty-9.4.49.v20220914; built: 2022-09-14T01:07:36.601Z; git: 4231a3b2e4cb8548a412a789936d640a97b1aa0a; jvm 1.8.0_345-b01
2022-11-04 13:02:03,880 [Listener at 127.0.0.1/37717] INFO  server.session (DefaultSessionIdManager.java:doStart(334)) - DefaultSessionIdManager workerName=node0
2022-11-04 13:02:03,880 [Listener at 127.0.0.1/37717] INFO  server.session (DefaultSessionIdManager.java:doStart(339)) - No SessionScavenger set, using defaults
2022-11-04 13:02:03,880 [Listener at 127.0.0.1/37717] INFO  server.session (HouseKeeper.java:startScavenging(132)) - node0 Scavenging every 660000ms
2022-11-04 13:02:03,885 [Listener at 127.0.0.1/37717] INFO  handler.ContextHandler (ContextHandler.java:doStart(921)) - Started o.e.j.s.ServletContextHandler@15fc044d{logs,/logs,file:///home/runner/work/ozone/ozone/hadoop-ozone/integration-test/target/log,AVAILABLE}
2022-11-04 13:02:03,885 [Listener at 127.0.0.1/37717] INFO  handler.ContextHandler (ContextHandler.java:doStart(921)) - Started o.e.j.s.ServletContextHandler@68deb8e1{static,/static,file:///home/runner/work/ozone/ozone/hadoop-ozone/integration-test/target/test-classes/webapps/static,AVAILABLE}
2022-11-04 13:02:03,891 [Listener at 127.0.0.1/37717] INFO  handler.ContextHandler (ContextHandler.java:doStart(921)) - Started o.e.j.w.WebAppContext@68c5dcd9{ozoneManager,/,file:///home/runner/work/ozone/ozone/hadoop-ozone/integration-test/target/test-classes/webapps/ozoneManager/,AVAILABLE}{file:/home/runner/work/ozone/ozone/hadoop-ozone/integration-test/target/test-classes/webapps/ozoneManager}
2022-11-04 13:02:03,903 [Listener at 127.0.0.1/37717] INFO  server.AbstractConnector (AbstractConnector.java:doStart(333)) - Started ServerConnector@2ba1bed1{HTTP/1.1, (http/1.1)}{0.0.0.0:39563}
2022-11-04 13:02:03,903 [Listener at 127.0.0.1/37717] INFO  server.Server (Server.java:doStart(415)) - Started @8834ms
2022-11-04 13:02:03,903 [Listener at 127.0.0.1/37717] WARN  impl.MetricsSystemImpl (MetricsSystemImpl.java:register(279)) - Sink prometheus already exists!
2022-11-04 13:02:03,904 [Listener at 127.0.0.1/37717] INFO  http.BaseHttpServer (BaseHttpServer.java:updateConnectorAddress(333)) - HTTP server of ozoneManager listening at http://0.0.0.0:39563
2022-11-04 13:02:03,915 [IPC Server Responder] INFO  ipc.Server (Server.java:run(1512)) - IPC Server Responder: starting
2022-11-04 13:02:03,916 [IPC Server listener on 0] INFO  ipc.Server (Server.java:run(1352)) - IPC Server listener on 0: starting
2022-11-04 13:02:03,945 [Listener at 127.0.0.1/37717] INFO  om.OzoneManager (OzoneManager.java:startTrashEmptier(1922)) - Trash Interval set to 0. Files deleted won't move to trash
2022-11-04 13:02:03,954 [org.apache.hadoop.util.JvmPauseMonitor$Monitor@7fafb60] INFO  util.JvmPauseMonitor (JvmPauseMonitor.java:run(188)) - Starting JVM pause monitor
2022-11-04 13:02:04,111 [Listener at 127.0.0.1/37717] WARN  impl.MetricRegistriesImpl (MetricRegistriesImpl.java:addReporterRegistration(111)) - New reporters are added after registries were created. Some metrics will be missing from the reporter. Please add reporter before adding any new registry.
2022-11-04 13:02:04,111 [Listener at 127.0.0.1/37717] WARN  impl.MetricRegistriesImpl (MetricRegistriesImpl.java:addReporterRegistration(111)) - New reporters are added after registries were created. Some metrics will be missing from the reporter. Please add reporter before adding any new registry.
2022-11-04 13:02:04,111 [Listener at 127.0.0.1/37717] INFO  impl.MetricsSystemImpl (MetricsSystemImpl.java:init(158)) - HddsDatanode metrics system started (again)
2022-11-04 13:02:04,130 [Listener at 127.0.0.1/37717] INFO  ozone.HddsDatanodeService (HddsDatanodeService.java:start(236)) - HddsDatanodeService host:fv-az377-996.ap30g4v5sw5evmjtdmxdg2w53f.dx.internal.cloudapp.net ip:10.1.1.30
2022-11-04 13:02:04,168 [Listener at 127.0.0.1/37717] INFO  upgrade.AbstractLayoutVersionManager (AbstractLayoutVersionManager.java:init(83)) - Initializing Layout version manager with metadata layout = DATANODE_SCHEMA_V3 (version = 4), software layout = DATANODE_SCHEMA_V3 (version = 4)
2022-11-04 13:02:04,231 [Listener at 127.0.0.1/37717] INFO  reflections.Reflections (Reflections.java:scan(232)) - Reflections took 54 ms to scan 7 urls, producing 139 keys and 336 values 
2022-11-04 13:02:04,237 [Listener at 127.0.0.1/37717] INFO  statemachine.DatanodeStateMachine (DatanodeStateMachine.java:getEndPointTaskThreadPoolSize(245)) - Datanode State Machine Task Thread Pool size 2
2022-11-04 13:02:04,304 [Listener at 127.0.0.1/37717] INFO  volume.HddsVolume (HddsVolume.java:<init>(117)) - Creating HddsVolume: /home/runner/work/ozone/ozone/hadoop-ozone/integration-test/target/test-dir/MiniOzoneClusterImpl-cec56291-7f8b-4456-b869-8b5b2b7a6237/datanode-0/data-0/containers/hdds of storage type : DISK capacity : 9223372036854775807
2022-11-04 13:02:04,307 [Listener at 127.0.0.1/37717] INFO  volume.MutableVolumeSet (MutableVolumeSet.java:initializeVolumeSet(174)) - Added Volume : /home/runner/work/ozone/ozone/hadoop-ozone/integration-test/target/test-dir/MiniOzoneClusterImpl-cec56291-7f8b-4456-b869-8b5b2b7a6237/datanode-0/data-0/containers/hdds to VolumeSet
2022-11-04 13:02:04,308 [Listener at 127.0.0.1/37717] INFO  volume.ThrottledAsyncChecker (ThrottledAsyncChecker.java:schedule(141)) - Scheduling a check for /home/runner/work/ozone/ozone/hadoop-ozone/integration-test/target/test-dir/MiniOzoneClusterImpl-cec56291-7f8b-4456-b869-8b5b2b7a6237/datanode-0/data-0/containers/hdds
2022-11-04 13:02:04,327 [Listener at 127.0.0.1/37717] INFO  volume.StorageVolumeChecker (StorageVolumeChecker.java:checkAllVolumes(202)) - Scheduled health check for volume /home/runner/work/ozone/ozone/hadoop-ozone/integration-test/target/test-dir/MiniOzoneClusterImpl-cec56291-7f8b-4456-b869-8b5b2b7a6237/datanode-0/data-0/containers/hdds
2022-11-04 13:02:04,348 [Listener at 127.0.0.1/37717] INFO  volume.MutableVolumeSet (MutableVolumeSet.java:initializeVolumeSet(174)) - Added Volume : /home/runner/work/ozone/ozone/hadoop-ozone/integration-test/target/test-dir/MiniOzoneClusterImpl-cec56291-7f8b-4456-b869-8b5b2b7a6237/datanode-0/data/ratis to VolumeSet
2022-11-04 13:02:04,349 [Listener at 127.0.0.1/37717] INFO  volume.ThrottledAsyncChecker (ThrottledAsyncChecker.java:schedule(141)) - Scheduling a check for /home/runner/work/ozone/ozone/hadoop-ozone/integration-test/target/test-dir/MiniOzoneClusterImpl-cec56291-7f8b-4456-b869-8b5b2b7a6237/datanode-0/data/ratis
2022-11-04 13:02:04,349 [Listener at 127.0.0.1/37717] INFO  volume.StorageVolumeChecker (StorageVolumeChecker.java:checkAllVolumes(202)) - Scheduled health check for volume /home/runner/work/ozone/ozone/hadoop-ozone/integration-test/target/test-dir/MiniOzoneClusterImpl-cec56291-7f8b-4456-b869-8b5b2b7a6237/datanode-0/data/ratis
2022-11-04 13:02:04,377 [Thread-136] INFO  ozoneimpl.ContainerReader (ContainerReader.java:readVolume(175)) - Finish verifying containers on volume /home/runner/work/ozone/ozone/hadoop-ozone/integration-test/target/test-dir/MiniOzoneClusterImpl-cec56291-7f8b-4456-b869-8b5b2b7a6237/datanode-0/data-0/containers/hdds
2022-11-04 13:02:04,377 [Listener at 127.0.0.1/37717] INFO  ozoneimpl.OzoneContainer (OzoneContainer.java:buildContainerSet(300)) - Build ContainerSet costs 0s
2022-11-04 13:02:04,430 [Listener at 127.0.0.1/37717] INFO  audit.AuditLogger (AuditLogger.java:refreshDebugCmdSet(126)) - Refresh DebugCmdSet for DNAudit to [].
2022-11-04 13:02:04,464 [Listener at 127.0.0.1/37717] INFO  server.RaftServer (ConfUtils.java:logGet(46)) - raft.rpc.type = GRPC (default)
2022-11-04 13:02:04,464 [Listener at 127.0.0.1/37717] INFO  grpc.GrpcConfigKeys (ConfUtils.java:logFallback(53)) - raft.grpc.admin.host = null (fallback to raft.grpc.server.host)
2022-11-04 13:02:04,464 [Listener at 127.0.0.1/37717] INFO  grpc.GrpcConfigKeys (ConfUtils.java:logGet(46)) - raft.grpc.admin.port = 0 (custom)
2022-11-04 13:02:04,465 [Listener at 127.0.0.1/37717] INFO  grpc.GrpcConfigKeys (ConfUtils.java:logFallback(53)) - raft.grpc.client.host = null (fallback to raft.grpc.server.host)
2022-11-04 13:02:04,465 [Listener at 127.0.0.1/37717] INFO  grpc.GrpcConfigKeys (ConfUtils.java:logGet(46)) - raft.grpc.client.port = 0 (custom)
2022-11-04 13:02:04,465 [Listener at 127.0.0.1/37717] INFO  grpc.GrpcConfigKeys (ConfUtils.java:logGet(46)) - raft.grpc.server.host = null (default)
2022-11-04 13:02:04,465 [Listener at 127.0.0.1/37717] INFO  grpc.GrpcConfigKeys (ConfUtils.java:logGet(46)) - raft.grpc.server.port = 0 (default)
2022-11-04 13:02:04,465 [Listener at 127.0.0.1/37717] INFO  server.GrpcService (ConfUtils.java:logGet(46)) - raft.grpc.message.size.max = 32MB (=33554432) (custom)
2022-11-04 13:02:04,465 [Listener at 127.0.0.1/37717] INFO  server.RaftServerConfigKeys (ConfUtils.java:logGet(46)) - raft.server.log.appender.buffer.byte-limit = 33554432 (custom)
2022-11-04 13:02:04,465 [Listener at 127.0.0.1/37717] INFO  server.GrpcService (ConfUtils.java:logGet(46)) - raft.grpc.flow.control.window = 5MB (=5242880) (custom)
2022-11-04 13:02:04,466 [Listener at 127.0.0.1/37717] INFO  server.RaftServerConfigKeys (ConfUtils.java:logGet(46)) - raft.server.rpc.request.timeout = 60s (custom)
2022-11-04 13:02:04,466 [Listener at 127.0.0.1/37717] INFO  grpc.GrpcConfigKeys (ConfUtils.java:logGet(46)) - raft.grpc.server.heartbeat.channel = true (default)
2022-11-04 13:02:04,466 [Listener at 127.0.0.1/37717] INFO  grpc.GrpcConfigKeys (ConfUtils.java:logGet(46)) - raft.grpc.server.async.request.thread.pool.cached = true (default)
2022-11-04 13:02:04,466 [Listener at 127.0.0.1/37717] INFO  grpc.GrpcConfigKeys (ConfUtils.java:logGet(46)) - raft.grpc.server.async.request.thread.pool.size = 32 (default)
2022-11-04 13:02:04,468 [Listener at 127.0.0.1/37717] INFO  impl.DataStreamServerImpl (ConfUtils.java:logGet(46)) - raft.datastream.type = DISABLED (default)
2022-11-04 13:02:04,468 [Listener at 127.0.0.1/37717] INFO  server.RaftServerConfigKeys (ConfUtils.java:logGet(46)) - raft.server.threadpool.proxy.cached = true (default)
2022-11-04 13:02:04,468 [Listener at 127.0.0.1/37717] INFO  server.RaftServerConfigKeys (ConfUtils.java:logGet(46)) - raft.server.threadpool.proxy.size = 0 (default)
2022-11-04 13:02:04,469 [Listener at 127.0.0.1/37717] INFO  server.RaftServerConfigKeys (ConfUtils.java:logGet(46)) - raft.server.rpc.slowness.timeout = 300s (custom)
2022-11-04 13:02:04,469 [Listener at 127.0.0.1/37717] INFO  server.RaftServerConfigKeys (ConfUtils.java:logGet(46)) - raft.server.leaderelection.leader.step-down.wait-time = 10s (default)
2022-11-04 13:02:04,469 [Listener at 127.0.0.1/37717] INFO  server.RaftServerConfigKeys (ConfUtils.java:logGet(46)) - raft.server.storage.dir = [/home/runner/work/ozone/ozone/hadoop-ozone/integration-test/target/test-dir/MiniOzoneClusterImpl-cec56291-7f8b-4456-b869-8b5b2b7a6237/datanode-0/data/ratis] (custom)
2022-11-04 13:02:04,489 [Listener at 127.0.0.1/37717] INFO  server.XceiverServerGrpc (XceiverServerGrpc.java:<init>(132)) - GrpcServer channel type EpollServerSocketChannel
2022-11-04 13:02:04,566 [Listener at 127.0.0.1/37717] INFO  http.BaseHttpServer (BaseHttpServer.java:newHttpServer2BuilderForOzone(213)) - Starting Web-server for hddsDatanode at: http://0.0.0.0:0
2022-11-04 13:02:04,567 [Listener at 127.0.0.1/37717] INFO  http.BaseHttpServer (BaseHttpServer.java:<init>(108)) - Hadoop Security Enabled: false Ozone Security Enabled: false Ozone HTTP Security Enabled: false 
2022-11-04 13:02:04,568 [Listener at 127.0.0.1/37717] WARN  server.AuthenticationFilter (AuthenticationFilter.java:constructSecretProvider(240)) - Unable to initialize FileSignerSecretProvider, falling back to use random secrets. Reason: Could not read signature secret file: /home/runner/hadoop-http-auth-signature-secret
2022-11-04 13:02:04,569 [Listener at 127.0.0.1/37717] WARN  http.HttpRequestLog (HttpRequestLog.java:getRequestLog(103)) - Jetty request log can only be enabled using Log4j
2022-11-04 13:02:04,571 [Listener at 127.0.0.1/37717] INFO  http.HttpServer2 (HttpServer2.java:addGlobalFilter(1031)) - Added global filter 'safety' (class=org.apache.hadoop.hdds.server.http.HttpServer2$QuotingInputFilter)
2022-11-04 13:02:04,572 [Listener at 127.0.0.1/37717] INFO  http.HttpServer2 (HttpServer2.java:addFilter(1007)) - Added filter static_user_filter (class=org.apache.hadoop.http.lib.StaticUserWebFilter$StaticUserFilter) to context hddsDatanode
2022-11-04 13:02:04,572 [Listener at 127.0.0.1/37717] INFO  http.HttpServer2 (HttpServer2.java:addFilter(1015)) - Added filter static_user_filter (class=org.apache.hadoop.http.lib.StaticUserWebFilter$StaticUserFilter) to context static
2022-11-04 13:02:04,572 [Listener at 127.0.0.1/37717] INFO  http.HttpServer2 (HttpServer2.java:addFilter(1015)) - Added filter static_user_filter (class=org.apache.hadoop.http.lib.StaticUserWebFilter$StaticUserFilter) to context logs
2022-11-04 13:02:04,573 [Listener at 127.0.0.1/37717] INFO  http.HttpServer2 (HttpServer2.java:bindListener(1250)) - Jetty bound to port 36757
2022-11-04 13:02:04,573 [Listener at 127.0.0.1/37717] INFO  server.Server (Server.java:doStart(375)) - jetty-9.4.49.v20220914; built: 2022-09-14T01:07:36.601Z; git: 4231a3b2e4cb8548a412a789936d640a97b1aa0a; jvm 1.8.0_345-b01
2022-11-04 13:02:04,579 [Listener at 127.0.0.1/37717] INFO  server.session (DefaultSessionIdManager.java:doStart(334)) - DefaultSessionIdManager workerName=node0
2022-11-04 13:02:04,580 [Listener at 127.0.0.1/37717] INFO  server.session (DefaultSessionIdManager.java:doStart(339)) - No SessionScavenger set, using defaults
2022-11-04 13:02:04,580 [Listener at 127.0.0.1/37717] INFO  server.session (HouseKeeper.java:startScavenging(132)) - node0 Scavenging every 660000ms
2022-11-04 13:02:04,582 [Listener at 127.0.0.1/37717] INFO  handler.ContextHandler (ContextHandler.java:doStart(921)) - Started o.e.j.s.ServletContextHandler@61bf6c81{logs,/logs,file:///home/runner/work/ozone/ozone/hadoop-ozone/integration-test/target/log,AVAILABLE}
2022-11-04 13:02:04,583 [Listener at 127.0.0.1/37717] INFO  handler.ContextHandler (ContextHandler.java:doStart(921)) - Started o.e.j.s.ServletContextHandler@5145512c{static,/static,jar:file:/home/runner/.m2/repository/org/apache/ozone/hdds-container-service/1.3.0-SNAPSHOT/hdds-container-service-1.3.0-SNAPSHOT.jar!/webapps/static,AVAILABLE}
2022-11-04 13:02:04,775 [om1@group-C5BA1605619E-FollowerState] INFO  impl.FollowerState (FollowerState.java:run(143)) - om1@group-C5BA1605619E-FollowerState: change to CANDIDATE, lastRpcElapsedTime:1060257343ns, electionTimeout:1053ms
2022-11-04 13:02:04,777 [om1@group-C5BA1605619E-FollowerState] INFO  impl.RoleInfo (RoleInfo.java:shutdownFollowerState(110)) - om1: shutdown om1@group-C5BA1605619E-FollowerState
2022-11-04 13:02:04,778 [om1@group-C5BA1605619E-FollowerState] INFO  server.RaftServer$Division (RaftServerImpl.java:setRole(321)) - om1@group-C5BA1605619E: changes role from  FOLLOWER to CANDIDATE at term 0 for changeToCandidate
2022-11-04 13:02:04,781 [om1@group-C5BA1605619E-FollowerState] INFO  server.RaftServerConfigKeys (ConfUtils.java:logGet(46)) - raft.server.leaderelection.pre-vote = false (custom)
2022-11-04 13:02:04,781 [om1@group-C5BA1605619E-FollowerState] INFO  impl.RoleInfo (RoleInfo.java:updateAndGet(139)) - om1: start om1@group-C5BA1605619E-LeaderElection1
2022-11-04 13:02:04,788 [om1@group-C5BA1605619E-LeaderElection1] INFO  impl.LeaderElection (LeaderElection.java:askForVotes(312)) - om1@group-C5BA1605619E-LeaderElection1 ELECTION round 0: submit vote requests at term 1 for -1: peers:[om1|rpc:localhost:9872|priority:0|startupRole:FOLLOWER]|listeners:[], old=null
2022-11-04 13:02:04,789 [om1@group-C5BA1605619E-LeaderElection1] INFO  impl.LeaderElection (LeaderElection.java:askForVotes(314)) - om1@group-C5BA1605619E-LeaderElection1 ELECTION round 0: result PASSED (term=1)
2022-11-04 13:02:04,790 [om1@group-C5BA1605619E-LeaderElection1] INFO  impl.RoleInfo (RoleInfo.java:shutdownLeaderElection(130)) - om1: shutdown om1@group-C5BA1605619E-LeaderElection1
2022-11-04 13:02:04,790 [om1@group-C5BA1605619E-LeaderElection1] INFO  server.RaftServer$Division (RaftServerImpl.java:setRole(321)) - om1@group-C5BA1605619E: changes role from CANDIDATE to LEADER at term 1 for changeToLeader
2022-11-04 13:02:04,790 [om1@group-C5BA1605619E-LeaderElection1] INFO  server.RaftServer$Division (ServerState.java:setLeader(313)) - om1@group-C5BA1605619E: change Leader from null to om1 at term 1 for becomeLeader, leader elected after 2591ms
2022-11-04 13:02:04,806 [Listener at 127.0.0.1/37717] INFO  handler.ContextHandler (ContextHandler.java:doStart(921)) - Started o.e.j.w.WebAppContext@41a3bd2e{hddsDatanode,/,file:///tmp/jetty-0_0_0_0-36757-hdds-container-service-1_3_0-SNAPSHOT_jar-_-any-4961733566914853808/webapp/,AVAILABLE}{jar:file:/home/runner/.m2/repository/org/apache/ozone/hdds-container-service/1.3.0-SNAPSHOT/hdds-container-service-1.3.0-SNAPSHOT.jar!/webapps/hddsDatanode}
2022-11-04 13:02:04,809 [Listener at 127.0.0.1/37717] INFO  server.AbstractConnector (AbstractConnector.java:doStart(333)) - Started ServerConnector@2e008502{HTTP/1.1, (http/1.1)}{0.0.0.0:36757}
2022-11-04 13:02:04,810 [Listener at 127.0.0.1/37717] INFO  server.Server (Server.java:doStart(415)) - Started @9741ms
2022-11-04 13:02:04,810 [Listener at 127.0.0.1/37717] WARN  impl.MetricsSystemImpl (MetricsSystemImpl.java:register(279)) - Sink prometheus already exists!
2022-11-04 13:02:04,810 [om1@group-C5BA1605619E-LeaderElection1] INFO  server.RaftServerConfigKeys (ConfUtils.java:logGet(46)) - raft.server.staging.catchup.gap = 1000 (default)
2022-11-04 13:02:04,811 [Listener at 127.0.0.1/37717] INFO  http.BaseHttpServer (BaseHttpServer.java:updateConnectorAddress(333)) - HTTP server of hddsDatanode listening at http://0.0.0.0:36757
2022-11-04 13:02:04,816 [Listener at 127.0.0.1/37717] WARN  impl.MetricRegistriesImpl (MetricRegistriesImpl.java:addReporterRegistration(111)) - New reporters are added after registries were created. Some metrics will be missing from the reporter. Please add reporter before adding any new registry.
2022-11-04 13:02:04,820 [Listener at 127.0.0.1/37717] WARN  impl.MetricRegistriesImpl (MetricRegistriesImpl.java:addReporterRegistration(111)) - New reporters are added after registries were created. Some metrics will be missing from the reporter. Please add reporter before adding any new registry.
2022-11-04 13:02:04,820 [Listener at 127.0.0.1/37717] INFO  impl.MetricsSystemImpl (MetricsSystemImpl.java:init(158)) - HddsDatanode metrics system started (again)
2022-11-04 13:02:04,818 [Datanode State Machine Daemon Thread] INFO  statemachine.DatanodeStateMachine (DatanodeStateMachine.java:lambda$startDaemon$0(505)) - Ozone container server started.
2022-11-04 13:02:04,818 [om1@group-C5BA1605619E-LeaderElection1] INFO  server.RaftServerConfigKeys (ConfUtils.java:logGet(46)) - raft.server.write.element-limit = 4096 (default)
2022-11-04 13:02:04,823 [om1@group-C5BA1605619E-LeaderElection1] INFO  server.RaftServerConfigKeys (ConfUtils.java:logGet(46)) - raft.server.write.byte-limit = 64MB (=67108864) (default)
2022-11-04 13:02:04,833 [om1@group-C5BA1605619E-LeaderElection1] INFO  server.RaftServerConfigKeys (ConfUtils.java:logGet(46)) - raft.server.watch.timeout = 10s (default)
2022-11-04 13:02:04,833 [om1@group-C5BA1605619E-LeaderElection1] INFO  server.RaftServerConfigKeys (ConfUtils.java:logGet(46)) - raft.server.watch.timeout.denomination = 1s (default)
2022-11-04 13:02:04,834 [om1@group-C5BA1605619E-LeaderElection1] INFO  server.RaftServerConfigKeys (ConfUtils.java:logGet(46)) - raft.server.watch.element-limit = 65536 (default)
2022-11-04 13:02:04,843 [om1@group-C5BA1605619E-LeaderElection1] INFO  server.RaftServerConfigKeys (ConfUtils.java:logGet(46)) - raft.server.write.element-limit = 4096 (default)
2022-11-04 13:02:04,846 [om1@group-C5BA1605619E-LeaderElection1] INFO  server.RaftServerConfigKeys (ConfUtils.java:logGet(46)) - raft.server.write.follower.gap.ratio.max = -1.0 (default)
2022-11-04 13:02:04,850 [om1@group-C5BA1605619E-LeaderElection1] INFO  impl.RoleInfo (RoleInfo.java:updateAndGet(139)) - om1: start om1@group-C5BA1605619E-LeaderStateImpl
2022-11-04 13:02:04,867 [org.apache.hadoop.util.JvmPauseMonitor$Monitor@32576b0e] INFO  util.JvmPauseMonitor (JvmPauseMonitor.java:run(188)) - Starting JVM pause monitor
2022-11-04 13:02:04,873 [Listener at 127.0.0.1/37717] INFO  ozone.HddsDatanodeService (HddsDatanodeService.java:start(236)) - HddsDatanodeService host:fv-az377-996.ap30g4v5sw5evmjtdmxdg2w53f.dx.internal.cloudapp.net ip:10.1.1.30
2022-11-04 13:02:04,912 [Listener at 127.0.0.1/37717] INFO  upgrade.AbstractLayoutVersionManager (AbstractLayoutVersionManager.java:init(83)) - Initializing Layout version manager with metadata layout = DATANODE_SCHEMA_V3 (version = 4), software layout = DATANODE_SCHEMA_V3 (version = 4)
2022-11-04 13:02:04,965 [om1@group-C5BA1605619E-LeaderElection1] INFO  segmented.SegmentedRaftLogWorker (SegmentedRaftLogWorker.java:startLogSegment(452)) - om1@group-C5BA1605619E-SegmentedRaftLogWorker: Starting segment from index:0
2022-11-04 13:02:05,080 [Listener at 127.0.0.1/37717] INFO  reflections.Reflections (Reflections.java:scan(232)) - Reflections took 166 ms to scan 7 urls, producing 139 keys and 336 values 
2022-11-04 13:02:05,082 [Listener at 127.0.0.1/37717] INFO  statemachine.DatanodeStateMachine (DatanodeStateMachine.java:getEndPointTaskThreadPoolSize(245)) - Datanode State Machine Task Thread Pool size 2
2022-11-04 13:02:05,093 [Listener at 127.0.0.1/37717] INFO  volume.HddsVolume (HddsVolume.java:<init>(117)) - Creating HddsVolume: /home/runner/work/ozone/ozone/hadoop-ozone/integration-test/target/test-dir/MiniOzoneClusterImpl-cec56291-7f8b-4456-b869-8b5b2b7a6237/datanode-1/data-0/containers/hdds of storage type : DISK capacity : 9223372036854775807
2022-11-04 13:02:05,093 [Listener at 127.0.0.1/37717] INFO  volume.MutableVolumeSet (MutableVolumeSet.java:initializeVolumeSet(174)) - Added Volume : /home/runner/work/ozone/ozone/hadoop-ozone/integration-test/target/test-dir/MiniOzoneClusterImpl-cec56291-7f8b-4456-b869-8b5b2b7a6237/datanode-1/data-0/containers/hdds to VolumeSet
2022-11-04 13:02:05,093 [Listener at 127.0.0.1/37717] INFO  volume.ThrottledAsyncChecker (ThrottledAsyncChecker.java:schedule(141)) - Scheduling a check for /home/runner/work/ozone/ozone/hadoop-ozone/integration-test/target/test-dir/MiniOzoneClusterImpl-cec56291-7f8b-4456-b869-8b5b2b7a6237/datanode-1/data-0/containers/hdds
2022-11-04 13:02:05,101 [Listener at 127.0.0.1/37717] INFO  volume.StorageVolumeChecker (StorageVolumeChecker.java:checkAllVolumes(202)) - Scheduled health check for volume /home/runner/work/ozone/ozone/hadoop-ozone/integration-test/target/test-dir/MiniOzoneClusterImpl-cec56291-7f8b-4456-b869-8b5b2b7a6237/datanode-1/data-0/containers/hdds
2022-11-04 13:02:05,115 [Listener at 127.0.0.1/37717] INFO  volume.MutableVolumeSet (MutableVolumeSet.java:initializeVolumeSet(174)) - Added Volume : /home/runner/work/ozone/ozone/hadoop-ozone/integration-test/target/test-dir/MiniOzoneClusterImpl-cec56291-7f8b-4456-b869-8b5b2b7a6237/datanode-1/data/ratis to VolumeSet
2022-11-04 13:02:05,125 [Listener at 127.0.0.1/37717] INFO  volume.ThrottledAsyncChecker (ThrottledAsyncChecker.java:schedule(141)) - Scheduling a check for /home/runner/work/ozone/ozone/hadoop-ozone/integration-test/target/test-dir/MiniOzoneClusterImpl-cec56291-7f8b-4456-b869-8b5b2b7a6237/datanode-1/data/ratis
2022-11-04 13:02:05,126 [Listener at 127.0.0.1/37717] INFO  volume.StorageVolumeChecker (StorageVolumeChecker.java:checkAllVolumes(202)) - Scheduled health check for volume /home/runner/work/ozone/ozone/hadoop-ozone/integration-test/target/test-dir/MiniOzoneClusterImpl-cec56291-7f8b-4456-b869-8b5b2b7a6237/datanode-1/data/ratis
2022-11-04 13:02:05,136 [om1@group-C5BA1605619E-LeaderElection1] INFO  server.RaftServer$Division (ServerState.java:setRaftConf(430)) - om1@group-C5BA1605619E: set configuration 0: peers:[om1|rpc:localhost:9872|admin:|client:|dataStream:|priority:0|startupRole:FOLLOWER]|listeners:[], old=null
2022-11-04 13:02:05,183 [Thread-151] INFO  ozoneimpl.ContainerReader (ContainerReader.java:readVolume(175)) - Finish verifying containers on volume /home/runner/work/ozone/ozone/hadoop-ozone/integration-test/target/test-dir/MiniOzoneClusterImpl-cec56291-7f8b-4456-b869-8b5b2b7a6237/datanode-1/data-0/containers/hdds
2022-11-04 13:02:05,185 [Listener at 127.0.0.1/37717] INFO  ozoneimpl.OzoneContainer (OzoneContainer.java:buildContainerSet(300)) - Build ContainerSet costs 0s
2022-11-04 13:02:05,189 [Listener at 127.0.0.1/37717] INFO  server.RaftServer (ConfUtils.java:logGet(46)) - raft.rpc.type = GRPC (default)
2022-11-04 13:02:05,190 [Listener at 127.0.0.1/37717] INFO  grpc.GrpcConfigKeys (ConfUtils.java:logFallback(53)) - raft.grpc.admin.host = null (fallback to raft.grpc.server.host)
2022-11-04 13:02:05,190 [Listener at 127.0.0.1/37717] INFO  grpc.GrpcConfigKeys (ConfUtils.java:logGet(46)) - raft.grpc.admin.port = 0 (custom)
2022-11-04 13:02:05,190 [Listener at 127.0.0.1/37717] INFO  grpc.GrpcConfigKeys (ConfUtils.java:logFallback(53)) - raft.grpc.client.host = null (fallback to raft.grpc.server.host)
2022-11-04 13:02:05,190 [Listener at 127.0.0.1/37717] INFO  grpc.GrpcConfigKeys (ConfUtils.java:logGet(46)) - raft.grpc.client.port = 0 (custom)
2022-11-04 13:02:05,190 [Listener at 127.0.0.1/37717] INFO  grpc.GrpcConfigKeys (ConfUtils.java:logGet(46)) - raft.grpc.server.host = null (default)
2022-11-04 13:02:05,190 [Listener at 127.0.0.1/37717] INFO  grpc.GrpcConfigKeys (ConfUtils.java:logGet(46)) - raft.grpc.server.port = 0 (default)
2022-11-04 13:02:05,190 [Listener at 127.0.0.1/37717] INFO  server.GrpcService (ConfUtils.java:logGet(46)) - raft.grpc.message.size.max = 32MB (=33554432) (custom)
2022-11-04 13:02:05,191 [Listener at 127.0.0.1/37717] INFO  server.RaftServerConfigKeys (ConfUtils.java:logGet(46)) - raft.server.log.appender.buffer.byte-limit = 33554432 (custom)
2022-11-04 13:02:05,191 [Listener at 127.0.0.1/37717] INFO  server.GrpcService (ConfUtils.java:logGet(46)) - raft.grpc.flow.control.window = 5MB (=5242880) (custom)
2022-11-04 13:02:05,191 [Listener at 127.0.0.1/37717] INFO  server.RaftServerConfigKeys (ConfUtils.java:logGet(46)) - raft.server.rpc.request.timeout = 60s (custom)
2022-11-04 13:02:05,191 [Listener at 127.0.0.1/37717] INFO  grpc.GrpcConfigKeys (ConfUtils.java:logGet(46)) - raft.grpc.server.heartbeat.channel = true (default)
2022-11-04 13:02:05,191 [Listener at 127.0.0.1/37717] INFO  grpc.GrpcConfigKeys (ConfUtils.java:logGet(46)) - raft.grpc.server.async.request.thread.pool.cached = true (default)
2022-11-04 13:02:05,191 [Listener at 127.0.0.1/37717] INFO  grpc.GrpcConfigKeys (ConfUtils.java:logGet(46)) - raft.grpc.server.async.request.thread.pool.size = 32 (default)
2022-11-04 13:02:05,195 [Listener at 127.0.0.1/37717] INFO  impl.DataStreamServerImpl (ConfUtils.java:logGet(46)) - raft.datastream.type = DISABLED (default)
2022-11-04 13:02:05,195 [Listener at 127.0.0.1/37717] INFO  server.RaftServerConfigKeys (ConfUtils.java:logGet(46)) - raft.server.threadpool.proxy.cached = true (default)
2022-11-04 13:02:05,195 [Listener at 127.0.0.1/37717] INFO  server.RaftServerConfigKeys (ConfUtils.java:logGet(46)) - raft.server.threadpool.proxy.size = 0 (default)
2022-11-04 13:02:05,196 [Listener at 127.0.0.1/37717] INFO  server.RaftServerConfigKeys (ConfUtils.java:logGet(46)) - raft.server.rpc.slowness.timeout = 300s (custom)
2022-11-04 13:02:05,196 [Listener at 127.0.0.1/37717] INFO  server.RaftServerConfigKeys (ConfUtils.java:logGet(46)) - raft.server.leaderelection.leader.step-down.wait-time = 10s (default)
2022-11-04 13:02:05,197 [Listener at 127.0.0.1/37717] INFO  server.RaftServerConfigKeys (ConfUtils.java:logGet(46)) - raft.server.storage.dir = [/home/runner/work/ozone/ozone/hadoop-ozone/integration-test/target/test-dir/MiniOzoneClusterImpl-cec56291-7f8b-4456-b869-8b5b2b7a6237/datanode-1/data/ratis] (custom)
2022-11-04 13:02:05,204 [Listener at 127.0.0.1/37717] INFO  server.XceiverServerGrpc (XceiverServerGrpc.java:<init>(132)) - GrpcServer channel type EpollServerSocketChannel
2022-11-04 13:02:05,214 [Listener at 127.0.0.1/37717] INFO  http.BaseHttpServer (BaseHttpServer.java:newHttpServer2BuilderForOzone(213)) - Starting Web-server for hddsDatanode at: http://0.0.0.0:0
2022-11-04 13:02:05,214 [Listener at 127.0.0.1/37717] INFO  http.BaseHttpServer (BaseHttpServer.java:<init>(108)) - Hadoop Security Enabled: false Ozone Security Enabled: false Ozone HTTP Security Enabled: false 
2022-11-04 13:02:05,216 [Listener at 127.0.0.1/37717] WARN  server.AuthenticationFilter (AuthenticationFilter.java:constructSecretProvider(240)) - Unable to initialize FileSignerSecretProvider, falling back to use random secrets. Reason: Could not read signature secret file: /home/runner/hadoop-http-auth-signature-secret
2022-11-04 13:02:05,220 [Listener at 127.0.0.1/37717] WARN  http.HttpRequestLog (HttpRequestLog.java:getRequestLog(103)) - Jetty request log can only be enabled using Log4j
2022-11-04 13:02:05,221 [Listener at 127.0.0.1/37717] INFO  http.HttpServer2 (HttpServer2.java:addGlobalFilter(1031)) - Added global filter 'safety' (class=org.apache.hadoop.hdds.server.http.HttpServer2$QuotingInputFilter)
2022-11-04 13:02:05,222 [Listener at 127.0.0.1/37717] INFO  http.HttpServer2 (HttpServer2.java:addFilter(1007)) - Added filter static_user_filter (class=org.apache.hadoop.http.lib.StaticUserWebFilter$StaticUserFilter) to context hddsDatanode
2022-11-04 13:02:05,222 [Listener at 127.0.0.1/37717] INFO  http.HttpServer2 (HttpServer2.java:addFilter(1015)) - Added filter static_user_filter (class=org.apache.hadoop.http.lib.StaticUserWebFilter$StaticUserFilter) to context logs
2022-11-04 13:02:05,222 [Listener at 127.0.0.1/37717] INFO  http.HttpServer2 (HttpServer2.java:addFilter(1015)) - Added filter static_user_filter (class=org.apache.hadoop.http.lib.StaticUserWebFilter$StaticUserFilter) to context static
2022-11-04 13:02:05,223 [Listener at 127.0.0.1/37717] INFO  http.HttpServer2 (HttpServer2.java:bindListener(1250)) - Jetty bound to port 36781
2022-11-04 13:02:05,223 [Listener at 127.0.0.1/37717] INFO  server.Server (Server.java:doStart(375)) - jetty-9.4.49.v20220914; built: 2022-09-14T01:07:36.601Z; git: 4231a3b2e4cb8548a412a789936d640a97b1aa0a; jvm 1.8.0_345-b01
2022-11-04 13:02:05,225 [Datanode State Machine Task Thread - 0] INFO  datanode.InitDatanodeState (InitDatanodeState.java:persistContainerDatanodeDetails(138)) - DatanodeDetails is persisted to /home/runner/work/ozone/ozone/hadoop-ozone/integration-test/target/test-dir/MiniOzoneClusterImpl-cec56291-7f8b-4456-b869-8b5b2b7a6237/datanode-0/meta/datanode.id
2022-11-04 13:02:05,245 [Listener at 127.0.0.1/37717] INFO  server.session (DefaultSessionIdManager.java:doStart(334)) - DefaultSessionIdManager workerName=node0
2022-11-04 13:02:05,245 [Listener at 127.0.0.1/37717] INFO  server.session (DefaultSessionIdManager.java:doStart(339)) - No SessionScavenger set, using defaults
2022-11-04 13:02:05,246 [Listener at 127.0.0.1/37717] INFO  server.session (HouseKeeper.java:startScavenging(132)) - node0 Scavenging every 660000ms
2022-11-04 13:02:05,248 [Listener at 127.0.0.1/37717] INFO  handler.ContextHandler (ContextHandler.java:doStart(921)) - Started o.e.j.s.ServletContextHandler@6ae0e411{logs,/logs,file:///home/runner/work/ozone/ozone/hadoop-ozone/integration-test/target/log,AVAILABLE}
2022-11-04 13:02:05,249 [Listener at 127.0.0.1/37717] INFO  handler.ContextHandler (ContextHandler.java:doStart(921)) - Started o.e.j.s.ServletContextHandler@440bf250{static,/static,jar:file:/home/runner/.m2/repository/org/apache/ozone/hdds-container-service/1.3.0-SNAPSHOT/hdds-container-service-1.3.0-SNAPSHOT.jar!/webapps/static,AVAILABLE}
2022-11-04 13:02:05,255 [om1@group-C5BA1605619E-SegmentedRaftLogWorker] INFO  segmented.SegmentedRaftLogWorker (SegmentedRaftLogWorker.java:execute(656)) - om1@group-C5BA1605619E-SegmentedRaftLogWorker: created new log segment /home/runner/work/ozone/ozone/hadoop-ozone/integration-test/target/test-dir/MiniOzoneClusterImpl-cec56291-7f8b-4456-b869-8b5b2b7a6237/ozone-meta/ratis/bf265839-605b-3f16-9796-c5ba1605619e/current/log_inprogress_0
2022-11-04 13:02:05,447 [om1@group-C5BA1605619E-StateMachineUpdater] INFO  ratis.OzoneManagerStateMachine (OzoneManagerStateMachine.java:notifyConfigurationChanged(192)) - Received Configuration change notification from Ratis. New Peer list:
[id: "om1"
address: "localhost:9872"
startupRole: FOLLOWER
]
2022-11-04 13:02:05,530 [Listener at 127.0.0.1/37717] INFO  handler.ContextHandler (ContextHandler.java:doStart(921)) - Started o.e.j.w.WebAppContext@35454e3b{hddsDatanode,/,file:///tmp/jetty-0_0_0_0-36781-hdds-container-service-1_3_0-SNAPSHOT_jar-_-any-6310760757595499755/webapp/,AVAILABLE}{jar:file:/home/runner/.m2/repository/org/apache/ozone/hdds-container-service/1.3.0-SNAPSHOT/hdds-container-service-1.3.0-SNAPSHOT.jar!/webapps/hddsDatanode}
2022-11-04 13:02:05,532 [Listener at 127.0.0.1/37717] INFO  server.AbstractConnector (AbstractConnector.java:doStart(333)) - Started ServerConnector@6e92e40a{HTTP/1.1, (http/1.1)}{0.0.0.0:36781}
2022-11-04 13:02:05,532 [Listener at 127.0.0.1/37717] INFO  server.Server (Server.java:doStart(415)) - Started @10463ms
2022-11-04 13:02:05,533 [Listener at 127.0.0.1/37717] WARN  impl.MetricsSystemImpl (MetricsSystemImpl.java:register(279)) - Sink prometheus already exists!
2022-11-04 13:02:05,533 [Listener at 127.0.0.1/37717] INFO  http.BaseHttpServer (BaseHttpServer.java:updateConnectorAddress(333)) - HTTP server of hddsDatanode listening at http://0.0.0.0:36781
2022-11-04 13:02:05,540 [Listener at 127.0.0.1/37717] WARN  impl.MetricRegistriesImpl (MetricRegistriesImpl.java:addReporterRegistration(111)) - New reporters are added after registries were created. Some metrics will be missing from the reporter. Please add reporter before adding any new registry.
2022-11-04 13:02:05,540 [Listener at 127.0.0.1/37717] WARN  impl.MetricRegistriesImpl (MetricRegistriesImpl.java:addReporterRegistration(111)) - New reporters are added after registries were created. Some metrics will be missing from the reporter. Please add reporter before adding any new registry.
2022-11-04 13:02:05,540 [Listener at 127.0.0.1/37717] INFO  impl.MetricsSystemImpl (MetricsSystemImpl.java:init(158)) - HddsDatanode metrics system started (again)
2022-11-04 13:02:05,540 [Datanode State Machine Daemon Thread] INFO  statemachine.DatanodeStateMachine (DatanodeStateMachine.java:lambda$startDaemon$0(505)) - Ozone container server started.
2022-11-04 13:02:05,559 [Listener at 127.0.0.1/37717] INFO  ozone.HddsDatanodeService (HddsDatanodeService.java:start(236)) - HddsDatanodeService host:fv-az377-996.ap30g4v5sw5evmjtdmxdg2w53f.dx.internal.cloudapp.net ip:10.1.1.30
2022-11-04 13:02:05,564 [org.apache.hadoop.util.JvmPauseMonitor$Monitor@3d7449f9] INFO  util.JvmPauseMonitor (JvmPauseMonitor.java:run(188)) - Starting JVM pause monitor
2022-11-04 13:02:05,573 [Datanode State Machine Task Thread - 0] INFO  datanode.InitDatanodeState (InitDatanodeState.java:persistContainerDatanodeDetails(138)) - DatanodeDetails is persisted to /home/runner/work/ozone/ozone/hadoop-ozone/integration-test/target/test-dir/MiniOzoneClusterImpl-cec56291-7f8b-4456-b869-8b5b2b7a6237/datanode-1/meta/datanode.id
2022-11-04 13:02:05,601 [Listener at 127.0.0.1/37717] INFO  upgrade.AbstractLayoutVersionManager (AbstractLayoutVersionManager.java:init(83)) - Initializing Layout version manager with metadata layout = DATANODE_SCHEMA_V3 (version = 4), software layout = DATANODE_SCHEMA_V3 (version = 4)
2022-11-04 13:02:05,669 [Listener at 127.0.0.1/37717] INFO  reflections.Reflections (Reflections.java:scan(232)) - Reflections took 61 ms to scan 7 urls, producing 139 keys and 336 values 
2022-11-04 13:02:05,673 [Listener at 127.0.0.1/37717] INFO  statemachine.DatanodeStateMachine (DatanodeStateMachine.java:getEndPointTaskThreadPoolSize(245)) - Datanode State Machine Task Thread Pool size 2
2022-11-04 13:02:05,677 [Listener at 127.0.0.1/37717] INFO  volume.HddsVolume (HddsVolume.java:<init>(117)) - Creating HddsVolume: /home/runner/work/ozone/ozone/hadoop-ozone/integration-test/target/test-dir/MiniOzoneClusterImpl-cec56291-7f8b-4456-b869-8b5b2b7a6237/datanode-2/data-0/containers/hdds of storage type : DISK capacity : 9223372036854775807
2022-11-04 13:02:05,678 [Listener at 127.0.0.1/37717] INFO  volume.MutableVolumeSet (MutableVolumeSet.java:initializeVolumeSet(174)) - Added Volume : /home/runner/work/ozone/ozone/hadoop-ozone/integration-test/target/test-dir/MiniOzoneClusterImpl-cec56291-7f8b-4456-b869-8b5b2b7a6237/datanode-2/data-0/containers/hdds to VolumeSet
2022-11-04 13:02:05,678 [Listener at 127.0.0.1/37717] INFO  volume.ThrottledAsyncChecker (ThrottledAsyncChecker.java:schedule(141)) - Scheduling a check for /home/runner/work/ozone/ozone/hadoop-ozone/integration-test/target/test-dir/MiniOzoneClusterImpl-cec56291-7f8b-4456-b869-8b5b2b7a6237/datanode-2/data-0/containers/hdds
2022-11-04 13:02:05,680 [Listener at 127.0.0.1/37717] INFO  volume.StorageVolumeChecker (StorageVolumeChecker.java:checkAllVolumes(202)) - Scheduled health check for volume /home/runner/work/ozone/ozone/hadoop-ozone/integration-test/target/test-dir/MiniOzoneClusterImpl-cec56291-7f8b-4456-b869-8b5b2b7a6237/datanode-2/data-0/containers/hdds
2022-11-04 13:02:05,693 [Listener at 127.0.0.1/37717] INFO  volume.MutableVolumeSet (MutableVolumeSet.java:initializeVolumeSet(174)) - Added Volume : /home/runner/work/ozone/ozone/hadoop-ozone/integration-test/target/test-dir/MiniOzoneClusterImpl-cec56291-7f8b-4456-b869-8b5b2b7a6237/datanode-2/data/ratis to VolumeSet
2022-11-04 13:02:05,693 [Listener at 127.0.0.1/37717] INFO  volume.ThrottledAsyncChecker (ThrottledAsyncChecker.java:schedule(141)) - Scheduling a check for /home/runner/work/ozone/ozone/hadoop-ozone/integration-test/target/test-dir/MiniOzoneClusterImpl-cec56291-7f8b-4456-b869-8b5b2b7a6237/datanode-2/data/ratis
2022-11-04 13:02:05,694 [Listener at 127.0.0.1/37717] INFO  volume.StorageVolumeChecker (StorageVolumeChecker.java:checkAllVolumes(202)) - Scheduled health check for volume /home/runner/work/ozone/ozone/hadoop-ozone/integration-test/target/test-dir/MiniOzoneClusterImpl-cec56291-7f8b-4456-b869-8b5b2b7a6237/datanode-2/data/ratis
2022-11-04 13:02:05,706 [Thread-164] INFO  ozoneimpl.ContainerReader (ContainerReader.java:readVolume(175)) - Finish verifying containers on volume /home/runner/work/ozone/ozone/hadoop-ozone/integration-test/target/test-dir/MiniOzoneClusterImpl-cec56291-7f8b-4456-b869-8b5b2b7a6237/datanode-2/data-0/containers/hdds
2022-11-04 13:02:05,707 [Listener at 127.0.0.1/37717] INFO  ozoneimpl.OzoneContainer (OzoneContainer.java:buildContainerSet(300)) - Build ContainerSet costs 0s
2022-11-04 13:02:05,710 [Listener at 127.0.0.1/37717] INFO  server.RaftServer (ConfUtils.java:logGet(46)) - raft.rpc.type = GRPC (default)
2022-11-04 13:02:05,710 [Listener at 127.0.0.1/37717] INFO  grpc.GrpcConfigKeys (ConfUtils.java:logFallback(53)) - raft.grpc.admin.host = null (fallback to raft.grpc.server.host)
2022-11-04 13:02:05,710 [Listener at 127.0.0.1/37717] INFO  grpc.GrpcConfigKeys (ConfUtils.java:logGet(46)) - raft.grpc.admin.port = 0 (custom)
2022-11-04 13:02:05,710 [Listener at 127.0.0.1/37717] INFO  grpc.GrpcConfigKeys (ConfUtils.java:logFallback(53)) - raft.grpc.client.host = null (fallback to raft.grpc.server.host)
2022-11-04 13:02:05,711 [Listener at 127.0.0.1/37717] INFO  grpc.GrpcConfigKeys (ConfUtils.java:logGet(46)) - raft.grpc.client.port = 0 (custom)
2022-11-04 13:02:05,711 [Listener at 127.0.0.1/37717] INFO  grpc.GrpcConfigKeys (ConfUtils.java:logGet(46)) - raft.grpc.server.host = null (default)
2022-11-04 13:02:05,711 [Listener at 127.0.0.1/37717] INFO  grpc.GrpcConfigKeys (ConfUtils.java:logGet(46)) - raft.grpc.server.port = 0 (default)
2022-11-04 13:02:05,711 [Listener at 127.0.0.1/37717] INFO  server.GrpcService (ConfUtils.java:logGet(46)) - raft.grpc.message.size.max = 32MB (=33554432) (custom)
2022-11-04 13:02:05,711 [Listener at 127.0.0.1/37717] INFO  server.RaftServerConfigKeys (ConfUtils.java:logGet(46)) - raft.server.log.appender.buffer.byte-limit = 33554432 (custom)
2022-11-04 13:02:05,711 [Listener at 127.0.0.1/37717] INFO  server.GrpcService (ConfUtils.java:logGet(46)) - raft.grpc.flow.control.window = 5MB (=5242880) (custom)
2022-11-04 13:02:05,719 [Listener at 127.0.0.1/37717] INFO  server.RaftServerConfigKeys (ConfUtils.java:logGet(46)) - raft.server.rpc.request.timeout = 60s (custom)
2022-11-04 13:02:05,720 [Listener at 127.0.0.1/37717] INFO  grpc.GrpcConfigKeys (ConfUtils.java:logGet(46)) - raft.grpc.server.heartbeat.channel = true (default)
2022-11-04 13:02:05,720 [Listener at 127.0.0.1/37717] INFO  grpc.GrpcConfigKeys (ConfUtils.java:logGet(46)) - raft.grpc.server.async.request.thread.pool.cached = true (default)
2022-11-04 13:02:05,720 [Listener at 127.0.0.1/37717] INFO  grpc.GrpcConfigKeys (ConfUtils.java:logGet(46)) - raft.grpc.server.async.request.thread.pool.size = 32 (default)
2022-11-04 13:02:05,721 [Listener at 127.0.0.1/37717] INFO  impl.DataStreamServerImpl (ConfUtils.java:logGet(46)) - raft.datastream.type = DISABLED (default)
2022-11-04 13:02:05,722 [Listener at 127.0.0.1/37717] INFO  server.RaftServerConfigKeys (ConfUtils.java:logGet(46)) - raft.server.threadpool.proxy.cached = true (default)
2022-11-04 13:02:05,722 [Listener at 127.0.0.1/37717] INFO  server.RaftServerConfigKeys (ConfUtils.java:logGet(46)) - raft.server.threadpool.proxy.size = 0 (default)
2022-11-04 13:02:05,722 [Listener at 127.0.0.1/37717] INFO  server.RaftServerConfigKeys (ConfUtils.java:logGet(46)) - raft.server.rpc.slowness.timeout = 300s (custom)
2022-11-04 13:02:05,722 [Listener at 127.0.0.1/37717] INFO  server.RaftServerConfigKeys (ConfUtils.java:logGet(46)) - raft.server.leaderelection.leader.step-down.wait-time = 10s (default)
2022-11-04 13:02:05,722 [Listener at 127.0.0.1/37717] INFO  server.RaftServerConfigKeys (ConfUtils.java:logGet(46)) - raft.server.storage.dir = [/home/runner/work/ozone/ozone/hadoop-ozone/integration-test/target/test-dir/MiniOzoneClusterImpl-cec56291-7f8b-4456-b869-8b5b2b7a6237/datanode-2/data/ratis] (custom)
2022-11-04 13:02:05,730 [Listener at 127.0.0.1/37717] INFO  server.XceiverServerGrpc (XceiverServerGrpc.java:<init>(132)) - GrpcServer channel type EpollServerSocketChannel
2022-11-04 13:02:05,749 [Listener at 127.0.0.1/37717] INFO  http.BaseHttpServer (BaseHttpServer.java:newHttpServer2BuilderForOzone(213)) - Starting Web-server for hddsDatanode at: http://0.0.0.0:0
2022-11-04 13:02:05,749 [Listener at 127.0.0.1/37717] INFO  http.BaseHttpServer (BaseHttpServer.java:<init>(108)) - Hadoop Security Enabled: false Ozone Security Enabled: false Ozone HTTP Security Enabled: false 
2022-11-04 13:02:05,751 [Listener at 127.0.0.1/37717] WARN  server.AuthenticationFilter (AuthenticationFilter.java:constructSecretProvider(240)) - Unable to initialize FileSignerSecretProvider, falling back to use random secrets. Reason: Could not read signature secret file: /home/runner/hadoop-http-auth-signature-secret
2022-11-04 13:02:05,755 [Listener at 127.0.0.1/37717] WARN  http.HttpRequestLog (HttpRequestLog.java:getRequestLog(103)) - Jetty request log can only be enabled using Log4j
2022-11-04 13:02:05,760 [Listener at 127.0.0.1/37717] INFO  http.HttpServer2 (HttpServer2.java:addGlobalFilter(1031)) - Added global filter 'safety' (class=org.apache.hadoop.hdds.server.http.HttpServer2$QuotingInputFilter)
2022-11-04 13:02:05,762 [Listener at 127.0.0.1/37717] INFO  http.HttpServer2 (HttpServer2.java:addFilter(1007)) - Added filter static_user_filter (class=org.apache.hadoop.http.lib.StaticUserWebFilter$StaticUserFilter) to context hddsDatanode
2022-11-04 13:02:05,763 [Listener at 127.0.0.1/37717] INFO  http.HttpServer2 (HttpServer2.java:addFilter(1015)) - Added filter static_user_filter (class=org.apache.hadoop.http.lib.StaticUserWebFilter$StaticUserFilter) to context static
2022-11-04 13:02:05,763 [Listener at 127.0.0.1/37717] INFO  http.HttpServer2 (HttpServer2.java:addFilter(1015)) - Added filter static_user_filter (class=org.apache.hadoop.http.lib.StaticUserWebFilter$StaticUserFilter) to context logs
2022-11-04 13:02:05,768 [Listener at 127.0.0.1/37717] INFO  http.HttpServer2 (HttpServer2.java:bindListener(1250)) - Jetty bound to port 38151
2022-11-04 13:02:05,768 [Listener at 127.0.0.1/37717] INFO  server.Server (Server.java:doStart(375)) - jetty-9.4.49.v20220914; built: 2022-09-14T01:07:36.601Z; git: 4231a3b2e4cb8548a412a789936d640a97b1aa0a; jvm 1.8.0_345-b01
2022-11-04 13:02:05,770 [Listener at 127.0.0.1/37717] INFO  server.session (DefaultSessionIdManager.java:doStart(334)) - DefaultSessionIdManager workerName=node0
2022-11-04 13:02:05,770 [Listener at 127.0.0.1/37717] INFO  server.session (DefaultSessionIdManager.java:doStart(339)) - No SessionScavenger set, using defaults
2022-11-04 13:02:05,770 [Listener at 127.0.0.1/37717] INFO  server.session (HouseKeeper.java:startScavenging(132)) - node0 Scavenging every 660000ms
2022-11-04 13:02:05,771 [Listener at 127.0.0.1/37717] INFO  handler.ContextHandler (ContextHandler.java:doStart(921)) - Started o.e.j.s.ServletContextHandler@1d983b15{logs,/logs,file:///home/runner/work/ozone/ozone/hadoop-ozone/integration-test/target/log,AVAILABLE}
2022-11-04 13:02:05,771 [Listener at 127.0.0.1/37717] INFO  handler.ContextHandler (ContextHandler.java:doStart(921)) - Started o.e.j.s.ServletContextHandler@4388206e{static,/static,jar:file:/home/runner/.m2/repository/org/apache/ozone/hdds-container-service/1.3.0-SNAPSHOT/hdds-container-service-1.3.0-SNAPSHOT.jar!/webapps/static,AVAILABLE}
2022-11-04 13:02:05,973 [Listener at 127.0.0.1/37717] INFO  handler.ContextHandler (ContextHandler.java:doStart(921)) - Started o.e.j.w.WebAppContext@66d2ed64{hddsDatanode,/,file:///tmp/jetty-0_0_0_0-38151-hdds-container-service-1_3_0-SNAPSHOT_jar-_-any-8236845758224282594/webapp/,AVAILABLE}{jar:file:/home/runner/.m2/repository/org/apache/ozone/hdds-container-service/1.3.0-SNAPSHOT/hdds-container-service-1.3.0-SNAPSHOT.jar!/webapps/hddsDatanode}
2022-11-04 13:02:05,975 [Listener at 127.0.0.1/37717] INFO  server.AbstractConnector (AbstractConnector.java:doStart(333)) - Started ServerConnector@38407b0e{HTTP/1.1, (http/1.1)}{0.0.0.0:38151}
2022-11-04 13:02:05,975 [Listener at 127.0.0.1/37717] INFO  server.Server (Server.java:doStart(415)) - Started @10906ms
2022-11-04 13:02:05,976 [Listener at 127.0.0.1/37717] WARN  impl.MetricsSystemImpl (MetricsSystemImpl.java:register(279)) - Sink prometheus already exists!
2022-11-04 13:02:05,976 [Listener at 127.0.0.1/37717] INFO  http.BaseHttpServer (BaseHttpServer.java:updateConnectorAddress(333)) - HTTP server of hddsDatanode listening at http://0.0.0.0:38151
2022-11-04 13:02:05,977 [Datanode State Machine Daemon Thread] INFO  statemachine.DatanodeStateMachine (DatanodeStateMachine.java:lambda$startDaemon$0(505)) - Ozone container server started.
2022-11-04 13:02:05,979 [Listener at 127.0.0.1/37717] INFO  ozone.MiniOzoneClusterImpl (MiniOzoneClusterImpl.java:lambda$waitForClusterToBeReady$0(216)) - Waiting for nodes to be ready. Got 0 of 3 DN Heartbeats.
2022-11-04 13:02:05,979 [Listener at 127.0.0.1/37717] INFO  ozone.MiniOzoneClusterImpl (MiniOzoneClusterImpl.java:lambda$waitForClusterToBeReady$0(219)) - Waiting for cluster to exit safe mode
2022-11-04 13:02:05,979 [Listener at 127.0.0.1/37717] INFO  ozone.MiniOzoneClusterImpl (MiniOzoneClusterImpl.java:lambda$waitForClusterToBeReady$0(221)) - SCM became leader
2022-11-04 13:02:05,986 [Datanode State Machine Task Thread - 0] INFO  datanode.InitDatanodeState (InitDatanodeState.java:persistContainerDatanodeDetails(138)) - DatanodeDetails is persisted to /home/runner/work/ozone/ozone/hadoop-ozone/integration-test/target/test-dir/MiniOzoneClusterImpl-cec56291-7f8b-4456-b869-8b5b2b7a6237/datanode-2/meta/datanode.id
2022-11-04 13:02:05,986 [org.apache.hadoop.util.JvmPauseMonitor$Monitor@142b907b] INFO  util.JvmPauseMonitor (JvmPauseMonitor.java:run(188)) - Starting JVM pause monitor
2022-11-04 13:02:06,980 [Listener at 127.0.0.1/37717] INFO  ozone.MiniOzoneClusterImpl (MiniOzoneClusterImpl.java:lambda$waitForClusterToBeReady$0(216)) - Waiting for nodes to be ready. Got 0 of 3 DN Heartbeats.
2022-11-04 13:02:06,980 [Listener at 127.0.0.1/37717] INFO  ozone.MiniOzoneClusterImpl (MiniOzoneClusterImpl.java:lambda$waitForClusterToBeReady$0(219)) - Waiting for cluster to exit safe mode
2022-11-04 13:02:06,980 [Listener at 127.0.0.1/37717] INFO  ozone.MiniOzoneClusterImpl (MiniOzoneClusterImpl.java:lambda$waitForClusterToBeReady$0(221)) - SCM became leader
2022-11-04 13:02:07,005 [EndpointStateMachine task thread for /0.0.0.0:39837 - 0 ] INFO  utils.DatanodeStoreCache (DatanodeStoreCache.java:addDB(58)) - Added db /home/runner/work/ozone/ozone/hadoop-ozone/integration-test/target/test-dir/MiniOzoneClusterImpl-cec56291-7f8b-4456-b869-8b5b2b7a6237/datanode-0/data-0/containers/hdds/cec56291-7f8b-4456-b869-8b5b2b7a6237/DS-34711213-b27e-4491-a5f3-84ce8de72fe6/container.db to cache
2022-11-04 13:02:07,006 [EndpointStateMachine task thread for /0.0.0.0:39837 - 0 ] INFO  volume.HddsVolume (HddsVolume.java:createDbStore(307)) - SchemaV3 db is created and loaded at /home/runner/work/ozone/ozone/hadoop-ozone/integration-test/target/test-dir/MiniOzoneClusterImpl-cec56291-7f8b-4456-b869-8b5b2b7a6237/datanode-0/data-0/containers/hdds/cec56291-7f8b-4456-b869-8b5b2b7a6237/DS-34711213-b27e-4491-a5f3-84ce8de72fe6/container.db for volume DS-34711213-b27e-4491-a5f3-84ce8de72fe6
2022-11-04 13:02:07,007 [EndpointStateMachine task thread for /0.0.0.0:39837 - 0 ] INFO  ozoneimpl.OzoneContainer (OzoneContainer.java:start(378)) - Attempting to start container services.
2022-11-04 13:02:07,009 [EndpointStateMachine task thread for /0.0.0.0:39837 - 0 ] INFO  ozoneimpl.OzoneContainer (OzoneContainer.java:startContainerScrub(313)) - Background container scanner has been disabled.
2022-11-04 13:02:07,011 [EndpointStateMachine task thread for /0.0.0.0:39837 - 0 ] INFO  replication.ReplicationServer (ReplicationServer.java:start(111)) - ReplicationServer is started using port 41985
2022-11-04 13:02:07,014 [EndpointStateMachine task thread for /0.0.0.0:39837 - 0 ] INFO  ratis.XceiverServerRatis (XceiverServerRatis.java:start(481)) - Starting XceiverServerRatis 8e07edf8-1d4d-4d32-b98f-654a955e2c3a
2022-11-04 13:02:07,023 [EndpointStateMachine task thread for /0.0.0.0:39837 - 0 ] INFO  server.RaftServer (RaftServerProxy.java:startImpl(393)) - 8e07edf8-1d4d-4d32-b98f-654a955e2c3a: start RPC server
2022-11-04 13:02:07,031 [EndpointStateMachine task thread for /0.0.0.0:39837 - 0 ] INFO  server.GrpcService (GrpcService.java:startImpl(270)) - 8e07edf8-1d4d-4d32-b98f-654a955e2c3a: GrpcService started, listening on 40249
2022-11-04 13:02:07,034 [EndpointStateMachine task thread for /0.0.0.0:39837 - 0 ] INFO  ratis.XceiverServerRatis (XceiverServerRatis.java:getRealPort(502)) - XceiverServerRatis 8e07edf8-1d4d-4d32-b98f-654a955e2c3a is started using port 40249 for RATIS
2022-11-04 13:02:07,034 [EndpointStateMachine task thread for /0.0.0.0:39837 - 0 ] INFO  ratis.XceiverServerRatis (XceiverServerRatis.java:getRealPort(502)) - XceiverServerRatis 8e07edf8-1d4d-4d32-b98f-654a955e2c3a is started using port 40249 for RATIS_ADMIN
2022-11-04 13:02:07,034 [EndpointStateMachine task thread for /0.0.0.0:39837 - 0 ] INFO  ratis.XceiverServerRatis (XceiverServerRatis.java:getRealPort(502)) - XceiverServerRatis 8e07edf8-1d4d-4d32-b98f-654a955e2c3a is started using port 40249 for RATIS_SERVER
2022-11-04 13:02:07,035 [JvmPauseMonitor1] INFO  util.JvmPauseMonitor (JvmPauseMonitor.java:run(105)) - JvmPauseMonitor-8e07edf8-1d4d-4d32-b98f-654a955e2c3a: Started
2022-11-04 13:02:07,045 [EndpointStateMachine task thread for /0.0.0.0:39837 - 0 ] INFO  server.XceiverServerGrpc (XceiverServerGrpc.java:start(180)) - XceiverServerGrpc 8e07edf8-1d4d-4d32-b98f-654a955e2c3a is started using port 34109
2022-11-04 13:02:07,625 [EndpointStateMachine task thread for /0.0.0.0:39837 - 0 ] INFO  utils.DatanodeStoreCache (DatanodeStoreCache.java:addDB(58)) - Added db /home/runner/work/ozone/ozone/hadoop-ozone/integration-test/target/test-dir/MiniOzoneClusterImpl-cec56291-7f8b-4456-b869-8b5b2b7a6237/datanode-1/data-0/containers/hdds/cec56291-7f8b-4456-b869-8b5b2b7a6237/DS-1a037337-1514-49b4-9005-c91cb80bdd06/container.db to cache
2022-11-04 13:02:07,625 [EndpointStateMachine task thread for /0.0.0.0:39837 - 0 ] INFO  volume.HddsVolume (HddsVolume.java:createDbStore(307)) - SchemaV3 db is created and loaded at /home/runner/work/ozone/ozone/hadoop-ozone/integration-test/target/test-dir/MiniOzoneClusterImpl-cec56291-7f8b-4456-b869-8b5b2b7a6237/datanode-1/data-0/containers/hdds/cec56291-7f8b-4456-b869-8b5b2b7a6237/DS-1a037337-1514-49b4-9005-c91cb80bdd06/container.db for volume DS-1a037337-1514-49b4-9005-c91cb80bdd06
2022-11-04 13:02:07,628 [EndpointStateMachine task thread for /0.0.0.0:39837 - 0 ] INFO  ozoneimpl.OzoneContainer (OzoneContainer.java:start(378)) - Attempting to start container services.
2022-11-04 13:02:07,628 [EndpointStateMachine task thread for /0.0.0.0:39837 - 0 ] INFO  ozoneimpl.OzoneContainer (OzoneContainer.java:startContainerScrub(313)) - Background container scanner has been disabled.
2022-11-04 13:02:07,630 [EndpointStateMachine task thread for /0.0.0.0:39837 - 0 ] INFO  replication.ReplicationServer (ReplicationServer.java:start(111)) - ReplicationServer is started using port 33261
2022-11-04 13:02:07,630 [EndpointStateMachine task thread for /0.0.0.0:39837 - 0 ] INFO  ratis.XceiverServerRatis (XceiverServerRatis.java:start(481)) - Starting XceiverServerRatis ecdab5d7-df43-4175-904b-132339c59ea7
2022-11-04 13:02:07,631 [EndpointStateMachine task thread for /0.0.0.0:39837 - 0 ] INFO  server.RaftServer (RaftServerProxy.java:startImpl(393)) - ecdab5d7-df43-4175-904b-132339c59ea7: start RPC server
2022-11-04 13:02:07,634 [EndpointStateMachine task thread for /0.0.0.0:39837 - 0 ] INFO  server.GrpcService (GrpcService.java:startImpl(270)) - ecdab5d7-df43-4175-904b-132339c59ea7: GrpcService started, listening on 42643
2022-11-04 13:02:07,634 [EndpointStateMachine task thread for /0.0.0.0:39837 - 0 ] INFO  ratis.XceiverServerRatis (XceiverServerRatis.java:getRealPort(502)) - XceiverServerRatis ecdab5d7-df43-4175-904b-132339c59ea7 is started using port 42643 for RATIS
2022-11-04 13:02:07,634 [JvmPauseMonitor2] INFO  util.JvmPauseMonitor (JvmPauseMonitor.java:run(105)) - JvmPauseMonitor-ecdab5d7-df43-4175-904b-132339c59ea7: Started
2022-11-04 13:02:07,634 [EndpointStateMachine task thread for /0.0.0.0:39837 - 0 ] INFO  ratis.XceiverServerRatis (XceiverServerRatis.java:getRealPort(502)) - XceiverServerRatis ecdab5d7-df43-4175-904b-132339c59ea7 is started using port 42643 for RATIS_ADMIN
2022-11-04 13:02:07,634 [EndpointStateMachine task thread for /0.0.0.0:39837 - 0 ] INFO  ratis.XceiverServerRatis (XceiverServerRatis.java:getRealPort(502)) - XceiverServerRatis ecdab5d7-df43-4175-904b-132339c59ea7 is started using port 42643 for RATIS_SERVER
2022-11-04 13:02:07,641 [EndpointStateMachine task thread for /0.0.0.0:39837 - 0 ] INFO  server.XceiverServerGrpc (XceiverServerGrpc.java:start(180)) - XceiverServerGrpc ecdab5d7-df43-4175-904b-132339c59ea7 is started using port 40857
2022-11-04 13:02:07,981 [Listener at 127.0.0.1/37717] INFO  ozone.MiniOzoneClusterImpl (MiniOzoneClusterImpl.java:lambda$waitForClusterToBeReady$0(216)) - Waiting for nodes to be ready. Got 0 of 3 DN Heartbeats.
2022-11-04 13:02:07,981 [Listener at 127.0.0.1/37717] INFO  ozone.MiniOzoneClusterImpl (MiniOzoneClusterImpl.java:lambda$waitForClusterToBeReady$0(219)) - Waiting for cluster to exit safe mode
2022-11-04 13:02:07,981 [Listener at 127.0.0.1/37717] INFO  ozone.MiniOzoneClusterImpl (MiniOzoneClusterImpl.java:lambda$waitForClusterToBeReady$0(221)) - SCM became leader
2022-11-04 13:02:08,032 [EndpointStateMachine task thread for /0.0.0.0:39837 - 0 ] INFO  utils.DatanodeStoreCache (DatanodeStoreCache.java:addDB(58)) - Added db /home/runner/work/ozone/ozone/hadoop-ozone/integration-test/target/test-dir/MiniOzoneClusterImpl-cec56291-7f8b-4456-b869-8b5b2b7a6237/datanode-2/data-0/containers/hdds/cec56291-7f8b-4456-b869-8b5b2b7a6237/DS-d95a41ed-e01e-49d1-892c-877547d0b743/container.db to cache
2022-11-04 13:02:08,032 [EndpointStateMachine task thread for /0.0.0.0:39837 - 0 ] INFO  volume.HddsVolume (HddsVolume.java:createDbStore(307)) - SchemaV3 db is created and loaded at /home/runner/work/ozone/ozone/hadoop-ozone/integration-test/target/test-dir/MiniOzoneClusterImpl-cec56291-7f8b-4456-b869-8b5b2b7a6237/datanode-2/data-0/containers/hdds/cec56291-7f8b-4456-b869-8b5b2b7a6237/DS-d95a41ed-e01e-49d1-892c-877547d0b743/container.db for volume DS-d95a41ed-e01e-49d1-892c-877547d0b743
2022-11-04 13:02:08,033 [EndpointStateMachine task thread for /0.0.0.0:39837 - 0 ] INFO  ozoneimpl.OzoneContainer (OzoneContainer.java:start(378)) - Attempting to start container services.
2022-11-04 13:02:08,033 [EndpointStateMachine task thread for /0.0.0.0:39837 - 0 ] INFO  ozoneimpl.OzoneContainer (OzoneContainer.java:startContainerScrub(313)) - Background container scanner has been disabled.
2022-11-04 13:02:08,036 [EndpointStateMachine task thread for /0.0.0.0:39837 - 0 ] INFO  replication.ReplicationServer (ReplicationServer.java:start(111)) - ReplicationServer is started using port 34119
2022-11-04 13:02:08,037 [EndpointStateMachine task thread for /0.0.0.0:39837 - 0 ] INFO  ratis.XceiverServerRatis (XceiverServerRatis.java:start(481)) - Starting XceiverServerRatis b71d1b8c-429c-47b9-884c-c174df504715
2022-11-04 13:02:08,038 [EndpointStateMachine task thread for /0.0.0.0:39837 - 0 ] INFO  server.RaftServer (RaftServerProxy.java:startImpl(393)) - b71d1b8c-429c-47b9-884c-c174df504715: start RPC server
2022-11-04 13:02:08,040 [EndpointStateMachine task thread for /0.0.0.0:39837 - 0 ] INFO  server.GrpcService (GrpcService.java:startImpl(270)) - b71d1b8c-429c-47b9-884c-c174df504715: GrpcService started, listening on 45949
2022-11-04 13:02:08,041 [EndpointStateMachine task thread for /0.0.0.0:39837 - 0 ] INFO  ratis.XceiverServerRatis (XceiverServerRatis.java:getRealPort(502)) - XceiverServerRatis b71d1b8c-429c-47b9-884c-c174df504715 is started using port 45949 for RATIS
2022-11-04 13:02:08,041 [JvmPauseMonitor3] INFO  util.JvmPauseMonitor (JvmPauseMonitor.java:run(105)) - JvmPauseMonitor-b71d1b8c-429c-47b9-884c-c174df504715: Started
2022-11-04 13:02:08,041 [EndpointStateMachine task thread for /0.0.0.0:39837 - 0 ] INFO  ratis.XceiverServerRatis (XceiverServerRatis.java:getRealPort(502)) - XceiverServerRatis b71d1b8c-429c-47b9-884c-c174df504715 is started using port 45949 for RATIS_ADMIN
2022-11-04 13:02:08,042 [EndpointStateMachine task thread for /0.0.0.0:39837 - 0 ] INFO  ratis.XceiverServerRatis (XceiverServerRatis.java:getRealPort(502)) - XceiverServerRatis b71d1b8c-429c-47b9-884c-c174df504715 is started using port 45949 for RATIS_SERVER
2022-11-04 13:02:08,045 [EndpointStateMachine task thread for /0.0.0.0:39837 - 0 ] INFO  server.XceiverServerGrpc (XceiverServerGrpc.java:start(180)) - XceiverServerGrpc b71d1b8c-429c-47b9-884c-c174df504715 is started using port 43531
2022-11-04 13:02:08,903 [IPC Server handler 3 on default port 39837] INFO  net.NetworkTopologyImpl (NetworkTopologyImpl.java:add(112)) - Added a new node: /default-rack/8e07edf8-1d4d-4d32-b98f-654a955e2c3a
2022-11-04 13:02:08,905 [IPC Server handler 3 on default port 39837] INFO  node.SCMNodeManager (SCMNodeManager.java:register(397)) - Registered Data node : 8e07edf8-1d4d-4d32-b98f-654a955e2c3a{ip: 10.1.1.30, host: fv-az377-996.ap30g4v5sw5evmjtdmxdg2w53f.dx.internal.cloudapp.net, ports: [REPLICATION=41985, RATIS=40249, RATIS_ADMIN=40249, RATIS_SERVER=40249, STANDALONE=34109], networkLocation: /default-rack, certSerialId: null, persistedOpState: null, persistedOpStateExpiryEpochSec: 0}
2022-11-04 13:02:08,910 [EventQueue-NewNodeForNewNodeHandler] INFO  pipeline.BackgroundPipelineCreator (BackgroundPipelineCreator.java:notifyEventTriggered(276)) - trigger a one-shot run on RatisPipelineUtilsThread.
2022-11-04 13:02:08,910 [EventQueue-NodeRegistrationContainerReportForContainerSafeModeRule] INFO  safemode.SCMSafeModeManager (SCMSafeModeManager.java:validateSafeModeExitRules(204)) - ContainerSafeModeRule rule is successfully validated
2022-11-04 13:02:08,911 [EventQueue-NodeRegistrationContainerReportForDataNodeSafeModeRule] INFO  safemode.SCMSafeModeManager (DataNodeSafeModeRule.java:process(71)) - SCM in safe mode. 1 DataNodes registered, 3 required.
2022-11-04 13:02:08,911 [EventQueue-PipelineReportForOneReplicaPipelineSafeModeRule] INFO  safemode.SCMSafeModeManager (SCMSafeModeManager.java:validateSafeModeExitRules(204)) - AtleastOneDatanodeReportedRule rule is successfully validated
2022-11-04 13:02:08,920 [RatisPipelineUtilsThread - 0] INFO  pipeline.RatisPipelineProvider (RatisPipelineProvider.java:lambda$create$0(195)) - Sending CreatePipelineCommand for pipeline:PipelineID=61e29020-5078-4504-806e-98643f1c129c to datanode:8e07edf8-1d4d-4d32-b98f-654a955e2c3a
2022-11-04 13:02:08,939 [RatisPipelineUtilsThread - 0] INFO  pipeline.PipelineStateManagerImpl (PipelineStateManagerImpl.java:addPipeline(103)) - Created pipeline Pipeline[ Id: 61e29020-5078-4504-806e-98643f1c129c, Nodes: 8e07edf8-1d4d-4d32-b98f-654a955e2c3a{ip: 10.1.1.30, host: fv-az377-996.ap30g4v5sw5evmjtdmxdg2w53f.dx.internal.cloudapp.net, ports: [REPLICATION=41985, RATIS=40249, RATIS_ADMIN=40249, RATIS_SERVER=40249, STANDALONE=34109], networkLocation: /default-rack, certSerialId: null, persistedOpState: IN_SERVICE, persistedOpStateExpiryEpochSec: 0}, ReplicationConfig: RATIS/ONE, State:ALLOCATED, leaderId:, CreationTimestamp2022-11-04T13:02:08.919Z[Etc/UTC]].
2022-11-04 13:02:08,981 [Listener at 127.0.0.1/37717] INFO  ozone.MiniOzoneClusterImpl (MiniOzoneClusterImpl.java:lambda$waitForClusterToBeReady$0(216)) - Waiting for nodes to be ready. Got 1 of 3 DN Heartbeats.
2022-11-04 13:02:08,981 [Listener at 127.0.0.1/37717] INFO  ozone.MiniOzoneClusterImpl (MiniOzoneClusterImpl.java:lambda$waitForClusterToBeReady$0(219)) - Waiting for cluster to exit safe mode
2022-11-04 13:02:08,982 [Listener at 127.0.0.1/37717] INFO  ozone.MiniOzoneClusterImpl (MiniOzoneClusterImpl.java:lambda$waitForClusterToBeReady$0(221)) - SCM became leader
2022-11-04 13:02:09,566 [IPC Server handler 1 on default port 39837] INFO  net.NetworkTopologyImpl (NetworkTopologyImpl.java:add(112)) - Added a new node: /default-rack/ecdab5d7-df43-4175-904b-132339c59ea7
2022-11-04 13:02:09,567 [IPC Server handler 1 on default port 39837] INFO  node.SCMNodeManager (SCMNodeManager.java:register(397)) - Registered Data node : ecdab5d7-df43-4175-904b-132339c59ea7{ip: 10.1.1.30, host: fv-az377-996.ap30g4v5sw5evmjtdmxdg2w53f.dx.internal.cloudapp.net, ports: [REPLICATION=33261, RATIS=42643, RATIS_ADMIN=42643, RATIS_SERVER=42643, STANDALONE=40857], networkLocation: /default-rack, certSerialId: null, persistedOpState: null, persistedOpStateExpiryEpochSec: 0}
2022-11-04 13:02:09,569 [EventQueue-NewNodeForNewNodeHandler] INFO  pipeline.BackgroundPipelineCreator (BackgroundPipelineCreator.java:notifyEventTriggered(276)) - trigger a one-shot run on RatisPipelineUtilsThread.
2022-11-04 13:02:09,569 [EventQueue-NodeRegistrationContainerReportForDataNodeSafeModeRule] INFO  safemode.SCMSafeModeManager (DataNodeSafeModeRule.java:process(71)) - SCM in safe mode. 2 DataNodes registered, 3 required.
2022-11-04 13:02:09,572 [RatisPipelineUtilsThread - 0] INFO  pipeline.RatisPipelineProvider (RatisPipelineProvider.java:lambda$create$0(195)) - Sending CreatePipelineCommand for pipeline:PipelineID=fb7828e6-09a9-4c5d-8b8a-058901d735a2 to datanode:ecdab5d7-df43-4175-904b-132339c59ea7
2022-11-04 13:02:09,572 [RatisPipelineUtilsThread - 0] INFO  pipeline.PipelineStateManagerImpl (PipelineStateManagerImpl.java:addPipeline(103)) - Created pipeline Pipeline[ Id: fb7828e6-09a9-4c5d-8b8a-058901d735a2, Nodes: ecdab5d7-df43-4175-904b-132339c59ea7{ip: 10.1.1.30, host: fv-az377-996.ap30g4v5sw5evmjtdmxdg2w53f.dx.internal.cloudapp.net, ports: [REPLICATION=33261, RATIS=42643, RATIS_ADMIN=42643, RATIS_SERVER=42643, STANDALONE=40857], networkLocation: /default-rack, certSerialId: null, persistedOpState: IN_SERVICE, persistedOpStateExpiryEpochSec: 0}, ReplicationConfig: RATIS/ONE, State:ALLOCATED, leaderId:, CreationTimestamp2022-11-04T13:02:09.572Z[Etc/UTC]].
2022-11-04 13:02:09,982 [Listener at 127.0.0.1/37717] INFO  ozone.MiniOzoneClusterImpl (MiniOzoneClusterImpl.java:lambda$waitForClusterToBeReady$0(216)) - Waiting for nodes to be ready. Got 2 of 3 DN Heartbeats.
2022-11-04 13:02:09,982 [Listener at 127.0.0.1/37717] INFO  ozone.MiniOzoneClusterImpl (MiniOzoneClusterImpl.java:lambda$waitForClusterToBeReady$0(219)) - Waiting for cluster to exit safe mode
2022-11-04 13:02:09,982 [Listener at 127.0.0.1/37717] INFO  ozone.MiniOzoneClusterImpl (MiniOzoneClusterImpl.java:lambda$waitForClusterToBeReady$0(221)) - SCM became leader
2022-11-04 13:02:09,986 [IPC Server handler 4 on default port 39837] INFO  net.NetworkTopologyImpl (NetworkTopologyImpl.java:add(112)) - Added a new node: /default-rack/b71d1b8c-429c-47b9-884c-c174df504715
2022-11-04 13:02:09,987 [IPC Server handler 4 on default port 39837] INFO  node.SCMNodeManager (SCMNodeManager.java:register(397)) - Registered Data node : b71d1b8c-429c-47b9-884c-c174df504715{ip: 10.1.1.30, host: fv-az377-996.ap30g4v5sw5evmjtdmxdg2w53f.dx.internal.cloudapp.net, ports: [REPLICATION=34119, RATIS=45949, RATIS_ADMIN=45949, RATIS_SERVER=45949, STANDALONE=43531], networkLocation: /default-rack, certSerialId: null, persistedOpState: null, persistedOpStateExpiryEpochSec: 0}
2022-11-04 13:02:09,988 [EventQueue-NewNodeForNewNodeHandler] INFO  pipeline.BackgroundPipelineCreator (BackgroundPipelineCreator.java:notifyEventTriggered(276)) - trigger a one-shot run on RatisPipelineUtilsThread.
2022-11-04 13:02:09,988 [EventQueue-NodeRegistrationContainerReportForDataNodeSafeModeRule] INFO  safemode.SCMSafeModeManager (DataNodeSafeModeRule.java:process(71)) - SCM in safe mode. 3 DataNodes registered, 3 required.
2022-11-04 13:02:09,988 [EventQueue-NodeRegistrationContainerReportForDataNodeSafeModeRule] INFO  safemode.SCMSafeModeManager (SCMSafeModeManager.java:validateSafeModeExitRules(204)) - DataNodeSafeModeRule rule is successfully validated
2022-11-04 13:02:09,988 [EventQueue-NodeRegistrationContainerReportForDataNodeSafeModeRule] INFO  safemode.SCMSafeModeManager (SCMSafeModeManager.java:completePreCheck(233)) - All SCM safe mode pre check rules have passed
2022-11-04 13:02:09,988 [EventQueue-NodeRegistrationContainerReportForDataNodeSafeModeRule] WARN  events.EventQueue (EventQueue.java:fireEvent(216)) - No event handler registered for event TypedEvent{payloadType=SafeModeStatus, name='Safe mode status'}
2022-11-04 13:02:09,988 [EventQueue-NodeRegistrationContainerReportForDataNodeSafeModeRule] INFO  ha.SCMContext (SCMContext.java:updateSafeModeStatus(228)) - Update SafeModeStatus from SafeModeStatus{safeModeStatus=true, preCheckPassed=false} to SafeModeStatus{safeModeStatus=true, preCheckPassed=true}.
2022-11-04 13:02:09,988 [EventQueue-NodeRegistrationContainerReportForDataNodeSafeModeRule] INFO  pipeline.BackgroundPipelineCreator (BackgroundPipelineCreator.java:notifyEventTriggered(276)) - trigger a one-shot run on RatisPipelineUtilsThread.
2022-11-04 13:02:09,988 [RatisPipelineUtilsThread - 0] INFO  pipeline.RatisPipelineProvider (RatisPipelineProvider.java:lambda$create$0(195)) - Sending CreatePipelineCommand for pipeline:PipelineID=f6f555e2-e182-43d6-91a0-04bb94b3aa6b to datanode:b71d1b8c-429c-47b9-884c-c174df504715
2022-11-04 13:02:09,989 [RatisPipelineUtilsThread - 0] INFO  pipeline.PipelineStateManagerImpl (PipelineStateManagerImpl.java:addPipeline(103)) - Created pipeline Pipeline[ Id: f6f555e2-e182-43d6-91a0-04bb94b3aa6b, Nodes: b71d1b8c-429c-47b9-884c-c174df504715{ip: 10.1.1.30, host: fv-az377-996.ap30g4v5sw5evmjtdmxdg2w53f.dx.internal.cloudapp.net, ports: [REPLICATION=34119, RATIS=45949, RATIS_ADMIN=45949, RATIS_SERVER=45949, STANDALONE=43531], networkLocation: /default-rack, certSerialId: null, persistedOpState: IN_SERVICE, persistedOpStateExpiryEpochSec: 0}, ReplicationConfig: RATIS/ONE, State:ALLOCATED, leaderId:, CreationTimestamp2022-11-04T13:02:09.988Z[Etc/UTC]].
2022-11-04 13:02:09,993 [RatisPipelineUtilsThread - 0] INFO  pipeline.RatisPipelineProvider (RatisPipelineProvider.java:lambda$create$0(195)) - Sending CreatePipelineCommand for pipeline:PipelineID=cbabc3bb-4e79-4462-9967-1f6aba31b672 to datanode:b71d1b8c-429c-47b9-884c-c174df504715
2022-11-04 13:02:09,993 [RatisPipelineUtilsThread - 0] INFO  pipeline.RatisPipelineProvider (RatisPipelineProvider.java:lambda$create$0(195)) - Sending CreatePipelineCommand for pipeline:PipelineID=cbabc3bb-4e79-4462-9967-1f6aba31b672 to datanode:8e07edf8-1d4d-4d32-b98f-654a955e2c3a
2022-11-04 13:02:09,993 [RatisPipelineUtilsThread - 0] INFO  pipeline.RatisPipelineProvider (RatisPipelineProvider.java:lambda$create$0(195)) - Sending CreatePipelineCommand for pipeline:PipelineID=cbabc3bb-4e79-4462-9967-1f6aba31b672 to datanode:ecdab5d7-df43-4175-904b-132339c59ea7
2022-11-04 13:02:09,994 [RatisPipelineUtilsThread - 0] INFO  pipeline.PipelineStateManagerImpl (PipelineStateManagerImpl.java:addPipeline(103)) - Created pipeline Pipeline[ Id: cbabc3bb-4e79-4462-9967-1f6aba31b672, Nodes: b71d1b8c-429c-47b9-884c-c174df504715{ip: 10.1.1.30, host: fv-az377-996.ap30g4v5sw5evmjtdmxdg2w53f.dx.internal.cloudapp.net, ports: [REPLICATION=34119, RATIS=45949, RATIS_ADMIN=45949, RATIS_SERVER=45949, STANDALONE=43531], networkLocation: /default-rack, certSerialId: null, persistedOpState: IN_SERVICE, persistedOpStateExpiryEpochSec: 0}8e07edf8-1d4d-4d32-b98f-654a955e2c3a{ip: 10.1.1.30, host: fv-az377-996.ap30g4v5sw5evmjtdmxdg2w53f.dx.internal.cloudapp.net, ports: [REPLICATION=41985, RATIS=40249, RATIS_ADMIN=40249, RATIS_SERVER=40249, STANDALONE=34109], networkLocation: /default-rack, certSerialId: null, persistedOpState: IN_SERVICE, persistedOpStateExpiryEpochSec: 0}ecdab5d7-df43-4175-904b-132339c59ea7{ip: 10.1.1.30, host: fv-az377-996.ap30g4v5sw5evmjtdmxdg2w53f.dx.internal.cloudapp.net, ports: [REPLICATION=33261, RATIS=42643, RATIS_ADMIN=42643, RATIS_SERVER=42643, STANDALONE=40857], networkLocation: /default-rack, certSerialId: null, persistedOpState: IN_SERVICE, persistedOpStateExpiryEpochSec: 0}, ReplicationConfig: RATIS/THREE, State:ALLOCATED, leaderId:, CreationTimestamp2022-11-04T13:02:09.993Z[Etc/UTC]].
2022-11-04 13:02:09,995 [RatisPipelineUtilsThread - 0] INFO  pipeline.RatisPipelineProvider (RatisPipelineProvider.java:lambda$create$0(195)) - Sending CreatePipelineCommand for pipeline:PipelineID=13909235-87c6-4c1d-9bbf-6e082d98b3ea to datanode:b71d1b8c-429c-47b9-884c-c174df504715
2022-11-04 13:02:09,996 [RatisPipelineUtilsThread - 0] INFO  pipeline.RatisPipelineProvider (RatisPipelineProvider.java:lambda$create$0(195)) - Sending CreatePipelineCommand for pipeline:PipelineID=13909235-87c6-4c1d-9bbf-6e082d98b3ea to datanode:8e07edf8-1d4d-4d32-b98f-654a955e2c3a
2022-11-04 13:02:09,996 [RatisPipelineUtilsThread - 0] INFO  pipeline.RatisPipelineProvider (RatisPipelineProvider.java:lambda$create$0(195)) - Sending CreatePipelineCommand for pipeline:PipelineID=13909235-87c6-4c1d-9bbf-6e082d98b3ea to datanode:ecdab5d7-df43-4175-904b-132339c59ea7
2022-11-04 13:02:09,997 [RatisPipelineUtilsThread - 0] INFO  pipeline.PipelineStateManagerImpl (PipelineStateManagerImpl.java:addPipeline(103)) - Created pipeline Pipeline[ Id: 13909235-87c6-4c1d-9bbf-6e082d98b3ea, Nodes: b71d1b8c-429c-47b9-884c-c174df504715{ip: 10.1.1.30, host: fv-az377-996.ap30g4v5sw5evmjtdmxdg2w53f.dx.internal.cloudapp.net, ports: [REPLICATION=34119, RATIS=45949, RATIS_ADMIN=45949, RATIS_SERVER=45949, STANDALONE=43531], networkLocation: /default-rack, certSerialId: null, persistedOpState: IN_SERVICE, persistedOpStateExpiryEpochSec: 0}8e07edf8-1d4d-4d32-b98f-654a955e2c3a{ip: 10.1.1.30, host: fv-az377-996.ap30g4v5sw5evmjtdmxdg2w53f.dx.internal.cloudapp.net, ports: [REPLICATION=41985, RATIS=40249, RATIS_ADMIN=40249, RATIS_SERVER=40249, STANDALONE=34109], networkLocation: /default-rack, certSerialId: null, persistedOpState: IN_SERVICE, persistedOpStateExpiryEpochSec: 0}ecdab5d7-df43-4175-904b-132339c59ea7{ip: 10.1.1.30, host: fv-az377-996.ap30g4v5sw5evmjtdmxdg2w53f.dx.internal.cloudapp.net, ports: [REPLICATION=33261, RATIS=42643, RATIS_ADMIN=42643, RATIS_SERVER=42643, STANDALONE=40857], networkLocation: /default-rack, certSerialId: null, persistedOpState: IN_SERVICE, persistedOpStateExpiryEpochSec: 0}, ReplicationConfig: RATIS/THREE, State:ALLOCATED, leaderId:, CreationTimestamp2022-11-04T13:02:09.995Z[Etc/UTC]].
2022-11-04 13:02:09,997 [RatisPipelineUtilsThread - 0] INFO  pipeline.PipelineManagerImpl (PipelineManagerImpl.java:recordMetricsForPipeline(826)) - Pipeline: PipelineID=13909235-87c6-4c1d-9bbf-6e082d98b3ea contains same datanodes as previous pipelines: PipelineID=cbabc3bb-4e79-4462-9967-1f6aba31b672 nodeIds: b71d1b8c-429c-47b9-884c-c174df504715, 8e07edf8-1d4d-4d32-b98f-654a955e2c3a, ecdab5d7-df43-4175-904b-132339c59ea7
2022-11-04 13:02:10,982 [Listener at 127.0.0.1/37717] INFO  ozone.MiniOzoneClusterImpl (MiniOzoneClusterImpl.java:lambda$waitForClusterToBeReady$0(216)) - Nodes are ready. Got 3 of 3 DN Heartbeats.
2022-11-04 13:02:10,984 [Listener at 127.0.0.1/37717] INFO  ozone.MiniOzoneClusterImpl (MiniOzoneClusterImpl.java:lambda$waitForClusterToBeReady$0(219)) - Waiting for cluster to exit safe mode
2022-11-04 13:02:10,984 [Listener at 127.0.0.1/37717] INFO  ozone.MiniOzoneClusterImpl (MiniOzoneClusterImpl.java:lambda$waitForClusterToBeReady$0(221)) - SCM became leader
2022-11-04 13:02:11,897 [Command processor thread] INFO  server.RaftServer (RaftServerProxy.java:addNew(96)) - 8e07edf8-1d4d-4d32-b98f-654a955e2c3a: addNew group-98643F1C129C:[8e07edf8-1d4d-4d32-b98f-654a955e2c3a|rpc:10.1.1.30:40249|priority:1|startupRole:FOLLOWER] returns group-98643F1C129C:java.util.concurrent.CompletableFuture@bc515f5[Not completed]
2022-11-04 13:02:11,909 [pool-72-thread-1] INFO  server.RaftServer$Division (RaftServerImpl.java:<init>(195)) - 8e07edf8-1d4d-4d32-b98f-654a955e2c3a: new RaftServerImpl for group-98643F1C129C:[8e07edf8-1d4d-4d32-b98f-654a955e2c3a|rpc:10.1.1.30:40249|priority:1|startupRole:FOLLOWER] with ContainerStateMachine:uninitialized
2022-11-04 13:02:11,909 [pool-72-thread-1] INFO  server.RaftServerConfigKeys (ConfUtils.java:logGet(46)) - raft.server.rpc.timeout.min = 5s (custom)
2022-11-04 13:02:11,909 [pool-72-thread-1] INFO  server.RaftServerConfigKeys (ConfUtils.java:logGet(46)) - raft.server.rpc.timeout.max = 5200ms (custom)
2022-11-04 13:02:11,909 [pool-72-thread-1] INFO  server.RaftServerConfigKeys (ConfUtils.java:logGet(46)) - raft.server.rpc.sleep.time = 25ms (default)
2022-11-04 13:02:11,909 [pool-72-thread-1] INFO  server.RaftServerConfigKeys (ConfUtils.java:logGet(46)) - raft.server.rpc.slowness.timeout = 300s (custom)
2022-11-04 13:02:11,909 [pool-72-thread-1] INFO  server.RaftServerConfigKeys (ConfUtils.java:logGet(46)) - raft.server.leaderelection.leader.step-down.wait-time = 10s (default)
2022-11-04 13:02:11,909 [pool-72-thread-1] INFO  server.RaftServerConfigKeys (ConfUtils.java:logGet(46)) - raft.server.sleep.deviation.threshold = 300ms (default)
2022-11-04 13:02:11,910 [pool-72-thread-1] INFO  server.RaftServer$Division (ServerState.java:<init>(118)) - 8e07edf8-1d4d-4d32-b98f-654a955e2c3a@group-98643F1C129C: ConfigurationManager, init=-1: peers:[8e07edf8-1d4d-4d32-b98f-654a955e2c3a|rpc:10.1.1.30:40249|priority:1|startupRole:FOLLOWER]|listeners:[], old=null, confs=<EMPTY_MAP>
2022-11-04 13:02:11,910 [pool-72-thread-1] INFO  server.RaftServerConfigKeys (ConfUtils.java:logGet(46)) - raft.server.storage.dir = [/home/runner/work/ozone/ozone/hadoop-ozone/integration-test/target/test-dir/MiniOzoneClusterImpl-cec56291-7f8b-4456-b869-8b5b2b7a6237/datanode-0/data/ratis] (custom)
2022-11-04 13:02:11,910 [pool-72-thread-1] INFO  server.RaftServerConfigKeys (ConfUtils.java:logGet(46)) - raft.server.log.corruption.policy = EXCEPTION (default)
2022-11-04 13:02:11,910 [pool-72-thread-1] INFO  server.RaftServerConfigKeys (ConfUtils.java:logGet(46)) - raft.server.storage.free-space.min = 0MB (=0) (default)
2022-11-04 13:02:11,910 [pool-72-thread-1] INFO  server.RaftServerConfigKeys (ConfUtils.java:logGet(46)) - raft.server.notification.no-leader.timeout = 300s (custom)
2022-11-04 13:02:11,910 [pool-72-thread-1] INFO  server.RaftServerConfigKeys (ConfUtils.java:logGet(46)) - raft.server.retrycache.expirytime = 600000ms (custom)
2022-11-04 13:02:11,910 [pool-72-thread-1] INFO  server.RaftServerConfigKeys (ConfUtils.java:logGet(46)) - raft.server.retrycache.statistics.expirytime = 100μs (default)
2022-11-04 13:02:11,912 [pool-72-thread-1] INFO  server.RaftServerConfigKeys (ConfUtils.java:logGet(46)) - raft.server.log.appender.install.snapshot.enabled = false (custom)
2022-11-04 13:02:11,912 [pool-72-thread-1] INFO  server.RaftServerConfigKeys (ConfUtils.java:logGet(46)) - raft.server.threadpool.server.cached = true (default)
2022-11-04 13:02:11,912 [pool-72-thread-1] INFO  server.RaftServerConfigKeys (ConfUtils.java:logGet(46)) - raft.server.threadpool.server.size = 0 (default)
2022-11-04 13:02:11,912 [pool-72-thread-1] INFO  server.RaftServerConfigKeys (ConfUtils.java:logGet(46)) - raft.server.threadpool.client.cached = true (default)
2022-11-04 13:02:11,912 [pool-72-thread-1] INFO  server.RaftServerConfigKeys (ConfUtils.java:logGet(46)) - raft.server.threadpool.client.size = 0 (default)
2022-11-04 13:02:11,913 [pool-72-thread-1] INFO  storage.RaftStorageDirectory (RaftStorageDirectoryImpl.java:analyzeStorage(137)) - The storage directory /home/runner/work/ozone/ozone/hadoop-ozone/integration-test/target/test-dir/MiniOzoneClusterImpl-cec56291-7f8b-4456-b869-8b5b2b7a6237/datanode-0/data/ratis/61e29020-5078-4504-806e-98643f1c129c does not exist. Creating ...
2022-11-04 13:02:11,916 [pool-72-thread-1] INFO  storage.RaftStorageDirectory (RaftStorageDirectoryImpl.java:tryLock(231)) - Lock on /home/runner/work/ozone/ozone/hadoop-ozone/integration-test/target/test-dir/MiniOzoneClusterImpl-cec56291-7f8b-4456-b869-8b5b2b7a6237/datanode-0/data/ratis/61e29020-5078-4504-806e-98643f1c129c/in_use.lock acquired by nodename 5024@fv-az377-996
2022-11-04 13:02:11,917 [pool-72-thread-1] INFO  storage.RaftStorage (RaftStorageImpl.java:format(96)) - Storage directory /home/runner/work/ozone/ozone/hadoop-ozone/integration-test/target/test-dir/MiniOzoneClusterImpl-cec56291-7f8b-4456-b869-8b5b2b7a6237/datanode-0/data/ratis/61e29020-5078-4504-806e-98643f1c129c has been successfully formatted.
2022-11-04 13:02:11,923 [pool-72-thread-1] INFO  ratis.ContainerStateMachine (ContainerStateMachine.java:loadSnapshot(236)) - group-98643F1C129C: The snapshot info is null. Setting the last applied indexto:(t:0, i:~)
2022-11-04 13:02:11,923 [pool-72-thread-1] INFO  server.RaftServerConfigKeys (ConfUtils.java:logGet(46)) - raft.server.log.use.memory = false (default)
2022-11-04 13:02:11,924 [pool-72-thread-1] INFO  server.RaftServerConfigKeys (ConfUtils.java:logGet(46)) - raft.server.log.purge.gap = 1000000 (custom)
2022-11-04 13:02:11,924 [pool-72-thread-1] INFO  server.RaftServerConfigKeys (ConfUtils.java:logGet(46)) - raft.server.log.appender.buffer.byte-limit = 33554432 (custom)
2022-11-04 13:02:11,924 [pool-72-thread-1] INFO  server.RaftServerConfigKeys (ConfUtils.java:logGet(46)) - raft.server.log.statemachine.data.read.timeout = 1000ms (default)
2022-11-04 13:02:11,924 [pool-72-thread-1] INFO  server.RaftServerConfigKeys (ConfUtils.java:logGet(46)) - raft.server.log.purge.preservation.log.num = 0 (default)
2022-11-04 13:02:11,924 [pool-72-thread-1] INFO  server.RaftServerConfigKeys (ConfUtils.java:logGet(46)) - raft.server.log.segment.size.max = 1048576 (custom)
2022-11-04 13:02:11,925 [pool-72-thread-1] INFO  server.RaftServerConfigKeys (ConfUtils.java:logGet(46)) - raft.server.log.segment.cache.num.max = 2 (custom)
2022-11-04 13:02:11,925 [pool-72-thread-1] INFO  server.RaftServerConfigKeys (ConfUtils.java:logGet(46)) - raft.server.log.segment.cache.size.max = 200MB (=209715200) (default)
2022-11-04 13:02:11,925 [pool-72-thread-1] INFO  segmented.SegmentedRaftLogWorker (SegmentedRaftLogWorker.java:<init>(191)) - new 8e07edf8-1d4d-4d32-b98f-654a955e2c3a@group-98643F1C129C-SegmentedRaftLogWorker for RaftStorageImpl:Storage Directory /home/runner/work/ozone/ozone/hadoop-ozone/integration-test/target/test-dir/MiniOzoneClusterImpl-cec56291-7f8b-4456-b869-8b5b2b7a6237/datanode-0/data/ratis/61e29020-5078-4504-806e-98643f1c129c
2022-11-04 13:02:11,925 [pool-72-thread-1] INFO  server.RaftServerConfigKeys (ConfUtils.java:logGet(46)) - raft.server.log.queue.byte-limit = 4294967296 (custom)
2022-11-04 13:02:11,925 [pool-72-thread-1] INFO  server.RaftServerConfigKeys (ConfUtils.java:logGet(46)) - raft.server.log.queue.element-limit = 1024 (custom)
2022-11-04 13:02:11,925 [pool-72-thread-1] INFO  server.RaftServerConfigKeys (ConfUtils.java:logGet(46)) - raft.server.log.segment.size.max = 1048576 (custom)
2022-11-04 13:02:11,925 [pool-72-thread-1] INFO  server.RaftServerConfigKeys (ConfUtils.java:logGet(46)) - raft.server.log.preallocated.size = 16384 (custom)
2022-11-04 13:02:11,925 [pool-72-thread-1] INFO  server.RaftServerConfigKeys (ConfUtils.java:logGet(46)) - raft.server.log.force.sync.num = 128 (default)
2022-11-04 13:02:11,925 [pool-72-thread-1] INFO  server.RaftServerConfigKeys (ConfUtils.java:logGet(46)) - raft.server.log.statemachine.data.sync = true (default)
2022-11-04 13:02:11,925 [pool-72-thread-1] INFO  server.RaftServerConfigKeys (ConfUtils.java:logGet(46)) - raft.server.log.statemachine.data.sync.timeout = 10s (default)
2022-11-04 13:02:11,926 [pool-72-thread-1] INFO  server.RaftServerConfigKeys (ConfUtils.java:logGet(46)) - raft.server.log.statemachine.data.sync.timeout.retry = -1 (default)
2022-11-04 13:02:11,927 [pool-72-thread-1] INFO  server.RaftServerConfigKeys (ConfUtils.java:logGet(46)) - raft.server.log.write.buffer.size = 1048576 (custom)
2022-11-04 13:02:11,930 [pool-72-thread-1] INFO  server.RaftServerConfigKeys (ConfUtils.java:logGet(46)) - raft.server.log.unsafe-flush.enabled = false (default)
2022-11-04 13:02:11,930 [pool-72-thread-1] INFO  server.RaftServerConfigKeys (ConfUtils.java:logGet(46)) - raft.server.log.async-flush.enabled = false (default)
2022-11-04 13:02:11,930 [pool-72-thread-1] INFO  server.RaftServerConfigKeys (ConfUtils.java:logGet(46)) - raft.server.log.statemachine.data.caching.enabled = true (custom)
2022-11-04 13:02:11,930 [pool-72-thread-1] INFO  segmented.SegmentedRaftLogWorker (SegmentedRaftLogWorker.java:lambda$new$0(136)) - 8e07edf8-1d4d-4d32-b98f-654a955e2c3a@group-98643F1C129C-SegmentedRaftLogWorker: flushIndex: setUnconditionally 0 -> -1
2022-11-04 13:02:11,931 [pool-72-thread-1] INFO  segmented.SegmentedRaftLogWorker (SegmentedRaftLogWorker.java:lambda$new$0(136)) - 8e07edf8-1d4d-4d32-b98f-654a955e2c3a@group-98643F1C129C-SegmentedRaftLogWorker: safeCacheEvictIndex: setUnconditionally 0 -> -1
2022-11-04 13:02:11,931 [pool-72-thread-1] INFO  server.RaftServer$Division (RaftServerImpl.java:start(334)) - 8e07edf8-1d4d-4d32-b98f-654a955e2c3a@group-98643F1C129C: start as a follower, conf=-1: peers:[8e07edf8-1d4d-4d32-b98f-654a955e2c3a|rpc:10.1.1.30:40249|priority:1|startupRole:FOLLOWER]|listeners:[], old=null
2022-11-04 13:02:11,931 [pool-72-thread-1] INFO  server.RaftServer$Division (RaftServerImpl.java:setRole(321)) - 8e07edf8-1d4d-4d32-b98f-654a955e2c3a@group-98643F1C129C: changes role from      null to FOLLOWER at term 0 for startAsFollower
2022-11-04 13:02:11,931 [pool-72-thread-1] INFO  impl.RoleInfo (RoleInfo.java:updateAndGet(139)) - 8e07edf8-1d4d-4d32-b98f-654a955e2c3a: start 8e07edf8-1d4d-4d32-b98f-654a955e2c3a@group-98643F1C129C-FollowerState
2022-11-04 13:02:11,939 [pool-72-thread-1] INFO  util.JmxRegister (JmxRegister.java:tryRegister(44)) - Successfully registered JMX Bean with object name Ratis:service=RaftServer,group=group-98643F1C129C,id=8e07edf8-1d4d-4d32-b98f-654a955e2c3a
2022-11-04 13:02:11,940 [pool-72-thread-1] INFO  server.RaftServerConfigKeys (ConfUtils.java:logGet(46)) - raft.server.snapshot.auto.trigger.enabled = true (custom)
2022-11-04 13:02:11,940 [pool-72-thread-1] INFO  server.RaftServerConfigKeys (ConfUtils.java:logGet(46)) - raft.server.snapshot.auto.trigger.threshold = 10000 (custom)
2022-11-04 13:02:11,940 [pool-72-thread-1] INFO  server.RaftServerConfigKeys (ConfUtils.java:logGet(46)) - raft.server.snapshot.retention.file.num = 5 (custom)
2022-11-04 13:02:11,940 [pool-72-thread-1] INFO  server.RaftServerConfigKeys (ConfUtils.java:logGet(46)) - raft.server.log.purge.upto.snapshot.index = false (default)
2022-11-04 13:02:11,941 [8e07edf8-1d4d-4d32-b98f-654a955e2c3a@group-98643F1C129C-FollowerState] INFO  server.RaftServerConfigKeys (ConfUtils.java:logFallback(53)) - raft.server.rpc.first-election.timeout.min = 5s (fallback to raft.server.rpc.timeout.min)
2022-11-04 13:02:11,941 [8e07edf8-1d4d-4d32-b98f-654a955e2c3a@group-98643F1C129C-FollowerState] INFO  server.RaftServerConfigKeys (ConfUtils.java:logFallback(53)) - raft.server.rpc.first-election.timeout.max = 5200ms (fallback to raft.server.rpc.timeout.max)
2022-11-04 13:02:11,951 [EventQueue-PipelineReportForPipelineReportHandler] INFO  pipeline.PipelineManagerImpl (PipelineManagerImpl.java:openPipeline(367)) - Pipeline Pipeline[ Id: 61e29020-5078-4504-806e-98643f1c129c, Nodes: 8e07edf8-1d4d-4d32-b98f-654a955e2c3a{ip: 10.1.1.30, host: fv-az377-996.ap30g4v5sw5evmjtdmxdg2w53f.dx.internal.cloudapp.net, ports: [REPLICATION=41985, RATIS=40249, RATIS_ADMIN=40249, RATIS_SERVER=40249, STANDALONE=34109], networkLocation: /default-rack, certSerialId: null, persistedOpState: IN_SERVICE, persistedOpStateExpiryEpochSec: 0}, ReplicationConfig: RATIS/ONE, State:ALLOCATED, leaderId:8e07edf8-1d4d-4d32-b98f-654a955e2c3a, CreationTimestamp2022-11-04T13:02:08.919Z[Etc/UTC]] moved to OPEN state
2022-11-04 13:02:11,953 [EventQueue-OpenPipelineForHealthyPipelineSafeModeRule] INFO  safemode.SCMSafeModeManager (HealthyPipelineSafeModeRule.java:process(137)) - SCM in safe mode. Healthy pipelines reported count is 0, required healthy pipeline reported count is 1
2022-11-04 13:02:11,962 [Command processor thread] INFO  ratis.XceiverServerRatis (XceiverServerRatis.java:addGroup(765)) - Created group PipelineID=61e29020-5078-4504-806e-98643f1c129c
2022-11-04 13:02:11,964 [Command processor thread] INFO  commandhandler.CreatePipelineCommandHandler (CreatePipelineCommandHandler.java:handle(113)) - Created Pipeline RATIS ONE PipelineID=61e29020-5078-4504-806e-98643f1c129c.
2022-11-04 13:02:11,964 [Command processor thread] INFO  server.RaftServer (RaftServerProxy.java:addNew(96)) - 8e07edf8-1d4d-4d32-b98f-654a955e2c3a: addNew group-1F6ABA31B672:[b71d1b8c-429c-47b9-884c-c174df504715|rpc:10.1.1.30:45949|priority:0|startupRole:FOLLOWER, ecdab5d7-df43-4175-904b-132339c59ea7|rpc:10.1.1.30:42643|priority:0|startupRole:FOLLOWER, 8e07edf8-1d4d-4d32-b98f-654a955e2c3a|rpc:10.1.1.30:40249|priority:1|startupRole:FOLLOWER] returns group-1F6ABA31B672:java.util.concurrent.CompletableFuture@5796d809[Not completed]
2022-11-04 13:02:11,971 [pool-72-thread-1] INFO  server.RaftServer$Division (RaftServerImpl.java:<init>(195)) - 8e07edf8-1d4d-4d32-b98f-654a955e2c3a: new RaftServerImpl for group-1F6ABA31B672:[b71d1b8c-429c-47b9-884c-c174df504715|rpc:10.1.1.30:45949|priority:0|startupRole:FOLLOWER, ecdab5d7-df43-4175-904b-132339c59ea7|rpc:10.1.1.30:42643|priority:0|startupRole:FOLLOWER, 8e07edf8-1d4d-4d32-b98f-654a955e2c3a|rpc:10.1.1.30:40249|priority:1|startupRole:FOLLOWER] with ContainerStateMachine:uninitialized
2022-11-04 13:02:11,971 [pool-72-thread-1] INFO  server.RaftServerConfigKeys (ConfUtils.java:logGet(46)) - raft.server.rpc.timeout.min = 5s (custom)
2022-11-04 13:02:11,971 [pool-72-thread-1] INFO  server.RaftServerConfigKeys (ConfUtils.java:logGet(46)) - raft.server.rpc.timeout.max = 5200ms (custom)
2022-11-04 13:02:11,971 [pool-72-thread-1] INFO  server.RaftServerConfigKeys (ConfUtils.java:logGet(46)) - raft.server.rpc.sleep.time = 25ms (default)
2022-11-04 13:02:11,971 [pool-72-thread-1] INFO  server.RaftServerConfigKeys (ConfUtils.java:logGet(46)) - raft.server.rpc.slowness.timeout = 300s (custom)
2022-11-04 13:02:11,973 [pool-72-thread-1] INFO  server.RaftServerConfigKeys (ConfUtils.java:logGet(46)) - raft.server.leaderelection.leader.step-down.wait-time = 10s (default)
2022-11-04 13:02:11,973 [pool-72-thread-1] INFO  server.RaftServerConfigKeys (ConfUtils.java:logGet(46)) - raft.server.sleep.deviation.threshold = 300ms (default)
2022-11-04 13:02:11,973 [pool-72-thread-1] INFO  server.RaftServer$Division (ServerState.java:<init>(118)) - 8e07edf8-1d4d-4d32-b98f-654a955e2c3a@group-1F6ABA31B672: ConfigurationManager, init=-1: peers:[b71d1b8c-429c-47b9-884c-c174df504715|rpc:10.1.1.30:45949|priority:0|startupRole:FOLLOWER, ecdab5d7-df43-4175-904b-132339c59ea7|rpc:10.1.1.30:42643|priority:0|startupRole:FOLLOWER, 8e07edf8-1d4d-4d32-b98f-654a955e2c3a|rpc:10.1.1.30:40249|priority:1|startupRole:FOLLOWER]|listeners:[], old=null, confs=<EMPTY_MAP>
2022-11-04 13:02:11,973 [pool-72-thread-1] INFO  server.RaftServerConfigKeys (ConfUtils.java:logGet(46)) - raft.server.storage.dir = [/home/runner/work/ozone/ozone/hadoop-ozone/integration-test/target/test-dir/MiniOzoneClusterImpl-cec56291-7f8b-4456-b869-8b5b2b7a6237/datanode-0/data/ratis] (custom)
2022-11-04 13:02:11,973 [pool-72-thread-1] INFO  server.RaftServerConfigKeys (ConfUtils.java:logGet(46)) - raft.server.log.corruption.policy = EXCEPTION (default)
2022-11-04 13:02:11,973 [pool-72-thread-1] INFO  server.RaftServerConfigKeys (ConfUtils.java:logGet(46)) - raft.server.storage.free-space.min = 0MB (=0) (default)
2022-11-04 13:02:11,974 [pool-72-thread-1] INFO  server.RaftServerConfigKeys (ConfUtils.java:logGet(46)) - raft.server.notification.no-leader.timeout = 300s (custom)
2022-11-04 13:02:11,974 [pool-72-thread-1] INFO  server.RaftServerConfigKeys (ConfUtils.java:logGet(46)) - raft.server.retrycache.expirytime = 600000ms (custom)
2022-11-04 13:02:11,974 [pool-72-thread-1] INFO  server.RaftServerConfigKeys (ConfUtils.java:logGet(46)) - raft.server.retrycache.statistics.expirytime = 100μs (default)
2022-11-04 13:02:11,975 [pool-72-thread-1] INFO  server.RaftServerConfigKeys (ConfUtils.java:logGet(46)) - raft.server.log.appender.install.snapshot.enabled = false (custom)
2022-11-04 13:02:11,975 [pool-72-thread-1] INFO  server.RaftServerConfigKeys (ConfUtils.java:logGet(46)) - raft.server.threadpool.server.cached = true (default)
2022-11-04 13:02:11,975 [pool-72-thread-1] INFO  server.RaftServerConfigKeys (ConfUtils.java:logGet(46)) - raft.server.threadpool.server.size = 0 (default)
2022-11-04 13:02:11,975 [pool-72-thread-1] INFO  server.RaftServerConfigKeys (ConfUtils.java:logGet(46)) - raft.server.threadpool.client.cached = true (default)
2022-11-04 13:02:11,976 [pool-72-thread-1] INFO  server.RaftServerConfigKeys (ConfUtils.java:logGet(46)) - raft.server.threadpool.client.size = 0 (default)
2022-11-04 13:02:11,976 [pool-72-thread-1] INFO  storage.RaftStorageDirectory (RaftStorageDirectoryImpl.java:analyzeStorage(137)) - The storage directory /home/runner/work/ozone/ozone/hadoop-ozone/integration-test/target/test-dir/MiniOzoneClusterImpl-cec56291-7f8b-4456-b869-8b5b2b7a6237/datanode-0/data/ratis/cbabc3bb-4e79-4462-9967-1f6aba31b672 does not exist. Creating ...
2022-11-04 13:02:11,978 [pool-72-thread-1] INFO  storage.RaftStorageDirectory (RaftStorageDirectoryImpl.java:tryLock(231)) - Lock on /home/runner/work/ozone/ozone/hadoop-ozone/integration-test/target/test-dir/MiniOzoneClusterImpl-cec56291-7f8b-4456-b869-8b5b2b7a6237/datanode-0/data/ratis/cbabc3bb-4e79-4462-9967-1f6aba31b672/in_use.lock acquired by nodename 5024@fv-az377-996
2022-11-04 13:02:11,980 [pool-72-thread-1] INFO  storage.RaftStorage (RaftStorageImpl.java:format(96)) - Storage directory /home/runner/work/ozone/ozone/hadoop-ozone/integration-test/target/test-dir/MiniOzoneClusterImpl-cec56291-7f8b-4456-b869-8b5b2b7a6237/datanode-0/data/ratis/cbabc3bb-4e79-4462-9967-1f6aba31b672 has been successfully formatted.
2022-11-04 13:02:11,984 [EventQueue-OpenPipelineForHealthyPipelineSafeModeRule] INFO  safemode.SCMSafeModeManager (HealthyPipelineSafeModeRule.java:process(137)) - SCM in safe mode. Healthy pipelines reported count is 0, required healthy pipeline reported count is 1
2022-11-04 13:02:11,984 [Listener at 127.0.0.1/37717] INFO  ozone.MiniOzoneClusterImpl (MiniOzoneClusterImpl.java:lambda$waitForClusterToBeReady$0(216)) - Nodes are ready. Got 3 of 3 DN Heartbeats.
2022-11-04 13:02:11,985 [Listener at 127.0.0.1/37717] INFO  ozone.MiniOzoneClusterImpl (MiniOzoneClusterImpl.java:lambda$waitForClusterToBeReady$0(219)) - Waiting for cluster to exit safe mode
2022-11-04 13:02:11,985 [Listener at 127.0.0.1/37717] INFO  ozone.MiniOzoneClusterImpl (MiniOzoneClusterImpl.java:lambda$waitForClusterToBeReady$0(221)) - SCM became leader
2022-11-04 13:02:11,988 [pool-72-thread-1] INFO  ratis.ContainerStateMachine (ContainerStateMachine.java:loadSnapshot(236)) - group-1F6ABA31B672: The snapshot info is null. Setting the last applied indexto:(t:0, i:~)
2022-11-04 13:02:11,988 [pool-72-thread-1] INFO  server.RaftServerConfigKeys (ConfUtils.java:logGet(46)) - raft.server.log.use.memory = false (default)
2022-11-04 13:02:11,989 [pool-72-thread-1] INFO  server.RaftServerConfigKeys (ConfUtils.java:logGet(46)) - raft.server.log.purge.gap = 1000000 (custom)
2022-11-04 13:02:11,989 [pool-72-thread-1] INFO  server.RaftServerConfigKeys (ConfUtils.java:logGet(46)) - raft.server.log.appender.buffer.byte-limit = 33554432 (custom)
2022-11-04 13:02:11,989 [pool-72-thread-1] INFO  server.RaftServerConfigKeys (ConfUtils.java:logGet(46)) - raft.server.log.statemachine.data.read.timeout = 1000ms (default)
2022-11-04 13:02:11,989 [pool-72-thread-1] INFO  server.RaftServerConfigKeys (ConfUtils.java:logGet(46)) - raft.server.log.purge.preservation.log.num = 0 (default)
2022-11-04 13:02:11,989 [pool-72-thread-1] INFO  server.RaftServerConfigKeys (ConfUtils.java:logGet(46)) - raft.server.log.segment.size.max = 1048576 (custom)
2022-11-04 13:02:11,991 [pool-72-thread-1] INFO  server.RaftServerConfigKeys (ConfUtils.java:logGet(46)) - raft.server.log.segment.cache.num.max = 2 (custom)
2022-11-04 13:02:11,991 [pool-72-thread-1] INFO  server.RaftServerConfigKeys (ConfUtils.java:logGet(46)) - raft.server.log.segment.cache.size.max = 200MB (=209715200) (default)
2022-11-04 13:02:11,991 [pool-72-thread-1] INFO  segmented.SegmentedRaftLogWorker (SegmentedRaftLogWorker.java:<init>(191)) - new 8e07edf8-1d4d-4d32-b98f-654a955e2c3a@group-1F6ABA31B672-SegmentedRaftLogWorker for RaftStorageImpl:Storage Directory /home/runner/work/ozone/ozone/hadoop-ozone/integration-test/target/test-dir/MiniOzoneClusterImpl-cec56291-7f8b-4456-b869-8b5b2b7a6237/datanode-0/data/ratis/cbabc3bb-4e79-4462-9967-1f6aba31b672
2022-11-04 13:02:11,991 [pool-72-thread-1] INFO  server.RaftServerConfigKeys (ConfUtils.java:logGet(46)) - raft.server.log.queue.byte-limit = 4294967296 (custom)
2022-11-04 13:02:11,991 [pool-72-thread-1] INFO  server.RaftServerConfigKeys (ConfUtils.java:logGet(46)) - raft.server.log.queue.element-limit = 1024 (custom)
2022-11-04 13:02:11,991 [pool-72-thread-1] INFO  server.RaftServerConfigKeys (ConfUtils.java:logGet(46)) - raft.server.log.segment.size.max = 1048576 (custom)
2022-11-04 13:02:11,991 [pool-72-thread-1] INFO  server.RaftServerConfigKeys (ConfUtils.java:logGet(46)) - raft.server.log.preallocated.size = 16384 (custom)
2022-11-04 13:02:11,991 [pool-72-thread-1] INFO  server.RaftServerConfigKeys (ConfUtils.java:logGet(46)) - raft.server.log.force.sync.num = 128 (default)
2022-11-04 13:02:11,991 [pool-72-thread-1] INFO  server.RaftServerConfigKeys (ConfUtils.java:logGet(46)) - raft.server.log.statemachine.data.sync = true (default)
2022-11-04 13:02:11,991 [pool-72-thread-1] INFO  server.RaftServerConfigKeys (ConfUtils.java:logGet(46)) - raft.server.log.statemachine.data.sync.timeout = 10s (default)
2022-11-04 13:02:11,992 [pool-72-thread-1] INFO  server.RaftServerConfigKeys (ConfUtils.java:logGet(46)) - raft.server.log.statemachine.data.sync.timeout.retry = -1 (default)
2022-11-04 13:02:11,997 [pool-72-thread-1] INFO  server.RaftServerConfigKeys (ConfUtils.java:logGet(46)) - raft.server.log.write.buffer.size = 1048576 (custom)
2022-11-04 13:02:11,999 [pool-72-thread-1] INFO  server.RaftServerConfigKeys (ConfUtils.java:logGet(46)) - raft.server.log.unsafe-flush.enabled = false (default)
2022-11-04 13:02:12,000 [pool-72-thread-1] INFO  server.RaftServerConfigKeys (ConfUtils.java:logGet(46)) - raft.server.log.async-flush.enabled = false (default)
2022-11-04 13:02:12,000 [pool-72-thread-1] INFO  server.RaftServerConfigKeys (ConfUtils.java:logGet(46)) - raft.server.log.statemachine.data.caching.enabled = true (custom)
2022-11-04 13:02:12,001 [pool-72-thread-1] INFO  segmented.SegmentedRaftLogWorker (SegmentedRaftLogWorker.java:lambda$new$0(136)) - 8e07edf8-1d4d-4d32-b98f-654a955e2c3a@group-1F6ABA31B672-SegmentedRaftLogWorker: flushIndex: setUnconditionally 0 -> -1
2022-11-04 13:02:12,002 [pool-72-thread-1] INFO  segmented.SegmentedRaftLogWorker (SegmentedRaftLogWorker.java:lambda$new$0(136)) - 8e07edf8-1d4d-4d32-b98f-654a955e2c3a@group-1F6ABA31B672-SegmentedRaftLogWorker: safeCacheEvictIndex: setUnconditionally 0 -> -1
2022-11-04 13:02:12,002 [pool-72-thread-1] INFO  server.RaftServer$Division (RaftServerImpl.java:start(334)) - 8e07edf8-1d4d-4d32-b98f-654a955e2c3a@group-1F6ABA31B672: start as a follower, conf=-1: peers:[b71d1b8c-429c-47b9-884c-c174df504715|rpc:10.1.1.30:45949|priority:0|startupRole:FOLLOWER, ecdab5d7-df43-4175-904b-132339c59ea7|rpc:10.1.1.30:42643|priority:0|startupRole:FOLLOWER, 8e07edf8-1d4d-4d32-b98f-654a955e2c3a|rpc:10.1.1.30:40249|priority:1|startupRole:FOLLOWER]|listeners:[], old=null
2022-11-04 13:02:12,002 [pool-72-thread-1] INFO  server.RaftServer$Division (RaftServerImpl.java:setRole(321)) - 8e07edf8-1d4d-4d32-b98f-654a955e2c3a@group-1F6ABA31B672: changes role from      null to FOLLOWER at term 0 for startAsFollower
2022-11-04 13:02:12,002 [pool-72-thread-1] INFO  impl.RoleInfo (RoleInfo.java:updateAndGet(139)) - 8e07edf8-1d4d-4d32-b98f-654a955e2c3a: start 8e07edf8-1d4d-4d32-b98f-654a955e2c3a@group-1F6ABA31B672-FollowerState
2022-11-04 13:02:12,003 [pool-72-thread-1] INFO  util.JmxRegister (JmxRegister.java:tryRegister(44)) - Successfully registered JMX Bean with object name Ratis:service=RaftServer,group=group-1F6ABA31B672,id=8e07edf8-1d4d-4d32-b98f-654a955e2c3a
2022-11-04 13:02:12,004 [pool-72-thread-1] INFO  server.RaftServerConfigKeys (ConfUtils.java:logGet(46)) - raft.server.snapshot.auto.trigger.enabled = true (custom)
2022-11-04 13:02:12,004 [pool-72-thread-1] INFO  server.RaftServerConfigKeys (ConfUtils.java:logGet(46)) - raft.server.snapshot.auto.trigger.threshold = 10000 (custom)
2022-11-04 13:02:12,004 [pool-72-thread-1] INFO  server.RaftServerConfigKeys (ConfUtils.java:logGet(46)) - raft.server.snapshot.retention.file.num = 5 (custom)
2022-11-04 13:02:12,004 [pool-72-thread-1] INFO  server.RaftServerConfigKeys (ConfUtils.java:logGet(46)) - raft.server.log.purge.upto.snapshot.index = false (default)
2022-11-04 13:02:12,007 [8e07edf8-1d4d-4d32-b98f-654a955e2c3a@group-1F6ABA31B672-FollowerState] INFO  server.RaftServerConfigKeys (ConfUtils.java:logFallback(53)) - raft.server.rpc.first-election.timeout.min = 5s (fallback to raft.server.rpc.timeout.min)
2022-11-04 13:02:12,008 [8e07edf8-1d4d-4d32-b98f-654a955e2c3a@group-1F6ABA31B672-FollowerState] INFO  server.RaftServerConfigKeys (ConfUtils.java:logFallback(53)) - raft.server.rpc.first-election.timeout.max = 5200ms (fallback to raft.server.rpc.timeout.max)
2022-11-04 13:02:12,011 [Command processor thread] INFO  ratis.XceiverServerRatis (XceiverServerRatis.java:addGroup(765)) - Created group PipelineID=cbabc3bb-4e79-4462-9967-1f6aba31b672
2022-11-04 13:02:12,568 [Command processor thread] INFO  server.RaftServer (RaftServerProxy.java:addNew(96)) - ecdab5d7-df43-4175-904b-132339c59ea7: addNew group-058901D735A2:[ecdab5d7-df43-4175-904b-132339c59ea7|rpc:10.1.1.30:42643|priority:1|startupRole:FOLLOWER] returns group-058901D735A2:java.util.concurrent.CompletableFuture@6e046fab[Not completed]
2022-11-04 13:02:12,575 [pool-95-thread-1] INFO  server.RaftServer$Division (RaftServerImpl.java:<init>(195)) - ecdab5d7-df43-4175-904b-132339c59ea7: new RaftServerImpl for group-058901D735A2:[ecdab5d7-df43-4175-904b-132339c59ea7|rpc:10.1.1.30:42643|priority:1|startupRole:FOLLOWER] with ContainerStateMachine:uninitialized
2022-11-04 13:02:12,575 [pool-95-thread-1] INFO  server.RaftServerConfigKeys (ConfUtils.java:logGet(46)) - raft.server.rpc.timeout.min = 5s (custom)
2022-11-04 13:02:12,575 [pool-95-thread-1] INFO  server.RaftServerConfigKeys (ConfUtils.java:logGet(46)) - raft.server.rpc.timeout.max = 5200ms (custom)
2022-11-04 13:02:12,575 [pool-95-thread-1] INFO  server.RaftServerConfigKeys (ConfUtils.java:logGet(46)) - raft.server.rpc.sleep.time = 25ms (default)
2022-11-04 13:02:12,575 [pool-95-thread-1] INFO  server.RaftServerConfigKeys (ConfUtils.java:logGet(46)) - raft.server.rpc.slowness.timeout = 300s (custom)
2022-11-04 13:02:12,575 [pool-95-thread-1] INFO  server.RaftServerConfigKeys (ConfUtils.java:logGet(46)) - raft.server.leaderelection.leader.step-down.wait-time = 10s (default)
2022-11-04 13:02:12,576 [pool-95-thread-1] INFO  server.RaftServerConfigKeys (ConfUtils.java:logGet(46)) - raft.server.sleep.deviation.threshold = 300ms (default)
2022-11-04 13:02:12,576 [pool-95-thread-1] INFO  server.RaftServer$Division (ServerState.java:<init>(118)) - ecdab5d7-df43-4175-904b-132339c59ea7@group-058901D735A2: ConfigurationManager, init=-1: peers:[ecdab5d7-df43-4175-904b-132339c59ea7|rpc:10.1.1.30:42643|priority:1|startupRole:FOLLOWER]|listeners:[], old=null, confs=<EMPTY_MAP>
2022-11-04 13:02:12,576 [pool-95-thread-1] INFO  server.RaftServerConfigKeys (ConfUtils.java:logGet(46)) - raft.server.storage.dir = [/home/runner/work/ozone/ozone/hadoop-ozone/integration-test/target/test-dir/MiniOzoneClusterImpl-cec56291-7f8b-4456-b869-8b5b2b7a6237/datanode-1/data/ratis] (custom)
2022-11-04 13:02:12,576 [pool-95-thread-1] INFO  server.RaftServerConfigKeys (ConfUtils.java:logGet(46)) - raft.server.log.corruption.policy = EXCEPTION (default)
2022-11-04 13:02:12,576 [pool-95-thread-1] INFO  server.RaftServerConfigKeys (ConfUtils.java:logGet(46)) - raft.server.storage.free-space.min = 0MB (=0) (default)
2022-11-04 13:02:12,576 [pool-95-thread-1] INFO  server.RaftServerConfigKeys (ConfUtils.java:logGet(46)) - raft.server.notification.no-leader.timeout = 300s (custom)
2022-11-04 13:02:12,576 [pool-95-thread-1] INFO  server.RaftServerConfigKeys (ConfUtils.java:logGet(46)) - raft.server.retrycache.expirytime = 600000ms (custom)
2022-11-04 13:02:12,576 [pool-95-thread-1] INFO  server.RaftServerConfigKeys (ConfUtils.java:logGet(46)) - raft.server.retrycache.statistics.expirytime = 100μs (default)
2022-11-04 13:02:12,578 [pool-95-thread-1] INFO  server.RaftServerConfigKeys (ConfUtils.java:logGet(46)) - raft.server.log.appender.install.snapshot.enabled = false (custom)
2022-11-04 13:02:12,578 [pool-95-thread-1] INFO  server.RaftServerConfigKeys (ConfUtils.java:logGet(46)) - raft.server.threadpool.server.cached = true (default)
2022-11-04 13:02:12,578 [pool-95-thread-1] INFO  server.RaftServerConfigKeys (ConfUtils.java:logGet(46)) - raft.server.threadpool.server.size = 0 (default)
2022-11-04 13:02:12,578 [pool-95-thread-1] INFO  server.RaftServerConfigKeys (ConfUtils.java:logGet(46)) - raft.server.threadpool.client.cached = true (default)
2022-11-04 13:02:12,578 [pool-95-thread-1] INFO  server.RaftServerConfigKeys (ConfUtils.java:logGet(46)) - raft.server.threadpool.client.size = 0 (default)
2022-11-04 13:02:12,578 [pool-95-thread-1] INFO  storage.RaftStorageDirectory (RaftStorageDirectoryImpl.java:analyzeStorage(137)) - The storage directory /home/runner/work/ozone/ozone/hadoop-ozone/integration-test/target/test-dir/MiniOzoneClusterImpl-cec56291-7f8b-4456-b869-8b5b2b7a6237/datanode-1/data/ratis/fb7828e6-09a9-4c5d-8b8a-058901d735a2 does not exist. Creating ...
2022-11-04 13:02:12,581 [pool-95-thread-1] INFO  storage.RaftStorageDirectory (RaftStorageDirectoryImpl.java:tryLock(231)) - Lock on /home/runner/work/ozone/ozone/hadoop-ozone/integration-test/target/test-dir/MiniOzoneClusterImpl-cec56291-7f8b-4456-b869-8b5b2b7a6237/datanode-1/data/ratis/fb7828e6-09a9-4c5d-8b8a-058901d735a2/in_use.lock acquired by nodename 5024@fv-az377-996
2022-11-04 13:02:12,583 [pool-95-thread-1] INFO  storage.RaftStorage (RaftStorageImpl.java:format(96)) - Storage directory /home/runner/work/ozone/ozone/hadoop-ozone/integration-test/target/test-dir/MiniOzoneClusterImpl-cec56291-7f8b-4456-b869-8b5b2b7a6237/datanode-1/data/ratis/fb7828e6-09a9-4c5d-8b8a-058901d735a2 has been successfully formatted.
2022-11-04 13:02:12,587 [EventQueue-PipelineReportForPipelineReportHandler] INFO  pipeline.PipelineManagerImpl (PipelineManagerImpl.java:openPipeline(367)) - Pipeline Pipeline[ Id: fb7828e6-09a9-4c5d-8b8a-058901d735a2, Nodes: ecdab5d7-df43-4175-904b-132339c59ea7{ip: 10.1.1.30, host: fv-az377-996.ap30g4v5sw5evmjtdmxdg2w53f.dx.internal.cloudapp.net, ports: [REPLICATION=33261, RATIS=42643, RATIS_ADMIN=42643, RATIS_SERVER=42643, STANDALONE=40857], networkLocation: /default-rack, certSerialId: null, persistedOpState: IN_SERVICE, persistedOpStateExpiryEpochSec: 0}, ReplicationConfig: RATIS/ONE, State:ALLOCATED, leaderId:ecdab5d7-df43-4175-904b-132339c59ea7, CreationTimestamp2022-11-04T13:02:09.572Z[Etc/UTC]] moved to OPEN state
2022-11-04 13:02:12,588 [EventQueue-OpenPipelineForHealthyPipelineSafeModeRule] INFO  safemode.SCMSafeModeManager (HealthyPipelineSafeModeRule.java:process(137)) - SCM in safe mode. Healthy pipelines reported count is 0, required healthy pipeline reported count is 1
2022-11-04 13:02:12,592 [pool-95-thread-1] INFO  ratis.ContainerStateMachine (ContainerStateMachine.java:loadSnapshot(236)) - group-058901D735A2: The snapshot info is null. Setting the last applied indexto:(t:0, i:~)
2022-11-04 13:02:12,594 [pool-95-thread-1] INFO  server.RaftServerConfigKeys (ConfUtils.java:logGet(46)) - raft.server.log.use.memory = false (default)
2022-11-04 13:02:12,595 [pool-95-thread-1] INFO  server.RaftServerConfigKeys (ConfUtils.java:logGet(46)) - raft.server.log.purge.gap = 1000000 (custom)
2022-11-04 13:02:12,595 [pool-95-thread-1] INFO  server.RaftServerConfigKeys (ConfUtils.java:logGet(46)) - raft.server.log.appender.buffer.byte-limit = 33554432 (custom)
2022-11-04 13:02:12,595 [pool-95-thread-1] INFO  server.RaftServerConfigKeys (ConfUtils.java:logGet(46)) - raft.server.log.statemachine.data.read.timeout = 1000ms (default)
2022-11-04 13:02:12,596 [pool-95-thread-1] INFO  server.RaftServerConfigKeys (ConfUtils.java:logGet(46)) - raft.server.log.purge.preservation.log.num = 0 (default)
2022-11-04 13:02:12,596 [pool-95-thread-1] INFO  server.RaftServerConfigKeys (ConfUtils.java:logGet(46)) - raft.server.log.segment.size.max = 1048576 (custom)
2022-11-04 13:02:12,599 [pool-95-thread-1] INFO  server.RaftServerConfigKeys (ConfUtils.java:logGet(46)) - raft.server.log.segment.cache.num.max = 2 (custom)
2022-11-04 13:02:12,600 [pool-95-thread-1] INFO  server.RaftServerConfigKeys (ConfUtils.java:logGet(46)) - raft.server.log.segment.cache.size.max = 200MB (=209715200) (default)
2022-11-04 13:02:12,600 [pool-95-thread-1] INFO  segmented.SegmentedRaftLogWorker (SegmentedRaftLogWorker.java:<init>(191)) - new ecdab5d7-df43-4175-904b-132339c59ea7@group-058901D735A2-SegmentedRaftLogWorker for RaftStorageImpl:Storage Directory /home/runner/work/ozone/ozone/hadoop-ozone/integration-test/target/test-dir/MiniOzoneClusterImpl-cec56291-7f8b-4456-b869-8b5b2b7a6237/datanode-1/data/ratis/fb7828e6-09a9-4c5d-8b8a-058901d735a2
2022-11-04 13:02:12,600 [pool-95-thread-1] INFO  server.RaftServerConfigKeys (ConfUtils.java:logGet(46)) - raft.server.log.queue.byte-limit = 4294967296 (custom)
2022-11-04 13:02:12,600 [pool-95-thread-1] INFO  server.RaftServerConfigKeys (ConfUtils.java:logGet(46)) - raft.server.log.queue.element-limit = 1024 (custom)
2022-11-04 13:02:12,600 [pool-95-thread-1] INFO  server.RaftServerConfigKeys (ConfUtils.java:logGet(46)) - raft.server.log.segment.size.max = 1048576 (custom)
2022-11-04 13:02:12,600 [pool-95-thread-1] INFO  server.RaftServerConfigKeys (ConfUtils.java:logGet(46)) - raft.server.log.preallocated.size = 16384 (custom)
2022-11-04 13:02:12,602 [pool-95-thread-1] INFO  server.RaftServerConfigKeys (ConfUtils.java:logGet(46)) - raft.server.log.force.sync.num = 128 (default)
2022-11-04 13:02:12,602 [pool-95-thread-1] INFO  server.RaftServerConfigKeys (ConfUtils.java:logGet(46)) - raft.server.log.statemachine.data.sync = true (default)
2022-11-04 13:02:12,602 [pool-95-thread-1] INFO  server.RaftServerConfigKeys (ConfUtils.java:logGet(46)) - raft.server.log.statemachine.data.sync.timeout = 10s (default)
2022-11-04 13:02:12,605 [pool-95-thread-1] INFO  server.RaftServerConfigKeys (ConfUtils.java:logGet(46)) - raft.server.log.statemachine.data.sync.timeout.retry = -1 (default)
2022-11-04 13:02:12,608 [pool-95-thread-1] INFO  server.RaftServerConfigKeys (ConfUtils.java:logGet(46)) - raft.server.log.write.buffer.size = 1048576 (custom)
2022-11-04 13:02:12,609 [pool-95-thread-1] INFO  server.RaftServerConfigKeys (ConfUtils.java:logGet(46)) - raft.server.log.unsafe-flush.enabled = false (default)
2022-11-04 13:02:12,609 [pool-95-thread-1] INFO  server.RaftServerConfigKeys (ConfUtils.java:logGet(46)) - raft.server.log.async-flush.enabled = false (default)
2022-11-04 13:02:12,609 [pool-95-thread-1] INFO  server.RaftServerConfigKeys (ConfUtils.java:logGet(46)) - raft.server.log.statemachine.data.caching.enabled = true (custom)
2022-11-04 13:02:12,609 [pool-95-thread-1] INFO  segmented.SegmentedRaftLogWorker (SegmentedRaftLogWorker.java:lambda$new$0(136)) - ecdab5d7-df43-4175-904b-132339c59ea7@group-058901D735A2-SegmentedRaftLogWorker: flushIndex: setUnconditionally 0 -> -1
2022-11-04 13:02:12,609 [pool-95-thread-1] INFO  segmented.SegmentedRaftLogWorker (SegmentedRaftLogWorker.java:lambda$new$0(136)) - ecdab5d7-df43-4175-904b-132339c59ea7@group-058901D735A2-SegmentedRaftLogWorker: safeCacheEvictIndex: setUnconditionally 0 -> -1
2022-11-04 13:02:12,610 [pool-95-thread-1] INFO  server.RaftServer$Division (RaftServerImpl.java:start(334)) - ecdab5d7-df43-4175-904b-132339c59ea7@group-058901D735A2: start as a follower, conf=-1: peers:[ecdab5d7-df43-4175-904b-132339c59ea7|rpc:10.1.1.30:42643|priority:1|startupRole:FOLLOWER]|listeners:[], old=null
2022-11-04 13:02:12,610 [pool-95-thread-1] INFO  server.RaftServer$Division (RaftServerImpl.java:setRole(321)) - ecdab5d7-df43-4175-904b-132339c59ea7@group-058901D735A2: changes role from      null to FOLLOWER at term 0 for startAsFollower
2022-11-04 13:02:12,610 [pool-95-thread-1] INFO  impl.RoleInfo (RoleInfo.java:updateAndGet(139)) - ecdab5d7-df43-4175-904b-132339c59ea7: start ecdab5d7-df43-4175-904b-132339c59ea7@group-058901D735A2-FollowerState
2022-11-04 13:02:12,610 [ecdab5d7-df43-4175-904b-132339c59ea7@group-058901D735A2-FollowerState] INFO  server.RaftServerConfigKeys (ConfUtils.java:logFallback(53)) - raft.server.rpc.first-election.timeout.min = 5s (fallback to raft.server.rpc.timeout.min)
2022-11-04 13:02:12,610 [ecdab5d7-df43-4175-904b-132339c59ea7@group-058901D735A2-FollowerState] INFO  server.RaftServerConfigKeys (ConfUtils.java:logFallback(53)) - raft.server.rpc.first-election.timeout.max = 5200ms (fallback to raft.server.rpc.timeout.max)
2022-11-04 13:02:12,610 [pool-95-thread-1] INFO  util.JmxRegister (JmxRegister.java:tryRegister(44)) - Successfully registered JMX Bean with object name Ratis:service=RaftServer,group=group-058901D735A2,id=ecdab5d7-df43-4175-904b-132339c59ea7
2022-11-04 13:02:12,612 [pool-95-thread-1] INFO  server.RaftServerConfigKeys (ConfUtils.java:logGet(46)) - raft.server.snapshot.auto.trigger.enabled = true (custom)
2022-11-04 13:02:12,612 [pool-95-thread-1] INFO  server.RaftServerConfigKeys (ConfUtils.java:logGet(46)) - raft.server.snapshot.auto.trigger.threshold = 10000 (custom)
2022-11-04 13:02:12,612 [pool-95-thread-1] INFO  server.RaftServerConfigKeys (ConfUtils.java:logGet(46)) - raft.server.snapshot.retention.file.num = 5 (custom)
2022-11-04 13:02:12,612 [pool-95-thread-1] INFO  server.RaftServerConfigKeys (ConfUtils.java:logGet(46)) - raft.server.log.purge.upto.snapshot.index = false (default)
2022-11-04 13:02:12,612 [grpc-default-executor-0] INFO  server.RaftServer (RaftServerProxy.java:addNew(96)) - b71d1b8c-429c-47b9-884c-c174df504715: addNew group-1F6ABA31B672:[b71d1b8c-429c-47b9-884c-c174df504715|rpc:10.1.1.30:45949|dataStream:|priority:0|startupRole:FOLLOWER, ecdab5d7-df43-4175-904b-132339c59ea7|rpc:10.1.1.30:42643|dataStream:|priority:0|startupRole:FOLLOWER, 8e07edf8-1d4d-4d32-b98f-654a955e2c3a|rpc:10.1.1.30:40249|dataStream:|priority:1|startupRole:FOLLOWER] returns group-1F6ABA31B672:java.util.concurrent.CompletableFuture@59234e50[Not completed]
2022-11-04 13:02:12,615 [Command processor thread] INFO  ratis.XceiverServerRatis (XceiverServerRatis.java:addGroup(765)) - Created group PipelineID=fb7828e6-09a9-4c5d-8b8a-058901d735a2
2022-11-04 13:02:12,616 [Command processor thread] INFO  commandhandler.CreatePipelineCommandHandler (CreatePipelineCommandHandler.java:handle(113)) - Created Pipeline RATIS ONE PipelineID=fb7828e6-09a9-4c5d-8b8a-058901d735a2.
2022-11-04 13:02:12,622 [Command processor thread] INFO  server.RaftServer (RaftServerProxy.java:addNew(96)) - ecdab5d7-df43-4175-904b-132339c59ea7: addNew group-1F6ABA31B672:[b71d1b8c-429c-47b9-884c-c174df504715|rpc:10.1.1.30:45949|priority:0|startupRole:FOLLOWER, ecdab5d7-df43-4175-904b-132339c59ea7|rpc:10.1.1.30:42643|priority:0|startupRole:FOLLOWER, 8e07edf8-1d4d-4d32-b98f-654a955e2c3a|rpc:10.1.1.30:40249|priority:1|startupRole:FOLLOWER] returns group-1F6ABA31B672:java.util.concurrent.CompletableFuture@6a3bf6b3[Not completed]
2022-11-04 13:02:12,624 [pool-118-thread-1] INFO  server.RaftServer$Division (RaftServerImpl.java:<init>(195)) - b71d1b8c-429c-47b9-884c-c174df504715: new RaftServerImpl for group-1F6ABA31B672:[b71d1b8c-429c-47b9-884c-c174df504715|rpc:10.1.1.30:45949|dataStream:|priority:0|startupRole:FOLLOWER, ecdab5d7-df43-4175-904b-132339c59ea7|rpc:10.1.1.30:42643|dataStream:|priority:0|startupRole:FOLLOWER, 8e07edf8-1d4d-4d32-b98f-654a955e2c3a|rpc:10.1.1.30:40249|dataStream:|priority:1|startupRole:FOLLOWER] with ContainerStateMachine:uninitialized
2022-11-04 13:02:12,624 [pool-95-thread-1] INFO  server.RaftServer$Division (RaftServerImpl.java:<init>(195)) - ecdab5d7-df43-4175-904b-132339c59ea7: new RaftServerImpl for group-1F6ABA31B672:[b71d1b8c-429c-47b9-884c-c174df504715|rpc:10.1.1.30:45949|priority:0|startupRole:FOLLOWER, ecdab5d7-df43-4175-904b-132339c59ea7|rpc:10.1.1.30:42643|priority:0|startupRole:FOLLOWER, 8e07edf8-1d4d-4d32-b98f-654a955e2c3a|rpc:10.1.1.30:40249|priority:1|startupRole:FOLLOWER] with ContainerStateMachine:uninitialized
2022-11-04 13:02:12,625 [pool-118-thread-1] INFO  server.RaftServerConfigKeys (ConfUtils.java:logGet(46)) - raft.server.rpc.timeout.min = 5s (custom)
2022-11-04 13:02:12,625 [pool-95-thread-1] INFO  server.RaftServerConfigKeys (ConfUtils.java:logGet(46)) - raft.server.rpc.timeout.min = 5s (custom)
2022-11-04 13:02:12,626 [pool-95-thread-1] INFO  server.RaftServerConfigKeys (ConfUtils.java:logGet(46)) - raft.server.rpc.timeout.max = 5200ms (custom)
2022-11-04 13:02:12,626 [pool-95-thread-1] INFO  server.RaftServerConfigKeys (ConfUtils.java:logGet(46)) - raft.server.rpc.sleep.time = 25ms (default)
2022-11-04 13:02:12,626 [pool-95-thread-1] INFO  server.RaftServerConfigKeys (ConfUtils.java:logGet(46)) - raft.server.rpc.slowness.timeout = 300s (custom)
2022-11-04 13:02:12,626 [pool-95-thread-1] INFO  server.RaftServerConfigKeys (ConfUtils.java:logGet(46)) - raft.server.leaderelection.leader.step-down.wait-time = 10s (default)
2022-11-04 13:02:12,626 [pool-95-thread-1] INFO  server.RaftServerConfigKeys (ConfUtils.java:logGet(46)) - raft.server.sleep.deviation.threshold = 300ms (default)
2022-11-04 13:02:12,626 [pool-95-thread-1] INFO  server.RaftServer$Division (ServerState.java:<init>(118)) - ecdab5d7-df43-4175-904b-132339c59ea7@group-1F6ABA31B672: ConfigurationManager, init=-1: peers:[b71d1b8c-429c-47b9-884c-c174df504715|rpc:10.1.1.30:45949|priority:0|startupRole:FOLLOWER, ecdab5d7-df43-4175-904b-132339c59ea7|rpc:10.1.1.30:42643|priority:0|startupRole:FOLLOWER, 8e07edf8-1d4d-4d32-b98f-654a955e2c3a|rpc:10.1.1.30:40249|priority:1|startupRole:FOLLOWER]|listeners:[], old=null, confs=<EMPTY_MAP>
2022-11-04 13:02:12,627 [pool-95-thread-1] INFO  server.RaftServerConfigKeys (ConfUtils.java:logGet(46)) - raft.server.storage.dir = [/home/runner/work/ozone/ozone/hadoop-ozone/integration-test/target/test-dir/MiniOzoneClusterImpl-cec56291-7f8b-4456-b869-8b5b2b7a6237/datanode-1/data/ratis] (custom)
2022-11-04 13:02:12,627 [pool-95-thread-1] INFO  server.RaftServerConfigKeys (ConfUtils.java:logGet(46)) - raft.server.log.corruption.policy = EXCEPTION (default)
2022-11-04 13:02:12,627 [pool-95-thread-1] INFO  server.RaftServerConfigKeys (ConfUtils.java:logGet(46)) - raft.server.storage.free-space.min = 0MB (=0) (default)
2022-11-04 13:02:12,627 [pool-95-thread-1] INFO  server.RaftServerConfigKeys (ConfUtils.java:logGet(46)) - raft.server.notification.no-leader.timeout = 300s (custom)
2022-11-04 13:02:12,626 [pool-118-thread-1] INFO  server.RaftServerConfigKeys (ConfUtils.java:logGet(46)) - raft.server.rpc.timeout.max = 5200ms (custom)
2022-11-04 13:02:12,627 [pool-95-thread-1] INFO  server.RaftServerConfigKeys (ConfUtils.java:logGet(46)) - raft.server.retrycache.expirytime = 600000ms (custom)
2022-11-04 13:02:12,628 [pool-95-thread-1] INFO  server.RaftServerConfigKeys (ConfUtils.java:logGet(46)) - raft.server.retrycache.statistics.expirytime = 100μs (default)
2022-11-04 13:02:12,628 [pool-118-thread-1] INFO  server.RaftServerConfigKeys (ConfUtils.java:logGet(46)) - raft.server.rpc.sleep.time = 25ms (default)
2022-11-04 13:02:12,628 [pool-118-thread-1] INFO  server.RaftServerConfigKeys (ConfUtils.java:logGet(46)) - raft.server.rpc.slowness.timeout = 300s (custom)
2022-11-04 13:02:12,628 [pool-118-thread-1] INFO  server.RaftServerConfigKeys (ConfUtils.java:logGet(46)) - raft.server.leaderelection.leader.step-down.wait-time = 10s (default)
2022-11-04 13:02:12,628 [pool-118-thread-1] INFO  server.RaftServerConfigKeys (ConfUtils.java:logGet(46)) - raft.server.sleep.deviation.threshold = 300ms (default)
2022-11-04 13:02:12,628 [pool-118-thread-1] INFO  server.RaftServer$Division (ServerState.java:<init>(118)) - b71d1b8c-429c-47b9-884c-c174df504715@group-1F6ABA31B672: ConfigurationManager, init=-1: peers:[b71d1b8c-429c-47b9-884c-c174df504715|rpc:10.1.1.30:45949|dataStream:|priority:0|startupRole:FOLLOWER, ecdab5d7-df43-4175-904b-132339c59ea7|rpc:10.1.1.30:42643|dataStream:|priority:0|startupRole:FOLLOWER, 8e07edf8-1d4d-4d32-b98f-654a955e2c3a|rpc:10.1.1.30:40249|dataStream:|priority:1|startupRole:FOLLOWER]|listeners:[], old=null, confs=<EMPTY_MAP>
2022-11-04 13:02:12,628 [pool-118-thread-1] INFO  server.RaftServerConfigKeys (ConfUtils.java:logGet(46)) - raft.server.storage.dir = [/home/runner/work/ozone/ozone/hadoop-ozone/integration-test/target/test-dir/MiniOzoneClusterImpl-cec56291-7f8b-4456-b869-8b5b2b7a6237/datanode-2/data/ratis] (custom)
2022-11-04 13:02:12,629 [pool-118-thread-1] INFO  server.RaftServerConfigKeys (ConfUtils.java:logGet(46)) - raft.server.log.corruption.policy = EXCEPTION (default)
2022-11-04 13:02:12,629 [pool-118-thread-1] INFO  server.RaftServerConfigKeys (ConfUtils.java:logGet(46)) - raft.server.storage.free-space.min = 0MB (=0) (default)
2022-11-04 13:02:12,629 [pool-118-thread-1] INFO  server.RaftServerConfigKeys (ConfUtils.java:logGet(46)) - raft.server.notification.no-leader.timeout = 300s (custom)
2022-11-04 13:02:12,629 [pool-118-thread-1] INFO  server.RaftServerConfigKeys (ConfUtils.java:logGet(46)) - raft.server.retrycache.expirytime = 600000ms (custom)
2022-11-04 13:02:12,629 [pool-118-thread-1] INFO  server.RaftServerConfigKeys (ConfUtils.java:logGet(46)) - raft.server.retrycache.statistics.expirytime = 100μs (default)
2022-11-04 13:02:12,629 [pool-95-thread-1] INFO  server.RaftServerConfigKeys (ConfUtils.java:logGet(46)) - raft.server.log.appender.install.snapshot.enabled = false (custom)
2022-11-04 13:02:12,632 [pool-95-thread-1] INFO  server.RaftServerConfigKeys (ConfUtils.java:logGet(46)) - raft.server.threadpool.server.cached = true (default)
2022-11-04 13:02:12,632 [pool-95-thread-1] INFO  server.RaftServerConfigKeys (ConfUtils.java:logGet(46)) - raft.server.threadpool.server.size = 0 (default)
2022-11-04 13:02:12,632 [pool-95-thread-1] INFO  server.RaftServerConfigKeys (ConfUtils.java:logGet(46)) - raft.server.threadpool.client.cached = true (default)
2022-11-04 13:02:12,632 [pool-95-thread-1] INFO  server.RaftServerConfigKeys (ConfUtils.java:logGet(46)) - raft.server.threadpool.client.size = 0 (default)
2022-11-04 13:02:12,632 [pool-95-thread-1] INFO  storage.RaftStorageDirectory (RaftStorageDirectoryImpl.java:analyzeStorage(137)) - The storage directory /home/runner/work/ozone/ozone/hadoop-ozone/integration-test/target/test-dir/MiniOzoneClusterImpl-cec56291-7f8b-4456-b869-8b5b2b7a6237/datanode-1/data/ratis/cbabc3bb-4e79-4462-9967-1f6aba31b672 does not exist. Creating ...
2022-11-04 13:02:12,634 [pool-95-thread-1] INFO  storage.RaftStorageDirectory (RaftStorageDirectoryImpl.java:tryLock(231)) - Lock on /home/runner/work/ozone/ozone/hadoop-ozone/integration-test/target/test-dir/MiniOzoneClusterImpl-cec56291-7f8b-4456-b869-8b5b2b7a6237/datanode-1/data/ratis/cbabc3bb-4e79-4462-9967-1f6aba31b672/in_use.lock acquired by nodename 5024@fv-az377-996
2022-11-04 13:02:12,635 [pool-118-thread-1] INFO  server.RaftServerConfigKeys (ConfUtils.java:logGet(46)) - raft.server.log.appender.install.snapshot.enabled = false (custom)
2022-11-04 13:02:12,636 [pool-118-thread-1] INFO  server.RaftServerConfigKeys (ConfUtils.java:logGet(46)) - raft.server.threadpool.server.cached = true (default)
2022-11-04 13:02:12,636 [pool-118-thread-1] INFO  server.RaftServerConfigKeys (ConfUtils.java:logGet(46)) - raft.server.threadpool.server.size = 0 (default)
2022-11-04 13:02:12,636 [pool-118-thread-1] INFO  server.RaftServerConfigKeys (ConfUtils.java:logGet(46)) - raft.server.threadpool.client.cached = true (default)
2022-11-04 13:02:12,636 [pool-118-thread-1] INFO  server.RaftServerConfigKeys (ConfUtils.java:logGet(46)) - raft.server.threadpool.client.size = 0 (default)
2022-11-04 13:02:12,636 [pool-118-thread-1] INFO  storage.RaftStorageDirectory (RaftStorageDirectoryImpl.java:analyzeStorage(137)) - The storage directory /home/runner/work/ozone/ozone/hadoop-ozone/integration-test/target/test-dir/MiniOzoneClusterImpl-cec56291-7f8b-4456-b869-8b5b2b7a6237/datanode-2/data/ratis/cbabc3bb-4e79-4462-9967-1f6aba31b672 does not exist. Creating ...
2022-11-04 13:02:12,636 [pool-95-thread-1] INFO  storage.RaftStorage (RaftStorageImpl.java:format(96)) - Storage directory /home/runner/work/ozone/ozone/hadoop-ozone/integration-test/target/test-dir/MiniOzoneClusterImpl-cec56291-7f8b-4456-b869-8b5b2b7a6237/datanode-1/data/ratis/cbabc3bb-4e79-4462-9967-1f6aba31b672 has been successfully formatted.
2022-11-04 13:02:12,636 [pool-95-thread-1] INFO  ratis.ContainerStateMachine (ContainerStateMachine.java:loadSnapshot(236)) - group-1F6ABA31B672: The snapshot info is null. Setting the last applied indexto:(t:0, i:~)
2022-11-04 13:02:12,637 [pool-95-thread-1] INFO  server.RaftServerConfigKeys (ConfUtils.java:logGet(46)) - raft.server.log.use.memory = false (default)
2022-11-04 13:02:12,637 [pool-95-thread-1] INFO  server.RaftServerConfigKeys (ConfUtils.java:logGet(46)) - raft.server.log.purge.gap = 1000000 (custom)
2022-11-04 13:02:12,637 [pool-95-thread-1] INFO  server.RaftServerConfigKeys (ConfUtils.java:logGet(46)) - raft.server.log.appender.buffer.byte-limit = 33554432 (custom)
2022-11-04 13:02:12,637 [pool-95-thread-1] INFO  server.RaftServerConfigKeys (ConfUtils.java:logGet(46)) - raft.server.log.statemachine.data.read.timeout = 1000ms (default)
2022-11-04 13:02:12,637 [pool-95-thread-1] INFO  server.RaftServerConfigKeys (ConfUtils.java:logGet(46)) - raft.server.log.purge.preservation.log.num = 0 (default)
2022-11-04 13:02:12,637 [pool-95-thread-1] INFO  server.RaftServerConfigKeys (ConfUtils.java:logGet(46)) - raft.server.log.segment.size.max = 1048576 (custom)
2022-11-04 13:02:12,637 [pool-95-thread-1] INFO  server.RaftServerConfigKeys (ConfUtils.java:logGet(46)) - raft.server.log.segment.cache.num.max = 2 (custom)
2022-11-04 13:02:12,638 [pool-95-thread-1] INFO  server.RaftServerConfigKeys (ConfUtils.java:logGet(46)) - raft.server.log.segment.cache.size.max = 200MB (=209715200) (default)
2022-11-04 13:02:12,638 [pool-95-thread-1] INFO  segmented.SegmentedRaftLogWorker (SegmentedRaftLogWorker.java:<init>(191)) - new ecdab5d7-df43-4175-904b-132339c59ea7@group-1F6ABA31B672-SegmentedRaftLogWorker for RaftStorageImpl:Storage Directory /home/runner/work/ozone/ozone/hadoop-ozone/integration-test/target/test-dir/MiniOzoneClusterImpl-cec56291-7f8b-4456-b869-8b5b2b7a6237/datanode-1/data/ratis/cbabc3bb-4e79-4462-9967-1f6aba31b672
2022-11-04 13:02:12,638 [pool-95-thread-1] INFO  server.RaftServerConfigKeys (ConfUtils.java:logGet(46)) - raft.server.log.queue.byte-limit = 4294967296 (custom)
2022-11-04 13:02:12,638 [pool-95-thread-1] INFO  server.RaftServerConfigKeys (ConfUtils.java:logGet(46)) - raft.server.log.queue.element-limit = 1024 (custom)
2022-11-04 13:02:12,638 [pool-95-thread-1] INFO  server.RaftServerConfigKeys (ConfUtils.java:logGet(46)) - raft.server.log.segment.size.max = 1048576 (custom)
2022-11-04 13:02:12,638 [pool-95-thread-1] INFO  server.RaftServerConfigKeys (ConfUtils.java:logGet(46)) - raft.server.log.preallocated.size = 16384 (custom)
2022-11-04 13:02:12,638 [pool-95-thread-1] INFO  server.RaftServerConfigKeys (ConfUtils.java:logGet(46)) - raft.server.log.force.sync.num = 128 (default)
2022-11-04 13:02:12,638 [pool-95-thread-1] INFO  server.RaftServerConfigKeys (ConfUtils.java:logGet(46)) - raft.server.log.statemachine.data.sync = true (default)
2022-11-04 13:02:12,639 [pool-95-thread-1] INFO  server.RaftServerConfigKeys (ConfUtils.java:logGet(46)) - raft.server.log.statemachine.data.sync.timeout = 10s (default)
2022-11-04 13:02:12,639 [pool-95-thread-1] INFO  server.RaftServerConfigKeys (ConfUtils.java:logGet(46)) - raft.server.log.statemachine.data.sync.timeout.retry = -1 (default)
2022-11-04 13:02:12,639 [pool-118-thread-1] INFO  storage.RaftStorageDirectory (RaftStorageDirectoryImpl.java:tryLock(231)) - Lock on /home/runner/work/ozone/ozone/hadoop-ozone/integration-test/target/test-dir/MiniOzoneClusterImpl-cec56291-7f8b-4456-b869-8b5b2b7a6237/datanode-2/data/ratis/cbabc3bb-4e79-4462-9967-1f6aba31b672/in_use.lock acquired by nodename 5024@fv-az377-996
2022-11-04 13:02:12,645 [EventQueue-OpenPipelineForHealthyPipelineSafeModeRule] INFO  safemode.SCMSafeModeManager (HealthyPipelineSafeModeRule.java:process(137)) - SCM in safe mode. Healthy pipelines reported count is 0, required healthy pipeline reported count is 1
2022-11-04 13:02:12,646 [pool-118-thread-1] INFO  storage.RaftStorage (RaftStorageImpl.java:format(96)) - Storage directory /home/runner/work/ozone/ozone/hadoop-ozone/integration-test/target/test-dir/MiniOzoneClusterImpl-cec56291-7f8b-4456-b869-8b5b2b7a6237/datanode-2/data/ratis/cbabc3bb-4e79-4462-9967-1f6aba31b672 has been successfully formatted.
2022-11-04 13:02:12,648 [pool-118-thread-1] INFO  ratis.ContainerStateMachine (ContainerStateMachine.java:loadSnapshot(236)) - group-1F6ABA31B672: The snapshot info is null. Setting the last applied indexto:(t:0, i:~)
2022-11-04 13:02:12,648 [pool-118-thread-1] INFO  server.RaftServerConfigKeys (ConfUtils.java:logGet(46)) - raft.server.log.use.memory = false (default)
2022-11-04 13:02:12,649 [pool-118-thread-1] INFO  server.RaftServerConfigKeys (ConfUtils.java:logGet(46)) - raft.server.log.purge.gap = 1000000 (custom)
2022-11-04 13:02:12,652 [pool-118-thread-1] INFO  server.RaftServerConfigKeys (ConfUtils.java:logGet(46)) - raft.server.log.appender.buffer.byte-limit = 33554432 (custom)
2022-11-04 13:02:12,652 [pool-118-thread-1] INFO  server.RaftServerConfigKeys (ConfUtils.java:logGet(46)) - raft.server.log.statemachine.data.read.timeout = 1000ms (default)
2022-11-04 13:02:12,652 [pool-118-thread-1] INFO  server.RaftServerConfigKeys (ConfUtils.java:logGet(46)) - raft.server.log.purge.preservation.log.num = 0 (default)
2022-11-04 13:02:12,652 [pool-118-thread-1] INFO  server.RaftServerConfigKeys (ConfUtils.java:logGet(46)) - raft.server.log.segment.size.max = 1048576 (custom)
2022-11-04 13:02:12,652 [pool-95-thread-1] INFO  server.RaftServerConfigKeys (ConfUtils.java:logGet(46)) - raft.server.log.write.buffer.size = 1048576 (custom)
2022-11-04 13:02:12,653 [pool-118-thread-1] INFO  server.RaftServerConfigKeys (ConfUtils.java:logGet(46)) - raft.server.log.segment.cache.num.max = 2 (custom)
2022-11-04 13:02:12,654 [pool-118-thread-1] INFO  server.RaftServerConfigKeys (ConfUtils.java:logGet(46)) - raft.server.log.segment.cache.size.max = 200MB (=209715200) (default)
2022-11-04 13:02:12,654 [pool-118-thread-1] INFO  segmented.SegmentedRaftLogWorker (SegmentedRaftLogWorker.java:<init>(191)) - new b71d1b8c-429c-47b9-884c-c174df504715@group-1F6ABA31B672-SegmentedRaftLogWorker for RaftStorageImpl:Storage Directory /home/runner/work/ozone/ozone/hadoop-ozone/integration-test/target/test-dir/MiniOzoneClusterImpl-cec56291-7f8b-4456-b869-8b5b2b7a6237/datanode-2/data/ratis/cbabc3bb-4e79-4462-9967-1f6aba31b672
2022-11-04 13:02:12,655 [pool-118-thread-1] INFO  server.RaftServerConfigKeys (ConfUtils.java:logGet(46)) - raft.server.log.queue.byte-limit = 4294967296 (custom)
2022-11-04 13:02:12,655 [pool-118-thread-1] INFO  server.RaftServerConfigKeys (ConfUtils.java:logGet(46)) - raft.server.log.queue.element-limit = 1024 (custom)
2022-11-04 13:02:12,655 [pool-118-thread-1] INFO  server.RaftServerConfigKeys (ConfUtils.java:logGet(46)) - raft.server.log.segment.size.max = 1048576 (custom)
2022-11-04 13:02:12,655 [pool-118-thread-1] INFO  server.RaftServerConfigKeys (ConfUtils.java:logGet(46)) - raft.server.log.preallocated.size = 16384 (custom)
2022-11-04 13:02:12,655 [pool-118-thread-1] INFO  server.RaftServerConfigKeys (ConfUtils.java:logGet(46)) - raft.server.log.force.sync.num = 128 (default)
2022-11-04 13:02:12,655 [pool-118-thread-1] INFO  server.RaftServerConfigKeys (ConfUtils.java:logGet(46)) - raft.server.log.statemachine.data.sync = true (default)
2022-11-04 13:02:12,655 [pool-118-thread-1] INFO  server.RaftServerConfigKeys (ConfUtils.java:logGet(46)) - raft.server.log.statemachine.data.sync.timeout = 10s (default)
2022-11-04 13:02:12,655 [pool-118-thread-1] INFO  server.RaftServerConfigKeys (ConfUtils.java:logGet(46)) - raft.server.log.statemachine.data.sync.timeout.retry = -1 (default)
2022-11-04 13:02:12,654 [pool-95-thread-1] INFO  server.RaftServerConfigKeys (ConfUtils.java:logGet(46)) - raft.server.log.unsafe-flush.enabled = false (default)
2022-11-04 13:02:12,655 [pool-95-thread-1] INFO  server.RaftServerConfigKeys (ConfUtils.java:logGet(46)) - raft.server.log.async-flush.enabled = false (default)
2022-11-04 13:02:12,655 [pool-95-thread-1] INFO  server.RaftServerConfigKeys (ConfUtils.java:logGet(46)) - raft.server.log.statemachine.data.caching.enabled = true (custom)
2022-11-04 13:02:12,656 [pool-95-thread-1] INFO  segmented.SegmentedRaftLogWorker (SegmentedRaftLogWorker.java:lambda$new$0(136)) - ecdab5d7-df43-4175-904b-132339c59ea7@group-1F6ABA31B672-SegmentedRaftLogWorker: flushIndex: setUnconditionally 0 -> -1
2022-11-04 13:02:12,656 [pool-95-thread-1] INFO  segmented.SegmentedRaftLogWorker (SegmentedRaftLogWorker.java:lambda$new$0(136)) - ecdab5d7-df43-4175-904b-132339c59ea7@group-1F6ABA31B672-SegmentedRaftLogWorker: safeCacheEvictIndex: setUnconditionally 0 -> -1
2022-11-04 13:02:12,657 [pool-118-thread-1] INFO  server.RaftServerConfigKeys (ConfUtils.java:logGet(46)) - raft.server.log.write.buffer.size = 1048576 (custom)
2022-11-04 13:02:12,657 [pool-118-thread-1] INFO  server.RaftServerConfigKeys (ConfUtils.java:logGet(46)) - raft.server.log.unsafe-flush.enabled = false (default)
2022-11-04 13:02:12,657 [pool-118-thread-1] INFO  server.RaftServerConfigKeys (ConfUtils.java:logGet(46)) - raft.server.log.async-flush.enabled = false (default)
2022-11-04 13:02:12,657 [pool-118-thread-1] INFO  server.RaftServerConfigKeys (ConfUtils.java:logGet(46)) - raft.server.log.statemachine.data.caching.enabled = true (custom)
2022-11-04 13:02:12,657 [pool-118-thread-1] INFO  segmented.SegmentedRaftLogWorker (SegmentedRaftLogWorker.java:lambda$new$0(136)) - b71d1b8c-429c-47b9-884c-c174df504715@group-1F6ABA31B672-SegmentedRaftLogWorker: flushIndex: setUnconditionally 0 -> -1
2022-11-04 13:02:12,657 [pool-118-thread-1] INFO  segmented.SegmentedRaftLogWorker (SegmentedRaftLogWorker.java:lambda$new$0(136)) - b71d1b8c-429c-47b9-884c-c174df504715@group-1F6ABA31B672-SegmentedRaftLogWorker: safeCacheEvictIndex: setUnconditionally 0 -> -1
2022-11-04 13:02:12,663 [pool-95-thread-1] INFO  server.RaftServer$Division (RaftServerImpl.java:start(334)) - ecdab5d7-df43-4175-904b-132339c59ea7@group-1F6ABA31B672: start as a follower, conf=-1: peers:[b71d1b8c-429c-47b9-884c-c174df504715|rpc:10.1.1.30:45949|priority:0|startupRole:FOLLOWER, ecdab5d7-df43-4175-904b-132339c59ea7|rpc:10.1.1.30:42643|priority:0|startupRole:FOLLOWER, 8e07edf8-1d4d-4d32-b98f-654a955e2c3a|rpc:10.1.1.30:40249|priority:1|startupRole:FOLLOWER]|listeners:[], old=null
2022-11-04 13:02:12,663 [pool-95-thread-1] INFO  server.RaftServer$Division (RaftServerImpl.java:setRole(321)) - ecdab5d7-df43-4175-904b-132339c59ea7@group-1F6ABA31B672: changes role from      null to FOLLOWER at term 0 for startAsFollower
2022-11-04 13:02:12,664 [pool-95-thread-1] INFO  impl.RoleInfo (RoleInfo.java:updateAndGet(139)) - ecdab5d7-df43-4175-904b-132339c59ea7: start ecdab5d7-df43-4175-904b-132339c59ea7@group-1F6ABA31B672-FollowerState
2022-11-04 13:02:12,665 [pool-118-thread-1] INFO  server.RaftServer$Division (RaftServerImpl.java:start(334)) - b71d1b8c-429c-47b9-884c-c174df504715@group-1F6ABA31B672: start as a follower, conf=-1: peers:[b71d1b8c-429c-47b9-884c-c174df504715|rpc:10.1.1.30:45949|dataStream:|priority:0|startupRole:FOLLOWER, ecdab5d7-df43-4175-904b-132339c59ea7|rpc:10.1.1.30:42643|dataStream:|priority:0|startupRole:FOLLOWER, 8e07edf8-1d4d-4d32-b98f-654a955e2c3a|rpc:10.1.1.30:40249|dataStream:|priority:1|startupRole:FOLLOWER]|listeners:[], old=null
2022-11-04 13:02:12,665 [pool-118-thread-1] INFO  server.RaftServer$Division (RaftServerImpl.java:setRole(321)) - b71d1b8c-429c-47b9-884c-c174df504715@group-1F6ABA31B672: changes role from      null to FOLLOWER at term 0 for startAsFollower
2022-11-04 13:02:12,666 [pool-118-thread-1] INFO  impl.RoleInfo (RoleInfo.java:updateAndGet(139)) - b71d1b8c-429c-47b9-884c-c174df504715: start b71d1b8c-429c-47b9-884c-c174df504715@group-1F6ABA31B672-FollowerState
2022-11-04 13:02:12,670 [pool-95-thread-1] INFO  util.JmxRegister (JmxRegister.java:tryRegister(44)) - Successfully registered JMX Bean with object name Ratis:service=RaftServer,group=group-1F6ABA31B672,id=ecdab5d7-df43-4175-904b-132339c59ea7
2022-11-04 13:02:12,671 [ecdab5d7-df43-4175-904b-132339c59ea7@group-1F6ABA31B672-FollowerState] INFO  server.RaftServerConfigKeys (ConfUtils.java:logFallback(53)) - raft.server.rpc.first-election.timeout.min = 5s (fallback to raft.server.rpc.timeout.min)
2022-11-04 13:02:12,680 [ecdab5d7-df43-4175-904b-132339c59ea7@group-1F6ABA31B672-FollowerState] INFO  server.RaftServerConfigKeys (ConfUtils.java:logFallback(53)) - raft.server.rpc.first-election.timeout.max = 5200ms (fallback to raft.server.rpc.timeout.max)
2022-11-04 13:02:12,680 [pool-95-thread-1] INFO  server.RaftServerConfigKeys (ConfUtils.java:logGet(46)) - raft.server.snapshot.auto.trigger.enabled = true (custom)
2022-11-04 13:02:12,680 [pool-95-thread-1] INFO  server.RaftServerConfigKeys (ConfUtils.java:logGet(46)) - raft.server.snapshot.auto.trigger.threshold = 10000 (custom)
2022-11-04 13:02:12,680 [pool-95-thread-1] INFO  server.RaftServerConfigKeys (ConfUtils.java:logGet(46)) - raft.server.snapshot.retention.file.num = 5 (custom)
2022-11-04 13:02:12,680 [pool-95-thread-1] INFO  server.RaftServerConfigKeys (ConfUtils.java:logGet(46)) - raft.server.log.purge.upto.snapshot.index = false (default)
2022-11-04 13:02:12,680 [pool-118-thread-1] INFO  util.JmxRegister (JmxRegister.java:tryRegister(44)) - Successfully registered JMX Bean with object name Ratis:service=RaftServer,group=group-1F6ABA31B672,id=b71d1b8c-429c-47b9-884c-c174df504715
2022-11-04 13:02:12,681 [pool-118-thread-1] INFO  server.RaftServerConfigKeys (ConfUtils.java:logGet(46)) - raft.server.snapshot.auto.trigger.enabled = true (custom)
2022-11-04 13:02:12,681 [pool-118-thread-1] INFO  server.RaftServerConfigKeys (ConfUtils.java:logGet(46)) - raft.server.snapshot.auto.trigger.threshold = 10000 (custom)
2022-11-04 13:02:12,681 [b71d1b8c-429c-47b9-884c-c174df504715@group-1F6ABA31B672-FollowerState] INFO  server.RaftServerConfigKeys (ConfUtils.java:logFallback(53)) - raft.server.rpc.first-election.timeout.min = 5s (fallback to raft.server.rpc.timeout.min)
2022-11-04 13:02:12,681 [pool-118-thread-1] INFO  server.RaftServerConfigKeys (ConfUtils.java:logGet(46)) - raft.server.snapshot.retention.file.num = 5 (custom)
2022-11-04 13:02:12,682 [pool-118-thread-1] INFO  server.RaftServerConfigKeys (ConfUtils.java:logGet(46)) - raft.server.log.purge.upto.snapshot.index = false (default)
2022-11-04 13:02:12,682 [Command processor thread] INFO  ratis.XceiverServerRatis (XceiverServerRatis.java:addGroup(765)) - Created group PipelineID=cbabc3bb-4e79-4462-9967-1f6aba31b672
2022-11-04 13:02:12,684 [b71d1b8c-429c-47b9-884c-c174df504715@group-1F6ABA31B672-FollowerState] INFO  server.RaftServerConfigKeys (ConfUtils.java:logFallback(53)) - raft.server.rpc.first-election.timeout.max = 5200ms (fallback to raft.server.rpc.timeout.max)
2022-11-04 13:02:12,825 [Command processor thread] INFO  commandhandler.CreatePipelineCommandHandler (CreatePipelineCommandHandler.java:handle(113)) - Created Pipeline RATIS THREE PipelineID=cbabc3bb-4e79-4462-9967-1f6aba31b672.
2022-11-04 13:02:12,825 [Command processor thread] INFO  server.RaftServer (RaftServerProxy.java:addNew(96)) - 8e07edf8-1d4d-4d32-b98f-654a955e2c3a: addNew group-6E082D98B3EA:[b71d1b8c-429c-47b9-884c-c174df504715|rpc:10.1.1.30:45949|priority:0|startupRole:FOLLOWER, ecdab5d7-df43-4175-904b-132339c59ea7|rpc:10.1.1.30:42643|priority:1|startupRole:FOLLOWER, 8e07edf8-1d4d-4d32-b98f-654a955e2c3a|rpc:10.1.1.30:40249|priority:0|startupRole:FOLLOWER] returns group-6E082D98B3EA:java.util.concurrent.CompletableFuture@6f00290b[Not completed]
2022-11-04 13:02:12,826 [pool-72-thread-1] INFO  server.RaftServer$Division (RaftServerImpl.java:<init>(195)) - 8e07edf8-1d4d-4d32-b98f-654a955e2c3a: new RaftServerImpl for group-6E082D98B3EA:[b71d1b8c-429c-47b9-884c-c174df504715|rpc:10.1.1.30:45949|priority:0|startupRole:FOLLOWER, ecdab5d7-df43-4175-904b-132339c59ea7|rpc:10.1.1.30:42643|priority:1|startupRole:FOLLOWER, 8e07edf8-1d4d-4d32-b98f-654a955e2c3a|rpc:10.1.1.30:40249|priority:0|startupRole:FOLLOWER] with ContainerStateMachine:uninitialized
2022-11-04 13:02:12,827 [pool-72-thread-1] INFO  server.RaftServerConfigKeys (ConfUtils.java:logGet(46)) - raft.server.rpc.timeout.min = 5s (custom)
2022-11-04 13:02:12,827 [pool-72-thread-1] INFO  server.RaftServerConfigKeys (ConfUtils.java:logGet(46)) - raft.server.rpc.timeout.max = 5200ms (custom)
2022-11-04 13:02:12,827 [pool-72-thread-1] INFO  server.RaftServerConfigKeys (ConfUtils.java:logGet(46)) - raft.server.rpc.sleep.time = 25ms (default)
2022-11-04 13:02:12,827 [pool-72-thread-1] INFO  server.RaftServerConfigKeys (ConfUtils.java:logGet(46)) - raft.server.rpc.slowness.timeout = 300s (custom)
2022-11-04 13:02:12,827 [pool-72-thread-1] INFO  server.RaftServerConfigKeys (ConfUtils.java:logGet(46)) - raft.server.leaderelection.leader.step-down.wait-time = 10s (default)
2022-11-04 13:02:12,827 [pool-72-thread-1] INFO  server.RaftServerConfigKeys (ConfUtils.java:logGet(46)) - raft.server.sleep.deviation.threshold = 300ms (default)
2022-11-04 13:02:12,827 [pool-72-thread-1] INFO  server.RaftServer$Division (ServerState.java:<init>(118)) - 8e07edf8-1d4d-4d32-b98f-654a955e2c3a@group-6E082D98B3EA: ConfigurationManager, init=-1: peers:[b71d1b8c-429c-47b9-884c-c174df504715|rpc:10.1.1.30:45949|priority:0|startupRole:FOLLOWER, ecdab5d7-df43-4175-904b-132339c59ea7|rpc:10.1.1.30:42643|priority:1|startupRole:FOLLOWER, 8e07edf8-1d4d-4d32-b98f-654a955e2c3a|rpc:10.1.1.30:40249|priority:0|startupRole:FOLLOWER]|listeners:[], old=null, confs=<EMPTY_MAP>
2022-11-04 13:02:12,827 [pool-72-thread-1] INFO  server.RaftServerConfigKeys (ConfUtils.java:logGet(46)) - raft.server.storage.dir = [/home/runner/work/ozone/ozone/hadoop-ozone/integration-test/target/test-dir/MiniOzoneClusterImpl-cec56291-7f8b-4456-b869-8b5b2b7a6237/datanode-0/data/ratis] (custom)
2022-11-04 13:02:12,827 [pool-72-thread-1] INFO  server.RaftServerConfigKeys (ConfUtils.java:logGet(46)) - raft.server.log.corruption.policy = EXCEPTION (default)
2022-11-04 13:02:12,827 [pool-72-thread-1] INFO  server.RaftServerConfigKeys (ConfUtils.java:logGet(46)) - raft.server.storage.free-space.min = 0MB (=0) (default)
2022-11-04 13:02:12,827 [pool-72-thread-1] INFO  server.RaftServerConfigKeys (ConfUtils.java:logGet(46)) - raft.server.notification.no-leader.timeout = 300s (custom)
2022-11-04 13:02:12,829 [pool-72-thread-1] INFO  server.RaftServerConfigKeys (ConfUtils.java:logGet(46)) - raft.server.retrycache.expirytime = 600000ms (custom)
2022-11-04 13:02:12,829 [pool-72-thread-1] INFO  server.RaftServerConfigKeys (ConfUtils.java:logGet(46)) - raft.server.retrycache.statistics.expirytime = 100μs (default)
2022-11-04 13:02:12,833 [pool-72-thread-1] INFO  server.RaftServerConfigKeys (ConfUtils.java:logGet(46)) - raft.server.log.appender.install.snapshot.enabled = false (custom)
2022-11-04 13:02:12,833 [pool-72-thread-1] INFO  server.RaftServerConfigKeys (ConfUtils.java:logGet(46)) - raft.server.threadpool.server.cached = true (default)
2022-11-04 13:02:12,833 [pool-72-thread-1] INFO  server.RaftServerConfigKeys (ConfUtils.java:logGet(46)) - raft.server.threadpool.server.size = 0 (default)
2022-11-04 13:02:12,833 [pool-72-thread-1] INFO  server.RaftServerConfigKeys (ConfUtils.java:logGet(46)) - raft.server.threadpool.client.cached = true (default)
2022-11-04 13:02:12,833 [pool-72-thread-1] INFO  server.RaftServerConfigKeys (ConfUtils.java:logGet(46)) - raft.server.threadpool.client.size = 0 (default)
2022-11-04 13:02:12,833 [pool-72-thread-1] INFO  storage.RaftStorageDirectory (RaftStorageDirectoryImpl.java:analyzeStorage(137)) - The storage directory /home/runner/work/ozone/ozone/hadoop-ozone/integration-test/target/test-dir/MiniOzoneClusterImpl-cec56291-7f8b-4456-b869-8b5b2b7a6237/datanode-0/data/ratis/13909235-87c6-4c1d-9bbf-6e082d98b3ea does not exist. Creating ...
2022-11-04 13:02:12,834 [Command processor thread] INFO  commandhandler.CreatePipelineCommandHandler (CreatePipelineCommandHandler.java:handle(113)) - Created Pipeline RATIS THREE PipelineID=cbabc3bb-4e79-4462-9967-1f6aba31b672.
2022-11-04 13:02:12,835 [Command processor thread] INFO  server.RaftServer (RaftServerProxy.java:addNew(96)) - ecdab5d7-df43-4175-904b-132339c59ea7: addNew group-6E082D98B3EA:[b71d1b8c-429c-47b9-884c-c174df504715|rpc:10.1.1.30:45949|priority:0|startupRole:FOLLOWER, ecdab5d7-df43-4175-904b-132339c59ea7|rpc:10.1.1.30:42643|priority:1|startupRole:FOLLOWER, 8e07edf8-1d4d-4d32-b98f-654a955e2c3a|rpc:10.1.1.30:40249|priority:0|startupRole:FOLLOWER] returns group-6E082D98B3EA:java.util.concurrent.CompletableFuture@1f24d34e[Not completed]
2022-11-04 13:02:12,837 [pool-95-thread-1] INFO  server.RaftServer$Division (RaftServerImpl.java:<init>(195)) - ecdab5d7-df43-4175-904b-132339c59ea7: new RaftServerImpl for group-6E082D98B3EA:[b71d1b8c-429c-47b9-884c-c174df504715|rpc:10.1.1.30:45949|priority:0|startupRole:FOLLOWER, ecdab5d7-df43-4175-904b-132339c59ea7|rpc:10.1.1.30:42643|priority:1|startupRole:FOLLOWER, 8e07edf8-1d4d-4d32-b98f-654a955e2c3a|rpc:10.1.1.30:40249|priority:0|startupRole:FOLLOWER] with ContainerStateMachine:uninitialized
2022-11-04 13:02:12,837 [pool-95-thread-1] INFO  server.RaftServerConfigKeys (ConfUtils.java:logGet(46)) - raft.server.rpc.timeout.min = 5s (custom)
2022-11-04 13:02:12,837 [pool-95-thread-1] INFO  server.RaftServerConfigKeys (ConfUtils.java:logGet(46)) - raft.server.rpc.timeout.max = 5200ms (custom)
2022-11-04 13:02:12,837 [pool-95-thread-1] INFO  server.RaftServerConfigKeys (ConfUtils.java:logGet(46)) - raft.server.rpc.sleep.time = 25ms (default)
2022-11-04 13:02:12,837 [pool-95-thread-1] INFO  server.RaftServerConfigKeys (ConfUtils.java:logGet(46)) - raft.server.rpc.slowness.timeout = 300s (custom)
2022-11-04 13:02:12,837 [pool-95-thread-1] INFO  server.RaftServerConfigKeys (ConfUtils.java:logGet(46)) - raft.server.leaderelection.leader.step-down.wait-time = 10s (default)
2022-11-04 13:02:12,837 [pool-95-thread-1] INFO  server.RaftServerConfigKeys (ConfUtils.java:logGet(46)) - raft.server.sleep.deviation.threshold = 300ms (default)
2022-11-04 13:02:12,837 [pool-95-thread-1] INFO  server.RaftServer$Division (ServerState.java:<init>(118)) - ecdab5d7-df43-4175-904b-132339c59ea7@group-6E082D98B3EA: ConfigurationManager, init=-1: peers:[b71d1b8c-429c-47b9-884c-c174df504715|rpc:10.1.1.30:45949|priority:0|startupRole:FOLLOWER, ecdab5d7-df43-4175-904b-132339c59ea7|rpc:10.1.1.30:42643|priority:1|startupRole:FOLLOWER, 8e07edf8-1d4d-4d32-b98f-654a955e2c3a|rpc:10.1.1.30:40249|priority:0|startupRole:FOLLOWER]|listeners:[], old=null, confs=<EMPTY_MAP>
2022-11-04 13:02:12,837 [pool-95-thread-1] INFO  server.RaftServerConfigKeys (ConfUtils.java:logGet(46)) - raft.server.storage.dir = [/home/runner/work/ozone/ozone/hadoop-ozone/integration-test/target/test-dir/MiniOzoneClusterImpl-cec56291-7f8b-4456-b869-8b5b2b7a6237/datanode-1/data/ratis] (custom)
2022-11-04 13:02:12,838 [pool-95-thread-1] INFO  server.RaftServerConfigKeys (ConfUtils.java:logGet(46)) - raft.server.log.corruption.policy = EXCEPTION (default)
2022-11-04 13:02:12,838 [pool-95-thread-1] INFO  server.RaftServerConfigKeys (ConfUtils.java:logGet(46)) - raft.server.storage.free-space.min = 0MB (=0) (default)
2022-11-04 13:02:12,838 [pool-95-thread-1] INFO  server.RaftServerConfigKeys (ConfUtils.java:logGet(46)) - raft.server.notification.no-leader.timeout = 300s (custom)
2022-11-04 13:02:12,838 [pool-95-thread-1] INFO  server.RaftServerConfigKeys (ConfUtils.java:logGet(46)) - raft.server.retrycache.expirytime = 600000ms (custom)
2022-11-04 13:02:12,838 [pool-95-thread-1] INFO  server.RaftServerConfigKeys (ConfUtils.java:logGet(46)) - raft.server.retrycache.statistics.expirytime = 100μs (default)
2022-11-04 13:02:12,839 [pool-95-thread-1] INFO  server.RaftServerConfigKeys (ConfUtils.java:logGet(46)) - raft.server.log.appender.install.snapshot.enabled = false (custom)
2022-11-04 13:02:12,839 [pool-95-thread-1] INFO  server.RaftServerConfigKeys (ConfUtils.java:logGet(46)) - raft.server.threadpool.server.cached = true (default)
2022-11-04 13:02:12,839 [pool-95-thread-1] INFO  server.RaftServerConfigKeys (ConfUtils.java:logGet(46)) - raft.server.threadpool.server.size = 0 (default)
2022-11-04 13:02:12,839 [pool-95-thread-1] INFO  server.RaftServerConfigKeys (ConfUtils.java:logGet(46)) - raft.server.threadpool.client.cached = true (default)
2022-11-04 13:02:12,839 [pool-95-thread-1] INFO  server.RaftServerConfigKeys (ConfUtils.java:logGet(46)) - raft.server.threadpool.client.size = 0 (default)
2022-11-04 13:02:12,839 [pool-72-thread-1] INFO  storage.RaftStorageDirectory (RaftStorageDirectoryImpl.java:tryLock(231)) - Lock on /home/runner/work/ozone/ozone/hadoop-ozone/integration-test/target/test-dir/MiniOzoneClusterImpl-cec56291-7f8b-4456-b869-8b5b2b7a6237/datanode-0/data/ratis/13909235-87c6-4c1d-9bbf-6e082d98b3ea/in_use.lock acquired by nodename 5024@fv-az377-996
2022-11-04 13:02:12,839 [pool-95-thread-1] INFO  storage.RaftStorageDirectory (RaftStorageDirectoryImpl.java:analyzeStorage(137)) - The storage directory /home/runner/work/ozone/ozone/hadoop-ozone/integration-test/target/test-dir/MiniOzoneClusterImpl-cec56291-7f8b-4456-b869-8b5b2b7a6237/datanode-1/data/ratis/13909235-87c6-4c1d-9bbf-6e082d98b3ea does not exist. Creating ...
2022-11-04 13:02:12,842 [pool-72-thread-1] INFO  storage.RaftStorage (RaftStorageImpl.java:format(96)) - Storage directory /home/runner/work/ozone/ozone/hadoop-ozone/integration-test/target/test-dir/MiniOzoneClusterImpl-cec56291-7f8b-4456-b869-8b5b2b7a6237/datanode-0/data/ratis/13909235-87c6-4c1d-9bbf-6e082d98b3ea has been successfully formatted.
2022-11-04 13:02:12,842 [pool-95-thread-1] INFO  storage.RaftStorageDirectory (RaftStorageDirectoryImpl.java:tryLock(231)) - Lock on /home/runner/work/ozone/ozone/hadoop-ozone/integration-test/target/test-dir/MiniOzoneClusterImpl-cec56291-7f8b-4456-b869-8b5b2b7a6237/datanode-1/data/ratis/13909235-87c6-4c1d-9bbf-6e082d98b3ea/in_use.lock acquired by nodename 5024@fv-az377-996
2022-11-04 13:02:12,844 [pool-72-thread-1] INFO  ratis.ContainerStateMachine (ContainerStateMachine.java:loadSnapshot(236)) - group-6E082D98B3EA: The snapshot info is null. Setting the last applied indexto:(t:0, i:~)
2022-11-04 13:02:12,844 [pool-72-thread-1] INFO  server.RaftServerConfigKeys (ConfUtils.java:logGet(46)) - raft.server.log.use.memory = false (default)
2022-11-04 13:02:12,844 [pool-72-thread-1] INFO  server.RaftServerConfigKeys (ConfUtils.java:logGet(46)) - raft.server.log.purge.gap = 1000000 (custom)
2022-11-04 13:02:12,844 [pool-72-thread-1] INFO  server.RaftServerConfigKeys (ConfUtils.java:logGet(46)) - raft.server.log.appender.buffer.byte-limit = 33554432 (custom)
2022-11-04 13:02:12,844 [pool-72-thread-1] INFO  server.RaftServerConfigKeys (ConfUtils.java:logGet(46)) - raft.server.log.statemachine.data.read.timeout = 1000ms (default)
2022-11-04 13:02:12,844 [pool-72-thread-1] INFO  server.RaftServerConfigKeys (ConfUtils.java:logGet(46)) - raft.server.log.purge.preservation.log.num = 0 (default)
2022-11-04 13:02:12,845 [pool-72-thread-1] INFO  server.RaftServerConfigKeys (ConfUtils.java:logGet(46)) - raft.server.log.segment.size.max = 1048576 (custom)
2022-11-04 13:02:12,846 [pool-72-thread-1] INFO  server.RaftServerConfigKeys (ConfUtils.java:logGet(46)) - raft.server.log.segment.cache.num.max = 2 (custom)
2022-11-04 13:02:12,846 [pool-72-thread-1] INFO  server.RaftServerConfigKeys (ConfUtils.java:logGet(46)) - raft.server.log.segment.cache.size.max = 200MB (=209715200) (default)
2022-11-04 13:02:12,846 [EventQueue-OpenPipelineForHealthyPipelineSafeModeRule] INFO  safemode.SCMSafeModeManager (HealthyPipelineSafeModeRule.java:process(137)) - SCM in safe mode. Healthy pipelines reported count is 0, required healthy pipeline reported count is 1
2022-11-04 13:02:12,846 [pool-72-thread-1] INFO  segmented.SegmentedRaftLogWorker (SegmentedRaftLogWorker.java:<init>(191)) - new 8e07edf8-1d4d-4d32-b98f-654a955e2c3a@group-6E082D98B3EA-SegmentedRaftLogWorker for RaftStorageImpl:Storage Directory /home/runner/work/ozone/ozone/hadoop-ozone/integration-test/target/test-dir/MiniOzoneClusterImpl-cec56291-7f8b-4456-b869-8b5b2b7a6237/datanode-0/data/ratis/13909235-87c6-4c1d-9bbf-6e082d98b3ea
2022-11-04 13:02:12,846 [pool-72-thread-1] INFO  server.RaftServerConfigKeys (ConfUtils.java:logGet(46)) - raft.server.log.queue.byte-limit = 4294967296 (custom)
2022-11-04 13:02:12,846 [pool-72-thread-1] INFO  server.RaftServerConfigKeys (ConfUtils.java:logGet(46)) - raft.server.log.queue.element-limit = 1024 (custom)
2022-11-04 13:02:12,847 [pool-72-thread-1] INFO  server.RaftServerConfigKeys (ConfUtils.java:logGet(46)) - raft.server.log.segment.size.max = 1048576 (custom)
2022-11-04 13:02:12,847 [pool-72-thread-1] INFO  server.RaftServerConfigKeys (ConfUtils.java:logGet(46)) - raft.server.log.preallocated.size = 16384 (custom)
2022-11-04 13:02:12,847 [pool-72-thread-1] INFO  server.RaftServerConfigKeys (ConfUtils.java:logGet(46)) - raft.server.log.force.sync.num = 128 (default)
2022-11-04 13:02:12,847 [pool-72-thread-1] INFO  server.RaftServerConfigKeys (ConfUtils.java:logGet(46)) - raft.server.log.statemachine.data.sync = true (default)
2022-11-04 13:02:12,847 [pool-72-thread-1] INFO  server.RaftServerConfigKeys (ConfUtils.java:logGet(46)) - raft.server.log.statemachine.data.sync.timeout = 10s (default)
2022-11-04 13:02:12,847 [pool-72-thread-1] INFO  server.RaftServerConfigKeys (ConfUtils.java:logGet(46)) - raft.server.log.statemachine.data.sync.timeout.retry = -1 (default)
2022-11-04 13:02:12,847 [pool-95-thread-1] INFO  storage.RaftStorage (RaftStorageImpl.java:format(96)) - Storage directory /home/runner/work/ozone/ozone/hadoop-ozone/integration-test/target/test-dir/MiniOzoneClusterImpl-cec56291-7f8b-4456-b869-8b5b2b7a6237/datanode-1/data/ratis/13909235-87c6-4c1d-9bbf-6e082d98b3ea has been successfully formatted.
2022-11-04 13:02:12,847 [pool-95-thread-1] INFO  ratis.ContainerStateMachine (ContainerStateMachine.java:loadSnapshot(236)) - group-6E082D98B3EA: The snapshot info is null. Setting the last applied indexto:(t:0, i:~)
2022-11-04 13:02:12,848 [pool-95-thread-1] INFO  server.RaftServerConfigKeys (ConfUtils.java:logGet(46)) - raft.server.log.use.memory = false (default)
2022-11-04 13:02:12,848 [pool-95-thread-1] INFO  server.RaftServerConfigKeys (ConfUtils.java:logGet(46)) - raft.server.log.purge.gap = 1000000 (custom)
2022-11-04 13:02:12,848 [pool-95-thread-1] INFO  server.RaftServerConfigKeys (ConfUtils.java:logGet(46)) - raft.server.log.appender.buffer.byte-limit = 33554432 (custom)
2022-11-04 13:02:12,848 [pool-95-thread-1] INFO  server.RaftServerConfigKeys (ConfUtils.java:logGet(46)) - raft.server.log.statemachine.data.read.timeout = 1000ms (default)
2022-11-04 13:02:12,848 [pool-95-thread-1] INFO  server.RaftServerConfigKeys (ConfUtils.java:logGet(46)) - raft.server.log.purge.preservation.log.num = 0 (default)
2022-11-04 13:02:12,850 [EventQueue-OpenPipelineForHealthyPipelineSafeModeRule] INFO  safemode.SCMSafeModeManager (HealthyPipelineSafeModeRule.java:process(137)) - SCM in safe mode. Healthy pipelines reported count is 0, required healthy pipeline reported count is 1
2022-11-04 13:02:12,852 [pool-95-thread-1] INFO  server.RaftServerConfigKeys (ConfUtils.java:logGet(46)) - raft.server.log.segment.size.max = 1048576 (custom)
2022-11-04 13:02:12,853 [pool-95-thread-1] INFO  server.RaftServerConfigKeys (ConfUtils.java:logGet(46)) - raft.server.log.segment.cache.num.max = 2 (custom)
2022-11-04 13:02:12,853 [pool-95-thread-1] INFO  server.RaftServerConfigKeys (ConfUtils.java:logGet(46)) - raft.server.log.segment.cache.size.max = 200MB (=209715200) (default)
2022-11-04 13:02:12,853 [pool-95-thread-1] INFO  segmented.SegmentedRaftLogWorker (SegmentedRaftLogWorker.java:<init>(191)) - new ecdab5d7-df43-4175-904b-132339c59ea7@group-6E082D98B3EA-SegmentedRaftLogWorker for RaftStorageImpl:Storage Directory /home/runner/work/ozone/ozone/hadoop-ozone/integration-test/target/test-dir/MiniOzoneClusterImpl-cec56291-7f8b-4456-b869-8b5b2b7a6237/datanode-1/data/ratis/13909235-87c6-4c1d-9bbf-6e082d98b3ea
2022-11-04 13:02:12,853 [pool-95-thread-1] INFO  server.RaftServerConfigKeys (ConfUtils.java:logGet(46)) - raft.server.log.queue.byte-limit = 4294967296 (custom)
2022-11-04 13:02:12,853 [pool-95-thread-1] INFO  server.RaftServerConfigKeys (ConfUtils.java:logGet(46)) - raft.server.log.queue.element-limit = 1024 (custom)
2022-11-04 13:02:12,853 [pool-95-thread-1] INFO  server.RaftServerConfigKeys (ConfUtils.java:logGet(46)) - raft.server.log.segment.size.max = 1048576 (custom)
2022-11-04 13:02:12,853 [pool-95-thread-1] INFO  server.RaftServerConfigKeys (ConfUtils.java:logGet(46)) - raft.server.log.preallocated.size = 16384 (custom)
2022-11-04 13:02:12,853 [pool-95-thread-1] INFO  server.RaftServerConfigKeys (ConfUtils.java:logGet(46)) - raft.server.log.force.sync.num = 128 (default)
2022-11-04 13:02:12,853 [pool-95-thread-1] INFO  server.RaftServerConfigKeys (ConfUtils.java:logGet(46)) - raft.server.log.statemachine.data.sync = true (default)
2022-11-04 13:02:12,853 [pool-95-thread-1] INFO  server.RaftServerConfigKeys (ConfUtils.java:logGet(46)) - raft.server.log.statemachine.data.sync.timeout = 10s (default)
2022-11-04 13:02:12,853 [pool-95-thread-1] INFO  server.RaftServerConfigKeys (ConfUtils.java:logGet(46)) - raft.server.log.statemachine.data.sync.timeout.retry = -1 (default)
2022-11-04 13:02:12,854 [pool-95-thread-1] INFO  server.RaftServerConfigKeys (ConfUtils.java:logGet(46)) - raft.server.log.write.buffer.size = 1048576 (custom)
2022-11-04 13:02:12,855 [pool-95-thread-1] INFO  server.RaftServerConfigKeys (ConfUtils.java:logGet(46)) - raft.server.log.unsafe-flush.enabled = false (default)
2022-11-04 13:02:12,855 [pool-95-thread-1] INFO  server.RaftServerConfigKeys (ConfUtils.java:logGet(46)) - raft.server.log.async-flush.enabled = false (default)
2022-11-04 13:02:12,855 [pool-95-thread-1] INFO  server.RaftServerConfigKeys (ConfUtils.java:logGet(46)) - raft.server.log.statemachine.data.caching.enabled = true (custom)
2022-11-04 13:02:12,855 [pool-95-thread-1] INFO  segmented.SegmentedRaftLogWorker (SegmentedRaftLogWorker.java:lambda$new$0(136)) - ecdab5d7-df43-4175-904b-132339c59ea7@group-6E082D98B3EA-SegmentedRaftLogWorker: flushIndex: setUnconditionally 0 -> -1
2022-11-04 13:02:12,855 [pool-95-thread-1] INFO  segmented.SegmentedRaftLogWorker (SegmentedRaftLogWorker.java:lambda$new$0(136)) - ecdab5d7-df43-4175-904b-132339c59ea7@group-6E082D98B3EA-SegmentedRaftLogWorker: safeCacheEvictIndex: setUnconditionally 0 -> -1
2022-11-04 13:02:12,855 [pool-72-thread-1] INFO  server.RaftServerConfigKeys (ConfUtils.java:logGet(46)) - raft.server.log.write.buffer.size = 1048576 (custom)
2022-11-04 13:02:12,856 [pool-72-thread-1] INFO  server.RaftServerConfigKeys (ConfUtils.java:logGet(46)) - raft.server.log.unsafe-flush.enabled = false (default)
2022-11-04 13:02:12,856 [pool-72-thread-1] INFO  server.RaftServerConfigKeys (ConfUtils.java:logGet(46)) - raft.server.log.async-flush.enabled = false (default)
2022-11-04 13:02:12,856 [pool-72-thread-1] INFO  server.RaftServerConfigKeys (ConfUtils.java:logGet(46)) - raft.server.log.statemachine.data.caching.enabled = true (custom)
2022-11-04 13:02:12,857 [pool-72-thread-1] INFO  segmented.SegmentedRaftLogWorker (SegmentedRaftLogWorker.java:lambda$new$0(136)) - 8e07edf8-1d4d-4d32-b98f-654a955e2c3a@group-6E082D98B3EA-SegmentedRaftLogWorker: flushIndex: setUnconditionally 0 -> -1
2022-11-04 13:02:12,857 [pool-72-thread-1] INFO  segmented.SegmentedRaftLogWorker (SegmentedRaftLogWorker.java:lambda$new$0(136)) - 8e07edf8-1d4d-4d32-b98f-654a955e2c3a@group-6E082D98B3EA-SegmentedRaftLogWorker: safeCacheEvictIndex: setUnconditionally 0 -> -1
2022-11-04 13:02:12,861 [pool-95-thread-1] INFO  server.RaftServer$Division (RaftServerImpl.java:start(334)) - ecdab5d7-df43-4175-904b-132339c59ea7@group-6E082D98B3EA: start as a follower, conf=-1: peers:[b71d1b8c-429c-47b9-884c-c174df504715|rpc:10.1.1.30:45949|priority:0|startupRole:FOLLOWER, ecdab5d7-df43-4175-904b-132339c59ea7|rpc:10.1.1.30:42643|priority:1|startupRole:FOLLOWER, 8e07edf8-1d4d-4d32-b98f-654a955e2c3a|rpc:10.1.1.30:40249|priority:0|startupRole:FOLLOWER]|listeners:[], old=null
2022-11-04 13:02:12,861 [pool-95-thread-1] INFO  server.RaftServer$Division (RaftServerImpl.java:setRole(321)) - ecdab5d7-df43-4175-904b-132339c59ea7@group-6E082D98B3EA: changes role from      null to FOLLOWER at term 0 for startAsFollower
2022-11-04 13:02:12,861 [pool-95-thread-1] INFO  impl.RoleInfo (RoleInfo.java:updateAndGet(139)) - ecdab5d7-df43-4175-904b-132339c59ea7: start ecdab5d7-df43-4175-904b-132339c59ea7@group-6E082D98B3EA-FollowerState
2022-11-04 13:02:12,865 [pool-95-thread-1] INFO  util.JmxRegister (JmxRegister.java:tryRegister(44)) - Successfully registered JMX Bean with object name Ratis:service=RaftServer,group=group-6E082D98B3EA,id=ecdab5d7-df43-4175-904b-132339c59ea7
2022-11-04 13:02:12,866 [pool-95-thread-1] INFO  server.RaftServerConfigKeys (ConfUtils.java:logGet(46)) - raft.server.snapshot.auto.trigger.enabled = true (custom)
2022-11-04 13:02:12,866 [pool-95-thread-1] INFO  server.RaftServerConfigKeys (ConfUtils.java:logGet(46)) - raft.server.snapshot.auto.trigger.threshold = 10000 (custom)
2022-11-04 13:02:12,866 [pool-95-thread-1] INFO  server.RaftServerConfigKeys (ConfUtils.java:logGet(46)) - raft.server.snapshot.retention.file.num = 5 (custom)
2022-11-04 13:02:12,866 [pool-95-thread-1] INFO  server.RaftServerConfigKeys (ConfUtils.java:logGet(46)) - raft.server.log.purge.upto.snapshot.index = false (default)
2022-11-04 13:02:12,866 [ecdab5d7-df43-4175-904b-132339c59ea7@group-6E082D98B3EA-FollowerState] INFO  server.RaftServerConfigKeys (ConfUtils.java:logFallback(53)) - raft.server.rpc.first-election.timeout.min = 5s (fallback to raft.server.rpc.timeout.min)
2022-11-04 13:02:12,867 [ecdab5d7-df43-4175-904b-132339c59ea7@group-6E082D98B3EA-FollowerState] INFO  server.RaftServerConfigKeys (ConfUtils.java:logFallback(53)) - raft.server.rpc.first-election.timeout.max = 5200ms (fallback to raft.server.rpc.timeout.max)
2022-11-04 13:02:12,870 [pool-72-thread-1] INFO  server.RaftServer$Division (RaftServerImpl.java:start(334)) - 8e07edf8-1d4d-4d32-b98f-654a955e2c3a@group-6E082D98B3EA: start as a follower, conf=-1: peers:[b71d1b8c-429c-47b9-884c-c174df504715|rpc:10.1.1.30:45949|priority:0|startupRole:FOLLOWER, ecdab5d7-df43-4175-904b-132339c59ea7|rpc:10.1.1.30:42643|priority:1|startupRole:FOLLOWER, 8e07edf8-1d4d-4d32-b98f-654a955e2c3a|rpc:10.1.1.30:40249|priority:0|startupRole:FOLLOWER]|listeners:[], old=null
2022-11-04 13:02:12,870 [pool-72-thread-1] INFO  server.RaftServer$Division (RaftServerImpl.java:setRole(321)) - 8e07edf8-1d4d-4d32-b98f-654a955e2c3a@group-6E082D98B3EA: changes role from      null to FOLLOWER at term 0 for startAsFollower
2022-11-04 13:02:12,870 [pool-72-thread-1] INFO  impl.RoleInfo (RoleInfo.java:updateAndGet(139)) - 8e07edf8-1d4d-4d32-b98f-654a955e2c3a: start 8e07edf8-1d4d-4d32-b98f-654a955e2c3a@group-6E082D98B3EA-FollowerState
2022-11-04 13:02:12,870 [pool-72-thread-1] INFO  util.JmxRegister (JmxRegister.java:tryRegister(44)) - Successfully registered JMX Bean with object name Ratis:service=RaftServer,group=group-6E082D98B3EA,id=8e07edf8-1d4d-4d32-b98f-654a955e2c3a
2022-11-04 13:02:12,870 [pool-72-thread-1] INFO  server.RaftServerConfigKeys (ConfUtils.java:logGet(46)) - raft.server.snapshot.auto.trigger.enabled = true (custom)
2022-11-04 13:02:12,870 [pool-72-thread-1] INFO  server.RaftServerConfigKeys (ConfUtils.java:logGet(46)) - raft.server.snapshot.auto.trigger.threshold = 10000 (custom)
2022-11-04 13:02:12,870 [pool-72-thread-1] INFO  server.RaftServerConfigKeys (ConfUtils.java:logGet(46)) - raft.server.snapshot.retention.file.num = 5 (custom)
2022-11-04 13:02:12,870 [pool-72-thread-1] INFO  server.RaftServerConfigKeys (ConfUtils.java:logGet(46)) - raft.server.log.purge.upto.snapshot.index = false (default)
2022-11-04 13:02:12,871 [8e07edf8-1d4d-4d32-b98f-654a955e2c3a@group-6E082D98B3EA-FollowerState] INFO  server.RaftServerConfigKeys (ConfUtils.java:logFallback(53)) - raft.server.rpc.first-election.timeout.min = 5s (fallback to raft.server.rpc.timeout.min)
2022-11-04 13:02:12,871 [8e07edf8-1d4d-4d32-b98f-654a955e2c3a@group-6E082D98B3EA-FollowerState] INFO  server.RaftServerConfigKeys (ConfUtils.java:logFallback(53)) - raft.server.rpc.first-election.timeout.max = 5200ms (fallback to raft.server.rpc.timeout.max)
2022-11-04 13:02:12,875 [Command processor thread] INFO  ratis.XceiverServerRatis (XceiverServerRatis.java:addGroup(765)) - Created group PipelineID=13909235-87c6-4c1d-9bbf-6e082d98b3ea
2022-11-04 13:02:12,888 [Command processor thread] INFO  ratis.XceiverServerRatis (XceiverServerRatis.java:addGroup(765)) - Created group PipelineID=13909235-87c6-4c1d-9bbf-6e082d98b3ea
2022-11-04 13:02:12,901 [grpc-default-executor-0] INFO  server.RaftServer (RaftServerProxy.java:addNew(96)) - b71d1b8c-429c-47b9-884c-c174df504715: addNew group-6E082D98B3EA:[b71d1b8c-429c-47b9-884c-c174df504715|rpc:10.1.1.30:45949|dataStream:|priority:0|startupRole:FOLLOWER, ecdab5d7-df43-4175-904b-132339c59ea7|rpc:10.1.1.30:42643|dataStream:|priority:1|startupRole:FOLLOWER, 8e07edf8-1d4d-4d32-b98f-654a955e2c3a|rpc:10.1.1.30:40249|dataStream:|priority:0|startupRole:FOLLOWER] returns group-6E082D98B3EA:java.util.concurrent.CompletableFuture@157e0e5[Not completed]
2022-11-04 13:02:12,902 [pool-118-thread-1] INFO  server.RaftServer$Division (RaftServerImpl.java:<init>(195)) - b71d1b8c-429c-47b9-884c-c174df504715: new RaftServerImpl for group-6E082D98B3EA:[b71d1b8c-429c-47b9-884c-c174df504715|rpc:10.1.1.30:45949|dataStream:|priority:0|startupRole:FOLLOWER, ecdab5d7-df43-4175-904b-132339c59ea7|rpc:10.1.1.30:42643|dataStream:|priority:1|startupRole:FOLLOWER, 8e07edf8-1d4d-4d32-b98f-654a955e2c3a|rpc:10.1.1.30:40249|dataStream:|priority:0|startupRole:FOLLOWER] with ContainerStateMachine:uninitialized
2022-11-04 13:02:12,903 [pool-118-thread-1] INFO  server.RaftServerConfigKeys (ConfUtils.java:logGet(46)) - raft.server.rpc.timeout.min = 5s (custom)
2022-11-04 13:02:12,903 [pool-118-thread-1] INFO  server.RaftServerConfigKeys (ConfUtils.java:logGet(46)) - raft.server.rpc.timeout.max = 5200ms (custom)
2022-11-04 13:02:12,903 [pool-118-thread-1] INFO  server.RaftServerConfigKeys (ConfUtils.java:logGet(46)) - raft.server.rpc.sleep.time = 25ms (default)
2022-11-04 13:02:12,903 [pool-118-thread-1] INFO  server.RaftServerConfigKeys (ConfUtils.java:logGet(46)) - raft.server.rpc.slowness.timeout = 300s (custom)
2022-11-04 13:02:12,903 [pool-118-thread-1] INFO  server.RaftServerConfigKeys (ConfUtils.java:logGet(46)) - raft.server.leaderelection.leader.step-down.wait-time = 10s (default)
2022-11-04 13:02:12,903 [pool-118-thread-1] INFO  server.RaftServerConfigKeys (ConfUtils.java:logGet(46)) - raft.server.sleep.deviation.threshold = 300ms (default)
2022-11-04 13:02:12,903 [pool-118-thread-1] INFO  server.RaftServer$Division (ServerState.java:<init>(118)) - b71d1b8c-429c-47b9-884c-c174df504715@group-6E082D98B3EA: ConfigurationManager, init=-1: peers:[b71d1b8c-429c-47b9-884c-c174df504715|rpc:10.1.1.30:45949|dataStream:|priority:0|startupRole:FOLLOWER, ecdab5d7-df43-4175-904b-132339c59ea7|rpc:10.1.1.30:42643|dataStream:|priority:1|startupRole:FOLLOWER, 8e07edf8-1d4d-4d32-b98f-654a955e2c3a|rpc:10.1.1.30:40249|dataStream:|priority:0|startupRole:FOLLOWER]|listeners:[], old=null, confs=<EMPTY_MAP>
2022-11-04 13:02:12,903 [pool-118-thread-1] INFO  server.RaftServerConfigKeys (ConfUtils.java:logGet(46)) - raft.server.storage.dir = [/home/runner/work/ozone/ozone/hadoop-ozone/integration-test/target/test-dir/MiniOzoneClusterImpl-cec56291-7f8b-4456-b869-8b5b2b7a6237/datanode-2/data/ratis] (custom)
2022-11-04 13:02:12,903 [pool-118-thread-1] INFO  server.RaftServerConfigKeys (ConfUtils.java:logGet(46)) - raft.server.log.corruption.policy = EXCEPTION (default)
2022-11-04 13:02:12,903 [pool-118-thread-1] INFO  server.RaftServerConfigKeys (ConfUtils.java:logGet(46)) - raft.server.storage.free-space.min = 0MB (=0) (default)
2022-11-04 13:02:12,903 [pool-118-thread-1] INFO  server.RaftServerConfigKeys (ConfUtils.java:logGet(46)) - raft.server.notification.no-leader.timeout = 300s (custom)
2022-11-04 13:02:12,904 [pool-118-thread-1] INFO  server.RaftServerConfigKeys (ConfUtils.java:logGet(46)) - raft.server.retrycache.expirytime = 600000ms (custom)
2022-11-04 13:02:12,904 [pool-118-thread-1] INFO  server.RaftServerConfigKeys (ConfUtils.java:logGet(46)) - raft.server.retrycache.statistics.expirytime = 100μs (default)
2022-11-04 13:02:12,904 [pool-118-thread-1] INFO  server.RaftServerConfigKeys (ConfUtils.java:logGet(46)) - raft.server.log.appender.install.snapshot.enabled = false (custom)
2022-11-04 13:02:12,904 [pool-118-thread-1] INFO  server.RaftServerConfigKeys (ConfUtils.java:logGet(46)) - raft.server.threadpool.server.cached = true (default)
2022-11-04 13:02:12,905 [pool-118-thread-1] INFO  server.RaftServerConfigKeys (ConfUtils.java:logGet(46)) - raft.server.threadpool.server.size = 0 (default)
2022-11-04 13:02:12,905 [pool-118-thread-1] INFO  server.RaftServerConfigKeys (ConfUtils.java:logGet(46)) - raft.server.threadpool.client.cached = true (default)
2022-11-04 13:02:12,905 [pool-118-thread-1] INFO  server.RaftServerConfigKeys (ConfUtils.java:logGet(46)) - raft.server.threadpool.client.size = 0 (default)
2022-11-04 13:02:12,905 [pool-118-thread-1] INFO  storage.RaftStorageDirectory (RaftStorageDirectoryImpl.java:analyzeStorage(137)) - The storage directory /home/runner/work/ozone/ozone/hadoop-ozone/integration-test/target/test-dir/MiniOzoneClusterImpl-cec56291-7f8b-4456-b869-8b5b2b7a6237/datanode-2/data/ratis/13909235-87c6-4c1d-9bbf-6e082d98b3ea does not exist. Creating ...
2022-11-04 13:02:12,906 [pool-118-thread-1] INFO  storage.RaftStorageDirectory (RaftStorageDirectoryImpl.java:tryLock(231)) - Lock on /home/runner/work/ozone/ozone/hadoop-ozone/integration-test/target/test-dir/MiniOzoneClusterImpl-cec56291-7f8b-4456-b869-8b5b2b7a6237/datanode-2/data/ratis/13909235-87c6-4c1d-9bbf-6e082d98b3ea/in_use.lock acquired by nodename 5024@fv-az377-996
2022-11-04 13:02:12,909 [pool-118-thread-1] INFO  storage.RaftStorage (RaftStorageImpl.java:format(96)) - Storage directory /home/runner/work/ozone/ozone/hadoop-ozone/integration-test/target/test-dir/MiniOzoneClusterImpl-cec56291-7f8b-4456-b869-8b5b2b7a6237/datanode-2/data/ratis/13909235-87c6-4c1d-9bbf-6e082d98b3ea has been successfully formatted.
2022-11-04 13:02:12,910 [pool-118-thread-1] INFO  ratis.ContainerStateMachine (ContainerStateMachine.java:loadSnapshot(236)) - group-6E082D98B3EA: The snapshot info is null. Setting the last applied indexto:(t:0, i:~)
2022-11-04 13:02:12,910 [pool-118-thread-1] INFO  server.RaftServerConfigKeys (ConfUtils.java:logGet(46)) - raft.server.log.use.memory = false (default)
2022-11-04 13:02:12,910 [pool-118-thread-1] INFO  server.RaftServerConfigKeys (ConfUtils.java:logGet(46)) - raft.server.log.purge.gap = 1000000 (custom)
2022-11-04 13:02:12,911 [pool-118-thread-1] INFO  server.RaftServerConfigKeys (ConfUtils.java:logGet(46)) - raft.server.log.appender.buffer.byte-limit = 33554432 (custom)
2022-11-04 13:02:12,911 [pool-118-thread-1] INFO  server.RaftServerConfigKeys (ConfUtils.java:logGet(46)) - raft.server.log.statemachine.data.read.timeout = 1000ms (default)
2022-11-04 13:02:12,911 [pool-118-thread-1] INFO  server.RaftServerConfigKeys (ConfUtils.java:logGet(46)) - raft.server.log.purge.preservation.log.num = 0 (default)
2022-11-04 13:02:12,911 [pool-118-thread-1] INFO  server.RaftServerConfigKeys (ConfUtils.java:logGet(46)) - raft.server.log.segment.size.max = 1048576 (custom)
2022-11-04 13:02:12,911 [pool-118-thread-1] INFO  server.RaftServerConfigKeys (ConfUtils.java:logGet(46)) - raft.server.log.segment.cache.num.max = 2 (custom)
2022-11-04 13:02:12,911 [pool-118-thread-1] INFO  server.RaftServerConfigKeys (ConfUtils.java:logGet(46)) - raft.server.log.segment.cache.size.max = 200MB (=209715200) (default)
2022-11-04 13:02:12,911 [pool-118-thread-1] INFO  segmented.SegmentedRaftLogWorker (SegmentedRaftLogWorker.java:<init>(191)) - new b71d1b8c-429c-47b9-884c-c174df504715@group-6E082D98B3EA-SegmentedRaftLogWorker for RaftStorageImpl:Storage Directory /home/runner/work/ozone/ozone/hadoop-ozone/integration-test/target/test-dir/MiniOzoneClusterImpl-cec56291-7f8b-4456-b869-8b5b2b7a6237/datanode-2/data/ratis/13909235-87c6-4c1d-9bbf-6e082d98b3ea
2022-11-04 13:02:12,911 [pool-118-thread-1] INFO  server.RaftServerConfigKeys (ConfUtils.java:logGet(46)) - raft.server.log.queue.byte-limit = 4294967296 (custom)
2022-11-04 13:02:12,911 [pool-118-thread-1] INFO  server.RaftServerConfigKeys (ConfUtils.java:logGet(46)) - raft.server.log.queue.element-limit = 1024 (custom)
2022-11-04 13:02:12,911 [pool-118-thread-1] INFO  server.RaftServerConfigKeys (ConfUtils.java:logGet(46)) - raft.server.log.segment.size.max = 1048576 (custom)
2022-11-04 13:02:12,912 [pool-118-thread-1] INFO  server.RaftServerConfigKeys (ConfUtils.java:logGet(46)) - raft.server.log.preallocated.size = 16384 (custom)
2022-11-04 13:02:12,912 [pool-118-thread-1] INFO  server.RaftServerConfigKeys (ConfUtils.java:logGet(46)) - raft.server.log.force.sync.num = 128 (default)
2022-11-04 13:02:12,912 [pool-118-thread-1] INFO  server.RaftServerConfigKeys (ConfUtils.java:logGet(46)) - raft.server.log.statemachine.data.sync = true (default)
2022-11-04 13:02:12,912 [pool-118-thread-1] INFO  server.RaftServerConfigKeys (ConfUtils.java:logGet(46)) - raft.server.log.statemachine.data.sync.timeout = 10s (default)
2022-11-04 13:02:12,912 [pool-118-thread-1] INFO  server.RaftServerConfigKeys (ConfUtils.java:logGet(46)) - raft.server.log.statemachine.data.sync.timeout.retry = -1 (default)
2022-11-04 13:02:12,912 [pool-118-thread-1] INFO  server.RaftServerConfigKeys (ConfUtils.java:logGet(46)) - raft.server.log.write.buffer.size = 1048576 (custom)
2022-11-04 13:02:12,922 [pool-118-thread-1] INFO  server.RaftServerConfigKeys (ConfUtils.java:logGet(46)) - raft.server.log.unsafe-flush.enabled = false (default)
2022-11-04 13:02:12,922 [pool-118-thread-1] INFO  server.RaftServerConfigKeys (ConfUtils.java:logGet(46)) - raft.server.log.async-flush.enabled = false (default)
2022-11-04 13:02:12,922 [pool-118-thread-1] INFO  server.RaftServerConfigKeys (ConfUtils.java:logGet(46)) - raft.server.log.statemachine.data.caching.enabled = true (custom)
2022-11-04 13:02:12,922 [pool-118-thread-1] INFO  segmented.SegmentedRaftLogWorker (SegmentedRaftLogWorker.java:lambda$new$0(136)) - b71d1b8c-429c-47b9-884c-c174df504715@group-6E082D98B3EA-SegmentedRaftLogWorker: flushIndex: setUnconditionally 0 -> -1
2022-11-04 13:02:12,922 [pool-118-thread-1] INFO  segmented.SegmentedRaftLogWorker (SegmentedRaftLogWorker.java:lambda$new$0(136)) - b71d1b8c-429c-47b9-884c-c174df504715@group-6E082D98B3EA-SegmentedRaftLogWorker: safeCacheEvictIndex: setUnconditionally 0 -> -1
2022-11-04 13:02:12,926 [pool-118-thread-1] INFO  server.RaftServer$Division (RaftServerImpl.java:start(334)) - b71d1b8c-429c-47b9-884c-c174df504715@group-6E082D98B3EA: start as a follower, conf=-1: peers:[b71d1b8c-429c-47b9-884c-c174df504715|rpc:10.1.1.30:45949|dataStream:|priority:0|startupRole:FOLLOWER, ecdab5d7-df43-4175-904b-132339c59ea7|rpc:10.1.1.30:42643|dataStream:|priority:1|startupRole:FOLLOWER, 8e07edf8-1d4d-4d32-b98f-654a955e2c3a|rpc:10.1.1.30:40249|dataStream:|priority:0|startupRole:FOLLOWER]|listeners:[], old=null
2022-11-04 13:02:12,926 [pool-118-thread-1] INFO  server.RaftServer$Division (RaftServerImpl.java:setRole(321)) - b71d1b8c-429c-47b9-884c-c174df504715@group-6E082D98B3EA: changes role from      null to FOLLOWER at term 0 for startAsFollower
2022-11-04 13:02:12,926 [pool-118-thread-1] INFO  impl.RoleInfo (RoleInfo.java:updateAndGet(139)) - b71d1b8c-429c-47b9-884c-c174df504715: start b71d1b8c-429c-47b9-884c-c174df504715@group-6E082D98B3EA-FollowerState
2022-11-04 13:02:12,926 [pool-118-thread-1] INFO  util.JmxRegister (JmxRegister.java:tryRegister(44)) - Successfully registered JMX Bean with object name Ratis:service=RaftServer,group=group-6E082D98B3EA,id=b71d1b8c-429c-47b9-884c-c174df504715
2022-11-04 13:02:12,927 [pool-118-thread-1] INFO  server.RaftServerConfigKeys (ConfUtils.java:logGet(46)) - raft.server.snapshot.auto.trigger.enabled = true (custom)
2022-11-04 13:02:12,927 [pool-118-thread-1] INFO  server.RaftServerConfigKeys (ConfUtils.java:logGet(46)) - raft.server.snapshot.auto.trigger.threshold = 10000 (custom)
2022-11-04 13:02:12,927 [pool-118-thread-1] INFO  server.RaftServerConfigKeys (ConfUtils.java:logGet(46)) - raft.server.snapshot.retention.file.num = 5 (custom)
2022-11-04 13:02:12,927 [pool-118-thread-1] INFO  server.RaftServerConfigKeys (ConfUtils.java:logGet(46)) - raft.server.log.purge.upto.snapshot.index = false (default)
2022-11-04 13:02:12,929 [b71d1b8c-429c-47b9-884c-c174df504715@group-6E082D98B3EA-FollowerState] INFO  server.RaftServerConfigKeys (ConfUtils.java:logFallback(53)) - raft.server.rpc.first-election.timeout.min = 5s (fallback to raft.server.rpc.timeout.min)
2022-11-04 13:02:12,936 [b71d1b8c-429c-47b9-884c-c174df504715@group-6E082D98B3EA-FollowerState] INFO  server.RaftServerConfigKeys (ConfUtils.java:logFallback(53)) - raft.server.rpc.first-election.timeout.max = 5200ms (fallback to raft.server.rpc.timeout.max)
2022-11-04 13:02:12,985 [Command processor thread] INFO  server.RaftServer (RaftServerProxy.java:addNew(96)) - b71d1b8c-429c-47b9-884c-c174df504715: addNew group-04BB94B3AA6B:[b71d1b8c-429c-47b9-884c-c174df504715|rpc:10.1.1.30:45949|priority:1|startupRole:FOLLOWER] returns group-04BB94B3AA6B:java.util.concurrent.CompletableFuture@5ca77745[Not completed]
2022-11-04 13:02:12,986 [pool-118-thread-1] INFO  server.RaftServer$Division (RaftServerImpl.java:<init>(195)) - b71d1b8c-429c-47b9-884c-c174df504715: new RaftServerImpl for group-04BB94B3AA6B:[b71d1b8c-429c-47b9-884c-c174df504715|rpc:10.1.1.30:45949|priority:1|startupRole:FOLLOWER] with ContainerStateMachine:uninitialized
2022-11-04 13:02:12,986 [pool-118-thread-1] INFO  server.RaftServerConfigKeys (ConfUtils.java:logGet(46)) - raft.server.rpc.timeout.min = 5s (custom)
2022-11-04 13:02:12,986 [pool-118-thread-1] INFO  server.RaftServerConfigKeys (ConfUtils.java:logGet(46)) - raft.server.rpc.timeout.max = 5200ms (custom)
2022-11-04 13:02:12,986 [pool-118-thread-1] INFO  server.RaftServerConfigKeys (ConfUtils.java:logGet(46)) - raft.server.rpc.sleep.time = 25ms (default)
2022-11-04 13:02:12,986 [pool-118-thread-1] INFO  server.RaftServerConfigKeys (ConfUtils.java:logGet(46)) - raft.server.rpc.slowness.timeout = 300s (custom)
2022-11-04 13:02:12,986 [pool-118-thread-1] INFO  server.RaftServerConfigKeys (ConfUtils.java:logGet(46)) - raft.server.leaderelection.leader.step-down.wait-time = 10s (default)
2022-11-04 13:02:12,986 [pool-118-thread-1] INFO  server.RaftServerConfigKeys (ConfUtils.java:logGet(46)) - raft.server.sleep.deviation.threshold = 300ms (default)
2022-11-04 13:02:12,986 [pool-118-thread-1] INFO  server.RaftServer$Division (ServerState.java:<init>(118)) - b71d1b8c-429c-47b9-884c-c174df504715@group-04BB94B3AA6B: ConfigurationManager, init=-1: peers:[b71d1b8c-429c-47b9-884c-c174df504715|rpc:10.1.1.30:45949|priority:1|startupRole:FOLLOWER]|listeners:[], old=null, confs=<EMPTY_MAP>
2022-11-04 13:02:12,986 [pool-118-thread-1] INFO  server.RaftServerConfigKeys (ConfUtils.java:logGet(46)) - raft.server.storage.dir = [/home/runner/work/ozone/ozone/hadoop-ozone/integration-test/target/test-dir/MiniOzoneClusterImpl-cec56291-7f8b-4456-b869-8b5b2b7a6237/datanode-2/data/ratis] (custom)
2022-11-04 13:02:12,986 [pool-118-thread-1] INFO  server.RaftServerConfigKeys (ConfUtils.java:logGet(46)) - raft.server.log.corruption.policy = EXCEPTION (default)
2022-11-04 13:02:12,987 [pool-118-thread-1] INFO  server.RaftServerConfigKeys (ConfUtils.java:logGet(46)) - raft.server.storage.free-space.min = 0MB (=0) (default)
2022-11-04 13:02:12,987 [pool-118-thread-1] INFO  server.RaftServerConfigKeys (ConfUtils.java:logGet(46)) - raft.server.notification.no-leader.timeout = 300s (custom)
2022-11-04 13:02:12,987 [pool-118-thread-1] INFO  server.RaftServerConfigKeys (ConfUtils.java:logGet(46)) - raft.server.retrycache.expirytime = 600000ms (custom)
2022-11-04 13:02:12,987 [pool-118-thread-1] INFO  server.RaftServerConfigKeys (ConfUtils.java:logGet(46)) - raft.server.retrycache.statistics.expirytime = 100μs (default)
2022-11-04 13:02:12,987 [Listener at 127.0.0.1/37717] INFO  ozone.MiniOzoneClusterImpl (MiniOzoneClusterImpl.java:lambda$waitForClusterToBeReady$0(216)) - Nodes are ready. Got 3 of 3 DN Heartbeats.
2022-11-04 13:02:12,988 [Listener at 127.0.0.1/37717] INFO  ozone.MiniOzoneClusterImpl (MiniOzoneClusterImpl.java:lambda$waitForClusterToBeReady$0(219)) - Waiting for cluster to exit safe mode
2022-11-04 13:02:12,988 [Listener at 127.0.0.1/37717] INFO  ozone.MiniOzoneClusterImpl (MiniOzoneClusterImpl.java:lambda$waitForClusterToBeReady$0(221)) - SCM became leader
2022-11-04 13:02:12,989 [pool-118-thread-1] INFO  server.RaftServerConfigKeys (ConfUtils.java:logGet(46)) - raft.server.log.appender.install.snapshot.enabled = false (custom)
2022-11-04 13:02:12,989 [pool-118-thread-1] INFO  server.RaftServerConfigKeys (ConfUtils.java:logGet(46)) - raft.server.threadpool.server.cached = true (default)
2022-11-04 13:02:12,989 [pool-118-thread-1] INFO  server.RaftServerConfigKeys (ConfUtils.java:logGet(46)) - raft.server.threadpool.server.size = 0 (default)
2022-11-04 13:02:12,989 [pool-118-thread-1] INFO  server.RaftServerConfigKeys (ConfUtils.java:logGet(46)) - raft.server.threadpool.client.cached = true (default)
2022-11-04 13:02:12,989 [pool-118-thread-1] INFO  server.RaftServerConfigKeys (ConfUtils.java:logGet(46)) - raft.server.threadpool.client.size = 0 (default)
2022-11-04 13:02:12,989 [pool-118-thread-1] INFO  storage.RaftStorageDirectory (RaftStorageDirectoryImpl.java:analyzeStorage(137)) - The storage directory /home/runner/work/ozone/ozone/hadoop-ozone/integration-test/target/test-dir/MiniOzoneClusterImpl-cec56291-7f8b-4456-b869-8b5b2b7a6237/datanode-2/data/ratis/f6f555e2-e182-43d6-91a0-04bb94b3aa6b does not exist. Creating ...
2022-11-04 13:02:12,992 [pool-118-thread-1] INFO  storage.RaftStorageDirectory (RaftStorageDirectoryImpl.java:tryLock(231)) - Lock on /home/runner/work/ozone/ozone/hadoop-ozone/integration-test/target/test-dir/MiniOzoneClusterImpl-cec56291-7f8b-4456-b869-8b5b2b7a6237/datanode-2/data/ratis/f6f555e2-e182-43d6-91a0-04bb94b3aa6b/in_use.lock acquired by nodename 5024@fv-az377-996
2022-11-04 13:02:12,994 [pool-118-thread-1] INFO  storage.RaftStorage (RaftStorageImpl.java:format(96)) - Storage directory /home/runner/work/ozone/ozone/hadoop-ozone/integration-test/target/test-dir/MiniOzoneClusterImpl-cec56291-7f8b-4456-b869-8b5b2b7a6237/datanode-2/data/ratis/f6f555e2-e182-43d6-91a0-04bb94b3aa6b has been successfully formatted.
2022-11-04 13:02:12,995 [pool-118-thread-1] INFO  ratis.ContainerStateMachine (ContainerStateMachine.java:loadSnapshot(236)) - group-04BB94B3AA6B: The snapshot info is null. Setting the last applied indexto:(t:0, i:~)
2022-11-04 13:02:12,995 [pool-118-thread-1] INFO  server.RaftServerConfigKeys (ConfUtils.java:logGet(46)) - raft.server.log.use.memory = false (default)
2022-11-04 13:02:12,995 [pool-118-thread-1] INFO  server.RaftServerConfigKeys (ConfUtils.java:logGet(46)) - raft.server.log.purge.gap = 1000000 (custom)
2022-11-04 13:02:12,995 [pool-118-thread-1] INFO  server.RaftServerConfigKeys (ConfUtils.java:logGet(46)) - raft.server.log.appender.buffer.byte-limit = 33554432 (custom)
2022-11-04 13:02:12,995 [pool-118-thread-1] INFO  server.RaftServerConfigKeys (ConfUtils.java:logGet(46)) - raft.server.log.statemachine.data.read.timeout = 1000ms (default)
2022-11-04 13:02:12,995 [pool-118-thread-1] INFO  server.RaftServerConfigKeys (ConfUtils.java:logGet(46)) - raft.server.log.purge.preservation.log.num = 0 (default)
2022-11-04 13:02:12,996 [pool-118-thread-1] INFO  server.RaftServerConfigKeys (ConfUtils.java:logGet(46)) - raft.server.log.segment.size.max = 1048576 (custom)
2022-11-04 13:02:12,996 [pool-118-thread-1] INFO  server.RaftServerConfigKeys (ConfUtils.java:logGet(46)) - raft.server.log.segment.cache.num.max = 2 (custom)
2022-11-04 13:02:12,996 [pool-118-thread-1] INFO  server.RaftServerConfigKeys (ConfUtils.java:logGet(46)) - raft.server.log.segment.cache.size.max = 200MB (=209715200) (default)
2022-11-04 13:02:12,996 [pool-118-thread-1] INFO  segmented.SegmentedRaftLogWorker (SegmentedRaftLogWorker.java:<init>(191)) - new b71d1b8c-429c-47b9-884c-c174df504715@group-04BB94B3AA6B-SegmentedRaftLogWorker for RaftStorageImpl:Storage Directory /home/runner/work/ozone/ozone/hadoop-ozone/integration-test/target/test-dir/MiniOzoneClusterImpl-cec56291-7f8b-4456-b869-8b5b2b7a6237/datanode-2/data/ratis/f6f555e2-e182-43d6-91a0-04bb94b3aa6b
2022-11-04 13:02:12,996 [pool-118-thread-1] INFO  server.RaftServerConfigKeys (ConfUtils.java:logGet(46)) - raft.server.log.queue.byte-limit = 4294967296 (custom)
2022-11-04 13:02:12,996 [pool-118-thread-1] INFO  server.RaftServerConfigKeys (ConfUtils.java:logGet(46)) - raft.server.log.queue.element-limit = 1024 (custom)
2022-11-04 13:02:12,996 [pool-118-thread-1] INFO  server.RaftServerConfigKeys (ConfUtils.java:logGet(46)) - raft.server.log.segment.size.max = 1048576 (custom)
2022-11-04 13:02:12,996 [pool-118-thread-1] INFO  server.RaftServerConfigKeys (ConfUtils.java:logGet(46)) - raft.server.log.preallocated.size = 16384 (custom)
2022-11-04 13:02:12,996 [pool-118-thread-1] INFO  server.RaftServerConfigKeys (ConfUtils.java:logGet(46)) - raft.server.log.force.sync.num = 128 (default)
2022-11-04 13:02:12,996 [pool-118-thread-1] INFO  server.RaftServerConfigKeys (ConfUtils.java:logGet(46)) - raft.server.log.statemachine.data.sync = true (default)
2022-11-04 13:02:12,997 [pool-118-thread-1] INFO  server.RaftServerConfigKeys (ConfUtils.java:logGet(46)) - raft.server.log.statemachine.data.sync.timeout = 10s (default)
2022-11-04 13:02:12,997 [pool-118-thread-1] INFO  server.RaftServerConfigKeys (ConfUtils.java:logGet(46)) - raft.server.log.statemachine.data.sync.timeout.retry = -1 (default)
2022-11-04 13:02:12,998 [pool-118-thread-1] INFO  server.RaftServerConfigKeys (ConfUtils.java:logGet(46)) - raft.server.log.write.buffer.size = 1048576 (custom)
2022-11-04 13:02:12,999 [pool-118-thread-1] INFO  server.RaftServerConfigKeys (ConfUtils.java:logGet(46)) - raft.server.log.unsafe-flush.enabled = false (default)
2022-11-04 13:02:12,999 [pool-118-thread-1] INFO  server.RaftServerConfigKeys (ConfUtils.java:logGet(46)) - raft.server.log.async-flush.enabled = false (default)
2022-11-04 13:02:12,999 [pool-118-thread-1] INFO  server.RaftServerConfigKeys (ConfUtils.java:logGet(46)) - raft.server.log.statemachine.data.caching.enabled = true (custom)
2022-11-04 13:02:12,999 [pool-118-thread-1] INFO  segmented.SegmentedRaftLogWorker (SegmentedRaftLogWorker.java:lambda$new$0(136)) - b71d1b8c-429c-47b9-884c-c174df504715@group-04BB94B3AA6B-SegmentedRaftLogWorker: flushIndex: setUnconditionally 0 -> -1
2022-11-04 13:02:13,004 [Command processor thread] INFO  commandhandler.CreatePipelineCommandHandler (CreatePipelineCommandHandler.java:handle(113)) - Created Pipeline RATIS THREE PipelineID=13909235-87c6-4c1d-9bbf-6e082d98b3ea.
2022-11-04 13:02:13,005 [EventQueue-PipelineReportForPipelineReportHandler] INFO  pipeline.PipelineManagerImpl (PipelineManagerImpl.java:openPipeline(367)) - Pipeline Pipeline[ Id: f6f555e2-e182-43d6-91a0-04bb94b3aa6b, Nodes: b71d1b8c-429c-47b9-884c-c174df504715{ip: 10.1.1.30, host: fv-az377-996.ap30g4v5sw5evmjtdmxdg2w53f.dx.internal.cloudapp.net, ports: [REPLICATION=34119, RATIS=45949, RATIS_ADMIN=45949, RATIS_SERVER=45949, STANDALONE=43531], networkLocation: /default-rack, certSerialId: null, persistedOpState: IN_SERVICE, persistedOpStateExpiryEpochSec: 0}, ReplicationConfig: RATIS/ONE, State:ALLOCATED, leaderId:b71d1b8c-429c-47b9-884c-c174df504715, CreationTimestamp2022-11-04T13:02:09.988Z[Etc/UTC]] moved to OPEN state
2022-11-04 13:02:13,006 [EventQueue-OpenPipelineForHealthyPipelineSafeModeRule] INFO  safemode.SCMSafeModeManager (HealthyPipelineSafeModeRule.java:process(137)) - SCM in safe mode. Healthy pipelines reported count is 0, required healthy pipeline reported count is 1
2022-11-04 13:02:13,006 [pool-118-thread-1] INFO  segmented.SegmentedRaftLogWorker (SegmentedRaftLogWorker.java:lambda$new$0(136)) - b71d1b8c-429c-47b9-884c-c174df504715@group-04BB94B3AA6B-SegmentedRaftLogWorker: safeCacheEvictIndex: setUnconditionally 0 -> -1
2022-11-04 13:02:13,016 [pool-118-thread-1] INFO  server.RaftServer$Division (RaftServerImpl.java:start(334)) - b71d1b8c-429c-47b9-884c-c174df504715@group-04BB94B3AA6B: start as a follower, conf=-1: peers:[b71d1b8c-429c-47b9-884c-c174df504715|rpc:10.1.1.30:45949|priority:1|startupRole:FOLLOWER]|listeners:[], old=null
2022-11-04 13:02:13,017 [pool-118-thread-1] INFO  server.RaftServer$Division (RaftServerImpl.java:setRole(321)) - b71d1b8c-429c-47b9-884c-c174df504715@group-04BB94B3AA6B: changes role from      null to FOLLOWER at term 0 for startAsFollower
2022-11-04 13:02:13,017 [pool-118-thread-1] INFO  impl.RoleInfo (RoleInfo.java:updateAndGet(139)) - b71d1b8c-429c-47b9-884c-c174df504715: start b71d1b8c-429c-47b9-884c-c174df504715@group-04BB94B3AA6B-FollowerState
2022-11-04 13:02:13,017 [pool-118-thread-1] INFO  util.JmxRegister (JmxRegister.java:tryRegister(44)) - Successfully registered JMX Bean with object name Ratis:service=RaftServer,group=group-04BB94B3AA6B,id=b71d1b8c-429c-47b9-884c-c174df504715
2022-11-04 13:02:13,017 [b71d1b8c-429c-47b9-884c-c174df504715@group-04BB94B3AA6B-FollowerState] INFO  server.RaftServerConfigKeys (ConfUtils.java:logFallback(53)) - raft.server.rpc.first-election.timeout.min = 5s (fallback to raft.server.rpc.timeout.min)
2022-11-04 13:02:13,017 [b71d1b8c-429c-47b9-884c-c174df504715@group-04BB94B3AA6B-FollowerState] INFO  server.RaftServerConfigKeys (ConfUtils.java:logFallback(53)) - raft.server.rpc.first-election.timeout.max = 5200ms (fallback to raft.server.rpc.timeout.max)
2022-11-04 13:02:13,017 [pool-118-thread-1] INFO  server.RaftServerConfigKeys (ConfUtils.java:logGet(46)) - raft.server.snapshot.auto.trigger.enabled = true (custom)
2022-11-04 13:02:13,017 [pool-118-thread-1] INFO  server.RaftServerConfigKeys (ConfUtils.java:logGet(46)) - raft.server.snapshot.auto.trigger.threshold = 10000 (custom)
2022-11-04 13:02:13,017 [pool-118-thread-1] INFO  server.RaftServerConfigKeys (ConfUtils.java:logGet(46)) - raft.server.snapshot.retention.file.num = 5 (custom)
2022-11-04 13:02:13,018 [pool-118-thread-1] INFO  server.RaftServerConfigKeys (ConfUtils.java:logGet(46)) - raft.server.log.purge.upto.snapshot.index = false (default)
2022-11-04 13:02:13,019 [Command processor thread] INFO  ratis.XceiverServerRatis (XceiverServerRatis.java:addGroup(765)) - Created group PipelineID=f6f555e2-e182-43d6-91a0-04bb94b3aa6b
2022-11-04 13:02:13,019 [Command processor thread] INFO  commandhandler.CreatePipelineCommandHandler (CreatePipelineCommandHandler.java:handle(113)) - Created Pipeline RATIS ONE PipelineID=f6f555e2-e182-43d6-91a0-04bb94b3aa6b.
2022-11-04 13:02:13,025 [Command processor thread] INFO  commandhandler.CreatePipelineCommandHandler (CreatePipelineCommandHandler.java:handle(113)) - Created Pipeline RATIS THREE PipelineID=13909235-87c6-4c1d-9bbf-6e082d98b3ea.
2022-11-04 13:02:13,988 [Listener at 127.0.0.1/37717] INFO  ozone.MiniOzoneClusterImpl (MiniOzoneClusterImpl.java:lambda$waitForClusterToBeReady$0(216)) - Nodes are ready. Got 3 of 3 DN Heartbeats.
2022-11-04 13:02:13,988 [Listener at 127.0.0.1/37717] INFO  ozone.MiniOzoneClusterImpl (MiniOzoneClusterImpl.java:lambda$waitForClusterToBeReady$0(219)) - Waiting for cluster to exit safe mode
2022-11-04 13:02:13,988 [Listener at 127.0.0.1/37717] INFO  ozone.MiniOzoneClusterImpl (MiniOzoneClusterImpl.java:lambda$waitForClusterToBeReady$0(221)) - SCM became leader
2022-11-04 13:02:14,988 [Listener at 127.0.0.1/37717] INFO  ozone.MiniOzoneClusterImpl (MiniOzoneClusterImpl.java:lambda$waitForClusterToBeReady$0(216)) - Nodes are ready. Got 3 of 3 DN Heartbeats.
2022-11-04 13:02:14,989 [Listener at 127.0.0.1/37717] INFO  ozone.MiniOzoneClusterImpl (MiniOzoneClusterImpl.java:lambda$waitForClusterToBeReady$0(219)) - Waiting for cluster to exit safe mode
2022-11-04 13:02:14,989 [Listener at 127.0.0.1/37717] INFO  ozone.MiniOzoneClusterImpl (MiniOzoneClusterImpl.java:lambda$waitForClusterToBeReady$0(221)) - SCM became leader
2022-11-04 13:02:15,989 [Listener at 127.0.0.1/37717] INFO  ozone.MiniOzoneClusterImpl (MiniOzoneClusterImpl.java:lambda$waitForClusterToBeReady$0(216)) - Nodes are ready. Got 3 of 3 DN Heartbeats.
2022-11-04 13:02:15,989 [Listener at 127.0.0.1/37717] INFO  ozone.MiniOzoneClusterImpl (MiniOzoneClusterImpl.java:lambda$waitForClusterToBeReady$0(219)) - Waiting for cluster to exit safe mode
2022-11-04 13:02:15,989 [Listener at 127.0.0.1/37717] INFO  ozone.MiniOzoneClusterImpl (MiniOzoneClusterImpl.java:lambda$waitForClusterToBeReady$0(221)) - SCM became leader
2022-11-04 13:02:16,990 [Listener at 127.0.0.1/37717] INFO  ozone.MiniOzoneClusterImpl (MiniOzoneClusterImpl.java:lambda$waitForClusterToBeReady$0(216)) - Nodes are ready. Got 3 of 3 DN Heartbeats.
2022-11-04 13:02:16,990 [Listener at 127.0.0.1/37717] INFO  ozone.MiniOzoneClusterImpl (MiniOzoneClusterImpl.java:lambda$waitForClusterToBeReady$0(219)) - Waiting for cluster to exit safe mode
2022-11-04 13:02:16,990 [Listener at 127.0.0.1/37717] INFO  ozone.MiniOzoneClusterImpl (MiniOzoneClusterImpl.java:lambda$waitForClusterToBeReady$0(221)) - SCM became leader
2022-11-04 13:02:17,041 [8e07edf8-1d4d-4d32-b98f-654a955e2c3a@group-1F6ABA31B672-FollowerState] INFO  impl.FollowerState (FollowerState.java:run(143)) - 8e07edf8-1d4d-4d32-b98f-654a955e2c3a@group-1F6ABA31B672-FollowerState: change to CANDIDATE, lastRpcElapsedTime:5038383182ns, electionTimeout:5033ms
2022-11-04 13:02:17,041 [8e07edf8-1d4d-4d32-b98f-654a955e2c3a@group-1F6ABA31B672-FollowerState] INFO  impl.RoleInfo (RoleInfo.java:shutdownFollowerState(110)) - 8e07edf8-1d4d-4d32-b98f-654a955e2c3a: shutdown 8e07edf8-1d4d-4d32-b98f-654a955e2c3a@group-1F6ABA31B672-FollowerState
2022-11-04 13:02:17,041 [8e07edf8-1d4d-4d32-b98f-654a955e2c3a@group-1F6ABA31B672-FollowerState] INFO  server.RaftServer$Division (RaftServerImpl.java:setRole(321)) - 8e07edf8-1d4d-4d32-b98f-654a955e2c3a@group-1F6ABA31B672: changes role from  FOLLOWER to CANDIDATE at term 0 for changeToCandidate
2022-11-04 13:02:17,042 [8e07edf8-1d4d-4d32-b98f-654a955e2c3a@group-1F6ABA31B672-FollowerState] INFO  server.RaftServerConfigKeys (ConfUtils.java:logGet(46)) - raft.server.leaderelection.pre-vote = false (custom)
2022-11-04 13:02:17,042 [8e07edf8-1d4d-4d32-b98f-654a955e2c3a@group-1F6ABA31B672-FollowerState] INFO  impl.RoleInfo (RoleInfo.java:updateAndGet(139)) - 8e07edf8-1d4d-4d32-b98f-654a955e2c3a: start 8e07edf8-1d4d-4d32-b98f-654a955e2c3a@group-1F6ABA31B672-LeaderElection2
2022-11-04 13:02:17,047 [8e07edf8-1d4d-4d32-b98f-654a955e2c3a@group-1F6ABA31B672-LeaderElection2] INFO  impl.LeaderElection (LeaderElection.java:askForVotes(312)) - 8e07edf8-1d4d-4d32-b98f-654a955e2c3a@group-1F6ABA31B672-LeaderElection2 ELECTION round 0: submit vote requests at term 1 for -1: peers:[b71d1b8c-429c-47b9-884c-c174df504715|rpc:10.1.1.30:45949|priority:0|startupRole:FOLLOWER, ecdab5d7-df43-4175-904b-132339c59ea7|rpc:10.1.1.30:42643|priority:0|startupRole:FOLLOWER, 8e07edf8-1d4d-4d32-b98f-654a955e2c3a|rpc:10.1.1.30:40249|priority:1|startupRole:FOLLOWER]|listeners:[], old=null
2022-11-04 13:02:17,055 [8e07edf8-1d4d-4d32-b98f-654a955e2c3a@group-1F6ABA31B672-LeaderElection2] INFO  server.RaftServerConfigKeys (ConfUtils.java:logFallback(53)) - raft.server.rpc.first-election.timeout.min = 5s (fallback to raft.server.rpc.timeout.min)
2022-11-04 13:02:17,056 [8e07edf8-1d4d-4d32-b98f-654a955e2c3a@group-1F6ABA31B672-LeaderElection2] INFO  server.RaftServerConfigKeys (ConfUtils.java:logFallback(53)) - raft.server.rpc.first-election.timeout.max = 5200ms (fallback to raft.server.rpc.timeout.max)
2022-11-04 13:02:17,056 [8e07edf8-1d4d-4d32-b98f-654a955e2c3a@group-1F6ABA31B672-LeaderElection2-1] INFO  server.GrpcServerProtocolClient (GrpcServerProtocolClient.java:<init>(63)) - Build channel for b71d1b8c-429c-47b9-884c-c174df504715
2022-11-04 13:02:17,058 [8e07edf8-1d4d-4d32-b98f-654a955e2c3a@group-98643F1C129C-FollowerState] INFO  impl.FollowerState (FollowerState.java:run(143)) - 8e07edf8-1d4d-4d32-b98f-654a955e2c3a@group-98643F1C129C-FollowerState: change to CANDIDATE, lastRpcElapsedTime:5126946668ns, electionTimeout:5117ms
2022-11-04 13:02:17,059 [8e07edf8-1d4d-4d32-b98f-654a955e2c3a@group-98643F1C129C-FollowerState] INFO  impl.RoleInfo (RoleInfo.java:shutdownFollowerState(110)) - 8e07edf8-1d4d-4d32-b98f-654a955e2c3a: shutdown 8e07edf8-1d4d-4d32-b98f-654a955e2c3a@group-98643F1C129C-FollowerState
2022-11-04 13:02:17,059 [8e07edf8-1d4d-4d32-b98f-654a955e2c3a@group-98643F1C129C-FollowerState] INFO  server.RaftServer$Division (RaftServerImpl.java:setRole(321)) - 8e07edf8-1d4d-4d32-b98f-654a955e2c3a@group-98643F1C129C: changes role from  FOLLOWER to CANDIDATE at term 0 for changeToCandidate
2022-11-04 13:02:17,059 [8e07edf8-1d4d-4d32-b98f-654a955e2c3a@group-98643F1C129C-FollowerState] INFO  server.RaftServerConfigKeys (ConfUtils.java:logGet(46)) - raft.server.leaderelection.pre-vote = false (custom)
2022-11-04 13:02:17,060 [8e07edf8-1d4d-4d32-b98f-654a955e2c3a@group-98643F1C129C-FollowerState] INFO  impl.RoleInfo (RoleInfo.java:updateAndGet(139)) - 8e07edf8-1d4d-4d32-b98f-654a955e2c3a: start 8e07edf8-1d4d-4d32-b98f-654a955e2c3a@group-98643F1C129C-LeaderElection3
2022-11-04 13:02:17,060 [8e07edf8-1d4d-4d32-b98f-654a955e2c3a@group-1F6ABA31B672-LeaderElection2-2] INFO  server.GrpcServerProtocolClient (GrpcServerProtocolClient.java:<init>(63)) - Build channel for ecdab5d7-df43-4175-904b-132339c59ea7
2022-11-04 13:02:17,080 [8e07edf8-1d4d-4d32-b98f-654a955e2c3a@group-98643F1C129C-LeaderElection3] INFO  impl.LeaderElection (LeaderElection.java:askForVotes(312)) - 8e07edf8-1d4d-4d32-b98f-654a955e2c3a@group-98643F1C129C-LeaderElection3 ELECTION round 0: submit vote requests at term 1 for -1: peers:[8e07edf8-1d4d-4d32-b98f-654a955e2c3a|rpc:10.1.1.30:40249|priority:1|startupRole:FOLLOWER]|listeners:[], old=null
2022-11-04 13:02:17,084 [8e07edf8-1d4d-4d32-b98f-654a955e2c3a@group-98643F1C129C-LeaderElection3] INFO  impl.LeaderElection (LeaderElection.java:askForVotes(314)) - 8e07edf8-1d4d-4d32-b98f-654a955e2c3a@group-98643F1C129C-LeaderElection3 ELECTION round 0: result PASSED (term=1)
2022-11-04 13:02:17,084 [8e07edf8-1d4d-4d32-b98f-654a955e2c3a@group-98643F1C129C-LeaderElection3] INFO  impl.RoleInfo (RoleInfo.java:shutdownLeaderElection(130)) - 8e07edf8-1d4d-4d32-b98f-654a955e2c3a: shutdown 8e07edf8-1d4d-4d32-b98f-654a955e2c3a@group-98643F1C129C-LeaderElection3
2022-11-04 13:02:17,084 [8e07edf8-1d4d-4d32-b98f-654a955e2c3a@group-98643F1C129C-LeaderElection3] INFO  server.RaftServer$Division (RaftServerImpl.java:setRole(321)) - 8e07edf8-1d4d-4d32-b98f-654a955e2c3a@group-98643F1C129C: changes role from CANDIDATE to LEADER at term 1 for changeToLeader
2022-11-04 13:02:17,084 [8e07edf8-1d4d-4d32-b98f-654a955e2c3a@group-98643F1C129C-LeaderElection3] INFO  ratis.XceiverServerRatis (XceiverServerRatis.java:handleLeaderChangedNotification(863)) - Leader change notification received for group: group-98643F1C129C with new leaderId: 8e07edf8-1d4d-4d32-b98f-654a955e2c3a
2022-11-04 13:02:17,085 [8e07edf8-1d4d-4d32-b98f-654a955e2c3a@group-98643F1C129C-LeaderElection3] INFO  server.RaftServer$Division (ServerState.java:setLeader(313)) - 8e07edf8-1d4d-4d32-b98f-654a955e2c3a@group-98643F1C129C: change Leader from null to 8e07edf8-1d4d-4d32-b98f-654a955e2c3a at term 1 for becomeLeader, leader elected after 5173ms
2022-11-04 13:02:17,085 [8e07edf8-1d4d-4d32-b98f-654a955e2c3a@group-98643F1C129C-LeaderElection3] INFO  server.RaftServerConfigKeys (ConfUtils.java:logGet(46)) - raft.server.staging.catchup.gap = 1000 (default)
2022-11-04 13:02:17,086 [8e07edf8-1d4d-4d32-b98f-654a955e2c3a@group-98643F1C129C-LeaderElection3] INFO  server.RaftServerConfigKeys (ConfUtils.java:logGet(46)) - raft.server.write.element-limit = 1024 (custom)
2022-11-04 13:02:17,086 [8e07edf8-1d4d-4d32-b98f-654a955e2c3a@group-98643F1C129C-LeaderElection3] INFO  server.RaftServerConfigKeys (ConfUtils.java:logGet(46)) - raft.server.write.byte-limit = 1024 M (=1073741824) (custom)
2022-11-04 13:02:17,086 [8e07edf8-1d4d-4d32-b98f-654a955e2c3a@group-98643F1C129C-LeaderElection3] INFO  server.RaftServerConfigKeys (ConfUtils.java:logGet(46)) - raft.server.watch.timeout = 180s (custom)
2022-11-04 13:02:17,086 [8e07edf8-1d4d-4d32-b98f-654a955e2c3a@group-98643F1C129C-LeaderElection3] INFO  server.RaftServerConfigKeys (ConfUtils.java:logGet(46)) - raft.server.watch.timeout.denomination = 1s (default)
2022-11-04 13:02:17,086 [8e07edf8-1d4d-4d32-b98f-654a955e2c3a@group-98643F1C129C-LeaderElection3] INFO  server.RaftServerConfigKeys (ConfUtils.java:logGet(46)) - raft.server.watch.element-limit = 65536 (default)
2022-11-04 13:02:17,087 [8e07edf8-1d4d-4d32-b98f-654a955e2c3a@group-98643F1C129C-LeaderElection3] INFO  server.RaftServerConfigKeys (ConfUtils.java:logGet(46)) - raft.server.write.element-limit = 1024 (custom)
2022-11-04 13:02:17,087 [8e07edf8-1d4d-4d32-b98f-654a955e2c3a@group-98643F1C129C-LeaderElection3] INFO  server.RaftServerConfigKeys (ConfUtils.java:logGet(46)) - raft.server.write.follower.gap.ratio.max = -1.0 (default)
2022-11-04 13:02:17,087 [8e07edf8-1d4d-4d32-b98f-654a955e2c3a@group-98643F1C129C-LeaderElection3] INFO  impl.RoleInfo (RoleInfo.java:updateAndGet(139)) - 8e07edf8-1d4d-4d32-b98f-654a955e2c3a: start 8e07edf8-1d4d-4d32-b98f-654a955e2c3a@group-98643F1C129C-LeaderStateImpl
2022-11-04 13:02:17,090 [EventQueue-OpenPipelineForHealthyPipelineSafeModeRule] INFO  safemode.SCMSafeModeManager (HealthyPipelineSafeModeRule.java:process(137)) - SCM in safe mode. Healthy pipelines reported count is 0, required healthy pipeline reported count is 1
2022-11-04 13:02:17,092 [8e07edf8-1d4d-4d32-b98f-654a955e2c3a@group-98643F1C129C-LeaderElection3] INFO  segmented.SegmentedRaftLogWorker (SegmentedRaftLogWorker.java:startLogSegment(452)) - 8e07edf8-1d4d-4d32-b98f-654a955e2c3a@group-98643F1C129C-SegmentedRaftLogWorker: Starting segment from index:0
2022-11-04 13:02:17,094 [8e07edf8-1d4d-4d32-b98f-654a955e2c3a@group-98643F1C129C-SegmentedRaftLogWorker] INFO  segmented.SegmentedRaftLogWorker (SegmentedRaftLogWorker.java:execute(656)) - 8e07edf8-1d4d-4d32-b98f-654a955e2c3a@group-98643F1C129C-SegmentedRaftLogWorker: created new log segment /home/runner/work/ozone/ozone/hadoop-ozone/integration-test/target/test-dir/MiniOzoneClusterImpl-cec56291-7f8b-4456-b869-8b5b2b7a6237/datanode-0/data/ratis/61e29020-5078-4504-806e-98643f1c129c/current/log_inprogress_0
2022-11-04 13:02:17,101 [grpc-default-executor-1] INFO  server.RaftServer$Division (RaftServerImpl.java:requestVote(1218)) - ecdab5d7-df43-4175-904b-132339c59ea7@group-1F6ABA31B672: receive requestVote(ELECTION, 8e07edf8-1d4d-4d32-b98f-654a955e2c3a, group-1F6ABA31B672, 1, (t:0, i:0))
2022-11-04 13:02:17,103 [grpc-default-executor-1] INFO  impl.VoteContext (VoteContext.java:log(48)) - ecdab5d7-df43-4175-904b-132339c59ea7@group-1F6ABA31B672-FOLLOWER: accept ELECTION from 8e07edf8-1d4d-4d32-b98f-654a955e2c3a: our priority 0 <= candidate's priority 1
2022-11-04 13:02:17,103 [grpc-default-executor-1] INFO  server.RaftServer$Division (RaftServerImpl.java:setRole(321)) - ecdab5d7-df43-4175-904b-132339c59ea7@group-1F6ABA31B672: changes role from  FOLLOWER to FOLLOWER at term 1 for candidate:8e07edf8-1d4d-4d32-b98f-654a955e2c3a
2022-11-04 13:02:17,103 [grpc-default-executor-1] INFO  impl.RoleInfo (RoleInfo.java:shutdownFollowerState(110)) - ecdab5d7-df43-4175-904b-132339c59ea7: shutdown ecdab5d7-df43-4175-904b-132339c59ea7@group-1F6ABA31B672-FollowerState
2022-11-04 13:02:17,103 [ecdab5d7-df43-4175-904b-132339c59ea7@group-1F6ABA31B672-FollowerState] INFO  impl.FollowerState (FollowerState.java:run(152)) - ecdab5d7-df43-4175-904b-132339c59ea7@group-1F6ABA31B672-FollowerState was interrupted
2022-11-04 13:02:17,106 [grpc-default-executor-1] INFO  impl.RoleInfo (RoleInfo.java:updateAndGet(139)) - ecdab5d7-df43-4175-904b-132339c59ea7: start ecdab5d7-df43-4175-904b-132339c59ea7@group-1F6ABA31B672-FollowerState
2022-11-04 13:02:17,107 [8e07edf8-1d4d-4d32-b98f-654a955e2c3a@group-98643F1C129C-LeaderElection3] INFO  server.RaftServer$Division (ServerState.java:setRaftConf(430)) - 8e07edf8-1d4d-4d32-b98f-654a955e2c3a@group-98643F1C129C: set configuration 0: peers:[8e07edf8-1d4d-4d32-b98f-654a955e2c3a|rpc:10.1.1.30:40249|dataStream:|priority:1|startupRole:FOLLOWER]|listeners:[], old=null
2022-11-04 13:02:17,119 [ecdab5d7-df43-4175-904b-132339c59ea7@group-1F6ABA31B672-FollowerState] INFO  server.RaftServerConfigKeys (ConfUtils.java:logFallback(53)) - raft.server.rpc.first-election.timeout.min = 5s (fallback to raft.server.rpc.timeout.min)
2022-11-04 13:02:17,119 [ecdab5d7-df43-4175-904b-132339c59ea7@group-1F6ABA31B672-FollowerState] INFO  server.RaftServerConfigKeys (ConfUtils.java:logFallback(53)) - raft.server.rpc.first-election.timeout.max = 5200ms (fallback to raft.server.rpc.timeout.max)
2022-11-04 13:02:17,129 [grpc-default-executor-1] INFO  server.RaftServer$Division (RaftServerImpl.java:requestVote(1251)) - ecdab5d7-df43-4175-904b-132339c59ea7@group-1F6ABA31B672 replies to ELECTION vote request: 8e07edf8-1d4d-4d32-b98f-654a955e2c3a<-ecdab5d7-df43-4175-904b-132339c59ea7#0:OK-t1. Peer's state: ecdab5d7-df43-4175-904b-132339c59ea7@group-1F6ABA31B672:t1, leader=null, voted=8e07edf8-1d4d-4d32-b98f-654a955e2c3a, raftlog=Memoized:ecdab5d7-df43-4175-904b-132339c59ea7@group-1F6ABA31B672-SegmentedRaftLog:OPENED:c-1, conf=-1: peers:[b71d1b8c-429c-47b9-884c-c174df504715|rpc:10.1.1.30:45949|priority:0|startupRole:FOLLOWER, ecdab5d7-df43-4175-904b-132339c59ea7|rpc:10.1.1.30:42643|priority:0|startupRole:FOLLOWER, 8e07edf8-1d4d-4d32-b98f-654a955e2c3a|rpc:10.1.1.30:40249|priority:1|startupRole:FOLLOWER]|listeners:[], old=null
2022-11-04 13:02:17,130 [grpc-default-executor-0] INFO  server.RaftServer$Division (RaftServerImpl.java:requestVote(1218)) - b71d1b8c-429c-47b9-884c-c174df504715@group-1F6ABA31B672: receive requestVote(ELECTION, 8e07edf8-1d4d-4d32-b98f-654a955e2c3a, group-1F6ABA31B672, 1, (t:0, i:0))
2022-11-04 13:02:17,130 [grpc-default-executor-0] INFO  impl.VoteContext (VoteContext.java:log(48)) - b71d1b8c-429c-47b9-884c-c174df504715@group-1F6ABA31B672-FOLLOWER: accept ELECTION from 8e07edf8-1d4d-4d32-b98f-654a955e2c3a: our priority 0 <= candidate's priority 1
2022-11-04 13:02:17,131 [grpc-default-executor-0] INFO  server.RaftServer$Division (RaftServerImpl.java:setRole(321)) - b71d1b8c-429c-47b9-884c-c174df504715@group-1F6ABA31B672: changes role from  FOLLOWER to FOLLOWER at term 1 for candidate:8e07edf8-1d4d-4d32-b98f-654a955e2c3a
2022-11-04 13:02:17,131 [grpc-default-executor-0] INFO  impl.RoleInfo (RoleInfo.java:shutdownFollowerState(110)) - b71d1b8c-429c-47b9-884c-c174df504715: shutdown b71d1b8c-429c-47b9-884c-c174df504715@group-1F6ABA31B672-FollowerState
2022-11-04 13:02:17,131 [b71d1b8c-429c-47b9-884c-c174df504715@group-1F6ABA31B672-FollowerState] INFO  impl.FollowerState (FollowerState.java:run(152)) - b71d1b8c-429c-47b9-884c-c174df504715@group-1F6ABA31B672-FollowerState was interrupted
2022-11-04 13:02:17,132 [grpc-default-executor-0] INFO  impl.RoleInfo (RoleInfo.java:updateAndGet(139)) - b71d1b8c-429c-47b9-884c-c174df504715: start b71d1b8c-429c-47b9-884c-c174df504715@group-1F6ABA31B672-FollowerState
2022-11-04 13:02:17,133 [b71d1b8c-429c-47b9-884c-c174df504715@group-1F6ABA31B672-FollowerState] INFO  server.RaftServerConfigKeys (ConfUtils.java:logFallback(53)) - raft.server.rpc.first-election.timeout.min = 5s (fallback to raft.server.rpc.timeout.min)
2022-11-04 13:02:17,134 [b71d1b8c-429c-47b9-884c-c174df504715@group-1F6ABA31B672-FollowerState] INFO  server.RaftServerConfigKeys (ConfUtils.java:logFallback(53)) - raft.server.rpc.first-election.timeout.max = 5200ms (fallback to raft.server.rpc.timeout.max)
2022-11-04 13:02:17,135 [grpc-default-executor-0] INFO  server.RaftServer$Division (RaftServerImpl.java:requestVote(1251)) - b71d1b8c-429c-47b9-884c-c174df504715@group-1F6ABA31B672 replies to ELECTION vote request: 8e07edf8-1d4d-4d32-b98f-654a955e2c3a<-b71d1b8c-429c-47b9-884c-c174df504715#0:OK-t1. Peer's state: b71d1b8c-429c-47b9-884c-c174df504715@group-1F6ABA31B672:t1, leader=null, voted=8e07edf8-1d4d-4d32-b98f-654a955e2c3a, raftlog=Memoized:b71d1b8c-429c-47b9-884c-c174df504715@group-1F6ABA31B672-SegmentedRaftLog:OPENED:c-1, conf=-1: peers:[b71d1b8c-429c-47b9-884c-c174df504715|rpc:10.1.1.30:45949|dataStream:|priority:0|startupRole:FOLLOWER, ecdab5d7-df43-4175-904b-132339c59ea7|rpc:10.1.1.30:42643|dataStream:|priority:0|startupRole:FOLLOWER, 8e07edf8-1d4d-4d32-b98f-654a955e2c3a|rpc:10.1.1.30:40249|dataStream:|priority:1|startupRole:FOLLOWER]|listeners:[], old=null
2022-11-04 13:02:17,136 [8e07edf8-1d4d-4d32-b98f-654a955e2c3a@group-1F6ABA31B672-LeaderElection2] INFO  impl.LeaderElection (LeaderElection.java:logAndReturn(90)) - 8e07edf8-1d4d-4d32-b98f-654a955e2c3a@group-1F6ABA31B672-LeaderElection2: ELECTION PASSED received 1 response(s) and 0 exception(s):
2022-11-04 13:02:17,136 [8e07edf8-1d4d-4d32-b98f-654a955e2c3a@group-1F6ABA31B672-LeaderElection2] INFO  impl.LeaderElection (LeaderElection.java:logAndReturn(94)) -   Response 0: 8e07edf8-1d4d-4d32-b98f-654a955e2c3a<-ecdab5d7-df43-4175-904b-132339c59ea7#0:OK-t1
2022-11-04 13:02:17,136 [8e07edf8-1d4d-4d32-b98f-654a955e2c3a@group-1F6ABA31B672-LeaderElection2] INFO  impl.LeaderElection (LeaderElection.java:askForVotes(314)) - 8e07edf8-1d4d-4d32-b98f-654a955e2c3a@group-1F6ABA31B672-LeaderElection2 ELECTION round 0: result PASSED
2022-11-04 13:02:17,136 [8e07edf8-1d4d-4d32-b98f-654a955e2c3a@group-1F6ABA31B672-LeaderElection2] INFO  impl.RoleInfo (RoleInfo.java:shutdownLeaderElection(130)) - 8e07edf8-1d4d-4d32-b98f-654a955e2c3a: shutdown 8e07edf8-1d4d-4d32-b98f-654a955e2c3a@group-1F6ABA31B672-LeaderElection2
2022-11-04 13:02:17,136 [8e07edf8-1d4d-4d32-b98f-654a955e2c3a@group-1F6ABA31B672-LeaderElection2] INFO  server.RaftServer$Division (RaftServerImpl.java:setRole(321)) - 8e07edf8-1d4d-4d32-b98f-654a955e2c3a@group-1F6ABA31B672: changes role from CANDIDATE to LEADER at term 1 for changeToLeader
2022-11-04 13:02:17,137 [8e07edf8-1d4d-4d32-b98f-654a955e2c3a@group-1F6ABA31B672-LeaderElection2] INFO  ratis.XceiverServerRatis (XceiverServerRatis.java:handleLeaderChangedNotification(863)) - Leader change notification received for group: group-1F6ABA31B672 with new leaderId: 8e07edf8-1d4d-4d32-b98f-654a955e2c3a
2022-11-04 13:02:17,137 [8e07edf8-1d4d-4d32-b98f-654a955e2c3a@group-1F6ABA31B672-LeaderElection2] INFO  server.RaftServer$Division (ServerState.java:setLeader(313)) - 8e07edf8-1d4d-4d32-b98f-654a955e2c3a@group-1F6ABA31B672: change Leader from null to 8e07edf8-1d4d-4d32-b98f-654a955e2c3a at term 1 for becomeLeader, leader elected after 5163ms
2022-11-04 13:02:17,137 [8e07edf8-1d4d-4d32-b98f-654a955e2c3a@group-1F6ABA31B672-LeaderElection2] INFO  server.RaftServerConfigKeys (ConfUtils.java:logGet(46)) - raft.server.staging.catchup.gap = 1000 (default)
2022-11-04 13:02:17,138 [8e07edf8-1d4d-4d32-b98f-654a955e2c3a@group-1F6ABA31B672-LeaderElection2] INFO  server.RaftServerConfigKeys (ConfUtils.java:logGet(46)) - raft.server.write.element-limit = 1024 (custom)
2022-11-04 13:02:17,138 [8e07edf8-1d4d-4d32-b98f-654a955e2c3a@group-1F6ABA31B672-LeaderElection2] INFO  server.RaftServerConfigKeys (ConfUtils.java:logGet(46)) - raft.server.write.byte-limit = 1024 M (=1073741824) (custom)
2022-11-04 13:02:17,138 [8e07edf8-1d4d-4d32-b98f-654a955e2c3a@group-1F6ABA31B672-LeaderElection2] INFO  server.RaftServerConfigKeys (ConfUtils.java:logGet(46)) - raft.server.watch.timeout = 180s (custom)
2022-11-04 13:02:17,138 [8e07edf8-1d4d-4d32-b98f-654a955e2c3a@group-1F6ABA31B672-LeaderElection2] INFO  server.RaftServerConfigKeys (ConfUtils.java:logGet(46)) - raft.server.watch.timeout.denomination = 1s (default)
2022-11-04 13:02:17,138 [8e07edf8-1d4d-4d32-b98f-654a955e2c3a@group-1F6ABA31B672-LeaderElection2] INFO  server.RaftServerConfigKeys (ConfUtils.java:logGet(46)) - raft.server.watch.element-limit = 65536 (default)
2022-11-04 13:02:17,138 [8e07edf8-1d4d-4d32-b98f-654a955e2c3a@group-1F6ABA31B672-LeaderElection2] INFO  server.RaftServerConfigKeys (ConfUtils.java:logGet(46)) - raft.server.write.element-limit = 1024 (custom)
2022-11-04 13:02:17,138 [8e07edf8-1d4d-4d32-b98f-654a955e2c3a@group-1F6ABA31B672-LeaderElection2] INFO  server.RaftServerConfigKeys (ConfUtils.java:logGet(46)) - raft.server.write.follower.gap.ratio.max = -1.0 (default)
2022-11-04 13:02:17,148 [EventQueue-PipelineReportForPipelineReportHandler] INFO  pipeline.PipelineManagerImpl (PipelineManagerImpl.java:openPipeline(367)) - Pipeline Pipeline[ Id: cbabc3bb-4e79-4462-9967-1f6aba31b672, Nodes: b71d1b8c-429c-47b9-884c-c174df504715{ip: 10.1.1.30, host: fv-az377-996.ap30g4v5sw5evmjtdmxdg2w53f.dx.internal.cloudapp.net, ports: [REPLICATION=34119, RATIS=45949, RATIS_ADMIN=45949, RATIS_SERVER=45949, STANDALONE=43531], networkLocation: /default-rack, certSerialId: null, persistedOpState: IN_SERVICE, persistedOpStateExpiryEpochSec: 0}8e07edf8-1d4d-4d32-b98f-654a955e2c3a{ip: 10.1.1.30, host: fv-az377-996.ap30g4v5sw5evmjtdmxdg2w53f.dx.internal.cloudapp.net, ports: [REPLICATION=41985, RATIS=40249, RATIS_ADMIN=40249, RATIS_SERVER=40249, STANDALONE=34109], networkLocation: /default-rack, certSerialId: null, persistedOpState: IN_SERVICE, persistedOpStateExpiryEpochSec: 0}ecdab5d7-df43-4175-904b-132339c59ea7{ip: 10.1.1.30, host: fv-az377-996.ap30g4v5sw5evmjtdmxdg2w53f.dx.internal.cloudapp.net, ports: [REPLICATION=33261, RATIS=42643, RATIS_ADMIN=42643, RATIS_SERVER=42643, STANDALONE=40857], networkLocation: /default-rack, certSerialId: null, persistedOpState: IN_SERVICE, persistedOpStateExpiryEpochSec: 0}, ReplicationConfig: RATIS/THREE, State:ALLOCATED, leaderId:8e07edf8-1d4d-4d32-b98f-654a955e2c3a, CreationTimestamp2022-11-04T13:02:09.993Z[Etc/UTC]] moved to OPEN state
2022-11-04 13:02:17,152 [EventQueue-OpenPipelineForHealthyPipelineSafeModeRule] INFO  safemode.SCMSafeModeManager (HealthyPipelineSafeModeRule.java:process(137)) - SCM in safe mode. Healthy pipelines reported count is 0, required healthy pipeline reported count is 1
2022-11-04 13:02:17,152 [EventQueue-OpenPipelineForHealthyPipelineSafeModeRule] INFO  safemode.SCMSafeModeManager (HealthyPipelineSafeModeRule.java:process(137)) - SCM in safe mode. Healthy pipelines reported count is 1, required healthy pipeline reported count is 1
2022-11-04 13:02:17,152 [EventQueue-OpenPipelineForHealthyPipelineSafeModeRule] INFO  safemode.SCMSafeModeManager (SCMSafeModeManager.java:validateSafeModeExitRules(204)) - HealthyPipelineSafeModeRule rule is successfully validated
2022-11-04 13:02:17,152 [EventQueue-OpenPipelineForHealthyPipelineSafeModeRule] INFO  safemode.SCMSafeModeManager (SCMSafeModeManager.java:validateSafeModeExitRules(219)) - ScmSafeModeManager, all rules are successfully validated
2022-11-04 13:02:17,152 [EventQueue-OpenPipelineForHealthyPipelineSafeModeRule] INFO  safemode.SCMSafeModeManager (SCMSafeModeManager.java:exitSafeMode(248)) - SCM exiting safe mode.
2022-11-04 13:02:17,152 [EventQueue-OpenPipelineForHealthyPipelineSafeModeRule] WARN  events.EventQueue (EventQueue.java:fireEvent(216)) - No event handler registered for event TypedEvent{payloadType=SafeModeStatus, name='Safe mode status'}
2022-11-04 13:02:17,152 [EventQueue-OpenPipelineForHealthyPipelineSafeModeRule] INFO  ha.SCMContext (SCMContext.java:updateSafeModeStatus(228)) - Update SafeModeStatus from SafeModeStatus{safeModeStatus=true, preCheckPassed=true} to SafeModeStatus{safeModeStatus=false, preCheckPassed=true}.
2022-11-04 13:02:17,152 [EventQueue-OpenPipelineForHealthyPipelineSafeModeRule] INFO  pipeline.BackgroundPipelineCreator (BackgroundPipelineCreator.java:notifyStatusChanged(254)) - Service BackgroundPipelineCreator transitions to RUNNING.
2022-11-04 13:02:17,152 [EventQueue-OpenPipelineForHealthyPipelineSafeModeRule] INFO  BackgroundPipelineScrubber (BackgroundSCMService.java:notifyStatusChanged(82)) - Service BackgroundPipelineScrubber transitions to RUNNING.
2022-11-04 13:02:17,153 [EventQueue-OpenPipelineForHealthyPipelineSafeModeRule] INFO  ExpiredContainerReplicaOpScrubber (BackgroundSCMService.java:notifyStatusChanged(82)) - Service ExpiredContainerReplicaOpScrubber transitions to RUNNING.
2022-11-04 13:02:17,153 [EventQueue-OpenPipelineForHealthyPipelineSafeModeRule] INFO  replication.ReplicationManager (ReplicationManager.java:notifyStatusChanged(798)) - Service ReplicationManager transitions to RUNNING.
2022-11-04 13:02:17,156 [EventQueue-OpenPipelineForHealthyPipelineSafeModeRule] WARN  balancer.ContainerBalancer (ContainerBalancer.java:shouldRun(131)) - Could not find persisted configuration for ContainerBalancer when checking if ContainerBalancer should run. ContainerBalancer should not run now.
2022-11-04 13:02:17,162 [8e07edf8-1d4d-4d32-b98f-654a955e2c3a@group-1F6ABA31B672-LeaderElection2] INFO  server.RaftServerConfigKeys (ConfUtils.java:logGet(46)) - raft.server.log.appender.snapshot.chunk.size.max = 16MB (=16777216) (default)
2022-11-04 13:02:17,164 [8e07edf8-1d4d-4d32-b98f-654a955e2c3a@group-1F6ABA31B672-LeaderElection2] INFO  server.RaftServerConfigKeys (ConfUtils.java:logGet(46)) - raft.server.log.appender.buffer.byte-limit = 33554432 (custom)
2022-11-04 13:02:17,164 [8e07edf8-1d4d-4d32-b98f-654a955e2c3a@group-1F6ABA31B672-LeaderElection2] INFO  server.RaftServerConfigKeys (ConfUtils.java:logGet(46)) - raft.server.log.appender.buffer.element-limit = 1 (custom)
2022-11-04 13:02:17,167 [8e07edf8-1d4d-4d32-b98f-654a955e2c3a@group-1F6ABA31B672-LeaderElection2] INFO  grpc.GrpcConfigKeys (ConfUtils.java:logGet(46)) - raft.grpc.server.leader.outstanding.appends.max = 128 (default)
2022-11-04 13:02:17,167 [8e07edf8-1d4d-4d32-b98f-654a955e2c3a@group-1F6ABA31B672-LeaderElection2] INFO  server.RaftServerConfigKeys (ConfUtils.java:logGet(46)) - raft.server.rpc.request.timeout = 60s (custom)
2022-11-04 13:02:17,167 [8e07edf8-1d4d-4d32-b98f-654a955e2c3a@group-1F6ABA31B672-LeaderElection2] INFO  server.RaftServerConfigKeys (ConfUtils.java:logGet(46)) - raft.server.log.appender.install.snapshot.enabled = false (custom)
2022-11-04 13:02:17,167 [8e07edf8-1d4d-4d32-b98f-654a955e2c3a@group-1F6ABA31B672-LeaderElection2] INFO  grpc.GrpcConfigKeys (ConfUtils.java:logGet(46)) - raft.grpc.server.heartbeat.channel = true (default)
2022-11-04 13:02:17,167 [8e07edf8-1d4d-4d32-b98f-654a955e2c3a@group-1F6ABA31B672-LeaderElection2] INFO  server.RaftServerConfigKeys (ConfUtils.java:logGet(46)) - raft.server.log.appender.wait-time.min = 10ms (default)
2022-11-04 13:02:17,169 [8e07edf8-1d4d-4d32-b98f-654a955e2c3a@group-1F6ABA31B672-LeaderElection2] INFO  server.RaftServerConfigKeys (ConfUtils.java:logGet(46)) - raft.server.log.appender.snapshot.chunk.size.max = 16MB (=16777216) (default)
2022-11-04 13:02:17,169 [8e07edf8-1d4d-4d32-b98f-654a955e2c3a@group-1F6ABA31B672-LeaderElection2] INFO  server.RaftServerConfigKeys (ConfUtils.java:logGet(46)) - raft.server.log.appender.buffer.byte-limit = 33554432 (custom)
2022-11-04 13:02:17,170 [8e07edf8-1d4d-4d32-b98f-654a955e2c3a@group-1F6ABA31B672-LeaderElection2] INFO  server.RaftServerConfigKeys (ConfUtils.java:logGet(46)) - raft.server.log.appender.buffer.element-limit = 1 (custom)
2022-11-04 13:02:17,170 [8e07edf8-1d4d-4d32-b98f-654a955e2c3a@group-1F6ABA31B672-LeaderElection2] INFO  grpc.GrpcConfigKeys (ConfUtils.java:logGet(46)) - raft.grpc.server.leader.outstanding.appends.max = 128 (default)
2022-11-04 13:02:17,170 [8e07edf8-1d4d-4d32-b98f-654a955e2c3a@group-1F6ABA31B672-LeaderElection2] INFO  server.RaftServerConfigKeys (ConfUtils.java:logGet(46)) - raft.server.rpc.request.timeout = 60s (custom)
2022-11-04 13:02:17,170 [8e07edf8-1d4d-4d32-b98f-654a955e2c3a@group-1F6ABA31B672-LeaderElection2] INFO  server.RaftServerConfigKeys (ConfUtils.java:logGet(46)) - raft.server.log.appender.install.snapshot.enabled = false (custom)
2022-11-04 13:02:17,170 [8e07edf8-1d4d-4d32-b98f-654a955e2c3a@group-1F6ABA31B672-LeaderElection2] INFO  grpc.GrpcConfigKeys (ConfUtils.java:logGet(46)) - raft.grpc.server.heartbeat.channel = true (default)
2022-11-04 13:02:17,170 [8e07edf8-1d4d-4d32-b98f-654a955e2c3a@group-1F6ABA31B672-LeaderElection2] INFO  server.RaftServerConfigKeys (ConfUtils.java:logGet(46)) - raft.server.log.appender.wait-time.min = 10ms (default)
2022-11-04 13:02:17,171 [8e07edf8-1d4d-4d32-b98f-654a955e2c3a@group-1F6ABA31B672-LeaderElection2] INFO  impl.RoleInfo (RoleInfo.java:updateAndGet(139)) - 8e07edf8-1d4d-4d32-b98f-654a955e2c3a: start 8e07edf8-1d4d-4d32-b98f-654a955e2c3a@group-1F6ABA31B672-LeaderStateImpl
2022-11-04 13:02:17,171 [8e07edf8-1d4d-4d32-b98f-654a955e2c3a@group-1F6ABA31B672-LeaderElection2] INFO  segmented.SegmentedRaftLogWorker (SegmentedRaftLogWorker.java:startLogSegment(452)) - 8e07edf8-1d4d-4d32-b98f-654a955e2c3a@group-1F6ABA31B672-SegmentedRaftLogWorker: Starting segment from index:0
2022-11-04 13:02:17,177 [8e07edf8-1d4d-4d32-b98f-654a955e2c3a@group-1F6ABA31B672-SegmentedRaftLogWorker] INFO  segmented.SegmentedRaftLogWorker (SegmentedRaftLogWorker.java:execute(656)) - 8e07edf8-1d4d-4d32-b98f-654a955e2c3a@group-1F6ABA31B672-SegmentedRaftLogWorker: created new log segment /home/runner/work/ozone/ozone/hadoop-ozone/integration-test/target/test-dir/MiniOzoneClusterImpl-cec56291-7f8b-4456-b869-8b5b2b7a6237/datanode-0/data/ratis/cbabc3bb-4e79-4462-9967-1f6aba31b672/current/log_inprogress_0
2022-11-04 13:02:17,196 [8e07edf8-1d4d-4d32-b98f-654a955e2c3a@group-1F6ABA31B672-LeaderElection2] INFO  server.RaftServer$Division (ServerState.java:setRaftConf(430)) - 8e07edf8-1d4d-4d32-b98f-654a955e2c3a@group-1F6ABA31B672: set configuration 0: peers:[b71d1b8c-429c-47b9-884c-c174df504715|rpc:10.1.1.30:45949|dataStream:|priority:0|startupRole:FOLLOWER, ecdab5d7-df43-4175-904b-132339c59ea7|rpc:10.1.1.30:42643|dataStream:|priority:0|startupRole:FOLLOWER, 8e07edf8-1d4d-4d32-b98f-654a955e2c3a|rpc:10.1.1.30:40249|dataStream:|priority:1|startupRole:FOLLOWER]|listeners:[], old=null
2022-11-04 13:02:17,260 [b71d1b8c-429c-47b9-884c-c174df504715-server-thread1] INFO  ratis.XceiverServerRatis (XceiverServerRatis.java:handleLeaderChangedNotification(863)) - Leader change notification received for group: group-1F6ABA31B672 with new leaderId: 8e07edf8-1d4d-4d32-b98f-654a955e2c3a
2022-11-04 13:02:17,260 [b71d1b8c-429c-47b9-884c-c174df504715-server-thread1] INFO  server.RaftServer$Division (ServerState.java:setLeader(313)) - b71d1b8c-429c-47b9-884c-c174df504715@group-1F6ABA31B672: change Leader from null to 8e07edf8-1d4d-4d32-b98f-654a955e2c3a at term 1 for appendEntries, leader elected after 4631ms
2022-11-04 13:02:17,262 [ecdab5d7-df43-4175-904b-132339c59ea7-server-thread1] INFO  ratis.XceiverServerRatis (XceiverServerRatis.java:handleLeaderChangedNotification(863)) - Leader change notification received for group: group-1F6ABA31B672 with new leaderId: 8e07edf8-1d4d-4d32-b98f-654a955e2c3a
2022-11-04 13:02:17,262 [ecdab5d7-df43-4175-904b-132339c59ea7-server-thread1] INFO  server.RaftServer$Division (ServerState.java:setLeader(313)) - ecdab5d7-df43-4175-904b-132339c59ea7@group-1F6ABA31B672: change Leader from null to 8e07edf8-1d4d-4d32-b98f-654a955e2c3a at term 1 for appendEntries, leader elected after 4634ms
2022-11-04 13:02:17,264 [b71d1b8c-429c-47b9-884c-c174df504715-server-thread1] INFO  server.RaftServer$Division (ServerState.java:setRaftConf(430)) - b71d1b8c-429c-47b9-884c-c174df504715@group-1F6ABA31B672: set configuration 0: peers:[b71d1b8c-429c-47b9-884c-c174df504715|rpc:10.1.1.30:45949|dataStream:|priority:0|startupRole:FOLLOWER, ecdab5d7-df43-4175-904b-132339c59ea7|rpc:10.1.1.30:42643|dataStream:|priority:0|startupRole:FOLLOWER, 8e07edf8-1d4d-4d32-b98f-654a955e2c3a|rpc:10.1.1.30:40249|dataStream:|priority:1|startupRole:FOLLOWER]|listeners:[], old=null
2022-11-04 13:02:17,265 [b71d1b8c-429c-47b9-884c-c174df504715-server-thread1] INFO  segmented.SegmentedRaftLogWorker (SegmentedRaftLogWorker.java:startLogSegment(452)) - b71d1b8c-429c-47b9-884c-c174df504715@group-1F6ABA31B672-SegmentedRaftLogWorker: Starting segment from index:0
2022-11-04 13:02:17,265 [ecdab5d7-df43-4175-904b-132339c59ea7-server-thread1] INFO  server.RaftServer$Division (ServerState.java:setRaftConf(430)) - ecdab5d7-df43-4175-904b-132339c59ea7@group-1F6ABA31B672: set configuration 0: peers:[b71d1b8c-429c-47b9-884c-c174df504715|rpc:10.1.1.30:45949|dataStream:|priority:0|startupRole:FOLLOWER, ecdab5d7-df43-4175-904b-132339c59ea7|rpc:10.1.1.30:42643|dataStream:|priority:0|startupRole:FOLLOWER, 8e07edf8-1d4d-4d32-b98f-654a955e2c3a|rpc:10.1.1.30:40249|dataStream:|priority:1|startupRole:FOLLOWER]|listeners:[], old=null
2022-11-04 13:02:17,275 [ecdab5d7-df43-4175-904b-132339c59ea7-server-thread1] INFO  segmented.SegmentedRaftLogWorker (SegmentedRaftLogWorker.java:startLogSegment(452)) - ecdab5d7-df43-4175-904b-132339c59ea7@group-1F6ABA31B672-SegmentedRaftLogWorker: Starting segment from index:0
2022-11-04 13:02:17,277 [b71d1b8c-429c-47b9-884c-c174df504715@group-1F6ABA31B672-SegmentedRaftLogWorker] INFO  segmented.SegmentedRaftLogWorker (SegmentedRaftLogWorker.java:execute(656)) - b71d1b8c-429c-47b9-884c-c174df504715@group-1F6ABA31B672-SegmentedRaftLogWorker: created new log segment /home/runner/work/ozone/ozone/hadoop-ozone/integration-test/target/test-dir/MiniOzoneClusterImpl-cec56291-7f8b-4456-b869-8b5b2b7a6237/datanode-2/data/ratis/cbabc3bb-4e79-4462-9967-1f6aba31b672/current/log_inprogress_0
2022-11-04 13:02:17,278 [ecdab5d7-df43-4175-904b-132339c59ea7@group-1F6ABA31B672-SegmentedRaftLogWorker] INFO  segmented.SegmentedRaftLogWorker (SegmentedRaftLogWorker.java:execute(656)) - ecdab5d7-df43-4175-904b-132339c59ea7@group-1F6ABA31B672-SegmentedRaftLogWorker: created new log segment /home/runner/work/ozone/ozone/hadoop-ozone/integration-test/target/test-dir/MiniOzoneClusterImpl-cec56291-7f8b-4456-b869-8b5b2b7a6237/datanode-1/data/ratis/cbabc3bb-4e79-4462-9967-1f6aba31b672/current/log_inprogress_0
2022-11-04 13:02:17,649 [ecdab5d7-df43-4175-904b-132339c59ea7@group-058901D735A2-FollowerState] INFO  impl.FollowerState (FollowerState.java:run(143)) - ecdab5d7-df43-4175-904b-132339c59ea7@group-058901D735A2-FollowerState: change to CANDIDATE, lastRpcElapsedTime:5038901110ns, electionTimeout:5038ms
2022-11-04 13:02:17,649 [ecdab5d7-df43-4175-904b-132339c59ea7@group-058901D735A2-FollowerState] INFO  impl.RoleInfo (RoleInfo.java:shutdownFollowerState(110)) - ecdab5d7-df43-4175-904b-132339c59ea7: shutdown ecdab5d7-df43-4175-904b-132339c59ea7@group-058901D735A2-FollowerState
2022-11-04 13:02:17,649 [ecdab5d7-df43-4175-904b-132339c59ea7@group-058901D735A2-FollowerState] INFO  server.RaftServer$Division (RaftServerImpl.java:setRole(321)) - ecdab5d7-df43-4175-904b-132339c59ea7@group-058901D735A2: changes role from  FOLLOWER to CANDIDATE at term 0 for changeToCandidate
2022-11-04 13:02:17,651 [ecdab5d7-df43-4175-904b-132339c59ea7@group-058901D735A2-FollowerState] INFO  server.RaftServerConfigKeys (ConfUtils.java:logGet(46)) - raft.server.leaderelection.pre-vote = false (custom)
2022-11-04 13:02:17,651 [ecdab5d7-df43-4175-904b-132339c59ea7@group-058901D735A2-FollowerState] INFO  impl.RoleInfo (RoleInfo.java:updateAndGet(139)) - ecdab5d7-df43-4175-904b-132339c59ea7: start ecdab5d7-df43-4175-904b-132339c59ea7@group-058901D735A2-LeaderElection4
2022-11-04 13:02:17,656 [ecdab5d7-df43-4175-904b-132339c59ea7@group-058901D735A2-LeaderElection4] INFO  impl.LeaderElection (LeaderElection.java:askForVotes(312)) - ecdab5d7-df43-4175-904b-132339c59ea7@group-058901D735A2-LeaderElection4 ELECTION round 0: submit vote requests at term 1 for -1: peers:[ecdab5d7-df43-4175-904b-132339c59ea7|rpc:10.1.1.30:42643|priority:1|startupRole:FOLLOWER]|listeners:[], old=null
2022-11-04 13:02:17,657 [ecdab5d7-df43-4175-904b-132339c59ea7@group-058901D735A2-LeaderElection4] INFO  impl.LeaderElection (LeaderElection.java:askForVotes(314)) - ecdab5d7-df43-4175-904b-132339c59ea7@group-058901D735A2-LeaderElection4 ELECTION round 0: result PASSED (term=1)
2022-11-04 13:02:17,657 [ecdab5d7-df43-4175-904b-132339c59ea7@group-058901D735A2-LeaderElection4] INFO  impl.RoleInfo (RoleInfo.java:shutdownLeaderElection(130)) - ecdab5d7-df43-4175-904b-132339c59ea7: shutdown ecdab5d7-df43-4175-904b-132339c59ea7@group-058901D735A2-LeaderElection4
2022-11-04 13:02:17,657 [ecdab5d7-df43-4175-904b-132339c59ea7@group-058901D735A2-LeaderElection4] INFO  server.RaftServer$Division (RaftServerImpl.java:setRole(321)) - ecdab5d7-df43-4175-904b-132339c59ea7@group-058901D735A2: changes role from CANDIDATE to LEADER at term 1 for changeToLeader
2022-11-04 13:02:17,657 [ecdab5d7-df43-4175-904b-132339c59ea7@group-058901D735A2-LeaderElection4] INFO  ratis.XceiverServerRatis (XceiverServerRatis.java:handleLeaderChangedNotification(863)) - Leader change notification received for group: group-058901D735A2 with new leaderId: ecdab5d7-df43-4175-904b-132339c59ea7
2022-11-04 13:02:17,657 [ecdab5d7-df43-4175-904b-132339c59ea7@group-058901D735A2-LeaderElection4] INFO  server.RaftServer$Division (ServerState.java:setLeader(313)) - ecdab5d7-df43-4175-904b-132339c59ea7@group-058901D735A2: change Leader from null to ecdab5d7-df43-4175-904b-132339c59ea7 at term 1 for becomeLeader, leader elected after 5080ms
2022-11-04 13:02:17,657 [ecdab5d7-df43-4175-904b-132339c59ea7@group-058901D735A2-LeaderElection4] INFO  server.RaftServerConfigKeys (ConfUtils.java:logGet(46)) - raft.server.staging.catchup.gap = 1000 (default)
2022-11-04 13:02:17,658 [ecdab5d7-df43-4175-904b-132339c59ea7@group-058901D735A2-LeaderElection4] INFO  server.RaftServerConfigKeys (ConfUtils.java:logGet(46)) - raft.server.write.element-limit = 1024 (custom)
2022-11-04 13:02:17,664 [ecdab5d7-df43-4175-904b-132339c59ea7@group-058901D735A2-LeaderElection4] INFO  server.RaftServerConfigKeys (ConfUtils.java:logGet(46)) - raft.server.write.byte-limit = 1024 M (=1073741824) (custom)
2022-11-04 13:02:17,666 [ecdab5d7-df43-4175-904b-132339c59ea7@group-058901D735A2-LeaderElection4] INFO  server.RaftServerConfigKeys (ConfUtils.java:logGet(46)) - raft.server.watch.timeout = 180s (custom)
2022-11-04 13:02:17,666 [ecdab5d7-df43-4175-904b-132339c59ea7@group-058901D735A2-LeaderElection4] INFO  server.RaftServerConfigKeys (ConfUtils.java:logGet(46)) - raft.server.watch.timeout.denomination = 1s (default)
2022-11-04 13:02:17,666 [ecdab5d7-df43-4175-904b-132339c59ea7@group-058901D735A2-LeaderElection4] INFO  server.RaftServerConfigKeys (ConfUtils.java:logGet(46)) - raft.server.watch.element-limit = 65536 (default)
2022-11-04 13:02:17,666 [ecdab5d7-df43-4175-904b-132339c59ea7@group-058901D735A2-LeaderElection4] INFO  server.RaftServerConfigKeys (ConfUtils.java:logGet(46)) - raft.server.write.element-limit = 1024 (custom)
2022-11-04 13:02:17,666 [ecdab5d7-df43-4175-904b-132339c59ea7@group-058901D735A2-LeaderElection4] INFO  server.RaftServerConfigKeys (ConfUtils.java:logGet(46)) - raft.server.write.follower.gap.ratio.max = -1.0 (default)
2022-11-04 13:02:17,666 [ecdab5d7-df43-4175-904b-132339c59ea7@group-058901D735A2-LeaderElection4] INFO  impl.RoleInfo (RoleInfo.java:updateAndGet(139)) - ecdab5d7-df43-4175-904b-132339c59ea7: start ecdab5d7-df43-4175-904b-132339c59ea7@group-058901D735A2-LeaderStateImpl
2022-11-04 13:02:17,667 [ecdab5d7-df43-4175-904b-132339c59ea7@group-058901D735A2-LeaderElection4] INFO  segmented.SegmentedRaftLogWorker (SegmentedRaftLogWorker.java:startLogSegment(452)) - ecdab5d7-df43-4175-904b-132339c59ea7@group-058901D735A2-SegmentedRaftLogWorker: Starting segment from index:0
2022-11-04 13:02:17,669 [ecdab5d7-df43-4175-904b-132339c59ea7@group-058901D735A2-SegmentedRaftLogWorker] INFO  segmented.SegmentedRaftLogWorker (SegmentedRaftLogWorker.java:execute(656)) - ecdab5d7-df43-4175-904b-132339c59ea7@group-058901D735A2-SegmentedRaftLogWorker: created new log segment /home/runner/work/ozone/ozone/hadoop-ozone/integration-test/target/test-dir/MiniOzoneClusterImpl-cec56291-7f8b-4456-b869-8b5b2b7a6237/datanode-1/data/ratis/fb7828e6-09a9-4c5d-8b8a-058901d735a2/current/log_inprogress_0
2022-11-04 13:02:17,672 [ecdab5d7-df43-4175-904b-132339c59ea7@group-058901D735A2-LeaderElection4] INFO  server.RaftServer$Division (ServerState.java:setRaftConf(430)) - ecdab5d7-df43-4175-904b-132339c59ea7@group-058901D735A2: set configuration 0: peers:[ecdab5d7-df43-4175-904b-132339c59ea7|rpc:10.1.1.30:42643|dataStream:|priority:1|startupRole:FOLLOWER]|listeners:[], old=null
2022-11-04 13:02:17,931 [8e07edf8-1d4d-4d32-b98f-654a955e2c3a@group-6E082D98B3EA-FollowerState] INFO  impl.FollowerState (FollowerState.java:run(143)) - 8e07edf8-1d4d-4d32-b98f-654a955e2c3a@group-6E082D98B3EA-FollowerState: change to CANDIDATE, lastRpcElapsedTime:5060881758ns, electionTimeout:5059ms
2022-11-04 13:02:17,931 [8e07edf8-1d4d-4d32-b98f-654a955e2c3a@group-6E082D98B3EA-FollowerState] INFO  impl.RoleInfo (RoleInfo.java:shutdownFollowerState(110)) - 8e07edf8-1d4d-4d32-b98f-654a955e2c3a: shutdown 8e07edf8-1d4d-4d32-b98f-654a955e2c3a@group-6E082D98B3EA-FollowerState
2022-11-04 13:02:17,931 [8e07edf8-1d4d-4d32-b98f-654a955e2c3a@group-6E082D98B3EA-FollowerState] INFO  server.RaftServer$Division (RaftServerImpl.java:setRole(321)) - 8e07edf8-1d4d-4d32-b98f-654a955e2c3a@group-6E082D98B3EA: changes role from  FOLLOWER to CANDIDATE at term 0 for changeToCandidate
2022-11-04 13:02:17,931 [8e07edf8-1d4d-4d32-b98f-654a955e2c3a@group-6E082D98B3EA-FollowerState] INFO  server.RaftServerConfigKeys (ConfUtils.java:logGet(46)) - raft.server.leaderelection.pre-vote = false (custom)
2022-11-04 13:02:17,931 [8e07edf8-1d4d-4d32-b98f-654a955e2c3a@group-6E082D98B3EA-FollowerState] INFO  impl.RoleInfo (RoleInfo.java:updateAndGet(139)) - 8e07edf8-1d4d-4d32-b98f-654a955e2c3a: start 8e07edf8-1d4d-4d32-b98f-654a955e2c3a@group-6E082D98B3EA-LeaderElection5
2022-11-04 13:02:17,935 [8e07edf8-1d4d-4d32-b98f-654a955e2c3a@group-6E082D98B3EA-LeaderElection5] INFO  impl.LeaderElection (LeaderElection.java:askForVotes(312)) - 8e07edf8-1d4d-4d32-b98f-654a955e2c3a@group-6E082D98B3EA-LeaderElection5 ELECTION round 0: submit vote requests at term 1 for -1: peers:[b71d1b8c-429c-47b9-884c-c174df504715|rpc:10.1.1.30:45949|priority:0|startupRole:FOLLOWER, ecdab5d7-df43-4175-904b-132339c59ea7|rpc:10.1.1.30:42643|priority:1|startupRole:FOLLOWER, 8e07edf8-1d4d-4d32-b98f-654a955e2c3a|rpc:10.1.1.30:40249|priority:0|startupRole:FOLLOWER]|listeners:[], old=null
2022-11-04 13:02:17,936 [8e07edf8-1d4d-4d32-b98f-654a955e2c3a@group-6E082D98B3EA-LeaderElection5] INFO  server.RaftServerConfigKeys (ConfUtils.java:logFallback(53)) - raft.server.rpc.first-election.timeout.min = 5s (fallback to raft.server.rpc.timeout.min)
2022-11-04 13:02:17,936 [8e07edf8-1d4d-4d32-b98f-654a955e2c3a@group-6E082D98B3EA-LeaderElection5] INFO  server.RaftServerConfigKeys (ConfUtils.java:logFallback(53)) - raft.server.rpc.first-election.timeout.max = 5200ms (fallback to raft.server.rpc.timeout.max)
2022-11-04 13:02:17,941 [grpc-default-executor-0] INFO  server.RaftServer$Division (RaftServerImpl.java:requestVote(1218)) - ecdab5d7-df43-4175-904b-132339c59ea7@group-6E082D98B3EA: receive requestVote(ELECTION, 8e07edf8-1d4d-4d32-b98f-654a955e2c3a, group-6E082D98B3EA, 1, (t:0, i:0))
2022-11-04 13:02:17,944 [grpc-default-executor-0] INFO  impl.VoteContext (VoteContext.java:log(48)) - ecdab5d7-df43-4175-904b-132339c59ea7@group-6E082D98B3EA-FOLLOWER: reject ELECTION from 8e07edf8-1d4d-4d32-b98f-654a955e2c3a: our priority 1 > candidate's priority 0
2022-11-04 13:02:17,946 [grpc-default-executor-0] INFO  server.RaftServer$Division (RaftServerImpl.java:setRole(321)) - ecdab5d7-df43-4175-904b-132339c59ea7@group-6E082D98B3EA: changes role from  FOLLOWER to FOLLOWER at term 1 for candidate:8e07edf8-1d4d-4d32-b98f-654a955e2c3a
2022-11-04 13:02:17,946 [grpc-default-executor-0] INFO  impl.RoleInfo (RoleInfo.java:shutdownFollowerState(110)) - ecdab5d7-df43-4175-904b-132339c59ea7: shutdown ecdab5d7-df43-4175-904b-132339c59ea7@group-6E082D98B3EA-FollowerState
2022-11-04 13:02:17,946 [grpc-default-executor-0] INFO  impl.RoleInfo (RoleInfo.java:updateAndGet(139)) - ecdab5d7-df43-4175-904b-132339c59ea7: start ecdab5d7-df43-4175-904b-132339c59ea7@group-6E082D98B3EA-FollowerState
2022-11-04 13:02:17,946 [ecdab5d7-df43-4175-904b-132339c59ea7@group-6E082D98B3EA-FollowerState] INFO  impl.FollowerState (FollowerState.java:run(152)) - ecdab5d7-df43-4175-904b-132339c59ea7@group-6E082D98B3EA-FollowerState was interrupted
2022-11-04 13:02:17,961 [grpc-default-executor-5] INFO  server.RaftServer$Division (RaftServerImpl.java:requestVote(1218)) - b71d1b8c-429c-47b9-884c-c174df504715@group-6E082D98B3EA: receive requestVote(ELECTION, 8e07edf8-1d4d-4d32-b98f-654a955e2c3a, group-6E082D98B3EA, 1, (t:0, i:0))
2022-11-04 13:02:17,961 [grpc-default-executor-5] INFO  impl.VoteContext (VoteContext.java:log(48)) - b71d1b8c-429c-47b9-884c-c174df504715@group-6E082D98B3EA-FOLLOWER: accept ELECTION from 8e07edf8-1d4d-4d32-b98f-654a955e2c3a: our priority 0 <= candidate's priority 0
2022-11-04 13:02:17,961 [grpc-default-executor-5] INFO  server.RaftServer$Division (RaftServerImpl.java:setRole(321)) - b71d1b8c-429c-47b9-884c-c174df504715@group-6E082D98B3EA: changes role from  FOLLOWER to FOLLOWER at term 1 for candidate:8e07edf8-1d4d-4d32-b98f-654a955e2c3a
2022-11-04 13:02:17,969 [grpc-default-executor-5] INFO  impl.RoleInfo (RoleInfo.java:shutdownFollowerState(110)) - b71d1b8c-429c-47b9-884c-c174df504715: shutdown b71d1b8c-429c-47b9-884c-c174df504715@group-6E082D98B3EA-FollowerState
2022-11-04 13:02:17,969 [ecdab5d7-df43-4175-904b-132339c59ea7@group-6E082D98B3EA-FollowerState] INFO  server.RaftServerConfigKeys (ConfUtils.java:logFallback(53)) - raft.server.rpc.first-election.timeout.min = 5s (fallback to raft.server.rpc.timeout.min)
2022-11-04 13:02:17,969 [b71d1b8c-429c-47b9-884c-c174df504715@group-6E082D98B3EA-FollowerState] INFO  impl.FollowerState (FollowerState.java:run(152)) - b71d1b8c-429c-47b9-884c-c174df504715@group-6E082D98B3EA-FollowerState was interrupted
2022-11-04 13:02:17,969 [ecdab5d7-df43-4175-904b-132339c59ea7@group-6E082D98B3EA-FollowerState] INFO  server.RaftServerConfigKeys (ConfUtils.java:logFallback(53)) - raft.server.rpc.first-election.timeout.max = 5200ms (fallback to raft.server.rpc.timeout.max)
2022-11-04 13:02:17,970 [grpc-default-executor-0] INFO  server.RaftServer$Division (RaftServerImpl.java:requestVote(1251)) - ecdab5d7-df43-4175-904b-132339c59ea7@group-6E082D98B3EA replies to ELECTION vote request: 8e07edf8-1d4d-4d32-b98f-654a955e2c3a<-ecdab5d7-df43-4175-904b-132339c59ea7#0:FAIL-t1. Peer's state: ecdab5d7-df43-4175-904b-132339c59ea7@group-6E082D98B3EA:t1, leader=null, voted=null, raftlog=Memoized:ecdab5d7-df43-4175-904b-132339c59ea7@group-6E082D98B3EA-SegmentedRaftLog:OPENED:c-1, conf=-1: peers:[b71d1b8c-429c-47b9-884c-c174df504715|rpc:10.1.1.30:45949|priority:0|startupRole:FOLLOWER, ecdab5d7-df43-4175-904b-132339c59ea7|rpc:10.1.1.30:42643|priority:1|startupRole:FOLLOWER, 8e07edf8-1d4d-4d32-b98f-654a955e2c3a|rpc:10.1.1.30:40249|priority:0|startupRole:FOLLOWER]|listeners:[], old=null
2022-11-04 13:02:17,969 [grpc-default-executor-5] INFO  impl.RoleInfo (RoleInfo.java:updateAndGet(139)) - b71d1b8c-429c-47b9-884c-c174df504715: start b71d1b8c-429c-47b9-884c-c174df504715@group-6E082D98B3EA-FollowerState
2022-11-04 13:02:17,972 [8e07edf8-1d4d-4d32-b98f-654a955e2c3a@group-6E082D98B3EA-LeaderElection5] INFO  impl.LeaderElection (LeaderElection.java:logAndReturn(90)) - 8e07edf8-1d4d-4d32-b98f-654a955e2c3a@group-6E082D98B3EA-LeaderElection5: ELECTION REJECTED received 1 response(s) and 0 exception(s):
2022-11-04 13:02:17,980 [8e07edf8-1d4d-4d32-b98f-654a955e2c3a@group-6E082D98B3EA-LeaderElection5] INFO  impl.LeaderElection (LeaderElection.java:logAndReturn(94)) -   Response 0: 8e07edf8-1d4d-4d32-b98f-654a955e2c3a<-ecdab5d7-df43-4175-904b-132339c59ea7#0:FAIL-t1
2022-11-04 13:02:17,980 [8e07edf8-1d4d-4d32-b98f-654a955e2c3a@group-6E082D98B3EA-LeaderElection5] INFO  impl.LeaderElection (LeaderElection.java:askForVotes(314)) - 8e07edf8-1d4d-4d32-b98f-654a955e2c3a@group-6E082D98B3EA-LeaderElection5 ELECTION round 0: result REJECTED
2022-11-04 13:02:17,980 [8e07edf8-1d4d-4d32-b98f-654a955e2c3a@group-6E082D98B3EA-LeaderElection5] INFO  server.RaftServer$Division (RaftServerImpl.java:setRole(321)) - 8e07edf8-1d4d-4d32-b98f-654a955e2c3a@group-6E082D98B3EA: changes role from CANDIDATE to FOLLOWER at term 1 for REJECTED
2022-11-04 13:02:17,980 [b71d1b8c-429c-47b9-884c-c174df504715@group-6E082D98B3EA-FollowerState] INFO  server.RaftServerConfigKeys (ConfUtils.java:logFallback(53)) - raft.server.rpc.first-election.timeout.min = 5s (fallback to raft.server.rpc.timeout.min)
2022-11-04 13:02:17,980 [b71d1b8c-429c-47b9-884c-c174df504715@group-6E082D98B3EA-FollowerState] INFO  server.RaftServerConfigKeys (ConfUtils.java:logFallback(53)) - raft.server.rpc.first-election.timeout.max = 5200ms (fallback to raft.server.rpc.timeout.max)
2022-11-04 13:02:17,972 [grpc-default-executor-5] INFO  server.RaftServer$Division (RaftServerImpl.java:requestVote(1251)) - b71d1b8c-429c-47b9-884c-c174df504715@group-6E082D98B3EA replies to ELECTION vote request: 8e07edf8-1d4d-4d32-b98f-654a955e2c3a<-b71d1b8c-429c-47b9-884c-c174df504715#0:OK-t1. Peer's state: b71d1b8c-429c-47b9-884c-c174df504715@group-6E082D98B3EA:t1, leader=null, voted=8e07edf8-1d4d-4d32-b98f-654a955e2c3a, raftlog=Memoized:b71d1b8c-429c-47b9-884c-c174df504715@group-6E082D98B3EA-SegmentedRaftLog:OPENED:c-1, conf=-1: peers:[b71d1b8c-429c-47b9-884c-c174df504715|rpc:10.1.1.30:45949|dataStream:|priority:0|startupRole:FOLLOWER, ecdab5d7-df43-4175-904b-132339c59ea7|rpc:10.1.1.30:42643|dataStream:|priority:1|startupRole:FOLLOWER, 8e07edf8-1d4d-4d32-b98f-654a955e2c3a|rpc:10.1.1.30:40249|dataStream:|priority:0|startupRole:FOLLOWER]|listeners:[], old=null
2022-11-04 13:02:17,980 [8e07edf8-1d4d-4d32-b98f-654a955e2c3a@group-6E082D98B3EA-LeaderElection5] INFO  impl.RoleInfo (RoleInfo.java:shutdownLeaderElection(130)) - 8e07edf8-1d4d-4d32-b98f-654a955e2c3a: shutdown 8e07edf8-1d4d-4d32-b98f-654a955e2c3a@group-6E082D98B3EA-LeaderElection5
2022-11-04 13:02:17,981 [8e07edf8-1d4d-4d32-b98f-654a955e2c3a@group-6E082D98B3EA-LeaderElection5] INFO  impl.RoleInfo (RoleInfo.java:updateAndGet(139)) - 8e07edf8-1d4d-4d32-b98f-654a955e2c3a: start 8e07edf8-1d4d-4d32-b98f-654a955e2c3a@group-6E082D98B3EA-FollowerState
2022-11-04 13:02:17,986 [8e07edf8-1d4d-4d32-b98f-654a955e2c3a@group-6E082D98B3EA-FollowerState] INFO  server.RaftServerConfigKeys (ConfUtils.java:logFallback(53)) - raft.server.rpc.first-election.timeout.min = 5s (fallback to raft.server.rpc.timeout.min)
2022-11-04 13:02:17,988 [8e07edf8-1d4d-4d32-b98f-654a955e2c3a@group-6E082D98B3EA-FollowerState] INFO  server.RaftServerConfigKeys (ConfUtils.java:logFallback(53)) - raft.server.rpc.first-election.timeout.max = 5200ms (fallback to raft.server.rpc.timeout.max)
2022-11-04 13:02:17,990 [Listener at 127.0.0.1/37717] INFO  ozone.MiniOzoneClusterImpl (MiniOzoneClusterImpl.java:lambda$waitForClusterToBeReady$0(216)) - Nodes are ready. Got 3 of 3 DN Heartbeats.
2022-11-04 13:02:17,990 [Listener at 127.0.0.1/37717] INFO  ozone.MiniOzoneClusterImpl (MiniOzoneClusterImpl.java:lambda$waitForClusterToBeReady$0(219)) - Cluster exits safe mode
2022-11-04 13:02:17,990 [Listener at 127.0.0.1/37717] INFO  ozone.MiniOzoneClusterImpl (MiniOzoneClusterImpl.java:lambda$waitForClusterToBeReady$0(221)) - SCM became leader
2022-11-04 13:02:18,181 [b71d1b8c-429c-47b9-884c-c174df504715@group-04BB94B3AA6B-FollowerState] INFO  impl.FollowerState (FollowerState.java:run(143)) - b71d1b8c-429c-47b9-884c-c174df504715@group-04BB94B3AA6B-FollowerState: change to CANDIDATE, lastRpcElapsedTime:5164792054ns, electionTimeout:5164ms
2022-11-04 13:02:18,182 [b71d1b8c-429c-47b9-884c-c174df504715@group-04BB94B3AA6B-FollowerState] INFO  impl.RoleInfo (RoleInfo.java:shutdownFollowerState(110)) - b71d1b8c-429c-47b9-884c-c174df504715: shutdown b71d1b8c-429c-47b9-884c-c174df504715@group-04BB94B3AA6B-FollowerState
2022-11-04 13:02:18,182 [b71d1b8c-429c-47b9-884c-c174df504715@group-04BB94B3AA6B-FollowerState] INFO  server.RaftServer$Division (RaftServerImpl.java:setRole(321)) - b71d1b8c-429c-47b9-884c-c174df504715@group-04BB94B3AA6B: changes role from  FOLLOWER to CANDIDATE at term 0 for changeToCandidate
2022-11-04 13:02:18,182 [b71d1b8c-429c-47b9-884c-c174df504715@group-04BB94B3AA6B-FollowerState] INFO  server.RaftServerConfigKeys (ConfUtils.java:logGet(46)) - raft.server.leaderelection.pre-vote = false (custom)
2022-11-04 13:02:18,182 [b71d1b8c-429c-47b9-884c-c174df504715@group-04BB94B3AA6B-FollowerState] INFO  impl.RoleInfo (RoleInfo.java:updateAndGet(139)) - b71d1b8c-429c-47b9-884c-c174df504715: start b71d1b8c-429c-47b9-884c-c174df504715@group-04BB94B3AA6B-LeaderElection6
2022-11-04 13:02:18,192 [b71d1b8c-429c-47b9-884c-c174df504715@group-04BB94B3AA6B-LeaderElection6] INFO  impl.LeaderElection (LeaderElection.java:askForVotes(312)) - b71d1b8c-429c-47b9-884c-c174df504715@group-04BB94B3AA6B-LeaderElection6 ELECTION round 0: submit vote requests at term 1 for -1: peers:[b71d1b8c-429c-47b9-884c-c174df504715|rpc:10.1.1.30:45949|priority:1|startupRole:FOLLOWER]|listeners:[], old=null
2022-11-04 13:02:18,192 [b71d1b8c-429c-47b9-884c-c174df504715@group-04BB94B3AA6B-LeaderElection6] INFO  impl.LeaderElection (LeaderElection.java:askForVotes(314)) - b71d1b8c-429c-47b9-884c-c174df504715@group-04BB94B3AA6B-LeaderElection6 ELECTION round 0: result PASSED (term=1)
2022-11-04 13:02:18,193 [b71d1b8c-429c-47b9-884c-c174df504715@group-04BB94B3AA6B-LeaderElection6] INFO  impl.RoleInfo (RoleInfo.java:shutdownLeaderElection(130)) - b71d1b8c-429c-47b9-884c-c174df504715: shutdown b71d1b8c-429c-47b9-884c-c174df504715@group-04BB94B3AA6B-LeaderElection6
2022-11-04 13:02:18,193 [b71d1b8c-429c-47b9-884c-c174df504715@group-04BB94B3AA6B-LeaderElection6] INFO  server.RaftServer$Division (RaftServerImpl.java:setRole(321)) - b71d1b8c-429c-47b9-884c-c174df504715@group-04BB94B3AA6B: changes role from CANDIDATE to LEADER at term 1 for changeToLeader
2022-11-04 13:02:18,193 [b71d1b8c-429c-47b9-884c-c174df504715@group-04BB94B3AA6B-LeaderElection6] INFO  ratis.XceiverServerRatis (XceiverServerRatis.java:handleLeaderChangedNotification(863)) - Leader change notification received for group: group-04BB94B3AA6B with new leaderId: b71d1b8c-429c-47b9-884c-c174df504715
2022-11-04 13:02:18,196 [b71d1b8c-429c-47b9-884c-c174df504715@group-04BB94B3AA6B-LeaderElection6] INFO  server.RaftServer$Division (ServerState.java:setLeader(313)) - b71d1b8c-429c-47b9-884c-c174df504715@group-04BB94B3AA6B: change Leader from null to b71d1b8c-429c-47b9-884c-c174df504715 at term 1 for becomeLeader, leader elected after 5206ms
2022-11-04 13:02:18,196 [b71d1b8c-429c-47b9-884c-c174df504715@group-04BB94B3AA6B-LeaderElection6] INFO  server.RaftServerConfigKeys (ConfUtils.java:logGet(46)) - raft.server.staging.catchup.gap = 1000 (default)
2022-11-04 13:02:18,198 [b71d1b8c-429c-47b9-884c-c174df504715@group-04BB94B3AA6B-LeaderElection6] INFO  server.RaftServerConfigKeys (ConfUtils.java:logGet(46)) - raft.server.write.element-limit = 1024 (custom)
2022-11-04 13:02:18,198 [b71d1b8c-429c-47b9-884c-c174df504715@group-04BB94B3AA6B-LeaderElection6] INFO  server.RaftServerConfigKeys (ConfUtils.java:logGet(46)) - raft.server.write.byte-limit = 1024 M (=1073741824) (custom)
2022-11-04 13:02:18,202 [b71d1b8c-429c-47b9-884c-c174df504715@group-04BB94B3AA6B-LeaderElection6] INFO  server.RaftServerConfigKeys (ConfUtils.java:logGet(46)) - raft.server.watch.timeout = 180s (custom)
2022-11-04 13:02:18,202 [b71d1b8c-429c-47b9-884c-c174df504715@group-04BB94B3AA6B-LeaderElection6] INFO  server.RaftServerConfigKeys (ConfUtils.java:logGet(46)) - raft.server.watch.timeout.denomination = 1s (default)
2022-11-04 13:02:18,202 [b71d1b8c-429c-47b9-884c-c174df504715@group-04BB94B3AA6B-LeaderElection6] INFO  server.RaftServerConfigKeys (ConfUtils.java:logGet(46)) - raft.server.watch.element-limit = 65536 (default)
2022-11-04 13:02:18,204 [b71d1b8c-429c-47b9-884c-c174df504715@group-04BB94B3AA6B-LeaderElection6] INFO  server.RaftServerConfigKeys (ConfUtils.java:logGet(46)) - raft.server.write.element-limit = 1024 (custom)
2022-11-04 13:02:18,204 [b71d1b8c-429c-47b9-884c-c174df504715@group-04BB94B3AA6B-LeaderElection6] INFO  server.RaftServerConfigKeys (ConfUtils.java:logGet(46)) - raft.server.write.follower.gap.ratio.max = -1.0 (default)
2022-11-04 13:02:18,204 [b71d1b8c-429c-47b9-884c-c174df504715@group-04BB94B3AA6B-LeaderElection6] INFO  impl.RoleInfo (RoleInfo.java:updateAndGet(139)) - b71d1b8c-429c-47b9-884c-c174df504715: start b71d1b8c-429c-47b9-884c-c174df504715@group-04BB94B3AA6B-LeaderStateImpl
2022-11-04 13:02:18,206 [b71d1b8c-429c-47b9-884c-c174df504715@group-04BB94B3AA6B-LeaderElection6] INFO  segmented.SegmentedRaftLogWorker (SegmentedRaftLogWorker.java:startLogSegment(452)) - b71d1b8c-429c-47b9-884c-c174df504715@group-04BB94B3AA6B-SegmentedRaftLogWorker: Starting segment from index:0
2022-11-04 13:02:18,208 [b71d1b8c-429c-47b9-884c-c174df504715@group-04BB94B3AA6B-SegmentedRaftLogWorker] INFO  segmented.SegmentedRaftLogWorker (SegmentedRaftLogWorker.java:execute(656)) - b71d1b8c-429c-47b9-884c-c174df504715@group-04BB94B3AA6B-SegmentedRaftLogWorker: created new log segment /home/runner/work/ozone/ozone/hadoop-ozone/integration-test/target/test-dir/MiniOzoneClusterImpl-cec56291-7f8b-4456-b869-8b5b2b7a6237/datanode-2/data/ratis/f6f555e2-e182-43d6-91a0-04bb94b3aa6b/current/log_inprogress_0
2022-11-04 13:02:18,209 [b71d1b8c-429c-47b9-884c-c174df504715@group-04BB94B3AA6B-LeaderElection6] INFO  server.RaftServer$Division (ServerState.java:setRaftConf(430)) - b71d1b8c-429c-47b9-884c-c174df504715@group-04BB94B3AA6B: set configuration 0: peers:[b71d1b8c-429c-47b9-884c-c174df504715|rpc:10.1.1.30:45949|dataStream:|priority:1|startupRole:FOLLOWER]|listeners:[], old=null
2022-11-04 13:02:18,557 [Time-limited test] INFO  rpc.RpcClient (RpcClient.java:createVolume(472)) - Creating Volume: osqlqgqzlw, with user59312 as owner and space quota set to -1 bytes, counts quota set to -1
2022-11-04 13:02:18,613 [OM StateMachine ApplyTransaction Thread - 0] INFO  volume.OMVolumeCreateRequest (OMVolumeCreateRequest.java:validateAndUpdateCache(195)) - created volume:osqlqgqzlw for user:user59312
2022-11-04 13:02:18,662 [Time-limited test] INFO  rpc.RpcClient (RpcClient.java:createBucket(691)) - Creating Bucket: osqlqgqzlw/duqjbuzwdp, with bucket layout OBJECT_STORE, runner as owner, Versioning false, Storage Type set to DISK and Encryption set to false 
2022-11-04 13:02:18,689 [OM StateMachine ApplyTransaction Thread - 0] INFO  bucket.OMBucketCreateRequest (OMBucketCreateRequest.java:validateAndUpdateCache(260)) - created bucket: duqjbuzwdp of layout OBJECT_STORE in volume: osqlqgqzlw
2022-11-04 13:02:18,725 [Time-limited test] INFO  rpc.RpcClient (RpcClient.java:createBucket(691)) - Creating Bucket: osqlqgqzlw/9a251b53-1a82-4d5b-8dca-7f790dd431a5, with bucket layout OBJECT_STORE, runner as owner, Versioning false, Storage Type set to DISK and Encryption set to false 
2022-11-04 13:02:18,731 [OM StateMachine ApplyTransaction Thread - 0] INFO  bucket.OMBucketCreateRequest (OMBucketCreateRequest.java:validateAndUpdateCache(260)) - created bucket: 9a251b53-1a82-4d5b-8dca-7f790dd431a5 of layout OBJECT_STORE in volume: osqlqgqzlw
2022-11-04 13:02:18,881 [IPC Server handler 0 on default port 33513] INFO  ha.SequenceIdGenerator (SequenceIdGenerator.java:getNextId(128)) - Allocate a batch for containerId, change lastId from 0 to 1000.
2022-11-04 13:02:18,897 [IPC Server handler 0 on default port 33513] WARN  ha.SequenceIdGenerator (SequenceIdGenerator.java:allocateBatch(237)) - Failed to allocate a batch for localId, expected lastId is 0, actual lastId is 109611004723200000.
2022-11-04 13:02:18,897 [IPC Server handler 0 on default port 33513] INFO  ha.SequenceIdGenerator (SequenceIdGenerator.java:getNextId(128)) - Allocate a batch for localId, change lastId from 109611004723200000 to 109611004723201000.
2022-11-04 13:02:18,964 [Time-limited test] INFO  impl.MetricsSystemImpl (MetricsSystemImpl.java:init(158)) - XceiverClientMetrics metrics system started (again)
2022-11-04 13:02:19,522 [OM StateMachine ApplyTransaction Thread - 0] INFO  key.OMKeyRequest (OMKeyRequest.java:wrapUncommittedBlocksAsPseudoKey(832)) - Detect allocated but uncommitted blocks [{blockID={containerID=2, localID=109611004723200002}, length=4194304, offset=0, token=null, pipeline=null, createVersion=0, partNumber=0}] in key abc/def/mpu-key1/.
2022-11-04 13:02:19,578 [Time-limited test] INFO  rpc.RpcClient (RpcClient.java:createBucket(691)) - Creating Bucket: osqlqgqzlw/80e84308-6878-45a4-89ef-3d3f2747e5e3, with bucket layout LEGACY, runner as owner, Versioning false, Storage Type set to DISK and Encryption set to false 
2022-11-04 13:02:19,595 [OM StateMachine ApplyTransaction Thread - 0] INFO  bucket.OMBucketCreateRequest (OMBucketCreateRequest.java:validateAndUpdateCache(260)) - created bucket: 80e84308-6878-45a4-89ef-3d3f2747e5e3 of layout LEGACY in volume: osqlqgqzlw
2022-11-04 13:02:19,748 [OM StateMachine ApplyTransaction Thread - 0] INFO  key.OMKeyRequest (OMKeyRequest.java:wrapUncommittedBlocksAsPseudoKey(832)) - Detect allocated but uncommitted blocks [{blockID={containerID=4, localID=109611004723200004}, length=4194304, offset=0, token=null, pipeline=null, createVersion=0, partNumber=0}] in key abc/def/mpu-key1/newKey-1.
13:02:19.771 [OM StateMachine ApplyTransaction Thread - 0] ERROR OMAudit - user=runner | ip=127.0.0.1 | op=COMPLETE_MULTIPART_UPLOAD {volume=osqlqgqzlw, bucket=80e84308-6878-45a4-89ef-3d3f2747e5e3, key=abc/def/mpu-key1, dataSize=0, replicationType=NONE, replicationFactor=ZERO, multipartList=[partNumber: 1 partName: "/osqlqgqzlw/80e84308-6878-45a4-89ef-3d3f2747e5e3/abc/def/mpu-key1-6a49493c-5904-4df2-ad51-4c8eef7836be-109285666953756676-1" ]} | ret=FAILURE
org.apache.hadoop.ozone.om.exceptions.OMException: Can not Complete MPU for file: abc/def/mpu-key1 as there is already directory in the given path
	at org.apache.hadoop.ozone.om.request.s3.multipart.S3MultipartUploadCompleteRequest.checkDirectoryAlreadyExists(S3MultipartUploadCompleteRequest.java:327) ~[ozone-manager-1.3.0-SNAPSHOT.jar:?]
	at org.apache.hadoop.ozone.om.request.s3.multipart.S3MultipartUploadCompleteRequest.validateAndUpdateCache(S3MultipartUploadCompleteRequest.java:171) ~[ozone-manager-1.3.0-SNAPSHOT.jar:?]
	at org.apache.hadoop.ozone.protocolPB.OzoneManagerRequestHandler.handleWriteRequest(OzoneManagerRequestHandler.java:311) ~[ozone-manager-1.3.0-SNAPSHOT.jar:?]
	at org.apache.hadoop.ozone.om.ratis.OzoneManagerStateMachine.runCommand(OzoneManagerStateMachine.java:533) ~[ozone-manager-1.3.0-SNAPSHOT.jar:?]
	at org.apache.hadoop.ozone.om.ratis.OzoneManagerStateMachine.lambda$1(OzoneManagerStateMachine.java:324) ~[ozone-manager-1.3.0-SNAPSHOT.jar:?]
	at java.util.concurrent.CompletableFuture$AsyncSupply.run(CompletableFuture.java:1604) [?:1.8.0_345]
	at java.util.concurrent.ThreadPoolExecutor.runWorker(ThreadPoolExecutor.java:1149) [?:1.8.0_345]
	at java.util.concurrent.ThreadPoolExecutor$Worker.run(ThreadPoolExecutor.java:624) [?:1.8.0_345]
	at java.lang.Thread.run(Thread.java:750) [?:1.8.0_345]
2022-11-04 13:02:19,818 [OM StateMachine ApplyTransaction Thread - 0] ERROR multipart.S3MultipartUploadCompleteRequest (S3MultipartUploadCompleteRequest.java:logResult(356)) - MultipartUpload Complete request failed for Key: abc/def/mpu-key1 in Volume/Bucket osqlqgqzlw/80e84308-6878-45a4-89ef-3d3f2747e5e3
NOT_A_FILE org.apache.hadoop.ozone.om.exceptions.OMException: Can not Complete MPU for file: abc/def/mpu-key1 as there is already directory in the given path
	at org.apache.hadoop.ozone.om.request.s3.multipart.S3MultipartUploadCompleteRequest.checkDirectoryAlreadyExists(S3MultipartUploadCompleteRequest.java:327)
	at org.apache.hadoop.ozone.om.request.s3.multipart.S3MultipartUploadCompleteRequest.validateAndUpdateCache(S3MultipartUploadCompleteRequest.java:171)
	at org.apache.hadoop.ozone.protocolPB.OzoneManagerRequestHandler.handleWriteRequest(OzoneManagerRequestHandler.java:311)
	at org.apache.hadoop.ozone.om.ratis.OzoneManagerStateMachine.runCommand(OzoneManagerStateMachine.java:533)
	at org.apache.hadoop.ozone.om.ratis.OzoneManagerStateMachine.lambda$1(OzoneManagerStateMachine.java:324)
	at java.util.concurrent.CompletableFuture$AsyncSupply.run(CompletableFuture.java:1604)
	at java.util.concurrent.ThreadPoolExecutor.runWorker(ThreadPoolExecutor.java:1149)
	at java.util.concurrent.ThreadPoolExecutor$Worker.run(ThreadPoolExecutor.java:624)
	at java.lang.Thread.run(Thread.java:750)
]]></system-out>
  </testcase>
  <testcase name="testFlatKeyStructureWithOBS" classname="org.apache.hadoop.ozone.om.TestObjectStoreWithLegacyFS" time="0.153">
    <failure type="java.lang.AssertionError"><![CDATA[java.lang.AssertionError
	at org.junit.Assert.fail(Assert.java:87)
	at org.junit.Assert.assertTrue(Assert.java:42)
	at org.junit.Assert.assertTrue(Assert.java:53)
	at org.apache.hadoop.ozone.om.TestObjectStoreWithLegacyFS.assertKeyCount(TestObjectStoreWithLegacyFS.java:160)
	at org.apache.hadoop.ozone.om.TestObjectStoreWithLegacyFS.lambda$testFlatKeyStructureWithOBS$1(TestObjectStoreWithLegacyFS.java:141)
	at org.apache.ozone.test.GenericTestUtils.waitFor(GenericTestUtils.java:214)
	at org.apache.hadoop.ozone.om.TestObjectStoreWithLegacyFS.testFlatKeyStructureWithOBS(TestObjectStoreWithLegacyFS.java:141)
	at sun.reflect.NativeMethodAccessorImpl.invoke0(Native Method)
	at sun.reflect.NativeMethodAccessorImpl.invoke(NativeMethodAccessorImpl.java:62)
	at sun.reflect.DelegatingMethodAccessorImpl.invoke(DelegatingMethodAccessorImpl.java:43)
	at java.lang.reflect.Method.invoke(Method.java:498)
	at org.junit.runners.model.FrameworkMethod$1.runReflectiveCall(FrameworkMethod.java:59)
	at org.junit.internal.runners.model.ReflectiveCallable.run(ReflectiveCallable.java:12)
	at org.junit.runners.model.FrameworkMethod.invokeExplosively(FrameworkMethod.java:56)
	at org.junit.internal.runners.statements.InvokeMethod.evaluate(InvokeMethod.java:17)
	at org.junit.internal.runners.statements.RunBefores.evaluate(RunBefores.java:26)
	at org.junit.internal.runners.statements.FailOnTimeout$CallableStatement.call(FailOnTimeout.java:288)
	at org.junit.internal.runners.statements.FailOnTimeout$CallableStatement.call(FailOnTimeout.java:282)
	at java.util.concurrent.FutureTask.run(FutureTask.java:266)
	at java.lang.Thread.run(Thread.java:750)
]]></failure>
    <system-out><![CDATA[2022-11-04 13:02:19,894 [Time-limited test] INFO  rpc.RpcClient (RpcClient.java:createVolume(472)) - Creating Volume: rkcbeuovrx, with user31927 as owner and space quota set to -1 bytes, counts quota set to -1
2022-11-04 13:02:19,899 [OM StateMachine ApplyTransaction Thread - 0] INFO  volume.OMVolumeCreateRequest (OMVolumeCreateRequest.java:validateAndUpdateCache(195)) - created volume:rkcbeuovrx for user:user31927
2022-11-04 13:02:19,911 [Time-limited test] INFO  rpc.RpcClient (RpcClient.java:createBucket(691)) - Creating Bucket: rkcbeuovrx/kdwbtnyfal, with bucket layout OBJECT_STORE, runner as owner, Versioning false, Storage Type set to DISK and Encryption set to false 
2022-11-04 13:02:19,919 [OM StateMachine ApplyTransaction Thread - 0] INFO  bucket.OMBucketCreateRequest (OMBucketCreateRequest.java:validateAndUpdateCache(260)) - created bucket: kdwbtnyfal of layout OBJECT_STORE in volume: rkcbeuovrx
2022-11-04 13:02:19,972 [OM StateMachine ApplyTransaction Thread - 0] INFO  key.OMKeyRequest (OMKeyRequest.java:wrapUncommittedBlocksAsPseudoKey(832)) - Detect allocated but uncommitted blocks [{blockID={containerID=2, localID=109611004723200005}, length=4194304, offset=0, token=null, pipeline=Pipeline[ Id: cbabc3bb-4e79-4462-9967-1f6aba31b672, Nodes: b71d1b8c-429c-47b9-884c-c174df504715{ip: 10.1.1.30, host: fv-az377-996.ap30g4v5sw5evmjtdmxdg2w53f.dx.internal.cloudapp.net, ports: [REPLICATION=34119, RATIS=45949, RATIS_ADMIN=45949, RATIS_SERVER=45949, STANDALONE=43531], networkLocation: /default-rack, certSerialId: null, persistedOpState: IN_SERVICE, persistedOpStateExpiryEpochSec: 0}8e07edf8-1d4d-4d32-b98f-654a955e2c3a{ip: 10.1.1.30, host: fv-az377-996.ap30g4v5sw5evmjtdmxdg2w53f.dx.internal.cloudapp.net, ports: [REPLICATION=41985, RATIS=40249, RATIS_ADMIN=40249, RATIS_SERVER=40249, STANDALONE=34109], networkLocation: /default-rack, certSerialId: null, persistedOpState: IN_SERVICE, persistedOpStateExpiryEpochSec: 0}ecdab5d7-df43-4175-904b-132339c59ea7{ip: 10.1.1.30, host: fv-az377-996.ap30g4v5sw5evmjtdmxdg2w53f.dx.internal.cloudapp.net, ports: [REPLICATION=33261, RATIS=42643, RATIS_ADMIN=42643, RATIS_SERVER=42643, STANDALONE=40857], networkLocation: /default-rack, certSerialId: null, persistedOpState: IN_SERVICE, persistedOpStateExpiryEpochSec: 0}, ReplicationConfig: RATIS/THREE, State:OPEN, leaderId:8e07edf8-1d4d-4d32-b98f-654a955e2c3a, CreationTimestamp2022-11-04T13:02:09.993Z[Etc/UTC]], createVersion=0, partNumber=0}] in key dir1/dir2/dir3/key-1.
]]></system-out>
  </testcase>
</testsuite>