<?xml version="1.0" encoding="UTF-8"?>
<testsuite xmlns:xsi="http://www.w3.org/2001/XMLSchema-instance" xsi:noNamespaceSchemaLocation="https://maven.apache.org/surefire/maven-surefire-plugin/xsd/surefire-test-report-3.0.xsd" version="3.0" name="org.apache.hadoop.ozone.om.snapshot.TestSnapshotDiffManager" time="14.653" tests="67" errors="0" skipped="0" failures="1">
  <properties>
    <property name="awt.toolkit" value="sun.awt.X11.XToolkit"/>
    <property name="file.encoding.pkg" value="sun.io"/>
    <property name="java.specification.version" value="1.8"/>
    <property name="sun.cpu.isalist" value=""/>
    <property name="sun.jnu.encoding" value="UTF-8"/>
    <property name="gradle.enterprise.listener.surefire.forkId" value="1"/>
    <property name="java.class.path" value="/home/runner/work/ozone/ozone/hadoop-ozone/ozone-manager/target/test-classes:/home/runner/work/ozone/ozone/hadoop-ozone/ozone-manager/target/classes:/home/runner/.m2/repository/org/aspectj/aspectjrt/1.9.7/aspectjrt-1.9.7.jar:/home/runner/.m2/repository/org/aspectj/aspectjweaver/1.9.7/aspectjweaver-1.9.7.jar:/home/runner/work/ozone/ozone/hadoop-ozone/common/target/classes:/home/runner/.m2/repository/io/grpc/grpc-netty/1.51.1/grpc-netty-1.51.1.jar:/home/runner/.m2/repository/io/grpc/grpc-core/1.51.1/grpc-core-1.51.1.jar:/home/runner/.m2/repository/com/google/android/annotations/4.1.1.4/annotations-4.1.1.4.jar:/home/runner/.m2/repository/org/codehaus/mojo/animal-sniffer-annotations/1.21/animal-sniffer-annotations-1.21.jar:/home/runner/.m2/repository/com/google/errorprone/error_prone_annotations/2.2.0/error_prone_annotations-2.2.0.jar:/home/runner/.m2/repository/io/perfmark/perfmark-api/0.25.0/perfmark-api-0.25.0.jar:/home/runner/.m2/repository/io/netty/netty-transport-native-unix-common/4.1.100.Final/netty-transport-native-unix-common-4.1.100.Final.jar:/home/runner/.m2/repository/io/netty/netty-codec-http2/4.1.100.Final/netty-codec-http2-4.1.100.Final.jar:/home/runner/.m2/repository/io/netty/netty-common/4.1.100.Final/netty-common-4.1.100.Final.jar:/home/runner/.m2/repository/io/netty/netty-buffer/4.1.100.Final/netty-buffer-4.1.100.Final.jar:/home/runner/.m2/repository/io/netty/netty-transport/4.1.100.Final/netty-transport-4.1.100.Final.jar:/home/runner/.m2/repository/io/netty/netty-resolver/4.1.100.Final/netty-resolver-4.1.100.Final.jar:/home/runner/.m2/repository/io/netty/netty-codec/4.1.100.Final/netty-codec-4.1.100.Final.jar:/home/runner/.m2/repository/io/netty/netty-handler/4.1.100.Final/netty-handler-4.1.100.Final.jar:/home/runner/.m2/repository/io/netty/netty-codec-http/4.1.100.Final/netty-codec-http-4.1.100.Final.jar:/home/runner/.m2/repository/io/netty/netty-handler-proxy/4.1.100.Final/netty-handler-proxy-4.1.100.Final.jar:/home/runner/.m2/repository/io/netty/netty-codec-socks/4.1.100.Final/netty-codec-socks-4.1.100.Final.jar:/home/runner/.m2/repository/org/apache/commons/commons-compress/1.21/commons-compress-1.21.jar:/home/runner/work/ozone/ozone/hadoop-hdds/common/target/classes:/home/runner/work/ozone/ozone/hadoop-hdds/client/target/classes:/home/runner/work/ozone/ozone/hadoop-ozone/interface-client/target/classes:/home/runner/.m2/repository/io/grpc/grpc-protobuf/1.51.1/grpc-protobuf-1.51.1.jar:/home/runner/.m2/repository/com/google/api/grpc/proto-google-common-protos/2.9.0/proto-google-common-protos-2.9.0.jar:/home/runner/.m2/repository/io/grpc/grpc-protobuf-lite/1.51.1/grpc-protobuf-lite-1.51.1.jar:/home/runner/.m2/repository/io/grpc/grpc-stub/1.51.1/grpc-stub-1.51.1.jar:/home/runner/.m2/repository/org/apache/hadoop/hadoop-hdfs-client/3.3.6/hadoop-hdfs-client-3.3.6.jar:/home/runner/.m2/repository/com/squareup/okhttp3/okhttp/4.9.3/okhttp-4.9.3.jar:/home/runner/.m2/repository/com/squareup/okio/okio/3.4.0/okio-3.4.0.jar:/home/runner/.m2/repository/com/squareup/okio/okio-jvm/3.4.0/okio-jvm-3.4.0.jar:/home/runner/.m2/repository/org/jetbrains/kotlin/kotlin-stdlib-jdk8/1.8.0/kotlin-stdlib-jdk8-1.8.0.jar:/home/runner/.m2/repository/org/jetbrains/kotlin/kotlin-stdlib-jdk7/1.8.0/kotlin-stdlib-jdk7-1.8.0.jar:/home/runner/.m2/repository/org/jetbrains/kotlin/kotlin-stdlib-common/1.6.21/kotlin-stdlib-common-1.6.21.jar:/home/runner/.m2/repository/com/fasterxml/jackson/core/jackson-databind/2.13.4.2/jackson-databind-2.13.4.2.jar:/home/runner/work/ozone/ozone/hadoop-ozone/client/target/classes:/home/runner/work/ozone/ozone/hadoop-hdds/erasurecode/target/classes:/home/runner/work/ozone/ozone/hadoop-hdds/docs/target/classes:/home/runner/work/ozone/ozone/hadoop-hdds/interface-client/target/classes:/home/runner/.m2/repository/com/google/protobuf/protobuf-java/2.5.0/protobuf-java-2.5.0.jar:/home/runner/.m2/repository/org/apache/hadoop/thirdparty/hadoop-shaded-protobuf_3_7/1.1.1/hadoop-shaded-protobuf_3_7-1.1.1.jar:/home/runner/.m2/repository/org/apache/ratis/ratis-thirdparty-misc/1.0.4/ratis-thirdparty-misc-1.0.4.jar:/home/runner/.m2/repository/javax/annotation/javax.annotation-api/1.2/javax.annotation-api-1.2.jar:/home/runner/.m2/repository/com/google/code/findbugs/jsr305/3.0.0/jsr305-3.0.0.jar:/home/runner/work/ozone/ozone/hadoop-ozone/interface-storage/target/classes:/home/runner/work/ozone/ozone/hadoop-hdds/test-utils/target/classes:/home/runner/.m2/repository/com/google/guava/guava/32.0.0-jre/guava-32.0.0-jre.jar:/home/runner/.m2/repository/com/google/guava/failureaccess/1.0.1/failureaccess-1.0.1.jar:/home/runner/.m2/repository/com/google/guava/listenablefuture/9999.0-empty-to-avoid-conflict-with-guava/listenablefuture-9999.0-empty-to-avoid-conflict-with-guava.jar:/home/runner/.m2/repository/org/checkerframework/checker-qual/3.33.0/checker-qual-3.33.0.jar:/home/runner/.m2/repository/com/google/j2objc/j2objc-annotations/2.8/j2objc-annotations-2.8.jar:/home/runner/.m2/repository/commons-io/commons-io/2.11.0/commons-io-2.11.0.jar:/home/runner/.m2/repository/commons-logging/commons-logging/1.2/commons-logging-1.2.jar:/home/runner/.m2/repository/org/junit/jupiter/junit-jupiter-api/5.8.2/junit-jupiter-api-5.8.2.jar:/home/runner/.m2/repository/org/opentest4j/opentest4j/1.2.0/opentest4j-1.2.0.jar:/home/runner/.m2/repository/org/junit/platform/junit-platform-commons/1.8.2/junit-platform-commons-1.8.2.jar:/home/runner/.m2/repository/ch/qos/reload4j/reload4j/1.2.22/reload4j-1.2.22.jar:/home/runner/.m2/repository/org/apache/commons/commons-lang3/3.7/commons-lang3-3.7.jar:/home/runner/.m2/repository/org/slf4j/slf4j-api/1.7.36/slf4j-api-1.7.36.jar:/home/runner/.m2/repository/org/apache/logging/log4j/log4j-api/2.17.1/log4j-api-2.17.1.jar:/home/runner/work/ozone/ozone/hadoop-hdds/framework/target/classes:/home/runner/work/ozone/ozone/hadoop-hdds/interface-server/target/classes:/home/runner/work/ozone/ozone/hadoop-hdds/interface-admin/target/classes:/home/runner/work/ozone/ozone/hadoop-hdds/managed-rocksdb/target/classes:/home/runner/.m2/repository/org/slf4j/slf4j-reload4j/1.7.36/slf4j-reload4j-1.7.36.jar:/home/runner/.m2/repository/org/apache/commons/commons-configuration2/2.1.1/commons-configuration2-2.1.1.jar:/home/runner/.m2/repository/commons-fileupload/commons-fileupload/1.5/commons-fileupload-1.5.jar:/home/runner/.m2/repository/org/apache/logging/log4j/log4j-core/2.17.1/log4j-core-2.17.1.jar:/home/runner/.m2/repository/com/lmax/disruptor/3.4.2/disruptor-3.4.2.jar:/home/runner/.m2/repository/org/eclipse/jetty/jetty-util/9.4.53.v20231009/jetty-util-9.4.53.v20231009.jar:/home/runner/.m2/repository/org/eclipse/jetty/jetty-server/9.4.53.v20231009/jetty-server-9.4.53.v20231009.jar:/home/runner/.m2/repository/javax/servlet/javax.servlet-api/3.1.0/javax.servlet-api-3.1.0.jar:/home/runner/.m2/repository/org/eclipse/jetty/jetty-http/9.4.53.v20231009/jetty-http-9.4.53.v20231009.jar:/home/runner/.m2/repository/org/eclipse/jetty/jetty-servlet/9.4.53.v20231009/jetty-servlet-9.4.53.v20231009.jar:/home/runner/.m2/repository/org/eclipse/jetty/jetty-security/9.4.53.v20231009/jetty-security-9.4.53.v20231009.jar:/home/runner/.m2/repository/org/eclipse/jetty/jetty-util-ajax/9.4.53.v20231009/jetty-util-ajax-9.4.53.v20231009.jar:/home/runner/.m2/repository/org/eclipse/jetty/jetty-webapp/9.4.53.v20231009/jetty-webapp-9.4.53.v20231009.jar:/home/runner/.m2/repository/org/eclipse/jetty/jetty-xml/9.4.53.v20231009/jetty-xml-9.4.53.v20231009.jar:/home/runner/.m2/repository/org/apache/ratis/ratis-server/2.5.1/ratis-server-2.5.1.jar:/home/runner/.m2/repository/org/apache/ratis/ratis-proto/2.5.1/ratis-proto-2.5.1.jar:/home/runner/.m2/repository/org/apache/ratis/ratis-common/2.5.1/ratis-common-2.5.1.jar:/home/runner/.m2/repository/org/apache/ratis/ratis-client/2.5.1/ratis-client-2.5.1.jar:/home/runner/.m2/repository/org/apache/ratis/ratis-server-api/2.5.1/ratis-server-api-2.5.1.jar:/home/runner/.m2/repository/org/apache/ratis/ratis-metrics/2.5.1/ratis-metrics-2.5.1.jar:/home/runner/.m2/repository/io/prometheus/simpleclient_dropwizard/0.7.0/simpleclient_dropwizard-0.7.0.jar:/home/runner/.m2/repository/io/prometheus/simpleclient/0.7.0/simpleclient-0.7.0.jar:/home/runner/.m2/repository/io/prometheus/simpleclient_common/0.7.0/simpleclient_common-0.7.0.jar:/home/runner/.m2/repository/com/fasterxml/jackson/datatype/jackson-datatype-jsr310/2.13.4/jackson-datatype-jsr310-2.13.4.jar:/home/runner/.m2/repository/com/fasterxml/jackson/core/jackson-core/2.13.4/jackson-core-2.13.4.jar:/home/runner/.m2/repository/org/awaitility/awaitility/4.2.0/awaitility-4.2.0.jar:/home/runner/.m2/repository/org/hamcrest/hamcrest/2.1/hamcrest-2.1.jar:/home/runner/work/ozone/ozone/hadoop-hdds/hadoop-dependency-server/target/classes:/home/runner/.m2/repository/org/apache/hadoop/hadoop-annotations/3.3.6/hadoop-annotations-3.3.6.jar:/usr/lib/jvm/temurin-8-jdk-amd64/jre/../lib/tools.jar:/home/runner/.m2/repository/org/apache/hadoop/hadoop-common/3.3.6/hadoop-common-3.3.6.jar:/home/runner/.m2/repository/org/apache/hadoop/thirdparty/hadoop-shaded-guava/1.1.1/hadoop-shaded-guava-1.1.1.jar:/home/runner/.m2/repository/org/apache/httpcomponents/httpclient/4.5.13/httpclient-4.5.13.jar:/home/runner/.m2/repository/org/apache/httpcomponents/httpcore/4.4.13/httpcore-4.4.13.jar:/home/runner/.m2/repository/commons-net/commons-net/3.9.0/commons-net-3.9.0.jar:/home/runner/.m2/repository/commons-collections/commons-collections/3.2.2/commons-collections-3.2.2.jar:/home/runner/.m2/repository/jakarta/activation/jakarta.activation-api/1.2.2/jakarta.activation-api-1.2.2.jar:/home/runner/.m2/repository/javax/servlet/jsp/jsp-api/2.1/jsp-api-2.1.jar:/home/runner/.m2/repository/com/sun/jersey/jersey-servlet/1.19.4/jersey-servlet-1.19.4.jar:/home/runner/.m2/repository/com/sun/jersey/jersey-server/1.19.4/jersey-server-1.19.4.jar:/home/runner/.m2/repository/commons-beanutils/commons-beanutils/1.9.4/commons-beanutils-1.9.4.jar:/home/runner/.m2/repository/com/google/re2j/re2j/1.1/re2j-1.1.jar:/home/runner/.m2/repository/com/google/code/gson/gson/2.9.0/gson-2.9.0.jar:/home/runner/.m2/repository/org/apache/hadoop/hadoop-auth/3.3.6/hadoop-auth-3.3.6.jar:/home/runner/.m2/repository/com/nimbusds/nimbus-jose-jwt/9.8.1/nimbus-jose-jwt-9.8.1.jar:/home/runner/.m2/repository/com/github/stephenc/jcip/jcip-annotations/1.0-1/jcip-annotations-1.0-1.jar:/home/runner/.m2/repository/com/jcraft/jsch/0.1.54/jsch-0.1.54.jar:/home/runner/.m2/repository/org/apache/kerby/kerb-core/1.0.1/kerb-core-1.0.1.jar:/home/runner/.m2/repository/org/apache/kerby/kerby-pkix/1.0.1/kerby-pkix-1.0.1.jar:/home/runner/.m2/repository/org/apache/kerby/kerby-asn1/1.0.1/kerby-asn1-1.0.1.jar:/home/runner/.m2/repository/org/apache/kerby/kerby-util/1.0.1/kerby-util-1.0.1.jar:/home/runner/.m2/repository/org/codehaus/woodstox/stax2-api/4.2.1/stax2-api-4.2.1.jar:/home/runner/.m2/repository/com/fasterxml/woodstox/woodstox-core/5.4.0/woodstox-core-5.4.0.jar:/home/runner/.m2/repository/dnsjava/dnsjava/2.1.7/dnsjava-2.1.7.jar:/home/runner/.m2/repository/org/xerial/snappy/snappy-java/1.1.8.2/snappy-java-1.1.8.2.jar:/home/runner/.m2/repository/commons-cli/commons-cli/1.2/commons-cli-1.2.jar:/home/runner/.m2/repository/org/apache/hadoop/hadoop-hdfs/3.3.6/hadoop-hdfs-3.3.6.jar:/home/runner/.m2/repository/commons-daemon/commons-daemon/1.0.13/commons-daemon-1.0.13.jar:/home/runner/work/ozone/ozone/hadoop-hdds/rocksdb-checkpoint-differ/target/classes:/home/runner/.m2/repository/org/rocksdb/rocksdbjni/7.7.3/rocksdbjni-7.7.3.jar:/home/runner/.m2/repository/org/jgrapht/jgrapht-core/1.0.1/jgrapht-core-1.0.1.jar:/home/runner/.m2/repository/org/jgrapht/jgrapht-ext/1.0.1/jgrapht-ext-1.0.1.jar:/home/runner/.m2/repository/org/tinyjee/jgraphx/jgraphx/2.0.0.1/jgraphx-2.0.0.1.jar:/home/runner/.m2/repository/jgraph/jgraph/5.13.0.0/jgraph-5.13.0.0.jar:/home/runner/.m2/repository/org/antlr/antlr4-runtime/4.5.3/antlr4-runtime-4.5.3.jar:/home/runner/.m2/repository/org/bouncycastle/bcprov-jdk15on/1.67/bcprov-jdk15on-1.67.jar:/home/runner/.m2/repository/io/netty/netty-tcnative-boringssl-static/2.0.61.Final/netty-tcnative-boringssl-static-2.0.61.Final.jar:/home/runner/.m2/repository/io/netty/netty-tcnative-classes/2.0.61.Final/netty-tcnative-classes-2.0.61.Final.jar:/home/runner/.m2/repository/io/netty/netty-tcnative-boringssl-static/2.0.61.Final/netty-tcnative-boringssl-static-2.0.61.Final-linux-x86_64.jar:/home/runner/.m2/repository/io/netty/netty-tcnative-boringssl-static/2.0.61.Final/netty-tcnative-boringssl-static-2.0.61.Final-linux-aarch_64.jar:/home/runner/.m2/repository/io/netty/netty-tcnative-boringssl-static/2.0.61.Final/netty-tcnative-boringssl-static-2.0.61.Final-osx-x86_64.jar:/home/runner/.m2/repository/io/netty/netty-tcnative-boringssl-static/2.0.61.Final/netty-tcnative-boringssl-static-2.0.61.Final-osx-aarch_64.jar:/home/runner/.m2/repository/io/netty/netty-tcnative-boringssl-static/2.0.61.Final/netty-tcnative-boringssl-static-2.0.61.Final-windows-x86_64.jar:/home/runner/.m2/repository/org/mockito/mockito-core/3.5.9/mockito-core-3.5.9.jar:/home/runner/.m2/repository/net/bytebuddy/byte-buddy/1.10.13/byte-buddy-1.10.13.jar:/home/runner/.m2/repository/net/bytebuddy/byte-buddy-agent/1.10.13/byte-buddy-agent-1.10.13.jar:/home/runner/.m2/repository/org/objenesis/objenesis/1.0/objenesis-1.0.jar:/home/runner/work/ozone/ozone/hadoop-hdds/common/target/test-classes:/home/runner/work/ozone/ozone/hadoop-hdds/hadoop-dependency-client/target/classes:/home/runner/.m2/repository/info/picocli/picocli/4.7.5/picocli-4.7.5.jar:/home/runner/.m2/repository/com/fasterxml/jackson/core/jackson-annotations/2.13.4/jackson-annotations-2.13.4.jar:/home/runner/work/ozone/ozone/hadoop-hdds/annotations/target/classes:/home/runner/work/ozone/ozone/hadoop-hdds/config/target/classes:/home/runner/.m2/repository/io/dropwizard/metrics/metrics-core/3.2.4/metrics-core-3.2.4.jar:/home/runner/.m2/repository/org/apache/ratis/ratis-netty/2.5.1/ratis-netty-2.5.1.jar:/home/runner/.m2/repository/org/apache/ratis/ratis-grpc/2.5.1/ratis-grpc-2.5.1.jar:/home/runner/.m2/repository/org/apache/commons/commons-pool2/2.6.0/commons-pool2-2.6.0.jar:/home/runner/.m2/repository/org/bouncycastle/bcpkix-jdk15on/1.67/bcpkix-jdk15on-1.67.jar:/home/runner/.m2/repository/commons-validator/commons-validator/1.6/commons-validator-1.6.jar:/home/runner/.m2/repository/commons-digester/commons-digester/1.8.1/commons-digester-1.8.1.jar:/home/runner/.m2/repository/io/jaegertracing/jaeger-client/1.6.0/jaeger-client-1.6.0.jar:/home/runner/.m2/repository/io/jaegertracing/jaeger-thrift/1.6.0/jaeger-thrift-1.6.0.jar:/home/runner/.m2/repository/org/apache/thrift/libthrift/0.14.1/libthrift-0.14.1.jar:/home/runner/.m2/repository/io/jaegertracing/jaeger-core/1.6.0/jaeger-core-1.6.0.jar:/home/runner/.m2/repository/io/jaegertracing/jaeger-tracerresolver/1.6.0/jaeger-tracerresolver-1.6.0.jar:/home/runner/.m2/repository/io/opentracing/contrib/opentracing-tracerresolver/0.1.8/opentracing-tracerresolver-0.1.8.jar:/home/runner/.m2/repository/org/jetbrains/kotlin/kotlin-stdlib/1.6.21/kotlin-stdlib-1.6.21.jar:/home/runner/.m2/repository/org/jetbrains/annotations/13.0/annotations-13.0.jar:/home/runner/.m2/repository/io/opentracing/opentracing-util/0.33.0/opentracing-util-0.33.0.jar:/home/runner/.m2/repository/io/opentracing/opentracing-api/0.33.0/opentracing-api-0.33.0.jar:/home/runner/.m2/repository/io/opentracing/opentracing-noop/0.33.0/opentracing-noop-0.33.0.jar:/home/runner/.m2/repository/org/yaml/snakeyaml/2.0/snakeyaml-2.0.jar:/home/runner/.m2/repository/io/grpc/grpc-api/1.51.1/grpc-api-1.51.1.jar:/home/runner/.m2/repository/io/grpc/grpc-context/1.51.1/grpc-context-1.51.1.jar:/home/runner/.m2/repository/com/fasterxml/uuid/java-uuid-generator/4.3.0/java-uuid-generator-4.3.0.jar:/home/runner/work/ozone/ozone/hadoop-hdds/hadoop-dependency-test/target/classes:/home/runner/.m2/repository/org/apache/hadoop/hadoop-common/3.3.6/hadoop-common-3.3.6-tests.jar:/home/runner/.m2/repository/org/apache/hadoop/hadoop-hdfs/3.3.6/hadoop-hdfs-3.3.6-tests.jar:/home/runner/.m2/repository/commons-codec/commons-codec/1.15/commons-codec-1.15.jar:/home/runner/.m2/repository/org/assertj/assertj-core/3.12.2/assertj-core-3.12.2.jar:/home/runner/work/ozone/ozone/hadoop-hdds/server-scm/target/test-classes:/home/runner/work/ozone/ozone/hadoop-hdds/container-service/target/classes:/home/runner/.m2/repository/com/github/luben/zstd-jni/1.5.2-5/zstd-jni-1.5.2-5.jar:/home/runner/.m2/repository/javax/xml/bind/jaxb-api/2.3.0/jaxb-api-2.3.0.jar:/home/runner/.m2/repository/org/glassfish/jaxb/jaxb-runtime/2.3.0.1/jaxb-runtime-2.3.0.1.jar:/home/runner/.m2/repository/org/glassfish/jaxb/jaxb-core/2.3.0.1/jaxb-core-2.3.0.1.jar:/home/runner/.m2/repository/org/glassfish/jaxb/txw2/2.3.0.1/txw2-2.3.0.1.jar:/home/runner/.m2/repository/com/sun/istack/istack-commons-runtime/3.0.5/istack-commons-runtime-3.0.5.jar:/home/runner/.m2/repository/org/jvnet/staxex/stax-ex/1.7.8/stax-ex-1.7.8.jar:/home/runner/.m2/repository/com/sun/xml/fastinfoset/FastInfoset/1.2.13/FastInfoset-1.2.13.jar:/home/runner/.m2/repository/org/apache/commons/commons-text/1.10.0/commons-text-1.10.0.jar:/home/runner/.m2/repository/junit/junit/4.13.1/junit-4.13.1.jar:/home/runner/.m2/repository/org/hamcrest/hamcrest-core/1.3/hamcrest-core-1.3.jar:/home/runner/.m2/repository/org/jmockit/jmockit/1.24/jmockit-1.24.jar:/home/runner/.m2/repository/org/hamcrest/hamcrest-all/1.3/hamcrest-all-1.3.jar:/home/runner/.m2/repository/com/google/testing/compile/compile-testing/0.19/compile-testing-0.19.jar:/home/runner/.m2/repository/com/google/truth/truth/1.1/truth-1.1.jar:/home/runner/.m2/repository/com/google/auto/value/auto-value-annotations/1.7.4/auto-value-annotations-1.7.4.jar:/home/runner/.m2/repository/org/ow2/asm/asm/5.0.4/asm-5.0.4.jar:/home/runner/.m2/repository/com/google/auto/value/auto-value/1.7.4/auto-value-1.7.4.jar:/home/runner/.m2/repository/com/google/auto/auto-common/0.11/auto-common-0.11.jar:/usr/lib/jvm/temurin-8-jdk-amd64/jre/../lib/tools.jar:/home/runner/.m2/repository/org/reflections/reflections/0.9.11/reflections-0.9.11.jar:/home/runner/.m2/repository/org/javassist/javassist/3.21.0-GA/javassist-3.21.0-GA.jar:/home/runner/.m2/repository/com/sun/jersey/jersey-client/1.19.4/jersey-client-1.19.4.jar:/home/runner/.m2/repository/com/sun/jersey/jersey-core/1.19.4/jersey-core-1.19.4.jar:/home/runner/.m2/repository/javax/ws/rs/jsr311-api/1.1.1/jsr311-api-1.1.1.jar:/home/runner/.m2/repository/org/codehaus/jackson/jackson-core-asl/1.9.13/jackson-core-asl-1.9.13.jar:/home/runner/.m2/repository/org/codehaus/jackson/jackson-mapper-asl/1.9.13/jackson-mapper-asl-1.9.13.jar:/home/runner/.m2/repository/org/codehaus/jackson/jackson-jaxrs/1.9.13/jackson-jaxrs-1.9.13.jar:/home/runner/.m2/repository/org/apache/ranger/ranger-intg/2.3.0/ranger-intg-2.3.0.jar:/home/runner/.m2/repository/org/apache/ranger/ranger-plugins-common/2.3.0/ranger-plugins-common-2.3.0.jar:/home/runner/.m2/repository/commons-lang/commons-lang/2.6/commons-lang-2.6.jar:/home/runner/.m2/repository/org/apache/ranger/ranger-plugins-cred/2.3.0/ranger-plugins-cred-2.3.0.jar:/home/runner/.m2/repository/org/apache/ranger/ranger-plugins-audit/2.3.0/ranger-plugins-audit-2.3.0.jar:/home/runner/.m2/repository/org/eclipse/jetty/jetty-client/9.4.53.v20231009/jetty-client-9.4.53.v20231009.jar:/home/runner/.m2/repository/org/apache/httpcomponents/httpmime/4.5.6/httpmime-4.5.6.jar:/home/runner/.m2/repository/org/apache/httpcomponents/httpcore-nio/4.4.13/httpcore-nio-4.4.13.jar:/home/runner/.m2/repository/org/apache/httpcomponents/httpasyncclient/4.1.3/httpasyncclient-4.1.3.jar:/home/runner/.m2/repository/joda-time/joda-time/2.12.5/joda-time-2.12.5.jar:/home/runner/.m2/repository/com/carrotsearch/hppc/0.8.0/hppc-0.8.0.jar:/home/runner/.m2/repository/org/apache/orc/orc-core/1.5.8/orc-core-1.5.8.jar:/home/runner/.m2/repository/net/java/dev/jna/jna/5.2.0/jna-5.2.0.jar:/home/runner/.m2/repository/net/java/dev/jna/jna-platform/5.2.0/jna-platform-5.2.0.jar:/home/runner/.m2/repository/com/kstruct/gethostname4j/0.0.2/gethostname4j-0.0.2.jar:/home/runner/.m2/repository/org/apache/ranger/ranger-plugin-classloader/2.3.0/ranger-plugin-classloader-2.3.0.jar:/home/runner/.m2/repository/org/junit/jupiter/junit-jupiter-params/5.8.2/junit-jupiter-params-5.8.2.jar:/home/runner/.m2/repository/org/apiguardian/apiguardian-api/1.1.2/apiguardian-api-1.1.2.jar:/home/runner/work/ozone/ozone/hadoop-hdds/rocks-native/target/classes:/home/runner/.m2/repository/org/eclipse/jetty/jetty-io/9.4.53.v20231009/jetty-io-9.4.53.v20231009.jar:/home/runner/.m2/repository/org/mockito/mockito-junit-jupiter/3.5.9/mockito-junit-jupiter-3.5.9.jar:/home/runner/work/ozone/ozone/hadoop-ozone/ozone-manager/target/gradle-enterprise/test-listeners.jar:"/>
    <property name="java.vm.vendor" value="Temurin"/>
    <property name="sun.arch.data.model" value="64"/>
    <property name="test.build.dir" value="/home/runner/work/ozone/ozone/hadoop-ozone/ozone-manager/target/test-dir"/>
    <property name="test.cache.data" value=""/>
    <property name="java.vendor.url" value="https://adoptium.net/"/>
    <property name="user.timezone" value="Etc/UTC"/>
    <property name="os.name" value="Linux"/>
    <property name="java.vm.specification.version" value="1.8"/>
    <property name="test.build.data" value="/home/runner/work/ozone/ozone/hadoop-ozone/ozone-manager/target/test-dir"/>
    <property name="sun.java.launcher" value="SUN_STANDARD"/>
    <property name="sun.boot.library.path" value="/usr/lib/jvm/temurin-8-jdk-amd64/jre/lib/amd64"/>
    <property name="sun.java.command" value="/home/runner/work/ozone/ozone/hadoop-ozone/ozone-manager/target/surefire/surefirebooter3058853075196847940.jar /home/runner/work/ozone/ozone/hadoop-ozone/ozone-manager/target/surefire 2023-11-17T09-58-42_804-jvmRun1 surefire1321149847606268844tmp surefire_1406631532660707251117tmp"/>
    <property name="native.lib.tmp.dir" value="/tmp"/>
    <property name="surefire.test.class.path" value="/home/runner/work/ozone/ozone/hadoop-ozone/ozone-manager/target/test-classes:/home/runner/work/ozone/ozone/hadoop-ozone/ozone-manager/target/classes:/home/runner/.m2/repository/org/aspectj/aspectjrt/1.9.7/aspectjrt-1.9.7.jar:/home/runner/.m2/repository/org/aspectj/aspectjweaver/1.9.7/aspectjweaver-1.9.7.jar:/home/runner/work/ozone/ozone/hadoop-ozone/common/target/classes:/home/runner/.m2/repository/io/grpc/grpc-netty/1.51.1/grpc-netty-1.51.1.jar:/home/runner/.m2/repository/io/grpc/grpc-core/1.51.1/grpc-core-1.51.1.jar:/home/runner/.m2/repository/com/google/android/annotations/4.1.1.4/annotations-4.1.1.4.jar:/home/runner/.m2/repository/org/codehaus/mojo/animal-sniffer-annotations/1.21/animal-sniffer-annotations-1.21.jar:/home/runner/.m2/repository/com/google/errorprone/error_prone_annotations/2.2.0/error_prone_annotations-2.2.0.jar:/home/runner/.m2/repository/io/perfmark/perfmark-api/0.25.0/perfmark-api-0.25.0.jar:/home/runner/.m2/repository/io/netty/netty-transport-native-unix-common/4.1.100.Final/netty-transport-native-unix-common-4.1.100.Final.jar:/home/runner/.m2/repository/io/netty/netty-codec-http2/4.1.100.Final/netty-codec-http2-4.1.100.Final.jar:/home/runner/.m2/repository/io/netty/netty-common/4.1.100.Final/netty-common-4.1.100.Final.jar:/home/runner/.m2/repository/io/netty/netty-buffer/4.1.100.Final/netty-buffer-4.1.100.Final.jar:/home/runner/.m2/repository/io/netty/netty-transport/4.1.100.Final/netty-transport-4.1.100.Final.jar:/home/runner/.m2/repository/io/netty/netty-resolver/4.1.100.Final/netty-resolver-4.1.100.Final.jar:/home/runner/.m2/repository/io/netty/netty-codec/4.1.100.Final/netty-codec-4.1.100.Final.jar:/home/runner/.m2/repository/io/netty/netty-handler/4.1.100.Final/netty-handler-4.1.100.Final.jar:/home/runner/.m2/repository/io/netty/netty-codec-http/4.1.100.Final/netty-codec-http-4.1.100.Final.jar:/home/runner/.m2/repository/io/netty/netty-handler-proxy/4.1.100.Final/netty-handler-proxy-4.1.100.Final.jar:/home/runner/.m2/repository/io/netty/netty-codec-socks/4.1.100.Final/netty-codec-socks-4.1.100.Final.jar:/home/runner/.m2/repository/org/apache/commons/commons-compress/1.21/commons-compress-1.21.jar:/home/runner/work/ozone/ozone/hadoop-hdds/common/target/classes:/home/runner/work/ozone/ozone/hadoop-hdds/client/target/classes:/home/runner/work/ozone/ozone/hadoop-ozone/interface-client/target/classes:/home/runner/.m2/repository/io/grpc/grpc-protobuf/1.51.1/grpc-protobuf-1.51.1.jar:/home/runner/.m2/repository/com/google/api/grpc/proto-google-common-protos/2.9.0/proto-google-common-protos-2.9.0.jar:/home/runner/.m2/repository/io/grpc/grpc-protobuf-lite/1.51.1/grpc-protobuf-lite-1.51.1.jar:/home/runner/.m2/repository/io/grpc/grpc-stub/1.51.1/grpc-stub-1.51.1.jar:/home/runner/.m2/repository/org/apache/hadoop/hadoop-hdfs-client/3.3.6/hadoop-hdfs-client-3.3.6.jar:/home/runner/.m2/repository/com/squareup/okhttp3/okhttp/4.9.3/okhttp-4.9.3.jar:/home/runner/.m2/repository/com/squareup/okio/okio/3.4.0/okio-3.4.0.jar:/home/runner/.m2/repository/com/squareup/okio/okio-jvm/3.4.0/okio-jvm-3.4.0.jar:/home/runner/.m2/repository/org/jetbrains/kotlin/kotlin-stdlib-jdk8/1.8.0/kotlin-stdlib-jdk8-1.8.0.jar:/home/runner/.m2/repository/org/jetbrains/kotlin/kotlin-stdlib-jdk7/1.8.0/kotlin-stdlib-jdk7-1.8.0.jar:/home/runner/.m2/repository/org/jetbrains/kotlin/kotlin-stdlib-common/1.6.21/kotlin-stdlib-common-1.6.21.jar:/home/runner/.m2/repository/com/fasterxml/jackson/core/jackson-databind/2.13.4.2/jackson-databind-2.13.4.2.jar:/home/runner/work/ozone/ozone/hadoop-ozone/client/target/classes:/home/runner/work/ozone/ozone/hadoop-hdds/erasurecode/target/classes:/home/runner/work/ozone/ozone/hadoop-hdds/docs/target/classes:/home/runner/work/ozone/ozone/hadoop-hdds/interface-client/target/classes:/home/runner/.m2/repository/com/google/protobuf/protobuf-java/2.5.0/protobuf-java-2.5.0.jar:/home/runner/.m2/repository/org/apache/hadoop/thirdparty/hadoop-shaded-protobuf_3_7/1.1.1/hadoop-shaded-protobuf_3_7-1.1.1.jar:/home/runner/.m2/repository/org/apache/ratis/ratis-thirdparty-misc/1.0.4/ratis-thirdparty-misc-1.0.4.jar:/home/runner/.m2/repository/javax/annotation/javax.annotation-api/1.2/javax.annotation-api-1.2.jar:/home/runner/.m2/repository/com/google/code/findbugs/jsr305/3.0.0/jsr305-3.0.0.jar:/home/runner/work/ozone/ozone/hadoop-ozone/interface-storage/target/classes:/home/runner/work/ozone/ozone/hadoop-hdds/test-utils/target/classes:/home/runner/.m2/repository/com/google/guava/guava/32.0.0-jre/guava-32.0.0-jre.jar:/home/runner/.m2/repository/com/google/guava/failureaccess/1.0.1/failureaccess-1.0.1.jar:/home/runner/.m2/repository/com/google/guava/listenablefuture/9999.0-empty-to-avoid-conflict-with-guava/listenablefuture-9999.0-empty-to-avoid-conflict-with-guava.jar:/home/runner/.m2/repository/org/checkerframework/checker-qual/3.33.0/checker-qual-3.33.0.jar:/home/runner/.m2/repository/com/google/j2objc/j2objc-annotations/2.8/j2objc-annotations-2.8.jar:/home/runner/.m2/repository/commons-io/commons-io/2.11.0/commons-io-2.11.0.jar:/home/runner/.m2/repository/commons-logging/commons-logging/1.2/commons-logging-1.2.jar:/home/runner/.m2/repository/org/junit/jupiter/junit-jupiter-api/5.8.2/junit-jupiter-api-5.8.2.jar:/home/runner/.m2/repository/org/opentest4j/opentest4j/1.2.0/opentest4j-1.2.0.jar:/home/runner/.m2/repository/org/junit/platform/junit-platform-commons/1.8.2/junit-platform-commons-1.8.2.jar:/home/runner/.m2/repository/ch/qos/reload4j/reload4j/1.2.22/reload4j-1.2.22.jar:/home/runner/.m2/repository/org/apache/commons/commons-lang3/3.7/commons-lang3-3.7.jar:/home/runner/.m2/repository/org/slf4j/slf4j-api/1.7.36/slf4j-api-1.7.36.jar:/home/runner/.m2/repository/org/apache/logging/log4j/log4j-api/2.17.1/log4j-api-2.17.1.jar:/home/runner/work/ozone/ozone/hadoop-hdds/framework/target/classes:/home/runner/work/ozone/ozone/hadoop-hdds/interface-server/target/classes:/home/runner/work/ozone/ozone/hadoop-hdds/interface-admin/target/classes:/home/runner/work/ozone/ozone/hadoop-hdds/managed-rocksdb/target/classes:/home/runner/.m2/repository/org/slf4j/slf4j-reload4j/1.7.36/slf4j-reload4j-1.7.36.jar:/home/runner/.m2/repository/org/apache/commons/commons-configuration2/2.1.1/commons-configuration2-2.1.1.jar:/home/runner/.m2/repository/commons-fileupload/commons-fileupload/1.5/commons-fileupload-1.5.jar:/home/runner/.m2/repository/org/apache/logging/log4j/log4j-core/2.17.1/log4j-core-2.17.1.jar:/home/runner/.m2/repository/com/lmax/disruptor/3.4.2/disruptor-3.4.2.jar:/home/runner/.m2/repository/org/eclipse/jetty/jetty-util/9.4.53.v20231009/jetty-util-9.4.53.v20231009.jar:/home/runner/.m2/repository/org/eclipse/jetty/jetty-server/9.4.53.v20231009/jetty-server-9.4.53.v20231009.jar:/home/runner/.m2/repository/javax/servlet/javax.servlet-api/3.1.0/javax.servlet-api-3.1.0.jar:/home/runner/.m2/repository/org/eclipse/jetty/jetty-http/9.4.53.v20231009/jetty-http-9.4.53.v20231009.jar:/home/runner/.m2/repository/org/eclipse/jetty/jetty-servlet/9.4.53.v20231009/jetty-servlet-9.4.53.v20231009.jar:/home/runner/.m2/repository/org/eclipse/jetty/jetty-security/9.4.53.v20231009/jetty-security-9.4.53.v20231009.jar:/home/runner/.m2/repository/org/eclipse/jetty/jetty-util-ajax/9.4.53.v20231009/jetty-util-ajax-9.4.53.v20231009.jar:/home/runner/.m2/repository/org/eclipse/jetty/jetty-webapp/9.4.53.v20231009/jetty-webapp-9.4.53.v20231009.jar:/home/runner/.m2/repository/org/eclipse/jetty/jetty-xml/9.4.53.v20231009/jetty-xml-9.4.53.v20231009.jar:/home/runner/.m2/repository/org/apache/ratis/ratis-server/2.5.1/ratis-server-2.5.1.jar:/home/runner/.m2/repository/org/apache/ratis/ratis-proto/2.5.1/ratis-proto-2.5.1.jar:/home/runner/.m2/repository/org/apache/ratis/ratis-common/2.5.1/ratis-common-2.5.1.jar:/home/runner/.m2/repository/org/apache/ratis/ratis-client/2.5.1/ratis-client-2.5.1.jar:/home/runner/.m2/repository/org/apache/ratis/ratis-server-api/2.5.1/ratis-server-api-2.5.1.jar:/home/runner/.m2/repository/org/apache/ratis/ratis-metrics/2.5.1/ratis-metrics-2.5.1.jar:/home/runner/.m2/repository/io/prometheus/simpleclient_dropwizard/0.7.0/simpleclient_dropwizard-0.7.0.jar:/home/runner/.m2/repository/io/prometheus/simpleclient/0.7.0/simpleclient-0.7.0.jar:/home/runner/.m2/repository/io/prometheus/simpleclient_common/0.7.0/simpleclient_common-0.7.0.jar:/home/runner/.m2/repository/com/fasterxml/jackson/datatype/jackson-datatype-jsr310/2.13.4/jackson-datatype-jsr310-2.13.4.jar:/home/runner/.m2/repository/com/fasterxml/jackson/core/jackson-core/2.13.4/jackson-core-2.13.4.jar:/home/runner/.m2/repository/org/awaitility/awaitility/4.2.0/awaitility-4.2.0.jar:/home/runner/.m2/repository/org/hamcrest/hamcrest/2.1/hamcrest-2.1.jar:/home/runner/work/ozone/ozone/hadoop-hdds/hadoop-dependency-server/target/classes:/home/runner/.m2/repository/org/apache/hadoop/hadoop-annotations/3.3.6/hadoop-annotations-3.3.6.jar:/usr/lib/jvm/temurin-8-jdk-amd64/jre/../lib/tools.jar:/home/runner/.m2/repository/org/apache/hadoop/hadoop-common/3.3.6/hadoop-common-3.3.6.jar:/home/runner/.m2/repository/org/apache/hadoop/thirdparty/hadoop-shaded-guava/1.1.1/hadoop-shaded-guava-1.1.1.jar:/home/runner/.m2/repository/org/apache/httpcomponents/httpclient/4.5.13/httpclient-4.5.13.jar:/home/runner/.m2/repository/org/apache/httpcomponents/httpcore/4.4.13/httpcore-4.4.13.jar:/home/runner/.m2/repository/commons-net/commons-net/3.9.0/commons-net-3.9.0.jar:/home/runner/.m2/repository/commons-collections/commons-collections/3.2.2/commons-collections-3.2.2.jar:/home/runner/.m2/repository/jakarta/activation/jakarta.activation-api/1.2.2/jakarta.activation-api-1.2.2.jar:/home/runner/.m2/repository/javax/servlet/jsp/jsp-api/2.1/jsp-api-2.1.jar:/home/runner/.m2/repository/com/sun/jersey/jersey-servlet/1.19.4/jersey-servlet-1.19.4.jar:/home/runner/.m2/repository/com/sun/jersey/jersey-server/1.19.4/jersey-server-1.19.4.jar:/home/runner/.m2/repository/commons-beanutils/commons-beanutils/1.9.4/commons-beanutils-1.9.4.jar:/home/runner/.m2/repository/com/google/re2j/re2j/1.1/re2j-1.1.jar:/home/runner/.m2/repository/com/google/code/gson/gson/2.9.0/gson-2.9.0.jar:/home/runner/.m2/repository/org/apache/hadoop/hadoop-auth/3.3.6/hadoop-auth-3.3.6.jar:/home/runner/.m2/repository/com/nimbusds/nimbus-jose-jwt/9.8.1/nimbus-jose-jwt-9.8.1.jar:/home/runner/.m2/repository/com/github/stephenc/jcip/jcip-annotations/1.0-1/jcip-annotations-1.0-1.jar:/home/runner/.m2/repository/com/jcraft/jsch/0.1.54/jsch-0.1.54.jar:/home/runner/.m2/repository/org/apache/kerby/kerb-core/1.0.1/kerb-core-1.0.1.jar:/home/runner/.m2/repository/org/apache/kerby/kerby-pkix/1.0.1/kerby-pkix-1.0.1.jar:/home/runner/.m2/repository/org/apache/kerby/kerby-asn1/1.0.1/kerby-asn1-1.0.1.jar:/home/runner/.m2/repository/org/apache/kerby/kerby-util/1.0.1/kerby-util-1.0.1.jar:/home/runner/.m2/repository/org/codehaus/woodstox/stax2-api/4.2.1/stax2-api-4.2.1.jar:/home/runner/.m2/repository/com/fasterxml/woodstox/woodstox-core/5.4.0/woodstox-core-5.4.0.jar:/home/runner/.m2/repository/dnsjava/dnsjava/2.1.7/dnsjava-2.1.7.jar:/home/runner/.m2/repository/org/xerial/snappy/snappy-java/1.1.8.2/snappy-java-1.1.8.2.jar:/home/runner/.m2/repository/commons-cli/commons-cli/1.2/commons-cli-1.2.jar:/home/runner/.m2/repository/org/apache/hadoop/hadoop-hdfs/3.3.6/hadoop-hdfs-3.3.6.jar:/home/runner/.m2/repository/commons-daemon/commons-daemon/1.0.13/commons-daemon-1.0.13.jar:/home/runner/work/ozone/ozone/hadoop-hdds/rocksdb-checkpoint-differ/target/classes:/home/runner/.m2/repository/org/rocksdb/rocksdbjni/7.7.3/rocksdbjni-7.7.3.jar:/home/runner/.m2/repository/org/jgrapht/jgrapht-core/1.0.1/jgrapht-core-1.0.1.jar:/home/runner/.m2/repository/org/jgrapht/jgrapht-ext/1.0.1/jgrapht-ext-1.0.1.jar:/home/runner/.m2/repository/org/tinyjee/jgraphx/jgraphx/2.0.0.1/jgraphx-2.0.0.1.jar:/home/runner/.m2/repository/jgraph/jgraph/5.13.0.0/jgraph-5.13.0.0.jar:/home/runner/.m2/repository/org/antlr/antlr4-runtime/4.5.3/antlr4-runtime-4.5.3.jar:/home/runner/.m2/repository/org/bouncycastle/bcprov-jdk15on/1.67/bcprov-jdk15on-1.67.jar:/home/runner/.m2/repository/io/netty/netty-tcnative-boringssl-static/2.0.61.Final/netty-tcnative-boringssl-static-2.0.61.Final.jar:/home/runner/.m2/repository/io/netty/netty-tcnative-classes/2.0.61.Final/netty-tcnative-classes-2.0.61.Final.jar:/home/runner/.m2/repository/io/netty/netty-tcnative-boringssl-static/2.0.61.Final/netty-tcnative-boringssl-static-2.0.61.Final-linux-x86_64.jar:/home/runner/.m2/repository/io/netty/netty-tcnative-boringssl-static/2.0.61.Final/netty-tcnative-boringssl-static-2.0.61.Final-linux-aarch_64.jar:/home/runner/.m2/repository/io/netty/netty-tcnative-boringssl-static/2.0.61.Final/netty-tcnative-boringssl-static-2.0.61.Final-osx-x86_64.jar:/home/runner/.m2/repository/io/netty/netty-tcnative-boringssl-static/2.0.61.Final/netty-tcnative-boringssl-static-2.0.61.Final-osx-aarch_64.jar:/home/runner/.m2/repository/io/netty/netty-tcnative-boringssl-static/2.0.61.Final/netty-tcnative-boringssl-static-2.0.61.Final-windows-x86_64.jar:/home/runner/.m2/repository/org/mockito/mockito-core/3.5.9/mockito-core-3.5.9.jar:/home/runner/.m2/repository/net/bytebuddy/byte-buddy/1.10.13/byte-buddy-1.10.13.jar:/home/runner/.m2/repository/net/bytebuddy/byte-buddy-agent/1.10.13/byte-buddy-agent-1.10.13.jar:/home/runner/.m2/repository/org/objenesis/objenesis/1.0/objenesis-1.0.jar:/home/runner/work/ozone/ozone/hadoop-hdds/common/target/test-classes:/home/runner/work/ozone/ozone/hadoop-hdds/hadoop-dependency-client/target/classes:/home/runner/.m2/repository/info/picocli/picocli/4.7.5/picocli-4.7.5.jar:/home/runner/.m2/repository/com/fasterxml/jackson/core/jackson-annotations/2.13.4/jackson-annotations-2.13.4.jar:/home/runner/work/ozone/ozone/hadoop-hdds/annotations/target/classes:/home/runner/work/ozone/ozone/hadoop-hdds/config/target/classes:/home/runner/.m2/repository/io/dropwizard/metrics/metrics-core/3.2.4/metrics-core-3.2.4.jar:/home/runner/.m2/repository/org/apache/ratis/ratis-netty/2.5.1/ratis-netty-2.5.1.jar:/home/runner/.m2/repository/org/apache/ratis/ratis-grpc/2.5.1/ratis-grpc-2.5.1.jar:/home/runner/.m2/repository/org/apache/commons/commons-pool2/2.6.0/commons-pool2-2.6.0.jar:/home/runner/.m2/repository/org/bouncycastle/bcpkix-jdk15on/1.67/bcpkix-jdk15on-1.67.jar:/home/runner/.m2/repository/commons-validator/commons-validator/1.6/commons-validator-1.6.jar:/home/runner/.m2/repository/commons-digester/commons-digester/1.8.1/commons-digester-1.8.1.jar:/home/runner/.m2/repository/io/jaegertracing/jaeger-client/1.6.0/jaeger-client-1.6.0.jar:/home/runner/.m2/repository/io/jaegertracing/jaeger-thrift/1.6.0/jaeger-thrift-1.6.0.jar:/home/runner/.m2/repository/org/apache/thrift/libthrift/0.14.1/libthrift-0.14.1.jar:/home/runner/.m2/repository/io/jaegertracing/jaeger-core/1.6.0/jaeger-core-1.6.0.jar:/home/runner/.m2/repository/io/jaegertracing/jaeger-tracerresolver/1.6.0/jaeger-tracerresolver-1.6.0.jar:/home/runner/.m2/repository/io/opentracing/contrib/opentracing-tracerresolver/0.1.8/opentracing-tracerresolver-0.1.8.jar:/home/runner/.m2/repository/org/jetbrains/kotlin/kotlin-stdlib/1.6.21/kotlin-stdlib-1.6.21.jar:/home/runner/.m2/repository/org/jetbrains/annotations/13.0/annotations-13.0.jar:/home/runner/.m2/repository/io/opentracing/opentracing-util/0.33.0/opentracing-util-0.33.0.jar:/home/runner/.m2/repository/io/opentracing/opentracing-api/0.33.0/opentracing-api-0.33.0.jar:/home/runner/.m2/repository/io/opentracing/opentracing-noop/0.33.0/opentracing-noop-0.33.0.jar:/home/runner/.m2/repository/org/yaml/snakeyaml/2.0/snakeyaml-2.0.jar:/home/runner/.m2/repository/io/grpc/grpc-api/1.51.1/grpc-api-1.51.1.jar:/home/runner/.m2/repository/io/grpc/grpc-context/1.51.1/grpc-context-1.51.1.jar:/home/runner/.m2/repository/com/fasterxml/uuid/java-uuid-generator/4.3.0/java-uuid-generator-4.3.0.jar:/home/runner/work/ozone/ozone/hadoop-hdds/hadoop-dependency-test/target/classes:/home/runner/.m2/repository/org/apache/hadoop/hadoop-common/3.3.6/hadoop-common-3.3.6-tests.jar:/home/runner/.m2/repository/org/apache/hadoop/hadoop-hdfs/3.3.6/hadoop-hdfs-3.3.6-tests.jar:/home/runner/.m2/repository/commons-codec/commons-codec/1.15/commons-codec-1.15.jar:/home/runner/.m2/repository/org/assertj/assertj-core/3.12.2/assertj-core-3.12.2.jar:/home/runner/work/ozone/ozone/hadoop-hdds/server-scm/target/test-classes:/home/runner/work/ozone/ozone/hadoop-hdds/container-service/target/classes:/home/runner/.m2/repository/com/github/luben/zstd-jni/1.5.2-5/zstd-jni-1.5.2-5.jar:/home/runner/.m2/repository/javax/xml/bind/jaxb-api/2.3.0/jaxb-api-2.3.0.jar:/home/runner/.m2/repository/org/glassfish/jaxb/jaxb-runtime/2.3.0.1/jaxb-runtime-2.3.0.1.jar:/home/runner/.m2/repository/org/glassfish/jaxb/jaxb-core/2.3.0.1/jaxb-core-2.3.0.1.jar:/home/runner/.m2/repository/org/glassfish/jaxb/txw2/2.3.0.1/txw2-2.3.0.1.jar:/home/runner/.m2/repository/com/sun/istack/istack-commons-runtime/3.0.5/istack-commons-runtime-3.0.5.jar:/home/runner/.m2/repository/org/jvnet/staxex/stax-ex/1.7.8/stax-ex-1.7.8.jar:/home/runner/.m2/repository/com/sun/xml/fastinfoset/FastInfoset/1.2.13/FastInfoset-1.2.13.jar:/home/runner/.m2/repository/org/apache/commons/commons-text/1.10.0/commons-text-1.10.0.jar:/home/runner/.m2/repository/junit/junit/4.13.1/junit-4.13.1.jar:/home/runner/.m2/repository/org/hamcrest/hamcrest-core/1.3/hamcrest-core-1.3.jar:/home/runner/.m2/repository/org/jmockit/jmockit/1.24/jmockit-1.24.jar:/home/runner/.m2/repository/org/hamcrest/hamcrest-all/1.3/hamcrest-all-1.3.jar:/home/runner/.m2/repository/com/google/testing/compile/compile-testing/0.19/compile-testing-0.19.jar:/home/runner/.m2/repository/com/google/truth/truth/1.1/truth-1.1.jar:/home/runner/.m2/repository/com/google/auto/value/auto-value-annotations/1.7.4/auto-value-annotations-1.7.4.jar:/home/runner/.m2/repository/org/ow2/asm/asm/5.0.4/asm-5.0.4.jar:/home/runner/.m2/repository/com/google/auto/value/auto-value/1.7.4/auto-value-1.7.4.jar:/home/runner/.m2/repository/com/google/auto/auto-common/0.11/auto-common-0.11.jar:/usr/lib/jvm/temurin-8-jdk-amd64/jre/../lib/tools.jar:/home/runner/.m2/repository/org/reflections/reflections/0.9.11/reflections-0.9.11.jar:/home/runner/.m2/repository/org/javassist/javassist/3.21.0-GA/javassist-3.21.0-GA.jar:/home/runner/.m2/repository/com/sun/jersey/jersey-client/1.19.4/jersey-client-1.19.4.jar:/home/runner/.m2/repository/com/sun/jersey/jersey-core/1.19.4/jersey-core-1.19.4.jar:/home/runner/.m2/repository/javax/ws/rs/jsr311-api/1.1.1/jsr311-api-1.1.1.jar:/home/runner/.m2/repository/org/codehaus/jackson/jackson-core-asl/1.9.13/jackson-core-asl-1.9.13.jar:/home/runner/.m2/repository/org/codehaus/jackson/jackson-mapper-asl/1.9.13/jackson-mapper-asl-1.9.13.jar:/home/runner/.m2/repository/org/codehaus/jackson/jackson-jaxrs/1.9.13/jackson-jaxrs-1.9.13.jar:/home/runner/.m2/repository/org/apache/ranger/ranger-intg/2.3.0/ranger-intg-2.3.0.jar:/home/runner/.m2/repository/org/apache/ranger/ranger-plugins-common/2.3.0/ranger-plugins-common-2.3.0.jar:/home/runner/.m2/repository/commons-lang/commons-lang/2.6/commons-lang-2.6.jar:/home/runner/.m2/repository/org/apache/ranger/ranger-plugins-cred/2.3.0/ranger-plugins-cred-2.3.0.jar:/home/runner/.m2/repository/org/apache/ranger/ranger-plugins-audit/2.3.0/ranger-plugins-audit-2.3.0.jar:/home/runner/.m2/repository/org/eclipse/jetty/jetty-client/9.4.53.v20231009/jetty-client-9.4.53.v20231009.jar:/home/runner/.m2/repository/org/apache/httpcomponents/httpmime/4.5.6/httpmime-4.5.6.jar:/home/runner/.m2/repository/org/apache/httpcomponents/httpcore-nio/4.4.13/httpcore-nio-4.4.13.jar:/home/runner/.m2/repository/org/apache/httpcomponents/httpasyncclient/4.1.3/httpasyncclient-4.1.3.jar:/home/runner/.m2/repository/joda-time/joda-time/2.12.5/joda-time-2.12.5.jar:/home/runner/.m2/repository/com/carrotsearch/hppc/0.8.0/hppc-0.8.0.jar:/home/runner/.m2/repository/org/apache/orc/orc-core/1.5.8/orc-core-1.5.8.jar:/home/runner/.m2/repository/net/java/dev/jna/jna/5.2.0/jna-5.2.0.jar:/home/runner/.m2/repository/net/java/dev/jna/jna-platform/5.2.0/jna-platform-5.2.0.jar:/home/runner/.m2/repository/com/kstruct/gethostname4j/0.0.2/gethostname4j-0.0.2.jar:/home/runner/.m2/repository/org/apache/ranger/ranger-plugin-classloader/2.3.0/ranger-plugin-classloader-2.3.0.jar:/home/runner/.m2/repository/org/junit/jupiter/junit-jupiter-params/5.8.2/junit-jupiter-params-5.8.2.jar:/home/runner/.m2/repository/org/apiguardian/apiguardian-api/1.1.2/apiguardian-api-1.1.2.jar:/home/runner/work/ozone/ozone/hadoop-hdds/rocks-native/target/classes:/home/runner/.m2/repository/org/eclipse/jetty/jetty-io/9.4.53.v20231009/jetty-io-9.4.53.v20231009.jar:/home/runner/.m2/repository/org/mockito/mockito-junit-jupiter/3.5.9/mockito-junit-jupiter-3.5.9.jar:/home/runner/work/ozone/ozone/hadoop-ozone/ozone-manager/target/gradle-enterprise/test-listeners.jar:"/>
    <property name="sun.cpu.endian" value="little"/>
    <property name="user.home" value="/home/runner"/>
    <property name="user.language" value="en"/>
    <property name="java.specification.vendor" value="Oracle Corporation"/>
    <property name="java.home" value="/usr/lib/jvm/temurin-8-jdk-amd64/jre"/>
    <property name="java.security.krb5.conf" value="/home/runner/work/ozone/ozone/hadoop-ozone/ozone-manager/target/test-classes/krb5.conf"/>
    <property name="file.separator" value="/"/>
    <property name="basedir" value="/home/runner/work/ozone/ozone/hadoop-ozone/ozone-manager"/>
    <property name="line.separator" value="&#10;"/>
    <property name="java.vm.specification.vendor" value="Oracle Corporation"/>
    <property name="java.specification.name" value="Java Platform API Specification"/>
    <property name="skip.installnpx" value="true"/>
    <property name="java.awt.graphicsenv" value="sun.awt.X11GraphicsEnvironment"/>
    <property name="surefire.real.class.path" value="/home/runner/work/ozone/ozone/hadoop-ozone/ozone-manager/target/surefire/surefirebooter3058853075196847940.jar:/home/runner/.m2/repository/org/jacoco/org.jacoco.agent/0.8.5/org.jacoco.agent-0.8.5-runtime.jar"/>
    <property name="sun.boot.class.path" value="/usr/lib/jvm/temurin-8-jdk-amd64/jre/lib/resources.jar:/usr/lib/jvm/temurin-8-jdk-amd64/jre/lib/rt.jar:/usr/lib/jvm/temurin-8-jdk-amd64/jre/lib/sunrsasign.jar:/usr/lib/jvm/temurin-8-jdk-amd64/jre/lib/jsse.jar:/usr/lib/jvm/temurin-8-jdk-amd64/jre/lib/jce.jar:/usr/lib/jvm/temurin-8-jdk-amd64/jre/lib/charsets.jar:/usr/lib/jvm/temurin-8-jdk-amd64/jre/lib/jfr.jar:/usr/lib/jvm/temurin-8-jdk-amd64/jre/classes"/>
    <property name="hadoop.log.dir" value="/home/runner/work/ozone/ozone/hadoop-ozone/ozone-manager/target/log"/>
    <property name="sun.management.compiler" value="HotSpot 64-Bit Tiered Compilers"/>
    <property name="java.runtime.version" value="1.8.0_382-b05"/>
    <property name="skip.npx" value="true"/>
    <property name="user.name" value="runner"/>
    <property name="java.net.preferIPv4Stack" value="true"/>
    <property name="path.separator" value=":"/>
    <property name="java.security.egd" value="file:///dev/urandom"/>
    <property name="os.version" value="5.15.0-1050-azure"/>
    <property name="java.endorsed.dirs" value="/usr/lib/jvm/temurin-8-jdk-amd64/jre/lib/endorsed"/>
    <property name="java.runtime.name" value="OpenJDK Runtime Environment"/>
    <property name="com.gradle.maven.scan.extension.test.listener.junitplatform.NestedExecutionSafeDelegatingTestExecutionListener" value="b4711e2"/>
    <property name="file.encoding" value="UTF-8"/>
    <property name="java.vm.name" value="OpenJDK 64-Bit Server VM"/>
    <property name="test.build.webapps" value=""/>
    <property name="localRepository" value="/home/runner/.m2/repository"/>
    <property name="gradle.enterprise.listener.port" value="33635"/>
    <property name="java.vendor.url.bug" value="https://github.com/adoptium/adoptium-support/issues"/>
    <property name="require.test.libhadoop" value=""/>
    <property name="java.io.tmpdir" value="/tmp"/>
    <property name="java.version" value="1.8.0_382"/>
    <property name="user.dir" value="/home/runner/work/ozone/ozone/hadoop-ozone/ozone-manager"/>
    <property name="os.arch" value="amd64"/>
    <property name="test.build.classes" value="/home/runner/work/ozone/ozone/hadoop-ozone/ozone-manager/target/test-classes"/>
    <property name="java.vm.specification.name" value="Java Virtual Machine Specification"/>
    <property name="java.awt.printerjob" value="sun.print.PSPrinterJob"/>
    <property name="sun.os.patch.level" value="unknown"/>
    <property name="excludedGroups" value="native | unhealthy | org.apache.ozone.test.UnhealthyTest"/>
    <property name="hadoop.tmp.dir" value="/home/runner/work/ozone/ozone/hadoop-ozone/ozone-manager/target/tmp"/>
    <property name="java.library.path" value="/usr/java/packages/lib/amd64:/usr/lib64:/lib64:/lib:/usr/lib"/>
    <property name="java.vendor" value="Temurin"/>
    <property name="java.vm.info" value="mixed mode"/>
    <property name="java.vm.version" value="25.382-b05"/>
    <property name="java.specification.maintenance.version" value="5"/>
    <property name="sun.io.unicode.encoding" value="UnicodeLittle"/>
    <property name="java.ext.dirs" value="/usr/lib/jvm/temurin-8-jdk-amd64/jre/lib/ext:/usr/java/packages/lib/ext"/>
    <property name="java.class.version" value="52.0"/>
  </properties>
  <testcase name="testGetSnapshotDiffReportHappyCase" classname="org.apache.hadoop.ozone.om.snapshot.TestSnapshotDiffManager" time="4.453">
    <system-out><![CDATA[2023-11-17 10:20:44,382 [main] INFO  audit.AuditLogger (AuditLogger.java:refreshDebugCmdSet(126)) - Refresh DebugCmdSet for OMAudit to [].
2023-11-17 10:20:45,830 [main] INFO  utils.NativeLibraryLoader (NativeLibraryLoader.java:loadLibrary(108)) - Loading Library: ozone_rocksdb_tools
2023-11-17 10:20:45,832 [main] INFO  snapshot.SnapshotDiffManager (SnapshotDiffManager.java:closeExecutorService(1715)) - Shutting down executorService: 'SstDumpToolExecutor'
2023-11-17 10:20:46,036 [main] INFO  snapshot.SnapshotDiffManager (SnapshotDiffManager.java:submitSnapDiffJob(713)) - Submitting snap diff report generation request for volume: volume, bucket: bucket, fromSnapshot: snap-a1fdd4b8-94c8-4269-a4b2-fd46ac6f4576 and toSnapshot: snap-980dbab4-de76-4b3b-9d15-6ecbd9551aa0
2023-11-17 10:20:46,043 [nullsnapshot-diff-job-thread-id-0] INFO  snapshot.SnapshotDiffManager (SnapshotDiffManager.java:generateSnapshotDiffReport(816)) - Started snap diff report generation for volume: 'volume', bucket: 'bucket', fromSnapshot: 'snap-a1fdd4b8-94c8-4269-a4b2-fd46ac6f4576', toSnapshot: 'snap-980dbab4-de76-4b3b-9d15-6ecbd9551aa0'
2023-11-17 10:20:46,046 [nullsnapshot-diff-job-thread-id-0] INFO  snapshot.SnapshotCache (SnapshotCache.java:lambda$1(170)) - Loading snapshot. Table key: /volume/bucket/snap-a1fdd4b8-94c8-4269-a4b2-fd46ac6f4576
2023-11-17 10:20:46,073 [nullsnapshot-diff-job-thread-id-0] INFO  audit.AuditLogger (AuditLogger.java:refreshDebugCmdSet(126)) - Refresh DebugCmdSet for OMAudit to [].
2023-11-17 10:20:46,120 [nullsnapshot-diff-job-thread-id-0] INFO  snapshot.SnapshotCache (SnapshotCache.java:lambda$1(170)) - Loading snapshot. Table key: /volume/bucket/snap-980dbab4-de76-4b3b-9d15-6ecbd9551aa0
2023-11-17 10:20:47,053 [main] INFO  snapshot.SnapshotDiffManager (SnapshotDiffManager.java:closeExecutorService(1715)) - Shutting down executorService: 'SnapDiffExecutor'
2023-11-17 10:20:47,054 [main] INFO  snapshot.SnapshotDiffManager (SnapshotDiffManager.java:closeExecutorService(1715)) - Shutting down executorService: 'SstDumpToolExecutor'
]]></system-out>
  </testcase>
  <testcase name="testCreatePageResponse(int, int, int)[1]" classname="org.apache.hadoop.ozone.om.snapshot.TestSnapshotDiffManager" time="0.152">
    <system-out><![CDATA[2023-11-17 10:20:47,137 [main] INFO  snapshot.SnapshotDiffManager (SnapshotDiffManager.java:closeExecutorService(1715)) - Shutting down executorService: 'SstDumpToolExecutor'
2023-11-17 10:20:47,267 [main] INFO  snapshot.SnapshotDiffManager (SnapshotDiffManager.java:closeExecutorService(1715)) - Shutting down executorService: 'SnapDiffExecutor'
2023-11-17 10:20:47,268 [main] INFO  snapshot.SnapshotDiffManager (SnapshotDiffManager.java:closeExecutorService(1715)) - Shutting down executorService: 'SstDumpToolExecutor'
]]></system-out>
  </testcase>
  <testcase name="testCreatePageResponse(int, int, int)[2]" classname="org.apache.hadoop.ozone.om.snapshot.TestSnapshotDiffManager" time="0.026">
    <system-out><![CDATA[2023-11-17 10:20:47,294 [main] INFO  snapshot.SnapshotDiffManager (SnapshotDiffManager.java:closeExecutorService(1715)) - Shutting down executorService: 'SstDumpToolExecutor'
2023-11-17 10:20:47,298 [main] INFO  snapshot.SnapshotDiffManager (SnapshotDiffManager.java:closeExecutorService(1715)) - Shutting down executorService: 'SnapDiffExecutor'
2023-11-17 10:20:47,298 [main] INFO  snapshot.SnapshotDiffManager (SnapshotDiffManager.java:closeExecutorService(1715)) - Shutting down executorService: 'SstDumpToolExecutor'
]]></system-out>
  </testcase>
  <testcase name="testCreatePageResponse(int, int, int)[3]" classname="org.apache.hadoop.ozone.om.snapshot.TestSnapshotDiffManager" time="0.028">
    <system-out><![CDATA[2023-11-17 10:20:47,328 [main] INFO  snapshot.SnapshotDiffManager (SnapshotDiffManager.java:closeExecutorService(1715)) - Shutting down executorService: 'SstDumpToolExecutor'
2023-11-17 10:20:47,331 [main] INFO  snapshot.SnapshotDiffManager (SnapshotDiffManager.java:closeExecutorService(1715)) - Shutting down executorService: 'SnapDiffExecutor'
2023-11-17 10:20:47,331 [main] INFO  snapshot.SnapshotDiffManager (SnapshotDiffManager.java:closeExecutorService(1715)) - Shutting down executorService: 'SstDumpToolExecutor'
]]></system-out>
  </testcase>
  <testcase name="testCreatePageResponse(int, int, int)[4]" classname="org.apache.hadoop.ozone.om.snapshot.TestSnapshotDiffManager" time="0.23">
    <system-out><![CDATA[2023-11-17 10:20:47,362 [main] INFO  snapshot.SnapshotDiffManager (SnapshotDiffManager.java:closeExecutorService(1715)) - Shutting down executorService: 'SstDumpToolExecutor'
2023-11-17 10:20:47,565 [main] INFO  snapshot.SnapshotDiffManager (SnapshotDiffManager.java:closeExecutorService(1715)) - Shutting down executorService: 'SnapDiffExecutor'
2023-11-17 10:20:47,565 [main] INFO  snapshot.SnapshotDiffManager (SnapshotDiffManager.java:closeExecutorService(1715)) - Shutting down executorService: 'SstDumpToolExecutor'
]]></system-out>
  </testcase>
  <testcase name="testCreatePageResponse(int, int, int)[5]" classname="org.apache.hadoop.ozone.om.snapshot.TestSnapshotDiffManager" time="0.042">
    <system-out><![CDATA[2023-11-17 10:20:47,591 [main] INFO  snapshot.SnapshotDiffManager (SnapshotDiffManager.java:closeExecutorService(1715)) - Shutting down executorService: 'SstDumpToolExecutor'
2023-11-17 10:20:47,611 [main] INFO  snapshot.SnapshotDiffManager (SnapshotDiffManager.java:closeExecutorService(1715)) - Shutting down executorService: 'SnapDiffExecutor'
2023-11-17 10:20:47,611 [main] INFO  snapshot.SnapshotDiffManager (SnapshotDiffManager.java:closeExecutorService(1715)) - Shutting down executorService: 'SstDumpToolExecutor'
]]></system-out>
  </testcase>
  <testcase name="testCreatePageResponse(int, int, int)[6]" classname="org.apache.hadoop.ozone.om.snapshot.TestSnapshotDiffManager" time="0.036">
    <system-out><![CDATA[2023-11-17 10:20:47,633 [main] INFO  snapshot.SnapshotDiffManager (SnapshotDiffManager.java:closeExecutorService(1715)) - Shutting down executorService: 'SstDumpToolExecutor'
2023-11-17 10:20:47,650 [main] INFO  snapshot.SnapshotDiffManager (SnapshotDiffManager.java:closeExecutorService(1715)) - Shutting down executorService: 'SnapDiffExecutor'
2023-11-17 10:20:47,651 [main] INFO  snapshot.SnapshotDiffManager (SnapshotDiffManager.java:closeExecutorService(1715)) - Shutting down executorService: 'SstDumpToolExecutor'
]]></system-out>
  </testcase>
  <testcase name="testObjectIdMapWithTombstoneEntries(boolean, String)[1]" classname="org.apache.hadoop.ozone.om.snapshot.TestSnapshotDiffManager" time="0.139">
    <system-out><![CDATA[2023-11-17 10:20:47,676 [main] INFO  snapshot.SnapshotDiffManager (SnapshotDiffManager.java:closeExecutorService(1715)) - Shutting down executorService: 'SstDumpToolExecutor'
2023-11-17 10:20:47,794 [main] INFO  snapshot.SnapshotDiffManager (SnapshotDiffManager.java:closeExecutorService(1715)) - Shutting down executorService: 'SnapDiffExecutor'
2023-11-17 10:20:47,795 [main] INFO  snapshot.SnapshotDiffManager (SnapshotDiffManager.java:closeExecutorService(1715)) - Shutting down executorService: 'SstDumpToolExecutor'
]]></system-out>
  </testcase>
  <testcase name="testObjectIdMapWithTombstoneEntries(boolean, String)[2]" classname="org.apache.hadoop.ozone.om.snapshot.TestSnapshotDiffManager" time="0.039">
    <system-out><![CDATA[2023-11-17 10:20:47,819 [main] INFO  snapshot.SnapshotDiffManager (SnapshotDiffManager.java:closeExecutorService(1715)) - Shutting down executorService: 'SstDumpToolExecutor'
2023-11-17 10:20:47,838 [main] INFO  snapshot.SnapshotDiffManager (SnapshotDiffManager.java:closeExecutorService(1715)) - Shutting down executorService: 'SnapDiffExecutor'
2023-11-17 10:20:47,839 [main] INFO  snapshot.SnapshotDiffManager (SnapshotDiffManager.java:closeExecutorService(1715)) - Shutting down executorService: 'SstDumpToolExecutor'
]]></system-out>
  </testcase>
  <testcase name="testObjectIdMapWithTombstoneEntries(boolean, String)[3]" classname="org.apache.hadoop.ozone.om.snapshot.TestSnapshotDiffManager" time="0.05">
    <system-out><![CDATA[2023-11-17 10:20:47,864 [main] INFO  snapshot.SnapshotDiffManager (SnapshotDiffManager.java:closeExecutorService(1715)) - Shutting down executorService: 'SstDumpToolExecutor'
2023-11-17 10:20:47,892 [main] INFO  snapshot.SnapshotDiffManager (SnapshotDiffManager.java:closeExecutorService(1715)) - Shutting down executorService: 'SnapDiffExecutor'
2023-11-17 10:20:47,892 [main] INFO  snapshot.SnapshotDiffManager (SnapshotDiffManager.java:closeExecutorService(1715)) - Shutting down executorService: 'SstDumpToolExecutor'
]]></system-out>
  </testcase>
  <testcase name="testObjectIdMapWithTombstoneEntries(boolean, String)[4]" classname="org.apache.hadoop.ozone.om.snapshot.TestSnapshotDiffManager" time="0.033">
    <system-out><![CDATA[2023-11-17 10:20:47,911 [main] INFO  snapshot.SnapshotDiffManager (SnapshotDiffManager.java:closeExecutorService(1715)) - Shutting down executorService: 'SstDumpToolExecutor'
2023-11-17 10:20:47,928 [main] INFO  snapshot.SnapshotDiffManager (SnapshotDiffManager.java:closeExecutorService(1715)) - Shutting down executorService: 'SnapDiffExecutor'
2023-11-17 10:20:47,928 [main] INFO  snapshot.SnapshotDiffManager (SnapshotDiffManager.java:closeExecutorService(1715)) - Shutting down executorService: 'SstDumpToolExecutor'
]]></system-out>
  </testcase>
  <testcase name="testObjectIdMapWithTombstoneEntries(boolean, String)[5]" classname="org.apache.hadoop.ozone.om.snapshot.TestSnapshotDiffManager" time="0.024">
    <system-out><![CDATA[2023-11-17 10:20:47,948 [main] INFO  snapshot.SnapshotDiffManager (SnapshotDiffManager.java:closeExecutorService(1715)) - Shutting down executorService: 'SstDumpToolExecutor'
2023-11-17 10:20:47,956 [main] INFO  snapshot.SnapshotDiffManager (SnapshotDiffManager.java:closeExecutorService(1715)) - Shutting down executorService: 'SnapDiffExecutor'
2023-11-17 10:20:47,956 [main] INFO  snapshot.SnapshotDiffManager (SnapshotDiffManager.java:closeExecutorService(1715)) - Shutting down executorService: 'SstDumpToolExecutor'
]]></system-out>
  </testcase>
  <testcase name="testObjectIdMapWithTombstoneEntries(boolean, String)[6]" classname="org.apache.hadoop.ozone.om.snapshot.TestSnapshotDiffManager" time="0.029">
    <system-out><![CDATA[2023-11-17 10:20:47,974 [main] INFO  snapshot.SnapshotDiffManager (SnapshotDiffManager.java:closeExecutorService(1715)) - Shutting down executorService: 'SstDumpToolExecutor'
2023-11-17 10:20:47,988 [main] INFO  snapshot.SnapshotDiffManager (SnapshotDiffManager.java:closeExecutorService(1715)) - Shutting down executorService: 'SnapDiffExecutor'
2023-11-17 10:20:47,988 [main] INFO  snapshot.SnapshotDiffManager (SnapshotDiffManager.java:closeExecutorService(1715)) - Shutting down executorService: 'SstDumpToolExecutor'
]]></system-out>
  </testcase>
  <testcase name="testGetDeltaFilesWithDifferThrowException(int)[1]" classname="org.apache.hadoop.ozone.om.snapshot.TestSnapshotDiffManager" time="0.189">
    <system-out><![CDATA[2023-11-17 10:20:48,013 [main] INFO  snapshot.SnapshotDiffManager (SnapshotDiffManager.java:closeExecutorService(1715)) - Shutting down executorService: 'SstDumpToolExecutor'
2023-11-17 10:20:48,091 [main] INFO  snapshot.SnapshotCache (SnapshotCache.java:lambda$1(170)) - Loading snapshot. Table key: 1fad8d17-1fc6-4d17-9365-36ee64b9a4f9
2023-11-17 10:20:48,094 [main] INFO  snapshot.SnapshotCache (SnapshotCache.java:lambda$1(170)) - Loading snapshot. Table key: a01041c6-800d-4b3f-8d16-7c22b11e3574
2023-11-17 10:20:48,174 [main] WARN  snapshot.SnapshotDiffManager (SnapshotDiffManager.java:getDeltaFiles(1201)) - Failed to get SST diff file using RocksDBCheckpointDiffer. It will fallback to full diff now.
java.io.FileNotFoundException: File not found exception.
	at org.apache.ozone.rocksdiff.RocksDBCheckpointDiffer.getSSTDiffListWithFullPath(RocksDBCheckpointDiffer.java:878)
	at org.apache.hadoop.ozone.om.snapshot.SnapshotDiffManager.getDeltaFiles(SnapshotDiffManager.java:1197)
	at org.apache.hadoop.ozone.om.snapshot.TestSnapshotDiffManager.testGetDeltaFilesWithDifferThrowException(TestSnapshotDiffManager.java:582)
	at sun.reflect.NativeMethodAccessorImpl.invoke0(Native Method)
	at sun.reflect.NativeMethodAccessorImpl.invoke(NativeMethodAccessorImpl.java:62)
	at sun.reflect.DelegatingMethodAccessorImpl.invoke(DelegatingMethodAccessorImpl.java:43)
	at java.lang.reflect.Method.invoke(Method.java:498)
	at org.junit.platform.commons.util.ReflectionUtils.invokeMethod(ReflectionUtils.java:725)
	at org.junit.jupiter.engine.execution.MethodInvocation.proceed(MethodInvocation.java:60)
	at org.junit.jupiter.engine.execution.InvocationInterceptorChain$ValidatingInvocation.proceed(InvocationInterceptorChain.java:131)
	at org.junit.jupiter.engine.extension.TimeoutExtension.intercept(TimeoutExtension.java:149)
	at org.junit.jupiter.engine.extension.TimeoutExtension.interceptTestableMethod(TimeoutExtension.java:140)
	at org.junit.jupiter.engine.extension.TimeoutExtension.interceptTestTemplateMethod(TimeoutExtension.java:92)
	at org.junit.jupiter.engine.execution.ExecutableInvoker$ReflectiveInterceptorCall.lambda$ofVoidMethod$0(ExecutableInvoker.java:115)
	at org.junit.jupiter.engine.execution.ExecutableInvoker.lambda$invoke$0(ExecutableInvoker.java:105)
	at org.junit.jupiter.engine.execution.InvocationInterceptorChain$InterceptedInvocation.proceed(InvocationInterceptorChain.java:106)
	at org.junit.jupiter.engine.execution.InvocationInterceptorChain.proceed(InvocationInterceptorChain.java:64)
	at org.junit.jupiter.engine.execution.InvocationInterceptorChain.chainAndInvoke(InvocationInterceptorChain.java:45)
	at org.junit.jupiter.engine.execution.InvocationInterceptorChain.invoke(InvocationInterceptorChain.java:37)
	at org.junit.jupiter.engine.execution.ExecutableInvoker.invoke(ExecutableInvoker.java:104)
	at org.junit.jupiter.engine.execution.ExecutableInvoker.invoke(ExecutableInvoker.java:98)
	at org.junit.jupiter.engine.descriptor.TestMethodTestDescriptor.lambda$invokeTestMethod$7(TestMethodTestDescriptor.java:214)
	at org.junit.platform.engine.support.hierarchical.ThrowableCollector.execute(ThrowableCollector.java:73)
	at org.junit.jupiter.engine.descriptor.TestMethodTestDescriptor.invokeTestMethod(TestMethodTestDescriptor.java:210)
	at org.junit.jupiter.engine.descriptor.TestMethodTestDescriptor.execute(TestMethodTestDescriptor.java:135)
	at org.junit.jupiter.engine.descriptor.TestMethodTestDescriptor.execute(TestMethodTestDescriptor.java:66)
	at org.junit.platform.engine.support.hierarchical.NodeTestTask.lambda$executeRecursively$6(NodeTestTask.java:151)
	at org.junit.platform.engine.support.hierarchical.ThrowableCollector.execute(ThrowableCollector.java:73)
	at org.junit.platform.engine.support.hierarchical.NodeTestTask.lambda$executeRecursively$8(NodeTestTask.java:141)
	at org.junit.platform.engine.support.hierarchical.Node.around(Node.java:137)
	at org.junit.platform.engine.support.hierarchical.NodeTestTask.lambda$executeRecursively$9(NodeTestTask.java:139)
	at org.junit.platform.engine.support.hierarchical.ThrowableCollector.execute(ThrowableCollector.java:73)
	at org.junit.platform.engine.support.hierarchical.NodeTestTask.executeRecursively(NodeTestTask.java:138)
	at org.junit.platform.engine.support.hierarchical.NodeTestTask.execute(NodeTestTask.java:95)
	at org.junit.platform.engine.support.hierarchical.SameThreadHierarchicalTestExecutorService.submit(SameThreadHierarchicalTestExecutorService.java:35)
	at org.junit.platform.engine.support.hierarchical.NodeTestTask$DefaultDynamicTestExecutor.execute(NodeTestTask.java:226)
	at org.junit.platform.engine.support.hierarchical.NodeTestTask$DefaultDynamicTestExecutor.execute(NodeTestTask.java:204)
	at org.junit.jupiter.engine.descriptor.TestTemplateTestDescriptor.execute(TestTemplateTestDescriptor.java:139)
	at org.junit.jupiter.engine.descriptor.TestTemplateTestDescriptor.lambda$execute$2(TestTemplateTestDescriptor.java:107)
	at java.util.stream.ForEachOps$ForEachOp$OfRef.accept(ForEachOps.java:183)
	at java.util.stream.ReferencePipeline$3$1.accept(ReferencePipeline.java:193)
	at java.util.stream.ReferencePipeline$2$1.accept(ReferencePipeline.java:175)
	at java.util.stream.ReferencePipeline$3$1.accept(ReferencePipeline.java:193)
	at java.util.stream.ForEachOps$ForEachOp$OfRef.accept(ForEachOps.java:183)
	at java.util.stream.ReferencePipeline$3$1.accept(ReferencePipeline.java:193)
	at java.util.stream.ReferencePipeline$3$1.accept(ReferencePipeline.java:193)
	at java.util.stream.ReferencePipeline$3$1.accept(ReferencePipeline.java:193)
	at java.util.stream.ForEachOps$ForEachOp$OfRef.accept(ForEachOps.java:183)
	at java.util.stream.ReferencePipeline$3$1.accept(ReferencePipeline.java:193)
	at java.util.Spliterators$ArraySpliterator.forEachRemaining(Spliterators.java:948)
	at java.util.stream.AbstractPipeline.copyInto(AbstractPipeline.java:482)
	at java.util.stream.AbstractPipeline.wrapAndCopyInto(AbstractPipeline.java:472)
	at java.util.stream.ForEachOps$ForEachOp.evaluateSequential(ForEachOps.java:150)
	at java.util.stream.ForEachOps$ForEachOp$OfRef.evaluateSequential(ForEachOps.java:173)
	at java.util.stream.AbstractPipeline.evaluate(AbstractPipeline.java:234)
	at java.util.stream.ReferencePipeline.forEach(ReferencePipeline.java:485)
	at java.util.stream.ReferencePipeline$7$1.accept(ReferencePipeline.java:272)
	at java.util.stream.ReferencePipeline$3$1.accept(ReferencePipeline.java:193)
	at java.util.stream.ReferencePipeline$3$1.accept(ReferencePipeline.java:193)
	at java.util.stream.ReferencePipeline$3$1.accept(ReferencePipeline.java:193)
	at java.util.ArrayList$ArrayListSpliterator.forEachRemaining(ArrayList.java:1384)
	at java.util.stream.AbstractPipeline.copyInto(AbstractPipeline.java:482)
	at java.util.stream.AbstractPipeline.wrapAndCopyInto(AbstractPipeline.java:472)
	at java.util.stream.ForEachOps$ForEachOp.evaluateSequential(ForEachOps.java:150)
	at java.util.stream.ForEachOps$ForEachOp$OfRef.evaluateSequential(ForEachOps.java:173)
	at java.util.stream.AbstractPipeline.evaluate(AbstractPipeline.java:234)
	at java.util.stream.ReferencePipeline.forEach(ReferencePipeline.java:485)
	at java.util.stream.ReferencePipeline$7$1.accept(ReferencePipeline.java:272)
	at java.util.ArrayList$ArrayListSpliterator.forEachRemaining(ArrayList.java:1384)
	at java.util.stream.AbstractPipeline.copyInto(AbstractPipeline.java:482)
	at java.util.stream.AbstractPipeline.wrapAndCopyInto(AbstractPipeline.java:472)
	at java.util.stream.ForEachOps$ForEachOp.evaluateSequential(ForEachOps.java:150)
	at java.util.stream.ForEachOps$ForEachOp$OfRef.evaluateSequential(ForEachOps.java:173)
	at java.util.stream.AbstractPipeline.evaluate(AbstractPipeline.java:234)
	at java.util.stream.ReferencePipeline.forEach(ReferencePipeline.java:485)
	at org.junit.jupiter.engine.descriptor.TestTemplateTestDescriptor.execute(TestTemplateTestDescriptor.java:107)
	at org.junit.jupiter.engine.descriptor.TestTemplateTestDescriptor.execute(TestTemplateTestDescriptor.java:42)
	at org.junit.platform.engine.support.hierarchical.NodeTestTask.lambda$executeRecursively$6(NodeTestTask.java:151)
	at org.junit.platform.engine.support.hierarchical.ThrowableCollector.execute(ThrowableCollector.java:73)
	at org.junit.platform.engine.support.hierarchical.NodeTestTask.lambda$executeRecursively$8(NodeTestTask.java:141)
	at org.junit.platform.engine.support.hierarchical.Node.around(Node.java:137)
	at org.junit.platform.engine.support.hierarchical.NodeTestTask.lambda$executeRecursively$9(NodeTestTask.java:139)
	at org.junit.platform.engine.support.hierarchical.ThrowableCollector.execute(ThrowableCollector.java:73)
	at org.junit.platform.engine.support.hierarchical.NodeTestTask.executeRecursively(NodeTestTask.java:138)
	at org.junit.platform.engine.support.hierarchical.NodeTestTask.execute(NodeTestTask.java:95)
	at java.util.ArrayList.forEach(ArrayList.java:1259)
	at org.junit.platform.engine.support.hierarchical.SameThreadHierarchicalTestExecutorService.invokeAll(SameThreadHierarchicalTestExecutorService.java:41)
	at org.junit.platform.engine.support.hierarchical.NodeTestTask.lambda$executeRecursively$6(NodeTestTask.java:155)
	at org.junit.platform.engine.support.hierarchical.ThrowableCollector.execute(ThrowableCollector.java:73)
	at org.junit.platform.engine.support.hierarchical.NodeTestTask.lambda$executeRecursively$8(NodeTestTask.java:141)
	at org.junit.platform.engine.support.hierarchical.Node.around(Node.java:137)
	at org.junit.platform.engine.support.hierarchical.NodeTestTask.lambda$executeRecursively$9(NodeTestTask.java:139)
	at org.junit.platform.engine.support.hierarchical.ThrowableCollector.execute(ThrowableCollector.java:73)
	at org.junit.platform.engine.support.hierarchical.NodeTestTask.executeRecursively(NodeTestTask.java:138)
	at org.junit.platform.engine.support.hierarchical.NodeTestTask.execute(NodeTestTask.java:95)
	at java.util.ArrayList.forEach(ArrayList.java:1259)
	at org.junit.platform.engine.support.hierarchical.SameThreadHierarchicalTestExecutorService.invokeAll(SameThreadHierarchicalTestExecutorService.java:41)
	at org.junit.platform.engine.support.hierarchical.NodeTestTask.lambda$executeRecursively$6(NodeTestTask.java:155)
	at org.junit.platform.engine.support.hierarchical.ThrowableCollector.execute(ThrowableCollector.java:73)
	at org.junit.platform.engine.support.hierarchical.NodeTestTask.lambda$executeRecursively$8(NodeTestTask.java:141)
	at org.junit.platform.engine.support.hierarchical.Node.around(Node.java:137)
	at org.junit.platform.engine.support.hierarchical.NodeTestTask.lambda$executeRecursively$9(NodeTestTask.java:139)
	at org.junit.platform.engine.support.hierarchical.ThrowableCollector.execute(ThrowableCollector.java:73)
	at org.junit.platform.engine.support.hierarchical.NodeTestTask.executeRecursively(NodeTestTask.java:138)
	at org.junit.platform.engine.support.hierarchical.NodeTestTask.execute(NodeTestTask.java:95)
	at org.junit.platform.engine.support.hierarchical.SameThreadHierarchicalTestExecutorService.submit(SameThreadHierarchicalTestExecutorService.java:35)
	at org.junit.platform.engine.support.hierarchical.HierarchicalTestExecutor.execute(HierarchicalTestExecutor.java:57)
	at org.junit.platform.engine.support.hierarchical.HierarchicalTestEngine.execute(HierarchicalTestEngine.java:54)
	at org.junit.platform.launcher.core.EngineExecutionOrchestrator.execute(EngineExecutionOrchestrator.java:107)
	at org.junit.platform.launcher.core.EngineExecutionOrchestrator.execute(EngineExecutionOrchestrator.java:88)
	at org.junit.platform.launcher.core.EngineExecutionOrchestrator.lambda$execute$0(EngineExecutionOrchestrator.java:54)
	at org.junit.platform.launcher.core.EngineExecutionOrchestrator.withInterceptedStreams(EngineExecutionOrchestrator.java:67)
	at org.junit.platform.launcher.core.EngineExecutionOrchestrator.execute(EngineExecutionOrchestrator.java:52)
	at org.junit.platform.launcher.core.DefaultLauncher.execute(DefaultLauncher.java:114)
	at org.junit.platform.launcher.core.DefaultLauncher.execute(DefaultLauncher.java:86)
	at org.junit.platform.launcher.core.DefaultLauncherSession$DelegatingLauncher.execute(DefaultLauncherSession.java:86)
	at org.junit.platform.launcher.core.SessionPerRequestLauncher.execute(SessionPerRequestLauncher.java:53)
	at org.apache.maven.surefire.junitplatform.JUnitPlatformProvider.execute(JUnitPlatformProvider.java:188)
	at org.apache.maven.surefire.junitplatform.JUnitPlatformProvider.invokeAllTests(JUnitPlatformProvider.java:154)
	at org.apache.maven.surefire.junitplatform.JUnitPlatformProvider.invoke(JUnitPlatformProvider.java:124)
	at org.apache.maven.surefire.booter.ForkedBooter.runSuitesInProcess(ForkedBooter.java:428)
	at org.apache.maven.surefire.booter.ForkedBooter.execute(ForkedBooter.java:162)
	at org.apache.maven.surefire.booter.ForkedBooter.run(ForkedBooter.java:562)
	at org.apache.maven.surefire.booter.ForkedBooter.main(ForkedBooter.java:548)
2023-11-17 10:20:48,178 [main] WARN  snapshot.SnapshotDiffManager (SnapshotDiffManager.java:getDeltaFiles(1210)) - RocksDBCheckpointDiffer is not available, falling back to slow path
2023-11-17 10:20:48,182 [main] INFO  snapshot.SnapshotDiffManager (SnapshotDiffManager.java:closeExecutorService(1715)) - Shutting down executorService: 'SnapDiffExecutor'
2023-11-17 10:20:48,182 [main] INFO  snapshot.SnapshotDiffManager (SnapshotDiffManager.java:closeExecutorService(1715)) - Shutting down executorService: 'SstDumpToolExecutor'
]]></system-out>
  </testcase>
  <testcase name="testGetDeltaFilesWithDifferThrowException(int)[2]" classname="org.apache.hadoop.ozone.om.snapshot.TestSnapshotDiffManager" time="0.03">
    <system-out><![CDATA[2023-11-17 10:20:48,207 [main] INFO  snapshot.SnapshotDiffManager (SnapshotDiffManager.java:closeExecutorService(1715)) - Shutting down executorService: 'SstDumpToolExecutor'
2023-11-17 10:20:48,208 [main] INFO  snapshot.SnapshotCache (SnapshotCache.java:lambda$1(170)) - Loading snapshot. Table key: 453cc0cd-1090-4881-b74e-bb48419ff94d
2023-11-17 10:20:48,209 [main] INFO  snapshot.SnapshotCache (SnapshotCache.java:lambda$1(170)) - Loading snapshot. Table key: 454aab84-9726-47e1-86d5-dc5afd2f2703
2023-11-17 10:20:48,211 [main] WARN  snapshot.SnapshotDiffManager (SnapshotDiffManager.java:getDeltaFiles(1201)) - Failed to get SST diff file using RocksDBCheckpointDiffer. It will fallback to full diff now.
java.io.FileNotFoundException: File not found exception.
	at org.apache.ozone.rocksdiff.RocksDBCheckpointDiffer.getSSTDiffListWithFullPath(RocksDBCheckpointDiffer.java:878)
	at org.apache.hadoop.ozone.om.snapshot.SnapshotDiffManager.getDeltaFiles(SnapshotDiffManager.java:1197)
	at org.apache.hadoop.ozone.om.snapshot.TestSnapshotDiffManager.testGetDeltaFilesWithDifferThrowException(TestSnapshotDiffManager.java:582)
	at sun.reflect.NativeMethodAccessorImpl.invoke0(Native Method)
	at sun.reflect.NativeMethodAccessorImpl.invoke(NativeMethodAccessorImpl.java:62)
	at sun.reflect.DelegatingMethodAccessorImpl.invoke(DelegatingMethodAccessorImpl.java:43)
	at java.lang.reflect.Method.invoke(Method.java:498)
	at org.junit.platform.commons.util.ReflectionUtils.invokeMethod(ReflectionUtils.java:725)
	at org.junit.jupiter.engine.execution.MethodInvocation.proceed(MethodInvocation.java:60)
	at org.junit.jupiter.engine.execution.InvocationInterceptorChain$ValidatingInvocation.proceed(InvocationInterceptorChain.java:131)
	at org.junit.jupiter.engine.extension.TimeoutExtension.intercept(TimeoutExtension.java:149)
	at org.junit.jupiter.engine.extension.TimeoutExtension.interceptTestableMethod(TimeoutExtension.java:140)
	at org.junit.jupiter.engine.extension.TimeoutExtension.interceptTestTemplateMethod(TimeoutExtension.java:92)
	at org.junit.jupiter.engine.execution.ExecutableInvoker$ReflectiveInterceptorCall.lambda$ofVoidMethod$0(ExecutableInvoker.java:115)
	at org.junit.jupiter.engine.execution.ExecutableInvoker.lambda$invoke$0(ExecutableInvoker.java:105)
	at org.junit.jupiter.engine.execution.InvocationInterceptorChain$InterceptedInvocation.proceed(InvocationInterceptorChain.java:106)
	at org.junit.jupiter.engine.execution.InvocationInterceptorChain.proceed(InvocationInterceptorChain.java:64)
	at org.junit.jupiter.engine.execution.InvocationInterceptorChain.chainAndInvoke(InvocationInterceptorChain.java:45)
	at org.junit.jupiter.engine.execution.InvocationInterceptorChain.invoke(InvocationInterceptorChain.java:37)
	at org.junit.jupiter.engine.execution.ExecutableInvoker.invoke(ExecutableInvoker.java:104)
	at org.junit.jupiter.engine.execution.ExecutableInvoker.invoke(ExecutableInvoker.java:98)
	at org.junit.jupiter.engine.descriptor.TestMethodTestDescriptor.lambda$invokeTestMethod$7(TestMethodTestDescriptor.java:214)
	at org.junit.platform.engine.support.hierarchical.ThrowableCollector.execute(ThrowableCollector.java:73)
	at org.junit.jupiter.engine.descriptor.TestMethodTestDescriptor.invokeTestMethod(TestMethodTestDescriptor.java:210)
	at org.junit.jupiter.engine.descriptor.TestMethodTestDescriptor.execute(TestMethodTestDescriptor.java:135)
	at org.junit.jupiter.engine.descriptor.TestMethodTestDescriptor.execute(TestMethodTestDescriptor.java:66)
	at org.junit.platform.engine.support.hierarchical.NodeTestTask.lambda$executeRecursively$6(NodeTestTask.java:151)
	at org.junit.platform.engine.support.hierarchical.ThrowableCollector.execute(ThrowableCollector.java:73)
	at org.junit.platform.engine.support.hierarchical.NodeTestTask.lambda$executeRecursively$8(NodeTestTask.java:141)
	at org.junit.platform.engine.support.hierarchical.Node.around(Node.java:137)
	at org.junit.platform.engine.support.hierarchical.NodeTestTask.lambda$executeRecursively$9(NodeTestTask.java:139)
	at org.junit.platform.engine.support.hierarchical.ThrowableCollector.execute(ThrowableCollector.java:73)
	at org.junit.platform.engine.support.hierarchical.NodeTestTask.executeRecursively(NodeTestTask.java:138)
	at org.junit.platform.engine.support.hierarchical.NodeTestTask.execute(NodeTestTask.java:95)
	at org.junit.platform.engine.support.hierarchical.SameThreadHierarchicalTestExecutorService.submit(SameThreadHierarchicalTestExecutorService.java:35)
	at org.junit.platform.engine.support.hierarchical.NodeTestTask$DefaultDynamicTestExecutor.execute(NodeTestTask.java:226)
	at org.junit.platform.engine.support.hierarchical.NodeTestTask$DefaultDynamicTestExecutor.execute(NodeTestTask.java:204)
	at org.junit.jupiter.engine.descriptor.TestTemplateTestDescriptor.execute(TestTemplateTestDescriptor.java:139)
	at org.junit.jupiter.engine.descriptor.TestTemplateTestDescriptor.lambda$execute$2(TestTemplateTestDescriptor.java:107)
	at java.util.stream.ForEachOps$ForEachOp$OfRef.accept(ForEachOps.java:183)
	at java.util.stream.ReferencePipeline$3$1.accept(ReferencePipeline.java:193)
	at java.util.stream.ReferencePipeline$2$1.accept(ReferencePipeline.java:175)
	at java.util.stream.ReferencePipeline$3$1.accept(ReferencePipeline.java:193)
	at java.util.stream.ForEachOps$ForEachOp$OfRef.accept(ForEachOps.java:183)
	at java.util.stream.ReferencePipeline$3$1.accept(ReferencePipeline.java:193)
	at java.util.stream.ReferencePipeline$3$1.accept(ReferencePipeline.java:193)
	at java.util.stream.ReferencePipeline$3$1.accept(ReferencePipeline.java:193)
	at java.util.stream.ForEachOps$ForEachOp$OfRef.accept(ForEachOps.java:183)
	at java.util.stream.ReferencePipeline$3$1.accept(ReferencePipeline.java:193)
	at java.util.Spliterators$ArraySpliterator.forEachRemaining(Spliterators.java:948)
	at java.util.stream.AbstractPipeline.copyInto(AbstractPipeline.java:482)
	at java.util.stream.AbstractPipeline.wrapAndCopyInto(AbstractPipeline.java:472)
	at java.util.stream.ForEachOps$ForEachOp.evaluateSequential(ForEachOps.java:150)
	at java.util.stream.ForEachOps$ForEachOp$OfRef.evaluateSequential(ForEachOps.java:173)
	at java.util.stream.AbstractPipeline.evaluate(AbstractPipeline.java:234)
	at java.util.stream.ReferencePipeline.forEach(ReferencePipeline.java:485)
	at java.util.stream.ReferencePipeline$7$1.accept(ReferencePipeline.java:272)
	at java.util.stream.ReferencePipeline$3$1.accept(ReferencePipeline.java:193)
	at java.util.stream.ReferencePipeline$3$1.accept(ReferencePipeline.java:193)
	at java.util.stream.ReferencePipeline$3$1.accept(ReferencePipeline.java:193)
	at java.util.ArrayList$ArrayListSpliterator.forEachRemaining(ArrayList.java:1384)
	at java.util.stream.AbstractPipeline.copyInto(AbstractPipeline.java:482)
	at java.util.stream.AbstractPipeline.wrapAndCopyInto(AbstractPipeline.java:472)
	at java.util.stream.ForEachOps$ForEachOp.evaluateSequential(ForEachOps.java:150)
	at java.util.stream.ForEachOps$ForEachOp$OfRef.evaluateSequential(ForEachOps.java:173)
	at java.util.stream.AbstractPipeline.evaluate(AbstractPipeline.java:234)
	at java.util.stream.ReferencePipeline.forEach(ReferencePipeline.java:485)
	at java.util.stream.ReferencePipeline$7$1.accept(ReferencePipeline.java:272)
	at java.util.ArrayList$ArrayListSpliterator.forEachRemaining(ArrayList.java:1384)
	at java.util.stream.AbstractPipeline.copyInto(AbstractPipeline.java:482)
	at java.util.stream.AbstractPipeline.wrapAndCopyInto(AbstractPipeline.java:472)
	at java.util.stream.ForEachOps$ForEachOp.evaluateSequential(ForEachOps.java:150)
	at java.util.stream.ForEachOps$ForEachOp$OfRef.evaluateSequential(ForEachOps.java:173)
	at java.util.stream.AbstractPipeline.evaluate(AbstractPipeline.java:234)
	at java.util.stream.ReferencePipeline.forEach(ReferencePipeline.java:485)
	at org.junit.jupiter.engine.descriptor.TestTemplateTestDescriptor.execute(TestTemplateTestDescriptor.java:107)
	at org.junit.jupiter.engine.descriptor.TestTemplateTestDescriptor.execute(TestTemplateTestDescriptor.java:42)
	at org.junit.platform.engine.support.hierarchical.NodeTestTask.lambda$executeRecursively$6(NodeTestTask.java:151)
	at org.junit.platform.engine.support.hierarchical.ThrowableCollector.execute(ThrowableCollector.java:73)
	at org.junit.platform.engine.support.hierarchical.NodeTestTask.lambda$executeRecursively$8(NodeTestTask.java:141)
	at org.junit.platform.engine.support.hierarchical.Node.around(Node.java:137)
	at org.junit.platform.engine.support.hierarchical.NodeTestTask.lambda$executeRecursively$9(NodeTestTask.java:139)
	at org.junit.platform.engine.support.hierarchical.ThrowableCollector.execute(ThrowableCollector.java:73)
	at org.junit.platform.engine.support.hierarchical.NodeTestTask.executeRecursively(NodeTestTask.java:138)
	at org.junit.platform.engine.support.hierarchical.NodeTestTask.execute(NodeTestTask.java:95)
	at java.util.ArrayList.forEach(ArrayList.java:1259)
	at org.junit.platform.engine.support.hierarchical.SameThreadHierarchicalTestExecutorService.invokeAll(SameThreadHierarchicalTestExecutorService.java:41)
	at org.junit.platform.engine.support.hierarchical.NodeTestTask.lambda$executeRecursively$6(NodeTestTask.java:155)
	at org.junit.platform.engine.support.hierarchical.ThrowableCollector.execute(ThrowableCollector.java:73)
	at org.junit.platform.engine.support.hierarchical.NodeTestTask.lambda$executeRecursively$8(NodeTestTask.java:141)
	at org.junit.platform.engine.support.hierarchical.Node.around(Node.java:137)
	at org.junit.platform.engine.support.hierarchical.NodeTestTask.lambda$executeRecursively$9(NodeTestTask.java:139)
	at org.junit.platform.engine.support.hierarchical.ThrowableCollector.execute(ThrowableCollector.java:73)
	at org.junit.platform.engine.support.hierarchical.NodeTestTask.executeRecursively(NodeTestTask.java:138)
	at org.junit.platform.engine.support.hierarchical.NodeTestTask.execute(NodeTestTask.java:95)
	at java.util.ArrayList.forEach(ArrayList.java:1259)
	at org.junit.platform.engine.support.hierarchical.SameThreadHierarchicalTestExecutorService.invokeAll(SameThreadHierarchicalTestExecutorService.java:41)
	at org.junit.platform.engine.support.hierarchical.NodeTestTask.lambda$executeRecursively$6(NodeTestTask.java:155)
	at org.junit.platform.engine.support.hierarchical.ThrowableCollector.execute(ThrowableCollector.java:73)
	at org.junit.platform.engine.support.hierarchical.NodeTestTask.lambda$executeRecursively$8(NodeTestTask.java:141)
	at org.junit.platform.engine.support.hierarchical.Node.around(Node.java:137)
	at org.junit.platform.engine.support.hierarchical.NodeTestTask.lambda$executeRecursively$9(NodeTestTask.java:139)
	at org.junit.platform.engine.support.hierarchical.ThrowableCollector.execute(ThrowableCollector.java:73)
	at org.junit.platform.engine.support.hierarchical.NodeTestTask.executeRecursively(NodeTestTask.java:138)
	at org.junit.platform.engine.support.hierarchical.NodeTestTask.execute(NodeTestTask.java:95)
	at org.junit.platform.engine.support.hierarchical.SameThreadHierarchicalTestExecutorService.submit(SameThreadHierarchicalTestExecutorService.java:35)
	at org.junit.platform.engine.support.hierarchical.HierarchicalTestExecutor.execute(HierarchicalTestExecutor.java:57)
	at org.junit.platform.engine.support.hierarchical.HierarchicalTestEngine.execute(HierarchicalTestEngine.java:54)
	at org.junit.platform.launcher.core.EngineExecutionOrchestrator.execute(EngineExecutionOrchestrator.java:107)
	at org.junit.platform.launcher.core.EngineExecutionOrchestrator.execute(EngineExecutionOrchestrator.java:88)
	at org.junit.platform.launcher.core.EngineExecutionOrchestrator.lambda$execute$0(EngineExecutionOrchestrator.java:54)
	at org.junit.platform.launcher.core.EngineExecutionOrchestrator.withInterceptedStreams(EngineExecutionOrchestrator.java:67)
	at org.junit.platform.launcher.core.EngineExecutionOrchestrator.execute(EngineExecutionOrchestrator.java:52)
	at org.junit.platform.launcher.core.DefaultLauncher.execute(DefaultLauncher.java:114)
	at org.junit.platform.launcher.core.DefaultLauncher.execute(DefaultLauncher.java:86)
	at org.junit.platform.launcher.core.DefaultLauncherSession$DelegatingLauncher.execute(DefaultLauncherSession.java:86)
	at org.junit.platform.launcher.core.SessionPerRequestLauncher.execute(SessionPerRequestLauncher.java:53)
	at org.apache.maven.surefire.junitplatform.JUnitPlatformProvider.execute(JUnitPlatformProvider.java:188)
	at org.apache.maven.surefire.junitplatform.JUnitPlatformProvider.invokeAllTests(JUnitPlatformProvider.java:154)
	at org.apache.maven.surefire.junitplatform.JUnitPlatformProvider.invoke(JUnitPlatformProvider.java:124)
	at org.apache.maven.surefire.booter.ForkedBooter.runSuitesInProcess(ForkedBooter.java:428)
	at org.apache.maven.surefire.booter.ForkedBooter.execute(ForkedBooter.java:162)
	at org.apache.maven.surefire.booter.ForkedBooter.run(ForkedBooter.java:562)
	at org.apache.maven.surefire.booter.ForkedBooter.main(ForkedBooter.java:548)
2023-11-17 10:20:48,213 [main] WARN  snapshot.SnapshotDiffManager (SnapshotDiffManager.java:getDeltaFiles(1210)) - RocksDBCheckpointDiffer is not available, falling back to slow path
2023-11-17 10:20:48,216 [main] INFO  snapshot.SnapshotDiffManager (SnapshotDiffManager.java:closeExecutorService(1715)) - Shutting down executorService: 'SnapDiffExecutor'
2023-11-17 10:20:48,216 [main] INFO  snapshot.SnapshotDiffManager (SnapshotDiffManager.java:closeExecutorService(1715)) - Shutting down executorService: 'SstDumpToolExecutor'
]]></system-out>
  </testcase>
  <testcase name="testGetDeltaFilesWithDifferThrowException(int)[3]" classname="org.apache.hadoop.ozone.om.snapshot.TestSnapshotDiffManager" time="0.03">
    <system-out><![CDATA[2023-11-17 10:20:48,241 [main] INFO  snapshot.SnapshotDiffManager (SnapshotDiffManager.java:closeExecutorService(1715)) - Shutting down executorService: 'SstDumpToolExecutor'
2023-11-17 10:20:48,242 [main] INFO  snapshot.SnapshotCache (SnapshotCache.java:lambda$1(170)) - Loading snapshot. Table key: 5e9df6ae-3fe9-4c1e-90df-903a9cd3d2f1
2023-11-17 10:20:48,242 [main] INFO  snapshot.SnapshotCache (SnapshotCache.java:lambda$1(170)) - Loading snapshot. Table key: e587eb57-f528-46c3-ae85-b35e7d15fc0f
2023-11-17 10:20:48,244 [main] WARN  snapshot.SnapshotDiffManager (SnapshotDiffManager.java:getDeltaFiles(1201)) - Failed to get SST diff file using RocksDBCheckpointDiffer. It will fallback to full diff now.
java.io.FileNotFoundException: File not found exception.
	at org.apache.ozone.rocksdiff.RocksDBCheckpointDiffer.getSSTDiffListWithFullPath(RocksDBCheckpointDiffer.java:878)
	at org.apache.hadoop.ozone.om.snapshot.SnapshotDiffManager.getDeltaFiles(SnapshotDiffManager.java:1197)
	at org.apache.hadoop.ozone.om.snapshot.TestSnapshotDiffManager.testGetDeltaFilesWithDifferThrowException(TestSnapshotDiffManager.java:582)
	at sun.reflect.NativeMethodAccessorImpl.invoke0(Native Method)
	at sun.reflect.NativeMethodAccessorImpl.invoke(NativeMethodAccessorImpl.java:62)
	at sun.reflect.DelegatingMethodAccessorImpl.invoke(DelegatingMethodAccessorImpl.java:43)
	at java.lang.reflect.Method.invoke(Method.java:498)
	at org.junit.platform.commons.util.ReflectionUtils.invokeMethod(ReflectionUtils.java:725)
	at org.junit.jupiter.engine.execution.MethodInvocation.proceed(MethodInvocation.java:60)
	at org.junit.jupiter.engine.execution.InvocationInterceptorChain$ValidatingInvocation.proceed(InvocationInterceptorChain.java:131)
	at org.junit.jupiter.engine.extension.TimeoutExtension.intercept(TimeoutExtension.java:149)
	at org.junit.jupiter.engine.extension.TimeoutExtension.interceptTestableMethod(TimeoutExtension.java:140)
	at org.junit.jupiter.engine.extension.TimeoutExtension.interceptTestTemplateMethod(TimeoutExtension.java:92)
	at org.junit.jupiter.engine.execution.ExecutableInvoker$ReflectiveInterceptorCall.lambda$ofVoidMethod$0(ExecutableInvoker.java:115)
	at org.junit.jupiter.engine.execution.ExecutableInvoker.lambda$invoke$0(ExecutableInvoker.java:105)
	at org.junit.jupiter.engine.execution.InvocationInterceptorChain$InterceptedInvocation.proceed(InvocationInterceptorChain.java:106)
	at org.junit.jupiter.engine.execution.InvocationInterceptorChain.proceed(InvocationInterceptorChain.java:64)
	at org.junit.jupiter.engine.execution.InvocationInterceptorChain.chainAndInvoke(InvocationInterceptorChain.java:45)
	at org.junit.jupiter.engine.execution.InvocationInterceptorChain.invoke(InvocationInterceptorChain.java:37)
	at org.junit.jupiter.engine.execution.ExecutableInvoker.invoke(ExecutableInvoker.java:104)
	at org.junit.jupiter.engine.execution.ExecutableInvoker.invoke(ExecutableInvoker.java:98)
	at org.junit.jupiter.engine.descriptor.TestMethodTestDescriptor.lambda$invokeTestMethod$7(TestMethodTestDescriptor.java:214)
	at org.junit.platform.engine.support.hierarchical.ThrowableCollector.execute(ThrowableCollector.java:73)
	at org.junit.jupiter.engine.descriptor.TestMethodTestDescriptor.invokeTestMethod(TestMethodTestDescriptor.java:210)
	at org.junit.jupiter.engine.descriptor.TestMethodTestDescriptor.execute(TestMethodTestDescriptor.java:135)
	at org.junit.jupiter.engine.descriptor.TestMethodTestDescriptor.execute(TestMethodTestDescriptor.java:66)
	at org.junit.platform.engine.support.hierarchical.NodeTestTask.lambda$executeRecursively$6(NodeTestTask.java:151)
	at org.junit.platform.engine.support.hierarchical.ThrowableCollector.execute(ThrowableCollector.java:73)
	at org.junit.platform.engine.support.hierarchical.NodeTestTask.lambda$executeRecursively$8(NodeTestTask.java:141)
	at org.junit.platform.engine.support.hierarchical.Node.around(Node.java:137)
	at org.junit.platform.engine.support.hierarchical.NodeTestTask.lambda$executeRecursively$9(NodeTestTask.java:139)
	at org.junit.platform.engine.support.hierarchical.ThrowableCollector.execute(ThrowableCollector.java:73)
	at org.junit.platform.engine.support.hierarchical.NodeTestTask.executeRecursively(NodeTestTask.java:138)
	at org.junit.platform.engine.support.hierarchical.NodeTestTask.execute(NodeTestTask.java:95)
	at org.junit.platform.engine.support.hierarchical.SameThreadHierarchicalTestExecutorService.submit(SameThreadHierarchicalTestExecutorService.java:35)
	at org.junit.platform.engine.support.hierarchical.NodeTestTask$DefaultDynamicTestExecutor.execute(NodeTestTask.java:226)
	at org.junit.platform.engine.support.hierarchical.NodeTestTask$DefaultDynamicTestExecutor.execute(NodeTestTask.java:204)
	at org.junit.jupiter.engine.descriptor.TestTemplateTestDescriptor.execute(TestTemplateTestDescriptor.java:139)
	at org.junit.jupiter.engine.descriptor.TestTemplateTestDescriptor.lambda$execute$2(TestTemplateTestDescriptor.java:107)
	at java.util.stream.ForEachOps$ForEachOp$OfRef.accept(ForEachOps.java:183)
	at java.util.stream.ReferencePipeline$3$1.accept(ReferencePipeline.java:193)
	at java.util.stream.ReferencePipeline$2$1.accept(ReferencePipeline.java:175)
	at java.util.stream.ReferencePipeline$3$1.accept(ReferencePipeline.java:193)
	at java.util.stream.ForEachOps$ForEachOp$OfRef.accept(ForEachOps.java:183)
	at java.util.stream.ReferencePipeline$3$1.accept(ReferencePipeline.java:193)
	at java.util.stream.ReferencePipeline$3$1.accept(ReferencePipeline.java:193)
	at java.util.stream.ReferencePipeline$3$1.accept(ReferencePipeline.java:193)
	at java.util.stream.ForEachOps$ForEachOp$OfRef.accept(ForEachOps.java:183)
	at java.util.stream.ReferencePipeline$3$1.accept(ReferencePipeline.java:193)
	at java.util.Spliterators$ArraySpliterator.forEachRemaining(Spliterators.java:948)
	at java.util.stream.AbstractPipeline.copyInto(AbstractPipeline.java:482)
	at java.util.stream.AbstractPipeline.wrapAndCopyInto(AbstractPipeline.java:472)
	at java.util.stream.ForEachOps$ForEachOp.evaluateSequential(ForEachOps.java:150)
	at java.util.stream.ForEachOps$ForEachOp$OfRef.evaluateSequential(ForEachOps.java:173)
	at java.util.stream.AbstractPipeline.evaluate(AbstractPipeline.java:234)
	at java.util.stream.ReferencePipeline.forEach(ReferencePipeline.java:485)
	at java.util.stream.ReferencePipeline$7$1.accept(ReferencePipeline.java:272)
	at java.util.stream.ReferencePipeline$3$1.accept(ReferencePipeline.java:193)
	at java.util.stream.ReferencePipeline$3$1.accept(ReferencePipeline.java:193)
	at java.util.stream.ReferencePipeline$3$1.accept(ReferencePipeline.java:193)
	at java.util.ArrayList$ArrayListSpliterator.forEachRemaining(ArrayList.java:1384)
	at java.util.stream.AbstractPipeline.copyInto(AbstractPipeline.java:482)
	at java.util.stream.AbstractPipeline.wrapAndCopyInto(AbstractPipeline.java:472)
	at java.util.stream.ForEachOps$ForEachOp.evaluateSequential(ForEachOps.java:150)
	at java.util.stream.ForEachOps$ForEachOp$OfRef.evaluateSequential(ForEachOps.java:173)
	at java.util.stream.AbstractPipeline.evaluate(AbstractPipeline.java:234)
	at java.util.stream.ReferencePipeline.forEach(ReferencePipeline.java:485)
	at java.util.stream.ReferencePipeline$7$1.accept(ReferencePipeline.java:272)
	at java.util.ArrayList$ArrayListSpliterator.forEachRemaining(ArrayList.java:1384)
	at java.util.stream.AbstractPipeline.copyInto(AbstractPipeline.java:482)
	at java.util.stream.AbstractPipeline.wrapAndCopyInto(AbstractPipeline.java:472)
	at java.util.stream.ForEachOps$ForEachOp.evaluateSequential(ForEachOps.java:150)
	at java.util.stream.ForEachOps$ForEachOp$OfRef.evaluateSequential(ForEachOps.java:173)
	at java.util.stream.AbstractPipeline.evaluate(AbstractPipeline.java:234)
	at java.util.stream.ReferencePipeline.forEach(ReferencePipeline.java:485)
	at org.junit.jupiter.engine.descriptor.TestTemplateTestDescriptor.execute(TestTemplateTestDescriptor.java:107)
	at org.junit.jupiter.engine.descriptor.TestTemplateTestDescriptor.execute(TestTemplateTestDescriptor.java:42)
	at org.junit.platform.engine.support.hierarchical.NodeTestTask.lambda$executeRecursively$6(NodeTestTask.java:151)
	at org.junit.platform.engine.support.hierarchical.ThrowableCollector.execute(ThrowableCollector.java:73)
	at org.junit.platform.engine.support.hierarchical.NodeTestTask.lambda$executeRecursively$8(NodeTestTask.java:141)
	at org.junit.platform.engine.support.hierarchical.Node.around(Node.java:137)
	at org.junit.platform.engine.support.hierarchical.NodeTestTask.lambda$executeRecursively$9(NodeTestTask.java:139)
	at org.junit.platform.engine.support.hierarchical.ThrowableCollector.execute(ThrowableCollector.java:73)
	at org.junit.platform.engine.support.hierarchical.NodeTestTask.executeRecursively(NodeTestTask.java:138)
	at org.junit.platform.engine.support.hierarchical.NodeTestTask.execute(NodeTestTask.java:95)
	at java.util.ArrayList.forEach(ArrayList.java:1259)
	at org.junit.platform.engine.support.hierarchical.SameThreadHierarchicalTestExecutorService.invokeAll(SameThreadHierarchicalTestExecutorService.java:41)
	at org.junit.platform.engine.support.hierarchical.NodeTestTask.lambda$executeRecursively$6(NodeTestTask.java:155)
	at org.junit.platform.engine.support.hierarchical.ThrowableCollector.execute(ThrowableCollector.java:73)
	at org.junit.platform.engine.support.hierarchical.NodeTestTask.lambda$executeRecursively$8(NodeTestTask.java:141)
	at org.junit.platform.engine.support.hierarchical.Node.around(Node.java:137)
	at org.junit.platform.engine.support.hierarchical.NodeTestTask.lambda$executeRecursively$9(NodeTestTask.java:139)
	at org.junit.platform.engine.support.hierarchical.ThrowableCollector.execute(ThrowableCollector.java:73)
	at org.junit.platform.engine.support.hierarchical.NodeTestTask.executeRecursively(NodeTestTask.java:138)
	at org.junit.platform.engine.support.hierarchical.NodeTestTask.execute(NodeTestTask.java:95)
	at java.util.ArrayList.forEach(ArrayList.java:1259)
	at org.junit.platform.engine.support.hierarchical.SameThreadHierarchicalTestExecutorService.invokeAll(SameThreadHierarchicalTestExecutorService.java:41)
	at org.junit.platform.engine.support.hierarchical.NodeTestTask.lambda$executeRecursively$6(NodeTestTask.java:155)
	at org.junit.platform.engine.support.hierarchical.ThrowableCollector.execute(ThrowableCollector.java:73)
	at org.junit.platform.engine.support.hierarchical.NodeTestTask.lambda$executeRecursively$8(NodeTestTask.java:141)
	at org.junit.platform.engine.support.hierarchical.Node.around(Node.java:137)
	at org.junit.platform.engine.support.hierarchical.NodeTestTask.lambda$executeRecursively$9(NodeTestTask.java:139)
	at org.junit.platform.engine.support.hierarchical.ThrowableCollector.execute(ThrowableCollector.java:73)
	at org.junit.platform.engine.support.hierarchical.NodeTestTask.executeRecursively(NodeTestTask.java:138)
	at org.junit.platform.engine.support.hierarchical.NodeTestTask.execute(NodeTestTask.java:95)
	at org.junit.platform.engine.support.hierarchical.SameThreadHierarchicalTestExecutorService.submit(SameThreadHierarchicalTestExecutorService.java:35)
	at org.junit.platform.engine.support.hierarchical.HierarchicalTestExecutor.execute(HierarchicalTestExecutor.java:57)
	at org.junit.platform.engine.support.hierarchical.HierarchicalTestEngine.execute(HierarchicalTestEngine.java:54)
	at org.junit.platform.launcher.core.EngineExecutionOrchestrator.execute(EngineExecutionOrchestrator.java:107)
	at org.junit.platform.launcher.core.EngineExecutionOrchestrator.execute(EngineExecutionOrchestrator.java:88)
	at org.junit.platform.launcher.core.EngineExecutionOrchestrator.lambda$execute$0(EngineExecutionOrchestrator.java:54)
	at org.junit.platform.launcher.core.EngineExecutionOrchestrator.withInterceptedStreams(EngineExecutionOrchestrator.java:67)
	at org.junit.platform.launcher.core.EngineExecutionOrchestrator.execute(EngineExecutionOrchestrator.java:52)
	at org.junit.platform.launcher.core.DefaultLauncher.execute(DefaultLauncher.java:114)
	at org.junit.platform.launcher.core.DefaultLauncher.execute(DefaultLauncher.java:86)
	at org.junit.platform.launcher.core.DefaultLauncherSession$DelegatingLauncher.execute(DefaultLauncherSession.java:86)
	at org.junit.platform.launcher.core.SessionPerRequestLauncher.execute(SessionPerRequestLauncher.java:53)
	at org.apache.maven.surefire.junitplatform.JUnitPlatformProvider.execute(JUnitPlatformProvider.java:188)
	at org.apache.maven.surefire.junitplatform.JUnitPlatformProvider.invokeAllTests(JUnitPlatformProvider.java:154)
	at org.apache.maven.surefire.junitplatform.JUnitPlatformProvider.invoke(JUnitPlatformProvider.java:124)
	at org.apache.maven.surefire.booter.ForkedBooter.runSuitesInProcess(ForkedBooter.java:428)
	at org.apache.maven.surefire.booter.ForkedBooter.execute(ForkedBooter.java:162)
	at org.apache.maven.surefire.booter.ForkedBooter.run(ForkedBooter.java:562)
	at org.apache.maven.surefire.booter.ForkedBooter.main(ForkedBooter.java:548)
2023-11-17 10:20:48,246 [main] WARN  snapshot.SnapshotDiffManager (SnapshotDiffManager.java:getDeltaFiles(1210)) - RocksDBCheckpointDiffer is not available, falling back to slow path
2023-11-17 10:20:48,248 [main] INFO  snapshot.SnapshotDiffManager (SnapshotDiffManager.java:closeExecutorService(1715)) - Shutting down executorService: 'SnapDiffExecutor'
2023-11-17 10:20:48,248 [main] INFO  snapshot.SnapshotDiffManager (SnapshotDiffManager.java:closeExecutorService(1715)) - Shutting down executorService: 'SstDumpToolExecutor'
]]></system-out>
  </testcase>
  <testcase name="testGetDeltaFilesWithDifferThrowException(int)[4]" classname="org.apache.hadoop.ozone.om.snapshot.TestSnapshotDiffManager" time="0.026">
    <system-out><![CDATA[2023-11-17 10:20:48,269 [main] INFO  snapshot.SnapshotDiffManager (SnapshotDiffManager.java:closeExecutorService(1715)) - Shutting down executorService: 'SstDumpToolExecutor'
2023-11-17 10:20:48,270 [main] INFO  snapshot.SnapshotCache (SnapshotCache.java:lambda$1(170)) - Loading snapshot. Table key: 9e3f0341-814d-44aa-8362-8523d691d399
2023-11-17 10:20:48,271 [main] INFO  snapshot.SnapshotCache (SnapshotCache.java:lambda$1(170)) - Loading snapshot. Table key: 2a4deb8d-9379-4a18-aef2-ca5d7db546cc
2023-11-17 10:20:48,273 [main] WARN  snapshot.SnapshotDiffManager (SnapshotDiffManager.java:getDeltaFiles(1201)) - Failed to get SST diff file using RocksDBCheckpointDiffer. It will fallback to full diff now.
java.io.FileNotFoundException: File not found exception.
	at org.apache.ozone.rocksdiff.RocksDBCheckpointDiffer.getSSTDiffListWithFullPath(RocksDBCheckpointDiffer.java:878)
	at org.apache.hadoop.ozone.om.snapshot.SnapshotDiffManager.getDeltaFiles(SnapshotDiffManager.java:1197)
	at org.apache.hadoop.ozone.om.snapshot.TestSnapshotDiffManager.testGetDeltaFilesWithDifferThrowException(TestSnapshotDiffManager.java:582)
	at sun.reflect.NativeMethodAccessorImpl.invoke0(Native Method)
	at sun.reflect.NativeMethodAccessorImpl.invoke(NativeMethodAccessorImpl.java:62)
	at sun.reflect.DelegatingMethodAccessorImpl.invoke(DelegatingMethodAccessorImpl.java:43)
	at java.lang.reflect.Method.invoke(Method.java:498)
	at org.junit.platform.commons.util.ReflectionUtils.invokeMethod(ReflectionUtils.java:725)
	at org.junit.jupiter.engine.execution.MethodInvocation.proceed(MethodInvocation.java:60)
	at org.junit.jupiter.engine.execution.InvocationInterceptorChain$ValidatingInvocation.proceed(InvocationInterceptorChain.java:131)
	at org.junit.jupiter.engine.extension.TimeoutExtension.intercept(TimeoutExtension.java:149)
	at org.junit.jupiter.engine.extension.TimeoutExtension.interceptTestableMethod(TimeoutExtension.java:140)
	at org.junit.jupiter.engine.extension.TimeoutExtension.interceptTestTemplateMethod(TimeoutExtension.java:92)
	at org.junit.jupiter.engine.execution.ExecutableInvoker$ReflectiveInterceptorCall.lambda$ofVoidMethod$0(ExecutableInvoker.java:115)
	at org.junit.jupiter.engine.execution.ExecutableInvoker.lambda$invoke$0(ExecutableInvoker.java:105)
	at org.junit.jupiter.engine.execution.InvocationInterceptorChain$InterceptedInvocation.proceed(InvocationInterceptorChain.java:106)
	at org.junit.jupiter.engine.execution.InvocationInterceptorChain.proceed(InvocationInterceptorChain.java:64)
	at org.junit.jupiter.engine.execution.InvocationInterceptorChain.chainAndInvoke(InvocationInterceptorChain.java:45)
	at org.junit.jupiter.engine.execution.InvocationInterceptorChain.invoke(InvocationInterceptorChain.java:37)
	at org.junit.jupiter.engine.execution.ExecutableInvoker.invoke(ExecutableInvoker.java:104)
	at org.junit.jupiter.engine.execution.ExecutableInvoker.invoke(ExecutableInvoker.java:98)
	at org.junit.jupiter.engine.descriptor.TestMethodTestDescriptor.lambda$invokeTestMethod$7(TestMethodTestDescriptor.java:214)
	at org.junit.platform.engine.support.hierarchical.ThrowableCollector.execute(ThrowableCollector.java:73)
	at org.junit.jupiter.engine.descriptor.TestMethodTestDescriptor.invokeTestMethod(TestMethodTestDescriptor.java:210)
	at org.junit.jupiter.engine.descriptor.TestMethodTestDescriptor.execute(TestMethodTestDescriptor.java:135)
	at org.junit.jupiter.engine.descriptor.TestMethodTestDescriptor.execute(TestMethodTestDescriptor.java:66)
	at org.junit.platform.engine.support.hierarchical.NodeTestTask.lambda$executeRecursively$6(NodeTestTask.java:151)
	at org.junit.platform.engine.support.hierarchical.ThrowableCollector.execute(ThrowableCollector.java:73)
	at org.junit.platform.engine.support.hierarchical.NodeTestTask.lambda$executeRecursively$8(NodeTestTask.java:141)
	at org.junit.platform.engine.support.hierarchical.Node.around(Node.java:137)
	at org.junit.platform.engine.support.hierarchical.NodeTestTask.lambda$executeRecursively$9(NodeTestTask.java:139)
	at org.junit.platform.engine.support.hierarchical.ThrowableCollector.execute(ThrowableCollector.java:73)
	at org.junit.platform.engine.support.hierarchical.NodeTestTask.executeRecursively(NodeTestTask.java:138)
	at org.junit.platform.engine.support.hierarchical.NodeTestTask.execute(NodeTestTask.java:95)
	at org.junit.platform.engine.support.hierarchical.SameThreadHierarchicalTestExecutorService.submit(SameThreadHierarchicalTestExecutorService.java:35)
	at org.junit.platform.engine.support.hierarchical.NodeTestTask$DefaultDynamicTestExecutor.execute(NodeTestTask.java:226)
	at org.junit.platform.engine.support.hierarchical.NodeTestTask$DefaultDynamicTestExecutor.execute(NodeTestTask.java:204)
	at org.junit.jupiter.engine.descriptor.TestTemplateTestDescriptor.execute(TestTemplateTestDescriptor.java:139)
	at org.junit.jupiter.engine.descriptor.TestTemplateTestDescriptor.lambda$execute$2(TestTemplateTestDescriptor.java:107)
	at java.util.stream.ForEachOps$ForEachOp$OfRef.accept(ForEachOps.java:183)
	at java.util.stream.ReferencePipeline$3$1.accept(ReferencePipeline.java:193)
	at java.util.stream.ReferencePipeline$2$1.accept(ReferencePipeline.java:175)
	at java.util.stream.ReferencePipeline$3$1.accept(ReferencePipeline.java:193)
	at java.util.stream.ForEachOps$ForEachOp$OfRef.accept(ForEachOps.java:183)
	at java.util.stream.ReferencePipeline$3$1.accept(ReferencePipeline.java:193)
	at java.util.stream.ReferencePipeline$3$1.accept(ReferencePipeline.java:193)
	at java.util.stream.ReferencePipeline$3$1.accept(ReferencePipeline.java:193)
	at java.util.stream.ForEachOps$ForEachOp$OfRef.accept(ForEachOps.java:183)
	at java.util.stream.ReferencePipeline$3$1.accept(ReferencePipeline.java:193)
	at java.util.Spliterators$ArraySpliterator.forEachRemaining(Spliterators.java:948)
	at java.util.stream.AbstractPipeline.copyInto(AbstractPipeline.java:482)
	at java.util.stream.AbstractPipeline.wrapAndCopyInto(AbstractPipeline.java:472)
	at java.util.stream.ForEachOps$ForEachOp.evaluateSequential(ForEachOps.java:150)
	at java.util.stream.ForEachOps$ForEachOp$OfRef.evaluateSequential(ForEachOps.java:173)
	at java.util.stream.AbstractPipeline.evaluate(AbstractPipeline.java:234)
	at java.util.stream.ReferencePipeline.forEach(ReferencePipeline.java:485)
	at java.util.stream.ReferencePipeline$7$1.accept(ReferencePipeline.java:272)
	at java.util.stream.ReferencePipeline$3$1.accept(ReferencePipeline.java:193)
	at java.util.stream.ReferencePipeline$3$1.accept(ReferencePipeline.java:193)
	at java.util.stream.ReferencePipeline$3$1.accept(ReferencePipeline.java:193)
	at java.util.ArrayList$ArrayListSpliterator.forEachRemaining(ArrayList.java:1384)
	at java.util.stream.AbstractPipeline.copyInto(AbstractPipeline.java:482)
	at java.util.stream.AbstractPipeline.wrapAndCopyInto(AbstractPipeline.java:472)
	at java.util.stream.ForEachOps$ForEachOp.evaluateSequential(ForEachOps.java:150)
	at java.util.stream.ForEachOps$ForEachOp$OfRef.evaluateSequential(ForEachOps.java:173)
	at java.util.stream.AbstractPipeline.evaluate(AbstractPipeline.java:234)
	at java.util.stream.ReferencePipeline.forEach(ReferencePipeline.java:485)
	at java.util.stream.ReferencePipeline$7$1.accept(ReferencePipeline.java:272)
	at java.util.ArrayList$ArrayListSpliterator.forEachRemaining(ArrayList.java:1384)
	at java.util.stream.AbstractPipeline.copyInto(AbstractPipeline.java:482)
	at java.util.stream.AbstractPipeline.wrapAndCopyInto(AbstractPipeline.java:472)
	at java.util.stream.ForEachOps$ForEachOp.evaluateSequential(ForEachOps.java:150)
	at java.util.stream.ForEachOps$ForEachOp$OfRef.evaluateSequential(ForEachOps.java:173)
	at java.util.stream.AbstractPipeline.evaluate(AbstractPipeline.java:234)
	at java.util.stream.ReferencePipeline.forEach(ReferencePipeline.java:485)
	at org.junit.jupiter.engine.descriptor.TestTemplateTestDescriptor.execute(TestTemplateTestDescriptor.java:107)
	at org.junit.jupiter.engine.descriptor.TestTemplateTestDescriptor.execute(TestTemplateTestDescriptor.java:42)
	at org.junit.platform.engine.support.hierarchical.NodeTestTask.lambda$executeRecursively$6(NodeTestTask.java:151)
	at org.junit.platform.engine.support.hierarchical.ThrowableCollector.execute(ThrowableCollector.java:73)
	at org.junit.platform.engine.support.hierarchical.NodeTestTask.lambda$executeRecursively$8(NodeTestTask.java:141)
	at org.junit.platform.engine.support.hierarchical.Node.around(Node.java:137)
	at org.junit.platform.engine.support.hierarchical.NodeTestTask.lambda$executeRecursively$9(NodeTestTask.java:139)
	at org.junit.platform.engine.support.hierarchical.ThrowableCollector.execute(ThrowableCollector.java:73)
	at org.junit.platform.engine.support.hierarchical.NodeTestTask.executeRecursively(NodeTestTask.java:138)
	at org.junit.platform.engine.support.hierarchical.NodeTestTask.execute(NodeTestTask.java:95)
	at java.util.ArrayList.forEach(ArrayList.java:1259)
	at org.junit.platform.engine.support.hierarchical.SameThreadHierarchicalTestExecutorService.invokeAll(SameThreadHierarchicalTestExecutorService.java:41)
	at org.junit.platform.engine.support.hierarchical.NodeTestTask.lambda$executeRecursively$6(NodeTestTask.java:155)
	at org.junit.platform.engine.support.hierarchical.ThrowableCollector.execute(ThrowableCollector.java:73)
	at org.junit.platform.engine.support.hierarchical.NodeTestTask.lambda$executeRecursively$8(NodeTestTask.java:141)
	at org.junit.platform.engine.support.hierarchical.Node.around(Node.java:137)
	at org.junit.platform.engine.support.hierarchical.NodeTestTask.lambda$executeRecursively$9(NodeTestTask.java:139)
	at org.junit.platform.engine.support.hierarchical.ThrowableCollector.execute(ThrowableCollector.java:73)
	at org.junit.platform.engine.support.hierarchical.NodeTestTask.executeRecursively(NodeTestTask.java:138)
	at org.junit.platform.engine.support.hierarchical.NodeTestTask.execute(NodeTestTask.java:95)
	at java.util.ArrayList.forEach(ArrayList.java:1259)
	at org.junit.platform.engine.support.hierarchical.SameThreadHierarchicalTestExecutorService.invokeAll(SameThreadHierarchicalTestExecutorService.java:41)
	at org.junit.platform.engine.support.hierarchical.NodeTestTask.lambda$executeRecursively$6(NodeTestTask.java:155)
	at org.junit.platform.engine.support.hierarchical.ThrowableCollector.execute(ThrowableCollector.java:73)
	at org.junit.platform.engine.support.hierarchical.NodeTestTask.lambda$executeRecursively$8(NodeTestTask.java:141)
	at org.junit.platform.engine.support.hierarchical.Node.around(Node.java:137)
	at org.junit.platform.engine.support.hierarchical.NodeTestTask.lambda$executeRecursively$9(NodeTestTask.java:139)
	at org.junit.platform.engine.support.hierarchical.ThrowableCollector.execute(ThrowableCollector.java:73)
	at org.junit.platform.engine.support.hierarchical.NodeTestTask.executeRecursively(NodeTestTask.java:138)
	at org.junit.platform.engine.support.hierarchical.NodeTestTask.execute(NodeTestTask.java:95)
	at org.junit.platform.engine.support.hierarchical.SameThreadHierarchicalTestExecutorService.submit(SameThreadHierarchicalTestExecutorService.java:35)
	at org.junit.platform.engine.support.hierarchical.HierarchicalTestExecutor.execute(HierarchicalTestExecutor.java:57)
	at org.junit.platform.engine.support.hierarchical.HierarchicalTestEngine.execute(HierarchicalTestEngine.java:54)
	at org.junit.platform.launcher.core.EngineExecutionOrchestrator.execute(EngineExecutionOrchestrator.java:107)
	at org.junit.platform.launcher.core.EngineExecutionOrchestrator.execute(EngineExecutionOrchestrator.java:88)
	at org.junit.platform.launcher.core.EngineExecutionOrchestrator.lambda$execute$0(EngineExecutionOrchestrator.java:54)
	at org.junit.platform.launcher.core.EngineExecutionOrchestrator.withInterceptedStreams(EngineExecutionOrchestrator.java:67)
	at org.junit.platform.launcher.core.EngineExecutionOrchestrator.execute(EngineExecutionOrchestrator.java:52)
	at org.junit.platform.launcher.core.DefaultLauncher.execute(DefaultLauncher.java:114)
	at org.junit.platform.launcher.core.DefaultLauncher.execute(DefaultLauncher.java:86)
	at org.junit.platform.launcher.core.DefaultLauncherSession$DelegatingLauncher.execute(DefaultLauncherSession.java:86)
	at org.junit.platform.launcher.core.SessionPerRequestLauncher.execute(SessionPerRequestLauncher.java:53)
	at org.apache.maven.surefire.junitplatform.JUnitPlatformProvider.execute(JUnitPlatformProvider.java:188)
	at org.apache.maven.surefire.junitplatform.JUnitPlatformProvider.invokeAllTests(JUnitPlatformProvider.java:154)
	at org.apache.maven.surefire.junitplatform.JUnitPlatformProvider.invoke(JUnitPlatformProvider.java:124)
	at org.apache.maven.surefire.booter.ForkedBooter.runSuitesInProcess(ForkedBooter.java:428)
	at org.apache.maven.surefire.booter.ForkedBooter.execute(ForkedBooter.java:162)
	at org.apache.maven.surefire.booter.ForkedBooter.run(ForkedBooter.java:562)
	at org.apache.maven.surefire.booter.ForkedBooter.main(ForkedBooter.java:548)
2023-11-17 10:20:48,274 [main] WARN  snapshot.SnapshotDiffManager (SnapshotDiffManager.java:getDeltaFiles(1210)) - RocksDBCheckpointDiffer is not available, falling back to slow path
2023-11-17 10:20:48,276 [main] INFO  snapshot.SnapshotDiffManager (SnapshotDiffManager.java:closeExecutorService(1715)) - Shutting down executorService: 'SnapDiffExecutor'
2023-11-17 10:20:48,277 [main] INFO  snapshot.SnapshotDiffManager (SnapshotDiffManager.java:closeExecutorService(1715)) - Shutting down executorService: 'SstDumpToolExecutor'
]]></system-out>
  </testcase>
  <testcase name="testGetDeltaFilesWithDifferThrowException(int)[5]" classname="org.apache.hadoop.ozone.om.snapshot.TestSnapshotDiffManager" time="0.026">
    <system-out><![CDATA[2023-11-17 10:20:48,299 [main] INFO  snapshot.SnapshotDiffManager (SnapshotDiffManager.java:closeExecutorService(1715)) - Shutting down executorService: 'SstDumpToolExecutor'
2023-11-17 10:20:48,300 [main] INFO  snapshot.SnapshotCache (SnapshotCache.java:lambda$1(170)) - Loading snapshot. Table key: 14faceb2-dc68-4dfe-bab3-d9e11b2b145c
2023-11-17 10:20:48,300 [main] INFO  snapshot.SnapshotCache (SnapshotCache.java:lambda$1(170)) - Loading snapshot. Table key: c6afc78b-a475-47c5-9ad7-9cf2d80c5681
2023-11-17 10:20:48,302 [main] WARN  snapshot.SnapshotDiffManager (SnapshotDiffManager.java:getDeltaFiles(1201)) - Failed to get SST diff file using RocksDBCheckpointDiffer. It will fallback to full diff now.
java.io.FileNotFoundException: File not found exception.
	at org.apache.ozone.rocksdiff.RocksDBCheckpointDiffer.getSSTDiffListWithFullPath(RocksDBCheckpointDiffer.java:878)
	at org.apache.hadoop.ozone.om.snapshot.SnapshotDiffManager.getDeltaFiles(SnapshotDiffManager.java:1197)
	at org.apache.hadoop.ozone.om.snapshot.TestSnapshotDiffManager.testGetDeltaFilesWithDifferThrowException(TestSnapshotDiffManager.java:582)
	at sun.reflect.NativeMethodAccessorImpl.invoke0(Native Method)
	at sun.reflect.NativeMethodAccessorImpl.invoke(NativeMethodAccessorImpl.java:62)
	at sun.reflect.DelegatingMethodAccessorImpl.invoke(DelegatingMethodAccessorImpl.java:43)
	at java.lang.reflect.Method.invoke(Method.java:498)
	at org.junit.platform.commons.util.ReflectionUtils.invokeMethod(ReflectionUtils.java:725)
	at org.junit.jupiter.engine.execution.MethodInvocation.proceed(MethodInvocation.java:60)
	at org.junit.jupiter.engine.execution.InvocationInterceptorChain$ValidatingInvocation.proceed(InvocationInterceptorChain.java:131)
	at org.junit.jupiter.engine.extension.TimeoutExtension.intercept(TimeoutExtension.java:149)
	at org.junit.jupiter.engine.extension.TimeoutExtension.interceptTestableMethod(TimeoutExtension.java:140)
	at org.junit.jupiter.engine.extension.TimeoutExtension.interceptTestTemplateMethod(TimeoutExtension.java:92)
	at org.junit.jupiter.engine.execution.ExecutableInvoker$ReflectiveInterceptorCall.lambda$ofVoidMethod$0(ExecutableInvoker.java:115)
	at org.junit.jupiter.engine.execution.ExecutableInvoker.lambda$invoke$0(ExecutableInvoker.java:105)
	at org.junit.jupiter.engine.execution.InvocationInterceptorChain$InterceptedInvocation.proceed(InvocationInterceptorChain.java:106)
	at org.junit.jupiter.engine.execution.InvocationInterceptorChain.proceed(InvocationInterceptorChain.java:64)
	at org.junit.jupiter.engine.execution.InvocationInterceptorChain.chainAndInvoke(InvocationInterceptorChain.java:45)
	at org.junit.jupiter.engine.execution.InvocationInterceptorChain.invoke(InvocationInterceptorChain.java:37)
	at org.junit.jupiter.engine.execution.ExecutableInvoker.invoke(ExecutableInvoker.java:104)
	at org.junit.jupiter.engine.execution.ExecutableInvoker.invoke(ExecutableInvoker.java:98)
	at org.junit.jupiter.engine.descriptor.TestMethodTestDescriptor.lambda$invokeTestMethod$7(TestMethodTestDescriptor.java:214)
	at org.junit.platform.engine.support.hierarchical.ThrowableCollector.execute(ThrowableCollector.java:73)
	at org.junit.jupiter.engine.descriptor.TestMethodTestDescriptor.invokeTestMethod(TestMethodTestDescriptor.java:210)
	at org.junit.jupiter.engine.descriptor.TestMethodTestDescriptor.execute(TestMethodTestDescriptor.java:135)
	at org.junit.jupiter.engine.descriptor.TestMethodTestDescriptor.execute(TestMethodTestDescriptor.java:66)
	at org.junit.platform.engine.support.hierarchical.NodeTestTask.lambda$executeRecursively$6(NodeTestTask.java:151)
	at org.junit.platform.engine.support.hierarchical.ThrowableCollector.execute(ThrowableCollector.java:73)
	at org.junit.platform.engine.support.hierarchical.NodeTestTask.lambda$executeRecursively$8(NodeTestTask.java:141)
	at org.junit.platform.engine.support.hierarchical.Node.around(Node.java:137)
	at org.junit.platform.engine.support.hierarchical.NodeTestTask.lambda$executeRecursively$9(NodeTestTask.java:139)
	at org.junit.platform.engine.support.hierarchical.ThrowableCollector.execute(ThrowableCollector.java:73)
	at org.junit.platform.engine.support.hierarchical.NodeTestTask.executeRecursively(NodeTestTask.java:138)
	at org.junit.platform.engine.support.hierarchical.NodeTestTask.execute(NodeTestTask.java:95)
	at org.junit.platform.engine.support.hierarchical.SameThreadHierarchicalTestExecutorService.submit(SameThreadHierarchicalTestExecutorService.java:35)
	at org.junit.platform.engine.support.hierarchical.NodeTestTask$DefaultDynamicTestExecutor.execute(NodeTestTask.java:226)
	at org.junit.platform.engine.support.hierarchical.NodeTestTask$DefaultDynamicTestExecutor.execute(NodeTestTask.java:204)
	at org.junit.jupiter.engine.descriptor.TestTemplateTestDescriptor.execute(TestTemplateTestDescriptor.java:139)
	at org.junit.jupiter.engine.descriptor.TestTemplateTestDescriptor.lambda$execute$2(TestTemplateTestDescriptor.java:107)
	at java.util.stream.ForEachOps$ForEachOp$OfRef.accept(ForEachOps.java:183)
	at java.util.stream.ReferencePipeline$3$1.accept(ReferencePipeline.java:193)
	at java.util.stream.ReferencePipeline$2$1.accept(ReferencePipeline.java:175)
	at java.util.stream.ReferencePipeline$3$1.accept(ReferencePipeline.java:193)
	at java.util.stream.ForEachOps$ForEachOp$OfRef.accept(ForEachOps.java:183)
	at java.util.stream.ReferencePipeline$3$1.accept(ReferencePipeline.java:193)
	at java.util.stream.ReferencePipeline$3$1.accept(ReferencePipeline.java:193)
	at java.util.stream.ReferencePipeline$3$1.accept(ReferencePipeline.java:193)
	at java.util.stream.ForEachOps$ForEachOp$OfRef.accept(ForEachOps.java:183)
	at java.util.stream.ReferencePipeline$3$1.accept(ReferencePipeline.java:193)
	at java.util.Spliterators$ArraySpliterator.forEachRemaining(Spliterators.java:948)
	at java.util.stream.AbstractPipeline.copyInto(AbstractPipeline.java:482)
	at java.util.stream.AbstractPipeline.wrapAndCopyInto(AbstractPipeline.java:472)
	at java.util.stream.ForEachOps$ForEachOp.evaluateSequential(ForEachOps.java:150)
	at java.util.stream.ForEachOps$ForEachOp$OfRef.evaluateSequential(ForEachOps.java:173)
	at java.util.stream.AbstractPipeline.evaluate(AbstractPipeline.java:234)
	at java.util.stream.ReferencePipeline.forEach(ReferencePipeline.java:485)
	at java.util.stream.ReferencePipeline$7$1.accept(ReferencePipeline.java:272)
	at java.util.stream.ReferencePipeline$3$1.accept(ReferencePipeline.java:193)
	at java.util.stream.ReferencePipeline$3$1.accept(ReferencePipeline.java:193)
	at java.util.stream.ReferencePipeline$3$1.accept(ReferencePipeline.java:193)
	at java.util.ArrayList$ArrayListSpliterator.forEachRemaining(ArrayList.java:1384)
	at java.util.stream.AbstractPipeline.copyInto(AbstractPipeline.java:482)
	at java.util.stream.AbstractPipeline.wrapAndCopyInto(AbstractPipeline.java:472)
	at java.util.stream.ForEachOps$ForEachOp.evaluateSequential(ForEachOps.java:150)
	at java.util.stream.ForEachOps$ForEachOp$OfRef.evaluateSequential(ForEachOps.java:173)
	at java.util.stream.AbstractPipeline.evaluate(AbstractPipeline.java:234)
	at java.util.stream.ReferencePipeline.forEach(ReferencePipeline.java:485)
	at java.util.stream.ReferencePipeline$7$1.accept(ReferencePipeline.java:272)
	at java.util.ArrayList$ArrayListSpliterator.forEachRemaining(ArrayList.java:1384)
	at java.util.stream.AbstractPipeline.copyInto(AbstractPipeline.java:482)
	at java.util.stream.AbstractPipeline.wrapAndCopyInto(AbstractPipeline.java:472)
	at java.util.stream.ForEachOps$ForEachOp.evaluateSequential(ForEachOps.java:150)
	at java.util.stream.ForEachOps$ForEachOp$OfRef.evaluateSequential(ForEachOps.java:173)
	at java.util.stream.AbstractPipeline.evaluate(AbstractPipeline.java:234)
	at java.util.stream.ReferencePipeline.forEach(ReferencePipeline.java:485)
	at org.junit.jupiter.engine.descriptor.TestTemplateTestDescriptor.execute(TestTemplateTestDescriptor.java:107)
	at org.junit.jupiter.engine.descriptor.TestTemplateTestDescriptor.execute(TestTemplateTestDescriptor.java:42)
	at org.junit.platform.engine.support.hierarchical.NodeTestTask.lambda$executeRecursively$6(NodeTestTask.java:151)
	at org.junit.platform.engine.support.hierarchical.ThrowableCollector.execute(ThrowableCollector.java:73)
	at org.junit.platform.engine.support.hierarchical.NodeTestTask.lambda$executeRecursively$8(NodeTestTask.java:141)
	at org.junit.platform.engine.support.hierarchical.Node.around(Node.java:137)
	at org.junit.platform.engine.support.hierarchical.NodeTestTask.lambda$executeRecursively$9(NodeTestTask.java:139)
	at org.junit.platform.engine.support.hierarchical.ThrowableCollector.execute(ThrowableCollector.java:73)
	at org.junit.platform.engine.support.hierarchical.NodeTestTask.executeRecursively(NodeTestTask.java:138)
	at org.junit.platform.engine.support.hierarchical.NodeTestTask.execute(NodeTestTask.java:95)
	at java.util.ArrayList.forEach(ArrayList.java:1259)
	at org.junit.platform.engine.support.hierarchical.SameThreadHierarchicalTestExecutorService.invokeAll(SameThreadHierarchicalTestExecutorService.java:41)
	at org.junit.platform.engine.support.hierarchical.NodeTestTask.lambda$executeRecursively$6(NodeTestTask.java:155)
	at org.junit.platform.engine.support.hierarchical.ThrowableCollector.execute(ThrowableCollector.java:73)
	at org.junit.platform.engine.support.hierarchical.NodeTestTask.lambda$executeRecursively$8(NodeTestTask.java:141)
	at org.junit.platform.engine.support.hierarchical.Node.around(Node.java:137)
	at org.junit.platform.engine.support.hierarchical.NodeTestTask.lambda$executeRecursively$9(NodeTestTask.java:139)
	at org.junit.platform.engine.support.hierarchical.ThrowableCollector.execute(ThrowableCollector.java:73)
	at org.junit.platform.engine.support.hierarchical.NodeTestTask.executeRecursively(NodeTestTask.java:138)
	at org.junit.platform.engine.support.hierarchical.NodeTestTask.execute(NodeTestTask.java:95)
	at java.util.ArrayList.forEach(ArrayList.java:1259)
	at org.junit.platform.engine.support.hierarchical.SameThreadHierarchicalTestExecutorService.invokeAll(SameThreadHierarchicalTestExecutorService.java:41)
	at org.junit.platform.engine.support.hierarchical.NodeTestTask.lambda$executeRecursively$6(NodeTestTask.java:155)
	at org.junit.platform.engine.support.hierarchical.ThrowableCollector.execute(ThrowableCollector.java:73)
	at org.junit.platform.engine.support.hierarchical.NodeTestTask.lambda$executeRecursively$8(NodeTestTask.java:141)
	at org.junit.platform.engine.support.hierarchical.Node.around(Node.java:137)
	at org.junit.platform.engine.support.hierarchical.NodeTestTask.lambda$executeRecursively$9(NodeTestTask.java:139)
	at org.junit.platform.engine.support.hierarchical.ThrowableCollector.execute(ThrowableCollector.java:73)
	at org.junit.platform.engine.support.hierarchical.NodeTestTask.executeRecursively(NodeTestTask.java:138)
	at org.junit.platform.engine.support.hierarchical.NodeTestTask.execute(NodeTestTask.java:95)
	at org.junit.platform.engine.support.hierarchical.SameThreadHierarchicalTestExecutorService.submit(SameThreadHierarchicalTestExecutorService.java:35)
	at org.junit.platform.engine.support.hierarchical.HierarchicalTestExecutor.execute(HierarchicalTestExecutor.java:57)
	at org.junit.platform.engine.support.hierarchical.HierarchicalTestEngine.execute(HierarchicalTestEngine.java:54)
	at org.junit.platform.launcher.core.EngineExecutionOrchestrator.execute(EngineExecutionOrchestrator.java:107)
	at org.junit.platform.launcher.core.EngineExecutionOrchestrator.execute(EngineExecutionOrchestrator.java:88)
	at org.junit.platform.launcher.core.EngineExecutionOrchestrator.lambda$execute$0(EngineExecutionOrchestrator.java:54)
	at org.junit.platform.launcher.core.EngineExecutionOrchestrator.withInterceptedStreams(EngineExecutionOrchestrator.java:67)
	at org.junit.platform.launcher.core.EngineExecutionOrchestrator.execute(EngineExecutionOrchestrator.java:52)
	at org.junit.platform.launcher.core.DefaultLauncher.execute(DefaultLauncher.java:114)
	at org.junit.platform.launcher.core.DefaultLauncher.execute(DefaultLauncher.java:86)
	at org.junit.platform.launcher.core.DefaultLauncherSession$DelegatingLauncher.execute(DefaultLauncherSession.java:86)
	at org.junit.platform.launcher.core.SessionPerRequestLauncher.execute(SessionPerRequestLauncher.java:53)
	at org.apache.maven.surefire.junitplatform.JUnitPlatformProvider.execute(JUnitPlatformProvider.java:188)
	at org.apache.maven.surefire.junitplatform.JUnitPlatformProvider.invokeAllTests(JUnitPlatformProvider.java:154)
	at org.apache.maven.surefire.junitplatform.JUnitPlatformProvider.invoke(JUnitPlatformProvider.java:124)
	at org.apache.maven.surefire.booter.ForkedBooter.runSuitesInProcess(ForkedBooter.java:428)
	at org.apache.maven.surefire.booter.ForkedBooter.execute(ForkedBooter.java:162)
	at org.apache.maven.surefire.booter.ForkedBooter.run(ForkedBooter.java:562)
	at org.apache.maven.surefire.booter.ForkedBooter.main(ForkedBooter.java:548)
2023-11-17 10:20:48,303 [main] WARN  snapshot.SnapshotDiffManager (SnapshotDiffManager.java:getDeltaFiles(1210)) - RocksDBCheckpointDiffer is not available, falling back to slow path
2023-11-17 10:20:48,305 [main] INFO  snapshot.SnapshotDiffManager (SnapshotDiffManager.java:closeExecutorService(1715)) - Shutting down executorService: 'SnapDiffExecutor'
2023-11-17 10:20:48,305 [main] INFO  snapshot.SnapshotDiffManager (SnapshotDiffManager.java:closeExecutorService(1715)) - Shutting down executorService: 'SstDumpToolExecutor'
]]></system-out>
  </testcase>
  <testcase name="testGetDeltaFilesWithDifferThrowException(int)[6]" classname="org.apache.hadoop.ozone.om.snapshot.TestSnapshotDiffManager" time="0.027">
    <system-out><![CDATA[2023-11-17 10:20:48,325 [main] INFO  snapshot.SnapshotDiffManager (SnapshotDiffManager.java:closeExecutorService(1715)) - Shutting down executorService: 'SstDumpToolExecutor'
2023-11-17 10:20:48,326 [main] INFO  snapshot.SnapshotCache (SnapshotCache.java:lambda$1(170)) - Loading snapshot. Table key: 17a40e4f-810d-42bf-b043-615337970af6
2023-11-17 10:20:48,327 [main] INFO  snapshot.SnapshotCache (SnapshotCache.java:lambda$1(170)) - Loading snapshot. Table key: fb246494-cab8-48e8-97bc-417c94b1972f
2023-11-17 10:20:48,329 [main] WARN  snapshot.SnapshotDiffManager (SnapshotDiffManager.java:getDeltaFiles(1201)) - Failed to get SST diff file using RocksDBCheckpointDiffer. It will fallback to full diff now.
java.io.FileNotFoundException: File not found exception.
	at org.apache.ozone.rocksdiff.RocksDBCheckpointDiffer.getSSTDiffListWithFullPath(RocksDBCheckpointDiffer.java:878)
	at org.apache.hadoop.ozone.om.snapshot.SnapshotDiffManager.getDeltaFiles(SnapshotDiffManager.java:1197)
	at org.apache.hadoop.ozone.om.snapshot.TestSnapshotDiffManager.testGetDeltaFilesWithDifferThrowException(TestSnapshotDiffManager.java:582)
	at sun.reflect.NativeMethodAccessorImpl.invoke0(Native Method)
	at sun.reflect.NativeMethodAccessorImpl.invoke(NativeMethodAccessorImpl.java:62)
	at sun.reflect.DelegatingMethodAccessorImpl.invoke(DelegatingMethodAccessorImpl.java:43)
	at java.lang.reflect.Method.invoke(Method.java:498)
	at org.junit.platform.commons.util.ReflectionUtils.invokeMethod(ReflectionUtils.java:725)
	at org.junit.jupiter.engine.execution.MethodInvocation.proceed(MethodInvocation.java:60)
	at org.junit.jupiter.engine.execution.InvocationInterceptorChain$ValidatingInvocation.proceed(InvocationInterceptorChain.java:131)
	at org.junit.jupiter.engine.extension.TimeoutExtension.intercept(TimeoutExtension.java:149)
	at org.junit.jupiter.engine.extension.TimeoutExtension.interceptTestableMethod(TimeoutExtension.java:140)
	at org.junit.jupiter.engine.extension.TimeoutExtension.interceptTestTemplateMethod(TimeoutExtension.java:92)
	at org.junit.jupiter.engine.execution.ExecutableInvoker$ReflectiveInterceptorCall.lambda$ofVoidMethod$0(ExecutableInvoker.java:115)
	at org.junit.jupiter.engine.execution.ExecutableInvoker.lambda$invoke$0(ExecutableInvoker.java:105)
	at org.junit.jupiter.engine.execution.InvocationInterceptorChain$InterceptedInvocation.proceed(InvocationInterceptorChain.java:106)
	at org.junit.jupiter.engine.execution.InvocationInterceptorChain.proceed(InvocationInterceptorChain.java:64)
	at org.junit.jupiter.engine.execution.InvocationInterceptorChain.chainAndInvoke(InvocationInterceptorChain.java:45)
	at org.junit.jupiter.engine.execution.InvocationInterceptorChain.invoke(InvocationInterceptorChain.java:37)
	at org.junit.jupiter.engine.execution.ExecutableInvoker.invoke(ExecutableInvoker.java:104)
	at org.junit.jupiter.engine.execution.ExecutableInvoker.invoke(ExecutableInvoker.java:98)
	at org.junit.jupiter.engine.descriptor.TestMethodTestDescriptor.lambda$invokeTestMethod$7(TestMethodTestDescriptor.java:214)
	at org.junit.platform.engine.support.hierarchical.ThrowableCollector.execute(ThrowableCollector.java:73)
	at org.junit.jupiter.engine.descriptor.TestMethodTestDescriptor.invokeTestMethod(TestMethodTestDescriptor.java:210)
	at org.junit.jupiter.engine.descriptor.TestMethodTestDescriptor.execute(TestMethodTestDescriptor.java:135)
	at org.junit.jupiter.engine.descriptor.TestMethodTestDescriptor.execute(TestMethodTestDescriptor.java:66)
	at org.junit.platform.engine.support.hierarchical.NodeTestTask.lambda$executeRecursively$6(NodeTestTask.java:151)
	at org.junit.platform.engine.support.hierarchical.ThrowableCollector.execute(ThrowableCollector.java:73)
	at org.junit.platform.engine.support.hierarchical.NodeTestTask.lambda$executeRecursively$8(NodeTestTask.java:141)
	at org.junit.platform.engine.support.hierarchical.Node.around(Node.java:137)
	at org.junit.platform.engine.support.hierarchical.NodeTestTask.lambda$executeRecursively$9(NodeTestTask.java:139)
	at org.junit.platform.engine.support.hierarchical.ThrowableCollector.execute(ThrowableCollector.java:73)
	at org.junit.platform.engine.support.hierarchical.NodeTestTask.executeRecursively(NodeTestTask.java:138)
	at org.junit.platform.engine.support.hierarchical.NodeTestTask.execute(NodeTestTask.java:95)
	at org.junit.platform.engine.support.hierarchical.SameThreadHierarchicalTestExecutorService.submit(SameThreadHierarchicalTestExecutorService.java:35)
	at org.junit.platform.engine.support.hierarchical.NodeTestTask$DefaultDynamicTestExecutor.execute(NodeTestTask.java:226)
	at org.junit.platform.engine.support.hierarchical.NodeTestTask$DefaultDynamicTestExecutor.execute(NodeTestTask.java:204)
	at org.junit.jupiter.engine.descriptor.TestTemplateTestDescriptor.execute(TestTemplateTestDescriptor.java:139)
	at org.junit.jupiter.engine.descriptor.TestTemplateTestDescriptor.lambda$execute$2(TestTemplateTestDescriptor.java:107)
	at java.util.stream.ForEachOps$ForEachOp$OfRef.accept(ForEachOps.java:183)
	at java.util.stream.ReferencePipeline$3$1.accept(ReferencePipeline.java:193)
	at java.util.stream.ReferencePipeline$2$1.accept(ReferencePipeline.java:175)
	at java.util.stream.ReferencePipeline$3$1.accept(ReferencePipeline.java:193)
	at java.util.stream.ForEachOps$ForEachOp$OfRef.accept(ForEachOps.java:183)
	at java.util.stream.ReferencePipeline$3$1.accept(ReferencePipeline.java:193)
	at java.util.stream.ReferencePipeline$3$1.accept(ReferencePipeline.java:193)
	at java.util.stream.ReferencePipeline$3$1.accept(ReferencePipeline.java:193)
	at java.util.stream.ForEachOps$ForEachOp$OfRef.accept(ForEachOps.java:183)
	at java.util.stream.ReferencePipeline$3$1.accept(ReferencePipeline.java:193)
	at java.util.Spliterators$ArraySpliterator.forEachRemaining(Spliterators.java:948)
	at java.util.stream.AbstractPipeline.copyInto(AbstractPipeline.java:482)
	at java.util.stream.AbstractPipeline.wrapAndCopyInto(AbstractPipeline.java:472)
	at java.util.stream.ForEachOps$ForEachOp.evaluateSequential(ForEachOps.java:150)
	at java.util.stream.ForEachOps$ForEachOp$OfRef.evaluateSequential(ForEachOps.java:173)
	at java.util.stream.AbstractPipeline.evaluate(AbstractPipeline.java:234)
	at java.util.stream.ReferencePipeline.forEach(ReferencePipeline.java:485)
	at java.util.stream.ReferencePipeline$7$1.accept(ReferencePipeline.java:272)
	at java.util.stream.ReferencePipeline$3$1.accept(ReferencePipeline.java:193)
	at java.util.stream.ReferencePipeline$3$1.accept(ReferencePipeline.java:193)
	at java.util.stream.ReferencePipeline$3$1.accept(ReferencePipeline.java:193)
	at java.util.ArrayList$ArrayListSpliterator.forEachRemaining(ArrayList.java:1384)
	at java.util.stream.AbstractPipeline.copyInto(AbstractPipeline.java:482)
	at java.util.stream.AbstractPipeline.wrapAndCopyInto(AbstractPipeline.java:472)
	at java.util.stream.ForEachOps$ForEachOp.evaluateSequential(ForEachOps.java:150)
	at java.util.stream.ForEachOps$ForEachOp$OfRef.evaluateSequential(ForEachOps.java:173)
	at java.util.stream.AbstractPipeline.evaluate(AbstractPipeline.java:234)
	at java.util.stream.ReferencePipeline.forEach(ReferencePipeline.java:485)
	at java.util.stream.ReferencePipeline$7$1.accept(ReferencePipeline.java:272)
	at java.util.ArrayList$ArrayListSpliterator.forEachRemaining(ArrayList.java:1384)
	at java.util.stream.AbstractPipeline.copyInto(AbstractPipeline.java:482)
	at java.util.stream.AbstractPipeline.wrapAndCopyInto(AbstractPipeline.java:472)
	at java.util.stream.ForEachOps$ForEachOp.evaluateSequential(ForEachOps.java:150)
	at java.util.stream.ForEachOps$ForEachOp$OfRef.evaluateSequential(ForEachOps.java:173)
	at java.util.stream.AbstractPipeline.evaluate(AbstractPipeline.java:234)
	at java.util.stream.ReferencePipeline.forEach(ReferencePipeline.java:485)
	at org.junit.jupiter.engine.descriptor.TestTemplateTestDescriptor.execute(TestTemplateTestDescriptor.java:107)
	at org.junit.jupiter.engine.descriptor.TestTemplateTestDescriptor.execute(TestTemplateTestDescriptor.java:42)
	at org.junit.platform.engine.support.hierarchical.NodeTestTask.lambda$executeRecursively$6(NodeTestTask.java:151)
	at org.junit.platform.engine.support.hierarchical.ThrowableCollector.execute(ThrowableCollector.java:73)
	at org.junit.platform.engine.support.hierarchical.NodeTestTask.lambda$executeRecursively$8(NodeTestTask.java:141)
	at org.junit.platform.engine.support.hierarchical.Node.around(Node.java:137)
	at org.junit.platform.engine.support.hierarchical.NodeTestTask.lambda$executeRecursively$9(NodeTestTask.java:139)
	at org.junit.platform.engine.support.hierarchical.ThrowableCollector.execute(ThrowableCollector.java:73)
	at org.junit.platform.engine.support.hierarchical.NodeTestTask.executeRecursively(NodeTestTask.java:138)
	at org.junit.platform.engine.support.hierarchical.NodeTestTask.execute(NodeTestTask.java:95)
	at java.util.ArrayList.forEach(ArrayList.java:1259)
	at org.junit.platform.engine.support.hierarchical.SameThreadHierarchicalTestExecutorService.invokeAll(SameThreadHierarchicalTestExecutorService.java:41)
	at org.junit.platform.engine.support.hierarchical.NodeTestTask.lambda$executeRecursively$6(NodeTestTask.java:155)
	at org.junit.platform.engine.support.hierarchical.ThrowableCollector.execute(ThrowableCollector.java:73)
	at org.junit.platform.engine.support.hierarchical.NodeTestTask.lambda$executeRecursively$8(NodeTestTask.java:141)
	at org.junit.platform.engine.support.hierarchical.Node.around(Node.java:137)
	at org.junit.platform.engine.support.hierarchical.NodeTestTask.lambda$executeRecursively$9(NodeTestTask.java:139)
	at org.junit.platform.engine.support.hierarchical.ThrowableCollector.execute(ThrowableCollector.java:73)
	at org.junit.platform.engine.support.hierarchical.NodeTestTask.executeRecursively(NodeTestTask.java:138)
	at org.junit.platform.engine.support.hierarchical.NodeTestTask.execute(NodeTestTask.java:95)
	at java.util.ArrayList.forEach(ArrayList.java:1259)
	at org.junit.platform.engine.support.hierarchical.SameThreadHierarchicalTestExecutorService.invokeAll(SameThreadHierarchicalTestExecutorService.java:41)
	at org.junit.platform.engine.support.hierarchical.NodeTestTask.lambda$executeRecursively$6(NodeTestTask.java:155)
	at org.junit.platform.engine.support.hierarchical.ThrowableCollector.execute(ThrowableCollector.java:73)
	at org.junit.platform.engine.support.hierarchical.NodeTestTask.lambda$executeRecursively$8(NodeTestTask.java:141)
	at org.junit.platform.engine.support.hierarchical.Node.around(Node.java:137)
	at org.junit.platform.engine.support.hierarchical.NodeTestTask.lambda$executeRecursively$9(NodeTestTask.java:139)
	at org.junit.platform.engine.support.hierarchical.ThrowableCollector.execute(ThrowableCollector.java:73)
	at org.junit.platform.engine.support.hierarchical.NodeTestTask.executeRecursively(NodeTestTask.java:138)
	at org.junit.platform.engine.support.hierarchical.NodeTestTask.execute(NodeTestTask.java:95)
	at org.junit.platform.engine.support.hierarchical.SameThreadHierarchicalTestExecutorService.submit(SameThreadHierarchicalTestExecutorService.java:35)
	at org.junit.platform.engine.support.hierarchical.HierarchicalTestExecutor.execute(HierarchicalTestExecutor.java:57)
	at org.junit.platform.engine.support.hierarchical.HierarchicalTestEngine.execute(HierarchicalTestEngine.java:54)
	at org.junit.platform.launcher.core.EngineExecutionOrchestrator.execute(EngineExecutionOrchestrator.java:107)
	at org.junit.platform.launcher.core.EngineExecutionOrchestrator.execute(EngineExecutionOrchestrator.java:88)
	at org.junit.platform.launcher.core.EngineExecutionOrchestrator.lambda$execute$0(EngineExecutionOrchestrator.java:54)
	at org.junit.platform.launcher.core.EngineExecutionOrchestrator.withInterceptedStreams(EngineExecutionOrchestrator.java:67)
	at org.junit.platform.launcher.core.EngineExecutionOrchestrator.execute(EngineExecutionOrchestrator.java:52)
	at org.junit.platform.launcher.core.DefaultLauncher.execute(DefaultLauncher.java:114)
	at org.junit.platform.launcher.core.DefaultLauncher.execute(DefaultLauncher.java:86)
	at org.junit.platform.launcher.core.DefaultLauncherSession$DelegatingLauncher.execute(DefaultLauncherSession.java:86)
	at org.junit.platform.launcher.core.SessionPerRequestLauncher.execute(SessionPerRequestLauncher.java:53)
	at org.apache.maven.surefire.junitplatform.JUnitPlatformProvider.execute(JUnitPlatformProvider.java:188)
	at org.apache.maven.surefire.junitplatform.JUnitPlatformProvider.invokeAllTests(JUnitPlatformProvider.java:154)
	at org.apache.maven.surefire.junitplatform.JUnitPlatformProvider.invoke(JUnitPlatformProvider.java:124)
	at org.apache.maven.surefire.booter.ForkedBooter.runSuitesInProcess(ForkedBooter.java:428)
	at org.apache.maven.surefire.booter.ForkedBooter.execute(ForkedBooter.java:162)
	at org.apache.maven.surefire.booter.ForkedBooter.run(ForkedBooter.java:562)
	at org.apache.maven.surefire.booter.ForkedBooter.main(ForkedBooter.java:548)
2023-11-17 10:20:48,330 [main] WARN  snapshot.SnapshotDiffManager (SnapshotDiffManager.java:getDeltaFiles(1210)) - RocksDBCheckpointDiffer is not available, falling back to slow path
2023-11-17 10:20:48,333 [main] INFO  snapshot.SnapshotDiffManager (SnapshotDiffManager.java:closeExecutorService(1715)) - Shutting down executorService: 'SnapDiffExecutor'
2023-11-17 10:20:48,334 [main] INFO  snapshot.SnapshotDiffManager (SnapshotDiffManager.java:closeExecutorService(1715)) - Shutting down executorService: 'SstDumpToolExecutor'
]]></system-out>
  </testcase>
  <testcase name="testGetDeltaFilesWithDifferThrowException(int)[7]" classname="org.apache.hadoop.ozone.om.snapshot.TestSnapshotDiffManager" time="0.024">
    <system-out><![CDATA[2023-11-17 10:20:48,352 [main] INFO  snapshot.SnapshotDiffManager (SnapshotDiffManager.java:closeExecutorService(1715)) - Shutting down executorService: 'SstDumpToolExecutor'
2023-11-17 10:20:48,353 [main] INFO  snapshot.SnapshotCache (SnapshotCache.java:lambda$1(170)) - Loading snapshot. Table key: 414c83c1-1743-456f-bc39-bcc044fec3eb
2023-11-17 10:20:48,354 [main] INFO  snapshot.SnapshotCache (SnapshotCache.java:lambda$1(170)) - Loading snapshot. Table key: 733eae10-ea04-4ef9-baea-eed329a49f4d
2023-11-17 10:20:48,356 [main] WARN  snapshot.SnapshotDiffManager (SnapshotDiffManager.java:getDeltaFiles(1201)) - Failed to get SST diff file using RocksDBCheckpointDiffer. It will fallback to full diff now.
java.io.FileNotFoundException: File not found exception.
	at org.apache.ozone.rocksdiff.RocksDBCheckpointDiffer.getSSTDiffListWithFullPath(RocksDBCheckpointDiffer.java:878)
	at org.apache.hadoop.ozone.om.snapshot.SnapshotDiffManager.getDeltaFiles(SnapshotDiffManager.java:1197)
	at org.apache.hadoop.ozone.om.snapshot.TestSnapshotDiffManager.testGetDeltaFilesWithDifferThrowException(TestSnapshotDiffManager.java:582)
	at sun.reflect.NativeMethodAccessorImpl.invoke0(Native Method)
	at sun.reflect.NativeMethodAccessorImpl.invoke(NativeMethodAccessorImpl.java:62)
	at sun.reflect.DelegatingMethodAccessorImpl.invoke(DelegatingMethodAccessorImpl.java:43)
	at java.lang.reflect.Method.invoke(Method.java:498)
	at org.junit.platform.commons.util.ReflectionUtils.invokeMethod(ReflectionUtils.java:725)
	at org.junit.jupiter.engine.execution.MethodInvocation.proceed(MethodInvocation.java:60)
	at org.junit.jupiter.engine.execution.InvocationInterceptorChain$ValidatingInvocation.proceed(InvocationInterceptorChain.java:131)
	at org.junit.jupiter.engine.extension.TimeoutExtension.intercept(TimeoutExtension.java:149)
	at org.junit.jupiter.engine.extension.TimeoutExtension.interceptTestableMethod(TimeoutExtension.java:140)
	at org.junit.jupiter.engine.extension.TimeoutExtension.interceptTestTemplateMethod(TimeoutExtension.java:92)
	at org.junit.jupiter.engine.execution.ExecutableInvoker$ReflectiveInterceptorCall.lambda$ofVoidMethod$0(ExecutableInvoker.java:115)
	at org.junit.jupiter.engine.execution.ExecutableInvoker.lambda$invoke$0(ExecutableInvoker.java:105)
	at org.junit.jupiter.engine.execution.InvocationInterceptorChain$InterceptedInvocation.proceed(InvocationInterceptorChain.java:106)
	at org.junit.jupiter.engine.execution.InvocationInterceptorChain.proceed(InvocationInterceptorChain.java:64)
	at org.junit.jupiter.engine.execution.InvocationInterceptorChain.chainAndInvoke(InvocationInterceptorChain.java:45)
	at org.junit.jupiter.engine.execution.InvocationInterceptorChain.invoke(InvocationInterceptorChain.java:37)
	at org.junit.jupiter.engine.execution.ExecutableInvoker.invoke(ExecutableInvoker.java:104)
	at org.junit.jupiter.engine.execution.ExecutableInvoker.invoke(ExecutableInvoker.java:98)
	at org.junit.jupiter.engine.descriptor.TestMethodTestDescriptor.lambda$invokeTestMethod$7(TestMethodTestDescriptor.java:214)
	at org.junit.platform.engine.support.hierarchical.ThrowableCollector.execute(ThrowableCollector.java:73)
	at org.junit.jupiter.engine.descriptor.TestMethodTestDescriptor.invokeTestMethod(TestMethodTestDescriptor.java:210)
	at org.junit.jupiter.engine.descriptor.TestMethodTestDescriptor.execute(TestMethodTestDescriptor.java:135)
	at org.junit.jupiter.engine.descriptor.TestMethodTestDescriptor.execute(TestMethodTestDescriptor.java:66)
	at org.junit.platform.engine.support.hierarchical.NodeTestTask.lambda$executeRecursively$6(NodeTestTask.java:151)
	at org.junit.platform.engine.support.hierarchical.ThrowableCollector.execute(ThrowableCollector.java:73)
	at org.junit.platform.engine.support.hierarchical.NodeTestTask.lambda$executeRecursively$8(NodeTestTask.java:141)
	at org.junit.platform.engine.support.hierarchical.Node.around(Node.java:137)
	at org.junit.platform.engine.support.hierarchical.NodeTestTask.lambda$executeRecursively$9(NodeTestTask.java:139)
	at org.junit.platform.engine.support.hierarchical.ThrowableCollector.execute(ThrowableCollector.java:73)
	at org.junit.platform.engine.support.hierarchical.NodeTestTask.executeRecursively(NodeTestTask.java:138)
	at org.junit.platform.engine.support.hierarchical.NodeTestTask.execute(NodeTestTask.java:95)
	at org.junit.platform.engine.support.hierarchical.SameThreadHierarchicalTestExecutorService.submit(SameThreadHierarchicalTestExecutorService.java:35)
	at org.junit.platform.engine.support.hierarchical.NodeTestTask$DefaultDynamicTestExecutor.execute(NodeTestTask.java:226)
	at org.junit.platform.engine.support.hierarchical.NodeTestTask$DefaultDynamicTestExecutor.execute(NodeTestTask.java:204)
	at org.junit.jupiter.engine.descriptor.TestTemplateTestDescriptor.execute(TestTemplateTestDescriptor.java:139)
	at org.junit.jupiter.engine.descriptor.TestTemplateTestDescriptor.lambda$execute$2(TestTemplateTestDescriptor.java:107)
	at java.util.stream.ForEachOps$ForEachOp$OfRef.accept(ForEachOps.java:183)
	at java.util.stream.ReferencePipeline$3$1.accept(ReferencePipeline.java:193)
	at java.util.stream.ReferencePipeline$2$1.accept(ReferencePipeline.java:175)
	at java.util.stream.ReferencePipeline$3$1.accept(ReferencePipeline.java:193)
	at java.util.stream.ForEachOps$ForEachOp$OfRef.accept(ForEachOps.java:183)
	at java.util.stream.ReferencePipeline$3$1.accept(ReferencePipeline.java:193)
	at java.util.stream.ReferencePipeline$3$1.accept(ReferencePipeline.java:193)
	at java.util.stream.ReferencePipeline$3$1.accept(ReferencePipeline.java:193)
	at java.util.stream.ForEachOps$ForEachOp$OfRef.accept(ForEachOps.java:183)
	at java.util.stream.ReferencePipeline$3$1.accept(ReferencePipeline.java:193)
	at java.util.Spliterators$ArraySpliterator.forEachRemaining(Spliterators.java:948)
	at java.util.stream.AbstractPipeline.copyInto(AbstractPipeline.java:482)
	at java.util.stream.AbstractPipeline.wrapAndCopyInto(AbstractPipeline.java:472)
	at java.util.stream.ForEachOps$ForEachOp.evaluateSequential(ForEachOps.java:150)
	at java.util.stream.ForEachOps$ForEachOp$OfRef.evaluateSequential(ForEachOps.java:173)
	at java.util.stream.AbstractPipeline.evaluate(AbstractPipeline.java:234)
	at java.util.stream.ReferencePipeline.forEach(ReferencePipeline.java:485)
	at java.util.stream.ReferencePipeline$7$1.accept(ReferencePipeline.java:272)
	at java.util.stream.ReferencePipeline$3$1.accept(ReferencePipeline.java:193)
	at java.util.stream.ReferencePipeline$3$1.accept(ReferencePipeline.java:193)
	at java.util.stream.ReferencePipeline$3$1.accept(ReferencePipeline.java:193)
	at java.util.ArrayList$ArrayListSpliterator.forEachRemaining(ArrayList.java:1384)
	at java.util.stream.AbstractPipeline.copyInto(AbstractPipeline.java:482)
	at java.util.stream.AbstractPipeline.wrapAndCopyInto(AbstractPipeline.java:472)
	at java.util.stream.ForEachOps$ForEachOp.evaluateSequential(ForEachOps.java:150)
	at java.util.stream.ForEachOps$ForEachOp$OfRef.evaluateSequential(ForEachOps.java:173)
	at java.util.stream.AbstractPipeline.evaluate(AbstractPipeline.java:234)
	at java.util.stream.ReferencePipeline.forEach(ReferencePipeline.java:485)
	at java.util.stream.ReferencePipeline$7$1.accept(ReferencePipeline.java:272)
	at java.util.ArrayList$ArrayListSpliterator.forEachRemaining(ArrayList.java:1384)
	at java.util.stream.AbstractPipeline.copyInto(AbstractPipeline.java:482)
	at java.util.stream.AbstractPipeline.wrapAndCopyInto(AbstractPipeline.java:472)
	at java.util.stream.ForEachOps$ForEachOp.evaluateSequential(ForEachOps.java:150)
	at java.util.stream.ForEachOps$ForEachOp$OfRef.evaluateSequential(ForEachOps.java:173)
	at java.util.stream.AbstractPipeline.evaluate(AbstractPipeline.java:234)
	at java.util.stream.ReferencePipeline.forEach(ReferencePipeline.java:485)
	at org.junit.jupiter.engine.descriptor.TestTemplateTestDescriptor.execute(TestTemplateTestDescriptor.java:107)
	at org.junit.jupiter.engine.descriptor.TestTemplateTestDescriptor.execute(TestTemplateTestDescriptor.java:42)
	at org.junit.platform.engine.support.hierarchical.NodeTestTask.lambda$executeRecursively$6(NodeTestTask.java:151)
	at org.junit.platform.engine.support.hierarchical.ThrowableCollector.execute(ThrowableCollector.java:73)
	at org.junit.platform.engine.support.hierarchical.NodeTestTask.lambda$executeRecursively$8(NodeTestTask.java:141)
	at org.junit.platform.engine.support.hierarchical.Node.around(Node.java:137)
	at org.junit.platform.engine.support.hierarchical.NodeTestTask.lambda$executeRecursively$9(NodeTestTask.java:139)
	at org.junit.platform.engine.support.hierarchical.ThrowableCollector.execute(ThrowableCollector.java:73)
	at org.junit.platform.engine.support.hierarchical.NodeTestTask.executeRecursively(NodeTestTask.java:138)
	at org.junit.platform.engine.support.hierarchical.NodeTestTask.execute(NodeTestTask.java:95)
	at java.util.ArrayList.forEach(ArrayList.java:1259)
	at org.junit.platform.engine.support.hierarchical.SameThreadHierarchicalTestExecutorService.invokeAll(SameThreadHierarchicalTestExecutorService.java:41)
	at org.junit.platform.engine.support.hierarchical.NodeTestTask.lambda$executeRecursively$6(NodeTestTask.java:155)
	at org.junit.platform.engine.support.hierarchical.ThrowableCollector.execute(ThrowableCollector.java:73)
	at org.junit.platform.engine.support.hierarchical.NodeTestTask.lambda$executeRecursively$8(NodeTestTask.java:141)
	at org.junit.platform.engine.support.hierarchical.Node.around(Node.java:137)
	at org.junit.platform.engine.support.hierarchical.NodeTestTask.lambda$executeRecursively$9(NodeTestTask.java:139)
	at org.junit.platform.engine.support.hierarchical.ThrowableCollector.execute(ThrowableCollector.java:73)
	at org.junit.platform.engine.support.hierarchical.NodeTestTask.executeRecursively(NodeTestTask.java:138)
	at org.junit.platform.engine.support.hierarchical.NodeTestTask.execute(NodeTestTask.java:95)
	at java.util.ArrayList.forEach(ArrayList.java:1259)
	at org.junit.platform.engine.support.hierarchical.SameThreadHierarchicalTestExecutorService.invokeAll(SameThreadHierarchicalTestExecutorService.java:41)
	at org.junit.platform.engine.support.hierarchical.NodeTestTask.lambda$executeRecursively$6(NodeTestTask.java:155)
	at org.junit.platform.engine.support.hierarchical.ThrowableCollector.execute(ThrowableCollector.java:73)
	at org.junit.platform.engine.support.hierarchical.NodeTestTask.lambda$executeRecursively$8(NodeTestTask.java:141)
	at org.junit.platform.engine.support.hierarchical.Node.around(Node.java:137)
	at org.junit.platform.engine.support.hierarchical.NodeTestTask.lambda$executeRecursively$9(NodeTestTask.java:139)
	at org.junit.platform.engine.support.hierarchical.ThrowableCollector.execute(ThrowableCollector.java:73)
	at org.junit.platform.engine.support.hierarchical.NodeTestTask.executeRecursively(NodeTestTask.java:138)
	at org.junit.platform.engine.support.hierarchical.NodeTestTask.execute(NodeTestTask.java:95)
	at org.junit.platform.engine.support.hierarchical.SameThreadHierarchicalTestExecutorService.submit(SameThreadHierarchicalTestExecutorService.java:35)
	at org.junit.platform.engine.support.hierarchical.HierarchicalTestExecutor.execute(HierarchicalTestExecutor.java:57)
	at org.junit.platform.engine.support.hierarchical.HierarchicalTestEngine.execute(HierarchicalTestEngine.java:54)
	at org.junit.platform.launcher.core.EngineExecutionOrchestrator.execute(EngineExecutionOrchestrator.java:107)
	at org.junit.platform.launcher.core.EngineExecutionOrchestrator.execute(EngineExecutionOrchestrator.java:88)
	at org.junit.platform.launcher.core.EngineExecutionOrchestrator.lambda$execute$0(EngineExecutionOrchestrator.java:54)
	at org.junit.platform.launcher.core.EngineExecutionOrchestrator.withInterceptedStreams(EngineExecutionOrchestrator.java:67)
	at org.junit.platform.launcher.core.EngineExecutionOrchestrator.execute(EngineExecutionOrchestrator.java:52)
	at org.junit.platform.launcher.core.DefaultLauncher.execute(DefaultLauncher.java:114)
	at org.junit.platform.launcher.core.DefaultLauncher.execute(DefaultLauncher.java:86)
	at org.junit.platform.launcher.core.DefaultLauncherSession$DelegatingLauncher.execute(DefaultLauncherSession.java:86)
	at org.junit.platform.launcher.core.SessionPerRequestLauncher.execute(SessionPerRequestLauncher.java:53)
	at org.apache.maven.surefire.junitplatform.JUnitPlatformProvider.execute(JUnitPlatformProvider.java:188)
	at org.apache.maven.surefire.junitplatform.JUnitPlatformProvider.invokeAllTests(JUnitPlatformProvider.java:154)
	at org.apache.maven.surefire.junitplatform.JUnitPlatformProvider.invoke(JUnitPlatformProvider.java:124)
	at org.apache.maven.surefire.booter.ForkedBooter.runSuitesInProcess(ForkedBooter.java:428)
	at org.apache.maven.surefire.booter.ForkedBooter.execute(ForkedBooter.java:162)
	at org.apache.maven.surefire.booter.ForkedBooter.run(ForkedBooter.java:562)
	at org.apache.maven.surefire.booter.ForkedBooter.main(ForkedBooter.java:548)
2023-11-17 10:20:48,357 [main] WARN  snapshot.SnapshotDiffManager (SnapshotDiffManager.java:getDeltaFiles(1210)) - RocksDBCheckpointDiffer is not available, falling back to slow path
2023-11-17 10:20:48,361 [main] INFO  snapshot.SnapshotDiffManager (SnapshotDiffManager.java:closeExecutorService(1715)) - Shutting down executorService: 'SnapDiffExecutor'
2023-11-17 10:20:48,361 [main] INFO  snapshot.SnapshotDiffManager (SnapshotDiffManager.java:closeExecutorService(1715)) - Shutting down executorService: 'SstDumpToolExecutor'
]]></system-out>
  </testcase>
  <testcase name="testGetDeltaFilesWithDifferThrowException(int)[8]" classname="org.apache.hadoop.ozone.om.snapshot.TestSnapshotDiffManager" time="0.034">
    <system-out><![CDATA[2023-11-17 10:20:48,378 [main] INFO  snapshot.SnapshotDiffManager (SnapshotDiffManager.java:closeExecutorService(1715)) - Shutting down executorService: 'SstDumpToolExecutor'
2023-11-17 10:20:48,379 [main] INFO  snapshot.SnapshotCache (SnapshotCache.java:lambda$1(170)) - Loading snapshot. Table key: e450ab80-2f5d-4f3f-ac3f-ad1dd0c27b73
2023-11-17 10:20:48,380 [main] INFO  snapshot.SnapshotCache (SnapshotCache.java:lambda$1(170)) - Loading snapshot. Table key: 8ed356db-32d3-4a37-99f0-a8d0479cbf4d
2023-11-17 10:20:48,382 [main] WARN  snapshot.SnapshotDiffManager (SnapshotDiffManager.java:getDeltaFiles(1201)) - Failed to get SST diff file using RocksDBCheckpointDiffer. It will fallback to full diff now.
java.io.FileNotFoundException: File not found exception.
	at org.apache.ozone.rocksdiff.RocksDBCheckpointDiffer.getSSTDiffListWithFullPath(RocksDBCheckpointDiffer.java:878)
	at org.apache.hadoop.ozone.om.snapshot.SnapshotDiffManager.getDeltaFiles(SnapshotDiffManager.java:1197)
	at org.apache.hadoop.ozone.om.snapshot.TestSnapshotDiffManager.testGetDeltaFilesWithDifferThrowException(TestSnapshotDiffManager.java:582)
	at sun.reflect.NativeMethodAccessorImpl.invoke0(Native Method)
	at sun.reflect.NativeMethodAccessorImpl.invoke(NativeMethodAccessorImpl.java:62)
	at sun.reflect.DelegatingMethodAccessorImpl.invoke(DelegatingMethodAccessorImpl.java:43)
	at java.lang.reflect.Method.invoke(Method.java:498)
	at org.junit.platform.commons.util.ReflectionUtils.invokeMethod(ReflectionUtils.java:725)
	at org.junit.jupiter.engine.execution.MethodInvocation.proceed(MethodInvocation.java:60)
	at org.junit.jupiter.engine.execution.InvocationInterceptorChain$ValidatingInvocation.proceed(InvocationInterceptorChain.java:131)
	at org.junit.jupiter.engine.extension.TimeoutExtension.intercept(TimeoutExtension.java:149)
	at org.junit.jupiter.engine.extension.TimeoutExtension.interceptTestableMethod(TimeoutExtension.java:140)
	at org.junit.jupiter.engine.extension.TimeoutExtension.interceptTestTemplateMethod(TimeoutExtension.java:92)
	at org.junit.jupiter.engine.execution.ExecutableInvoker$ReflectiveInterceptorCall.lambda$ofVoidMethod$0(ExecutableInvoker.java:115)
	at org.junit.jupiter.engine.execution.ExecutableInvoker.lambda$invoke$0(ExecutableInvoker.java:105)
	at org.junit.jupiter.engine.execution.InvocationInterceptorChain$InterceptedInvocation.proceed(InvocationInterceptorChain.java:106)
	at org.junit.jupiter.engine.execution.InvocationInterceptorChain.proceed(InvocationInterceptorChain.java:64)
	at org.junit.jupiter.engine.execution.InvocationInterceptorChain.chainAndInvoke(InvocationInterceptorChain.java:45)
	at org.junit.jupiter.engine.execution.InvocationInterceptorChain.invoke(InvocationInterceptorChain.java:37)
	at org.junit.jupiter.engine.execution.ExecutableInvoker.invoke(ExecutableInvoker.java:104)
	at org.junit.jupiter.engine.execution.ExecutableInvoker.invoke(ExecutableInvoker.java:98)
	at org.junit.jupiter.engine.descriptor.TestMethodTestDescriptor.lambda$invokeTestMethod$7(TestMethodTestDescriptor.java:214)
	at org.junit.platform.engine.support.hierarchical.ThrowableCollector.execute(ThrowableCollector.java:73)
	at org.junit.jupiter.engine.descriptor.TestMethodTestDescriptor.invokeTestMethod(TestMethodTestDescriptor.java:210)
	at org.junit.jupiter.engine.descriptor.TestMethodTestDescriptor.execute(TestMethodTestDescriptor.java:135)
	at org.junit.jupiter.engine.descriptor.TestMethodTestDescriptor.execute(TestMethodTestDescriptor.java:66)
	at org.junit.platform.engine.support.hierarchical.NodeTestTask.lambda$executeRecursively$6(NodeTestTask.java:151)
	at org.junit.platform.engine.support.hierarchical.ThrowableCollector.execute(ThrowableCollector.java:73)
	at org.junit.platform.engine.support.hierarchical.NodeTestTask.lambda$executeRecursively$8(NodeTestTask.java:141)
	at org.junit.platform.engine.support.hierarchical.Node.around(Node.java:137)
	at org.junit.platform.engine.support.hierarchical.NodeTestTask.lambda$executeRecursively$9(NodeTestTask.java:139)
	at org.junit.platform.engine.support.hierarchical.ThrowableCollector.execute(ThrowableCollector.java:73)
	at org.junit.platform.engine.support.hierarchical.NodeTestTask.executeRecursively(NodeTestTask.java:138)
	at org.junit.platform.engine.support.hierarchical.NodeTestTask.execute(NodeTestTask.java:95)
	at org.junit.platform.engine.support.hierarchical.SameThreadHierarchicalTestExecutorService.submit(SameThreadHierarchicalTestExecutorService.java:35)
	at org.junit.platform.engine.support.hierarchical.NodeTestTask$DefaultDynamicTestExecutor.execute(NodeTestTask.java:226)
	at org.junit.platform.engine.support.hierarchical.NodeTestTask$DefaultDynamicTestExecutor.execute(NodeTestTask.java:204)
	at org.junit.jupiter.engine.descriptor.TestTemplateTestDescriptor.execute(TestTemplateTestDescriptor.java:139)
	at org.junit.jupiter.engine.descriptor.TestTemplateTestDescriptor.lambda$execute$2(TestTemplateTestDescriptor.java:107)
	at java.util.stream.ForEachOps$ForEachOp$OfRef.accept(ForEachOps.java:183)
	at java.util.stream.ReferencePipeline$3$1.accept(ReferencePipeline.java:193)
	at java.util.stream.ReferencePipeline$2$1.accept(ReferencePipeline.java:175)
	at java.util.stream.ReferencePipeline$3$1.accept(ReferencePipeline.java:193)
	at java.util.stream.ForEachOps$ForEachOp$OfRef.accept(ForEachOps.java:183)
	at java.util.stream.ReferencePipeline$3$1.accept(ReferencePipeline.java:193)
	at java.util.stream.ReferencePipeline$3$1.accept(ReferencePipeline.java:193)
	at java.util.stream.ReferencePipeline$3$1.accept(ReferencePipeline.java:193)
	at java.util.stream.ForEachOps$ForEachOp$OfRef.accept(ForEachOps.java:183)
	at java.util.stream.ReferencePipeline$3$1.accept(ReferencePipeline.java:193)
	at java.util.Spliterators$ArraySpliterator.forEachRemaining(Spliterators.java:948)
	at java.util.stream.AbstractPipeline.copyInto(AbstractPipeline.java:482)
	at java.util.stream.AbstractPipeline.wrapAndCopyInto(AbstractPipeline.java:472)
	at java.util.stream.ForEachOps$ForEachOp.evaluateSequential(ForEachOps.java:150)
	at java.util.stream.ForEachOps$ForEachOp$OfRef.evaluateSequential(ForEachOps.java:173)
	at java.util.stream.AbstractPipeline.evaluate(AbstractPipeline.java:234)
	at java.util.stream.ReferencePipeline.forEach(ReferencePipeline.java:485)
	at java.util.stream.ReferencePipeline$7$1.accept(ReferencePipeline.java:272)
	at java.util.stream.ReferencePipeline$3$1.accept(ReferencePipeline.java:193)
	at java.util.stream.ReferencePipeline$3$1.accept(ReferencePipeline.java:193)
	at java.util.stream.ReferencePipeline$3$1.accept(ReferencePipeline.java:193)
	at java.util.ArrayList$ArrayListSpliterator.forEachRemaining(ArrayList.java:1384)
	at java.util.stream.AbstractPipeline.copyInto(AbstractPipeline.java:482)
	at java.util.stream.AbstractPipeline.wrapAndCopyInto(AbstractPipeline.java:472)
	at java.util.stream.ForEachOps$ForEachOp.evaluateSequential(ForEachOps.java:150)
	at java.util.stream.ForEachOps$ForEachOp$OfRef.evaluateSequential(ForEachOps.java:173)
	at java.util.stream.AbstractPipeline.evaluate(AbstractPipeline.java:234)
	at java.util.stream.ReferencePipeline.forEach(ReferencePipeline.java:485)
	at java.util.stream.ReferencePipeline$7$1.accept(ReferencePipeline.java:272)
	at java.util.ArrayList$ArrayListSpliterator.forEachRemaining(ArrayList.java:1384)
	at java.util.stream.AbstractPipeline.copyInto(AbstractPipeline.java:482)
	at java.util.stream.AbstractPipeline.wrapAndCopyInto(AbstractPipeline.java:472)
	at java.util.stream.ForEachOps$ForEachOp.evaluateSequential(ForEachOps.java:150)
	at java.util.stream.ForEachOps$ForEachOp$OfRef.evaluateSequential(ForEachOps.java:173)
	at java.util.stream.AbstractPipeline.evaluate(AbstractPipeline.java:234)
	at java.util.stream.ReferencePipeline.forEach(ReferencePipeline.java:485)
	at org.junit.jupiter.engine.descriptor.TestTemplateTestDescriptor.execute(TestTemplateTestDescriptor.java:107)
	at org.junit.jupiter.engine.descriptor.TestTemplateTestDescriptor.execute(TestTemplateTestDescriptor.java:42)
	at org.junit.platform.engine.support.hierarchical.NodeTestTask.lambda$executeRecursively$6(NodeTestTask.java:151)
	at org.junit.platform.engine.support.hierarchical.ThrowableCollector.execute(ThrowableCollector.java:73)
	at org.junit.platform.engine.support.hierarchical.NodeTestTask.lambda$executeRecursively$8(NodeTestTask.java:141)
	at org.junit.platform.engine.support.hierarchical.Node.around(Node.java:137)
	at org.junit.platform.engine.support.hierarchical.NodeTestTask.lambda$executeRecursively$9(NodeTestTask.java:139)
	at org.junit.platform.engine.support.hierarchical.ThrowableCollector.execute(ThrowableCollector.java:73)
	at org.junit.platform.engine.support.hierarchical.NodeTestTask.executeRecursively(NodeTestTask.java:138)
	at org.junit.platform.engine.support.hierarchical.NodeTestTask.execute(NodeTestTask.java:95)
	at java.util.ArrayList.forEach(ArrayList.java:1259)
	at org.junit.platform.engine.support.hierarchical.SameThreadHierarchicalTestExecutorService.invokeAll(SameThreadHierarchicalTestExecutorService.java:41)
	at org.junit.platform.engine.support.hierarchical.NodeTestTask.lambda$executeRecursively$6(NodeTestTask.java:155)
	at org.junit.platform.engine.support.hierarchical.ThrowableCollector.execute(ThrowableCollector.java:73)
	at org.junit.platform.engine.support.hierarchical.NodeTestTask.lambda$executeRecursively$8(NodeTestTask.java:141)
	at org.junit.platform.engine.support.hierarchical.Node.around(Node.java:137)
	at org.junit.platform.engine.support.hierarchical.NodeTestTask.lambda$executeRecursively$9(NodeTestTask.java:139)
	at org.junit.platform.engine.support.hierarchical.ThrowableCollector.execute(ThrowableCollector.java:73)
	at org.junit.platform.engine.support.hierarchical.NodeTestTask.executeRecursively(NodeTestTask.java:138)
	at org.junit.platform.engine.support.hierarchical.NodeTestTask.execute(NodeTestTask.java:95)
	at java.util.ArrayList.forEach(ArrayList.java:1259)
	at org.junit.platform.engine.support.hierarchical.SameThreadHierarchicalTestExecutorService.invokeAll(SameThreadHierarchicalTestExecutorService.java:41)
	at org.junit.platform.engine.support.hierarchical.NodeTestTask.lambda$executeRecursively$6(NodeTestTask.java:155)
	at org.junit.platform.engine.support.hierarchical.ThrowableCollector.execute(ThrowableCollector.java:73)
	at org.junit.platform.engine.support.hierarchical.NodeTestTask.lambda$executeRecursively$8(NodeTestTask.java:141)
	at org.junit.platform.engine.support.hierarchical.Node.around(Node.java:137)
	at org.junit.platform.engine.support.hierarchical.NodeTestTask.lambda$executeRecursively$9(NodeTestTask.java:139)
	at org.junit.platform.engine.support.hierarchical.ThrowableCollector.execute(ThrowableCollector.java:73)
	at org.junit.platform.engine.support.hierarchical.NodeTestTask.executeRecursively(NodeTestTask.java:138)
	at org.junit.platform.engine.support.hierarchical.NodeTestTask.execute(NodeTestTask.java:95)
	at org.junit.platform.engine.support.hierarchical.SameThreadHierarchicalTestExecutorService.submit(SameThreadHierarchicalTestExecutorService.java:35)
	at org.junit.platform.engine.support.hierarchical.HierarchicalTestExecutor.execute(HierarchicalTestExecutor.java:57)
	at org.junit.platform.engine.support.hierarchical.HierarchicalTestEngine.execute(HierarchicalTestEngine.java:54)
	at org.junit.platform.launcher.core.EngineExecutionOrchestrator.execute(EngineExecutionOrchestrator.java:107)
	at org.junit.platform.launcher.core.EngineExecutionOrchestrator.execute(EngineExecutionOrchestrator.java:88)
	at org.junit.platform.launcher.core.EngineExecutionOrchestrator.lambda$execute$0(EngineExecutionOrchestrator.java:54)
	at org.junit.platform.launcher.core.EngineExecutionOrchestrator.withInterceptedStreams(EngineExecutionOrchestrator.java:67)
	at org.junit.platform.launcher.core.EngineExecutionOrchestrator.execute(EngineExecutionOrchestrator.java:52)
	at org.junit.platform.launcher.core.DefaultLauncher.execute(DefaultLauncher.java:114)
	at org.junit.platform.launcher.core.DefaultLauncher.execute(DefaultLauncher.java:86)
	at org.junit.platform.launcher.core.DefaultLauncherSession$DelegatingLauncher.execute(DefaultLauncherSession.java:86)
	at org.junit.platform.launcher.core.SessionPerRequestLauncher.execute(SessionPerRequestLauncher.java:53)
	at org.apache.maven.surefire.junitplatform.JUnitPlatformProvider.execute(JUnitPlatformProvider.java:188)
	at org.apache.maven.surefire.junitplatform.JUnitPlatformProvider.invokeAllTests(JUnitPlatformProvider.java:154)
	at org.apache.maven.surefire.junitplatform.JUnitPlatformProvider.invoke(JUnitPlatformProvider.java:124)
	at org.apache.maven.surefire.booter.ForkedBooter.runSuitesInProcess(ForkedBooter.java:428)
	at org.apache.maven.surefire.booter.ForkedBooter.execute(ForkedBooter.java:162)
	at org.apache.maven.surefire.booter.ForkedBooter.run(ForkedBooter.java:562)
	at org.apache.maven.surefire.booter.ForkedBooter.main(ForkedBooter.java:548)
2023-11-17 10:20:48,383 [main] WARN  snapshot.SnapshotDiffManager (SnapshotDiffManager.java:getDeltaFiles(1210)) - RocksDBCheckpointDiffer is not available, falling back to slow path
2023-11-17 10:20:48,396 [main] INFO  snapshot.SnapshotDiffManager (SnapshotDiffManager.java:closeExecutorService(1715)) - Shutting down executorService: 'SnapDiffExecutor'
2023-11-17 10:20:48,397 [main] INFO  snapshot.SnapshotDiffManager (SnapshotDiffManager.java:closeExecutorService(1715)) - Shutting down executorService: 'SstDumpToolExecutor'
]]></system-out>
  </testcase>
  <testcase name="testThreadPoolIsFull(String, long, int, int)[1]" classname="org.apache.hadoop.ozone.om.snapshot.TestSnapshotDiffManager" time="6.058">
    <system-out><![CDATA[2023-11-17 10:20:48,419 [main] INFO  snapshot.SnapshotDiffManager (SnapshotDiffManager.java:closeExecutorService(1715)) - Shutting down executorService: 'SstDumpToolExecutor'
2023-11-17 10:20:48,464 [pool-59-thread-6] INFO  snapshot.SnapshotDiffManager (SnapshotDiffManager.java:submitSnapDiffJob(713)) - Submitting snap diff report generation request for volume: volume, bucket: bucket, fromSnapshot: snap-c9d84be1-09a1-4bc6-a61d-7ac9d3612d3c and toSnapshot: snap-d4616e56-1ff5-4c9d-b384-009078811d36
2023-11-17 10:20:48,471 [pool-59-thread-7] INFO  snapshot.SnapshotDiffManager (SnapshotDiffManager.java:submitSnapDiffJob(713)) - Submitting snap diff report generation request for volume: volume, bucket: bucket, fromSnapshot: snap-c9d84be1-09a1-4bc6-a61d-7ac9d3612d3c and toSnapshot: snap-96b2c286-bc68-4479-956d-29b38e44ae62
2023-11-17 10:20:48,486 [pool-59-thread-9] INFO  snapshot.SnapshotDiffManager (SnapshotDiffManager.java:submitSnapDiffJob(713)) - Submitting snap diff report generation request for volume: volume, bucket: bucket, fromSnapshot: snap-c9d84be1-09a1-4bc6-a61d-7ac9d3612d3c and toSnapshot: snap-d5c3efb6-4f56-4f0e-b011-03a2d8f4a919
2023-11-17 10:20:48,490 [pool-59-thread-2] INFO  snapshot.SnapshotDiffManager (SnapshotDiffManager.java:submitSnapDiffJob(713)) - Submitting snap diff report generation request for volume: volume, bucket: bucket, fromSnapshot: snap-c9d84be1-09a1-4bc6-a61d-7ac9d3612d3c and toSnapshot: snap-5d9ea6c3-5108-48be-a842-022c13f8187e
2023-11-17 10:20:48,492 [pool-59-thread-1] INFO  snapshot.SnapshotDiffManager (SnapshotDiffManager.java:submitSnapDiffJob(713)) - Submitting snap diff report generation request for volume: volume, bucket: bucket, fromSnapshot: snap-c9d84be1-09a1-4bc6-a61d-7ac9d3612d3c and toSnapshot: snap-ee962c44-c8e2-4821-93da-344ab8cb3835
2023-11-17 10:20:48,494 [pool-59-thread-4] INFO  snapshot.SnapshotDiffManager (SnapshotDiffManager.java:submitSnapDiffJob(713)) - Submitting snap diff report generation request for volume: volume, bucket: bucket, fromSnapshot: snap-c9d84be1-09a1-4bc6-a61d-7ac9d3612d3c and toSnapshot: snap-9941db97-fd58-4482-88a7-84dad2467c72
2023-11-17 10:20:48,496 [pool-59-thread-3] INFO  snapshot.SnapshotDiffManager (SnapshotDiffManager.java:submitSnapDiffJob(713)) - Submitting snap diff report generation request for volume: volume, bucket: bucket, fromSnapshot: snap-c9d84be1-09a1-4bc6-a61d-7ac9d3612d3c and toSnapshot: snap-70742df9-c4bd-4bee-8393-7cf009c7ecff
2023-11-17 10:20:48,497 [pool-59-thread-8] INFO  snapshot.SnapshotDiffManager (SnapshotDiffManager.java:submitSnapDiffJob(713)) - Submitting snap diff report generation request for volume: volume, bucket: bucket, fromSnapshot: snap-c9d84be1-09a1-4bc6-a61d-7ac9d3612d3c and toSnapshot: snap-594bcf39-ebf4-40cf-9522-9ee41944cc6e
2023-11-17 10:20:48,499 [pool-59-thread-5] INFO  snapshot.SnapshotDiffManager (SnapshotDiffManager.java:submitSnapDiffJob(713)) - Submitting snap diff report generation request for volume: volume, bucket: bucket, fromSnapshot: snap-c9d84be1-09a1-4bc6-a61d-7ac9d3612d3c and toSnapshot: snap-979dab1e-59b9-4dd2-972f-05a5967cdaea
2023-11-17 10:20:48,951 [pool-59-thread-10] INFO  snapshot.SnapshotDiffManager (SnapshotDiffManager.java:submitSnapDiffJob(713)) - Submitting snap diff report generation request for volume: volume, bucket: bucket, fromSnapshot: snap-ee962c44-c8e2-4821-93da-344ab8cb3835 and toSnapshot: snap-5d9ea6c3-5108-48be-a842-022c13f8187e
2023-11-17 10:20:48,953 [pool-59-thread-12] INFO  snapshot.SnapshotDiffManager (SnapshotDiffManager.java:submitSnapDiffJob(713)) - Submitting snap diff report generation request for volume: volume, bucket: bucket, fromSnapshot: snap-ee962c44-c8e2-4821-93da-344ab8cb3835 and toSnapshot: snap-9941db97-fd58-4482-88a7-84dad2467c72
2023-11-17 10:20:48,954 [pool-59-thread-15] INFO  snapshot.SnapshotDiffManager (SnapshotDiffManager.java:submitSnapDiffJob(713)) - Submitting snap diff report generation request for volume: volume, bucket: bucket, fromSnapshot: snap-ee962c44-c8e2-4821-93da-344ab8cb3835 and toSnapshot: snap-96b2c286-bc68-4479-956d-29b38e44ae62
2023-11-17 10:20:48,958 [pool-59-thread-16] INFO  snapshot.SnapshotDiffManager (SnapshotDiffManager.java:submitSnapDiffJob(713)) - Submitting snap diff report generation request for volume: volume, bucket: bucket, fromSnapshot: snap-ee962c44-c8e2-4821-93da-344ab8cb3835 and toSnapshot: snap-594bcf39-ebf4-40cf-9522-9ee41944cc6e
2023-11-17 10:20:48,959 [pool-59-thread-17] INFO  snapshot.SnapshotDiffManager (SnapshotDiffManager.java:submitSnapDiffJob(713)) - Submitting snap diff report generation request for volume: volume, bucket: bucket, fromSnapshot: snap-ee962c44-c8e2-4821-93da-344ab8cb3835 and toSnapshot: snap-d5c3efb6-4f56-4f0e-b011-03a2d8f4a919
2023-11-17 10:20:48,961 [pool-59-thread-14] INFO  snapshot.SnapshotDiffManager (SnapshotDiffManager.java:submitSnapDiffJob(713)) - Submitting snap diff report generation request for volume: volume, bucket: bucket, fromSnapshot: snap-ee962c44-c8e2-4821-93da-344ab8cb3835 and toSnapshot: snap-d4616e56-1ff5-4c9d-b384-009078811d36
2023-11-17 10:20:48,962 [pool-59-thread-13] INFO  snapshot.SnapshotDiffManager (SnapshotDiffManager.java:submitSnapDiffJob(713)) - Submitting snap diff report generation request for volume: volume, bucket: bucket, fromSnapshot: snap-ee962c44-c8e2-4821-93da-344ab8cb3835 and toSnapshot: snap-979dab1e-59b9-4dd2-972f-05a5967cdaea
2023-11-17 10:20:48,963 [pool-59-thread-11] INFO  snapshot.SnapshotDiffManager (SnapshotDiffManager.java:submitSnapDiffJob(713)) - Submitting snap diff report generation request for volume: volume, bucket: bucket, fromSnapshot: snap-ee962c44-c8e2-4821-93da-344ab8cb3835 and toSnapshot: snap-70742df9-c4bd-4bee-8393-7cf009c7ecff
2023-11-17 10:20:49,449 [pool-59-thread-18] INFO  snapshot.SnapshotDiffManager (SnapshotDiffManager.java:submitSnapDiffJob(713)) - Submitting snap diff report generation request for volume: volume, bucket: bucket, fromSnapshot: snap-5d9ea6c3-5108-48be-a842-022c13f8187e and toSnapshot: snap-70742df9-c4bd-4bee-8393-7cf009c7ecff
2023-11-17 10:20:49,451 [pool-59-thread-20] INFO  snapshot.SnapshotDiffManager (SnapshotDiffManager.java:submitSnapDiffJob(713)) - Submitting snap diff report generation request for volume: volume, bucket: bucket, fromSnapshot: snap-5d9ea6c3-5108-48be-a842-022c13f8187e and toSnapshot: snap-979dab1e-59b9-4dd2-972f-05a5967cdaea
2023-11-17 10:20:49,452 [pool-59-thread-24] INFO  snapshot.SnapshotDiffManager (SnapshotDiffManager.java:submitSnapDiffJob(713)) - Submitting snap diff report generation request for volume: volume, bucket: bucket, fromSnapshot: snap-5d9ea6c3-5108-48be-a842-022c13f8187e and toSnapshot: snap-d5c3efb6-4f56-4f0e-b011-03a2d8f4a919
2023-11-17 10:20:49,453 [pool-59-thread-22] INFO  snapshot.SnapshotDiffManager (SnapshotDiffManager.java:submitSnapDiffJob(713)) - Submitting snap diff report generation request for volume: volume, bucket: bucket, fromSnapshot: snap-5d9ea6c3-5108-48be-a842-022c13f8187e and toSnapshot: snap-96b2c286-bc68-4479-956d-29b38e44ae62
2023-11-17 10:20:49,454 [pool-59-thread-21] INFO  snapshot.SnapshotDiffManager (SnapshotDiffManager.java:submitSnapDiffJob(713)) - Submitting snap diff report generation request for volume: volume, bucket: bucket, fromSnapshot: snap-5d9ea6c3-5108-48be-a842-022c13f8187e and toSnapshot: snap-d4616e56-1ff5-4c9d-b384-009078811d36
2023-11-17 10:20:49,455 [pool-59-thread-23] INFO  snapshot.SnapshotDiffManager (SnapshotDiffManager.java:submitSnapDiffJob(713)) - Submitting snap diff report generation request for volume: volume, bucket: bucket, fromSnapshot: snap-5d9ea6c3-5108-48be-a842-022c13f8187e and toSnapshot: snap-594bcf39-ebf4-40cf-9522-9ee41944cc6e
2023-11-17 10:20:49,457 [pool-59-thread-19] INFO  snapshot.SnapshotDiffManager (SnapshotDiffManager.java:submitSnapDiffJob(713)) - Submitting snap diff report generation request for volume: volume, bucket: bucket, fromSnapshot: snap-5d9ea6c3-5108-48be-a842-022c13f8187e and toSnapshot: snap-9941db97-fd58-4482-88a7-84dad2467c72
2023-11-17 10:20:49,949 [pool-59-thread-25] INFO  snapshot.SnapshotDiffManager (SnapshotDiffManager.java:submitSnapDiffJob(713)) - Submitting snap diff report generation request for volume: volume, bucket: bucket, fromSnapshot: snap-70742df9-c4bd-4bee-8393-7cf009c7ecff and toSnapshot: snap-9941db97-fd58-4482-88a7-84dad2467c72
2023-11-17 10:20:49,951 [pool-59-thread-28] INFO  snapshot.SnapshotDiffManager (SnapshotDiffManager.java:submitSnapDiffJob(713)) - Submitting snap diff report generation request for volume: volume, bucket: bucket, fromSnapshot: snap-70742df9-c4bd-4bee-8393-7cf009c7ecff and toSnapshot: snap-96b2c286-bc68-4479-956d-29b38e44ae62
2023-11-17 10:20:49,952 [pool-59-thread-26] INFO  snapshot.SnapshotDiffManager (SnapshotDiffManager.java:submitSnapDiffJob(713)) - Submitting snap diff report generation request for volume: volume, bucket: bucket, fromSnapshot: snap-70742df9-c4bd-4bee-8393-7cf009c7ecff and toSnapshot: snap-979dab1e-59b9-4dd2-972f-05a5967cdaea
2023-11-17 10:20:49,953 [pool-59-thread-27] INFO  snapshot.SnapshotDiffManager (SnapshotDiffManager.java:submitSnapDiffJob(713)) - Submitting snap diff report generation request for volume: volume, bucket: bucket, fromSnapshot: snap-70742df9-c4bd-4bee-8393-7cf009c7ecff and toSnapshot: snap-d4616e56-1ff5-4c9d-b384-009078811d36
2023-11-17 10:20:49,958 [pool-59-thread-30] INFO  snapshot.SnapshotDiffManager (SnapshotDiffManager.java:submitSnapDiffJob(713)) - Submitting snap diff report generation request for volume: volume, bucket: bucket, fromSnapshot: snap-70742df9-c4bd-4bee-8393-7cf009c7ecff and toSnapshot: snap-d5c3efb6-4f56-4f0e-b011-03a2d8f4a919
2023-11-17 10:20:49,959 [pool-59-thread-29] INFO  snapshot.SnapshotDiffManager (SnapshotDiffManager.java:submitSnapDiffJob(713)) - Submitting snap diff report generation request for volume: volume, bucket: bucket, fromSnapshot: snap-70742df9-c4bd-4bee-8393-7cf009c7ecff and toSnapshot: snap-594bcf39-ebf4-40cf-9522-9ee41944cc6e
2023-11-17 10:20:50,450 [pool-59-thread-31] INFO  snapshot.SnapshotDiffManager (SnapshotDiffManager.java:submitSnapDiffJob(713)) - Submitting snap diff report generation request for volume: volume, bucket: bucket, fromSnapshot: snap-9941db97-fd58-4482-88a7-84dad2467c72 and toSnapshot: snap-979dab1e-59b9-4dd2-972f-05a5967cdaea
2023-11-17 10:20:50,452 [pool-59-thread-32] INFO  snapshot.SnapshotDiffManager (SnapshotDiffManager.java:submitSnapDiffJob(713)) - Submitting snap diff report generation request for volume: volume, bucket: bucket, fromSnapshot: snap-9941db97-fd58-4482-88a7-84dad2467c72 and toSnapshot: snap-d4616e56-1ff5-4c9d-b384-009078811d36
2023-11-17 10:20:50,453 [pool-59-thread-34] INFO  snapshot.SnapshotDiffManager (SnapshotDiffManager.java:submitSnapDiffJob(713)) - Submitting snap diff report generation request for volume: volume, bucket: bucket, fromSnapshot: snap-9941db97-fd58-4482-88a7-84dad2467c72 and toSnapshot: snap-594bcf39-ebf4-40cf-9522-9ee41944cc6e
2023-11-17 10:20:50,456 [pool-59-thread-35] INFO  snapshot.SnapshotDiffManager (SnapshotDiffManager.java:submitSnapDiffJob(713)) - Submitting snap diff report generation request for volume: volume, bucket: bucket, fromSnapshot: snap-9941db97-fd58-4482-88a7-84dad2467c72 and toSnapshot: snap-d5c3efb6-4f56-4f0e-b011-03a2d8f4a919
2023-11-17 10:20:50,457 [pool-59-thread-33] INFO  snapshot.SnapshotDiffManager (SnapshotDiffManager.java:submitSnapDiffJob(713)) - Submitting snap diff report generation request for volume: volume, bucket: bucket, fromSnapshot: snap-9941db97-fd58-4482-88a7-84dad2467c72 and toSnapshot: snap-96b2c286-bc68-4479-956d-29b38e44ae62
2023-11-17 10:20:50,951 [pool-59-thread-39] INFO  snapshot.SnapshotDiffManager (SnapshotDiffManager.java:submitSnapDiffJob(713)) - Submitting snap diff report generation request for volume: volume, bucket: bucket, fromSnapshot: snap-979dab1e-59b9-4dd2-972f-05a5967cdaea and toSnapshot: snap-d5c3efb6-4f56-4f0e-b011-03a2d8f4a919
2023-11-17 10:20:50,952 [pool-59-thread-36] INFO  snapshot.SnapshotDiffManager (SnapshotDiffManager.java:submitSnapDiffJob(713)) - Submitting snap diff report generation request for volume: volume, bucket: bucket, fromSnapshot: snap-979dab1e-59b9-4dd2-972f-05a5967cdaea and toSnapshot: snap-d4616e56-1ff5-4c9d-b384-009078811d36
2023-11-17 10:20:50,953 [pool-59-thread-38] INFO  snapshot.SnapshotDiffManager (SnapshotDiffManager.java:submitSnapDiffJob(713)) - Submitting snap diff report generation request for volume: volume, bucket: bucket, fromSnapshot: snap-979dab1e-59b9-4dd2-972f-05a5967cdaea and toSnapshot: snap-594bcf39-ebf4-40cf-9522-9ee41944cc6e
2023-11-17 10:20:50,954 [pool-59-thread-37] INFO  snapshot.SnapshotDiffManager (SnapshotDiffManager.java:submitSnapDiffJob(713)) - Submitting snap diff report generation request for volume: volume, bucket: bucket, fromSnapshot: snap-979dab1e-59b9-4dd2-972f-05a5967cdaea and toSnapshot: snap-96b2c286-bc68-4479-956d-29b38e44ae62
2023-11-17 10:20:51,451 [pool-59-thread-40] INFO  snapshot.SnapshotDiffManager (SnapshotDiffManager.java:submitSnapDiffJob(713)) - Submitting snap diff report generation request for volume: volume, bucket: bucket, fromSnapshot: snap-d4616e56-1ff5-4c9d-b384-009078811d36 and toSnapshot: snap-96b2c286-bc68-4479-956d-29b38e44ae62
2023-11-17 10:20:51,452 [pool-59-thread-42] INFO  snapshot.SnapshotDiffManager (SnapshotDiffManager.java:submitSnapDiffJob(713)) - Submitting snap diff report generation request for volume: volume, bucket: bucket, fromSnapshot: snap-d4616e56-1ff5-4c9d-b384-009078811d36 and toSnapshot: snap-d5c3efb6-4f56-4f0e-b011-03a2d8f4a919
2023-11-17 10:20:51,453 [pool-59-thread-41] INFO  snapshot.SnapshotDiffManager (SnapshotDiffManager.java:submitSnapDiffJob(713)) - Submitting snap diff report generation request for volume: volume, bucket: bucket, fromSnapshot: snap-d4616e56-1ff5-4c9d-b384-009078811d36 and toSnapshot: snap-594bcf39-ebf4-40cf-9522-9ee41944cc6e
2023-11-17 10:20:51,952 [pool-59-thread-43] INFO  snapshot.SnapshotDiffManager (SnapshotDiffManager.java:submitSnapDiffJob(713)) - Submitting snap diff report generation request for volume: volume, bucket: bucket, fromSnapshot: snap-96b2c286-bc68-4479-956d-29b38e44ae62 and toSnapshot: snap-594bcf39-ebf4-40cf-9522-9ee41944cc6e
2023-11-17 10:20:51,953 [pool-59-thread-44] INFO  snapshot.SnapshotDiffManager (SnapshotDiffManager.java:submitSnapDiffJob(713)) - Submitting snap diff report generation request for volume: volume, bucket: bucket, fromSnapshot: snap-96b2c286-bc68-4479-956d-29b38e44ae62 and toSnapshot: snap-d5c3efb6-4f56-4f0e-b011-03a2d8f4a919
2023-11-17 10:20:52,452 [pool-59-thread-45] INFO  snapshot.SnapshotDiffManager (SnapshotDiffManager.java:submitSnapDiffJob(713)) - Submitting snap diff report generation request for volume: volume, bucket: bucket, fromSnapshot: snap-594bcf39-ebf4-40cf-9522-9ee41944cc6e and toSnapshot: snap-d5c3efb6-4f56-4f0e-b011-03a2d8f4a919
2023-11-17 10:20:54,457 [main] INFO  snapshot.SnapshotDiffManager (SnapshotDiffManager.java:closeExecutorService(1715)) - Shutting down executorService: 'SnapDiffExecutor'
2023-11-17 10:20:54,463 [main] INFO  snapshot.SnapshotDiffManager (SnapshotDiffManager.java:closeExecutorService(1715)) - Shutting down executorService: 'SstDumpToolExecutor'
]]></system-out>
  </testcase>
  <testcase name="testThreadPoolIsFull(String, long, int, int)[2]" classname="org.apache.hadoop.ozone.om.snapshot.TestSnapshotDiffManager" time="1.073">
    <system-out><![CDATA[2023-11-17 10:20:54,481 [main] INFO  snapshot.SnapshotDiffManager (SnapshotDiffManager.java:closeExecutorService(1715)) - Shutting down executorService: 'SstDumpToolExecutor'
2023-11-17 10:20:54,501 [pool-62-thread-1] INFO  snapshot.SnapshotDiffManager (SnapshotDiffManager.java:submitSnapDiffJob(713)) - Submitting snap diff report generation request for volume: volume, bucket: bucket, fromSnapshot: snap-52761763-ec92-4882-9871-c3d1ba957d0b and toSnapshot: snap-9ebf3432-bf18-402b-9e18-13d4e8d08d5f
2023-11-17 10:20:54,504 [pool-62-thread-18] INFO  snapshot.SnapshotDiffManager (SnapshotDiffManager.java:submitSnapDiffJob(713)) - Submitting snap diff report generation request for volume: volume, bucket: bucket, fromSnapshot: snap-69d74f42-7737-4473-a28f-d32f8ee49824 and toSnapshot: snap-7349cc09-32a5-4a68-bdac-dcf8d037b6d8
2023-11-17 10:20:54,515 [pool-62-thread-4] INFO  snapshot.SnapshotDiffManager (SnapshotDiffManager.java:submitSnapDiffJob(713)) - Submitting snap diff report generation request for volume: volume, bucket: bucket, fromSnapshot: snap-52761763-ec92-4882-9871-c3d1ba957d0b and toSnapshot: snap-74339c35-92c7-4be4-aa8a-723620e32ac0
2023-11-17 10:20:54,516 [pool-62-thread-15] INFO  snapshot.SnapshotDiffManager (SnapshotDiffManager.java:submitSnapDiffJob(713)) - Submitting snap diff report generation request for volume: volume, bucket: bucket, fromSnapshot: snap-9ebf3432-bf18-402b-9e18-13d4e8d08d5f and toSnapshot: snap-b150b24a-918c-4543-8a93-5582eabb4882
2023-11-17 10:20:54,518 [pool-62-thread-19] INFO  snapshot.SnapshotDiffManager (SnapshotDiffManager.java:submitSnapDiffJob(713)) - Submitting snap diff report generation request for volume: volume, bucket: bucket, fromSnapshot: snap-69d74f42-7737-4473-a28f-d32f8ee49824 and toSnapshot: snap-74339c35-92c7-4be4-aa8a-723620e32ac0
2023-11-17 10:20:54,520 [pool-62-thread-16] INFO  snapshot.SnapshotDiffManager (SnapshotDiffManager.java:submitSnapDiffJob(713)) - Submitting snap diff report generation request for volume: volume, bucket: bucket, fromSnapshot: snap-9ebf3432-bf18-402b-9e18-13d4e8d08d5f and toSnapshot: snap-374f0b9c-8236-4b9a-81f4-0683e06e712f
2023-11-17 10:20:54,523 [pool-62-thread-21] INFO  snapshot.SnapshotDiffManager (SnapshotDiffManager.java:submitSnapDiffJob(713)) - Submitting snap diff report generation request for volume: volume, bucket: bucket, fromSnapshot: snap-69d74f42-7737-4473-a28f-d32f8ee49824 and toSnapshot: snap-3cb46f6c-3bd5-4922-a703-a9bbe1b49236
2023-11-17 10:20:54,524 [pool-62-thread-17] INFO  snapshot.SnapshotDiffManager (SnapshotDiffManager.java:submitSnapDiffJob(713)) - Submitting snap diff report generation request for volume: volume, bucket: bucket, fromSnapshot: snap-9ebf3432-bf18-402b-9e18-13d4e8d08d5f and toSnapshot: snap-56613bec-cc8f-477c-8b4e-10568ca878f0
2023-11-17 10:20:54,526 [pool-62-thread-11] INFO  snapshot.SnapshotDiffManager (SnapshotDiffManager.java:submitSnapDiffJob(713)) - Submitting snap diff report generation request for volume: volume, bucket: bucket, fromSnapshot: snap-9ebf3432-bf18-402b-9e18-13d4e8d08d5f and toSnapshot: snap-7349cc09-32a5-4a68-bdac-dcf8d037b6d8
2023-11-17 10:20:54,538 [pool-62-thread-5] INFO  snapshot.SnapshotDiffManager (SnapshotDiffManager.java:submitSnapDiffJob(713)) - Submitting snap diff report generation request for volume: volume, bucket: bucket, fromSnapshot: snap-52761763-ec92-4882-9871-c3d1ba957d0b and toSnapshot: snap-e85526db-d4ef-4cc2-874d-1c887da8d060
2023-11-17 10:20:54,540 [pool-62-thread-3] INFO  snapshot.SnapshotDiffManager (SnapshotDiffManager.java:submitSnapDiffJob(713)) - Submitting snap diff report generation request for volume: volume, bucket: bucket, fromSnapshot: snap-52761763-ec92-4882-9871-c3d1ba957d0b and toSnapshot: snap-7349cc09-32a5-4a68-bdac-dcf8d037b6d8
2023-11-17 10:20:54,541 [pool-62-thread-45] INFO  snapshot.SnapshotDiffManager (SnapshotDiffManager.java:submitSnapDiffJob(713)) - Submitting snap diff report generation request for volume: volume, bucket: bucket, fromSnapshot: snap-374f0b9c-8236-4b9a-81f4-0683e06e712f and toSnapshot: snap-56613bec-cc8f-477c-8b4e-10568ca878f0
2023-11-17 10:20:54,542 [pool-62-thread-23] INFO  snapshot.SnapshotDiffManager (SnapshotDiffManager.java:submitSnapDiffJob(713)) - Submitting snap diff report generation request for volume: volume, bucket: bucket, fromSnapshot: snap-69d74f42-7737-4473-a28f-d32f8ee49824 and toSnapshot: snap-374f0b9c-8236-4b9a-81f4-0683e06e712f
2023-11-17 10:20:54,544 [pool-62-thread-24] INFO  snapshot.SnapshotDiffManager (SnapshotDiffManager.java:submitSnapDiffJob(713)) - Submitting snap diff report generation request for volume: volume, bucket: bucket, fromSnapshot: snap-69d74f42-7737-4473-a28f-d32f8ee49824 and toSnapshot: snap-56613bec-cc8f-477c-8b4e-10568ca878f0
2023-11-17 10:20:54,545 [pool-62-thread-26] INFO  snapshot.SnapshotDiffManager (SnapshotDiffManager.java:submitSnapDiffJob(713)) - Submitting snap diff report generation request for volume: volume, bucket: bucket, fromSnapshot: snap-7349cc09-32a5-4a68-bdac-dcf8d037b6d8 and toSnapshot: snap-e85526db-d4ef-4cc2-874d-1c887da8d060
2023-11-17 10:20:54,546 [pool-62-thread-28] INFO  snapshot.SnapshotDiffManager (SnapshotDiffManager.java:submitSnapDiffJob(713)) - Submitting snap diff report generation request for volume: volume, bucket: bucket, fromSnapshot: snap-7349cc09-32a5-4a68-bdac-dcf8d037b6d8 and toSnapshot: snap-b150b24a-918c-4543-8a93-5582eabb4882
2023-11-17 10:20:54,548 [pool-62-thread-30] INFO  snapshot.SnapshotDiffManager (SnapshotDiffManager.java:submitSnapDiffJob(713)) - Submitting snap diff report generation request for volume: volume, bucket: bucket, fromSnapshot: snap-7349cc09-32a5-4a68-bdac-dcf8d037b6d8 and toSnapshot: snap-56613bec-cc8f-477c-8b4e-10568ca878f0
2023-11-17 10:20:54,549 [pool-62-thread-31] INFO  snapshot.SnapshotDiffManager (SnapshotDiffManager.java:submitSnapDiffJob(713)) - Submitting snap diff report generation request for volume: volume, bucket: bucket, fromSnapshot: snap-74339c35-92c7-4be4-aa8a-723620e32ac0 and toSnapshot: snap-e85526db-d4ef-4cc2-874d-1c887da8d060
2023-11-17 10:20:54,550 [pool-62-thread-32] INFO  snapshot.SnapshotDiffManager (SnapshotDiffManager.java:submitSnapDiffJob(713)) - Submitting snap diff report generation request for volume: volume, bucket: bucket, fromSnapshot: snap-74339c35-92c7-4be4-aa8a-723620e32ac0 and toSnapshot: snap-3cb46f6c-3bd5-4922-a703-a9bbe1b49236
2023-11-17 10:20:54,551 [pool-62-thread-33] INFO  snapshot.SnapshotDiffManager (SnapshotDiffManager.java:submitSnapDiffJob(713)) - Submitting snap diff report generation request for volume: volume, bucket: bucket, fromSnapshot: snap-74339c35-92c7-4be4-aa8a-723620e32ac0 and toSnapshot: snap-b150b24a-918c-4543-8a93-5582eabb4882
2023-11-17 10:20:54,552 [pool-62-thread-36] INFO  snapshot.SnapshotDiffManager (SnapshotDiffManager.java:submitSnapDiffJob(713)) - Submitting snap diff report generation request for volume: volume, bucket: bucket, fromSnapshot: snap-e85526db-d4ef-4cc2-874d-1c887da8d060 and toSnapshot: snap-3cb46f6c-3bd5-4922-a703-a9bbe1b49236
2023-11-17 10:20:54,553 [pool-62-thread-36] INFO  snapshot.SnapshotDiffManager (SnapshotDiffManager.java:submitSnapDiffJob(738)) - Exceeded the snapDiff parallel requests progressing limit. Removed the jobKey: e85526db-d4ef-4cc2-874d-1c887da8d060-3cb46f6c-3bd5-4922-a703-a9bbe1b49236. Please retry after 60000.
2023-11-17 10:20:54,554 [pool-62-thread-40] INFO  snapshot.SnapshotDiffManager (SnapshotDiffManager.java:submitSnapDiffJob(713)) - Submitting snap diff report generation request for volume: volume, bucket: bucket, fromSnapshot: snap-3cb46f6c-3bd5-4922-a703-a9bbe1b49236 and toSnapshot: snap-b150b24a-918c-4543-8a93-5582eabb4882
2023-11-17 10:20:54,554 [pool-62-thread-40] INFO  snapshot.SnapshotDiffManager (SnapshotDiffManager.java:submitSnapDiffJob(738)) - Exceeded the snapDiff parallel requests progressing limit. Removed the jobKey: 3cb46f6c-3bd5-4922-a703-a9bbe1b49236-b150b24a-918c-4543-8a93-5582eabb4882. Please retry after 60000.
2023-11-17 10:20:54,555 [pool-62-thread-43] INFO  snapshot.SnapshotDiffManager (SnapshotDiffManager.java:submitSnapDiffJob(713)) - Submitting snap diff report generation request for volume: volume, bucket: bucket, fromSnapshot: snap-b150b24a-918c-4543-8a93-5582eabb4882 and toSnapshot: snap-374f0b9c-8236-4b9a-81f4-0683e06e712f
2023-11-17 10:20:54,556 [pool-62-thread-43] INFO  snapshot.SnapshotDiffManager (SnapshotDiffManager.java:submitSnapDiffJob(738)) - Exceeded the snapDiff parallel requests progressing limit. Removed the jobKey: b150b24a-918c-4543-8a93-5582eabb4882-374f0b9c-8236-4b9a-81f4-0683e06e712f. Please retry after 60000.
2023-11-17 10:20:54,556 [pool-62-thread-9] INFO  snapshot.SnapshotDiffManager (SnapshotDiffManager.java:submitSnapDiffJob(713)) - Submitting snap diff report generation request for volume: volume, bucket: bucket, fromSnapshot: snap-52761763-ec92-4882-9871-c3d1ba957d0b and toSnapshot: snap-56613bec-cc8f-477c-8b4e-10568ca878f0
2023-11-17 10:20:54,557 [pool-62-thread-9] INFO  snapshot.SnapshotDiffManager (SnapshotDiffManager.java:submitSnapDiffJob(738)) - Exceeded the snapDiff parallel requests progressing limit. Removed the jobKey: 52761763-ec92-4882-9871-c3d1ba957d0b-56613bec-cc8f-477c-8b4e-10568ca878f0. Please retry after 60000.
2023-11-17 10:20:54,558 [pool-62-thread-8] INFO  snapshot.SnapshotDiffManager (SnapshotDiffManager.java:submitSnapDiffJob(713)) - Submitting snap diff report generation request for volume: volume, bucket: bucket, fromSnapshot: snap-52761763-ec92-4882-9871-c3d1ba957d0b and toSnapshot: snap-374f0b9c-8236-4b9a-81f4-0683e06e712f
2023-11-17 10:20:54,558 [pool-62-thread-8] INFO  snapshot.SnapshotDiffManager (SnapshotDiffManager.java:submitSnapDiffJob(738)) - Exceeded the snapDiff parallel requests progressing limit. Removed the jobKey: 52761763-ec92-4882-9871-c3d1ba957d0b-374f0b9c-8236-4b9a-81f4-0683e06e712f. Please retry after 60000.
2023-11-17 10:20:54,559 [pool-62-thread-10] INFO  snapshot.SnapshotDiffManager (SnapshotDiffManager.java:submitSnapDiffJob(713)) - Submitting snap diff report generation request for volume: volume, bucket: bucket, fromSnapshot: snap-9ebf3432-bf18-402b-9e18-13d4e8d08d5f and toSnapshot: snap-69d74f42-7737-4473-a28f-d32f8ee49824
2023-11-17 10:20:54,559 [pool-62-thread-10] INFO  snapshot.SnapshotDiffManager (SnapshotDiffManager.java:submitSnapDiffJob(738)) - Exceeded the snapDiff parallel requests progressing limit. Removed the jobKey: 9ebf3432-bf18-402b-9e18-13d4e8d08d5f-69d74f42-7737-4473-a28f-d32f8ee49824. Please retry after 60000.
2023-11-17 10:20:54,560 [pool-62-thread-12] INFO  snapshot.SnapshotDiffManager (SnapshotDiffManager.java:submitSnapDiffJob(713)) - Submitting snap diff report generation request for volume: volume, bucket: bucket, fromSnapshot: snap-9ebf3432-bf18-402b-9e18-13d4e8d08d5f and toSnapshot: snap-74339c35-92c7-4be4-aa8a-723620e32ac0
2023-11-17 10:20:54,560 [pool-62-thread-12] INFO  snapshot.SnapshotDiffManager (SnapshotDiffManager.java:submitSnapDiffJob(738)) - Exceeded the snapDiff parallel requests progressing limit. Removed the jobKey: 9ebf3432-bf18-402b-9e18-13d4e8d08d5f-74339c35-92c7-4be4-aa8a-723620e32ac0. Please retry after 60000.
2023-11-17 10:20:54,561 [pool-62-thread-38] INFO  snapshot.SnapshotDiffManager (SnapshotDiffManager.java:submitSnapDiffJob(713)) - Submitting snap diff report generation request for volume: volume, bucket: bucket, fromSnapshot: snap-e85526db-d4ef-4cc2-874d-1c887da8d060 and toSnapshot: snap-374f0b9c-8236-4b9a-81f4-0683e06e712f
2023-11-17 10:20:54,562 [pool-62-thread-38] INFO  snapshot.SnapshotDiffManager (SnapshotDiffManager.java:submitSnapDiffJob(738)) - Exceeded the snapDiff parallel requests progressing limit. Removed the jobKey: e85526db-d4ef-4cc2-874d-1c887da8d060-374f0b9c-8236-4b9a-81f4-0683e06e712f. Please retry after 60000.
2023-11-17 10:20:54,562 [pool-62-thread-2] INFO  snapshot.SnapshotDiffManager (SnapshotDiffManager.java:submitSnapDiffJob(713)) - Submitting snap diff report generation request for volume: volume, bucket: bucket, fromSnapshot: snap-52761763-ec92-4882-9871-c3d1ba957d0b and toSnapshot: snap-69d74f42-7737-4473-a28f-d32f8ee49824
2023-11-17 10:20:54,562 [pool-62-thread-2] INFO  snapshot.SnapshotDiffManager (SnapshotDiffManager.java:submitSnapDiffJob(738)) - Exceeded the snapDiff parallel requests progressing limit. Removed the jobKey: 52761763-ec92-4882-9871-c3d1ba957d0b-69d74f42-7737-4473-a28f-d32f8ee49824. Please retry after 60000.
2023-11-17 10:20:54,563 [pool-62-thread-20] INFO  snapshot.SnapshotDiffManager (SnapshotDiffManager.java:submitSnapDiffJob(713)) - Submitting snap diff report generation request for volume: volume, bucket: bucket, fromSnapshot: snap-69d74f42-7737-4473-a28f-d32f8ee49824 and toSnapshot: snap-e85526db-d4ef-4cc2-874d-1c887da8d060
2023-11-17 10:20:54,563 [pool-62-thread-20] INFO  snapshot.SnapshotDiffManager (SnapshotDiffManager.java:submitSnapDiffJob(738)) - Exceeded the snapDiff parallel requests progressing limit. Removed the jobKey: 69d74f42-7737-4473-a28f-d32f8ee49824-e85526db-d4ef-4cc2-874d-1c887da8d060. Please retry after 60000.
2023-11-17 10:20:54,564 [pool-62-thread-14] INFO  snapshot.SnapshotDiffManager (SnapshotDiffManager.java:submitSnapDiffJob(713)) - Submitting snap diff report generation request for volume: volume, bucket: bucket, fromSnapshot: snap-9ebf3432-bf18-402b-9e18-13d4e8d08d5f and toSnapshot: snap-3cb46f6c-3bd5-4922-a703-a9bbe1b49236
2023-11-17 10:20:54,564 [pool-62-thread-14] INFO  snapshot.SnapshotDiffManager (SnapshotDiffManager.java:submitSnapDiffJob(738)) - Exceeded the snapDiff parallel requests progressing limit. Removed the jobKey: 9ebf3432-bf18-402b-9e18-13d4e8d08d5f-3cb46f6c-3bd5-4922-a703-a9bbe1b49236. Please retry after 60000.
2023-11-17 10:20:54,565 [pool-62-thread-44] INFO  snapshot.SnapshotDiffManager (SnapshotDiffManager.java:submitSnapDiffJob(713)) - Submitting snap diff report generation request for volume: volume, bucket: bucket, fromSnapshot: snap-b150b24a-918c-4543-8a93-5582eabb4882 and toSnapshot: snap-56613bec-cc8f-477c-8b4e-10568ca878f0
2023-11-17 10:20:54,566 [pool-62-thread-44] INFO  snapshot.SnapshotDiffManager (SnapshotDiffManager.java:submitSnapDiffJob(738)) - Exceeded the snapDiff parallel requests progressing limit. Removed the jobKey: b150b24a-918c-4543-8a93-5582eabb4882-56613bec-cc8f-477c-8b4e-10568ca878f0. Please retry after 60000.
2023-11-17 10:20:54,567 [pool-62-thread-13] INFO  snapshot.SnapshotDiffManager (SnapshotDiffManager.java:submitSnapDiffJob(713)) - Submitting snap diff report generation request for volume: volume, bucket: bucket, fromSnapshot: snap-9ebf3432-bf18-402b-9e18-13d4e8d08d5f and toSnapshot: snap-e85526db-d4ef-4cc2-874d-1c887da8d060
2023-11-17 10:20:54,567 [pool-62-thread-13] INFO  snapshot.SnapshotDiffManager (SnapshotDiffManager.java:submitSnapDiffJob(738)) - Exceeded the snapDiff parallel requests progressing limit. Removed the jobKey: 9ebf3432-bf18-402b-9e18-13d4e8d08d5f-e85526db-d4ef-4cc2-874d-1c887da8d060. Please retry after 60000.
2023-11-17 10:20:54,568 [pool-62-thread-7] INFO  snapshot.SnapshotDiffManager (SnapshotDiffManager.java:submitSnapDiffJob(713)) - Submitting snap diff report generation request for volume: volume, bucket: bucket, fromSnapshot: snap-52761763-ec92-4882-9871-c3d1ba957d0b and toSnapshot: snap-b150b24a-918c-4543-8a93-5582eabb4882
2023-11-17 10:20:54,568 [pool-62-thread-7] INFO  snapshot.SnapshotDiffManager (SnapshotDiffManager.java:submitSnapDiffJob(738)) - Exceeded the snapDiff parallel requests progressing limit. Removed the jobKey: 52761763-ec92-4882-9871-c3d1ba957d0b-b150b24a-918c-4543-8a93-5582eabb4882. Please retry after 60000.
2023-11-17 10:20:54,569 [pool-62-thread-6] INFO  snapshot.SnapshotDiffManager (SnapshotDiffManager.java:submitSnapDiffJob(713)) - Submitting snap diff report generation request for volume: volume, bucket: bucket, fromSnapshot: snap-52761763-ec92-4882-9871-c3d1ba957d0b and toSnapshot: snap-3cb46f6c-3bd5-4922-a703-a9bbe1b49236
2023-11-17 10:20:54,569 [pool-62-thread-6] INFO  snapshot.SnapshotDiffManager (SnapshotDiffManager.java:submitSnapDiffJob(738)) - Exceeded the snapDiff parallel requests progressing limit. Removed the jobKey: 52761763-ec92-4882-9871-c3d1ba957d0b-3cb46f6c-3bd5-4922-a703-a9bbe1b49236. Please retry after 60000.
2023-11-17 10:20:54,570 [pool-62-thread-42] INFO  snapshot.SnapshotDiffManager (SnapshotDiffManager.java:submitSnapDiffJob(713)) - Submitting snap diff report generation request for volume: volume, bucket: bucket, fromSnapshot: snap-3cb46f6c-3bd5-4922-a703-a9bbe1b49236 and toSnapshot: snap-56613bec-cc8f-477c-8b4e-10568ca878f0
2023-11-17 10:20:54,570 [pool-62-thread-42] INFO  snapshot.SnapshotDiffManager (SnapshotDiffManager.java:submitSnapDiffJob(738)) - Exceeded the snapDiff parallel requests progressing limit. Removed the jobKey: 3cb46f6c-3bd5-4922-a703-a9bbe1b49236-56613bec-cc8f-477c-8b4e-10568ca878f0. Please retry after 60000.
2023-11-17 10:20:54,571 [pool-62-thread-41] INFO  snapshot.SnapshotDiffManager (SnapshotDiffManager.java:submitSnapDiffJob(713)) - Submitting snap diff report generation request for volume: volume, bucket: bucket, fromSnapshot: snap-3cb46f6c-3bd5-4922-a703-a9bbe1b49236 and toSnapshot: snap-374f0b9c-8236-4b9a-81f4-0683e06e712f
2023-11-17 10:20:54,571 [pool-62-thread-41] INFO  snapshot.SnapshotDiffManager (SnapshotDiffManager.java:submitSnapDiffJob(738)) - Exceeded the snapDiff parallel requests progressing limit. Removed the jobKey: 3cb46f6c-3bd5-4922-a703-a9bbe1b49236-374f0b9c-8236-4b9a-81f4-0683e06e712f. Please retry after 60000.
2023-11-17 10:20:54,572 [pool-62-thread-39] INFO  snapshot.SnapshotDiffManager (SnapshotDiffManager.java:submitSnapDiffJob(713)) - Submitting snap diff report generation request for volume: volume, bucket: bucket, fromSnapshot: snap-e85526db-d4ef-4cc2-874d-1c887da8d060 and toSnapshot: snap-56613bec-cc8f-477c-8b4e-10568ca878f0
2023-11-17 10:20:54,572 [pool-62-thread-39] INFO  snapshot.SnapshotDiffManager (SnapshotDiffManager.java:submitSnapDiffJob(738)) - Exceeded the snapDiff parallel requests progressing limit. Removed the jobKey: e85526db-d4ef-4cc2-874d-1c887da8d060-56613bec-cc8f-477c-8b4e-10568ca878f0. Please retry after 60000.
2023-11-17 10:20:54,573 [pool-62-thread-37] INFO  snapshot.SnapshotDiffManager (SnapshotDiffManager.java:submitSnapDiffJob(713)) - Submitting snap diff report generation request for volume: volume, bucket: bucket, fromSnapshot: snap-e85526db-d4ef-4cc2-874d-1c887da8d060 and toSnapshot: snap-b150b24a-918c-4543-8a93-5582eabb4882
2023-11-17 10:20:54,573 [pool-62-thread-37] INFO  snapshot.SnapshotDiffManager (SnapshotDiffManager.java:submitSnapDiffJob(738)) - Exceeded the snapDiff parallel requests progressing limit. Removed the jobKey: e85526db-d4ef-4cc2-874d-1c887da8d060-b150b24a-918c-4543-8a93-5582eabb4882. Please retry after 60000.
2023-11-17 10:20:54,574 [pool-62-thread-35] INFO  snapshot.SnapshotDiffManager (SnapshotDiffManager.java:submitSnapDiffJob(713)) - Submitting snap diff report generation request for volume: volume, bucket: bucket, fromSnapshot: snap-74339c35-92c7-4be4-aa8a-723620e32ac0 and toSnapshot: snap-56613bec-cc8f-477c-8b4e-10568ca878f0
2023-11-17 10:20:54,574 [pool-62-thread-35] INFO  snapshot.SnapshotDiffManager (SnapshotDiffManager.java:submitSnapDiffJob(738)) - Exceeded the snapDiff parallel requests progressing limit. Removed the jobKey: 74339c35-92c7-4be4-aa8a-723620e32ac0-56613bec-cc8f-477c-8b4e-10568ca878f0. Please retry after 60000.
2023-11-17 10:20:54,574 [pool-62-thread-34] INFO  snapshot.SnapshotDiffManager (SnapshotDiffManager.java:submitSnapDiffJob(713)) - Submitting snap diff report generation request for volume: volume, bucket: bucket, fromSnapshot: snap-74339c35-92c7-4be4-aa8a-723620e32ac0 and toSnapshot: snap-374f0b9c-8236-4b9a-81f4-0683e06e712f
2023-11-17 10:20:54,575 [pool-62-thread-34] INFO  snapshot.SnapshotDiffManager (SnapshotDiffManager.java:submitSnapDiffJob(738)) - Exceeded the snapDiff parallel requests progressing limit. Removed the jobKey: 74339c35-92c7-4be4-aa8a-723620e32ac0-374f0b9c-8236-4b9a-81f4-0683e06e712f. Please retry after 60000.
2023-11-17 10:20:54,575 [pool-62-thread-29] INFO  snapshot.SnapshotDiffManager (SnapshotDiffManager.java:submitSnapDiffJob(713)) - Submitting snap diff report generation request for volume: volume, bucket: bucket, fromSnapshot: snap-7349cc09-32a5-4a68-bdac-dcf8d037b6d8 and toSnapshot: snap-374f0b9c-8236-4b9a-81f4-0683e06e712f
2023-11-17 10:20:54,575 [pool-62-thread-29] INFO  snapshot.SnapshotDiffManager (SnapshotDiffManager.java:submitSnapDiffJob(738)) - Exceeded the snapDiff parallel requests progressing limit. Removed the jobKey: 7349cc09-32a5-4a68-bdac-dcf8d037b6d8-374f0b9c-8236-4b9a-81f4-0683e06e712f. Please retry after 60000.
2023-11-17 10:20:54,576 [pool-62-thread-27] INFO  snapshot.SnapshotDiffManager (SnapshotDiffManager.java:submitSnapDiffJob(713)) - Submitting snap diff report generation request for volume: volume, bucket: bucket, fromSnapshot: snap-7349cc09-32a5-4a68-bdac-dcf8d037b6d8 and toSnapshot: snap-3cb46f6c-3bd5-4922-a703-a9bbe1b49236
2023-11-17 10:20:54,576 [pool-62-thread-27] INFO  snapshot.SnapshotDiffManager (SnapshotDiffManager.java:submitSnapDiffJob(738)) - Exceeded the snapDiff parallel requests progressing limit. Removed the jobKey: 7349cc09-32a5-4a68-bdac-dcf8d037b6d8-3cb46f6c-3bd5-4922-a703-a9bbe1b49236. Please retry after 60000.
2023-11-17 10:20:54,577 [pool-62-thread-25] INFO  snapshot.SnapshotDiffManager (SnapshotDiffManager.java:submitSnapDiffJob(713)) - Submitting snap diff report generation request for volume: volume, bucket: bucket, fromSnapshot: snap-7349cc09-32a5-4a68-bdac-dcf8d037b6d8 and toSnapshot: snap-74339c35-92c7-4be4-aa8a-723620e32ac0
2023-11-17 10:20:54,577 [pool-62-thread-25] INFO  snapshot.SnapshotDiffManager (SnapshotDiffManager.java:submitSnapDiffJob(738)) - Exceeded the snapDiff parallel requests progressing limit. Removed the jobKey: 7349cc09-32a5-4a68-bdac-dcf8d037b6d8-74339c35-92c7-4be4-aa8a-723620e32ac0. Please retry after 60000.
2023-11-17 10:20:54,578 [pool-62-thread-22] INFO  snapshot.SnapshotDiffManager (SnapshotDiffManager.java:submitSnapDiffJob(713)) - Submitting snap diff report generation request for volume: volume, bucket: bucket, fromSnapshot: snap-69d74f42-7737-4473-a28f-d32f8ee49824 and toSnapshot: snap-b150b24a-918c-4543-8a93-5582eabb4882
2023-11-17 10:20:54,578 [pool-62-thread-22] INFO  snapshot.SnapshotDiffManager (SnapshotDiffManager.java:submitSnapDiffJob(738)) - Exceeded the snapDiff parallel requests progressing limit. Removed the jobKey: 69d74f42-7737-4473-a28f-d32f8ee49824-b150b24a-918c-4543-8a93-5582eabb4882. Please retry after 60000.
2023-11-17 10:20:55,538 [main] INFO  snapshot.SnapshotDiffManager (SnapshotDiffManager.java:closeExecutorService(1715)) - Shutting down executorService: 'SnapDiffExecutor'
2023-11-17 10:20:55,539 [main] INFO  snapshot.SnapshotDiffManager (SnapshotDiffManager.java:closeExecutorService(1715)) - Shutting down executorService: 'SstDumpToolExecutor'
]]></system-out>
  </testcase>
  <testcase name="testGetDeltaFilesWithFullDiff(int, boolean)[1]" classname="org.apache.hadoop.ozone.om.snapshot.TestSnapshotDiffManager" time="0.02">
    <system-out><![CDATA[2023-11-17 10:20:55,559 [main] INFO  snapshot.SnapshotDiffManager (SnapshotDiffManager.java:closeExecutorService(1715)) - Shutting down executorService: 'SstDumpToolExecutor'
2023-11-17 10:20:55,560 [main] INFO  snapshot.SnapshotCache (SnapshotCache.java:lambda$1(170)) - Loading snapshot. Table key: e04411b8-6476-4fc2-bb5c-429b9f61746c
2023-11-17 10:20:55,561 [main] INFO  snapshot.SnapshotCache (SnapshotCache.java:lambda$1(170)) - Loading snapshot. Table key: f020b36e-848e-46c4-bf67-ccf0ae42da54
2023-11-17 10:20:55,562 [main] WARN  snapshot.SnapshotDiffManager (SnapshotDiffManager.java:getDeltaFiles(1210)) - RocksDBCheckpointDiffer is not available, falling back to slow path
2023-11-17 10:20:55,563 [main] INFO  snapshot.SnapshotDiffManager (SnapshotDiffManager.java:closeExecutorService(1715)) - Shutting down executorService: 'SnapDiffExecutor'
2023-11-17 10:20:55,563 [main] INFO  snapshot.SnapshotDiffManager (SnapshotDiffManager.java:closeExecutorService(1715)) - Shutting down executorService: 'SstDumpToolExecutor'
]]></system-out>
  </testcase>
  <testcase name="testGetDeltaFilesWithFullDiff(int, boolean)[2]" classname="org.apache.hadoop.ozone.om.snapshot.TestSnapshotDiffManager" time="0.02">
    <system-out><![CDATA[2023-11-17 10:20:55,580 [main] INFO  snapshot.SnapshotDiffManager (SnapshotDiffManager.java:closeExecutorService(1715)) - Shutting down executorService: 'SstDumpToolExecutor'
2023-11-17 10:20:55,580 [main] INFO  snapshot.SnapshotCache (SnapshotCache.java:lambda$1(170)) - Loading snapshot. Table key: f82d5792-83f1-4a86-937e-9322f09809e8
2023-11-17 10:20:55,581 [main] INFO  snapshot.SnapshotCache (SnapshotCache.java:lambda$1(170)) - Loading snapshot. Table key: 2ab912ab-7856-4712-9c1c-b425cd87aac9
2023-11-17 10:20:55,582 [main] WARN  snapshot.SnapshotDiffManager (SnapshotDiffManager.java:getDeltaFiles(1210)) - RocksDBCheckpointDiffer is not available, falling back to slow path
2023-11-17 10:20:55,583 [main] INFO  snapshot.SnapshotDiffManager (SnapshotDiffManager.java:closeExecutorService(1715)) - Shutting down executorService: 'SnapDiffExecutor'
2023-11-17 10:20:55,584 [main] INFO  snapshot.SnapshotDiffManager (SnapshotDiffManager.java:closeExecutorService(1715)) - Shutting down executorService: 'SstDumpToolExecutor'
]]></system-out>
  </testcase>
  <testcase name="testGetDeltaFilesWithFullDiff(int, boolean)[3]" classname="org.apache.hadoop.ozone.om.snapshot.TestSnapshotDiffManager" time="0.024">
    <system-out><![CDATA[2023-11-17 10:20:55,606 [main] INFO  snapshot.SnapshotDiffManager (SnapshotDiffManager.java:closeExecutorService(1715)) - Shutting down executorService: 'SstDumpToolExecutor'
2023-11-17 10:20:55,607 [main] INFO  snapshot.SnapshotCache (SnapshotCache.java:lambda$1(170)) - Loading snapshot. Table key: e7f8862a-7462-4a66-9ea6-97ed38b0fef0
2023-11-17 10:20:55,607 [main] INFO  snapshot.SnapshotCache (SnapshotCache.java:lambda$1(170)) - Loading snapshot. Table key: cba27e59-77e9-421e-99ca-4dc11da961a2
2023-11-17 10:20:55,608 [main] WARN  snapshot.SnapshotDiffManager (SnapshotDiffManager.java:getDeltaFiles(1210)) - RocksDBCheckpointDiffer is not available, falling back to slow path
2023-11-17 10:20:55,609 [main] INFO  snapshot.SnapshotDiffManager (SnapshotDiffManager.java:closeExecutorService(1715)) - Shutting down executorService: 'SnapDiffExecutor'
2023-11-17 10:20:55,609 [main] INFO  snapshot.SnapshotDiffManager (SnapshotDiffManager.java:closeExecutorService(1715)) - Shutting down executorService: 'SstDumpToolExecutor'
]]></system-out>
  </testcase>
  <testcase name="testGetDeltaFilesWithFullDiff(int, boolean)[4]" classname="org.apache.hadoop.ozone.om.snapshot.TestSnapshotDiffManager" time="0.015">
    <system-out><![CDATA[2023-11-17 10:20:55,623 [main] INFO  snapshot.SnapshotDiffManager (SnapshotDiffManager.java:closeExecutorService(1715)) - Shutting down executorService: 'SstDumpToolExecutor'
2023-11-17 10:20:55,624 [main] INFO  snapshot.SnapshotCache (SnapshotCache.java:lambda$1(170)) - Loading snapshot. Table key: 3706b2a3-8204-4735-8860-99c8085b2eb6
2023-11-17 10:20:55,624 [main] INFO  snapshot.SnapshotCache (SnapshotCache.java:lambda$1(170)) - Loading snapshot. Table key: 71a8fff4-65f7-4b0d-9417-192a4fe47cb3
2023-11-17 10:20:55,625 [main] WARN  snapshot.SnapshotDiffManager (SnapshotDiffManager.java:getDeltaFiles(1210)) - RocksDBCheckpointDiffer is not available, falling back to slow path
2023-11-17 10:20:55,626 [main] INFO  snapshot.SnapshotDiffManager (SnapshotDiffManager.java:closeExecutorService(1715)) - Shutting down executorService: 'SnapDiffExecutor'
2023-11-17 10:20:55,626 [main] INFO  snapshot.SnapshotDiffManager (SnapshotDiffManager.java:closeExecutorService(1715)) - Shutting down executorService: 'SstDumpToolExecutor'
]]></system-out>
  </testcase>
  <testcase name="testGetDeltaFilesWithFullDiff(int, boolean)[5]" classname="org.apache.hadoop.ozone.om.snapshot.TestSnapshotDiffManager" time="0.017">
    <system-out><![CDATA[2023-11-17 10:20:55,640 [main] INFO  snapshot.SnapshotDiffManager (SnapshotDiffManager.java:closeExecutorService(1715)) - Shutting down executorService: 'SstDumpToolExecutor'
2023-11-17 10:20:55,641 [main] INFO  snapshot.SnapshotCache (SnapshotCache.java:lambda$1(170)) - Loading snapshot. Table key: d8312d8e-9980-46f3-93e5-7a1367999cd8
2023-11-17 10:20:55,641 [main] INFO  snapshot.SnapshotCache (SnapshotCache.java:lambda$1(170)) - Loading snapshot. Table key: 9fa0aee9-d650-40a5-9673-842ea6bdd413
2023-11-17 10:20:55,643 [main] WARN  snapshot.SnapshotDiffManager (SnapshotDiffManager.java:getDeltaFiles(1210)) - RocksDBCheckpointDiffer is not available, falling back to slow path
2023-11-17 10:20:55,644 [main] INFO  snapshot.SnapshotDiffManager (SnapshotDiffManager.java:closeExecutorService(1715)) - Shutting down executorService: 'SnapDiffExecutor'
2023-11-17 10:20:55,644 [main] INFO  snapshot.SnapshotDiffManager (SnapshotDiffManager.java:closeExecutorService(1715)) - Shutting down executorService: 'SstDumpToolExecutor'
]]></system-out>
  </testcase>
  <testcase name="testGetDeltaFilesWithFullDiff(int, boolean)[6]" classname="org.apache.hadoop.ozone.om.snapshot.TestSnapshotDiffManager" time="0.019">
    <system-out><![CDATA[2023-11-17 10:20:55,660 [main] INFO  snapshot.SnapshotDiffManager (SnapshotDiffManager.java:closeExecutorService(1715)) - Shutting down executorService: 'SstDumpToolExecutor'
2023-11-17 10:20:55,661 [main] INFO  snapshot.SnapshotCache (SnapshotCache.java:lambda$1(170)) - Loading snapshot. Table key: 8d225d88-63bb-4f95-9d04-265ac12d74a6
2023-11-17 10:20:55,661 [main] INFO  snapshot.SnapshotCache (SnapshotCache.java:lambda$1(170)) - Loading snapshot. Table key: 221f60d5-36f9-42b2-94e4-4dc5c51d78ae
2023-11-17 10:20:55,663 [main] WARN  snapshot.SnapshotDiffManager (SnapshotDiffManager.java:getDeltaFiles(1210)) - RocksDBCheckpointDiffer is not available, falling back to slow path
2023-11-17 10:20:55,664 [main] INFO  snapshot.SnapshotDiffManager (SnapshotDiffManager.java:closeExecutorService(1715)) - Shutting down executorService: 'SnapDiffExecutor'
2023-11-17 10:20:55,664 [main] INFO  snapshot.SnapshotDiffManager (SnapshotDiffManager.java:closeExecutorService(1715)) - Shutting down executorService: 'SstDumpToolExecutor'
]]></system-out>
  </testcase>
  <testcase name="testGetDeltaFilesWithFullDiff(int, boolean)[7]" classname="org.apache.hadoop.ozone.om.snapshot.TestSnapshotDiffManager" time="0.019">
    <system-out><![CDATA[2023-11-17 10:20:55,680 [main] INFO  snapshot.SnapshotDiffManager (SnapshotDiffManager.java:closeExecutorService(1715)) - Shutting down executorService: 'SstDumpToolExecutor'
2023-11-17 10:20:55,680 [main] INFO  snapshot.SnapshotCache (SnapshotCache.java:lambda$1(170)) - Loading snapshot. Table key: 5f88456f-ce10-4442-9aa3-55eded6a3359
2023-11-17 10:20:55,681 [main] INFO  snapshot.SnapshotCache (SnapshotCache.java:lambda$1(170)) - Loading snapshot. Table key: 6c7bc862-c06e-4e2d-8d74-d5acf7bfb954
2023-11-17 10:20:55,682 [main] WARN  snapshot.SnapshotDiffManager (SnapshotDiffManager.java:getDeltaFiles(1210)) - RocksDBCheckpointDiffer is not available, falling back to slow path
2023-11-17 10:20:55,684 [main] INFO  snapshot.SnapshotDiffManager (SnapshotDiffManager.java:closeExecutorService(1715)) - Shutting down executorService: 'SnapDiffExecutor'
2023-11-17 10:20:55,684 [main] INFO  snapshot.SnapshotDiffManager (SnapshotDiffManager.java:closeExecutorService(1715)) - Shutting down executorService: 'SstDumpToolExecutor'
]]></system-out>
  </testcase>
  <testcase name="testGetDeltaFilesWithFullDiff(int, boolean)[8]" classname="org.apache.hadoop.ozone.om.snapshot.TestSnapshotDiffManager" time="0.03">
    <system-out><![CDATA[2023-11-17 10:20:55,701 [main] INFO  snapshot.SnapshotDiffManager (SnapshotDiffManager.java:closeExecutorService(1715)) - Shutting down executorService: 'SstDumpToolExecutor'
2023-11-17 10:20:55,702 [main] INFO  snapshot.SnapshotCache (SnapshotCache.java:lambda$1(170)) - Loading snapshot. Table key: 42b40937-c3f5-4bac-b87a-7b61a5361944
2023-11-17 10:20:55,702 [main] INFO  snapshot.SnapshotCache (SnapshotCache.java:lambda$1(170)) - Loading snapshot. Table key: 238820cb-c1ca-492f-b79a-41771480f2c3
2023-11-17 10:20:55,703 [main] WARN  snapshot.SnapshotDiffManager (SnapshotDiffManager.java:getDeltaFiles(1210)) - RocksDBCheckpointDiffer is not available, falling back to slow path
2023-11-17 10:20:55,715 [main] INFO  snapshot.SnapshotDiffManager (SnapshotDiffManager.java:closeExecutorService(1715)) - Shutting down executorService: 'SnapDiffExecutor'
2023-11-17 10:20:55,716 [main] INFO  snapshot.SnapshotDiffManager (SnapshotDiffManager.java:closeExecutorService(1715)) - Shutting down executorService: 'SstDumpToolExecutor'
]]></system-out>
  </testcase>
  <testcase name="testGetDeltaFilesWithFullDiff(int, boolean)[9]" classname="org.apache.hadoop.ozone.om.snapshot.TestSnapshotDiffManager" time="0.018">
    <system-out><![CDATA[2023-11-17 10:20:55,731 [main] INFO  snapshot.SnapshotDiffManager (SnapshotDiffManager.java:closeExecutorService(1715)) - Shutting down executorService: 'SstDumpToolExecutor'
2023-11-17 10:20:55,732 [main] INFO  snapshot.SnapshotCache (SnapshotCache.java:lambda$1(170)) - Loading snapshot. Table key: a97a4648-9f8b-4311-9b5d-cf95f3a0117d
2023-11-17 10:20:55,733 [main] INFO  snapshot.SnapshotCache (SnapshotCache.java:lambda$1(170)) - Loading snapshot. Table key: c2d8726b-7d09-4b32-99b0-628284b7aa3a
2023-11-17 10:20:55,734 [main] WARN  snapshot.SnapshotDiffManager (SnapshotDiffManager.java:getDeltaFiles(1210)) - RocksDBCheckpointDiffer is not available, falling back to slow path
2023-11-17 10:20:55,735 [main] INFO  snapshot.SnapshotDiffManager (SnapshotDiffManager.java:closeExecutorService(1715)) - Shutting down executorService: 'SnapDiffExecutor'
2023-11-17 10:20:55,735 [main] INFO  snapshot.SnapshotDiffManager (SnapshotDiffManager.java:closeExecutorService(1715)) - Shutting down executorService: 'SstDumpToolExecutor'
]]></system-out>
  </testcase>
  <testcase name="testGetDeltaFilesWithFullDiff(int, boolean)[10]" classname="org.apache.hadoop.ozone.om.snapshot.TestSnapshotDiffManager" time="0.018">
    <system-out><![CDATA[2023-11-17 10:20:55,752 [main] INFO  snapshot.SnapshotDiffManager (SnapshotDiffManager.java:closeExecutorService(1715)) - Shutting down executorService: 'SstDumpToolExecutor'
2023-11-17 10:20:55,753 [main] INFO  snapshot.SnapshotCache (SnapshotCache.java:lambda$1(170)) - Loading snapshot. Table key: 8ae5e363-6d5e-436a-a087-41e5d1cbdffb
2023-11-17 10:20:55,753 [main] INFO  snapshot.SnapshotCache (SnapshotCache.java:lambda$1(170)) - Loading snapshot. Table key: 312dd116-afa9-40c0-8f2f-3e720462b23b
2023-11-17 10:20:55,754 [main] WARN  snapshot.SnapshotDiffManager (SnapshotDiffManager.java:getDeltaFiles(1210)) - RocksDBCheckpointDiffer is not available, falling back to slow path
2023-11-17 10:20:55,755 [main] INFO  snapshot.SnapshotDiffManager (SnapshotDiffManager.java:closeExecutorService(1715)) - Shutting down executorService: 'SnapDiffExecutor'
2023-11-17 10:20:55,755 [main] INFO  snapshot.SnapshotDiffManager (SnapshotDiffManager.java:closeExecutorService(1715)) - Shutting down executorService: 'SstDumpToolExecutor'
]]></system-out>
  </testcase>
  <testcase name="testGetDeltaFilesWithFullDiff(int, boolean)[11]" classname="org.apache.hadoop.ozone.om.snapshot.TestSnapshotDiffManager" time="0.016">
    <system-out><![CDATA[2023-11-17 10:20:55,770 [main] INFO  snapshot.SnapshotDiffManager (SnapshotDiffManager.java:closeExecutorService(1715)) - Shutting down executorService: 'SstDumpToolExecutor'
2023-11-17 10:20:55,771 [main] INFO  snapshot.SnapshotCache (SnapshotCache.java:lambda$1(170)) - Loading snapshot. Table key: 52907402-644c-4938-9817-952912717773
2023-11-17 10:20:55,771 [main] INFO  snapshot.SnapshotCache (SnapshotCache.java:lambda$1(170)) - Loading snapshot. Table key: 3a7b9555-9375-4beb-b4dd-f6a86ca35909
2023-11-17 10:20:55,772 [main] WARN  snapshot.SnapshotDiffManager (SnapshotDiffManager.java:getDeltaFiles(1210)) - RocksDBCheckpointDiffer is not available, falling back to slow path
2023-11-17 10:20:55,773 [main] INFO  snapshot.SnapshotDiffManager (SnapshotDiffManager.java:closeExecutorService(1715)) - Shutting down executorService: 'SnapDiffExecutor'
2023-11-17 10:20:55,773 [main] INFO  snapshot.SnapshotDiffManager (SnapshotDiffManager.java:closeExecutorService(1715)) - Shutting down executorService: 'SstDumpToolExecutor'
]]></system-out>
  </testcase>
  <testcase name="testGetDeltaFilesWithFullDiff(int, boolean)[12]" classname="org.apache.hadoop.ozone.om.snapshot.TestSnapshotDiffManager" time="0.024">
    <system-out><![CDATA[2023-11-17 10:20:55,795 [main] INFO  snapshot.SnapshotDiffManager (SnapshotDiffManager.java:closeExecutorService(1715)) - Shutting down executorService: 'SstDumpToolExecutor'
2023-11-17 10:20:55,796 [main] INFO  snapshot.SnapshotCache (SnapshotCache.java:lambda$1(170)) - Loading snapshot. Table key: 176848c6-da8d-4d7a-92c9-c3878989fbc4
2023-11-17 10:20:55,796 [main] INFO  snapshot.SnapshotCache (SnapshotCache.java:lambda$1(170)) - Loading snapshot. Table key: b8bbe0ad-8e1f-449f-b9f5-cea9124745dc
2023-11-17 10:20:55,797 [main] WARN  snapshot.SnapshotDiffManager (SnapshotDiffManager.java:getDeltaFiles(1210)) - RocksDBCheckpointDiffer is not available, falling back to slow path
2023-11-17 10:20:55,798 [main] INFO  snapshot.SnapshotDiffManager (SnapshotDiffManager.java:closeExecutorService(1715)) - Shutting down executorService: 'SnapDiffExecutor'
2023-11-17 10:20:55,798 [main] INFO  snapshot.SnapshotDiffManager (SnapshotDiffManager.java:closeExecutorService(1715)) - Shutting down executorService: 'SstDumpToolExecutor'
]]></system-out>
  </testcase>
  <testcase name="testGetDeltaFilesWithFullDiff(int, boolean)[13]" classname="org.apache.hadoop.ozone.om.snapshot.TestSnapshotDiffManager" time="0.021">
    <system-out><![CDATA[2023-11-17 10:20:55,817 [main] INFO  snapshot.SnapshotDiffManager (SnapshotDiffManager.java:closeExecutorService(1715)) - Shutting down executorService: 'SstDumpToolExecutor'
2023-11-17 10:20:55,818 [main] INFO  snapshot.SnapshotCache (SnapshotCache.java:lambda$1(170)) - Loading snapshot. Table key: 165e1122-bf56-49db-bc2b-48b43101dd87
2023-11-17 10:20:55,819 [main] INFO  snapshot.SnapshotCache (SnapshotCache.java:lambda$1(170)) - Loading snapshot. Table key: b7d16c69-af2d-4821-b124-271a0ab2c7dd
2023-11-17 10:20:55,820 [main] WARN  snapshot.SnapshotDiffManager (SnapshotDiffManager.java:getDeltaFiles(1210)) - RocksDBCheckpointDiffer is not available, falling back to slow path
2023-11-17 10:20:55,821 [main] INFO  snapshot.SnapshotDiffManager (SnapshotDiffManager.java:closeExecutorService(1715)) - Shutting down executorService: 'SnapDiffExecutor'
2023-11-17 10:20:55,821 [main] INFO  snapshot.SnapshotDiffManager (SnapshotDiffManager.java:closeExecutorService(1715)) - Shutting down executorService: 'SstDumpToolExecutor'
]]></system-out>
  </testcase>
  <testcase name="testGetDeltaFilesWithFullDiff(int, boolean)[14]" classname="org.apache.hadoop.ozone.om.snapshot.TestSnapshotDiffManager" time="0.018">
    <system-out><![CDATA[2023-11-17 10:20:55,836 [main] INFO  snapshot.SnapshotDiffManager (SnapshotDiffManager.java:closeExecutorService(1715)) - Shutting down executorService: 'SstDumpToolExecutor'
2023-11-17 10:20:55,837 [main] INFO  snapshot.SnapshotCache (SnapshotCache.java:lambda$1(170)) - Loading snapshot. Table key: b2e38324-7ea4-4cc6-992a-cdcdf3b9c850
2023-11-17 10:20:55,838 [main] INFO  snapshot.SnapshotCache (SnapshotCache.java:lambda$1(170)) - Loading snapshot. Table key: 29c9f1cf-37eb-41b2-a46d-3b7ba3050aab
2023-11-17 10:20:55,838 [main] WARN  snapshot.SnapshotDiffManager (SnapshotDiffManager.java:getDeltaFiles(1210)) - RocksDBCheckpointDiffer is not available, falling back to slow path
2023-11-17 10:20:55,839 [main] INFO  snapshot.SnapshotDiffManager (SnapshotDiffManager.java:closeExecutorService(1715)) - Shutting down executorService: 'SnapDiffExecutor'
2023-11-17 10:20:55,840 [main] INFO  snapshot.SnapshotDiffManager (SnapshotDiffManager.java:closeExecutorService(1715)) - Shutting down executorService: 'SstDumpToolExecutor'
]]></system-out>
  </testcase>
  <testcase name="testGetDeltaFilesWithFullDiff(int, boolean)[15]" classname="org.apache.hadoop.ozone.om.snapshot.TestSnapshotDiffManager" time="0.02">
    <system-out><![CDATA[2023-11-17 10:20:55,856 [main] INFO  snapshot.SnapshotDiffManager (SnapshotDiffManager.java:closeExecutorService(1715)) - Shutting down executorService: 'SstDumpToolExecutor'
2023-11-17 10:20:55,857 [main] INFO  snapshot.SnapshotCache (SnapshotCache.java:lambda$1(170)) - Loading snapshot. Table key: b5e8ceb6-9035-4691-9010-6962cb3fc9e8
2023-11-17 10:20:55,858 [main] INFO  snapshot.SnapshotCache (SnapshotCache.java:lambda$1(170)) - Loading snapshot. Table key: f61f19a6-ad87-4f15-ac8e-c9736435c4b5
2023-11-17 10:20:55,859 [main] WARN  snapshot.SnapshotDiffManager (SnapshotDiffManager.java:getDeltaFiles(1210)) - RocksDBCheckpointDiffer is not available, falling back to slow path
2023-11-17 10:20:55,862 [main] INFO  snapshot.SnapshotDiffManager (SnapshotDiffManager.java:closeExecutorService(1715)) - Shutting down executorService: 'SnapDiffExecutor'
2023-11-17 10:20:55,862 [main] INFO  snapshot.SnapshotDiffManager (SnapshotDiffManager.java:closeExecutorService(1715)) - Shutting down executorService: 'SstDumpToolExecutor'
]]></system-out>
  </testcase>
  <testcase name="testGetDeltaFilesWithFullDiff(int, boolean)[16]" classname="org.apache.hadoop.ozone.om.snapshot.TestSnapshotDiffManager" time="0.039">
    <system-out><![CDATA[2023-11-17 10:20:55,883 [main] INFO  snapshot.SnapshotDiffManager (SnapshotDiffManager.java:closeExecutorService(1715)) - Shutting down executorService: 'SstDumpToolExecutor'
2023-11-17 10:20:55,885 [main] INFO  snapshot.SnapshotCache (SnapshotCache.java:lambda$1(170)) - Loading snapshot. Table key: c9c05c1c-90a0-4e66-96db-a4a89d9744b4
2023-11-17 10:20:55,885 [main] INFO  snapshot.SnapshotCache (SnapshotCache.java:lambda$1(170)) - Loading snapshot. Table key: 67172ddc-9b2f-4a4a-86e0-da6f7859e7f7
2023-11-17 10:20:55,886 [main] WARN  snapshot.SnapshotDiffManager (SnapshotDiffManager.java:getDeltaFiles(1210)) - RocksDBCheckpointDiffer is not available, falling back to slow path
2023-11-17 10:20:55,902 [main] INFO  snapshot.SnapshotDiffManager (SnapshotDiffManager.java:closeExecutorService(1715)) - Shutting down executorService: 'SnapDiffExecutor'
2023-11-17 10:20:55,902 [main] INFO  snapshot.SnapshotDiffManager (SnapshotDiffManager.java:closeExecutorService(1715)) - Shutting down executorService: 'SstDumpToolExecutor'
]]></system-out>
  </testcase>
  <testcase name="testGenerateDiffReport" classname="org.apache.hadoop.ozone.om.snapshot.TestSnapshotDiffManager" time="0.318">
    <system-out><![CDATA[2023-11-17 10:20:55,922 [main] INFO  snapshot.SnapshotDiffManager (SnapshotDiffManager.java:closeExecutorService(1715)) - Shutting down executorService: 'SstDumpToolExecutor'
2023-11-17 10:20:56,061 [main] INFO  snapshot.SnapshotDiffManager (SnapshotDiffManager.java:generateDiffReport(1291)) - Starting diff report generation for jobId: jobId.
2023-11-17 10:20:56,220 [main] INFO  snapshot.SnapshotDiffManager (SnapshotDiffManager.java:closeExecutorService(1715)) - Shutting down executorService: 'SnapDiffExecutor'
2023-11-17 10:20:56,220 [main] INFO  snapshot.SnapshotDiffManager (SnapshotDiffManager.java:closeExecutorService(1715)) - Shutting down executorService: 'SstDumpToolExecutor'
]]></system-out>
  </testcase>
  <testcase name="testLoadJobsOnStartUp" classname="org.apache.hadoop.ozone.om.snapshot.TestSnapshotDiffManager" time="0.143">
    <failure type="org.opentest4j.AssertionFailedError"><![CDATA[org.opentest4j.AssertionFailedError: expected: <DONE> but was: <IN_PROGRESS>
	at org.junit.jupiter.api.AssertionUtils.fail(AssertionUtils.java:55)
	at org.junit.jupiter.api.AssertionUtils.failNotEqual(AssertionUtils.java:62)
	at org.junit.jupiter.api.AssertEquals.assertEquals(AssertEquals.java:182)
	at org.junit.jupiter.api.AssertEquals.assertEquals(AssertEquals.java:177)
	at org.junit.jupiter.api.Assertions.assertEquals(Assertions.java:1141)
	at org.apache.hadoop.ozone.om.snapshot.TestSnapshotDiffManager.testLoadJobsOnStartUp(TestSnapshotDiffManager.java:1325)
	at sun.reflect.NativeMethodAccessorImpl.invoke0(Native Method)
	at sun.reflect.NativeMethodAccessorImpl.invoke(NativeMethodAccessorImpl.java:62)
	at sun.reflect.DelegatingMethodAccessorImpl.invoke(DelegatingMethodAccessorImpl.java:43)
	at java.lang.reflect.Method.invoke(Method.java:498)
	at org.junit.platform.commons.util.ReflectionUtils.invokeMethod(ReflectionUtils.java:725)
	at org.junit.jupiter.engine.execution.MethodInvocation.proceed(MethodInvocation.java:60)
	at org.junit.jupiter.engine.execution.InvocationInterceptorChain$ValidatingInvocation.proceed(InvocationInterceptorChain.java:131)
	at org.junit.jupiter.engine.extension.TimeoutExtension.intercept(TimeoutExtension.java:149)
	at org.junit.jupiter.engine.extension.TimeoutExtension.interceptTestableMethod(TimeoutExtension.java:140)
	at org.junit.jupiter.engine.extension.TimeoutExtension.interceptTestMethod(TimeoutExtension.java:84)
	at org.junit.jupiter.engine.execution.ExecutableInvoker$ReflectiveInterceptorCall.lambda$ofVoidMethod$0(ExecutableInvoker.java:115)
	at org.junit.jupiter.engine.execution.ExecutableInvoker.lambda$invoke$0(ExecutableInvoker.java:105)
	at org.junit.jupiter.engine.execution.InvocationInterceptorChain$InterceptedInvocation.proceed(InvocationInterceptorChain.java:106)
	at org.junit.jupiter.engine.execution.InvocationInterceptorChain.proceed(InvocationInterceptorChain.java:64)
	at org.junit.jupiter.engine.execution.InvocationInterceptorChain.chainAndInvoke(InvocationInterceptorChain.java:45)
	at org.junit.jupiter.engine.execution.InvocationInterceptorChain.invoke(InvocationInterceptorChain.java:37)
	at org.junit.jupiter.engine.execution.ExecutableInvoker.invoke(ExecutableInvoker.java:104)
	at org.junit.jupiter.engine.execution.ExecutableInvoker.invoke(ExecutableInvoker.java:98)
	at org.junit.jupiter.engine.descriptor.TestMethodTestDescriptor.lambda$invokeTestMethod$7(TestMethodTestDescriptor.java:214)
	at org.junit.platform.engine.support.hierarchical.ThrowableCollector.execute(ThrowableCollector.java:73)
	at org.junit.jupiter.engine.descriptor.TestMethodTestDescriptor.invokeTestMethod(TestMethodTestDescriptor.java:210)
	at org.junit.jupiter.engine.descriptor.TestMethodTestDescriptor.execute(TestMethodTestDescriptor.java:135)
	at org.junit.jupiter.engine.descriptor.TestMethodTestDescriptor.execute(TestMethodTestDescriptor.java:66)
	at org.junit.platform.engine.support.hierarchical.NodeTestTask.lambda$executeRecursively$6(NodeTestTask.java:151)
	at org.junit.platform.engine.support.hierarchical.ThrowableCollector.execute(ThrowableCollector.java:73)
	at org.junit.platform.engine.support.hierarchical.NodeTestTask.lambda$executeRecursively$8(NodeTestTask.java:141)
	at org.junit.platform.engine.support.hierarchical.Node.around(Node.java:137)
	at org.junit.platform.engine.support.hierarchical.NodeTestTask.lambda$executeRecursively$9(NodeTestTask.java:139)
	at org.junit.platform.engine.support.hierarchical.ThrowableCollector.execute(ThrowableCollector.java:73)
	at org.junit.platform.engine.support.hierarchical.NodeTestTask.executeRecursively(NodeTestTask.java:138)
	at org.junit.platform.engine.support.hierarchical.NodeTestTask.execute(NodeTestTask.java:95)
	at java.util.ArrayList.forEach(ArrayList.java:1259)
	at org.junit.platform.engine.support.hierarchical.SameThreadHierarchicalTestExecutorService.invokeAll(SameThreadHierarchicalTestExecutorService.java:41)
	at org.junit.platform.engine.support.hierarchical.NodeTestTask.lambda$executeRecursively$6(NodeTestTask.java:155)
	at org.junit.platform.engine.support.hierarchical.ThrowableCollector.execute(ThrowableCollector.java:73)
	at org.junit.platform.engine.support.hierarchical.NodeTestTask.lambda$executeRecursively$8(NodeTestTask.java:141)
	at org.junit.platform.engine.support.hierarchical.Node.around(Node.java:137)
	at org.junit.platform.engine.support.hierarchical.NodeTestTask.lambda$executeRecursively$9(NodeTestTask.java:139)
	at org.junit.platform.engine.support.hierarchical.ThrowableCollector.execute(ThrowableCollector.java:73)
	at org.junit.platform.engine.support.hierarchical.NodeTestTask.executeRecursively(NodeTestTask.java:138)
	at org.junit.platform.engine.support.hierarchical.NodeTestTask.execute(NodeTestTask.java:95)
	at java.util.ArrayList.forEach(ArrayList.java:1259)
	at org.junit.platform.engine.support.hierarchical.SameThreadHierarchicalTestExecutorService.invokeAll(SameThreadHierarchicalTestExecutorService.java:41)
	at org.junit.platform.engine.support.hierarchical.NodeTestTask.lambda$executeRecursively$6(NodeTestTask.java:155)
	at org.junit.platform.engine.support.hierarchical.ThrowableCollector.execute(ThrowableCollector.java:73)
	at org.junit.platform.engine.support.hierarchical.NodeTestTask.lambda$executeRecursively$8(NodeTestTask.java:141)
	at org.junit.platform.engine.support.hierarchical.Node.around(Node.java:137)
	at org.junit.platform.engine.support.hierarchical.NodeTestTask.lambda$executeRecursively$9(NodeTestTask.java:139)
	at org.junit.platform.engine.support.hierarchical.ThrowableCollector.execute(ThrowableCollector.java:73)
	at org.junit.platform.engine.support.hierarchical.NodeTestTask.executeRecursively(NodeTestTask.java:138)
	at org.junit.platform.engine.support.hierarchical.NodeTestTask.execute(NodeTestTask.java:95)
	at org.junit.platform.engine.support.hierarchical.SameThreadHierarchicalTestExecutorService.submit(SameThreadHierarchicalTestExecutorService.java:35)
	at org.junit.platform.engine.support.hierarchical.HierarchicalTestExecutor.execute(HierarchicalTestExecutor.java:57)
	at org.junit.platform.engine.support.hierarchical.HierarchicalTestEngine.execute(HierarchicalTestEngine.java:54)
	at org.junit.platform.launcher.core.EngineExecutionOrchestrator.execute(EngineExecutionOrchestrator.java:107)
	at org.junit.platform.launcher.core.EngineExecutionOrchestrator.execute(EngineExecutionOrchestrator.java:88)
	at org.junit.platform.launcher.core.EngineExecutionOrchestrator.lambda$execute$0(EngineExecutionOrchestrator.java:54)
	at org.junit.platform.launcher.core.EngineExecutionOrchestrator.withInterceptedStreams(EngineExecutionOrchestrator.java:67)
	at org.junit.platform.launcher.core.EngineExecutionOrchestrator.execute(EngineExecutionOrchestrator.java:52)
	at org.junit.platform.launcher.core.DefaultLauncher.execute(DefaultLauncher.java:114)
	at org.junit.platform.launcher.core.DefaultLauncher.execute(DefaultLauncher.java:86)
	at org.junit.platform.launcher.core.DefaultLauncherSession$DelegatingLauncher.execute(DefaultLauncherSession.java:86)
	at org.junit.platform.launcher.core.SessionPerRequestLauncher.execute(SessionPerRequestLauncher.java:53)
	at org.apache.maven.surefire.junitplatform.JUnitPlatformProvider.execute(JUnitPlatformProvider.java:188)
	at org.apache.maven.surefire.junitplatform.JUnitPlatformProvider.invokeAllTests(JUnitPlatformProvider.java:154)
	at org.apache.maven.surefire.junitplatform.JUnitPlatformProvider.invoke(JUnitPlatformProvider.java:124)
	at org.apache.maven.surefire.booter.ForkedBooter.runSuitesInProcess(ForkedBooter.java:428)
	at org.apache.maven.surefire.booter.ForkedBooter.execute(ForkedBooter.java:162)
	at org.apache.maven.surefire.booter.ForkedBooter.run(ForkedBooter.java:562)
	at org.apache.maven.surefire.booter.ForkedBooter.main(ForkedBooter.java:548)
]]></failure>
    <system-out><![CDATA[2023-11-17 10:20:56,241 [main] INFO  snapshot.SnapshotDiffManager (SnapshotDiffManager.java:closeExecutorService(1715)) - Shutting down executorService: 'SstDumpToolExecutor'
2023-11-17 10:20:56,244 [main] INFO  snapshot.SnapshotDiffManager (SnapshotDiffManager.java:submitSnapDiffJob(713)) - Submitting snap diff report generation request for volume: volume, bucket: bucket, fromSnapshot: snap-cb986504-2144-4161-a19c-85a9058ea074 and toSnapshot: snap-37776077-62ca-4e3f-9cf7-7fdd422314e3
2023-11-17 10:20:56,366 [main] INFO  snapshot.SnapshotDiffManager (SnapshotDiffManager.java:closeExecutorService(1715)) - Shutting down executorService: 'SnapDiffExecutor'
2023-11-17 10:20:56,366 [main] INFO  snapshot.SnapshotDiffManager (SnapshotDiffManager.java:closeExecutorService(1715)) - Shutting down executorService: 'SstDumpToolExecutor'
]]></system-out>
  </testcase>
  <testcase name="testGenerateDiffReportFailure" classname="org.apache.hadoop.ozone.om.snapshot.TestSnapshotDiffManager" time="0.05">
    <system-out><![CDATA[2023-11-17 10:20:56,389 [main] INFO  snapshot.SnapshotDiffManager (SnapshotDiffManager.java:closeExecutorService(1715)) - Shutting down executorService: 'SstDumpToolExecutor'
2023-11-17 10:20:56,390 [main] INFO  snapshot.SnapshotDiffManager (SnapshotDiffManager.java:generateDiffReport(1291)) - Starting diff report generation for jobId: jobId.
2023-11-17 10:20:56,421 [main] INFO  snapshot.SnapshotDiffManager (SnapshotDiffManager.java:closeExecutorService(1715)) - Shutting down executorService: 'SnapDiffExecutor'
2023-11-17 10:20:56,421 [main] INFO  snapshot.SnapshotDiffManager (SnapshotDiffManager.java:closeExecutorService(1715)) - Shutting down executorService: 'SstDumpToolExecutor'
]]></system-out>
  </testcase>
  <testcase name="testGenerateDiffReportWhenThereInEntry" classname="org.apache.hadoop.ozone.om.snapshot.TestSnapshotDiffManager" time="0.046">
    <system-out><![CDATA[2023-11-17 10:20:56,442 [main] INFO  snapshot.SnapshotDiffManager (SnapshotDiffManager.java:closeExecutorService(1715)) - Shutting down executorService: 'SstDumpToolExecutor'
2023-11-17 10:20:56,442 [main] INFO  snapshot.SnapshotDiffManager (SnapshotDiffManager.java:generateDiffReport(1291)) - Starting diff report generation for jobId: jobId.
2023-11-17 10:20:56,468 [main] INFO  snapshot.SnapshotDiffManager (SnapshotDiffManager.java:closeExecutorService(1715)) - Shutting down executorService: 'SnapDiffExecutor'
2023-11-17 10:20:56,468 [main] INFO  snapshot.SnapshotDiffManager (SnapshotDiffManager.java:closeExecutorService(1715)) - Shutting down executorService: 'SstDumpToolExecutor'
]]></system-out>
  </testcase>
  <testcase name="testListSnapDiffWithInvalidStatus" classname="org.apache.hadoop.ozone.om.snapshot.TestSnapshotDiffManager" time="0.022">
    <system-out><![CDATA[2023-11-17 10:20:56,487 [main] INFO  snapshot.SnapshotDiffManager (SnapshotDiffManager.java:closeExecutorService(1715)) - Shutting down executorService: 'SstDumpToolExecutor'
2023-11-17 10:20:56,489 [main] INFO  snapshot.SnapshotDiffManager (SnapshotDiffManager.java:submitSnapDiffJob(713)) - Submitting snap diff report generation request for volume: vol-27868, bucket: bucket-50184, fromSnapshot: snap-94685 and toSnapshot: snap-74806
2023-11-17 10:20:56,491 [main] INFO  snapshot.SnapshotDiffManager (SnapshotDiffManager.java:getJobStatus(481)) - java.lang.IllegalArgumentException: No enum constant org.apache.hadoop.ozone.snapshot.SnapshotDiffResponse.JobStatus.INVALID
2023-11-17 10:20:56,491 [main] INFO  snapshot.SnapshotDiffManager (SnapshotDiffManager.java:closeExecutorService(1715)) - Shutting down executorService: 'SnapDiffExecutor'
2023-11-17 10:20:56,492 [main] INFO  snapshot.SnapshotDiffManager (SnapshotDiffManager.java:closeExecutorService(1715)) - Shutting down executorService: 'SstDumpToolExecutor'
]]></system-out>
  </testcase>
  <testcase name="testGetDeltaFilesWithDag(int)[1]" classname="org.apache.hadoop.ozone.om.snapshot.TestSnapshotDiffManager" time="0.022">
    <system-out><![CDATA[2023-11-17 10:20:56,512 [main] INFO  snapshot.SnapshotDiffManager (SnapshotDiffManager.java:closeExecutorService(1715)) - Shutting down executorService: 'SstDumpToolExecutor'
2023-11-17 10:20:56,514 [main] INFO  snapshot.SnapshotCache (SnapshotCache.java:lambda$1(170)) - Loading snapshot. Table key: 2fa86781-f2f7-4d4d-8c2e-929d7f2303c6
2023-11-17 10:20:56,515 [main] INFO  snapshot.SnapshotCache (SnapshotCache.java:lambda$1(170)) - Loading snapshot. Table key: a0f9b7bb-7a9b-494e-8593-184bd205ef32
2023-11-17 10:20:56,516 [main] INFO  snapshot.SnapshotDiffManager (SnapshotDiffManager.java:closeExecutorService(1715)) - Shutting down executorService: 'SnapDiffExecutor'
2023-11-17 10:20:56,517 [main] INFO  snapshot.SnapshotDiffManager (SnapshotDiffManager.java:closeExecutorService(1715)) - Shutting down executorService: 'SstDumpToolExecutor'
]]></system-out>
  </testcase>
  <testcase name="testGetDeltaFilesWithDag(int)[2]" classname="org.apache.hadoop.ozone.om.snapshot.TestSnapshotDiffManager" time="0.016">
    <system-out><![CDATA[2023-11-17 10:20:56,532 [main] INFO  snapshot.SnapshotDiffManager (SnapshotDiffManager.java:closeExecutorService(1715)) - Shutting down executorService: 'SstDumpToolExecutor'
2023-11-17 10:20:56,533 [main] INFO  snapshot.SnapshotCache (SnapshotCache.java:lambda$1(170)) - Loading snapshot. Table key: 9ede8b2c-c913-494c-a870-ddcca278b73f
2023-11-17 10:20:56,533 [main] INFO  snapshot.SnapshotCache (SnapshotCache.java:lambda$1(170)) - Loading snapshot. Table key: f4852513-804f-4e43-b40f-45625e01a9a3
2023-11-17 10:20:56,534 [main] INFO  snapshot.SnapshotDiffManager (SnapshotDiffManager.java:closeExecutorService(1715)) - Shutting down executorService: 'SnapDiffExecutor'
2023-11-17 10:20:56,534 [main] INFO  snapshot.SnapshotDiffManager (SnapshotDiffManager.java:closeExecutorService(1715)) - Shutting down executorService: 'SstDumpToolExecutor'
]]></system-out>
  </testcase>
  <testcase name="testGetDeltaFilesWithDag(int)[3]" classname="org.apache.hadoop.ozone.om.snapshot.TestSnapshotDiffManager" time="0.019">
    <system-out><![CDATA[2023-11-17 10:20:56,551 [main] INFO  snapshot.SnapshotDiffManager (SnapshotDiffManager.java:closeExecutorService(1715)) - Shutting down executorService: 'SstDumpToolExecutor'
2023-11-17 10:20:56,552 [main] INFO  snapshot.SnapshotCache (SnapshotCache.java:lambda$1(170)) - Loading snapshot. Table key: 5723fdc4-703b-436f-be88-3f82210fbde3
2023-11-17 10:20:56,552 [main] INFO  snapshot.SnapshotCache (SnapshotCache.java:lambda$1(170)) - Loading snapshot. Table key: cec4c43a-b82b-4440-b24c-b726624901ea
2023-11-17 10:20:56,554 [main] INFO  snapshot.SnapshotDiffManager (SnapshotDiffManager.java:closeExecutorService(1715)) - Shutting down executorService: 'SnapDiffExecutor'
2023-11-17 10:20:56,554 [main] INFO  snapshot.SnapshotDiffManager (SnapshotDiffManager.java:closeExecutorService(1715)) - Shutting down executorService: 'SstDumpToolExecutor'
]]></system-out>
  </testcase>
  <testcase name="testGetDeltaFilesWithDag(int)[4]" classname="org.apache.hadoop.ozone.om.snapshot.TestSnapshotDiffManager" time="0.015">
    <system-out><![CDATA[2023-11-17 10:20:56,568 [main] INFO  snapshot.SnapshotDiffManager (SnapshotDiffManager.java:closeExecutorService(1715)) - Shutting down executorService: 'SstDumpToolExecutor'
2023-11-17 10:20:56,569 [main] INFO  snapshot.SnapshotCache (SnapshotCache.java:lambda$1(170)) - Loading snapshot. Table key: 8ee029ee-3620-41a8-a14a-7f455adddb16
2023-11-17 10:20:56,569 [main] INFO  snapshot.SnapshotCache (SnapshotCache.java:lambda$1(170)) - Loading snapshot. Table key: 0cf5fba6-9137-475c-8fdc-d038641066ab
2023-11-17 10:20:56,570 [main] INFO  snapshot.SnapshotDiffManager (SnapshotDiffManager.java:closeExecutorService(1715)) - Shutting down executorService: 'SnapDiffExecutor'
2023-11-17 10:20:56,570 [main] INFO  snapshot.SnapshotDiffManager (SnapshotDiffManager.java:closeExecutorService(1715)) - Shutting down executorService: 'SstDumpToolExecutor'
]]></system-out>
  </testcase>
  <testcase name="testGetDeltaFilesWithDag(int)[5]" classname="org.apache.hadoop.ozone.om.snapshot.TestSnapshotDiffManager" time="0.016">
    <system-out><![CDATA[2023-11-17 10:20:56,586 [main] INFO  snapshot.SnapshotDiffManager (SnapshotDiffManager.java:closeExecutorService(1715)) - Shutting down executorService: 'SstDumpToolExecutor'
2023-11-17 10:20:56,586 [main] INFO  snapshot.SnapshotCache (SnapshotCache.java:lambda$1(170)) - Loading snapshot. Table key: 7c1a45ec-ad77-4430-980e-9b317170f442
2023-11-17 10:20:56,587 [main] INFO  snapshot.SnapshotCache (SnapshotCache.java:lambda$1(170)) - Loading snapshot. Table key: ee8902ef-3bc4-4edb-9862-de0bbde08242
2023-11-17 10:20:56,588 [main] INFO  snapshot.SnapshotDiffManager (SnapshotDiffManager.java:closeExecutorService(1715)) - Shutting down executorService: 'SnapDiffExecutor'
2023-11-17 10:20:56,589 [main] INFO  snapshot.SnapshotDiffManager (SnapshotDiffManager.java:closeExecutorService(1715)) - Shutting down executorService: 'SstDumpToolExecutor'
]]></system-out>
  </testcase>
  <testcase name="testGetDeltaFilesWithDag(int)[6]" classname="org.apache.hadoop.ozone.om.snapshot.TestSnapshotDiffManager" time="0.017">
    <system-out><![CDATA[2023-11-17 10:20:56,603 [main] INFO  snapshot.SnapshotDiffManager (SnapshotDiffManager.java:closeExecutorService(1715)) - Shutting down executorService: 'SstDumpToolExecutor'
2023-11-17 10:20:56,605 [main] INFO  snapshot.SnapshotCache (SnapshotCache.java:lambda$1(170)) - Loading snapshot. Table key: 47642e6f-160e-4a65-a304-c92913773477
2023-11-17 10:20:56,606 [main] INFO  snapshot.SnapshotCache (SnapshotCache.java:lambda$1(170)) - Loading snapshot. Table key: 61b7f019-7d0c-4e27-a0c0-8c1906620090
2023-11-17 10:20:56,607 [main] INFO  snapshot.SnapshotDiffManager (SnapshotDiffManager.java:closeExecutorService(1715)) - Shutting down executorService: 'SnapDiffExecutor'
2023-11-17 10:20:56,608 [main] INFO  snapshot.SnapshotDiffManager (SnapshotDiffManager.java:closeExecutorService(1715)) - Shutting down executorService: 'SstDumpToolExecutor'
]]></system-out>
  </testcase>
  <testcase name="testGetDeltaFilesWithDag(int)[7]" classname="org.apache.hadoop.ozone.om.snapshot.TestSnapshotDiffManager" time="0.035">
    <system-out><![CDATA[2023-11-17 10:20:56,628 [main] INFO  snapshot.SnapshotDiffManager (SnapshotDiffManager.java:closeExecutorService(1715)) - Shutting down executorService: 'SstDumpToolExecutor'
2023-11-17 10:20:56,639 [main] INFO  snapshot.SnapshotCache (SnapshotCache.java:lambda$1(170)) - Loading snapshot. Table key: c2db51d6-579d-4f85-860b-7f102640b677
2023-11-17 10:20:56,640 [main] INFO  snapshot.SnapshotCache (SnapshotCache.java:lambda$1(170)) - Loading snapshot. Table key: db632bd7-446a-4e60-b893-0b513b3a8098
2023-11-17 10:20:56,643 [main] INFO  snapshot.SnapshotDiffManager (SnapshotDiffManager.java:closeExecutorService(1715)) - Shutting down executorService: 'SnapDiffExecutor'
2023-11-17 10:20:56,644 [main] INFO  snapshot.SnapshotDiffManager (SnapshotDiffManager.java:closeExecutorService(1715)) - Shutting down executorService: 'SstDumpToolExecutor'
]]></system-out>
  </testcase>
  <testcase name="testCancelNewSnapshotDiff" classname="org.apache.hadoop.ozone.om.snapshot.TestSnapshotDiffManager" time="0.094">
    <system-out><![CDATA[2023-11-17 10:20:56,662 [main] INFO  snapshot.SnapshotDiffManager (SnapshotDiffManager.java:closeExecutorService(1715)) - Shutting down executorService: 'SstDumpToolExecutor'
2023-11-17 10:20:56,699 [main] WARN  util.NativeCodeLoader (NativeCodeLoader.java:<clinit>(60)) - Unable to load native-hadoop library for your platform... using builtin-java classes where applicable
2023-11-17 10:20:56,742 [main] INFO  snapshot.SnapshotDiffManager (SnapshotDiffManager.java:closeExecutorService(1715)) - Shutting down executorService: 'SnapDiffExecutor'
2023-11-17 10:20:56,742 [main] INFO  snapshot.SnapshotDiffManager (SnapshotDiffManager.java:closeExecutorService(1715)) - Shutting down executorService: 'SstDumpToolExecutor'
]]></system-out>
  </testcase>
  <testcase name="testListSnapshotDiffJobs(String, boolean, boolean)[1]" classname="org.apache.hadoop.ozone.om.snapshot.TestSnapshotDiffManager" time="0.02">
    <system-out><![CDATA[2023-11-17 10:20:56,760 [main] INFO  snapshot.SnapshotDiffManager (SnapshotDiffManager.java:closeExecutorService(1715)) - Shutting down executorService: 'SstDumpToolExecutor'
2023-11-17 10:20:56,762 [main] INFO  snapshot.SnapshotDiffManager (SnapshotDiffManager.java:submitSnapDiffJob(713)) - Submitting snap diff report generation request for volume: vol-63933, bucket: bucket-78646, fromSnapshot: snap-82680 and toSnapshot: snap-98421
2023-11-17 10:20:56,764 [main] INFO  snapshot.SnapshotDiffManager (SnapshotDiffManager.java:closeExecutorService(1715)) - Shutting down executorService: 'SnapDiffExecutor'
2023-11-17 10:20:56,764 [main] INFO  snapshot.SnapshotDiffManager (SnapshotDiffManager.java:closeExecutorService(1715)) - Shutting down executorService: 'SstDumpToolExecutor'
]]></system-out>
  </testcase>
  <testcase name="testListSnapshotDiffJobs(String, boolean, boolean)[2]" classname="org.apache.hadoop.ozone.om.snapshot.TestSnapshotDiffManager" time="0.022">
    <system-out><![CDATA[2023-11-17 10:20:56,784 [main] INFO  snapshot.SnapshotDiffManager (SnapshotDiffManager.java:closeExecutorService(1715)) - Shutting down executorService: 'SstDumpToolExecutor'
2023-11-17 10:20:56,787 [main] INFO  snapshot.SnapshotDiffManager (SnapshotDiffManager.java:submitSnapDiffJob(713)) - Submitting snap diff report generation request for volume: vol-30648, bucket: bucket-85426, fromSnapshot: snap-19286 and toSnapshot: snap-50475
2023-11-17 10:20:56,788 [main] INFO  snapshot.SnapshotDiffManager (SnapshotDiffManager.java:closeExecutorService(1715)) - Shutting down executorService: 'SnapDiffExecutor'
2023-11-17 10:20:56,789 [main] INFO  snapshot.SnapshotDiffManager (SnapshotDiffManager.java:closeExecutorService(1715)) - Shutting down executorService: 'SstDumpToolExecutor'
]]></system-out>
  </testcase>
  <testcase name="testListSnapshotDiffJobs(String, boolean, boolean)[3]" classname="org.apache.hadoop.ozone.om.snapshot.TestSnapshotDiffManager" time="0.023">
    <system-out><![CDATA[2023-11-17 10:20:56,808 [main] INFO  snapshot.SnapshotDiffManager (SnapshotDiffManager.java:closeExecutorService(1715)) - Shutting down executorService: 'SstDumpToolExecutor'
2023-11-17 10:20:56,811 [main] INFO  snapshot.SnapshotDiffManager (SnapshotDiffManager.java:submitSnapDiffJob(713)) - Submitting snap diff report generation request for volume: vol-24556, bucket: bucket-60742, fromSnapshot: snap-78650 and toSnapshot: snap-31531
2023-11-17 10:20:56,813 [main] INFO  snapshot.SnapshotDiffManager (SnapshotDiffManager.java:closeExecutorService(1715)) - Shutting down executorService: 'SnapDiffExecutor'
2023-11-17 10:20:56,813 [main] INFO  snapshot.SnapshotDiffManager (SnapshotDiffManager.java:closeExecutorService(1715)) - Shutting down executorService: 'SstDumpToolExecutor'
]]></system-out>
  </testcase>
  <testcase name="testListSnapshotDiffJobs(String, boolean, boolean)[4]" classname="org.apache.hadoop.ozone.om.snapshot.TestSnapshotDiffManager" time="0.026">
    <system-out><![CDATA[2023-11-17 10:20:56,836 [main] INFO  snapshot.SnapshotDiffManager (SnapshotDiffManager.java:closeExecutorService(1715)) - Shutting down executorService: 'SstDumpToolExecutor'
2023-11-17 10:20:56,838 [main] INFO  snapshot.SnapshotDiffManager (SnapshotDiffManager.java:submitSnapDiffJob(713)) - Submitting snap diff report generation request for volume: vol-04363, bucket: bucket-41992, fromSnapshot: snap-47948 and toSnapshot: snap-29399
2023-11-17 10:20:56,840 [main] INFO  snapshot.SnapshotDiffManager (SnapshotDiffManager.java:closeExecutorService(1715)) - Shutting down executorService: 'SnapDiffExecutor'
2023-11-17 10:20:56,840 [main] INFO  snapshot.SnapshotDiffManager (SnapshotDiffManager.java:closeExecutorService(1715)) - Shutting down executorService: 'SstDumpToolExecutor'
]]></system-out>
  </testcase>
  <testcase name="testListSnapshotDiffJobs(String, boolean, boolean)[5]" classname="org.apache.hadoop.ozone.om.snapshot.TestSnapshotDiffManager" time="0.018">
    <system-out><![CDATA[2023-11-17 10:20:56,856 [main] INFO  snapshot.SnapshotDiffManager (SnapshotDiffManager.java:closeExecutorService(1715)) - Shutting down executorService: 'SstDumpToolExecutor'
2023-11-17 10:20:56,857 [main] INFO  snapshot.SnapshotDiffManager (SnapshotDiffManager.java:submitSnapDiffJob(713)) - Submitting snap diff report generation request for volume: vol-71390, bucket: bucket-19698, fromSnapshot: snap-51902 and toSnapshot: snap-06486
2023-11-17 10:20:56,858 [main] INFO  snapshot.SnapshotDiffManager (SnapshotDiffManager.java:closeExecutorService(1715)) - Shutting down executorService: 'SnapDiffExecutor'
2023-11-17 10:20:56,859 [main] INFO  snapshot.SnapshotDiffManager (SnapshotDiffManager.java:closeExecutorService(1715)) - Shutting down executorService: 'SstDumpToolExecutor'
]]></system-out>
  </testcase>
  <testcase name="testListSnapshotDiffJobs(String, boolean, boolean)[6]" classname="org.apache.hadoop.ozone.om.snapshot.TestSnapshotDiffManager" time="0.017">
    <system-out><![CDATA[2023-11-17 10:20:56,874 [main] INFO  snapshot.SnapshotDiffManager (SnapshotDiffManager.java:closeExecutorService(1715)) - Shutting down executorService: 'SstDumpToolExecutor'
2023-11-17 10:20:56,876 [main] INFO  snapshot.SnapshotDiffManager (SnapshotDiffManager.java:submitSnapDiffJob(713)) - Submitting snap diff report generation request for volume: vol-49363, bucket: bucket-84717, fromSnapshot: snap-54408 and toSnapshot: snap-20298
2023-11-17 10:20:56,877 [main] INFO  snapshot.SnapshotDiffManager (SnapshotDiffManager.java:closeExecutorService(1715)) - Shutting down executorService: 'SnapDiffExecutor'
2023-11-17 10:20:56,878 [main] INFO  snapshot.SnapshotDiffManager (SnapshotDiffManager.java:closeExecutorService(1715)) - Shutting down executorService: 'SstDumpToolExecutor'
]]></system-out>
  </testcase>
  <testcase name="testListSnapshotDiffJobs(String, boolean, boolean)[7]" classname="org.apache.hadoop.ozone.om.snapshot.TestSnapshotDiffManager" time="0.016">
    <system-out><![CDATA[2023-11-17 10:20:56,891 [main] INFO  snapshot.SnapshotDiffManager (SnapshotDiffManager.java:closeExecutorService(1715)) - Shutting down executorService: 'SstDumpToolExecutor'
2023-11-17 10:20:56,892 [main] INFO  snapshot.SnapshotDiffManager (SnapshotDiffManager.java:submitSnapDiffJob(713)) - Submitting snap diff report generation request for volume: vol-98983, bucket: bucket-12148, fromSnapshot: snap-79951 and toSnapshot: snap-82174
2023-11-17 10:20:56,894 [main] INFO  snapshot.SnapshotDiffManager (SnapshotDiffManager.java:closeExecutorService(1715)) - Shutting down executorService: 'SnapDiffExecutor'
2023-11-17 10:20:56,894 [main] INFO  snapshot.SnapshotDiffManager (SnapshotDiffManager.java:closeExecutorService(1715)) - Shutting down executorService: 'SstDumpToolExecutor'
]]></system-out>
  </testcase>
  <testcase name="testListSnapshotDiffJobs(String, boolean, boolean)[8]" classname="org.apache.hadoop.ozone.om.snapshot.TestSnapshotDiffManager" time="0.016">
    <system-out><![CDATA[2023-11-17 10:20:56,908 [main] INFO  snapshot.SnapshotDiffManager (SnapshotDiffManager.java:closeExecutorService(1715)) - Shutting down executorService: 'SstDumpToolExecutor'
2023-11-17 10:20:56,910 [main] INFO  snapshot.SnapshotDiffManager (SnapshotDiffManager.java:submitSnapDiffJob(713)) - Submitting snap diff report generation request for volume: vol-23789, bucket: bucket-34760, fromSnapshot: snap-39507 and toSnapshot: snap-46297
2023-11-17 10:20:56,911 [main] INFO  snapshot.SnapshotDiffManager (SnapshotDiffManager.java:closeExecutorService(1715)) - Shutting down executorService: 'SnapDiffExecutor'
2023-11-17 10:20:56,911 [main] INFO  snapshot.SnapshotDiffManager (SnapshotDiffManager.java:closeExecutorService(1715)) - Shutting down executorService: 'SstDumpToolExecutor'
]]></system-out>
  </testcase>
  <testcase name="testSnapshotDiffCancelFailure(JobStatus, CancelMessage)[1]" classname="org.apache.hadoop.ozone.om.snapshot.TestSnapshotDiffManager" time="0.015">
    <system-out><![CDATA[2023-11-17 10:20:56,926 [main] INFO  snapshot.SnapshotDiffManager (SnapshotDiffManager.java:closeExecutorService(1715)) - Shutting down executorService: 'SstDumpToolExecutor'
2023-11-17 10:20:56,928 [main] INFO  snapshot.SnapshotDiffManager (SnapshotDiffManager.java:closeExecutorService(1715)) - Shutting down executorService: 'SnapDiffExecutor'
2023-11-17 10:20:56,928 [main] INFO  snapshot.SnapshotDiffManager (SnapshotDiffManager.java:closeExecutorService(1715)) - Shutting down executorService: 'SstDumpToolExecutor'
]]></system-out>
  </testcase>
  <testcase name="testSnapshotDiffCancelFailure(JobStatus, CancelMessage)[2]" classname="org.apache.hadoop.ozone.om.snapshot.TestSnapshotDiffManager" time="0.017">
    <system-out><![CDATA[2023-11-17 10:20:56,944 [main] INFO  snapshot.SnapshotDiffManager (SnapshotDiffManager.java:closeExecutorService(1715)) - Shutting down executorService: 'SstDumpToolExecutor'
2023-11-17 10:20:56,946 [main] INFO  snapshot.SnapshotDiffManager (SnapshotDiffManager.java:closeExecutorService(1715)) - Shutting down executorService: 'SnapDiffExecutor'
2023-11-17 10:20:56,946 [main] INFO  snapshot.SnapshotDiffManager (SnapshotDiffManager.java:closeExecutorService(1715)) - Shutting down executorService: 'SstDumpToolExecutor'
]]></system-out>
  </testcase>
  <testcase name="testSnapshotDiffCancelFailure(JobStatus, CancelMessage)[3]" classname="org.apache.hadoop.ozone.om.snapshot.TestSnapshotDiffManager" time="0.016">
    <system-out><![CDATA[2023-11-17 10:20:56,962 [main] INFO  snapshot.SnapshotDiffManager (SnapshotDiffManager.java:closeExecutorService(1715)) - Shutting down executorService: 'SstDumpToolExecutor'
2023-11-17 10:20:56,963 [main] INFO  snapshot.SnapshotDiffManager (SnapshotDiffManager.java:closeExecutorService(1715)) - Shutting down executorService: 'SnapDiffExecutor'
2023-11-17 10:20:56,964 [main] INFO  snapshot.SnapshotDiffManager (SnapshotDiffManager.java:closeExecutorService(1715)) - Shutting down executorService: 'SstDumpToolExecutor'
]]></system-out>
  </testcase>
  <testcase name="testSnapshotDiffCancelFailure(JobStatus, CancelMessage)[4]" classname="org.apache.hadoop.ozone.om.snapshot.TestSnapshotDiffManager" time="0.017">
    <system-out><![CDATA[2023-11-17 10:20:56,979 [main] INFO  snapshot.SnapshotDiffManager (SnapshotDiffManager.java:closeExecutorService(1715)) - Shutting down executorService: 'SstDumpToolExecutor'
2023-11-17 10:20:56,982 [main] INFO  snapshot.SnapshotDiffManager (SnapshotDiffManager.java:closeExecutorService(1715)) - Shutting down executorService: 'SnapDiffExecutor'
2023-11-17 10:20:56,983 [main] INFO  snapshot.SnapshotDiffManager (SnapshotDiffManager.java:closeExecutorService(1715)) - Shutting down executorService: 'SstDumpToolExecutor'
]]></system-out>
  </testcase>
  <testcase name="testSnapshotDiffCancelFailure(JobStatus, CancelMessage)[5]" classname="org.apache.hadoop.ozone.om.snapshot.TestSnapshotDiffManager" time="0.017">
    <system-out><![CDATA[2023-11-17 10:20:56,998 [main] INFO  snapshot.SnapshotDiffManager (SnapshotDiffManager.java:closeExecutorService(1715)) - Shutting down executorService: 'SstDumpToolExecutor'
2023-11-17 10:20:57,001 [main] INFO  snapshot.SnapshotDiffManager (SnapshotDiffManager.java:closeExecutorService(1715)) - Shutting down executorService: 'SnapDiffExecutor'
2023-11-17 10:20:57,001 [main] INFO  snapshot.SnapshotDiffManager (SnapshotDiffManager.java:closeExecutorService(1715)) - Shutting down executorService: 'SstDumpToolExecutor'
]]></system-out>
  </testcase>
  <testcase name="testSnapshotDiffCancelFailure(JobStatus, CancelMessage)[6]" classname="org.apache.hadoop.ozone.om.snapshot.TestSnapshotDiffManager" time="0.014">
    <system-out><![CDATA[2023-11-17 10:20:57,014 [main] INFO  snapshot.SnapshotDiffManager (SnapshotDiffManager.java:closeExecutorService(1715)) - Shutting down executorService: 'SstDumpToolExecutor'
2023-11-17 10:20:57,015 [main] INFO  snapshot.SnapshotDiffManager (SnapshotDiffManager.java:closeExecutorService(1715)) - Shutting down executorService: 'SnapDiffExecutor'
2023-11-17 10:20:57,015 [main] INFO  snapshot.SnapshotDiffManager (SnapshotDiffManager.java:closeExecutorService(1715)) - Shutting down executorService: 'SstDumpToolExecutor'
]]></system-out>
  </testcase>
  <testcase name="testGetSnapshotDiffReportForCancelledJob" classname="org.apache.hadoop.ozone.om.snapshot.TestSnapshotDiffManager" time="0.015">
    <system-out><![CDATA[2023-11-17 10:20:57,027 [main] INFO  snapshot.SnapshotDiffManager (SnapshotDiffManager.java:closeExecutorService(1715)) - Shutting down executorService: 'SstDumpToolExecutor'
2023-11-17 10:20:57,029 [main] INFO  snapshot.SnapshotDiffManager (SnapshotDiffManager.java:submitSnapDiffJob(713)) - Submitting snap diff report generation request for volume: vol-16755, bucket: bucket-32204, fromSnapshot: snap-30017 and toSnapshot: snap-11279
2023-11-17 10:20:57,031 [main] INFO  snapshot.SnapshotDiffManager (SnapshotDiffManager.java:closeExecutorService(1715)) - Shutting down executorService: 'SnapDiffExecutor'
2023-11-17 10:20:57,031 [main] INFO  snapshot.SnapshotDiffManager (SnapshotDiffManager.java:closeExecutorService(1715)) - Shutting down executorService: 'SstDumpToolExecutor'
]]></system-out>
  </testcase>
</testsuite>