<?xml version="1.0" encoding="UTF-8"?>
<testsuite xmlns:xsi="http://www.w3.org/2001/XMLSchema-instance" xsi:noNamespaceSchemaLocation="https://maven.apache.org/surefire/maven-surefire-plugin/xsd/surefire-test-report-3.0.xsd" version="3.0" name="org.apache.hadoop.hdds.scm.TestRatisPipelineLeader" time="42.683" tests="2" errors="0" skipped="0" failures="2">
  <properties>
    <property name="awt.toolkit" value="sun.awt.X11.XToolkit"/>
    <property name="file.encoding.pkg" value="sun.io"/>
    <property name="java.specification.version" value="1.8"/>
    <property name="sun.cpu.isalist" value=""/>
    <property name="sun.jnu.encoding" value="UTF-8"/>
    <property name="java.class.path" value="/home/runner/work/ozone/ozone/hadoop-ozone/integration-test/target/test-classes:/home/runner/work/ozone/ozone/hadoop-ozone/integration-test/target/classes:/home/runner/.m2/repository/org/apache/ozone/ozone-common/1.3.0-SNAPSHOT/ozone-common-1.3.0-SNAPSHOT.jar:/home/runner/.m2/repository/io/grpc/grpc-netty/1.48.1/grpc-netty-1.48.1.jar:/home/runner/.m2/repository/io/grpc/grpc-core/1.48.1/grpc-core-1.48.1.jar:/home/runner/.m2/repository/com/google/android/annotations/4.1.1.4/annotations-4.1.1.4.jar:/home/runner/.m2/repository/org/codehaus/mojo/animal-sniffer-annotations/1.21/animal-sniffer-annotations-1.21.jar:/home/runner/.m2/repository/com/google/errorprone/error_prone_annotations/2.2.0/error_prone_annotations-2.2.0.jar:/home/runner/.m2/repository/io/perfmark/perfmark-api/0.25.0/perfmark-api-0.25.0.jar:/home/runner/.m2/repository/io/netty/netty-codec-http2/4.1.79.Final/netty-codec-http2-4.1.79.Final.jar:/home/runner/.m2/repository/io/netty/netty-common/4.1.79.Final/netty-common-4.1.79.Final.jar:/home/runner/.m2/repository/io/netty/netty-buffer/4.1.79.Final/netty-buffer-4.1.79.Final.jar:/home/runner/.m2/repository/io/netty/netty-codec-http/4.1.79.Final/netty-codec-http-4.1.79.Final.jar:/home/runner/.m2/repository/io/netty/netty-handler-proxy/4.1.79.Final/netty-handler-proxy-4.1.79.Final.jar:/home/runner/.m2/repository/io/netty/netty-codec-socks/4.1.79.Final/netty-codec-socks-4.1.79.Final.jar:/home/runner/.m2/repository/io/netty/netty-tcnative-boringssl-static/2.0.53.Final/netty-tcnative-boringssl-static-2.0.53.Final.jar:/home/runner/.m2/repository/io/netty/netty-tcnative-classes/2.0.53.Final/netty-tcnative-classes-2.0.53.Final.jar:/home/runner/.m2/repository/io/netty/netty-tcnative-boringssl-static/2.0.53.Final/netty-tcnative-boringssl-static-2.0.53.Final-linux-x86_64.jar:/home/runner/.m2/repository/io/netty/netty-tcnative-boringssl-static/2.0.53.Final/netty-tcnative-boringssl-static-2.0.53.Final-linux-aarch_64.jar:/home/runner/.m2/repository/io/netty/netty-tcnative-boringssl-static/2.0.53.Final/netty-tcnative-boringssl-static-2.0.53.Final-osx-x86_64.jar:/home/runner/.m2/repository/io/netty/netty-tcnative-boringssl-static/2.0.53.Final/netty-tcnative-boringssl-static-2.0.53.Final-osx-aarch_64.jar:/home/runner/.m2/repository/io/netty/netty-tcnative-boringssl-static/2.0.53.Final/netty-tcnative-boringssl-static-2.0.53.Final-windows-x86_64.jar:/home/runner/.m2/repository/org/apache/commons/commons-compress/1.21/commons-compress-1.21.jar:/home/runner/.m2/repository/org/apache/ozone/hdds-common/1.3.0-SNAPSHOT/hdds-common-1.3.0-SNAPSHOT.jar:/home/runner/.m2/repository/org/apache/ozone/hdds-client/1.3.0-SNAPSHOT/hdds-client-1.3.0-SNAPSHOT.jar:/home/runner/.m2/repository/org/apache/ozone/ozone-interface-client/1.3.0-SNAPSHOT/ozone-interface-client-1.3.0-SNAPSHOT.jar:/home/runner/.m2/repository/org/apache/ozone/hdds-test-utils/1.3.0-SNAPSHOT/hdds-test-utils-1.3.0-SNAPSHOT.jar:/home/runner/.m2/repository/com/google/guava/guava/31.1-jre/guava-31.1-jre.jar:/home/runner/.m2/repository/com/google/guava/failureaccess/1.0.1/failureaccess-1.0.1.jar:/home/runner/.m2/repository/com/google/guava/listenablefuture/9999.0-empty-to-avoid-conflict-with-guava/listenablefuture-9999.0-empty-to-avoid-conflict-with-guava.jar:/home/runner/.m2/repository/com/google/code/findbugs/jsr305/3.0.0/jsr305-3.0.0.jar:/home/runner/.m2/repository/org/checkerframework/checker-qual/3.12.0/checker-qual-3.12.0.jar:/home/runner/.m2/repository/com/google/j2objc/j2objc-annotations/1.3/j2objc-annotations-1.3.jar:/home/runner/.m2/repository/commons-io/commons-io/2.11.0/commons-io-2.11.0.jar:/home/runner/.m2/repository/commons-logging/commons-logging/1.2/commons-logging-1.2.jar:/home/runner/.m2/repository/log4j/log4j/1.2.17/log4j-1.2.17.jar:/home/runner/.m2/repository/org/slf4j/slf4j-api/1.7.30/slf4j-api-1.7.30.jar:/home/runner/.m2/repository/org/apache/ozone/hdds-server-scm/1.3.0-SNAPSHOT/hdds-server-scm-1.3.0-SNAPSHOT.jar:/home/runner/.m2/repository/org/apache/ozone/hdds-container-service/1.3.0-SNAPSHOT/hdds-container-service-1.3.0-SNAPSHOT.jar:/home/runner/.m2/repository/org/apache/ozone/hdds-hadoop-dependency-server/1.3.0-SNAPSHOT/hdds-hadoop-dependency-server-1.3.0-SNAPSHOT.jar:/home/runner/.m2/repository/org/apache/hadoop/hadoop-hdfs/3.3.1/hadoop-hdfs-3.3.1.jar:/home/runner/.m2/repository/org/apache/ozone/hdds-server-framework/1.3.0-SNAPSHOT/hdds-server-framework-1.3.0-SNAPSHOT.jar:/home/runner/.m2/repository/org/apache/ozone/hdds-interface-server/1.3.0-SNAPSHOT/hdds-interface-server-1.3.0-SNAPSHOT.jar:/home/runner/.m2/repository/org/apache/logging/log4j/log4j-core/2.17.1/log4j-core-2.17.1.jar:/home/runner/.m2/repository/com/lmax/disruptor/3.4.2/disruptor-3.4.2.jar:/home/runner/.m2/repository/org/eclipse/jetty/jetty-servlet/9.4.43.v20210629/jetty-servlet-9.4.43.v20210629.jar:/home/runner/.m2/repository/org/eclipse/jetty/jetty-security/9.4.43.v20210629/jetty-security-9.4.43.v20210629.jar:/home/runner/.m2/repository/org/rocksdb/rocksdbjni/7.4.5/rocksdbjni-7.4.5.jar:/home/runner/.m2/repository/io/prometheus/simpleclient_dropwizard/0.7.0/simpleclient_dropwizard-0.7.0.jar:/home/runner/.m2/repository/io/prometheus/simpleclient/0.7.0/simpleclient-0.7.0.jar:/home/runner/.m2/repository/io/prometheus/simpleclient_common/0.7.0/simpleclient_common-0.7.0.jar:/home/runner/.m2/repository/io/dropwizard/metrics/metrics-core/3.2.4/metrics-core-3.2.4.jar:/home/runner/.m2/repository/org/apache/hadoop/hadoop-hdfs-client/3.3.1/hadoop-hdfs-client-3.3.1.jar:/home/runner/.m2/repository/org/bouncycastle/bcprov-jdk15on/1.67/bcprov-jdk15on-1.67.jar:/home/runner/.m2/repository/com/google/protobuf/protobuf-java/2.5.0/protobuf-java-2.5.0.jar:/home/runner/.m2/repository/org/apache/ozone/ozone-manager/1.3.0-SNAPSHOT/ozone-manager-1.3.0-SNAPSHOT.jar:/home/runner/.m2/repository/org/aspectj/aspectjrt/1.9.7/aspectjrt-1.9.7.jar:/home/runner/.m2/repository/org/aspectj/aspectjweaver/1.9.7/aspectjweaver-1.9.7.jar:/home/runner/.m2/repository/org/apache/ozone/hdds-interface-client/1.3.0-SNAPSHOT/hdds-interface-client-1.3.0-SNAPSHOT.jar:/home/runner/.m2/repository/org/apache/hadoop/thirdparty/hadoop-shaded-protobuf_3_7/1.1.1/hadoop-shaded-protobuf_3_7-1.1.1.jar:/home/runner/.m2/repository/org/apache/ozone/ozone-interface-storage/1.3.0-SNAPSHOT/ozone-interface-storage-1.3.0-SNAPSHOT.jar:/home/runner/.m2/repository/org/reflections/reflections/0.9.11/reflections-0.9.11.jar:/home/runner/.m2/repository/com/sun/jersey/jersey-client/1.19/jersey-client-1.19.jar:/home/runner/.m2/repository/org/apache/ranger/ranger-intg/2.3.0/ranger-intg-2.3.0.jar:/home/runner/.m2/repository/org/apache/ranger/ranger-plugins-common/2.3.0/ranger-plugins-common-2.3.0.jar:/home/runner/.m2/repository/commons-lang/commons-lang/2.6/commons-lang-2.6.jar:/home/runner/.m2/repository/org/codehaus/jackson/jackson-jaxrs/1.9.13/jackson-jaxrs-1.9.13.jar:/home/runner/.m2/repository/org/apache/ranger/ranger-plugins-cred/2.3.0/ranger-plugins-cred-2.3.0.jar:/home/runner/.m2/repository/org/apache/ranger/ranger-plugins-audit/2.3.0/ranger-plugins-audit-2.3.0.jar:/home/runner/.m2/repository/org/eclipse/jetty/jetty-client/9.4.31.v20200723/jetty-client-9.4.31.v20200723.jar:/home/runner/.m2/repository/org/apache/httpcomponents/httpmime/4.5.6/httpmime-4.5.6.jar:/home/runner/.m2/repository/org/apache/httpcomponents/httpcore-nio/4.4.6/httpcore-nio-4.4.6.jar:/home/runner/.m2/repository/org/apache/httpcomponents/httpasyncclient/4.1.3/httpasyncclient-4.1.3.jar:/home/runner/.m2/repository/com/carrotsearch/hppc/0.8.0/hppc-0.8.0.jar:/home/runner/.m2/repository/org/apache/orc/orc-core/1.5.8/orc-core-1.5.8.jar:/home/runner/.m2/repository/net/java/dev/jna/jna/5.2.0/jna-5.2.0.jar:/home/runner/.m2/repository/net/java/dev/jna/jna-platform/5.2.0/jna-platform-5.2.0.jar:/home/runner/.m2/repository/com/kstruct/gethostname4j/0.0.2/gethostname4j-0.0.2.jar:/home/runner/.m2/repository/org/apache/ranger/ranger-plugin-classloader/2.3.0/ranger-plugin-classloader-2.3.0.jar:/home/runner/.m2/repository/org/apache/hadoop/hadoop-minikdc/3.3.1/hadoop-minikdc-3.3.1.jar:/home/runner/.m2/repository/org/apache/kerby/kerb-simplekdc/1.0.1/kerb-simplekdc-1.0.1.jar:/home/runner/.m2/repository/org/apache/kerby/kerb-client/1.0.1/kerb-client-1.0.1.jar:/home/runner/.m2/repository/org/apache/kerby/kerby-config/1.0.1/kerby-config-1.0.1.jar:/home/runner/.m2/repository/org/apache/kerby/kerb-common/1.0.1/kerb-common-1.0.1.jar:/home/runner/.m2/repository/org/apache/kerby/kerb-crypto/1.0.1/kerb-crypto-1.0.1.jar:/home/runner/.m2/repository/org/apache/kerby/kerb-util/1.0.1/kerb-util-1.0.1.jar:/home/runner/.m2/repository/org/apache/kerby/token-provider/1.0.1/token-provider-1.0.1.jar:/home/runner/.m2/repository/org/apache/kerby/kerb-admin/1.0.1/kerb-admin-1.0.1.jar:/home/runner/.m2/repository/org/apache/kerby/kerb-server/1.0.1/kerb-server-1.0.1.jar:/home/runner/.m2/repository/org/apache/kerby/kerb-identity/1.0.1/kerb-identity-1.0.1.jar:/home/runner/.m2/repository/org/apache/kerby/kerby-xdr/1.0.1/kerby-xdr-1.0.1.jar:/home/runner/.m2/repository/org/slf4j/slf4j-log4j12/1.7.30/slf4j-log4j12-1.7.30.jar:/home/runner/.m2/repository/org/apache/ozone/ozone-s3gateway/1.3.0-SNAPSHOT/ozone-s3gateway-1.3.0-SNAPSHOT.jar:/home/runner/.m2/repository/org/javassist/javassist/3.21.0-GA/javassist-3.21.0-GA.jar:/home/runner/.m2/repository/org/jboss/weld/servlet/weld-servlet/2.4.7.Final/weld-servlet-2.4.7.Final.jar:/home/runner/.m2/repository/org/glassfish/jersey/containers/jersey-container-servlet-core/2.33/jersey-container-servlet-core-2.33.jar:/home/runner/.m2/repository/org/glassfish/hk2/external/jakarta.inject/2.6.1/jakarta.inject-2.6.1.jar:/home/runner/.m2/repository/org/glassfish/jersey/core/jersey-common/2.33/jersey-common-2.33.jar:/home/runner/.m2/repository/jakarta/ws/rs/jakarta.ws.rs-api/2.1.6/jakarta.ws.rs-api-2.1.6.jar:/home/runner/.m2/repository/org/glassfish/jersey/ext/cdi/jersey-cdi1x/2.33/jersey-cdi1x-2.33.jar:/home/runner/.m2/repository/org/glassfish/jersey/inject/jersey-hk2/2.33/jersey-hk2-2.33.jar:/home/runner/.m2/repository/org/glassfish/hk2/hk2-locator/2.6.1/hk2-locator-2.6.1.jar:/home/runner/.m2/repository/org/glassfish/jersey/media/jersey-media-jaxb/2.33/jersey-media-jaxb-2.33.jar:/home/runner/.m2/repository/org/glassfish/hk2/osgi-resource-locator/1.0.3/osgi-resource-locator-1.0.3.jar:/home/runner/.m2/repository/org/glassfish/hk2/hk2-api/2.5.0/hk2-api-2.5.0.jar:/home/runner/.m2/repository/org/glassfish/hk2/hk2-utils/2.5.0/hk2-utils-2.5.0.jar:/home/runner/.m2/repository/org/glassfish/hk2/external/aopalliance-repackaged/2.5.0/aopalliance-repackaged-2.5.0.jar:/home/runner/.m2/repository/com/fasterxml/jackson/dataformat/jackson-dataformat-xml/2.13.2/jackson-dataformat-xml-2.13.2.jar:/home/runner/.m2/repository/com/fasterxml/jackson/core/jackson-core/2.13.2/jackson-core-2.13.2.jar:/home/runner/.m2/repository/org/codehaus/woodstox/stax2-api/3.1.4/stax2-api-3.1.4.jar:/home/runner/.m2/repository/com/fasterxml/woodstox/woodstox-core/5.0.3/woodstox-core-5.0.3.jar:/home/runner/.m2/repository/com/fasterxml/jackson/module/jackson-module-jaxb-annotations/2.13.2/jackson-module-jaxb-annotations-2.13.2.jar:/home/runner/.m2/repository/jakarta/xml/bind/jakarta.xml.bind-api/2.3.3/jakarta.xml.bind-api-2.3.3.jar:/home/runner/.m2/repository/jakarta/activation/jakarta.activation-api/1.2.1/jakarta.activation-api-1.2.1.jar:/home/runner/.m2/repository/javax/enterprise/cdi-api/1.2/cdi-api-1.2.jar:/home/runner/.m2/repository/javax/el/javax.el-api/3.0.0/javax.el-api-3.0.0.jar:/home/runner/.m2/repository/javax/interceptor/javax.interceptor-api/1.2/javax.interceptor-api-1.2.jar:/home/runner/.m2/repository/javax/inject/javax.inject/1/javax.inject-1.jar:/home/runner/.m2/repository/javax/xml/bind/jaxb-api/2.3.0/jaxb-api-2.3.0.jar:/home/runner/.m2/repository/org/glassfish/jaxb/jaxb-runtime/2.3.0.1/jaxb-runtime-2.3.0.1.jar:/home/runner/.m2/repository/org/glassfish/jaxb/jaxb-core/2.3.0.1/jaxb-core-2.3.0.1.jar:/home/runner/.m2/repository/org/glassfish/jaxb/txw2/2.3.0.1/txw2-2.3.0.1.jar:/home/runner/.m2/repository/com/sun/istack/istack-commons-runtime/3.0.5/istack-commons-runtime-3.0.5.jar:/home/runner/.m2/repository/org/jvnet/staxex/stax-ex/1.7.8/stax-ex-1.7.8.jar:/home/runner/.m2/repository/com/sun/xml/fastinfoset/FastInfoset/1.2.13/FastInfoset-1.2.13.jar:/home/runner/.m2/repository/javax/activation/activation/1.1.1/activation-1.1.1.jar:/home/runner/.m2/repository/io/grpc/grpc-protobuf/1.48.1/grpc-protobuf-1.48.1.jar:/home/runner/.m2/repository/io/grpc/grpc-api/1.48.1/grpc-api-1.48.1.jar:/home/runner/.m2/repository/io/grpc/grpc-context/1.48.1/grpc-context-1.48.1.jar:/home/runner/.m2/repository/com/google/api/grpc/proto-google-common-protos/2.9.0/proto-google-common-protos-2.9.0.jar:/home/runner/.m2/repository/io/grpc/grpc-protobuf-lite/1.48.1/grpc-protobuf-lite-1.48.1.jar:/home/runner/.m2/repository/io/grpc/grpc-stub/1.48.1/grpc-stub-1.48.1.jar:/home/runner/.m2/repository/io/netty/netty-transport/4.1.79.Final/netty-transport-4.1.79.Final.jar:/home/runner/.m2/repository/io/netty/netty-resolver/4.1.79.Final/netty-resolver-4.1.79.Final.jar:/home/runner/.m2/repository/org/apache/ozone/ozone-csi/1.3.0-SNAPSHOT/ozone-csi-1.3.0-SNAPSHOT.jar:/home/runner/.m2/repository/com/google/protobuf/protobuf-java-util/3.19.2/protobuf-java-util-3.19.2.jar:/home/runner/.m2/repository/com/google/code/gson/gson/2.9.0/gson-2.9.0.jar:/home/runner/.m2/repository/org/apache/ozone/hdds-config/1.3.0-SNAPSHOT/hdds-config-1.3.0-SNAPSHOT.jar:/home/runner/.m2/repository/io/netty/netty-transport-native-epoll/4.1.79.Final/netty-transport-native-epoll-4.1.79.Final-linux-x86_64.jar:/home/runner/.m2/repository/io/netty/netty-transport-classes-epoll/4.1.79.Final/netty-transport-classes-epoll-4.1.79.Final.jar:/home/runner/.m2/repository/io/netty/netty-transport-native-unix-common/4.1.79.Final/netty-transport-native-unix-common-4.1.79.Final.jar:/home/runner/.m2/repository/org/apache/ozone/ozone-recon/1.3.0-SNAPSHOT/ozone-recon-1.3.0-SNAPSHOT.jar:/home/runner/.m2/repository/org/apache/ozone/ozone-reconcodegen/1.3.0-SNAPSHOT/ozone-reconcodegen-1.3.0-SNAPSHOT.jar:/home/runner/.m2/repository/com/google/inject/extensions/guice-multibindings/4.0/guice-multibindings-4.0.jar:/home/runner/.m2/repository/com/google/inject/guice/4.0/guice-4.0.jar:/home/runner/.m2/repository/aopalliance/aopalliance/1.0/aopalliance-1.0.jar:/home/runner/.m2/repository/com/google/inject/extensions/guice-assistedinject/4.0/guice-assistedinject-4.0.jar:/home/runner/.m2/repository/com/google/inject/extensions/guice-servlet/4.0/guice-servlet-4.0.jar:/home/runner/.m2/repository/org/glassfish/jersey/containers/jersey-container-servlet/2.33/jersey-container-servlet-2.33.jar:/home/runner/.m2/repository/org/glassfish/hk2/guice-bridge/2.5.0/guice-bridge-2.5.0.jar:/home/runner/.m2/repository/org/glassfish/jersey/core/jersey-server/2.33/jersey-server-2.33.jar:/home/runner/.m2/repository/org/glassfish/jersey/core/jersey-client/2.33/jersey-client-2.33.jar:/home/runner/.m2/repository/jakarta/annotation/jakarta.annotation-api/1.3.5/jakarta.annotation-api-1.3.5.jar:/home/runner/.m2/repository/jakarta/validation/jakarta.validation-api/2.0.2/jakarta.validation-api-2.0.2.jar:/home/runner/.m2/repository/org/glassfish/jersey/media/jersey-media-json-jackson/2.33/jersey-media-json-jackson-2.33.jar:/home/runner/.m2/repository/org/glassfish/jersey/ext/jersey-entity-filtering/2.33/jersey-entity-filtering-2.33.jar:/home/runner/.m2/repository/org/jooq/jooq/3.11.10/jooq-3.11.10.jar:/home/runner/.m2/repository/org/jooq/jooq-meta/3.11.10/jooq-meta-3.11.10.jar:/home/runner/.m2/repository/org/jooq/jooq-codegen/3.11.10/jooq-codegen-3.11.10.jar:/home/runner/.m2/repository/com/jolbox/bonecp/0.8.0.RELEASE/bonecp-0.8.0.RELEASE.jar:/home/runner/.m2/repository/org/apache/derby/derby/10.14.2.0/derby-10.14.2.0.jar:/home/runner/.m2/repository/org/xerial/sqlite-jdbc/3.25.2/sqlite-jdbc-3.25.2.jar:/home/runner/.m2/repository/org/springframework/spring-jdbc/5.2.20.RELEASE/spring-jdbc-5.2.20.RELEASE.jar:/home/runner/.m2/repository/org/springframework/spring-beans/5.2.20.RELEASE/spring-beans-5.2.20.RELEASE.jar:/home/runner/.m2/repository/org/springframework/spring-core/5.2.20.RELEASE/spring-core-5.2.20.RELEASE.jar:/home/runner/.m2/repository/org/springframework/spring-jcl/5.2.20.RELEASE/spring-jcl-5.2.20.RELEASE.jar:/home/runner/.m2/repository/org/springframework/spring-tx/5.2.20.RELEASE/spring-tx-5.2.20.RELEASE.jar:/home/runner/.m2/repository/org/apache/ozone/ozone-client/1.3.0-SNAPSHOT/ozone-client-1.3.0-SNAPSHOT.jar:/home/runner/.m2/repository/org/apache/ozone/hdds-erasurecode/1.3.0-SNAPSHOT/hdds-erasurecode-1.3.0-SNAPSHOT.jar:/home/runner/.m2/repository/com/github/spotbugs/spotbugs-annotations/3.1.12/spotbugs-annotations-3.1.12.jar:/home/runner/.m2/repository/org/apache/ozone/ozone-filesystem/1.3.0-SNAPSHOT/ozone-filesystem-1.3.0-SNAPSHOT.jar:/home/runner/.m2/repository/org/apache/ozone/ozone-filesystem-common/1.3.0-SNAPSHOT/ozone-filesystem-common-1.3.0-SNAPSHOT.jar:/home/runner/.m2/repository/org/apache/ozone/ozone-tools/1.3.0-SNAPSHOT/ozone-tools-1.3.0-SNAPSHOT.jar:/home/runner/.m2/repository/org/apache/ratis/ratis-tools/2.3.0/ratis-tools-2.3.0.jar:/home/runner/.m2/repository/com/amazonaws/aws-java-sdk-core/1.12.261/aws-java-sdk-core-1.12.261.jar:/home/runner/.m2/repository/org/apache/httpcomponents/httpclient/4.5.13/httpclient-4.5.13.jar:/home/runner/.m2/repository/org/apache/httpcomponents/httpcore/4.4.13/httpcore-4.4.13.jar:/home/runner/.m2/repository/software/amazon/ion/ion-java/1.0.2/ion-java-1.0.2.jar:/home/runner/.m2/repository/com/fasterxml/jackson/dataformat/jackson-dataformat-cbor/2.13.2/jackson-dataformat-cbor-2.13.2.jar:/home/runner/.m2/repository/joda-time/joda-time/2.8.1/joda-time-2.8.1.jar:/home/runner/.m2/repository/com/amazonaws/aws-java-sdk-s3/1.12.261/aws-java-sdk-s3-1.12.261.jar:/home/runner/.m2/repository/com/amazonaws/aws-java-sdk-kms/1.12.261/aws-java-sdk-kms-1.12.261.jar:/home/runner/.m2/repository/com/amazonaws/jmespath-java/1.12.261/jmespath-java-1.12.261.jar:/home/runner/.m2/repository/org/kohsuke/metainf-services/metainf-services/1.8/metainf-services-1.8.jar:/home/runner/.m2/repository/org/apache/ozone/hdds-tools/1.3.0-SNAPSHOT/hdds-tools-1.3.0-SNAPSHOT.jar:/home/runner/.m2/repository/commons-cli/commons-cli/1.2/commons-cli-1.2.jar:/home/runner/.m2/repository/org/apache/commons/commons-lang3/3.7/commons-lang3-3.7.jar:/home/runner/.m2/repository/org/apache/ozone/ozone-manager/1.3.0-SNAPSHOT/ozone-manager-1.3.0-SNAPSHOT-tests.jar:/home/runner/.m2/repository/org/apache/ozone/hdds-common/1.3.0-SNAPSHOT/hdds-common-1.3.0-SNAPSHOT-tests.jar:/home/runner/.m2/repository/org/apache/ozone/hdds-hadoop-dependency-client/1.3.0-SNAPSHOT/hdds-hadoop-dependency-client-1.3.0-SNAPSHOT.jar:/home/runner/.m2/repository/info/picocli/picocli/4.6.1/picocli-4.6.1.jar:/home/runner/.m2/repository/com/fasterxml/jackson/core/jackson-annotations/2.13.2/jackson-annotations-2.13.2.jar:/home/runner/.m2/repository/com/fasterxml/jackson/datatype/jackson-datatype-jsr310/2.13.2/jackson-datatype-jsr310-2.13.2.jar:/home/runner/.m2/repository/org/apache/ozone/hdds-annotation-processing/1.3.0-SNAPSHOT/hdds-annotation-processing-1.3.0-SNAPSHOT.jar:/home/runner/.m2/repository/javax/annotation/javax.annotation-api/1.2/javax.annotation-api-1.2.jar:/home/runner/.m2/repository/org/apache/ratis/ratis-server/2.3.0/ratis-server-2.3.0.jar:/home/runner/.m2/repository/org/apache/ratis/ratis-client/2.3.0/ratis-client-2.3.0.jar:/home/runner/.m2/repository/org/apache/ratis/ratis-server-api/2.3.0/ratis-server-api-2.3.0.jar:/home/runner/.m2/repository/org/apache/ratis/ratis-metrics/2.3.0/ratis-metrics-2.3.0.jar:/home/runner/.m2/repository/org/apache/ratis/ratis-netty/2.3.0/ratis-netty-2.3.0.jar:/home/runner/.m2/repository/org/apache/ratis/ratis-grpc/2.3.0/ratis-grpc-2.3.0.jar:/home/runner/.m2/repository/org/apache/logging/log4j/log4j-api/2.17.1/log4j-api-2.17.1.jar:/home/runner/.m2/repository/org/apache/commons/commons-pool2/2.6.0/commons-pool2-2.6.0.jar:/home/runner/.m2/repository/org/bouncycastle/bcpkix-jdk15on/1.67/bcpkix-jdk15on-1.67.jar:/home/runner/.m2/repository/commons-validator/commons-validator/1.6/commons-validator-1.6.jar:/home/runner/.m2/repository/commons-beanutils/commons-beanutils/1.9.4/commons-beanutils-1.9.4.jar:/home/runner/.m2/repository/commons-digester/commons-digester/1.8.1/commons-digester-1.8.1.jar:/home/runner/.m2/repository/commons-collections/commons-collections/3.2.2/commons-collections-3.2.2.jar:/home/runner/.m2/repository/io/jaegertracing/jaeger-client/1.6.0/jaeger-client-1.6.0.jar:/home/runner/.m2/repository/io/jaegertracing/jaeger-thrift/1.6.0/jaeger-thrift-1.6.0.jar:/home/runner/.m2/repository/org/apache/thrift/libthrift/0.14.1/libthrift-0.14.1.jar:/home/runner/.m2/repository/com/squareup/okhttp3/okhttp/4.9.0/okhttp-4.9.0.jar:/home/runner/.m2/repository/com/squareup/okio/okio/2.8.0/okio-2.8.0.jar:/home/runner/.m2/repository/io/jaegertracing/jaeger-core/1.6.0/jaeger-core-1.6.0.jar:/home/runner/.m2/repository/io/jaegertracing/jaeger-tracerresolver/1.6.0/jaeger-tracerresolver-1.6.0.jar:/home/runner/.m2/repository/io/opentracing/contrib/opentracing-tracerresolver/0.1.8/opentracing-tracerresolver-0.1.8.jar:/home/runner/.m2/repository/org/jetbrains/kotlin/kotlin-stdlib/1.6.21/kotlin-stdlib-1.6.21.jar:/home/runner/.m2/repository/org/jetbrains/kotlin/kotlin-stdlib-common/1.6.21/kotlin-stdlib-common-1.6.21.jar:/home/runner/.m2/repository/org/jetbrains/annotations/13.0/annotations-13.0.jar:/home/runner/.m2/repository/io/opentracing/opentracing-util/0.33.0/opentracing-util-0.33.0.jar:/home/runner/.m2/repository/io/opentracing/opentracing-api/0.33.0/opentracing-api-0.33.0.jar:/home/runner/.m2/repository/io/opentracing/opentracing-noop/0.33.0/opentracing-noop-0.33.0.jar:/home/runner/.m2/repository/org/yaml/snakeyaml/1.26/snakeyaml-1.26.jar:/home/runner/.m2/repository/org/apache/ozone/hdds-interface-admin/1.3.0-SNAPSHOT/hdds-interface-admin-1.3.0-SNAPSHOT.jar:/home/runner/.m2/repository/junit/junit/4.13.1/junit-4.13.1.jar:/home/runner/.m2/repository/org/hamcrest/hamcrest-core/1.3/hamcrest-core-1.3.jar:/home/runner/.m2/repository/org/junit/jupiter/junit-jupiter-api/5.8.2/junit-jupiter-api-5.8.2.jar:/home/runner/.m2/repository/org/opentest4j/opentest4j/1.2.0/opentest4j-1.2.0.jar:/home/runner/.m2/repository/org/junit/platform/junit-platform-commons/1.8.2/junit-platform-commons-1.8.2.jar:/home/runner/.m2/repository/org/apiguardian/apiguardian-api/1.1.2/apiguardian-api-1.1.2.jar:/home/runner/.m2/repository/org/junit/jupiter/junit-jupiter-params/5.8.2/junit-jupiter-params-5.8.2.jar:/home/runner/.m2/repository/org/junit/jupiter/junit-jupiter-migrationsupport/5.8.2/junit-jupiter-migrationsupport-5.8.2.jar:/home/runner/.m2/repository/org/junit/jupiter/junit-jupiter-engine/5.8.2/junit-jupiter-engine-5.8.2.jar:/home/runner/.m2/repository/org/junit/platform/junit-platform-engine/1.8.2/junit-platform-engine-1.8.2.jar:/home/runner/.m2/repository/org/junit/vintage/junit-vintage-engine/5.8.2/junit-vintage-engine-5.8.2.jar:/home/runner/.m2/repository/org/junit/platform/junit-platform-launcher/1.8.2/junit-platform-launcher-1.8.2.jar:/home/runner/.m2/repository/org/mockito/mockito-core/2.28.2/mockito-core-2.28.2.jar:/home/runner/.m2/repository/net/bytebuddy/byte-buddy/1.9.10/byte-buddy-1.9.10.jar:/home/runner/.m2/repository/net/bytebuddy/byte-buddy-agent/1.9.10/byte-buddy-agent-1.9.10.jar:/home/runner/.m2/repository/org/objenesis/objenesis/1.0/objenesis-1.0.jar:/home/runner/.m2/repository/org/apache/hadoop/hadoop-kms/3.3.1/hadoop-kms-3.3.1.jar:/home/runner/.m2/repository/org/apache/hadoop/hadoop-auth/3.3.1/hadoop-auth-3.3.1.jar:/home/runner/.m2/repository/com/nimbusds/nimbus-jose-jwt/7.9/nimbus-jose-jwt-7.9.jar:/home/runner/.m2/repository/com/github/stephenc/jcip/jcip-annotations/1.0-1/jcip-annotations-1.0-1.jar:/home/runner/.m2/repository/net/minidev/json-smart/2.4.7/json-smart-2.4.7.jar:/home/runner/.m2/repository/net/minidev/accessors-smart/2.4.7/accessors-smart-2.4.7.jar:/home/runner/.m2/repository/org/ow2/asm/asm/5.0.4/asm-5.0.4.jar:/home/runner/.m2/repository/org/apache/zookeeper/zookeeper/3.5.6/zookeeper-3.5.6.jar:/home/runner/.m2/repository/org/apache/zookeeper/zookeeper-jute/3.5.6/zookeeper-jute-3.5.6.jar:/home/runner/.m2/repository/org/apache/yetus/audience-annotations/0.5.0/audience-annotations-0.5.0.jar:/home/runner/.m2/repository/org/apache/curator/curator-framework/4.2.0/curator-framework-4.2.0.jar:/home/runner/.m2/repository/org/apache/hadoop/thirdparty/hadoop-shaded-guava/1.1.1/hadoop-shaded-guava-1.1.1.jar:/home/runner/.m2/repository/com/sun/jersey/jersey-core/1.19/jersey-core-1.19.jar:/home/runner/.m2/repository/javax/ws/rs/jsr311-api/1.1.1/jsr311-api-1.1.1.jar:/home/runner/.m2/repository/com/sun/jersey/jersey-server/1.19/jersey-server-1.19.jar:/home/runner/.m2/repository/javax/servlet/javax.servlet-api/3.1.0/javax.servlet-api-3.1.0.jar:/home/runner/.m2/repository/org/eclipse/jetty/jetty-server/9.4.43.v20210629/jetty-server-9.4.43.v20210629.jar:/home/runner/.m2/repository/org/eclipse/jetty/jetty-http/9.4.43.v20210629/jetty-http-9.4.43.v20210629.jar:/home/runner/.m2/repository/org/eclipse/jetty/jetty-io/9.4.43.v20210629/jetty-io-9.4.43.v20210629.jar:/home/runner/.m2/repository/org/eclipse/jetty/jetty-webapp/9.4.43.v20210629/jetty-webapp-9.4.43.v20210629.jar:/home/runner/.m2/repository/org/eclipse/jetty/jetty-xml/9.4.43.v20210629/jetty-xml-9.4.43.v20210629.jar:/home/runner/.m2/repository/org/apache/hadoop/hadoop-common/3.3.1/hadoop-common-3.3.1.jar:/home/runner/.m2/repository/org/apache/commons/commons-math3/3.1.1/commons-math3-3.1.1.jar:/home/runner/.m2/repository/commons-net/commons-net/3.6/commons-net-3.6.jar:/home/runner/.m2/repository/com/sun/jersey/jersey-servlet/1.19/jersey-servlet-1.19.jar:/home/runner/.m2/repository/com/sun/jersey/jersey-json/1.19/jersey-json-1.19.jar:/home/runner/.m2/repository/org/codehaus/jettison/jettison/1.1/jettison-1.1.jar:/home/runner/.m2/repository/com/sun/xml/bind/jaxb-impl/2.2.3-1/jaxb-impl-2.2.3-1.jar:/home/runner/.m2/repository/org/codehaus/jackson/jackson-xc/1.9.2/jackson-xc-1.9.2.jar:/home/runner/.m2/repository/org/apache/commons/commons-configuration2/2.1.1/commons-configuration2-2.1.1.jar:/home/runner/.m2/repository/org/apache/commons/commons-text/1.4/commons-text-1.4.jar:/home/runner/.m2/repository/com/google/re2j/re2j/1.1/re2j-1.1.jar:/home/runner/.m2/repository/com/jcraft/jsch/0.1.54/jsch-0.1.54.jar:/home/runner/.m2/repository/org/apache/curator/curator-client/4.2.0/curator-client-4.2.0.jar:/home/runner/.m2/repository/org/apache/curator/curator-recipes/4.2.0/curator-recipes-4.2.0.jar:/home/runner/.m2/repository/org/apache/kerby/kerb-core/1.0.1/kerb-core-1.0.1.jar:/home/runner/.m2/repository/org/apache/kerby/kerby-pkix/1.0.1/kerby-pkix-1.0.1.jar:/home/runner/.m2/repository/org/apache/kerby/kerby-asn1/1.0.1/kerby-asn1-1.0.1.jar:/home/runner/.m2/repository/org/apache/kerby/kerby-util/1.0.1/kerby-util-1.0.1.jar:/home/runner/.m2/repository/dnsjava/dnsjava/2.1.7/dnsjava-2.1.7.jar:/home/runner/.m2/repository/org/xerial/snappy/snappy-java/1.1.8.2/snappy-java-1.1.8.2.jar:/home/runner/.m2/repository/org/slf4j/jul-to-slf4j/1.7.30/jul-to-slf4j-1.7.30.jar:/home/runner/.m2/repository/org/eclipse/jetty/jetty-util/9.4.43.v20210629/jetty-util-9.4.43.v20210629.jar:/home/runner/.m2/repository/com/fasterxml/jackson/core/jackson-databind/2.13.2.2/jackson-databind-2.13.2.2.jar:/home/runner/.m2/repository/org/apache/hadoop/hadoop-kms/3.3.1/hadoop-kms-3.3.1-tests.jar:/home/runner/.m2/repository/org/apache/ozone/hdds-server-scm/1.3.0-SNAPSHOT/hdds-server-scm-1.3.0-SNAPSHOT-tests.jar:/home/runner/.m2/repository/org/apache/ozone/hdds-container-service/1.3.0-SNAPSHOT/hdds-container-service-1.3.0-SNAPSHOT-tests.jar:/home/runner/.m2/repository/commons-codec/commons-codec/1.11/commons-codec-1.11.jar:/home/runner/.m2/repository/io/netty/netty-codec/4.1.79.Final/netty-codec-4.1.79.Final.jar:/home/runner/.m2/repository/io/netty/netty-handler/4.1.79.Final/netty-handler-4.1.79.Final.jar:/home/runner/.m2/repository/org/apache/ozone/hdds-hadoop-dependency-test/1.3.0-SNAPSHOT/hdds-hadoop-dependency-test-1.3.0-SNAPSHOT.jar:/home/runner/.m2/repository/org/apache/hadoop/hadoop-common/3.3.1/hadoop-common-3.3.1-tests.jar:/home/runner/.m2/repository/org/assertj/assertj-core/3.12.2/assertj-core-3.12.2.jar:/home/runner/.m2/repository/org/apache/hadoop/hadoop-hdfs/3.3.1/hadoop-hdfs-3.3.1-tests.jar:/home/runner/.m2/repository/org/eclipse/jetty/jetty-util-ajax/9.4.43.v20210629/jetty-util-ajax-9.4.43.v20210629.jar:/home/runner/.m2/repository/commons-daemon/commons-daemon/1.0.13/commons-daemon-1.0.13.jar:/home/runner/.m2/repository/io/netty/netty/3.10.6.Final/netty-3.10.6.Final.jar:/home/runner/.m2/repository/io/netty/netty-all/4.1.79.Final/netty-all-4.1.79.Final.jar:/home/runner/.m2/repository/io/netty/netty-codec-dns/4.1.79.Final/netty-codec-dns-4.1.79.Final.jar:/home/runner/.m2/repository/io/netty/netty-codec-haproxy/4.1.79.Final/netty-codec-haproxy-4.1.79.Final.jar:/home/runner/.m2/repository/io/netty/netty-codec-memcache/4.1.79.Final/netty-codec-memcache-4.1.79.Final.jar:/home/runner/.m2/repository/io/netty/netty-codec-mqtt/4.1.79.Final/netty-codec-mqtt-4.1.79.Final.jar:/home/runner/.m2/repository/io/netty/netty-codec-redis/4.1.79.Final/netty-codec-redis-4.1.79.Final.jar:/home/runner/.m2/repository/io/netty/netty-codec-smtp/4.1.79.Final/netty-codec-smtp-4.1.79.Final.jar:/home/runner/.m2/repository/io/netty/netty-codec-stomp/4.1.79.Final/netty-codec-stomp-4.1.79.Final.jar:/home/runner/.m2/repository/io/netty/netty-codec-xml/4.1.79.Final/netty-codec-xml-4.1.79.Final.jar:/home/runner/.m2/repository/io/netty/netty-resolver-dns/4.1.79.Final/netty-resolver-dns-4.1.79.Final.jar:/home/runner/.m2/repository/io/netty/netty-transport-rxtx/4.1.79.Final/netty-transport-rxtx-4.1.79.Final.jar:/home/runner/.m2/repository/io/netty/netty-transport-sctp/4.1.79.Final/netty-transport-sctp-4.1.79.Final.jar:/home/runner/.m2/repository/io/netty/netty-transport-udt/4.1.79.Final/netty-transport-udt-4.1.79.Final.jar:/home/runner/.m2/repository/io/netty/netty-transport-classes-kqueue/4.1.79.Final/netty-transport-classes-kqueue-4.1.79.Final.jar:/home/runner/.m2/repository/io/netty/netty-resolver-dns-classes-macos/4.1.79.Final/netty-resolver-dns-classes-macos-4.1.79.Final.jar:/home/runner/.m2/repository/io/netty/netty-transport-native-epoll/4.1.79.Final/netty-transport-native-epoll-4.1.79.Final-linux-aarch_64.jar:/home/runner/.m2/repository/io/netty/netty-transport-native-kqueue/4.1.79.Final/netty-transport-native-kqueue-4.1.79.Final-osx-x86_64.jar:/home/runner/.m2/repository/io/netty/netty-transport-native-kqueue/4.1.79.Final/netty-transport-native-kqueue-4.1.79.Final-osx-aarch_64.jar:/home/runner/.m2/repository/io/netty/netty-resolver-dns-native-macos/4.1.79.Final/netty-resolver-dns-native-macos-4.1.79.Final-osx-x86_64.jar:/home/runner/.m2/repository/io/netty/netty-resolver-dns-native-macos/4.1.79.Final/netty-resolver-dns-native-macos-4.1.79.Final-osx-aarch_64.jar:/home/runner/.m2/repository/org/apache/htrace/htrace-core4/4.1.0-incubating/htrace-core4-4.1.0-incubating.jar:/home/runner/.m2/repository/org/fusesource/leveldbjni/leveldbjni-all/1.8/leveldbjni-all-1.8.jar:/home/runner/.m2/repository/org/apache/hadoop/hadoop-distcp/3.3.1/hadoop-distcp-3.3.1.jar:/home/runner/.m2/repository/org/apache/hadoop/hadoop-mapreduce-client-jobclient/3.3.1/hadoop-mapreduce-client-jobclient-3.3.1.jar:/home/runner/.m2/repository/org/apache/hadoop/hadoop-mapreduce-client-common/3.3.1/hadoop-mapreduce-client-common-3.3.1.jar:/home/runner/.m2/repository/org/apache/hadoop/hadoop-yarn-common/3.3.1/hadoop-yarn-common-3.3.1.jar:/home/runner/.m2/repository/org/apache/hadoop/hadoop-yarn-api/3.3.1/hadoop-yarn-api-3.3.1.jar:/home/runner/.m2/repository/com/sun/jersey/contribs/jersey-guice/1.19/jersey-guice-1.19.jar:/home/runner/.m2/repository/com/fasterxml/jackson/jaxrs/jackson-jaxrs-json-provider/2.13.2/jackson-jaxrs-json-provider-2.13.2.jar:/home/runner/.m2/repository/com/fasterxml/jackson/jaxrs/jackson-jaxrs-base/2.13.2/jackson-jaxrs-base-2.13.2.jar:/home/runner/.m2/repository/org/apache/hadoop/hadoop-yarn-client/3.3.1/hadoop-yarn-client-3.3.1.jar:/home/runner/.m2/repository/org/eclipse/jetty/websocket/websocket-client/9.4.40.v20210413/websocket-client-9.4.40.v20210413.jar:/home/runner/.m2/repository/org/eclipse/jetty/websocket/websocket-common/9.4.40.v20210413/websocket-common-9.4.40.v20210413.jar:/home/runner/.m2/repository/org/eclipse/jetty/websocket/websocket-api/9.4.40.v20210413/websocket-api-9.4.40.v20210413.jar:/home/runner/.m2/repository/org/jline/jline/3.9.0/jline-3.9.0.jar:/home/runner/.m2/repository/org/apache/hadoop/hadoop-mapreduce-client-core/3.3.1/hadoop-mapreduce-client-core-3.3.1.jar:/home/runner/.m2/repository/org/apache/avro/avro/1.7.7/avro-1.7.7.jar:/home/runner/.m2/repository/org/codehaus/jackson/jackson-core-asl/1.9.13/jackson-core-asl-1.9.13.jar:/home/runner/.m2/repository/org/codehaus/jackson/jackson-mapper-asl/1.9.13/jackson-mapper-asl-1.9.13.jar:/home/runner/.m2/repository/com/thoughtworks/paranamer/paranamer/2.3/paranamer-2.3.jar:/home/runner/.m2/repository/org/apache/hadoop/hadoop-annotations/3.3.1/hadoop-annotations-3.3.1.jar:/opt/hostedtoolcache/jdk/8.0.345/x64/jre/../lib/tools.jar:/home/runner/.m2/repository/org/apache/hadoop/hadoop-distcp/3.3.1/hadoop-distcp-3.3.1-tests.jar:/home/runner/.m2/repository/org/apache/ratis/ratis-common/2.3.0/ratis-common-2.3.0.jar:/home/runner/.m2/repository/org/apache/ratis/ratis-thirdparty-misc/1.0.0/ratis-thirdparty-misc-1.0.0.jar:/home/runner/.m2/repository/org/apache/ratis/ratis-proto/2.3.0/ratis-proto-2.3.0.jar:"/>
    <property name="java.vm.vendor" value="Azul Systems, Inc."/>
    <property name="sun.arch.data.model" value="64"/>
    <property name="test.build.dir" value="/home/runner/work/ozone/ozone/hadoop-ozone/integration-test/target/test-dir"/>
    <property name="test.cache.data" value=""/>
    <property name="java.vendor.url" value="http://www.azul.com/"/>
    <property name="user.timezone" value="Etc/UTC"/>
    <property name="os.name" value="Linux"/>
    <property name="java.vm.specification.version" value="1.8"/>
    <property name="test.build.data" value="/home/runner/work/ozone/ozone/hadoop-ozone/integration-test/target/test-dir"/>
    <property name="sun.java.launcher" value="SUN_STANDARD"/>
    <property name="sun.boot.library.path" value="/opt/hostedtoolcache/jdk/8.0.345/x64/jre/lib/amd64"/>
    <property name="sun.java.command" value="/home/runner/work/ozone/ozone/hadoop-ozone/integration-test/target/surefire/surefirebooter777755026393623790.jar /home/runner/work/ozone/ozone/hadoop-ozone/integration-test/target/surefire 2022-09-08T00-56-44_776-jvmRun1 surefire273405930317446952tmp surefire_218158711869178170887tmp"/>
    <property name="surefire.test.class.path" value="/home/runner/work/ozone/ozone/hadoop-ozone/integration-test/target/test-classes:/home/runner/work/ozone/ozone/hadoop-ozone/integration-test/target/classes:/home/runner/.m2/repository/org/apache/ozone/ozone-common/1.3.0-SNAPSHOT/ozone-common-1.3.0-SNAPSHOT.jar:/home/runner/.m2/repository/io/grpc/grpc-netty/1.48.1/grpc-netty-1.48.1.jar:/home/runner/.m2/repository/io/grpc/grpc-core/1.48.1/grpc-core-1.48.1.jar:/home/runner/.m2/repository/com/google/android/annotations/4.1.1.4/annotations-4.1.1.4.jar:/home/runner/.m2/repository/org/codehaus/mojo/animal-sniffer-annotations/1.21/animal-sniffer-annotations-1.21.jar:/home/runner/.m2/repository/com/google/errorprone/error_prone_annotations/2.2.0/error_prone_annotations-2.2.0.jar:/home/runner/.m2/repository/io/perfmark/perfmark-api/0.25.0/perfmark-api-0.25.0.jar:/home/runner/.m2/repository/io/netty/netty-codec-http2/4.1.79.Final/netty-codec-http2-4.1.79.Final.jar:/home/runner/.m2/repository/io/netty/netty-common/4.1.79.Final/netty-common-4.1.79.Final.jar:/home/runner/.m2/repository/io/netty/netty-buffer/4.1.79.Final/netty-buffer-4.1.79.Final.jar:/home/runner/.m2/repository/io/netty/netty-codec-http/4.1.79.Final/netty-codec-http-4.1.79.Final.jar:/home/runner/.m2/repository/io/netty/netty-handler-proxy/4.1.79.Final/netty-handler-proxy-4.1.79.Final.jar:/home/runner/.m2/repository/io/netty/netty-codec-socks/4.1.79.Final/netty-codec-socks-4.1.79.Final.jar:/home/runner/.m2/repository/io/netty/netty-tcnative-boringssl-static/2.0.53.Final/netty-tcnative-boringssl-static-2.0.53.Final.jar:/home/runner/.m2/repository/io/netty/netty-tcnative-classes/2.0.53.Final/netty-tcnative-classes-2.0.53.Final.jar:/home/runner/.m2/repository/io/netty/netty-tcnative-boringssl-static/2.0.53.Final/netty-tcnative-boringssl-static-2.0.53.Final-linux-x86_64.jar:/home/runner/.m2/repository/io/netty/netty-tcnative-boringssl-static/2.0.53.Final/netty-tcnative-boringssl-static-2.0.53.Final-linux-aarch_64.jar:/home/runner/.m2/repository/io/netty/netty-tcnative-boringssl-static/2.0.53.Final/netty-tcnative-boringssl-static-2.0.53.Final-osx-x86_64.jar:/home/runner/.m2/repository/io/netty/netty-tcnative-boringssl-static/2.0.53.Final/netty-tcnative-boringssl-static-2.0.53.Final-osx-aarch_64.jar:/home/runner/.m2/repository/io/netty/netty-tcnative-boringssl-static/2.0.53.Final/netty-tcnative-boringssl-static-2.0.53.Final-windows-x86_64.jar:/home/runner/.m2/repository/org/apache/commons/commons-compress/1.21/commons-compress-1.21.jar:/home/runner/.m2/repository/org/apache/ozone/hdds-common/1.3.0-SNAPSHOT/hdds-common-1.3.0-SNAPSHOT.jar:/home/runner/.m2/repository/org/apache/ozone/hdds-client/1.3.0-SNAPSHOT/hdds-client-1.3.0-SNAPSHOT.jar:/home/runner/.m2/repository/org/apache/ozone/ozone-interface-client/1.3.0-SNAPSHOT/ozone-interface-client-1.3.0-SNAPSHOT.jar:/home/runner/.m2/repository/org/apache/ozone/hdds-test-utils/1.3.0-SNAPSHOT/hdds-test-utils-1.3.0-SNAPSHOT.jar:/home/runner/.m2/repository/com/google/guava/guava/31.1-jre/guava-31.1-jre.jar:/home/runner/.m2/repository/com/google/guava/failureaccess/1.0.1/failureaccess-1.0.1.jar:/home/runner/.m2/repository/com/google/guava/listenablefuture/9999.0-empty-to-avoid-conflict-with-guava/listenablefuture-9999.0-empty-to-avoid-conflict-with-guava.jar:/home/runner/.m2/repository/com/google/code/findbugs/jsr305/3.0.0/jsr305-3.0.0.jar:/home/runner/.m2/repository/org/checkerframework/checker-qual/3.12.0/checker-qual-3.12.0.jar:/home/runner/.m2/repository/com/google/j2objc/j2objc-annotations/1.3/j2objc-annotations-1.3.jar:/home/runner/.m2/repository/commons-io/commons-io/2.11.0/commons-io-2.11.0.jar:/home/runner/.m2/repository/commons-logging/commons-logging/1.2/commons-logging-1.2.jar:/home/runner/.m2/repository/log4j/log4j/1.2.17/log4j-1.2.17.jar:/home/runner/.m2/repository/org/slf4j/slf4j-api/1.7.30/slf4j-api-1.7.30.jar:/home/runner/.m2/repository/org/apache/ozone/hdds-server-scm/1.3.0-SNAPSHOT/hdds-server-scm-1.3.0-SNAPSHOT.jar:/home/runner/.m2/repository/org/apache/ozone/hdds-container-service/1.3.0-SNAPSHOT/hdds-container-service-1.3.0-SNAPSHOT.jar:/home/runner/.m2/repository/org/apache/ozone/hdds-hadoop-dependency-server/1.3.0-SNAPSHOT/hdds-hadoop-dependency-server-1.3.0-SNAPSHOT.jar:/home/runner/.m2/repository/org/apache/hadoop/hadoop-hdfs/3.3.1/hadoop-hdfs-3.3.1.jar:/home/runner/.m2/repository/org/apache/ozone/hdds-server-framework/1.3.0-SNAPSHOT/hdds-server-framework-1.3.0-SNAPSHOT.jar:/home/runner/.m2/repository/org/apache/ozone/hdds-interface-server/1.3.0-SNAPSHOT/hdds-interface-server-1.3.0-SNAPSHOT.jar:/home/runner/.m2/repository/org/apache/logging/log4j/log4j-core/2.17.1/log4j-core-2.17.1.jar:/home/runner/.m2/repository/com/lmax/disruptor/3.4.2/disruptor-3.4.2.jar:/home/runner/.m2/repository/org/eclipse/jetty/jetty-servlet/9.4.43.v20210629/jetty-servlet-9.4.43.v20210629.jar:/home/runner/.m2/repository/org/eclipse/jetty/jetty-security/9.4.43.v20210629/jetty-security-9.4.43.v20210629.jar:/home/runner/.m2/repository/org/rocksdb/rocksdbjni/7.4.5/rocksdbjni-7.4.5.jar:/home/runner/.m2/repository/io/prometheus/simpleclient_dropwizard/0.7.0/simpleclient_dropwizard-0.7.0.jar:/home/runner/.m2/repository/io/prometheus/simpleclient/0.7.0/simpleclient-0.7.0.jar:/home/runner/.m2/repository/io/prometheus/simpleclient_common/0.7.0/simpleclient_common-0.7.0.jar:/home/runner/.m2/repository/io/dropwizard/metrics/metrics-core/3.2.4/metrics-core-3.2.4.jar:/home/runner/.m2/repository/org/apache/hadoop/hadoop-hdfs-client/3.3.1/hadoop-hdfs-client-3.3.1.jar:/home/runner/.m2/repository/org/bouncycastle/bcprov-jdk15on/1.67/bcprov-jdk15on-1.67.jar:/home/runner/.m2/repository/com/google/protobuf/protobuf-java/2.5.0/protobuf-java-2.5.0.jar:/home/runner/.m2/repository/org/apache/ozone/ozone-manager/1.3.0-SNAPSHOT/ozone-manager-1.3.0-SNAPSHOT.jar:/home/runner/.m2/repository/org/aspectj/aspectjrt/1.9.7/aspectjrt-1.9.7.jar:/home/runner/.m2/repository/org/aspectj/aspectjweaver/1.9.7/aspectjweaver-1.9.7.jar:/home/runner/.m2/repository/org/apache/ozone/hdds-interface-client/1.3.0-SNAPSHOT/hdds-interface-client-1.3.0-SNAPSHOT.jar:/home/runner/.m2/repository/org/apache/hadoop/thirdparty/hadoop-shaded-protobuf_3_7/1.1.1/hadoop-shaded-protobuf_3_7-1.1.1.jar:/home/runner/.m2/repository/org/apache/ozone/ozone-interface-storage/1.3.0-SNAPSHOT/ozone-interface-storage-1.3.0-SNAPSHOT.jar:/home/runner/.m2/repository/org/reflections/reflections/0.9.11/reflections-0.9.11.jar:/home/runner/.m2/repository/com/sun/jersey/jersey-client/1.19/jersey-client-1.19.jar:/home/runner/.m2/repository/org/apache/ranger/ranger-intg/2.3.0/ranger-intg-2.3.0.jar:/home/runner/.m2/repository/org/apache/ranger/ranger-plugins-common/2.3.0/ranger-plugins-common-2.3.0.jar:/home/runner/.m2/repository/commons-lang/commons-lang/2.6/commons-lang-2.6.jar:/home/runner/.m2/repository/org/codehaus/jackson/jackson-jaxrs/1.9.13/jackson-jaxrs-1.9.13.jar:/home/runner/.m2/repository/org/apache/ranger/ranger-plugins-cred/2.3.0/ranger-plugins-cred-2.3.0.jar:/home/runner/.m2/repository/org/apache/ranger/ranger-plugins-audit/2.3.0/ranger-plugins-audit-2.3.0.jar:/home/runner/.m2/repository/org/eclipse/jetty/jetty-client/9.4.31.v20200723/jetty-client-9.4.31.v20200723.jar:/home/runner/.m2/repository/org/apache/httpcomponents/httpmime/4.5.6/httpmime-4.5.6.jar:/home/runner/.m2/repository/org/apache/httpcomponents/httpcore-nio/4.4.6/httpcore-nio-4.4.6.jar:/home/runner/.m2/repository/org/apache/httpcomponents/httpasyncclient/4.1.3/httpasyncclient-4.1.3.jar:/home/runner/.m2/repository/com/carrotsearch/hppc/0.8.0/hppc-0.8.0.jar:/home/runner/.m2/repository/org/apache/orc/orc-core/1.5.8/orc-core-1.5.8.jar:/home/runner/.m2/repository/net/java/dev/jna/jna/5.2.0/jna-5.2.0.jar:/home/runner/.m2/repository/net/java/dev/jna/jna-platform/5.2.0/jna-platform-5.2.0.jar:/home/runner/.m2/repository/com/kstruct/gethostname4j/0.0.2/gethostname4j-0.0.2.jar:/home/runner/.m2/repository/org/apache/ranger/ranger-plugin-classloader/2.3.0/ranger-plugin-classloader-2.3.0.jar:/home/runner/.m2/repository/org/apache/hadoop/hadoop-minikdc/3.3.1/hadoop-minikdc-3.3.1.jar:/home/runner/.m2/repository/org/apache/kerby/kerb-simplekdc/1.0.1/kerb-simplekdc-1.0.1.jar:/home/runner/.m2/repository/org/apache/kerby/kerb-client/1.0.1/kerb-client-1.0.1.jar:/home/runner/.m2/repository/org/apache/kerby/kerby-config/1.0.1/kerby-config-1.0.1.jar:/home/runner/.m2/repository/org/apache/kerby/kerb-common/1.0.1/kerb-common-1.0.1.jar:/home/runner/.m2/repository/org/apache/kerby/kerb-crypto/1.0.1/kerb-crypto-1.0.1.jar:/home/runner/.m2/repository/org/apache/kerby/kerb-util/1.0.1/kerb-util-1.0.1.jar:/home/runner/.m2/repository/org/apache/kerby/token-provider/1.0.1/token-provider-1.0.1.jar:/home/runner/.m2/repository/org/apache/kerby/kerb-admin/1.0.1/kerb-admin-1.0.1.jar:/home/runner/.m2/repository/org/apache/kerby/kerb-server/1.0.1/kerb-server-1.0.1.jar:/home/runner/.m2/repository/org/apache/kerby/kerb-identity/1.0.1/kerb-identity-1.0.1.jar:/home/runner/.m2/repository/org/apache/kerby/kerby-xdr/1.0.1/kerby-xdr-1.0.1.jar:/home/runner/.m2/repository/org/slf4j/slf4j-log4j12/1.7.30/slf4j-log4j12-1.7.30.jar:/home/runner/.m2/repository/org/apache/ozone/ozone-s3gateway/1.3.0-SNAPSHOT/ozone-s3gateway-1.3.0-SNAPSHOT.jar:/home/runner/.m2/repository/org/javassist/javassist/3.21.0-GA/javassist-3.21.0-GA.jar:/home/runner/.m2/repository/org/jboss/weld/servlet/weld-servlet/2.4.7.Final/weld-servlet-2.4.7.Final.jar:/home/runner/.m2/repository/org/glassfish/jersey/containers/jersey-container-servlet-core/2.33/jersey-container-servlet-core-2.33.jar:/home/runner/.m2/repository/org/glassfish/hk2/external/jakarta.inject/2.6.1/jakarta.inject-2.6.1.jar:/home/runner/.m2/repository/org/glassfish/jersey/core/jersey-common/2.33/jersey-common-2.33.jar:/home/runner/.m2/repository/jakarta/ws/rs/jakarta.ws.rs-api/2.1.6/jakarta.ws.rs-api-2.1.6.jar:/home/runner/.m2/repository/org/glassfish/jersey/ext/cdi/jersey-cdi1x/2.33/jersey-cdi1x-2.33.jar:/home/runner/.m2/repository/org/glassfish/jersey/inject/jersey-hk2/2.33/jersey-hk2-2.33.jar:/home/runner/.m2/repository/org/glassfish/hk2/hk2-locator/2.6.1/hk2-locator-2.6.1.jar:/home/runner/.m2/repository/org/glassfish/jersey/media/jersey-media-jaxb/2.33/jersey-media-jaxb-2.33.jar:/home/runner/.m2/repository/org/glassfish/hk2/osgi-resource-locator/1.0.3/osgi-resource-locator-1.0.3.jar:/home/runner/.m2/repository/org/glassfish/hk2/hk2-api/2.5.0/hk2-api-2.5.0.jar:/home/runner/.m2/repository/org/glassfish/hk2/hk2-utils/2.5.0/hk2-utils-2.5.0.jar:/home/runner/.m2/repository/org/glassfish/hk2/external/aopalliance-repackaged/2.5.0/aopalliance-repackaged-2.5.0.jar:/home/runner/.m2/repository/com/fasterxml/jackson/dataformat/jackson-dataformat-xml/2.13.2/jackson-dataformat-xml-2.13.2.jar:/home/runner/.m2/repository/com/fasterxml/jackson/core/jackson-core/2.13.2/jackson-core-2.13.2.jar:/home/runner/.m2/repository/org/codehaus/woodstox/stax2-api/3.1.4/stax2-api-3.1.4.jar:/home/runner/.m2/repository/com/fasterxml/woodstox/woodstox-core/5.0.3/woodstox-core-5.0.3.jar:/home/runner/.m2/repository/com/fasterxml/jackson/module/jackson-module-jaxb-annotations/2.13.2/jackson-module-jaxb-annotations-2.13.2.jar:/home/runner/.m2/repository/jakarta/xml/bind/jakarta.xml.bind-api/2.3.3/jakarta.xml.bind-api-2.3.3.jar:/home/runner/.m2/repository/jakarta/activation/jakarta.activation-api/1.2.1/jakarta.activation-api-1.2.1.jar:/home/runner/.m2/repository/javax/enterprise/cdi-api/1.2/cdi-api-1.2.jar:/home/runner/.m2/repository/javax/el/javax.el-api/3.0.0/javax.el-api-3.0.0.jar:/home/runner/.m2/repository/javax/interceptor/javax.interceptor-api/1.2/javax.interceptor-api-1.2.jar:/home/runner/.m2/repository/javax/inject/javax.inject/1/javax.inject-1.jar:/home/runner/.m2/repository/javax/xml/bind/jaxb-api/2.3.0/jaxb-api-2.3.0.jar:/home/runner/.m2/repository/org/glassfish/jaxb/jaxb-runtime/2.3.0.1/jaxb-runtime-2.3.0.1.jar:/home/runner/.m2/repository/org/glassfish/jaxb/jaxb-core/2.3.0.1/jaxb-core-2.3.0.1.jar:/home/runner/.m2/repository/org/glassfish/jaxb/txw2/2.3.0.1/txw2-2.3.0.1.jar:/home/runner/.m2/repository/com/sun/istack/istack-commons-runtime/3.0.5/istack-commons-runtime-3.0.5.jar:/home/runner/.m2/repository/org/jvnet/staxex/stax-ex/1.7.8/stax-ex-1.7.8.jar:/home/runner/.m2/repository/com/sun/xml/fastinfoset/FastInfoset/1.2.13/FastInfoset-1.2.13.jar:/home/runner/.m2/repository/javax/activation/activation/1.1.1/activation-1.1.1.jar:/home/runner/.m2/repository/io/grpc/grpc-protobuf/1.48.1/grpc-protobuf-1.48.1.jar:/home/runner/.m2/repository/io/grpc/grpc-api/1.48.1/grpc-api-1.48.1.jar:/home/runner/.m2/repository/io/grpc/grpc-context/1.48.1/grpc-context-1.48.1.jar:/home/runner/.m2/repository/com/google/api/grpc/proto-google-common-protos/2.9.0/proto-google-common-protos-2.9.0.jar:/home/runner/.m2/repository/io/grpc/grpc-protobuf-lite/1.48.1/grpc-protobuf-lite-1.48.1.jar:/home/runner/.m2/repository/io/grpc/grpc-stub/1.48.1/grpc-stub-1.48.1.jar:/home/runner/.m2/repository/io/netty/netty-transport/4.1.79.Final/netty-transport-4.1.79.Final.jar:/home/runner/.m2/repository/io/netty/netty-resolver/4.1.79.Final/netty-resolver-4.1.79.Final.jar:/home/runner/.m2/repository/org/apache/ozone/ozone-csi/1.3.0-SNAPSHOT/ozone-csi-1.3.0-SNAPSHOT.jar:/home/runner/.m2/repository/com/google/protobuf/protobuf-java-util/3.19.2/protobuf-java-util-3.19.2.jar:/home/runner/.m2/repository/com/google/code/gson/gson/2.9.0/gson-2.9.0.jar:/home/runner/.m2/repository/org/apache/ozone/hdds-config/1.3.0-SNAPSHOT/hdds-config-1.3.0-SNAPSHOT.jar:/home/runner/.m2/repository/io/netty/netty-transport-native-epoll/4.1.79.Final/netty-transport-native-epoll-4.1.79.Final-linux-x86_64.jar:/home/runner/.m2/repository/io/netty/netty-transport-classes-epoll/4.1.79.Final/netty-transport-classes-epoll-4.1.79.Final.jar:/home/runner/.m2/repository/io/netty/netty-transport-native-unix-common/4.1.79.Final/netty-transport-native-unix-common-4.1.79.Final.jar:/home/runner/.m2/repository/org/apache/ozone/ozone-recon/1.3.0-SNAPSHOT/ozone-recon-1.3.0-SNAPSHOT.jar:/home/runner/.m2/repository/org/apache/ozone/ozone-reconcodegen/1.3.0-SNAPSHOT/ozone-reconcodegen-1.3.0-SNAPSHOT.jar:/home/runner/.m2/repository/com/google/inject/extensions/guice-multibindings/4.0/guice-multibindings-4.0.jar:/home/runner/.m2/repository/com/google/inject/guice/4.0/guice-4.0.jar:/home/runner/.m2/repository/aopalliance/aopalliance/1.0/aopalliance-1.0.jar:/home/runner/.m2/repository/com/google/inject/extensions/guice-assistedinject/4.0/guice-assistedinject-4.0.jar:/home/runner/.m2/repository/com/google/inject/extensions/guice-servlet/4.0/guice-servlet-4.0.jar:/home/runner/.m2/repository/org/glassfish/jersey/containers/jersey-container-servlet/2.33/jersey-container-servlet-2.33.jar:/home/runner/.m2/repository/org/glassfish/hk2/guice-bridge/2.5.0/guice-bridge-2.5.0.jar:/home/runner/.m2/repository/org/glassfish/jersey/core/jersey-server/2.33/jersey-server-2.33.jar:/home/runner/.m2/repository/org/glassfish/jersey/core/jersey-client/2.33/jersey-client-2.33.jar:/home/runner/.m2/repository/jakarta/annotation/jakarta.annotation-api/1.3.5/jakarta.annotation-api-1.3.5.jar:/home/runner/.m2/repository/jakarta/validation/jakarta.validation-api/2.0.2/jakarta.validation-api-2.0.2.jar:/home/runner/.m2/repository/org/glassfish/jersey/media/jersey-media-json-jackson/2.33/jersey-media-json-jackson-2.33.jar:/home/runner/.m2/repository/org/glassfish/jersey/ext/jersey-entity-filtering/2.33/jersey-entity-filtering-2.33.jar:/home/runner/.m2/repository/org/jooq/jooq/3.11.10/jooq-3.11.10.jar:/home/runner/.m2/repository/org/jooq/jooq-meta/3.11.10/jooq-meta-3.11.10.jar:/home/runner/.m2/repository/org/jooq/jooq-codegen/3.11.10/jooq-codegen-3.11.10.jar:/home/runner/.m2/repository/com/jolbox/bonecp/0.8.0.RELEASE/bonecp-0.8.0.RELEASE.jar:/home/runner/.m2/repository/org/apache/derby/derby/10.14.2.0/derby-10.14.2.0.jar:/home/runner/.m2/repository/org/xerial/sqlite-jdbc/3.25.2/sqlite-jdbc-3.25.2.jar:/home/runner/.m2/repository/org/springframework/spring-jdbc/5.2.20.RELEASE/spring-jdbc-5.2.20.RELEASE.jar:/home/runner/.m2/repository/org/springframework/spring-beans/5.2.20.RELEASE/spring-beans-5.2.20.RELEASE.jar:/home/runner/.m2/repository/org/springframework/spring-core/5.2.20.RELEASE/spring-core-5.2.20.RELEASE.jar:/home/runner/.m2/repository/org/springframework/spring-jcl/5.2.20.RELEASE/spring-jcl-5.2.20.RELEASE.jar:/home/runner/.m2/repository/org/springframework/spring-tx/5.2.20.RELEASE/spring-tx-5.2.20.RELEASE.jar:/home/runner/.m2/repository/org/apache/ozone/ozone-client/1.3.0-SNAPSHOT/ozone-client-1.3.0-SNAPSHOT.jar:/home/runner/.m2/repository/org/apache/ozone/hdds-erasurecode/1.3.0-SNAPSHOT/hdds-erasurecode-1.3.0-SNAPSHOT.jar:/home/runner/.m2/repository/com/github/spotbugs/spotbugs-annotations/3.1.12/spotbugs-annotations-3.1.12.jar:/home/runner/.m2/repository/org/apache/ozone/ozone-filesystem/1.3.0-SNAPSHOT/ozone-filesystem-1.3.0-SNAPSHOT.jar:/home/runner/.m2/repository/org/apache/ozone/ozone-filesystem-common/1.3.0-SNAPSHOT/ozone-filesystem-common-1.3.0-SNAPSHOT.jar:/home/runner/.m2/repository/org/apache/ozone/ozone-tools/1.3.0-SNAPSHOT/ozone-tools-1.3.0-SNAPSHOT.jar:/home/runner/.m2/repository/org/apache/ratis/ratis-tools/2.3.0/ratis-tools-2.3.0.jar:/home/runner/.m2/repository/com/amazonaws/aws-java-sdk-core/1.12.261/aws-java-sdk-core-1.12.261.jar:/home/runner/.m2/repository/org/apache/httpcomponents/httpclient/4.5.13/httpclient-4.5.13.jar:/home/runner/.m2/repository/org/apache/httpcomponents/httpcore/4.4.13/httpcore-4.4.13.jar:/home/runner/.m2/repository/software/amazon/ion/ion-java/1.0.2/ion-java-1.0.2.jar:/home/runner/.m2/repository/com/fasterxml/jackson/dataformat/jackson-dataformat-cbor/2.13.2/jackson-dataformat-cbor-2.13.2.jar:/home/runner/.m2/repository/joda-time/joda-time/2.8.1/joda-time-2.8.1.jar:/home/runner/.m2/repository/com/amazonaws/aws-java-sdk-s3/1.12.261/aws-java-sdk-s3-1.12.261.jar:/home/runner/.m2/repository/com/amazonaws/aws-java-sdk-kms/1.12.261/aws-java-sdk-kms-1.12.261.jar:/home/runner/.m2/repository/com/amazonaws/jmespath-java/1.12.261/jmespath-java-1.12.261.jar:/home/runner/.m2/repository/org/kohsuke/metainf-services/metainf-services/1.8/metainf-services-1.8.jar:/home/runner/.m2/repository/org/apache/ozone/hdds-tools/1.3.0-SNAPSHOT/hdds-tools-1.3.0-SNAPSHOT.jar:/home/runner/.m2/repository/commons-cli/commons-cli/1.2/commons-cli-1.2.jar:/home/runner/.m2/repository/org/apache/commons/commons-lang3/3.7/commons-lang3-3.7.jar:/home/runner/.m2/repository/org/apache/ozone/ozone-manager/1.3.0-SNAPSHOT/ozone-manager-1.3.0-SNAPSHOT-tests.jar:/home/runner/.m2/repository/org/apache/ozone/hdds-common/1.3.0-SNAPSHOT/hdds-common-1.3.0-SNAPSHOT-tests.jar:/home/runner/.m2/repository/org/apache/ozone/hdds-hadoop-dependency-client/1.3.0-SNAPSHOT/hdds-hadoop-dependency-client-1.3.0-SNAPSHOT.jar:/home/runner/.m2/repository/info/picocli/picocli/4.6.1/picocli-4.6.1.jar:/home/runner/.m2/repository/com/fasterxml/jackson/core/jackson-annotations/2.13.2/jackson-annotations-2.13.2.jar:/home/runner/.m2/repository/com/fasterxml/jackson/datatype/jackson-datatype-jsr310/2.13.2/jackson-datatype-jsr310-2.13.2.jar:/home/runner/.m2/repository/org/apache/ozone/hdds-annotation-processing/1.3.0-SNAPSHOT/hdds-annotation-processing-1.3.0-SNAPSHOT.jar:/home/runner/.m2/repository/javax/annotation/javax.annotation-api/1.2/javax.annotation-api-1.2.jar:/home/runner/.m2/repository/org/apache/ratis/ratis-server/2.3.0/ratis-server-2.3.0.jar:/home/runner/.m2/repository/org/apache/ratis/ratis-client/2.3.0/ratis-client-2.3.0.jar:/home/runner/.m2/repository/org/apache/ratis/ratis-server-api/2.3.0/ratis-server-api-2.3.0.jar:/home/runner/.m2/repository/org/apache/ratis/ratis-metrics/2.3.0/ratis-metrics-2.3.0.jar:/home/runner/.m2/repository/org/apache/ratis/ratis-netty/2.3.0/ratis-netty-2.3.0.jar:/home/runner/.m2/repository/org/apache/ratis/ratis-grpc/2.3.0/ratis-grpc-2.3.0.jar:/home/runner/.m2/repository/org/apache/logging/log4j/log4j-api/2.17.1/log4j-api-2.17.1.jar:/home/runner/.m2/repository/org/apache/commons/commons-pool2/2.6.0/commons-pool2-2.6.0.jar:/home/runner/.m2/repository/org/bouncycastle/bcpkix-jdk15on/1.67/bcpkix-jdk15on-1.67.jar:/home/runner/.m2/repository/commons-validator/commons-validator/1.6/commons-validator-1.6.jar:/home/runner/.m2/repository/commons-beanutils/commons-beanutils/1.9.4/commons-beanutils-1.9.4.jar:/home/runner/.m2/repository/commons-digester/commons-digester/1.8.1/commons-digester-1.8.1.jar:/home/runner/.m2/repository/commons-collections/commons-collections/3.2.2/commons-collections-3.2.2.jar:/home/runner/.m2/repository/io/jaegertracing/jaeger-client/1.6.0/jaeger-client-1.6.0.jar:/home/runner/.m2/repository/io/jaegertracing/jaeger-thrift/1.6.0/jaeger-thrift-1.6.0.jar:/home/runner/.m2/repository/org/apache/thrift/libthrift/0.14.1/libthrift-0.14.1.jar:/home/runner/.m2/repository/com/squareup/okhttp3/okhttp/4.9.0/okhttp-4.9.0.jar:/home/runner/.m2/repository/com/squareup/okio/okio/2.8.0/okio-2.8.0.jar:/home/runner/.m2/repository/io/jaegertracing/jaeger-core/1.6.0/jaeger-core-1.6.0.jar:/home/runner/.m2/repository/io/jaegertracing/jaeger-tracerresolver/1.6.0/jaeger-tracerresolver-1.6.0.jar:/home/runner/.m2/repository/io/opentracing/contrib/opentracing-tracerresolver/0.1.8/opentracing-tracerresolver-0.1.8.jar:/home/runner/.m2/repository/org/jetbrains/kotlin/kotlin-stdlib/1.6.21/kotlin-stdlib-1.6.21.jar:/home/runner/.m2/repository/org/jetbrains/kotlin/kotlin-stdlib-common/1.6.21/kotlin-stdlib-common-1.6.21.jar:/home/runner/.m2/repository/org/jetbrains/annotations/13.0/annotations-13.0.jar:/home/runner/.m2/repository/io/opentracing/opentracing-util/0.33.0/opentracing-util-0.33.0.jar:/home/runner/.m2/repository/io/opentracing/opentracing-api/0.33.0/opentracing-api-0.33.0.jar:/home/runner/.m2/repository/io/opentracing/opentracing-noop/0.33.0/opentracing-noop-0.33.0.jar:/home/runner/.m2/repository/org/yaml/snakeyaml/1.26/snakeyaml-1.26.jar:/home/runner/.m2/repository/org/apache/ozone/hdds-interface-admin/1.3.0-SNAPSHOT/hdds-interface-admin-1.3.0-SNAPSHOT.jar:/home/runner/.m2/repository/junit/junit/4.13.1/junit-4.13.1.jar:/home/runner/.m2/repository/org/hamcrest/hamcrest-core/1.3/hamcrest-core-1.3.jar:/home/runner/.m2/repository/org/junit/jupiter/junit-jupiter-api/5.8.2/junit-jupiter-api-5.8.2.jar:/home/runner/.m2/repository/org/opentest4j/opentest4j/1.2.0/opentest4j-1.2.0.jar:/home/runner/.m2/repository/org/junit/platform/junit-platform-commons/1.8.2/junit-platform-commons-1.8.2.jar:/home/runner/.m2/repository/org/apiguardian/apiguardian-api/1.1.2/apiguardian-api-1.1.2.jar:/home/runner/.m2/repository/org/junit/jupiter/junit-jupiter-params/5.8.2/junit-jupiter-params-5.8.2.jar:/home/runner/.m2/repository/org/junit/jupiter/junit-jupiter-migrationsupport/5.8.2/junit-jupiter-migrationsupport-5.8.2.jar:/home/runner/.m2/repository/org/junit/jupiter/junit-jupiter-engine/5.8.2/junit-jupiter-engine-5.8.2.jar:/home/runner/.m2/repository/org/junit/platform/junit-platform-engine/1.8.2/junit-platform-engine-1.8.2.jar:/home/runner/.m2/repository/org/junit/vintage/junit-vintage-engine/5.8.2/junit-vintage-engine-5.8.2.jar:/home/runner/.m2/repository/org/junit/platform/junit-platform-launcher/1.8.2/junit-platform-launcher-1.8.2.jar:/home/runner/.m2/repository/org/mockito/mockito-core/2.28.2/mockito-core-2.28.2.jar:/home/runner/.m2/repository/net/bytebuddy/byte-buddy/1.9.10/byte-buddy-1.9.10.jar:/home/runner/.m2/repository/net/bytebuddy/byte-buddy-agent/1.9.10/byte-buddy-agent-1.9.10.jar:/home/runner/.m2/repository/org/objenesis/objenesis/1.0/objenesis-1.0.jar:/home/runner/.m2/repository/org/apache/hadoop/hadoop-kms/3.3.1/hadoop-kms-3.3.1.jar:/home/runner/.m2/repository/org/apache/hadoop/hadoop-auth/3.3.1/hadoop-auth-3.3.1.jar:/home/runner/.m2/repository/com/nimbusds/nimbus-jose-jwt/7.9/nimbus-jose-jwt-7.9.jar:/home/runner/.m2/repository/com/github/stephenc/jcip/jcip-annotations/1.0-1/jcip-annotations-1.0-1.jar:/home/runner/.m2/repository/net/minidev/json-smart/2.4.7/json-smart-2.4.7.jar:/home/runner/.m2/repository/net/minidev/accessors-smart/2.4.7/accessors-smart-2.4.7.jar:/home/runner/.m2/repository/org/ow2/asm/asm/5.0.4/asm-5.0.4.jar:/home/runner/.m2/repository/org/apache/zookeeper/zookeeper/3.5.6/zookeeper-3.5.6.jar:/home/runner/.m2/repository/org/apache/zookeeper/zookeeper-jute/3.5.6/zookeeper-jute-3.5.6.jar:/home/runner/.m2/repository/org/apache/yetus/audience-annotations/0.5.0/audience-annotations-0.5.0.jar:/home/runner/.m2/repository/org/apache/curator/curator-framework/4.2.0/curator-framework-4.2.0.jar:/home/runner/.m2/repository/org/apache/hadoop/thirdparty/hadoop-shaded-guava/1.1.1/hadoop-shaded-guava-1.1.1.jar:/home/runner/.m2/repository/com/sun/jersey/jersey-core/1.19/jersey-core-1.19.jar:/home/runner/.m2/repository/javax/ws/rs/jsr311-api/1.1.1/jsr311-api-1.1.1.jar:/home/runner/.m2/repository/com/sun/jersey/jersey-server/1.19/jersey-server-1.19.jar:/home/runner/.m2/repository/javax/servlet/javax.servlet-api/3.1.0/javax.servlet-api-3.1.0.jar:/home/runner/.m2/repository/org/eclipse/jetty/jetty-server/9.4.43.v20210629/jetty-server-9.4.43.v20210629.jar:/home/runner/.m2/repository/org/eclipse/jetty/jetty-http/9.4.43.v20210629/jetty-http-9.4.43.v20210629.jar:/home/runner/.m2/repository/org/eclipse/jetty/jetty-io/9.4.43.v20210629/jetty-io-9.4.43.v20210629.jar:/home/runner/.m2/repository/org/eclipse/jetty/jetty-webapp/9.4.43.v20210629/jetty-webapp-9.4.43.v20210629.jar:/home/runner/.m2/repository/org/eclipse/jetty/jetty-xml/9.4.43.v20210629/jetty-xml-9.4.43.v20210629.jar:/home/runner/.m2/repository/org/apache/hadoop/hadoop-common/3.3.1/hadoop-common-3.3.1.jar:/home/runner/.m2/repository/org/apache/commons/commons-math3/3.1.1/commons-math3-3.1.1.jar:/home/runner/.m2/repository/commons-net/commons-net/3.6/commons-net-3.6.jar:/home/runner/.m2/repository/com/sun/jersey/jersey-servlet/1.19/jersey-servlet-1.19.jar:/home/runner/.m2/repository/com/sun/jersey/jersey-json/1.19/jersey-json-1.19.jar:/home/runner/.m2/repository/org/codehaus/jettison/jettison/1.1/jettison-1.1.jar:/home/runner/.m2/repository/com/sun/xml/bind/jaxb-impl/2.2.3-1/jaxb-impl-2.2.3-1.jar:/home/runner/.m2/repository/org/codehaus/jackson/jackson-xc/1.9.2/jackson-xc-1.9.2.jar:/home/runner/.m2/repository/org/apache/commons/commons-configuration2/2.1.1/commons-configuration2-2.1.1.jar:/home/runner/.m2/repository/org/apache/commons/commons-text/1.4/commons-text-1.4.jar:/home/runner/.m2/repository/com/google/re2j/re2j/1.1/re2j-1.1.jar:/home/runner/.m2/repository/com/jcraft/jsch/0.1.54/jsch-0.1.54.jar:/home/runner/.m2/repository/org/apache/curator/curator-client/4.2.0/curator-client-4.2.0.jar:/home/runner/.m2/repository/org/apache/curator/curator-recipes/4.2.0/curator-recipes-4.2.0.jar:/home/runner/.m2/repository/org/apache/kerby/kerb-core/1.0.1/kerb-core-1.0.1.jar:/home/runner/.m2/repository/org/apache/kerby/kerby-pkix/1.0.1/kerby-pkix-1.0.1.jar:/home/runner/.m2/repository/org/apache/kerby/kerby-asn1/1.0.1/kerby-asn1-1.0.1.jar:/home/runner/.m2/repository/org/apache/kerby/kerby-util/1.0.1/kerby-util-1.0.1.jar:/home/runner/.m2/repository/dnsjava/dnsjava/2.1.7/dnsjava-2.1.7.jar:/home/runner/.m2/repository/org/xerial/snappy/snappy-java/1.1.8.2/snappy-java-1.1.8.2.jar:/home/runner/.m2/repository/org/slf4j/jul-to-slf4j/1.7.30/jul-to-slf4j-1.7.30.jar:/home/runner/.m2/repository/org/eclipse/jetty/jetty-util/9.4.43.v20210629/jetty-util-9.4.43.v20210629.jar:/home/runner/.m2/repository/com/fasterxml/jackson/core/jackson-databind/2.13.2.2/jackson-databind-2.13.2.2.jar:/home/runner/.m2/repository/org/apache/hadoop/hadoop-kms/3.3.1/hadoop-kms-3.3.1-tests.jar:/home/runner/.m2/repository/org/apache/ozone/hdds-server-scm/1.3.0-SNAPSHOT/hdds-server-scm-1.3.0-SNAPSHOT-tests.jar:/home/runner/.m2/repository/org/apache/ozone/hdds-container-service/1.3.0-SNAPSHOT/hdds-container-service-1.3.0-SNAPSHOT-tests.jar:/home/runner/.m2/repository/commons-codec/commons-codec/1.11/commons-codec-1.11.jar:/home/runner/.m2/repository/io/netty/netty-codec/4.1.79.Final/netty-codec-4.1.79.Final.jar:/home/runner/.m2/repository/io/netty/netty-handler/4.1.79.Final/netty-handler-4.1.79.Final.jar:/home/runner/.m2/repository/org/apache/ozone/hdds-hadoop-dependency-test/1.3.0-SNAPSHOT/hdds-hadoop-dependency-test-1.3.0-SNAPSHOT.jar:/home/runner/.m2/repository/org/apache/hadoop/hadoop-common/3.3.1/hadoop-common-3.3.1-tests.jar:/home/runner/.m2/repository/org/assertj/assertj-core/3.12.2/assertj-core-3.12.2.jar:/home/runner/.m2/repository/org/apache/hadoop/hadoop-hdfs/3.3.1/hadoop-hdfs-3.3.1-tests.jar:/home/runner/.m2/repository/org/eclipse/jetty/jetty-util-ajax/9.4.43.v20210629/jetty-util-ajax-9.4.43.v20210629.jar:/home/runner/.m2/repository/commons-daemon/commons-daemon/1.0.13/commons-daemon-1.0.13.jar:/home/runner/.m2/repository/io/netty/netty/3.10.6.Final/netty-3.10.6.Final.jar:/home/runner/.m2/repository/io/netty/netty-all/4.1.79.Final/netty-all-4.1.79.Final.jar:/home/runner/.m2/repository/io/netty/netty-codec-dns/4.1.79.Final/netty-codec-dns-4.1.79.Final.jar:/home/runner/.m2/repository/io/netty/netty-codec-haproxy/4.1.79.Final/netty-codec-haproxy-4.1.79.Final.jar:/home/runner/.m2/repository/io/netty/netty-codec-memcache/4.1.79.Final/netty-codec-memcache-4.1.79.Final.jar:/home/runner/.m2/repository/io/netty/netty-codec-mqtt/4.1.79.Final/netty-codec-mqtt-4.1.79.Final.jar:/home/runner/.m2/repository/io/netty/netty-codec-redis/4.1.79.Final/netty-codec-redis-4.1.79.Final.jar:/home/runner/.m2/repository/io/netty/netty-codec-smtp/4.1.79.Final/netty-codec-smtp-4.1.79.Final.jar:/home/runner/.m2/repository/io/netty/netty-codec-stomp/4.1.79.Final/netty-codec-stomp-4.1.79.Final.jar:/home/runner/.m2/repository/io/netty/netty-codec-xml/4.1.79.Final/netty-codec-xml-4.1.79.Final.jar:/home/runner/.m2/repository/io/netty/netty-resolver-dns/4.1.79.Final/netty-resolver-dns-4.1.79.Final.jar:/home/runner/.m2/repository/io/netty/netty-transport-rxtx/4.1.79.Final/netty-transport-rxtx-4.1.79.Final.jar:/home/runner/.m2/repository/io/netty/netty-transport-sctp/4.1.79.Final/netty-transport-sctp-4.1.79.Final.jar:/home/runner/.m2/repository/io/netty/netty-transport-udt/4.1.79.Final/netty-transport-udt-4.1.79.Final.jar:/home/runner/.m2/repository/io/netty/netty-transport-classes-kqueue/4.1.79.Final/netty-transport-classes-kqueue-4.1.79.Final.jar:/home/runner/.m2/repository/io/netty/netty-resolver-dns-classes-macos/4.1.79.Final/netty-resolver-dns-classes-macos-4.1.79.Final.jar:/home/runner/.m2/repository/io/netty/netty-transport-native-epoll/4.1.79.Final/netty-transport-native-epoll-4.1.79.Final-linux-aarch_64.jar:/home/runner/.m2/repository/io/netty/netty-transport-native-kqueue/4.1.79.Final/netty-transport-native-kqueue-4.1.79.Final-osx-x86_64.jar:/home/runner/.m2/repository/io/netty/netty-transport-native-kqueue/4.1.79.Final/netty-transport-native-kqueue-4.1.79.Final-osx-aarch_64.jar:/home/runner/.m2/repository/io/netty/netty-resolver-dns-native-macos/4.1.79.Final/netty-resolver-dns-native-macos-4.1.79.Final-osx-x86_64.jar:/home/runner/.m2/repository/io/netty/netty-resolver-dns-native-macos/4.1.79.Final/netty-resolver-dns-native-macos-4.1.79.Final-osx-aarch_64.jar:/home/runner/.m2/repository/org/apache/htrace/htrace-core4/4.1.0-incubating/htrace-core4-4.1.0-incubating.jar:/home/runner/.m2/repository/org/fusesource/leveldbjni/leveldbjni-all/1.8/leveldbjni-all-1.8.jar:/home/runner/.m2/repository/org/apache/hadoop/hadoop-distcp/3.3.1/hadoop-distcp-3.3.1.jar:/home/runner/.m2/repository/org/apache/hadoop/hadoop-mapreduce-client-jobclient/3.3.1/hadoop-mapreduce-client-jobclient-3.3.1.jar:/home/runner/.m2/repository/org/apache/hadoop/hadoop-mapreduce-client-common/3.3.1/hadoop-mapreduce-client-common-3.3.1.jar:/home/runner/.m2/repository/org/apache/hadoop/hadoop-yarn-common/3.3.1/hadoop-yarn-common-3.3.1.jar:/home/runner/.m2/repository/org/apache/hadoop/hadoop-yarn-api/3.3.1/hadoop-yarn-api-3.3.1.jar:/home/runner/.m2/repository/com/sun/jersey/contribs/jersey-guice/1.19/jersey-guice-1.19.jar:/home/runner/.m2/repository/com/fasterxml/jackson/jaxrs/jackson-jaxrs-json-provider/2.13.2/jackson-jaxrs-json-provider-2.13.2.jar:/home/runner/.m2/repository/com/fasterxml/jackson/jaxrs/jackson-jaxrs-base/2.13.2/jackson-jaxrs-base-2.13.2.jar:/home/runner/.m2/repository/org/apache/hadoop/hadoop-yarn-client/3.3.1/hadoop-yarn-client-3.3.1.jar:/home/runner/.m2/repository/org/eclipse/jetty/websocket/websocket-client/9.4.40.v20210413/websocket-client-9.4.40.v20210413.jar:/home/runner/.m2/repository/org/eclipse/jetty/websocket/websocket-common/9.4.40.v20210413/websocket-common-9.4.40.v20210413.jar:/home/runner/.m2/repository/org/eclipse/jetty/websocket/websocket-api/9.4.40.v20210413/websocket-api-9.4.40.v20210413.jar:/home/runner/.m2/repository/org/jline/jline/3.9.0/jline-3.9.0.jar:/home/runner/.m2/repository/org/apache/hadoop/hadoop-mapreduce-client-core/3.3.1/hadoop-mapreduce-client-core-3.3.1.jar:/home/runner/.m2/repository/org/apache/avro/avro/1.7.7/avro-1.7.7.jar:/home/runner/.m2/repository/org/codehaus/jackson/jackson-core-asl/1.9.13/jackson-core-asl-1.9.13.jar:/home/runner/.m2/repository/org/codehaus/jackson/jackson-mapper-asl/1.9.13/jackson-mapper-asl-1.9.13.jar:/home/runner/.m2/repository/com/thoughtworks/paranamer/paranamer/2.3/paranamer-2.3.jar:/home/runner/.m2/repository/org/apache/hadoop/hadoop-annotations/3.3.1/hadoop-annotations-3.3.1.jar:/opt/hostedtoolcache/jdk/8.0.345/x64/jre/../lib/tools.jar:/home/runner/.m2/repository/org/apache/hadoop/hadoop-distcp/3.3.1/hadoop-distcp-3.3.1-tests.jar:/home/runner/.m2/repository/org/apache/ratis/ratis-common/2.3.0/ratis-common-2.3.0.jar:/home/runner/.m2/repository/org/apache/ratis/ratis-thirdparty-misc/1.0.0/ratis-thirdparty-misc-1.0.0.jar:/home/runner/.m2/repository/org/apache/ratis/ratis-proto/2.3.0/ratis-proto-2.3.0.jar:"/>
    <property name="sun.cpu.endian" value="little"/>
    <property name="user.home" value="/home/runner"/>
    <property name="user.language" value="en"/>
    <property name="java.specification.vendor" value="Oracle Corporation"/>
    <property name="java.home" value="/opt/hostedtoolcache/jdk/8.0.345/x64/jre"/>
    <property name="java.security.krb5.conf" value="/home/runner/work/ozone/ozone/hadoop-ozone/integration-test/target/test-classes/krb5.conf"/>
    <property name="basedir" value="/home/runner/work/ozone/ozone/hadoop-ozone/integration-test"/>
    <property name="file.separator" value="/"/>
    <property name="line.separator" value="&#10;"/>
    <property name="jdk.vendor.version" value="Zulu 8.64.0.19-CA-linux64"/>
    <property name="java.vm.specification.vendor" value="Oracle Corporation"/>
    <property name="java.specification.name" value="Java Platform API Specification"/>
    <property name="java.awt.graphicsenv" value="sun.awt.X11GraphicsEnvironment"/>
    <property name="skip.installnpx" value="true"/>
    <property name="surefire.fork.timeout" value="3600"/>
    <property name="surefire.real.class.path" value="/home/runner/work/ozone/ozone/hadoop-ozone/integration-test/target/surefire/surefirebooter777755026393623790.jar:/home/runner/.m2/repository/org/jacoco/org.jacoco.agent/0.8.5/org.jacoco.agent-0.8.5-runtime.jar"/>
    <property name="hadoop.log.dir" value="/home/runner/work/ozone/ozone/hadoop-ozone/integration-test/target/log"/>
    <property name="sun.boot.class.path" value="/opt/hostedtoolcache/jdk/8.0.345/x64/jre/lib/resources.jar:/opt/hostedtoolcache/jdk/8.0.345/x64/jre/lib/rt.jar:/opt/hostedtoolcache/jdk/8.0.345/x64/jre/lib/sunrsasign.jar:/opt/hostedtoolcache/jdk/8.0.345/x64/jre/lib/jsse.jar:/opt/hostedtoolcache/jdk/8.0.345/x64/jre/lib/jce.jar:/opt/hostedtoolcache/jdk/8.0.345/x64/jre/lib/charsets.jar:/opt/hostedtoolcache/jdk/8.0.345/x64/jre/lib/jfr.jar:/opt/hostedtoolcache/jdk/8.0.345/x64/jre/lib/cat.jar:/opt/hostedtoolcache/jdk/8.0.345/x64/jre/classes"/>
    <property name="sun.management.compiler" value="HotSpot 64-Bit Tiered Compilers"/>
    <property name="skip.npx" value="true"/>
    <property name="java.runtime.version" value="1.8.0_345-b01"/>
    <property name="java.net.preferIPv4Stack" value="true"/>
    <property name="user.name" value="runner"/>
    <property name="path.separator" value=":"/>
    <property name="java.security.egd" value="file:///dev/urandom"/>
    <property name="os.version" value="5.15.0-1019-azure"/>
    <property name="java.endorsed.dirs" value="/opt/hostedtoolcache/jdk/8.0.345/x64/jre/lib/endorsed"/>
    <property name="java.runtime.name" value="OpenJDK Runtime Environment"/>
    <property name="file.encoding" value="UTF-8"/>
    <property name="java.vm.name" value="OpenJDK 64-Bit Server VM"/>
    <property name="test.build.webapps" value=""/>
    <property name="localRepository" value="/home/runner/.m2/repository"/>
    <property name="jetty.git.hash" value="526006ecfa3af7f1a27ef3a288e2bef7ea9dd7e8"/>
    <property name="java.vendor.url.bug" value="http://www.azul.com/support/"/>
    <property name="java.io.tmpdir" value="/tmp"/>
    <property name="require.test.libhadoop" value=""/>
    <property name="surefire.rerunFailingTestsCount" value="5"/>
    <property name="java.version" value="1.8.0_345"/>
    <property name="user.dir" value="/home/runner/work/ozone/ozone/hadoop-ozone/integration-test"/>
    <property name="os.arch" value="amd64"/>
    <property name="java.vm.specification.name" value="Java Virtual Machine Specification"/>
    <property name="test.build.classes" value="/home/runner/work/ozone/ozone/hadoop-ozone/integration-test/target/test-classes"/>
    <property name="java.awt.printerjob" value="sun.print.PSPrinterJob"/>
    <property name="sun.os.patch.level" value="unknown"/>
    <property name="hadoop.tmp.dir" value="/home/runner/work/ozone/ozone/hadoop-ozone/integration-test/target/tmp"/>
    <property name="java.library.path" value="/usr/java/packages/lib/amd64:/usr/lib64:/lib64:/lib:/usr/lib"/>
    <property name="java.vm.info" value="mixed mode"/>
    <property name="java.vendor" value="Azul Systems, Inc."/>
    <property name="java.vm.version" value="25.345-b01"/>
    <property name="java.ext.dirs" value="/opt/hostedtoolcache/jdk/8.0.345/x64/jre/lib/ext:/usr/java/packages/lib/ext"/>
    <property name="sun.io.unicode.encoding" value="UnicodeLittle"/>
    <property name="java.class.version" value="52.0"/>
  </properties>
  <testcase name="testLeaderIdAfterLeaderChange" classname="org.apache.hadoop.hdds.scm.TestRatisPipelineLeader" time="0.023">
    <failure type="java.lang.AssertionError"><![CDATA[java.lang.AssertionError
	at org.junit.Assert.fail(Assert.java:87)
	at org.junit.Assert.assertTrue(Assert.java:42)
	at org.junit.Assert.assertTrue(Assert.java:53)
	at org.apache.hadoop.hdds.scm.TestRatisPipelineLeader.testLeaderIdAfterLeaderChange(TestRatisPipelineLeader.java:119)
	at sun.reflect.NativeMethodAccessorImpl.invoke0(Native Method)
	at sun.reflect.NativeMethodAccessorImpl.invoke(NativeMethodAccessorImpl.java:62)
	at sun.reflect.DelegatingMethodAccessorImpl.invoke(DelegatingMethodAccessorImpl.java:43)
	at java.lang.reflect.Method.invoke(Method.java:498)
	at org.junit.platform.commons.util.ReflectionUtils.invokeMethod(ReflectionUtils.java:725)
	at org.junit.jupiter.engine.execution.MethodInvocation.proceed(MethodInvocation.java:60)
	at org.junit.jupiter.engine.execution.InvocationInterceptorChain$ValidatingInvocation.proceed(InvocationInterceptorChain.java:131)
	at org.junit.jupiter.engine.extension.TimeoutInvocation.proceed(TimeoutInvocation.java:46)
	at org.junit.jupiter.engine.extension.TimeoutExtension.intercept(TimeoutExtension.java:149)
	at org.junit.jupiter.engine.extension.TimeoutExtension.interceptTestableMethod(TimeoutExtension.java:140)
	at org.junit.jupiter.engine.extension.TimeoutExtension.interceptTestMethod(TimeoutExtension.java:84)
	at org.junit.jupiter.engine.execution.ExecutableInvoker$ReflectiveInterceptorCall.lambda$ofVoidMethod$0(ExecutableInvoker.java:115)
	at org.junit.jupiter.engine.execution.ExecutableInvoker.lambda$invoke$0(ExecutableInvoker.java:105)
	at org.junit.jupiter.engine.execution.InvocationInterceptorChain$InterceptedInvocation.proceed(InvocationInterceptorChain.java:106)
	at org.junit.jupiter.engine.execution.InvocationInterceptorChain.proceed(InvocationInterceptorChain.java:64)
	at org.junit.jupiter.engine.execution.InvocationInterceptorChain.chainAndInvoke(InvocationInterceptorChain.java:45)
	at org.junit.jupiter.engine.execution.InvocationInterceptorChain.invoke(InvocationInterceptorChain.java:37)
	at org.junit.jupiter.engine.execution.ExecutableInvoker.invoke(ExecutableInvoker.java:104)
	at org.junit.jupiter.engine.execution.ExecutableInvoker.invoke(ExecutableInvoker.java:98)
	at org.junit.jupiter.engine.descriptor.TestMethodTestDescriptor.lambda$invokeTestMethod$7(TestMethodTestDescriptor.java:214)
	at org.junit.platform.engine.support.hierarchical.ThrowableCollector.execute(ThrowableCollector.java:73)
	at org.junit.jupiter.engine.descriptor.TestMethodTestDescriptor.invokeTestMethod(TestMethodTestDescriptor.java:210)
	at org.junit.jupiter.engine.descriptor.TestMethodTestDescriptor.execute(TestMethodTestDescriptor.java:135)
	at org.junit.jupiter.engine.descriptor.TestMethodTestDescriptor.execute(TestMethodTestDescriptor.java:66)
	at org.junit.platform.engine.support.hierarchical.NodeTestTask.lambda$executeRecursively$6(NodeTestTask.java:151)
	at org.junit.platform.engine.support.hierarchical.ThrowableCollector.execute(ThrowableCollector.java:73)
	at org.junit.platform.engine.support.hierarchical.NodeTestTask.lambda$executeRecursively$8(NodeTestTask.java:141)
	at org.junit.platform.engine.support.hierarchical.Node.around(Node.java:137)
	at org.junit.platform.engine.support.hierarchical.NodeTestTask.lambda$executeRecursively$9(NodeTestTask.java:139)
	at org.junit.platform.engine.support.hierarchical.ThrowableCollector.execute(ThrowableCollector.java:73)
	at org.junit.platform.engine.support.hierarchical.NodeTestTask.executeRecursively(NodeTestTask.java:138)
	at org.junit.platform.engine.support.hierarchical.NodeTestTask.execute(NodeTestTask.java:95)
	at java.util.ArrayList.forEach(ArrayList.java:1259)
	at org.junit.platform.engine.support.hierarchical.SameThreadHierarchicalTestExecutorService.invokeAll(SameThreadHierarchicalTestExecutorService.java:41)
	at org.junit.platform.engine.support.hierarchical.NodeTestTask.lambda$executeRecursively$6(NodeTestTask.java:155)
	at org.junit.platform.engine.support.hierarchical.ThrowableCollector.execute(ThrowableCollector.java:73)
	at org.junit.platform.engine.support.hierarchical.NodeTestTask.lambda$executeRecursively$8(NodeTestTask.java:141)
	at org.junit.platform.engine.support.hierarchical.Node.around(Node.java:137)
	at org.junit.platform.engine.support.hierarchical.NodeTestTask.lambda$executeRecursively$9(NodeTestTask.java:139)
	at org.junit.platform.engine.support.hierarchical.ThrowableCollector.execute(ThrowableCollector.java:73)
	at org.junit.platform.engine.support.hierarchical.NodeTestTask.executeRecursively(NodeTestTask.java:138)
	at org.junit.platform.engine.support.hierarchical.NodeTestTask.execute(NodeTestTask.java:95)
	at java.util.ArrayList.forEach(ArrayList.java:1259)
	at org.junit.platform.engine.support.hierarchical.SameThreadHierarchicalTestExecutorService.invokeAll(SameThreadHierarchicalTestExecutorService.java:41)
	at org.junit.platform.engine.support.hierarchical.NodeTestTask.lambda$executeRecursively$6(NodeTestTask.java:155)
	at org.junit.platform.engine.support.hierarchical.ThrowableCollector.execute(ThrowableCollector.java:73)
	at org.junit.platform.engine.support.hierarchical.NodeTestTask.lambda$executeRecursively$8(NodeTestTask.java:141)
	at org.junit.platform.engine.support.hierarchical.Node.around(Node.java:137)
	at org.junit.platform.engine.support.hierarchical.NodeTestTask.lambda$executeRecursively$9(NodeTestTask.java:139)
	at org.junit.platform.engine.support.hierarchical.ThrowableCollector.execute(ThrowableCollector.java:73)
	at org.junit.platform.engine.support.hierarchical.NodeTestTask.executeRecursively(NodeTestTask.java:138)
	at org.junit.platform.engine.support.hierarchical.NodeTestTask.execute(NodeTestTask.java:95)
	at org.junit.platform.engine.support.hierarchical.SameThreadHierarchicalTestExecutorService.submit(SameThreadHierarchicalTestExecutorService.java:35)
	at org.junit.platform.engine.support.hierarchical.HierarchicalTestExecutor.execute(HierarchicalTestExecutor.java:57)
	at org.junit.platform.engine.support.hierarchical.HierarchicalTestEngine.execute(HierarchicalTestEngine.java:54)
	at org.junit.platform.launcher.core.EngineExecutionOrchestrator.execute(EngineExecutionOrchestrator.java:107)
	at org.junit.platform.launcher.core.EngineExecutionOrchestrator.execute(EngineExecutionOrchestrator.java:88)
	at org.junit.platform.launcher.core.EngineExecutionOrchestrator.lambda$execute$0(EngineExecutionOrchestrator.java:54)
	at org.junit.platform.launcher.core.EngineExecutionOrchestrator.withInterceptedStreams(EngineExecutionOrchestrator.java:67)
	at org.junit.platform.launcher.core.EngineExecutionOrchestrator.execute(EngineExecutionOrchestrator.java:52)
	at org.junit.platform.launcher.core.DefaultLauncher.execute(DefaultLauncher.java:114)
	at org.junit.platform.launcher.core.DefaultLauncher.execute(DefaultLauncher.java:86)
	at org.junit.platform.launcher.core.DefaultLauncherSession$DelegatingLauncher.execute(DefaultLauncherSession.java:86)
	at org.junit.platform.launcher.core.SessionPerRequestLauncher.execute(SessionPerRequestLauncher.java:53)
	at org.apache.maven.surefire.junitplatform.JUnitPlatformProvider.execute(JUnitPlatformProvider.java:188)
	at org.apache.maven.surefire.junitplatform.JUnitPlatformProvider.invokeAllTests(JUnitPlatformProvider.java:154)
	at org.apache.maven.surefire.junitplatform.JUnitPlatformProvider.invoke(JUnitPlatformProvider.java:124)
	at org.apache.maven.surefire.booter.ForkedBooter.runSuitesInProcess(ForkedBooter.java:428)
	at org.apache.maven.surefire.booter.ForkedBooter.execute(ForkedBooter.java:162)
	at org.apache.maven.surefire.booter.ForkedBooter.run(ForkedBooter.java:562)
	at org.apache.maven.surefire.booter.ForkedBooter.main(ForkedBooter.java:548)
]]></failure>
    <system-out><![CDATA[2022-09-08 01:51:09,854 [main] WARN  server.ServerUtils (ServerUtils.java:getScmDbDir(148)) - ozone.scm.db.dirs is not configured. We recommend adding this setting. Falling back to ozone.metadata.dirs instead.
2022-09-08 01:51:09,961 [main] WARN  server.ServerUtils (ServerUtils.java:getScmDbDir(148)) - ozone.scm.db.dirs is not configured. We recommend adding this setting. Falling back to ozone.metadata.dirs instead.
2022-09-08 01:51:09,965 [main] INFO  ha.SCMHANodeDetails (SCMHANodeDetails.java:loadSCMHAConfig(209)) - ServiceID for StorageContainerManager is null
2022-09-08 01:51:09,976 [main] WARN  ha.SCMHANodeDetails (SCMHANodeDetails.java:validateSCMHAConfig(182)) - Invalid config ozone.scm.ratis.enable. The config was not specified, but the default value true conflicts with the expected config value false. Falling back to the expected value. Current State of SCM: SCM is running in Non-HA without Ratis Ratis SCM -> Non Ratis SCM or Non HA SCM -> HA SCM is not supported
2022-09-08 01:51:09,976 [main] INFO  ha.SCMHANodeDetails (SCMHANodeDetails.java:loadSCMHAConfig(214)) - ozone.scm.default.service.id is not defined, falling back to ozone.scm.service.ids to find serviceID for StorageContainerManager if it is HA enabled cluster
2022-09-08 01:51:10,544 [main] WARN  utils.HAUtils (HAUtils.java:getMetaDir(342)) - ozone.scm.db.dirs is not configured. We recommend adding this setting. Falling back to ozone.metadata.dirs instead.
2022-09-08 01:51:10,726 [main] WARN  db.DBStoreBuilder (DBStoreBuilder.java:applyDBDefinition(144)) - ozone.scm.db.dirs is not configured. We recommend adding this setting. Falling back to ozone.metadata.dirs instead.
2022-09-08 01:51:10,916 [main] INFO  net.NodeSchemaLoader (NodeSchemaLoader.java:loadSchemaFromFile(129)) - Loading schema from [jar:file:/home/runner/.m2/repository/org/apache/ozone/hdds-common/1.3.0-SNAPSHOT/hdds-common-1.3.0-SNAPSHOT.jar!/network-topology-default.xml]
2022-09-08 01:51:10,918 [main] INFO  net.NodeSchemaLoader (NodeSchemaLoader.java:loadSchema(176)) - Loading network topology layer schema file
2022-09-08 01:51:10,959 [main] INFO  metrics.MetricRegistries (MetricRegistriesLoader.java:load(64)) - Loaded MetricRegistries class org.apache.ratis.metrics.impl.MetricRegistriesImpl
2022-09-08 01:51:10,965 [main] INFO  upgrade.AbstractLayoutVersionManager (AbstractLayoutVersionManager.java:init(83)) - Initializing Layout version manager with metadata layout = DATANODE_SCHEMA_V3 (version = 4), software layout = DATANODE_SCHEMA_V3 (version = 4)
2022-09-08 01:51:11,164 [main] INFO  reflections.Reflections (Reflections.java:scan(232)) - Reflections took 111 ms to scan 7 urls, producing 133 keys and 322 values 
2022-09-08 01:51:11,261 [main] INFO  ha.SequenceIdGenerator (SequenceIdGenerator.java:upgradeToSequenceId(349)) - upgrade localId to 109611004723200000
2022-09-08 01:51:11,261 [main] INFO  ha.SequenceIdGenerator (SequenceIdGenerator.java:upgradeToSequenceId(359)) - upgrade delTxnId to 0
2022-09-08 01:51:11,265 [main] INFO  ha.SequenceIdGenerator (SequenceIdGenerator.java:upgradeToSequenceId(376)) - upgrade containerId to 0
2022-09-08 01:51:11,267 [main] INFO  ha.SequenceIdGenerator (SequenceIdGenerator.java:<init>(220)) - Init the HA SequenceIdGenerator.
2022-09-08 01:51:11,305 [main] WARN  server.ServerUtils (ServerUtils.java:sanitizeUserArgs(73)) - ozone.scm.stale.node.interval value = 300000 is larger than max = 100000 based on the key value of ozone.scm.heartbeat.thread.interval, reset to the max value 100000.
2022-09-08 01:51:11,306 [main] WARN  server.ServerUtils (ServerUtils.java:sanitizeUserArgs(73)) - ozone.scm.stale.node.interval value = 300000 is larger than max = 100000 based on the key value of ozone.scm.heartbeat.thread.interval, reset to the max value 100000.
2022-09-08 01:51:11,311 [main] INFO  node.SCMNodeManager (SCMNodeManager.java:<init>(149)) - Entering startup safe mode.
2022-09-08 01:51:11,367 [main] INFO  algorithms.ContainerPlacementPolicyFactory (ContainerPlacementPolicyFactory.java:getPolicyInternal(86)) - Create container placement policy of type org.apache.hadoop.hdds.scm.container.placement.algorithms.SCMContainerPlacementRandom
2022-09-08 01:51:11,370 [main] INFO  algorithms.ContainerPlacementPolicyFactory (ContainerPlacementPolicyFactory.java:getPolicyInternal(86)) - Create container placement policy of type org.apache.hadoop.hdds.scm.container.placement.algorithms.SCMContainerPlacementRackScatter
2022-09-08 01:51:11,391 [main] INFO  pipeline.PipelineStateManagerImpl (PipelineStateManagerImpl.java:initialize(78)) - No pipeline exists in current db
2022-09-08 01:51:11,433 [main] INFO  algorithms.LeaderChoosePolicyFactory (LeaderChoosePolicyFactory.java:getPolicy(57)) - Create leader choose policy of type org.apache.hadoop.hdds.scm.pipeline.leader.choose.algorithms.MinLeaderCountChoosePolicy
2022-09-08 01:51:11,433 [main] INFO  algorithms.ContainerPlacementPolicyFactory (ContainerPlacementPolicyFactory.java:getPolicyInternal(86)) - Create container placement policy of type org.apache.hadoop.hdds.scm.container.placement.algorithms.SCMContainerPlacementRackScatter
2022-09-08 01:51:11,440 [main] INFO  ha.SCMServiceManager (SCMServiceManager.java:register(42)) - Registering service BackgroundPipelineCreator.
2022-09-08 01:51:11,441 [main] INFO  pipeline.BackgroundPipelineCreator (BackgroundPipelineCreator.java:start(124)) - Starting RatisPipelineUtilsThread.
2022-09-08 01:51:11,445 [main] INFO  BackgroundPipelineScrubber (BackgroundSCMService.java:start(68)) - Starting BackgroundPipelineScrubber Service.
2022-09-08 01:51:11,445 [main] INFO  ha.SCMServiceManager (SCMServiceManager.java:register(42)) - Registering service BackgroundPipelineScrubber.
2022-09-08 01:51:11,451 [main] INFO  ExpiredContainerReplicaOpScrubber (BackgroundSCMService.java:start(68)) - Starting ExpiredContainerReplicaOpScrubber Service.
2022-09-08 01:51:11,453 [main] INFO  ha.SCMServiceManager (SCMServiceManager.java:register(42)) - Registering service ExpiredContainerReplicaOpScrubber.
2022-09-08 01:51:11,484 [main] INFO  algorithms.PipelineChoosePolicyFactory (PipelineChoosePolicyFactory.java:createPipelineChoosePolicyFromClass(73)) - Create pipeline choose policy of type org.apache.hadoop.hdds.scm.pipeline.choose.algorithms.RandomPipelineChoosePolicy
2022-09-08 01:51:11,503 [main] INFO  ha.SCMServiceManager (SCMServiceManager.java:register(42)) - Registering service SCMBlockDeletingService.
2022-09-08 01:51:11,557 [main] INFO  replication.ReplicationManager (ReplicationManager.java:start(208)) - Starting Replication Monitor Thread.
2022-09-08 01:51:11,565 [main] INFO  UnderReplicatedQueueThread (BackgroundSCMService.java:start(68)) - Starting UnderReplicatedQueueThread Service.
2022-09-08 01:51:11,565 [ReplicationMonitor] INFO  replication.ReplicationManager (ReplicationManager.java:processAll(257)) - Replication Manager is not ready to run until 3000ms after safemode exit
2022-09-08 01:51:11,566 [main] INFO  ha.SCMServiceManager (SCMServiceManager.java:register(42)) - Registering service UnderReplicatedQueueThread.
2022-09-08 01:51:11,567 [main] INFO  OverReplicatedQueueThread (BackgroundSCMService.java:start(68)) - Starting OverReplicatedQueueThread Service.
2022-09-08 01:51:11,567 [main] INFO  ha.SCMServiceManager (SCMServiceManager.java:register(42)) - Registering service OverReplicatedQueueThread.
2022-09-08 01:51:11,567 [main] INFO  ha.SCMServiceManager (SCMServiceManager.java:register(42)) - Registering service ReplicationManager.
2022-09-08 01:51:11,575 [main] INFO  safemode.ContainerSafeModeRule (ContainerSafeModeRule.java:<init>(89)) - containers with one replica threshold count 0
2022-09-08 01:51:11,580 [main] INFO  safemode.HealthyPipelineSafeModeRule (HealthyPipelineSafeModeRule.java:initializeRule(169)) - Total pipeline count is 0, healthy pipeline threshold count is 1
2022-09-08 01:51:11,586 [main] INFO  safemode.OneReplicaPipelineSafeModeRule (OneReplicaPipelineSafeModeRule.java:initializeRule(180)) - Total pipeline count is 0, pipeline's with at least one datanode reported threshold count is 0
2022-09-08 01:51:11,881 [main] INFO  audit.AuditLogger (AuditLogger.java:refreshDebugCmdSet(126)) - Refresh DebugCmdSet for SCMAudit to [].
2022-09-08 01:51:11,911 [main] INFO  ipc.CallQueueManager (CallQueueManager.java:<init>(90)) - Using callQueue: class java.util.concurrent.LinkedBlockingQueue, queueCapacity: 2000, scheduler: class org.apache.hadoop.ipc.DefaultRpcScheduler, ipcBackoff: false.
2022-09-08 01:51:11,950 [Socket Reader #1 for port 0] INFO  ipc.Server (Server.java:run(1265)) - Starting Socket Reader #1 for port 0
2022-09-08 01:51:12,013 [Listener at 0.0.0.0/44987] INFO  audit.AuditLogger (AuditLogger.java:refreshDebugCmdSet(126)) - Refresh DebugCmdSet for SCMAudit to [].
2022-09-08 01:51:12,019 [Listener at 0.0.0.0/44987] INFO  ipc.CallQueueManager (CallQueueManager.java:<init>(90)) - Using callQueue: class java.util.concurrent.LinkedBlockingQueue, queueCapacity: 2000, scheduler: class org.apache.hadoop.ipc.DefaultRpcScheduler, ipcBackoff: false.
2022-09-08 01:51:12,020 [Socket Reader #1 for port 0] INFO  ipc.Server (Server.java:run(1265)) - Starting Socket Reader #1 for port 0
2022-09-08 01:51:12,049 [Listener at 0.0.0.0/46653] INFO  audit.AuditLogger (AuditLogger.java:refreshDebugCmdSet(126)) - Refresh DebugCmdSet for SCMAudit to [].
2022-09-08 01:51:12,060 [Listener at 0.0.0.0/46653] INFO  ipc.CallQueueManager (CallQueueManager.java:<init>(90)) - Using callQueue: class java.util.concurrent.LinkedBlockingQueue, queueCapacity: 2000, scheduler: class org.apache.hadoop.ipc.DefaultRpcScheduler, ipcBackoff: false.
2022-09-08 01:51:12,062 [Socket Reader #1 for port 0] INFO  ipc.Server (Server.java:run(1265)) - Starting Socket Reader #1 for port 0
2022-09-08 01:51:12,115 [Listener at 0.0.0.0/34455] INFO  ha.SCMServiceManager (SCMServiceManager.java:register(42)) - Registering service ContainerBalancer.
2022-09-08 01:51:12,116 [Listener at 0.0.0.0/34455] INFO  server.StorageContainerManager (StorageContainerManager.java:<init>(412)) - 
Container Balancer status:
Key                            Value
Running                        false
Container Balancer Configuration values:
Key                                                Value
Threshold                                          10
Max Datanodes to Involve per Iteration(percent)    20
Max Size to Move per Iteration                     500GB
Max Size Entering Target per Iteration             26GB
Max Size Leaving Source per Iteration              26GB

2022-09-08 01:51:12,116 [Listener at 0.0.0.0/34455] WARN  events.EventQueue (EventQueue.java:fireEvent(216)) - No event handler registered for event TypedEvent{payloadType=SafeModeStatus, name='Safe mode status'}
2022-09-08 01:51:12,117 [Listener at 0.0.0.0/34455] INFO  ha.SCMContext (SCMContext.java:updateSafeModeStatus(228)) - Update SafeModeStatus from SafeModeStatus{safeModeStatus=true, preCheckPassed=false} to SafeModeStatus{safeModeStatus=true, preCheckPassed=false}.
2022-09-08 01:51:12,122 [Listener at 0.0.0.0/34455] INFO  server.StorageContainerManager (StorageContainerManager.java:start(1466)) - StorageContainerLocationProtocol RPC server is listening at /0.0.0.0:34455
2022-09-08 01:51:12,297 [Listener at 0.0.0.0/34455] WARN  impl.MetricsConfig (MetricsConfig.java:loadFirst(136)) - Cannot locate configuration: tried hadoop-metrics2-storagecontainermanager.properties,hadoop-metrics2.properties
2022-09-08 01:51:12,315 [Listener at 0.0.0.0/34455] INFO  impl.MetricsSystemImpl (MetricsSystemImpl.java:startTimer(378)) - Scheduled Metric snapshot period at 10 second(s).
2022-09-08 01:51:12,316 [Listener at 0.0.0.0/34455] INFO  impl.MetricsSystemImpl (MetricsSystemImpl.java:start(191)) - StorageContainerManager metrics system started
2022-09-08 01:51:12,561 [Listener at 0.0.0.0/34455] INFO  server.SCMClientProtocolServer (SCMClientProtocolServer.java:start(170)) - RPC server for Client  is listening at /0.0.0.0:34455
2022-09-08 01:51:12,565 [IPC Server Responder] INFO  ipc.Server (Server.java:run(1507)) - IPC Server Responder: starting
2022-09-08 01:51:12,566 [IPC Server listener on 0] INFO  ipc.Server (Server.java:run(1344)) - IPC Server listener on 0: starting
2022-09-08 01:51:12,569 [Listener at 0.0.0.0/34455] INFO  server.StorageContainerManager (StorageContainerManager.java:start(1481)) - ScmBlockLocationProtocol RPC server is listening at /0.0.0.0:46653
2022-09-08 01:51:12,569 [Listener at 0.0.0.0/34455] INFO  server.SCMBlockProtocolServer (SCMBlockProtocolServer.java:start(152)) - RPC server for Block Protocol is listening at /0.0.0.0:46653
2022-09-08 01:51:12,570 [IPC Server Responder] INFO  ipc.Server (Server.java:run(1507)) - IPC Server Responder: starting
2022-09-08 01:51:12,570 [IPC Server listener on 0] INFO  ipc.Server (Server.java:run(1344)) - IPC Server listener on 0: starting
2022-09-08 01:51:12,573 [Listener at 0.0.0.0/34455] INFO  server.SCMDatanodeProtocolServer (SCMDatanodeProtocolServer.java:start(186)) - ScmDatanodeProtocol RPC server for DataNodes is listening at /0.0.0.0:44987
2022-09-08 01:51:12,574 [IPC Server Responder] INFO  ipc.Server (Server.java:run(1507)) - IPC Server Responder: starting
2022-09-08 01:51:12,574 [IPC Server listener on 0] INFO  ipc.Server (Server.java:run(1344)) - IPC Server listener on 0: starting
2022-09-08 01:51:12,606 [org.apache.hadoop.util.JvmPauseMonitor$Monitor@27f31d91] INFO  util.JvmPauseMonitor (JvmPauseMonitor.java:run(188)) - Starting JVM pause monitor
2022-09-08 01:51:12,612 [Listener at 0.0.0.0/34455] INFO  http.BaseHttpServer (BaseHttpServer.java:newHttpServer2BuilderForOzone(213)) - Starting Web-server for scm at: http://0.0.0.0:0
2022-09-08 01:51:12,612 [Listener at 0.0.0.0/34455] INFO  http.BaseHttpServer (BaseHttpServer.java:<init>(108)) - Hadoop Security Enabled: false Ozone Security Enabled: false Ozone HTTP Security Enabled: false 
2022-09-08 01:51:12,641 [Listener at 0.0.0.0/34455] INFO  util.log (Log.java:initialized(170)) - Logging initialized @4204ms to org.eclipse.jetty.util.log.Slf4jLog
2022-09-08 01:51:12,752 [Listener at 0.0.0.0/34455] INFO  server.AuthenticationFilter (AuthenticationFilter.java:constructSecretProvider(240)) - Unable to initialize FileSignerSecretProvider, falling back to use random secrets.
2022-09-08 01:51:12,758 [Listener at 0.0.0.0/34455] WARN  http.HttpRequestLog (HttpRequestLog.java:getRequestLog(103)) - Jetty request log can only be enabled using Log4j
2022-09-08 01:51:12,767 [Listener at 0.0.0.0/34455] INFO  http.HttpServer2 (HttpServer2.java:addGlobalFilter(1029)) - Added global filter 'safety' (class=org.apache.hadoop.hdds.server.http.HttpServer2$QuotingInputFilter)
2022-09-08 01:51:12,770 [Listener at 0.0.0.0/34455] INFO  http.HttpServer2 (HttpServer2.java:addFilter(1005)) - Added filter static_user_filter (class=org.apache.hadoop.http.lib.StaticUserWebFilter$StaticUserFilter) to context scm
2022-09-08 01:51:12,770 [Listener at 0.0.0.0/34455] INFO  http.HttpServer2 (HttpServer2.java:addFilter(1013)) - Added filter static_user_filter (class=org.apache.hadoop.http.lib.StaticUserWebFilter$StaticUserFilter) to context logs
2022-09-08 01:51:12,770 [Listener at 0.0.0.0/34455] INFO  http.HttpServer2 (HttpServer2.java:addFilter(1013)) - Added filter static_user_filter (class=org.apache.hadoop.http.lib.StaticUserWebFilter$StaticUserFilter) to context static
2022-09-08 01:51:12,811 [Listener at 0.0.0.0/34455] INFO  http.HttpServer2 (HttpServer2.java:bindListener(1248)) - Jetty bound to port 45491
2022-09-08 01:51:12,814 [Listener at 0.0.0.0/34455] INFO  server.Server (Server.java:doStart(375)) - jetty-9.4.43.v20210629; built: 2021-06-30T11:07:22.254Z; git: 526006ecfa3af7f1a27ef3a288e2bef7ea9dd7e8; jvm 1.8.0_345-b01
2022-09-08 01:51:12,848 [Listener at 0.0.0.0/34455] INFO  server.session (DefaultSessionIdManager.java:doStart(334)) - DefaultSessionIdManager workerName=node0
2022-09-08 01:51:12,848 [Listener at 0.0.0.0/34455] INFO  server.session (DefaultSessionIdManager.java:doStart(339)) - No SessionScavenger set, using defaults
2022-09-08 01:51:12,850 [Listener at 0.0.0.0/34455] INFO  server.session (HouseKeeper.java:startScavenging(132)) - node0 Scavenging every 600000ms
2022-09-08 01:51:12,863 [Listener at 0.0.0.0/34455] INFO  handler.ContextHandler (ContextHandler.java:doStart(915)) - Started o.e.j.s.ServletContextHandler@7f39ad3f{logs,/logs,file:///home/runner/work/ozone/ozone/hadoop-ozone/integration-test/target/log,AVAILABLE}
2022-09-08 01:51:12,864 [Listener at 0.0.0.0/34455] INFO  handler.ContextHandler (ContextHandler.java:doStart(915)) - Started o.e.j.s.ServletContextHandler@35630ee8{static,/static,file:///home/runner/work/ozone/ozone/hadoop-ozone/integration-test/target/test-classes/webapps/static,AVAILABLE}
2022-09-08 01:51:12,920 [Listener at 0.0.0.0/34455] INFO  handler.ContextHandler (ContextHandler.java:doStart(915)) - Started o.e.j.w.WebAppContext@59263f7b{scm,/,file:///home/runner/work/ozone/ozone/hadoop-ozone/integration-test/target/test-classes/webapps/scm/,AVAILABLE}{file:/home/runner/work/ozone/ozone/hadoop-ozone/integration-test/target/test-classes/webapps/scm}
2022-09-08 01:51:12,930 [Listener at 0.0.0.0/34455] INFO  server.AbstractConnector (AbstractConnector.java:doStart(331)) - Started ServerConnector@17b387ef{HTTP/1.1, (http/1.1)}{0.0.0.0:45491}
2022-09-08 01:51:12,931 [Listener at 0.0.0.0/34455] INFO  server.Server (Server.java:doStart(415)) - Started @4494ms
2022-09-08 01:51:12,933 [Listener at 0.0.0.0/34455] INFO  impl.MetricsSinkAdapter (MetricsSinkAdapter.java:start(204)) - Sink prometheus started
2022-09-08 01:51:12,933 [Listener at 0.0.0.0/34455] INFO  impl.MetricsSystemImpl (MetricsSystemImpl.java:registerSink(305)) - Registered sink prometheus
2022-09-08 01:51:12,935 [Listener at 0.0.0.0/34455] INFO  http.BaseHttpServer (BaseHttpServer.java:updateConnectorAddress(333)) - HTTP server of scm listening at http://0.0.0.0:45491
2022-09-08 01:51:12,936 [Listener at 0.0.0.0/34455] WARN  server.ServerUtils (ServerUtils.java:getDBPath(225)) - ozone.om.db.dirs is not configured. We recommend adding this setting. Falling back to ozone.metadata.dirs instead.
2022-09-08 01:51:12,996 [Listener at 0.0.0.0/34455] INFO  audit.AuditLogger (AuditLogger.java:refreshDebugCmdSet(126)) - Refresh DebugCmdSet for OMAudit to [].
2022-09-08 01:51:13,074 [Listener at 0.0.0.0/34455] INFO  ha.OMHANodeDetails (OMHANodeDetails.java:loadOMHAConfig(115)) - ozone.om.internal.service.id is not defined, falling back to ozone.om.service.ids to find serviceID for OzoneManager if it is HA enabled cluster
2022-09-08 01:51:13,077 [Listener at 0.0.0.0/34455] INFO  ha.OMHANodeDetails (OMHANodeDetails.java:loadOMHAConfig(226)) - Configuration does not have ozone.om.address set. Falling back to the default OM address /127.0.0.1:0
2022-09-08 01:51:13,078 [Listener at 0.0.0.0/34455] INFO  ha.OMHANodeDetails (OMHANodeDetails.java:getOMNodeDetailsForNonHA(254)) - OM Service ID is not set. Setting it to the default ID: omServiceIdDefault
2022-09-08 01:51:13,078 [Listener at 0.0.0.0/34455] INFO  ha.OMHANodeDetails (OMHANodeDetails.java:getOMNodeDetailsForNonHA(261)) - OM Node ID is not set. Setting it to the default ID: om1
2022-09-08 01:51:13,082 [Listener at 0.0.0.0/34455] WARN  server.ServerUtils (ServerUtils.java:getDBPath(225)) - ozone.om.db.dirs is not configured. We recommend adding this setting. Falling back to ozone.metadata.dirs instead.
2022-09-08 01:51:13,085 [Listener at 0.0.0.0/34455] INFO  upgrade.AbstractLayoutVersionManager (AbstractLayoutVersionManager.java:init(83)) - Initializing Layout version manager with metadata layout = MULTITENANCY_SCHEMA (version = 3), software layout = MULTITENANCY_SCHEMA (version = 3)
2022-09-08 01:51:13,168 [Listener at 0.0.0.0/34455] INFO  reflections.Reflections (Reflections.java:scan(232)) - Reflections took 77 ms to scan 2 urls, producing 153 keys and 427 values [using 2 cores]
2022-09-08 01:51:13,177 [Listener at 0.0.0.0/34455] INFO  upgrade.OMLayoutVersionManager (OMLayoutVersionManager.java:lambda$0(115)) - Skipping Upgrade Action MockOmUpgradeAction since it has been finalized.
2022-09-08 01:51:13,178 [Listener at 0.0.0.0/34455] WARN  server.ServerUtils (ServerUtils.java:getDBPath(225)) - ozone.om.db.dirs is not configured. We recommend adding this setting. Falling back to ozone.metadata.dirs instead.
2022-09-08 01:51:13,346 [Listener at 0.0.0.0/34455] INFO  proxy.SCMBlockLocationFailoverProxyProvider (SCMBlockLocationFailoverProxyProvider.java:<init>(114)) - Created block location fail-over proxy with 1 nodes: [nodeId=scmNodeId,nodeAddress=/0.0.0.0:46653]
2022-09-08 01:51:13,373 [Listener at 0.0.0.0/34455] INFO  proxy.SCMBlockLocationFailoverProxyProvider (SCMBlockLocationFailoverProxyProvider.java:<init>(114)) - Created block location fail-over proxy with 1 nodes: [nodeId=scmNodeId,nodeAddress=/0.0.0.0:46653]
2022-09-08 01:51:13,604 [Listener at 0.0.0.0/34455] WARN  server.ServerUtils (ServerUtils.java:getDBPath(225)) - ozone.om.db.dirs is not configured. We recommend adding this setting. Falling back to ozone.metadata.dirs instead.
2022-09-08 01:51:13,610 [Listener at 0.0.0.0/34455] INFO  codec.OmKeyInfoCodec (OmKeyInfoCodec.java:<init>(49)) - OmKeyInfoCodec ignorePipeline = true
2022-09-08 01:51:13,612 [Listener at 0.0.0.0/34455] INFO  codec.RepeatedOmKeyInfoCodec (RepeatedOmKeyInfoCodec.java:<init>(41)) - RepeatedOmKeyInfoCodec ignorePipeline = true
2022-09-08 01:51:13,807 [Listener at 0.0.0.0/34455] INFO  om.OzoneManager (OzoneManager.java:instantiateServices(707)) - S3 Multi-Tenancy is disabled
2022-09-08 01:51:13,888 [Listener at 0.0.0.0/34455] INFO  om.OzoneManager (OzoneManager.java:addS3GVolumeToDB(4298)) - Created Volume s3v With Owner runner required for S3Gateway operations.
2022-09-08 01:51:13,951 [Listener at 0.0.0.0/34455] WARN  server.ServerUtils (ServerUtils.java:getDefaultRatisDirectory(237)) - Storage directory for Ratis is not configured. It is a good idea to map this to an SSD disk. Falling back to ozone.metadata.dirs
2022-09-08 01:51:13,954 [Listener at 0.0.0.0/34455] WARN  utils.OzoneManagerRatisUtils (OzoneManagerRatisUtils.java:getOMRatisSnapshotDirectory(434)) - ozone.om.ratis.snapshot.dir is not configured. Falling back to ozone.metadata.dirs config
2022-09-08 01:51:13,976 [Listener at 0.0.0.0/34455] WARN  server.ServerUtils (ServerUtils.java:getDefaultRatisDirectory(237)) - Storage directory for Ratis is not configured. It is a good idea to map this to an SSD disk. Falling back to ozone.metadata.dirs
2022-09-08 01:51:14,006 [Listener at 0.0.0.0/34455] INFO  ratis.OzoneManagerRatisServer (OzoneManagerRatisServer.java:<init>(159)) - Instantiating OM Ratis server with groupID: omServiceIdDefault and peers: localhost:9872
2022-09-08 01:51:14,018 [Listener at 0.0.0.0/34455] INFO  ratis.OzoneManagerStateMachine (OzoneManagerStateMachine.java:loadSnapshotInfoFromDB(632)) - LastAppliedIndex is set from TransactionInfo from OM DB as (t:0, i:~)
2022-09-08 01:51:14,085 [Listener at 0.0.0.0/34455] INFO  server.RaftServer (ConfUtils.java:logGet(46)) - raft.rpc.type = GRPC (default)
2022-09-08 01:51:14,172 [Listener at 0.0.0.0/34455] INFO  grpc.GrpcFactory (GrpcFactory.java:checkPooledByteBufAllocatorUseCacheForAllThreads(48)) - PERFORMANCE WARNING: useCacheForAllThreads is true that may cause Netty to create a lot garbage objects and, as a result, trigger GC.
	It is recommended to disable useCacheForAllThreads by setting -Dorg.apache.ratis.thirdparty.io.netty.allocator.useCacheForAllThreads=false in command line.
2022-09-08 01:51:14,176 [Listener at 0.0.0.0/34455] INFO  grpc.GrpcConfigKeys (ConfUtils.java:logGet(46)) - raft.grpc.admin.port = -1 (default)
2022-09-08 01:51:14,176 [Listener at 0.0.0.0/34455] INFO  grpc.GrpcConfigKeys (ConfUtils.java:logGet(46)) - raft.grpc.server.port = 9872 (custom)
2022-09-08 01:51:14,177 [Listener at 0.0.0.0/34455] INFO  grpc.GrpcConfigKeys (ConfUtils.java:logGet(46)) - raft.grpc.client.port = -1 (default)
2022-09-08 01:51:14,177 [Listener at 0.0.0.0/34455] INFO  grpc.GrpcConfigKeys (ConfUtils.java:logGet(46)) - raft.grpc.server.port = 9872 (custom)
2022-09-08 01:51:14,177 [Listener at 0.0.0.0/34455] INFO  grpc.GrpcConfigKeys (ConfUtils.java:logGet(46)) - raft.grpc.server.port = 9872 (custom)
2022-09-08 01:51:14,178 [Listener at 0.0.0.0/34455] INFO  server.GrpcService (ConfUtils.java:logGet(46)) - raft.grpc.message.size.max = 33554432 (custom)
2022-09-08 01:51:14,179 [Listener at 0.0.0.0/34455] INFO  server.RaftServerConfigKeys (ConfUtils.java:logGet(46)) - raft.server.log.appender.buffer.byte-limit = 33554432 (custom)
2022-09-08 01:51:14,179 [Listener at 0.0.0.0/34455] INFO  server.GrpcService (ConfUtils.java:logGet(46)) - raft.grpc.flow.control.window = 1MB (=1048576) (default)
2022-09-08 01:51:14,180 [Listener at 0.0.0.0/34455] INFO  server.RaftServerConfigKeys (ConfUtils.java:logGet(46)) - raft.server.rpc.request.timeout = 3000ms (default)
2022-09-08 01:51:14,198 [Listener at 0.0.0.0/34455] INFO  grpc.GrpcConfigKeys (ConfUtils.java:logGet(46)) - raft.grpc.server.async.request.thread.pool.cached = true (default)
2022-09-08 01:51:14,198 [Listener at 0.0.0.0/34455] INFO  grpc.GrpcConfigKeys (ConfUtils.java:logGet(46)) - raft.grpc.server.async.request.thread.pool.size = 32 (default)
2022-09-08 01:51:14,512 [Listener at 0.0.0.0/34455] INFO  impl.DataStreamServerImpl (ConfUtils.java:logGet(46)) - raft.datastream.type = DISABLED (default)
2022-09-08 01:51:14,518 [Listener at 0.0.0.0/34455] INFO  server.RaftServerConfigKeys (ConfUtils.java:logGet(46)) - raft.server.threadpool.proxy.cached = true (default)
2022-09-08 01:51:14,518 [Listener at 0.0.0.0/34455] INFO  server.RaftServerConfigKeys (ConfUtils.java:logGet(46)) - raft.server.threadpool.proxy.size = 0 (default)
2022-09-08 01:51:14,521 [Listener at 0.0.0.0/34455] INFO  server.RaftServerConfigKeys (ConfUtils.java:logGet(46)) - raft.server.rpc.slowness.timeout = 120s (custom)
2022-09-08 01:51:14,522 [Listener at 0.0.0.0/34455] INFO  server.RaftServerConfigKeys (ConfUtils.java:logGet(46)) - raft.server.leaderelection.leader.step-down.wait-time = 10s (default)
2022-09-08 01:51:14,525 [Listener at 0.0.0.0/34455] INFO  server.RaftServerConfigKeys (ConfUtils.java:logGet(46)) - raft.server.storage.dir = [/home/runner/work/ozone/ozone/hadoop-ozone/integration-test/target/test-dir/MiniOzoneClusterImpl-4aa6bc8f-5b70-4167-bb18-fb485ad2a953/ozone-meta/ratis] (custom)
2022-09-08 01:51:14,535 [Listener at 0.0.0.0/34455] INFO  server.RaftServer (RaftServerProxy.java:addNew(96)) - om1: addNew group-C5BA1605619E:[om1|rpc:localhost:9872|priority:0] returns group-C5BA1605619E:java.util.concurrent.CompletableFuture@54d9ebe1[Not completed]
2022-09-08 01:51:14,535 [Listener at 0.0.0.0/34455] INFO  om.OzoneManager (OzoneManager.java:initializeRatisServer(1973)) - OzoneManager Ratis server initialized at port 9872
2022-09-08 01:51:14,554 [Listener at 0.0.0.0/34455] INFO  om.OzoneManager (OzoneManager.java:getRpcServer(1096)) - Creating RPC Server
2022-09-08 01:51:14,575 [pool-55-thread-1] INFO  server.RaftServer$Division (RaftServerImpl.java:<init>(190)) - om1: new RaftServerImpl for group-C5BA1605619E:[om1|rpc:localhost:9872|priority:0] with OzoneManagerStateMachine:uninitialized
2022-09-08 01:51:14,579 [pool-55-thread-1] INFO  server.RaftServerConfigKeys (ConfUtils.java:logGet(46)) - raft.server.rpc.timeout.min = 1s (custom)
2022-09-08 01:51:14,593 [pool-55-thread-1] INFO  server.RaftServerConfigKeys (ConfUtils.java:logGet(46)) - raft.server.rpc.timeout.max = 1200ms (custom)
2022-09-08 01:51:14,593 [pool-55-thread-1] INFO  server.RaftServerConfigKeys (ConfUtils.java:logGet(46)) - raft.server.rpc.sleep.time = 25ms (default)
2022-09-08 01:51:14,593 [pool-55-thread-1] INFO  server.RaftServerConfigKeys (ConfUtils.java:logGet(46)) - raft.server.rpc.slowness.timeout = 120s (custom)
2022-09-08 01:51:14,593 [pool-55-thread-1] INFO  server.RaftServerConfigKeys (ConfUtils.java:logGet(46)) - raft.server.leaderelection.leader.step-down.wait-time = 10s (default)
2022-09-08 01:51:14,593 [pool-55-thread-1] INFO  server.RaftServerConfigKeys (ConfUtils.java:logGet(46)) - raft.server.sleep.deviation.threshold = 300ms (default)
2022-09-08 01:51:14,615 [pool-55-thread-1] INFO  server.RaftServer$Division (ServerState.java:<init>(107)) - om1@group-C5BA1605619E: ConfigurationManager, init=-1: [om1|rpc:localhost:9872|priority:0], old=null, confs=<EMPTY_MAP>
2022-09-08 01:51:14,616 [pool-55-thread-1] INFO  server.RaftServerConfigKeys (ConfUtils.java:logGet(46)) - raft.server.storage.dir = [/home/runner/work/ozone/ozone/hadoop-ozone/integration-test/target/test-dir/MiniOzoneClusterImpl-4aa6bc8f-5b70-4167-bb18-fb485ad2a953/ozone-meta/ratis] (custom)
2022-09-08 01:51:14,630 [pool-55-thread-1] INFO  server.RaftServerConfigKeys (ConfUtils.java:logGet(46)) - raft.server.log.corruption.policy = EXCEPTION (default)
2022-09-08 01:51:14,631 [pool-55-thread-1] INFO  server.RaftServerConfigKeys (ConfUtils.java:logGet(46)) - raft.server.storage.free-space.min = 0MB (=0) (default)
2022-09-08 01:51:14,632 [pool-55-thread-1] INFO  storage.RaftStorageDirectory (RaftStorageDirectoryImpl.java:analyzeStorage(135)) - The storage directory /home/runner/work/ozone/ozone/hadoop-ozone/integration-test/target/test-dir/MiniOzoneClusterImpl-4aa6bc8f-5b70-4167-bb18-fb485ad2a953/ozone-meta/ratis/bf265839-605b-3f16-9796-c5ba1605619e does not exist. Creating ...
2022-09-08 01:51:14,650 [pool-55-thread-1] INFO  storage.RaftStorageDirectory (RaftStorageDirectoryImpl.java:tryLock(230)) - Lock on /home/runner/work/ozone/ozone/hadoop-ozone/integration-test/target/test-dir/MiniOzoneClusterImpl-4aa6bc8f-5b70-4167-bb18-fb485ad2a953/ozone-meta/ratis/bf265839-605b-3f16-9796-c5ba1605619e/in_use.lock acquired by nodename 132736@fv-az38-857
2022-09-08 01:51:14,659 [pool-55-thread-1] INFO  storage.RaftStorage (RaftStorageImpl.java:format(89)) - Storage directory /home/runner/work/ozone/ozone/hadoop-ozone/integration-test/target/test-dir/MiniOzoneClusterImpl-4aa6bc8f-5b70-4167-bb18-fb485ad2a953/ozone-meta/ratis/bf265839-605b-3f16-9796-c5ba1605619e has been successfully formatted.
2022-09-08 01:51:14,662 [pool-55-thread-1] INFO  server.RaftServerConfigKeys (ConfUtils.java:logGet(46)) - raft.server.notification.no-leader.timeout = 120s (custom)
2022-09-08 01:51:14,664 [pool-55-thread-1] INFO  server.RaftServerConfigKeys (ConfUtils.java:logGet(46)) - raft.server.log.use.memory = false (default)
2022-09-08 01:51:14,672 [pool-55-thread-1] INFO  server.RaftServerConfigKeys (ConfUtils.java:logGet(46)) - raft.server.log.purge.gap = 1000000 (custom)
2022-09-08 01:51:14,672 [pool-55-thread-1] INFO  server.RaftServerConfigKeys (ConfUtils.java:logGet(46)) - raft.server.log.appender.buffer.byte-limit = 33554432 (custom)
2022-09-08 01:51:14,677 [pool-55-thread-1] INFO  server.RaftServerConfigKeys (ConfUtils.java:logGet(46)) - raft.server.log.statemachine.data.read.timeout = 1000ms (default)
2022-09-08 01:51:14,709 [pool-55-thread-1] INFO  server.RaftServerConfigKeys (ConfUtils.java:logGet(46)) - raft.server.log.segment.size.max = 4194304 (custom)
2022-09-08 01:51:14,731 [pool-55-thread-1] INFO  server.RaftServerConfigKeys (ConfUtils.java:logGet(46)) - raft.server.log.segment.cache.num.max = 2 (custom)
2022-09-08 01:51:14,731 [pool-55-thread-1] INFO  server.RaftServerConfigKeys (ConfUtils.java:logGet(46)) - raft.server.log.segment.cache.size.max = 200MB (=209715200) (default)
2022-09-08 01:51:14,746 [pool-55-thread-1] INFO  segmented.SegmentedRaftLogWorker (SegmentedRaftLogWorker.java:<init>(187)) - new om1@group-C5BA1605619E-SegmentedRaftLogWorker for RaftStorageImpl:Storage Directory /home/runner/work/ozone/ozone/hadoop-ozone/integration-test/target/test-dir/MiniOzoneClusterImpl-4aa6bc8f-5b70-4167-bb18-fb485ad2a953/ozone-meta/ratis/bf265839-605b-3f16-9796-c5ba1605619e
2022-09-08 01:51:14,746 [pool-55-thread-1] INFO  server.RaftServerConfigKeys (ConfUtils.java:logGet(46)) - raft.server.log.queue.byte-limit = 64MB (=67108864) (default)
2022-09-08 01:51:14,747 [pool-55-thread-1] INFO  server.RaftServerConfigKeys (ConfUtils.java:logGet(46)) - raft.server.log.queue.element-limit = 4096 (default)
2022-09-08 01:51:14,748 [pool-55-thread-1] INFO  server.RaftServerConfigKeys (ConfUtils.java:logGet(46)) - raft.server.log.segment.size.max = 4194304 (custom)
2022-09-08 01:51:14,748 [pool-55-thread-1] INFO  server.RaftServerConfigKeys (ConfUtils.java:logGet(46)) - raft.server.log.preallocated.size = 4194304 (custom)
2022-09-08 01:51:14,748 [pool-55-thread-1] INFO  server.RaftServerConfigKeys (ConfUtils.java:logGet(46)) - raft.server.log.force.sync.num = 128 (default)
2022-09-08 01:51:14,749 [pool-55-thread-1] INFO  server.RaftServerConfigKeys (ConfUtils.java:logGet(46)) - raft.server.log.statemachine.data.sync = true (default)
2022-09-08 01:51:14,783 [pool-55-thread-1] INFO  server.RaftServerConfigKeys (ConfUtils.java:logGet(46)) - raft.server.log.statemachine.data.sync.timeout = 10s (default)
2022-09-08 01:51:14,783 [pool-55-thread-1] INFO  server.RaftServerConfigKeys (ConfUtils.java:logGet(46)) - raft.server.log.statemachine.data.sync.timeout.retry = -1 (default)
2022-09-08 01:51:14,803 [pool-55-thread-1] INFO  server.RaftServerConfigKeys (ConfUtils.java:logGet(46)) - raft.server.log.write.buffer.size = 64KB (=65536) (default)
2022-09-08 01:51:14,804 [pool-55-thread-1] INFO  server.RaftServerConfigKeys (ConfUtils.java:logGet(46)) - raft.server.log.unsafe-flush.enabled = false (default)
2022-09-08 01:51:14,804 [pool-55-thread-1] INFO  server.RaftServerConfigKeys (ConfUtils.java:logGet(46)) - raft.server.log.statemachine.data.caching.enabled = false (default)
2022-09-08 01:51:14,823 [pool-55-thread-1] INFO  segmented.SegmentedRaftLogWorker (SegmentedRaftLogWorker.java:lambda$new$0(135)) - om1@group-C5BA1605619E-SegmentedRaftLogWorker: flushIndex: setUnconditionally 0 -> -1
2022-09-08 01:51:14,823 [pool-55-thread-1] INFO  segmented.SegmentedRaftLogWorker (SegmentedRaftLogWorker.java:lambda$new$0(135)) - om1@group-C5BA1605619E-SegmentedRaftLogWorker: safeCacheEvictIndex: setUnconditionally 0 -> -1
2022-09-08 01:51:14,835 [pool-55-thread-1] INFO  server.RaftServerConfigKeys (ConfUtils.java:logGet(46)) - raft.server.snapshot.auto.trigger.enabled = true (custom)
2022-09-08 01:51:14,837 [pool-55-thread-1] INFO  server.RaftServerConfigKeys (ConfUtils.java:logGet(46)) - raft.server.snapshot.auto.trigger.threshold = 400000 (default)
2022-09-08 01:51:14,839 [pool-55-thread-1] INFO  server.RaftServerConfigKeys (ConfUtils.java:logGet(46)) - raft.server.snapshot.retention.file.num = -1 (default)
2022-09-08 01:51:14,839 [pool-55-thread-1] INFO  server.RaftServerConfigKeys (ConfUtils.java:logGet(46)) - raft.server.log.purge.upto.snapshot.index = true (custom)
2022-09-08 01:51:14,847 [pool-55-thread-1] INFO  server.RaftServerConfigKeys (ConfUtils.java:logGet(46)) - raft.server.retrycache.expirytime = 300s (custom)
2022-09-08 01:51:14,848 [pool-55-thread-1] INFO  server.RaftServerConfigKeys (ConfUtils.java:logGet(46)) - raft.server.retrycache.statistics.expirytime = 100μs (default)
2022-09-08 01:51:14,951 [pool-55-thread-1] INFO  server.RaftServerConfigKeys (ConfUtils.java:logGet(46)) - raft.server.log.appender.install.snapshot.enabled = false (custom)
2022-09-08 01:51:14,952 [pool-55-thread-1] INFO  server.RaftServerConfigKeys (ConfUtils.java:logGet(46)) - raft.server.threadpool.server.cached = true (default)
2022-09-08 01:51:14,952 [pool-55-thread-1] INFO  server.RaftServerConfigKeys (ConfUtils.java:logGet(46)) - raft.server.threadpool.server.size = 0 (default)
2022-09-08 01:51:14,952 [pool-55-thread-1] INFO  server.RaftServerConfigKeys (ConfUtils.java:logGet(46)) - raft.server.threadpool.client.cached = true (default)
2022-09-08 01:51:14,965 [pool-55-thread-1] INFO  server.RaftServerConfigKeys (ConfUtils.java:logGet(46)) - raft.server.threadpool.client.size = 0 (default)
2022-09-08 01:51:15,511 [Listener at 0.0.0.0/34455] INFO  reflections.Reflections (Reflections.java:scan(232)) - Reflections took 853 ms to scan 19 urls, producing 67 keys and 4167 values [using 2 cores]
2022-09-08 01:51:15,700 [Listener at 0.0.0.0/34455] INFO  ipc.CallQueueManager (CallQueueManager.java:<init>(90)) - Using callQueue: class java.util.concurrent.LinkedBlockingQueue, queueCapacity: 2000, scheduler: class org.apache.hadoop.ipc.DefaultRpcScheduler, ipcBackoff: false.
2022-09-08 01:51:15,701 [Socket Reader #1 for port 0] INFO  ipc.Server (Server.java:run(1265)) - Starting Socket Reader #1 for port 0
2022-09-08 01:51:15,740 [Listener at 127.0.0.1/38889] INFO  impl.MetricsSystemImpl (MetricsSystemImpl.java:init(158)) - OzoneManager metrics system started (again)
2022-09-08 01:51:15,754 [Listener at 127.0.0.1/38889] INFO  om.OzoneManager (OzoneManager.java:start(1480)) - OzoneManager RPC server is listening at localhost/127.0.0.1:38889
2022-09-08 01:51:15,754 [Listener at 127.0.0.1/38889] INFO  ratis.OzoneManagerRatisServer (OzoneManagerRatisServer.java:start(554)) - Starting OzoneManagerRatisServer om1 at port 9872
2022-09-08 01:51:15,757 [om1-impl-thread1] INFO  server.RaftServer$Division (RaftServerImpl.java:start(310)) - om1@group-C5BA1605619E: start as a follower, conf=-1: [om1|rpc:localhost:9872|priority:0], old=null
2022-09-08 01:51:15,758 [om1-impl-thread1] INFO  server.RaftServer$Division (RaftServerImpl.java:setRole(299)) - om1@group-C5BA1605619E: changes role from      null to FOLLOWER at term 0 for startAsFollower
2022-09-08 01:51:15,759 [om1-impl-thread1] INFO  impl.RoleInfo (RoleInfo.java:updateAndGet(139)) - om1: start om1@group-C5BA1605619E-FollowerState
2022-09-08 01:51:15,760 [om1-impl-thread1] INFO  util.JmxRegister (JmxRegister.java:tryRegister(44)) - Successfully registered JMX Bean with object name Ratis:service=RaftServer,group=group-C5BA1605619E,id=om1
2022-09-08 01:51:15,766 [Listener at 127.0.0.1/38889] INFO  server.RaftServer (RaftServerProxy.java:lambda$start$6(382)) - om1: start RPC server
2022-09-08 01:51:15,828 [Listener at 127.0.0.1/38889] INFO  server.GrpcService (GrpcService.java:startImpl(260)) - om1: GrpcService started, listening on 9872
2022-09-08 01:51:15,831 [Listener at 127.0.0.1/38889] INFO  om.OzoneManager (OzoneManager.java:start(1496)) - Version File has different layout version (3) than OM DB (null). That is expected if this OM has never been finalized to a newer layout version.
2022-09-08 01:51:15,833 [org.apache.ratis.util.JvmPauseMonitor$$Lambda$687/845490267@d7e5d99] INFO  util.JvmPauseMonitor (JvmPauseMonitor.java:run(103)) - JvmPauseMonitor-om1: Started
2022-09-08 01:51:15,846 [Listener at 127.0.0.1/38889] INFO  http.BaseHttpServer (BaseHttpServer.java:newHttpServer2BuilderForOzone(213)) - Starting Web-server for ozoneManager at: http://0.0.0.0:0
2022-09-08 01:51:15,846 [Listener at 127.0.0.1/38889] INFO  http.BaseHttpServer (BaseHttpServer.java:<init>(108)) - Hadoop Security Enabled: false Ozone Security Enabled: false Ozone HTTP Security Enabled: false 
2022-09-08 01:51:15,850 [Listener at 127.0.0.1/38889] INFO  server.AuthenticationFilter (AuthenticationFilter.java:constructSecretProvider(240)) - Unable to initialize FileSignerSecretProvider, falling back to use random secrets.
2022-09-08 01:51:15,850 [Listener at 127.0.0.1/38889] WARN  http.HttpRequestLog (HttpRequestLog.java:getRequestLog(103)) - Jetty request log can only be enabled using Log4j
2022-09-08 01:51:15,852 [Listener at 127.0.0.1/38889] INFO  http.HttpServer2 (HttpServer2.java:addGlobalFilter(1029)) - Added global filter 'safety' (class=org.apache.hadoop.hdds.server.http.HttpServer2$QuotingInputFilter)
2022-09-08 01:51:15,854 [Listener at 127.0.0.1/38889] INFO  http.HttpServer2 (HttpServer2.java:addFilter(1005)) - Added filter static_user_filter (class=org.apache.hadoop.http.lib.StaticUserWebFilter$StaticUserFilter) to context ozoneManager
2022-09-08 01:51:15,854 [Listener at 127.0.0.1/38889] INFO  http.HttpServer2 (HttpServer2.java:addFilter(1013)) - Added filter static_user_filter (class=org.apache.hadoop.http.lib.StaticUserWebFilter$StaticUserFilter) to context static
2022-09-08 01:51:15,854 [Listener at 127.0.0.1/38889] INFO  http.HttpServer2 (HttpServer2.java:addFilter(1013)) - Added filter static_user_filter (class=org.apache.hadoop.http.lib.StaticUserWebFilter$StaticUserFilter) to context logs
2022-09-08 01:51:15,871 [Listener at 127.0.0.1/38889] INFO  http.HttpServer2 (HttpServer2.java:bindListener(1248)) - Jetty bound to port 41529
2022-09-08 01:51:15,871 [Listener at 127.0.0.1/38889] INFO  server.Server (Server.java:doStart(375)) - jetty-9.4.43.v20210629; built: 2021-06-30T11:07:22.254Z; git: 526006ecfa3af7f1a27ef3a288e2bef7ea9dd7e8; jvm 1.8.0_345-b01
2022-09-08 01:51:15,873 [Listener at 127.0.0.1/38889] INFO  server.session (DefaultSessionIdManager.java:doStart(334)) - DefaultSessionIdManager workerName=node0
2022-09-08 01:51:15,873 [Listener at 127.0.0.1/38889] INFO  server.session (DefaultSessionIdManager.java:doStart(339)) - No SessionScavenger set, using defaults
2022-09-08 01:51:15,873 [Listener at 127.0.0.1/38889] INFO  server.session (HouseKeeper.java:startScavenging(132)) - node0 Scavenging every 600000ms
2022-09-08 01:51:15,875 [Listener at 127.0.0.1/38889] INFO  handler.ContextHandler (ContextHandler.java:doStart(915)) - Started o.e.j.s.ServletContextHandler@f03d81a{logs,/logs,file:///home/runner/work/ozone/ozone/hadoop-ozone/integration-test/target/log,AVAILABLE}
2022-09-08 01:51:15,875 [Listener at 127.0.0.1/38889] INFO  handler.ContextHandler (ContextHandler.java:doStart(915)) - Started o.e.j.s.ServletContextHandler@733cb124{static,/static,file:///home/runner/work/ozone/ozone/hadoop-ozone/integration-test/target/test-classes/webapps/static,AVAILABLE}
2022-09-08 01:51:15,879 [Listener at 127.0.0.1/38889] INFO  handler.ContextHandler (ContextHandler.java:doStart(915)) - Started o.e.j.w.WebAppContext@5d42e865{ozoneManager,/,file:///home/runner/work/ozone/ozone/hadoop-ozone/integration-test/target/test-classes/webapps/ozoneManager/,AVAILABLE}{file:/home/runner/work/ozone/ozone/hadoop-ozone/integration-test/target/test-classes/webapps/ozoneManager}
2022-09-08 01:51:15,885 [Listener at 127.0.0.1/38889] INFO  server.AbstractConnector (AbstractConnector.java:doStart(331)) - Started ServerConnector@4dfb5cae{HTTP/1.1, (http/1.1)}{0.0.0.0:41529}
2022-09-08 01:51:15,885 [Listener at 127.0.0.1/38889] INFO  server.Server (Server.java:doStart(415)) - Started @7449ms
2022-09-08 01:51:15,885 [Listener at 127.0.0.1/38889] WARN  impl.MetricsSystemImpl (MetricsSystemImpl.java:register(279)) - Sink prometheus already exists!
2022-09-08 01:51:15,886 [Listener at 127.0.0.1/38889] INFO  http.BaseHttpServer (BaseHttpServer.java:updateConnectorAddress(333)) - HTTP server of ozoneManager listening at http://0.0.0.0:41529
2022-09-08 01:51:15,889 [IPC Server Responder] INFO  ipc.Server (Server.java:run(1507)) - IPC Server Responder: starting
2022-09-08 01:51:15,889 [IPC Server listener on 0] INFO  ipc.Server (Server.java:run(1344)) - IPC Server listener on 0: starting
2022-09-08 01:51:15,893 [Listener at 127.0.0.1/38889] INFO  om.OzoneManager (OzoneManager.java:startTrashEmptier(1917)) - Trash Interval set to 0. Files deleted won't move to trash
2022-09-08 01:51:15,907 [org.apache.hadoop.util.JvmPauseMonitor$Monitor@6d4eabb7] INFO  util.JvmPauseMonitor (JvmPauseMonitor.java:run(188)) - Starting JVM pause monitor
2022-09-08 01:51:16,070 [Listener at 127.0.0.1/38889] WARN  impl.MetricRegistriesImpl (MetricRegistriesImpl.java:addReporterRegistration(111)) - New reporters are added after registries were created. Some metrics will be missing from the reporter. Please add reporter before adding any new registry.
2022-09-08 01:51:16,071 [Listener at 127.0.0.1/38889] WARN  impl.MetricRegistriesImpl (MetricRegistriesImpl.java:addReporterRegistration(111)) - New reporters are added after registries were created. Some metrics will be missing from the reporter. Please add reporter before adding any new registry.
2022-09-08 01:51:16,071 [Listener at 127.0.0.1/38889] INFO  impl.MetricsSystemImpl (MetricsSystemImpl.java:init(158)) - HddsDatanode metrics system started (again)
2022-09-08 01:51:16,089 [Listener at 127.0.0.1/38889] INFO  ozone.HddsDatanodeService (HddsDatanodeService.java:start(236)) - HddsDatanodeService host:fv-az38-857.qiceih3q1hfe5a3ai3y3qk2fta.cx.internal.cloudapp.net ip:10.1.1.0
2022-09-08 01:51:16,119 [Listener at 127.0.0.1/38889] INFO  upgrade.AbstractLayoutVersionManager (AbstractLayoutVersionManager.java:init(83)) - Initializing Layout version manager with metadata layout = DATANODE_SCHEMA_V3 (version = 4), software layout = DATANODE_SCHEMA_V3 (version = 4)
2022-09-08 01:51:16,162 [Listener at 127.0.0.1/38889] INFO  reflections.Reflections (Reflections.java:scan(232)) - Reflections took 41 ms to scan 7 urls, producing 133 keys and 322 values 
2022-09-08 01:51:16,165 [Listener at 127.0.0.1/38889] INFO  statemachine.DatanodeStateMachine (DatanodeStateMachine.java:getEndPointTaskThreadPoolSize(237)) - Datanode State Machine Task Thread Pool size 2
2022-09-08 01:51:16,220 [Listener at 127.0.0.1/38889] INFO  volume.HddsVolume (HddsVolume.java:<init>(117)) - Creating HddsVolume: /home/runner/work/ozone/ozone/hadoop-ozone/integration-test/target/test-dir/MiniOzoneClusterImpl-4aa6bc8f-5b70-4167-bb18-fb485ad2a953/datanode-0/data-0/containers/hdds of storage type : DISK capacity : 9223372036854775807
2022-09-08 01:51:16,223 [Listener at 127.0.0.1/38889] INFO  volume.MutableVolumeSet (MutableVolumeSet.java:initializeVolumeSet(174)) - Added Volume : /home/runner/work/ozone/ozone/hadoop-ozone/integration-test/target/test-dir/MiniOzoneClusterImpl-4aa6bc8f-5b70-4167-bb18-fb485ad2a953/datanode-0/data-0/containers/hdds to VolumeSet
2022-09-08 01:51:16,224 [Listener at 127.0.0.1/38889] INFO  volume.ThrottledAsyncChecker (ThrottledAsyncChecker.java:schedule(141)) - Scheduling a check for /home/runner/work/ozone/ozone/hadoop-ozone/integration-test/target/test-dir/MiniOzoneClusterImpl-4aa6bc8f-5b70-4167-bb18-fb485ad2a953/datanode-0/data-0/containers/hdds
2022-09-08 01:51:16,241 [Listener at 127.0.0.1/38889] INFO  volume.StorageVolumeChecker (StorageVolumeChecker.java:checkAllVolumes(202)) - Scheduled health check for volume /home/runner/work/ozone/ozone/hadoop-ozone/integration-test/target/test-dir/MiniOzoneClusterImpl-4aa6bc8f-5b70-4167-bb18-fb485ad2a953/datanode-0/data-0/containers/hdds
2022-09-08 01:51:16,257 [Listener at 127.0.0.1/38889] INFO  volume.MutableVolumeSet (MutableVolumeSet.java:initializeVolumeSet(174)) - Added Volume : /home/runner/work/ozone/ozone/hadoop-ozone/integration-test/target/test-dir/MiniOzoneClusterImpl-4aa6bc8f-5b70-4167-bb18-fb485ad2a953/datanode-0/data/ratis to VolumeSet
2022-09-08 01:51:16,257 [Listener at 127.0.0.1/38889] INFO  volume.ThrottledAsyncChecker (ThrottledAsyncChecker.java:schedule(141)) - Scheduling a check for /home/runner/work/ozone/ozone/hadoop-ozone/integration-test/target/test-dir/MiniOzoneClusterImpl-4aa6bc8f-5b70-4167-bb18-fb485ad2a953/datanode-0/data/ratis
2022-09-08 01:51:16,257 [Listener at 127.0.0.1/38889] INFO  volume.StorageVolumeChecker (StorageVolumeChecker.java:checkAllVolumes(202)) - Scheduled health check for volume /home/runner/work/ozone/ozone/hadoop-ozone/integration-test/target/test-dir/MiniOzoneClusterImpl-4aa6bc8f-5b70-4167-bb18-fb485ad2a953/datanode-0/data/ratis
2022-09-08 01:51:16,278 [Thread-136] INFO  ozoneimpl.ContainerReader (ContainerReader.java:readVolume(175)) - Finish verifying containers on volume /home/runner/work/ozone/ozone/hadoop-ozone/integration-test/target/test-dir/MiniOzoneClusterImpl-4aa6bc8f-5b70-4167-bb18-fb485ad2a953/datanode-0/data-0/containers/hdds
2022-09-08 01:51:16,279 [Listener at 127.0.0.1/38889] INFO  ozoneimpl.OzoneContainer (OzoneContainer.java:buildContainerSet(300)) - Build ContainerSet costs 0s
2022-09-08 01:51:16,322 [Listener at 127.0.0.1/38889] INFO  audit.AuditLogger (AuditLogger.java:refreshDebugCmdSet(126)) - Refresh DebugCmdSet for DNAudit to [].
2022-09-08 01:51:16,352 [Listener at 127.0.0.1/38889] INFO  server.RaftServer (ConfUtils.java:logGet(46)) - raft.rpc.type = GRPC (default)
2022-09-08 01:51:16,352 [Listener at 127.0.0.1/38889] INFO  grpc.GrpcFactory (GrpcFactory.java:checkPooledByteBufAllocatorUseCacheForAllThreads(48)) - PERFORMANCE WARNING: useCacheForAllThreads is true that may cause Netty to create a lot garbage objects and, as a result, trigger GC.
	It is recommended to disable useCacheForAllThreads by setting -Dorg.apache.ratis.thirdparty.io.netty.allocator.useCacheForAllThreads=false in command line.
2022-09-08 01:51:16,352 [Listener at 127.0.0.1/38889] INFO  grpc.GrpcConfigKeys (ConfUtils.java:logGet(46)) - raft.grpc.admin.port = 0 (custom)
2022-09-08 01:51:16,352 [Listener at 127.0.0.1/38889] INFO  grpc.GrpcConfigKeys (ConfUtils.java:logGet(46)) - raft.grpc.client.port = 0 (custom)
2022-09-08 01:51:16,352 [Listener at 127.0.0.1/38889] INFO  grpc.GrpcConfigKeys (ConfUtils.java:logGet(46)) - raft.grpc.server.port = 0 (default)
2022-09-08 01:51:16,353 [Listener at 127.0.0.1/38889] INFO  server.GrpcService (ConfUtils.java:logGet(46)) - raft.grpc.message.size.max = 32MB (=33554432) (custom)
2022-09-08 01:51:16,353 [Listener at 127.0.0.1/38889] INFO  server.RaftServerConfigKeys (ConfUtils.java:logGet(46)) - raft.server.log.appender.buffer.byte-limit = 33554432 (custom)
2022-09-08 01:51:16,353 [Listener at 127.0.0.1/38889] INFO  server.GrpcService (ConfUtils.java:logGet(46)) - raft.grpc.flow.control.window = 5MB (=5242880) (custom)
2022-09-08 01:51:16,353 [Listener at 127.0.0.1/38889] INFO  server.RaftServerConfigKeys (ConfUtils.java:logGet(46)) - raft.server.rpc.request.timeout = 60s (custom)
2022-09-08 01:51:16,353 [Listener at 127.0.0.1/38889] INFO  grpc.GrpcConfigKeys (ConfUtils.java:logGet(46)) - raft.grpc.server.async.request.thread.pool.cached = true (default)
2022-09-08 01:51:16,353 [Listener at 127.0.0.1/38889] INFO  grpc.GrpcConfigKeys (ConfUtils.java:logGet(46)) - raft.grpc.server.async.request.thread.pool.size = 32 (default)
2022-09-08 01:51:16,355 [Listener at 127.0.0.1/38889] INFO  impl.DataStreamServerImpl (ConfUtils.java:logGet(46)) - raft.datastream.type = DISABLED (default)
2022-09-08 01:51:16,355 [Listener at 127.0.0.1/38889] INFO  server.RaftServerConfigKeys (ConfUtils.java:logGet(46)) - raft.server.threadpool.proxy.cached = true (default)
2022-09-08 01:51:16,355 [Listener at 127.0.0.1/38889] INFO  server.RaftServerConfigKeys (ConfUtils.java:logGet(46)) - raft.server.threadpool.proxy.size = 0 (default)
2022-09-08 01:51:16,355 [Listener at 127.0.0.1/38889] INFO  server.RaftServerConfigKeys (ConfUtils.java:logGet(46)) - raft.server.rpc.slowness.timeout = 300s (custom)
2022-09-08 01:51:16,356 [Listener at 127.0.0.1/38889] INFO  server.RaftServerConfigKeys (ConfUtils.java:logGet(46)) - raft.server.leaderelection.leader.step-down.wait-time = 10s (default)
2022-09-08 01:51:16,356 [Listener at 127.0.0.1/38889] INFO  server.RaftServerConfigKeys (ConfUtils.java:logGet(46)) - raft.server.storage.dir = [/home/runner/work/ozone/ozone/hadoop-ozone/integration-test/target/test-dir/MiniOzoneClusterImpl-4aa6bc8f-5b70-4167-bb18-fb485ad2a953/datanode-0/data/ratis] (custom)
2022-09-08 01:51:16,374 [Listener at 127.0.0.1/38889] INFO  server.XceiverServerGrpc (XceiverServerGrpc.java:<init>(132)) - GrpcServer channel type EpollServerSocketChannel
2022-09-08 01:51:16,442 [Listener at 127.0.0.1/38889] INFO  http.BaseHttpServer (BaseHttpServer.java:newHttpServer2BuilderForOzone(213)) - Starting Web-server for hddsDatanode at: http://0.0.0.0:0
2022-09-08 01:51:16,442 [Listener at 127.0.0.1/38889] INFO  http.BaseHttpServer (BaseHttpServer.java:<init>(108)) - Hadoop Security Enabled: false Ozone Security Enabled: false Ozone HTTP Security Enabled: false 
2022-09-08 01:51:16,444 [Listener at 127.0.0.1/38889] INFO  server.AuthenticationFilter (AuthenticationFilter.java:constructSecretProvider(240)) - Unable to initialize FileSignerSecretProvider, falling back to use random secrets.
2022-09-08 01:51:16,445 [Listener at 127.0.0.1/38889] WARN  http.HttpRequestLog (HttpRequestLog.java:getRequestLog(103)) - Jetty request log can only be enabled using Log4j
2022-09-08 01:51:16,446 [Listener at 127.0.0.1/38889] INFO  http.HttpServer2 (HttpServer2.java:addGlobalFilter(1029)) - Added global filter 'safety' (class=org.apache.hadoop.hdds.server.http.HttpServer2$QuotingInputFilter)
2022-09-08 01:51:16,447 [Listener at 127.0.0.1/38889] INFO  http.HttpServer2 (HttpServer2.java:addFilter(1005)) - Added filter static_user_filter (class=org.apache.hadoop.http.lib.StaticUserWebFilter$StaticUserFilter) to context hddsDatanode
2022-09-08 01:51:16,447 [Listener at 127.0.0.1/38889] INFO  http.HttpServer2 (HttpServer2.java:addFilter(1013)) - Added filter static_user_filter (class=org.apache.hadoop.http.lib.StaticUserWebFilter$StaticUserFilter) to context static
2022-09-08 01:51:16,447 [Listener at 127.0.0.1/38889] INFO  http.HttpServer2 (HttpServer2.java:addFilter(1013)) - Added filter static_user_filter (class=org.apache.hadoop.http.lib.StaticUserWebFilter$StaticUserFilter) to context logs
2022-09-08 01:51:16,448 [Listener at 127.0.0.1/38889] INFO  http.HttpServer2 (HttpServer2.java:bindListener(1248)) - Jetty bound to port 36781
2022-09-08 01:51:16,448 [Listener at 127.0.0.1/38889] INFO  server.Server (Server.java:doStart(375)) - jetty-9.4.43.v20210629; built: 2021-06-30T11:07:22.254Z; git: 526006ecfa3af7f1a27ef3a288e2bef7ea9dd7e8; jvm 1.8.0_345-b01
2022-09-08 01:51:16,453 [Listener at 127.0.0.1/38889] INFO  server.session (DefaultSessionIdManager.java:doStart(334)) - DefaultSessionIdManager workerName=node0
2022-09-08 01:51:16,453 [Listener at 127.0.0.1/38889] INFO  server.session (DefaultSessionIdManager.java:doStart(339)) - No SessionScavenger set, using defaults
2022-09-08 01:51:16,453 [Listener at 127.0.0.1/38889] INFO  server.session (HouseKeeper.java:startScavenging(132)) - node0 Scavenging every 600000ms
2022-09-08 01:51:16,454 [Listener at 127.0.0.1/38889] INFO  handler.ContextHandler (ContextHandler.java:doStart(915)) - Started o.e.j.s.ServletContextHandler@6c6f9897{logs,/logs,file:///home/runner/work/ozone/ozone/hadoop-ozone/integration-test/target/log,AVAILABLE}
2022-09-08 01:51:16,454 [Listener at 127.0.0.1/38889] INFO  handler.ContextHandler (ContextHandler.java:doStart(915)) - Started o.e.j.s.ServletContextHandler@3c68a85f{static,/static,jar:file:/home/runner/.m2/repository/org/apache/ozone/hdds-container-service/1.3.0-SNAPSHOT/hdds-container-service-1.3.0-SNAPSHOT.jar!/webapps/static,AVAILABLE}
2022-09-08 01:51:16,639 [Listener at 127.0.0.1/38889] INFO  handler.ContextHandler (ContextHandler.java:doStart(915)) - Started o.e.j.w.WebAppContext@5f55f3d8{hddsDatanode,/,file:///tmp/jetty-0_0_0_0-36781-hdds-container-service-1_3_0-SNAPSHOT_jar-_-any-4956376690008283985/webapp/,AVAILABLE}{jar:file:/home/runner/.m2/repository/org/apache/ozone/hdds-container-service/1.3.0-SNAPSHOT/hdds-container-service-1.3.0-SNAPSHOT.jar!/webapps/hddsDatanode}
2022-09-08 01:51:16,641 [Listener at 127.0.0.1/38889] INFO  server.AbstractConnector (AbstractConnector.java:doStart(331)) - Started ServerConnector@6b4c6fa5{HTTP/1.1, (http/1.1)}{0.0.0.0:36781}
2022-09-08 01:51:16,641 [Listener at 127.0.0.1/38889] INFO  server.Server (Server.java:doStart(415)) - Started @8205ms
2022-09-08 01:51:16,641 [Listener at 127.0.0.1/38889] WARN  impl.MetricsSystemImpl (MetricsSystemImpl.java:register(279)) - Sink prometheus already exists!
2022-09-08 01:51:16,642 [Listener at 127.0.0.1/38889] INFO  http.BaseHttpServer (BaseHttpServer.java:updateConnectorAddress(333)) - HTTP server of hddsDatanode listening at http://0.0.0.0:36781
2022-09-08 01:51:16,644 [Listener at 127.0.0.1/38889] WARN  impl.MetricRegistriesImpl (MetricRegistriesImpl.java:addReporterRegistration(111)) - New reporters are added after registries were created. Some metrics will be missing from the reporter. Please add reporter before adding any new registry.
2022-09-08 01:51:16,644 [Datanode State Machine Daemon Thread] INFO  statemachine.DatanodeStateMachine (DatanodeStateMachine.java:lambda$startDaemon$0(492)) - Ozone container server started.
2022-09-08 01:51:16,651 [Listener at 127.0.0.1/38889] WARN  impl.MetricRegistriesImpl (MetricRegistriesImpl.java:addReporterRegistration(111)) - New reporters are added after registries were created. Some metrics will be missing from the reporter. Please add reporter before adding any new registry.
2022-09-08 01:51:16,652 [Listener at 127.0.0.1/38889] INFO  impl.MetricsSystemImpl (MetricsSystemImpl.java:init(158)) - HddsDatanode metrics system started (again)
2022-09-08 01:51:16,667 [Listener at 127.0.0.1/38889] INFO  ozone.HddsDatanodeService (HddsDatanodeService.java:start(236)) - HddsDatanodeService host:fv-az38-857.qiceih3q1hfe5a3ai3y3qk2fta.cx.internal.cloudapp.net ip:10.1.1.0
2022-09-08 01:51:16,668 [org.apache.hadoop.util.JvmPauseMonitor$Monitor@f4d57a6] INFO  util.JvmPauseMonitor (JvmPauseMonitor.java:run(188)) - Starting JVM pause monitor
2022-09-08 01:51:16,693 [Listener at 127.0.0.1/38889] INFO  upgrade.AbstractLayoutVersionManager (AbstractLayoutVersionManager.java:init(83)) - Initializing Layout version manager with metadata layout = DATANODE_SCHEMA_V3 (version = 4), software layout = DATANODE_SCHEMA_V3 (version = 4)
2022-09-08 01:51:16,798 [Listener at 127.0.0.1/38889] INFO  reflections.Reflections (Reflections.java:scan(232)) - Reflections took 86 ms to scan 7 urls, producing 133 keys and 322 values 
2022-09-08 01:51:16,800 [Listener at 127.0.0.1/38889] INFO  statemachine.DatanodeStateMachine (DatanodeStateMachine.java:getEndPointTaskThreadPoolSize(237)) - Datanode State Machine Task Thread Pool size 2
2022-09-08 01:51:16,802 [Listener at 127.0.0.1/38889] INFO  volume.HddsVolume (HddsVolume.java:<init>(117)) - Creating HddsVolume: /home/runner/work/ozone/ozone/hadoop-ozone/integration-test/target/test-dir/MiniOzoneClusterImpl-4aa6bc8f-5b70-4167-bb18-fb485ad2a953/datanode-1/data-0/containers/hdds of storage type : DISK capacity : 9223372036854775807
2022-09-08 01:51:16,803 [Listener at 127.0.0.1/38889] INFO  volume.MutableVolumeSet (MutableVolumeSet.java:initializeVolumeSet(174)) - Added Volume : /home/runner/work/ozone/ozone/hadoop-ozone/integration-test/target/test-dir/MiniOzoneClusterImpl-4aa6bc8f-5b70-4167-bb18-fb485ad2a953/datanode-1/data-0/containers/hdds to VolumeSet
2022-09-08 01:51:16,803 [Listener at 127.0.0.1/38889] INFO  volume.ThrottledAsyncChecker (ThrottledAsyncChecker.java:schedule(141)) - Scheduling a check for /home/runner/work/ozone/ozone/hadoop-ozone/integration-test/target/test-dir/MiniOzoneClusterImpl-4aa6bc8f-5b70-4167-bb18-fb485ad2a953/datanode-1/data-0/containers/hdds
2022-09-08 01:51:16,804 [Listener at 127.0.0.1/38889] INFO  volume.StorageVolumeChecker (StorageVolumeChecker.java:checkAllVolumes(202)) - Scheduled health check for volume /home/runner/work/ozone/ozone/hadoop-ozone/integration-test/target/test-dir/MiniOzoneClusterImpl-4aa6bc8f-5b70-4167-bb18-fb485ad2a953/datanode-1/data-0/containers/hdds
2022-09-08 01:51:16,809 [om1@group-C5BA1605619E-FollowerState] INFO  impl.FollowerState (FollowerState.java:run(143)) - om1@group-C5BA1605619E-FollowerState: change to CANDIDATE, lastRpcElapsedTime:1050586527ns, electionTimeout:1028ms
2022-09-08 01:51:16,810 [om1@group-C5BA1605619E-FollowerState] INFO  impl.RoleInfo (RoleInfo.java:shutdownFollowerState(110)) - om1: shutdown om1@group-C5BA1605619E-FollowerState
2022-09-08 01:51:16,811 [om1@group-C5BA1605619E-FollowerState] INFO  server.RaftServer$Division (RaftServerImpl.java:setRole(299)) - om1@group-C5BA1605619E: changes role from  FOLLOWER to CANDIDATE at term 0 for changeToCandidate
2022-09-08 01:51:16,813 [om1@group-C5BA1605619E-FollowerState] INFO  server.RaftServerConfigKeys (ConfUtils.java:logGet(46)) - raft.server.leaderelection.pre-vote = false (custom)
2022-09-08 01:51:16,813 [om1@group-C5BA1605619E-FollowerState] INFO  impl.RoleInfo (RoleInfo.java:updateAndGet(139)) - om1: start om1@group-C5BA1605619E-LeaderElection1
2022-09-08 01:51:16,830 [Listener at 127.0.0.1/38889] INFO  volume.MutableVolumeSet (MutableVolumeSet.java:initializeVolumeSet(174)) - Added Volume : /home/runner/work/ozone/ozone/hadoop-ozone/integration-test/target/test-dir/MiniOzoneClusterImpl-4aa6bc8f-5b70-4167-bb18-fb485ad2a953/datanode-1/data/ratis to VolumeSet
2022-09-08 01:51:16,830 [Listener at 127.0.0.1/38889] INFO  volume.ThrottledAsyncChecker (ThrottledAsyncChecker.java:schedule(141)) - Scheduling a check for /home/runner/work/ozone/ozone/hadoop-ozone/integration-test/target/test-dir/MiniOzoneClusterImpl-4aa6bc8f-5b70-4167-bb18-fb485ad2a953/datanode-1/data/ratis
2022-09-08 01:51:16,831 [Listener at 127.0.0.1/38889] INFO  volume.StorageVolumeChecker (StorageVolumeChecker.java:checkAllVolumes(202)) - Scheduled health check for volume /home/runner/work/ozone/ozone/hadoop-ozone/integration-test/target/test-dir/MiniOzoneClusterImpl-4aa6bc8f-5b70-4167-bb18-fb485ad2a953/datanode-1/data/ratis
2022-09-08 01:51:16,833 [om1@group-C5BA1605619E-LeaderElection1] INFO  impl.LeaderElection (LeaderElection.java:askForVotes(310)) - om1@group-C5BA1605619E-LeaderElection1 ELECTION round 0: submit vote requests at term 1 for -1: [om1|rpc:localhost:9872|priority:0], old=null
2022-09-08 01:51:16,834 [om1@group-C5BA1605619E-LeaderElection1] INFO  impl.LeaderElection (LeaderElection.java:askForVotes(312)) - om1@group-C5BA1605619E-LeaderElection1 ELECTION round 0: result PASSED (term=1)
2022-09-08 01:51:16,834 [om1@group-C5BA1605619E-LeaderElection1] INFO  impl.RoleInfo (RoleInfo.java:shutdownLeaderElection(130)) - om1: shutdown om1@group-C5BA1605619E-LeaderElection1
2022-09-08 01:51:16,835 [om1@group-C5BA1605619E-LeaderElection1] INFO  server.RaftServer$Division (RaftServerImpl.java:setRole(299)) - om1@group-C5BA1605619E: changes role from CANDIDATE to LEADER at term 1 for changeToLeader
2022-09-08 01:51:16,835 [om1@group-C5BA1605619E-LeaderElection1] INFO  server.RaftServer$Division (ServerState.java:setLeader(287)) - om1@group-C5BA1605619E: change Leader from null to om1 at term 1 for becomeLeader, leader elected after 2172ms
2022-09-08 01:51:16,844 [om1@group-C5BA1605619E-LeaderElection1] INFO  server.RaftServerConfigKeys (ConfUtils.java:logGet(46)) - raft.server.staging.catchup.gap = 1000 (default)
2022-09-08 01:51:16,849 [om1@group-C5BA1605619E-LeaderElection1] INFO  server.RaftServerConfigKeys (ConfUtils.java:logGet(46)) - raft.server.write.element-limit = 4096 (default)
2022-09-08 01:51:16,849 [om1@group-C5BA1605619E-LeaderElection1] INFO  server.RaftServerConfigKeys (ConfUtils.java:logGet(46)) - raft.server.write.byte-limit = 64MB (=67108864) (default)
2022-09-08 01:51:16,851 [Datanode State Machine Task Thread - 0] INFO  datanode.InitDatanodeState (InitDatanodeState.java:persistContainerDatanodeDetails(138)) - DatanodeDetails is persisted to /home/runner/work/ozone/ozone/hadoop-ozone/integration-test/target/test-dir/MiniOzoneClusterImpl-4aa6bc8f-5b70-4167-bb18-fb485ad2a953/datanode-0/meta/datanode.id
2022-09-08 01:51:16,854 [om1@group-C5BA1605619E-LeaderElection1] INFO  server.RaftServerConfigKeys (ConfUtils.java:logGet(46)) - raft.server.watch.timeout = 10s (default)
2022-09-08 01:51:16,854 [om1@group-C5BA1605619E-LeaderElection1] INFO  server.RaftServerConfigKeys (ConfUtils.java:logGet(46)) - raft.server.watch.timeout.denomination = 1s (default)
2022-09-08 01:51:16,854 [om1@group-C5BA1605619E-LeaderElection1] INFO  server.RaftServerConfigKeys (ConfUtils.java:logGet(46)) - raft.server.watch.element-limit = 65536 (default)
2022-09-08 01:51:16,859 [om1@group-C5BA1605619E-LeaderElection1] INFO  server.RaftServerConfigKeys (ConfUtils.java:logGet(46)) - raft.server.write.element-limit = 4096 (default)
2022-09-08 01:51:16,863 [om1@group-C5BA1605619E-LeaderElection1] INFO  server.RaftServerConfigKeys (ConfUtils.java:logGet(46)) - raft.server.write.follower.gap.ratio.max = -1.0 (default)
2022-09-08 01:51:16,868 [Thread-151] INFO  ozoneimpl.ContainerReader (ContainerReader.java:readVolume(175)) - Finish verifying containers on volume /home/runner/work/ozone/ozone/hadoop-ozone/integration-test/target/test-dir/MiniOzoneClusterImpl-4aa6bc8f-5b70-4167-bb18-fb485ad2a953/datanode-1/data-0/containers/hdds
2022-09-08 01:51:16,869 [Listener at 127.0.0.1/38889] INFO  ozoneimpl.OzoneContainer (OzoneContainer.java:buildContainerSet(300)) - Build ContainerSet costs 0s
2022-09-08 01:51:16,869 [om1@group-C5BA1605619E-LeaderElection1] INFO  impl.RoleInfo (RoleInfo.java:updateAndGet(139)) - om1: start om1@group-C5BA1605619E-LeaderStateImpl
2022-09-08 01:51:16,872 [Listener at 127.0.0.1/38889] INFO  server.RaftServer (ConfUtils.java:logGet(46)) - raft.rpc.type = GRPC (default)
2022-09-08 01:51:16,873 [Listener at 127.0.0.1/38889] INFO  grpc.GrpcFactory (GrpcFactory.java:checkPooledByteBufAllocatorUseCacheForAllThreads(48)) - PERFORMANCE WARNING: useCacheForAllThreads is true that may cause Netty to create a lot garbage objects and, as a result, trigger GC.
	It is recommended to disable useCacheForAllThreads by setting -Dorg.apache.ratis.thirdparty.io.netty.allocator.useCacheForAllThreads=false in command line.
2022-09-08 01:51:16,873 [Listener at 127.0.0.1/38889] INFO  grpc.GrpcConfigKeys (ConfUtils.java:logGet(46)) - raft.grpc.admin.port = 0 (custom)
2022-09-08 01:51:16,873 [Listener at 127.0.0.1/38889] INFO  grpc.GrpcConfigKeys (ConfUtils.java:logGet(46)) - raft.grpc.client.port = 0 (custom)
2022-09-08 01:51:16,873 [Listener at 127.0.0.1/38889] INFO  grpc.GrpcConfigKeys (ConfUtils.java:logGet(46)) - raft.grpc.server.port = 0 (default)
2022-09-08 01:51:16,873 [Listener at 127.0.0.1/38889] INFO  server.GrpcService (ConfUtils.java:logGet(46)) - raft.grpc.message.size.max = 32MB (=33554432) (custom)
2022-09-08 01:51:16,874 [Listener at 127.0.0.1/38889] INFO  server.RaftServerConfigKeys (ConfUtils.java:logGet(46)) - raft.server.log.appender.buffer.byte-limit = 33554432 (custom)
2022-09-08 01:51:16,874 [Listener at 127.0.0.1/38889] INFO  server.GrpcService (ConfUtils.java:logGet(46)) - raft.grpc.flow.control.window = 5MB (=5242880) (custom)
2022-09-08 01:51:16,874 [Listener at 127.0.0.1/38889] INFO  server.RaftServerConfigKeys (ConfUtils.java:logGet(46)) - raft.server.rpc.request.timeout = 60s (custom)
2022-09-08 01:51:16,874 [Listener at 127.0.0.1/38889] INFO  grpc.GrpcConfigKeys (ConfUtils.java:logGet(46)) - raft.grpc.server.async.request.thread.pool.cached = true (default)
2022-09-08 01:51:16,874 [Listener at 127.0.0.1/38889] INFO  grpc.GrpcConfigKeys (ConfUtils.java:logGet(46)) - raft.grpc.server.async.request.thread.pool.size = 32 (default)
2022-09-08 01:51:16,875 [Listener at 127.0.0.1/38889] INFO  impl.DataStreamServerImpl (ConfUtils.java:logGet(46)) - raft.datastream.type = DISABLED (default)
2022-09-08 01:51:16,875 [Listener at 127.0.0.1/38889] INFO  server.RaftServerConfigKeys (ConfUtils.java:logGet(46)) - raft.server.threadpool.proxy.cached = true (default)
2022-09-08 01:51:16,876 [Listener at 127.0.0.1/38889] INFO  server.RaftServerConfigKeys (ConfUtils.java:logGet(46)) - raft.server.threadpool.proxy.size = 0 (default)
2022-09-08 01:51:16,876 [Listener at 127.0.0.1/38889] INFO  server.RaftServerConfigKeys (ConfUtils.java:logGet(46)) - raft.server.rpc.slowness.timeout = 300s (custom)
2022-09-08 01:51:16,876 [Listener at 127.0.0.1/38889] INFO  server.RaftServerConfigKeys (ConfUtils.java:logGet(46)) - raft.server.leaderelection.leader.step-down.wait-time = 10s (default)
2022-09-08 01:51:16,876 [Listener at 127.0.0.1/38889] INFO  server.RaftServerConfigKeys (ConfUtils.java:logGet(46)) - raft.server.storage.dir = [/home/runner/work/ozone/ozone/hadoop-ozone/integration-test/target/test-dir/MiniOzoneClusterImpl-4aa6bc8f-5b70-4167-bb18-fb485ad2a953/datanode-1/data/ratis] (custom)
2022-09-08 01:51:16,886 [Listener at 127.0.0.1/38889] INFO  server.XceiverServerGrpc (XceiverServerGrpc.java:<init>(132)) - GrpcServer channel type EpollServerSocketChannel
2022-09-08 01:51:16,892 [Listener at 127.0.0.1/38889] INFO  http.BaseHttpServer (BaseHttpServer.java:newHttpServer2BuilderForOzone(213)) - Starting Web-server for hddsDatanode at: http://0.0.0.0:0
2022-09-08 01:51:16,892 [Listener at 127.0.0.1/38889] INFO  http.BaseHttpServer (BaseHttpServer.java:<init>(108)) - Hadoop Security Enabled: false Ozone Security Enabled: false Ozone HTTP Security Enabled: false 
2022-09-08 01:51:16,894 [Listener at 127.0.0.1/38889] INFO  server.AuthenticationFilter (AuthenticationFilter.java:constructSecretProvider(240)) - Unable to initialize FileSignerSecretProvider, falling back to use random secrets.
2022-09-08 01:51:16,901 [Listener at 127.0.0.1/38889] WARN  http.HttpRequestLog (HttpRequestLog.java:getRequestLog(103)) - Jetty request log can only be enabled using Log4j
2022-09-08 01:51:16,903 [Listener at 127.0.0.1/38889] INFO  http.HttpServer2 (HttpServer2.java:addGlobalFilter(1029)) - Added global filter 'safety' (class=org.apache.hadoop.hdds.server.http.HttpServer2$QuotingInputFilter)
2022-09-08 01:51:16,903 [Listener at 127.0.0.1/38889] INFO  http.HttpServer2 (HttpServer2.java:addFilter(1005)) - Added filter static_user_filter (class=org.apache.hadoop.http.lib.StaticUserWebFilter$StaticUserFilter) to context hddsDatanode
2022-09-08 01:51:16,904 [Listener at 127.0.0.1/38889] INFO  http.HttpServer2 (HttpServer2.java:addFilter(1013)) - Added filter static_user_filter (class=org.apache.hadoop.http.lib.StaticUserWebFilter$StaticUserFilter) to context logs
2022-09-08 01:51:16,904 [Listener at 127.0.0.1/38889] INFO  http.HttpServer2 (HttpServer2.java:addFilter(1013)) - Added filter static_user_filter (class=org.apache.hadoop.http.lib.StaticUserWebFilter$StaticUserFilter) to context static
2022-09-08 01:51:16,904 [Listener at 127.0.0.1/38889] INFO  http.HttpServer2 (HttpServer2.java:bindListener(1248)) - Jetty bound to port 34119
2022-09-08 01:51:16,908 [Listener at 127.0.0.1/38889] INFO  server.Server (Server.java:doStart(375)) - jetty-9.4.43.v20210629; built: 2021-06-30T11:07:22.254Z; git: 526006ecfa3af7f1a27ef3a288e2bef7ea9dd7e8; jvm 1.8.0_345-b01
2022-09-08 01:51:16,910 [Listener at 127.0.0.1/38889] INFO  server.session (DefaultSessionIdManager.java:doStart(334)) - DefaultSessionIdManager workerName=node0
2022-09-08 01:51:16,911 [Listener at 127.0.0.1/38889] INFO  server.session (DefaultSessionIdManager.java:doStart(339)) - No SessionScavenger set, using defaults
2022-09-08 01:51:16,911 [Listener at 127.0.0.1/38889] INFO  server.session (HouseKeeper.java:startScavenging(132)) - node0 Scavenging every 600000ms
2022-09-08 01:51:16,912 [Listener at 127.0.0.1/38889] INFO  handler.ContextHandler (ContextHandler.java:doStart(915)) - Started o.e.j.s.ServletContextHandler@397b68ed{logs,/logs,file:///home/runner/work/ozone/ozone/hadoop-ozone/integration-test/target/log,AVAILABLE}
2022-09-08 01:51:16,912 [Listener at 127.0.0.1/38889] INFO  handler.ContextHandler (ContextHandler.java:doStart(915)) - Started o.e.j.s.ServletContextHandler@6ec789ab{static,/static,jar:file:/home/runner/.m2/repository/org/apache/ozone/hdds-container-service/1.3.0-SNAPSHOT/hdds-container-service-1.3.0-SNAPSHOT.jar!/webapps/static,AVAILABLE}
2022-09-08 01:51:16,914 [om1@group-C5BA1605619E-LeaderElection1] INFO  segmented.SegmentedRaftLogWorker (SegmentedRaftLogWorker.java:startLogSegment(425)) - om1@group-C5BA1605619E-SegmentedRaftLogWorker: Starting segment from index:0
2022-09-08 01:51:16,978 [om1@group-C5BA1605619E-LeaderElection1] INFO  server.RaftServer$Division (ServerState.java:setRaftConf(393)) - om1@group-C5BA1605619E: set configuration 0: [om1|rpc:localhost:9872|admin:|client:|dataStream:|priority:0], old=null
2022-09-08 01:51:17,071 [om1@group-C5BA1605619E-SegmentedRaftLogWorker] INFO  segmented.SegmentedRaftLogWorker (SegmentedRaftLogWorker.java:execute(629)) - om1@group-C5BA1605619E-SegmentedRaftLogWorker: created new log segment /home/runner/work/ozone/ozone/hadoop-ozone/integration-test/target/test-dir/MiniOzoneClusterImpl-4aa6bc8f-5b70-4167-bb18-fb485ad2a953/ozone-meta/ratis/bf265839-605b-3f16-9796-c5ba1605619e/current/log_inprogress_0
2022-09-08 01:51:17,133 [Listener at 127.0.0.1/38889] INFO  handler.ContextHandler (ContextHandler.java:doStart(915)) - Started o.e.j.w.WebAppContext@44090a7e{hddsDatanode,/,file:///tmp/jetty-0_0_0_0-34119-hdds-container-service-1_3_0-SNAPSHOT_jar-_-any-6173383692443591556/webapp/,AVAILABLE}{jar:file:/home/runner/.m2/repository/org/apache/ozone/hdds-container-service/1.3.0-SNAPSHOT/hdds-container-service-1.3.0-SNAPSHOT.jar!/webapps/hddsDatanode}
2022-09-08 01:51:17,135 [Listener at 127.0.0.1/38889] INFO  server.AbstractConnector (AbstractConnector.java:doStart(331)) - Started ServerConnector@2726d4d0{HTTP/1.1, (http/1.1)}{0.0.0.0:34119}
2022-09-08 01:51:17,135 [Listener at 127.0.0.1/38889] INFO  server.Server (Server.java:doStart(415)) - Started @8699ms
2022-09-08 01:51:17,136 [Listener at 127.0.0.1/38889] WARN  impl.MetricsSystemImpl (MetricsSystemImpl.java:register(279)) - Sink prometheus already exists!
2022-09-08 01:51:17,136 [Listener at 127.0.0.1/38889] INFO  http.BaseHttpServer (BaseHttpServer.java:updateConnectorAddress(333)) - HTTP server of hddsDatanode listening at http://0.0.0.0:34119
2022-09-08 01:51:17,137 [Listener at 127.0.0.1/38889] WARN  impl.MetricRegistriesImpl (MetricRegistriesImpl.java:addReporterRegistration(111)) - New reporters are added after registries were created. Some metrics will be missing from the reporter. Please add reporter before adding any new registry.
2022-09-08 01:51:17,137 [Listener at 127.0.0.1/38889] WARN  impl.MetricRegistriesImpl (MetricRegistriesImpl.java:addReporterRegistration(111)) - New reporters are added after registries were created. Some metrics will be missing from the reporter. Please add reporter before adding any new registry.
2022-09-08 01:51:17,137 [Listener at 127.0.0.1/38889] INFO  impl.MetricsSystemImpl (MetricsSystemImpl.java:init(158)) - HddsDatanode metrics system started (again)
2022-09-08 01:51:17,148 [Listener at 127.0.0.1/38889] INFO  ozone.HddsDatanodeService (HddsDatanodeService.java:start(236)) - HddsDatanodeService host:fv-az38-857.qiceih3q1hfe5a3ai3y3qk2fta.cx.internal.cloudapp.net ip:10.1.1.0
2022-09-08 01:51:17,149 [Datanode State Machine Daemon Thread] INFO  statemachine.DatanodeStateMachine (DatanodeStateMachine.java:lambda$startDaemon$0(492)) - Ozone container server started.
2022-09-08 01:51:17,160 [org.apache.hadoop.util.JvmPauseMonitor$Monitor@7cc2eaa3] INFO  util.JvmPauseMonitor (JvmPauseMonitor.java:run(188)) - Starting JVM pause monitor
2022-09-08 01:51:17,185 [Datanode State Machine Task Thread - 0] INFO  datanode.InitDatanodeState (InitDatanodeState.java:persistContainerDatanodeDetails(138)) - DatanodeDetails is persisted to /home/runner/work/ozone/ozone/hadoop-ozone/integration-test/target/test-dir/MiniOzoneClusterImpl-4aa6bc8f-5b70-4167-bb18-fb485ad2a953/datanode-1/meta/datanode.id
2022-09-08 01:51:17,197 [Listener at 127.0.0.1/38889] INFO  upgrade.AbstractLayoutVersionManager (AbstractLayoutVersionManager.java:init(83)) - Initializing Layout version manager with metadata layout = DATANODE_SCHEMA_V3 (version = 4), software layout = DATANODE_SCHEMA_V3 (version = 4)
2022-09-08 01:51:17,228 [om1@group-C5BA1605619E-StateMachineUpdater] INFO  ratis.OzoneManagerStateMachine (OzoneManagerStateMachine.java:notifyConfigurationChanged(192)) - Received Configuration change notification from Ratis. New Peer list:
[id: "om1"
address: "localhost:9872"
]
2022-09-08 01:51:17,256 [Listener at 127.0.0.1/38889] INFO  reflections.Reflections (Reflections.java:scan(232)) - Reflections took 58 ms to scan 7 urls, producing 133 keys and 322 values 
2022-09-08 01:51:17,258 [Listener at 127.0.0.1/38889] INFO  statemachine.DatanodeStateMachine (DatanodeStateMachine.java:getEndPointTaskThreadPoolSize(237)) - Datanode State Machine Task Thread Pool size 2
2022-09-08 01:51:17,262 [Listener at 127.0.0.1/38889] INFO  volume.HddsVolume (HddsVolume.java:<init>(117)) - Creating HddsVolume: /home/runner/work/ozone/ozone/hadoop-ozone/integration-test/target/test-dir/MiniOzoneClusterImpl-4aa6bc8f-5b70-4167-bb18-fb485ad2a953/datanode-2/data-0/containers/hdds of storage type : DISK capacity : 9223372036854775807
2022-09-08 01:51:17,262 [Listener at 127.0.0.1/38889] INFO  volume.MutableVolumeSet (MutableVolumeSet.java:initializeVolumeSet(174)) - Added Volume : /home/runner/work/ozone/ozone/hadoop-ozone/integration-test/target/test-dir/MiniOzoneClusterImpl-4aa6bc8f-5b70-4167-bb18-fb485ad2a953/datanode-2/data-0/containers/hdds to VolumeSet
2022-09-08 01:51:17,262 [Listener at 127.0.0.1/38889] INFO  volume.ThrottledAsyncChecker (ThrottledAsyncChecker.java:schedule(141)) - Scheduling a check for /home/runner/work/ozone/ozone/hadoop-ozone/integration-test/target/test-dir/MiniOzoneClusterImpl-4aa6bc8f-5b70-4167-bb18-fb485ad2a953/datanode-2/data-0/containers/hdds
2022-09-08 01:51:17,265 [Listener at 127.0.0.1/38889] INFO  volume.StorageVolumeChecker (StorageVolumeChecker.java:checkAllVolumes(202)) - Scheduled health check for volume /home/runner/work/ozone/ozone/hadoop-ozone/integration-test/target/test-dir/MiniOzoneClusterImpl-4aa6bc8f-5b70-4167-bb18-fb485ad2a953/datanode-2/data-0/containers/hdds
2022-09-08 01:51:17,282 [Listener at 127.0.0.1/38889] INFO  volume.MutableVolumeSet (MutableVolumeSet.java:initializeVolumeSet(174)) - Added Volume : /home/runner/work/ozone/ozone/hadoop-ozone/integration-test/target/test-dir/MiniOzoneClusterImpl-4aa6bc8f-5b70-4167-bb18-fb485ad2a953/datanode-2/data/ratis to VolumeSet
2022-09-08 01:51:17,282 [Listener at 127.0.0.1/38889] INFO  volume.ThrottledAsyncChecker (ThrottledAsyncChecker.java:schedule(141)) - Scheduling a check for /home/runner/work/ozone/ozone/hadoop-ozone/integration-test/target/test-dir/MiniOzoneClusterImpl-4aa6bc8f-5b70-4167-bb18-fb485ad2a953/datanode-2/data/ratis
2022-09-08 01:51:17,282 [Listener at 127.0.0.1/38889] INFO  volume.StorageVolumeChecker (StorageVolumeChecker.java:checkAllVolumes(202)) - Scheduled health check for volume /home/runner/work/ozone/ozone/hadoop-ozone/integration-test/target/test-dir/MiniOzoneClusterImpl-4aa6bc8f-5b70-4167-bb18-fb485ad2a953/datanode-2/data/ratis
2022-09-08 01:51:17,297 [Thread-164] INFO  ozoneimpl.ContainerReader (ContainerReader.java:readVolume(175)) - Finish verifying containers on volume /home/runner/work/ozone/ozone/hadoop-ozone/integration-test/target/test-dir/MiniOzoneClusterImpl-4aa6bc8f-5b70-4167-bb18-fb485ad2a953/datanode-2/data-0/containers/hdds
2022-09-08 01:51:17,297 [Listener at 127.0.0.1/38889] INFO  ozoneimpl.OzoneContainer (OzoneContainer.java:buildContainerSet(300)) - Build ContainerSet costs 0s
2022-09-08 01:51:17,300 [Listener at 127.0.0.1/38889] INFO  server.RaftServer (ConfUtils.java:logGet(46)) - raft.rpc.type = GRPC (default)
2022-09-08 01:51:17,300 [Listener at 127.0.0.1/38889] INFO  grpc.GrpcFactory (GrpcFactory.java:checkPooledByteBufAllocatorUseCacheForAllThreads(48)) - PERFORMANCE WARNING: useCacheForAllThreads is true that may cause Netty to create a lot garbage objects and, as a result, trigger GC.
	It is recommended to disable useCacheForAllThreads by setting -Dorg.apache.ratis.thirdparty.io.netty.allocator.useCacheForAllThreads=false in command line.
2022-09-08 01:51:17,300 [Listener at 127.0.0.1/38889] INFO  grpc.GrpcConfigKeys (ConfUtils.java:logGet(46)) - raft.grpc.admin.port = 0 (custom)
2022-09-08 01:51:17,300 [Listener at 127.0.0.1/38889] INFO  grpc.GrpcConfigKeys (ConfUtils.java:logGet(46)) - raft.grpc.client.port = 0 (custom)
2022-09-08 01:51:17,301 [Listener at 127.0.0.1/38889] INFO  grpc.GrpcConfigKeys (ConfUtils.java:logGet(46)) - raft.grpc.server.port = 0 (default)
2022-09-08 01:51:17,301 [Listener at 127.0.0.1/38889] INFO  server.GrpcService (ConfUtils.java:logGet(46)) - raft.grpc.message.size.max = 32MB (=33554432) (custom)
2022-09-08 01:51:17,301 [Listener at 127.0.0.1/38889] INFO  server.RaftServerConfigKeys (ConfUtils.java:logGet(46)) - raft.server.log.appender.buffer.byte-limit = 33554432 (custom)
2022-09-08 01:51:17,301 [Listener at 127.0.0.1/38889] INFO  server.GrpcService (ConfUtils.java:logGet(46)) - raft.grpc.flow.control.window = 5MB (=5242880) (custom)
2022-09-08 01:51:17,301 [Listener at 127.0.0.1/38889] INFO  server.RaftServerConfigKeys (ConfUtils.java:logGet(46)) - raft.server.rpc.request.timeout = 60s (custom)
2022-09-08 01:51:17,301 [Listener at 127.0.0.1/38889] INFO  grpc.GrpcConfigKeys (ConfUtils.java:logGet(46)) - raft.grpc.server.async.request.thread.pool.cached = true (default)
2022-09-08 01:51:17,302 [Listener at 127.0.0.1/38889] INFO  grpc.GrpcConfigKeys (ConfUtils.java:logGet(46)) - raft.grpc.server.async.request.thread.pool.size = 32 (default)
2022-09-08 01:51:17,303 [Listener at 127.0.0.1/38889] INFO  impl.DataStreamServerImpl (ConfUtils.java:logGet(46)) - raft.datastream.type = DISABLED (default)
2022-09-08 01:51:17,303 [Listener at 127.0.0.1/38889] INFO  server.RaftServerConfigKeys (ConfUtils.java:logGet(46)) - raft.server.threadpool.proxy.cached = true (default)
2022-09-08 01:51:17,303 [Listener at 127.0.0.1/38889] INFO  server.RaftServerConfigKeys (ConfUtils.java:logGet(46)) - raft.server.threadpool.proxy.size = 0 (default)
2022-09-08 01:51:17,303 [Listener at 127.0.0.1/38889] INFO  server.RaftServerConfigKeys (ConfUtils.java:logGet(46)) - raft.server.rpc.slowness.timeout = 300s (custom)
2022-09-08 01:51:17,304 [Listener at 127.0.0.1/38889] INFO  server.RaftServerConfigKeys (ConfUtils.java:logGet(46)) - raft.server.leaderelection.leader.step-down.wait-time = 10s (default)
2022-09-08 01:51:17,307 [Listener at 127.0.0.1/38889] INFO  server.RaftServerConfigKeys (ConfUtils.java:logGet(46)) - raft.server.storage.dir = [/home/runner/work/ozone/ozone/hadoop-ozone/integration-test/target/test-dir/MiniOzoneClusterImpl-4aa6bc8f-5b70-4167-bb18-fb485ad2a953/datanode-2/data/ratis] (custom)
2022-09-08 01:51:17,309 [Listener at 127.0.0.1/38889] INFO  server.XceiverServerGrpc (XceiverServerGrpc.java:<init>(132)) - GrpcServer channel type EpollServerSocketChannel
2022-09-08 01:51:17,317 [Listener at 127.0.0.1/38889] INFO  http.BaseHttpServer (BaseHttpServer.java:newHttpServer2BuilderForOzone(213)) - Starting Web-server for hddsDatanode at: http://0.0.0.0:0
2022-09-08 01:51:17,317 [Listener at 127.0.0.1/38889] INFO  http.BaseHttpServer (BaseHttpServer.java:<init>(108)) - Hadoop Security Enabled: false Ozone Security Enabled: false Ozone HTTP Security Enabled: false 
2022-09-08 01:51:17,318 [Listener at 127.0.0.1/38889] INFO  server.AuthenticationFilter (AuthenticationFilter.java:constructSecretProvider(240)) - Unable to initialize FileSignerSecretProvider, falling back to use random secrets.
2022-09-08 01:51:17,319 [Listener at 127.0.0.1/38889] WARN  http.HttpRequestLog (HttpRequestLog.java:getRequestLog(103)) - Jetty request log can only be enabled using Log4j
2022-09-08 01:51:17,320 [Listener at 127.0.0.1/38889] INFO  http.HttpServer2 (HttpServer2.java:addGlobalFilter(1029)) - Added global filter 'safety' (class=org.apache.hadoop.hdds.server.http.HttpServer2$QuotingInputFilter)
2022-09-08 01:51:17,321 [Listener at 127.0.0.1/38889] INFO  http.HttpServer2 (HttpServer2.java:addFilter(1005)) - Added filter static_user_filter (class=org.apache.hadoop.http.lib.StaticUserWebFilter$StaticUserFilter) to context hddsDatanode
2022-09-08 01:51:17,321 [Listener at 127.0.0.1/38889] INFO  http.HttpServer2 (HttpServer2.java:addFilter(1013)) - Added filter static_user_filter (class=org.apache.hadoop.http.lib.StaticUserWebFilter$StaticUserFilter) to context logs
2022-09-08 01:51:17,322 [Listener at 127.0.0.1/38889] INFO  http.HttpServer2 (HttpServer2.java:addFilter(1013)) - Added filter static_user_filter (class=org.apache.hadoop.http.lib.StaticUserWebFilter$StaticUserFilter) to context static
2022-09-08 01:51:17,322 [Listener at 127.0.0.1/38889] INFO  http.HttpServer2 (HttpServer2.java:bindListener(1248)) - Jetty bound to port 37183
2022-09-08 01:51:17,322 [Listener at 127.0.0.1/38889] INFO  server.Server (Server.java:doStart(375)) - jetty-9.4.43.v20210629; built: 2021-06-30T11:07:22.254Z; git: 526006ecfa3af7f1a27ef3a288e2bef7ea9dd7e8; jvm 1.8.0_345-b01
2022-09-08 01:51:17,325 [Listener at 127.0.0.1/38889] INFO  server.session (DefaultSessionIdManager.java:doStart(334)) - DefaultSessionIdManager workerName=node0
2022-09-08 01:51:17,325 [Listener at 127.0.0.1/38889] INFO  server.session (DefaultSessionIdManager.java:doStart(339)) - No SessionScavenger set, using defaults
2022-09-08 01:51:17,325 [Listener at 127.0.0.1/38889] INFO  server.session (HouseKeeper.java:startScavenging(132)) - node0 Scavenging every 600000ms
2022-09-08 01:51:17,326 [Listener at 127.0.0.1/38889] INFO  handler.ContextHandler (ContextHandler.java:doStart(915)) - Started o.e.j.s.ServletContextHandler@6bb0a32c{logs,/logs,file:///home/runner/work/ozone/ozone/hadoop-ozone/integration-test/target/log,AVAILABLE}
2022-09-08 01:51:17,327 [Listener at 127.0.0.1/38889] INFO  handler.ContextHandler (ContextHandler.java:doStart(915)) - Started o.e.j.s.ServletContextHandler@c04ab48{static,/static,jar:file:/home/runner/.m2/repository/org/apache/ozone/hdds-container-service/1.3.0-SNAPSHOT/hdds-container-service-1.3.0-SNAPSHOT.jar!/webapps/static,AVAILABLE}
2022-09-08 01:51:17,490 [Listener at 127.0.0.1/38889] INFO  handler.ContextHandler (ContextHandler.java:doStart(915)) - Started o.e.j.w.WebAppContext@4f45a09c{hddsDatanode,/,file:///tmp/jetty-0_0_0_0-37183-hdds-container-service-1_3_0-SNAPSHOT_jar-_-any-1637875710467887375/webapp/,AVAILABLE}{jar:file:/home/runner/.m2/repository/org/apache/ozone/hdds-container-service/1.3.0-SNAPSHOT/hdds-container-service-1.3.0-SNAPSHOT.jar!/webapps/hddsDatanode}
2022-09-08 01:51:17,493 [Listener at 127.0.0.1/38889] INFO  server.AbstractConnector (AbstractConnector.java:doStart(331)) - Started ServerConnector@5620a340{HTTP/1.1, (http/1.1)}{0.0.0.0:37183}
2022-09-08 01:51:17,493 [Listener at 127.0.0.1/38889] INFO  server.Server (Server.java:doStart(415)) - Started @9057ms
2022-09-08 01:51:17,493 [Listener at 127.0.0.1/38889] WARN  impl.MetricsSystemImpl (MetricsSystemImpl.java:register(279)) - Sink prometheus already exists!
2022-09-08 01:51:17,494 [Listener at 127.0.0.1/38889] INFO  http.BaseHttpServer (BaseHttpServer.java:updateConnectorAddress(333)) - HTTP server of hddsDatanode listening at http://0.0.0.0:37183
2022-09-08 01:51:17,497 [Datanode State Machine Daemon Thread] INFO  statemachine.DatanodeStateMachine (DatanodeStateMachine.java:lambda$startDaemon$0(492)) - Ozone container server started.
2022-09-08 01:51:17,499 [Listener at 127.0.0.1/38889] INFO  ozone.MiniOzoneClusterImpl (MiniOzoneClusterImpl.java:lambda$waitForClusterToBeReady$0(216)) - Waiting for nodes to be ready. Got 0 of 3 DN Heartbeats.
2022-09-08 01:51:17,499 [Listener at 127.0.0.1/38889] INFO  ozone.MiniOzoneClusterImpl (MiniOzoneClusterImpl.java:lambda$waitForClusterToBeReady$0(219)) - Waiting for cluster to exit safe mode
2022-09-08 01:51:17,499 [Listener at 127.0.0.1/38889] INFO  ozone.MiniOzoneClusterImpl (MiniOzoneClusterImpl.java:lambda$waitForClusterToBeReady$0(221)) - SCM became leader
2022-09-08 01:51:17,500 [org.apache.hadoop.util.JvmPauseMonitor$Monitor@1fd164de] INFO  util.JvmPauseMonitor (JvmPauseMonitor.java:run(188)) - Starting JVM pause monitor
2022-09-08 01:51:17,503 [Datanode State Machine Task Thread - 0] INFO  datanode.InitDatanodeState (InitDatanodeState.java:persistContainerDatanodeDetails(138)) - DatanodeDetails is persisted to /home/runner/work/ozone/ozone/hadoop-ozone/integration-test/target/test-dir/MiniOzoneClusterImpl-4aa6bc8f-5b70-4167-bb18-fb485ad2a953/datanode-2/meta/datanode.id
2022-09-08 01:51:18,500 [Listener at 127.0.0.1/38889] INFO  ozone.MiniOzoneClusterImpl (MiniOzoneClusterImpl.java:lambda$waitForClusterToBeReady$0(216)) - Waiting for nodes to be ready. Got 0 of 3 DN Heartbeats.
2022-09-08 01:51:18,500 [Listener at 127.0.0.1/38889] INFO  ozone.MiniOzoneClusterImpl (MiniOzoneClusterImpl.java:lambda$waitForClusterToBeReady$0(219)) - Waiting for cluster to exit safe mode
2022-09-08 01:51:18,500 [Listener at 127.0.0.1/38889] INFO  ozone.MiniOzoneClusterImpl (MiniOzoneClusterImpl.java:lambda$waitForClusterToBeReady$0(221)) - SCM became leader
2022-09-08 01:51:18,783 [EndpointStateMachine task thread for /0.0.0.0:44987 - 0 ] INFO  volume.HddsVolume (HddsVolume.java:createDbStore(310)) - SchemaV3 db is created and loaded at /home/runner/work/ozone/ozone/hadoop-ozone/integration-test/target/test-dir/MiniOzoneClusterImpl-4aa6bc8f-5b70-4167-bb18-fb485ad2a953/datanode-0/data-0/containers/hdds/4aa6bc8f-5b70-4167-bb18-fb485ad2a953/DS-abef27d2-8b04-4d41-9cbe-3542acc5a7f6/container.db for volume DS-abef27d2-8b04-4d41-9cbe-3542acc5a7f6
2022-09-08 01:51:18,786 [EndpointStateMachine task thread for /0.0.0.0:44987 - 0 ] INFO  volume.HddsVolume (HddsVolume.java:closeDbStore(341)) - SchemaV3 db is stopped at /home/runner/work/ozone/ozone/hadoop-ozone/integration-test/target/test-dir/MiniOzoneClusterImpl-4aa6bc8f-5b70-4167-bb18-fb485ad2a953/datanode-0/data-0/containers/hdds/4aa6bc8f-5b70-4167-bb18-fb485ad2a953/DS-abef27d2-8b04-4d41-9cbe-3542acc5a7f6/container.db for volume DS-abef27d2-8b04-4d41-9cbe-3542acc5a7f6
2022-09-08 01:51:18,787 [EndpointStateMachine task thread for /0.0.0.0:44987 - 0 ] INFO  ozoneimpl.OzoneContainer (OzoneContainer.java:start(378)) - Attempting to start container services.
2022-09-08 01:51:18,790 [EndpointStateMachine task thread for /0.0.0.0:44987 - 0 ] INFO  ozoneimpl.OzoneContainer (OzoneContainer.java:startContainerScrub(313)) - Background container scanner has been disabled.
2022-09-08 01:51:18,792 [EndpointStateMachine task thread for /0.0.0.0:44987 - 0 ] INFO  replication.ReplicationServer (ReplicationServer.java:start(111)) - ReplicationServer is started using port 33079
2022-09-08 01:51:18,794 [EndpointStateMachine task thread for /0.0.0.0:44987 - 0 ] INFO  ratis.XceiverServerRatis (XceiverServerRatis.java:start(481)) - Starting XceiverServerRatis e90bc429-7749-49ff-bc0d-e80a56f537c2
2022-09-08 01:51:18,797 [EndpointStateMachine task thread for /0.0.0.0:44987 - 0 ] INFO  server.RaftServer (RaftServerProxy.java:lambda$start$6(382)) - e90bc429-7749-49ff-bc0d-e80a56f537c2: start RPC server
2022-09-08 01:51:18,803 [EndpointStateMachine task thread for /0.0.0.0:44987 - 0 ] INFO  server.GrpcService (GrpcService.java:startImpl(260)) - e90bc429-7749-49ff-bc0d-e80a56f537c2: GrpcService started, listening on 38745
2022-09-08 01:51:18,803 [EndpointStateMachine task thread for /0.0.0.0:44987 - 0 ] INFO  ratis.XceiverServerRatis (XceiverServerRatis.java:getRealPort(502)) - XceiverServerRatis e90bc429-7749-49ff-bc0d-e80a56f537c2 is started using port 38745 for RATIS
2022-09-08 01:51:18,803 [EndpointStateMachine task thread for /0.0.0.0:44987 - 0 ] INFO  ratis.XceiverServerRatis (XceiverServerRatis.java:getRealPort(502)) - XceiverServerRatis e90bc429-7749-49ff-bc0d-e80a56f537c2 is started using port 38745 for RATIS_ADMIN
2022-09-08 01:51:18,803 [EndpointStateMachine task thread for /0.0.0.0:44987 - 0 ] INFO  ratis.XceiverServerRatis (XceiverServerRatis.java:getRealPort(502)) - XceiverServerRatis e90bc429-7749-49ff-bc0d-e80a56f537c2 is started using port 38745 for RATIS_SERVER
2022-09-08 01:51:18,804 [org.apache.ratis.util.JvmPauseMonitor$$Lambda$687/845490267@acccfb7] INFO  util.JvmPauseMonitor (JvmPauseMonitor.java:run(103)) - JvmPauseMonitor-e90bc429-7749-49ff-bc0d-e80a56f537c2: Started
2022-09-08 01:51:18,809 [EndpointStateMachine task thread for /0.0.0.0:44987 - 0 ] INFO  server.XceiverServerGrpc (XceiverServerGrpc.java:start(180)) - XceiverServerGrpc e90bc429-7749-49ff-bc0d-e80a56f537c2 is started using port 38209
2022-09-08 01:51:19,203 [EndpointStateMachine task thread for /0.0.0.0:44987 - 0 ] INFO  volume.HddsVolume (HddsVolume.java:createDbStore(310)) - SchemaV3 db is created and loaded at /home/runner/work/ozone/ozone/hadoop-ozone/integration-test/target/test-dir/MiniOzoneClusterImpl-4aa6bc8f-5b70-4167-bb18-fb485ad2a953/datanode-1/data-0/containers/hdds/4aa6bc8f-5b70-4167-bb18-fb485ad2a953/DS-1824f442-a1df-4601-9444-573a277358d2/container.db for volume DS-1824f442-a1df-4601-9444-573a277358d2
2022-09-08 01:51:19,205 [EndpointStateMachine task thread for /0.0.0.0:44987 - 0 ] INFO  volume.HddsVolume (HddsVolume.java:closeDbStore(341)) - SchemaV3 db is stopped at /home/runner/work/ozone/ozone/hadoop-ozone/integration-test/target/test-dir/MiniOzoneClusterImpl-4aa6bc8f-5b70-4167-bb18-fb485ad2a953/datanode-1/data-0/containers/hdds/4aa6bc8f-5b70-4167-bb18-fb485ad2a953/DS-1824f442-a1df-4601-9444-573a277358d2/container.db for volume DS-1824f442-a1df-4601-9444-573a277358d2
2022-09-08 01:51:19,205 [EndpointStateMachine task thread for /0.0.0.0:44987 - 0 ] INFO  ozoneimpl.OzoneContainer (OzoneContainer.java:start(378)) - Attempting to start container services.
2022-09-08 01:51:19,205 [EndpointStateMachine task thread for /0.0.0.0:44987 - 0 ] INFO  ozoneimpl.OzoneContainer (OzoneContainer.java:startContainerScrub(313)) - Background container scanner has been disabled.
2022-09-08 01:51:19,209 [EndpointStateMachine task thread for /0.0.0.0:44987 - 0 ] INFO  replication.ReplicationServer (ReplicationServer.java:start(111)) - ReplicationServer is started using port 41339
2022-09-08 01:51:19,209 [EndpointStateMachine task thread for /0.0.0.0:44987 - 0 ] INFO  ratis.XceiverServerRatis (XceiverServerRatis.java:start(481)) - Starting XceiverServerRatis 8445baa6-3cb3-42f1-9022-eafd6ea290b7
2022-09-08 01:51:19,213 [EndpointStateMachine task thread for /0.0.0.0:44987 - 0 ] INFO  server.RaftServer (RaftServerProxy.java:lambda$start$6(382)) - 8445baa6-3cb3-42f1-9022-eafd6ea290b7: start RPC server
2022-09-08 01:51:19,214 [EndpointStateMachine task thread for /0.0.0.0:44987 - 0 ] INFO  server.GrpcService (GrpcService.java:startImpl(260)) - 8445baa6-3cb3-42f1-9022-eafd6ea290b7: GrpcService started, listening on 43367
2022-09-08 01:51:19,217 [EndpointStateMachine task thread for /0.0.0.0:44987 - 0 ] INFO  ratis.XceiverServerRatis (XceiverServerRatis.java:getRealPort(502)) - XceiverServerRatis 8445baa6-3cb3-42f1-9022-eafd6ea290b7 is started using port 43367 for RATIS
2022-09-08 01:51:19,217 [EndpointStateMachine task thread for /0.0.0.0:44987 - 0 ] INFO  ratis.XceiverServerRatis (XceiverServerRatis.java:getRealPort(502)) - XceiverServerRatis 8445baa6-3cb3-42f1-9022-eafd6ea290b7 is started using port 43367 for RATIS_ADMIN
2022-09-08 01:51:19,217 [EndpointStateMachine task thread for /0.0.0.0:44987 - 0 ] INFO  ratis.XceiverServerRatis (XceiverServerRatis.java:getRealPort(502)) - XceiverServerRatis 8445baa6-3cb3-42f1-9022-eafd6ea290b7 is started using port 43367 for RATIS_SERVER
2022-09-08 01:51:19,217 [org.apache.ratis.util.JvmPauseMonitor$$Lambda$687/845490267@389380c6] INFO  util.JvmPauseMonitor (JvmPauseMonitor.java:run(103)) - JvmPauseMonitor-8445baa6-3cb3-42f1-9022-eafd6ea290b7: Started
2022-09-08 01:51:19,218 [EndpointStateMachine task thread for /0.0.0.0:44987 - 0 ] INFO  server.XceiverServerGrpc (XceiverServerGrpc.java:start(180)) - XceiverServerGrpc 8445baa6-3cb3-42f1-9022-eafd6ea290b7 is started using port 37653
2022-09-08 01:51:19,501 [Listener at 127.0.0.1/38889] INFO  ozone.MiniOzoneClusterImpl (MiniOzoneClusterImpl.java:lambda$waitForClusterToBeReady$0(216)) - Waiting for nodes to be ready. Got 0 of 3 DN Heartbeats.
2022-09-08 01:51:19,503 [Listener at 127.0.0.1/38889] INFO  ozone.MiniOzoneClusterImpl (MiniOzoneClusterImpl.java:lambda$waitForClusterToBeReady$0(219)) - Waiting for cluster to exit safe mode
2022-09-08 01:51:19,504 [Listener at 127.0.0.1/38889] INFO  ozone.MiniOzoneClusterImpl (MiniOzoneClusterImpl.java:lambda$waitForClusterToBeReady$0(221)) - SCM became leader
2022-09-08 01:51:19,536 [EndpointStateMachine task thread for /0.0.0.0:44987 - 0 ] INFO  volume.HddsVolume (HddsVolume.java:createDbStore(310)) - SchemaV3 db is created and loaded at /home/runner/work/ozone/ozone/hadoop-ozone/integration-test/target/test-dir/MiniOzoneClusterImpl-4aa6bc8f-5b70-4167-bb18-fb485ad2a953/datanode-2/data-0/containers/hdds/4aa6bc8f-5b70-4167-bb18-fb485ad2a953/DS-f4cd0969-8a0e-47e9-9fa0-78149ea552a5/container.db for volume DS-f4cd0969-8a0e-47e9-9fa0-78149ea552a5
2022-09-08 01:51:19,538 [EndpointStateMachine task thread for /0.0.0.0:44987 - 0 ] INFO  volume.HddsVolume (HddsVolume.java:closeDbStore(341)) - SchemaV3 db is stopped at /home/runner/work/ozone/ozone/hadoop-ozone/integration-test/target/test-dir/MiniOzoneClusterImpl-4aa6bc8f-5b70-4167-bb18-fb485ad2a953/datanode-2/data-0/containers/hdds/4aa6bc8f-5b70-4167-bb18-fb485ad2a953/DS-f4cd0969-8a0e-47e9-9fa0-78149ea552a5/container.db for volume DS-f4cd0969-8a0e-47e9-9fa0-78149ea552a5
2022-09-08 01:51:19,538 [EndpointStateMachine task thread for /0.0.0.0:44987 - 0 ] INFO  ozoneimpl.OzoneContainer (OzoneContainer.java:start(378)) - Attempting to start container services.
2022-09-08 01:51:19,538 [EndpointStateMachine task thread for /0.0.0.0:44987 - 0 ] INFO  ozoneimpl.OzoneContainer (OzoneContainer.java:startContainerScrub(313)) - Background container scanner has been disabled.
2022-09-08 01:51:19,540 [EndpointStateMachine task thread for /0.0.0.0:44987 - 0 ] INFO  replication.ReplicationServer (ReplicationServer.java:start(111)) - ReplicationServer is started using port 39079
2022-09-08 01:51:19,540 [EndpointStateMachine task thread for /0.0.0.0:44987 - 0 ] INFO  ratis.XceiverServerRatis (XceiverServerRatis.java:start(481)) - Starting XceiverServerRatis 6b2388e8-0560-444a-8e4b-0f808c784072
2022-09-08 01:51:19,541 [EndpointStateMachine task thread for /0.0.0.0:44987 - 0 ] INFO  server.RaftServer (RaftServerProxy.java:lambda$start$6(382)) - 6b2388e8-0560-444a-8e4b-0f808c784072: start RPC server
2022-09-08 01:51:19,543 [EndpointStateMachine task thread for /0.0.0.0:44987 - 0 ] INFO  server.GrpcService (GrpcService.java:startImpl(260)) - 6b2388e8-0560-444a-8e4b-0f808c784072: GrpcService started, listening on 36431
2022-09-08 01:51:19,543 [EndpointStateMachine task thread for /0.0.0.0:44987 - 0 ] INFO  ratis.XceiverServerRatis (XceiverServerRatis.java:getRealPort(502)) - XceiverServerRatis 6b2388e8-0560-444a-8e4b-0f808c784072 is started using port 36431 for RATIS
2022-09-08 01:51:19,543 [org.apache.ratis.util.JvmPauseMonitor$$Lambda$687/845490267@18107044] INFO  util.JvmPauseMonitor (JvmPauseMonitor.java:run(103)) - JvmPauseMonitor-6b2388e8-0560-444a-8e4b-0f808c784072: Started
2022-09-08 01:51:19,543 [EndpointStateMachine task thread for /0.0.0.0:44987 - 0 ] INFO  ratis.XceiverServerRatis (XceiverServerRatis.java:getRealPort(502)) - XceiverServerRatis 6b2388e8-0560-444a-8e4b-0f808c784072 is started using port 36431 for RATIS_ADMIN
2022-09-08 01:51:19,543 [EndpointStateMachine task thread for /0.0.0.0:44987 - 0 ] INFO  ratis.XceiverServerRatis (XceiverServerRatis.java:getRealPort(502)) - XceiverServerRatis 6b2388e8-0560-444a-8e4b-0f808c784072 is started using port 36431 for RATIS_SERVER
2022-09-08 01:51:19,551 [EndpointStateMachine task thread for /0.0.0.0:44987 - 0 ] INFO  server.XceiverServerGrpc (XceiverServerGrpc.java:start(180)) - XceiverServerGrpc 6b2388e8-0560-444a-8e4b-0f808c784072 is started using port 38483
2022-09-08 01:51:20,504 [Listener at 127.0.0.1/38889] INFO  ozone.MiniOzoneClusterImpl (MiniOzoneClusterImpl.java:lambda$waitForClusterToBeReady$0(216)) - Waiting for nodes to be ready. Got 0 of 3 DN Heartbeats.
2022-09-08 01:51:20,504 [Listener at 127.0.0.1/38889] INFO  ozone.MiniOzoneClusterImpl (MiniOzoneClusterImpl.java:lambda$waitForClusterToBeReady$0(219)) - Waiting for cluster to exit safe mode
2022-09-08 01:51:20,505 [Listener at 127.0.0.1/38889] INFO  ozone.MiniOzoneClusterImpl (MiniOzoneClusterImpl.java:lambda$waitForClusterToBeReady$0(221)) - SCM became leader
2022-09-08 01:51:20,704 [IPC Server handler 0 on default port 44987] INFO  net.NetworkTopologyImpl (NetworkTopologyImpl.java:add(112)) - Added a new node: /default-rack/e90bc429-7749-49ff-bc0d-e80a56f537c2
2022-09-08 01:51:20,706 [IPC Server handler 0 on default port 44987] INFO  node.SCMNodeManager (SCMNodeManager.java:register(397)) - Registered Data node : e90bc429-7749-49ff-bc0d-e80a56f537c2{ip: 10.1.1.0, host: fv-az38-857.qiceih3q1hfe5a3ai3y3qk2fta.cx.internal.cloudapp.net, ports: [REPLICATION=33079, RATIS=38745, RATIS_ADMIN=38745, RATIS_SERVER=38745, STANDALONE=38209], networkLocation: /default-rack, certSerialId: null, persistedOpState: null, persistedOpStateExpiryEpochSec: 0}
2022-09-08 01:51:20,712 [EventQueue-NewNodeForNewNodeHandler] INFO  pipeline.BackgroundPipelineCreator (BackgroundPipelineCreator.java:notifyEventTriggered(276)) - trigger a one-shot run on RatisPipelineUtilsThread.
2022-09-08 01:51:20,719 [RatisPipelineUtilsThread - 0] INFO  pipeline.RatisPipelineProvider (RatisPipelineProvider.java:lambda$create$0(195)) - Sending CreatePipelineCommand for pipeline:PipelineID=b992d2c3-f7dc-46f4-bc35-46bd4119a0b4 to datanode:e90bc429-7749-49ff-bc0d-e80a56f537c2
2022-09-08 01:51:20,720 [EventQueue-NodeRegistrationContainerReportForContainerSafeModeRule] INFO  safemode.SCMSafeModeManager (SCMSafeModeManager.java:validateSafeModeExitRules(204)) - ContainerSafeModeRule rule is successfully validated
2022-09-08 01:51:20,721 [EventQueue-NodeRegistrationContainerReportForDataNodeSafeModeRule] INFO  safemode.SCMSafeModeManager (DataNodeSafeModeRule.java:process(71)) - SCM in safe mode. 1 DataNodes registered, 3 required.
2022-09-08 01:51:20,721 [EventQueue-PipelineReportForOneReplicaPipelineSafeModeRule] INFO  safemode.SCMSafeModeManager (SCMSafeModeManager.java:validateSafeModeExitRules(204)) - AtleastOneDatanodeReportedRule rule is successfully validated
2022-09-08 01:51:20,737 [RatisPipelineUtilsThread - 0] INFO  pipeline.PipelineStateManagerImpl (PipelineStateManagerImpl.java:addPipeline(103)) - Created pipeline Pipeline[ Id: b992d2c3-f7dc-46f4-bc35-46bd4119a0b4, Nodes: e90bc429-7749-49ff-bc0d-e80a56f537c2{ip: 10.1.1.0, host: fv-az38-857.qiceih3q1hfe5a3ai3y3qk2fta.cx.internal.cloudapp.net, ports: [REPLICATION=33079, RATIS=38745, RATIS_ADMIN=38745, RATIS_SERVER=38745, STANDALONE=38209], networkLocation: /default-rack, certSerialId: null, persistedOpState: IN_SERVICE, persistedOpStateExpiryEpochSec: 0}, ReplicationConfig: RATIS/ONE, State:ALLOCATED, leaderId:, CreationTimestamp2022-09-08T01:51:20.718Z[Etc/UTC]].
2022-09-08 01:51:21,163 [IPC Server handler 1 on default port 44987] INFO  net.NetworkTopologyImpl (NetworkTopologyImpl.java:add(112)) - Added a new node: /default-rack/8445baa6-3cb3-42f1-9022-eafd6ea290b7
2022-09-08 01:51:21,163 [IPC Server handler 1 on default port 44987] INFO  node.SCMNodeManager (SCMNodeManager.java:register(397)) - Registered Data node : 8445baa6-3cb3-42f1-9022-eafd6ea290b7{ip: 10.1.1.0, host: fv-az38-857.qiceih3q1hfe5a3ai3y3qk2fta.cx.internal.cloudapp.net, ports: [REPLICATION=41339, RATIS=43367, RATIS_ADMIN=43367, RATIS_SERVER=43367, STANDALONE=37653], networkLocation: /default-rack, certSerialId: null, persistedOpState: null, persistedOpStateExpiryEpochSec: 0}
2022-09-08 01:51:21,164 [EventQueue-NewNodeForNewNodeHandler] INFO  pipeline.BackgroundPipelineCreator (BackgroundPipelineCreator.java:notifyEventTriggered(276)) - trigger a one-shot run on RatisPipelineUtilsThread.
2022-09-08 01:51:21,165 [EventQueue-NodeRegistrationContainerReportForDataNodeSafeModeRule] INFO  safemode.SCMSafeModeManager (DataNodeSafeModeRule.java:process(71)) - SCM in safe mode. 2 DataNodes registered, 3 required.
2022-09-08 01:51:21,167 [RatisPipelineUtilsThread - 0] INFO  pipeline.RatisPipelineProvider (RatisPipelineProvider.java:lambda$create$0(195)) - Sending CreatePipelineCommand for pipeline:PipelineID=b5479ab1-812a-4668-a13f-1aee9617d077 to datanode:8445baa6-3cb3-42f1-9022-eafd6ea290b7
2022-09-08 01:51:21,167 [RatisPipelineUtilsThread - 0] INFO  pipeline.PipelineStateManagerImpl (PipelineStateManagerImpl.java:addPipeline(103)) - Created pipeline Pipeline[ Id: b5479ab1-812a-4668-a13f-1aee9617d077, Nodes: 8445baa6-3cb3-42f1-9022-eafd6ea290b7{ip: 10.1.1.0, host: fv-az38-857.qiceih3q1hfe5a3ai3y3qk2fta.cx.internal.cloudapp.net, ports: [REPLICATION=41339, RATIS=43367, RATIS_ADMIN=43367, RATIS_SERVER=43367, STANDALONE=37653], networkLocation: /default-rack, certSerialId: null, persistedOpState: IN_SERVICE, persistedOpStateExpiryEpochSec: 0}, ReplicationConfig: RATIS/ONE, State:ALLOCATED, leaderId:, CreationTimestamp2022-09-08T01:51:21.167Z[Etc/UTC]].
2022-09-08 01:51:21,502 [IPC Server handler 3 on default port 44987] INFO  net.NetworkTopologyImpl (NetworkTopologyImpl.java:add(112)) - Added a new node: /default-rack/6b2388e8-0560-444a-8e4b-0f808c784072
2022-09-08 01:51:21,503 [IPC Server handler 3 on default port 44987] INFO  node.SCMNodeManager (SCMNodeManager.java:register(397)) - Registered Data node : 6b2388e8-0560-444a-8e4b-0f808c784072{ip: 10.1.1.0, host: fv-az38-857.qiceih3q1hfe5a3ai3y3qk2fta.cx.internal.cloudapp.net, ports: [REPLICATION=39079, RATIS=36431, RATIS_ADMIN=36431, RATIS_SERVER=36431, STANDALONE=38483], networkLocation: /default-rack, certSerialId: null, persistedOpState: null, persistedOpStateExpiryEpochSec: 0}
2022-09-08 01:51:21,503 [EventQueue-NewNodeForNewNodeHandler] INFO  pipeline.BackgroundPipelineCreator (BackgroundPipelineCreator.java:notifyEventTriggered(276)) - trigger a one-shot run on RatisPipelineUtilsThread.
2022-09-08 01:51:21,504 [EventQueue-NodeRegistrationContainerReportForDataNodeSafeModeRule] INFO  safemode.SCMSafeModeManager (DataNodeSafeModeRule.java:process(71)) - SCM in safe mode. 3 DataNodes registered, 3 required.
2022-09-08 01:51:21,504 [EventQueue-NodeRegistrationContainerReportForDataNodeSafeModeRule] INFO  safemode.SCMSafeModeManager (SCMSafeModeManager.java:validateSafeModeExitRules(204)) - DataNodeSafeModeRule rule is successfully validated
2022-09-08 01:51:21,504 [EventQueue-NodeRegistrationContainerReportForDataNodeSafeModeRule] INFO  safemode.SCMSafeModeManager (SCMSafeModeManager.java:completePreCheck(233)) - All SCM safe mode pre check rules have passed
2022-09-08 01:51:21,504 [EventQueue-NodeRegistrationContainerReportForDataNodeSafeModeRule] WARN  events.EventQueue (EventQueue.java:fireEvent(216)) - No event handler registered for event TypedEvent{payloadType=SafeModeStatus, name='Safe mode status'}
2022-09-08 01:51:21,504 [EventQueue-NodeRegistrationContainerReportForDataNodeSafeModeRule] INFO  ha.SCMContext (SCMContext.java:updateSafeModeStatus(228)) - Update SafeModeStatus from SafeModeStatus{safeModeStatus=true, preCheckPassed=false} to SafeModeStatus{safeModeStatus=true, preCheckPassed=true}.
2022-09-08 01:51:21,504 [EventQueue-NodeRegistrationContainerReportForDataNodeSafeModeRule] INFO  pipeline.BackgroundPipelineCreator (BackgroundPipelineCreator.java:notifyEventTriggered(276)) - trigger a one-shot run on RatisPipelineUtilsThread.
2022-09-08 01:51:21,505 [RatisPipelineUtilsThread - 0] INFO  pipeline.RatisPipelineProvider (RatisPipelineProvider.java:lambda$create$0(195)) - Sending CreatePipelineCommand for pipeline:PipelineID=8bf46552-2b39-4077-8235-f183e1edede0 to datanode:6b2388e8-0560-444a-8e4b-0f808c784072
2022-09-08 01:51:21,505 [RatisPipelineUtilsThread - 0] INFO  pipeline.PipelineStateManagerImpl (PipelineStateManagerImpl.java:addPipeline(103)) - Created pipeline Pipeline[ Id: 8bf46552-2b39-4077-8235-f183e1edede0, Nodes: 6b2388e8-0560-444a-8e4b-0f808c784072{ip: 10.1.1.0, host: fv-az38-857.qiceih3q1hfe5a3ai3y3qk2fta.cx.internal.cloudapp.net, ports: [REPLICATION=39079, RATIS=36431, RATIS_ADMIN=36431, RATIS_SERVER=36431, STANDALONE=38483], networkLocation: /default-rack, certSerialId: null, persistedOpState: IN_SERVICE, persistedOpStateExpiryEpochSec: 0}, ReplicationConfig: RATIS/ONE, State:ALLOCATED, leaderId:, CreationTimestamp2022-09-08T01:51:21.504Z[Etc/UTC]].
2022-09-08 01:51:21,509 [Listener at 127.0.0.1/38889] INFO  ozone.MiniOzoneClusterImpl (MiniOzoneClusterImpl.java:lambda$waitForClusterToBeReady$0(216)) - Nodes are ready. Got 3 of 3 DN Heartbeats.
2022-09-08 01:51:21,509 [Listener at 127.0.0.1/38889] INFO  ozone.MiniOzoneClusterImpl (MiniOzoneClusterImpl.java:lambda$waitForClusterToBeReady$0(219)) - Waiting for cluster to exit safe mode
2022-09-08 01:51:21,509 [Listener at 127.0.0.1/38889] INFO  ozone.MiniOzoneClusterImpl (MiniOzoneClusterImpl.java:lambda$waitForClusterToBeReady$0(221)) - SCM became leader
2022-09-08 01:51:21,510 [RatisPipelineUtilsThread - 0] INFO  pipeline.RatisPipelineProvider (RatisPipelineProvider.java:lambda$create$0(195)) - Sending CreatePipelineCommand for pipeline:PipelineID=368da934-72f9-4339-8266-d8d77e62ed9a to datanode:8445baa6-3cb3-42f1-9022-eafd6ea290b7
2022-09-08 01:51:21,511 [RatisPipelineUtilsThread - 0] INFO  pipeline.RatisPipelineProvider (RatisPipelineProvider.java:lambda$create$0(195)) - Sending CreatePipelineCommand for pipeline:PipelineID=368da934-72f9-4339-8266-d8d77e62ed9a to datanode:6b2388e8-0560-444a-8e4b-0f808c784072
2022-09-08 01:51:21,511 [RatisPipelineUtilsThread - 0] INFO  pipeline.RatisPipelineProvider (RatisPipelineProvider.java:lambda$create$0(195)) - Sending CreatePipelineCommand for pipeline:PipelineID=368da934-72f9-4339-8266-d8d77e62ed9a to datanode:e90bc429-7749-49ff-bc0d-e80a56f537c2
2022-09-08 01:51:21,514 [RatisPipelineUtilsThread - 0] INFO  pipeline.PipelineStateManagerImpl (PipelineStateManagerImpl.java:addPipeline(103)) - Created pipeline Pipeline[ Id: 368da934-72f9-4339-8266-d8d77e62ed9a, Nodes: 8445baa6-3cb3-42f1-9022-eafd6ea290b7{ip: 10.1.1.0, host: fv-az38-857.qiceih3q1hfe5a3ai3y3qk2fta.cx.internal.cloudapp.net, ports: [REPLICATION=41339, RATIS=43367, RATIS_ADMIN=43367, RATIS_SERVER=43367, STANDALONE=37653], networkLocation: /default-rack, certSerialId: null, persistedOpState: IN_SERVICE, persistedOpStateExpiryEpochSec: 0}6b2388e8-0560-444a-8e4b-0f808c784072{ip: 10.1.1.0, host: fv-az38-857.qiceih3q1hfe5a3ai3y3qk2fta.cx.internal.cloudapp.net, ports: [REPLICATION=39079, RATIS=36431, RATIS_ADMIN=36431, RATIS_SERVER=36431, STANDALONE=38483], networkLocation: /default-rack, certSerialId: null, persistedOpState: IN_SERVICE, persistedOpStateExpiryEpochSec: 0}e90bc429-7749-49ff-bc0d-e80a56f537c2{ip: 10.1.1.0, host: fv-az38-857.qiceih3q1hfe5a3ai3y3qk2fta.cx.internal.cloudapp.net, ports: [REPLICATION=33079, RATIS=38745, RATIS_ADMIN=38745, RATIS_SERVER=38745, STANDALONE=38209], networkLocation: /default-rack, certSerialId: null, persistedOpState: IN_SERVICE, persistedOpStateExpiryEpochSec: 0}, ReplicationConfig: RATIS/THREE, State:ALLOCATED, leaderId:, CreationTimestamp2022-09-08T01:51:21.510Z[Etc/UTC]].
2022-09-08 01:51:21,516 [RatisPipelineUtilsThread - 0] INFO  pipeline.RatisPipelineProvider (RatisPipelineProvider.java:lambda$create$0(195)) - Sending CreatePipelineCommand for pipeline:PipelineID=69a4666b-c0af-4dbf-964b-45321734df4e to datanode:e90bc429-7749-49ff-bc0d-e80a56f537c2
2022-09-08 01:51:21,516 [RatisPipelineUtilsThread - 0] INFO  pipeline.RatisPipelineProvider (RatisPipelineProvider.java:lambda$create$0(195)) - Sending CreatePipelineCommand for pipeline:PipelineID=69a4666b-c0af-4dbf-964b-45321734df4e to datanode:8445baa6-3cb3-42f1-9022-eafd6ea290b7
2022-09-08 01:51:21,517 [RatisPipelineUtilsThread - 0] INFO  pipeline.RatisPipelineProvider (RatisPipelineProvider.java:lambda$create$0(195)) - Sending CreatePipelineCommand for pipeline:PipelineID=69a4666b-c0af-4dbf-964b-45321734df4e to datanode:6b2388e8-0560-444a-8e4b-0f808c784072
2022-09-08 01:51:21,518 [RatisPipelineUtilsThread - 0] INFO  pipeline.PipelineStateManagerImpl (PipelineStateManagerImpl.java:addPipeline(103)) - Created pipeline Pipeline[ Id: 69a4666b-c0af-4dbf-964b-45321734df4e, Nodes: e90bc429-7749-49ff-bc0d-e80a56f537c2{ip: 10.1.1.0, host: fv-az38-857.qiceih3q1hfe5a3ai3y3qk2fta.cx.internal.cloudapp.net, ports: [REPLICATION=33079, RATIS=38745, RATIS_ADMIN=38745, RATIS_SERVER=38745, STANDALONE=38209], networkLocation: /default-rack, certSerialId: null, persistedOpState: IN_SERVICE, persistedOpStateExpiryEpochSec: 0}8445baa6-3cb3-42f1-9022-eafd6ea290b7{ip: 10.1.1.0, host: fv-az38-857.qiceih3q1hfe5a3ai3y3qk2fta.cx.internal.cloudapp.net, ports: [REPLICATION=41339, RATIS=43367, RATIS_ADMIN=43367, RATIS_SERVER=43367, STANDALONE=37653], networkLocation: /default-rack, certSerialId: null, persistedOpState: IN_SERVICE, persistedOpStateExpiryEpochSec: 0}6b2388e8-0560-444a-8e4b-0f808c784072{ip: 10.1.1.0, host: fv-az38-857.qiceih3q1hfe5a3ai3y3qk2fta.cx.internal.cloudapp.net, ports: [REPLICATION=39079, RATIS=36431, RATIS_ADMIN=36431, RATIS_SERVER=36431, STANDALONE=38483], networkLocation: /default-rack, certSerialId: null, persistedOpState: IN_SERVICE, persistedOpStateExpiryEpochSec: 0}, ReplicationConfig: RATIS/THREE, State:ALLOCATED, leaderId:, CreationTimestamp2022-09-08T01:51:21.516Z[Etc/UTC]].
2022-09-08 01:51:21,518 [RatisPipelineUtilsThread - 0] INFO  pipeline.PipelineManagerImpl (PipelineManagerImpl.java:recordMetricsForPipeline(796)) - Pipeline: PipelineID=69a4666b-c0af-4dbf-964b-45321734df4e contains same datanodes as previous pipelines: PipelineID=368da934-72f9-4339-8266-d8d77e62ed9a nodeIds: e90bc429-7749-49ff-bc0d-e80a56f537c2, 8445baa6-3cb3-42f1-9022-eafd6ea290b7, 6b2388e8-0560-444a-8e4b-0f808c784072
2022-09-08 01:51:22,509 [Listener at 127.0.0.1/38889] INFO  ozone.MiniOzoneClusterImpl (MiniOzoneClusterImpl.java:lambda$waitForClusterToBeReady$0(216)) - Nodes are ready. Got 3 of 3 DN Heartbeats.
2022-09-08 01:51:22,510 [Listener at 127.0.0.1/38889] INFO  ozone.MiniOzoneClusterImpl (MiniOzoneClusterImpl.java:lambda$waitForClusterToBeReady$0(219)) - Waiting for cluster to exit safe mode
2022-09-08 01:51:22,511 [Listener at 127.0.0.1/38889] INFO  ozone.MiniOzoneClusterImpl (MiniOzoneClusterImpl.java:lambda$waitForClusterToBeReady$0(221)) - SCM became leader
2022-09-08 01:51:23,511 [Listener at 127.0.0.1/38889] INFO  ozone.MiniOzoneClusterImpl (MiniOzoneClusterImpl.java:lambda$waitForClusterToBeReady$0(216)) - Nodes are ready. Got 3 of 3 DN Heartbeats.
2022-09-08 01:51:23,512 [Listener at 127.0.0.1/38889] INFO  ozone.MiniOzoneClusterImpl (MiniOzoneClusterImpl.java:lambda$waitForClusterToBeReady$0(219)) - Waiting for cluster to exit safe mode
2022-09-08 01:51:23,512 [Listener at 127.0.0.1/38889] INFO  ozone.MiniOzoneClusterImpl (MiniOzoneClusterImpl.java:lambda$waitForClusterToBeReady$0(221)) - SCM became leader
2022-09-08 01:51:23,702 [Command processor thread] INFO  server.RaftServer (RaftServerProxy.java:addNew(96)) - e90bc429-7749-49ff-bc0d-e80a56f537c2: addNew group-46BD4119A0B4:[e90bc429-7749-49ff-bc0d-e80a56f537c2|rpc:10.1.1.0:38745|priority:1] returns group-46BD4119A0B4:java.util.concurrent.CompletableFuture@6a872329[Not completed]
2022-09-08 01:51:23,715 [pool-72-thread-1] INFO  server.RaftServer$Division (RaftServerImpl.java:<init>(190)) - e90bc429-7749-49ff-bc0d-e80a56f537c2: new RaftServerImpl for group-46BD4119A0B4:[e90bc429-7749-49ff-bc0d-e80a56f537c2|rpc:10.1.1.0:38745|priority:1] with ContainerStateMachine:uninitialized
2022-09-08 01:51:23,715 [pool-72-thread-1] INFO  server.RaftServerConfigKeys (ConfUtils.java:logGet(46)) - raft.server.rpc.timeout.min = 5s (custom)
2022-09-08 01:51:23,715 [pool-72-thread-1] INFO  server.RaftServerConfigKeys (ConfUtils.java:logGet(46)) - raft.server.rpc.timeout.max = 5200ms (custom)
2022-09-08 01:51:23,715 [pool-72-thread-1] INFO  server.RaftServerConfigKeys (ConfUtils.java:logGet(46)) - raft.server.rpc.sleep.time = 25ms (default)
2022-09-08 01:51:23,715 [pool-72-thread-1] INFO  server.RaftServerConfigKeys (ConfUtils.java:logGet(46)) - raft.server.rpc.slowness.timeout = 300s (custom)
2022-09-08 01:51:23,715 [pool-72-thread-1] INFO  server.RaftServerConfigKeys (ConfUtils.java:logGet(46)) - raft.server.leaderelection.leader.step-down.wait-time = 10s (default)
2022-09-08 01:51:23,715 [pool-72-thread-1] INFO  server.RaftServerConfigKeys (ConfUtils.java:logGet(46)) - raft.server.sleep.deviation.threshold = 300ms (default)
2022-09-08 01:51:23,716 [pool-72-thread-1] INFO  server.RaftServer$Division (ServerState.java:<init>(107)) - e90bc429-7749-49ff-bc0d-e80a56f537c2@group-46BD4119A0B4: ConfigurationManager, init=-1: [e90bc429-7749-49ff-bc0d-e80a56f537c2|rpc:10.1.1.0:38745|priority:1], old=null, confs=<EMPTY_MAP>
2022-09-08 01:51:23,716 [pool-72-thread-1] INFO  server.RaftServerConfigKeys (ConfUtils.java:logGet(46)) - raft.server.storage.dir = [/home/runner/work/ozone/ozone/hadoop-ozone/integration-test/target/test-dir/MiniOzoneClusterImpl-4aa6bc8f-5b70-4167-bb18-fb485ad2a953/datanode-0/data/ratis] (custom)
2022-09-08 01:51:23,716 [pool-72-thread-1] INFO  server.RaftServerConfigKeys (ConfUtils.java:logGet(46)) - raft.server.log.corruption.policy = EXCEPTION (default)
2022-09-08 01:51:23,716 [pool-72-thread-1] INFO  server.RaftServerConfigKeys (ConfUtils.java:logGet(46)) - raft.server.storage.free-space.min = 0MB (=0) (default)
2022-09-08 01:51:23,716 [pool-72-thread-1] INFO  storage.RaftStorageDirectory (RaftStorageDirectoryImpl.java:analyzeStorage(135)) - The storage directory /home/runner/work/ozone/ozone/hadoop-ozone/integration-test/target/test-dir/MiniOzoneClusterImpl-4aa6bc8f-5b70-4167-bb18-fb485ad2a953/datanode-0/data/ratis/b992d2c3-f7dc-46f4-bc35-46bd4119a0b4 does not exist. Creating ...
2022-09-08 01:51:23,719 [pool-72-thread-1] INFO  storage.RaftStorageDirectory (RaftStorageDirectoryImpl.java:tryLock(230)) - Lock on /home/runner/work/ozone/ozone/hadoop-ozone/integration-test/target/test-dir/MiniOzoneClusterImpl-4aa6bc8f-5b70-4167-bb18-fb485ad2a953/datanode-0/data/ratis/b992d2c3-f7dc-46f4-bc35-46bd4119a0b4/in_use.lock acquired by nodename 132736@fv-az38-857
2022-09-08 01:51:23,722 [pool-72-thread-1] INFO  storage.RaftStorage (RaftStorageImpl.java:format(89)) - Storage directory /home/runner/work/ozone/ozone/hadoop-ozone/integration-test/target/test-dir/MiniOzoneClusterImpl-4aa6bc8f-5b70-4167-bb18-fb485ad2a953/datanode-0/data/ratis/b992d2c3-f7dc-46f4-bc35-46bd4119a0b4 has been successfully formatted.
2022-09-08 01:51:23,726 [pool-72-thread-1] INFO  ratis.ContainerStateMachine (ContainerStateMachine.java:loadSnapshot(236)) - group-46BD4119A0B4: The snapshot info is null. Setting the last applied indexto:(t:0, i:~)
2022-09-08 01:51:23,728 [pool-72-thread-1] INFO  server.RaftServerConfigKeys (ConfUtils.java:logGet(46)) - raft.server.notification.no-leader.timeout = 300s (custom)
2022-09-08 01:51:23,729 [pool-72-thread-1] INFO  server.RaftServerConfigKeys (ConfUtils.java:logGet(46)) - raft.server.log.use.memory = false (default)
2022-09-08 01:51:23,729 [pool-72-thread-1] INFO  server.RaftServerConfigKeys (ConfUtils.java:logGet(46)) - raft.server.log.purge.gap = 1000000 (custom)
2022-09-08 01:51:23,729 [pool-72-thread-1] INFO  server.RaftServerConfigKeys (ConfUtils.java:logGet(46)) - raft.server.log.appender.buffer.byte-limit = 33554432 (custom)
2022-09-08 01:51:23,729 [pool-72-thread-1] INFO  server.RaftServerConfigKeys (ConfUtils.java:logGet(46)) - raft.server.log.statemachine.data.read.timeout = 1000ms (default)
2022-09-08 01:51:23,729 [pool-72-thread-1] INFO  server.RaftServerConfigKeys (ConfUtils.java:logGet(46)) - raft.server.log.segment.size.max = 1048576 (custom)
2022-09-08 01:51:23,730 [pool-72-thread-1] INFO  server.RaftServerConfigKeys (ConfUtils.java:logGet(46)) - raft.server.log.segment.cache.num.max = 2 (custom)
2022-09-08 01:51:23,730 [pool-72-thread-1] INFO  server.RaftServerConfigKeys (ConfUtils.java:logGet(46)) - raft.server.log.segment.cache.size.max = 200MB (=209715200) (default)
2022-09-08 01:51:23,730 [pool-72-thread-1] INFO  segmented.SegmentedRaftLogWorker (SegmentedRaftLogWorker.java:<init>(187)) - new e90bc429-7749-49ff-bc0d-e80a56f537c2@group-46BD4119A0B4-SegmentedRaftLogWorker for RaftStorageImpl:Storage Directory /home/runner/work/ozone/ozone/hadoop-ozone/integration-test/target/test-dir/MiniOzoneClusterImpl-4aa6bc8f-5b70-4167-bb18-fb485ad2a953/datanode-0/data/ratis/b992d2c3-f7dc-46f4-bc35-46bd4119a0b4
2022-09-08 01:51:23,730 [pool-72-thread-1] INFO  server.RaftServerConfigKeys (ConfUtils.java:logGet(46)) - raft.server.log.queue.byte-limit = 4294967296 (custom)
2022-09-08 01:51:23,730 [pool-72-thread-1] INFO  server.RaftServerConfigKeys (ConfUtils.java:logGet(46)) - raft.server.log.queue.element-limit = 1024 (custom)
2022-09-08 01:51:23,730 [pool-72-thread-1] INFO  server.RaftServerConfigKeys (ConfUtils.java:logGet(46)) - raft.server.log.segment.size.max = 1048576 (custom)
2022-09-08 01:51:23,730 [pool-72-thread-1] INFO  server.RaftServerConfigKeys (ConfUtils.java:logGet(46)) - raft.server.log.preallocated.size = 16384 (custom)
2022-09-08 01:51:23,730 [pool-72-thread-1] INFO  server.RaftServerConfigKeys (ConfUtils.java:logGet(46)) - raft.server.log.force.sync.num = 128 (default)
2022-09-08 01:51:23,730 [pool-72-thread-1] INFO  server.RaftServerConfigKeys (ConfUtils.java:logGet(46)) - raft.server.log.statemachine.data.sync = true (default)
2022-09-08 01:51:23,730 [pool-72-thread-1] INFO  server.RaftServerConfigKeys (ConfUtils.java:logGet(46)) - raft.server.log.statemachine.data.sync.timeout = 10s (default)
2022-09-08 01:51:23,730 [pool-72-thread-1] INFO  server.RaftServerConfigKeys (ConfUtils.java:logGet(46)) - raft.server.log.statemachine.data.sync.timeout.retry = -1 (default)
2022-09-08 01:51:23,732 [pool-72-thread-1] INFO  server.RaftServerConfigKeys (ConfUtils.java:logGet(46)) - raft.server.log.write.buffer.size = 1048576 (custom)
2022-09-08 01:51:23,732 [pool-72-thread-1] INFO  server.RaftServerConfigKeys (ConfUtils.java:logGet(46)) - raft.server.log.unsafe-flush.enabled = false (default)
2022-09-08 01:51:23,732 [pool-72-thread-1] INFO  server.RaftServerConfigKeys (ConfUtils.java:logGet(46)) - raft.server.log.statemachine.data.caching.enabled = true (custom)
2022-09-08 01:51:23,733 [pool-72-thread-1] INFO  segmented.SegmentedRaftLogWorker (SegmentedRaftLogWorker.java:lambda$new$0(135)) - e90bc429-7749-49ff-bc0d-e80a56f537c2@group-46BD4119A0B4-SegmentedRaftLogWorker: flushIndex: setUnconditionally 0 -> -1
2022-09-08 01:51:23,733 [pool-72-thread-1] INFO  segmented.SegmentedRaftLogWorker (SegmentedRaftLogWorker.java:lambda$new$0(135)) - e90bc429-7749-49ff-bc0d-e80a56f537c2@group-46BD4119A0B4-SegmentedRaftLogWorker: safeCacheEvictIndex: setUnconditionally 0 -> -1
2022-09-08 01:51:23,740 [pool-72-thread-1] INFO  server.RaftServerConfigKeys (ConfUtils.java:logGet(46)) - raft.server.snapshot.auto.trigger.enabled = true (custom)
2022-09-08 01:51:23,741 [pool-72-thread-1] INFO  server.RaftServerConfigKeys (ConfUtils.java:logGet(46)) - raft.server.snapshot.auto.trigger.threshold = 10000 (custom)
2022-09-08 01:51:23,741 [pool-72-thread-1] INFO  server.RaftServerConfigKeys (ConfUtils.java:logGet(46)) - raft.server.snapshot.retention.file.num = 5 (custom)
2022-09-08 01:51:23,741 [pool-72-thread-1] INFO  server.RaftServerConfigKeys (ConfUtils.java:logGet(46)) - raft.server.log.purge.upto.snapshot.index = false (default)
2022-09-08 01:51:23,741 [pool-72-thread-1] INFO  server.RaftServerConfigKeys (ConfUtils.java:logGet(46)) - raft.server.retrycache.expirytime = 600000ms (custom)
2022-09-08 01:51:23,741 [pool-72-thread-1] INFO  server.RaftServerConfigKeys (ConfUtils.java:logGet(46)) - raft.server.retrycache.statistics.expirytime = 100μs (default)
2022-09-08 01:51:23,742 [EventQueue-PipelineReportForPipelineReportHandler] INFO  pipeline.PipelineManagerImpl (PipelineManagerImpl.java:openPipeline(367)) - Pipeline Pipeline[ Id: b992d2c3-f7dc-46f4-bc35-46bd4119a0b4, Nodes: e90bc429-7749-49ff-bc0d-e80a56f537c2{ip: 10.1.1.0, host: fv-az38-857.qiceih3q1hfe5a3ai3y3qk2fta.cx.internal.cloudapp.net, ports: [REPLICATION=33079, RATIS=38745, RATIS_ADMIN=38745, RATIS_SERVER=38745, STANDALONE=38209], networkLocation: /default-rack, certSerialId: null, persistedOpState: IN_SERVICE, persistedOpStateExpiryEpochSec: 0}, ReplicationConfig: RATIS/ONE, State:ALLOCATED, leaderId:e90bc429-7749-49ff-bc0d-e80a56f537c2, CreationTimestamp2022-09-08T01:51:20.718Z[Etc/UTC]] moved to OPEN state
2022-09-08 01:51:23,748 [pool-72-thread-1] INFO  server.RaftServerConfigKeys (ConfUtils.java:logGet(46)) - raft.server.log.appender.install.snapshot.enabled = false (custom)
2022-09-08 01:51:23,748 [pool-72-thread-1] INFO  server.RaftServerConfigKeys (ConfUtils.java:logGet(46)) - raft.server.threadpool.server.cached = true (default)
2022-09-08 01:51:23,748 [pool-72-thread-1] INFO  server.RaftServerConfigKeys (ConfUtils.java:logGet(46)) - raft.server.threadpool.server.size = 0 (default)
2022-09-08 01:51:23,748 [pool-72-thread-1] INFO  server.RaftServerConfigKeys (ConfUtils.java:logGet(46)) - raft.server.threadpool.client.cached = true (default)
2022-09-08 01:51:23,748 [pool-72-thread-1] INFO  server.RaftServerConfigKeys (ConfUtils.java:logGet(46)) - raft.server.threadpool.client.size = 0 (default)
2022-09-08 01:51:23,748 [pool-72-thread-1] INFO  server.RaftServer$Division (RaftServerImpl.java:start(310)) - e90bc429-7749-49ff-bc0d-e80a56f537c2@group-46BD4119A0B4: start as a follower, conf=-1: [e90bc429-7749-49ff-bc0d-e80a56f537c2|rpc:10.1.1.0:38745|priority:1], old=null
2022-09-08 01:51:23,748 [pool-72-thread-1] INFO  server.RaftServer$Division (RaftServerImpl.java:setRole(299)) - e90bc429-7749-49ff-bc0d-e80a56f537c2@group-46BD4119A0B4: changes role from      null to FOLLOWER at term 0 for startAsFollower
2022-09-08 01:51:23,749 [pool-72-thread-1] INFO  impl.RoleInfo (RoleInfo.java:updateAndGet(139)) - e90bc429-7749-49ff-bc0d-e80a56f537c2: start e90bc429-7749-49ff-bc0d-e80a56f537c2@group-46BD4119A0B4-FollowerState
2022-09-08 01:51:23,749 [pool-72-thread-1] INFO  util.JmxRegister (JmxRegister.java:tryRegister(44)) - Successfully registered JMX Bean with object name Ratis:service=RaftServer,group=group-46BD4119A0B4,id=e90bc429-7749-49ff-bc0d-e80a56f537c2
2022-09-08 01:51:23,750 [EventQueue-OpenPipelineForHealthyPipelineSafeModeRule] INFO  safemode.SCMSafeModeManager (HealthyPipelineSafeModeRule.java:process(137)) - SCM in safe mode. Healthy pipelines reported count is 0, required healthy pipeline reported count is 1
2022-09-08 01:51:23,758 [Command processor thread] INFO  ratis.XceiverServerRatis (XceiverServerRatis.java:addGroup(765)) - Created group PipelineID=b992d2c3-f7dc-46f4-bc35-46bd4119a0b4
2022-09-08 01:51:23,759 [Command processor thread] INFO  commandhandler.CreatePipelineCommandHandler (CreatePipelineCommandHandler.java:handle(113)) - Created Pipeline RATIS ONE PipelineID=b992d2c3-f7dc-46f4-bc35-46bd4119a0b4.
2022-09-08 01:51:23,759 [Command processor thread] INFO  server.RaftServer (RaftServerProxy.java:addNew(96)) - e90bc429-7749-49ff-bc0d-e80a56f537c2: addNew group-D8D77E62ED9A:[8445baa6-3cb3-42f1-9022-eafd6ea290b7|rpc:10.1.1.0:43367|priority:0, e90bc429-7749-49ff-bc0d-e80a56f537c2|rpc:10.1.1.0:38745|priority:0, 6b2388e8-0560-444a-8e4b-0f808c784072|rpc:10.1.1.0:36431|priority:1] returns group-D8D77E62ED9A:java.util.concurrent.CompletableFuture@74db0f02[Not completed]
2022-09-08 01:51:23,760 [pool-72-thread-1] INFO  server.RaftServer$Division (RaftServerImpl.java:<init>(190)) - e90bc429-7749-49ff-bc0d-e80a56f537c2: new RaftServerImpl for group-D8D77E62ED9A:[8445baa6-3cb3-42f1-9022-eafd6ea290b7|rpc:10.1.1.0:43367|priority:0, e90bc429-7749-49ff-bc0d-e80a56f537c2|rpc:10.1.1.0:38745|priority:0, 6b2388e8-0560-444a-8e4b-0f808c784072|rpc:10.1.1.0:36431|priority:1] with ContainerStateMachine:uninitialized
2022-09-08 01:51:23,760 [pool-72-thread-1] INFO  server.RaftServerConfigKeys (ConfUtils.java:logGet(46)) - raft.server.rpc.timeout.min = 5s (custom)
2022-09-08 01:51:23,760 [pool-72-thread-1] INFO  server.RaftServerConfigKeys (ConfUtils.java:logGet(46)) - raft.server.rpc.timeout.max = 5200ms (custom)
2022-09-08 01:51:23,760 [pool-72-thread-1] INFO  server.RaftServerConfigKeys (ConfUtils.java:logGet(46)) - raft.server.rpc.sleep.time = 25ms (default)
2022-09-08 01:51:23,760 [pool-72-thread-1] INFO  server.RaftServerConfigKeys (ConfUtils.java:logGet(46)) - raft.server.rpc.slowness.timeout = 300s (custom)
2022-09-08 01:51:23,760 [pool-72-thread-1] INFO  server.RaftServerConfigKeys (ConfUtils.java:logGet(46)) - raft.server.leaderelection.leader.step-down.wait-time = 10s (default)
2022-09-08 01:51:23,761 [pool-72-thread-1] INFO  server.RaftServerConfigKeys (ConfUtils.java:logGet(46)) - raft.server.sleep.deviation.threshold = 300ms (default)
2022-09-08 01:51:23,761 [pool-72-thread-1] INFO  server.RaftServer$Division (ServerState.java:<init>(107)) - e90bc429-7749-49ff-bc0d-e80a56f537c2@group-D8D77E62ED9A: ConfigurationManager, init=-1: [8445baa6-3cb3-42f1-9022-eafd6ea290b7|rpc:10.1.1.0:43367|priority:0, e90bc429-7749-49ff-bc0d-e80a56f537c2|rpc:10.1.1.0:38745|priority:0, 6b2388e8-0560-444a-8e4b-0f808c784072|rpc:10.1.1.0:36431|priority:1], old=null, confs=<EMPTY_MAP>
2022-09-08 01:51:23,761 [pool-72-thread-1] INFO  server.RaftServerConfigKeys (ConfUtils.java:logGet(46)) - raft.server.storage.dir = [/home/runner/work/ozone/ozone/hadoop-ozone/integration-test/target/test-dir/MiniOzoneClusterImpl-4aa6bc8f-5b70-4167-bb18-fb485ad2a953/datanode-0/data/ratis] (custom)
2022-09-08 01:51:23,761 [pool-72-thread-1] INFO  server.RaftServerConfigKeys (ConfUtils.java:logGet(46)) - raft.server.log.corruption.policy = EXCEPTION (default)
2022-09-08 01:51:23,761 [pool-72-thread-1] INFO  server.RaftServerConfigKeys (ConfUtils.java:logGet(46)) - raft.server.storage.free-space.min = 0MB (=0) (default)
2022-09-08 01:51:23,761 [pool-72-thread-1] INFO  storage.RaftStorageDirectory (RaftStorageDirectoryImpl.java:analyzeStorage(135)) - The storage directory /home/runner/work/ozone/ozone/hadoop-ozone/integration-test/target/test-dir/MiniOzoneClusterImpl-4aa6bc8f-5b70-4167-bb18-fb485ad2a953/datanode-0/data/ratis/368da934-72f9-4339-8266-d8d77e62ed9a does not exist. Creating ...
2022-09-08 01:51:23,762 [pool-72-thread-1] INFO  storage.RaftStorageDirectory (RaftStorageDirectoryImpl.java:tryLock(230)) - Lock on /home/runner/work/ozone/ozone/hadoop-ozone/integration-test/target/test-dir/MiniOzoneClusterImpl-4aa6bc8f-5b70-4167-bb18-fb485ad2a953/datanode-0/data/ratis/368da934-72f9-4339-8266-d8d77e62ed9a/in_use.lock acquired by nodename 132736@fv-az38-857
2022-09-08 01:51:23,764 [pool-72-thread-1] INFO  storage.RaftStorage (RaftStorageImpl.java:format(89)) - Storage directory /home/runner/work/ozone/ozone/hadoop-ozone/integration-test/target/test-dir/MiniOzoneClusterImpl-4aa6bc8f-5b70-4167-bb18-fb485ad2a953/datanode-0/data/ratis/368da934-72f9-4339-8266-d8d77e62ed9a has been successfully formatted.
2022-09-08 01:51:23,764 [pool-72-thread-1] INFO  ratis.ContainerStateMachine (ContainerStateMachine.java:loadSnapshot(236)) - group-D8D77E62ED9A: The snapshot info is null. Setting the last applied indexto:(t:0, i:~)
2022-09-08 01:51:23,764 [pool-72-thread-1] INFO  server.RaftServerConfigKeys (ConfUtils.java:logGet(46)) - raft.server.notification.no-leader.timeout = 300s (custom)
2022-09-08 01:51:23,766 [EventQueue-OpenPipelineForHealthyPipelineSafeModeRule] INFO  safemode.SCMSafeModeManager (HealthyPipelineSafeModeRule.java:process(137)) - SCM in safe mode. Healthy pipelines reported count is 0, required healthy pipeline reported count is 1
2022-09-08 01:51:23,767 [pool-72-thread-1] INFO  server.RaftServerConfigKeys (ConfUtils.java:logGet(46)) - raft.server.log.use.memory = false (default)
2022-09-08 01:51:23,767 [pool-72-thread-1] INFO  server.RaftServerConfigKeys (ConfUtils.java:logGet(46)) - raft.server.log.purge.gap = 1000000 (custom)
2022-09-08 01:51:23,767 [pool-72-thread-1] INFO  server.RaftServerConfigKeys (ConfUtils.java:logGet(46)) - raft.server.log.appender.buffer.byte-limit = 33554432 (custom)
2022-09-08 01:51:23,767 [pool-72-thread-1] INFO  server.RaftServerConfigKeys (ConfUtils.java:logGet(46)) - raft.server.log.statemachine.data.read.timeout = 1000ms (default)
2022-09-08 01:51:23,767 [pool-72-thread-1] INFO  server.RaftServerConfigKeys (ConfUtils.java:logGet(46)) - raft.server.log.segment.size.max = 1048576 (custom)
2022-09-08 01:51:23,768 [pool-72-thread-1] INFO  server.RaftServerConfigKeys (ConfUtils.java:logGet(46)) - raft.server.log.segment.cache.num.max = 2 (custom)
2022-09-08 01:51:23,768 [pool-72-thread-1] INFO  server.RaftServerConfigKeys (ConfUtils.java:logGet(46)) - raft.server.log.segment.cache.size.max = 200MB (=209715200) (default)
2022-09-08 01:51:23,768 [pool-72-thread-1] INFO  segmented.SegmentedRaftLogWorker (SegmentedRaftLogWorker.java:<init>(187)) - new e90bc429-7749-49ff-bc0d-e80a56f537c2@group-D8D77E62ED9A-SegmentedRaftLogWorker for RaftStorageImpl:Storage Directory /home/runner/work/ozone/ozone/hadoop-ozone/integration-test/target/test-dir/MiniOzoneClusterImpl-4aa6bc8f-5b70-4167-bb18-fb485ad2a953/datanode-0/data/ratis/368da934-72f9-4339-8266-d8d77e62ed9a
2022-09-08 01:51:23,768 [pool-72-thread-1] INFO  server.RaftServerConfigKeys (ConfUtils.java:logGet(46)) - raft.server.log.queue.byte-limit = 4294967296 (custom)
2022-09-08 01:51:23,768 [pool-72-thread-1] INFO  server.RaftServerConfigKeys (ConfUtils.java:logGet(46)) - raft.server.log.queue.element-limit = 1024 (custom)
2022-09-08 01:51:23,768 [pool-72-thread-1] INFO  server.RaftServerConfigKeys (ConfUtils.java:logGet(46)) - raft.server.log.segment.size.max = 1048576 (custom)
2022-09-08 01:51:23,768 [pool-72-thread-1] INFO  server.RaftServerConfigKeys (ConfUtils.java:logGet(46)) - raft.server.log.preallocated.size = 16384 (custom)
2022-09-08 01:51:23,768 [pool-72-thread-1] INFO  server.RaftServerConfigKeys (ConfUtils.java:logGet(46)) - raft.server.log.force.sync.num = 128 (default)
2022-09-08 01:51:23,768 [pool-72-thread-1] INFO  server.RaftServerConfigKeys (ConfUtils.java:logGet(46)) - raft.server.log.statemachine.data.sync = true (default)
2022-09-08 01:51:23,768 [pool-72-thread-1] INFO  server.RaftServerConfigKeys (ConfUtils.java:logGet(46)) - raft.server.log.statemachine.data.sync.timeout = 10s (default)
2022-09-08 01:51:23,768 [pool-72-thread-1] INFO  server.RaftServerConfigKeys (ConfUtils.java:logGet(46)) - raft.server.log.statemachine.data.sync.timeout.retry = -1 (default)
2022-09-08 01:51:23,769 [pool-72-thread-1] INFO  server.RaftServerConfigKeys (ConfUtils.java:logGet(46)) - raft.server.log.write.buffer.size = 1048576 (custom)
2022-09-08 01:51:23,770 [pool-72-thread-1] INFO  server.RaftServerConfigKeys (ConfUtils.java:logGet(46)) - raft.server.log.unsafe-flush.enabled = false (default)
2022-09-08 01:51:23,770 [pool-72-thread-1] INFO  server.RaftServerConfigKeys (ConfUtils.java:logGet(46)) - raft.server.log.statemachine.data.caching.enabled = true (custom)
2022-09-08 01:51:23,770 [pool-72-thread-1] INFO  segmented.SegmentedRaftLogWorker (SegmentedRaftLogWorker.java:lambda$new$0(135)) - e90bc429-7749-49ff-bc0d-e80a56f537c2@group-D8D77E62ED9A-SegmentedRaftLogWorker: flushIndex: setUnconditionally 0 -> -1
2022-09-08 01:51:23,770 [pool-72-thread-1] INFO  segmented.SegmentedRaftLogWorker (SegmentedRaftLogWorker.java:lambda$new$0(135)) - e90bc429-7749-49ff-bc0d-e80a56f537c2@group-D8D77E62ED9A-SegmentedRaftLogWorker: safeCacheEvictIndex: setUnconditionally 0 -> -1
2022-09-08 01:51:23,770 [pool-72-thread-1] INFO  server.RaftServerConfigKeys (ConfUtils.java:logGet(46)) - raft.server.snapshot.auto.trigger.enabled = true (custom)
2022-09-08 01:51:23,770 [pool-72-thread-1] INFO  server.RaftServerConfigKeys (ConfUtils.java:logGet(46)) - raft.server.snapshot.auto.trigger.threshold = 10000 (custom)
2022-09-08 01:51:23,770 [pool-72-thread-1] INFO  server.RaftServerConfigKeys (ConfUtils.java:logGet(46)) - raft.server.snapshot.retention.file.num = 5 (custom)
2022-09-08 01:51:23,770 [pool-72-thread-1] INFO  server.RaftServerConfigKeys (ConfUtils.java:logGet(46)) - raft.server.log.purge.upto.snapshot.index = false (default)
2022-09-08 01:51:23,771 [pool-72-thread-1] INFO  server.RaftServerConfigKeys (ConfUtils.java:logGet(46)) - raft.server.retrycache.expirytime = 600000ms (custom)
2022-09-08 01:51:23,771 [pool-72-thread-1] INFO  server.RaftServerConfigKeys (ConfUtils.java:logGet(46)) - raft.server.retrycache.statistics.expirytime = 100μs (default)
2022-09-08 01:51:23,772 [pool-72-thread-1] INFO  server.RaftServerConfigKeys (ConfUtils.java:logGet(46)) - raft.server.log.appender.install.snapshot.enabled = false (custom)
2022-09-08 01:51:23,772 [pool-72-thread-1] INFO  server.RaftServerConfigKeys (ConfUtils.java:logGet(46)) - raft.server.threadpool.server.cached = true (default)
2022-09-08 01:51:23,772 [pool-72-thread-1] INFO  server.RaftServerConfigKeys (ConfUtils.java:logGet(46)) - raft.server.threadpool.server.size = 0 (default)
2022-09-08 01:51:23,772 [pool-72-thread-1] INFO  server.RaftServerConfigKeys (ConfUtils.java:logGet(46)) - raft.server.threadpool.client.cached = true (default)
2022-09-08 01:51:23,772 [pool-72-thread-1] INFO  server.RaftServerConfigKeys (ConfUtils.java:logGet(46)) - raft.server.threadpool.client.size = 0 (default)
2022-09-08 01:51:23,772 [pool-72-thread-1] INFO  server.RaftServer$Division (RaftServerImpl.java:start(310)) - e90bc429-7749-49ff-bc0d-e80a56f537c2@group-D8D77E62ED9A: start as a follower, conf=-1: [8445baa6-3cb3-42f1-9022-eafd6ea290b7|rpc:10.1.1.0:43367|priority:0, e90bc429-7749-49ff-bc0d-e80a56f537c2|rpc:10.1.1.0:38745|priority:0, 6b2388e8-0560-444a-8e4b-0f808c784072|rpc:10.1.1.0:36431|priority:1], old=null
2022-09-08 01:51:23,772 [pool-72-thread-1] INFO  server.RaftServer$Division (RaftServerImpl.java:setRole(299)) - e90bc429-7749-49ff-bc0d-e80a56f537c2@group-D8D77E62ED9A: changes role from      null to FOLLOWER at term 0 for startAsFollower
2022-09-08 01:51:23,772 [pool-72-thread-1] INFO  impl.RoleInfo (RoleInfo.java:updateAndGet(139)) - e90bc429-7749-49ff-bc0d-e80a56f537c2: start e90bc429-7749-49ff-bc0d-e80a56f537c2@group-D8D77E62ED9A-FollowerState
2022-09-08 01:51:23,777 [pool-72-thread-1] INFO  util.JmxRegister (JmxRegister.java:tryRegister(44)) - Successfully registered JMX Bean with object name Ratis:service=RaftServer,group=group-D8D77E62ED9A,id=e90bc429-7749-49ff-bc0d-e80a56f537c2
2022-09-08 01:51:23,778 [Command processor thread] INFO  ratis.XceiverServerRatis (XceiverServerRatis.java:addGroup(765)) - Created group PipelineID=368da934-72f9-4339-8266-d8d77e62ed9a
2022-09-08 01:51:24,168 [Command processor thread] INFO  server.RaftServer (RaftServerProxy.java:addNew(96)) - 8445baa6-3cb3-42f1-9022-eafd6ea290b7: addNew group-1AEE9617D077:[8445baa6-3cb3-42f1-9022-eafd6ea290b7|rpc:10.1.1.0:43367|priority:1] returns group-1AEE9617D077:java.util.concurrent.CompletableFuture@7b6a729b[Not completed]
2022-09-08 01:51:24,170 [pool-95-thread-1] INFO  server.RaftServer$Division (RaftServerImpl.java:<init>(190)) - 8445baa6-3cb3-42f1-9022-eafd6ea290b7: new RaftServerImpl for group-1AEE9617D077:[8445baa6-3cb3-42f1-9022-eafd6ea290b7|rpc:10.1.1.0:43367|priority:1] with ContainerStateMachine:uninitialized
2022-09-08 01:51:24,170 [pool-95-thread-1] INFO  server.RaftServerConfigKeys (ConfUtils.java:logGet(46)) - raft.server.rpc.timeout.min = 5s (custom)
2022-09-08 01:51:24,170 [pool-95-thread-1] INFO  server.RaftServerConfigKeys (ConfUtils.java:logGet(46)) - raft.server.rpc.timeout.max = 5200ms (custom)
2022-09-08 01:51:24,170 [pool-95-thread-1] INFO  server.RaftServerConfigKeys (ConfUtils.java:logGet(46)) - raft.server.rpc.sleep.time = 25ms (default)
2022-09-08 01:51:24,170 [pool-95-thread-1] INFO  server.RaftServerConfigKeys (ConfUtils.java:logGet(46)) - raft.server.rpc.slowness.timeout = 300s (custom)
2022-09-08 01:51:24,171 [pool-95-thread-1] INFO  server.RaftServerConfigKeys (ConfUtils.java:logGet(46)) - raft.server.leaderelection.leader.step-down.wait-time = 10s (default)
2022-09-08 01:51:24,171 [pool-95-thread-1] INFO  server.RaftServerConfigKeys (ConfUtils.java:logGet(46)) - raft.server.sleep.deviation.threshold = 300ms (default)
2022-09-08 01:51:24,171 [pool-95-thread-1] INFO  server.RaftServer$Division (ServerState.java:<init>(107)) - 8445baa6-3cb3-42f1-9022-eafd6ea290b7@group-1AEE9617D077: ConfigurationManager, init=-1: [8445baa6-3cb3-42f1-9022-eafd6ea290b7|rpc:10.1.1.0:43367|priority:1], old=null, confs=<EMPTY_MAP>
2022-09-08 01:51:24,171 [pool-95-thread-1] INFO  server.RaftServerConfigKeys (ConfUtils.java:logGet(46)) - raft.server.storage.dir = [/home/runner/work/ozone/ozone/hadoop-ozone/integration-test/target/test-dir/MiniOzoneClusterImpl-4aa6bc8f-5b70-4167-bb18-fb485ad2a953/datanode-1/data/ratis] (custom)
2022-09-08 01:51:24,171 [pool-95-thread-1] INFO  server.RaftServerConfigKeys (ConfUtils.java:logGet(46)) - raft.server.log.corruption.policy = EXCEPTION (default)
2022-09-08 01:51:24,171 [pool-95-thread-1] INFO  server.RaftServerConfigKeys (ConfUtils.java:logGet(46)) - raft.server.storage.free-space.min = 0MB (=0) (default)
2022-09-08 01:51:24,171 [pool-95-thread-1] INFO  storage.RaftStorageDirectory (RaftStorageDirectoryImpl.java:analyzeStorage(135)) - The storage directory /home/runner/work/ozone/ozone/hadoop-ozone/integration-test/target/test-dir/MiniOzoneClusterImpl-4aa6bc8f-5b70-4167-bb18-fb485ad2a953/datanode-1/data/ratis/b5479ab1-812a-4668-a13f-1aee9617d077 does not exist. Creating ...
2022-09-08 01:51:24,172 [pool-95-thread-1] INFO  storage.RaftStorageDirectory (RaftStorageDirectoryImpl.java:tryLock(230)) - Lock on /home/runner/work/ozone/ozone/hadoop-ozone/integration-test/target/test-dir/MiniOzoneClusterImpl-4aa6bc8f-5b70-4167-bb18-fb485ad2a953/datanode-1/data/ratis/b5479ab1-812a-4668-a13f-1aee9617d077/in_use.lock acquired by nodename 132736@fv-az38-857
2022-09-08 01:51:24,173 [pool-95-thread-1] INFO  storage.RaftStorage (RaftStorageImpl.java:format(89)) - Storage directory /home/runner/work/ozone/ozone/hadoop-ozone/integration-test/target/test-dir/MiniOzoneClusterImpl-4aa6bc8f-5b70-4167-bb18-fb485ad2a953/datanode-1/data/ratis/b5479ab1-812a-4668-a13f-1aee9617d077 has been successfully formatted.
2022-09-08 01:51:24,175 [pool-95-thread-1] INFO  ratis.ContainerStateMachine (ContainerStateMachine.java:loadSnapshot(236)) - group-1AEE9617D077: The snapshot info is null. Setting the last applied indexto:(t:0, i:~)
2022-09-08 01:51:24,180 [EventQueue-PipelineReportForPipelineReportHandler] INFO  pipeline.PipelineManagerImpl (PipelineManagerImpl.java:openPipeline(367)) - Pipeline Pipeline[ Id: b5479ab1-812a-4668-a13f-1aee9617d077, Nodes: 8445baa6-3cb3-42f1-9022-eafd6ea290b7{ip: 10.1.1.0, host: fv-az38-857.qiceih3q1hfe5a3ai3y3qk2fta.cx.internal.cloudapp.net, ports: [REPLICATION=41339, RATIS=43367, RATIS_ADMIN=43367, RATIS_SERVER=43367, STANDALONE=37653], networkLocation: /default-rack, certSerialId: null, persistedOpState: IN_SERVICE, persistedOpStateExpiryEpochSec: 0}, ReplicationConfig: RATIS/ONE, State:ALLOCATED, leaderId:8445baa6-3cb3-42f1-9022-eafd6ea290b7, CreationTimestamp2022-09-08T01:51:21.167Z[Etc/UTC]] moved to OPEN state
2022-09-08 01:51:24,184 [EventQueue-OpenPipelineForHealthyPipelineSafeModeRule] INFO  safemode.SCMSafeModeManager (HealthyPipelineSafeModeRule.java:process(137)) - SCM in safe mode. Healthy pipelines reported count is 0, required healthy pipeline reported count is 1
2022-09-08 01:51:24,185 [pool-95-thread-1] INFO  server.RaftServerConfigKeys (ConfUtils.java:logGet(46)) - raft.server.notification.no-leader.timeout = 300s (custom)
2022-09-08 01:51:24,185 [pool-95-thread-1] INFO  server.RaftServerConfigKeys (ConfUtils.java:logGet(46)) - raft.server.log.use.memory = false (default)
2022-09-08 01:51:24,185 [pool-95-thread-1] INFO  server.RaftServerConfigKeys (ConfUtils.java:logGet(46)) - raft.server.log.purge.gap = 1000000 (custom)
2022-09-08 01:51:24,185 [pool-95-thread-1] INFO  server.RaftServerConfigKeys (ConfUtils.java:logGet(46)) - raft.server.log.appender.buffer.byte-limit = 33554432 (custom)
2022-09-08 01:51:24,185 [pool-95-thread-1] INFO  server.RaftServerConfigKeys (ConfUtils.java:logGet(46)) - raft.server.log.statemachine.data.read.timeout = 1000ms (default)
2022-09-08 01:51:24,186 [pool-95-thread-1] INFO  server.RaftServerConfigKeys (ConfUtils.java:logGet(46)) - raft.server.log.segment.size.max = 1048576 (custom)
2022-09-08 01:51:24,187 [pool-95-thread-1] INFO  server.RaftServerConfigKeys (ConfUtils.java:logGet(46)) - raft.server.log.segment.cache.num.max = 2 (custom)
2022-09-08 01:51:24,187 [pool-95-thread-1] INFO  server.RaftServerConfigKeys (ConfUtils.java:logGet(46)) - raft.server.log.segment.cache.size.max = 200MB (=209715200) (default)
2022-09-08 01:51:24,187 [pool-95-thread-1] INFO  segmented.SegmentedRaftLogWorker (SegmentedRaftLogWorker.java:<init>(187)) - new 8445baa6-3cb3-42f1-9022-eafd6ea290b7@group-1AEE9617D077-SegmentedRaftLogWorker for RaftStorageImpl:Storage Directory /home/runner/work/ozone/ozone/hadoop-ozone/integration-test/target/test-dir/MiniOzoneClusterImpl-4aa6bc8f-5b70-4167-bb18-fb485ad2a953/datanode-1/data/ratis/b5479ab1-812a-4668-a13f-1aee9617d077
2022-09-08 01:51:24,187 [pool-95-thread-1] INFO  server.RaftServerConfigKeys (ConfUtils.java:logGet(46)) - raft.server.log.queue.byte-limit = 4294967296 (custom)
2022-09-08 01:51:24,187 [pool-95-thread-1] INFO  server.RaftServerConfigKeys (ConfUtils.java:logGet(46)) - raft.server.log.queue.element-limit = 1024 (custom)
2022-09-08 01:51:24,187 [pool-95-thread-1] INFO  server.RaftServerConfigKeys (ConfUtils.java:logGet(46)) - raft.server.log.segment.size.max = 1048576 (custom)
2022-09-08 01:51:24,187 [pool-95-thread-1] INFO  server.RaftServerConfigKeys (ConfUtils.java:logGet(46)) - raft.server.log.preallocated.size = 16384 (custom)
2022-09-08 01:51:24,187 [pool-95-thread-1] INFO  server.RaftServerConfigKeys (ConfUtils.java:logGet(46)) - raft.server.log.force.sync.num = 128 (default)
2022-09-08 01:51:24,187 [pool-95-thread-1] INFO  server.RaftServerConfigKeys (ConfUtils.java:logGet(46)) - raft.server.log.statemachine.data.sync = true (default)
2022-09-08 01:51:24,187 [pool-95-thread-1] INFO  server.RaftServerConfigKeys (ConfUtils.java:logGet(46)) - raft.server.log.statemachine.data.sync.timeout = 10s (default)
2022-09-08 01:51:24,187 [pool-95-thread-1] INFO  server.RaftServerConfigKeys (ConfUtils.java:logGet(46)) - raft.server.log.statemachine.data.sync.timeout.retry = -1 (default)
2022-09-08 01:51:24,189 [pool-95-thread-1] INFO  server.RaftServerConfigKeys (ConfUtils.java:logGet(46)) - raft.server.log.write.buffer.size = 1048576 (custom)
2022-09-08 01:51:24,189 [pool-95-thread-1] INFO  server.RaftServerConfigKeys (ConfUtils.java:logGet(46)) - raft.server.log.unsafe-flush.enabled = false (default)
2022-09-08 01:51:24,189 [pool-95-thread-1] INFO  server.RaftServerConfigKeys (ConfUtils.java:logGet(46)) - raft.server.log.statemachine.data.caching.enabled = true (custom)
2022-09-08 01:51:24,189 [pool-95-thread-1] INFO  segmented.SegmentedRaftLogWorker (SegmentedRaftLogWorker.java:lambda$new$0(135)) - 8445baa6-3cb3-42f1-9022-eafd6ea290b7@group-1AEE9617D077-SegmentedRaftLogWorker: flushIndex: setUnconditionally 0 -> -1
2022-09-08 01:51:24,189 [pool-95-thread-1] INFO  segmented.SegmentedRaftLogWorker (SegmentedRaftLogWorker.java:lambda$new$0(135)) - 8445baa6-3cb3-42f1-9022-eafd6ea290b7@group-1AEE9617D077-SegmentedRaftLogWorker: safeCacheEvictIndex: setUnconditionally 0 -> -1
2022-09-08 01:51:24,190 [pool-95-thread-1] INFO  server.RaftServerConfigKeys (ConfUtils.java:logGet(46)) - raft.server.snapshot.auto.trigger.enabled = true (custom)
2022-09-08 01:51:24,190 [pool-95-thread-1] INFO  server.RaftServerConfigKeys (ConfUtils.java:logGet(46)) - raft.server.snapshot.auto.trigger.threshold = 10000 (custom)
2022-09-08 01:51:24,190 [pool-95-thread-1] INFO  server.RaftServerConfigKeys (ConfUtils.java:logGet(46)) - raft.server.snapshot.retention.file.num = 5 (custom)
2022-09-08 01:51:24,190 [pool-95-thread-1] INFO  server.RaftServerConfigKeys (ConfUtils.java:logGet(46)) - raft.server.log.purge.upto.snapshot.index = false (default)
2022-09-08 01:51:24,190 [pool-95-thread-1] INFO  server.RaftServerConfigKeys (ConfUtils.java:logGet(46)) - raft.server.retrycache.expirytime = 600000ms (custom)
2022-09-08 01:51:24,190 [pool-95-thread-1] INFO  server.RaftServerConfigKeys (ConfUtils.java:logGet(46)) - raft.server.retrycache.statistics.expirytime = 100μs (default)
2022-09-08 01:51:24,194 [pool-95-thread-1] INFO  server.RaftServerConfigKeys (ConfUtils.java:logGet(46)) - raft.server.log.appender.install.snapshot.enabled = false (custom)
2022-09-08 01:51:24,194 [pool-95-thread-1] INFO  server.RaftServerConfigKeys (ConfUtils.java:logGet(46)) - raft.server.threadpool.server.cached = true (default)
2022-09-08 01:51:24,194 [pool-95-thread-1] INFO  server.RaftServerConfigKeys (ConfUtils.java:logGet(46)) - raft.server.threadpool.server.size = 0 (default)
2022-09-08 01:51:24,194 [pool-95-thread-1] INFO  server.RaftServerConfigKeys (ConfUtils.java:logGet(46)) - raft.server.threadpool.client.cached = true (default)
2022-09-08 01:51:24,194 [pool-95-thread-1] INFO  server.RaftServerConfigKeys (ConfUtils.java:logGet(46)) - raft.server.threadpool.client.size = 0 (default)
2022-09-08 01:51:24,194 [pool-95-thread-1] INFO  server.RaftServer$Division (RaftServerImpl.java:start(310)) - 8445baa6-3cb3-42f1-9022-eafd6ea290b7@group-1AEE9617D077: start as a follower, conf=-1: [8445baa6-3cb3-42f1-9022-eafd6ea290b7|rpc:10.1.1.0:43367|priority:1], old=null
2022-09-08 01:51:24,194 [pool-95-thread-1] INFO  server.RaftServer$Division (RaftServerImpl.java:setRole(299)) - 8445baa6-3cb3-42f1-9022-eafd6ea290b7@group-1AEE9617D077: changes role from      null to FOLLOWER at term 0 for startAsFollower
2022-09-08 01:51:24,194 [pool-95-thread-1] INFO  impl.RoleInfo (RoleInfo.java:updateAndGet(139)) - 8445baa6-3cb3-42f1-9022-eafd6ea290b7: start 8445baa6-3cb3-42f1-9022-eafd6ea290b7@group-1AEE9617D077-FollowerState
2022-09-08 01:51:24,201 [pool-95-thread-1] INFO  util.JmxRegister (JmxRegister.java:tryRegister(44)) - Successfully registered JMX Bean with object name Ratis:service=RaftServer,group=group-1AEE9617D077,id=8445baa6-3cb3-42f1-9022-eafd6ea290b7
2022-09-08 01:51:24,205 [Command processor thread] INFO  ratis.XceiverServerRatis (XceiverServerRatis.java:addGroup(765)) - Created group PipelineID=b5479ab1-812a-4668-a13f-1aee9617d077
2022-09-08 01:51:24,205 [Command processor thread] INFO  commandhandler.CreatePipelineCommandHandler (CreatePipelineCommandHandler.java:handle(113)) - Created Pipeline RATIS ONE PipelineID=b5479ab1-812a-4668-a13f-1aee9617d077.
2022-09-08 01:51:24,205 [Command processor thread] INFO  server.RaftServer (RaftServerProxy.java:addNew(96)) - 8445baa6-3cb3-42f1-9022-eafd6ea290b7: addNew group-D8D77E62ED9A:[8445baa6-3cb3-42f1-9022-eafd6ea290b7|rpc:10.1.1.0:43367|priority:0, e90bc429-7749-49ff-bc0d-e80a56f537c2|rpc:10.1.1.0:38745|priority:0, 6b2388e8-0560-444a-8e4b-0f808c784072|rpc:10.1.1.0:36431|priority:1] returns group-D8D77E62ED9A:java.util.concurrent.CompletableFuture@7f55f92e[Not completed]
2022-09-08 01:51:24,206 [pool-95-thread-1] INFO  server.RaftServer$Division (RaftServerImpl.java:<init>(190)) - 8445baa6-3cb3-42f1-9022-eafd6ea290b7: new RaftServerImpl for group-D8D77E62ED9A:[8445baa6-3cb3-42f1-9022-eafd6ea290b7|rpc:10.1.1.0:43367|priority:0, e90bc429-7749-49ff-bc0d-e80a56f537c2|rpc:10.1.1.0:38745|priority:0, 6b2388e8-0560-444a-8e4b-0f808c784072|rpc:10.1.1.0:36431|priority:1] with ContainerStateMachine:uninitialized
2022-09-08 01:51:24,206 [pool-95-thread-1] INFO  server.RaftServerConfigKeys (ConfUtils.java:logGet(46)) - raft.server.rpc.timeout.min = 5s (custom)
2022-09-08 01:51:24,206 [pool-95-thread-1] INFO  server.RaftServerConfigKeys (ConfUtils.java:logGet(46)) - raft.server.rpc.timeout.max = 5200ms (custom)
2022-09-08 01:51:24,206 [pool-95-thread-1] INFO  server.RaftServerConfigKeys (ConfUtils.java:logGet(46)) - raft.server.rpc.sleep.time = 25ms (default)
2022-09-08 01:51:24,206 [pool-95-thread-1] INFO  server.RaftServerConfigKeys (ConfUtils.java:logGet(46)) - raft.server.rpc.slowness.timeout = 300s (custom)
2022-09-08 01:51:24,206 [pool-95-thread-1] INFO  server.RaftServerConfigKeys (ConfUtils.java:logGet(46)) - raft.server.leaderelection.leader.step-down.wait-time = 10s (default)
2022-09-08 01:51:24,207 [pool-95-thread-1] INFO  server.RaftServerConfigKeys (ConfUtils.java:logGet(46)) - raft.server.sleep.deviation.threshold = 300ms (default)
2022-09-08 01:51:24,207 [pool-95-thread-1] INFO  server.RaftServer$Division (ServerState.java:<init>(107)) - 8445baa6-3cb3-42f1-9022-eafd6ea290b7@group-D8D77E62ED9A: ConfigurationManager, init=-1: [8445baa6-3cb3-42f1-9022-eafd6ea290b7|rpc:10.1.1.0:43367|priority:0, e90bc429-7749-49ff-bc0d-e80a56f537c2|rpc:10.1.1.0:38745|priority:0, 6b2388e8-0560-444a-8e4b-0f808c784072|rpc:10.1.1.0:36431|priority:1], old=null, confs=<EMPTY_MAP>
2022-09-08 01:51:24,207 [pool-95-thread-1] INFO  server.RaftServerConfigKeys (ConfUtils.java:logGet(46)) - raft.server.storage.dir = [/home/runner/work/ozone/ozone/hadoop-ozone/integration-test/target/test-dir/MiniOzoneClusterImpl-4aa6bc8f-5b70-4167-bb18-fb485ad2a953/datanode-1/data/ratis] (custom)
2022-09-08 01:51:24,207 [pool-95-thread-1] INFO  server.RaftServerConfigKeys (ConfUtils.java:logGet(46)) - raft.server.log.corruption.policy = EXCEPTION (default)
2022-09-08 01:51:24,207 [pool-95-thread-1] INFO  server.RaftServerConfigKeys (ConfUtils.java:logGet(46)) - raft.server.storage.free-space.min = 0MB (=0) (default)
2022-09-08 01:51:24,207 [pool-95-thread-1] INFO  storage.RaftStorageDirectory (RaftStorageDirectoryImpl.java:analyzeStorage(135)) - The storage directory /home/runner/work/ozone/ozone/hadoop-ozone/integration-test/target/test-dir/MiniOzoneClusterImpl-4aa6bc8f-5b70-4167-bb18-fb485ad2a953/datanode-1/data/ratis/368da934-72f9-4339-8266-d8d77e62ed9a does not exist. Creating ...
2022-09-08 01:51:24,211 [pool-95-thread-1] INFO  storage.RaftStorageDirectory (RaftStorageDirectoryImpl.java:tryLock(230)) - Lock on /home/runner/work/ozone/ozone/hadoop-ozone/integration-test/target/test-dir/MiniOzoneClusterImpl-4aa6bc8f-5b70-4167-bb18-fb485ad2a953/datanode-1/data/ratis/368da934-72f9-4339-8266-d8d77e62ed9a/in_use.lock acquired by nodename 132736@fv-az38-857
2022-09-08 01:51:24,212 [pool-95-thread-1] INFO  storage.RaftStorage (RaftStorageImpl.java:format(89)) - Storage directory /home/runner/work/ozone/ozone/hadoop-ozone/integration-test/target/test-dir/MiniOzoneClusterImpl-4aa6bc8f-5b70-4167-bb18-fb485ad2a953/datanode-1/data/ratis/368da934-72f9-4339-8266-d8d77e62ed9a has been successfully formatted.
2022-09-08 01:51:24,213 [pool-95-thread-1] INFO  ratis.ContainerStateMachine (ContainerStateMachine.java:loadSnapshot(236)) - group-D8D77E62ED9A: The snapshot info is null. Setting the last applied indexto:(t:0, i:~)
2022-09-08 01:51:24,217 [pool-95-thread-1] INFO  server.RaftServerConfigKeys (ConfUtils.java:logGet(46)) - raft.server.notification.no-leader.timeout = 300s (custom)
2022-09-08 01:51:24,217 [pool-95-thread-1] INFO  server.RaftServerConfigKeys (ConfUtils.java:logGet(46)) - raft.server.log.use.memory = false (default)
2022-09-08 01:51:24,217 [pool-95-thread-1] INFO  server.RaftServerConfigKeys (ConfUtils.java:logGet(46)) - raft.server.log.purge.gap = 1000000 (custom)
2022-09-08 01:51:24,217 [pool-95-thread-1] INFO  server.RaftServerConfigKeys (ConfUtils.java:logGet(46)) - raft.server.log.appender.buffer.byte-limit = 33554432 (custom)
2022-09-08 01:51:24,218 [pool-95-thread-1] INFO  server.RaftServerConfigKeys (ConfUtils.java:logGet(46)) - raft.server.log.statemachine.data.read.timeout = 1000ms (default)
2022-09-08 01:51:24,218 [pool-95-thread-1] INFO  server.RaftServerConfigKeys (ConfUtils.java:logGet(46)) - raft.server.log.segment.size.max = 1048576 (custom)
2022-09-08 01:51:24,221 [pool-95-thread-1] INFO  server.RaftServerConfigKeys (ConfUtils.java:logGet(46)) - raft.server.log.segment.cache.num.max = 2 (custom)
2022-09-08 01:51:24,222 [EventQueue-OpenPipelineForHealthyPipelineSafeModeRule] INFO  safemode.SCMSafeModeManager (HealthyPipelineSafeModeRule.java:process(137)) - SCM in safe mode. Healthy pipelines reported count is 0, required healthy pipeline reported count is 1
2022-09-08 01:51:24,222 [pool-95-thread-1] INFO  server.RaftServerConfigKeys (ConfUtils.java:logGet(46)) - raft.server.log.segment.cache.size.max = 200MB (=209715200) (default)
2022-09-08 01:51:24,222 [pool-95-thread-1] INFO  segmented.SegmentedRaftLogWorker (SegmentedRaftLogWorker.java:<init>(187)) - new 8445baa6-3cb3-42f1-9022-eafd6ea290b7@group-D8D77E62ED9A-SegmentedRaftLogWorker for RaftStorageImpl:Storage Directory /home/runner/work/ozone/ozone/hadoop-ozone/integration-test/target/test-dir/MiniOzoneClusterImpl-4aa6bc8f-5b70-4167-bb18-fb485ad2a953/datanode-1/data/ratis/368da934-72f9-4339-8266-d8d77e62ed9a
2022-09-08 01:51:24,222 [pool-95-thread-1] INFO  server.RaftServerConfigKeys (ConfUtils.java:logGet(46)) - raft.server.log.queue.byte-limit = 4294967296 (custom)
2022-09-08 01:51:24,223 [pool-95-thread-1] INFO  server.RaftServerConfigKeys (ConfUtils.java:logGet(46)) - raft.server.log.queue.element-limit = 1024 (custom)
2022-09-08 01:51:24,223 [pool-95-thread-1] INFO  server.RaftServerConfigKeys (ConfUtils.java:logGet(46)) - raft.server.log.segment.size.max = 1048576 (custom)
2022-09-08 01:51:24,223 [pool-95-thread-1] INFO  server.RaftServerConfigKeys (ConfUtils.java:logGet(46)) - raft.server.log.preallocated.size = 16384 (custom)
2022-09-08 01:51:24,223 [pool-95-thread-1] INFO  server.RaftServerConfigKeys (ConfUtils.java:logGet(46)) - raft.server.log.force.sync.num = 128 (default)
2022-09-08 01:51:24,223 [pool-95-thread-1] INFO  server.RaftServerConfigKeys (ConfUtils.java:logGet(46)) - raft.server.log.statemachine.data.sync = true (default)
2022-09-08 01:51:24,223 [pool-95-thread-1] INFO  server.RaftServerConfigKeys (ConfUtils.java:logGet(46)) - raft.server.log.statemachine.data.sync.timeout = 10s (default)
2022-09-08 01:51:24,223 [pool-95-thread-1] INFO  server.RaftServerConfigKeys (ConfUtils.java:logGet(46)) - raft.server.log.statemachine.data.sync.timeout.retry = -1 (default)
2022-09-08 01:51:24,224 [pool-95-thread-1] INFO  server.RaftServerConfigKeys (ConfUtils.java:logGet(46)) - raft.server.log.write.buffer.size = 1048576 (custom)
2022-09-08 01:51:24,225 [pool-95-thread-1] INFO  server.RaftServerConfigKeys (ConfUtils.java:logGet(46)) - raft.server.log.unsafe-flush.enabled = false (default)
2022-09-08 01:51:24,225 [pool-95-thread-1] INFO  server.RaftServerConfigKeys (ConfUtils.java:logGet(46)) - raft.server.log.statemachine.data.caching.enabled = true (custom)
2022-09-08 01:51:24,226 [pool-95-thread-1] INFO  segmented.SegmentedRaftLogWorker (SegmentedRaftLogWorker.java:lambda$new$0(135)) - 8445baa6-3cb3-42f1-9022-eafd6ea290b7@group-D8D77E62ED9A-SegmentedRaftLogWorker: flushIndex: setUnconditionally 0 -> -1
2022-09-08 01:51:24,226 [pool-95-thread-1] INFO  segmented.SegmentedRaftLogWorker (SegmentedRaftLogWorker.java:lambda$new$0(135)) - 8445baa6-3cb3-42f1-9022-eafd6ea290b7@group-D8D77E62ED9A-SegmentedRaftLogWorker: safeCacheEvictIndex: setUnconditionally 0 -> -1
2022-09-08 01:51:24,227 [pool-95-thread-1] INFO  server.RaftServerConfigKeys (ConfUtils.java:logGet(46)) - raft.server.snapshot.auto.trigger.enabled = true (custom)
2022-09-08 01:51:24,227 [pool-95-thread-1] INFO  server.RaftServerConfigKeys (ConfUtils.java:logGet(46)) - raft.server.snapshot.auto.trigger.threshold = 10000 (custom)
2022-09-08 01:51:24,227 [pool-95-thread-1] INFO  server.RaftServerConfigKeys (ConfUtils.java:logGet(46)) - raft.server.snapshot.retention.file.num = 5 (custom)
2022-09-08 01:51:24,227 [pool-95-thread-1] INFO  server.RaftServerConfigKeys (ConfUtils.java:logGet(46)) - raft.server.log.purge.upto.snapshot.index = false (default)
2022-09-08 01:51:24,227 [pool-95-thread-1] INFO  server.RaftServerConfigKeys (ConfUtils.java:logGet(46)) - raft.server.retrycache.expirytime = 600000ms (custom)
2022-09-08 01:51:24,227 [pool-95-thread-1] INFO  server.RaftServerConfigKeys (ConfUtils.java:logGet(46)) - raft.server.retrycache.statistics.expirytime = 100μs (default)
2022-09-08 01:51:24,229 [pool-95-thread-1] INFO  server.RaftServerConfigKeys (ConfUtils.java:logGet(46)) - raft.server.log.appender.install.snapshot.enabled = false (custom)
2022-09-08 01:51:24,229 [pool-95-thread-1] INFO  server.RaftServerConfigKeys (ConfUtils.java:logGet(46)) - raft.server.threadpool.server.cached = true (default)
2022-09-08 01:51:24,229 [pool-95-thread-1] INFO  server.RaftServerConfigKeys (ConfUtils.java:logGet(46)) - raft.server.threadpool.server.size = 0 (default)
2022-09-08 01:51:24,229 [pool-95-thread-1] INFO  server.RaftServerConfigKeys (ConfUtils.java:logGet(46)) - raft.server.threadpool.client.cached = true (default)
2022-09-08 01:51:24,229 [pool-95-thread-1] INFO  server.RaftServerConfigKeys (ConfUtils.java:logGet(46)) - raft.server.threadpool.client.size = 0 (default)
2022-09-08 01:51:24,229 [pool-95-thread-1] INFO  server.RaftServer$Division (RaftServerImpl.java:start(310)) - 8445baa6-3cb3-42f1-9022-eafd6ea290b7@group-D8D77E62ED9A: start as a follower, conf=-1: [8445baa6-3cb3-42f1-9022-eafd6ea290b7|rpc:10.1.1.0:43367|priority:0, e90bc429-7749-49ff-bc0d-e80a56f537c2|rpc:10.1.1.0:38745|priority:0, 6b2388e8-0560-444a-8e4b-0f808c784072|rpc:10.1.1.0:36431|priority:1], old=null
2022-09-08 01:51:24,229 [pool-95-thread-1] INFO  server.RaftServer$Division (RaftServerImpl.java:setRole(299)) - 8445baa6-3cb3-42f1-9022-eafd6ea290b7@group-D8D77E62ED9A: changes role from      null to FOLLOWER at term 0 for startAsFollower
2022-09-08 01:51:24,229 [pool-95-thread-1] INFO  impl.RoleInfo (RoleInfo.java:updateAndGet(139)) - 8445baa6-3cb3-42f1-9022-eafd6ea290b7: start 8445baa6-3cb3-42f1-9022-eafd6ea290b7@group-D8D77E62ED9A-FollowerState
2022-09-08 01:51:24,233 [pool-95-thread-1] INFO  util.JmxRegister (JmxRegister.java:tryRegister(44)) - Successfully registered JMX Bean with object name Ratis:service=RaftServer,group=group-D8D77E62ED9A,id=8445baa6-3cb3-42f1-9022-eafd6ea290b7
2022-09-08 01:51:24,239 [Command processor thread] INFO  ratis.XceiverServerRatis (XceiverServerRatis.java:addGroup(765)) - Created group PipelineID=368da934-72f9-4339-8266-d8d77e62ed9a
2022-09-08 01:51:24,321 [grpc-default-executor-1] INFO  server.RaftServer (RaftServerProxy.java:addNew(96)) - 6b2388e8-0560-444a-8e4b-0f808c784072: addNew group-D8D77E62ED9A:[8445baa6-3cb3-42f1-9022-eafd6ea290b7|rpc:10.1.1.0:43367|dataStream:|priority:0, e90bc429-7749-49ff-bc0d-e80a56f537c2|rpc:10.1.1.0:38745|dataStream:|priority:0, 6b2388e8-0560-444a-8e4b-0f808c784072|rpc:10.1.1.0:36431|dataStream:|priority:1] returns group-D8D77E62ED9A:java.util.concurrent.CompletableFuture@5b062c28[Not completed]
2022-09-08 01:51:24,323 [pool-118-thread-1] INFO  server.RaftServer$Division (RaftServerImpl.java:<init>(190)) - 6b2388e8-0560-444a-8e4b-0f808c784072: new RaftServerImpl for group-D8D77E62ED9A:[8445baa6-3cb3-42f1-9022-eafd6ea290b7|rpc:10.1.1.0:43367|dataStream:|priority:0, e90bc429-7749-49ff-bc0d-e80a56f537c2|rpc:10.1.1.0:38745|dataStream:|priority:0, 6b2388e8-0560-444a-8e4b-0f808c784072|rpc:10.1.1.0:36431|dataStream:|priority:1] with ContainerStateMachine:uninitialized
2022-09-08 01:51:24,323 [pool-118-thread-1] INFO  server.RaftServerConfigKeys (ConfUtils.java:logGet(46)) - raft.server.rpc.timeout.min = 5s (custom)
2022-09-08 01:51:24,323 [pool-118-thread-1] INFO  server.RaftServerConfigKeys (ConfUtils.java:logGet(46)) - raft.server.rpc.timeout.max = 5200ms (custom)
2022-09-08 01:51:24,323 [pool-118-thread-1] INFO  server.RaftServerConfigKeys (ConfUtils.java:logGet(46)) - raft.server.rpc.sleep.time = 25ms (default)
2022-09-08 01:51:24,323 [pool-118-thread-1] INFO  server.RaftServerConfigKeys (ConfUtils.java:logGet(46)) - raft.server.rpc.slowness.timeout = 300s (custom)
2022-09-08 01:51:24,323 [pool-118-thread-1] INFO  server.RaftServerConfigKeys (ConfUtils.java:logGet(46)) - raft.server.leaderelection.leader.step-down.wait-time = 10s (default)
2022-09-08 01:51:24,323 [pool-118-thread-1] INFO  server.RaftServerConfigKeys (ConfUtils.java:logGet(46)) - raft.server.sleep.deviation.threshold = 300ms (default)
2022-09-08 01:51:24,323 [pool-118-thread-1] INFO  server.RaftServer$Division (ServerState.java:<init>(107)) - 6b2388e8-0560-444a-8e4b-0f808c784072@group-D8D77E62ED9A: ConfigurationManager, init=-1: [8445baa6-3cb3-42f1-9022-eafd6ea290b7|rpc:10.1.1.0:43367|dataStream:|priority:0, e90bc429-7749-49ff-bc0d-e80a56f537c2|rpc:10.1.1.0:38745|dataStream:|priority:0, 6b2388e8-0560-444a-8e4b-0f808c784072|rpc:10.1.1.0:36431|dataStream:|priority:1], old=null, confs=<EMPTY_MAP>
2022-09-08 01:51:24,323 [pool-118-thread-1] INFO  server.RaftServerConfigKeys (ConfUtils.java:logGet(46)) - raft.server.storage.dir = [/home/runner/work/ozone/ozone/hadoop-ozone/integration-test/target/test-dir/MiniOzoneClusterImpl-4aa6bc8f-5b70-4167-bb18-fb485ad2a953/datanode-2/data/ratis] (custom)
2022-09-08 01:51:24,326 [pool-118-thread-1] INFO  server.RaftServerConfigKeys (ConfUtils.java:logGet(46)) - raft.server.log.corruption.policy = EXCEPTION (default)
2022-09-08 01:51:24,326 [pool-118-thread-1] INFO  server.RaftServerConfigKeys (ConfUtils.java:logGet(46)) - raft.server.storage.free-space.min = 0MB (=0) (default)
2022-09-08 01:51:24,326 [pool-118-thread-1] INFO  storage.RaftStorageDirectory (RaftStorageDirectoryImpl.java:analyzeStorage(135)) - The storage directory /home/runner/work/ozone/ozone/hadoop-ozone/integration-test/target/test-dir/MiniOzoneClusterImpl-4aa6bc8f-5b70-4167-bb18-fb485ad2a953/datanode-2/data/ratis/368da934-72f9-4339-8266-d8d77e62ed9a does not exist. Creating ...
2022-09-08 01:51:24,327 [pool-118-thread-1] INFO  storage.RaftStorageDirectory (RaftStorageDirectoryImpl.java:tryLock(230)) - Lock on /home/runner/work/ozone/ozone/hadoop-ozone/integration-test/target/test-dir/MiniOzoneClusterImpl-4aa6bc8f-5b70-4167-bb18-fb485ad2a953/datanode-2/data/ratis/368da934-72f9-4339-8266-d8d77e62ed9a/in_use.lock acquired by nodename 132736@fv-az38-857
2022-09-08 01:51:24,330 [pool-118-thread-1] INFO  storage.RaftStorage (RaftStorageImpl.java:format(89)) - Storage directory /home/runner/work/ozone/ozone/hadoop-ozone/integration-test/target/test-dir/MiniOzoneClusterImpl-4aa6bc8f-5b70-4167-bb18-fb485ad2a953/datanode-2/data/ratis/368da934-72f9-4339-8266-d8d77e62ed9a has been successfully formatted.
2022-09-08 01:51:24,337 [pool-118-thread-1] INFO  ratis.ContainerStateMachine (ContainerStateMachine.java:loadSnapshot(236)) - group-D8D77E62ED9A: The snapshot info is null. Setting the last applied indexto:(t:0, i:~)
2022-09-08 01:51:24,339 [pool-118-thread-1] INFO  server.RaftServerConfigKeys (ConfUtils.java:logGet(46)) - raft.server.notification.no-leader.timeout = 300s (custom)
2022-09-08 01:51:24,339 [pool-118-thread-1] INFO  server.RaftServerConfigKeys (ConfUtils.java:logGet(46)) - raft.server.log.use.memory = false (default)
2022-09-08 01:51:24,339 [pool-118-thread-1] INFO  server.RaftServerConfigKeys (ConfUtils.java:logGet(46)) - raft.server.log.purge.gap = 1000000 (custom)
2022-09-08 01:51:24,339 [pool-118-thread-1] INFO  server.RaftServerConfigKeys (ConfUtils.java:logGet(46)) - raft.server.log.appender.buffer.byte-limit = 33554432 (custom)
2022-09-08 01:51:24,339 [pool-118-thread-1] INFO  server.RaftServerConfigKeys (ConfUtils.java:logGet(46)) - raft.server.log.statemachine.data.read.timeout = 1000ms (default)
2022-09-08 01:51:24,339 [pool-118-thread-1] INFO  server.RaftServerConfigKeys (ConfUtils.java:logGet(46)) - raft.server.log.segment.size.max = 1048576 (custom)
2022-09-08 01:51:24,340 [pool-118-thread-1] INFO  server.RaftServerConfigKeys (ConfUtils.java:logGet(46)) - raft.server.log.segment.cache.num.max = 2 (custom)
2022-09-08 01:51:24,340 [pool-118-thread-1] INFO  server.RaftServerConfigKeys (ConfUtils.java:logGet(46)) - raft.server.log.segment.cache.size.max = 200MB (=209715200) (default)
2022-09-08 01:51:24,340 [pool-118-thread-1] INFO  segmented.SegmentedRaftLogWorker (SegmentedRaftLogWorker.java:<init>(187)) - new 6b2388e8-0560-444a-8e4b-0f808c784072@group-D8D77E62ED9A-SegmentedRaftLogWorker for RaftStorageImpl:Storage Directory /home/runner/work/ozone/ozone/hadoop-ozone/integration-test/target/test-dir/MiniOzoneClusterImpl-4aa6bc8f-5b70-4167-bb18-fb485ad2a953/datanode-2/data/ratis/368da934-72f9-4339-8266-d8d77e62ed9a
2022-09-08 01:51:24,340 [pool-118-thread-1] INFO  server.RaftServerConfigKeys (ConfUtils.java:logGet(46)) - raft.server.log.queue.byte-limit = 4294967296 (custom)
2022-09-08 01:51:24,340 [pool-118-thread-1] INFO  server.RaftServerConfigKeys (ConfUtils.java:logGet(46)) - raft.server.log.queue.element-limit = 1024 (custom)
2022-09-08 01:51:24,340 [pool-118-thread-1] INFO  server.RaftServerConfigKeys (ConfUtils.java:logGet(46)) - raft.server.log.segment.size.max = 1048576 (custom)
2022-09-08 01:51:24,340 [pool-118-thread-1] INFO  server.RaftServerConfigKeys (ConfUtils.java:logGet(46)) - raft.server.log.preallocated.size = 16384 (custom)
2022-09-08 01:51:24,340 [pool-118-thread-1] INFO  server.RaftServerConfigKeys (ConfUtils.java:logGet(46)) - raft.server.log.force.sync.num = 128 (default)
2022-09-08 01:51:24,340 [pool-118-thread-1] INFO  server.RaftServerConfigKeys (ConfUtils.java:logGet(46)) - raft.server.log.statemachine.data.sync = true (default)
2022-09-08 01:51:24,340 [pool-118-thread-1] INFO  server.RaftServerConfigKeys (ConfUtils.java:logGet(46)) - raft.server.log.statemachine.data.sync.timeout = 10s (default)
2022-09-08 01:51:24,340 [pool-118-thread-1] INFO  server.RaftServerConfigKeys (ConfUtils.java:logGet(46)) - raft.server.log.statemachine.data.sync.timeout.retry = -1 (default)
2022-09-08 01:51:24,341 [pool-118-thread-1] INFO  server.RaftServerConfigKeys (ConfUtils.java:logGet(46)) - raft.server.log.write.buffer.size = 1048576 (custom)
2022-09-08 01:51:24,342 [pool-118-thread-1] INFO  server.RaftServerConfigKeys (ConfUtils.java:logGet(46)) - raft.server.log.unsafe-flush.enabled = false (default)
2022-09-08 01:51:24,342 [pool-118-thread-1] INFO  server.RaftServerConfigKeys (ConfUtils.java:logGet(46)) - raft.server.log.statemachine.data.caching.enabled = true (custom)
2022-09-08 01:51:24,342 [pool-118-thread-1] INFO  segmented.SegmentedRaftLogWorker (SegmentedRaftLogWorker.java:lambda$new$0(135)) - 6b2388e8-0560-444a-8e4b-0f808c784072@group-D8D77E62ED9A-SegmentedRaftLogWorker: flushIndex: setUnconditionally 0 -> -1
2022-09-08 01:51:24,342 [pool-118-thread-1] INFO  segmented.SegmentedRaftLogWorker (SegmentedRaftLogWorker.java:lambda$new$0(135)) - 6b2388e8-0560-444a-8e4b-0f808c784072@group-D8D77E62ED9A-SegmentedRaftLogWorker: safeCacheEvictIndex: setUnconditionally 0 -> -1
2022-09-08 01:51:24,344 [pool-118-thread-1] INFO  server.RaftServerConfigKeys (ConfUtils.java:logGet(46)) - raft.server.snapshot.auto.trigger.enabled = true (custom)
2022-09-08 01:51:24,344 [pool-118-thread-1] INFO  server.RaftServerConfigKeys (ConfUtils.java:logGet(46)) - raft.server.snapshot.auto.trigger.threshold = 10000 (custom)
2022-09-08 01:51:24,344 [pool-118-thread-1] INFO  server.RaftServerConfigKeys (ConfUtils.java:logGet(46)) - raft.server.snapshot.retention.file.num = 5 (custom)
2022-09-08 01:51:24,344 [pool-118-thread-1] INFO  server.RaftServerConfigKeys (ConfUtils.java:logGet(46)) - raft.server.log.purge.upto.snapshot.index = false (default)
2022-09-08 01:51:24,344 [pool-118-thread-1] INFO  server.RaftServerConfigKeys (ConfUtils.java:logGet(46)) - raft.server.retrycache.expirytime = 600000ms (custom)
2022-09-08 01:51:24,344 [pool-118-thread-1] INFO  server.RaftServerConfigKeys (ConfUtils.java:logGet(46)) - raft.server.retrycache.statistics.expirytime = 100μs (default)
2022-09-08 01:51:24,351 [pool-118-thread-1] INFO  server.RaftServerConfigKeys (ConfUtils.java:logGet(46)) - raft.server.log.appender.install.snapshot.enabled = false (custom)
2022-09-08 01:51:24,351 [pool-118-thread-1] INFO  server.RaftServerConfigKeys (ConfUtils.java:logGet(46)) - raft.server.threadpool.server.cached = true (default)
2022-09-08 01:51:24,351 [pool-118-thread-1] INFO  server.RaftServerConfigKeys (ConfUtils.java:logGet(46)) - raft.server.threadpool.server.size = 0 (default)
2022-09-08 01:51:24,351 [pool-118-thread-1] INFO  server.RaftServerConfigKeys (ConfUtils.java:logGet(46)) - raft.server.threadpool.client.cached = true (default)
2022-09-08 01:51:24,351 [pool-118-thread-1] INFO  server.RaftServerConfigKeys (ConfUtils.java:logGet(46)) - raft.server.threadpool.client.size = 0 (default)
2022-09-08 01:51:24,351 [pool-118-thread-1] INFO  server.RaftServer$Division (RaftServerImpl.java:start(310)) - 6b2388e8-0560-444a-8e4b-0f808c784072@group-D8D77E62ED9A: start as a follower, conf=-1: [8445baa6-3cb3-42f1-9022-eafd6ea290b7|rpc:10.1.1.0:43367|dataStream:|priority:0, e90bc429-7749-49ff-bc0d-e80a56f537c2|rpc:10.1.1.0:38745|dataStream:|priority:0, 6b2388e8-0560-444a-8e4b-0f808c784072|rpc:10.1.1.0:36431|dataStream:|priority:1], old=null
2022-09-08 01:51:24,351 [pool-118-thread-1] INFO  server.RaftServer$Division (RaftServerImpl.java:setRole(299)) - 6b2388e8-0560-444a-8e4b-0f808c784072@group-D8D77E62ED9A: changes role from      null to FOLLOWER at term 0 for startAsFollower
2022-09-08 01:51:24,351 [pool-118-thread-1] INFO  impl.RoleInfo (RoleInfo.java:updateAndGet(139)) - 6b2388e8-0560-444a-8e4b-0f808c784072: start 6b2388e8-0560-444a-8e4b-0f808c784072@group-D8D77E62ED9A-FollowerState
2022-09-08 01:51:24,358 [pool-118-thread-1] INFO  util.JmxRegister (JmxRegister.java:tryRegister(44)) - Successfully registered JMX Bean with object name Ratis:service=RaftServer,group=group-D8D77E62ED9A,id=6b2388e8-0560-444a-8e4b-0f808c784072
2022-09-08 01:51:24,452 [Command processor thread] INFO  commandhandler.CreatePipelineCommandHandler (CreatePipelineCommandHandler.java:handle(113)) - Created Pipeline RATIS THREE PipelineID=368da934-72f9-4339-8266-d8d77e62ed9a.
2022-09-08 01:51:24,453 [Command processor thread] INFO  server.RaftServer (RaftServerProxy.java:addNew(96)) - e90bc429-7749-49ff-bc0d-e80a56f537c2: addNew group-45321734DF4E:[8445baa6-3cb3-42f1-9022-eafd6ea290b7|rpc:10.1.1.0:43367|priority:0, e90bc429-7749-49ff-bc0d-e80a56f537c2|rpc:10.1.1.0:38745|priority:1, 6b2388e8-0560-444a-8e4b-0f808c784072|rpc:10.1.1.0:36431|priority:0] returns group-45321734DF4E:java.util.concurrent.CompletableFuture@10d3a3c[Not completed]
2022-09-08 01:51:24,454 [pool-72-thread-1] INFO  server.RaftServer$Division (RaftServerImpl.java:<init>(190)) - e90bc429-7749-49ff-bc0d-e80a56f537c2: new RaftServerImpl for group-45321734DF4E:[8445baa6-3cb3-42f1-9022-eafd6ea290b7|rpc:10.1.1.0:43367|priority:0, e90bc429-7749-49ff-bc0d-e80a56f537c2|rpc:10.1.1.0:38745|priority:1, 6b2388e8-0560-444a-8e4b-0f808c784072|rpc:10.1.1.0:36431|priority:0] with ContainerStateMachine:uninitialized
2022-09-08 01:51:24,454 [pool-72-thread-1] INFO  server.RaftServerConfigKeys (ConfUtils.java:logGet(46)) - raft.server.rpc.timeout.min = 5s (custom)
2022-09-08 01:51:24,454 [pool-72-thread-1] INFO  server.RaftServerConfigKeys (ConfUtils.java:logGet(46)) - raft.server.rpc.timeout.max = 5200ms (custom)
2022-09-08 01:51:24,454 [pool-72-thread-1] INFO  server.RaftServerConfigKeys (ConfUtils.java:logGet(46)) - raft.server.rpc.sleep.time = 25ms (default)
2022-09-08 01:51:24,454 [pool-72-thread-1] INFO  server.RaftServerConfigKeys (ConfUtils.java:logGet(46)) - raft.server.rpc.slowness.timeout = 300s (custom)
2022-09-08 01:51:24,455 [pool-72-thread-1] INFO  server.RaftServerConfigKeys (ConfUtils.java:logGet(46)) - raft.server.leaderelection.leader.step-down.wait-time = 10s (default)
2022-09-08 01:51:24,455 [pool-72-thread-1] INFO  server.RaftServerConfigKeys (ConfUtils.java:logGet(46)) - raft.server.sleep.deviation.threshold = 300ms (default)
2022-09-08 01:51:24,455 [pool-72-thread-1] INFO  server.RaftServer$Division (ServerState.java:<init>(107)) - e90bc429-7749-49ff-bc0d-e80a56f537c2@group-45321734DF4E: ConfigurationManager, init=-1: [8445baa6-3cb3-42f1-9022-eafd6ea290b7|rpc:10.1.1.0:43367|priority:0, e90bc429-7749-49ff-bc0d-e80a56f537c2|rpc:10.1.1.0:38745|priority:1, 6b2388e8-0560-444a-8e4b-0f808c784072|rpc:10.1.1.0:36431|priority:0], old=null, confs=<EMPTY_MAP>
2022-09-08 01:51:24,455 [pool-72-thread-1] INFO  server.RaftServerConfigKeys (ConfUtils.java:logGet(46)) - raft.server.storage.dir = [/home/runner/work/ozone/ozone/hadoop-ozone/integration-test/target/test-dir/MiniOzoneClusterImpl-4aa6bc8f-5b70-4167-bb18-fb485ad2a953/datanode-0/data/ratis] (custom)
2022-09-08 01:51:24,455 [pool-72-thread-1] INFO  server.RaftServerConfigKeys (ConfUtils.java:logGet(46)) - raft.server.log.corruption.policy = EXCEPTION (default)
2022-09-08 01:51:24,455 [pool-72-thread-1] INFO  server.RaftServerConfigKeys (ConfUtils.java:logGet(46)) - raft.server.storage.free-space.min = 0MB (=0) (default)
2022-09-08 01:51:24,455 [pool-72-thread-1] INFO  storage.RaftStorageDirectory (RaftStorageDirectoryImpl.java:analyzeStorage(135)) - The storage directory /home/runner/work/ozone/ozone/hadoop-ozone/integration-test/target/test-dir/MiniOzoneClusterImpl-4aa6bc8f-5b70-4167-bb18-fb485ad2a953/datanode-0/data/ratis/69a4666b-c0af-4dbf-964b-45321734df4e does not exist. Creating ...
2022-09-08 01:51:24,459 [pool-72-thread-1] INFO  storage.RaftStorageDirectory (RaftStorageDirectoryImpl.java:tryLock(230)) - Lock on /home/runner/work/ozone/ozone/hadoop-ozone/integration-test/target/test-dir/MiniOzoneClusterImpl-4aa6bc8f-5b70-4167-bb18-fb485ad2a953/datanode-0/data/ratis/69a4666b-c0af-4dbf-964b-45321734df4e/in_use.lock acquired by nodename 132736@fv-az38-857
2022-09-08 01:51:24,460 [Command processor thread] INFO  commandhandler.CreatePipelineCommandHandler (CreatePipelineCommandHandler.java:handle(113)) - Created Pipeline RATIS THREE PipelineID=368da934-72f9-4339-8266-d8d77e62ed9a.
2022-09-08 01:51:24,461 [Command processor thread] INFO  server.RaftServer (RaftServerProxy.java:addNew(96)) - 8445baa6-3cb3-42f1-9022-eafd6ea290b7: addNew group-45321734DF4E:[8445baa6-3cb3-42f1-9022-eafd6ea290b7|rpc:10.1.1.0:43367|priority:0, e90bc429-7749-49ff-bc0d-e80a56f537c2|rpc:10.1.1.0:38745|priority:1, 6b2388e8-0560-444a-8e4b-0f808c784072|rpc:10.1.1.0:36431|priority:0] returns group-45321734DF4E:java.util.concurrent.CompletableFuture@575aed05[Not completed]
2022-09-08 01:51:24,462 [pool-95-thread-1] INFO  server.RaftServer$Division (RaftServerImpl.java:<init>(190)) - 8445baa6-3cb3-42f1-9022-eafd6ea290b7: new RaftServerImpl for group-45321734DF4E:[8445baa6-3cb3-42f1-9022-eafd6ea290b7|rpc:10.1.1.0:43367|priority:0, e90bc429-7749-49ff-bc0d-e80a56f537c2|rpc:10.1.1.0:38745|priority:1, 6b2388e8-0560-444a-8e4b-0f808c784072|rpc:10.1.1.0:36431|priority:0] with ContainerStateMachine:uninitialized
2022-09-08 01:51:24,462 [pool-95-thread-1] INFO  server.RaftServerConfigKeys (ConfUtils.java:logGet(46)) - raft.server.rpc.timeout.min = 5s (custom)
2022-09-08 01:51:24,462 [pool-95-thread-1] INFO  server.RaftServerConfigKeys (ConfUtils.java:logGet(46)) - raft.server.rpc.timeout.max = 5200ms (custom)
2022-09-08 01:51:24,462 [pool-95-thread-1] INFO  server.RaftServerConfigKeys (ConfUtils.java:logGet(46)) - raft.server.rpc.sleep.time = 25ms (default)
2022-09-08 01:51:24,462 [pool-95-thread-1] INFO  server.RaftServerConfigKeys (ConfUtils.java:logGet(46)) - raft.server.rpc.slowness.timeout = 300s (custom)
2022-09-08 01:51:24,462 [pool-95-thread-1] INFO  server.RaftServerConfigKeys (ConfUtils.java:logGet(46)) - raft.server.leaderelection.leader.step-down.wait-time = 10s (default)
2022-09-08 01:51:24,463 [pool-95-thread-1] INFO  server.RaftServerConfigKeys (ConfUtils.java:logGet(46)) - raft.server.sleep.deviation.threshold = 300ms (default)
2022-09-08 01:51:24,463 [pool-95-thread-1] INFO  server.RaftServer$Division (ServerState.java:<init>(107)) - 8445baa6-3cb3-42f1-9022-eafd6ea290b7@group-45321734DF4E: ConfigurationManager, init=-1: [8445baa6-3cb3-42f1-9022-eafd6ea290b7|rpc:10.1.1.0:43367|priority:0, e90bc429-7749-49ff-bc0d-e80a56f537c2|rpc:10.1.1.0:38745|priority:1, 6b2388e8-0560-444a-8e4b-0f808c784072|rpc:10.1.1.0:36431|priority:0], old=null, confs=<EMPTY_MAP>
2022-09-08 01:51:24,463 [pool-95-thread-1] INFO  server.RaftServerConfigKeys (ConfUtils.java:logGet(46)) - raft.server.storage.dir = [/home/runner/work/ozone/ozone/hadoop-ozone/integration-test/target/test-dir/MiniOzoneClusterImpl-4aa6bc8f-5b70-4167-bb18-fb485ad2a953/datanode-1/data/ratis] (custom)
2022-09-08 01:51:24,463 [pool-95-thread-1] INFO  server.RaftServerConfigKeys (ConfUtils.java:logGet(46)) - raft.server.log.corruption.policy = EXCEPTION (default)
2022-09-08 01:51:24,463 [pool-95-thread-1] INFO  server.RaftServerConfigKeys (ConfUtils.java:logGet(46)) - raft.server.storage.free-space.min = 0MB (=0) (default)
2022-09-08 01:51:24,463 [pool-95-thread-1] INFO  storage.RaftStorageDirectory (RaftStorageDirectoryImpl.java:analyzeStorage(135)) - The storage directory /home/runner/work/ozone/ozone/hadoop-ozone/integration-test/target/test-dir/MiniOzoneClusterImpl-4aa6bc8f-5b70-4167-bb18-fb485ad2a953/datanode-1/data/ratis/69a4666b-c0af-4dbf-964b-45321734df4e does not exist. Creating ...
2022-09-08 01:51:24,464 [pool-72-thread-1] INFO  storage.RaftStorage (RaftStorageImpl.java:format(89)) - Storage directory /home/runner/work/ozone/ozone/hadoop-ozone/integration-test/target/test-dir/MiniOzoneClusterImpl-4aa6bc8f-5b70-4167-bb18-fb485ad2a953/datanode-0/data/ratis/69a4666b-c0af-4dbf-964b-45321734df4e has been successfully formatted.
2022-09-08 01:51:24,464 [pool-72-thread-1] INFO  ratis.ContainerStateMachine (ContainerStateMachine.java:loadSnapshot(236)) - group-45321734DF4E: The snapshot info is null. Setting the last applied indexto:(t:0, i:~)
2022-09-08 01:51:24,464 [pool-72-thread-1] INFO  server.RaftServerConfigKeys (ConfUtils.java:logGet(46)) - raft.server.notification.no-leader.timeout = 300s (custom)
2022-09-08 01:51:24,465 [pool-72-thread-1] INFO  server.RaftServerConfigKeys (ConfUtils.java:logGet(46)) - raft.server.log.use.memory = false (default)
2022-09-08 01:51:24,465 [pool-72-thread-1] INFO  server.RaftServerConfigKeys (ConfUtils.java:logGet(46)) - raft.server.log.purge.gap = 1000000 (custom)
2022-09-08 01:51:24,465 [pool-72-thread-1] INFO  server.RaftServerConfigKeys (ConfUtils.java:logGet(46)) - raft.server.log.appender.buffer.byte-limit = 33554432 (custom)
2022-09-08 01:51:24,465 [pool-72-thread-1] INFO  server.RaftServerConfigKeys (ConfUtils.java:logGet(46)) - raft.server.log.statemachine.data.read.timeout = 1000ms (default)
2022-09-08 01:51:24,465 [pool-72-thread-1] INFO  server.RaftServerConfigKeys (ConfUtils.java:logGet(46)) - raft.server.log.segment.size.max = 1048576 (custom)
2022-09-08 01:51:24,464 [pool-95-thread-1] INFO  storage.RaftStorageDirectory (RaftStorageDirectoryImpl.java:tryLock(230)) - Lock on /home/runner/work/ozone/ozone/hadoop-ozone/integration-test/target/test-dir/MiniOzoneClusterImpl-4aa6bc8f-5b70-4167-bb18-fb485ad2a953/datanode-1/data/ratis/69a4666b-c0af-4dbf-964b-45321734df4e/in_use.lock acquired by nodename 132736@fv-az38-857
2022-09-08 01:51:24,470 [EventQueue-OpenPipelineForHealthyPipelineSafeModeRule] INFO  safemode.SCMSafeModeManager (HealthyPipelineSafeModeRule.java:process(137)) - SCM in safe mode. Healthy pipelines reported count is 0, required healthy pipeline reported count is 1
2022-09-08 01:51:24,470 [pool-72-thread-1] INFO  server.RaftServerConfigKeys (ConfUtils.java:logGet(46)) - raft.server.log.segment.cache.num.max = 2 (custom)
2022-09-08 01:51:24,470 [pool-95-thread-1] INFO  storage.RaftStorage (RaftStorageImpl.java:format(89)) - Storage directory /home/runner/work/ozone/ozone/hadoop-ozone/integration-test/target/test-dir/MiniOzoneClusterImpl-4aa6bc8f-5b70-4167-bb18-fb485ad2a953/datanode-1/data/ratis/69a4666b-c0af-4dbf-964b-45321734df4e has been successfully formatted.
2022-09-08 01:51:24,471 [pool-95-thread-1] INFO  ratis.ContainerStateMachine (ContainerStateMachine.java:loadSnapshot(236)) - group-45321734DF4E: The snapshot info is null. Setting the last applied indexto:(t:0, i:~)
2022-09-08 01:51:24,471 [pool-95-thread-1] INFO  server.RaftServerConfigKeys (ConfUtils.java:logGet(46)) - raft.server.notification.no-leader.timeout = 300s (custom)
2022-09-08 01:51:24,471 [pool-95-thread-1] INFO  server.RaftServerConfigKeys (ConfUtils.java:logGet(46)) - raft.server.log.use.memory = false (default)
2022-09-08 01:51:24,471 [pool-95-thread-1] INFO  server.RaftServerConfigKeys (ConfUtils.java:logGet(46)) - raft.server.log.purge.gap = 1000000 (custom)
2022-09-08 01:51:24,471 [pool-95-thread-1] INFO  server.RaftServerConfigKeys (ConfUtils.java:logGet(46)) - raft.server.log.appender.buffer.byte-limit = 33554432 (custom)
2022-09-08 01:51:24,471 [pool-95-thread-1] INFO  server.RaftServerConfigKeys (ConfUtils.java:logGet(46)) - raft.server.log.statemachine.data.read.timeout = 1000ms (default)
2022-09-08 01:51:24,471 [pool-95-thread-1] INFO  server.RaftServerConfigKeys (ConfUtils.java:logGet(46)) - raft.server.log.segment.size.max = 1048576 (custom)
2022-09-08 01:51:24,471 [pool-72-thread-1] INFO  server.RaftServerConfigKeys (ConfUtils.java:logGet(46)) - raft.server.log.segment.cache.size.max = 200MB (=209715200) (default)
2022-09-08 01:51:24,472 [pool-72-thread-1] INFO  segmented.SegmentedRaftLogWorker (SegmentedRaftLogWorker.java:<init>(187)) - new e90bc429-7749-49ff-bc0d-e80a56f537c2@group-45321734DF4E-SegmentedRaftLogWorker for RaftStorageImpl:Storage Directory /home/runner/work/ozone/ozone/hadoop-ozone/integration-test/target/test-dir/MiniOzoneClusterImpl-4aa6bc8f-5b70-4167-bb18-fb485ad2a953/datanode-0/data/ratis/69a4666b-c0af-4dbf-964b-45321734df4e
2022-09-08 01:51:24,472 [pool-72-thread-1] INFO  server.RaftServerConfigKeys (ConfUtils.java:logGet(46)) - raft.server.log.queue.byte-limit = 4294967296 (custom)
2022-09-08 01:51:24,472 [pool-72-thread-1] INFO  server.RaftServerConfigKeys (ConfUtils.java:logGet(46)) - raft.server.log.queue.element-limit = 1024 (custom)
2022-09-08 01:51:24,472 [pool-95-thread-1] INFO  server.RaftServerConfigKeys (ConfUtils.java:logGet(46)) - raft.server.log.segment.cache.num.max = 2 (custom)
2022-09-08 01:51:24,472 [pool-95-thread-1] INFO  server.RaftServerConfigKeys (ConfUtils.java:logGet(46)) - raft.server.log.segment.cache.size.max = 200MB (=209715200) (default)
2022-09-08 01:51:24,472 [pool-95-thread-1] INFO  segmented.SegmentedRaftLogWorker (SegmentedRaftLogWorker.java:<init>(187)) - new 8445baa6-3cb3-42f1-9022-eafd6ea290b7@group-45321734DF4E-SegmentedRaftLogWorker for RaftStorageImpl:Storage Directory /home/runner/work/ozone/ozone/hadoop-ozone/integration-test/target/test-dir/MiniOzoneClusterImpl-4aa6bc8f-5b70-4167-bb18-fb485ad2a953/datanode-1/data/ratis/69a4666b-c0af-4dbf-964b-45321734df4e
2022-09-08 01:51:24,472 [pool-95-thread-1] INFO  server.RaftServerConfigKeys (ConfUtils.java:logGet(46)) - raft.server.log.queue.byte-limit = 4294967296 (custom)
2022-09-08 01:51:24,472 [pool-95-thread-1] INFO  server.RaftServerConfigKeys (ConfUtils.java:logGet(46)) - raft.server.log.queue.element-limit = 1024 (custom)
2022-09-08 01:51:24,472 [pool-95-thread-1] INFO  server.RaftServerConfigKeys (ConfUtils.java:logGet(46)) - raft.server.log.segment.size.max = 1048576 (custom)
2022-09-08 01:51:24,472 [pool-95-thread-1] INFO  server.RaftServerConfigKeys (ConfUtils.java:logGet(46)) - raft.server.log.preallocated.size = 16384 (custom)
2022-09-08 01:51:24,472 [pool-95-thread-1] INFO  server.RaftServerConfigKeys (ConfUtils.java:logGet(46)) - raft.server.log.force.sync.num = 128 (default)
2022-09-08 01:51:24,472 [pool-95-thread-1] INFO  server.RaftServerConfigKeys (ConfUtils.java:logGet(46)) - raft.server.log.statemachine.data.sync = true (default)
2022-09-08 01:51:24,472 [pool-95-thread-1] INFO  server.RaftServerConfigKeys (ConfUtils.java:logGet(46)) - raft.server.log.statemachine.data.sync.timeout = 10s (default)
2022-09-08 01:51:24,472 [pool-95-thread-1] INFO  server.RaftServerConfigKeys (ConfUtils.java:logGet(46)) - raft.server.log.statemachine.data.sync.timeout.retry = -1 (default)
2022-09-08 01:51:24,472 [pool-72-thread-1] INFO  server.RaftServerConfigKeys (ConfUtils.java:logGet(46)) - raft.server.log.segment.size.max = 1048576 (custom)
2022-09-08 01:51:24,473 [pool-72-thread-1] INFO  server.RaftServerConfigKeys (ConfUtils.java:logGet(46)) - raft.server.log.preallocated.size = 16384 (custom)
2022-09-08 01:51:24,473 [pool-72-thread-1] INFO  server.RaftServerConfigKeys (ConfUtils.java:logGet(46)) - raft.server.log.force.sync.num = 128 (default)
2022-09-08 01:51:24,473 [pool-72-thread-1] INFO  server.RaftServerConfigKeys (ConfUtils.java:logGet(46)) - raft.server.log.statemachine.data.sync = true (default)
2022-09-08 01:51:24,473 [pool-72-thread-1] INFO  server.RaftServerConfigKeys (ConfUtils.java:logGet(46)) - raft.server.log.statemachine.data.sync.timeout = 10s (default)
2022-09-08 01:51:24,473 [pool-72-thread-1] INFO  server.RaftServerConfigKeys (ConfUtils.java:logGet(46)) - raft.server.log.statemachine.data.sync.timeout.retry = -1 (default)
2022-09-08 01:51:24,473 [pool-95-thread-1] INFO  server.RaftServerConfigKeys (ConfUtils.java:logGet(46)) - raft.server.log.write.buffer.size = 1048576 (custom)
2022-09-08 01:51:24,474 [pool-72-thread-1] INFO  server.RaftServerConfigKeys (ConfUtils.java:logGet(46)) - raft.server.log.write.buffer.size = 1048576 (custom)
2022-09-08 01:51:24,475 [pool-95-thread-1] INFO  server.RaftServerConfigKeys (ConfUtils.java:logGet(46)) - raft.server.log.unsafe-flush.enabled = false (default)
2022-09-08 01:51:24,475 [pool-95-thread-1] INFO  server.RaftServerConfigKeys (ConfUtils.java:logGet(46)) - raft.server.log.statemachine.data.caching.enabled = true (custom)
2022-09-08 01:51:24,476 [pool-95-thread-1] INFO  segmented.SegmentedRaftLogWorker (SegmentedRaftLogWorker.java:lambda$new$0(135)) - 8445baa6-3cb3-42f1-9022-eafd6ea290b7@group-45321734DF4E-SegmentedRaftLogWorker: flushIndex: setUnconditionally 0 -> -1
2022-09-08 01:51:24,476 [pool-95-thread-1] INFO  segmented.SegmentedRaftLogWorker (SegmentedRaftLogWorker.java:lambda$new$0(135)) - 8445baa6-3cb3-42f1-9022-eafd6ea290b7@group-45321734DF4E-SegmentedRaftLogWorker: safeCacheEvictIndex: setUnconditionally 0 -> -1
2022-09-08 01:51:24,476 [pool-95-thread-1] INFO  server.RaftServerConfigKeys (ConfUtils.java:logGet(46)) - raft.server.snapshot.auto.trigger.enabled = true (custom)
2022-09-08 01:51:24,476 [pool-95-thread-1] INFO  server.RaftServerConfigKeys (ConfUtils.java:logGet(46)) - raft.server.snapshot.auto.trigger.threshold = 10000 (custom)
2022-09-08 01:51:24,476 [pool-95-thread-1] INFO  server.RaftServerConfigKeys (ConfUtils.java:logGet(46)) - raft.server.snapshot.retention.file.num = 5 (custom)
2022-09-08 01:51:24,476 [pool-95-thread-1] INFO  server.RaftServerConfigKeys (ConfUtils.java:logGet(46)) - raft.server.log.purge.upto.snapshot.index = false (default)
2022-09-08 01:51:24,476 [pool-95-thread-1] INFO  server.RaftServerConfigKeys (ConfUtils.java:logGet(46)) - raft.server.retrycache.expirytime = 600000ms (custom)
2022-09-08 01:51:24,476 [pool-95-thread-1] INFO  server.RaftServerConfigKeys (ConfUtils.java:logGet(46)) - raft.server.retrycache.statistics.expirytime = 100μs (default)
2022-09-08 01:51:24,477 [pool-95-thread-1] INFO  server.RaftServerConfigKeys (ConfUtils.java:logGet(46)) - raft.server.log.appender.install.snapshot.enabled = false (custom)
2022-09-08 01:51:24,477 [pool-95-thread-1] INFO  server.RaftServerConfigKeys (ConfUtils.java:logGet(46)) - raft.server.threadpool.server.cached = true (default)
2022-09-08 01:51:24,477 [pool-95-thread-1] INFO  server.RaftServerConfigKeys (ConfUtils.java:logGet(46)) - raft.server.threadpool.server.size = 0 (default)
2022-09-08 01:51:24,477 [pool-95-thread-1] INFO  server.RaftServerConfigKeys (ConfUtils.java:logGet(46)) - raft.server.threadpool.client.cached = true (default)
2022-09-08 01:51:24,477 [pool-95-thread-1] INFO  server.RaftServerConfigKeys (ConfUtils.java:logGet(46)) - raft.server.threadpool.client.size = 0 (default)
2022-09-08 01:51:24,477 [pool-95-thread-1] INFO  server.RaftServer$Division (RaftServerImpl.java:start(310)) - 8445baa6-3cb3-42f1-9022-eafd6ea290b7@group-45321734DF4E: start as a follower, conf=-1: [8445baa6-3cb3-42f1-9022-eafd6ea290b7|rpc:10.1.1.0:43367|priority:0, e90bc429-7749-49ff-bc0d-e80a56f537c2|rpc:10.1.1.0:38745|priority:1, 6b2388e8-0560-444a-8e4b-0f808c784072|rpc:10.1.1.0:36431|priority:0], old=null
2022-09-08 01:51:24,477 [pool-95-thread-1] INFO  server.RaftServer$Division (RaftServerImpl.java:setRole(299)) - 8445baa6-3cb3-42f1-9022-eafd6ea290b7@group-45321734DF4E: changes role from      null to FOLLOWER at term 0 for startAsFollower
2022-09-08 01:51:24,477 [pool-95-thread-1] INFO  impl.RoleInfo (RoleInfo.java:updateAndGet(139)) - 8445baa6-3cb3-42f1-9022-eafd6ea290b7: start 8445baa6-3cb3-42f1-9022-eafd6ea290b7@group-45321734DF4E-FollowerState
2022-09-08 01:51:24,478 [pool-95-thread-1] INFO  util.JmxRegister (JmxRegister.java:tryRegister(44)) - Successfully registered JMX Bean with object name Ratis:service=RaftServer,group=group-45321734DF4E,id=8445baa6-3cb3-42f1-9022-eafd6ea290b7
2022-09-08 01:51:24,479 [pool-72-thread-1] INFO  server.RaftServerConfigKeys (ConfUtils.java:logGet(46)) - raft.server.log.unsafe-flush.enabled = false (default)
2022-09-08 01:51:24,479 [pool-72-thread-1] INFO  server.RaftServerConfigKeys (ConfUtils.java:logGet(46)) - raft.server.log.statemachine.data.caching.enabled = true (custom)
2022-09-08 01:51:24,480 [pool-72-thread-1] INFO  segmented.SegmentedRaftLogWorker (SegmentedRaftLogWorker.java:lambda$new$0(135)) - e90bc429-7749-49ff-bc0d-e80a56f537c2@group-45321734DF4E-SegmentedRaftLogWorker: flushIndex: setUnconditionally 0 -> -1
2022-09-08 01:51:24,480 [pool-72-thread-1] INFO  segmented.SegmentedRaftLogWorker (SegmentedRaftLogWorker.java:lambda$new$0(135)) - e90bc429-7749-49ff-bc0d-e80a56f537c2@group-45321734DF4E-SegmentedRaftLogWorker: safeCacheEvictIndex: setUnconditionally 0 -> -1
2022-09-08 01:51:24,485 [Command processor thread] INFO  ratis.XceiverServerRatis (XceiverServerRatis.java:addGroup(765)) - Created group PipelineID=69a4666b-c0af-4dbf-964b-45321734df4e
2022-09-08 01:51:24,485 [pool-72-thread-1] INFO  server.RaftServerConfigKeys (ConfUtils.java:logGet(46)) - raft.server.snapshot.auto.trigger.enabled = true (custom)
2022-09-08 01:51:24,485 [pool-72-thread-1] INFO  server.RaftServerConfigKeys (ConfUtils.java:logGet(46)) - raft.server.snapshot.auto.trigger.threshold = 10000 (custom)
2022-09-08 01:51:24,485 [pool-72-thread-1] INFO  server.RaftServerConfigKeys (ConfUtils.java:logGet(46)) - raft.server.snapshot.retention.file.num = 5 (custom)
2022-09-08 01:51:24,485 [pool-72-thread-1] INFO  server.RaftServerConfigKeys (ConfUtils.java:logGet(46)) - raft.server.log.purge.upto.snapshot.index = false (default)
2022-09-08 01:51:24,485 [pool-72-thread-1] INFO  server.RaftServerConfigKeys (ConfUtils.java:logGet(46)) - raft.server.retrycache.expirytime = 600000ms (custom)
2022-09-08 01:51:24,485 [pool-72-thread-1] INFO  server.RaftServerConfigKeys (ConfUtils.java:logGet(46)) - raft.server.retrycache.statistics.expirytime = 100μs (default)
2022-09-08 01:51:24,486 [pool-72-thread-1] INFO  server.RaftServerConfigKeys (ConfUtils.java:logGet(46)) - raft.server.log.appender.install.snapshot.enabled = false (custom)
2022-09-08 01:51:24,486 [pool-72-thread-1] INFO  server.RaftServerConfigKeys (ConfUtils.java:logGet(46)) - raft.server.threadpool.server.cached = true (default)
2022-09-08 01:51:24,486 [pool-72-thread-1] INFO  server.RaftServerConfigKeys (ConfUtils.java:logGet(46)) - raft.server.threadpool.server.size = 0 (default)
2022-09-08 01:51:24,486 [pool-72-thread-1] INFO  server.RaftServerConfigKeys (ConfUtils.java:logGet(46)) - raft.server.threadpool.client.cached = true (default)
2022-09-08 01:51:24,486 [pool-72-thread-1] INFO  server.RaftServerConfigKeys (ConfUtils.java:logGet(46)) - raft.server.threadpool.client.size = 0 (default)
2022-09-08 01:51:24,486 [pool-72-thread-1] INFO  server.RaftServer$Division (RaftServerImpl.java:start(310)) - e90bc429-7749-49ff-bc0d-e80a56f537c2@group-45321734DF4E: start as a follower, conf=-1: [8445baa6-3cb3-42f1-9022-eafd6ea290b7|rpc:10.1.1.0:43367|priority:0, e90bc429-7749-49ff-bc0d-e80a56f537c2|rpc:10.1.1.0:38745|priority:1, 6b2388e8-0560-444a-8e4b-0f808c784072|rpc:10.1.1.0:36431|priority:0], old=null
2022-09-08 01:51:24,486 [pool-72-thread-1] INFO  server.RaftServer$Division (RaftServerImpl.java:setRole(299)) - e90bc429-7749-49ff-bc0d-e80a56f537c2@group-45321734DF4E: changes role from      null to FOLLOWER at term 0 for startAsFollower
2022-09-08 01:51:24,486 [pool-72-thread-1] INFO  impl.RoleInfo (RoleInfo.java:updateAndGet(139)) - e90bc429-7749-49ff-bc0d-e80a56f537c2: start e90bc429-7749-49ff-bc0d-e80a56f537c2@group-45321734DF4E-FollowerState
2022-09-08 01:51:24,490 [pool-72-thread-1] INFO  util.JmxRegister (JmxRegister.java:tryRegister(44)) - Successfully registered JMX Bean with object name Ratis:service=RaftServer,group=group-45321734DF4E,id=e90bc429-7749-49ff-bc0d-e80a56f537c2
2022-09-08 01:51:24,497 [Command processor thread] INFO  ratis.XceiverServerRatis (XceiverServerRatis.java:addGroup(765)) - Created group PipelineID=69a4666b-c0af-4dbf-964b-45321734df4e
2022-09-08 01:51:24,500 [Command processor thread] INFO  server.RaftServer (RaftServerProxy.java:addNew(96)) - 6b2388e8-0560-444a-8e4b-0f808c784072: addNew group-F183E1EDEDE0:[6b2388e8-0560-444a-8e4b-0f808c784072|rpc:10.1.1.0:36431|priority:1] returns group-F183E1EDEDE0:java.util.concurrent.CompletableFuture@7502b76d[Not completed]
2022-09-08 01:51:24,501 [pool-118-thread-1] INFO  server.RaftServer$Division (RaftServerImpl.java:<init>(190)) - 6b2388e8-0560-444a-8e4b-0f808c784072: new RaftServerImpl for group-F183E1EDEDE0:[6b2388e8-0560-444a-8e4b-0f808c784072|rpc:10.1.1.0:36431|priority:1] with ContainerStateMachine:uninitialized
2022-09-08 01:51:24,501 [EventQueue-OpenPipelineForHealthyPipelineSafeModeRule] INFO  safemode.SCMSafeModeManager (HealthyPipelineSafeModeRule.java:process(137)) - SCM in safe mode. Healthy pipelines reported count is 0, required healthy pipeline reported count is 1
2022-09-08 01:51:24,501 [pool-118-thread-1] INFO  server.RaftServerConfigKeys (ConfUtils.java:logGet(46)) - raft.server.rpc.timeout.min = 5s (custom)
2022-09-08 01:51:24,501 [pool-118-thread-1] INFO  server.RaftServerConfigKeys (ConfUtils.java:logGet(46)) - raft.server.rpc.timeout.max = 5200ms (custom)
2022-09-08 01:51:24,501 [pool-118-thread-1] INFO  server.RaftServerConfigKeys (ConfUtils.java:logGet(46)) - raft.server.rpc.sleep.time = 25ms (default)
2022-09-08 01:51:24,501 [pool-118-thread-1] INFO  server.RaftServerConfigKeys (ConfUtils.java:logGet(46)) - raft.server.rpc.slowness.timeout = 300s (custom)
2022-09-08 01:51:24,501 [pool-118-thread-1] INFO  server.RaftServerConfigKeys (ConfUtils.java:logGet(46)) - raft.server.leaderelection.leader.step-down.wait-time = 10s (default)
2022-09-08 01:51:24,501 [pool-118-thread-1] INFO  server.RaftServerConfigKeys (ConfUtils.java:logGet(46)) - raft.server.sleep.deviation.threshold = 300ms (default)
2022-09-08 01:51:24,501 [pool-118-thread-1] INFO  server.RaftServer$Division (ServerState.java:<init>(107)) - 6b2388e8-0560-444a-8e4b-0f808c784072@group-F183E1EDEDE0: ConfigurationManager, init=-1: [6b2388e8-0560-444a-8e4b-0f808c784072|rpc:10.1.1.0:36431|priority:1], old=null, confs=<EMPTY_MAP>
2022-09-08 01:51:24,501 [pool-118-thread-1] INFO  server.RaftServerConfigKeys (ConfUtils.java:logGet(46)) - raft.server.storage.dir = [/home/runner/work/ozone/ozone/hadoop-ozone/integration-test/target/test-dir/MiniOzoneClusterImpl-4aa6bc8f-5b70-4167-bb18-fb485ad2a953/datanode-2/data/ratis] (custom)
2022-09-08 01:51:24,502 [pool-118-thread-1] INFO  server.RaftServerConfigKeys (ConfUtils.java:logGet(46)) - raft.server.log.corruption.policy = EXCEPTION (default)
2022-09-08 01:51:24,502 [pool-118-thread-1] INFO  server.RaftServerConfigKeys (ConfUtils.java:logGet(46)) - raft.server.storage.free-space.min = 0MB (=0) (default)
2022-09-08 01:51:24,502 [pool-118-thread-1] INFO  storage.RaftStorageDirectory (RaftStorageDirectoryImpl.java:analyzeStorage(135)) - The storage directory /home/runner/work/ozone/ozone/hadoop-ozone/integration-test/target/test-dir/MiniOzoneClusterImpl-4aa6bc8f-5b70-4167-bb18-fb485ad2a953/datanode-2/data/ratis/8bf46552-2b39-4077-8235-f183e1edede0 does not exist. Creating ...
2022-09-08 01:51:24,504 [pool-118-thread-1] INFO  storage.RaftStorageDirectory (RaftStorageDirectoryImpl.java:tryLock(230)) - Lock on /home/runner/work/ozone/ozone/hadoop-ozone/integration-test/target/test-dir/MiniOzoneClusterImpl-4aa6bc8f-5b70-4167-bb18-fb485ad2a953/datanode-2/data/ratis/8bf46552-2b39-4077-8235-f183e1edede0/in_use.lock acquired by nodename 132736@fv-az38-857
2022-09-08 01:51:24,505 [pool-118-thread-1] INFO  storage.RaftStorage (RaftStorageImpl.java:format(89)) - Storage directory /home/runner/work/ozone/ozone/hadoop-ozone/integration-test/target/test-dir/MiniOzoneClusterImpl-4aa6bc8f-5b70-4167-bb18-fb485ad2a953/datanode-2/data/ratis/8bf46552-2b39-4077-8235-f183e1edede0 has been successfully formatted.
2022-09-08 01:51:24,506 [pool-118-thread-1] INFO  ratis.ContainerStateMachine (ContainerStateMachine.java:loadSnapshot(236)) - group-F183E1EDEDE0: The snapshot info is null. Setting the last applied indexto:(t:0, i:~)
2022-09-08 01:51:24,507 [pool-118-thread-1] INFO  server.RaftServerConfigKeys (ConfUtils.java:logGet(46)) - raft.server.notification.no-leader.timeout = 300s (custom)
2022-09-08 01:51:24,507 [pool-118-thread-1] INFO  server.RaftServerConfigKeys (ConfUtils.java:logGet(46)) - raft.server.log.use.memory = false (default)
2022-09-08 01:51:24,507 [pool-118-thread-1] INFO  server.RaftServerConfigKeys (ConfUtils.java:logGet(46)) - raft.server.log.purge.gap = 1000000 (custom)
2022-09-08 01:51:24,507 [pool-118-thread-1] INFO  server.RaftServerConfigKeys (ConfUtils.java:logGet(46)) - raft.server.log.appender.buffer.byte-limit = 33554432 (custom)
2022-09-08 01:51:24,507 [pool-118-thread-1] INFO  server.RaftServerConfigKeys (ConfUtils.java:logGet(46)) - raft.server.log.statemachine.data.read.timeout = 1000ms (default)
2022-09-08 01:51:24,508 [pool-118-thread-1] INFO  server.RaftServerConfigKeys (ConfUtils.java:logGet(46)) - raft.server.log.segment.size.max = 1048576 (custom)
2022-09-08 01:51:24,508 [pool-118-thread-1] INFO  server.RaftServerConfigKeys (ConfUtils.java:logGet(46)) - raft.server.log.segment.cache.num.max = 2 (custom)
2022-09-08 01:51:24,508 [pool-118-thread-1] INFO  server.RaftServerConfigKeys (ConfUtils.java:logGet(46)) - raft.server.log.segment.cache.size.max = 200MB (=209715200) (default)
2022-09-08 01:51:24,514 [pool-118-thread-1] INFO  segmented.SegmentedRaftLogWorker (SegmentedRaftLogWorker.java:<init>(187)) - new 6b2388e8-0560-444a-8e4b-0f808c784072@group-F183E1EDEDE0-SegmentedRaftLogWorker for RaftStorageImpl:Storage Directory /home/runner/work/ozone/ozone/hadoop-ozone/integration-test/target/test-dir/MiniOzoneClusterImpl-4aa6bc8f-5b70-4167-bb18-fb485ad2a953/datanode-2/data/ratis/8bf46552-2b39-4077-8235-f183e1edede0
2022-09-08 01:51:24,514 [pool-118-thread-1] INFO  server.RaftServerConfigKeys (ConfUtils.java:logGet(46)) - raft.server.log.queue.byte-limit = 4294967296 (custom)
2022-09-08 01:51:24,515 [Listener at 127.0.0.1/38889] INFO  ozone.MiniOzoneClusterImpl (MiniOzoneClusterImpl.java:lambda$waitForClusterToBeReady$0(216)) - Nodes are ready. Got 3 of 3 DN Heartbeats.
2022-09-08 01:51:24,515 [Listener at 127.0.0.1/38889] INFO  ozone.MiniOzoneClusterImpl (MiniOzoneClusterImpl.java:lambda$waitForClusterToBeReady$0(219)) - Waiting for cluster to exit safe mode
2022-09-08 01:51:24,515 [Listener at 127.0.0.1/38889] INFO  ozone.MiniOzoneClusterImpl (MiniOzoneClusterImpl.java:lambda$waitForClusterToBeReady$0(221)) - SCM became leader
2022-09-08 01:51:24,517 [EventQueue-PipelineReportForPipelineReportHandler] INFO  pipeline.PipelineManagerImpl (PipelineManagerImpl.java:openPipeline(367)) - Pipeline Pipeline[ Id: 8bf46552-2b39-4077-8235-f183e1edede0, Nodes: 6b2388e8-0560-444a-8e4b-0f808c784072{ip: 10.1.1.0, host: fv-az38-857.qiceih3q1hfe5a3ai3y3qk2fta.cx.internal.cloudapp.net, ports: [REPLICATION=39079, RATIS=36431, RATIS_ADMIN=36431, RATIS_SERVER=36431, STANDALONE=38483], networkLocation: /default-rack, certSerialId: null, persistedOpState: IN_SERVICE, persistedOpStateExpiryEpochSec: 0}, ReplicationConfig: RATIS/ONE, State:ALLOCATED, leaderId:6b2388e8-0560-444a-8e4b-0f808c784072, CreationTimestamp2022-09-08T01:51:21.504Z[Etc/UTC]] moved to OPEN state
2022-09-08 01:51:24,517 [pool-118-thread-1] INFO  server.RaftServerConfigKeys (ConfUtils.java:logGet(46)) - raft.server.log.queue.element-limit = 1024 (custom)
2022-09-08 01:51:24,517 [pool-118-thread-1] INFO  server.RaftServerConfigKeys (ConfUtils.java:logGet(46)) - raft.server.log.segment.size.max = 1048576 (custom)
2022-09-08 01:51:24,517 [EventQueue-OpenPipelineForHealthyPipelineSafeModeRule] INFO  safemode.SCMSafeModeManager (HealthyPipelineSafeModeRule.java:process(137)) - SCM in safe mode. Healthy pipelines reported count is 0, required healthy pipeline reported count is 1
2022-09-08 01:51:24,517 [pool-118-thread-1] INFO  server.RaftServerConfigKeys (ConfUtils.java:logGet(46)) - raft.server.log.preallocated.size = 16384 (custom)
2022-09-08 01:51:24,520 [pool-118-thread-1] INFO  server.RaftServerConfigKeys (ConfUtils.java:logGet(46)) - raft.server.log.force.sync.num = 128 (default)
2022-09-08 01:51:24,520 [pool-118-thread-1] INFO  server.RaftServerConfigKeys (ConfUtils.java:logGet(46)) - raft.server.log.statemachine.data.sync = true (default)
2022-09-08 01:51:24,520 [pool-118-thread-1] INFO  server.RaftServerConfigKeys (ConfUtils.java:logGet(46)) - raft.server.log.statemachine.data.sync.timeout = 10s (default)
2022-09-08 01:51:24,522 [pool-118-thread-1] INFO  server.RaftServerConfigKeys (ConfUtils.java:logGet(46)) - raft.server.log.statemachine.data.sync.timeout.retry = -1 (default)
2022-09-08 01:51:24,523 [pool-118-thread-1] INFO  server.RaftServerConfigKeys (ConfUtils.java:logGet(46)) - raft.server.log.write.buffer.size = 1048576 (custom)
2022-09-08 01:51:24,524 [pool-118-thread-1] INFO  server.RaftServerConfigKeys (ConfUtils.java:logGet(46)) - raft.server.log.unsafe-flush.enabled = false (default)
2022-09-08 01:51:24,524 [pool-118-thread-1] INFO  server.RaftServerConfigKeys (ConfUtils.java:logGet(46)) - raft.server.log.statemachine.data.caching.enabled = true (custom)
2022-09-08 01:51:24,524 [pool-118-thread-1] INFO  segmented.SegmentedRaftLogWorker (SegmentedRaftLogWorker.java:lambda$new$0(135)) - 6b2388e8-0560-444a-8e4b-0f808c784072@group-F183E1EDEDE0-SegmentedRaftLogWorker: flushIndex: setUnconditionally 0 -> -1
2022-09-08 01:51:24,524 [pool-118-thread-1] INFO  segmented.SegmentedRaftLogWorker (SegmentedRaftLogWorker.java:lambda$new$0(135)) - 6b2388e8-0560-444a-8e4b-0f808c784072@group-F183E1EDEDE0-SegmentedRaftLogWorker: safeCacheEvictIndex: setUnconditionally 0 -> -1
2022-09-08 01:51:24,524 [pool-118-thread-1] INFO  server.RaftServerConfigKeys (ConfUtils.java:logGet(46)) - raft.server.snapshot.auto.trigger.enabled = true (custom)
2022-09-08 01:51:24,524 [pool-118-thread-1] INFO  server.RaftServerConfigKeys (ConfUtils.java:logGet(46)) - raft.server.snapshot.auto.trigger.threshold = 10000 (custom)
2022-09-08 01:51:24,524 [pool-118-thread-1] INFO  server.RaftServerConfigKeys (ConfUtils.java:logGet(46)) - raft.server.snapshot.retention.file.num = 5 (custom)
2022-09-08 01:51:24,524 [pool-118-thread-1] INFO  server.RaftServerConfigKeys (ConfUtils.java:logGet(46)) - raft.server.log.purge.upto.snapshot.index = false (default)
2022-09-08 01:51:24,525 [pool-118-thread-1] INFO  server.RaftServerConfigKeys (ConfUtils.java:logGet(46)) - raft.server.retrycache.expirytime = 600000ms (custom)
2022-09-08 01:51:24,525 [pool-118-thread-1] INFO  server.RaftServerConfigKeys (ConfUtils.java:logGet(46)) - raft.server.retrycache.statistics.expirytime = 100μs (default)
2022-09-08 01:51:24,526 [pool-118-thread-1] INFO  server.RaftServerConfigKeys (ConfUtils.java:logGet(46)) - raft.server.log.appender.install.snapshot.enabled = false (custom)
2022-09-08 01:51:24,526 [pool-118-thread-1] INFO  server.RaftServerConfigKeys (ConfUtils.java:logGet(46)) - raft.server.threadpool.server.cached = true (default)
2022-09-08 01:51:24,526 [pool-118-thread-1] INFO  server.RaftServerConfigKeys (ConfUtils.java:logGet(46)) - raft.server.threadpool.server.size = 0 (default)
2022-09-08 01:51:24,526 [pool-118-thread-1] INFO  server.RaftServerConfigKeys (ConfUtils.java:logGet(46)) - raft.server.threadpool.client.cached = true (default)
2022-09-08 01:51:24,527 [pool-118-thread-1] INFO  server.RaftServerConfigKeys (ConfUtils.java:logGet(46)) - raft.server.threadpool.client.size = 0 (default)
2022-09-08 01:51:24,527 [pool-118-thread-1] INFO  server.RaftServer$Division (RaftServerImpl.java:start(310)) - 6b2388e8-0560-444a-8e4b-0f808c784072@group-F183E1EDEDE0: start as a follower, conf=-1: [6b2388e8-0560-444a-8e4b-0f808c784072|rpc:10.1.1.0:36431|priority:1], old=null
2022-09-08 01:51:24,527 [pool-118-thread-1] INFO  server.RaftServer$Division (RaftServerImpl.java:setRole(299)) - 6b2388e8-0560-444a-8e4b-0f808c784072@group-F183E1EDEDE0: changes role from      null to FOLLOWER at term 0 for startAsFollower
2022-09-08 01:51:24,527 [pool-118-thread-1] INFO  impl.RoleInfo (RoleInfo.java:updateAndGet(139)) - 6b2388e8-0560-444a-8e4b-0f808c784072: start 6b2388e8-0560-444a-8e4b-0f808c784072@group-F183E1EDEDE0-FollowerState
2022-09-08 01:51:24,527 [pool-118-thread-1] INFO  util.JmxRegister (JmxRegister.java:tryRegister(44)) - Successfully registered JMX Bean with object name Ratis:service=RaftServer,group=group-F183E1EDEDE0,id=6b2388e8-0560-444a-8e4b-0f808c784072
2022-09-08 01:51:24,528 [Command processor thread] INFO  ratis.XceiverServerRatis (XceiverServerRatis.java:addGroup(765)) - Created group PipelineID=8bf46552-2b39-4077-8235-f183e1edede0
2022-09-08 01:51:24,528 [Command processor thread] INFO  commandhandler.CreatePipelineCommandHandler (CreatePipelineCommandHandler.java:handle(113)) - Created Pipeline RATIS ONE PipelineID=8bf46552-2b39-4077-8235-f183e1edede0.
2022-09-08 01:51:24,528 [Command processor thread] INFO  server.RaftServer (RaftServerProxy.java:addNew(96)) - 6b2388e8-0560-444a-8e4b-0f808c784072: addNew group-45321734DF4E:[8445baa6-3cb3-42f1-9022-eafd6ea290b7|rpc:10.1.1.0:43367|priority:0, e90bc429-7749-49ff-bc0d-e80a56f537c2|rpc:10.1.1.0:38745|priority:1, 6b2388e8-0560-444a-8e4b-0f808c784072|rpc:10.1.1.0:36431|priority:0] returns group-45321734DF4E:java.util.concurrent.CompletableFuture@7bc547bd[Not completed]
2022-09-08 01:51:24,529 [pool-118-thread-1] INFO  server.RaftServer$Division (RaftServerImpl.java:<init>(190)) - 6b2388e8-0560-444a-8e4b-0f808c784072: new RaftServerImpl for group-45321734DF4E:[8445baa6-3cb3-42f1-9022-eafd6ea290b7|rpc:10.1.1.0:43367|priority:0, e90bc429-7749-49ff-bc0d-e80a56f537c2|rpc:10.1.1.0:38745|priority:1, 6b2388e8-0560-444a-8e4b-0f808c784072|rpc:10.1.1.0:36431|priority:0] with ContainerStateMachine:uninitialized
2022-09-08 01:51:24,529 [pool-118-thread-1] INFO  server.RaftServerConfigKeys (ConfUtils.java:logGet(46)) - raft.server.rpc.timeout.min = 5s (custom)
2022-09-08 01:51:24,529 [pool-118-thread-1] INFO  server.RaftServerConfigKeys (ConfUtils.java:logGet(46)) - raft.server.rpc.timeout.max = 5200ms (custom)
2022-09-08 01:51:24,529 [pool-118-thread-1] INFO  server.RaftServerConfigKeys (ConfUtils.java:logGet(46)) - raft.server.rpc.sleep.time = 25ms (default)
2022-09-08 01:51:24,529 [pool-118-thread-1] INFO  server.RaftServerConfigKeys (ConfUtils.java:logGet(46)) - raft.server.rpc.slowness.timeout = 300s (custom)
2022-09-08 01:51:24,529 [pool-118-thread-1] INFO  server.RaftServerConfigKeys (ConfUtils.java:logGet(46)) - raft.server.leaderelection.leader.step-down.wait-time = 10s (default)
2022-09-08 01:51:24,529 [pool-118-thread-1] INFO  server.RaftServerConfigKeys (ConfUtils.java:logGet(46)) - raft.server.sleep.deviation.threshold = 300ms (default)
2022-09-08 01:51:24,529 [pool-118-thread-1] INFO  server.RaftServer$Division (ServerState.java:<init>(107)) - 6b2388e8-0560-444a-8e4b-0f808c784072@group-45321734DF4E: ConfigurationManager, init=-1: [8445baa6-3cb3-42f1-9022-eafd6ea290b7|rpc:10.1.1.0:43367|priority:0, e90bc429-7749-49ff-bc0d-e80a56f537c2|rpc:10.1.1.0:38745|priority:1, 6b2388e8-0560-444a-8e4b-0f808c784072|rpc:10.1.1.0:36431|priority:0], old=null, confs=<EMPTY_MAP>
2022-09-08 01:51:24,530 [pool-118-thread-1] INFO  server.RaftServerConfigKeys (ConfUtils.java:logGet(46)) - raft.server.storage.dir = [/home/runner/work/ozone/ozone/hadoop-ozone/integration-test/target/test-dir/MiniOzoneClusterImpl-4aa6bc8f-5b70-4167-bb18-fb485ad2a953/datanode-2/data/ratis] (custom)
2022-09-08 01:51:24,530 [pool-118-thread-1] INFO  server.RaftServerConfigKeys (ConfUtils.java:logGet(46)) - raft.server.log.corruption.policy = EXCEPTION (default)
2022-09-08 01:51:24,530 [pool-118-thread-1] INFO  server.RaftServerConfigKeys (ConfUtils.java:logGet(46)) - raft.server.storage.free-space.min = 0MB (=0) (default)
2022-09-08 01:51:24,530 [pool-118-thread-1] INFO  storage.RaftStorageDirectory (RaftStorageDirectoryImpl.java:analyzeStorage(135)) - The storage directory /home/runner/work/ozone/ozone/hadoop-ozone/integration-test/target/test-dir/MiniOzoneClusterImpl-4aa6bc8f-5b70-4167-bb18-fb485ad2a953/datanode-2/data/ratis/69a4666b-c0af-4dbf-964b-45321734df4e does not exist. Creating ...
2022-09-08 01:51:24,531 [pool-118-thread-1] INFO  storage.RaftStorageDirectory (RaftStorageDirectoryImpl.java:tryLock(230)) - Lock on /home/runner/work/ozone/ozone/hadoop-ozone/integration-test/target/test-dir/MiniOzoneClusterImpl-4aa6bc8f-5b70-4167-bb18-fb485ad2a953/datanode-2/data/ratis/69a4666b-c0af-4dbf-964b-45321734df4e/in_use.lock acquired by nodename 132736@fv-az38-857
2022-09-08 01:51:24,535 [pool-118-thread-1] INFO  storage.RaftStorage (RaftStorageImpl.java:format(89)) - Storage directory /home/runner/work/ozone/ozone/hadoop-ozone/integration-test/target/test-dir/MiniOzoneClusterImpl-4aa6bc8f-5b70-4167-bb18-fb485ad2a953/datanode-2/data/ratis/69a4666b-c0af-4dbf-964b-45321734df4e has been successfully formatted.
2022-09-08 01:51:24,535 [pool-118-thread-1] INFO  ratis.ContainerStateMachine (ContainerStateMachine.java:loadSnapshot(236)) - group-45321734DF4E: The snapshot info is null. Setting the last applied indexto:(t:0, i:~)
2022-09-08 01:51:24,535 [pool-118-thread-1] INFO  server.RaftServerConfigKeys (ConfUtils.java:logGet(46)) - raft.server.notification.no-leader.timeout = 300s (custom)
2022-09-08 01:51:24,535 [pool-118-thread-1] INFO  server.RaftServerConfigKeys (ConfUtils.java:logGet(46)) - raft.server.log.use.memory = false (default)
2022-09-08 01:51:24,536 [pool-118-thread-1] INFO  server.RaftServerConfigKeys (ConfUtils.java:logGet(46)) - raft.server.log.purge.gap = 1000000 (custom)
2022-09-08 01:51:24,536 [pool-118-thread-1] INFO  server.RaftServerConfigKeys (ConfUtils.java:logGet(46)) - raft.server.log.appender.buffer.byte-limit = 33554432 (custom)
2022-09-08 01:51:24,536 [pool-118-thread-1] INFO  server.RaftServerConfigKeys (ConfUtils.java:logGet(46)) - raft.server.log.statemachine.data.read.timeout = 1000ms (default)
2022-09-08 01:51:24,536 [pool-118-thread-1] INFO  server.RaftServerConfigKeys (ConfUtils.java:logGet(46)) - raft.server.log.segment.size.max = 1048576 (custom)
2022-09-08 01:51:24,536 [pool-118-thread-1] INFO  server.RaftServerConfigKeys (ConfUtils.java:logGet(46)) - raft.server.log.segment.cache.num.max = 2 (custom)
2022-09-08 01:51:24,536 [pool-118-thread-1] INFO  server.RaftServerConfigKeys (ConfUtils.java:logGet(46)) - raft.server.log.segment.cache.size.max = 200MB (=209715200) (default)
2022-09-08 01:51:24,536 [pool-118-thread-1] INFO  segmented.SegmentedRaftLogWorker (SegmentedRaftLogWorker.java:<init>(187)) - new 6b2388e8-0560-444a-8e4b-0f808c784072@group-45321734DF4E-SegmentedRaftLogWorker for RaftStorageImpl:Storage Directory /home/runner/work/ozone/ozone/hadoop-ozone/integration-test/target/test-dir/MiniOzoneClusterImpl-4aa6bc8f-5b70-4167-bb18-fb485ad2a953/datanode-2/data/ratis/69a4666b-c0af-4dbf-964b-45321734df4e
2022-09-08 01:51:24,536 [pool-118-thread-1] INFO  server.RaftServerConfigKeys (ConfUtils.java:logGet(46)) - raft.server.log.queue.byte-limit = 4294967296 (custom)
2022-09-08 01:51:24,536 [pool-118-thread-1] INFO  server.RaftServerConfigKeys (ConfUtils.java:logGet(46)) - raft.server.log.queue.element-limit = 1024 (custom)
2022-09-08 01:51:24,536 [pool-118-thread-1] INFO  server.RaftServerConfigKeys (ConfUtils.java:logGet(46)) - raft.server.log.segment.size.max = 1048576 (custom)
2022-09-08 01:51:24,536 [pool-118-thread-1] INFO  server.RaftServerConfigKeys (ConfUtils.java:logGet(46)) - raft.server.log.preallocated.size = 16384 (custom)
2022-09-08 01:51:24,536 [pool-118-thread-1] INFO  server.RaftServerConfigKeys (ConfUtils.java:logGet(46)) - raft.server.log.force.sync.num = 128 (default)
2022-09-08 01:51:24,537 [pool-118-thread-1] INFO  server.RaftServerConfigKeys (ConfUtils.java:logGet(46)) - raft.server.log.statemachine.data.sync = true (default)
2022-09-08 01:51:24,537 [pool-118-thread-1] INFO  server.RaftServerConfigKeys (ConfUtils.java:logGet(46)) - raft.server.log.statemachine.data.sync.timeout = 10s (default)
2022-09-08 01:51:24,537 [pool-118-thread-1] INFO  server.RaftServerConfigKeys (ConfUtils.java:logGet(46)) - raft.server.log.statemachine.data.sync.timeout.retry = -1 (default)
2022-09-08 01:51:24,537 [pool-118-thread-1] INFO  server.RaftServerConfigKeys (ConfUtils.java:logGet(46)) - raft.server.log.write.buffer.size = 1048576 (custom)
2022-09-08 01:51:24,538 [pool-118-thread-1] INFO  server.RaftServerConfigKeys (ConfUtils.java:logGet(46)) - raft.server.log.unsafe-flush.enabled = false (default)
2022-09-08 01:51:24,538 [pool-118-thread-1] INFO  server.RaftServerConfigKeys (ConfUtils.java:logGet(46)) - raft.server.log.statemachine.data.caching.enabled = true (custom)
2022-09-08 01:51:24,538 [pool-118-thread-1] INFO  segmented.SegmentedRaftLogWorker (SegmentedRaftLogWorker.java:lambda$new$0(135)) - 6b2388e8-0560-444a-8e4b-0f808c784072@group-45321734DF4E-SegmentedRaftLogWorker: flushIndex: setUnconditionally 0 -> -1
2022-09-08 01:51:24,538 [pool-118-thread-1] INFO  segmented.SegmentedRaftLogWorker (SegmentedRaftLogWorker.java:lambda$new$0(135)) - 6b2388e8-0560-444a-8e4b-0f808c784072@group-45321734DF4E-SegmentedRaftLogWorker: safeCacheEvictIndex: setUnconditionally 0 -> -1
2022-09-08 01:51:24,538 [pool-118-thread-1] INFO  server.RaftServerConfigKeys (ConfUtils.java:logGet(46)) - raft.server.snapshot.auto.trigger.enabled = true (custom)
2022-09-08 01:51:24,538 [pool-118-thread-1] INFO  server.RaftServerConfigKeys (ConfUtils.java:logGet(46)) - raft.server.snapshot.auto.trigger.threshold = 10000 (custom)
2022-09-08 01:51:24,538 [pool-118-thread-1] INFO  server.RaftServerConfigKeys (ConfUtils.java:logGet(46)) - raft.server.snapshot.retention.file.num = 5 (custom)
2022-09-08 01:51:24,538 [pool-118-thread-1] INFO  server.RaftServerConfigKeys (ConfUtils.java:logGet(46)) - raft.server.log.purge.upto.snapshot.index = false (default)
2022-09-08 01:51:24,539 [pool-118-thread-1] INFO  server.RaftServerConfigKeys (ConfUtils.java:logGet(46)) - raft.server.retrycache.expirytime = 600000ms (custom)
2022-09-08 01:51:24,539 [pool-118-thread-1] INFO  server.RaftServerConfigKeys (ConfUtils.java:logGet(46)) - raft.server.retrycache.statistics.expirytime = 100μs (default)
2022-09-08 01:51:24,539 [pool-118-thread-1] INFO  server.RaftServerConfigKeys (ConfUtils.java:logGet(46)) - raft.server.log.appender.install.snapshot.enabled = false (custom)
2022-09-08 01:51:24,539 [pool-118-thread-1] INFO  server.RaftServerConfigKeys (ConfUtils.java:logGet(46)) - raft.server.threadpool.server.cached = true (default)
2022-09-08 01:51:24,539 [pool-118-thread-1] INFO  server.RaftServerConfigKeys (ConfUtils.java:logGet(46)) - raft.server.threadpool.server.size = 0 (default)
2022-09-08 01:51:24,539 [pool-118-thread-1] INFO  server.RaftServerConfigKeys (ConfUtils.java:logGet(46)) - raft.server.threadpool.client.cached = true (default)
2022-09-08 01:51:24,539 [pool-118-thread-1] INFO  server.RaftServerConfigKeys (ConfUtils.java:logGet(46)) - raft.server.threadpool.client.size = 0 (default)
2022-09-08 01:51:24,540 [pool-118-thread-1] INFO  server.RaftServer$Division (RaftServerImpl.java:start(310)) - 6b2388e8-0560-444a-8e4b-0f808c784072@group-45321734DF4E: start as a follower, conf=-1: [8445baa6-3cb3-42f1-9022-eafd6ea290b7|rpc:10.1.1.0:43367|priority:0, e90bc429-7749-49ff-bc0d-e80a56f537c2|rpc:10.1.1.0:38745|priority:1, 6b2388e8-0560-444a-8e4b-0f808c784072|rpc:10.1.1.0:36431|priority:0], old=null
2022-09-08 01:51:24,540 [pool-118-thread-1] INFO  server.RaftServer$Division (RaftServerImpl.java:setRole(299)) - 6b2388e8-0560-444a-8e4b-0f808c784072@group-45321734DF4E: changes role from      null to FOLLOWER at term 0 for startAsFollower
2022-09-08 01:51:24,540 [pool-118-thread-1] INFO  impl.RoleInfo (RoleInfo.java:updateAndGet(139)) - 6b2388e8-0560-444a-8e4b-0f808c784072: start 6b2388e8-0560-444a-8e4b-0f808c784072@group-45321734DF4E-FollowerState
2022-09-08 01:51:24,544 [pool-118-thread-1] INFO  util.JmxRegister (JmxRegister.java:tryRegister(44)) - Successfully registered JMX Bean with object name Ratis:service=RaftServer,group=group-45321734DF4E,id=6b2388e8-0560-444a-8e4b-0f808c784072
2022-09-08 01:51:24,544 [Command processor thread] INFO  ratis.XceiverServerRatis (XceiverServerRatis.java:addGroup(765)) - Created group PipelineID=69a4666b-c0af-4dbf-964b-45321734df4e
2022-09-08 01:51:24,554 [EventQueue-OpenPipelineForHealthyPipelineSafeModeRule] INFO  safemode.SCMSafeModeManager (HealthyPipelineSafeModeRule.java:process(137)) - SCM in safe mode. Healthy pipelines reported count is 0, required healthy pipeline reported count is 1
2022-09-08 01:51:24,612 [Command processor thread] INFO  commandhandler.CreatePipelineCommandHandler (CreatePipelineCommandHandler.java:handle(113)) - Created Pipeline RATIS THREE PipelineID=69a4666b-c0af-4dbf-964b-45321734df4e.
2022-09-08 01:51:24,616 [Command processor thread] INFO  commandhandler.CreatePipelineCommandHandler (CreatePipelineCommandHandler.java:handle(113)) - Created Pipeline RATIS THREE PipelineID=69a4666b-c0af-4dbf-964b-45321734df4e.
2022-09-08 01:51:24,623 [Command processor thread] INFO  commandhandler.CreatePipelineCommandHandler (CreatePipelineCommandHandler.java:handle(113)) - Created Pipeline RATIS THREE PipelineID=69a4666b-c0af-4dbf-964b-45321734df4e.
2022-09-08 01:51:25,515 [Listener at 127.0.0.1/38889] INFO  ozone.MiniOzoneClusterImpl (MiniOzoneClusterImpl.java:lambda$waitForClusterToBeReady$0(216)) - Nodes are ready. Got 3 of 3 DN Heartbeats.
2022-09-08 01:51:25,516 [Listener at 127.0.0.1/38889] INFO  ozone.MiniOzoneClusterImpl (MiniOzoneClusterImpl.java:lambda$waitForClusterToBeReady$0(219)) - Waiting for cluster to exit safe mode
2022-09-08 01:51:25,516 [Listener at 127.0.0.1/38889] INFO  ozone.MiniOzoneClusterImpl (MiniOzoneClusterImpl.java:lambda$waitForClusterToBeReady$0(221)) - SCM became leader
2022-09-08 01:51:26,516 [Listener at 127.0.0.1/38889] INFO  ozone.MiniOzoneClusterImpl (MiniOzoneClusterImpl.java:lambda$waitForClusterToBeReady$0(216)) - Nodes are ready. Got 3 of 3 DN Heartbeats.
2022-09-08 01:51:26,516 [Listener at 127.0.0.1/38889] INFO  ozone.MiniOzoneClusterImpl (MiniOzoneClusterImpl.java:lambda$waitForClusterToBeReady$0(219)) - Waiting for cluster to exit safe mode
2022-09-08 01:51:26,517 [Listener at 127.0.0.1/38889] INFO  ozone.MiniOzoneClusterImpl (MiniOzoneClusterImpl.java:lambda$waitForClusterToBeReady$0(221)) - SCM became leader
2022-09-08 01:51:27,517 [Listener at 127.0.0.1/38889] INFO  ozone.MiniOzoneClusterImpl (MiniOzoneClusterImpl.java:lambda$waitForClusterToBeReady$0(216)) - Nodes are ready. Got 3 of 3 DN Heartbeats.
2022-09-08 01:51:27,517 [Listener at 127.0.0.1/38889] INFO  ozone.MiniOzoneClusterImpl (MiniOzoneClusterImpl.java:lambda$waitForClusterToBeReady$0(219)) - Waiting for cluster to exit safe mode
2022-09-08 01:51:27,517 [Listener at 127.0.0.1/38889] INFO  ozone.MiniOzoneClusterImpl (MiniOzoneClusterImpl.java:lambda$waitForClusterToBeReady$0(221)) - SCM became leader
2022-09-08 01:51:28,518 [Listener at 127.0.0.1/38889] INFO  ozone.MiniOzoneClusterImpl (MiniOzoneClusterImpl.java:lambda$waitForClusterToBeReady$0(216)) - Nodes are ready. Got 3 of 3 DN Heartbeats.
2022-09-08 01:51:28,518 [Listener at 127.0.0.1/38889] INFO  ozone.MiniOzoneClusterImpl (MiniOzoneClusterImpl.java:lambda$waitForClusterToBeReady$0(219)) - Waiting for cluster to exit safe mode
2022-09-08 01:51:28,519 [Listener at 127.0.0.1/38889] INFO  ozone.MiniOzoneClusterImpl (MiniOzoneClusterImpl.java:lambda$waitForClusterToBeReady$0(221)) - SCM became leader
2022-09-08 01:51:28,796 [e90bc429-7749-49ff-bc0d-e80a56f537c2@group-46BD4119A0B4-FollowerState] INFO  impl.FollowerState (FollowerState.java:run(143)) - e90bc429-7749-49ff-bc0d-e80a56f537c2@group-46BD4119A0B4-FollowerState: change to CANDIDATE, lastRpcElapsedTime:5047446248ns, electionTimeout:5047ms
2022-09-08 01:51:28,796 [e90bc429-7749-49ff-bc0d-e80a56f537c2@group-46BD4119A0B4-FollowerState] INFO  impl.RoleInfo (RoleInfo.java:shutdownFollowerState(110)) - e90bc429-7749-49ff-bc0d-e80a56f537c2: shutdown e90bc429-7749-49ff-bc0d-e80a56f537c2@group-46BD4119A0B4-FollowerState
2022-09-08 01:51:28,797 [e90bc429-7749-49ff-bc0d-e80a56f537c2@group-46BD4119A0B4-FollowerState] INFO  server.RaftServer$Division (RaftServerImpl.java:setRole(299)) - e90bc429-7749-49ff-bc0d-e80a56f537c2@group-46BD4119A0B4: changes role from  FOLLOWER to CANDIDATE at term 0 for changeToCandidate
2022-09-08 01:51:28,797 [e90bc429-7749-49ff-bc0d-e80a56f537c2@group-46BD4119A0B4-FollowerState] INFO  server.RaftServerConfigKeys (ConfUtils.java:logGet(46)) - raft.server.leaderelection.pre-vote = false (custom)
2022-09-08 01:51:28,797 [e90bc429-7749-49ff-bc0d-e80a56f537c2@group-46BD4119A0B4-FollowerState] INFO  impl.RoleInfo (RoleInfo.java:updateAndGet(139)) - e90bc429-7749-49ff-bc0d-e80a56f537c2: start e90bc429-7749-49ff-bc0d-e80a56f537c2@group-46BD4119A0B4-LeaderElection2
2022-09-08 01:51:28,801 [e90bc429-7749-49ff-bc0d-e80a56f537c2@group-46BD4119A0B4-LeaderElection2] INFO  impl.LeaderElection (LeaderElection.java:askForVotes(310)) - e90bc429-7749-49ff-bc0d-e80a56f537c2@group-46BD4119A0B4-LeaderElection2 ELECTION round 0: submit vote requests at term 1 for -1: [e90bc429-7749-49ff-bc0d-e80a56f537c2|rpc:10.1.1.0:38745|priority:1], old=null
2022-09-08 01:51:28,801 [e90bc429-7749-49ff-bc0d-e80a56f537c2@group-46BD4119A0B4-LeaderElection2] INFO  impl.LeaderElection (LeaderElection.java:askForVotes(312)) - e90bc429-7749-49ff-bc0d-e80a56f537c2@group-46BD4119A0B4-LeaderElection2 ELECTION round 0: result PASSED (term=1)
2022-09-08 01:51:28,801 [e90bc429-7749-49ff-bc0d-e80a56f537c2@group-46BD4119A0B4-LeaderElection2] INFO  impl.RoleInfo (RoleInfo.java:shutdownLeaderElection(130)) - e90bc429-7749-49ff-bc0d-e80a56f537c2: shutdown e90bc429-7749-49ff-bc0d-e80a56f537c2@group-46BD4119A0B4-LeaderElection2
2022-09-08 01:51:28,802 [e90bc429-7749-49ff-bc0d-e80a56f537c2@group-46BD4119A0B4-LeaderElection2] INFO  server.RaftServer$Division (RaftServerImpl.java:setRole(299)) - e90bc429-7749-49ff-bc0d-e80a56f537c2@group-46BD4119A0B4: changes role from CANDIDATE to LEADER at term 1 for changeToLeader
2022-09-08 01:51:28,802 [e90bc429-7749-49ff-bc0d-e80a56f537c2@group-46BD4119A0B4-LeaderElection2] INFO  ratis.XceiverServerRatis (XceiverServerRatis.java:handleLeaderChangedNotification(863)) - Leader change notification received for group: group-46BD4119A0B4 with new leaderId: e90bc429-7749-49ff-bc0d-e80a56f537c2
2022-09-08 01:51:28,802 [e90bc429-7749-49ff-bc0d-e80a56f537c2@group-46BD4119A0B4-LeaderElection2] INFO  server.RaftServer$Division (ServerState.java:setLeader(287)) - e90bc429-7749-49ff-bc0d-e80a56f537c2@group-46BD4119A0B4: change Leader from null to e90bc429-7749-49ff-bc0d-e80a56f537c2 at term 1 for becomeLeader, leader elected after 5075ms
2022-09-08 01:51:28,802 [e90bc429-7749-49ff-bc0d-e80a56f537c2@group-46BD4119A0B4-LeaderElection2] INFO  server.RaftServerConfigKeys (ConfUtils.java:logGet(46)) - raft.server.staging.catchup.gap = 1000 (default)
2022-09-08 01:51:28,802 [e90bc429-7749-49ff-bc0d-e80a56f537c2@group-46BD4119A0B4-LeaderElection2] INFO  server.RaftServerConfigKeys (ConfUtils.java:logGet(46)) - raft.server.write.element-limit = 1024 (custom)
2022-09-08 01:51:28,802 [e90bc429-7749-49ff-bc0d-e80a56f537c2@group-46BD4119A0B4-LeaderElection2] INFO  server.RaftServerConfigKeys (ConfUtils.java:logGet(46)) - raft.server.write.byte-limit = 1024 M (=1073741824) (custom)
2022-09-08 01:51:28,803 [e90bc429-7749-49ff-bc0d-e80a56f537c2@group-46BD4119A0B4-LeaderElection2] INFO  server.RaftServerConfigKeys (ConfUtils.java:logGet(46)) - raft.server.watch.timeout = 180s (custom)
2022-09-08 01:51:28,803 [e90bc429-7749-49ff-bc0d-e80a56f537c2@group-46BD4119A0B4-LeaderElection2] INFO  server.RaftServerConfigKeys (ConfUtils.java:logGet(46)) - raft.server.watch.timeout.denomination = 1s (default)
2022-09-08 01:51:28,803 [e90bc429-7749-49ff-bc0d-e80a56f537c2@group-46BD4119A0B4-LeaderElection2] INFO  server.RaftServerConfigKeys (ConfUtils.java:logGet(46)) - raft.server.watch.element-limit = 65536 (default)
2022-09-08 01:51:28,803 [e90bc429-7749-49ff-bc0d-e80a56f537c2@group-46BD4119A0B4-LeaderElection2] INFO  server.RaftServerConfigKeys (ConfUtils.java:logGet(46)) - raft.server.write.element-limit = 1024 (custom)
2022-09-08 01:51:28,803 [e90bc429-7749-49ff-bc0d-e80a56f537c2@group-46BD4119A0B4-LeaderElection2] INFO  server.RaftServerConfigKeys (ConfUtils.java:logGet(46)) - raft.server.write.follower.gap.ratio.max = -1.0 (default)
2022-09-08 01:51:28,803 [e90bc429-7749-49ff-bc0d-e80a56f537c2@group-46BD4119A0B4-LeaderElection2] INFO  impl.RoleInfo (RoleInfo.java:updateAndGet(139)) - e90bc429-7749-49ff-bc0d-e80a56f537c2: start e90bc429-7749-49ff-bc0d-e80a56f537c2@group-46BD4119A0B4-LeaderStateImpl
2022-09-08 01:51:28,803 [e90bc429-7749-49ff-bc0d-e80a56f537c2@group-46BD4119A0B4-LeaderElection2] INFO  segmented.SegmentedRaftLogWorker (SegmentedRaftLogWorker.java:startLogSegment(425)) - e90bc429-7749-49ff-bc0d-e80a56f537c2@group-46BD4119A0B4-SegmentedRaftLogWorker: Starting segment from index:0
2022-09-08 01:51:28,805 [e90bc429-7749-49ff-bc0d-e80a56f537c2@group-46BD4119A0B4-SegmentedRaftLogWorker] INFO  segmented.SegmentedRaftLogWorker (SegmentedRaftLogWorker.java:execute(629)) - e90bc429-7749-49ff-bc0d-e80a56f537c2@group-46BD4119A0B4-SegmentedRaftLogWorker: created new log segment /home/runner/work/ozone/ozone/hadoop-ozone/integration-test/target/test-dir/MiniOzoneClusterImpl-4aa6bc8f-5b70-4167-bb18-fb485ad2a953/datanode-0/data/ratis/b992d2c3-f7dc-46f4-bc35-46bd4119a0b4/current/log_inprogress_0
2022-09-08 01:51:28,806 [EventQueue-OpenPipelineForHealthyPipelineSafeModeRule] INFO  safemode.SCMSafeModeManager (HealthyPipelineSafeModeRule.java:process(137)) - SCM in safe mode. Healthy pipelines reported count is 0, required healthy pipeline reported count is 1
2022-09-08 01:51:28,809 [e90bc429-7749-49ff-bc0d-e80a56f537c2@group-46BD4119A0B4-LeaderElection2] INFO  server.RaftServer$Division (ServerState.java:setRaftConf(393)) - e90bc429-7749-49ff-bc0d-e80a56f537c2@group-46BD4119A0B4: set configuration 0: [e90bc429-7749-49ff-bc0d-e80a56f537c2|rpc:10.1.1.0:38745|dataStream:|priority:1], old=null
2022-09-08 01:51:28,813 [e90bc429-7749-49ff-bc0d-e80a56f537c2@group-D8D77E62ED9A-FollowerState] INFO  impl.FollowerState (FollowerState.java:run(143)) - e90bc429-7749-49ff-bc0d-e80a56f537c2@group-D8D77E62ED9A-FollowerState: change to CANDIDATE, lastRpcElapsedTime:5040412745ns, electionTimeout:5035ms
2022-09-08 01:51:28,814 [e90bc429-7749-49ff-bc0d-e80a56f537c2@group-D8D77E62ED9A-FollowerState] INFO  impl.RoleInfo (RoleInfo.java:shutdownFollowerState(110)) - e90bc429-7749-49ff-bc0d-e80a56f537c2: shutdown e90bc429-7749-49ff-bc0d-e80a56f537c2@group-D8D77E62ED9A-FollowerState
2022-09-08 01:51:28,814 [e90bc429-7749-49ff-bc0d-e80a56f537c2@group-D8D77E62ED9A-FollowerState] INFO  server.RaftServer$Division (RaftServerImpl.java:setRole(299)) - e90bc429-7749-49ff-bc0d-e80a56f537c2@group-D8D77E62ED9A: changes role from  FOLLOWER to CANDIDATE at term 0 for changeToCandidate
2022-09-08 01:51:28,814 [e90bc429-7749-49ff-bc0d-e80a56f537c2@group-D8D77E62ED9A-FollowerState] INFO  server.RaftServerConfigKeys (ConfUtils.java:logGet(46)) - raft.server.leaderelection.pre-vote = false (custom)
2022-09-08 01:51:28,814 [e90bc429-7749-49ff-bc0d-e80a56f537c2@group-D8D77E62ED9A-FollowerState] INFO  impl.RoleInfo (RoleInfo.java:updateAndGet(139)) - e90bc429-7749-49ff-bc0d-e80a56f537c2: start e90bc429-7749-49ff-bc0d-e80a56f537c2@group-D8D77E62ED9A-LeaderElection3
2022-09-08 01:51:28,816 [e90bc429-7749-49ff-bc0d-e80a56f537c2@group-D8D77E62ED9A-LeaderElection3] INFO  impl.LeaderElection (LeaderElection.java:askForVotes(310)) - e90bc429-7749-49ff-bc0d-e80a56f537c2@group-D8D77E62ED9A-LeaderElection3 ELECTION round 0: submit vote requests at term 1 for -1: [8445baa6-3cb3-42f1-9022-eafd6ea290b7|rpc:10.1.1.0:43367|priority:0, e90bc429-7749-49ff-bc0d-e80a56f537c2|rpc:10.1.1.0:38745|priority:0, 6b2388e8-0560-444a-8e4b-0f808c784072|rpc:10.1.1.0:36431|priority:1], old=null
2022-09-08 01:51:28,842 [grpc-default-executor-0] INFO  server.RaftServer$Division (RaftServerImpl.java:requestVote(1152)) - 8445baa6-3cb3-42f1-9022-eafd6ea290b7@group-D8D77E62ED9A: receive requestVote(ELECTION, e90bc429-7749-49ff-bc0d-e80a56f537c2, group-D8D77E62ED9A, 1, (t:0, i:0))
2022-09-08 01:51:28,844 [grpc-default-executor-0] INFO  impl.VoteContext (VoteContext.java:log(48)) - 8445baa6-3cb3-42f1-9022-eafd6ea290b7@group-D8D77E62ED9A-FOLLOWER: accept ELECTION from e90bc429-7749-49ff-bc0d-e80a56f537c2: our priority 0 <= candidate's priority 0
2022-09-08 01:51:28,844 [grpc-default-executor-0] INFO  server.RaftServer$Division (RaftServerImpl.java:setRole(299)) - 8445baa6-3cb3-42f1-9022-eafd6ea290b7@group-D8D77E62ED9A: changes role from  FOLLOWER to FOLLOWER at term 1 for candidate:e90bc429-7749-49ff-bc0d-e80a56f537c2
2022-09-08 01:51:28,844 [grpc-default-executor-0] INFO  impl.RoleInfo (RoleInfo.java:shutdownFollowerState(110)) - 8445baa6-3cb3-42f1-9022-eafd6ea290b7: shutdown 8445baa6-3cb3-42f1-9022-eafd6ea290b7@group-D8D77E62ED9A-FollowerState
2022-09-08 01:51:28,844 [grpc-default-executor-0] INFO  impl.RoleInfo (RoleInfo.java:updateAndGet(139)) - 8445baa6-3cb3-42f1-9022-eafd6ea290b7: start 8445baa6-3cb3-42f1-9022-eafd6ea290b7@group-D8D77E62ED9A-FollowerState
2022-09-08 01:51:28,844 [8445baa6-3cb3-42f1-9022-eafd6ea290b7@group-D8D77E62ED9A-FollowerState] INFO  impl.FollowerState (FollowerState.java:run(152)) - 8445baa6-3cb3-42f1-9022-eafd6ea290b7@group-D8D77E62ED9A-FollowerState was interrupted
2022-09-08 01:51:28,849 [grpc-default-executor-2] INFO  server.RaftServer$Division (RaftServerImpl.java:requestVote(1152)) - 6b2388e8-0560-444a-8e4b-0f808c784072@group-D8D77E62ED9A: receive requestVote(ELECTION, e90bc429-7749-49ff-bc0d-e80a56f537c2, group-D8D77E62ED9A, 1, (t:0, i:0))
2022-09-08 01:51:28,849 [grpc-default-executor-2] INFO  impl.VoteContext (VoteContext.java:log(48)) - 6b2388e8-0560-444a-8e4b-0f808c784072@group-D8D77E62ED9A-FOLLOWER: reject ELECTION from e90bc429-7749-49ff-bc0d-e80a56f537c2: our priority 1 > candidate's priority 0
2022-09-08 01:51:28,850 [grpc-default-executor-2] INFO  server.RaftServer$Division (RaftServerImpl.java:setRole(299)) - 6b2388e8-0560-444a-8e4b-0f808c784072@group-D8D77E62ED9A: changes role from  FOLLOWER to FOLLOWER at term 1 for candidate:e90bc429-7749-49ff-bc0d-e80a56f537c2
2022-09-08 01:51:28,850 [grpc-default-executor-2] INFO  impl.RoleInfo (RoleInfo.java:shutdownFollowerState(110)) - 6b2388e8-0560-444a-8e4b-0f808c784072: shutdown 6b2388e8-0560-444a-8e4b-0f808c784072@group-D8D77E62ED9A-FollowerState
2022-09-08 01:51:28,850 [grpc-default-executor-2] INFO  impl.RoleInfo (RoleInfo.java:updateAndGet(139)) - 6b2388e8-0560-444a-8e4b-0f808c784072: start 6b2388e8-0560-444a-8e4b-0f808c784072@group-D8D77E62ED9A-FollowerState
2022-09-08 01:51:28,850 [6b2388e8-0560-444a-8e4b-0f808c784072@group-D8D77E62ED9A-FollowerState] INFO  impl.FollowerState (FollowerState.java:run(152)) - 6b2388e8-0560-444a-8e4b-0f808c784072@group-D8D77E62ED9A-FollowerState was interrupted
2022-09-08 01:51:28,854 [grpc-default-executor-0] INFO  server.RaftServer$Division (RaftServerImpl.java:requestVote(1184)) - 8445baa6-3cb3-42f1-9022-eafd6ea290b7@group-D8D77E62ED9A replies to ELECTION vote request: e90bc429-7749-49ff-bc0d-e80a56f537c2<-8445baa6-3cb3-42f1-9022-eafd6ea290b7#0:OK-t1. Peer's state: 8445baa6-3cb3-42f1-9022-eafd6ea290b7@group-D8D77E62ED9A:t1, leader=null, voted=e90bc429-7749-49ff-bc0d-e80a56f537c2, raftlog=8445baa6-3cb3-42f1-9022-eafd6ea290b7@group-D8D77E62ED9A-SegmentedRaftLog:OPENED:c-1, conf=-1: [8445baa6-3cb3-42f1-9022-eafd6ea290b7|rpc:10.1.1.0:43367|priority:0, e90bc429-7749-49ff-bc0d-e80a56f537c2|rpc:10.1.1.0:38745|priority:0, 6b2388e8-0560-444a-8e4b-0f808c784072|rpc:10.1.1.0:36431|priority:1], old=null
2022-09-08 01:51:28,858 [grpc-default-executor-2] INFO  server.RaftServer$Division (RaftServerImpl.java:requestVote(1184)) - 6b2388e8-0560-444a-8e4b-0f808c784072@group-D8D77E62ED9A replies to ELECTION vote request: e90bc429-7749-49ff-bc0d-e80a56f537c2<-6b2388e8-0560-444a-8e4b-0f808c784072#0:FAIL-t1. Peer's state: 6b2388e8-0560-444a-8e4b-0f808c784072@group-D8D77E62ED9A:t1, leader=null, voted=null, raftlog=6b2388e8-0560-444a-8e4b-0f808c784072@group-D8D77E62ED9A-SegmentedRaftLog:OPENED:c-1, conf=-1: [8445baa6-3cb3-42f1-9022-eafd6ea290b7|rpc:10.1.1.0:43367|dataStream:|priority:0, e90bc429-7749-49ff-bc0d-e80a56f537c2|rpc:10.1.1.0:38745|dataStream:|priority:0, 6b2388e8-0560-444a-8e4b-0f808c784072|rpc:10.1.1.0:36431|dataStream:|priority:1], old=null
2022-09-08 01:51:28,862 [e90bc429-7749-49ff-bc0d-e80a56f537c2@group-D8D77E62ED9A-LeaderElection3] INFO  impl.LeaderElection (LeaderElection.java:logAndReturn(90)) - e90bc429-7749-49ff-bc0d-e80a56f537c2@group-D8D77E62ED9A-LeaderElection3: ELECTION REJECTED received 2 response(s) and 0 exception(s):
2022-09-08 01:51:28,862 [e90bc429-7749-49ff-bc0d-e80a56f537c2@group-D8D77E62ED9A-LeaderElection3] INFO  impl.LeaderElection (LeaderElection.java:logAndReturn(94)) -   Response 0: e90bc429-7749-49ff-bc0d-e80a56f537c2<-8445baa6-3cb3-42f1-9022-eafd6ea290b7#0:OK-t1
2022-09-08 01:51:28,862 [e90bc429-7749-49ff-bc0d-e80a56f537c2@group-D8D77E62ED9A-LeaderElection3] INFO  impl.LeaderElection (LeaderElection.java:logAndReturn(94)) -   Response 1: e90bc429-7749-49ff-bc0d-e80a56f537c2<-6b2388e8-0560-444a-8e4b-0f808c784072#0:FAIL-t1
2022-09-08 01:51:28,862 [e90bc429-7749-49ff-bc0d-e80a56f537c2@group-D8D77E62ED9A-LeaderElection3] INFO  impl.LeaderElection (LeaderElection.java:askForVotes(312)) - e90bc429-7749-49ff-bc0d-e80a56f537c2@group-D8D77E62ED9A-LeaderElection3 ELECTION round 0: result REJECTED
2022-09-08 01:51:28,862 [e90bc429-7749-49ff-bc0d-e80a56f537c2@group-D8D77E62ED9A-LeaderElection3] INFO  server.RaftServer$Division (RaftServerImpl.java:setRole(299)) - e90bc429-7749-49ff-bc0d-e80a56f537c2@group-D8D77E62ED9A: changes role from CANDIDATE to FOLLOWER at term 1 for REJECTED
2022-09-08 01:51:28,862 [e90bc429-7749-49ff-bc0d-e80a56f537c2@group-D8D77E62ED9A-LeaderElection3] INFO  impl.RoleInfo (RoleInfo.java:shutdownLeaderElection(130)) - e90bc429-7749-49ff-bc0d-e80a56f537c2: shutdown e90bc429-7749-49ff-bc0d-e80a56f537c2@group-D8D77E62ED9A-LeaderElection3
2022-09-08 01:51:28,863 [e90bc429-7749-49ff-bc0d-e80a56f537c2@group-D8D77E62ED9A-LeaderElection3] INFO  impl.RoleInfo (RoleInfo.java:updateAndGet(139)) - e90bc429-7749-49ff-bc0d-e80a56f537c2: start e90bc429-7749-49ff-bc0d-e80a56f537c2@group-D8D77E62ED9A-FollowerState
2022-09-08 01:51:29,281 [8445baa6-3cb3-42f1-9022-eafd6ea290b7@group-1AEE9617D077-FollowerState] INFO  impl.FollowerState (FollowerState.java:run(143)) - 8445baa6-3cb3-42f1-9022-eafd6ea290b7@group-1AEE9617D077-FollowerState: change to CANDIDATE, lastRpcElapsedTime:5086420289ns, electionTimeout:5080ms
2022-09-08 01:51:29,282 [8445baa6-3cb3-42f1-9022-eafd6ea290b7@group-1AEE9617D077-FollowerState] INFO  impl.RoleInfo (RoleInfo.java:shutdownFollowerState(110)) - 8445baa6-3cb3-42f1-9022-eafd6ea290b7: shutdown 8445baa6-3cb3-42f1-9022-eafd6ea290b7@group-1AEE9617D077-FollowerState
2022-09-08 01:51:29,282 [8445baa6-3cb3-42f1-9022-eafd6ea290b7@group-1AEE9617D077-FollowerState] INFO  server.RaftServer$Division (RaftServerImpl.java:setRole(299)) - 8445baa6-3cb3-42f1-9022-eafd6ea290b7@group-1AEE9617D077: changes role from  FOLLOWER to CANDIDATE at term 0 for changeToCandidate
2022-09-08 01:51:29,282 [8445baa6-3cb3-42f1-9022-eafd6ea290b7@group-1AEE9617D077-FollowerState] INFO  server.RaftServerConfigKeys (ConfUtils.java:logGet(46)) - raft.server.leaderelection.pre-vote = false (custom)
2022-09-08 01:51:29,282 [8445baa6-3cb3-42f1-9022-eafd6ea290b7@group-1AEE9617D077-FollowerState] INFO  impl.RoleInfo (RoleInfo.java:updateAndGet(139)) - 8445baa6-3cb3-42f1-9022-eafd6ea290b7: start 8445baa6-3cb3-42f1-9022-eafd6ea290b7@group-1AEE9617D077-LeaderElection4
2022-09-08 01:51:29,285 [8445baa6-3cb3-42f1-9022-eafd6ea290b7@group-1AEE9617D077-LeaderElection4] INFO  impl.LeaderElection (LeaderElection.java:askForVotes(310)) - 8445baa6-3cb3-42f1-9022-eafd6ea290b7@group-1AEE9617D077-LeaderElection4 ELECTION round 0: submit vote requests at term 1 for -1: [8445baa6-3cb3-42f1-9022-eafd6ea290b7|rpc:10.1.1.0:43367|priority:1], old=null
2022-09-08 01:51:29,286 [8445baa6-3cb3-42f1-9022-eafd6ea290b7@group-1AEE9617D077-LeaderElection4] INFO  impl.LeaderElection (LeaderElection.java:askForVotes(312)) - 8445baa6-3cb3-42f1-9022-eafd6ea290b7@group-1AEE9617D077-LeaderElection4 ELECTION round 0: result PASSED (term=1)
2022-09-08 01:51:29,286 [8445baa6-3cb3-42f1-9022-eafd6ea290b7@group-1AEE9617D077-LeaderElection4] INFO  impl.RoleInfo (RoleInfo.java:shutdownLeaderElection(130)) - 8445baa6-3cb3-42f1-9022-eafd6ea290b7: shutdown 8445baa6-3cb3-42f1-9022-eafd6ea290b7@group-1AEE9617D077-LeaderElection4
2022-09-08 01:51:29,286 [8445baa6-3cb3-42f1-9022-eafd6ea290b7@group-1AEE9617D077-LeaderElection4] INFO  server.RaftServer$Division (RaftServerImpl.java:setRole(299)) - 8445baa6-3cb3-42f1-9022-eafd6ea290b7@group-1AEE9617D077: changes role from CANDIDATE to LEADER at term 1 for changeToLeader
2022-09-08 01:51:29,286 [8445baa6-3cb3-42f1-9022-eafd6ea290b7@group-1AEE9617D077-LeaderElection4] INFO  ratis.XceiverServerRatis (XceiverServerRatis.java:handleLeaderChangedNotification(863)) - Leader change notification received for group: group-1AEE9617D077 with new leaderId: 8445baa6-3cb3-42f1-9022-eafd6ea290b7
2022-09-08 01:51:29,286 [8445baa6-3cb3-42f1-9022-eafd6ea290b7@group-1AEE9617D077-LeaderElection4] INFO  server.RaftServer$Division (ServerState.java:setLeader(287)) - 8445baa6-3cb3-42f1-9022-eafd6ea290b7@group-1AEE9617D077: change Leader from null to 8445baa6-3cb3-42f1-9022-eafd6ea290b7 at term 1 for becomeLeader, leader elected after 5102ms
2022-09-08 01:51:29,286 [8445baa6-3cb3-42f1-9022-eafd6ea290b7@group-1AEE9617D077-LeaderElection4] INFO  server.RaftServerConfigKeys (ConfUtils.java:logGet(46)) - raft.server.staging.catchup.gap = 1000 (default)
2022-09-08 01:51:29,287 [8445baa6-3cb3-42f1-9022-eafd6ea290b7@group-1AEE9617D077-LeaderElection4] INFO  server.RaftServerConfigKeys (ConfUtils.java:logGet(46)) - raft.server.write.element-limit = 1024 (custom)
2022-09-08 01:51:29,287 [8445baa6-3cb3-42f1-9022-eafd6ea290b7@group-1AEE9617D077-LeaderElection4] INFO  server.RaftServerConfigKeys (ConfUtils.java:logGet(46)) - raft.server.write.byte-limit = 1024 M (=1073741824) (custom)
2022-09-08 01:51:29,288 [EventQueue-OpenPipelineForHealthyPipelineSafeModeRule] INFO  safemode.SCMSafeModeManager (HealthyPipelineSafeModeRule.java:process(137)) - SCM in safe mode. Healthy pipelines reported count is 0, required healthy pipeline reported count is 1
2022-09-08 01:51:29,289 [8445baa6-3cb3-42f1-9022-eafd6ea290b7@group-1AEE9617D077-LeaderElection4] INFO  server.RaftServerConfigKeys (ConfUtils.java:logGet(46)) - raft.server.watch.timeout = 180s (custom)
2022-09-08 01:51:29,289 [8445baa6-3cb3-42f1-9022-eafd6ea290b7@group-1AEE9617D077-LeaderElection4] INFO  server.RaftServerConfigKeys (ConfUtils.java:logGet(46)) - raft.server.watch.timeout.denomination = 1s (default)
2022-09-08 01:51:29,289 [8445baa6-3cb3-42f1-9022-eafd6ea290b7@group-1AEE9617D077-LeaderElection4] INFO  server.RaftServerConfigKeys (ConfUtils.java:logGet(46)) - raft.server.watch.element-limit = 65536 (default)
2022-09-08 01:51:29,289 [8445baa6-3cb3-42f1-9022-eafd6ea290b7@group-1AEE9617D077-LeaderElection4] INFO  server.RaftServerConfigKeys (ConfUtils.java:logGet(46)) - raft.server.write.element-limit = 1024 (custom)
2022-09-08 01:51:29,289 [8445baa6-3cb3-42f1-9022-eafd6ea290b7@group-1AEE9617D077-LeaderElection4] INFO  server.RaftServerConfigKeys (ConfUtils.java:logGet(46)) - raft.server.write.follower.gap.ratio.max = -1.0 (default)
2022-09-08 01:51:29,289 [8445baa6-3cb3-42f1-9022-eafd6ea290b7@group-1AEE9617D077-LeaderElection4] INFO  impl.RoleInfo (RoleInfo.java:updateAndGet(139)) - 8445baa6-3cb3-42f1-9022-eafd6ea290b7: start 8445baa6-3cb3-42f1-9022-eafd6ea290b7@group-1AEE9617D077-LeaderStateImpl
2022-09-08 01:51:29,289 [8445baa6-3cb3-42f1-9022-eafd6ea290b7@group-1AEE9617D077-LeaderElection4] INFO  segmented.SegmentedRaftLogWorker (SegmentedRaftLogWorker.java:startLogSegment(425)) - 8445baa6-3cb3-42f1-9022-eafd6ea290b7@group-1AEE9617D077-SegmentedRaftLogWorker: Starting segment from index:0
2022-09-08 01:51:29,290 [8445baa6-3cb3-42f1-9022-eafd6ea290b7@group-1AEE9617D077-LeaderElection4] INFO  server.RaftServer$Division (ServerState.java:setRaftConf(393)) - 8445baa6-3cb3-42f1-9022-eafd6ea290b7@group-1AEE9617D077: set configuration 0: [8445baa6-3cb3-42f1-9022-eafd6ea290b7|rpc:10.1.1.0:43367|dataStream:|priority:1], old=null
2022-09-08 01:51:29,291 [8445baa6-3cb3-42f1-9022-eafd6ea290b7@group-1AEE9617D077-SegmentedRaftLogWorker] INFO  segmented.SegmentedRaftLogWorker (SegmentedRaftLogWorker.java:execute(629)) - 8445baa6-3cb3-42f1-9022-eafd6ea290b7@group-1AEE9617D077-SegmentedRaftLogWorker: created new log segment /home/runner/work/ozone/ozone/hadoop-ozone/integration-test/target/test-dir/MiniOzoneClusterImpl-4aa6bc8f-5b70-4167-bb18-fb485ad2a953/datanode-1/data/ratis/b5479ab1-812a-4668-a13f-1aee9617d077/current/log_inprogress_0
2022-09-08 01:51:29,519 [Listener at 127.0.0.1/38889] INFO  ozone.MiniOzoneClusterImpl (MiniOzoneClusterImpl.java:lambda$waitForClusterToBeReady$0(216)) - Nodes are ready. Got 3 of 3 DN Heartbeats.
2022-09-08 01:51:29,519 [Listener at 127.0.0.1/38889] INFO  ozone.MiniOzoneClusterImpl (MiniOzoneClusterImpl.java:lambda$waitForClusterToBeReady$0(219)) - Waiting for cluster to exit safe mode
2022-09-08 01:51:29,519 [Listener at 127.0.0.1/38889] INFO  ozone.MiniOzoneClusterImpl (MiniOzoneClusterImpl.java:lambda$waitForClusterToBeReady$0(221)) - SCM became leader
2022-09-08 01:51:29,550 [e90bc429-7749-49ff-bc0d-e80a56f537c2@group-45321734DF4E-FollowerState] INFO  impl.FollowerState (FollowerState.java:run(143)) - e90bc429-7749-49ff-bc0d-e80a56f537c2@group-45321734DF4E-FollowerState: change to CANDIDATE, lastRpcElapsedTime:5063170903ns, electionTimeout:5047ms
2022-09-08 01:51:29,550 [e90bc429-7749-49ff-bc0d-e80a56f537c2@group-45321734DF4E-FollowerState] INFO  impl.RoleInfo (RoleInfo.java:shutdownFollowerState(110)) - e90bc429-7749-49ff-bc0d-e80a56f537c2: shutdown e90bc429-7749-49ff-bc0d-e80a56f537c2@group-45321734DF4E-FollowerState
2022-09-08 01:51:29,550 [e90bc429-7749-49ff-bc0d-e80a56f537c2@group-45321734DF4E-FollowerState] INFO  server.RaftServer$Division (RaftServerImpl.java:setRole(299)) - e90bc429-7749-49ff-bc0d-e80a56f537c2@group-45321734DF4E: changes role from  FOLLOWER to CANDIDATE at term 0 for changeToCandidate
2022-09-08 01:51:29,551 [e90bc429-7749-49ff-bc0d-e80a56f537c2@group-45321734DF4E-FollowerState] INFO  server.RaftServerConfigKeys (ConfUtils.java:logGet(46)) - raft.server.leaderelection.pre-vote = false (custom)
2022-09-08 01:51:29,551 [e90bc429-7749-49ff-bc0d-e80a56f537c2@group-45321734DF4E-FollowerState] INFO  impl.RoleInfo (RoleInfo.java:updateAndGet(139)) - e90bc429-7749-49ff-bc0d-e80a56f537c2: start e90bc429-7749-49ff-bc0d-e80a56f537c2@group-45321734DF4E-LeaderElection5
2022-09-08 01:51:29,555 [e90bc429-7749-49ff-bc0d-e80a56f537c2@group-45321734DF4E-LeaderElection5] INFO  impl.LeaderElection (LeaderElection.java:askForVotes(310)) - e90bc429-7749-49ff-bc0d-e80a56f537c2@group-45321734DF4E-LeaderElection5 ELECTION round 0: submit vote requests at term 1 for -1: [8445baa6-3cb3-42f1-9022-eafd6ea290b7|rpc:10.1.1.0:43367|priority:0, e90bc429-7749-49ff-bc0d-e80a56f537c2|rpc:10.1.1.0:38745|priority:1, 6b2388e8-0560-444a-8e4b-0f808c784072|rpc:10.1.1.0:36431|priority:0], old=null
2022-09-08 01:51:29,566 [grpc-default-executor-2] INFO  server.RaftServer$Division (RaftServerImpl.java:requestVote(1152)) - 6b2388e8-0560-444a-8e4b-0f808c784072@group-45321734DF4E: receive requestVote(ELECTION, e90bc429-7749-49ff-bc0d-e80a56f537c2, group-45321734DF4E, 1, (t:0, i:0))
2022-09-08 01:51:29,566 [grpc-default-executor-2] INFO  impl.VoteContext (VoteContext.java:log(48)) - 6b2388e8-0560-444a-8e4b-0f808c784072@group-45321734DF4E-FOLLOWER: accept ELECTION from e90bc429-7749-49ff-bc0d-e80a56f537c2: our priority 0 <= candidate's priority 1
2022-09-08 01:51:29,566 [grpc-default-executor-2] INFO  server.RaftServer$Division (RaftServerImpl.java:setRole(299)) - 6b2388e8-0560-444a-8e4b-0f808c784072@group-45321734DF4E: changes role from  FOLLOWER to FOLLOWER at term 1 for candidate:e90bc429-7749-49ff-bc0d-e80a56f537c2
2022-09-08 01:51:29,566 [grpc-default-executor-2] INFO  impl.RoleInfo (RoleInfo.java:shutdownFollowerState(110)) - 6b2388e8-0560-444a-8e4b-0f808c784072: shutdown 6b2388e8-0560-444a-8e4b-0f808c784072@group-45321734DF4E-FollowerState
2022-09-08 01:51:29,566 [grpc-default-executor-2] INFO  impl.RoleInfo (RoleInfo.java:updateAndGet(139)) - 6b2388e8-0560-444a-8e4b-0f808c784072: start 6b2388e8-0560-444a-8e4b-0f808c784072@group-45321734DF4E-FollowerState
2022-09-08 01:51:29,566 [6b2388e8-0560-444a-8e4b-0f808c784072@group-45321734DF4E-FollowerState] INFO  impl.FollowerState (FollowerState.java:run(152)) - 6b2388e8-0560-444a-8e4b-0f808c784072@group-45321734DF4E-FollowerState was interrupted
2022-09-08 01:51:29,567 [grpc-default-executor-0] INFO  server.RaftServer$Division (RaftServerImpl.java:requestVote(1152)) - 8445baa6-3cb3-42f1-9022-eafd6ea290b7@group-45321734DF4E: receive requestVote(ELECTION, e90bc429-7749-49ff-bc0d-e80a56f537c2, group-45321734DF4E, 1, (t:0, i:0))
2022-09-08 01:51:29,567 [grpc-default-executor-0] INFO  impl.VoteContext (VoteContext.java:log(48)) - 8445baa6-3cb3-42f1-9022-eafd6ea290b7@group-45321734DF4E-FOLLOWER: accept ELECTION from e90bc429-7749-49ff-bc0d-e80a56f537c2: our priority 0 <= candidate's priority 1
2022-09-08 01:51:29,567 [grpc-default-executor-0] INFO  server.RaftServer$Division (RaftServerImpl.java:setRole(299)) - 8445baa6-3cb3-42f1-9022-eafd6ea290b7@group-45321734DF4E: changes role from  FOLLOWER to FOLLOWER at term 1 for candidate:e90bc429-7749-49ff-bc0d-e80a56f537c2
2022-09-08 01:51:29,567 [grpc-default-executor-0] INFO  impl.RoleInfo (RoleInfo.java:shutdownFollowerState(110)) - 8445baa6-3cb3-42f1-9022-eafd6ea290b7: shutdown 8445baa6-3cb3-42f1-9022-eafd6ea290b7@group-45321734DF4E-FollowerState
2022-09-08 01:51:29,568 [grpc-default-executor-0] INFO  impl.RoleInfo (RoleInfo.java:updateAndGet(139)) - 8445baa6-3cb3-42f1-9022-eafd6ea290b7: start 8445baa6-3cb3-42f1-9022-eafd6ea290b7@group-45321734DF4E-FollowerState
2022-09-08 01:51:29,568 [8445baa6-3cb3-42f1-9022-eafd6ea290b7@group-45321734DF4E-FollowerState] INFO  impl.FollowerState (FollowerState.java:run(152)) - 8445baa6-3cb3-42f1-9022-eafd6ea290b7@group-45321734DF4E-FollowerState was interrupted
2022-09-08 01:51:29,569 [grpc-default-executor-2] INFO  server.RaftServer$Division (RaftServerImpl.java:requestVote(1184)) - 6b2388e8-0560-444a-8e4b-0f808c784072@group-45321734DF4E replies to ELECTION vote request: e90bc429-7749-49ff-bc0d-e80a56f537c2<-6b2388e8-0560-444a-8e4b-0f808c784072#0:OK-t1. Peer's state: 6b2388e8-0560-444a-8e4b-0f808c784072@group-45321734DF4E:t1, leader=null, voted=e90bc429-7749-49ff-bc0d-e80a56f537c2, raftlog=6b2388e8-0560-444a-8e4b-0f808c784072@group-45321734DF4E-SegmentedRaftLog:OPENED:c-1, conf=-1: [8445baa6-3cb3-42f1-9022-eafd6ea290b7|rpc:10.1.1.0:43367|priority:0, e90bc429-7749-49ff-bc0d-e80a56f537c2|rpc:10.1.1.0:38745|priority:1, 6b2388e8-0560-444a-8e4b-0f808c784072|rpc:10.1.1.0:36431|priority:0], old=null
2022-09-08 01:51:29,576 [grpc-default-executor-0] INFO  server.RaftServer$Division (RaftServerImpl.java:requestVote(1184)) - 8445baa6-3cb3-42f1-9022-eafd6ea290b7@group-45321734DF4E replies to ELECTION vote request: e90bc429-7749-49ff-bc0d-e80a56f537c2<-8445baa6-3cb3-42f1-9022-eafd6ea290b7#0:OK-t1. Peer's state: 8445baa6-3cb3-42f1-9022-eafd6ea290b7@group-45321734DF4E:t1, leader=null, voted=e90bc429-7749-49ff-bc0d-e80a56f537c2, raftlog=8445baa6-3cb3-42f1-9022-eafd6ea290b7@group-45321734DF4E-SegmentedRaftLog:OPENED:c-1, conf=-1: [8445baa6-3cb3-42f1-9022-eafd6ea290b7|rpc:10.1.1.0:43367|priority:0, e90bc429-7749-49ff-bc0d-e80a56f537c2|rpc:10.1.1.0:38745|priority:1, 6b2388e8-0560-444a-8e4b-0f808c784072|rpc:10.1.1.0:36431|priority:0], old=null
2022-09-08 01:51:29,578 [e90bc429-7749-49ff-bc0d-e80a56f537c2@group-45321734DF4E-LeaderElection5] INFO  impl.LeaderElection (LeaderElection.java:logAndReturn(90)) - e90bc429-7749-49ff-bc0d-e80a56f537c2@group-45321734DF4E-LeaderElection5: ELECTION PASSED received 1 response(s) and 0 exception(s):
2022-09-08 01:51:29,579 [e90bc429-7749-49ff-bc0d-e80a56f537c2@group-45321734DF4E-LeaderElection5] INFO  impl.LeaderElection (LeaderElection.java:logAndReturn(94)) -   Response 0: e90bc429-7749-49ff-bc0d-e80a56f537c2<-6b2388e8-0560-444a-8e4b-0f808c784072#0:OK-t1
2022-09-08 01:51:29,579 [e90bc429-7749-49ff-bc0d-e80a56f537c2@group-45321734DF4E-LeaderElection5] INFO  impl.LeaderElection (LeaderElection.java:askForVotes(312)) - e90bc429-7749-49ff-bc0d-e80a56f537c2@group-45321734DF4E-LeaderElection5 ELECTION round 0: result PASSED
2022-09-08 01:51:29,579 [e90bc429-7749-49ff-bc0d-e80a56f537c2@group-45321734DF4E-LeaderElection5] INFO  impl.RoleInfo (RoleInfo.java:shutdownLeaderElection(130)) - e90bc429-7749-49ff-bc0d-e80a56f537c2: shutdown e90bc429-7749-49ff-bc0d-e80a56f537c2@group-45321734DF4E-LeaderElection5
2022-09-08 01:51:29,579 [e90bc429-7749-49ff-bc0d-e80a56f537c2@group-45321734DF4E-LeaderElection5] INFO  server.RaftServer$Division (RaftServerImpl.java:setRole(299)) - e90bc429-7749-49ff-bc0d-e80a56f537c2@group-45321734DF4E: changes role from CANDIDATE to LEADER at term 1 for changeToLeader
2022-09-08 01:51:29,579 [e90bc429-7749-49ff-bc0d-e80a56f537c2@group-45321734DF4E-LeaderElection5] INFO  ratis.XceiverServerRatis (XceiverServerRatis.java:handleLeaderChangedNotification(863)) - Leader change notification received for group: group-45321734DF4E with new leaderId: e90bc429-7749-49ff-bc0d-e80a56f537c2
2022-09-08 01:51:29,580 [e90bc429-7749-49ff-bc0d-e80a56f537c2@group-45321734DF4E-LeaderElection5] INFO  server.RaftServer$Division (ServerState.java:setLeader(287)) - e90bc429-7749-49ff-bc0d-e80a56f537c2@group-45321734DF4E: change Leader from null to e90bc429-7749-49ff-bc0d-e80a56f537c2 at term 1 for becomeLeader, leader elected after 5114ms
2022-09-08 01:51:29,580 [e90bc429-7749-49ff-bc0d-e80a56f537c2@group-45321734DF4E-LeaderElection5] INFO  server.RaftServerConfigKeys (ConfUtils.java:logGet(46)) - raft.server.staging.catchup.gap = 1000 (default)
2022-09-08 01:51:29,580 [e90bc429-7749-49ff-bc0d-e80a56f537c2@group-45321734DF4E-LeaderElection5] INFO  server.RaftServerConfigKeys (ConfUtils.java:logGet(46)) - raft.server.write.element-limit = 1024 (custom)
2022-09-08 01:51:29,580 [e90bc429-7749-49ff-bc0d-e80a56f537c2@group-45321734DF4E-LeaderElection5] INFO  server.RaftServerConfigKeys (ConfUtils.java:logGet(46)) - raft.server.write.byte-limit = 1024 M (=1073741824) (custom)
2022-09-08 01:51:29,580 [e90bc429-7749-49ff-bc0d-e80a56f537c2@group-45321734DF4E-LeaderElection5] INFO  server.RaftServerConfigKeys (ConfUtils.java:logGet(46)) - raft.server.watch.timeout = 180s (custom)
2022-09-08 01:51:29,580 [e90bc429-7749-49ff-bc0d-e80a56f537c2@group-45321734DF4E-LeaderElection5] INFO  server.RaftServerConfigKeys (ConfUtils.java:logGet(46)) - raft.server.watch.timeout.denomination = 1s (default)
2022-09-08 01:51:29,580 [e90bc429-7749-49ff-bc0d-e80a56f537c2@group-45321734DF4E-LeaderElection5] INFO  server.RaftServerConfigKeys (ConfUtils.java:logGet(46)) - raft.server.watch.element-limit = 65536 (default)
2022-09-08 01:51:29,581 [e90bc429-7749-49ff-bc0d-e80a56f537c2@group-45321734DF4E-LeaderElection5] INFO  server.RaftServerConfigKeys (ConfUtils.java:logGet(46)) - raft.server.write.element-limit = 1024 (custom)
2022-09-08 01:51:29,581 [e90bc429-7749-49ff-bc0d-e80a56f537c2@group-45321734DF4E-LeaderElection5] INFO  server.RaftServerConfigKeys (ConfUtils.java:logGet(46)) - raft.server.write.follower.gap.ratio.max = -1.0 (default)
2022-09-08 01:51:29,590 [EventQueue-PipelineReportForPipelineReportHandler] INFO  pipeline.PipelineManagerImpl (PipelineManagerImpl.java:openPipeline(367)) - Pipeline Pipeline[ Id: 69a4666b-c0af-4dbf-964b-45321734df4e, Nodes: e90bc429-7749-49ff-bc0d-e80a56f537c2{ip: 10.1.1.0, host: fv-az38-857.qiceih3q1hfe5a3ai3y3qk2fta.cx.internal.cloudapp.net, ports: [REPLICATION=33079, RATIS=38745, RATIS_ADMIN=38745, RATIS_SERVER=38745, STANDALONE=38209], networkLocation: /default-rack, certSerialId: null, persistedOpState: IN_SERVICE, persistedOpStateExpiryEpochSec: 0}8445baa6-3cb3-42f1-9022-eafd6ea290b7{ip: 10.1.1.0, host: fv-az38-857.qiceih3q1hfe5a3ai3y3qk2fta.cx.internal.cloudapp.net, ports: [REPLICATION=41339, RATIS=43367, RATIS_ADMIN=43367, RATIS_SERVER=43367, STANDALONE=37653], networkLocation: /default-rack, certSerialId: null, persistedOpState: IN_SERVICE, persistedOpStateExpiryEpochSec: 0}6b2388e8-0560-444a-8e4b-0f808c784072{ip: 10.1.1.0, host: fv-az38-857.qiceih3q1hfe5a3ai3y3qk2fta.cx.internal.cloudapp.net, ports: [REPLICATION=39079, RATIS=36431, RATIS_ADMIN=36431, RATIS_SERVER=36431, STANDALONE=38483], networkLocation: /default-rack, certSerialId: null, persistedOpState: IN_SERVICE, persistedOpStateExpiryEpochSec: 0}, ReplicationConfig: RATIS/THREE, State:ALLOCATED, leaderId:e90bc429-7749-49ff-bc0d-e80a56f537c2, CreationTimestamp2022-09-08T01:51:21.516Z[Etc/UTC]] moved to OPEN state
2022-09-08 01:51:29,593 [e90bc429-7749-49ff-bc0d-e80a56f537c2@group-45321734DF4E-LeaderElection5] INFO  server.RaftServerConfigKeys (ConfUtils.java:logGet(46)) - raft.server.log.appender.snapshot.chunk.size.max = 16MB (=16777216) (default)
2022-09-08 01:51:29,593 [e90bc429-7749-49ff-bc0d-e80a56f537c2@group-45321734DF4E-LeaderElection5] INFO  server.RaftServerConfigKeys (ConfUtils.java:logGet(46)) - raft.server.log.appender.buffer.byte-limit = 33554432 (custom)
2022-09-08 01:51:29,590 [EventQueue-OpenPipelineForHealthyPipelineSafeModeRule] INFO  safemode.SCMSafeModeManager (HealthyPipelineSafeModeRule.java:process(137)) - SCM in safe mode. Healthy pipelines reported count is 0, required healthy pipeline reported count is 1
2022-09-08 01:51:29,593 [e90bc429-7749-49ff-bc0d-e80a56f537c2@group-45321734DF4E-LeaderElection5] INFO  server.RaftServerConfigKeys (ConfUtils.java:logGet(46)) - raft.server.log.appender.buffer.element-limit = 1 (custom)
2022-09-08 01:51:29,593 [EventQueue-OpenPipelineForHealthyPipelineSafeModeRule] INFO  safemode.SCMSafeModeManager (HealthyPipelineSafeModeRule.java:process(137)) - SCM in safe mode. Healthy pipelines reported count is 1, required healthy pipeline reported count is 1
2022-09-08 01:51:29,594 [EventQueue-OpenPipelineForHealthyPipelineSafeModeRule] INFO  safemode.SCMSafeModeManager (SCMSafeModeManager.java:validateSafeModeExitRules(204)) - HealthyPipelineSafeModeRule rule is successfully validated
2022-09-08 01:51:29,594 [EventQueue-OpenPipelineForHealthyPipelineSafeModeRule] INFO  safemode.SCMSafeModeManager (SCMSafeModeManager.java:validateSafeModeExitRules(219)) - ScmSafeModeManager, all rules are successfully validated
2022-09-08 01:51:29,594 [EventQueue-OpenPipelineForHealthyPipelineSafeModeRule] INFO  safemode.SCMSafeModeManager (SCMSafeModeManager.java:exitSafeMode(248)) - SCM exiting safe mode.
2022-09-08 01:51:29,596 [EventQueue-OpenPipelineForHealthyPipelineSafeModeRule] WARN  events.EventQueue (EventQueue.java:fireEvent(216)) - No event handler registered for event TypedEvent{payloadType=SafeModeStatus, name='Safe mode status'}
2022-09-08 01:51:29,596 [EventQueue-OpenPipelineForHealthyPipelineSafeModeRule] INFO  ha.SCMContext (SCMContext.java:updateSafeModeStatus(228)) - Update SafeModeStatus from SafeModeStatus{safeModeStatus=true, preCheckPassed=true} to SafeModeStatus{safeModeStatus=false, preCheckPassed=true}.
2022-09-08 01:51:29,596 [EventQueue-OpenPipelineForHealthyPipelineSafeModeRule] INFO  pipeline.BackgroundPipelineCreator (BackgroundPipelineCreator.java:notifyStatusChanged(254)) - Service BackgroundPipelineCreator transitions to RUNNING.
2022-09-08 01:51:29,596 [EventQueue-OpenPipelineForHealthyPipelineSafeModeRule] INFO  BackgroundPipelineScrubber (BackgroundSCMService.java:notifyStatusChanged(82)) - Service BackgroundPipelineScrubber transitions to RUNNING.
2022-09-08 01:51:29,596 [EventQueue-OpenPipelineForHealthyPipelineSafeModeRule] INFO  ExpiredContainerReplicaOpScrubber (BackgroundSCMService.java:notifyStatusChanged(82)) - Service ExpiredContainerReplicaOpScrubber transitions to RUNNING.
2022-09-08 01:51:29,596 [EventQueue-OpenPipelineForHealthyPipelineSafeModeRule] INFO  UnderReplicatedQueueThread (BackgroundSCMService.java:notifyStatusChanged(82)) - Service UnderReplicatedQueueThread transitions to RUNNING.
2022-09-08 01:51:29,596 [EventQueue-OpenPipelineForHealthyPipelineSafeModeRule] INFO  OverReplicatedQueueThread (BackgroundSCMService.java:notifyStatusChanged(82)) - Service OverReplicatedQueueThread transitions to RUNNING.
2022-09-08 01:51:29,596 [EventQueue-OpenPipelineForHealthyPipelineSafeModeRule] INFO  replication.ReplicationManager (ReplicationManager.java:notifyStatusChanged(764)) - Service ReplicationManager transitions to RUNNING.
2022-09-08 01:51:29,596 [e90bc429-7749-49ff-bc0d-e80a56f537c2@group-45321734DF4E-LeaderElection5] INFO  grpc.GrpcConfigKeys (ConfUtils.java:logGet(46)) - raft.grpc.server.leader.outstanding.appends.max = 128 (default)
2022-09-08 01:51:29,597 [e90bc429-7749-49ff-bc0d-e80a56f537c2@group-45321734DF4E-LeaderElection5] INFO  server.RaftServerConfigKeys (ConfUtils.java:logGet(46)) - raft.server.rpc.request.timeout = 60s (custom)
2022-09-08 01:51:29,597 [e90bc429-7749-49ff-bc0d-e80a56f537c2@group-45321734DF4E-LeaderElection5] INFO  server.RaftServerConfigKeys (ConfUtils.java:logGet(46)) - raft.server.log.appender.install.snapshot.enabled = false (custom)
2022-09-08 01:51:29,598 [e90bc429-7749-49ff-bc0d-e80a56f537c2@group-45321734DF4E-LeaderElection5] INFO  server.RaftServerConfigKeys (ConfUtils.java:logGet(46)) - raft.server.log.appender.snapshot.chunk.size.max = 16MB (=16777216) (default)
2022-09-08 01:51:29,598 [e90bc429-7749-49ff-bc0d-e80a56f537c2@group-45321734DF4E-LeaderElection5] INFO  server.RaftServerConfigKeys (ConfUtils.java:logGet(46)) - raft.server.log.appender.buffer.byte-limit = 33554432 (custom)
2022-09-08 01:51:29,599 [e90bc429-7749-49ff-bc0d-e80a56f537c2@group-45321734DF4E-LeaderElection5] INFO  server.RaftServerConfigKeys (ConfUtils.java:logGet(46)) - raft.server.log.appender.buffer.element-limit = 1 (custom)
2022-09-08 01:51:29,599 [e90bc429-7749-49ff-bc0d-e80a56f537c2@group-45321734DF4E-LeaderElection5] INFO  grpc.GrpcConfigKeys (ConfUtils.java:logGet(46)) - raft.grpc.server.leader.outstanding.appends.max = 128 (default)
2022-09-08 01:51:29,599 [e90bc429-7749-49ff-bc0d-e80a56f537c2@group-45321734DF4E-LeaderElection5] INFO  server.RaftServerConfigKeys (ConfUtils.java:logGet(46)) - raft.server.rpc.request.timeout = 60s (custom)
2022-09-08 01:51:29,599 [e90bc429-7749-49ff-bc0d-e80a56f537c2@group-45321734DF4E-LeaderElection5] INFO  server.RaftServerConfigKeys (ConfUtils.java:logGet(46)) - raft.server.log.appender.install.snapshot.enabled = false (custom)
2022-09-08 01:51:29,599 [EventQueue-OpenPipelineForHealthyPipelineSafeModeRule] WARN  balancer.ContainerBalancer (ContainerBalancer.java:shouldRun(925)) - Could not find persisted configuration for ContainerBalancer when checking if ContainerBalancer should run. ContainerBalancer should not run now.
2022-09-08 01:51:29,600 [e90bc429-7749-49ff-bc0d-e80a56f537c2@group-45321734DF4E-LeaderElection5] INFO  impl.RoleInfo (RoleInfo.java:updateAndGet(139)) - e90bc429-7749-49ff-bc0d-e80a56f537c2: start e90bc429-7749-49ff-bc0d-e80a56f537c2@group-45321734DF4E-LeaderStateImpl
2022-09-08 01:51:29,600 [e90bc429-7749-49ff-bc0d-e80a56f537c2@group-45321734DF4E-LeaderElection5] INFO  segmented.SegmentedRaftLogWorker (SegmentedRaftLogWorker.java:startLogSegment(425)) - e90bc429-7749-49ff-bc0d-e80a56f537c2@group-45321734DF4E-SegmentedRaftLogWorker: Starting segment from index:0
2022-09-08 01:51:29,602 [e90bc429-7749-49ff-bc0d-e80a56f537c2@group-45321734DF4E-SegmentedRaftLogWorker] INFO  segmented.SegmentedRaftLogWorker (SegmentedRaftLogWorker.java:execute(629)) - e90bc429-7749-49ff-bc0d-e80a56f537c2@group-45321734DF4E-SegmentedRaftLogWorker: created new log segment /home/runner/work/ozone/ozone/hadoop-ozone/integration-test/target/test-dir/MiniOzoneClusterImpl-4aa6bc8f-5b70-4167-bb18-fb485ad2a953/datanode-0/data/ratis/69a4666b-c0af-4dbf-964b-45321734df4e/current/log_inprogress_0
2022-09-08 01:51:29,623 [e90bc429-7749-49ff-bc0d-e80a56f537c2@group-45321734DF4E-LeaderElection5] INFO  server.RaftServer$Division (ServerState.java:setRaftConf(393)) - e90bc429-7749-49ff-bc0d-e80a56f537c2@group-45321734DF4E: set configuration 0: [8445baa6-3cb3-42f1-9022-eafd6ea290b7|rpc:10.1.1.0:43367|dataStream:|priority:0, e90bc429-7749-49ff-bc0d-e80a56f537c2|rpc:10.1.1.0:38745|dataStream:|priority:1, 6b2388e8-0560-444a-8e4b-0f808c784072|rpc:10.1.1.0:36431|dataStream:|priority:0], old=null
2022-09-08 01:51:29,651 [6b2388e8-0560-444a-8e4b-0f808c784072-server-thread1] INFO  ratis.XceiverServerRatis (XceiverServerRatis.java:handleLeaderChangedNotification(863)) - Leader change notification received for group: group-45321734DF4E with new leaderId: e90bc429-7749-49ff-bc0d-e80a56f537c2
2022-09-08 01:51:29,651 [6b2388e8-0560-444a-8e4b-0f808c784072-server-thread1] INFO  server.RaftServer$Division (ServerState.java:setLeader(287)) - 6b2388e8-0560-444a-8e4b-0f808c784072@group-45321734DF4E: change Leader from null to e90bc429-7749-49ff-bc0d-e80a56f537c2 at term 1 for appendEntries, leader elected after 5115ms
2022-09-08 01:51:29,651 [8445baa6-3cb3-42f1-9022-eafd6ea290b7-server-thread1] INFO  ratis.XceiverServerRatis (XceiverServerRatis.java:handleLeaderChangedNotification(863)) - Leader change notification received for group: group-45321734DF4E with new leaderId: e90bc429-7749-49ff-bc0d-e80a56f537c2
2022-09-08 01:51:29,652 [8445baa6-3cb3-42f1-9022-eafd6ea290b7-server-thread1] INFO  server.RaftServer$Division (ServerState.java:setLeader(287)) - 8445baa6-3cb3-42f1-9022-eafd6ea290b7@group-45321734DF4E: change Leader from null to e90bc429-7749-49ff-bc0d-e80a56f537c2 at term 1 for appendEntries, leader elected after 5180ms
2022-09-08 01:51:29,679 [6b2388e8-0560-444a-8e4b-0f808c784072-server-thread1] INFO  server.RaftServer$Division (ServerState.java:setRaftConf(393)) - 6b2388e8-0560-444a-8e4b-0f808c784072@group-45321734DF4E: set configuration 0: [8445baa6-3cb3-42f1-9022-eafd6ea290b7|rpc:10.1.1.0:43367|dataStream:|priority:0, e90bc429-7749-49ff-bc0d-e80a56f537c2|rpc:10.1.1.0:38745|dataStream:|priority:1, 6b2388e8-0560-444a-8e4b-0f808c784072|rpc:10.1.1.0:36431|dataStream:|priority:0], old=null
2022-09-08 01:51:29,679 [6b2388e8-0560-444a-8e4b-0f808c784072-server-thread1] INFO  segmented.SegmentedRaftLogWorker (SegmentedRaftLogWorker.java:startLogSegment(425)) - 6b2388e8-0560-444a-8e4b-0f808c784072@group-45321734DF4E-SegmentedRaftLogWorker: Starting segment from index:0
2022-09-08 01:51:29,679 [8445baa6-3cb3-42f1-9022-eafd6ea290b7-server-thread1] INFO  server.RaftServer$Division (ServerState.java:setRaftConf(393)) - 8445baa6-3cb3-42f1-9022-eafd6ea290b7@group-45321734DF4E: set configuration 0: [8445baa6-3cb3-42f1-9022-eafd6ea290b7|rpc:10.1.1.0:43367|dataStream:|priority:0, e90bc429-7749-49ff-bc0d-e80a56f537c2|rpc:10.1.1.0:38745|dataStream:|priority:1, 6b2388e8-0560-444a-8e4b-0f808c784072|rpc:10.1.1.0:36431|dataStream:|priority:0], old=null
2022-09-08 01:51:29,680 [8445baa6-3cb3-42f1-9022-eafd6ea290b7-server-thread1] INFO  segmented.SegmentedRaftLogWorker (SegmentedRaftLogWorker.java:startLogSegment(425)) - 8445baa6-3cb3-42f1-9022-eafd6ea290b7@group-45321734DF4E-SegmentedRaftLogWorker: Starting segment from index:0
2022-09-08 01:51:29,681 [6b2388e8-0560-444a-8e4b-0f808c784072@group-45321734DF4E-SegmentedRaftLogWorker] INFO  segmented.SegmentedRaftLogWorker (SegmentedRaftLogWorker.java:execute(629)) - 6b2388e8-0560-444a-8e4b-0f808c784072@group-45321734DF4E-SegmentedRaftLogWorker: created new log segment /home/runner/work/ozone/ozone/hadoop-ozone/integration-test/target/test-dir/MiniOzoneClusterImpl-4aa6bc8f-5b70-4167-bb18-fb485ad2a953/datanode-2/data/ratis/69a4666b-c0af-4dbf-964b-45321734df4e/current/log_inprogress_0
2022-09-08 01:51:29,682 [8445baa6-3cb3-42f1-9022-eafd6ea290b7@group-45321734DF4E-SegmentedRaftLogWorker] INFO  segmented.SegmentedRaftLogWorker (SegmentedRaftLogWorker.java:execute(629)) - 8445baa6-3cb3-42f1-9022-eafd6ea290b7@group-45321734DF4E-SegmentedRaftLogWorker: created new log segment /home/runner/work/ozone/ozone/hadoop-ozone/integration-test/target/test-dir/MiniOzoneClusterImpl-4aa6bc8f-5b70-4167-bb18-fb485ad2a953/datanode-1/data/ratis/69a4666b-c0af-4dbf-964b-45321734df4e/current/log_inprogress_0
2022-09-08 01:51:29,697 [6b2388e8-0560-444a-8e4b-0f808c784072@group-F183E1EDEDE0-FollowerState] INFO  impl.FollowerState (FollowerState.java:run(143)) - 6b2388e8-0560-444a-8e4b-0f808c784072@group-F183E1EDEDE0-FollowerState: change to CANDIDATE, lastRpcElapsedTime:5169857071ns, electionTimeout:5169ms
2022-09-08 01:51:29,697 [6b2388e8-0560-444a-8e4b-0f808c784072@group-F183E1EDEDE0-FollowerState] INFO  impl.RoleInfo (RoleInfo.java:shutdownFollowerState(110)) - 6b2388e8-0560-444a-8e4b-0f808c784072: shutdown 6b2388e8-0560-444a-8e4b-0f808c784072@group-F183E1EDEDE0-FollowerState
2022-09-08 01:51:29,697 [6b2388e8-0560-444a-8e4b-0f808c784072@group-F183E1EDEDE0-FollowerState] INFO  server.RaftServer$Division (RaftServerImpl.java:setRole(299)) - 6b2388e8-0560-444a-8e4b-0f808c784072@group-F183E1EDEDE0: changes role from  FOLLOWER to CANDIDATE at term 0 for changeToCandidate
2022-09-08 01:51:29,697 [6b2388e8-0560-444a-8e4b-0f808c784072@group-F183E1EDEDE0-FollowerState] INFO  server.RaftServerConfigKeys (ConfUtils.java:logGet(46)) - raft.server.leaderelection.pre-vote = false (custom)
2022-09-08 01:51:29,697 [6b2388e8-0560-444a-8e4b-0f808c784072@group-F183E1EDEDE0-FollowerState] INFO  impl.RoleInfo (RoleInfo.java:updateAndGet(139)) - 6b2388e8-0560-444a-8e4b-0f808c784072: start 6b2388e8-0560-444a-8e4b-0f808c784072@group-F183E1EDEDE0-LeaderElection6
2022-09-08 01:51:29,705 [6b2388e8-0560-444a-8e4b-0f808c784072@group-F183E1EDEDE0-LeaderElection6] INFO  impl.LeaderElection (LeaderElection.java:askForVotes(310)) - 6b2388e8-0560-444a-8e4b-0f808c784072@group-F183E1EDEDE0-LeaderElection6 ELECTION round 0: submit vote requests at term 1 for -1: [6b2388e8-0560-444a-8e4b-0f808c784072|rpc:10.1.1.0:36431|priority:1], old=null
2022-09-08 01:51:29,705 [6b2388e8-0560-444a-8e4b-0f808c784072@group-F183E1EDEDE0-LeaderElection6] INFO  impl.LeaderElection (LeaderElection.java:askForVotes(312)) - 6b2388e8-0560-444a-8e4b-0f808c784072@group-F183E1EDEDE0-LeaderElection6 ELECTION round 0: result PASSED (term=1)
2022-09-08 01:51:29,705 [6b2388e8-0560-444a-8e4b-0f808c784072@group-F183E1EDEDE0-LeaderElection6] INFO  impl.RoleInfo (RoleInfo.java:shutdownLeaderElection(130)) - 6b2388e8-0560-444a-8e4b-0f808c784072: shutdown 6b2388e8-0560-444a-8e4b-0f808c784072@group-F183E1EDEDE0-LeaderElection6
2022-09-08 01:51:29,706 [6b2388e8-0560-444a-8e4b-0f808c784072@group-F183E1EDEDE0-LeaderElection6] INFO  server.RaftServer$Division (RaftServerImpl.java:setRole(299)) - 6b2388e8-0560-444a-8e4b-0f808c784072@group-F183E1EDEDE0: changes role from CANDIDATE to LEADER at term 1 for changeToLeader
2022-09-08 01:51:29,706 [6b2388e8-0560-444a-8e4b-0f808c784072@group-F183E1EDEDE0-LeaderElection6] INFO  ratis.XceiverServerRatis (XceiverServerRatis.java:handleLeaderChangedNotification(863)) - Leader change notification received for group: group-F183E1EDEDE0 with new leaderId: 6b2388e8-0560-444a-8e4b-0f808c784072
2022-09-08 01:51:29,708 [6b2388e8-0560-444a-8e4b-0f808c784072@group-F183E1EDEDE0-LeaderElection6] INFO  server.RaftServer$Division (ServerState.java:setLeader(287)) - 6b2388e8-0560-444a-8e4b-0f808c784072@group-F183E1EDEDE0: change Leader from null to 6b2388e8-0560-444a-8e4b-0f808c784072 at term 1 for becomeLeader, leader elected after 5198ms
2022-09-08 01:51:29,709 [6b2388e8-0560-444a-8e4b-0f808c784072@group-F183E1EDEDE0-LeaderElection6] INFO  server.RaftServerConfigKeys (ConfUtils.java:logGet(46)) - raft.server.staging.catchup.gap = 1000 (default)
2022-09-08 01:51:29,710 [6b2388e8-0560-444a-8e4b-0f808c784072@group-F183E1EDEDE0-LeaderElection6] INFO  server.RaftServerConfigKeys (ConfUtils.java:logGet(46)) - raft.server.write.element-limit = 1024 (custom)
2022-09-08 01:51:29,710 [6b2388e8-0560-444a-8e4b-0f808c784072@group-F183E1EDEDE0-LeaderElection6] INFO  server.RaftServerConfigKeys (ConfUtils.java:logGet(46)) - raft.server.write.byte-limit = 1024 M (=1073741824) (custom)
2022-09-08 01:51:29,711 [6b2388e8-0560-444a-8e4b-0f808c784072@group-F183E1EDEDE0-LeaderElection6] INFO  server.RaftServerConfigKeys (ConfUtils.java:logGet(46)) - raft.server.watch.timeout = 180s (custom)
2022-09-08 01:51:29,711 [6b2388e8-0560-444a-8e4b-0f808c784072@group-F183E1EDEDE0-LeaderElection6] INFO  server.RaftServerConfigKeys (ConfUtils.java:logGet(46)) - raft.server.watch.timeout.denomination = 1s (default)
2022-09-08 01:51:29,711 [6b2388e8-0560-444a-8e4b-0f808c784072@group-F183E1EDEDE0-LeaderElection6] INFO  server.RaftServerConfigKeys (ConfUtils.java:logGet(46)) - raft.server.watch.element-limit = 65536 (default)
2022-09-08 01:51:29,711 [6b2388e8-0560-444a-8e4b-0f808c784072@group-F183E1EDEDE0-LeaderElection6] INFO  server.RaftServerConfigKeys (ConfUtils.java:logGet(46)) - raft.server.write.element-limit = 1024 (custom)
2022-09-08 01:51:29,712 [6b2388e8-0560-444a-8e4b-0f808c784072@group-F183E1EDEDE0-LeaderElection6] INFO  server.RaftServerConfigKeys (ConfUtils.java:logGet(46)) - raft.server.write.follower.gap.ratio.max = -1.0 (default)
2022-09-08 01:51:29,712 [6b2388e8-0560-444a-8e4b-0f808c784072@group-F183E1EDEDE0-LeaderElection6] INFO  impl.RoleInfo (RoleInfo.java:updateAndGet(139)) - 6b2388e8-0560-444a-8e4b-0f808c784072: start 6b2388e8-0560-444a-8e4b-0f808c784072@group-F183E1EDEDE0-LeaderStateImpl
2022-09-08 01:51:29,712 [6b2388e8-0560-444a-8e4b-0f808c784072@group-F183E1EDEDE0-LeaderElection6] INFO  segmented.SegmentedRaftLogWorker (SegmentedRaftLogWorker.java:startLogSegment(425)) - 6b2388e8-0560-444a-8e4b-0f808c784072@group-F183E1EDEDE0-SegmentedRaftLogWorker: Starting segment from index:0
2022-09-08 01:51:29,713 [6b2388e8-0560-444a-8e4b-0f808c784072@group-F183E1EDEDE0-SegmentedRaftLogWorker] INFO  segmented.SegmentedRaftLogWorker (SegmentedRaftLogWorker.java:execute(629)) - 6b2388e8-0560-444a-8e4b-0f808c784072@group-F183E1EDEDE0-SegmentedRaftLogWorker: created new log segment /home/runner/work/ozone/ozone/hadoop-ozone/integration-test/target/test-dir/MiniOzoneClusterImpl-4aa6bc8f-5b70-4167-bb18-fb485ad2a953/datanode-2/data/ratis/8bf46552-2b39-4077-8235-f183e1edede0/current/log_inprogress_0
2022-09-08 01:51:29,720 [6b2388e8-0560-444a-8e4b-0f808c784072@group-F183E1EDEDE0-LeaderElection6] INFO  server.RaftServer$Division (ServerState.java:setRaftConf(393)) - 6b2388e8-0560-444a-8e4b-0f808c784072@group-F183E1EDEDE0: set configuration 0: [6b2388e8-0560-444a-8e4b-0f808c784072|rpc:10.1.1.0:36431|dataStream:|priority:1], old=null
2022-09-08 01:51:30,520 [Listener at 127.0.0.1/38889] INFO  ozone.MiniOzoneClusterImpl (MiniOzoneClusterImpl.java:lambda$waitForClusterToBeReady$0(216)) - Nodes are ready. Got 3 of 3 DN Heartbeats.
2022-09-08 01:51:30,520 [Listener at 127.0.0.1/38889] INFO  ozone.MiniOzoneClusterImpl (MiniOzoneClusterImpl.java:lambda$waitForClusterToBeReady$0(219)) - Cluster exits safe mode
2022-09-08 01:51:30,520 [Listener at 127.0.0.1/38889] INFO  ozone.MiniOzoneClusterImpl (MiniOzoneClusterImpl.java:lambda$waitForClusterToBeReady$0(221)) - SCM became leader
]]></system-out>
    <rerunFailure type="java.lang.AssertionError">
      <stackTrace><![CDATA[java.lang.AssertionError
	at org.junit.Assert.fail(Assert.java:87)
	at org.junit.Assert.assertTrue(Assert.java:42)
	at org.junit.Assert.assertTrue(Assert.java:53)
	at org.apache.hadoop.hdds.scm.TestRatisPipelineLeader.testLeaderIdAfterLeaderChange(TestRatisPipelineLeader.java:119)
	at sun.reflect.NativeMethodAccessorImpl.invoke0(Native Method)
	at sun.reflect.NativeMethodAccessorImpl.invoke(NativeMethodAccessorImpl.java:62)
	at sun.reflect.DelegatingMethodAccessorImpl.invoke(DelegatingMethodAccessorImpl.java:43)
	at java.lang.reflect.Method.invoke(Method.java:498)
	at org.junit.platform.commons.util.ReflectionUtils.invokeMethod(ReflectionUtils.java:725)
	at org.junit.jupiter.engine.execution.MethodInvocation.proceed(MethodInvocation.java:60)
	at org.junit.jupiter.engine.execution.InvocationInterceptorChain$ValidatingInvocation.proceed(InvocationInterceptorChain.java:131)
	at org.junit.jupiter.engine.extension.TimeoutInvocation.proceed(TimeoutInvocation.java:46)
	at org.junit.jupiter.engine.extension.TimeoutExtension.intercept(TimeoutExtension.java:149)
	at org.junit.jupiter.engine.extension.TimeoutExtension.interceptTestableMethod(TimeoutExtension.java:140)
	at org.junit.jupiter.engine.extension.TimeoutExtension.interceptTestMethod(TimeoutExtension.java:84)
	at org.junit.jupiter.engine.execution.ExecutableInvoker$ReflectiveInterceptorCall.lambda$ofVoidMethod$0(ExecutableInvoker.java:115)
	at org.junit.jupiter.engine.execution.ExecutableInvoker.lambda$invoke$0(ExecutableInvoker.java:105)
	at org.junit.jupiter.engine.execution.InvocationInterceptorChain$InterceptedInvocation.proceed(InvocationInterceptorChain.java:106)
	at org.junit.jupiter.engine.execution.InvocationInterceptorChain.proceed(InvocationInterceptorChain.java:64)
	at org.junit.jupiter.engine.execution.InvocationInterceptorChain.chainAndInvoke(InvocationInterceptorChain.java:45)
	at org.junit.jupiter.engine.execution.InvocationInterceptorChain.invoke(InvocationInterceptorChain.java:37)
	at org.junit.jupiter.engine.execution.ExecutableInvoker.invoke(ExecutableInvoker.java:104)
	at org.junit.jupiter.engine.execution.ExecutableInvoker.invoke(ExecutableInvoker.java:98)
	at org.junit.jupiter.engine.descriptor.TestMethodTestDescriptor.lambda$invokeTestMethod$7(TestMethodTestDescriptor.java:214)
	at org.junit.platform.engine.support.hierarchical.ThrowableCollector.execute(ThrowableCollector.java:73)
	at org.junit.jupiter.engine.descriptor.TestMethodTestDescriptor.invokeTestMethod(TestMethodTestDescriptor.java:210)
	at org.junit.jupiter.engine.descriptor.TestMethodTestDescriptor.execute(TestMethodTestDescriptor.java:135)
	at org.junit.jupiter.engine.descriptor.TestMethodTestDescriptor.execute(TestMethodTestDescriptor.java:66)
	at org.junit.platform.engine.support.hierarchical.NodeTestTask.lambda$executeRecursively$6(NodeTestTask.java:151)
	at org.junit.platform.engine.support.hierarchical.ThrowableCollector.execute(ThrowableCollector.java:73)
	at org.junit.platform.engine.support.hierarchical.NodeTestTask.lambda$executeRecursively$8(NodeTestTask.java:141)
	at org.junit.platform.engine.support.hierarchical.Node.around(Node.java:137)
	at org.junit.platform.engine.support.hierarchical.NodeTestTask.lambda$executeRecursively$9(NodeTestTask.java:139)
	at org.junit.platform.engine.support.hierarchical.ThrowableCollector.execute(ThrowableCollector.java:73)
	at org.junit.platform.engine.support.hierarchical.NodeTestTask.executeRecursively(NodeTestTask.java:138)
	at org.junit.platform.engine.support.hierarchical.NodeTestTask.execute(NodeTestTask.java:95)
	at java.util.ArrayList.forEach(ArrayList.java:1259)
	at org.junit.platform.engine.support.hierarchical.SameThreadHierarchicalTestExecutorService.invokeAll(SameThreadHierarchicalTestExecutorService.java:41)
	at org.junit.platform.engine.support.hierarchical.NodeTestTask.lambda$executeRecursively$6(NodeTestTask.java:155)
	at org.junit.platform.engine.support.hierarchical.ThrowableCollector.execute(ThrowableCollector.java:73)
	at org.junit.platform.engine.support.hierarchical.NodeTestTask.lambda$executeRecursively$8(NodeTestTask.java:141)
	at org.junit.platform.engine.support.hierarchical.Node.around(Node.java:137)
	at org.junit.platform.engine.support.hierarchical.NodeTestTask.lambda$executeRecursively$9(NodeTestTask.java:139)
	at org.junit.platform.engine.support.hierarchical.ThrowableCollector.execute(ThrowableCollector.java:73)
	at org.junit.platform.engine.support.hierarchical.NodeTestTask.executeRecursively(NodeTestTask.java:138)
	at org.junit.platform.engine.support.hierarchical.NodeTestTask.execute(NodeTestTask.java:95)
	at java.util.ArrayList.forEach(ArrayList.java:1259)
	at org.junit.platform.engine.support.hierarchical.SameThreadHierarchicalTestExecutorService.invokeAll(SameThreadHierarchicalTestExecutorService.java:41)
	at org.junit.platform.engine.support.hierarchical.NodeTestTask.lambda$executeRecursively$6(NodeTestTask.java:155)
	at org.junit.platform.engine.support.hierarchical.ThrowableCollector.execute(ThrowableCollector.java:73)
	at org.junit.platform.engine.support.hierarchical.NodeTestTask.lambda$executeRecursively$8(NodeTestTask.java:141)
	at org.junit.platform.engine.support.hierarchical.Node.around(Node.java:137)
	at org.junit.platform.engine.support.hierarchical.NodeTestTask.lambda$executeRecursively$9(NodeTestTask.java:139)
	at org.junit.platform.engine.support.hierarchical.ThrowableCollector.execute(ThrowableCollector.java:73)
	at org.junit.platform.engine.support.hierarchical.NodeTestTask.executeRecursively(NodeTestTask.java:138)
	at org.junit.platform.engine.support.hierarchical.NodeTestTask.execute(NodeTestTask.java:95)
	at org.junit.platform.engine.support.hierarchical.SameThreadHierarchicalTestExecutorService.submit(SameThreadHierarchicalTestExecutorService.java:35)
	at org.junit.platform.engine.support.hierarchical.HierarchicalTestExecutor.execute(HierarchicalTestExecutor.java:57)
	at org.junit.platform.engine.support.hierarchical.HierarchicalTestEngine.execute(HierarchicalTestEngine.java:54)
	at org.junit.platform.launcher.core.EngineExecutionOrchestrator.execute(EngineExecutionOrchestrator.java:107)
	at org.junit.platform.launcher.core.EngineExecutionOrchestrator.execute(EngineExecutionOrchestrator.java:88)
	at org.junit.platform.launcher.core.EngineExecutionOrchestrator.lambda$execute$0(EngineExecutionOrchestrator.java:54)
	at org.junit.platform.launcher.core.EngineExecutionOrchestrator.withInterceptedStreams(EngineExecutionOrchestrator.java:67)
	at org.junit.platform.launcher.core.EngineExecutionOrchestrator.execute(EngineExecutionOrchestrator.java:52)
	at org.junit.platform.launcher.core.DefaultLauncher.execute(DefaultLauncher.java:114)
	at org.junit.platform.launcher.core.DefaultLauncher.execute(DefaultLauncher.java:86)
	at org.junit.platform.launcher.core.DefaultLauncherSession$DelegatingLauncher.execute(DefaultLauncherSession.java:86)
	at org.junit.platform.launcher.core.SessionPerRequestLauncher.execute(SessionPerRequestLauncher.java:53)
	at org.apache.maven.surefire.junitplatform.JUnitPlatformProvider.invokeAllTests(JUnitPlatformProvider.java:165)
	at org.apache.maven.surefire.junitplatform.JUnitPlatformProvider.invoke(JUnitPlatformProvider.java:124)
	at org.apache.maven.surefire.booter.ForkedBooter.runSuitesInProcess(ForkedBooter.java:428)
	at org.apache.maven.surefire.booter.ForkedBooter.execute(ForkedBooter.java:162)
	at org.apache.maven.surefire.booter.ForkedBooter.run(ForkedBooter.java:562)
	at org.apache.maven.surefire.booter.ForkedBooter.main(ForkedBooter.java:548)
]]></stackTrace>
      <system-out><![CDATA[2022-09-08 01:51:51,086 [Listener at 127.0.0.1/38889] WARN  server.ServerUtils (ServerUtils.java:getScmDbDir(148)) - ozone.scm.db.dirs is not configured. We recommend adding this setting. Falling back to ozone.metadata.dirs instead.
2022-09-08 01:51:51,089 [Listener at 127.0.0.1/38889] WARN  server.ServerUtils (ServerUtils.java:getScmDbDir(148)) - ozone.scm.db.dirs is not configured. We recommend adding this setting. Falling back to ozone.metadata.dirs instead.
2022-09-08 01:51:51,093 [Listener at 127.0.0.1/38889] INFO  ha.SCMHANodeDetails (SCMHANodeDetails.java:loadSCMHAConfig(209)) - ServiceID for StorageContainerManager is null
2022-09-08 01:51:51,093 [Listener at 127.0.0.1/38889] INFO  ha.SCMHANodeDetails (SCMHANodeDetails.java:loadSCMHAConfig(214)) - ozone.scm.default.service.id is not defined, falling back to ozone.scm.service.ids to find serviceID for StorageContainerManager if it is HA enabled cluster
2022-09-08 01:51:51,093 [Listener at 127.0.0.1/38889] WARN  utils.HAUtils (HAUtils.java:getMetaDir(342)) - ozone.scm.db.dirs is not configured. We recommend adding this setting. Falling back to ozone.metadata.dirs instead.
2022-09-08 01:51:51,094 [Listener at 127.0.0.1/38889] WARN  db.DBStoreBuilder (DBStoreBuilder.java:applyDBDefinition(144)) - ozone.scm.db.dirs is not configured. We recommend adding this setting. Falling back to ozone.metadata.dirs instead.
2022-09-08 01:51:51,239 [Listener at 127.0.0.1/38889] INFO  net.NodeSchemaLoader (NodeSchemaLoader.java:loadSchemaFromFile(129)) - Loading schema from [jar:file:/home/runner/.m2/repository/org/apache/ozone/hdds-common/1.3.0-SNAPSHOT/hdds-common-1.3.0-SNAPSHOT.jar!/network-topology-default.xml]
2022-09-08 01:51:51,239 [Listener at 127.0.0.1/38889] INFO  net.NodeSchemaLoader (NodeSchemaLoader.java:loadSchema(176)) - Loading network topology layer schema file
2022-09-08 01:51:51,244 [Listener at 127.0.0.1/38889] INFO  upgrade.AbstractLayoutVersionManager (AbstractLayoutVersionManager.java:init(83)) - Initializing Layout version manager with metadata layout = DATANODE_SCHEMA_V3 (version = 4), software layout = DATANODE_SCHEMA_V3 (version = 4)
2022-09-08 01:51:51,285 [Listener at 127.0.0.1/38889] INFO  reflections.Reflections (Reflections.java:scan(232)) - Reflections took 40 ms to scan 7 urls, producing 133 keys and 322 values 
2022-09-08 01:51:51,288 [Listener at 127.0.0.1/38889] INFO  ha.SequenceIdGenerator (SequenceIdGenerator.java:upgradeToSequenceId(349)) - upgrade localId to 109611004723200000
2022-09-08 01:51:51,288 [Listener at 127.0.0.1/38889] INFO  ha.SequenceIdGenerator (SequenceIdGenerator.java:upgradeToSequenceId(359)) - upgrade delTxnId to 0
2022-09-08 01:51:51,288 [Listener at 127.0.0.1/38889] INFO  ha.SequenceIdGenerator (SequenceIdGenerator.java:upgradeToSequenceId(376)) - upgrade containerId to 0
2022-09-08 01:51:51,288 [Listener at 127.0.0.1/38889] INFO  ha.SequenceIdGenerator (SequenceIdGenerator.java:<init>(220)) - Init the HA SequenceIdGenerator.
2022-09-08 01:51:51,289 [Listener at 127.0.0.1/38889] WARN  server.ServerUtils (ServerUtils.java:sanitizeUserArgs(73)) - ozone.scm.stale.node.interval value = 300000 is larger than max = 100000 based on the key value of ozone.scm.heartbeat.thread.interval, reset to the max value 100000.
2022-09-08 01:51:51,289 [Listener at 127.0.0.1/38889] WARN  server.ServerUtils (ServerUtils.java:sanitizeUserArgs(73)) - ozone.scm.stale.node.interval value = 300000 is larger than max = 100000 based on the key value of ozone.scm.heartbeat.thread.interval, reset to the max value 100000.
2022-09-08 01:51:51,289 [Listener at 127.0.0.1/38889] INFO  node.SCMNodeManager (SCMNodeManager.java:<init>(149)) - Entering startup safe mode.
2022-09-08 01:51:51,290 [Listener at 127.0.0.1/38889] INFO  algorithms.ContainerPlacementPolicyFactory (ContainerPlacementPolicyFactory.java:getPolicyInternal(86)) - Create container placement policy of type org.apache.hadoop.hdds.scm.container.placement.algorithms.SCMContainerPlacementRandom
2022-09-08 01:51:51,290 [Listener at 127.0.0.1/38889] INFO  algorithms.ContainerPlacementPolicyFactory (ContainerPlacementPolicyFactory.java:getPolicyInternal(86)) - Create container placement policy of type org.apache.hadoop.hdds.scm.container.placement.algorithms.SCMContainerPlacementRackScatter
2022-09-08 01:51:51,290 [Listener at 127.0.0.1/38889] INFO  pipeline.PipelineStateManagerImpl (PipelineStateManagerImpl.java:initialize(78)) - No pipeline exists in current db
2022-09-08 01:51:51,290 [Listener at 127.0.0.1/38889] INFO  algorithms.LeaderChoosePolicyFactory (LeaderChoosePolicyFactory.java:getPolicy(57)) - Create leader choose policy of type org.apache.hadoop.hdds.scm.pipeline.leader.choose.algorithms.MinLeaderCountChoosePolicy
2022-09-08 01:51:51,291 [Listener at 127.0.0.1/38889] INFO  algorithms.ContainerPlacementPolicyFactory (ContainerPlacementPolicyFactory.java:getPolicyInternal(86)) - Create container placement policy of type org.apache.hadoop.hdds.scm.container.placement.algorithms.SCMContainerPlacementRackScatter
2022-09-08 01:51:51,291 [Listener at 127.0.0.1/38889] INFO  ha.SCMServiceManager (SCMServiceManager.java:register(42)) - Registering service BackgroundPipelineCreator.
2022-09-08 01:51:51,291 [Listener at 127.0.0.1/38889] INFO  pipeline.BackgroundPipelineCreator (BackgroundPipelineCreator.java:start(124)) - Starting RatisPipelineUtilsThread.
2022-09-08 01:51:51,291 [Listener at 127.0.0.1/38889] INFO  BackgroundPipelineScrubber (BackgroundSCMService.java:start(68)) - Starting BackgroundPipelineScrubber Service.
2022-09-08 01:51:51,292 [Listener at 127.0.0.1/38889] INFO  ha.SCMServiceManager (SCMServiceManager.java:register(42)) - Registering service BackgroundPipelineScrubber.
2022-09-08 01:51:51,292 [Listener at 127.0.0.1/38889] INFO  ExpiredContainerReplicaOpScrubber (BackgroundSCMService.java:start(68)) - Starting ExpiredContainerReplicaOpScrubber Service.
2022-09-08 01:51:51,293 [Listener at 127.0.0.1/38889] INFO  ha.SCMServiceManager (SCMServiceManager.java:register(42)) - Registering service ExpiredContainerReplicaOpScrubber.
2022-09-08 01:51:51,294 [Listener at 127.0.0.1/38889] INFO  algorithms.PipelineChoosePolicyFactory (PipelineChoosePolicyFactory.java:createPipelineChoosePolicyFromClass(73)) - Create pipeline choose policy of type org.apache.hadoop.hdds.scm.pipeline.choose.algorithms.RandomPipelineChoosePolicy
2022-09-08 01:51:51,295 [Listener at 127.0.0.1/38889] INFO  ha.SCMServiceManager (SCMServiceManager.java:register(42)) - Registering service SCMBlockDeletingService.
2022-09-08 01:51:51,295 [Listener at 127.0.0.1/38889] INFO  replication.ReplicationManager (ReplicationManager.java:start(208)) - Starting Replication Monitor Thread.
2022-09-08 01:51:51,296 [Listener at 127.0.0.1/38889] INFO  UnderReplicatedQueueThread (BackgroundSCMService.java:start(68)) - Starting UnderReplicatedQueueThread Service.
2022-09-08 01:51:51,297 [Listener at 127.0.0.1/38889] INFO  ha.SCMServiceManager (SCMServiceManager.java:register(42)) - Registering service UnderReplicatedQueueThread.
2022-09-08 01:51:51,297 [Listener at 127.0.0.1/38889] INFO  OverReplicatedQueueThread (BackgroundSCMService.java:start(68)) - Starting OverReplicatedQueueThread Service.
2022-09-08 01:51:51,297 [Listener at 127.0.0.1/38889] INFO  ha.SCMServiceManager (SCMServiceManager.java:register(42)) - Registering service OverReplicatedQueueThread.
2022-09-08 01:51:51,297 [Listener at 127.0.0.1/38889] INFO  ha.SCMServiceManager (SCMServiceManager.java:register(42)) - Registering service ReplicationManager.
2022-09-08 01:51:51,298 [Listener at 127.0.0.1/38889] INFO  safemode.ContainerSafeModeRule (ContainerSafeModeRule.java:<init>(89)) - containers with one replica threshold count 0
2022-09-08 01:51:51,298 [Listener at 127.0.0.1/38889] INFO  safemode.HealthyPipelineSafeModeRule (HealthyPipelineSafeModeRule.java:initializeRule(169)) - Total pipeline count is 0, healthy pipeline threshold count is 1
2022-09-08 01:51:51,298 [Listener at 127.0.0.1/38889] INFO  safemode.OneReplicaPipelineSafeModeRule (OneReplicaPipelineSafeModeRule.java:initializeRule(180)) - Total pipeline count is 0, pipeline's with at least one datanode reported threshold count is 0
2022-09-08 01:51:51,300 [Listener at 127.0.0.1/38889] INFO  ipc.CallQueueManager (CallQueueManager.java:<init>(90)) - Using callQueue: class java.util.concurrent.LinkedBlockingQueue, queueCapacity: 2000, scheduler: class org.apache.hadoop.ipc.DefaultRpcScheduler, ipcBackoff: false.
2022-09-08 01:51:51,313 [ReplicationMonitor] INFO  replication.ReplicationManager (ReplicationManager.java:processAll(257)) - Replication Manager is not ready to run until 3000ms after safemode exit
2022-09-08 01:51:51,313 [Socket Reader #1 for port 0] INFO  ipc.Server (Server.java:run(1265)) - Starting Socket Reader #1 for port 0
2022-09-08 01:51:51,325 [Listener at 0.0.0.0/42597] INFO  ipc.CallQueueManager (CallQueueManager.java:<init>(90)) - Using callQueue: class java.util.concurrent.LinkedBlockingQueue, queueCapacity: 2000, scheduler: class org.apache.hadoop.ipc.DefaultRpcScheduler, ipcBackoff: false.
2022-09-08 01:51:51,326 [Socket Reader #1 for port 0] INFO  ipc.Server (Server.java:run(1265)) - Starting Socket Reader #1 for port 0
2022-09-08 01:51:51,327 [Listener at 0.0.0.0/44203] INFO  ipc.CallQueueManager (CallQueueManager.java:<init>(90)) - Using callQueue: class java.util.concurrent.LinkedBlockingQueue, queueCapacity: 2000, scheduler: class org.apache.hadoop.ipc.DefaultRpcScheduler, ipcBackoff: false.
2022-09-08 01:51:51,327 [Socket Reader #1 for port 0] INFO  ipc.Server (Server.java:run(1265)) - Starting Socket Reader #1 for port 0
2022-09-08 01:51:51,385 [Listener at 0.0.0.0/45139] INFO  ha.SCMServiceManager (SCMServiceManager.java:register(42)) - Registering service ContainerBalancer.
2022-09-08 01:51:51,385 [Listener at 0.0.0.0/45139] INFO  server.StorageContainerManager (StorageContainerManager.java:<init>(412)) - 
Container Balancer status:
Key                            Value
Running                        false
Container Balancer Configuration values:
Key                                                Value
Threshold                                          10
Max Datanodes to Involve per Iteration(percent)    20
Max Size to Move per Iteration                     500GB
Max Size Entering Target per Iteration             26GB
Max Size Leaving Source per Iteration              26GB

2022-09-08 01:51:51,385 [Listener at 0.0.0.0/45139] WARN  events.EventQueue (EventQueue.java:fireEvent(216)) - No event handler registered for event TypedEvent{payloadType=SafeModeStatus, name='Safe mode status'}
2022-09-08 01:51:51,385 [Listener at 0.0.0.0/45139] INFO  ha.SCMContext (SCMContext.java:updateSafeModeStatus(228)) - Update SafeModeStatus from SafeModeStatus{safeModeStatus=true, preCheckPassed=false} to SafeModeStatus{safeModeStatus=true, preCheckPassed=false}.
2022-09-08 01:51:51,386 [Listener at 0.0.0.0/45139] INFO  server.StorageContainerManager (StorageContainerManager.java:start(1466)) - StorageContainerLocationProtocol RPC server is listening at /0.0.0.0:45139
2022-09-08 01:51:51,388 [Listener at 0.0.0.0/45139] WARN  impl.MetricsConfig (MetricsConfig.java:loadFirst(136)) - Cannot locate configuration: tried hadoop-metrics2-storagecontainermanager.properties,hadoop-metrics2.properties
2022-09-08 01:51:51,390 [Listener at 0.0.0.0/45139] INFO  impl.MetricsSystemImpl (MetricsSystemImpl.java:startTimer(378)) - Scheduled Metric snapshot period at 10 second(s).
2022-09-08 01:51:51,390 [Listener at 0.0.0.0/45139] INFO  impl.MetricsSystemImpl (MetricsSystemImpl.java:start(191)) - StorageContainerManager metrics system started
2022-09-08 01:51:51,397 [Listener at 0.0.0.0/45139] INFO  impl.MetricsSinkAdapter (MetricsSinkAdapter.java:start(204)) - Sink prometheus started
2022-09-08 01:51:51,409 [Listener at 0.0.0.0/45139] INFO  impl.MetricsSystemImpl (MetricsSystemImpl.java:registerSink(305)) - Registered sink prometheus
2022-09-08 01:51:51,441 [Listener at 0.0.0.0/45139] INFO  server.SCMClientProtocolServer (SCMClientProtocolServer.java:start(170)) - RPC server for Client  is listening at /0.0.0.0:45139
2022-09-08 01:51:51,441 [IPC Server Responder] INFO  ipc.Server (Server.java:run(1507)) - IPC Server Responder: starting
2022-09-08 01:51:51,450 [IPC Server listener on 0] INFO  ipc.Server (Server.java:run(1344)) - IPC Server listener on 0: starting
2022-09-08 01:51:51,466 [Listener at 0.0.0.0/45139] INFO  server.StorageContainerManager (StorageContainerManager.java:start(1481)) - ScmBlockLocationProtocol RPC server is listening at /0.0.0.0:44203
2022-09-08 01:51:51,467 [Listener at 0.0.0.0/45139] INFO  server.SCMBlockProtocolServer (SCMBlockProtocolServer.java:start(152)) - RPC server for Block Protocol is listening at /0.0.0.0:44203
2022-09-08 01:51:51,468 [IPC Server Responder] INFO  ipc.Server (Server.java:run(1507)) - IPC Server Responder: starting
2022-09-08 01:51:51,468 [IPC Server listener on 0] INFO  ipc.Server (Server.java:run(1344)) - IPC Server listener on 0: starting
2022-09-08 01:51:51,470 [Listener at 0.0.0.0/45139] INFO  server.SCMDatanodeProtocolServer (SCMDatanodeProtocolServer.java:start(186)) - ScmDatanodeProtocol RPC server for DataNodes is listening at /0.0.0.0:42597
2022-09-08 01:51:51,471 [IPC Server Responder] INFO  ipc.Server (Server.java:run(1507)) - IPC Server Responder: starting
2022-09-08 01:51:51,471 [IPC Server listener on 0] INFO  ipc.Server (Server.java:run(1344)) - IPC Server listener on 0: starting
2022-09-08 01:51:51,481 [Listener at 0.0.0.0/45139] INFO  http.BaseHttpServer (BaseHttpServer.java:newHttpServer2BuilderForOzone(213)) - Starting Web-server for scm at: http://0.0.0.0:0
2022-09-08 01:51:51,481 [Listener at 0.0.0.0/45139] INFO  http.BaseHttpServer (BaseHttpServer.java:<init>(108)) - Hadoop Security Enabled: false Ozone Security Enabled: false Ozone HTTP Security Enabled: false 
2022-09-08 01:51:51,482 [Listener at 0.0.0.0/45139] INFO  server.AuthenticationFilter (AuthenticationFilter.java:constructSecretProvider(240)) - Unable to initialize FileSignerSecretProvider, falling back to use random secrets.
2022-09-08 01:51:51,484 [Listener at 0.0.0.0/45139] WARN  http.HttpRequestLog (HttpRequestLog.java:getRequestLog(103)) - Jetty request log can only be enabled using Log4j
2022-09-08 01:51:51,486 [Listener at 0.0.0.0/45139] INFO  http.HttpServer2 (HttpServer2.java:addGlobalFilter(1029)) - Added global filter 'safety' (class=org.apache.hadoop.hdds.server.http.HttpServer2$QuotingInputFilter)
2022-09-08 01:51:51,487 [Listener at 0.0.0.0/45139] INFO  http.HttpServer2 (HttpServer2.java:addFilter(1005)) - Added filter static_user_filter (class=org.apache.hadoop.http.lib.StaticUserWebFilter$StaticUserFilter) to context scm
2022-09-08 01:51:51,487 [Listener at 0.0.0.0/45139] INFO  http.HttpServer2 (HttpServer2.java:addFilter(1013)) - Added filter static_user_filter (class=org.apache.hadoop.http.lib.StaticUserWebFilter$StaticUserFilter) to context logs
2022-09-08 01:51:51,487 [Listener at 0.0.0.0/45139] INFO  http.HttpServer2 (HttpServer2.java:addFilter(1013)) - Added filter static_user_filter (class=org.apache.hadoop.http.lib.StaticUserWebFilter$StaticUserFilter) to context static
2022-09-08 01:51:51,487 [Listener at 0.0.0.0/45139] INFO  http.HttpServer2 (HttpServer2.java:bindListener(1248)) - Jetty bound to port 33931
2022-09-08 01:51:51,488 [Listener at 0.0.0.0/45139] INFO  server.Server (Server.java:doStart(375)) - jetty-9.4.43.v20210629; built: 2021-06-30T11:07:22.254Z; git: 526006ecfa3af7f1a27ef3a288e2bef7ea9dd7e8; jvm 1.8.0_345-b01
2022-09-08 01:51:51,496 [Listener at 0.0.0.0/45139] INFO  server.session (DefaultSessionIdManager.java:doStart(334)) - DefaultSessionIdManager workerName=node0
2022-09-08 01:51:51,496 [Listener at 0.0.0.0/45139] INFO  server.session (DefaultSessionIdManager.java:doStart(339)) - No SessionScavenger set, using defaults
2022-09-08 01:51:51,496 [Listener at 0.0.0.0/45139] INFO  server.session (HouseKeeper.java:startScavenging(132)) - node0 Scavenging every 660000ms
2022-09-08 01:51:51,497 [Listener at 0.0.0.0/45139] INFO  handler.ContextHandler (ContextHandler.java:doStart(915)) - Started o.e.j.s.ServletContextHandler@1d28a0a8{logs,/logs,file:///home/runner/work/ozone/ozone/hadoop-ozone/integration-test/target/log,AVAILABLE}
2022-09-08 01:51:51,497 [Listener at 0.0.0.0/45139] INFO  handler.ContextHandler (ContextHandler.java:doStart(915)) - Started o.e.j.s.ServletContextHandler@7248b33c{static,/static,file:///home/runner/work/ozone/ozone/hadoop-ozone/integration-test/target/test-classes/webapps/static,AVAILABLE}
2022-09-08 01:51:51,500 [Listener at 0.0.0.0/45139] INFO  handler.ContextHandler (ContextHandler.java:doStart(915)) - Started o.e.j.w.WebAppContext@36c8c89{scm,/,file:///home/runner/work/ozone/ozone/hadoop-ozone/integration-test/target/test-classes/webapps/scm/,AVAILABLE}{file:/home/runner/work/ozone/ozone/hadoop-ozone/integration-test/target/test-classes/webapps/scm}
2022-09-08 01:51:51,501 [org.apache.hadoop.util.JvmPauseMonitor$Monitor@249a58b6] INFO  util.JvmPauseMonitor (JvmPauseMonitor.java:run(188)) - Starting JVM pause monitor
2022-09-08 01:51:51,517 [Listener at 0.0.0.0/45139] INFO  server.AbstractConnector (AbstractConnector.java:doStart(331)) - Started ServerConnector@1ea24d3f{HTTP/1.1, (http/1.1)}{0.0.0.0:33931}
2022-09-08 01:51:51,517 [Listener at 0.0.0.0/45139] INFO  server.Server (Server.java:doStart(415)) - Started @43081ms
2022-09-08 01:51:51,517 [Listener at 0.0.0.0/45139] WARN  impl.MetricsSystemImpl (MetricsSystemImpl.java:register(279)) - Sink prometheus already exists!
2022-09-08 01:51:51,518 [Listener at 0.0.0.0/45139] INFO  http.BaseHttpServer (BaseHttpServer.java:updateConnectorAddress(333)) - HTTP server of scm listening at http://0.0.0.0:33931
2022-09-08 01:51:51,518 [Listener at 0.0.0.0/45139] WARN  server.ServerUtils (ServerUtils.java:getDBPath(225)) - ozone.om.db.dirs is not configured. We recommend adding this setting. Falling back to ozone.metadata.dirs instead.
2022-09-08 01:51:51,520 [Listener at 0.0.0.0/45139] INFO  ha.OMHANodeDetails (OMHANodeDetails.java:loadOMHAConfig(115)) - ozone.om.internal.service.id is not defined, falling back to ozone.om.service.ids to find serviceID for OzoneManager if it is HA enabled cluster
2022-09-08 01:51:51,520 [Listener at 0.0.0.0/45139] INFO  ha.OMHANodeDetails (OMHANodeDetails.java:loadOMHAConfig(226)) - Configuration does not have ozone.om.address set. Falling back to the default OM address /127.0.0.1:0
2022-09-08 01:51:51,520 [Listener at 0.0.0.0/45139] INFO  ha.OMHANodeDetails (OMHANodeDetails.java:getOMNodeDetailsForNonHA(254)) - OM Service ID is not set. Setting it to the default ID: omServiceIdDefault
2022-09-08 01:51:51,520 [Listener at 0.0.0.0/45139] INFO  ha.OMHANodeDetails (OMHANodeDetails.java:getOMNodeDetailsForNonHA(261)) - OM Node ID is not set. Setting it to the default ID: om1
2022-09-08 01:51:51,520 [Listener at 0.0.0.0/45139] WARN  server.ServerUtils (ServerUtils.java:getDBPath(225)) - ozone.om.db.dirs is not configured. We recommend adding this setting. Falling back to ozone.metadata.dirs instead.
2022-09-08 01:51:51,521 [Listener at 0.0.0.0/45139] INFO  upgrade.AbstractLayoutVersionManager (AbstractLayoutVersionManager.java:init(83)) - Initializing Layout version manager with metadata layout = MULTITENANCY_SCHEMA (version = 3), software layout = MULTITENANCY_SCHEMA (version = 3)
2022-09-08 01:51:51,723 [Listener at 0.0.0.0/45139] INFO  reflections.Reflections (Reflections.java:scan(232)) - Reflections took 201 ms to scan 2 urls, producing 153 keys and 427 values [using 2 cores]
2022-09-08 01:51:51,723 [Listener at 0.0.0.0/45139] INFO  upgrade.OMLayoutVersionManager (OMLayoutVersionManager.java:lambda$0(115)) - Skipping Upgrade Action MockOmUpgradeAction since it has been finalized.
2022-09-08 01:51:51,723 [Listener at 0.0.0.0/45139] WARN  server.ServerUtils (ServerUtils.java:getDBPath(225)) - ozone.om.db.dirs is not configured. We recommend adding this setting. Falling back to ozone.metadata.dirs instead.
2022-09-08 01:51:51,724 [Listener at 0.0.0.0/45139] INFO  proxy.SCMBlockLocationFailoverProxyProvider (SCMBlockLocationFailoverProxyProvider.java:<init>(114)) - Created block location fail-over proxy with 1 nodes: [nodeId=scmNodeId,nodeAddress=/0.0.0.0:44203]
2022-09-08 01:51:51,725 [Listener at 0.0.0.0/45139] INFO  proxy.SCMBlockLocationFailoverProxyProvider (SCMBlockLocationFailoverProxyProvider.java:<init>(114)) - Created block location fail-over proxy with 1 nodes: [nodeId=scmNodeId,nodeAddress=/0.0.0.0:44203]
2022-09-08 01:51:51,762 [Listener at 0.0.0.0/45139] WARN  server.ServerUtils (ServerUtils.java:getDBPath(225)) - ozone.om.db.dirs is not configured. We recommend adding this setting. Falling back to ozone.metadata.dirs instead.
2022-09-08 01:51:51,763 [Listener at 0.0.0.0/45139] INFO  codec.OmKeyInfoCodec (OmKeyInfoCodec.java:<init>(49)) - OmKeyInfoCodec ignorePipeline = true
2022-09-08 01:51:51,763 [Listener at 0.0.0.0/45139] INFO  codec.RepeatedOmKeyInfoCodec (RepeatedOmKeyInfoCodec.java:<init>(41)) - RepeatedOmKeyInfoCodec ignorePipeline = true
2022-09-08 01:51:51,987 [Listener at 0.0.0.0/45139] INFO  om.OzoneManager (OzoneManager.java:instantiateServices(707)) - S3 Multi-Tenancy is disabled
2022-09-08 01:51:51,989 [Listener at 0.0.0.0/45139] INFO  om.OzoneManager (OzoneManager.java:addS3GVolumeToDB(4298)) - Created Volume s3v With Owner runner required for S3Gateway operations.
2022-09-08 01:51:51,989 [Listener at 0.0.0.0/45139] WARN  server.ServerUtils (ServerUtils.java:getDefaultRatisDirectory(237)) - Storage directory for Ratis is not configured. It is a good idea to map this to an SSD disk. Falling back to ozone.metadata.dirs
2022-09-08 01:51:51,989 [Listener at 0.0.0.0/45139] WARN  utils.OzoneManagerRatisUtils (OzoneManagerRatisUtils.java:getOMRatisSnapshotDirectory(434)) - ozone.om.ratis.snapshot.dir is not configured. Falling back to ozone.metadata.dirs config
2022-09-08 01:51:51,990 [Listener at 0.0.0.0/45139] WARN  server.ServerUtils (ServerUtils.java:getDefaultRatisDirectory(237)) - Storage directory for Ratis is not configured. It is a good idea to map this to an SSD disk. Falling back to ozone.metadata.dirs
2022-09-08 01:51:51,991 [Listener at 0.0.0.0/45139] INFO  ratis.OzoneManagerRatisServer (OzoneManagerRatisServer.java:<init>(159)) - Instantiating OM Ratis server with groupID: omServiceIdDefault and peers: localhost:9872
2022-09-08 01:51:51,991 [Listener at 0.0.0.0/45139] INFO  ratis.OzoneManagerStateMachine (OzoneManagerStateMachine.java:loadSnapshotInfoFromDB(632)) - LastAppliedIndex is set from TransactionInfo from OM DB as (t:0, i:~)
2022-09-08 01:51:51,997 [Listener at 0.0.0.0/45139] INFO  server.RaftServer (ConfUtils.java:logGet(46)) - raft.rpc.type = GRPC (default)
2022-09-08 01:51:51,997 [Listener at 0.0.0.0/45139] INFO  grpc.GrpcFactory (GrpcFactory.java:checkPooledByteBufAllocatorUseCacheForAllThreads(48)) - PERFORMANCE WARNING: useCacheForAllThreads is true that may cause Netty to create a lot garbage objects and, as a result, trigger GC.
	It is recommended to disable useCacheForAllThreads by setting -Dorg.apache.ratis.thirdparty.io.netty.allocator.useCacheForAllThreads=false in command line.
2022-09-08 01:51:51,997 [Listener at 0.0.0.0/45139] INFO  grpc.GrpcConfigKeys (ConfUtils.java:logGet(46)) - raft.grpc.admin.port = -1 (default)
2022-09-08 01:51:52,006 [Listener at 0.0.0.0/45139] INFO  grpc.GrpcConfigKeys (ConfUtils.java:logGet(46)) - raft.grpc.server.port = 9872 (custom)
2022-09-08 01:51:52,006 [Listener at 0.0.0.0/45139] INFO  grpc.GrpcConfigKeys (ConfUtils.java:logGet(46)) - raft.grpc.client.port = -1 (default)
2022-09-08 01:51:52,006 [Listener at 0.0.0.0/45139] INFO  grpc.GrpcConfigKeys (ConfUtils.java:logGet(46)) - raft.grpc.server.port = 9872 (custom)
2022-09-08 01:51:52,006 [Listener at 0.0.0.0/45139] INFO  grpc.GrpcConfigKeys (ConfUtils.java:logGet(46)) - raft.grpc.server.port = 9872 (custom)
2022-09-08 01:51:52,006 [Listener at 0.0.0.0/45139] INFO  server.GrpcService (ConfUtils.java:logGet(46)) - raft.grpc.message.size.max = 33554432 (custom)
2022-09-08 01:51:52,007 [Listener at 0.0.0.0/45139] INFO  server.RaftServerConfigKeys (ConfUtils.java:logGet(46)) - raft.server.log.appender.buffer.byte-limit = 33554432 (custom)
2022-09-08 01:51:52,007 [Listener at 0.0.0.0/45139] INFO  server.GrpcService (ConfUtils.java:logGet(46)) - raft.grpc.flow.control.window = 1MB (=1048576) (default)
2022-09-08 01:51:52,007 [Listener at 0.0.0.0/45139] INFO  server.RaftServerConfigKeys (ConfUtils.java:logGet(46)) - raft.server.rpc.request.timeout = 3000ms (default)
2022-09-08 01:51:52,007 [Listener at 0.0.0.0/45139] INFO  grpc.GrpcConfigKeys (ConfUtils.java:logGet(46)) - raft.grpc.server.async.request.thread.pool.cached = true (default)
2022-09-08 01:51:52,007 [Listener at 0.0.0.0/45139] INFO  grpc.GrpcConfigKeys (ConfUtils.java:logGet(46)) - raft.grpc.server.async.request.thread.pool.size = 32 (default)
2022-09-08 01:51:52,009 [Listener at 0.0.0.0/45139] INFO  impl.DataStreamServerImpl (ConfUtils.java:logGet(46)) - raft.datastream.type = DISABLED (default)
2022-09-08 01:51:52,009 [Listener at 0.0.0.0/45139] INFO  server.RaftServerConfigKeys (ConfUtils.java:logGet(46)) - raft.server.threadpool.proxy.cached = true (default)
2022-09-08 01:51:52,009 [Listener at 0.0.0.0/45139] INFO  server.RaftServerConfigKeys (ConfUtils.java:logGet(46)) - raft.server.threadpool.proxy.size = 0 (default)
2022-09-08 01:51:52,009 [Listener at 0.0.0.0/45139] INFO  server.RaftServerConfigKeys (ConfUtils.java:logGet(46)) - raft.server.rpc.slowness.timeout = 120s (custom)
2022-09-08 01:51:52,009 [Listener at 0.0.0.0/45139] INFO  server.RaftServerConfigKeys (ConfUtils.java:logGet(46)) - raft.server.leaderelection.leader.step-down.wait-time = 10s (default)
2022-09-08 01:51:52,009 [Listener at 0.0.0.0/45139] INFO  server.RaftServerConfigKeys (ConfUtils.java:logGet(46)) - raft.server.storage.dir = [/home/runner/work/ozone/ozone/hadoop-ozone/integration-test/target/test-dir/MiniOzoneClusterImpl-51344073-2fe9-4e0e-b214-dcc669bc958a/ozone-meta/ratis] (custom)
2022-09-08 01:51:52,021 [Listener at 0.0.0.0/45139] INFO  server.RaftServer (RaftServerProxy.java:addNew(96)) - om1: addNew group-C5BA1605619E:[om1|rpc:localhost:9872|priority:0] returns group-C5BA1605619E:java.util.concurrent.CompletableFuture@4f260159[Not completed]
2022-09-08 01:51:52,021 [Listener at 0.0.0.0/45139] INFO  om.OzoneManager (OzoneManager.java:initializeRatisServer(1973)) - OzoneManager Ratis server initialized at port 9872
2022-09-08 01:51:52,022 [Listener at 0.0.0.0/45139] INFO  om.OzoneManager (OzoneManager.java:getRpcServer(1096)) - Creating RPC Server
2022-09-08 01:51:52,029 [pool-203-thread-1] INFO  server.RaftServer$Division (RaftServerImpl.java:<init>(190)) - om1: new RaftServerImpl for group-C5BA1605619E:[om1|rpc:localhost:9872|priority:0] with OzoneManagerStateMachine:uninitialized
2022-09-08 01:51:52,029 [pool-203-thread-1] INFO  server.RaftServerConfigKeys (ConfUtils.java:logGet(46)) - raft.server.rpc.timeout.min = 1s (custom)
2022-09-08 01:51:52,029 [pool-203-thread-1] INFO  server.RaftServerConfigKeys (ConfUtils.java:logGet(46)) - raft.server.rpc.timeout.max = 1200ms (custom)
2022-09-08 01:51:52,029 [pool-203-thread-1] INFO  server.RaftServerConfigKeys (ConfUtils.java:logGet(46)) - raft.server.rpc.sleep.time = 25ms (default)
2022-09-08 01:51:52,029 [pool-203-thread-1] INFO  server.RaftServerConfigKeys (ConfUtils.java:logGet(46)) - raft.server.rpc.slowness.timeout = 120s (custom)
2022-09-08 01:51:52,029 [pool-203-thread-1] INFO  server.RaftServerConfigKeys (ConfUtils.java:logGet(46)) - raft.server.leaderelection.leader.step-down.wait-time = 10s (default)
2022-09-08 01:51:52,029 [pool-203-thread-1] INFO  server.RaftServerConfigKeys (ConfUtils.java:logGet(46)) - raft.server.sleep.deviation.threshold = 300ms (default)
2022-09-08 01:51:52,030 [pool-203-thread-1] INFO  server.RaftServer$Division (ServerState.java:<init>(107)) - om1@group-C5BA1605619E: ConfigurationManager, init=-1: [om1|rpc:localhost:9872|priority:0], old=null, confs=<EMPTY_MAP>
2022-09-08 01:51:52,030 [pool-203-thread-1] INFO  server.RaftServerConfigKeys (ConfUtils.java:logGet(46)) - raft.server.storage.dir = [/home/runner/work/ozone/ozone/hadoop-ozone/integration-test/target/test-dir/MiniOzoneClusterImpl-51344073-2fe9-4e0e-b214-dcc669bc958a/ozone-meta/ratis] (custom)
2022-09-08 01:51:52,030 [pool-203-thread-1] INFO  server.RaftServerConfigKeys (ConfUtils.java:logGet(46)) - raft.server.log.corruption.policy = EXCEPTION (default)
2022-09-08 01:51:52,030 [pool-203-thread-1] INFO  server.RaftServerConfigKeys (ConfUtils.java:logGet(46)) - raft.server.storage.free-space.min = 0MB (=0) (default)
2022-09-08 01:51:52,030 [pool-203-thread-1] INFO  storage.RaftStorageDirectory (RaftStorageDirectoryImpl.java:analyzeStorage(135)) - The storage directory /home/runner/work/ozone/ozone/hadoop-ozone/integration-test/target/test-dir/MiniOzoneClusterImpl-51344073-2fe9-4e0e-b214-dcc669bc958a/ozone-meta/ratis/bf265839-605b-3f16-9796-c5ba1605619e does not exist. Creating ...
2022-09-08 01:51:52,036 [pool-203-thread-1] INFO  storage.RaftStorageDirectory (RaftStorageDirectoryImpl.java:tryLock(230)) - Lock on /home/runner/work/ozone/ozone/hadoop-ozone/integration-test/target/test-dir/MiniOzoneClusterImpl-51344073-2fe9-4e0e-b214-dcc669bc958a/ozone-meta/ratis/bf265839-605b-3f16-9796-c5ba1605619e/in_use.lock acquired by nodename 132736@fv-az38-857
2022-09-08 01:51:52,043 [pool-203-thread-1] INFO  storage.RaftStorage (RaftStorageImpl.java:format(89)) - Storage directory /home/runner/work/ozone/ozone/hadoop-ozone/integration-test/target/test-dir/MiniOzoneClusterImpl-51344073-2fe9-4e0e-b214-dcc669bc958a/ozone-meta/ratis/bf265839-605b-3f16-9796-c5ba1605619e has been successfully formatted.
2022-09-08 01:51:52,043 [pool-203-thread-1] INFO  server.RaftServerConfigKeys (ConfUtils.java:logGet(46)) - raft.server.notification.no-leader.timeout = 120s (custom)
2022-09-08 01:51:52,043 [pool-203-thread-1] INFO  server.RaftServerConfigKeys (ConfUtils.java:logGet(46)) - raft.server.log.use.memory = false (default)
2022-09-08 01:51:52,044 [pool-203-thread-1] INFO  server.RaftServerConfigKeys (ConfUtils.java:logGet(46)) - raft.server.log.purge.gap = 1000000 (custom)
2022-09-08 01:51:52,044 [pool-203-thread-1] INFO  server.RaftServerConfigKeys (ConfUtils.java:logGet(46)) - raft.server.log.appender.buffer.byte-limit = 33554432 (custom)
2022-09-08 01:51:52,044 [pool-203-thread-1] INFO  server.RaftServerConfigKeys (ConfUtils.java:logGet(46)) - raft.server.log.statemachine.data.read.timeout = 1000ms (default)
2022-09-08 01:51:52,044 [pool-203-thread-1] INFO  server.RaftServerConfigKeys (ConfUtils.java:logGet(46)) - raft.server.log.segment.size.max = 4194304 (custom)
2022-09-08 01:51:52,045 [pool-203-thread-1] INFO  server.RaftServerConfigKeys (ConfUtils.java:logGet(46)) - raft.server.log.segment.cache.num.max = 2 (custom)
2022-09-08 01:51:52,045 [pool-203-thread-1] INFO  server.RaftServerConfigKeys (ConfUtils.java:logGet(46)) - raft.server.log.segment.cache.size.max = 200MB (=209715200) (default)
2022-09-08 01:51:52,045 [pool-203-thread-1] INFO  segmented.SegmentedRaftLogWorker (SegmentedRaftLogWorker.java:<init>(187)) - new om1@group-C5BA1605619E-SegmentedRaftLogWorker for RaftStorageImpl:Storage Directory /home/runner/work/ozone/ozone/hadoop-ozone/integration-test/target/test-dir/MiniOzoneClusterImpl-51344073-2fe9-4e0e-b214-dcc669bc958a/ozone-meta/ratis/bf265839-605b-3f16-9796-c5ba1605619e
2022-09-08 01:51:52,045 [pool-203-thread-1] INFO  server.RaftServerConfigKeys (ConfUtils.java:logGet(46)) - raft.server.log.queue.byte-limit = 64MB (=67108864) (default)
2022-09-08 01:51:52,045 [pool-203-thread-1] INFO  server.RaftServerConfigKeys (ConfUtils.java:logGet(46)) - raft.server.log.queue.element-limit = 4096 (default)
2022-09-08 01:51:52,045 [pool-203-thread-1] INFO  server.RaftServerConfigKeys (ConfUtils.java:logGet(46)) - raft.server.log.segment.size.max = 4194304 (custom)
2022-09-08 01:51:52,045 [pool-203-thread-1] INFO  server.RaftServerConfigKeys (ConfUtils.java:logGet(46)) - raft.server.log.preallocated.size = 4194304 (custom)
2022-09-08 01:51:52,045 [pool-203-thread-1] INFO  server.RaftServerConfigKeys (ConfUtils.java:logGet(46)) - raft.server.log.force.sync.num = 128 (default)
2022-09-08 01:51:52,045 [pool-203-thread-1] INFO  server.RaftServerConfigKeys (ConfUtils.java:logGet(46)) - raft.server.log.statemachine.data.sync = true (default)
2022-09-08 01:51:52,045 [pool-203-thread-1] INFO  server.RaftServerConfigKeys (ConfUtils.java:logGet(46)) - raft.server.log.statemachine.data.sync.timeout = 10s (default)
2022-09-08 01:51:52,045 [pool-203-thread-1] INFO  server.RaftServerConfigKeys (ConfUtils.java:logGet(46)) - raft.server.log.statemachine.data.sync.timeout.retry = -1 (default)
2022-09-08 01:51:52,055 [pool-203-thread-1] INFO  server.RaftServerConfigKeys (ConfUtils.java:logGet(46)) - raft.server.log.write.buffer.size = 64KB (=65536) (default)
2022-09-08 01:51:52,055 [pool-203-thread-1] INFO  server.RaftServerConfigKeys (ConfUtils.java:logGet(46)) - raft.server.log.unsafe-flush.enabled = false (default)
2022-09-08 01:51:52,055 [pool-203-thread-1] INFO  server.RaftServerConfigKeys (ConfUtils.java:logGet(46)) - raft.server.log.statemachine.data.caching.enabled = false (default)
2022-09-08 01:51:52,055 [pool-203-thread-1] INFO  segmented.SegmentedRaftLogWorker (SegmentedRaftLogWorker.java:lambda$new$0(135)) - om1@group-C5BA1605619E-SegmentedRaftLogWorker: flushIndex: setUnconditionally 0 -> -1
2022-09-08 01:51:52,055 [pool-203-thread-1] INFO  segmented.SegmentedRaftLogWorker (SegmentedRaftLogWorker.java:lambda$new$0(135)) - om1@group-C5BA1605619E-SegmentedRaftLogWorker: safeCacheEvictIndex: setUnconditionally 0 -> -1
2022-09-08 01:51:52,089 [pool-203-thread-1] INFO  server.RaftServerConfigKeys (ConfUtils.java:logGet(46)) - raft.server.snapshot.auto.trigger.enabled = true (custom)
2022-09-08 01:51:52,089 [pool-203-thread-1] INFO  server.RaftServerConfigKeys (ConfUtils.java:logGet(46)) - raft.server.snapshot.auto.trigger.threshold = 400000 (default)
2022-09-08 01:51:52,089 [pool-203-thread-1] INFO  server.RaftServerConfigKeys (ConfUtils.java:logGet(46)) - raft.server.snapshot.retention.file.num = -1 (default)
2022-09-08 01:51:52,089 [pool-203-thread-1] INFO  server.RaftServerConfigKeys (ConfUtils.java:logGet(46)) - raft.server.log.purge.upto.snapshot.index = true (custom)
2022-09-08 01:51:52,089 [pool-203-thread-1] INFO  server.RaftServerConfigKeys (ConfUtils.java:logGet(46)) - raft.server.retrycache.expirytime = 300s (custom)
2022-09-08 01:51:52,089 [pool-203-thread-1] INFO  server.RaftServerConfigKeys (ConfUtils.java:logGet(46)) - raft.server.retrycache.statistics.expirytime = 100μs (default)
2022-09-08 01:51:52,090 [pool-203-thread-1] INFO  server.RaftServerConfigKeys (ConfUtils.java:logGet(46)) - raft.server.log.appender.install.snapshot.enabled = false (custom)
2022-09-08 01:51:52,090 [pool-203-thread-1] INFO  server.RaftServerConfigKeys (ConfUtils.java:logGet(46)) - raft.server.threadpool.server.cached = true (default)
2022-09-08 01:51:52,090 [pool-203-thread-1] INFO  server.RaftServerConfigKeys (ConfUtils.java:logGet(46)) - raft.server.threadpool.server.size = 0 (default)
2022-09-08 01:51:52,090 [pool-203-thread-1] INFO  server.RaftServerConfigKeys (ConfUtils.java:logGet(46)) - raft.server.threadpool.client.cached = true (default)
2022-09-08 01:51:52,090 [pool-203-thread-1] INFO  server.RaftServerConfigKeys (ConfUtils.java:logGet(46)) - raft.server.threadpool.client.size = 0 (default)
2022-09-08 01:51:52,878 [Listener at 0.0.0.0/45139] INFO  reflections.Reflections (Reflections.java:scan(232)) - Reflections took 855 ms to scan 19 urls, producing 67 keys and 4167 values [using 2 cores]
2022-09-08 01:51:52,880 [Listener at 0.0.0.0/45139] INFO  ipc.CallQueueManager (CallQueueManager.java:<init>(90)) - Using callQueue: class java.util.concurrent.LinkedBlockingQueue, queueCapacity: 2000, scheduler: class org.apache.hadoop.ipc.DefaultRpcScheduler, ipcBackoff: false.
2022-09-08 01:51:52,882 [Socket Reader #1 for port 0] INFO  ipc.Server (Server.java:run(1265)) - Starting Socket Reader #1 for port 0
2022-09-08 01:51:52,944 [Listener at 127.0.0.1/35669] INFO  impl.MetricsSystemImpl (MetricsSystemImpl.java:init(158)) - OzoneManager metrics system started (again)
2022-09-08 01:51:52,986 [Listener at 127.0.0.1/35669] INFO  om.OzoneManager (OzoneManager.java:start(1480)) - OzoneManager RPC server is listening at localhost/127.0.0.1:35669
2022-09-08 01:51:52,987 [Listener at 127.0.0.1/35669] INFO  ratis.OzoneManagerRatisServer (OzoneManagerRatisServer.java:start(554)) - Starting OzoneManagerRatisServer om1 at port 9872
2022-09-08 01:51:52,987 [om1-impl-thread1] INFO  server.RaftServer$Division (RaftServerImpl.java:start(310)) - om1@group-C5BA1605619E: start as a follower, conf=-1: [om1|rpc:localhost:9872|priority:0], old=null
2022-09-08 01:51:52,987 [om1-impl-thread1] INFO  server.RaftServer$Division (RaftServerImpl.java:setRole(299)) - om1@group-C5BA1605619E: changes role from      null to FOLLOWER at term 0 for startAsFollower
2022-09-08 01:51:52,987 [om1-impl-thread1] INFO  impl.RoleInfo (RoleInfo.java:updateAndGet(139)) - om1: start om1@group-C5BA1605619E-FollowerState
2022-09-08 01:51:52,993 [om1-impl-thread1] INFO  util.JmxRegister (JmxRegister.java:tryRegister(44)) - Successfully registered JMX Bean with object name Ratis:service=RaftServer,group=group-C5BA1605619E,id=om1
2022-09-08 01:51:52,993 [Listener at 127.0.0.1/35669] INFO  server.RaftServer (RaftServerProxy.java:lambda$start$6(382)) - om1: start RPC server
2022-09-08 01:51:53,019 [Listener at 127.0.0.1/35669] INFO  server.GrpcService (GrpcService.java:startImpl(260)) - om1: GrpcService started, listening on 9872
2022-09-08 01:51:53,019 [Listener at 127.0.0.1/35669] INFO  om.OzoneManager (OzoneManager.java:start(1496)) - Version File has different layout version (3) than OM DB (null). That is expected if this OM has never been finalized to a newer layout version.
2022-09-08 01:51:53,020 [org.apache.ratis.util.JvmPauseMonitor$$Lambda$687/845490267@7e44f0ae] INFO  util.JvmPauseMonitor (JvmPauseMonitor.java:run(103)) - JvmPauseMonitor-om1: Started
2022-09-08 01:51:53,041 [Listener at 127.0.0.1/35669] INFO  http.BaseHttpServer (BaseHttpServer.java:newHttpServer2BuilderForOzone(213)) - Starting Web-server for ozoneManager at: http://0.0.0.0:0
2022-09-08 01:51:53,041 [Listener at 127.0.0.1/35669] INFO  http.BaseHttpServer (BaseHttpServer.java:<init>(108)) - Hadoop Security Enabled: false Ozone Security Enabled: false Ozone HTTP Security Enabled: false 
2022-09-08 01:51:53,042 [Listener at 127.0.0.1/35669] INFO  server.AuthenticationFilter (AuthenticationFilter.java:constructSecretProvider(240)) - Unable to initialize FileSignerSecretProvider, falling back to use random secrets.
2022-09-08 01:51:53,050 [Listener at 127.0.0.1/35669] WARN  http.HttpRequestLog (HttpRequestLog.java:getRequestLog(103)) - Jetty request log can only be enabled using Log4j
2022-09-08 01:51:53,053 [Listener at 127.0.0.1/35669] INFO  http.HttpServer2 (HttpServer2.java:addGlobalFilter(1029)) - Added global filter 'safety' (class=org.apache.hadoop.hdds.server.http.HttpServer2$QuotingInputFilter)
2022-09-08 01:51:53,054 [Listener at 127.0.0.1/35669] INFO  http.HttpServer2 (HttpServer2.java:addFilter(1005)) - Added filter static_user_filter (class=org.apache.hadoop.http.lib.StaticUserWebFilter$StaticUserFilter) to context ozoneManager
2022-09-08 01:51:53,054 [Listener at 127.0.0.1/35669] INFO  http.HttpServer2 (HttpServer2.java:addFilter(1013)) - Added filter static_user_filter (class=org.apache.hadoop.http.lib.StaticUserWebFilter$StaticUserFilter) to context static
2022-09-08 01:51:53,054 [Listener at 127.0.0.1/35669] INFO  http.HttpServer2 (HttpServer2.java:addFilter(1013)) - Added filter static_user_filter (class=org.apache.hadoop.http.lib.StaticUserWebFilter$StaticUserFilter) to context logs
2022-09-08 01:51:53,056 [Listener at 127.0.0.1/35669] INFO  http.HttpServer2 (HttpServer2.java:bindListener(1248)) - Jetty bound to port 37607
2022-09-08 01:51:53,056 [Listener at 127.0.0.1/35669] INFO  server.Server (Server.java:doStart(375)) - jetty-9.4.43.v20210629; built: 2021-06-30T11:07:22.254Z; git: 526006ecfa3af7f1a27ef3a288e2bef7ea9dd7e8; jvm 1.8.0_345-b01
2022-09-08 01:51:53,101 [Listener at 127.0.0.1/35669] INFO  server.session (DefaultSessionIdManager.java:doStart(334)) - DefaultSessionIdManager workerName=node0
2022-09-08 01:51:53,101 [Listener at 127.0.0.1/35669] INFO  server.session (DefaultSessionIdManager.java:doStart(339)) - No SessionScavenger set, using defaults
2022-09-08 01:51:53,101 [Listener at 127.0.0.1/35669] INFO  server.session (HouseKeeper.java:startScavenging(132)) - node0 Scavenging every 600000ms
2022-09-08 01:51:53,113 [Listener at 127.0.0.1/35669] INFO  handler.ContextHandler (ContextHandler.java:doStart(915)) - Started o.e.j.s.ServletContextHandler@32c26e28{logs,/logs,file:///home/runner/work/ozone/ozone/hadoop-ozone/integration-test/target/log,AVAILABLE}
2022-09-08 01:51:53,114 [Listener at 127.0.0.1/35669] INFO  handler.ContextHandler (ContextHandler.java:doStart(915)) - Started o.e.j.s.ServletContextHandler@4f5a0b3d{static,/static,file:///home/runner/work/ozone/ozone/hadoop-ozone/integration-test/target/test-classes/webapps/static,AVAILABLE}
2022-09-08 01:51:53,118 [Listener at 127.0.0.1/35669] INFO  handler.ContextHandler (ContextHandler.java:doStart(915)) - Started o.e.j.w.WebAppContext@2ba29fef{ozoneManager,/,file:///home/runner/work/ozone/ozone/hadoop-ozone/integration-test/target/test-classes/webapps/ozoneManager/,AVAILABLE}{file:/home/runner/work/ozone/ozone/hadoop-ozone/integration-test/target/test-classes/webapps/ozoneManager}
2022-09-08 01:51:53,119 [Listener at 127.0.0.1/35669] INFO  server.AbstractConnector (AbstractConnector.java:doStart(331)) - Started ServerConnector@4b5b2400{HTTP/1.1, (http/1.1)}{0.0.0.0:37607}
2022-09-08 01:51:53,119 [Listener at 127.0.0.1/35669] INFO  server.Server (Server.java:doStart(415)) - Started @44683ms
2022-09-08 01:51:53,119 [Listener at 127.0.0.1/35669] WARN  impl.MetricsSystemImpl (MetricsSystemImpl.java:register(279)) - Sink prometheus already exists!
2022-09-08 01:51:53,120 [Listener at 127.0.0.1/35669] INFO  http.BaseHttpServer (BaseHttpServer.java:updateConnectorAddress(333)) - HTTP server of ozoneManager listening at http://0.0.0.0:37607
2022-09-08 01:51:53,120 [IPC Server Responder] INFO  ipc.Server (Server.java:run(1507)) - IPC Server Responder: starting
2022-09-08 01:51:53,120 [IPC Server listener on 0] INFO  ipc.Server (Server.java:run(1344)) - IPC Server listener on 0: starting
2022-09-08 01:51:53,123 [Listener at 127.0.0.1/35669] INFO  om.OzoneManager (OzoneManager.java:startTrashEmptier(1917)) - Trash Interval set to 0. Files deleted won't move to trash
2022-09-08 01:51:53,149 [org.apache.hadoop.util.JvmPauseMonitor$Monitor@50e3d78a] INFO  util.JvmPauseMonitor (JvmPauseMonitor.java:run(188)) - Starting JVM pause monitor
2022-09-08 01:51:53,167 [Listener at 127.0.0.1/35669] WARN  impl.MetricRegistriesImpl (MetricRegistriesImpl.java:addReporterRegistration(111)) - New reporters are added after registries were created. Some metrics will be missing from the reporter. Please add reporter before adding any new registry.
2022-09-08 01:51:53,167 [Listener at 127.0.0.1/35669] WARN  impl.MetricRegistriesImpl (MetricRegistriesImpl.java:addReporterRegistration(111)) - New reporters are added after registries were created. Some metrics will be missing from the reporter. Please add reporter before adding any new registry.
2022-09-08 01:51:53,167 [Listener at 127.0.0.1/35669] INFO  impl.MetricsSystemImpl (MetricsSystemImpl.java:init(158)) - HddsDatanode metrics system started (again)
2022-09-08 01:51:53,203 [Listener at 127.0.0.1/35669] INFO  ozone.HddsDatanodeService (HddsDatanodeService.java:start(236)) - HddsDatanodeService host:fv-az38-857.qiceih3q1hfe5a3ai3y3qk2fta.cx.internal.cloudapp.net ip:10.1.1.0
2022-09-08 01:51:53,246 [Listener at 127.0.0.1/35669] INFO  upgrade.AbstractLayoutVersionManager (AbstractLayoutVersionManager.java:init(83)) - Initializing Layout version manager with metadata layout = DATANODE_SCHEMA_V3 (version = 4), software layout = DATANODE_SCHEMA_V3 (version = 4)
2022-09-08 01:51:53,320 [Listener at 127.0.0.1/35669] INFO  reflections.Reflections (Reflections.java:scan(232)) - Reflections took 73 ms to scan 7 urls, producing 133 keys and 322 values 
2022-09-08 01:51:53,322 [Listener at 127.0.0.1/35669] INFO  statemachine.DatanodeStateMachine (DatanodeStateMachine.java:getEndPointTaskThreadPoolSize(237)) - Datanode State Machine Task Thread Pool size 2
2022-09-08 01:51:53,334 [Listener at 127.0.0.1/35669] INFO  volume.HddsVolume (HddsVolume.java:<init>(117)) - Creating HddsVolume: /home/runner/work/ozone/ozone/hadoop-ozone/integration-test/target/test-dir/MiniOzoneClusterImpl-51344073-2fe9-4e0e-b214-dcc669bc958a/datanode-0/data-0/containers/hdds of storage type : DISK capacity : 9223372036854775807
2022-09-08 01:51:53,334 [Listener at 127.0.0.1/35669] INFO  volume.MutableVolumeSet (MutableVolumeSet.java:initializeVolumeSet(174)) - Added Volume : /home/runner/work/ozone/ozone/hadoop-ozone/integration-test/target/test-dir/MiniOzoneClusterImpl-51344073-2fe9-4e0e-b214-dcc669bc958a/datanode-0/data-0/containers/hdds to VolumeSet
2022-09-08 01:51:53,334 [Listener at 127.0.0.1/35669] INFO  volume.ThrottledAsyncChecker (ThrottledAsyncChecker.java:schedule(141)) - Scheduling a check for /home/runner/work/ozone/ozone/hadoop-ozone/integration-test/target/test-dir/MiniOzoneClusterImpl-51344073-2fe9-4e0e-b214-dcc669bc958a/datanode-0/data-0/containers/hdds
2022-09-08 01:51:53,349 [Listener at 127.0.0.1/35669] INFO  volume.StorageVolumeChecker (StorageVolumeChecker.java:checkAllVolumes(202)) - Scheduled health check for volume /home/runner/work/ozone/ozone/hadoop-ozone/integration-test/target/test-dir/MiniOzoneClusterImpl-51344073-2fe9-4e0e-b214-dcc669bc958a/datanode-0/data-0/containers/hdds
2022-09-08 01:51:53,360 [Listener at 127.0.0.1/35669] INFO  volume.MutableVolumeSet (MutableVolumeSet.java:initializeVolumeSet(174)) - Added Volume : /home/runner/work/ozone/ozone/hadoop-ozone/integration-test/target/test-dir/MiniOzoneClusterImpl-51344073-2fe9-4e0e-b214-dcc669bc958a/datanode-0/data/ratis to VolumeSet
2022-09-08 01:51:53,360 [Listener at 127.0.0.1/35669] INFO  volume.ThrottledAsyncChecker (ThrottledAsyncChecker.java:schedule(141)) - Scheduling a check for /home/runner/work/ozone/ozone/hadoop-ozone/integration-test/target/test-dir/MiniOzoneClusterImpl-51344073-2fe9-4e0e-b214-dcc669bc958a/datanode-0/data/ratis
2022-09-08 01:51:53,373 [Listener at 127.0.0.1/35669] INFO  volume.StorageVolumeChecker (StorageVolumeChecker.java:checkAllVolumes(202)) - Scheduled health check for volume /home/runner/work/ozone/ozone/hadoop-ozone/integration-test/target/test-dir/MiniOzoneClusterImpl-51344073-2fe9-4e0e-b214-dcc669bc958a/datanode-0/data/ratis
2022-09-08 01:51:53,393 [Thread-411] INFO  ozoneimpl.ContainerReader (ContainerReader.java:readVolume(175)) - Finish verifying containers on volume /home/runner/work/ozone/ozone/hadoop-ozone/integration-test/target/test-dir/MiniOzoneClusterImpl-51344073-2fe9-4e0e-b214-dcc669bc958a/datanode-0/data-0/containers/hdds
2022-09-08 01:51:53,393 [Listener at 127.0.0.1/35669] INFO  ozoneimpl.OzoneContainer (OzoneContainer.java:buildContainerSet(300)) - Build ContainerSet costs 0s
2022-09-08 01:51:53,395 [Listener at 127.0.0.1/35669] INFO  server.RaftServer (ConfUtils.java:logGet(46)) - raft.rpc.type = GRPC (default)
2022-09-08 01:51:53,396 [Listener at 127.0.0.1/35669] INFO  grpc.GrpcFactory (GrpcFactory.java:checkPooledByteBufAllocatorUseCacheForAllThreads(48)) - PERFORMANCE WARNING: useCacheForAllThreads is true that may cause Netty to create a lot garbage objects and, as a result, trigger GC.
	It is recommended to disable useCacheForAllThreads by setting -Dorg.apache.ratis.thirdparty.io.netty.allocator.useCacheForAllThreads=false in command line.
2022-09-08 01:51:53,396 [Listener at 127.0.0.1/35669] INFO  grpc.GrpcConfigKeys (ConfUtils.java:logGet(46)) - raft.grpc.admin.port = 0 (custom)
2022-09-08 01:51:53,396 [Listener at 127.0.0.1/35669] INFO  grpc.GrpcConfigKeys (ConfUtils.java:logGet(46)) - raft.grpc.client.port = 0 (custom)
2022-09-08 01:51:53,397 [Listener at 127.0.0.1/35669] INFO  grpc.GrpcConfigKeys (ConfUtils.java:logGet(46)) - raft.grpc.server.port = 0 (default)
2022-09-08 01:51:53,397 [Listener at 127.0.0.1/35669] INFO  server.GrpcService (ConfUtils.java:logGet(46)) - raft.grpc.message.size.max = 32MB (=33554432) (custom)
2022-09-08 01:51:53,397 [Listener at 127.0.0.1/35669] INFO  server.RaftServerConfigKeys (ConfUtils.java:logGet(46)) - raft.server.log.appender.buffer.byte-limit = 33554432 (custom)
2022-09-08 01:51:53,397 [Listener at 127.0.0.1/35669] INFO  server.GrpcService (ConfUtils.java:logGet(46)) - raft.grpc.flow.control.window = 5MB (=5242880) (custom)
2022-09-08 01:51:53,397 [Listener at 127.0.0.1/35669] INFO  server.RaftServerConfigKeys (ConfUtils.java:logGet(46)) - raft.server.rpc.request.timeout = 60s (custom)
2022-09-08 01:51:53,397 [Listener at 127.0.0.1/35669] INFO  grpc.GrpcConfigKeys (ConfUtils.java:logGet(46)) - raft.grpc.server.async.request.thread.pool.cached = true (default)
2022-09-08 01:51:53,397 [Listener at 127.0.0.1/35669] INFO  grpc.GrpcConfigKeys (ConfUtils.java:logGet(46)) - raft.grpc.server.async.request.thread.pool.size = 32 (default)
2022-09-08 01:51:53,399 [Listener at 127.0.0.1/35669] INFO  impl.DataStreamServerImpl (ConfUtils.java:logGet(46)) - raft.datastream.type = DISABLED (default)
2022-09-08 01:51:53,399 [Listener at 127.0.0.1/35669] INFO  server.RaftServerConfigKeys (ConfUtils.java:logGet(46)) - raft.server.threadpool.proxy.cached = true (default)
2022-09-08 01:51:53,399 [Listener at 127.0.0.1/35669] INFO  server.RaftServerConfigKeys (ConfUtils.java:logGet(46)) - raft.server.threadpool.proxy.size = 0 (default)
2022-09-08 01:51:53,399 [Listener at 127.0.0.1/35669] INFO  server.RaftServerConfigKeys (ConfUtils.java:logGet(46)) - raft.server.rpc.slowness.timeout = 300s (custom)
2022-09-08 01:51:53,399 [Listener at 127.0.0.1/35669] INFO  server.RaftServerConfigKeys (ConfUtils.java:logGet(46)) - raft.server.leaderelection.leader.step-down.wait-time = 10s (default)
2022-09-08 01:51:53,399 [Listener at 127.0.0.1/35669] INFO  server.RaftServerConfigKeys (ConfUtils.java:logGet(46)) - raft.server.storage.dir = [/home/runner/work/ozone/ozone/hadoop-ozone/integration-test/target/test-dir/MiniOzoneClusterImpl-51344073-2fe9-4e0e-b214-dcc669bc958a/datanode-0/data/ratis] (custom)
2022-09-08 01:51:53,406 [Listener at 127.0.0.1/35669] INFO  server.XceiverServerGrpc (XceiverServerGrpc.java:<init>(132)) - GrpcServer channel type EpollServerSocketChannel
2022-09-08 01:51:53,416 [Listener at 127.0.0.1/35669] INFO  http.BaseHttpServer (BaseHttpServer.java:newHttpServer2BuilderForOzone(213)) - Starting Web-server for hddsDatanode at: http://0.0.0.0:0
2022-09-08 01:51:53,416 [Listener at 127.0.0.1/35669] INFO  http.BaseHttpServer (BaseHttpServer.java:<init>(108)) - Hadoop Security Enabled: false Ozone Security Enabled: false Ozone HTTP Security Enabled: false 
2022-09-08 01:51:53,417 [Listener at 127.0.0.1/35669] INFO  server.AuthenticationFilter (AuthenticationFilter.java:constructSecretProvider(240)) - Unable to initialize FileSignerSecretProvider, falling back to use random secrets.
2022-09-08 01:51:53,418 [Listener at 127.0.0.1/35669] WARN  http.HttpRequestLog (HttpRequestLog.java:getRequestLog(103)) - Jetty request log can only be enabled using Log4j
2022-09-08 01:51:53,419 [Listener at 127.0.0.1/35669] INFO  http.HttpServer2 (HttpServer2.java:addGlobalFilter(1029)) - Added global filter 'safety' (class=org.apache.hadoop.hdds.server.http.HttpServer2$QuotingInputFilter)
2022-09-08 01:51:53,420 [Listener at 127.0.0.1/35669] INFO  http.HttpServer2 (HttpServer2.java:addFilter(1005)) - Added filter static_user_filter (class=org.apache.hadoop.http.lib.StaticUserWebFilter$StaticUserFilter) to context hddsDatanode
2022-09-08 01:51:53,420 [Listener at 127.0.0.1/35669] INFO  http.HttpServer2 (HttpServer2.java:addFilter(1013)) - Added filter static_user_filter (class=org.apache.hadoop.http.lib.StaticUserWebFilter$StaticUserFilter) to context static
2022-09-08 01:51:53,420 [Listener at 127.0.0.1/35669] INFO  http.HttpServer2 (HttpServer2.java:addFilter(1013)) - Added filter static_user_filter (class=org.apache.hadoop.http.lib.StaticUserWebFilter$StaticUserFilter) to context logs
2022-09-08 01:51:53,420 [Listener at 127.0.0.1/35669] INFO  http.HttpServer2 (HttpServer2.java:bindListener(1248)) - Jetty bound to port 44201
2022-09-08 01:51:53,421 [Listener at 127.0.0.1/35669] INFO  server.Server (Server.java:doStart(375)) - jetty-9.4.43.v20210629; built: 2021-06-30T11:07:22.254Z; git: 526006ecfa3af7f1a27ef3a288e2bef7ea9dd7e8; jvm 1.8.0_345-b01
2022-09-08 01:51:53,473 [Listener at 127.0.0.1/35669] INFO  server.session (DefaultSessionIdManager.java:doStart(334)) - DefaultSessionIdManager workerName=node0
2022-09-08 01:51:53,473 [Listener at 127.0.0.1/35669] INFO  server.session (DefaultSessionIdManager.java:doStart(339)) - No SessionScavenger set, using defaults
2022-09-08 01:51:53,473 [Listener at 127.0.0.1/35669] INFO  server.session (HouseKeeper.java:startScavenging(132)) - node0 Scavenging every 600000ms
2022-09-08 01:51:53,474 [Listener at 127.0.0.1/35669] INFO  handler.ContextHandler (ContextHandler.java:doStart(915)) - Started o.e.j.s.ServletContextHandler@73ccccd2{logs,/logs,file:///home/runner/work/ozone/ozone/hadoop-ozone/integration-test/target/log,AVAILABLE}
2022-09-08 01:51:53,474 [Listener at 127.0.0.1/35669] INFO  handler.ContextHandler (ContextHandler.java:doStart(915)) - Started o.e.j.s.ServletContextHandler@6d526684{static,/static,jar:file:/home/runner/.m2/repository/org/apache/ozone/hdds-container-service/1.3.0-SNAPSHOT/hdds-container-service-1.3.0-SNAPSHOT.jar!/webapps/static,AVAILABLE}
2022-09-08 01:51:53,800 [Listener at 127.0.0.1/35669] INFO  handler.ContextHandler (ContextHandler.java:doStart(915)) - Started o.e.j.w.WebAppContext@4498e76a{hddsDatanode,/,file:///tmp/jetty-0_0_0_0-44201-hdds-container-service-1_3_0-SNAPSHOT_jar-_-any-7534366163590634392/webapp/,AVAILABLE}{jar:file:/home/runner/.m2/repository/org/apache/ozone/hdds-container-service/1.3.0-SNAPSHOT/hdds-container-service-1.3.0-SNAPSHOT.jar!/webapps/hddsDatanode}
2022-09-08 01:51:53,815 [Listener at 127.0.0.1/35669] INFO  server.AbstractConnector (AbstractConnector.java:doStart(331)) - Started ServerConnector@3859b186{HTTP/1.1, (http/1.1)}{0.0.0.0:44201}
2022-09-08 01:51:53,816 [Listener at 127.0.0.1/35669] INFO  server.Server (Server.java:doStart(415)) - Started @45379ms
2022-09-08 01:51:53,816 [Listener at 127.0.0.1/35669] WARN  impl.MetricsSystemImpl (MetricsSystemImpl.java:register(279)) - Sink prometheus already exists!
2022-09-08 01:51:53,817 [Listener at 127.0.0.1/35669] INFO  http.BaseHttpServer (BaseHttpServer.java:updateConnectorAddress(333)) - HTTP server of hddsDatanode listening at http://0.0.0.0:44201
2022-09-08 01:51:53,829 [Datanode State Machine Daemon Thread] INFO  statemachine.DatanodeStateMachine (DatanodeStateMachine.java:lambda$startDaemon$0(492)) - Ozone container server started.
2022-09-08 01:51:53,829 [Listener at 127.0.0.1/35669] WARN  impl.MetricRegistriesImpl (MetricRegistriesImpl.java:addReporterRegistration(111)) - New reporters are added after registries were created. Some metrics will be missing from the reporter. Please add reporter before adding any new registry.
2022-09-08 01:51:53,849 [org.apache.hadoop.util.JvmPauseMonitor$Monitor@15e93253] INFO  util.JvmPauseMonitor (JvmPauseMonitor.java:run(188)) - Starting JVM pause monitor
2022-09-08 01:51:53,857 [Listener at 127.0.0.1/35669] WARN  impl.MetricRegistriesImpl (MetricRegistriesImpl.java:addReporterRegistration(111)) - New reporters are added after registries were created. Some metrics will be missing from the reporter. Please add reporter before adding any new registry.
2022-09-08 01:51:53,857 [Listener at 127.0.0.1/35669] INFO  impl.MetricsSystemImpl (MetricsSystemImpl.java:init(158)) - HddsDatanode metrics system started (again)
2022-09-08 01:51:53,858 [Datanode State Machine Task Thread - 0] INFO  datanode.InitDatanodeState (InitDatanodeState.java:persistContainerDatanodeDetails(138)) - DatanodeDetails is persisted to /home/runner/work/ozone/ozone/hadoop-ozone/integration-test/target/test-dir/MiniOzoneClusterImpl-51344073-2fe9-4e0e-b214-dcc669bc958a/datanode-0/meta/datanode.id
2022-09-08 01:51:53,872 [Listener at 127.0.0.1/35669] INFO  ozone.HddsDatanodeService (HddsDatanodeService.java:start(236)) - HddsDatanodeService host:fv-az38-857.qiceih3q1hfe5a3ai3y3qk2fta.cx.internal.cloudapp.net ip:10.1.1.0
2022-09-08 01:51:53,908 [Listener at 127.0.0.1/35669] INFO  upgrade.AbstractLayoutVersionManager (AbstractLayoutVersionManager.java:init(83)) - Initializing Layout version manager with metadata layout = DATANODE_SCHEMA_V3 (version = 4), software layout = DATANODE_SCHEMA_V3 (version = 4)
2022-09-08 01:51:54,038 [Listener at 127.0.0.1/35669] INFO  reflections.Reflections (Reflections.java:scan(232)) - Reflections took 129 ms to scan 7 urls, producing 133 keys and 322 values 
2022-09-08 01:51:54,040 [Listener at 127.0.0.1/35669] INFO  statemachine.DatanodeStateMachine (DatanodeStateMachine.java:getEndPointTaskThreadPoolSize(237)) - Datanode State Machine Task Thread Pool size 2
2022-09-08 01:51:54,061 [Listener at 127.0.0.1/35669] INFO  volume.HddsVolume (HddsVolume.java:<init>(117)) - Creating HddsVolume: /home/runner/work/ozone/ozone/hadoop-ozone/integration-test/target/test-dir/MiniOzoneClusterImpl-51344073-2fe9-4e0e-b214-dcc669bc958a/datanode-1/data-0/containers/hdds of storage type : DISK capacity : 9223372036854775807
2022-09-08 01:51:54,061 [Listener at 127.0.0.1/35669] INFO  volume.MutableVolumeSet (MutableVolumeSet.java:initializeVolumeSet(174)) - Added Volume : /home/runner/work/ozone/ozone/hadoop-ozone/integration-test/target/test-dir/MiniOzoneClusterImpl-51344073-2fe9-4e0e-b214-dcc669bc958a/datanode-1/data-0/containers/hdds to VolumeSet
2022-09-08 01:51:54,062 [Listener at 127.0.0.1/35669] INFO  volume.ThrottledAsyncChecker (ThrottledAsyncChecker.java:schedule(141)) - Scheduling a check for /home/runner/work/ozone/ozone/hadoop-ozone/integration-test/target/test-dir/MiniOzoneClusterImpl-51344073-2fe9-4e0e-b214-dcc669bc958a/datanode-1/data-0/containers/hdds
2022-09-08 01:51:54,080 [Listener at 127.0.0.1/35669] INFO  volume.StorageVolumeChecker (StorageVolumeChecker.java:checkAllVolumes(202)) - Scheduled health check for volume /home/runner/work/ozone/ozone/hadoop-ozone/integration-test/target/test-dir/MiniOzoneClusterImpl-51344073-2fe9-4e0e-b214-dcc669bc958a/datanode-1/data-0/containers/hdds
2022-09-08 01:51:54,099 [Listener at 127.0.0.1/35669] INFO  volume.MutableVolumeSet (MutableVolumeSet.java:initializeVolumeSet(174)) - Added Volume : /home/runner/work/ozone/ozone/hadoop-ozone/integration-test/target/test-dir/MiniOzoneClusterImpl-51344073-2fe9-4e0e-b214-dcc669bc958a/datanode-1/data/ratis to VolumeSet
2022-09-08 01:51:54,099 [Listener at 127.0.0.1/35669] INFO  volume.ThrottledAsyncChecker (ThrottledAsyncChecker.java:schedule(141)) - Scheduling a check for /home/runner/work/ozone/ozone/hadoop-ozone/integration-test/target/test-dir/MiniOzoneClusterImpl-51344073-2fe9-4e0e-b214-dcc669bc958a/datanode-1/data/ratis
2022-09-08 01:51:54,099 [Listener at 127.0.0.1/35669] INFO  volume.StorageVolumeChecker (StorageVolumeChecker.java:checkAllVolumes(202)) - Scheduled health check for volume /home/runner/work/ozone/ozone/hadoop-ozone/integration-test/target/test-dir/MiniOzoneClusterImpl-51344073-2fe9-4e0e-b214-dcc669bc958a/datanode-1/data/ratis
2022-09-08 01:51:54,132 [om1@group-C5BA1605619E-FollowerState] INFO  impl.FollowerState (FollowerState.java:run(143)) - om1@group-C5BA1605619E-FollowerState: change to CANDIDATE, lastRpcElapsedTime:1145478326ns, electionTimeout:1139ms
2022-09-08 01:51:54,133 [om1@group-C5BA1605619E-FollowerState] INFO  impl.RoleInfo (RoleInfo.java:shutdownFollowerState(110)) - om1: shutdown om1@group-C5BA1605619E-FollowerState
2022-09-08 01:51:54,133 [om1@group-C5BA1605619E-FollowerState] INFO  server.RaftServer$Division (RaftServerImpl.java:setRole(299)) - om1@group-C5BA1605619E: changes role from  FOLLOWER to CANDIDATE at term 0 for changeToCandidate
2022-09-08 01:51:54,133 [om1@group-C5BA1605619E-FollowerState] INFO  server.RaftServerConfigKeys (ConfUtils.java:logGet(46)) - raft.server.leaderelection.pre-vote = false (custom)
2022-09-08 01:51:54,133 [om1@group-C5BA1605619E-FollowerState] INFO  impl.RoleInfo (RoleInfo.java:updateAndGet(139)) - om1: start om1@group-C5BA1605619E-LeaderElection12
2022-09-08 01:51:54,149 [Thread-425] INFO  ozoneimpl.ContainerReader (ContainerReader.java:readVolume(175)) - Finish verifying containers on volume /home/runner/work/ozone/ozone/hadoop-ozone/integration-test/target/test-dir/MiniOzoneClusterImpl-51344073-2fe9-4e0e-b214-dcc669bc958a/datanode-1/data-0/containers/hdds
2022-09-08 01:51:54,149 [Listener at 127.0.0.1/35669] INFO  ozoneimpl.OzoneContainer (OzoneContainer.java:buildContainerSet(300)) - Build ContainerSet costs 0s
2022-09-08 01:51:54,156 [Listener at 127.0.0.1/35669] INFO  server.RaftServer (ConfUtils.java:logGet(46)) - raft.rpc.type = GRPC (default)
2022-09-08 01:51:54,156 [Listener at 127.0.0.1/35669] INFO  grpc.GrpcFactory (GrpcFactory.java:checkPooledByteBufAllocatorUseCacheForAllThreads(48)) - PERFORMANCE WARNING: useCacheForAllThreads is true that may cause Netty to create a lot garbage objects and, as a result, trigger GC.
	It is recommended to disable useCacheForAllThreads by setting -Dorg.apache.ratis.thirdparty.io.netty.allocator.useCacheForAllThreads=false in command line.
2022-09-08 01:51:54,156 [Listener at 127.0.0.1/35669] INFO  grpc.GrpcConfigKeys (ConfUtils.java:logGet(46)) - raft.grpc.admin.port = 0 (custom)
2022-09-08 01:51:54,156 [Listener at 127.0.0.1/35669] INFO  grpc.GrpcConfigKeys (ConfUtils.java:logGet(46)) - raft.grpc.client.port = 0 (custom)
2022-09-08 01:51:54,156 [Listener at 127.0.0.1/35669] INFO  grpc.GrpcConfigKeys (ConfUtils.java:logGet(46)) - raft.grpc.server.port = 0 (default)
2022-09-08 01:51:54,156 [Listener at 127.0.0.1/35669] INFO  server.GrpcService (ConfUtils.java:logGet(46)) - raft.grpc.message.size.max = 32MB (=33554432) (custom)
2022-09-08 01:51:54,156 [Listener at 127.0.0.1/35669] INFO  server.RaftServerConfigKeys (ConfUtils.java:logGet(46)) - raft.server.log.appender.buffer.byte-limit = 33554432 (custom)
2022-09-08 01:51:54,157 [Listener at 127.0.0.1/35669] INFO  server.GrpcService (ConfUtils.java:logGet(46)) - raft.grpc.flow.control.window = 5MB (=5242880) (custom)
2022-09-08 01:51:54,157 [Listener at 127.0.0.1/35669] INFO  server.RaftServerConfigKeys (ConfUtils.java:logGet(46)) - raft.server.rpc.request.timeout = 60s (custom)
2022-09-08 01:51:54,157 [Listener at 127.0.0.1/35669] INFO  grpc.GrpcConfigKeys (ConfUtils.java:logGet(46)) - raft.grpc.server.async.request.thread.pool.cached = true (default)
2022-09-08 01:51:54,157 [Listener at 127.0.0.1/35669] INFO  grpc.GrpcConfigKeys (ConfUtils.java:logGet(46)) - raft.grpc.server.async.request.thread.pool.size = 32 (default)
2022-09-08 01:51:54,158 [Listener at 127.0.0.1/35669] INFO  impl.DataStreamServerImpl (ConfUtils.java:logGet(46)) - raft.datastream.type = DISABLED (default)
2022-09-08 01:51:54,158 [Listener at 127.0.0.1/35669] INFO  server.RaftServerConfigKeys (ConfUtils.java:logGet(46)) - raft.server.threadpool.proxy.cached = true (default)
2022-09-08 01:51:54,158 [Listener at 127.0.0.1/35669] INFO  server.RaftServerConfigKeys (ConfUtils.java:logGet(46)) - raft.server.threadpool.proxy.size = 0 (default)
2022-09-08 01:51:54,159 [Listener at 127.0.0.1/35669] INFO  server.RaftServerConfigKeys (ConfUtils.java:logGet(46)) - raft.server.rpc.slowness.timeout = 300s (custom)
2022-09-08 01:51:54,159 [Listener at 127.0.0.1/35669] INFO  server.RaftServerConfigKeys (ConfUtils.java:logGet(46)) - raft.server.leaderelection.leader.step-down.wait-time = 10s (default)
2022-09-08 01:51:54,159 [Listener at 127.0.0.1/35669] INFO  server.RaftServerConfigKeys (ConfUtils.java:logGet(46)) - raft.server.storage.dir = [/home/runner/work/ozone/ozone/hadoop-ozone/integration-test/target/test-dir/MiniOzoneClusterImpl-51344073-2fe9-4e0e-b214-dcc669bc958a/datanode-1/data/ratis] (custom)
2022-09-08 01:51:54,161 [om1@group-C5BA1605619E-LeaderElection12] INFO  impl.LeaderElection (LeaderElection.java:askForVotes(310)) - om1@group-C5BA1605619E-LeaderElection12 ELECTION round 0: submit vote requests at term 1 for -1: [om1|rpc:localhost:9872|priority:0], old=null
2022-09-08 01:51:54,161 [om1@group-C5BA1605619E-LeaderElection12] INFO  impl.LeaderElection (LeaderElection.java:askForVotes(312)) - om1@group-C5BA1605619E-LeaderElection12 ELECTION round 0: result PASSED (term=1)
2022-09-08 01:51:54,161 [om1@group-C5BA1605619E-LeaderElection12] INFO  impl.RoleInfo (RoleInfo.java:shutdownLeaderElection(130)) - om1: shutdown om1@group-C5BA1605619E-LeaderElection12
2022-09-08 01:51:54,161 [om1@group-C5BA1605619E-LeaderElection12] INFO  server.RaftServer$Division (RaftServerImpl.java:setRole(299)) - om1@group-C5BA1605619E: changes role from CANDIDATE to LEADER at term 1 for changeToLeader
2022-09-08 01:51:54,161 [om1@group-C5BA1605619E-LeaderElection12] INFO  server.RaftServer$Division (ServerState.java:setLeader(287)) - om1@group-C5BA1605619E: change Leader from null to om1 at term 1 for becomeLeader, leader elected after 2117ms
2022-09-08 01:51:54,161 [om1@group-C5BA1605619E-LeaderElection12] INFO  server.RaftServerConfigKeys (ConfUtils.java:logGet(46)) - raft.server.staging.catchup.gap = 1000 (default)
2022-09-08 01:51:54,177 [om1@group-C5BA1605619E-LeaderElection12] INFO  server.RaftServerConfigKeys (ConfUtils.java:logGet(46)) - raft.server.write.element-limit = 4096 (default)
2022-09-08 01:51:54,177 [om1@group-C5BA1605619E-LeaderElection12] INFO  server.RaftServerConfigKeys (ConfUtils.java:logGet(46)) - raft.server.write.byte-limit = 64MB (=67108864) (default)
2022-09-08 01:51:54,177 [om1@group-C5BA1605619E-LeaderElection12] INFO  server.RaftServerConfigKeys (ConfUtils.java:logGet(46)) - raft.server.watch.timeout = 10s (default)
2022-09-08 01:51:54,177 [om1@group-C5BA1605619E-LeaderElection12] INFO  server.RaftServerConfigKeys (ConfUtils.java:logGet(46)) - raft.server.watch.timeout.denomination = 1s (default)
2022-09-08 01:51:54,177 [om1@group-C5BA1605619E-LeaderElection12] INFO  server.RaftServerConfigKeys (ConfUtils.java:logGet(46)) - raft.server.watch.element-limit = 65536 (default)
2022-09-08 01:51:54,177 [om1@group-C5BA1605619E-LeaderElection12] INFO  server.RaftServerConfigKeys (ConfUtils.java:logGet(46)) - raft.server.write.element-limit = 4096 (default)
2022-09-08 01:51:54,177 [om1@group-C5BA1605619E-LeaderElection12] INFO  server.RaftServerConfigKeys (ConfUtils.java:logGet(46)) - raft.server.write.follower.gap.ratio.max = -1.0 (default)
2022-09-08 01:51:54,177 [om1@group-C5BA1605619E-LeaderElection12] INFO  impl.RoleInfo (RoleInfo.java:updateAndGet(139)) - om1: start om1@group-C5BA1605619E-LeaderStateImpl
2022-09-08 01:51:54,178 [om1@group-C5BA1605619E-LeaderElection12] INFO  segmented.SegmentedRaftLogWorker (SegmentedRaftLogWorker.java:startLogSegment(425)) - om1@group-C5BA1605619E-SegmentedRaftLogWorker: Starting segment from index:0
2022-09-08 01:51:54,184 [Listener at 127.0.0.1/35669] INFO  server.XceiverServerGrpc (XceiverServerGrpc.java:<init>(132)) - GrpcServer channel type EpollServerSocketChannel
2022-09-08 01:51:54,191 [om1@group-C5BA1605619E-SegmentedRaftLogWorker] INFO  segmented.SegmentedRaftLogWorker (SegmentedRaftLogWorker.java:execute(629)) - om1@group-C5BA1605619E-SegmentedRaftLogWorker: created new log segment /home/runner/work/ozone/ozone/hadoop-ozone/integration-test/target/test-dir/MiniOzoneClusterImpl-51344073-2fe9-4e0e-b214-dcc669bc958a/ozone-meta/ratis/bf265839-605b-3f16-9796-c5ba1605619e/current/log_inprogress_0
2022-09-08 01:51:54,196 [om1@group-C5BA1605619E-LeaderElection12] INFO  server.RaftServer$Division (ServerState.java:setRaftConf(393)) - om1@group-C5BA1605619E: set configuration 0: [om1|rpc:localhost:9872|admin:|client:|dataStream:|priority:0], old=null
2022-09-08 01:51:54,197 [Listener at 127.0.0.1/35669] INFO  http.BaseHttpServer (BaseHttpServer.java:newHttpServer2BuilderForOzone(213)) - Starting Web-server for hddsDatanode at: http://0.0.0.0:0
2022-09-08 01:51:54,197 [Listener at 127.0.0.1/35669] INFO  http.BaseHttpServer (BaseHttpServer.java:<init>(108)) - Hadoop Security Enabled: false Ozone Security Enabled: false Ozone HTTP Security Enabled: false 
2022-09-08 01:51:54,199 [Listener at 127.0.0.1/35669] INFO  server.AuthenticationFilter (AuthenticationFilter.java:constructSecretProvider(240)) - Unable to initialize FileSignerSecretProvider, falling back to use random secrets.
2022-09-08 01:51:54,199 [om1@group-C5BA1605619E-StateMachineUpdater] INFO  ratis.OzoneManagerStateMachine (OzoneManagerStateMachine.java:notifyConfigurationChanged(192)) - Received Configuration change notification from Ratis. New Peer list:
[id: "om1"
address: "localhost:9872"
]
2022-09-08 01:51:54,202 [Listener at 127.0.0.1/35669] WARN  http.HttpRequestLog (HttpRequestLog.java:getRequestLog(103)) - Jetty request log can only be enabled using Log4j
2022-09-08 01:51:54,204 [Listener at 127.0.0.1/35669] INFO  http.HttpServer2 (HttpServer2.java:addGlobalFilter(1029)) - Added global filter 'safety' (class=org.apache.hadoop.hdds.server.http.HttpServer2$QuotingInputFilter)
2022-09-08 01:51:54,204 [Listener at 127.0.0.1/35669] INFO  http.HttpServer2 (HttpServer2.java:addFilter(1005)) - Added filter static_user_filter (class=org.apache.hadoop.http.lib.StaticUserWebFilter$StaticUserFilter) to context hddsDatanode
2022-09-08 01:51:54,204 [Listener at 127.0.0.1/35669] INFO  http.HttpServer2 (HttpServer2.java:addFilter(1013)) - Added filter static_user_filter (class=org.apache.hadoop.http.lib.StaticUserWebFilter$StaticUserFilter) to context static
2022-09-08 01:51:54,205 [Listener at 127.0.0.1/35669] INFO  http.HttpServer2 (HttpServer2.java:addFilter(1013)) - Added filter static_user_filter (class=org.apache.hadoop.http.lib.StaticUserWebFilter$StaticUserFilter) to context logs
2022-09-08 01:51:54,205 [Listener at 127.0.0.1/35669] INFO  http.HttpServer2 (HttpServer2.java:bindListener(1248)) - Jetty bound to port 35043
2022-09-08 01:51:54,205 [Listener at 127.0.0.1/35669] INFO  server.Server (Server.java:doStart(375)) - jetty-9.4.43.v20210629; built: 2021-06-30T11:07:22.254Z; git: 526006ecfa3af7f1a27ef3a288e2bef7ea9dd7e8; jvm 1.8.0_345-b01
2022-09-08 01:51:54,207 [Listener at 127.0.0.1/35669] INFO  server.session (DefaultSessionIdManager.java:doStart(334)) - DefaultSessionIdManager workerName=node0
2022-09-08 01:51:54,207 [Listener at 127.0.0.1/35669] INFO  server.session (DefaultSessionIdManager.java:doStart(339)) - No SessionScavenger set, using defaults
2022-09-08 01:51:54,208 [Listener at 127.0.0.1/35669] INFO  server.session (HouseKeeper.java:startScavenging(132)) - node0 Scavenging every 600000ms
2022-09-08 01:51:54,208 [Listener at 127.0.0.1/35669] INFO  handler.ContextHandler (ContextHandler.java:doStart(915)) - Started o.e.j.s.ServletContextHandler@305fe49{logs,/logs,file:///home/runner/work/ozone/ozone/hadoop-ozone/integration-test/target/log,AVAILABLE}
2022-09-08 01:51:54,209 [Listener at 127.0.0.1/35669] INFO  handler.ContextHandler (ContextHandler.java:doStart(915)) - Started o.e.j.s.ServletContextHandler@553309a6{static,/static,jar:file:/home/runner/.m2/repository/org/apache/ozone/hdds-container-service/1.3.0-SNAPSHOT/hdds-container-service-1.3.0-SNAPSHOT.jar!/webapps/static,AVAILABLE}
2022-09-08 01:51:54,394 [Listener at 127.0.0.1/35669] INFO  handler.ContextHandler (ContextHandler.java:doStart(915)) - Started o.e.j.w.WebAppContext@7c967c35{hddsDatanode,/,file:///tmp/jetty-0_0_0_0-35043-hdds-container-service-1_3_0-SNAPSHOT_jar-_-any-5066242005853850885/webapp/,AVAILABLE}{jar:file:/home/runner/.m2/repository/org/apache/ozone/hdds-container-service/1.3.0-SNAPSHOT/hdds-container-service-1.3.0-SNAPSHOT.jar!/webapps/hddsDatanode}
2022-09-08 01:51:54,400 [Listener at 127.0.0.1/35669] INFO  server.AbstractConnector (AbstractConnector.java:doStart(331)) - Started ServerConnector@3b2ca65c{HTTP/1.1, (http/1.1)}{0.0.0.0:35043}
2022-09-08 01:51:54,400 [Listener at 127.0.0.1/35669] INFO  server.Server (Server.java:doStart(415)) - Started @45963ms
2022-09-08 01:51:54,400 [Listener at 127.0.0.1/35669] WARN  impl.MetricsSystemImpl (MetricsSystemImpl.java:register(279)) - Sink prometheus already exists!
2022-09-08 01:51:54,401 [Listener at 127.0.0.1/35669] INFO  http.BaseHttpServer (BaseHttpServer.java:updateConnectorAddress(333)) - HTTP server of hddsDatanode listening at http://0.0.0.0:35043
2022-09-08 01:51:54,419 [Datanode State Machine Daemon Thread] INFO  statemachine.DatanodeStateMachine (DatanodeStateMachine.java:lambda$startDaemon$0(492)) - Ozone container server started.
2022-09-08 01:51:54,419 [Listener at 127.0.0.1/35669] WARN  impl.MetricRegistriesImpl (MetricRegistriesImpl.java:addReporterRegistration(111)) - New reporters are added after registries were created. Some metrics will be missing from the reporter. Please add reporter before adding any new registry.
2022-09-08 01:51:54,420 [Listener at 127.0.0.1/35669] WARN  impl.MetricRegistriesImpl (MetricRegistriesImpl.java:addReporterRegistration(111)) - New reporters are added after registries were created. Some metrics will be missing from the reporter. Please add reporter before adding any new registry.
2022-09-08 01:51:54,420 [Listener at 127.0.0.1/35669] INFO  impl.MetricsSystemImpl (MetricsSystemImpl.java:init(158)) - HddsDatanode metrics system started (again)
2022-09-08 01:51:54,459 [Listener at 127.0.0.1/35669] INFO  ozone.HddsDatanodeService (HddsDatanodeService.java:start(236)) - HddsDatanodeService host:fv-az38-857.qiceih3q1hfe5a3ai3y3qk2fta.cx.internal.cloudapp.net ip:10.1.1.0
2022-09-08 01:51:54,460 [org.apache.hadoop.util.JvmPauseMonitor$Monitor@6f4b2709] INFO  util.JvmPauseMonitor (JvmPauseMonitor.java:run(188)) - Starting JVM pause monitor
2022-09-08 01:51:54,474 [Datanode State Machine Task Thread - 0] INFO  datanode.InitDatanodeState (InitDatanodeState.java:persistContainerDatanodeDetails(138)) - DatanodeDetails is persisted to /home/runner/work/ozone/ozone/hadoop-ozone/integration-test/target/test-dir/MiniOzoneClusterImpl-51344073-2fe9-4e0e-b214-dcc669bc958a/datanode-1/meta/datanode.id
2022-09-08 01:51:54,497 [Listener at 127.0.0.1/35669] INFO  upgrade.AbstractLayoutVersionManager (AbstractLayoutVersionManager.java:init(83)) - Initializing Layout version manager with metadata layout = DATANODE_SCHEMA_V3 (version = 4), software layout = DATANODE_SCHEMA_V3 (version = 4)
2022-09-08 01:51:54,617 [Listener at 127.0.0.1/35669] INFO  reflections.Reflections (Reflections.java:scan(232)) - Reflections took 119 ms to scan 7 urls, producing 133 keys and 322 values 
2022-09-08 01:51:54,619 [Listener at 127.0.0.1/35669] INFO  statemachine.DatanodeStateMachine (DatanodeStateMachine.java:getEndPointTaskThreadPoolSize(237)) - Datanode State Machine Task Thread Pool size 2
2022-09-08 01:51:54,650 [Listener at 127.0.0.1/35669] INFO  volume.HddsVolume (HddsVolume.java:<init>(117)) - Creating HddsVolume: /home/runner/work/ozone/ozone/hadoop-ozone/integration-test/target/test-dir/MiniOzoneClusterImpl-51344073-2fe9-4e0e-b214-dcc669bc958a/datanode-2/data-0/containers/hdds of storage type : DISK capacity : 9223372036854775807
2022-09-08 01:51:54,651 [Listener at 127.0.0.1/35669] INFO  volume.MutableVolumeSet (MutableVolumeSet.java:initializeVolumeSet(174)) - Added Volume : /home/runner/work/ozone/ozone/hadoop-ozone/integration-test/target/test-dir/MiniOzoneClusterImpl-51344073-2fe9-4e0e-b214-dcc669bc958a/datanode-2/data-0/containers/hdds to VolumeSet
2022-09-08 01:51:54,651 [Listener at 127.0.0.1/35669] INFO  volume.ThrottledAsyncChecker (ThrottledAsyncChecker.java:schedule(141)) - Scheduling a check for /home/runner/work/ozone/ozone/hadoop-ozone/integration-test/target/test-dir/MiniOzoneClusterImpl-51344073-2fe9-4e0e-b214-dcc669bc958a/datanode-2/data-0/containers/hdds
2022-09-08 01:51:54,665 [Listener at 127.0.0.1/35669] INFO  volume.StorageVolumeChecker (StorageVolumeChecker.java:checkAllVolumes(202)) - Scheduled health check for volume /home/runner/work/ozone/ozone/hadoop-ozone/integration-test/target/test-dir/MiniOzoneClusterImpl-51344073-2fe9-4e0e-b214-dcc669bc958a/datanode-2/data-0/containers/hdds
2022-09-08 01:51:54,690 [Listener at 127.0.0.1/35669] INFO  volume.MutableVolumeSet (MutableVolumeSet.java:initializeVolumeSet(174)) - Added Volume : /home/runner/work/ozone/ozone/hadoop-ozone/integration-test/target/test-dir/MiniOzoneClusterImpl-51344073-2fe9-4e0e-b214-dcc669bc958a/datanode-2/data/ratis to VolumeSet
2022-09-08 01:51:54,690 [Listener at 127.0.0.1/35669] INFO  volume.ThrottledAsyncChecker (ThrottledAsyncChecker.java:schedule(141)) - Scheduling a check for /home/runner/work/ozone/ozone/hadoop-ozone/integration-test/target/test-dir/MiniOzoneClusterImpl-51344073-2fe9-4e0e-b214-dcc669bc958a/datanode-2/data/ratis
2022-09-08 01:51:54,690 [Listener at 127.0.0.1/35669] INFO  volume.StorageVolumeChecker (StorageVolumeChecker.java:checkAllVolumes(202)) - Scheduled health check for volume /home/runner/work/ozone/ozone/hadoop-ozone/integration-test/target/test-dir/MiniOzoneClusterImpl-51344073-2fe9-4e0e-b214-dcc669bc958a/datanode-2/data/ratis
2022-09-08 01:51:54,707 [Thread-439] INFO  ozoneimpl.ContainerReader (ContainerReader.java:readVolume(175)) - Finish verifying containers on volume /home/runner/work/ozone/ozone/hadoop-ozone/integration-test/target/test-dir/MiniOzoneClusterImpl-51344073-2fe9-4e0e-b214-dcc669bc958a/datanode-2/data-0/containers/hdds
2022-09-08 01:51:54,707 [Listener at 127.0.0.1/35669] INFO  ozoneimpl.OzoneContainer (OzoneContainer.java:buildContainerSet(300)) - Build ContainerSet costs 0s
2022-09-08 01:51:54,712 [Listener at 127.0.0.1/35669] INFO  server.RaftServer (ConfUtils.java:logGet(46)) - raft.rpc.type = GRPC (default)
2022-09-08 01:51:54,713 [Listener at 127.0.0.1/35669] INFO  grpc.GrpcFactory (GrpcFactory.java:checkPooledByteBufAllocatorUseCacheForAllThreads(48)) - PERFORMANCE WARNING: useCacheForAllThreads is true that may cause Netty to create a lot garbage objects and, as a result, trigger GC.
	It is recommended to disable useCacheForAllThreads by setting -Dorg.apache.ratis.thirdparty.io.netty.allocator.useCacheForAllThreads=false in command line.
2022-09-08 01:51:54,713 [Listener at 127.0.0.1/35669] INFO  grpc.GrpcConfigKeys (ConfUtils.java:logGet(46)) - raft.grpc.admin.port = 0 (custom)
2022-09-08 01:51:54,713 [Listener at 127.0.0.1/35669] INFO  grpc.GrpcConfigKeys (ConfUtils.java:logGet(46)) - raft.grpc.client.port = 0 (custom)
2022-09-08 01:51:54,713 [Listener at 127.0.0.1/35669] INFO  grpc.GrpcConfigKeys (ConfUtils.java:logGet(46)) - raft.grpc.server.port = 0 (default)
2022-09-08 01:51:54,713 [Listener at 127.0.0.1/35669] INFO  server.GrpcService (ConfUtils.java:logGet(46)) - raft.grpc.message.size.max = 32MB (=33554432) (custom)
2022-09-08 01:51:54,713 [Listener at 127.0.0.1/35669] INFO  server.RaftServerConfigKeys (ConfUtils.java:logGet(46)) - raft.server.log.appender.buffer.byte-limit = 33554432 (custom)
2022-09-08 01:51:54,713 [Listener at 127.0.0.1/35669] INFO  server.GrpcService (ConfUtils.java:logGet(46)) - raft.grpc.flow.control.window = 5MB (=5242880) (custom)
2022-09-08 01:51:54,713 [Listener at 127.0.0.1/35669] INFO  server.RaftServerConfigKeys (ConfUtils.java:logGet(46)) - raft.server.rpc.request.timeout = 60s (custom)
2022-09-08 01:51:54,714 [Listener at 127.0.0.1/35669] INFO  grpc.GrpcConfigKeys (ConfUtils.java:logGet(46)) - raft.grpc.server.async.request.thread.pool.cached = true (default)
2022-09-08 01:51:54,714 [Listener at 127.0.0.1/35669] INFO  grpc.GrpcConfigKeys (ConfUtils.java:logGet(46)) - raft.grpc.server.async.request.thread.pool.size = 32 (default)
2022-09-08 01:51:54,715 [Listener at 127.0.0.1/35669] INFO  impl.DataStreamServerImpl (ConfUtils.java:logGet(46)) - raft.datastream.type = DISABLED (default)
2022-09-08 01:51:54,715 [Listener at 127.0.0.1/35669] INFO  server.RaftServerConfigKeys (ConfUtils.java:logGet(46)) - raft.server.threadpool.proxy.cached = true (default)
2022-09-08 01:51:54,715 [Listener at 127.0.0.1/35669] INFO  server.RaftServerConfigKeys (ConfUtils.java:logGet(46)) - raft.server.threadpool.proxy.size = 0 (default)
2022-09-08 01:51:54,715 [Listener at 127.0.0.1/35669] INFO  server.RaftServerConfigKeys (ConfUtils.java:logGet(46)) - raft.server.rpc.slowness.timeout = 300s (custom)
2022-09-08 01:51:54,715 [Listener at 127.0.0.1/35669] INFO  server.RaftServerConfigKeys (ConfUtils.java:logGet(46)) - raft.server.leaderelection.leader.step-down.wait-time = 10s (default)
2022-09-08 01:51:54,716 [Listener at 127.0.0.1/35669] INFO  server.RaftServerConfigKeys (ConfUtils.java:logGet(46)) - raft.server.storage.dir = [/home/runner/work/ozone/ozone/hadoop-ozone/integration-test/target/test-dir/MiniOzoneClusterImpl-51344073-2fe9-4e0e-b214-dcc669bc958a/datanode-2/data/ratis] (custom)
2022-09-08 01:51:54,721 [Listener at 127.0.0.1/35669] INFO  server.XceiverServerGrpc (XceiverServerGrpc.java:<init>(132)) - GrpcServer channel type EpollServerSocketChannel
2022-09-08 01:51:54,733 [Listener at 127.0.0.1/35669] INFO  http.BaseHttpServer (BaseHttpServer.java:newHttpServer2BuilderForOzone(213)) - Starting Web-server for hddsDatanode at: http://0.0.0.0:0
2022-09-08 01:51:54,733 [Listener at 127.0.0.1/35669] INFO  http.BaseHttpServer (BaseHttpServer.java:<init>(108)) - Hadoop Security Enabled: false Ozone Security Enabled: false Ozone HTTP Security Enabled: false 
2022-09-08 01:51:54,735 [Listener at 127.0.0.1/35669] INFO  server.AuthenticationFilter (AuthenticationFilter.java:constructSecretProvider(240)) - Unable to initialize FileSignerSecretProvider, falling back to use random secrets.
2022-09-08 01:51:54,744 [Listener at 127.0.0.1/35669] WARN  http.HttpRequestLog (HttpRequestLog.java:getRequestLog(103)) - Jetty request log can only be enabled using Log4j
2022-09-08 01:51:54,745 [Listener at 127.0.0.1/35669] INFO  http.HttpServer2 (HttpServer2.java:addGlobalFilter(1029)) - Added global filter 'safety' (class=org.apache.hadoop.hdds.server.http.HttpServer2$QuotingInputFilter)
2022-09-08 01:51:54,746 [Listener at 127.0.0.1/35669] INFO  http.HttpServer2 (HttpServer2.java:addFilter(1005)) - Added filter static_user_filter (class=org.apache.hadoop.http.lib.StaticUserWebFilter$StaticUserFilter) to context hddsDatanode
2022-09-08 01:51:54,746 [Listener at 127.0.0.1/35669] INFO  http.HttpServer2 (HttpServer2.java:addFilter(1013)) - Added filter static_user_filter (class=org.apache.hadoop.http.lib.StaticUserWebFilter$StaticUserFilter) to context static
2022-09-08 01:51:54,746 [Listener at 127.0.0.1/35669] INFO  http.HttpServer2 (HttpServer2.java:addFilter(1013)) - Added filter static_user_filter (class=org.apache.hadoop.http.lib.StaticUserWebFilter$StaticUserFilter) to context logs
2022-09-08 01:51:54,747 [Listener at 127.0.0.1/35669] INFO  http.HttpServer2 (HttpServer2.java:bindListener(1248)) - Jetty bound to port 43845
2022-09-08 01:51:54,747 [Listener at 127.0.0.1/35669] INFO  server.Server (Server.java:doStart(375)) - jetty-9.4.43.v20210629; built: 2021-06-30T11:07:22.254Z; git: 526006ecfa3af7f1a27ef3a288e2bef7ea9dd7e8; jvm 1.8.0_345-b01
2022-09-08 01:51:54,769 [Listener at 127.0.0.1/35669] INFO  server.session (DefaultSessionIdManager.java:doStart(334)) - DefaultSessionIdManager workerName=node0
2022-09-08 01:51:54,769 [Listener at 127.0.0.1/35669] INFO  server.session (DefaultSessionIdManager.java:doStart(339)) - No SessionScavenger set, using defaults
2022-09-08 01:51:54,769 [Listener at 127.0.0.1/35669] INFO  server.session (HouseKeeper.java:startScavenging(132)) - node0 Scavenging every 600000ms
2022-09-08 01:51:54,770 [Listener at 127.0.0.1/35669] INFO  handler.ContextHandler (ContextHandler.java:doStart(915)) - Started o.e.j.s.ServletContextHandler@79000d1a{logs,/logs,file:///home/runner/work/ozone/ozone/hadoop-ozone/integration-test/target/log,AVAILABLE}
2022-09-08 01:51:54,771 [Listener at 127.0.0.1/35669] INFO  handler.ContextHandler (ContextHandler.java:doStart(915)) - Started o.e.j.s.ServletContextHandler@74443344{static,/static,jar:file:/home/runner/.m2/repository/org/apache/ozone/hdds-container-service/1.3.0-SNAPSHOT/hdds-container-service-1.3.0-SNAPSHOT.jar!/webapps/static,AVAILABLE}
2022-09-08 01:51:55,018 [Listener at 127.0.0.1/35669] INFO  handler.ContextHandler (ContextHandler.java:doStart(915)) - Started o.e.j.w.WebAppContext@72aa2bb4{hddsDatanode,/,file:///tmp/jetty-0_0_0_0-43845-hdds-container-service-1_3_0-SNAPSHOT_jar-_-any-5747249103332848511/webapp/,AVAILABLE}{jar:file:/home/runner/.m2/repository/org/apache/ozone/hdds-container-service/1.3.0-SNAPSHOT/hdds-container-service-1.3.0-SNAPSHOT.jar!/webapps/hddsDatanode}
2022-09-08 01:51:55,029 [Listener at 127.0.0.1/35669] INFO  server.AbstractConnector (AbstractConnector.java:doStart(331)) - Started ServerConnector@184dcbc8{HTTP/1.1, (http/1.1)}{0.0.0.0:43845}
2022-09-08 01:51:55,029 [Listener at 127.0.0.1/35669] INFO  server.Server (Server.java:doStart(415)) - Started @46593ms
2022-09-08 01:51:55,029 [Listener at 127.0.0.1/35669] WARN  impl.MetricsSystemImpl (MetricsSystemImpl.java:register(279)) - Sink prometheus already exists!
2022-09-08 01:51:55,030 [Listener at 127.0.0.1/35669] INFO  http.BaseHttpServer (BaseHttpServer.java:updateConnectorAddress(333)) - HTTP server of hddsDatanode listening at http://0.0.0.0:43845
2022-09-08 01:51:55,033 [Datanode State Machine Daemon Thread] INFO  statemachine.DatanodeStateMachine (DatanodeStateMachine.java:lambda$startDaemon$0(492)) - Ozone container server started.
2022-09-08 01:51:55,033 [Listener at 127.0.0.1/35669] INFO  ozone.MiniOzoneClusterImpl (MiniOzoneClusterImpl.java:lambda$waitForClusterToBeReady$0(216)) - Waiting for nodes to be ready. Got 0 of 3 DN Heartbeats.
2022-09-08 01:51:55,033 [Listener at 127.0.0.1/35669] INFO  ozone.MiniOzoneClusterImpl (MiniOzoneClusterImpl.java:lambda$waitForClusterToBeReady$0(219)) - Waiting for cluster to exit safe mode
2022-09-08 01:51:55,033 [Listener at 127.0.0.1/35669] INFO  ozone.MiniOzoneClusterImpl (MiniOzoneClusterImpl.java:lambda$waitForClusterToBeReady$0(221)) - SCM became leader
2022-09-08 01:51:55,045 [org.apache.hadoop.util.JvmPauseMonitor$Monitor@1487c54a] INFO  util.JvmPauseMonitor (JvmPauseMonitor.java:run(188)) - Starting JVM pause monitor
2022-09-08 01:51:55,047 [Datanode State Machine Task Thread - 0] INFO  datanode.InitDatanodeState (InitDatanodeState.java:persistContainerDatanodeDetails(138)) - DatanodeDetails is persisted to /home/runner/work/ozone/ozone/hadoop-ozone/integration-test/target/test-dir/MiniOzoneClusterImpl-51344073-2fe9-4e0e-b214-dcc669bc958a/datanode-2/meta/datanode.id
2022-09-08 01:51:55,899 [EndpointStateMachine task thread for /0.0.0.0:42597 - 0 ] INFO  volume.HddsVolume (HddsVolume.java:createDbStore(310)) - SchemaV3 db is created and loaded at /home/runner/work/ozone/ozone/hadoop-ozone/integration-test/target/test-dir/MiniOzoneClusterImpl-51344073-2fe9-4e0e-b214-dcc669bc958a/datanode-0/data-0/containers/hdds/51344073-2fe9-4e0e-b214-dcc669bc958a/DS-f91bded5-6261-4793-b951-b600fcf0475a/container.db for volume DS-f91bded5-6261-4793-b951-b600fcf0475a
2022-09-08 01:51:55,901 [EndpointStateMachine task thread for /0.0.0.0:42597 - 0 ] INFO  volume.HddsVolume (HddsVolume.java:closeDbStore(341)) - SchemaV3 db is stopped at /home/runner/work/ozone/ozone/hadoop-ozone/integration-test/target/test-dir/MiniOzoneClusterImpl-51344073-2fe9-4e0e-b214-dcc669bc958a/datanode-0/data-0/containers/hdds/51344073-2fe9-4e0e-b214-dcc669bc958a/DS-f91bded5-6261-4793-b951-b600fcf0475a/container.db for volume DS-f91bded5-6261-4793-b951-b600fcf0475a
2022-09-08 01:51:55,901 [EndpointStateMachine task thread for /0.0.0.0:42597 - 0 ] INFO  ozoneimpl.OzoneContainer (OzoneContainer.java:start(378)) - Attempting to start container services.
2022-09-08 01:51:55,901 [EndpointStateMachine task thread for /0.0.0.0:42597 - 0 ] INFO  ozoneimpl.OzoneContainer (OzoneContainer.java:startContainerScrub(313)) - Background container scanner has been disabled.
2022-09-08 01:51:55,912 [EndpointStateMachine task thread for /0.0.0.0:42597 - 0 ] INFO  replication.ReplicationServer (ReplicationServer.java:start(111)) - ReplicationServer is started using port 45765
2022-09-08 01:51:55,917 [EndpointStateMachine task thread for /0.0.0.0:42597 - 0 ] INFO  ratis.XceiverServerRatis (XceiverServerRatis.java:start(481)) - Starting XceiverServerRatis 297af254-fbd9-498c-b51d-14a8fa249430
2022-09-08 01:51:55,917 [EndpointStateMachine task thread for /0.0.0.0:42597 - 0 ] INFO  server.RaftServer (RaftServerProxy.java:lambda$start$6(382)) - 297af254-fbd9-498c-b51d-14a8fa249430: start RPC server
2022-09-08 01:51:55,926 [EndpointStateMachine task thread for /0.0.0.0:42597 - 0 ] INFO  server.GrpcService (GrpcService.java:startImpl(260)) - 297af254-fbd9-498c-b51d-14a8fa249430: GrpcService started, listening on 40627
2022-09-08 01:51:55,926 [EndpointStateMachine task thread for /0.0.0.0:42597 - 0 ] INFO  ratis.XceiverServerRatis (XceiverServerRatis.java:getRealPort(502)) - XceiverServerRatis 297af254-fbd9-498c-b51d-14a8fa249430 is started using port 40627 for RATIS
2022-09-08 01:51:55,926 [EndpointStateMachine task thread for /0.0.0.0:42597 - 0 ] INFO  ratis.XceiverServerRatis (XceiverServerRatis.java:getRealPort(502)) - XceiverServerRatis 297af254-fbd9-498c-b51d-14a8fa249430 is started using port 40627 for RATIS_ADMIN
2022-09-08 01:51:55,926 [EndpointStateMachine task thread for /0.0.0.0:42597 - 0 ] INFO  ratis.XceiverServerRatis (XceiverServerRatis.java:getRealPort(502)) - XceiverServerRatis 297af254-fbd9-498c-b51d-14a8fa249430 is started using port 40627 for RATIS_SERVER
2022-09-08 01:51:55,927 [org.apache.ratis.util.JvmPauseMonitor$$Lambda$687/845490267@33bec92] INFO  util.JvmPauseMonitor (JvmPauseMonitor.java:run(103)) - JvmPauseMonitor-297af254-fbd9-498c-b51d-14a8fa249430: Started
2022-09-08 01:51:55,949 [EndpointStateMachine task thread for /0.0.0.0:42597 - 0 ] INFO  server.XceiverServerGrpc (XceiverServerGrpc.java:start(180)) - XceiverServerGrpc 297af254-fbd9-498c-b51d-14a8fa249430 is started using port 33153
2022-09-08 01:51:56,033 [Listener at 127.0.0.1/35669] INFO  ozone.MiniOzoneClusterImpl (MiniOzoneClusterImpl.java:lambda$waitForClusterToBeReady$0(216)) - Waiting for nodes to be ready. Got 0 of 3 DN Heartbeats.
2022-09-08 01:51:56,034 [Listener at 127.0.0.1/35669] INFO  ozone.MiniOzoneClusterImpl (MiniOzoneClusterImpl.java:lambda$waitForClusterToBeReady$0(219)) - Waiting for cluster to exit safe mode
2022-09-08 01:51:56,034 [Listener at 127.0.0.1/35669] INFO  ozone.MiniOzoneClusterImpl (MiniOzoneClusterImpl.java:lambda$waitForClusterToBeReady$0(221)) - SCM became leader
2022-09-08 01:51:56,533 [EndpointStateMachine task thread for /0.0.0.0:42597 - 0 ] INFO  volume.HddsVolume (HddsVolume.java:createDbStore(310)) - SchemaV3 db is created and loaded at /home/runner/work/ozone/ozone/hadoop-ozone/integration-test/target/test-dir/MiniOzoneClusterImpl-51344073-2fe9-4e0e-b214-dcc669bc958a/datanode-1/data-0/containers/hdds/51344073-2fe9-4e0e-b214-dcc669bc958a/DS-a41fdaf7-2b8a-4855-b67c-310b9707c04e/container.db for volume DS-a41fdaf7-2b8a-4855-b67c-310b9707c04e
2022-09-08 01:51:56,534 [EndpointStateMachine task thread for /0.0.0.0:42597 - 0 ] INFO  volume.HddsVolume (HddsVolume.java:closeDbStore(341)) - SchemaV3 db is stopped at /home/runner/work/ozone/ozone/hadoop-ozone/integration-test/target/test-dir/MiniOzoneClusterImpl-51344073-2fe9-4e0e-b214-dcc669bc958a/datanode-1/data-0/containers/hdds/51344073-2fe9-4e0e-b214-dcc669bc958a/DS-a41fdaf7-2b8a-4855-b67c-310b9707c04e/container.db for volume DS-a41fdaf7-2b8a-4855-b67c-310b9707c04e
2022-09-08 01:51:56,534 [EndpointStateMachine task thread for /0.0.0.0:42597 - 0 ] INFO  ozoneimpl.OzoneContainer (OzoneContainer.java:start(378)) - Attempting to start container services.
2022-09-08 01:51:56,534 [EndpointStateMachine task thread for /0.0.0.0:42597 - 0 ] INFO  ozoneimpl.OzoneContainer (OzoneContainer.java:startContainerScrub(313)) - Background container scanner has been disabled.
2022-09-08 01:51:56,538 [EndpointStateMachine task thread for /0.0.0.0:42597 - 0 ] INFO  replication.ReplicationServer (ReplicationServer.java:start(111)) - ReplicationServer is started using port 46145
2022-09-08 01:51:56,538 [EndpointStateMachine task thread for /0.0.0.0:42597 - 0 ] INFO  ratis.XceiverServerRatis (XceiverServerRatis.java:start(481)) - Starting XceiverServerRatis 284d7013-8473-4015-87b2-132fe6465f12
2022-09-08 01:51:56,541 [EndpointStateMachine task thread for /0.0.0.0:42597 - 0 ] INFO  server.RaftServer (RaftServerProxy.java:lambda$start$6(382)) - 284d7013-8473-4015-87b2-132fe6465f12: start RPC server
2022-09-08 01:51:56,546 [EndpointStateMachine task thread for /0.0.0.0:42597 - 0 ] INFO  server.GrpcService (GrpcService.java:startImpl(260)) - 284d7013-8473-4015-87b2-132fe6465f12: GrpcService started, listening on 46817
2022-09-08 01:51:56,549 [EndpointStateMachine task thread for /0.0.0.0:42597 - 0 ] INFO  ratis.XceiverServerRatis (XceiverServerRatis.java:getRealPort(502)) - XceiverServerRatis 284d7013-8473-4015-87b2-132fe6465f12 is started using port 46817 for RATIS
2022-09-08 01:51:56,549 [EndpointStateMachine task thread for /0.0.0.0:42597 - 0 ] INFO  ratis.XceiverServerRatis (XceiverServerRatis.java:getRealPort(502)) - XceiverServerRatis 284d7013-8473-4015-87b2-132fe6465f12 is started using port 46817 for RATIS_ADMIN
2022-09-08 01:51:56,549 [EndpointStateMachine task thread for /0.0.0.0:42597 - 0 ] INFO  ratis.XceiverServerRatis (XceiverServerRatis.java:getRealPort(502)) - XceiverServerRatis 284d7013-8473-4015-87b2-132fe6465f12 is started using port 46817 for RATIS_SERVER
2022-09-08 01:51:56,549 [org.apache.ratis.util.JvmPauseMonitor$$Lambda$687/845490267@647135f8] INFO  util.JvmPauseMonitor (JvmPauseMonitor.java:run(103)) - JvmPauseMonitor-284d7013-8473-4015-87b2-132fe6465f12: Started
2022-09-08 01:51:56,578 [EndpointStateMachine task thread for /0.0.0.0:42597 - 0 ] INFO  server.XceiverServerGrpc (XceiverServerGrpc.java:start(180)) - XceiverServerGrpc 284d7013-8473-4015-87b2-132fe6465f12 is started using port 33425
2022-09-08 01:51:57,034 [Listener at 127.0.0.1/35669] INFO  ozone.MiniOzoneClusterImpl (MiniOzoneClusterImpl.java:lambda$waitForClusterToBeReady$0(216)) - Waiting for nodes to be ready. Got 0 of 3 DN Heartbeats.
2022-09-08 01:51:57,034 [Listener at 127.0.0.1/35669] INFO  ozone.MiniOzoneClusterImpl (MiniOzoneClusterImpl.java:lambda$waitForClusterToBeReady$0(219)) - Waiting for cluster to exit safe mode
2022-09-08 01:51:57,034 [Listener at 127.0.0.1/35669] INFO  ozone.MiniOzoneClusterImpl (MiniOzoneClusterImpl.java:lambda$waitForClusterToBeReady$0(221)) - SCM became leader
2022-09-08 01:51:57,103 [EndpointStateMachine task thread for /0.0.0.0:42597 - 0 ] INFO  volume.HddsVolume (HddsVolume.java:createDbStore(310)) - SchemaV3 db is created and loaded at /home/runner/work/ozone/ozone/hadoop-ozone/integration-test/target/test-dir/MiniOzoneClusterImpl-51344073-2fe9-4e0e-b214-dcc669bc958a/datanode-2/data-0/containers/hdds/51344073-2fe9-4e0e-b214-dcc669bc958a/DS-26ff01b3-695b-492c-8714-cc4275b8476a/container.db for volume DS-26ff01b3-695b-492c-8714-cc4275b8476a
2022-09-08 01:51:57,104 [EndpointStateMachine task thread for /0.0.0.0:42597 - 0 ] INFO  volume.HddsVolume (HddsVolume.java:closeDbStore(341)) - SchemaV3 db is stopped at /home/runner/work/ozone/ozone/hadoop-ozone/integration-test/target/test-dir/MiniOzoneClusterImpl-51344073-2fe9-4e0e-b214-dcc669bc958a/datanode-2/data-0/containers/hdds/51344073-2fe9-4e0e-b214-dcc669bc958a/DS-26ff01b3-695b-492c-8714-cc4275b8476a/container.db for volume DS-26ff01b3-695b-492c-8714-cc4275b8476a
2022-09-08 01:51:57,104 [EndpointStateMachine task thread for /0.0.0.0:42597 - 0 ] INFO  ozoneimpl.OzoneContainer (OzoneContainer.java:start(378)) - Attempting to start container services.
2022-09-08 01:51:57,104 [EndpointStateMachine task thread for /0.0.0.0:42597 - 0 ] INFO  ozoneimpl.OzoneContainer (OzoneContainer.java:startContainerScrub(313)) - Background container scanner has been disabled.
2022-09-08 01:51:57,109 [EndpointStateMachine task thread for /0.0.0.0:42597 - 0 ] INFO  replication.ReplicationServer (ReplicationServer.java:start(111)) - ReplicationServer is started using port 45105
2022-09-08 01:51:57,113 [EndpointStateMachine task thread for /0.0.0.0:42597 - 0 ] INFO  ratis.XceiverServerRatis (XceiverServerRatis.java:start(481)) - Starting XceiverServerRatis 7b5e435e-945e-43ee-952c-2ec3d7bd8fd3
2022-09-08 01:51:57,118 [EndpointStateMachine task thread for /0.0.0.0:42597 - 0 ] INFO  server.RaftServer (RaftServerProxy.java:lambda$start$6(382)) - 7b5e435e-945e-43ee-952c-2ec3d7bd8fd3: start RPC server
2022-09-08 01:51:57,122 [EndpointStateMachine task thread for /0.0.0.0:42597 - 0 ] INFO  server.GrpcService (GrpcService.java:startImpl(260)) - 7b5e435e-945e-43ee-952c-2ec3d7bd8fd3: GrpcService started, listening on 45447
2022-09-08 01:51:57,133 [EndpointStateMachine task thread for /0.0.0.0:42597 - 0 ] INFO  ratis.XceiverServerRatis (XceiverServerRatis.java:getRealPort(502)) - XceiverServerRatis 7b5e435e-945e-43ee-952c-2ec3d7bd8fd3 is started using port 45447 for RATIS
2022-09-08 01:51:57,133 [EndpointStateMachine task thread for /0.0.0.0:42597 - 0 ] INFO  ratis.XceiverServerRatis (XceiverServerRatis.java:getRealPort(502)) - XceiverServerRatis 7b5e435e-945e-43ee-952c-2ec3d7bd8fd3 is started using port 45447 for RATIS_ADMIN
2022-09-08 01:51:57,133 [EndpointStateMachine task thread for /0.0.0.0:42597 - 0 ] INFO  ratis.XceiverServerRatis (XceiverServerRatis.java:getRealPort(502)) - XceiverServerRatis 7b5e435e-945e-43ee-952c-2ec3d7bd8fd3 is started using port 45447 for RATIS_SERVER
2022-09-08 01:51:57,135 [org.apache.ratis.util.JvmPauseMonitor$$Lambda$687/845490267@6315035a] INFO  util.JvmPauseMonitor (JvmPauseMonitor.java:run(103)) - JvmPauseMonitor-7b5e435e-945e-43ee-952c-2ec3d7bd8fd3: Started
2022-09-08 01:51:57,161 [EndpointStateMachine task thread for /0.0.0.0:42597 - 0 ] INFO  server.XceiverServerGrpc (XceiverServerGrpc.java:start(180)) - XceiverServerGrpc 7b5e435e-945e-43ee-952c-2ec3d7bd8fd3 is started using port 41309
2022-09-08 01:51:57,851 [IPC Server handler 19 on default port 42597] INFO  net.NetworkTopologyImpl (NetworkTopologyImpl.java:add(112)) - Added a new node: /default-rack/297af254-fbd9-498c-b51d-14a8fa249430
2022-09-08 01:51:57,851 [IPC Server handler 19 on default port 42597] INFO  node.SCMNodeManager (SCMNodeManager.java:register(397)) - Registered Data node : 297af254-fbd9-498c-b51d-14a8fa249430{ip: 10.1.1.0, host: fv-az38-857.qiceih3q1hfe5a3ai3y3qk2fta.cx.internal.cloudapp.net, ports: [REPLICATION=45765, RATIS=40627, RATIS_ADMIN=40627, RATIS_SERVER=40627, STANDALONE=33153], networkLocation: /default-rack, certSerialId: null, persistedOpState: null, persistedOpStateExpiryEpochSec: 0}
2022-09-08 01:51:57,854 [EventQueue-NodeRegistrationContainerReportForDataNodeSafeModeRule] INFO  safemode.SCMSafeModeManager (DataNodeSafeModeRule.java:process(71)) - SCM in safe mode. 1 DataNodes registered, 3 required.
2022-09-08 01:51:57,854 [EventQueue-NodeRegistrationContainerReportForContainerSafeModeRule] INFO  safemode.SCMSafeModeManager (SCMSafeModeManager.java:validateSafeModeExitRules(204)) - ContainerSafeModeRule rule is successfully validated
2022-09-08 01:51:57,858 [EventQueue-NewNodeForNewNodeHandler] INFO  pipeline.BackgroundPipelineCreator (BackgroundPipelineCreator.java:notifyEventTriggered(276)) - trigger a one-shot run on RatisPipelineUtilsThread.
2022-09-08 01:51:57,858 [EventQueue-PipelineReportForOneReplicaPipelineSafeModeRule] INFO  safemode.SCMSafeModeManager (SCMSafeModeManager.java:validateSafeModeExitRules(204)) - AtleastOneDatanodeReportedRule rule is successfully validated
2022-09-08 01:51:57,859 [RatisPipelineUtilsThread - 0] INFO  pipeline.RatisPipelineProvider (RatisPipelineProvider.java:lambda$create$0(195)) - Sending CreatePipelineCommand for pipeline:PipelineID=2fc819af-a34a-47d8-b2c2-b3f6c18a6887 to datanode:297af254-fbd9-498c-b51d-14a8fa249430
2022-09-08 01:51:57,878 [RatisPipelineUtilsThread - 0] INFO  pipeline.PipelineStateManagerImpl (PipelineStateManagerImpl.java:addPipeline(103)) - Created pipeline Pipeline[ Id: 2fc819af-a34a-47d8-b2c2-b3f6c18a6887, Nodes: 297af254-fbd9-498c-b51d-14a8fa249430{ip: 10.1.1.0, host: fv-az38-857.qiceih3q1hfe5a3ai3y3qk2fta.cx.internal.cloudapp.net, ports: [REPLICATION=45765, RATIS=40627, RATIS_ADMIN=40627, RATIS_SERVER=40627, STANDALONE=33153], networkLocation: /default-rack, certSerialId: null, persistedOpState: IN_SERVICE, persistedOpStateExpiryEpochSec: 0}, ReplicationConfig: RATIS/ONE, State:ALLOCATED, leaderId:, CreationTimestamp2022-09-08T01:51:57.859Z[Etc/UTC]].
2022-09-08 01:51:58,035 [Listener at 127.0.0.1/35669] INFO  ozone.MiniOzoneClusterImpl (MiniOzoneClusterImpl.java:lambda$waitForClusterToBeReady$0(216)) - Waiting for nodes to be ready. Got 1 of 3 DN Heartbeats.
2022-09-08 01:51:58,035 [Listener at 127.0.0.1/35669] INFO  ozone.MiniOzoneClusterImpl (MiniOzoneClusterImpl.java:lambda$waitForClusterToBeReady$0(219)) - Waiting for cluster to exit safe mode
2022-09-08 01:51:58,035 [Listener at 127.0.0.1/35669] INFO  ozone.MiniOzoneClusterImpl (MiniOzoneClusterImpl.java:lambda$waitForClusterToBeReady$0(221)) - SCM became leader
2022-09-08 01:51:58,462 [IPC Server handler 17 on default port 42597] INFO  net.NetworkTopologyImpl (NetworkTopologyImpl.java:add(112)) - Added a new node: /default-rack/284d7013-8473-4015-87b2-132fe6465f12
2022-09-08 01:51:58,465 [IPC Server handler 17 on default port 42597] INFO  node.SCMNodeManager (SCMNodeManager.java:register(397)) - Registered Data node : 284d7013-8473-4015-87b2-132fe6465f12{ip: 10.1.1.0, host: fv-az38-857.qiceih3q1hfe5a3ai3y3qk2fta.cx.internal.cloudapp.net, ports: [REPLICATION=46145, RATIS=46817, RATIS_ADMIN=46817, RATIS_SERVER=46817, STANDALONE=33425], networkLocation: /default-rack, certSerialId: null, persistedOpState: null, persistedOpStateExpiryEpochSec: 0}
2022-09-08 01:51:58,468 [EventQueue-NewNodeForNewNodeHandler] INFO  pipeline.BackgroundPipelineCreator (BackgroundPipelineCreator.java:notifyEventTriggered(276)) - trigger a one-shot run on RatisPipelineUtilsThread.
2022-09-08 01:51:58,469 [RatisPipelineUtilsThread - 0] INFO  pipeline.RatisPipelineProvider (RatisPipelineProvider.java:lambda$create$0(195)) - Sending CreatePipelineCommand for pipeline:PipelineID=4cbc60d3-0d5c-49d7-8931-de0039010b7b to datanode:284d7013-8473-4015-87b2-132fe6465f12
2022-09-08 01:51:58,483 [RatisPipelineUtilsThread - 0] INFO  pipeline.PipelineStateManagerImpl (PipelineStateManagerImpl.java:addPipeline(103)) - Created pipeline Pipeline[ Id: 4cbc60d3-0d5c-49d7-8931-de0039010b7b, Nodes: 284d7013-8473-4015-87b2-132fe6465f12{ip: 10.1.1.0, host: fv-az38-857.qiceih3q1hfe5a3ai3y3qk2fta.cx.internal.cloudapp.net, ports: [REPLICATION=46145, RATIS=46817, RATIS_ADMIN=46817, RATIS_SERVER=46817, STANDALONE=33425], networkLocation: /default-rack, certSerialId: null, persistedOpState: IN_SERVICE, persistedOpStateExpiryEpochSec: 0}, ReplicationConfig: RATIS/ONE, State:ALLOCATED, leaderId:, CreationTimestamp2022-09-08T01:51:58.469Z[Etc/UTC]].
2022-09-08 01:51:58,487 [EventQueue-NodeRegistrationContainerReportForDataNodeSafeModeRule] INFO  safemode.SCMSafeModeManager (DataNodeSafeModeRule.java:process(71)) - SCM in safe mode. 2 DataNodes registered, 3 required.
2022-09-08 01:51:59,035 [Listener at 127.0.0.1/35669] INFO  ozone.MiniOzoneClusterImpl (MiniOzoneClusterImpl.java:lambda$waitForClusterToBeReady$0(216)) - Waiting for nodes to be ready. Got 2 of 3 DN Heartbeats.
2022-09-08 01:51:59,036 [Listener at 127.0.0.1/35669] INFO  ozone.MiniOzoneClusterImpl (MiniOzoneClusterImpl.java:lambda$waitForClusterToBeReady$0(219)) - Waiting for cluster to exit safe mode
2022-09-08 01:51:59,036 [Listener at 127.0.0.1/35669] INFO  ozone.MiniOzoneClusterImpl (MiniOzoneClusterImpl.java:lambda$waitForClusterToBeReady$0(221)) - SCM became leader
2022-09-08 01:51:59,047 [IPC Server handler 18 on default port 42597] INFO  net.NetworkTopologyImpl (NetworkTopologyImpl.java:add(112)) - Added a new node: /default-rack/7b5e435e-945e-43ee-952c-2ec3d7bd8fd3
2022-09-08 01:51:59,047 [IPC Server handler 18 on default port 42597] INFO  node.SCMNodeManager (SCMNodeManager.java:register(397)) - Registered Data node : 7b5e435e-945e-43ee-952c-2ec3d7bd8fd3{ip: 10.1.1.0, host: fv-az38-857.qiceih3q1hfe5a3ai3y3qk2fta.cx.internal.cloudapp.net, ports: [REPLICATION=45105, RATIS=45447, RATIS_ADMIN=45447, RATIS_SERVER=45447, STANDALONE=41309], networkLocation: /default-rack, certSerialId: null, persistedOpState: null, persistedOpStateExpiryEpochSec: 0}
2022-09-08 01:51:59,048 [EventQueue-NodeRegistrationContainerReportForDataNodeSafeModeRule] INFO  safemode.SCMSafeModeManager (DataNodeSafeModeRule.java:process(71)) - SCM in safe mode. 3 DataNodes registered, 3 required.
2022-09-08 01:51:59,048 [EventQueue-NodeRegistrationContainerReportForDataNodeSafeModeRule] INFO  safemode.SCMSafeModeManager (SCMSafeModeManager.java:validateSafeModeExitRules(204)) - DataNodeSafeModeRule rule is successfully validated
2022-09-08 01:51:59,048 [EventQueue-NodeRegistrationContainerReportForDataNodeSafeModeRule] INFO  safemode.SCMSafeModeManager (SCMSafeModeManager.java:completePreCheck(233)) - All SCM safe mode pre check rules have passed
2022-09-08 01:51:59,048 [EventQueue-NodeRegistrationContainerReportForDataNodeSafeModeRule] WARN  events.EventQueue (EventQueue.java:fireEvent(216)) - No event handler registered for event TypedEvent{payloadType=SafeModeStatus, name='Safe mode status'}
2022-09-08 01:51:59,048 [EventQueue-NodeRegistrationContainerReportForDataNodeSafeModeRule] INFO  ha.SCMContext (SCMContext.java:updateSafeModeStatus(228)) - Update SafeModeStatus from SafeModeStatus{safeModeStatus=true, preCheckPassed=false} to SafeModeStatus{safeModeStatus=true, preCheckPassed=true}.
2022-09-08 01:51:59,048 [EventQueue-NodeRegistrationContainerReportForDataNodeSafeModeRule] INFO  pipeline.BackgroundPipelineCreator (BackgroundPipelineCreator.java:notifyEventTriggered(276)) - trigger a one-shot run on RatisPipelineUtilsThread.
2022-09-08 01:51:59,048 [EventQueue-NewNodeForNewNodeHandler] INFO  pipeline.BackgroundPipelineCreator (BackgroundPipelineCreator.java:notifyEventTriggered(276)) - trigger a one-shot run on RatisPipelineUtilsThread.
2022-09-08 01:51:59,049 [RatisPipelineUtilsThread - 0] INFO  pipeline.RatisPipelineProvider (RatisPipelineProvider.java:lambda$create$0(195)) - Sending CreatePipelineCommand for pipeline:PipelineID=e059fe0a-2517-4836-b57d-668964014bfd to datanode:7b5e435e-945e-43ee-952c-2ec3d7bd8fd3
2022-09-08 01:51:59,049 [RatisPipelineUtilsThread - 0] INFO  pipeline.PipelineStateManagerImpl (PipelineStateManagerImpl.java:addPipeline(103)) - Created pipeline Pipeline[ Id: e059fe0a-2517-4836-b57d-668964014bfd, Nodes: 7b5e435e-945e-43ee-952c-2ec3d7bd8fd3{ip: 10.1.1.0, host: fv-az38-857.qiceih3q1hfe5a3ai3y3qk2fta.cx.internal.cloudapp.net, ports: [REPLICATION=45105, RATIS=45447, RATIS_ADMIN=45447, RATIS_SERVER=45447, STANDALONE=41309], networkLocation: /default-rack, certSerialId: null, persistedOpState: IN_SERVICE, persistedOpStateExpiryEpochSec: 0}, ReplicationConfig: RATIS/ONE, State:ALLOCATED, leaderId:, CreationTimestamp2022-09-08T01:51:59.049Z[Etc/UTC]].
2022-09-08 01:51:59,050 [RatisPipelineUtilsThread - 0] INFO  pipeline.RatisPipelineProvider (RatisPipelineProvider.java:lambda$create$0(195)) - Sending CreatePipelineCommand for pipeline:PipelineID=5a0a6b45-9bd5-407a-9215-396ea8a6ef9e to datanode:297af254-fbd9-498c-b51d-14a8fa249430
2022-09-08 01:51:59,050 [RatisPipelineUtilsThread - 0] INFO  pipeline.RatisPipelineProvider (RatisPipelineProvider.java:lambda$create$0(195)) - Sending CreatePipelineCommand for pipeline:PipelineID=5a0a6b45-9bd5-407a-9215-396ea8a6ef9e to datanode:7b5e435e-945e-43ee-952c-2ec3d7bd8fd3
2022-09-08 01:51:59,050 [RatisPipelineUtilsThread - 0] INFO  pipeline.RatisPipelineProvider (RatisPipelineProvider.java:lambda$create$0(195)) - Sending CreatePipelineCommand for pipeline:PipelineID=5a0a6b45-9bd5-407a-9215-396ea8a6ef9e to datanode:284d7013-8473-4015-87b2-132fe6465f12
2022-09-08 01:51:59,050 [RatisPipelineUtilsThread - 0] INFO  pipeline.PipelineStateManagerImpl (PipelineStateManagerImpl.java:addPipeline(103)) - Created pipeline Pipeline[ Id: 5a0a6b45-9bd5-407a-9215-396ea8a6ef9e, Nodes: 297af254-fbd9-498c-b51d-14a8fa249430{ip: 10.1.1.0, host: fv-az38-857.qiceih3q1hfe5a3ai3y3qk2fta.cx.internal.cloudapp.net, ports: [REPLICATION=45765, RATIS=40627, RATIS_ADMIN=40627, RATIS_SERVER=40627, STANDALONE=33153], networkLocation: /default-rack, certSerialId: null, persistedOpState: IN_SERVICE, persistedOpStateExpiryEpochSec: 0}7b5e435e-945e-43ee-952c-2ec3d7bd8fd3{ip: 10.1.1.0, host: fv-az38-857.qiceih3q1hfe5a3ai3y3qk2fta.cx.internal.cloudapp.net, ports: [REPLICATION=45105, RATIS=45447, RATIS_ADMIN=45447, RATIS_SERVER=45447, STANDALONE=41309], networkLocation: /default-rack, certSerialId: null, persistedOpState: IN_SERVICE, persistedOpStateExpiryEpochSec: 0}284d7013-8473-4015-87b2-132fe6465f12{ip: 10.1.1.0, host: fv-az38-857.qiceih3q1hfe5a3ai3y3qk2fta.cx.internal.cloudapp.net, ports: [REPLICATION=46145, RATIS=46817, RATIS_ADMIN=46817, RATIS_SERVER=46817, STANDALONE=33425], networkLocation: /default-rack, certSerialId: null, persistedOpState: IN_SERVICE, persistedOpStateExpiryEpochSec: 0}, ReplicationConfig: RATIS/THREE, State:ALLOCATED, leaderId:, CreationTimestamp2022-09-08T01:51:59.050Z[Etc/UTC]].
2022-09-08 01:51:59,051 [RatisPipelineUtilsThread - 0] INFO  pipeline.RatisPipelineProvider (RatisPipelineProvider.java:lambda$create$0(195)) - Sending CreatePipelineCommand for pipeline:PipelineID=d5489d95-2799-4650-b58b-812ec5bb37cb to datanode:284d7013-8473-4015-87b2-132fe6465f12
2022-09-08 01:51:59,051 [RatisPipelineUtilsThread - 0] INFO  pipeline.RatisPipelineProvider (RatisPipelineProvider.java:lambda$create$0(195)) - Sending CreatePipelineCommand for pipeline:PipelineID=d5489d95-2799-4650-b58b-812ec5bb37cb to datanode:7b5e435e-945e-43ee-952c-2ec3d7bd8fd3
2022-09-08 01:51:59,051 [RatisPipelineUtilsThread - 0] INFO  pipeline.RatisPipelineProvider (RatisPipelineProvider.java:lambda$create$0(195)) - Sending CreatePipelineCommand for pipeline:PipelineID=d5489d95-2799-4650-b58b-812ec5bb37cb to datanode:297af254-fbd9-498c-b51d-14a8fa249430
2022-09-08 01:51:59,051 [RatisPipelineUtilsThread - 0] INFO  pipeline.PipelineStateManagerImpl (PipelineStateManagerImpl.java:addPipeline(103)) - Created pipeline Pipeline[ Id: d5489d95-2799-4650-b58b-812ec5bb37cb, Nodes: 284d7013-8473-4015-87b2-132fe6465f12{ip: 10.1.1.0, host: fv-az38-857.qiceih3q1hfe5a3ai3y3qk2fta.cx.internal.cloudapp.net, ports: [REPLICATION=46145, RATIS=46817, RATIS_ADMIN=46817, RATIS_SERVER=46817, STANDALONE=33425], networkLocation: /default-rack, certSerialId: null, persistedOpState: IN_SERVICE, persistedOpStateExpiryEpochSec: 0}7b5e435e-945e-43ee-952c-2ec3d7bd8fd3{ip: 10.1.1.0, host: fv-az38-857.qiceih3q1hfe5a3ai3y3qk2fta.cx.internal.cloudapp.net, ports: [REPLICATION=45105, RATIS=45447, RATIS_ADMIN=45447, RATIS_SERVER=45447, STANDALONE=41309], networkLocation: /default-rack, certSerialId: null, persistedOpState: IN_SERVICE, persistedOpStateExpiryEpochSec: 0}297af254-fbd9-498c-b51d-14a8fa249430{ip: 10.1.1.0, host: fv-az38-857.qiceih3q1hfe5a3ai3y3qk2fta.cx.internal.cloudapp.net, ports: [REPLICATION=45765, RATIS=40627, RATIS_ADMIN=40627, RATIS_SERVER=40627, STANDALONE=33153], networkLocation: /default-rack, certSerialId: null, persistedOpState: IN_SERVICE, persistedOpStateExpiryEpochSec: 0}, ReplicationConfig: RATIS/THREE, State:ALLOCATED, leaderId:, CreationTimestamp2022-09-08T01:51:59.051Z[Etc/UTC]].
2022-09-08 01:51:59,051 [RatisPipelineUtilsThread - 0] INFO  pipeline.PipelineManagerImpl (PipelineManagerImpl.java:recordMetricsForPipeline(796)) - Pipeline: PipelineID=d5489d95-2799-4650-b58b-812ec5bb37cb contains same datanodes as previous pipelines: PipelineID=5a0a6b45-9bd5-407a-9215-396ea8a6ef9e nodeIds: 284d7013-8473-4015-87b2-132fe6465f12, 7b5e435e-945e-43ee-952c-2ec3d7bd8fd3, 297af254-fbd9-498c-b51d-14a8fa249430
2022-09-08 01:52:00,037 [Listener at 127.0.0.1/35669] INFO  ozone.MiniOzoneClusterImpl (MiniOzoneClusterImpl.java:lambda$waitForClusterToBeReady$0(216)) - Nodes are ready. Got 3 of 3 DN Heartbeats.
2022-09-08 01:52:00,038 [Listener at 127.0.0.1/35669] INFO  ozone.MiniOzoneClusterImpl (MiniOzoneClusterImpl.java:lambda$waitForClusterToBeReady$0(219)) - Waiting for cluster to exit safe mode
2022-09-08 01:52:00,038 [Listener at 127.0.0.1/35669] INFO  ozone.MiniOzoneClusterImpl (MiniOzoneClusterImpl.java:lambda$waitForClusterToBeReady$0(221)) - SCM became leader
2022-09-08 01:52:00,850 [Command processor thread] INFO  server.RaftServer (RaftServerProxy.java:addNew(96)) - 297af254-fbd9-498c-b51d-14a8fa249430: addNew group-B3F6C18A6887:[297af254-fbd9-498c-b51d-14a8fa249430|rpc:10.1.1.0:40627|priority:1] returns group-B3F6C18A6887:java.util.concurrent.CompletableFuture@65d8de8[Not completed]
2022-09-08 01:52:00,851 [pool-218-thread-1] INFO  server.RaftServer$Division (RaftServerImpl.java:<init>(190)) - 297af254-fbd9-498c-b51d-14a8fa249430: new RaftServerImpl for group-B3F6C18A6887:[297af254-fbd9-498c-b51d-14a8fa249430|rpc:10.1.1.0:40627|priority:1] with ContainerStateMachine:uninitialized
2022-09-08 01:52:00,852 [pool-218-thread-1] INFO  server.RaftServerConfigKeys (ConfUtils.java:logGet(46)) - raft.server.rpc.timeout.min = 5s (custom)
2022-09-08 01:52:00,852 [pool-218-thread-1] INFO  server.RaftServerConfigKeys (ConfUtils.java:logGet(46)) - raft.server.rpc.timeout.max = 5200ms (custom)
2022-09-08 01:52:00,852 [pool-218-thread-1] INFO  server.RaftServerConfigKeys (ConfUtils.java:logGet(46)) - raft.server.rpc.sleep.time = 25ms (default)
2022-09-08 01:52:00,852 [pool-218-thread-1] INFO  server.RaftServerConfigKeys (ConfUtils.java:logGet(46)) - raft.server.rpc.slowness.timeout = 300s (custom)
2022-09-08 01:52:00,852 [pool-218-thread-1] INFO  server.RaftServerConfigKeys (ConfUtils.java:logGet(46)) - raft.server.leaderelection.leader.step-down.wait-time = 10s (default)
2022-09-08 01:52:00,852 [pool-218-thread-1] INFO  server.RaftServerConfigKeys (ConfUtils.java:logGet(46)) - raft.server.sleep.deviation.threshold = 300ms (default)
2022-09-08 01:52:00,852 [pool-218-thread-1] INFO  server.RaftServer$Division (ServerState.java:<init>(107)) - 297af254-fbd9-498c-b51d-14a8fa249430@group-B3F6C18A6887: ConfigurationManager, init=-1: [297af254-fbd9-498c-b51d-14a8fa249430|rpc:10.1.1.0:40627|priority:1], old=null, confs=<EMPTY_MAP>
2022-09-08 01:52:00,852 [pool-218-thread-1] INFO  server.RaftServerConfigKeys (ConfUtils.java:logGet(46)) - raft.server.storage.dir = [/home/runner/work/ozone/ozone/hadoop-ozone/integration-test/target/test-dir/MiniOzoneClusterImpl-51344073-2fe9-4e0e-b214-dcc669bc958a/datanode-0/data/ratis] (custom)
2022-09-08 01:52:00,852 [pool-218-thread-1] INFO  server.RaftServerConfigKeys (ConfUtils.java:logGet(46)) - raft.server.log.corruption.policy = EXCEPTION (default)
2022-09-08 01:52:00,852 [pool-218-thread-1] INFO  server.RaftServerConfigKeys (ConfUtils.java:logGet(46)) - raft.server.storage.free-space.min = 0MB (=0) (default)
2022-09-08 01:52:00,852 [pool-218-thread-1] INFO  storage.RaftStorageDirectory (RaftStorageDirectoryImpl.java:analyzeStorage(135)) - The storage directory /home/runner/work/ozone/ozone/hadoop-ozone/integration-test/target/test-dir/MiniOzoneClusterImpl-51344073-2fe9-4e0e-b214-dcc669bc958a/datanode-0/data/ratis/2fc819af-a34a-47d8-b2c2-b3f6c18a6887 does not exist. Creating ...
2022-09-08 01:52:00,858 [pool-218-thread-1] INFO  storage.RaftStorageDirectory (RaftStorageDirectoryImpl.java:tryLock(230)) - Lock on /home/runner/work/ozone/ozone/hadoop-ozone/integration-test/target/test-dir/MiniOzoneClusterImpl-51344073-2fe9-4e0e-b214-dcc669bc958a/datanode-0/data/ratis/2fc819af-a34a-47d8-b2c2-b3f6c18a6887/in_use.lock acquired by nodename 132736@fv-az38-857
2022-09-08 01:52:00,861 [pool-218-thread-1] INFO  storage.RaftStorage (RaftStorageImpl.java:format(89)) - Storage directory /home/runner/work/ozone/ozone/hadoop-ozone/integration-test/target/test-dir/MiniOzoneClusterImpl-51344073-2fe9-4e0e-b214-dcc669bc958a/datanode-0/data/ratis/2fc819af-a34a-47d8-b2c2-b3f6c18a6887 has been successfully formatted.
2022-09-08 01:52:00,863 [pool-218-thread-1] INFO  ratis.ContainerStateMachine (ContainerStateMachine.java:loadSnapshot(236)) - group-B3F6C18A6887: The snapshot info is null. Setting the last applied indexto:(t:0, i:~)
2022-09-08 01:52:00,863 [EventQueue-PipelineReportForPipelineReportHandler] INFO  pipeline.PipelineManagerImpl (PipelineManagerImpl.java:openPipeline(367)) - Pipeline Pipeline[ Id: 2fc819af-a34a-47d8-b2c2-b3f6c18a6887, Nodes: 297af254-fbd9-498c-b51d-14a8fa249430{ip: 10.1.1.0, host: fv-az38-857.qiceih3q1hfe5a3ai3y3qk2fta.cx.internal.cloudapp.net, ports: [REPLICATION=45765, RATIS=40627, RATIS_ADMIN=40627, RATIS_SERVER=40627, STANDALONE=33153], networkLocation: /default-rack, certSerialId: null, persistedOpState: IN_SERVICE, persistedOpStateExpiryEpochSec: 0}, ReplicationConfig: RATIS/ONE, State:ALLOCATED, leaderId:297af254-fbd9-498c-b51d-14a8fa249430, CreationTimestamp2022-09-08T01:51:57.859Z[Etc/UTC]] moved to OPEN state
2022-09-08 01:52:00,871 [pool-218-thread-1] INFO  server.RaftServerConfigKeys (ConfUtils.java:logGet(46)) - raft.server.notification.no-leader.timeout = 300s (custom)
2022-09-08 01:52:00,871 [pool-218-thread-1] INFO  server.RaftServerConfigKeys (ConfUtils.java:logGet(46)) - raft.server.log.use.memory = false (default)
2022-09-08 01:52:00,871 [pool-218-thread-1] INFO  server.RaftServerConfigKeys (ConfUtils.java:logGet(46)) - raft.server.log.purge.gap = 1000000 (custom)
2022-09-08 01:52:00,871 [pool-218-thread-1] INFO  server.RaftServerConfigKeys (ConfUtils.java:logGet(46)) - raft.server.log.appender.buffer.byte-limit = 33554432 (custom)
2022-09-08 01:52:00,871 [pool-218-thread-1] INFO  server.RaftServerConfigKeys (ConfUtils.java:logGet(46)) - raft.server.log.statemachine.data.read.timeout = 1000ms (default)
2022-09-08 01:52:00,871 [pool-218-thread-1] INFO  server.RaftServerConfigKeys (ConfUtils.java:logGet(46)) - raft.server.log.segment.size.max = 1048576 (custom)
2022-09-08 01:52:00,872 [pool-218-thread-1] INFO  server.RaftServerConfigKeys (ConfUtils.java:logGet(46)) - raft.server.log.segment.cache.num.max = 2 (custom)
2022-09-08 01:52:00,872 [pool-218-thread-1] INFO  server.RaftServerConfigKeys (ConfUtils.java:logGet(46)) - raft.server.log.segment.cache.size.max = 200MB (=209715200) (default)
2022-09-08 01:52:00,872 [pool-218-thread-1] INFO  segmented.SegmentedRaftLogWorker (SegmentedRaftLogWorker.java:<init>(187)) - new 297af254-fbd9-498c-b51d-14a8fa249430@group-B3F6C18A6887-SegmentedRaftLogWorker for RaftStorageImpl:Storage Directory /home/runner/work/ozone/ozone/hadoop-ozone/integration-test/target/test-dir/MiniOzoneClusterImpl-51344073-2fe9-4e0e-b214-dcc669bc958a/datanode-0/data/ratis/2fc819af-a34a-47d8-b2c2-b3f6c18a6887
2022-09-08 01:52:00,872 [pool-218-thread-1] INFO  server.RaftServerConfigKeys (ConfUtils.java:logGet(46)) - raft.server.log.queue.byte-limit = 4294967296 (custom)
2022-09-08 01:52:00,872 [pool-218-thread-1] INFO  server.RaftServerConfigKeys (ConfUtils.java:logGet(46)) - raft.server.log.queue.element-limit = 1024 (custom)
2022-09-08 01:52:00,872 [pool-218-thread-1] INFO  server.RaftServerConfigKeys (ConfUtils.java:logGet(46)) - raft.server.log.segment.size.max = 1048576 (custom)
2022-09-08 01:52:00,872 [pool-218-thread-1] INFO  server.RaftServerConfigKeys (ConfUtils.java:logGet(46)) - raft.server.log.preallocated.size = 16384 (custom)
2022-09-08 01:52:00,872 [pool-218-thread-1] INFO  server.RaftServerConfigKeys (ConfUtils.java:logGet(46)) - raft.server.log.force.sync.num = 128 (default)
2022-09-08 01:52:00,872 [pool-218-thread-1] INFO  server.RaftServerConfigKeys (ConfUtils.java:logGet(46)) - raft.server.log.statemachine.data.sync = true (default)
2022-09-08 01:52:00,872 [pool-218-thread-1] INFO  server.RaftServerConfigKeys (ConfUtils.java:logGet(46)) - raft.server.log.statemachine.data.sync.timeout = 10s (default)
2022-09-08 01:52:00,872 [pool-218-thread-1] INFO  server.RaftServerConfigKeys (ConfUtils.java:logGet(46)) - raft.server.log.statemachine.data.sync.timeout.retry = -1 (default)
2022-09-08 01:52:00,873 [pool-218-thread-1] INFO  server.RaftServerConfigKeys (ConfUtils.java:logGet(46)) - raft.server.log.write.buffer.size = 1048576 (custom)
2022-09-08 01:52:00,874 [pool-218-thread-1] INFO  server.RaftServerConfigKeys (ConfUtils.java:logGet(46)) - raft.server.log.unsafe-flush.enabled = false (default)
2022-09-08 01:52:00,874 [pool-218-thread-1] INFO  server.RaftServerConfigKeys (ConfUtils.java:logGet(46)) - raft.server.log.statemachine.data.caching.enabled = true (custom)
2022-09-08 01:52:00,874 [pool-218-thread-1] INFO  segmented.SegmentedRaftLogWorker (SegmentedRaftLogWorker.java:lambda$new$0(135)) - 297af254-fbd9-498c-b51d-14a8fa249430@group-B3F6C18A6887-SegmentedRaftLogWorker: flushIndex: setUnconditionally 0 -> -1
2022-09-08 01:52:00,874 [pool-218-thread-1] INFO  segmented.SegmentedRaftLogWorker (SegmentedRaftLogWorker.java:lambda$new$0(135)) - 297af254-fbd9-498c-b51d-14a8fa249430@group-B3F6C18A6887-SegmentedRaftLogWorker: safeCacheEvictIndex: setUnconditionally 0 -> -1
2022-09-08 01:52:00,883 [EventQueue-OpenPipelineForHealthyPipelineSafeModeRule] INFO  safemode.SCMSafeModeManager (HealthyPipelineSafeModeRule.java:process(137)) - SCM in safe mode. Healthy pipelines reported count is 0, required healthy pipeline reported count is 1
2022-09-08 01:52:00,889 [pool-218-thread-1] INFO  server.RaftServerConfigKeys (ConfUtils.java:logGet(46)) - raft.server.snapshot.auto.trigger.enabled = true (custom)
2022-09-08 01:52:00,889 [pool-218-thread-1] INFO  server.RaftServerConfigKeys (ConfUtils.java:logGet(46)) - raft.server.snapshot.auto.trigger.threshold = 10000 (custom)
2022-09-08 01:52:00,889 [pool-218-thread-1] INFO  server.RaftServerConfigKeys (ConfUtils.java:logGet(46)) - raft.server.snapshot.retention.file.num = 5 (custom)
2022-09-08 01:52:00,889 [pool-218-thread-1] INFO  server.RaftServerConfigKeys (ConfUtils.java:logGet(46)) - raft.server.log.purge.upto.snapshot.index = false (default)
2022-09-08 01:52:00,889 [pool-218-thread-1] INFO  server.RaftServerConfigKeys (ConfUtils.java:logGet(46)) - raft.server.retrycache.expirytime = 600000ms (custom)
2022-09-08 01:52:00,889 [pool-218-thread-1] INFO  server.RaftServerConfigKeys (ConfUtils.java:logGet(46)) - raft.server.retrycache.statistics.expirytime = 100μs (default)
2022-09-08 01:52:00,890 [pool-218-thread-1] INFO  server.RaftServerConfigKeys (ConfUtils.java:logGet(46)) - raft.server.log.appender.install.snapshot.enabled = false (custom)
2022-09-08 01:52:00,890 [pool-218-thread-1] INFO  server.RaftServerConfigKeys (ConfUtils.java:logGet(46)) - raft.server.threadpool.server.cached = true (default)
2022-09-08 01:52:00,890 [pool-218-thread-1] INFO  server.RaftServerConfigKeys (ConfUtils.java:logGet(46)) - raft.server.threadpool.server.size = 0 (default)
2022-09-08 01:52:00,890 [pool-218-thread-1] INFO  server.RaftServerConfigKeys (ConfUtils.java:logGet(46)) - raft.server.threadpool.client.cached = true (default)
2022-09-08 01:52:00,890 [pool-218-thread-1] INFO  server.RaftServerConfigKeys (ConfUtils.java:logGet(46)) - raft.server.threadpool.client.size = 0 (default)
2022-09-08 01:52:00,890 [pool-218-thread-1] INFO  server.RaftServer$Division (RaftServerImpl.java:start(310)) - 297af254-fbd9-498c-b51d-14a8fa249430@group-B3F6C18A6887: start as a follower, conf=-1: [297af254-fbd9-498c-b51d-14a8fa249430|rpc:10.1.1.0:40627|priority:1], old=null
2022-09-08 01:52:00,890 [pool-218-thread-1] INFO  server.RaftServer$Division (RaftServerImpl.java:setRole(299)) - 297af254-fbd9-498c-b51d-14a8fa249430@group-B3F6C18A6887: changes role from      null to FOLLOWER at term 0 for startAsFollower
2022-09-08 01:52:00,891 [pool-218-thread-1] INFO  impl.RoleInfo (RoleInfo.java:updateAndGet(139)) - 297af254-fbd9-498c-b51d-14a8fa249430: start 297af254-fbd9-498c-b51d-14a8fa249430@group-B3F6C18A6887-FollowerState
2022-09-08 01:52:00,897 [pool-218-thread-1] INFO  util.JmxRegister (JmxRegister.java:tryRegister(44)) - Successfully registered JMX Bean with object name Ratis:service=RaftServer,group=group-B3F6C18A6887,id=297af254-fbd9-498c-b51d-14a8fa249430
2022-09-08 01:52:00,905 [Command processor thread] INFO  ratis.XceiverServerRatis (XceiverServerRatis.java:addGroup(765)) - Created group PipelineID=2fc819af-a34a-47d8-b2c2-b3f6c18a6887
2022-09-08 01:52:00,905 [Command processor thread] INFO  commandhandler.CreatePipelineCommandHandler (CreatePipelineCommandHandler.java:handle(113)) - Created Pipeline RATIS ONE PipelineID=2fc819af-a34a-47d8-b2c2-b3f6c18a6887.
2022-09-08 01:52:00,905 [Command processor thread] INFO  server.RaftServer (RaftServerProxy.java:addNew(96)) - 297af254-fbd9-498c-b51d-14a8fa249430: addNew group-396EA8A6EF9E:[284d7013-8473-4015-87b2-132fe6465f12|rpc:10.1.1.0:46817|priority:0, 7b5e435e-945e-43ee-952c-2ec3d7bd8fd3|rpc:10.1.1.0:45447|priority:1, 297af254-fbd9-498c-b51d-14a8fa249430|rpc:10.1.1.0:40627|priority:0] returns group-396EA8A6EF9E:java.util.concurrent.CompletableFuture@26219fb[Not completed]
2022-09-08 01:52:00,906 [pool-218-thread-1] INFO  server.RaftServer$Division (RaftServerImpl.java:<init>(190)) - 297af254-fbd9-498c-b51d-14a8fa249430: new RaftServerImpl for group-396EA8A6EF9E:[284d7013-8473-4015-87b2-132fe6465f12|rpc:10.1.1.0:46817|priority:0, 7b5e435e-945e-43ee-952c-2ec3d7bd8fd3|rpc:10.1.1.0:45447|priority:1, 297af254-fbd9-498c-b51d-14a8fa249430|rpc:10.1.1.0:40627|priority:0] with ContainerStateMachine:uninitialized
2022-09-08 01:52:00,906 [pool-218-thread-1] INFO  server.RaftServerConfigKeys (ConfUtils.java:logGet(46)) - raft.server.rpc.timeout.min = 5s (custom)
2022-09-08 01:52:00,906 [pool-218-thread-1] INFO  server.RaftServerConfigKeys (ConfUtils.java:logGet(46)) - raft.server.rpc.timeout.max = 5200ms (custom)
2022-09-08 01:52:00,906 [pool-218-thread-1] INFO  server.RaftServerConfigKeys (ConfUtils.java:logGet(46)) - raft.server.rpc.sleep.time = 25ms (default)
2022-09-08 01:52:00,906 [pool-218-thread-1] INFO  server.RaftServerConfigKeys (ConfUtils.java:logGet(46)) - raft.server.rpc.slowness.timeout = 300s (custom)
2022-09-08 01:52:00,906 [pool-218-thread-1] INFO  server.RaftServerConfigKeys (ConfUtils.java:logGet(46)) - raft.server.leaderelection.leader.step-down.wait-time = 10s (default)
2022-09-08 01:52:00,907 [pool-218-thread-1] INFO  server.RaftServerConfigKeys (ConfUtils.java:logGet(46)) - raft.server.sleep.deviation.threshold = 300ms (default)
2022-09-08 01:52:00,907 [pool-218-thread-1] INFO  server.RaftServer$Division (ServerState.java:<init>(107)) - 297af254-fbd9-498c-b51d-14a8fa249430@group-396EA8A6EF9E: ConfigurationManager, init=-1: [284d7013-8473-4015-87b2-132fe6465f12|rpc:10.1.1.0:46817|priority:0, 7b5e435e-945e-43ee-952c-2ec3d7bd8fd3|rpc:10.1.1.0:45447|priority:1, 297af254-fbd9-498c-b51d-14a8fa249430|rpc:10.1.1.0:40627|priority:0], old=null, confs=<EMPTY_MAP>
2022-09-08 01:52:00,907 [pool-218-thread-1] INFO  server.RaftServerConfigKeys (ConfUtils.java:logGet(46)) - raft.server.storage.dir = [/home/runner/work/ozone/ozone/hadoop-ozone/integration-test/target/test-dir/MiniOzoneClusterImpl-51344073-2fe9-4e0e-b214-dcc669bc958a/datanode-0/data/ratis] (custom)
2022-09-08 01:52:00,907 [pool-218-thread-1] INFO  server.RaftServerConfigKeys (ConfUtils.java:logGet(46)) - raft.server.log.corruption.policy = EXCEPTION (default)
2022-09-08 01:52:00,907 [pool-218-thread-1] INFO  server.RaftServerConfigKeys (ConfUtils.java:logGet(46)) - raft.server.storage.free-space.min = 0MB (=0) (default)
2022-09-08 01:52:00,907 [pool-218-thread-1] INFO  storage.RaftStorageDirectory (RaftStorageDirectoryImpl.java:analyzeStorage(135)) - The storage directory /home/runner/work/ozone/ozone/hadoop-ozone/integration-test/target/test-dir/MiniOzoneClusterImpl-51344073-2fe9-4e0e-b214-dcc669bc958a/datanode-0/data/ratis/5a0a6b45-9bd5-407a-9215-396ea8a6ef9e does not exist. Creating ...
2022-09-08 01:52:00,908 [pool-218-thread-1] INFO  storage.RaftStorageDirectory (RaftStorageDirectoryImpl.java:tryLock(230)) - Lock on /home/runner/work/ozone/ozone/hadoop-ozone/integration-test/target/test-dir/MiniOzoneClusterImpl-51344073-2fe9-4e0e-b214-dcc669bc958a/datanode-0/data/ratis/5a0a6b45-9bd5-407a-9215-396ea8a6ef9e/in_use.lock acquired by nodename 132736@fv-az38-857
2022-09-08 01:52:00,909 [pool-218-thread-1] INFO  storage.RaftStorage (RaftStorageImpl.java:format(89)) - Storage directory /home/runner/work/ozone/ozone/hadoop-ozone/integration-test/target/test-dir/MiniOzoneClusterImpl-51344073-2fe9-4e0e-b214-dcc669bc958a/datanode-0/data/ratis/5a0a6b45-9bd5-407a-9215-396ea8a6ef9e has been successfully formatted.
2022-09-08 01:52:00,910 [pool-218-thread-1] INFO  ratis.ContainerStateMachine (ContainerStateMachine.java:loadSnapshot(236)) - group-396EA8A6EF9E: The snapshot info is null. Setting the last applied indexto:(t:0, i:~)
2022-09-08 01:52:00,910 [pool-218-thread-1] INFO  server.RaftServerConfigKeys (ConfUtils.java:logGet(46)) - raft.server.notification.no-leader.timeout = 300s (custom)
2022-09-08 01:52:00,910 [pool-218-thread-1] INFO  server.RaftServerConfigKeys (ConfUtils.java:logGet(46)) - raft.server.log.use.memory = false (default)
2022-09-08 01:52:00,910 [pool-218-thread-1] INFO  server.RaftServerConfigKeys (ConfUtils.java:logGet(46)) - raft.server.log.purge.gap = 1000000 (custom)
2022-09-08 01:52:00,910 [pool-218-thread-1] INFO  server.RaftServerConfigKeys (ConfUtils.java:logGet(46)) - raft.server.log.appender.buffer.byte-limit = 33554432 (custom)
2022-09-08 01:52:00,910 [pool-218-thread-1] INFO  server.RaftServerConfigKeys (ConfUtils.java:logGet(46)) - raft.server.log.statemachine.data.read.timeout = 1000ms (default)
2022-09-08 01:52:00,910 [pool-218-thread-1] INFO  server.RaftServerConfigKeys (ConfUtils.java:logGet(46)) - raft.server.log.segment.size.max = 1048576 (custom)
2022-09-08 01:52:00,911 [pool-218-thread-1] INFO  server.RaftServerConfigKeys (ConfUtils.java:logGet(46)) - raft.server.log.segment.cache.num.max = 2 (custom)
2022-09-08 01:52:00,911 [pool-218-thread-1] INFO  server.RaftServerConfigKeys (ConfUtils.java:logGet(46)) - raft.server.log.segment.cache.size.max = 200MB (=209715200) (default)
2022-09-08 01:52:00,911 [pool-218-thread-1] INFO  segmented.SegmentedRaftLogWorker (SegmentedRaftLogWorker.java:<init>(187)) - new 297af254-fbd9-498c-b51d-14a8fa249430@group-396EA8A6EF9E-SegmentedRaftLogWorker for RaftStorageImpl:Storage Directory /home/runner/work/ozone/ozone/hadoop-ozone/integration-test/target/test-dir/MiniOzoneClusterImpl-51344073-2fe9-4e0e-b214-dcc669bc958a/datanode-0/data/ratis/5a0a6b45-9bd5-407a-9215-396ea8a6ef9e
2022-09-08 01:52:00,911 [pool-218-thread-1] INFO  server.RaftServerConfigKeys (ConfUtils.java:logGet(46)) - raft.server.log.queue.byte-limit = 4294967296 (custom)
2022-09-08 01:52:00,911 [pool-218-thread-1] INFO  server.RaftServerConfigKeys (ConfUtils.java:logGet(46)) - raft.server.log.queue.element-limit = 1024 (custom)
2022-09-08 01:52:00,911 [pool-218-thread-1] INFO  server.RaftServerConfigKeys (ConfUtils.java:logGet(46)) - raft.server.log.segment.size.max = 1048576 (custom)
2022-09-08 01:52:00,911 [pool-218-thread-1] INFO  server.RaftServerConfigKeys (ConfUtils.java:logGet(46)) - raft.server.log.preallocated.size = 16384 (custom)
2022-09-08 01:52:00,911 [pool-218-thread-1] INFO  server.RaftServerConfigKeys (ConfUtils.java:logGet(46)) - raft.server.log.force.sync.num = 128 (default)
2022-09-08 01:52:00,911 [pool-218-thread-1] INFO  server.RaftServerConfigKeys (ConfUtils.java:logGet(46)) - raft.server.log.statemachine.data.sync = true (default)
2022-09-08 01:52:00,911 [pool-218-thread-1] INFO  server.RaftServerConfigKeys (ConfUtils.java:logGet(46)) - raft.server.log.statemachine.data.sync.timeout = 10s (default)
2022-09-08 01:52:00,911 [pool-218-thread-1] INFO  server.RaftServerConfigKeys (ConfUtils.java:logGet(46)) - raft.server.log.statemachine.data.sync.timeout.retry = -1 (default)
2022-09-08 01:52:00,911 [EventQueue-OpenPipelineForHealthyPipelineSafeModeRule] INFO  safemode.SCMSafeModeManager (HealthyPipelineSafeModeRule.java:process(137)) - SCM in safe mode. Healthy pipelines reported count is 0, required healthy pipeline reported count is 1
2022-09-08 01:52:00,912 [pool-218-thread-1] INFO  server.RaftServerConfigKeys (ConfUtils.java:logGet(46)) - raft.server.log.write.buffer.size = 1048576 (custom)
2022-09-08 01:52:00,912 [pool-218-thread-1] INFO  server.RaftServerConfigKeys (ConfUtils.java:logGet(46)) - raft.server.log.unsafe-flush.enabled = false (default)
2022-09-08 01:52:00,912 [pool-218-thread-1] INFO  server.RaftServerConfigKeys (ConfUtils.java:logGet(46)) - raft.server.log.statemachine.data.caching.enabled = true (custom)
2022-09-08 01:52:00,914 [pool-218-thread-1] INFO  segmented.SegmentedRaftLogWorker (SegmentedRaftLogWorker.java:lambda$new$0(135)) - 297af254-fbd9-498c-b51d-14a8fa249430@group-396EA8A6EF9E-SegmentedRaftLogWorker: flushIndex: setUnconditionally 0 -> -1
2022-09-08 01:52:00,914 [pool-218-thread-1] INFO  segmented.SegmentedRaftLogWorker (SegmentedRaftLogWorker.java:lambda$new$0(135)) - 297af254-fbd9-498c-b51d-14a8fa249430@group-396EA8A6EF9E-SegmentedRaftLogWorker: safeCacheEvictIndex: setUnconditionally 0 -> -1
2022-09-08 01:52:00,920 [pool-218-thread-1] INFO  server.RaftServerConfigKeys (ConfUtils.java:logGet(46)) - raft.server.snapshot.auto.trigger.enabled = true (custom)
2022-09-08 01:52:00,920 [pool-218-thread-1] INFO  server.RaftServerConfigKeys (ConfUtils.java:logGet(46)) - raft.server.snapshot.auto.trigger.threshold = 10000 (custom)
2022-09-08 01:52:00,920 [pool-218-thread-1] INFO  server.RaftServerConfigKeys (ConfUtils.java:logGet(46)) - raft.server.snapshot.retention.file.num = 5 (custom)
2022-09-08 01:52:00,920 [pool-218-thread-1] INFO  server.RaftServerConfigKeys (ConfUtils.java:logGet(46)) - raft.server.log.purge.upto.snapshot.index = false (default)
2022-09-08 01:52:00,920 [pool-218-thread-1] INFO  server.RaftServerConfigKeys (ConfUtils.java:logGet(46)) - raft.server.retrycache.expirytime = 600000ms (custom)
2022-09-08 01:52:00,920 [pool-218-thread-1] INFO  server.RaftServerConfigKeys (ConfUtils.java:logGet(46)) - raft.server.retrycache.statistics.expirytime = 100μs (default)
2022-09-08 01:52:00,921 [pool-218-thread-1] INFO  server.RaftServerConfigKeys (ConfUtils.java:logGet(46)) - raft.server.log.appender.install.snapshot.enabled = false (custom)
2022-09-08 01:52:00,921 [pool-218-thread-1] INFO  server.RaftServerConfigKeys (ConfUtils.java:logGet(46)) - raft.server.threadpool.server.cached = true (default)
2022-09-08 01:52:00,921 [pool-218-thread-1] INFO  server.RaftServerConfigKeys (ConfUtils.java:logGet(46)) - raft.server.threadpool.server.size = 0 (default)
2022-09-08 01:52:00,921 [pool-218-thread-1] INFO  server.RaftServerConfigKeys (ConfUtils.java:logGet(46)) - raft.server.threadpool.client.cached = true (default)
2022-09-08 01:52:00,921 [pool-218-thread-1] INFO  server.RaftServerConfigKeys (ConfUtils.java:logGet(46)) - raft.server.threadpool.client.size = 0 (default)
2022-09-08 01:52:00,921 [pool-218-thread-1] INFO  server.RaftServer$Division (RaftServerImpl.java:start(310)) - 297af254-fbd9-498c-b51d-14a8fa249430@group-396EA8A6EF9E: start as a follower, conf=-1: [284d7013-8473-4015-87b2-132fe6465f12|rpc:10.1.1.0:46817|priority:0, 7b5e435e-945e-43ee-952c-2ec3d7bd8fd3|rpc:10.1.1.0:45447|priority:1, 297af254-fbd9-498c-b51d-14a8fa249430|rpc:10.1.1.0:40627|priority:0], old=null
2022-09-08 01:52:00,921 [pool-218-thread-1] INFO  server.RaftServer$Division (RaftServerImpl.java:setRole(299)) - 297af254-fbd9-498c-b51d-14a8fa249430@group-396EA8A6EF9E: changes role from      null to FOLLOWER at term 0 for startAsFollower
2022-09-08 01:52:00,921 [pool-218-thread-1] INFO  impl.RoleInfo (RoleInfo.java:updateAndGet(139)) - 297af254-fbd9-498c-b51d-14a8fa249430: start 297af254-fbd9-498c-b51d-14a8fa249430@group-396EA8A6EF9E-FollowerState
2022-09-08 01:52:00,928 [pool-218-thread-1] INFO  util.JmxRegister (JmxRegister.java:tryRegister(44)) - Successfully registered JMX Bean with object name Ratis:service=RaftServer,group=group-396EA8A6EF9E,id=297af254-fbd9-498c-b51d-14a8fa249430
2022-09-08 01:52:00,937 [Command processor thread] INFO  ratis.XceiverServerRatis (XceiverServerRatis.java:addGroup(765)) - Created group PipelineID=5a0a6b45-9bd5-407a-9215-396ea8a6ef9e
2022-09-08 01:52:00,978 [grpc-default-executor-0] INFO  server.RaftServer (RaftServerProxy.java:addNew(96)) - 7b5e435e-945e-43ee-952c-2ec3d7bd8fd3: addNew group-396EA8A6EF9E:[284d7013-8473-4015-87b2-132fe6465f12|rpc:10.1.1.0:46817|dataStream:|priority:0, 7b5e435e-945e-43ee-952c-2ec3d7bd8fd3|rpc:10.1.1.0:45447|dataStream:|priority:1, 297af254-fbd9-498c-b51d-14a8fa249430|rpc:10.1.1.0:40627|dataStream:|priority:0] returns group-396EA8A6EF9E:java.util.concurrent.CompletableFuture@63a53c33[Not completed]
2022-09-08 01:52:00,991 [pool-264-thread-1] INFO  server.RaftServer$Division (RaftServerImpl.java:<init>(190)) - 7b5e435e-945e-43ee-952c-2ec3d7bd8fd3: new RaftServerImpl for group-396EA8A6EF9E:[284d7013-8473-4015-87b2-132fe6465f12|rpc:10.1.1.0:46817|dataStream:|priority:0, 7b5e435e-945e-43ee-952c-2ec3d7bd8fd3|rpc:10.1.1.0:45447|dataStream:|priority:1, 297af254-fbd9-498c-b51d-14a8fa249430|rpc:10.1.1.0:40627|dataStream:|priority:0] with ContainerStateMachine:uninitialized
2022-09-08 01:52:00,991 [pool-264-thread-1] INFO  server.RaftServerConfigKeys (ConfUtils.java:logGet(46)) - raft.server.rpc.timeout.min = 5s (custom)
2022-09-08 01:52:00,991 [pool-264-thread-1] INFO  server.RaftServerConfigKeys (ConfUtils.java:logGet(46)) - raft.server.rpc.timeout.max = 5200ms (custom)
2022-09-08 01:52:00,991 [pool-264-thread-1] INFO  server.RaftServerConfigKeys (ConfUtils.java:logGet(46)) - raft.server.rpc.sleep.time = 25ms (default)
2022-09-08 01:52:00,991 [pool-264-thread-1] INFO  server.RaftServerConfigKeys (ConfUtils.java:logGet(46)) - raft.server.rpc.slowness.timeout = 300s (custom)
2022-09-08 01:52:00,991 [pool-264-thread-1] INFO  server.RaftServerConfigKeys (ConfUtils.java:logGet(46)) - raft.server.leaderelection.leader.step-down.wait-time = 10s (default)
2022-09-08 01:52:00,991 [pool-264-thread-1] INFO  server.RaftServerConfigKeys (ConfUtils.java:logGet(46)) - raft.server.sleep.deviation.threshold = 300ms (default)
2022-09-08 01:52:00,991 [pool-264-thread-1] INFO  server.RaftServer$Division (ServerState.java:<init>(107)) - 7b5e435e-945e-43ee-952c-2ec3d7bd8fd3@group-396EA8A6EF9E: ConfigurationManager, init=-1: [284d7013-8473-4015-87b2-132fe6465f12|rpc:10.1.1.0:46817|dataStream:|priority:0, 7b5e435e-945e-43ee-952c-2ec3d7bd8fd3|rpc:10.1.1.0:45447|dataStream:|priority:1, 297af254-fbd9-498c-b51d-14a8fa249430|rpc:10.1.1.0:40627|dataStream:|priority:0], old=null, confs=<EMPTY_MAP>
2022-09-08 01:52:00,991 [pool-264-thread-1] INFO  server.RaftServerConfigKeys (ConfUtils.java:logGet(46)) - raft.server.storage.dir = [/home/runner/work/ozone/ozone/hadoop-ozone/integration-test/target/test-dir/MiniOzoneClusterImpl-51344073-2fe9-4e0e-b214-dcc669bc958a/datanode-2/data/ratis] (custom)
2022-09-08 01:52:00,992 [pool-264-thread-1] INFO  server.RaftServerConfigKeys (ConfUtils.java:logGet(46)) - raft.server.log.corruption.policy = EXCEPTION (default)
2022-09-08 01:52:00,992 [pool-264-thread-1] INFO  server.RaftServerConfigKeys (ConfUtils.java:logGet(46)) - raft.server.storage.free-space.min = 0MB (=0) (default)
2022-09-08 01:52:00,992 [pool-264-thread-1] INFO  storage.RaftStorageDirectory (RaftStorageDirectoryImpl.java:analyzeStorage(135)) - The storage directory /home/runner/work/ozone/ozone/hadoop-ozone/integration-test/target/test-dir/MiniOzoneClusterImpl-51344073-2fe9-4e0e-b214-dcc669bc958a/datanode-2/data/ratis/5a0a6b45-9bd5-407a-9215-396ea8a6ef9e does not exist. Creating ...
2022-09-08 01:52:00,995 [pool-264-thread-1] INFO  storage.RaftStorageDirectory (RaftStorageDirectoryImpl.java:tryLock(230)) - Lock on /home/runner/work/ozone/ozone/hadoop-ozone/integration-test/target/test-dir/MiniOzoneClusterImpl-51344073-2fe9-4e0e-b214-dcc669bc958a/datanode-2/data/ratis/5a0a6b45-9bd5-407a-9215-396ea8a6ef9e/in_use.lock acquired by nodename 132736@fv-az38-857
2022-09-08 01:52:01,001 [pool-264-thread-1] INFO  storage.RaftStorage (RaftStorageImpl.java:format(89)) - Storage directory /home/runner/work/ozone/ozone/hadoop-ozone/integration-test/target/test-dir/MiniOzoneClusterImpl-51344073-2fe9-4e0e-b214-dcc669bc958a/datanode-2/data/ratis/5a0a6b45-9bd5-407a-9215-396ea8a6ef9e has been successfully formatted.
2022-09-08 01:52:01,002 [pool-264-thread-1] INFO  ratis.ContainerStateMachine (ContainerStateMachine.java:loadSnapshot(236)) - group-396EA8A6EF9E: The snapshot info is null. Setting the last applied indexto:(t:0, i:~)
2022-09-08 01:52:01,002 [pool-264-thread-1] INFO  server.RaftServerConfigKeys (ConfUtils.java:logGet(46)) - raft.server.notification.no-leader.timeout = 300s (custom)
2022-09-08 01:52:01,002 [pool-264-thread-1] INFO  server.RaftServerConfigKeys (ConfUtils.java:logGet(46)) - raft.server.log.use.memory = false (default)
2022-09-08 01:52:01,002 [pool-264-thread-1] INFO  server.RaftServerConfigKeys (ConfUtils.java:logGet(46)) - raft.server.log.purge.gap = 1000000 (custom)
2022-09-08 01:52:01,002 [pool-264-thread-1] INFO  server.RaftServerConfigKeys (ConfUtils.java:logGet(46)) - raft.server.log.appender.buffer.byte-limit = 33554432 (custom)
2022-09-08 01:52:01,003 [pool-264-thread-1] INFO  server.RaftServerConfigKeys (ConfUtils.java:logGet(46)) - raft.server.log.statemachine.data.read.timeout = 1000ms (default)
2022-09-08 01:52:01,003 [pool-264-thread-1] INFO  server.RaftServerConfigKeys (ConfUtils.java:logGet(46)) - raft.server.log.segment.size.max = 1048576 (custom)
2022-09-08 01:52:01,004 [pool-264-thread-1] INFO  server.RaftServerConfigKeys (ConfUtils.java:logGet(46)) - raft.server.log.segment.cache.num.max = 2 (custom)
2022-09-08 01:52:01,004 [pool-264-thread-1] INFO  server.RaftServerConfigKeys (ConfUtils.java:logGet(46)) - raft.server.log.segment.cache.size.max = 200MB (=209715200) (default)
2022-09-08 01:52:01,004 [pool-264-thread-1] INFO  segmented.SegmentedRaftLogWorker (SegmentedRaftLogWorker.java:<init>(187)) - new 7b5e435e-945e-43ee-952c-2ec3d7bd8fd3@group-396EA8A6EF9E-SegmentedRaftLogWorker for RaftStorageImpl:Storage Directory /home/runner/work/ozone/ozone/hadoop-ozone/integration-test/target/test-dir/MiniOzoneClusterImpl-51344073-2fe9-4e0e-b214-dcc669bc958a/datanode-2/data/ratis/5a0a6b45-9bd5-407a-9215-396ea8a6ef9e
2022-09-08 01:52:01,004 [pool-264-thread-1] INFO  server.RaftServerConfigKeys (ConfUtils.java:logGet(46)) - raft.server.log.queue.byte-limit = 4294967296 (custom)
2022-09-08 01:52:01,004 [pool-264-thread-1] INFO  server.RaftServerConfigKeys (ConfUtils.java:logGet(46)) - raft.server.log.queue.element-limit = 1024 (custom)
2022-09-08 01:52:01,004 [pool-264-thread-1] INFO  server.RaftServerConfigKeys (ConfUtils.java:logGet(46)) - raft.server.log.segment.size.max = 1048576 (custom)
2022-09-08 01:52:01,004 [pool-264-thread-1] INFO  server.RaftServerConfigKeys (ConfUtils.java:logGet(46)) - raft.server.log.preallocated.size = 16384 (custom)
2022-09-08 01:52:01,004 [pool-264-thread-1] INFO  server.RaftServerConfigKeys (ConfUtils.java:logGet(46)) - raft.server.log.force.sync.num = 128 (default)
2022-09-08 01:52:01,004 [pool-264-thread-1] INFO  server.RaftServerConfigKeys (ConfUtils.java:logGet(46)) - raft.server.log.statemachine.data.sync = true (default)
2022-09-08 01:52:01,004 [pool-264-thread-1] INFO  server.RaftServerConfigKeys (ConfUtils.java:logGet(46)) - raft.server.log.statemachine.data.sync.timeout = 10s (default)
2022-09-08 01:52:01,004 [pool-264-thread-1] INFO  server.RaftServerConfigKeys (ConfUtils.java:logGet(46)) - raft.server.log.statemachine.data.sync.timeout.retry = -1 (default)
2022-09-08 01:52:01,013 [pool-264-thread-1] INFO  server.RaftServerConfigKeys (ConfUtils.java:logGet(46)) - raft.server.log.write.buffer.size = 1048576 (custom)
2022-09-08 01:52:01,013 [pool-264-thread-1] INFO  server.RaftServerConfigKeys (ConfUtils.java:logGet(46)) - raft.server.log.unsafe-flush.enabled = false (default)
2022-09-08 01:52:01,013 [pool-264-thread-1] INFO  server.RaftServerConfigKeys (ConfUtils.java:logGet(46)) - raft.server.log.statemachine.data.caching.enabled = true (custom)
2022-09-08 01:52:01,013 [pool-264-thread-1] INFO  segmented.SegmentedRaftLogWorker (SegmentedRaftLogWorker.java:lambda$new$0(135)) - 7b5e435e-945e-43ee-952c-2ec3d7bd8fd3@group-396EA8A6EF9E-SegmentedRaftLogWorker: flushIndex: setUnconditionally 0 -> -1
2022-09-08 01:52:01,013 [pool-264-thread-1] INFO  segmented.SegmentedRaftLogWorker (SegmentedRaftLogWorker.java:lambda$new$0(135)) - 7b5e435e-945e-43ee-952c-2ec3d7bd8fd3@group-396EA8A6EF9E-SegmentedRaftLogWorker: safeCacheEvictIndex: setUnconditionally 0 -> -1
2022-09-08 01:52:01,020 [pool-264-thread-1] INFO  server.RaftServerConfigKeys (ConfUtils.java:logGet(46)) - raft.server.snapshot.auto.trigger.enabled = true (custom)
2022-09-08 01:52:01,020 [pool-264-thread-1] INFO  server.RaftServerConfigKeys (ConfUtils.java:logGet(46)) - raft.server.snapshot.auto.trigger.threshold = 10000 (custom)
2022-09-08 01:52:01,020 [pool-264-thread-1] INFO  server.RaftServerConfigKeys (ConfUtils.java:logGet(46)) - raft.server.snapshot.retention.file.num = 5 (custom)
2022-09-08 01:52:01,020 [pool-264-thread-1] INFO  server.RaftServerConfigKeys (ConfUtils.java:logGet(46)) - raft.server.log.purge.upto.snapshot.index = false (default)
2022-09-08 01:52:01,020 [pool-264-thread-1] INFO  server.RaftServerConfigKeys (ConfUtils.java:logGet(46)) - raft.server.retrycache.expirytime = 600000ms (custom)
2022-09-08 01:52:01,020 [pool-264-thread-1] INFO  server.RaftServerConfigKeys (ConfUtils.java:logGet(46)) - raft.server.retrycache.statistics.expirytime = 100μs (default)
2022-09-08 01:52:01,021 [pool-264-thread-1] INFO  server.RaftServerConfigKeys (ConfUtils.java:logGet(46)) - raft.server.log.appender.install.snapshot.enabled = false (custom)
2022-09-08 01:52:01,021 [pool-264-thread-1] INFO  server.RaftServerConfigKeys (ConfUtils.java:logGet(46)) - raft.server.threadpool.server.cached = true (default)
2022-09-08 01:52:01,021 [pool-264-thread-1] INFO  server.RaftServerConfigKeys (ConfUtils.java:logGet(46)) - raft.server.threadpool.server.size = 0 (default)
2022-09-08 01:52:01,021 [pool-264-thread-1] INFO  server.RaftServerConfigKeys (ConfUtils.java:logGet(46)) - raft.server.threadpool.client.cached = true (default)
2022-09-08 01:52:01,021 [pool-264-thread-1] INFO  server.RaftServerConfigKeys (ConfUtils.java:logGet(46)) - raft.server.threadpool.client.size = 0 (default)
2022-09-08 01:52:01,021 [pool-264-thread-1] INFO  server.RaftServer$Division (RaftServerImpl.java:start(310)) - 7b5e435e-945e-43ee-952c-2ec3d7bd8fd3@group-396EA8A6EF9E: start as a follower, conf=-1: [284d7013-8473-4015-87b2-132fe6465f12|rpc:10.1.1.0:46817|dataStream:|priority:0, 7b5e435e-945e-43ee-952c-2ec3d7bd8fd3|rpc:10.1.1.0:45447|dataStream:|priority:1, 297af254-fbd9-498c-b51d-14a8fa249430|rpc:10.1.1.0:40627|dataStream:|priority:0], old=null
2022-09-08 01:52:01,021 [pool-264-thread-1] INFO  server.RaftServer$Division (RaftServerImpl.java:setRole(299)) - 7b5e435e-945e-43ee-952c-2ec3d7bd8fd3@group-396EA8A6EF9E: changes role from      null to FOLLOWER at term 0 for startAsFollower
2022-09-08 01:52:01,021 [pool-264-thread-1] INFO  impl.RoleInfo (RoleInfo.java:updateAndGet(139)) - 7b5e435e-945e-43ee-952c-2ec3d7bd8fd3: start 7b5e435e-945e-43ee-952c-2ec3d7bd8fd3@group-396EA8A6EF9E-FollowerState
2022-09-08 01:52:01,028 [pool-264-thread-1] INFO  util.JmxRegister (JmxRegister.java:tryRegister(44)) - Successfully registered JMX Bean with object name Ratis:service=RaftServer,group=group-396EA8A6EF9E,id=7b5e435e-945e-43ee-952c-2ec3d7bd8fd3
2022-09-08 01:52:01,038 [Listener at 127.0.0.1/35669] INFO  ozone.MiniOzoneClusterImpl (MiniOzoneClusterImpl.java:lambda$waitForClusterToBeReady$0(216)) - Nodes are ready. Got 3 of 3 DN Heartbeats.
2022-09-08 01:52:01,038 [Listener at 127.0.0.1/35669] INFO  ozone.MiniOzoneClusterImpl (MiniOzoneClusterImpl.java:lambda$waitForClusterToBeReady$0(219)) - Waiting for cluster to exit safe mode
2022-09-08 01:52:01,038 [Listener at 127.0.0.1/35669] INFO  ozone.MiniOzoneClusterImpl (MiniOzoneClusterImpl.java:lambda$waitForClusterToBeReady$0(221)) - SCM became leader
2022-09-08 01:52:01,070 [grpc-default-executor-0] INFO  server.RaftServer (RaftServerProxy.java:addNew(96)) - 284d7013-8473-4015-87b2-132fe6465f12: addNew group-396EA8A6EF9E:[284d7013-8473-4015-87b2-132fe6465f12|rpc:10.1.1.0:46817|dataStream:|priority:0, 7b5e435e-945e-43ee-952c-2ec3d7bd8fd3|rpc:10.1.1.0:45447|dataStream:|priority:1, 297af254-fbd9-498c-b51d-14a8fa249430|rpc:10.1.1.0:40627|dataStream:|priority:0] returns group-396EA8A6EF9E:java.util.concurrent.CompletableFuture@3a1318d1[Not completed]
2022-09-08 01:52:01,090 [pool-241-thread-1] INFO  server.RaftServer$Division (RaftServerImpl.java:<init>(190)) - 284d7013-8473-4015-87b2-132fe6465f12: new RaftServerImpl for group-396EA8A6EF9E:[284d7013-8473-4015-87b2-132fe6465f12|rpc:10.1.1.0:46817|dataStream:|priority:0, 7b5e435e-945e-43ee-952c-2ec3d7bd8fd3|rpc:10.1.1.0:45447|dataStream:|priority:1, 297af254-fbd9-498c-b51d-14a8fa249430|rpc:10.1.1.0:40627|dataStream:|priority:0] with ContainerStateMachine:uninitialized
2022-09-08 01:52:01,090 [pool-241-thread-1] INFO  server.RaftServerConfigKeys (ConfUtils.java:logGet(46)) - raft.server.rpc.timeout.min = 5s (custom)
2022-09-08 01:52:01,090 [pool-241-thread-1] INFO  server.RaftServerConfigKeys (ConfUtils.java:logGet(46)) - raft.server.rpc.timeout.max = 5200ms (custom)
2022-09-08 01:52:01,090 [pool-241-thread-1] INFO  server.RaftServerConfigKeys (ConfUtils.java:logGet(46)) - raft.server.rpc.sleep.time = 25ms (default)
2022-09-08 01:52:01,090 [pool-241-thread-1] INFO  server.RaftServerConfigKeys (ConfUtils.java:logGet(46)) - raft.server.rpc.slowness.timeout = 300s (custom)
2022-09-08 01:52:01,090 [pool-241-thread-1] INFO  server.RaftServerConfigKeys (ConfUtils.java:logGet(46)) - raft.server.leaderelection.leader.step-down.wait-time = 10s (default)
2022-09-08 01:52:01,090 [pool-241-thread-1] INFO  server.RaftServerConfigKeys (ConfUtils.java:logGet(46)) - raft.server.sleep.deviation.threshold = 300ms (default)
2022-09-08 01:52:01,090 [pool-241-thread-1] INFO  server.RaftServer$Division (ServerState.java:<init>(107)) - 284d7013-8473-4015-87b2-132fe6465f12@group-396EA8A6EF9E: ConfigurationManager, init=-1: [284d7013-8473-4015-87b2-132fe6465f12|rpc:10.1.1.0:46817|dataStream:|priority:0, 7b5e435e-945e-43ee-952c-2ec3d7bd8fd3|rpc:10.1.1.0:45447|dataStream:|priority:1, 297af254-fbd9-498c-b51d-14a8fa249430|rpc:10.1.1.0:40627|dataStream:|priority:0], old=null, confs=<EMPTY_MAP>
2022-09-08 01:52:01,090 [pool-241-thread-1] INFO  server.RaftServerConfigKeys (ConfUtils.java:logGet(46)) - raft.server.storage.dir = [/home/runner/work/ozone/ozone/hadoop-ozone/integration-test/target/test-dir/MiniOzoneClusterImpl-51344073-2fe9-4e0e-b214-dcc669bc958a/datanode-1/data/ratis] (custom)
2022-09-08 01:52:01,090 [pool-241-thread-1] INFO  server.RaftServerConfigKeys (ConfUtils.java:logGet(46)) - raft.server.log.corruption.policy = EXCEPTION (default)
2022-09-08 01:52:01,090 [pool-241-thread-1] INFO  server.RaftServerConfigKeys (ConfUtils.java:logGet(46)) - raft.server.storage.free-space.min = 0MB (=0) (default)
2022-09-08 01:52:01,091 [pool-241-thread-1] INFO  storage.RaftStorageDirectory (RaftStorageDirectoryImpl.java:analyzeStorage(135)) - The storage directory /home/runner/work/ozone/ozone/hadoop-ozone/integration-test/target/test-dir/MiniOzoneClusterImpl-51344073-2fe9-4e0e-b214-dcc669bc958a/datanode-1/data/ratis/5a0a6b45-9bd5-407a-9215-396ea8a6ef9e does not exist. Creating ...
2022-09-08 01:52:01,093 [pool-241-thread-1] INFO  storage.RaftStorageDirectory (RaftStorageDirectoryImpl.java:tryLock(230)) - Lock on /home/runner/work/ozone/ozone/hadoop-ozone/integration-test/target/test-dir/MiniOzoneClusterImpl-51344073-2fe9-4e0e-b214-dcc669bc958a/datanode-1/data/ratis/5a0a6b45-9bd5-407a-9215-396ea8a6ef9e/in_use.lock acquired by nodename 132736@fv-az38-857
2022-09-08 01:52:01,094 [pool-241-thread-1] INFO  storage.RaftStorage (RaftStorageImpl.java:format(89)) - Storage directory /home/runner/work/ozone/ozone/hadoop-ozone/integration-test/target/test-dir/MiniOzoneClusterImpl-51344073-2fe9-4e0e-b214-dcc669bc958a/datanode-1/data/ratis/5a0a6b45-9bd5-407a-9215-396ea8a6ef9e has been successfully formatted.
2022-09-08 01:52:01,095 [pool-241-thread-1] INFO  ratis.ContainerStateMachine (ContainerStateMachine.java:loadSnapshot(236)) - group-396EA8A6EF9E: The snapshot info is null. Setting the last applied indexto:(t:0, i:~)
2022-09-08 01:52:01,095 [pool-241-thread-1] INFO  server.RaftServerConfigKeys (ConfUtils.java:logGet(46)) - raft.server.notification.no-leader.timeout = 300s (custom)
2022-09-08 01:52:01,095 [pool-241-thread-1] INFO  server.RaftServerConfigKeys (ConfUtils.java:logGet(46)) - raft.server.log.use.memory = false (default)
2022-09-08 01:52:01,095 [pool-241-thread-1] INFO  server.RaftServerConfigKeys (ConfUtils.java:logGet(46)) - raft.server.log.purge.gap = 1000000 (custom)
2022-09-08 01:52:01,095 [pool-241-thread-1] INFO  server.RaftServerConfigKeys (ConfUtils.java:logGet(46)) - raft.server.log.appender.buffer.byte-limit = 33554432 (custom)
2022-09-08 01:52:01,095 [pool-241-thread-1] INFO  server.RaftServerConfigKeys (ConfUtils.java:logGet(46)) - raft.server.log.statemachine.data.read.timeout = 1000ms (default)
2022-09-08 01:52:01,096 [pool-241-thread-1] INFO  server.RaftServerConfigKeys (ConfUtils.java:logGet(46)) - raft.server.log.segment.size.max = 1048576 (custom)
2022-09-08 01:52:01,096 [pool-241-thread-1] INFO  server.RaftServerConfigKeys (ConfUtils.java:logGet(46)) - raft.server.log.segment.cache.num.max = 2 (custom)
2022-09-08 01:52:01,096 [pool-241-thread-1] INFO  server.RaftServerConfigKeys (ConfUtils.java:logGet(46)) - raft.server.log.segment.cache.size.max = 200MB (=209715200) (default)
2022-09-08 01:52:01,096 [pool-241-thread-1] INFO  segmented.SegmentedRaftLogWorker (SegmentedRaftLogWorker.java:<init>(187)) - new 284d7013-8473-4015-87b2-132fe6465f12@group-396EA8A6EF9E-SegmentedRaftLogWorker for RaftStorageImpl:Storage Directory /home/runner/work/ozone/ozone/hadoop-ozone/integration-test/target/test-dir/MiniOzoneClusterImpl-51344073-2fe9-4e0e-b214-dcc669bc958a/datanode-1/data/ratis/5a0a6b45-9bd5-407a-9215-396ea8a6ef9e
2022-09-08 01:52:01,096 [pool-241-thread-1] INFO  server.RaftServerConfigKeys (ConfUtils.java:logGet(46)) - raft.server.log.queue.byte-limit = 4294967296 (custom)
2022-09-08 01:52:01,096 [pool-241-thread-1] INFO  server.RaftServerConfigKeys (ConfUtils.java:logGet(46)) - raft.server.log.queue.element-limit = 1024 (custom)
2022-09-08 01:52:01,096 [pool-241-thread-1] INFO  server.RaftServerConfigKeys (ConfUtils.java:logGet(46)) - raft.server.log.segment.size.max = 1048576 (custom)
2022-09-08 01:52:01,096 [pool-241-thread-1] INFO  server.RaftServerConfigKeys (ConfUtils.java:logGet(46)) - raft.server.log.preallocated.size = 16384 (custom)
2022-09-08 01:52:01,096 [pool-241-thread-1] INFO  server.RaftServerConfigKeys (ConfUtils.java:logGet(46)) - raft.server.log.force.sync.num = 128 (default)
2022-09-08 01:52:01,096 [pool-241-thread-1] INFO  server.RaftServerConfigKeys (ConfUtils.java:logGet(46)) - raft.server.log.statemachine.data.sync = true (default)
2022-09-08 01:52:01,096 [pool-241-thread-1] INFO  server.RaftServerConfigKeys (ConfUtils.java:logGet(46)) - raft.server.log.statemachine.data.sync.timeout = 10s (default)
2022-09-08 01:52:01,096 [pool-241-thread-1] INFO  server.RaftServerConfigKeys (ConfUtils.java:logGet(46)) - raft.server.log.statemachine.data.sync.timeout.retry = -1 (default)
2022-09-08 01:52:01,097 [pool-241-thread-1] INFO  server.RaftServerConfigKeys (ConfUtils.java:logGet(46)) - raft.server.log.write.buffer.size = 1048576 (custom)
2022-09-08 01:52:01,105 [pool-241-thread-1] INFO  server.RaftServerConfigKeys (ConfUtils.java:logGet(46)) - raft.server.log.unsafe-flush.enabled = false (default)
2022-09-08 01:52:01,105 [pool-241-thread-1] INFO  server.RaftServerConfigKeys (ConfUtils.java:logGet(46)) - raft.server.log.statemachine.data.caching.enabled = true (custom)
2022-09-08 01:52:01,105 [pool-241-thread-1] INFO  segmented.SegmentedRaftLogWorker (SegmentedRaftLogWorker.java:lambda$new$0(135)) - 284d7013-8473-4015-87b2-132fe6465f12@group-396EA8A6EF9E-SegmentedRaftLogWorker: flushIndex: setUnconditionally 0 -> -1
2022-09-08 01:52:01,105 [pool-241-thread-1] INFO  segmented.SegmentedRaftLogWorker (SegmentedRaftLogWorker.java:lambda$new$0(135)) - 284d7013-8473-4015-87b2-132fe6465f12@group-396EA8A6EF9E-SegmentedRaftLogWorker: safeCacheEvictIndex: setUnconditionally 0 -> -1
2022-09-08 01:52:01,109 [pool-241-thread-1] INFO  server.RaftServerConfigKeys (ConfUtils.java:logGet(46)) - raft.server.snapshot.auto.trigger.enabled = true (custom)
2022-09-08 01:52:01,109 [pool-241-thread-1] INFO  server.RaftServerConfigKeys (ConfUtils.java:logGet(46)) - raft.server.snapshot.auto.trigger.threshold = 10000 (custom)
2022-09-08 01:52:01,109 [pool-241-thread-1] INFO  server.RaftServerConfigKeys (ConfUtils.java:logGet(46)) - raft.server.snapshot.retention.file.num = 5 (custom)
2022-09-08 01:52:01,109 [pool-241-thread-1] INFO  server.RaftServerConfigKeys (ConfUtils.java:logGet(46)) - raft.server.log.purge.upto.snapshot.index = false (default)
2022-09-08 01:52:01,109 [pool-241-thread-1] INFO  server.RaftServerConfigKeys (ConfUtils.java:logGet(46)) - raft.server.retrycache.expirytime = 600000ms (custom)
2022-09-08 01:52:01,109 [pool-241-thread-1] INFO  server.RaftServerConfigKeys (ConfUtils.java:logGet(46)) - raft.server.retrycache.statistics.expirytime = 100μs (default)
2022-09-08 01:52:01,110 [pool-241-thread-1] INFO  server.RaftServerConfigKeys (ConfUtils.java:logGet(46)) - raft.server.log.appender.install.snapshot.enabled = false (custom)
2022-09-08 01:52:01,110 [pool-241-thread-1] INFO  server.RaftServerConfigKeys (ConfUtils.java:logGet(46)) - raft.server.threadpool.server.cached = true (default)
2022-09-08 01:52:01,110 [pool-241-thread-1] INFO  server.RaftServerConfigKeys (ConfUtils.java:logGet(46)) - raft.server.threadpool.server.size = 0 (default)
2022-09-08 01:52:01,110 [pool-241-thread-1] INFO  server.RaftServerConfigKeys (ConfUtils.java:logGet(46)) - raft.server.threadpool.client.cached = true (default)
2022-09-08 01:52:01,110 [pool-241-thread-1] INFO  server.RaftServerConfigKeys (ConfUtils.java:logGet(46)) - raft.server.threadpool.client.size = 0 (default)
2022-09-08 01:52:01,110 [pool-241-thread-1] INFO  server.RaftServer$Division (RaftServerImpl.java:start(310)) - 284d7013-8473-4015-87b2-132fe6465f12@group-396EA8A6EF9E: start as a follower, conf=-1: [284d7013-8473-4015-87b2-132fe6465f12|rpc:10.1.1.0:46817|dataStream:|priority:0, 7b5e435e-945e-43ee-952c-2ec3d7bd8fd3|rpc:10.1.1.0:45447|dataStream:|priority:1, 297af254-fbd9-498c-b51d-14a8fa249430|rpc:10.1.1.0:40627|dataStream:|priority:0], old=null
2022-09-08 01:52:01,110 [pool-241-thread-1] INFO  server.RaftServer$Division (RaftServerImpl.java:setRole(299)) - 284d7013-8473-4015-87b2-132fe6465f12@group-396EA8A6EF9E: changes role from      null to FOLLOWER at term 0 for startAsFollower
2022-09-08 01:52:01,110 [pool-241-thread-1] INFO  impl.RoleInfo (RoleInfo.java:updateAndGet(139)) - 284d7013-8473-4015-87b2-132fe6465f12: start 284d7013-8473-4015-87b2-132fe6465f12@group-396EA8A6EF9E-FollowerState
2022-09-08 01:52:01,113 [pool-241-thread-1] INFO  util.JmxRegister (JmxRegister.java:tryRegister(44)) - Successfully registered JMX Bean with object name Ratis:service=RaftServer,group=group-396EA8A6EF9E,id=284d7013-8473-4015-87b2-132fe6465f12
2022-09-08 01:52:01,130 [Command processor thread] INFO  commandhandler.CreatePipelineCommandHandler (CreatePipelineCommandHandler.java:handle(113)) - Created Pipeline RATIS THREE PipelineID=5a0a6b45-9bd5-407a-9215-396ea8a6ef9e.
2022-09-08 01:52:01,130 [Command processor thread] INFO  server.RaftServer (RaftServerProxy.java:addNew(96)) - 297af254-fbd9-498c-b51d-14a8fa249430: addNew group-812EC5BB37CB:[284d7013-8473-4015-87b2-132fe6465f12|rpc:10.1.1.0:46817|priority:1, 7b5e435e-945e-43ee-952c-2ec3d7bd8fd3|rpc:10.1.1.0:45447|priority:0, 297af254-fbd9-498c-b51d-14a8fa249430|rpc:10.1.1.0:40627|priority:0] returns group-812EC5BB37CB:java.util.concurrent.CompletableFuture@476dccca[Not completed]
2022-09-08 01:52:01,131 [pool-218-thread-1] INFO  server.RaftServer$Division (RaftServerImpl.java:<init>(190)) - 297af254-fbd9-498c-b51d-14a8fa249430: new RaftServerImpl for group-812EC5BB37CB:[284d7013-8473-4015-87b2-132fe6465f12|rpc:10.1.1.0:46817|priority:1, 7b5e435e-945e-43ee-952c-2ec3d7bd8fd3|rpc:10.1.1.0:45447|priority:0, 297af254-fbd9-498c-b51d-14a8fa249430|rpc:10.1.1.0:40627|priority:0] with ContainerStateMachine:uninitialized
2022-09-08 01:52:01,131 [pool-218-thread-1] INFO  server.RaftServerConfigKeys (ConfUtils.java:logGet(46)) - raft.server.rpc.timeout.min = 5s (custom)
2022-09-08 01:52:01,131 [pool-218-thread-1] INFO  server.RaftServerConfigKeys (ConfUtils.java:logGet(46)) - raft.server.rpc.timeout.max = 5200ms (custom)
2022-09-08 01:52:01,131 [pool-218-thread-1] INFO  server.RaftServerConfigKeys (ConfUtils.java:logGet(46)) - raft.server.rpc.sleep.time = 25ms (default)
2022-09-08 01:52:01,132 [pool-218-thread-1] INFO  server.RaftServerConfigKeys (ConfUtils.java:logGet(46)) - raft.server.rpc.slowness.timeout = 300s (custom)
2022-09-08 01:52:01,132 [pool-218-thread-1] INFO  server.RaftServerConfigKeys (ConfUtils.java:logGet(46)) - raft.server.leaderelection.leader.step-down.wait-time = 10s (default)
2022-09-08 01:52:01,132 [pool-218-thread-1] INFO  server.RaftServerConfigKeys (ConfUtils.java:logGet(46)) - raft.server.sleep.deviation.threshold = 300ms (default)
2022-09-08 01:52:01,132 [pool-218-thread-1] INFO  server.RaftServer$Division (ServerState.java:<init>(107)) - 297af254-fbd9-498c-b51d-14a8fa249430@group-812EC5BB37CB: ConfigurationManager, init=-1: [284d7013-8473-4015-87b2-132fe6465f12|rpc:10.1.1.0:46817|priority:1, 7b5e435e-945e-43ee-952c-2ec3d7bd8fd3|rpc:10.1.1.0:45447|priority:0, 297af254-fbd9-498c-b51d-14a8fa249430|rpc:10.1.1.0:40627|priority:0], old=null, confs=<EMPTY_MAP>
2022-09-08 01:52:01,132 [pool-218-thread-1] INFO  server.RaftServerConfigKeys (ConfUtils.java:logGet(46)) - raft.server.storage.dir = [/home/runner/work/ozone/ozone/hadoop-ozone/integration-test/target/test-dir/MiniOzoneClusterImpl-51344073-2fe9-4e0e-b214-dcc669bc958a/datanode-0/data/ratis] (custom)
2022-09-08 01:52:01,132 [pool-218-thread-1] INFO  server.RaftServerConfigKeys (ConfUtils.java:logGet(46)) - raft.server.log.corruption.policy = EXCEPTION (default)
2022-09-08 01:52:01,132 [pool-218-thread-1] INFO  server.RaftServerConfigKeys (ConfUtils.java:logGet(46)) - raft.server.storage.free-space.min = 0MB (=0) (default)
2022-09-08 01:52:01,132 [pool-218-thread-1] INFO  storage.RaftStorageDirectory (RaftStorageDirectoryImpl.java:analyzeStorage(135)) - The storage directory /home/runner/work/ozone/ozone/hadoop-ozone/integration-test/target/test-dir/MiniOzoneClusterImpl-51344073-2fe9-4e0e-b214-dcc669bc958a/datanode-0/data/ratis/d5489d95-2799-4650-b58b-812ec5bb37cb does not exist. Creating ...
2022-09-08 01:52:01,134 [pool-218-thread-1] INFO  storage.RaftStorageDirectory (RaftStorageDirectoryImpl.java:tryLock(230)) - Lock on /home/runner/work/ozone/ozone/hadoop-ozone/integration-test/target/test-dir/MiniOzoneClusterImpl-51344073-2fe9-4e0e-b214-dcc669bc958a/datanode-0/data/ratis/d5489d95-2799-4650-b58b-812ec5bb37cb/in_use.lock acquired by nodename 132736@fv-az38-857
2022-09-08 01:52:01,136 [pool-218-thread-1] INFO  storage.RaftStorage (RaftStorageImpl.java:format(89)) - Storage directory /home/runner/work/ozone/ozone/hadoop-ozone/integration-test/target/test-dir/MiniOzoneClusterImpl-51344073-2fe9-4e0e-b214-dcc669bc958a/datanode-0/data/ratis/d5489d95-2799-4650-b58b-812ec5bb37cb has been successfully formatted.
2022-09-08 01:52:01,138 [pool-218-thread-1] INFO  ratis.ContainerStateMachine (ContainerStateMachine.java:loadSnapshot(236)) - group-812EC5BB37CB: The snapshot info is null. Setting the last applied indexto:(t:0, i:~)
2022-09-08 01:52:01,138 [pool-218-thread-1] INFO  server.RaftServerConfigKeys (ConfUtils.java:logGet(46)) - raft.server.notification.no-leader.timeout = 300s (custom)
2022-09-08 01:52:01,138 [pool-218-thread-1] INFO  server.RaftServerConfigKeys (ConfUtils.java:logGet(46)) - raft.server.log.use.memory = false (default)
2022-09-08 01:52:01,138 [pool-218-thread-1] INFO  server.RaftServerConfigKeys (ConfUtils.java:logGet(46)) - raft.server.log.purge.gap = 1000000 (custom)
2022-09-08 01:52:01,139 [pool-218-thread-1] INFO  server.RaftServerConfigKeys (ConfUtils.java:logGet(46)) - raft.server.log.appender.buffer.byte-limit = 33554432 (custom)
2022-09-08 01:52:01,139 [pool-218-thread-1] INFO  server.RaftServerConfigKeys (ConfUtils.java:logGet(46)) - raft.server.log.statemachine.data.read.timeout = 1000ms (default)
2022-09-08 01:52:01,139 [pool-218-thread-1] INFO  server.RaftServerConfigKeys (ConfUtils.java:logGet(46)) - raft.server.log.segment.size.max = 1048576 (custom)
2022-09-08 01:52:01,140 [EventQueue-OpenPipelineForHealthyPipelineSafeModeRule] INFO  safemode.SCMSafeModeManager (HealthyPipelineSafeModeRule.java:process(137)) - SCM in safe mode. Healthy pipelines reported count is 0, required healthy pipeline reported count is 1
2022-09-08 01:52:01,141 [pool-218-thread-1] INFO  server.RaftServerConfigKeys (ConfUtils.java:logGet(46)) - raft.server.log.segment.cache.num.max = 2 (custom)
2022-09-08 01:52:01,141 [pool-218-thread-1] INFO  server.RaftServerConfigKeys (ConfUtils.java:logGet(46)) - raft.server.log.segment.cache.size.max = 200MB (=209715200) (default)
2022-09-08 01:52:01,141 [pool-218-thread-1] INFO  segmented.SegmentedRaftLogWorker (SegmentedRaftLogWorker.java:<init>(187)) - new 297af254-fbd9-498c-b51d-14a8fa249430@group-812EC5BB37CB-SegmentedRaftLogWorker for RaftStorageImpl:Storage Directory /home/runner/work/ozone/ozone/hadoop-ozone/integration-test/target/test-dir/MiniOzoneClusterImpl-51344073-2fe9-4e0e-b214-dcc669bc958a/datanode-0/data/ratis/d5489d95-2799-4650-b58b-812ec5bb37cb
2022-09-08 01:52:01,141 [pool-218-thread-1] INFO  server.RaftServerConfigKeys (ConfUtils.java:logGet(46)) - raft.server.log.queue.byte-limit = 4294967296 (custom)
2022-09-08 01:52:01,141 [pool-218-thread-1] INFO  server.RaftServerConfigKeys (ConfUtils.java:logGet(46)) - raft.server.log.queue.element-limit = 1024 (custom)
2022-09-08 01:52:01,141 [pool-218-thread-1] INFO  server.RaftServerConfigKeys (ConfUtils.java:logGet(46)) - raft.server.log.segment.size.max = 1048576 (custom)
2022-09-08 01:52:01,141 [pool-218-thread-1] INFO  server.RaftServerConfigKeys (ConfUtils.java:logGet(46)) - raft.server.log.preallocated.size = 16384 (custom)
2022-09-08 01:52:01,141 [pool-218-thread-1] INFO  server.RaftServerConfigKeys (ConfUtils.java:logGet(46)) - raft.server.log.force.sync.num = 128 (default)
2022-09-08 01:52:01,141 [pool-218-thread-1] INFO  server.RaftServerConfigKeys (ConfUtils.java:logGet(46)) - raft.server.log.statemachine.data.sync = true (default)
2022-09-08 01:52:01,141 [pool-218-thread-1] INFO  server.RaftServerConfigKeys (ConfUtils.java:logGet(46)) - raft.server.log.statemachine.data.sync.timeout = 10s (default)
2022-09-08 01:52:01,141 [pool-218-thread-1] INFO  server.RaftServerConfigKeys (ConfUtils.java:logGet(46)) - raft.server.log.statemachine.data.sync.timeout.retry = -1 (default)
2022-09-08 01:52:01,142 [pool-218-thread-1] INFO  server.RaftServerConfigKeys (ConfUtils.java:logGet(46)) - raft.server.log.write.buffer.size = 1048576 (custom)
2022-09-08 01:52:01,142 [pool-218-thread-1] INFO  server.RaftServerConfigKeys (ConfUtils.java:logGet(46)) - raft.server.log.unsafe-flush.enabled = false (default)
2022-09-08 01:52:01,142 [pool-218-thread-1] INFO  server.RaftServerConfigKeys (ConfUtils.java:logGet(46)) - raft.server.log.statemachine.data.caching.enabled = true (custom)
2022-09-08 01:52:01,143 [pool-218-thread-1] INFO  segmented.SegmentedRaftLogWorker (SegmentedRaftLogWorker.java:lambda$new$0(135)) - 297af254-fbd9-498c-b51d-14a8fa249430@group-812EC5BB37CB-SegmentedRaftLogWorker: flushIndex: setUnconditionally 0 -> -1
2022-09-08 01:52:01,143 [pool-218-thread-1] INFO  segmented.SegmentedRaftLogWorker (SegmentedRaftLogWorker.java:lambda$new$0(135)) - 297af254-fbd9-498c-b51d-14a8fa249430@group-812EC5BB37CB-SegmentedRaftLogWorker: safeCacheEvictIndex: setUnconditionally 0 -> -1
2022-09-08 01:52:01,147 [pool-218-thread-1] INFO  server.RaftServerConfigKeys (ConfUtils.java:logGet(46)) - raft.server.snapshot.auto.trigger.enabled = true (custom)
2022-09-08 01:52:01,147 [pool-218-thread-1] INFO  server.RaftServerConfigKeys (ConfUtils.java:logGet(46)) - raft.server.snapshot.auto.trigger.threshold = 10000 (custom)
2022-09-08 01:52:01,147 [pool-218-thread-1] INFO  server.RaftServerConfigKeys (ConfUtils.java:logGet(46)) - raft.server.snapshot.retention.file.num = 5 (custom)
2022-09-08 01:52:01,147 [pool-218-thread-1] INFO  server.RaftServerConfigKeys (ConfUtils.java:logGet(46)) - raft.server.log.purge.upto.snapshot.index = false (default)
2022-09-08 01:52:01,147 [pool-218-thread-1] INFO  server.RaftServerConfigKeys (ConfUtils.java:logGet(46)) - raft.server.retrycache.expirytime = 600000ms (custom)
2022-09-08 01:52:01,147 [pool-218-thread-1] INFO  server.RaftServerConfigKeys (ConfUtils.java:logGet(46)) - raft.server.retrycache.statistics.expirytime = 100μs (default)
2022-09-08 01:52:01,148 [pool-218-thread-1] INFO  server.RaftServerConfigKeys (ConfUtils.java:logGet(46)) - raft.server.log.appender.install.snapshot.enabled = false (custom)
2022-09-08 01:52:01,148 [pool-218-thread-1] INFO  server.RaftServerConfigKeys (ConfUtils.java:logGet(46)) - raft.server.threadpool.server.cached = true (default)
2022-09-08 01:52:01,148 [pool-218-thread-1] INFO  server.RaftServerConfigKeys (ConfUtils.java:logGet(46)) - raft.server.threadpool.server.size = 0 (default)
2022-09-08 01:52:01,148 [pool-218-thread-1] INFO  server.RaftServerConfigKeys (ConfUtils.java:logGet(46)) - raft.server.threadpool.client.cached = true (default)
2022-09-08 01:52:01,148 [pool-218-thread-1] INFO  server.RaftServerConfigKeys (ConfUtils.java:logGet(46)) - raft.server.threadpool.client.size = 0 (default)
2022-09-08 01:52:01,148 [pool-218-thread-1] INFO  server.RaftServer$Division (RaftServerImpl.java:start(310)) - 297af254-fbd9-498c-b51d-14a8fa249430@group-812EC5BB37CB: start as a follower, conf=-1: [284d7013-8473-4015-87b2-132fe6465f12|rpc:10.1.1.0:46817|priority:1, 7b5e435e-945e-43ee-952c-2ec3d7bd8fd3|rpc:10.1.1.0:45447|priority:0, 297af254-fbd9-498c-b51d-14a8fa249430|rpc:10.1.1.0:40627|priority:0], old=null
2022-09-08 01:52:01,148 [pool-218-thread-1] INFO  server.RaftServer$Division (RaftServerImpl.java:setRole(299)) - 297af254-fbd9-498c-b51d-14a8fa249430@group-812EC5BB37CB: changes role from      null to FOLLOWER at term 0 for startAsFollower
2022-09-08 01:52:01,148 [pool-218-thread-1] INFO  impl.RoleInfo (RoleInfo.java:updateAndGet(139)) - 297af254-fbd9-498c-b51d-14a8fa249430: start 297af254-fbd9-498c-b51d-14a8fa249430@group-812EC5BB37CB-FollowerState
2022-09-08 01:52:01,149 [pool-218-thread-1] INFO  util.JmxRegister (JmxRegister.java:tryRegister(44)) - Successfully registered JMX Bean with object name Ratis:service=RaftServer,group=group-812EC5BB37CB,id=297af254-fbd9-498c-b51d-14a8fa249430
2022-09-08 01:52:01,150 [Command processor thread] INFO  ratis.XceiverServerRatis (XceiverServerRatis.java:addGroup(765)) - Created group PipelineID=d5489d95-2799-4650-b58b-812ec5bb37cb
2022-09-08 01:52:01,169 [grpc-default-executor-0] INFO  server.RaftServer (RaftServerProxy.java:addNew(96)) - 284d7013-8473-4015-87b2-132fe6465f12: addNew group-812EC5BB37CB:[284d7013-8473-4015-87b2-132fe6465f12|rpc:10.1.1.0:46817|dataStream:|priority:1, 7b5e435e-945e-43ee-952c-2ec3d7bd8fd3|rpc:10.1.1.0:45447|dataStream:|priority:0, 297af254-fbd9-498c-b51d-14a8fa249430|rpc:10.1.1.0:40627|dataStream:|priority:0] returns group-812EC5BB37CB:java.util.concurrent.CompletableFuture@7202169f[Not completed]
2022-09-08 01:52:01,170 [pool-241-thread-1] INFO  server.RaftServer$Division (RaftServerImpl.java:<init>(190)) - 284d7013-8473-4015-87b2-132fe6465f12: new RaftServerImpl for group-812EC5BB37CB:[284d7013-8473-4015-87b2-132fe6465f12|rpc:10.1.1.0:46817|dataStream:|priority:1, 7b5e435e-945e-43ee-952c-2ec3d7bd8fd3|rpc:10.1.1.0:45447|dataStream:|priority:0, 297af254-fbd9-498c-b51d-14a8fa249430|rpc:10.1.1.0:40627|dataStream:|priority:0] with ContainerStateMachine:uninitialized
2022-09-08 01:52:01,170 [pool-241-thread-1] INFO  server.RaftServerConfigKeys (ConfUtils.java:logGet(46)) - raft.server.rpc.timeout.min = 5s (custom)
2022-09-08 01:52:01,170 [pool-241-thread-1] INFO  server.RaftServerConfigKeys (ConfUtils.java:logGet(46)) - raft.server.rpc.timeout.max = 5200ms (custom)
2022-09-08 01:52:01,170 [pool-241-thread-1] INFO  server.RaftServerConfigKeys (ConfUtils.java:logGet(46)) - raft.server.rpc.sleep.time = 25ms (default)
2022-09-08 01:52:01,170 [pool-241-thread-1] INFO  server.RaftServerConfigKeys (ConfUtils.java:logGet(46)) - raft.server.rpc.slowness.timeout = 300s (custom)
2022-09-08 01:52:01,170 [pool-241-thread-1] INFO  server.RaftServerConfigKeys (ConfUtils.java:logGet(46)) - raft.server.leaderelection.leader.step-down.wait-time = 10s (default)
2022-09-08 01:52:01,170 [pool-241-thread-1] INFO  server.RaftServerConfigKeys (ConfUtils.java:logGet(46)) - raft.server.sleep.deviation.threshold = 300ms (default)
2022-09-08 01:52:01,171 [pool-241-thread-1] INFO  server.RaftServer$Division (ServerState.java:<init>(107)) - 284d7013-8473-4015-87b2-132fe6465f12@group-812EC5BB37CB: ConfigurationManager, init=-1: [284d7013-8473-4015-87b2-132fe6465f12|rpc:10.1.1.0:46817|dataStream:|priority:1, 7b5e435e-945e-43ee-952c-2ec3d7bd8fd3|rpc:10.1.1.0:45447|dataStream:|priority:0, 297af254-fbd9-498c-b51d-14a8fa249430|rpc:10.1.1.0:40627|dataStream:|priority:0], old=null, confs=<EMPTY_MAP>
2022-09-08 01:52:01,171 [pool-241-thread-1] INFO  server.RaftServerConfigKeys (ConfUtils.java:logGet(46)) - raft.server.storage.dir = [/home/runner/work/ozone/ozone/hadoop-ozone/integration-test/target/test-dir/MiniOzoneClusterImpl-51344073-2fe9-4e0e-b214-dcc669bc958a/datanode-1/data/ratis] (custom)
2022-09-08 01:52:01,171 [pool-241-thread-1] INFO  server.RaftServerConfigKeys (ConfUtils.java:logGet(46)) - raft.server.log.corruption.policy = EXCEPTION (default)
2022-09-08 01:52:01,171 [pool-241-thread-1] INFO  server.RaftServerConfigKeys (ConfUtils.java:logGet(46)) - raft.server.storage.free-space.min = 0MB (=0) (default)
2022-09-08 01:52:01,171 [pool-241-thread-1] INFO  storage.RaftStorageDirectory (RaftStorageDirectoryImpl.java:analyzeStorage(135)) - The storage directory /home/runner/work/ozone/ozone/hadoop-ozone/integration-test/target/test-dir/MiniOzoneClusterImpl-51344073-2fe9-4e0e-b214-dcc669bc958a/datanode-1/data/ratis/d5489d95-2799-4650-b58b-812ec5bb37cb does not exist. Creating ...
2022-09-08 01:52:01,178 [pool-241-thread-1] INFO  storage.RaftStorageDirectory (RaftStorageDirectoryImpl.java:tryLock(230)) - Lock on /home/runner/work/ozone/ozone/hadoop-ozone/integration-test/target/test-dir/MiniOzoneClusterImpl-51344073-2fe9-4e0e-b214-dcc669bc958a/datanode-1/data/ratis/d5489d95-2799-4650-b58b-812ec5bb37cb/in_use.lock acquired by nodename 132736@fv-az38-857
2022-09-08 01:52:01,180 [pool-241-thread-1] INFO  storage.RaftStorage (RaftStorageImpl.java:format(89)) - Storage directory /home/runner/work/ozone/ozone/hadoop-ozone/integration-test/target/test-dir/MiniOzoneClusterImpl-51344073-2fe9-4e0e-b214-dcc669bc958a/datanode-1/data/ratis/d5489d95-2799-4650-b58b-812ec5bb37cb has been successfully formatted.
2022-09-08 01:52:01,181 [pool-241-thread-1] INFO  ratis.ContainerStateMachine (ContainerStateMachine.java:loadSnapshot(236)) - group-812EC5BB37CB: The snapshot info is null. Setting the last applied indexto:(t:0, i:~)
2022-09-08 01:52:01,181 [pool-241-thread-1] INFO  server.RaftServerConfigKeys (ConfUtils.java:logGet(46)) - raft.server.notification.no-leader.timeout = 300s (custom)
2022-09-08 01:52:01,181 [pool-241-thread-1] INFO  server.RaftServerConfigKeys (ConfUtils.java:logGet(46)) - raft.server.log.use.memory = false (default)
2022-09-08 01:52:01,181 [pool-241-thread-1] INFO  server.RaftServerConfigKeys (ConfUtils.java:logGet(46)) - raft.server.log.purge.gap = 1000000 (custom)
2022-09-08 01:52:01,181 [pool-241-thread-1] INFO  server.RaftServerConfigKeys (ConfUtils.java:logGet(46)) - raft.server.log.appender.buffer.byte-limit = 33554432 (custom)
2022-09-08 01:52:01,182 [pool-241-thread-1] INFO  server.RaftServerConfigKeys (ConfUtils.java:logGet(46)) - raft.server.log.statemachine.data.read.timeout = 1000ms (default)
2022-09-08 01:52:01,182 [pool-241-thread-1] INFO  server.RaftServerConfigKeys (ConfUtils.java:logGet(46)) - raft.server.log.segment.size.max = 1048576 (custom)
2022-09-08 01:52:01,182 [pool-241-thread-1] INFO  server.RaftServerConfigKeys (ConfUtils.java:logGet(46)) - raft.server.log.segment.cache.num.max = 2 (custom)
2022-09-08 01:52:01,182 [pool-241-thread-1] INFO  server.RaftServerConfigKeys (ConfUtils.java:logGet(46)) - raft.server.log.segment.cache.size.max = 200MB (=209715200) (default)
2022-09-08 01:52:01,182 [pool-241-thread-1] INFO  segmented.SegmentedRaftLogWorker (SegmentedRaftLogWorker.java:<init>(187)) - new 284d7013-8473-4015-87b2-132fe6465f12@group-812EC5BB37CB-SegmentedRaftLogWorker for RaftStorageImpl:Storage Directory /home/runner/work/ozone/ozone/hadoop-ozone/integration-test/target/test-dir/MiniOzoneClusterImpl-51344073-2fe9-4e0e-b214-dcc669bc958a/datanode-1/data/ratis/d5489d95-2799-4650-b58b-812ec5bb37cb
2022-09-08 01:52:01,182 [pool-241-thread-1] INFO  server.RaftServerConfigKeys (ConfUtils.java:logGet(46)) - raft.server.log.queue.byte-limit = 4294967296 (custom)
2022-09-08 01:52:01,182 [pool-241-thread-1] INFO  server.RaftServerConfigKeys (ConfUtils.java:logGet(46)) - raft.server.log.queue.element-limit = 1024 (custom)
2022-09-08 01:52:01,183 [pool-241-thread-1] INFO  server.RaftServerConfigKeys (ConfUtils.java:logGet(46)) - raft.server.log.segment.size.max = 1048576 (custom)
2022-09-08 01:52:01,183 [pool-241-thread-1] INFO  server.RaftServerConfigKeys (ConfUtils.java:logGet(46)) - raft.server.log.preallocated.size = 16384 (custom)
2022-09-08 01:52:01,183 [pool-241-thread-1] INFO  server.RaftServerConfigKeys (ConfUtils.java:logGet(46)) - raft.server.log.force.sync.num = 128 (default)
2022-09-08 01:52:01,183 [pool-241-thread-1] INFO  server.RaftServerConfigKeys (ConfUtils.java:logGet(46)) - raft.server.log.statemachine.data.sync = true (default)
2022-09-08 01:52:01,183 [pool-241-thread-1] INFO  server.RaftServerConfigKeys (ConfUtils.java:logGet(46)) - raft.server.log.statemachine.data.sync.timeout = 10s (default)
2022-09-08 01:52:01,183 [pool-241-thread-1] INFO  server.RaftServerConfigKeys (ConfUtils.java:logGet(46)) - raft.server.log.statemachine.data.sync.timeout.retry = -1 (default)
2022-09-08 01:52:01,183 [pool-241-thread-1] INFO  server.RaftServerConfigKeys (ConfUtils.java:logGet(46)) - raft.server.log.write.buffer.size = 1048576 (custom)
2022-09-08 01:52:01,184 [pool-241-thread-1] INFO  server.RaftServerConfigKeys (ConfUtils.java:logGet(46)) - raft.server.log.unsafe-flush.enabled = false (default)
2022-09-08 01:52:01,184 [pool-241-thread-1] INFO  server.RaftServerConfigKeys (ConfUtils.java:logGet(46)) - raft.server.log.statemachine.data.caching.enabled = true (custom)
2022-09-08 01:52:01,184 [pool-241-thread-1] INFO  segmented.SegmentedRaftLogWorker (SegmentedRaftLogWorker.java:lambda$new$0(135)) - 284d7013-8473-4015-87b2-132fe6465f12@group-812EC5BB37CB-SegmentedRaftLogWorker: flushIndex: setUnconditionally 0 -> -1
2022-09-08 01:52:01,184 [pool-241-thread-1] INFO  segmented.SegmentedRaftLogWorker (SegmentedRaftLogWorker.java:lambda$new$0(135)) - 284d7013-8473-4015-87b2-132fe6465f12@group-812EC5BB37CB-SegmentedRaftLogWorker: safeCacheEvictIndex: setUnconditionally 0 -> -1
2022-09-08 01:52:01,188 [pool-241-thread-1] INFO  server.RaftServerConfigKeys (ConfUtils.java:logGet(46)) - raft.server.snapshot.auto.trigger.enabled = true (custom)
2022-09-08 01:52:01,188 [pool-241-thread-1] INFO  server.RaftServerConfigKeys (ConfUtils.java:logGet(46)) - raft.server.snapshot.auto.trigger.threshold = 10000 (custom)
2022-09-08 01:52:01,188 [pool-241-thread-1] INFO  server.RaftServerConfigKeys (ConfUtils.java:logGet(46)) - raft.server.snapshot.retention.file.num = 5 (custom)
2022-09-08 01:52:01,188 [pool-241-thread-1] INFO  server.RaftServerConfigKeys (ConfUtils.java:logGet(46)) - raft.server.log.purge.upto.snapshot.index = false (default)
2022-09-08 01:52:01,188 [pool-241-thread-1] INFO  server.RaftServerConfigKeys (ConfUtils.java:logGet(46)) - raft.server.retrycache.expirytime = 600000ms (custom)
2022-09-08 01:52:01,188 [pool-241-thread-1] INFO  server.RaftServerConfigKeys (ConfUtils.java:logGet(46)) - raft.server.retrycache.statistics.expirytime = 100μs (default)
2022-09-08 01:52:01,189 [pool-241-thread-1] INFO  server.RaftServerConfigKeys (ConfUtils.java:logGet(46)) - raft.server.log.appender.install.snapshot.enabled = false (custom)
2022-09-08 01:52:01,189 [pool-241-thread-1] INFO  server.RaftServerConfigKeys (ConfUtils.java:logGet(46)) - raft.server.threadpool.server.cached = true (default)
2022-09-08 01:52:01,197 [pool-241-thread-1] INFO  server.RaftServerConfigKeys (ConfUtils.java:logGet(46)) - raft.server.threadpool.server.size = 0 (default)
2022-09-08 01:52:01,197 [pool-241-thread-1] INFO  server.RaftServerConfigKeys (ConfUtils.java:logGet(46)) - raft.server.threadpool.client.cached = true (default)
2022-09-08 01:52:01,197 [pool-241-thread-1] INFO  server.RaftServerConfigKeys (ConfUtils.java:logGet(46)) - raft.server.threadpool.client.size = 0 (default)
2022-09-08 01:52:01,197 [pool-241-thread-1] INFO  server.RaftServer$Division (RaftServerImpl.java:start(310)) - 284d7013-8473-4015-87b2-132fe6465f12@group-812EC5BB37CB: start as a follower, conf=-1: [284d7013-8473-4015-87b2-132fe6465f12|rpc:10.1.1.0:46817|dataStream:|priority:1, 7b5e435e-945e-43ee-952c-2ec3d7bd8fd3|rpc:10.1.1.0:45447|dataStream:|priority:0, 297af254-fbd9-498c-b51d-14a8fa249430|rpc:10.1.1.0:40627|dataStream:|priority:0], old=null
2022-09-08 01:52:01,198 [pool-241-thread-1] INFO  server.RaftServer$Division (RaftServerImpl.java:setRole(299)) - 284d7013-8473-4015-87b2-132fe6465f12@group-812EC5BB37CB: changes role from      null to FOLLOWER at term 0 for startAsFollower
2022-09-08 01:52:01,198 [pool-241-thread-1] INFO  impl.RoleInfo (RoleInfo.java:updateAndGet(139)) - 284d7013-8473-4015-87b2-132fe6465f12: start 284d7013-8473-4015-87b2-132fe6465f12@group-812EC5BB37CB-FollowerState
2022-09-08 01:52:01,205 [pool-241-thread-1] INFO  util.JmxRegister (JmxRegister.java:tryRegister(44)) - Successfully registered JMX Bean with object name Ratis:service=RaftServer,group=group-812EC5BB37CB,id=284d7013-8473-4015-87b2-132fe6465f12
2022-09-08 01:52:01,233 [grpc-default-executor-0] INFO  server.RaftServer (RaftServerProxy.java:addNew(96)) - 7b5e435e-945e-43ee-952c-2ec3d7bd8fd3: addNew group-812EC5BB37CB:[284d7013-8473-4015-87b2-132fe6465f12|rpc:10.1.1.0:46817|dataStream:|priority:1, 7b5e435e-945e-43ee-952c-2ec3d7bd8fd3|rpc:10.1.1.0:45447|dataStream:|priority:0, 297af254-fbd9-498c-b51d-14a8fa249430|rpc:10.1.1.0:40627|dataStream:|priority:0] returns group-812EC5BB37CB:java.util.concurrent.CompletableFuture@575cb7aa[Not completed]
2022-09-08 01:52:01,234 [pool-264-thread-1] INFO  server.RaftServer$Division (RaftServerImpl.java:<init>(190)) - 7b5e435e-945e-43ee-952c-2ec3d7bd8fd3: new RaftServerImpl for group-812EC5BB37CB:[284d7013-8473-4015-87b2-132fe6465f12|rpc:10.1.1.0:46817|dataStream:|priority:1, 7b5e435e-945e-43ee-952c-2ec3d7bd8fd3|rpc:10.1.1.0:45447|dataStream:|priority:0, 297af254-fbd9-498c-b51d-14a8fa249430|rpc:10.1.1.0:40627|dataStream:|priority:0] with ContainerStateMachine:uninitialized
2022-09-08 01:52:01,234 [pool-264-thread-1] INFO  server.RaftServerConfigKeys (ConfUtils.java:logGet(46)) - raft.server.rpc.timeout.min = 5s (custom)
2022-09-08 01:52:01,234 [pool-264-thread-1] INFO  server.RaftServerConfigKeys (ConfUtils.java:logGet(46)) - raft.server.rpc.timeout.max = 5200ms (custom)
2022-09-08 01:52:01,234 [pool-264-thread-1] INFO  server.RaftServerConfigKeys (ConfUtils.java:logGet(46)) - raft.server.rpc.sleep.time = 25ms (default)
2022-09-08 01:52:01,234 [pool-264-thread-1] INFO  server.RaftServerConfigKeys (ConfUtils.java:logGet(46)) - raft.server.rpc.slowness.timeout = 300s (custom)
2022-09-08 01:52:01,234 [pool-264-thread-1] INFO  server.RaftServerConfigKeys (ConfUtils.java:logGet(46)) - raft.server.leaderelection.leader.step-down.wait-time = 10s (default)
2022-09-08 01:52:01,234 [pool-264-thread-1] INFO  server.RaftServerConfigKeys (ConfUtils.java:logGet(46)) - raft.server.sleep.deviation.threshold = 300ms (default)
2022-09-08 01:52:01,234 [pool-264-thread-1] INFO  server.RaftServer$Division (ServerState.java:<init>(107)) - 7b5e435e-945e-43ee-952c-2ec3d7bd8fd3@group-812EC5BB37CB: ConfigurationManager, init=-1: [284d7013-8473-4015-87b2-132fe6465f12|rpc:10.1.1.0:46817|dataStream:|priority:1, 7b5e435e-945e-43ee-952c-2ec3d7bd8fd3|rpc:10.1.1.0:45447|dataStream:|priority:0, 297af254-fbd9-498c-b51d-14a8fa249430|rpc:10.1.1.0:40627|dataStream:|priority:0], old=null, confs=<EMPTY_MAP>
2022-09-08 01:52:01,234 [pool-264-thread-1] INFO  server.RaftServerConfigKeys (ConfUtils.java:logGet(46)) - raft.server.storage.dir = [/home/runner/work/ozone/ozone/hadoop-ozone/integration-test/target/test-dir/MiniOzoneClusterImpl-51344073-2fe9-4e0e-b214-dcc669bc958a/datanode-2/data/ratis] (custom)
2022-09-08 01:52:01,235 [pool-264-thread-1] INFO  server.RaftServerConfigKeys (ConfUtils.java:logGet(46)) - raft.server.log.corruption.policy = EXCEPTION (default)
2022-09-08 01:52:01,235 [pool-264-thread-1] INFO  server.RaftServerConfigKeys (ConfUtils.java:logGet(46)) - raft.server.storage.free-space.min = 0MB (=0) (default)
2022-09-08 01:52:01,235 [pool-264-thread-1] INFO  storage.RaftStorageDirectory (RaftStorageDirectoryImpl.java:analyzeStorage(135)) - The storage directory /home/runner/work/ozone/ozone/hadoop-ozone/integration-test/target/test-dir/MiniOzoneClusterImpl-51344073-2fe9-4e0e-b214-dcc669bc958a/datanode-2/data/ratis/d5489d95-2799-4650-b58b-812ec5bb37cb does not exist. Creating ...
2022-09-08 01:52:01,236 [pool-264-thread-1] INFO  storage.RaftStorageDirectory (RaftStorageDirectoryImpl.java:tryLock(230)) - Lock on /home/runner/work/ozone/ozone/hadoop-ozone/integration-test/target/test-dir/MiniOzoneClusterImpl-51344073-2fe9-4e0e-b214-dcc669bc958a/datanode-2/data/ratis/d5489d95-2799-4650-b58b-812ec5bb37cb/in_use.lock acquired by nodename 132736@fv-az38-857
2022-09-08 01:52:01,237 [pool-264-thread-1] INFO  storage.RaftStorage (RaftStorageImpl.java:format(89)) - Storage directory /home/runner/work/ozone/ozone/hadoop-ozone/integration-test/target/test-dir/MiniOzoneClusterImpl-51344073-2fe9-4e0e-b214-dcc669bc958a/datanode-2/data/ratis/d5489d95-2799-4650-b58b-812ec5bb37cb has been successfully formatted.
2022-09-08 01:52:01,237 [pool-264-thread-1] INFO  ratis.ContainerStateMachine (ContainerStateMachine.java:loadSnapshot(236)) - group-812EC5BB37CB: The snapshot info is null. Setting the last applied indexto:(t:0, i:~)
2022-09-08 01:52:01,237 [pool-264-thread-1] INFO  server.RaftServerConfigKeys (ConfUtils.java:logGet(46)) - raft.server.notification.no-leader.timeout = 300s (custom)
2022-09-08 01:52:01,237 [pool-264-thread-1] INFO  server.RaftServerConfigKeys (ConfUtils.java:logGet(46)) - raft.server.log.use.memory = false (default)
2022-09-08 01:52:01,237 [pool-264-thread-1] INFO  server.RaftServerConfigKeys (ConfUtils.java:logGet(46)) - raft.server.log.purge.gap = 1000000 (custom)
2022-09-08 01:52:01,237 [pool-264-thread-1] INFO  server.RaftServerConfigKeys (ConfUtils.java:logGet(46)) - raft.server.log.appender.buffer.byte-limit = 33554432 (custom)
2022-09-08 01:52:01,237 [pool-264-thread-1] INFO  server.RaftServerConfigKeys (ConfUtils.java:logGet(46)) - raft.server.log.statemachine.data.read.timeout = 1000ms (default)
2022-09-08 01:52:01,238 [pool-264-thread-1] INFO  server.RaftServerConfigKeys (ConfUtils.java:logGet(46)) - raft.server.log.segment.size.max = 1048576 (custom)
2022-09-08 01:52:01,238 [pool-264-thread-1] INFO  server.RaftServerConfigKeys (ConfUtils.java:logGet(46)) - raft.server.log.segment.cache.num.max = 2 (custom)
2022-09-08 01:52:01,238 [pool-264-thread-1] INFO  server.RaftServerConfigKeys (ConfUtils.java:logGet(46)) - raft.server.log.segment.cache.size.max = 200MB (=209715200) (default)
2022-09-08 01:52:01,238 [pool-264-thread-1] INFO  segmented.SegmentedRaftLogWorker (SegmentedRaftLogWorker.java:<init>(187)) - new 7b5e435e-945e-43ee-952c-2ec3d7bd8fd3@group-812EC5BB37CB-SegmentedRaftLogWorker for RaftStorageImpl:Storage Directory /home/runner/work/ozone/ozone/hadoop-ozone/integration-test/target/test-dir/MiniOzoneClusterImpl-51344073-2fe9-4e0e-b214-dcc669bc958a/datanode-2/data/ratis/d5489d95-2799-4650-b58b-812ec5bb37cb
2022-09-08 01:52:01,238 [pool-264-thread-1] INFO  server.RaftServerConfigKeys (ConfUtils.java:logGet(46)) - raft.server.log.queue.byte-limit = 4294967296 (custom)
2022-09-08 01:52:01,238 [pool-264-thread-1] INFO  server.RaftServerConfigKeys (ConfUtils.java:logGet(46)) - raft.server.log.queue.element-limit = 1024 (custom)
2022-09-08 01:52:01,238 [pool-264-thread-1] INFO  server.RaftServerConfigKeys (ConfUtils.java:logGet(46)) - raft.server.log.segment.size.max = 1048576 (custom)
2022-09-08 01:52:01,239 [pool-264-thread-1] INFO  server.RaftServerConfigKeys (ConfUtils.java:logGet(46)) - raft.server.log.preallocated.size = 16384 (custom)
2022-09-08 01:52:01,239 [pool-264-thread-1] INFO  server.RaftServerConfigKeys (ConfUtils.java:logGet(46)) - raft.server.log.force.sync.num = 128 (default)
2022-09-08 01:52:01,239 [pool-264-thread-1] INFO  server.RaftServerConfigKeys (ConfUtils.java:logGet(46)) - raft.server.log.statemachine.data.sync = true (default)
2022-09-08 01:52:01,239 [pool-264-thread-1] INFO  server.RaftServerConfigKeys (ConfUtils.java:logGet(46)) - raft.server.log.statemachine.data.sync.timeout = 10s (default)
2022-09-08 01:52:01,239 [pool-264-thread-1] INFO  server.RaftServerConfigKeys (ConfUtils.java:logGet(46)) - raft.server.log.statemachine.data.sync.timeout.retry = -1 (default)
2022-09-08 01:52:01,239 [pool-264-thread-1] INFO  server.RaftServerConfigKeys (ConfUtils.java:logGet(46)) - raft.server.log.write.buffer.size = 1048576 (custom)
2022-09-08 01:52:01,240 [pool-264-thread-1] INFO  server.RaftServerConfigKeys (ConfUtils.java:logGet(46)) - raft.server.log.unsafe-flush.enabled = false (default)
2022-09-08 01:52:01,240 [pool-264-thread-1] INFO  server.RaftServerConfigKeys (ConfUtils.java:logGet(46)) - raft.server.log.statemachine.data.caching.enabled = true (custom)
2022-09-08 01:52:01,240 [pool-264-thread-1] INFO  segmented.SegmentedRaftLogWorker (SegmentedRaftLogWorker.java:lambda$new$0(135)) - 7b5e435e-945e-43ee-952c-2ec3d7bd8fd3@group-812EC5BB37CB-SegmentedRaftLogWorker: flushIndex: setUnconditionally 0 -> -1
2022-09-08 01:52:01,240 [pool-264-thread-1] INFO  segmented.SegmentedRaftLogWorker (SegmentedRaftLogWorker.java:lambda$new$0(135)) - 7b5e435e-945e-43ee-952c-2ec3d7bd8fd3@group-812EC5BB37CB-SegmentedRaftLogWorker: safeCacheEvictIndex: setUnconditionally 0 -> -1
2022-09-08 01:52:01,249 [pool-264-thread-1] INFO  server.RaftServerConfigKeys (ConfUtils.java:logGet(46)) - raft.server.snapshot.auto.trigger.enabled = true (custom)
2022-09-08 01:52:01,249 [pool-264-thread-1] INFO  server.RaftServerConfigKeys (ConfUtils.java:logGet(46)) - raft.server.snapshot.auto.trigger.threshold = 10000 (custom)
2022-09-08 01:52:01,249 [pool-264-thread-1] INFO  server.RaftServerConfigKeys (ConfUtils.java:logGet(46)) - raft.server.snapshot.retention.file.num = 5 (custom)
2022-09-08 01:52:01,249 [pool-264-thread-1] INFO  server.RaftServerConfigKeys (ConfUtils.java:logGet(46)) - raft.server.log.purge.upto.snapshot.index = false (default)
2022-09-08 01:52:01,249 [pool-264-thread-1] INFO  server.RaftServerConfigKeys (ConfUtils.java:logGet(46)) - raft.server.retrycache.expirytime = 600000ms (custom)
2022-09-08 01:52:01,249 [pool-264-thread-1] INFO  server.RaftServerConfigKeys (ConfUtils.java:logGet(46)) - raft.server.retrycache.statistics.expirytime = 100μs (default)
2022-09-08 01:52:01,250 [pool-264-thread-1] INFO  server.RaftServerConfigKeys (ConfUtils.java:logGet(46)) - raft.server.log.appender.install.snapshot.enabled = false (custom)
2022-09-08 01:52:01,250 [pool-264-thread-1] INFO  server.RaftServerConfigKeys (ConfUtils.java:logGet(46)) - raft.server.threadpool.server.cached = true (default)
2022-09-08 01:52:01,250 [pool-264-thread-1] INFO  server.RaftServerConfigKeys (ConfUtils.java:logGet(46)) - raft.server.threadpool.server.size = 0 (default)
2022-09-08 01:52:01,250 [pool-264-thread-1] INFO  server.RaftServerConfigKeys (ConfUtils.java:logGet(46)) - raft.server.threadpool.client.cached = true (default)
2022-09-08 01:52:01,250 [pool-264-thread-1] INFO  server.RaftServerConfigKeys (ConfUtils.java:logGet(46)) - raft.server.threadpool.client.size = 0 (default)
2022-09-08 01:52:01,250 [pool-264-thread-1] INFO  server.RaftServer$Division (RaftServerImpl.java:start(310)) - 7b5e435e-945e-43ee-952c-2ec3d7bd8fd3@group-812EC5BB37CB: start as a follower, conf=-1: [284d7013-8473-4015-87b2-132fe6465f12|rpc:10.1.1.0:46817|dataStream:|priority:1, 7b5e435e-945e-43ee-952c-2ec3d7bd8fd3|rpc:10.1.1.0:45447|dataStream:|priority:0, 297af254-fbd9-498c-b51d-14a8fa249430|rpc:10.1.1.0:40627|dataStream:|priority:0], old=null
2022-09-08 01:52:01,250 [pool-264-thread-1] INFO  server.RaftServer$Division (RaftServerImpl.java:setRole(299)) - 7b5e435e-945e-43ee-952c-2ec3d7bd8fd3@group-812EC5BB37CB: changes role from      null to FOLLOWER at term 0 for startAsFollower
2022-09-08 01:52:01,250 [pool-264-thread-1] INFO  impl.RoleInfo (RoleInfo.java:updateAndGet(139)) - 7b5e435e-945e-43ee-952c-2ec3d7bd8fd3: start 7b5e435e-945e-43ee-952c-2ec3d7bd8fd3@group-812EC5BB37CB-FollowerState
2022-09-08 01:52:01,261 [pool-264-thread-1] INFO  util.JmxRegister (JmxRegister.java:tryRegister(44)) - Successfully registered JMX Bean with object name Ratis:service=RaftServer,group=group-812EC5BB37CB,id=7b5e435e-945e-43ee-952c-2ec3d7bd8fd3
2022-09-08 01:52:01,274 [Command processor thread] INFO  commandhandler.CreatePipelineCommandHandler (CreatePipelineCommandHandler.java:handle(113)) - Created Pipeline RATIS THREE PipelineID=d5489d95-2799-4650-b58b-812ec5bb37cb.
2022-09-08 01:52:01,461 [Command processor thread] INFO  server.RaftServer (RaftServerProxy.java:addNew(96)) - 284d7013-8473-4015-87b2-132fe6465f12: addNew group-DE0039010B7B:[284d7013-8473-4015-87b2-132fe6465f12|rpc:10.1.1.0:46817|priority:1] returns group-DE0039010B7B:java.util.concurrent.CompletableFuture@19e73f28[Not completed]
2022-09-08 01:52:01,462 [pool-241-thread-1] INFO  server.RaftServer$Division (RaftServerImpl.java:<init>(190)) - 284d7013-8473-4015-87b2-132fe6465f12: new RaftServerImpl for group-DE0039010B7B:[284d7013-8473-4015-87b2-132fe6465f12|rpc:10.1.1.0:46817|priority:1] with ContainerStateMachine:uninitialized
2022-09-08 01:52:01,462 [pool-241-thread-1] INFO  server.RaftServerConfigKeys (ConfUtils.java:logGet(46)) - raft.server.rpc.timeout.min = 5s (custom)
2022-09-08 01:52:01,462 [pool-241-thread-1] INFO  server.RaftServerConfigKeys (ConfUtils.java:logGet(46)) - raft.server.rpc.timeout.max = 5200ms (custom)
2022-09-08 01:52:01,462 [pool-241-thread-1] INFO  server.RaftServerConfigKeys (ConfUtils.java:logGet(46)) - raft.server.rpc.sleep.time = 25ms (default)
2022-09-08 01:52:01,462 [pool-241-thread-1] INFO  server.RaftServerConfigKeys (ConfUtils.java:logGet(46)) - raft.server.rpc.slowness.timeout = 300s (custom)
2022-09-08 01:52:01,462 [pool-241-thread-1] INFO  server.RaftServerConfigKeys (ConfUtils.java:logGet(46)) - raft.server.leaderelection.leader.step-down.wait-time = 10s (default)
2022-09-08 01:52:01,462 [pool-241-thread-1] INFO  server.RaftServerConfigKeys (ConfUtils.java:logGet(46)) - raft.server.sleep.deviation.threshold = 300ms (default)
2022-09-08 01:52:01,462 [pool-241-thread-1] INFO  server.RaftServer$Division (ServerState.java:<init>(107)) - 284d7013-8473-4015-87b2-132fe6465f12@group-DE0039010B7B: ConfigurationManager, init=-1: [284d7013-8473-4015-87b2-132fe6465f12|rpc:10.1.1.0:46817|priority:1], old=null, confs=<EMPTY_MAP>
2022-09-08 01:52:01,463 [pool-241-thread-1] INFO  server.RaftServerConfigKeys (ConfUtils.java:logGet(46)) - raft.server.storage.dir = [/home/runner/work/ozone/ozone/hadoop-ozone/integration-test/target/test-dir/MiniOzoneClusterImpl-51344073-2fe9-4e0e-b214-dcc669bc958a/datanode-1/data/ratis] (custom)
2022-09-08 01:52:01,463 [pool-241-thread-1] INFO  server.RaftServerConfigKeys (ConfUtils.java:logGet(46)) - raft.server.log.corruption.policy = EXCEPTION (default)
2022-09-08 01:52:01,463 [pool-241-thread-1] INFO  server.RaftServerConfigKeys (ConfUtils.java:logGet(46)) - raft.server.storage.free-space.min = 0MB (=0) (default)
2022-09-08 01:52:01,463 [pool-241-thread-1] INFO  storage.RaftStorageDirectory (RaftStorageDirectoryImpl.java:analyzeStorage(135)) - The storage directory /home/runner/work/ozone/ozone/hadoop-ozone/integration-test/target/test-dir/MiniOzoneClusterImpl-51344073-2fe9-4e0e-b214-dcc669bc958a/datanode-1/data/ratis/4cbc60d3-0d5c-49d7-8931-de0039010b7b does not exist. Creating ...
2022-09-08 01:52:01,464 [pool-241-thread-1] INFO  storage.RaftStorageDirectory (RaftStorageDirectoryImpl.java:tryLock(230)) - Lock on /home/runner/work/ozone/ozone/hadoop-ozone/integration-test/target/test-dir/MiniOzoneClusterImpl-51344073-2fe9-4e0e-b214-dcc669bc958a/datanode-1/data/ratis/4cbc60d3-0d5c-49d7-8931-de0039010b7b/in_use.lock acquired by nodename 132736@fv-az38-857
2022-09-08 01:52:01,469 [pool-241-thread-1] INFO  storage.RaftStorage (RaftStorageImpl.java:format(89)) - Storage directory /home/runner/work/ozone/ozone/hadoop-ozone/integration-test/target/test-dir/MiniOzoneClusterImpl-51344073-2fe9-4e0e-b214-dcc669bc958a/datanode-1/data/ratis/4cbc60d3-0d5c-49d7-8931-de0039010b7b has been successfully formatted.
2022-09-08 01:52:01,469 [pool-241-thread-1] INFO  ratis.ContainerStateMachine (ContainerStateMachine.java:loadSnapshot(236)) - group-DE0039010B7B: The snapshot info is null. Setting the last applied indexto:(t:0, i:~)
2022-09-08 01:52:01,469 [pool-241-thread-1] INFO  server.RaftServerConfigKeys (ConfUtils.java:logGet(46)) - raft.server.notification.no-leader.timeout = 300s (custom)
2022-09-08 01:52:01,470 [pool-241-thread-1] INFO  server.RaftServerConfigKeys (ConfUtils.java:logGet(46)) - raft.server.log.use.memory = false (default)
2022-09-08 01:52:01,470 [pool-241-thread-1] INFO  server.RaftServerConfigKeys (ConfUtils.java:logGet(46)) - raft.server.log.purge.gap = 1000000 (custom)
2022-09-08 01:52:01,470 [pool-241-thread-1] INFO  server.RaftServerConfigKeys (ConfUtils.java:logGet(46)) - raft.server.log.appender.buffer.byte-limit = 33554432 (custom)
2022-09-08 01:52:01,470 [pool-241-thread-1] INFO  server.RaftServerConfigKeys (ConfUtils.java:logGet(46)) - raft.server.log.statemachine.data.read.timeout = 1000ms (default)
2022-09-08 01:52:01,470 [pool-241-thread-1] INFO  server.RaftServerConfigKeys (ConfUtils.java:logGet(46)) - raft.server.log.segment.size.max = 1048576 (custom)
2022-09-08 01:52:01,470 [pool-241-thread-1] INFO  server.RaftServerConfigKeys (ConfUtils.java:logGet(46)) - raft.server.log.segment.cache.num.max = 2 (custom)
2022-09-08 01:52:01,471 [EventQueue-PipelineReportForPipelineReportHandler] INFO  pipeline.PipelineManagerImpl (PipelineManagerImpl.java:openPipeline(367)) - Pipeline Pipeline[ Id: 4cbc60d3-0d5c-49d7-8931-de0039010b7b, Nodes: 284d7013-8473-4015-87b2-132fe6465f12{ip: 10.1.1.0, host: fv-az38-857.qiceih3q1hfe5a3ai3y3qk2fta.cx.internal.cloudapp.net, ports: [REPLICATION=46145, RATIS=46817, RATIS_ADMIN=46817, RATIS_SERVER=46817, STANDALONE=33425], networkLocation: /default-rack, certSerialId: null, persistedOpState: IN_SERVICE, persistedOpStateExpiryEpochSec: 0}, ReplicationConfig: RATIS/ONE, State:ALLOCATED, leaderId:284d7013-8473-4015-87b2-132fe6465f12, CreationTimestamp2022-09-08T01:51:58.469Z[Etc/UTC]] moved to OPEN state
2022-09-08 01:52:01,472 [EventQueue-OpenPipelineForHealthyPipelineSafeModeRule] INFO  safemode.SCMSafeModeManager (HealthyPipelineSafeModeRule.java:process(137)) - SCM in safe mode. Healthy pipelines reported count is 0, required healthy pipeline reported count is 1
2022-09-08 01:52:01,472 [pool-241-thread-1] INFO  server.RaftServerConfigKeys (ConfUtils.java:logGet(46)) - raft.server.log.segment.cache.size.max = 200MB (=209715200) (default)
2022-09-08 01:52:01,479 [pool-241-thread-1] INFO  segmented.SegmentedRaftLogWorker (SegmentedRaftLogWorker.java:<init>(187)) - new 284d7013-8473-4015-87b2-132fe6465f12@group-DE0039010B7B-SegmentedRaftLogWorker for RaftStorageImpl:Storage Directory /home/runner/work/ozone/ozone/hadoop-ozone/integration-test/target/test-dir/MiniOzoneClusterImpl-51344073-2fe9-4e0e-b214-dcc669bc958a/datanode-1/data/ratis/4cbc60d3-0d5c-49d7-8931-de0039010b7b
2022-09-08 01:52:01,480 [pool-241-thread-1] INFO  server.RaftServerConfigKeys (ConfUtils.java:logGet(46)) - raft.server.log.queue.byte-limit = 4294967296 (custom)
2022-09-08 01:52:01,480 [pool-241-thread-1] INFO  server.RaftServerConfigKeys (ConfUtils.java:logGet(46)) - raft.server.log.queue.element-limit = 1024 (custom)
2022-09-08 01:52:01,480 [pool-241-thread-1] INFO  server.RaftServerConfigKeys (ConfUtils.java:logGet(46)) - raft.server.log.segment.size.max = 1048576 (custom)
2022-09-08 01:52:01,480 [pool-241-thread-1] INFO  server.RaftServerConfigKeys (ConfUtils.java:logGet(46)) - raft.server.log.preallocated.size = 16384 (custom)
2022-09-08 01:52:01,480 [pool-241-thread-1] INFO  server.RaftServerConfigKeys (ConfUtils.java:logGet(46)) - raft.server.log.force.sync.num = 128 (default)
2022-09-08 01:52:01,480 [pool-241-thread-1] INFO  server.RaftServerConfigKeys (ConfUtils.java:logGet(46)) - raft.server.log.statemachine.data.sync = true (default)
2022-09-08 01:52:01,480 [pool-241-thread-1] INFO  server.RaftServerConfigKeys (ConfUtils.java:logGet(46)) - raft.server.log.statemachine.data.sync.timeout = 10s (default)
2022-09-08 01:52:01,480 [pool-241-thread-1] INFO  server.RaftServerConfigKeys (ConfUtils.java:logGet(46)) - raft.server.log.statemachine.data.sync.timeout.retry = -1 (default)
2022-09-08 01:52:01,480 [pool-241-thread-1] INFO  server.RaftServerConfigKeys (ConfUtils.java:logGet(46)) - raft.server.log.write.buffer.size = 1048576 (custom)
2022-09-08 01:52:01,481 [pool-241-thread-1] INFO  server.RaftServerConfigKeys (ConfUtils.java:logGet(46)) - raft.server.log.unsafe-flush.enabled = false (default)
2022-09-08 01:52:01,481 [pool-241-thread-1] INFO  server.RaftServerConfigKeys (ConfUtils.java:logGet(46)) - raft.server.log.statemachine.data.caching.enabled = true (custom)
2022-09-08 01:52:01,481 [pool-241-thread-1] INFO  segmented.SegmentedRaftLogWorker (SegmentedRaftLogWorker.java:lambda$new$0(135)) - 284d7013-8473-4015-87b2-132fe6465f12@group-DE0039010B7B-SegmentedRaftLogWorker: flushIndex: setUnconditionally 0 -> -1
2022-09-08 01:52:01,481 [pool-241-thread-1] INFO  segmented.SegmentedRaftLogWorker (SegmentedRaftLogWorker.java:lambda$new$0(135)) - 284d7013-8473-4015-87b2-132fe6465f12@group-DE0039010B7B-SegmentedRaftLogWorker: safeCacheEvictIndex: setUnconditionally 0 -> -1
2022-09-08 01:52:01,489 [pool-241-thread-1] INFO  server.RaftServerConfigKeys (ConfUtils.java:logGet(46)) - raft.server.snapshot.auto.trigger.enabled = true (custom)
2022-09-08 01:52:01,489 [pool-241-thread-1] INFO  server.RaftServerConfigKeys (ConfUtils.java:logGet(46)) - raft.server.snapshot.auto.trigger.threshold = 10000 (custom)
2022-09-08 01:52:01,489 [pool-241-thread-1] INFO  server.RaftServerConfigKeys (ConfUtils.java:logGet(46)) - raft.server.snapshot.retention.file.num = 5 (custom)
2022-09-08 01:52:01,489 [pool-241-thread-1] INFO  server.RaftServerConfigKeys (ConfUtils.java:logGet(46)) - raft.server.log.purge.upto.snapshot.index = false (default)
2022-09-08 01:52:01,489 [pool-241-thread-1] INFO  server.RaftServerConfigKeys (ConfUtils.java:logGet(46)) - raft.server.retrycache.expirytime = 600000ms (custom)
2022-09-08 01:52:01,489 [pool-241-thread-1] INFO  server.RaftServerConfigKeys (ConfUtils.java:logGet(46)) - raft.server.retrycache.statistics.expirytime = 100μs (default)
2022-09-08 01:52:01,490 [pool-241-thread-1] INFO  server.RaftServerConfigKeys (ConfUtils.java:logGet(46)) - raft.server.log.appender.install.snapshot.enabled = false (custom)
2022-09-08 01:52:01,490 [pool-241-thread-1] INFO  server.RaftServerConfigKeys (ConfUtils.java:logGet(46)) - raft.server.threadpool.server.cached = true (default)
2022-09-08 01:52:01,490 [pool-241-thread-1] INFO  server.RaftServerConfigKeys (ConfUtils.java:logGet(46)) - raft.server.threadpool.server.size = 0 (default)
2022-09-08 01:52:01,490 [pool-241-thread-1] INFO  server.RaftServerConfigKeys (ConfUtils.java:logGet(46)) - raft.server.threadpool.client.cached = true (default)
2022-09-08 01:52:01,490 [pool-241-thread-1] INFO  server.RaftServerConfigKeys (ConfUtils.java:logGet(46)) - raft.server.threadpool.client.size = 0 (default)
2022-09-08 01:52:01,490 [pool-241-thread-1] INFO  server.RaftServer$Division (RaftServerImpl.java:start(310)) - 284d7013-8473-4015-87b2-132fe6465f12@group-DE0039010B7B: start as a follower, conf=-1: [284d7013-8473-4015-87b2-132fe6465f12|rpc:10.1.1.0:46817|priority:1], old=null
2022-09-08 01:52:01,490 [pool-241-thread-1] INFO  server.RaftServer$Division (RaftServerImpl.java:setRole(299)) - 284d7013-8473-4015-87b2-132fe6465f12@group-DE0039010B7B: changes role from      null to FOLLOWER at term 0 for startAsFollower
2022-09-08 01:52:01,490 [pool-241-thread-1] INFO  impl.RoleInfo (RoleInfo.java:updateAndGet(139)) - 284d7013-8473-4015-87b2-132fe6465f12: start 284d7013-8473-4015-87b2-132fe6465f12@group-DE0039010B7B-FollowerState
2022-09-08 01:52:01,505 [pool-241-thread-1] INFO  util.JmxRegister (JmxRegister.java:tryRegister(44)) - Successfully registered JMX Bean with object name Ratis:service=RaftServer,group=group-DE0039010B7B,id=284d7013-8473-4015-87b2-132fe6465f12
2022-09-08 01:52:01,508 [Command processor thread] INFO  ratis.XceiverServerRatis (XceiverServerRatis.java:addGroup(765)) - Created group PipelineID=4cbc60d3-0d5c-49d7-8931-de0039010b7b
2022-09-08 01:52:01,508 [Command processor thread] INFO  commandhandler.CreatePipelineCommandHandler (CreatePipelineCommandHandler.java:handle(113)) - Created Pipeline RATIS ONE PipelineID=4cbc60d3-0d5c-49d7-8931-de0039010b7b.
2022-09-08 01:52:02,039 [Listener at 127.0.0.1/35669] INFO  ozone.MiniOzoneClusterImpl (MiniOzoneClusterImpl.java:lambda$waitForClusterToBeReady$0(216)) - Nodes are ready. Got 3 of 3 DN Heartbeats.
2022-09-08 01:52:02,039 [Listener at 127.0.0.1/35669] INFO  ozone.MiniOzoneClusterImpl (MiniOzoneClusterImpl.java:lambda$waitForClusterToBeReady$0(219)) - Waiting for cluster to exit safe mode
2022-09-08 01:52:02,039 [Listener at 127.0.0.1/35669] INFO  ozone.MiniOzoneClusterImpl (MiniOzoneClusterImpl.java:lambda$waitForClusterToBeReady$0(221)) - SCM became leader
2022-09-08 01:52:02,044 [Command processor thread] INFO  server.RaftServer (RaftServerProxy.java:addNew(96)) - 7b5e435e-945e-43ee-952c-2ec3d7bd8fd3: addNew group-668964014BFD:[7b5e435e-945e-43ee-952c-2ec3d7bd8fd3|rpc:10.1.1.0:45447|priority:1] returns group-668964014BFD:java.util.concurrent.CompletableFuture@d35e352[Not completed]
2022-09-08 01:52:02,045 [pool-264-thread-1] INFO  server.RaftServer$Division (RaftServerImpl.java:<init>(190)) - 7b5e435e-945e-43ee-952c-2ec3d7bd8fd3: new RaftServerImpl for group-668964014BFD:[7b5e435e-945e-43ee-952c-2ec3d7bd8fd3|rpc:10.1.1.0:45447|priority:1] with ContainerStateMachine:uninitialized
2022-09-08 01:52:02,046 [pool-264-thread-1] INFO  server.RaftServerConfigKeys (ConfUtils.java:logGet(46)) - raft.server.rpc.timeout.min = 5s (custom)
2022-09-08 01:52:02,046 [pool-264-thread-1] INFO  server.RaftServerConfigKeys (ConfUtils.java:logGet(46)) - raft.server.rpc.timeout.max = 5200ms (custom)
2022-09-08 01:52:02,046 [pool-264-thread-1] INFO  server.RaftServerConfigKeys (ConfUtils.java:logGet(46)) - raft.server.rpc.sleep.time = 25ms (default)
2022-09-08 01:52:02,046 [pool-264-thread-1] INFO  server.RaftServerConfigKeys (ConfUtils.java:logGet(46)) - raft.server.rpc.slowness.timeout = 300s (custom)
2022-09-08 01:52:02,046 [pool-264-thread-1] INFO  server.RaftServerConfigKeys (ConfUtils.java:logGet(46)) - raft.server.leaderelection.leader.step-down.wait-time = 10s (default)
2022-09-08 01:52:02,046 [pool-264-thread-1] INFO  server.RaftServerConfigKeys (ConfUtils.java:logGet(46)) - raft.server.sleep.deviation.threshold = 300ms (default)
2022-09-08 01:52:02,046 [pool-264-thread-1] INFO  server.RaftServer$Division (ServerState.java:<init>(107)) - 7b5e435e-945e-43ee-952c-2ec3d7bd8fd3@group-668964014BFD: ConfigurationManager, init=-1: [7b5e435e-945e-43ee-952c-2ec3d7bd8fd3|rpc:10.1.1.0:45447|priority:1], old=null, confs=<EMPTY_MAP>
2022-09-08 01:52:02,046 [pool-264-thread-1] INFO  server.RaftServerConfigKeys (ConfUtils.java:logGet(46)) - raft.server.storage.dir = [/home/runner/work/ozone/ozone/hadoop-ozone/integration-test/target/test-dir/MiniOzoneClusterImpl-51344073-2fe9-4e0e-b214-dcc669bc958a/datanode-2/data/ratis] (custom)
2022-09-08 01:52:02,046 [pool-264-thread-1] INFO  server.RaftServerConfigKeys (ConfUtils.java:logGet(46)) - raft.server.log.corruption.policy = EXCEPTION (default)
2022-09-08 01:52:02,046 [pool-264-thread-1] INFO  server.RaftServerConfigKeys (ConfUtils.java:logGet(46)) - raft.server.storage.free-space.min = 0MB (=0) (default)
2022-09-08 01:52:02,046 [pool-264-thread-1] INFO  storage.RaftStorageDirectory (RaftStorageDirectoryImpl.java:analyzeStorage(135)) - The storage directory /home/runner/work/ozone/ozone/hadoop-ozone/integration-test/target/test-dir/MiniOzoneClusterImpl-51344073-2fe9-4e0e-b214-dcc669bc958a/datanode-2/data/ratis/e059fe0a-2517-4836-b57d-668964014bfd does not exist. Creating ...
2022-09-08 01:52:02,052 [pool-264-thread-1] INFO  storage.RaftStorageDirectory (RaftStorageDirectoryImpl.java:tryLock(230)) - Lock on /home/runner/work/ozone/ozone/hadoop-ozone/integration-test/target/test-dir/MiniOzoneClusterImpl-51344073-2fe9-4e0e-b214-dcc669bc958a/datanode-2/data/ratis/e059fe0a-2517-4836-b57d-668964014bfd/in_use.lock acquired by nodename 132736@fv-az38-857
2022-09-08 01:52:02,054 [pool-264-thread-1] INFO  storage.RaftStorage (RaftStorageImpl.java:format(89)) - Storage directory /home/runner/work/ozone/ozone/hadoop-ozone/integration-test/target/test-dir/MiniOzoneClusterImpl-51344073-2fe9-4e0e-b214-dcc669bc958a/datanode-2/data/ratis/e059fe0a-2517-4836-b57d-668964014bfd has been successfully formatted.
2022-09-08 01:52:02,055 [pool-264-thread-1] INFO  ratis.ContainerStateMachine (ContainerStateMachine.java:loadSnapshot(236)) - group-668964014BFD: The snapshot info is null. Setting the last applied indexto:(t:0, i:~)
2022-09-08 01:52:02,056 [pool-264-thread-1] INFO  server.RaftServerConfigKeys (ConfUtils.java:logGet(46)) - raft.server.notification.no-leader.timeout = 300s (custom)
2022-09-08 01:52:02,056 [EventQueue-PipelineReportForPipelineReportHandler] INFO  pipeline.PipelineManagerImpl (PipelineManagerImpl.java:openPipeline(367)) - Pipeline Pipeline[ Id: e059fe0a-2517-4836-b57d-668964014bfd, Nodes: 7b5e435e-945e-43ee-952c-2ec3d7bd8fd3{ip: 10.1.1.0, host: fv-az38-857.qiceih3q1hfe5a3ai3y3qk2fta.cx.internal.cloudapp.net, ports: [REPLICATION=45105, RATIS=45447, RATIS_ADMIN=45447, RATIS_SERVER=45447, STANDALONE=41309], networkLocation: /default-rack, certSerialId: null, persistedOpState: IN_SERVICE, persistedOpStateExpiryEpochSec: 0}, ReplicationConfig: RATIS/ONE, State:ALLOCATED, leaderId:7b5e435e-945e-43ee-952c-2ec3d7bd8fd3, CreationTimestamp2022-09-08T01:51:59.049Z[Etc/UTC]] moved to OPEN state
2022-09-08 01:52:02,057 [EventQueue-OpenPipelineForHealthyPipelineSafeModeRule] INFO  safemode.SCMSafeModeManager (HealthyPipelineSafeModeRule.java:process(137)) - SCM in safe mode. Healthy pipelines reported count is 0, required healthy pipeline reported count is 1
2022-09-08 01:52:02,057 [pool-264-thread-1] INFO  server.RaftServerConfigKeys (ConfUtils.java:logGet(46)) - raft.server.log.use.memory = false (default)
2022-09-08 01:52:02,059 [pool-264-thread-1] INFO  server.RaftServerConfigKeys (ConfUtils.java:logGet(46)) - raft.server.log.purge.gap = 1000000 (custom)
2022-09-08 01:52:02,059 [pool-264-thread-1] INFO  server.RaftServerConfigKeys (ConfUtils.java:logGet(46)) - raft.server.log.appender.buffer.byte-limit = 33554432 (custom)
2022-09-08 01:52:02,059 [pool-264-thread-1] INFO  server.RaftServerConfigKeys (ConfUtils.java:logGet(46)) - raft.server.log.statemachine.data.read.timeout = 1000ms (default)
2022-09-08 01:52:02,059 [pool-264-thread-1] INFO  server.RaftServerConfigKeys (ConfUtils.java:logGet(46)) - raft.server.log.segment.size.max = 1048576 (custom)
2022-09-08 01:52:02,059 [pool-264-thread-1] INFO  server.RaftServerConfigKeys (ConfUtils.java:logGet(46)) - raft.server.log.segment.cache.num.max = 2 (custom)
2022-09-08 01:52:02,059 [pool-264-thread-1] INFO  server.RaftServerConfigKeys (ConfUtils.java:logGet(46)) - raft.server.log.segment.cache.size.max = 200MB (=209715200) (default)
2022-09-08 01:52:02,059 [pool-264-thread-1] INFO  segmented.SegmentedRaftLogWorker (SegmentedRaftLogWorker.java:<init>(187)) - new 7b5e435e-945e-43ee-952c-2ec3d7bd8fd3@group-668964014BFD-SegmentedRaftLogWorker for RaftStorageImpl:Storage Directory /home/runner/work/ozone/ozone/hadoop-ozone/integration-test/target/test-dir/MiniOzoneClusterImpl-51344073-2fe9-4e0e-b214-dcc669bc958a/datanode-2/data/ratis/e059fe0a-2517-4836-b57d-668964014bfd
2022-09-08 01:52:02,059 [pool-264-thread-1] INFO  server.RaftServerConfigKeys (ConfUtils.java:logGet(46)) - raft.server.log.queue.byte-limit = 4294967296 (custom)
2022-09-08 01:52:02,059 [pool-264-thread-1] INFO  server.RaftServerConfigKeys (ConfUtils.java:logGet(46)) - raft.server.log.queue.element-limit = 1024 (custom)
2022-09-08 01:52:02,060 [pool-264-thread-1] INFO  server.RaftServerConfigKeys (ConfUtils.java:logGet(46)) - raft.server.log.segment.size.max = 1048576 (custom)
2022-09-08 01:52:02,060 [pool-264-thread-1] INFO  server.RaftServerConfigKeys (ConfUtils.java:logGet(46)) - raft.server.log.preallocated.size = 16384 (custom)
2022-09-08 01:52:02,060 [pool-264-thread-1] INFO  server.RaftServerConfigKeys (ConfUtils.java:logGet(46)) - raft.server.log.force.sync.num = 128 (default)
2022-09-08 01:52:02,060 [pool-264-thread-1] INFO  server.RaftServerConfigKeys (ConfUtils.java:logGet(46)) - raft.server.log.statemachine.data.sync = true (default)
2022-09-08 01:52:02,060 [pool-264-thread-1] INFO  server.RaftServerConfigKeys (ConfUtils.java:logGet(46)) - raft.server.log.statemachine.data.sync.timeout = 10s (default)
2022-09-08 01:52:02,060 [pool-264-thread-1] INFO  server.RaftServerConfigKeys (ConfUtils.java:logGet(46)) - raft.server.log.statemachine.data.sync.timeout.retry = -1 (default)
2022-09-08 01:52:02,060 [pool-264-thread-1] INFO  server.RaftServerConfigKeys (ConfUtils.java:logGet(46)) - raft.server.log.write.buffer.size = 1048576 (custom)
2022-09-08 01:52:02,061 [pool-264-thread-1] INFO  server.RaftServerConfigKeys (ConfUtils.java:logGet(46)) - raft.server.log.unsafe-flush.enabled = false (default)
2022-09-08 01:52:02,061 [pool-264-thread-1] INFO  server.RaftServerConfigKeys (ConfUtils.java:logGet(46)) - raft.server.log.statemachine.data.caching.enabled = true (custom)
2022-09-08 01:52:02,061 [pool-264-thread-1] INFO  segmented.SegmentedRaftLogWorker (SegmentedRaftLogWorker.java:lambda$new$0(135)) - 7b5e435e-945e-43ee-952c-2ec3d7bd8fd3@group-668964014BFD-SegmentedRaftLogWorker: flushIndex: setUnconditionally 0 -> -1
2022-09-08 01:52:02,061 [pool-264-thread-1] INFO  segmented.SegmentedRaftLogWorker (SegmentedRaftLogWorker.java:lambda$new$0(135)) - 7b5e435e-945e-43ee-952c-2ec3d7bd8fd3@group-668964014BFD-SegmentedRaftLogWorker: safeCacheEvictIndex: setUnconditionally 0 -> -1
2022-09-08 01:52:02,062 [pool-264-thread-1] INFO  server.RaftServerConfigKeys (ConfUtils.java:logGet(46)) - raft.server.snapshot.auto.trigger.enabled = true (custom)
2022-09-08 01:52:02,062 [pool-264-thread-1] INFO  server.RaftServerConfigKeys (ConfUtils.java:logGet(46)) - raft.server.snapshot.auto.trigger.threshold = 10000 (custom)
2022-09-08 01:52:02,062 [pool-264-thread-1] INFO  server.RaftServerConfigKeys (ConfUtils.java:logGet(46)) - raft.server.snapshot.retention.file.num = 5 (custom)
2022-09-08 01:52:02,062 [pool-264-thread-1] INFO  server.RaftServerConfigKeys (ConfUtils.java:logGet(46)) - raft.server.log.purge.upto.snapshot.index = false (default)
2022-09-08 01:52:02,062 [pool-264-thread-1] INFO  server.RaftServerConfigKeys (ConfUtils.java:logGet(46)) - raft.server.retrycache.expirytime = 600000ms (custom)
2022-09-08 01:52:02,062 [pool-264-thread-1] INFO  server.RaftServerConfigKeys (ConfUtils.java:logGet(46)) - raft.server.retrycache.statistics.expirytime = 100μs (default)
2022-09-08 01:52:02,063 [pool-264-thread-1] INFO  server.RaftServerConfigKeys (ConfUtils.java:logGet(46)) - raft.server.log.appender.install.snapshot.enabled = false (custom)
2022-09-08 01:52:02,063 [pool-264-thread-1] INFO  server.RaftServerConfigKeys (ConfUtils.java:logGet(46)) - raft.server.threadpool.server.cached = true (default)
2022-09-08 01:52:02,063 [pool-264-thread-1] INFO  server.RaftServerConfigKeys (ConfUtils.java:logGet(46)) - raft.server.threadpool.server.size = 0 (default)
2022-09-08 01:52:02,063 [pool-264-thread-1] INFO  server.RaftServerConfigKeys (ConfUtils.java:logGet(46)) - raft.server.threadpool.client.cached = true (default)
2022-09-08 01:52:02,063 [pool-264-thread-1] INFO  server.RaftServerConfigKeys (ConfUtils.java:logGet(46)) - raft.server.threadpool.client.size = 0 (default)
2022-09-08 01:52:02,063 [pool-264-thread-1] INFO  server.RaftServer$Division (RaftServerImpl.java:start(310)) - 7b5e435e-945e-43ee-952c-2ec3d7bd8fd3@group-668964014BFD: start as a follower, conf=-1: [7b5e435e-945e-43ee-952c-2ec3d7bd8fd3|rpc:10.1.1.0:45447|priority:1], old=null
2022-09-08 01:52:02,063 [pool-264-thread-1] INFO  server.RaftServer$Division (RaftServerImpl.java:setRole(299)) - 7b5e435e-945e-43ee-952c-2ec3d7bd8fd3@group-668964014BFD: changes role from      null to FOLLOWER at term 0 for startAsFollower
2022-09-08 01:52:02,063 [pool-264-thread-1] INFO  impl.RoleInfo (RoleInfo.java:updateAndGet(139)) - 7b5e435e-945e-43ee-952c-2ec3d7bd8fd3: start 7b5e435e-945e-43ee-952c-2ec3d7bd8fd3@group-668964014BFD-FollowerState
2022-09-08 01:52:02,066 [pool-264-thread-1] INFO  util.JmxRegister (JmxRegister.java:tryRegister(44)) - Successfully registered JMX Bean with object name Ratis:service=RaftServer,group=group-668964014BFD,id=7b5e435e-945e-43ee-952c-2ec3d7bd8fd3
2022-09-08 01:52:02,069 [Command processor thread] INFO  ratis.XceiverServerRatis (XceiverServerRatis.java:addGroup(765)) - Created group PipelineID=e059fe0a-2517-4836-b57d-668964014bfd
2022-09-08 01:52:02,069 [Command processor thread] INFO  commandhandler.CreatePipelineCommandHandler (CreatePipelineCommandHandler.java:handle(113)) - Created Pipeline RATIS ONE PipelineID=e059fe0a-2517-4836-b57d-668964014bfd.
2022-09-08 01:52:03,039 [Listener at 127.0.0.1/35669] INFO  ozone.MiniOzoneClusterImpl (MiniOzoneClusterImpl.java:lambda$waitForClusterToBeReady$0(216)) - Nodes are ready. Got 3 of 3 DN Heartbeats.
2022-09-08 01:52:03,040 [Listener at 127.0.0.1/35669] INFO  ozone.MiniOzoneClusterImpl (MiniOzoneClusterImpl.java:lambda$waitForClusterToBeReady$0(219)) - Waiting for cluster to exit safe mode
2022-09-08 01:52:03,040 [Listener at 127.0.0.1/35669] INFO  ozone.MiniOzoneClusterImpl (MiniOzoneClusterImpl.java:lambda$waitForClusterToBeReady$0(221)) - SCM became leader
2022-09-08 01:52:04,040 [Listener at 127.0.0.1/35669] INFO  ozone.MiniOzoneClusterImpl (MiniOzoneClusterImpl.java:lambda$waitForClusterToBeReady$0(216)) - Nodes are ready. Got 3 of 3 DN Heartbeats.
2022-09-08 01:52:04,040 [Listener at 127.0.0.1/35669] INFO  ozone.MiniOzoneClusterImpl (MiniOzoneClusterImpl.java:lambda$waitForClusterToBeReady$0(219)) - Waiting for cluster to exit safe mode
2022-09-08 01:52:04,040 [Listener at 127.0.0.1/35669] INFO  ozone.MiniOzoneClusterImpl (MiniOzoneClusterImpl.java:lambda$waitForClusterToBeReady$0(221)) - SCM became leader
2022-09-08 01:52:05,041 [Listener at 127.0.0.1/35669] INFO  ozone.MiniOzoneClusterImpl (MiniOzoneClusterImpl.java:lambda$waitForClusterToBeReady$0(216)) - Nodes are ready. Got 3 of 3 DN Heartbeats.
2022-09-08 01:52:05,041 [Listener at 127.0.0.1/35669] INFO  ozone.MiniOzoneClusterImpl (MiniOzoneClusterImpl.java:lambda$waitForClusterToBeReady$0(219)) - Waiting for cluster to exit safe mode
2022-09-08 01:52:05,041 [Listener at 127.0.0.1/35669] INFO  ozone.MiniOzoneClusterImpl (MiniOzoneClusterImpl.java:lambda$waitForClusterToBeReady$0(221)) - SCM became leader
2022-09-08 01:52:05,939 [297af254-fbd9-498c-b51d-14a8fa249430@group-B3F6C18A6887-FollowerState] INFO  impl.FollowerState (FollowerState.java:run(143)) - 297af254-fbd9-498c-b51d-14a8fa249430@group-B3F6C18A6887-FollowerState: change to CANDIDATE, lastRpcElapsedTime:5048804426ns, electionTimeout:5042ms
2022-09-08 01:52:05,940 [297af254-fbd9-498c-b51d-14a8fa249430@group-B3F6C18A6887-FollowerState] INFO  impl.RoleInfo (RoleInfo.java:shutdownFollowerState(110)) - 297af254-fbd9-498c-b51d-14a8fa249430: shutdown 297af254-fbd9-498c-b51d-14a8fa249430@group-B3F6C18A6887-FollowerState
2022-09-08 01:52:05,940 [297af254-fbd9-498c-b51d-14a8fa249430@group-B3F6C18A6887-FollowerState] INFO  server.RaftServer$Division (RaftServerImpl.java:setRole(299)) - 297af254-fbd9-498c-b51d-14a8fa249430@group-B3F6C18A6887: changes role from  FOLLOWER to CANDIDATE at term 0 for changeToCandidate
2022-09-08 01:52:05,940 [297af254-fbd9-498c-b51d-14a8fa249430@group-B3F6C18A6887-FollowerState] INFO  server.RaftServerConfigKeys (ConfUtils.java:logGet(46)) - raft.server.leaderelection.pre-vote = false (custom)
2022-09-08 01:52:05,940 [297af254-fbd9-498c-b51d-14a8fa249430@group-B3F6C18A6887-FollowerState] INFO  impl.RoleInfo (RoleInfo.java:updateAndGet(139)) - 297af254-fbd9-498c-b51d-14a8fa249430: start 297af254-fbd9-498c-b51d-14a8fa249430@group-B3F6C18A6887-LeaderElection13
2022-09-08 01:52:05,952 [297af254-fbd9-498c-b51d-14a8fa249430@group-B3F6C18A6887-LeaderElection13] INFO  impl.LeaderElection (LeaderElection.java:askForVotes(310)) - 297af254-fbd9-498c-b51d-14a8fa249430@group-B3F6C18A6887-LeaderElection13 ELECTION round 0: submit vote requests at term 1 for -1: [297af254-fbd9-498c-b51d-14a8fa249430|rpc:10.1.1.0:40627|priority:1], old=null
2022-09-08 01:52:05,952 [297af254-fbd9-498c-b51d-14a8fa249430@group-B3F6C18A6887-LeaderElection13] INFO  impl.LeaderElection (LeaderElection.java:askForVotes(312)) - 297af254-fbd9-498c-b51d-14a8fa249430@group-B3F6C18A6887-LeaderElection13 ELECTION round 0: result PASSED (term=1)
2022-09-08 01:52:05,952 [297af254-fbd9-498c-b51d-14a8fa249430@group-B3F6C18A6887-LeaderElection13] INFO  impl.RoleInfo (RoleInfo.java:shutdownLeaderElection(130)) - 297af254-fbd9-498c-b51d-14a8fa249430: shutdown 297af254-fbd9-498c-b51d-14a8fa249430@group-B3F6C18A6887-LeaderElection13
2022-09-08 01:52:05,952 [297af254-fbd9-498c-b51d-14a8fa249430@group-B3F6C18A6887-LeaderElection13] INFO  server.RaftServer$Division (RaftServerImpl.java:setRole(299)) - 297af254-fbd9-498c-b51d-14a8fa249430@group-B3F6C18A6887: changes role from CANDIDATE to LEADER at term 1 for changeToLeader
2022-09-08 01:52:05,952 [297af254-fbd9-498c-b51d-14a8fa249430@group-B3F6C18A6887-LeaderElection13] INFO  ratis.XceiverServerRatis (XceiverServerRatis.java:handleLeaderChangedNotification(863)) - Leader change notification received for group: group-B3F6C18A6887 with new leaderId: 297af254-fbd9-498c-b51d-14a8fa249430
2022-09-08 01:52:05,952 [297af254-fbd9-498c-b51d-14a8fa249430@group-B3F6C18A6887-LeaderElection13] INFO  server.RaftServer$Division (ServerState.java:setLeader(287)) - 297af254-fbd9-498c-b51d-14a8fa249430@group-B3F6C18A6887: change Leader from null to 297af254-fbd9-498c-b51d-14a8fa249430 at term 1 for becomeLeader, leader elected after 5081ms
2022-09-08 01:52:05,952 [297af254-fbd9-498c-b51d-14a8fa249430@group-B3F6C18A6887-LeaderElection13] INFO  server.RaftServerConfigKeys (ConfUtils.java:logGet(46)) - raft.server.staging.catchup.gap = 1000 (default)
2022-09-08 01:52:05,952 [297af254-fbd9-498c-b51d-14a8fa249430@group-B3F6C18A6887-LeaderElection13] INFO  server.RaftServerConfigKeys (ConfUtils.java:logGet(46)) - raft.server.write.element-limit = 1024 (custom)
2022-09-08 01:52:05,953 [297af254-fbd9-498c-b51d-14a8fa249430@group-B3F6C18A6887-LeaderElection13] INFO  server.RaftServerConfigKeys (ConfUtils.java:logGet(46)) - raft.server.write.byte-limit = 1024 M (=1073741824) (custom)
2022-09-08 01:52:05,953 [297af254-fbd9-498c-b51d-14a8fa249430@group-B3F6C18A6887-LeaderElection13] INFO  server.RaftServerConfigKeys (ConfUtils.java:logGet(46)) - raft.server.watch.timeout = 180s (custom)
2022-09-08 01:52:05,953 [297af254-fbd9-498c-b51d-14a8fa249430@group-B3F6C18A6887-LeaderElection13] INFO  server.RaftServerConfigKeys (ConfUtils.java:logGet(46)) - raft.server.watch.timeout.denomination = 1s (default)
2022-09-08 01:52:05,953 [297af254-fbd9-498c-b51d-14a8fa249430@group-B3F6C18A6887-LeaderElection13] INFO  server.RaftServerConfigKeys (ConfUtils.java:logGet(46)) - raft.server.watch.element-limit = 65536 (default)
2022-09-08 01:52:05,953 [297af254-fbd9-498c-b51d-14a8fa249430@group-B3F6C18A6887-LeaderElection13] INFO  server.RaftServerConfigKeys (ConfUtils.java:logGet(46)) - raft.server.write.element-limit = 1024 (custom)
2022-09-08 01:52:05,953 [297af254-fbd9-498c-b51d-14a8fa249430@group-B3F6C18A6887-LeaderElection13] INFO  server.RaftServerConfigKeys (ConfUtils.java:logGet(46)) - raft.server.write.follower.gap.ratio.max = -1.0 (default)
2022-09-08 01:52:05,953 [297af254-fbd9-498c-b51d-14a8fa249430@group-B3F6C18A6887-LeaderElection13] INFO  impl.RoleInfo (RoleInfo.java:updateAndGet(139)) - 297af254-fbd9-498c-b51d-14a8fa249430: start 297af254-fbd9-498c-b51d-14a8fa249430@group-B3F6C18A6887-LeaderStateImpl
2022-09-08 01:52:05,953 [297af254-fbd9-498c-b51d-14a8fa249430@group-B3F6C18A6887-LeaderElection13] INFO  segmented.SegmentedRaftLogWorker (SegmentedRaftLogWorker.java:startLogSegment(425)) - 297af254-fbd9-498c-b51d-14a8fa249430@group-B3F6C18A6887-SegmentedRaftLogWorker: Starting segment from index:0
2022-09-08 01:52:05,957 [EventQueue-OpenPipelineForHealthyPipelineSafeModeRule] INFO  safemode.SCMSafeModeManager (HealthyPipelineSafeModeRule.java:process(137)) - SCM in safe mode. Healthy pipelines reported count is 0, required healthy pipeline reported count is 1
2022-09-08 01:52:05,957 [297af254-fbd9-498c-b51d-14a8fa249430@group-B3F6C18A6887-SegmentedRaftLogWorker] INFO  segmented.SegmentedRaftLogWorker (SegmentedRaftLogWorker.java:execute(629)) - 297af254-fbd9-498c-b51d-14a8fa249430@group-B3F6C18A6887-SegmentedRaftLogWorker: created new log segment /home/runner/work/ozone/ozone/hadoop-ozone/integration-test/target/test-dir/MiniOzoneClusterImpl-51344073-2fe9-4e0e-b214-dcc669bc958a/datanode-0/data/ratis/2fc819af-a34a-47d8-b2c2-b3f6c18a6887/current/log_inprogress_0
2022-09-08 01:52:05,962 [297af254-fbd9-498c-b51d-14a8fa249430@group-B3F6C18A6887-LeaderElection13] INFO  server.RaftServer$Division (ServerState.java:setRaftConf(393)) - 297af254-fbd9-498c-b51d-14a8fa249430@group-B3F6C18A6887: set configuration 0: [297af254-fbd9-498c-b51d-14a8fa249430|rpc:10.1.1.0:40627|dataStream:|priority:1], old=null
2022-09-08 01:52:05,996 [297af254-fbd9-498c-b51d-14a8fa249430@group-396EA8A6EF9E-FollowerState] INFO  impl.FollowerState (FollowerState.java:run(143)) - 297af254-fbd9-498c-b51d-14a8fa249430@group-396EA8A6EF9E-FollowerState: change to CANDIDATE, lastRpcElapsedTime:5074862793ns, electionTimeout:5067ms
2022-09-08 01:52:05,996 [297af254-fbd9-498c-b51d-14a8fa249430@group-396EA8A6EF9E-FollowerState] INFO  impl.RoleInfo (RoleInfo.java:shutdownFollowerState(110)) - 297af254-fbd9-498c-b51d-14a8fa249430: shutdown 297af254-fbd9-498c-b51d-14a8fa249430@group-396EA8A6EF9E-FollowerState
2022-09-08 01:52:05,997 [297af254-fbd9-498c-b51d-14a8fa249430@group-396EA8A6EF9E-FollowerState] INFO  server.RaftServer$Division (RaftServerImpl.java:setRole(299)) - 297af254-fbd9-498c-b51d-14a8fa249430@group-396EA8A6EF9E: changes role from  FOLLOWER to CANDIDATE at term 0 for changeToCandidate
2022-09-08 01:52:05,997 [297af254-fbd9-498c-b51d-14a8fa249430@group-396EA8A6EF9E-FollowerState] INFO  server.RaftServerConfigKeys (ConfUtils.java:logGet(46)) - raft.server.leaderelection.pre-vote = false (custom)
2022-09-08 01:52:05,997 [297af254-fbd9-498c-b51d-14a8fa249430@group-396EA8A6EF9E-FollowerState] INFO  impl.RoleInfo (RoleInfo.java:updateAndGet(139)) - 297af254-fbd9-498c-b51d-14a8fa249430: start 297af254-fbd9-498c-b51d-14a8fa249430@group-396EA8A6EF9E-LeaderElection14
2022-09-08 01:52:06,011 [297af254-fbd9-498c-b51d-14a8fa249430@group-396EA8A6EF9E-LeaderElection14] INFO  impl.LeaderElection (LeaderElection.java:askForVotes(310)) - 297af254-fbd9-498c-b51d-14a8fa249430@group-396EA8A6EF9E-LeaderElection14 ELECTION round 0: submit vote requests at term 1 for -1: [284d7013-8473-4015-87b2-132fe6465f12|rpc:10.1.1.0:46817|priority:0, 7b5e435e-945e-43ee-952c-2ec3d7bd8fd3|rpc:10.1.1.0:45447|priority:1, 297af254-fbd9-498c-b51d-14a8fa249430|rpc:10.1.1.0:40627|priority:0], old=null
2022-09-08 01:52:06,039 [grpc-default-executor-0] INFO  server.RaftServer$Division (RaftServerImpl.java:requestVote(1152)) - 284d7013-8473-4015-87b2-132fe6465f12@group-396EA8A6EF9E: receive requestVote(ELECTION, 297af254-fbd9-498c-b51d-14a8fa249430, group-396EA8A6EF9E, 1, (t:0, i:0))
2022-09-08 01:52:06,039 [grpc-default-executor-0] INFO  impl.VoteContext (VoteContext.java:log(48)) - 284d7013-8473-4015-87b2-132fe6465f12@group-396EA8A6EF9E-FOLLOWER: accept ELECTION from 297af254-fbd9-498c-b51d-14a8fa249430: our priority 0 <= candidate's priority 0
2022-09-08 01:52:06,039 [grpc-default-executor-0] INFO  server.RaftServer$Division (RaftServerImpl.java:setRole(299)) - 284d7013-8473-4015-87b2-132fe6465f12@group-396EA8A6EF9E: changes role from  FOLLOWER to FOLLOWER at term 1 for candidate:297af254-fbd9-498c-b51d-14a8fa249430
2022-09-08 01:52:06,039 [grpc-default-executor-0] INFO  impl.RoleInfo (RoleInfo.java:shutdownFollowerState(110)) - 284d7013-8473-4015-87b2-132fe6465f12: shutdown 284d7013-8473-4015-87b2-132fe6465f12@group-396EA8A6EF9E-FollowerState
2022-09-08 01:52:06,040 [grpc-default-executor-0] INFO  impl.RoleInfo (RoleInfo.java:updateAndGet(139)) - 284d7013-8473-4015-87b2-132fe6465f12: start 284d7013-8473-4015-87b2-132fe6465f12@group-396EA8A6EF9E-FollowerState
2022-09-08 01:52:06,040 [284d7013-8473-4015-87b2-132fe6465f12@group-396EA8A6EF9E-FollowerState] INFO  impl.FollowerState (FollowerState.java:run(152)) - 284d7013-8473-4015-87b2-132fe6465f12@group-396EA8A6EF9E-FollowerState was interrupted
2022-09-08 01:52:06,041 [Listener at 127.0.0.1/35669] INFO  ozone.MiniOzoneClusterImpl (MiniOzoneClusterImpl.java:lambda$waitForClusterToBeReady$0(216)) - Nodes are ready. Got 3 of 3 DN Heartbeats.
2022-09-08 01:52:06,041 [Listener at 127.0.0.1/35669] INFO  ozone.MiniOzoneClusterImpl (MiniOzoneClusterImpl.java:lambda$waitForClusterToBeReady$0(219)) - Waiting for cluster to exit safe mode
2022-09-08 01:52:06,042 [Listener at 127.0.0.1/35669] INFO  ozone.MiniOzoneClusterImpl (MiniOzoneClusterImpl.java:lambda$waitForClusterToBeReady$0(221)) - SCM became leader
2022-09-08 01:52:06,046 [grpc-default-executor-0] INFO  server.RaftServer$Division (RaftServerImpl.java:requestVote(1184)) - 284d7013-8473-4015-87b2-132fe6465f12@group-396EA8A6EF9E replies to ELECTION vote request: 297af254-fbd9-498c-b51d-14a8fa249430<-284d7013-8473-4015-87b2-132fe6465f12#0:OK-t1. Peer's state: 284d7013-8473-4015-87b2-132fe6465f12@group-396EA8A6EF9E:t1, leader=null, voted=297af254-fbd9-498c-b51d-14a8fa249430, raftlog=284d7013-8473-4015-87b2-132fe6465f12@group-396EA8A6EF9E-SegmentedRaftLog:OPENED:c-1, conf=-1: [284d7013-8473-4015-87b2-132fe6465f12|rpc:10.1.1.0:46817|dataStream:|priority:0, 7b5e435e-945e-43ee-952c-2ec3d7bd8fd3|rpc:10.1.1.0:45447|dataStream:|priority:1, 297af254-fbd9-498c-b51d-14a8fa249430|rpc:10.1.1.0:40627|dataStream:|priority:0], old=null
2022-09-08 01:52:06,059 [grpc-default-executor-0] INFO  server.RaftServer$Division (RaftServerImpl.java:requestVote(1152)) - 7b5e435e-945e-43ee-952c-2ec3d7bd8fd3@group-396EA8A6EF9E: receive requestVote(ELECTION, 297af254-fbd9-498c-b51d-14a8fa249430, group-396EA8A6EF9E, 1, (t:0, i:0))
2022-09-08 01:52:06,059 [grpc-default-executor-0] INFO  impl.VoteContext (VoteContext.java:log(48)) - 7b5e435e-945e-43ee-952c-2ec3d7bd8fd3@group-396EA8A6EF9E-FOLLOWER: reject ELECTION from 297af254-fbd9-498c-b51d-14a8fa249430: our priority 1 > candidate's priority 0
2022-09-08 01:52:06,059 [grpc-default-executor-0] INFO  server.RaftServer$Division (RaftServerImpl.java:setRole(299)) - 7b5e435e-945e-43ee-952c-2ec3d7bd8fd3@group-396EA8A6EF9E: changes role from  FOLLOWER to FOLLOWER at term 1 for candidate:297af254-fbd9-498c-b51d-14a8fa249430
2022-09-08 01:52:06,059 [grpc-default-executor-0] INFO  impl.RoleInfo (RoleInfo.java:shutdownFollowerState(110)) - 7b5e435e-945e-43ee-952c-2ec3d7bd8fd3: shutdown 7b5e435e-945e-43ee-952c-2ec3d7bd8fd3@group-396EA8A6EF9E-FollowerState
2022-09-08 01:52:06,059 [grpc-default-executor-0] INFO  impl.RoleInfo (RoleInfo.java:updateAndGet(139)) - 7b5e435e-945e-43ee-952c-2ec3d7bd8fd3: start 7b5e435e-945e-43ee-952c-2ec3d7bd8fd3@group-396EA8A6EF9E-FollowerState
2022-09-08 01:52:06,059 [7b5e435e-945e-43ee-952c-2ec3d7bd8fd3@group-396EA8A6EF9E-FollowerState] INFO  impl.FollowerState (FollowerState.java:run(152)) - 7b5e435e-945e-43ee-952c-2ec3d7bd8fd3@group-396EA8A6EF9E-FollowerState was interrupted
2022-09-08 01:52:06,068 [grpc-default-executor-0] INFO  server.RaftServer$Division (RaftServerImpl.java:requestVote(1184)) - 7b5e435e-945e-43ee-952c-2ec3d7bd8fd3@group-396EA8A6EF9E replies to ELECTION vote request: 297af254-fbd9-498c-b51d-14a8fa249430<-7b5e435e-945e-43ee-952c-2ec3d7bd8fd3#0:FAIL-t1. Peer's state: 7b5e435e-945e-43ee-952c-2ec3d7bd8fd3@group-396EA8A6EF9E:t1, leader=null, voted=null, raftlog=7b5e435e-945e-43ee-952c-2ec3d7bd8fd3@group-396EA8A6EF9E-SegmentedRaftLog:OPENED:c-1, conf=-1: [284d7013-8473-4015-87b2-132fe6465f12|rpc:10.1.1.0:46817|dataStream:|priority:0, 7b5e435e-945e-43ee-952c-2ec3d7bd8fd3|rpc:10.1.1.0:45447|dataStream:|priority:1, 297af254-fbd9-498c-b51d-14a8fa249430|rpc:10.1.1.0:40627|dataStream:|priority:0], old=null
2022-09-08 01:52:06,070 [297af254-fbd9-498c-b51d-14a8fa249430@group-396EA8A6EF9E-LeaderElection14] INFO  impl.LeaderElection (LeaderElection.java:logAndReturn(90)) - 297af254-fbd9-498c-b51d-14a8fa249430@group-396EA8A6EF9E-LeaderElection14: ELECTION REJECTED received 2 response(s) and 0 exception(s):
2022-09-08 01:52:06,070 [297af254-fbd9-498c-b51d-14a8fa249430@group-396EA8A6EF9E-LeaderElection14] INFO  impl.LeaderElection (LeaderElection.java:logAndReturn(94)) -   Response 0: 297af254-fbd9-498c-b51d-14a8fa249430<-284d7013-8473-4015-87b2-132fe6465f12#0:OK-t1
2022-09-08 01:52:06,070 [297af254-fbd9-498c-b51d-14a8fa249430@group-396EA8A6EF9E-LeaderElection14] INFO  impl.LeaderElection (LeaderElection.java:logAndReturn(94)) -   Response 1: 297af254-fbd9-498c-b51d-14a8fa249430<-7b5e435e-945e-43ee-952c-2ec3d7bd8fd3#0:FAIL-t1
2022-09-08 01:52:06,070 [297af254-fbd9-498c-b51d-14a8fa249430@group-396EA8A6EF9E-LeaderElection14] INFO  impl.LeaderElection (LeaderElection.java:askForVotes(312)) - 297af254-fbd9-498c-b51d-14a8fa249430@group-396EA8A6EF9E-LeaderElection14 ELECTION round 0: result REJECTED
2022-09-08 01:52:06,070 [297af254-fbd9-498c-b51d-14a8fa249430@group-396EA8A6EF9E-LeaderElection14] INFO  server.RaftServer$Division (RaftServerImpl.java:setRole(299)) - 297af254-fbd9-498c-b51d-14a8fa249430@group-396EA8A6EF9E: changes role from CANDIDATE to FOLLOWER at term 1 for REJECTED
2022-09-08 01:52:06,070 [297af254-fbd9-498c-b51d-14a8fa249430@group-396EA8A6EF9E-LeaderElection14] INFO  impl.RoleInfo (RoleInfo.java:shutdownLeaderElection(130)) - 297af254-fbd9-498c-b51d-14a8fa249430: shutdown 297af254-fbd9-498c-b51d-14a8fa249430@group-396EA8A6EF9E-LeaderElection14
2022-09-08 01:52:06,071 [297af254-fbd9-498c-b51d-14a8fa249430@group-396EA8A6EF9E-LeaderElection14] INFO  impl.RoleInfo (RoleInfo.java:updateAndGet(139)) - 297af254-fbd9-498c-b51d-14a8fa249430: start 297af254-fbd9-498c-b51d-14a8fa249430@group-396EA8A6EF9E-FollowerState
2022-09-08 01:52:06,303 [297af254-fbd9-498c-b51d-14a8fa249430@group-812EC5BB37CB-FollowerState] INFO  impl.FollowerState (FollowerState.java:run(143)) - 297af254-fbd9-498c-b51d-14a8fa249430@group-812EC5BB37CB-FollowerState: change to CANDIDATE, lastRpcElapsedTime:5154591312ns, electionTimeout:5153ms
2022-09-08 01:52:06,304 [297af254-fbd9-498c-b51d-14a8fa249430@group-812EC5BB37CB-FollowerState] INFO  impl.RoleInfo (RoleInfo.java:shutdownFollowerState(110)) - 297af254-fbd9-498c-b51d-14a8fa249430: shutdown 297af254-fbd9-498c-b51d-14a8fa249430@group-812EC5BB37CB-FollowerState
2022-09-08 01:52:06,304 [297af254-fbd9-498c-b51d-14a8fa249430@group-812EC5BB37CB-FollowerState] INFO  server.RaftServer$Division (RaftServerImpl.java:setRole(299)) - 297af254-fbd9-498c-b51d-14a8fa249430@group-812EC5BB37CB: changes role from  FOLLOWER to CANDIDATE at term 0 for changeToCandidate
2022-09-08 01:52:06,304 [297af254-fbd9-498c-b51d-14a8fa249430@group-812EC5BB37CB-FollowerState] INFO  server.RaftServerConfigKeys (ConfUtils.java:logGet(46)) - raft.server.leaderelection.pre-vote = false (custom)
2022-09-08 01:52:06,305 [297af254-fbd9-498c-b51d-14a8fa249430@group-812EC5BB37CB-FollowerState] INFO  impl.RoleInfo (RoleInfo.java:updateAndGet(139)) - 297af254-fbd9-498c-b51d-14a8fa249430: start 297af254-fbd9-498c-b51d-14a8fa249430@group-812EC5BB37CB-LeaderElection15
2022-09-08 01:52:06,321 [297af254-fbd9-498c-b51d-14a8fa249430@group-812EC5BB37CB-LeaderElection15] INFO  impl.LeaderElection (LeaderElection.java:askForVotes(310)) - 297af254-fbd9-498c-b51d-14a8fa249430@group-812EC5BB37CB-LeaderElection15 ELECTION round 0: submit vote requests at term 1 for -1: [284d7013-8473-4015-87b2-132fe6465f12|rpc:10.1.1.0:46817|priority:1, 7b5e435e-945e-43ee-952c-2ec3d7bd8fd3|rpc:10.1.1.0:45447|priority:0, 297af254-fbd9-498c-b51d-14a8fa249430|rpc:10.1.1.0:40627|priority:0], old=null
2022-09-08 01:52:06,335 [grpc-default-executor-0] INFO  server.RaftServer$Division (RaftServerImpl.java:requestVote(1152)) - 284d7013-8473-4015-87b2-132fe6465f12@group-812EC5BB37CB: receive requestVote(ELECTION, 297af254-fbd9-498c-b51d-14a8fa249430, group-812EC5BB37CB, 1, (t:0, i:0))
2022-09-08 01:52:06,335 [grpc-default-executor-0] INFO  impl.VoteContext (VoteContext.java:log(48)) - 284d7013-8473-4015-87b2-132fe6465f12@group-812EC5BB37CB-FOLLOWER: reject ELECTION from 297af254-fbd9-498c-b51d-14a8fa249430: our priority 1 > candidate's priority 0
2022-09-08 01:52:06,335 [grpc-default-executor-0] INFO  server.RaftServer$Division (RaftServerImpl.java:setRole(299)) - 284d7013-8473-4015-87b2-132fe6465f12@group-812EC5BB37CB: changes role from  FOLLOWER to FOLLOWER at term 1 for candidate:297af254-fbd9-498c-b51d-14a8fa249430
2022-09-08 01:52:06,335 [grpc-default-executor-0] INFO  impl.RoleInfo (RoleInfo.java:shutdownFollowerState(110)) - 284d7013-8473-4015-87b2-132fe6465f12: shutdown 284d7013-8473-4015-87b2-132fe6465f12@group-812EC5BB37CB-FollowerState
2022-09-08 01:52:06,335 [grpc-default-executor-0] INFO  impl.RoleInfo (RoleInfo.java:updateAndGet(139)) - 284d7013-8473-4015-87b2-132fe6465f12: start 284d7013-8473-4015-87b2-132fe6465f12@group-812EC5BB37CB-FollowerState
2022-09-08 01:52:06,335 [284d7013-8473-4015-87b2-132fe6465f12@group-812EC5BB37CB-FollowerState] INFO  impl.FollowerState (FollowerState.java:run(152)) - 284d7013-8473-4015-87b2-132fe6465f12@group-812EC5BB37CB-FollowerState was interrupted
2022-09-08 01:52:06,355 [grpc-default-executor-0] INFO  server.RaftServer$Division (RaftServerImpl.java:requestVote(1184)) - 284d7013-8473-4015-87b2-132fe6465f12@group-812EC5BB37CB replies to ELECTION vote request: 297af254-fbd9-498c-b51d-14a8fa249430<-284d7013-8473-4015-87b2-132fe6465f12#0:FAIL-t1. Peer's state: 284d7013-8473-4015-87b2-132fe6465f12@group-812EC5BB37CB:t1, leader=null, voted=null, raftlog=284d7013-8473-4015-87b2-132fe6465f12@group-812EC5BB37CB-SegmentedRaftLog:OPENED:c-1, conf=-1: [284d7013-8473-4015-87b2-132fe6465f12|rpc:10.1.1.0:46817|dataStream:|priority:1, 7b5e435e-945e-43ee-952c-2ec3d7bd8fd3|rpc:10.1.1.0:45447|dataStream:|priority:0, 297af254-fbd9-498c-b51d-14a8fa249430|rpc:10.1.1.0:40627|dataStream:|priority:0], old=null
2022-09-08 01:52:06,360 [grpc-default-executor-1] INFO  server.RaftServer$Division (RaftServerImpl.java:requestVote(1152)) - 7b5e435e-945e-43ee-952c-2ec3d7bd8fd3@group-812EC5BB37CB: receive requestVote(ELECTION, 297af254-fbd9-498c-b51d-14a8fa249430, group-812EC5BB37CB, 1, (t:0, i:0))
2022-09-08 01:52:06,360 [grpc-default-executor-1] INFO  impl.VoteContext (VoteContext.java:log(48)) - 7b5e435e-945e-43ee-952c-2ec3d7bd8fd3@group-812EC5BB37CB-FOLLOWER: accept ELECTION from 297af254-fbd9-498c-b51d-14a8fa249430: our priority 0 <= candidate's priority 0
2022-09-08 01:52:06,360 [grpc-default-executor-1] INFO  server.RaftServer$Division (RaftServerImpl.java:setRole(299)) - 7b5e435e-945e-43ee-952c-2ec3d7bd8fd3@group-812EC5BB37CB: changes role from  FOLLOWER to FOLLOWER at term 1 for candidate:297af254-fbd9-498c-b51d-14a8fa249430
2022-09-08 01:52:06,360 [grpc-default-executor-1] INFO  impl.RoleInfo (RoleInfo.java:shutdownFollowerState(110)) - 7b5e435e-945e-43ee-952c-2ec3d7bd8fd3: shutdown 7b5e435e-945e-43ee-952c-2ec3d7bd8fd3@group-812EC5BB37CB-FollowerState
2022-09-08 01:52:06,360 [grpc-default-executor-1] INFO  impl.RoleInfo (RoleInfo.java:updateAndGet(139)) - 7b5e435e-945e-43ee-952c-2ec3d7bd8fd3: start 7b5e435e-945e-43ee-952c-2ec3d7bd8fd3@group-812EC5BB37CB-FollowerState
2022-09-08 01:52:06,361 [7b5e435e-945e-43ee-952c-2ec3d7bd8fd3@group-812EC5BB37CB-FollowerState] INFO  impl.FollowerState (FollowerState.java:run(152)) - 7b5e435e-945e-43ee-952c-2ec3d7bd8fd3@group-812EC5BB37CB-FollowerState was interrupted
2022-09-08 01:52:06,373 [297af254-fbd9-498c-b51d-14a8fa249430@group-812EC5BB37CB-LeaderElection15] INFO  impl.LeaderElection (LeaderElection.java:logAndReturn(90)) - 297af254-fbd9-498c-b51d-14a8fa249430@group-812EC5BB37CB-LeaderElection15: ELECTION REJECTED received 1 response(s) and 0 exception(s):
2022-09-08 01:52:06,373 [297af254-fbd9-498c-b51d-14a8fa249430@group-812EC5BB37CB-LeaderElection15] INFO  impl.LeaderElection (LeaderElection.java:logAndReturn(94)) -   Response 0: 297af254-fbd9-498c-b51d-14a8fa249430<-284d7013-8473-4015-87b2-132fe6465f12#0:FAIL-t1
2022-09-08 01:52:06,373 [297af254-fbd9-498c-b51d-14a8fa249430@group-812EC5BB37CB-LeaderElection15] INFO  impl.LeaderElection (LeaderElection.java:askForVotes(312)) - 297af254-fbd9-498c-b51d-14a8fa249430@group-812EC5BB37CB-LeaderElection15 ELECTION round 0: result REJECTED
2022-09-08 01:52:06,373 [297af254-fbd9-498c-b51d-14a8fa249430@group-812EC5BB37CB-LeaderElection15] INFO  server.RaftServer$Division (RaftServerImpl.java:setRole(299)) - 297af254-fbd9-498c-b51d-14a8fa249430@group-812EC5BB37CB: changes role from CANDIDATE to FOLLOWER at term 1 for REJECTED
2022-09-08 01:52:06,373 [297af254-fbd9-498c-b51d-14a8fa249430@group-812EC5BB37CB-LeaderElection15] INFO  impl.RoleInfo (RoleInfo.java:shutdownLeaderElection(130)) - 297af254-fbd9-498c-b51d-14a8fa249430: shutdown 297af254-fbd9-498c-b51d-14a8fa249430@group-812EC5BB37CB-LeaderElection15
2022-09-08 01:52:06,373 [297af254-fbd9-498c-b51d-14a8fa249430@group-812EC5BB37CB-LeaderElection15] INFO  impl.RoleInfo (RoleInfo.java:updateAndGet(139)) - 297af254-fbd9-498c-b51d-14a8fa249430: start 297af254-fbd9-498c-b51d-14a8fa249430@group-812EC5BB37CB-FollowerState
2022-09-08 01:52:06,374 [grpc-default-executor-1] INFO  server.RaftServer$Division (RaftServerImpl.java:requestVote(1184)) - 7b5e435e-945e-43ee-952c-2ec3d7bd8fd3@group-812EC5BB37CB replies to ELECTION vote request: 297af254-fbd9-498c-b51d-14a8fa249430<-7b5e435e-945e-43ee-952c-2ec3d7bd8fd3#0:OK-t1. Peer's state: 7b5e435e-945e-43ee-952c-2ec3d7bd8fd3@group-812EC5BB37CB:t1, leader=null, voted=297af254-fbd9-498c-b51d-14a8fa249430, raftlog=7b5e435e-945e-43ee-952c-2ec3d7bd8fd3@group-812EC5BB37CB-SegmentedRaftLog:OPENED:c-1, conf=-1: [284d7013-8473-4015-87b2-132fe6465f12|rpc:10.1.1.0:46817|dataStream:|priority:1, 7b5e435e-945e-43ee-952c-2ec3d7bd8fd3|rpc:10.1.1.0:45447|dataStream:|priority:0, 297af254-fbd9-498c-b51d-14a8fa249430|rpc:10.1.1.0:40627|dataStream:|priority:0], old=null
2022-09-08 01:52:06,522 [284d7013-8473-4015-87b2-132fe6465f12@group-DE0039010B7B-FollowerState] INFO  impl.FollowerState (FollowerState.java:run(143)) - 284d7013-8473-4015-87b2-132fe6465f12@group-DE0039010B7B-FollowerState: change to CANDIDATE, lastRpcElapsedTime:5031960990ns, electionTimeout:5017ms
2022-09-08 01:52:06,523 [284d7013-8473-4015-87b2-132fe6465f12@group-DE0039010B7B-FollowerState] INFO  impl.RoleInfo (RoleInfo.java:shutdownFollowerState(110)) - 284d7013-8473-4015-87b2-132fe6465f12: shutdown 284d7013-8473-4015-87b2-132fe6465f12@group-DE0039010B7B-FollowerState
2022-09-08 01:52:06,523 [284d7013-8473-4015-87b2-132fe6465f12@group-DE0039010B7B-FollowerState] INFO  server.RaftServer$Division (RaftServerImpl.java:setRole(299)) - 284d7013-8473-4015-87b2-132fe6465f12@group-DE0039010B7B: changes role from  FOLLOWER to CANDIDATE at term 0 for changeToCandidate
2022-09-08 01:52:06,523 [284d7013-8473-4015-87b2-132fe6465f12@group-DE0039010B7B-FollowerState] INFO  server.RaftServerConfigKeys (ConfUtils.java:logGet(46)) - raft.server.leaderelection.pre-vote = false (custom)
2022-09-08 01:52:06,523 [284d7013-8473-4015-87b2-132fe6465f12@group-DE0039010B7B-FollowerState] INFO  impl.RoleInfo (RoleInfo.java:updateAndGet(139)) - 284d7013-8473-4015-87b2-132fe6465f12: start 284d7013-8473-4015-87b2-132fe6465f12@group-DE0039010B7B-LeaderElection16
2022-09-08 01:52:06,531 [284d7013-8473-4015-87b2-132fe6465f12@group-DE0039010B7B-LeaderElection16] INFO  impl.LeaderElection (LeaderElection.java:askForVotes(310)) - 284d7013-8473-4015-87b2-132fe6465f12@group-DE0039010B7B-LeaderElection16 ELECTION round 0: submit vote requests at term 1 for -1: [284d7013-8473-4015-87b2-132fe6465f12|rpc:10.1.1.0:46817|priority:1], old=null
2022-09-08 01:52:06,537 [284d7013-8473-4015-87b2-132fe6465f12@group-DE0039010B7B-LeaderElection16] INFO  impl.LeaderElection (LeaderElection.java:askForVotes(312)) - 284d7013-8473-4015-87b2-132fe6465f12@group-DE0039010B7B-LeaderElection16 ELECTION round 0: result PASSED (term=1)
2022-09-08 01:52:06,537 [284d7013-8473-4015-87b2-132fe6465f12@group-DE0039010B7B-LeaderElection16] INFO  impl.RoleInfo (RoleInfo.java:shutdownLeaderElection(130)) - 284d7013-8473-4015-87b2-132fe6465f12: shutdown 284d7013-8473-4015-87b2-132fe6465f12@group-DE0039010B7B-LeaderElection16
2022-09-08 01:52:06,537 [284d7013-8473-4015-87b2-132fe6465f12@group-DE0039010B7B-LeaderElection16] INFO  server.RaftServer$Division (RaftServerImpl.java:setRole(299)) - 284d7013-8473-4015-87b2-132fe6465f12@group-DE0039010B7B: changes role from CANDIDATE to LEADER at term 1 for changeToLeader
2022-09-08 01:52:06,537 [284d7013-8473-4015-87b2-132fe6465f12@group-DE0039010B7B-LeaderElection16] INFO  ratis.XceiverServerRatis (XceiverServerRatis.java:handleLeaderChangedNotification(863)) - Leader change notification received for group: group-DE0039010B7B with new leaderId: 284d7013-8473-4015-87b2-132fe6465f12
2022-09-08 01:52:06,537 [284d7013-8473-4015-87b2-132fe6465f12@group-DE0039010B7B-LeaderElection16] INFO  server.RaftServer$Division (ServerState.java:setLeader(287)) - 284d7013-8473-4015-87b2-132fe6465f12@group-DE0039010B7B: change Leader from null to 284d7013-8473-4015-87b2-132fe6465f12 at term 1 for becomeLeader, leader elected after 5067ms
2022-09-08 01:52:06,537 [284d7013-8473-4015-87b2-132fe6465f12@group-DE0039010B7B-LeaderElection16] INFO  server.RaftServerConfigKeys (ConfUtils.java:logGet(46)) - raft.server.staging.catchup.gap = 1000 (default)
2022-09-08 01:52:06,537 [284d7013-8473-4015-87b2-132fe6465f12@group-DE0039010B7B-LeaderElection16] INFO  server.RaftServerConfigKeys (ConfUtils.java:logGet(46)) - raft.server.write.element-limit = 1024 (custom)
2022-09-08 01:52:06,537 [284d7013-8473-4015-87b2-132fe6465f12@group-DE0039010B7B-LeaderElection16] INFO  server.RaftServerConfigKeys (ConfUtils.java:logGet(46)) - raft.server.write.byte-limit = 1024 M (=1073741824) (custom)
2022-09-08 01:52:06,538 [284d7013-8473-4015-87b2-132fe6465f12@group-DE0039010B7B-LeaderElection16] INFO  server.RaftServerConfigKeys (ConfUtils.java:logGet(46)) - raft.server.watch.timeout = 180s (custom)
2022-09-08 01:52:06,538 [284d7013-8473-4015-87b2-132fe6465f12@group-DE0039010B7B-LeaderElection16] INFO  server.RaftServerConfigKeys (ConfUtils.java:logGet(46)) - raft.server.watch.timeout.denomination = 1s (default)
2022-09-08 01:52:06,538 [284d7013-8473-4015-87b2-132fe6465f12@group-DE0039010B7B-LeaderElection16] INFO  server.RaftServerConfigKeys (ConfUtils.java:logGet(46)) - raft.server.watch.element-limit = 65536 (default)
2022-09-08 01:52:06,538 [284d7013-8473-4015-87b2-132fe6465f12@group-DE0039010B7B-LeaderElection16] INFO  server.RaftServerConfigKeys (ConfUtils.java:logGet(46)) - raft.server.write.element-limit = 1024 (custom)
2022-09-08 01:52:06,538 [284d7013-8473-4015-87b2-132fe6465f12@group-DE0039010B7B-LeaderElection16] INFO  server.RaftServerConfigKeys (ConfUtils.java:logGet(46)) - raft.server.write.follower.gap.ratio.max = -1.0 (default)
2022-09-08 01:52:06,538 [284d7013-8473-4015-87b2-132fe6465f12@group-DE0039010B7B-LeaderElection16] INFO  impl.RoleInfo (RoleInfo.java:updateAndGet(139)) - 284d7013-8473-4015-87b2-132fe6465f12: start 284d7013-8473-4015-87b2-132fe6465f12@group-DE0039010B7B-LeaderStateImpl
2022-09-08 01:52:06,538 [284d7013-8473-4015-87b2-132fe6465f12@group-DE0039010B7B-LeaderElection16] INFO  segmented.SegmentedRaftLogWorker (SegmentedRaftLogWorker.java:startLogSegment(425)) - 284d7013-8473-4015-87b2-132fe6465f12@group-DE0039010B7B-SegmentedRaftLogWorker: Starting segment from index:0
2022-09-08 01:52:06,543 [EventQueue-OpenPipelineForHealthyPipelineSafeModeRule] INFO  safemode.SCMSafeModeManager (HealthyPipelineSafeModeRule.java:process(137)) - SCM in safe mode. Healthy pipelines reported count is 0, required healthy pipeline reported count is 1
2022-09-08 01:52:06,543 [284d7013-8473-4015-87b2-132fe6465f12@group-DE0039010B7B-SegmentedRaftLogWorker] INFO  segmented.SegmentedRaftLogWorker (SegmentedRaftLogWorker.java:execute(629)) - 284d7013-8473-4015-87b2-132fe6465f12@group-DE0039010B7B-SegmentedRaftLogWorker: created new log segment /home/runner/work/ozone/ozone/hadoop-ozone/integration-test/target/test-dir/MiniOzoneClusterImpl-51344073-2fe9-4e0e-b214-dcc669bc958a/datanode-1/data/ratis/4cbc60d3-0d5c-49d7-8931-de0039010b7b/current/log_inprogress_0
2022-09-08 01:52:06,544 [284d7013-8473-4015-87b2-132fe6465f12@group-DE0039010B7B-LeaderElection16] INFO  server.RaftServer$Division (ServerState.java:setRaftConf(393)) - 284d7013-8473-4015-87b2-132fe6465f12@group-DE0039010B7B: set configuration 0: [284d7013-8473-4015-87b2-132fe6465f12|rpc:10.1.1.0:46817|dataStream:|priority:1], old=null
2022-09-08 01:52:07,045 [Listener at 127.0.0.1/35669] INFO  ozone.MiniOzoneClusterImpl (MiniOzoneClusterImpl.java:lambda$waitForClusterToBeReady$0(216)) - Nodes are ready. Got 3 of 3 DN Heartbeats.
2022-09-08 01:52:07,045 [Listener at 127.0.0.1/35669] INFO  ozone.MiniOzoneClusterImpl (MiniOzoneClusterImpl.java:lambda$waitForClusterToBeReady$0(219)) - Waiting for cluster to exit safe mode
2022-09-08 01:52:07,046 [Listener at 127.0.0.1/35669] INFO  ozone.MiniOzoneClusterImpl (MiniOzoneClusterImpl.java:lambda$waitForClusterToBeReady$0(221)) - SCM became leader
2022-09-08 01:52:07,121 [7b5e435e-945e-43ee-952c-2ec3d7bd8fd3@group-668964014BFD-FollowerState] INFO  impl.FollowerState (FollowerState.java:run(143)) - 7b5e435e-945e-43ee-952c-2ec3d7bd8fd3@group-668964014BFD-FollowerState: change to CANDIDATE, lastRpcElapsedTime:5057759263ns, electionTimeout:5044ms
2022-09-08 01:52:07,121 [7b5e435e-945e-43ee-952c-2ec3d7bd8fd3@group-668964014BFD-FollowerState] INFO  impl.RoleInfo (RoleInfo.java:shutdownFollowerState(110)) - 7b5e435e-945e-43ee-952c-2ec3d7bd8fd3: shutdown 7b5e435e-945e-43ee-952c-2ec3d7bd8fd3@group-668964014BFD-FollowerState
2022-09-08 01:52:07,121 [7b5e435e-945e-43ee-952c-2ec3d7bd8fd3@group-668964014BFD-FollowerState] INFO  server.RaftServer$Division (RaftServerImpl.java:setRole(299)) - 7b5e435e-945e-43ee-952c-2ec3d7bd8fd3@group-668964014BFD: changes role from  FOLLOWER to CANDIDATE at term 0 for changeToCandidate
2022-09-08 01:52:07,121 [7b5e435e-945e-43ee-952c-2ec3d7bd8fd3@group-668964014BFD-FollowerState] INFO  server.RaftServerConfigKeys (ConfUtils.java:logGet(46)) - raft.server.leaderelection.pre-vote = false (custom)
2022-09-08 01:52:07,121 [7b5e435e-945e-43ee-952c-2ec3d7bd8fd3@group-668964014BFD-FollowerState] INFO  impl.RoleInfo (RoleInfo.java:updateAndGet(139)) - 7b5e435e-945e-43ee-952c-2ec3d7bd8fd3: start 7b5e435e-945e-43ee-952c-2ec3d7bd8fd3@group-668964014BFD-LeaderElection17
2022-09-08 01:52:07,131 [7b5e435e-945e-43ee-952c-2ec3d7bd8fd3@group-668964014BFD-LeaderElection17] INFO  impl.LeaderElection (LeaderElection.java:askForVotes(310)) - 7b5e435e-945e-43ee-952c-2ec3d7bd8fd3@group-668964014BFD-LeaderElection17 ELECTION round 0: submit vote requests at term 1 for -1: [7b5e435e-945e-43ee-952c-2ec3d7bd8fd3|rpc:10.1.1.0:45447|priority:1], old=null
2022-09-08 01:52:07,131 [7b5e435e-945e-43ee-952c-2ec3d7bd8fd3@group-668964014BFD-LeaderElection17] INFO  impl.LeaderElection (LeaderElection.java:askForVotes(312)) - 7b5e435e-945e-43ee-952c-2ec3d7bd8fd3@group-668964014BFD-LeaderElection17 ELECTION round 0: result PASSED (term=1)
2022-09-08 01:52:07,131 [7b5e435e-945e-43ee-952c-2ec3d7bd8fd3@group-668964014BFD-LeaderElection17] INFO  impl.RoleInfo (RoleInfo.java:shutdownLeaderElection(130)) - 7b5e435e-945e-43ee-952c-2ec3d7bd8fd3: shutdown 7b5e435e-945e-43ee-952c-2ec3d7bd8fd3@group-668964014BFD-LeaderElection17
2022-09-08 01:52:07,131 [7b5e435e-945e-43ee-952c-2ec3d7bd8fd3@group-668964014BFD-LeaderElection17] INFO  server.RaftServer$Division (RaftServerImpl.java:setRole(299)) - 7b5e435e-945e-43ee-952c-2ec3d7bd8fd3@group-668964014BFD: changes role from CANDIDATE to LEADER at term 1 for changeToLeader
2022-09-08 01:52:07,131 [7b5e435e-945e-43ee-952c-2ec3d7bd8fd3@group-668964014BFD-LeaderElection17] INFO  ratis.XceiverServerRatis (XceiverServerRatis.java:handleLeaderChangedNotification(863)) - Leader change notification received for group: group-668964014BFD with new leaderId: 7b5e435e-945e-43ee-952c-2ec3d7bd8fd3
2022-09-08 01:52:07,131 [7b5e435e-945e-43ee-952c-2ec3d7bd8fd3@group-668964014BFD-LeaderElection17] INFO  server.RaftServer$Division (ServerState.java:setLeader(287)) - 7b5e435e-945e-43ee-952c-2ec3d7bd8fd3@group-668964014BFD: change Leader from null to 7b5e435e-945e-43ee-952c-2ec3d7bd8fd3 at term 1 for becomeLeader, leader elected after 5075ms
2022-09-08 01:52:07,132 [7b5e435e-945e-43ee-952c-2ec3d7bd8fd3@group-668964014BFD-LeaderElection17] INFO  server.RaftServerConfigKeys (ConfUtils.java:logGet(46)) - raft.server.staging.catchup.gap = 1000 (default)
2022-09-08 01:52:07,132 [7b5e435e-945e-43ee-952c-2ec3d7bd8fd3@group-668964014BFD-LeaderElection17] INFO  server.RaftServerConfigKeys (ConfUtils.java:logGet(46)) - raft.server.write.element-limit = 1024 (custom)
2022-09-08 01:52:07,132 [7b5e435e-945e-43ee-952c-2ec3d7bd8fd3@group-668964014BFD-LeaderElection17] INFO  server.RaftServerConfigKeys (ConfUtils.java:logGet(46)) - raft.server.write.byte-limit = 1024 M (=1073741824) (custom)
2022-09-08 01:52:07,132 [7b5e435e-945e-43ee-952c-2ec3d7bd8fd3@group-668964014BFD-LeaderElection17] INFO  server.RaftServerConfigKeys (ConfUtils.java:logGet(46)) - raft.server.watch.timeout = 180s (custom)
2022-09-08 01:52:07,132 [7b5e435e-945e-43ee-952c-2ec3d7bd8fd3@group-668964014BFD-LeaderElection17] INFO  server.RaftServerConfigKeys (ConfUtils.java:logGet(46)) - raft.server.watch.timeout.denomination = 1s (default)
2022-09-08 01:52:07,132 [7b5e435e-945e-43ee-952c-2ec3d7bd8fd3@group-668964014BFD-LeaderElection17] INFO  server.RaftServerConfigKeys (ConfUtils.java:logGet(46)) - raft.server.watch.element-limit = 65536 (default)
2022-09-08 01:52:07,132 [7b5e435e-945e-43ee-952c-2ec3d7bd8fd3@group-668964014BFD-LeaderElection17] INFO  server.RaftServerConfigKeys (ConfUtils.java:logGet(46)) - raft.server.write.element-limit = 1024 (custom)
2022-09-08 01:52:07,132 [7b5e435e-945e-43ee-952c-2ec3d7bd8fd3@group-668964014BFD-LeaderElection17] INFO  server.RaftServerConfigKeys (ConfUtils.java:logGet(46)) - raft.server.write.follower.gap.ratio.max = -1.0 (default)
2022-09-08 01:52:07,133 [7b5e435e-945e-43ee-952c-2ec3d7bd8fd3@group-668964014BFD-LeaderElection17] INFO  impl.RoleInfo (RoleInfo.java:updateAndGet(139)) - 7b5e435e-945e-43ee-952c-2ec3d7bd8fd3: start 7b5e435e-945e-43ee-952c-2ec3d7bd8fd3@group-668964014BFD-LeaderStateImpl
2022-09-08 01:52:07,133 [7b5e435e-945e-43ee-952c-2ec3d7bd8fd3@group-668964014BFD-LeaderElection17] INFO  segmented.SegmentedRaftLogWorker (SegmentedRaftLogWorker.java:startLogSegment(425)) - 7b5e435e-945e-43ee-952c-2ec3d7bd8fd3@group-668964014BFD-SegmentedRaftLogWorker: Starting segment from index:0
2022-09-08 01:52:07,133 [EventQueue-OpenPipelineForHealthyPipelineSafeModeRule] INFO  safemode.SCMSafeModeManager (HealthyPipelineSafeModeRule.java:process(137)) - SCM in safe mode. Healthy pipelines reported count is 0, required healthy pipeline reported count is 1
2022-09-08 01:52:07,134 [7b5e435e-945e-43ee-952c-2ec3d7bd8fd3@group-668964014BFD-SegmentedRaftLogWorker] INFO  segmented.SegmentedRaftLogWorker (SegmentedRaftLogWorker.java:execute(629)) - 7b5e435e-945e-43ee-952c-2ec3d7bd8fd3@group-668964014BFD-SegmentedRaftLogWorker: created new log segment /home/runner/work/ozone/ozone/hadoop-ozone/integration-test/target/test-dir/MiniOzoneClusterImpl-51344073-2fe9-4e0e-b214-dcc669bc958a/datanode-2/data/ratis/e059fe0a-2517-4836-b57d-668964014bfd/current/log_inprogress_0
2022-09-08 01:52:07,145 [7b5e435e-945e-43ee-952c-2ec3d7bd8fd3@group-668964014BFD-LeaderElection17] INFO  server.RaftServer$Division (ServerState.java:setRaftConf(393)) - 7b5e435e-945e-43ee-952c-2ec3d7bd8fd3@group-668964014BFD: set configuration 0: [7b5e435e-945e-43ee-952c-2ec3d7bd8fd3|rpc:10.1.1.0:45447|dataStream:|priority:1], old=null
2022-09-08 01:52:08,046 [Listener at 127.0.0.1/35669] INFO  ozone.MiniOzoneClusterImpl (MiniOzoneClusterImpl.java:lambda$waitForClusterToBeReady$0(216)) - Nodes are ready. Got 3 of 3 DN Heartbeats.
2022-09-08 01:52:08,046 [Listener at 127.0.0.1/35669] INFO  ozone.MiniOzoneClusterImpl (MiniOzoneClusterImpl.java:lambda$waitForClusterToBeReady$0(219)) - Waiting for cluster to exit safe mode
2022-09-08 01:52:08,046 [Listener at 127.0.0.1/35669] INFO  ozone.MiniOzoneClusterImpl (MiniOzoneClusterImpl.java:lambda$waitForClusterToBeReady$0(221)) - SCM became leader
2022-09-08 01:52:09,048 [Listener at 127.0.0.1/35669] INFO  ozone.MiniOzoneClusterImpl (MiniOzoneClusterImpl.java:lambda$waitForClusterToBeReady$0(216)) - Nodes are ready. Got 3 of 3 DN Heartbeats.
2022-09-08 01:52:09,049 [Listener at 127.0.0.1/35669] INFO  ozone.MiniOzoneClusterImpl (MiniOzoneClusterImpl.java:lambda$waitForClusterToBeReady$0(219)) - Waiting for cluster to exit safe mode
2022-09-08 01:52:09,049 [Listener at 127.0.0.1/35669] INFO  ozone.MiniOzoneClusterImpl (MiniOzoneClusterImpl.java:lambda$waitForClusterToBeReady$0(221)) - SCM became leader
2022-09-08 01:52:10,049 [Listener at 127.0.0.1/35669] INFO  ozone.MiniOzoneClusterImpl (MiniOzoneClusterImpl.java:lambda$waitForClusterToBeReady$0(216)) - Nodes are ready. Got 3 of 3 DN Heartbeats.
2022-09-08 01:52:10,049 [Listener at 127.0.0.1/35669] INFO  ozone.MiniOzoneClusterImpl (MiniOzoneClusterImpl.java:lambda$waitForClusterToBeReady$0(219)) - Waiting for cluster to exit safe mode
2022-09-08 01:52:10,049 [Listener at 127.0.0.1/35669] INFO  ozone.MiniOzoneClusterImpl (MiniOzoneClusterImpl.java:lambda$waitForClusterToBeReady$0(221)) - SCM became leader
2022-09-08 01:52:11,050 [Listener at 127.0.0.1/35669] INFO  ozone.MiniOzoneClusterImpl (MiniOzoneClusterImpl.java:lambda$waitForClusterToBeReady$0(216)) - Nodes are ready. Got 3 of 3 DN Heartbeats.
2022-09-08 01:52:11,050 [Listener at 127.0.0.1/35669] INFO  ozone.MiniOzoneClusterImpl (MiniOzoneClusterImpl.java:lambda$waitForClusterToBeReady$0(219)) - Waiting for cluster to exit safe mode
2022-09-08 01:52:11,050 [Listener at 127.0.0.1/35669] INFO  ozone.MiniOzoneClusterImpl (MiniOzoneClusterImpl.java:lambda$waitForClusterToBeReady$0(221)) - SCM became leader
2022-09-08 01:52:11,069 [7b5e435e-945e-43ee-952c-2ec3d7bd8fd3@group-396EA8A6EF9E-FollowerState] INFO  impl.FollowerState (FollowerState.java:run(143)) - 7b5e435e-945e-43ee-952c-2ec3d7bd8fd3@group-396EA8A6EF9E-FollowerState: change to CANDIDATE, lastRpcElapsedTime:5010086776ns, electionTimeout:5004ms
2022-09-08 01:52:11,069 [7b5e435e-945e-43ee-952c-2ec3d7bd8fd3@group-396EA8A6EF9E-FollowerState] INFO  impl.RoleInfo (RoleInfo.java:shutdownFollowerState(110)) - 7b5e435e-945e-43ee-952c-2ec3d7bd8fd3: shutdown 7b5e435e-945e-43ee-952c-2ec3d7bd8fd3@group-396EA8A6EF9E-FollowerState
2022-09-08 01:52:11,070 [7b5e435e-945e-43ee-952c-2ec3d7bd8fd3@group-396EA8A6EF9E-FollowerState] INFO  server.RaftServer$Division (RaftServerImpl.java:setRole(299)) - 7b5e435e-945e-43ee-952c-2ec3d7bd8fd3@group-396EA8A6EF9E: changes role from  FOLLOWER to CANDIDATE at term 1 for changeToCandidate
2022-09-08 01:52:11,070 [7b5e435e-945e-43ee-952c-2ec3d7bd8fd3@group-396EA8A6EF9E-FollowerState] INFO  server.RaftServerConfigKeys (ConfUtils.java:logGet(46)) - raft.server.leaderelection.pre-vote = false (custom)
2022-09-08 01:52:11,070 [7b5e435e-945e-43ee-952c-2ec3d7bd8fd3@group-396EA8A6EF9E-FollowerState] INFO  impl.RoleInfo (RoleInfo.java:updateAndGet(139)) - 7b5e435e-945e-43ee-952c-2ec3d7bd8fd3: start 7b5e435e-945e-43ee-952c-2ec3d7bd8fd3@group-396EA8A6EF9E-LeaderElection18
2022-09-08 01:52:11,083 [7b5e435e-945e-43ee-952c-2ec3d7bd8fd3@group-396EA8A6EF9E-LeaderElection18] INFO  impl.LeaderElection (LeaderElection.java:askForVotes(310)) - 7b5e435e-945e-43ee-952c-2ec3d7bd8fd3@group-396EA8A6EF9E-LeaderElection18 ELECTION round 0: submit vote requests at term 2 for -1: [284d7013-8473-4015-87b2-132fe6465f12|rpc:10.1.1.0:46817|dataStream:|priority:0, 7b5e435e-945e-43ee-952c-2ec3d7bd8fd3|rpc:10.1.1.0:45447|dataStream:|priority:1, 297af254-fbd9-498c-b51d-14a8fa249430|rpc:10.1.1.0:40627|dataStream:|priority:0], old=null
2022-09-08 01:52:11,130 [grpc-default-executor-1] INFO  server.RaftServer$Division (RaftServerImpl.java:requestVote(1152)) - 297af254-fbd9-498c-b51d-14a8fa249430@group-396EA8A6EF9E: receive requestVote(ELECTION, 7b5e435e-945e-43ee-952c-2ec3d7bd8fd3, group-396EA8A6EF9E, 2, (t:0, i:0))
2022-09-08 01:52:11,130 [grpc-default-executor-1] INFO  impl.VoteContext (VoteContext.java:log(48)) - 297af254-fbd9-498c-b51d-14a8fa249430@group-396EA8A6EF9E-FOLLOWER: accept ELECTION from 7b5e435e-945e-43ee-952c-2ec3d7bd8fd3: our priority 0 <= candidate's priority 1
2022-09-08 01:52:11,130 [grpc-default-executor-1] INFO  server.RaftServer$Division (RaftServerImpl.java:setRole(299)) - 297af254-fbd9-498c-b51d-14a8fa249430@group-396EA8A6EF9E: changes role from  FOLLOWER to FOLLOWER at term 2 for candidate:7b5e435e-945e-43ee-952c-2ec3d7bd8fd3
2022-09-08 01:52:11,130 [grpc-default-executor-1] INFO  impl.RoleInfo (RoleInfo.java:shutdownFollowerState(110)) - 297af254-fbd9-498c-b51d-14a8fa249430: shutdown 297af254-fbd9-498c-b51d-14a8fa249430@group-396EA8A6EF9E-FollowerState
2022-09-08 01:52:11,130 [grpc-default-executor-1] INFO  impl.RoleInfo (RoleInfo.java:updateAndGet(139)) - 297af254-fbd9-498c-b51d-14a8fa249430: start 297af254-fbd9-498c-b51d-14a8fa249430@group-396EA8A6EF9E-FollowerState
2022-09-08 01:52:11,130 [297af254-fbd9-498c-b51d-14a8fa249430@group-396EA8A6EF9E-FollowerState] INFO  impl.FollowerState (FollowerState.java:run(152)) - 297af254-fbd9-498c-b51d-14a8fa249430@group-396EA8A6EF9E-FollowerState was interrupted
2022-09-08 01:52:11,141 [grpc-default-executor-0] INFO  server.RaftServer$Division (RaftServerImpl.java:requestVote(1152)) - 284d7013-8473-4015-87b2-132fe6465f12@group-396EA8A6EF9E: receive requestVote(ELECTION, 7b5e435e-945e-43ee-952c-2ec3d7bd8fd3, group-396EA8A6EF9E, 2, (t:0, i:0))
2022-09-08 01:52:11,141 [grpc-default-executor-0] INFO  impl.VoteContext (VoteContext.java:log(48)) - 284d7013-8473-4015-87b2-132fe6465f12@group-396EA8A6EF9E-FOLLOWER: accept ELECTION from 7b5e435e-945e-43ee-952c-2ec3d7bd8fd3: our priority 0 <= candidate's priority 1
2022-09-08 01:52:11,141 [grpc-default-executor-0] INFO  server.RaftServer$Division (RaftServerImpl.java:setRole(299)) - 284d7013-8473-4015-87b2-132fe6465f12@group-396EA8A6EF9E: changes role from  FOLLOWER to FOLLOWER at term 2 for candidate:7b5e435e-945e-43ee-952c-2ec3d7bd8fd3
2022-09-08 01:52:11,141 [grpc-default-executor-0] INFO  impl.RoleInfo (RoleInfo.java:shutdownFollowerState(110)) - 284d7013-8473-4015-87b2-132fe6465f12: shutdown 284d7013-8473-4015-87b2-132fe6465f12@group-396EA8A6EF9E-FollowerState
2022-09-08 01:52:11,141 [grpc-default-executor-0] INFO  impl.RoleInfo (RoleInfo.java:updateAndGet(139)) - 284d7013-8473-4015-87b2-132fe6465f12: start 284d7013-8473-4015-87b2-132fe6465f12@group-396EA8A6EF9E-FollowerState
2022-09-08 01:52:11,141 [284d7013-8473-4015-87b2-132fe6465f12@group-396EA8A6EF9E-FollowerState] INFO  impl.FollowerState (FollowerState.java:run(152)) - 284d7013-8473-4015-87b2-132fe6465f12@group-396EA8A6EF9E-FollowerState was interrupted
2022-09-08 01:52:11,137 [grpc-default-executor-1] INFO  server.RaftServer$Division (RaftServerImpl.java:requestVote(1184)) - 297af254-fbd9-498c-b51d-14a8fa249430@group-396EA8A6EF9E replies to ELECTION vote request: 7b5e435e-945e-43ee-952c-2ec3d7bd8fd3<-297af254-fbd9-498c-b51d-14a8fa249430#0:OK-t2. Peer's state: 297af254-fbd9-498c-b51d-14a8fa249430@group-396EA8A6EF9E:t2, leader=null, voted=7b5e435e-945e-43ee-952c-2ec3d7bd8fd3, raftlog=297af254-fbd9-498c-b51d-14a8fa249430@group-396EA8A6EF9E-SegmentedRaftLog:OPENED:c-1, conf=-1: [284d7013-8473-4015-87b2-132fe6465f12|rpc:10.1.1.0:46817|priority:0, 7b5e435e-945e-43ee-952c-2ec3d7bd8fd3|rpc:10.1.1.0:45447|priority:1, 297af254-fbd9-498c-b51d-14a8fa249430|rpc:10.1.1.0:40627|priority:0], old=null
2022-09-08 01:52:11,160 [7b5e435e-945e-43ee-952c-2ec3d7bd8fd3@group-396EA8A6EF9E-LeaderElection18] INFO  impl.LeaderElection (LeaderElection.java:logAndReturn(90)) - 7b5e435e-945e-43ee-952c-2ec3d7bd8fd3@group-396EA8A6EF9E-LeaderElection18: ELECTION PASSED received 1 response(s) and 0 exception(s):
2022-09-08 01:52:11,160 [7b5e435e-945e-43ee-952c-2ec3d7bd8fd3@group-396EA8A6EF9E-LeaderElection18] INFO  impl.LeaderElection (LeaderElection.java:logAndReturn(94)) -   Response 0: 7b5e435e-945e-43ee-952c-2ec3d7bd8fd3<-297af254-fbd9-498c-b51d-14a8fa249430#0:OK-t2
2022-09-08 01:52:11,160 [7b5e435e-945e-43ee-952c-2ec3d7bd8fd3@group-396EA8A6EF9E-LeaderElection18] INFO  impl.LeaderElection (LeaderElection.java:askForVotes(312)) - 7b5e435e-945e-43ee-952c-2ec3d7bd8fd3@group-396EA8A6EF9E-LeaderElection18 ELECTION round 0: result PASSED
2022-09-08 01:52:11,160 [7b5e435e-945e-43ee-952c-2ec3d7bd8fd3@group-396EA8A6EF9E-LeaderElection18] INFO  impl.RoleInfo (RoleInfo.java:shutdownLeaderElection(130)) - 7b5e435e-945e-43ee-952c-2ec3d7bd8fd3: shutdown 7b5e435e-945e-43ee-952c-2ec3d7bd8fd3@group-396EA8A6EF9E-LeaderElection18
2022-09-08 01:52:11,160 [7b5e435e-945e-43ee-952c-2ec3d7bd8fd3@group-396EA8A6EF9E-LeaderElection18] INFO  server.RaftServer$Division (RaftServerImpl.java:setRole(299)) - 7b5e435e-945e-43ee-952c-2ec3d7bd8fd3@group-396EA8A6EF9E: changes role from CANDIDATE to LEADER at term 2 for changeToLeader
2022-09-08 01:52:11,160 [7b5e435e-945e-43ee-952c-2ec3d7bd8fd3@group-396EA8A6EF9E-LeaderElection18] INFO  ratis.XceiverServerRatis (XceiverServerRatis.java:handleLeaderChangedNotification(863)) - Leader change notification received for group: group-396EA8A6EF9E with new leaderId: 7b5e435e-945e-43ee-952c-2ec3d7bd8fd3
2022-09-08 01:52:11,160 [7b5e435e-945e-43ee-952c-2ec3d7bd8fd3@group-396EA8A6EF9E-LeaderElection18] INFO  server.RaftServer$Division (ServerState.java:setLeader(287)) - 7b5e435e-945e-43ee-952c-2ec3d7bd8fd3@group-396EA8A6EF9E: change Leader from null to 7b5e435e-945e-43ee-952c-2ec3d7bd8fd3 at term 2 for becomeLeader, leader elected after 10157ms
2022-09-08 01:52:11,160 [7b5e435e-945e-43ee-952c-2ec3d7bd8fd3@group-396EA8A6EF9E-LeaderElection18] INFO  server.RaftServerConfigKeys (ConfUtils.java:logGet(46)) - raft.server.staging.catchup.gap = 1000 (default)
2022-09-08 01:52:11,161 [7b5e435e-945e-43ee-952c-2ec3d7bd8fd3@group-396EA8A6EF9E-LeaderElection18] INFO  server.RaftServerConfigKeys (ConfUtils.java:logGet(46)) - raft.server.write.element-limit = 1024 (custom)
2022-09-08 01:52:11,162 [7b5e435e-945e-43ee-952c-2ec3d7bd8fd3@group-396EA8A6EF9E-LeaderElection18] INFO  server.RaftServerConfigKeys (ConfUtils.java:logGet(46)) - raft.server.write.byte-limit = 1024 M (=1073741824) (custom)
2022-09-08 01:52:11,162 [7b5e435e-945e-43ee-952c-2ec3d7bd8fd3@group-396EA8A6EF9E-LeaderElection18] INFO  server.RaftServerConfigKeys (ConfUtils.java:logGet(46)) - raft.server.watch.timeout = 180s (custom)
2022-09-08 01:52:11,162 [7b5e435e-945e-43ee-952c-2ec3d7bd8fd3@group-396EA8A6EF9E-LeaderElection18] INFO  server.RaftServerConfigKeys (ConfUtils.java:logGet(46)) - raft.server.watch.timeout.denomination = 1s (default)
2022-09-08 01:52:11,162 [7b5e435e-945e-43ee-952c-2ec3d7bd8fd3@group-396EA8A6EF9E-LeaderElection18] INFO  server.RaftServerConfigKeys (ConfUtils.java:logGet(46)) - raft.server.watch.element-limit = 65536 (default)
2022-09-08 01:52:11,162 [7b5e435e-945e-43ee-952c-2ec3d7bd8fd3@group-396EA8A6EF9E-LeaderElection18] INFO  server.RaftServerConfigKeys (ConfUtils.java:logGet(46)) - raft.server.write.element-limit = 1024 (custom)
2022-09-08 01:52:11,162 [7b5e435e-945e-43ee-952c-2ec3d7bd8fd3@group-396EA8A6EF9E-LeaderElection18] INFO  server.RaftServerConfigKeys (ConfUtils.java:logGet(46)) - raft.server.write.follower.gap.ratio.max = -1.0 (default)
2022-09-08 01:52:11,163 [7b5e435e-945e-43ee-952c-2ec3d7bd8fd3@group-396EA8A6EF9E-LeaderElection18] INFO  server.RaftServerConfigKeys (ConfUtils.java:logGet(46)) - raft.server.log.appender.snapshot.chunk.size.max = 16MB (=16777216) (default)
2022-09-08 01:52:11,163 [7b5e435e-945e-43ee-952c-2ec3d7bd8fd3@group-396EA8A6EF9E-LeaderElection18] INFO  server.RaftServerConfigKeys (ConfUtils.java:logGet(46)) - raft.server.log.appender.buffer.byte-limit = 33554432 (custom)
2022-09-08 01:52:11,163 [7b5e435e-945e-43ee-952c-2ec3d7bd8fd3@group-396EA8A6EF9E-LeaderElection18] INFO  server.RaftServerConfigKeys (ConfUtils.java:logGet(46)) - raft.server.log.appender.buffer.element-limit = 1 (custom)
2022-09-08 01:52:11,163 [7b5e435e-945e-43ee-952c-2ec3d7bd8fd3@group-396EA8A6EF9E-LeaderElection18] INFO  grpc.GrpcConfigKeys (ConfUtils.java:logGet(46)) - raft.grpc.server.leader.outstanding.appends.max = 128 (default)
2022-09-08 01:52:11,163 [7b5e435e-945e-43ee-952c-2ec3d7bd8fd3@group-396EA8A6EF9E-LeaderElection18] INFO  server.RaftServerConfigKeys (ConfUtils.java:logGet(46)) - raft.server.rpc.request.timeout = 60s (custom)
2022-09-08 01:52:11,163 [7b5e435e-945e-43ee-952c-2ec3d7bd8fd3@group-396EA8A6EF9E-LeaderElection18] INFO  server.RaftServerConfigKeys (ConfUtils.java:logGet(46)) - raft.server.log.appender.install.snapshot.enabled = false (custom)
2022-09-08 01:52:11,164 [7b5e435e-945e-43ee-952c-2ec3d7bd8fd3@group-396EA8A6EF9E-LeaderElection18] INFO  server.RaftServerConfigKeys (ConfUtils.java:logGet(46)) - raft.server.log.appender.snapshot.chunk.size.max = 16MB (=16777216) (default)
2022-09-08 01:52:11,164 [7b5e435e-945e-43ee-952c-2ec3d7bd8fd3@group-396EA8A6EF9E-LeaderElection18] INFO  server.RaftServerConfigKeys (ConfUtils.java:logGet(46)) - raft.server.log.appender.buffer.byte-limit = 33554432 (custom)
2022-09-08 01:52:11,164 [7b5e435e-945e-43ee-952c-2ec3d7bd8fd3@group-396EA8A6EF9E-LeaderElection18] INFO  server.RaftServerConfigKeys (ConfUtils.java:logGet(46)) - raft.server.log.appender.buffer.element-limit = 1 (custom)
2022-09-08 01:52:11,164 [7b5e435e-945e-43ee-952c-2ec3d7bd8fd3@group-396EA8A6EF9E-LeaderElection18] INFO  grpc.GrpcConfigKeys (ConfUtils.java:logGet(46)) - raft.grpc.server.leader.outstanding.appends.max = 128 (default)
2022-09-08 01:52:11,164 [7b5e435e-945e-43ee-952c-2ec3d7bd8fd3@group-396EA8A6EF9E-LeaderElection18] INFO  server.RaftServerConfigKeys (ConfUtils.java:logGet(46)) - raft.server.rpc.request.timeout = 60s (custom)
2022-09-08 01:52:11,164 [7b5e435e-945e-43ee-952c-2ec3d7bd8fd3@group-396EA8A6EF9E-LeaderElection18] INFO  server.RaftServerConfigKeys (ConfUtils.java:logGet(46)) - raft.server.log.appender.install.snapshot.enabled = false (custom)
2022-09-08 01:52:11,164 [7b5e435e-945e-43ee-952c-2ec3d7bd8fd3@group-396EA8A6EF9E-LeaderElection18] INFO  impl.RoleInfo (RoleInfo.java:updateAndGet(139)) - 7b5e435e-945e-43ee-952c-2ec3d7bd8fd3: start 7b5e435e-945e-43ee-952c-2ec3d7bd8fd3@group-396EA8A6EF9E-LeaderStateImpl
2022-09-08 01:52:11,164 [7b5e435e-945e-43ee-952c-2ec3d7bd8fd3@group-396EA8A6EF9E-LeaderElection18] INFO  segmented.SegmentedRaftLogWorker (SegmentedRaftLogWorker.java:startLogSegment(425)) - 7b5e435e-945e-43ee-952c-2ec3d7bd8fd3@group-396EA8A6EF9E-SegmentedRaftLogWorker: Starting segment from index:0
2022-09-08 01:52:11,165 [EventQueue-PipelineReportForPipelineReportHandler] INFO  pipeline.PipelineManagerImpl (PipelineManagerImpl.java:openPipeline(367)) - Pipeline Pipeline[ Id: 5a0a6b45-9bd5-407a-9215-396ea8a6ef9e, Nodes: 297af254-fbd9-498c-b51d-14a8fa249430{ip: 10.1.1.0, host: fv-az38-857.qiceih3q1hfe5a3ai3y3qk2fta.cx.internal.cloudapp.net, ports: [REPLICATION=45765, RATIS=40627, RATIS_ADMIN=40627, RATIS_SERVER=40627, STANDALONE=33153], networkLocation: /default-rack, certSerialId: null, persistedOpState: IN_SERVICE, persistedOpStateExpiryEpochSec: 0}7b5e435e-945e-43ee-952c-2ec3d7bd8fd3{ip: 10.1.1.0, host: fv-az38-857.qiceih3q1hfe5a3ai3y3qk2fta.cx.internal.cloudapp.net, ports: [REPLICATION=45105, RATIS=45447, RATIS_ADMIN=45447, RATIS_SERVER=45447, STANDALONE=41309], networkLocation: /default-rack, certSerialId: null, persistedOpState: IN_SERVICE, persistedOpStateExpiryEpochSec: 0}284d7013-8473-4015-87b2-132fe6465f12{ip: 10.1.1.0, host: fv-az38-857.qiceih3q1hfe5a3ai3y3qk2fta.cx.internal.cloudapp.net, ports: [REPLICATION=46145, RATIS=46817, RATIS_ADMIN=46817, RATIS_SERVER=46817, STANDALONE=33425], networkLocation: /default-rack, certSerialId: null, persistedOpState: IN_SERVICE, persistedOpStateExpiryEpochSec: 0}, ReplicationConfig: RATIS/THREE, State:ALLOCATED, leaderId:7b5e435e-945e-43ee-952c-2ec3d7bd8fd3, CreationTimestamp2022-09-08T01:51:59.050Z[Etc/UTC]] moved to OPEN state
2022-09-08 01:52:11,194 [7b5e435e-945e-43ee-952c-2ec3d7bd8fd3@group-396EA8A6EF9E-LeaderElection18] INFO  server.RaftServer$Division (ServerState.java:setRaftConf(393)) - 7b5e435e-945e-43ee-952c-2ec3d7bd8fd3@group-396EA8A6EF9E: set configuration 0: [284d7013-8473-4015-87b2-132fe6465f12|rpc:10.1.1.0:46817|dataStream:|priority:0, 7b5e435e-945e-43ee-952c-2ec3d7bd8fd3|rpc:10.1.1.0:45447|dataStream:|priority:1, 297af254-fbd9-498c-b51d-14a8fa249430|rpc:10.1.1.0:40627|dataStream:|priority:0], old=null
2022-09-08 01:52:11,170 [7b5e435e-945e-43ee-952c-2ec3d7bd8fd3@group-396EA8A6EF9E-SegmentedRaftLogWorker] INFO  segmented.SegmentedRaftLogWorker (SegmentedRaftLogWorker.java:execute(629)) - 7b5e435e-945e-43ee-952c-2ec3d7bd8fd3@group-396EA8A6EF9E-SegmentedRaftLogWorker: created new log segment /home/runner/work/ozone/ozone/hadoop-ozone/integration-test/target/test-dir/MiniOzoneClusterImpl-51344073-2fe9-4e0e-b214-dcc669bc958a/datanode-2/data/ratis/5a0a6b45-9bd5-407a-9215-396ea8a6ef9e/current/log_inprogress_0
2022-09-08 01:52:11,169 [grpc-default-executor-0] INFO  server.RaftServer$Division (RaftServerImpl.java:requestVote(1184)) - 284d7013-8473-4015-87b2-132fe6465f12@group-396EA8A6EF9E replies to ELECTION vote request: 7b5e435e-945e-43ee-952c-2ec3d7bd8fd3<-284d7013-8473-4015-87b2-132fe6465f12#0:OK-t2. Peer's state: 284d7013-8473-4015-87b2-132fe6465f12@group-396EA8A6EF9E:t2, leader=null, voted=7b5e435e-945e-43ee-952c-2ec3d7bd8fd3, raftlog=284d7013-8473-4015-87b2-132fe6465f12@group-396EA8A6EF9E-SegmentedRaftLog:OPENED:c-1, conf=-1: [284d7013-8473-4015-87b2-132fe6465f12|rpc:10.1.1.0:46817|dataStream:|priority:0, 7b5e435e-945e-43ee-952c-2ec3d7bd8fd3|rpc:10.1.1.0:45447|dataStream:|priority:1, 297af254-fbd9-498c-b51d-14a8fa249430|rpc:10.1.1.0:40627|dataStream:|priority:0], old=null
2022-09-08 01:52:11,194 [EventQueue-OpenPipelineForHealthyPipelineSafeModeRule] INFO  safemode.SCMSafeModeManager (HealthyPipelineSafeModeRule.java:process(137)) - SCM in safe mode. Healthy pipelines reported count is 1, required healthy pipeline reported count is 1
2022-09-08 01:52:11,196 [EventQueue-OpenPipelineForHealthyPipelineSafeModeRule] INFO  safemode.SCMSafeModeManager (SCMSafeModeManager.java:validateSafeModeExitRules(204)) - HealthyPipelineSafeModeRule rule is successfully validated
2022-09-08 01:52:11,196 [EventQueue-OpenPipelineForHealthyPipelineSafeModeRule] INFO  safemode.SCMSafeModeManager (SCMSafeModeManager.java:validateSafeModeExitRules(219)) - ScmSafeModeManager, all rules are successfully validated
2022-09-08 01:52:11,196 [EventQueue-OpenPipelineForHealthyPipelineSafeModeRule] INFO  safemode.SCMSafeModeManager (SCMSafeModeManager.java:exitSafeMode(248)) - SCM exiting safe mode.
2022-09-08 01:52:11,196 [EventQueue-OpenPipelineForHealthyPipelineSafeModeRule] WARN  events.EventQueue (EventQueue.java:fireEvent(216)) - No event handler registered for event TypedEvent{payloadType=SafeModeStatus, name='Safe mode status'}
2022-09-08 01:52:11,196 [EventQueue-OpenPipelineForHealthyPipelineSafeModeRule] INFO  ha.SCMContext (SCMContext.java:updateSafeModeStatus(228)) - Update SafeModeStatus from SafeModeStatus{safeModeStatus=true, preCheckPassed=true} to SafeModeStatus{safeModeStatus=false, preCheckPassed=true}.
2022-09-08 01:52:11,196 [EventQueue-OpenPipelineForHealthyPipelineSafeModeRule] INFO  pipeline.BackgroundPipelineCreator (BackgroundPipelineCreator.java:notifyStatusChanged(254)) - Service BackgroundPipelineCreator transitions to RUNNING.
2022-09-08 01:52:11,196 [EventQueue-OpenPipelineForHealthyPipelineSafeModeRule] INFO  BackgroundPipelineScrubber (BackgroundSCMService.java:notifyStatusChanged(82)) - Service BackgroundPipelineScrubber transitions to RUNNING.
2022-09-08 01:52:11,196 [EventQueue-OpenPipelineForHealthyPipelineSafeModeRule] INFO  ExpiredContainerReplicaOpScrubber (BackgroundSCMService.java:notifyStatusChanged(82)) - Service ExpiredContainerReplicaOpScrubber transitions to RUNNING.
2022-09-08 01:52:11,196 [EventQueue-OpenPipelineForHealthyPipelineSafeModeRule] INFO  UnderReplicatedQueueThread (BackgroundSCMService.java:notifyStatusChanged(82)) - Service UnderReplicatedQueueThread transitions to RUNNING.
2022-09-08 01:52:11,196 [EventQueue-OpenPipelineForHealthyPipelineSafeModeRule] INFO  OverReplicatedQueueThread (BackgroundSCMService.java:notifyStatusChanged(82)) - Service OverReplicatedQueueThread transitions to RUNNING.
2022-09-08 01:52:11,197 [EventQueue-OpenPipelineForHealthyPipelineSafeModeRule] INFO  replication.ReplicationManager (ReplicationManager.java:notifyStatusChanged(764)) - Service ReplicationManager transitions to RUNNING.
2022-09-08 01:52:11,197 [EventQueue-OpenPipelineForHealthyPipelineSafeModeRule] WARN  balancer.ContainerBalancer (ContainerBalancer.java:shouldRun(925)) - Could not find persisted configuration for ContainerBalancer when checking if ContainerBalancer should run. ContainerBalancer should not run now.
2022-09-08 01:52:11,218 [297af254-fbd9-498c-b51d-14a8fa249430-server-thread1] INFO  ratis.XceiverServerRatis (XceiverServerRatis.java:handleLeaderChangedNotification(863)) - Leader change notification received for group: group-396EA8A6EF9E with new leaderId: 7b5e435e-945e-43ee-952c-2ec3d7bd8fd3
2022-09-08 01:52:11,222 [297af254-fbd9-498c-b51d-14a8fa249430-server-thread1] INFO  server.RaftServer$Division (ServerState.java:setLeader(287)) - 297af254-fbd9-498c-b51d-14a8fa249430@group-396EA8A6EF9E: change Leader from null to 7b5e435e-945e-43ee-952c-2ec3d7bd8fd3 at term 2 for appendEntries, leader elected after 10308ms
2022-09-08 01:52:11,219 [284d7013-8473-4015-87b2-132fe6465f12-server-thread1] INFO  ratis.XceiverServerRatis (XceiverServerRatis.java:handleLeaderChangedNotification(863)) - Leader change notification received for group: group-396EA8A6EF9E with new leaderId: 7b5e435e-945e-43ee-952c-2ec3d7bd8fd3
2022-09-08 01:52:11,225 [297af254-fbd9-498c-b51d-14a8fa249430-server-thread1] INFO  server.RaftServer$Division (ServerState.java:setRaftConf(393)) - 297af254-fbd9-498c-b51d-14a8fa249430@group-396EA8A6EF9E: set configuration 0: [284d7013-8473-4015-87b2-132fe6465f12|rpc:10.1.1.0:46817|dataStream:|priority:0, 7b5e435e-945e-43ee-952c-2ec3d7bd8fd3|rpc:10.1.1.0:45447|dataStream:|priority:1, 297af254-fbd9-498c-b51d-14a8fa249430|rpc:10.1.1.0:40627|dataStream:|priority:0], old=null
2022-09-08 01:52:11,230 [297af254-fbd9-498c-b51d-14a8fa249430-server-thread1] INFO  segmented.SegmentedRaftLogWorker (SegmentedRaftLogWorker.java:startLogSegment(425)) - 297af254-fbd9-498c-b51d-14a8fa249430@group-396EA8A6EF9E-SegmentedRaftLogWorker: Starting segment from index:0
2022-09-08 01:52:11,230 [284d7013-8473-4015-87b2-132fe6465f12-server-thread1] INFO  server.RaftServer$Division (ServerState.java:setLeader(287)) - 284d7013-8473-4015-87b2-132fe6465f12@group-396EA8A6EF9E: change Leader from null to 7b5e435e-945e-43ee-952c-2ec3d7bd8fd3 at term 2 for appendEntries, leader elected after 10124ms
2022-09-08 01:52:11,232 [297af254-fbd9-498c-b51d-14a8fa249430@group-396EA8A6EF9E-SegmentedRaftLogWorker] INFO  segmented.SegmentedRaftLogWorker (SegmentedRaftLogWorker.java:execute(629)) - 297af254-fbd9-498c-b51d-14a8fa249430@group-396EA8A6EF9E-SegmentedRaftLogWorker: created new log segment /home/runner/work/ozone/ozone/hadoop-ozone/integration-test/target/test-dir/MiniOzoneClusterImpl-51344073-2fe9-4e0e-b214-dcc669bc958a/datanode-0/data/ratis/5a0a6b45-9bd5-407a-9215-396ea8a6ef9e/current/log_inprogress_0
2022-09-08 01:52:11,251 [284d7013-8473-4015-87b2-132fe6465f12-server-thread1] INFO  server.RaftServer$Division (ServerState.java:setRaftConf(393)) - 284d7013-8473-4015-87b2-132fe6465f12@group-396EA8A6EF9E: set configuration 0: [284d7013-8473-4015-87b2-132fe6465f12|rpc:10.1.1.0:46817|dataStream:|priority:0, 7b5e435e-945e-43ee-952c-2ec3d7bd8fd3|rpc:10.1.1.0:45447|dataStream:|priority:1, 297af254-fbd9-498c-b51d-14a8fa249430|rpc:10.1.1.0:40627|dataStream:|priority:0], old=null
2022-09-08 01:52:11,252 [284d7013-8473-4015-87b2-132fe6465f12-server-thread1] INFO  segmented.SegmentedRaftLogWorker (SegmentedRaftLogWorker.java:startLogSegment(425)) - 284d7013-8473-4015-87b2-132fe6465f12@group-396EA8A6EF9E-SegmentedRaftLogWorker: Starting segment from index:0
2022-09-08 01:52:11,254 [284d7013-8473-4015-87b2-132fe6465f12@group-396EA8A6EF9E-SegmentedRaftLogWorker] INFO  segmented.SegmentedRaftLogWorker (SegmentedRaftLogWorker.java:execute(629)) - 284d7013-8473-4015-87b2-132fe6465f12@group-396EA8A6EF9E-SegmentedRaftLogWorker: created new log segment /home/runner/work/ozone/ozone/hadoop-ozone/integration-test/target/test-dir/MiniOzoneClusterImpl-51344073-2fe9-4e0e-b214-dcc669bc958a/datanode-1/data/ratis/5a0a6b45-9bd5-407a-9215-396ea8a6ef9e/current/log_inprogress_0
2022-09-08 01:52:11,399 [297af254-fbd9-498c-b51d-14a8fa249430@group-812EC5BB37CB-FollowerState] INFO  impl.FollowerState (FollowerState.java:run(143)) - 297af254-fbd9-498c-b51d-14a8fa249430@group-812EC5BB37CB-FollowerState: change to CANDIDATE, lastRpcElapsedTime:5025953065ns, electionTimeout:5014ms
2022-09-08 01:52:11,399 [297af254-fbd9-498c-b51d-14a8fa249430@group-812EC5BB37CB-FollowerState] INFO  impl.RoleInfo (RoleInfo.java:shutdownFollowerState(110)) - 297af254-fbd9-498c-b51d-14a8fa249430: shutdown 297af254-fbd9-498c-b51d-14a8fa249430@group-812EC5BB37CB-FollowerState
2022-09-08 01:52:11,399 [297af254-fbd9-498c-b51d-14a8fa249430@group-812EC5BB37CB-FollowerState] INFO  server.RaftServer$Division (RaftServerImpl.java:setRole(299)) - 297af254-fbd9-498c-b51d-14a8fa249430@group-812EC5BB37CB: changes role from  FOLLOWER to CANDIDATE at term 1 for changeToCandidate
2022-09-08 01:52:11,399 [297af254-fbd9-498c-b51d-14a8fa249430@group-812EC5BB37CB-FollowerState] INFO  server.RaftServerConfigKeys (ConfUtils.java:logGet(46)) - raft.server.leaderelection.pre-vote = false (custom)
2022-09-08 01:52:11,399 [297af254-fbd9-498c-b51d-14a8fa249430@group-812EC5BB37CB-FollowerState] INFO  impl.RoleInfo (RoleInfo.java:updateAndGet(139)) - 297af254-fbd9-498c-b51d-14a8fa249430: start 297af254-fbd9-498c-b51d-14a8fa249430@group-812EC5BB37CB-LeaderElection19
2022-09-08 01:52:11,416 [297af254-fbd9-498c-b51d-14a8fa249430@group-812EC5BB37CB-LeaderElection19] INFO  impl.LeaderElection (LeaderElection.java:askForVotes(310)) - 297af254-fbd9-498c-b51d-14a8fa249430@group-812EC5BB37CB-LeaderElection19 ELECTION round 0: submit vote requests at term 2 for -1: [284d7013-8473-4015-87b2-132fe6465f12|rpc:10.1.1.0:46817|priority:1, 7b5e435e-945e-43ee-952c-2ec3d7bd8fd3|rpc:10.1.1.0:45447|priority:0, 297af254-fbd9-498c-b51d-14a8fa249430|rpc:10.1.1.0:40627|priority:0], old=null
2022-09-08 01:52:11,453 [grpc-default-executor-1] INFO  server.RaftServer$Division (RaftServerImpl.java:requestVote(1152)) - 284d7013-8473-4015-87b2-132fe6465f12@group-812EC5BB37CB: receive requestVote(ELECTION, 297af254-fbd9-498c-b51d-14a8fa249430, group-812EC5BB37CB, 2, (t:0, i:0))
2022-09-08 01:52:11,456 [grpc-default-executor-1] INFO  impl.VoteContext (VoteContext.java:log(48)) - 284d7013-8473-4015-87b2-132fe6465f12@group-812EC5BB37CB-FOLLOWER: reject ELECTION from 297af254-fbd9-498c-b51d-14a8fa249430: our priority 1 > candidate's priority 0
2022-09-08 01:52:11,457 [grpc-default-executor-1] INFO  server.RaftServer$Division (RaftServerImpl.java:setRole(299)) - 284d7013-8473-4015-87b2-132fe6465f12@group-812EC5BB37CB: changes role from  FOLLOWER to FOLLOWER at term 2 for candidate:297af254-fbd9-498c-b51d-14a8fa249430
2022-09-08 01:52:11,457 [grpc-default-executor-1] INFO  impl.RoleInfo (RoleInfo.java:shutdownFollowerState(110)) - 284d7013-8473-4015-87b2-132fe6465f12: shutdown 284d7013-8473-4015-87b2-132fe6465f12@group-812EC5BB37CB-FollowerState
2022-09-08 01:52:11,457 [grpc-default-executor-1] INFO  impl.RoleInfo (RoleInfo.java:updateAndGet(139)) - 284d7013-8473-4015-87b2-132fe6465f12: start 284d7013-8473-4015-87b2-132fe6465f12@group-812EC5BB37CB-FollowerState
2022-09-08 01:52:11,457 [284d7013-8473-4015-87b2-132fe6465f12@group-812EC5BB37CB-FollowerState] INFO  impl.FollowerState (FollowerState.java:run(152)) - 284d7013-8473-4015-87b2-132fe6465f12@group-812EC5BB37CB-FollowerState was interrupted
2022-09-08 01:52:11,459 [grpc-default-executor-1] INFO  server.RaftServer$Division (RaftServerImpl.java:requestVote(1184)) - 284d7013-8473-4015-87b2-132fe6465f12@group-812EC5BB37CB replies to ELECTION vote request: 297af254-fbd9-498c-b51d-14a8fa249430<-284d7013-8473-4015-87b2-132fe6465f12#0:FAIL-t2. Peer's state: 284d7013-8473-4015-87b2-132fe6465f12@group-812EC5BB37CB:t2, leader=null, voted=null, raftlog=284d7013-8473-4015-87b2-132fe6465f12@group-812EC5BB37CB-SegmentedRaftLog:OPENED:c-1, conf=-1: [284d7013-8473-4015-87b2-132fe6465f12|rpc:10.1.1.0:46817|dataStream:|priority:1, 7b5e435e-945e-43ee-952c-2ec3d7bd8fd3|rpc:10.1.1.0:45447|dataStream:|priority:0, 297af254-fbd9-498c-b51d-14a8fa249430|rpc:10.1.1.0:40627|dataStream:|priority:0], old=null
2022-09-08 01:52:11,462 [297af254-fbd9-498c-b51d-14a8fa249430@group-812EC5BB37CB-LeaderElection19] INFO  impl.LeaderElection (LeaderElection.java:logAndReturn(90)) - 297af254-fbd9-498c-b51d-14a8fa249430@group-812EC5BB37CB-LeaderElection19: ELECTION REJECTED received 1 response(s) and 0 exception(s):
2022-09-08 01:52:11,462 [297af254-fbd9-498c-b51d-14a8fa249430@group-812EC5BB37CB-LeaderElection19] INFO  impl.LeaderElection (LeaderElection.java:logAndReturn(94)) -   Response 0: 297af254-fbd9-498c-b51d-14a8fa249430<-284d7013-8473-4015-87b2-132fe6465f12#0:FAIL-t2
2022-09-08 01:52:11,463 [297af254-fbd9-498c-b51d-14a8fa249430@group-812EC5BB37CB-LeaderElection19] INFO  impl.LeaderElection (LeaderElection.java:askForVotes(312)) - 297af254-fbd9-498c-b51d-14a8fa249430@group-812EC5BB37CB-LeaderElection19 ELECTION round 0: result REJECTED
2022-09-08 01:52:11,463 [297af254-fbd9-498c-b51d-14a8fa249430@group-812EC5BB37CB-LeaderElection19] INFO  server.RaftServer$Division (RaftServerImpl.java:setRole(299)) - 297af254-fbd9-498c-b51d-14a8fa249430@group-812EC5BB37CB: changes role from CANDIDATE to FOLLOWER at term 2 for REJECTED
2022-09-08 01:52:11,463 [297af254-fbd9-498c-b51d-14a8fa249430@group-812EC5BB37CB-LeaderElection19] INFO  impl.RoleInfo (RoleInfo.java:shutdownLeaderElection(130)) - 297af254-fbd9-498c-b51d-14a8fa249430: shutdown 297af254-fbd9-498c-b51d-14a8fa249430@group-812EC5BB37CB-LeaderElection19
2022-09-08 01:52:11,463 [297af254-fbd9-498c-b51d-14a8fa249430@group-812EC5BB37CB-LeaderElection19] INFO  impl.RoleInfo (RoleInfo.java:updateAndGet(139)) - 297af254-fbd9-498c-b51d-14a8fa249430: start 297af254-fbd9-498c-b51d-14a8fa249430@group-812EC5BB37CB-FollowerState
2022-09-08 01:52:11,478 [grpc-default-executor-1] INFO  server.RaftServer$Division (RaftServerImpl.java:requestVote(1152)) - 7b5e435e-945e-43ee-952c-2ec3d7bd8fd3@group-812EC5BB37CB: receive requestVote(ELECTION, 297af254-fbd9-498c-b51d-14a8fa249430, group-812EC5BB37CB, 2, (t:0, i:0))
2022-09-08 01:52:11,478 [grpc-default-executor-1] INFO  impl.VoteContext (VoteContext.java:log(48)) - 7b5e435e-945e-43ee-952c-2ec3d7bd8fd3@group-812EC5BB37CB-FOLLOWER: accept ELECTION from 297af254-fbd9-498c-b51d-14a8fa249430: our priority 0 <= candidate's priority 0
2022-09-08 01:52:11,478 [grpc-default-executor-1] INFO  server.RaftServer$Division (RaftServerImpl.java:setRole(299)) - 7b5e435e-945e-43ee-952c-2ec3d7bd8fd3@group-812EC5BB37CB: changes role from  FOLLOWER to FOLLOWER at term 2 for candidate:297af254-fbd9-498c-b51d-14a8fa249430
2022-09-08 01:52:11,478 [grpc-default-executor-1] INFO  impl.RoleInfo (RoleInfo.java:shutdownFollowerState(110)) - 7b5e435e-945e-43ee-952c-2ec3d7bd8fd3: shutdown 7b5e435e-945e-43ee-952c-2ec3d7bd8fd3@group-812EC5BB37CB-FollowerState
2022-09-08 01:52:11,479 [grpc-default-executor-1] INFO  impl.RoleInfo (RoleInfo.java:updateAndGet(139)) - 7b5e435e-945e-43ee-952c-2ec3d7bd8fd3: start 7b5e435e-945e-43ee-952c-2ec3d7bd8fd3@group-812EC5BB37CB-FollowerState
2022-09-08 01:52:11,481 [7b5e435e-945e-43ee-952c-2ec3d7bd8fd3@group-812EC5BB37CB-FollowerState] INFO  impl.FollowerState (FollowerState.java:run(152)) - 7b5e435e-945e-43ee-952c-2ec3d7bd8fd3@group-812EC5BB37CB-FollowerState was interrupted
2022-09-08 01:52:11,483 [grpc-default-executor-1] INFO  server.RaftServer$Division (RaftServerImpl.java:requestVote(1184)) - 7b5e435e-945e-43ee-952c-2ec3d7bd8fd3@group-812EC5BB37CB replies to ELECTION vote request: 297af254-fbd9-498c-b51d-14a8fa249430<-7b5e435e-945e-43ee-952c-2ec3d7bd8fd3#0:OK-t2. Peer's state: 7b5e435e-945e-43ee-952c-2ec3d7bd8fd3@group-812EC5BB37CB:t2, leader=null, voted=297af254-fbd9-498c-b51d-14a8fa249430, raftlog=7b5e435e-945e-43ee-952c-2ec3d7bd8fd3@group-812EC5BB37CB-SegmentedRaftLog:OPENED:c-1, conf=-1: [284d7013-8473-4015-87b2-132fe6465f12|rpc:10.1.1.0:46817|dataStream:|priority:1, 7b5e435e-945e-43ee-952c-2ec3d7bd8fd3|rpc:10.1.1.0:45447|dataStream:|priority:0, 297af254-fbd9-498c-b51d-14a8fa249430|rpc:10.1.1.0:40627|dataStream:|priority:0], old=null
2022-09-08 01:52:11,569 [UnderReplicatedQueueThreadThread] INFO  replication.UnderReplicatedProcessor (UnderReplicatedProcessor.java:processAll(85)) - Processed 0 under replicated containers, failed processing 0
2022-09-08 01:52:11,570 [OverReplicatedQueueThreadThread] INFO  replication.OverReplicatedProcessor (OverReplicatedProcessor.java:processAll(83)) - Processed 0 over replicated containers, failed processing 0
2022-09-08 01:52:12,050 [Listener at 127.0.0.1/35669] INFO  ozone.MiniOzoneClusterImpl (MiniOzoneClusterImpl.java:lambda$waitForClusterToBeReady$0(216)) - Nodes are ready. Got 3 of 3 DN Heartbeats.
2022-09-08 01:52:12,051 [Listener at 127.0.0.1/35669] INFO  ozone.MiniOzoneClusterImpl (MiniOzoneClusterImpl.java:lambda$waitForClusterToBeReady$0(219)) - Cluster exits safe mode
2022-09-08 01:52:12,051 [Listener at 127.0.0.1/35669] INFO  ozone.MiniOzoneClusterImpl (MiniOzoneClusterImpl.java:lambda$waitForClusterToBeReady$0(221)) - SCM became leader
]]></system-out>
    </rerunFailure>
    <rerunFailure type="java.lang.AssertionError">
      <stackTrace><![CDATA[java.lang.AssertionError
	at org.junit.Assert.fail(Assert.java:87)
	at org.junit.Assert.assertTrue(Assert.java:42)
	at org.junit.Assert.assertTrue(Assert.java:53)
	at org.apache.hadoop.hdds.scm.TestRatisPipelineLeader.testLeaderIdAfterLeaderChange(TestRatisPipelineLeader.java:119)
	at sun.reflect.NativeMethodAccessorImpl.invoke0(Native Method)
	at sun.reflect.NativeMethodAccessorImpl.invoke(NativeMethodAccessorImpl.java:62)
	at sun.reflect.DelegatingMethodAccessorImpl.invoke(DelegatingMethodAccessorImpl.java:43)
	at java.lang.reflect.Method.invoke(Method.java:498)
	at org.junit.platform.commons.util.ReflectionUtils.invokeMethod(ReflectionUtils.java:725)
	at org.junit.jupiter.engine.execution.MethodInvocation.proceed(MethodInvocation.java:60)
	at org.junit.jupiter.engine.execution.InvocationInterceptorChain$ValidatingInvocation.proceed(InvocationInterceptorChain.java:131)
	at org.junit.jupiter.engine.extension.TimeoutInvocation.proceed(TimeoutInvocation.java:46)
	at org.junit.jupiter.engine.extension.TimeoutExtension.intercept(TimeoutExtension.java:149)
	at org.junit.jupiter.engine.extension.TimeoutExtension.interceptTestableMethod(TimeoutExtension.java:140)
	at org.junit.jupiter.engine.extension.TimeoutExtension.interceptTestMethod(TimeoutExtension.java:84)
	at org.junit.jupiter.engine.execution.ExecutableInvoker$ReflectiveInterceptorCall.lambda$ofVoidMethod$0(ExecutableInvoker.java:115)
	at org.junit.jupiter.engine.execution.ExecutableInvoker.lambda$invoke$0(ExecutableInvoker.java:105)
	at org.junit.jupiter.engine.execution.InvocationInterceptorChain$InterceptedInvocation.proceed(InvocationInterceptorChain.java:106)
	at org.junit.jupiter.engine.execution.InvocationInterceptorChain.proceed(InvocationInterceptorChain.java:64)
	at org.junit.jupiter.engine.execution.InvocationInterceptorChain.chainAndInvoke(InvocationInterceptorChain.java:45)
	at org.junit.jupiter.engine.execution.InvocationInterceptorChain.invoke(InvocationInterceptorChain.java:37)
	at org.junit.jupiter.engine.execution.ExecutableInvoker.invoke(ExecutableInvoker.java:104)
	at org.junit.jupiter.engine.execution.ExecutableInvoker.invoke(ExecutableInvoker.java:98)
	at org.junit.jupiter.engine.descriptor.TestMethodTestDescriptor.lambda$invokeTestMethod$7(TestMethodTestDescriptor.java:214)
	at org.junit.platform.engine.support.hierarchical.ThrowableCollector.execute(ThrowableCollector.java:73)
	at org.junit.jupiter.engine.descriptor.TestMethodTestDescriptor.invokeTestMethod(TestMethodTestDescriptor.java:210)
	at org.junit.jupiter.engine.descriptor.TestMethodTestDescriptor.execute(TestMethodTestDescriptor.java:135)
	at org.junit.jupiter.engine.descriptor.TestMethodTestDescriptor.execute(TestMethodTestDescriptor.java:66)
	at org.junit.platform.engine.support.hierarchical.NodeTestTask.lambda$executeRecursively$6(NodeTestTask.java:151)
	at org.junit.platform.engine.support.hierarchical.ThrowableCollector.execute(ThrowableCollector.java:73)
	at org.junit.platform.engine.support.hierarchical.NodeTestTask.lambda$executeRecursively$8(NodeTestTask.java:141)
	at org.junit.platform.engine.support.hierarchical.Node.around(Node.java:137)
	at org.junit.platform.engine.support.hierarchical.NodeTestTask.lambda$executeRecursively$9(NodeTestTask.java:139)
	at org.junit.platform.engine.support.hierarchical.ThrowableCollector.execute(ThrowableCollector.java:73)
	at org.junit.platform.engine.support.hierarchical.NodeTestTask.executeRecursively(NodeTestTask.java:138)
	at org.junit.platform.engine.support.hierarchical.NodeTestTask.execute(NodeTestTask.java:95)
	at java.util.ArrayList.forEach(ArrayList.java:1259)
	at org.junit.platform.engine.support.hierarchical.SameThreadHierarchicalTestExecutorService.invokeAll(SameThreadHierarchicalTestExecutorService.java:41)
	at org.junit.platform.engine.support.hierarchical.NodeTestTask.lambda$executeRecursively$6(NodeTestTask.java:155)
	at org.junit.platform.engine.support.hierarchical.ThrowableCollector.execute(ThrowableCollector.java:73)
	at org.junit.platform.engine.support.hierarchical.NodeTestTask.lambda$executeRecursively$8(NodeTestTask.java:141)
	at org.junit.platform.engine.support.hierarchical.Node.around(Node.java:137)
	at org.junit.platform.engine.support.hierarchical.NodeTestTask.lambda$executeRecursively$9(NodeTestTask.java:139)
	at org.junit.platform.engine.support.hierarchical.ThrowableCollector.execute(ThrowableCollector.java:73)
	at org.junit.platform.engine.support.hierarchical.NodeTestTask.executeRecursively(NodeTestTask.java:138)
	at org.junit.platform.engine.support.hierarchical.NodeTestTask.execute(NodeTestTask.java:95)
	at java.util.ArrayList.forEach(ArrayList.java:1259)
	at org.junit.platform.engine.support.hierarchical.SameThreadHierarchicalTestExecutorService.invokeAll(SameThreadHierarchicalTestExecutorService.java:41)
	at org.junit.platform.engine.support.hierarchical.NodeTestTask.lambda$executeRecursively$6(NodeTestTask.java:155)
	at org.junit.platform.engine.support.hierarchical.ThrowableCollector.execute(ThrowableCollector.java:73)
	at org.junit.platform.engine.support.hierarchical.NodeTestTask.lambda$executeRecursively$8(NodeTestTask.java:141)
	at org.junit.platform.engine.support.hierarchical.Node.around(Node.java:137)
	at org.junit.platform.engine.support.hierarchical.NodeTestTask.lambda$executeRecursively$9(NodeTestTask.java:139)
	at org.junit.platform.engine.support.hierarchical.ThrowableCollector.execute(ThrowableCollector.java:73)
	at org.junit.platform.engine.support.hierarchical.NodeTestTask.executeRecursively(NodeTestTask.java:138)
	at org.junit.platform.engine.support.hierarchical.NodeTestTask.execute(NodeTestTask.java:95)
	at org.junit.platform.engine.support.hierarchical.SameThreadHierarchicalTestExecutorService.submit(SameThreadHierarchicalTestExecutorService.java:35)
	at org.junit.platform.engine.support.hierarchical.HierarchicalTestExecutor.execute(HierarchicalTestExecutor.java:57)
	at org.junit.platform.engine.support.hierarchical.HierarchicalTestEngine.execute(HierarchicalTestEngine.java:54)
	at org.junit.platform.launcher.core.EngineExecutionOrchestrator.execute(EngineExecutionOrchestrator.java:107)
	at org.junit.platform.launcher.core.EngineExecutionOrchestrator.execute(EngineExecutionOrchestrator.java:88)
	at org.junit.platform.launcher.core.EngineExecutionOrchestrator.lambda$execute$0(EngineExecutionOrchestrator.java:54)
	at org.junit.platform.launcher.core.EngineExecutionOrchestrator.withInterceptedStreams(EngineExecutionOrchestrator.java:67)
	at org.junit.platform.launcher.core.EngineExecutionOrchestrator.execute(EngineExecutionOrchestrator.java:52)
	at org.junit.platform.launcher.core.DefaultLauncher.execute(DefaultLauncher.java:114)
	at org.junit.platform.launcher.core.DefaultLauncher.execute(DefaultLauncher.java:86)
	at org.junit.platform.launcher.core.DefaultLauncherSession$DelegatingLauncher.execute(DefaultLauncherSession.java:86)
	at org.junit.platform.launcher.core.SessionPerRequestLauncher.execute(SessionPerRequestLauncher.java:53)
	at org.apache.maven.surefire.junitplatform.JUnitPlatformProvider.invokeAllTests(JUnitPlatformProvider.java:165)
	at org.apache.maven.surefire.junitplatform.JUnitPlatformProvider.invoke(JUnitPlatformProvider.java:124)
	at org.apache.maven.surefire.booter.ForkedBooter.runSuitesInProcess(ForkedBooter.java:428)
	at org.apache.maven.surefire.booter.ForkedBooter.execute(ForkedBooter.java:162)
	at org.apache.maven.surefire.booter.ForkedBooter.run(ForkedBooter.java:562)
	at org.apache.maven.surefire.booter.ForkedBooter.main(ForkedBooter.java:548)
]]></stackTrace>
      <system-out><![CDATA[2022-09-08 01:52:32,725 [Listener at 127.0.0.1/35669] WARN  server.ServerUtils (ServerUtils.java:getScmDbDir(148)) - ozone.scm.db.dirs is not configured. We recommend adding this setting. Falling back to ozone.metadata.dirs instead.
2022-09-08 01:52:32,734 [Listener at 127.0.0.1/35669] WARN  server.ServerUtils (ServerUtils.java:getScmDbDir(148)) - ozone.scm.db.dirs is not configured. We recommend adding this setting. Falling back to ozone.metadata.dirs instead.
2022-09-08 01:52:32,734 [Listener at 127.0.0.1/35669] INFO  ha.SCMHANodeDetails (SCMHANodeDetails.java:loadSCMHAConfig(209)) - ServiceID for StorageContainerManager is null
2022-09-08 01:52:32,734 [Listener at 127.0.0.1/35669] INFO  ha.SCMHANodeDetails (SCMHANodeDetails.java:loadSCMHAConfig(214)) - ozone.scm.default.service.id is not defined, falling back to ozone.scm.service.ids to find serviceID for StorageContainerManager if it is HA enabled cluster
2022-09-08 01:52:32,737 [Listener at 127.0.0.1/35669] WARN  utils.HAUtils (HAUtils.java:getMetaDir(342)) - ozone.scm.db.dirs is not configured. We recommend adding this setting. Falling back to ozone.metadata.dirs instead.
2022-09-08 01:52:32,737 [Listener at 127.0.0.1/35669] WARN  db.DBStoreBuilder (DBStoreBuilder.java:applyDBDefinition(144)) - ozone.scm.db.dirs is not configured. We recommend adding this setting. Falling back to ozone.metadata.dirs instead.
2022-09-08 01:52:32,969 [Listener at 127.0.0.1/35669] INFO  net.NodeSchemaLoader (NodeSchemaLoader.java:loadSchemaFromFile(129)) - Loading schema from [jar:file:/home/runner/.m2/repository/org/apache/ozone/hdds-common/1.3.0-SNAPSHOT/hdds-common-1.3.0-SNAPSHOT.jar!/network-topology-default.xml]
2022-09-08 01:52:32,970 [Listener at 127.0.0.1/35669] INFO  net.NodeSchemaLoader (NodeSchemaLoader.java:loadSchema(176)) - Loading network topology layer schema file
2022-09-08 01:52:32,983 [Listener at 127.0.0.1/35669] INFO  upgrade.AbstractLayoutVersionManager (AbstractLayoutVersionManager.java:init(83)) - Initializing Layout version manager with metadata layout = DATANODE_SCHEMA_V3 (version = 4), software layout = DATANODE_SCHEMA_V3 (version = 4)
2022-09-08 01:52:33,051 [Listener at 127.0.0.1/35669] INFO  reflections.Reflections (Reflections.java:scan(232)) - Reflections took 59 ms to scan 7 urls, producing 133 keys and 322 values 
2022-09-08 01:52:33,062 [Listener at 127.0.0.1/35669] INFO  ha.SequenceIdGenerator (SequenceIdGenerator.java:upgradeToSequenceId(349)) - upgrade localId to 109611004723200000
2022-09-08 01:52:33,062 [Listener at 127.0.0.1/35669] INFO  ha.SequenceIdGenerator (SequenceIdGenerator.java:upgradeToSequenceId(359)) - upgrade delTxnId to 0
2022-09-08 01:52:33,063 [Listener at 127.0.0.1/35669] INFO  ha.SequenceIdGenerator (SequenceIdGenerator.java:upgradeToSequenceId(376)) - upgrade containerId to 0
2022-09-08 01:52:33,063 [Listener at 127.0.0.1/35669] INFO  ha.SequenceIdGenerator (SequenceIdGenerator.java:<init>(220)) - Init the HA SequenceIdGenerator.
2022-09-08 01:52:33,070 [Listener at 127.0.0.1/35669] WARN  server.ServerUtils (ServerUtils.java:sanitizeUserArgs(73)) - ozone.scm.stale.node.interval value = 300000 is larger than max = 100000 based on the key value of ozone.scm.heartbeat.thread.interval, reset to the max value 100000.
2022-09-08 01:52:33,070 [Listener at 127.0.0.1/35669] WARN  server.ServerUtils (ServerUtils.java:sanitizeUserArgs(73)) - ozone.scm.stale.node.interval value = 300000 is larger than max = 100000 based on the key value of ozone.scm.heartbeat.thread.interval, reset to the max value 100000.
2022-09-08 01:52:33,081 [Listener at 127.0.0.1/35669] INFO  node.SCMNodeManager (SCMNodeManager.java:<init>(149)) - Entering startup safe mode.
2022-09-08 01:52:33,082 [Listener at 127.0.0.1/35669] INFO  algorithms.ContainerPlacementPolicyFactory (ContainerPlacementPolicyFactory.java:getPolicyInternal(86)) - Create container placement policy of type org.apache.hadoop.hdds.scm.container.placement.algorithms.SCMContainerPlacementRandom
2022-09-08 01:52:33,082 [Listener at 127.0.0.1/35669] INFO  algorithms.ContainerPlacementPolicyFactory (ContainerPlacementPolicyFactory.java:getPolicyInternal(86)) - Create container placement policy of type org.apache.hadoop.hdds.scm.container.placement.algorithms.SCMContainerPlacementRackScatter
2022-09-08 01:52:33,082 [Listener at 127.0.0.1/35669] INFO  pipeline.PipelineStateManagerImpl (PipelineStateManagerImpl.java:initialize(78)) - No pipeline exists in current db
2022-09-08 01:52:33,082 [Listener at 127.0.0.1/35669] INFO  algorithms.LeaderChoosePolicyFactory (LeaderChoosePolicyFactory.java:getPolicy(57)) - Create leader choose policy of type org.apache.hadoop.hdds.scm.pipeline.leader.choose.algorithms.MinLeaderCountChoosePolicy
2022-09-08 01:52:33,082 [Listener at 127.0.0.1/35669] INFO  algorithms.ContainerPlacementPolicyFactory (ContainerPlacementPolicyFactory.java:getPolicyInternal(86)) - Create container placement policy of type org.apache.hadoop.hdds.scm.container.placement.algorithms.SCMContainerPlacementRackScatter
2022-09-08 01:52:33,083 [Listener at 127.0.0.1/35669] INFO  ha.SCMServiceManager (SCMServiceManager.java:register(42)) - Registering service BackgroundPipelineCreator.
2022-09-08 01:52:33,083 [Listener at 127.0.0.1/35669] INFO  pipeline.BackgroundPipelineCreator (BackgroundPipelineCreator.java:start(124)) - Starting RatisPipelineUtilsThread.
2022-09-08 01:52:33,084 [Listener at 127.0.0.1/35669] INFO  BackgroundPipelineScrubber (BackgroundSCMService.java:start(68)) - Starting BackgroundPipelineScrubber Service.
2022-09-08 01:52:33,084 [Listener at 127.0.0.1/35669] INFO  ha.SCMServiceManager (SCMServiceManager.java:register(42)) - Registering service BackgroundPipelineScrubber.
2022-09-08 01:52:33,084 [Listener at 127.0.0.1/35669] INFO  ExpiredContainerReplicaOpScrubber (BackgroundSCMService.java:start(68)) - Starting ExpiredContainerReplicaOpScrubber Service.
2022-09-08 01:52:33,093 [Listener at 127.0.0.1/35669] INFO  ha.SCMServiceManager (SCMServiceManager.java:register(42)) - Registering service ExpiredContainerReplicaOpScrubber.
2022-09-08 01:52:33,093 [Listener at 127.0.0.1/35669] INFO  algorithms.PipelineChoosePolicyFactory (PipelineChoosePolicyFactory.java:createPipelineChoosePolicyFromClass(73)) - Create pipeline choose policy of type org.apache.hadoop.hdds.scm.pipeline.choose.algorithms.RandomPipelineChoosePolicy
2022-09-08 01:52:33,094 [Listener at 127.0.0.1/35669] INFO  ha.SCMServiceManager (SCMServiceManager.java:register(42)) - Registering service SCMBlockDeletingService.
2022-09-08 01:52:33,094 [Listener at 127.0.0.1/35669] INFO  replication.ReplicationManager (ReplicationManager.java:start(208)) - Starting Replication Monitor Thread.
2022-09-08 01:52:33,096 [Listener at 127.0.0.1/35669] INFO  UnderReplicatedQueueThread (BackgroundSCMService.java:start(68)) - Starting UnderReplicatedQueueThread Service.
2022-09-08 01:52:33,096 [Listener at 127.0.0.1/35669] INFO  ha.SCMServiceManager (SCMServiceManager.java:register(42)) - Registering service UnderReplicatedQueueThread.
2022-09-08 01:52:33,096 [Listener at 127.0.0.1/35669] INFO  OverReplicatedQueueThread (BackgroundSCMService.java:start(68)) - Starting OverReplicatedQueueThread Service.
2022-09-08 01:52:33,105 [Listener at 127.0.0.1/35669] INFO  ha.SCMServiceManager (SCMServiceManager.java:register(42)) - Registering service OverReplicatedQueueThread.
2022-09-08 01:52:33,105 [Listener at 127.0.0.1/35669] INFO  ha.SCMServiceManager (SCMServiceManager.java:register(42)) - Registering service ReplicationManager.
2022-09-08 01:52:33,105 [Listener at 127.0.0.1/35669] INFO  safemode.ContainerSafeModeRule (ContainerSafeModeRule.java:<init>(89)) - containers with one replica threshold count 0
2022-09-08 01:52:33,105 [Listener at 127.0.0.1/35669] INFO  safemode.HealthyPipelineSafeModeRule (HealthyPipelineSafeModeRule.java:initializeRule(169)) - Total pipeline count is 0, healthy pipeline threshold count is 1
2022-09-08 01:52:33,105 [Listener at 127.0.0.1/35669] INFO  safemode.OneReplicaPipelineSafeModeRule (OneReplicaPipelineSafeModeRule.java:initializeRule(180)) - Total pipeline count is 0, pipeline's with at least one datanode reported threshold count is 0
2022-09-08 01:52:33,106 [Listener at 127.0.0.1/35669] INFO  ipc.CallQueueManager (CallQueueManager.java:<init>(90)) - Using callQueue: class java.util.concurrent.LinkedBlockingQueue, queueCapacity: 2000, scheduler: class org.apache.hadoop.ipc.DefaultRpcScheduler, ipcBackoff: false.
2022-09-08 01:52:33,107 [Socket Reader #1 for port 0] INFO  ipc.Server (Server.java:run(1265)) - Starting Socket Reader #1 for port 0
2022-09-08 01:52:33,109 [Listener at 0.0.0.0/33177] INFO  ipc.CallQueueManager (CallQueueManager.java:<init>(90)) - Using callQueue: class java.util.concurrent.LinkedBlockingQueue, queueCapacity: 2000, scheduler: class org.apache.hadoop.ipc.DefaultRpcScheduler, ipcBackoff: false.
2022-09-08 01:52:33,121 [ReplicationMonitor] INFO  replication.ReplicationManager (ReplicationManager.java:processAll(257)) - Replication Manager is not ready to run until 3000ms after safemode exit
2022-09-08 01:52:33,141 [Socket Reader #1 for port 0] INFO  ipc.Server (Server.java:run(1265)) - Starting Socket Reader #1 for port 0
2022-09-08 01:52:33,145 [Listener at 0.0.0.0/41891] INFO  ipc.CallQueueManager (CallQueueManager.java:<init>(90)) - Using callQueue: class java.util.concurrent.LinkedBlockingQueue, queueCapacity: 2000, scheduler: class org.apache.hadoop.ipc.DefaultRpcScheduler, ipcBackoff: false.
2022-09-08 01:52:33,157 [Socket Reader #1 for port 0] INFO  ipc.Server (Server.java:run(1265)) - Starting Socket Reader #1 for port 0
2022-09-08 01:52:33,238 [Listener at 0.0.0.0/43423] INFO  ha.SCMServiceManager (SCMServiceManager.java:register(42)) - Registering service ContainerBalancer.
2022-09-08 01:52:33,238 [Listener at 0.0.0.0/43423] INFO  server.StorageContainerManager (StorageContainerManager.java:<init>(412)) - 
Container Balancer status:
Key                            Value
Running                        false
Container Balancer Configuration values:
Key                                                Value
Threshold                                          10
Max Datanodes to Involve per Iteration(percent)    20
Max Size to Move per Iteration                     500GB
Max Size Entering Target per Iteration             26GB
Max Size Leaving Source per Iteration              26GB

2022-09-08 01:52:33,239 [Listener at 0.0.0.0/43423] WARN  events.EventQueue (EventQueue.java:fireEvent(216)) - No event handler registered for event TypedEvent{payloadType=SafeModeStatus, name='Safe mode status'}
2022-09-08 01:52:33,239 [Listener at 0.0.0.0/43423] INFO  ha.SCMContext (SCMContext.java:updateSafeModeStatus(228)) - Update SafeModeStatus from SafeModeStatus{safeModeStatus=true, preCheckPassed=false} to SafeModeStatus{safeModeStatus=true, preCheckPassed=false}.
2022-09-08 01:52:33,239 [Listener at 0.0.0.0/43423] INFO  server.StorageContainerManager (StorageContainerManager.java:start(1466)) - StorageContainerLocationProtocol RPC server is listening at /0.0.0.0:43423
2022-09-08 01:52:33,247 [Listener at 0.0.0.0/43423] WARN  impl.MetricsConfig (MetricsConfig.java:loadFirst(136)) - Cannot locate configuration: tried hadoop-metrics2-storagecontainermanager.properties,hadoop-metrics2.properties
2022-09-08 01:52:33,248 [Listener at 0.0.0.0/43423] INFO  impl.MetricsSystemImpl (MetricsSystemImpl.java:startTimer(378)) - Scheduled Metric snapshot period at 10 second(s).
2022-09-08 01:52:33,248 [Listener at 0.0.0.0/43423] INFO  impl.MetricsSystemImpl (MetricsSystemImpl.java:start(191)) - StorageContainerManager metrics system started
2022-09-08 01:52:33,329 [Listener at 0.0.0.0/43423] INFO  impl.MetricsSinkAdapter (MetricsSinkAdapter.java:start(204)) - Sink prometheus started
2022-09-08 01:52:33,329 [Listener at 0.0.0.0/43423] INFO  impl.MetricsSystemImpl (MetricsSystemImpl.java:registerSink(305)) - Registered sink prometheus
2022-09-08 01:52:33,360 [Listener at 0.0.0.0/43423] INFO  server.SCMClientProtocolServer (SCMClientProtocolServer.java:start(170)) - RPC server for Client  is listening at /0.0.0.0:43423
2022-09-08 01:52:33,361 [IPC Server Responder] INFO  ipc.Server (Server.java:run(1507)) - IPC Server Responder: starting
2022-09-08 01:52:33,361 [IPC Server listener on 0] INFO  ipc.Server (Server.java:run(1344)) - IPC Server listener on 0: starting
2022-09-08 01:52:33,363 [Listener at 0.0.0.0/43423] INFO  server.StorageContainerManager (StorageContainerManager.java:start(1481)) - ScmBlockLocationProtocol RPC server is listening at /0.0.0.0:41891
2022-09-08 01:52:33,363 [Listener at 0.0.0.0/43423] INFO  server.SCMBlockProtocolServer (SCMBlockProtocolServer.java:start(152)) - RPC server for Block Protocol is listening at /0.0.0.0:41891
2022-09-08 01:52:33,379 [IPC Server Responder] INFO  ipc.Server (Server.java:run(1507)) - IPC Server Responder: starting
2022-09-08 01:52:33,397 [IPC Server listener on 0] INFO  ipc.Server (Server.java:run(1344)) - IPC Server listener on 0: starting
2022-09-08 01:52:33,418 [Listener at 0.0.0.0/43423] INFO  server.SCMDatanodeProtocolServer (SCMDatanodeProtocolServer.java:start(186)) - ScmDatanodeProtocol RPC server for DataNodes is listening at /0.0.0.0:33177
2022-09-08 01:52:33,419 [IPC Server Responder] INFO  ipc.Server (Server.java:run(1507)) - IPC Server Responder: starting
2022-09-08 01:52:33,419 [IPC Server listener on 0] INFO  ipc.Server (Server.java:run(1344)) - IPC Server listener on 0: starting
2022-09-08 01:52:33,466 [Listener at 0.0.0.0/43423] INFO  http.BaseHttpServer (BaseHttpServer.java:newHttpServer2BuilderForOzone(213)) - Starting Web-server for scm at: http://0.0.0.0:0
2022-09-08 01:52:33,466 [Listener at 0.0.0.0/43423] INFO  http.BaseHttpServer (BaseHttpServer.java:<init>(108)) - Hadoop Security Enabled: false Ozone Security Enabled: false Ozone HTTP Security Enabled: false 
2022-09-08 01:52:33,466 [org.apache.hadoop.util.JvmPauseMonitor$Monitor@1cc3d12] INFO  util.JvmPauseMonitor (JvmPauseMonitor.java:run(188)) - Starting JVM pause monitor
2022-09-08 01:52:33,473 [Listener at 0.0.0.0/43423] INFO  server.AuthenticationFilter (AuthenticationFilter.java:constructSecretProvider(240)) - Unable to initialize FileSignerSecretProvider, falling back to use random secrets.
2022-09-08 01:52:33,476 [Listener at 0.0.0.0/43423] WARN  http.HttpRequestLog (HttpRequestLog.java:getRequestLog(103)) - Jetty request log can only be enabled using Log4j
2022-09-08 01:52:33,481 [Listener at 0.0.0.0/43423] INFO  http.HttpServer2 (HttpServer2.java:addGlobalFilter(1029)) - Added global filter 'safety' (class=org.apache.hadoop.hdds.server.http.HttpServer2$QuotingInputFilter)
2022-09-08 01:52:33,482 [Listener at 0.0.0.0/43423] INFO  http.HttpServer2 (HttpServer2.java:addFilter(1005)) - Added filter static_user_filter (class=org.apache.hadoop.http.lib.StaticUserWebFilter$StaticUserFilter) to context scm
2022-09-08 01:52:33,482 [Listener at 0.0.0.0/43423] INFO  http.HttpServer2 (HttpServer2.java:addFilter(1013)) - Added filter static_user_filter (class=org.apache.hadoop.http.lib.StaticUserWebFilter$StaticUserFilter) to context logs
2022-09-08 01:52:33,482 [Listener at 0.0.0.0/43423] INFO  http.HttpServer2 (HttpServer2.java:addFilter(1013)) - Added filter static_user_filter (class=org.apache.hadoop.http.lib.StaticUserWebFilter$StaticUserFilter) to context static
2022-09-08 01:52:33,484 [Listener at 0.0.0.0/43423] INFO  http.HttpServer2 (HttpServer2.java:bindListener(1248)) - Jetty bound to port 40787
2022-09-08 01:52:33,484 [Listener at 0.0.0.0/43423] INFO  server.Server (Server.java:doStart(375)) - jetty-9.4.43.v20210629; built: 2021-06-30T11:07:22.254Z; git: 526006ecfa3af7f1a27ef3a288e2bef7ea9dd7e8; jvm 1.8.0_345-b01
2022-09-08 01:52:33,500 [Listener at 0.0.0.0/43423] INFO  server.session (DefaultSessionIdManager.java:doStart(334)) - DefaultSessionIdManager workerName=node0
2022-09-08 01:52:33,500 [Listener at 0.0.0.0/43423] INFO  server.session (DefaultSessionIdManager.java:doStart(339)) - No SessionScavenger set, using defaults
2022-09-08 01:52:33,500 [Listener at 0.0.0.0/43423] INFO  server.session (HouseKeeper.java:startScavenging(132)) - node0 Scavenging every 660000ms
2022-09-08 01:52:33,503 [Listener at 0.0.0.0/43423] INFO  handler.ContextHandler (ContextHandler.java:doStart(915)) - Started o.e.j.s.ServletContextHandler@39d25ac2{logs,/logs,file:///home/runner/work/ozone/ozone/hadoop-ozone/integration-test/target/log,AVAILABLE}
2022-09-08 01:52:33,503 [Listener at 0.0.0.0/43423] INFO  handler.ContextHandler (ContextHandler.java:doStart(915)) - Started o.e.j.s.ServletContextHandler@2179e280{static,/static,file:///home/runner/work/ozone/ozone/hadoop-ozone/integration-test/target/test-classes/webapps/static,AVAILABLE}
2022-09-08 01:52:33,506 [Listener at 0.0.0.0/43423] INFO  handler.ContextHandler (ContextHandler.java:doStart(915)) - Started o.e.j.w.WebAppContext@24ba5996{scm,/,file:///home/runner/work/ozone/ozone/hadoop-ozone/integration-test/target/test-classes/webapps/scm/,AVAILABLE}{file:/home/runner/work/ozone/ozone/hadoop-ozone/integration-test/target/test-classes/webapps/scm}
2022-09-08 01:52:33,528 [Listener at 0.0.0.0/43423] INFO  server.AbstractConnector (AbstractConnector.java:doStart(331)) - Started ServerConnector@6b13054f{HTTP/1.1, (http/1.1)}{0.0.0.0:40787}
2022-09-08 01:52:33,528 [Listener at 0.0.0.0/43423] INFO  server.Server (Server.java:doStart(415)) - Started @85092ms
2022-09-08 01:52:33,528 [Listener at 0.0.0.0/43423] WARN  impl.MetricsSystemImpl (MetricsSystemImpl.java:register(279)) - Sink prometheus already exists!
2022-09-08 01:52:33,529 [Listener at 0.0.0.0/43423] INFO  http.BaseHttpServer (BaseHttpServer.java:updateConnectorAddress(333)) - HTTP server of scm listening at http://0.0.0.0:40787
2022-09-08 01:52:33,529 [Listener at 0.0.0.0/43423] WARN  server.ServerUtils (ServerUtils.java:getDBPath(225)) - ozone.om.db.dirs is not configured. We recommend adding this setting. Falling back to ozone.metadata.dirs instead.
2022-09-08 01:52:33,532 [Listener at 0.0.0.0/43423] INFO  ha.OMHANodeDetails (OMHANodeDetails.java:loadOMHAConfig(115)) - ozone.om.internal.service.id is not defined, falling back to ozone.om.service.ids to find serviceID for OzoneManager if it is HA enabled cluster
2022-09-08 01:52:33,533 [Listener at 0.0.0.0/43423] INFO  ha.OMHANodeDetails (OMHANodeDetails.java:loadOMHAConfig(226)) - Configuration does not have ozone.om.address set. Falling back to the default OM address /127.0.0.1:0
2022-09-08 01:52:33,533 [Listener at 0.0.0.0/43423] INFO  ha.OMHANodeDetails (OMHANodeDetails.java:getOMNodeDetailsForNonHA(254)) - OM Service ID is not set. Setting it to the default ID: omServiceIdDefault
2022-09-08 01:52:33,533 [Listener at 0.0.0.0/43423] INFO  ha.OMHANodeDetails (OMHANodeDetails.java:getOMNodeDetailsForNonHA(261)) - OM Node ID is not set. Setting it to the default ID: om1
2022-09-08 01:52:33,533 [Listener at 0.0.0.0/43423] WARN  server.ServerUtils (ServerUtils.java:getDBPath(225)) - ozone.om.db.dirs is not configured. We recommend adding this setting. Falling back to ozone.metadata.dirs instead.
2022-09-08 01:52:33,533 [Listener at 0.0.0.0/43423] INFO  upgrade.AbstractLayoutVersionManager (AbstractLayoutVersionManager.java:init(83)) - Initializing Layout version manager with metadata layout = MULTITENANCY_SCHEMA (version = 3), software layout = MULTITENANCY_SCHEMA (version = 3)
2022-09-08 01:52:33,665 [Listener at 0.0.0.0/43423] INFO  reflections.Reflections (Reflections.java:scan(232)) - Reflections took 131 ms to scan 2 urls, producing 153 keys and 427 values [using 2 cores]
2022-09-08 01:52:33,666 [Listener at 0.0.0.0/43423] INFO  upgrade.OMLayoutVersionManager (OMLayoutVersionManager.java:lambda$0(115)) - Skipping Upgrade Action MockOmUpgradeAction since it has been finalized.
2022-09-08 01:52:33,666 [Listener at 0.0.0.0/43423] WARN  server.ServerUtils (ServerUtils.java:getDBPath(225)) - ozone.om.db.dirs is not configured. We recommend adding this setting. Falling back to ozone.metadata.dirs instead.
2022-09-08 01:52:33,667 [Listener at 0.0.0.0/43423] INFO  proxy.SCMBlockLocationFailoverProxyProvider (SCMBlockLocationFailoverProxyProvider.java:<init>(114)) - Created block location fail-over proxy with 1 nodes: [nodeId=scmNodeId,nodeAddress=/0.0.0.0:41891]
2022-09-08 01:52:33,668 [Listener at 0.0.0.0/43423] INFO  proxy.SCMBlockLocationFailoverProxyProvider (SCMBlockLocationFailoverProxyProvider.java:<init>(114)) - Created block location fail-over proxy with 1 nodes: [nodeId=scmNodeId,nodeAddress=/0.0.0.0:41891]
2022-09-08 01:52:33,703 [Listener at 0.0.0.0/43423] WARN  server.ServerUtils (ServerUtils.java:getDBPath(225)) - ozone.om.db.dirs is not configured. We recommend adding this setting. Falling back to ozone.metadata.dirs instead.
2022-09-08 01:52:33,703 [Listener at 0.0.0.0/43423] INFO  codec.OmKeyInfoCodec (OmKeyInfoCodec.java:<init>(49)) - OmKeyInfoCodec ignorePipeline = true
2022-09-08 01:52:33,704 [Listener at 0.0.0.0/43423] INFO  codec.RepeatedOmKeyInfoCodec (RepeatedOmKeyInfoCodec.java:<init>(41)) - RepeatedOmKeyInfoCodec ignorePipeline = true
2022-09-08 01:52:34,021 [Listener at 0.0.0.0/43423] INFO  om.OzoneManager (OzoneManager.java:instantiateServices(707)) - S3 Multi-Tenancy is disabled
2022-09-08 01:52:34,022 [Listener at 0.0.0.0/43423] INFO  om.OzoneManager (OzoneManager.java:addS3GVolumeToDB(4298)) - Created Volume s3v With Owner runner required for S3Gateway operations.
2022-09-08 01:52:34,022 [Listener at 0.0.0.0/43423] WARN  server.ServerUtils (ServerUtils.java:getDefaultRatisDirectory(237)) - Storage directory for Ratis is not configured. It is a good idea to map this to an SSD disk. Falling back to ozone.metadata.dirs
2022-09-08 01:52:34,022 [Listener at 0.0.0.0/43423] WARN  utils.OzoneManagerRatisUtils (OzoneManagerRatisUtils.java:getOMRatisSnapshotDirectory(434)) - ozone.om.ratis.snapshot.dir is not configured. Falling back to ozone.metadata.dirs config
2022-09-08 01:52:34,023 [Listener at 0.0.0.0/43423] WARN  server.ServerUtils (ServerUtils.java:getDefaultRatisDirectory(237)) - Storage directory for Ratis is not configured. It is a good idea to map this to an SSD disk. Falling back to ozone.metadata.dirs
2022-09-08 01:52:34,026 [Listener at 0.0.0.0/43423] INFO  ratis.OzoneManagerRatisServer (OzoneManagerRatisServer.java:<init>(159)) - Instantiating OM Ratis server with groupID: omServiceIdDefault and peers: localhost:9872
2022-09-08 01:52:34,026 [Listener at 0.0.0.0/43423] INFO  ratis.OzoneManagerStateMachine (OzoneManagerStateMachine.java:loadSnapshotInfoFromDB(632)) - LastAppliedIndex is set from TransactionInfo from OM DB as (t:0, i:~)
2022-09-08 01:52:34,026 [Listener at 0.0.0.0/43423] INFO  server.RaftServer (ConfUtils.java:logGet(46)) - raft.rpc.type = GRPC (default)
2022-09-08 01:52:34,027 [Listener at 0.0.0.0/43423] INFO  grpc.GrpcFactory (GrpcFactory.java:checkPooledByteBufAllocatorUseCacheForAllThreads(48)) - PERFORMANCE WARNING: useCacheForAllThreads is true that may cause Netty to create a lot garbage objects and, as a result, trigger GC.
	It is recommended to disable useCacheForAllThreads by setting -Dorg.apache.ratis.thirdparty.io.netty.allocator.useCacheForAllThreads=false in command line.
2022-09-08 01:52:34,027 [Listener at 0.0.0.0/43423] INFO  grpc.GrpcConfigKeys (ConfUtils.java:logGet(46)) - raft.grpc.admin.port = -1 (default)
2022-09-08 01:52:34,027 [Listener at 0.0.0.0/43423] INFO  grpc.GrpcConfigKeys (ConfUtils.java:logGet(46)) - raft.grpc.server.port = 9872 (custom)
2022-09-08 01:52:34,027 [Listener at 0.0.0.0/43423] INFO  grpc.GrpcConfigKeys (ConfUtils.java:logGet(46)) - raft.grpc.client.port = -1 (default)
2022-09-08 01:52:34,027 [Listener at 0.0.0.0/43423] INFO  grpc.GrpcConfigKeys (ConfUtils.java:logGet(46)) - raft.grpc.server.port = 9872 (custom)
2022-09-08 01:52:34,027 [Listener at 0.0.0.0/43423] INFO  grpc.GrpcConfigKeys (ConfUtils.java:logGet(46)) - raft.grpc.server.port = 9872 (custom)
2022-09-08 01:52:34,027 [Listener at 0.0.0.0/43423] INFO  server.GrpcService (ConfUtils.java:logGet(46)) - raft.grpc.message.size.max = 33554432 (custom)
2022-09-08 01:52:34,027 [Listener at 0.0.0.0/43423] INFO  server.RaftServerConfigKeys (ConfUtils.java:logGet(46)) - raft.server.log.appender.buffer.byte-limit = 33554432 (custom)
2022-09-08 01:52:34,027 [Listener at 0.0.0.0/43423] INFO  server.GrpcService (ConfUtils.java:logGet(46)) - raft.grpc.flow.control.window = 1MB (=1048576) (default)
2022-09-08 01:52:34,028 [Listener at 0.0.0.0/43423] INFO  server.RaftServerConfigKeys (ConfUtils.java:logGet(46)) - raft.server.rpc.request.timeout = 3000ms (default)
2022-09-08 01:52:34,028 [Listener at 0.0.0.0/43423] INFO  grpc.GrpcConfigKeys (ConfUtils.java:logGet(46)) - raft.grpc.server.async.request.thread.pool.cached = true (default)
2022-09-08 01:52:34,028 [Listener at 0.0.0.0/43423] INFO  grpc.GrpcConfigKeys (ConfUtils.java:logGet(46)) - raft.grpc.server.async.request.thread.pool.size = 32 (default)
2022-09-08 01:52:34,035 [Listener at 0.0.0.0/43423] INFO  impl.DataStreamServerImpl (ConfUtils.java:logGet(46)) - raft.datastream.type = DISABLED (default)
2022-09-08 01:52:34,035 [Listener at 0.0.0.0/43423] INFO  server.RaftServerConfigKeys (ConfUtils.java:logGet(46)) - raft.server.threadpool.proxy.cached = true (default)
2022-09-08 01:52:34,036 [Listener at 0.0.0.0/43423] INFO  server.RaftServerConfigKeys (ConfUtils.java:logGet(46)) - raft.server.threadpool.proxy.size = 0 (default)
2022-09-08 01:52:34,036 [Listener at 0.0.0.0/43423] INFO  server.RaftServerConfigKeys (ConfUtils.java:logGet(46)) - raft.server.rpc.slowness.timeout = 120s (custom)
2022-09-08 01:52:34,036 [Listener at 0.0.0.0/43423] INFO  server.RaftServerConfigKeys (ConfUtils.java:logGet(46)) - raft.server.leaderelection.leader.step-down.wait-time = 10s (default)
2022-09-08 01:52:34,036 [Listener at 0.0.0.0/43423] INFO  server.RaftServerConfigKeys (ConfUtils.java:logGet(46)) - raft.server.storage.dir = [/home/runner/work/ozone/ozone/hadoop-ozone/integration-test/target/test-dir/MiniOzoneClusterImpl-41094698-2c6a-4710-a797-d1e03ae99019/ozone-meta/ratis] (custom)
2022-09-08 01:52:34,044 [Listener at 0.0.0.0/43423] INFO  server.RaftServer (RaftServerProxy.java:addNew(96)) - om1: addNew group-C5BA1605619E:[om1|rpc:localhost:9872|priority:0] returns group-C5BA1605619E:java.util.concurrent.CompletableFuture@45c1455[Not completed]
2022-09-08 01:52:34,045 [Listener at 0.0.0.0/43423] INFO  om.OzoneManager (OzoneManager.java:initializeRatisServer(1973)) - OzoneManager Ratis server initialized at port 9872
2022-09-08 01:52:34,046 [Listener at 0.0.0.0/43423] INFO  om.OzoneManager (OzoneManager.java:getRpcServer(1096)) - Creating RPC Server
2022-09-08 01:52:34,047 [pool-349-thread-1] INFO  server.RaftServer$Division (RaftServerImpl.java:<init>(190)) - om1: new RaftServerImpl for group-C5BA1605619E:[om1|rpc:localhost:9872|priority:0] with OzoneManagerStateMachine:uninitialized
2022-09-08 01:52:34,047 [pool-349-thread-1] INFO  server.RaftServerConfigKeys (ConfUtils.java:logGet(46)) - raft.server.rpc.timeout.min = 1s (custom)
2022-09-08 01:52:34,048 [pool-349-thread-1] INFO  server.RaftServerConfigKeys (ConfUtils.java:logGet(46)) - raft.server.rpc.timeout.max = 1200ms (custom)
2022-09-08 01:52:34,048 [pool-349-thread-1] INFO  server.RaftServerConfigKeys (ConfUtils.java:logGet(46)) - raft.server.rpc.sleep.time = 25ms (default)
2022-09-08 01:52:34,048 [pool-349-thread-1] INFO  server.RaftServerConfigKeys (ConfUtils.java:logGet(46)) - raft.server.rpc.slowness.timeout = 120s (custom)
2022-09-08 01:52:34,048 [pool-349-thread-1] INFO  server.RaftServerConfigKeys (ConfUtils.java:logGet(46)) - raft.server.leaderelection.leader.step-down.wait-time = 10s (default)
2022-09-08 01:52:34,048 [pool-349-thread-1] INFO  server.RaftServerConfigKeys (ConfUtils.java:logGet(46)) - raft.server.sleep.deviation.threshold = 300ms (default)
2022-09-08 01:52:34,048 [pool-349-thread-1] INFO  server.RaftServer$Division (ServerState.java:<init>(107)) - om1@group-C5BA1605619E: ConfigurationManager, init=-1: [om1|rpc:localhost:9872|priority:0], old=null, confs=<EMPTY_MAP>
2022-09-08 01:52:34,048 [pool-349-thread-1] INFO  server.RaftServerConfigKeys (ConfUtils.java:logGet(46)) - raft.server.storage.dir = [/home/runner/work/ozone/ozone/hadoop-ozone/integration-test/target/test-dir/MiniOzoneClusterImpl-41094698-2c6a-4710-a797-d1e03ae99019/ozone-meta/ratis] (custom)
2022-09-08 01:52:34,048 [pool-349-thread-1] INFO  server.RaftServerConfigKeys (ConfUtils.java:logGet(46)) - raft.server.log.corruption.policy = EXCEPTION (default)
2022-09-08 01:52:34,048 [pool-349-thread-1] INFO  server.RaftServerConfigKeys (ConfUtils.java:logGet(46)) - raft.server.storage.free-space.min = 0MB (=0) (default)
2022-09-08 01:52:34,049 [pool-349-thread-1] INFO  storage.RaftStorageDirectory (RaftStorageDirectoryImpl.java:analyzeStorage(135)) - The storage directory /home/runner/work/ozone/ozone/hadoop-ozone/integration-test/target/test-dir/MiniOzoneClusterImpl-41094698-2c6a-4710-a797-d1e03ae99019/ozone-meta/ratis/bf265839-605b-3f16-9796-c5ba1605619e does not exist. Creating ...
2022-09-08 01:52:34,050 [pool-349-thread-1] INFO  storage.RaftStorageDirectory (RaftStorageDirectoryImpl.java:tryLock(230)) - Lock on /home/runner/work/ozone/ozone/hadoop-ozone/integration-test/target/test-dir/MiniOzoneClusterImpl-41094698-2c6a-4710-a797-d1e03ae99019/ozone-meta/ratis/bf265839-605b-3f16-9796-c5ba1605619e/in_use.lock acquired by nodename 132736@fv-az38-857
2022-09-08 01:52:34,051 [pool-349-thread-1] INFO  storage.RaftStorage (RaftStorageImpl.java:format(89)) - Storage directory /home/runner/work/ozone/ozone/hadoop-ozone/integration-test/target/test-dir/MiniOzoneClusterImpl-41094698-2c6a-4710-a797-d1e03ae99019/ozone-meta/ratis/bf265839-605b-3f16-9796-c5ba1605619e has been successfully formatted.
2022-09-08 01:52:34,051 [pool-349-thread-1] INFO  server.RaftServerConfigKeys (ConfUtils.java:logGet(46)) - raft.server.notification.no-leader.timeout = 120s (custom)
2022-09-08 01:52:34,051 [pool-349-thread-1] INFO  server.RaftServerConfigKeys (ConfUtils.java:logGet(46)) - raft.server.log.use.memory = false (default)
2022-09-08 01:52:34,051 [pool-349-thread-1] INFO  server.RaftServerConfigKeys (ConfUtils.java:logGet(46)) - raft.server.log.purge.gap = 1000000 (custom)
2022-09-08 01:52:34,051 [pool-349-thread-1] INFO  server.RaftServerConfigKeys (ConfUtils.java:logGet(46)) - raft.server.log.appender.buffer.byte-limit = 33554432 (custom)
2022-09-08 01:52:34,051 [pool-349-thread-1] INFO  server.RaftServerConfigKeys (ConfUtils.java:logGet(46)) - raft.server.log.statemachine.data.read.timeout = 1000ms (default)
2022-09-08 01:52:34,052 [pool-349-thread-1] INFO  server.RaftServerConfigKeys (ConfUtils.java:logGet(46)) - raft.server.log.segment.size.max = 4194304 (custom)
2022-09-08 01:52:34,052 [pool-349-thread-1] INFO  server.RaftServerConfigKeys (ConfUtils.java:logGet(46)) - raft.server.log.segment.cache.num.max = 2 (custom)
2022-09-08 01:52:34,052 [pool-349-thread-1] INFO  server.RaftServerConfigKeys (ConfUtils.java:logGet(46)) - raft.server.log.segment.cache.size.max = 200MB (=209715200) (default)
2022-09-08 01:52:34,052 [pool-349-thread-1] INFO  segmented.SegmentedRaftLogWorker (SegmentedRaftLogWorker.java:<init>(187)) - new om1@group-C5BA1605619E-SegmentedRaftLogWorker for RaftStorageImpl:Storage Directory /home/runner/work/ozone/ozone/hadoop-ozone/integration-test/target/test-dir/MiniOzoneClusterImpl-41094698-2c6a-4710-a797-d1e03ae99019/ozone-meta/ratis/bf265839-605b-3f16-9796-c5ba1605619e
2022-09-08 01:52:34,052 [pool-349-thread-1] INFO  server.RaftServerConfigKeys (ConfUtils.java:logGet(46)) - raft.server.log.queue.byte-limit = 64MB (=67108864) (default)
2022-09-08 01:52:34,052 [pool-349-thread-1] INFO  server.RaftServerConfigKeys (ConfUtils.java:logGet(46)) - raft.server.log.queue.element-limit = 4096 (default)
2022-09-08 01:52:34,052 [pool-349-thread-1] INFO  server.RaftServerConfigKeys (ConfUtils.java:logGet(46)) - raft.server.log.segment.size.max = 4194304 (custom)
2022-09-08 01:52:34,052 [pool-349-thread-1] INFO  server.RaftServerConfigKeys (ConfUtils.java:logGet(46)) - raft.server.log.preallocated.size = 4194304 (custom)
2022-09-08 01:52:34,052 [pool-349-thread-1] INFO  server.RaftServerConfigKeys (ConfUtils.java:logGet(46)) - raft.server.log.force.sync.num = 128 (default)
2022-09-08 01:52:34,052 [pool-349-thread-1] INFO  server.RaftServerConfigKeys (ConfUtils.java:logGet(46)) - raft.server.log.statemachine.data.sync = true (default)
2022-09-08 01:52:34,052 [pool-349-thread-1] INFO  server.RaftServerConfigKeys (ConfUtils.java:logGet(46)) - raft.server.log.statemachine.data.sync.timeout = 10s (default)
2022-09-08 01:52:34,052 [pool-349-thread-1] INFO  server.RaftServerConfigKeys (ConfUtils.java:logGet(46)) - raft.server.log.statemachine.data.sync.timeout.retry = -1 (default)
2022-09-08 01:52:34,072 [pool-349-thread-1] INFO  server.RaftServerConfigKeys (ConfUtils.java:logGet(46)) - raft.server.log.write.buffer.size = 64KB (=65536) (default)
2022-09-08 01:52:34,072 [pool-349-thread-1] INFO  server.RaftServerConfigKeys (ConfUtils.java:logGet(46)) - raft.server.log.unsafe-flush.enabled = false (default)
2022-09-08 01:52:34,072 [pool-349-thread-1] INFO  server.RaftServerConfigKeys (ConfUtils.java:logGet(46)) - raft.server.log.statemachine.data.caching.enabled = false (default)
2022-09-08 01:52:34,072 [pool-349-thread-1] INFO  segmented.SegmentedRaftLogWorker (SegmentedRaftLogWorker.java:lambda$new$0(135)) - om1@group-C5BA1605619E-SegmentedRaftLogWorker: flushIndex: setUnconditionally 0 -> -1
2022-09-08 01:52:34,072 [pool-349-thread-1] INFO  segmented.SegmentedRaftLogWorker (SegmentedRaftLogWorker.java:lambda$new$0(135)) - om1@group-C5BA1605619E-SegmentedRaftLogWorker: safeCacheEvictIndex: setUnconditionally 0 -> -1
2022-09-08 01:52:34,084 [pool-349-thread-1] INFO  server.RaftServerConfigKeys (ConfUtils.java:logGet(46)) - raft.server.snapshot.auto.trigger.enabled = true (custom)
2022-09-08 01:52:34,084 [pool-349-thread-1] INFO  server.RaftServerConfigKeys (ConfUtils.java:logGet(46)) - raft.server.snapshot.auto.trigger.threshold = 400000 (default)
2022-09-08 01:52:34,084 [pool-349-thread-1] INFO  server.RaftServerConfigKeys (ConfUtils.java:logGet(46)) - raft.server.snapshot.retention.file.num = -1 (default)
2022-09-08 01:52:34,084 [pool-349-thread-1] INFO  server.RaftServerConfigKeys (ConfUtils.java:logGet(46)) - raft.server.log.purge.upto.snapshot.index = true (custom)
2022-09-08 01:52:34,085 [pool-349-thread-1] INFO  server.RaftServerConfigKeys (ConfUtils.java:logGet(46)) - raft.server.retrycache.expirytime = 300s (custom)
2022-09-08 01:52:34,085 [pool-349-thread-1] INFO  server.RaftServerConfigKeys (ConfUtils.java:logGet(46)) - raft.server.retrycache.statistics.expirytime = 100μs (default)
2022-09-08 01:52:34,094 [pool-349-thread-1] INFO  server.RaftServerConfigKeys (ConfUtils.java:logGet(46)) - raft.server.log.appender.install.snapshot.enabled = false (custom)
2022-09-08 01:52:34,094 [pool-349-thread-1] INFO  server.RaftServerConfigKeys (ConfUtils.java:logGet(46)) - raft.server.threadpool.server.cached = true (default)
2022-09-08 01:52:34,094 [pool-349-thread-1] INFO  server.RaftServerConfigKeys (ConfUtils.java:logGet(46)) - raft.server.threadpool.server.size = 0 (default)
2022-09-08 01:52:34,094 [pool-349-thread-1] INFO  server.RaftServerConfigKeys (ConfUtils.java:logGet(46)) - raft.server.threadpool.client.cached = true (default)
2022-09-08 01:52:34,094 [pool-349-thread-1] INFO  server.RaftServerConfigKeys (ConfUtils.java:logGet(46)) - raft.server.threadpool.client.size = 0 (default)
2022-09-08 01:52:34,820 [Listener at 0.0.0.0/43423] INFO  reflections.Reflections (Reflections.java:scan(232)) - Reflections took 773 ms to scan 19 urls, producing 67 keys and 4167 values [using 2 cores]
2022-09-08 01:52:34,822 [Listener at 0.0.0.0/43423] INFO  ipc.CallQueueManager (CallQueueManager.java:<init>(90)) - Using callQueue: class java.util.concurrent.LinkedBlockingQueue, queueCapacity: 2000, scheduler: class org.apache.hadoop.ipc.DefaultRpcScheduler, ipcBackoff: false.
2022-09-08 01:52:34,841 [Socket Reader #1 for port 0] INFO  ipc.Server (Server.java:run(1265)) - Starting Socket Reader #1 for port 0
2022-09-08 01:52:34,882 [Listener at 127.0.0.1/42159] INFO  impl.MetricsSystemImpl (MetricsSystemImpl.java:init(158)) - OzoneManager metrics system started (again)
2022-09-08 01:52:34,896 [Listener at 127.0.0.1/42159] INFO  om.OzoneManager (OzoneManager.java:start(1480)) - OzoneManager RPC server is listening at localhost/127.0.0.1:42159
2022-09-08 01:52:34,897 [Listener at 127.0.0.1/42159] INFO  ratis.OzoneManagerRatisServer (OzoneManagerRatisServer.java:start(554)) - Starting OzoneManagerRatisServer om1 at port 9872
2022-09-08 01:52:34,898 [om1-impl-thread1] INFO  server.RaftServer$Division (RaftServerImpl.java:start(310)) - om1@group-C5BA1605619E: start as a follower, conf=-1: [om1|rpc:localhost:9872|priority:0], old=null
2022-09-08 01:52:34,898 [om1-impl-thread1] INFO  server.RaftServer$Division (RaftServerImpl.java:setRole(299)) - om1@group-C5BA1605619E: changes role from      null to FOLLOWER at term 0 for startAsFollower
2022-09-08 01:52:34,898 [om1-impl-thread1] INFO  impl.RoleInfo (RoleInfo.java:updateAndGet(139)) - om1: start om1@group-C5BA1605619E-FollowerState
2022-09-08 01:52:34,915 [om1-impl-thread1] INFO  util.JmxRegister (JmxRegister.java:tryRegister(44)) - Successfully registered JMX Bean with object name Ratis:service=RaftServer,group=group-C5BA1605619E,id=om1
2022-09-08 01:52:34,928 [Listener at 127.0.0.1/42159] INFO  server.RaftServer (RaftServerProxy.java:lambda$start$6(382)) - om1: start RPC server
2022-09-08 01:52:34,958 [Listener at 127.0.0.1/42159] INFO  server.GrpcService (GrpcService.java:startImpl(260)) - om1: GrpcService started, listening on 9872
2022-09-08 01:52:34,961 [Listener at 127.0.0.1/42159] INFO  om.OzoneManager (OzoneManager.java:start(1496)) - Version File has different layout version (3) than OM DB (null). That is expected if this OM has never been finalized to a newer layout version.
2022-09-08 01:52:34,961 [org.apache.ratis.util.JvmPauseMonitor$$Lambda$687/845490267@12d1165b] INFO  util.JvmPauseMonitor (JvmPauseMonitor.java:run(103)) - JvmPauseMonitor-om1: Started
2022-09-08 01:52:34,977 [Listener at 127.0.0.1/42159] INFO  http.BaseHttpServer (BaseHttpServer.java:newHttpServer2BuilderForOzone(213)) - Starting Web-server for ozoneManager at: http://0.0.0.0:0
2022-09-08 01:52:34,977 [Listener at 127.0.0.1/42159] INFO  http.BaseHttpServer (BaseHttpServer.java:<init>(108)) - Hadoop Security Enabled: false Ozone Security Enabled: false Ozone HTTP Security Enabled: false 
2022-09-08 01:52:34,978 [Listener at 127.0.0.1/42159] INFO  server.AuthenticationFilter (AuthenticationFilter.java:constructSecretProvider(240)) - Unable to initialize FileSignerSecretProvider, falling back to use random secrets.
2022-09-08 01:52:35,004 [Listener at 127.0.0.1/42159] WARN  http.HttpRequestLog (HttpRequestLog.java:getRequestLog(103)) - Jetty request log can only be enabled using Log4j
2022-09-08 01:52:35,005 [Listener at 127.0.0.1/42159] INFO  http.HttpServer2 (HttpServer2.java:addGlobalFilter(1029)) - Added global filter 'safety' (class=org.apache.hadoop.hdds.server.http.HttpServer2$QuotingInputFilter)
2022-09-08 01:52:35,006 [Listener at 127.0.0.1/42159] INFO  http.HttpServer2 (HttpServer2.java:addFilter(1005)) - Added filter static_user_filter (class=org.apache.hadoop.http.lib.StaticUserWebFilter$StaticUserFilter) to context ozoneManager
2022-09-08 01:52:35,006 [Listener at 127.0.0.1/42159] INFO  http.HttpServer2 (HttpServer2.java:addFilter(1013)) - Added filter static_user_filter (class=org.apache.hadoop.http.lib.StaticUserWebFilter$StaticUserFilter) to context logs
2022-09-08 01:52:35,006 [Listener at 127.0.0.1/42159] INFO  http.HttpServer2 (HttpServer2.java:addFilter(1013)) - Added filter static_user_filter (class=org.apache.hadoop.http.lib.StaticUserWebFilter$StaticUserFilter) to context static
2022-09-08 01:52:35,034 [Listener at 127.0.0.1/42159] INFO  http.HttpServer2 (HttpServer2.java:bindListener(1248)) - Jetty bound to port 39735
2022-09-08 01:52:35,034 [Listener at 127.0.0.1/42159] INFO  server.Server (Server.java:doStart(375)) - jetty-9.4.43.v20210629; built: 2021-06-30T11:07:22.254Z; git: 526006ecfa3af7f1a27ef3a288e2bef7ea9dd7e8; jvm 1.8.0_345-b01
2022-09-08 01:52:35,037 [Listener at 127.0.0.1/42159] INFO  server.session (DefaultSessionIdManager.java:doStart(334)) - DefaultSessionIdManager workerName=node0
2022-09-08 01:52:35,037 [Listener at 127.0.0.1/42159] INFO  server.session (DefaultSessionIdManager.java:doStart(339)) - No SessionScavenger set, using defaults
2022-09-08 01:52:35,037 [Listener at 127.0.0.1/42159] INFO  server.session (HouseKeeper.java:startScavenging(132)) - node0 Scavenging every 600000ms
2022-09-08 01:52:35,049 [Listener at 127.0.0.1/42159] INFO  handler.ContextHandler (ContextHandler.java:doStart(915)) - Started o.e.j.s.ServletContextHandler@7de621f{logs,/logs,file:///home/runner/work/ozone/ozone/hadoop-ozone/integration-test/target/log,AVAILABLE}
2022-09-08 01:52:35,049 [Listener at 127.0.0.1/42159] INFO  handler.ContextHandler (ContextHandler.java:doStart(915)) - Started o.e.j.s.ServletContextHandler@22651b3a{static,/static,file:///home/runner/work/ozone/ozone/hadoop-ozone/integration-test/target/test-classes/webapps/static,AVAILABLE}
2022-09-08 01:52:35,053 [Listener at 127.0.0.1/42159] INFO  handler.ContextHandler (ContextHandler.java:doStart(915)) - Started o.e.j.w.WebAppContext@7bbcfc0f{ozoneManager,/,file:///home/runner/work/ozone/ozone/hadoop-ozone/integration-test/target/test-classes/webapps/ozoneManager/,AVAILABLE}{file:/home/runner/work/ozone/ozone/hadoop-ozone/integration-test/target/test-classes/webapps/ozoneManager}
2022-09-08 01:52:35,078 [Listener at 127.0.0.1/42159] INFO  server.AbstractConnector (AbstractConnector.java:doStart(331)) - Started ServerConnector@75b1d734{HTTP/1.1, (http/1.1)}{0.0.0.0:39735}
2022-09-08 01:52:35,079 [Listener at 127.0.0.1/42159] INFO  server.Server (Server.java:doStart(415)) - Started @86642ms
2022-09-08 01:52:35,079 [Listener at 127.0.0.1/42159] WARN  impl.MetricsSystemImpl (MetricsSystemImpl.java:register(279)) - Sink prometheus already exists!
2022-09-08 01:52:35,080 [Listener at 127.0.0.1/42159] INFO  http.BaseHttpServer (BaseHttpServer.java:updateConnectorAddress(333)) - HTTP server of ozoneManager listening at http://0.0.0.0:39735
2022-09-08 01:52:35,088 [IPC Server Responder] INFO  ipc.Server (Server.java:run(1507)) - IPC Server Responder: starting
2022-09-08 01:52:35,110 [IPC Server listener on 0] INFO  ipc.Server (Server.java:run(1344)) - IPC Server listener on 0: starting
2022-09-08 01:52:35,142 [Listener at 127.0.0.1/42159] INFO  om.OzoneManager (OzoneManager.java:startTrashEmptier(1917)) - Trash Interval set to 0. Files deleted won't move to trash
2022-09-08 01:52:35,161 [Listener at 127.0.0.1/42159] WARN  impl.MetricRegistriesImpl (MetricRegistriesImpl.java:addReporterRegistration(111)) - New reporters are added after registries were created. Some metrics will be missing from the reporter. Please add reporter before adding any new registry.
2022-09-08 01:52:35,161 [Listener at 127.0.0.1/42159] WARN  impl.MetricRegistriesImpl (MetricRegistriesImpl.java:addReporterRegistration(111)) - New reporters are added after registries were created. Some metrics will be missing from the reporter. Please add reporter before adding any new registry.
2022-09-08 01:52:35,161 [Listener at 127.0.0.1/42159] INFO  impl.MetricsSystemImpl (MetricsSystemImpl.java:init(158)) - HddsDatanode metrics system started (again)
2022-09-08 01:52:35,165 [org.apache.hadoop.util.JvmPauseMonitor$Monitor@75b7a38b] INFO  util.JvmPauseMonitor (JvmPauseMonitor.java:run(188)) - Starting JVM pause monitor
2022-09-08 01:52:35,184 [Listener at 127.0.0.1/42159] INFO  ozone.HddsDatanodeService (HddsDatanodeService.java:start(236)) - HddsDatanodeService host:fv-az38-857.qiceih3q1hfe5a3ai3y3qk2fta.cx.internal.cloudapp.net ip:10.1.1.0
2022-09-08 01:52:35,235 [Listener at 127.0.0.1/42159] INFO  upgrade.AbstractLayoutVersionManager (AbstractLayoutVersionManager.java:init(83)) - Initializing Layout version manager with metadata layout = DATANODE_SCHEMA_V3 (version = 4), software layout = DATANODE_SCHEMA_V3 (version = 4)
2022-09-08 01:52:35,332 [Listener at 127.0.0.1/42159] INFO  reflections.Reflections (Reflections.java:scan(232)) - Reflections took 96 ms to scan 7 urls, producing 133 keys and 322 values 
2022-09-08 01:52:35,353 [Listener at 127.0.0.1/42159] INFO  statemachine.DatanodeStateMachine (DatanodeStateMachine.java:getEndPointTaskThreadPoolSize(237)) - Datanode State Machine Task Thread Pool size 2
2022-09-08 01:52:35,364 [Listener at 127.0.0.1/42159] INFO  volume.HddsVolume (HddsVolume.java:<init>(117)) - Creating HddsVolume: /home/runner/work/ozone/ozone/hadoop-ozone/integration-test/target/test-dir/MiniOzoneClusterImpl-41094698-2c6a-4710-a797-d1e03ae99019/datanode-0/data-0/containers/hdds of storage type : DISK capacity : 9223372036854775807
2022-09-08 01:52:35,364 [Listener at 127.0.0.1/42159] INFO  volume.MutableVolumeSet (MutableVolumeSet.java:initializeVolumeSet(174)) - Added Volume : /home/runner/work/ozone/ozone/hadoop-ozone/integration-test/target/test-dir/MiniOzoneClusterImpl-41094698-2c6a-4710-a797-d1e03ae99019/datanode-0/data-0/containers/hdds to VolumeSet
2022-09-08 01:52:35,364 [Listener at 127.0.0.1/42159] INFO  volume.ThrottledAsyncChecker (ThrottledAsyncChecker.java:schedule(141)) - Scheduling a check for /home/runner/work/ozone/ozone/hadoop-ozone/integration-test/target/test-dir/MiniOzoneClusterImpl-41094698-2c6a-4710-a797-d1e03ae99019/datanode-0/data-0/containers/hdds
2022-09-08 01:52:35,392 [Listener at 127.0.0.1/42159] INFO  volume.StorageVolumeChecker (StorageVolumeChecker.java:checkAllVolumes(202)) - Scheduled health check for volume /home/runner/work/ozone/ozone/hadoop-ozone/integration-test/target/test-dir/MiniOzoneClusterImpl-41094698-2c6a-4710-a797-d1e03ae99019/datanode-0/data-0/containers/hdds
2022-09-08 01:52:35,437 [Listener at 127.0.0.1/42159] INFO  volume.MutableVolumeSet (MutableVolumeSet.java:initializeVolumeSet(174)) - Added Volume : /home/runner/work/ozone/ozone/hadoop-ozone/integration-test/target/test-dir/MiniOzoneClusterImpl-41094698-2c6a-4710-a797-d1e03ae99019/datanode-0/data/ratis to VolumeSet
2022-09-08 01:52:35,437 [Listener at 127.0.0.1/42159] INFO  volume.ThrottledAsyncChecker (ThrottledAsyncChecker.java:schedule(141)) - Scheduling a check for /home/runner/work/ozone/ozone/hadoop-ozone/integration-test/target/test-dir/MiniOzoneClusterImpl-41094698-2c6a-4710-a797-d1e03ae99019/datanode-0/data/ratis
2022-09-08 01:52:35,439 [Listener at 127.0.0.1/42159] INFO  volume.StorageVolumeChecker (StorageVolumeChecker.java:checkAllVolumes(202)) - Scheduled health check for volume /home/runner/work/ozone/ozone/hadoop-ozone/integration-test/target/test-dir/MiniOzoneClusterImpl-41094698-2c6a-4710-a797-d1e03ae99019/datanode-0/data/ratis
2022-09-08 01:52:35,499 [Thread-688] INFO  ozoneimpl.ContainerReader (ContainerReader.java:readVolume(175)) - Finish verifying containers on volume /home/runner/work/ozone/ozone/hadoop-ozone/integration-test/target/test-dir/MiniOzoneClusterImpl-41094698-2c6a-4710-a797-d1e03ae99019/datanode-0/data-0/containers/hdds
2022-09-08 01:52:35,500 [Listener at 127.0.0.1/42159] INFO  ozoneimpl.OzoneContainer (OzoneContainer.java:buildContainerSet(300)) - Build ContainerSet costs 0s
2022-09-08 01:52:35,502 [Listener at 127.0.0.1/42159] INFO  server.RaftServer (ConfUtils.java:logGet(46)) - raft.rpc.type = GRPC (default)
2022-09-08 01:52:35,502 [Listener at 127.0.0.1/42159] INFO  grpc.GrpcFactory (GrpcFactory.java:checkPooledByteBufAllocatorUseCacheForAllThreads(48)) - PERFORMANCE WARNING: useCacheForAllThreads is true that may cause Netty to create a lot garbage objects and, as a result, trigger GC.
	It is recommended to disable useCacheForAllThreads by setting -Dorg.apache.ratis.thirdparty.io.netty.allocator.useCacheForAllThreads=false in command line.
2022-09-08 01:52:35,502 [Listener at 127.0.0.1/42159] INFO  grpc.GrpcConfigKeys (ConfUtils.java:logGet(46)) - raft.grpc.admin.port = 0 (custom)
2022-09-08 01:52:35,502 [Listener at 127.0.0.1/42159] INFO  grpc.GrpcConfigKeys (ConfUtils.java:logGet(46)) - raft.grpc.client.port = 0 (custom)
2022-09-08 01:52:35,502 [Listener at 127.0.0.1/42159] INFO  grpc.GrpcConfigKeys (ConfUtils.java:logGet(46)) - raft.grpc.server.port = 0 (default)
2022-09-08 01:52:35,503 [Listener at 127.0.0.1/42159] INFO  server.GrpcService (ConfUtils.java:logGet(46)) - raft.grpc.message.size.max = 32MB (=33554432) (custom)
2022-09-08 01:52:35,503 [Listener at 127.0.0.1/42159] INFO  server.RaftServerConfigKeys (ConfUtils.java:logGet(46)) - raft.server.log.appender.buffer.byte-limit = 33554432 (custom)
2022-09-08 01:52:35,503 [Listener at 127.0.0.1/42159] INFO  server.GrpcService (ConfUtils.java:logGet(46)) - raft.grpc.flow.control.window = 5MB (=5242880) (custom)
2022-09-08 01:52:35,503 [Listener at 127.0.0.1/42159] INFO  server.RaftServerConfigKeys (ConfUtils.java:logGet(46)) - raft.server.rpc.request.timeout = 60s (custom)
2022-09-08 01:52:35,503 [Listener at 127.0.0.1/42159] INFO  grpc.GrpcConfigKeys (ConfUtils.java:logGet(46)) - raft.grpc.server.async.request.thread.pool.cached = true (default)
2022-09-08 01:52:35,503 [Listener at 127.0.0.1/42159] INFO  grpc.GrpcConfigKeys (ConfUtils.java:logGet(46)) - raft.grpc.server.async.request.thread.pool.size = 32 (default)
2022-09-08 01:52:35,504 [Listener at 127.0.0.1/42159] INFO  impl.DataStreamServerImpl (ConfUtils.java:logGet(46)) - raft.datastream.type = DISABLED (default)
2022-09-08 01:52:35,507 [Listener at 127.0.0.1/42159] INFO  server.RaftServerConfigKeys (ConfUtils.java:logGet(46)) - raft.server.threadpool.proxy.cached = true (default)
2022-09-08 01:52:35,507 [Listener at 127.0.0.1/42159] INFO  server.RaftServerConfigKeys (ConfUtils.java:logGet(46)) - raft.server.threadpool.proxy.size = 0 (default)
2022-09-08 01:52:35,507 [Listener at 127.0.0.1/42159] INFO  server.RaftServerConfigKeys (ConfUtils.java:logGet(46)) - raft.server.rpc.slowness.timeout = 300s (custom)
2022-09-08 01:52:35,507 [Listener at 127.0.0.1/42159] INFO  server.RaftServerConfigKeys (ConfUtils.java:logGet(46)) - raft.server.leaderelection.leader.step-down.wait-time = 10s (default)
2022-09-08 01:52:35,507 [Listener at 127.0.0.1/42159] INFO  server.RaftServerConfigKeys (ConfUtils.java:logGet(46)) - raft.server.storage.dir = [/home/runner/work/ozone/ozone/hadoop-ozone/integration-test/target/test-dir/MiniOzoneClusterImpl-41094698-2c6a-4710-a797-d1e03ae99019/datanode-0/data/ratis] (custom)
2022-09-08 01:52:35,515 [Listener at 127.0.0.1/42159] INFO  server.XceiverServerGrpc (XceiverServerGrpc.java:<init>(132)) - GrpcServer channel type EpollServerSocketChannel
2022-09-08 01:52:35,534 [Listener at 127.0.0.1/42159] INFO  http.BaseHttpServer (BaseHttpServer.java:newHttpServer2BuilderForOzone(213)) - Starting Web-server for hddsDatanode at: http://0.0.0.0:0
2022-09-08 01:52:35,534 [Listener at 127.0.0.1/42159] INFO  http.BaseHttpServer (BaseHttpServer.java:<init>(108)) - Hadoop Security Enabled: false Ozone Security Enabled: false Ozone HTTP Security Enabled: false 
2022-09-08 01:52:35,535 [Listener at 127.0.0.1/42159] INFO  server.AuthenticationFilter (AuthenticationFilter.java:constructSecretProvider(240)) - Unable to initialize FileSignerSecretProvider, falling back to use random secrets.
2022-09-08 01:52:35,541 [Listener at 127.0.0.1/42159] WARN  http.HttpRequestLog (HttpRequestLog.java:getRequestLog(103)) - Jetty request log can only be enabled using Log4j
2022-09-08 01:52:35,543 [Listener at 127.0.0.1/42159] INFO  http.HttpServer2 (HttpServer2.java:addGlobalFilter(1029)) - Added global filter 'safety' (class=org.apache.hadoop.hdds.server.http.HttpServer2$QuotingInputFilter)
2022-09-08 01:52:35,544 [Listener at 127.0.0.1/42159] INFO  http.HttpServer2 (HttpServer2.java:addFilter(1005)) - Added filter static_user_filter (class=org.apache.hadoop.http.lib.StaticUserWebFilter$StaticUserFilter) to context hddsDatanode
2022-09-08 01:52:35,544 [Listener at 127.0.0.1/42159] INFO  http.HttpServer2 (HttpServer2.java:addFilter(1013)) - Added filter static_user_filter (class=org.apache.hadoop.http.lib.StaticUserWebFilter$StaticUserFilter) to context logs
2022-09-08 01:52:35,544 [Listener at 127.0.0.1/42159] INFO  http.HttpServer2 (HttpServer2.java:addFilter(1013)) - Added filter static_user_filter (class=org.apache.hadoop.http.lib.StaticUserWebFilter$StaticUserFilter) to context static
2022-09-08 01:52:35,546 [Listener at 127.0.0.1/42159] INFO  http.HttpServer2 (HttpServer2.java:bindListener(1248)) - Jetty bound to port 46565
2022-09-08 01:52:35,546 [Listener at 127.0.0.1/42159] INFO  server.Server (Server.java:doStart(375)) - jetty-9.4.43.v20210629; built: 2021-06-30T11:07:22.254Z; git: 526006ecfa3af7f1a27ef3a288e2bef7ea9dd7e8; jvm 1.8.0_345-b01
2022-09-08 01:52:35,608 [Listener at 127.0.0.1/42159] INFO  server.session (DefaultSessionIdManager.java:doStart(334)) - DefaultSessionIdManager workerName=node0
2022-09-08 01:52:35,609 [Listener at 127.0.0.1/42159] INFO  server.session (DefaultSessionIdManager.java:doStart(339)) - No SessionScavenger set, using defaults
2022-09-08 01:52:35,609 [Listener at 127.0.0.1/42159] INFO  server.session (HouseKeeper.java:startScavenging(132)) - node0 Scavenging every 600000ms
2022-09-08 01:52:35,610 [Listener at 127.0.0.1/42159] INFO  handler.ContextHandler (ContextHandler.java:doStart(915)) - Started o.e.j.s.ServletContextHandler@70c36cc7{logs,/logs,file:///home/runner/work/ozone/ozone/hadoop-ozone/integration-test/target/log,AVAILABLE}
2022-09-08 01:52:35,610 [Listener at 127.0.0.1/42159] INFO  handler.ContextHandler (ContextHandler.java:doStart(915)) - Started o.e.j.s.ServletContextHandler@49f116d9{static,/static,jar:file:/home/runner/.m2/repository/org/apache/ozone/hdds-container-service/1.3.0-SNAPSHOT/hdds-container-service-1.3.0-SNAPSHOT.jar!/webapps/static,AVAILABLE}
2022-09-08 01:52:36,063 [Listener at 127.0.0.1/42159] INFO  handler.ContextHandler (ContextHandler.java:doStart(915)) - Started o.e.j.w.WebAppContext@529df2e7{hddsDatanode,/,file:///tmp/jetty-0_0_0_0-46565-hdds-container-service-1_3_0-SNAPSHOT_jar-_-any-3625759823004195256/webapp/,AVAILABLE}{jar:file:/home/runner/.m2/repository/org/apache/ozone/hdds-container-service/1.3.0-SNAPSHOT/hdds-container-service-1.3.0-SNAPSHOT.jar!/webapps/hddsDatanode}
2022-09-08 01:52:36,069 [om1@group-C5BA1605619E-FollowerState] INFO  impl.FollowerState (FollowerState.java:run(143)) - om1@group-C5BA1605619E-FollowerState: change to CANDIDATE, lastRpcElapsedTime:1171537365ns, electionTimeout:1154ms
2022-09-08 01:52:36,070 [om1@group-C5BA1605619E-FollowerState] INFO  impl.RoleInfo (RoleInfo.java:shutdownFollowerState(110)) - om1: shutdown om1@group-C5BA1605619E-FollowerState
2022-09-08 01:52:36,070 [om1@group-C5BA1605619E-FollowerState] INFO  server.RaftServer$Division (RaftServerImpl.java:setRole(299)) - om1@group-C5BA1605619E: changes role from  FOLLOWER to CANDIDATE at term 0 for changeToCandidate
2022-09-08 01:52:36,070 [om1@group-C5BA1605619E-FollowerState] INFO  server.RaftServerConfigKeys (ConfUtils.java:logGet(46)) - raft.server.leaderelection.pre-vote = false (custom)
2022-09-08 01:52:36,070 [om1@group-C5BA1605619E-FollowerState] INFO  impl.RoleInfo (RoleInfo.java:updateAndGet(139)) - om1: start om1@group-C5BA1605619E-LeaderElection23
2022-09-08 01:52:36,084 [Listener at 127.0.0.1/42159] INFO  server.AbstractConnector (AbstractConnector.java:doStart(331)) - Started ServerConnector@6d275f8e{HTTP/1.1, (http/1.1)}{0.0.0.0:46565}
2022-09-08 01:52:36,084 [Listener at 127.0.0.1/42159] INFO  server.Server (Server.java:doStart(415)) - Started @87648ms
2022-09-08 01:52:36,084 [Listener at 127.0.0.1/42159] WARN  impl.MetricsSystemImpl (MetricsSystemImpl.java:register(279)) - Sink prometheus already exists!
2022-09-08 01:52:36,086 [Listener at 127.0.0.1/42159] INFO  http.BaseHttpServer (BaseHttpServer.java:updateConnectorAddress(333)) - HTTP server of hddsDatanode listening at http://0.0.0.0:46565
2022-09-08 01:52:36,087 [om1@group-C5BA1605619E-LeaderElection23] INFO  impl.LeaderElection (LeaderElection.java:askForVotes(310)) - om1@group-C5BA1605619E-LeaderElection23 ELECTION round 0: submit vote requests at term 1 for -1: [om1|rpc:localhost:9872|priority:0], old=null
2022-09-08 01:52:36,087 [om1@group-C5BA1605619E-LeaderElection23] INFO  impl.LeaderElection (LeaderElection.java:askForVotes(312)) - om1@group-C5BA1605619E-LeaderElection23 ELECTION round 0: result PASSED (term=1)
2022-09-08 01:52:36,087 [om1@group-C5BA1605619E-LeaderElection23] INFO  impl.RoleInfo (RoleInfo.java:shutdownLeaderElection(130)) - om1: shutdown om1@group-C5BA1605619E-LeaderElection23
2022-09-08 01:52:36,087 [om1@group-C5BA1605619E-LeaderElection23] INFO  server.RaftServer$Division (RaftServerImpl.java:setRole(299)) - om1@group-C5BA1605619E: changes role from CANDIDATE to LEADER at term 1 for changeToLeader
2022-09-08 01:52:36,087 [om1@group-C5BA1605619E-LeaderElection23] INFO  server.RaftServer$Division (ServerState.java:setLeader(287)) - om1@group-C5BA1605619E: change Leader from null to om1 at term 1 for becomeLeader, leader elected after 2035ms
2022-09-08 01:52:36,087 [om1@group-C5BA1605619E-LeaderElection23] INFO  server.RaftServerConfigKeys (ConfUtils.java:logGet(46)) - raft.server.staging.catchup.gap = 1000 (default)
2022-09-08 01:52:36,099 [Listener at 127.0.0.1/42159] WARN  impl.MetricRegistriesImpl (MetricRegistriesImpl.java:addReporterRegistration(111)) - New reporters are added after registries were created. Some metrics will be missing from the reporter. Please add reporter before adding any new registry.
2022-09-08 01:52:36,099 [Listener at 127.0.0.1/42159] WARN  impl.MetricRegistriesImpl (MetricRegistriesImpl.java:addReporterRegistration(111)) - New reporters are added after registries were created. Some metrics will be missing from the reporter. Please add reporter before adding any new registry.
2022-09-08 01:52:36,099 [Listener at 127.0.0.1/42159] INFO  impl.MetricsSystemImpl (MetricsSystemImpl.java:init(158)) - HddsDatanode metrics system started (again)
2022-09-08 01:52:36,101 [om1@group-C5BA1605619E-LeaderElection23] INFO  server.RaftServerConfigKeys (ConfUtils.java:logGet(46)) - raft.server.write.element-limit = 4096 (default)
2022-09-08 01:52:36,101 [om1@group-C5BA1605619E-LeaderElection23] INFO  server.RaftServerConfigKeys (ConfUtils.java:logGet(46)) - raft.server.write.byte-limit = 64MB (=67108864) (default)
2022-09-08 01:52:36,101 [om1@group-C5BA1605619E-LeaderElection23] INFO  server.RaftServerConfigKeys (ConfUtils.java:logGet(46)) - raft.server.watch.timeout = 10s (default)
2022-09-08 01:52:36,101 [om1@group-C5BA1605619E-LeaderElection23] INFO  server.RaftServerConfigKeys (ConfUtils.java:logGet(46)) - raft.server.watch.timeout.denomination = 1s (default)
2022-09-08 01:52:36,101 [om1@group-C5BA1605619E-LeaderElection23] INFO  server.RaftServerConfigKeys (ConfUtils.java:logGet(46)) - raft.server.watch.element-limit = 65536 (default)
2022-09-08 01:52:36,101 [om1@group-C5BA1605619E-LeaderElection23] INFO  server.RaftServerConfigKeys (ConfUtils.java:logGet(46)) - raft.server.write.element-limit = 4096 (default)
2022-09-08 01:52:36,101 [om1@group-C5BA1605619E-LeaderElection23] INFO  server.RaftServerConfigKeys (ConfUtils.java:logGet(46)) - raft.server.write.follower.gap.ratio.max = -1.0 (default)
2022-09-08 01:52:36,101 [om1@group-C5BA1605619E-LeaderElection23] INFO  impl.RoleInfo (RoleInfo.java:updateAndGet(139)) - om1: start om1@group-C5BA1605619E-LeaderStateImpl
2022-09-08 01:52:36,102 [om1@group-C5BA1605619E-LeaderElection23] INFO  segmented.SegmentedRaftLogWorker (SegmentedRaftLogWorker.java:startLogSegment(425)) - om1@group-C5BA1605619E-SegmentedRaftLogWorker: Starting segment from index:0
2022-09-08 01:52:36,113 [Datanode State Machine Daemon Thread] INFO  statemachine.DatanodeStateMachine (DatanodeStateMachine.java:lambda$startDaemon$0(492)) - Ozone container server started.
2022-09-08 01:52:36,115 [om1@group-C5BA1605619E-SegmentedRaftLogWorker] INFO  segmented.SegmentedRaftLogWorker (SegmentedRaftLogWorker.java:execute(629)) - om1@group-C5BA1605619E-SegmentedRaftLogWorker: created new log segment /home/runner/work/ozone/ozone/hadoop-ozone/integration-test/target/test-dir/MiniOzoneClusterImpl-41094698-2c6a-4710-a797-d1e03ae99019/ozone-meta/ratis/bf265839-605b-3f16-9796-c5ba1605619e/current/log_inprogress_0
2022-09-08 01:52:36,125 [om1@group-C5BA1605619E-LeaderElection23] INFO  server.RaftServer$Division (ServerState.java:setRaftConf(393)) - om1@group-C5BA1605619E: set configuration 0: [om1|rpc:localhost:9872|admin:|client:|dataStream:|priority:0], old=null
2022-09-08 01:52:36,136 [org.apache.hadoop.util.JvmPauseMonitor$Monitor@613bbc87] INFO  util.JvmPauseMonitor (JvmPauseMonitor.java:run(188)) - Starting JVM pause monitor
2022-09-08 01:52:36,144 [Listener at 127.0.0.1/42159] INFO  ozone.HddsDatanodeService (HddsDatanodeService.java:start(236)) - HddsDatanodeService host:fv-az38-857.qiceih3q1hfe5a3ai3y3qk2fta.cx.internal.cloudapp.net ip:10.1.1.0
2022-09-08 01:52:36,144 [Datanode State Machine Task Thread - 0] INFO  datanode.InitDatanodeState (InitDatanodeState.java:persistContainerDatanodeDetails(138)) - DatanodeDetails is persisted to /home/runner/work/ozone/ozone/hadoop-ozone/integration-test/target/test-dir/MiniOzoneClusterImpl-41094698-2c6a-4710-a797-d1e03ae99019/datanode-0/meta/datanode.id
2022-09-08 01:52:36,145 [om1@group-C5BA1605619E-StateMachineUpdater] INFO  ratis.OzoneManagerStateMachine (OzoneManagerStateMachine.java:notifyConfigurationChanged(192)) - Received Configuration change notification from Ratis. New Peer list:
[id: "om1"
address: "localhost:9872"
]
2022-09-08 01:52:36,194 [Listener at 127.0.0.1/42159] INFO  upgrade.AbstractLayoutVersionManager (AbstractLayoutVersionManager.java:init(83)) - Initializing Layout version manager with metadata layout = DATANODE_SCHEMA_V3 (version = 4), software layout = DATANODE_SCHEMA_V3 (version = 4)
2022-09-08 01:52:36,328 [Listener at 127.0.0.1/42159] INFO  reflections.Reflections (Reflections.java:scan(232)) - Reflections took 132 ms to scan 7 urls, producing 133 keys and 322 values 
2022-09-08 01:52:36,336 [Listener at 127.0.0.1/42159] INFO  statemachine.DatanodeStateMachine (DatanodeStateMachine.java:getEndPointTaskThreadPoolSize(237)) - Datanode State Machine Task Thread Pool size 2
2022-09-08 01:52:36,347 [Listener at 127.0.0.1/42159] INFO  volume.HddsVolume (HddsVolume.java:<init>(117)) - Creating HddsVolume: /home/runner/work/ozone/ozone/hadoop-ozone/integration-test/target/test-dir/MiniOzoneClusterImpl-41094698-2c6a-4710-a797-d1e03ae99019/datanode-1/data-0/containers/hdds of storage type : DISK capacity : 9223372036854775807
2022-09-08 01:52:36,348 [Listener at 127.0.0.1/42159] INFO  volume.MutableVolumeSet (MutableVolumeSet.java:initializeVolumeSet(174)) - Added Volume : /home/runner/work/ozone/ozone/hadoop-ozone/integration-test/target/test-dir/MiniOzoneClusterImpl-41094698-2c6a-4710-a797-d1e03ae99019/datanode-1/data-0/containers/hdds to VolumeSet
2022-09-08 01:52:36,348 [Listener at 127.0.0.1/42159] INFO  volume.ThrottledAsyncChecker (ThrottledAsyncChecker.java:schedule(141)) - Scheduling a check for /home/runner/work/ozone/ozone/hadoop-ozone/integration-test/target/test-dir/MiniOzoneClusterImpl-41094698-2c6a-4710-a797-d1e03ae99019/datanode-1/data-0/containers/hdds
2022-09-08 01:52:36,357 [Listener at 127.0.0.1/42159] INFO  volume.StorageVolumeChecker (StorageVolumeChecker.java:checkAllVolumes(202)) - Scheduled health check for volume /home/runner/work/ozone/ozone/hadoop-ozone/integration-test/target/test-dir/MiniOzoneClusterImpl-41094698-2c6a-4710-a797-d1e03ae99019/datanode-1/data-0/containers/hdds
2022-09-08 01:52:36,386 [Listener at 127.0.0.1/42159] INFO  volume.MutableVolumeSet (MutableVolumeSet.java:initializeVolumeSet(174)) - Added Volume : /home/runner/work/ozone/ozone/hadoop-ozone/integration-test/target/test-dir/MiniOzoneClusterImpl-41094698-2c6a-4710-a797-d1e03ae99019/datanode-1/data/ratis to VolumeSet
2022-09-08 01:52:36,386 [Listener at 127.0.0.1/42159] INFO  volume.ThrottledAsyncChecker (ThrottledAsyncChecker.java:schedule(141)) - Scheduling a check for /home/runner/work/ozone/ozone/hadoop-ozone/integration-test/target/test-dir/MiniOzoneClusterImpl-41094698-2c6a-4710-a797-d1e03ae99019/datanode-1/data/ratis
2022-09-08 01:52:36,386 [Listener at 127.0.0.1/42159] INFO  volume.StorageVolumeChecker (StorageVolumeChecker.java:checkAllVolumes(202)) - Scheduled health check for volume /home/runner/work/ozone/ozone/hadoop-ozone/integration-test/target/test-dir/MiniOzoneClusterImpl-41094698-2c6a-4710-a797-d1e03ae99019/datanode-1/data/ratis
2022-09-08 01:52:36,417 [Thread-703] INFO  ozoneimpl.ContainerReader (ContainerReader.java:readVolume(175)) - Finish verifying containers on volume /home/runner/work/ozone/ozone/hadoop-ozone/integration-test/target/test-dir/MiniOzoneClusterImpl-41094698-2c6a-4710-a797-d1e03ae99019/datanode-1/data-0/containers/hdds
2022-09-08 01:52:36,417 [Listener at 127.0.0.1/42159] INFO  ozoneimpl.OzoneContainer (OzoneContainer.java:buildContainerSet(300)) - Build ContainerSet costs 0s
2022-09-08 01:52:36,422 [Listener at 127.0.0.1/42159] INFO  server.RaftServer (ConfUtils.java:logGet(46)) - raft.rpc.type = GRPC (default)
2022-09-08 01:52:36,422 [Listener at 127.0.0.1/42159] INFO  grpc.GrpcFactory (GrpcFactory.java:checkPooledByteBufAllocatorUseCacheForAllThreads(48)) - PERFORMANCE WARNING: useCacheForAllThreads is true that may cause Netty to create a lot garbage objects and, as a result, trigger GC.
	It is recommended to disable useCacheForAllThreads by setting -Dorg.apache.ratis.thirdparty.io.netty.allocator.useCacheForAllThreads=false in command line.
2022-09-08 01:52:36,422 [Listener at 127.0.0.1/42159] INFO  grpc.GrpcConfigKeys (ConfUtils.java:logGet(46)) - raft.grpc.admin.port = 0 (custom)
2022-09-08 01:52:36,422 [Listener at 127.0.0.1/42159] INFO  grpc.GrpcConfigKeys (ConfUtils.java:logGet(46)) - raft.grpc.client.port = 0 (custom)
2022-09-08 01:52:36,423 [Listener at 127.0.0.1/42159] INFO  grpc.GrpcConfigKeys (ConfUtils.java:logGet(46)) - raft.grpc.server.port = 0 (default)
2022-09-08 01:52:36,423 [Listener at 127.0.0.1/42159] INFO  server.GrpcService (ConfUtils.java:logGet(46)) - raft.grpc.message.size.max = 32MB (=33554432) (custom)
2022-09-08 01:52:36,423 [Listener at 127.0.0.1/42159] INFO  server.RaftServerConfigKeys (ConfUtils.java:logGet(46)) - raft.server.log.appender.buffer.byte-limit = 33554432 (custom)
2022-09-08 01:52:36,423 [Listener at 127.0.0.1/42159] INFO  server.GrpcService (ConfUtils.java:logGet(46)) - raft.grpc.flow.control.window = 5MB (=5242880) (custom)
2022-09-08 01:52:36,423 [Listener at 127.0.0.1/42159] INFO  server.RaftServerConfigKeys (ConfUtils.java:logGet(46)) - raft.server.rpc.request.timeout = 60s (custom)
2022-09-08 01:52:36,423 [Listener at 127.0.0.1/42159] INFO  grpc.GrpcConfigKeys (ConfUtils.java:logGet(46)) - raft.grpc.server.async.request.thread.pool.cached = true (default)
2022-09-08 01:52:36,423 [Listener at 127.0.0.1/42159] INFO  grpc.GrpcConfigKeys (ConfUtils.java:logGet(46)) - raft.grpc.server.async.request.thread.pool.size = 32 (default)
2022-09-08 01:52:36,425 [Listener at 127.0.0.1/42159] INFO  impl.DataStreamServerImpl (ConfUtils.java:logGet(46)) - raft.datastream.type = DISABLED (default)
2022-09-08 01:52:36,425 [Listener at 127.0.0.1/42159] INFO  server.RaftServerConfigKeys (ConfUtils.java:logGet(46)) - raft.server.threadpool.proxy.cached = true (default)
2022-09-08 01:52:36,425 [Listener at 127.0.0.1/42159] INFO  server.RaftServerConfigKeys (ConfUtils.java:logGet(46)) - raft.server.threadpool.proxy.size = 0 (default)
2022-09-08 01:52:36,425 [Listener at 127.0.0.1/42159] INFO  server.RaftServerConfigKeys (ConfUtils.java:logGet(46)) - raft.server.rpc.slowness.timeout = 300s (custom)
2022-09-08 01:52:36,425 [Listener at 127.0.0.1/42159] INFO  server.RaftServerConfigKeys (ConfUtils.java:logGet(46)) - raft.server.leaderelection.leader.step-down.wait-time = 10s (default)
2022-09-08 01:52:36,426 [Listener at 127.0.0.1/42159] INFO  server.RaftServerConfigKeys (ConfUtils.java:logGet(46)) - raft.server.storage.dir = [/home/runner/work/ozone/ozone/hadoop-ozone/integration-test/target/test-dir/MiniOzoneClusterImpl-41094698-2c6a-4710-a797-d1e03ae99019/datanode-1/data/ratis] (custom)
2022-09-08 01:52:36,427 [Listener at 127.0.0.1/42159] INFO  server.XceiverServerGrpc (XceiverServerGrpc.java:<init>(132)) - GrpcServer channel type EpollServerSocketChannel
2022-09-08 01:52:36,446 [Listener at 127.0.0.1/42159] INFO  http.BaseHttpServer (BaseHttpServer.java:newHttpServer2BuilderForOzone(213)) - Starting Web-server for hddsDatanode at: http://0.0.0.0:0
2022-09-08 01:52:36,446 [Listener at 127.0.0.1/42159] INFO  http.BaseHttpServer (BaseHttpServer.java:<init>(108)) - Hadoop Security Enabled: false Ozone Security Enabled: false Ozone HTTP Security Enabled: false 
2022-09-08 01:52:36,447 [Listener at 127.0.0.1/42159] INFO  server.AuthenticationFilter (AuthenticationFilter.java:constructSecretProvider(240)) - Unable to initialize FileSignerSecretProvider, falling back to use random secrets.
2022-09-08 01:52:36,452 [Listener at 127.0.0.1/42159] WARN  http.HttpRequestLog (HttpRequestLog.java:getRequestLog(103)) - Jetty request log can only be enabled using Log4j
2022-09-08 01:52:36,454 [Listener at 127.0.0.1/42159] INFO  http.HttpServer2 (HttpServer2.java:addGlobalFilter(1029)) - Added global filter 'safety' (class=org.apache.hadoop.hdds.server.http.HttpServer2$QuotingInputFilter)
2022-09-08 01:52:36,454 [Listener at 127.0.0.1/42159] INFO  http.HttpServer2 (HttpServer2.java:addFilter(1005)) - Added filter static_user_filter (class=org.apache.hadoop.http.lib.StaticUserWebFilter$StaticUserFilter) to context hddsDatanode
2022-09-08 01:52:36,454 [Listener at 127.0.0.1/42159] INFO  http.HttpServer2 (HttpServer2.java:addFilter(1013)) - Added filter static_user_filter (class=org.apache.hadoop.http.lib.StaticUserWebFilter$StaticUserFilter) to context static
2022-09-08 01:52:36,454 [Listener at 127.0.0.1/42159] INFO  http.HttpServer2 (HttpServer2.java:addFilter(1013)) - Added filter static_user_filter (class=org.apache.hadoop.http.lib.StaticUserWebFilter$StaticUserFilter) to context logs
2022-09-08 01:52:36,455 [Listener at 127.0.0.1/42159] INFO  http.HttpServer2 (HttpServer2.java:bindListener(1248)) - Jetty bound to port 36439
2022-09-08 01:52:36,455 [Listener at 127.0.0.1/42159] INFO  server.Server (Server.java:doStart(375)) - jetty-9.4.43.v20210629; built: 2021-06-30T11:07:22.254Z; git: 526006ecfa3af7f1a27ef3a288e2bef7ea9dd7e8; jvm 1.8.0_345-b01
2022-09-08 01:52:36,470 [Listener at 127.0.0.1/42159] INFO  server.session (DefaultSessionIdManager.java:doStart(334)) - DefaultSessionIdManager workerName=node0
2022-09-08 01:52:36,470 [Listener at 127.0.0.1/42159] INFO  server.session (DefaultSessionIdManager.java:doStart(339)) - No SessionScavenger set, using defaults
2022-09-08 01:52:36,470 [Listener at 127.0.0.1/42159] INFO  server.session (HouseKeeper.java:startScavenging(132)) - node0 Scavenging every 660000ms
2022-09-08 01:52:36,471 [Listener at 127.0.0.1/42159] INFO  handler.ContextHandler (ContextHandler.java:doStart(915)) - Started o.e.j.s.ServletContextHandler@76351c98{logs,/logs,file:///home/runner/work/ozone/ozone/hadoop-ozone/integration-test/target/log,AVAILABLE}
2022-09-08 01:52:36,471 [Listener at 127.0.0.1/42159] INFO  handler.ContextHandler (ContextHandler.java:doStart(915)) - Started o.e.j.s.ServletContextHandler@77fd4659{static,/static,jar:file:/home/runner/.m2/repository/org/apache/ozone/hdds-container-service/1.3.0-SNAPSHOT/hdds-container-service-1.3.0-SNAPSHOT.jar!/webapps/static,AVAILABLE}
2022-09-08 01:52:36,768 [Listener at 127.0.0.1/42159] INFO  handler.ContextHandler (ContextHandler.java:doStart(915)) - Started o.e.j.w.WebAppContext@71ba1457{hddsDatanode,/,file:///tmp/jetty-0_0_0_0-36439-hdds-container-service-1_3_0-SNAPSHOT_jar-_-any-3161574746959144752/webapp/,AVAILABLE}{jar:file:/home/runner/.m2/repository/org/apache/ozone/hdds-container-service/1.3.0-SNAPSHOT/hdds-container-service-1.3.0-SNAPSHOT.jar!/webapps/hddsDatanode}
2022-09-08 01:52:36,774 [Listener at 127.0.0.1/42159] INFO  server.AbstractConnector (AbstractConnector.java:doStart(331)) - Started ServerConnector@403749bc{HTTP/1.1, (http/1.1)}{0.0.0.0:36439}
2022-09-08 01:52:36,775 [Listener at 127.0.0.1/42159] INFO  server.Server (Server.java:doStart(415)) - Started @88338ms
2022-09-08 01:52:36,775 [Listener at 127.0.0.1/42159] WARN  impl.MetricsSystemImpl (MetricsSystemImpl.java:register(279)) - Sink prometheus already exists!
2022-09-08 01:52:36,797 [Listener at 127.0.0.1/42159] INFO  http.BaseHttpServer (BaseHttpServer.java:updateConnectorAddress(333)) - HTTP server of hddsDatanode listening at http://0.0.0.0:36439
2022-09-08 01:52:36,805 [Listener at 127.0.0.1/42159] WARN  impl.MetricRegistriesImpl (MetricRegistriesImpl.java:addReporterRegistration(111)) - New reporters are added after registries were created. Some metrics will be missing from the reporter. Please add reporter before adding any new registry.
2022-09-08 01:52:36,805 [Listener at 127.0.0.1/42159] WARN  impl.MetricRegistriesImpl (MetricRegistriesImpl.java:addReporterRegistration(111)) - New reporters are added after registries were created. Some metrics will be missing from the reporter. Please add reporter before adding any new registry.
2022-09-08 01:52:36,805 [Listener at 127.0.0.1/42159] INFO  impl.MetricsSystemImpl (MetricsSystemImpl.java:init(158)) - HddsDatanode metrics system started (again)
2022-09-08 01:52:36,809 [Datanode State Machine Daemon Thread] INFO  statemachine.DatanodeStateMachine (DatanodeStateMachine.java:lambda$startDaemon$0(492)) - Ozone container server started.
2022-09-08 01:52:36,877 [org.apache.hadoop.util.JvmPauseMonitor$Monitor@6e4ed4bf] INFO  util.JvmPauseMonitor (JvmPauseMonitor.java:run(188)) - Starting JVM pause monitor
2022-09-08 01:52:36,883 [Listener at 127.0.0.1/42159] INFO  ozone.HddsDatanodeService (HddsDatanodeService.java:start(236)) - HddsDatanodeService host:fv-az38-857.qiceih3q1hfe5a3ai3y3qk2fta.cx.internal.cloudapp.net ip:10.1.1.0
2022-09-08 01:52:36,902 [Datanode State Machine Task Thread - 0] INFO  datanode.InitDatanodeState (InitDatanodeState.java:persistContainerDatanodeDetails(138)) - DatanodeDetails is persisted to /home/runner/work/ozone/ozone/hadoop-ozone/integration-test/target/test-dir/MiniOzoneClusterImpl-41094698-2c6a-4710-a797-d1e03ae99019/datanode-1/meta/datanode.id
2022-09-08 01:52:36,926 [Listener at 127.0.0.1/42159] INFO  upgrade.AbstractLayoutVersionManager (AbstractLayoutVersionManager.java:init(83)) - Initializing Layout version manager with metadata layout = DATANODE_SCHEMA_V3 (version = 4), software layout = DATANODE_SCHEMA_V3 (version = 4)
2022-09-08 01:52:37,041 [Listener at 127.0.0.1/42159] INFO  reflections.Reflections (Reflections.java:scan(232)) - Reflections took 113 ms to scan 7 urls, producing 133 keys and 322 values 
2022-09-08 01:52:37,055 [Listener at 127.0.0.1/42159] INFO  statemachine.DatanodeStateMachine (DatanodeStateMachine.java:getEndPointTaskThreadPoolSize(237)) - Datanode State Machine Task Thread Pool size 2
2022-09-08 01:52:37,068 [Listener at 127.0.0.1/42159] INFO  volume.HddsVolume (HddsVolume.java:<init>(117)) - Creating HddsVolume: /home/runner/work/ozone/ozone/hadoop-ozone/integration-test/target/test-dir/MiniOzoneClusterImpl-41094698-2c6a-4710-a797-d1e03ae99019/datanode-2/data-0/containers/hdds of storage type : DISK capacity : 9223372036854775807
2022-09-08 01:52:37,068 [Listener at 127.0.0.1/42159] INFO  volume.MutableVolumeSet (MutableVolumeSet.java:initializeVolumeSet(174)) - Added Volume : /home/runner/work/ozone/ozone/hadoop-ozone/integration-test/target/test-dir/MiniOzoneClusterImpl-41094698-2c6a-4710-a797-d1e03ae99019/datanode-2/data-0/containers/hdds to VolumeSet
2022-09-08 01:52:37,068 [Listener at 127.0.0.1/42159] INFO  volume.ThrottledAsyncChecker (ThrottledAsyncChecker.java:schedule(141)) - Scheduling a check for /home/runner/work/ozone/ozone/hadoop-ozone/integration-test/target/test-dir/MiniOzoneClusterImpl-41094698-2c6a-4710-a797-d1e03ae99019/datanode-2/data-0/containers/hdds
2022-09-08 01:52:37,077 [Listener at 127.0.0.1/42159] INFO  volume.StorageVolumeChecker (StorageVolumeChecker.java:checkAllVolumes(202)) - Scheduled health check for volume /home/runner/work/ozone/ozone/hadoop-ozone/integration-test/target/test-dir/MiniOzoneClusterImpl-41094698-2c6a-4710-a797-d1e03ae99019/datanode-2/data-0/containers/hdds
2022-09-08 01:52:37,097 [Listener at 127.0.0.1/42159] INFO  volume.MutableVolumeSet (MutableVolumeSet.java:initializeVolumeSet(174)) - Added Volume : /home/runner/work/ozone/ozone/hadoop-ozone/integration-test/target/test-dir/MiniOzoneClusterImpl-41094698-2c6a-4710-a797-d1e03ae99019/datanode-2/data/ratis to VolumeSet
2022-09-08 01:52:37,097 [Listener at 127.0.0.1/42159] INFO  volume.ThrottledAsyncChecker (ThrottledAsyncChecker.java:schedule(141)) - Scheduling a check for /home/runner/work/ozone/ozone/hadoop-ozone/integration-test/target/test-dir/MiniOzoneClusterImpl-41094698-2c6a-4710-a797-d1e03ae99019/datanode-2/data/ratis
2022-09-08 01:52:37,097 [Listener at 127.0.0.1/42159] INFO  volume.StorageVolumeChecker (StorageVolumeChecker.java:checkAllVolumes(202)) - Scheduled health check for volume /home/runner/work/ozone/ozone/hadoop-ozone/integration-test/target/test-dir/MiniOzoneClusterImpl-41094698-2c6a-4710-a797-d1e03ae99019/datanode-2/data/ratis
2022-09-08 01:52:37,108 [Thread-716] INFO  ozoneimpl.ContainerReader (ContainerReader.java:readVolume(175)) - Finish verifying containers on volume /home/runner/work/ozone/ozone/hadoop-ozone/integration-test/target/test-dir/MiniOzoneClusterImpl-41094698-2c6a-4710-a797-d1e03ae99019/datanode-2/data-0/containers/hdds
2022-09-08 01:52:37,108 [Listener at 127.0.0.1/42159] INFO  ozoneimpl.OzoneContainer (OzoneContainer.java:buildContainerSet(300)) - Build ContainerSet costs 0s
2022-09-08 01:52:37,110 [Listener at 127.0.0.1/42159] INFO  server.RaftServer (ConfUtils.java:logGet(46)) - raft.rpc.type = GRPC (default)
2022-09-08 01:52:37,110 [Listener at 127.0.0.1/42159] INFO  grpc.GrpcFactory (GrpcFactory.java:checkPooledByteBufAllocatorUseCacheForAllThreads(48)) - PERFORMANCE WARNING: useCacheForAllThreads is true that may cause Netty to create a lot garbage objects and, as a result, trigger GC.
	It is recommended to disable useCacheForAllThreads by setting -Dorg.apache.ratis.thirdparty.io.netty.allocator.useCacheForAllThreads=false in command line.
2022-09-08 01:52:37,110 [Listener at 127.0.0.1/42159] INFO  grpc.GrpcConfigKeys (ConfUtils.java:logGet(46)) - raft.grpc.admin.port = 0 (custom)
2022-09-08 01:52:37,110 [Listener at 127.0.0.1/42159] INFO  grpc.GrpcConfigKeys (ConfUtils.java:logGet(46)) - raft.grpc.client.port = 0 (custom)
2022-09-08 01:52:37,110 [Listener at 127.0.0.1/42159] INFO  grpc.GrpcConfigKeys (ConfUtils.java:logGet(46)) - raft.grpc.server.port = 0 (default)
2022-09-08 01:52:37,110 [Listener at 127.0.0.1/42159] INFO  server.GrpcService (ConfUtils.java:logGet(46)) - raft.grpc.message.size.max = 32MB (=33554432) (custom)
2022-09-08 01:52:37,111 [Listener at 127.0.0.1/42159] INFO  server.RaftServerConfigKeys (ConfUtils.java:logGet(46)) - raft.server.log.appender.buffer.byte-limit = 33554432 (custom)
2022-09-08 01:52:37,111 [Listener at 127.0.0.1/42159] INFO  server.GrpcService (ConfUtils.java:logGet(46)) - raft.grpc.flow.control.window = 5MB (=5242880) (custom)
2022-09-08 01:52:37,111 [Listener at 127.0.0.1/42159] INFO  server.RaftServerConfigKeys (ConfUtils.java:logGet(46)) - raft.server.rpc.request.timeout = 60s (custom)
2022-09-08 01:52:37,111 [Listener at 127.0.0.1/42159] INFO  grpc.GrpcConfigKeys (ConfUtils.java:logGet(46)) - raft.grpc.server.async.request.thread.pool.cached = true (default)
2022-09-08 01:52:37,111 [Listener at 127.0.0.1/42159] INFO  grpc.GrpcConfigKeys (ConfUtils.java:logGet(46)) - raft.grpc.server.async.request.thread.pool.size = 32 (default)
2022-09-08 01:52:37,112 [Listener at 127.0.0.1/42159] INFO  impl.DataStreamServerImpl (ConfUtils.java:logGet(46)) - raft.datastream.type = DISABLED (default)
2022-09-08 01:52:37,112 [Listener at 127.0.0.1/42159] INFO  server.RaftServerConfigKeys (ConfUtils.java:logGet(46)) - raft.server.threadpool.proxy.cached = true (default)
2022-09-08 01:52:37,112 [Listener at 127.0.0.1/42159] INFO  server.RaftServerConfigKeys (ConfUtils.java:logGet(46)) - raft.server.threadpool.proxy.size = 0 (default)
2022-09-08 01:52:37,120 [Listener at 127.0.0.1/42159] INFO  server.RaftServerConfigKeys (ConfUtils.java:logGet(46)) - raft.server.rpc.slowness.timeout = 300s (custom)
2022-09-08 01:52:37,120 [Listener at 127.0.0.1/42159] INFO  server.RaftServerConfigKeys (ConfUtils.java:logGet(46)) - raft.server.leaderelection.leader.step-down.wait-time = 10s (default)
2022-09-08 01:52:37,120 [Listener at 127.0.0.1/42159] INFO  server.RaftServerConfigKeys (ConfUtils.java:logGet(46)) - raft.server.storage.dir = [/home/runner/work/ozone/ozone/hadoop-ozone/integration-test/target/test-dir/MiniOzoneClusterImpl-41094698-2c6a-4710-a797-d1e03ae99019/datanode-2/data/ratis] (custom)
2022-09-08 01:52:37,121 [Listener at 127.0.0.1/42159] INFO  server.XceiverServerGrpc (XceiverServerGrpc.java:<init>(132)) - GrpcServer channel type EpollServerSocketChannel
2022-09-08 01:52:37,127 [Listener at 127.0.0.1/42159] INFO  http.BaseHttpServer (BaseHttpServer.java:newHttpServer2BuilderForOzone(213)) - Starting Web-server for hddsDatanode at: http://0.0.0.0:0
2022-09-08 01:52:37,127 [Listener at 127.0.0.1/42159] INFO  http.BaseHttpServer (BaseHttpServer.java:<init>(108)) - Hadoop Security Enabled: false Ozone Security Enabled: false Ozone HTTP Security Enabled: false 
2022-09-08 01:52:37,128 [Listener at 127.0.0.1/42159] INFO  server.AuthenticationFilter (AuthenticationFilter.java:constructSecretProvider(240)) - Unable to initialize FileSignerSecretProvider, falling back to use random secrets.
2022-09-08 01:52:37,148 [Listener at 127.0.0.1/42159] WARN  http.HttpRequestLog (HttpRequestLog.java:getRequestLog(103)) - Jetty request log can only be enabled using Log4j
2022-09-08 01:52:37,149 [Listener at 127.0.0.1/42159] INFO  http.HttpServer2 (HttpServer2.java:addGlobalFilter(1029)) - Added global filter 'safety' (class=org.apache.hadoop.hdds.server.http.HttpServer2$QuotingInputFilter)
2022-09-08 01:52:37,150 [Listener at 127.0.0.1/42159] INFO  http.HttpServer2 (HttpServer2.java:addFilter(1005)) - Added filter static_user_filter (class=org.apache.hadoop.http.lib.StaticUserWebFilter$StaticUserFilter) to context hddsDatanode
2022-09-08 01:52:37,150 [Listener at 127.0.0.1/42159] INFO  http.HttpServer2 (HttpServer2.java:addFilter(1013)) - Added filter static_user_filter (class=org.apache.hadoop.http.lib.StaticUserWebFilter$StaticUserFilter) to context logs
2022-09-08 01:52:37,150 [Listener at 127.0.0.1/42159] INFO  http.HttpServer2 (HttpServer2.java:addFilter(1013)) - Added filter static_user_filter (class=org.apache.hadoop.http.lib.StaticUserWebFilter$StaticUserFilter) to context static
2022-09-08 01:52:37,150 [Listener at 127.0.0.1/42159] INFO  http.HttpServer2 (HttpServer2.java:bindListener(1248)) - Jetty bound to port 40271
2022-09-08 01:52:37,151 [Listener at 127.0.0.1/42159] INFO  server.Server (Server.java:doStart(375)) - jetty-9.4.43.v20210629; built: 2021-06-30T11:07:22.254Z; git: 526006ecfa3af7f1a27ef3a288e2bef7ea9dd7e8; jvm 1.8.0_345-b01
2022-09-08 01:52:37,204 [Listener at 127.0.0.1/42159] INFO  server.session (DefaultSessionIdManager.java:doStart(334)) - DefaultSessionIdManager workerName=node0
2022-09-08 01:52:37,205 [Listener at 127.0.0.1/42159] INFO  server.session (DefaultSessionIdManager.java:doStart(339)) - No SessionScavenger set, using defaults
2022-09-08 01:52:37,205 [Listener at 127.0.0.1/42159] INFO  server.session (HouseKeeper.java:startScavenging(132)) - node0 Scavenging every 600000ms
2022-09-08 01:52:37,206 [Listener at 127.0.0.1/42159] INFO  handler.ContextHandler (ContextHandler.java:doStart(915)) - Started o.e.j.s.ServletContextHandler@3e7d4c04{logs,/logs,file:///home/runner/work/ozone/ozone/hadoop-ozone/integration-test/target/log,AVAILABLE}
2022-09-08 01:52:37,206 [Listener at 127.0.0.1/42159] INFO  handler.ContextHandler (ContextHandler.java:doStart(915)) - Started o.e.j.s.ServletContextHandler@7ff4677f{static,/static,jar:file:/home/runner/.m2/repository/org/apache/ozone/hdds-container-service/1.3.0-SNAPSHOT/hdds-container-service-1.3.0-SNAPSHOT.jar!/webapps/static,AVAILABLE}
2022-09-08 01:52:37,529 [Listener at 127.0.0.1/42159] INFO  handler.ContextHandler (ContextHandler.java:doStart(915)) - Started o.e.j.w.WebAppContext@319052b1{hddsDatanode,/,file:///tmp/jetty-0_0_0_0-40271-hdds-container-service-1_3_0-SNAPSHOT_jar-_-any-2238711669492744234/webapp/,AVAILABLE}{jar:file:/home/runner/.m2/repository/org/apache/ozone/hdds-container-service/1.3.0-SNAPSHOT/hdds-container-service-1.3.0-SNAPSHOT.jar!/webapps/hddsDatanode}
2022-09-08 01:52:37,549 [Listener at 127.0.0.1/42159] INFO  server.AbstractConnector (AbstractConnector.java:doStart(331)) - Started ServerConnector@298d0364{HTTP/1.1, (http/1.1)}{0.0.0.0:40271}
2022-09-08 01:52:37,549 [Listener at 127.0.0.1/42159] INFO  server.Server (Server.java:doStart(415)) - Started @89113ms
2022-09-08 01:52:37,550 [Listener at 127.0.0.1/42159] WARN  impl.MetricsSystemImpl (MetricsSystemImpl.java:register(279)) - Sink prometheus already exists!
2022-09-08 01:52:37,551 [Listener at 127.0.0.1/42159] INFO  http.BaseHttpServer (BaseHttpServer.java:updateConnectorAddress(333)) - HTTP server of hddsDatanode listening at http://0.0.0.0:40271
2022-09-08 01:52:37,551 [Listener at 127.0.0.1/42159] INFO  ozone.MiniOzoneClusterImpl (MiniOzoneClusterImpl.java:lambda$waitForClusterToBeReady$0(216)) - Waiting for nodes to be ready. Got 0 of 3 DN Heartbeats.
2022-09-08 01:52:37,552 [Listener at 127.0.0.1/42159] INFO  ozone.MiniOzoneClusterImpl (MiniOzoneClusterImpl.java:lambda$waitForClusterToBeReady$0(219)) - Waiting for cluster to exit safe mode
2022-09-08 01:52:37,552 [Listener at 127.0.0.1/42159] INFO  ozone.MiniOzoneClusterImpl (MiniOzoneClusterImpl.java:lambda$waitForClusterToBeReady$0(221)) - SCM became leader
2022-09-08 01:52:37,552 [Datanode State Machine Daemon Thread] INFO  statemachine.DatanodeStateMachine (DatanodeStateMachine.java:lambda$startDaemon$0(492)) - Ozone container server started.
2022-09-08 01:52:37,575 [org.apache.hadoop.util.JvmPauseMonitor$Monitor@5654bb63] INFO  util.JvmPauseMonitor (JvmPauseMonitor.java:run(188)) - Starting JVM pause monitor
2022-09-08 01:52:37,579 [Datanode State Machine Task Thread - 0] INFO  datanode.InitDatanodeState (InitDatanodeState.java:persistContainerDatanodeDetails(138)) - DatanodeDetails is persisted to /home/runner/work/ozone/ozone/hadoop-ozone/integration-test/target/test-dir/MiniOzoneClusterImpl-41094698-2c6a-4710-a797-d1e03ae99019/datanode-2/meta/datanode.id
2022-09-08 01:52:38,218 [EndpointStateMachine task thread for /0.0.0.0:33177 - 0 ] INFO  volume.HddsVolume (HddsVolume.java:createDbStore(310)) - SchemaV3 db is created and loaded at /home/runner/work/ozone/ozone/hadoop-ozone/integration-test/target/test-dir/MiniOzoneClusterImpl-41094698-2c6a-4710-a797-d1e03ae99019/datanode-0/data-0/containers/hdds/41094698-2c6a-4710-a797-d1e03ae99019/DS-e2a4cfcb-4e40-4c01-ab58-873e769ff5fa/container.db for volume DS-e2a4cfcb-4e40-4c01-ab58-873e769ff5fa
2022-09-08 01:52:38,222 [EndpointStateMachine task thread for /0.0.0.0:33177 - 0 ] INFO  volume.HddsVolume (HddsVolume.java:closeDbStore(341)) - SchemaV3 db is stopped at /home/runner/work/ozone/ozone/hadoop-ozone/integration-test/target/test-dir/MiniOzoneClusterImpl-41094698-2c6a-4710-a797-d1e03ae99019/datanode-0/data-0/containers/hdds/41094698-2c6a-4710-a797-d1e03ae99019/DS-e2a4cfcb-4e40-4c01-ab58-873e769ff5fa/container.db for volume DS-e2a4cfcb-4e40-4c01-ab58-873e769ff5fa
2022-09-08 01:52:38,223 [EndpointStateMachine task thread for /0.0.0.0:33177 - 0 ] INFO  ozoneimpl.OzoneContainer (OzoneContainer.java:start(378)) - Attempting to start container services.
2022-09-08 01:52:38,223 [EndpointStateMachine task thread for /0.0.0.0:33177 - 0 ] INFO  ozoneimpl.OzoneContainer (OzoneContainer.java:startContainerScrub(313)) - Background container scanner has been disabled.
2022-09-08 01:52:38,238 [EndpointStateMachine task thread for /0.0.0.0:33177 - 0 ] INFO  replication.ReplicationServer (ReplicationServer.java:start(111)) - ReplicationServer is started using port 33407
2022-09-08 01:52:38,239 [EndpointStateMachine task thread for /0.0.0.0:33177 - 0 ] INFO  ratis.XceiverServerRatis (XceiverServerRatis.java:start(481)) - Starting XceiverServerRatis 9e86db77-9115-4b7d-b118-b6d634df39b3
2022-09-08 01:52:38,239 [EndpointStateMachine task thread for /0.0.0.0:33177 - 0 ] INFO  server.RaftServer (RaftServerProxy.java:lambda$start$6(382)) - 9e86db77-9115-4b7d-b118-b6d634df39b3: start RPC server
2022-09-08 01:52:38,253 [EndpointStateMachine task thread for /0.0.0.0:33177 - 0 ] INFO  server.GrpcService (GrpcService.java:startImpl(260)) - 9e86db77-9115-4b7d-b118-b6d634df39b3: GrpcService started, listening on 46843
2022-09-08 01:52:38,257 [EndpointStateMachine task thread for /0.0.0.0:33177 - 0 ] INFO  ratis.XceiverServerRatis (XceiverServerRatis.java:getRealPort(502)) - XceiverServerRatis 9e86db77-9115-4b7d-b118-b6d634df39b3 is started using port 46843 for RATIS
2022-09-08 01:52:38,257 [EndpointStateMachine task thread for /0.0.0.0:33177 - 0 ] INFO  ratis.XceiverServerRatis (XceiverServerRatis.java:getRealPort(502)) - XceiverServerRatis 9e86db77-9115-4b7d-b118-b6d634df39b3 is started using port 46843 for RATIS_ADMIN
2022-09-08 01:52:38,257 [EndpointStateMachine task thread for /0.0.0.0:33177 - 0 ] INFO  ratis.XceiverServerRatis (XceiverServerRatis.java:getRealPort(502)) - XceiverServerRatis 9e86db77-9115-4b7d-b118-b6d634df39b3 is started using port 46843 for RATIS_SERVER
2022-09-08 01:52:38,257 [org.apache.ratis.util.JvmPauseMonitor$$Lambda$687/845490267@72f9c254] INFO  util.JvmPauseMonitor (JvmPauseMonitor.java:run(103)) - JvmPauseMonitor-9e86db77-9115-4b7d-b118-b6d634df39b3: Started
2022-09-08 01:52:38,339 [EndpointStateMachine task thread for /0.0.0.0:33177 - 0 ] INFO  server.XceiverServerGrpc (XceiverServerGrpc.java:start(180)) - XceiverServerGrpc 9e86db77-9115-4b7d-b118-b6d634df39b3 is started using port 37579
2022-09-08 01:52:38,552 [Listener at 127.0.0.1/42159] INFO  ozone.MiniOzoneClusterImpl (MiniOzoneClusterImpl.java:lambda$waitForClusterToBeReady$0(216)) - Waiting for nodes to be ready. Got 0 of 3 DN Heartbeats.
2022-09-08 01:52:38,552 [Listener at 127.0.0.1/42159] INFO  ozone.MiniOzoneClusterImpl (MiniOzoneClusterImpl.java:lambda$waitForClusterToBeReady$0(219)) - Waiting for cluster to exit safe mode
2022-09-08 01:52:38,552 [Listener at 127.0.0.1/42159] INFO  ozone.MiniOzoneClusterImpl (MiniOzoneClusterImpl.java:lambda$waitForClusterToBeReady$0(221)) - SCM became leader
2022-09-08 01:52:38,967 [EndpointStateMachine task thread for /0.0.0.0:33177 - 0 ] INFO  volume.HddsVolume (HddsVolume.java:createDbStore(310)) - SchemaV3 db is created and loaded at /home/runner/work/ozone/ozone/hadoop-ozone/integration-test/target/test-dir/MiniOzoneClusterImpl-41094698-2c6a-4710-a797-d1e03ae99019/datanode-1/data-0/containers/hdds/41094698-2c6a-4710-a797-d1e03ae99019/DS-582e6ff9-53e9-4f21-8819-6be69a1dbbaf/container.db for volume DS-582e6ff9-53e9-4f21-8819-6be69a1dbbaf
2022-09-08 01:52:38,968 [EndpointStateMachine task thread for /0.0.0.0:33177 - 0 ] INFO  volume.HddsVolume (HddsVolume.java:closeDbStore(341)) - SchemaV3 db is stopped at /home/runner/work/ozone/ozone/hadoop-ozone/integration-test/target/test-dir/MiniOzoneClusterImpl-41094698-2c6a-4710-a797-d1e03ae99019/datanode-1/data-0/containers/hdds/41094698-2c6a-4710-a797-d1e03ae99019/DS-582e6ff9-53e9-4f21-8819-6be69a1dbbaf/container.db for volume DS-582e6ff9-53e9-4f21-8819-6be69a1dbbaf
2022-09-08 01:52:38,968 [EndpointStateMachine task thread for /0.0.0.0:33177 - 0 ] INFO  ozoneimpl.OzoneContainer (OzoneContainer.java:start(378)) - Attempting to start container services.
2022-09-08 01:52:38,968 [EndpointStateMachine task thread for /0.0.0.0:33177 - 0 ] INFO  ozoneimpl.OzoneContainer (OzoneContainer.java:startContainerScrub(313)) - Background container scanner has been disabled.
2022-09-08 01:52:38,993 [EndpointStateMachine task thread for /0.0.0.0:33177 - 0 ] INFO  replication.ReplicationServer (ReplicationServer.java:start(111)) - ReplicationServer is started using port 37321
2022-09-08 01:52:38,994 [EndpointStateMachine task thread for /0.0.0.0:33177 - 0 ] INFO  ratis.XceiverServerRatis (XceiverServerRatis.java:start(481)) - Starting XceiverServerRatis 1fe68fa2-71ab-402b-9a9c-5fb65a06b7eb
2022-09-08 01:52:38,994 [EndpointStateMachine task thread for /0.0.0.0:33177 - 0 ] INFO  server.RaftServer (RaftServerProxy.java:lambda$start$6(382)) - 1fe68fa2-71ab-402b-9a9c-5fb65a06b7eb: start RPC server
2022-09-08 01:52:39,011 [EndpointStateMachine task thread for /0.0.0.0:33177 - 0 ] INFO  server.GrpcService (GrpcService.java:startImpl(260)) - 1fe68fa2-71ab-402b-9a9c-5fb65a06b7eb: GrpcService started, listening on 45277
2022-09-08 01:52:39,021 [EndpointStateMachine task thread for /0.0.0.0:33177 - 0 ] INFO  ratis.XceiverServerRatis (XceiverServerRatis.java:getRealPort(502)) - XceiverServerRatis 1fe68fa2-71ab-402b-9a9c-5fb65a06b7eb is started using port 45277 for RATIS
2022-09-08 01:52:39,021 [org.apache.ratis.util.JvmPauseMonitor$$Lambda$687/845490267@22c7db9d] INFO  util.JvmPauseMonitor (JvmPauseMonitor.java:run(103)) - JvmPauseMonitor-1fe68fa2-71ab-402b-9a9c-5fb65a06b7eb: Started
2022-09-08 01:52:39,021 [EndpointStateMachine task thread for /0.0.0.0:33177 - 0 ] INFO  ratis.XceiverServerRatis (XceiverServerRatis.java:getRealPort(502)) - XceiverServerRatis 1fe68fa2-71ab-402b-9a9c-5fb65a06b7eb is started using port 45277 for RATIS_ADMIN
2022-09-08 01:52:39,024 [EndpointStateMachine task thread for /0.0.0.0:33177 - 0 ] INFO  ratis.XceiverServerRatis (XceiverServerRatis.java:getRealPort(502)) - XceiverServerRatis 1fe68fa2-71ab-402b-9a9c-5fb65a06b7eb is started using port 45277 for RATIS_SERVER
2022-09-08 01:52:39,058 [EndpointStateMachine task thread for /0.0.0.0:33177 - 0 ] INFO  server.XceiverServerGrpc (XceiverServerGrpc.java:start(180)) - XceiverServerGrpc 1fe68fa2-71ab-402b-9a9c-5fb65a06b7eb is started using port 34649
2022-09-08 01:52:39,552 [Listener at 127.0.0.1/42159] INFO  ozone.MiniOzoneClusterImpl (MiniOzoneClusterImpl.java:lambda$waitForClusterToBeReady$0(216)) - Waiting for nodes to be ready. Got 0 of 3 DN Heartbeats.
2022-09-08 01:52:39,553 [Listener at 127.0.0.1/42159] INFO  ozone.MiniOzoneClusterImpl (MiniOzoneClusterImpl.java:lambda$waitForClusterToBeReady$0(219)) - Waiting for cluster to exit safe mode
2022-09-08 01:52:39,553 [Listener at 127.0.0.1/42159] INFO  ozone.MiniOzoneClusterImpl (MiniOzoneClusterImpl.java:lambda$waitForClusterToBeReady$0(221)) - SCM became leader
2022-09-08 01:52:39,623 [EndpointStateMachine task thread for /0.0.0.0:33177 - 0 ] INFO  volume.HddsVolume (HddsVolume.java:createDbStore(310)) - SchemaV3 db is created and loaded at /home/runner/work/ozone/ozone/hadoop-ozone/integration-test/target/test-dir/MiniOzoneClusterImpl-41094698-2c6a-4710-a797-d1e03ae99019/datanode-2/data-0/containers/hdds/41094698-2c6a-4710-a797-d1e03ae99019/DS-ad629df4-9b30-4d89-874f-f5e7b191fe73/container.db for volume DS-ad629df4-9b30-4d89-874f-f5e7b191fe73
2022-09-08 01:52:39,623 [EndpointStateMachine task thread for /0.0.0.0:33177 - 0 ] INFO  volume.HddsVolume (HddsVolume.java:closeDbStore(341)) - SchemaV3 db is stopped at /home/runner/work/ozone/ozone/hadoop-ozone/integration-test/target/test-dir/MiniOzoneClusterImpl-41094698-2c6a-4710-a797-d1e03ae99019/datanode-2/data-0/containers/hdds/41094698-2c6a-4710-a797-d1e03ae99019/DS-ad629df4-9b30-4d89-874f-f5e7b191fe73/container.db for volume DS-ad629df4-9b30-4d89-874f-f5e7b191fe73
2022-09-08 01:52:39,624 [EndpointStateMachine task thread for /0.0.0.0:33177 - 0 ] INFO  ozoneimpl.OzoneContainer (OzoneContainer.java:start(378)) - Attempting to start container services.
2022-09-08 01:52:39,624 [EndpointStateMachine task thread for /0.0.0.0:33177 - 0 ] INFO  ozoneimpl.OzoneContainer (OzoneContainer.java:startContainerScrub(313)) - Background container scanner has been disabled.
2022-09-08 01:52:39,634 [EndpointStateMachine task thread for /0.0.0.0:33177 - 0 ] INFO  replication.ReplicationServer (ReplicationServer.java:start(111)) - ReplicationServer is started using port 36373
2022-09-08 01:52:39,645 [EndpointStateMachine task thread for /0.0.0.0:33177 - 0 ] INFO  ratis.XceiverServerRatis (XceiverServerRatis.java:start(481)) - Starting XceiverServerRatis 4bf7dd5c-6c50-43e1-a529-d19303e563bb
2022-09-08 01:52:39,673 [EndpointStateMachine task thread for /0.0.0.0:33177 - 0 ] INFO  server.RaftServer (RaftServerProxy.java:lambda$start$6(382)) - 4bf7dd5c-6c50-43e1-a529-d19303e563bb: start RPC server
2022-09-08 01:52:39,681 [EndpointStateMachine task thread for /0.0.0.0:33177 - 0 ] INFO  server.GrpcService (GrpcService.java:startImpl(260)) - 4bf7dd5c-6c50-43e1-a529-d19303e563bb: GrpcService started, listening on 38251
2022-09-08 01:52:39,682 [EndpointStateMachine task thread for /0.0.0.0:33177 - 0 ] INFO  ratis.XceiverServerRatis (XceiverServerRatis.java:getRealPort(502)) - XceiverServerRatis 4bf7dd5c-6c50-43e1-a529-d19303e563bb is started using port 38251 for RATIS
2022-09-08 01:52:39,682 [EndpointStateMachine task thread for /0.0.0.0:33177 - 0 ] INFO  ratis.XceiverServerRatis (XceiverServerRatis.java:getRealPort(502)) - XceiverServerRatis 4bf7dd5c-6c50-43e1-a529-d19303e563bb is started using port 38251 for RATIS_ADMIN
2022-09-08 01:52:39,682 [EndpointStateMachine task thread for /0.0.0.0:33177 - 0 ] INFO  ratis.XceiverServerRatis (XceiverServerRatis.java:getRealPort(502)) - XceiverServerRatis 4bf7dd5c-6c50-43e1-a529-d19303e563bb is started using port 38251 for RATIS_SERVER
2022-09-08 01:52:39,682 [org.apache.ratis.util.JvmPauseMonitor$$Lambda$687/845490267@4efc81af] INFO  util.JvmPauseMonitor (JvmPauseMonitor.java:run(103)) - JvmPauseMonitor-4bf7dd5c-6c50-43e1-a529-d19303e563bb: Started
2022-09-08 01:52:39,697 [EndpointStateMachine task thread for /0.0.0.0:33177 - 0 ] INFO  server.XceiverServerGrpc (XceiverServerGrpc.java:start(180)) - XceiverServerGrpc 4bf7dd5c-6c50-43e1-a529-d19303e563bb is started using port 42083
2022-09-08 01:52:40,139 [IPC Server handler 1 on default port 33177] INFO  net.NetworkTopologyImpl (NetworkTopologyImpl.java:add(112)) - Added a new node: /default-rack/9e86db77-9115-4b7d-b118-b6d634df39b3
2022-09-08 01:52:40,140 [IPC Server handler 1 on default port 33177] INFO  node.SCMNodeManager (SCMNodeManager.java:register(397)) - Registered Data node : 9e86db77-9115-4b7d-b118-b6d634df39b3{ip: 10.1.1.0, host: fv-az38-857.qiceih3q1hfe5a3ai3y3qk2fta.cx.internal.cloudapp.net, ports: [REPLICATION=33407, RATIS=46843, RATIS_ADMIN=46843, RATIS_SERVER=46843, STANDALONE=37579], networkLocation: /default-rack, certSerialId: null, persistedOpState: null, persistedOpStateExpiryEpochSec: 0}
2022-09-08 01:52:40,145 [EventQueue-NodeRegistrationContainerReportForContainerSafeModeRule] INFO  safemode.SCMSafeModeManager (SCMSafeModeManager.java:validateSafeModeExitRules(204)) - ContainerSafeModeRule rule is successfully validated
2022-09-08 01:52:40,146 [EventQueue-NodeRegistrationContainerReportForDataNodeSafeModeRule] INFO  safemode.SCMSafeModeManager (DataNodeSafeModeRule.java:process(71)) - SCM in safe mode. 1 DataNodes registered, 3 required.
2022-09-08 01:52:40,153 [EventQueue-PipelineReportForOneReplicaPipelineSafeModeRule] INFO  safemode.SCMSafeModeManager (SCMSafeModeManager.java:validateSafeModeExitRules(204)) - AtleastOneDatanodeReportedRule rule is successfully validated
2022-09-08 01:52:40,153 [EventQueue-NewNodeForNewNodeHandler] INFO  pipeline.BackgroundPipelineCreator (BackgroundPipelineCreator.java:notifyEventTriggered(276)) - trigger a one-shot run on RatisPipelineUtilsThread.
2022-09-08 01:52:40,170 [RatisPipelineUtilsThread - 0] INFO  pipeline.RatisPipelineProvider (RatisPipelineProvider.java:lambda$create$0(195)) - Sending CreatePipelineCommand for pipeline:PipelineID=f92248d6-3314-4697-8b3d-ea8b69e7818b to datanode:9e86db77-9115-4b7d-b118-b6d634df39b3
2022-09-08 01:52:40,177 [RatisPipelineUtilsThread - 0] INFO  pipeline.PipelineStateManagerImpl (PipelineStateManagerImpl.java:addPipeline(103)) - Created pipeline Pipeline[ Id: f92248d6-3314-4697-8b3d-ea8b69e7818b, Nodes: 9e86db77-9115-4b7d-b118-b6d634df39b3{ip: 10.1.1.0, host: fv-az38-857.qiceih3q1hfe5a3ai3y3qk2fta.cx.internal.cloudapp.net, ports: [REPLICATION=33407, RATIS=46843, RATIS_ADMIN=46843, RATIS_SERVER=46843, STANDALONE=37579], networkLocation: /default-rack, certSerialId: null, persistedOpState: IN_SERVICE, persistedOpStateExpiryEpochSec: 0}, ReplicationConfig: RATIS/ONE, State:ALLOCATED, leaderId:, CreationTimestamp2022-09-08T01:52:40.170Z[Etc/UTC]].
2022-09-08 01:52:40,553 [Listener at 127.0.0.1/42159] INFO  ozone.MiniOzoneClusterImpl (MiniOzoneClusterImpl.java:lambda$waitForClusterToBeReady$0(216)) - Waiting for nodes to be ready. Got 1 of 3 DN Heartbeats.
2022-09-08 01:52:40,553 [Listener at 127.0.0.1/42159] INFO  ozone.MiniOzoneClusterImpl (MiniOzoneClusterImpl.java:lambda$waitForClusterToBeReady$0(219)) - Waiting for cluster to exit safe mode
2022-09-08 01:52:40,553 [Listener at 127.0.0.1/42159] INFO  ozone.MiniOzoneClusterImpl (MiniOzoneClusterImpl.java:lambda$waitForClusterToBeReady$0(221)) - SCM became leader
2022-09-08 01:52:40,878 [IPC Server handler 1 on default port 33177] INFO  net.NetworkTopologyImpl (NetworkTopologyImpl.java:add(112)) - Added a new node: /default-rack/1fe68fa2-71ab-402b-9a9c-5fb65a06b7eb
2022-09-08 01:52:40,878 [IPC Server handler 1 on default port 33177] INFO  node.SCMNodeManager (SCMNodeManager.java:register(397)) - Registered Data node : 1fe68fa2-71ab-402b-9a9c-5fb65a06b7eb{ip: 10.1.1.0, host: fv-az38-857.qiceih3q1hfe5a3ai3y3qk2fta.cx.internal.cloudapp.net, ports: [REPLICATION=37321, RATIS=45277, RATIS_ADMIN=45277, RATIS_SERVER=45277, STANDALONE=34649], networkLocation: /default-rack, certSerialId: null, persistedOpState: null, persistedOpStateExpiryEpochSec: 0}
2022-09-08 01:52:40,879 [EventQueue-NewNodeForNewNodeHandler] INFO  pipeline.BackgroundPipelineCreator (BackgroundPipelineCreator.java:notifyEventTriggered(276)) - trigger a one-shot run on RatisPipelineUtilsThread.
2022-09-08 01:52:40,885 [EventQueue-NodeRegistrationContainerReportForDataNodeSafeModeRule] INFO  safemode.SCMSafeModeManager (DataNodeSafeModeRule.java:process(71)) - SCM in safe mode. 2 DataNodes registered, 3 required.
2022-09-08 01:52:40,893 [RatisPipelineUtilsThread - 0] INFO  pipeline.RatisPipelineProvider (RatisPipelineProvider.java:lambda$create$0(195)) - Sending CreatePipelineCommand for pipeline:PipelineID=dc15c6a6-8b95-40ea-a4b9-0fdd50c5bc41 to datanode:1fe68fa2-71ab-402b-9a9c-5fb65a06b7eb
2022-09-08 01:52:40,893 [RatisPipelineUtilsThread - 0] INFO  pipeline.PipelineStateManagerImpl (PipelineStateManagerImpl.java:addPipeline(103)) - Created pipeline Pipeline[ Id: dc15c6a6-8b95-40ea-a4b9-0fdd50c5bc41, Nodes: 1fe68fa2-71ab-402b-9a9c-5fb65a06b7eb{ip: 10.1.1.0, host: fv-az38-857.qiceih3q1hfe5a3ai3y3qk2fta.cx.internal.cloudapp.net, ports: [REPLICATION=37321, RATIS=45277, RATIS_ADMIN=45277, RATIS_SERVER=45277, STANDALONE=34649], networkLocation: /default-rack, certSerialId: null, persistedOpState: IN_SERVICE, persistedOpStateExpiryEpochSec: 0}, ReplicationConfig: RATIS/ONE, State:ALLOCATED, leaderId:, CreationTimestamp2022-09-08T01:52:40.893Z[Etc/UTC]].
2022-09-08 01:52:41,554 [Listener at 127.0.0.1/42159] INFO  ozone.MiniOzoneClusterImpl (MiniOzoneClusterImpl.java:lambda$waitForClusterToBeReady$0(216)) - Waiting for nodes to be ready. Got 2 of 3 DN Heartbeats.
2022-09-08 01:52:41,554 [Listener at 127.0.0.1/42159] INFO  ozone.MiniOzoneClusterImpl (MiniOzoneClusterImpl.java:lambda$waitForClusterToBeReady$0(219)) - Waiting for cluster to exit safe mode
2022-09-08 01:52:41,554 [Listener at 127.0.0.1/42159] INFO  ozone.MiniOzoneClusterImpl (MiniOzoneClusterImpl.java:lambda$waitForClusterToBeReady$0(221)) - SCM became leader
2022-09-08 01:52:41,570 [UnderReplicatedQueueThreadThread] INFO  replication.UnderReplicatedProcessor (UnderReplicatedProcessor.java:processAll(85)) - Processed 0 under replicated containers, failed processing 0
2022-09-08 01:52:41,571 [OverReplicatedQueueThreadThread] INFO  replication.OverReplicatedProcessor (OverReplicatedProcessor.java:processAll(83)) - Processed 0 over replicated containers, failed processing 0
2022-09-08 01:52:41,578 [IPC Server handler 0 on default port 33177] INFO  net.NetworkTopologyImpl (NetworkTopologyImpl.java:add(112)) - Added a new node: /default-rack/4bf7dd5c-6c50-43e1-a529-d19303e563bb
2022-09-08 01:52:41,578 [IPC Server handler 0 on default port 33177] INFO  node.SCMNodeManager (SCMNodeManager.java:register(397)) - Registered Data node : 4bf7dd5c-6c50-43e1-a529-d19303e563bb{ip: 10.1.1.0, host: fv-az38-857.qiceih3q1hfe5a3ai3y3qk2fta.cx.internal.cloudapp.net, ports: [REPLICATION=36373, RATIS=38251, RATIS_ADMIN=38251, RATIS_SERVER=38251, STANDALONE=42083], networkLocation: /default-rack, certSerialId: null, persistedOpState: null, persistedOpStateExpiryEpochSec: 0}
2022-09-08 01:52:41,578 [EventQueue-NewNodeForNewNodeHandler] INFO  pipeline.BackgroundPipelineCreator (BackgroundPipelineCreator.java:notifyEventTriggered(276)) - trigger a one-shot run on RatisPipelineUtilsThread.
2022-09-08 01:52:41,580 [RatisPipelineUtilsThread - 0] INFO  pipeline.RatisPipelineProvider (RatisPipelineProvider.java:lambda$create$0(195)) - Sending CreatePipelineCommand for pipeline:PipelineID=f51312d8-f28f-4a6a-bb2e-b3b3bc8c696c to datanode:4bf7dd5c-6c50-43e1-a529-d19303e563bb
2022-09-08 01:52:41,580 [RatisPipelineUtilsThread - 0] INFO  pipeline.PipelineStateManagerImpl (PipelineStateManagerImpl.java:addPipeline(103)) - Created pipeline Pipeline[ Id: f51312d8-f28f-4a6a-bb2e-b3b3bc8c696c, Nodes: 4bf7dd5c-6c50-43e1-a529-d19303e563bb{ip: 10.1.1.0, host: fv-az38-857.qiceih3q1hfe5a3ai3y3qk2fta.cx.internal.cloudapp.net, ports: [REPLICATION=36373, RATIS=38251, RATIS_ADMIN=38251, RATIS_SERVER=38251, STANDALONE=42083], networkLocation: /default-rack, certSerialId: null, persistedOpState: IN_SERVICE, persistedOpStateExpiryEpochSec: 0}, ReplicationConfig: RATIS/ONE, State:ALLOCATED, leaderId:, CreationTimestamp2022-09-08T01:52:41.580Z[Etc/UTC]].
2022-09-08 01:52:41,581 [EventQueue-NodeRegistrationContainerReportForDataNodeSafeModeRule] INFO  safemode.SCMSafeModeManager (DataNodeSafeModeRule.java:process(71)) - SCM in safe mode. 3 DataNodes registered, 3 required.
2022-09-08 01:52:41,581 [EventQueue-NodeRegistrationContainerReportForDataNodeSafeModeRule] INFO  safemode.SCMSafeModeManager (SCMSafeModeManager.java:validateSafeModeExitRules(204)) - DataNodeSafeModeRule rule is successfully validated
2022-09-08 01:52:41,581 [EventQueue-NodeRegistrationContainerReportForDataNodeSafeModeRule] INFO  safemode.SCMSafeModeManager (SCMSafeModeManager.java:completePreCheck(233)) - All SCM safe mode pre check rules have passed
2022-09-08 01:52:41,581 [EventQueue-NodeRegistrationContainerReportForDataNodeSafeModeRule] WARN  events.EventQueue (EventQueue.java:fireEvent(216)) - No event handler registered for event TypedEvent{payloadType=SafeModeStatus, name='Safe mode status'}
2022-09-08 01:52:41,581 [EventQueue-NodeRegistrationContainerReportForDataNodeSafeModeRule] INFO  ha.SCMContext (SCMContext.java:updateSafeModeStatus(228)) - Update SafeModeStatus from SafeModeStatus{safeModeStatus=true, preCheckPassed=false} to SafeModeStatus{safeModeStatus=true, preCheckPassed=true}.
2022-09-08 01:52:41,581 [EventQueue-NodeRegistrationContainerReportForDataNodeSafeModeRule] INFO  pipeline.BackgroundPipelineCreator (BackgroundPipelineCreator.java:notifyEventTriggered(276)) - trigger a one-shot run on RatisPipelineUtilsThread.
2022-09-08 01:52:41,589 [RatisPipelineUtilsThread - 0] INFO  pipeline.RatisPipelineProvider (RatisPipelineProvider.java:lambda$create$0(195)) - Sending CreatePipelineCommand for pipeline:PipelineID=b60920cc-6816-4e4a-861d-df9a6de677ab to datanode:9e86db77-9115-4b7d-b118-b6d634df39b3
2022-09-08 01:52:41,589 [RatisPipelineUtilsThread - 0] INFO  pipeline.RatisPipelineProvider (RatisPipelineProvider.java:lambda$create$0(195)) - Sending CreatePipelineCommand for pipeline:PipelineID=b60920cc-6816-4e4a-861d-df9a6de677ab to datanode:1fe68fa2-71ab-402b-9a9c-5fb65a06b7eb
2022-09-08 01:52:41,589 [RatisPipelineUtilsThread - 0] INFO  pipeline.RatisPipelineProvider (RatisPipelineProvider.java:lambda$create$0(195)) - Sending CreatePipelineCommand for pipeline:PipelineID=b60920cc-6816-4e4a-861d-df9a6de677ab to datanode:4bf7dd5c-6c50-43e1-a529-d19303e563bb
2022-09-08 01:52:41,590 [RatisPipelineUtilsThread - 0] INFO  pipeline.PipelineStateManagerImpl (PipelineStateManagerImpl.java:addPipeline(103)) - Created pipeline Pipeline[ Id: b60920cc-6816-4e4a-861d-df9a6de677ab, Nodes: 9e86db77-9115-4b7d-b118-b6d634df39b3{ip: 10.1.1.0, host: fv-az38-857.qiceih3q1hfe5a3ai3y3qk2fta.cx.internal.cloudapp.net, ports: [REPLICATION=33407, RATIS=46843, RATIS_ADMIN=46843, RATIS_SERVER=46843, STANDALONE=37579], networkLocation: /default-rack, certSerialId: null, persistedOpState: IN_SERVICE, persistedOpStateExpiryEpochSec: 0}1fe68fa2-71ab-402b-9a9c-5fb65a06b7eb{ip: 10.1.1.0, host: fv-az38-857.qiceih3q1hfe5a3ai3y3qk2fta.cx.internal.cloudapp.net, ports: [REPLICATION=37321, RATIS=45277, RATIS_ADMIN=45277, RATIS_SERVER=45277, STANDALONE=34649], networkLocation: /default-rack, certSerialId: null, persistedOpState: IN_SERVICE, persistedOpStateExpiryEpochSec: 0}4bf7dd5c-6c50-43e1-a529-d19303e563bb{ip: 10.1.1.0, host: fv-az38-857.qiceih3q1hfe5a3ai3y3qk2fta.cx.internal.cloudapp.net, ports: [REPLICATION=36373, RATIS=38251, RATIS_ADMIN=38251, RATIS_SERVER=38251, STANDALONE=42083], networkLocation: /default-rack, certSerialId: null, persistedOpState: IN_SERVICE, persistedOpStateExpiryEpochSec: 0}, ReplicationConfig: RATIS/THREE, State:ALLOCATED, leaderId:, CreationTimestamp2022-09-08T01:52:41.589Z[Etc/UTC]].
2022-09-08 01:52:41,591 [RatisPipelineUtilsThread - 0] INFO  pipeline.RatisPipelineProvider (RatisPipelineProvider.java:lambda$create$0(195)) - Sending CreatePipelineCommand for pipeline:PipelineID=68700579-68ec-459c-a403-544fa1b7502b to datanode:1fe68fa2-71ab-402b-9a9c-5fb65a06b7eb
2022-09-08 01:52:41,591 [RatisPipelineUtilsThread - 0] INFO  pipeline.RatisPipelineProvider (RatisPipelineProvider.java:lambda$create$0(195)) - Sending CreatePipelineCommand for pipeline:PipelineID=68700579-68ec-459c-a403-544fa1b7502b to datanode:9e86db77-9115-4b7d-b118-b6d634df39b3
2022-09-08 01:52:41,591 [RatisPipelineUtilsThread - 0] INFO  pipeline.RatisPipelineProvider (RatisPipelineProvider.java:lambda$create$0(195)) - Sending CreatePipelineCommand for pipeline:PipelineID=68700579-68ec-459c-a403-544fa1b7502b to datanode:4bf7dd5c-6c50-43e1-a529-d19303e563bb
2022-09-08 01:52:41,591 [RatisPipelineUtilsThread - 0] INFO  pipeline.PipelineStateManagerImpl (PipelineStateManagerImpl.java:addPipeline(103)) - Created pipeline Pipeline[ Id: 68700579-68ec-459c-a403-544fa1b7502b, Nodes: 1fe68fa2-71ab-402b-9a9c-5fb65a06b7eb{ip: 10.1.1.0, host: fv-az38-857.qiceih3q1hfe5a3ai3y3qk2fta.cx.internal.cloudapp.net, ports: [REPLICATION=37321, RATIS=45277, RATIS_ADMIN=45277, RATIS_SERVER=45277, STANDALONE=34649], networkLocation: /default-rack, certSerialId: null, persistedOpState: IN_SERVICE, persistedOpStateExpiryEpochSec: 0}9e86db77-9115-4b7d-b118-b6d634df39b3{ip: 10.1.1.0, host: fv-az38-857.qiceih3q1hfe5a3ai3y3qk2fta.cx.internal.cloudapp.net, ports: [REPLICATION=33407, RATIS=46843, RATIS_ADMIN=46843, RATIS_SERVER=46843, STANDALONE=37579], networkLocation: /default-rack, certSerialId: null, persistedOpState: IN_SERVICE, persistedOpStateExpiryEpochSec: 0}4bf7dd5c-6c50-43e1-a529-d19303e563bb{ip: 10.1.1.0, host: fv-az38-857.qiceih3q1hfe5a3ai3y3qk2fta.cx.internal.cloudapp.net, ports: [REPLICATION=36373, RATIS=38251, RATIS_ADMIN=38251, RATIS_SERVER=38251, STANDALONE=42083], networkLocation: /default-rack, certSerialId: null, persistedOpState: IN_SERVICE, persistedOpStateExpiryEpochSec: 0}, ReplicationConfig: RATIS/THREE, State:ALLOCATED, leaderId:, CreationTimestamp2022-09-08T01:52:41.591Z[Etc/UTC]].
2022-09-08 01:52:41,591 [RatisPipelineUtilsThread - 0] INFO  pipeline.PipelineManagerImpl (PipelineManagerImpl.java:recordMetricsForPipeline(796)) - Pipeline: PipelineID=68700579-68ec-459c-a403-544fa1b7502b contains same datanodes as previous pipelines: PipelineID=b60920cc-6816-4e4a-861d-df9a6de677ab nodeIds: 1fe68fa2-71ab-402b-9a9c-5fb65a06b7eb, 9e86db77-9115-4b7d-b118-b6d634df39b3, 4bf7dd5c-6c50-43e1-a529-d19303e563bb
2022-09-08 01:52:42,554 [Listener at 127.0.0.1/42159] INFO  ozone.MiniOzoneClusterImpl (MiniOzoneClusterImpl.java:lambda$waitForClusterToBeReady$0(216)) - Nodes are ready. Got 3 of 3 DN Heartbeats.
2022-09-08 01:52:42,555 [Listener at 127.0.0.1/42159] INFO  ozone.MiniOzoneClusterImpl (MiniOzoneClusterImpl.java:lambda$waitForClusterToBeReady$0(219)) - Waiting for cluster to exit safe mode
2022-09-08 01:52:42,555 [Listener at 127.0.0.1/42159] INFO  ozone.MiniOzoneClusterImpl (MiniOzoneClusterImpl.java:lambda$waitForClusterToBeReady$0(221)) - SCM became leader
2022-09-08 01:52:43,139 [Command processor thread] INFO  server.RaftServer (RaftServerProxy.java:addNew(96)) - 9e86db77-9115-4b7d-b118-b6d634df39b3: addNew group-EA8B69E7818B:[9e86db77-9115-4b7d-b118-b6d634df39b3|rpc:10.1.1.0:46843|priority:1] returns group-EA8B69E7818B:java.util.concurrent.CompletableFuture@797d1c89[Not completed]
2022-09-08 01:52:43,158 [pool-364-thread-1] INFO  server.RaftServer$Division (RaftServerImpl.java:<init>(190)) - 9e86db77-9115-4b7d-b118-b6d634df39b3: new RaftServerImpl for group-EA8B69E7818B:[9e86db77-9115-4b7d-b118-b6d634df39b3|rpc:10.1.1.0:46843|priority:1] with ContainerStateMachine:uninitialized
2022-09-08 01:52:43,158 [pool-364-thread-1] INFO  server.RaftServerConfigKeys (ConfUtils.java:logGet(46)) - raft.server.rpc.timeout.min = 5s (custom)
2022-09-08 01:52:43,158 [pool-364-thread-1] INFO  server.RaftServerConfigKeys (ConfUtils.java:logGet(46)) - raft.server.rpc.timeout.max = 5200ms (custom)
2022-09-08 01:52:43,158 [pool-364-thread-1] INFO  server.RaftServerConfigKeys (ConfUtils.java:logGet(46)) - raft.server.rpc.sleep.time = 25ms (default)
2022-09-08 01:52:43,158 [pool-364-thread-1] INFO  server.RaftServerConfigKeys (ConfUtils.java:logGet(46)) - raft.server.rpc.slowness.timeout = 300s (custom)
2022-09-08 01:52:43,158 [pool-364-thread-1] INFO  server.RaftServerConfigKeys (ConfUtils.java:logGet(46)) - raft.server.leaderelection.leader.step-down.wait-time = 10s (default)
2022-09-08 01:52:43,162 [pool-364-thread-1] INFO  server.RaftServerConfigKeys (ConfUtils.java:logGet(46)) - raft.server.sleep.deviation.threshold = 300ms (default)
2022-09-08 01:52:43,162 [pool-364-thread-1] INFO  server.RaftServer$Division (ServerState.java:<init>(107)) - 9e86db77-9115-4b7d-b118-b6d634df39b3@group-EA8B69E7818B: ConfigurationManager, init=-1: [9e86db77-9115-4b7d-b118-b6d634df39b3|rpc:10.1.1.0:46843|priority:1], old=null, confs=<EMPTY_MAP>
2022-09-08 01:52:43,162 [pool-364-thread-1] INFO  server.RaftServerConfigKeys (ConfUtils.java:logGet(46)) - raft.server.storage.dir = [/home/runner/work/ozone/ozone/hadoop-ozone/integration-test/target/test-dir/MiniOzoneClusterImpl-41094698-2c6a-4710-a797-d1e03ae99019/datanode-0/data/ratis] (custom)
2022-09-08 01:52:43,162 [pool-364-thread-1] INFO  server.RaftServerConfigKeys (ConfUtils.java:logGet(46)) - raft.server.log.corruption.policy = EXCEPTION (default)
2022-09-08 01:52:43,162 [pool-364-thread-1] INFO  server.RaftServerConfigKeys (ConfUtils.java:logGet(46)) - raft.server.storage.free-space.min = 0MB (=0) (default)
2022-09-08 01:52:43,162 [pool-364-thread-1] INFO  storage.RaftStorageDirectory (RaftStorageDirectoryImpl.java:analyzeStorage(135)) - The storage directory /home/runner/work/ozone/ozone/hadoop-ozone/integration-test/target/test-dir/MiniOzoneClusterImpl-41094698-2c6a-4710-a797-d1e03ae99019/datanode-0/data/ratis/f92248d6-3314-4697-8b3d-ea8b69e7818b does not exist. Creating ...
2022-09-08 01:52:43,168 [pool-364-thread-1] INFO  storage.RaftStorageDirectory (RaftStorageDirectoryImpl.java:tryLock(230)) - Lock on /home/runner/work/ozone/ozone/hadoop-ozone/integration-test/target/test-dir/MiniOzoneClusterImpl-41094698-2c6a-4710-a797-d1e03ae99019/datanode-0/data/ratis/f92248d6-3314-4697-8b3d-ea8b69e7818b/in_use.lock acquired by nodename 132736@fv-az38-857
2022-09-08 01:52:43,170 [pool-364-thread-1] INFO  storage.RaftStorage (RaftStorageImpl.java:format(89)) - Storage directory /home/runner/work/ozone/ozone/hadoop-ozone/integration-test/target/test-dir/MiniOzoneClusterImpl-41094698-2c6a-4710-a797-d1e03ae99019/datanode-0/data/ratis/f92248d6-3314-4697-8b3d-ea8b69e7818b has been successfully formatted.
2022-09-08 01:52:43,181 [pool-364-thread-1] INFO  ratis.ContainerStateMachine (ContainerStateMachine.java:loadSnapshot(236)) - group-EA8B69E7818B: The snapshot info is null. Setting the last applied indexto:(t:0, i:~)
2022-09-08 01:52:43,181 [pool-364-thread-1] INFO  server.RaftServerConfigKeys (ConfUtils.java:logGet(46)) - raft.server.notification.no-leader.timeout = 300s (custom)
2022-09-08 01:52:43,181 [pool-364-thread-1] INFO  server.RaftServerConfigKeys (ConfUtils.java:logGet(46)) - raft.server.log.use.memory = false (default)
2022-09-08 01:52:43,182 [pool-364-thread-1] INFO  server.RaftServerConfigKeys (ConfUtils.java:logGet(46)) - raft.server.log.purge.gap = 1000000 (custom)
2022-09-08 01:52:43,182 [pool-364-thread-1] INFO  server.RaftServerConfigKeys (ConfUtils.java:logGet(46)) - raft.server.log.appender.buffer.byte-limit = 33554432 (custom)
2022-09-08 01:52:43,182 [pool-364-thread-1] INFO  server.RaftServerConfigKeys (ConfUtils.java:logGet(46)) - raft.server.log.statemachine.data.read.timeout = 1000ms (default)
2022-09-08 01:52:43,183 [pool-364-thread-1] INFO  server.RaftServerConfigKeys (ConfUtils.java:logGet(46)) - raft.server.log.segment.size.max = 1048576 (custom)
2022-09-08 01:52:43,183 [EventQueue-PipelineReportForPipelineReportHandler] INFO  pipeline.PipelineManagerImpl (PipelineManagerImpl.java:openPipeline(367)) - Pipeline Pipeline[ Id: f92248d6-3314-4697-8b3d-ea8b69e7818b, Nodes: 9e86db77-9115-4b7d-b118-b6d634df39b3{ip: 10.1.1.0, host: fv-az38-857.qiceih3q1hfe5a3ai3y3qk2fta.cx.internal.cloudapp.net, ports: [REPLICATION=33407, RATIS=46843, RATIS_ADMIN=46843, RATIS_SERVER=46843, STANDALONE=37579], networkLocation: /default-rack, certSerialId: null, persistedOpState: IN_SERVICE, persistedOpStateExpiryEpochSec: 0}, ReplicationConfig: RATIS/ONE, State:ALLOCATED, leaderId:9e86db77-9115-4b7d-b118-b6d634df39b3, CreationTimestamp2022-09-08T01:52:40.170Z[Etc/UTC]] moved to OPEN state
2022-09-08 01:52:43,191 [pool-364-thread-1] INFO  server.RaftServerConfigKeys (ConfUtils.java:logGet(46)) - raft.server.log.segment.cache.num.max = 2 (custom)
2022-09-08 01:52:43,191 [pool-364-thread-1] INFO  server.RaftServerConfigKeys (ConfUtils.java:logGet(46)) - raft.server.log.segment.cache.size.max = 200MB (=209715200) (default)
2022-09-08 01:52:43,191 [pool-364-thread-1] INFO  segmented.SegmentedRaftLogWorker (SegmentedRaftLogWorker.java:<init>(187)) - new 9e86db77-9115-4b7d-b118-b6d634df39b3@group-EA8B69E7818B-SegmentedRaftLogWorker for RaftStorageImpl:Storage Directory /home/runner/work/ozone/ozone/hadoop-ozone/integration-test/target/test-dir/MiniOzoneClusterImpl-41094698-2c6a-4710-a797-d1e03ae99019/datanode-0/data/ratis/f92248d6-3314-4697-8b3d-ea8b69e7818b
2022-09-08 01:52:43,191 [pool-364-thread-1] INFO  server.RaftServerConfigKeys (ConfUtils.java:logGet(46)) - raft.server.log.queue.byte-limit = 4294967296 (custom)
2022-09-08 01:52:43,191 [pool-364-thread-1] INFO  server.RaftServerConfigKeys (ConfUtils.java:logGet(46)) - raft.server.log.queue.element-limit = 1024 (custom)
2022-09-08 01:52:43,191 [pool-364-thread-1] INFO  server.RaftServerConfigKeys (ConfUtils.java:logGet(46)) - raft.server.log.segment.size.max = 1048576 (custom)
2022-09-08 01:52:43,191 [pool-364-thread-1] INFO  server.RaftServerConfigKeys (ConfUtils.java:logGet(46)) - raft.server.log.preallocated.size = 16384 (custom)
2022-09-08 01:52:43,192 [pool-364-thread-1] INFO  server.RaftServerConfigKeys (ConfUtils.java:logGet(46)) - raft.server.log.force.sync.num = 128 (default)
2022-09-08 01:52:43,192 [pool-364-thread-1] INFO  server.RaftServerConfigKeys (ConfUtils.java:logGet(46)) - raft.server.log.statemachine.data.sync = true (default)
2022-09-08 01:52:43,192 [pool-364-thread-1] INFO  server.RaftServerConfigKeys (ConfUtils.java:logGet(46)) - raft.server.log.statemachine.data.sync.timeout = 10s (default)
2022-09-08 01:52:43,192 [pool-364-thread-1] INFO  server.RaftServerConfigKeys (ConfUtils.java:logGet(46)) - raft.server.log.statemachine.data.sync.timeout.retry = -1 (default)
2022-09-08 01:52:43,192 [pool-364-thread-1] INFO  server.RaftServerConfigKeys (ConfUtils.java:logGet(46)) - raft.server.log.write.buffer.size = 1048576 (custom)
2022-09-08 01:52:43,197 [pool-364-thread-1] INFO  server.RaftServerConfigKeys (ConfUtils.java:logGet(46)) - raft.server.log.unsafe-flush.enabled = false (default)
2022-09-08 01:52:43,197 [pool-364-thread-1] INFO  server.RaftServerConfigKeys (ConfUtils.java:logGet(46)) - raft.server.log.statemachine.data.caching.enabled = true (custom)
2022-09-08 01:52:43,198 [pool-364-thread-1] INFO  segmented.SegmentedRaftLogWorker (SegmentedRaftLogWorker.java:lambda$new$0(135)) - 9e86db77-9115-4b7d-b118-b6d634df39b3@group-EA8B69E7818B-SegmentedRaftLogWorker: flushIndex: setUnconditionally 0 -> -1
2022-09-08 01:52:43,198 [pool-364-thread-1] INFO  segmented.SegmentedRaftLogWorker (SegmentedRaftLogWorker.java:lambda$new$0(135)) - 9e86db77-9115-4b7d-b118-b6d634df39b3@group-EA8B69E7818B-SegmentedRaftLogWorker: safeCacheEvictIndex: setUnconditionally 0 -> -1
2022-09-08 01:52:43,208 [pool-364-thread-1] INFO  server.RaftServerConfigKeys (ConfUtils.java:logGet(46)) - raft.server.snapshot.auto.trigger.enabled = true (custom)
2022-09-08 01:52:43,208 [pool-364-thread-1] INFO  server.RaftServerConfigKeys (ConfUtils.java:logGet(46)) - raft.server.snapshot.auto.trigger.threshold = 10000 (custom)
2022-09-08 01:52:43,208 [pool-364-thread-1] INFO  server.RaftServerConfigKeys (ConfUtils.java:logGet(46)) - raft.server.snapshot.retention.file.num = 5 (custom)
2022-09-08 01:52:43,208 [pool-364-thread-1] INFO  server.RaftServerConfigKeys (ConfUtils.java:logGet(46)) - raft.server.log.purge.upto.snapshot.index = false (default)
2022-09-08 01:52:43,209 [pool-364-thread-1] INFO  server.RaftServerConfigKeys (ConfUtils.java:logGet(46)) - raft.server.retrycache.expirytime = 600000ms (custom)
2022-09-08 01:52:43,209 [pool-364-thread-1] INFO  server.RaftServerConfigKeys (ConfUtils.java:logGet(46)) - raft.server.retrycache.statistics.expirytime = 100μs (default)
2022-09-08 01:52:43,210 [pool-364-thread-1] INFO  server.RaftServerConfigKeys (ConfUtils.java:logGet(46)) - raft.server.log.appender.install.snapshot.enabled = false (custom)
2022-09-08 01:52:43,210 [pool-364-thread-1] INFO  server.RaftServerConfigKeys (ConfUtils.java:logGet(46)) - raft.server.threadpool.server.cached = true (default)
2022-09-08 01:52:43,210 [pool-364-thread-1] INFO  server.RaftServerConfigKeys (ConfUtils.java:logGet(46)) - raft.server.threadpool.server.size = 0 (default)
2022-09-08 01:52:43,210 [pool-364-thread-1] INFO  server.RaftServerConfigKeys (ConfUtils.java:logGet(46)) - raft.server.threadpool.client.cached = true (default)
2022-09-08 01:52:43,210 [pool-364-thread-1] INFO  server.RaftServerConfigKeys (ConfUtils.java:logGet(46)) - raft.server.threadpool.client.size = 0 (default)
2022-09-08 01:52:43,210 [pool-364-thread-1] INFO  server.RaftServer$Division (RaftServerImpl.java:start(310)) - 9e86db77-9115-4b7d-b118-b6d634df39b3@group-EA8B69E7818B: start as a follower, conf=-1: [9e86db77-9115-4b7d-b118-b6d634df39b3|rpc:10.1.1.0:46843|priority:1], old=null
2022-09-08 01:52:43,210 [pool-364-thread-1] INFO  server.RaftServer$Division (RaftServerImpl.java:setRole(299)) - 9e86db77-9115-4b7d-b118-b6d634df39b3@group-EA8B69E7818B: changes role from      null to FOLLOWER at term 0 for startAsFollower
2022-09-08 01:52:43,210 [pool-364-thread-1] INFO  impl.RoleInfo (RoleInfo.java:updateAndGet(139)) - 9e86db77-9115-4b7d-b118-b6d634df39b3: start 9e86db77-9115-4b7d-b118-b6d634df39b3@group-EA8B69E7818B-FollowerState
2022-09-08 01:52:43,212 [pool-364-thread-1] INFO  util.JmxRegister (JmxRegister.java:tryRegister(44)) - Successfully registered JMX Bean with object name Ratis:service=RaftServer,group=group-EA8B69E7818B,id=9e86db77-9115-4b7d-b118-b6d634df39b3
2022-09-08 01:52:43,218 [Command processor thread] INFO  ratis.XceiverServerRatis (XceiverServerRatis.java:addGroup(765)) - Created group PipelineID=f92248d6-3314-4697-8b3d-ea8b69e7818b
2022-09-08 01:52:43,218 [Command processor thread] INFO  commandhandler.CreatePipelineCommandHandler (CreatePipelineCommandHandler.java:handle(113)) - Created Pipeline RATIS ONE PipelineID=f92248d6-3314-4697-8b3d-ea8b69e7818b.
2022-09-08 01:52:43,218 [Command processor thread] INFO  server.RaftServer (RaftServerProxy.java:addNew(96)) - 9e86db77-9115-4b7d-b118-b6d634df39b3: addNew group-DF9A6DE677AB:[9e86db77-9115-4b7d-b118-b6d634df39b3|rpc:10.1.1.0:46843|priority:0, 4bf7dd5c-6c50-43e1-a529-d19303e563bb|rpc:10.1.1.0:38251|priority:0, 1fe68fa2-71ab-402b-9a9c-5fb65a06b7eb|rpc:10.1.1.0:45277|priority:1] returns group-DF9A6DE677AB:java.util.concurrent.CompletableFuture@7d42977e[Not completed]
2022-09-08 01:52:43,219 [EventQueue-OpenPipelineForHealthyPipelineSafeModeRule] INFO  safemode.SCMSafeModeManager (HealthyPipelineSafeModeRule.java:process(137)) - SCM in safe mode. Healthy pipelines reported count is 0, required healthy pipeline reported count is 1
2022-09-08 01:52:43,220 [pool-364-thread-1] INFO  server.RaftServer$Division (RaftServerImpl.java:<init>(190)) - 9e86db77-9115-4b7d-b118-b6d634df39b3: new RaftServerImpl for group-DF9A6DE677AB:[9e86db77-9115-4b7d-b118-b6d634df39b3|rpc:10.1.1.0:46843|priority:0, 4bf7dd5c-6c50-43e1-a529-d19303e563bb|rpc:10.1.1.0:38251|priority:0, 1fe68fa2-71ab-402b-9a9c-5fb65a06b7eb|rpc:10.1.1.0:45277|priority:1] with ContainerStateMachine:uninitialized
2022-09-08 01:52:43,220 [pool-364-thread-1] INFO  server.RaftServerConfigKeys (ConfUtils.java:logGet(46)) - raft.server.rpc.timeout.min = 5s (custom)
2022-09-08 01:52:43,220 [pool-364-thread-1] INFO  server.RaftServerConfigKeys (ConfUtils.java:logGet(46)) - raft.server.rpc.timeout.max = 5200ms (custom)
2022-09-08 01:52:43,220 [pool-364-thread-1] INFO  server.RaftServerConfigKeys (ConfUtils.java:logGet(46)) - raft.server.rpc.sleep.time = 25ms (default)
2022-09-08 01:52:43,220 [pool-364-thread-1] INFO  server.RaftServerConfigKeys (ConfUtils.java:logGet(46)) - raft.server.rpc.slowness.timeout = 300s (custom)
2022-09-08 01:52:43,220 [pool-364-thread-1] INFO  server.RaftServerConfigKeys (ConfUtils.java:logGet(46)) - raft.server.leaderelection.leader.step-down.wait-time = 10s (default)
2022-09-08 01:52:43,220 [pool-364-thread-1] INFO  server.RaftServerConfigKeys (ConfUtils.java:logGet(46)) - raft.server.sleep.deviation.threshold = 300ms (default)
2022-09-08 01:52:43,220 [pool-364-thread-1] INFO  server.RaftServer$Division (ServerState.java:<init>(107)) - 9e86db77-9115-4b7d-b118-b6d634df39b3@group-DF9A6DE677AB: ConfigurationManager, init=-1: [9e86db77-9115-4b7d-b118-b6d634df39b3|rpc:10.1.1.0:46843|priority:0, 4bf7dd5c-6c50-43e1-a529-d19303e563bb|rpc:10.1.1.0:38251|priority:0, 1fe68fa2-71ab-402b-9a9c-5fb65a06b7eb|rpc:10.1.1.0:45277|priority:1], old=null, confs=<EMPTY_MAP>
2022-09-08 01:52:43,220 [pool-364-thread-1] INFO  server.RaftServerConfigKeys (ConfUtils.java:logGet(46)) - raft.server.storage.dir = [/home/runner/work/ozone/ozone/hadoop-ozone/integration-test/target/test-dir/MiniOzoneClusterImpl-41094698-2c6a-4710-a797-d1e03ae99019/datanode-0/data/ratis] (custom)
2022-09-08 01:52:43,220 [pool-364-thread-1] INFO  server.RaftServerConfigKeys (ConfUtils.java:logGet(46)) - raft.server.log.corruption.policy = EXCEPTION (default)
2022-09-08 01:52:43,220 [pool-364-thread-1] INFO  server.RaftServerConfigKeys (ConfUtils.java:logGet(46)) - raft.server.storage.free-space.min = 0MB (=0) (default)
2022-09-08 01:52:43,221 [pool-364-thread-1] INFO  storage.RaftStorageDirectory (RaftStorageDirectoryImpl.java:analyzeStorage(135)) - The storage directory /home/runner/work/ozone/ozone/hadoop-ozone/integration-test/target/test-dir/MiniOzoneClusterImpl-41094698-2c6a-4710-a797-d1e03ae99019/datanode-0/data/ratis/b60920cc-6816-4e4a-861d-df9a6de677ab does not exist. Creating ...
2022-09-08 01:52:43,222 [pool-364-thread-1] INFO  storage.RaftStorageDirectory (RaftStorageDirectoryImpl.java:tryLock(230)) - Lock on /home/runner/work/ozone/ozone/hadoop-ozone/integration-test/target/test-dir/MiniOzoneClusterImpl-41094698-2c6a-4710-a797-d1e03ae99019/datanode-0/data/ratis/b60920cc-6816-4e4a-861d-df9a6de677ab/in_use.lock acquired by nodename 132736@fv-az38-857
2022-09-08 01:52:43,222 [pool-364-thread-1] INFO  storage.RaftStorage (RaftStorageImpl.java:format(89)) - Storage directory /home/runner/work/ozone/ozone/hadoop-ozone/integration-test/target/test-dir/MiniOzoneClusterImpl-41094698-2c6a-4710-a797-d1e03ae99019/datanode-0/data/ratis/b60920cc-6816-4e4a-861d-df9a6de677ab has been successfully formatted.
2022-09-08 01:52:43,223 [pool-364-thread-1] INFO  ratis.ContainerStateMachine (ContainerStateMachine.java:loadSnapshot(236)) - group-DF9A6DE677AB: The snapshot info is null. Setting the last applied indexto:(t:0, i:~)
2022-09-08 01:52:43,223 [pool-364-thread-1] INFO  server.RaftServerConfigKeys (ConfUtils.java:logGet(46)) - raft.server.notification.no-leader.timeout = 300s (custom)
2022-09-08 01:52:43,223 [pool-364-thread-1] INFO  server.RaftServerConfigKeys (ConfUtils.java:logGet(46)) - raft.server.log.use.memory = false (default)
2022-09-08 01:52:43,223 [pool-364-thread-1] INFO  server.RaftServerConfigKeys (ConfUtils.java:logGet(46)) - raft.server.log.purge.gap = 1000000 (custom)
2022-09-08 01:52:43,223 [pool-364-thread-1] INFO  server.RaftServerConfigKeys (ConfUtils.java:logGet(46)) - raft.server.log.appender.buffer.byte-limit = 33554432 (custom)
2022-09-08 01:52:43,223 [pool-364-thread-1] INFO  server.RaftServerConfigKeys (ConfUtils.java:logGet(46)) - raft.server.log.statemachine.data.read.timeout = 1000ms (default)
2022-09-08 01:52:43,225 [EventQueue-OpenPipelineForHealthyPipelineSafeModeRule] INFO  safemode.SCMSafeModeManager (HealthyPipelineSafeModeRule.java:process(137)) - SCM in safe mode. Healthy pipelines reported count is 0, required healthy pipeline reported count is 1
2022-09-08 01:52:43,226 [pool-364-thread-1] INFO  server.RaftServerConfigKeys (ConfUtils.java:logGet(46)) - raft.server.log.segment.size.max = 1048576 (custom)
2022-09-08 01:52:43,226 [pool-364-thread-1] INFO  server.RaftServerConfigKeys (ConfUtils.java:logGet(46)) - raft.server.log.segment.cache.num.max = 2 (custom)
2022-09-08 01:52:43,226 [pool-364-thread-1] INFO  server.RaftServerConfigKeys (ConfUtils.java:logGet(46)) - raft.server.log.segment.cache.size.max = 200MB (=209715200) (default)
2022-09-08 01:52:43,226 [pool-364-thread-1] INFO  segmented.SegmentedRaftLogWorker (SegmentedRaftLogWorker.java:<init>(187)) - new 9e86db77-9115-4b7d-b118-b6d634df39b3@group-DF9A6DE677AB-SegmentedRaftLogWorker for RaftStorageImpl:Storage Directory /home/runner/work/ozone/ozone/hadoop-ozone/integration-test/target/test-dir/MiniOzoneClusterImpl-41094698-2c6a-4710-a797-d1e03ae99019/datanode-0/data/ratis/b60920cc-6816-4e4a-861d-df9a6de677ab
2022-09-08 01:52:43,226 [pool-364-thread-1] INFO  server.RaftServerConfigKeys (ConfUtils.java:logGet(46)) - raft.server.log.queue.byte-limit = 4294967296 (custom)
2022-09-08 01:52:43,226 [pool-364-thread-1] INFO  server.RaftServerConfigKeys (ConfUtils.java:logGet(46)) - raft.server.log.queue.element-limit = 1024 (custom)
2022-09-08 01:52:43,226 [pool-364-thread-1] INFO  server.RaftServerConfigKeys (ConfUtils.java:logGet(46)) - raft.server.log.segment.size.max = 1048576 (custom)
2022-09-08 01:52:43,226 [pool-364-thread-1] INFO  server.RaftServerConfigKeys (ConfUtils.java:logGet(46)) - raft.server.log.preallocated.size = 16384 (custom)
2022-09-08 01:52:43,226 [pool-364-thread-1] INFO  server.RaftServerConfigKeys (ConfUtils.java:logGet(46)) - raft.server.log.force.sync.num = 128 (default)
2022-09-08 01:52:43,226 [pool-364-thread-1] INFO  server.RaftServerConfigKeys (ConfUtils.java:logGet(46)) - raft.server.log.statemachine.data.sync = true (default)
2022-09-08 01:52:43,226 [pool-364-thread-1] INFO  server.RaftServerConfigKeys (ConfUtils.java:logGet(46)) - raft.server.log.statemachine.data.sync.timeout = 10s (default)
2022-09-08 01:52:43,226 [pool-364-thread-1] INFO  server.RaftServerConfigKeys (ConfUtils.java:logGet(46)) - raft.server.log.statemachine.data.sync.timeout.retry = -1 (default)
2022-09-08 01:52:43,227 [pool-364-thread-1] INFO  server.RaftServerConfigKeys (ConfUtils.java:logGet(46)) - raft.server.log.write.buffer.size = 1048576 (custom)
2022-09-08 01:52:43,228 [pool-364-thread-1] INFO  server.RaftServerConfigKeys (ConfUtils.java:logGet(46)) - raft.server.log.unsafe-flush.enabled = false (default)
2022-09-08 01:52:43,228 [pool-364-thread-1] INFO  server.RaftServerConfigKeys (ConfUtils.java:logGet(46)) - raft.server.log.statemachine.data.caching.enabled = true (custom)
2022-09-08 01:52:43,228 [pool-364-thread-1] INFO  segmented.SegmentedRaftLogWorker (SegmentedRaftLogWorker.java:lambda$new$0(135)) - 9e86db77-9115-4b7d-b118-b6d634df39b3@group-DF9A6DE677AB-SegmentedRaftLogWorker: flushIndex: setUnconditionally 0 -> -1
2022-09-08 01:52:43,228 [pool-364-thread-1] INFO  segmented.SegmentedRaftLogWorker (SegmentedRaftLogWorker.java:lambda$new$0(135)) - 9e86db77-9115-4b7d-b118-b6d634df39b3@group-DF9A6DE677AB-SegmentedRaftLogWorker: safeCacheEvictIndex: setUnconditionally 0 -> -1
2022-09-08 01:52:43,236 [pool-364-thread-1] INFO  server.RaftServerConfigKeys (ConfUtils.java:logGet(46)) - raft.server.snapshot.auto.trigger.enabled = true (custom)
2022-09-08 01:52:43,236 [pool-364-thread-1] INFO  server.RaftServerConfigKeys (ConfUtils.java:logGet(46)) - raft.server.snapshot.auto.trigger.threshold = 10000 (custom)
2022-09-08 01:52:43,236 [pool-364-thread-1] INFO  server.RaftServerConfigKeys (ConfUtils.java:logGet(46)) - raft.server.snapshot.retention.file.num = 5 (custom)
2022-09-08 01:52:43,236 [pool-364-thread-1] INFO  server.RaftServerConfigKeys (ConfUtils.java:logGet(46)) - raft.server.log.purge.upto.snapshot.index = false (default)
2022-09-08 01:52:43,236 [pool-364-thread-1] INFO  server.RaftServerConfigKeys (ConfUtils.java:logGet(46)) - raft.server.retrycache.expirytime = 600000ms (custom)
2022-09-08 01:52:43,236 [pool-364-thread-1] INFO  server.RaftServerConfigKeys (ConfUtils.java:logGet(46)) - raft.server.retrycache.statistics.expirytime = 100μs (default)
2022-09-08 01:52:43,238 [pool-364-thread-1] INFO  server.RaftServerConfigKeys (ConfUtils.java:logGet(46)) - raft.server.log.appender.install.snapshot.enabled = false (custom)
2022-09-08 01:52:43,238 [pool-364-thread-1] INFO  server.RaftServerConfigKeys (ConfUtils.java:logGet(46)) - raft.server.threadpool.server.cached = true (default)
2022-09-08 01:52:43,238 [pool-364-thread-1] INFO  server.RaftServerConfigKeys (ConfUtils.java:logGet(46)) - raft.server.threadpool.server.size = 0 (default)
2022-09-08 01:52:43,238 [pool-364-thread-1] INFO  server.RaftServerConfigKeys (ConfUtils.java:logGet(46)) - raft.server.threadpool.client.cached = true (default)
2022-09-08 01:52:43,238 [pool-364-thread-1] INFO  server.RaftServerConfigKeys (ConfUtils.java:logGet(46)) - raft.server.threadpool.client.size = 0 (default)
2022-09-08 01:52:43,238 [pool-364-thread-1] INFO  server.RaftServer$Division (RaftServerImpl.java:start(310)) - 9e86db77-9115-4b7d-b118-b6d634df39b3@group-DF9A6DE677AB: start as a follower, conf=-1: [9e86db77-9115-4b7d-b118-b6d634df39b3|rpc:10.1.1.0:46843|priority:0, 4bf7dd5c-6c50-43e1-a529-d19303e563bb|rpc:10.1.1.0:38251|priority:0, 1fe68fa2-71ab-402b-9a9c-5fb65a06b7eb|rpc:10.1.1.0:45277|priority:1], old=null
2022-09-08 01:52:43,238 [pool-364-thread-1] INFO  server.RaftServer$Division (RaftServerImpl.java:setRole(299)) - 9e86db77-9115-4b7d-b118-b6d634df39b3@group-DF9A6DE677AB: changes role from      null to FOLLOWER at term 0 for startAsFollower
2022-09-08 01:52:43,238 [pool-364-thread-1] INFO  impl.RoleInfo (RoleInfo.java:updateAndGet(139)) - 9e86db77-9115-4b7d-b118-b6d634df39b3: start 9e86db77-9115-4b7d-b118-b6d634df39b3@group-DF9A6DE677AB-FollowerState
2022-09-08 01:52:43,257 [pool-364-thread-1] INFO  util.JmxRegister (JmxRegister.java:tryRegister(44)) - Successfully registered JMX Bean with object name Ratis:service=RaftServer,group=group-DF9A6DE677AB,id=9e86db77-9115-4b7d-b118-b6d634df39b3
2022-09-08 01:52:43,272 [Command processor thread] INFO  ratis.XceiverServerRatis (XceiverServerRatis.java:addGroup(765)) - Created group PipelineID=b60920cc-6816-4e4a-861d-df9a6de677ab
2022-09-08 01:52:43,330 [grpc-default-executor-0] INFO  server.RaftServer (RaftServerProxy.java:addNew(96)) - 1fe68fa2-71ab-402b-9a9c-5fb65a06b7eb: addNew group-DF9A6DE677AB:[9e86db77-9115-4b7d-b118-b6d634df39b3|rpc:10.1.1.0:46843|dataStream:|priority:0, 4bf7dd5c-6c50-43e1-a529-d19303e563bb|rpc:10.1.1.0:38251|dataStream:|priority:0, 1fe68fa2-71ab-402b-9a9c-5fb65a06b7eb|rpc:10.1.1.0:45277|dataStream:|priority:1] returns group-DF9A6DE677AB:java.util.concurrent.CompletableFuture@4d27931d[Not completed]
2022-09-08 01:52:43,371 [pool-387-thread-1] INFO  server.RaftServer$Division (RaftServerImpl.java:<init>(190)) - 1fe68fa2-71ab-402b-9a9c-5fb65a06b7eb: new RaftServerImpl for group-DF9A6DE677AB:[9e86db77-9115-4b7d-b118-b6d634df39b3|rpc:10.1.1.0:46843|dataStream:|priority:0, 4bf7dd5c-6c50-43e1-a529-d19303e563bb|rpc:10.1.1.0:38251|dataStream:|priority:0, 1fe68fa2-71ab-402b-9a9c-5fb65a06b7eb|rpc:10.1.1.0:45277|dataStream:|priority:1] with ContainerStateMachine:uninitialized
2022-09-08 01:52:43,372 [pool-387-thread-1] INFO  server.RaftServerConfigKeys (ConfUtils.java:logGet(46)) - raft.server.rpc.timeout.min = 5s (custom)
2022-09-08 01:52:43,372 [pool-387-thread-1] INFO  server.RaftServerConfigKeys (ConfUtils.java:logGet(46)) - raft.server.rpc.timeout.max = 5200ms (custom)
2022-09-08 01:52:43,372 [pool-387-thread-1] INFO  server.RaftServerConfigKeys (ConfUtils.java:logGet(46)) - raft.server.rpc.sleep.time = 25ms (default)
2022-09-08 01:52:43,372 [pool-387-thread-1] INFO  server.RaftServerConfigKeys (ConfUtils.java:logGet(46)) - raft.server.rpc.slowness.timeout = 300s (custom)
2022-09-08 01:52:43,372 [pool-387-thread-1] INFO  server.RaftServerConfigKeys (ConfUtils.java:logGet(46)) - raft.server.leaderelection.leader.step-down.wait-time = 10s (default)
2022-09-08 01:52:43,372 [pool-387-thread-1] INFO  server.RaftServerConfigKeys (ConfUtils.java:logGet(46)) - raft.server.sleep.deviation.threshold = 300ms (default)
2022-09-08 01:52:43,372 [pool-387-thread-1] INFO  server.RaftServer$Division (ServerState.java:<init>(107)) - 1fe68fa2-71ab-402b-9a9c-5fb65a06b7eb@group-DF9A6DE677AB: ConfigurationManager, init=-1: [9e86db77-9115-4b7d-b118-b6d634df39b3|rpc:10.1.1.0:46843|dataStream:|priority:0, 4bf7dd5c-6c50-43e1-a529-d19303e563bb|rpc:10.1.1.0:38251|dataStream:|priority:0, 1fe68fa2-71ab-402b-9a9c-5fb65a06b7eb|rpc:10.1.1.0:45277|dataStream:|priority:1], old=null, confs=<EMPTY_MAP>
2022-09-08 01:52:43,372 [pool-387-thread-1] INFO  server.RaftServerConfigKeys (ConfUtils.java:logGet(46)) - raft.server.storage.dir = [/home/runner/work/ozone/ozone/hadoop-ozone/integration-test/target/test-dir/MiniOzoneClusterImpl-41094698-2c6a-4710-a797-d1e03ae99019/datanode-1/data/ratis] (custom)
2022-09-08 01:52:43,372 [pool-387-thread-1] INFO  server.RaftServerConfigKeys (ConfUtils.java:logGet(46)) - raft.server.log.corruption.policy = EXCEPTION (default)
2022-09-08 01:52:43,372 [pool-387-thread-1] INFO  server.RaftServerConfigKeys (ConfUtils.java:logGet(46)) - raft.server.storage.free-space.min = 0MB (=0) (default)
2022-09-08 01:52:43,372 [pool-387-thread-1] INFO  storage.RaftStorageDirectory (RaftStorageDirectoryImpl.java:analyzeStorage(135)) - The storage directory /home/runner/work/ozone/ozone/hadoop-ozone/integration-test/target/test-dir/MiniOzoneClusterImpl-41094698-2c6a-4710-a797-d1e03ae99019/datanode-1/data/ratis/b60920cc-6816-4e4a-861d-df9a6de677ab does not exist. Creating ...
2022-09-08 01:52:43,380 [pool-387-thread-1] INFO  storage.RaftStorageDirectory (RaftStorageDirectoryImpl.java:tryLock(230)) - Lock on /home/runner/work/ozone/ozone/hadoop-ozone/integration-test/target/test-dir/MiniOzoneClusterImpl-41094698-2c6a-4710-a797-d1e03ae99019/datanode-1/data/ratis/b60920cc-6816-4e4a-861d-df9a6de677ab/in_use.lock acquired by nodename 132736@fv-az38-857
2022-09-08 01:52:43,381 [pool-387-thread-1] INFO  storage.RaftStorage (RaftStorageImpl.java:format(89)) - Storage directory /home/runner/work/ozone/ozone/hadoop-ozone/integration-test/target/test-dir/MiniOzoneClusterImpl-41094698-2c6a-4710-a797-d1e03ae99019/datanode-1/data/ratis/b60920cc-6816-4e4a-861d-df9a6de677ab has been successfully formatted.
2022-09-08 01:52:43,387 [pool-387-thread-1] INFO  ratis.ContainerStateMachine (ContainerStateMachine.java:loadSnapshot(236)) - group-DF9A6DE677AB: The snapshot info is null. Setting the last applied indexto:(t:0, i:~)
2022-09-08 01:52:43,397 [pool-387-thread-1] INFO  server.RaftServerConfigKeys (ConfUtils.java:logGet(46)) - raft.server.notification.no-leader.timeout = 300s (custom)
2022-09-08 01:52:43,397 [pool-387-thread-1] INFO  server.RaftServerConfigKeys (ConfUtils.java:logGet(46)) - raft.server.log.use.memory = false (default)
2022-09-08 01:52:43,397 [pool-387-thread-1] INFO  server.RaftServerConfigKeys (ConfUtils.java:logGet(46)) - raft.server.log.purge.gap = 1000000 (custom)
2022-09-08 01:52:43,397 [pool-387-thread-1] INFO  server.RaftServerConfigKeys (ConfUtils.java:logGet(46)) - raft.server.log.appender.buffer.byte-limit = 33554432 (custom)
2022-09-08 01:52:43,397 [pool-387-thread-1] INFO  server.RaftServerConfigKeys (ConfUtils.java:logGet(46)) - raft.server.log.statemachine.data.read.timeout = 1000ms (default)
2022-09-08 01:52:43,398 [pool-387-thread-1] INFO  server.RaftServerConfigKeys (ConfUtils.java:logGet(46)) - raft.server.log.segment.size.max = 1048576 (custom)
2022-09-08 01:52:43,398 [pool-387-thread-1] INFO  server.RaftServerConfigKeys (ConfUtils.java:logGet(46)) - raft.server.log.segment.cache.num.max = 2 (custom)
2022-09-08 01:52:43,398 [pool-387-thread-1] INFO  server.RaftServerConfigKeys (ConfUtils.java:logGet(46)) - raft.server.log.segment.cache.size.max = 200MB (=209715200) (default)
2022-09-08 01:52:43,398 [pool-387-thread-1] INFO  segmented.SegmentedRaftLogWorker (SegmentedRaftLogWorker.java:<init>(187)) - new 1fe68fa2-71ab-402b-9a9c-5fb65a06b7eb@group-DF9A6DE677AB-SegmentedRaftLogWorker for RaftStorageImpl:Storage Directory /home/runner/work/ozone/ozone/hadoop-ozone/integration-test/target/test-dir/MiniOzoneClusterImpl-41094698-2c6a-4710-a797-d1e03ae99019/datanode-1/data/ratis/b60920cc-6816-4e4a-861d-df9a6de677ab
2022-09-08 01:52:43,398 [pool-387-thread-1] INFO  server.RaftServerConfigKeys (ConfUtils.java:logGet(46)) - raft.server.log.queue.byte-limit = 4294967296 (custom)
2022-09-08 01:52:43,398 [pool-387-thread-1] INFO  server.RaftServerConfigKeys (ConfUtils.java:logGet(46)) - raft.server.log.queue.element-limit = 1024 (custom)
2022-09-08 01:52:43,398 [pool-387-thread-1] INFO  server.RaftServerConfigKeys (ConfUtils.java:logGet(46)) - raft.server.log.segment.size.max = 1048576 (custom)
2022-09-08 01:52:43,398 [pool-387-thread-1] INFO  server.RaftServerConfigKeys (ConfUtils.java:logGet(46)) - raft.server.log.preallocated.size = 16384 (custom)
2022-09-08 01:52:43,398 [pool-387-thread-1] INFO  server.RaftServerConfigKeys (ConfUtils.java:logGet(46)) - raft.server.log.force.sync.num = 128 (default)
2022-09-08 01:52:43,398 [pool-387-thread-1] INFO  server.RaftServerConfigKeys (ConfUtils.java:logGet(46)) - raft.server.log.statemachine.data.sync = true (default)
2022-09-08 01:52:43,398 [pool-387-thread-1] INFO  server.RaftServerConfigKeys (ConfUtils.java:logGet(46)) - raft.server.log.statemachine.data.sync.timeout = 10s (default)
2022-09-08 01:52:43,399 [pool-387-thread-1] INFO  server.RaftServerConfigKeys (ConfUtils.java:logGet(46)) - raft.server.log.statemachine.data.sync.timeout.retry = -1 (default)
2022-09-08 01:52:43,399 [pool-387-thread-1] INFO  server.RaftServerConfigKeys (ConfUtils.java:logGet(46)) - raft.server.log.write.buffer.size = 1048576 (custom)
2022-09-08 01:52:43,400 [pool-387-thread-1] INFO  server.RaftServerConfigKeys (ConfUtils.java:logGet(46)) - raft.server.log.unsafe-flush.enabled = false (default)
2022-09-08 01:52:43,400 [pool-387-thread-1] INFO  server.RaftServerConfigKeys (ConfUtils.java:logGet(46)) - raft.server.log.statemachine.data.caching.enabled = true (custom)
2022-09-08 01:52:43,400 [pool-387-thread-1] INFO  segmented.SegmentedRaftLogWorker (SegmentedRaftLogWorker.java:lambda$new$0(135)) - 1fe68fa2-71ab-402b-9a9c-5fb65a06b7eb@group-DF9A6DE677AB-SegmentedRaftLogWorker: flushIndex: setUnconditionally 0 -> -1
2022-09-08 01:52:43,400 [pool-387-thread-1] INFO  segmented.SegmentedRaftLogWorker (SegmentedRaftLogWorker.java:lambda$new$0(135)) - 1fe68fa2-71ab-402b-9a9c-5fb65a06b7eb@group-DF9A6DE677AB-SegmentedRaftLogWorker: safeCacheEvictIndex: setUnconditionally 0 -> -1
2022-09-08 01:52:43,402 [pool-387-thread-1] INFO  server.RaftServerConfigKeys (ConfUtils.java:logGet(46)) - raft.server.snapshot.auto.trigger.enabled = true (custom)
2022-09-08 01:52:43,402 [pool-387-thread-1] INFO  server.RaftServerConfigKeys (ConfUtils.java:logGet(46)) - raft.server.snapshot.auto.trigger.threshold = 10000 (custom)
2022-09-08 01:52:43,402 [pool-387-thread-1] INFO  server.RaftServerConfigKeys (ConfUtils.java:logGet(46)) - raft.server.snapshot.retention.file.num = 5 (custom)
2022-09-08 01:52:43,402 [pool-387-thread-1] INFO  server.RaftServerConfigKeys (ConfUtils.java:logGet(46)) - raft.server.log.purge.upto.snapshot.index = false (default)
2022-09-08 01:52:43,402 [pool-387-thread-1] INFO  server.RaftServerConfigKeys (ConfUtils.java:logGet(46)) - raft.server.retrycache.expirytime = 600000ms (custom)
2022-09-08 01:52:43,402 [pool-387-thread-1] INFO  server.RaftServerConfigKeys (ConfUtils.java:logGet(46)) - raft.server.retrycache.statistics.expirytime = 100μs (default)
2022-09-08 01:52:43,403 [pool-387-thread-1] INFO  server.RaftServerConfigKeys (ConfUtils.java:logGet(46)) - raft.server.log.appender.install.snapshot.enabled = false (custom)
2022-09-08 01:52:43,403 [pool-387-thread-1] INFO  server.RaftServerConfigKeys (ConfUtils.java:logGet(46)) - raft.server.threadpool.server.cached = true (default)
2022-09-08 01:52:43,403 [pool-387-thread-1] INFO  server.RaftServerConfigKeys (ConfUtils.java:logGet(46)) - raft.server.threadpool.server.size = 0 (default)
2022-09-08 01:52:43,403 [pool-387-thread-1] INFO  server.RaftServerConfigKeys (ConfUtils.java:logGet(46)) - raft.server.threadpool.client.cached = true (default)
2022-09-08 01:52:43,404 [pool-387-thread-1] INFO  server.RaftServerConfigKeys (ConfUtils.java:logGet(46)) - raft.server.threadpool.client.size = 0 (default)
2022-09-08 01:52:43,404 [pool-387-thread-1] INFO  server.RaftServer$Division (RaftServerImpl.java:start(310)) - 1fe68fa2-71ab-402b-9a9c-5fb65a06b7eb@group-DF9A6DE677AB: start as a follower, conf=-1: [9e86db77-9115-4b7d-b118-b6d634df39b3|rpc:10.1.1.0:46843|dataStream:|priority:0, 4bf7dd5c-6c50-43e1-a529-d19303e563bb|rpc:10.1.1.0:38251|dataStream:|priority:0, 1fe68fa2-71ab-402b-9a9c-5fb65a06b7eb|rpc:10.1.1.0:45277|dataStream:|priority:1], old=null
2022-09-08 01:52:43,404 [pool-387-thread-1] INFO  server.RaftServer$Division (RaftServerImpl.java:setRole(299)) - 1fe68fa2-71ab-402b-9a9c-5fb65a06b7eb@group-DF9A6DE677AB: changes role from      null to FOLLOWER at term 0 for startAsFollower
2022-09-08 01:52:43,404 [pool-387-thread-1] INFO  impl.RoleInfo (RoleInfo.java:updateAndGet(139)) - 1fe68fa2-71ab-402b-9a9c-5fb65a06b7eb: start 1fe68fa2-71ab-402b-9a9c-5fb65a06b7eb@group-DF9A6DE677AB-FollowerState
2022-09-08 01:52:43,405 [pool-387-thread-1] INFO  util.JmxRegister (JmxRegister.java:tryRegister(44)) - Successfully registered JMX Bean with object name Ratis:service=RaftServer,group=group-DF9A6DE677AB,id=1fe68fa2-71ab-402b-9a9c-5fb65a06b7eb
2022-09-08 01:52:43,515 [grpc-default-executor-0] INFO  server.RaftServer (RaftServerProxy.java:addNew(96)) - 4bf7dd5c-6c50-43e1-a529-d19303e563bb: addNew group-DF9A6DE677AB:[9e86db77-9115-4b7d-b118-b6d634df39b3|rpc:10.1.1.0:46843|dataStream:|priority:0, 4bf7dd5c-6c50-43e1-a529-d19303e563bb|rpc:10.1.1.0:38251|dataStream:|priority:0, 1fe68fa2-71ab-402b-9a9c-5fb65a06b7eb|rpc:10.1.1.0:45277|dataStream:|priority:1] returns group-DF9A6DE677AB:java.util.concurrent.CompletableFuture@4e23077c[Not completed]
2022-09-08 01:52:43,534 [pool-410-thread-1] INFO  server.RaftServer$Division (RaftServerImpl.java:<init>(190)) - 4bf7dd5c-6c50-43e1-a529-d19303e563bb: new RaftServerImpl for group-DF9A6DE677AB:[9e86db77-9115-4b7d-b118-b6d634df39b3|rpc:10.1.1.0:46843|dataStream:|priority:0, 4bf7dd5c-6c50-43e1-a529-d19303e563bb|rpc:10.1.1.0:38251|dataStream:|priority:0, 1fe68fa2-71ab-402b-9a9c-5fb65a06b7eb|rpc:10.1.1.0:45277|dataStream:|priority:1] with ContainerStateMachine:uninitialized
2022-09-08 01:52:43,534 [pool-410-thread-1] INFO  server.RaftServerConfigKeys (ConfUtils.java:logGet(46)) - raft.server.rpc.timeout.min = 5s (custom)
2022-09-08 01:52:43,534 [pool-410-thread-1] INFO  server.RaftServerConfigKeys (ConfUtils.java:logGet(46)) - raft.server.rpc.timeout.max = 5200ms (custom)
2022-09-08 01:52:43,534 [pool-410-thread-1] INFO  server.RaftServerConfigKeys (ConfUtils.java:logGet(46)) - raft.server.rpc.sleep.time = 25ms (default)
2022-09-08 01:52:43,534 [pool-410-thread-1] INFO  server.RaftServerConfigKeys (ConfUtils.java:logGet(46)) - raft.server.rpc.slowness.timeout = 300s (custom)
2022-09-08 01:52:43,534 [pool-410-thread-1] INFO  server.RaftServerConfigKeys (ConfUtils.java:logGet(46)) - raft.server.leaderelection.leader.step-down.wait-time = 10s (default)
2022-09-08 01:52:43,534 [pool-410-thread-1] INFO  server.RaftServerConfigKeys (ConfUtils.java:logGet(46)) - raft.server.sleep.deviation.threshold = 300ms (default)
2022-09-08 01:52:43,535 [pool-410-thread-1] INFO  server.RaftServer$Division (ServerState.java:<init>(107)) - 4bf7dd5c-6c50-43e1-a529-d19303e563bb@group-DF9A6DE677AB: ConfigurationManager, init=-1: [9e86db77-9115-4b7d-b118-b6d634df39b3|rpc:10.1.1.0:46843|dataStream:|priority:0, 4bf7dd5c-6c50-43e1-a529-d19303e563bb|rpc:10.1.1.0:38251|dataStream:|priority:0, 1fe68fa2-71ab-402b-9a9c-5fb65a06b7eb|rpc:10.1.1.0:45277|dataStream:|priority:1], old=null, confs=<EMPTY_MAP>
2022-09-08 01:52:43,535 [pool-410-thread-1] INFO  server.RaftServerConfigKeys (ConfUtils.java:logGet(46)) - raft.server.storage.dir = [/home/runner/work/ozone/ozone/hadoop-ozone/integration-test/target/test-dir/MiniOzoneClusterImpl-41094698-2c6a-4710-a797-d1e03ae99019/datanode-2/data/ratis] (custom)
2022-09-08 01:52:43,535 [pool-410-thread-1] INFO  server.RaftServerConfigKeys (ConfUtils.java:logGet(46)) - raft.server.log.corruption.policy = EXCEPTION (default)
2022-09-08 01:52:43,535 [pool-410-thread-1] INFO  server.RaftServerConfigKeys (ConfUtils.java:logGet(46)) - raft.server.storage.free-space.min = 0MB (=0) (default)
2022-09-08 01:52:43,535 [pool-410-thread-1] INFO  storage.RaftStorageDirectory (RaftStorageDirectoryImpl.java:analyzeStorage(135)) - The storage directory /home/runner/work/ozone/ozone/hadoop-ozone/integration-test/target/test-dir/MiniOzoneClusterImpl-41094698-2c6a-4710-a797-d1e03ae99019/datanode-2/data/ratis/b60920cc-6816-4e4a-861d-df9a6de677ab does not exist. Creating ...
2022-09-08 01:52:43,539 [pool-410-thread-1] INFO  storage.RaftStorageDirectory (RaftStorageDirectoryImpl.java:tryLock(230)) - Lock on /home/runner/work/ozone/ozone/hadoop-ozone/integration-test/target/test-dir/MiniOzoneClusterImpl-41094698-2c6a-4710-a797-d1e03ae99019/datanode-2/data/ratis/b60920cc-6816-4e4a-861d-df9a6de677ab/in_use.lock acquired by nodename 132736@fv-az38-857
2022-09-08 01:52:43,546 [pool-410-thread-1] INFO  storage.RaftStorage (RaftStorageImpl.java:format(89)) - Storage directory /home/runner/work/ozone/ozone/hadoop-ozone/integration-test/target/test-dir/MiniOzoneClusterImpl-41094698-2c6a-4710-a797-d1e03ae99019/datanode-2/data/ratis/b60920cc-6816-4e4a-861d-df9a6de677ab has been successfully formatted.
2022-09-08 01:52:43,546 [pool-410-thread-1] INFO  ratis.ContainerStateMachine (ContainerStateMachine.java:loadSnapshot(236)) - group-DF9A6DE677AB: The snapshot info is null. Setting the last applied indexto:(t:0, i:~)
2022-09-08 01:52:43,557 [Listener at 127.0.0.1/42159] INFO  ozone.MiniOzoneClusterImpl (MiniOzoneClusterImpl.java:lambda$waitForClusterToBeReady$0(216)) - Nodes are ready. Got 3 of 3 DN Heartbeats.
2022-09-08 01:52:43,567 [Listener at 127.0.0.1/42159] INFO  ozone.MiniOzoneClusterImpl (MiniOzoneClusterImpl.java:lambda$waitForClusterToBeReady$0(219)) - Waiting for cluster to exit safe mode
2022-09-08 01:52:43,567 [Listener at 127.0.0.1/42159] INFO  ozone.MiniOzoneClusterImpl (MiniOzoneClusterImpl.java:lambda$waitForClusterToBeReady$0(221)) - SCM became leader
2022-09-08 01:52:43,569 [pool-410-thread-1] INFO  server.RaftServerConfigKeys (ConfUtils.java:logGet(46)) - raft.server.notification.no-leader.timeout = 300s (custom)
2022-09-08 01:52:43,569 [pool-410-thread-1] INFO  server.RaftServerConfigKeys (ConfUtils.java:logGet(46)) - raft.server.log.use.memory = false (default)
2022-09-08 01:52:43,569 [pool-410-thread-1] INFO  server.RaftServerConfigKeys (ConfUtils.java:logGet(46)) - raft.server.log.purge.gap = 1000000 (custom)
2022-09-08 01:52:43,569 [pool-410-thread-1] INFO  server.RaftServerConfigKeys (ConfUtils.java:logGet(46)) - raft.server.log.appender.buffer.byte-limit = 33554432 (custom)
2022-09-08 01:52:43,569 [pool-410-thread-1] INFO  server.RaftServerConfigKeys (ConfUtils.java:logGet(46)) - raft.server.log.statemachine.data.read.timeout = 1000ms (default)
2022-09-08 01:52:43,569 [pool-410-thread-1] INFO  server.RaftServerConfigKeys (ConfUtils.java:logGet(46)) - raft.server.log.segment.size.max = 1048576 (custom)
2022-09-08 01:52:43,570 [pool-410-thread-1] INFO  server.RaftServerConfigKeys (ConfUtils.java:logGet(46)) - raft.server.log.segment.cache.num.max = 2 (custom)
2022-09-08 01:52:43,570 [pool-410-thread-1] INFO  server.RaftServerConfigKeys (ConfUtils.java:logGet(46)) - raft.server.log.segment.cache.size.max = 200MB (=209715200) (default)
2022-09-08 01:52:43,570 [pool-410-thread-1] INFO  segmented.SegmentedRaftLogWorker (SegmentedRaftLogWorker.java:<init>(187)) - new 4bf7dd5c-6c50-43e1-a529-d19303e563bb@group-DF9A6DE677AB-SegmentedRaftLogWorker for RaftStorageImpl:Storage Directory /home/runner/work/ozone/ozone/hadoop-ozone/integration-test/target/test-dir/MiniOzoneClusterImpl-41094698-2c6a-4710-a797-d1e03ae99019/datanode-2/data/ratis/b60920cc-6816-4e4a-861d-df9a6de677ab
2022-09-08 01:52:43,570 [pool-410-thread-1] INFO  server.RaftServerConfigKeys (ConfUtils.java:logGet(46)) - raft.server.log.queue.byte-limit = 4294967296 (custom)
2022-09-08 01:52:43,570 [pool-410-thread-1] INFO  server.RaftServerConfigKeys (ConfUtils.java:logGet(46)) - raft.server.log.queue.element-limit = 1024 (custom)
2022-09-08 01:52:43,570 [pool-410-thread-1] INFO  server.RaftServerConfigKeys (ConfUtils.java:logGet(46)) - raft.server.log.segment.size.max = 1048576 (custom)
2022-09-08 01:52:43,570 [pool-410-thread-1] INFO  server.RaftServerConfigKeys (ConfUtils.java:logGet(46)) - raft.server.log.preallocated.size = 16384 (custom)
2022-09-08 01:52:43,570 [pool-410-thread-1] INFO  server.RaftServerConfigKeys (ConfUtils.java:logGet(46)) - raft.server.log.force.sync.num = 128 (default)
2022-09-08 01:52:43,570 [pool-410-thread-1] INFO  server.RaftServerConfigKeys (ConfUtils.java:logGet(46)) - raft.server.log.statemachine.data.sync = true (default)
2022-09-08 01:52:43,570 [pool-410-thread-1] INFO  server.RaftServerConfigKeys (ConfUtils.java:logGet(46)) - raft.server.log.statemachine.data.sync.timeout = 10s (default)
2022-09-08 01:52:43,570 [pool-410-thread-1] INFO  server.RaftServerConfigKeys (ConfUtils.java:logGet(46)) - raft.server.log.statemachine.data.sync.timeout.retry = -1 (default)
2022-09-08 01:52:43,571 [pool-410-thread-1] INFO  server.RaftServerConfigKeys (ConfUtils.java:logGet(46)) - raft.server.log.write.buffer.size = 1048576 (custom)
2022-09-08 01:52:43,572 [pool-410-thread-1] INFO  server.RaftServerConfigKeys (ConfUtils.java:logGet(46)) - raft.server.log.unsafe-flush.enabled = false (default)
2022-09-08 01:52:43,572 [pool-410-thread-1] INFO  server.RaftServerConfigKeys (ConfUtils.java:logGet(46)) - raft.server.log.statemachine.data.caching.enabled = true (custom)
2022-09-08 01:52:43,572 [pool-410-thread-1] INFO  segmented.SegmentedRaftLogWorker (SegmentedRaftLogWorker.java:lambda$new$0(135)) - 4bf7dd5c-6c50-43e1-a529-d19303e563bb@group-DF9A6DE677AB-SegmentedRaftLogWorker: flushIndex: setUnconditionally 0 -> -1
2022-09-08 01:52:43,572 [pool-410-thread-1] INFO  segmented.SegmentedRaftLogWorker (SegmentedRaftLogWorker.java:lambda$new$0(135)) - 4bf7dd5c-6c50-43e1-a529-d19303e563bb@group-DF9A6DE677AB-SegmentedRaftLogWorker: safeCacheEvictIndex: setUnconditionally 0 -> -1
2022-09-08 01:52:43,585 [pool-410-thread-1] INFO  server.RaftServerConfigKeys (ConfUtils.java:logGet(46)) - raft.server.snapshot.auto.trigger.enabled = true (custom)
2022-09-08 01:52:43,585 [pool-410-thread-1] INFO  server.RaftServerConfigKeys (ConfUtils.java:logGet(46)) - raft.server.snapshot.auto.trigger.threshold = 10000 (custom)
2022-09-08 01:52:43,585 [pool-410-thread-1] INFO  server.RaftServerConfigKeys (ConfUtils.java:logGet(46)) - raft.server.snapshot.retention.file.num = 5 (custom)
2022-09-08 01:52:43,585 [pool-410-thread-1] INFO  server.RaftServerConfigKeys (ConfUtils.java:logGet(46)) - raft.server.log.purge.upto.snapshot.index = false (default)
2022-09-08 01:52:43,585 [pool-410-thread-1] INFO  server.RaftServerConfigKeys (ConfUtils.java:logGet(46)) - raft.server.retrycache.expirytime = 600000ms (custom)
2022-09-08 01:52:43,585 [pool-410-thread-1] INFO  server.RaftServerConfigKeys (ConfUtils.java:logGet(46)) - raft.server.retrycache.statistics.expirytime = 100μs (default)
2022-09-08 01:52:43,586 [pool-410-thread-1] INFO  server.RaftServerConfigKeys (ConfUtils.java:logGet(46)) - raft.server.log.appender.install.snapshot.enabled = false (custom)
2022-09-08 01:52:43,586 [pool-410-thread-1] INFO  server.RaftServerConfigKeys (ConfUtils.java:logGet(46)) - raft.server.threadpool.server.cached = true (default)
2022-09-08 01:52:43,586 [pool-410-thread-1] INFO  server.RaftServerConfigKeys (ConfUtils.java:logGet(46)) - raft.server.threadpool.server.size = 0 (default)
2022-09-08 01:52:43,586 [pool-410-thread-1] INFO  server.RaftServerConfigKeys (ConfUtils.java:logGet(46)) - raft.server.threadpool.client.cached = true (default)
2022-09-08 01:52:43,586 [pool-410-thread-1] INFO  server.RaftServerConfigKeys (ConfUtils.java:logGet(46)) - raft.server.threadpool.client.size = 0 (default)
2022-09-08 01:52:43,586 [pool-410-thread-1] INFO  server.RaftServer$Division (RaftServerImpl.java:start(310)) - 4bf7dd5c-6c50-43e1-a529-d19303e563bb@group-DF9A6DE677AB: start as a follower, conf=-1: [9e86db77-9115-4b7d-b118-b6d634df39b3|rpc:10.1.1.0:46843|dataStream:|priority:0, 4bf7dd5c-6c50-43e1-a529-d19303e563bb|rpc:10.1.1.0:38251|dataStream:|priority:0, 1fe68fa2-71ab-402b-9a9c-5fb65a06b7eb|rpc:10.1.1.0:45277|dataStream:|priority:1], old=null
2022-09-08 01:52:43,586 [pool-410-thread-1] INFO  server.RaftServer$Division (RaftServerImpl.java:setRole(299)) - 4bf7dd5c-6c50-43e1-a529-d19303e563bb@group-DF9A6DE677AB: changes role from      null to FOLLOWER at term 0 for startAsFollower
2022-09-08 01:52:43,586 [pool-410-thread-1] INFO  impl.RoleInfo (RoleInfo.java:updateAndGet(139)) - 4bf7dd5c-6c50-43e1-a529-d19303e563bb: start 4bf7dd5c-6c50-43e1-a529-d19303e563bb@group-DF9A6DE677AB-FollowerState
2022-09-08 01:52:43,587 [pool-410-thread-1] INFO  util.JmxRegister (JmxRegister.java:tryRegister(44)) - Successfully registered JMX Bean with object name Ratis:service=RaftServer,group=group-DF9A6DE677AB,id=4bf7dd5c-6c50-43e1-a529-d19303e563bb
2022-09-08 01:52:43,611 [Command processor thread] INFO  commandhandler.CreatePipelineCommandHandler (CreatePipelineCommandHandler.java:handle(113)) - Created Pipeline RATIS THREE PipelineID=b60920cc-6816-4e4a-861d-df9a6de677ab.
2022-09-08 01:52:43,611 [Command processor thread] INFO  server.RaftServer (RaftServerProxy.java:addNew(96)) - 9e86db77-9115-4b7d-b118-b6d634df39b3: addNew group-544FA1B7502B:[9e86db77-9115-4b7d-b118-b6d634df39b3|rpc:10.1.1.0:46843|priority:1, 4bf7dd5c-6c50-43e1-a529-d19303e563bb|rpc:10.1.1.0:38251|priority:0, 1fe68fa2-71ab-402b-9a9c-5fb65a06b7eb|rpc:10.1.1.0:45277|priority:0] returns group-544FA1B7502B:java.util.concurrent.CompletableFuture@2941ba00[Not completed]
2022-09-08 01:52:43,621 [pool-364-thread-1] INFO  server.RaftServer$Division (RaftServerImpl.java:<init>(190)) - 9e86db77-9115-4b7d-b118-b6d634df39b3: new RaftServerImpl for group-544FA1B7502B:[9e86db77-9115-4b7d-b118-b6d634df39b3|rpc:10.1.1.0:46843|priority:1, 4bf7dd5c-6c50-43e1-a529-d19303e563bb|rpc:10.1.1.0:38251|priority:0, 1fe68fa2-71ab-402b-9a9c-5fb65a06b7eb|rpc:10.1.1.0:45277|priority:0] with ContainerStateMachine:uninitialized
2022-09-08 01:52:43,621 [pool-364-thread-1] INFO  server.RaftServerConfigKeys (ConfUtils.java:logGet(46)) - raft.server.rpc.timeout.min = 5s (custom)
2022-09-08 01:52:43,621 [pool-364-thread-1] INFO  server.RaftServerConfigKeys (ConfUtils.java:logGet(46)) - raft.server.rpc.timeout.max = 5200ms (custom)
2022-09-08 01:52:43,621 [pool-364-thread-1] INFO  server.RaftServerConfigKeys (ConfUtils.java:logGet(46)) - raft.server.rpc.sleep.time = 25ms (default)
2022-09-08 01:52:43,621 [pool-364-thread-1] INFO  server.RaftServerConfigKeys (ConfUtils.java:logGet(46)) - raft.server.rpc.slowness.timeout = 300s (custom)
2022-09-08 01:52:43,621 [pool-364-thread-1] INFO  server.RaftServerConfigKeys (ConfUtils.java:logGet(46)) - raft.server.leaderelection.leader.step-down.wait-time = 10s (default)
2022-09-08 01:52:43,621 [pool-364-thread-1] INFO  server.RaftServerConfigKeys (ConfUtils.java:logGet(46)) - raft.server.sleep.deviation.threshold = 300ms (default)
2022-09-08 01:52:43,621 [pool-364-thread-1] INFO  server.RaftServer$Division (ServerState.java:<init>(107)) - 9e86db77-9115-4b7d-b118-b6d634df39b3@group-544FA1B7502B: ConfigurationManager, init=-1: [9e86db77-9115-4b7d-b118-b6d634df39b3|rpc:10.1.1.0:46843|priority:1, 4bf7dd5c-6c50-43e1-a529-d19303e563bb|rpc:10.1.1.0:38251|priority:0, 1fe68fa2-71ab-402b-9a9c-5fb65a06b7eb|rpc:10.1.1.0:45277|priority:0], old=null, confs=<EMPTY_MAP>
2022-09-08 01:52:43,621 [pool-364-thread-1] INFO  server.RaftServerConfigKeys (ConfUtils.java:logGet(46)) - raft.server.storage.dir = [/home/runner/work/ozone/ozone/hadoop-ozone/integration-test/target/test-dir/MiniOzoneClusterImpl-41094698-2c6a-4710-a797-d1e03ae99019/datanode-0/data/ratis] (custom)
2022-09-08 01:52:43,621 [pool-364-thread-1] INFO  server.RaftServerConfigKeys (ConfUtils.java:logGet(46)) - raft.server.log.corruption.policy = EXCEPTION (default)
2022-09-08 01:52:43,621 [pool-364-thread-1] INFO  server.RaftServerConfigKeys (ConfUtils.java:logGet(46)) - raft.server.storage.free-space.min = 0MB (=0) (default)
2022-09-08 01:52:43,621 [pool-364-thread-1] INFO  storage.RaftStorageDirectory (RaftStorageDirectoryImpl.java:analyzeStorage(135)) - The storage directory /home/runner/work/ozone/ozone/hadoop-ozone/integration-test/target/test-dir/MiniOzoneClusterImpl-41094698-2c6a-4710-a797-d1e03ae99019/datanode-0/data/ratis/68700579-68ec-459c-a403-544fa1b7502b does not exist. Creating ...
2022-09-08 01:52:43,625 [pool-364-thread-1] INFO  storage.RaftStorageDirectory (RaftStorageDirectoryImpl.java:tryLock(230)) - Lock on /home/runner/work/ozone/ozone/hadoop-ozone/integration-test/target/test-dir/MiniOzoneClusterImpl-41094698-2c6a-4710-a797-d1e03ae99019/datanode-0/data/ratis/68700579-68ec-459c-a403-544fa1b7502b/in_use.lock acquired by nodename 132736@fv-az38-857
2022-09-08 01:52:43,641 [pool-364-thread-1] INFO  storage.RaftStorage (RaftStorageImpl.java:format(89)) - Storage directory /home/runner/work/ozone/ozone/hadoop-ozone/integration-test/target/test-dir/MiniOzoneClusterImpl-41094698-2c6a-4710-a797-d1e03ae99019/datanode-0/data/ratis/68700579-68ec-459c-a403-544fa1b7502b has been successfully formatted.
2022-09-08 01:52:43,641 [pool-364-thread-1] INFO  ratis.ContainerStateMachine (ContainerStateMachine.java:loadSnapshot(236)) - group-544FA1B7502B: The snapshot info is null. Setting the last applied indexto:(t:0, i:~)
2022-09-08 01:52:43,641 [pool-364-thread-1] INFO  server.RaftServerConfigKeys (ConfUtils.java:logGet(46)) - raft.server.notification.no-leader.timeout = 300s (custom)
2022-09-08 01:52:43,641 [pool-364-thread-1] INFO  server.RaftServerConfigKeys (ConfUtils.java:logGet(46)) - raft.server.log.use.memory = false (default)
2022-09-08 01:52:43,641 [pool-364-thread-1] INFO  server.RaftServerConfigKeys (ConfUtils.java:logGet(46)) - raft.server.log.purge.gap = 1000000 (custom)
2022-09-08 01:52:43,641 [pool-364-thread-1] INFO  server.RaftServerConfigKeys (ConfUtils.java:logGet(46)) - raft.server.log.appender.buffer.byte-limit = 33554432 (custom)
2022-09-08 01:52:43,641 [pool-364-thread-1] INFO  server.RaftServerConfigKeys (ConfUtils.java:logGet(46)) - raft.server.log.statemachine.data.read.timeout = 1000ms (default)
2022-09-08 01:52:43,642 [pool-364-thread-1] INFO  server.RaftServerConfigKeys (ConfUtils.java:logGet(46)) - raft.server.log.segment.size.max = 1048576 (custom)
2022-09-08 01:52:43,644 [pool-364-thread-1] INFO  server.RaftServerConfigKeys (ConfUtils.java:logGet(46)) - raft.server.log.segment.cache.num.max = 2 (custom)
2022-09-08 01:52:43,644 [pool-364-thread-1] INFO  server.RaftServerConfigKeys (ConfUtils.java:logGet(46)) - raft.server.log.segment.cache.size.max = 200MB (=209715200) (default)
2022-09-08 01:52:43,645 [EventQueue-OpenPipelineForHealthyPipelineSafeModeRule] INFO  safemode.SCMSafeModeManager (HealthyPipelineSafeModeRule.java:process(137)) - SCM in safe mode. Healthy pipelines reported count is 0, required healthy pipeline reported count is 1
2022-09-08 01:52:43,645 [pool-364-thread-1] INFO  segmented.SegmentedRaftLogWorker (SegmentedRaftLogWorker.java:<init>(187)) - new 9e86db77-9115-4b7d-b118-b6d634df39b3@group-544FA1B7502B-SegmentedRaftLogWorker for RaftStorageImpl:Storage Directory /home/runner/work/ozone/ozone/hadoop-ozone/integration-test/target/test-dir/MiniOzoneClusterImpl-41094698-2c6a-4710-a797-d1e03ae99019/datanode-0/data/ratis/68700579-68ec-459c-a403-544fa1b7502b
2022-09-08 01:52:43,645 [pool-364-thread-1] INFO  server.RaftServerConfigKeys (ConfUtils.java:logGet(46)) - raft.server.log.queue.byte-limit = 4294967296 (custom)
2022-09-08 01:52:43,645 [pool-364-thread-1] INFO  server.RaftServerConfigKeys (ConfUtils.java:logGet(46)) - raft.server.log.queue.element-limit = 1024 (custom)
2022-09-08 01:52:43,645 [pool-364-thread-1] INFO  server.RaftServerConfigKeys (ConfUtils.java:logGet(46)) - raft.server.log.segment.size.max = 1048576 (custom)
2022-09-08 01:52:43,645 [pool-364-thread-1] INFO  server.RaftServerConfigKeys (ConfUtils.java:logGet(46)) - raft.server.log.preallocated.size = 16384 (custom)
2022-09-08 01:52:43,645 [pool-364-thread-1] INFO  server.RaftServerConfigKeys (ConfUtils.java:logGet(46)) - raft.server.log.force.sync.num = 128 (default)
2022-09-08 01:52:43,645 [pool-364-thread-1] INFO  server.RaftServerConfigKeys (ConfUtils.java:logGet(46)) - raft.server.log.statemachine.data.sync = true (default)
2022-09-08 01:52:43,645 [pool-364-thread-1] INFO  server.RaftServerConfigKeys (ConfUtils.java:logGet(46)) - raft.server.log.statemachine.data.sync.timeout = 10s (default)
2022-09-08 01:52:43,645 [pool-364-thread-1] INFO  server.RaftServerConfigKeys (ConfUtils.java:logGet(46)) - raft.server.log.statemachine.data.sync.timeout.retry = -1 (default)
2022-09-08 01:52:43,646 [pool-364-thread-1] INFO  server.RaftServerConfigKeys (ConfUtils.java:logGet(46)) - raft.server.log.write.buffer.size = 1048576 (custom)
2022-09-08 01:52:43,647 [pool-364-thread-1] INFO  server.RaftServerConfigKeys (ConfUtils.java:logGet(46)) - raft.server.log.unsafe-flush.enabled = false (default)
2022-09-08 01:52:43,647 [pool-364-thread-1] INFO  server.RaftServerConfigKeys (ConfUtils.java:logGet(46)) - raft.server.log.statemachine.data.caching.enabled = true (custom)
2022-09-08 01:52:43,647 [pool-364-thread-1] INFO  segmented.SegmentedRaftLogWorker (SegmentedRaftLogWorker.java:lambda$new$0(135)) - 9e86db77-9115-4b7d-b118-b6d634df39b3@group-544FA1B7502B-SegmentedRaftLogWorker: flushIndex: setUnconditionally 0 -> -1
2022-09-08 01:52:43,647 [pool-364-thread-1] INFO  segmented.SegmentedRaftLogWorker (SegmentedRaftLogWorker.java:lambda$new$0(135)) - 9e86db77-9115-4b7d-b118-b6d634df39b3@group-544FA1B7502B-SegmentedRaftLogWorker: safeCacheEvictIndex: setUnconditionally 0 -> -1
2022-09-08 01:52:43,679 [pool-364-thread-1] INFO  server.RaftServerConfigKeys (ConfUtils.java:logGet(46)) - raft.server.snapshot.auto.trigger.enabled = true (custom)
2022-09-08 01:52:43,679 [pool-364-thread-1] INFO  server.RaftServerConfigKeys (ConfUtils.java:logGet(46)) - raft.server.snapshot.auto.trigger.threshold = 10000 (custom)
2022-09-08 01:52:43,679 [pool-364-thread-1] INFO  server.RaftServerConfigKeys (ConfUtils.java:logGet(46)) - raft.server.snapshot.retention.file.num = 5 (custom)
2022-09-08 01:52:43,680 [pool-364-thread-1] INFO  server.RaftServerConfigKeys (ConfUtils.java:logGet(46)) - raft.server.log.purge.upto.snapshot.index = false (default)
2022-09-08 01:52:43,680 [pool-364-thread-1] INFO  server.RaftServerConfigKeys (ConfUtils.java:logGet(46)) - raft.server.retrycache.expirytime = 600000ms (custom)
2022-09-08 01:52:43,680 [pool-364-thread-1] INFO  server.RaftServerConfigKeys (ConfUtils.java:logGet(46)) - raft.server.retrycache.statistics.expirytime = 100μs (default)
2022-09-08 01:52:43,681 [pool-364-thread-1] INFO  server.RaftServerConfigKeys (ConfUtils.java:logGet(46)) - raft.server.log.appender.install.snapshot.enabled = false (custom)
2022-09-08 01:52:43,681 [pool-364-thread-1] INFO  server.RaftServerConfigKeys (ConfUtils.java:logGet(46)) - raft.server.threadpool.server.cached = true (default)
2022-09-08 01:52:43,681 [pool-364-thread-1] INFO  server.RaftServerConfigKeys (ConfUtils.java:logGet(46)) - raft.server.threadpool.server.size = 0 (default)
2022-09-08 01:52:43,681 [pool-364-thread-1] INFO  server.RaftServerConfigKeys (ConfUtils.java:logGet(46)) - raft.server.threadpool.client.cached = true (default)
2022-09-08 01:52:43,681 [pool-364-thread-1] INFO  server.RaftServerConfigKeys (ConfUtils.java:logGet(46)) - raft.server.threadpool.client.size = 0 (default)
2022-09-08 01:52:43,681 [pool-364-thread-1] INFO  server.RaftServer$Division (RaftServerImpl.java:start(310)) - 9e86db77-9115-4b7d-b118-b6d634df39b3@group-544FA1B7502B: start as a follower, conf=-1: [9e86db77-9115-4b7d-b118-b6d634df39b3|rpc:10.1.1.0:46843|priority:1, 4bf7dd5c-6c50-43e1-a529-d19303e563bb|rpc:10.1.1.0:38251|priority:0, 1fe68fa2-71ab-402b-9a9c-5fb65a06b7eb|rpc:10.1.1.0:45277|priority:0], old=null
2022-09-08 01:52:43,681 [pool-364-thread-1] INFO  server.RaftServer$Division (RaftServerImpl.java:setRole(299)) - 9e86db77-9115-4b7d-b118-b6d634df39b3@group-544FA1B7502B: changes role from      null to FOLLOWER at term 0 for startAsFollower
2022-09-08 01:52:43,681 [pool-364-thread-1] INFO  impl.RoleInfo (RoleInfo.java:updateAndGet(139)) - 9e86db77-9115-4b7d-b118-b6d634df39b3: start 9e86db77-9115-4b7d-b118-b6d634df39b3@group-544FA1B7502B-FollowerState
2022-09-08 01:52:43,684 [pool-364-thread-1] INFO  util.JmxRegister (JmxRegister.java:tryRegister(44)) - Successfully registered JMX Bean with object name Ratis:service=RaftServer,group=group-544FA1B7502B,id=9e86db77-9115-4b7d-b118-b6d634df39b3
2022-09-08 01:52:43,696 [Command processor thread] INFO  ratis.XceiverServerRatis (XceiverServerRatis.java:addGroup(765)) - Created group PipelineID=68700579-68ec-459c-a403-544fa1b7502b
2022-09-08 01:52:43,758 [grpc-default-executor-0] INFO  server.RaftServer (RaftServerProxy.java:addNew(96)) - 1fe68fa2-71ab-402b-9a9c-5fb65a06b7eb: addNew group-544FA1B7502B:[9e86db77-9115-4b7d-b118-b6d634df39b3|rpc:10.1.1.0:46843|dataStream:|priority:1, 4bf7dd5c-6c50-43e1-a529-d19303e563bb|rpc:10.1.1.0:38251|dataStream:|priority:0, 1fe68fa2-71ab-402b-9a9c-5fb65a06b7eb|rpc:10.1.1.0:45277|dataStream:|priority:0] returns group-544FA1B7502B:java.util.concurrent.CompletableFuture@652d9f44[Not completed]
2022-09-08 01:52:43,765 [pool-387-thread-1] INFO  server.RaftServer$Division (RaftServerImpl.java:<init>(190)) - 1fe68fa2-71ab-402b-9a9c-5fb65a06b7eb: new RaftServerImpl for group-544FA1B7502B:[9e86db77-9115-4b7d-b118-b6d634df39b3|rpc:10.1.1.0:46843|dataStream:|priority:1, 4bf7dd5c-6c50-43e1-a529-d19303e563bb|rpc:10.1.1.0:38251|dataStream:|priority:0, 1fe68fa2-71ab-402b-9a9c-5fb65a06b7eb|rpc:10.1.1.0:45277|dataStream:|priority:0] with ContainerStateMachine:uninitialized
2022-09-08 01:52:43,765 [pool-387-thread-1] INFO  server.RaftServerConfigKeys (ConfUtils.java:logGet(46)) - raft.server.rpc.timeout.min = 5s (custom)
2022-09-08 01:52:43,769 [pool-387-thread-1] INFO  server.RaftServerConfigKeys (ConfUtils.java:logGet(46)) - raft.server.rpc.timeout.max = 5200ms (custom)
2022-09-08 01:52:43,769 [pool-387-thread-1] INFO  server.RaftServerConfigKeys (ConfUtils.java:logGet(46)) - raft.server.rpc.sleep.time = 25ms (default)
2022-09-08 01:52:43,769 [pool-387-thread-1] INFO  server.RaftServerConfigKeys (ConfUtils.java:logGet(46)) - raft.server.rpc.slowness.timeout = 300s (custom)
2022-09-08 01:52:43,769 [pool-387-thread-1] INFO  server.RaftServerConfigKeys (ConfUtils.java:logGet(46)) - raft.server.leaderelection.leader.step-down.wait-time = 10s (default)
2022-09-08 01:52:43,769 [pool-387-thread-1] INFO  server.RaftServerConfigKeys (ConfUtils.java:logGet(46)) - raft.server.sleep.deviation.threshold = 300ms (default)
2022-09-08 01:52:43,769 [pool-387-thread-1] INFO  server.RaftServer$Division (ServerState.java:<init>(107)) - 1fe68fa2-71ab-402b-9a9c-5fb65a06b7eb@group-544FA1B7502B: ConfigurationManager, init=-1: [9e86db77-9115-4b7d-b118-b6d634df39b3|rpc:10.1.1.0:46843|dataStream:|priority:1, 4bf7dd5c-6c50-43e1-a529-d19303e563bb|rpc:10.1.1.0:38251|dataStream:|priority:0, 1fe68fa2-71ab-402b-9a9c-5fb65a06b7eb|rpc:10.1.1.0:45277|dataStream:|priority:0], old=null, confs=<EMPTY_MAP>
2022-09-08 01:52:43,769 [pool-387-thread-1] INFO  server.RaftServerConfigKeys (ConfUtils.java:logGet(46)) - raft.server.storage.dir = [/home/runner/work/ozone/ozone/hadoop-ozone/integration-test/target/test-dir/MiniOzoneClusterImpl-41094698-2c6a-4710-a797-d1e03ae99019/datanode-1/data/ratis] (custom)
2022-09-08 01:52:43,769 [pool-387-thread-1] INFO  server.RaftServerConfigKeys (ConfUtils.java:logGet(46)) - raft.server.log.corruption.policy = EXCEPTION (default)
2022-09-08 01:52:43,769 [pool-387-thread-1] INFO  server.RaftServerConfigKeys (ConfUtils.java:logGet(46)) - raft.server.storage.free-space.min = 0MB (=0) (default)
2022-09-08 01:52:43,769 [pool-387-thread-1] INFO  storage.RaftStorageDirectory (RaftStorageDirectoryImpl.java:analyzeStorage(135)) - The storage directory /home/runner/work/ozone/ozone/hadoop-ozone/integration-test/target/test-dir/MiniOzoneClusterImpl-41094698-2c6a-4710-a797-d1e03ae99019/datanode-1/data/ratis/68700579-68ec-459c-a403-544fa1b7502b does not exist. Creating ...
2022-09-08 01:52:43,771 [pool-387-thread-1] INFO  storage.RaftStorageDirectory (RaftStorageDirectoryImpl.java:tryLock(230)) - Lock on /home/runner/work/ozone/ozone/hadoop-ozone/integration-test/target/test-dir/MiniOzoneClusterImpl-41094698-2c6a-4710-a797-d1e03ae99019/datanode-1/data/ratis/68700579-68ec-459c-a403-544fa1b7502b/in_use.lock acquired by nodename 132736@fv-az38-857
2022-09-08 01:52:43,773 [pool-387-thread-1] INFO  storage.RaftStorage (RaftStorageImpl.java:format(89)) - Storage directory /home/runner/work/ozone/ozone/hadoop-ozone/integration-test/target/test-dir/MiniOzoneClusterImpl-41094698-2c6a-4710-a797-d1e03ae99019/datanode-1/data/ratis/68700579-68ec-459c-a403-544fa1b7502b has been successfully formatted.
2022-09-08 01:52:43,773 [pool-387-thread-1] INFO  ratis.ContainerStateMachine (ContainerStateMachine.java:loadSnapshot(236)) - group-544FA1B7502B: The snapshot info is null. Setting the last applied indexto:(t:0, i:~)
2022-09-08 01:52:43,773 [pool-387-thread-1] INFO  server.RaftServerConfigKeys (ConfUtils.java:logGet(46)) - raft.server.notification.no-leader.timeout = 300s (custom)
2022-09-08 01:52:43,773 [pool-387-thread-1] INFO  server.RaftServerConfigKeys (ConfUtils.java:logGet(46)) - raft.server.log.use.memory = false (default)
2022-09-08 01:52:43,773 [pool-387-thread-1] INFO  server.RaftServerConfigKeys (ConfUtils.java:logGet(46)) - raft.server.log.purge.gap = 1000000 (custom)
2022-09-08 01:52:43,773 [pool-387-thread-1] INFO  server.RaftServerConfigKeys (ConfUtils.java:logGet(46)) - raft.server.log.appender.buffer.byte-limit = 33554432 (custom)
2022-09-08 01:52:43,774 [pool-387-thread-1] INFO  server.RaftServerConfigKeys (ConfUtils.java:logGet(46)) - raft.server.log.statemachine.data.read.timeout = 1000ms (default)
2022-09-08 01:52:43,774 [pool-387-thread-1] INFO  server.RaftServerConfigKeys (ConfUtils.java:logGet(46)) - raft.server.log.segment.size.max = 1048576 (custom)
2022-09-08 01:52:43,775 [pool-387-thread-1] INFO  server.RaftServerConfigKeys (ConfUtils.java:logGet(46)) - raft.server.log.segment.cache.num.max = 2 (custom)
2022-09-08 01:52:43,775 [pool-387-thread-1] INFO  server.RaftServerConfigKeys (ConfUtils.java:logGet(46)) - raft.server.log.segment.cache.size.max = 200MB (=209715200) (default)
2022-09-08 01:52:43,775 [pool-387-thread-1] INFO  segmented.SegmentedRaftLogWorker (SegmentedRaftLogWorker.java:<init>(187)) - new 1fe68fa2-71ab-402b-9a9c-5fb65a06b7eb@group-544FA1B7502B-SegmentedRaftLogWorker for RaftStorageImpl:Storage Directory /home/runner/work/ozone/ozone/hadoop-ozone/integration-test/target/test-dir/MiniOzoneClusterImpl-41094698-2c6a-4710-a797-d1e03ae99019/datanode-1/data/ratis/68700579-68ec-459c-a403-544fa1b7502b
2022-09-08 01:52:43,776 [pool-387-thread-1] INFO  server.RaftServerConfigKeys (ConfUtils.java:logGet(46)) - raft.server.log.queue.byte-limit = 4294967296 (custom)
2022-09-08 01:52:43,776 [pool-387-thread-1] INFO  server.RaftServerConfigKeys (ConfUtils.java:logGet(46)) - raft.server.log.queue.element-limit = 1024 (custom)
2022-09-08 01:52:43,776 [pool-387-thread-1] INFO  server.RaftServerConfigKeys (ConfUtils.java:logGet(46)) - raft.server.log.segment.size.max = 1048576 (custom)
2022-09-08 01:52:43,776 [pool-387-thread-1] INFO  server.RaftServerConfigKeys (ConfUtils.java:logGet(46)) - raft.server.log.preallocated.size = 16384 (custom)
2022-09-08 01:52:43,776 [pool-387-thread-1] INFO  server.RaftServerConfigKeys (ConfUtils.java:logGet(46)) - raft.server.log.force.sync.num = 128 (default)
2022-09-08 01:52:43,776 [pool-387-thread-1] INFO  server.RaftServerConfigKeys (ConfUtils.java:logGet(46)) - raft.server.log.statemachine.data.sync = true (default)
2022-09-08 01:52:43,776 [pool-387-thread-1] INFO  server.RaftServerConfigKeys (ConfUtils.java:logGet(46)) - raft.server.log.statemachine.data.sync.timeout = 10s (default)
2022-09-08 01:52:43,776 [pool-387-thread-1] INFO  server.RaftServerConfigKeys (ConfUtils.java:logGet(46)) - raft.server.log.statemachine.data.sync.timeout.retry = -1 (default)
2022-09-08 01:52:43,777 [pool-387-thread-1] INFO  server.RaftServerConfigKeys (ConfUtils.java:logGet(46)) - raft.server.log.write.buffer.size = 1048576 (custom)
2022-09-08 01:52:43,777 [pool-387-thread-1] INFO  server.RaftServerConfigKeys (ConfUtils.java:logGet(46)) - raft.server.log.unsafe-flush.enabled = false (default)
2022-09-08 01:52:43,777 [pool-387-thread-1] INFO  server.RaftServerConfigKeys (ConfUtils.java:logGet(46)) - raft.server.log.statemachine.data.caching.enabled = true (custom)
2022-09-08 01:52:43,777 [pool-387-thread-1] INFO  segmented.SegmentedRaftLogWorker (SegmentedRaftLogWorker.java:lambda$new$0(135)) - 1fe68fa2-71ab-402b-9a9c-5fb65a06b7eb@group-544FA1B7502B-SegmentedRaftLogWorker: flushIndex: setUnconditionally 0 -> -1
2022-09-08 01:52:43,777 [pool-387-thread-1] INFO  segmented.SegmentedRaftLogWorker (SegmentedRaftLogWorker.java:lambda$new$0(135)) - 1fe68fa2-71ab-402b-9a9c-5fb65a06b7eb@group-544FA1B7502B-SegmentedRaftLogWorker: safeCacheEvictIndex: setUnconditionally 0 -> -1
2022-09-08 01:52:43,789 [pool-387-thread-1] INFO  server.RaftServerConfigKeys (ConfUtils.java:logGet(46)) - raft.server.snapshot.auto.trigger.enabled = true (custom)
2022-09-08 01:52:43,789 [pool-387-thread-1] INFO  server.RaftServerConfigKeys (ConfUtils.java:logGet(46)) - raft.server.snapshot.auto.trigger.threshold = 10000 (custom)
2022-09-08 01:52:43,789 [pool-387-thread-1] INFO  server.RaftServerConfigKeys (ConfUtils.java:logGet(46)) - raft.server.snapshot.retention.file.num = 5 (custom)
2022-09-08 01:52:43,789 [pool-387-thread-1] INFO  server.RaftServerConfigKeys (ConfUtils.java:logGet(46)) - raft.server.log.purge.upto.snapshot.index = false (default)
2022-09-08 01:52:43,789 [pool-387-thread-1] INFO  server.RaftServerConfigKeys (ConfUtils.java:logGet(46)) - raft.server.retrycache.expirytime = 600000ms (custom)
2022-09-08 01:52:43,789 [pool-387-thread-1] INFO  server.RaftServerConfigKeys (ConfUtils.java:logGet(46)) - raft.server.retrycache.statistics.expirytime = 100μs (default)
2022-09-08 01:52:43,790 [pool-387-thread-1] INFO  server.RaftServerConfigKeys (ConfUtils.java:logGet(46)) - raft.server.log.appender.install.snapshot.enabled = false (custom)
2022-09-08 01:52:43,790 [pool-387-thread-1] INFO  server.RaftServerConfigKeys (ConfUtils.java:logGet(46)) - raft.server.threadpool.server.cached = true (default)
2022-09-08 01:52:43,791 [pool-387-thread-1] INFO  server.RaftServerConfigKeys (ConfUtils.java:logGet(46)) - raft.server.threadpool.server.size = 0 (default)
2022-09-08 01:52:43,791 [pool-387-thread-1] INFO  server.RaftServerConfigKeys (ConfUtils.java:logGet(46)) - raft.server.threadpool.client.cached = true (default)
2022-09-08 01:52:43,791 [pool-387-thread-1] INFO  server.RaftServerConfigKeys (ConfUtils.java:logGet(46)) - raft.server.threadpool.client.size = 0 (default)
2022-09-08 01:52:43,791 [pool-387-thread-1] INFO  server.RaftServer$Division (RaftServerImpl.java:start(310)) - 1fe68fa2-71ab-402b-9a9c-5fb65a06b7eb@group-544FA1B7502B: start as a follower, conf=-1: [9e86db77-9115-4b7d-b118-b6d634df39b3|rpc:10.1.1.0:46843|dataStream:|priority:1, 4bf7dd5c-6c50-43e1-a529-d19303e563bb|rpc:10.1.1.0:38251|dataStream:|priority:0, 1fe68fa2-71ab-402b-9a9c-5fb65a06b7eb|rpc:10.1.1.0:45277|dataStream:|priority:0], old=null
2022-09-08 01:52:43,791 [pool-387-thread-1] INFO  server.RaftServer$Division (RaftServerImpl.java:setRole(299)) - 1fe68fa2-71ab-402b-9a9c-5fb65a06b7eb@group-544FA1B7502B: changes role from      null to FOLLOWER at term 0 for startAsFollower
2022-09-08 01:52:43,791 [pool-387-thread-1] INFO  impl.RoleInfo (RoleInfo.java:updateAndGet(139)) - 1fe68fa2-71ab-402b-9a9c-5fb65a06b7eb: start 1fe68fa2-71ab-402b-9a9c-5fb65a06b7eb@group-544FA1B7502B-FollowerState
2022-09-08 01:52:43,793 [pool-387-thread-1] INFO  util.JmxRegister (JmxRegister.java:tryRegister(44)) - Successfully registered JMX Bean with object name Ratis:service=RaftServer,group=group-544FA1B7502B,id=1fe68fa2-71ab-402b-9a9c-5fb65a06b7eb
2022-09-08 01:52:43,877 [Command processor thread] INFO  server.RaftServer (RaftServerProxy.java:addNew(96)) - 1fe68fa2-71ab-402b-9a9c-5fb65a06b7eb: addNew group-0FDD50C5BC41:[1fe68fa2-71ab-402b-9a9c-5fb65a06b7eb|rpc:10.1.1.0:45277|priority:1] returns group-0FDD50C5BC41:java.util.concurrent.CompletableFuture@6b8979a[Not completed]
2022-09-08 01:52:43,879 [pool-387-thread-1] INFO  server.RaftServer$Division (RaftServerImpl.java:<init>(190)) - 1fe68fa2-71ab-402b-9a9c-5fb65a06b7eb: new RaftServerImpl for group-0FDD50C5BC41:[1fe68fa2-71ab-402b-9a9c-5fb65a06b7eb|rpc:10.1.1.0:45277|priority:1] with ContainerStateMachine:uninitialized
2022-09-08 01:52:43,879 [pool-387-thread-1] INFO  server.RaftServerConfigKeys (ConfUtils.java:logGet(46)) - raft.server.rpc.timeout.min = 5s (custom)
2022-09-08 01:52:43,879 [pool-387-thread-1] INFO  server.RaftServerConfigKeys (ConfUtils.java:logGet(46)) - raft.server.rpc.timeout.max = 5200ms (custom)
2022-09-08 01:52:43,879 [pool-387-thread-1] INFO  server.RaftServerConfigKeys (ConfUtils.java:logGet(46)) - raft.server.rpc.sleep.time = 25ms (default)
2022-09-08 01:52:43,879 [pool-387-thread-1] INFO  server.RaftServerConfigKeys (ConfUtils.java:logGet(46)) - raft.server.rpc.slowness.timeout = 300s (custom)
2022-09-08 01:52:43,879 [pool-387-thread-1] INFO  server.RaftServerConfigKeys (ConfUtils.java:logGet(46)) - raft.server.leaderelection.leader.step-down.wait-time = 10s (default)
2022-09-08 01:52:43,879 [pool-387-thread-1] INFO  server.RaftServerConfigKeys (ConfUtils.java:logGet(46)) - raft.server.sleep.deviation.threshold = 300ms (default)
2022-09-08 01:52:43,879 [pool-387-thread-1] INFO  server.RaftServer$Division (ServerState.java:<init>(107)) - 1fe68fa2-71ab-402b-9a9c-5fb65a06b7eb@group-0FDD50C5BC41: ConfigurationManager, init=-1: [1fe68fa2-71ab-402b-9a9c-5fb65a06b7eb|rpc:10.1.1.0:45277|priority:1], old=null, confs=<EMPTY_MAP>
2022-09-08 01:52:43,879 [pool-387-thread-1] INFO  server.RaftServerConfigKeys (ConfUtils.java:logGet(46)) - raft.server.storage.dir = [/home/runner/work/ozone/ozone/hadoop-ozone/integration-test/target/test-dir/MiniOzoneClusterImpl-41094698-2c6a-4710-a797-d1e03ae99019/datanode-1/data/ratis] (custom)
2022-09-08 01:52:43,879 [pool-387-thread-1] INFO  server.RaftServerConfigKeys (ConfUtils.java:logGet(46)) - raft.server.log.corruption.policy = EXCEPTION (default)
2022-09-08 01:52:43,879 [pool-387-thread-1] INFO  server.RaftServerConfigKeys (ConfUtils.java:logGet(46)) - raft.server.storage.free-space.min = 0MB (=0) (default)
2022-09-08 01:52:43,880 [pool-387-thread-1] INFO  storage.RaftStorageDirectory (RaftStorageDirectoryImpl.java:analyzeStorage(135)) - The storage directory /home/runner/work/ozone/ozone/hadoop-ozone/integration-test/target/test-dir/MiniOzoneClusterImpl-41094698-2c6a-4710-a797-d1e03ae99019/datanode-1/data/ratis/dc15c6a6-8b95-40ea-a4b9-0fdd50c5bc41 does not exist. Creating ...
2022-09-08 01:52:43,882 [pool-387-thread-1] INFO  storage.RaftStorageDirectory (RaftStorageDirectoryImpl.java:tryLock(230)) - Lock on /home/runner/work/ozone/ozone/hadoop-ozone/integration-test/target/test-dir/MiniOzoneClusterImpl-41094698-2c6a-4710-a797-d1e03ae99019/datanode-1/data/ratis/dc15c6a6-8b95-40ea-a4b9-0fdd50c5bc41/in_use.lock acquired by nodename 132736@fv-az38-857
2022-09-08 01:52:43,882 [grpc-default-executor-0] INFO  server.RaftServer (RaftServerProxy.java:addNew(96)) - 4bf7dd5c-6c50-43e1-a529-d19303e563bb: addNew group-544FA1B7502B:[9e86db77-9115-4b7d-b118-b6d634df39b3|rpc:10.1.1.0:46843|dataStream:|priority:1, 4bf7dd5c-6c50-43e1-a529-d19303e563bb|rpc:10.1.1.0:38251|dataStream:|priority:0, 1fe68fa2-71ab-402b-9a9c-5fb65a06b7eb|rpc:10.1.1.0:45277|dataStream:|priority:0] returns group-544FA1B7502B:java.util.concurrent.CompletableFuture@34ed8107[Not completed]
2022-09-08 01:52:43,883 [pool-410-thread-1] INFO  server.RaftServer$Division (RaftServerImpl.java:<init>(190)) - 4bf7dd5c-6c50-43e1-a529-d19303e563bb: new RaftServerImpl for group-544FA1B7502B:[9e86db77-9115-4b7d-b118-b6d634df39b3|rpc:10.1.1.0:46843|dataStream:|priority:1, 4bf7dd5c-6c50-43e1-a529-d19303e563bb|rpc:10.1.1.0:38251|dataStream:|priority:0, 1fe68fa2-71ab-402b-9a9c-5fb65a06b7eb|rpc:10.1.1.0:45277|dataStream:|priority:0] with ContainerStateMachine:uninitialized
2022-09-08 01:52:43,883 [pool-387-thread-1] INFO  storage.RaftStorage (RaftStorageImpl.java:format(89)) - Storage directory /home/runner/work/ozone/ozone/hadoop-ozone/integration-test/target/test-dir/MiniOzoneClusterImpl-41094698-2c6a-4710-a797-d1e03ae99019/datanode-1/data/ratis/dc15c6a6-8b95-40ea-a4b9-0fdd50c5bc41 has been successfully formatted.
2022-09-08 01:52:43,883 [pool-410-thread-1] INFO  server.RaftServerConfigKeys (ConfUtils.java:logGet(46)) - raft.server.rpc.timeout.min = 5s (custom)
2022-09-08 01:52:43,883 [pool-410-thread-1] INFO  server.RaftServerConfigKeys (ConfUtils.java:logGet(46)) - raft.server.rpc.timeout.max = 5200ms (custom)
2022-09-08 01:52:43,883 [pool-410-thread-1] INFO  server.RaftServerConfigKeys (ConfUtils.java:logGet(46)) - raft.server.rpc.sleep.time = 25ms (default)
2022-09-08 01:52:43,883 [pool-410-thread-1] INFO  server.RaftServerConfigKeys (ConfUtils.java:logGet(46)) - raft.server.rpc.slowness.timeout = 300s (custom)
2022-09-08 01:52:43,883 [pool-410-thread-1] INFO  server.RaftServerConfigKeys (ConfUtils.java:logGet(46)) - raft.server.leaderelection.leader.step-down.wait-time = 10s (default)
2022-09-08 01:52:43,883 [pool-410-thread-1] INFO  server.RaftServerConfigKeys (ConfUtils.java:logGet(46)) - raft.server.sleep.deviation.threshold = 300ms (default)
2022-09-08 01:52:43,883 [pool-387-thread-1] INFO  ratis.ContainerStateMachine (ContainerStateMachine.java:loadSnapshot(236)) - group-0FDD50C5BC41: The snapshot info is null. Setting the last applied indexto:(t:0, i:~)
2022-09-08 01:52:43,883 [pool-410-thread-1] INFO  server.RaftServer$Division (ServerState.java:<init>(107)) - 4bf7dd5c-6c50-43e1-a529-d19303e563bb@group-544FA1B7502B: ConfigurationManager, init=-1: [9e86db77-9115-4b7d-b118-b6d634df39b3|rpc:10.1.1.0:46843|dataStream:|priority:1, 4bf7dd5c-6c50-43e1-a529-d19303e563bb|rpc:10.1.1.0:38251|dataStream:|priority:0, 1fe68fa2-71ab-402b-9a9c-5fb65a06b7eb|rpc:10.1.1.0:45277|dataStream:|priority:0], old=null, confs=<EMPTY_MAP>
2022-09-08 01:52:43,883 [pool-410-thread-1] INFO  server.RaftServerConfigKeys (ConfUtils.java:logGet(46)) - raft.server.storage.dir = [/home/runner/work/ozone/ozone/hadoop-ozone/integration-test/target/test-dir/MiniOzoneClusterImpl-41094698-2c6a-4710-a797-d1e03ae99019/datanode-2/data/ratis] (custom)
2022-09-08 01:52:43,883 [pool-387-thread-1] INFO  server.RaftServerConfigKeys (ConfUtils.java:logGet(46)) - raft.server.notification.no-leader.timeout = 300s (custom)
2022-09-08 01:52:43,883 [pool-387-thread-1] INFO  server.RaftServerConfigKeys (ConfUtils.java:logGet(46)) - raft.server.log.use.memory = false (default)
2022-09-08 01:52:43,883 [pool-410-thread-1] INFO  server.RaftServerConfigKeys (ConfUtils.java:logGet(46)) - raft.server.log.corruption.policy = EXCEPTION (default)
2022-09-08 01:52:43,883 [pool-387-thread-1] INFO  server.RaftServerConfigKeys (ConfUtils.java:logGet(46)) - raft.server.log.purge.gap = 1000000 (custom)
2022-09-08 01:52:43,883 [pool-410-thread-1] INFO  server.RaftServerConfigKeys (ConfUtils.java:logGet(46)) - raft.server.storage.free-space.min = 0MB (=0) (default)
2022-09-08 01:52:43,884 [pool-387-thread-1] INFO  server.RaftServerConfigKeys (ConfUtils.java:logGet(46)) - raft.server.log.appender.buffer.byte-limit = 33554432 (custom)
2022-09-08 01:52:43,884 [pool-387-thread-1] INFO  server.RaftServerConfigKeys (ConfUtils.java:logGet(46)) - raft.server.log.statemachine.data.read.timeout = 1000ms (default)
2022-09-08 01:52:43,884 [pool-410-thread-1] INFO  storage.RaftStorageDirectory (RaftStorageDirectoryImpl.java:analyzeStorage(135)) - The storage directory /home/runner/work/ozone/ozone/hadoop-ozone/integration-test/target/test-dir/MiniOzoneClusterImpl-41094698-2c6a-4710-a797-d1e03ae99019/datanode-2/data/ratis/68700579-68ec-459c-a403-544fa1b7502b does not exist. Creating ...
2022-09-08 01:52:43,884 [pool-387-thread-1] INFO  server.RaftServerConfigKeys (ConfUtils.java:logGet(46)) - raft.server.log.segment.size.max = 1048576 (custom)
2022-09-08 01:52:43,886 [EventQueue-PipelineReportForPipelineReportHandler] INFO  pipeline.PipelineManagerImpl (PipelineManagerImpl.java:openPipeline(367)) - Pipeline Pipeline[ Id: dc15c6a6-8b95-40ea-a4b9-0fdd50c5bc41, Nodes: 1fe68fa2-71ab-402b-9a9c-5fb65a06b7eb{ip: 10.1.1.0, host: fv-az38-857.qiceih3q1hfe5a3ai3y3qk2fta.cx.internal.cloudapp.net, ports: [REPLICATION=37321, RATIS=45277, RATIS_ADMIN=45277, RATIS_SERVER=45277, STANDALONE=34649], networkLocation: /default-rack, certSerialId: null, persistedOpState: IN_SERVICE, persistedOpStateExpiryEpochSec: 0}, ReplicationConfig: RATIS/ONE, State:ALLOCATED, leaderId:1fe68fa2-71ab-402b-9a9c-5fb65a06b7eb, CreationTimestamp2022-09-08T01:52:40.893Z[Etc/UTC]] moved to OPEN state
2022-09-08 01:52:43,886 [EventQueue-OpenPipelineForHealthyPipelineSafeModeRule] INFO  safemode.SCMSafeModeManager (HealthyPipelineSafeModeRule.java:process(137)) - SCM in safe mode. Healthy pipelines reported count is 0, required healthy pipeline reported count is 1
2022-09-08 01:52:43,887 [pool-410-thread-1] INFO  storage.RaftStorageDirectory (RaftStorageDirectoryImpl.java:tryLock(230)) - Lock on /home/runner/work/ozone/ozone/hadoop-ozone/integration-test/target/test-dir/MiniOzoneClusterImpl-41094698-2c6a-4710-a797-d1e03ae99019/datanode-2/data/ratis/68700579-68ec-459c-a403-544fa1b7502b/in_use.lock acquired by nodename 132736@fv-az38-857
2022-09-08 01:52:43,887 [pool-387-thread-1] INFO  server.RaftServerConfigKeys (ConfUtils.java:logGet(46)) - raft.server.log.segment.cache.num.max = 2 (custom)
2022-09-08 01:52:43,887 [pool-387-thread-1] INFO  server.RaftServerConfigKeys (ConfUtils.java:logGet(46)) - raft.server.log.segment.cache.size.max = 200MB (=209715200) (default)
2022-09-08 01:52:43,887 [pool-387-thread-1] INFO  segmented.SegmentedRaftLogWorker (SegmentedRaftLogWorker.java:<init>(187)) - new 1fe68fa2-71ab-402b-9a9c-5fb65a06b7eb@group-0FDD50C5BC41-SegmentedRaftLogWorker for RaftStorageImpl:Storage Directory /home/runner/work/ozone/ozone/hadoop-ozone/integration-test/target/test-dir/MiniOzoneClusterImpl-41094698-2c6a-4710-a797-d1e03ae99019/datanode-1/data/ratis/dc15c6a6-8b95-40ea-a4b9-0fdd50c5bc41
2022-09-08 01:52:43,887 [pool-387-thread-1] INFO  server.RaftServerConfigKeys (ConfUtils.java:logGet(46)) - raft.server.log.queue.byte-limit = 4294967296 (custom)
2022-09-08 01:52:43,887 [pool-387-thread-1] INFO  server.RaftServerConfigKeys (ConfUtils.java:logGet(46)) - raft.server.log.queue.element-limit = 1024 (custom)
2022-09-08 01:52:43,887 [pool-387-thread-1] INFO  server.RaftServerConfigKeys (ConfUtils.java:logGet(46)) - raft.server.log.segment.size.max = 1048576 (custom)
2022-09-08 01:52:43,887 [pool-387-thread-1] INFO  server.RaftServerConfigKeys (ConfUtils.java:logGet(46)) - raft.server.log.preallocated.size = 16384 (custom)
2022-09-08 01:52:43,887 [pool-387-thread-1] INFO  server.RaftServerConfigKeys (ConfUtils.java:logGet(46)) - raft.server.log.force.sync.num = 128 (default)
2022-09-08 01:52:43,887 [pool-387-thread-1] INFO  server.RaftServerConfigKeys (ConfUtils.java:logGet(46)) - raft.server.log.statemachine.data.sync = true (default)
2022-09-08 01:52:43,887 [pool-387-thread-1] INFO  server.RaftServerConfigKeys (ConfUtils.java:logGet(46)) - raft.server.log.statemachine.data.sync.timeout = 10s (default)
2022-09-08 01:52:43,887 [pool-387-thread-1] INFO  server.RaftServerConfigKeys (ConfUtils.java:logGet(46)) - raft.server.log.statemachine.data.sync.timeout.retry = -1 (default)
2022-09-08 01:52:43,888 [pool-387-thread-1] INFO  server.RaftServerConfigKeys (ConfUtils.java:logGet(46)) - raft.server.log.write.buffer.size = 1048576 (custom)
2022-09-08 01:52:43,894 [pool-387-thread-1] INFO  server.RaftServerConfigKeys (ConfUtils.java:logGet(46)) - raft.server.log.unsafe-flush.enabled = false (default)
2022-09-08 01:52:43,894 [pool-387-thread-1] INFO  server.RaftServerConfigKeys (ConfUtils.java:logGet(46)) - raft.server.log.statemachine.data.caching.enabled = true (custom)
2022-09-08 01:52:43,894 [pool-387-thread-1] INFO  segmented.SegmentedRaftLogWorker (SegmentedRaftLogWorker.java:lambda$new$0(135)) - 1fe68fa2-71ab-402b-9a9c-5fb65a06b7eb@group-0FDD50C5BC41-SegmentedRaftLogWorker: flushIndex: setUnconditionally 0 -> -1
2022-09-08 01:52:43,894 [pool-387-thread-1] INFO  segmented.SegmentedRaftLogWorker (SegmentedRaftLogWorker.java:lambda$new$0(135)) - 1fe68fa2-71ab-402b-9a9c-5fb65a06b7eb@group-0FDD50C5BC41-SegmentedRaftLogWorker: safeCacheEvictIndex: setUnconditionally 0 -> -1
2022-09-08 01:52:43,895 [pool-387-thread-1] INFO  server.RaftServerConfigKeys (ConfUtils.java:logGet(46)) - raft.server.snapshot.auto.trigger.enabled = true (custom)
2022-09-08 01:52:43,895 [pool-387-thread-1] INFO  server.RaftServerConfigKeys (ConfUtils.java:logGet(46)) - raft.server.snapshot.auto.trigger.threshold = 10000 (custom)
2022-09-08 01:52:43,895 [pool-387-thread-1] INFO  server.RaftServerConfigKeys (ConfUtils.java:logGet(46)) - raft.server.snapshot.retention.file.num = 5 (custom)
2022-09-08 01:52:43,895 [pool-387-thread-1] INFO  server.RaftServerConfigKeys (ConfUtils.java:logGet(46)) - raft.server.log.purge.upto.snapshot.index = false (default)
2022-09-08 01:52:43,895 [pool-387-thread-1] INFO  server.RaftServerConfigKeys (ConfUtils.java:logGet(46)) - raft.server.retrycache.expirytime = 600000ms (custom)
2022-09-08 01:52:43,895 [pool-387-thread-1] INFO  server.RaftServerConfigKeys (ConfUtils.java:logGet(46)) - raft.server.retrycache.statistics.expirytime = 100μs (default)
2022-09-08 01:52:43,896 [pool-387-thread-1] INFO  server.RaftServerConfigKeys (ConfUtils.java:logGet(46)) - raft.server.log.appender.install.snapshot.enabled = false (custom)
2022-09-08 01:52:43,896 [pool-387-thread-1] INFO  server.RaftServerConfigKeys (ConfUtils.java:logGet(46)) - raft.server.threadpool.server.cached = true (default)
2022-09-08 01:52:43,896 [pool-387-thread-1] INFO  server.RaftServerConfigKeys (ConfUtils.java:logGet(46)) - raft.server.threadpool.server.size = 0 (default)
2022-09-08 01:52:43,896 [pool-387-thread-1] INFO  server.RaftServerConfigKeys (ConfUtils.java:logGet(46)) - raft.server.threadpool.client.cached = true (default)
2022-09-08 01:52:43,896 [pool-387-thread-1] INFO  server.RaftServerConfigKeys (ConfUtils.java:logGet(46)) - raft.server.threadpool.client.size = 0 (default)
2022-09-08 01:52:43,896 [pool-387-thread-1] INFO  server.RaftServer$Division (RaftServerImpl.java:start(310)) - 1fe68fa2-71ab-402b-9a9c-5fb65a06b7eb@group-0FDD50C5BC41: start as a follower, conf=-1: [1fe68fa2-71ab-402b-9a9c-5fb65a06b7eb|rpc:10.1.1.0:45277|priority:1], old=null
2022-09-08 01:52:43,896 [pool-387-thread-1] INFO  server.RaftServer$Division (RaftServerImpl.java:setRole(299)) - 1fe68fa2-71ab-402b-9a9c-5fb65a06b7eb@group-0FDD50C5BC41: changes role from      null to FOLLOWER at term 0 for startAsFollower
2022-09-08 01:52:43,896 [pool-387-thread-1] INFO  impl.RoleInfo (RoleInfo.java:updateAndGet(139)) - 1fe68fa2-71ab-402b-9a9c-5fb65a06b7eb: start 1fe68fa2-71ab-402b-9a9c-5fb65a06b7eb@group-0FDD50C5BC41-FollowerState
2022-09-08 01:52:43,901 [pool-387-thread-1] INFO  util.JmxRegister (JmxRegister.java:tryRegister(44)) - Successfully registered JMX Bean with object name Ratis:service=RaftServer,group=group-0FDD50C5BC41,id=1fe68fa2-71ab-402b-9a9c-5fb65a06b7eb
2022-09-08 01:52:43,906 [pool-410-thread-1] INFO  storage.RaftStorage (RaftStorageImpl.java:format(89)) - Storage directory /home/runner/work/ozone/ozone/hadoop-ozone/integration-test/target/test-dir/MiniOzoneClusterImpl-41094698-2c6a-4710-a797-d1e03ae99019/datanode-2/data/ratis/68700579-68ec-459c-a403-544fa1b7502b has been successfully formatted.
2022-09-08 01:52:43,908 [Command processor thread] INFO  ratis.XceiverServerRatis (XceiverServerRatis.java:addGroup(765)) - Created group PipelineID=dc15c6a6-8b95-40ea-a4b9-0fdd50c5bc41
2022-09-08 01:52:43,908 [Command processor thread] INFO  commandhandler.CreatePipelineCommandHandler (CreatePipelineCommandHandler.java:handle(113)) - Created Pipeline RATIS ONE PipelineID=dc15c6a6-8b95-40ea-a4b9-0fdd50c5bc41.
2022-09-08 01:52:43,908 [pool-410-thread-1] INFO  ratis.ContainerStateMachine (ContainerStateMachine.java:loadSnapshot(236)) - group-544FA1B7502B: The snapshot info is null. Setting the last applied indexto:(t:0, i:~)
2022-09-08 01:52:43,908 [pool-410-thread-1] INFO  server.RaftServerConfigKeys (ConfUtils.java:logGet(46)) - raft.server.notification.no-leader.timeout = 300s (custom)
2022-09-08 01:52:43,908 [pool-410-thread-1] INFO  server.RaftServerConfigKeys (ConfUtils.java:logGet(46)) - raft.server.log.use.memory = false (default)
2022-09-08 01:52:43,908 [pool-410-thread-1] INFO  server.RaftServerConfigKeys (ConfUtils.java:logGet(46)) - raft.server.log.purge.gap = 1000000 (custom)
2022-09-08 01:52:43,908 [pool-410-thread-1] INFO  server.RaftServerConfigKeys (ConfUtils.java:logGet(46)) - raft.server.log.appender.buffer.byte-limit = 33554432 (custom)
2022-09-08 01:52:43,908 [pool-410-thread-1] INFO  server.RaftServerConfigKeys (ConfUtils.java:logGet(46)) - raft.server.log.statemachine.data.read.timeout = 1000ms (default)
2022-09-08 01:52:43,908 [pool-410-thread-1] INFO  server.RaftServerConfigKeys (ConfUtils.java:logGet(46)) - raft.server.log.segment.size.max = 1048576 (custom)
2022-09-08 01:52:43,909 [pool-410-thread-1] INFO  server.RaftServerConfigKeys (ConfUtils.java:logGet(46)) - raft.server.log.segment.cache.num.max = 2 (custom)
2022-09-08 01:52:43,909 [pool-410-thread-1] INFO  server.RaftServerConfigKeys (ConfUtils.java:logGet(46)) - raft.server.log.segment.cache.size.max = 200MB (=209715200) (default)
2022-09-08 01:52:43,909 [pool-410-thread-1] INFO  segmented.SegmentedRaftLogWorker (SegmentedRaftLogWorker.java:<init>(187)) - new 4bf7dd5c-6c50-43e1-a529-d19303e563bb@group-544FA1B7502B-SegmentedRaftLogWorker for RaftStorageImpl:Storage Directory /home/runner/work/ozone/ozone/hadoop-ozone/integration-test/target/test-dir/MiniOzoneClusterImpl-41094698-2c6a-4710-a797-d1e03ae99019/datanode-2/data/ratis/68700579-68ec-459c-a403-544fa1b7502b
2022-09-08 01:52:43,909 [pool-410-thread-1] INFO  server.RaftServerConfigKeys (ConfUtils.java:logGet(46)) - raft.server.log.queue.byte-limit = 4294967296 (custom)
2022-09-08 01:52:43,909 [pool-410-thread-1] INFO  server.RaftServerConfigKeys (ConfUtils.java:logGet(46)) - raft.server.log.queue.element-limit = 1024 (custom)
2022-09-08 01:52:43,909 [pool-410-thread-1] INFO  server.RaftServerConfigKeys (ConfUtils.java:logGet(46)) - raft.server.log.segment.size.max = 1048576 (custom)
2022-09-08 01:52:43,909 [pool-410-thread-1] INFO  server.RaftServerConfigKeys (ConfUtils.java:logGet(46)) - raft.server.log.preallocated.size = 16384 (custom)
2022-09-08 01:52:43,909 [pool-410-thread-1] INFO  server.RaftServerConfigKeys (ConfUtils.java:logGet(46)) - raft.server.log.force.sync.num = 128 (default)
2022-09-08 01:52:43,909 [pool-410-thread-1] INFO  server.RaftServerConfigKeys (ConfUtils.java:logGet(46)) - raft.server.log.statemachine.data.sync = true (default)
2022-09-08 01:52:43,909 [pool-410-thread-1] INFO  server.RaftServerConfigKeys (ConfUtils.java:logGet(46)) - raft.server.log.statemachine.data.sync.timeout = 10s (default)
2022-09-08 01:52:43,909 [pool-410-thread-1] INFO  server.RaftServerConfigKeys (ConfUtils.java:logGet(46)) - raft.server.log.statemachine.data.sync.timeout.retry = -1 (default)
2022-09-08 01:52:43,910 [pool-410-thread-1] INFO  server.RaftServerConfigKeys (ConfUtils.java:logGet(46)) - raft.server.log.write.buffer.size = 1048576 (custom)
2022-09-08 01:52:43,911 [pool-410-thread-1] INFO  server.RaftServerConfigKeys (ConfUtils.java:logGet(46)) - raft.server.log.unsafe-flush.enabled = false (default)
2022-09-08 01:52:43,911 [pool-410-thread-1] INFO  server.RaftServerConfigKeys (ConfUtils.java:logGet(46)) - raft.server.log.statemachine.data.caching.enabled = true (custom)
2022-09-08 01:52:43,911 [pool-410-thread-1] INFO  segmented.SegmentedRaftLogWorker (SegmentedRaftLogWorker.java:lambda$new$0(135)) - 4bf7dd5c-6c50-43e1-a529-d19303e563bb@group-544FA1B7502B-SegmentedRaftLogWorker: flushIndex: setUnconditionally 0 -> -1
2022-09-08 01:52:43,911 [pool-410-thread-1] INFO  segmented.SegmentedRaftLogWorker (SegmentedRaftLogWorker.java:lambda$new$0(135)) - 4bf7dd5c-6c50-43e1-a529-d19303e563bb@group-544FA1B7502B-SegmentedRaftLogWorker: safeCacheEvictIndex: setUnconditionally 0 -> -1
2022-09-08 01:52:43,913 [pool-410-thread-1] INFO  server.RaftServerConfigKeys (ConfUtils.java:logGet(46)) - raft.server.snapshot.auto.trigger.enabled = true (custom)
2022-09-08 01:52:43,913 [pool-410-thread-1] INFO  server.RaftServerConfigKeys (ConfUtils.java:logGet(46)) - raft.server.snapshot.auto.trigger.threshold = 10000 (custom)
2022-09-08 01:52:43,913 [pool-410-thread-1] INFO  server.RaftServerConfigKeys (ConfUtils.java:logGet(46)) - raft.server.snapshot.retention.file.num = 5 (custom)
2022-09-08 01:52:43,914 [pool-410-thread-1] INFO  server.RaftServerConfigKeys (ConfUtils.java:logGet(46)) - raft.server.log.purge.upto.snapshot.index = false (default)
2022-09-08 01:52:43,914 [pool-410-thread-1] INFO  server.RaftServerConfigKeys (ConfUtils.java:logGet(46)) - raft.server.retrycache.expirytime = 600000ms (custom)
2022-09-08 01:52:43,914 [pool-410-thread-1] INFO  server.RaftServerConfigKeys (ConfUtils.java:logGet(46)) - raft.server.retrycache.statistics.expirytime = 100μs (default)
2022-09-08 01:52:43,915 [pool-410-thread-1] INFO  server.RaftServerConfigKeys (ConfUtils.java:logGet(46)) - raft.server.log.appender.install.snapshot.enabled = false (custom)
2022-09-08 01:52:43,915 [pool-410-thread-1] INFO  server.RaftServerConfigKeys (ConfUtils.java:logGet(46)) - raft.server.threadpool.server.cached = true (default)
2022-09-08 01:52:43,915 [pool-410-thread-1] INFO  server.RaftServerConfigKeys (ConfUtils.java:logGet(46)) - raft.server.threadpool.server.size = 0 (default)
2022-09-08 01:52:43,915 [pool-410-thread-1] INFO  server.RaftServerConfigKeys (ConfUtils.java:logGet(46)) - raft.server.threadpool.client.cached = true (default)
2022-09-08 01:52:43,915 [pool-410-thread-1] INFO  server.RaftServerConfigKeys (ConfUtils.java:logGet(46)) - raft.server.threadpool.client.size = 0 (default)
2022-09-08 01:52:43,915 [pool-410-thread-1] INFO  server.RaftServer$Division (RaftServerImpl.java:start(310)) - 4bf7dd5c-6c50-43e1-a529-d19303e563bb@group-544FA1B7502B: start as a follower, conf=-1: [9e86db77-9115-4b7d-b118-b6d634df39b3|rpc:10.1.1.0:46843|dataStream:|priority:1, 4bf7dd5c-6c50-43e1-a529-d19303e563bb|rpc:10.1.1.0:38251|dataStream:|priority:0, 1fe68fa2-71ab-402b-9a9c-5fb65a06b7eb|rpc:10.1.1.0:45277|dataStream:|priority:0], old=null
2022-09-08 01:52:43,915 [pool-410-thread-1] INFO  server.RaftServer$Division (RaftServerImpl.java:setRole(299)) - 4bf7dd5c-6c50-43e1-a529-d19303e563bb@group-544FA1B7502B: changes role from      null to FOLLOWER at term 0 for startAsFollower
2022-09-08 01:52:43,915 [pool-410-thread-1] INFO  impl.RoleInfo (RoleInfo.java:updateAndGet(139)) - 4bf7dd5c-6c50-43e1-a529-d19303e563bb: start 4bf7dd5c-6c50-43e1-a529-d19303e563bb@group-544FA1B7502B-FollowerState
2022-09-08 01:52:43,922 [pool-410-thread-1] INFO  util.JmxRegister (JmxRegister.java:tryRegister(44)) - Successfully registered JMX Bean with object name Ratis:service=RaftServer,group=group-544FA1B7502B,id=4bf7dd5c-6c50-43e1-a529-d19303e563bb
2022-09-08 01:52:43,957 [Command processor thread] INFO  commandhandler.CreatePipelineCommandHandler (CreatePipelineCommandHandler.java:handle(113)) - Created Pipeline RATIS THREE PipelineID=68700579-68ec-459c-a403-544fa1b7502b.
2022-09-08 01:52:44,567 [Listener at 127.0.0.1/42159] INFO  ozone.MiniOzoneClusterImpl (MiniOzoneClusterImpl.java:lambda$waitForClusterToBeReady$0(216)) - Nodes are ready. Got 3 of 3 DN Heartbeats.
2022-09-08 01:52:44,567 [Listener at 127.0.0.1/42159] INFO  ozone.MiniOzoneClusterImpl (MiniOzoneClusterImpl.java:lambda$waitForClusterToBeReady$0(219)) - Waiting for cluster to exit safe mode
2022-09-08 01:52:44,567 [Listener at 127.0.0.1/42159] INFO  ozone.MiniOzoneClusterImpl (MiniOzoneClusterImpl.java:lambda$waitForClusterToBeReady$0(221)) - SCM became leader
2022-09-08 01:52:44,576 [Command processor thread] INFO  server.RaftServer (RaftServerProxy.java:addNew(96)) - 4bf7dd5c-6c50-43e1-a529-d19303e563bb: addNew group-B3B3BC8C696C:[4bf7dd5c-6c50-43e1-a529-d19303e563bb|rpc:10.1.1.0:38251|priority:1] returns group-B3B3BC8C696C:java.util.concurrent.CompletableFuture@79d1a73c[Not completed]
2022-09-08 01:52:44,577 [pool-410-thread-1] INFO  server.RaftServer$Division (RaftServerImpl.java:<init>(190)) - 4bf7dd5c-6c50-43e1-a529-d19303e563bb: new RaftServerImpl for group-B3B3BC8C696C:[4bf7dd5c-6c50-43e1-a529-d19303e563bb|rpc:10.1.1.0:38251|priority:1] with ContainerStateMachine:uninitialized
2022-09-08 01:52:44,577 [pool-410-thread-1] INFO  server.RaftServerConfigKeys (ConfUtils.java:logGet(46)) - raft.server.rpc.timeout.min = 5s (custom)
2022-09-08 01:52:44,577 [pool-410-thread-1] INFO  server.RaftServerConfigKeys (ConfUtils.java:logGet(46)) - raft.server.rpc.timeout.max = 5200ms (custom)
2022-09-08 01:52:44,577 [pool-410-thread-1] INFO  server.RaftServerConfigKeys (ConfUtils.java:logGet(46)) - raft.server.rpc.sleep.time = 25ms (default)
2022-09-08 01:52:44,577 [pool-410-thread-1] INFO  server.RaftServerConfigKeys (ConfUtils.java:logGet(46)) - raft.server.rpc.slowness.timeout = 300s (custom)
2022-09-08 01:52:44,577 [pool-410-thread-1] INFO  server.RaftServerConfigKeys (ConfUtils.java:logGet(46)) - raft.server.leaderelection.leader.step-down.wait-time = 10s (default)
2022-09-08 01:52:44,577 [pool-410-thread-1] INFO  server.RaftServerConfigKeys (ConfUtils.java:logGet(46)) - raft.server.sleep.deviation.threshold = 300ms (default)
2022-09-08 01:52:44,577 [pool-410-thread-1] INFO  server.RaftServer$Division (ServerState.java:<init>(107)) - 4bf7dd5c-6c50-43e1-a529-d19303e563bb@group-B3B3BC8C696C: ConfigurationManager, init=-1: [4bf7dd5c-6c50-43e1-a529-d19303e563bb|rpc:10.1.1.0:38251|priority:1], old=null, confs=<EMPTY_MAP>
2022-09-08 01:52:44,577 [pool-410-thread-1] INFO  server.RaftServerConfigKeys (ConfUtils.java:logGet(46)) - raft.server.storage.dir = [/home/runner/work/ozone/ozone/hadoop-ozone/integration-test/target/test-dir/MiniOzoneClusterImpl-41094698-2c6a-4710-a797-d1e03ae99019/datanode-2/data/ratis] (custom)
2022-09-08 01:52:44,577 [pool-410-thread-1] INFO  server.RaftServerConfigKeys (ConfUtils.java:logGet(46)) - raft.server.log.corruption.policy = EXCEPTION (default)
2022-09-08 01:52:44,577 [pool-410-thread-1] INFO  server.RaftServerConfigKeys (ConfUtils.java:logGet(46)) - raft.server.storage.free-space.min = 0MB (=0) (default)
2022-09-08 01:52:44,577 [pool-410-thread-1] INFO  storage.RaftStorageDirectory (RaftStorageDirectoryImpl.java:analyzeStorage(135)) - The storage directory /home/runner/work/ozone/ozone/hadoop-ozone/integration-test/target/test-dir/MiniOzoneClusterImpl-41094698-2c6a-4710-a797-d1e03ae99019/datanode-2/data/ratis/f51312d8-f28f-4a6a-bb2e-b3b3bc8c696c does not exist. Creating ...
2022-09-08 01:52:44,583 [pool-410-thread-1] INFO  storage.RaftStorageDirectory (RaftStorageDirectoryImpl.java:tryLock(230)) - Lock on /home/runner/work/ozone/ozone/hadoop-ozone/integration-test/target/test-dir/MiniOzoneClusterImpl-41094698-2c6a-4710-a797-d1e03ae99019/datanode-2/data/ratis/f51312d8-f28f-4a6a-bb2e-b3b3bc8c696c/in_use.lock acquired by nodename 132736@fv-az38-857
2022-09-08 01:52:44,589 [pool-410-thread-1] INFO  storage.RaftStorage (RaftStorageImpl.java:format(89)) - Storage directory /home/runner/work/ozone/ozone/hadoop-ozone/integration-test/target/test-dir/MiniOzoneClusterImpl-41094698-2c6a-4710-a797-d1e03ae99019/datanode-2/data/ratis/f51312d8-f28f-4a6a-bb2e-b3b3bc8c696c has been successfully formatted.
2022-09-08 01:52:44,589 [pool-410-thread-1] INFO  ratis.ContainerStateMachine (ContainerStateMachine.java:loadSnapshot(236)) - group-B3B3BC8C696C: The snapshot info is null. Setting the last applied indexto:(t:0, i:~)
2022-09-08 01:52:44,589 [pool-410-thread-1] INFO  server.RaftServerConfigKeys (ConfUtils.java:logGet(46)) - raft.server.notification.no-leader.timeout = 300s (custom)
2022-09-08 01:52:44,589 [pool-410-thread-1] INFO  server.RaftServerConfigKeys (ConfUtils.java:logGet(46)) - raft.server.log.use.memory = false (default)
2022-09-08 01:52:44,589 [pool-410-thread-1] INFO  server.RaftServerConfigKeys (ConfUtils.java:logGet(46)) - raft.server.log.purge.gap = 1000000 (custom)
2022-09-08 01:52:44,589 [pool-410-thread-1] INFO  server.RaftServerConfigKeys (ConfUtils.java:logGet(46)) - raft.server.log.appender.buffer.byte-limit = 33554432 (custom)
2022-09-08 01:52:44,589 [pool-410-thread-1] INFO  server.RaftServerConfigKeys (ConfUtils.java:logGet(46)) - raft.server.log.statemachine.data.read.timeout = 1000ms (default)
2022-09-08 01:52:44,590 [pool-410-thread-1] INFO  server.RaftServerConfigKeys (ConfUtils.java:logGet(46)) - raft.server.log.segment.size.max = 1048576 (custom)
2022-09-08 01:52:44,590 [pool-410-thread-1] INFO  server.RaftServerConfigKeys (ConfUtils.java:logGet(46)) - raft.server.log.segment.cache.num.max = 2 (custom)
2022-09-08 01:52:44,590 [pool-410-thread-1] INFO  server.RaftServerConfigKeys (ConfUtils.java:logGet(46)) - raft.server.log.segment.cache.size.max = 200MB (=209715200) (default)
2022-09-08 01:52:44,590 [pool-410-thread-1] INFO  segmented.SegmentedRaftLogWorker (SegmentedRaftLogWorker.java:<init>(187)) - new 4bf7dd5c-6c50-43e1-a529-d19303e563bb@group-B3B3BC8C696C-SegmentedRaftLogWorker for RaftStorageImpl:Storage Directory /home/runner/work/ozone/ozone/hadoop-ozone/integration-test/target/test-dir/MiniOzoneClusterImpl-41094698-2c6a-4710-a797-d1e03ae99019/datanode-2/data/ratis/f51312d8-f28f-4a6a-bb2e-b3b3bc8c696c
2022-09-08 01:52:44,590 [pool-410-thread-1] INFO  server.RaftServerConfigKeys (ConfUtils.java:logGet(46)) - raft.server.log.queue.byte-limit = 4294967296 (custom)
2022-09-08 01:52:44,590 [pool-410-thread-1] INFO  server.RaftServerConfigKeys (ConfUtils.java:logGet(46)) - raft.server.log.queue.element-limit = 1024 (custom)
2022-09-08 01:52:44,590 [pool-410-thread-1] INFO  server.RaftServerConfigKeys (ConfUtils.java:logGet(46)) - raft.server.log.segment.size.max = 1048576 (custom)
2022-09-08 01:52:44,590 [pool-410-thread-1] INFO  server.RaftServerConfigKeys (ConfUtils.java:logGet(46)) - raft.server.log.preallocated.size = 16384 (custom)
2022-09-08 01:52:44,590 [pool-410-thread-1] INFO  server.RaftServerConfigKeys (ConfUtils.java:logGet(46)) - raft.server.log.force.sync.num = 128 (default)
2022-09-08 01:52:44,590 [pool-410-thread-1] INFO  server.RaftServerConfigKeys (ConfUtils.java:logGet(46)) - raft.server.log.statemachine.data.sync = true (default)
2022-09-08 01:52:44,590 [pool-410-thread-1] INFO  server.RaftServerConfigKeys (ConfUtils.java:logGet(46)) - raft.server.log.statemachine.data.sync.timeout = 10s (default)
2022-09-08 01:52:44,590 [pool-410-thread-1] INFO  server.RaftServerConfigKeys (ConfUtils.java:logGet(46)) - raft.server.log.statemachine.data.sync.timeout.retry = -1 (default)
2022-09-08 01:52:44,591 [pool-410-thread-1] INFO  server.RaftServerConfigKeys (ConfUtils.java:logGet(46)) - raft.server.log.write.buffer.size = 1048576 (custom)
2022-09-08 01:52:44,591 [EventQueue-PipelineReportForPipelineReportHandler] INFO  pipeline.PipelineManagerImpl (PipelineManagerImpl.java:openPipeline(367)) - Pipeline Pipeline[ Id: f51312d8-f28f-4a6a-bb2e-b3b3bc8c696c, Nodes: 4bf7dd5c-6c50-43e1-a529-d19303e563bb{ip: 10.1.1.0, host: fv-az38-857.qiceih3q1hfe5a3ai3y3qk2fta.cx.internal.cloudapp.net, ports: [REPLICATION=36373, RATIS=38251, RATIS_ADMIN=38251, RATIS_SERVER=38251, STANDALONE=42083], networkLocation: /default-rack, certSerialId: null, persistedOpState: IN_SERVICE, persistedOpStateExpiryEpochSec: 0}, ReplicationConfig: RATIS/ONE, State:ALLOCATED, leaderId:4bf7dd5c-6c50-43e1-a529-d19303e563bb, CreationTimestamp2022-09-08T01:52:41.580Z[Etc/UTC]] moved to OPEN state
2022-09-08 01:52:44,592 [EventQueue-OpenPipelineForHealthyPipelineSafeModeRule] INFO  safemode.SCMSafeModeManager (HealthyPipelineSafeModeRule.java:process(137)) - SCM in safe mode. Healthy pipelines reported count is 0, required healthy pipeline reported count is 1
2022-09-08 01:52:44,592 [pool-410-thread-1] INFO  server.RaftServerConfigKeys (ConfUtils.java:logGet(46)) - raft.server.log.unsafe-flush.enabled = false (default)
2022-09-08 01:52:44,592 [pool-410-thread-1] INFO  server.RaftServerConfigKeys (ConfUtils.java:logGet(46)) - raft.server.log.statemachine.data.caching.enabled = true (custom)
2022-09-08 01:52:44,592 [pool-410-thread-1] INFO  segmented.SegmentedRaftLogWorker (SegmentedRaftLogWorker.java:lambda$new$0(135)) - 4bf7dd5c-6c50-43e1-a529-d19303e563bb@group-B3B3BC8C696C-SegmentedRaftLogWorker: flushIndex: setUnconditionally 0 -> -1
2022-09-08 01:52:44,592 [pool-410-thread-1] INFO  segmented.SegmentedRaftLogWorker (SegmentedRaftLogWorker.java:lambda$new$0(135)) - 4bf7dd5c-6c50-43e1-a529-d19303e563bb@group-B3B3BC8C696C-SegmentedRaftLogWorker: safeCacheEvictIndex: setUnconditionally 0 -> -1
2022-09-08 01:52:44,607 [pool-410-thread-1] INFO  server.RaftServerConfigKeys (ConfUtils.java:logGet(46)) - raft.server.snapshot.auto.trigger.enabled = true (custom)
2022-09-08 01:52:44,607 [pool-410-thread-1] INFO  server.RaftServerConfigKeys (ConfUtils.java:logGet(46)) - raft.server.snapshot.auto.trigger.threshold = 10000 (custom)
2022-09-08 01:52:44,607 [pool-410-thread-1] INFO  server.RaftServerConfigKeys (ConfUtils.java:logGet(46)) - raft.server.snapshot.retention.file.num = 5 (custom)
2022-09-08 01:52:44,607 [pool-410-thread-1] INFO  server.RaftServerConfigKeys (ConfUtils.java:logGet(46)) - raft.server.log.purge.upto.snapshot.index = false (default)
2022-09-08 01:52:44,607 [pool-410-thread-1] INFO  server.RaftServerConfigKeys (ConfUtils.java:logGet(46)) - raft.server.retrycache.expirytime = 600000ms (custom)
2022-09-08 01:52:44,607 [pool-410-thread-1] INFO  server.RaftServerConfigKeys (ConfUtils.java:logGet(46)) - raft.server.retrycache.statistics.expirytime = 100μs (default)
2022-09-08 01:52:44,608 [pool-410-thread-1] INFO  server.RaftServerConfigKeys (ConfUtils.java:logGet(46)) - raft.server.log.appender.install.snapshot.enabled = false (custom)
2022-09-08 01:52:44,608 [pool-410-thread-1] INFO  server.RaftServerConfigKeys (ConfUtils.java:logGet(46)) - raft.server.threadpool.server.cached = true (default)
2022-09-08 01:52:44,608 [pool-410-thread-1] INFO  server.RaftServerConfigKeys (ConfUtils.java:logGet(46)) - raft.server.threadpool.server.size = 0 (default)
2022-09-08 01:52:44,608 [pool-410-thread-1] INFO  server.RaftServerConfigKeys (ConfUtils.java:logGet(46)) - raft.server.threadpool.client.cached = true (default)
2022-09-08 01:52:44,608 [pool-410-thread-1] INFO  server.RaftServerConfigKeys (ConfUtils.java:logGet(46)) - raft.server.threadpool.client.size = 0 (default)
2022-09-08 01:52:44,608 [pool-410-thread-1] INFO  server.RaftServer$Division (RaftServerImpl.java:start(310)) - 4bf7dd5c-6c50-43e1-a529-d19303e563bb@group-B3B3BC8C696C: start as a follower, conf=-1: [4bf7dd5c-6c50-43e1-a529-d19303e563bb|rpc:10.1.1.0:38251|priority:1], old=null
2022-09-08 01:52:44,608 [pool-410-thread-1] INFO  server.RaftServer$Division (RaftServerImpl.java:setRole(299)) - 4bf7dd5c-6c50-43e1-a529-d19303e563bb@group-B3B3BC8C696C: changes role from      null to FOLLOWER at term 0 for startAsFollower
2022-09-08 01:52:44,608 [pool-410-thread-1] INFO  impl.RoleInfo (RoleInfo.java:updateAndGet(139)) - 4bf7dd5c-6c50-43e1-a529-d19303e563bb: start 4bf7dd5c-6c50-43e1-a529-d19303e563bb@group-B3B3BC8C696C-FollowerState
2022-09-08 01:52:44,609 [pool-410-thread-1] INFO  util.JmxRegister (JmxRegister.java:tryRegister(44)) - Successfully registered JMX Bean with object name Ratis:service=RaftServer,group=group-B3B3BC8C696C,id=4bf7dd5c-6c50-43e1-a529-d19303e563bb
2022-09-08 01:52:44,619 [Command processor thread] INFO  ratis.XceiverServerRatis (XceiverServerRatis.java:addGroup(765)) - Created group PipelineID=f51312d8-f28f-4a6a-bb2e-b3b3bc8c696c
2022-09-08 01:52:44,619 [Command processor thread] INFO  commandhandler.CreatePipelineCommandHandler (CreatePipelineCommandHandler.java:handle(113)) - Created Pipeline RATIS ONE PipelineID=f51312d8-f28f-4a6a-bb2e-b3b3bc8c696c.
2022-09-08 01:52:45,568 [Listener at 127.0.0.1/42159] INFO  ozone.MiniOzoneClusterImpl (MiniOzoneClusterImpl.java:lambda$waitForClusterToBeReady$0(216)) - Nodes are ready. Got 3 of 3 DN Heartbeats.
2022-09-08 01:52:45,568 [Listener at 127.0.0.1/42159] INFO  ozone.MiniOzoneClusterImpl (MiniOzoneClusterImpl.java:lambda$waitForClusterToBeReady$0(219)) - Waiting for cluster to exit safe mode
2022-09-08 01:52:45,568 [Listener at 127.0.0.1/42159] INFO  ozone.MiniOzoneClusterImpl (MiniOzoneClusterImpl.java:lambda$waitForClusterToBeReady$0(221)) - SCM became leader
2022-09-08 01:52:46,568 [Listener at 127.0.0.1/42159] INFO  ozone.MiniOzoneClusterImpl (MiniOzoneClusterImpl.java:lambda$waitForClusterToBeReady$0(216)) - Nodes are ready. Got 3 of 3 DN Heartbeats.
2022-09-08 01:52:46,569 [Listener at 127.0.0.1/42159] INFO  ozone.MiniOzoneClusterImpl (MiniOzoneClusterImpl.java:lambda$waitForClusterToBeReady$0(219)) - Waiting for cluster to exit safe mode
2022-09-08 01:52:46,569 [Listener at 127.0.0.1/42159] INFO  ozone.MiniOzoneClusterImpl (MiniOzoneClusterImpl.java:lambda$waitForClusterToBeReady$0(221)) - SCM became leader
2022-09-08 01:52:47,569 [Listener at 127.0.0.1/42159] INFO  ozone.MiniOzoneClusterImpl (MiniOzoneClusterImpl.java:lambda$waitForClusterToBeReady$0(216)) - Nodes are ready. Got 3 of 3 DN Heartbeats.
2022-09-08 01:52:47,569 [Listener at 127.0.0.1/42159] INFO  ozone.MiniOzoneClusterImpl (MiniOzoneClusterImpl.java:lambda$waitForClusterToBeReady$0(219)) - Waiting for cluster to exit safe mode
2022-09-08 01:52:47,569 [Listener at 127.0.0.1/42159] INFO  ozone.MiniOzoneClusterImpl (MiniOzoneClusterImpl.java:lambda$waitForClusterToBeReady$0(221)) - SCM became leader
2022-09-08 01:52:48,312 [9e86db77-9115-4b7d-b118-b6d634df39b3@group-EA8B69E7818B-FollowerState] INFO  impl.FollowerState (FollowerState.java:run(143)) - 9e86db77-9115-4b7d-b118-b6d634df39b3@group-EA8B69E7818B-FollowerState: change to CANDIDATE, lastRpcElapsedTime:5102159569ns, electionTimeout:5093ms
2022-09-08 01:52:48,313 [9e86db77-9115-4b7d-b118-b6d634df39b3@group-EA8B69E7818B-FollowerState] INFO  impl.RoleInfo (RoleInfo.java:shutdownFollowerState(110)) - 9e86db77-9115-4b7d-b118-b6d634df39b3: shutdown 9e86db77-9115-4b7d-b118-b6d634df39b3@group-EA8B69E7818B-FollowerState
2022-09-08 01:52:48,313 [9e86db77-9115-4b7d-b118-b6d634df39b3@group-EA8B69E7818B-FollowerState] INFO  server.RaftServer$Division (RaftServerImpl.java:setRole(299)) - 9e86db77-9115-4b7d-b118-b6d634df39b3@group-EA8B69E7818B: changes role from  FOLLOWER to CANDIDATE at term 0 for changeToCandidate
2022-09-08 01:52:48,313 [9e86db77-9115-4b7d-b118-b6d634df39b3@group-EA8B69E7818B-FollowerState] INFO  server.RaftServerConfigKeys (ConfUtils.java:logGet(46)) - raft.server.leaderelection.pre-vote = false (custom)
2022-09-08 01:52:48,313 [9e86db77-9115-4b7d-b118-b6d634df39b3@group-EA8B69E7818B-FollowerState] INFO  impl.RoleInfo (RoleInfo.java:updateAndGet(139)) - 9e86db77-9115-4b7d-b118-b6d634df39b3: start 9e86db77-9115-4b7d-b118-b6d634df39b3@group-EA8B69E7818B-LeaderElection24
2022-09-08 01:52:48,329 [9e86db77-9115-4b7d-b118-b6d634df39b3@group-EA8B69E7818B-LeaderElection24] INFO  impl.LeaderElection (LeaderElection.java:askForVotes(310)) - 9e86db77-9115-4b7d-b118-b6d634df39b3@group-EA8B69E7818B-LeaderElection24 ELECTION round 0: submit vote requests at term 1 for -1: [9e86db77-9115-4b7d-b118-b6d634df39b3|rpc:10.1.1.0:46843|priority:1], old=null
2022-09-08 01:52:48,330 [9e86db77-9115-4b7d-b118-b6d634df39b3@group-EA8B69E7818B-LeaderElection24] INFO  impl.LeaderElection (LeaderElection.java:askForVotes(312)) - 9e86db77-9115-4b7d-b118-b6d634df39b3@group-EA8B69E7818B-LeaderElection24 ELECTION round 0: result PASSED (term=1)
2022-09-08 01:52:48,330 [9e86db77-9115-4b7d-b118-b6d634df39b3@group-EA8B69E7818B-LeaderElection24] INFO  impl.RoleInfo (RoleInfo.java:shutdownLeaderElection(130)) - 9e86db77-9115-4b7d-b118-b6d634df39b3: shutdown 9e86db77-9115-4b7d-b118-b6d634df39b3@group-EA8B69E7818B-LeaderElection24
2022-09-08 01:52:48,330 [9e86db77-9115-4b7d-b118-b6d634df39b3@group-EA8B69E7818B-LeaderElection24] INFO  server.RaftServer$Division (RaftServerImpl.java:setRole(299)) - 9e86db77-9115-4b7d-b118-b6d634df39b3@group-EA8B69E7818B: changes role from CANDIDATE to LEADER at term 1 for changeToLeader
2022-09-08 01:52:48,330 [9e86db77-9115-4b7d-b118-b6d634df39b3@group-EA8B69E7818B-LeaderElection24] INFO  ratis.XceiverServerRatis (XceiverServerRatis.java:handleLeaderChangedNotification(863)) - Leader change notification received for group: group-EA8B69E7818B with new leaderId: 9e86db77-9115-4b7d-b118-b6d634df39b3
2022-09-08 01:52:48,332 [EventQueue-OpenPipelineForHealthyPipelineSafeModeRule] INFO  safemode.SCMSafeModeManager (HealthyPipelineSafeModeRule.java:process(137)) - SCM in safe mode. Healthy pipelines reported count is 0, required healthy pipeline reported count is 1
2022-09-08 01:52:48,334 [9e86db77-9115-4b7d-b118-b6d634df39b3@group-EA8B69E7818B-LeaderElection24] INFO  server.RaftServer$Division (ServerState.java:setLeader(287)) - 9e86db77-9115-4b7d-b118-b6d634df39b3@group-EA8B69E7818B: change Leader from null to 9e86db77-9115-4b7d-b118-b6d634df39b3 at term 1 for becomeLeader, leader elected after 5148ms
2022-09-08 01:52:48,334 [9e86db77-9115-4b7d-b118-b6d634df39b3@group-EA8B69E7818B-LeaderElection24] INFO  server.RaftServerConfigKeys (ConfUtils.java:logGet(46)) - raft.server.staging.catchup.gap = 1000 (default)
2022-09-08 01:52:48,334 [9e86db77-9115-4b7d-b118-b6d634df39b3@group-EA8B69E7818B-LeaderElection24] INFO  server.RaftServerConfigKeys (ConfUtils.java:logGet(46)) - raft.server.write.element-limit = 1024 (custom)
2022-09-08 01:52:48,334 [9e86db77-9115-4b7d-b118-b6d634df39b3@group-EA8B69E7818B-LeaderElection24] INFO  server.RaftServerConfigKeys (ConfUtils.java:logGet(46)) - raft.server.write.byte-limit = 1024 M (=1073741824) (custom)
2022-09-08 01:52:48,334 [9e86db77-9115-4b7d-b118-b6d634df39b3@group-EA8B69E7818B-LeaderElection24] INFO  server.RaftServerConfigKeys (ConfUtils.java:logGet(46)) - raft.server.watch.timeout = 180s (custom)
2022-09-08 01:52:48,334 [9e86db77-9115-4b7d-b118-b6d634df39b3@group-EA8B69E7818B-LeaderElection24] INFO  server.RaftServerConfigKeys (ConfUtils.java:logGet(46)) - raft.server.watch.timeout.denomination = 1s (default)
2022-09-08 01:52:48,334 [9e86db77-9115-4b7d-b118-b6d634df39b3@group-EA8B69E7818B-LeaderElection24] INFO  server.RaftServerConfigKeys (ConfUtils.java:logGet(46)) - raft.server.watch.element-limit = 65536 (default)
2022-09-08 01:52:48,335 [9e86db77-9115-4b7d-b118-b6d634df39b3@group-EA8B69E7818B-LeaderElection24] INFO  server.RaftServerConfigKeys (ConfUtils.java:logGet(46)) - raft.server.write.element-limit = 1024 (custom)
2022-09-08 01:52:48,335 [9e86db77-9115-4b7d-b118-b6d634df39b3@group-EA8B69E7818B-LeaderElection24] INFO  server.RaftServerConfigKeys (ConfUtils.java:logGet(46)) - raft.server.write.follower.gap.ratio.max = -1.0 (default)
2022-09-08 01:52:48,335 [9e86db77-9115-4b7d-b118-b6d634df39b3@group-EA8B69E7818B-LeaderElection24] INFO  impl.RoleInfo (RoleInfo.java:updateAndGet(139)) - 9e86db77-9115-4b7d-b118-b6d634df39b3: start 9e86db77-9115-4b7d-b118-b6d634df39b3@group-EA8B69E7818B-LeaderStateImpl
2022-09-08 01:52:48,349 [9e86db77-9115-4b7d-b118-b6d634df39b3@group-EA8B69E7818B-LeaderElection24] INFO  segmented.SegmentedRaftLogWorker (SegmentedRaftLogWorker.java:startLogSegment(425)) - 9e86db77-9115-4b7d-b118-b6d634df39b3@group-EA8B69E7818B-SegmentedRaftLogWorker: Starting segment from index:0
2022-09-08 01:52:48,351 [9e86db77-9115-4b7d-b118-b6d634df39b3@group-EA8B69E7818B-SegmentedRaftLogWorker] INFO  segmented.SegmentedRaftLogWorker (SegmentedRaftLogWorker.java:execute(629)) - 9e86db77-9115-4b7d-b118-b6d634df39b3@group-EA8B69E7818B-SegmentedRaftLogWorker: created new log segment /home/runner/work/ozone/ozone/hadoop-ozone/integration-test/target/test-dir/MiniOzoneClusterImpl-41094698-2c6a-4710-a797-d1e03ae99019/datanode-0/data/ratis/f92248d6-3314-4697-8b3d-ea8b69e7818b/current/log_inprogress_0
2022-09-08 01:52:48,364 [9e86db77-9115-4b7d-b118-b6d634df39b3@group-EA8B69E7818B-LeaderElection24] INFO  server.RaftServer$Division (ServerState.java:setRaftConf(393)) - 9e86db77-9115-4b7d-b118-b6d634df39b3@group-EA8B69E7818B: set configuration 0: [9e86db77-9115-4b7d-b118-b6d634df39b3|rpc:10.1.1.0:46843|dataStream:|priority:1], old=null
2022-09-08 01:52:48,411 [9e86db77-9115-4b7d-b118-b6d634df39b3@group-DF9A6DE677AB-FollowerState] INFO  impl.FollowerState (FollowerState.java:run(143)) - 9e86db77-9115-4b7d-b118-b6d634df39b3@group-DF9A6DE677AB-FollowerState: change to CANDIDATE, lastRpcElapsedTime:5173113862ns, electionTimeout:5139ms
2022-09-08 01:52:48,411 [9e86db77-9115-4b7d-b118-b6d634df39b3@group-DF9A6DE677AB-FollowerState] INFO  impl.RoleInfo (RoleInfo.java:shutdownFollowerState(110)) - 9e86db77-9115-4b7d-b118-b6d634df39b3: shutdown 9e86db77-9115-4b7d-b118-b6d634df39b3@group-DF9A6DE677AB-FollowerState
2022-09-08 01:52:48,411 [9e86db77-9115-4b7d-b118-b6d634df39b3@group-DF9A6DE677AB-FollowerState] INFO  server.RaftServer$Division (RaftServerImpl.java:setRole(299)) - 9e86db77-9115-4b7d-b118-b6d634df39b3@group-DF9A6DE677AB: changes role from  FOLLOWER to CANDIDATE at term 0 for changeToCandidate
2022-09-08 01:52:48,411 [9e86db77-9115-4b7d-b118-b6d634df39b3@group-DF9A6DE677AB-FollowerState] INFO  server.RaftServerConfigKeys (ConfUtils.java:logGet(46)) - raft.server.leaderelection.pre-vote = false (custom)
2022-09-08 01:52:48,411 [9e86db77-9115-4b7d-b118-b6d634df39b3@group-DF9A6DE677AB-FollowerState] INFO  impl.RoleInfo (RoleInfo.java:updateAndGet(139)) - 9e86db77-9115-4b7d-b118-b6d634df39b3: start 9e86db77-9115-4b7d-b118-b6d634df39b3@group-DF9A6DE677AB-LeaderElection25
2022-09-08 01:52:48,448 [9e86db77-9115-4b7d-b118-b6d634df39b3@group-DF9A6DE677AB-LeaderElection25] INFO  impl.LeaderElection (LeaderElection.java:askForVotes(310)) - 9e86db77-9115-4b7d-b118-b6d634df39b3@group-DF9A6DE677AB-LeaderElection25 ELECTION round 0: submit vote requests at term 1 for -1: [9e86db77-9115-4b7d-b118-b6d634df39b3|rpc:10.1.1.0:46843|priority:0, 4bf7dd5c-6c50-43e1-a529-d19303e563bb|rpc:10.1.1.0:38251|priority:0, 1fe68fa2-71ab-402b-9a9c-5fb65a06b7eb|rpc:10.1.1.0:45277|priority:1], old=null
2022-09-08 01:52:48,486 [grpc-default-executor-0] INFO  server.RaftServer$Division (RaftServerImpl.java:requestVote(1152)) - 4bf7dd5c-6c50-43e1-a529-d19303e563bb@group-DF9A6DE677AB: receive requestVote(ELECTION, 9e86db77-9115-4b7d-b118-b6d634df39b3, group-DF9A6DE677AB, 1, (t:0, i:0))
2022-09-08 01:52:48,486 [grpc-default-executor-0] INFO  impl.VoteContext (VoteContext.java:log(48)) - 4bf7dd5c-6c50-43e1-a529-d19303e563bb@group-DF9A6DE677AB-FOLLOWER: accept ELECTION from 9e86db77-9115-4b7d-b118-b6d634df39b3: our priority 0 <= candidate's priority 0
2022-09-08 01:52:48,486 [grpc-default-executor-0] INFO  server.RaftServer$Division (RaftServerImpl.java:setRole(299)) - 4bf7dd5c-6c50-43e1-a529-d19303e563bb@group-DF9A6DE677AB: changes role from  FOLLOWER to FOLLOWER at term 1 for candidate:9e86db77-9115-4b7d-b118-b6d634df39b3
2022-09-08 01:52:48,486 [grpc-default-executor-0] INFO  impl.RoleInfo (RoleInfo.java:shutdownFollowerState(110)) - 4bf7dd5c-6c50-43e1-a529-d19303e563bb: shutdown 4bf7dd5c-6c50-43e1-a529-d19303e563bb@group-DF9A6DE677AB-FollowerState
2022-09-08 01:52:48,495 [1fe68fa2-71ab-402b-9a9c-5fb65a06b7eb@group-DF9A6DE677AB-FollowerState] INFO  impl.FollowerState (FollowerState.java:run(143)) - 1fe68fa2-71ab-402b-9a9c-5fb65a06b7eb@group-DF9A6DE677AB-FollowerState: change to CANDIDATE, lastRpcElapsedTime:5091439120ns, electionTimeout:5090ms
2022-09-08 01:52:48,495 [1fe68fa2-71ab-402b-9a9c-5fb65a06b7eb@group-DF9A6DE677AB-FollowerState] INFO  impl.RoleInfo (RoleInfo.java:shutdownFollowerState(110)) - 1fe68fa2-71ab-402b-9a9c-5fb65a06b7eb: shutdown 1fe68fa2-71ab-402b-9a9c-5fb65a06b7eb@group-DF9A6DE677AB-FollowerState
2022-09-08 01:52:48,495 [1fe68fa2-71ab-402b-9a9c-5fb65a06b7eb@group-DF9A6DE677AB-FollowerState] INFO  server.RaftServer$Division (RaftServerImpl.java:setRole(299)) - 1fe68fa2-71ab-402b-9a9c-5fb65a06b7eb@group-DF9A6DE677AB: changes role from  FOLLOWER to CANDIDATE at term 0 for changeToCandidate
2022-09-08 01:52:48,496 [1fe68fa2-71ab-402b-9a9c-5fb65a06b7eb@group-DF9A6DE677AB-FollowerState] INFO  server.RaftServerConfigKeys (ConfUtils.java:logGet(46)) - raft.server.leaderelection.pre-vote = false (custom)
2022-09-08 01:52:48,496 [1fe68fa2-71ab-402b-9a9c-5fb65a06b7eb@group-DF9A6DE677AB-FollowerState] INFO  impl.RoleInfo (RoleInfo.java:updateAndGet(139)) - 1fe68fa2-71ab-402b-9a9c-5fb65a06b7eb: start 1fe68fa2-71ab-402b-9a9c-5fb65a06b7eb@group-DF9A6DE677AB-LeaderElection26
2022-09-08 01:52:48,504 [grpc-default-executor-0] INFO  impl.RoleInfo (RoleInfo.java:updateAndGet(139)) - 4bf7dd5c-6c50-43e1-a529-d19303e563bb: start 4bf7dd5c-6c50-43e1-a529-d19303e563bb@group-DF9A6DE677AB-FollowerState
2022-09-08 01:52:48,504 [4bf7dd5c-6c50-43e1-a529-d19303e563bb@group-DF9A6DE677AB-FollowerState] INFO  impl.FollowerState (FollowerState.java:run(152)) - 4bf7dd5c-6c50-43e1-a529-d19303e563bb@group-DF9A6DE677AB-FollowerState was interrupted
2022-09-08 01:52:48,549 [grpc-default-executor-0] INFO  server.RaftServer$Division (RaftServerImpl.java:requestVote(1184)) - 4bf7dd5c-6c50-43e1-a529-d19303e563bb@group-DF9A6DE677AB replies to ELECTION vote request: 9e86db77-9115-4b7d-b118-b6d634df39b3<-4bf7dd5c-6c50-43e1-a529-d19303e563bb#0:OK-t1. Peer's state: 4bf7dd5c-6c50-43e1-a529-d19303e563bb@group-DF9A6DE677AB:t1, leader=null, voted=9e86db77-9115-4b7d-b118-b6d634df39b3, raftlog=4bf7dd5c-6c50-43e1-a529-d19303e563bb@group-DF9A6DE677AB-SegmentedRaftLog:OPENED:c-1, conf=-1: [9e86db77-9115-4b7d-b118-b6d634df39b3|rpc:10.1.1.0:46843|dataStream:|priority:0, 4bf7dd5c-6c50-43e1-a529-d19303e563bb|rpc:10.1.1.0:38251|dataStream:|priority:0, 1fe68fa2-71ab-402b-9a9c-5fb65a06b7eb|rpc:10.1.1.0:45277|dataStream:|priority:1], old=null
2022-09-08 01:52:48,568 [grpc-default-executor-1] INFO  server.RaftServer$Division (RaftServerImpl.java:requestVote(1152)) - 1fe68fa2-71ab-402b-9a9c-5fb65a06b7eb@group-DF9A6DE677AB: receive requestVote(ELECTION, 9e86db77-9115-4b7d-b118-b6d634df39b3, group-DF9A6DE677AB, 1, (t:0, i:0))
2022-09-08 01:52:48,569 [Listener at 127.0.0.1/42159] INFO  ozone.MiniOzoneClusterImpl (MiniOzoneClusterImpl.java:lambda$waitForClusterToBeReady$0(216)) - Nodes are ready. Got 3 of 3 DN Heartbeats.
2022-09-08 01:52:48,570 [Listener at 127.0.0.1/42159] INFO  ozone.MiniOzoneClusterImpl (MiniOzoneClusterImpl.java:lambda$waitForClusterToBeReady$0(219)) - Waiting for cluster to exit safe mode
2022-09-08 01:52:48,570 [Listener at 127.0.0.1/42159] INFO  ozone.MiniOzoneClusterImpl (MiniOzoneClusterImpl.java:lambda$waitForClusterToBeReady$0(221)) - SCM became leader
2022-09-08 01:52:48,571 [1fe68fa2-71ab-402b-9a9c-5fb65a06b7eb@group-DF9A6DE677AB-LeaderElection26] INFO  impl.LeaderElection (LeaderElection.java:askForVotes(310)) - 1fe68fa2-71ab-402b-9a9c-5fb65a06b7eb@group-DF9A6DE677AB-LeaderElection26 ELECTION round 0: submit vote requests at term 1 for -1: [9e86db77-9115-4b7d-b118-b6d634df39b3|rpc:10.1.1.0:46843|dataStream:|priority:0, 4bf7dd5c-6c50-43e1-a529-d19303e563bb|rpc:10.1.1.0:38251|dataStream:|priority:0, 1fe68fa2-71ab-402b-9a9c-5fb65a06b7eb|rpc:10.1.1.0:45277|dataStream:|priority:1], old=null
2022-09-08 01:52:48,571 [grpc-default-executor-1] INFO  impl.VoteContext (VoteContext.java:log(48)) - 1fe68fa2-71ab-402b-9a9c-5fb65a06b7eb@group-DF9A6DE677AB-CANDIDATE: reject ELECTION from 9e86db77-9115-4b7d-b118-b6d634df39b3: already has voted for 1fe68fa2-71ab-402b-9a9c-5fb65a06b7eb at current term 1
2022-09-08 01:52:48,571 [grpc-default-executor-1] INFO  server.RaftServer$Division (RaftServerImpl.java:requestVote(1184)) - 1fe68fa2-71ab-402b-9a9c-5fb65a06b7eb@group-DF9A6DE677AB replies to ELECTION vote request: 9e86db77-9115-4b7d-b118-b6d634df39b3<-1fe68fa2-71ab-402b-9a9c-5fb65a06b7eb#0:FAIL-t1. Peer's state: 1fe68fa2-71ab-402b-9a9c-5fb65a06b7eb@group-DF9A6DE677AB:t1, leader=null, voted=1fe68fa2-71ab-402b-9a9c-5fb65a06b7eb, raftlog=1fe68fa2-71ab-402b-9a9c-5fb65a06b7eb@group-DF9A6DE677AB-SegmentedRaftLog:OPENED:c-1, conf=-1: [9e86db77-9115-4b7d-b118-b6d634df39b3|rpc:10.1.1.0:46843|dataStream:|priority:0, 4bf7dd5c-6c50-43e1-a529-d19303e563bb|rpc:10.1.1.0:38251|dataStream:|priority:0, 1fe68fa2-71ab-402b-9a9c-5fb65a06b7eb|rpc:10.1.1.0:45277|dataStream:|priority:1], old=null
2022-09-08 01:52:48,609 [9e86db77-9115-4b7d-b118-b6d634df39b3@group-DF9A6DE677AB-LeaderElection25] INFO  impl.LeaderElection (LeaderElection.java:logAndReturn(90)) - 9e86db77-9115-4b7d-b118-b6d634df39b3@group-DF9A6DE677AB-LeaderElection25: ELECTION REJECTED received 2 response(s) and 0 exception(s):
2022-09-08 01:52:48,609 [9e86db77-9115-4b7d-b118-b6d634df39b3@group-DF9A6DE677AB-LeaderElection25] INFO  impl.LeaderElection (LeaderElection.java:logAndReturn(94)) -   Response 0: 9e86db77-9115-4b7d-b118-b6d634df39b3<-4bf7dd5c-6c50-43e1-a529-d19303e563bb#0:OK-t1
2022-09-08 01:52:48,609 [9e86db77-9115-4b7d-b118-b6d634df39b3@group-DF9A6DE677AB-LeaderElection25] INFO  impl.LeaderElection (LeaderElection.java:logAndReturn(94)) -   Response 1: 9e86db77-9115-4b7d-b118-b6d634df39b3<-1fe68fa2-71ab-402b-9a9c-5fb65a06b7eb#0:FAIL-t1
2022-09-08 01:52:48,609 [9e86db77-9115-4b7d-b118-b6d634df39b3@group-DF9A6DE677AB-LeaderElection25] INFO  impl.LeaderElection (LeaderElection.java:askForVotes(312)) - 9e86db77-9115-4b7d-b118-b6d634df39b3@group-DF9A6DE677AB-LeaderElection25 ELECTION round 0: result REJECTED
2022-09-08 01:52:48,609 [9e86db77-9115-4b7d-b118-b6d634df39b3@group-DF9A6DE677AB-LeaderElection25] INFO  server.RaftServer$Division (RaftServerImpl.java:setRole(299)) - 9e86db77-9115-4b7d-b118-b6d634df39b3@group-DF9A6DE677AB: changes role from CANDIDATE to FOLLOWER at term 1 for REJECTED
2022-09-08 01:52:48,609 [9e86db77-9115-4b7d-b118-b6d634df39b3@group-DF9A6DE677AB-LeaderElection25] INFO  impl.RoleInfo (RoleInfo.java:shutdownLeaderElection(130)) - 9e86db77-9115-4b7d-b118-b6d634df39b3: shutdown 9e86db77-9115-4b7d-b118-b6d634df39b3@group-DF9A6DE677AB-LeaderElection25
2022-09-08 01:52:48,609 [9e86db77-9115-4b7d-b118-b6d634df39b3@group-DF9A6DE677AB-LeaderElection25] INFO  impl.RoleInfo (RoleInfo.java:updateAndGet(139)) - 9e86db77-9115-4b7d-b118-b6d634df39b3: start 9e86db77-9115-4b7d-b118-b6d634df39b3@group-DF9A6DE677AB-FollowerState
2022-09-08 01:52:48,624 [grpc-default-executor-0] INFO  server.RaftServer$Division (RaftServerImpl.java:requestVote(1152)) - 9e86db77-9115-4b7d-b118-b6d634df39b3@group-DF9A6DE677AB: receive requestVote(ELECTION, 1fe68fa2-71ab-402b-9a9c-5fb65a06b7eb, group-DF9A6DE677AB, 1, (t:0, i:0))
2022-09-08 01:52:48,625 [grpc-default-executor-0] INFO  impl.VoteContext (VoteContext.java:log(48)) - 9e86db77-9115-4b7d-b118-b6d634df39b3@group-DF9A6DE677AB-FOLLOWER: reject ELECTION from 1fe68fa2-71ab-402b-9a9c-5fb65a06b7eb: already has voted for 9e86db77-9115-4b7d-b118-b6d634df39b3 at current term 1
2022-09-08 01:52:48,625 [grpc-default-executor-0] INFO  server.RaftServer$Division (RaftServerImpl.java:requestVote(1184)) - 9e86db77-9115-4b7d-b118-b6d634df39b3@group-DF9A6DE677AB replies to ELECTION vote request: 1fe68fa2-71ab-402b-9a9c-5fb65a06b7eb<-9e86db77-9115-4b7d-b118-b6d634df39b3#0:FAIL-t1. Peer's state: 9e86db77-9115-4b7d-b118-b6d634df39b3@group-DF9A6DE677AB:t1, leader=null, voted=9e86db77-9115-4b7d-b118-b6d634df39b3, raftlog=9e86db77-9115-4b7d-b118-b6d634df39b3@group-DF9A6DE677AB-SegmentedRaftLog:OPENED:c-1, conf=-1: [9e86db77-9115-4b7d-b118-b6d634df39b3|rpc:10.1.1.0:46843|priority:0, 4bf7dd5c-6c50-43e1-a529-d19303e563bb|rpc:10.1.1.0:38251|priority:0, 1fe68fa2-71ab-402b-9a9c-5fb65a06b7eb|rpc:10.1.1.0:45277|priority:1], old=null
2022-09-08 01:52:48,689 [grpc-default-executor-1] INFO  server.RaftServer$Division (RaftServerImpl.java:requestVote(1152)) - 4bf7dd5c-6c50-43e1-a529-d19303e563bb@group-DF9A6DE677AB: receive requestVote(ELECTION, 1fe68fa2-71ab-402b-9a9c-5fb65a06b7eb, group-DF9A6DE677AB, 1, (t:0, i:0))
2022-09-08 01:52:48,689 [grpc-default-executor-1] INFO  impl.VoteContext (VoteContext.java:log(48)) - 4bf7dd5c-6c50-43e1-a529-d19303e563bb@group-DF9A6DE677AB-FOLLOWER: reject ELECTION from 1fe68fa2-71ab-402b-9a9c-5fb65a06b7eb: already has voted for 9e86db77-9115-4b7d-b118-b6d634df39b3 at current term 1
2022-09-08 01:52:48,690 [grpc-default-executor-1] INFO  server.RaftServer$Division (RaftServerImpl.java:requestVote(1184)) - 4bf7dd5c-6c50-43e1-a529-d19303e563bb@group-DF9A6DE677AB replies to ELECTION vote request: 1fe68fa2-71ab-402b-9a9c-5fb65a06b7eb<-4bf7dd5c-6c50-43e1-a529-d19303e563bb#0:FAIL-t1. Peer's state: 4bf7dd5c-6c50-43e1-a529-d19303e563bb@group-DF9A6DE677AB:t1, leader=null, voted=9e86db77-9115-4b7d-b118-b6d634df39b3, raftlog=4bf7dd5c-6c50-43e1-a529-d19303e563bb@group-DF9A6DE677AB-SegmentedRaftLog:OPENED:c-1, conf=-1: [9e86db77-9115-4b7d-b118-b6d634df39b3|rpc:10.1.1.0:46843|dataStream:|priority:0, 4bf7dd5c-6c50-43e1-a529-d19303e563bb|rpc:10.1.1.0:38251|dataStream:|priority:0, 1fe68fa2-71ab-402b-9a9c-5fb65a06b7eb|rpc:10.1.1.0:45277|dataStream:|priority:1], old=null
2022-09-08 01:52:48,691 [1fe68fa2-71ab-402b-9a9c-5fb65a06b7eb@group-DF9A6DE677AB-LeaderElection26] INFO  impl.LeaderElection (LeaderElection.java:logAndReturn(90)) - 1fe68fa2-71ab-402b-9a9c-5fb65a06b7eb@group-DF9A6DE677AB-LeaderElection26: ELECTION REJECTED received 2 response(s) and 0 exception(s):
2022-09-08 01:52:48,691 [1fe68fa2-71ab-402b-9a9c-5fb65a06b7eb@group-DF9A6DE677AB-LeaderElection26] INFO  impl.LeaderElection (LeaderElection.java:logAndReturn(94)) -   Response 0: 1fe68fa2-71ab-402b-9a9c-5fb65a06b7eb<-9e86db77-9115-4b7d-b118-b6d634df39b3#0:FAIL-t1
2022-09-08 01:52:48,691 [1fe68fa2-71ab-402b-9a9c-5fb65a06b7eb@group-DF9A6DE677AB-LeaderElection26] INFO  impl.LeaderElection (LeaderElection.java:logAndReturn(94)) -   Response 1: 1fe68fa2-71ab-402b-9a9c-5fb65a06b7eb<-4bf7dd5c-6c50-43e1-a529-d19303e563bb#0:FAIL-t1
2022-09-08 01:52:48,691 [1fe68fa2-71ab-402b-9a9c-5fb65a06b7eb@group-DF9A6DE677AB-LeaderElection26] INFO  impl.LeaderElection (LeaderElection.java:askForVotes(312)) - 1fe68fa2-71ab-402b-9a9c-5fb65a06b7eb@group-DF9A6DE677AB-LeaderElection26 ELECTION round 0: result REJECTED
2022-09-08 01:52:48,691 [1fe68fa2-71ab-402b-9a9c-5fb65a06b7eb@group-DF9A6DE677AB-LeaderElection26] INFO  server.RaftServer$Division (RaftServerImpl.java:setRole(299)) - 1fe68fa2-71ab-402b-9a9c-5fb65a06b7eb@group-DF9A6DE677AB: changes role from CANDIDATE to FOLLOWER at term 1 for REJECTED
2022-09-08 01:52:48,691 [1fe68fa2-71ab-402b-9a9c-5fb65a06b7eb@group-DF9A6DE677AB-LeaderElection26] INFO  impl.RoleInfo (RoleInfo.java:shutdownLeaderElection(130)) - 1fe68fa2-71ab-402b-9a9c-5fb65a06b7eb: shutdown 1fe68fa2-71ab-402b-9a9c-5fb65a06b7eb@group-DF9A6DE677AB-LeaderElection26
2022-09-08 01:52:48,691 [1fe68fa2-71ab-402b-9a9c-5fb65a06b7eb@group-DF9A6DE677AB-LeaderElection26] INFO  impl.RoleInfo (RoleInfo.java:updateAndGet(139)) - 1fe68fa2-71ab-402b-9a9c-5fb65a06b7eb: start 1fe68fa2-71ab-402b-9a9c-5fb65a06b7eb@group-DF9A6DE677AB-FollowerState
2022-09-08 01:52:48,737 [9e86db77-9115-4b7d-b118-b6d634df39b3@group-544FA1B7502B-FollowerState] INFO  impl.FollowerState (FollowerState.java:run(143)) - 9e86db77-9115-4b7d-b118-b6d634df39b3@group-544FA1B7502B-FollowerState: change to CANDIDATE, lastRpcElapsedTime:5055077912ns, electionTimeout:5050ms
2022-09-08 01:52:48,737 [9e86db77-9115-4b7d-b118-b6d634df39b3@group-544FA1B7502B-FollowerState] INFO  impl.RoleInfo (RoleInfo.java:shutdownFollowerState(110)) - 9e86db77-9115-4b7d-b118-b6d634df39b3: shutdown 9e86db77-9115-4b7d-b118-b6d634df39b3@group-544FA1B7502B-FollowerState
2022-09-08 01:52:48,737 [9e86db77-9115-4b7d-b118-b6d634df39b3@group-544FA1B7502B-FollowerState] INFO  server.RaftServer$Division (RaftServerImpl.java:setRole(299)) - 9e86db77-9115-4b7d-b118-b6d634df39b3@group-544FA1B7502B: changes role from  FOLLOWER to CANDIDATE at term 0 for changeToCandidate
2022-09-08 01:52:48,737 [9e86db77-9115-4b7d-b118-b6d634df39b3@group-544FA1B7502B-FollowerState] INFO  server.RaftServerConfigKeys (ConfUtils.java:logGet(46)) - raft.server.leaderelection.pre-vote = false (custom)
2022-09-08 01:52:48,737 [9e86db77-9115-4b7d-b118-b6d634df39b3@group-544FA1B7502B-FollowerState] INFO  impl.RoleInfo (RoleInfo.java:updateAndGet(139)) - 9e86db77-9115-4b7d-b118-b6d634df39b3: start 9e86db77-9115-4b7d-b118-b6d634df39b3@group-544FA1B7502B-LeaderElection27
2022-09-08 01:52:48,761 [9e86db77-9115-4b7d-b118-b6d634df39b3@group-544FA1B7502B-LeaderElection27] INFO  impl.LeaderElection (LeaderElection.java:askForVotes(310)) - 9e86db77-9115-4b7d-b118-b6d634df39b3@group-544FA1B7502B-LeaderElection27 ELECTION round 0: submit vote requests at term 1 for -1: [9e86db77-9115-4b7d-b118-b6d634df39b3|rpc:10.1.1.0:46843|priority:1, 4bf7dd5c-6c50-43e1-a529-d19303e563bb|rpc:10.1.1.0:38251|priority:0, 1fe68fa2-71ab-402b-9a9c-5fb65a06b7eb|rpc:10.1.1.0:45277|priority:0], old=null
2022-09-08 01:52:48,789 [grpc-default-executor-1] INFO  server.RaftServer$Division (RaftServerImpl.java:requestVote(1152)) - 4bf7dd5c-6c50-43e1-a529-d19303e563bb@group-544FA1B7502B: receive requestVote(ELECTION, 9e86db77-9115-4b7d-b118-b6d634df39b3, group-544FA1B7502B, 1, (t:0, i:0))
2022-09-08 01:52:48,789 [grpc-default-executor-1] INFO  impl.VoteContext (VoteContext.java:log(48)) - 4bf7dd5c-6c50-43e1-a529-d19303e563bb@group-544FA1B7502B-FOLLOWER: accept ELECTION from 9e86db77-9115-4b7d-b118-b6d634df39b3: our priority 0 <= candidate's priority 1
2022-09-08 01:52:48,789 [grpc-default-executor-1] INFO  server.RaftServer$Division (RaftServerImpl.java:setRole(299)) - 4bf7dd5c-6c50-43e1-a529-d19303e563bb@group-544FA1B7502B: changes role from  FOLLOWER to FOLLOWER at term 1 for candidate:9e86db77-9115-4b7d-b118-b6d634df39b3
2022-09-08 01:52:48,789 [grpc-default-executor-1] INFO  impl.RoleInfo (RoleInfo.java:shutdownFollowerState(110)) - 4bf7dd5c-6c50-43e1-a529-d19303e563bb: shutdown 4bf7dd5c-6c50-43e1-a529-d19303e563bb@group-544FA1B7502B-FollowerState
2022-09-08 01:52:48,789 [grpc-default-executor-1] INFO  impl.RoleInfo (RoleInfo.java:updateAndGet(139)) - 4bf7dd5c-6c50-43e1-a529-d19303e563bb: start 4bf7dd5c-6c50-43e1-a529-d19303e563bb@group-544FA1B7502B-FollowerState
2022-09-08 01:52:48,789 [4bf7dd5c-6c50-43e1-a529-d19303e563bb@group-544FA1B7502B-FollowerState] INFO  impl.FollowerState (FollowerState.java:run(152)) - 4bf7dd5c-6c50-43e1-a529-d19303e563bb@group-544FA1B7502B-FollowerState was interrupted
2022-09-08 01:52:48,794 [grpc-default-executor-1] INFO  server.RaftServer$Division (RaftServerImpl.java:requestVote(1184)) - 4bf7dd5c-6c50-43e1-a529-d19303e563bb@group-544FA1B7502B replies to ELECTION vote request: 9e86db77-9115-4b7d-b118-b6d634df39b3<-4bf7dd5c-6c50-43e1-a529-d19303e563bb#0:OK-t1. Peer's state: 4bf7dd5c-6c50-43e1-a529-d19303e563bb@group-544FA1B7502B:t1, leader=null, voted=9e86db77-9115-4b7d-b118-b6d634df39b3, raftlog=4bf7dd5c-6c50-43e1-a529-d19303e563bb@group-544FA1B7502B-SegmentedRaftLog:OPENED:c-1, conf=-1: [9e86db77-9115-4b7d-b118-b6d634df39b3|rpc:10.1.1.0:46843|dataStream:|priority:1, 4bf7dd5c-6c50-43e1-a529-d19303e563bb|rpc:10.1.1.0:38251|dataStream:|priority:0, 1fe68fa2-71ab-402b-9a9c-5fb65a06b7eb|rpc:10.1.1.0:45277|dataStream:|priority:0], old=null
2022-09-08 01:52:48,813 [9e86db77-9115-4b7d-b118-b6d634df39b3@group-544FA1B7502B-LeaderElection27] INFO  impl.LeaderElection (LeaderElection.java:logAndReturn(90)) - 9e86db77-9115-4b7d-b118-b6d634df39b3@group-544FA1B7502B-LeaderElection27: ELECTION PASSED received 1 response(s) and 0 exception(s):
2022-09-08 01:52:48,813 [9e86db77-9115-4b7d-b118-b6d634df39b3@group-544FA1B7502B-LeaderElection27] INFO  impl.LeaderElection (LeaderElection.java:logAndReturn(94)) -   Response 0: 9e86db77-9115-4b7d-b118-b6d634df39b3<-4bf7dd5c-6c50-43e1-a529-d19303e563bb#0:OK-t1
2022-09-08 01:52:48,813 [9e86db77-9115-4b7d-b118-b6d634df39b3@group-544FA1B7502B-LeaderElection27] INFO  impl.LeaderElection (LeaderElection.java:askForVotes(312)) - 9e86db77-9115-4b7d-b118-b6d634df39b3@group-544FA1B7502B-LeaderElection27 ELECTION round 0: result PASSED
2022-09-08 01:52:48,813 [9e86db77-9115-4b7d-b118-b6d634df39b3@group-544FA1B7502B-LeaderElection27] INFO  impl.RoleInfo (RoleInfo.java:shutdownLeaderElection(130)) - 9e86db77-9115-4b7d-b118-b6d634df39b3: shutdown 9e86db77-9115-4b7d-b118-b6d634df39b3@group-544FA1B7502B-LeaderElection27
2022-09-08 01:52:48,813 [9e86db77-9115-4b7d-b118-b6d634df39b3@group-544FA1B7502B-LeaderElection27] INFO  server.RaftServer$Division (RaftServerImpl.java:setRole(299)) - 9e86db77-9115-4b7d-b118-b6d634df39b3@group-544FA1B7502B: changes role from CANDIDATE to LEADER at term 1 for changeToLeader
2022-09-08 01:52:48,813 [9e86db77-9115-4b7d-b118-b6d634df39b3@group-544FA1B7502B-LeaderElection27] INFO  ratis.XceiverServerRatis (XceiverServerRatis.java:handleLeaderChangedNotification(863)) - Leader change notification received for group: group-544FA1B7502B with new leaderId: 9e86db77-9115-4b7d-b118-b6d634df39b3
2022-09-08 01:52:48,813 [9e86db77-9115-4b7d-b118-b6d634df39b3@group-544FA1B7502B-LeaderElection27] INFO  server.RaftServer$Division (ServerState.java:setLeader(287)) - 9e86db77-9115-4b7d-b118-b6d634df39b3@group-544FA1B7502B: change Leader from null to 9e86db77-9115-4b7d-b118-b6d634df39b3 at term 1 for becomeLeader, leader elected after 5171ms
2022-09-08 01:52:48,813 [9e86db77-9115-4b7d-b118-b6d634df39b3@group-544FA1B7502B-LeaderElection27] INFO  server.RaftServerConfigKeys (ConfUtils.java:logGet(46)) - raft.server.staging.catchup.gap = 1000 (default)
2022-09-08 01:52:48,814 [9e86db77-9115-4b7d-b118-b6d634df39b3@group-544FA1B7502B-LeaderElection27] INFO  server.RaftServerConfigKeys (ConfUtils.java:logGet(46)) - raft.server.write.element-limit = 1024 (custom)
2022-09-08 01:52:48,814 [9e86db77-9115-4b7d-b118-b6d634df39b3@group-544FA1B7502B-LeaderElection27] INFO  server.RaftServerConfigKeys (ConfUtils.java:logGet(46)) - raft.server.write.byte-limit = 1024 M (=1073741824) (custom)
2022-09-08 01:52:48,814 [9e86db77-9115-4b7d-b118-b6d634df39b3@group-544FA1B7502B-LeaderElection27] INFO  server.RaftServerConfigKeys (ConfUtils.java:logGet(46)) - raft.server.watch.timeout = 180s (custom)
2022-09-08 01:52:48,814 [9e86db77-9115-4b7d-b118-b6d634df39b3@group-544FA1B7502B-LeaderElection27] INFO  server.RaftServerConfigKeys (ConfUtils.java:logGet(46)) - raft.server.watch.timeout.denomination = 1s (default)
2022-09-08 01:52:48,814 [9e86db77-9115-4b7d-b118-b6d634df39b3@group-544FA1B7502B-LeaderElection27] INFO  server.RaftServerConfigKeys (ConfUtils.java:logGet(46)) - raft.server.watch.element-limit = 65536 (default)
2022-09-08 01:52:48,814 [9e86db77-9115-4b7d-b118-b6d634df39b3@group-544FA1B7502B-LeaderElection27] INFO  server.RaftServerConfigKeys (ConfUtils.java:logGet(46)) - raft.server.write.element-limit = 1024 (custom)
2022-09-08 01:52:48,814 [9e86db77-9115-4b7d-b118-b6d634df39b3@group-544FA1B7502B-LeaderElection27] INFO  server.RaftServerConfigKeys (ConfUtils.java:logGet(46)) - raft.server.write.follower.gap.ratio.max = -1.0 (default)
2022-09-08 01:52:48,815 [9e86db77-9115-4b7d-b118-b6d634df39b3@group-544FA1B7502B-LeaderElection27] INFO  server.RaftServerConfigKeys (ConfUtils.java:logGet(46)) - raft.server.log.appender.snapshot.chunk.size.max = 16MB (=16777216) (default)
2022-09-08 01:52:48,815 [9e86db77-9115-4b7d-b118-b6d634df39b3@group-544FA1B7502B-LeaderElection27] INFO  server.RaftServerConfigKeys (ConfUtils.java:logGet(46)) - raft.server.log.appender.buffer.byte-limit = 33554432 (custom)
2022-09-08 01:52:48,815 [9e86db77-9115-4b7d-b118-b6d634df39b3@group-544FA1B7502B-LeaderElection27] INFO  server.RaftServerConfigKeys (ConfUtils.java:logGet(46)) - raft.server.log.appender.buffer.element-limit = 1 (custom)
2022-09-08 01:52:48,815 [9e86db77-9115-4b7d-b118-b6d634df39b3@group-544FA1B7502B-LeaderElection27] INFO  grpc.GrpcConfigKeys (ConfUtils.java:logGet(46)) - raft.grpc.server.leader.outstanding.appends.max = 128 (default)
2022-09-08 01:52:48,815 [9e86db77-9115-4b7d-b118-b6d634df39b3@group-544FA1B7502B-LeaderElection27] INFO  server.RaftServerConfigKeys (ConfUtils.java:logGet(46)) - raft.server.rpc.request.timeout = 60s (custom)
2022-09-08 01:52:48,815 [9e86db77-9115-4b7d-b118-b6d634df39b3@group-544FA1B7502B-LeaderElection27] INFO  server.RaftServerConfigKeys (ConfUtils.java:logGet(46)) - raft.server.log.appender.install.snapshot.enabled = false (custom)
2022-09-08 01:52:48,816 [9e86db77-9115-4b7d-b118-b6d634df39b3@group-544FA1B7502B-LeaderElection27] INFO  server.RaftServerConfigKeys (ConfUtils.java:logGet(46)) - raft.server.log.appender.snapshot.chunk.size.max = 16MB (=16777216) (default)
2022-09-08 01:52:48,816 [9e86db77-9115-4b7d-b118-b6d634df39b3@group-544FA1B7502B-LeaderElection27] INFO  server.RaftServerConfigKeys (ConfUtils.java:logGet(46)) - raft.server.log.appender.buffer.byte-limit = 33554432 (custom)
2022-09-08 01:52:48,816 [9e86db77-9115-4b7d-b118-b6d634df39b3@group-544FA1B7502B-LeaderElection27] INFO  server.RaftServerConfigKeys (ConfUtils.java:logGet(46)) - raft.server.log.appender.buffer.element-limit = 1 (custom)
2022-09-08 01:52:48,816 [9e86db77-9115-4b7d-b118-b6d634df39b3@group-544FA1B7502B-LeaderElection27] INFO  grpc.GrpcConfigKeys (ConfUtils.java:logGet(46)) - raft.grpc.server.leader.outstanding.appends.max = 128 (default)
2022-09-08 01:52:48,816 [9e86db77-9115-4b7d-b118-b6d634df39b3@group-544FA1B7502B-LeaderElection27] INFO  server.RaftServerConfigKeys (ConfUtils.java:logGet(46)) - raft.server.rpc.request.timeout = 60s (custom)
2022-09-08 01:52:48,816 [9e86db77-9115-4b7d-b118-b6d634df39b3@group-544FA1B7502B-LeaderElection27] INFO  server.RaftServerConfigKeys (ConfUtils.java:logGet(46)) - raft.server.log.appender.install.snapshot.enabled = false (custom)
2022-09-08 01:52:48,816 [9e86db77-9115-4b7d-b118-b6d634df39b3@group-544FA1B7502B-LeaderElection27] INFO  impl.RoleInfo (RoleInfo.java:updateAndGet(139)) - 9e86db77-9115-4b7d-b118-b6d634df39b3: start 9e86db77-9115-4b7d-b118-b6d634df39b3@group-544FA1B7502B-LeaderStateImpl
2022-09-08 01:52:48,816 [9e86db77-9115-4b7d-b118-b6d634df39b3@group-544FA1B7502B-LeaderElection27] INFO  segmented.SegmentedRaftLogWorker (SegmentedRaftLogWorker.java:startLogSegment(425)) - 9e86db77-9115-4b7d-b118-b6d634df39b3@group-544FA1B7502B-SegmentedRaftLogWorker: Starting segment from index:0
2022-09-08 01:52:48,822 [EventQueue-PipelineReportForPipelineReportHandler] INFO  pipeline.PipelineManagerImpl (PipelineManagerImpl.java:openPipeline(367)) - Pipeline Pipeline[ Id: 68700579-68ec-459c-a403-544fa1b7502b, Nodes: 1fe68fa2-71ab-402b-9a9c-5fb65a06b7eb{ip: 10.1.1.0, host: fv-az38-857.qiceih3q1hfe5a3ai3y3qk2fta.cx.internal.cloudapp.net, ports: [REPLICATION=37321, RATIS=45277, RATIS_ADMIN=45277, RATIS_SERVER=45277, STANDALONE=34649], networkLocation: /default-rack, certSerialId: null, persistedOpState: IN_SERVICE, persistedOpStateExpiryEpochSec: 0}9e86db77-9115-4b7d-b118-b6d634df39b3{ip: 10.1.1.0, host: fv-az38-857.qiceih3q1hfe5a3ai3y3qk2fta.cx.internal.cloudapp.net, ports: [REPLICATION=33407, RATIS=46843, RATIS_ADMIN=46843, RATIS_SERVER=46843, STANDALONE=37579], networkLocation: /default-rack, certSerialId: null, persistedOpState: IN_SERVICE, persistedOpStateExpiryEpochSec: 0}4bf7dd5c-6c50-43e1-a529-d19303e563bb{ip: 10.1.1.0, host: fv-az38-857.qiceih3q1hfe5a3ai3y3qk2fta.cx.internal.cloudapp.net, ports: [REPLICATION=36373, RATIS=38251, RATIS_ADMIN=38251, RATIS_SERVER=38251, STANDALONE=42083], networkLocation: /default-rack, certSerialId: null, persistedOpState: IN_SERVICE, persistedOpStateExpiryEpochSec: 0}, ReplicationConfig: RATIS/THREE, State:ALLOCATED, leaderId:9e86db77-9115-4b7d-b118-b6d634df39b3, CreationTimestamp2022-09-08T01:52:41.591Z[Etc/UTC]] moved to OPEN state
2022-09-08 01:52:48,822 [EventQueue-OpenPipelineForHealthyPipelineSafeModeRule] INFO  safemode.SCMSafeModeManager (HealthyPipelineSafeModeRule.java:process(137)) - SCM in safe mode. Healthy pipelines reported count is 1, required healthy pipeline reported count is 1
2022-09-08 01:52:48,822 [EventQueue-OpenPipelineForHealthyPipelineSafeModeRule] INFO  safemode.SCMSafeModeManager (SCMSafeModeManager.java:validateSafeModeExitRules(204)) - HealthyPipelineSafeModeRule rule is successfully validated
2022-09-08 01:52:48,822 [EventQueue-OpenPipelineForHealthyPipelineSafeModeRule] INFO  safemode.SCMSafeModeManager (SCMSafeModeManager.java:validateSafeModeExitRules(219)) - ScmSafeModeManager, all rules are successfully validated
2022-09-08 01:52:48,822 [EventQueue-OpenPipelineForHealthyPipelineSafeModeRule] INFO  safemode.SCMSafeModeManager (SCMSafeModeManager.java:exitSafeMode(248)) - SCM exiting safe mode.
2022-09-08 01:52:48,822 [EventQueue-OpenPipelineForHealthyPipelineSafeModeRule] WARN  events.EventQueue (EventQueue.java:fireEvent(216)) - No event handler registered for event TypedEvent{payloadType=SafeModeStatus, name='Safe mode status'}
2022-09-08 01:52:48,822 [EventQueue-OpenPipelineForHealthyPipelineSafeModeRule] INFO  ha.SCMContext (SCMContext.java:updateSafeModeStatus(228)) - Update SafeModeStatus from SafeModeStatus{safeModeStatus=true, preCheckPassed=true} to SafeModeStatus{safeModeStatus=false, preCheckPassed=true}.
2022-09-08 01:52:48,822 [EventQueue-OpenPipelineForHealthyPipelineSafeModeRule] INFO  pipeline.BackgroundPipelineCreator (BackgroundPipelineCreator.java:notifyStatusChanged(254)) - Service BackgroundPipelineCreator transitions to RUNNING.
2022-09-08 01:52:48,822 [EventQueue-OpenPipelineForHealthyPipelineSafeModeRule] INFO  BackgroundPipelineScrubber (BackgroundSCMService.java:notifyStatusChanged(82)) - Service BackgroundPipelineScrubber transitions to RUNNING.
2022-09-08 01:52:48,822 [EventQueue-OpenPipelineForHealthyPipelineSafeModeRule] INFO  ExpiredContainerReplicaOpScrubber (BackgroundSCMService.java:notifyStatusChanged(82)) - Service ExpiredContainerReplicaOpScrubber transitions to RUNNING.
2022-09-08 01:52:48,822 [EventQueue-OpenPipelineForHealthyPipelineSafeModeRule] INFO  UnderReplicatedQueueThread (BackgroundSCMService.java:notifyStatusChanged(82)) - Service UnderReplicatedQueueThread transitions to RUNNING.
2022-09-08 01:52:48,823 [EventQueue-OpenPipelineForHealthyPipelineSafeModeRule] INFO  OverReplicatedQueueThread (BackgroundSCMService.java:notifyStatusChanged(82)) - Service OverReplicatedQueueThread transitions to RUNNING.
2022-09-08 01:52:48,823 [EventQueue-OpenPipelineForHealthyPipelineSafeModeRule] INFO  replication.ReplicationManager (ReplicationManager.java:notifyStatusChanged(764)) - Service ReplicationManager transitions to RUNNING.
2022-09-08 01:52:48,823 [EventQueue-OpenPipelineForHealthyPipelineSafeModeRule] WARN  balancer.ContainerBalancer (ContainerBalancer.java:shouldRun(925)) - Could not find persisted configuration for ContainerBalancer when checking if ContainerBalancer should run. ContainerBalancer should not run now.
2022-09-08 01:52:48,824 [grpc-default-executor-1] INFO  server.RaftServer$Division (RaftServerImpl.java:requestVote(1152)) - 1fe68fa2-71ab-402b-9a9c-5fb65a06b7eb@group-544FA1B7502B: receive requestVote(ELECTION, 9e86db77-9115-4b7d-b118-b6d634df39b3, group-544FA1B7502B, 1, (t:0, i:0))
2022-09-08 01:52:48,824 [grpc-default-executor-1] INFO  impl.VoteContext (VoteContext.java:log(48)) - 1fe68fa2-71ab-402b-9a9c-5fb65a06b7eb@group-544FA1B7502B-FOLLOWER: accept ELECTION from 9e86db77-9115-4b7d-b118-b6d634df39b3: our priority 0 <= candidate's priority 1
2022-09-08 01:52:48,824 [grpc-default-executor-1] INFO  server.RaftServer$Division (RaftServerImpl.java:setRole(299)) - 1fe68fa2-71ab-402b-9a9c-5fb65a06b7eb@group-544FA1B7502B: changes role from  FOLLOWER to FOLLOWER at term 1 for candidate:9e86db77-9115-4b7d-b118-b6d634df39b3
2022-09-08 01:52:48,824 [grpc-default-executor-1] INFO  impl.RoleInfo (RoleInfo.java:shutdownFollowerState(110)) - 1fe68fa2-71ab-402b-9a9c-5fb65a06b7eb: shutdown 1fe68fa2-71ab-402b-9a9c-5fb65a06b7eb@group-544FA1B7502B-FollowerState
2022-09-08 01:52:48,824 [grpc-default-executor-1] INFO  impl.RoleInfo (RoleInfo.java:updateAndGet(139)) - 1fe68fa2-71ab-402b-9a9c-5fb65a06b7eb: start 1fe68fa2-71ab-402b-9a9c-5fb65a06b7eb@group-544FA1B7502B-FollowerState
2022-09-08 01:52:48,824 [1fe68fa2-71ab-402b-9a9c-5fb65a06b7eb@group-544FA1B7502B-FollowerState] INFO  impl.FollowerState (FollowerState.java:run(152)) - 1fe68fa2-71ab-402b-9a9c-5fb65a06b7eb@group-544FA1B7502B-FollowerState was interrupted
2022-09-08 01:52:48,834 [grpc-default-executor-1] INFO  server.RaftServer$Division (RaftServerImpl.java:requestVote(1184)) - 1fe68fa2-71ab-402b-9a9c-5fb65a06b7eb@group-544FA1B7502B replies to ELECTION vote request: 9e86db77-9115-4b7d-b118-b6d634df39b3<-1fe68fa2-71ab-402b-9a9c-5fb65a06b7eb#0:OK-t1. Peer's state: 1fe68fa2-71ab-402b-9a9c-5fb65a06b7eb@group-544FA1B7502B:t1, leader=null, voted=9e86db77-9115-4b7d-b118-b6d634df39b3, raftlog=1fe68fa2-71ab-402b-9a9c-5fb65a06b7eb@group-544FA1B7502B-SegmentedRaftLog:OPENED:c-1, conf=-1: [9e86db77-9115-4b7d-b118-b6d634df39b3|rpc:10.1.1.0:46843|dataStream:|priority:1, 4bf7dd5c-6c50-43e1-a529-d19303e563bb|rpc:10.1.1.0:38251|dataStream:|priority:0, 1fe68fa2-71ab-402b-9a9c-5fb65a06b7eb|rpc:10.1.1.0:45277|dataStream:|priority:0], old=null
2022-09-08 01:52:48,849 [9e86db77-9115-4b7d-b118-b6d634df39b3@group-544FA1B7502B-SegmentedRaftLogWorker] INFO  segmented.SegmentedRaftLogWorker (SegmentedRaftLogWorker.java:execute(629)) - 9e86db77-9115-4b7d-b118-b6d634df39b3@group-544FA1B7502B-SegmentedRaftLogWorker: created new log segment /home/runner/work/ozone/ozone/hadoop-ozone/integration-test/target/test-dir/MiniOzoneClusterImpl-41094698-2c6a-4710-a797-d1e03ae99019/datanode-0/data/ratis/68700579-68ec-459c-a403-544fa1b7502b/current/log_inprogress_0
2022-09-08 01:52:48,873 [9e86db77-9115-4b7d-b118-b6d634df39b3@group-544FA1B7502B-LeaderElection27] INFO  server.RaftServer$Division (ServerState.java:setRaftConf(393)) - 9e86db77-9115-4b7d-b118-b6d634df39b3@group-544FA1B7502B: set configuration 0: [9e86db77-9115-4b7d-b118-b6d634df39b3|rpc:10.1.1.0:46843|dataStream:|priority:1, 4bf7dd5c-6c50-43e1-a529-d19303e563bb|rpc:10.1.1.0:38251|dataStream:|priority:0, 1fe68fa2-71ab-402b-9a9c-5fb65a06b7eb|rpc:10.1.1.0:45277|dataStream:|priority:0], old=null
2022-09-08 01:52:48,901 [4bf7dd5c-6c50-43e1-a529-d19303e563bb-server-thread1] INFO  ratis.XceiverServerRatis (XceiverServerRatis.java:handleLeaderChangedNotification(863)) - Leader change notification received for group: group-544FA1B7502B with new leaderId: 9e86db77-9115-4b7d-b118-b6d634df39b3
2022-09-08 01:52:48,901 [4bf7dd5c-6c50-43e1-a529-d19303e563bb-server-thread1] INFO  server.RaftServer$Division (ServerState.java:setLeader(287)) - 4bf7dd5c-6c50-43e1-a529-d19303e563bb@group-544FA1B7502B: change Leader from null to 9e86db77-9115-4b7d-b118-b6d634df39b3 at term 1 for appendEntries, leader elected after 4992ms
2022-09-08 01:52:48,952 [4bf7dd5c-6c50-43e1-a529-d19303e563bb-server-thread1] INFO  server.RaftServer$Division (ServerState.java:setRaftConf(393)) - 4bf7dd5c-6c50-43e1-a529-d19303e563bb@group-544FA1B7502B: set configuration 0: [9e86db77-9115-4b7d-b118-b6d634df39b3|rpc:10.1.1.0:46843|dataStream:|priority:1, 4bf7dd5c-6c50-43e1-a529-d19303e563bb|rpc:10.1.1.0:38251|dataStream:|priority:0, 1fe68fa2-71ab-402b-9a9c-5fb65a06b7eb|rpc:10.1.1.0:45277|dataStream:|priority:0], old=null
2022-09-08 01:52:48,953 [4bf7dd5c-6c50-43e1-a529-d19303e563bb-server-thread1] INFO  segmented.SegmentedRaftLogWorker (SegmentedRaftLogWorker.java:startLogSegment(425)) - 4bf7dd5c-6c50-43e1-a529-d19303e563bb@group-544FA1B7502B-SegmentedRaftLogWorker: Starting segment from index:0
2022-09-08 01:52:48,958 [4bf7dd5c-6c50-43e1-a529-d19303e563bb@group-544FA1B7502B-SegmentedRaftLogWorker] INFO  segmented.SegmentedRaftLogWorker (SegmentedRaftLogWorker.java:execute(629)) - 4bf7dd5c-6c50-43e1-a529-d19303e563bb@group-544FA1B7502B-SegmentedRaftLogWorker: created new log segment /home/runner/work/ozone/ozone/hadoop-ozone/integration-test/target/test-dir/MiniOzoneClusterImpl-41094698-2c6a-4710-a797-d1e03ae99019/datanode-2/data/ratis/68700579-68ec-459c-a403-544fa1b7502b/current/log_inprogress_0
2022-09-08 01:52:48,975 [1fe68fa2-71ab-402b-9a9c-5fb65a06b7eb-server-thread1] INFO  ratis.XceiverServerRatis (XceiverServerRatis.java:handleLeaderChangedNotification(863)) - Leader change notification received for group: group-544FA1B7502B with new leaderId: 9e86db77-9115-4b7d-b118-b6d634df39b3
2022-09-08 01:52:48,975 [1fe68fa2-71ab-402b-9a9c-5fb65a06b7eb-server-thread1] INFO  server.RaftServer$Division (ServerState.java:setLeader(287)) - 1fe68fa2-71ab-402b-9a9c-5fb65a06b7eb@group-544FA1B7502B: change Leader from null to 9e86db77-9115-4b7d-b118-b6d634df39b3 at term 1 for appendEntries, leader elected after 5201ms
2022-09-08 01:52:48,989 [1fe68fa2-71ab-402b-9a9c-5fb65a06b7eb-server-thread1] INFO  server.RaftServer$Division (ServerState.java:setRaftConf(393)) - 1fe68fa2-71ab-402b-9a9c-5fb65a06b7eb@group-544FA1B7502B: set configuration 0: [9e86db77-9115-4b7d-b118-b6d634df39b3|rpc:10.1.1.0:46843|dataStream:|priority:1, 4bf7dd5c-6c50-43e1-a529-d19303e563bb|rpc:10.1.1.0:38251|dataStream:|priority:0, 1fe68fa2-71ab-402b-9a9c-5fb65a06b7eb|rpc:10.1.1.0:45277|dataStream:|priority:0], old=null
2022-09-08 01:52:48,994 [1fe68fa2-71ab-402b-9a9c-5fb65a06b7eb-server-thread1] INFO  segmented.SegmentedRaftLogWorker (SegmentedRaftLogWorker.java:startLogSegment(425)) - 1fe68fa2-71ab-402b-9a9c-5fb65a06b7eb@group-544FA1B7502B-SegmentedRaftLogWorker: Starting segment from index:0
2022-09-08 01:52:48,996 [1fe68fa2-71ab-402b-9a9c-5fb65a06b7eb@group-544FA1B7502B-SegmentedRaftLogWorker] INFO  segmented.SegmentedRaftLogWorker (SegmentedRaftLogWorker.java:execute(629)) - 1fe68fa2-71ab-402b-9a9c-5fb65a06b7eb@group-544FA1B7502B-SegmentedRaftLogWorker: created new log segment /home/runner/work/ozone/ozone/hadoop-ozone/integration-test/target/test-dir/MiniOzoneClusterImpl-41094698-2c6a-4710-a797-d1e03ae99019/datanode-1/data/ratis/68700579-68ec-459c-a403-544fa1b7502b/current/log_inprogress_0
2022-09-08 01:52:49,001 [1fe68fa2-71ab-402b-9a9c-5fb65a06b7eb@group-0FDD50C5BC41-FollowerState] INFO  impl.FollowerState (FollowerState.java:run(143)) - 1fe68fa2-71ab-402b-9a9c-5fb65a06b7eb@group-0FDD50C5BC41-FollowerState: change to CANDIDATE, lastRpcElapsedTime:5104588907ns, electionTimeout:5099ms
2022-09-08 01:52:49,001 [1fe68fa2-71ab-402b-9a9c-5fb65a06b7eb@group-0FDD50C5BC41-FollowerState] INFO  impl.RoleInfo (RoleInfo.java:shutdownFollowerState(110)) - 1fe68fa2-71ab-402b-9a9c-5fb65a06b7eb: shutdown 1fe68fa2-71ab-402b-9a9c-5fb65a06b7eb@group-0FDD50C5BC41-FollowerState
2022-09-08 01:52:49,001 [1fe68fa2-71ab-402b-9a9c-5fb65a06b7eb@group-0FDD50C5BC41-FollowerState] INFO  server.RaftServer$Division (RaftServerImpl.java:setRole(299)) - 1fe68fa2-71ab-402b-9a9c-5fb65a06b7eb@group-0FDD50C5BC41: changes role from  FOLLOWER to CANDIDATE at term 0 for changeToCandidate
2022-09-08 01:52:49,008 [1fe68fa2-71ab-402b-9a9c-5fb65a06b7eb@group-0FDD50C5BC41-FollowerState] INFO  server.RaftServerConfigKeys (ConfUtils.java:logGet(46)) - raft.server.leaderelection.pre-vote = false (custom)
2022-09-08 01:52:49,008 [1fe68fa2-71ab-402b-9a9c-5fb65a06b7eb@group-0FDD50C5BC41-FollowerState] INFO  impl.RoleInfo (RoleInfo.java:updateAndGet(139)) - 1fe68fa2-71ab-402b-9a9c-5fb65a06b7eb: start 1fe68fa2-71ab-402b-9a9c-5fb65a06b7eb@group-0FDD50C5BC41-LeaderElection28
2022-09-08 01:52:49,011 [1fe68fa2-71ab-402b-9a9c-5fb65a06b7eb@group-0FDD50C5BC41-LeaderElection28] INFO  impl.LeaderElection (LeaderElection.java:askForVotes(310)) - 1fe68fa2-71ab-402b-9a9c-5fb65a06b7eb@group-0FDD50C5BC41-LeaderElection28 ELECTION round 0: submit vote requests at term 1 for -1: [1fe68fa2-71ab-402b-9a9c-5fb65a06b7eb|rpc:10.1.1.0:45277|priority:1], old=null
2022-09-08 01:52:49,011 [1fe68fa2-71ab-402b-9a9c-5fb65a06b7eb@group-0FDD50C5BC41-LeaderElection28] INFO  impl.LeaderElection (LeaderElection.java:askForVotes(312)) - 1fe68fa2-71ab-402b-9a9c-5fb65a06b7eb@group-0FDD50C5BC41-LeaderElection28 ELECTION round 0: result PASSED (term=1)
2022-09-08 01:52:49,011 [1fe68fa2-71ab-402b-9a9c-5fb65a06b7eb@group-0FDD50C5BC41-LeaderElection28] INFO  impl.RoleInfo (RoleInfo.java:shutdownLeaderElection(130)) - 1fe68fa2-71ab-402b-9a9c-5fb65a06b7eb: shutdown 1fe68fa2-71ab-402b-9a9c-5fb65a06b7eb@group-0FDD50C5BC41-LeaderElection28
2022-09-08 01:52:49,012 [1fe68fa2-71ab-402b-9a9c-5fb65a06b7eb@group-0FDD50C5BC41-LeaderElection28] INFO  server.RaftServer$Division (RaftServerImpl.java:setRole(299)) - 1fe68fa2-71ab-402b-9a9c-5fb65a06b7eb@group-0FDD50C5BC41: changes role from CANDIDATE to LEADER at term 1 for changeToLeader
2022-09-08 01:52:49,012 [1fe68fa2-71ab-402b-9a9c-5fb65a06b7eb@group-0FDD50C5BC41-LeaderElection28] INFO  ratis.XceiverServerRatis (XceiverServerRatis.java:handleLeaderChangedNotification(863)) - Leader change notification received for group: group-0FDD50C5BC41 with new leaderId: 1fe68fa2-71ab-402b-9a9c-5fb65a06b7eb
2022-09-08 01:52:49,012 [1fe68fa2-71ab-402b-9a9c-5fb65a06b7eb@group-0FDD50C5BC41-LeaderElection28] INFO  server.RaftServer$Division (ServerState.java:setLeader(287)) - 1fe68fa2-71ab-402b-9a9c-5fb65a06b7eb@group-0FDD50C5BC41: change Leader from null to 1fe68fa2-71ab-402b-9a9c-5fb65a06b7eb at term 1 for becomeLeader, leader elected after 5128ms
2022-09-08 01:52:49,012 [1fe68fa2-71ab-402b-9a9c-5fb65a06b7eb@group-0FDD50C5BC41-LeaderElection28] INFO  server.RaftServerConfigKeys (ConfUtils.java:logGet(46)) - raft.server.staging.catchup.gap = 1000 (default)
2022-09-08 01:52:49,037 [1fe68fa2-71ab-402b-9a9c-5fb65a06b7eb@group-0FDD50C5BC41-LeaderElection28] INFO  server.RaftServerConfigKeys (ConfUtils.java:logGet(46)) - raft.server.write.element-limit = 1024 (custom)
2022-09-08 01:52:49,037 [1fe68fa2-71ab-402b-9a9c-5fb65a06b7eb@group-0FDD50C5BC41-LeaderElection28] INFO  server.RaftServerConfigKeys (ConfUtils.java:logGet(46)) - raft.server.write.byte-limit = 1024 M (=1073741824) (custom)
2022-09-08 01:52:49,037 [1fe68fa2-71ab-402b-9a9c-5fb65a06b7eb@group-0FDD50C5BC41-LeaderElection28] INFO  server.RaftServerConfigKeys (ConfUtils.java:logGet(46)) - raft.server.watch.timeout = 180s (custom)
2022-09-08 01:52:49,037 [1fe68fa2-71ab-402b-9a9c-5fb65a06b7eb@group-0FDD50C5BC41-LeaderElection28] INFO  server.RaftServerConfigKeys (ConfUtils.java:logGet(46)) - raft.server.watch.timeout.denomination = 1s (default)
2022-09-08 01:52:49,037 [1fe68fa2-71ab-402b-9a9c-5fb65a06b7eb@group-0FDD50C5BC41-LeaderElection28] INFO  server.RaftServerConfigKeys (ConfUtils.java:logGet(46)) - raft.server.watch.element-limit = 65536 (default)
2022-09-08 01:52:49,037 [1fe68fa2-71ab-402b-9a9c-5fb65a06b7eb@group-0FDD50C5BC41-LeaderElection28] INFO  server.RaftServerConfigKeys (ConfUtils.java:logGet(46)) - raft.server.write.element-limit = 1024 (custom)
2022-09-08 01:52:49,037 [1fe68fa2-71ab-402b-9a9c-5fb65a06b7eb@group-0FDD50C5BC41-LeaderElection28] INFO  server.RaftServerConfigKeys (ConfUtils.java:logGet(46)) - raft.server.write.follower.gap.ratio.max = -1.0 (default)
2022-09-08 01:52:49,037 [1fe68fa2-71ab-402b-9a9c-5fb65a06b7eb@group-0FDD50C5BC41-LeaderElection28] INFO  impl.RoleInfo (RoleInfo.java:updateAndGet(139)) - 1fe68fa2-71ab-402b-9a9c-5fb65a06b7eb: start 1fe68fa2-71ab-402b-9a9c-5fb65a06b7eb@group-0FDD50C5BC41-LeaderStateImpl
2022-09-08 01:52:49,038 [1fe68fa2-71ab-402b-9a9c-5fb65a06b7eb@group-0FDD50C5BC41-LeaderElection28] INFO  segmented.SegmentedRaftLogWorker (SegmentedRaftLogWorker.java:startLogSegment(425)) - 1fe68fa2-71ab-402b-9a9c-5fb65a06b7eb@group-0FDD50C5BC41-SegmentedRaftLogWorker: Starting segment from index:0
2022-09-08 01:52:49,039 [1fe68fa2-71ab-402b-9a9c-5fb65a06b7eb@group-0FDD50C5BC41-SegmentedRaftLogWorker] INFO  segmented.SegmentedRaftLogWorker (SegmentedRaftLogWorker.java:execute(629)) - 1fe68fa2-71ab-402b-9a9c-5fb65a06b7eb@group-0FDD50C5BC41-SegmentedRaftLogWorker: created new log segment /home/runner/work/ozone/ozone/hadoop-ozone/integration-test/target/test-dir/MiniOzoneClusterImpl-41094698-2c6a-4710-a797-d1e03ae99019/datanode-1/data/ratis/dc15c6a6-8b95-40ea-a4b9-0fdd50c5bc41/current/log_inprogress_0
2022-09-08 01:52:49,073 [1fe68fa2-71ab-402b-9a9c-5fb65a06b7eb@group-0FDD50C5BC41-LeaderElection28] INFO  server.RaftServer$Division (ServerState.java:setRaftConf(393)) - 1fe68fa2-71ab-402b-9a9c-5fb65a06b7eb@group-0FDD50C5BC41: set configuration 0: [1fe68fa2-71ab-402b-9a9c-5fb65a06b7eb|rpc:10.1.1.0:45277|dataStream:|priority:1], old=null
2022-09-08 01:52:49,570 [Listener at 127.0.0.1/42159] INFO  ozone.MiniOzoneClusterImpl (MiniOzoneClusterImpl.java:lambda$waitForClusterToBeReady$0(216)) - Nodes are ready. Got 3 of 3 DN Heartbeats.
2022-09-08 01:52:49,570 [Listener at 127.0.0.1/42159] INFO  ozone.MiniOzoneClusterImpl (MiniOzoneClusterImpl.java:lambda$waitForClusterToBeReady$0(219)) - Cluster exits safe mode
2022-09-08 01:52:49,570 [Listener at 127.0.0.1/42159] INFO  ozone.MiniOzoneClusterImpl (MiniOzoneClusterImpl.java:lambda$waitForClusterToBeReady$0(221)) - SCM became leader
]]></system-out>
    </rerunFailure>
    <rerunFailure type="java.lang.AssertionError">
      <stackTrace><![CDATA[java.lang.AssertionError
	at org.junit.Assert.fail(Assert.java:87)
	at org.junit.Assert.assertTrue(Assert.java:42)
	at org.junit.Assert.assertTrue(Assert.java:53)
	at org.apache.hadoop.hdds.scm.TestRatisPipelineLeader.testLeaderIdAfterLeaderChange(TestRatisPipelineLeader.java:119)
	at sun.reflect.NativeMethodAccessorImpl.invoke0(Native Method)
	at sun.reflect.NativeMethodAccessorImpl.invoke(NativeMethodAccessorImpl.java:62)
	at sun.reflect.DelegatingMethodAccessorImpl.invoke(DelegatingMethodAccessorImpl.java:43)
	at java.lang.reflect.Method.invoke(Method.java:498)
	at org.junit.platform.commons.util.ReflectionUtils.invokeMethod(ReflectionUtils.java:725)
	at org.junit.jupiter.engine.execution.MethodInvocation.proceed(MethodInvocation.java:60)
	at org.junit.jupiter.engine.execution.InvocationInterceptorChain$ValidatingInvocation.proceed(InvocationInterceptorChain.java:131)
	at org.junit.jupiter.engine.extension.TimeoutInvocation.proceed(TimeoutInvocation.java:46)
	at org.junit.jupiter.engine.extension.TimeoutExtension.intercept(TimeoutExtension.java:149)
	at org.junit.jupiter.engine.extension.TimeoutExtension.interceptTestableMethod(TimeoutExtension.java:140)
	at org.junit.jupiter.engine.extension.TimeoutExtension.interceptTestMethod(TimeoutExtension.java:84)
	at org.junit.jupiter.engine.execution.ExecutableInvoker$ReflectiveInterceptorCall.lambda$ofVoidMethod$0(ExecutableInvoker.java:115)
	at org.junit.jupiter.engine.execution.ExecutableInvoker.lambda$invoke$0(ExecutableInvoker.java:105)
	at org.junit.jupiter.engine.execution.InvocationInterceptorChain$InterceptedInvocation.proceed(InvocationInterceptorChain.java:106)
	at org.junit.jupiter.engine.execution.InvocationInterceptorChain.proceed(InvocationInterceptorChain.java:64)
	at org.junit.jupiter.engine.execution.InvocationInterceptorChain.chainAndInvoke(InvocationInterceptorChain.java:45)
	at org.junit.jupiter.engine.execution.InvocationInterceptorChain.invoke(InvocationInterceptorChain.java:37)
	at org.junit.jupiter.engine.execution.ExecutableInvoker.invoke(ExecutableInvoker.java:104)
	at org.junit.jupiter.engine.execution.ExecutableInvoker.invoke(ExecutableInvoker.java:98)
	at org.junit.jupiter.engine.descriptor.TestMethodTestDescriptor.lambda$invokeTestMethod$7(TestMethodTestDescriptor.java:214)
	at org.junit.platform.engine.support.hierarchical.ThrowableCollector.execute(ThrowableCollector.java:73)
	at org.junit.jupiter.engine.descriptor.TestMethodTestDescriptor.invokeTestMethod(TestMethodTestDescriptor.java:210)
	at org.junit.jupiter.engine.descriptor.TestMethodTestDescriptor.execute(TestMethodTestDescriptor.java:135)
	at org.junit.jupiter.engine.descriptor.TestMethodTestDescriptor.execute(TestMethodTestDescriptor.java:66)
	at org.junit.platform.engine.support.hierarchical.NodeTestTask.lambda$executeRecursively$6(NodeTestTask.java:151)
	at org.junit.platform.engine.support.hierarchical.ThrowableCollector.execute(ThrowableCollector.java:73)
	at org.junit.platform.engine.support.hierarchical.NodeTestTask.lambda$executeRecursively$8(NodeTestTask.java:141)
	at org.junit.platform.engine.support.hierarchical.Node.around(Node.java:137)
	at org.junit.platform.engine.support.hierarchical.NodeTestTask.lambda$executeRecursively$9(NodeTestTask.java:139)
	at org.junit.platform.engine.support.hierarchical.ThrowableCollector.execute(ThrowableCollector.java:73)
	at org.junit.platform.engine.support.hierarchical.NodeTestTask.executeRecursively(NodeTestTask.java:138)
	at org.junit.platform.engine.support.hierarchical.NodeTestTask.execute(NodeTestTask.java:95)
	at java.util.ArrayList.forEach(ArrayList.java:1259)
	at org.junit.platform.engine.support.hierarchical.SameThreadHierarchicalTestExecutorService.invokeAll(SameThreadHierarchicalTestExecutorService.java:41)
	at org.junit.platform.engine.support.hierarchical.NodeTestTask.lambda$executeRecursively$6(NodeTestTask.java:155)
	at org.junit.platform.engine.support.hierarchical.ThrowableCollector.execute(ThrowableCollector.java:73)
	at org.junit.platform.engine.support.hierarchical.NodeTestTask.lambda$executeRecursively$8(NodeTestTask.java:141)
	at org.junit.platform.engine.support.hierarchical.Node.around(Node.java:137)
	at org.junit.platform.engine.support.hierarchical.NodeTestTask.lambda$executeRecursively$9(NodeTestTask.java:139)
	at org.junit.platform.engine.support.hierarchical.ThrowableCollector.execute(ThrowableCollector.java:73)
	at org.junit.platform.engine.support.hierarchical.NodeTestTask.executeRecursively(NodeTestTask.java:138)
	at org.junit.platform.engine.support.hierarchical.NodeTestTask.execute(NodeTestTask.java:95)
	at java.util.ArrayList.forEach(ArrayList.java:1259)
	at org.junit.platform.engine.support.hierarchical.SameThreadHierarchicalTestExecutorService.invokeAll(SameThreadHierarchicalTestExecutorService.java:41)
	at org.junit.platform.engine.support.hierarchical.NodeTestTask.lambda$executeRecursively$6(NodeTestTask.java:155)
	at org.junit.platform.engine.support.hierarchical.ThrowableCollector.execute(ThrowableCollector.java:73)
	at org.junit.platform.engine.support.hierarchical.NodeTestTask.lambda$executeRecursively$8(NodeTestTask.java:141)
	at org.junit.platform.engine.support.hierarchical.Node.around(Node.java:137)
	at org.junit.platform.engine.support.hierarchical.NodeTestTask.lambda$executeRecursively$9(NodeTestTask.java:139)
	at org.junit.platform.engine.support.hierarchical.ThrowableCollector.execute(ThrowableCollector.java:73)
	at org.junit.platform.engine.support.hierarchical.NodeTestTask.executeRecursively(NodeTestTask.java:138)
	at org.junit.platform.engine.support.hierarchical.NodeTestTask.execute(NodeTestTask.java:95)
	at org.junit.platform.engine.support.hierarchical.SameThreadHierarchicalTestExecutorService.submit(SameThreadHierarchicalTestExecutorService.java:35)
	at org.junit.platform.engine.support.hierarchical.HierarchicalTestExecutor.execute(HierarchicalTestExecutor.java:57)
	at org.junit.platform.engine.support.hierarchical.HierarchicalTestEngine.execute(HierarchicalTestEngine.java:54)
	at org.junit.platform.launcher.core.EngineExecutionOrchestrator.execute(EngineExecutionOrchestrator.java:107)
	at org.junit.platform.launcher.core.EngineExecutionOrchestrator.execute(EngineExecutionOrchestrator.java:88)
	at org.junit.platform.launcher.core.EngineExecutionOrchestrator.lambda$execute$0(EngineExecutionOrchestrator.java:54)
	at org.junit.platform.launcher.core.EngineExecutionOrchestrator.withInterceptedStreams(EngineExecutionOrchestrator.java:67)
	at org.junit.platform.launcher.core.EngineExecutionOrchestrator.execute(EngineExecutionOrchestrator.java:52)
	at org.junit.platform.launcher.core.DefaultLauncher.execute(DefaultLauncher.java:114)
	at org.junit.platform.launcher.core.DefaultLauncher.execute(DefaultLauncher.java:86)
	at org.junit.platform.launcher.core.DefaultLauncherSession$DelegatingLauncher.execute(DefaultLauncherSession.java:86)
	at org.junit.platform.launcher.core.SessionPerRequestLauncher.execute(SessionPerRequestLauncher.java:53)
	at org.apache.maven.surefire.junitplatform.JUnitPlatformProvider.invokeAllTests(JUnitPlatformProvider.java:165)
	at org.apache.maven.surefire.junitplatform.JUnitPlatformProvider.invoke(JUnitPlatformProvider.java:124)
	at org.apache.maven.surefire.booter.ForkedBooter.runSuitesInProcess(ForkedBooter.java:428)
	at org.apache.maven.surefire.booter.ForkedBooter.execute(ForkedBooter.java:162)
	at org.apache.maven.surefire.booter.ForkedBooter.run(ForkedBooter.java:562)
	at org.apache.maven.surefire.booter.ForkedBooter.main(ForkedBooter.java:548)
]]></stackTrace>
      <system-out><![CDATA[2022-09-08 01:53:10,289 [Listener at 127.0.0.1/42159] WARN  server.ServerUtils (ServerUtils.java:getScmDbDir(148)) - ozone.scm.db.dirs is not configured. We recommend adding this setting. Falling back to ozone.metadata.dirs instead.
2022-09-08 01:53:10,317 [Listener at 127.0.0.1/42159] WARN  server.ServerUtils (ServerUtils.java:getScmDbDir(148)) - ozone.scm.db.dirs is not configured. We recommend adding this setting. Falling back to ozone.metadata.dirs instead.
2022-09-08 01:53:10,317 [Listener at 127.0.0.1/42159] INFO  ha.SCMHANodeDetails (SCMHANodeDetails.java:loadSCMHAConfig(209)) - ServiceID for StorageContainerManager is null
2022-09-08 01:53:10,318 [Listener at 127.0.0.1/42159] INFO  ha.SCMHANodeDetails (SCMHANodeDetails.java:loadSCMHAConfig(214)) - ozone.scm.default.service.id is not defined, falling back to ozone.scm.service.ids to find serviceID for StorageContainerManager if it is HA enabled cluster
2022-09-08 01:53:10,333 [Listener at 127.0.0.1/42159] WARN  utils.HAUtils (HAUtils.java:getMetaDir(342)) - ozone.scm.db.dirs is not configured. We recommend adding this setting. Falling back to ozone.metadata.dirs instead.
2022-09-08 01:53:10,334 [Listener at 127.0.0.1/42159] WARN  db.DBStoreBuilder (DBStoreBuilder.java:applyDBDefinition(144)) - ozone.scm.db.dirs is not configured. We recommend adding this setting. Falling back to ozone.metadata.dirs instead.
2022-09-08 01:53:10,560 [Listener at 127.0.0.1/42159] INFO  net.NodeSchemaLoader (NodeSchemaLoader.java:loadSchemaFromFile(129)) - Loading schema from [jar:file:/home/runner/.m2/repository/org/apache/ozone/hdds-common/1.3.0-SNAPSHOT/hdds-common-1.3.0-SNAPSHOT.jar!/network-topology-default.xml]
2022-09-08 01:53:10,560 [Listener at 127.0.0.1/42159] INFO  net.NodeSchemaLoader (NodeSchemaLoader.java:loadSchema(176)) - Loading network topology layer schema file
2022-09-08 01:53:10,574 [Listener at 127.0.0.1/42159] INFO  upgrade.AbstractLayoutVersionManager (AbstractLayoutVersionManager.java:init(83)) - Initializing Layout version manager with metadata layout = DATANODE_SCHEMA_V3 (version = 4), software layout = DATANODE_SCHEMA_V3 (version = 4)
2022-09-08 01:53:10,699 [Listener at 127.0.0.1/42159] INFO  reflections.Reflections (Reflections.java:scan(232)) - Reflections took 124 ms to scan 7 urls, producing 133 keys and 322 values 
2022-09-08 01:53:10,702 [Listener at 127.0.0.1/42159] INFO  ha.SequenceIdGenerator (SequenceIdGenerator.java:upgradeToSequenceId(349)) - upgrade localId to 109611004723200000
2022-09-08 01:53:10,703 [Listener at 127.0.0.1/42159] INFO  ha.SequenceIdGenerator (SequenceIdGenerator.java:upgradeToSequenceId(359)) - upgrade delTxnId to 0
2022-09-08 01:53:10,703 [Listener at 127.0.0.1/42159] INFO  ha.SequenceIdGenerator (SequenceIdGenerator.java:upgradeToSequenceId(376)) - upgrade containerId to 0
2022-09-08 01:53:10,703 [Listener at 127.0.0.1/42159] INFO  ha.SequenceIdGenerator (SequenceIdGenerator.java:<init>(220)) - Init the HA SequenceIdGenerator.
2022-09-08 01:53:10,704 [Listener at 127.0.0.1/42159] WARN  server.ServerUtils (ServerUtils.java:sanitizeUserArgs(73)) - ozone.scm.stale.node.interval value = 300000 is larger than max = 100000 based on the key value of ozone.scm.heartbeat.thread.interval, reset to the max value 100000.
2022-09-08 01:53:10,704 [Listener at 127.0.0.1/42159] WARN  server.ServerUtils (ServerUtils.java:sanitizeUserArgs(73)) - ozone.scm.stale.node.interval value = 300000 is larger than max = 100000 based on the key value of ozone.scm.heartbeat.thread.interval, reset to the max value 100000.
2022-09-08 01:53:10,704 [Listener at 127.0.0.1/42159] INFO  node.SCMNodeManager (SCMNodeManager.java:<init>(149)) - Entering startup safe mode.
2022-09-08 01:53:10,705 [Listener at 127.0.0.1/42159] INFO  algorithms.ContainerPlacementPolicyFactory (ContainerPlacementPolicyFactory.java:getPolicyInternal(86)) - Create container placement policy of type org.apache.hadoop.hdds.scm.container.placement.algorithms.SCMContainerPlacementRandom
2022-09-08 01:53:10,705 [Listener at 127.0.0.1/42159] INFO  algorithms.ContainerPlacementPolicyFactory (ContainerPlacementPolicyFactory.java:getPolicyInternal(86)) - Create container placement policy of type org.apache.hadoop.hdds.scm.container.placement.algorithms.SCMContainerPlacementRackScatter
2022-09-08 01:53:10,705 [Listener at 127.0.0.1/42159] INFO  pipeline.PipelineStateManagerImpl (PipelineStateManagerImpl.java:initialize(78)) - No pipeline exists in current db
2022-09-08 01:53:10,705 [Listener at 127.0.0.1/42159] INFO  algorithms.LeaderChoosePolicyFactory (LeaderChoosePolicyFactory.java:getPolicy(57)) - Create leader choose policy of type org.apache.hadoop.hdds.scm.pipeline.leader.choose.algorithms.MinLeaderCountChoosePolicy
2022-09-08 01:53:10,705 [Listener at 127.0.0.1/42159] INFO  algorithms.ContainerPlacementPolicyFactory (ContainerPlacementPolicyFactory.java:getPolicyInternal(86)) - Create container placement policy of type org.apache.hadoop.hdds.scm.container.placement.algorithms.SCMContainerPlacementRackScatter
2022-09-08 01:53:10,706 [Listener at 127.0.0.1/42159] INFO  ha.SCMServiceManager (SCMServiceManager.java:register(42)) - Registering service BackgroundPipelineCreator.
2022-09-08 01:53:10,706 [Listener at 127.0.0.1/42159] INFO  pipeline.BackgroundPipelineCreator (BackgroundPipelineCreator.java:start(124)) - Starting RatisPipelineUtilsThread.
2022-09-08 01:53:10,709 [Listener at 127.0.0.1/42159] INFO  BackgroundPipelineScrubber (BackgroundSCMService.java:start(68)) - Starting BackgroundPipelineScrubber Service.
2022-09-08 01:53:10,709 [Listener at 127.0.0.1/42159] INFO  ha.SCMServiceManager (SCMServiceManager.java:register(42)) - Registering service BackgroundPipelineScrubber.
2022-09-08 01:53:10,709 [Listener at 127.0.0.1/42159] INFO  ExpiredContainerReplicaOpScrubber (BackgroundSCMService.java:start(68)) - Starting ExpiredContainerReplicaOpScrubber Service.
2022-09-08 01:53:10,710 [Listener at 127.0.0.1/42159] INFO  ha.SCMServiceManager (SCMServiceManager.java:register(42)) - Registering service ExpiredContainerReplicaOpScrubber.
2022-09-08 01:53:10,710 [Listener at 127.0.0.1/42159] INFO  algorithms.PipelineChoosePolicyFactory (PipelineChoosePolicyFactory.java:createPipelineChoosePolicyFromClass(73)) - Create pipeline choose policy of type org.apache.hadoop.hdds.scm.pipeline.choose.algorithms.RandomPipelineChoosePolicy
2022-09-08 01:53:10,711 [Listener at 127.0.0.1/42159] INFO  ha.SCMServiceManager (SCMServiceManager.java:register(42)) - Registering service SCMBlockDeletingService.
2022-09-08 01:53:10,711 [Listener at 127.0.0.1/42159] INFO  replication.ReplicationManager (ReplicationManager.java:start(208)) - Starting Replication Monitor Thread.
2022-09-08 01:53:10,712 [Listener at 127.0.0.1/42159] INFO  UnderReplicatedQueueThread (BackgroundSCMService.java:start(68)) - Starting UnderReplicatedQueueThread Service.
2022-09-08 01:53:10,713 [Listener at 127.0.0.1/42159] INFO  ha.SCMServiceManager (SCMServiceManager.java:register(42)) - Registering service UnderReplicatedQueueThread.
2022-09-08 01:53:10,713 [Listener at 127.0.0.1/42159] INFO  OverReplicatedQueueThread (BackgroundSCMService.java:start(68)) - Starting OverReplicatedQueueThread Service.
2022-09-08 01:53:10,713 [Listener at 127.0.0.1/42159] INFO  ha.SCMServiceManager (SCMServiceManager.java:register(42)) - Registering service OverReplicatedQueueThread.
2022-09-08 01:53:10,713 [Listener at 127.0.0.1/42159] INFO  ha.SCMServiceManager (SCMServiceManager.java:register(42)) - Registering service ReplicationManager.
2022-09-08 01:53:10,714 [Listener at 127.0.0.1/42159] INFO  safemode.ContainerSafeModeRule (ContainerSafeModeRule.java:<init>(89)) - containers with one replica threshold count 0
2022-09-08 01:53:10,714 [Listener at 127.0.0.1/42159] INFO  safemode.HealthyPipelineSafeModeRule (HealthyPipelineSafeModeRule.java:initializeRule(169)) - Total pipeline count is 0, healthy pipeline threshold count is 1
2022-09-08 01:53:10,714 [Listener at 127.0.0.1/42159] INFO  safemode.OneReplicaPipelineSafeModeRule (OneReplicaPipelineSafeModeRule.java:initializeRule(180)) - Total pipeline count is 0, pipeline's with at least one datanode reported threshold count is 0
2022-09-08 01:53:10,715 [Listener at 127.0.0.1/42159] INFO  ipc.CallQueueManager (CallQueueManager.java:<init>(90)) - Using callQueue: class java.util.concurrent.LinkedBlockingQueue, queueCapacity: 2000, scheduler: class org.apache.hadoop.ipc.DefaultRpcScheduler, ipcBackoff: false.
2022-09-08 01:53:10,717 [Socket Reader #1 for port 0] INFO  ipc.Server (Server.java:run(1265)) - Starting Socket Reader #1 for port 0
2022-09-08 01:53:10,717 [Listener at 0.0.0.0/44917] INFO  ipc.CallQueueManager (CallQueueManager.java:<init>(90)) - Using callQueue: class java.util.concurrent.LinkedBlockingQueue, queueCapacity: 2000, scheduler: class org.apache.hadoop.ipc.DefaultRpcScheduler, ipcBackoff: false.
2022-09-08 01:53:10,721 [Socket Reader #1 for port 0] INFO  ipc.Server (Server.java:run(1265)) - Starting Socket Reader #1 for port 0
2022-09-08 01:53:10,722 [Listener at 0.0.0.0/46777] INFO  ipc.CallQueueManager (CallQueueManager.java:<init>(90)) - Using callQueue: class java.util.concurrent.LinkedBlockingQueue, queueCapacity: 2000, scheduler: class org.apache.hadoop.ipc.DefaultRpcScheduler, ipcBackoff: false.
2022-09-08 01:53:10,741 [ReplicationMonitor] INFO  replication.ReplicationManager (ReplicationManager.java:processAll(257)) - Replication Manager is not ready to run until 3000ms after safemode exit
2022-09-08 01:53:10,756 [Socket Reader #1 for port 0] INFO  ipc.Server (Server.java:run(1265)) - Starting Socket Reader #1 for port 0
2022-09-08 01:53:10,798 [Listener at 0.0.0.0/37351] INFO  ha.SCMServiceManager (SCMServiceManager.java:register(42)) - Registering service ContainerBalancer.
2022-09-08 01:53:10,798 [Listener at 0.0.0.0/37351] INFO  server.StorageContainerManager (StorageContainerManager.java:<init>(412)) - 
Container Balancer status:
Key                            Value
Running                        false
Container Balancer Configuration values:
Key                                                Value
Threshold                                          10
Max Datanodes to Involve per Iteration(percent)    20
Max Size to Move per Iteration                     500GB
Max Size Entering Target per Iteration             26GB
Max Size Leaving Source per Iteration              26GB

2022-09-08 01:53:10,798 [Listener at 0.0.0.0/37351] WARN  events.EventQueue (EventQueue.java:fireEvent(216)) - No event handler registered for event TypedEvent{payloadType=SafeModeStatus, name='Safe mode status'}
2022-09-08 01:53:10,798 [Listener at 0.0.0.0/37351] INFO  ha.SCMContext (SCMContext.java:updateSafeModeStatus(228)) - Update SafeModeStatus from SafeModeStatus{safeModeStatus=true, preCheckPassed=false} to SafeModeStatus{safeModeStatus=true, preCheckPassed=false}.
2022-09-08 01:53:10,799 [Listener at 0.0.0.0/37351] INFO  server.StorageContainerManager (StorageContainerManager.java:start(1466)) - StorageContainerLocationProtocol RPC server is listening at /0.0.0.0:37351
2022-09-08 01:53:10,800 [Listener at 0.0.0.0/37351] WARN  impl.MetricsConfig (MetricsConfig.java:loadFirst(136)) - Cannot locate configuration: tried hadoop-metrics2-storagecontainermanager.properties,hadoop-metrics2.properties
2022-09-08 01:53:10,800 [Listener at 0.0.0.0/37351] INFO  impl.MetricsSystemImpl (MetricsSystemImpl.java:startTimer(378)) - Scheduled Metric snapshot period at 10 second(s).
2022-09-08 01:53:10,801 [Listener at 0.0.0.0/37351] INFO  impl.MetricsSystemImpl (MetricsSystemImpl.java:start(191)) - StorageContainerManager metrics system started
2022-09-08 01:53:10,832 [Listener at 0.0.0.0/37351] INFO  impl.MetricsSinkAdapter (MetricsSinkAdapter.java:start(204)) - Sink prometheus started
2022-09-08 01:53:10,832 [Listener at 0.0.0.0/37351] INFO  impl.MetricsSystemImpl (MetricsSystemImpl.java:registerSink(305)) - Registered sink prometheus
2022-09-08 01:53:10,855 [Listener at 0.0.0.0/37351] INFO  server.SCMClientProtocolServer (SCMClientProtocolServer.java:start(170)) - RPC server for Client  is listening at /0.0.0.0:37351
2022-09-08 01:53:10,855 [IPC Server Responder] INFO  ipc.Server (Server.java:run(1507)) - IPC Server Responder: starting
2022-09-08 01:53:10,855 [IPC Server listener on 0] INFO  ipc.Server (Server.java:run(1344)) - IPC Server listener on 0: starting
2022-09-08 01:53:10,859 [Listener at 0.0.0.0/37351] INFO  server.StorageContainerManager (StorageContainerManager.java:start(1481)) - ScmBlockLocationProtocol RPC server is listening at /0.0.0.0:46777
2022-09-08 01:53:10,859 [Listener at 0.0.0.0/37351] INFO  server.SCMBlockProtocolServer (SCMBlockProtocolServer.java:start(152)) - RPC server for Block Protocol is listening at /0.0.0.0:46777
2022-09-08 01:53:10,859 [IPC Server Responder] INFO  ipc.Server (Server.java:run(1507)) - IPC Server Responder: starting
2022-09-08 01:53:10,860 [IPC Server listener on 0] INFO  ipc.Server (Server.java:run(1344)) - IPC Server listener on 0: starting
2022-09-08 01:53:10,870 [Listener at 0.0.0.0/37351] INFO  server.SCMDatanodeProtocolServer (SCMDatanodeProtocolServer.java:start(186)) - ScmDatanodeProtocol RPC server for DataNodes is listening at /0.0.0.0:44917
2022-09-08 01:53:10,871 [IPC Server Responder] INFO  ipc.Server (Server.java:run(1507)) - IPC Server Responder: starting
2022-09-08 01:53:10,871 [IPC Server listener on 0] INFO  ipc.Server (Server.java:run(1344)) - IPC Server listener on 0: starting
2022-09-08 01:53:10,878 [Listener at 0.0.0.0/37351] INFO  http.BaseHttpServer (BaseHttpServer.java:newHttpServer2BuilderForOzone(213)) - Starting Web-server for scm at: http://0.0.0.0:0
2022-09-08 01:53:10,878 [Listener at 0.0.0.0/37351] INFO  http.BaseHttpServer (BaseHttpServer.java:<init>(108)) - Hadoop Security Enabled: false Ozone Security Enabled: false Ozone HTTP Security Enabled: false 
2022-09-08 01:53:10,882 [Listener at 0.0.0.0/37351] INFO  server.AuthenticationFilter (AuthenticationFilter.java:constructSecretProvider(240)) - Unable to initialize FileSignerSecretProvider, falling back to use random secrets.
2022-09-08 01:53:10,883 [Listener at 0.0.0.0/37351] WARN  http.HttpRequestLog (HttpRequestLog.java:getRequestLog(103)) - Jetty request log can only be enabled using Log4j
2022-09-08 01:53:10,884 [Listener at 0.0.0.0/37351] INFO  http.HttpServer2 (HttpServer2.java:addGlobalFilter(1029)) - Added global filter 'safety' (class=org.apache.hadoop.hdds.server.http.HttpServer2$QuotingInputFilter)
2022-09-08 01:53:10,885 [Listener at 0.0.0.0/37351] INFO  http.HttpServer2 (HttpServer2.java:addFilter(1005)) - Added filter static_user_filter (class=org.apache.hadoop.http.lib.StaticUserWebFilter$StaticUserFilter) to context scm
2022-09-08 01:53:10,885 [Listener at 0.0.0.0/37351] INFO  http.HttpServer2 (HttpServer2.java:addFilter(1013)) - Added filter static_user_filter (class=org.apache.hadoop.http.lib.StaticUserWebFilter$StaticUserFilter) to context static
2022-09-08 01:53:10,900 [Listener at 0.0.0.0/37351] INFO  http.HttpServer2 (HttpServer2.java:addFilter(1013)) - Added filter static_user_filter (class=org.apache.hadoop.http.lib.StaticUserWebFilter$StaticUserFilter) to context logs
2022-09-08 01:53:10,901 [Listener at 0.0.0.0/37351] INFO  http.HttpServer2 (HttpServer2.java:bindListener(1248)) - Jetty bound to port 40977
2022-09-08 01:53:10,901 [Listener at 0.0.0.0/37351] INFO  server.Server (Server.java:doStart(375)) - jetty-9.4.43.v20210629; built: 2021-06-30T11:07:22.254Z; git: 526006ecfa3af7f1a27ef3a288e2bef7ea9dd7e8; jvm 1.8.0_345-b01
2022-09-08 01:53:10,933 [org.apache.hadoop.util.JvmPauseMonitor$Monitor@6be9e443] INFO  util.JvmPauseMonitor (JvmPauseMonitor.java:run(188)) - Starting JVM pause monitor
2022-09-08 01:53:10,949 [Listener at 0.0.0.0/37351] INFO  server.session (DefaultSessionIdManager.java:doStart(334)) - DefaultSessionIdManager workerName=node0
2022-09-08 01:53:10,949 [Listener at 0.0.0.0/37351] INFO  server.session (DefaultSessionIdManager.java:doStart(339)) - No SessionScavenger set, using defaults
2022-09-08 01:53:10,949 [Listener at 0.0.0.0/37351] INFO  server.session (HouseKeeper.java:startScavenging(132)) - node0 Scavenging every 600000ms
2022-09-08 01:53:10,950 [Listener at 0.0.0.0/37351] INFO  handler.ContextHandler (ContextHandler.java:doStart(915)) - Started o.e.j.s.ServletContextHandler@76ce38f5{logs,/logs,file:///home/runner/work/ozone/ozone/hadoop-ozone/integration-test/target/log,AVAILABLE}
2022-09-08 01:53:10,951 [Listener at 0.0.0.0/37351] INFO  handler.ContextHandler (ContextHandler.java:doStart(915)) - Started o.e.j.s.ServletContextHandler@2b14775c{static,/static,file:///home/runner/work/ozone/ozone/hadoop-ozone/integration-test/target/test-classes/webapps/static,AVAILABLE}
2022-09-08 01:53:10,968 [Listener at 0.0.0.0/37351] INFO  handler.ContextHandler (ContextHandler.java:doStart(915)) - Started o.e.j.w.WebAppContext@1ffae821{scm,/,file:///home/runner/work/ozone/ozone/hadoop-ozone/integration-test/target/test-classes/webapps/scm/,AVAILABLE}{file:/home/runner/work/ozone/ozone/hadoop-ozone/integration-test/target/test-classes/webapps/scm}
2022-09-08 01:53:10,972 [Listener at 0.0.0.0/37351] INFO  server.AbstractConnector (AbstractConnector.java:doStart(331)) - Started ServerConnector@1a3bebf9{HTTP/1.1, (http/1.1)}{0.0.0.0:40977}
2022-09-08 01:53:10,973 [Listener at 0.0.0.0/37351] INFO  server.Server (Server.java:doStart(415)) - Started @122536ms
2022-09-08 01:53:10,973 [Listener at 0.0.0.0/37351] WARN  impl.MetricsSystemImpl (MetricsSystemImpl.java:register(279)) - Sink prometheus already exists!
2022-09-08 01:53:10,973 [Listener at 0.0.0.0/37351] INFO  http.BaseHttpServer (BaseHttpServer.java:updateConnectorAddress(333)) - HTTP server of scm listening at http://0.0.0.0:40977
2022-09-08 01:53:10,973 [Listener at 0.0.0.0/37351] WARN  server.ServerUtils (ServerUtils.java:getDBPath(225)) - ozone.om.db.dirs is not configured. We recommend adding this setting. Falling back to ozone.metadata.dirs instead.
2022-09-08 01:53:10,995 [Listener at 0.0.0.0/37351] INFO  ha.OMHANodeDetails (OMHANodeDetails.java:loadOMHAConfig(115)) - ozone.om.internal.service.id is not defined, falling back to ozone.om.service.ids to find serviceID for OzoneManager if it is HA enabled cluster
2022-09-08 01:53:10,995 [Listener at 0.0.0.0/37351] INFO  ha.OMHANodeDetails (OMHANodeDetails.java:loadOMHAConfig(226)) - Configuration does not have ozone.om.address set. Falling back to the default OM address /127.0.0.1:0
2022-09-08 01:53:10,995 [Listener at 0.0.0.0/37351] INFO  ha.OMHANodeDetails (OMHANodeDetails.java:getOMNodeDetailsForNonHA(254)) - OM Service ID is not set. Setting it to the default ID: omServiceIdDefault
2022-09-08 01:53:10,995 [Listener at 0.0.0.0/37351] INFO  ha.OMHANodeDetails (OMHANodeDetails.java:getOMNodeDetailsForNonHA(261)) - OM Node ID is not set. Setting it to the default ID: om1
2022-09-08 01:53:10,996 [Listener at 0.0.0.0/37351] WARN  server.ServerUtils (ServerUtils.java:getDBPath(225)) - ozone.om.db.dirs is not configured. We recommend adding this setting. Falling back to ozone.metadata.dirs instead.
2022-09-08 01:53:10,996 [Listener at 0.0.0.0/37351] INFO  upgrade.AbstractLayoutVersionManager (AbstractLayoutVersionManager.java:init(83)) - Initializing Layout version manager with metadata layout = MULTITENANCY_SCHEMA (version = 3), software layout = MULTITENANCY_SCHEMA (version = 3)
2022-09-08 01:53:11,123 [Listener at 0.0.0.0/37351] INFO  reflections.Reflections (Reflections.java:scan(232)) - Reflections took 122 ms to scan 2 urls, producing 153 keys and 427 values [using 2 cores]
2022-09-08 01:53:11,124 [Listener at 0.0.0.0/37351] INFO  upgrade.OMLayoutVersionManager (OMLayoutVersionManager.java:lambda$0(115)) - Skipping Upgrade Action MockOmUpgradeAction since it has been finalized.
2022-09-08 01:53:11,124 [Listener at 0.0.0.0/37351] WARN  server.ServerUtils (ServerUtils.java:getDBPath(225)) - ozone.om.db.dirs is not configured. We recommend adding this setting. Falling back to ozone.metadata.dirs instead.
2022-09-08 01:53:11,124 [Listener at 0.0.0.0/37351] INFO  proxy.SCMBlockLocationFailoverProxyProvider (SCMBlockLocationFailoverProxyProvider.java:<init>(114)) - Created block location fail-over proxy with 1 nodes: [nodeId=scmNodeId,nodeAddress=/0.0.0.0:46777]
2022-09-08 01:53:11,126 [Listener at 0.0.0.0/37351] INFO  proxy.SCMBlockLocationFailoverProxyProvider (SCMBlockLocationFailoverProxyProvider.java:<init>(114)) - Created block location fail-over proxy with 1 nodes: [nodeId=scmNodeId,nodeAddress=/0.0.0.0:46777]
2022-09-08 01:53:11,172 [Listener at 0.0.0.0/37351] WARN  server.ServerUtils (ServerUtils.java:getDBPath(225)) - ozone.om.db.dirs is not configured. We recommend adding this setting. Falling back to ozone.metadata.dirs instead.
2022-09-08 01:53:11,172 [Listener at 0.0.0.0/37351] INFO  codec.OmKeyInfoCodec (OmKeyInfoCodec.java:<init>(49)) - OmKeyInfoCodec ignorePipeline = true
2022-09-08 01:53:11,172 [Listener at 0.0.0.0/37351] INFO  codec.RepeatedOmKeyInfoCodec (RepeatedOmKeyInfoCodec.java:<init>(41)) - RepeatedOmKeyInfoCodec ignorePipeline = true
2022-09-08 01:53:11,504 [Listener at 0.0.0.0/37351] INFO  om.OzoneManager (OzoneManager.java:instantiateServices(707)) - S3 Multi-Tenancy is disabled
2022-09-08 01:53:11,514 [Listener at 0.0.0.0/37351] INFO  om.OzoneManager (OzoneManager.java:addS3GVolumeToDB(4298)) - Created Volume s3v With Owner runner required for S3Gateway operations.
2022-09-08 01:53:11,514 [Listener at 0.0.0.0/37351] WARN  server.ServerUtils (ServerUtils.java:getDefaultRatisDirectory(237)) - Storage directory for Ratis is not configured. It is a good idea to map this to an SSD disk. Falling back to ozone.metadata.dirs
2022-09-08 01:53:11,514 [Listener at 0.0.0.0/37351] WARN  utils.OzoneManagerRatisUtils (OzoneManagerRatisUtils.java:getOMRatisSnapshotDirectory(434)) - ozone.om.ratis.snapshot.dir is not configured. Falling back to ozone.metadata.dirs config
2022-09-08 01:53:11,515 [Listener at 0.0.0.0/37351] WARN  server.ServerUtils (ServerUtils.java:getDefaultRatisDirectory(237)) - Storage directory for Ratis is not configured. It is a good idea to map this to an SSD disk. Falling back to ozone.metadata.dirs
2022-09-08 01:53:11,516 [Listener at 0.0.0.0/37351] INFO  ratis.OzoneManagerRatisServer (OzoneManagerRatisServer.java:<init>(159)) - Instantiating OM Ratis server with groupID: omServiceIdDefault and peers: localhost:9872
2022-09-08 01:53:11,517 [Listener at 0.0.0.0/37351] INFO  ratis.OzoneManagerStateMachine (OzoneManagerStateMachine.java:loadSnapshotInfoFromDB(632)) - LastAppliedIndex is set from TransactionInfo from OM DB as (t:0, i:~)
2022-09-08 01:53:11,517 [Listener at 0.0.0.0/37351] INFO  server.RaftServer (ConfUtils.java:logGet(46)) - raft.rpc.type = GRPC (default)
2022-09-08 01:53:11,517 [Listener at 0.0.0.0/37351] INFO  grpc.GrpcFactory (GrpcFactory.java:checkPooledByteBufAllocatorUseCacheForAllThreads(48)) - PERFORMANCE WARNING: useCacheForAllThreads is true that may cause Netty to create a lot garbage objects and, as a result, trigger GC.
	It is recommended to disable useCacheForAllThreads by setting -Dorg.apache.ratis.thirdparty.io.netty.allocator.useCacheForAllThreads=false in command line.
2022-09-08 01:53:11,517 [Listener at 0.0.0.0/37351] INFO  grpc.GrpcConfigKeys (ConfUtils.java:logGet(46)) - raft.grpc.admin.port = -1 (default)
2022-09-08 01:53:11,517 [Listener at 0.0.0.0/37351] INFO  grpc.GrpcConfigKeys (ConfUtils.java:logGet(46)) - raft.grpc.server.port = 9872 (custom)
2022-09-08 01:53:11,517 [Listener at 0.0.0.0/37351] INFO  grpc.GrpcConfigKeys (ConfUtils.java:logGet(46)) - raft.grpc.client.port = -1 (default)
2022-09-08 01:53:11,518 [Listener at 0.0.0.0/37351] INFO  grpc.GrpcConfigKeys (ConfUtils.java:logGet(46)) - raft.grpc.server.port = 9872 (custom)
2022-09-08 01:53:11,518 [Listener at 0.0.0.0/37351] INFO  grpc.GrpcConfigKeys (ConfUtils.java:logGet(46)) - raft.grpc.server.port = 9872 (custom)
2022-09-08 01:53:11,518 [Listener at 0.0.0.0/37351] INFO  server.GrpcService (ConfUtils.java:logGet(46)) - raft.grpc.message.size.max = 33554432 (custom)
2022-09-08 01:53:11,518 [Listener at 0.0.0.0/37351] INFO  server.RaftServerConfigKeys (ConfUtils.java:logGet(46)) - raft.server.log.appender.buffer.byte-limit = 33554432 (custom)
2022-09-08 01:53:11,518 [Listener at 0.0.0.0/37351] INFO  server.GrpcService (ConfUtils.java:logGet(46)) - raft.grpc.flow.control.window = 1MB (=1048576) (default)
2022-09-08 01:53:11,518 [Listener at 0.0.0.0/37351] INFO  server.RaftServerConfigKeys (ConfUtils.java:logGet(46)) - raft.server.rpc.request.timeout = 3000ms (default)
2022-09-08 01:53:11,518 [Listener at 0.0.0.0/37351] INFO  grpc.GrpcConfigKeys (ConfUtils.java:logGet(46)) - raft.grpc.server.async.request.thread.pool.cached = true (default)
2022-09-08 01:53:11,518 [Listener at 0.0.0.0/37351] INFO  grpc.GrpcConfigKeys (ConfUtils.java:logGet(46)) - raft.grpc.server.async.request.thread.pool.size = 32 (default)
2022-09-08 01:53:11,520 [Listener at 0.0.0.0/37351] INFO  impl.DataStreamServerImpl (ConfUtils.java:logGet(46)) - raft.datastream.type = DISABLED (default)
2022-09-08 01:53:11,520 [Listener at 0.0.0.0/37351] INFO  server.RaftServerConfigKeys (ConfUtils.java:logGet(46)) - raft.server.threadpool.proxy.cached = true (default)
2022-09-08 01:53:11,520 [Listener at 0.0.0.0/37351] INFO  server.RaftServerConfigKeys (ConfUtils.java:logGet(46)) - raft.server.threadpool.proxy.size = 0 (default)
2022-09-08 01:53:11,520 [Listener at 0.0.0.0/37351] INFO  server.RaftServerConfigKeys (ConfUtils.java:logGet(46)) - raft.server.rpc.slowness.timeout = 120s (custom)
2022-09-08 01:53:11,521 [Listener at 0.0.0.0/37351] INFO  server.RaftServerConfigKeys (ConfUtils.java:logGet(46)) - raft.server.leaderelection.leader.step-down.wait-time = 10s (default)
2022-09-08 01:53:11,521 [Listener at 0.0.0.0/37351] INFO  server.RaftServerConfigKeys (ConfUtils.java:logGet(46)) - raft.server.storage.dir = [/home/runner/work/ozone/ozone/hadoop-ozone/integration-test/target/test-dir/MiniOzoneClusterImpl-82e34331-d350-4f2b-a416-c6d91b571450/ozone-meta/ratis] (custom)
2022-09-08 01:53:11,549 [Listener at 0.0.0.0/37351] INFO  server.RaftServer (RaftServerProxy.java:addNew(96)) - om1: addNew group-C5BA1605619E:[om1|rpc:localhost:9872|priority:0] returns group-C5BA1605619E:java.util.concurrent.CompletableFuture@524ffe86[Not completed]
2022-09-08 01:53:11,549 [Listener at 0.0.0.0/37351] INFO  om.OzoneManager (OzoneManager.java:initializeRatisServer(1973)) - OzoneManager Ratis server initialized at port 9872
2022-09-08 01:53:11,550 [Listener at 0.0.0.0/37351] INFO  om.OzoneManager (OzoneManager.java:getRpcServer(1096)) - Creating RPC Server
2022-09-08 01:53:11,551 [pool-495-thread-1] INFO  server.RaftServer$Division (RaftServerImpl.java:<init>(190)) - om1: new RaftServerImpl for group-C5BA1605619E:[om1|rpc:localhost:9872|priority:0] with OzoneManagerStateMachine:uninitialized
2022-09-08 01:53:11,551 [pool-495-thread-1] INFO  server.RaftServerConfigKeys (ConfUtils.java:logGet(46)) - raft.server.rpc.timeout.min = 1s (custom)
2022-09-08 01:53:11,551 [pool-495-thread-1] INFO  server.RaftServerConfigKeys (ConfUtils.java:logGet(46)) - raft.server.rpc.timeout.max = 1200ms (custom)
2022-09-08 01:53:11,551 [pool-495-thread-1] INFO  server.RaftServerConfigKeys (ConfUtils.java:logGet(46)) - raft.server.rpc.sleep.time = 25ms (default)
2022-09-08 01:53:11,551 [pool-495-thread-1] INFO  server.RaftServerConfigKeys (ConfUtils.java:logGet(46)) - raft.server.rpc.slowness.timeout = 120s (custom)
2022-09-08 01:53:11,551 [pool-495-thread-1] INFO  server.RaftServerConfigKeys (ConfUtils.java:logGet(46)) - raft.server.leaderelection.leader.step-down.wait-time = 10s (default)
2022-09-08 01:53:11,551 [pool-495-thread-1] INFO  server.RaftServerConfigKeys (ConfUtils.java:logGet(46)) - raft.server.sleep.deviation.threshold = 300ms (default)
2022-09-08 01:53:11,551 [pool-495-thread-1] INFO  server.RaftServer$Division (ServerState.java:<init>(107)) - om1@group-C5BA1605619E: ConfigurationManager, init=-1: [om1|rpc:localhost:9872|priority:0], old=null, confs=<EMPTY_MAP>
2022-09-08 01:53:11,552 [pool-495-thread-1] INFO  server.RaftServerConfigKeys (ConfUtils.java:logGet(46)) - raft.server.storage.dir = [/home/runner/work/ozone/ozone/hadoop-ozone/integration-test/target/test-dir/MiniOzoneClusterImpl-82e34331-d350-4f2b-a416-c6d91b571450/ozone-meta/ratis] (custom)
2022-09-08 01:53:11,552 [pool-495-thread-1] INFO  server.RaftServerConfigKeys (ConfUtils.java:logGet(46)) - raft.server.log.corruption.policy = EXCEPTION (default)
2022-09-08 01:53:11,552 [pool-495-thread-1] INFO  server.RaftServerConfigKeys (ConfUtils.java:logGet(46)) - raft.server.storage.free-space.min = 0MB (=0) (default)
2022-09-08 01:53:11,552 [pool-495-thread-1] INFO  storage.RaftStorageDirectory (RaftStorageDirectoryImpl.java:analyzeStorage(135)) - The storage directory /home/runner/work/ozone/ozone/hadoop-ozone/integration-test/target/test-dir/MiniOzoneClusterImpl-82e34331-d350-4f2b-a416-c6d91b571450/ozone-meta/ratis/bf265839-605b-3f16-9796-c5ba1605619e does not exist. Creating ...
2022-09-08 01:53:11,555 [pool-495-thread-1] INFO  storage.RaftStorageDirectory (RaftStorageDirectoryImpl.java:tryLock(230)) - Lock on /home/runner/work/ozone/ozone/hadoop-ozone/integration-test/target/test-dir/MiniOzoneClusterImpl-82e34331-d350-4f2b-a416-c6d91b571450/ozone-meta/ratis/bf265839-605b-3f16-9796-c5ba1605619e/in_use.lock acquired by nodename 132736@fv-az38-857
2022-09-08 01:53:11,556 [pool-495-thread-1] INFO  storage.RaftStorage (RaftStorageImpl.java:format(89)) - Storage directory /home/runner/work/ozone/ozone/hadoop-ozone/integration-test/target/test-dir/MiniOzoneClusterImpl-82e34331-d350-4f2b-a416-c6d91b571450/ozone-meta/ratis/bf265839-605b-3f16-9796-c5ba1605619e has been successfully formatted.
2022-09-08 01:53:11,557 [pool-495-thread-1] INFO  server.RaftServerConfigKeys (ConfUtils.java:logGet(46)) - raft.server.notification.no-leader.timeout = 120s (custom)
2022-09-08 01:53:11,557 [pool-495-thread-1] INFO  server.RaftServerConfigKeys (ConfUtils.java:logGet(46)) - raft.server.log.use.memory = false (default)
2022-09-08 01:53:11,557 [pool-495-thread-1] INFO  server.RaftServerConfigKeys (ConfUtils.java:logGet(46)) - raft.server.log.purge.gap = 1000000 (custom)
2022-09-08 01:53:11,557 [pool-495-thread-1] INFO  server.RaftServerConfigKeys (ConfUtils.java:logGet(46)) - raft.server.log.appender.buffer.byte-limit = 33554432 (custom)
2022-09-08 01:53:11,557 [pool-495-thread-1] INFO  server.RaftServerConfigKeys (ConfUtils.java:logGet(46)) - raft.server.log.statemachine.data.read.timeout = 1000ms (default)
2022-09-08 01:53:11,557 [pool-495-thread-1] INFO  server.RaftServerConfigKeys (ConfUtils.java:logGet(46)) - raft.server.log.segment.size.max = 4194304 (custom)
2022-09-08 01:53:11,557 [pool-495-thread-1] INFO  server.RaftServerConfigKeys (ConfUtils.java:logGet(46)) - raft.server.log.segment.cache.num.max = 2 (custom)
2022-09-08 01:53:11,557 [pool-495-thread-1] INFO  server.RaftServerConfigKeys (ConfUtils.java:logGet(46)) - raft.server.log.segment.cache.size.max = 200MB (=209715200) (default)
2022-09-08 01:53:11,558 [pool-495-thread-1] INFO  segmented.SegmentedRaftLogWorker (SegmentedRaftLogWorker.java:<init>(187)) - new om1@group-C5BA1605619E-SegmentedRaftLogWorker for RaftStorageImpl:Storage Directory /home/runner/work/ozone/ozone/hadoop-ozone/integration-test/target/test-dir/MiniOzoneClusterImpl-82e34331-d350-4f2b-a416-c6d91b571450/ozone-meta/ratis/bf265839-605b-3f16-9796-c5ba1605619e
2022-09-08 01:53:11,558 [pool-495-thread-1] INFO  server.RaftServerConfigKeys (ConfUtils.java:logGet(46)) - raft.server.log.queue.byte-limit = 64MB (=67108864) (default)
2022-09-08 01:53:11,558 [pool-495-thread-1] INFO  server.RaftServerConfigKeys (ConfUtils.java:logGet(46)) - raft.server.log.queue.element-limit = 4096 (default)
2022-09-08 01:53:11,558 [pool-495-thread-1] INFO  server.RaftServerConfigKeys (ConfUtils.java:logGet(46)) - raft.server.log.segment.size.max = 4194304 (custom)
2022-09-08 01:53:11,558 [pool-495-thread-1] INFO  server.RaftServerConfigKeys (ConfUtils.java:logGet(46)) - raft.server.log.preallocated.size = 4194304 (custom)
2022-09-08 01:53:11,558 [pool-495-thread-1] INFO  server.RaftServerConfigKeys (ConfUtils.java:logGet(46)) - raft.server.log.force.sync.num = 128 (default)
2022-09-08 01:53:11,558 [pool-495-thread-1] INFO  server.RaftServerConfigKeys (ConfUtils.java:logGet(46)) - raft.server.log.statemachine.data.sync = true (default)
2022-09-08 01:53:11,558 [pool-495-thread-1] INFO  server.RaftServerConfigKeys (ConfUtils.java:logGet(46)) - raft.server.log.statemachine.data.sync.timeout = 10s (default)
2022-09-08 01:53:11,558 [pool-495-thread-1] INFO  server.RaftServerConfigKeys (ConfUtils.java:logGet(46)) - raft.server.log.statemachine.data.sync.timeout.retry = -1 (default)
2022-09-08 01:53:11,558 [pool-495-thread-1] INFO  server.RaftServerConfigKeys (ConfUtils.java:logGet(46)) - raft.server.log.write.buffer.size = 64KB (=65536) (default)
2022-09-08 01:53:11,559 [pool-495-thread-1] INFO  server.RaftServerConfigKeys (ConfUtils.java:logGet(46)) - raft.server.log.unsafe-flush.enabled = false (default)
2022-09-08 01:53:11,559 [pool-495-thread-1] INFO  server.RaftServerConfigKeys (ConfUtils.java:logGet(46)) - raft.server.log.statemachine.data.caching.enabled = false (default)
2022-09-08 01:53:11,570 [UnderReplicatedQueueThreadThread] INFO  replication.UnderReplicatedProcessor (UnderReplicatedProcessor.java:processAll(85)) - Processed 0 under replicated containers, failed processing 0
2022-09-08 01:53:11,571 [OverReplicatedQueueThreadThread] INFO  replication.OverReplicatedProcessor (OverReplicatedProcessor.java:processAll(83)) - Processed 0 over replicated containers, failed processing 0
2022-09-08 01:53:11,606 [pool-495-thread-1] INFO  segmented.SegmentedRaftLogWorker (SegmentedRaftLogWorker.java:lambda$new$0(135)) - om1@group-C5BA1605619E-SegmentedRaftLogWorker: flushIndex: setUnconditionally 0 -> -1
2022-09-08 01:53:11,606 [pool-495-thread-1] INFO  segmented.SegmentedRaftLogWorker (SegmentedRaftLogWorker.java:lambda$new$0(135)) - om1@group-C5BA1605619E-SegmentedRaftLogWorker: safeCacheEvictIndex: setUnconditionally 0 -> -1
2022-09-08 01:53:11,631 [pool-495-thread-1] INFO  server.RaftServerConfigKeys (ConfUtils.java:logGet(46)) - raft.server.snapshot.auto.trigger.enabled = true (custom)
2022-09-08 01:53:11,631 [pool-495-thread-1] INFO  server.RaftServerConfigKeys (ConfUtils.java:logGet(46)) - raft.server.snapshot.auto.trigger.threshold = 400000 (default)
2022-09-08 01:53:11,631 [pool-495-thread-1] INFO  server.RaftServerConfigKeys (ConfUtils.java:logGet(46)) - raft.server.snapshot.retention.file.num = -1 (default)
2022-09-08 01:53:11,631 [pool-495-thread-1] INFO  server.RaftServerConfigKeys (ConfUtils.java:logGet(46)) - raft.server.log.purge.upto.snapshot.index = true (custom)
2022-09-08 01:53:11,631 [pool-495-thread-1] INFO  server.RaftServerConfigKeys (ConfUtils.java:logGet(46)) - raft.server.retrycache.expirytime = 300s (custom)
2022-09-08 01:53:11,631 [pool-495-thread-1] INFO  server.RaftServerConfigKeys (ConfUtils.java:logGet(46)) - raft.server.retrycache.statistics.expirytime = 100μs (default)
2022-09-08 01:53:11,632 [pool-495-thread-1] INFO  server.RaftServerConfigKeys (ConfUtils.java:logGet(46)) - raft.server.log.appender.install.snapshot.enabled = false (custom)
2022-09-08 01:53:11,632 [pool-495-thread-1] INFO  server.RaftServerConfigKeys (ConfUtils.java:logGet(46)) - raft.server.threadpool.server.cached = true (default)
2022-09-08 01:53:11,632 [pool-495-thread-1] INFO  server.RaftServerConfigKeys (ConfUtils.java:logGet(46)) - raft.server.threadpool.server.size = 0 (default)
2022-09-08 01:53:11,633 [pool-495-thread-1] INFO  server.RaftServerConfigKeys (ConfUtils.java:logGet(46)) - raft.server.threadpool.client.cached = true (default)
2022-09-08 01:53:11,633 [pool-495-thread-1] INFO  server.RaftServerConfigKeys (ConfUtils.java:logGet(46)) - raft.server.threadpool.client.size = 0 (default)
2022-09-08 01:53:12,622 [Listener at 0.0.0.0/37351] INFO  reflections.Reflections (Reflections.java:scan(232)) - Reflections took 1071 ms to scan 19 urls, producing 67 keys and 4167 values [using 2 cores]
2022-09-08 01:53:12,624 [Listener at 0.0.0.0/37351] INFO  ipc.CallQueueManager (CallQueueManager.java:<init>(90)) - Using callQueue: class java.util.concurrent.LinkedBlockingQueue, queueCapacity: 2000, scheduler: class org.apache.hadoop.ipc.DefaultRpcScheduler, ipcBackoff: false.
2022-09-08 01:53:12,633 [Socket Reader #1 for port 0] INFO  ipc.Server (Server.java:run(1265)) - Starting Socket Reader #1 for port 0
2022-09-08 01:53:12,682 [Listener at 127.0.0.1/38893] INFO  impl.MetricsSystemImpl (MetricsSystemImpl.java:init(158)) - OzoneManager metrics system started (again)
2022-09-08 01:53:12,692 [Listener at 127.0.0.1/38893] INFO  om.OzoneManager (OzoneManager.java:start(1480)) - OzoneManager RPC server is listening at localhost/127.0.0.1:38893
2022-09-08 01:53:12,692 [Listener at 127.0.0.1/38893] INFO  ratis.OzoneManagerRatisServer (OzoneManagerRatisServer.java:start(554)) - Starting OzoneManagerRatisServer om1 at port 9872
2022-09-08 01:53:12,692 [om1-impl-thread1] INFO  server.RaftServer$Division (RaftServerImpl.java:start(310)) - om1@group-C5BA1605619E: start as a follower, conf=-1: [om1|rpc:localhost:9872|priority:0], old=null
2022-09-08 01:53:12,692 [om1-impl-thread1] INFO  server.RaftServer$Division (RaftServerImpl.java:setRole(299)) - om1@group-C5BA1605619E: changes role from      null to FOLLOWER at term 0 for startAsFollower
2022-09-08 01:53:12,693 [om1-impl-thread1] INFO  impl.RoleInfo (RoleInfo.java:updateAndGet(139)) - om1: start om1@group-C5BA1605619E-FollowerState
2022-09-08 01:53:12,709 [om1-impl-thread1] INFO  util.JmxRegister (JmxRegister.java:tryRegister(44)) - Successfully registered JMX Bean with object name Ratis:service=RaftServer,group=group-C5BA1605619E,id=om1
2022-09-08 01:53:12,730 [Listener at 127.0.0.1/38893] INFO  server.RaftServer (RaftServerProxy.java:lambda$start$6(382)) - om1: start RPC server
2022-09-08 01:53:12,749 [Listener at 127.0.0.1/38893] INFO  server.GrpcService (GrpcService.java:startImpl(260)) - om1: GrpcService started, listening on 9872
2022-09-08 01:53:12,749 [Listener at 127.0.0.1/38893] INFO  om.OzoneManager (OzoneManager.java:start(1496)) - Version File has different layout version (3) than OM DB (null). That is expected if this OM has never been finalized to a newer layout version.
2022-09-08 01:53:12,750 [org.apache.ratis.util.JvmPauseMonitor$$Lambda$687/845490267@3e0c2650] INFO  util.JvmPauseMonitor (JvmPauseMonitor.java:run(103)) - JvmPauseMonitor-om1: Started
2022-09-08 01:53:12,777 [Listener at 127.0.0.1/38893] INFO  http.BaseHttpServer (BaseHttpServer.java:newHttpServer2BuilderForOzone(213)) - Starting Web-server for ozoneManager at: http://0.0.0.0:0
2022-09-08 01:53:12,777 [Listener at 127.0.0.1/38893] INFO  http.BaseHttpServer (BaseHttpServer.java:<init>(108)) - Hadoop Security Enabled: false Ozone Security Enabled: false Ozone HTTP Security Enabled: false 
2022-09-08 01:53:12,778 [Listener at 127.0.0.1/38893] INFO  server.AuthenticationFilter (AuthenticationFilter.java:constructSecretProvider(240)) - Unable to initialize FileSignerSecretProvider, falling back to use random secrets.
2022-09-08 01:53:12,782 [Listener at 127.0.0.1/38893] WARN  http.HttpRequestLog (HttpRequestLog.java:getRequestLog(103)) - Jetty request log can only be enabled using Log4j
2022-09-08 01:53:12,783 [Listener at 127.0.0.1/38893] INFO  http.HttpServer2 (HttpServer2.java:addGlobalFilter(1029)) - Added global filter 'safety' (class=org.apache.hadoop.hdds.server.http.HttpServer2$QuotingInputFilter)
2022-09-08 01:53:12,784 [Listener at 127.0.0.1/38893] INFO  http.HttpServer2 (HttpServer2.java:addFilter(1005)) - Added filter static_user_filter (class=org.apache.hadoop.http.lib.StaticUserWebFilter$StaticUserFilter) to context ozoneManager
2022-09-08 01:53:12,784 [Listener at 127.0.0.1/38893] INFO  http.HttpServer2 (HttpServer2.java:addFilter(1013)) - Added filter static_user_filter (class=org.apache.hadoop.http.lib.StaticUserWebFilter$StaticUserFilter) to context static
2022-09-08 01:53:12,784 [Listener at 127.0.0.1/38893] INFO  http.HttpServer2 (HttpServer2.java:addFilter(1013)) - Added filter static_user_filter (class=org.apache.hadoop.http.lib.StaticUserWebFilter$StaticUserFilter) to context logs
2022-09-08 01:53:12,798 [Listener at 127.0.0.1/38893] INFO  http.HttpServer2 (HttpServer2.java:bindListener(1248)) - Jetty bound to port 38077
2022-09-08 01:53:12,798 [Listener at 127.0.0.1/38893] INFO  server.Server (Server.java:doStart(375)) - jetty-9.4.43.v20210629; built: 2021-06-30T11:07:22.254Z; git: 526006ecfa3af7f1a27ef3a288e2bef7ea9dd7e8; jvm 1.8.0_345-b01
2022-09-08 01:53:12,812 [Listener at 127.0.0.1/38893] INFO  server.session (DefaultSessionIdManager.java:doStart(334)) - DefaultSessionIdManager workerName=node0
2022-09-08 01:53:12,812 [Listener at 127.0.0.1/38893] INFO  server.session (DefaultSessionIdManager.java:doStart(339)) - No SessionScavenger set, using defaults
2022-09-08 01:53:12,812 [Listener at 127.0.0.1/38893] INFO  server.session (HouseKeeper.java:startScavenging(132)) - node0 Scavenging every 660000ms
2022-09-08 01:53:12,813 [Listener at 127.0.0.1/38893] INFO  handler.ContextHandler (ContextHandler.java:doStart(915)) - Started o.e.j.s.ServletContextHandler@f854303{logs,/logs,file:///home/runner/work/ozone/ozone/hadoop-ozone/integration-test/target/log,AVAILABLE}
2022-09-08 01:53:12,813 [Listener at 127.0.0.1/38893] INFO  handler.ContextHandler (ContextHandler.java:doStart(915)) - Started o.e.j.s.ServletContextHandler@19c20d72{static,/static,file:///home/runner/work/ozone/ozone/hadoop-ozone/integration-test/target/test-classes/webapps/static,AVAILABLE}
2022-09-08 01:53:12,820 [Listener at 127.0.0.1/38893] INFO  handler.ContextHandler (ContextHandler.java:doStart(915)) - Started o.e.j.w.WebAppContext@7d622313{ozoneManager,/,file:///home/runner/work/ozone/ozone/hadoop-ozone/integration-test/target/test-classes/webapps/ozoneManager/,AVAILABLE}{file:/home/runner/work/ozone/ozone/hadoop-ozone/integration-test/target/test-classes/webapps/ozoneManager}
2022-09-08 01:53:12,841 [Listener at 127.0.0.1/38893] INFO  server.AbstractConnector (AbstractConnector.java:doStart(331)) - Started ServerConnector@4b2b7e3e{HTTP/1.1, (http/1.1)}{0.0.0.0:38077}
2022-09-08 01:53:12,841 [Listener at 127.0.0.1/38893] INFO  server.Server (Server.java:doStart(415)) - Started @124404ms
2022-09-08 01:53:12,841 [Listener at 127.0.0.1/38893] WARN  impl.MetricsSystemImpl (MetricsSystemImpl.java:register(279)) - Sink prometheus already exists!
2022-09-08 01:53:12,845 [Listener at 127.0.0.1/38893] INFO  http.BaseHttpServer (BaseHttpServer.java:updateConnectorAddress(333)) - HTTP server of ozoneManager listening at http://0.0.0.0:38077
2022-09-08 01:53:12,853 [IPC Server Responder] INFO  ipc.Server (Server.java:run(1507)) - IPC Server Responder: starting
2022-09-08 01:53:12,861 [IPC Server listener on 0] INFO  ipc.Server (Server.java:run(1344)) - IPC Server listener on 0: starting
2022-09-08 01:53:12,888 [Listener at 127.0.0.1/38893] INFO  om.OzoneManager (OzoneManager.java:startTrashEmptier(1917)) - Trash Interval set to 0. Files deleted won't move to trash
2022-09-08 01:53:12,939 [Listener at 127.0.0.1/38893] WARN  impl.MetricRegistriesImpl (MetricRegistriesImpl.java:addReporterRegistration(111)) - New reporters are added after registries were created. Some metrics will be missing from the reporter. Please add reporter before adding any new registry.
2022-09-08 01:53:12,939 [Listener at 127.0.0.1/38893] WARN  impl.MetricRegistriesImpl (MetricRegistriesImpl.java:addReporterRegistration(111)) - New reporters are added after registries were created. Some metrics will be missing from the reporter. Please add reporter before adding any new registry.
2022-09-08 01:53:12,939 [Listener at 127.0.0.1/38893] INFO  impl.MetricsSystemImpl (MetricsSystemImpl.java:init(158)) - HddsDatanode metrics system started (again)
2022-09-08 01:53:12,953 [org.apache.hadoop.util.JvmPauseMonitor$Monitor@71b85c62] INFO  util.JvmPauseMonitor (JvmPauseMonitor.java:run(188)) - Starting JVM pause monitor
2022-09-08 01:53:12,986 [Listener at 127.0.0.1/38893] INFO  ozone.HddsDatanodeService (HddsDatanodeService.java:start(236)) - HddsDatanodeService host:fv-az38-857.qiceih3q1hfe5a3ai3y3qk2fta.cx.internal.cloudapp.net ip:10.1.1.0
2022-09-08 01:53:13,057 [Listener at 127.0.0.1/38893] INFO  upgrade.AbstractLayoutVersionManager (AbstractLayoutVersionManager.java:init(83)) - Initializing Layout version manager with metadata layout = DATANODE_SCHEMA_V3 (version = 4), software layout = DATANODE_SCHEMA_V3 (version = 4)
2022-09-08 01:53:13,148 [Listener at 127.0.0.1/38893] INFO  reflections.Reflections (Reflections.java:scan(232)) - Reflections took 86 ms to scan 7 urls, producing 133 keys and 322 values 
2022-09-08 01:53:13,155 [Listener at 127.0.0.1/38893] INFO  statemachine.DatanodeStateMachine (DatanodeStateMachine.java:getEndPointTaskThreadPoolSize(237)) - Datanode State Machine Task Thread Pool size 2
2022-09-08 01:53:13,156 [Listener at 127.0.0.1/38893] INFO  volume.HddsVolume (HddsVolume.java:<init>(117)) - Creating HddsVolume: /home/runner/work/ozone/ozone/hadoop-ozone/integration-test/target/test-dir/MiniOzoneClusterImpl-82e34331-d350-4f2b-a416-c6d91b571450/datanode-0/data-0/containers/hdds of storage type : DISK capacity : 9223372036854775807
2022-09-08 01:53:13,156 [Listener at 127.0.0.1/38893] INFO  volume.MutableVolumeSet (MutableVolumeSet.java:initializeVolumeSet(174)) - Added Volume : /home/runner/work/ozone/ozone/hadoop-ozone/integration-test/target/test-dir/MiniOzoneClusterImpl-82e34331-d350-4f2b-a416-c6d91b571450/datanode-0/data-0/containers/hdds to VolumeSet
2022-09-08 01:53:13,162 [Listener at 127.0.0.1/38893] INFO  volume.ThrottledAsyncChecker (ThrottledAsyncChecker.java:schedule(141)) - Scheduling a check for /home/runner/work/ozone/ozone/hadoop-ozone/integration-test/target/test-dir/MiniOzoneClusterImpl-82e34331-d350-4f2b-a416-c6d91b571450/datanode-0/data-0/containers/hdds
2022-09-08 01:53:13,164 [Listener at 127.0.0.1/38893] INFO  volume.StorageVolumeChecker (StorageVolumeChecker.java:checkAllVolumes(202)) - Scheduled health check for volume /home/runner/work/ozone/ozone/hadoop-ozone/integration-test/target/test-dir/MiniOzoneClusterImpl-82e34331-d350-4f2b-a416-c6d91b571450/datanode-0/data-0/containers/hdds
2022-09-08 01:53:13,203 [Listener at 127.0.0.1/38893] INFO  volume.MutableVolumeSet (MutableVolumeSet.java:initializeVolumeSet(174)) - Added Volume : /home/runner/work/ozone/ozone/hadoop-ozone/integration-test/target/test-dir/MiniOzoneClusterImpl-82e34331-d350-4f2b-a416-c6d91b571450/datanode-0/data/ratis to VolumeSet
2022-09-08 01:53:13,203 [Listener at 127.0.0.1/38893] INFO  volume.ThrottledAsyncChecker (ThrottledAsyncChecker.java:schedule(141)) - Scheduling a check for /home/runner/work/ozone/ozone/hadoop-ozone/integration-test/target/test-dir/MiniOzoneClusterImpl-82e34331-d350-4f2b-a416-c6d91b571450/datanode-0/data/ratis
2022-09-08 01:53:13,205 [Listener at 127.0.0.1/38893] INFO  volume.StorageVolumeChecker (StorageVolumeChecker.java:checkAllVolumes(202)) - Scheduled health check for volume /home/runner/work/ozone/ozone/hadoop-ozone/integration-test/target/test-dir/MiniOzoneClusterImpl-82e34331-d350-4f2b-a416-c6d91b571450/datanode-0/data/ratis
2022-09-08 01:53:13,245 [Thread-957] INFO  ozoneimpl.ContainerReader (ContainerReader.java:readVolume(175)) - Finish verifying containers on volume /home/runner/work/ozone/ozone/hadoop-ozone/integration-test/target/test-dir/MiniOzoneClusterImpl-82e34331-d350-4f2b-a416-c6d91b571450/datanode-0/data-0/containers/hdds
2022-09-08 01:53:13,245 [Listener at 127.0.0.1/38893] INFO  ozoneimpl.OzoneContainer (OzoneContainer.java:buildContainerSet(300)) - Build ContainerSet costs 0s
2022-09-08 01:53:13,247 [Listener at 127.0.0.1/38893] INFO  server.RaftServer (ConfUtils.java:logGet(46)) - raft.rpc.type = GRPC (default)
2022-09-08 01:53:13,247 [Listener at 127.0.0.1/38893] INFO  grpc.GrpcFactory (GrpcFactory.java:checkPooledByteBufAllocatorUseCacheForAllThreads(48)) - PERFORMANCE WARNING: useCacheForAllThreads is true that may cause Netty to create a lot garbage objects and, as a result, trigger GC.
	It is recommended to disable useCacheForAllThreads by setting -Dorg.apache.ratis.thirdparty.io.netty.allocator.useCacheForAllThreads=false in command line.
2022-09-08 01:53:13,247 [Listener at 127.0.0.1/38893] INFO  grpc.GrpcConfigKeys (ConfUtils.java:logGet(46)) - raft.grpc.admin.port = 0 (custom)
2022-09-08 01:53:13,247 [Listener at 127.0.0.1/38893] INFO  grpc.GrpcConfigKeys (ConfUtils.java:logGet(46)) - raft.grpc.client.port = 0 (custom)
2022-09-08 01:53:13,248 [Listener at 127.0.0.1/38893] INFO  grpc.GrpcConfigKeys (ConfUtils.java:logGet(46)) - raft.grpc.server.port = 0 (default)
2022-09-08 01:53:13,248 [Listener at 127.0.0.1/38893] INFO  server.GrpcService (ConfUtils.java:logGet(46)) - raft.grpc.message.size.max = 32MB (=33554432) (custom)
2022-09-08 01:53:13,248 [Listener at 127.0.0.1/38893] INFO  server.RaftServerConfigKeys (ConfUtils.java:logGet(46)) - raft.server.log.appender.buffer.byte-limit = 33554432 (custom)
2022-09-08 01:53:13,248 [Listener at 127.0.0.1/38893] INFO  server.GrpcService (ConfUtils.java:logGet(46)) - raft.grpc.flow.control.window = 5MB (=5242880) (custom)
2022-09-08 01:53:13,248 [Listener at 127.0.0.1/38893] INFO  server.RaftServerConfigKeys (ConfUtils.java:logGet(46)) - raft.server.rpc.request.timeout = 60s (custom)
2022-09-08 01:53:13,248 [Listener at 127.0.0.1/38893] INFO  grpc.GrpcConfigKeys (ConfUtils.java:logGet(46)) - raft.grpc.server.async.request.thread.pool.cached = true (default)
2022-09-08 01:53:13,248 [Listener at 127.0.0.1/38893] INFO  grpc.GrpcConfigKeys (ConfUtils.java:logGet(46)) - raft.grpc.server.async.request.thread.pool.size = 32 (default)
2022-09-08 01:53:13,250 [Listener at 127.0.0.1/38893] INFO  impl.DataStreamServerImpl (ConfUtils.java:logGet(46)) - raft.datastream.type = DISABLED (default)
2022-09-08 01:53:13,250 [Listener at 127.0.0.1/38893] INFO  server.RaftServerConfigKeys (ConfUtils.java:logGet(46)) - raft.server.threadpool.proxy.cached = true (default)
2022-09-08 01:53:13,250 [Listener at 127.0.0.1/38893] INFO  server.RaftServerConfigKeys (ConfUtils.java:logGet(46)) - raft.server.threadpool.proxy.size = 0 (default)
2022-09-08 01:53:13,250 [Listener at 127.0.0.1/38893] INFO  server.RaftServerConfigKeys (ConfUtils.java:logGet(46)) - raft.server.rpc.slowness.timeout = 300s (custom)
2022-09-08 01:53:13,250 [Listener at 127.0.0.1/38893] INFO  server.RaftServerConfigKeys (ConfUtils.java:logGet(46)) - raft.server.leaderelection.leader.step-down.wait-time = 10s (default)
2022-09-08 01:53:13,250 [Listener at 127.0.0.1/38893] INFO  server.RaftServerConfigKeys (ConfUtils.java:logGet(46)) - raft.server.storage.dir = [/home/runner/work/ozone/ozone/hadoop-ozone/integration-test/target/test-dir/MiniOzoneClusterImpl-82e34331-d350-4f2b-a416-c6d91b571450/datanode-0/data/ratis] (custom)
2022-09-08 01:53:13,253 [Listener at 127.0.0.1/38893] INFO  server.XceiverServerGrpc (XceiverServerGrpc.java:<init>(132)) - GrpcServer channel type EpollServerSocketChannel
2022-09-08 01:53:13,260 [Listener at 127.0.0.1/38893] INFO  http.BaseHttpServer (BaseHttpServer.java:newHttpServer2BuilderForOzone(213)) - Starting Web-server for hddsDatanode at: http://0.0.0.0:0
2022-09-08 01:53:13,260 [Listener at 127.0.0.1/38893] INFO  http.BaseHttpServer (BaseHttpServer.java:<init>(108)) - Hadoop Security Enabled: false Ozone Security Enabled: false Ozone HTTP Security Enabled: false 
2022-09-08 01:53:13,274 [Listener at 127.0.0.1/38893] INFO  server.AuthenticationFilter (AuthenticationFilter.java:constructSecretProvider(240)) - Unable to initialize FileSignerSecretProvider, falling back to use random secrets.
2022-09-08 01:53:13,275 [Listener at 127.0.0.1/38893] WARN  http.HttpRequestLog (HttpRequestLog.java:getRequestLog(103)) - Jetty request log can only be enabled using Log4j
2022-09-08 01:53:13,276 [Listener at 127.0.0.1/38893] INFO  http.HttpServer2 (HttpServer2.java:addGlobalFilter(1029)) - Added global filter 'safety' (class=org.apache.hadoop.hdds.server.http.HttpServer2$QuotingInputFilter)
2022-09-08 01:53:13,284 [Listener at 127.0.0.1/38893] INFO  http.HttpServer2 (HttpServer2.java:addFilter(1005)) - Added filter static_user_filter (class=org.apache.hadoop.http.lib.StaticUserWebFilter$StaticUserFilter) to context hddsDatanode
2022-09-08 01:53:13,284 [Listener at 127.0.0.1/38893] INFO  http.HttpServer2 (HttpServer2.java:addFilter(1013)) - Added filter static_user_filter (class=org.apache.hadoop.http.lib.StaticUserWebFilter$StaticUserFilter) to context logs
2022-09-08 01:53:13,284 [Listener at 127.0.0.1/38893] INFO  http.HttpServer2 (HttpServer2.java:addFilter(1013)) - Added filter static_user_filter (class=org.apache.hadoop.http.lib.StaticUserWebFilter$StaticUserFilter) to context static
2022-09-08 01:53:13,285 [Listener at 127.0.0.1/38893] INFO  http.HttpServer2 (HttpServer2.java:bindListener(1248)) - Jetty bound to port 39421
2022-09-08 01:53:13,285 [Listener at 127.0.0.1/38893] INFO  server.Server (Server.java:doStart(375)) - jetty-9.4.43.v20210629; built: 2021-06-30T11:07:22.254Z; git: 526006ecfa3af7f1a27ef3a288e2bef7ea9dd7e8; jvm 1.8.0_345-b01
2022-09-08 01:53:13,304 [Listener at 127.0.0.1/38893] INFO  server.session (DefaultSessionIdManager.java:doStart(334)) - DefaultSessionIdManager workerName=node0
2022-09-08 01:53:13,305 [Listener at 127.0.0.1/38893] INFO  server.session (DefaultSessionIdManager.java:doStart(339)) - No SessionScavenger set, using defaults
2022-09-08 01:53:13,305 [Listener at 127.0.0.1/38893] INFO  server.session (HouseKeeper.java:startScavenging(132)) - node0 Scavenging every 600000ms
2022-09-08 01:53:13,305 [Listener at 127.0.0.1/38893] INFO  handler.ContextHandler (ContextHandler.java:doStart(915)) - Started o.e.j.s.ServletContextHandler@503c1b50{logs,/logs,file:///home/runner/work/ozone/ozone/hadoop-ozone/integration-test/target/log,AVAILABLE}
2022-09-08 01:53:13,306 [Listener at 127.0.0.1/38893] INFO  handler.ContextHandler (ContextHandler.java:doStart(915)) - Started o.e.j.s.ServletContextHandler@7a176868{static,/static,jar:file:/home/runner/.m2/repository/org/apache/ozone/hdds-container-service/1.3.0-SNAPSHOT/hdds-container-service-1.3.0-SNAPSHOT.jar!/webapps/static,AVAILABLE}
2022-09-08 01:53:13,625 [Listener at 127.0.0.1/38893] INFO  handler.ContextHandler (ContextHandler.java:doStart(915)) - Started o.e.j.w.WebAppContext@570adc04{hddsDatanode,/,file:///tmp/jetty-0_0_0_0-39421-hdds-container-service-1_3_0-SNAPSHOT_jar-_-any-8307107204548847427/webapp/,AVAILABLE}{jar:file:/home/runner/.m2/repository/org/apache/ozone/hdds-container-service/1.3.0-SNAPSHOT/hdds-container-service-1.3.0-SNAPSHOT.jar!/webapps/hddsDatanode}
2022-09-08 01:53:13,657 [Listener at 127.0.0.1/38893] INFO  server.AbstractConnector (AbstractConnector.java:doStart(331)) - Started ServerConnector@b1f8fa6{HTTP/1.1, (http/1.1)}{0.0.0.0:39421}
2022-09-08 01:53:13,657 [Listener at 127.0.0.1/38893] INFO  server.Server (Server.java:doStart(415)) - Started @125221ms
2022-09-08 01:53:13,657 [Listener at 127.0.0.1/38893] WARN  impl.MetricsSystemImpl (MetricsSystemImpl.java:register(279)) - Sink prometheus already exists!
2022-09-08 01:53:13,658 [Listener at 127.0.0.1/38893] INFO  http.BaseHttpServer (BaseHttpServer.java:updateConnectorAddress(333)) - HTTP server of hddsDatanode listening at http://0.0.0.0:39421
2022-09-08 01:53:13,665 [Listener at 127.0.0.1/38893] WARN  impl.MetricRegistriesImpl (MetricRegistriesImpl.java:addReporterRegistration(111)) - New reporters are added after registries were created. Some metrics will be missing from the reporter. Please add reporter before adding any new registry.
2022-09-08 01:53:13,665 [Listener at 127.0.0.1/38893] WARN  impl.MetricRegistriesImpl (MetricRegistriesImpl.java:addReporterRegistration(111)) - New reporters are added after registries were created. Some metrics will be missing from the reporter. Please add reporter before adding any new registry.
2022-09-08 01:53:13,666 [Listener at 127.0.0.1/38893] INFO  impl.MetricsSystemImpl (MetricsSystemImpl.java:init(158)) - HddsDatanode metrics system started (again)
2022-09-08 01:53:13,672 [Datanode State Machine Daemon Thread] INFO  statemachine.DatanodeStateMachine (DatanodeStateMachine.java:lambda$startDaemon$0(492)) - Ozone container server started.
2022-09-08 01:53:13,696 [Listener at 127.0.0.1/38893] INFO  ozone.HddsDatanodeService (HddsDatanodeService.java:start(236)) - HddsDatanodeService host:fv-az38-857.qiceih3q1hfe5a3ai3y3qk2fta.cx.internal.cloudapp.net ip:10.1.1.0
2022-09-08 01:53:13,713 [org.apache.hadoop.util.JvmPauseMonitor$Monitor@2448683c] INFO  util.JvmPauseMonitor (JvmPauseMonitor.java:run(188)) - Starting JVM pause monitor
2022-09-08 01:53:13,731 [Datanode State Machine Task Thread - 0] INFO  datanode.InitDatanodeState (InitDatanodeState.java:persistContainerDatanodeDetails(138)) - DatanodeDetails is persisted to /home/runner/work/ozone/ozone/hadoop-ozone/integration-test/target/test-dir/MiniOzoneClusterImpl-82e34331-d350-4f2b-a416-c6d91b571450/datanode-0/meta/datanode.id
2022-09-08 01:53:13,740 [Listener at 127.0.0.1/38893] INFO  upgrade.AbstractLayoutVersionManager (AbstractLayoutVersionManager.java:init(83)) - Initializing Layout version manager with metadata layout = DATANODE_SCHEMA_V3 (version = 4), software layout = DATANODE_SCHEMA_V3 (version = 4)
2022-09-08 01:53:13,886 [om1@group-C5BA1605619E-FollowerState] INFO  impl.FollowerState (FollowerState.java:run(143)) - om1@group-C5BA1605619E-FollowerState: change to CANDIDATE, lastRpcElapsedTime:1193790613ns, electionTimeout:1161ms
2022-09-08 01:53:13,887 [om1@group-C5BA1605619E-FollowerState] INFO  impl.RoleInfo (RoleInfo.java:shutdownFollowerState(110)) - om1: shutdown om1@group-C5BA1605619E-FollowerState
2022-09-08 01:53:13,887 [om1@group-C5BA1605619E-FollowerState] INFO  server.RaftServer$Division (RaftServerImpl.java:setRole(299)) - om1@group-C5BA1605619E: changes role from  FOLLOWER to CANDIDATE at term 0 for changeToCandidate
2022-09-08 01:53:13,887 [om1@group-C5BA1605619E-FollowerState] INFO  server.RaftServerConfigKeys (ConfUtils.java:logGet(46)) - raft.server.leaderelection.pre-vote = false (custom)
2022-09-08 01:53:13,887 [om1@group-C5BA1605619E-FollowerState] INFO  impl.RoleInfo (RoleInfo.java:updateAndGet(139)) - om1: start om1@group-C5BA1605619E-LeaderElection34
2022-09-08 01:53:13,891 [Listener at 127.0.0.1/38893] INFO  reflections.Reflections (Reflections.java:scan(232)) - Reflections took 108 ms to scan 7 urls, producing 133 keys and 322 values 
2022-09-08 01:53:13,892 [Listener at 127.0.0.1/38893] INFO  statemachine.DatanodeStateMachine (DatanodeStateMachine.java:getEndPointTaskThreadPoolSize(237)) - Datanode State Machine Task Thread Pool size 2
2022-09-08 01:53:13,948 [Listener at 127.0.0.1/38893] INFO  volume.HddsVolume (HddsVolume.java:<init>(117)) - Creating HddsVolume: /home/runner/work/ozone/ozone/hadoop-ozone/integration-test/target/test-dir/MiniOzoneClusterImpl-82e34331-d350-4f2b-a416-c6d91b571450/datanode-1/data-0/containers/hdds of storage type : DISK capacity : 9223372036854775807
2022-09-08 01:53:13,949 [om1@group-C5BA1605619E-LeaderElection34] INFO  impl.LeaderElection (LeaderElection.java:askForVotes(310)) - om1@group-C5BA1605619E-LeaderElection34 ELECTION round 0: submit vote requests at term 1 for -1: [om1|rpc:localhost:9872|priority:0], old=null
2022-09-08 01:53:13,953 [Listener at 127.0.0.1/38893] INFO  volume.MutableVolumeSet (MutableVolumeSet.java:initializeVolumeSet(174)) - Added Volume : /home/runner/work/ozone/ozone/hadoop-ozone/integration-test/target/test-dir/MiniOzoneClusterImpl-82e34331-d350-4f2b-a416-c6d91b571450/datanode-1/data-0/containers/hdds to VolumeSet
2022-09-08 01:53:13,953 [om1@group-C5BA1605619E-LeaderElection34] INFO  impl.LeaderElection (LeaderElection.java:askForVotes(312)) - om1@group-C5BA1605619E-LeaderElection34 ELECTION round 0: result PASSED (term=1)
2022-09-08 01:53:13,953 [om1@group-C5BA1605619E-LeaderElection34] INFO  impl.RoleInfo (RoleInfo.java:shutdownLeaderElection(130)) - om1: shutdown om1@group-C5BA1605619E-LeaderElection34
2022-09-08 01:53:13,953 [Listener at 127.0.0.1/38893] INFO  volume.ThrottledAsyncChecker (ThrottledAsyncChecker.java:schedule(141)) - Scheduling a check for /home/runner/work/ozone/ozone/hadoop-ozone/integration-test/target/test-dir/MiniOzoneClusterImpl-82e34331-d350-4f2b-a416-c6d91b571450/datanode-1/data-0/containers/hdds
2022-09-08 01:53:13,953 [om1@group-C5BA1605619E-LeaderElection34] INFO  server.RaftServer$Division (RaftServerImpl.java:setRole(299)) - om1@group-C5BA1605619E: changes role from CANDIDATE to LEADER at term 1 for changeToLeader
2022-09-08 01:53:13,953 [om1@group-C5BA1605619E-LeaderElection34] INFO  server.RaftServer$Division (ServerState.java:setLeader(287)) - om1@group-C5BA1605619E: change Leader from null to om1 at term 1 for becomeLeader, leader elected after 2396ms
2022-09-08 01:53:13,953 [om1@group-C5BA1605619E-LeaderElection34] INFO  server.RaftServerConfigKeys (ConfUtils.java:logGet(46)) - raft.server.staging.catchup.gap = 1000 (default)
2022-09-08 01:53:13,961 [om1@group-C5BA1605619E-LeaderElection34] INFO  server.RaftServerConfigKeys (ConfUtils.java:logGet(46)) - raft.server.write.element-limit = 4096 (default)
2022-09-08 01:53:13,961 [om1@group-C5BA1605619E-LeaderElection34] INFO  server.RaftServerConfigKeys (ConfUtils.java:logGet(46)) - raft.server.write.byte-limit = 64MB (=67108864) (default)
2022-09-08 01:53:13,961 [om1@group-C5BA1605619E-LeaderElection34] INFO  server.RaftServerConfigKeys (ConfUtils.java:logGet(46)) - raft.server.watch.timeout = 10s (default)
2022-09-08 01:53:13,962 [om1@group-C5BA1605619E-LeaderElection34] INFO  server.RaftServerConfigKeys (ConfUtils.java:logGet(46)) - raft.server.watch.timeout.denomination = 1s (default)
2022-09-08 01:53:13,962 [om1@group-C5BA1605619E-LeaderElection34] INFO  server.RaftServerConfigKeys (ConfUtils.java:logGet(46)) - raft.server.watch.element-limit = 65536 (default)
2022-09-08 01:53:13,962 [om1@group-C5BA1605619E-LeaderElection34] INFO  server.RaftServerConfigKeys (ConfUtils.java:logGet(46)) - raft.server.write.element-limit = 4096 (default)
2022-09-08 01:53:13,962 [om1@group-C5BA1605619E-LeaderElection34] INFO  server.RaftServerConfigKeys (ConfUtils.java:logGet(46)) - raft.server.write.follower.gap.ratio.max = -1.0 (default)
2022-09-08 01:53:13,962 [om1@group-C5BA1605619E-LeaderElection34] INFO  impl.RoleInfo (RoleInfo.java:updateAndGet(139)) - om1: start om1@group-C5BA1605619E-LeaderStateImpl
2022-09-08 01:53:13,962 [om1@group-C5BA1605619E-LeaderElection34] INFO  segmented.SegmentedRaftLogWorker (SegmentedRaftLogWorker.java:startLogSegment(425)) - om1@group-C5BA1605619E-SegmentedRaftLogWorker: Starting segment from index:0
2022-09-08 01:53:13,980 [Listener at 127.0.0.1/38893] INFO  volume.StorageVolumeChecker (StorageVolumeChecker.java:checkAllVolumes(202)) - Scheduled health check for volume /home/runner/work/ozone/ozone/hadoop-ozone/integration-test/target/test-dir/MiniOzoneClusterImpl-82e34331-d350-4f2b-a416-c6d91b571450/datanode-1/data-0/containers/hdds
2022-09-08 01:53:13,996 [om1@group-C5BA1605619E-LeaderElection34] INFO  server.RaftServer$Division (ServerState.java:setRaftConf(393)) - om1@group-C5BA1605619E: set configuration 0: [om1|rpc:localhost:9872|admin:|client:|dataStream:|priority:0], old=null
2022-09-08 01:53:14,020 [om1@group-C5BA1605619E-SegmentedRaftLogWorker] INFO  segmented.SegmentedRaftLogWorker (SegmentedRaftLogWorker.java:execute(629)) - om1@group-C5BA1605619E-SegmentedRaftLogWorker: created new log segment /home/runner/work/ozone/ozone/hadoop-ozone/integration-test/target/test-dir/MiniOzoneClusterImpl-82e34331-d350-4f2b-a416-c6d91b571450/ozone-meta/ratis/bf265839-605b-3f16-9796-c5ba1605619e/current/log_inprogress_0
2022-09-08 01:53:14,025 [om1@group-C5BA1605619E-StateMachineUpdater] INFO  ratis.OzoneManagerStateMachine (OzoneManagerStateMachine.java:notifyConfigurationChanged(192)) - Received Configuration change notification from Ratis. New Peer list:
[id: "om1"
address: "localhost:9872"
]
2022-09-08 01:53:14,029 [Listener at 127.0.0.1/38893] INFO  volume.MutableVolumeSet (MutableVolumeSet.java:initializeVolumeSet(174)) - Added Volume : /home/runner/work/ozone/ozone/hadoop-ozone/integration-test/target/test-dir/MiniOzoneClusterImpl-82e34331-d350-4f2b-a416-c6d91b571450/datanode-1/data/ratis to VolumeSet
2022-09-08 01:53:14,029 [Listener at 127.0.0.1/38893] INFO  volume.ThrottledAsyncChecker (ThrottledAsyncChecker.java:schedule(141)) - Scheduling a check for /home/runner/work/ozone/ozone/hadoop-ozone/integration-test/target/test-dir/MiniOzoneClusterImpl-82e34331-d350-4f2b-a416-c6d91b571450/datanode-1/data/ratis
2022-09-08 01:53:14,030 [Listener at 127.0.0.1/38893] INFO  volume.StorageVolumeChecker (StorageVolumeChecker.java:checkAllVolumes(202)) - Scheduled health check for volume /home/runner/work/ozone/ozone/hadoop-ozone/integration-test/target/test-dir/MiniOzoneClusterImpl-82e34331-d350-4f2b-a416-c6d91b571450/datanode-1/data/ratis
2022-09-08 01:53:14,073 [Thread-972] INFO  ozoneimpl.ContainerReader (ContainerReader.java:readVolume(175)) - Finish verifying containers on volume /home/runner/work/ozone/ozone/hadoop-ozone/integration-test/target/test-dir/MiniOzoneClusterImpl-82e34331-d350-4f2b-a416-c6d91b571450/datanode-1/data-0/containers/hdds
2022-09-08 01:53:14,073 [Listener at 127.0.0.1/38893] INFO  ozoneimpl.OzoneContainer (OzoneContainer.java:buildContainerSet(300)) - Build ContainerSet costs 0s
2022-09-08 01:53:14,075 [Listener at 127.0.0.1/38893] INFO  server.RaftServer (ConfUtils.java:logGet(46)) - raft.rpc.type = GRPC (default)
2022-09-08 01:53:14,075 [Listener at 127.0.0.1/38893] INFO  grpc.GrpcFactory (GrpcFactory.java:checkPooledByteBufAllocatorUseCacheForAllThreads(48)) - PERFORMANCE WARNING: useCacheForAllThreads is true that may cause Netty to create a lot garbage objects and, as a result, trigger GC.
	It is recommended to disable useCacheForAllThreads by setting -Dorg.apache.ratis.thirdparty.io.netty.allocator.useCacheForAllThreads=false in command line.
2022-09-08 01:53:14,075 [Listener at 127.0.0.1/38893] INFO  grpc.GrpcConfigKeys (ConfUtils.java:logGet(46)) - raft.grpc.admin.port = 0 (custom)
2022-09-08 01:53:14,076 [Listener at 127.0.0.1/38893] INFO  grpc.GrpcConfigKeys (ConfUtils.java:logGet(46)) - raft.grpc.client.port = 0 (custom)
2022-09-08 01:53:14,076 [Listener at 127.0.0.1/38893] INFO  grpc.GrpcConfigKeys (ConfUtils.java:logGet(46)) - raft.grpc.server.port = 0 (default)
2022-09-08 01:53:14,076 [Listener at 127.0.0.1/38893] INFO  server.GrpcService (ConfUtils.java:logGet(46)) - raft.grpc.message.size.max = 32MB (=33554432) (custom)
2022-09-08 01:53:14,076 [Listener at 127.0.0.1/38893] INFO  server.RaftServerConfigKeys (ConfUtils.java:logGet(46)) - raft.server.log.appender.buffer.byte-limit = 33554432 (custom)
2022-09-08 01:53:14,076 [Listener at 127.0.0.1/38893] INFO  server.GrpcService (ConfUtils.java:logGet(46)) - raft.grpc.flow.control.window = 5MB (=5242880) (custom)
2022-09-08 01:53:14,076 [Listener at 127.0.0.1/38893] INFO  server.RaftServerConfigKeys (ConfUtils.java:logGet(46)) - raft.server.rpc.request.timeout = 60s (custom)
2022-09-08 01:53:14,076 [Listener at 127.0.0.1/38893] INFO  grpc.GrpcConfigKeys (ConfUtils.java:logGet(46)) - raft.grpc.server.async.request.thread.pool.cached = true (default)
2022-09-08 01:53:14,076 [Listener at 127.0.0.1/38893] INFO  grpc.GrpcConfigKeys (ConfUtils.java:logGet(46)) - raft.grpc.server.async.request.thread.pool.size = 32 (default)
2022-09-08 01:53:14,078 [Listener at 127.0.0.1/38893] INFO  impl.DataStreamServerImpl (ConfUtils.java:logGet(46)) - raft.datastream.type = DISABLED (default)
2022-09-08 01:53:14,078 [Listener at 127.0.0.1/38893] INFO  server.RaftServerConfigKeys (ConfUtils.java:logGet(46)) - raft.server.threadpool.proxy.cached = true (default)
2022-09-08 01:53:14,078 [Listener at 127.0.0.1/38893] INFO  server.RaftServerConfigKeys (ConfUtils.java:logGet(46)) - raft.server.threadpool.proxy.size = 0 (default)
2022-09-08 01:53:14,078 [Listener at 127.0.0.1/38893] INFO  server.RaftServerConfigKeys (ConfUtils.java:logGet(46)) - raft.server.rpc.slowness.timeout = 300s (custom)
2022-09-08 01:53:14,078 [Listener at 127.0.0.1/38893] INFO  server.RaftServerConfigKeys (ConfUtils.java:logGet(46)) - raft.server.leaderelection.leader.step-down.wait-time = 10s (default)
2022-09-08 01:53:14,078 [Listener at 127.0.0.1/38893] INFO  server.RaftServerConfigKeys (ConfUtils.java:logGet(46)) - raft.server.storage.dir = [/home/runner/work/ozone/ozone/hadoop-ozone/integration-test/target/test-dir/MiniOzoneClusterImpl-82e34331-d350-4f2b-a416-c6d91b571450/datanode-1/data/ratis] (custom)
2022-09-08 01:53:14,081 [Listener at 127.0.0.1/38893] INFO  server.XceiverServerGrpc (XceiverServerGrpc.java:<init>(132)) - GrpcServer channel type EpollServerSocketChannel
2022-09-08 01:53:14,093 [Listener at 127.0.0.1/38893] INFO  http.BaseHttpServer (BaseHttpServer.java:newHttpServer2BuilderForOzone(213)) - Starting Web-server for hddsDatanode at: http://0.0.0.0:0
2022-09-08 01:53:14,093 [Listener at 127.0.0.1/38893] INFO  http.BaseHttpServer (BaseHttpServer.java:<init>(108)) - Hadoop Security Enabled: false Ozone Security Enabled: false Ozone HTTP Security Enabled: false 
2022-09-08 01:53:14,094 [Listener at 127.0.0.1/38893] INFO  server.AuthenticationFilter (AuthenticationFilter.java:constructSecretProvider(240)) - Unable to initialize FileSignerSecretProvider, falling back to use random secrets.
2022-09-08 01:53:14,095 [Listener at 127.0.0.1/38893] WARN  http.HttpRequestLog (HttpRequestLog.java:getRequestLog(103)) - Jetty request log can only be enabled using Log4j
2022-09-08 01:53:14,096 [Listener at 127.0.0.1/38893] INFO  http.HttpServer2 (HttpServer2.java:addGlobalFilter(1029)) - Added global filter 'safety' (class=org.apache.hadoop.hdds.server.http.HttpServer2$QuotingInputFilter)
2022-09-08 01:53:14,097 [Listener at 127.0.0.1/38893] INFO  http.HttpServer2 (HttpServer2.java:addFilter(1005)) - Added filter static_user_filter (class=org.apache.hadoop.http.lib.StaticUserWebFilter$StaticUserFilter) to context hddsDatanode
2022-09-08 01:53:14,097 [Listener at 127.0.0.1/38893] INFO  http.HttpServer2 (HttpServer2.java:addFilter(1013)) - Added filter static_user_filter (class=org.apache.hadoop.http.lib.StaticUserWebFilter$StaticUserFilter) to context static
2022-09-08 01:53:14,097 [Listener at 127.0.0.1/38893] INFO  http.HttpServer2 (HttpServer2.java:addFilter(1013)) - Added filter static_user_filter (class=org.apache.hadoop.http.lib.StaticUserWebFilter$StaticUserFilter) to context logs
2022-09-08 01:53:14,097 [Listener at 127.0.0.1/38893] INFO  http.HttpServer2 (HttpServer2.java:bindListener(1248)) - Jetty bound to port 36267
2022-09-08 01:53:14,097 [Listener at 127.0.0.1/38893] INFO  server.Server (Server.java:doStart(375)) - jetty-9.4.43.v20210629; built: 2021-06-30T11:07:22.254Z; git: 526006ecfa3af7f1a27ef3a288e2bef7ea9dd7e8; jvm 1.8.0_345-b01
2022-09-08 01:53:14,162 [Listener at 127.0.0.1/38893] INFO  server.session (DefaultSessionIdManager.java:doStart(334)) - DefaultSessionIdManager workerName=node0
2022-09-08 01:53:14,162 [Listener at 127.0.0.1/38893] INFO  server.session (DefaultSessionIdManager.java:doStart(339)) - No SessionScavenger set, using defaults
2022-09-08 01:53:14,163 [Listener at 127.0.0.1/38893] INFO  server.session (HouseKeeper.java:startScavenging(132)) - node0 Scavenging every 660000ms
2022-09-08 01:53:14,164 [Listener at 127.0.0.1/38893] INFO  handler.ContextHandler (ContextHandler.java:doStart(915)) - Started o.e.j.s.ServletContextHandler@7365754d{logs,/logs,file:///home/runner/work/ozone/ozone/hadoop-ozone/integration-test/target/log,AVAILABLE}
2022-09-08 01:53:14,164 [Listener at 127.0.0.1/38893] INFO  handler.ContextHandler (ContextHandler.java:doStart(915)) - Started o.e.j.s.ServletContextHandler@5c376546{static,/static,jar:file:/home/runner/.m2/repository/org/apache/ozone/hdds-container-service/1.3.0-SNAPSHOT/hdds-container-service-1.3.0-SNAPSHOT.jar!/webapps/static,AVAILABLE}
2022-09-08 01:53:14,660 [Listener at 127.0.0.1/38893] INFO  handler.ContextHandler (ContextHandler.java:doStart(915)) - Started o.e.j.w.WebAppContext@742218ee{hddsDatanode,/,file:///tmp/jetty-0_0_0_0-36267-hdds-container-service-1_3_0-SNAPSHOT_jar-_-any-7009894019934646431/webapp/,AVAILABLE}{jar:file:/home/runner/.m2/repository/org/apache/ozone/hdds-container-service/1.3.0-SNAPSHOT/hdds-container-service-1.3.0-SNAPSHOT.jar!/webapps/hddsDatanode}
2022-09-08 01:53:14,664 [Listener at 127.0.0.1/38893] INFO  server.AbstractConnector (AbstractConnector.java:doStart(331)) - Started ServerConnector@6885966e{HTTP/1.1, (http/1.1)}{0.0.0.0:36267}
2022-09-08 01:53:14,664 [Listener at 127.0.0.1/38893] INFO  server.Server (Server.java:doStart(415)) - Started @126228ms
2022-09-08 01:53:14,673 [Listener at 127.0.0.1/38893] WARN  impl.MetricsSystemImpl (MetricsSystemImpl.java:register(279)) - Sink prometheus already exists!
2022-09-08 01:53:14,673 [Listener at 127.0.0.1/38893] INFO  http.BaseHttpServer (BaseHttpServer.java:updateConnectorAddress(333)) - HTTP server of hddsDatanode listening at http://0.0.0.0:36267
2022-09-08 01:53:14,676 [Listener at 127.0.0.1/38893] WARN  impl.MetricRegistriesImpl (MetricRegistriesImpl.java:addReporterRegistration(111)) - New reporters are added after registries were created. Some metrics will be missing from the reporter. Please add reporter before adding any new registry.
2022-09-08 01:53:14,677 [Listener at 127.0.0.1/38893] WARN  impl.MetricRegistriesImpl (MetricRegistriesImpl.java:addReporterRegistration(111)) - New reporters are added after registries were created. Some metrics will be missing from the reporter. Please add reporter before adding any new registry.
2022-09-08 01:53:14,677 [Listener at 127.0.0.1/38893] INFO  impl.MetricsSystemImpl (MetricsSystemImpl.java:init(158)) - HddsDatanode metrics system started (again)
2022-09-08 01:53:14,682 [Datanode State Machine Daemon Thread] INFO  statemachine.DatanodeStateMachine (DatanodeStateMachine.java:lambda$startDaemon$0(492)) - Ozone container server started.
2022-09-08 01:53:14,716 [org.apache.hadoop.util.JvmPauseMonitor$Monitor@4302ed3] INFO  util.JvmPauseMonitor (JvmPauseMonitor.java:run(188)) - Starting JVM pause monitor
2022-09-08 01:53:14,731 [Datanode State Machine Task Thread - 0] INFO  datanode.InitDatanodeState (InitDatanodeState.java:persistContainerDatanodeDetails(138)) - DatanodeDetails is persisted to /home/runner/work/ozone/ozone/hadoop-ozone/integration-test/target/test-dir/MiniOzoneClusterImpl-82e34331-d350-4f2b-a416-c6d91b571450/datanode-1/meta/datanode.id
2022-09-08 01:53:14,737 [Listener at 127.0.0.1/38893] INFO  ozone.HddsDatanodeService (HddsDatanodeService.java:start(236)) - HddsDatanodeService host:fv-az38-857.qiceih3q1hfe5a3ai3y3qk2fta.cx.internal.cloudapp.net ip:10.1.1.0
2022-09-08 01:53:14,788 [Listener at 127.0.0.1/38893] INFO  upgrade.AbstractLayoutVersionManager (AbstractLayoutVersionManager.java:init(83)) - Initializing Layout version manager with metadata layout = DATANODE_SCHEMA_V3 (version = 4), software layout = DATANODE_SCHEMA_V3 (version = 4)
2022-09-08 01:53:14,848 [Listener at 127.0.0.1/38893] INFO  reflections.Reflections (Reflections.java:scan(232)) - Reflections took 59 ms to scan 7 urls, producing 133 keys and 322 values 
2022-09-08 01:53:14,850 [Listener at 127.0.0.1/38893] INFO  statemachine.DatanodeStateMachine (DatanodeStateMachine.java:getEndPointTaskThreadPoolSize(237)) - Datanode State Machine Task Thread Pool size 2
2022-09-08 01:53:14,852 [Listener at 127.0.0.1/38893] INFO  volume.HddsVolume (HddsVolume.java:<init>(117)) - Creating HddsVolume: /home/runner/work/ozone/ozone/hadoop-ozone/integration-test/target/test-dir/MiniOzoneClusterImpl-82e34331-d350-4f2b-a416-c6d91b571450/datanode-2/data-0/containers/hdds of storage type : DISK capacity : 9223372036854775807
2022-09-08 01:53:14,852 [Listener at 127.0.0.1/38893] INFO  volume.MutableVolumeSet (MutableVolumeSet.java:initializeVolumeSet(174)) - Added Volume : /home/runner/work/ozone/ozone/hadoop-ozone/integration-test/target/test-dir/MiniOzoneClusterImpl-82e34331-d350-4f2b-a416-c6d91b571450/datanode-2/data-0/containers/hdds to VolumeSet
2022-09-08 01:53:14,852 [Listener at 127.0.0.1/38893] INFO  volume.ThrottledAsyncChecker (ThrottledAsyncChecker.java:schedule(141)) - Scheduling a check for /home/runner/work/ozone/ozone/hadoop-ozone/integration-test/target/test-dir/MiniOzoneClusterImpl-82e34331-d350-4f2b-a416-c6d91b571450/datanode-2/data-0/containers/hdds
2022-09-08 01:53:14,858 [Listener at 127.0.0.1/38893] INFO  volume.StorageVolumeChecker (StorageVolumeChecker.java:checkAllVolumes(202)) - Scheduled health check for volume /home/runner/work/ozone/ozone/hadoop-ozone/integration-test/target/test-dir/MiniOzoneClusterImpl-82e34331-d350-4f2b-a416-c6d91b571450/datanode-2/data-0/containers/hdds
2022-09-08 01:53:14,868 [Listener at 127.0.0.1/38893] INFO  volume.MutableVolumeSet (MutableVolumeSet.java:initializeVolumeSet(174)) - Added Volume : /home/runner/work/ozone/ozone/hadoop-ozone/integration-test/target/test-dir/MiniOzoneClusterImpl-82e34331-d350-4f2b-a416-c6d91b571450/datanode-2/data/ratis to VolumeSet
2022-09-08 01:53:14,869 [Listener at 127.0.0.1/38893] INFO  volume.ThrottledAsyncChecker (ThrottledAsyncChecker.java:schedule(141)) - Scheduling a check for /home/runner/work/ozone/ozone/hadoop-ozone/integration-test/target/test-dir/MiniOzoneClusterImpl-82e34331-d350-4f2b-a416-c6d91b571450/datanode-2/data/ratis
2022-09-08 01:53:14,875 [Listener at 127.0.0.1/38893] INFO  volume.StorageVolumeChecker (StorageVolumeChecker.java:checkAllVolumes(202)) - Scheduled health check for volume /home/runner/work/ozone/ozone/hadoop-ozone/integration-test/target/test-dir/MiniOzoneClusterImpl-82e34331-d350-4f2b-a416-c6d91b571450/datanode-2/data/ratis
2022-09-08 01:53:14,885 [Thread-985] INFO  ozoneimpl.ContainerReader (ContainerReader.java:readVolume(175)) - Finish verifying containers on volume /home/runner/work/ozone/ozone/hadoop-ozone/integration-test/target/test-dir/MiniOzoneClusterImpl-82e34331-d350-4f2b-a416-c6d91b571450/datanode-2/data-0/containers/hdds
2022-09-08 01:53:14,885 [Listener at 127.0.0.1/38893] INFO  ozoneimpl.OzoneContainer (OzoneContainer.java:buildContainerSet(300)) - Build ContainerSet costs 0s
2022-09-08 01:53:14,887 [Listener at 127.0.0.1/38893] INFO  server.RaftServer (ConfUtils.java:logGet(46)) - raft.rpc.type = GRPC (default)
2022-09-08 01:53:14,887 [Listener at 127.0.0.1/38893] INFO  grpc.GrpcFactory (GrpcFactory.java:checkPooledByteBufAllocatorUseCacheForAllThreads(48)) - PERFORMANCE WARNING: useCacheForAllThreads is true that may cause Netty to create a lot garbage objects and, as a result, trigger GC.
	It is recommended to disable useCacheForAllThreads by setting -Dorg.apache.ratis.thirdparty.io.netty.allocator.useCacheForAllThreads=false in command line.
2022-09-08 01:53:14,887 [Listener at 127.0.0.1/38893] INFO  grpc.GrpcConfigKeys (ConfUtils.java:logGet(46)) - raft.grpc.admin.port = 0 (custom)
2022-09-08 01:53:14,887 [Listener at 127.0.0.1/38893] INFO  grpc.GrpcConfigKeys (ConfUtils.java:logGet(46)) - raft.grpc.client.port = 0 (custom)
2022-09-08 01:53:14,887 [Listener at 127.0.0.1/38893] INFO  grpc.GrpcConfigKeys (ConfUtils.java:logGet(46)) - raft.grpc.server.port = 0 (default)
2022-09-08 01:53:14,887 [Listener at 127.0.0.1/38893] INFO  server.GrpcService (ConfUtils.java:logGet(46)) - raft.grpc.message.size.max = 32MB (=33554432) (custom)
2022-09-08 01:53:14,888 [Listener at 127.0.0.1/38893] INFO  server.RaftServerConfigKeys (ConfUtils.java:logGet(46)) - raft.server.log.appender.buffer.byte-limit = 33554432 (custom)
2022-09-08 01:53:14,888 [Listener at 127.0.0.1/38893] INFO  server.GrpcService (ConfUtils.java:logGet(46)) - raft.grpc.flow.control.window = 5MB (=5242880) (custom)
2022-09-08 01:53:14,888 [Listener at 127.0.0.1/38893] INFO  server.RaftServerConfigKeys (ConfUtils.java:logGet(46)) - raft.server.rpc.request.timeout = 60s (custom)
2022-09-08 01:53:14,888 [Listener at 127.0.0.1/38893] INFO  grpc.GrpcConfigKeys (ConfUtils.java:logGet(46)) - raft.grpc.server.async.request.thread.pool.cached = true (default)
2022-09-08 01:53:14,888 [Listener at 127.0.0.1/38893] INFO  grpc.GrpcConfigKeys (ConfUtils.java:logGet(46)) - raft.grpc.server.async.request.thread.pool.size = 32 (default)
2022-09-08 01:53:14,889 [Listener at 127.0.0.1/38893] INFO  impl.DataStreamServerImpl (ConfUtils.java:logGet(46)) - raft.datastream.type = DISABLED (default)
2022-09-08 01:53:14,889 [Listener at 127.0.0.1/38893] INFO  server.RaftServerConfigKeys (ConfUtils.java:logGet(46)) - raft.server.threadpool.proxy.cached = true (default)
2022-09-08 01:53:14,890 [Listener at 127.0.0.1/38893] INFO  server.RaftServerConfigKeys (ConfUtils.java:logGet(46)) - raft.server.threadpool.proxy.size = 0 (default)
2022-09-08 01:53:14,890 [Listener at 127.0.0.1/38893] INFO  server.RaftServerConfigKeys (ConfUtils.java:logGet(46)) - raft.server.rpc.slowness.timeout = 300s (custom)
2022-09-08 01:53:14,890 [Listener at 127.0.0.1/38893] INFO  server.RaftServerConfigKeys (ConfUtils.java:logGet(46)) - raft.server.leaderelection.leader.step-down.wait-time = 10s (default)
2022-09-08 01:53:14,890 [Listener at 127.0.0.1/38893] INFO  server.RaftServerConfigKeys (ConfUtils.java:logGet(46)) - raft.server.storage.dir = [/home/runner/work/ozone/ozone/hadoop-ozone/integration-test/target/test-dir/MiniOzoneClusterImpl-82e34331-d350-4f2b-a416-c6d91b571450/datanode-2/data/ratis] (custom)
2022-09-08 01:53:14,892 [Listener at 127.0.0.1/38893] INFO  server.XceiverServerGrpc (XceiverServerGrpc.java:<init>(132)) - GrpcServer channel type EpollServerSocketChannel
2022-09-08 01:53:14,894 [Listener at 127.0.0.1/38893] INFO  http.BaseHttpServer (BaseHttpServer.java:newHttpServer2BuilderForOzone(213)) - Starting Web-server for hddsDatanode at: http://0.0.0.0:0
2022-09-08 01:53:14,894 [Listener at 127.0.0.1/38893] INFO  http.BaseHttpServer (BaseHttpServer.java:<init>(108)) - Hadoop Security Enabled: false Ozone Security Enabled: false Ozone HTTP Security Enabled: false 
2022-09-08 01:53:14,895 [Listener at 127.0.0.1/38893] INFO  server.AuthenticationFilter (AuthenticationFilter.java:constructSecretProvider(240)) - Unable to initialize FileSignerSecretProvider, falling back to use random secrets.
2022-09-08 01:53:14,896 [Listener at 127.0.0.1/38893] WARN  http.HttpRequestLog (HttpRequestLog.java:getRequestLog(103)) - Jetty request log can only be enabled using Log4j
2022-09-08 01:53:14,897 [Listener at 127.0.0.1/38893] INFO  http.HttpServer2 (HttpServer2.java:addGlobalFilter(1029)) - Added global filter 'safety' (class=org.apache.hadoop.hdds.server.http.HttpServer2$QuotingInputFilter)
2022-09-08 01:53:14,897 [Listener at 127.0.0.1/38893] INFO  http.HttpServer2 (HttpServer2.java:addFilter(1005)) - Added filter static_user_filter (class=org.apache.hadoop.http.lib.StaticUserWebFilter$StaticUserFilter) to context hddsDatanode
2022-09-08 01:53:14,897 [Listener at 127.0.0.1/38893] INFO  http.HttpServer2 (HttpServer2.java:addFilter(1013)) - Added filter static_user_filter (class=org.apache.hadoop.http.lib.StaticUserWebFilter$StaticUserFilter) to context logs
2022-09-08 01:53:14,897 [Listener at 127.0.0.1/38893] INFO  http.HttpServer2 (HttpServer2.java:addFilter(1013)) - Added filter static_user_filter (class=org.apache.hadoop.http.lib.StaticUserWebFilter$StaticUserFilter) to context static
2022-09-08 01:53:14,898 [Listener at 127.0.0.1/38893] INFO  http.HttpServer2 (HttpServer2.java:bindListener(1248)) - Jetty bound to port 38505
2022-09-08 01:53:14,898 [Listener at 127.0.0.1/38893] INFO  server.Server (Server.java:doStart(375)) - jetty-9.4.43.v20210629; built: 2021-06-30T11:07:22.254Z; git: 526006ecfa3af7f1a27ef3a288e2bef7ea9dd7e8; jvm 1.8.0_345-b01
2022-09-08 01:53:14,911 [Listener at 127.0.0.1/38893] INFO  server.session (DefaultSessionIdManager.java:doStart(334)) - DefaultSessionIdManager workerName=node0
2022-09-08 01:53:14,911 [Listener at 127.0.0.1/38893] INFO  server.session (DefaultSessionIdManager.java:doStart(339)) - No SessionScavenger set, using defaults
2022-09-08 01:53:14,911 [Listener at 127.0.0.1/38893] INFO  server.session (HouseKeeper.java:startScavenging(132)) - node0 Scavenging every 600000ms
2022-09-08 01:53:14,919 [Listener at 127.0.0.1/38893] INFO  handler.ContextHandler (ContextHandler.java:doStart(915)) - Started o.e.j.s.ServletContextHandler@ca69671{logs,/logs,file:///home/runner/work/ozone/ozone/hadoop-ozone/integration-test/target/log,AVAILABLE}
2022-09-08 01:53:14,919 [Listener at 127.0.0.1/38893] INFO  handler.ContextHandler (ContextHandler.java:doStart(915)) - Started o.e.j.s.ServletContextHandler@5cc430cb{static,/static,jar:file:/home/runner/.m2/repository/org/apache/ozone/hdds-container-service/1.3.0-SNAPSHOT/hdds-container-service-1.3.0-SNAPSHOT.jar!/webapps/static,AVAILABLE}
2022-09-08 01:53:15,195 [Listener at 127.0.0.1/38893] INFO  handler.ContextHandler (ContextHandler.java:doStart(915)) - Started o.e.j.w.WebAppContext@7910a722{hddsDatanode,/,file:///tmp/jetty-0_0_0_0-38505-hdds-container-service-1_3_0-SNAPSHOT_jar-_-any-3794450386710605052/webapp/,AVAILABLE}{jar:file:/home/runner/.m2/repository/org/apache/ozone/hdds-container-service/1.3.0-SNAPSHOT/hdds-container-service-1.3.0-SNAPSHOT.jar!/webapps/hddsDatanode}
2022-09-08 01:53:15,225 [Listener at 127.0.0.1/38893] INFO  server.AbstractConnector (AbstractConnector.java:doStart(331)) - Started ServerConnector@6dd08a62{HTTP/1.1, (http/1.1)}{0.0.0.0:38505}
2022-09-08 01:53:15,225 [Listener at 127.0.0.1/38893] INFO  server.Server (Server.java:doStart(415)) - Started @126789ms
2022-09-08 01:53:15,226 [Listener at 127.0.0.1/38893] WARN  impl.MetricsSystemImpl (MetricsSystemImpl.java:register(279)) - Sink prometheus already exists!
2022-09-08 01:53:15,226 [Listener at 127.0.0.1/38893] INFO  http.BaseHttpServer (BaseHttpServer.java:updateConnectorAddress(333)) - HTTP server of hddsDatanode listening at http://0.0.0.0:38505
2022-09-08 01:53:15,227 [Listener at 127.0.0.1/38893] INFO  ozone.MiniOzoneClusterImpl (MiniOzoneClusterImpl.java:lambda$waitForClusterToBeReady$0(216)) - Waiting for nodes to be ready. Got 0 of 3 DN Heartbeats.
2022-09-08 01:53:15,227 [Listener at 127.0.0.1/38893] INFO  ozone.MiniOzoneClusterImpl (MiniOzoneClusterImpl.java:lambda$waitForClusterToBeReady$0(219)) - Waiting for cluster to exit safe mode
2022-09-08 01:53:15,227 [Listener at 127.0.0.1/38893] INFO  ozone.MiniOzoneClusterImpl (MiniOzoneClusterImpl.java:lambda$waitForClusterToBeReady$0(221)) - SCM became leader
2022-09-08 01:53:15,227 [Datanode State Machine Daemon Thread] INFO  statemachine.DatanodeStateMachine (DatanodeStateMachine.java:lambda$startDaemon$0(492)) - Ozone container server started.
2022-09-08 01:53:15,257 [org.apache.hadoop.util.JvmPauseMonitor$Monitor@72ceacfd] INFO  util.JvmPauseMonitor (JvmPauseMonitor.java:run(188)) - Starting JVM pause monitor
2022-09-08 01:53:15,262 [Datanode State Machine Task Thread - 0] INFO  datanode.InitDatanodeState (InitDatanodeState.java:persistContainerDatanodeDetails(138)) - DatanodeDetails is persisted to /home/runner/work/ozone/ozone/hadoop-ozone/integration-test/target/test-dir/MiniOzoneClusterImpl-82e34331-d350-4f2b-a416-c6d91b571450/datanode-2/meta/datanode.id
2022-09-08 01:53:15,789 [EndpointStateMachine task thread for /0.0.0.0:44917 - 0 ] INFO  volume.HddsVolume (HddsVolume.java:createDbStore(310)) - SchemaV3 db is created and loaded at /home/runner/work/ozone/ozone/hadoop-ozone/integration-test/target/test-dir/MiniOzoneClusterImpl-82e34331-d350-4f2b-a416-c6d91b571450/datanode-0/data-0/containers/hdds/82e34331-d350-4f2b-a416-c6d91b571450/DS-cc9ec9d7-d974-4e98-953b-ea1f1d056ca2/container.db for volume DS-cc9ec9d7-d974-4e98-953b-ea1f1d056ca2
2022-09-08 01:53:15,793 [EndpointStateMachine task thread for /0.0.0.0:44917 - 0 ] INFO  volume.HddsVolume (HddsVolume.java:closeDbStore(341)) - SchemaV3 db is stopped at /home/runner/work/ozone/ozone/hadoop-ozone/integration-test/target/test-dir/MiniOzoneClusterImpl-82e34331-d350-4f2b-a416-c6d91b571450/datanode-0/data-0/containers/hdds/82e34331-d350-4f2b-a416-c6d91b571450/DS-cc9ec9d7-d974-4e98-953b-ea1f1d056ca2/container.db for volume DS-cc9ec9d7-d974-4e98-953b-ea1f1d056ca2
2022-09-08 01:53:15,794 [EndpointStateMachine task thread for /0.0.0.0:44917 - 0 ] INFO  ozoneimpl.OzoneContainer (OzoneContainer.java:start(378)) - Attempting to start container services.
2022-09-08 01:53:15,794 [EndpointStateMachine task thread for /0.0.0.0:44917 - 0 ] INFO  ozoneimpl.OzoneContainer (OzoneContainer.java:startContainerScrub(313)) - Background container scanner has been disabled.
2022-09-08 01:53:15,814 [EndpointStateMachine task thread for /0.0.0.0:44917 - 0 ] INFO  replication.ReplicationServer (ReplicationServer.java:start(111)) - ReplicationServer is started using port 34319
2022-09-08 01:53:15,814 [EndpointStateMachine task thread for /0.0.0.0:44917 - 0 ] INFO  ratis.XceiverServerRatis (XceiverServerRatis.java:start(481)) - Starting XceiverServerRatis 3b94da99-c23d-4519-a6dd-621bbdbf8b87
2022-09-08 01:53:15,819 [EndpointStateMachine task thread for /0.0.0.0:44917 - 0 ] INFO  server.RaftServer (RaftServerProxy.java:lambda$start$6(382)) - 3b94da99-c23d-4519-a6dd-621bbdbf8b87: start RPC server
2022-09-08 01:53:15,832 [EndpointStateMachine task thread for /0.0.0.0:44917 - 0 ] INFO  server.GrpcService (GrpcService.java:startImpl(260)) - 3b94da99-c23d-4519-a6dd-621bbdbf8b87: GrpcService started, listening on 45179
2022-09-08 01:53:15,837 [EndpointStateMachine task thread for /0.0.0.0:44917 - 0 ] INFO  ratis.XceiverServerRatis (XceiverServerRatis.java:getRealPort(502)) - XceiverServerRatis 3b94da99-c23d-4519-a6dd-621bbdbf8b87 is started using port 45179 for RATIS
2022-09-08 01:53:15,837 [EndpointStateMachine task thread for /0.0.0.0:44917 - 0 ] INFO  ratis.XceiverServerRatis (XceiverServerRatis.java:getRealPort(502)) - XceiverServerRatis 3b94da99-c23d-4519-a6dd-621bbdbf8b87 is started using port 45179 for RATIS_ADMIN
2022-09-08 01:53:15,837 [EndpointStateMachine task thread for /0.0.0.0:44917 - 0 ] INFO  ratis.XceiverServerRatis (XceiverServerRatis.java:getRealPort(502)) - XceiverServerRatis 3b94da99-c23d-4519-a6dd-621bbdbf8b87 is started using port 45179 for RATIS_SERVER
2022-09-08 01:53:15,837 [org.apache.ratis.util.JvmPauseMonitor$$Lambda$687/845490267@7dbfbb3] INFO  util.JvmPauseMonitor (JvmPauseMonitor.java:run(103)) - JvmPauseMonitor-3b94da99-c23d-4519-a6dd-621bbdbf8b87: Started
2022-09-08 01:53:15,865 [EndpointStateMachine task thread for /0.0.0.0:44917 - 0 ] INFO  server.XceiverServerGrpc (XceiverServerGrpc.java:start(180)) - XceiverServerGrpc 3b94da99-c23d-4519-a6dd-621bbdbf8b87 is started using port 45571
2022-09-08 01:53:16,228 [Listener at 127.0.0.1/38893] INFO  ozone.MiniOzoneClusterImpl (MiniOzoneClusterImpl.java:lambda$waitForClusterToBeReady$0(216)) - Waiting for nodes to be ready. Got 0 of 3 DN Heartbeats.
2022-09-08 01:53:16,228 [Listener at 127.0.0.1/38893] INFO  ozone.MiniOzoneClusterImpl (MiniOzoneClusterImpl.java:lambda$waitForClusterToBeReady$0(219)) - Waiting for cluster to exit safe mode
2022-09-08 01:53:16,228 [Listener at 127.0.0.1/38893] INFO  ozone.MiniOzoneClusterImpl (MiniOzoneClusterImpl.java:lambda$waitForClusterToBeReady$0(221)) - SCM became leader
2022-09-08 01:53:16,821 [EndpointStateMachine task thread for /0.0.0.0:44917 - 0 ] INFO  volume.HddsVolume (HddsVolume.java:createDbStore(310)) - SchemaV3 db is created and loaded at /home/runner/work/ozone/ozone/hadoop-ozone/integration-test/target/test-dir/MiniOzoneClusterImpl-82e34331-d350-4f2b-a416-c6d91b571450/datanode-1/data-0/containers/hdds/82e34331-d350-4f2b-a416-c6d91b571450/DS-e66483a6-ceb6-4262-adb0-0881a4f886ce/container.db for volume DS-e66483a6-ceb6-4262-adb0-0881a4f886ce
2022-09-08 01:53:16,821 [EndpointStateMachine task thread for /0.0.0.0:44917 - 0 ] INFO  volume.HddsVolume (HddsVolume.java:closeDbStore(341)) - SchemaV3 db is stopped at /home/runner/work/ozone/ozone/hadoop-ozone/integration-test/target/test-dir/MiniOzoneClusterImpl-82e34331-d350-4f2b-a416-c6d91b571450/datanode-1/data-0/containers/hdds/82e34331-d350-4f2b-a416-c6d91b571450/DS-e66483a6-ceb6-4262-adb0-0881a4f886ce/container.db for volume DS-e66483a6-ceb6-4262-adb0-0881a4f886ce
2022-09-08 01:53:16,822 [EndpointStateMachine task thread for /0.0.0.0:44917 - 0 ] INFO  ozoneimpl.OzoneContainer (OzoneContainer.java:start(378)) - Attempting to start container services.
2022-09-08 01:53:16,822 [EndpointStateMachine task thread for /0.0.0.0:44917 - 0 ] INFO  ozoneimpl.OzoneContainer (OzoneContainer.java:startContainerScrub(313)) - Background container scanner has been disabled.
2022-09-08 01:53:16,837 [EndpointStateMachine task thread for /0.0.0.0:44917 - 0 ] INFO  replication.ReplicationServer (ReplicationServer.java:start(111)) - ReplicationServer is started using port 36513
2022-09-08 01:53:16,838 [EndpointStateMachine task thread for /0.0.0.0:44917 - 0 ] INFO  ratis.XceiverServerRatis (XceiverServerRatis.java:start(481)) - Starting XceiverServerRatis b7c9405d-9a73-4fbd-afe8-64bf04b9d794
2022-09-08 01:53:16,841 [EndpointStateMachine task thread for /0.0.0.0:44917 - 0 ] INFO  server.RaftServer (RaftServerProxy.java:lambda$start$6(382)) - b7c9405d-9a73-4fbd-afe8-64bf04b9d794: start RPC server
2022-09-08 01:53:16,857 [EndpointStateMachine task thread for /0.0.0.0:44917 - 0 ] INFO  server.GrpcService (GrpcService.java:startImpl(260)) - b7c9405d-9a73-4fbd-afe8-64bf04b9d794: GrpcService started, listening on 45849
2022-09-08 01:53:16,861 [EndpointStateMachine task thread for /0.0.0.0:44917 - 0 ] INFO  ratis.XceiverServerRatis (XceiverServerRatis.java:getRealPort(502)) - XceiverServerRatis b7c9405d-9a73-4fbd-afe8-64bf04b9d794 is started using port 45849 for RATIS
2022-09-08 01:53:16,861 [EndpointStateMachine task thread for /0.0.0.0:44917 - 0 ] INFO  ratis.XceiverServerRatis (XceiverServerRatis.java:getRealPort(502)) - XceiverServerRatis b7c9405d-9a73-4fbd-afe8-64bf04b9d794 is started using port 45849 for RATIS_ADMIN
2022-09-08 01:53:16,861 [EndpointStateMachine task thread for /0.0.0.0:44917 - 0 ] INFO  ratis.XceiverServerRatis (XceiverServerRatis.java:getRealPort(502)) - XceiverServerRatis b7c9405d-9a73-4fbd-afe8-64bf04b9d794 is started using port 45849 for RATIS_SERVER
2022-09-08 01:53:16,862 [org.apache.ratis.util.JvmPauseMonitor$$Lambda$687/845490267@2abd8809] INFO  util.JvmPauseMonitor (JvmPauseMonitor.java:run(103)) - JvmPauseMonitor-b7c9405d-9a73-4fbd-afe8-64bf04b9d794: Started
2022-09-08 01:53:16,903 [EndpointStateMachine task thread for /0.0.0.0:44917 - 0 ] INFO  server.XceiverServerGrpc (XceiverServerGrpc.java:start(180)) - XceiverServerGrpc b7c9405d-9a73-4fbd-afe8-64bf04b9d794 is started using port 36161
2022-09-08 01:53:17,228 [Listener at 127.0.0.1/38893] INFO  ozone.MiniOzoneClusterImpl (MiniOzoneClusterImpl.java:lambda$waitForClusterToBeReady$0(216)) - Waiting for nodes to be ready. Got 0 of 3 DN Heartbeats.
2022-09-08 01:53:17,228 [Listener at 127.0.0.1/38893] INFO  ozone.MiniOzoneClusterImpl (MiniOzoneClusterImpl.java:lambda$waitForClusterToBeReady$0(219)) - Waiting for cluster to exit safe mode
2022-09-08 01:53:17,229 [Listener at 127.0.0.1/38893] INFO  ozone.MiniOzoneClusterImpl (MiniOzoneClusterImpl.java:lambda$waitForClusterToBeReady$0(221)) - SCM became leader
2022-09-08 01:53:17,331 [EndpointStateMachine task thread for /0.0.0.0:44917 - 0 ] INFO  volume.HddsVolume (HddsVolume.java:createDbStore(310)) - SchemaV3 db is created and loaded at /home/runner/work/ozone/ozone/hadoop-ozone/integration-test/target/test-dir/MiniOzoneClusterImpl-82e34331-d350-4f2b-a416-c6d91b571450/datanode-2/data-0/containers/hdds/82e34331-d350-4f2b-a416-c6d91b571450/DS-2abbd7b2-1b58-4a5c-8426-7ba97365876b/container.db for volume DS-2abbd7b2-1b58-4a5c-8426-7ba97365876b
2022-09-08 01:53:17,331 [EndpointStateMachine task thread for /0.0.0.0:44917 - 0 ] INFO  volume.HddsVolume (HddsVolume.java:closeDbStore(341)) - SchemaV3 db is stopped at /home/runner/work/ozone/ozone/hadoop-ozone/integration-test/target/test-dir/MiniOzoneClusterImpl-82e34331-d350-4f2b-a416-c6d91b571450/datanode-2/data-0/containers/hdds/82e34331-d350-4f2b-a416-c6d91b571450/DS-2abbd7b2-1b58-4a5c-8426-7ba97365876b/container.db for volume DS-2abbd7b2-1b58-4a5c-8426-7ba97365876b
2022-09-08 01:53:17,331 [EndpointStateMachine task thread for /0.0.0.0:44917 - 0 ] INFO  ozoneimpl.OzoneContainer (OzoneContainer.java:start(378)) - Attempting to start container services.
2022-09-08 01:53:17,332 [EndpointStateMachine task thread for /0.0.0.0:44917 - 0 ] INFO  ozoneimpl.OzoneContainer (OzoneContainer.java:startContainerScrub(313)) - Background container scanner has been disabled.
2022-09-08 01:53:17,357 [EndpointStateMachine task thread for /0.0.0.0:44917 - 0 ] INFO  replication.ReplicationServer (ReplicationServer.java:start(111)) - ReplicationServer is started using port 36031
2022-09-08 01:53:17,374 [EndpointStateMachine task thread for /0.0.0.0:44917 - 0 ] INFO  ratis.XceiverServerRatis (XceiverServerRatis.java:start(481)) - Starting XceiverServerRatis 009dccab-c19f-4dcd-8c3d-5390f1d1737a
2022-09-08 01:53:17,384 [EndpointStateMachine task thread for /0.0.0.0:44917 - 0 ] INFO  server.RaftServer (RaftServerProxy.java:lambda$start$6(382)) - 009dccab-c19f-4dcd-8c3d-5390f1d1737a: start RPC server
2022-09-08 01:53:17,411 [EndpointStateMachine task thread for /0.0.0.0:44917 - 0 ] INFO  server.GrpcService (GrpcService.java:startImpl(260)) - 009dccab-c19f-4dcd-8c3d-5390f1d1737a: GrpcService started, listening on 41309
2022-09-08 01:53:17,411 [EndpointStateMachine task thread for /0.0.0.0:44917 - 0 ] INFO  ratis.XceiverServerRatis (XceiverServerRatis.java:getRealPort(502)) - XceiverServerRatis 009dccab-c19f-4dcd-8c3d-5390f1d1737a is started using port 41309 for RATIS
2022-09-08 01:53:17,411 [EndpointStateMachine task thread for /0.0.0.0:44917 - 0 ] INFO  ratis.XceiverServerRatis (XceiverServerRatis.java:getRealPort(502)) - XceiverServerRatis 009dccab-c19f-4dcd-8c3d-5390f1d1737a is started using port 41309 for RATIS_ADMIN
2022-09-08 01:53:17,411 [EndpointStateMachine task thread for /0.0.0.0:44917 - 0 ] INFO  ratis.XceiverServerRatis (XceiverServerRatis.java:getRealPort(502)) - XceiverServerRatis 009dccab-c19f-4dcd-8c3d-5390f1d1737a is started using port 41309 for RATIS_SERVER
2022-09-08 01:53:17,412 [org.apache.ratis.util.JvmPauseMonitor$$Lambda$687/845490267@1a08269a] INFO  util.JvmPauseMonitor (JvmPauseMonitor.java:run(103)) - JvmPauseMonitor-009dccab-c19f-4dcd-8c3d-5390f1d1737a: Started
2022-09-08 01:53:17,445 [EndpointStateMachine task thread for /0.0.0.0:44917 - 0 ] INFO  server.XceiverServerGrpc (XceiverServerGrpc.java:start(180)) - XceiverServerGrpc 009dccab-c19f-4dcd-8c3d-5390f1d1737a is started using port 37193
2022-09-08 01:53:17,716 [IPC Server handler 11 on default port 44917] INFO  net.NetworkTopologyImpl (NetworkTopologyImpl.java:add(112)) - Added a new node: /default-rack/3b94da99-c23d-4519-a6dd-621bbdbf8b87
2022-09-08 01:53:17,716 [IPC Server handler 11 on default port 44917] INFO  node.SCMNodeManager (SCMNodeManager.java:register(397)) - Registered Data node : 3b94da99-c23d-4519-a6dd-621bbdbf8b87{ip: 10.1.1.0, host: fv-az38-857.qiceih3q1hfe5a3ai3y3qk2fta.cx.internal.cloudapp.net, ports: [REPLICATION=34319, RATIS=45179, RATIS_ADMIN=45179, RATIS_SERVER=45179, STANDALONE=45571], networkLocation: /default-rack, certSerialId: null, persistedOpState: null, persistedOpStateExpiryEpochSec: 0}
2022-09-08 01:53:17,718 [EventQueue-NodeRegistrationContainerReportForContainerSafeModeRule] INFO  safemode.SCMSafeModeManager (SCMSafeModeManager.java:validateSafeModeExitRules(204)) - ContainerSafeModeRule rule is successfully validated
2022-09-08 01:53:17,718 [EventQueue-NodeRegistrationContainerReportForDataNodeSafeModeRule] INFO  safemode.SCMSafeModeManager (DataNodeSafeModeRule.java:process(71)) - SCM in safe mode. 1 DataNodes registered, 3 required.
2022-09-08 01:53:17,727 [EventQueue-NewNodeForNewNodeHandler] INFO  pipeline.BackgroundPipelineCreator (BackgroundPipelineCreator.java:notifyEventTriggered(276)) - trigger a one-shot run on RatisPipelineUtilsThread.
2022-09-08 01:53:17,727 [RatisPipelineUtilsThread - 0] INFO  pipeline.RatisPipelineProvider (RatisPipelineProvider.java:lambda$create$0(195)) - Sending CreatePipelineCommand for pipeline:PipelineID=98dd474d-c751-42b0-9ae3-d8c425837423 to datanode:3b94da99-c23d-4519-a6dd-621bbdbf8b87
2022-09-08 01:53:17,727 [EventQueue-PipelineReportForOneReplicaPipelineSafeModeRule] INFO  safemode.SCMSafeModeManager (SCMSafeModeManager.java:validateSafeModeExitRules(204)) - AtleastOneDatanodeReportedRule rule is successfully validated
2022-09-08 01:53:17,729 [RatisPipelineUtilsThread - 0] INFO  pipeline.PipelineStateManagerImpl (PipelineStateManagerImpl.java:addPipeline(103)) - Created pipeline Pipeline[ Id: 98dd474d-c751-42b0-9ae3-d8c425837423, Nodes: 3b94da99-c23d-4519-a6dd-621bbdbf8b87{ip: 10.1.1.0, host: fv-az38-857.qiceih3q1hfe5a3ai3y3qk2fta.cx.internal.cloudapp.net, ports: [REPLICATION=34319, RATIS=45179, RATIS_ADMIN=45179, RATIS_SERVER=45179, STANDALONE=45571], networkLocation: /default-rack, certSerialId: null, persistedOpState: IN_SERVICE, persistedOpStateExpiryEpochSec: 0}, ReplicationConfig: RATIS/ONE, State:ALLOCATED, leaderId:, CreationTimestamp2022-09-08T01:53:17.727Z[Etc/UTC]].
2022-09-08 01:53:18,229 [Listener at 127.0.0.1/38893] INFO  ozone.MiniOzoneClusterImpl (MiniOzoneClusterImpl.java:lambda$waitForClusterToBeReady$0(216)) - Waiting for nodes to be ready. Got 1 of 3 DN Heartbeats.
2022-09-08 01:53:18,229 [Listener at 127.0.0.1/38893] INFO  ozone.MiniOzoneClusterImpl (MiniOzoneClusterImpl.java:lambda$waitForClusterToBeReady$0(219)) - Waiting for cluster to exit safe mode
2022-09-08 01:53:18,229 [Listener at 127.0.0.1/38893] INFO  ozone.MiniOzoneClusterImpl (MiniOzoneClusterImpl.java:lambda$waitForClusterToBeReady$0(221)) - SCM became leader
2022-09-08 01:53:18,719 [IPC Server handler 11 on default port 44917] INFO  net.NetworkTopologyImpl (NetworkTopologyImpl.java:add(112)) - Added a new node: /default-rack/b7c9405d-9a73-4fbd-afe8-64bf04b9d794
2022-09-08 01:53:18,719 [IPC Server handler 11 on default port 44917] INFO  node.SCMNodeManager (SCMNodeManager.java:register(397)) - Registered Data node : b7c9405d-9a73-4fbd-afe8-64bf04b9d794{ip: 10.1.1.0, host: fv-az38-857.qiceih3q1hfe5a3ai3y3qk2fta.cx.internal.cloudapp.net, ports: [REPLICATION=36513, RATIS=45849, RATIS_ADMIN=45849, RATIS_SERVER=45849, STANDALONE=36161], networkLocation: /default-rack, certSerialId: null, persistedOpState: null, persistedOpStateExpiryEpochSec: 0}
2022-09-08 01:53:18,720 [EventQueue-NewNodeForNewNodeHandler] INFO  pipeline.BackgroundPipelineCreator (BackgroundPipelineCreator.java:notifyEventTriggered(276)) - trigger a one-shot run on RatisPipelineUtilsThread.
2022-09-08 01:53:18,729 [EventQueue-NodeRegistrationContainerReportForDataNodeSafeModeRule] INFO  safemode.SCMSafeModeManager (DataNodeSafeModeRule.java:process(71)) - SCM in safe mode. 2 DataNodes registered, 3 required.
2022-09-08 01:53:18,730 [RatisPipelineUtilsThread - 0] INFO  pipeline.RatisPipelineProvider (RatisPipelineProvider.java:lambda$create$0(195)) - Sending CreatePipelineCommand for pipeline:PipelineID=ae3847a5-98fc-4dfc-97db-c5d42d74ff3e to datanode:b7c9405d-9a73-4fbd-afe8-64bf04b9d794
2022-09-08 01:53:18,731 [RatisPipelineUtilsThread - 0] INFO  pipeline.PipelineStateManagerImpl (PipelineStateManagerImpl.java:addPipeline(103)) - Created pipeline Pipeline[ Id: ae3847a5-98fc-4dfc-97db-c5d42d74ff3e, Nodes: b7c9405d-9a73-4fbd-afe8-64bf04b9d794{ip: 10.1.1.0, host: fv-az38-857.qiceih3q1hfe5a3ai3y3qk2fta.cx.internal.cloudapp.net, ports: [REPLICATION=36513, RATIS=45849, RATIS_ADMIN=45849, RATIS_SERVER=45849, STANDALONE=36161], networkLocation: /default-rack, certSerialId: null, persistedOpState: IN_SERVICE, persistedOpStateExpiryEpochSec: 0}, ReplicationConfig: RATIS/ONE, State:ALLOCATED, leaderId:, CreationTimestamp2022-09-08T01:53:18.730Z[Etc/UTC]].
2022-09-08 01:53:19,229 [Listener at 127.0.0.1/38893] INFO  ozone.MiniOzoneClusterImpl (MiniOzoneClusterImpl.java:lambda$waitForClusterToBeReady$0(216)) - Waiting for nodes to be ready. Got 2 of 3 DN Heartbeats.
2022-09-08 01:53:19,230 [Listener at 127.0.0.1/38893] INFO  ozone.MiniOzoneClusterImpl (MiniOzoneClusterImpl.java:lambda$waitForClusterToBeReady$0(219)) - Waiting for cluster to exit safe mode
2022-09-08 01:53:19,230 [Listener at 127.0.0.1/38893] INFO  ozone.MiniOzoneClusterImpl (MiniOzoneClusterImpl.java:lambda$waitForClusterToBeReady$0(221)) - SCM became leader
2022-09-08 01:53:19,258 [IPC Server handler 0 on default port 44917] INFO  net.NetworkTopologyImpl (NetworkTopologyImpl.java:add(112)) - Added a new node: /default-rack/009dccab-c19f-4dcd-8c3d-5390f1d1737a
2022-09-08 01:53:19,258 [IPC Server handler 0 on default port 44917] INFO  node.SCMNodeManager (SCMNodeManager.java:register(397)) - Registered Data node : 009dccab-c19f-4dcd-8c3d-5390f1d1737a{ip: 10.1.1.0, host: fv-az38-857.qiceih3q1hfe5a3ai3y3qk2fta.cx.internal.cloudapp.net, ports: [REPLICATION=36031, RATIS=41309, RATIS_ADMIN=41309, RATIS_SERVER=41309, STANDALONE=37193], networkLocation: /default-rack, certSerialId: null, persistedOpState: null, persistedOpStateExpiryEpochSec: 0}
2022-09-08 01:53:19,258 [EventQueue-NewNodeForNewNodeHandler] INFO  pipeline.BackgroundPipelineCreator (BackgroundPipelineCreator.java:notifyEventTriggered(276)) - trigger a one-shot run on RatisPipelineUtilsThread.
2022-09-08 01:53:19,259 [EventQueue-NodeRegistrationContainerReportForDataNodeSafeModeRule] INFO  safemode.SCMSafeModeManager (DataNodeSafeModeRule.java:process(71)) - SCM in safe mode. 3 DataNodes registered, 3 required.
2022-09-08 01:53:19,259 [EventQueue-NodeRegistrationContainerReportForDataNodeSafeModeRule] INFO  safemode.SCMSafeModeManager (SCMSafeModeManager.java:validateSafeModeExitRules(204)) - DataNodeSafeModeRule rule is successfully validated
2022-09-08 01:53:19,259 [RatisPipelineUtilsThread - 0] INFO  pipeline.RatisPipelineProvider (RatisPipelineProvider.java:lambda$create$0(195)) - Sending CreatePipelineCommand for pipeline:PipelineID=9bebb16b-4e12-467f-8923-df900c35ea0b to datanode:009dccab-c19f-4dcd-8c3d-5390f1d1737a
2022-09-08 01:53:19,259 [EventQueue-NodeRegistrationContainerReportForDataNodeSafeModeRule] INFO  safemode.SCMSafeModeManager (SCMSafeModeManager.java:completePreCheck(233)) - All SCM safe mode pre check rules have passed
2022-09-08 01:53:19,259 [EventQueue-NodeRegistrationContainerReportForDataNodeSafeModeRule] WARN  events.EventQueue (EventQueue.java:fireEvent(216)) - No event handler registered for event TypedEvent{payloadType=SafeModeStatus, name='Safe mode status'}
2022-09-08 01:53:19,259 [EventQueue-NodeRegistrationContainerReportForDataNodeSafeModeRule] INFO  ha.SCMContext (SCMContext.java:updateSafeModeStatus(228)) - Update SafeModeStatus from SafeModeStatus{safeModeStatus=true, preCheckPassed=false} to SafeModeStatus{safeModeStatus=true, preCheckPassed=true}.
2022-09-08 01:53:19,259 [EventQueue-NodeRegistrationContainerReportForDataNodeSafeModeRule] INFO  pipeline.BackgroundPipelineCreator (BackgroundPipelineCreator.java:notifyEventTriggered(276)) - trigger a one-shot run on RatisPipelineUtilsThread.
2022-09-08 01:53:19,259 [RatisPipelineUtilsThread - 0] INFO  pipeline.PipelineStateManagerImpl (PipelineStateManagerImpl.java:addPipeline(103)) - Created pipeline Pipeline[ Id: 9bebb16b-4e12-467f-8923-df900c35ea0b, Nodes: 009dccab-c19f-4dcd-8c3d-5390f1d1737a{ip: 10.1.1.0, host: fv-az38-857.qiceih3q1hfe5a3ai3y3qk2fta.cx.internal.cloudapp.net, ports: [REPLICATION=36031, RATIS=41309, RATIS_ADMIN=41309, RATIS_SERVER=41309, STANDALONE=37193], networkLocation: /default-rack, certSerialId: null, persistedOpState: IN_SERVICE, persistedOpStateExpiryEpochSec: 0}, ReplicationConfig: RATIS/ONE, State:ALLOCATED, leaderId:, CreationTimestamp2022-09-08T01:53:19.259Z[Etc/UTC]].
2022-09-08 01:53:19,260 [RatisPipelineUtilsThread - 0] INFO  pipeline.RatisPipelineProvider (RatisPipelineProvider.java:lambda$create$0(195)) - Sending CreatePipelineCommand for pipeline:PipelineID=6290eb8f-c31e-46e2-93ed-eb8cb66aaa49 to datanode:3b94da99-c23d-4519-a6dd-621bbdbf8b87
2022-09-08 01:53:19,260 [RatisPipelineUtilsThread - 0] INFO  pipeline.RatisPipelineProvider (RatisPipelineProvider.java:lambda$create$0(195)) - Sending CreatePipelineCommand for pipeline:PipelineID=6290eb8f-c31e-46e2-93ed-eb8cb66aaa49 to datanode:009dccab-c19f-4dcd-8c3d-5390f1d1737a
2022-09-08 01:53:19,260 [RatisPipelineUtilsThread - 0] INFO  pipeline.RatisPipelineProvider (RatisPipelineProvider.java:lambda$create$0(195)) - Sending CreatePipelineCommand for pipeline:PipelineID=6290eb8f-c31e-46e2-93ed-eb8cb66aaa49 to datanode:b7c9405d-9a73-4fbd-afe8-64bf04b9d794
2022-09-08 01:53:19,260 [RatisPipelineUtilsThread - 0] INFO  pipeline.PipelineStateManagerImpl (PipelineStateManagerImpl.java:addPipeline(103)) - Created pipeline Pipeline[ Id: 6290eb8f-c31e-46e2-93ed-eb8cb66aaa49, Nodes: 3b94da99-c23d-4519-a6dd-621bbdbf8b87{ip: 10.1.1.0, host: fv-az38-857.qiceih3q1hfe5a3ai3y3qk2fta.cx.internal.cloudapp.net, ports: [REPLICATION=34319, RATIS=45179, RATIS_ADMIN=45179, RATIS_SERVER=45179, STANDALONE=45571], networkLocation: /default-rack, certSerialId: null, persistedOpState: IN_SERVICE, persistedOpStateExpiryEpochSec: 0}009dccab-c19f-4dcd-8c3d-5390f1d1737a{ip: 10.1.1.0, host: fv-az38-857.qiceih3q1hfe5a3ai3y3qk2fta.cx.internal.cloudapp.net, ports: [REPLICATION=36031, RATIS=41309, RATIS_ADMIN=41309, RATIS_SERVER=41309, STANDALONE=37193], networkLocation: /default-rack, certSerialId: null, persistedOpState: IN_SERVICE, persistedOpStateExpiryEpochSec: 0}b7c9405d-9a73-4fbd-afe8-64bf04b9d794{ip: 10.1.1.0, host: fv-az38-857.qiceih3q1hfe5a3ai3y3qk2fta.cx.internal.cloudapp.net, ports: [REPLICATION=36513, RATIS=45849, RATIS_ADMIN=45849, RATIS_SERVER=45849, STANDALONE=36161], networkLocation: /default-rack, certSerialId: null, persistedOpState: IN_SERVICE, persistedOpStateExpiryEpochSec: 0}, ReplicationConfig: RATIS/THREE, State:ALLOCATED, leaderId:, CreationTimestamp2022-09-08T01:53:19.260Z[Etc/UTC]].
2022-09-08 01:53:19,261 [RatisPipelineUtilsThread - 0] INFO  pipeline.RatisPipelineProvider (RatisPipelineProvider.java:lambda$create$0(195)) - Sending CreatePipelineCommand for pipeline:PipelineID=fff8cd30-37df-4f6c-9b6b-2303d56e24bd to datanode:009dccab-c19f-4dcd-8c3d-5390f1d1737a
2022-09-08 01:53:19,261 [RatisPipelineUtilsThread - 0] INFO  pipeline.RatisPipelineProvider (RatisPipelineProvider.java:lambda$create$0(195)) - Sending CreatePipelineCommand for pipeline:PipelineID=fff8cd30-37df-4f6c-9b6b-2303d56e24bd to datanode:b7c9405d-9a73-4fbd-afe8-64bf04b9d794
2022-09-08 01:53:19,261 [RatisPipelineUtilsThread - 0] INFO  pipeline.RatisPipelineProvider (RatisPipelineProvider.java:lambda$create$0(195)) - Sending CreatePipelineCommand for pipeline:PipelineID=fff8cd30-37df-4f6c-9b6b-2303d56e24bd to datanode:3b94da99-c23d-4519-a6dd-621bbdbf8b87
2022-09-08 01:53:19,262 [RatisPipelineUtilsThread - 0] INFO  pipeline.PipelineStateManagerImpl (PipelineStateManagerImpl.java:addPipeline(103)) - Created pipeline Pipeline[ Id: fff8cd30-37df-4f6c-9b6b-2303d56e24bd, Nodes: 009dccab-c19f-4dcd-8c3d-5390f1d1737a{ip: 10.1.1.0, host: fv-az38-857.qiceih3q1hfe5a3ai3y3qk2fta.cx.internal.cloudapp.net, ports: [REPLICATION=36031, RATIS=41309, RATIS_ADMIN=41309, RATIS_SERVER=41309, STANDALONE=37193], networkLocation: /default-rack, certSerialId: null, persistedOpState: IN_SERVICE, persistedOpStateExpiryEpochSec: 0}b7c9405d-9a73-4fbd-afe8-64bf04b9d794{ip: 10.1.1.0, host: fv-az38-857.qiceih3q1hfe5a3ai3y3qk2fta.cx.internal.cloudapp.net, ports: [REPLICATION=36513, RATIS=45849, RATIS_ADMIN=45849, RATIS_SERVER=45849, STANDALONE=36161], networkLocation: /default-rack, certSerialId: null, persistedOpState: IN_SERVICE, persistedOpStateExpiryEpochSec: 0}3b94da99-c23d-4519-a6dd-621bbdbf8b87{ip: 10.1.1.0, host: fv-az38-857.qiceih3q1hfe5a3ai3y3qk2fta.cx.internal.cloudapp.net, ports: [REPLICATION=34319, RATIS=45179, RATIS_ADMIN=45179, RATIS_SERVER=45179, STANDALONE=45571], networkLocation: /default-rack, certSerialId: null, persistedOpState: IN_SERVICE, persistedOpStateExpiryEpochSec: 0}, ReplicationConfig: RATIS/THREE, State:ALLOCATED, leaderId:, CreationTimestamp2022-09-08T01:53:19.261Z[Etc/UTC]].
2022-09-08 01:53:19,262 [RatisPipelineUtilsThread - 0] INFO  pipeline.PipelineManagerImpl (PipelineManagerImpl.java:recordMetricsForPipeline(796)) - Pipeline: PipelineID=fff8cd30-37df-4f6c-9b6b-2303d56e24bd contains same datanodes as previous pipelines: PipelineID=6290eb8f-c31e-46e2-93ed-eb8cb66aaa49 nodeIds: 009dccab-c19f-4dcd-8c3d-5390f1d1737a, b7c9405d-9a73-4fbd-afe8-64bf04b9d794, 3b94da99-c23d-4519-a6dd-621bbdbf8b87
2022-09-08 01:53:20,230 [Listener at 127.0.0.1/38893] INFO  ozone.MiniOzoneClusterImpl (MiniOzoneClusterImpl.java:lambda$waitForClusterToBeReady$0(216)) - Nodes are ready. Got 3 of 3 DN Heartbeats.
2022-09-08 01:53:20,230 [Listener at 127.0.0.1/38893] INFO  ozone.MiniOzoneClusterImpl (MiniOzoneClusterImpl.java:lambda$waitForClusterToBeReady$0(219)) - Waiting for cluster to exit safe mode
2022-09-08 01:53:20,231 [Listener at 127.0.0.1/38893] INFO  ozone.MiniOzoneClusterImpl (MiniOzoneClusterImpl.java:lambda$waitForClusterToBeReady$0(221)) - SCM became leader
2022-09-08 01:53:20,717 [Command processor thread] INFO  server.RaftServer (RaftServerProxy.java:addNew(96)) - 3b94da99-c23d-4519-a6dd-621bbdbf8b87: addNew group-D8C425837423:[3b94da99-c23d-4519-a6dd-621bbdbf8b87|rpc:10.1.1.0:45179|priority:1] returns group-D8C425837423:java.util.concurrent.CompletableFuture@695aecd8[Not completed]
2022-09-08 01:53:20,745 [pool-510-thread-1] INFO  server.RaftServer$Division (RaftServerImpl.java:<init>(190)) - 3b94da99-c23d-4519-a6dd-621bbdbf8b87: new RaftServerImpl for group-D8C425837423:[3b94da99-c23d-4519-a6dd-621bbdbf8b87|rpc:10.1.1.0:45179|priority:1] with ContainerStateMachine:uninitialized
2022-09-08 01:53:20,745 [pool-510-thread-1] INFO  server.RaftServerConfigKeys (ConfUtils.java:logGet(46)) - raft.server.rpc.timeout.min = 5s (custom)
2022-09-08 01:53:20,745 [pool-510-thread-1] INFO  server.RaftServerConfigKeys (ConfUtils.java:logGet(46)) - raft.server.rpc.timeout.max = 5200ms (custom)
2022-09-08 01:53:20,745 [pool-510-thread-1] INFO  server.RaftServerConfigKeys (ConfUtils.java:logGet(46)) - raft.server.rpc.sleep.time = 25ms (default)
2022-09-08 01:53:20,745 [pool-510-thread-1] INFO  server.RaftServerConfigKeys (ConfUtils.java:logGet(46)) - raft.server.rpc.slowness.timeout = 300s (custom)
2022-09-08 01:53:20,745 [pool-510-thread-1] INFO  server.RaftServerConfigKeys (ConfUtils.java:logGet(46)) - raft.server.leaderelection.leader.step-down.wait-time = 10s (default)
2022-09-08 01:53:20,745 [pool-510-thread-1] INFO  server.RaftServerConfigKeys (ConfUtils.java:logGet(46)) - raft.server.sleep.deviation.threshold = 300ms (default)
2022-09-08 01:53:20,745 [pool-510-thread-1] INFO  server.RaftServer$Division (ServerState.java:<init>(107)) - 3b94da99-c23d-4519-a6dd-621bbdbf8b87@group-D8C425837423: ConfigurationManager, init=-1: [3b94da99-c23d-4519-a6dd-621bbdbf8b87|rpc:10.1.1.0:45179|priority:1], old=null, confs=<EMPTY_MAP>
2022-09-08 01:53:20,745 [pool-510-thread-1] INFO  server.RaftServerConfigKeys (ConfUtils.java:logGet(46)) - raft.server.storage.dir = [/home/runner/work/ozone/ozone/hadoop-ozone/integration-test/target/test-dir/MiniOzoneClusterImpl-82e34331-d350-4f2b-a416-c6d91b571450/datanode-0/data/ratis] (custom)
2022-09-08 01:53:20,746 [pool-510-thread-1] INFO  server.RaftServerConfigKeys (ConfUtils.java:logGet(46)) - raft.server.log.corruption.policy = EXCEPTION (default)
2022-09-08 01:53:20,746 [pool-510-thread-1] INFO  server.RaftServerConfigKeys (ConfUtils.java:logGet(46)) - raft.server.storage.free-space.min = 0MB (=0) (default)
2022-09-08 01:53:20,746 [pool-510-thread-1] INFO  storage.RaftStorageDirectory (RaftStorageDirectoryImpl.java:analyzeStorage(135)) - The storage directory /home/runner/work/ozone/ozone/hadoop-ozone/integration-test/target/test-dir/MiniOzoneClusterImpl-82e34331-d350-4f2b-a416-c6d91b571450/datanode-0/data/ratis/98dd474d-c751-42b0-9ae3-d8c425837423 does not exist. Creating ...
2022-09-08 01:53:20,748 [pool-510-thread-1] INFO  storage.RaftStorageDirectory (RaftStorageDirectoryImpl.java:tryLock(230)) - Lock on /home/runner/work/ozone/ozone/hadoop-ozone/integration-test/target/test-dir/MiniOzoneClusterImpl-82e34331-d350-4f2b-a416-c6d91b571450/datanode-0/data/ratis/98dd474d-c751-42b0-9ae3-d8c425837423/in_use.lock acquired by nodename 132736@fv-az38-857
2022-09-08 01:53:20,749 [pool-510-thread-1] INFO  storage.RaftStorage (RaftStorageImpl.java:format(89)) - Storage directory /home/runner/work/ozone/ozone/hadoop-ozone/integration-test/target/test-dir/MiniOzoneClusterImpl-82e34331-d350-4f2b-a416-c6d91b571450/datanode-0/data/ratis/98dd474d-c751-42b0-9ae3-d8c425837423 has been successfully formatted.
2022-09-08 01:53:20,750 [pool-510-thread-1] INFO  ratis.ContainerStateMachine (ContainerStateMachine.java:loadSnapshot(236)) - group-D8C425837423: The snapshot info is null. Setting the last applied indexto:(t:0, i:~)
2022-09-08 01:53:20,750 [pool-510-thread-1] INFO  server.RaftServerConfigKeys (ConfUtils.java:logGet(46)) - raft.server.notification.no-leader.timeout = 300s (custom)
2022-09-08 01:53:20,750 [pool-510-thread-1] INFO  server.RaftServerConfigKeys (ConfUtils.java:logGet(46)) - raft.server.log.use.memory = false (default)
2022-09-08 01:53:20,750 [pool-510-thread-1] INFO  server.RaftServerConfigKeys (ConfUtils.java:logGet(46)) - raft.server.log.purge.gap = 1000000 (custom)
2022-09-08 01:53:20,750 [pool-510-thread-1] INFO  server.RaftServerConfigKeys (ConfUtils.java:logGet(46)) - raft.server.log.appender.buffer.byte-limit = 33554432 (custom)
2022-09-08 01:53:20,750 [pool-510-thread-1] INFO  server.RaftServerConfigKeys (ConfUtils.java:logGet(46)) - raft.server.log.statemachine.data.read.timeout = 1000ms (default)
2022-09-08 01:53:20,751 [pool-510-thread-1] INFO  server.RaftServerConfigKeys (ConfUtils.java:logGet(46)) - raft.server.log.segment.size.max = 1048576 (custom)
2022-09-08 01:53:20,751 [EventQueue-PipelineReportForPipelineReportHandler] INFO  pipeline.PipelineManagerImpl (PipelineManagerImpl.java:openPipeline(367)) - Pipeline Pipeline[ Id: 98dd474d-c751-42b0-9ae3-d8c425837423, Nodes: 3b94da99-c23d-4519-a6dd-621bbdbf8b87{ip: 10.1.1.0, host: fv-az38-857.qiceih3q1hfe5a3ai3y3qk2fta.cx.internal.cloudapp.net, ports: [REPLICATION=34319, RATIS=45179, RATIS_ADMIN=45179, RATIS_SERVER=45179, STANDALONE=45571], networkLocation: /default-rack, certSerialId: null, persistedOpState: IN_SERVICE, persistedOpStateExpiryEpochSec: 0}, ReplicationConfig: RATIS/ONE, State:ALLOCATED, leaderId:3b94da99-c23d-4519-a6dd-621bbdbf8b87, CreationTimestamp2022-09-08T01:53:17.727Z[Etc/UTC]] moved to OPEN state
2022-09-08 01:53:20,751 [pool-510-thread-1] INFO  server.RaftServerConfigKeys (ConfUtils.java:logGet(46)) - raft.server.log.segment.cache.num.max = 2 (custom)
2022-09-08 01:53:20,769 [pool-510-thread-1] INFO  server.RaftServerConfigKeys (ConfUtils.java:logGet(46)) - raft.server.log.segment.cache.size.max = 200MB (=209715200) (default)
2022-09-08 01:53:20,769 [pool-510-thread-1] INFO  segmented.SegmentedRaftLogWorker (SegmentedRaftLogWorker.java:<init>(187)) - new 3b94da99-c23d-4519-a6dd-621bbdbf8b87@group-D8C425837423-SegmentedRaftLogWorker for RaftStorageImpl:Storage Directory /home/runner/work/ozone/ozone/hadoop-ozone/integration-test/target/test-dir/MiniOzoneClusterImpl-82e34331-d350-4f2b-a416-c6d91b571450/datanode-0/data/ratis/98dd474d-c751-42b0-9ae3-d8c425837423
2022-09-08 01:53:20,769 [pool-510-thread-1] INFO  server.RaftServerConfigKeys (ConfUtils.java:logGet(46)) - raft.server.log.queue.byte-limit = 4294967296 (custom)
2022-09-08 01:53:20,769 [pool-510-thread-1] INFO  server.RaftServerConfigKeys (ConfUtils.java:logGet(46)) - raft.server.log.queue.element-limit = 1024 (custom)
2022-09-08 01:53:20,769 [pool-510-thread-1] INFO  server.RaftServerConfigKeys (ConfUtils.java:logGet(46)) - raft.server.log.segment.size.max = 1048576 (custom)
2022-09-08 01:53:20,769 [pool-510-thread-1] INFO  server.RaftServerConfigKeys (ConfUtils.java:logGet(46)) - raft.server.log.preallocated.size = 16384 (custom)
2022-09-08 01:53:20,769 [pool-510-thread-1] INFO  server.RaftServerConfigKeys (ConfUtils.java:logGet(46)) - raft.server.log.force.sync.num = 128 (default)
2022-09-08 01:53:20,769 [pool-510-thread-1] INFO  server.RaftServerConfigKeys (ConfUtils.java:logGet(46)) - raft.server.log.statemachine.data.sync = true (default)
2022-09-08 01:53:20,769 [pool-510-thread-1] INFO  server.RaftServerConfigKeys (ConfUtils.java:logGet(46)) - raft.server.log.statemachine.data.sync.timeout = 10s (default)
2022-09-08 01:53:20,769 [pool-510-thread-1] INFO  server.RaftServerConfigKeys (ConfUtils.java:logGet(46)) - raft.server.log.statemachine.data.sync.timeout.retry = -1 (default)
2022-09-08 01:53:20,770 [pool-510-thread-1] INFO  server.RaftServerConfigKeys (ConfUtils.java:logGet(46)) - raft.server.log.write.buffer.size = 1048576 (custom)
2022-09-08 01:53:20,770 [pool-510-thread-1] INFO  server.RaftServerConfigKeys (ConfUtils.java:logGet(46)) - raft.server.log.unsafe-flush.enabled = false (default)
2022-09-08 01:53:20,770 [pool-510-thread-1] INFO  server.RaftServerConfigKeys (ConfUtils.java:logGet(46)) - raft.server.log.statemachine.data.caching.enabled = true (custom)
2022-09-08 01:53:20,771 [pool-510-thread-1] INFO  segmented.SegmentedRaftLogWorker (SegmentedRaftLogWorker.java:lambda$new$0(135)) - 3b94da99-c23d-4519-a6dd-621bbdbf8b87@group-D8C425837423-SegmentedRaftLogWorker: flushIndex: setUnconditionally 0 -> -1
2022-09-08 01:53:20,771 [pool-510-thread-1] INFO  segmented.SegmentedRaftLogWorker (SegmentedRaftLogWorker.java:lambda$new$0(135)) - 3b94da99-c23d-4519-a6dd-621bbdbf8b87@group-D8C425837423-SegmentedRaftLogWorker: safeCacheEvictIndex: setUnconditionally 0 -> -1
2022-09-08 01:53:20,753 [EventQueue-OpenPipelineForHealthyPipelineSafeModeRule] INFO  safemode.SCMSafeModeManager (HealthyPipelineSafeModeRule.java:process(137)) - SCM in safe mode. Healthy pipelines reported count is 0, required healthy pipeline reported count is 1
2022-09-08 01:53:20,781 [pool-510-thread-1] INFO  server.RaftServerConfigKeys (ConfUtils.java:logGet(46)) - raft.server.snapshot.auto.trigger.enabled = true (custom)
2022-09-08 01:53:20,781 [pool-510-thread-1] INFO  server.RaftServerConfigKeys (ConfUtils.java:logGet(46)) - raft.server.snapshot.auto.trigger.threshold = 10000 (custom)
2022-09-08 01:53:20,781 [pool-510-thread-1] INFO  server.RaftServerConfigKeys (ConfUtils.java:logGet(46)) - raft.server.snapshot.retention.file.num = 5 (custom)
2022-09-08 01:53:20,781 [pool-510-thread-1] INFO  server.RaftServerConfigKeys (ConfUtils.java:logGet(46)) - raft.server.log.purge.upto.snapshot.index = false (default)
2022-09-08 01:53:20,781 [pool-510-thread-1] INFO  server.RaftServerConfigKeys (ConfUtils.java:logGet(46)) - raft.server.retrycache.expirytime = 600000ms (custom)
2022-09-08 01:53:20,781 [pool-510-thread-1] INFO  server.RaftServerConfigKeys (ConfUtils.java:logGet(46)) - raft.server.retrycache.statistics.expirytime = 100μs (default)
2022-09-08 01:53:20,782 [pool-510-thread-1] INFO  server.RaftServerConfigKeys (ConfUtils.java:logGet(46)) - raft.server.log.appender.install.snapshot.enabled = false (custom)
2022-09-08 01:53:20,782 [pool-510-thread-1] INFO  server.RaftServerConfigKeys (ConfUtils.java:logGet(46)) - raft.server.threadpool.server.cached = true (default)
2022-09-08 01:53:20,782 [pool-510-thread-1] INFO  server.RaftServerConfigKeys (ConfUtils.java:logGet(46)) - raft.server.threadpool.server.size = 0 (default)
2022-09-08 01:53:20,782 [pool-510-thread-1] INFO  server.RaftServerConfigKeys (ConfUtils.java:logGet(46)) - raft.server.threadpool.client.cached = true (default)
2022-09-08 01:53:20,782 [pool-510-thread-1] INFO  server.RaftServerConfigKeys (ConfUtils.java:logGet(46)) - raft.server.threadpool.client.size = 0 (default)
2022-09-08 01:53:20,783 [pool-510-thread-1] INFO  server.RaftServer$Division (RaftServerImpl.java:start(310)) - 3b94da99-c23d-4519-a6dd-621bbdbf8b87@group-D8C425837423: start as a follower, conf=-1: [3b94da99-c23d-4519-a6dd-621bbdbf8b87|rpc:10.1.1.0:45179|priority:1], old=null
2022-09-08 01:53:20,783 [pool-510-thread-1] INFO  server.RaftServer$Division (RaftServerImpl.java:setRole(299)) - 3b94da99-c23d-4519-a6dd-621bbdbf8b87@group-D8C425837423: changes role from      null to FOLLOWER at term 0 for startAsFollower
2022-09-08 01:53:20,783 [pool-510-thread-1] INFO  impl.RoleInfo (RoleInfo.java:updateAndGet(139)) - 3b94da99-c23d-4519-a6dd-621bbdbf8b87: start 3b94da99-c23d-4519-a6dd-621bbdbf8b87@group-D8C425837423-FollowerState
2022-09-08 01:53:20,791 [pool-510-thread-1] INFO  util.JmxRegister (JmxRegister.java:tryRegister(44)) - Successfully registered JMX Bean with object name Ratis:service=RaftServer,group=group-D8C425837423,id=3b94da99-c23d-4519-a6dd-621bbdbf8b87
2022-09-08 01:53:20,795 [Command processor thread] INFO  ratis.XceiverServerRatis (XceiverServerRatis.java:addGroup(765)) - Created group PipelineID=98dd474d-c751-42b0-9ae3-d8c425837423
2022-09-08 01:53:20,795 [Command processor thread] INFO  commandhandler.CreatePipelineCommandHandler (CreatePipelineCommandHandler.java:handle(113)) - Created Pipeline RATIS ONE PipelineID=98dd474d-c751-42b0-9ae3-d8c425837423.
2022-09-08 01:53:20,795 [Command processor thread] INFO  server.RaftServer (RaftServerProxy.java:addNew(96)) - 3b94da99-c23d-4519-a6dd-621bbdbf8b87: addNew group-EB8CB66AAA49:[b7c9405d-9a73-4fbd-afe8-64bf04b9d794|rpc:10.1.1.0:45849|priority:1, 3b94da99-c23d-4519-a6dd-621bbdbf8b87|rpc:10.1.1.0:45179|priority:0, 009dccab-c19f-4dcd-8c3d-5390f1d1737a|rpc:10.1.1.0:41309|priority:0] returns group-EB8CB66AAA49:java.util.concurrent.CompletableFuture@6d65752b[Not completed]
2022-09-08 01:53:20,796 [pool-510-thread-1] INFO  server.RaftServer$Division (RaftServerImpl.java:<init>(190)) - 3b94da99-c23d-4519-a6dd-621bbdbf8b87: new RaftServerImpl for group-EB8CB66AAA49:[b7c9405d-9a73-4fbd-afe8-64bf04b9d794|rpc:10.1.1.0:45849|priority:1, 3b94da99-c23d-4519-a6dd-621bbdbf8b87|rpc:10.1.1.0:45179|priority:0, 009dccab-c19f-4dcd-8c3d-5390f1d1737a|rpc:10.1.1.0:41309|priority:0] with ContainerStateMachine:uninitialized
2022-09-08 01:53:20,796 [pool-510-thread-1] INFO  server.RaftServerConfigKeys (ConfUtils.java:logGet(46)) - raft.server.rpc.timeout.min = 5s (custom)
2022-09-08 01:53:20,796 [pool-510-thread-1] INFO  server.RaftServerConfigKeys (ConfUtils.java:logGet(46)) - raft.server.rpc.timeout.max = 5200ms (custom)
2022-09-08 01:53:20,796 [pool-510-thread-1] INFO  server.RaftServerConfigKeys (ConfUtils.java:logGet(46)) - raft.server.rpc.sleep.time = 25ms (default)
2022-09-08 01:53:20,796 [pool-510-thread-1] INFO  server.RaftServerConfigKeys (ConfUtils.java:logGet(46)) - raft.server.rpc.slowness.timeout = 300s (custom)
2022-09-08 01:53:20,796 [pool-510-thread-1] INFO  server.RaftServerConfigKeys (ConfUtils.java:logGet(46)) - raft.server.leaderelection.leader.step-down.wait-time = 10s (default)
2022-09-08 01:53:20,796 [pool-510-thread-1] INFO  server.RaftServerConfigKeys (ConfUtils.java:logGet(46)) - raft.server.sleep.deviation.threshold = 300ms (default)
2022-09-08 01:53:20,829 [pool-510-thread-1] INFO  server.RaftServer$Division (ServerState.java:<init>(107)) - 3b94da99-c23d-4519-a6dd-621bbdbf8b87@group-EB8CB66AAA49: ConfigurationManager, init=-1: [b7c9405d-9a73-4fbd-afe8-64bf04b9d794|rpc:10.1.1.0:45849|priority:1, 3b94da99-c23d-4519-a6dd-621bbdbf8b87|rpc:10.1.1.0:45179|priority:0, 009dccab-c19f-4dcd-8c3d-5390f1d1737a|rpc:10.1.1.0:41309|priority:0], old=null, confs=<EMPTY_MAP>
2022-09-08 01:53:20,829 [pool-510-thread-1] INFO  server.RaftServerConfigKeys (ConfUtils.java:logGet(46)) - raft.server.storage.dir = [/home/runner/work/ozone/ozone/hadoop-ozone/integration-test/target/test-dir/MiniOzoneClusterImpl-82e34331-d350-4f2b-a416-c6d91b571450/datanode-0/data/ratis] (custom)
2022-09-08 01:53:20,829 [pool-510-thread-1] INFO  server.RaftServerConfigKeys (ConfUtils.java:logGet(46)) - raft.server.log.corruption.policy = EXCEPTION (default)
2022-09-08 01:53:20,829 [pool-510-thread-1] INFO  server.RaftServerConfigKeys (ConfUtils.java:logGet(46)) - raft.server.storage.free-space.min = 0MB (=0) (default)
2022-09-08 01:53:20,830 [pool-510-thread-1] INFO  storage.RaftStorageDirectory (RaftStorageDirectoryImpl.java:analyzeStorage(135)) - The storage directory /home/runner/work/ozone/ozone/hadoop-ozone/integration-test/target/test-dir/MiniOzoneClusterImpl-82e34331-d350-4f2b-a416-c6d91b571450/datanode-0/data/ratis/6290eb8f-c31e-46e2-93ed-eb8cb66aaa49 does not exist. Creating ...
2022-09-08 01:53:20,833 [pool-510-thread-1] INFO  storage.RaftStorageDirectory (RaftStorageDirectoryImpl.java:tryLock(230)) - Lock on /home/runner/work/ozone/ozone/hadoop-ozone/integration-test/target/test-dir/MiniOzoneClusterImpl-82e34331-d350-4f2b-a416-c6d91b571450/datanode-0/data/ratis/6290eb8f-c31e-46e2-93ed-eb8cb66aaa49/in_use.lock acquired by nodename 132736@fv-az38-857
2022-09-08 01:53:20,834 [pool-510-thread-1] INFO  storage.RaftStorage (RaftStorageImpl.java:format(89)) - Storage directory /home/runner/work/ozone/ozone/hadoop-ozone/integration-test/target/test-dir/MiniOzoneClusterImpl-82e34331-d350-4f2b-a416-c6d91b571450/datanode-0/data/ratis/6290eb8f-c31e-46e2-93ed-eb8cb66aaa49 has been successfully formatted.
2022-09-08 01:53:20,835 [pool-510-thread-1] INFO  ratis.ContainerStateMachine (ContainerStateMachine.java:loadSnapshot(236)) - group-EB8CB66AAA49: The snapshot info is null. Setting the last applied indexto:(t:0, i:~)
2022-09-08 01:53:20,835 [pool-510-thread-1] INFO  server.RaftServerConfigKeys (ConfUtils.java:logGet(46)) - raft.server.notification.no-leader.timeout = 300s (custom)
2022-09-08 01:53:20,835 [pool-510-thread-1] INFO  server.RaftServerConfigKeys (ConfUtils.java:logGet(46)) - raft.server.log.use.memory = false (default)
2022-09-08 01:53:20,835 [pool-510-thread-1] INFO  server.RaftServerConfigKeys (ConfUtils.java:logGet(46)) - raft.server.log.purge.gap = 1000000 (custom)
2022-09-08 01:53:20,835 [pool-510-thread-1] INFO  server.RaftServerConfigKeys (ConfUtils.java:logGet(46)) - raft.server.log.appender.buffer.byte-limit = 33554432 (custom)
2022-09-08 01:53:20,835 [pool-510-thread-1] INFO  server.RaftServerConfigKeys (ConfUtils.java:logGet(46)) - raft.server.log.statemachine.data.read.timeout = 1000ms (default)
2022-09-08 01:53:20,835 [pool-510-thread-1] INFO  server.RaftServerConfigKeys (ConfUtils.java:logGet(46)) - raft.server.log.segment.size.max = 1048576 (custom)
2022-09-08 01:53:20,848 [pool-510-thread-1] INFO  server.RaftServerConfigKeys (ConfUtils.java:logGet(46)) - raft.server.log.segment.cache.num.max = 2 (custom)
2022-09-08 01:53:20,849 [EventQueue-OpenPipelineForHealthyPipelineSafeModeRule] INFO  safemode.SCMSafeModeManager (HealthyPipelineSafeModeRule.java:process(137)) - SCM in safe mode. Healthy pipelines reported count is 0, required healthy pipeline reported count is 1
2022-09-08 01:53:20,874 [pool-510-thread-1] INFO  server.RaftServerConfigKeys (ConfUtils.java:logGet(46)) - raft.server.log.segment.cache.size.max = 200MB (=209715200) (default)
2022-09-08 01:53:20,874 [pool-510-thread-1] INFO  segmented.SegmentedRaftLogWorker (SegmentedRaftLogWorker.java:<init>(187)) - new 3b94da99-c23d-4519-a6dd-621bbdbf8b87@group-EB8CB66AAA49-SegmentedRaftLogWorker for RaftStorageImpl:Storage Directory /home/runner/work/ozone/ozone/hadoop-ozone/integration-test/target/test-dir/MiniOzoneClusterImpl-82e34331-d350-4f2b-a416-c6d91b571450/datanode-0/data/ratis/6290eb8f-c31e-46e2-93ed-eb8cb66aaa49
2022-09-08 01:53:20,874 [pool-510-thread-1] INFO  server.RaftServerConfigKeys (ConfUtils.java:logGet(46)) - raft.server.log.queue.byte-limit = 4294967296 (custom)
2022-09-08 01:53:20,874 [pool-510-thread-1] INFO  server.RaftServerConfigKeys (ConfUtils.java:logGet(46)) - raft.server.log.queue.element-limit = 1024 (custom)
2022-09-08 01:53:20,874 [pool-510-thread-1] INFO  server.RaftServerConfigKeys (ConfUtils.java:logGet(46)) - raft.server.log.segment.size.max = 1048576 (custom)
2022-09-08 01:53:20,874 [pool-510-thread-1] INFO  server.RaftServerConfigKeys (ConfUtils.java:logGet(46)) - raft.server.log.preallocated.size = 16384 (custom)
2022-09-08 01:53:20,874 [pool-510-thread-1] INFO  server.RaftServerConfigKeys (ConfUtils.java:logGet(46)) - raft.server.log.force.sync.num = 128 (default)
2022-09-08 01:53:20,874 [pool-510-thread-1] INFO  server.RaftServerConfigKeys (ConfUtils.java:logGet(46)) - raft.server.log.statemachine.data.sync = true (default)
2022-09-08 01:53:20,874 [pool-510-thread-1] INFO  server.RaftServerConfigKeys (ConfUtils.java:logGet(46)) - raft.server.log.statemachine.data.sync.timeout = 10s (default)
2022-09-08 01:53:20,874 [pool-510-thread-1] INFO  server.RaftServerConfigKeys (ConfUtils.java:logGet(46)) - raft.server.log.statemachine.data.sync.timeout.retry = -1 (default)
2022-09-08 01:53:20,875 [pool-510-thread-1] INFO  server.RaftServerConfigKeys (ConfUtils.java:logGet(46)) - raft.server.log.write.buffer.size = 1048576 (custom)
2022-09-08 01:53:20,881 [pool-510-thread-1] INFO  server.RaftServerConfigKeys (ConfUtils.java:logGet(46)) - raft.server.log.unsafe-flush.enabled = false (default)
2022-09-08 01:53:20,881 [pool-510-thread-1] INFO  server.RaftServerConfigKeys (ConfUtils.java:logGet(46)) - raft.server.log.statemachine.data.caching.enabled = true (custom)
2022-09-08 01:53:20,881 [pool-510-thread-1] INFO  segmented.SegmentedRaftLogWorker (SegmentedRaftLogWorker.java:lambda$new$0(135)) - 3b94da99-c23d-4519-a6dd-621bbdbf8b87@group-EB8CB66AAA49-SegmentedRaftLogWorker: flushIndex: setUnconditionally 0 -> -1
2022-09-08 01:53:20,881 [pool-510-thread-1] INFO  segmented.SegmentedRaftLogWorker (SegmentedRaftLogWorker.java:lambda$new$0(135)) - 3b94da99-c23d-4519-a6dd-621bbdbf8b87@group-EB8CB66AAA49-SegmentedRaftLogWorker: safeCacheEvictIndex: setUnconditionally 0 -> -1
2022-09-08 01:53:20,892 [pool-510-thread-1] INFO  server.RaftServerConfigKeys (ConfUtils.java:logGet(46)) - raft.server.snapshot.auto.trigger.enabled = true (custom)
2022-09-08 01:53:20,892 [pool-510-thread-1] INFO  server.RaftServerConfigKeys (ConfUtils.java:logGet(46)) - raft.server.snapshot.auto.trigger.threshold = 10000 (custom)
2022-09-08 01:53:20,892 [pool-510-thread-1] INFO  server.RaftServerConfigKeys (ConfUtils.java:logGet(46)) - raft.server.snapshot.retention.file.num = 5 (custom)
2022-09-08 01:53:20,892 [pool-510-thread-1] INFO  server.RaftServerConfigKeys (ConfUtils.java:logGet(46)) - raft.server.log.purge.upto.snapshot.index = false (default)
2022-09-08 01:53:20,892 [pool-510-thread-1] INFO  server.RaftServerConfigKeys (ConfUtils.java:logGet(46)) - raft.server.retrycache.expirytime = 600000ms (custom)
2022-09-08 01:53:20,892 [pool-510-thread-1] INFO  server.RaftServerConfigKeys (ConfUtils.java:logGet(46)) - raft.server.retrycache.statistics.expirytime = 100μs (default)
2022-09-08 01:53:20,893 [pool-510-thread-1] INFO  server.RaftServerConfigKeys (ConfUtils.java:logGet(46)) - raft.server.log.appender.install.snapshot.enabled = false (custom)
2022-09-08 01:53:20,893 [pool-510-thread-1] INFO  server.RaftServerConfigKeys (ConfUtils.java:logGet(46)) - raft.server.threadpool.server.cached = true (default)
2022-09-08 01:53:20,893 [pool-510-thread-1] INFO  server.RaftServerConfigKeys (ConfUtils.java:logGet(46)) - raft.server.threadpool.server.size = 0 (default)
2022-09-08 01:53:20,893 [pool-510-thread-1] INFO  server.RaftServerConfigKeys (ConfUtils.java:logGet(46)) - raft.server.threadpool.client.cached = true (default)
2022-09-08 01:53:20,893 [pool-510-thread-1] INFO  server.RaftServerConfigKeys (ConfUtils.java:logGet(46)) - raft.server.threadpool.client.size = 0 (default)
2022-09-08 01:53:20,893 [pool-510-thread-1] INFO  server.RaftServer$Division (RaftServerImpl.java:start(310)) - 3b94da99-c23d-4519-a6dd-621bbdbf8b87@group-EB8CB66AAA49: start as a follower, conf=-1: [b7c9405d-9a73-4fbd-afe8-64bf04b9d794|rpc:10.1.1.0:45849|priority:1, 3b94da99-c23d-4519-a6dd-621bbdbf8b87|rpc:10.1.1.0:45179|priority:0, 009dccab-c19f-4dcd-8c3d-5390f1d1737a|rpc:10.1.1.0:41309|priority:0], old=null
2022-09-08 01:53:20,893 [pool-510-thread-1] INFO  server.RaftServer$Division (RaftServerImpl.java:setRole(299)) - 3b94da99-c23d-4519-a6dd-621bbdbf8b87@group-EB8CB66AAA49: changes role from      null to FOLLOWER at term 0 for startAsFollower
2022-09-08 01:53:20,893 [pool-510-thread-1] INFO  impl.RoleInfo (RoleInfo.java:updateAndGet(139)) - 3b94da99-c23d-4519-a6dd-621bbdbf8b87: start 3b94da99-c23d-4519-a6dd-621bbdbf8b87@group-EB8CB66AAA49-FollowerState
2022-09-08 01:53:20,895 [pool-510-thread-1] INFO  util.JmxRegister (JmxRegister.java:tryRegister(44)) - Successfully registered JMX Bean with object name Ratis:service=RaftServer,group=group-EB8CB66AAA49,id=3b94da99-c23d-4519-a6dd-621bbdbf8b87
2022-09-08 01:53:20,913 [Command processor thread] INFO  ratis.XceiverServerRatis (XceiverServerRatis.java:addGroup(765)) - Created group PipelineID=6290eb8f-c31e-46e2-93ed-eb8cb66aaa49
2022-09-08 01:53:21,017 [grpc-default-executor-0] INFO  server.RaftServer (RaftServerProxy.java:addNew(96)) - 009dccab-c19f-4dcd-8c3d-5390f1d1737a: addNew group-EB8CB66AAA49:[b7c9405d-9a73-4fbd-afe8-64bf04b9d794|rpc:10.1.1.0:45849|dataStream:|priority:1, 3b94da99-c23d-4519-a6dd-621bbdbf8b87|rpc:10.1.1.0:45179|dataStream:|priority:0, 009dccab-c19f-4dcd-8c3d-5390f1d1737a|rpc:10.1.1.0:41309|dataStream:|priority:0] returns group-EB8CB66AAA49:java.util.concurrent.CompletableFuture@787aee33[Not completed]
2022-09-08 01:53:21,050 [pool-556-thread-1] INFO  server.RaftServer$Division (RaftServerImpl.java:<init>(190)) - 009dccab-c19f-4dcd-8c3d-5390f1d1737a: new RaftServerImpl for group-EB8CB66AAA49:[b7c9405d-9a73-4fbd-afe8-64bf04b9d794|rpc:10.1.1.0:45849|dataStream:|priority:1, 3b94da99-c23d-4519-a6dd-621bbdbf8b87|rpc:10.1.1.0:45179|dataStream:|priority:0, 009dccab-c19f-4dcd-8c3d-5390f1d1737a|rpc:10.1.1.0:41309|dataStream:|priority:0] with ContainerStateMachine:uninitialized
2022-09-08 01:53:21,050 [pool-556-thread-1] INFO  server.RaftServerConfigKeys (ConfUtils.java:logGet(46)) - raft.server.rpc.timeout.min = 5s (custom)
2022-09-08 01:53:21,050 [pool-556-thread-1] INFO  server.RaftServerConfigKeys (ConfUtils.java:logGet(46)) - raft.server.rpc.timeout.max = 5200ms (custom)
2022-09-08 01:53:21,050 [pool-556-thread-1] INFO  server.RaftServerConfigKeys (ConfUtils.java:logGet(46)) - raft.server.rpc.sleep.time = 25ms (default)
2022-09-08 01:53:21,050 [pool-556-thread-1] INFO  server.RaftServerConfigKeys (ConfUtils.java:logGet(46)) - raft.server.rpc.slowness.timeout = 300s (custom)
2022-09-08 01:53:21,050 [pool-556-thread-1] INFO  server.RaftServerConfigKeys (ConfUtils.java:logGet(46)) - raft.server.leaderelection.leader.step-down.wait-time = 10s (default)
2022-09-08 01:53:21,050 [pool-556-thread-1] INFO  server.RaftServerConfigKeys (ConfUtils.java:logGet(46)) - raft.server.sleep.deviation.threshold = 300ms (default)
2022-09-08 01:53:21,050 [pool-556-thread-1] INFO  server.RaftServer$Division (ServerState.java:<init>(107)) - 009dccab-c19f-4dcd-8c3d-5390f1d1737a@group-EB8CB66AAA49: ConfigurationManager, init=-1: [b7c9405d-9a73-4fbd-afe8-64bf04b9d794|rpc:10.1.1.0:45849|dataStream:|priority:1, 3b94da99-c23d-4519-a6dd-621bbdbf8b87|rpc:10.1.1.0:45179|dataStream:|priority:0, 009dccab-c19f-4dcd-8c3d-5390f1d1737a|rpc:10.1.1.0:41309|dataStream:|priority:0], old=null, confs=<EMPTY_MAP>
2022-09-08 01:53:21,050 [pool-556-thread-1] INFO  server.RaftServerConfigKeys (ConfUtils.java:logGet(46)) - raft.server.storage.dir = [/home/runner/work/ozone/ozone/hadoop-ozone/integration-test/target/test-dir/MiniOzoneClusterImpl-82e34331-d350-4f2b-a416-c6d91b571450/datanode-2/data/ratis] (custom)
2022-09-08 01:53:21,050 [pool-556-thread-1] INFO  server.RaftServerConfigKeys (ConfUtils.java:logGet(46)) - raft.server.log.corruption.policy = EXCEPTION (default)
2022-09-08 01:53:21,050 [pool-556-thread-1] INFO  server.RaftServerConfigKeys (ConfUtils.java:logGet(46)) - raft.server.storage.free-space.min = 0MB (=0) (default)
2022-09-08 01:53:21,050 [pool-556-thread-1] INFO  storage.RaftStorageDirectory (RaftStorageDirectoryImpl.java:analyzeStorage(135)) - The storage directory /home/runner/work/ozone/ozone/hadoop-ozone/integration-test/target/test-dir/MiniOzoneClusterImpl-82e34331-d350-4f2b-a416-c6d91b571450/datanode-2/data/ratis/6290eb8f-c31e-46e2-93ed-eb8cb66aaa49 does not exist. Creating ...
2022-09-08 01:53:21,052 [pool-556-thread-1] INFO  storage.RaftStorageDirectory (RaftStorageDirectoryImpl.java:tryLock(230)) - Lock on /home/runner/work/ozone/ozone/hadoop-ozone/integration-test/target/test-dir/MiniOzoneClusterImpl-82e34331-d350-4f2b-a416-c6d91b571450/datanode-2/data/ratis/6290eb8f-c31e-46e2-93ed-eb8cb66aaa49/in_use.lock acquired by nodename 132736@fv-az38-857
2022-09-08 01:53:21,089 [pool-556-thread-1] INFO  storage.RaftStorage (RaftStorageImpl.java:format(89)) - Storage directory /home/runner/work/ozone/ozone/hadoop-ozone/integration-test/target/test-dir/MiniOzoneClusterImpl-82e34331-d350-4f2b-a416-c6d91b571450/datanode-2/data/ratis/6290eb8f-c31e-46e2-93ed-eb8cb66aaa49 has been successfully formatted.
2022-09-08 01:53:21,089 [pool-556-thread-1] INFO  ratis.ContainerStateMachine (ContainerStateMachine.java:loadSnapshot(236)) - group-EB8CB66AAA49: The snapshot info is null. Setting the last applied indexto:(t:0, i:~)
2022-09-08 01:53:21,089 [pool-556-thread-1] INFO  server.RaftServerConfigKeys (ConfUtils.java:logGet(46)) - raft.server.notification.no-leader.timeout = 300s (custom)
2022-09-08 01:53:21,089 [pool-556-thread-1] INFO  server.RaftServerConfigKeys (ConfUtils.java:logGet(46)) - raft.server.log.use.memory = false (default)
2022-09-08 01:53:21,089 [pool-556-thread-1] INFO  server.RaftServerConfigKeys (ConfUtils.java:logGet(46)) - raft.server.log.purge.gap = 1000000 (custom)
2022-09-08 01:53:21,090 [pool-556-thread-1] INFO  server.RaftServerConfigKeys (ConfUtils.java:logGet(46)) - raft.server.log.appender.buffer.byte-limit = 33554432 (custom)
2022-09-08 01:53:21,090 [pool-556-thread-1] INFO  server.RaftServerConfigKeys (ConfUtils.java:logGet(46)) - raft.server.log.statemachine.data.read.timeout = 1000ms (default)
2022-09-08 01:53:21,090 [pool-556-thread-1] INFO  server.RaftServerConfigKeys (ConfUtils.java:logGet(46)) - raft.server.log.segment.size.max = 1048576 (custom)
2022-09-08 01:53:21,090 [pool-556-thread-1] INFO  server.RaftServerConfigKeys (ConfUtils.java:logGet(46)) - raft.server.log.segment.cache.num.max = 2 (custom)
2022-09-08 01:53:21,090 [pool-556-thread-1] INFO  server.RaftServerConfigKeys (ConfUtils.java:logGet(46)) - raft.server.log.segment.cache.size.max = 200MB (=209715200) (default)
2022-09-08 01:53:21,090 [pool-556-thread-1] INFO  segmented.SegmentedRaftLogWorker (SegmentedRaftLogWorker.java:<init>(187)) - new 009dccab-c19f-4dcd-8c3d-5390f1d1737a@group-EB8CB66AAA49-SegmentedRaftLogWorker for RaftStorageImpl:Storage Directory /home/runner/work/ozone/ozone/hadoop-ozone/integration-test/target/test-dir/MiniOzoneClusterImpl-82e34331-d350-4f2b-a416-c6d91b571450/datanode-2/data/ratis/6290eb8f-c31e-46e2-93ed-eb8cb66aaa49
2022-09-08 01:53:21,090 [pool-556-thread-1] INFO  server.RaftServerConfigKeys (ConfUtils.java:logGet(46)) - raft.server.log.queue.byte-limit = 4294967296 (custom)
2022-09-08 01:53:21,090 [pool-556-thread-1] INFO  server.RaftServerConfigKeys (ConfUtils.java:logGet(46)) - raft.server.log.queue.element-limit = 1024 (custom)
2022-09-08 01:53:21,090 [pool-556-thread-1] INFO  server.RaftServerConfigKeys (ConfUtils.java:logGet(46)) - raft.server.log.segment.size.max = 1048576 (custom)
2022-09-08 01:53:21,090 [pool-556-thread-1] INFO  server.RaftServerConfigKeys (ConfUtils.java:logGet(46)) - raft.server.log.preallocated.size = 16384 (custom)
2022-09-08 01:53:21,090 [pool-556-thread-1] INFO  server.RaftServerConfigKeys (ConfUtils.java:logGet(46)) - raft.server.log.force.sync.num = 128 (default)
2022-09-08 01:53:21,090 [pool-556-thread-1] INFO  server.RaftServerConfigKeys (ConfUtils.java:logGet(46)) - raft.server.log.statemachine.data.sync = true (default)
2022-09-08 01:53:21,090 [pool-556-thread-1] INFO  server.RaftServerConfigKeys (ConfUtils.java:logGet(46)) - raft.server.log.statemachine.data.sync.timeout = 10s (default)
2022-09-08 01:53:21,090 [pool-556-thread-1] INFO  server.RaftServerConfigKeys (ConfUtils.java:logGet(46)) - raft.server.log.statemachine.data.sync.timeout.retry = -1 (default)
2022-09-08 01:53:21,091 [pool-556-thread-1] INFO  server.RaftServerConfigKeys (ConfUtils.java:logGet(46)) - raft.server.log.write.buffer.size = 1048576 (custom)
2022-09-08 01:53:21,092 [pool-556-thread-1] INFO  server.RaftServerConfigKeys (ConfUtils.java:logGet(46)) - raft.server.log.unsafe-flush.enabled = false (default)
2022-09-08 01:53:21,092 [pool-556-thread-1] INFO  server.RaftServerConfigKeys (ConfUtils.java:logGet(46)) - raft.server.log.statemachine.data.caching.enabled = true (custom)
2022-09-08 01:53:21,092 [pool-556-thread-1] INFO  segmented.SegmentedRaftLogWorker (SegmentedRaftLogWorker.java:lambda$new$0(135)) - 009dccab-c19f-4dcd-8c3d-5390f1d1737a@group-EB8CB66AAA49-SegmentedRaftLogWorker: flushIndex: setUnconditionally 0 -> -1
2022-09-08 01:53:21,092 [pool-556-thread-1] INFO  segmented.SegmentedRaftLogWorker (SegmentedRaftLogWorker.java:lambda$new$0(135)) - 009dccab-c19f-4dcd-8c3d-5390f1d1737a@group-EB8CB66AAA49-SegmentedRaftLogWorker: safeCacheEvictIndex: setUnconditionally 0 -> -1
2022-09-08 01:53:21,111 [pool-556-thread-1] INFO  server.RaftServerConfigKeys (ConfUtils.java:logGet(46)) - raft.server.snapshot.auto.trigger.enabled = true (custom)
2022-09-08 01:53:21,111 [pool-556-thread-1] INFO  server.RaftServerConfigKeys (ConfUtils.java:logGet(46)) - raft.server.snapshot.auto.trigger.threshold = 10000 (custom)
2022-09-08 01:53:21,111 [pool-556-thread-1] INFO  server.RaftServerConfigKeys (ConfUtils.java:logGet(46)) - raft.server.snapshot.retention.file.num = 5 (custom)
2022-09-08 01:53:21,112 [pool-556-thread-1] INFO  server.RaftServerConfigKeys (ConfUtils.java:logGet(46)) - raft.server.log.purge.upto.snapshot.index = false (default)
2022-09-08 01:53:21,112 [pool-556-thread-1] INFO  server.RaftServerConfigKeys (ConfUtils.java:logGet(46)) - raft.server.retrycache.expirytime = 600000ms (custom)
2022-09-08 01:53:21,112 [pool-556-thread-1] INFO  server.RaftServerConfigKeys (ConfUtils.java:logGet(46)) - raft.server.retrycache.statistics.expirytime = 100μs (default)
2022-09-08 01:53:21,113 [pool-556-thread-1] INFO  server.RaftServerConfigKeys (ConfUtils.java:logGet(46)) - raft.server.log.appender.install.snapshot.enabled = false (custom)
2022-09-08 01:53:21,113 [pool-556-thread-1] INFO  server.RaftServerConfigKeys (ConfUtils.java:logGet(46)) - raft.server.threadpool.server.cached = true (default)
2022-09-08 01:53:21,113 [pool-556-thread-1] INFO  server.RaftServerConfigKeys (ConfUtils.java:logGet(46)) - raft.server.threadpool.server.size = 0 (default)
2022-09-08 01:53:21,113 [pool-556-thread-1] INFO  server.RaftServerConfigKeys (ConfUtils.java:logGet(46)) - raft.server.threadpool.client.cached = true (default)
2022-09-08 01:53:21,113 [pool-556-thread-1] INFO  server.RaftServerConfigKeys (ConfUtils.java:logGet(46)) - raft.server.threadpool.client.size = 0 (default)
2022-09-08 01:53:21,113 [pool-556-thread-1] INFO  server.RaftServer$Division (RaftServerImpl.java:start(310)) - 009dccab-c19f-4dcd-8c3d-5390f1d1737a@group-EB8CB66AAA49: start as a follower, conf=-1: [b7c9405d-9a73-4fbd-afe8-64bf04b9d794|rpc:10.1.1.0:45849|dataStream:|priority:1, 3b94da99-c23d-4519-a6dd-621bbdbf8b87|rpc:10.1.1.0:45179|dataStream:|priority:0, 009dccab-c19f-4dcd-8c3d-5390f1d1737a|rpc:10.1.1.0:41309|dataStream:|priority:0], old=null
2022-09-08 01:53:21,113 [pool-556-thread-1] INFO  server.RaftServer$Division (RaftServerImpl.java:setRole(299)) - 009dccab-c19f-4dcd-8c3d-5390f1d1737a@group-EB8CB66AAA49: changes role from      null to FOLLOWER at term 0 for startAsFollower
2022-09-08 01:53:21,113 [pool-556-thread-1] INFO  impl.RoleInfo (RoleInfo.java:updateAndGet(139)) - 009dccab-c19f-4dcd-8c3d-5390f1d1737a: start 009dccab-c19f-4dcd-8c3d-5390f1d1737a@group-EB8CB66AAA49-FollowerState
2022-09-08 01:53:21,124 [pool-556-thread-1] INFO  util.JmxRegister (JmxRegister.java:tryRegister(44)) - Successfully registered JMX Bean with object name Ratis:service=RaftServer,group=group-EB8CB66AAA49,id=009dccab-c19f-4dcd-8c3d-5390f1d1737a
2022-09-08 01:53:21,233 [Listener at 127.0.0.1/38893] INFO  ozone.MiniOzoneClusterImpl (MiniOzoneClusterImpl.java:lambda$waitForClusterToBeReady$0(216)) - Nodes are ready. Got 3 of 3 DN Heartbeats.
2022-09-08 01:53:21,233 [Listener at 127.0.0.1/38893] INFO  ozone.MiniOzoneClusterImpl (MiniOzoneClusterImpl.java:lambda$waitForClusterToBeReady$0(219)) - Waiting for cluster to exit safe mode
2022-09-08 01:53:21,233 [Listener at 127.0.0.1/38893] INFO  ozone.MiniOzoneClusterImpl (MiniOzoneClusterImpl.java:lambda$waitForClusterToBeReady$0(221)) - SCM became leader
2022-09-08 01:53:21,245 [grpc-default-executor-0] INFO  server.RaftServer (RaftServerProxy.java:addNew(96)) - b7c9405d-9a73-4fbd-afe8-64bf04b9d794: addNew group-EB8CB66AAA49:[b7c9405d-9a73-4fbd-afe8-64bf04b9d794|rpc:10.1.1.0:45849|dataStream:|priority:1, 3b94da99-c23d-4519-a6dd-621bbdbf8b87|rpc:10.1.1.0:45179|dataStream:|priority:0, 009dccab-c19f-4dcd-8c3d-5390f1d1737a|rpc:10.1.1.0:41309|dataStream:|priority:0] returns group-EB8CB66AAA49:java.util.concurrent.CompletableFuture@164a9ccb[Not completed]
2022-09-08 01:53:21,253 [pool-533-thread-1] INFO  server.RaftServer$Division (RaftServerImpl.java:<init>(190)) - b7c9405d-9a73-4fbd-afe8-64bf04b9d794: new RaftServerImpl for group-EB8CB66AAA49:[b7c9405d-9a73-4fbd-afe8-64bf04b9d794|rpc:10.1.1.0:45849|dataStream:|priority:1, 3b94da99-c23d-4519-a6dd-621bbdbf8b87|rpc:10.1.1.0:45179|dataStream:|priority:0, 009dccab-c19f-4dcd-8c3d-5390f1d1737a|rpc:10.1.1.0:41309|dataStream:|priority:0] with ContainerStateMachine:uninitialized
2022-09-08 01:53:21,254 [pool-533-thread-1] INFO  server.RaftServerConfigKeys (ConfUtils.java:logGet(46)) - raft.server.rpc.timeout.min = 5s (custom)
2022-09-08 01:53:21,254 [pool-533-thread-1] INFO  server.RaftServerConfigKeys (ConfUtils.java:logGet(46)) - raft.server.rpc.timeout.max = 5200ms (custom)
2022-09-08 01:53:21,254 [pool-533-thread-1] INFO  server.RaftServerConfigKeys (ConfUtils.java:logGet(46)) - raft.server.rpc.sleep.time = 25ms (default)
2022-09-08 01:53:21,254 [pool-533-thread-1] INFO  server.RaftServerConfigKeys (ConfUtils.java:logGet(46)) - raft.server.rpc.slowness.timeout = 300s (custom)
2022-09-08 01:53:21,254 [pool-533-thread-1] INFO  server.RaftServerConfigKeys (ConfUtils.java:logGet(46)) - raft.server.leaderelection.leader.step-down.wait-time = 10s (default)
2022-09-08 01:53:21,254 [pool-533-thread-1] INFO  server.RaftServerConfigKeys (ConfUtils.java:logGet(46)) - raft.server.sleep.deviation.threshold = 300ms (default)
2022-09-08 01:53:21,254 [pool-533-thread-1] INFO  server.RaftServer$Division (ServerState.java:<init>(107)) - b7c9405d-9a73-4fbd-afe8-64bf04b9d794@group-EB8CB66AAA49: ConfigurationManager, init=-1: [b7c9405d-9a73-4fbd-afe8-64bf04b9d794|rpc:10.1.1.0:45849|dataStream:|priority:1, 3b94da99-c23d-4519-a6dd-621bbdbf8b87|rpc:10.1.1.0:45179|dataStream:|priority:0, 009dccab-c19f-4dcd-8c3d-5390f1d1737a|rpc:10.1.1.0:41309|dataStream:|priority:0], old=null, confs=<EMPTY_MAP>
2022-09-08 01:53:21,254 [pool-533-thread-1] INFO  server.RaftServerConfigKeys (ConfUtils.java:logGet(46)) - raft.server.storage.dir = [/home/runner/work/ozone/ozone/hadoop-ozone/integration-test/target/test-dir/MiniOzoneClusterImpl-82e34331-d350-4f2b-a416-c6d91b571450/datanode-1/data/ratis] (custom)
2022-09-08 01:53:21,254 [pool-533-thread-1] INFO  server.RaftServerConfigKeys (ConfUtils.java:logGet(46)) - raft.server.log.corruption.policy = EXCEPTION (default)
2022-09-08 01:53:21,254 [pool-533-thread-1] INFO  server.RaftServerConfigKeys (ConfUtils.java:logGet(46)) - raft.server.storage.free-space.min = 0MB (=0) (default)
2022-09-08 01:53:21,254 [pool-533-thread-1] INFO  storage.RaftStorageDirectory (RaftStorageDirectoryImpl.java:analyzeStorage(135)) - The storage directory /home/runner/work/ozone/ozone/hadoop-ozone/integration-test/target/test-dir/MiniOzoneClusterImpl-82e34331-d350-4f2b-a416-c6d91b571450/datanode-1/data/ratis/6290eb8f-c31e-46e2-93ed-eb8cb66aaa49 does not exist. Creating ...
2022-09-08 01:53:21,255 [pool-533-thread-1] INFO  storage.RaftStorageDirectory (RaftStorageDirectoryImpl.java:tryLock(230)) - Lock on /home/runner/work/ozone/ozone/hadoop-ozone/integration-test/target/test-dir/MiniOzoneClusterImpl-82e34331-d350-4f2b-a416-c6d91b571450/datanode-1/data/ratis/6290eb8f-c31e-46e2-93ed-eb8cb66aaa49/in_use.lock acquired by nodename 132736@fv-az38-857
2022-09-08 01:53:21,263 [pool-533-thread-1] INFO  storage.RaftStorage (RaftStorageImpl.java:format(89)) - Storage directory /home/runner/work/ozone/ozone/hadoop-ozone/integration-test/target/test-dir/MiniOzoneClusterImpl-82e34331-d350-4f2b-a416-c6d91b571450/datanode-1/data/ratis/6290eb8f-c31e-46e2-93ed-eb8cb66aaa49 has been successfully formatted.
2022-09-08 01:53:21,281 [pool-533-thread-1] INFO  ratis.ContainerStateMachine (ContainerStateMachine.java:loadSnapshot(236)) - group-EB8CB66AAA49: The snapshot info is null. Setting the last applied indexto:(t:0, i:~)
2022-09-08 01:53:21,281 [pool-533-thread-1] INFO  server.RaftServerConfigKeys (ConfUtils.java:logGet(46)) - raft.server.notification.no-leader.timeout = 300s (custom)
2022-09-08 01:53:21,281 [pool-533-thread-1] INFO  server.RaftServerConfigKeys (ConfUtils.java:logGet(46)) - raft.server.log.use.memory = false (default)
2022-09-08 01:53:21,281 [pool-533-thread-1] INFO  server.RaftServerConfigKeys (ConfUtils.java:logGet(46)) - raft.server.log.purge.gap = 1000000 (custom)
2022-09-08 01:53:21,281 [pool-533-thread-1] INFO  server.RaftServerConfigKeys (ConfUtils.java:logGet(46)) - raft.server.log.appender.buffer.byte-limit = 33554432 (custom)
2022-09-08 01:53:21,281 [pool-533-thread-1] INFO  server.RaftServerConfigKeys (ConfUtils.java:logGet(46)) - raft.server.log.statemachine.data.read.timeout = 1000ms (default)
2022-09-08 01:53:21,281 [pool-533-thread-1] INFO  server.RaftServerConfigKeys (ConfUtils.java:logGet(46)) - raft.server.log.segment.size.max = 1048576 (custom)
2022-09-08 01:53:21,282 [pool-533-thread-1] INFO  server.RaftServerConfigKeys (ConfUtils.java:logGet(46)) - raft.server.log.segment.cache.num.max = 2 (custom)
2022-09-08 01:53:21,282 [pool-533-thread-1] INFO  server.RaftServerConfigKeys (ConfUtils.java:logGet(46)) - raft.server.log.segment.cache.size.max = 200MB (=209715200) (default)
2022-09-08 01:53:21,282 [pool-533-thread-1] INFO  segmented.SegmentedRaftLogWorker (SegmentedRaftLogWorker.java:<init>(187)) - new b7c9405d-9a73-4fbd-afe8-64bf04b9d794@group-EB8CB66AAA49-SegmentedRaftLogWorker for RaftStorageImpl:Storage Directory /home/runner/work/ozone/ozone/hadoop-ozone/integration-test/target/test-dir/MiniOzoneClusterImpl-82e34331-d350-4f2b-a416-c6d91b571450/datanode-1/data/ratis/6290eb8f-c31e-46e2-93ed-eb8cb66aaa49
2022-09-08 01:53:21,282 [pool-533-thread-1] INFO  server.RaftServerConfigKeys (ConfUtils.java:logGet(46)) - raft.server.log.queue.byte-limit = 4294967296 (custom)
2022-09-08 01:53:21,282 [pool-533-thread-1] INFO  server.RaftServerConfigKeys (ConfUtils.java:logGet(46)) - raft.server.log.queue.element-limit = 1024 (custom)
2022-09-08 01:53:21,282 [pool-533-thread-1] INFO  server.RaftServerConfigKeys (ConfUtils.java:logGet(46)) - raft.server.log.segment.size.max = 1048576 (custom)
2022-09-08 01:53:21,282 [pool-533-thread-1] INFO  server.RaftServerConfigKeys (ConfUtils.java:logGet(46)) - raft.server.log.preallocated.size = 16384 (custom)
2022-09-08 01:53:21,282 [pool-533-thread-1] INFO  server.RaftServerConfigKeys (ConfUtils.java:logGet(46)) - raft.server.log.force.sync.num = 128 (default)
2022-09-08 01:53:21,282 [pool-533-thread-1] INFO  server.RaftServerConfigKeys (ConfUtils.java:logGet(46)) - raft.server.log.statemachine.data.sync = true (default)
2022-09-08 01:53:21,282 [pool-533-thread-1] INFO  server.RaftServerConfigKeys (ConfUtils.java:logGet(46)) - raft.server.log.statemachine.data.sync.timeout = 10s (default)
2022-09-08 01:53:21,282 [pool-533-thread-1] INFO  server.RaftServerConfigKeys (ConfUtils.java:logGet(46)) - raft.server.log.statemachine.data.sync.timeout.retry = -1 (default)
2022-09-08 01:53:21,283 [pool-533-thread-1] INFO  server.RaftServerConfigKeys (ConfUtils.java:logGet(46)) - raft.server.log.write.buffer.size = 1048576 (custom)
2022-09-08 01:53:21,284 [pool-533-thread-1] INFO  server.RaftServerConfigKeys (ConfUtils.java:logGet(46)) - raft.server.log.unsafe-flush.enabled = false (default)
2022-09-08 01:53:21,284 [pool-533-thread-1] INFO  server.RaftServerConfigKeys (ConfUtils.java:logGet(46)) - raft.server.log.statemachine.data.caching.enabled = true (custom)
2022-09-08 01:53:21,284 [pool-533-thread-1] INFO  segmented.SegmentedRaftLogWorker (SegmentedRaftLogWorker.java:lambda$new$0(135)) - b7c9405d-9a73-4fbd-afe8-64bf04b9d794@group-EB8CB66AAA49-SegmentedRaftLogWorker: flushIndex: setUnconditionally 0 -> -1
2022-09-08 01:53:21,284 [pool-533-thread-1] INFO  segmented.SegmentedRaftLogWorker (SegmentedRaftLogWorker.java:lambda$new$0(135)) - b7c9405d-9a73-4fbd-afe8-64bf04b9d794@group-EB8CB66AAA49-SegmentedRaftLogWorker: safeCacheEvictIndex: setUnconditionally 0 -> -1
2022-09-08 01:53:21,285 [pool-533-thread-1] INFO  server.RaftServerConfigKeys (ConfUtils.java:logGet(46)) - raft.server.snapshot.auto.trigger.enabled = true (custom)
2022-09-08 01:53:21,285 [pool-533-thread-1] INFO  server.RaftServerConfigKeys (ConfUtils.java:logGet(46)) - raft.server.snapshot.auto.trigger.threshold = 10000 (custom)
2022-09-08 01:53:21,285 [pool-533-thread-1] INFO  server.RaftServerConfigKeys (ConfUtils.java:logGet(46)) - raft.server.snapshot.retention.file.num = 5 (custom)
2022-09-08 01:53:21,285 [pool-533-thread-1] INFO  server.RaftServerConfigKeys (ConfUtils.java:logGet(46)) - raft.server.log.purge.upto.snapshot.index = false (default)
2022-09-08 01:53:21,285 [pool-533-thread-1] INFO  server.RaftServerConfigKeys (ConfUtils.java:logGet(46)) - raft.server.retrycache.expirytime = 600000ms (custom)
2022-09-08 01:53:21,285 [pool-533-thread-1] INFO  server.RaftServerConfigKeys (ConfUtils.java:logGet(46)) - raft.server.retrycache.statistics.expirytime = 100μs (default)
2022-09-08 01:53:21,286 [pool-533-thread-1] INFO  server.RaftServerConfigKeys (ConfUtils.java:logGet(46)) - raft.server.log.appender.install.snapshot.enabled = false (custom)
2022-09-08 01:53:21,286 [pool-533-thread-1] INFO  server.RaftServerConfigKeys (ConfUtils.java:logGet(46)) - raft.server.threadpool.server.cached = true (default)
2022-09-08 01:53:21,286 [pool-533-thread-1] INFO  server.RaftServerConfigKeys (ConfUtils.java:logGet(46)) - raft.server.threadpool.server.size = 0 (default)
2022-09-08 01:53:21,286 [pool-533-thread-1] INFO  server.RaftServerConfigKeys (ConfUtils.java:logGet(46)) - raft.server.threadpool.client.cached = true (default)
2022-09-08 01:53:21,286 [pool-533-thread-1] INFO  server.RaftServerConfigKeys (ConfUtils.java:logGet(46)) - raft.server.threadpool.client.size = 0 (default)
2022-09-08 01:53:21,286 [pool-533-thread-1] INFO  server.RaftServer$Division (RaftServerImpl.java:start(310)) - b7c9405d-9a73-4fbd-afe8-64bf04b9d794@group-EB8CB66AAA49: start as a follower, conf=-1: [b7c9405d-9a73-4fbd-afe8-64bf04b9d794|rpc:10.1.1.0:45849|dataStream:|priority:1, 3b94da99-c23d-4519-a6dd-621bbdbf8b87|rpc:10.1.1.0:45179|dataStream:|priority:0, 009dccab-c19f-4dcd-8c3d-5390f1d1737a|rpc:10.1.1.0:41309|dataStream:|priority:0], old=null
2022-09-08 01:53:21,286 [pool-533-thread-1] INFO  server.RaftServer$Division (RaftServerImpl.java:setRole(299)) - b7c9405d-9a73-4fbd-afe8-64bf04b9d794@group-EB8CB66AAA49: changes role from      null to FOLLOWER at term 0 for startAsFollower
2022-09-08 01:53:21,286 [pool-533-thread-1] INFO  impl.RoleInfo (RoleInfo.java:updateAndGet(139)) - b7c9405d-9a73-4fbd-afe8-64bf04b9d794: start b7c9405d-9a73-4fbd-afe8-64bf04b9d794@group-EB8CB66AAA49-FollowerState
2022-09-08 01:53:21,287 [pool-533-thread-1] INFO  util.JmxRegister (JmxRegister.java:tryRegister(44)) - Successfully registered JMX Bean with object name Ratis:service=RaftServer,group=group-EB8CB66AAA49,id=b7c9405d-9a73-4fbd-afe8-64bf04b9d794
2022-09-08 01:53:21,294 [Command processor thread] INFO  commandhandler.CreatePipelineCommandHandler (CreatePipelineCommandHandler.java:handle(113)) - Created Pipeline RATIS THREE PipelineID=6290eb8f-c31e-46e2-93ed-eb8cb66aaa49.
2022-09-08 01:53:21,295 [Command processor thread] INFO  server.RaftServer (RaftServerProxy.java:addNew(96)) - 3b94da99-c23d-4519-a6dd-621bbdbf8b87: addNew group-2303D56E24BD:[b7c9405d-9a73-4fbd-afe8-64bf04b9d794|rpc:10.1.1.0:45849|priority:0, 3b94da99-c23d-4519-a6dd-621bbdbf8b87|rpc:10.1.1.0:45179|priority:0, 009dccab-c19f-4dcd-8c3d-5390f1d1737a|rpc:10.1.1.0:41309|priority:1] returns group-2303D56E24BD:java.util.concurrent.CompletableFuture@766f1fd[Not completed]
2022-09-08 01:53:21,296 [pool-510-thread-1] INFO  server.RaftServer$Division (RaftServerImpl.java:<init>(190)) - 3b94da99-c23d-4519-a6dd-621bbdbf8b87: new RaftServerImpl for group-2303D56E24BD:[b7c9405d-9a73-4fbd-afe8-64bf04b9d794|rpc:10.1.1.0:45849|priority:0, 3b94da99-c23d-4519-a6dd-621bbdbf8b87|rpc:10.1.1.0:45179|priority:0, 009dccab-c19f-4dcd-8c3d-5390f1d1737a|rpc:10.1.1.0:41309|priority:1] with ContainerStateMachine:uninitialized
2022-09-08 01:53:21,296 [pool-510-thread-1] INFO  server.RaftServerConfigKeys (ConfUtils.java:logGet(46)) - raft.server.rpc.timeout.min = 5s (custom)
2022-09-08 01:53:21,296 [pool-510-thread-1] INFO  server.RaftServerConfigKeys (ConfUtils.java:logGet(46)) - raft.server.rpc.timeout.max = 5200ms (custom)
2022-09-08 01:53:21,296 [pool-510-thread-1] INFO  server.RaftServerConfigKeys (ConfUtils.java:logGet(46)) - raft.server.rpc.sleep.time = 25ms (default)
2022-09-08 01:53:21,296 [pool-510-thread-1] INFO  server.RaftServerConfigKeys (ConfUtils.java:logGet(46)) - raft.server.rpc.slowness.timeout = 300s (custom)
2022-09-08 01:53:21,296 [pool-510-thread-1] INFO  server.RaftServerConfigKeys (ConfUtils.java:logGet(46)) - raft.server.leaderelection.leader.step-down.wait-time = 10s (default)
2022-09-08 01:53:21,296 [pool-510-thread-1] INFO  server.RaftServerConfigKeys (ConfUtils.java:logGet(46)) - raft.server.sleep.deviation.threshold = 300ms (default)
2022-09-08 01:53:21,296 [pool-510-thread-1] INFO  server.RaftServer$Division (ServerState.java:<init>(107)) - 3b94da99-c23d-4519-a6dd-621bbdbf8b87@group-2303D56E24BD: ConfigurationManager, init=-1: [b7c9405d-9a73-4fbd-afe8-64bf04b9d794|rpc:10.1.1.0:45849|priority:0, 3b94da99-c23d-4519-a6dd-621bbdbf8b87|rpc:10.1.1.0:45179|priority:0, 009dccab-c19f-4dcd-8c3d-5390f1d1737a|rpc:10.1.1.0:41309|priority:1], old=null, confs=<EMPTY_MAP>
2022-09-08 01:53:21,296 [pool-510-thread-1] INFO  server.RaftServerConfigKeys (ConfUtils.java:logGet(46)) - raft.server.storage.dir = [/home/runner/work/ozone/ozone/hadoop-ozone/integration-test/target/test-dir/MiniOzoneClusterImpl-82e34331-d350-4f2b-a416-c6d91b571450/datanode-0/data/ratis] (custom)
2022-09-08 01:53:21,296 [pool-510-thread-1] INFO  server.RaftServerConfigKeys (ConfUtils.java:logGet(46)) - raft.server.log.corruption.policy = EXCEPTION (default)
2022-09-08 01:53:21,296 [pool-510-thread-1] INFO  server.RaftServerConfigKeys (ConfUtils.java:logGet(46)) - raft.server.storage.free-space.min = 0MB (=0) (default)
2022-09-08 01:53:21,296 [pool-510-thread-1] INFO  storage.RaftStorageDirectory (RaftStorageDirectoryImpl.java:analyzeStorage(135)) - The storage directory /home/runner/work/ozone/ozone/hadoop-ozone/integration-test/target/test-dir/MiniOzoneClusterImpl-82e34331-d350-4f2b-a416-c6d91b571450/datanode-0/data/ratis/fff8cd30-37df-4f6c-9b6b-2303d56e24bd does not exist. Creating ...
2022-09-08 01:53:21,298 [UnderReplicatedQueueThreadThread] INFO  replication.UnderReplicatedProcessor (UnderReplicatedProcessor.java:processAll(85)) - Processed 0 under replicated containers, failed processing 0
2022-09-08 01:53:21,300 [OverReplicatedQueueThreadThread] INFO  replication.OverReplicatedProcessor (OverReplicatedProcessor.java:processAll(83)) - Processed 0 over replicated containers, failed processing 0
2022-09-08 01:53:21,305 [pool-510-thread-1] INFO  storage.RaftStorageDirectory (RaftStorageDirectoryImpl.java:tryLock(230)) - Lock on /home/runner/work/ozone/ozone/hadoop-ozone/integration-test/target/test-dir/MiniOzoneClusterImpl-82e34331-d350-4f2b-a416-c6d91b571450/datanode-0/data/ratis/fff8cd30-37df-4f6c-9b6b-2303d56e24bd/in_use.lock acquired by nodename 132736@fv-az38-857
2022-09-08 01:53:21,309 [pool-510-thread-1] INFO  storage.RaftStorage (RaftStorageImpl.java:format(89)) - Storage directory /home/runner/work/ozone/ozone/hadoop-ozone/integration-test/target/test-dir/MiniOzoneClusterImpl-82e34331-d350-4f2b-a416-c6d91b571450/datanode-0/data/ratis/fff8cd30-37df-4f6c-9b6b-2303d56e24bd has been successfully formatted.
2022-09-08 01:53:21,310 [pool-510-thread-1] INFO  ratis.ContainerStateMachine (ContainerStateMachine.java:loadSnapshot(236)) - group-2303D56E24BD: The snapshot info is null. Setting the last applied indexto:(t:0, i:~)
2022-09-08 01:53:21,310 [pool-510-thread-1] INFO  server.RaftServerConfigKeys (ConfUtils.java:logGet(46)) - raft.server.notification.no-leader.timeout = 300s (custom)
2022-09-08 01:53:21,310 [pool-510-thread-1] INFO  server.RaftServerConfigKeys (ConfUtils.java:logGet(46)) - raft.server.log.use.memory = false (default)
2022-09-08 01:53:21,310 [pool-510-thread-1] INFO  server.RaftServerConfigKeys (ConfUtils.java:logGet(46)) - raft.server.log.purge.gap = 1000000 (custom)
2022-09-08 01:53:21,310 [pool-510-thread-1] INFO  server.RaftServerConfigKeys (ConfUtils.java:logGet(46)) - raft.server.log.appender.buffer.byte-limit = 33554432 (custom)
2022-09-08 01:53:21,310 [pool-510-thread-1] INFO  server.RaftServerConfigKeys (ConfUtils.java:logGet(46)) - raft.server.log.statemachine.data.read.timeout = 1000ms (default)
2022-09-08 01:53:21,310 [pool-510-thread-1] INFO  server.RaftServerConfigKeys (ConfUtils.java:logGet(46)) - raft.server.log.segment.size.max = 1048576 (custom)
2022-09-08 01:53:21,311 [EventQueue-OpenPipelineForHealthyPipelineSafeModeRule] INFO  safemode.SCMSafeModeManager (HealthyPipelineSafeModeRule.java:process(137)) - SCM in safe mode. Healthy pipelines reported count is 0, required healthy pipeline reported count is 1
2022-09-08 01:53:21,312 [pool-510-thread-1] INFO  server.RaftServerConfigKeys (ConfUtils.java:logGet(46)) - raft.server.log.segment.cache.num.max = 2 (custom)
2022-09-08 01:53:21,312 [pool-510-thread-1] INFO  server.RaftServerConfigKeys (ConfUtils.java:logGet(46)) - raft.server.log.segment.cache.size.max = 200MB (=209715200) (default)
2022-09-08 01:53:21,312 [pool-510-thread-1] INFO  segmented.SegmentedRaftLogWorker (SegmentedRaftLogWorker.java:<init>(187)) - new 3b94da99-c23d-4519-a6dd-621bbdbf8b87@group-2303D56E24BD-SegmentedRaftLogWorker for RaftStorageImpl:Storage Directory /home/runner/work/ozone/ozone/hadoop-ozone/integration-test/target/test-dir/MiniOzoneClusterImpl-82e34331-d350-4f2b-a416-c6d91b571450/datanode-0/data/ratis/fff8cd30-37df-4f6c-9b6b-2303d56e24bd
2022-09-08 01:53:21,312 [pool-510-thread-1] INFO  server.RaftServerConfigKeys (ConfUtils.java:logGet(46)) - raft.server.log.queue.byte-limit = 4294967296 (custom)
2022-09-08 01:53:21,312 [pool-510-thread-1] INFO  server.RaftServerConfigKeys (ConfUtils.java:logGet(46)) - raft.server.log.queue.element-limit = 1024 (custom)
2022-09-08 01:53:21,312 [pool-510-thread-1] INFO  server.RaftServerConfigKeys (ConfUtils.java:logGet(46)) - raft.server.log.segment.size.max = 1048576 (custom)
2022-09-08 01:53:21,313 [pool-510-thread-1] INFO  server.RaftServerConfigKeys (ConfUtils.java:logGet(46)) - raft.server.log.preallocated.size = 16384 (custom)
2022-09-08 01:53:21,313 [pool-510-thread-1] INFO  server.RaftServerConfigKeys (ConfUtils.java:logGet(46)) - raft.server.log.force.sync.num = 128 (default)
2022-09-08 01:53:21,313 [pool-510-thread-1] INFO  server.RaftServerConfigKeys (ConfUtils.java:logGet(46)) - raft.server.log.statemachine.data.sync = true (default)
2022-09-08 01:53:21,313 [pool-510-thread-1] INFO  server.RaftServerConfigKeys (ConfUtils.java:logGet(46)) - raft.server.log.statemachine.data.sync.timeout = 10s (default)
2022-09-08 01:53:21,313 [pool-510-thread-1] INFO  server.RaftServerConfigKeys (ConfUtils.java:logGet(46)) - raft.server.log.statemachine.data.sync.timeout.retry = -1 (default)
2022-09-08 01:53:21,313 [pool-510-thread-1] INFO  server.RaftServerConfigKeys (ConfUtils.java:logGet(46)) - raft.server.log.write.buffer.size = 1048576 (custom)
2022-09-08 01:53:21,314 [pool-510-thread-1] INFO  server.RaftServerConfigKeys (ConfUtils.java:logGet(46)) - raft.server.log.unsafe-flush.enabled = false (default)
2022-09-08 01:53:21,314 [pool-510-thread-1] INFO  server.RaftServerConfigKeys (ConfUtils.java:logGet(46)) - raft.server.log.statemachine.data.caching.enabled = true (custom)
2022-09-08 01:53:21,314 [pool-510-thread-1] INFO  segmented.SegmentedRaftLogWorker (SegmentedRaftLogWorker.java:lambda$new$0(135)) - 3b94da99-c23d-4519-a6dd-621bbdbf8b87@group-2303D56E24BD-SegmentedRaftLogWorker: flushIndex: setUnconditionally 0 -> -1
2022-09-08 01:53:21,314 [pool-510-thread-1] INFO  segmented.SegmentedRaftLogWorker (SegmentedRaftLogWorker.java:lambda$new$0(135)) - 3b94da99-c23d-4519-a6dd-621bbdbf8b87@group-2303D56E24BD-SegmentedRaftLogWorker: safeCacheEvictIndex: setUnconditionally 0 -> -1
2022-09-08 01:53:21,318 [pool-510-thread-1] INFO  server.RaftServerConfigKeys (ConfUtils.java:logGet(46)) - raft.server.snapshot.auto.trigger.enabled = true (custom)
2022-09-08 01:53:21,318 [pool-510-thread-1] INFO  server.RaftServerConfigKeys (ConfUtils.java:logGet(46)) - raft.server.snapshot.auto.trigger.threshold = 10000 (custom)
2022-09-08 01:53:21,318 [pool-510-thread-1] INFO  server.RaftServerConfigKeys (ConfUtils.java:logGet(46)) - raft.server.snapshot.retention.file.num = 5 (custom)
2022-09-08 01:53:21,318 [pool-510-thread-1] INFO  server.RaftServerConfigKeys (ConfUtils.java:logGet(46)) - raft.server.log.purge.upto.snapshot.index = false (default)
2022-09-08 01:53:21,318 [pool-510-thread-1] INFO  server.RaftServerConfigKeys (ConfUtils.java:logGet(46)) - raft.server.retrycache.expirytime = 600000ms (custom)
2022-09-08 01:53:21,318 [pool-510-thread-1] INFO  server.RaftServerConfigKeys (ConfUtils.java:logGet(46)) - raft.server.retrycache.statistics.expirytime = 100μs (default)
2022-09-08 01:53:21,319 [pool-510-thread-1] INFO  server.RaftServerConfigKeys (ConfUtils.java:logGet(46)) - raft.server.log.appender.install.snapshot.enabled = false (custom)
2022-09-08 01:53:21,319 [pool-510-thread-1] INFO  server.RaftServerConfigKeys (ConfUtils.java:logGet(46)) - raft.server.threadpool.server.cached = true (default)
2022-09-08 01:53:21,319 [pool-510-thread-1] INFO  server.RaftServerConfigKeys (ConfUtils.java:logGet(46)) - raft.server.threadpool.server.size = 0 (default)
2022-09-08 01:53:21,319 [pool-510-thread-1] INFO  server.RaftServerConfigKeys (ConfUtils.java:logGet(46)) - raft.server.threadpool.client.cached = true (default)
2022-09-08 01:53:21,319 [pool-510-thread-1] INFO  server.RaftServerConfigKeys (ConfUtils.java:logGet(46)) - raft.server.threadpool.client.size = 0 (default)
2022-09-08 01:53:21,319 [pool-510-thread-1] INFO  server.RaftServer$Division (RaftServerImpl.java:start(310)) - 3b94da99-c23d-4519-a6dd-621bbdbf8b87@group-2303D56E24BD: start as a follower, conf=-1: [b7c9405d-9a73-4fbd-afe8-64bf04b9d794|rpc:10.1.1.0:45849|priority:0, 3b94da99-c23d-4519-a6dd-621bbdbf8b87|rpc:10.1.1.0:45179|priority:0, 009dccab-c19f-4dcd-8c3d-5390f1d1737a|rpc:10.1.1.0:41309|priority:1], old=null
2022-09-08 01:53:21,319 [pool-510-thread-1] INFO  server.RaftServer$Division (RaftServerImpl.java:setRole(299)) - 3b94da99-c23d-4519-a6dd-621bbdbf8b87@group-2303D56E24BD: changes role from      null to FOLLOWER at term 0 for startAsFollower
2022-09-08 01:53:21,319 [pool-510-thread-1] INFO  impl.RoleInfo (RoleInfo.java:updateAndGet(139)) - 3b94da99-c23d-4519-a6dd-621bbdbf8b87: start 3b94da99-c23d-4519-a6dd-621bbdbf8b87@group-2303D56E24BD-FollowerState
2022-09-08 01:53:21,324 [pool-510-thread-1] INFO  util.JmxRegister (JmxRegister.java:tryRegister(44)) - Successfully registered JMX Bean with object name Ratis:service=RaftServer,group=group-2303D56E24BD,id=3b94da99-c23d-4519-a6dd-621bbdbf8b87
2022-09-08 01:53:21,324 [Command processor thread] INFO  ratis.XceiverServerRatis (XceiverServerRatis.java:addGroup(765)) - Created group PipelineID=fff8cd30-37df-4f6c-9b6b-2303d56e24bd
2022-09-08 01:53:21,356 [grpc-default-executor-0] INFO  server.RaftServer (RaftServerProxy.java:addNew(96)) - 009dccab-c19f-4dcd-8c3d-5390f1d1737a: addNew group-2303D56E24BD:[b7c9405d-9a73-4fbd-afe8-64bf04b9d794|rpc:10.1.1.0:45849|dataStream:|priority:0, 3b94da99-c23d-4519-a6dd-621bbdbf8b87|rpc:10.1.1.0:45179|dataStream:|priority:0, 009dccab-c19f-4dcd-8c3d-5390f1d1737a|rpc:10.1.1.0:41309|dataStream:|priority:1] returns group-2303D56E24BD:java.util.concurrent.CompletableFuture@23e7373c[Not completed]
2022-09-08 01:53:21,357 [pool-556-thread-1] INFO  server.RaftServer$Division (RaftServerImpl.java:<init>(190)) - 009dccab-c19f-4dcd-8c3d-5390f1d1737a: new RaftServerImpl for group-2303D56E24BD:[b7c9405d-9a73-4fbd-afe8-64bf04b9d794|rpc:10.1.1.0:45849|dataStream:|priority:0, 3b94da99-c23d-4519-a6dd-621bbdbf8b87|rpc:10.1.1.0:45179|dataStream:|priority:0, 009dccab-c19f-4dcd-8c3d-5390f1d1737a|rpc:10.1.1.0:41309|dataStream:|priority:1] with ContainerStateMachine:uninitialized
2022-09-08 01:53:21,357 [pool-556-thread-1] INFO  server.RaftServerConfigKeys (ConfUtils.java:logGet(46)) - raft.server.rpc.timeout.min = 5s (custom)
2022-09-08 01:53:21,357 [pool-556-thread-1] INFO  server.RaftServerConfigKeys (ConfUtils.java:logGet(46)) - raft.server.rpc.timeout.max = 5200ms (custom)
2022-09-08 01:53:21,357 [pool-556-thread-1] INFO  server.RaftServerConfigKeys (ConfUtils.java:logGet(46)) - raft.server.rpc.sleep.time = 25ms (default)
2022-09-08 01:53:21,357 [pool-556-thread-1] INFO  server.RaftServerConfigKeys (ConfUtils.java:logGet(46)) - raft.server.rpc.slowness.timeout = 300s (custom)
2022-09-08 01:53:21,357 [pool-556-thread-1] INFO  server.RaftServerConfigKeys (ConfUtils.java:logGet(46)) - raft.server.leaderelection.leader.step-down.wait-time = 10s (default)
2022-09-08 01:53:21,357 [pool-556-thread-1] INFO  server.RaftServerConfigKeys (ConfUtils.java:logGet(46)) - raft.server.sleep.deviation.threshold = 300ms (default)
2022-09-08 01:53:21,357 [pool-556-thread-1] INFO  server.RaftServer$Division (ServerState.java:<init>(107)) - 009dccab-c19f-4dcd-8c3d-5390f1d1737a@group-2303D56E24BD: ConfigurationManager, init=-1: [b7c9405d-9a73-4fbd-afe8-64bf04b9d794|rpc:10.1.1.0:45849|dataStream:|priority:0, 3b94da99-c23d-4519-a6dd-621bbdbf8b87|rpc:10.1.1.0:45179|dataStream:|priority:0, 009dccab-c19f-4dcd-8c3d-5390f1d1737a|rpc:10.1.1.0:41309|dataStream:|priority:1], old=null, confs=<EMPTY_MAP>
2022-09-08 01:53:21,358 [pool-556-thread-1] INFO  server.RaftServerConfigKeys (ConfUtils.java:logGet(46)) - raft.server.storage.dir = [/home/runner/work/ozone/ozone/hadoop-ozone/integration-test/target/test-dir/MiniOzoneClusterImpl-82e34331-d350-4f2b-a416-c6d91b571450/datanode-2/data/ratis] (custom)
2022-09-08 01:53:21,358 [pool-556-thread-1] INFO  server.RaftServerConfigKeys (ConfUtils.java:logGet(46)) - raft.server.log.corruption.policy = EXCEPTION (default)
2022-09-08 01:53:21,358 [pool-556-thread-1] INFO  server.RaftServerConfigKeys (ConfUtils.java:logGet(46)) - raft.server.storage.free-space.min = 0MB (=0) (default)
2022-09-08 01:53:21,358 [pool-556-thread-1] INFO  storage.RaftStorageDirectory (RaftStorageDirectoryImpl.java:analyzeStorage(135)) - The storage directory /home/runner/work/ozone/ozone/hadoop-ozone/integration-test/target/test-dir/MiniOzoneClusterImpl-82e34331-d350-4f2b-a416-c6d91b571450/datanode-2/data/ratis/fff8cd30-37df-4f6c-9b6b-2303d56e24bd does not exist. Creating ...
2022-09-08 01:53:21,360 [pool-556-thread-1] INFO  storage.RaftStorageDirectory (RaftStorageDirectoryImpl.java:tryLock(230)) - Lock on /home/runner/work/ozone/ozone/hadoop-ozone/integration-test/target/test-dir/MiniOzoneClusterImpl-82e34331-d350-4f2b-a416-c6d91b571450/datanode-2/data/ratis/fff8cd30-37df-4f6c-9b6b-2303d56e24bd/in_use.lock acquired by nodename 132736@fv-az38-857
2022-09-08 01:53:21,362 [pool-556-thread-1] INFO  storage.RaftStorage (RaftStorageImpl.java:format(89)) - Storage directory /home/runner/work/ozone/ozone/hadoop-ozone/integration-test/target/test-dir/MiniOzoneClusterImpl-82e34331-d350-4f2b-a416-c6d91b571450/datanode-2/data/ratis/fff8cd30-37df-4f6c-9b6b-2303d56e24bd has been successfully formatted.
2022-09-08 01:53:21,363 [pool-556-thread-1] INFO  ratis.ContainerStateMachine (ContainerStateMachine.java:loadSnapshot(236)) - group-2303D56E24BD: The snapshot info is null. Setting the last applied indexto:(t:0, i:~)
2022-09-08 01:53:21,363 [pool-556-thread-1] INFO  server.RaftServerConfigKeys (ConfUtils.java:logGet(46)) - raft.server.notification.no-leader.timeout = 300s (custom)
2022-09-08 01:53:21,364 [pool-556-thread-1] INFO  server.RaftServerConfigKeys (ConfUtils.java:logGet(46)) - raft.server.log.use.memory = false (default)
2022-09-08 01:53:21,364 [pool-556-thread-1] INFO  server.RaftServerConfigKeys (ConfUtils.java:logGet(46)) - raft.server.log.purge.gap = 1000000 (custom)
2022-09-08 01:53:21,364 [pool-556-thread-1] INFO  server.RaftServerConfigKeys (ConfUtils.java:logGet(46)) - raft.server.log.appender.buffer.byte-limit = 33554432 (custom)
2022-09-08 01:53:21,364 [pool-556-thread-1] INFO  server.RaftServerConfigKeys (ConfUtils.java:logGet(46)) - raft.server.log.statemachine.data.read.timeout = 1000ms (default)
2022-09-08 01:53:21,364 [pool-556-thread-1] INFO  server.RaftServerConfigKeys (ConfUtils.java:logGet(46)) - raft.server.log.segment.size.max = 1048576 (custom)
2022-09-08 01:53:21,364 [pool-556-thread-1] INFO  server.RaftServerConfigKeys (ConfUtils.java:logGet(46)) - raft.server.log.segment.cache.num.max = 2 (custom)
2022-09-08 01:53:21,365 [pool-556-thread-1] INFO  server.RaftServerConfigKeys (ConfUtils.java:logGet(46)) - raft.server.log.segment.cache.size.max = 200MB (=209715200) (default)
2022-09-08 01:53:21,365 [pool-556-thread-1] INFO  segmented.SegmentedRaftLogWorker (SegmentedRaftLogWorker.java:<init>(187)) - new 009dccab-c19f-4dcd-8c3d-5390f1d1737a@group-2303D56E24BD-SegmentedRaftLogWorker for RaftStorageImpl:Storage Directory /home/runner/work/ozone/ozone/hadoop-ozone/integration-test/target/test-dir/MiniOzoneClusterImpl-82e34331-d350-4f2b-a416-c6d91b571450/datanode-2/data/ratis/fff8cd30-37df-4f6c-9b6b-2303d56e24bd
2022-09-08 01:53:21,365 [pool-556-thread-1] INFO  server.RaftServerConfigKeys (ConfUtils.java:logGet(46)) - raft.server.log.queue.byte-limit = 4294967296 (custom)
2022-09-08 01:53:21,365 [pool-556-thread-1] INFO  server.RaftServerConfigKeys (ConfUtils.java:logGet(46)) - raft.server.log.queue.element-limit = 1024 (custom)
2022-09-08 01:53:21,365 [pool-556-thread-1] INFO  server.RaftServerConfigKeys (ConfUtils.java:logGet(46)) - raft.server.log.segment.size.max = 1048576 (custom)
2022-09-08 01:53:21,365 [pool-556-thread-1] INFO  server.RaftServerConfigKeys (ConfUtils.java:logGet(46)) - raft.server.log.preallocated.size = 16384 (custom)
2022-09-08 01:53:21,365 [pool-556-thread-1] INFO  server.RaftServerConfigKeys (ConfUtils.java:logGet(46)) - raft.server.log.force.sync.num = 128 (default)
2022-09-08 01:53:21,365 [pool-556-thread-1] INFO  server.RaftServerConfigKeys (ConfUtils.java:logGet(46)) - raft.server.log.statemachine.data.sync = true (default)
2022-09-08 01:53:21,365 [pool-556-thread-1] INFO  server.RaftServerConfigKeys (ConfUtils.java:logGet(46)) - raft.server.log.statemachine.data.sync.timeout = 10s (default)
2022-09-08 01:53:21,365 [pool-556-thread-1] INFO  server.RaftServerConfigKeys (ConfUtils.java:logGet(46)) - raft.server.log.statemachine.data.sync.timeout.retry = -1 (default)
2022-09-08 01:53:21,381 [pool-556-thread-1] INFO  server.RaftServerConfigKeys (ConfUtils.java:logGet(46)) - raft.server.log.write.buffer.size = 1048576 (custom)
2022-09-08 01:53:21,382 [pool-556-thread-1] INFO  server.RaftServerConfigKeys (ConfUtils.java:logGet(46)) - raft.server.log.unsafe-flush.enabled = false (default)
2022-09-08 01:53:21,382 [pool-556-thread-1] INFO  server.RaftServerConfigKeys (ConfUtils.java:logGet(46)) - raft.server.log.statemachine.data.caching.enabled = true (custom)
2022-09-08 01:53:21,382 [pool-556-thread-1] INFO  segmented.SegmentedRaftLogWorker (SegmentedRaftLogWorker.java:lambda$new$0(135)) - 009dccab-c19f-4dcd-8c3d-5390f1d1737a@group-2303D56E24BD-SegmentedRaftLogWorker: flushIndex: setUnconditionally 0 -> -1
2022-09-08 01:53:21,382 [pool-556-thread-1] INFO  segmented.SegmentedRaftLogWorker (SegmentedRaftLogWorker.java:lambda$new$0(135)) - 009dccab-c19f-4dcd-8c3d-5390f1d1737a@group-2303D56E24BD-SegmentedRaftLogWorker: safeCacheEvictIndex: setUnconditionally 0 -> -1
2022-09-08 01:53:21,382 [pool-556-thread-1] INFO  server.RaftServerConfigKeys (ConfUtils.java:logGet(46)) - raft.server.snapshot.auto.trigger.enabled = true (custom)
2022-09-08 01:53:21,382 [pool-556-thread-1] INFO  server.RaftServerConfigKeys (ConfUtils.java:logGet(46)) - raft.server.snapshot.auto.trigger.threshold = 10000 (custom)
2022-09-08 01:53:21,383 [pool-556-thread-1] INFO  server.RaftServerConfigKeys (ConfUtils.java:logGet(46)) - raft.server.snapshot.retention.file.num = 5 (custom)
2022-09-08 01:53:21,383 [pool-556-thread-1] INFO  server.RaftServerConfigKeys (ConfUtils.java:logGet(46)) - raft.server.log.purge.upto.snapshot.index = false (default)
2022-09-08 01:53:21,383 [pool-556-thread-1] INFO  server.RaftServerConfigKeys (ConfUtils.java:logGet(46)) - raft.server.retrycache.expirytime = 600000ms (custom)
2022-09-08 01:53:21,383 [pool-556-thread-1] INFO  server.RaftServerConfigKeys (ConfUtils.java:logGet(46)) - raft.server.retrycache.statistics.expirytime = 100μs (default)
2022-09-08 01:53:21,384 [pool-556-thread-1] INFO  server.RaftServerConfigKeys (ConfUtils.java:logGet(46)) - raft.server.log.appender.install.snapshot.enabled = false (custom)
2022-09-08 01:53:21,384 [pool-556-thread-1] INFO  server.RaftServerConfigKeys (ConfUtils.java:logGet(46)) - raft.server.threadpool.server.cached = true (default)
2022-09-08 01:53:21,384 [pool-556-thread-1] INFO  server.RaftServerConfigKeys (ConfUtils.java:logGet(46)) - raft.server.threadpool.server.size = 0 (default)
2022-09-08 01:53:21,384 [pool-556-thread-1] INFO  server.RaftServerConfigKeys (ConfUtils.java:logGet(46)) - raft.server.threadpool.client.cached = true (default)
2022-09-08 01:53:21,384 [pool-556-thread-1] INFO  server.RaftServerConfigKeys (ConfUtils.java:logGet(46)) - raft.server.threadpool.client.size = 0 (default)
2022-09-08 01:53:21,384 [pool-556-thread-1] INFO  server.RaftServer$Division (RaftServerImpl.java:start(310)) - 009dccab-c19f-4dcd-8c3d-5390f1d1737a@group-2303D56E24BD: start as a follower, conf=-1: [b7c9405d-9a73-4fbd-afe8-64bf04b9d794|rpc:10.1.1.0:45849|dataStream:|priority:0, 3b94da99-c23d-4519-a6dd-621bbdbf8b87|rpc:10.1.1.0:45179|dataStream:|priority:0, 009dccab-c19f-4dcd-8c3d-5390f1d1737a|rpc:10.1.1.0:41309|dataStream:|priority:1], old=null
2022-09-08 01:53:21,384 [pool-556-thread-1] INFO  server.RaftServer$Division (RaftServerImpl.java:setRole(299)) - 009dccab-c19f-4dcd-8c3d-5390f1d1737a@group-2303D56E24BD: changes role from      null to FOLLOWER at term 0 for startAsFollower
2022-09-08 01:53:21,384 [pool-556-thread-1] INFO  impl.RoleInfo (RoleInfo.java:updateAndGet(139)) - 009dccab-c19f-4dcd-8c3d-5390f1d1737a: start 009dccab-c19f-4dcd-8c3d-5390f1d1737a@group-2303D56E24BD-FollowerState
2022-09-08 01:53:21,393 [pool-556-thread-1] INFO  util.JmxRegister (JmxRegister.java:tryRegister(44)) - Successfully registered JMX Bean with object name Ratis:service=RaftServer,group=group-2303D56E24BD,id=009dccab-c19f-4dcd-8c3d-5390f1d1737a
2022-09-08 01:53:21,473 [grpc-default-executor-0] INFO  server.RaftServer (RaftServerProxy.java:addNew(96)) - b7c9405d-9a73-4fbd-afe8-64bf04b9d794: addNew group-2303D56E24BD:[b7c9405d-9a73-4fbd-afe8-64bf04b9d794|rpc:10.1.1.0:45849|dataStream:|priority:0, 3b94da99-c23d-4519-a6dd-621bbdbf8b87|rpc:10.1.1.0:45179|dataStream:|priority:0, 009dccab-c19f-4dcd-8c3d-5390f1d1737a|rpc:10.1.1.0:41309|dataStream:|priority:1] returns group-2303D56E24BD:java.util.concurrent.CompletableFuture@759d885b[Not completed]
2022-09-08 01:53:21,474 [pool-533-thread-1] INFO  server.RaftServer$Division (RaftServerImpl.java:<init>(190)) - b7c9405d-9a73-4fbd-afe8-64bf04b9d794: new RaftServerImpl for group-2303D56E24BD:[b7c9405d-9a73-4fbd-afe8-64bf04b9d794|rpc:10.1.1.0:45849|dataStream:|priority:0, 3b94da99-c23d-4519-a6dd-621bbdbf8b87|rpc:10.1.1.0:45179|dataStream:|priority:0, 009dccab-c19f-4dcd-8c3d-5390f1d1737a|rpc:10.1.1.0:41309|dataStream:|priority:1] with ContainerStateMachine:uninitialized
2022-09-08 01:53:21,474 [pool-533-thread-1] INFO  server.RaftServerConfigKeys (ConfUtils.java:logGet(46)) - raft.server.rpc.timeout.min = 5s (custom)
2022-09-08 01:53:21,474 [pool-533-thread-1] INFO  server.RaftServerConfigKeys (ConfUtils.java:logGet(46)) - raft.server.rpc.timeout.max = 5200ms (custom)
2022-09-08 01:53:21,474 [pool-533-thread-1] INFO  server.RaftServerConfigKeys (ConfUtils.java:logGet(46)) - raft.server.rpc.sleep.time = 25ms (default)
2022-09-08 01:53:21,474 [pool-533-thread-1] INFO  server.RaftServerConfigKeys (ConfUtils.java:logGet(46)) - raft.server.rpc.slowness.timeout = 300s (custom)
2022-09-08 01:53:21,475 [pool-533-thread-1] INFO  server.RaftServerConfigKeys (ConfUtils.java:logGet(46)) - raft.server.leaderelection.leader.step-down.wait-time = 10s (default)
2022-09-08 01:53:21,475 [pool-533-thread-1] INFO  server.RaftServerConfigKeys (ConfUtils.java:logGet(46)) - raft.server.sleep.deviation.threshold = 300ms (default)
2022-09-08 01:53:21,475 [pool-533-thread-1] INFO  server.RaftServer$Division (ServerState.java:<init>(107)) - b7c9405d-9a73-4fbd-afe8-64bf04b9d794@group-2303D56E24BD: ConfigurationManager, init=-1: [b7c9405d-9a73-4fbd-afe8-64bf04b9d794|rpc:10.1.1.0:45849|dataStream:|priority:0, 3b94da99-c23d-4519-a6dd-621bbdbf8b87|rpc:10.1.1.0:45179|dataStream:|priority:0, 009dccab-c19f-4dcd-8c3d-5390f1d1737a|rpc:10.1.1.0:41309|dataStream:|priority:1], old=null, confs=<EMPTY_MAP>
2022-09-08 01:53:21,475 [pool-533-thread-1] INFO  server.RaftServerConfigKeys (ConfUtils.java:logGet(46)) - raft.server.storage.dir = [/home/runner/work/ozone/ozone/hadoop-ozone/integration-test/target/test-dir/MiniOzoneClusterImpl-82e34331-d350-4f2b-a416-c6d91b571450/datanode-1/data/ratis] (custom)
2022-09-08 01:53:21,475 [pool-533-thread-1] INFO  server.RaftServerConfigKeys (ConfUtils.java:logGet(46)) - raft.server.log.corruption.policy = EXCEPTION (default)
2022-09-08 01:53:21,475 [pool-533-thread-1] INFO  server.RaftServerConfigKeys (ConfUtils.java:logGet(46)) - raft.server.storage.free-space.min = 0MB (=0) (default)
2022-09-08 01:53:21,475 [pool-533-thread-1] INFO  storage.RaftStorageDirectory (RaftStorageDirectoryImpl.java:analyzeStorage(135)) - The storage directory /home/runner/work/ozone/ozone/hadoop-ozone/integration-test/target/test-dir/MiniOzoneClusterImpl-82e34331-d350-4f2b-a416-c6d91b571450/datanode-1/data/ratis/fff8cd30-37df-4f6c-9b6b-2303d56e24bd does not exist. Creating ...
2022-09-08 01:53:21,476 [pool-533-thread-1] INFO  storage.RaftStorageDirectory (RaftStorageDirectoryImpl.java:tryLock(230)) - Lock on /home/runner/work/ozone/ozone/hadoop-ozone/integration-test/target/test-dir/MiniOzoneClusterImpl-82e34331-d350-4f2b-a416-c6d91b571450/datanode-1/data/ratis/fff8cd30-37df-4f6c-9b6b-2303d56e24bd/in_use.lock acquired by nodename 132736@fv-az38-857
2022-09-08 01:53:21,478 [pool-533-thread-1] INFO  storage.RaftStorage (RaftStorageImpl.java:format(89)) - Storage directory /home/runner/work/ozone/ozone/hadoop-ozone/integration-test/target/test-dir/MiniOzoneClusterImpl-82e34331-d350-4f2b-a416-c6d91b571450/datanode-1/data/ratis/fff8cd30-37df-4f6c-9b6b-2303d56e24bd has been successfully formatted.
2022-09-08 01:53:21,479 [pool-533-thread-1] INFO  ratis.ContainerStateMachine (ContainerStateMachine.java:loadSnapshot(236)) - group-2303D56E24BD: The snapshot info is null. Setting the last applied indexto:(t:0, i:~)
2022-09-08 01:53:21,479 [pool-533-thread-1] INFO  server.RaftServerConfigKeys (ConfUtils.java:logGet(46)) - raft.server.notification.no-leader.timeout = 300s (custom)
2022-09-08 01:53:21,479 [pool-533-thread-1] INFO  server.RaftServerConfigKeys (ConfUtils.java:logGet(46)) - raft.server.log.use.memory = false (default)
2022-09-08 01:53:21,480 [pool-533-thread-1] INFO  server.RaftServerConfigKeys (ConfUtils.java:logGet(46)) - raft.server.log.purge.gap = 1000000 (custom)
2022-09-08 01:53:21,480 [pool-533-thread-1] INFO  server.RaftServerConfigKeys (ConfUtils.java:logGet(46)) - raft.server.log.appender.buffer.byte-limit = 33554432 (custom)
2022-09-08 01:53:21,480 [pool-533-thread-1] INFO  server.RaftServerConfigKeys (ConfUtils.java:logGet(46)) - raft.server.log.statemachine.data.read.timeout = 1000ms (default)
2022-09-08 01:53:21,480 [pool-533-thread-1] INFO  server.RaftServerConfigKeys (ConfUtils.java:logGet(46)) - raft.server.log.segment.size.max = 1048576 (custom)
2022-09-08 01:53:21,481 [pool-533-thread-1] INFO  server.RaftServerConfigKeys (ConfUtils.java:logGet(46)) - raft.server.log.segment.cache.num.max = 2 (custom)
2022-09-08 01:53:21,481 [pool-533-thread-1] INFO  server.RaftServerConfigKeys (ConfUtils.java:logGet(46)) - raft.server.log.segment.cache.size.max = 200MB (=209715200) (default)
2022-09-08 01:53:21,481 [pool-533-thread-1] INFO  segmented.SegmentedRaftLogWorker (SegmentedRaftLogWorker.java:<init>(187)) - new b7c9405d-9a73-4fbd-afe8-64bf04b9d794@group-2303D56E24BD-SegmentedRaftLogWorker for RaftStorageImpl:Storage Directory /home/runner/work/ozone/ozone/hadoop-ozone/integration-test/target/test-dir/MiniOzoneClusterImpl-82e34331-d350-4f2b-a416-c6d91b571450/datanode-1/data/ratis/fff8cd30-37df-4f6c-9b6b-2303d56e24bd
2022-09-08 01:53:21,481 [pool-533-thread-1] INFO  server.RaftServerConfigKeys (ConfUtils.java:logGet(46)) - raft.server.log.queue.byte-limit = 4294967296 (custom)
2022-09-08 01:53:21,481 [pool-533-thread-1] INFO  server.RaftServerConfigKeys (ConfUtils.java:logGet(46)) - raft.server.log.queue.element-limit = 1024 (custom)
2022-09-08 01:53:21,481 [pool-533-thread-1] INFO  server.RaftServerConfigKeys (ConfUtils.java:logGet(46)) - raft.server.log.segment.size.max = 1048576 (custom)
2022-09-08 01:53:21,481 [pool-533-thread-1] INFO  server.RaftServerConfigKeys (ConfUtils.java:logGet(46)) - raft.server.log.preallocated.size = 16384 (custom)
2022-09-08 01:53:21,481 [pool-533-thread-1] INFO  server.RaftServerConfigKeys (ConfUtils.java:logGet(46)) - raft.server.log.force.sync.num = 128 (default)
2022-09-08 01:53:21,481 [pool-533-thread-1] INFO  server.RaftServerConfigKeys (ConfUtils.java:logGet(46)) - raft.server.log.statemachine.data.sync = true (default)
2022-09-08 01:53:21,481 [pool-533-thread-1] INFO  server.RaftServerConfigKeys (ConfUtils.java:logGet(46)) - raft.server.log.statemachine.data.sync.timeout = 10s (default)
2022-09-08 01:53:21,481 [pool-533-thread-1] INFO  server.RaftServerConfigKeys (ConfUtils.java:logGet(46)) - raft.server.log.statemachine.data.sync.timeout.retry = -1 (default)
2022-09-08 01:53:21,482 [pool-533-thread-1] INFO  server.RaftServerConfigKeys (ConfUtils.java:logGet(46)) - raft.server.log.write.buffer.size = 1048576 (custom)
2022-09-08 01:53:21,483 [pool-533-thread-1] INFO  server.RaftServerConfigKeys (ConfUtils.java:logGet(46)) - raft.server.log.unsafe-flush.enabled = false (default)
2022-09-08 01:53:21,483 [pool-533-thread-1] INFO  server.RaftServerConfigKeys (ConfUtils.java:logGet(46)) - raft.server.log.statemachine.data.caching.enabled = true (custom)
2022-09-08 01:53:21,483 [pool-533-thread-1] INFO  segmented.SegmentedRaftLogWorker (SegmentedRaftLogWorker.java:lambda$new$0(135)) - b7c9405d-9a73-4fbd-afe8-64bf04b9d794@group-2303D56E24BD-SegmentedRaftLogWorker: flushIndex: setUnconditionally 0 -> -1
2022-09-08 01:53:21,483 [pool-533-thread-1] INFO  segmented.SegmentedRaftLogWorker (SegmentedRaftLogWorker.java:lambda$new$0(135)) - b7c9405d-9a73-4fbd-afe8-64bf04b9d794@group-2303D56E24BD-SegmentedRaftLogWorker: safeCacheEvictIndex: setUnconditionally 0 -> -1
2022-09-08 01:53:21,486 [pool-533-thread-1] INFO  server.RaftServerConfigKeys (ConfUtils.java:logGet(46)) - raft.server.snapshot.auto.trigger.enabled = true (custom)
2022-09-08 01:53:21,486 [pool-533-thread-1] INFO  server.RaftServerConfigKeys (ConfUtils.java:logGet(46)) - raft.server.snapshot.auto.trigger.threshold = 10000 (custom)
2022-09-08 01:53:21,486 [pool-533-thread-1] INFO  server.RaftServerConfigKeys (ConfUtils.java:logGet(46)) - raft.server.snapshot.retention.file.num = 5 (custom)
2022-09-08 01:53:21,487 [pool-533-thread-1] INFO  server.RaftServerConfigKeys (ConfUtils.java:logGet(46)) - raft.server.log.purge.upto.snapshot.index = false (default)
2022-09-08 01:53:21,487 [pool-533-thread-1] INFO  server.RaftServerConfigKeys (ConfUtils.java:logGet(46)) - raft.server.retrycache.expirytime = 600000ms (custom)
2022-09-08 01:53:21,487 [pool-533-thread-1] INFO  server.RaftServerConfigKeys (ConfUtils.java:logGet(46)) - raft.server.retrycache.statistics.expirytime = 100μs (default)
2022-09-08 01:53:21,488 [pool-533-thread-1] INFO  server.RaftServerConfigKeys (ConfUtils.java:logGet(46)) - raft.server.log.appender.install.snapshot.enabled = false (custom)
2022-09-08 01:53:21,488 [pool-533-thread-1] INFO  server.RaftServerConfigKeys (ConfUtils.java:logGet(46)) - raft.server.threadpool.server.cached = true (default)
2022-09-08 01:53:21,488 [pool-533-thread-1] INFO  server.RaftServerConfigKeys (ConfUtils.java:logGet(46)) - raft.server.threadpool.server.size = 0 (default)
2022-09-08 01:53:21,488 [pool-533-thread-1] INFO  server.RaftServerConfigKeys (ConfUtils.java:logGet(46)) - raft.server.threadpool.client.cached = true (default)
2022-09-08 01:53:21,488 [pool-533-thread-1] INFO  server.RaftServerConfigKeys (ConfUtils.java:logGet(46)) - raft.server.threadpool.client.size = 0 (default)
2022-09-08 01:53:21,488 [pool-533-thread-1] INFO  server.RaftServer$Division (RaftServerImpl.java:start(310)) - b7c9405d-9a73-4fbd-afe8-64bf04b9d794@group-2303D56E24BD: start as a follower, conf=-1: [b7c9405d-9a73-4fbd-afe8-64bf04b9d794|rpc:10.1.1.0:45849|dataStream:|priority:0, 3b94da99-c23d-4519-a6dd-621bbdbf8b87|rpc:10.1.1.0:45179|dataStream:|priority:0, 009dccab-c19f-4dcd-8c3d-5390f1d1737a|rpc:10.1.1.0:41309|dataStream:|priority:1], old=null
2022-09-08 01:53:21,488 [pool-533-thread-1] INFO  server.RaftServer$Division (RaftServerImpl.java:setRole(299)) - b7c9405d-9a73-4fbd-afe8-64bf04b9d794@group-2303D56E24BD: changes role from      null to FOLLOWER at term 0 for startAsFollower
2022-09-08 01:53:21,488 [pool-533-thread-1] INFO  impl.RoleInfo (RoleInfo.java:updateAndGet(139)) - b7c9405d-9a73-4fbd-afe8-64bf04b9d794: start b7c9405d-9a73-4fbd-afe8-64bf04b9d794@group-2303D56E24BD-FollowerState
2022-09-08 01:53:21,488 [pool-533-thread-1] INFO  util.JmxRegister (JmxRegister.java:tryRegister(44)) - Successfully registered JMX Bean with object name Ratis:service=RaftServer,group=group-2303D56E24BD,id=b7c9405d-9a73-4fbd-afe8-64bf04b9d794
2022-09-08 01:53:21,492 [Command processor thread] INFO  commandhandler.CreatePipelineCommandHandler (CreatePipelineCommandHandler.java:handle(113)) - Created Pipeline RATIS THREE PipelineID=fff8cd30-37df-4f6c-9b6b-2303d56e24bd.
2022-09-08 01:53:21,717 [Command processor thread] INFO  server.RaftServer (RaftServerProxy.java:addNew(96)) - b7c9405d-9a73-4fbd-afe8-64bf04b9d794: addNew group-C5D42D74FF3E:[b7c9405d-9a73-4fbd-afe8-64bf04b9d794|rpc:10.1.1.0:45849|priority:1] returns group-C5D42D74FF3E:java.util.concurrent.CompletableFuture@1015c2e6[Not completed]
2022-09-08 01:53:21,718 [pool-533-thread-1] INFO  server.RaftServer$Division (RaftServerImpl.java:<init>(190)) - b7c9405d-9a73-4fbd-afe8-64bf04b9d794: new RaftServerImpl for group-C5D42D74FF3E:[b7c9405d-9a73-4fbd-afe8-64bf04b9d794|rpc:10.1.1.0:45849|priority:1] with ContainerStateMachine:uninitialized
2022-09-08 01:53:21,719 [pool-533-thread-1] INFO  server.RaftServerConfigKeys (ConfUtils.java:logGet(46)) - raft.server.rpc.timeout.min = 5s (custom)
2022-09-08 01:53:21,719 [pool-533-thread-1] INFO  server.RaftServerConfigKeys (ConfUtils.java:logGet(46)) - raft.server.rpc.timeout.max = 5200ms (custom)
2022-09-08 01:53:21,719 [pool-533-thread-1] INFO  server.RaftServerConfigKeys (ConfUtils.java:logGet(46)) - raft.server.rpc.sleep.time = 25ms (default)
2022-09-08 01:53:21,719 [pool-533-thread-1] INFO  server.RaftServerConfigKeys (ConfUtils.java:logGet(46)) - raft.server.rpc.slowness.timeout = 300s (custom)
2022-09-08 01:53:21,719 [pool-533-thread-1] INFO  server.RaftServerConfigKeys (ConfUtils.java:logGet(46)) - raft.server.leaderelection.leader.step-down.wait-time = 10s (default)
2022-09-08 01:53:21,719 [pool-533-thread-1] INFO  server.RaftServerConfigKeys (ConfUtils.java:logGet(46)) - raft.server.sleep.deviation.threshold = 300ms (default)
2022-09-08 01:53:21,719 [pool-533-thread-1] INFO  server.RaftServer$Division (ServerState.java:<init>(107)) - b7c9405d-9a73-4fbd-afe8-64bf04b9d794@group-C5D42D74FF3E: ConfigurationManager, init=-1: [b7c9405d-9a73-4fbd-afe8-64bf04b9d794|rpc:10.1.1.0:45849|priority:1], old=null, confs=<EMPTY_MAP>
2022-09-08 01:53:21,719 [pool-533-thread-1] INFO  server.RaftServerConfigKeys (ConfUtils.java:logGet(46)) - raft.server.storage.dir = [/home/runner/work/ozone/ozone/hadoop-ozone/integration-test/target/test-dir/MiniOzoneClusterImpl-82e34331-d350-4f2b-a416-c6d91b571450/datanode-1/data/ratis] (custom)
2022-09-08 01:53:21,719 [pool-533-thread-1] INFO  server.RaftServerConfigKeys (ConfUtils.java:logGet(46)) - raft.server.log.corruption.policy = EXCEPTION (default)
2022-09-08 01:53:21,719 [pool-533-thread-1] INFO  server.RaftServerConfigKeys (ConfUtils.java:logGet(46)) - raft.server.storage.free-space.min = 0MB (=0) (default)
2022-09-08 01:53:21,719 [pool-533-thread-1] INFO  storage.RaftStorageDirectory (RaftStorageDirectoryImpl.java:analyzeStorage(135)) - The storage directory /home/runner/work/ozone/ozone/hadoop-ozone/integration-test/target/test-dir/MiniOzoneClusterImpl-82e34331-d350-4f2b-a416-c6d91b571450/datanode-1/data/ratis/ae3847a5-98fc-4dfc-97db-c5d42d74ff3e does not exist. Creating ...
2022-09-08 01:53:21,725 [pool-533-thread-1] INFO  storage.RaftStorageDirectory (RaftStorageDirectoryImpl.java:tryLock(230)) - Lock on /home/runner/work/ozone/ozone/hadoop-ozone/integration-test/target/test-dir/MiniOzoneClusterImpl-82e34331-d350-4f2b-a416-c6d91b571450/datanode-1/data/ratis/ae3847a5-98fc-4dfc-97db-c5d42d74ff3e/in_use.lock acquired by nodename 132736@fv-az38-857
2022-09-08 01:53:21,726 [pool-533-thread-1] INFO  storage.RaftStorage (RaftStorageImpl.java:format(89)) - Storage directory /home/runner/work/ozone/ozone/hadoop-ozone/integration-test/target/test-dir/MiniOzoneClusterImpl-82e34331-d350-4f2b-a416-c6d91b571450/datanode-1/data/ratis/ae3847a5-98fc-4dfc-97db-c5d42d74ff3e has been successfully formatted.
2022-09-08 01:53:21,727 [pool-533-thread-1] INFO  ratis.ContainerStateMachine (ContainerStateMachine.java:loadSnapshot(236)) - group-C5D42D74FF3E: The snapshot info is null. Setting the last applied indexto:(t:0, i:~)
2022-09-08 01:53:21,727 [pool-533-thread-1] INFO  server.RaftServerConfigKeys (ConfUtils.java:logGet(46)) - raft.server.notification.no-leader.timeout = 300s (custom)
2022-09-08 01:53:21,727 [pool-533-thread-1] INFO  server.RaftServerConfigKeys (ConfUtils.java:logGet(46)) - raft.server.log.use.memory = false (default)
2022-09-08 01:53:21,727 [pool-533-thread-1] INFO  server.RaftServerConfigKeys (ConfUtils.java:logGet(46)) - raft.server.log.purge.gap = 1000000 (custom)
2022-09-08 01:53:21,727 [pool-533-thread-1] INFO  server.RaftServerConfigKeys (ConfUtils.java:logGet(46)) - raft.server.log.appender.buffer.byte-limit = 33554432 (custom)
2022-09-08 01:53:21,727 [pool-533-thread-1] INFO  server.RaftServerConfigKeys (ConfUtils.java:logGet(46)) - raft.server.log.statemachine.data.read.timeout = 1000ms (default)
2022-09-08 01:53:21,727 [pool-533-thread-1] INFO  server.RaftServerConfigKeys (ConfUtils.java:logGet(46)) - raft.server.log.segment.size.max = 1048576 (custom)
2022-09-08 01:53:21,728 [EventQueue-PipelineReportForPipelineReportHandler] INFO  pipeline.PipelineManagerImpl (PipelineManagerImpl.java:openPipeline(367)) - Pipeline Pipeline[ Id: ae3847a5-98fc-4dfc-97db-c5d42d74ff3e, Nodes: b7c9405d-9a73-4fbd-afe8-64bf04b9d794{ip: 10.1.1.0, host: fv-az38-857.qiceih3q1hfe5a3ai3y3qk2fta.cx.internal.cloudapp.net, ports: [REPLICATION=36513, RATIS=45849, RATIS_ADMIN=45849, RATIS_SERVER=45849, STANDALONE=36161], networkLocation: /default-rack, certSerialId: null, persistedOpState: IN_SERVICE, persistedOpStateExpiryEpochSec: 0}, ReplicationConfig: RATIS/ONE, State:ALLOCATED, leaderId:b7c9405d-9a73-4fbd-afe8-64bf04b9d794, CreationTimestamp2022-09-08T01:53:18.730Z[Etc/UTC]] moved to OPEN state
2022-09-08 01:53:21,729 [EventQueue-OpenPipelineForHealthyPipelineSafeModeRule] INFO  safemode.SCMSafeModeManager (HealthyPipelineSafeModeRule.java:process(137)) - SCM in safe mode. Healthy pipelines reported count is 0, required healthy pipeline reported count is 1
2022-09-08 01:53:21,729 [pool-533-thread-1] INFO  server.RaftServerConfigKeys (ConfUtils.java:logGet(46)) - raft.server.log.segment.cache.num.max = 2 (custom)
2022-09-08 01:53:21,729 [pool-533-thread-1] INFO  server.RaftServerConfigKeys (ConfUtils.java:logGet(46)) - raft.server.log.segment.cache.size.max = 200MB (=209715200) (default)
2022-09-08 01:53:21,729 [pool-533-thread-1] INFO  segmented.SegmentedRaftLogWorker (SegmentedRaftLogWorker.java:<init>(187)) - new b7c9405d-9a73-4fbd-afe8-64bf04b9d794@group-C5D42D74FF3E-SegmentedRaftLogWorker for RaftStorageImpl:Storage Directory /home/runner/work/ozone/ozone/hadoop-ozone/integration-test/target/test-dir/MiniOzoneClusterImpl-82e34331-d350-4f2b-a416-c6d91b571450/datanode-1/data/ratis/ae3847a5-98fc-4dfc-97db-c5d42d74ff3e
2022-09-08 01:53:21,729 [pool-533-thread-1] INFO  server.RaftServerConfigKeys (ConfUtils.java:logGet(46)) - raft.server.log.queue.byte-limit = 4294967296 (custom)
2022-09-08 01:53:21,729 [pool-533-thread-1] INFO  server.RaftServerConfigKeys (ConfUtils.java:logGet(46)) - raft.server.log.queue.element-limit = 1024 (custom)
2022-09-08 01:53:21,729 [pool-533-thread-1] INFO  server.RaftServerConfigKeys (ConfUtils.java:logGet(46)) - raft.server.log.segment.size.max = 1048576 (custom)
2022-09-08 01:53:21,729 [pool-533-thread-1] INFO  server.RaftServerConfigKeys (ConfUtils.java:logGet(46)) - raft.server.log.preallocated.size = 16384 (custom)
2022-09-08 01:53:21,729 [pool-533-thread-1] INFO  server.RaftServerConfigKeys (ConfUtils.java:logGet(46)) - raft.server.log.force.sync.num = 128 (default)
2022-09-08 01:53:21,729 [pool-533-thread-1] INFO  server.RaftServerConfigKeys (ConfUtils.java:logGet(46)) - raft.server.log.statemachine.data.sync = true (default)
2022-09-08 01:53:21,730 [pool-533-thread-1] INFO  server.RaftServerConfigKeys (ConfUtils.java:logGet(46)) - raft.server.log.statemachine.data.sync.timeout = 10s (default)
2022-09-08 01:53:21,730 [pool-533-thread-1] INFO  server.RaftServerConfigKeys (ConfUtils.java:logGet(46)) - raft.server.log.statemachine.data.sync.timeout.retry = -1 (default)
2022-09-08 01:53:21,730 [pool-533-thread-1] INFO  server.RaftServerConfigKeys (ConfUtils.java:logGet(46)) - raft.server.log.write.buffer.size = 1048576 (custom)
2022-09-08 01:53:21,731 [pool-533-thread-1] INFO  server.RaftServerConfigKeys (ConfUtils.java:logGet(46)) - raft.server.log.unsafe-flush.enabled = false (default)
2022-09-08 01:53:21,731 [pool-533-thread-1] INFO  server.RaftServerConfigKeys (ConfUtils.java:logGet(46)) - raft.server.log.statemachine.data.caching.enabled = true (custom)
2022-09-08 01:53:21,731 [pool-533-thread-1] INFO  segmented.SegmentedRaftLogWorker (SegmentedRaftLogWorker.java:lambda$new$0(135)) - b7c9405d-9a73-4fbd-afe8-64bf04b9d794@group-C5D42D74FF3E-SegmentedRaftLogWorker: flushIndex: setUnconditionally 0 -> -1
2022-09-08 01:53:21,731 [pool-533-thread-1] INFO  segmented.SegmentedRaftLogWorker (SegmentedRaftLogWorker.java:lambda$new$0(135)) - b7c9405d-9a73-4fbd-afe8-64bf04b9d794@group-C5D42D74FF3E-SegmentedRaftLogWorker: safeCacheEvictIndex: setUnconditionally 0 -> -1
2022-09-08 01:53:21,733 [pool-533-thread-1] INFO  server.RaftServerConfigKeys (ConfUtils.java:logGet(46)) - raft.server.snapshot.auto.trigger.enabled = true (custom)
2022-09-08 01:53:21,736 [pool-533-thread-1] INFO  server.RaftServerConfigKeys (ConfUtils.java:logGet(46)) - raft.server.snapshot.auto.trigger.threshold = 10000 (custom)
2022-09-08 01:53:21,736 [pool-533-thread-1] INFO  server.RaftServerConfigKeys (ConfUtils.java:logGet(46)) - raft.server.snapshot.retention.file.num = 5 (custom)
2022-09-08 01:53:21,736 [pool-533-thread-1] INFO  server.RaftServerConfigKeys (ConfUtils.java:logGet(46)) - raft.server.log.purge.upto.snapshot.index = false (default)
2022-09-08 01:53:21,736 [pool-533-thread-1] INFO  server.RaftServerConfigKeys (ConfUtils.java:logGet(46)) - raft.server.retrycache.expirytime = 600000ms (custom)
2022-09-08 01:53:21,736 [pool-533-thread-1] INFO  server.RaftServerConfigKeys (ConfUtils.java:logGet(46)) - raft.server.retrycache.statistics.expirytime = 100μs (default)
2022-09-08 01:53:21,737 [pool-533-thread-1] INFO  server.RaftServerConfigKeys (ConfUtils.java:logGet(46)) - raft.server.log.appender.install.snapshot.enabled = false (custom)
2022-09-08 01:53:21,737 [pool-533-thread-1] INFO  server.RaftServerConfigKeys (ConfUtils.java:logGet(46)) - raft.server.threadpool.server.cached = true (default)
2022-09-08 01:53:21,737 [pool-533-thread-1] INFO  server.RaftServerConfigKeys (ConfUtils.java:logGet(46)) - raft.server.threadpool.server.size = 0 (default)
2022-09-08 01:53:21,737 [pool-533-thread-1] INFO  server.RaftServerConfigKeys (ConfUtils.java:logGet(46)) - raft.server.threadpool.client.cached = true (default)
2022-09-08 01:53:21,737 [pool-533-thread-1] INFO  server.RaftServerConfigKeys (ConfUtils.java:logGet(46)) - raft.server.threadpool.client.size = 0 (default)
2022-09-08 01:53:21,737 [pool-533-thread-1] INFO  server.RaftServer$Division (RaftServerImpl.java:start(310)) - b7c9405d-9a73-4fbd-afe8-64bf04b9d794@group-C5D42D74FF3E: start as a follower, conf=-1: [b7c9405d-9a73-4fbd-afe8-64bf04b9d794|rpc:10.1.1.0:45849|priority:1], old=null
2022-09-08 01:53:21,737 [pool-533-thread-1] INFO  server.RaftServer$Division (RaftServerImpl.java:setRole(299)) - b7c9405d-9a73-4fbd-afe8-64bf04b9d794@group-C5D42D74FF3E: changes role from      null to FOLLOWER at term 0 for startAsFollower
2022-09-08 01:53:21,737 [pool-533-thread-1] INFO  impl.RoleInfo (RoleInfo.java:updateAndGet(139)) - b7c9405d-9a73-4fbd-afe8-64bf04b9d794: start b7c9405d-9a73-4fbd-afe8-64bf04b9d794@group-C5D42D74FF3E-FollowerState
2022-09-08 01:53:21,737 [pool-533-thread-1] INFO  util.JmxRegister (JmxRegister.java:tryRegister(44)) - Successfully registered JMX Bean with object name Ratis:service=RaftServer,group=group-C5D42D74FF3E,id=b7c9405d-9a73-4fbd-afe8-64bf04b9d794
2022-09-08 01:53:21,744 [Command processor thread] INFO  ratis.XceiverServerRatis (XceiverServerRatis.java:addGroup(765)) - Created group PipelineID=ae3847a5-98fc-4dfc-97db-c5d42d74ff3e
2022-09-08 01:53:21,744 [Command processor thread] INFO  commandhandler.CreatePipelineCommandHandler (CreatePipelineCommandHandler.java:handle(113)) - Created Pipeline RATIS ONE PipelineID=ae3847a5-98fc-4dfc-97db-c5d42d74ff3e.
2022-09-08 01:53:22,234 [Listener at 127.0.0.1/38893] INFO  ozone.MiniOzoneClusterImpl (MiniOzoneClusterImpl.java:lambda$waitForClusterToBeReady$0(216)) - Nodes are ready. Got 3 of 3 DN Heartbeats.
2022-09-08 01:53:22,234 [Listener at 127.0.0.1/38893] INFO  ozone.MiniOzoneClusterImpl (MiniOzoneClusterImpl.java:lambda$waitForClusterToBeReady$0(219)) - Waiting for cluster to exit safe mode
2022-09-08 01:53:22,234 [Listener at 127.0.0.1/38893] INFO  ozone.MiniOzoneClusterImpl (MiniOzoneClusterImpl.java:lambda$waitForClusterToBeReady$0(221)) - SCM became leader
2022-09-08 01:53:22,256 [Command processor thread] INFO  server.RaftServer (RaftServerProxy.java:addNew(96)) - 009dccab-c19f-4dcd-8c3d-5390f1d1737a: addNew group-DF900C35EA0B:[009dccab-c19f-4dcd-8c3d-5390f1d1737a|rpc:10.1.1.0:41309|priority:1] returns group-DF900C35EA0B:java.util.concurrent.CompletableFuture@710cb831[Not completed]
2022-09-08 01:53:22,257 [pool-556-thread-1] INFO  server.RaftServer$Division (RaftServerImpl.java:<init>(190)) - 009dccab-c19f-4dcd-8c3d-5390f1d1737a: new RaftServerImpl for group-DF900C35EA0B:[009dccab-c19f-4dcd-8c3d-5390f1d1737a|rpc:10.1.1.0:41309|priority:1] with ContainerStateMachine:uninitialized
2022-09-08 01:53:22,258 [pool-556-thread-1] INFO  server.RaftServerConfigKeys (ConfUtils.java:logGet(46)) - raft.server.rpc.timeout.min = 5s (custom)
2022-09-08 01:53:22,258 [pool-556-thread-1] INFO  server.RaftServerConfigKeys (ConfUtils.java:logGet(46)) - raft.server.rpc.timeout.max = 5200ms (custom)
2022-09-08 01:53:22,258 [pool-556-thread-1] INFO  server.RaftServerConfigKeys (ConfUtils.java:logGet(46)) - raft.server.rpc.sleep.time = 25ms (default)
2022-09-08 01:53:22,258 [pool-556-thread-1] INFO  server.RaftServerConfigKeys (ConfUtils.java:logGet(46)) - raft.server.rpc.slowness.timeout = 300s (custom)
2022-09-08 01:53:22,258 [pool-556-thread-1] INFO  server.RaftServerConfigKeys (ConfUtils.java:logGet(46)) - raft.server.leaderelection.leader.step-down.wait-time = 10s (default)
2022-09-08 01:53:22,258 [pool-556-thread-1] INFO  server.RaftServerConfigKeys (ConfUtils.java:logGet(46)) - raft.server.sleep.deviation.threshold = 300ms (default)
2022-09-08 01:53:22,258 [pool-556-thread-1] INFO  server.RaftServer$Division (ServerState.java:<init>(107)) - 009dccab-c19f-4dcd-8c3d-5390f1d1737a@group-DF900C35EA0B: ConfigurationManager, init=-1: [009dccab-c19f-4dcd-8c3d-5390f1d1737a|rpc:10.1.1.0:41309|priority:1], old=null, confs=<EMPTY_MAP>
2022-09-08 01:53:22,258 [pool-556-thread-1] INFO  server.RaftServerConfigKeys (ConfUtils.java:logGet(46)) - raft.server.storage.dir = [/home/runner/work/ozone/ozone/hadoop-ozone/integration-test/target/test-dir/MiniOzoneClusterImpl-82e34331-d350-4f2b-a416-c6d91b571450/datanode-2/data/ratis] (custom)
2022-09-08 01:53:22,258 [pool-556-thread-1] INFO  server.RaftServerConfigKeys (ConfUtils.java:logGet(46)) - raft.server.log.corruption.policy = EXCEPTION (default)
2022-09-08 01:53:22,258 [pool-556-thread-1] INFO  server.RaftServerConfigKeys (ConfUtils.java:logGet(46)) - raft.server.storage.free-space.min = 0MB (=0) (default)
2022-09-08 01:53:22,258 [pool-556-thread-1] INFO  storage.RaftStorageDirectory (RaftStorageDirectoryImpl.java:analyzeStorage(135)) - The storage directory /home/runner/work/ozone/ozone/hadoop-ozone/integration-test/target/test-dir/MiniOzoneClusterImpl-82e34331-d350-4f2b-a416-c6d91b571450/datanode-2/data/ratis/9bebb16b-4e12-467f-8923-df900c35ea0b does not exist. Creating ...
2022-09-08 01:53:22,260 [pool-556-thread-1] INFO  storage.RaftStorageDirectory (RaftStorageDirectoryImpl.java:tryLock(230)) - Lock on /home/runner/work/ozone/ozone/hadoop-ozone/integration-test/target/test-dir/MiniOzoneClusterImpl-82e34331-d350-4f2b-a416-c6d91b571450/datanode-2/data/ratis/9bebb16b-4e12-467f-8923-df900c35ea0b/in_use.lock acquired by nodename 132736@fv-az38-857
2022-09-08 01:53:22,261 [pool-556-thread-1] INFO  storage.RaftStorage (RaftStorageImpl.java:format(89)) - Storage directory /home/runner/work/ozone/ozone/hadoop-ozone/integration-test/target/test-dir/MiniOzoneClusterImpl-82e34331-d350-4f2b-a416-c6d91b571450/datanode-2/data/ratis/9bebb16b-4e12-467f-8923-df900c35ea0b has been successfully formatted.
2022-09-08 01:53:22,263 [EventQueue-PipelineReportForPipelineReportHandler] INFO  pipeline.PipelineManagerImpl (PipelineManagerImpl.java:openPipeline(367)) - Pipeline Pipeline[ Id: 9bebb16b-4e12-467f-8923-df900c35ea0b, Nodes: 009dccab-c19f-4dcd-8c3d-5390f1d1737a{ip: 10.1.1.0, host: fv-az38-857.qiceih3q1hfe5a3ai3y3qk2fta.cx.internal.cloudapp.net, ports: [REPLICATION=36031, RATIS=41309, RATIS_ADMIN=41309, RATIS_SERVER=41309, STANDALONE=37193], networkLocation: /default-rack, certSerialId: null, persistedOpState: IN_SERVICE, persistedOpStateExpiryEpochSec: 0}, ReplicationConfig: RATIS/ONE, State:ALLOCATED, leaderId:009dccab-c19f-4dcd-8c3d-5390f1d1737a, CreationTimestamp2022-09-08T01:53:19.259Z[Etc/UTC]] moved to OPEN state
2022-09-08 01:53:22,264 [EventQueue-OpenPipelineForHealthyPipelineSafeModeRule] INFO  safemode.SCMSafeModeManager (HealthyPipelineSafeModeRule.java:process(137)) - SCM in safe mode. Healthy pipelines reported count is 0, required healthy pipeline reported count is 1
2022-09-08 01:53:22,264 [pool-556-thread-1] INFO  ratis.ContainerStateMachine (ContainerStateMachine.java:loadSnapshot(236)) - group-DF900C35EA0B: The snapshot info is null. Setting the last applied indexto:(t:0, i:~)
2022-09-08 01:53:22,264 [pool-556-thread-1] INFO  server.RaftServerConfigKeys (ConfUtils.java:logGet(46)) - raft.server.notification.no-leader.timeout = 300s (custom)
2022-09-08 01:53:22,264 [pool-556-thread-1] INFO  server.RaftServerConfigKeys (ConfUtils.java:logGet(46)) - raft.server.log.use.memory = false (default)
2022-09-08 01:53:22,264 [pool-556-thread-1] INFO  server.RaftServerConfigKeys (ConfUtils.java:logGet(46)) - raft.server.log.purge.gap = 1000000 (custom)
2022-09-08 01:53:22,264 [pool-556-thread-1] INFO  server.RaftServerConfigKeys (ConfUtils.java:logGet(46)) - raft.server.log.appender.buffer.byte-limit = 33554432 (custom)
2022-09-08 01:53:22,264 [pool-556-thread-1] INFO  server.RaftServerConfigKeys (ConfUtils.java:logGet(46)) - raft.server.log.statemachine.data.read.timeout = 1000ms (default)
2022-09-08 01:53:22,264 [pool-556-thread-1] INFO  server.RaftServerConfigKeys (ConfUtils.java:logGet(46)) - raft.server.log.segment.size.max = 1048576 (custom)
2022-09-08 01:53:22,265 [pool-556-thread-1] INFO  server.RaftServerConfigKeys (ConfUtils.java:logGet(46)) - raft.server.log.segment.cache.num.max = 2 (custom)
2022-09-08 01:53:22,265 [pool-556-thread-1] INFO  server.RaftServerConfigKeys (ConfUtils.java:logGet(46)) - raft.server.log.segment.cache.size.max = 200MB (=209715200) (default)
2022-09-08 01:53:22,265 [pool-556-thread-1] INFO  segmented.SegmentedRaftLogWorker (SegmentedRaftLogWorker.java:<init>(187)) - new 009dccab-c19f-4dcd-8c3d-5390f1d1737a@group-DF900C35EA0B-SegmentedRaftLogWorker for RaftStorageImpl:Storage Directory /home/runner/work/ozone/ozone/hadoop-ozone/integration-test/target/test-dir/MiniOzoneClusterImpl-82e34331-d350-4f2b-a416-c6d91b571450/datanode-2/data/ratis/9bebb16b-4e12-467f-8923-df900c35ea0b
2022-09-08 01:53:22,265 [pool-556-thread-1] INFO  server.RaftServerConfigKeys (ConfUtils.java:logGet(46)) - raft.server.log.queue.byte-limit = 4294967296 (custom)
2022-09-08 01:53:22,265 [pool-556-thread-1] INFO  server.RaftServerConfigKeys (ConfUtils.java:logGet(46)) - raft.server.log.queue.element-limit = 1024 (custom)
2022-09-08 01:53:22,265 [pool-556-thread-1] INFO  server.RaftServerConfigKeys (ConfUtils.java:logGet(46)) - raft.server.log.segment.size.max = 1048576 (custom)
2022-09-08 01:53:22,265 [pool-556-thread-1] INFO  server.RaftServerConfigKeys (ConfUtils.java:logGet(46)) - raft.server.log.preallocated.size = 16384 (custom)
2022-09-08 01:53:22,265 [pool-556-thread-1] INFO  server.RaftServerConfigKeys (ConfUtils.java:logGet(46)) - raft.server.log.force.sync.num = 128 (default)
2022-09-08 01:53:22,265 [pool-556-thread-1] INFO  server.RaftServerConfigKeys (ConfUtils.java:logGet(46)) - raft.server.log.statemachine.data.sync = true (default)
2022-09-08 01:53:22,265 [pool-556-thread-1] INFO  server.RaftServerConfigKeys (ConfUtils.java:logGet(46)) - raft.server.log.statemachine.data.sync.timeout = 10s (default)
2022-09-08 01:53:22,265 [pool-556-thread-1] INFO  server.RaftServerConfigKeys (ConfUtils.java:logGet(46)) - raft.server.log.statemachine.data.sync.timeout.retry = -1 (default)
2022-09-08 01:53:22,266 [pool-556-thread-1] INFO  server.RaftServerConfigKeys (ConfUtils.java:logGet(46)) - raft.server.log.write.buffer.size = 1048576 (custom)
2022-09-08 01:53:22,267 [pool-556-thread-1] INFO  server.RaftServerConfigKeys (ConfUtils.java:logGet(46)) - raft.server.log.unsafe-flush.enabled = false (default)
2022-09-08 01:53:22,267 [pool-556-thread-1] INFO  server.RaftServerConfigKeys (ConfUtils.java:logGet(46)) - raft.server.log.statemachine.data.caching.enabled = true (custom)
2022-09-08 01:53:22,267 [pool-556-thread-1] INFO  segmented.SegmentedRaftLogWorker (SegmentedRaftLogWorker.java:lambda$new$0(135)) - 009dccab-c19f-4dcd-8c3d-5390f1d1737a@group-DF900C35EA0B-SegmentedRaftLogWorker: flushIndex: setUnconditionally 0 -> -1
2022-09-08 01:53:22,267 [pool-556-thread-1] INFO  segmented.SegmentedRaftLogWorker (SegmentedRaftLogWorker.java:lambda$new$0(135)) - 009dccab-c19f-4dcd-8c3d-5390f1d1737a@group-DF900C35EA0B-SegmentedRaftLogWorker: safeCacheEvictIndex: setUnconditionally 0 -> -1
2022-09-08 01:53:22,272 [pool-556-thread-1] INFO  server.RaftServerConfigKeys (ConfUtils.java:logGet(46)) - raft.server.snapshot.auto.trigger.enabled = true (custom)
2022-09-08 01:53:22,272 [pool-556-thread-1] INFO  server.RaftServerConfigKeys (ConfUtils.java:logGet(46)) - raft.server.snapshot.auto.trigger.threshold = 10000 (custom)
2022-09-08 01:53:22,272 [pool-556-thread-1] INFO  server.RaftServerConfigKeys (ConfUtils.java:logGet(46)) - raft.server.snapshot.retention.file.num = 5 (custom)
2022-09-08 01:53:22,272 [pool-556-thread-1] INFO  server.RaftServerConfigKeys (ConfUtils.java:logGet(46)) - raft.server.log.purge.upto.snapshot.index = false (default)
2022-09-08 01:53:22,273 [pool-556-thread-1] INFO  server.RaftServerConfigKeys (ConfUtils.java:logGet(46)) - raft.server.retrycache.expirytime = 600000ms (custom)
2022-09-08 01:53:22,273 [pool-556-thread-1] INFO  server.RaftServerConfigKeys (ConfUtils.java:logGet(46)) - raft.server.retrycache.statistics.expirytime = 100μs (default)
2022-09-08 01:53:22,274 [pool-556-thread-1] INFO  server.RaftServerConfigKeys (ConfUtils.java:logGet(46)) - raft.server.log.appender.install.snapshot.enabled = false (custom)
2022-09-08 01:53:22,274 [pool-556-thread-1] INFO  server.RaftServerConfigKeys (ConfUtils.java:logGet(46)) - raft.server.threadpool.server.cached = true (default)
2022-09-08 01:53:22,274 [pool-556-thread-1] INFO  server.RaftServerConfigKeys (ConfUtils.java:logGet(46)) - raft.server.threadpool.server.size = 0 (default)
2022-09-08 01:53:22,274 [pool-556-thread-1] INFO  server.RaftServerConfigKeys (ConfUtils.java:logGet(46)) - raft.server.threadpool.client.cached = true (default)
2022-09-08 01:53:22,274 [pool-556-thread-1] INFO  server.RaftServerConfigKeys (ConfUtils.java:logGet(46)) - raft.server.threadpool.client.size = 0 (default)
2022-09-08 01:53:22,274 [pool-556-thread-1] INFO  server.RaftServer$Division (RaftServerImpl.java:start(310)) - 009dccab-c19f-4dcd-8c3d-5390f1d1737a@group-DF900C35EA0B: start as a follower, conf=-1: [009dccab-c19f-4dcd-8c3d-5390f1d1737a|rpc:10.1.1.0:41309|priority:1], old=null
2022-09-08 01:53:22,274 [pool-556-thread-1] INFO  server.RaftServer$Division (RaftServerImpl.java:setRole(299)) - 009dccab-c19f-4dcd-8c3d-5390f1d1737a@group-DF900C35EA0B: changes role from      null to FOLLOWER at term 0 for startAsFollower
2022-09-08 01:53:22,274 [pool-556-thread-1] INFO  impl.RoleInfo (RoleInfo.java:updateAndGet(139)) - 009dccab-c19f-4dcd-8c3d-5390f1d1737a: start 009dccab-c19f-4dcd-8c3d-5390f1d1737a@group-DF900C35EA0B-FollowerState
2022-09-08 01:53:22,279 [pool-556-thread-1] INFO  util.JmxRegister (JmxRegister.java:tryRegister(44)) - Successfully registered JMX Bean with object name Ratis:service=RaftServer,group=group-DF900C35EA0B,id=009dccab-c19f-4dcd-8c3d-5390f1d1737a
2022-09-08 01:53:22,279 [Command processor thread] INFO  ratis.XceiverServerRatis (XceiverServerRatis.java:addGroup(765)) - Created group PipelineID=9bebb16b-4e12-467f-8923-df900c35ea0b
2022-09-08 01:53:22,280 [Command processor thread] INFO  commandhandler.CreatePipelineCommandHandler (CreatePipelineCommandHandler.java:handle(113)) - Created Pipeline RATIS ONE PipelineID=9bebb16b-4e12-467f-8923-df900c35ea0b.
2022-09-08 01:53:23,234 [Listener at 127.0.0.1/38893] INFO  ozone.MiniOzoneClusterImpl (MiniOzoneClusterImpl.java:lambda$waitForClusterToBeReady$0(216)) - Nodes are ready. Got 3 of 3 DN Heartbeats.
2022-09-08 01:53:23,235 [Listener at 127.0.0.1/38893] INFO  ozone.MiniOzoneClusterImpl (MiniOzoneClusterImpl.java:lambda$waitForClusterToBeReady$0(219)) - Waiting for cluster to exit safe mode
2022-09-08 01:53:23,235 [Listener at 127.0.0.1/38893] INFO  ozone.MiniOzoneClusterImpl (MiniOzoneClusterImpl.java:lambda$waitForClusterToBeReady$0(221)) - SCM became leader
2022-09-08 01:53:24,235 [Listener at 127.0.0.1/38893] INFO  ozone.MiniOzoneClusterImpl (MiniOzoneClusterImpl.java:lambda$waitForClusterToBeReady$0(216)) - Nodes are ready. Got 3 of 3 DN Heartbeats.
2022-09-08 01:53:24,235 [Listener at 127.0.0.1/38893] INFO  ozone.MiniOzoneClusterImpl (MiniOzoneClusterImpl.java:lambda$waitForClusterToBeReady$0(219)) - Waiting for cluster to exit safe mode
2022-09-08 01:53:24,235 [Listener at 127.0.0.1/38893] INFO  ozone.MiniOzoneClusterImpl (MiniOzoneClusterImpl.java:lambda$waitForClusterToBeReady$0(221)) - SCM became leader
2022-09-08 01:53:25,236 [Listener at 127.0.0.1/38893] INFO  ozone.MiniOzoneClusterImpl (MiniOzoneClusterImpl.java:lambda$waitForClusterToBeReady$0(216)) - Nodes are ready. Got 3 of 3 DN Heartbeats.
2022-09-08 01:53:25,236 [Listener at 127.0.0.1/38893] INFO  ozone.MiniOzoneClusterImpl (MiniOzoneClusterImpl.java:lambda$waitForClusterToBeReady$0(219)) - Waiting for cluster to exit safe mode
2022-09-08 01:53:25,236 [Listener at 127.0.0.1/38893] INFO  ozone.MiniOzoneClusterImpl (MiniOzoneClusterImpl.java:lambda$waitForClusterToBeReady$0(221)) - SCM became leader
2022-09-08 01:53:25,927 [3b94da99-c23d-4519-a6dd-621bbdbf8b87@group-D8C425837423-FollowerState] INFO  impl.FollowerState (FollowerState.java:run(143)) - 3b94da99-c23d-4519-a6dd-621bbdbf8b87@group-D8C425837423-FollowerState: change to CANDIDATE, lastRpcElapsedTime:5144540495ns, electionTimeout:5136ms
2022-09-08 01:53:25,927 [3b94da99-c23d-4519-a6dd-621bbdbf8b87@group-D8C425837423-FollowerState] INFO  impl.RoleInfo (RoleInfo.java:shutdownFollowerState(110)) - 3b94da99-c23d-4519-a6dd-621bbdbf8b87: shutdown 3b94da99-c23d-4519-a6dd-621bbdbf8b87@group-D8C425837423-FollowerState
2022-09-08 01:53:25,928 [3b94da99-c23d-4519-a6dd-621bbdbf8b87@group-D8C425837423-FollowerState] INFO  server.RaftServer$Division (RaftServerImpl.java:setRole(299)) - 3b94da99-c23d-4519-a6dd-621bbdbf8b87@group-D8C425837423: changes role from  FOLLOWER to CANDIDATE at term 0 for changeToCandidate
2022-09-08 01:53:25,928 [3b94da99-c23d-4519-a6dd-621bbdbf8b87@group-D8C425837423-FollowerState] INFO  server.RaftServerConfigKeys (ConfUtils.java:logGet(46)) - raft.server.leaderelection.pre-vote = false (custom)
2022-09-08 01:53:25,928 [3b94da99-c23d-4519-a6dd-621bbdbf8b87@group-D8C425837423-FollowerState] INFO  impl.RoleInfo (RoleInfo.java:updateAndGet(139)) - 3b94da99-c23d-4519-a6dd-621bbdbf8b87: start 3b94da99-c23d-4519-a6dd-621bbdbf8b87@group-D8C425837423-LeaderElection35
2022-09-08 01:53:25,946 [3b94da99-c23d-4519-a6dd-621bbdbf8b87@group-D8C425837423-LeaderElection35] INFO  impl.LeaderElection (LeaderElection.java:askForVotes(310)) - 3b94da99-c23d-4519-a6dd-621bbdbf8b87@group-D8C425837423-LeaderElection35 ELECTION round 0: submit vote requests at term 1 for -1: [3b94da99-c23d-4519-a6dd-621bbdbf8b87|rpc:10.1.1.0:45179|priority:1], old=null
2022-09-08 01:53:25,946 [3b94da99-c23d-4519-a6dd-621bbdbf8b87@group-D8C425837423-LeaderElection35] INFO  impl.LeaderElection (LeaderElection.java:askForVotes(312)) - 3b94da99-c23d-4519-a6dd-621bbdbf8b87@group-D8C425837423-LeaderElection35 ELECTION round 0: result PASSED (term=1)
2022-09-08 01:53:25,946 [3b94da99-c23d-4519-a6dd-621bbdbf8b87@group-D8C425837423-LeaderElection35] INFO  impl.RoleInfo (RoleInfo.java:shutdownLeaderElection(130)) - 3b94da99-c23d-4519-a6dd-621bbdbf8b87: shutdown 3b94da99-c23d-4519-a6dd-621bbdbf8b87@group-D8C425837423-LeaderElection35
2022-09-08 01:53:25,946 [3b94da99-c23d-4519-a6dd-621bbdbf8b87@group-D8C425837423-LeaderElection35] INFO  server.RaftServer$Division (RaftServerImpl.java:setRole(299)) - 3b94da99-c23d-4519-a6dd-621bbdbf8b87@group-D8C425837423: changes role from CANDIDATE to LEADER at term 1 for changeToLeader
2022-09-08 01:53:25,946 [3b94da99-c23d-4519-a6dd-621bbdbf8b87@group-D8C425837423-LeaderElection35] INFO  ratis.XceiverServerRatis (XceiverServerRatis.java:handleLeaderChangedNotification(863)) - Leader change notification received for group: group-D8C425837423 with new leaderId: 3b94da99-c23d-4519-a6dd-621bbdbf8b87
2022-09-08 01:53:25,947 [3b94da99-c23d-4519-a6dd-621bbdbf8b87@group-D8C425837423-LeaderElection35] INFO  server.RaftServer$Division (ServerState.java:setLeader(287)) - 3b94da99-c23d-4519-a6dd-621bbdbf8b87@group-D8C425837423: change Leader from null to 3b94da99-c23d-4519-a6dd-621bbdbf8b87 at term 1 for becomeLeader, leader elected after 5196ms
2022-09-08 01:53:25,947 [3b94da99-c23d-4519-a6dd-621bbdbf8b87@group-D8C425837423-LeaderElection35] INFO  server.RaftServerConfigKeys (ConfUtils.java:logGet(46)) - raft.server.staging.catchup.gap = 1000 (default)
2022-09-08 01:53:25,947 [3b94da99-c23d-4519-a6dd-621bbdbf8b87@group-D8C425837423-LeaderElection35] INFO  server.RaftServerConfigKeys (ConfUtils.java:logGet(46)) - raft.server.write.element-limit = 1024 (custom)
2022-09-08 01:53:25,947 [3b94da99-c23d-4519-a6dd-621bbdbf8b87@group-D8C425837423-LeaderElection35] INFO  server.RaftServerConfigKeys (ConfUtils.java:logGet(46)) - raft.server.write.byte-limit = 1024 M (=1073741824) (custom)
2022-09-08 01:53:25,947 [3b94da99-c23d-4519-a6dd-621bbdbf8b87@group-D8C425837423-LeaderElection35] INFO  server.RaftServerConfigKeys (ConfUtils.java:logGet(46)) - raft.server.watch.timeout = 180s (custom)
2022-09-08 01:53:25,947 [3b94da99-c23d-4519-a6dd-621bbdbf8b87@group-D8C425837423-LeaderElection35] INFO  server.RaftServerConfigKeys (ConfUtils.java:logGet(46)) - raft.server.watch.timeout.denomination = 1s (default)
2022-09-08 01:53:25,947 [3b94da99-c23d-4519-a6dd-621bbdbf8b87@group-D8C425837423-LeaderElection35] INFO  server.RaftServerConfigKeys (ConfUtils.java:logGet(46)) - raft.server.watch.element-limit = 65536 (default)
2022-09-08 01:53:25,947 [3b94da99-c23d-4519-a6dd-621bbdbf8b87@group-D8C425837423-LeaderElection35] INFO  server.RaftServerConfigKeys (ConfUtils.java:logGet(46)) - raft.server.write.element-limit = 1024 (custom)
2022-09-08 01:53:25,948 [EventQueue-OpenPipelineForHealthyPipelineSafeModeRule] INFO  safemode.SCMSafeModeManager (HealthyPipelineSafeModeRule.java:process(137)) - SCM in safe mode. Healthy pipelines reported count is 0, required healthy pipeline reported count is 1
2022-09-08 01:53:25,948 [3b94da99-c23d-4519-a6dd-621bbdbf8b87@group-D8C425837423-LeaderElection35] INFO  server.RaftServerConfigKeys (ConfUtils.java:logGet(46)) - raft.server.write.follower.gap.ratio.max = -1.0 (default)
2022-09-08 01:53:25,953 [3b94da99-c23d-4519-a6dd-621bbdbf8b87@group-D8C425837423-LeaderElection35] INFO  impl.RoleInfo (RoleInfo.java:updateAndGet(139)) - 3b94da99-c23d-4519-a6dd-621bbdbf8b87: start 3b94da99-c23d-4519-a6dd-621bbdbf8b87@group-D8C425837423-LeaderStateImpl
2022-09-08 01:53:25,953 [3b94da99-c23d-4519-a6dd-621bbdbf8b87@group-D8C425837423-LeaderElection35] INFO  segmented.SegmentedRaftLogWorker (SegmentedRaftLogWorker.java:startLogSegment(425)) - 3b94da99-c23d-4519-a6dd-621bbdbf8b87@group-D8C425837423-SegmentedRaftLogWorker: Starting segment from index:0
2022-09-08 01:53:25,958 [3b94da99-c23d-4519-a6dd-621bbdbf8b87@group-D8C425837423-SegmentedRaftLogWorker] INFO  segmented.SegmentedRaftLogWorker (SegmentedRaftLogWorker.java:execute(629)) - 3b94da99-c23d-4519-a6dd-621bbdbf8b87@group-D8C425837423-SegmentedRaftLogWorker: created new log segment /home/runner/work/ozone/ozone/hadoop-ozone/integration-test/target/test-dir/MiniOzoneClusterImpl-82e34331-d350-4f2b-a416-c6d91b571450/datanode-0/data/ratis/98dd474d-c751-42b0-9ae3-d8c425837423/current/log_inprogress_0
2022-09-08 01:53:25,983 [3b94da99-c23d-4519-a6dd-621bbdbf8b87@group-D8C425837423-LeaderElection35] INFO  server.RaftServer$Division (ServerState.java:setRaftConf(393)) - 3b94da99-c23d-4519-a6dd-621bbdbf8b87@group-D8C425837423: set configuration 0: [3b94da99-c23d-4519-a6dd-621bbdbf8b87|rpc:10.1.1.0:45179|dataStream:|priority:1], old=null
2022-09-08 01:53:25,998 [3b94da99-c23d-4519-a6dd-621bbdbf8b87@group-EB8CB66AAA49-FollowerState] INFO  impl.FollowerState (FollowerState.java:run(143)) - 3b94da99-c23d-4519-a6dd-621bbdbf8b87@group-EB8CB66AAA49-FollowerState: change to CANDIDATE, lastRpcElapsedTime:5104182133ns, electionTimeout:5097ms
2022-09-08 01:53:25,998 [3b94da99-c23d-4519-a6dd-621bbdbf8b87@group-EB8CB66AAA49-FollowerState] INFO  impl.RoleInfo (RoleInfo.java:shutdownFollowerState(110)) - 3b94da99-c23d-4519-a6dd-621bbdbf8b87: shutdown 3b94da99-c23d-4519-a6dd-621bbdbf8b87@group-EB8CB66AAA49-FollowerState
2022-09-08 01:53:25,998 [3b94da99-c23d-4519-a6dd-621bbdbf8b87@group-EB8CB66AAA49-FollowerState] INFO  server.RaftServer$Division (RaftServerImpl.java:setRole(299)) - 3b94da99-c23d-4519-a6dd-621bbdbf8b87@group-EB8CB66AAA49: changes role from  FOLLOWER to CANDIDATE at term 0 for changeToCandidate
2022-09-08 01:53:25,998 [3b94da99-c23d-4519-a6dd-621bbdbf8b87@group-EB8CB66AAA49-FollowerState] INFO  server.RaftServerConfigKeys (ConfUtils.java:logGet(46)) - raft.server.leaderelection.pre-vote = false (custom)
2022-09-08 01:53:25,998 [3b94da99-c23d-4519-a6dd-621bbdbf8b87@group-EB8CB66AAA49-FollowerState] INFO  impl.RoleInfo (RoleInfo.java:updateAndGet(139)) - 3b94da99-c23d-4519-a6dd-621bbdbf8b87: start 3b94da99-c23d-4519-a6dd-621bbdbf8b87@group-EB8CB66AAA49-LeaderElection36
2022-09-08 01:53:26,025 [3b94da99-c23d-4519-a6dd-621bbdbf8b87@group-EB8CB66AAA49-LeaderElection36] INFO  impl.LeaderElection (LeaderElection.java:askForVotes(310)) - 3b94da99-c23d-4519-a6dd-621bbdbf8b87@group-EB8CB66AAA49-LeaderElection36 ELECTION round 0: submit vote requests at term 1 for -1: [b7c9405d-9a73-4fbd-afe8-64bf04b9d794|rpc:10.1.1.0:45849|priority:1, 3b94da99-c23d-4519-a6dd-621bbdbf8b87|rpc:10.1.1.0:45179|priority:0, 009dccab-c19f-4dcd-8c3d-5390f1d1737a|rpc:10.1.1.0:41309|priority:0], old=null
2022-09-08 01:53:26,120 [grpc-default-executor-1] INFO  server.RaftServer$Division (RaftServerImpl.java:requestVote(1152)) - b7c9405d-9a73-4fbd-afe8-64bf04b9d794@group-EB8CB66AAA49: receive requestVote(ELECTION, 3b94da99-c23d-4519-a6dd-621bbdbf8b87, group-EB8CB66AAA49, 1, (t:0, i:0))
2022-09-08 01:53:26,120 [grpc-default-executor-1] INFO  impl.VoteContext (VoteContext.java:log(48)) - b7c9405d-9a73-4fbd-afe8-64bf04b9d794@group-EB8CB66AAA49-FOLLOWER: reject ELECTION from 3b94da99-c23d-4519-a6dd-621bbdbf8b87: our priority 1 > candidate's priority 0
2022-09-08 01:53:26,120 [grpc-default-executor-1] INFO  server.RaftServer$Division (RaftServerImpl.java:setRole(299)) - b7c9405d-9a73-4fbd-afe8-64bf04b9d794@group-EB8CB66AAA49: changes role from  FOLLOWER to FOLLOWER at term 1 for candidate:3b94da99-c23d-4519-a6dd-621bbdbf8b87
2022-09-08 01:53:26,120 [grpc-default-executor-1] INFO  impl.RoleInfo (RoleInfo.java:shutdownFollowerState(110)) - b7c9405d-9a73-4fbd-afe8-64bf04b9d794: shutdown b7c9405d-9a73-4fbd-afe8-64bf04b9d794@group-EB8CB66AAA49-FollowerState
2022-09-08 01:53:26,120 [grpc-default-executor-1] INFO  impl.RoleInfo (RoleInfo.java:updateAndGet(139)) - b7c9405d-9a73-4fbd-afe8-64bf04b9d794: start b7c9405d-9a73-4fbd-afe8-64bf04b9d794@group-EB8CB66AAA49-FollowerState
2022-09-08 01:53:26,121 [grpc-default-executor-0] INFO  server.RaftServer$Division (RaftServerImpl.java:requestVote(1152)) - 009dccab-c19f-4dcd-8c3d-5390f1d1737a@group-EB8CB66AAA49: receive requestVote(ELECTION, 3b94da99-c23d-4519-a6dd-621bbdbf8b87, group-EB8CB66AAA49, 1, (t:0, i:0))
2022-09-08 01:53:26,121 [grpc-default-executor-0] INFO  impl.VoteContext (VoteContext.java:log(48)) - 009dccab-c19f-4dcd-8c3d-5390f1d1737a@group-EB8CB66AAA49-FOLLOWER: accept ELECTION from 3b94da99-c23d-4519-a6dd-621bbdbf8b87: our priority 0 <= candidate's priority 0
2022-09-08 01:53:26,121 [grpc-default-executor-0] INFO  server.RaftServer$Division (RaftServerImpl.java:setRole(299)) - 009dccab-c19f-4dcd-8c3d-5390f1d1737a@group-EB8CB66AAA49: changes role from  FOLLOWER to FOLLOWER at term 1 for candidate:3b94da99-c23d-4519-a6dd-621bbdbf8b87
2022-09-08 01:53:26,121 [grpc-default-executor-0] INFO  impl.RoleInfo (RoleInfo.java:shutdownFollowerState(110)) - 009dccab-c19f-4dcd-8c3d-5390f1d1737a: shutdown 009dccab-c19f-4dcd-8c3d-5390f1d1737a@group-EB8CB66AAA49-FollowerState
2022-09-08 01:53:26,122 [b7c9405d-9a73-4fbd-afe8-64bf04b9d794@group-EB8CB66AAA49-FollowerState] INFO  impl.FollowerState (FollowerState.java:run(152)) - b7c9405d-9a73-4fbd-afe8-64bf04b9d794@group-EB8CB66AAA49-FollowerState was interrupted
2022-09-08 01:53:26,125 [grpc-default-executor-1] INFO  server.RaftServer$Division (RaftServerImpl.java:requestVote(1184)) - b7c9405d-9a73-4fbd-afe8-64bf04b9d794@group-EB8CB66AAA49 replies to ELECTION vote request: 3b94da99-c23d-4519-a6dd-621bbdbf8b87<-b7c9405d-9a73-4fbd-afe8-64bf04b9d794#0:FAIL-t1. Peer's state: b7c9405d-9a73-4fbd-afe8-64bf04b9d794@group-EB8CB66AAA49:t1, leader=null, voted=null, raftlog=b7c9405d-9a73-4fbd-afe8-64bf04b9d794@group-EB8CB66AAA49-SegmentedRaftLog:OPENED:c-1, conf=-1: [b7c9405d-9a73-4fbd-afe8-64bf04b9d794|rpc:10.1.1.0:45849|dataStream:|priority:1, 3b94da99-c23d-4519-a6dd-621bbdbf8b87|rpc:10.1.1.0:45179|dataStream:|priority:0, 009dccab-c19f-4dcd-8c3d-5390f1d1737a|rpc:10.1.1.0:41309|dataStream:|priority:0], old=null
2022-09-08 01:53:26,139 [3b94da99-c23d-4519-a6dd-621bbdbf8b87@group-EB8CB66AAA49-LeaderElection36] INFO  impl.LeaderElection (LeaderElection.java:logAndReturn(90)) - 3b94da99-c23d-4519-a6dd-621bbdbf8b87@group-EB8CB66AAA49-LeaderElection36: ELECTION REJECTED received 1 response(s) and 0 exception(s):
2022-09-08 01:53:26,139 [3b94da99-c23d-4519-a6dd-621bbdbf8b87@group-EB8CB66AAA49-LeaderElection36] INFO  impl.LeaderElection (LeaderElection.java:logAndReturn(94)) -   Response 0: 3b94da99-c23d-4519-a6dd-621bbdbf8b87<-b7c9405d-9a73-4fbd-afe8-64bf04b9d794#0:FAIL-t1
2022-09-08 01:53:26,139 [3b94da99-c23d-4519-a6dd-621bbdbf8b87@group-EB8CB66AAA49-LeaderElection36] INFO  impl.LeaderElection (LeaderElection.java:askForVotes(312)) - 3b94da99-c23d-4519-a6dd-621bbdbf8b87@group-EB8CB66AAA49-LeaderElection36 ELECTION round 0: result REJECTED
2022-09-08 01:53:26,139 [3b94da99-c23d-4519-a6dd-621bbdbf8b87@group-EB8CB66AAA49-LeaderElection36] INFO  server.RaftServer$Division (RaftServerImpl.java:setRole(299)) - 3b94da99-c23d-4519-a6dd-621bbdbf8b87@group-EB8CB66AAA49: changes role from CANDIDATE to FOLLOWER at term 1 for REJECTED
2022-09-08 01:53:26,139 [3b94da99-c23d-4519-a6dd-621bbdbf8b87@group-EB8CB66AAA49-LeaderElection36] INFO  impl.RoleInfo (RoleInfo.java:shutdownLeaderElection(130)) - 3b94da99-c23d-4519-a6dd-621bbdbf8b87: shutdown 3b94da99-c23d-4519-a6dd-621bbdbf8b87@group-EB8CB66AAA49-LeaderElection36
2022-09-08 01:53:26,139 [3b94da99-c23d-4519-a6dd-621bbdbf8b87@group-EB8CB66AAA49-LeaderElection36] INFO  impl.RoleInfo (RoleInfo.java:updateAndGet(139)) - 3b94da99-c23d-4519-a6dd-621bbdbf8b87: start 3b94da99-c23d-4519-a6dd-621bbdbf8b87@group-EB8CB66AAA49-FollowerState
2022-09-08 01:53:26,153 [grpc-default-executor-0] INFO  impl.RoleInfo (RoleInfo.java:updateAndGet(139)) - 009dccab-c19f-4dcd-8c3d-5390f1d1737a: start 009dccab-c19f-4dcd-8c3d-5390f1d1737a@group-EB8CB66AAA49-FollowerState
2022-09-08 01:53:26,156 [009dccab-c19f-4dcd-8c3d-5390f1d1737a@group-EB8CB66AAA49-FollowerState] INFO  impl.FollowerState (FollowerState.java:run(152)) - 009dccab-c19f-4dcd-8c3d-5390f1d1737a@group-EB8CB66AAA49-FollowerState was interrupted
2022-09-08 01:53:26,160 [grpc-default-executor-0] INFO  server.RaftServer$Division (RaftServerImpl.java:requestVote(1184)) - 009dccab-c19f-4dcd-8c3d-5390f1d1737a@group-EB8CB66AAA49 replies to ELECTION vote request: 3b94da99-c23d-4519-a6dd-621bbdbf8b87<-009dccab-c19f-4dcd-8c3d-5390f1d1737a#0:OK-t1. Peer's state: 009dccab-c19f-4dcd-8c3d-5390f1d1737a@group-EB8CB66AAA49:t1, leader=null, voted=3b94da99-c23d-4519-a6dd-621bbdbf8b87, raftlog=009dccab-c19f-4dcd-8c3d-5390f1d1737a@group-EB8CB66AAA49-SegmentedRaftLog:OPENED:c-1, conf=-1: [b7c9405d-9a73-4fbd-afe8-64bf04b9d794|rpc:10.1.1.0:45849|dataStream:|priority:1, 3b94da99-c23d-4519-a6dd-621bbdbf8b87|rpc:10.1.1.0:45179|dataStream:|priority:0, 009dccab-c19f-4dcd-8c3d-5390f1d1737a|rpc:10.1.1.0:41309|dataStream:|priority:0], old=null
2022-09-08 01:53:26,236 [Listener at 127.0.0.1/38893] INFO  ozone.MiniOzoneClusterImpl (MiniOzoneClusterImpl.java:lambda$waitForClusterToBeReady$0(216)) - Nodes are ready. Got 3 of 3 DN Heartbeats.
2022-09-08 01:53:26,236 [Listener at 127.0.0.1/38893] INFO  ozone.MiniOzoneClusterImpl (MiniOzoneClusterImpl.java:lambda$waitForClusterToBeReady$0(219)) - Waiting for cluster to exit safe mode
2022-09-08 01:53:26,237 [Listener at 127.0.0.1/38893] INFO  ozone.MiniOzoneClusterImpl (MiniOzoneClusterImpl.java:lambda$waitForClusterToBeReady$0(221)) - SCM became leader
2022-09-08 01:53:26,360 [3b94da99-c23d-4519-a6dd-621bbdbf8b87@group-2303D56E24BD-FollowerState] INFO  impl.FollowerState (FollowerState.java:run(143)) - 3b94da99-c23d-4519-a6dd-621bbdbf8b87@group-2303D56E24BD-FollowerState: change to CANDIDATE, lastRpcElapsedTime:5041131154ns, electionTimeout:5036ms
2022-09-08 01:53:26,361 [3b94da99-c23d-4519-a6dd-621bbdbf8b87@group-2303D56E24BD-FollowerState] INFO  impl.RoleInfo (RoleInfo.java:shutdownFollowerState(110)) - 3b94da99-c23d-4519-a6dd-621bbdbf8b87: shutdown 3b94da99-c23d-4519-a6dd-621bbdbf8b87@group-2303D56E24BD-FollowerState
2022-09-08 01:53:26,361 [3b94da99-c23d-4519-a6dd-621bbdbf8b87@group-2303D56E24BD-FollowerState] INFO  server.RaftServer$Division (RaftServerImpl.java:setRole(299)) - 3b94da99-c23d-4519-a6dd-621bbdbf8b87@group-2303D56E24BD: changes role from  FOLLOWER to CANDIDATE at term 0 for changeToCandidate
2022-09-08 01:53:26,361 [3b94da99-c23d-4519-a6dd-621bbdbf8b87@group-2303D56E24BD-FollowerState] INFO  server.RaftServerConfigKeys (ConfUtils.java:logGet(46)) - raft.server.leaderelection.pre-vote = false (custom)
2022-09-08 01:53:26,361 [3b94da99-c23d-4519-a6dd-621bbdbf8b87@group-2303D56E24BD-FollowerState] INFO  impl.RoleInfo (RoleInfo.java:updateAndGet(139)) - 3b94da99-c23d-4519-a6dd-621bbdbf8b87: start 3b94da99-c23d-4519-a6dd-621bbdbf8b87@group-2303D56E24BD-LeaderElection37
2022-09-08 01:53:26,386 [3b94da99-c23d-4519-a6dd-621bbdbf8b87@group-2303D56E24BD-LeaderElection37] INFO  impl.LeaderElection (LeaderElection.java:askForVotes(310)) - 3b94da99-c23d-4519-a6dd-621bbdbf8b87@group-2303D56E24BD-LeaderElection37 ELECTION round 0: submit vote requests at term 1 for -1: [b7c9405d-9a73-4fbd-afe8-64bf04b9d794|rpc:10.1.1.0:45849|priority:0, 3b94da99-c23d-4519-a6dd-621bbdbf8b87|rpc:10.1.1.0:45179|priority:0, 009dccab-c19f-4dcd-8c3d-5390f1d1737a|rpc:10.1.1.0:41309|priority:1], old=null
2022-09-08 01:53:26,397 [grpc-default-executor-0] INFO  server.RaftServer$Division (RaftServerImpl.java:requestVote(1152)) - b7c9405d-9a73-4fbd-afe8-64bf04b9d794@group-2303D56E24BD: receive requestVote(ELECTION, 3b94da99-c23d-4519-a6dd-621bbdbf8b87, group-2303D56E24BD, 1, (t:0, i:0))
2022-09-08 01:53:26,397 [grpc-default-executor-0] INFO  impl.VoteContext (VoteContext.java:log(48)) - b7c9405d-9a73-4fbd-afe8-64bf04b9d794@group-2303D56E24BD-FOLLOWER: accept ELECTION from 3b94da99-c23d-4519-a6dd-621bbdbf8b87: our priority 0 <= candidate's priority 0
2022-09-08 01:53:26,397 [grpc-default-executor-0] INFO  server.RaftServer$Division (RaftServerImpl.java:setRole(299)) - b7c9405d-9a73-4fbd-afe8-64bf04b9d794@group-2303D56E24BD: changes role from  FOLLOWER to FOLLOWER at term 1 for candidate:3b94da99-c23d-4519-a6dd-621bbdbf8b87
2022-09-08 01:53:26,397 [grpc-default-executor-0] INFO  impl.RoleInfo (RoleInfo.java:shutdownFollowerState(110)) - b7c9405d-9a73-4fbd-afe8-64bf04b9d794: shutdown b7c9405d-9a73-4fbd-afe8-64bf04b9d794@group-2303D56E24BD-FollowerState
2022-09-08 01:53:26,397 [grpc-default-executor-0] INFO  impl.RoleInfo (RoleInfo.java:updateAndGet(139)) - b7c9405d-9a73-4fbd-afe8-64bf04b9d794: start b7c9405d-9a73-4fbd-afe8-64bf04b9d794@group-2303D56E24BD-FollowerState
2022-09-08 01:53:26,397 [b7c9405d-9a73-4fbd-afe8-64bf04b9d794@group-2303D56E24BD-FollowerState] INFO  impl.FollowerState (FollowerState.java:run(152)) - b7c9405d-9a73-4fbd-afe8-64bf04b9d794@group-2303D56E24BD-FollowerState was interrupted
2022-09-08 01:53:26,402 [grpc-default-executor-0] INFO  server.RaftServer$Division (RaftServerImpl.java:requestVote(1184)) - b7c9405d-9a73-4fbd-afe8-64bf04b9d794@group-2303D56E24BD replies to ELECTION vote request: 3b94da99-c23d-4519-a6dd-621bbdbf8b87<-b7c9405d-9a73-4fbd-afe8-64bf04b9d794#0:OK-t1. Peer's state: b7c9405d-9a73-4fbd-afe8-64bf04b9d794@group-2303D56E24BD:t1, leader=null, voted=3b94da99-c23d-4519-a6dd-621bbdbf8b87, raftlog=b7c9405d-9a73-4fbd-afe8-64bf04b9d794@group-2303D56E24BD-SegmentedRaftLog:OPENED:c-1, conf=-1: [b7c9405d-9a73-4fbd-afe8-64bf04b9d794|rpc:10.1.1.0:45849|dataStream:|priority:0, 3b94da99-c23d-4519-a6dd-621bbdbf8b87|rpc:10.1.1.0:45179|dataStream:|priority:0, 009dccab-c19f-4dcd-8c3d-5390f1d1737a|rpc:10.1.1.0:41309|dataStream:|priority:1], old=null
2022-09-08 01:53:26,412 [grpc-default-executor-0] INFO  server.RaftServer$Division (RaftServerImpl.java:requestVote(1152)) - 009dccab-c19f-4dcd-8c3d-5390f1d1737a@group-2303D56E24BD: receive requestVote(ELECTION, 3b94da99-c23d-4519-a6dd-621bbdbf8b87, group-2303D56E24BD, 1, (t:0, i:0))
2022-09-08 01:53:26,412 [grpc-default-executor-0] INFO  impl.VoteContext (VoteContext.java:log(48)) - 009dccab-c19f-4dcd-8c3d-5390f1d1737a@group-2303D56E24BD-FOLLOWER: reject ELECTION from 3b94da99-c23d-4519-a6dd-621bbdbf8b87: our priority 1 > candidate's priority 0
2022-09-08 01:53:26,412 [grpc-default-executor-0] INFO  server.RaftServer$Division (RaftServerImpl.java:setRole(299)) - 009dccab-c19f-4dcd-8c3d-5390f1d1737a@group-2303D56E24BD: changes role from  FOLLOWER to FOLLOWER at term 1 for candidate:3b94da99-c23d-4519-a6dd-621bbdbf8b87
2022-09-08 01:53:26,413 [grpc-default-executor-0] INFO  impl.RoleInfo (RoleInfo.java:shutdownFollowerState(110)) - 009dccab-c19f-4dcd-8c3d-5390f1d1737a: shutdown 009dccab-c19f-4dcd-8c3d-5390f1d1737a@group-2303D56E24BD-FollowerState
2022-09-08 01:53:26,413 [grpc-default-executor-0] INFO  impl.RoleInfo (RoleInfo.java:updateAndGet(139)) - 009dccab-c19f-4dcd-8c3d-5390f1d1737a: start 009dccab-c19f-4dcd-8c3d-5390f1d1737a@group-2303D56E24BD-FollowerState
2022-09-08 01:53:26,413 [009dccab-c19f-4dcd-8c3d-5390f1d1737a@group-2303D56E24BD-FollowerState] INFO  impl.FollowerState (FollowerState.java:run(152)) - 009dccab-c19f-4dcd-8c3d-5390f1d1737a@group-2303D56E24BD-FollowerState was interrupted
2022-09-08 01:53:26,414 [grpc-default-executor-0] INFO  server.RaftServer$Division (RaftServerImpl.java:requestVote(1184)) - 009dccab-c19f-4dcd-8c3d-5390f1d1737a@group-2303D56E24BD replies to ELECTION vote request: 3b94da99-c23d-4519-a6dd-621bbdbf8b87<-009dccab-c19f-4dcd-8c3d-5390f1d1737a#0:FAIL-t1. Peer's state: 009dccab-c19f-4dcd-8c3d-5390f1d1737a@group-2303D56E24BD:t1, leader=null, voted=null, raftlog=009dccab-c19f-4dcd-8c3d-5390f1d1737a@group-2303D56E24BD-SegmentedRaftLog:OPENED:c-1, conf=-1: [b7c9405d-9a73-4fbd-afe8-64bf04b9d794|rpc:10.1.1.0:45849|dataStream:|priority:0, 3b94da99-c23d-4519-a6dd-621bbdbf8b87|rpc:10.1.1.0:45179|dataStream:|priority:0, 009dccab-c19f-4dcd-8c3d-5390f1d1737a|rpc:10.1.1.0:41309|dataStream:|priority:1], old=null
2022-09-08 01:53:26,415 [3b94da99-c23d-4519-a6dd-621bbdbf8b87@group-2303D56E24BD-LeaderElection37] INFO  impl.LeaderElection (LeaderElection.java:logAndReturn(90)) - 3b94da99-c23d-4519-a6dd-621bbdbf8b87@group-2303D56E24BD-LeaderElection37: ELECTION REJECTED received 2 response(s) and 0 exception(s):
2022-09-08 01:53:26,415 [3b94da99-c23d-4519-a6dd-621bbdbf8b87@group-2303D56E24BD-LeaderElection37] INFO  impl.LeaderElection (LeaderElection.java:logAndReturn(94)) -   Response 0: 3b94da99-c23d-4519-a6dd-621bbdbf8b87<-b7c9405d-9a73-4fbd-afe8-64bf04b9d794#0:OK-t1
2022-09-08 01:53:26,415 [3b94da99-c23d-4519-a6dd-621bbdbf8b87@group-2303D56E24BD-LeaderElection37] INFO  impl.LeaderElection (LeaderElection.java:logAndReturn(94)) -   Response 1: 3b94da99-c23d-4519-a6dd-621bbdbf8b87<-009dccab-c19f-4dcd-8c3d-5390f1d1737a#0:FAIL-t1
2022-09-08 01:53:26,415 [3b94da99-c23d-4519-a6dd-621bbdbf8b87@group-2303D56E24BD-LeaderElection37] INFO  impl.LeaderElection (LeaderElection.java:askForVotes(312)) - 3b94da99-c23d-4519-a6dd-621bbdbf8b87@group-2303D56E24BD-LeaderElection37 ELECTION round 0: result REJECTED
2022-09-08 01:53:26,415 [3b94da99-c23d-4519-a6dd-621bbdbf8b87@group-2303D56E24BD-LeaderElection37] INFO  server.RaftServer$Division (RaftServerImpl.java:setRole(299)) - 3b94da99-c23d-4519-a6dd-621bbdbf8b87@group-2303D56E24BD: changes role from CANDIDATE to FOLLOWER at term 1 for REJECTED
2022-09-08 01:53:26,415 [3b94da99-c23d-4519-a6dd-621bbdbf8b87@group-2303D56E24BD-LeaderElection37] INFO  impl.RoleInfo (RoleInfo.java:shutdownLeaderElection(130)) - 3b94da99-c23d-4519-a6dd-621bbdbf8b87: shutdown 3b94da99-c23d-4519-a6dd-621bbdbf8b87@group-2303D56E24BD-LeaderElection37
2022-09-08 01:53:26,415 [3b94da99-c23d-4519-a6dd-621bbdbf8b87@group-2303D56E24BD-LeaderElection37] INFO  impl.RoleInfo (RoleInfo.java:updateAndGet(139)) - 3b94da99-c23d-4519-a6dd-621bbdbf8b87: start 3b94da99-c23d-4519-a6dd-621bbdbf8b87@group-2303D56E24BD-FollowerState
2022-09-08 01:53:26,836 [b7c9405d-9a73-4fbd-afe8-64bf04b9d794@group-C5D42D74FF3E-FollowerState] INFO  impl.FollowerState (FollowerState.java:run(143)) - b7c9405d-9a73-4fbd-afe8-64bf04b9d794@group-C5D42D74FF3E-FollowerState: change to CANDIDATE, lastRpcElapsedTime:5098380952ns, electionTimeout:5092ms
2022-09-08 01:53:26,836 [b7c9405d-9a73-4fbd-afe8-64bf04b9d794@group-C5D42D74FF3E-FollowerState] INFO  impl.RoleInfo (RoleInfo.java:shutdownFollowerState(110)) - b7c9405d-9a73-4fbd-afe8-64bf04b9d794: shutdown b7c9405d-9a73-4fbd-afe8-64bf04b9d794@group-C5D42D74FF3E-FollowerState
2022-09-08 01:53:26,836 [b7c9405d-9a73-4fbd-afe8-64bf04b9d794@group-C5D42D74FF3E-FollowerState] INFO  server.RaftServer$Division (RaftServerImpl.java:setRole(299)) - b7c9405d-9a73-4fbd-afe8-64bf04b9d794@group-C5D42D74FF3E: changes role from  FOLLOWER to CANDIDATE at term 0 for changeToCandidate
2022-09-08 01:53:26,836 [b7c9405d-9a73-4fbd-afe8-64bf04b9d794@group-C5D42D74FF3E-FollowerState] INFO  server.RaftServerConfigKeys (ConfUtils.java:logGet(46)) - raft.server.leaderelection.pre-vote = false (custom)
2022-09-08 01:53:26,836 [b7c9405d-9a73-4fbd-afe8-64bf04b9d794@group-C5D42D74FF3E-FollowerState] INFO  impl.RoleInfo (RoleInfo.java:updateAndGet(139)) - b7c9405d-9a73-4fbd-afe8-64bf04b9d794: start b7c9405d-9a73-4fbd-afe8-64bf04b9d794@group-C5D42D74FF3E-LeaderElection38
2022-09-08 01:53:26,858 [b7c9405d-9a73-4fbd-afe8-64bf04b9d794@group-C5D42D74FF3E-LeaderElection38] INFO  impl.LeaderElection (LeaderElection.java:askForVotes(310)) - b7c9405d-9a73-4fbd-afe8-64bf04b9d794@group-C5D42D74FF3E-LeaderElection38 ELECTION round 0: submit vote requests at term 1 for -1: [b7c9405d-9a73-4fbd-afe8-64bf04b9d794|rpc:10.1.1.0:45849|priority:1], old=null
2022-09-08 01:53:26,859 [b7c9405d-9a73-4fbd-afe8-64bf04b9d794@group-C5D42D74FF3E-LeaderElection38] INFO  impl.LeaderElection (LeaderElection.java:askForVotes(312)) - b7c9405d-9a73-4fbd-afe8-64bf04b9d794@group-C5D42D74FF3E-LeaderElection38 ELECTION round 0: result PASSED (term=1)
2022-09-08 01:53:26,859 [b7c9405d-9a73-4fbd-afe8-64bf04b9d794@group-C5D42D74FF3E-LeaderElection38] INFO  impl.RoleInfo (RoleInfo.java:shutdownLeaderElection(130)) - b7c9405d-9a73-4fbd-afe8-64bf04b9d794: shutdown b7c9405d-9a73-4fbd-afe8-64bf04b9d794@group-C5D42D74FF3E-LeaderElection38
2022-09-08 01:53:26,859 [b7c9405d-9a73-4fbd-afe8-64bf04b9d794@group-C5D42D74FF3E-LeaderElection38] INFO  server.RaftServer$Division (RaftServerImpl.java:setRole(299)) - b7c9405d-9a73-4fbd-afe8-64bf04b9d794@group-C5D42D74FF3E: changes role from CANDIDATE to LEADER at term 1 for changeToLeader
2022-09-08 01:53:26,859 [b7c9405d-9a73-4fbd-afe8-64bf04b9d794@group-C5D42D74FF3E-LeaderElection38] INFO  ratis.XceiverServerRatis (XceiverServerRatis.java:handleLeaderChangedNotification(863)) - Leader change notification received for group: group-C5D42D74FF3E with new leaderId: b7c9405d-9a73-4fbd-afe8-64bf04b9d794
2022-09-08 01:53:26,859 [b7c9405d-9a73-4fbd-afe8-64bf04b9d794@group-C5D42D74FF3E-LeaderElection38] INFO  server.RaftServer$Division (ServerState.java:setLeader(287)) - b7c9405d-9a73-4fbd-afe8-64bf04b9d794@group-C5D42D74FF3E: change Leader from null to b7c9405d-9a73-4fbd-afe8-64bf04b9d794 at term 1 for becomeLeader, leader elected after 5131ms
2022-09-08 01:53:26,859 [b7c9405d-9a73-4fbd-afe8-64bf04b9d794@group-C5D42D74FF3E-LeaderElection38] INFO  server.RaftServerConfigKeys (ConfUtils.java:logGet(46)) - raft.server.staging.catchup.gap = 1000 (default)
2022-09-08 01:53:26,859 [b7c9405d-9a73-4fbd-afe8-64bf04b9d794@group-C5D42D74FF3E-LeaderElection38] INFO  server.RaftServerConfigKeys (ConfUtils.java:logGet(46)) - raft.server.write.element-limit = 1024 (custom)
2022-09-08 01:53:26,859 [b7c9405d-9a73-4fbd-afe8-64bf04b9d794@group-C5D42D74FF3E-LeaderElection38] INFO  server.RaftServerConfigKeys (ConfUtils.java:logGet(46)) - raft.server.write.byte-limit = 1024 M (=1073741824) (custom)
2022-09-08 01:53:26,859 [b7c9405d-9a73-4fbd-afe8-64bf04b9d794@group-C5D42D74FF3E-LeaderElection38] INFO  server.RaftServerConfigKeys (ConfUtils.java:logGet(46)) - raft.server.watch.timeout = 180s (custom)
2022-09-08 01:53:26,860 [b7c9405d-9a73-4fbd-afe8-64bf04b9d794@group-C5D42D74FF3E-LeaderElection38] INFO  server.RaftServerConfigKeys (ConfUtils.java:logGet(46)) - raft.server.watch.timeout.denomination = 1s (default)
2022-09-08 01:53:26,860 [b7c9405d-9a73-4fbd-afe8-64bf04b9d794@group-C5D42D74FF3E-LeaderElection38] INFO  server.RaftServerConfigKeys (ConfUtils.java:logGet(46)) - raft.server.watch.element-limit = 65536 (default)
2022-09-08 01:53:26,860 [b7c9405d-9a73-4fbd-afe8-64bf04b9d794@group-C5D42D74FF3E-LeaderElection38] INFO  server.RaftServerConfigKeys (ConfUtils.java:logGet(46)) - raft.server.write.element-limit = 1024 (custom)
2022-09-08 01:53:26,860 [b7c9405d-9a73-4fbd-afe8-64bf04b9d794@group-C5D42D74FF3E-LeaderElection38] INFO  server.RaftServerConfigKeys (ConfUtils.java:logGet(46)) - raft.server.write.follower.gap.ratio.max = -1.0 (default)
2022-09-08 01:53:26,860 [b7c9405d-9a73-4fbd-afe8-64bf04b9d794@group-C5D42D74FF3E-LeaderElection38] INFO  impl.RoleInfo (RoleInfo.java:updateAndGet(139)) - b7c9405d-9a73-4fbd-afe8-64bf04b9d794: start b7c9405d-9a73-4fbd-afe8-64bf04b9d794@group-C5D42D74FF3E-LeaderStateImpl
2022-09-08 01:53:26,860 [b7c9405d-9a73-4fbd-afe8-64bf04b9d794@group-C5D42D74FF3E-LeaderElection38] INFO  segmented.SegmentedRaftLogWorker (SegmentedRaftLogWorker.java:startLogSegment(425)) - b7c9405d-9a73-4fbd-afe8-64bf04b9d794@group-C5D42D74FF3E-SegmentedRaftLogWorker: Starting segment from index:0
2022-09-08 01:53:26,863 [EventQueue-OpenPipelineForHealthyPipelineSafeModeRule] INFO  safemode.SCMSafeModeManager (HealthyPipelineSafeModeRule.java:process(137)) - SCM in safe mode. Healthy pipelines reported count is 0, required healthy pipeline reported count is 1
2022-09-08 01:53:26,863 [b7c9405d-9a73-4fbd-afe8-64bf04b9d794@group-C5D42D74FF3E-SegmentedRaftLogWorker] INFO  segmented.SegmentedRaftLogWorker (SegmentedRaftLogWorker.java:execute(629)) - b7c9405d-9a73-4fbd-afe8-64bf04b9d794@group-C5D42D74FF3E-SegmentedRaftLogWorker: created new log segment /home/runner/work/ozone/ozone/hadoop-ozone/integration-test/target/test-dir/MiniOzoneClusterImpl-82e34331-d350-4f2b-a416-c6d91b571450/datanode-1/data/ratis/ae3847a5-98fc-4dfc-97db-c5d42d74ff3e/current/log_inprogress_0
2022-09-08 01:53:26,868 [b7c9405d-9a73-4fbd-afe8-64bf04b9d794@group-C5D42D74FF3E-LeaderElection38] INFO  server.RaftServer$Division (ServerState.java:setRaftConf(393)) - b7c9405d-9a73-4fbd-afe8-64bf04b9d794@group-C5D42D74FF3E: set configuration 0: [b7c9405d-9a73-4fbd-afe8-64bf04b9d794|rpc:10.1.1.0:45849|dataStream:|priority:1], old=null
2022-09-08 01:53:27,237 [Listener at 127.0.0.1/38893] INFO  ozone.MiniOzoneClusterImpl (MiniOzoneClusterImpl.java:lambda$waitForClusterToBeReady$0(216)) - Nodes are ready. Got 3 of 3 DN Heartbeats.
2022-09-08 01:53:27,237 [Listener at 127.0.0.1/38893] INFO  ozone.MiniOzoneClusterImpl (MiniOzoneClusterImpl.java:lambda$waitForClusterToBeReady$0(219)) - Waiting for cluster to exit safe mode
2022-09-08 01:53:27,237 [Listener at 127.0.0.1/38893] INFO  ozone.MiniOzoneClusterImpl (MiniOzoneClusterImpl.java:lambda$waitForClusterToBeReady$0(221)) - SCM became leader
2022-09-08 01:53:27,352 [009dccab-c19f-4dcd-8c3d-5390f1d1737a@group-DF900C35EA0B-FollowerState] INFO  impl.FollowerState (FollowerState.java:run(143)) - 009dccab-c19f-4dcd-8c3d-5390f1d1737a@group-DF900C35EA0B-FollowerState: change to CANDIDATE, lastRpcElapsedTime:5078132977ns, electionTimeout:5076ms
2022-09-08 01:53:27,352 [009dccab-c19f-4dcd-8c3d-5390f1d1737a@group-DF900C35EA0B-FollowerState] INFO  impl.RoleInfo (RoleInfo.java:shutdownFollowerState(110)) - 009dccab-c19f-4dcd-8c3d-5390f1d1737a: shutdown 009dccab-c19f-4dcd-8c3d-5390f1d1737a@group-DF900C35EA0B-FollowerState
2022-09-08 01:53:27,352 [009dccab-c19f-4dcd-8c3d-5390f1d1737a@group-DF900C35EA0B-FollowerState] INFO  server.RaftServer$Division (RaftServerImpl.java:setRole(299)) - 009dccab-c19f-4dcd-8c3d-5390f1d1737a@group-DF900C35EA0B: changes role from  FOLLOWER to CANDIDATE at term 0 for changeToCandidate
2022-09-08 01:53:27,352 [009dccab-c19f-4dcd-8c3d-5390f1d1737a@group-DF900C35EA0B-FollowerState] INFO  server.RaftServerConfigKeys (ConfUtils.java:logGet(46)) - raft.server.leaderelection.pre-vote = false (custom)
2022-09-08 01:53:27,353 [009dccab-c19f-4dcd-8c3d-5390f1d1737a@group-DF900C35EA0B-FollowerState] INFO  impl.RoleInfo (RoleInfo.java:updateAndGet(139)) - 009dccab-c19f-4dcd-8c3d-5390f1d1737a: start 009dccab-c19f-4dcd-8c3d-5390f1d1737a@group-DF900C35EA0B-LeaderElection39
2022-09-08 01:53:27,376 [009dccab-c19f-4dcd-8c3d-5390f1d1737a@group-DF900C35EA0B-LeaderElection39] INFO  impl.LeaderElection (LeaderElection.java:askForVotes(310)) - 009dccab-c19f-4dcd-8c3d-5390f1d1737a@group-DF900C35EA0B-LeaderElection39 ELECTION round 0: submit vote requests at term 1 for -1: [009dccab-c19f-4dcd-8c3d-5390f1d1737a|rpc:10.1.1.0:41309|priority:1], old=null
2022-09-08 01:53:27,376 [009dccab-c19f-4dcd-8c3d-5390f1d1737a@group-DF900C35EA0B-LeaderElection39] INFO  impl.LeaderElection (LeaderElection.java:askForVotes(312)) - 009dccab-c19f-4dcd-8c3d-5390f1d1737a@group-DF900C35EA0B-LeaderElection39 ELECTION round 0: result PASSED (term=1)
2022-09-08 01:53:27,376 [009dccab-c19f-4dcd-8c3d-5390f1d1737a@group-DF900C35EA0B-LeaderElection39] INFO  impl.RoleInfo (RoleInfo.java:shutdownLeaderElection(130)) - 009dccab-c19f-4dcd-8c3d-5390f1d1737a: shutdown 009dccab-c19f-4dcd-8c3d-5390f1d1737a@group-DF900C35EA0B-LeaderElection39
2022-09-08 01:53:27,376 [009dccab-c19f-4dcd-8c3d-5390f1d1737a@group-DF900C35EA0B-LeaderElection39] INFO  server.RaftServer$Division (RaftServerImpl.java:setRole(299)) - 009dccab-c19f-4dcd-8c3d-5390f1d1737a@group-DF900C35EA0B: changes role from CANDIDATE to LEADER at term 1 for changeToLeader
2022-09-08 01:53:27,376 [009dccab-c19f-4dcd-8c3d-5390f1d1737a@group-DF900C35EA0B-LeaderElection39] INFO  ratis.XceiverServerRatis (XceiverServerRatis.java:handleLeaderChangedNotification(863)) - Leader change notification received for group: group-DF900C35EA0B with new leaderId: 009dccab-c19f-4dcd-8c3d-5390f1d1737a
2022-09-08 01:53:27,376 [009dccab-c19f-4dcd-8c3d-5390f1d1737a@group-DF900C35EA0B-LeaderElection39] INFO  server.RaftServer$Division (ServerState.java:setLeader(287)) - 009dccab-c19f-4dcd-8c3d-5390f1d1737a@group-DF900C35EA0B: change Leader from null to 009dccab-c19f-4dcd-8c3d-5390f1d1737a at term 1 for becomeLeader, leader elected after 5111ms
2022-09-08 01:53:27,376 [009dccab-c19f-4dcd-8c3d-5390f1d1737a@group-DF900C35EA0B-LeaderElection39] INFO  server.RaftServerConfigKeys (ConfUtils.java:logGet(46)) - raft.server.staging.catchup.gap = 1000 (default)
2022-09-08 01:53:27,376 [009dccab-c19f-4dcd-8c3d-5390f1d1737a@group-DF900C35EA0B-LeaderElection39] INFO  server.RaftServerConfigKeys (ConfUtils.java:logGet(46)) - raft.server.write.element-limit = 1024 (custom)
2022-09-08 01:53:27,376 [009dccab-c19f-4dcd-8c3d-5390f1d1737a@group-DF900C35EA0B-LeaderElection39] INFO  server.RaftServerConfigKeys (ConfUtils.java:logGet(46)) - raft.server.write.byte-limit = 1024 M (=1073741824) (custom)
2022-09-08 01:53:27,379 [EventQueue-OpenPipelineForHealthyPipelineSafeModeRule] INFO  safemode.SCMSafeModeManager (HealthyPipelineSafeModeRule.java:process(137)) - SCM in safe mode. Healthy pipelines reported count is 0, required healthy pipeline reported count is 1
2022-09-08 01:53:27,379 [009dccab-c19f-4dcd-8c3d-5390f1d1737a@group-DF900C35EA0B-LeaderElection39] INFO  server.RaftServerConfigKeys (ConfUtils.java:logGet(46)) - raft.server.watch.timeout = 180s (custom)
2022-09-08 01:53:27,379 [009dccab-c19f-4dcd-8c3d-5390f1d1737a@group-DF900C35EA0B-LeaderElection39] INFO  server.RaftServerConfigKeys (ConfUtils.java:logGet(46)) - raft.server.watch.timeout.denomination = 1s (default)
2022-09-08 01:53:27,380 [009dccab-c19f-4dcd-8c3d-5390f1d1737a@group-DF900C35EA0B-LeaderElection39] INFO  server.RaftServerConfigKeys (ConfUtils.java:logGet(46)) - raft.server.watch.element-limit = 65536 (default)
2022-09-08 01:53:27,380 [009dccab-c19f-4dcd-8c3d-5390f1d1737a@group-DF900C35EA0B-LeaderElection39] INFO  server.RaftServerConfigKeys (ConfUtils.java:logGet(46)) - raft.server.write.element-limit = 1024 (custom)
2022-09-08 01:53:27,380 [009dccab-c19f-4dcd-8c3d-5390f1d1737a@group-DF900C35EA0B-LeaderElection39] INFO  server.RaftServerConfigKeys (ConfUtils.java:logGet(46)) - raft.server.write.follower.gap.ratio.max = -1.0 (default)
2022-09-08 01:53:27,380 [009dccab-c19f-4dcd-8c3d-5390f1d1737a@group-DF900C35EA0B-LeaderElection39] INFO  impl.RoleInfo (RoleInfo.java:updateAndGet(139)) - 009dccab-c19f-4dcd-8c3d-5390f1d1737a: start 009dccab-c19f-4dcd-8c3d-5390f1d1737a@group-DF900C35EA0B-LeaderStateImpl
2022-09-08 01:53:27,380 [009dccab-c19f-4dcd-8c3d-5390f1d1737a@group-DF900C35EA0B-LeaderElection39] INFO  segmented.SegmentedRaftLogWorker (SegmentedRaftLogWorker.java:startLogSegment(425)) - 009dccab-c19f-4dcd-8c3d-5390f1d1737a@group-DF900C35EA0B-SegmentedRaftLogWorker: Starting segment from index:0
2022-09-08 01:53:27,382 [009dccab-c19f-4dcd-8c3d-5390f1d1737a@group-DF900C35EA0B-SegmentedRaftLogWorker] INFO  segmented.SegmentedRaftLogWorker (SegmentedRaftLogWorker.java:execute(629)) - 009dccab-c19f-4dcd-8c3d-5390f1d1737a@group-DF900C35EA0B-SegmentedRaftLogWorker: created new log segment /home/runner/work/ozone/ozone/hadoop-ozone/integration-test/target/test-dir/MiniOzoneClusterImpl-82e34331-d350-4f2b-a416-c6d91b571450/datanode-2/data/ratis/9bebb16b-4e12-467f-8923-df900c35ea0b/current/log_inprogress_0
2022-09-08 01:53:27,385 [009dccab-c19f-4dcd-8c3d-5390f1d1737a@group-DF900C35EA0B-LeaderElection39] INFO  server.RaftServer$Division (ServerState.java:setRaftConf(393)) - 009dccab-c19f-4dcd-8c3d-5390f1d1737a@group-DF900C35EA0B: set configuration 0: [009dccab-c19f-4dcd-8c3d-5390f1d1737a|rpc:10.1.1.0:41309|dataStream:|priority:1], old=null
2022-09-08 01:53:28,237 [Listener at 127.0.0.1/38893] INFO  ozone.MiniOzoneClusterImpl (MiniOzoneClusterImpl.java:lambda$waitForClusterToBeReady$0(216)) - Nodes are ready. Got 3 of 3 DN Heartbeats.
2022-09-08 01:53:28,238 [Listener at 127.0.0.1/38893] INFO  ozone.MiniOzoneClusterImpl (MiniOzoneClusterImpl.java:lambda$waitForClusterToBeReady$0(219)) - Waiting for cluster to exit safe mode
2022-09-08 01:53:28,238 [Listener at 127.0.0.1/38893] INFO  ozone.MiniOzoneClusterImpl (MiniOzoneClusterImpl.java:lambda$waitForClusterToBeReady$0(221)) - SCM became leader
2022-09-08 01:53:29,238 [Listener at 127.0.0.1/38893] INFO  ozone.MiniOzoneClusterImpl (MiniOzoneClusterImpl.java:lambda$waitForClusterToBeReady$0(216)) - Nodes are ready. Got 3 of 3 DN Heartbeats.
2022-09-08 01:53:29,238 [Listener at 127.0.0.1/38893] INFO  ozone.MiniOzoneClusterImpl (MiniOzoneClusterImpl.java:lambda$waitForClusterToBeReady$0(219)) - Waiting for cluster to exit safe mode
2022-09-08 01:53:29,238 [Listener at 127.0.0.1/38893] INFO  ozone.MiniOzoneClusterImpl (MiniOzoneClusterImpl.java:lambda$waitForClusterToBeReady$0(221)) - SCM became leader
2022-09-08 01:53:30,239 [Listener at 127.0.0.1/38893] INFO  ozone.MiniOzoneClusterImpl (MiniOzoneClusterImpl.java:lambda$waitForClusterToBeReady$0(216)) - Nodes are ready. Got 3 of 3 DN Heartbeats.
2022-09-08 01:53:30,239 [Listener at 127.0.0.1/38893] INFO  ozone.MiniOzoneClusterImpl (MiniOzoneClusterImpl.java:lambda$waitForClusterToBeReady$0(219)) - Waiting for cluster to exit safe mode
2022-09-08 01:53:30,239 [Listener at 127.0.0.1/38893] INFO  ozone.MiniOzoneClusterImpl (MiniOzoneClusterImpl.java:lambda$waitForClusterToBeReady$0(221)) - SCM became leader
2022-09-08 01:53:31,199 [b7c9405d-9a73-4fbd-afe8-64bf04b9d794@group-EB8CB66AAA49-FollowerState] INFO  impl.FollowerState (FollowerState.java:run(143)) - b7c9405d-9a73-4fbd-afe8-64bf04b9d794@group-EB8CB66AAA49-FollowerState: change to CANDIDATE, lastRpcElapsedTime:5078914766ns, electionTimeout:5045ms
2022-09-08 01:53:31,200 [b7c9405d-9a73-4fbd-afe8-64bf04b9d794@group-EB8CB66AAA49-FollowerState] INFO  impl.RoleInfo (RoleInfo.java:shutdownFollowerState(110)) - b7c9405d-9a73-4fbd-afe8-64bf04b9d794: shutdown b7c9405d-9a73-4fbd-afe8-64bf04b9d794@group-EB8CB66AAA49-FollowerState
2022-09-08 01:53:31,200 [b7c9405d-9a73-4fbd-afe8-64bf04b9d794@group-EB8CB66AAA49-FollowerState] INFO  server.RaftServer$Division (RaftServerImpl.java:setRole(299)) - b7c9405d-9a73-4fbd-afe8-64bf04b9d794@group-EB8CB66AAA49: changes role from  FOLLOWER to CANDIDATE at term 1 for changeToCandidate
2022-09-08 01:53:31,200 [b7c9405d-9a73-4fbd-afe8-64bf04b9d794@group-EB8CB66AAA49-FollowerState] INFO  server.RaftServerConfigKeys (ConfUtils.java:logGet(46)) - raft.server.leaderelection.pre-vote = false (custom)
2022-09-08 01:53:31,200 [b7c9405d-9a73-4fbd-afe8-64bf04b9d794@group-EB8CB66AAA49-FollowerState] INFO  impl.RoleInfo (RoleInfo.java:updateAndGet(139)) - b7c9405d-9a73-4fbd-afe8-64bf04b9d794: start b7c9405d-9a73-4fbd-afe8-64bf04b9d794@group-EB8CB66AAA49-LeaderElection40
2022-09-08 01:53:31,218 [b7c9405d-9a73-4fbd-afe8-64bf04b9d794@group-EB8CB66AAA49-LeaderElection40] INFO  impl.LeaderElection (LeaderElection.java:askForVotes(310)) - b7c9405d-9a73-4fbd-afe8-64bf04b9d794@group-EB8CB66AAA49-LeaderElection40 ELECTION round 0: submit vote requests at term 2 for -1: [b7c9405d-9a73-4fbd-afe8-64bf04b9d794|rpc:10.1.1.0:45849|dataStream:|priority:1, 3b94da99-c23d-4519-a6dd-621bbdbf8b87|rpc:10.1.1.0:45179|dataStream:|priority:0, 009dccab-c19f-4dcd-8c3d-5390f1d1737a|rpc:10.1.1.0:41309|dataStream:|priority:0], old=null
2022-09-08 01:53:31,227 [009dccab-c19f-4dcd-8c3d-5390f1d1737a@group-EB8CB66AAA49-FollowerState] INFO  impl.FollowerState (FollowerState.java:run(143)) - 009dccab-c19f-4dcd-8c3d-5390f1d1737a@group-EB8CB66AAA49-FollowerState: change to CANDIDATE, lastRpcElapsedTime:5066370392ns, electionTimeout:5051ms
2022-09-08 01:53:31,227 [009dccab-c19f-4dcd-8c3d-5390f1d1737a@group-EB8CB66AAA49-FollowerState] INFO  impl.RoleInfo (RoleInfo.java:shutdownFollowerState(110)) - 009dccab-c19f-4dcd-8c3d-5390f1d1737a: shutdown 009dccab-c19f-4dcd-8c3d-5390f1d1737a@group-EB8CB66AAA49-FollowerState
2022-09-08 01:53:31,227 [009dccab-c19f-4dcd-8c3d-5390f1d1737a@group-EB8CB66AAA49-FollowerState] INFO  server.RaftServer$Division (RaftServerImpl.java:setRole(299)) - 009dccab-c19f-4dcd-8c3d-5390f1d1737a@group-EB8CB66AAA49: changes role from  FOLLOWER to CANDIDATE at term 1 for changeToCandidate
2022-09-08 01:53:31,227 [009dccab-c19f-4dcd-8c3d-5390f1d1737a@group-EB8CB66AAA49-FollowerState] INFO  server.RaftServerConfigKeys (ConfUtils.java:logGet(46)) - raft.server.leaderelection.pre-vote = false (custom)
2022-09-08 01:53:31,227 [009dccab-c19f-4dcd-8c3d-5390f1d1737a@group-EB8CB66AAA49-FollowerState] INFO  impl.RoleInfo (RoleInfo.java:updateAndGet(139)) - 009dccab-c19f-4dcd-8c3d-5390f1d1737a: start 009dccab-c19f-4dcd-8c3d-5390f1d1737a@group-EB8CB66AAA49-LeaderElection41
2022-09-08 01:53:31,263 [Listener at 127.0.0.1/38893] INFO  ozone.MiniOzoneClusterImpl (MiniOzoneClusterImpl.java:lambda$waitForClusterToBeReady$0(216)) - Nodes are ready. Got 3 of 3 DN Heartbeats.
2022-09-08 01:53:31,263 [Listener at 127.0.0.1/38893] INFO  ozone.MiniOzoneClusterImpl (MiniOzoneClusterImpl.java:lambda$waitForClusterToBeReady$0(219)) - Waiting for cluster to exit safe mode
2022-09-08 01:53:31,264 [Listener at 127.0.0.1/38893] INFO  ozone.MiniOzoneClusterImpl (MiniOzoneClusterImpl.java:lambda$waitForClusterToBeReady$0(221)) - SCM became leader
2022-09-08 01:53:31,264 [009dccab-c19f-4dcd-8c3d-5390f1d1737a@group-EB8CB66AAA49-LeaderElection41] INFO  impl.LeaderElection (LeaderElection.java:askForVotes(310)) - 009dccab-c19f-4dcd-8c3d-5390f1d1737a@group-EB8CB66AAA49-LeaderElection41 ELECTION round 0: submit vote requests at term 2 for -1: [b7c9405d-9a73-4fbd-afe8-64bf04b9d794|rpc:10.1.1.0:45849|dataStream:|priority:1, 3b94da99-c23d-4519-a6dd-621bbdbf8b87|rpc:10.1.1.0:45179|dataStream:|priority:0, 009dccab-c19f-4dcd-8c3d-5390f1d1737a|rpc:10.1.1.0:41309|dataStream:|priority:0], old=null
2022-09-08 01:53:31,265 [3b94da99-c23d-4519-a6dd-621bbdbf8b87@group-EB8CB66AAA49-FollowerState] INFO  impl.FollowerState (FollowerState.java:run(143)) - 3b94da99-c23d-4519-a6dd-621bbdbf8b87@group-EB8CB66AAA49-FollowerState: change to CANDIDATE, lastRpcElapsedTime:5125956923ns, electionTimeout:5109ms
2022-09-08 01:53:31,265 [3b94da99-c23d-4519-a6dd-621bbdbf8b87@group-EB8CB66AAA49-FollowerState] INFO  impl.RoleInfo (RoleInfo.java:shutdownFollowerState(110)) - 3b94da99-c23d-4519-a6dd-621bbdbf8b87: shutdown 3b94da99-c23d-4519-a6dd-621bbdbf8b87@group-EB8CB66AAA49-FollowerState
2022-09-08 01:53:31,265 [3b94da99-c23d-4519-a6dd-621bbdbf8b87@group-EB8CB66AAA49-FollowerState] INFO  server.RaftServer$Division (RaftServerImpl.java:setRole(299)) - 3b94da99-c23d-4519-a6dd-621bbdbf8b87@group-EB8CB66AAA49: changes role from  FOLLOWER to CANDIDATE at term 1 for changeToCandidate
2022-09-08 01:53:31,282 [3b94da99-c23d-4519-a6dd-621bbdbf8b87@group-EB8CB66AAA49-FollowerState] INFO  server.RaftServerConfigKeys (ConfUtils.java:logGet(46)) - raft.server.leaderelection.pre-vote = false (custom)
2022-09-08 01:53:31,282 [3b94da99-c23d-4519-a6dd-621bbdbf8b87@group-EB8CB66AAA49-FollowerState] INFO  impl.RoleInfo (RoleInfo.java:updateAndGet(139)) - 3b94da99-c23d-4519-a6dd-621bbdbf8b87: start 3b94da99-c23d-4519-a6dd-621bbdbf8b87@group-EB8CB66AAA49-LeaderElection42
2022-09-08 01:53:31,282 [grpc-default-executor-0] INFO  server.RaftServer$Division (RaftServerImpl.java:requestVote(1152)) - 3b94da99-c23d-4519-a6dd-621bbdbf8b87@group-EB8CB66AAA49: receive requestVote(ELECTION, b7c9405d-9a73-4fbd-afe8-64bf04b9d794, group-EB8CB66AAA49, 2, (t:0, i:0))
2022-09-08 01:53:31,282 [grpc-default-executor-0] INFO  impl.VoteContext (VoteContext.java:log(48)) - 3b94da99-c23d-4519-a6dd-621bbdbf8b87@group-EB8CB66AAA49-CANDIDATE: accept ELECTION from b7c9405d-9a73-4fbd-afe8-64bf04b9d794: our priority 0 <= candidate's priority 1
2022-09-08 01:53:31,282 [grpc-default-executor-0] INFO  server.RaftServer$Division (RaftServerImpl.java:setRole(299)) - 3b94da99-c23d-4519-a6dd-621bbdbf8b87@group-EB8CB66AAA49: changes role from CANDIDATE to FOLLOWER at term 2 for candidate:b7c9405d-9a73-4fbd-afe8-64bf04b9d794
2022-09-08 01:53:31,282 [grpc-default-executor-0] INFO  impl.RoleInfo (RoleInfo.java:shutdownLeaderElection(130)) - 3b94da99-c23d-4519-a6dd-621bbdbf8b87: shutdown 3b94da99-c23d-4519-a6dd-621bbdbf8b87@group-EB8CB66AAA49-LeaderElection42
2022-09-08 01:53:31,282 [grpc-default-executor-0] INFO  impl.RoleInfo (RoleInfo.java:updateAndGet(139)) - 3b94da99-c23d-4519-a6dd-621bbdbf8b87: start 3b94da99-c23d-4519-a6dd-621bbdbf8b87@group-EB8CB66AAA49-FollowerState
2022-09-08 01:53:31,285 [3b94da99-c23d-4519-a6dd-621bbdbf8b87@group-EB8CB66AAA49-LeaderElection42] INFO  impl.LeaderElection (LeaderElection.java:run(231)) - 3b94da99-c23d-4519-a6dd-621bbdbf8b87@group-EB8CB66AAA49-LeaderElection42: skip running since this is already CLOSING
2022-09-08 01:53:31,290 [grpc-default-executor-0] INFO  server.RaftServer$Division (RaftServerImpl.java:requestVote(1184)) - 3b94da99-c23d-4519-a6dd-621bbdbf8b87@group-EB8CB66AAA49 replies to ELECTION vote request: b7c9405d-9a73-4fbd-afe8-64bf04b9d794<-3b94da99-c23d-4519-a6dd-621bbdbf8b87#0:OK-t2. Peer's state: 3b94da99-c23d-4519-a6dd-621bbdbf8b87@group-EB8CB66AAA49:t2, leader=null, voted=b7c9405d-9a73-4fbd-afe8-64bf04b9d794, raftlog=3b94da99-c23d-4519-a6dd-621bbdbf8b87@group-EB8CB66AAA49-SegmentedRaftLog:OPENED:c-1, conf=-1: [b7c9405d-9a73-4fbd-afe8-64bf04b9d794|rpc:10.1.1.0:45849|priority:1, 3b94da99-c23d-4519-a6dd-621bbdbf8b87|rpc:10.1.1.0:45179|priority:0, 009dccab-c19f-4dcd-8c3d-5390f1d1737a|rpc:10.1.1.0:41309|priority:0], old=null
2022-09-08 01:53:31,296 [b7c9405d-9a73-4fbd-afe8-64bf04b9d794@group-EB8CB66AAA49-LeaderElection40] INFO  impl.LeaderElection (LeaderElection.java:logAndReturn(90)) - b7c9405d-9a73-4fbd-afe8-64bf04b9d794@group-EB8CB66AAA49-LeaderElection40: ELECTION PASSED received 1 response(s) and 0 exception(s):
2022-09-08 01:53:31,296 [b7c9405d-9a73-4fbd-afe8-64bf04b9d794@group-EB8CB66AAA49-LeaderElection40] INFO  impl.LeaderElection (LeaderElection.java:logAndReturn(94)) -   Response 0: b7c9405d-9a73-4fbd-afe8-64bf04b9d794<-3b94da99-c23d-4519-a6dd-621bbdbf8b87#0:OK-t2
2022-09-08 01:53:31,296 [b7c9405d-9a73-4fbd-afe8-64bf04b9d794@group-EB8CB66AAA49-LeaderElection40] INFO  impl.LeaderElection (LeaderElection.java:askForVotes(312)) - b7c9405d-9a73-4fbd-afe8-64bf04b9d794@group-EB8CB66AAA49-LeaderElection40 ELECTION round 0: result PASSED
2022-09-08 01:53:31,296 [b7c9405d-9a73-4fbd-afe8-64bf04b9d794@group-EB8CB66AAA49-LeaderElection40] INFO  impl.RoleInfo (RoleInfo.java:shutdownLeaderElection(130)) - b7c9405d-9a73-4fbd-afe8-64bf04b9d794: shutdown b7c9405d-9a73-4fbd-afe8-64bf04b9d794@group-EB8CB66AAA49-LeaderElection40
2022-09-08 01:53:31,296 [b7c9405d-9a73-4fbd-afe8-64bf04b9d794@group-EB8CB66AAA49-LeaderElection40] INFO  server.RaftServer$Division (RaftServerImpl.java:setRole(299)) - b7c9405d-9a73-4fbd-afe8-64bf04b9d794@group-EB8CB66AAA49: changes role from CANDIDATE to LEADER at term 2 for changeToLeader
2022-09-08 01:53:31,296 [b7c9405d-9a73-4fbd-afe8-64bf04b9d794@group-EB8CB66AAA49-LeaderElection40] INFO  ratis.XceiverServerRatis (XceiverServerRatis.java:handleLeaderChangedNotification(863)) - Leader change notification received for group: group-EB8CB66AAA49 with new leaderId: b7c9405d-9a73-4fbd-afe8-64bf04b9d794
2022-09-08 01:53:31,297 [b7c9405d-9a73-4fbd-afe8-64bf04b9d794@group-EB8CB66AAA49-LeaderElection40] INFO  server.RaftServer$Division (ServerState.java:setLeader(287)) - b7c9405d-9a73-4fbd-afe8-64bf04b9d794@group-EB8CB66AAA49: change Leader from null to b7c9405d-9a73-4fbd-afe8-64bf04b9d794 at term 2 for becomeLeader, leader elected after 10015ms
2022-09-08 01:53:31,297 [b7c9405d-9a73-4fbd-afe8-64bf04b9d794@group-EB8CB66AAA49-LeaderElection40] INFO  server.RaftServerConfigKeys (ConfUtils.java:logGet(46)) - raft.server.staging.catchup.gap = 1000 (default)
2022-09-08 01:53:31,297 [b7c9405d-9a73-4fbd-afe8-64bf04b9d794@group-EB8CB66AAA49-LeaderElection40] INFO  server.RaftServerConfigKeys (ConfUtils.java:logGet(46)) - raft.server.write.element-limit = 1024 (custom)
2022-09-08 01:53:31,297 [b7c9405d-9a73-4fbd-afe8-64bf04b9d794@group-EB8CB66AAA49-LeaderElection40] INFO  server.RaftServerConfigKeys (ConfUtils.java:logGet(46)) - raft.server.write.byte-limit = 1024 M (=1073741824) (custom)
2022-09-08 01:53:31,297 [b7c9405d-9a73-4fbd-afe8-64bf04b9d794@group-EB8CB66AAA49-LeaderElection40] INFO  server.RaftServerConfigKeys (ConfUtils.java:logGet(46)) - raft.server.watch.timeout = 180s (custom)
2022-09-08 01:53:31,297 [b7c9405d-9a73-4fbd-afe8-64bf04b9d794@group-EB8CB66AAA49-LeaderElection40] INFO  server.RaftServerConfigKeys (ConfUtils.java:logGet(46)) - raft.server.watch.timeout.denomination = 1s (default)
2022-09-08 01:53:31,297 [b7c9405d-9a73-4fbd-afe8-64bf04b9d794@group-EB8CB66AAA49-LeaderElection40] INFO  server.RaftServerConfigKeys (ConfUtils.java:logGet(46)) - raft.server.watch.element-limit = 65536 (default)
2022-09-08 01:53:31,297 [b7c9405d-9a73-4fbd-afe8-64bf04b9d794@group-EB8CB66AAA49-LeaderElection40] INFO  server.RaftServerConfigKeys (ConfUtils.java:logGet(46)) - raft.server.write.element-limit = 1024 (custom)
2022-09-08 01:53:31,297 [b7c9405d-9a73-4fbd-afe8-64bf04b9d794@group-EB8CB66AAA49-LeaderElection40] INFO  server.RaftServerConfigKeys (ConfUtils.java:logGet(46)) - raft.server.write.follower.gap.ratio.max = -1.0 (default)
2022-09-08 01:53:31,298 [b7c9405d-9a73-4fbd-afe8-64bf04b9d794@group-EB8CB66AAA49-LeaderElection40] INFO  server.RaftServerConfigKeys (ConfUtils.java:logGet(46)) - raft.server.log.appender.snapshot.chunk.size.max = 16MB (=16777216) (default)
2022-09-08 01:53:31,298 [b7c9405d-9a73-4fbd-afe8-64bf04b9d794@group-EB8CB66AAA49-LeaderElection40] INFO  server.RaftServerConfigKeys (ConfUtils.java:logGet(46)) - raft.server.log.appender.buffer.byte-limit = 33554432 (custom)
2022-09-08 01:53:31,298 [b7c9405d-9a73-4fbd-afe8-64bf04b9d794@group-EB8CB66AAA49-LeaderElection40] INFO  server.RaftServerConfigKeys (ConfUtils.java:logGet(46)) - raft.server.log.appender.buffer.element-limit = 1 (custom)
2022-09-08 01:53:31,298 [b7c9405d-9a73-4fbd-afe8-64bf04b9d794@group-EB8CB66AAA49-LeaderElection40] INFO  grpc.GrpcConfigKeys (ConfUtils.java:logGet(46)) - raft.grpc.server.leader.outstanding.appends.max = 128 (default)
2022-09-08 01:53:31,298 [b7c9405d-9a73-4fbd-afe8-64bf04b9d794@group-EB8CB66AAA49-LeaderElection40] INFO  server.RaftServerConfigKeys (ConfUtils.java:logGet(46)) - raft.server.rpc.request.timeout = 60s (custom)
2022-09-08 01:53:31,298 [b7c9405d-9a73-4fbd-afe8-64bf04b9d794@group-EB8CB66AAA49-LeaderElection40] INFO  server.RaftServerConfigKeys (ConfUtils.java:logGet(46)) - raft.server.log.appender.install.snapshot.enabled = false (custom)
2022-09-08 01:53:31,299 [b7c9405d-9a73-4fbd-afe8-64bf04b9d794@group-EB8CB66AAA49-LeaderElection40] INFO  server.RaftServerConfigKeys (ConfUtils.java:logGet(46)) - raft.server.log.appender.snapshot.chunk.size.max = 16MB (=16777216) (default)
2022-09-08 01:53:31,299 [b7c9405d-9a73-4fbd-afe8-64bf04b9d794@group-EB8CB66AAA49-LeaderElection40] INFO  server.RaftServerConfigKeys (ConfUtils.java:logGet(46)) - raft.server.log.appender.buffer.byte-limit = 33554432 (custom)
2022-09-08 01:53:31,299 [b7c9405d-9a73-4fbd-afe8-64bf04b9d794@group-EB8CB66AAA49-LeaderElection40] INFO  server.RaftServerConfigKeys (ConfUtils.java:logGet(46)) - raft.server.log.appender.buffer.element-limit = 1 (custom)
2022-09-08 01:53:31,299 [b7c9405d-9a73-4fbd-afe8-64bf04b9d794@group-EB8CB66AAA49-LeaderElection40] INFO  grpc.GrpcConfigKeys (ConfUtils.java:logGet(46)) - raft.grpc.server.leader.outstanding.appends.max = 128 (default)
2022-09-08 01:53:31,299 [b7c9405d-9a73-4fbd-afe8-64bf04b9d794@group-EB8CB66AAA49-LeaderElection40] INFO  server.RaftServerConfigKeys (ConfUtils.java:logGet(46)) - raft.server.rpc.request.timeout = 60s (custom)
2022-09-08 01:53:31,299 [b7c9405d-9a73-4fbd-afe8-64bf04b9d794@group-EB8CB66AAA49-LeaderElection40] INFO  server.RaftServerConfigKeys (ConfUtils.java:logGet(46)) - raft.server.log.appender.install.snapshot.enabled = false (custom)
2022-09-08 01:53:31,300 [b7c9405d-9a73-4fbd-afe8-64bf04b9d794@group-EB8CB66AAA49-LeaderElection40] INFO  impl.RoleInfo (RoleInfo.java:updateAndGet(139)) - b7c9405d-9a73-4fbd-afe8-64bf04b9d794: start b7c9405d-9a73-4fbd-afe8-64bf04b9d794@group-EB8CB66AAA49-LeaderStateImpl
2022-09-08 01:53:31,300 [b7c9405d-9a73-4fbd-afe8-64bf04b9d794@group-EB8CB66AAA49-LeaderElection40] INFO  segmented.SegmentedRaftLogWorker (SegmentedRaftLogWorker.java:startLogSegment(425)) - b7c9405d-9a73-4fbd-afe8-64bf04b9d794@group-EB8CB66AAA49-SegmentedRaftLogWorker: Starting segment from index:0
2022-09-08 01:53:31,312 [b7c9405d-9a73-4fbd-afe8-64bf04b9d794@group-EB8CB66AAA49-SegmentedRaftLogWorker] INFO  segmented.SegmentedRaftLogWorker (SegmentedRaftLogWorker.java:execute(629)) - b7c9405d-9a73-4fbd-afe8-64bf04b9d794@group-EB8CB66AAA49-SegmentedRaftLogWorker: created new log segment /home/runner/work/ozone/ozone/hadoop-ozone/integration-test/target/test-dir/MiniOzoneClusterImpl-82e34331-d350-4f2b-a416-c6d91b571450/datanode-1/data/ratis/6290eb8f-c31e-46e2-93ed-eb8cb66aaa49/current/log_inprogress_0
2022-09-08 01:53:31,312 [EventQueue-PipelineReportForPipelineReportHandler] INFO  pipeline.PipelineManagerImpl (PipelineManagerImpl.java:openPipeline(367)) - Pipeline Pipeline[ Id: 6290eb8f-c31e-46e2-93ed-eb8cb66aaa49, Nodes: 3b94da99-c23d-4519-a6dd-621bbdbf8b87{ip: 10.1.1.0, host: fv-az38-857.qiceih3q1hfe5a3ai3y3qk2fta.cx.internal.cloudapp.net, ports: [REPLICATION=34319, RATIS=45179, RATIS_ADMIN=45179, RATIS_SERVER=45179, STANDALONE=45571], networkLocation: /default-rack, certSerialId: null, persistedOpState: IN_SERVICE, persistedOpStateExpiryEpochSec: 0}009dccab-c19f-4dcd-8c3d-5390f1d1737a{ip: 10.1.1.0, host: fv-az38-857.qiceih3q1hfe5a3ai3y3qk2fta.cx.internal.cloudapp.net, ports: [REPLICATION=36031, RATIS=41309, RATIS_ADMIN=41309, RATIS_SERVER=41309, STANDALONE=37193], networkLocation: /default-rack, certSerialId: null, persistedOpState: IN_SERVICE, persistedOpStateExpiryEpochSec: 0}b7c9405d-9a73-4fbd-afe8-64bf04b9d794{ip: 10.1.1.0, host: fv-az38-857.qiceih3q1hfe5a3ai3y3qk2fta.cx.internal.cloudapp.net, ports: [REPLICATION=36513, RATIS=45849, RATIS_ADMIN=45849, RATIS_SERVER=45849, STANDALONE=36161], networkLocation: /default-rack, certSerialId: null, persistedOpState: IN_SERVICE, persistedOpStateExpiryEpochSec: 0}, ReplicationConfig: RATIS/THREE, State:ALLOCATED, leaderId:b7c9405d-9a73-4fbd-afe8-64bf04b9d794, CreationTimestamp2022-09-08T01:53:19.260Z[Etc/UTC]] moved to OPEN state
2022-09-08 01:53:31,313 [EventQueue-OpenPipelineForHealthyPipelineSafeModeRule] INFO  safemode.SCMSafeModeManager (HealthyPipelineSafeModeRule.java:process(137)) - SCM in safe mode. Healthy pipelines reported count is 1, required healthy pipeline reported count is 1
2022-09-08 01:53:31,313 [EventQueue-OpenPipelineForHealthyPipelineSafeModeRule] INFO  safemode.SCMSafeModeManager (SCMSafeModeManager.java:validateSafeModeExitRules(204)) - HealthyPipelineSafeModeRule rule is successfully validated
2022-09-08 01:53:31,313 [EventQueue-OpenPipelineForHealthyPipelineSafeModeRule] INFO  safemode.SCMSafeModeManager (SCMSafeModeManager.java:validateSafeModeExitRules(219)) - ScmSafeModeManager, all rules are successfully validated
2022-09-08 01:53:31,313 [EventQueue-OpenPipelineForHealthyPipelineSafeModeRule] INFO  safemode.SCMSafeModeManager (SCMSafeModeManager.java:exitSafeMode(248)) - SCM exiting safe mode.
2022-09-08 01:53:31,313 [EventQueue-OpenPipelineForHealthyPipelineSafeModeRule] WARN  events.EventQueue (EventQueue.java:fireEvent(216)) - No event handler registered for event TypedEvent{payloadType=SafeModeStatus, name='Safe mode status'}
2022-09-08 01:53:31,313 [EventQueue-OpenPipelineForHealthyPipelineSafeModeRule] INFO  ha.SCMContext (SCMContext.java:updateSafeModeStatus(228)) - Update SafeModeStatus from SafeModeStatus{safeModeStatus=true, preCheckPassed=true} to SafeModeStatus{safeModeStatus=false, preCheckPassed=true}.
2022-09-08 01:53:31,314 [EventQueue-OpenPipelineForHealthyPipelineSafeModeRule] INFO  pipeline.BackgroundPipelineCreator (BackgroundPipelineCreator.java:notifyStatusChanged(254)) - Service BackgroundPipelineCreator transitions to RUNNING.
2022-09-08 01:53:31,314 [EventQueue-OpenPipelineForHealthyPipelineSafeModeRule] INFO  BackgroundPipelineScrubber (BackgroundSCMService.java:notifyStatusChanged(82)) - Service BackgroundPipelineScrubber transitions to RUNNING.
2022-09-08 01:53:31,314 [EventQueue-OpenPipelineForHealthyPipelineSafeModeRule] INFO  ExpiredContainerReplicaOpScrubber (BackgroundSCMService.java:notifyStatusChanged(82)) - Service ExpiredContainerReplicaOpScrubber transitions to RUNNING.
2022-09-08 01:53:31,314 [EventQueue-OpenPipelineForHealthyPipelineSafeModeRule] INFO  UnderReplicatedQueueThread (BackgroundSCMService.java:notifyStatusChanged(82)) - Service UnderReplicatedQueueThread transitions to RUNNING.
2022-09-08 01:53:31,314 [EventQueue-OpenPipelineForHealthyPipelineSafeModeRule] INFO  OverReplicatedQueueThread (BackgroundSCMService.java:notifyStatusChanged(82)) - Service OverReplicatedQueueThread transitions to RUNNING.
2022-09-08 01:53:31,314 [EventQueue-OpenPipelineForHealthyPipelineSafeModeRule] INFO  replication.ReplicationManager (ReplicationManager.java:notifyStatusChanged(764)) - Service ReplicationManager transitions to RUNNING.
2022-09-08 01:53:31,314 [EventQueue-OpenPipelineForHealthyPipelineSafeModeRule] WARN  balancer.ContainerBalancer (ContainerBalancer.java:shouldRun(925)) - Could not find persisted configuration for ContainerBalancer when checking if ContainerBalancer should run. ContainerBalancer should not run now.
2022-09-08 01:53:31,337 [b7c9405d-9a73-4fbd-afe8-64bf04b9d794@group-EB8CB66AAA49-LeaderElection40] INFO  server.RaftServer$Division (ServerState.java:setRaftConf(393)) - b7c9405d-9a73-4fbd-afe8-64bf04b9d794@group-EB8CB66AAA49: set configuration 0: [b7c9405d-9a73-4fbd-afe8-64bf04b9d794|rpc:10.1.1.0:45849|dataStream:|priority:1, 3b94da99-c23d-4519-a6dd-621bbdbf8b87|rpc:10.1.1.0:45179|dataStream:|priority:0, 009dccab-c19f-4dcd-8c3d-5390f1d1737a|rpc:10.1.1.0:41309|dataStream:|priority:0], old=null
2022-09-08 01:53:31,338 [grpc-default-executor-1] INFO  server.RaftServer$Division (RaftServerImpl.java:requestVote(1152)) - 009dccab-c19f-4dcd-8c3d-5390f1d1737a@group-EB8CB66AAA49: receive requestVote(ELECTION, b7c9405d-9a73-4fbd-afe8-64bf04b9d794, group-EB8CB66AAA49, 2, (t:0, i:0))
2022-09-08 01:53:31,338 [grpc-default-executor-1] INFO  impl.VoteContext (VoteContext.java:log(48)) - 009dccab-c19f-4dcd-8c3d-5390f1d1737a@group-EB8CB66AAA49-CANDIDATE: reject ELECTION from b7c9405d-9a73-4fbd-afe8-64bf04b9d794: already has voted for 009dccab-c19f-4dcd-8c3d-5390f1d1737a at current term 2
2022-09-08 01:53:31,338 [grpc-default-executor-1] INFO  server.RaftServer$Division (RaftServerImpl.java:requestVote(1184)) - 009dccab-c19f-4dcd-8c3d-5390f1d1737a@group-EB8CB66AAA49 replies to ELECTION vote request: b7c9405d-9a73-4fbd-afe8-64bf04b9d794<-009dccab-c19f-4dcd-8c3d-5390f1d1737a#0:FAIL-t2. Peer's state: 009dccab-c19f-4dcd-8c3d-5390f1d1737a@group-EB8CB66AAA49:t2, leader=null, voted=009dccab-c19f-4dcd-8c3d-5390f1d1737a, raftlog=009dccab-c19f-4dcd-8c3d-5390f1d1737a@group-EB8CB66AAA49-SegmentedRaftLog:OPENED:c-1, conf=-1: [b7c9405d-9a73-4fbd-afe8-64bf04b9d794|rpc:10.1.1.0:45849|dataStream:|priority:1, 3b94da99-c23d-4519-a6dd-621bbdbf8b87|rpc:10.1.1.0:45179|dataStream:|priority:0, 009dccab-c19f-4dcd-8c3d-5390f1d1737a|rpc:10.1.1.0:41309|dataStream:|priority:0], old=null
2022-09-08 01:53:31,354 [grpc-default-executor-4] INFO  server.RaftServer$Division (RaftServerImpl.java:requestVote(1152)) - 3b94da99-c23d-4519-a6dd-621bbdbf8b87@group-EB8CB66AAA49: receive requestVote(ELECTION, 009dccab-c19f-4dcd-8c3d-5390f1d1737a, group-EB8CB66AAA49, 2, (t:0, i:0))
2022-09-08 01:53:31,354 [grpc-default-executor-4] INFO  impl.VoteContext (VoteContext.java:log(48)) - 3b94da99-c23d-4519-a6dd-621bbdbf8b87@group-EB8CB66AAA49-FOLLOWER: reject ELECTION from 009dccab-c19f-4dcd-8c3d-5390f1d1737a: already has voted for b7c9405d-9a73-4fbd-afe8-64bf04b9d794 at current term 2
2022-09-08 01:53:31,354 [grpc-default-executor-4] INFO  server.RaftServer$Division (RaftServerImpl.java:requestVote(1184)) - 3b94da99-c23d-4519-a6dd-621bbdbf8b87@group-EB8CB66AAA49 replies to ELECTION vote request: 009dccab-c19f-4dcd-8c3d-5390f1d1737a<-3b94da99-c23d-4519-a6dd-621bbdbf8b87#0:FAIL-t2. Peer's state: 3b94da99-c23d-4519-a6dd-621bbdbf8b87@group-EB8CB66AAA49:t2, leader=null, voted=b7c9405d-9a73-4fbd-afe8-64bf04b9d794, raftlog=3b94da99-c23d-4519-a6dd-621bbdbf8b87@group-EB8CB66AAA49-SegmentedRaftLog:OPENED:c-1, conf=-1: [b7c9405d-9a73-4fbd-afe8-64bf04b9d794|rpc:10.1.1.0:45849|priority:1, 3b94da99-c23d-4519-a6dd-621bbdbf8b87|rpc:10.1.1.0:45179|priority:0, 009dccab-c19f-4dcd-8c3d-5390f1d1737a|rpc:10.1.1.0:41309|priority:0], old=null
2022-09-08 01:53:31,355 [grpc-default-executor-2] INFO  server.RaftServer$Division (RaftServerImpl.java:requestVote(1152)) - b7c9405d-9a73-4fbd-afe8-64bf04b9d794@group-EB8CB66AAA49: receive requestVote(ELECTION, 009dccab-c19f-4dcd-8c3d-5390f1d1737a, group-EB8CB66AAA49, 2, (t:0, i:0))
2022-09-08 01:53:31,355 [grpc-default-executor-2] INFO  impl.VoteContext (VoteContext.java:log(48)) - b7c9405d-9a73-4fbd-afe8-64bf04b9d794@group-EB8CB66AAA49-LEADER: reject ELECTION from 009dccab-c19f-4dcd-8c3d-5390f1d1737a: already has voted for b7c9405d-9a73-4fbd-afe8-64bf04b9d794 at current term 2
2022-09-08 01:53:31,355 [grpc-default-executor-2] INFO  server.RaftServer$Division (RaftServerImpl.java:requestVote(1184)) - b7c9405d-9a73-4fbd-afe8-64bf04b9d794@group-EB8CB66AAA49 replies to ELECTION vote request: 009dccab-c19f-4dcd-8c3d-5390f1d1737a<-b7c9405d-9a73-4fbd-afe8-64bf04b9d794#0:FAIL-t2. Peer's state: b7c9405d-9a73-4fbd-afe8-64bf04b9d794@group-EB8CB66AAA49:t2, leader=b7c9405d-9a73-4fbd-afe8-64bf04b9d794, voted=b7c9405d-9a73-4fbd-afe8-64bf04b9d794, raftlog=b7c9405d-9a73-4fbd-afe8-64bf04b9d794@group-EB8CB66AAA49-SegmentedRaftLog:OPENED:c0, conf=0: [b7c9405d-9a73-4fbd-afe8-64bf04b9d794|rpc:10.1.1.0:45849|dataStream:|priority:1, 3b94da99-c23d-4519-a6dd-621bbdbf8b87|rpc:10.1.1.0:45179|dataStream:|priority:0, 009dccab-c19f-4dcd-8c3d-5390f1d1737a|rpc:10.1.1.0:41309|dataStream:|priority:0], old=null
2022-09-08 01:53:31,357 [3b94da99-c23d-4519-a6dd-621bbdbf8b87-server-thread1] INFO  ratis.XceiverServerRatis (XceiverServerRatis.java:handleLeaderChangedNotification(863)) - Leader change notification received for group: group-EB8CB66AAA49 with new leaderId: b7c9405d-9a73-4fbd-afe8-64bf04b9d794
2022-09-08 01:53:31,357 [3b94da99-c23d-4519-a6dd-621bbdbf8b87-server-thread1] INFO  server.RaftServer$Division (ServerState.java:setLeader(287)) - 3b94da99-c23d-4519-a6dd-621bbdbf8b87@group-EB8CB66AAA49: change Leader from null to b7c9405d-9a73-4fbd-afe8-64bf04b9d794 at term 2 for appendEntries, leader elected after 10522ms
2022-09-08 01:53:31,369 [009dccab-c19f-4dcd-8c3d-5390f1d1737a@group-EB8CB66AAA49-LeaderElection41] INFO  impl.LeaderElection (LeaderElection.java:logAndReturn(90)) - 009dccab-c19f-4dcd-8c3d-5390f1d1737a@group-EB8CB66AAA49-LeaderElection41: ELECTION REJECTED received 2 response(s) and 0 exception(s):
2022-09-08 01:53:31,369 [009dccab-c19f-4dcd-8c3d-5390f1d1737a@group-EB8CB66AAA49-LeaderElection41] INFO  impl.LeaderElection (LeaderElection.java:logAndReturn(94)) -   Response 0: 009dccab-c19f-4dcd-8c3d-5390f1d1737a<-b7c9405d-9a73-4fbd-afe8-64bf04b9d794#0:FAIL-t2
2022-09-08 01:53:31,369 [009dccab-c19f-4dcd-8c3d-5390f1d1737a@group-EB8CB66AAA49-LeaderElection41] INFO  impl.LeaderElection (LeaderElection.java:logAndReturn(94)) -   Response 1: 009dccab-c19f-4dcd-8c3d-5390f1d1737a<-3b94da99-c23d-4519-a6dd-621bbdbf8b87#0:FAIL-t2
2022-09-08 01:53:31,369 [009dccab-c19f-4dcd-8c3d-5390f1d1737a@group-EB8CB66AAA49-LeaderElection41] INFO  impl.LeaderElection (LeaderElection.java:askForVotes(312)) - 009dccab-c19f-4dcd-8c3d-5390f1d1737a@group-EB8CB66AAA49-LeaderElection41 ELECTION round 0: result REJECTED
2022-09-08 01:53:31,369 [009dccab-c19f-4dcd-8c3d-5390f1d1737a@group-EB8CB66AAA49-LeaderElection41] INFO  server.RaftServer$Division (RaftServerImpl.java:setRole(299)) - 009dccab-c19f-4dcd-8c3d-5390f1d1737a@group-EB8CB66AAA49: changes role from CANDIDATE to FOLLOWER at term 2 for REJECTED
2022-09-08 01:53:31,369 [009dccab-c19f-4dcd-8c3d-5390f1d1737a@group-EB8CB66AAA49-LeaderElection41] INFO  impl.RoleInfo (RoleInfo.java:shutdownLeaderElection(130)) - 009dccab-c19f-4dcd-8c3d-5390f1d1737a: shutdown 009dccab-c19f-4dcd-8c3d-5390f1d1737a@group-EB8CB66AAA49-LeaderElection41
2022-09-08 01:53:31,369 [009dccab-c19f-4dcd-8c3d-5390f1d1737a@group-EB8CB66AAA49-LeaderElection41] INFO  impl.RoleInfo (RoleInfo.java:updateAndGet(139)) - 009dccab-c19f-4dcd-8c3d-5390f1d1737a: start 009dccab-c19f-4dcd-8c3d-5390f1d1737a@group-EB8CB66AAA49-FollowerState
2022-09-08 01:53:31,385 [009dccab-c19f-4dcd-8c3d-5390f1d1737a-server-thread1] INFO  ratis.XceiverServerRatis (XceiverServerRatis.java:handleLeaderChangedNotification(863)) - Leader change notification received for group: group-EB8CB66AAA49 with new leaderId: b7c9405d-9a73-4fbd-afe8-64bf04b9d794
2022-09-08 01:53:31,385 [009dccab-c19f-4dcd-8c3d-5390f1d1737a-server-thread1] INFO  server.RaftServer$Division (ServerState.java:setLeader(287)) - 009dccab-c19f-4dcd-8c3d-5390f1d1737a@group-EB8CB66AAA49: change Leader from null to b7c9405d-9a73-4fbd-afe8-64bf04b9d794 at term 2 for appendEntries, leader elected after 10295ms
2022-09-08 01:53:31,392 [3b94da99-c23d-4519-a6dd-621bbdbf8b87-server-thread1] INFO  server.RaftServer$Division (ServerState.java:setRaftConf(393)) - 3b94da99-c23d-4519-a6dd-621bbdbf8b87@group-EB8CB66AAA49: set configuration 0: [b7c9405d-9a73-4fbd-afe8-64bf04b9d794|rpc:10.1.1.0:45849|dataStream:|priority:1, 3b94da99-c23d-4519-a6dd-621bbdbf8b87|rpc:10.1.1.0:45179|dataStream:|priority:0, 009dccab-c19f-4dcd-8c3d-5390f1d1737a|rpc:10.1.1.0:41309|dataStream:|priority:0], old=null
2022-09-08 01:53:31,392 [3b94da99-c23d-4519-a6dd-621bbdbf8b87-server-thread1] INFO  segmented.SegmentedRaftLogWorker (SegmentedRaftLogWorker.java:startLogSegment(425)) - 3b94da99-c23d-4519-a6dd-621bbdbf8b87@group-EB8CB66AAA49-SegmentedRaftLogWorker: Starting segment from index:0
2022-09-08 01:53:31,402 [3b94da99-c23d-4519-a6dd-621bbdbf8b87@group-EB8CB66AAA49-SegmentedRaftLogWorker] INFO  segmented.SegmentedRaftLogWorker (SegmentedRaftLogWorker.java:execute(629)) - 3b94da99-c23d-4519-a6dd-621bbdbf8b87@group-EB8CB66AAA49-SegmentedRaftLogWorker: created new log segment /home/runner/work/ozone/ozone/hadoop-ozone/integration-test/target/test-dir/MiniOzoneClusterImpl-82e34331-d350-4f2b-a416-c6d91b571450/datanode-0/data/ratis/6290eb8f-c31e-46e2-93ed-eb8cb66aaa49/current/log_inprogress_0
2022-09-08 01:53:31,429 [009dccab-c19f-4dcd-8c3d-5390f1d1737a-server-thread1] INFO  server.RaftServer$Division (ServerState.java:setRaftConf(393)) - 009dccab-c19f-4dcd-8c3d-5390f1d1737a@group-EB8CB66AAA49: set configuration 0: [b7c9405d-9a73-4fbd-afe8-64bf04b9d794|rpc:10.1.1.0:45849|dataStream:|priority:1, 3b94da99-c23d-4519-a6dd-621bbdbf8b87|rpc:10.1.1.0:45179|dataStream:|priority:0, 009dccab-c19f-4dcd-8c3d-5390f1d1737a|rpc:10.1.1.0:41309|dataStream:|priority:0], old=null
2022-09-08 01:53:31,430 [009dccab-c19f-4dcd-8c3d-5390f1d1737a-server-thread1] INFO  segmented.SegmentedRaftLogWorker (SegmentedRaftLogWorker.java:startLogSegment(425)) - 009dccab-c19f-4dcd-8c3d-5390f1d1737a@group-EB8CB66AAA49-SegmentedRaftLogWorker: Starting segment from index:0
2022-09-08 01:53:31,431 [009dccab-c19f-4dcd-8c3d-5390f1d1737a@group-EB8CB66AAA49-SegmentedRaftLogWorker] INFO  segmented.SegmentedRaftLogWorker (SegmentedRaftLogWorker.java:execute(629)) - 009dccab-c19f-4dcd-8c3d-5390f1d1737a@group-EB8CB66AAA49-SegmentedRaftLogWorker: created new log segment /home/runner/work/ozone/ozone/hadoop-ozone/integration-test/target/test-dir/MiniOzoneClusterImpl-82e34331-d350-4f2b-a416-c6d91b571450/datanode-2/data/ratis/6290eb8f-c31e-46e2-93ed-eb8cb66aaa49/current/log_inprogress_0
2022-09-08 01:53:31,462 [3b94da99-c23d-4519-a6dd-621bbdbf8b87@group-2303D56E24BD-FollowerState] INFO  impl.FollowerState (FollowerState.java:run(143)) - 3b94da99-c23d-4519-a6dd-621bbdbf8b87@group-2303D56E24BD-FollowerState: change to CANDIDATE, lastRpcElapsedTime:5046557321ns, electionTimeout:5046ms
2022-09-08 01:53:31,462 [3b94da99-c23d-4519-a6dd-621bbdbf8b87@group-2303D56E24BD-FollowerState] INFO  impl.RoleInfo (RoleInfo.java:shutdownFollowerState(110)) - 3b94da99-c23d-4519-a6dd-621bbdbf8b87: shutdown 3b94da99-c23d-4519-a6dd-621bbdbf8b87@group-2303D56E24BD-FollowerState
2022-09-08 01:53:31,462 [3b94da99-c23d-4519-a6dd-621bbdbf8b87@group-2303D56E24BD-FollowerState] INFO  server.RaftServer$Division (RaftServerImpl.java:setRole(299)) - 3b94da99-c23d-4519-a6dd-621bbdbf8b87@group-2303D56E24BD: changes role from  FOLLOWER to CANDIDATE at term 1 for changeToCandidate
2022-09-08 01:53:31,462 [3b94da99-c23d-4519-a6dd-621bbdbf8b87@group-2303D56E24BD-FollowerState] INFO  server.RaftServerConfigKeys (ConfUtils.java:logGet(46)) - raft.server.leaderelection.pre-vote = false (custom)
2022-09-08 01:53:31,462 [3b94da99-c23d-4519-a6dd-621bbdbf8b87@group-2303D56E24BD-FollowerState] INFO  impl.RoleInfo (RoleInfo.java:updateAndGet(139)) - 3b94da99-c23d-4519-a6dd-621bbdbf8b87: start 3b94da99-c23d-4519-a6dd-621bbdbf8b87@group-2303D56E24BD-LeaderElection43
2022-09-08 01:53:31,478 [3b94da99-c23d-4519-a6dd-621bbdbf8b87@group-2303D56E24BD-LeaderElection43] INFO  impl.LeaderElection (LeaderElection.java:askForVotes(310)) - 3b94da99-c23d-4519-a6dd-621bbdbf8b87@group-2303D56E24BD-LeaderElection43 ELECTION round 0: submit vote requests at term 2 for -1: [b7c9405d-9a73-4fbd-afe8-64bf04b9d794|rpc:10.1.1.0:45849|priority:0, 3b94da99-c23d-4519-a6dd-621bbdbf8b87|rpc:10.1.1.0:45179|priority:0, 009dccab-c19f-4dcd-8c3d-5390f1d1737a|rpc:10.1.1.0:41309|priority:1], old=null
2022-09-08 01:53:31,489 [grpc-default-executor-5] INFO  server.RaftServer$Division (RaftServerImpl.java:requestVote(1152)) - b7c9405d-9a73-4fbd-afe8-64bf04b9d794@group-2303D56E24BD: receive requestVote(ELECTION, 3b94da99-c23d-4519-a6dd-621bbdbf8b87, group-2303D56E24BD, 2, (t:0, i:0))
2022-09-08 01:53:31,489 [grpc-default-executor-5] INFO  impl.VoteContext (VoteContext.java:log(48)) - b7c9405d-9a73-4fbd-afe8-64bf04b9d794@group-2303D56E24BD-FOLLOWER: accept ELECTION from 3b94da99-c23d-4519-a6dd-621bbdbf8b87: our priority 0 <= candidate's priority 0
2022-09-08 01:53:31,489 [grpc-default-executor-5] INFO  server.RaftServer$Division (RaftServerImpl.java:setRole(299)) - b7c9405d-9a73-4fbd-afe8-64bf04b9d794@group-2303D56E24BD: changes role from  FOLLOWER to FOLLOWER at term 2 for candidate:3b94da99-c23d-4519-a6dd-621bbdbf8b87
2022-09-08 01:53:31,489 [grpc-default-executor-5] INFO  impl.RoleInfo (RoleInfo.java:shutdownFollowerState(110)) - b7c9405d-9a73-4fbd-afe8-64bf04b9d794: shutdown b7c9405d-9a73-4fbd-afe8-64bf04b9d794@group-2303D56E24BD-FollowerState
2022-09-08 01:53:31,489 [grpc-default-executor-5] INFO  impl.RoleInfo (RoleInfo.java:updateAndGet(139)) - b7c9405d-9a73-4fbd-afe8-64bf04b9d794: start b7c9405d-9a73-4fbd-afe8-64bf04b9d794@group-2303D56E24BD-FollowerState
2022-09-08 01:53:31,490 [b7c9405d-9a73-4fbd-afe8-64bf04b9d794@group-2303D56E24BD-FollowerState] INFO  impl.FollowerState (FollowerState.java:run(152)) - b7c9405d-9a73-4fbd-afe8-64bf04b9d794@group-2303D56E24BD-FollowerState was interrupted
2022-09-08 01:53:31,501 [grpc-default-executor-0] INFO  server.RaftServer$Division (RaftServerImpl.java:requestVote(1152)) - 009dccab-c19f-4dcd-8c3d-5390f1d1737a@group-2303D56E24BD: receive requestVote(ELECTION, 3b94da99-c23d-4519-a6dd-621bbdbf8b87, group-2303D56E24BD, 2, (t:0, i:0))
2022-09-08 01:53:31,501 [grpc-default-executor-0] INFO  impl.VoteContext (VoteContext.java:log(48)) - 009dccab-c19f-4dcd-8c3d-5390f1d1737a@group-2303D56E24BD-FOLLOWER: reject ELECTION from 3b94da99-c23d-4519-a6dd-621bbdbf8b87: our priority 1 > candidate's priority 0
2022-09-08 01:53:31,501 [grpc-default-executor-0] INFO  server.RaftServer$Division (RaftServerImpl.java:setRole(299)) - 009dccab-c19f-4dcd-8c3d-5390f1d1737a@group-2303D56E24BD: changes role from  FOLLOWER to FOLLOWER at term 2 for candidate:3b94da99-c23d-4519-a6dd-621bbdbf8b87
2022-09-08 01:53:31,501 [grpc-default-executor-0] INFO  impl.RoleInfo (RoleInfo.java:shutdownFollowerState(110)) - 009dccab-c19f-4dcd-8c3d-5390f1d1737a: shutdown 009dccab-c19f-4dcd-8c3d-5390f1d1737a@group-2303D56E24BD-FollowerState
2022-09-08 01:53:31,501 [grpc-default-executor-0] INFO  impl.RoleInfo (RoleInfo.java:updateAndGet(139)) - 009dccab-c19f-4dcd-8c3d-5390f1d1737a: start 009dccab-c19f-4dcd-8c3d-5390f1d1737a@group-2303D56E24BD-FollowerState
2022-09-08 01:53:31,501 [009dccab-c19f-4dcd-8c3d-5390f1d1737a@group-2303D56E24BD-FollowerState] INFO  impl.FollowerState (FollowerState.java:run(152)) - 009dccab-c19f-4dcd-8c3d-5390f1d1737a@group-2303D56E24BD-FollowerState was interrupted
2022-09-08 01:53:31,502 [grpc-default-executor-5] INFO  server.RaftServer$Division (RaftServerImpl.java:requestVote(1184)) - b7c9405d-9a73-4fbd-afe8-64bf04b9d794@group-2303D56E24BD replies to ELECTION vote request: 3b94da99-c23d-4519-a6dd-621bbdbf8b87<-b7c9405d-9a73-4fbd-afe8-64bf04b9d794#0:OK-t2. Peer's state: b7c9405d-9a73-4fbd-afe8-64bf04b9d794@group-2303D56E24BD:t2, leader=null, voted=3b94da99-c23d-4519-a6dd-621bbdbf8b87, raftlog=b7c9405d-9a73-4fbd-afe8-64bf04b9d794@group-2303D56E24BD-SegmentedRaftLog:OPENED:c-1, conf=-1: [b7c9405d-9a73-4fbd-afe8-64bf04b9d794|rpc:10.1.1.0:45849|dataStream:|priority:0, 3b94da99-c23d-4519-a6dd-621bbdbf8b87|rpc:10.1.1.0:45179|dataStream:|priority:0, 009dccab-c19f-4dcd-8c3d-5390f1d1737a|rpc:10.1.1.0:41309|dataStream:|priority:1], old=null
2022-09-08 01:53:31,503 [grpc-default-executor-0] INFO  server.RaftServer$Division (RaftServerImpl.java:requestVote(1184)) - 009dccab-c19f-4dcd-8c3d-5390f1d1737a@group-2303D56E24BD replies to ELECTION vote request: 3b94da99-c23d-4519-a6dd-621bbdbf8b87<-009dccab-c19f-4dcd-8c3d-5390f1d1737a#0:FAIL-t2. Peer's state: 009dccab-c19f-4dcd-8c3d-5390f1d1737a@group-2303D56E24BD:t2, leader=null, voted=null, raftlog=009dccab-c19f-4dcd-8c3d-5390f1d1737a@group-2303D56E24BD-SegmentedRaftLog:OPENED:c-1, conf=-1: [b7c9405d-9a73-4fbd-afe8-64bf04b9d794|rpc:10.1.1.0:45849|dataStream:|priority:0, 3b94da99-c23d-4519-a6dd-621bbdbf8b87|rpc:10.1.1.0:45179|dataStream:|priority:0, 009dccab-c19f-4dcd-8c3d-5390f1d1737a|rpc:10.1.1.0:41309|dataStream:|priority:1], old=null
2022-09-08 01:53:31,521 [3b94da99-c23d-4519-a6dd-621bbdbf8b87@group-2303D56E24BD-LeaderElection43] INFO  impl.LeaderElection (LeaderElection.java:logAndReturn(90)) - 3b94da99-c23d-4519-a6dd-621bbdbf8b87@group-2303D56E24BD-LeaderElection43: ELECTION REJECTED received 2 response(s) and 0 exception(s):
2022-09-08 01:53:31,521 [3b94da99-c23d-4519-a6dd-621bbdbf8b87@group-2303D56E24BD-LeaderElection43] INFO  impl.LeaderElection (LeaderElection.java:logAndReturn(94)) -   Response 0: 3b94da99-c23d-4519-a6dd-621bbdbf8b87<-b7c9405d-9a73-4fbd-afe8-64bf04b9d794#0:OK-t2
2022-09-08 01:53:31,521 [3b94da99-c23d-4519-a6dd-621bbdbf8b87@group-2303D56E24BD-LeaderElection43] INFO  impl.LeaderElection (LeaderElection.java:logAndReturn(94)) -   Response 1: 3b94da99-c23d-4519-a6dd-621bbdbf8b87<-009dccab-c19f-4dcd-8c3d-5390f1d1737a#0:FAIL-t2
2022-09-08 01:53:31,521 [3b94da99-c23d-4519-a6dd-621bbdbf8b87@group-2303D56E24BD-LeaderElection43] INFO  impl.LeaderElection (LeaderElection.java:askForVotes(312)) - 3b94da99-c23d-4519-a6dd-621bbdbf8b87@group-2303D56E24BD-LeaderElection43 ELECTION round 0: result REJECTED
2022-09-08 01:53:31,521 [3b94da99-c23d-4519-a6dd-621bbdbf8b87@group-2303D56E24BD-LeaderElection43] INFO  server.RaftServer$Division (RaftServerImpl.java:setRole(299)) - 3b94da99-c23d-4519-a6dd-621bbdbf8b87@group-2303D56E24BD: changes role from CANDIDATE to FOLLOWER at term 2 for REJECTED
2022-09-08 01:53:31,521 [3b94da99-c23d-4519-a6dd-621bbdbf8b87@group-2303D56E24BD-LeaderElection43] INFO  impl.RoleInfo (RoleInfo.java:shutdownLeaderElection(130)) - 3b94da99-c23d-4519-a6dd-621bbdbf8b87: shutdown 3b94da99-c23d-4519-a6dd-621bbdbf8b87@group-2303D56E24BD-LeaderElection43
2022-09-08 01:53:31,521 [3b94da99-c23d-4519-a6dd-621bbdbf8b87@group-2303D56E24BD-LeaderElection43] INFO  impl.RoleInfo (RoleInfo.java:updateAndGet(139)) - 3b94da99-c23d-4519-a6dd-621bbdbf8b87: start 3b94da99-c23d-4519-a6dd-621bbdbf8b87@group-2303D56E24BD-FollowerState
2022-09-08 01:53:32,264 [Listener at 127.0.0.1/38893] INFO  ozone.MiniOzoneClusterImpl (MiniOzoneClusterImpl.java:lambda$waitForClusterToBeReady$0(216)) - Nodes are ready. Got 3 of 3 DN Heartbeats.
2022-09-08 01:53:32,264 [Listener at 127.0.0.1/38893] INFO  ozone.MiniOzoneClusterImpl (MiniOzoneClusterImpl.java:lambda$waitForClusterToBeReady$0(219)) - Cluster exits safe mode
2022-09-08 01:53:32,264 [Listener at 127.0.0.1/38893] INFO  ozone.MiniOzoneClusterImpl (MiniOzoneClusterImpl.java:lambda$waitForClusterToBeReady$0(221)) - SCM became leader
]]></system-out>
    </rerunFailure>
    <rerunFailure type="java.lang.AssertionError">
      <stackTrace><![CDATA[java.lang.AssertionError
	at org.junit.Assert.fail(Assert.java:87)
	at org.junit.Assert.assertTrue(Assert.java:42)
	at org.junit.Assert.assertTrue(Assert.java:53)
	at org.apache.hadoop.hdds.scm.TestRatisPipelineLeader.testLeaderIdAfterLeaderChange(TestRatisPipelineLeader.java:119)
	at sun.reflect.NativeMethodAccessorImpl.invoke0(Native Method)
	at sun.reflect.NativeMethodAccessorImpl.invoke(NativeMethodAccessorImpl.java:62)
	at sun.reflect.DelegatingMethodAccessorImpl.invoke(DelegatingMethodAccessorImpl.java:43)
	at java.lang.reflect.Method.invoke(Method.java:498)
	at org.junit.platform.commons.util.ReflectionUtils.invokeMethod(ReflectionUtils.java:725)
	at org.junit.jupiter.engine.execution.MethodInvocation.proceed(MethodInvocation.java:60)
	at org.junit.jupiter.engine.execution.InvocationInterceptorChain$ValidatingInvocation.proceed(InvocationInterceptorChain.java:131)
	at org.junit.jupiter.engine.extension.TimeoutInvocation.proceed(TimeoutInvocation.java:46)
	at org.junit.jupiter.engine.extension.TimeoutExtension.intercept(TimeoutExtension.java:149)
	at org.junit.jupiter.engine.extension.TimeoutExtension.interceptTestableMethod(TimeoutExtension.java:140)
	at org.junit.jupiter.engine.extension.TimeoutExtension.interceptTestMethod(TimeoutExtension.java:84)
	at org.junit.jupiter.engine.execution.ExecutableInvoker$ReflectiveInterceptorCall.lambda$ofVoidMethod$0(ExecutableInvoker.java:115)
	at org.junit.jupiter.engine.execution.ExecutableInvoker.lambda$invoke$0(ExecutableInvoker.java:105)
	at org.junit.jupiter.engine.execution.InvocationInterceptorChain$InterceptedInvocation.proceed(InvocationInterceptorChain.java:106)
	at org.junit.jupiter.engine.execution.InvocationInterceptorChain.proceed(InvocationInterceptorChain.java:64)
	at org.junit.jupiter.engine.execution.InvocationInterceptorChain.chainAndInvoke(InvocationInterceptorChain.java:45)
	at org.junit.jupiter.engine.execution.InvocationInterceptorChain.invoke(InvocationInterceptorChain.java:37)
	at org.junit.jupiter.engine.execution.ExecutableInvoker.invoke(ExecutableInvoker.java:104)
	at org.junit.jupiter.engine.execution.ExecutableInvoker.invoke(ExecutableInvoker.java:98)
	at org.junit.jupiter.engine.descriptor.TestMethodTestDescriptor.lambda$invokeTestMethod$7(TestMethodTestDescriptor.java:214)
	at org.junit.platform.engine.support.hierarchical.ThrowableCollector.execute(ThrowableCollector.java:73)
	at org.junit.jupiter.engine.descriptor.TestMethodTestDescriptor.invokeTestMethod(TestMethodTestDescriptor.java:210)
	at org.junit.jupiter.engine.descriptor.TestMethodTestDescriptor.execute(TestMethodTestDescriptor.java:135)
	at org.junit.jupiter.engine.descriptor.TestMethodTestDescriptor.execute(TestMethodTestDescriptor.java:66)
	at org.junit.platform.engine.support.hierarchical.NodeTestTask.lambda$executeRecursively$6(NodeTestTask.java:151)
	at org.junit.platform.engine.support.hierarchical.ThrowableCollector.execute(ThrowableCollector.java:73)
	at org.junit.platform.engine.support.hierarchical.NodeTestTask.lambda$executeRecursively$8(NodeTestTask.java:141)
	at org.junit.platform.engine.support.hierarchical.Node.around(Node.java:137)
	at org.junit.platform.engine.support.hierarchical.NodeTestTask.lambda$executeRecursively$9(NodeTestTask.java:139)
	at org.junit.platform.engine.support.hierarchical.ThrowableCollector.execute(ThrowableCollector.java:73)
	at org.junit.platform.engine.support.hierarchical.NodeTestTask.executeRecursively(NodeTestTask.java:138)
	at org.junit.platform.engine.support.hierarchical.NodeTestTask.execute(NodeTestTask.java:95)
	at java.util.ArrayList.forEach(ArrayList.java:1259)
	at org.junit.platform.engine.support.hierarchical.SameThreadHierarchicalTestExecutorService.invokeAll(SameThreadHierarchicalTestExecutorService.java:41)
	at org.junit.platform.engine.support.hierarchical.NodeTestTask.lambda$executeRecursively$6(NodeTestTask.java:155)
	at org.junit.platform.engine.support.hierarchical.ThrowableCollector.execute(ThrowableCollector.java:73)
	at org.junit.platform.engine.support.hierarchical.NodeTestTask.lambda$executeRecursively$8(NodeTestTask.java:141)
	at org.junit.platform.engine.support.hierarchical.Node.around(Node.java:137)
	at org.junit.platform.engine.support.hierarchical.NodeTestTask.lambda$executeRecursively$9(NodeTestTask.java:139)
	at org.junit.platform.engine.support.hierarchical.ThrowableCollector.execute(ThrowableCollector.java:73)
	at org.junit.platform.engine.support.hierarchical.NodeTestTask.executeRecursively(NodeTestTask.java:138)
	at org.junit.platform.engine.support.hierarchical.NodeTestTask.execute(NodeTestTask.java:95)
	at java.util.ArrayList.forEach(ArrayList.java:1259)
	at org.junit.platform.engine.support.hierarchical.SameThreadHierarchicalTestExecutorService.invokeAll(SameThreadHierarchicalTestExecutorService.java:41)
	at org.junit.platform.engine.support.hierarchical.NodeTestTask.lambda$executeRecursively$6(NodeTestTask.java:155)
	at org.junit.platform.engine.support.hierarchical.ThrowableCollector.execute(ThrowableCollector.java:73)
	at org.junit.platform.engine.support.hierarchical.NodeTestTask.lambda$executeRecursively$8(NodeTestTask.java:141)
	at org.junit.platform.engine.support.hierarchical.Node.around(Node.java:137)
	at org.junit.platform.engine.support.hierarchical.NodeTestTask.lambda$executeRecursively$9(NodeTestTask.java:139)
	at org.junit.platform.engine.support.hierarchical.ThrowableCollector.execute(ThrowableCollector.java:73)
	at org.junit.platform.engine.support.hierarchical.NodeTestTask.executeRecursively(NodeTestTask.java:138)
	at org.junit.platform.engine.support.hierarchical.NodeTestTask.execute(NodeTestTask.java:95)
	at org.junit.platform.engine.support.hierarchical.SameThreadHierarchicalTestExecutorService.submit(SameThreadHierarchicalTestExecutorService.java:35)
	at org.junit.platform.engine.support.hierarchical.HierarchicalTestExecutor.execute(HierarchicalTestExecutor.java:57)
	at org.junit.platform.engine.support.hierarchical.HierarchicalTestEngine.execute(HierarchicalTestEngine.java:54)
	at org.junit.platform.launcher.core.EngineExecutionOrchestrator.execute(EngineExecutionOrchestrator.java:107)
	at org.junit.platform.launcher.core.EngineExecutionOrchestrator.execute(EngineExecutionOrchestrator.java:88)
	at org.junit.platform.launcher.core.EngineExecutionOrchestrator.lambda$execute$0(EngineExecutionOrchestrator.java:54)
	at org.junit.platform.launcher.core.EngineExecutionOrchestrator.withInterceptedStreams(EngineExecutionOrchestrator.java:67)
	at org.junit.platform.launcher.core.EngineExecutionOrchestrator.execute(EngineExecutionOrchestrator.java:52)
	at org.junit.platform.launcher.core.DefaultLauncher.execute(DefaultLauncher.java:114)
	at org.junit.platform.launcher.core.DefaultLauncher.execute(DefaultLauncher.java:86)
	at org.junit.platform.launcher.core.DefaultLauncherSession$DelegatingLauncher.execute(DefaultLauncherSession.java:86)
	at org.junit.platform.launcher.core.SessionPerRequestLauncher.execute(SessionPerRequestLauncher.java:53)
	at org.apache.maven.surefire.junitplatform.JUnitPlatformProvider.invokeAllTests(JUnitPlatformProvider.java:165)
	at org.apache.maven.surefire.junitplatform.JUnitPlatformProvider.invoke(JUnitPlatformProvider.java:124)
	at org.apache.maven.surefire.booter.ForkedBooter.runSuitesInProcess(ForkedBooter.java:428)
	at org.apache.maven.surefire.booter.ForkedBooter.execute(ForkedBooter.java:162)
	at org.apache.maven.surefire.booter.ForkedBooter.run(ForkedBooter.java:562)
	at org.apache.maven.surefire.booter.ForkedBooter.main(ForkedBooter.java:548)
]]></stackTrace>
      <system-out><![CDATA[2022-09-08 01:53:53,122 [Listener at 127.0.0.1/38893] WARN  server.ServerUtils (ServerUtils.java:getScmDbDir(148)) - ozone.scm.db.dirs is not configured. We recommend adding this setting. Falling back to ozone.metadata.dirs instead.
2022-09-08 01:53:53,124 [Listener at 127.0.0.1/38893] WARN  server.ServerUtils (ServerUtils.java:getScmDbDir(148)) - ozone.scm.db.dirs is not configured. We recommend adding this setting. Falling back to ozone.metadata.dirs instead.
2022-09-08 01:53:53,125 [Listener at 127.0.0.1/38893] INFO  ha.SCMHANodeDetails (SCMHANodeDetails.java:loadSCMHAConfig(209)) - ServiceID for StorageContainerManager is null
2022-09-08 01:53:53,125 [Listener at 127.0.0.1/38893] INFO  ha.SCMHANodeDetails (SCMHANodeDetails.java:loadSCMHAConfig(214)) - ozone.scm.default.service.id is not defined, falling back to ozone.scm.service.ids to find serviceID for StorageContainerManager if it is HA enabled cluster
2022-09-08 01:53:53,125 [Listener at 127.0.0.1/38893] WARN  utils.HAUtils (HAUtils.java:getMetaDir(342)) - ozone.scm.db.dirs is not configured. We recommend adding this setting. Falling back to ozone.metadata.dirs instead.
2022-09-08 01:53:53,126 [Listener at 127.0.0.1/38893] WARN  db.DBStoreBuilder (DBStoreBuilder.java:applyDBDefinition(144)) - ozone.scm.db.dirs is not configured. We recommend adding this setting. Falling back to ozone.metadata.dirs instead.
2022-09-08 01:53:53,354 [Listener at 127.0.0.1/38893] INFO  net.NodeSchemaLoader (NodeSchemaLoader.java:loadSchemaFromFile(129)) - Loading schema from [jar:file:/home/runner/.m2/repository/org/apache/ozone/hdds-common/1.3.0-SNAPSHOT/hdds-common-1.3.0-SNAPSHOT.jar!/network-topology-default.xml]
2022-09-08 01:53:53,354 [Listener at 127.0.0.1/38893] INFO  net.NodeSchemaLoader (NodeSchemaLoader.java:loadSchema(176)) - Loading network topology layer schema file
2022-09-08 01:53:53,379 [Listener at 127.0.0.1/38893] INFO  upgrade.AbstractLayoutVersionManager (AbstractLayoutVersionManager.java:init(83)) - Initializing Layout version manager with metadata layout = DATANODE_SCHEMA_V3 (version = 4), software layout = DATANODE_SCHEMA_V3 (version = 4)
2022-09-08 01:53:53,456 [Listener at 127.0.0.1/38893] INFO  reflections.Reflections (Reflections.java:scan(232)) - Reflections took 75 ms to scan 7 urls, producing 133 keys and 322 values 
2022-09-08 01:53:53,484 [Listener at 127.0.0.1/38893] INFO  ha.SequenceIdGenerator (SequenceIdGenerator.java:upgradeToSequenceId(349)) - upgrade localId to 109611004723200000
2022-09-08 01:53:53,484 [Listener at 127.0.0.1/38893] INFO  ha.SequenceIdGenerator (SequenceIdGenerator.java:upgradeToSequenceId(359)) - upgrade delTxnId to 0
2022-09-08 01:53:53,484 [Listener at 127.0.0.1/38893] INFO  ha.SequenceIdGenerator (SequenceIdGenerator.java:upgradeToSequenceId(376)) - upgrade containerId to 0
2022-09-08 01:53:53,484 [Listener at 127.0.0.1/38893] INFO  ha.SequenceIdGenerator (SequenceIdGenerator.java:<init>(220)) - Init the HA SequenceIdGenerator.
2022-09-08 01:53:53,501 [Listener at 127.0.0.1/38893] WARN  server.ServerUtils (ServerUtils.java:sanitizeUserArgs(73)) - ozone.scm.stale.node.interval value = 300000 is larger than max = 100000 based on the key value of ozone.scm.heartbeat.thread.interval, reset to the max value 100000.
2022-09-08 01:53:53,501 [Listener at 127.0.0.1/38893] WARN  server.ServerUtils (ServerUtils.java:sanitizeUserArgs(73)) - ozone.scm.stale.node.interval value = 300000 is larger than max = 100000 based on the key value of ozone.scm.heartbeat.thread.interval, reset to the max value 100000.
2022-09-08 01:53:53,505 [Listener at 127.0.0.1/38893] INFO  node.SCMNodeManager (SCMNodeManager.java:<init>(149)) - Entering startup safe mode.
2022-09-08 01:53:53,505 [Listener at 127.0.0.1/38893] INFO  algorithms.ContainerPlacementPolicyFactory (ContainerPlacementPolicyFactory.java:getPolicyInternal(86)) - Create container placement policy of type org.apache.hadoop.hdds.scm.container.placement.algorithms.SCMContainerPlacementRandom
2022-09-08 01:53:53,505 [Listener at 127.0.0.1/38893] INFO  algorithms.ContainerPlacementPolicyFactory (ContainerPlacementPolicyFactory.java:getPolicyInternal(86)) - Create container placement policy of type org.apache.hadoop.hdds.scm.container.placement.algorithms.SCMContainerPlacementRackScatter
2022-09-08 01:53:53,505 [Listener at 127.0.0.1/38893] INFO  pipeline.PipelineStateManagerImpl (PipelineStateManagerImpl.java:initialize(78)) - No pipeline exists in current db
2022-09-08 01:53:53,506 [Listener at 127.0.0.1/38893] INFO  algorithms.LeaderChoosePolicyFactory (LeaderChoosePolicyFactory.java:getPolicy(57)) - Create leader choose policy of type org.apache.hadoop.hdds.scm.pipeline.leader.choose.algorithms.MinLeaderCountChoosePolicy
2022-09-08 01:53:53,506 [Listener at 127.0.0.1/38893] INFO  algorithms.ContainerPlacementPolicyFactory (ContainerPlacementPolicyFactory.java:getPolicyInternal(86)) - Create container placement policy of type org.apache.hadoop.hdds.scm.container.placement.algorithms.SCMContainerPlacementRackScatter
2022-09-08 01:53:53,506 [Listener at 127.0.0.1/38893] INFO  ha.SCMServiceManager (SCMServiceManager.java:register(42)) - Registering service BackgroundPipelineCreator.
2022-09-08 01:53:53,506 [Listener at 127.0.0.1/38893] INFO  pipeline.BackgroundPipelineCreator (BackgroundPipelineCreator.java:start(124)) - Starting RatisPipelineUtilsThread.
2022-09-08 01:53:53,519 [Listener at 127.0.0.1/38893] INFO  BackgroundPipelineScrubber (BackgroundSCMService.java:start(68)) - Starting BackgroundPipelineScrubber Service.
2022-09-08 01:53:53,525 [Listener at 127.0.0.1/38893] INFO  ha.SCMServiceManager (SCMServiceManager.java:register(42)) - Registering service BackgroundPipelineScrubber.
2022-09-08 01:53:53,525 [Listener at 127.0.0.1/38893] INFO  ExpiredContainerReplicaOpScrubber (BackgroundSCMService.java:start(68)) - Starting ExpiredContainerReplicaOpScrubber Service.
2022-09-08 01:53:53,533 [Listener at 127.0.0.1/38893] INFO  ha.SCMServiceManager (SCMServiceManager.java:register(42)) - Registering service ExpiredContainerReplicaOpScrubber.
2022-09-08 01:53:53,533 [Listener at 127.0.0.1/38893] INFO  algorithms.PipelineChoosePolicyFactory (PipelineChoosePolicyFactory.java:createPipelineChoosePolicyFromClass(73)) - Create pipeline choose policy of type org.apache.hadoop.hdds.scm.pipeline.choose.algorithms.RandomPipelineChoosePolicy
2022-09-08 01:53:53,534 [Listener at 127.0.0.1/38893] INFO  ha.SCMServiceManager (SCMServiceManager.java:register(42)) - Registering service SCMBlockDeletingService.
2022-09-08 01:53:53,534 [Listener at 127.0.0.1/38893] INFO  replication.ReplicationManager (ReplicationManager.java:start(208)) - Starting Replication Monitor Thread.
2022-09-08 01:53:53,534 [Listener at 127.0.0.1/38893] INFO  UnderReplicatedQueueThread (BackgroundSCMService.java:start(68)) - Starting UnderReplicatedQueueThread Service.
2022-09-08 01:53:53,544 [Listener at 127.0.0.1/38893] INFO  ha.SCMServiceManager (SCMServiceManager.java:register(42)) - Registering service UnderReplicatedQueueThread.
2022-09-08 01:53:53,558 [Listener at 127.0.0.1/38893] INFO  OverReplicatedQueueThread (BackgroundSCMService.java:start(68)) - Starting OverReplicatedQueueThread Service.
2022-09-08 01:53:53,546 [ReplicationMonitor] INFO  replication.ReplicationManager (ReplicationManager.java:processAll(257)) - Replication Manager is not ready to run until 3000ms after safemode exit
2022-09-08 01:53:53,563 [Listener at 127.0.0.1/38893] INFO  ha.SCMServiceManager (SCMServiceManager.java:register(42)) - Registering service OverReplicatedQueueThread.
2022-09-08 01:53:53,563 [Listener at 127.0.0.1/38893] INFO  ha.SCMServiceManager (SCMServiceManager.java:register(42)) - Registering service ReplicationManager.
2022-09-08 01:53:53,564 [Listener at 127.0.0.1/38893] INFO  safemode.ContainerSafeModeRule (ContainerSafeModeRule.java:<init>(89)) - containers with one replica threshold count 0
2022-09-08 01:53:53,564 [Listener at 127.0.0.1/38893] INFO  safemode.HealthyPipelineSafeModeRule (HealthyPipelineSafeModeRule.java:initializeRule(169)) - Total pipeline count is 0, healthy pipeline threshold count is 1
2022-09-08 01:53:53,564 [Listener at 127.0.0.1/38893] INFO  safemode.OneReplicaPipelineSafeModeRule (OneReplicaPipelineSafeModeRule.java:initializeRule(180)) - Total pipeline count is 0, pipeline's with at least one datanode reported threshold count is 0
2022-09-08 01:53:53,565 [Listener at 127.0.0.1/38893] INFO  ipc.CallQueueManager (CallQueueManager.java:<init>(90)) - Using callQueue: class java.util.concurrent.LinkedBlockingQueue, queueCapacity: 2000, scheduler: class org.apache.hadoop.ipc.DefaultRpcScheduler, ipcBackoff: false.
2022-09-08 01:53:53,566 [Socket Reader #1 for port 0] INFO  ipc.Server (Server.java:run(1265)) - Starting Socket Reader #1 for port 0
2022-09-08 01:53:53,566 [Listener at 0.0.0.0/34901] INFO  ipc.CallQueueManager (CallQueueManager.java:<init>(90)) - Using callQueue: class java.util.concurrent.LinkedBlockingQueue, queueCapacity: 2000, scheduler: class org.apache.hadoop.ipc.DefaultRpcScheduler, ipcBackoff: false.
2022-09-08 01:53:53,572 [Socket Reader #1 for port 0] INFO  ipc.Server (Server.java:run(1265)) - Starting Socket Reader #1 for port 0
2022-09-08 01:53:53,573 [Listener at 0.0.0.0/41991] INFO  ipc.CallQueueManager (CallQueueManager.java:<init>(90)) - Using callQueue: class java.util.concurrent.LinkedBlockingQueue, queueCapacity: 2000, scheduler: class org.apache.hadoop.ipc.DefaultRpcScheduler, ipcBackoff: false.
2022-09-08 01:53:53,574 [Socket Reader #1 for port 0] INFO  ipc.Server (Server.java:run(1265)) - Starting Socket Reader #1 for port 0
2022-09-08 01:53:53,732 [Listener at 0.0.0.0/35197] INFO  ha.SCMServiceManager (SCMServiceManager.java:register(42)) - Registering service ContainerBalancer.
2022-09-08 01:53:53,732 [Listener at 0.0.0.0/35197] INFO  server.StorageContainerManager (StorageContainerManager.java:<init>(412)) - 
Container Balancer status:
Key                            Value
Running                        false
Container Balancer Configuration values:
Key                                                Value
Threshold                                          10
Max Datanodes to Involve per Iteration(percent)    20
Max Size to Move per Iteration                     500GB
Max Size Entering Target per Iteration             26GB
Max Size Leaving Source per Iteration              26GB

2022-09-08 01:53:53,733 [Listener at 0.0.0.0/35197] WARN  events.EventQueue (EventQueue.java:fireEvent(216)) - No event handler registered for event TypedEvent{payloadType=SafeModeStatus, name='Safe mode status'}
2022-09-08 01:53:53,733 [Listener at 0.0.0.0/35197] INFO  ha.SCMContext (SCMContext.java:updateSafeModeStatus(228)) - Update SafeModeStatus from SafeModeStatus{safeModeStatus=true, preCheckPassed=false} to SafeModeStatus{safeModeStatus=true, preCheckPassed=false}.
2022-09-08 01:53:53,733 [Listener at 0.0.0.0/35197] INFO  server.StorageContainerManager (StorageContainerManager.java:start(1466)) - StorageContainerLocationProtocol RPC server is listening at /0.0.0.0:35197
2022-09-08 01:53:53,735 [Listener at 0.0.0.0/35197] WARN  impl.MetricsConfig (MetricsConfig.java:loadFirst(136)) - Cannot locate configuration: tried hadoop-metrics2-storagecontainermanager.properties,hadoop-metrics2.properties
2022-09-08 01:53:53,747 [Listener at 0.0.0.0/35197] INFO  impl.MetricsSystemImpl (MetricsSystemImpl.java:startTimer(378)) - Scheduled Metric snapshot period at 10 second(s).
2022-09-08 01:53:53,747 [Listener at 0.0.0.0/35197] INFO  impl.MetricsSystemImpl (MetricsSystemImpl.java:start(191)) - StorageContainerManager metrics system started
2022-09-08 01:53:53,838 [Listener at 0.0.0.0/35197] INFO  impl.MetricsSinkAdapter (MetricsSinkAdapter.java:start(204)) - Sink prometheus started
2022-09-08 01:53:53,839 [Listener at 0.0.0.0/35197] INFO  impl.MetricsSystemImpl (MetricsSystemImpl.java:registerSink(305)) - Registered sink prometheus
2022-09-08 01:53:53,889 [Listener at 0.0.0.0/35197] INFO  server.SCMClientProtocolServer (SCMClientProtocolServer.java:start(170)) - RPC server for Client  is listening at /0.0.0.0:35197
2022-09-08 01:53:53,905 [IPC Server Responder] INFO  ipc.Server (Server.java:run(1507)) - IPC Server Responder: starting
2022-09-08 01:53:53,910 [IPC Server listener on 0] INFO  ipc.Server (Server.java:run(1344)) - IPC Server listener on 0: starting
2022-09-08 01:53:53,915 [Listener at 0.0.0.0/35197] INFO  server.StorageContainerManager (StorageContainerManager.java:start(1481)) - ScmBlockLocationProtocol RPC server is listening at /0.0.0.0:41991
2022-09-08 01:53:53,915 [Listener at 0.0.0.0/35197] INFO  server.SCMBlockProtocolServer (SCMBlockProtocolServer.java:start(152)) - RPC server for Block Protocol is listening at /0.0.0.0:41991
2022-09-08 01:53:53,916 [IPC Server Responder] INFO  ipc.Server (Server.java:run(1507)) - IPC Server Responder: starting
2022-09-08 01:53:53,916 [IPC Server listener on 0] INFO  ipc.Server (Server.java:run(1344)) - IPC Server listener on 0: starting
2022-09-08 01:53:53,958 [Listener at 0.0.0.0/35197] INFO  server.SCMDatanodeProtocolServer (SCMDatanodeProtocolServer.java:start(186)) - ScmDatanodeProtocol RPC server for DataNodes is listening at /0.0.0.0:34901
2022-09-08 01:53:53,973 [IPC Server Responder] INFO  ipc.Server (Server.java:run(1507)) - IPC Server Responder: starting
2022-09-08 01:53:53,973 [IPC Server listener on 0] INFO  ipc.Server (Server.java:run(1344)) - IPC Server listener on 0: starting
2022-09-08 01:53:54,005 [Listener at 0.0.0.0/35197] INFO  http.BaseHttpServer (BaseHttpServer.java:newHttpServer2BuilderForOzone(213)) - Starting Web-server for scm at: http://0.0.0.0:0
2022-09-08 01:53:54,006 [Listener at 0.0.0.0/35197] INFO  http.BaseHttpServer (BaseHttpServer.java:<init>(108)) - Hadoop Security Enabled: false Ozone Security Enabled: false Ozone HTTP Security Enabled: false 
2022-09-08 01:53:54,011 [Listener at 0.0.0.0/35197] INFO  server.AuthenticationFilter (AuthenticationFilter.java:constructSecretProvider(240)) - Unable to initialize FileSignerSecretProvider, falling back to use random secrets.
2022-09-08 01:53:54,012 [Listener at 0.0.0.0/35197] WARN  http.HttpRequestLog (HttpRequestLog.java:getRequestLog(103)) - Jetty request log can only be enabled using Log4j
2022-09-08 01:53:54,013 [Listener at 0.0.0.0/35197] INFO  http.HttpServer2 (HttpServer2.java:addGlobalFilter(1029)) - Added global filter 'safety' (class=org.apache.hadoop.hdds.server.http.HttpServer2$QuotingInputFilter)
2022-09-08 01:53:54,014 [Listener at 0.0.0.0/35197] INFO  http.HttpServer2 (HttpServer2.java:addFilter(1005)) - Added filter static_user_filter (class=org.apache.hadoop.http.lib.StaticUserWebFilter$StaticUserFilter) to context scm
2022-09-08 01:53:54,014 [Listener at 0.0.0.0/35197] INFO  http.HttpServer2 (HttpServer2.java:addFilter(1013)) - Added filter static_user_filter (class=org.apache.hadoop.http.lib.StaticUserWebFilter$StaticUserFilter) to context logs
2022-09-08 01:53:54,014 [Listener at 0.0.0.0/35197] INFO  http.HttpServer2 (HttpServer2.java:addFilter(1013)) - Added filter static_user_filter (class=org.apache.hadoop.http.lib.StaticUserWebFilter$StaticUserFilter) to context static
2022-09-08 01:53:54,015 [Listener at 0.0.0.0/35197] INFO  http.HttpServer2 (HttpServer2.java:bindListener(1248)) - Jetty bound to port 40031
2022-09-08 01:53:54,015 [Listener at 0.0.0.0/35197] INFO  server.Server (Server.java:doStart(375)) - jetty-9.4.43.v20210629; built: 2021-06-30T11:07:22.254Z; git: 526006ecfa3af7f1a27ef3a288e2bef7ea9dd7e8; jvm 1.8.0_345-b01
2022-09-08 01:53:54,028 [Listener at 0.0.0.0/35197] INFO  server.session (DefaultSessionIdManager.java:doStart(334)) - DefaultSessionIdManager workerName=node0
2022-09-08 01:53:54,028 [Listener at 0.0.0.0/35197] INFO  server.session (DefaultSessionIdManager.java:doStart(339)) - No SessionScavenger set, using defaults
2022-09-08 01:53:54,030 [Listener at 0.0.0.0/35197] INFO  server.session (HouseKeeper.java:startScavenging(132)) - node0 Scavenging every 660000ms
2022-09-08 01:53:54,037 [Listener at 0.0.0.0/35197] INFO  handler.ContextHandler (ContextHandler.java:doStart(915)) - Started o.e.j.s.ServletContextHandler@13029d60{logs,/logs,file:///home/runner/work/ozone/ozone/hadoop-ozone/integration-test/target/log,AVAILABLE}
2022-09-08 01:53:54,037 [Listener at 0.0.0.0/35197] INFO  handler.ContextHandler (ContextHandler.java:doStart(915)) - Started o.e.j.s.ServletContextHandler@37e7285e{static,/static,file:///home/runner/work/ozone/ozone/hadoop-ozone/integration-test/target/test-classes/webapps/static,AVAILABLE}
2022-09-08 01:53:54,043 [Listener at 0.0.0.0/35197] INFO  handler.ContextHandler (ContextHandler.java:doStart(915)) - Started o.e.j.w.WebAppContext@5346b657{scm,/,file:///home/runner/work/ozone/ozone/hadoop-ozone/integration-test/target/test-classes/webapps/scm/,AVAILABLE}{file:/home/runner/work/ozone/ozone/hadoop-ozone/integration-test/target/test-classes/webapps/scm}
2022-09-08 01:53:54,049 [org.apache.hadoop.util.JvmPauseMonitor$Monitor@799bf71d] INFO  util.JvmPauseMonitor (JvmPauseMonitor.java:run(188)) - Starting JVM pause monitor
2022-09-08 01:53:54,076 [Listener at 0.0.0.0/35197] INFO  server.AbstractConnector (AbstractConnector.java:doStart(331)) - Started ServerConnector@282f18d1{HTTP/1.1, (http/1.1)}{0.0.0.0:40031}
2022-09-08 01:53:54,076 [Listener at 0.0.0.0/35197] INFO  server.Server (Server.java:doStart(415)) - Started @165640ms
2022-09-08 01:53:54,076 [Listener at 0.0.0.0/35197] WARN  impl.MetricsSystemImpl (MetricsSystemImpl.java:register(279)) - Sink prometheus already exists!
2022-09-08 01:53:54,079 [Listener at 0.0.0.0/35197] INFO  http.BaseHttpServer (BaseHttpServer.java:updateConnectorAddress(333)) - HTTP server of scm listening at http://0.0.0.0:40031
2022-09-08 01:53:54,079 [Listener at 0.0.0.0/35197] WARN  server.ServerUtils (ServerUtils.java:getDBPath(225)) - ozone.om.db.dirs is not configured. We recommend adding this setting. Falling back to ozone.metadata.dirs instead.
2022-09-08 01:53:54,082 [Listener at 0.0.0.0/35197] INFO  ha.OMHANodeDetails (OMHANodeDetails.java:loadOMHAConfig(115)) - ozone.om.internal.service.id is not defined, falling back to ozone.om.service.ids to find serviceID for OzoneManager if it is HA enabled cluster
2022-09-08 01:53:54,082 [Listener at 0.0.0.0/35197] INFO  ha.OMHANodeDetails (OMHANodeDetails.java:loadOMHAConfig(226)) - Configuration does not have ozone.om.address set. Falling back to the default OM address /127.0.0.1:0
2022-09-08 01:53:54,082 [Listener at 0.0.0.0/35197] INFO  ha.OMHANodeDetails (OMHANodeDetails.java:getOMNodeDetailsForNonHA(254)) - OM Service ID is not set. Setting it to the default ID: omServiceIdDefault
2022-09-08 01:53:54,082 [Listener at 0.0.0.0/35197] INFO  ha.OMHANodeDetails (OMHANodeDetails.java:getOMNodeDetailsForNonHA(261)) - OM Node ID is not set. Setting it to the default ID: om1
2022-09-08 01:53:54,083 [Listener at 0.0.0.0/35197] WARN  server.ServerUtils (ServerUtils.java:getDBPath(225)) - ozone.om.db.dirs is not configured. We recommend adding this setting. Falling back to ozone.metadata.dirs instead.
2022-09-08 01:53:54,083 [Listener at 0.0.0.0/35197] INFO  upgrade.AbstractLayoutVersionManager (AbstractLayoutVersionManager.java:init(83)) - Initializing Layout version manager with metadata layout = MULTITENANCY_SCHEMA (version = 3), software layout = MULTITENANCY_SCHEMA (version = 3)
2022-09-08 01:53:54,232 [Listener at 0.0.0.0/35197] INFO  reflections.Reflections (Reflections.java:scan(232)) - Reflections took 148 ms to scan 2 urls, producing 153 keys and 427 values [using 2 cores]
2022-09-08 01:53:54,233 [Listener at 0.0.0.0/35197] INFO  upgrade.OMLayoutVersionManager (OMLayoutVersionManager.java:lambda$0(115)) - Skipping Upgrade Action MockOmUpgradeAction since it has been finalized.
2022-09-08 01:53:54,233 [Listener at 0.0.0.0/35197] WARN  server.ServerUtils (ServerUtils.java:getDBPath(225)) - ozone.om.db.dirs is not configured. We recommend adding this setting. Falling back to ozone.metadata.dirs instead.
2022-09-08 01:53:54,234 [Listener at 0.0.0.0/35197] INFO  proxy.SCMBlockLocationFailoverProxyProvider (SCMBlockLocationFailoverProxyProvider.java:<init>(114)) - Created block location fail-over proxy with 1 nodes: [nodeId=scmNodeId,nodeAddress=/0.0.0.0:41991]
2022-09-08 01:53:54,235 [Listener at 0.0.0.0/35197] INFO  proxy.SCMBlockLocationFailoverProxyProvider (SCMBlockLocationFailoverProxyProvider.java:<init>(114)) - Created block location fail-over proxy with 1 nodes: [nodeId=scmNodeId,nodeAddress=/0.0.0.0:41991]
2022-09-08 01:53:54,273 [Listener at 0.0.0.0/35197] WARN  server.ServerUtils (ServerUtils.java:getDBPath(225)) - ozone.om.db.dirs is not configured. We recommend adding this setting. Falling back to ozone.metadata.dirs instead.
2022-09-08 01:53:54,274 [Listener at 0.0.0.0/35197] INFO  codec.OmKeyInfoCodec (OmKeyInfoCodec.java:<init>(49)) - OmKeyInfoCodec ignorePipeline = true
2022-09-08 01:53:54,274 [Listener at 0.0.0.0/35197] INFO  codec.RepeatedOmKeyInfoCodec (RepeatedOmKeyInfoCodec.java:<init>(41)) - RepeatedOmKeyInfoCodec ignorePipeline = true
2022-09-08 01:53:54,677 [Listener at 0.0.0.0/35197] INFO  om.OzoneManager (OzoneManager.java:instantiateServices(707)) - S3 Multi-Tenancy is disabled
2022-09-08 01:53:54,678 [Listener at 0.0.0.0/35197] INFO  om.OzoneManager (OzoneManager.java:addS3GVolumeToDB(4298)) - Created Volume s3v With Owner runner required for S3Gateway operations.
2022-09-08 01:53:54,679 [Listener at 0.0.0.0/35197] WARN  server.ServerUtils (ServerUtils.java:getDefaultRatisDirectory(237)) - Storage directory for Ratis is not configured. It is a good idea to map this to an SSD disk. Falling back to ozone.metadata.dirs
2022-09-08 01:53:54,679 [Listener at 0.0.0.0/35197] WARN  utils.OzoneManagerRatisUtils (OzoneManagerRatisUtils.java:getOMRatisSnapshotDirectory(434)) - ozone.om.ratis.snapshot.dir is not configured. Falling back to ozone.metadata.dirs config
2022-09-08 01:53:54,679 [Listener at 0.0.0.0/35197] WARN  server.ServerUtils (ServerUtils.java:getDefaultRatisDirectory(237)) - Storage directory for Ratis is not configured. It is a good idea to map this to an SSD disk. Falling back to ozone.metadata.dirs
2022-09-08 01:53:54,680 [Listener at 0.0.0.0/35197] INFO  ratis.OzoneManagerRatisServer (OzoneManagerRatisServer.java:<init>(159)) - Instantiating OM Ratis server with groupID: omServiceIdDefault and peers: localhost:9872
2022-09-08 01:53:54,680 [Listener at 0.0.0.0/35197] INFO  ratis.OzoneManagerStateMachine (OzoneManagerStateMachine.java:loadSnapshotInfoFromDB(632)) - LastAppliedIndex is set from TransactionInfo from OM DB as (t:0, i:~)
2022-09-08 01:53:54,680 [Listener at 0.0.0.0/35197] INFO  server.RaftServer (ConfUtils.java:logGet(46)) - raft.rpc.type = GRPC (default)
2022-09-08 01:53:54,681 [Listener at 0.0.0.0/35197] INFO  grpc.GrpcFactory (GrpcFactory.java:checkPooledByteBufAllocatorUseCacheForAllThreads(48)) - PERFORMANCE WARNING: useCacheForAllThreads is true that may cause Netty to create a lot garbage objects and, as a result, trigger GC.
	It is recommended to disable useCacheForAllThreads by setting -Dorg.apache.ratis.thirdparty.io.netty.allocator.useCacheForAllThreads=false in command line.
2022-09-08 01:53:54,681 [Listener at 0.0.0.0/35197] INFO  grpc.GrpcConfigKeys (ConfUtils.java:logGet(46)) - raft.grpc.admin.port = -1 (default)
2022-09-08 01:53:54,681 [Listener at 0.0.0.0/35197] INFO  grpc.GrpcConfigKeys (ConfUtils.java:logGet(46)) - raft.grpc.server.port = 9872 (custom)
2022-09-08 01:53:54,681 [Listener at 0.0.0.0/35197] INFO  grpc.GrpcConfigKeys (ConfUtils.java:logGet(46)) - raft.grpc.client.port = -1 (default)
2022-09-08 01:53:54,681 [Listener at 0.0.0.0/35197] INFO  grpc.GrpcConfigKeys (ConfUtils.java:logGet(46)) - raft.grpc.server.port = 9872 (custom)
2022-09-08 01:53:54,681 [Listener at 0.0.0.0/35197] INFO  grpc.GrpcConfigKeys (ConfUtils.java:logGet(46)) - raft.grpc.server.port = 9872 (custom)
2022-09-08 01:53:54,681 [Listener at 0.0.0.0/35197] INFO  server.GrpcService (ConfUtils.java:logGet(46)) - raft.grpc.message.size.max = 33554432 (custom)
2022-09-08 01:53:54,681 [Listener at 0.0.0.0/35197] INFO  server.RaftServerConfigKeys (ConfUtils.java:logGet(46)) - raft.server.log.appender.buffer.byte-limit = 33554432 (custom)
2022-09-08 01:53:54,682 [Listener at 0.0.0.0/35197] INFO  server.GrpcService (ConfUtils.java:logGet(46)) - raft.grpc.flow.control.window = 1MB (=1048576) (default)
2022-09-08 01:53:54,682 [Listener at 0.0.0.0/35197] INFO  server.RaftServerConfigKeys (ConfUtils.java:logGet(46)) - raft.server.rpc.request.timeout = 3000ms (default)
2022-09-08 01:53:54,682 [Listener at 0.0.0.0/35197] INFO  grpc.GrpcConfigKeys (ConfUtils.java:logGet(46)) - raft.grpc.server.async.request.thread.pool.cached = true (default)
2022-09-08 01:53:54,682 [Listener at 0.0.0.0/35197] INFO  grpc.GrpcConfigKeys (ConfUtils.java:logGet(46)) - raft.grpc.server.async.request.thread.pool.size = 32 (default)
2022-09-08 01:53:54,683 [Listener at 0.0.0.0/35197] INFO  impl.DataStreamServerImpl (ConfUtils.java:logGet(46)) - raft.datastream.type = DISABLED (default)
2022-09-08 01:53:54,684 [Listener at 0.0.0.0/35197] INFO  server.RaftServerConfigKeys (ConfUtils.java:logGet(46)) - raft.server.threadpool.proxy.cached = true (default)
2022-09-08 01:53:54,684 [Listener at 0.0.0.0/35197] INFO  server.RaftServerConfigKeys (ConfUtils.java:logGet(46)) - raft.server.threadpool.proxy.size = 0 (default)
2022-09-08 01:53:54,684 [Listener at 0.0.0.0/35197] INFO  server.RaftServerConfigKeys (ConfUtils.java:logGet(46)) - raft.server.rpc.slowness.timeout = 120s (custom)
2022-09-08 01:53:54,684 [Listener at 0.0.0.0/35197] INFO  server.RaftServerConfigKeys (ConfUtils.java:logGet(46)) - raft.server.leaderelection.leader.step-down.wait-time = 10s (default)
2022-09-08 01:53:54,684 [Listener at 0.0.0.0/35197] INFO  server.RaftServerConfigKeys (ConfUtils.java:logGet(46)) - raft.server.storage.dir = [/home/runner/work/ozone/ozone/hadoop-ozone/integration-test/target/test-dir/MiniOzoneClusterImpl-e6b4e619-fda6-43cc-821e-80e1de6684e8/ozone-meta/ratis] (custom)
2022-09-08 01:53:54,693 [Listener at 0.0.0.0/35197] INFO  server.RaftServer (RaftServerProxy.java:addNew(96)) - om1: addNew group-C5BA1605619E:[om1|rpc:localhost:9872|priority:0] returns group-C5BA1605619E:java.util.concurrent.CompletableFuture@3a24986b[Not completed]
2022-09-08 01:53:54,693 [Listener at 0.0.0.0/35197] INFO  om.OzoneManager (OzoneManager.java:initializeRatisServer(1973)) - OzoneManager Ratis server initialized at port 9872
2022-09-08 01:53:54,694 [Listener at 0.0.0.0/35197] INFO  om.OzoneManager (OzoneManager.java:getRpcServer(1096)) - Creating RPC Server
2022-09-08 01:53:54,699 [pool-641-thread-1] INFO  server.RaftServer$Division (RaftServerImpl.java:<init>(190)) - om1: new RaftServerImpl for group-C5BA1605619E:[om1|rpc:localhost:9872|priority:0] with OzoneManagerStateMachine:uninitialized
2022-09-08 01:53:54,699 [pool-641-thread-1] INFO  server.RaftServerConfigKeys (ConfUtils.java:logGet(46)) - raft.server.rpc.timeout.min = 1s (custom)
2022-09-08 01:53:54,699 [pool-641-thread-1] INFO  server.RaftServerConfigKeys (ConfUtils.java:logGet(46)) - raft.server.rpc.timeout.max = 1200ms (custom)
2022-09-08 01:53:54,699 [pool-641-thread-1] INFO  server.RaftServerConfigKeys (ConfUtils.java:logGet(46)) - raft.server.rpc.sleep.time = 25ms (default)
2022-09-08 01:53:54,699 [pool-641-thread-1] INFO  server.RaftServerConfigKeys (ConfUtils.java:logGet(46)) - raft.server.rpc.slowness.timeout = 120s (custom)
2022-09-08 01:53:54,699 [pool-641-thread-1] INFO  server.RaftServerConfigKeys (ConfUtils.java:logGet(46)) - raft.server.leaderelection.leader.step-down.wait-time = 10s (default)
2022-09-08 01:53:54,699 [pool-641-thread-1] INFO  server.RaftServerConfigKeys (ConfUtils.java:logGet(46)) - raft.server.sleep.deviation.threshold = 300ms (default)
2022-09-08 01:53:54,699 [pool-641-thread-1] INFO  server.RaftServer$Division (ServerState.java:<init>(107)) - om1@group-C5BA1605619E: ConfigurationManager, init=-1: [om1|rpc:localhost:9872|priority:0], old=null, confs=<EMPTY_MAP>
2022-09-08 01:53:54,699 [pool-641-thread-1] INFO  server.RaftServerConfigKeys (ConfUtils.java:logGet(46)) - raft.server.storage.dir = [/home/runner/work/ozone/ozone/hadoop-ozone/integration-test/target/test-dir/MiniOzoneClusterImpl-e6b4e619-fda6-43cc-821e-80e1de6684e8/ozone-meta/ratis] (custom)
2022-09-08 01:53:54,699 [pool-641-thread-1] INFO  server.RaftServerConfigKeys (ConfUtils.java:logGet(46)) - raft.server.log.corruption.policy = EXCEPTION (default)
2022-09-08 01:53:54,699 [pool-641-thread-1] INFO  server.RaftServerConfigKeys (ConfUtils.java:logGet(46)) - raft.server.storage.free-space.min = 0MB (=0) (default)
2022-09-08 01:53:54,700 [pool-641-thread-1] INFO  storage.RaftStorageDirectory (RaftStorageDirectoryImpl.java:analyzeStorage(135)) - The storage directory /home/runner/work/ozone/ozone/hadoop-ozone/integration-test/target/test-dir/MiniOzoneClusterImpl-e6b4e619-fda6-43cc-821e-80e1de6684e8/ozone-meta/ratis/bf265839-605b-3f16-9796-c5ba1605619e does not exist. Creating ...
2022-09-08 01:53:54,702 [pool-641-thread-1] INFO  storage.RaftStorageDirectory (RaftStorageDirectoryImpl.java:tryLock(230)) - Lock on /home/runner/work/ozone/ozone/hadoop-ozone/integration-test/target/test-dir/MiniOzoneClusterImpl-e6b4e619-fda6-43cc-821e-80e1de6684e8/ozone-meta/ratis/bf265839-605b-3f16-9796-c5ba1605619e/in_use.lock acquired by nodename 132736@fv-az38-857
2022-09-08 01:53:54,703 [pool-641-thread-1] INFO  storage.RaftStorage (RaftStorageImpl.java:format(89)) - Storage directory /home/runner/work/ozone/ozone/hadoop-ozone/integration-test/target/test-dir/MiniOzoneClusterImpl-e6b4e619-fda6-43cc-821e-80e1de6684e8/ozone-meta/ratis/bf265839-605b-3f16-9796-c5ba1605619e has been successfully formatted.
2022-09-08 01:53:54,703 [pool-641-thread-1] INFO  server.RaftServerConfigKeys (ConfUtils.java:logGet(46)) - raft.server.notification.no-leader.timeout = 120s (custom)
2022-09-08 01:53:54,703 [pool-641-thread-1] INFO  server.RaftServerConfigKeys (ConfUtils.java:logGet(46)) - raft.server.log.use.memory = false (default)
2022-09-08 01:53:54,704 [pool-641-thread-1] INFO  server.RaftServerConfigKeys (ConfUtils.java:logGet(46)) - raft.server.log.purge.gap = 1000000 (custom)
2022-09-08 01:53:54,704 [pool-641-thread-1] INFO  server.RaftServerConfigKeys (ConfUtils.java:logGet(46)) - raft.server.log.appender.buffer.byte-limit = 33554432 (custom)
2022-09-08 01:53:54,704 [pool-641-thread-1] INFO  server.RaftServerConfigKeys (ConfUtils.java:logGet(46)) - raft.server.log.statemachine.data.read.timeout = 1000ms (default)
2022-09-08 01:53:54,710 [pool-641-thread-1] INFO  server.RaftServerConfigKeys (ConfUtils.java:logGet(46)) - raft.server.log.segment.size.max = 4194304 (custom)
2022-09-08 01:53:54,710 [pool-641-thread-1] INFO  server.RaftServerConfigKeys (ConfUtils.java:logGet(46)) - raft.server.log.segment.cache.num.max = 2 (custom)
2022-09-08 01:53:54,711 [pool-641-thread-1] INFO  server.RaftServerConfigKeys (ConfUtils.java:logGet(46)) - raft.server.log.segment.cache.size.max = 200MB (=209715200) (default)
2022-09-08 01:53:54,711 [pool-641-thread-1] INFO  segmented.SegmentedRaftLogWorker (SegmentedRaftLogWorker.java:<init>(187)) - new om1@group-C5BA1605619E-SegmentedRaftLogWorker for RaftStorageImpl:Storage Directory /home/runner/work/ozone/ozone/hadoop-ozone/integration-test/target/test-dir/MiniOzoneClusterImpl-e6b4e619-fda6-43cc-821e-80e1de6684e8/ozone-meta/ratis/bf265839-605b-3f16-9796-c5ba1605619e
2022-09-08 01:53:54,711 [pool-641-thread-1] INFO  server.RaftServerConfigKeys (ConfUtils.java:logGet(46)) - raft.server.log.queue.byte-limit = 64MB (=67108864) (default)
2022-09-08 01:53:54,711 [pool-641-thread-1] INFO  server.RaftServerConfigKeys (ConfUtils.java:logGet(46)) - raft.server.log.queue.element-limit = 4096 (default)
2022-09-08 01:53:54,711 [pool-641-thread-1] INFO  server.RaftServerConfigKeys (ConfUtils.java:logGet(46)) - raft.server.log.segment.size.max = 4194304 (custom)
2022-09-08 01:53:54,711 [pool-641-thread-1] INFO  server.RaftServerConfigKeys (ConfUtils.java:logGet(46)) - raft.server.log.preallocated.size = 4194304 (custom)
2022-09-08 01:53:54,711 [pool-641-thread-1] INFO  server.RaftServerConfigKeys (ConfUtils.java:logGet(46)) - raft.server.log.force.sync.num = 128 (default)
2022-09-08 01:53:54,711 [pool-641-thread-1] INFO  server.RaftServerConfigKeys (ConfUtils.java:logGet(46)) - raft.server.log.statemachine.data.sync = true (default)
2022-09-08 01:53:54,711 [pool-641-thread-1] INFO  server.RaftServerConfigKeys (ConfUtils.java:logGet(46)) - raft.server.log.statemachine.data.sync.timeout = 10s (default)
2022-09-08 01:53:54,711 [pool-641-thread-1] INFO  server.RaftServerConfigKeys (ConfUtils.java:logGet(46)) - raft.server.log.statemachine.data.sync.timeout.retry = -1 (default)
2022-09-08 01:53:54,719 [pool-641-thread-1] INFO  server.RaftServerConfigKeys (ConfUtils.java:logGet(46)) - raft.server.log.write.buffer.size = 64KB (=65536) (default)
2022-09-08 01:53:54,719 [pool-641-thread-1] INFO  server.RaftServerConfigKeys (ConfUtils.java:logGet(46)) - raft.server.log.unsafe-flush.enabled = false (default)
2022-09-08 01:53:54,719 [pool-641-thread-1] INFO  server.RaftServerConfigKeys (ConfUtils.java:logGet(46)) - raft.server.log.statemachine.data.caching.enabled = false (default)
2022-09-08 01:53:54,719 [pool-641-thread-1] INFO  segmented.SegmentedRaftLogWorker (SegmentedRaftLogWorker.java:lambda$new$0(135)) - om1@group-C5BA1605619E-SegmentedRaftLogWorker: flushIndex: setUnconditionally 0 -> -1
2022-09-08 01:53:54,719 [pool-641-thread-1] INFO  segmented.SegmentedRaftLogWorker (SegmentedRaftLogWorker.java:lambda$new$0(135)) - om1@group-C5BA1605619E-SegmentedRaftLogWorker: safeCacheEvictIndex: setUnconditionally 0 -> -1
2022-09-08 01:53:54,772 [pool-641-thread-1] INFO  server.RaftServerConfigKeys (ConfUtils.java:logGet(46)) - raft.server.snapshot.auto.trigger.enabled = true (custom)
2022-09-08 01:53:54,772 [pool-641-thread-1] INFO  server.RaftServerConfigKeys (ConfUtils.java:logGet(46)) - raft.server.snapshot.auto.trigger.threshold = 400000 (default)
2022-09-08 01:53:54,772 [pool-641-thread-1] INFO  server.RaftServerConfigKeys (ConfUtils.java:logGet(46)) - raft.server.snapshot.retention.file.num = -1 (default)
2022-09-08 01:53:54,772 [pool-641-thread-1] INFO  server.RaftServerConfigKeys (ConfUtils.java:logGet(46)) - raft.server.log.purge.upto.snapshot.index = true (custom)
2022-09-08 01:53:54,772 [pool-641-thread-1] INFO  server.RaftServerConfigKeys (ConfUtils.java:logGet(46)) - raft.server.retrycache.expirytime = 300s (custom)
2022-09-08 01:53:54,772 [pool-641-thread-1] INFO  server.RaftServerConfigKeys (ConfUtils.java:logGet(46)) - raft.server.retrycache.statistics.expirytime = 100μs (default)
2022-09-08 01:53:54,773 [pool-641-thread-1] INFO  server.RaftServerConfigKeys (ConfUtils.java:logGet(46)) - raft.server.log.appender.install.snapshot.enabled = false (custom)
2022-09-08 01:53:54,773 [pool-641-thread-1] INFO  server.RaftServerConfigKeys (ConfUtils.java:logGet(46)) - raft.server.threadpool.server.cached = true (default)
2022-09-08 01:53:54,773 [pool-641-thread-1] INFO  server.RaftServerConfigKeys (ConfUtils.java:logGet(46)) - raft.server.threadpool.server.size = 0 (default)
2022-09-08 01:53:54,773 [pool-641-thread-1] INFO  server.RaftServerConfigKeys (ConfUtils.java:logGet(46)) - raft.server.threadpool.client.cached = true (default)
2022-09-08 01:53:54,773 [pool-641-thread-1] INFO  server.RaftServerConfigKeys (ConfUtils.java:logGet(46)) - raft.server.threadpool.client.size = 0 (default)
2022-09-08 01:53:55,572 [Listener at 0.0.0.0/35197] INFO  reflections.Reflections (Reflections.java:scan(232)) - Reflections took 877 ms to scan 19 urls, producing 67 keys and 4167 values [using 2 cores]
2022-09-08 01:53:55,573 [Listener at 0.0.0.0/35197] INFO  ipc.CallQueueManager (CallQueueManager.java:<init>(90)) - Using callQueue: class java.util.concurrent.LinkedBlockingQueue, queueCapacity: 2000, scheduler: class org.apache.hadoop.ipc.DefaultRpcScheduler, ipcBackoff: false.
2022-09-08 01:53:55,581 [Socket Reader #1 for port 0] INFO  ipc.Server (Server.java:run(1265)) - Starting Socket Reader #1 for port 0
2022-09-08 01:53:55,636 [Listener at 127.0.0.1/41643] INFO  impl.MetricsSystemImpl (MetricsSystemImpl.java:init(158)) - OzoneManager metrics system started (again)
2022-09-08 01:53:55,650 [Listener at 127.0.0.1/41643] INFO  om.OzoneManager (OzoneManager.java:start(1480)) - OzoneManager RPC server is listening at localhost/127.0.0.1:41643
2022-09-08 01:53:55,650 [Listener at 127.0.0.1/41643] INFO  ratis.OzoneManagerRatisServer (OzoneManagerRatisServer.java:start(554)) - Starting OzoneManagerRatisServer om1 at port 9872
2022-09-08 01:53:55,651 [om1-impl-thread1] INFO  server.RaftServer$Division (RaftServerImpl.java:start(310)) - om1@group-C5BA1605619E: start as a follower, conf=-1: [om1|rpc:localhost:9872|priority:0], old=null
2022-09-08 01:53:55,651 [om1-impl-thread1] INFO  server.RaftServer$Division (RaftServerImpl.java:setRole(299)) - om1@group-C5BA1605619E: changes role from      null to FOLLOWER at term 0 for startAsFollower
2022-09-08 01:53:55,651 [om1-impl-thread1] INFO  impl.RoleInfo (RoleInfo.java:updateAndGet(139)) - om1: start om1@group-C5BA1605619E-FollowerState
2022-09-08 01:53:55,651 [om1-impl-thread1] INFO  util.JmxRegister (JmxRegister.java:tryRegister(44)) - Successfully registered JMX Bean with object name Ratis:service=RaftServer,group=group-C5BA1605619E,id=om1
2022-09-08 01:53:55,652 [Listener at 127.0.0.1/41643] INFO  server.RaftServer (RaftServerProxy.java:lambda$start$6(382)) - om1: start RPC server
2022-09-08 01:53:55,681 [Listener at 127.0.0.1/41643] INFO  server.GrpcService (GrpcService.java:startImpl(260)) - om1: GrpcService started, listening on 9872
2022-09-08 01:53:55,681 [Listener at 127.0.0.1/41643] INFO  om.OzoneManager (OzoneManager.java:start(1496)) - Version File has different layout version (3) than OM DB (null). That is expected if this OM has never been finalized to a newer layout version.
2022-09-08 01:53:55,682 [org.apache.ratis.util.JvmPauseMonitor$$Lambda$687/845490267@99a5440] INFO  util.JvmPauseMonitor (JvmPauseMonitor.java:run(103)) - JvmPauseMonitor-om1: Started
2022-09-08 01:53:55,705 [Listener at 127.0.0.1/41643] INFO  http.BaseHttpServer (BaseHttpServer.java:newHttpServer2BuilderForOzone(213)) - Starting Web-server for ozoneManager at: http://0.0.0.0:0
2022-09-08 01:53:55,705 [Listener at 127.0.0.1/41643] INFO  http.BaseHttpServer (BaseHttpServer.java:<init>(108)) - Hadoop Security Enabled: false Ozone Security Enabled: false Ozone HTTP Security Enabled: false 
2022-09-08 01:53:55,706 [Listener at 127.0.0.1/41643] INFO  server.AuthenticationFilter (AuthenticationFilter.java:constructSecretProvider(240)) - Unable to initialize FileSignerSecretProvider, falling back to use random secrets.
2022-09-08 01:53:55,709 [Listener at 127.0.0.1/41643] WARN  http.HttpRequestLog (HttpRequestLog.java:getRequestLog(103)) - Jetty request log can only be enabled using Log4j
2022-09-08 01:53:55,710 [Listener at 127.0.0.1/41643] INFO  http.HttpServer2 (HttpServer2.java:addGlobalFilter(1029)) - Added global filter 'safety' (class=org.apache.hadoop.hdds.server.http.HttpServer2$QuotingInputFilter)
2022-09-08 01:53:55,711 [Listener at 127.0.0.1/41643] INFO  http.HttpServer2 (HttpServer2.java:addFilter(1005)) - Added filter static_user_filter (class=org.apache.hadoop.http.lib.StaticUserWebFilter$StaticUserFilter) to context ozoneManager
2022-09-08 01:53:55,711 [Listener at 127.0.0.1/41643] INFO  http.HttpServer2 (HttpServer2.java:addFilter(1013)) - Added filter static_user_filter (class=org.apache.hadoop.http.lib.StaticUserWebFilter$StaticUserFilter) to context logs
2022-09-08 01:53:55,711 [Listener at 127.0.0.1/41643] INFO  http.HttpServer2 (HttpServer2.java:addFilter(1013)) - Added filter static_user_filter (class=org.apache.hadoop.http.lib.StaticUserWebFilter$StaticUserFilter) to context static
2022-09-08 01:53:55,713 [Listener at 127.0.0.1/41643] INFO  http.HttpServer2 (HttpServer2.java:bindListener(1248)) - Jetty bound to port 33817
2022-09-08 01:53:55,713 [Listener at 127.0.0.1/41643] INFO  server.Server (Server.java:doStart(375)) - jetty-9.4.43.v20210629; built: 2021-06-30T11:07:22.254Z; git: 526006ecfa3af7f1a27ef3a288e2bef7ea9dd7e8; jvm 1.8.0_345-b01
2022-09-08 01:53:55,762 [Listener at 127.0.0.1/41643] INFO  server.session (DefaultSessionIdManager.java:doStart(334)) - DefaultSessionIdManager workerName=node0
2022-09-08 01:53:55,762 [Listener at 127.0.0.1/41643] INFO  server.session (DefaultSessionIdManager.java:doStart(339)) - No SessionScavenger set, using defaults
2022-09-08 01:53:55,762 [Listener at 127.0.0.1/41643] INFO  server.session (HouseKeeper.java:startScavenging(132)) - node0 Scavenging every 660000ms
2022-09-08 01:53:55,763 [Listener at 127.0.0.1/41643] INFO  handler.ContextHandler (ContextHandler.java:doStart(915)) - Started o.e.j.s.ServletContextHandler@2a88880d{logs,/logs,file:///home/runner/work/ozone/ozone/hadoop-ozone/integration-test/target/log,AVAILABLE}
2022-09-08 01:53:55,763 [Listener at 127.0.0.1/41643] INFO  handler.ContextHandler (ContextHandler.java:doStart(915)) - Started o.e.j.s.ServletContextHandler@679f1314{static,/static,file:///home/runner/work/ozone/ozone/hadoop-ozone/integration-test/target/test-classes/webapps/static,AVAILABLE}
2022-09-08 01:53:55,766 [Listener at 127.0.0.1/41643] INFO  handler.ContextHandler (ContextHandler.java:doStart(915)) - Started o.e.j.w.WebAppContext@7da41edd{ozoneManager,/,file:///home/runner/work/ozone/ozone/hadoop-ozone/integration-test/target/test-classes/webapps/ozoneManager/,AVAILABLE}{file:/home/runner/work/ozone/ozone/hadoop-ozone/integration-test/target/test-classes/webapps/ozoneManager}
2022-09-08 01:53:55,773 [Listener at 127.0.0.1/41643] INFO  server.AbstractConnector (AbstractConnector.java:doStart(331)) - Started ServerConnector@7d4e4df4{HTTP/1.1, (http/1.1)}{0.0.0.0:33817}
2022-09-08 01:53:55,773 [Listener at 127.0.0.1/41643] INFO  server.Server (Server.java:doStart(415)) - Started @167336ms
2022-09-08 01:53:55,773 [Listener at 127.0.0.1/41643] WARN  impl.MetricsSystemImpl (MetricsSystemImpl.java:register(279)) - Sink prometheus already exists!
2022-09-08 01:53:55,773 [Listener at 127.0.0.1/41643] INFO  http.BaseHttpServer (BaseHttpServer.java:updateConnectorAddress(333)) - HTTP server of ozoneManager listening at http://0.0.0.0:33817
2022-09-08 01:53:55,785 [IPC Server Responder] INFO  ipc.Server (Server.java:run(1507)) - IPC Server Responder: starting
2022-09-08 01:53:55,786 [IPC Server listener on 0] INFO  ipc.Server (Server.java:run(1344)) - IPC Server listener on 0: starting
2022-09-08 01:53:55,791 [Listener at 127.0.0.1/41643] INFO  om.OzoneManager (OzoneManager.java:startTrashEmptier(1917)) - Trash Interval set to 0. Files deleted won't move to trash
2022-09-08 01:53:55,833 [org.apache.hadoop.util.JvmPauseMonitor$Monitor@1d2b441f] INFO  util.JvmPauseMonitor (JvmPauseMonitor.java:run(188)) - Starting JVM pause monitor
2022-09-08 01:53:55,835 [Listener at 127.0.0.1/41643] WARN  impl.MetricRegistriesImpl (MetricRegistriesImpl.java:addReporterRegistration(111)) - New reporters are added after registries were created. Some metrics will be missing from the reporter. Please add reporter before adding any new registry.
2022-09-08 01:53:55,835 [Listener at 127.0.0.1/41643] WARN  impl.MetricRegistriesImpl (MetricRegistriesImpl.java:addReporterRegistration(111)) - New reporters are added after registries were created. Some metrics will be missing from the reporter. Please add reporter before adding any new registry.
2022-09-08 01:53:55,835 [Listener at 127.0.0.1/41643] INFO  impl.MetricsSystemImpl (MetricsSystemImpl.java:init(158)) - HddsDatanode metrics system started (again)
2022-09-08 01:53:55,849 [Listener at 127.0.0.1/41643] INFO  ozone.HddsDatanodeService (HddsDatanodeService.java:start(236)) - HddsDatanodeService host:fv-az38-857.qiceih3q1hfe5a3ai3y3qk2fta.cx.internal.cloudapp.net ip:10.1.1.0
2022-09-08 01:53:55,905 [Listener at 127.0.0.1/41643] INFO  upgrade.AbstractLayoutVersionManager (AbstractLayoutVersionManager.java:init(83)) - Initializing Layout version manager with metadata layout = DATANODE_SCHEMA_V3 (version = 4), software layout = DATANODE_SCHEMA_V3 (version = 4)
2022-09-08 01:53:55,990 [Listener at 127.0.0.1/41643] INFO  reflections.Reflections (Reflections.java:scan(232)) - Reflections took 83 ms to scan 7 urls, producing 133 keys and 322 values 
2022-09-08 01:53:55,991 [Listener at 127.0.0.1/41643] INFO  statemachine.DatanodeStateMachine (DatanodeStateMachine.java:getEndPointTaskThreadPoolSize(237)) - Datanode State Machine Task Thread Pool size 2
2022-09-08 01:53:55,993 [Listener at 127.0.0.1/41643] INFO  volume.HddsVolume (HddsVolume.java:<init>(117)) - Creating HddsVolume: /home/runner/work/ozone/ozone/hadoop-ozone/integration-test/target/test-dir/MiniOzoneClusterImpl-e6b4e619-fda6-43cc-821e-80e1de6684e8/datanode-0/data-0/containers/hdds of storage type : DISK capacity : 9223372036854775807
2022-09-08 01:53:55,994 [Listener at 127.0.0.1/41643] INFO  volume.MutableVolumeSet (MutableVolumeSet.java:initializeVolumeSet(174)) - Added Volume : /home/runner/work/ozone/ozone/hadoop-ozone/integration-test/target/test-dir/MiniOzoneClusterImpl-e6b4e619-fda6-43cc-821e-80e1de6684e8/datanode-0/data-0/containers/hdds to VolumeSet
2022-09-08 01:53:55,994 [Listener at 127.0.0.1/41643] INFO  volume.ThrottledAsyncChecker (ThrottledAsyncChecker.java:schedule(141)) - Scheduling a check for /home/runner/work/ozone/ozone/hadoop-ozone/integration-test/target/test-dir/MiniOzoneClusterImpl-e6b4e619-fda6-43cc-821e-80e1de6684e8/datanode-0/data-0/containers/hdds
2022-09-08 01:53:55,995 [Listener at 127.0.0.1/41643] INFO  volume.StorageVolumeChecker (StorageVolumeChecker.java:checkAllVolumes(202)) - Scheduled health check for volume /home/runner/work/ozone/ozone/hadoop-ozone/integration-test/target/test-dir/MiniOzoneClusterImpl-e6b4e619-fda6-43cc-821e-80e1de6684e8/datanode-0/data-0/containers/hdds
2022-09-08 01:53:56,011 [Listener at 127.0.0.1/41643] INFO  volume.MutableVolumeSet (MutableVolumeSet.java:initializeVolumeSet(174)) - Added Volume : /home/runner/work/ozone/ozone/hadoop-ozone/integration-test/target/test-dir/MiniOzoneClusterImpl-e6b4e619-fda6-43cc-821e-80e1de6684e8/datanode-0/data/ratis to VolumeSet
2022-09-08 01:53:56,012 [Listener at 127.0.0.1/41643] INFO  volume.ThrottledAsyncChecker (ThrottledAsyncChecker.java:schedule(141)) - Scheduling a check for /home/runner/work/ozone/ozone/hadoop-ozone/integration-test/target/test-dir/MiniOzoneClusterImpl-e6b4e619-fda6-43cc-821e-80e1de6684e8/datanode-0/data/ratis
2022-09-08 01:53:56,012 [Listener at 127.0.0.1/41643] INFO  volume.StorageVolumeChecker (StorageVolumeChecker.java:checkAllVolumes(202)) - Scheduled health check for volume /home/runner/work/ozone/ozone/hadoop-ozone/integration-test/target/test-dir/MiniOzoneClusterImpl-e6b4e619-fda6-43cc-821e-80e1de6684e8/datanode-0/data/ratis
2022-09-08 01:53:56,033 [Thread-1245] INFO  ozoneimpl.ContainerReader (ContainerReader.java:readVolume(175)) - Finish verifying containers on volume /home/runner/work/ozone/ozone/hadoop-ozone/integration-test/target/test-dir/MiniOzoneClusterImpl-e6b4e619-fda6-43cc-821e-80e1de6684e8/datanode-0/data-0/containers/hdds
2022-09-08 01:53:56,033 [Listener at 127.0.0.1/41643] INFO  ozoneimpl.OzoneContainer (OzoneContainer.java:buildContainerSet(300)) - Build ContainerSet costs 0s
2022-09-08 01:53:56,035 [Listener at 127.0.0.1/41643] INFO  server.RaftServer (ConfUtils.java:logGet(46)) - raft.rpc.type = GRPC (default)
2022-09-08 01:53:56,035 [Listener at 127.0.0.1/41643] INFO  grpc.GrpcFactory (GrpcFactory.java:checkPooledByteBufAllocatorUseCacheForAllThreads(48)) - PERFORMANCE WARNING: useCacheForAllThreads is true that may cause Netty to create a lot garbage objects and, as a result, trigger GC.
	It is recommended to disable useCacheForAllThreads by setting -Dorg.apache.ratis.thirdparty.io.netty.allocator.useCacheForAllThreads=false in command line.
2022-09-08 01:53:56,035 [Listener at 127.0.0.1/41643] INFO  grpc.GrpcConfigKeys (ConfUtils.java:logGet(46)) - raft.grpc.admin.port = 0 (custom)
2022-09-08 01:53:56,035 [Listener at 127.0.0.1/41643] INFO  grpc.GrpcConfigKeys (ConfUtils.java:logGet(46)) - raft.grpc.client.port = 0 (custom)
2022-09-08 01:53:56,035 [Listener at 127.0.0.1/41643] INFO  grpc.GrpcConfigKeys (ConfUtils.java:logGet(46)) - raft.grpc.server.port = 0 (default)
2022-09-08 01:53:56,035 [Listener at 127.0.0.1/41643] INFO  server.GrpcService (ConfUtils.java:logGet(46)) - raft.grpc.message.size.max = 32MB (=33554432) (custom)
2022-09-08 01:53:56,036 [Listener at 127.0.0.1/41643] INFO  server.RaftServerConfigKeys (ConfUtils.java:logGet(46)) - raft.server.log.appender.buffer.byte-limit = 33554432 (custom)
2022-09-08 01:53:56,036 [Listener at 127.0.0.1/41643] INFO  server.GrpcService (ConfUtils.java:logGet(46)) - raft.grpc.flow.control.window = 5MB (=5242880) (custom)
2022-09-08 01:53:56,036 [Listener at 127.0.0.1/41643] INFO  server.RaftServerConfigKeys (ConfUtils.java:logGet(46)) - raft.server.rpc.request.timeout = 60s (custom)
2022-09-08 01:53:56,036 [Listener at 127.0.0.1/41643] INFO  grpc.GrpcConfigKeys (ConfUtils.java:logGet(46)) - raft.grpc.server.async.request.thread.pool.cached = true (default)
2022-09-08 01:53:56,036 [Listener at 127.0.0.1/41643] INFO  grpc.GrpcConfigKeys (ConfUtils.java:logGet(46)) - raft.grpc.server.async.request.thread.pool.size = 32 (default)
2022-09-08 01:53:56,037 [Listener at 127.0.0.1/41643] INFO  impl.DataStreamServerImpl (ConfUtils.java:logGet(46)) - raft.datastream.type = DISABLED (default)
2022-09-08 01:53:56,037 [Listener at 127.0.0.1/41643] INFO  server.RaftServerConfigKeys (ConfUtils.java:logGet(46)) - raft.server.threadpool.proxy.cached = true (default)
2022-09-08 01:53:56,037 [Listener at 127.0.0.1/41643] INFO  server.RaftServerConfigKeys (ConfUtils.java:logGet(46)) - raft.server.threadpool.proxy.size = 0 (default)
2022-09-08 01:53:56,038 [Listener at 127.0.0.1/41643] INFO  server.RaftServerConfigKeys (ConfUtils.java:logGet(46)) - raft.server.rpc.slowness.timeout = 300s (custom)
2022-09-08 01:53:56,038 [Listener at 127.0.0.1/41643] INFO  server.RaftServerConfigKeys (ConfUtils.java:logGet(46)) - raft.server.leaderelection.leader.step-down.wait-time = 10s (default)
2022-09-08 01:53:56,038 [Listener at 127.0.0.1/41643] INFO  server.RaftServerConfigKeys (ConfUtils.java:logGet(46)) - raft.server.storage.dir = [/home/runner/work/ozone/ozone/hadoop-ozone/integration-test/target/test-dir/MiniOzoneClusterImpl-e6b4e619-fda6-43cc-821e-80e1de6684e8/datanode-0/data/ratis] (custom)
2022-09-08 01:53:56,050 [Listener at 127.0.0.1/41643] INFO  server.XceiverServerGrpc (XceiverServerGrpc.java:<init>(132)) - GrpcServer channel type EpollServerSocketChannel
2022-09-08 01:53:56,057 [Listener at 127.0.0.1/41643] INFO  http.BaseHttpServer (BaseHttpServer.java:newHttpServer2BuilderForOzone(213)) - Starting Web-server for hddsDatanode at: http://0.0.0.0:0
2022-09-08 01:53:56,058 [Listener at 127.0.0.1/41643] INFO  http.BaseHttpServer (BaseHttpServer.java:<init>(108)) - Hadoop Security Enabled: false Ozone Security Enabled: false Ozone HTTP Security Enabled: false 
2022-09-08 01:53:56,058 [Listener at 127.0.0.1/41643] INFO  server.AuthenticationFilter (AuthenticationFilter.java:constructSecretProvider(240)) - Unable to initialize FileSignerSecretProvider, falling back to use random secrets.
2022-09-08 01:53:56,059 [Listener at 127.0.0.1/41643] WARN  http.HttpRequestLog (HttpRequestLog.java:getRequestLog(103)) - Jetty request log can only be enabled using Log4j
2022-09-08 01:53:56,060 [Listener at 127.0.0.1/41643] INFO  http.HttpServer2 (HttpServer2.java:addGlobalFilter(1029)) - Added global filter 'safety' (class=org.apache.hadoop.hdds.server.http.HttpServer2$QuotingInputFilter)
2022-09-08 01:53:56,060 [Listener at 127.0.0.1/41643] INFO  http.HttpServer2 (HttpServer2.java:addFilter(1005)) - Added filter static_user_filter (class=org.apache.hadoop.http.lib.StaticUserWebFilter$StaticUserFilter) to context hddsDatanode
2022-09-08 01:53:56,060 [Listener at 127.0.0.1/41643] INFO  http.HttpServer2 (HttpServer2.java:addFilter(1013)) - Added filter static_user_filter (class=org.apache.hadoop.http.lib.StaticUserWebFilter$StaticUserFilter) to context static
2022-09-08 01:53:56,062 [Listener at 127.0.0.1/41643] INFO  http.HttpServer2 (HttpServer2.java:addFilter(1013)) - Added filter static_user_filter (class=org.apache.hadoop.http.lib.StaticUserWebFilter$StaticUserFilter) to context logs
2022-09-08 01:53:56,062 [Listener at 127.0.0.1/41643] INFO  http.HttpServer2 (HttpServer2.java:bindListener(1248)) - Jetty bound to port 35591
2022-09-08 01:53:56,063 [Listener at 127.0.0.1/41643] INFO  server.Server (Server.java:doStart(375)) - jetty-9.4.43.v20210629; built: 2021-06-30T11:07:22.254Z; git: 526006ecfa3af7f1a27ef3a288e2bef7ea9dd7e8; jvm 1.8.0_345-b01
2022-09-08 01:53:56,098 [Listener at 127.0.0.1/41643] INFO  server.session (DefaultSessionIdManager.java:doStart(334)) - DefaultSessionIdManager workerName=node0
2022-09-08 01:53:56,098 [Listener at 127.0.0.1/41643] INFO  server.session (DefaultSessionIdManager.java:doStart(339)) - No SessionScavenger set, using defaults
2022-09-08 01:53:56,098 [Listener at 127.0.0.1/41643] INFO  server.session (HouseKeeper.java:startScavenging(132)) - node0 Scavenging every 660000ms
2022-09-08 01:53:56,099 [Listener at 127.0.0.1/41643] INFO  handler.ContextHandler (ContextHandler.java:doStart(915)) - Started o.e.j.s.ServletContextHandler@6571c5ed{logs,/logs,file:///home/runner/work/ozone/ozone/hadoop-ozone/integration-test/target/log,AVAILABLE}
2022-09-08 01:53:56,100 [Listener at 127.0.0.1/41643] INFO  handler.ContextHandler (ContextHandler.java:doStart(915)) - Started o.e.j.s.ServletContextHandler@49edaf24{static,/static,jar:file:/home/runner/.m2/repository/org/apache/ozone/hdds-container-service/1.3.0-SNAPSHOT/hdds-container-service-1.3.0-SNAPSHOT.jar!/webapps/static,AVAILABLE}
2022-09-08 01:53:56,416 [Listener at 127.0.0.1/41643] INFO  handler.ContextHandler (ContextHandler.java:doStart(915)) - Started o.e.j.w.WebAppContext@44b9f6c9{hddsDatanode,/,file:///tmp/jetty-0_0_0_0-35591-hdds-container-service-1_3_0-SNAPSHOT_jar-_-any-1241657599243776224/webapp/,AVAILABLE}{jar:file:/home/runner/.m2/repository/org/apache/ozone/hdds-container-service/1.3.0-SNAPSHOT/hdds-container-service-1.3.0-SNAPSHOT.jar!/webapps/hddsDatanode}
2022-09-08 01:53:56,429 [Listener at 127.0.0.1/41643] INFO  server.AbstractConnector (AbstractConnector.java:doStart(331)) - Started ServerConnector@4d9c8fdd{HTTP/1.1, (http/1.1)}{0.0.0.0:35591}
2022-09-08 01:53:56,429 [Listener at 127.0.0.1/41643] INFO  server.Server (Server.java:doStart(415)) - Started @167993ms
2022-09-08 01:53:56,429 [Listener at 127.0.0.1/41643] WARN  impl.MetricsSystemImpl (MetricsSystemImpl.java:register(279)) - Sink prometheus already exists!
2022-09-08 01:53:56,430 [Listener at 127.0.0.1/41643] INFO  http.BaseHttpServer (BaseHttpServer.java:updateConnectorAddress(333)) - HTTP server of hddsDatanode listening at http://0.0.0.0:35591
2022-09-08 01:53:56,440 [Listener at 127.0.0.1/41643] WARN  impl.MetricRegistriesImpl (MetricRegistriesImpl.java:addReporterRegistration(111)) - New reporters are added after registries were created. Some metrics will be missing from the reporter. Please add reporter before adding any new registry.
2022-09-08 01:53:56,440 [Listener at 127.0.0.1/41643] WARN  impl.MetricRegistriesImpl (MetricRegistriesImpl.java:addReporterRegistration(111)) - New reporters are added after registries were created. Some metrics will be missing from the reporter. Please add reporter before adding any new registry.
2022-09-08 01:53:56,440 [Listener at 127.0.0.1/41643] INFO  impl.MetricsSystemImpl (MetricsSystemImpl.java:init(158)) - HddsDatanode metrics system started (again)
2022-09-08 01:53:56,449 [Datanode State Machine Daemon Thread] INFO  statemachine.DatanodeStateMachine (DatanodeStateMachine.java:lambda$startDaemon$0(492)) - Ozone container server started.
2022-09-08 01:53:56,512 [org.apache.hadoop.util.JvmPauseMonitor$Monitor@4b64fc32] INFO  util.JvmPauseMonitor (JvmPauseMonitor.java:run(188)) - Starting JVM pause monitor
2022-09-08 01:53:56,522 [Datanode State Machine Task Thread - 0] INFO  datanode.InitDatanodeState (InitDatanodeState.java:persistContainerDatanodeDetails(138)) - DatanodeDetails is persisted to /home/runner/work/ozone/ozone/hadoop-ozone/integration-test/target/test-dir/MiniOzoneClusterImpl-e6b4e619-fda6-43cc-821e-80e1de6684e8/datanode-0/meta/datanode.id
2022-09-08 01:53:56,524 [Listener at 127.0.0.1/41643] INFO  ozone.HddsDatanodeService (HddsDatanodeService.java:start(236)) - HddsDatanodeService host:fv-az38-857.qiceih3q1hfe5a3ai3y3qk2fta.cx.internal.cloudapp.net ip:10.1.1.0
2022-09-08 01:53:56,607 [Listener at 127.0.0.1/41643] INFO  upgrade.AbstractLayoutVersionManager (AbstractLayoutVersionManager.java:init(83)) - Initializing Layout version manager with metadata layout = DATANODE_SCHEMA_V3 (version = 4), software layout = DATANODE_SCHEMA_V3 (version = 4)
2022-09-08 01:53:56,770 [om1@group-C5BA1605619E-FollowerState] INFO  impl.FollowerState (FollowerState.java:run(143)) - om1@group-C5BA1605619E-FollowerState: change to CANDIDATE, lastRpcElapsedTime:1118865352ns, electionTimeout:1118ms
2022-09-08 01:53:56,770 [om1@group-C5BA1605619E-FollowerState] INFO  impl.RoleInfo (RoleInfo.java:shutdownFollowerState(110)) - om1: shutdown om1@group-C5BA1605619E-FollowerState
2022-09-08 01:53:56,770 [om1@group-C5BA1605619E-FollowerState] INFO  server.RaftServer$Division (RaftServerImpl.java:setRole(299)) - om1@group-C5BA1605619E: changes role from  FOLLOWER to CANDIDATE at term 0 for changeToCandidate
2022-09-08 01:53:56,770 [om1@group-C5BA1605619E-FollowerState] INFO  server.RaftServerConfigKeys (ConfUtils.java:logGet(46)) - raft.server.leaderelection.pre-vote = false (custom)
2022-09-08 01:53:56,770 [om1@group-C5BA1605619E-FollowerState] INFO  impl.RoleInfo (RoleInfo.java:updateAndGet(139)) - om1: start om1@group-C5BA1605619E-LeaderElection50
2022-09-08 01:53:56,813 [om1@group-C5BA1605619E-LeaderElection50] INFO  impl.LeaderElection (LeaderElection.java:askForVotes(310)) - om1@group-C5BA1605619E-LeaderElection50 ELECTION round 0: submit vote requests at term 1 for -1: [om1|rpc:localhost:9872|priority:0], old=null
2022-09-08 01:53:56,813 [om1@group-C5BA1605619E-LeaderElection50] INFO  impl.LeaderElection (LeaderElection.java:askForVotes(312)) - om1@group-C5BA1605619E-LeaderElection50 ELECTION round 0: result PASSED (term=1)
2022-09-08 01:53:56,813 [om1@group-C5BA1605619E-LeaderElection50] INFO  impl.RoleInfo (RoleInfo.java:shutdownLeaderElection(130)) - om1: shutdown om1@group-C5BA1605619E-LeaderElection50
2022-09-08 01:53:56,813 [om1@group-C5BA1605619E-LeaderElection50] INFO  server.RaftServer$Division (RaftServerImpl.java:setRole(299)) - om1@group-C5BA1605619E: changes role from CANDIDATE to LEADER at term 1 for changeToLeader
2022-09-08 01:53:56,813 [om1@group-C5BA1605619E-LeaderElection50] INFO  server.RaftServer$Division (ServerState.java:setLeader(287)) - om1@group-C5BA1605619E: change Leader from null to om1 at term 1 for becomeLeader, leader elected after 2110ms
2022-09-08 01:53:56,813 [om1@group-C5BA1605619E-LeaderElection50] INFO  server.RaftServerConfigKeys (ConfUtils.java:logGet(46)) - raft.server.staging.catchup.gap = 1000 (default)
2022-09-08 01:53:56,814 [om1@group-C5BA1605619E-LeaderElection50] INFO  server.RaftServerConfigKeys (ConfUtils.java:logGet(46)) - raft.server.write.element-limit = 4096 (default)
2022-09-08 01:53:56,814 [om1@group-C5BA1605619E-LeaderElection50] INFO  server.RaftServerConfigKeys (ConfUtils.java:logGet(46)) - raft.server.write.byte-limit = 64MB (=67108864) (default)
2022-09-08 01:53:56,815 [om1@group-C5BA1605619E-LeaderElection50] INFO  server.RaftServerConfigKeys (ConfUtils.java:logGet(46)) - raft.server.watch.timeout = 10s (default)
2022-09-08 01:53:56,815 [om1@group-C5BA1605619E-LeaderElection50] INFO  server.RaftServerConfigKeys (ConfUtils.java:logGet(46)) - raft.server.watch.timeout.denomination = 1s (default)
2022-09-08 01:53:56,815 [om1@group-C5BA1605619E-LeaderElection50] INFO  server.RaftServerConfigKeys (ConfUtils.java:logGet(46)) - raft.server.watch.element-limit = 65536 (default)
2022-09-08 01:53:56,815 [om1@group-C5BA1605619E-LeaderElection50] INFO  server.RaftServerConfigKeys (ConfUtils.java:logGet(46)) - raft.server.write.element-limit = 4096 (default)
2022-09-08 01:53:56,815 [om1@group-C5BA1605619E-LeaderElection50] INFO  server.RaftServerConfigKeys (ConfUtils.java:logGet(46)) - raft.server.write.follower.gap.ratio.max = -1.0 (default)
2022-09-08 01:53:56,815 [om1@group-C5BA1605619E-LeaderElection50] INFO  impl.RoleInfo (RoleInfo.java:updateAndGet(139)) - om1: start om1@group-C5BA1605619E-LeaderStateImpl
2022-09-08 01:53:56,816 [om1@group-C5BA1605619E-LeaderElection50] INFO  segmented.SegmentedRaftLogWorker (SegmentedRaftLogWorker.java:startLogSegment(425)) - om1@group-C5BA1605619E-SegmentedRaftLogWorker: Starting segment from index:0
2022-09-08 01:53:56,831 [om1@group-C5BA1605619E-SegmentedRaftLogWorker] INFO  segmented.SegmentedRaftLogWorker (SegmentedRaftLogWorker.java:execute(629)) - om1@group-C5BA1605619E-SegmentedRaftLogWorker: created new log segment /home/runner/work/ozone/ozone/hadoop-ozone/integration-test/target/test-dir/MiniOzoneClusterImpl-e6b4e619-fda6-43cc-821e-80e1de6684e8/ozone-meta/ratis/bf265839-605b-3f16-9796-c5ba1605619e/current/log_inprogress_0
2022-09-08 01:53:56,840 [Listener at 127.0.0.1/41643] INFO  reflections.Reflections (Reflections.java:scan(232)) - Reflections took 231 ms to scan 7 urls, producing 133 keys and 322 values 
2022-09-08 01:53:56,841 [Listener at 127.0.0.1/41643] INFO  statemachine.DatanodeStateMachine (DatanodeStateMachine.java:getEndPointTaskThreadPoolSize(237)) - Datanode State Machine Task Thread Pool size 2
2022-09-08 01:53:56,853 [om1@group-C5BA1605619E-LeaderElection50] INFO  server.RaftServer$Division (ServerState.java:setRaftConf(393)) - om1@group-C5BA1605619E: set configuration 0: [om1|rpc:localhost:9872|admin:|client:|dataStream:|priority:0], old=null
2022-09-08 01:53:56,867 [Listener at 127.0.0.1/41643] INFO  volume.HddsVolume (HddsVolume.java:<init>(117)) - Creating HddsVolume: /home/runner/work/ozone/ozone/hadoop-ozone/integration-test/target/test-dir/MiniOzoneClusterImpl-e6b4e619-fda6-43cc-821e-80e1de6684e8/datanode-1/data-0/containers/hdds of storage type : DISK capacity : 9223372036854775807
2022-09-08 01:53:56,867 [Listener at 127.0.0.1/41643] INFO  volume.MutableVolumeSet (MutableVolumeSet.java:initializeVolumeSet(174)) - Added Volume : /home/runner/work/ozone/ozone/hadoop-ozone/integration-test/target/test-dir/MiniOzoneClusterImpl-e6b4e619-fda6-43cc-821e-80e1de6684e8/datanode-1/data-0/containers/hdds to VolumeSet
2022-09-08 01:53:56,867 [Listener at 127.0.0.1/41643] INFO  volume.ThrottledAsyncChecker (ThrottledAsyncChecker.java:schedule(141)) - Scheduling a check for /home/runner/work/ozone/ozone/hadoop-ozone/integration-test/target/test-dir/MiniOzoneClusterImpl-e6b4e619-fda6-43cc-821e-80e1de6684e8/datanode-1/data-0/containers/hdds
2022-09-08 01:53:56,877 [Listener at 127.0.0.1/41643] INFO  volume.StorageVolumeChecker (StorageVolumeChecker.java:checkAllVolumes(202)) - Scheduled health check for volume /home/runner/work/ozone/ozone/hadoop-ozone/integration-test/target/test-dir/MiniOzoneClusterImpl-e6b4e619-fda6-43cc-821e-80e1de6684e8/datanode-1/data-0/containers/hdds
2022-09-08 01:53:56,904 [om1@group-C5BA1605619E-StateMachineUpdater] INFO  ratis.OzoneManagerStateMachine (OzoneManagerStateMachine.java:notifyConfigurationChanged(192)) - Received Configuration change notification from Ratis. New Peer list:
[id: "om1"
address: "localhost:9872"
]
2022-09-08 01:53:56,918 [Listener at 127.0.0.1/41643] INFO  volume.MutableVolumeSet (MutableVolumeSet.java:initializeVolumeSet(174)) - Added Volume : /home/runner/work/ozone/ozone/hadoop-ozone/integration-test/target/test-dir/MiniOzoneClusterImpl-e6b4e619-fda6-43cc-821e-80e1de6684e8/datanode-1/data/ratis to VolumeSet
2022-09-08 01:53:56,918 [Listener at 127.0.0.1/41643] INFO  volume.ThrottledAsyncChecker (ThrottledAsyncChecker.java:schedule(141)) - Scheduling a check for /home/runner/work/ozone/ozone/hadoop-ozone/integration-test/target/test-dir/MiniOzoneClusterImpl-e6b4e619-fda6-43cc-821e-80e1de6684e8/datanode-1/data/ratis
2022-09-08 01:53:56,918 [Listener at 127.0.0.1/41643] INFO  volume.StorageVolumeChecker (StorageVolumeChecker.java:checkAllVolumes(202)) - Scheduled health check for volume /home/runner/work/ozone/ozone/hadoop-ozone/integration-test/target/test-dir/MiniOzoneClusterImpl-e6b4e619-fda6-43cc-821e-80e1de6684e8/datanode-1/data/ratis
2022-09-08 01:53:56,931 [Thread-1260] INFO  ozoneimpl.ContainerReader (ContainerReader.java:readVolume(175)) - Finish verifying containers on volume /home/runner/work/ozone/ozone/hadoop-ozone/integration-test/target/test-dir/MiniOzoneClusterImpl-e6b4e619-fda6-43cc-821e-80e1de6684e8/datanode-1/data-0/containers/hdds
2022-09-08 01:53:56,931 [Listener at 127.0.0.1/41643] INFO  ozoneimpl.OzoneContainer (OzoneContainer.java:buildContainerSet(300)) - Build ContainerSet costs 0s
2022-09-08 01:53:56,933 [Listener at 127.0.0.1/41643] INFO  server.RaftServer (ConfUtils.java:logGet(46)) - raft.rpc.type = GRPC (default)
2022-09-08 01:53:56,933 [Listener at 127.0.0.1/41643] INFO  grpc.GrpcFactory (GrpcFactory.java:checkPooledByteBufAllocatorUseCacheForAllThreads(48)) - PERFORMANCE WARNING: useCacheForAllThreads is true that may cause Netty to create a lot garbage objects and, as a result, trigger GC.
	It is recommended to disable useCacheForAllThreads by setting -Dorg.apache.ratis.thirdparty.io.netty.allocator.useCacheForAllThreads=false in command line.
2022-09-08 01:53:56,933 [Listener at 127.0.0.1/41643] INFO  grpc.GrpcConfigKeys (ConfUtils.java:logGet(46)) - raft.grpc.admin.port = 0 (custom)
2022-09-08 01:53:56,945 [Listener at 127.0.0.1/41643] INFO  grpc.GrpcConfigKeys (ConfUtils.java:logGet(46)) - raft.grpc.client.port = 0 (custom)
2022-09-08 01:53:56,945 [Listener at 127.0.0.1/41643] INFO  grpc.GrpcConfigKeys (ConfUtils.java:logGet(46)) - raft.grpc.server.port = 0 (default)
2022-09-08 01:53:56,945 [Listener at 127.0.0.1/41643] INFO  server.GrpcService (ConfUtils.java:logGet(46)) - raft.grpc.message.size.max = 32MB (=33554432) (custom)
2022-09-08 01:53:56,945 [Listener at 127.0.0.1/41643] INFO  server.RaftServerConfigKeys (ConfUtils.java:logGet(46)) - raft.server.log.appender.buffer.byte-limit = 33554432 (custom)
2022-09-08 01:53:56,945 [Listener at 127.0.0.1/41643] INFO  server.GrpcService (ConfUtils.java:logGet(46)) - raft.grpc.flow.control.window = 5MB (=5242880) (custom)
2022-09-08 01:53:56,945 [Listener at 127.0.0.1/41643] INFO  server.RaftServerConfigKeys (ConfUtils.java:logGet(46)) - raft.server.rpc.request.timeout = 60s (custom)
2022-09-08 01:53:56,946 [Listener at 127.0.0.1/41643] INFO  grpc.GrpcConfigKeys (ConfUtils.java:logGet(46)) - raft.grpc.server.async.request.thread.pool.cached = true (default)
2022-09-08 01:53:56,946 [Listener at 127.0.0.1/41643] INFO  grpc.GrpcConfigKeys (ConfUtils.java:logGet(46)) - raft.grpc.server.async.request.thread.pool.size = 32 (default)
2022-09-08 01:53:56,950 [Listener at 127.0.0.1/41643] INFO  impl.DataStreamServerImpl (ConfUtils.java:logGet(46)) - raft.datastream.type = DISABLED (default)
2022-09-08 01:53:56,950 [Listener at 127.0.0.1/41643] INFO  server.RaftServerConfigKeys (ConfUtils.java:logGet(46)) - raft.server.threadpool.proxy.cached = true (default)
2022-09-08 01:53:56,950 [Listener at 127.0.0.1/41643] INFO  server.RaftServerConfigKeys (ConfUtils.java:logGet(46)) - raft.server.threadpool.proxy.size = 0 (default)
2022-09-08 01:53:56,950 [Listener at 127.0.0.1/41643] INFO  server.RaftServerConfigKeys (ConfUtils.java:logGet(46)) - raft.server.rpc.slowness.timeout = 300s (custom)
2022-09-08 01:53:56,951 [Listener at 127.0.0.1/41643] INFO  server.RaftServerConfigKeys (ConfUtils.java:logGet(46)) - raft.server.leaderelection.leader.step-down.wait-time = 10s (default)
2022-09-08 01:53:56,951 [Listener at 127.0.0.1/41643] INFO  server.RaftServerConfigKeys (ConfUtils.java:logGet(46)) - raft.server.storage.dir = [/home/runner/work/ozone/ozone/hadoop-ozone/integration-test/target/test-dir/MiniOzoneClusterImpl-e6b4e619-fda6-43cc-821e-80e1de6684e8/datanode-1/data/ratis] (custom)
2022-09-08 01:53:56,952 [Listener at 127.0.0.1/41643] INFO  server.XceiverServerGrpc (XceiverServerGrpc.java:<init>(132)) - GrpcServer channel type EpollServerSocketChannel
2022-09-08 01:53:56,966 [Listener at 127.0.0.1/41643] INFO  http.BaseHttpServer (BaseHttpServer.java:newHttpServer2BuilderForOzone(213)) - Starting Web-server for hddsDatanode at: http://0.0.0.0:0
2022-09-08 01:53:56,967 [Listener at 127.0.0.1/41643] INFO  http.BaseHttpServer (BaseHttpServer.java:<init>(108)) - Hadoop Security Enabled: false Ozone Security Enabled: false Ozone HTTP Security Enabled: false 
2022-09-08 01:53:56,968 [Listener at 127.0.0.1/41643] INFO  server.AuthenticationFilter (AuthenticationFilter.java:constructSecretProvider(240)) - Unable to initialize FileSignerSecretProvider, falling back to use random secrets.
2022-09-08 01:53:56,969 [Listener at 127.0.0.1/41643] WARN  http.HttpRequestLog (HttpRequestLog.java:getRequestLog(103)) - Jetty request log can only be enabled using Log4j
2022-09-08 01:53:56,970 [Listener at 127.0.0.1/41643] INFO  http.HttpServer2 (HttpServer2.java:addGlobalFilter(1029)) - Added global filter 'safety' (class=org.apache.hadoop.hdds.server.http.HttpServer2$QuotingInputFilter)
2022-09-08 01:53:56,970 [Listener at 127.0.0.1/41643] INFO  http.HttpServer2 (HttpServer2.java:addFilter(1005)) - Added filter static_user_filter (class=org.apache.hadoop.http.lib.StaticUserWebFilter$StaticUserFilter) to context hddsDatanode
2022-09-08 01:53:56,970 [Listener at 127.0.0.1/41643] INFO  http.HttpServer2 (HttpServer2.java:addFilter(1013)) - Added filter static_user_filter (class=org.apache.hadoop.http.lib.StaticUserWebFilter$StaticUserFilter) to context logs
2022-09-08 01:53:56,970 [Listener at 127.0.0.1/41643] INFO  http.HttpServer2 (HttpServer2.java:addFilter(1013)) - Added filter static_user_filter (class=org.apache.hadoop.http.lib.StaticUserWebFilter$StaticUserFilter) to context static
2022-09-08 01:53:56,971 [Listener at 127.0.0.1/41643] INFO  http.HttpServer2 (HttpServer2.java:bindListener(1248)) - Jetty bound to port 34903
2022-09-08 01:53:56,971 [Listener at 127.0.0.1/41643] INFO  server.Server (Server.java:doStart(375)) - jetty-9.4.43.v20210629; built: 2021-06-30T11:07:22.254Z; git: 526006ecfa3af7f1a27ef3a288e2bef7ea9dd7e8; jvm 1.8.0_345-b01
2022-09-08 01:53:56,984 [Listener at 127.0.0.1/41643] INFO  server.session (DefaultSessionIdManager.java:doStart(334)) - DefaultSessionIdManager workerName=node0
2022-09-08 01:53:56,984 [Listener at 127.0.0.1/41643] INFO  server.session (DefaultSessionIdManager.java:doStart(339)) - No SessionScavenger set, using defaults
2022-09-08 01:53:56,984 [Listener at 127.0.0.1/41643] INFO  server.session (HouseKeeper.java:startScavenging(132)) - node0 Scavenging every 660000ms
2022-09-08 01:53:56,985 [Listener at 127.0.0.1/41643] INFO  handler.ContextHandler (ContextHandler.java:doStart(915)) - Started o.e.j.s.ServletContextHandler@306d0b5e{logs,/logs,file:///home/runner/work/ozone/ozone/hadoop-ozone/integration-test/target/log,AVAILABLE}
2022-09-08 01:53:56,985 [Listener at 127.0.0.1/41643] INFO  handler.ContextHandler (ContextHandler.java:doStart(915)) - Started o.e.j.s.ServletContextHandler@eff792b{static,/static,jar:file:/home/runner/.m2/repository/org/apache/ozone/hdds-container-service/1.3.0-SNAPSHOT/hdds-container-service-1.3.0-SNAPSHOT.jar!/webapps/static,AVAILABLE}
2022-09-08 01:53:57,226 [Listener at 127.0.0.1/41643] INFO  handler.ContextHandler (ContextHandler.java:doStart(915)) - Started o.e.j.w.WebAppContext@2c4069ae{hddsDatanode,/,file:///tmp/jetty-0_0_0_0-34903-hdds-container-service-1_3_0-SNAPSHOT_jar-_-any-6087514302019505379/webapp/,AVAILABLE}{jar:file:/home/runner/.m2/repository/org/apache/ozone/hdds-container-service/1.3.0-SNAPSHOT/hdds-container-service-1.3.0-SNAPSHOT.jar!/webapps/hddsDatanode}
2022-09-08 01:53:57,228 [Listener at 127.0.0.1/41643] INFO  server.AbstractConnector (AbstractConnector.java:doStart(331)) - Started ServerConnector@60d1bf43{HTTP/1.1, (http/1.1)}{0.0.0.0:34903}
2022-09-08 01:53:57,228 [Listener at 127.0.0.1/41643] INFO  server.Server (Server.java:doStart(415)) - Started @168792ms
2022-09-08 01:53:57,228 [Listener at 127.0.0.1/41643] WARN  impl.MetricsSystemImpl (MetricsSystemImpl.java:register(279)) - Sink prometheus already exists!
2022-09-08 01:53:57,229 [Listener at 127.0.0.1/41643] INFO  http.BaseHttpServer (BaseHttpServer.java:updateConnectorAddress(333)) - HTTP server of hddsDatanode listening at http://0.0.0.0:34903
2022-09-08 01:53:57,230 [Listener at 127.0.0.1/41643] WARN  impl.MetricRegistriesImpl (MetricRegistriesImpl.java:addReporterRegistration(111)) - New reporters are added after registries were created. Some metrics will be missing from the reporter. Please add reporter before adding any new registry.
2022-09-08 01:53:57,230 [Listener at 127.0.0.1/41643] WARN  impl.MetricRegistriesImpl (MetricRegistriesImpl.java:addReporterRegistration(111)) - New reporters are added after registries were created. Some metrics will be missing from the reporter. Please add reporter before adding any new registry.
2022-09-08 01:53:57,230 [Listener at 127.0.0.1/41643] INFO  impl.MetricsSystemImpl (MetricsSystemImpl.java:init(158)) - HddsDatanode metrics system started (again)
2022-09-08 01:53:57,237 [Datanode State Machine Daemon Thread] INFO  statemachine.DatanodeStateMachine (DatanodeStateMachine.java:lambda$startDaemon$0(492)) - Ozone container server started.
2022-09-08 01:53:57,268 [Listener at 127.0.0.1/41643] INFO  ozone.HddsDatanodeService (HddsDatanodeService.java:start(236)) - HddsDatanodeService host:fv-az38-857.qiceih3q1hfe5a3ai3y3qk2fta.cx.internal.cloudapp.net ip:10.1.1.0
2022-09-08 01:53:57,281 [org.apache.hadoop.util.JvmPauseMonitor$Monitor@6c33fe01] INFO  util.JvmPauseMonitor (JvmPauseMonitor.java:run(188)) - Starting JVM pause monitor
2022-09-08 01:53:57,307 [Datanode State Machine Task Thread - 0] INFO  datanode.InitDatanodeState (InitDatanodeState.java:persistContainerDatanodeDetails(138)) - DatanodeDetails is persisted to /home/runner/work/ozone/ozone/hadoop-ozone/integration-test/target/test-dir/MiniOzoneClusterImpl-e6b4e619-fda6-43cc-821e-80e1de6684e8/datanode-1/meta/datanode.id
2022-09-08 01:53:57,366 [Listener at 127.0.0.1/41643] INFO  upgrade.AbstractLayoutVersionManager (AbstractLayoutVersionManager.java:init(83)) - Initializing Layout version manager with metadata layout = DATANODE_SCHEMA_V3 (version = 4), software layout = DATANODE_SCHEMA_V3 (version = 4)
2022-09-08 01:53:57,447 [Listener at 127.0.0.1/41643] INFO  reflections.Reflections (Reflections.java:scan(232)) - Reflections took 80 ms to scan 7 urls, producing 133 keys and 322 values 
2022-09-08 01:53:57,448 [Listener at 127.0.0.1/41643] INFO  statemachine.DatanodeStateMachine (DatanodeStateMachine.java:getEndPointTaskThreadPoolSize(237)) - Datanode State Machine Task Thread Pool size 2
2022-09-08 01:53:57,450 [Listener at 127.0.0.1/41643] INFO  volume.HddsVolume (HddsVolume.java:<init>(117)) - Creating HddsVolume: /home/runner/work/ozone/ozone/hadoop-ozone/integration-test/target/test-dir/MiniOzoneClusterImpl-e6b4e619-fda6-43cc-821e-80e1de6684e8/datanode-2/data-0/containers/hdds of storage type : DISK capacity : 9223372036854775807
2022-09-08 01:53:57,450 [Listener at 127.0.0.1/41643] INFO  volume.MutableVolumeSet (MutableVolumeSet.java:initializeVolumeSet(174)) - Added Volume : /home/runner/work/ozone/ozone/hadoop-ozone/integration-test/target/test-dir/MiniOzoneClusterImpl-e6b4e619-fda6-43cc-821e-80e1de6684e8/datanode-2/data-0/containers/hdds to VolumeSet
2022-09-08 01:53:57,450 [Listener at 127.0.0.1/41643] INFO  volume.ThrottledAsyncChecker (ThrottledAsyncChecker.java:schedule(141)) - Scheduling a check for /home/runner/work/ozone/ozone/hadoop-ozone/integration-test/target/test-dir/MiniOzoneClusterImpl-e6b4e619-fda6-43cc-821e-80e1de6684e8/datanode-2/data-0/containers/hdds
2022-09-08 01:53:57,451 [Listener at 127.0.0.1/41643] INFO  volume.StorageVolumeChecker (StorageVolumeChecker.java:checkAllVolumes(202)) - Scheduled health check for volume /home/runner/work/ozone/ozone/hadoop-ozone/integration-test/target/test-dir/MiniOzoneClusterImpl-e6b4e619-fda6-43cc-821e-80e1de6684e8/datanode-2/data-0/containers/hdds
2022-09-08 01:53:57,462 [Listener at 127.0.0.1/41643] INFO  volume.MutableVolumeSet (MutableVolumeSet.java:initializeVolumeSet(174)) - Added Volume : /home/runner/work/ozone/ozone/hadoop-ozone/integration-test/target/test-dir/MiniOzoneClusterImpl-e6b4e619-fda6-43cc-821e-80e1de6684e8/datanode-2/data/ratis to VolumeSet
2022-09-08 01:53:57,462 [Listener at 127.0.0.1/41643] INFO  volume.ThrottledAsyncChecker (ThrottledAsyncChecker.java:schedule(141)) - Scheduling a check for /home/runner/work/ozone/ozone/hadoop-ozone/integration-test/target/test-dir/MiniOzoneClusterImpl-e6b4e619-fda6-43cc-821e-80e1de6684e8/datanode-2/data/ratis
2022-09-08 01:53:57,462 [Listener at 127.0.0.1/41643] INFO  volume.StorageVolumeChecker (StorageVolumeChecker.java:checkAllVolumes(202)) - Scheduled health check for volume /home/runner/work/ozone/ozone/hadoop-ozone/integration-test/target/test-dir/MiniOzoneClusterImpl-e6b4e619-fda6-43cc-821e-80e1de6684e8/datanode-2/data/ratis
2022-09-08 01:53:57,472 [Thread-1273] INFO  ozoneimpl.ContainerReader (ContainerReader.java:readVolume(175)) - Finish verifying containers on volume /home/runner/work/ozone/ozone/hadoop-ozone/integration-test/target/test-dir/MiniOzoneClusterImpl-e6b4e619-fda6-43cc-821e-80e1de6684e8/datanode-2/data-0/containers/hdds
2022-09-08 01:53:57,472 [Listener at 127.0.0.1/41643] INFO  ozoneimpl.OzoneContainer (OzoneContainer.java:buildContainerSet(300)) - Build ContainerSet costs 0s
2022-09-08 01:53:57,473 [Listener at 127.0.0.1/41643] INFO  server.RaftServer (ConfUtils.java:logGet(46)) - raft.rpc.type = GRPC (default)
2022-09-08 01:53:57,474 [Listener at 127.0.0.1/41643] INFO  grpc.GrpcFactory (GrpcFactory.java:checkPooledByteBufAllocatorUseCacheForAllThreads(48)) - PERFORMANCE WARNING: useCacheForAllThreads is true that may cause Netty to create a lot garbage objects and, as a result, trigger GC.
	It is recommended to disable useCacheForAllThreads by setting -Dorg.apache.ratis.thirdparty.io.netty.allocator.useCacheForAllThreads=false in command line.
2022-09-08 01:53:57,474 [Listener at 127.0.0.1/41643] INFO  grpc.GrpcConfigKeys (ConfUtils.java:logGet(46)) - raft.grpc.admin.port = 0 (custom)
2022-09-08 01:53:57,474 [Listener at 127.0.0.1/41643] INFO  grpc.GrpcConfigKeys (ConfUtils.java:logGet(46)) - raft.grpc.client.port = 0 (custom)
2022-09-08 01:53:57,474 [Listener at 127.0.0.1/41643] INFO  grpc.GrpcConfigKeys (ConfUtils.java:logGet(46)) - raft.grpc.server.port = 0 (default)
2022-09-08 01:53:57,474 [Listener at 127.0.0.1/41643] INFO  server.GrpcService (ConfUtils.java:logGet(46)) - raft.grpc.message.size.max = 32MB (=33554432) (custom)
2022-09-08 01:53:57,474 [Listener at 127.0.0.1/41643] INFO  server.RaftServerConfigKeys (ConfUtils.java:logGet(46)) - raft.server.log.appender.buffer.byte-limit = 33554432 (custom)
2022-09-08 01:53:57,474 [Listener at 127.0.0.1/41643] INFO  server.GrpcService (ConfUtils.java:logGet(46)) - raft.grpc.flow.control.window = 5MB (=5242880) (custom)
2022-09-08 01:53:57,474 [Listener at 127.0.0.1/41643] INFO  server.RaftServerConfigKeys (ConfUtils.java:logGet(46)) - raft.server.rpc.request.timeout = 60s (custom)
2022-09-08 01:53:57,474 [Listener at 127.0.0.1/41643] INFO  grpc.GrpcConfigKeys (ConfUtils.java:logGet(46)) - raft.grpc.server.async.request.thread.pool.cached = true (default)
2022-09-08 01:53:57,475 [Listener at 127.0.0.1/41643] INFO  grpc.GrpcConfigKeys (ConfUtils.java:logGet(46)) - raft.grpc.server.async.request.thread.pool.size = 32 (default)
2022-09-08 01:53:57,476 [Listener at 127.0.0.1/41643] INFO  impl.DataStreamServerImpl (ConfUtils.java:logGet(46)) - raft.datastream.type = DISABLED (default)
2022-09-08 01:53:57,476 [Listener at 127.0.0.1/41643] INFO  server.RaftServerConfigKeys (ConfUtils.java:logGet(46)) - raft.server.threadpool.proxy.cached = true (default)
2022-09-08 01:53:57,476 [Listener at 127.0.0.1/41643] INFO  server.RaftServerConfigKeys (ConfUtils.java:logGet(46)) - raft.server.threadpool.proxy.size = 0 (default)
2022-09-08 01:53:57,476 [Listener at 127.0.0.1/41643] INFO  server.RaftServerConfigKeys (ConfUtils.java:logGet(46)) - raft.server.rpc.slowness.timeout = 300s (custom)
2022-09-08 01:53:57,476 [Listener at 127.0.0.1/41643] INFO  server.RaftServerConfigKeys (ConfUtils.java:logGet(46)) - raft.server.leaderelection.leader.step-down.wait-time = 10s (default)
2022-09-08 01:53:57,476 [Listener at 127.0.0.1/41643] INFO  server.RaftServerConfigKeys (ConfUtils.java:logGet(46)) - raft.server.storage.dir = [/home/runner/work/ozone/ozone/hadoop-ozone/integration-test/target/test-dir/MiniOzoneClusterImpl-e6b4e619-fda6-43cc-821e-80e1de6684e8/datanode-2/data/ratis] (custom)
2022-09-08 01:53:57,480 [Listener at 127.0.0.1/41643] INFO  server.XceiverServerGrpc (XceiverServerGrpc.java:<init>(132)) - GrpcServer channel type EpollServerSocketChannel
2022-09-08 01:53:57,536 [Listener at 127.0.0.1/41643] INFO  http.BaseHttpServer (BaseHttpServer.java:newHttpServer2BuilderForOzone(213)) - Starting Web-server for hddsDatanode at: http://0.0.0.0:0
2022-09-08 01:53:57,536 [Listener at 127.0.0.1/41643] INFO  http.BaseHttpServer (BaseHttpServer.java:<init>(108)) - Hadoop Security Enabled: false Ozone Security Enabled: false Ozone HTTP Security Enabled: false 
2022-09-08 01:53:57,537 [Listener at 127.0.0.1/41643] INFO  server.AuthenticationFilter (AuthenticationFilter.java:constructSecretProvider(240)) - Unable to initialize FileSignerSecretProvider, falling back to use random secrets.
2022-09-08 01:53:57,540 [Listener at 127.0.0.1/41643] WARN  http.HttpRequestLog (HttpRequestLog.java:getRequestLog(103)) - Jetty request log can only be enabled using Log4j
2022-09-08 01:53:57,542 [Listener at 127.0.0.1/41643] INFO  http.HttpServer2 (HttpServer2.java:addGlobalFilter(1029)) - Added global filter 'safety' (class=org.apache.hadoop.hdds.server.http.HttpServer2$QuotingInputFilter)
2022-09-08 01:53:57,542 [Listener at 127.0.0.1/41643] INFO  http.HttpServer2 (HttpServer2.java:addFilter(1005)) - Added filter static_user_filter (class=org.apache.hadoop.http.lib.StaticUserWebFilter$StaticUserFilter) to context hddsDatanode
2022-09-08 01:53:57,542 [Listener at 127.0.0.1/41643] INFO  http.HttpServer2 (HttpServer2.java:addFilter(1013)) - Added filter static_user_filter (class=org.apache.hadoop.http.lib.StaticUserWebFilter$StaticUserFilter) to context static
2022-09-08 01:53:57,542 [Listener at 127.0.0.1/41643] INFO  http.HttpServer2 (HttpServer2.java:addFilter(1013)) - Added filter static_user_filter (class=org.apache.hadoop.http.lib.StaticUserWebFilter$StaticUserFilter) to context logs
2022-09-08 01:53:57,543 [Listener at 127.0.0.1/41643] INFO  http.HttpServer2 (HttpServer2.java:bindListener(1248)) - Jetty bound to port 42967
2022-09-08 01:53:57,543 [Listener at 127.0.0.1/41643] INFO  server.Server (Server.java:doStart(375)) - jetty-9.4.43.v20210629; built: 2021-06-30T11:07:22.254Z; git: 526006ecfa3af7f1a27ef3a288e2bef7ea9dd7e8; jvm 1.8.0_345-b01
2022-09-08 01:53:57,557 [Listener at 127.0.0.1/41643] INFO  server.session (DefaultSessionIdManager.java:doStart(334)) - DefaultSessionIdManager workerName=node0
2022-09-08 01:53:57,557 [Listener at 127.0.0.1/41643] INFO  server.session (DefaultSessionIdManager.java:doStart(339)) - No SessionScavenger set, using defaults
2022-09-08 01:53:57,558 [Listener at 127.0.0.1/41643] INFO  server.session (HouseKeeper.java:startScavenging(132)) - node0 Scavenging every 600000ms
2022-09-08 01:53:57,558 [Listener at 127.0.0.1/41643] INFO  handler.ContextHandler (ContextHandler.java:doStart(915)) - Started o.e.j.s.ServletContextHandler@1edb31ec{logs,/logs,file:///home/runner/work/ozone/ozone/hadoop-ozone/integration-test/target/log,AVAILABLE}
2022-09-08 01:53:57,558 [Listener at 127.0.0.1/41643] INFO  handler.ContextHandler (ContextHandler.java:doStart(915)) - Started o.e.j.s.ServletContextHandler@4ade9b2e{static,/static,jar:file:/home/runner/.m2/repository/org/apache/ozone/hdds-container-service/1.3.0-SNAPSHOT/hdds-container-service-1.3.0-SNAPSHOT.jar!/webapps/static,AVAILABLE}
2022-09-08 01:53:57,858 [Listener at 127.0.0.1/41643] INFO  handler.ContextHandler (ContextHandler.java:doStart(915)) - Started o.e.j.w.WebAppContext@b9a07a1{hddsDatanode,/,file:///tmp/jetty-0_0_0_0-42967-hdds-container-service-1_3_0-SNAPSHOT_jar-_-any-5193863015425029705/webapp/,AVAILABLE}{jar:file:/home/runner/.m2/repository/org/apache/ozone/hdds-container-service/1.3.0-SNAPSHOT/hdds-container-service-1.3.0-SNAPSHOT.jar!/webapps/hddsDatanode}
2022-09-08 01:53:57,872 [Listener at 127.0.0.1/41643] INFO  server.AbstractConnector (AbstractConnector.java:doStart(331)) - Started ServerConnector@19b6b6{HTTP/1.1, (http/1.1)}{0.0.0.0:42967}
2022-09-08 01:53:57,872 [Listener at 127.0.0.1/41643] INFO  server.Server (Server.java:doStart(415)) - Started @169436ms
2022-09-08 01:53:57,872 [Listener at 127.0.0.1/41643] WARN  impl.MetricsSystemImpl (MetricsSystemImpl.java:register(279)) - Sink prometheus already exists!
2022-09-08 01:53:57,873 [Listener at 127.0.0.1/41643] INFO  http.BaseHttpServer (BaseHttpServer.java:updateConnectorAddress(333)) - HTTP server of hddsDatanode listening at http://0.0.0.0:42967
2022-09-08 01:53:57,879 [Listener at 127.0.0.1/41643] INFO  ozone.MiniOzoneClusterImpl (MiniOzoneClusterImpl.java:lambda$waitForClusterToBeReady$0(216)) - Waiting for nodes to be ready. Got 0 of 3 DN Heartbeats.
2022-09-08 01:53:57,880 [Listener at 127.0.0.1/41643] INFO  ozone.MiniOzoneClusterImpl (MiniOzoneClusterImpl.java:lambda$waitForClusterToBeReady$0(219)) - Waiting for cluster to exit safe mode
2022-09-08 01:53:57,880 [Listener at 127.0.0.1/41643] INFO  ozone.MiniOzoneClusterImpl (MiniOzoneClusterImpl.java:lambda$waitForClusterToBeReady$0(221)) - SCM became leader
2022-09-08 01:53:57,880 [Datanode State Machine Daemon Thread] INFO  statemachine.DatanodeStateMachine (DatanodeStateMachine.java:lambda$startDaemon$0(492)) - Ozone container server started.
2022-09-08 01:53:57,916 [org.apache.hadoop.util.JvmPauseMonitor$Monitor@2985e73] INFO  util.JvmPauseMonitor (JvmPauseMonitor.java:run(188)) - Starting JVM pause monitor
2022-09-08 01:53:57,918 [Datanode State Machine Task Thread - 0] INFO  datanode.InitDatanodeState (InitDatanodeState.java:persistContainerDatanodeDetails(138)) - DatanodeDetails is persisted to /home/runner/work/ozone/ozone/hadoop-ozone/integration-test/target/test-dir/MiniOzoneClusterImpl-e6b4e619-fda6-43cc-821e-80e1de6684e8/datanode-2/meta/datanode.id
2022-09-08 01:53:58,596 [EndpointStateMachine task thread for /0.0.0.0:34901 - 0 ] INFO  volume.HddsVolume (HddsVolume.java:createDbStore(310)) - SchemaV3 db is created and loaded at /home/runner/work/ozone/ozone/hadoop-ozone/integration-test/target/test-dir/MiniOzoneClusterImpl-e6b4e619-fda6-43cc-821e-80e1de6684e8/datanode-0/data-0/containers/hdds/e6b4e619-fda6-43cc-821e-80e1de6684e8/DS-4a41d232-dcd3-47b9-abd0-ae729c084220/container.db for volume DS-4a41d232-dcd3-47b9-abd0-ae729c084220
2022-09-08 01:53:58,607 [EndpointStateMachine task thread for /0.0.0.0:34901 - 0 ] INFO  volume.HddsVolume (HddsVolume.java:closeDbStore(341)) - SchemaV3 db is stopped at /home/runner/work/ozone/ozone/hadoop-ozone/integration-test/target/test-dir/MiniOzoneClusterImpl-e6b4e619-fda6-43cc-821e-80e1de6684e8/datanode-0/data-0/containers/hdds/e6b4e619-fda6-43cc-821e-80e1de6684e8/DS-4a41d232-dcd3-47b9-abd0-ae729c084220/container.db for volume DS-4a41d232-dcd3-47b9-abd0-ae729c084220
2022-09-08 01:53:58,607 [EndpointStateMachine task thread for /0.0.0.0:34901 - 0 ] INFO  ozoneimpl.OzoneContainer (OzoneContainer.java:start(378)) - Attempting to start container services.
2022-09-08 01:53:58,608 [EndpointStateMachine task thread for /0.0.0.0:34901 - 0 ] INFO  ozoneimpl.OzoneContainer (OzoneContainer.java:startContainerScrub(313)) - Background container scanner has been disabled.
2022-09-08 01:53:58,629 [EndpointStateMachine task thread for /0.0.0.0:34901 - 0 ] INFO  replication.ReplicationServer (ReplicationServer.java:start(111)) - ReplicationServer is started using port 36625
2022-09-08 01:53:58,630 [EndpointStateMachine task thread for /0.0.0.0:34901 - 0 ] INFO  ratis.XceiverServerRatis (XceiverServerRatis.java:start(481)) - Starting XceiverServerRatis c6cac806-9b46-4ea6-8693-fe4fd7df8991
2022-09-08 01:53:58,630 [EndpointStateMachine task thread for /0.0.0.0:34901 - 0 ] INFO  server.RaftServer (RaftServerProxy.java:lambda$start$6(382)) - c6cac806-9b46-4ea6-8693-fe4fd7df8991: start RPC server
2022-09-08 01:53:58,637 [EndpointStateMachine task thread for /0.0.0.0:34901 - 0 ] INFO  server.GrpcService (GrpcService.java:startImpl(260)) - c6cac806-9b46-4ea6-8693-fe4fd7df8991: GrpcService started, listening on 35957
2022-09-08 01:53:58,645 [EndpointStateMachine task thread for /0.0.0.0:34901 - 0 ] INFO  ratis.XceiverServerRatis (XceiverServerRatis.java:getRealPort(502)) - XceiverServerRatis c6cac806-9b46-4ea6-8693-fe4fd7df8991 is started using port 35957 for RATIS
2022-09-08 01:53:58,645 [EndpointStateMachine task thread for /0.0.0.0:34901 - 0 ] INFO  ratis.XceiverServerRatis (XceiverServerRatis.java:getRealPort(502)) - XceiverServerRatis c6cac806-9b46-4ea6-8693-fe4fd7df8991 is started using port 35957 for RATIS_ADMIN
2022-09-08 01:53:58,645 [EndpointStateMachine task thread for /0.0.0.0:34901 - 0 ] INFO  ratis.XceiverServerRatis (XceiverServerRatis.java:getRealPort(502)) - XceiverServerRatis c6cac806-9b46-4ea6-8693-fe4fd7df8991 is started using port 35957 for RATIS_SERVER
2022-09-08 01:53:58,654 [org.apache.ratis.util.JvmPauseMonitor$$Lambda$687/845490267@7107d91] INFO  util.JvmPauseMonitor (JvmPauseMonitor.java:run(103)) - JvmPauseMonitor-c6cac806-9b46-4ea6-8693-fe4fd7df8991: Started
2022-09-08 01:53:58,674 [EndpointStateMachine task thread for /0.0.0.0:34901 - 0 ] INFO  server.XceiverServerGrpc (XceiverServerGrpc.java:start(180)) - XceiverServerGrpc c6cac806-9b46-4ea6-8693-fe4fd7df8991 is started using port 35269
2022-09-08 01:53:58,883 [Listener at 127.0.0.1/41643] INFO  ozone.MiniOzoneClusterImpl (MiniOzoneClusterImpl.java:lambda$waitForClusterToBeReady$0(216)) - Waiting for nodes to be ready. Got 0 of 3 DN Heartbeats.
2022-09-08 01:53:58,883 [Listener at 127.0.0.1/41643] INFO  ozone.MiniOzoneClusterImpl (MiniOzoneClusterImpl.java:lambda$waitForClusterToBeReady$0(219)) - Waiting for cluster to exit safe mode
2022-09-08 01:53:58,883 [Listener at 127.0.0.1/41643] INFO  ozone.MiniOzoneClusterImpl (MiniOzoneClusterImpl.java:lambda$waitForClusterToBeReady$0(221)) - SCM became leader
2022-09-08 01:53:59,372 [EndpointStateMachine task thread for /0.0.0.0:34901 - 0 ] INFO  volume.HddsVolume (HddsVolume.java:createDbStore(310)) - SchemaV3 db is created and loaded at /home/runner/work/ozone/ozone/hadoop-ozone/integration-test/target/test-dir/MiniOzoneClusterImpl-e6b4e619-fda6-43cc-821e-80e1de6684e8/datanode-1/data-0/containers/hdds/e6b4e619-fda6-43cc-821e-80e1de6684e8/DS-5422121f-7a2a-4213-b31b-ba247b76b6c6/container.db for volume DS-5422121f-7a2a-4213-b31b-ba247b76b6c6
2022-09-08 01:53:59,373 [EndpointStateMachine task thread for /0.0.0.0:34901 - 0 ] INFO  volume.HddsVolume (HddsVolume.java:closeDbStore(341)) - SchemaV3 db is stopped at /home/runner/work/ozone/ozone/hadoop-ozone/integration-test/target/test-dir/MiniOzoneClusterImpl-e6b4e619-fda6-43cc-821e-80e1de6684e8/datanode-1/data-0/containers/hdds/e6b4e619-fda6-43cc-821e-80e1de6684e8/DS-5422121f-7a2a-4213-b31b-ba247b76b6c6/container.db for volume DS-5422121f-7a2a-4213-b31b-ba247b76b6c6
2022-09-08 01:53:59,373 [EndpointStateMachine task thread for /0.0.0.0:34901 - 0 ] INFO  ozoneimpl.OzoneContainer (OzoneContainer.java:start(378)) - Attempting to start container services.
2022-09-08 01:53:59,373 [EndpointStateMachine task thread for /0.0.0.0:34901 - 0 ] INFO  ozoneimpl.OzoneContainer (OzoneContainer.java:startContainerScrub(313)) - Background container scanner has been disabled.
2022-09-08 01:53:59,393 [EndpointStateMachine task thread for /0.0.0.0:34901 - 0 ] INFO  replication.ReplicationServer (ReplicationServer.java:start(111)) - ReplicationServer is started using port 35621
2022-09-08 01:53:59,415 [EndpointStateMachine task thread for /0.0.0.0:34901 - 0 ] INFO  ratis.XceiverServerRatis (XceiverServerRatis.java:start(481)) - Starting XceiverServerRatis e22379da-9f42-4ed5-a6ef-7e4644a055d8
2022-09-08 01:53:59,425 [EndpointStateMachine task thread for /0.0.0.0:34901 - 0 ] INFO  server.RaftServer (RaftServerProxy.java:lambda$start$6(382)) - e22379da-9f42-4ed5-a6ef-7e4644a055d8: start RPC server
2022-09-08 01:53:59,449 [EndpointStateMachine task thread for /0.0.0.0:34901 - 0 ] INFO  server.GrpcService (GrpcService.java:startImpl(260)) - e22379da-9f42-4ed5-a6ef-7e4644a055d8: GrpcService started, listening on 42135
2022-09-08 01:53:59,450 [EndpointStateMachine task thread for /0.0.0.0:34901 - 0 ] INFO  ratis.XceiverServerRatis (XceiverServerRatis.java:getRealPort(502)) - XceiverServerRatis e22379da-9f42-4ed5-a6ef-7e4644a055d8 is started using port 42135 for RATIS
2022-09-08 01:53:59,450 [EndpointStateMachine task thread for /0.0.0.0:34901 - 0 ] INFO  ratis.XceiverServerRatis (XceiverServerRatis.java:getRealPort(502)) - XceiverServerRatis e22379da-9f42-4ed5-a6ef-7e4644a055d8 is started using port 42135 for RATIS_ADMIN
2022-09-08 01:53:59,450 [EndpointStateMachine task thread for /0.0.0.0:34901 - 0 ] INFO  ratis.XceiverServerRatis (XceiverServerRatis.java:getRealPort(502)) - XceiverServerRatis e22379da-9f42-4ed5-a6ef-7e4644a055d8 is started using port 42135 for RATIS_SERVER
2022-09-08 01:53:59,450 [org.apache.ratis.util.JvmPauseMonitor$$Lambda$687/845490267@3d8e87ed] INFO  util.JvmPauseMonitor (JvmPauseMonitor.java:run(103)) - JvmPauseMonitor-e22379da-9f42-4ed5-a6ef-7e4644a055d8: Started
2022-09-08 01:53:59,491 [EndpointStateMachine task thread for /0.0.0.0:34901 - 0 ] INFO  server.XceiverServerGrpc (XceiverServerGrpc.java:start(180)) - XceiverServerGrpc e22379da-9f42-4ed5-a6ef-7e4644a055d8 is started using port 37417
2022-09-08 01:53:59,883 [Listener at 127.0.0.1/41643] INFO  ozone.MiniOzoneClusterImpl (MiniOzoneClusterImpl.java:lambda$waitForClusterToBeReady$0(216)) - Waiting for nodes to be ready. Got 0 of 3 DN Heartbeats.
2022-09-08 01:53:59,884 [Listener at 127.0.0.1/41643] INFO  ozone.MiniOzoneClusterImpl (MiniOzoneClusterImpl.java:lambda$waitForClusterToBeReady$0(219)) - Waiting for cluster to exit safe mode
2022-09-08 01:53:59,884 [Listener at 127.0.0.1/41643] INFO  ozone.MiniOzoneClusterImpl (MiniOzoneClusterImpl.java:lambda$waitForClusterToBeReady$0(221)) - SCM became leader
2022-09-08 01:53:59,989 [EndpointStateMachine task thread for /0.0.0.0:34901 - 0 ] INFO  volume.HddsVolume (HddsVolume.java:createDbStore(310)) - SchemaV3 db is created and loaded at /home/runner/work/ozone/ozone/hadoop-ozone/integration-test/target/test-dir/MiniOzoneClusterImpl-e6b4e619-fda6-43cc-821e-80e1de6684e8/datanode-2/data-0/containers/hdds/e6b4e619-fda6-43cc-821e-80e1de6684e8/DS-74bca838-1aad-4435-8386-f699aea8e558/container.db for volume DS-74bca838-1aad-4435-8386-f699aea8e558
2022-09-08 01:53:59,990 [EndpointStateMachine task thread for /0.0.0.0:34901 - 0 ] INFO  volume.HddsVolume (HddsVolume.java:closeDbStore(341)) - SchemaV3 db is stopped at /home/runner/work/ozone/ozone/hadoop-ozone/integration-test/target/test-dir/MiniOzoneClusterImpl-e6b4e619-fda6-43cc-821e-80e1de6684e8/datanode-2/data-0/containers/hdds/e6b4e619-fda6-43cc-821e-80e1de6684e8/DS-74bca838-1aad-4435-8386-f699aea8e558/container.db for volume DS-74bca838-1aad-4435-8386-f699aea8e558
2022-09-08 01:53:59,990 [EndpointStateMachine task thread for /0.0.0.0:34901 - 0 ] INFO  ozoneimpl.OzoneContainer (OzoneContainer.java:start(378)) - Attempting to start container services.
2022-09-08 01:53:59,990 [EndpointStateMachine task thread for /0.0.0.0:34901 - 0 ] INFO  ozoneimpl.OzoneContainer (OzoneContainer.java:startContainerScrub(313)) - Background container scanner has been disabled.
2022-09-08 01:54:00,015 [EndpointStateMachine task thread for /0.0.0.0:34901 - 0 ] INFO  replication.ReplicationServer (ReplicationServer.java:start(111)) - ReplicationServer is started using port 38871
2022-09-08 01:54:00,027 [EndpointStateMachine task thread for /0.0.0.0:34901 - 0 ] INFO  ratis.XceiverServerRatis (XceiverServerRatis.java:start(481)) - Starting XceiverServerRatis 0a235e6c-edea-4652-8f55-95ab3f4a2b18
2022-09-08 01:54:00,028 [EndpointStateMachine task thread for /0.0.0.0:34901 - 0 ] INFO  server.RaftServer (RaftServerProxy.java:lambda$start$6(382)) - 0a235e6c-edea-4652-8f55-95ab3f4a2b18: start RPC server
2022-09-08 01:54:00,031 [EndpointStateMachine task thread for /0.0.0.0:34901 - 0 ] INFO  server.GrpcService (GrpcService.java:startImpl(260)) - 0a235e6c-edea-4652-8f55-95ab3f4a2b18: GrpcService started, listening on 45595
2022-09-08 01:54:00,041 [EndpointStateMachine task thread for /0.0.0.0:34901 - 0 ] INFO  ratis.XceiverServerRatis (XceiverServerRatis.java:getRealPort(502)) - XceiverServerRatis 0a235e6c-edea-4652-8f55-95ab3f4a2b18 is started using port 45595 for RATIS
2022-09-08 01:54:00,041 [EndpointStateMachine task thread for /0.0.0.0:34901 - 0 ] INFO  ratis.XceiverServerRatis (XceiverServerRatis.java:getRealPort(502)) - XceiverServerRatis 0a235e6c-edea-4652-8f55-95ab3f4a2b18 is started using port 45595 for RATIS_ADMIN
2022-09-08 01:54:00,041 [EndpointStateMachine task thread for /0.0.0.0:34901 - 0 ] INFO  ratis.XceiverServerRatis (XceiverServerRatis.java:getRealPort(502)) - XceiverServerRatis 0a235e6c-edea-4652-8f55-95ab3f4a2b18 is started using port 45595 for RATIS_SERVER
2022-09-08 01:54:00,041 [org.apache.ratis.util.JvmPauseMonitor$$Lambda$687/845490267@79dd0943] INFO  util.JvmPauseMonitor (JvmPauseMonitor.java:run(103)) - JvmPauseMonitor-0a235e6c-edea-4652-8f55-95ab3f4a2b18: Started
2022-09-08 01:54:00,097 [EndpointStateMachine task thread for /0.0.0.0:34901 - 0 ] INFO  server.XceiverServerGrpc (XceiverServerGrpc.java:start(180)) - XceiverServerGrpc 0a235e6c-edea-4652-8f55-95ab3f4a2b18 is started using port 33305
2022-09-08 01:54:00,514 [IPC Server handler 15 on default port 34901] INFO  net.NetworkTopologyImpl (NetworkTopologyImpl.java:add(112)) - Added a new node: /default-rack/c6cac806-9b46-4ea6-8693-fe4fd7df8991
2022-09-08 01:54:00,514 [IPC Server handler 15 on default port 34901] INFO  node.SCMNodeManager (SCMNodeManager.java:register(397)) - Registered Data node : c6cac806-9b46-4ea6-8693-fe4fd7df8991{ip: 10.1.1.0, host: fv-az38-857.qiceih3q1hfe5a3ai3y3qk2fta.cx.internal.cloudapp.net, ports: [REPLICATION=36625, RATIS=35957, RATIS_ADMIN=35957, RATIS_SERVER=35957, STANDALONE=35269], networkLocation: /default-rack, certSerialId: null, persistedOpState: null, persistedOpStateExpiryEpochSec: 0}
2022-09-08 01:54:00,521 [EventQueue-NodeRegistrationContainerReportForDataNodeSafeModeRule] INFO  safemode.SCMSafeModeManager (DataNodeSafeModeRule.java:process(71)) - SCM in safe mode. 1 DataNodes registered, 3 required.
2022-09-08 01:54:00,522 [EventQueue-NodeRegistrationContainerReportForContainerSafeModeRule] INFO  safemode.SCMSafeModeManager (SCMSafeModeManager.java:validateSafeModeExitRules(204)) - ContainerSafeModeRule rule is successfully validated
2022-09-08 01:54:00,534 [EventQueue-PipelineReportForOneReplicaPipelineSafeModeRule] INFO  safemode.SCMSafeModeManager (SCMSafeModeManager.java:validateSafeModeExitRules(204)) - AtleastOneDatanodeReportedRule rule is successfully validated
2022-09-08 01:54:00,534 [EventQueue-NewNodeForNewNodeHandler] INFO  pipeline.BackgroundPipelineCreator (BackgroundPipelineCreator.java:notifyEventTriggered(276)) - trigger a one-shot run on RatisPipelineUtilsThread.
2022-09-08 01:54:00,540 [RatisPipelineUtilsThread - 0] INFO  pipeline.RatisPipelineProvider (RatisPipelineProvider.java:lambda$create$0(195)) - Sending CreatePipelineCommand for pipeline:PipelineID=049e3ea5-c481-4a1f-a48b-b283e50545ef to datanode:c6cac806-9b46-4ea6-8693-fe4fd7df8991
2022-09-08 01:54:00,547 [RatisPipelineUtilsThread - 0] INFO  pipeline.PipelineStateManagerImpl (PipelineStateManagerImpl.java:addPipeline(103)) - Created pipeline Pipeline[ Id: 049e3ea5-c481-4a1f-a48b-b283e50545ef, Nodes: c6cac806-9b46-4ea6-8693-fe4fd7df8991{ip: 10.1.1.0, host: fv-az38-857.qiceih3q1hfe5a3ai3y3qk2fta.cx.internal.cloudapp.net, ports: [REPLICATION=36625, RATIS=35957, RATIS_ADMIN=35957, RATIS_SERVER=35957, STANDALONE=35269], networkLocation: /default-rack, certSerialId: null, persistedOpState: IN_SERVICE, persistedOpStateExpiryEpochSec: 0}, ReplicationConfig: RATIS/ONE, State:ALLOCATED, leaderId:, CreationTimestamp2022-09-08T01:54:00.540Z[Etc/UTC]].
2022-09-08 01:54:00,884 [Listener at 127.0.0.1/41643] INFO  ozone.MiniOzoneClusterImpl (MiniOzoneClusterImpl.java:lambda$waitForClusterToBeReady$0(216)) - Waiting for nodes to be ready. Got 1 of 3 DN Heartbeats.
2022-09-08 01:54:00,884 [Listener at 127.0.0.1/41643] INFO  ozone.MiniOzoneClusterImpl (MiniOzoneClusterImpl.java:lambda$waitForClusterToBeReady$0(219)) - Waiting for cluster to exit safe mode
2022-09-08 01:54:00,884 [Listener at 127.0.0.1/41643] INFO  ozone.MiniOzoneClusterImpl (MiniOzoneClusterImpl.java:lambda$waitForClusterToBeReady$0(221)) - SCM became leader
2022-09-08 01:54:01,283 [IPC Server handler 0 on default port 34901] INFO  net.NetworkTopologyImpl (NetworkTopologyImpl.java:add(112)) - Added a new node: /default-rack/e22379da-9f42-4ed5-a6ef-7e4644a055d8
2022-09-08 01:54:01,283 [IPC Server handler 0 on default port 34901] INFO  node.SCMNodeManager (SCMNodeManager.java:register(397)) - Registered Data node : e22379da-9f42-4ed5-a6ef-7e4644a055d8{ip: 10.1.1.0, host: fv-az38-857.qiceih3q1hfe5a3ai3y3qk2fta.cx.internal.cloudapp.net, ports: [REPLICATION=35621, RATIS=42135, RATIS_ADMIN=42135, RATIS_SERVER=42135, STANDALONE=37417], networkLocation: /default-rack, certSerialId: null, persistedOpState: null, persistedOpStateExpiryEpochSec: 0}
2022-09-08 01:54:01,283 [EventQueue-NewNodeForNewNodeHandler] INFO  pipeline.BackgroundPipelineCreator (BackgroundPipelineCreator.java:notifyEventTriggered(276)) - trigger a one-shot run on RatisPipelineUtilsThread.
2022-09-08 01:54:01,287 [EventQueue-NodeRegistrationContainerReportForDataNodeSafeModeRule] INFO  safemode.SCMSafeModeManager (DataNodeSafeModeRule.java:process(71)) - SCM in safe mode. 2 DataNodes registered, 3 required.
2022-09-08 01:54:01,288 [RatisPipelineUtilsThread - 0] INFO  pipeline.RatisPipelineProvider (RatisPipelineProvider.java:lambda$create$0(195)) - Sending CreatePipelineCommand for pipeline:PipelineID=575ce641-06d7-4829-a9ee-cafc4940d0c5 to datanode:e22379da-9f42-4ed5-a6ef-7e4644a055d8
2022-09-08 01:54:01,289 [RatisPipelineUtilsThread - 0] INFO  pipeline.PipelineStateManagerImpl (PipelineStateManagerImpl.java:addPipeline(103)) - Created pipeline Pipeline[ Id: 575ce641-06d7-4829-a9ee-cafc4940d0c5, Nodes: e22379da-9f42-4ed5-a6ef-7e4644a055d8{ip: 10.1.1.0, host: fv-az38-857.qiceih3q1hfe5a3ai3y3qk2fta.cx.internal.cloudapp.net, ports: [REPLICATION=35621, RATIS=42135, RATIS_ADMIN=42135, RATIS_SERVER=42135, STANDALONE=37417], networkLocation: /default-rack, certSerialId: null, persistedOpState: IN_SERVICE, persistedOpStateExpiryEpochSec: 0}, ReplicationConfig: RATIS/ONE, State:ALLOCATED, leaderId:, CreationTimestamp2022-09-08T01:54:01.288Z[Etc/UTC]].
2022-09-08 01:54:01,885 [Listener at 127.0.0.1/41643] INFO  ozone.MiniOzoneClusterImpl (MiniOzoneClusterImpl.java:lambda$waitForClusterToBeReady$0(216)) - Waiting for nodes to be ready. Got 2 of 3 DN Heartbeats.
2022-09-08 01:54:01,885 [Listener at 127.0.0.1/41643] INFO  ozone.MiniOzoneClusterImpl (MiniOzoneClusterImpl.java:lambda$waitForClusterToBeReady$0(219)) - Waiting for cluster to exit safe mode
2022-09-08 01:54:01,885 [Listener at 127.0.0.1/41643] INFO  ozone.MiniOzoneClusterImpl (MiniOzoneClusterImpl.java:lambda$waitForClusterToBeReady$0(221)) - SCM became leader
2022-09-08 01:54:01,918 [IPC Server handler 4 on default port 34901] INFO  net.NetworkTopologyImpl (NetworkTopologyImpl.java:add(112)) - Added a new node: /default-rack/0a235e6c-edea-4652-8f55-95ab3f4a2b18
2022-09-08 01:54:01,919 [IPC Server handler 4 on default port 34901] INFO  node.SCMNodeManager (SCMNodeManager.java:register(397)) - Registered Data node : 0a235e6c-edea-4652-8f55-95ab3f4a2b18{ip: 10.1.1.0, host: fv-az38-857.qiceih3q1hfe5a3ai3y3qk2fta.cx.internal.cloudapp.net, ports: [REPLICATION=38871, RATIS=45595, RATIS_ADMIN=45595, RATIS_SERVER=45595, STANDALONE=33305], networkLocation: /default-rack, certSerialId: null, persistedOpState: null, persistedOpStateExpiryEpochSec: 0}
2022-09-08 01:54:01,919 [EventQueue-NewNodeForNewNodeHandler] INFO  pipeline.BackgroundPipelineCreator (BackgroundPipelineCreator.java:notifyEventTriggered(276)) - trigger a one-shot run on RatisPipelineUtilsThread.
2022-09-08 01:54:01,919 [RatisPipelineUtilsThread - 0] INFO  pipeline.RatisPipelineProvider (RatisPipelineProvider.java:lambda$create$0(195)) - Sending CreatePipelineCommand for pipeline:PipelineID=2400d684-ed3a-467c-9669-952f8fdda975 to datanode:0a235e6c-edea-4652-8f55-95ab3f4a2b18
2022-09-08 01:54:01,920 [EventQueue-NodeRegistrationContainerReportForDataNodeSafeModeRule] INFO  safemode.SCMSafeModeManager (DataNodeSafeModeRule.java:process(71)) - SCM in safe mode. 3 DataNodes registered, 3 required.
2022-09-08 01:54:01,920 [EventQueue-NodeRegistrationContainerReportForDataNodeSafeModeRule] INFO  safemode.SCMSafeModeManager (SCMSafeModeManager.java:validateSafeModeExitRules(204)) - DataNodeSafeModeRule rule is successfully validated
2022-09-08 01:54:01,920 [EventQueue-NodeRegistrationContainerReportForDataNodeSafeModeRule] INFO  safemode.SCMSafeModeManager (SCMSafeModeManager.java:completePreCheck(233)) - All SCM safe mode pre check rules have passed
2022-09-08 01:54:01,920 [EventQueue-NodeRegistrationContainerReportForDataNodeSafeModeRule] WARN  events.EventQueue (EventQueue.java:fireEvent(216)) - No event handler registered for event TypedEvent{payloadType=SafeModeStatus, name='Safe mode status'}
2022-09-08 01:54:01,920 [EventQueue-NodeRegistrationContainerReportForDataNodeSafeModeRule] INFO  ha.SCMContext (SCMContext.java:updateSafeModeStatus(228)) - Update SafeModeStatus from SafeModeStatus{safeModeStatus=true, preCheckPassed=false} to SafeModeStatus{safeModeStatus=true, preCheckPassed=true}.
2022-09-08 01:54:01,920 [EventQueue-NodeRegistrationContainerReportForDataNodeSafeModeRule] INFO  pipeline.BackgroundPipelineCreator (BackgroundPipelineCreator.java:notifyEventTriggered(276)) - trigger a one-shot run on RatisPipelineUtilsThread.
2022-09-08 01:54:01,920 [RatisPipelineUtilsThread - 0] INFO  pipeline.PipelineStateManagerImpl (PipelineStateManagerImpl.java:addPipeline(103)) - Created pipeline Pipeline[ Id: 2400d684-ed3a-467c-9669-952f8fdda975, Nodes: 0a235e6c-edea-4652-8f55-95ab3f4a2b18{ip: 10.1.1.0, host: fv-az38-857.qiceih3q1hfe5a3ai3y3qk2fta.cx.internal.cloudapp.net, ports: [REPLICATION=38871, RATIS=45595, RATIS_ADMIN=45595, RATIS_SERVER=45595, STANDALONE=33305], networkLocation: /default-rack, certSerialId: null, persistedOpState: IN_SERVICE, persistedOpStateExpiryEpochSec: 0}, ReplicationConfig: RATIS/ONE, State:ALLOCATED, leaderId:, CreationTimestamp2022-09-08T01:54:01.919Z[Etc/UTC]].
2022-09-08 01:54:01,920 [RatisPipelineUtilsThread - 0] INFO  pipeline.RatisPipelineProvider (RatisPipelineProvider.java:lambda$create$0(195)) - Sending CreatePipelineCommand for pipeline:PipelineID=cf1139df-d6dd-4276-a382-2a684f42ce3b to datanode:e22379da-9f42-4ed5-a6ef-7e4644a055d8
2022-09-08 01:54:01,920 [RatisPipelineUtilsThread - 0] INFO  pipeline.RatisPipelineProvider (RatisPipelineProvider.java:lambda$create$0(195)) - Sending CreatePipelineCommand for pipeline:PipelineID=cf1139df-d6dd-4276-a382-2a684f42ce3b to datanode:c6cac806-9b46-4ea6-8693-fe4fd7df8991
2022-09-08 01:54:01,920 [RatisPipelineUtilsThread - 0] INFO  pipeline.RatisPipelineProvider (RatisPipelineProvider.java:lambda$create$0(195)) - Sending CreatePipelineCommand for pipeline:PipelineID=cf1139df-d6dd-4276-a382-2a684f42ce3b to datanode:0a235e6c-edea-4652-8f55-95ab3f4a2b18
2022-09-08 01:54:01,921 [RatisPipelineUtilsThread - 0] INFO  pipeline.PipelineStateManagerImpl (PipelineStateManagerImpl.java:addPipeline(103)) - Created pipeline Pipeline[ Id: cf1139df-d6dd-4276-a382-2a684f42ce3b, Nodes: e22379da-9f42-4ed5-a6ef-7e4644a055d8{ip: 10.1.1.0, host: fv-az38-857.qiceih3q1hfe5a3ai3y3qk2fta.cx.internal.cloudapp.net, ports: [REPLICATION=35621, RATIS=42135, RATIS_ADMIN=42135, RATIS_SERVER=42135, STANDALONE=37417], networkLocation: /default-rack, certSerialId: null, persistedOpState: IN_SERVICE, persistedOpStateExpiryEpochSec: 0}c6cac806-9b46-4ea6-8693-fe4fd7df8991{ip: 10.1.1.0, host: fv-az38-857.qiceih3q1hfe5a3ai3y3qk2fta.cx.internal.cloudapp.net, ports: [REPLICATION=36625, RATIS=35957, RATIS_ADMIN=35957, RATIS_SERVER=35957, STANDALONE=35269], networkLocation: /default-rack, certSerialId: null, persistedOpState: IN_SERVICE, persistedOpStateExpiryEpochSec: 0}0a235e6c-edea-4652-8f55-95ab3f4a2b18{ip: 10.1.1.0, host: fv-az38-857.qiceih3q1hfe5a3ai3y3qk2fta.cx.internal.cloudapp.net, ports: [REPLICATION=38871, RATIS=45595, RATIS_ADMIN=45595, RATIS_SERVER=45595, STANDALONE=33305], networkLocation: /default-rack, certSerialId: null, persistedOpState: IN_SERVICE, persistedOpStateExpiryEpochSec: 0}, ReplicationConfig: RATIS/THREE, State:ALLOCATED, leaderId:, CreationTimestamp2022-09-08T01:54:01.920Z[Etc/UTC]].
2022-09-08 01:54:01,921 [RatisPipelineUtilsThread - 0] INFO  pipeline.RatisPipelineProvider (RatisPipelineProvider.java:lambda$create$0(195)) - Sending CreatePipelineCommand for pipeline:PipelineID=6a41d487-ba84-4491-8aac-1eb9de725dfd to datanode:e22379da-9f42-4ed5-a6ef-7e4644a055d8
2022-09-08 01:54:01,921 [RatisPipelineUtilsThread - 0] INFO  pipeline.RatisPipelineProvider (RatisPipelineProvider.java:lambda$create$0(195)) - Sending CreatePipelineCommand for pipeline:PipelineID=6a41d487-ba84-4491-8aac-1eb9de725dfd to datanode:c6cac806-9b46-4ea6-8693-fe4fd7df8991
2022-09-08 01:54:01,921 [RatisPipelineUtilsThread - 0] INFO  pipeline.RatisPipelineProvider (RatisPipelineProvider.java:lambda$create$0(195)) - Sending CreatePipelineCommand for pipeline:PipelineID=6a41d487-ba84-4491-8aac-1eb9de725dfd to datanode:0a235e6c-edea-4652-8f55-95ab3f4a2b18
2022-09-08 01:54:01,922 [RatisPipelineUtilsThread - 0] INFO  pipeline.PipelineStateManagerImpl (PipelineStateManagerImpl.java:addPipeline(103)) - Created pipeline Pipeline[ Id: 6a41d487-ba84-4491-8aac-1eb9de725dfd, Nodes: e22379da-9f42-4ed5-a6ef-7e4644a055d8{ip: 10.1.1.0, host: fv-az38-857.qiceih3q1hfe5a3ai3y3qk2fta.cx.internal.cloudapp.net, ports: [REPLICATION=35621, RATIS=42135, RATIS_ADMIN=42135, RATIS_SERVER=42135, STANDALONE=37417], networkLocation: /default-rack, certSerialId: null, persistedOpState: IN_SERVICE, persistedOpStateExpiryEpochSec: 0}c6cac806-9b46-4ea6-8693-fe4fd7df8991{ip: 10.1.1.0, host: fv-az38-857.qiceih3q1hfe5a3ai3y3qk2fta.cx.internal.cloudapp.net, ports: [REPLICATION=36625, RATIS=35957, RATIS_ADMIN=35957, RATIS_SERVER=35957, STANDALONE=35269], networkLocation: /default-rack, certSerialId: null, persistedOpState: IN_SERVICE, persistedOpStateExpiryEpochSec: 0}0a235e6c-edea-4652-8f55-95ab3f4a2b18{ip: 10.1.1.0, host: fv-az38-857.qiceih3q1hfe5a3ai3y3qk2fta.cx.internal.cloudapp.net, ports: [REPLICATION=38871, RATIS=45595, RATIS_ADMIN=45595, RATIS_SERVER=45595, STANDALONE=33305], networkLocation: /default-rack, certSerialId: null, persistedOpState: IN_SERVICE, persistedOpStateExpiryEpochSec: 0}, ReplicationConfig: RATIS/THREE, State:ALLOCATED, leaderId:, CreationTimestamp2022-09-08T01:54:01.921Z[Etc/UTC]].
2022-09-08 01:54:01,922 [RatisPipelineUtilsThread - 0] INFO  pipeline.PipelineManagerImpl (PipelineManagerImpl.java:recordMetricsForPipeline(796)) - Pipeline: PipelineID=6a41d487-ba84-4491-8aac-1eb9de725dfd contains same datanodes as previous pipelines: PipelineID=cf1139df-d6dd-4276-a382-2a684f42ce3b nodeIds: e22379da-9f42-4ed5-a6ef-7e4644a055d8, c6cac806-9b46-4ea6-8693-fe4fd7df8991, 0a235e6c-edea-4652-8f55-95ab3f4a2b18
2022-09-08 01:54:02,886 [Listener at 127.0.0.1/41643] INFO  ozone.MiniOzoneClusterImpl (MiniOzoneClusterImpl.java:lambda$waitForClusterToBeReady$0(216)) - Nodes are ready. Got 3 of 3 DN Heartbeats.
2022-09-08 01:54:02,886 [Listener at 127.0.0.1/41643] INFO  ozone.MiniOzoneClusterImpl (MiniOzoneClusterImpl.java:lambda$waitForClusterToBeReady$0(219)) - Waiting for cluster to exit safe mode
2022-09-08 01:54:02,886 [Listener at 127.0.0.1/41643] INFO  ozone.MiniOzoneClusterImpl (MiniOzoneClusterImpl.java:lambda$waitForClusterToBeReady$0(221)) - SCM became leader
2022-09-08 01:54:03,099 [UnderReplicatedQueueThreadThread] INFO  replication.UnderReplicatedProcessor (UnderReplicatedProcessor.java:processAll(85)) - Processed 0 under replicated containers, failed processing 0
2022-09-08 01:54:03,107 [OverReplicatedQueueThreadThread] INFO  replication.OverReplicatedProcessor (OverReplicatedProcessor.java:processAll(83)) - Processed 0 over replicated containers, failed processing 0
2022-09-08 01:54:03,513 [Command processor thread] INFO  server.RaftServer (RaftServerProxy.java:addNew(96)) - c6cac806-9b46-4ea6-8693-fe4fd7df8991: addNew group-B283E50545EF:[c6cac806-9b46-4ea6-8693-fe4fd7df8991|rpc:10.1.1.0:35957|priority:1] returns group-B283E50545EF:java.util.concurrent.CompletableFuture@13cbc567[Not completed]
2022-09-08 01:54:03,515 [pool-656-thread-1] INFO  server.RaftServer$Division (RaftServerImpl.java:<init>(190)) - c6cac806-9b46-4ea6-8693-fe4fd7df8991: new RaftServerImpl for group-B283E50545EF:[c6cac806-9b46-4ea6-8693-fe4fd7df8991|rpc:10.1.1.0:35957|priority:1] with ContainerStateMachine:uninitialized
2022-09-08 01:54:03,515 [pool-656-thread-1] INFO  server.RaftServerConfigKeys (ConfUtils.java:logGet(46)) - raft.server.rpc.timeout.min = 5s (custom)
2022-09-08 01:54:03,515 [pool-656-thread-1] INFO  server.RaftServerConfigKeys (ConfUtils.java:logGet(46)) - raft.server.rpc.timeout.max = 5200ms (custom)
2022-09-08 01:54:03,515 [pool-656-thread-1] INFO  server.RaftServerConfigKeys (ConfUtils.java:logGet(46)) - raft.server.rpc.sleep.time = 25ms (default)
2022-09-08 01:54:03,515 [pool-656-thread-1] INFO  server.RaftServerConfigKeys (ConfUtils.java:logGet(46)) - raft.server.rpc.slowness.timeout = 300s (custom)
2022-09-08 01:54:03,515 [pool-656-thread-1] INFO  server.RaftServerConfigKeys (ConfUtils.java:logGet(46)) - raft.server.leaderelection.leader.step-down.wait-time = 10s (default)
2022-09-08 01:54:03,515 [pool-656-thread-1] INFO  server.RaftServerConfigKeys (ConfUtils.java:logGet(46)) - raft.server.sleep.deviation.threshold = 300ms (default)
2022-09-08 01:54:03,515 [pool-656-thread-1] INFO  server.RaftServer$Division (ServerState.java:<init>(107)) - c6cac806-9b46-4ea6-8693-fe4fd7df8991@group-B283E50545EF: ConfigurationManager, init=-1: [c6cac806-9b46-4ea6-8693-fe4fd7df8991|rpc:10.1.1.0:35957|priority:1], old=null, confs=<EMPTY_MAP>
2022-09-08 01:54:03,515 [pool-656-thread-1] INFO  server.RaftServerConfigKeys (ConfUtils.java:logGet(46)) - raft.server.storage.dir = [/home/runner/work/ozone/ozone/hadoop-ozone/integration-test/target/test-dir/MiniOzoneClusterImpl-e6b4e619-fda6-43cc-821e-80e1de6684e8/datanode-0/data/ratis] (custom)
2022-09-08 01:54:03,515 [pool-656-thread-1] INFO  server.RaftServerConfigKeys (ConfUtils.java:logGet(46)) - raft.server.log.corruption.policy = EXCEPTION (default)
2022-09-08 01:54:03,515 [pool-656-thread-1] INFO  server.RaftServerConfigKeys (ConfUtils.java:logGet(46)) - raft.server.storage.free-space.min = 0MB (=0) (default)
2022-09-08 01:54:03,516 [pool-656-thread-1] INFO  storage.RaftStorageDirectory (RaftStorageDirectoryImpl.java:analyzeStorage(135)) - The storage directory /home/runner/work/ozone/ozone/hadoop-ozone/integration-test/target/test-dir/MiniOzoneClusterImpl-e6b4e619-fda6-43cc-821e-80e1de6684e8/datanode-0/data/ratis/049e3ea5-c481-4a1f-a48b-b283e50545ef does not exist. Creating ...
2022-09-08 01:54:03,525 [pool-656-thread-1] INFO  storage.RaftStorageDirectory (RaftStorageDirectoryImpl.java:tryLock(230)) - Lock on /home/runner/work/ozone/ozone/hadoop-ozone/integration-test/target/test-dir/MiniOzoneClusterImpl-e6b4e619-fda6-43cc-821e-80e1de6684e8/datanode-0/data/ratis/049e3ea5-c481-4a1f-a48b-b283e50545ef/in_use.lock acquired by nodename 132736@fv-az38-857
2022-09-08 01:54:03,527 [pool-656-thread-1] INFO  storage.RaftStorage (RaftStorageImpl.java:format(89)) - Storage directory /home/runner/work/ozone/ozone/hadoop-ozone/integration-test/target/test-dir/MiniOzoneClusterImpl-e6b4e619-fda6-43cc-821e-80e1de6684e8/datanode-0/data/ratis/049e3ea5-c481-4a1f-a48b-b283e50545ef has been successfully formatted.
2022-09-08 01:54:03,537 [pool-656-thread-1] INFO  ratis.ContainerStateMachine (ContainerStateMachine.java:loadSnapshot(236)) - group-B283E50545EF: The snapshot info is null. Setting the last applied indexto:(t:0, i:~)
2022-09-08 01:54:03,537 [pool-656-thread-1] INFO  server.RaftServerConfigKeys (ConfUtils.java:logGet(46)) - raft.server.notification.no-leader.timeout = 300s (custom)
2022-09-08 01:54:03,537 [pool-656-thread-1] INFO  server.RaftServerConfigKeys (ConfUtils.java:logGet(46)) - raft.server.log.use.memory = false (default)
2022-09-08 01:54:03,537 [pool-656-thread-1] INFO  server.RaftServerConfigKeys (ConfUtils.java:logGet(46)) - raft.server.log.purge.gap = 1000000 (custom)
2022-09-08 01:54:03,538 [pool-656-thread-1] INFO  server.RaftServerConfigKeys (ConfUtils.java:logGet(46)) - raft.server.log.appender.buffer.byte-limit = 33554432 (custom)
2022-09-08 01:54:03,538 [pool-656-thread-1] INFO  server.RaftServerConfigKeys (ConfUtils.java:logGet(46)) - raft.server.log.statemachine.data.read.timeout = 1000ms (default)
2022-09-08 01:54:03,538 [EventQueue-PipelineReportForPipelineReportHandler] INFO  pipeline.PipelineManagerImpl (PipelineManagerImpl.java:openPipeline(367)) - Pipeline Pipeline[ Id: 049e3ea5-c481-4a1f-a48b-b283e50545ef, Nodes: c6cac806-9b46-4ea6-8693-fe4fd7df8991{ip: 10.1.1.0, host: fv-az38-857.qiceih3q1hfe5a3ai3y3qk2fta.cx.internal.cloudapp.net, ports: [REPLICATION=36625, RATIS=35957, RATIS_ADMIN=35957, RATIS_SERVER=35957, STANDALONE=35269], networkLocation: /default-rack, certSerialId: null, persistedOpState: IN_SERVICE, persistedOpStateExpiryEpochSec: 0}, ReplicationConfig: RATIS/ONE, State:ALLOCATED, leaderId:c6cac806-9b46-4ea6-8693-fe4fd7df8991, CreationTimestamp2022-09-08T01:54:00.540Z[Etc/UTC]] moved to OPEN state
2022-09-08 01:54:03,561 [pool-656-thread-1] INFO  server.RaftServerConfigKeys (ConfUtils.java:logGet(46)) - raft.server.log.segment.size.max = 1048576 (custom)
2022-09-08 01:54:03,561 [pool-656-thread-1] INFO  server.RaftServerConfigKeys (ConfUtils.java:logGet(46)) - raft.server.log.segment.cache.num.max = 2 (custom)
2022-09-08 01:54:03,561 [pool-656-thread-1] INFO  server.RaftServerConfigKeys (ConfUtils.java:logGet(46)) - raft.server.log.segment.cache.size.max = 200MB (=209715200) (default)
2022-09-08 01:54:03,561 [pool-656-thread-1] INFO  segmented.SegmentedRaftLogWorker (SegmentedRaftLogWorker.java:<init>(187)) - new c6cac806-9b46-4ea6-8693-fe4fd7df8991@group-B283E50545EF-SegmentedRaftLogWorker for RaftStorageImpl:Storage Directory /home/runner/work/ozone/ozone/hadoop-ozone/integration-test/target/test-dir/MiniOzoneClusterImpl-e6b4e619-fda6-43cc-821e-80e1de6684e8/datanode-0/data/ratis/049e3ea5-c481-4a1f-a48b-b283e50545ef
2022-09-08 01:54:03,561 [pool-656-thread-1] INFO  server.RaftServerConfigKeys (ConfUtils.java:logGet(46)) - raft.server.log.queue.byte-limit = 4294967296 (custom)
2022-09-08 01:54:03,561 [pool-656-thread-1] INFO  server.RaftServerConfigKeys (ConfUtils.java:logGet(46)) - raft.server.log.queue.element-limit = 1024 (custom)
2022-09-08 01:54:03,561 [pool-656-thread-1] INFO  server.RaftServerConfigKeys (ConfUtils.java:logGet(46)) - raft.server.log.segment.size.max = 1048576 (custom)
2022-09-08 01:54:03,561 [pool-656-thread-1] INFO  server.RaftServerConfigKeys (ConfUtils.java:logGet(46)) - raft.server.log.preallocated.size = 16384 (custom)
2022-09-08 01:54:03,561 [pool-656-thread-1] INFO  server.RaftServerConfigKeys (ConfUtils.java:logGet(46)) - raft.server.log.force.sync.num = 128 (default)
2022-09-08 01:54:03,561 [pool-656-thread-1] INFO  server.RaftServerConfigKeys (ConfUtils.java:logGet(46)) - raft.server.log.statemachine.data.sync = true (default)
2022-09-08 01:54:03,561 [pool-656-thread-1] INFO  server.RaftServerConfigKeys (ConfUtils.java:logGet(46)) - raft.server.log.statemachine.data.sync.timeout = 10s (default)
2022-09-08 01:54:03,561 [pool-656-thread-1] INFO  server.RaftServerConfigKeys (ConfUtils.java:logGet(46)) - raft.server.log.statemachine.data.sync.timeout.retry = -1 (default)
2022-09-08 01:54:03,562 [pool-656-thread-1] INFO  server.RaftServerConfigKeys (ConfUtils.java:logGet(46)) - raft.server.log.write.buffer.size = 1048576 (custom)
2022-09-08 01:54:03,563 [pool-656-thread-1] INFO  server.RaftServerConfigKeys (ConfUtils.java:logGet(46)) - raft.server.log.unsafe-flush.enabled = false (default)
2022-09-08 01:54:03,563 [pool-656-thread-1] INFO  server.RaftServerConfigKeys (ConfUtils.java:logGet(46)) - raft.server.log.statemachine.data.caching.enabled = true (custom)
2022-09-08 01:54:03,563 [pool-656-thread-1] INFO  segmented.SegmentedRaftLogWorker (SegmentedRaftLogWorker.java:lambda$new$0(135)) - c6cac806-9b46-4ea6-8693-fe4fd7df8991@group-B283E50545EF-SegmentedRaftLogWorker: flushIndex: setUnconditionally 0 -> -1
2022-09-08 01:54:03,563 [pool-656-thread-1] INFO  segmented.SegmentedRaftLogWorker (SegmentedRaftLogWorker.java:lambda$new$0(135)) - c6cac806-9b46-4ea6-8693-fe4fd7df8991@group-B283E50545EF-SegmentedRaftLogWorker: safeCacheEvictIndex: setUnconditionally 0 -> -1
2022-09-08 01:54:03,563 [pool-656-thread-1] INFO  server.RaftServerConfigKeys (ConfUtils.java:logGet(46)) - raft.server.snapshot.auto.trigger.enabled = true (custom)
2022-09-08 01:54:03,563 [pool-656-thread-1] INFO  server.RaftServerConfigKeys (ConfUtils.java:logGet(46)) - raft.server.snapshot.auto.trigger.threshold = 10000 (custom)
2022-09-08 01:54:03,563 [pool-656-thread-1] INFO  server.RaftServerConfigKeys (ConfUtils.java:logGet(46)) - raft.server.snapshot.retention.file.num = 5 (custom)
2022-09-08 01:54:03,563 [pool-656-thread-1] INFO  server.RaftServerConfigKeys (ConfUtils.java:logGet(46)) - raft.server.log.purge.upto.snapshot.index = false (default)
2022-09-08 01:54:03,563 [pool-656-thread-1] INFO  server.RaftServerConfigKeys (ConfUtils.java:logGet(46)) - raft.server.retrycache.expirytime = 600000ms (custom)
2022-09-08 01:54:03,563 [pool-656-thread-1] INFO  server.RaftServerConfigKeys (ConfUtils.java:logGet(46)) - raft.server.retrycache.statistics.expirytime = 100μs (default)
2022-09-08 01:54:03,564 [pool-656-thread-1] INFO  server.RaftServerConfigKeys (ConfUtils.java:logGet(46)) - raft.server.log.appender.install.snapshot.enabled = false (custom)
2022-09-08 01:54:03,569 [pool-656-thread-1] INFO  server.RaftServerConfigKeys (ConfUtils.java:logGet(46)) - raft.server.threadpool.server.cached = true (default)
2022-09-08 01:54:03,569 [pool-656-thread-1] INFO  server.RaftServerConfigKeys (ConfUtils.java:logGet(46)) - raft.server.threadpool.server.size = 0 (default)
2022-09-08 01:54:03,569 [pool-656-thread-1] INFO  server.RaftServerConfigKeys (ConfUtils.java:logGet(46)) - raft.server.threadpool.client.cached = true (default)
2022-09-08 01:54:03,569 [pool-656-thread-1] INFO  server.RaftServerConfigKeys (ConfUtils.java:logGet(46)) - raft.server.threadpool.client.size = 0 (default)
2022-09-08 01:54:03,569 [pool-656-thread-1] INFO  server.RaftServer$Division (RaftServerImpl.java:start(310)) - c6cac806-9b46-4ea6-8693-fe4fd7df8991@group-B283E50545EF: start as a follower, conf=-1: [c6cac806-9b46-4ea6-8693-fe4fd7df8991|rpc:10.1.1.0:35957|priority:1], old=null
2022-09-08 01:54:03,569 [pool-656-thread-1] INFO  server.RaftServer$Division (RaftServerImpl.java:setRole(299)) - c6cac806-9b46-4ea6-8693-fe4fd7df8991@group-B283E50545EF: changes role from      null to FOLLOWER at term 0 for startAsFollower
2022-09-08 01:54:03,569 [pool-656-thread-1] INFO  impl.RoleInfo (RoleInfo.java:updateAndGet(139)) - c6cac806-9b46-4ea6-8693-fe4fd7df8991: start c6cac806-9b46-4ea6-8693-fe4fd7df8991@group-B283E50545EF-FollowerState
2022-09-08 01:54:03,577 [pool-656-thread-1] INFO  util.JmxRegister (JmxRegister.java:tryRegister(44)) - Successfully registered JMX Bean with object name Ratis:service=RaftServer,group=group-B283E50545EF,id=c6cac806-9b46-4ea6-8693-fe4fd7df8991
2022-09-08 01:54:03,581 [Command processor thread] INFO  ratis.XceiverServerRatis (XceiverServerRatis.java:addGroup(765)) - Created group PipelineID=049e3ea5-c481-4a1f-a48b-b283e50545ef
2022-09-08 01:54:03,581 [Command processor thread] INFO  commandhandler.CreatePipelineCommandHandler (CreatePipelineCommandHandler.java:handle(113)) - Created Pipeline RATIS ONE PipelineID=049e3ea5-c481-4a1f-a48b-b283e50545ef.
2022-09-08 01:54:03,581 [Command processor thread] INFO  server.RaftServer (RaftServerProxy.java:addNew(96)) - c6cac806-9b46-4ea6-8693-fe4fd7df8991: addNew group-2A684F42CE3B:[c6cac806-9b46-4ea6-8693-fe4fd7df8991|rpc:10.1.1.0:35957|priority:0, 0a235e6c-edea-4652-8f55-95ab3f4a2b18|rpc:10.1.1.0:45595|priority:1, e22379da-9f42-4ed5-a6ef-7e4644a055d8|rpc:10.1.1.0:42135|priority:0] returns group-2A684F42CE3B:java.util.concurrent.CompletableFuture@17f453c6[Not completed]
2022-09-08 01:54:03,582 [pool-656-thread-1] INFO  server.RaftServer$Division (RaftServerImpl.java:<init>(190)) - c6cac806-9b46-4ea6-8693-fe4fd7df8991: new RaftServerImpl for group-2A684F42CE3B:[c6cac806-9b46-4ea6-8693-fe4fd7df8991|rpc:10.1.1.0:35957|priority:0, 0a235e6c-edea-4652-8f55-95ab3f4a2b18|rpc:10.1.1.0:45595|priority:1, e22379da-9f42-4ed5-a6ef-7e4644a055d8|rpc:10.1.1.0:42135|priority:0] with ContainerStateMachine:uninitialized
2022-09-08 01:54:03,582 [pool-656-thread-1] INFO  server.RaftServerConfigKeys (ConfUtils.java:logGet(46)) - raft.server.rpc.timeout.min = 5s (custom)
2022-09-08 01:54:03,582 [pool-656-thread-1] INFO  server.RaftServerConfigKeys (ConfUtils.java:logGet(46)) - raft.server.rpc.timeout.max = 5200ms (custom)
2022-09-08 01:54:03,582 [pool-656-thread-1] INFO  server.RaftServerConfigKeys (ConfUtils.java:logGet(46)) - raft.server.rpc.sleep.time = 25ms (default)
2022-09-08 01:54:03,582 [pool-656-thread-1] INFO  server.RaftServerConfigKeys (ConfUtils.java:logGet(46)) - raft.server.rpc.slowness.timeout = 300s (custom)
2022-09-08 01:54:03,582 [pool-656-thread-1] INFO  server.RaftServerConfigKeys (ConfUtils.java:logGet(46)) - raft.server.leaderelection.leader.step-down.wait-time = 10s (default)
2022-09-08 01:54:03,582 [pool-656-thread-1] INFO  server.RaftServerConfigKeys (ConfUtils.java:logGet(46)) - raft.server.sleep.deviation.threshold = 300ms (default)
2022-09-08 01:54:03,582 [pool-656-thread-1] INFO  server.RaftServer$Division (ServerState.java:<init>(107)) - c6cac806-9b46-4ea6-8693-fe4fd7df8991@group-2A684F42CE3B: ConfigurationManager, init=-1: [c6cac806-9b46-4ea6-8693-fe4fd7df8991|rpc:10.1.1.0:35957|priority:0, 0a235e6c-edea-4652-8f55-95ab3f4a2b18|rpc:10.1.1.0:45595|priority:1, e22379da-9f42-4ed5-a6ef-7e4644a055d8|rpc:10.1.1.0:42135|priority:0], old=null, confs=<EMPTY_MAP>
2022-09-08 01:54:03,582 [pool-656-thread-1] INFO  server.RaftServerConfigKeys (ConfUtils.java:logGet(46)) - raft.server.storage.dir = [/home/runner/work/ozone/ozone/hadoop-ozone/integration-test/target/test-dir/MiniOzoneClusterImpl-e6b4e619-fda6-43cc-821e-80e1de6684e8/datanode-0/data/ratis] (custom)
2022-09-08 01:54:03,583 [pool-656-thread-1] INFO  server.RaftServerConfigKeys (ConfUtils.java:logGet(46)) - raft.server.log.corruption.policy = EXCEPTION (default)
2022-09-08 01:54:03,583 [pool-656-thread-1] INFO  server.RaftServerConfigKeys (ConfUtils.java:logGet(46)) - raft.server.storage.free-space.min = 0MB (=0) (default)
2022-09-08 01:54:03,583 [pool-656-thread-1] INFO  storage.RaftStorageDirectory (RaftStorageDirectoryImpl.java:analyzeStorage(135)) - The storage directory /home/runner/work/ozone/ozone/hadoop-ozone/integration-test/target/test-dir/MiniOzoneClusterImpl-e6b4e619-fda6-43cc-821e-80e1de6684e8/datanode-0/data/ratis/cf1139df-d6dd-4276-a382-2a684f42ce3b does not exist. Creating ...
2022-09-08 01:54:03,584 [pool-656-thread-1] INFO  storage.RaftStorageDirectory (RaftStorageDirectoryImpl.java:tryLock(230)) - Lock on /home/runner/work/ozone/ozone/hadoop-ozone/integration-test/target/test-dir/MiniOzoneClusterImpl-e6b4e619-fda6-43cc-821e-80e1de6684e8/datanode-0/data/ratis/cf1139df-d6dd-4276-a382-2a684f42ce3b/in_use.lock acquired by nodename 132736@fv-az38-857
2022-09-08 01:54:03,585 [pool-656-thread-1] INFO  storage.RaftStorage (RaftStorageImpl.java:format(89)) - Storage directory /home/runner/work/ozone/ozone/hadoop-ozone/integration-test/target/test-dir/MiniOzoneClusterImpl-e6b4e619-fda6-43cc-821e-80e1de6684e8/datanode-0/data/ratis/cf1139df-d6dd-4276-a382-2a684f42ce3b has been successfully formatted.
2022-09-08 01:54:03,586 [pool-656-thread-1] INFO  ratis.ContainerStateMachine (ContainerStateMachine.java:loadSnapshot(236)) - group-2A684F42CE3B: The snapshot info is null. Setting the last applied indexto:(t:0, i:~)
2022-09-08 01:54:03,586 [pool-656-thread-1] INFO  server.RaftServerConfigKeys (ConfUtils.java:logGet(46)) - raft.server.notification.no-leader.timeout = 300s (custom)
2022-09-08 01:54:03,586 [pool-656-thread-1] INFO  server.RaftServerConfigKeys (ConfUtils.java:logGet(46)) - raft.server.log.use.memory = false (default)
2022-09-08 01:54:03,586 [pool-656-thread-1] INFO  server.RaftServerConfigKeys (ConfUtils.java:logGet(46)) - raft.server.log.purge.gap = 1000000 (custom)
2022-09-08 01:54:03,586 [pool-656-thread-1] INFO  server.RaftServerConfigKeys (ConfUtils.java:logGet(46)) - raft.server.log.appender.buffer.byte-limit = 33554432 (custom)
2022-09-08 01:54:03,586 [pool-656-thread-1] INFO  server.RaftServerConfigKeys (ConfUtils.java:logGet(46)) - raft.server.log.statemachine.data.read.timeout = 1000ms (default)
2022-09-08 01:54:03,586 [pool-656-thread-1] INFO  server.RaftServerConfigKeys (ConfUtils.java:logGet(46)) - raft.server.log.segment.size.max = 1048576 (custom)
2022-09-08 01:54:03,587 [pool-656-thread-1] INFO  server.RaftServerConfigKeys (ConfUtils.java:logGet(46)) - raft.server.log.segment.cache.num.max = 2 (custom)
2022-09-08 01:54:03,587 [pool-656-thread-1] INFO  server.RaftServerConfigKeys (ConfUtils.java:logGet(46)) - raft.server.log.segment.cache.size.max = 200MB (=209715200) (default)
2022-09-08 01:54:03,587 [pool-656-thread-1] INFO  segmented.SegmentedRaftLogWorker (SegmentedRaftLogWorker.java:<init>(187)) - new c6cac806-9b46-4ea6-8693-fe4fd7df8991@group-2A684F42CE3B-SegmentedRaftLogWorker for RaftStorageImpl:Storage Directory /home/runner/work/ozone/ozone/hadoop-ozone/integration-test/target/test-dir/MiniOzoneClusterImpl-e6b4e619-fda6-43cc-821e-80e1de6684e8/datanode-0/data/ratis/cf1139df-d6dd-4276-a382-2a684f42ce3b
2022-09-08 01:54:03,587 [pool-656-thread-1] INFO  server.RaftServerConfigKeys (ConfUtils.java:logGet(46)) - raft.server.log.queue.byte-limit = 4294967296 (custom)
2022-09-08 01:54:03,587 [pool-656-thread-1] INFO  server.RaftServerConfigKeys (ConfUtils.java:logGet(46)) - raft.server.log.queue.element-limit = 1024 (custom)
2022-09-08 01:54:03,587 [pool-656-thread-1] INFO  server.RaftServerConfigKeys (ConfUtils.java:logGet(46)) - raft.server.log.segment.size.max = 1048576 (custom)
2022-09-08 01:54:03,587 [pool-656-thread-1] INFO  server.RaftServerConfigKeys (ConfUtils.java:logGet(46)) - raft.server.log.preallocated.size = 16384 (custom)
2022-09-08 01:54:03,587 [pool-656-thread-1] INFO  server.RaftServerConfigKeys (ConfUtils.java:logGet(46)) - raft.server.log.force.sync.num = 128 (default)
2022-09-08 01:54:03,587 [pool-656-thread-1] INFO  server.RaftServerConfigKeys (ConfUtils.java:logGet(46)) - raft.server.log.statemachine.data.sync = true (default)
2022-09-08 01:54:03,587 [pool-656-thread-1] INFO  server.RaftServerConfigKeys (ConfUtils.java:logGet(46)) - raft.server.log.statemachine.data.sync.timeout = 10s (default)
2022-09-08 01:54:03,587 [pool-656-thread-1] INFO  server.RaftServerConfigKeys (ConfUtils.java:logGet(46)) - raft.server.log.statemachine.data.sync.timeout.retry = -1 (default)
2022-09-08 01:54:03,588 [pool-656-thread-1] INFO  server.RaftServerConfigKeys (ConfUtils.java:logGet(46)) - raft.server.log.write.buffer.size = 1048576 (custom)
2022-09-08 01:54:03,588 [pool-656-thread-1] INFO  server.RaftServerConfigKeys (ConfUtils.java:logGet(46)) - raft.server.log.unsafe-flush.enabled = false (default)
2022-09-08 01:54:03,588 [pool-656-thread-1] INFO  server.RaftServerConfigKeys (ConfUtils.java:logGet(46)) - raft.server.log.statemachine.data.caching.enabled = true (custom)
2022-09-08 01:54:03,588 [pool-656-thread-1] INFO  segmented.SegmentedRaftLogWorker (SegmentedRaftLogWorker.java:lambda$new$0(135)) - c6cac806-9b46-4ea6-8693-fe4fd7df8991@group-2A684F42CE3B-SegmentedRaftLogWorker: flushIndex: setUnconditionally 0 -> -1
2022-09-08 01:54:03,589 [pool-656-thread-1] INFO  segmented.SegmentedRaftLogWorker (SegmentedRaftLogWorker.java:lambda$new$0(135)) - c6cac806-9b46-4ea6-8693-fe4fd7df8991@group-2A684F42CE3B-SegmentedRaftLogWorker: safeCacheEvictIndex: setUnconditionally 0 -> -1
2022-09-08 01:54:03,589 [pool-656-thread-1] INFO  server.RaftServerConfigKeys (ConfUtils.java:logGet(46)) - raft.server.snapshot.auto.trigger.enabled = true (custom)
2022-09-08 01:54:03,589 [pool-656-thread-1] INFO  server.RaftServerConfigKeys (ConfUtils.java:logGet(46)) - raft.server.snapshot.auto.trigger.threshold = 10000 (custom)
2022-09-08 01:54:03,589 [pool-656-thread-1] INFO  server.RaftServerConfigKeys (ConfUtils.java:logGet(46)) - raft.server.snapshot.retention.file.num = 5 (custom)
2022-09-08 01:54:03,589 [pool-656-thread-1] INFO  server.RaftServerConfigKeys (ConfUtils.java:logGet(46)) - raft.server.log.purge.upto.snapshot.index = false (default)
2022-09-08 01:54:03,589 [pool-656-thread-1] INFO  server.RaftServerConfigKeys (ConfUtils.java:logGet(46)) - raft.server.retrycache.expirytime = 600000ms (custom)
2022-09-08 01:54:03,589 [pool-656-thread-1] INFO  server.RaftServerConfigKeys (ConfUtils.java:logGet(46)) - raft.server.retrycache.statistics.expirytime = 100μs (default)
2022-09-08 01:54:03,590 [pool-656-thread-1] INFO  server.RaftServerConfigKeys (ConfUtils.java:logGet(46)) - raft.server.log.appender.install.snapshot.enabled = false (custom)
2022-09-08 01:54:03,590 [pool-656-thread-1] INFO  server.RaftServerConfigKeys (ConfUtils.java:logGet(46)) - raft.server.threadpool.server.cached = true (default)
2022-09-08 01:54:03,590 [pool-656-thread-1] INFO  server.RaftServerConfigKeys (ConfUtils.java:logGet(46)) - raft.server.threadpool.server.size = 0 (default)
2022-09-08 01:54:03,590 [pool-656-thread-1] INFO  server.RaftServerConfigKeys (ConfUtils.java:logGet(46)) - raft.server.threadpool.client.cached = true (default)
2022-09-08 01:54:03,590 [pool-656-thread-1] INFO  server.RaftServerConfigKeys (ConfUtils.java:logGet(46)) - raft.server.threadpool.client.size = 0 (default)
2022-09-08 01:54:03,591 [pool-656-thread-1] INFO  server.RaftServer$Division (RaftServerImpl.java:start(310)) - c6cac806-9b46-4ea6-8693-fe4fd7df8991@group-2A684F42CE3B: start as a follower, conf=-1: [c6cac806-9b46-4ea6-8693-fe4fd7df8991|rpc:10.1.1.0:35957|priority:0, 0a235e6c-edea-4652-8f55-95ab3f4a2b18|rpc:10.1.1.0:45595|priority:1, e22379da-9f42-4ed5-a6ef-7e4644a055d8|rpc:10.1.1.0:42135|priority:0], old=null
2022-09-08 01:54:03,591 [pool-656-thread-1] INFO  server.RaftServer$Division (RaftServerImpl.java:setRole(299)) - c6cac806-9b46-4ea6-8693-fe4fd7df8991@group-2A684F42CE3B: changes role from      null to FOLLOWER at term 0 for startAsFollower
2022-09-08 01:54:03,591 [pool-656-thread-1] INFO  impl.RoleInfo (RoleInfo.java:updateAndGet(139)) - c6cac806-9b46-4ea6-8693-fe4fd7df8991: start c6cac806-9b46-4ea6-8693-fe4fd7df8991@group-2A684F42CE3B-FollowerState
2022-09-08 01:54:03,591 [pool-656-thread-1] INFO  util.JmxRegister (JmxRegister.java:tryRegister(44)) - Successfully registered JMX Bean with object name Ratis:service=RaftServer,group=group-2A684F42CE3B,id=c6cac806-9b46-4ea6-8693-fe4fd7df8991
2022-09-08 01:54:03,592 [Command processor thread] INFO  ratis.XceiverServerRatis (XceiverServerRatis.java:addGroup(765)) - Created group PipelineID=cf1139df-d6dd-4276-a382-2a684f42ce3b
2022-09-08 01:54:03,594 [EventQueue-OpenPipelineForHealthyPipelineSafeModeRule] INFO  safemode.SCMSafeModeManager (HealthyPipelineSafeModeRule.java:process(137)) - SCM in safe mode. Healthy pipelines reported count is 0, required healthy pipeline reported count is 1
2022-09-08 01:54:03,594 [EventQueue-OpenPipelineForHealthyPipelineSafeModeRule] INFO  safemode.SCMSafeModeManager (HealthyPipelineSafeModeRule.java:process(137)) - SCM in safe mode. Healthy pipelines reported count is 0, required healthy pipeline reported count is 1
2022-09-08 01:54:03,708 [grpc-default-executor-0] INFO  server.RaftServer (RaftServerProxy.java:addNew(96)) - e22379da-9f42-4ed5-a6ef-7e4644a055d8: addNew group-2A684F42CE3B:[c6cac806-9b46-4ea6-8693-fe4fd7df8991|rpc:10.1.1.0:35957|dataStream:|priority:0, 0a235e6c-edea-4652-8f55-95ab3f4a2b18|rpc:10.1.1.0:45595|dataStream:|priority:1, e22379da-9f42-4ed5-a6ef-7e4644a055d8|rpc:10.1.1.0:42135|dataStream:|priority:0] returns group-2A684F42CE3B:java.util.concurrent.CompletableFuture@28044aab[Not completed]
2022-09-08 01:54:03,716 [pool-679-thread-1] INFO  server.RaftServer$Division (RaftServerImpl.java:<init>(190)) - e22379da-9f42-4ed5-a6ef-7e4644a055d8: new RaftServerImpl for group-2A684F42CE3B:[c6cac806-9b46-4ea6-8693-fe4fd7df8991|rpc:10.1.1.0:35957|dataStream:|priority:0, 0a235e6c-edea-4652-8f55-95ab3f4a2b18|rpc:10.1.1.0:45595|dataStream:|priority:1, e22379da-9f42-4ed5-a6ef-7e4644a055d8|rpc:10.1.1.0:42135|dataStream:|priority:0] with ContainerStateMachine:uninitialized
2022-09-08 01:54:03,716 [pool-679-thread-1] INFO  server.RaftServerConfigKeys (ConfUtils.java:logGet(46)) - raft.server.rpc.timeout.min = 5s (custom)
2022-09-08 01:54:03,716 [pool-679-thread-1] INFO  server.RaftServerConfigKeys (ConfUtils.java:logGet(46)) - raft.server.rpc.timeout.max = 5200ms (custom)
2022-09-08 01:54:03,717 [pool-679-thread-1] INFO  server.RaftServerConfigKeys (ConfUtils.java:logGet(46)) - raft.server.rpc.sleep.time = 25ms (default)
2022-09-08 01:54:03,717 [pool-679-thread-1] INFO  server.RaftServerConfigKeys (ConfUtils.java:logGet(46)) - raft.server.rpc.slowness.timeout = 300s (custom)
2022-09-08 01:54:03,717 [pool-679-thread-1] INFO  server.RaftServerConfigKeys (ConfUtils.java:logGet(46)) - raft.server.leaderelection.leader.step-down.wait-time = 10s (default)
2022-09-08 01:54:03,717 [pool-679-thread-1] INFO  server.RaftServerConfigKeys (ConfUtils.java:logGet(46)) - raft.server.sleep.deviation.threshold = 300ms (default)
2022-09-08 01:54:03,717 [pool-679-thread-1] INFO  server.RaftServer$Division (ServerState.java:<init>(107)) - e22379da-9f42-4ed5-a6ef-7e4644a055d8@group-2A684F42CE3B: ConfigurationManager, init=-1: [c6cac806-9b46-4ea6-8693-fe4fd7df8991|rpc:10.1.1.0:35957|dataStream:|priority:0, 0a235e6c-edea-4652-8f55-95ab3f4a2b18|rpc:10.1.1.0:45595|dataStream:|priority:1, e22379da-9f42-4ed5-a6ef-7e4644a055d8|rpc:10.1.1.0:42135|dataStream:|priority:0], old=null, confs=<EMPTY_MAP>
2022-09-08 01:54:03,717 [pool-679-thread-1] INFO  server.RaftServerConfigKeys (ConfUtils.java:logGet(46)) - raft.server.storage.dir = [/home/runner/work/ozone/ozone/hadoop-ozone/integration-test/target/test-dir/MiniOzoneClusterImpl-e6b4e619-fda6-43cc-821e-80e1de6684e8/datanode-1/data/ratis] (custom)
2022-09-08 01:54:03,717 [pool-679-thread-1] INFO  server.RaftServerConfigKeys (ConfUtils.java:logGet(46)) - raft.server.log.corruption.policy = EXCEPTION (default)
2022-09-08 01:54:03,717 [pool-679-thread-1] INFO  server.RaftServerConfigKeys (ConfUtils.java:logGet(46)) - raft.server.storage.free-space.min = 0MB (=0) (default)
2022-09-08 01:54:03,717 [pool-679-thread-1] INFO  storage.RaftStorageDirectory (RaftStorageDirectoryImpl.java:analyzeStorage(135)) - The storage directory /home/runner/work/ozone/ozone/hadoop-ozone/integration-test/target/test-dir/MiniOzoneClusterImpl-e6b4e619-fda6-43cc-821e-80e1de6684e8/datanode-1/data/ratis/cf1139df-d6dd-4276-a382-2a684f42ce3b does not exist. Creating ...
2022-09-08 01:54:03,737 [pool-679-thread-1] INFO  storage.RaftStorageDirectory (RaftStorageDirectoryImpl.java:tryLock(230)) - Lock on /home/runner/work/ozone/ozone/hadoop-ozone/integration-test/target/test-dir/MiniOzoneClusterImpl-e6b4e619-fda6-43cc-821e-80e1de6684e8/datanode-1/data/ratis/cf1139df-d6dd-4276-a382-2a684f42ce3b/in_use.lock acquired by nodename 132736@fv-az38-857
2022-09-08 01:54:03,760 [pool-679-thread-1] INFO  storage.RaftStorage (RaftStorageImpl.java:format(89)) - Storage directory /home/runner/work/ozone/ozone/hadoop-ozone/integration-test/target/test-dir/MiniOzoneClusterImpl-e6b4e619-fda6-43cc-821e-80e1de6684e8/datanode-1/data/ratis/cf1139df-d6dd-4276-a382-2a684f42ce3b has been successfully formatted.
2022-09-08 01:54:03,766 [pool-679-thread-1] INFO  ratis.ContainerStateMachine (ContainerStateMachine.java:loadSnapshot(236)) - group-2A684F42CE3B: The snapshot info is null. Setting the last applied indexto:(t:0, i:~)
2022-09-08 01:54:03,767 [pool-679-thread-1] INFO  server.RaftServerConfigKeys (ConfUtils.java:logGet(46)) - raft.server.notification.no-leader.timeout = 300s (custom)
2022-09-08 01:54:03,767 [pool-679-thread-1] INFO  server.RaftServerConfigKeys (ConfUtils.java:logGet(46)) - raft.server.log.use.memory = false (default)
2022-09-08 01:54:03,821 [pool-679-thread-1] INFO  server.RaftServerConfigKeys (ConfUtils.java:logGet(46)) - raft.server.log.purge.gap = 1000000 (custom)
2022-09-08 01:54:03,841 [pool-679-thread-1] INFO  server.RaftServerConfigKeys (ConfUtils.java:logGet(46)) - raft.server.log.appender.buffer.byte-limit = 33554432 (custom)
2022-09-08 01:54:03,841 [pool-679-thread-1] INFO  server.RaftServerConfigKeys (ConfUtils.java:logGet(46)) - raft.server.log.statemachine.data.read.timeout = 1000ms (default)
2022-09-08 01:54:03,841 [pool-679-thread-1] INFO  server.RaftServerConfigKeys (ConfUtils.java:logGet(46)) - raft.server.log.segment.size.max = 1048576 (custom)
2022-09-08 01:54:03,842 [pool-679-thread-1] INFO  server.RaftServerConfigKeys (ConfUtils.java:logGet(46)) - raft.server.log.segment.cache.num.max = 2 (custom)
2022-09-08 01:54:03,842 [pool-679-thread-1] INFO  server.RaftServerConfigKeys (ConfUtils.java:logGet(46)) - raft.server.log.segment.cache.size.max = 200MB (=209715200) (default)
2022-09-08 01:54:03,842 [pool-679-thread-1] INFO  segmented.SegmentedRaftLogWorker (SegmentedRaftLogWorker.java:<init>(187)) - new e22379da-9f42-4ed5-a6ef-7e4644a055d8@group-2A684F42CE3B-SegmentedRaftLogWorker for RaftStorageImpl:Storage Directory /home/runner/work/ozone/ozone/hadoop-ozone/integration-test/target/test-dir/MiniOzoneClusterImpl-e6b4e619-fda6-43cc-821e-80e1de6684e8/datanode-1/data/ratis/cf1139df-d6dd-4276-a382-2a684f42ce3b
2022-09-08 01:54:03,842 [pool-679-thread-1] INFO  server.RaftServerConfigKeys (ConfUtils.java:logGet(46)) - raft.server.log.queue.byte-limit = 4294967296 (custom)
2022-09-08 01:54:03,842 [pool-679-thread-1] INFO  server.RaftServerConfigKeys (ConfUtils.java:logGet(46)) - raft.server.log.queue.element-limit = 1024 (custom)
2022-09-08 01:54:03,842 [pool-679-thread-1] INFO  server.RaftServerConfigKeys (ConfUtils.java:logGet(46)) - raft.server.log.segment.size.max = 1048576 (custom)
2022-09-08 01:54:03,842 [pool-679-thread-1] INFO  server.RaftServerConfigKeys (ConfUtils.java:logGet(46)) - raft.server.log.preallocated.size = 16384 (custom)
2022-09-08 01:54:03,842 [pool-679-thread-1] INFO  server.RaftServerConfigKeys (ConfUtils.java:logGet(46)) - raft.server.log.force.sync.num = 128 (default)
2022-09-08 01:54:03,842 [pool-679-thread-1] INFO  server.RaftServerConfigKeys (ConfUtils.java:logGet(46)) - raft.server.log.statemachine.data.sync = true (default)
2022-09-08 01:54:03,842 [pool-679-thread-1] INFO  server.RaftServerConfigKeys (ConfUtils.java:logGet(46)) - raft.server.log.statemachine.data.sync.timeout = 10s (default)
2022-09-08 01:54:03,842 [pool-679-thread-1] INFO  server.RaftServerConfigKeys (ConfUtils.java:logGet(46)) - raft.server.log.statemachine.data.sync.timeout.retry = -1 (default)
2022-09-08 01:54:03,843 [pool-679-thread-1] INFO  server.RaftServerConfigKeys (ConfUtils.java:logGet(46)) - raft.server.log.write.buffer.size = 1048576 (custom)
2022-09-08 01:54:03,843 [pool-679-thread-1] INFO  server.RaftServerConfigKeys (ConfUtils.java:logGet(46)) - raft.server.log.unsafe-flush.enabled = false (default)
2022-09-08 01:54:03,843 [pool-679-thread-1] INFO  server.RaftServerConfigKeys (ConfUtils.java:logGet(46)) - raft.server.log.statemachine.data.caching.enabled = true (custom)
2022-09-08 01:54:03,844 [pool-679-thread-1] INFO  segmented.SegmentedRaftLogWorker (SegmentedRaftLogWorker.java:lambda$new$0(135)) - e22379da-9f42-4ed5-a6ef-7e4644a055d8@group-2A684F42CE3B-SegmentedRaftLogWorker: flushIndex: setUnconditionally 0 -> -1
2022-09-08 01:54:03,844 [pool-679-thread-1] INFO  segmented.SegmentedRaftLogWorker (SegmentedRaftLogWorker.java:lambda$new$0(135)) - e22379da-9f42-4ed5-a6ef-7e4644a055d8@group-2A684F42CE3B-SegmentedRaftLogWorker: safeCacheEvictIndex: setUnconditionally 0 -> -1
2022-09-08 01:54:03,853 [pool-679-thread-1] INFO  server.RaftServerConfigKeys (ConfUtils.java:logGet(46)) - raft.server.snapshot.auto.trigger.enabled = true (custom)
2022-09-08 01:54:03,853 [pool-679-thread-1] INFO  server.RaftServerConfigKeys (ConfUtils.java:logGet(46)) - raft.server.snapshot.auto.trigger.threshold = 10000 (custom)
2022-09-08 01:54:03,853 [pool-679-thread-1] INFO  server.RaftServerConfigKeys (ConfUtils.java:logGet(46)) - raft.server.snapshot.retention.file.num = 5 (custom)
2022-09-08 01:54:03,853 [pool-679-thread-1] INFO  server.RaftServerConfigKeys (ConfUtils.java:logGet(46)) - raft.server.log.purge.upto.snapshot.index = false (default)
2022-09-08 01:54:03,853 [pool-679-thread-1] INFO  server.RaftServerConfigKeys (ConfUtils.java:logGet(46)) - raft.server.retrycache.expirytime = 600000ms (custom)
2022-09-08 01:54:03,853 [pool-679-thread-1] INFO  server.RaftServerConfigKeys (ConfUtils.java:logGet(46)) - raft.server.retrycache.statistics.expirytime = 100μs (default)
2022-09-08 01:54:03,886 [Listener at 127.0.0.1/41643] INFO  ozone.MiniOzoneClusterImpl (MiniOzoneClusterImpl.java:lambda$waitForClusterToBeReady$0(216)) - Nodes are ready. Got 3 of 3 DN Heartbeats.
2022-09-08 01:54:03,886 [Listener at 127.0.0.1/41643] INFO  ozone.MiniOzoneClusterImpl (MiniOzoneClusterImpl.java:lambda$waitForClusterToBeReady$0(219)) - Waiting for cluster to exit safe mode
2022-09-08 01:54:03,886 [Listener at 127.0.0.1/41643] INFO  ozone.MiniOzoneClusterImpl (MiniOzoneClusterImpl.java:lambda$waitForClusterToBeReady$0(221)) - SCM became leader
2022-09-08 01:54:03,894 [pool-679-thread-1] INFO  server.RaftServerConfigKeys (ConfUtils.java:logGet(46)) - raft.server.log.appender.install.snapshot.enabled = false (custom)
2022-09-08 01:54:03,894 [pool-679-thread-1] INFO  server.RaftServerConfigKeys (ConfUtils.java:logGet(46)) - raft.server.threadpool.server.cached = true (default)
2022-09-08 01:54:03,895 [pool-679-thread-1] INFO  server.RaftServerConfigKeys (ConfUtils.java:logGet(46)) - raft.server.threadpool.server.size = 0 (default)
2022-09-08 01:54:03,895 [pool-679-thread-1] INFO  server.RaftServerConfigKeys (ConfUtils.java:logGet(46)) - raft.server.threadpool.client.cached = true (default)
2022-09-08 01:54:03,895 [pool-679-thread-1] INFO  server.RaftServerConfigKeys (ConfUtils.java:logGet(46)) - raft.server.threadpool.client.size = 0 (default)
2022-09-08 01:54:03,895 [pool-679-thread-1] INFO  server.RaftServer$Division (RaftServerImpl.java:start(310)) - e22379da-9f42-4ed5-a6ef-7e4644a055d8@group-2A684F42CE3B: start as a follower, conf=-1: [c6cac806-9b46-4ea6-8693-fe4fd7df8991|rpc:10.1.1.0:35957|dataStream:|priority:0, 0a235e6c-edea-4652-8f55-95ab3f4a2b18|rpc:10.1.1.0:45595|dataStream:|priority:1, e22379da-9f42-4ed5-a6ef-7e4644a055d8|rpc:10.1.1.0:42135|dataStream:|priority:0], old=null
2022-09-08 01:54:03,895 [pool-679-thread-1] INFO  server.RaftServer$Division (RaftServerImpl.java:setRole(299)) - e22379da-9f42-4ed5-a6ef-7e4644a055d8@group-2A684F42CE3B: changes role from      null to FOLLOWER at term 0 for startAsFollower
2022-09-08 01:54:03,895 [pool-679-thread-1] INFO  impl.RoleInfo (RoleInfo.java:updateAndGet(139)) - e22379da-9f42-4ed5-a6ef-7e4644a055d8: start e22379da-9f42-4ed5-a6ef-7e4644a055d8@group-2A684F42CE3B-FollowerState
2022-09-08 01:54:03,902 [pool-679-thread-1] INFO  util.JmxRegister (JmxRegister.java:tryRegister(44)) - Successfully registered JMX Bean with object name Ratis:service=RaftServer,group=group-2A684F42CE3B,id=e22379da-9f42-4ed5-a6ef-7e4644a055d8
2022-09-08 01:54:04,089 [grpc-default-executor-0] INFO  server.RaftServer (RaftServerProxy.java:addNew(96)) - 0a235e6c-edea-4652-8f55-95ab3f4a2b18: addNew group-2A684F42CE3B:[c6cac806-9b46-4ea6-8693-fe4fd7df8991|rpc:10.1.1.0:35957|dataStream:|priority:0, 0a235e6c-edea-4652-8f55-95ab3f4a2b18|rpc:10.1.1.0:45595|dataStream:|priority:1, e22379da-9f42-4ed5-a6ef-7e4644a055d8|rpc:10.1.1.0:42135|dataStream:|priority:0] returns group-2A684F42CE3B:java.util.concurrent.CompletableFuture@1cf2a696[Not completed]
2022-09-08 01:54:04,090 [pool-702-thread-1] INFO  server.RaftServer$Division (RaftServerImpl.java:<init>(190)) - 0a235e6c-edea-4652-8f55-95ab3f4a2b18: new RaftServerImpl for group-2A684F42CE3B:[c6cac806-9b46-4ea6-8693-fe4fd7df8991|rpc:10.1.1.0:35957|dataStream:|priority:0, 0a235e6c-edea-4652-8f55-95ab3f4a2b18|rpc:10.1.1.0:45595|dataStream:|priority:1, e22379da-9f42-4ed5-a6ef-7e4644a055d8|rpc:10.1.1.0:42135|dataStream:|priority:0] with ContainerStateMachine:uninitialized
2022-09-08 01:54:04,090 [pool-702-thread-1] INFO  server.RaftServerConfigKeys (ConfUtils.java:logGet(46)) - raft.server.rpc.timeout.min = 5s (custom)
2022-09-08 01:54:04,090 [pool-702-thread-1] INFO  server.RaftServerConfigKeys (ConfUtils.java:logGet(46)) - raft.server.rpc.timeout.max = 5200ms (custom)
2022-09-08 01:54:04,090 [pool-702-thread-1] INFO  server.RaftServerConfigKeys (ConfUtils.java:logGet(46)) - raft.server.rpc.sleep.time = 25ms (default)
2022-09-08 01:54:04,090 [pool-702-thread-1] INFO  server.RaftServerConfigKeys (ConfUtils.java:logGet(46)) - raft.server.rpc.slowness.timeout = 300s (custom)
2022-09-08 01:54:04,090 [pool-702-thread-1] INFO  server.RaftServerConfigKeys (ConfUtils.java:logGet(46)) - raft.server.leaderelection.leader.step-down.wait-time = 10s (default)
2022-09-08 01:54:04,090 [pool-702-thread-1] INFO  server.RaftServerConfigKeys (ConfUtils.java:logGet(46)) - raft.server.sleep.deviation.threshold = 300ms (default)
2022-09-08 01:54:04,090 [pool-702-thread-1] INFO  server.RaftServer$Division (ServerState.java:<init>(107)) - 0a235e6c-edea-4652-8f55-95ab3f4a2b18@group-2A684F42CE3B: ConfigurationManager, init=-1: [c6cac806-9b46-4ea6-8693-fe4fd7df8991|rpc:10.1.1.0:35957|dataStream:|priority:0, 0a235e6c-edea-4652-8f55-95ab3f4a2b18|rpc:10.1.1.0:45595|dataStream:|priority:1, e22379da-9f42-4ed5-a6ef-7e4644a055d8|rpc:10.1.1.0:42135|dataStream:|priority:0], old=null, confs=<EMPTY_MAP>
2022-09-08 01:54:04,090 [pool-702-thread-1] INFO  server.RaftServerConfigKeys (ConfUtils.java:logGet(46)) - raft.server.storage.dir = [/home/runner/work/ozone/ozone/hadoop-ozone/integration-test/target/test-dir/MiniOzoneClusterImpl-e6b4e619-fda6-43cc-821e-80e1de6684e8/datanode-2/data/ratis] (custom)
2022-09-08 01:54:04,119 [pool-702-thread-1] INFO  server.RaftServerConfigKeys (ConfUtils.java:logGet(46)) - raft.server.log.corruption.policy = EXCEPTION (default)
2022-09-08 01:54:04,119 [pool-702-thread-1] INFO  server.RaftServerConfigKeys (ConfUtils.java:logGet(46)) - raft.server.storage.free-space.min = 0MB (=0) (default)
2022-09-08 01:54:04,119 [pool-702-thread-1] INFO  storage.RaftStorageDirectory (RaftStorageDirectoryImpl.java:analyzeStorage(135)) - The storage directory /home/runner/work/ozone/ozone/hadoop-ozone/integration-test/target/test-dir/MiniOzoneClusterImpl-e6b4e619-fda6-43cc-821e-80e1de6684e8/datanode-2/data/ratis/cf1139df-d6dd-4276-a382-2a684f42ce3b does not exist. Creating ...
2022-09-08 01:54:04,121 [pool-702-thread-1] INFO  storage.RaftStorageDirectory (RaftStorageDirectoryImpl.java:tryLock(230)) - Lock on /home/runner/work/ozone/ozone/hadoop-ozone/integration-test/target/test-dir/MiniOzoneClusterImpl-e6b4e619-fda6-43cc-821e-80e1de6684e8/datanode-2/data/ratis/cf1139df-d6dd-4276-a382-2a684f42ce3b/in_use.lock acquired by nodename 132736@fv-az38-857
2022-09-08 01:54:04,127 [pool-702-thread-1] INFO  storage.RaftStorage (RaftStorageImpl.java:format(89)) - Storage directory /home/runner/work/ozone/ozone/hadoop-ozone/integration-test/target/test-dir/MiniOzoneClusterImpl-e6b4e619-fda6-43cc-821e-80e1de6684e8/datanode-2/data/ratis/cf1139df-d6dd-4276-a382-2a684f42ce3b has been successfully formatted.
2022-09-08 01:54:04,129 [pool-702-thread-1] INFO  ratis.ContainerStateMachine (ContainerStateMachine.java:loadSnapshot(236)) - group-2A684F42CE3B: The snapshot info is null. Setting the last applied indexto:(t:0, i:~)
2022-09-08 01:54:04,129 [pool-702-thread-1] INFO  server.RaftServerConfigKeys (ConfUtils.java:logGet(46)) - raft.server.notification.no-leader.timeout = 300s (custom)
2022-09-08 01:54:04,129 [pool-702-thread-1] INFO  server.RaftServerConfigKeys (ConfUtils.java:logGet(46)) - raft.server.log.use.memory = false (default)
2022-09-08 01:54:04,129 [pool-702-thread-1] INFO  server.RaftServerConfigKeys (ConfUtils.java:logGet(46)) - raft.server.log.purge.gap = 1000000 (custom)
2022-09-08 01:54:04,129 [pool-702-thread-1] INFO  server.RaftServerConfigKeys (ConfUtils.java:logGet(46)) - raft.server.log.appender.buffer.byte-limit = 33554432 (custom)
2022-09-08 01:54:04,129 [pool-702-thread-1] INFO  server.RaftServerConfigKeys (ConfUtils.java:logGet(46)) - raft.server.log.statemachine.data.read.timeout = 1000ms (default)
2022-09-08 01:54:04,129 [pool-702-thread-1] INFO  server.RaftServerConfigKeys (ConfUtils.java:logGet(46)) - raft.server.log.segment.size.max = 1048576 (custom)
2022-09-08 01:54:04,129 [pool-702-thread-1] INFO  server.RaftServerConfigKeys (ConfUtils.java:logGet(46)) - raft.server.log.segment.cache.num.max = 2 (custom)
2022-09-08 01:54:04,130 [pool-702-thread-1] INFO  server.RaftServerConfigKeys (ConfUtils.java:logGet(46)) - raft.server.log.segment.cache.size.max = 200MB (=209715200) (default)
2022-09-08 01:54:04,130 [pool-702-thread-1] INFO  segmented.SegmentedRaftLogWorker (SegmentedRaftLogWorker.java:<init>(187)) - new 0a235e6c-edea-4652-8f55-95ab3f4a2b18@group-2A684F42CE3B-SegmentedRaftLogWorker for RaftStorageImpl:Storage Directory /home/runner/work/ozone/ozone/hadoop-ozone/integration-test/target/test-dir/MiniOzoneClusterImpl-e6b4e619-fda6-43cc-821e-80e1de6684e8/datanode-2/data/ratis/cf1139df-d6dd-4276-a382-2a684f42ce3b
2022-09-08 01:54:04,130 [pool-702-thread-1] INFO  server.RaftServerConfigKeys (ConfUtils.java:logGet(46)) - raft.server.log.queue.byte-limit = 4294967296 (custom)
2022-09-08 01:54:04,130 [pool-702-thread-1] INFO  server.RaftServerConfigKeys (ConfUtils.java:logGet(46)) - raft.server.log.queue.element-limit = 1024 (custom)
2022-09-08 01:54:04,130 [pool-702-thread-1] INFO  server.RaftServerConfigKeys (ConfUtils.java:logGet(46)) - raft.server.log.segment.size.max = 1048576 (custom)
2022-09-08 01:54:04,130 [pool-702-thread-1] INFO  server.RaftServerConfigKeys (ConfUtils.java:logGet(46)) - raft.server.log.preallocated.size = 16384 (custom)
2022-09-08 01:54:04,130 [pool-702-thread-1] INFO  server.RaftServerConfigKeys (ConfUtils.java:logGet(46)) - raft.server.log.force.sync.num = 128 (default)
2022-09-08 01:54:04,130 [pool-702-thread-1] INFO  server.RaftServerConfigKeys (ConfUtils.java:logGet(46)) - raft.server.log.statemachine.data.sync = true (default)
2022-09-08 01:54:04,130 [pool-702-thread-1] INFO  server.RaftServerConfigKeys (ConfUtils.java:logGet(46)) - raft.server.log.statemachine.data.sync.timeout = 10s (default)
2022-09-08 01:54:04,130 [pool-702-thread-1] INFO  server.RaftServerConfigKeys (ConfUtils.java:logGet(46)) - raft.server.log.statemachine.data.sync.timeout.retry = -1 (default)
2022-09-08 01:54:04,131 [pool-702-thread-1] INFO  server.RaftServerConfigKeys (ConfUtils.java:logGet(46)) - raft.server.log.write.buffer.size = 1048576 (custom)
2022-09-08 01:54:04,131 [pool-702-thread-1] INFO  server.RaftServerConfigKeys (ConfUtils.java:logGet(46)) - raft.server.log.unsafe-flush.enabled = false (default)
2022-09-08 01:54:04,131 [pool-702-thread-1] INFO  server.RaftServerConfigKeys (ConfUtils.java:logGet(46)) - raft.server.log.statemachine.data.caching.enabled = true (custom)
2022-09-08 01:54:04,132 [pool-702-thread-1] INFO  segmented.SegmentedRaftLogWorker (SegmentedRaftLogWorker.java:lambda$new$0(135)) - 0a235e6c-edea-4652-8f55-95ab3f4a2b18@group-2A684F42CE3B-SegmentedRaftLogWorker: flushIndex: setUnconditionally 0 -> -1
2022-09-08 01:54:04,132 [pool-702-thread-1] INFO  segmented.SegmentedRaftLogWorker (SegmentedRaftLogWorker.java:lambda$new$0(135)) - 0a235e6c-edea-4652-8f55-95ab3f4a2b18@group-2A684F42CE3B-SegmentedRaftLogWorker: safeCacheEvictIndex: setUnconditionally 0 -> -1
2022-09-08 01:54:04,137 [pool-702-thread-1] INFO  server.RaftServerConfigKeys (ConfUtils.java:logGet(46)) - raft.server.snapshot.auto.trigger.enabled = true (custom)
2022-09-08 01:54:04,137 [pool-702-thread-1] INFO  server.RaftServerConfigKeys (ConfUtils.java:logGet(46)) - raft.server.snapshot.auto.trigger.threshold = 10000 (custom)
2022-09-08 01:54:04,137 [pool-702-thread-1] INFO  server.RaftServerConfigKeys (ConfUtils.java:logGet(46)) - raft.server.snapshot.retention.file.num = 5 (custom)
2022-09-08 01:54:04,137 [pool-702-thread-1] INFO  server.RaftServerConfigKeys (ConfUtils.java:logGet(46)) - raft.server.log.purge.upto.snapshot.index = false (default)
2022-09-08 01:54:04,138 [pool-702-thread-1] INFO  server.RaftServerConfigKeys (ConfUtils.java:logGet(46)) - raft.server.retrycache.expirytime = 600000ms (custom)
2022-09-08 01:54:04,138 [pool-702-thread-1] INFO  server.RaftServerConfigKeys (ConfUtils.java:logGet(46)) - raft.server.retrycache.statistics.expirytime = 100μs (default)
2022-09-08 01:54:04,139 [pool-702-thread-1] INFO  server.RaftServerConfigKeys (ConfUtils.java:logGet(46)) - raft.server.log.appender.install.snapshot.enabled = false (custom)
2022-09-08 01:54:04,139 [pool-702-thread-1] INFO  server.RaftServerConfigKeys (ConfUtils.java:logGet(46)) - raft.server.threadpool.server.cached = true (default)
2022-09-08 01:54:04,139 [pool-702-thread-1] INFO  server.RaftServerConfigKeys (ConfUtils.java:logGet(46)) - raft.server.threadpool.server.size = 0 (default)
2022-09-08 01:54:04,139 [pool-702-thread-1] INFO  server.RaftServerConfigKeys (ConfUtils.java:logGet(46)) - raft.server.threadpool.client.cached = true (default)
2022-09-08 01:54:04,139 [pool-702-thread-1] INFO  server.RaftServerConfigKeys (ConfUtils.java:logGet(46)) - raft.server.threadpool.client.size = 0 (default)
2022-09-08 01:54:04,139 [pool-702-thread-1] INFO  server.RaftServer$Division (RaftServerImpl.java:start(310)) - 0a235e6c-edea-4652-8f55-95ab3f4a2b18@group-2A684F42CE3B: start as a follower, conf=-1: [c6cac806-9b46-4ea6-8693-fe4fd7df8991|rpc:10.1.1.0:35957|dataStream:|priority:0, 0a235e6c-edea-4652-8f55-95ab3f4a2b18|rpc:10.1.1.0:45595|dataStream:|priority:1, e22379da-9f42-4ed5-a6ef-7e4644a055d8|rpc:10.1.1.0:42135|dataStream:|priority:0], old=null
2022-09-08 01:54:04,139 [pool-702-thread-1] INFO  server.RaftServer$Division (RaftServerImpl.java:setRole(299)) - 0a235e6c-edea-4652-8f55-95ab3f4a2b18@group-2A684F42CE3B: changes role from      null to FOLLOWER at term 0 for startAsFollower
2022-09-08 01:54:04,139 [pool-702-thread-1] INFO  impl.RoleInfo (RoleInfo.java:updateAndGet(139)) - 0a235e6c-edea-4652-8f55-95ab3f4a2b18: start 0a235e6c-edea-4652-8f55-95ab3f4a2b18@group-2A684F42CE3B-FollowerState
2022-09-08 01:54:04,149 [pool-702-thread-1] INFO  util.JmxRegister (JmxRegister.java:tryRegister(44)) - Successfully registered JMX Bean with object name Ratis:service=RaftServer,group=group-2A684F42CE3B,id=0a235e6c-edea-4652-8f55-95ab3f4a2b18
2022-09-08 01:54:04,197 [Command processor thread] INFO  commandhandler.CreatePipelineCommandHandler (CreatePipelineCommandHandler.java:handle(113)) - Created Pipeline RATIS THREE PipelineID=cf1139df-d6dd-4276-a382-2a684f42ce3b.
2022-09-08 01:54:04,197 [Command processor thread] INFO  server.RaftServer (RaftServerProxy.java:addNew(96)) - c6cac806-9b46-4ea6-8693-fe4fd7df8991: addNew group-1EB9DE725DFD:[c6cac806-9b46-4ea6-8693-fe4fd7df8991|rpc:10.1.1.0:35957|priority:1, 0a235e6c-edea-4652-8f55-95ab3f4a2b18|rpc:10.1.1.0:45595|priority:0, e22379da-9f42-4ed5-a6ef-7e4644a055d8|rpc:10.1.1.0:42135|priority:0] returns group-1EB9DE725DFD:java.util.concurrent.CompletableFuture@21676363[Not completed]
2022-09-08 01:54:04,198 [pool-656-thread-1] INFO  server.RaftServer$Division (RaftServerImpl.java:<init>(190)) - c6cac806-9b46-4ea6-8693-fe4fd7df8991: new RaftServerImpl for group-1EB9DE725DFD:[c6cac806-9b46-4ea6-8693-fe4fd7df8991|rpc:10.1.1.0:35957|priority:1, 0a235e6c-edea-4652-8f55-95ab3f4a2b18|rpc:10.1.1.0:45595|priority:0, e22379da-9f42-4ed5-a6ef-7e4644a055d8|rpc:10.1.1.0:42135|priority:0] with ContainerStateMachine:uninitialized
2022-09-08 01:54:04,198 [pool-656-thread-1] INFO  server.RaftServerConfigKeys (ConfUtils.java:logGet(46)) - raft.server.rpc.timeout.min = 5s (custom)
2022-09-08 01:54:04,198 [pool-656-thread-1] INFO  server.RaftServerConfigKeys (ConfUtils.java:logGet(46)) - raft.server.rpc.timeout.max = 5200ms (custom)
2022-09-08 01:54:04,198 [pool-656-thread-1] INFO  server.RaftServerConfigKeys (ConfUtils.java:logGet(46)) - raft.server.rpc.sleep.time = 25ms (default)
2022-09-08 01:54:04,198 [pool-656-thread-1] INFO  server.RaftServerConfigKeys (ConfUtils.java:logGet(46)) - raft.server.rpc.slowness.timeout = 300s (custom)
2022-09-08 01:54:04,198 [pool-656-thread-1] INFO  server.RaftServerConfigKeys (ConfUtils.java:logGet(46)) - raft.server.leaderelection.leader.step-down.wait-time = 10s (default)
2022-09-08 01:54:04,198 [pool-656-thread-1] INFO  server.RaftServerConfigKeys (ConfUtils.java:logGet(46)) - raft.server.sleep.deviation.threshold = 300ms (default)
2022-09-08 01:54:04,198 [pool-656-thread-1] INFO  server.RaftServer$Division (ServerState.java:<init>(107)) - c6cac806-9b46-4ea6-8693-fe4fd7df8991@group-1EB9DE725DFD: ConfigurationManager, init=-1: [c6cac806-9b46-4ea6-8693-fe4fd7df8991|rpc:10.1.1.0:35957|priority:1, 0a235e6c-edea-4652-8f55-95ab3f4a2b18|rpc:10.1.1.0:45595|priority:0, e22379da-9f42-4ed5-a6ef-7e4644a055d8|rpc:10.1.1.0:42135|priority:0], old=null, confs=<EMPTY_MAP>
2022-09-08 01:54:04,198 [pool-656-thread-1] INFO  server.RaftServerConfigKeys (ConfUtils.java:logGet(46)) - raft.server.storage.dir = [/home/runner/work/ozone/ozone/hadoop-ozone/integration-test/target/test-dir/MiniOzoneClusterImpl-e6b4e619-fda6-43cc-821e-80e1de6684e8/datanode-0/data/ratis] (custom)
2022-09-08 01:54:04,199 [pool-656-thread-1] INFO  server.RaftServerConfigKeys (ConfUtils.java:logGet(46)) - raft.server.log.corruption.policy = EXCEPTION (default)
2022-09-08 01:54:04,199 [pool-656-thread-1] INFO  server.RaftServerConfigKeys (ConfUtils.java:logGet(46)) - raft.server.storage.free-space.min = 0MB (=0) (default)
2022-09-08 01:54:04,199 [pool-656-thread-1] INFO  storage.RaftStorageDirectory (RaftStorageDirectoryImpl.java:analyzeStorage(135)) - The storage directory /home/runner/work/ozone/ozone/hadoop-ozone/integration-test/target/test-dir/MiniOzoneClusterImpl-e6b4e619-fda6-43cc-821e-80e1de6684e8/datanode-0/data/ratis/6a41d487-ba84-4491-8aac-1eb9de725dfd does not exist. Creating ...
2022-09-08 01:54:04,201 [pool-656-thread-1] INFO  storage.RaftStorageDirectory (RaftStorageDirectoryImpl.java:tryLock(230)) - Lock on /home/runner/work/ozone/ozone/hadoop-ozone/integration-test/target/test-dir/MiniOzoneClusterImpl-e6b4e619-fda6-43cc-821e-80e1de6684e8/datanode-0/data/ratis/6a41d487-ba84-4491-8aac-1eb9de725dfd/in_use.lock acquired by nodename 132736@fv-az38-857
2022-09-08 01:54:04,205 [pool-656-thread-1] INFO  storage.RaftStorage (RaftStorageImpl.java:format(89)) - Storage directory /home/runner/work/ozone/ozone/hadoop-ozone/integration-test/target/test-dir/MiniOzoneClusterImpl-e6b4e619-fda6-43cc-821e-80e1de6684e8/datanode-0/data/ratis/6a41d487-ba84-4491-8aac-1eb9de725dfd has been successfully formatted.
2022-09-08 01:54:04,205 [pool-656-thread-1] INFO  ratis.ContainerStateMachine (ContainerStateMachine.java:loadSnapshot(236)) - group-1EB9DE725DFD: The snapshot info is null. Setting the last applied indexto:(t:0, i:~)
2022-09-08 01:54:04,205 [pool-656-thread-1] INFO  server.RaftServerConfigKeys (ConfUtils.java:logGet(46)) - raft.server.notification.no-leader.timeout = 300s (custom)
2022-09-08 01:54:04,205 [pool-656-thread-1] INFO  server.RaftServerConfigKeys (ConfUtils.java:logGet(46)) - raft.server.log.use.memory = false (default)
2022-09-08 01:54:04,205 [pool-656-thread-1] INFO  server.RaftServerConfigKeys (ConfUtils.java:logGet(46)) - raft.server.log.purge.gap = 1000000 (custom)
2022-09-08 01:54:04,205 [pool-656-thread-1] INFO  server.RaftServerConfigKeys (ConfUtils.java:logGet(46)) - raft.server.log.appender.buffer.byte-limit = 33554432 (custom)
2022-09-08 01:54:04,205 [pool-656-thread-1] INFO  server.RaftServerConfigKeys (ConfUtils.java:logGet(46)) - raft.server.log.statemachine.data.read.timeout = 1000ms (default)
2022-09-08 01:54:04,205 [pool-656-thread-1] INFO  server.RaftServerConfigKeys (ConfUtils.java:logGet(46)) - raft.server.log.segment.size.max = 1048576 (custom)
2022-09-08 01:54:04,206 [EventQueue-OpenPipelineForHealthyPipelineSafeModeRule] INFO  safemode.SCMSafeModeManager (HealthyPipelineSafeModeRule.java:process(137)) - SCM in safe mode. Healthy pipelines reported count is 0, required healthy pipeline reported count is 1
2022-09-08 01:54:04,213 [pool-656-thread-1] INFO  server.RaftServerConfigKeys (ConfUtils.java:logGet(46)) - raft.server.log.segment.cache.num.max = 2 (custom)
2022-09-08 01:54:04,213 [pool-656-thread-1] INFO  server.RaftServerConfigKeys (ConfUtils.java:logGet(46)) - raft.server.log.segment.cache.size.max = 200MB (=209715200) (default)
2022-09-08 01:54:04,213 [pool-656-thread-1] INFO  segmented.SegmentedRaftLogWorker (SegmentedRaftLogWorker.java:<init>(187)) - new c6cac806-9b46-4ea6-8693-fe4fd7df8991@group-1EB9DE725DFD-SegmentedRaftLogWorker for RaftStorageImpl:Storage Directory /home/runner/work/ozone/ozone/hadoop-ozone/integration-test/target/test-dir/MiniOzoneClusterImpl-e6b4e619-fda6-43cc-821e-80e1de6684e8/datanode-0/data/ratis/6a41d487-ba84-4491-8aac-1eb9de725dfd
2022-09-08 01:54:04,213 [pool-656-thread-1] INFO  server.RaftServerConfigKeys (ConfUtils.java:logGet(46)) - raft.server.log.queue.byte-limit = 4294967296 (custom)
2022-09-08 01:54:04,213 [pool-656-thread-1] INFO  server.RaftServerConfigKeys (ConfUtils.java:logGet(46)) - raft.server.log.queue.element-limit = 1024 (custom)
2022-09-08 01:54:04,213 [pool-656-thread-1] INFO  server.RaftServerConfigKeys (ConfUtils.java:logGet(46)) - raft.server.log.segment.size.max = 1048576 (custom)
2022-09-08 01:54:04,213 [pool-656-thread-1] INFO  server.RaftServerConfigKeys (ConfUtils.java:logGet(46)) - raft.server.log.preallocated.size = 16384 (custom)
2022-09-08 01:54:04,213 [pool-656-thread-1] INFO  server.RaftServerConfigKeys (ConfUtils.java:logGet(46)) - raft.server.log.force.sync.num = 128 (default)
2022-09-08 01:54:04,213 [pool-656-thread-1] INFO  server.RaftServerConfigKeys (ConfUtils.java:logGet(46)) - raft.server.log.statemachine.data.sync = true (default)
2022-09-08 01:54:04,213 [pool-656-thread-1] INFO  server.RaftServerConfigKeys (ConfUtils.java:logGet(46)) - raft.server.log.statemachine.data.sync.timeout = 10s (default)
2022-09-08 01:54:04,213 [pool-656-thread-1] INFO  server.RaftServerConfigKeys (ConfUtils.java:logGet(46)) - raft.server.log.statemachine.data.sync.timeout.retry = -1 (default)
2022-09-08 01:54:04,214 [pool-656-thread-1] INFO  server.RaftServerConfigKeys (ConfUtils.java:logGet(46)) - raft.server.log.write.buffer.size = 1048576 (custom)
2022-09-08 01:54:04,214 [pool-656-thread-1] INFO  server.RaftServerConfigKeys (ConfUtils.java:logGet(46)) - raft.server.log.unsafe-flush.enabled = false (default)
2022-09-08 01:54:04,215 [pool-656-thread-1] INFO  server.RaftServerConfigKeys (ConfUtils.java:logGet(46)) - raft.server.log.statemachine.data.caching.enabled = true (custom)
2022-09-08 01:54:04,215 [pool-656-thread-1] INFO  segmented.SegmentedRaftLogWorker (SegmentedRaftLogWorker.java:lambda$new$0(135)) - c6cac806-9b46-4ea6-8693-fe4fd7df8991@group-1EB9DE725DFD-SegmentedRaftLogWorker: flushIndex: setUnconditionally 0 -> -1
2022-09-08 01:54:04,215 [pool-656-thread-1] INFO  segmented.SegmentedRaftLogWorker (SegmentedRaftLogWorker.java:lambda$new$0(135)) - c6cac806-9b46-4ea6-8693-fe4fd7df8991@group-1EB9DE725DFD-SegmentedRaftLogWorker: safeCacheEvictIndex: setUnconditionally 0 -> -1
2022-09-08 01:54:04,217 [pool-656-thread-1] INFO  server.RaftServerConfigKeys (ConfUtils.java:logGet(46)) - raft.server.snapshot.auto.trigger.enabled = true (custom)
2022-09-08 01:54:04,217 [pool-656-thread-1] INFO  server.RaftServerConfigKeys (ConfUtils.java:logGet(46)) - raft.server.snapshot.auto.trigger.threshold = 10000 (custom)
2022-09-08 01:54:04,217 [pool-656-thread-1] INFO  server.RaftServerConfigKeys (ConfUtils.java:logGet(46)) - raft.server.snapshot.retention.file.num = 5 (custom)
2022-09-08 01:54:04,217 [pool-656-thread-1] INFO  server.RaftServerConfigKeys (ConfUtils.java:logGet(46)) - raft.server.log.purge.upto.snapshot.index = false (default)
2022-09-08 01:54:04,217 [pool-656-thread-1] INFO  server.RaftServerConfigKeys (ConfUtils.java:logGet(46)) - raft.server.retrycache.expirytime = 600000ms (custom)
2022-09-08 01:54:04,217 [pool-656-thread-1] INFO  server.RaftServerConfigKeys (ConfUtils.java:logGet(46)) - raft.server.retrycache.statistics.expirytime = 100μs (default)
2022-09-08 01:54:04,218 [pool-656-thread-1] INFO  server.RaftServerConfigKeys (ConfUtils.java:logGet(46)) - raft.server.log.appender.install.snapshot.enabled = false (custom)
2022-09-08 01:54:04,218 [pool-656-thread-1] INFO  server.RaftServerConfigKeys (ConfUtils.java:logGet(46)) - raft.server.threadpool.server.cached = true (default)
2022-09-08 01:54:04,218 [pool-656-thread-1] INFO  server.RaftServerConfigKeys (ConfUtils.java:logGet(46)) - raft.server.threadpool.server.size = 0 (default)
2022-09-08 01:54:04,218 [pool-656-thread-1] INFO  server.RaftServerConfigKeys (ConfUtils.java:logGet(46)) - raft.server.threadpool.client.cached = true (default)
2022-09-08 01:54:04,219 [pool-656-thread-1] INFO  server.RaftServerConfigKeys (ConfUtils.java:logGet(46)) - raft.server.threadpool.client.size = 0 (default)
2022-09-08 01:54:04,219 [pool-656-thread-1] INFO  server.RaftServer$Division (RaftServerImpl.java:start(310)) - c6cac806-9b46-4ea6-8693-fe4fd7df8991@group-1EB9DE725DFD: start as a follower, conf=-1: [c6cac806-9b46-4ea6-8693-fe4fd7df8991|rpc:10.1.1.0:35957|priority:1, 0a235e6c-edea-4652-8f55-95ab3f4a2b18|rpc:10.1.1.0:45595|priority:0, e22379da-9f42-4ed5-a6ef-7e4644a055d8|rpc:10.1.1.0:42135|priority:0], old=null
2022-09-08 01:54:04,219 [pool-656-thread-1] INFO  server.RaftServer$Division (RaftServerImpl.java:setRole(299)) - c6cac806-9b46-4ea6-8693-fe4fd7df8991@group-1EB9DE725DFD: changes role from      null to FOLLOWER at term 0 for startAsFollower
2022-09-08 01:54:04,219 [pool-656-thread-1] INFO  impl.RoleInfo (RoleInfo.java:updateAndGet(139)) - c6cac806-9b46-4ea6-8693-fe4fd7df8991: start c6cac806-9b46-4ea6-8693-fe4fd7df8991@group-1EB9DE725DFD-FollowerState
2022-09-08 01:54:04,233 [pool-656-thread-1] INFO  util.JmxRegister (JmxRegister.java:tryRegister(44)) - Successfully registered JMX Bean with object name Ratis:service=RaftServer,group=group-1EB9DE725DFD,id=c6cac806-9b46-4ea6-8693-fe4fd7df8991
2022-09-08 01:54:04,241 [Command processor thread] INFO  ratis.XceiverServerRatis (XceiverServerRatis.java:addGroup(765)) - Created group PipelineID=6a41d487-ba84-4491-8aac-1eb9de725dfd
2022-09-08 01:54:04,294 [Command processor thread] INFO  server.RaftServer (RaftServerProxy.java:addNew(96)) - e22379da-9f42-4ed5-a6ef-7e4644a055d8: addNew group-CAFC4940D0C5:[e22379da-9f42-4ed5-a6ef-7e4644a055d8|rpc:10.1.1.0:42135|priority:1] returns group-CAFC4940D0C5:java.util.concurrent.CompletableFuture@6c4a1cab[Not completed]
2022-09-08 01:54:04,295 [pool-679-thread-1] INFO  server.RaftServer$Division (RaftServerImpl.java:<init>(190)) - e22379da-9f42-4ed5-a6ef-7e4644a055d8: new RaftServerImpl for group-CAFC4940D0C5:[e22379da-9f42-4ed5-a6ef-7e4644a055d8|rpc:10.1.1.0:42135|priority:1] with ContainerStateMachine:uninitialized
2022-09-08 01:54:04,295 [pool-679-thread-1] INFO  server.RaftServerConfigKeys (ConfUtils.java:logGet(46)) - raft.server.rpc.timeout.min = 5s (custom)
2022-09-08 01:54:04,295 [pool-679-thread-1] INFO  server.RaftServerConfigKeys (ConfUtils.java:logGet(46)) - raft.server.rpc.timeout.max = 5200ms (custom)
2022-09-08 01:54:04,295 [pool-679-thread-1] INFO  server.RaftServerConfigKeys (ConfUtils.java:logGet(46)) - raft.server.rpc.sleep.time = 25ms (default)
2022-09-08 01:54:04,295 [pool-679-thread-1] INFO  server.RaftServerConfigKeys (ConfUtils.java:logGet(46)) - raft.server.rpc.slowness.timeout = 300s (custom)
2022-09-08 01:54:04,295 [pool-679-thread-1] INFO  server.RaftServerConfigKeys (ConfUtils.java:logGet(46)) - raft.server.leaderelection.leader.step-down.wait-time = 10s (default)
2022-09-08 01:54:04,295 [pool-679-thread-1] INFO  server.RaftServerConfigKeys (ConfUtils.java:logGet(46)) - raft.server.sleep.deviation.threshold = 300ms (default)
2022-09-08 01:54:04,295 [pool-679-thread-1] INFO  server.RaftServer$Division (ServerState.java:<init>(107)) - e22379da-9f42-4ed5-a6ef-7e4644a055d8@group-CAFC4940D0C5: ConfigurationManager, init=-1: [e22379da-9f42-4ed5-a6ef-7e4644a055d8|rpc:10.1.1.0:42135|priority:1], old=null, confs=<EMPTY_MAP>
2022-09-08 01:54:04,295 [pool-679-thread-1] INFO  server.RaftServerConfigKeys (ConfUtils.java:logGet(46)) - raft.server.storage.dir = [/home/runner/work/ozone/ozone/hadoop-ozone/integration-test/target/test-dir/MiniOzoneClusterImpl-e6b4e619-fda6-43cc-821e-80e1de6684e8/datanode-1/data/ratis] (custom)
2022-09-08 01:54:04,296 [pool-679-thread-1] INFO  server.RaftServerConfigKeys (ConfUtils.java:logGet(46)) - raft.server.log.corruption.policy = EXCEPTION (default)
2022-09-08 01:54:04,296 [pool-679-thread-1] INFO  server.RaftServerConfigKeys (ConfUtils.java:logGet(46)) - raft.server.storage.free-space.min = 0MB (=0) (default)
2022-09-08 01:54:04,296 [pool-679-thread-1] INFO  storage.RaftStorageDirectory (RaftStorageDirectoryImpl.java:analyzeStorage(135)) - The storage directory /home/runner/work/ozone/ozone/hadoop-ozone/integration-test/target/test-dir/MiniOzoneClusterImpl-e6b4e619-fda6-43cc-821e-80e1de6684e8/datanode-1/data/ratis/575ce641-06d7-4829-a9ee-cafc4940d0c5 does not exist. Creating ...
2022-09-08 01:54:04,297 [pool-679-thread-1] INFO  storage.RaftStorageDirectory (RaftStorageDirectoryImpl.java:tryLock(230)) - Lock on /home/runner/work/ozone/ozone/hadoop-ozone/integration-test/target/test-dir/MiniOzoneClusterImpl-e6b4e619-fda6-43cc-821e-80e1de6684e8/datanode-1/data/ratis/575ce641-06d7-4829-a9ee-cafc4940d0c5/in_use.lock acquired by nodename 132736@fv-az38-857
2022-09-08 01:54:04,299 [pool-679-thread-1] INFO  storage.RaftStorage (RaftStorageImpl.java:format(89)) - Storage directory /home/runner/work/ozone/ozone/hadoop-ozone/integration-test/target/test-dir/MiniOzoneClusterImpl-e6b4e619-fda6-43cc-821e-80e1de6684e8/datanode-1/data/ratis/575ce641-06d7-4829-a9ee-cafc4940d0c5 has been successfully formatted.
2022-09-08 01:54:04,299 [pool-679-thread-1] INFO  ratis.ContainerStateMachine (ContainerStateMachine.java:loadSnapshot(236)) - group-CAFC4940D0C5: The snapshot info is null. Setting the last applied indexto:(t:0, i:~)
2022-09-08 01:54:04,299 [pool-679-thread-1] INFO  server.RaftServerConfigKeys (ConfUtils.java:logGet(46)) - raft.server.notification.no-leader.timeout = 300s (custom)
2022-09-08 01:54:04,299 [pool-679-thread-1] INFO  server.RaftServerConfigKeys (ConfUtils.java:logGet(46)) - raft.server.log.use.memory = false (default)
2022-09-08 01:54:04,299 [pool-679-thread-1] INFO  server.RaftServerConfigKeys (ConfUtils.java:logGet(46)) - raft.server.log.purge.gap = 1000000 (custom)
2022-09-08 01:54:04,299 [pool-679-thread-1] INFO  server.RaftServerConfigKeys (ConfUtils.java:logGet(46)) - raft.server.log.appender.buffer.byte-limit = 33554432 (custom)
2022-09-08 01:54:04,299 [pool-679-thread-1] INFO  server.RaftServerConfigKeys (ConfUtils.java:logGet(46)) - raft.server.log.statemachine.data.read.timeout = 1000ms (default)
2022-09-08 01:54:04,300 [pool-679-thread-1] INFO  server.RaftServerConfigKeys (ConfUtils.java:logGet(46)) - raft.server.log.segment.size.max = 1048576 (custom)
2022-09-08 01:54:04,300 [pool-679-thread-1] INFO  server.RaftServerConfigKeys (ConfUtils.java:logGet(46)) - raft.server.log.segment.cache.num.max = 2 (custom)
2022-09-08 01:54:04,300 [pool-679-thread-1] INFO  server.RaftServerConfigKeys (ConfUtils.java:logGet(46)) - raft.server.log.segment.cache.size.max = 200MB (=209715200) (default)
2022-09-08 01:54:04,300 [pool-679-thread-1] INFO  segmented.SegmentedRaftLogWorker (SegmentedRaftLogWorker.java:<init>(187)) - new e22379da-9f42-4ed5-a6ef-7e4644a055d8@group-CAFC4940D0C5-SegmentedRaftLogWorker for RaftStorageImpl:Storage Directory /home/runner/work/ozone/ozone/hadoop-ozone/integration-test/target/test-dir/MiniOzoneClusterImpl-e6b4e619-fda6-43cc-821e-80e1de6684e8/datanode-1/data/ratis/575ce641-06d7-4829-a9ee-cafc4940d0c5
2022-09-08 01:54:04,300 [pool-679-thread-1] INFO  server.RaftServerConfigKeys (ConfUtils.java:logGet(46)) - raft.server.log.queue.byte-limit = 4294967296 (custom)
2022-09-08 01:54:04,300 [pool-679-thread-1] INFO  server.RaftServerConfigKeys (ConfUtils.java:logGet(46)) - raft.server.log.queue.element-limit = 1024 (custom)
2022-09-08 01:54:04,300 [pool-679-thread-1] INFO  server.RaftServerConfigKeys (ConfUtils.java:logGet(46)) - raft.server.log.segment.size.max = 1048576 (custom)
2022-09-08 01:54:04,300 [pool-679-thread-1] INFO  server.RaftServerConfigKeys (ConfUtils.java:logGet(46)) - raft.server.log.preallocated.size = 16384 (custom)
2022-09-08 01:54:04,300 [pool-679-thread-1] INFO  server.RaftServerConfigKeys (ConfUtils.java:logGet(46)) - raft.server.log.force.sync.num = 128 (default)
2022-09-08 01:54:04,300 [pool-679-thread-1] INFO  server.RaftServerConfigKeys (ConfUtils.java:logGet(46)) - raft.server.log.statemachine.data.sync = true (default)
2022-09-08 01:54:04,300 [pool-679-thread-1] INFO  server.RaftServerConfigKeys (ConfUtils.java:logGet(46)) - raft.server.log.statemachine.data.sync.timeout = 10s (default)
2022-09-08 01:54:04,300 [pool-679-thread-1] INFO  server.RaftServerConfigKeys (ConfUtils.java:logGet(46)) - raft.server.log.statemachine.data.sync.timeout.retry = -1 (default)
2022-09-08 01:54:04,301 [pool-679-thread-1] INFO  server.RaftServerConfigKeys (ConfUtils.java:logGet(46)) - raft.server.log.write.buffer.size = 1048576 (custom)
2022-09-08 01:54:04,301 [pool-679-thread-1] INFO  server.RaftServerConfigKeys (ConfUtils.java:logGet(46)) - raft.server.log.unsafe-flush.enabled = false (default)
2022-09-08 01:54:04,301 [pool-679-thread-1] INFO  server.RaftServerConfigKeys (ConfUtils.java:logGet(46)) - raft.server.log.statemachine.data.caching.enabled = true (custom)
2022-09-08 01:54:04,302 [pool-679-thread-1] INFO  segmented.SegmentedRaftLogWorker (SegmentedRaftLogWorker.java:lambda$new$0(135)) - e22379da-9f42-4ed5-a6ef-7e4644a055d8@group-CAFC4940D0C5-SegmentedRaftLogWorker: flushIndex: setUnconditionally 0 -> -1
2022-09-08 01:54:04,302 [pool-679-thread-1] INFO  segmented.SegmentedRaftLogWorker (SegmentedRaftLogWorker.java:lambda$new$0(135)) - e22379da-9f42-4ed5-a6ef-7e4644a055d8@group-CAFC4940D0C5-SegmentedRaftLogWorker: safeCacheEvictIndex: setUnconditionally 0 -> -1
2022-09-08 01:54:04,309 [pool-679-thread-1] INFO  server.RaftServerConfigKeys (ConfUtils.java:logGet(46)) - raft.server.snapshot.auto.trigger.enabled = true (custom)
2022-09-08 01:54:04,309 [pool-679-thread-1] INFO  server.RaftServerConfigKeys (ConfUtils.java:logGet(46)) - raft.server.snapshot.auto.trigger.threshold = 10000 (custom)
2022-09-08 01:54:04,309 [pool-679-thread-1] INFO  server.RaftServerConfigKeys (ConfUtils.java:logGet(46)) - raft.server.snapshot.retention.file.num = 5 (custom)
2022-09-08 01:54:04,309 [pool-679-thread-1] INFO  server.RaftServerConfigKeys (ConfUtils.java:logGet(46)) - raft.server.log.purge.upto.snapshot.index = false (default)
2022-09-08 01:54:04,309 [pool-679-thread-1] INFO  server.RaftServerConfigKeys (ConfUtils.java:logGet(46)) - raft.server.retrycache.expirytime = 600000ms (custom)
2022-09-08 01:54:04,309 [pool-679-thread-1] INFO  server.RaftServerConfigKeys (ConfUtils.java:logGet(46)) - raft.server.retrycache.statistics.expirytime = 100μs (default)
2022-09-08 01:54:04,310 [pool-679-thread-1] INFO  server.RaftServerConfigKeys (ConfUtils.java:logGet(46)) - raft.server.log.appender.install.snapshot.enabled = false (custom)
2022-09-08 01:54:04,310 [pool-679-thread-1] INFO  server.RaftServerConfigKeys (ConfUtils.java:logGet(46)) - raft.server.threadpool.server.cached = true (default)
2022-09-08 01:54:04,310 [pool-679-thread-1] INFO  server.RaftServerConfigKeys (ConfUtils.java:logGet(46)) - raft.server.threadpool.server.size = 0 (default)
2022-09-08 01:54:04,310 [pool-679-thread-1] INFO  server.RaftServerConfigKeys (ConfUtils.java:logGet(46)) - raft.server.threadpool.client.cached = true (default)
2022-09-08 01:54:04,310 [pool-679-thread-1] INFO  server.RaftServerConfigKeys (ConfUtils.java:logGet(46)) - raft.server.threadpool.client.size = 0 (default)
2022-09-08 01:54:04,310 [pool-679-thread-1] INFO  server.RaftServer$Division (RaftServerImpl.java:start(310)) - e22379da-9f42-4ed5-a6ef-7e4644a055d8@group-CAFC4940D0C5: start as a follower, conf=-1: [e22379da-9f42-4ed5-a6ef-7e4644a055d8|rpc:10.1.1.0:42135|priority:1], old=null
2022-09-08 01:54:04,310 [pool-679-thread-1] INFO  server.RaftServer$Division (RaftServerImpl.java:setRole(299)) - e22379da-9f42-4ed5-a6ef-7e4644a055d8@group-CAFC4940D0C5: changes role from      null to FOLLOWER at term 0 for startAsFollower
2022-09-08 01:54:04,310 [pool-679-thread-1] INFO  impl.RoleInfo (RoleInfo.java:updateAndGet(139)) - e22379da-9f42-4ed5-a6ef-7e4644a055d8: start e22379da-9f42-4ed5-a6ef-7e4644a055d8@group-CAFC4940D0C5-FollowerState
2022-09-08 01:54:04,315 [pool-679-thread-1] INFO  util.JmxRegister (JmxRegister.java:tryRegister(44)) - Successfully registered JMX Bean with object name Ratis:service=RaftServer,group=group-CAFC4940D0C5,id=e22379da-9f42-4ed5-a6ef-7e4644a055d8
2022-09-08 01:54:04,321 [Command processor thread] INFO  ratis.XceiverServerRatis (XceiverServerRatis.java:addGroup(765)) - Created group PipelineID=575ce641-06d7-4829-a9ee-cafc4940d0c5
2022-09-08 01:54:04,321 [Command processor thread] INFO  commandhandler.CreatePipelineCommandHandler (CreatePipelineCommandHandler.java:handle(113)) - Created Pipeline RATIS ONE PipelineID=575ce641-06d7-4829-a9ee-cafc4940d0c5.
2022-09-08 01:54:04,321 [Command processor thread] INFO  server.RaftServer (RaftServerProxy.java:addNew(96)) - e22379da-9f42-4ed5-a6ef-7e4644a055d8: addNew group-1EB9DE725DFD:[c6cac806-9b46-4ea6-8693-fe4fd7df8991|rpc:10.1.1.0:35957|priority:1, 0a235e6c-edea-4652-8f55-95ab3f4a2b18|rpc:10.1.1.0:45595|priority:0, e22379da-9f42-4ed5-a6ef-7e4644a055d8|rpc:10.1.1.0:42135|priority:0] returns group-1EB9DE725DFD:java.util.concurrent.CompletableFuture@628def52[Not completed]
2022-09-08 01:54:04,322 [pool-679-thread-1] INFO  server.RaftServer$Division (RaftServerImpl.java:<init>(190)) - e22379da-9f42-4ed5-a6ef-7e4644a055d8: new RaftServerImpl for group-1EB9DE725DFD:[c6cac806-9b46-4ea6-8693-fe4fd7df8991|rpc:10.1.1.0:35957|priority:1, 0a235e6c-edea-4652-8f55-95ab3f4a2b18|rpc:10.1.1.0:45595|priority:0, e22379da-9f42-4ed5-a6ef-7e4644a055d8|rpc:10.1.1.0:42135|priority:0] with ContainerStateMachine:uninitialized
2022-09-08 01:54:04,322 [pool-679-thread-1] INFO  server.RaftServerConfigKeys (ConfUtils.java:logGet(46)) - raft.server.rpc.timeout.min = 5s (custom)
2022-09-08 01:54:04,322 [pool-679-thread-1] INFO  server.RaftServerConfigKeys (ConfUtils.java:logGet(46)) - raft.server.rpc.timeout.max = 5200ms (custom)
2022-09-08 01:54:04,322 [pool-679-thread-1] INFO  server.RaftServerConfigKeys (ConfUtils.java:logGet(46)) - raft.server.rpc.sleep.time = 25ms (default)
2022-09-08 01:54:04,322 [pool-679-thread-1] INFO  server.RaftServerConfigKeys (ConfUtils.java:logGet(46)) - raft.server.rpc.slowness.timeout = 300s (custom)
2022-09-08 01:54:04,322 [pool-679-thread-1] INFO  server.RaftServerConfigKeys (ConfUtils.java:logGet(46)) - raft.server.leaderelection.leader.step-down.wait-time = 10s (default)
2022-09-08 01:54:04,322 [pool-679-thread-1] INFO  server.RaftServerConfigKeys (ConfUtils.java:logGet(46)) - raft.server.sleep.deviation.threshold = 300ms (default)
2022-09-08 01:54:04,322 [pool-679-thread-1] INFO  server.RaftServer$Division (ServerState.java:<init>(107)) - e22379da-9f42-4ed5-a6ef-7e4644a055d8@group-1EB9DE725DFD: ConfigurationManager, init=-1: [c6cac806-9b46-4ea6-8693-fe4fd7df8991|rpc:10.1.1.0:35957|priority:1, 0a235e6c-edea-4652-8f55-95ab3f4a2b18|rpc:10.1.1.0:45595|priority:0, e22379da-9f42-4ed5-a6ef-7e4644a055d8|rpc:10.1.1.0:42135|priority:0], old=null, confs=<EMPTY_MAP>
2022-09-08 01:54:04,322 [pool-679-thread-1] INFO  server.RaftServerConfigKeys (ConfUtils.java:logGet(46)) - raft.server.storage.dir = [/home/runner/work/ozone/ozone/hadoop-ozone/integration-test/target/test-dir/MiniOzoneClusterImpl-e6b4e619-fda6-43cc-821e-80e1de6684e8/datanode-1/data/ratis] (custom)
2022-09-08 01:54:04,323 [pool-679-thread-1] INFO  server.RaftServerConfigKeys (ConfUtils.java:logGet(46)) - raft.server.log.corruption.policy = EXCEPTION (default)
2022-09-08 01:54:04,323 [pool-679-thread-1] INFO  server.RaftServerConfigKeys (ConfUtils.java:logGet(46)) - raft.server.storage.free-space.min = 0MB (=0) (default)
2022-09-08 01:54:04,323 [pool-679-thread-1] INFO  storage.RaftStorageDirectory (RaftStorageDirectoryImpl.java:analyzeStorage(135)) - The storage directory /home/runner/work/ozone/ozone/hadoop-ozone/integration-test/target/test-dir/MiniOzoneClusterImpl-e6b4e619-fda6-43cc-821e-80e1de6684e8/datanode-1/data/ratis/6a41d487-ba84-4491-8aac-1eb9de725dfd does not exist. Creating ...
2022-09-08 01:54:04,335 [EventQueue-PipelineReportForPipelineReportHandler] INFO  pipeline.PipelineManagerImpl (PipelineManagerImpl.java:openPipeline(367)) - Pipeline Pipeline[ Id: 575ce641-06d7-4829-a9ee-cafc4940d0c5, Nodes: e22379da-9f42-4ed5-a6ef-7e4644a055d8{ip: 10.1.1.0, host: fv-az38-857.qiceih3q1hfe5a3ai3y3qk2fta.cx.internal.cloudapp.net, ports: [REPLICATION=35621, RATIS=42135, RATIS_ADMIN=42135, RATIS_SERVER=42135, STANDALONE=37417], networkLocation: /default-rack, certSerialId: null, persistedOpState: IN_SERVICE, persistedOpStateExpiryEpochSec: 0}, ReplicationConfig: RATIS/ONE, State:ALLOCATED, leaderId:e22379da-9f42-4ed5-a6ef-7e4644a055d8, CreationTimestamp2022-09-08T01:54:01.288Z[Etc/UTC]] moved to OPEN state
2022-09-08 01:54:04,336 [EventQueue-OpenPipelineForHealthyPipelineSafeModeRule] INFO  safemode.SCMSafeModeManager (HealthyPipelineSafeModeRule.java:process(137)) - SCM in safe mode. Healthy pipelines reported count is 0, required healthy pipeline reported count is 1
2022-09-08 01:54:04,349 [pool-679-thread-1] INFO  storage.RaftStorageDirectory (RaftStorageDirectoryImpl.java:tryLock(230)) - Lock on /home/runner/work/ozone/ozone/hadoop-ozone/integration-test/target/test-dir/MiniOzoneClusterImpl-e6b4e619-fda6-43cc-821e-80e1de6684e8/datanode-1/data/ratis/6a41d487-ba84-4491-8aac-1eb9de725dfd/in_use.lock acquired by nodename 132736@fv-az38-857
2022-09-08 01:54:04,353 [pool-679-thread-1] INFO  storage.RaftStorage (RaftStorageImpl.java:format(89)) - Storage directory /home/runner/work/ozone/ozone/hadoop-ozone/integration-test/target/test-dir/MiniOzoneClusterImpl-e6b4e619-fda6-43cc-821e-80e1de6684e8/datanode-1/data/ratis/6a41d487-ba84-4491-8aac-1eb9de725dfd has been successfully formatted.
2022-09-08 01:54:04,353 [pool-679-thread-1] INFO  ratis.ContainerStateMachine (ContainerStateMachine.java:loadSnapshot(236)) - group-1EB9DE725DFD: The snapshot info is null. Setting the last applied indexto:(t:0, i:~)
2022-09-08 01:54:04,353 [pool-679-thread-1] INFO  server.RaftServerConfigKeys (ConfUtils.java:logGet(46)) - raft.server.notification.no-leader.timeout = 300s (custom)
2022-09-08 01:54:04,353 [pool-679-thread-1] INFO  server.RaftServerConfigKeys (ConfUtils.java:logGet(46)) - raft.server.log.use.memory = false (default)
2022-09-08 01:54:04,353 [pool-679-thread-1] INFO  server.RaftServerConfigKeys (ConfUtils.java:logGet(46)) - raft.server.log.purge.gap = 1000000 (custom)
2022-09-08 01:54:04,353 [pool-679-thread-1] INFO  server.RaftServerConfigKeys (ConfUtils.java:logGet(46)) - raft.server.log.appender.buffer.byte-limit = 33554432 (custom)
2022-09-08 01:54:04,353 [pool-679-thread-1] INFO  server.RaftServerConfigKeys (ConfUtils.java:logGet(46)) - raft.server.log.statemachine.data.read.timeout = 1000ms (default)
2022-09-08 01:54:04,353 [pool-679-thread-1] INFO  server.RaftServerConfigKeys (ConfUtils.java:logGet(46)) - raft.server.log.segment.size.max = 1048576 (custom)
2022-09-08 01:54:04,354 [pool-679-thread-1] INFO  server.RaftServerConfigKeys (ConfUtils.java:logGet(46)) - raft.server.log.segment.cache.num.max = 2 (custom)
2022-09-08 01:54:04,354 [pool-679-thread-1] INFO  server.RaftServerConfigKeys (ConfUtils.java:logGet(46)) - raft.server.log.segment.cache.size.max = 200MB (=209715200) (default)
2022-09-08 01:54:04,354 [pool-679-thread-1] INFO  segmented.SegmentedRaftLogWorker (SegmentedRaftLogWorker.java:<init>(187)) - new e22379da-9f42-4ed5-a6ef-7e4644a055d8@group-1EB9DE725DFD-SegmentedRaftLogWorker for RaftStorageImpl:Storage Directory /home/runner/work/ozone/ozone/hadoop-ozone/integration-test/target/test-dir/MiniOzoneClusterImpl-e6b4e619-fda6-43cc-821e-80e1de6684e8/datanode-1/data/ratis/6a41d487-ba84-4491-8aac-1eb9de725dfd
2022-09-08 01:54:04,354 [pool-679-thread-1] INFO  server.RaftServerConfigKeys (ConfUtils.java:logGet(46)) - raft.server.log.queue.byte-limit = 4294967296 (custom)
2022-09-08 01:54:04,354 [pool-679-thread-1] INFO  server.RaftServerConfigKeys (ConfUtils.java:logGet(46)) - raft.server.log.queue.element-limit = 1024 (custom)
2022-09-08 01:54:04,354 [pool-679-thread-1] INFO  server.RaftServerConfigKeys (ConfUtils.java:logGet(46)) - raft.server.log.segment.size.max = 1048576 (custom)
2022-09-08 01:54:04,354 [pool-679-thread-1] INFO  server.RaftServerConfigKeys (ConfUtils.java:logGet(46)) - raft.server.log.preallocated.size = 16384 (custom)
2022-09-08 01:54:04,354 [pool-679-thread-1] INFO  server.RaftServerConfigKeys (ConfUtils.java:logGet(46)) - raft.server.log.force.sync.num = 128 (default)
2022-09-08 01:54:04,354 [pool-679-thread-1] INFO  server.RaftServerConfigKeys (ConfUtils.java:logGet(46)) - raft.server.log.statemachine.data.sync = true (default)
2022-09-08 01:54:04,354 [pool-679-thread-1] INFO  server.RaftServerConfigKeys (ConfUtils.java:logGet(46)) - raft.server.log.statemachine.data.sync.timeout = 10s (default)
2022-09-08 01:54:04,354 [pool-679-thread-1] INFO  server.RaftServerConfigKeys (ConfUtils.java:logGet(46)) - raft.server.log.statemachine.data.sync.timeout.retry = -1 (default)
2022-09-08 01:54:04,355 [pool-679-thread-1] INFO  server.RaftServerConfigKeys (ConfUtils.java:logGet(46)) - raft.server.log.write.buffer.size = 1048576 (custom)
2022-09-08 01:54:04,355 [pool-679-thread-1] INFO  server.RaftServerConfigKeys (ConfUtils.java:logGet(46)) - raft.server.log.unsafe-flush.enabled = false (default)
2022-09-08 01:54:04,356 [pool-679-thread-1] INFO  server.RaftServerConfigKeys (ConfUtils.java:logGet(46)) - raft.server.log.statemachine.data.caching.enabled = true (custom)
2022-09-08 01:54:04,356 [pool-679-thread-1] INFO  segmented.SegmentedRaftLogWorker (SegmentedRaftLogWorker.java:lambda$new$0(135)) - e22379da-9f42-4ed5-a6ef-7e4644a055d8@group-1EB9DE725DFD-SegmentedRaftLogWorker: flushIndex: setUnconditionally 0 -> -1
2022-09-08 01:54:04,356 [pool-679-thread-1] INFO  segmented.SegmentedRaftLogWorker (SegmentedRaftLogWorker.java:lambda$new$0(135)) - e22379da-9f42-4ed5-a6ef-7e4644a055d8@group-1EB9DE725DFD-SegmentedRaftLogWorker: safeCacheEvictIndex: setUnconditionally 0 -> -1
2022-09-08 01:54:04,359 [pool-679-thread-1] INFO  server.RaftServerConfigKeys (ConfUtils.java:logGet(46)) - raft.server.snapshot.auto.trigger.enabled = true (custom)
2022-09-08 01:54:04,359 [pool-679-thread-1] INFO  server.RaftServerConfigKeys (ConfUtils.java:logGet(46)) - raft.server.snapshot.auto.trigger.threshold = 10000 (custom)
2022-09-08 01:54:04,359 [pool-679-thread-1] INFO  server.RaftServerConfigKeys (ConfUtils.java:logGet(46)) - raft.server.snapshot.retention.file.num = 5 (custom)
2022-09-08 01:54:04,359 [pool-679-thread-1] INFO  server.RaftServerConfigKeys (ConfUtils.java:logGet(46)) - raft.server.log.purge.upto.snapshot.index = false (default)
2022-09-08 01:54:04,359 [pool-679-thread-1] INFO  server.RaftServerConfigKeys (ConfUtils.java:logGet(46)) - raft.server.retrycache.expirytime = 600000ms (custom)
2022-09-08 01:54:04,359 [pool-679-thread-1] INFO  server.RaftServerConfigKeys (ConfUtils.java:logGet(46)) - raft.server.retrycache.statistics.expirytime = 100μs (default)
2022-09-08 01:54:04,360 [pool-679-thread-1] INFO  server.RaftServerConfigKeys (ConfUtils.java:logGet(46)) - raft.server.log.appender.install.snapshot.enabled = false (custom)
2022-09-08 01:54:04,360 [pool-679-thread-1] INFO  server.RaftServerConfigKeys (ConfUtils.java:logGet(46)) - raft.server.threadpool.server.cached = true (default)
2022-09-08 01:54:04,360 [pool-679-thread-1] INFO  server.RaftServerConfigKeys (ConfUtils.java:logGet(46)) - raft.server.threadpool.server.size = 0 (default)
2022-09-08 01:54:04,360 [pool-679-thread-1] INFO  server.RaftServerConfigKeys (ConfUtils.java:logGet(46)) - raft.server.threadpool.client.cached = true (default)
2022-09-08 01:54:04,360 [pool-679-thread-1] INFO  server.RaftServerConfigKeys (ConfUtils.java:logGet(46)) - raft.server.threadpool.client.size = 0 (default)
2022-09-08 01:54:04,360 [pool-679-thread-1] INFO  server.RaftServer$Division (RaftServerImpl.java:start(310)) - e22379da-9f42-4ed5-a6ef-7e4644a055d8@group-1EB9DE725DFD: start as a follower, conf=-1: [c6cac806-9b46-4ea6-8693-fe4fd7df8991|rpc:10.1.1.0:35957|priority:1, 0a235e6c-edea-4652-8f55-95ab3f4a2b18|rpc:10.1.1.0:45595|priority:0, e22379da-9f42-4ed5-a6ef-7e4644a055d8|rpc:10.1.1.0:42135|priority:0], old=null
2022-09-08 01:54:04,360 [pool-679-thread-1] INFO  server.RaftServer$Division (RaftServerImpl.java:setRole(299)) - e22379da-9f42-4ed5-a6ef-7e4644a055d8@group-1EB9DE725DFD: changes role from      null to FOLLOWER at term 0 for startAsFollower
2022-09-08 01:54:04,361 [pool-679-thread-1] INFO  impl.RoleInfo (RoleInfo.java:updateAndGet(139)) - e22379da-9f42-4ed5-a6ef-7e4644a055d8: start e22379da-9f42-4ed5-a6ef-7e4644a055d8@group-1EB9DE725DFD-FollowerState
2022-09-08 01:54:04,361 [pool-679-thread-1] INFO  util.JmxRegister (JmxRegister.java:tryRegister(44)) - Successfully registered JMX Bean with object name Ratis:service=RaftServer,group=group-1EB9DE725DFD,id=e22379da-9f42-4ed5-a6ef-7e4644a055d8
2022-09-08 01:54:04,364 [Command processor thread] INFO  ratis.XceiverServerRatis (XceiverServerRatis.java:addGroup(765)) - Created group PipelineID=6a41d487-ba84-4491-8aac-1eb9de725dfd
2022-09-08 01:54:04,422 [EventQueue-OpenPipelineForHealthyPipelineSafeModeRule] INFO  safemode.SCMSafeModeManager (HealthyPipelineSafeModeRule.java:process(137)) - SCM in safe mode. Healthy pipelines reported count is 0, required healthy pipeline reported count is 1
2022-09-08 01:54:04,523 [grpc-default-executor-1] INFO  server.RaftServer (RaftServerProxy.java:addNew(96)) - 0a235e6c-edea-4652-8f55-95ab3f4a2b18: addNew group-1EB9DE725DFD:[c6cac806-9b46-4ea6-8693-fe4fd7df8991|rpc:10.1.1.0:35957|dataStream:|priority:1, 0a235e6c-edea-4652-8f55-95ab3f4a2b18|rpc:10.1.1.0:45595|dataStream:|priority:0, e22379da-9f42-4ed5-a6ef-7e4644a055d8|rpc:10.1.1.0:42135|dataStream:|priority:0] returns group-1EB9DE725DFD:java.util.concurrent.CompletableFuture@32d0d576[Not completed]
2022-09-08 01:54:04,524 [pool-702-thread-1] INFO  server.RaftServer$Division (RaftServerImpl.java:<init>(190)) - 0a235e6c-edea-4652-8f55-95ab3f4a2b18: new RaftServerImpl for group-1EB9DE725DFD:[c6cac806-9b46-4ea6-8693-fe4fd7df8991|rpc:10.1.1.0:35957|dataStream:|priority:1, 0a235e6c-edea-4652-8f55-95ab3f4a2b18|rpc:10.1.1.0:45595|dataStream:|priority:0, e22379da-9f42-4ed5-a6ef-7e4644a055d8|rpc:10.1.1.0:42135|dataStream:|priority:0] with ContainerStateMachine:uninitialized
2022-09-08 01:54:04,524 [pool-702-thread-1] INFO  server.RaftServerConfigKeys (ConfUtils.java:logGet(46)) - raft.server.rpc.timeout.min = 5s (custom)
2022-09-08 01:54:04,524 [pool-702-thread-1] INFO  server.RaftServerConfigKeys (ConfUtils.java:logGet(46)) - raft.server.rpc.timeout.max = 5200ms (custom)
2022-09-08 01:54:04,524 [pool-702-thread-1] INFO  server.RaftServerConfigKeys (ConfUtils.java:logGet(46)) - raft.server.rpc.sleep.time = 25ms (default)
2022-09-08 01:54:04,524 [pool-702-thread-1] INFO  server.RaftServerConfigKeys (ConfUtils.java:logGet(46)) - raft.server.rpc.slowness.timeout = 300s (custom)
2022-09-08 01:54:04,524 [pool-702-thread-1] INFO  server.RaftServerConfigKeys (ConfUtils.java:logGet(46)) - raft.server.leaderelection.leader.step-down.wait-time = 10s (default)
2022-09-08 01:54:04,524 [pool-702-thread-1] INFO  server.RaftServerConfigKeys (ConfUtils.java:logGet(46)) - raft.server.sleep.deviation.threshold = 300ms (default)
2022-09-08 01:54:04,524 [pool-702-thread-1] INFO  server.RaftServer$Division (ServerState.java:<init>(107)) - 0a235e6c-edea-4652-8f55-95ab3f4a2b18@group-1EB9DE725DFD: ConfigurationManager, init=-1: [c6cac806-9b46-4ea6-8693-fe4fd7df8991|rpc:10.1.1.0:35957|dataStream:|priority:1, 0a235e6c-edea-4652-8f55-95ab3f4a2b18|rpc:10.1.1.0:45595|dataStream:|priority:0, e22379da-9f42-4ed5-a6ef-7e4644a055d8|rpc:10.1.1.0:42135|dataStream:|priority:0], old=null, confs=<EMPTY_MAP>
2022-09-08 01:54:04,524 [pool-702-thread-1] INFO  server.RaftServerConfigKeys (ConfUtils.java:logGet(46)) - raft.server.storage.dir = [/home/runner/work/ozone/ozone/hadoop-ozone/integration-test/target/test-dir/MiniOzoneClusterImpl-e6b4e619-fda6-43cc-821e-80e1de6684e8/datanode-2/data/ratis] (custom)
2022-09-08 01:54:04,525 [pool-702-thread-1] INFO  server.RaftServerConfigKeys (ConfUtils.java:logGet(46)) - raft.server.log.corruption.policy = EXCEPTION (default)
2022-09-08 01:54:04,525 [pool-702-thread-1] INFO  server.RaftServerConfigKeys (ConfUtils.java:logGet(46)) - raft.server.storage.free-space.min = 0MB (=0) (default)
2022-09-08 01:54:04,525 [pool-702-thread-1] INFO  storage.RaftStorageDirectory (RaftStorageDirectoryImpl.java:analyzeStorage(135)) - The storage directory /home/runner/work/ozone/ozone/hadoop-ozone/integration-test/target/test-dir/MiniOzoneClusterImpl-e6b4e619-fda6-43cc-821e-80e1de6684e8/datanode-2/data/ratis/6a41d487-ba84-4491-8aac-1eb9de725dfd does not exist. Creating ...
2022-09-08 01:54:04,526 [pool-702-thread-1] INFO  storage.RaftStorageDirectory (RaftStorageDirectoryImpl.java:tryLock(230)) - Lock on /home/runner/work/ozone/ozone/hadoop-ozone/integration-test/target/test-dir/MiniOzoneClusterImpl-e6b4e619-fda6-43cc-821e-80e1de6684e8/datanode-2/data/ratis/6a41d487-ba84-4491-8aac-1eb9de725dfd/in_use.lock acquired by nodename 132736@fv-az38-857
2022-09-08 01:54:04,529 [pool-702-thread-1] INFO  storage.RaftStorage (RaftStorageImpl.java:format(89)) - Storage directory /home/runner/work/ozone/ozone/hadoop-ozone/integration-test/target/test-dir/MiniOzoneClusterImpl-e6b4e619-fda6-43cc-821e-80e1de6684e8/datanode-2/data/ratis/6a41d487-ba84-4491-8aac-1eb9de725dfd has been successfully formatted.
2022-09-08 01:54:04,529 [pool-702-thread-1] INFO  ratis.ContainerStateMachine (ContainerStateMachine.java:loadSnapshot(236)) - group-1EB9DE725DFD: The snapshot info is null. Setting the last applied indexto:(t:0, i:~)
2022-09-08 01:54:04,530 [pool-702-thread-1] INFO  server.RaftServerConfigKeys (ConfUtils.java:logGet(46)) - raft.server.notification.no-leader.timeout = 300s (custom)
2022-09-08 01:54:04,530 [pool-702-thread-1] INFO  server.RaftServerConfigKeys (ConfUtils.java:logGet(46)) - raft.server.log.use.memory = false (default)
2022-09-08 01:54:04,530 [pool-702-thread-1] INFO  server.RaftServerConfigKeys (ConfUtils.java:logGet(46)) - raft.server.log.purge.gap = 1000000 (custom)
2022-09-08 01:54:04,530 [pool-702-thread-1] INFO  server.RaftServerConfigKeys (ConfUtils.java:logGet(46)) - raft.server.log.appender.buffer.byte-limit = 33554432 (custom)
2022-09-08 01:54:04,530 [pool-702-thread-1] INFO  server.RaftServerConfigKeys (ConfUtils.java:logGet(46)) - raft.server.log.statemachine.data.read.timeout = 1000ms (default)
2022-09-08 01:54:04,530 [pool-702-thread-1] INFO  server.RaftServerConfigKeys (ConfUtils.java:logGet(46)) - raft.server.log.segment.size.max = 1048576 (custom)
2022-09-08 01:54:04,530 [pool-702-thread-1] INFO  server.RaftServerConfigKeys (ConfUtils.java:logGet(46)) - raft.server.log.segment.cache.num.max = 2 (custom)
2022-09-08 01:54:04,530 [pool-702-thread-1] INFO  server.RaftServerConfigKeys (ConfUtils.java:logGet(46)) - raft.server.log.segment.cache.size.max = 200MB (=209715200) (default)
2022-09-08 01:54:04,530 [pool-702-thread-1] INFO  segmented.SegmentedRaftLogWorker (SegmentedRaftLogWorker.java:<init>(187)) - new 0a235e6c-edea-4652-8f55-95ab3f4a2b18@group-1EB9DE725DFD-SegmentedRaftLogWorker for RaftStorageImpl:Storage Directory /home/runner/work/ozone/ozone/hadoop-ozone/integration-test/target/test-dir/MiniOzoneClusterImpl-e6b4e619-fda6-43cc-821e-80e1de6684e8/datanode-2/data/ratis/6a41d487-ba84-4491-8aac-1eb9de725dfd
2022-09-08 01:54:04,530 [pool-702-thread-1] INFO  server.RaftServerConfigKeys (ConfUtils.java:logGet(46)) - raft.server.log.queue.byte-limit = 4294967296 (custom)
2022-09-08 01:54:04,530 [pool-702-thread-1] INFO  server.RaftServerConfigKeys (ConfUtils.java:logGet(46)) - raft.server.log.queue.element-limit = 1024 (custom)
2022-09-08 01:54:04,530 [pool-702-thread-1] INFO  server.RaftServerConfigKeys (ConfUtils.java:logGet(46)) - raft.server.log.segment.size.max = 1048576 (custom)
2022-09-08 01:54:04,530 [pool-702-thread-1] INFO  server.RaftServerConfigKeys (ConfUtils.java:logGet(46)) - raft.server.log.preallocated.size = 16384 (custom)
2022-09-08 01:54:04,531 [pool-702-thread-1] INFO  server.RaftServerConfigKeys (ConfUtils.java:logGet(46)) - raft.server.log.force.sync.num = 128 (default)
2022-09-08 01:54:04,531 [pool-702-thread-1] INFO  server.RaftServerConfigKeys (ConfUtils.java:logGet(46)) - raft.server.log.statemachine.data.sync = true (default)
2022-09-08 01:54:04,531 [pool-702-thread-1] INFO  server.RaftServerConfigKeys (ConfUtils.java:logGet(46)) - raft.server.log.statemachine.data.sync.timeout = 10s (default)
2022-09-08 01:54:04,531 [pool-702-thread-1] INFO  server.RaftServerConfigKeys (ConfUtils.java:logGet(46)) - raft.server.log.statemachine.data.sync.timeout.retry = -1 (default)
2022-09-08 01:54:04,531 [pool-702-thread-1] INFO  server.RaftServerConfigKeys (ConfUtils.java:logGet(46)) - raft.server.log.write.buffer.size = 1048576 (custom)
2022-09-08 01:54:04,549 [pool-702-thread-1] INFO  server.RaftServerConfigKeys (ConfUtils.java:logGet(46)) - raft.server.log.unsafe-flush.enabled = false (default)
2022-09-08 01:54:04,549 [pool-702-thread-1] INFO  server.RaftServerConfigKeys (ConfUtils.java:logGet(46)) - raft.server.log.statemachine.data.caching.enabled = true (custom)
2022-09-08 01:54:04,549 [pool-702-thread-1] INFO  segmented.SegmentedRaftLogWorker (SegmentedRaftLogWorker.java:lambda$new$0(135)) - 0a235e6c-edea-4652-8f55-95ab3f4a2b18@group-1EB9DE725DFD-SegmentedRaftLogWorker: flushIndex: setUnconditionally 0 -> -1
2022-09-08 01:54:04,550 [pool-702-thread-1] INFO  segmented.SegmentedRaftLogWorker (SegmentedRaftLogWorker.java:lambda$new$0(135)) - 0a235e6c-edea-4652-8f55-95ab3f4a2b18@group-1EB9DE725DFD-SegmentedRaftLogWorker: safeCacheEvictIndex: setUnconditionally 0 -> -1
2022-09-08 01:54:04,560 [pool-702-thread-1] INFO  server.RaftServerConfigKeys (ConfUtils.java:logGet(46)) - raft.server.snapshot.auto.trigger.enabled = true (custom)
2022-09-08 01:54:04,560 [pool-702-thread-1] INFO  server.RaftServerConfigKeys (ConfUtils.java:logGet(46)) - raft.server.snapshot.auto.trigger.threshold = 10000 (custom)
2022-09-08 01:54:04,560 [pool-702-thread-1] INFO  server.RaftServerConfigKeys (ConfUtils.java:logGet(46)) - raft.server.snapshot.retention.file.num = 5 (custom)
2022-09-08 01:54:04,560 [pool-702-thread-1] INFO  server.RaftServerConfigKeys (ConfUtils.java:logGet(46)) - raft.server.log.purge.upto.snapshot.index = false (default)
2022-09-08 01:54:04,560 [pool-702-thread-1] INFO  server.RaftServerConfigKeys (ConfUtils.java:logGet(46)) - raft.server.retrycache.expirytime = 600000ms (custom)
2022-09-08 01:54:04,560 [pool-702-thread-1] INFO  server.RaftServerConfigKeys (ConfUtils.java:logGet(46)) - raft.server.retrycache.statistics.expirytime = 100μs (default)
2022-09-08 01:54:04,561 [pool-702-thread-1] INFO  server.RaftServerConfigKeys (ConfUtils.java:logGet(46)) - raft.server.log.appender.install.snapshot.enabled = false (custom)
2022-09-08 01:54:04,561 [pool-702-thread-1] INFO  server.RaftServerConfigKeys (ConfUtils.java:logGet(46)) - raft.server.threadpool.server.cached = true (default)
2022-09-08 01:54:04,561 [pool-702-thread-1] INFO  server.RaftServerConfigKeys (ConfUtils.java:logGet(46)) - raft.server.threadpool.server.size = 0 (default)
2022-09-08 01:54:04,561 [pool-702-thread-1] INFO  server.RaftServerConfigKeys (ConfUtils.java:logGet(46)) - raft.server.threadpool.client.cached = true (default)
2022-09-08 01:54:04,561 [pool-702-thread-1] INFO  server.RaftServerConfigKeys (ConfUtils.java:logGet(46)) - raft.server.threadpool.client.size = 0 (default)
2022-09-08 01:54:04,585 [pool-702-thread-1] INFO  server.RaftServer$Division (RaftServerImpl.java:start(310)) - 0a235e6c-edea-4652-8f55-95ab3f4a2b18@group-1EB9DE725DFD: start as a follower, conf=-1: [c6cac806-9b46-4ea6-8693-fe4fd7df8991|rpc:10.1.1.0:35957|dataStream:|priority:1, 0a235e6c-edea-4652-8f55-95ab3f4a2b18|rpc:10.1.1.0:45595|dataStream:|priority:0, e22379da-9f42-4ed5-a6ef-7e4644a055d8|rpc:10.1.1.0:42135|dataStream:|priority:0], old=null
2022-09-08 01:54:04,585 [pool-702-thread-1] INFO  server.RaftServer$Division (RaftServerImpl.java:setRole(299)) - 0a235e6c-edea-4652-8f55-95ab3f4a2b18@group-1EB9DE725DFD: changes role from      null to FOLLOWER at term 0 for startAsFollower
2022-09-08 01:54:04,585 [pool-702-thread-1] INFO  impl.RoleInfo (RoleInfo.java:updateAndGet(139)) - 0a235e6c-edea-4652-8f55-95ab3f4a2b18: start 0a235e6c-edea-4652-8f55-95ab3f4a2b18@group-1EB9DE725DFD-FollowerState
2022-09-08 01:54:04,587 [pool-702-thread-1] INFO  util.JmxRegister (JmxRegister.java:tryRegister(44)) - Successfully registered JMX Bean with object name Ratis:service=RaftServer,group=group-1EB9DE725DFD,id=0a235e6c-edea-4652-8f55-95ab3f4a2b18
2022-09-08 01:54:04,693 [Command processor thread] INFO  commandhandler.CreatePipelineCommandHandler (CreatePipelineCommandHandler.java:handle(113)) - Created Pipeline RATIS THREE PipelineID=6a41d487-ba84-4491-8aac-1eb9de725dfd.
2022-09-08 01:54:04,713 [Command processor thread] INFO  commandhandler.CreatePipelineCommandHandler (CreatePipelineCommandHandler.java:handle(113)) - Created Pipeline RATIS THREE PipelineID=6a41d487-ba84-4491-8aac-1eb9de725dfd.
2022-09-08 01:54:04,887 [Listener at 127.0.0.1/41643] INFO  ozone.MiniOzoneClusterImpl (MiniOzoneClusterImpl.java:lambda$waitForClusterToBeReady$0(216)) - Nodes are ready. Got 3 of 3 DN Heartbeats.
2022-09-08 01:54:04,887 [Listener at 127.0.0.1/41643] INFO  ozone.MiniOzoneClusterImpl (MiniOzoneClusterImpl.java:lambda$waitForClusterToBeReady$0(219)) - Waiting for cluster to exit safe mode
2022-09-08 01:54:04,887 [Listener at 127.0.0.1/41643] INFO  ozone.MiniOzoneClusterImpl (MiniOzoneClusterImpl.java:lambda$waitForClusterToBeReady$0(221)) - SCM became leader
2022-09-08 01:54:04,917 [Command processor thread] INFO  server.RaftServer (RaftServerProxy.java:addNew(96)) - 0a235e6c-edea-4652-8f55-95ab3f4a2b18: addNew group-952F8FDDA975:[0a235e6c-edea-4652-8f55-95ab3f4a2b18|rpc:10.1.1.0:45595|priority:1] returns group-952F8FDDA975:java.util.concurrent.CompletableFuture@32f40634[Not completed]
2022-09-08 01:54:04,919 [pool-702-thread-1] INFO  server.RaftServer$Division (RaftServerImpl.java:<init>(190)) - 0a235e6c-edea-4652-8f55-95ab3f4a2b18: new RaftServerImpl for group-952F8FDDA975:[0a235e6c-edea-4652-8f55-95ab3f4a2b18|rpc:10.1.1.0:45595|priority:1] with ContainerStateMachine:uninitialized
2022-09-08 01:54:04,919 [pool-702-thread-1] INFO  server.RaftServerConfigKeys (ConfUtils.java:logGet(46)) - raft.server.rpc.timeout.min = 5s (custom)
2022-09-08 01:54:04,919 [pool-702-thread-1] INFO  server.RaftServerConfigKeys (ConfUtils.java:logGet(46)) - raft.server.rpc.timeout.max = 5200ms (custom)
2022-09-08 01:54:04,919 [pool-702-thread-1] INFO  server.RaftServerConfigKeys (ConfUtils.java:logGet(46)) - raft.server.rpc.sleep.time = 25ms (default)
2022-09-08 01:54:04,919 [pool-702-thread-1] INFO  server.RaftServerConfigKeys (ConfUtils.java:logGet(46)) - raft.server.rpc.slowness.timeout = 300s (custom)
2022-09-08 01:54:04,919 [pool-702-thread-1] INFO  server.RaftServerConfigKeys (ConfUtils.java:logGet(46)) - raft.server.leaderelection.leader.step-down.wait-time = 10s (default)
2022-09-08 01:54:04,919 [pool-702-thread-1] INFO  server.RaftServerConfigKeys (ConfUtils.java:logGet(46)) - raft.server.sleep.deviation.threshold = 300ms (default)
2022-09-08 01:54:04,919 [pool-702-thread-1] INFO  server.RaftServer$Division (ServerState.java:<init>(107)) - 0a235e6c-edea-4652-8f55-95ab3f4a2b18@group-952F8FDDA975: ConfigurationManager, init=-1: [0a235e6c-edea-4652-8f55-95ab3f4a2b18|rpc:10.1.1.0:45595|priority:1], old=null, confs=<EMPTY_MAP>
2022-09-08 01:54:04,919 [pool-702-thread-1] INFO  server.RaftServerConfigKeys (ConfUtils.java:logGet(46)) - raft.server.storage.dir = [/home/runner/work/ozone/ozone/hadoop-ozone/integration-test/target/test-dir/MiniOzoneClusterImpl-e6b4e619-fda6-43cc-821e-80e1de6684e8/datanode-2/data/ratis] (custom)
2022-09-08 01:54:04,919 [pool-702-thread-1] INFO  server.RaftServerConfigKeys (ConfUtils.java:logGet(46)) - raft.server.log.corruption.policy = EXCEPTION (default)
2022-09-08 01:54:04,920 [pool-702-thread-1] INFO  server.RaftServerConfigKeys (ConfUtils.java:logGet(46)) - raft.server.storage.free-space.min = 0MB (=0) (default)
2022-09-08 01:54:04,920 [pool-702-thread-1] INFO  storage.RaftStorageDirectory (RaftStorageDirectoryImpl.java:analyzeStorage(135)) - The storage directory /home/runner/work/ozone/ozone/hadoop-ozone/integration-test/target/test-dir/MiniOzoneClusterImpl-e6b4e619-fda6-43cc-821e-80e1de6684e8/datanode-2/data/ratis/2400d684-ed3a-467c-9669-952f8fdda975 does not exist. Creating ...
2022-09-08 01:54:04,926 [pool-702-thread-1] INFO  storage.RaftStorageDirectory (RaftStorageDirectoryImpl.java:tryLock(230)) - Lock on /home/runner/work/ozone/ozone/hadoop-ozone/integration-test/target/test-dir/MiniOzoneClusterImpl-e6b4e619-fda6-43cc-821e-80e1de6684e8/datanode-2/data/ratis/2400d684-ed3a-467c-9669-952f8fdda975/in_use.lock acquired by nodename 132736@fv-az38-857
2022-09-08 01:54:04,927 [pool-702-thread-1] INFO  storage.RaftStorage (RaftStorageImpl.java:format(89)) - Storage directory /home/runner/work/ozone/ozone/hadoop-ozone/integration-test/target/test-dir/MiniOzoneClusterImpl-e6b4e619-fda6-43cc-821e-80e1de6684e8/datanode-2/data/ratis/2400d684-ed3a-467c-9669-952f8fdda975 has been successfully formatted.
2022-09-08 01:54:04,928 [pool-702-thread-1] INFO  ratis.ContainerStateMachine (ContainerStateMachine.java:loadSnapshot(236)) - group-952F8FDDA975: The snapshot info is null. Setting the last applied indexto:(t:0, i:~)
2022-09-08 01:54:04,929 [EventQueue-PipelineReportForPipelineReportHandler] INFO  pipeline.PipelineManagerImpl (PipelineManagerImpl.java:openPipeline(367)) - Pipeline Pipeline[ Id: 2400d684-ed3a-467c-9669-952f8fdda975, Nodes: 0a235e6c-edea-4652-8f55-95ab3f4a2b18{ip: 10.1.1.0, host: fv-az38-857.qiceih3q1hfe5a3ai3y3qk2fta.cx.internal.cloudapp.net, ports: [REPLICATION=38871, RATIS=45595, RATIS_ADMIN=45595, RATIS_SERVER=45595, STANDALONE=33305], networkLocation: /default-rack, certSerialId: null, persistedOpState: IN_SERVICE, persistedOpStateExpiryEpochSec: 0}, ReplicationConfig: RATIS/ONE, State:ALLOCATED, leaderId:0a235e6c-edea-4652-8f55-95ab3f4a2b18, CreationTimestamp2022-09-08T01:54:01.919Z[Etc/UTC]] moved to OPEN state
2022-09-08 01:54:04,929 [EventQueue-OpenPipelineForHealthyPipelineSafeModeRule] INFO  safemode.SCMSafeModeManager (HealthyPipelineSafeModeRule.java:process(137)) - SCM in safe mode. Healthy pipelines reported count is 0, required healthy pipeline reported count is 1
2022-09-08 01:54:04,943 [pool-702-thread-1] INFO  server.RaftServerConfigKeys (ConfUtils.java:logGet(46)) - raft.server.notification.no-leader.timeout = 300s (custom)
2022-09-08 01:54:04,943 [pool-702-thread-1] INFO  server.RaftServerConfigKeys (ConfUtils.java:logGet(46)) - raft.server.log.use.memory = false (default)
2022-09-08 01:54:04,943 [pool-702-thread-1] INFO  server.RaftServerConfigKeys (ConfUtils.java:logGet(46)) - raft.server.log.purge.gap = 1000000 (custom)
2022-09-08 01:54:04,943 [pool-702-thread-1] INFO  server.RaftServerConfigKeys (ConfUtils.java:logGet(46)) - raft.server.log.appender.buffer.byte-limit = 33554432 (custom)
2022-09-08 01:54:04,943 [pool-702-thread-1] INFO  server.RaftServerConfigKeys (ConfUtils.java:logGet(46)) - raft.server.log.statemachine.data.read.timeout = 1000ms (default)
2022-09-08 01:54:04,943 [pool-702-thread-1] INFO  server.RaftServerConfigKeys (ConfUtils.java:logGet(46)) - raft.server.log.segment.size.max = 1048576 (custom)
2022-09-08 01:54:04,943 [pool-702-thread-1] INFO  server.RaftServerConfigKeys (ConfUtils.java:logGet(46)) - raft.server.log.segment.cache.num.max = 2 (custom)
2022-09-08 01:54:04,944 [pool-702-thread-1] INFO  server.RaftServerConfigKeys (ConfUtils.java:logGet(46)) - raft.server.log.segment.cache.size.max = 200MB (=209715200) (default)
2022-09-08 01:54:04,944 [pool-702-thread-1] INFO  segmented.SegmentedRaftLogWorker (SegmentedRaftLogWorker.java:<init>(187)) - new 0a235e6c-edea-4652-8f55-95ab3f4a2b18@group-952F8FDDA975-SegmentedRaftLogWorker for RaftStorageImpl:Storage Directory /home/runner/work/ozone/ozone/hadoop-ozone/integration-test/target/test-dir/MiniOzoneClusterImpl-e6b4e619-fda6-43cc-821e-80e1de6684e8/datanode-2/data/ratis/2400d684-ed3a-467c-9669-952f8fdda975
2022-09-08 01:54:04,944 [pool-702-thread-1] INFO  server.RaftServerConfigKeys (ConfUtils.java:logGet(46)) - raft.server.log.queue.byte-limit = 4294967296 (custom)
2022-09-08 01:54:04,944 [pool-702-thread-1] INFO  server.RaftServerConfigKeys (ConfUtils.java:logGet(46)) - raft.server.log.queue.element-limit = 1024 (custom)
2022-09-08 01:54:04,944 [pool-702-thread-1] INFO  server.RaftServerConfigKeys (ConfUtils.java:logGet(46)) - raft.server.log.segment.size.max = 1048576 (custom)
2022-09-08 01:54:04,944 [pool-702-thread-1] INFO  server.RaftServerConfigKeys (ConfUtils.java:logGet(46)) - raft.server.log.preallocated.size = 16384 (custom)
2022-09-08 01:54:04,944 [pool-702-thread-1] INFO  server.RaftServerConfigKeys (ConfUtils.java:logGet(46)) - raft.server.log.force.sync.num = 128 (default)
2022-09-08 01:54:04,944 [pool-702-thread-1] INFO  server.RaftServerConfigKeys (ConfUtils.java:logGet(46)) - raft.server.log.statemachine.data.sync = true (default)
2022-09-08 01:54:04,944 [pool-702-thread-1] INFO  server.RaftServerConfigKeys (ConfUtils.java:logGet(46)) - raft.server.log.statemachine.data.sync.timeout = 10s (default)
2022-09-08 01:54:04,944 [pool-702-thread-1] INFO  server.RaftServerConfigKeys (ConfUtils.java:logGet(46)) - raft.server.log.statemachine.data.sync.timeout.retry = -1 (default)
2022-09-08 01:54:04,945 [pool-702-thread-1] INFO  server.RaftServerConfigKeys (ConfUtils.java:logGet(46)) - raft.server.log.write.buffer.size = 1048576 (custom)
2022-09-08 01:54:04,945 [pool-702-thread-1] INFO  server.RaftServerConfigKeys (ConfUtils.java:logGet(46)) - raft.server.log.unsafe-flush.enabled = false (default)
2022-09-08 01:54:04,945 [pool-702-thread-1] INFO  server.RaftServerConfigKeys (ConfUtils.java:logGet(46)) - raft.server.log.statemachine.data.caching.enabled = true (custom)
2022-09-08 01:54:04,946 [pool-702-thread-1] INFO  segmented.SegmentedRaftLogWorker (SegmentedRaftLogWorker.java:lambda$new$0(135)) - 0a235e6c-edea-4652-8f55-95ab3f4a2b18@group-952F8FDDA975-SegmentedRaftLogWorker: flushIndex: setUnconditionally 0 -> -1
2022-09-08 01:54:04,946 [pool-702-thread-1] INFO  segmented.SegmentedRaftLogWorker (SegmentedRaftLogWorker.java:lambda$new$0(135)) - 0a235e6c-edea-4652-8f55-95ab3f4a2b18@group-952F8FDDA975-SegmentedRaftLogWorker: safeCacheEvictIndex: setUnconditionally 0 -> -1
2022-09-08 01:54:04,950 [pool-702-thread-1] INFO  server.RaftServerConfigKeys (ConfUtils.java:logGet(46)) - raft.server.snapshot.auto.trigger.enabled = true (custom)
2022-09-08 01:54:04,950 [pool-702-thread-1] INFO  server.RaftServerConfigKeys (ConfUtils.java:logGet(46)) - raft.server.snapshot.auto.trigger.threshold = 10000 (custom)
2022-09-08 01:54:04,950 [pool-702-thread-1] INFO  server.RaftServerConfigKeys (ConfUtils.java:logGet(46)) - raft.server.snapshot.retention.file.num = 5 (custom)
2022-09-08 01:54:04,950 [pool-702-thread-1] INFO  server.RaftServerConfigKeys (ConfUtils.java:logGet(46)) - raft.server.log.purge.upto.snapshot.index = false (default)
2022-09-08 01:54:04,950 [pool-702-thread-1] INFO  server.RaftServerConfigKeys (ConfUtils.java:logGet(46)) - raft.server.retrycache.expirytime = 600000ms (custom)
2022-09-08 01:54:04,950 [pool-702-thread-1] INFO  server.RaftServerConfigKeys (ConfUtils.java:logGet(46)) - raft.server.retrycache.statistics.expirytime = 100μs (default)
2022-09-08 01:54:04,952 [pool-702-thread-1] INFO  server.RaftServerConfigKeys (ConfUtils.java:logGet(46)) - raft.server.log.appender.install.snapshot.enabled = false (custom)
2022-09-08 01:54:04,952 [pool-702-thread-1] INFO  server.RaftServerConfigKeys (ConfUtils.java:logGet(46)) - raft.server.threadpool.server.cached = true (default)
2022-09-08 01:54:04,952 [pool-702-thread-1] INFO  server.RaftServerConfigKeys (ConfUtils.java:logGet(46)) - raft.server.threadpool.server.size = 0 (default)
2022-09-08 01:54:04,952 [pool-702-thread-1] INFO  server.RaftServerConfigKeys (ConfUtils.java:logGet(46)) - raft.server.threadpool.client.cached = true (default)
2022-09-08 01:54:04,952 [pool-702-thread-1] INFO  server.RaftServerConfigKeys (ConfUtils.java:logGet(46)) - raft.server.threadpool.client.size = 0 (default)
2022-09-08 01:54:04,952 [pool-702-thread-1] INFO  server.RaftServer$Division (RaftServerImpl.java:start(310)) - 0a235e6c-edea-4652-8f55-95ab3f4a2b18@group-952F8FDDA975: start as a follower, conf=-1: [0a235e6c-edea-4652-8f55-95ab3f4a2b18|rpc:10.1.1.0:45595|priority:1], old=null
2022-09-08 01:54:04,952 [pool-702-thread-1] INFO  server.RaftServer$Division (RaftServerImpl.java:setRole(299)) - 0a235e6c-edea-4652-8f55-95ab3f4a2b18@group-952F8FDDA975: changes role from      null to FOLLOWER at term 0 for startAsFollower
2022-09-08 01:54:04,952 [pool-702-thread-1] INFO  impl.RoleInfo (RoleInfo.java:updateAndGet(139)) - 0a235e6c-edea-4652-8f55-95ab3f4a2b18: start 0a235e6c-edea-4652-8f55-95ab3f4a2b18@group-952F8FDDA975-FollowerState
2022-09-08 01:54:04,952 [pool-702-thread-1] INFO  util.JmxRegister (JmxRegister.java:tryRegister(44)) - Successfully registered JMX Bean with object name Ratis:service=RaftServer,group=group-952F8FDDA975,id=0a235e6c-edea-4652-8f55-95ab3f4a2b18
2022-09-08 01:54:04,953 [Command processor thread] INFO  ratis.XceiverServerRatis (XceiverServerRatis.java:addGroup(765)) - Created group PipelineID=2400d684-ed3a-467c-9669-952f8fdda975
2022-09-08 01:54:04,953 [Command processor thread] INFO  commandhandler.CreatePipelineCommandHandler (CreatePipelineCommandHandler.java:handle(113)) - Created Pipeline RATIS ONE PipelineID=2400d684-ed3a-467c-9669-952f8fdda975.
2022-09-08 01:54:05,888 [Listener at 127.0.0.1/41643] INFO  ozone.MiniOzoneClusterImpl (MiniOzoneClusterImpl.java:lambda$waitForClusterToBeReady$0(216)) - Nodes are ready. Got 3 of 3 DN Heartbeats.
2022-09-08 01:54:05,888 [Listener at 127.0.0.1/41643] INFO  ozone.MiniOzoneClusterImpl (MiniOzoneClusterImpl.java:lambda$waitForClusterToBeReady$0(219)) - Waiting for cluster to exit safe mode
2022-09-08 01:54:05,888 [Listener at 127.0.0.1/41643] INFO  ozone.MiniOzoneClusterImpl (MiniOzoneClusterImpl.java:lambda$waitForClusterToBeReady$0(221)) - SCM became leader
2022-09-08 01:54:06,888 [Listener at 127.0.0.1/41643] INFO  ozone.MiniOzoneClusterImpl (MiniOzoneClusterImpl.java:lambda$waitForClusterToBeReady$0(216)) - Nodes are ready. Got 3 of 3 DN Heartbeats.
2022-09-08 01:54:06,889 [Listener at 127.0.0.1/41643] INFO  ozone.MiniOzoneClusterImpl (MiniOzoneClusterImpl.java:lambda$waitForClusterToBeReady$0(219)) - Waiting for cluster to exit safe mode
2022-09-08 01:54:06,889 [Listener at 127.0.0.1/41643] INFO  ozone.MiniOzoneClusterImpl (MiniOzoneClusterImpl.java:lambda$waitForClusterToBeReady$0(221)) - SCM became leader
2022-09-08 01:54:07,890 [Listener at 127.0.0.1/41643] INFO  ozone.MiniOzoneClusterImpl (MiniOzoneClusterImpl.java:lambda$waitForClusterToBeReady$0(216)) - Nodes are ready. Got 3 of 3 DN Heartbeats.
2022-09-08 01:54:07,890 [Listener at 127.0.0.1/41643] INFO  ozone.MiniOzoneClusterImpl (MiniOzoneClusterImpl.java:lambda$waitForClusterToBeReady$0(219)) - Waiting for cluster to exit safe mode
2022-09-08 01:54:07,890 [Listener at 127.0.0.1/41643] INFO  ozone.MiniOzoneClusterImpl (MiniOzoneClusterImpl.java:lambda$waitForClusterToBeReady$0(221)) - SCM became leader
2022-09-08 01:54:08,644 [c6cac806-9b46-4ea6-8693-fe4fd7df8991@group-2A684F42CE3B-FollowerState] INFO  impl.FollowerState (FollowerState.java:run(143)) - c6cac806-9b46-4ea6-8693-fe4fd7df8991@group-2A684F42CE3B-FollowerState: change to CANDIDATE, lastRpcElapsedTime:5052867117ns, electionTimeout:5052ms
2022-09-08 01:54:08,644 [c6cac806-9b46-4ea6-8693-fe4fd7df8991@group-2A684F42CE3B-FollowerState] INFO  impl.RoleInfo (RoleInfo.java:shutdownFollowerState(110)) - c6cac806-9b46-4ea6-8693-fe4fd7df8991: shutdown c6cac806-9b46-4ea6-8693-fe4fd7df8991@group-2A684F42CE3B-FollowerState
2022-09-08 01:54:08,644 [c6cac806-9b46-4ea6-8693-fe4fd7df8991@group-2A684F42CE3B-FollowerState] INFO  server.RaftServer$Division (RaftServerImpl.java:setRole(299)) - c6cac806-9b46-4ea6-8693-fe4fd7df8991@group-2A684F42CE3B: changes role from  FOLLOWER to CANDIDATE at term 0 for changeToCandidate
2022-09-08 01:54:08,644 [c6cac806-9b46-4ea6-8693-fe4fd7df8991@group-2A684F42CE3B-FollowerState] INFO  server.RaftServerConfigKeys (ConfUtils.java:logGet(46)) - raft.server.leaderelection.pre-vote = false (custom)
2022-09-08 01:54:08,644 [c6cac806-9b46-4ea6-8693-fe4fd7df8991@group-2A684F42CE3B-FollowerState] INFO  impl.RoleInfo (RoleInfo.java:updateAndGet(139)) - c6cac806-9b46-4ea6-8693-fe4fd7df8991: start c6cac806-9b46-4ea6-8693-fe4fd7df8991@group-2A684F42CE3B-LeaderElection51
2022-09-08 01:54:08,702 [c6cac806-9b46-4ea6-8693-fe4fd7df8991@group-B283E50545EF-FollowerState] INFO  impl.FollowerState (FollowerState.java:run(143)) - c6cac806-9b46-4ea6-8693-fe4fd7df8991@group-B283E50545EF-FollowerState: change to CANDIDATE, lastRpcElapsedTime:5133229630ns, electionTimeout:5125ms
2022-09-08 01:54:08,703 [c6cac806-9b46-4ea6-8693-fe4fd7df8991@group-B283E50545EF-FollowerState] INFO  impl.RoleInfo (RoleInfo.java:shutdownFollowerState(110)) - c6cac806-9b46-4ea6-8693-fe4fd7df8991: shutdown c6cac806-9b46-4ea6-8693-fe4fd7df8991@group-B283E50545EF-FollowerState
2022-09-08 01:54:08,703 [c6cac806-9b46-4ea6-8693-fe4fd7df8991@group-B283E50545EF-FollowerState] INFO  server.RaftServer$Division (RaftServerImpl.java:setRole(299)) - c6cac806-9b46-4ea6-8693-fe4fd7df8991@group-B283E50545EF: changes role from  FOLLOWER to CANDIDATE at term 0 for changeToCandidate
2022-09-08 01:54:08,703 [c6cac806-9b46-4ea6-8693-fe4fd7df8991@group-B283E50545EF-FollowerState] INFO  server.RaftServerConfigKeys (ConfUtils.java:logGet(46)) - raft.server.leaderelection.pre-vote = false (custom)
2022-09-08 01:54:08,703 [c6cac806-9b46-4ea6-8693-fe4fd7df8991@group-B283E50545EF-FollowerState] INFO  impl.RoleInfo (RoleInfo.java:updateAndGet(139)) - c6cac806-9b46-4ea6-8693-fe4fd7df8991: start c6cac806-9b46-4ea6-8693-fe4fd7df8991@group-B283E50545EF-LeaderElection52
2022-09-08 01:54:08,747 [c6cac806-9b46-4ea6-8693-fe4fd7df8991@group-B283E50545EF-LeaderElection52] INFO  impl.LeaderElection (LeaderElection.java:askForVotes(310)) - c6cac806-9b46-4ea6-8693-fe4fd7df8991@group-B283E50545EF-LeaderElection52 ELECTION round 0: submit vote requests at term 1 for -1: [c6cac806-9b46-4ea6-8693-fe4fd7df8991|rpc:10.1.1.0:35957|priority:1], old=null
2022-09-08 01:54:08,747 [c6cac806-9b46-4ea6-8693-fe4fd7df8991@group-B283E50545EF-LeaderElection52] INFO  impl.LeaderElection (LeaderElection.java:askForVotes(312)) - c6cac806-9b46-4ea6-8693-fe4fd7df8991@group-B283E50545EF-LeaderElection52 ELECTION round 0: result PASSED (term=1)
2022-09-08 01:54:08,747 [c6cac806-9b46-4ea6-8693-fe4fd7df8991@group-B283E50545EF-LeaderElection52] INFO  impl.RoleInfo (RoleInfo.java:shutdownLeaderElection(130)) - c6cac806-9b46-4ea6-8693-fe4fd7df8991: shutdown c6cac806-9b46-4ea6-8693-fe4fd7df8991@group-B283E50545EF-LeaderElection52
2022-09-08 01:54:08,747 [c6cac806-9b46-4ea6-8693-fe4fd7df8991@group-B283E50545EF-LeaderElection52] INFO  server.RaftServer$Division (RaftServerImpl.java:setRole(299)) - c6cac806-9b46-4ea6-8693-fe4fd7df8991@group-B283E50545EF: changes role from CANDIDATE to LEADER at term 1 for changeToLeader
2022-09-08 01:54:08,747 [c6cac806-9b46-4ea6-8693-fe4fd7df8991@group-B283E50545EF-LeaderElection52] INFO  ratis.XceiverServerRatis (XceiverServerRatis.java:handleLeaderChangedNotification(863)) - Leader change notification received for group: group-B283E50545EF with new leaderId: c6cac806-9b46-4ea6-8693-fe4fd7df8991
2022-09-08 01:54:08,747 [c6cac806-9b46-4ea6-8693-fe4fd7df8991@group-B283E50545EF-LeaderElection52] INFO  server.RaftServer$Division (ServerState.java:setLeader(287)) - c6cac806-9b46-4ea6-8693-fe4fd7df8991@group-B283E50545EF: change Leader from null to c6cac806-9b46-4ea6-8693-fe4fd7df8991 at term 1 for becomeLeader, leader elected after 5209ms
2022-09-08 01:54:08,747 [c6cac806-9b46-4ea6-8693-fe4fd7df8991@group-B283E50545EF-LeaderElection52] INFO  server.RaftServerConfigKeys (ConfUtils.java:logGet(46)) - raft.server.staging.catchup.gap = 1000 (default)
2022-09-08 01:54:08,748 [c6cac806-9b46-4ea6-8693-fe4fd7df8991@group-B283E50545EF-LeaderElection52] INFO  server.RaftServerConfigKeys (ConfUtils.java:logGet(46)) - raft.server.write.element-limit = 1024 (custom)
2022-09-08 01:54:08,748 [c6cac806-9b46-4ea6-8693-fe4fd7df8991@group-B283E50545EF-LeaderElection52] INFO  server.RaftServerConfigKeys (ConfUtils.java:logGet(46)) - raft.server.write.byte-limit = 1024 M (=1073741824) (custom)
2022-09-08 01:54:08,748 [c6cac806-9b46-4ea6-8693-fe4fd7df8991@group-B283E50545EF-LeaderElection52] INFO  server.RaftServerConfigKeys (ConfUtils.java:logGet(46)) - raft.server.watch.timeout = 180s (custom)
2022-09-08 01:54:08,748 [c6cac806-9b46-4ea6-8693-fe4fd7df8991@group-B283E50545EF-LeaderElection52] INFO  server.RaftServerConfigKeys (ConfUtils.java:logGet(46)) - raft.server.watch.timeout.denomination = 1s (default)
2022-09-08 01:54:08,748 [c6cac806-9b46-4ea6-8693-fe4fd7df8991@group-B283E50545EF-LeaderElection52] INFO  server.RaftServerConfigKeys (ConfUtils.java:logGet(46)) - raft.server.watch.element-limit = 65536 (default)
2022-09-08 01:54:08,748 [c6cac806-9b46-4ea6-8693-fe4fd7df8991@group-B283E50545EF-LeaderElection52] INFO  server.RaftServerConfigKeys (ConfUtils.java:logGet(46)) - raft.server.write.element-limit = 1024 (custom)
2022-09-08 01:54:08,748 [c6cac806-9b46-4ea6-8693-fe4fd7df8991@group-B283E50545EF-LeaderElection52] INFO  server.RaftServerConfigKeys (ConfUtils.java:logGet(46)) - raft.server.write.follower.gap.ratio.max = -1.0 (default)
2022-09-08 01:54:08,748 [c6cac806-9b46-4ea6-8693-fe4fd7df8991@group-B283E50545EF-LeaderElection52] INFO  impl.RoleInfo (RoleInfo.java:updateAndGet(139)) - c6cac806-9b46-4ea6-8693-fe4fd7df8991: start c6cac806-9b46-4ea6-8693-fe4fd7df8991@group-B283E50545EF-LeaderStateImpl
2022-09-08 01:54:08,749 [c6cac806-9b46-4ea6-8693-fe4fd7df8991@group-2A684F42CE3B-LeaderElection51] INFO  impl.LeaderElection (LeaderElection.java:askForVotes(310)) - c6cac806-9b46-4ea6-8693-fe4fd7df8991@group-2A684F42CE3B-LeaderElection51 ELECTION round 0: submit vote requests at term 1 for -1: [c6cac806-9b46-4ea6-8693-fe4fd7df8991|rpc:10.1.1.0:35957|priority:0, 0a235e6c-edea-4652-8f55-95ab3f4a2b18|rpc:10.1.1.0:45595|priority:1, e22379da-9f42-4ed5-a6ef-7e4644a055d8|rpc:10.1.1.0:42135|priority:0], old=null
2022-09-08 01:54:08,749 [c6cac806-9b46-4ea6-8693-fe4fd7df8991@group-B283E50545EF-LeaderElection52] INFO  segmented.SegmentedRaftLogWorker (SegmentedRaftLogWorker.java:startLogSegment(425)) - c6cac806-9b46-4ea6-8693-fe4fd7df8991@group-B283E50545EF-SegmentedRaftLogWorker: Starting segment from index:0
2022-09-08 01:54:08,750 [EventQueue-OpenPipelineForHealthyPipelineSafeModeRule] INFO  safemode.SCMSafeModeManager (HealthyPipelineSafeModeRule.java:process(137)) - SCM in safe mode. Healthy pipelines reported count is 0, required healthy pipeline reported count is 1
2022-09-08 01:54:08,751 [c6cac806-9b46-4ea6-8693-fe4fd7df8991@group-B283E50545EF-SegmentedRaftLogWorker] INFO  segmented.SegmentedRaftLogWorker (SegmentedRaftLogWorker.java:execute(629)) - c6cac806-9b46-4ea6-8693-fe4fd7df8991@group-B283E50545EF-SegmentedRaftLogWorker: created new log segment /home/runner/work/ozone/ozone/hadoop-ozone/integration-test/target/test-dir/MiniOzoneClusterImpl-e6b4e619-fda6-43cc-821e-80e1de6684e8/datanode-0/data/ratis/049e3ea5-c481-4a1f-a48b-b283e50545ef/current/log_inprogress_0
2022-09-08 01:54:08,795 [c6cac806-9b46-4ea6-8693-fe4fd7df8991@group-B283E50545EF-LeaderElection52] INFO  server.RaftServer$Division (ServerState.java:setRaftConf(393)) - c6cac806-9b46-4ea6-8693-fe4fd7df8991@group-B283E50545EF: set configuration 0: [c6cac806-9b46-4ea6-8693-fe4fd7df8991|rpc:10.1.1.0:35957|dataStream:|priority:1], old=null
2022-09-08 01:54:08,820 [grpc-default-executor-1] INFO  server.RaftServer$Division (RaftServerImpl.java:requestVote(1152)) - 0a235e6c-edea-4652-8f55-95ab3f4a2b18@group-2A684F42CE3B: receive requestVote(ELECTION, c6cac806-9b46-4ea6-8693-fe4fd7df8991, group-2A684F42CE3B, 1, (t:0, i:0))
2022-09-08 01:54:08,820 [grpc-default-executor-1] INFO  impl.VoteContext (VoteContext.java:log(48)) - 0a235e6c-edea-4652-8f55-95ab3f4a2b18@group-2A684F42CE3B-FOLLOWER: reject ELECTION from c6cac806-9b46-4ea6-8693-fe4fd7df8991: our priority 1 > candidate's priority 0
2022-09-08 01:54:08,820 [grpc-default-executor-1] INFO  server.RaftServer$Division (RaftServerImpl.java:setRole(299)) - 0a235e6c-edea-4652-8f55-95ab3f4a2b18@group-2A684F42CE3B: changes role from  FOLLOWER to FOLLOWER at term 1 for candidate:c6cac806-9b46-4ea6-8693-fe4fd7df8991
2022-09-08 01:54:08,820 [grpc-default-executor-1] INFO  impl.RoleInfo (RoleInfo.java:shutdownFollowerState(110)) - 0a235e6c-edea-4652-8f55-95ab3f4a2b18: shutdown 0a235e6c-edea-4652-8f55-95ab3f4a2b18@group-2A684F42CE3B-FollowerState
2022-09-08 01:54:08,820 [grpc-default-executor-1] INFO  impl.RoleInfo (RoleInfo.java:updateAndGet(139)) - 0a235e6c-edea-4652-8f55-95ab3f4a2b18: start 0a235e6c-edea-4652-8f55-95ab3f4a2b18@group-2A684F42CE3B-FollowerState
2022-09-08 01:54:08,820 [0a235e6c-edea-4652-8f55-95ab3f4a2b18@group-2A684F42CE3B-FollowerState] INFO  impl.FollowerState (FollowerState.java:run(152)) - 0a235e6c-edea-4652-8f55-95ab3f4a2b18@group-2A684F42CE3B-FollowerState was interrupted
2022-09-08 01:54:08,827 [grpc-default-executor-1] INFO  server.RaftServer$Division (RaftServerImpl.java:requestVote(1184)) - 0a235e6c-edea-4652-8f55-95ab3f4a2b18@group-2A684F42CE3B replies to ELECTION vote request: c6cac806-9b46-4ea6-8693-fe4fd7df8991<-0a235e6c-edea-4652-8f55-95ab3f4a2b18#0:FAIL-t1. Peer's state: 0a235e6c-edea-4652-8f55-95ab3f4a2b18@group-2A684F42CE3B:t1, leader=null, voted=null, raftlog=0a235e6c-edea-4652-8f55-95ab3f4a2b18@group-2A684F42CE3B-SegmentedRaftLog:OPENED:c-1, conf=-1: [c6cac806-9b46-4ea6-8693-fe4fd7df8991|rpc:10.1.1.0:35957|dataStream:|priority:0, 0a235e6c-edea-4652-8f55-95ab3f4a2b18|rpc:10.1.1.0:45595|dataStream:|priority:1, e22379da-9f42-4ed5-a6ef-7e4644a055d8|rpc:10.1.1.0:42135|dataStream:|priority:0], old=null
2022-09-08 01:54:08,835 [c6cac806-9b46-4ea6-8693-fe4fd7df8991@group-2A684F42CE3B-LeaderElection51] INFO  impl.LeaderElection (LeaderElection.java:logAndReturn(90)) - c6cac806-9b46-4ea6-8693-fe4fd7df8991@group-2A684F42CE3B-LeaderElection51: ELECTION REJECTED received 1 response(s) and 0 exception(s):
2022-09-08 01:54:08,835 [c6cac806-9b46-4ea6-8693-fe4fd7df8991@group-2A684F42CE3B-LeaderElection51] INFO  impl.LeaderElection (LeaderElection.java:logAndReturn(94)) -   Response 0: c6cac806-9b46-4ea6-8693-fe4fd7df8991<-0a235e6c-edea-4652-8f55-95ab3f4a2b18#0:FAIL-t1
2022-09-08 01:54:08,835 [c6cac806-9b46-4ea6-8693-fe4fd7df8991@group-2A684F42CE3B-LeaderElection51] INFO  impl.LeaderElection (LeaderElection.java:askForVotes(312)) - c6cac806-9b46-4ea6-8693-fe4fd7df8991@group-2A684F42CE3B-LeaderElection51 ELECTION round 0: result REJECTED
2022-09-08 01:54:08,836 [c6cac806-9b46-4ea6-8693-fe4fd7df8991@group-2A684F42CE3B-LeaderElection51] INFO  server.RaftServer$Division (RaftServerImpl.java:setRole(299)) - c6cac806-9b46-4ea6-8693-fe4fd7df8991@group-2A684F42CE3B: changes role from CANDIDATE to FOLLOWER at term 1 for REJECTED
2022-09-08 01:54:08,836 [c6cac806-9b46-4ea6-8693-fe4fd7df8991@group-2A684F42CE3B-LeaderElection51] INFO  impl.RoleInfo (RoleInfo.java:shutdownLeaderElection(130)) - c6cac806-9b46-4ea6-8693-fe4fd7df8991: shutdown c6cac806-9b46-4ea6-8693-fe4fd7df8991@group-2A684F42CE3B-LeaderElection51
2022-09-08 01:54:08,836 [c6cac806-9b46-4ea6-8693-fe4fd7df8991@group-2A684F42CE3B-LeaderElection51] INFO  impl.RoleInfo (RoleInfo.java:updateAndGet(139)) - c6cac806-9b46-4ea6-8693-fe4fd7df8991: start c6cac806-9b46-4ea6-8693-fe4fd7df8991@group-2A684F42CE3B-FollowerState
2022-09-08 01:54:08,858 [grpc-default-executor-0] INFO  server.RaftServer$Division (RaftServerImpl.java:requestVote(1152)) - e22379da-9f42-4ed5-a6ef-7e4644a055d8@group-2A684F42CE3B: receive requestVote(ELECTION, c6cac806-9b46-4ea6-8693-fe4fd7df8991, group-2A684F42CE3B, 1, (t:0, i:0))
2022-09-08 01:54:08,858 [grpc-default-executor-0] INFO  impl.VoteContext (VoteContext.java:log(48)) - e22379da-9f42-4ed5-a6ef-7e4644a055d8@group-2A684F42CE3B-FOLLOWER: accept ELECTION from c6cac806-9b46-4ea6-8693-fe4fd7df8991: our priority 0 <= candidate's priority 0
2022-09-08 01:54:08,858 [grpc-default-executor-0] INFO  server.RaftServer$Division (RaftServerImpl.java:setRole(299)) - e22379da-9f42-4ed5-a6ef-7e4644a055d8@group-2A684F42CE3B: changes role from  FOLLOWER to FOLLOWER at term 1 for candidate:c6cac806-9b46-4ea6-8693-fe4fd7df8991
2022-09-08 01:54:08,858 [grpc-default-executor-0] INFO  impl.RoleInfo (RoleInfo.java:shutdownFollowerState(110)) - e22379da-9f42-4ed5-a6ef-7e4644a055d8: shutdown e22379da-9f42-4ed5-a6ef-7e4644a055d8@group-2A684F42CE3B-FollowerState
2022-09-08 01:54:08,858 [grpc-default-executor-0] INFO  impl.RoleInfo (RoleInfo.java:updateAndGet(139)) - e22379da-9f42-4ed5-a6ef-7e4644a055d8: start e22379da-9f42-4ed5-a6ef-7e4644a055d8@group-2A684F42CE3B-FollowerState
2022-09-08 01:54:08,858 [e22379da-9f42-4ed5-a6ef-7e4644a055d8@group-2A684F42CE3B-FollowerState] INFO  impl.FollowerState (FollowerState.java:run(152)) - e22379da-9f42-4ed5-a6ef-7e4644a055d8@group-2A684F42CE3B-FollowerState was interrupted
2022-09-08 01:54:08,864 [grpc-default-executor-0] INFO  server.RaftServer$Division (RaftServerImpl.java:requestVote(1184)) - e22379da-9f42-4ed5-a6ef-7e4644a055d8@group-2A684F42CE3B replies to ELECTION vote request: c6cac806-9b46-4ea6-8693-fe4fd7df8991<-e22379da-9f42-4ed5-a6ef-7e4644a055d8#0:OK-t1. Peer's state: e22379da-9f42-4ed5-a6ef-7e4644a055d8@group-2A684F42CE3B:t1, leader=null, voted=c6cac806-9b46-4ea6-8693-fe4fd7df8991, raftlog=e22379da-9f42-4ed5-a6ef-7e4644a055d8@group-2A684F42CE3B-SegmentedRaftLog:OPENED:c-1, conf=-1: [c6cac806-9b46-4ea6-8693-fe4fd7df8991|rpc:10.1.1.0:35957|dataStream:|priority:0, 0a235e6c-edea-4652-8f55-95ab3f4a2b18|rpc:10.1.1.0:45595|dataStream:|priority:1, e22379da-9f42-4ed5-a6ef-7e4644a055d8|rpc:10.1.1.0:42135|dataStream:|priority:0], old=null
2022-09-08 01:54:08,890 [Listener at 127.0.0.1/41643] INFO  ozone.MiniOzoneClusterImpl (MiniOzoneClusterImpl.java:lambda$waitForClusterToBeReady$0(216)) - Nodes are ready. Got 3 of 3 DN Heartbeats.
2022-09-08 01:54:08,890 [Listener at 127.0.0.1/41643] INFO  ozone.MiniOzoneClusterImpl (MiniOzoneClusterImpl.java:lambda$waitForClusterToBeReady$0(219)) - Waiting for cluster to exit safe mode
2022-09-08 01:54:08,890 [Listener at 127.0.0.1/41643] INFO  ozone.MiniOzoneClusterImpl (MiniOzoneClusterImpl.java:lambda$waitForClusterToBeReady$0(221)) - SCM became leader
2022-09-08 01:54:09,341 [c6cac806-9b46-4ea6-8693-fe4fd7df8991@group-1EB9DE725DFD-FollowerState] INFO  impl.FollowerState (FollowerState.java:run(143)) - c6cac806-9b46-4ea6-8693-fe4fd7df8991@group-1EB9DE725DFD-FollowerState: change to CANDIDATE, lastRpcElapsedTime:5122568529ns, electionTimeout:5108ms
2022-09-08 01:54:09,342 [c6cac806-9b46-4ea6-8693-fe4fd7df8991@group-1EB9DE725DFD-FollowerState] INFO  impl.RoleInfo (RoleInfo.java:shutdownFollowerState(110)) - c6cac806-9b46-4ea6-8693-fe4fd7df8991: shutdown c6cac806-9b46-4ea6-8693-fe4fd7df8991@group-1EB9DE725DFD-FollowerState
2022-09-08 01:54:09,342 [c6cac806-9b46-4ea6-8693-fe4fd7df8991@group-1EB9DE725DFD-FollowerState] INFO  server.RaftServer$Division (RaftServerImpl.java:setRole(299)) - c6cac806-9b46-4ea6-8693-fe4fd7df8991@group-1EB9DE725DFD: changes role from  FOLLOWER to CANDIDATE at term 0 for changeToCandidate
2022-09-08 01:54:09,342 [c6cac806-9b46-4ea6-8693-fe4fd7df8991@group-1EB9DE725DFD-FollowerState] INFO  server.RaftServerConfigKeys (ConfUtils.java:logGet(46)) - raft.server.leaderelection.pre-vote = false (custom)
2022-09-08 01:54:09,342 [c6cac806-9b46-4ea6-8693-fe4fd7df8991@group-1EB9DE725DFD-FollowerState] INFO  impl.RoleInfo (RoleInfo.java:updateAndGet(139)) - c6cac806-9b46-4ea6-8693-fe4fd7df8991: start c6cac806-9b46-4ea6-8693-fe4fd7df8991@group-1EB9DE725DFD-LeaderElection53
2022-09-08 01:54:09,364 [c6cac806-9b46-4ea6-8693-fe4fd7df8991@group-1EB9DE725DFD-LeaderElection53] INFO  impl.LeaderElection (LeaderElection.java:askForVotes(310)) - c6cac806-9b46-4ea6-8693-fe4fd7df8991@group-1EB9DE725DFD-LeaderElection53 ELECTION round 0: submit vote requests at term 1 for -1: [c6cac806-9b46-4ea6-8693-fe4fd7df8991|rpc:10.1.1.0:35957|priority:1, 0a235e6c-edea-4652-8f55-95ab3f4a2b18|rpc:10.1.1.0:45595|priority:0, e22379da-9f42-4ed5-a6ef-7e4644a055d8|rpc:10.1.1.0:42135|priority:0], old=null
2022-09-08 01:54:09,384 [e22379da-9f42-4ed5-a6ef-7e4644a055d8@group-CAFC4940D0C5-FollowerState] INFO  impl.FollowerState (FollowerState.java:run(143)) - e22379da-9f42-4ed5-a6ef-7e4644a055d8@group-CAFC4940D0C5-FollowerState: change to CANDIDATE, lastRpcElapsedTime:5073951261ns, electionTimeout:5067ms
2022-09-08 01:54:09,384 [e22379da-9f42-4ed5-a6ef-7e4644a055d8@group-CAFC4940D0C5-FollowerState] INFO  impl.RoleInfo (RoleInfo.java:shutdownFollowerState(110)) - e22379da-9f42-4ed5-a6ef-7e4644a055d8: shutdown e22379da-9f42-4ed5-a6ef-7e4644a055d8@group-CAFC4940D0C5-FollowerState
2022-09-08 01:54:09,385 [e22379da-9f42-4ed5-a6ef-7e4644a055d8@group-CAFC4940D0C5-FollowerState] INFO  server.RaftServer$Division (RaftServerImpl.java:setRole(299)) - e22379da-9f42-4ed5-a6ef-7e4644a055d8@group-CAFC4940D0C5: changes role from  FOLLOWER to CANDIDATE at term 0 for changeToCandidate
2022-09-08 01:54:09,385 [e22379da-9f42-4ed5-a6ef-7e4644a055d8@group-CAFC4940D0C5-FollowerState] INFO  server.RaftServerConfigKeys (ConfUtils.java:logGet(46)) - raft.server.leaderelection.pre-vote = false (custom)
2022-09-08 01:54:09,385 [e22379da-9f42-4ed5-a6ef-7e4644a055d8@group-CAFC4940D0C5-FollowerState] INFO  impl.RoleInfo (RoleInfo.java:updateAndGet(139)) - e22379da-9f42-4ed5-a6ef-7e4644a055d8: start e22379da-9f42-4ed5-a6ef-7e4644a055d8@group-CAFC4940D0C5-LeaderElection54
2022-09-08 01:54:09,393 [grpc-default-executor-0] INFO  server.RaftServer$Division (RaftServerImpl.java:requestVote(1152)) - 0a235e6c-edea-4652-8f55-95ab3f4a2b18@group-1EB9DE725DFD: receive requestVote(ELECTION, c6cac806-9b46-4ea6-8693-fe4fd7df8991, group-1EB9DE725DFD, 1, (t:0, i:0))
2022-09-08 01:54:09,394 [grpc-default-executor-0] INFO  impl.VoteContext (VoteContext.java:log(48)) - 0a235e6c-edea-4652-8f55-95ab3f4a2b18@group-1EB9DE725DFD-FOLLOWER: accept ELECTION from c6cac806-9b46-4ea6-8693-fe4fd7df8991: our priority 0 <= candidate's priority 1
2022-09-08 01:54:09,394 [grpc-default-executor-0] INFO  server.RaftServer$Division (RaftServerImpl.java:setRole(299)) - 0a235e6c-edea-4652-8f55-95ab3f4a2b18@group-1EB9DE725DFD: changes role from  FOLLOWER to FOLLOWER at term 1 for candidate:c6cac806-9b46-4ea6-8693-fe4fd7df8991
2022-09-08 01:54:09,394 [grpc-default-executor-0] INFO  impl.RoleInfo (RoleInfo.java:shutdownFollowerState(110)) - 0a235e6c-edea-4652-8f55-95ab3f4a2b18: shutdown 0a235e6c-edea-4652-8f55-95ab3f4a2b18@group-1EB9DE725DFD-FollowerState
2022-09-08 01:54:09,394 [grpc-default-executor-0] INFO  impl.RoleInfo (RoleInfo.java:updateAndGet(139)) - 0a235e6c-edea-4652-8f55-95ab3f4a2b18: start 0a235e6c-edea-4652-8f55-95ab3f4a2b18@group-1EB9DE725DFD-FollowerState
2022-09-08 01:54:09,394 [0a235e6c-edea-4652-8f55-95ab3f4a2b18@group-1EB9DE725DFD-FollowerState] INFO  impl.FollowerState (FollowerState.java:run(152)) - 0a235e6c-edea-4652-8f55-95ab3f4a2b18@group-1EB9DE725DFD-FollowerState was interrupted
2022-09-08 01:54:09,401 [grpc-default-executor-0] INFO  server.RaftServer$Division (RaftServerImpl.java:requestVote(1184)) - 0a235e6c-edea-4652-8f55-95ab3f4a2b18@group-1EB9DE725DFD replies to ELECTION vote request: c6cac806-9b46-4ea6-8693-fe4fd7df8991<-0a235e6c-edea-4652-8f55-95ab3f4a2b18#0:OK-t1. Peer's state: 0a235e6c-edea-4652-8f55-95ab3f4a2b18@group-1EB9DE725DFD:t1, leader=null, voted=c6cac806-9b46-4ea6-8693-fe4fd7df8991, raftlog=0a235e6c-edea-4652-8f55-95ab3f4a2b18@group-1EB9DE725DFD-SegmentedRaftLog:OPENED:c-1, conf=-1: [c6cac806-9b46-4ea6-8693-fe4fd7df8991|rpc:10.1.1.0:35957|dataStream:|priority:1, 0a235e6c-edea-4652-8f55-95ab3f4a2b18|rpc:10.1.1.0:45595|dataStream:|priority:0, e22379da-9f42-4ed5-a6ef-7e4644a055d8|rpc:10.1.1.0:42135|dataStream:|priority:0], old=null
2022-09-08 01:54:09,413 [c6cac806-9b46-4ea6-8693-fe4fd7df8991@group-1EB9DE725DFD-LeaderElection53] INFO  impl.LeaderElection (LeaderElection.java:logAndReturn(90)) - c6cac806-9b46-4ea6-8693-fe4fd7df8991@group-1EB9DE725DFD-LeaderElection53: ELECTION PASSED received 1 response(s) and 0 exception(s):
2022-09-08 01:54:09,413 [c6cac806-9b46-4ea6-8693-fe4fd7df8991@group-1EB9DE725DFD-LeaderElection53] INFO  impl.LeaderElection (LeaderElection.java:logAndReturn(94)) -   Response 0: c6cac806-9b46-4ea6-8693-fe4fd7df8991<-0a235e6c-edea-4652-8f55-95ab3f4a2b18#0:OK-t1
2022-09-08 01:54:09,413 [c6cac806-9b46-4ea6-8693-fe4fd7df8991@group-1EB9DE725DFD-LeaderElection53] INFO  impl.LeaderElection (LeaderElection.java:askForVotes(312)) - c6cac806-9b46-4ea6-8693-fe4fd7df8991@group-1EB9DE725DFD-LeaderElection53 ELECTION round 0: result PASSED
2022-09-08 01:54:09,413 [c6cac806-9b46-4ea6-8693-fe4fd7df8991@group-1EB9DE725DFD-LeaderElection53] INFO  impl.RoleInfo (RoleInfo.java:shutdownLeaderElection(130)) - c6cac806-9b46-4ea6-8693-fe4fd7df8991: shutdown c6cac806-9b46-4ea6-8693-fe4fd7df8991@group-1EB9DE725DFD-LeaderElection53
2022-09-08 01:54:09,413 [c6cac806-9b46-4ea6-8693-fe4fd7df8991@group-1EB9DE725DFD-LeaderElection53] INFO  server.RaftServer$Division (RaftServerImpl.java:setRole(299)) - c6cac806-9b46-4ea6-8693-fe4fd7df8991@group-1EB9DE725DFD: changes role from CANDIDATE to LEADER at term 1 for changeToLeader
2022-09-08 01:54:09,413 [c6cac806-9b46-4ea6-8693-fe4fd7df8991@group-1EB9DE725DFD-LeaderElection53] INFO  ratis.XceiverServerRatis (XceiverServerRatis.java:handleLeaderChangedNotification(863)) - Leader change notification received for group: group-1EB9DE725DFD with new leaderId: c6cac806-9b46-4ea6-8693-fe4fd7df8991
2022-09-08 01:54:09,413 [c6cac806-9b46-4ea6-8693-fe4fd7df8991@group-1EB9DE725DFD-LeaderElection53] INFO  server.RaftServer$Division (ServerState.java:setLeader(287)) - c6cac806-9b46-4ea6-8693-fe4fd7df8991@group-1EB9DE725DFD: change Leader from null to c6cac806-9b46-4ea6-8693-fe4fd7df8991 at term 1 for becomeLeader, leader elected after 5207ms
2022-09-08 01:54:09,413 [c6cac806-9b46-4ea6-8693-fe4fd7df8991@group-1EB9DE725DFD-LeaderElection53] INFO  server.RaftServerConfigKeys (ConfUtils.java:logGet(46)) - raft.server.staging.catchup.gap = 1000 (default)
2022-09-08 01:54:09,413 [c6cac806-9b46-4ea6-8693-fe4fd7df8991@group-1EB9DE725DFD-LeaderElection53] INFO  server.RaftServerConfigKeys (ConfUtils.java:logGet(46)) - raft.server.write.element-limit = 1024 (custom)
2022-09-08 01:54:09,413 [c6cac806-9b46-4ea6-8693-fe4fd7df8991@group-1EB9DE725DFD-LeaderElection53] INFO  server.RaftServerConfigKeys (ConfUtils.java:logGet(46)) - raft.server.write.byte-limit = 1024 M (=1073741824) (custom)
2022-09-08 01:54:09,414 [c6cac806-9b46-4ea6-8693-fe4fd7df8991@group-1EB9DE725DFD-LeaderElection53] INFO  server.RaftServerConfigKeys (ConfUtils.java:logGet(46)) - raft.server.watch.timeout = 180s (custom)
2022-09-08 01:54:09,414 [c6cac806-9b46-4ea6-8693-fe4fd7df8991@group-1EB9DE725DFD-LeaderElection53] INFO  server.RaftServerConfigKeys (ConfUtils.java:logGet(46)) - raft.server.watch.timeout.denomination = 1s (default)
2022-09-08 01:54:09,414 [c6cac806-9b46-4ea6-8693-fe4fd7df8991@group-1EB9DE725DFD-LeaderElection53] INFO  server.RaftServerConfigKeys (ConfUtils.java:logGet(46)) - raft.server.watch.element-limit = 65536 (default)
2022-09-08 01:54:09,414 [c6cac806-9b46-4ea6-8693-fe4fd7df8991@group-1EB9DE725DFD-LeaderElection53] INFO  server.RaftServerConfigKeys (ConfUtils.java:logGet(46)) - raft.server.write.element-limit = 1024 (custom)
2022-09-08 01:54:09,414 [c6cac806-9b46-4ea6-8693-fe4fd7df8991@group-1EB9DE725DFD-LeaderElection53] INFO  server.RaftServerConfigKeys (ConfUtils.java:logGet(46)) - raft.server.write.follower.gap.ratio.max = -1.0 (default)
2022-09-08 01:54:09,415 [c6cac806-9b46-4ea6-8693-fe4fd7df8991@group-1EB9DE725DFD-LeaderElection53] INFO  server.RaftServerConfigKeys (ConfUtils.java:logGet(46)) - raft.server.log.appender.snapshot.chunk.size.max = 16MB (=16777216) (default)
2022-09-08 01:54:09,415 [c6cac806-9b46-4ea6-8693-fe4fd7df8991@group-1EB9DE725DFD-LeaderElection53] INFO  server.RaftServerConfigKeys (ConfUtils.java:logGet(46)) - raft.server.log.appender.buffer.byte-limit = 33554432 (custom)
2022-09-08 01:54:09,415 [c6cac806-9b46-4ea6-8693-fe4fd7df8991@group-1EB9DE725DFD-LeaderElection53] INFO  server.RaftServerConfigKeys (ConfUtils.java:logGet(46)) - raft.server.log.appender.buffer.element-limit = 1 (custom)
2022-09-08 01:54:09,415 [c6cac806-9b46-4ea6-8693-fe4fd7df8991@group-1EB9DE725DFD-LeaderElection53] INFO  grpc.GrpcConfigKeys (ConfUtils.java:logGet(46)) - raft.grpc.server.leader.outstanding.appends.max = 128 (default)
2022-09-08 01:54:09,415 [c6cac806-9b46-4ea6-8693-fe4fd7df8991@group-1EB9DE725DFD-LeaderElection53] INFO  server.RaftServerConfigKeys (ConfUtils.java:logGet(46)) - raft.server.rpc.request.timeout = 60s (custom)
2022-09-08 01:54:09,415 [c6cac806-9b46-4ea6-8693-fe4fd7df8991@group-1EB9DE725DFD-LeaderElection53] INFO  server.RaftServerConfigKeys (ConfUtils.java:logGet(46)) - raft.server.log.appender.install.snapshot.enabled = false (custom)
2022-09-08 01:54:09,416 [c6cac806-9b46-4ea6-8693-fe4fd7df8991@group-1EB9DE725DFD-LeaderElection53] INFO  server.RaftServerConfigKeys (ConfUtils.java:logGet(46)) - raft.server.log.appender.snapshot.chunk.size.max = 16MB (=16777216) (default)
2022-09-08 01:54:09,416 [c6cac806-9b46-4ea6-8693-fe4fd7df8991@group-1EB9DE725DFD-LeaderElection53] INFO  server.RaftServerConfigKeys (ConfUtils.java:logGet(46)) - raft.server.log.appender.buffer.byte-limit = 33554432 (custom)
2022-09-08 01:54:09,416 [c6cac806-9b46-4ea6-8693-fe4fd7df8991@group-1EB9DE725DFD-LeaderElection53] INFO  server.RaftServerConfigKeys (ConfUtils.java:logGet(46)) - raft.server.log.appender.buffer.element-limit = 1 (custom)
2022-09-08 01:54:09,416 [c6cac806-9b46-4ea6-8693-fe4fd7df8991@group-1EB9DE725DFD-LeaderElection53] INFO  grpc.GrpcConfigKeys (ConfUtils.java:logGet(46)) - raft.grpc.server.leader.outstanding.appends.max = 128 (default)
2022-09-08 01:54:09,416 [c6cac806-9b46-4ea6-8693-fe4fd7df8991@group-1EB9DE725DFD-LeaderElection53] INFO  server.RaftServerConfigKeys (ConfUtils.java:logGet(46)) - raft.server.rpc.request.timeout = 60s (custom)
2022-09-08 01:54:09,416 [c6cac806-9b46-4ea6-8693-fe4fd7df8991@group-1EB9DE725DFD-LeaderElection53] INFO  server.RaftServerConfigKeys (ConfUtils.java:logGet(46)) - raft.server.log.appender.install.snapshot.enabled = false (custom)
2022-09-08 01:54:09,437 [EventQueue-OpenPipelineForHealthyPipelineSafeModeRule] INFO  safemode.SCMSafeModeManager (HealthyPipelineSafeModeRule.java:process(137)) - SCM in safe mode. Healthy pipelines reported count is 0, required healthy pipeline reported count is 1
2022-09-08 01:54:09,437 [EventQueue-PipelineReportForPipelineReportHandler] INFO  pipeline.PipelineManagerImpl (PipelineManagerImpl.java:openPipeline(367)) - Pipeline Pipeline[ Id: 6a41d487-ba84-4491-8aac-1eb9de725dfd, Nodes: e22379da-9f42-4ed5-a6ef-7e4644a055d8{ip: 10.1.1.0, host: fv-az38-857.qiceih3q1hfe5a3ai3y3qk2fta.cx.internal.cloudapp.net, ports: [REPLICATION=35621, RATIS=42135, RATIS_ADMIN=42135, RATIS_SERVER=42135, STANDALONE=37417], networkLocation: /default-rack, certSerialId: null, persistedOpState: IN_SERVICE, persistedOpStateExpiryEpochSec: 0}c6cac806-9b46-4ea6-8693-fe4fd7df8991{ip: 10.1.1.0, host: fv-az38-857.qiceih3q1hfe5a3ai3y3qk2fta.cx.internal.cloudapp.net, ports: [REPLICATION=36625, RATIS=35957, RATIS_ADMIN=35957, RATIS_SERVER=35957, STANDALONE=35269], networkLocation: /default-rack, certSerialId: null, persistedOpState: IN_SERVICE, persistedOpStateExpiryEpochSec: 0}0a235e6c-edea-4652-8f55-95ab3f4a2b18{ip: 10.1.1.0, host: fv-az38-857.qiceih3q1hfe5a3ai3y3qk2fta.cx.internal.cloudapp.net, ports: [REPLICATION=38871, RATIS=45595, RATIS_ADMIN=45595, RATIS_SERVER=45595, STANDALONE=33305], networkLocation: /default-rack, certSerialId: null, persistedOpState: IN_SERVICE, persistedOpStateExpiryEpochSec: 0}, ReplicationConfig: RATIS/THREE, State:ALLOCATED, leaderId:c6cac806-9b46-4ea6-8693-fe4fd7df8991, CreationTimestamp2022-09-08T01:54:01.921Z[Etc/UTC]] moved to OPEN state
2022-09-08 01:54:09,437 [EventQueue-OpenPipelineForHealthyPipelineSafeModeRule] INFO  safemode.SCMSafeModeManager (HealthyPipelineSafeModeRule.java:process(137)) - SCM in safe mode. Healthy pipelines reported count is 1, required healthy pipeline reported count is 1
2022-09-08 01:54:09,437 [EventQueue-OpenPipelineForHealthyPipelineSafeModeRule] INFO  safemode.SCMSafeModeManager (SCMSafeModeManager.java:validateSafeModeExitRules(204)) - HealthyPipelineSafeModeRule rule is successfully validated
2022-09-08 01:54:09,437 [EventQueue-OpenPipelineForHealthyPipelineSafeModeRule] INFO  safemode.SCMSafeModeManager (SCMSafeModeManager.java:validateSafeModeExitRules(219)) - ScmSafeModeManager, all rules are successfully validated
2022-09-08 01:54:09,437 [EventQueue-OpenPipelineForHealthyPipelineSafeModeRule] INFO  safemode.SCMSafeModeManager (SCMSafeModeManager.java:exitSafeMode(248)) - SCM exiting safe mode.
2022-09-08 01:54:09,437 [EventQueue-OpenPipelineForHealthyPipelineSafeModeRule] WARN  events.EventQueue (EventQueue.java:fireEvent(216)) - No event handler registered for event TypedEvent{payloadType=SafeModeStatus, name='Safe mode status'}
2022-09-08 01:54:09,437 [EventQueue-OpenPipelineForHealthyPipelineSafeModeRule] INFO  ha.SCMContext (SCMContext.java:updateSafeModeStatus(228)) - Update SafeModeStatus from SafeModeStatus{safeModeStatus=true, preCheckPassed=true} to SafeModeStatus{safeModeStatus=false, preCheckPassed=true}.
2022-09-08 01:54:09,437 [EventQueue-OpenPipelineForHealthyPipelineSafeModeRule] INFO  pipeline.BackgroundPipelineCreator (BackgroundPipelineCreator.java:notifyStatusChanged(254)) - Service BackgroundPipelineCreator transitions to RUNNING.
2022-09-08 01:54:09,437 [EventQueue-OpenPipelineForHealthyPipelineSafeModeRule] INFO  BackgroundPipelineScrubber (BackgroundSCMService.java:notifyStatusChanged(82)) - Service BackgroundPipelineScrubber transitions to RUNNING.
2022-09-08 01:54:09,437 [EventQueue-OpenPipelineForHealthyPipelineSafeModeRule] INFO  ExpiredContainerReplicaOpScrubber (BackgroundSCMService.java:notifyStatusChanged(82)) - Service ExpiredContainerReplicaOpScrubber transitions to RUNNING.
2022-09-08 01:54:09,437 [EventQueue-OpenPipelineForHealthyPipelineSafeModeRule] INFO  UnderReplicatedQueueThread (BackgroundSCMService.java:notifyStatusChanged(82)) - Service UnderReplicatedQueueThread transitions to RUNNING.
2022-09-08 01:54:09,438 [EventQueue-OpenPipelineForHealthyPipelineSafeModeRule] INFO  OverReplicatedQueueThread (BackgroundSCMService.java:notifyStatusChanged(82)) - Service OverReplicatedQueueThread transitions to RUNNING.
2022-09-08 01:54:09,438 [EventQueue-OpenPipelineForHealthyPipelineSafeModeRule] INFO  replication.ReplicationManager (ReplicationManager.java:notifyStatusChanged(764)) - Service ReplicationManager transitions to RUNNING.
2022-09-08 01:54:09,438 [EventQueue-OpenPipelineForHealthyPipelineSafeModeRule] WARN  balancer.ContainerBalancer (ContainerBalancer.java:shouldRun(925)) - Could not find persisted configuration for ContainerBalancer when checking if ContainerBalancer should run. ContainerBalancer should not run now.
2022-09-08 01:54:09,439 [e22379da-9f42-4ed5-a6ef-7e4644a055d8@group-CAFC4940D0C5-LeaderElection54] INFO  impl.LeaderElection (LeaderElection.java:askForVotes(310)) - e22379da-9f42-4ed5-a6ef-7e4644a055d8@group-CAFC4940D0C5-LeaderElection54 ELECTION round 0: submit vote requests at term 1 for -1: [e22379da-9f42-4ed5-a6ef-7e4644a055d8|rpc:10.1.1.0:42135|priority:1], old=null
2022-09-08 01:54:09,440 [e22379da-9f42-4ed5-a6ef-7e4644a055d8@group-CAFC4940D0C5-LeaderElection54] INFO  impl.LeaderElection (LeaderElection.java:askForVotes(312)) - e22379da-9f42-4ed5-a6ef-7e4644a055d8@group-CAFC4940D0C5-LeaderElection54 ELECTION round 0: result PASSED (term=1)
2022-09-08 01:54:09,440 [e22379da-9f42-4ed5-a6ef-7e4644a055d8@group-CAFC4940D0C5-LeaderElection54] INFO  impl.RoleInfo (RoleInfo.java:shutdownLeaderElection(130)) - e22379da-9f42-4ed5-a6ef-7e4644a055d8: shutdown e22379da-9f42-4ed5-a6ef-7e4644a055d8@group-CAFC4940D0C5-LeaderElection54
2022-09-08 01:54:09,440 [e22379da-9f42-4ed5-a6ef-7e4644a055d8@group-CAFC4940D0C5-LeaderElection54] INFO  server.RaftServer$Division (RaftServerImpl.java:setRole(299)) - e22379da-9f42-4ed5-a6ef-7e4644a055d8@group-CAFC4940D0C5: changes role from CANDIDATE to LEADER at term 1 for changeToLeader
2022-09-08 01:54:09,440 [e22379da-9f42-4ed5-a6ef-7e4644a055d8@group-CAFC4940D0C5-LeaderElection54] INFO  ratis.XceiverServerRatis (XceiverServerRatis.java:handleLeaderChangedNotification(863)) - Leader change notification received for group: group-CAFC4940D0C5 with new leaderId: e22379da-9f42-4ed5-a6ef-7e4644a055d8
2022-09-08 01:54:09,440 [e22379da-9f42-4ed5-a6ef-7e4644a055d8@group-CAFC4940D0C5-LeaderElection54] INFO  server.RaftServer$Division (ServerState.java:setLeader(287)) - e22379da-9f42-4ed5-a6ef-7e4644a055d8@group-CAFC4940D0C5: change Leader from null to e22379da-9f42-4ed5-a6ef-7e4644a055d8 at term 1 for becomeLeader, leader elected after 5140ms
2022-09-08 01:54:09,440 [e22379da-9f42-4ed5-a6ef-7e4644a055d8@group-CAFC4940D0C5-LeaderElection54] INFO  server.RaftServerConfigKeys (ConfUtils.java:logGet(46)) - raft.server.staging.catchup.gap = 1000 (default)
2022-09-08 01:54:09,440 [e22379da-9f42-4ed5-a6ef-7e4644a055d8@group-CAFC4940D0C5-LeaderElection54] INFO  server.RaftServerConfigKeys (ConfUtils.java:logGet(46)) - raft.server.write.element-limit = 1024 (custom)
2022-09-08 01:54:09,440 [e22379da-9f42-4ed5-a6ef-7e4644a055d8@group-CAFC4940D0C5-LeaderElection54] INFO  server.RaftServerConfigKeys (ConfUtils.java:logGet(46)) - raft.server.write.byte-limit = 1024 M (=1073741824) (custom)
2022-09-08 01:54:09,440 [e22379da-9f42-4ed5-a6ef-7e4644a055d8@group-CAFC4940D0C5-LeaderElection54] INFO  server.RaftServerConfigKeys (ConfUtils.java:logGet(46)) - raft.server.watch.timeout = 180s (custom)
2022-09-08 01:54:09,440 [e22379da-9f42-4ed5-a6ef-7e4644a055d8@group-CAFC4940D0C5-LeaderElection54] INFO  server.RaftServerConfigKeys (ConfUtils.java:logGet(46)) - raft.server.watch.timeout.denomination = 1s (default)
2022-09-08 01:54:09,440 [e22379da-9f42-4ed5-a6ef-7e4644a055d8@group-CAFC4940D0C5-LeaderElection54] INFO  server.RaftServerConfigKeys (ConfUtils.java:logGet(46)) - raft.server.watch.element-limit = 65536 (default)
2022-09-08 01:54:09,441 [e22379da-9f42-4ed5-a6ef-7e4644a055d8@group-CAFC4940D0C5-LeaderElection54] INFO  server.RaftServerConfigKeys (ConfUtils.java:logGet(46)) - raft.server.write.element-limit = 1024 (custom)
2022-09-08 01:54:09,441 [e22379da-9f42-4ed5-a6ef-7e4644a055d8@group-CAFC4940D0C5-LeaderElection54] INFO  server.RaftServerConfigKeys (ConfUtils.java:logGet(46)) - raft.server.write.follower.gap.ratio.max = -1.0 (default)
2022-09-08 01:54:09,441 [e22379da-9f42-4ed5-a6ef-7e4644a055d8@group-CAFC4940D0C5-LeaderElection54] INFO  impl.RoleInfo (RoleInfo.java:updateAndGet(139)) - e22379da-9f42-4ed5-a6ef-7e4644a055d8: start e22379da-9f42-4ed5-a6ef-7e4644a055d8@group-CAFC4940D0C5-LeaderStateImpl
2022-09-08 01:54:09,441 [e22379da-9f42-4ed5-a6ef-7e4644a055d8@group-CAFC4940D0C5-LeaderElection54] INFO  segmented.SegmentedRaftLogWorker (SegmentedRaftLogWorker.java:startLogSegment(425)) - e22379da-9f42-4ed5-a6ef-7e4644a055d8@group-CAFC4940D0C5-SegmentedRaftLogWorker: Starting segment from index:0
2022-09-08 01:54:09,443 [e22379da-9f42-4ed5-a6ef-7e4644a055d8@group-CAFC4940D0C5-SegmentedRaftLogWorker] INFO  segmented.SegmentedRaftLogWorker (SegmentedRaftLogWorker.java:execute(629)) - e22379da-9f42-4ed5-a6ef-7e4644a055d8@group-CAFC4940D0C5-SegmentedRaftLogWorker: created new log segment /home/runner/work/ozone/ozone/hadoop-ozone/integration-test/target/test-dir/MiniOzoneClusterImpl-e6b4e619-fda6-43cc-821e-80e1de6684e8/datanode-1/data/ratis/575ce641-06d7-4829-a9ee-cafc4940d0c5/current/log_inprogress_0
2022-09-08 01:54:09,453 [e22379da-9f42-4ed5-a6ef-7e4644a055d8@group-CAFC4940D0C5-LeaderElection54] INFO  server.RaftServer$Division (ServerState.java:setRaftConf(393)) - e22379da-9f42-4ed5-a6ef-7e4644a055d8@group-CAFC4940D0C5: set configuration 0: [e22379da-9f42-4ed5-a6ef-7e4644a055d8|rpc:10.1.1.0:42135|dataStream:|priority:1], old=null
2022-09-08 01:54:09,418 [c6cac806-9b46-4ea6-8693-fe4fd7df8991@group-1EB9DE725DFD-LeaderElection53] INFO  impl.RoleInfo (RoleInfo.java:updateAndGet(139)) - c6cac806-9b46-4ea6-8693-fe4fd7df8991: start c6cac806-9b46-4ea6-8693-fe4fd7df8991@group-1EB9DE725DFD-LeaderStateImpl
2022-09-08 01:54:09,472 [c6cac806-9b46-4ea6-8693-fe4fd7df8991@group-1EB9DE725DFD-LeaderElection53] INFO  segmented.SegmentedRaftLogWorker (SegmentedRaftLogWorker.java:startLogSegment(425)) - c6cac806-9b46-4ea6-8693-fe4fd7df8991@group-1EB9DE725DFD-SegmentedRaftLogWorker: Starting segment from index:0
2022-09-08 01:54:09,475 [c6cac806-9b46-4ea6-8693-fe4fd7df8991@group-1EB9DE725DFD-LeaderElection53] INFO  server.RaftServer$Division (ServerState.java:setRaftConf(393)) - c6cac806-9b46-4ea6-8693-fe4fd7df8991@group-1EB9DE725DFD: set configuration 0: [c6cac806-9b46-4ea6-8693-fe4fd7df8991|rpc:10.1.1.0:35957|dataStream:|priority:1, 0a235e6c-edea-4652-8f55-95ab3f4a2b18|rpc:10.1.1.0:45595|dataStream:|priority:0, e22379da-9f42-4ed5-a6ef-7e4644a055d8|rpc:10.1.1.0:42135|dataStream:|priority:0], old=null
2022-09-08 01:54:09,480 [grpc-default-executor-1] INFO  server.RaftServer$Division (RaftServerImpl.java:requestVote(1152)) - e22379da-9f42-4ed5-a6ef-7e4644a055d8@group-1EB9DE725DFD: receive requestVote(ELECTION, c6cac806-9b46-4ea6-8693-fe4fd7df8991, group-1EB9DE725DFD, 1, (t:0, i:0))
2022-09-08 01:54:09,480 [grpc-default-executor-1] INFO  impl.VoteContext (VoteContext.java:log(48)) - e22379da-9f42-4ed5-a6ef-7e4644a055d8@group-1EB9DE725DFD-FOLLOWER: accept ELECTION from c6cac806-9b46-4ea6-8693-fe4fd7df8991: our priority 0 <= candidate's priority 1
2022-09-08 01:54:09,480 [grpc-default-executor-1] INFO  server.RaftServer$Division (RaftServerImpl.java:setRole(299)) - e22379da-9f42-4ed5-a6ef-7e4644a055d8@group-1EB9DE725DFD: changes role from  FOLLOWER to FOLLOWER at term 1 for candidate:c6cac806-9b46-4ea6-8693-fe4fd7df8991
2022-09-08 01:54:09,480 [grpc-default-executor-1] INFO  impl.RoleInfo (RoleInfo.java:shutdownFollowerState(110)) - e22379da-9f42-4ed5-a6ef-7e4644a055d8: shutdown e22379da-9f42-4ed5-a6ef-7e4644a055d8@group-1EB9DE725DFD-FollowerState
2022-09-08 01:54:09,480 [grpc-default-executor-1] INFO  impl.RoleInfo (RoleInfo.java:updateAndGet(139)) - e22379da-9f42-4ed5-a6ef-7e4644a055d8: start e22379da-9f42-4ed5-a6ef-7e4644a055d8@group-1EB9DE725DFD-FollowerState
2022-09-08 01:54:09,480 [e22379da-9f42-4ed5-a6ef-7e4644a055d8@group-1EB9DE725DFD-FollowerState] INFO  impl.FollowerState (FollowerState.java:run(152)) - e22379da-9f42-4ed5-a6ef-7e4644a055d8@group-1EB9DE725DFD-FollowerState was interrupted
2022-09-08 01:54:09,481 [grpc-default-executor-1] INFO  server.RaftServer$Division (RaftServerImpl.java:requestVote(1184)) - e22379da-9f42-4ed5-a6ef-7e4644a055d8@group-1EB9DE725DFD replies to ELECTION vote request: c6cac806-9b46-4ea6-8693-fe4fd7df8991<-e22379da-9f42-4ed5-a6ef-7e4644a055d8#0:OK-t1. Peer's state: e22379da-9f42-4ed5-a6ef-7e4644a055d8@group-1EB9DE725DFD:t1, leader=null, voted=c6cac806-9b46-4ea6-8693-fe4fd7df8991, raftlog=e22379da-9f42-4ed5-a6ef-7e4644a055d8@group-1EB9DE725DFD-SegmentedRaftLog:OPENED:c-1, conf=-1: [c6cac806-9b46-4ea6-8693-fe4fd7df8991|rpc:10.1.1.0:35957|priority:1, 0a235e6c-edea-4652-8f55-95ab3f4a2b18|rpc:10.1.1.0:45595|priority:0, e22379da-9f42-4ed5-a6ef-7e4644a055d8|rpc:10.1.1.0:42135|priority:0], old=null
2022-09-08 01:54:09,501 [c6cac806-9b46-4ea6-8693-fe4fd7df8991@group-1EB9DE725DFD-SegmentedRaftLogWorker] INFO  segmented.SegmentedRaftLogWorker (SegmentedRaftLogWorker.java:execute(629)) - c6cac806-9b46-4ea6-8693-fe4fd7df8991@group-1EB9DE725DFD-SegmentedRaftLogWorker: created new log segment /home/runner/work/ozone/ozone/hadoop-ozone/integration-test/target/test-dir/MiniOzoneClusterImpl-e6b4e619-fda6-43cc-821e-80e1de6684e8/datanode-0/data/ratis/6a41d487-ba84-4491-8aac-1eb9de725dfd/current/log_inprogress_0
2022-09-08 01:54:09,546 [e22379da-9f42-4ed5-a6ef-7e4644a055d8-server-thread1] INFO  ratis.XceiverServerRatis (XceiverServerRatis.java:handleLeaderChangedNotification(863)) - Leader change notification received for group: group-1EB9DE725DFD with new leaderId: c6cac806-9b46-4ea6-8693-fe4fd7df8991
2022-09-08 01:54:09,546 [e22379da-9f42-4ed5-a6ef-7e4644a055d8-server-thread1] INFO  server.RaftServer$Division (ServerState.java:setLeader(287)) - e22379da-9f42-4ed5-a6ef-7e4644a055d8@group-1EB9DE725DFD: change Leader from null to c6cac806-9b46-4ea6-8693-fe4fd7df8991 at term 1 for appendEntries, leader elected after 5193ms
2022-09-08 01:54:09,561 [e22379da-9f42-4ed5-a6ef-7e4644a055d8-server-thread1] INFO  server.RaftServer$Division (ServerState.java:setRaftConf(393)) - e22379da-9f42-4ed5-a6ef-7e4644a055d8@group-1EB9DE725DFD: set configuration 0: [c6cac806-9b46-4ea6-8693-fe4fd7df8991|rpc:10.1.1.0:35957|dataStream:|priority:1, 0a235e6c-edea-4652-8f55-95ab3f4a2b18|rpc:10.1.1.0:45595|dataStream:|priority:0, e22379da-9f42-4ed5-a6ef-7e4644a055d8|rpc:10.1.1.0:42135|dataStream:|priority:0], old=null
2022-09-08 01:54:09,562 [e22379da-9f42-4ed5-a6ef-7e4644a055d8-server-thread1] INFO  segmented.SegmentedRaftLogWorker (SegmentedRaftLogWorker.java:startLogSegment(425)) - e22379da-9f42-4ed5-a6ef-7e4644a055d8@group-1EB9DE725DFD-SegmentedRaftLogWorker: Starting segment from index:0
2022-09-08 01:54:09,563 [e22379da-9f42-4ed5-a6ef-7e4644a055d8@group-1EB9DE725DFD-SegmentedRaftLogWorker] INFO  segmented.SegmentedRaftLogWorker (SegmentedRaftLogWorker.java:execute(629)) - e22379da-9f42-4ed5-a6ef-7e4644a055d8@group-1EB9DE725DFD-SegmentedRaftLogWorker: created new log segment /home/runner/work/ozone/ozone/hadoop-ozone/integration-test/target/test-dir/MiniOzoneClusterImpl-e6b4e619-fda6-43cc-821e-80e1de6684e8/datanode-1/data/ratis/6a41d487-ba84-4491-8aac-1eb9de725dfd/current/log_inprogress_0
2022-09-08 01:54:09,569 [0a235e6c-edea-4652-8f55-95ab3f4a2b18-server-thread1] INFO  ratis.XceiverServerRatis (XceiverServerRatis.java:handleLeaderChangedNotification(863)) - Leader change notification received for group: group-1EB9DE725DFD with new leaderId: c6cac806-9b46-4ea6-8693-fe4fd7df8991
2022-09-08 01:54:09,569 [0a235e6c-edea-4652-8f55-95ab3f4a2b18-server-thread1] INFO  server.RaftServer$Division (ServerState.java:setLeader(287)) - 0a235e6c-edea-4652-8f55-95ab3f4a2b18@group-1EB9DE725DFD: change Leader from null to c6cac806-9b46-4ea6-8693-fe4fd7df8991 at term 1 for appendEntries, leader elected after 5039ms
2022-09-08 01:54:09,589 [0a235e6c-edea-4652-8f55-95ab3f4a2b18-server-thread1] INFO  server.RaftServer$Division (ServerState.java:setRaftConf(393)) - 0a235e6c-edea-4652-8f55-95ab3f4a2b18@group-1EB9DE725DFD: set configuration 0: [c6cac806-9b46-4ea6-8693-fe4fd7df8991|rpc:10.1.1.0:35957|dataStream:|priority:1, 0a235e6c-edea-4652-8f55-95ab3f4a2b18|rpc:10.1.1.0:45595|dataStream:|priority:0, e22379da-9f42-4ed5-a6ef-7e4644a055d8|rpc:10.1.1.0:42135|dataStream:|priority:0], old=null
2022-09-08 01:54:09,589 [0a235e6c-edea-4652-8f55-95ab3f4a2b18-server-thread1] INFO  segmented.SegmentedRaftLogWorker (SegmentedRaftLogWorker.java:startLogSegment(425)) - 0a235e6c-edea-4652-8f55-95ab3f4a2b18@group-1EB9DE725DFD-SegmentedRaftLogWorker: Starting segment from index:0
2022-09-08 01:54:09,591 [0a235e6c-edea-4652-8f55-95ab3f4a2b18@group-1EB9DE725DFD-SegmentedRaftLogWorker] INFO  segmented.SegmentedRaftLogWorker (SegmentedRaftLogWorker.java:execute(629)) - 0a235e6c-edea-4652-8f55-95ab3f4a2b18@group-1EB9DE725DFD-SegmentedRaftLogWorker: created new log segment /home/runner/work/ozone/ozone/hadoop-ozone/integration-test/target/test-dir/MiniOzoneClusterImpl-e6b4e619-fda6-43cc-821e-80e1de6684e8/datanode-2/data/ratis/6a41d487-ba84-4491-8aac-1eb9de725dfd/current/log_inprogress_0
2022-09-08 01:54:09,891 [Listener at 127.0.0.1/41643] INFO  ozone.MiniOzoneClusterImpl (MiniOzoneClusterImpl.java:lambda$waitForClusterToBeReady$0(216)) - Nodes are ready. Got 3 of 3 DN Heartbeats.
2022-09-08 01:54:09,891 [Listener at 127.0.0.1/41643] INFO  ozone.MiniOzoneClusterImpl (MiniOzoneClusterImpl.java:lambda$waitForClusterToBeReady$0(219)) - Cluster exits safe mode
2022-09-08 01:54:09,891 [Listener at 127.0.0.1/41643] INFO  ozone.MiniOzoneClusterImpl (MiniOzoneClusterImpl.java:lambda$waitForClusterToBeReady$0(221)) - SCM became leader
]]></system-out>
    </rerunFailure>
    <rerunFailure type="java.lang.AssertionError">
      <stackTrace><![CDATA[java.lang.AssertionError
	at org.junit.Assert.fail(Assert.java:87)
	at org.junit.Assert.assertTrue(Assert.java:42)
	at org.junit.Assert.assertTrue(Assert.java:53)
	at org.apache.hadoop.hdds.scm.TestRatisPipelineLeader.testLeaderIdAfterLeaderChange(TestRatisPipelineLeader.java:119)
	at sun.reflect.NativeMethodAccessorImpl.invoke0(Native Method)
	at sun.reflect.NativeMethodAccessorImpl.invoke(NativeMethodAccessorImpl.java:62)
	at sun.reflect.DelegatingMethodAccessorImpl.invoke(DelegatingMethodAccessorImpl.java:43)
	at java.lang.reflect.Method.invoke(Method.java:498)
	at org.junit.platform.commons.util.ReflectionUtils.invokeMethod(ReflectionUtils.java:725)
	at org.junit.jupiter.engine.execution.MethodInvocation.proceed(MethodInvocation.java:60)
	at org.junit.jupiter.engine.execution.InvocationInterceptorChain$ValidatingInvocation.proceed(InvocationInterceptorChain.java:131)
	at org.junit.jupiter.engine.extension.TimeoutInvocation.proceed(TimeoutInvocation.java:46)
	at org.junit.jupiter.engine.extension.TimeoutExtension.intercept(TimeoutExtension.java:149)
	at org.junit.jupiter.engine.extension.TimeoutExtension.interceptTestableMethod(TimeoutExtension.java:140)
	at org.junit.jupiter.engine.extension.TimeoutExtension.interceptTestMethod(TimeoutExtension.java:84)
	at org.junit.jupiter.engine.execution.ExecutableInvoker$ReflectiveInterceptorCall.lambda$ofVoidMethod$0(ExecutableInvoker.java:115)
	at org.junit.jupiter.engine.execution.ExecutableInvoker.lambda$invoke$0(ExecutableInvoker.java:105)
	at org.junit.jupiter.engine.execution.InvocationInterceptorChain$InterceptedInvocation.proceed(InvocationInterceptorChain.java:106)
	at org.junit.jupiter.engine.execution.InvocationInterceptorChain.proceed(InvocationInterceptorChain.java:64)
	at org.junit.jupiter.engine.execution.InvocationInterceptorChain.chainAndInvoke(InvocationInterceptorChain.java:45)
	at org.junit.jupiter.engine.execution.InvocationInterceptorChain.invoke(InvocationInterceptorChain.java:37)
	at org.junit.jupiter.engine.execution.ExecutableInvoker.invoke(ExecutableInvoker.java:104)
	at org.junit.jupiter.engine.execution.ExecutableInvoker.invoke(ExecutableInvoker.java:98)
	at org.junit.jupiter.engine.descriptor.TestMethodTestDescriptor.lambda$invokeTestMethod$7(TestMethodTestDescriptor.java:214)
	at org.junit.platform.engine.support.hierarchical.ThrowableCollector.execute(ThrowableCollector.java:73)
	at org.junit.jupiter.engine.descriptor.TestMethodTestDescriptor.invokeTestMethod(TestMethodTestDescriptor.java:210)
	at org.junit.jupiter.engine.descriptor.TestMethodTestDescriptor.execute(TestMethodTestDescriptor.java:135)
	at org.junit.jupiter.engine.descriptor.TestMethodTestDescriptor.execute(TestMethodTestDescriptor.java:66)
	at org.junit.platform.engine.support.hierarchical.NodeTestTask.lambda$executeRecursively$6(NodeTestTask.java:151)
	at org.junit.platform.engine.support.hierarchical.ThrowableCollector.execute(ThrowableCollector.java:73)
	at org.junit.platform.engine.support.hierarchical.NodeTestTask.lambda$executeRecursively$8(NodeTestTask.java:141)
	at org.junit.platform.engine.support.hierarchical.Node.around(Node.java:137)
	at org.junit.platform.engine.support.hierarchical.NodeTestTask.lambda$executeRecursively$9(NodeTestTask.java:139)
	at org.junit.platform.engine.support.hierarchical.ThrowableCollector.execute(ThrowableCollector.java:73)
	at org.junit.platform.engine.support.hierarchical.NodeTestTask.executeRecursively(NodeTestTask.java:138)
	at org.junit.platform.engine.support.hierarchical.NodeTestTask.execute(NodeTestTask.java:95)
	at java.util.ArrayList.forEach(ArrayList.java:1259)
	at org.junit.platform.engine.support.hierarchical.SameThreadHierarchicalTestExecutorService.invokeAll(SameThreadHierarchicalTestExecutorService.java:41)
	at org.junit.platform.engine.support.hierarchical.NodeTestTask.lambda$executeRecursively$6(NodeTestTask.java:155)
	at org.junit.platform.engine.support.hierarchical.ThrowableCollector.execute(ThrowableCollector.java:73)
	at org.junit.platform.engine.support.hierarchical.NodeTestTask.lambda$executeRecursively$8(NodeTestTask.java:141)
	at org.junit.platform.engine.support.hierarchical.Node.around(Node.java:137)
	at org.junit.platform.engine.support.hierarchical.NodeTestTask.lambda$executeRecursively$9(NodeTestTask.java:139)
	at org.junit.platform.engine.support.hierarchical.ThrowableCollector.execute(ThrowableCollector.java:73)
	at org.junit.platform.engine.support.hierarchical.NodeTestTask.executeRecursively(NodeTestTask.java:138)
	at org.junit.platform.engine.support.hierarchical.NodeTestTask.execute(NodeTestTask.java:95)
	at java.util.ArrayList.forEach(ArrayList.java:1259)
	at org.junit.platform.engine.support.hierarchical.SameThreadHierarchicalTestExecutorService.invokeAll(SameThreadHierarchicalTestExecutorService.java:41)
	at org.junit.platform.engine.support.hierarchical.NodeTestTask.lambda$executeRecursively$6(NodeTestTask.java:155)
	at org.junit.platform.engine.support.hierarchical.ThrowableCollector.execute(ThrowableCollector.java:73)
	at org.junit.platform.engine.support.hierarchical.NodeTestTask.lambda$executeRecursively$8(NodeTestTask.java:141)
	at org.junit.platform.engine.support.hierarchical.Node.around(Node.java:137)
	at org.junit.platform.engine.support.hierarchical.NodeTestTask.lambda$executeRecursively$9(NodeTestTask.java:139)
	at org.junit.platform.engine.support.hierarchical.ThrowableCollector.execute(ThrowableCollector.java:73)
	at org.junit.platform.engine.support.hierarchical.NodeTestTask.executeRecursively(NodeTestTask.java:138)
	at org.junit.platform.engine.support.hierarchical.NodeTestTask.execute(NodeTestTask.java:95)
	at org.junit.platform.engine.support.hierarchical.SameThreadHierarchicalTestExecutorService.submit(SameThreadHierarchicalTestExecutorService.java:35)
	at org.junit.platform.engine.support.hierarchical.HierarchicalTestExecutor.execute(HierarchicalTestExecutor.java:57)
	at org.junit.platform.engine.support.hierarchical.HierarchicalTestEngine.execute(HierarchicalTestEngine.java:54)
	at org.junit.platform.launcher.core.EngineExecutionOrchestrator.execute(EngineExecutionOrchestrator.java:107)
	at org.junit.platform.launcher.core.EngineExecutionOrchestrator.execute(EngineExecutionOrchestrator.java:88)
	at org.junit.platform.launcher.core.EngineExecutionOrchestrator.lambda$execute$0(EngineExecutionOrchestrator.java:54)
	at org.junit.platform.launcher.core.EngineExecutionOrchestrator.withInterceptedStreams(EngineExecutionOrchestrator.java:67)
	at org.junit.platform.launcher.core.EngineExecutionOrchestrator.execute(EngineExecutionOrchestrator.java:52)
	at org.junit.platform.launcher.core.DefaultLauncher.execute(DefaultLauncher.java:114)
	at org.junit.platform.launcher.core.DefaultLauncher.execute(DefaultLauncher.java:86)
	at org.junit.platform.launcher.core.DefaultLauncherSession$DelegatingLauncher.execute(DefaultLauncherSession.java:86)
	at org.junit.platform.launcher.core.SessionPerRequestLauncher.execute(SessionPerRequestLauncher.java:53)
	at org.apache.maven.surefire.junitplatform.JUnitPlatformProvider.invokeAllTests(JUnitPlatformProvider.java:165)
	at org.apache.maven.surefire.junitplatform.JUnitPlatformProvider.invoke(JUnitPlatformProvider.java:124)
	at org.apache.maven.surefire.booter.ForkedBooter.runSuitesInProcess(ForkedBooter.java:428)
	at org.apache.maven.surefire.booter.ForkedBooter.execute(ForkedBooter.java:162)
	at org.apache.maven.surefire.booter.ForkedBooter.run(ForkedBooter.java:562)
	at org.apache.maven.surefire.booter.ForkedBooter.main(ForkedBooter.java:548)
]]></stackTrace>
      <system-out><![CDATA[2022-09-08 01:54:30,922 [Listener at 127.0.0.1/41643] WARN  server.ServerUtils (ServerUtils.java:getScmDbDir(148)) - ozone.scm.db.dirs is not configured. We recommend adding this setting. Falling back to ozone.metadata.dirs instead.
2022-09-08 01:54:30,929 [Listener at 127.0.0.1/41643] WARN  server.ServerUtils (ServerUtils.java:getScmDbDir(148)) - ozone.scm.db.dirs is not configured. We recommend adding this setting. Falling back to ozone.metadata.dirs instead.
2022-09-08 01:54:30,929 [Listener at 127.0.0.1/41643] INFO  ha.SCMHANodeDetails (SCMHANodeDetails.java:loadSCMHAConfig(209)) - ServiceID for StorageContainerManager is null
2022-09-08 01:54:30,929 [Listener at 127.0.0.1/41643] INFO  ha.SCMHANodeDetails (SCMHANodeDetails.java:loadSCMHAConfig(214)) - ozone.scm.default.service.id is not defined, falling back to ozone.scm.service.ids to find serviceID for StorageContainerManager if it is HA enabled cluster
2022-09-08 01:54:30,930 [Listener at 127.0.0.1/41643] WARN  utils.HAUtils (HAUtils.java:getMetaDir(342)) - ozone.scm.db.dirs is not configured. We recommend adding this setting. Falling back to ozone.metadata.dirs instead.
2022-09-08 01:54:30,930 [Listener at 127.0.0.1/41643] WARN  db.DBStoreBuilder (DBStoreBuilder.java:applyDBDefinition(144)) - ozone.scm.db.dirs is not configured. We recommend adding this setting. Falling back to ozone.metadata.dirs instead.
2022-09-08 01:54:31,217 [Listener at 127.0.0.1/41643] INFO  net.NodeSchemaLoader (NodeSchemaLoader.java:loadSchemaFromFile(129)) - Loading schema from [jar:file:/home/runner/.m2/repository/org/apache/ozone/hdds-common/1.3.0-SNAPSHOT/hdds-common-1.3.0-SNAPSHOT.jar!/network-topology-default.xml]
2022-09-08 01:54:31,219 [Listener at 127.0.0.1/41643] INFO  net.NodeSchemaLoader (NodeSchemaLoader.java:loadSchema(176)) - Loading network topology layer schema file
2022-09-08 01:54:31,223 [Listener at 127.0.0.1/41643] INFO  upgrade.AbstractLayoutVersionManager (AbstractLayoutVersionManager.java:init(83)) - Initializing Layout version manager with metadata layout = DATANODE_SCHEMA_V3 (version = 4), software layout = DATANODE_SCHEMA_V3 (version = 4)
2022-09-08 01:54:31,284 [Listener at 127.0.0.1/41643] INFO  reflections.Reflections (Reflections.java:scan(232)) - Reflections took 60 ms to scan 7 urls, producing 133 keys and 322 values 
2022-09-08 01:54:31,296 [Listener at 127.0.0.1/41643] INFO  ha.SequenceIdGenerator (SequenceIdGenerator.java:upgradeToSequenceId(349)) - upgrade localId to 109611004723200000
2022-09-08 01:54:31,328 [Listener at 127.0.0.1/41643] INFO  ha.SequenceIdGenerator (SequenceIdGenerator.java:upgradeToSequenceId(359)) - upgrade delTxnId to 0
2022-09-08 01:54:31,328 [Listener at 127.0.0.1/41643] INFO  ha.SequenceIdGenerator (SequenceIdGenerator.java:upgradeToSequenceId(376)) - upgrade containerId to 0
2022-09-08 01:54:31,329 [Listener at 127.0.0.1/41643] INFO  ha.SequenceIdGenerator (SequenceIdGenerator.java:<init>(220)) - Init the HA SequenceIdGenerator.
2022-09-08 01:54:31,334 [Listener at 127.0.0.1/41643] WARN  server.ServerUtils (ServerUtils.java:sanitizeUserArgs(73)) - ozone.scm.stale.node.interval value = 300000 is larger than max = 100000 based on the key value of ozone.scm.heartbeat.thread.interval, reset to the max value 100000.
2022-09-08 01:54:31,334 [Listener at 127.0.0.1/41643] WARN  server.ServerUtils (ServerUtils.java:sanitizeUserArgs(73)) - ozone.scm.stale.node.interval value = 300000 is larger than max = 100000 based on the key value of ozone.scm.heartbeat.thread.interval, reset to the max value 100000.
2022-09-08 01:54:31,335 [Listener at 127.0.0.1/41643] INFO  node.SCMNodeManager (SCMNodeManager.java:<init>(149)) - Entering startup safe mode.
2022-09-08 01:54:31,335 [Listener at 127.0.0.1/41643] INFO  algorithms.ContainerPlacementPolicyFactory (ContainerPlacementPolicyFactory.java:getPolicyInternal(86)) - Create container placement policy of type org.apache.hadoop.hdds.scm.container.placement.algorithms.SCMContainerPlacementRandom
2022-09-08 01:54:31,335 [Listener at 127.0.0.1/41643] INFO  algorithms.ContainerPlacementPolicyFactory (ContainerPlacementPolicyFactory.java:getPolicyInternal(86)) - Create container placement policy of type org.apache.hadoop.hdds.scm.container.placement.algorithms.SCMContainerPlacementRackScatter
2022-09-08 01:54:31,336 [Listener at 127.0.0.1/41643] INFO  pipeline.PipelineStateManagerImpl (PipelineStateManagerImpl.java:initialize(78)) - No pipeline exists in current db
2022-09-08 01:54:31,336 [Listener at 127.0.0.1/41643] INFO  algorithms.LeaderChoosePolicyFactory (LeaderChoosePolicyFactory.java:getPolicy(57)) - Create leader choose policy of type org.apache.hadoop.hdds.scm.pipeline.leader.choose.algorithms.MinLeaderCountChoosePolicy
2022-09-08 01:54:31,336 [Listener at 127.0.0.1/41643] INFO  algorithms.ContainerPlacementPolicyFactory (ContainerPlacementPolicyFactory.java:getPolicyInternal(86)) - Create container placement policy of type org.apache.hadoop.hdds.scm.container.placement.algorithms.SCMContainerPlacementRackScatter
2022-09-08 01:54:31,336 [Listener at 127.0.0.1/41643] INFO  ha.SCMServiceManager (SCMServiceManager.java:register(42)) - Registering service BackgroundPipelineCreator.
2022-09-08 01:54:31,336 [Listener at 127.0.0.1/41643] INFO  pipeline.BackgroundPipelineCreator (BackgroundPipelineCreator.java:start(124)) - Starting RatisPipelineUtilsThread.
2022-09-08 01:54:31,339 [Listener at 127.0.0.1/41643] INFO  BackgroundPipelineScrubber (BackgroundSCMService.java:start(68)) - Starting BackgroundPipelineScrubber Service.
2022-09-08 01:54:31,340 [Listener at 127.0.0.1/41643] INFO  ha.SCMServiceManager (SCMServiceManager.java:register(42)) - Registering service BackgroundPipelineScrubber.
2022-09-08 01:54:31,340 [Listener at 127.0.0.1/41643] INFO  ExpiredContainerReplicaOpScrubber (BackgroundSCMService.java:start(68)) - Starting ExpiredContainerReplicaOpScrubber Service.
2022-09-08 01:54:31,340 [Listener at 127.0.0.1/41643] INFO  ha.SCMServiceManager (SCMServiceManager.java:register(42)) - Registering service ExpiredContainerReplicaOpScrubber.
2022-09-08 01:54:31,341 [Listener at 127.0.0.1/41643] INFO  algorithms.PipelineChoosePolicyFactory (PipelineChoosePolicyFactory.java:createPipelineChoosePolicyFromClass(73)) - Create pipeline choose policy of type org.apache.hadoop.hdds.scm.pipeline.choose.algorithms.RandomPipelineChoosePolicy
2022-09-08 01:54:31,341 [Listener at 127.0.0.1/41643] INFO  ha.SCMServiceManager (SCMServiceManager.java:register(42)) - Registering service SCMBlockDeletingService.
2022-09-08 01:54:31,341 [Listener at 127.0.0.1/41643] INFO  replication.ReplicationManager (ReplicationManager.java:start(208)) - Starting Replication Monitor Thread.
2022-09-08 01:54:31,357 [Listener at 127.0.0.1/41643] INFO  UnderReplicatedQueueThread (BackgroundSCMService.java:start(68)) - Starting UnderReplicatedQueueThread Service.
2022-09-08 01:54:31,364 [Listener at 127.0.0.1/41643] INFO  ha.SCMServiceManager (SCMServiceManager.java:register(42)) - Registering service UnderReplicatedQueueThread.
2022-09-08 01:54:31,397 [Listener at 127.0.0.1/41643] INFO  OverReplicatedQueueThread (BackgroundSCMService.java:start(68)) - Starting OverReplicatedQueueThread Service.
2022-09-08 01:54:31,365 [ReplicationMonitor] INFO  replication.ReplicationManager (ReplicationManager.java:processAll(257)) - Replication Manager is not ready to run until 3000ms after safemode exit
2022-09-08 01:54:31,408 [Listener at 127.0.0.1/41643] INFO  ha.SCMServiceManager (SCMServiceManager.java:register(42)) - Registering service OverReplicatedQueueThread.
2022-09-08 01:54:31,408 [Listener at 127.0.0.1/41643] INFO  ha.SCMServiceManager (SCMServiceManager.java:register(42)) - Registering service ReplicationManager.
2022-09-08 01:54:31,408 [Listener at 127.0.0.1/41643] INFO  safemode.ContainerSafeModeRule (ContainerSafeModeRule.java:<init>(89)) - containers with one replica threshold count 0
2022-09-08 01:54:31,409 [Listener at 127.0.0.1/41643] INFO  safemode.HealthyPipelineSafeModeRule (HealthyPipelineSafeModeRule.java:initializeRule(169)) - Total pipeline count is 0, healthy pipeline threshold count is 1
2022-09-08 01:54:31,409 [Listener at 127.0.0.1/41643] INFO  safemode.OneReplicaPipelineSafeModeRule (OneReplicaPipelineSafeModeRule.java:initializeRule(180)) - Total pipeline count is 0, pipeline's with at least one datanode reported threshold count is 0
2022-09-08 01:54:31,416 [Listener at 127.0.0.1/41643] INFO  ipc.CallQueueManager (CallQueueManager.java:<init>(90)) - Using callQueue: class java.util.concurrent.LinkedBlockingQueue, queueCapacity: 2000, scheduler: class org.apache.hadoop.ipc.DefaultRpcScheduler, ipcBackoff: false.
2022-09-08 01:54:31,440 [Listener at 0.0.0.0/43843] INFO  ipc.CallQueueManager (CallQueueManager.java:<init>(90)) - Using callQueue: class java.util.concurrent.LinkedBlockingQueue, queueCapacity: 2000, scheduler: class org.apache.hadoop.ipc.DefaultRpcScheduler, ipcBackoff: false.
2022-09-08 01:54:31,447 [Socket Reader #1 for port 0] INFO  ipc.Server (Server.java:run(1265)) - Starting Socket Reader #1 for port 0
2022-09-08 01:54:31,453 [Socket Reader #1 for port 0] INFO  ipc.Server (Server.java:run(1265)) - Starting Socket Reader #1 for port 0
2022-09-08 01:54:31,461 [Listener at 0.0.0.0/43225] INFO  ipc.CallQueueManager (CallQueueManager.java:<init>(90)) - Using callQueue: class java.util.concurrent.LinkedBlockingQueue, queueCapacity: 2000, scheduler: class org.apache.hadoop.ipc.DefaultRpcScheduler, ipcBackoff: false.
2022-09-08 01:54:31,464 [Socket Reader #1 for port 0] INFO  ipc.Server (Server.java:run(1265)) - Starting Socket Reader #1 for port 0
2022-09-08 01:54:31,525 [Listener at 0.0.0.0/34759] INFO  ha.SCMServiceManager (SCMServiceManager.java:register(42)) - Registering service ContainerBalancer.
2022-09-08 01:54:31,525 [Listener at 0.0.0.0/34759] INFO  server.StorageContainerManager (StorageContainerManager.java:<init>(412)) - 
Container Balancer status:
Key                            Value
Running                        false
Container Balancer Configuration values:
Key                                                Value
Threshold                                          10
Max Datanodes to Involve per Iteration(percent)    20
Max Size to Move per Iteration                     500GB
Max Size Entering Target per Iteration             26GB
Max Size Leaving Source per Iteration              26GB

2022-09-08 01:54:31,525 [Listener at 0.0.0.0/34759] WARN  events.EventQueue (EventQueue.java:fireEvent(216)) - No event handler registered for event TypedEvent{payloadType=SafeModeStatus, name='Safe mode status'}
2022-09-08 01:54:31,525 [Listener at 0.0.0.0/34759] INFO  ha.SCMContext (SCMContext.java:updateSafeModeStatus(228)) - Update SafeModeStatus from SafeModeStatus{safeModeStatus=true, preCheckPassed=false} to SafeModeStatus{safeModeStatus=true, preCheckPassed=false}.
2022-09-08 01:54:31,525 [Listener at 0.0.0.0/34759] INFO  server.StorageContainerManager (StorageContainerManager.java:start(1466)) - StorageContainerLocationProtocol RPC server is listening at /0.0.0.0:34759
2022-09-08 01:54:31,527 [Listener at 0.0.0.0/34759] WARN  impl.MetricsConfig (MetricsConfig.java:loadFirst(136)) - Cannot locate configuration: tried hadoop-metrics2-storagecontainermanager.properties,hadoop-metrics2.properties
2022-09-08 01:54:31,545 [Listener at 0.0.0.0/34759] INFO  impl.MetricsSystemImpl (MetricsSystemImpl.java:startTimer(378)) - Scheduled Metric snapshot period at 10 second(s).
2022-09-08 01:54:31,545 [Listener at 0.0.0.0/34759] INFO  impl.MetricsSystemImpl (MetricsSystemImpl.java:start(191)) - StorageContainerManager metrics system started
2022-09-08 01:54:31,688 [Listener at 0.0.0.0/34759] INFO  impl.MetricsSinkAdapter (MetricsSinkAdapter.java:start(204)) - Sink prometheus started
2022-09-08 01:54:31,689 [Listener at 0.0.0.0/34759] INFO  impl.MetricsSystemImpl (MetricsSystemImpl.java:registerSink(305)) - Registered sink prometheus
2022-09-08 01:54:31,726 [Listener at 0.0.0.0/34759] INFO  server.SCMClientProtocolServer (SCMClientProtocolServer.java:start(170)) - RPC server for Client  is listening at /0.0.0.0:34759
2022-09-08 01:54:31,727 [IPC Server Responder] INFO  ipc.Server (Server.java:run(1507)) - IPC Server Responder: starting
2022-09-08 01:54:31,729 [IPC Server listener on 0] INFO  ipc.Server (Server.java:run(1344)) - IPC Server listener on 0: starting
2022-09-08 01:54:31,731 [Listener at 0.0.0.0/34759] INFO  server.StorageContainerManager (StorageContainerManager.java:start(1481)) - ScmBlockLocationProtocol RPC server is listening at /0.0.0.0:43225
2022-09-08 01:54:31,732 [Listener at 0.0.0.0/34759] INFO  server.SCMBlockProtocolServer (SCMBlockProtocolServer.java:start(152)) - RPC server for Block Protocol is listening at /0.0.0.0:43225
2022-09-08 01:54:31,732 [IPC Server Responder] INFO  ipc.Server (Server.java:run(1507)) - IPC Server Responder: starting
2022-09-08 01:54:31,732 [IPC Server listener on 0] INFO  ipc.Server (Server.java:run(1344)) - IPC Server listener on 0: starting
2022-09-08 01:54:31,769 [Listener at 0.0.0.0/34759] INFO  server.SCMDatanodeProtocolServer (SCMDatanodeProtocolServer.java:start(186)) - ScmDatanodeProtocol RPC server for DataNodes is listening at /0.0.0.0:43843
2022-09-08 01:54:31,770 [IPC Server Responder] INFO  ipc.Server (Server.java:run(1507)) - IPC Server Responder: starting
2022-09-08 01:54:31,770 [IPC Server listener on 0] INFO  ipc.Server (Server.java:run(1344)) - IPC Server listener on 0: starting
2022-09-08 01:54:31,776 [Listener at 0.0.0.0/34759] INFO  http.BaseHttpServer (BaseHttpServer.java:newHttpServer2BuilderForOzone(213)) - Starting Web-server for scm at: http://0.0.0.0:0
2022-09-08 01:54:31,776 [Listener at 0.0.0.0/34759] INFO  http.BaseHttpServer (BaseHttpServer.java:<init>(108)) - Hadoop Security Enabled: false Ozone Security Enabled: false Ozone HTTP Security Enabled: false 
2022-09-08 01:54:31,777 [Listener at 0.0.0.0/34759] INFO  server.AuthenticationFilter (AuthenticationFilter.java:constructSecretProvider(240)) - Unable to initialize FileSignerSecretProvider, falling back to use random secrets.
2022-09-08 01:54:31,778 [Listener at 0.0.0.0/34759] WARN  http.HttpRequestLog (HttpRequestLog.java:getRequestLog(103)) - Jetty request log can only be enabled using Log4j
2022-09-08 01:54:31,810 [org.apache.hadoop.util.JvmPauseMonitor$Monitor@38bc128d] INFO  util.JvmPauseMonitor (JvmPauseMonitor.java:run(188)) - Starting JVM pause monitor
2022-09-08 01:54:31,815 [Listener at 0.0.0.0/34759] INFO  http.HttpServer2 (HttpServer2.java:addGlobalFilter(1029)) - Added global filter 'safety' (class=org.apache.hadoop.hdds.server.http.HttpServer2$QuotingInputFilter)
2022-09-08 01:54:31,816 [Listener at 0.0.0.0/34759] INFO  http.HttpServer2 (HttpServer2.java:addFilter(1005)) - Added filter static_user_filter (class=org.apache.hadoop.http.lib.StaticUserWebFilter$StaticUserFilter) to context scm
2022-09-08 01:54:31,816 [Listener at 0.0.0.0/34759] INFO  http.HttpServer2 (HttpServer2.java:addFilter(1013)) - Added filter static_user_filter (class=org.apache.hadoop.http.lib.StaticUserWebFilter$StaticUserFilter) to context logs
2022-09-08 01:54:31,816 [Listener at 0.0.0.0/34759] INFO  http.HttpServer2 (HttpServer2.java:addFilter(1013)) - Added filter static_user_filter (class=org.apache.hadoop.http.lib.StaticUserWebFilter$StaticUserFilter) to context static
2022-09-08 01:54:31,816 [Listener at 0.0.0.0/34759] INFO  http.HttpServer2 (HttpServer2.java:bindListener(1248)) - Jetty bound to port 34511
2022-09-08 01:54:31,816 [Listener at 0.0.0.0/34759] INFO  server.Server (Server.java:doStart(375)) - jetty-9.4.43.v20210629; built: 2021-06-30T11:07:22.254Z; git: 526006ecfa3af7f1a27ef3a288e2bef7ea9dd7e8; jvm 1.8.0_345-b01
2022-09-08 01:54:31,852 [Listener at 0.0.0.0/34759] INFO  server.session (DefaultSessionIdManager.java:doStart(334)) - DefaultSessionIdManager workerName=node0
2022-09-08 01:54:31,852 [Listener at 0.0.0.0/34759] INFO  server.session (DefaultSessionIdManager.java:doStart(339)) - No SessionScavenger set, using defaults
2022-09-08 01:54:31,852 [Listener at 0.0.0.0/34759] INFO  server.session (HouseKeeper.java:startScavenging(132)) - node0 Scavenging every 660000ms
2022-09-08 01:54:31,855 [Listener at 0.0.0.0/34759] INFO  handler.ContextHandler (ContextHandler.java:doStart(915)) - Started o.e.j.s.ServletContextHandler@1d1062b9{logs,/logs,file:///home/runner/work/ozone/ozone/hadoop-ozone/integration-test/target/log,AVAILABLE}
2022-09-08 01:54:31,855 [Listener at 0.0.0.0/34759] INFO  handler.ContextHandler (ContextHandler.java:doStart(915)) - Started o.e.j.s.ServletContextHandler@1a93175f{static,/static,file:///home/runner/work/ozone/ozone/hadoop-ozone/integration-test/target/test-classes/webapps/static,AVAILABLE}
2022-09-08 01:54:31,858 [Listener at 0.0.0.0/34759] INFO  handler.ContextHandler (ContextHandler.java:doStart(915)) - Started o.e.j.w.WebAppContext@7cb84ed8{scm,/,file:///home/runner/work/ozone/ozone/hadoop-ozone/integration-test/target/test-classes/webapps/scm/,AVAILABLE}{file:/home/runner/work/ozone/ozone/hadoop-ozone/integration-test/target/test-classes/webapps/scm}
2022-09-08 01:54:31,869 [Listener at 0.0.0.0/34759] INFO  server.AbstractConnector (AbstractConnector.java:doStart(331)) - Started ServerConnector@6687c7af{HTTP/1.1, (http/1.1)}{0.0.0.0:34511}
2022-09-08 01:54:31,869 [Listener at 0.0.0.0/34759] INFO  server.Server (Server.java:doStart(415)) - Started @203432ms
2022-09-08 01:54:31,869 [Listener at 0.0.0.0/34759] WARN  impl.MetricsSystemImpl (MetricsSystemImpl.java:register(279)) - Sink prometheus already exists!
2022-09-08 01:54:31,869 [Listener at 0.0.0.0/34759] INFO  http.BaseHttpServer (BaseHttpServer.java:updateConnectorAddress(333)) - HTTP server of scm listening at http://0.0.0.0:34511
2022-09-08 01:54:31,870 [Listener at 0.0.0.0/34759] WARN  server.ServerUtils (ServerUtils.java:getDBPath(225)) - ozone.om.db.dirs is not configured. We recommend adding this setting. Falling back to ozone.metadata.dirs instead.
2022-09-08 01:54:31,883 [Listener at 0.0.0.0/34759] INFO  ha.OMHANodeDetails (OMHANodeDetails.java:loadOMHAConfig(115)) - ozone.om.internal.service.id is not defined, falling back to ozone.om.service.ids to find serviceID for OzoneManager if it is HA enabled cluster
2022-09-08 01:54:31,883 [Listener at 0.0.0.0/34759] INFO  ha.OMHANodeDetails (OMHANodeDetails.java:loadOMHAConfig(226)) - Configuration does not have ozone.om.address set. Falling back to the default OM address /127.0.0.1:0
2022-09-08 01:54:31,883 [Listener at 0.0.0.0/34759] INFO  ha.OMHANodeDetails (OMHANodeDetails.java:getOMNodeDetailsForNonHA(254)) - OM Service ID is not set. Setting it to the default ID: omServiceIdDefault
2022-09-08 01:54:31,883 [Listener at 0.0.0.0/34759] INFO  ha.OMHANodeDetails (OMHANodeDetails.java:getOMNodeDetailsForNonHA(261)) - OM Node ID is not set. Setting it to the default ID: om1
2022-09-08 01:54:31,884 [Listener at 0.0.0.0/34759] WARN  server.ServerUtils (ServerUtils.java:getDBPath(225)) - ozone.om.db.dirs is not configured. We recommend adding this setting. Falling back to ozone.metadata.dirs instead.
2022-09-08 01:54:31,884 [Listener at 0.0.0.0/34759] INFO  upgrade.AbstractLayoutVersionManager (AbstractLayoutVersionManager.java:init(83)) - Initializing Layout version manager with metadata layout = MULTITENANCY_SCHEMA (version = 3), software layout = MULTITENANCY_SCHEMA (version = 3)
2022-09-08 01:54:32,029 [Listener at 0.0.0.0/34759] INFO  reflections.Reflections (Reflections.java:scan(232)) - Reflections took 144 ms to scan 2 urls, producing 153 keys and 427 values [using 2 cores]
2022-09-08 01:54:32,029 [Listener at 0.0.0.0/34759] INFO  upgrade.OMLayoutVersionManager (OMLayoutVersionManager.java:lambda$0(115)) - Skipping Upgrade Action MockOmUpgradeAction since it has been finalized.
2022-09-08 01:54:32,030 [Listener at 0.0.0.0/34759] WARN  server.ServerUtils (ServerUtils.java:getDBPath(225)) - ozone.om.db.dirs is not configured. We recommend adding this setting. Falling back to ozone.metadata.dirs instead.
2022-09-08 01:54:32,030 [Listener at 0.0.0.0/34759] INFO  proxy.SCMBlockLocationFailoverProxyProvider (SCMBlockLocationFailoverProxyProvider.java:<init>(114)) - Created block location fail-over proxy with 1 nodes: [nodeId=scmNodeId,nodeAddress=/0.0.0.0:43225]
2022-09-08 01:54:32,031 [Listener at 0.0.0.0/34759] INFO  proxy.SCMBlockLocationFailoverProxyProvider (SCMBlockLocationFailoverProxyProvider.java:<init>(114)) - Created block location fail-over proxy with 1 nodes: [nodeId=scmNodeId,nodeAddress=/0.0.0.0:43225]
2022-09-08 01:54:32,064 [Listener at 0.0.0.0/34759] WARN  server.ServerUtils (ServerUtils.java:getDBPath(225)) - ozone.om.db.dirs is not configured. We recommend adding this setting. Falling back to ozone.metadata.dirs instead.
2022-09-08 01:54:32,064 [Listener at 0.0.0.0/34759] INFO  codec.OmKeyInfoCodec (OmKeyInfoCodec.java:<init>(49)) - OmKeyInfoCodec ignorePipeline = true
2022-09-08 01:54:32,065 [Listener at 0.0.0.0/34759] INFO  codec.RepeatedOmKeyInfoCodec (RepeatedOmKeyInfoCodec.java:<init>(41)) - RepeatedOmKeyInfoCodec ignorePipeline = true
2022-09-08 01:54:32,467 [Listener at 0.0.0.0/34759] INFO  om.OzoneManager (OzoneManager.java:instantiateServices(707)) - S3 Multi-Tenancy is disabled
2022-09-08 01:54:32,469 [Listener at 0.0.0.0/34759] INFO  om.OzoneManager (OzoneManager.java:addS3GVolumeToDB(4298)) - Created Volume s3v With Owner runner required for S3Gateway operations.
2022-09-08 01:54:32,469 [Listener at 0.0.0.0/34759] WARN  server.ServerUtils (ServerUtils.java:getDefaultRatisDirectory(237)) - Storage directory for Ratis is not configured. It is a good idea to map this to an SSD disk. Falling back to ozone.metadata.dirs
2022-09-08 01:54:32,470 [Listener at 0.0.0.0/34759] WARN  utils.OzoneManagerRatisUtils (OzoneManagerRatisUtils.java:getOMRatisSnapshotDirectory(434)) - ozone.om.ratis.snapshot.dir is not configured. Falling back to ozone.metadata.dirs config
2022-09-08 01:54:32,470 [Listener at 0.0.0.0/34759] WARN  server.ServerUtils (ServerUtils.java:getDefaultRatisDirectory(237)) - Storage directory for Ratis is not configured. It is a good idea to map this to an SSD disk. Falling back to ozone.metadata.dirs
2022-09-08 01:54:32,471 [Listener at 0.0.0.0/34759] INFO  ratis.OzoneManagerRatisServer (OzoneManagerRatisServer.java:<init>(159)) - Instantiating OM Ratis server with groupID: omServiceIdDefault and peers: localhost:9872
2022-09-08 01:54:32,472 [Listener at 0.0.0.0/34759] INFO  ratis.OzoneManagerStateMachine (OzoneManagerStateMachine.java:loadSnapshotInfoFromDB(632)) - LastAppliedIndex is set from TransactionInfo from OM DB as (t:0, i:~)
2022-09-08 01:54:32,472 [Listener at 0.0.0.0/34759] INFO  server.RaftServer (ConfUtils.java:logGet(46)) - raft.rpc.type = GRPC (default)
2022-09-08 01:54:32,472 [Listener at 0.0.0.0/34759] INFO  grpc.GrpcFactory (GrpcFactory.java:checkPooledByteBufAllocatorUseCacheForAllThreads(48)) - PERFORMANCE WARNING: useCacheForAllThreads is true that may cause Netty to create a lot garbage objects and, as a result, trigger GC.
	It is recommended to disable useCacheForAllThreads by setting -Dorg.apache.ratis.thirdparty.io.netty.allocator.useCacheForAllThreads=false in command line.
2022-09-08 01:54:32,472 [Listener at 0.0.0.0/34759] INFO  grpc.GrpcConfigKeys (ConfUtils.java:logGet(46)) - raft.grpc.admin.port = -1 (default)
2022-09-08 01:54:32,473 [Listener at 0.0.0.0/34759] INFO  grpc.GrpcConfigKeys (ConfUtils.java:logGet(46)) - raft.grpc.server.port = 9872 (custom)
2022-09-08 01:54:32,473 [Listener at 0.0.0.0/34759] INFO  grpc.GrpcConfigKeys (ConfUtils.java:logGet(46)) - raft.grpc.client.port = -1 (default)
2022-09-08 01:54:32,473 [Listener at 0.0.0.0/34759] INFO  grpc.GrpcConfigKeys (ConfUtils.java:logGet(46)) - raft.grpc.server.port = 9872 (custom)
2022-09-08 01:54:32,473 [Listener at 0.0.0.0/34759] INFO  grpc.GrpcConfigKeys (ConfUtils.java:logGet(46)) - raft.grpc.server.port = 9872 (custom)
2022-09-08 01:54:32,473 [Listener at 0.0.0.0/34759] INFO  server.GrpcService (ConfUtils.java:logGet(46)) - raft.grpc.message.size.max = 33554432 (custom)
2022-09-08 01:54:32,473 [Listener at 0.0.0.0/34759] INFO  server.RaftServerConfigKeys (ConfUtils.java:logGet(46)) - raft.server.log.appender.buffer.byte-limit = 33554432 (custom)
2022-09-08 01:54:32,473 [Listener at 0.0.0.0/34759] INFO  server.GrpcService (ConfUtils.java:logGet(46)) - raft.grpc.flow.control.window = 1MB (=1048576) (default)
2022-09-08 01:54:32,473 [Listener at 0.0.0.0/34759] INFO  server.RaftServerConfigKeys (ConfUtils.java:logGet(46)) - raft.server.rpc.request.timeout = 3000ms (default)
2022-09-08 01:54:32,473 [Listener at 0.0.0.0/34759] INFO  grpc.GrpcConfigKeys (ConfUtils.java:logGet(46)) - raft.grpc.server.async.request.thread.pool.cached = true (default)
2022-09-08 01:54:32,474 [Listener at 0.0.0.0/34759] INFO  grpc.GrpcConfigKeys (ConfUtils.java:logGet(46)) - raft.grpc.server.async.request.thread.pool.size = 32 (default)
2022-09-08 01:54:32,475 [Listener at 0.0.0.0/34759] INFO  impl.DataStreamServerImpl (ConfUtils.java:logGet(46)) - raft.datastream.type = DISABLED (default)
2022-09-08 01:54:32,475 [Listener at 0.0.0.0/34759] INFO  server.RaftServerConfigKeys (ConfUtils.java:logGet(46)) - raft.server.threadpool.proxy.cached = true (default)
2022-09-08 01:54:32,475 [Listener at 0.0.0.0/34759] INFO  server.RaftServerConfigKeys (ConfUtils.java:logGet(46)) - raft.server.threadpool.proxy.size = 0 (default)
2022-09-08 01:54:32,475 [Listener at 0.0.0.0/34759] INFO  server.RaftServerConfigKeys (ConfUtils.java:logGet(46)) - raft.server.rpc.slowness.timeout = 120s (custom)
2022-09-08 01:54:32,476 [Listener at 0.0.0.0/34759] INFO  server.RaftServerConfigKeys (ConfUtils.java:logGet(46)) - raft.server.leaderelection.leader.step-down.wait-time = 10s (default)
2022-09-08 01:54:32,476 [Listener at 0.0.0.0/34759] INFO  server.RaftServerConfigKeys (ConfUtils.java:logGet(46)) - raft.server.storage.dir = [/home/runner/work/ozone/ozone/hadoop-ozone/integration-test/target/test-dir/MiniOzoneClusterImpl-057c3a95-4ef9-4349-8946-0241b22cf071/ozone-meta/ratis] (custom)
2022-09-08 01:54:32,477 [Listener at 0.0.0.0/34759] INFO  server.RaftServer (RaftServerProxy.java:addNew(96)) - om1: addNew group-C5BA1605619E:[om1|rpc:localhost:9872|priority:0] returns group-C5BA1605619E:java.util.concurrent.CompletableFuture@47bd0384[Not completed]
2022-09-08 01:54:32,477 [Listener at 0.0.0.0/34759] INFO  om.OzoneManager (OzoneManager.java:initializeRatisServer(1973)) - OzoneManager Ratis server initialized at port 9872
2022-09-08 01:54:32,478 [Listener at 0.0.0.0/34759] INFO  om.OzoneManager (OzoneManager.java:getRpcServer(1096)) - Creating RPC Server
2022-09-08 01:54:32,491 [pool-787-thread-1] INFO  server.RaftServer$Division (RaftServerImpl.java:<init>(190)) - om1: new RaftServerImpl for group-C5BA1605619E:[om1|rpc:localhost:9872|priority:0] with OzoneManagerStateMachine:uninitialized
2022-09-08 01:54:32,491 [pool-787-thread-1] INFO  server.RaftServerConfigKeys (ConfUtils.java:logGet(46)) - raft.server.rpc.timeout.min = 1s (custom)
2022-09-08 01:54:32,491 [pool-787-thread-1] INFO  server.RaftServerConfigKeys (ConfUtils.java:logGet(46)) - raft.server.rpc.timeout.max = 1200ms (custom)
2022-09-08 01:54:32,491 [pool-787-thread-1] INFO  server.RaftServerConfigKeys (ConfUtils.java:logGet(46)) - raft.server.rpc.sleep.time = 25ms (default)
2022-09-08 01:54:32,491 [pool-787-thread-1] INFO  server.RaftServerConfigKeys (ConfUtils.java:logGet(46)) - raft.server.rpc.slowness.timeout = 120s (custom)
2022-09-08 01:54:32,491 [pool-787-thread-1] INFO  server.RaftServerConfigKeys (ConfUtils.java:logGet(46)) - raft.server.leaderelection.leader.step-down.wait-time = 10s (default)
2022-09-08 01:54:32,491 [pool-787-thread-1] INFO  server.RaftServerConfigKeys (ConfUtils.java:logGet(46)) - raft.server.sleep.deviation.threshold = 300ms (default)
2022-09-08 01:54:32,491 [pool-787-thread-1] INFO  server.RaftServer$Division (ServerState.java:<init>(107)) - om1@group-C5BA1605619E: ConfigurationManager, init=-1: [om1|rpc:localhost:9872|priority:0], old=null, confs=<EMPTY_MAP>
2022-09-08 01:54:32,491 [pool-787-thread-1] INFO  server.RaftServerConfigKeys (ConfUtils.java:logGet(46)) - raft.server.storage.dir = [/home/runner/work/ozone/ozone/hadoop-ozone/integration-test/target/test-dir/MiniOzoneClusterImpl-057c3a95-4ef9-4349-8946-0241b22cf071/ozone-meta/ratis] (custom)
2022-09-08 01:54:32,491 [pool-787-thread-1] INFO  server.RaftServerConfigKeys (ConfUtils.java:logGet(46)) - raft.server.log.corruption.policy = EXCEPTION (default)
2022-09-08 01:54:32,491 [pool-787-thread-1] INFO  server.RaftServerConfigKeys (ConfUtils.java:logGet(46)) - raft.server.storage.free-space.min = 0MB (=0) (default)
2022-09-08 01:54:32,491 [pool-787-thread-1] INFO  storage.RaftStorageDirectory (RaftStorageDirectoryImpl.java:analyzeStorage(135)) - The storage directory /home/runner/work/ozone/ozone/hadoop-ozone/integration-test/target/test-dir/MiniOzoneClusterImpl-057c3a95-4ef9-4349-8946-0241b22cf071/ozone-meta/ratis/bf265839-605b-3f16-9796-c5ba1605619e does not exist. Creating ...
2022-09-08 01:54:32,492 [pool-787-thread-1] INFO  storage.RaftStorageDirectory (RaftStorageDirectoryImpl.java:tryLock(230)) - Lock on /home/runner/work/ozone/ozone/hadoop-ozone/integration-test/target/test-dir/MiniOzoneClusterImpl-057c3a95-4ef9-4349-8946-0241b22cf071/ozone-meta/ratis/bf265839-605b-3f16-9796-c5ba1605619e/in_use.lock acquired by nodename 132736@fv-az38-857
2022-09-08 01:54:32,499 [pool-787-thread-1] INFO  storage.RaftStorage (RaftStorageImpl.java:format(89)) - Storage directory /home/runner/work/ozone/ozone/hadoop-ozone/integration-test/target/test-dir/MiniOzoneClusterImpl-057c3a95-4ef9-4349-8946-0241b22cf071/ozone-meta/ratis/bf265839-605b-3f16-9796-c5ba1605619e has been successfully formatted.
2022-09-08 01:54:32,500 [pool-787-thread-1] INFO  server.RaftServerConfigKeys (ConfUtils.java:logGet(46)) - raft.server.notification.no-leader.timeout = 120s (custom)
2022-09-08 01:54:32,500 [pool-787-thread-1] INFO  server.RaftServerConfigKeys (ConfUtils.java:logGet(46)) - raft.server.log.use.memory = false (default)
2022-09-08 01:54:32,500 [pool-787-thread-1] INFO  server.RaftServerConfigKeys (ConfUtils.java:logGet(46)) - raft.server.log.purge.gap = 1000000 (custom)
2022-09-08 01:54:32,500 [pool-787-thread-1] INFO  server.RaftServerConfigKeys (ConfUtils.java:logGet(46)) - raft.server.log.appender.buffer.byte-limit = 33554432 (custom)
2022-09-08 01:54:32,500 [pool-787-thread-1] INFO  server.RaftServerConfigKeys (ConfUtils.java:logGet(46)) - raft.server.log.statemachine.data.read.timeout = 1000ms (default)
2022-09-08 01:54:32,500 [pool-787-thread-1] INFO  server.RaftServerConfigKeys (ConfUtils.java:logGet(46)) - raft.server.log.segment.size.max = 4194304 (custom)
2022-09-08 01:54:32,501 [pool-787-thread-1] INFO  server.RaftServerConfigKeys (ConfUtils.java:logGet(46)) - raft.server.log.segment.cache.num.max = 2 (custom)
2022-09-08 01:54:32,501 [pool-787-thread-1] INFO  server.RaftServerConfigKeys (ConfUtils.java:logGet(46)) - raft.server.log.segment.cache.size.max = 200MB (=209715200) (default)
2022-09-08 01:54:32,501 [pool-787-thread-1] INFO  segmented.SegmentedRaftLogWorker (SegmentedRaftLogWorker.java:<init>(187)) - new om1@group-C5BA1605619E-SegmentedRaftLogWorker for RaftStorageImpl:Storage Directory /home/runner/work/ozone/ozone/hadoop-ozone/integration-test/target/test-dir/MiniOzoneClusterImpl-057c3a95-4ef9-4349-8946-0241b22cf071/ozone-meta/ratis/bf265839-605b-3f16-9796-c5ba1605619e
2022-09-08 01:54:32,501 [pool-787-thread-1] INFO  server.RaftServerConfigKeys (ConfUtils.java:logGet(46)) - raft.server.log.queue.byte-limit = 64MB (=67108864) (default)
2022-09-08 01:54:32,501 [pool-787-thread-1] INFO  server.RaftServerConfigKeys (ConfUtils.java:logGet(46)) - raft.server.log.queue.element-limit = 4096 (default)
2022-09-08 01:54:32,501 [pool-787-thread-1] INFO  server.RaftServerConfigKeys (ConfUtils.java:logGet(46)) - raft.server.log.segment.size.max = 4194304 (custom)
2022-09-08 01:54:32,501 [pool-787-thread-1] INFO  server.RaftServerConfigKeys (ConfUtils.java:logGet(46)) - raft.server.log.preallocated.size = 4194304 (custom)
2022-09-08 01:54:32,501 [pool-787-thread-1] INFO  server.RaftServerConfigKeys (ConfUtils.java:logGet(46)) - raft.server.log.force.sync.num = 128 (default)
2022-09-08 01:54:32,501 [pool-787-thread-1] INFO  server.RaftServerConfigKeys (ConfUtils.java:logGet(46)) - raft.server.log.statemachine.data.sync = true (default)
2022-09-08 01:54:32,501 [pool-787-thread-1] INFO  server.RaftServerConfigKeys (ConfUtils.java:logGet(46)) - raft.server.log.statemachine.data.sync.timeout = 10s (default)
2022-09-08 01:54:32,501 [pool-787-thread-1] INFO  server.RaftServerConfigKeys (ConfUtils.java:logGet(46)) - raft.server.log.statemachine.data.sync.timeout.retry = -1 (default)
2022-09-08 01:54:32,505 [pool-787-thread-1] INFO  server.RaftServerConfigKeys (ConfUtils.java:logGet(46)) - raft.server.log.write.buffer.size = 64KB (=65536) (default)
2022-09-08 01:54:32,506 [pool-787-thread-1] INFO  server.RaftServerConfigKeys (ConfUtils.java:logGet(46)) - raft.server.log.unsafe-flush.enabled = false (default)
2022-09-08 01:54:32,506 [pool-787-thread-1] INFO  server.RaftServerConfigKeys (ConfUtils.java:logGet(46)) - raft.server.log.statemachine.data.caching.enabled = false (default)
2022-09-08 01:54:32,506 [pool-787-thread-1] INFO  segmented.SegmentedRaftLogWorker (SegmentedRaftLogWorker.java:lambda$new$0(135)) - om1@group-C5BA1605619E-SegmentedRaftLogWorker: flushIndex: setUnconditionally 0 -> -1
2022-09-08 01:54:32,506 [pool-787-thread-1] INFO  segmented.SegmentedRaftLogWorker (SegmentedRaftLogWorker.java:lambda$new$0(135)) - om1@group-C5BA1605619E-SegmentedRaftLogWorker: safeCacheEvictIndex: setUnconditionally 0 -> -1
2022-09-08 01:54:32,512 [pool-787-thread-1] INFO  server.RaftServerConfigKeys (ConfUtils.java:logGet(46)) - raft.server.snapshot.auto.trigger.enabled = true (custom)
2022-09-08 01:54:32,513 [pool-787-thread-1] INFO  server.RaftServerConfigKeys (ConfUtils.java:logGet(46)) - raft.server.snapshot.auto.trigger.threshold = 400000 (default)
2022-09-08 01:54:32,513 [pool-787-thread-1] INFO  server.RaftServerConfigKeys (ConfUtils.java:logGet(46)) - raft.server.snapshot.retention.file.num = -1 (default)
2022-09-08 01:54:32,513 [pool-787-thread-1] INFO  server.RaftServerConfigKeys (ConfUtils.java:logGet(46)) - raft.server.log.purge.upto.snapshot.index = true (custom)
2022-09-08 01:54:32,513 [pool-787-thread-1] INFO  server.RaftServerConfigKeys (ConfUtils.java:logGet(46)) - raft.server.retrycache.expirytime = 300s (custom)
2022-09-08 01:54:32,513 [pool-787-thread-1] INFO  server.RaftServerConfigKeys (ConfUtils.java:logGet(46)) - raft.server.retrycache.statistics.expirytime = 100μs (default)
2022-09-08 01:54:32,514 [pool-787-thread-1] INFO  server.RaftServerConfigKeys (ConfUtils.java:logGet(46)) - raft.server.log.appender.install.snapshot.enabled = false (custom)
2022-09-08 01:54:32,514 [pool-787-thread-1] INFO  server.RaftServerConfigKeys (ConfUtils.java:logGet(46)) - raft.server.threadpool.server.cached = true (default)
2022-09-08 01:54:32,514 [pool-787-thread-1] INFO  server.RaftServerConfigKeys (ConfUtils.java:logGet(46)) - raft.server.threadpool.server.size = 0 (default)
2022-09-08 01:54:32,514 [pool-787-thread-1] INFO  server.RaftServerConfigKeys (ConfUtils.java:logGet(46)) - raft.server.threadpool.client.cached = true (default)
2022-09-08 01:54:32,514 [pool-787-thread-1] INFO  server.RaftServerConfigKeys (ConfUtils.java:logGet(46)) - raft.server.threadpool.client.size = 0 (default)
2022-09-08 01:54:33,099 [UnderReplicatedQueueThreadThread] INFO  replication.UnderReplicatedProcessor (UnderReplicatedProcessor.java:processAll(85)) - Processed 0 under replicated containers, failed processing 0
2022-09-08 01:54:33,107 [OverReplicatedQueueThreadThread] INFO  replication.OverReplicatedProcessor (OverReplicatedProcessor.java:processAll(83)) - Processed 0 over replicated containers, failed processing 0
2022-09-08 01:54:33,308 [Listener at 0.0.0.0/34759] INFO  reflections.Reflections (Reflections.java:scan(232)) - Reflections took 829 ms to scan 19 urls, producing 67 keys and 4167 values [using 2 cores]
2022-09-08 01:54:33,310 [Listener at 0.0.0.0/34759] INFO  ipc.CallQueueManager (CallQueueManager.java:<init>(90)) - Using callQueue: class java.util.concurrent.LinkedBlockingQueue, queueCapacity: 2000, scheduler: class org.apache.hadoop.ipc.DefaultRpcScheduler, ipcBackoff: false.
2022-09-08 01:54:33,318 [Socket Reader #1 for port 0] INFO  ipc.Server (Server.java:run(1265)) - Starting Socket Reader #1 for port 0
2022-09-08 01:54:33,357 [Listener at 127.0.0.1/36097] INFO  impl.MetricsSystemImpl (MetricsSystemImpl.java:init(158)) - OzoneManager metrics system started (again)
2022-09-08 01:54:33,366 [Listener at 127.0.0.1/36097] INFO  om.OzoneManager (OzoneManager.java:start(1480)) - OzoneManager RPC server is listening at localhost/127.0.0.1:36097
2022-09-08 01:54:33,367 [Listener at 127.0.0.1/36097] INFO  ratis.OzoneManagerRatisServer (OzoneManagerRatisServer.java:start(554)) - Starting OzoneManagerRatisServer om1 at port 9872
2022-09-08 01:54:33,367 [om1-impl-thread1] INFO  server.RaftServer$Division (RaftServerImpl.java:start(310)) - om1@group-C5BA1605619E: start as a follower, conf=-1: [om1|rpc:localhost:9872|priority:0], old=null
2022-09-08 01:54:33,367 [om1-impl-thread1] INFO  server.RaftServer$Division (RaftServerImpl.java:setRole(299)) - om1@group-C5BA1605619E: changes role from      null to FOLLOWER at term 0 for startAsFollower
2022-09-08 01:54:33,367 [om1-impl-thread1] INFO  impl.RoleInfo (RoleInfo.java:updateAndGet(139)) - om1: start om1@group-C5BA1605619E-FollowerState
2022-09-08 01:54:33,389 [om1-impl-thread1] INFO  util.JmxRegister (JmxRegister.java:tryRegister(44)) - Successfully registered JMX Bean with object name Ratis:service=RaftServer,group=group-C5BA1605619E,id=om1
2022-09-08 01:54:33,401 [Listener at 127.0.0.1/36097] INFO  server.RaftServer (RaftServerProxy.java:lambda$start$6(382)) - om1: start RPC server
2022-09-08 01:54:33,445 [Listener at 127.0.0.1/36097] INFO  server.GrpcService (GrpcService.java:startImpl(260)) - om1: GrpcService started, listening on 9872
2022-09-08 01:54:33,449 [Listener at 127.0.0.1/36097] INFO  om.OzoneManager (OzoneManager.java:start(1496)) - Version File has different layout version (3) than OM DB (null). That is expected if this OM has never been finalized to a newer layout version.
2022-09-08 01:54:33,461 [org.apache.ratis.util.JvmPauseMonitor$$Lambda$687/845490267@73328c29] INFO  util.JvmPauseMonitor (JvmPauseMonitor.java:run(103)) - JvmPauseMonitor-om1: Started
2022-09-08 01:54:33,477 [Listener at 127.0.0.1/36097] INFO  http.BaseHttpServer (BaseHttpServer.java:newHttpServer2BuilderForOzone(213)) - Starting Web-server for ozoneManager at: http://0.0.0.0:0
2022-09-08 01:54:33,477 [Listener at 127.0.0.1/36097] INFO  http.BaseHttpServer (BaseHttpServer.java:<init>(108)) - Hadoop Security Enabled: false Ozone Security Enabled: false Ozone HTTP Security Enabled: false 
2022-09-08 01:54:33,478 [Listener at 127.0.0.1/36097] INFO  server.AuthenticationFilter (AuthenticationFilter.java:constructSecretProvider(240)) - Unable to initialize FileSignerSecretProvider, falling back to use random secrets.
2022-09-08 01:54:33,484 [Listener at 127.0.0.1/36097] WARN  http.HttpRequestLog (HttpRequestLog.java:getRequestLog(103)) - Jetty request log can only be enabled using Log4j
2022-09-08 01:54:33,485 [Listener at 127.0.0.1/36097] INFO  http.HttpServer2 (HttpServer2.java:addGlobalFilter(1029)) - Added global filter 'safety' (class=org.apache.hadoop.hdds.server.http.HttpServer2$QuotingInputFilter)
2022-09-08 01:54:33,486 [Listener at 127.0.0.1/36097] INFO  http.HttpServer2 (HttpServer2.java:addFilter(1005)) - Added filter static_user_filter (class=org.apache.hadoop.http.lib.StaticUserWebFilter$StaticUserFilter) to context ozoneManager
2022-09-08 01:54:33,486 [Listener at 127.0.0.1/36097] INFO  http.HttpServer2 (HttpServer2.java:addFilter(1013)) - Added filter static_user_filter (class=org.apache.hadoop.http.lib.StaticUserWebFilter$StaticUserFilter) to context static
2022-09-08 01:54:33,486 [Listener at 127.0.0.1/36097] INFO  http.HttpServer2 (HttpServer2.java:addFilter(1013)) - Added filter static_user_filter (class=org.apache.hadoop.http.lib.StaticUserWebFilter$StaticUserFilter) to context logs
2022-09-08 01:54:33,486 [Listener at 127.0.0.1/36097] INFO  http.HttpServer2 (HttpServer2.java:bindListener(1248)) - Jetty bound to port 34729
2022-09-08 01:54:33,486 [Listener at 127.0.0.1/36097] INFO  server.Server (Server.java:doStart(375)) - jetty-9.4.43.v20210629; built: 2021-06-30T11:07:22.254Z; git: 526006ecfa3af7f1a27ef3a288e2bef7ea9dd7e8; jvm 1.8.0_345-b01
2022-09-08 01:54:33,529 [Listener at 127.0.0.1/36097] INFO  server.session (DefaultSessionIdManager.java:doStart(334)) - DefaultSessionIdManager workerName=node0
2022-09-08 01:54:33,529 [Listener at 127.0.0.1/36097] INFO  server.session (DefaultSessionIdManager.java:doStart(339)) - No SessionScavenger set, using defaults
2022-09-08 01:54:33,529 [Listener at 127.0.0.1/36097] INFO  server.session (HouseKeeper.java:startScavenging(132)) - node0 Scavenging every 600000ms
2022-09-08 01:54:33,530 [Listener at 127.0.0.1/36097] INFO  handler.ContextHandler (ContextHandler.java:doStart(915)) - Started o.e.j.s.ServletContextHandler@10e867cd{logs,/logs,file:///home/runner/work/ozone/ozone/hadoop-ozone/integration-test/target/log,AVAILABLE}
2022-09-08 01:54:33,530 [Listener at 127.0.0.1/36097] INFO  handler.ContextHandler (ContextHandler.java:doStart(915)) - Started o.e.j.s.ServletContextHandler@3332ad70{static,/static,file:///home/runner/work/ozone/ozone/hadoop-ozone/integration-test/target/test-classes/webapps/static,AVAILABLE}
2022-09-08 01:54:33,533 [Listener at 127.0.0.1/36097] INFO  handler.ContextHandler (ContextHandler.java:doStart(915)) - Started o.e.j.w.WebAppContext@2a9c29ba{ozoneManager,/,file:///home/runner/work/ozone/ozone/hadoop-ozone/integration-test/target/test-classes/webapps/ozoneManager/,AVAILABLE}{file:/home/runner/work/ozone/ozone/hadoop-ozone/integration-test/target/test-classes/webapps/ozoneManager}
2022-09-08 01:54:33,540 [Listener at 127.0.0.1/36097] INFO  server.AbstractConnector (AbstractConnector.java:doStart(331)) - Started ServerConnector@71c24598{HTTP/1.1, (http/1.1)}{0.0.0.0:34729}
2022-09-08 01:54:33,541 [Listener at 127.0.0.1/36097] INFO  server.Server (Server.java:doStart(415)) - Started @205104ms
2022-09-08 01:54:33,541 [Listener at 127.0.0.1/36097] WARN  impl.MetricsSystemImpl (MetricsSystemImpl.java:register(279)) - Sink prometheus already exists!
2022-09-08 01:54:33,541 [Listener at 127.0.0.1/36097] INFO  http.BaseHttpServer (BaseHttpServer.java:updateConnectorAddress(333)) - HTTP server of ozoneManager listening at http://0.0.0.0:34729
2022-09-08 01:54:33,541 [IPC Server Responder] INFO  ipc.Server (Server.java:run(1507)) - IPC Server Responder: starting
2022-09-08 01:54:33,542 [IPC Server listener on 0] INFO  ipc.Server (Server.java:run(1344)) - IPC Server listener on 0: starting
2022-09-08 01:54:33,547 [Listener at 127.0.0.1/36097] INFO  om.OzoneManager (OzoneManager.java:startTrashEmptier(1917)) - Trash Interval set to 0. Files deleted won't move to trash
2022-09-08 01:54:33,572 [org.apache.hadoop.util.JvmPauseMonitor$Monitor@190258cc] INFO  util.JvmPauseMonitor (JvmPauseMonitor.java:run(188)) - Starting JVM pause monitor
2022-09-08 01:54:33,584 [Listener at 127.0.0.1/36097] WARN  impl.MetricRegistriesImpl (MetricRegistriesImpl.java:addReporterRegistration(111)) - New reporters are added after registries were created. Some metrics will be missing from the reporter. Please add reporter before adding any new registry.
2022-09-08 01:54:33,584 [Listener at 127.0.0.1/36097] WARN  impl.MetricRegistriesImpl (MetricRegistriesImpl.java:addReporterRegistration(111)) - New reporters are added after registries were created. Some metrics will be missing from the reporter. Please add reporter before adding any new registry.
2022-09-08 01:54:33,584 [Listener at 127.0.0.1/36097] INFO  impl.MetricsSystemImpl (MetricsSystemImpl.java:init(158)) - HddsDatanode metrics system started (again)
2022-09-08 01:54:33,625 [Listener at 127.0.0.1/36097] INFO  ozone.HddsDatanodeService (HddsDatanodeService.java:start(236)) - HddsDatanodeService host:fv-az38-857.qiceih3q1hfe5a3ai3y3qk2fta.cx.internal.cloudapp.net ip:10.1.1.0
2022-09-08 01:54:33,695 [Listener at 127.0.0.1/36097] INFO  upgrade.AbstractLayoutVersionManager (AbstractLayoutVersionManager.java:init(83)) - Initializing Layout version manager with metadata layout = DATANODE_SCHEMA_V3 (version = 4), software layout = DATANODE_SCHEMA_V3 (version = 4)
2022-09-08 01:54:33,776 [Listener at 127.0.0.1/36097] INFO  reflections.Reflections (Reflections.java:scan(232)) - Reflections took 80 ms to scan 7 urls, producing 133 keys and 322 values 
2022-09-08 01:54:33,777 [Listener at 127.0.0.1/36097] INFO  statemachine.DatanodeStateMachine (DatanodeStateMachine.java:getEndPointTaskThreadPoolSize(237)) - Datanode State Machine Task Thread Pool size 2
2022-09-08 01:54:33,779 [Listener at 127.0.0.1/36097] INFO  volume.HddsVolume (HddsVolume.java:<init>(117)) - Creating HddsVolume: /home/runner/work/ozone/ozone/hadoop-ozone/integration-test/target/test-dir/MiniOzoneClusterImpl-057c3a95-4ef9-4349-8946-0241b22cf071/datanode-0/data-0/containers/hdds of storage type : DISK capacity : 9223372036854775807
2022-09-08 01:54:33,779 [Listener at 127.0.0.1/36097] INFO  volume.MutableVolumeSet (MutableVolumeSet.java:initializeVolumeSet(174)) - Added Volume : /home/runner/work/ozone/ozone/hadoop-ozone/integration-test/target/test-dir/MiniOzoneClusterImpl-057c3a95-4ef9-4349-8946-0241b22cf071/datanode-0/data-0/containers/hdds to VolumeSet
2022-09-08 01:54:33,779 [Listener at 127.0.0.1/36097] INFO  volume.ThrottledAsyncChecker (ThrottledAsyncChecker.java:schedule(141)) - Scheduling a check for /home/runner/work/ozone/ozone/hadoop-ozone/integration-test/target/test-dir/MiniOzoneClusterImpl-057c3a95-4ef9-4349-8946-0241b22cf071/datanode-0/data-0/containers/hdds
2022-09-08 01:54:33,780 [Listener at 127.0.0.1/36097] INFO  volume.StorageVolumeChecker (StorageVolumeChecker.java:checkAllVolumes(202)) - Scheduled health check for volume /home/runner/work/ozone/ozone/hadoop-ozone/integration-test/target/test-dir/MiniOzoneClusterImpl-057c3a95-4ef9-4349-8946-0241b22cf071/datanode-0/data-0/containers/hdds
2022-09-08 01:54:33,792 [Listener at 127.0.0.1/36097] INFO  volume.MutableVolumeSet (MutableVolumeSet.java:initializeVolumeSet(174)) - Added Volume : /home/runner/work/ozone/ozone/hadoop-ozone/integration-test/target/test-dir/MiniOzoneClusterImpl-057c3a95-4ef9-4349-8946-0241b22cf071/datanode-0/data/ratis to VolumeSet
2022-09-08 01:54:33,792 [Listener at 127.0.0.1/36097] INFO  volume.ThrottledAsyncChecker (ThrottledAsyncChecker.java:schedule(141)) - Scheduling a check for /home/runner/work/ozone/ozone/hadoop-ozone/integration-test/target/test-dir/MiniOzoneClusterImpl-057c3a95-4ef9-4349-8946-0241b22cf071/datanode-0/data/ratis
2022-09-08 01:54:33,792 [Listener at 127.0.0.1/36097] INFO  volume.StorageVolumeChecker (StorageVolumeChecker.java:checkAllVolumes(202)) - Scheduled health check for volume /home/runner/work/ozone/ozone/hadoop-ozone/integration-test/target/test-dir/MiniOzoneClusterImpl-057c3a95-4ef9-4349-8946-0241b22cf071/datanode-0/data/ratis
2022-09-08 01:54:33,802 [Thread-1514] INFO  ozoneimpl.ContainerReader (ContainerReader.java:readVolume(175)) - Finish verifying containers on volume /home/runner/work/ozone/ozone/hadoop-ozone/integration-test/target/test-dir/MiniOzoneClusterImpl-057c3a95-4ef9-4349-8946-0241b22cf071/datanode-0/data-0/containers/hdds
2022-09-08 01:54:33,802 [Listener at 127.0.0.1/36097] INFO  ozoneimpl.OzoneContainer (OzoneContainer.java:buildContainerSet(300)) - Build ContainerSet costs 0s
2022-09-08 01:54:33,804 [Listener at 127.0.0.1/36097] INFO  server.RaftServer (ConfUtils.java:logGet(46)) - raft.rpc.type = GRPC (default)
2022-09-08 01:54:33,805 [Listener at 127.0.0.1/36097] INFO  grpc.GrpcFactory (GrpcFactory.java:checkPooledByteBufAllocatorUseCacheForAllThreads(48)) - PERFORMANCE WARNING: useCacheForAllThreads is true that may cause Netty to create a lot garbage objects and, as a result, trigger GC.
	It is recommended to disable useCacheForAllThreads by setting -Dorg.apache.ratis.thirdparty.io.netty.allocator.useCacheForAllThreads=false in command line.
2022-09-08 01:54:33,805 [Listener at 127.0.0.1/36097] INFO  grpc.GrpcConfigKeys (ConfUtils.java:logGet(46)) - raft.grpc.admin.port = 0 (custom)
2022-09-08 01:54:33,805 [Listener at 127.0.0.1/36097] INFO  grpc.GrpcConfigKeys (ConfUtils.java:logGet(46)) - raft.grpc.client.port = 0 (custom)
2022-09-08 01:54:33,805 [Listener at 127.0.0.1/36097] INFO  grpc.GrpcConfigKeys (ConfUtils.java:logGet(46)) - raft.grpc.server.port = 0 (default)
2022-09-08 01:54:33,805 [Listener at 127.0.0.1/36097] INFO  server.GrpcService (ConfUtils.java:logGet(46)) - raft.grpc.message.size.max = 32MB (=33554432) (custom)
2022-09-08 01:54:33,805 [Listener at 127.0.0.1/36097] INFO  server.RaftServerConfigKeys (ConfUtils.java:logGet(46)) - raft.server.log.appender.buffer.byte-limit = 33554432 (custom)
2022-09-08 01:54:33,805 [Listener at 127.0.0.1/36097] INFO  server.GrpcService (ConfUtils.java:logGet(46)) - raft.grpc.flow.control.window = 5MB (=5242880) (custom)
2022-09-08 01:54:33,805 [Listener at 127.0.0.1/36097] INFO  server.RaftServerConfigKeys (ConfUtils.java:logGet(46)) - raft.server.rpc.request.timeout = 60s (custom)
2022-09-08 01:54:33,805 [Listener at 127.0.0.1/36097] INFO  grpc.GrpcConfigKeys (ConfUtils.java:logGet(46)) - raft.grpc.server.async.request.thread.pool.cached = true (default)
2022-09-08 01:54:33,805 [Listener at 127.0.0.1/36097] INFO  grpc.GrpcConfigKeys (ConfUtils.java:logGet(46)) - raft.grpc.server.async.request.thread.pool.size = 32 (default)
2022-09-08 01:54:33,806 [Listener at 127.0.0.1/36097] INFO  impl.DataStreamServerImpl (ConfUtils.java:logGet(46)) - raft.datastream.type = DISABLED (default)
2022-09-08 01:54:33,807 [Listener at 127.0.0.1/36097] INFO  server.RaftServerConfigKeys (ConfUtils.java:logGet(46)) - raft.server.threadpool.proxy.cached = true (default)
2022-09-08 01:54:33,807 [Listener at 127.0.0.1/36097] INFO  server.RaftServerConfigKeys (ConfUtils.java:logGet(46)) - raft.server.threadpool.proxy.size = 0 (default)
2022-09-08 01:54:33,807 [Listener at 127.0.0.1/36097] INFO  server.RaftServerConfigKeys (ConfUtils.java:logGet(46)) - raft.server.rpc.slowness.timeout = 300s (custom)
2022-09-08 01:54:33,807 [Listener at 127.0.0.1/36097] INFO  server.RaftServerConfigKeys (ConfUtils.java:logGet(46)) - raft.server.leaderelection.leader.step-down.wait-time = 10s (default)
2022-09-08 01:54:33,807 [Listener at 127.0.0.1/36097] INFO  server.RaftServerConfigKeys (ConfUtils.java:logGet(46)) - raft.server.storage.dir = [/home/runner/work/ozone/ozone/hadoop-ozone/integration-test/target/test-dir/MiniOzoneClusterImpl-057c3a95-4ef9-4349-8946-0241b22cf071/datanode-0/data/ratis] (custom)
2022-09-08 01:54:33,813 [Listener at 127.0.0.1/36097] INFO  server.XceiverServerGrpc (XceiverServerGrpc.java:<init>(132)) - GrpcServer channel type EpollServerSocketChannel
2022-09-08 01:54:33,816 [Listener at 127.0.0.1/36097] INFO  http.BaseHttpServer (BaseHttpServer.java:newHttpServer2BuilderForOzone(213)) - Starting Web-server for hddsDatanode at: http://0.0.0.0:0
2022-09-08 01:54:33,816 [Listener at 127.0.0.1/36097] INFO  http.BaseHttpServer (BaseHttpServer.java:<init>(108)) - Hadoop Security Enabled: false Ozone Security Enabled: false Ozone HTTP Security Enabled: false 
2022-09-08 01:54:33,821 [Listener at 127.0.0.1/36097] INFO  server.AuthenticationFilter (AuthenticationFilter.java:constructSecretProvider(240)) - Unable to initialize FileSignerSecretProvider, falling back to use random secrets.
2022-09-08 01:54:33,851 [Listener at 127.0.0.1/36097] WARN  http.HttpRequestLog (HttpRequestLog.java:getRequestLog(103)) - Jetty request log can only be enabled using Log4j
2022-09-08 01:54:33,852 [Listener at 127.0.0.1/36097] INFO  http.HttpServer2 (HttpServer2.java:addGlobalFilter(1029)) - Added global filter 'safety' (class=org.apache.hadoop.hdds.server.http.HttpServer2$QuotingInputFilter)
2022-09-08 01:54:33,852 [Listener at 127.0.0.1/36097] INFO  http.HttpServer2 (HttpServer2.java:addFilter(1005)) - Added filter static_user_filter (class=org.apache.hadoop.http.lib.StaticUserWebFilter$StaticUserFilter) to context hddsDatanode
2022-09-08 01:54:33,852 [Listener at 127.0.0.1/36097] INFO  http.HttpServer2 (HttpServer2.java:addFilter(1013)) - Added filter static_user_filter (class=org.apache.hadoop.http.lib.StaticUserWebFilter$StaticUserFilter) to context logs
2022-09-08 01:54:33,853 [Listener at 127.0.0.1/36097] INFO  http.HttpServer2 (HttpServer2.java:addFilter(1013)) - Added filter static_user_filter (class=org.apache.hadoop.http.lib.StaticUserWebFilter$StaticUserFilter) to context static
2022-09-08 01:54:33,853 [Listener at 127.0.0.1/36097] INFO  http.HttpServer2 (HttpServer2.java:bindListener(1248)) - Jetty bound to port 44481
2022-09-08 01:54:33,854 [Listener at 127.0.0.1/36097] INFO  server.Server (Server.java:doStart(375)) - jetty-9.4.43.v20210629; built: 2021-06-30T11:07:22.254Z; git: 526006ecfa3af7f1a27ef3a288e2bef7ea9dd7e8; jvm 1.8.0_345-b01
2022-09-08 01:54:33,868 [Listener at 127.0.0.1/36097] INFO  server.session (DefaultSessionIdManager.java:doStart(334)) - DefaultSessionIdManager workerName=node0
2022-09-08 01:54:33,868 [Listener at 127.0.0.1/36097] INFO  server.session (DefaultSessionIdManager.java:doStart(339)) - No SessionScavenger set, using defaults
2022-09-08 01:54:33,868 [Listener at 127.0.0.1/36097] INFO  server.session (HouseKeeper.java:startScavenging(132)) - node0 Scavenging every 660000ms
2022-09-08 01:54:33,869 [Listener at 127.0.0.1/36097] INFO  handler.ContextHandler (ContextHandler.java:doStart(915)) - Started o.e.j.s.ServletContextHandler@2bc0ea42{logs,/logs,file:///home/runner/work/ozone/ozone/hadoop-ozone/integration-test/target/log,AVAILABLE}
2022-09-08 01:54:33,869 [Listener at 127.0.0.1/36097] INFO  handler.ContextHandler (ContextHandler.java:doStart(915)) - Started o.e.j.s.ServletContextHandler@20b60f8c{static,/static,jar:file:/home/runner/.m2/repository/org/apache/ozone/hdds-container-service/1.3.0-SNAPSHOT/hdds-container-service-1.3.0-SNAPSHOT.jar!/webapps/static,AVAILABLE}
2022-09-08 01:54:34,466 [Listener at 127.0.0.1/36097] INFO  handler.ContextHandler (ContextHandler.java:doStart(915)) - Started o.e.j.w.WebAppContext@62c1a0da{hddsDatanode,/,file:///tmp/jetty-0_0_0_0-44481-hdds-container-service-1_3_0-SNAPSHOT_jar-_-any-8450346445519012312/webapp/,AVAILABLE}{jar:file:/home/runner/.m2/repository/org/apache/ozone/hdds-container-service/1.3.0-SNAPSHOT/hdds-container-service-1.3.0-SNAPSHOT.jar!/webapps/hddsDatanode}
2022-09-08 01:54:34,483 [Listener at 127.0.0.1/36097] INFO  server.AbstractConnector (AbstractConnector.java:doStart(331)) - Started ServerConnector@7abdb7cf{HTTP/1.1, (http/1.1)}{0.0.0.0:44481}
2022-09-08 01:54:34,483 [Listener at 127.0.0.1/36097] INFO  server.Server (Server.java:doStart(415)) - Started @206047ms
2022-09-08 01:54:34,483 [Listener at 127.0.0.1/36097] WARN  impl.MetricsSystemImpl (MetricsSystemImpl.java:register(279)) - Sink prometheus already exists!
2022-09-08 01:54:34,484 [Listener at 127.0.0.1/36097] INFO  http.BaseHttpServer (BaseHttpServer.java:updateConnectorAddress(333)) - HTTP server of hddsDatanode listening at http://0.0.0.0:44481
2022-09-08 01:54:34,489 [Listener at 127.0.0.1/36097] WARN  impl.MetricRegistriesImpl (MetricRegistriesImpl.java:addReporterRegistration(111)) - New reporters are added after registries were created. Some metrics will be missing from the reporter. Please add reporter before adding any new registry.
2022-09-08 01:54:34,489 [Listener at 127.0.0.1/36097] WARN  impl.MetricRegistriesImpl (MetricRegistriesImpl.java:addReporterRegistration(111)) - New reporters are added after registries were created. Some metrics will be missing from the reporter. Please add reporter before adding any new registry.
2022-09-08 01:54:34,490 [Listener at 127.0.0.1/36097] INFO  impl.MetricsSystemImpl (MetricsSystemImpl.java:init(158)) - HddsDatanode metrics system started (again)
2022-09-08 01:54:34,493 [Datanode State Machine Daemon Thread] INFO  statemachine.DatanodeStateMachine (DatanodeStateMachine.java:lambda$startDaemon$0(492)) - Ozone container server started.
2022-09-08 01:54:34,528 [om1@group-C5BA1605619E-FollowerState] INFO  impl.FollowerState (FollowerState.java:run(143)) - om1@group-C5BA1605619E-FollowerState: change to CANDIDATE, lastRpcElapsedTime:1161025938ns, electionTimeout:1132ms
2022-09-08 01:54:34,528 [om1@group-C5BA1605619E-FollowerState] INFO  impl.RoleInfo (RoleInfo.java:shutdownFollowerState(110)) - om1: shutdown om1@group-C5BA1605619E-FollowerState
2022-09-08 01:54:34,528 [om1@group-C5BA1605619E-FollowerState] INFO  server.RaftServer$Division (RaftServerImpl.java:setRole(299)) - om1@group-C5BA1605619E: changes role from  FOLLOWER to CANDIDATE at term 0 for changeToCandidate
2022-09-08 01:54:34,528 [om1@group-C5BA1605619E-FollowerState] INFO  server.RaftServerConfigKeys (ConfUtils.java:logGet(46)) - raft.server.leaderelection.pre-vote = false (custom)
2022-09-08 01:54:34,528 [om1@group-C5BA1605619E-FollowerState] INFO  impl.RoleInfo (RoleInfo.java:updateAndGet(139)) - om1: start om1@group-C5BA1605619E-LeaderElection61
2022-09-08 01:54:34,558 [Listener at 127.0.0.1/36097] INFO  ozone.HddsDatanodeService (HddsDatanodeService.java:start(236)) - HddsDatanodeService host:fv-az38-857.qiceih3q1hfe5a3ai3y3qk2fta.cx.internal.cloudapp.net ip:10.1.1.0
2022-09-08 01:54:34,581 [om1@group-C5BA1605619E-LeaderElection61] INFO  impl.LeaderElection (LeaderElection.java:askForVotes(310)) - om1@group-C5BA1605619E-LeaderElection61 ELECTION round 0: submit vote requests at term 1 for -1: [om1|rpc:localhost:9872|priority:0], old=null
2022-09-08 01:54:34,581 [om1@group-C5BA1605619E-LeaderElection61] INFO  impl.LeaderElection (LeaderElection.java:askForVotes(312)) - om1@group-C5BA1605619E-LeaderElection61 ELECTION round 0: result PASSED (term=1)
2022-09-08 01:54:34,581 [om1@group-C5BA1605619E-LeaderElection61] INFO  impl.RoleInfo (RoleInfo.java:shutdownLeaderElection(130)) - om1: shutdown om1@group-C5BA1605619E-LeaderElection61
2022-09-08 01:54:34,582 [om1@group-C5BA1605619E-LeaderElection61] INFO  server.RaftServer$Division (RaftServerImpl.java:setRole(299)) - om1@group-C5BA1605619E: changes role from CANDIDATE to LEADER at term 1 for changeToLeader
2022-09-08 01:54:34,582 [om1@group-C5BA1605619E-LeaderElection61] INFO  server.RaftServer$Division (ServerState.java:setLeader(287)) - om1@group-C5BA1605619E: change Leader from null to om1 at term 1 for becomeLeader, leader elected after 2082ms
2022-09-08 01:54:34,582 [om1@group-C5BA1605619E-LeaderElection61] INFO  server.RaftServerConfigKeys (ConfUtils.java:logGet(46)) - raft.server.staging.catchup.gap = 1000 (default)
2022-09-08 01:54:34,582 [om1@group-C5BA1605619E-LeaderElection61] INFO  server.RaftServerConfigKeys (ConfUtils.java:logGet(46)) - raft.server.write.element-limit = 4096 (default)
2022-09-08 01:54:34,582 [om1@group-C5BA1605619E-LeaderElection61] INFO  server.RaftServerConfigKeys (ConfUtils.java:logGet(46)) - raft.server.write.byte-limit = 64MB (=67108864) (default)
2022-09-08 01:54:34,582 [om1@group-C5BA1605619E-LeaderElection61] INFO  server.RaftServerConfigKeys (ConfUtils.java:logGet(46)) - raft.server.watch.timeout = 10s (default)
2022-09-08 01:54:34,582 [om1@group-C5BA1605619E-LeaderElection61] INFO  server.RaftServerConfigKeys (ConfUtils.java:logGet(46)) - raft.server.watch.timeout.denomination = 1s (default)
2022-09-08 01:54:34,582 [om1@group-C5BA1605619E-LeaderElection61] INFO  server.RaftServerConfigKeys (ConfUtils.java:logGet(46)) - raft.server.watch.element-limit = 65536 (default)
2022-09-08 01:54:34,582 [om1@group-C5BA1605619E-LeaderElection61] INFO  server.RaftServerConfigKeys (ConfUtils.java:logGet(46)) - raft.server.write.element-limit = 4096 (default)
2022-09-08 01:54:34,582 [om1@group-C5BA1605619E-LeaderElection61] INFO  server.RaftServerConfigKeys (ConfUtils.java:logGet(46)) - raft.server.write.follower.gap.ratio.max = -1.0 (default)
2022-09-08 01:54:34,582 [om1@group-C5BA1605619E-LeaderElection61] INFO  impl.RoleInfo (RoleInfo.java:updateAndGet(139)) - om1: start om1@group-C5BA1605619E-LeaderStateImpl
2022-09-08 01:54:34,583 [om1@group-C5BA1605619E-LeaderElection61] INFO  segmented.SegmentedRaftLogWorker (SegmentedRaftLogWorker.java:startLogSegment(425)) - om1@group-C5BA1605619E-SegmentedRaftLogWorker: Starting segment from index:0
2022-09-08 01:54:34,599 [om1@group-C5BA1605619E-SegmentedRaftLogWorker] INFO  segmented.SegmentedRaftLogWorker (SegmentedRaftLogWorker.java:execute(629)) - om1@group-C5BA1605619E-SegmentedRaftLogWorker: created new log segment /home/runner/work/ozone/ozone/hadoop-ozone/integration-test/target/test-dir/MiniOzoneClusterImpl-057c3a95-4ef9-4349-8946-0241b22cf071/ozone-meta/ratis/bf265839-605b-3f16-9796-c5ba1605619e/current/log_inprogress_0
2022-09-08 01:54:34,632 [org.apache.hadoop.util.JvmPauseMonitor$Monitor@528001b6] INFO  util.JvmPauseMonitor (JvmPauseMonitor.java:run(188)) - Starting JVM pause monitor
2022-09-08 01:54:34,633 [om1@group-C5BA1605619E-LeaderElection61] INFO  server.RaftServer$Division (ServerState.java:setRaftConf(393)) - om1@group-C5BA1605619E: set configuration 0: [om1|rpc:localhost:9872|admin:|client:|dataStream:|priority:0], old=null
2022-09-08 01:54:34,638 [om1@group-C5BA1605619E-StateMachineUpdater] INFO  ratis.OzoneManagerStateMachine (OzoneManagerStateMachine.java:notifyConfigurationChanged(192)) - Received Configuration change notification from Ratis. New Peer list:
[id: "om1"
address: "localhost:9872"
]
2022-09-08 01:54:34,647 [Datanode State Machine Task Thread - 0] INFO  datanode.InitDatanodeState (InitDatanodeState.java:persistContainerDatanodeDetails(138)) - DatanodeDetails is persisted to /home/runner/work/ozone/ozone/hadoop-ozone/integration-test/target/test-dir/MiniOzoneClusterImpl-057c3a95-4ef9-4349-8946-0241b22cf071/datanode-0/meta/datanode.id
2022-09-08 01:54:34,673 [Listener at 127.0.0.1/36097] INFO  upgrade.AbstractLayoutVersionManager (AbstractLayoutVersionManager.java:init(83)) - Initializing Layout version manager with metadata layout = DATANODE_SCHEMA_V3 (version = 4), software layout = DATANODE_SCHEMA_V3 (version = 4)
2022-09-08 01:54:34,749 [Listener at 127.0.0.1/36097] INFO  reflections.Reflections (Reflections.java:scan(232)) - Reflections took 74 ms to scan 7 urls, producing 133 keys and 322 values 
2022-09-08 01:54:34,751 [Listener at 127.0.0.1/36097] INFO  statemachine.DatanodeStateMachine (DatanodeStateMachine.java:getEndPointTaskThreadPoolSize(237)) - Datanode State Machine Task Thread Pool size 2
2022-09-08 01:54:34,755 [Listener at 127.0.0.1/36097] INFO  volume.HddsVolume (HddsVolume.java:<init>(117)) - Creating HddsVolume: /home/runner/work/ozone/ozone/hadoop-ozone/integration-test/target/test-dir/MiniOzoneClusterImpl-057c3a95-4ef9-4349-8946-0241b22cf071/datanode-1/data-0/containers/hdds of storage type : DISK capacity : 9223372036854775807
2022-09-08 01:54:34,755 [Listener at 127.0.0.1/36097] INFO  volume.MutableVolumeSet (MutableVolumeSet.java:initializeVolumeSet(174)) - Added Volume : /home/runner/work/ozone/ozone/hadoop-ozone/integration-test/target/test-dir/MiniOzoneClusterImpl-057c3a95-4ef9-4349-8946-0241b22cf071/datanode-1/data-0/containers/hdds to VolumeSet
2022-09-08 01:54:34,755 [Listener at 127.0.0.1/36097] INFO  volume.ThrottledAsyncChecker (ThrottledAsyncChecker.java:schedule(141)) - Scheduling a check for /home/runner/work/ozone/ozone/hadoop-ozone/integration-test/target/test-dir/MiniOzoneClusterImpl-057c3a95-4ef9-4349-8946-0241b22cf071/datanode-1/data-0/containers/hdds
2022-09-08 01:54:34,760 [Listener at 127.0.0.1/36097] INFO  volume.StorageVolumeChecker (StorageVolumeChecker.java:checkAllVolumes(202)) - Scheduled health check for volume /home/runner/work/ozone/ozone/hadoop-ozone/integration-test/target/test-dir/MiniOzoneClusterImpl-057c3a95-4ef9-4349-8946-0241b22cf071/datanode-1/data-0/containers/hdds
2022-09-08 01:54:34,770 [Listener at 127.0.0.1/36097] INFO  volume.MutableVolumeSet (MutableVolumeSet.java:initializeVolumeSet(174)) - Added Volume : /home/runner/work/ozone/ozone/hadoop-ozone/integration-test/target/test-dir/MiniOzoneClusterImpl-057c3a95-4ef9-4349-8946-0241b22cf071/datanode-1/data/ratis to VolumeSet
2022-09-08 01:54:34,770 [Listener at 127.0.0.1/36097] INFO  volume.ThrottledAsyncChecker (ThrottledAsyncChecker.java:schedule(141)) - Scheduling a check for /home/runner/work/ozone/ozone/hadoop-ozone/integration-test/target/test-dir/MiniOzoneClusterImpl-057c3a95-4ef9-4349-8946-0241b22cf071/datanode-1/data/ratis
2022-09-08 01:54:34,771 [Listener at 127.0.0.1/36097] INFO  volume.StorageVolumeChecker (StorageVolumeChecker.java:checkAllVolumes(202)) - Scheduled health check for volume /home/runner/work/ozone/ozone/hadoop-ozone/integration-test/target/test-dir/MiniOzoneClusterImpl-057c3a95-4ef9-4349-8946-0241b22cf071/datanode-1/data/ratis
2022-09-08 01:54:34,780 [Thread-1529] INFO  ozoneimpl.ContainerReader (ContainerReader.java:readVolume(175)) - Finish verifying containers on volume /home/runner/work/ozone/ozone/hadoop-ozone/integration-test/target/test-dir/MiniOzoneClusterImpl-057c3a95-4ef9-4349-8946-0241b22cf071/datanode-1/data-0/containers/hdds
2022-09-08 01:54:34,780 [Listener at 127.0.0.1/36097] INFO  ozoneimpl.OzoneContainer (OzoneContainer.java:buildContainerSet(300)) - Build ContainerSet costs 0s
2022-09-08 01:54:34,782 [Listener at 127.0.0.1/36097] INFO  server.RaftServer (ConfUtils.java:logGet(46)) - raft.rpc.type = GRPC (default)
2022-09-08 01:54:34,782 [Listener at 127.0.0.1/36097] INFO  grpc.GrpcFactory (GrpcFactory.java:checkPooledByteBufAllocatorUseCacheForAllThreads(48)) - PERFORMANCE WARNING: useCacheForAllThreads is true that may cause Netty to create a lot garbage objects and, as a result, trigger GC.
	It is recommended to disable useCacheForAllThreads by setting -Dorg.apache.ratis.thirdparty.io.netty.allocator.useCacheForAllThreads=false in command line.
2022-09-08 01:54:34,782 [Listener at 127.0.0.1/36097] INFO  grpc.GrpcConfigKeys (ConfUtils.java:logGet(46)) - raft.grpc.admin.port = 0 (custom)
2022-09-08 01:54:34,782 [Listener at 127.0.0.1/36097] INFO  grpc.GrpcConfigKeys (ConfUtils.java:logGet(46)) - raft.grpc.client.port = 0 (custom)
2022-09-08 01:54:34,783 [Listener at 127.0.0.1/36097] INFO  grpc.GrpcConfigKeys (ConfUtils.java:logGet(46)) - raft.grpc.server.port = 0 (default)
2022-09-08 01:54:34,783 [Listener at 127.0.0.1/36097] INFO  server.GrpcService (ConfUtils.java:logGet(46)) - raft.grpc.message.size.max = 32MB (=33554432) (custom)
2022-09-08 01:54:34,783 [Listener at 127.0.0.1/36097] INFO  server.RaftServerConfigKeys (ConfUtils.java:logGet(46)) - raft.server.log.appender.buffer.byte-limit = 33554432 (custom)
2022-09-08 01:54:34,783 [Listener at 127.0.0.1/36097] INFO  server.GrpcService (ConfUtils.java:logGet(46)) - raft.grpc.flow.control.window = 5MB (=5242880) (custom)
2022-09-08 01:54:34,783 [Listener at 127.0.0.1/36097] INFO  server.RaftServerConfigKeys (ConfUtils.java:logGet(46)) - raft.server.rpc.request.timeout = 60s (custom)
2022-09-08 01:54:34,783 [Listener at 127.0.0.1/36097] INFO  grpc.GrpcConfigKeys (ConfUtils.java:logGet(46)) - raft.grpc.server.async.request.thread.pool.cached = true (default)
2022-09-08 01:54:34,783 [Listener at 127.0.0.1/36097] INFO  grpc.GrpcConfigKeys (ConfUtils.java:logGet(46)) - raft.grpc.server.async.request.thread.pool.size = 32 (default)
2022-09-08 01:54:34,784 [Listener at 127.0.0.1/36097] INFO  impl.DataStreamServerImpl (ConfUtils.java:logGet(46)) - raft.datastream.type = DISABLED (default)
2022-09-08 01:54:34,784 [Listener at 127.0.0.1/36097] INFO  server.RaftServerConfigKeys (ConfUtils.java:logGet(46)) - raft.server.threadpool.proxy.cached = true (default)
2022-09-08 01:54:34,784 [Listener at 127.0.0.1/36097] INFO  server.RaftServerConfigKeys (ConfUtils.java:logGet(46)) - raft.server.threadpool.proxy.size = 0 (default)
2022-09-08 01:54:34,792 [Listener at 127.0.0.1/36097] INFO  server.RaftServerConfigKeys (ConfUtils.java:logGet(46)) - raft.server.rpc.slowness.timeout = 300s (custom)
2022-09-08 01:54:34,792 [Listener at 127.0.0.1/36097] INFO  server.RaftServerConfigKeys (ConfUtils.java:logGet(46)) - raft.server.leaderelection.leader.step-down.wait-time = 10s (default)
2022-09-08 01:54:34,792 [Listener at 127.0.0.1/36097] INFO  server.RaftServerConfigKeys (ConfUtils.java:logGet(46)) - raft.server.storage.dir = [/home/runner/work/ozone/ozone/hadoop-ozone/integration-test/target/test-dir/MiniOzoneClusterImpl-057c3a95-4ef9-4349-8946-0241b22cf071/datanode-1/data/ratis] (custom)
2022-09-08 01:54:34,795 [Listener at 127.0.0.1/36097] INFO  server.XceiverServerGrpc (XceiverServerGrpc.java:<init>(132)) - GrpcServer channel type EpollServerSocketChannel
2022-09-08 01:54:34,805 [Listener at 127.0.0.1/36097] INFO  http.BaseHttpServer (BaseHttpServer.java:newHttpServer2BuilderForOzone(213)) - Starting Web-server for hddsDatanode at: http://0.0.0.0:0
2022-09-08 01:54:34,805 [Listener at 127.0.0.1/36097] INFO  http.BaseHttpServer (BaseHttpServer.java:<init>(108)) - Hadoop Security Enabled: false Ozone Security Enabled: false Ozone HTTP Security Enabled: false 
2022-09-08 01:54:34,806 [Listener at 127.0.0.1/36097] INFO  server.AuthenticationFilter (AuthenticationFilter.java:constructSecretProvider(240)) - Unable to initialize FileSignerSecretProvider, falling back to use random secrets.
2022-09-08 01:54:34,810 [Listener at 127.0.0.1/36097] WARN  http.HttpRequestLog (HttpRequestLog.java:getRequestLog(103)) - Jetty request log can only be enabled using Log4j
2022-09-08 01:54:34,811 [Listener at 127.0.0.1/36097] INFO  http.HttpServer2 (HttpServer2.java:addGlobalFilter(1029)) - Added global filter 'safety' (class=org.apache.hadoop.hdds.server.http.HttpServer2$QuotingInputFilter)
2022-09-08 01:54:34,812 [Listener at 127.0.0.1/36097] INFO  http.HttpServer2 (HttpServer2.java:addFilter(1005)) - Added filter static_user_filter (class=org.apache.hadoop.http.lib.StaticUserWebFilter$StaticUserFilter) to context hddsDatanode
2022-09-08 01:54:34,812 [Listener at 127.0.0.1/36097] INFO  http.HttpServer2 (HttpServer2.java:addFilter(1013)) - Added filter static_user_filter (class=org.apache.hadoop.http.lib.StaticUserWebFilter$StaticUserFilter) to context static
2022-09-08 01:54:34,812 [Listener at 127.0.0.1/36097] INFO  http.HttpServer2 (HttpServer2.java:addFilter(1013)) - Added filter static_user_filter (class=org.apache.hadoop.http.lib.StaticUserWebFilter$StaticUserFilter) to context logs
2022-09-08 01:54:34,812 [Listener at 127.0.0.1/36097] INFO  http.HttpServer2 (HttpServer2.java:bindListener(1248)) - Jetty bound to port 41415
2022-09-08 01:54:34,812 [Listener at 127.0.0.1/36097] INFO  server.Server (Server.java:doStart(375)) - jetty-9.4.43.v20210629; built: 2021-06-30T11:07:22.254Z; git: 526006ecfa3af7f1a27ef3a288e2bef7ea9dd7e8; jvm 1.8.0_345-b01
2022-09-08 01:54:34,831 [Listener at 127.0.0.1/36097] INFO  server.session (DefaultSessionIdManager.java:doStart(334)) - DefaultSessionIdManager workerName=node0
2022-09-08 01:54:34,831 [Listener at 127.0.0.1/36097] INFO  server.session (DefaultSessionIdManager.java:doStart(339)) - No SessionScavenger set, using defaults
2022-09-08 01:54:34,831 [Listener at 127.0.0.1/36097] INFO  server.session (HouseKeeper.java:startScavenging(132)) - node0 Scavenging every 600000ms
2022-09-08 01:54:34,832 [Listener at 127.0.0.1/36097] INFO  handler.ContextHandler (ContextHandler.java:doStart(915)) - Started o.e.j.s.ServletContextHandler@63e85236{logs,/logs,file:///home/runner/work/ozone/ozone/hadoop-ozone/integration-test/target/log,AVAILABLE}
2022-09-08 01:54:34,832 [Listener at 127.0.0.1/36097] INFO  handler.ContextHandler (ContextHandler.java:doStart(915)) - Started o.e.j.s.ServletContextHandler@5b2fe34d{static,/static,jar:file:/home/runner/.m2/repository/org/apache/ozone/hdds-container-service/1.3.0-SNAPSHOT/hdds-container-service-1.3.0-SNAPSHOT.jar!/webapps/static,AVAILABLE}
2022-09-08 01:54:35,100 [Listener at 127.0.0.1/36097] INFO  handler.ContextHandler (ContextHandler.java:doStart(915)) - Started o.e.j.w.WebAppContext@9e1674a{hddsDatanode,/,file:///tmp/jetty-0_0_0_0-41415-hdds-container-service-1_3_0-SNAPSHOT_jar-_-any-24274697540006845/webapp/,AVAILABLE}{jar:file:/home/runner/.m2/repository/org/apache/ozone/hdds-container-service/1.3.0-SNAPSHOT/hdds-container-service-1.3.0-SNAPSHOT.jar!/webapps/hddsDatanode}
2022-09-08 01:54:35,102 [Listener at 127.0.0.1/36097] INFO  server.AbstractConnector (AbstractConnector.java:doStart(331)) - Started ServerConnector@4be74ee2{HTTP/1.1, (http/1.1)}{0.0.0.0:41415}
2022-09-08 01:54:35,102 [Listener at 127.0.0.1/36097] INFO  server.Server (Server.java:doStart(415)) - Started @206666ms
2022-09-08 01:54:35,102 [Listener at 127.0.0.1/36097] WARN  impl.MetricsSystemImpl (MetricsSystemImpl.java:register(279)) - Sink prometheus already exists!
2022-09-08 01:54:35,103 [Listener at 127.0.0.1/36097] INFO  http.BaseHttpServer (BaseHttpServer.java:updateConnectorAddress(333)) - HTTP server of hddsDatanode listening at http://0.0.0.0:41415
2022-09-08 01:54:35,103 [Listener at 127.0.0.1/36097] WARN  impl.MetricRegistriesImpl (MetricRegistriesImpl.java:addReporterRegistration(111)) - New reporters are added after registries were created. Some metrics will be missing from the reporter. Please add reporter before adding any new registry.
2022-09-08 01:54:35,103 [Listener at 127.0.0.1/36097] WARN  impl.MetricRegistriesImpl (MetricRegistriesImpl.java:addReporterRegistration(111)) - New reporters are added after registries were created. Some metrics will be missing from the reporter. Please add reporter before adding any new registry.
2022-09-08 01:54:35,104 [Listener at 127.0.0.1/36097] INFO  impl.MetricsSystemImpl (MetricsSystemImpl.java:init(158)) - HddsDatanode metrics system started (again)
2022-09-08 01:54:35,119 [Listener at 127.0.0.1/36097] INFO  ozone.HddsDatanodeService (HddsDatanodeService.java:start(236)) - HddsDatanodeService host:fv-az38-857.qiceih3q1hfe5a3ai3y3qk2fta.cx.internal.cloudapp.net ip:10.1.1.0
2022-09-08 01:54:35,119 [Datanode State Machine Daemon Thread] INFO  statemachine.DatanodeStateMachine (DatanodeStateMachine.java:lambda$startDaemon$0(492)) - Ozone container server started.
2022-09-08 01:54:35,173 [Listener at 127.0.0.1/36097] INFO  upgrade.AbstractLayoutVersionManager (AbstractLayoutVersionManager.java:init(83)) - Initializing Layout version manager with metadata layout = DATANODE_SCHEMA_V3 (version = 4), software layout = DATANODE_SCHEMA_V3 (version = 4)
2022-09-08 01:54:35,193 [org.apache.hadoop.util.JvmPauseMonitor$Monitor@75b2a86d] INFO  util.JvmPauseMonitor (JvmPauseMonitor.java:run(188)) - Starting JVM pause monitor
2022-09-08 01:54:35,240 [Listener at 127.0.0.1/36097] INFO  reflections.Reflections (Reflections.java:scan(232)) - Reflections took 66 ms to scan 7 urls, producing 133 keys and 322 values 
2022-09-08 01:54:35,242 [Listener at 127.0.0.1/36097] INFO  statemachine.DatanodeStateMachine (DatanodeStateMachine.java:getEndPointTaskThreadPoolSize(237)) - Datanode State Machine Task Thread Pool size 2
2022-09-08 01:54:35,243 [Listener at 127.0.0.1/36097] INFO  volume.HddsVolume (HddsVolume.java:<init>(117)) - Creating HddsVolume: /home/runner/work/ozone/ozone/hadoop-ozone/integration-test/target/test-dir/MiniOzoneClusterImpl-057c3a95-4ef9-4349-8946-0241b22cf071/datanode-2/data-0/containers/hdds of storage type : DISK capacity : 9223372036854775807
2022-09-08 01:54:35,244 [Listener at 127.0.0.1/36097] INFO  volume.MutableVolumeSet (MutableVolumeSet.java:initializeVolumeSet(174)) - Added Volume : /home/runner/work/ozone/ozone/hadoop-ozone/integration-test/target/test-dir/MiniOzoneClusterImpl-057c3a95-4ef9-4349-8946-0241b22cf071/datanode-2/data-0/containers/hdds to VolumeSet
2022-09-08 01:54:35,244 [Listener at 127.0.0.1/36097] INFO  volume.ThrottledAsyncChecker (ThrottledAsyncChecker.java:schedule(141)) - Scheduling a check for /home/runner/work/ozone/ozone/hadoop-ozone/integration-test/target/test-dir/MiniOzoneClusterImpl-057c3a95-4ef9-4349-8946-0241b22cf071/datanode-2/data-0/containers/hdds
2022-09-08 01:54:35,244 [Listener at 127.0.0.1/36097] INFO  volume.StorageVolumeChecker (StorageVolumeChecker.java:checkAllVolumes(202)) - Scheduled health check for volume /home/runner/work/ozone/ozone/hadoop-ozone/integration-test/target/test-dir/MiniOzoneClusterImpl-057c3a95-4ef9-4349-8946-0241b22cf071/datanode-2/data-0/containers/hdds
2022-09-08 01:54:35,256 [Listener at 127.0.0.1/36097] INFO  volume.MutableVolumeSet (MutableVolumeSet.java:initializeVolumeSet(174)) - Added Volume : /home/runner/work/ozone/ozone/hadoop-ozone/integration-test/target/test-dir/MiniOzoneClusterImpl-057c3a95-4ef9-4349-8946-0241b22cf071/datanode-2/data/ratis to VolumeSet
2022-09-08 01:54:35,257 [Listener at 127.0.0.1/36097] INFO  volume.ThrottledAsyncChecker (ThrottledAsyncChecker.java:schedule(141)) - Scheduling a check for /home/runner/work/ozone/ozone/hadoop-ozone/integration-test/target/test-dir/MiniOzoneClusterImpl-057c3a95-4ef9-4349-8946-0241b22cf071/datanode-2/data/ratis
2022-09-08 01:54:35,257 [Listener at 127.0.0.1/36097] INFO  volume.StorageVolumeChecker (StorageVolumeChecker.java:checkAllVolumes(202)) - Scheduled health check for volume /home/runner/work/ozone/ozone/hadoop-ozone/integration-test/target/test-dir/MiniOzoneClusterImpl-057c3a95-4ef9-4349-8946-0241b22cf071/datanode-2/data/ratis
2022-09-08 01:54:35,274 [Datanode State Machine Task Thread - 0] INFO  datanode.InitDatanodeState (InitDatanodeState.java:persistContainerDatanodeDetails(138)) - DatanodeDetails is persisted to /home/runner/work/ozone/ozone/hadoop-ozone/integration-test/target/test-dir/MiniOzoneClusterImpl-057c3a95-4ef9-4349-8946-0241b22cf071/datanode-1/meta/datanode.id
2022-09-08 01:54:35,286 [Thread-1542] INFO  ozoneimpl.ContainerReader (ContainerReader.java:readVolume(175)) - Finish verifying containers on volume /home/runner/work/ozone/ozone/hadoop-ozone/integration-test/target/test-dir/MiniOzoneClusterImpl-057c3a95-4ef9-4349-8946-0241b22cf071/datanode-2/data-0/containers/hdds
2022-09-08 01:54:35,286 [Listener at 127.0.0.1/36097] INFO  ozoneimpl.OzoneContainer (OzoneContainer.java:buildContainerSet(300)) - Build ContainerSet costs 0s
2022-09-08 01:54:35,288 [Listener at 127.0.0.1/36097] INFO  server.RaftServer (ConfUtils.java:logGet(46)) - raft.rpc.type = GRPC (default)
2022-09-08 01:54:35,288 [Listener at 127.0.0.1/36097] INFO  grpc.GrpcFactory (GrpcFactory.java:checkPooledByteBufAllocatorUseCacheForAllThreads(48)) - PERFORMANCE WARNING: useCacheForAllThreads is true that may cause Netty to create a lot garbage objects and, as a result, trigger GC.
	It is recommended to disable useCacheForAllThreads by setting -Dorg.apache.ratis.thirdparty.io.netty.allocator.useCacheForAllThreads=false in command line.
2022-09-08 01:54:35,288 [Listener at 127.0.0.1/36097] INFO  grpc.GrpcConfigKeys (ConfUtils.java:logGet(46)) - raft.grpc.admin.port = 0 (custom)
2022-09-08 01:54:35,289 [Listener at 127.0.0.1/36097] INFO  grpc.GrpcConfigKeys (ConfUtils.java:logGet(46)) - raft.grpc.client.port = 0 (custom)
2022-09-08 01:54:35,289 [Listener at 127.0.0.1/36097] INFO  grpc.GrpcConfigKeys (ConfUtils.java:logGet(46)) - raft.grpc.server.port = 0 (default)
2022-09-08 01:54:35,289 [Listener at 127.0.0.1/36097] INFO  server.GrpcService (ConfUtils.java:logGet(46)) - raft.grpc.message.size.max = 32MB (=33554432) (custom)
2022-09-08 01:54:35,289 [Listener at 127.0.0.1/36097] INFO  server.RaftServerConfigKeys (ConfUtils.java:logGet(46)) - raft.server.log.appender.buffer.byte-limit = 33554432 (custom)
2022-09-08 01:54:35,289 [Listener at 127.0.0.1/36097] INFO  server.GrpcService (ConfUtils.java:logGet(46)) - raft.grpc.flow.control.window = 5MB (=5242880) (custom)
2022-09-08 01:54:35,289 [Listener at 127.0.0.1/36097] INFO  server.RaftServerConfigKeys (ConfUtils.java:logGet(46)) - raft.server.rpc.request.timeout = 60s (custom)
2022-09-08 01:54:35,289 [Listener at 127.0.0.1/36097] INFO  grpc.GrpcConfigKeys (ConfUtils.java:logGet(46)) - raft.grpc.server.async.request.thread.pool.cached = true (default)
2022-09-08 01:54:35,289 [Listener at 127.0.0.1/36097] INFO  grpc.GrpcConfigKeys (ConfUtils.java:logGet(46)) - raft.grpc.server.async.request.thread.pool.size = 32 (default)
2022-09-08 01:54:35,290 [Listener at 127.0.0.1/36097] INFO  impl.DataStreamServerImpl (ConfUtils.java:logGet(46)) - raft.datastream.type = DISABLED (default)
2022-09-08 01:54:35,291 [Listener at 127.0.0.1/36097] INFO  server.RaftServerConfigKeys (ConfUtils.java:logGet(46)) - raft.server.threadpool.proxy.cached = true (default)
2022-09-08 01:54:35,291 [Listener at 127.0.0.1/36097] INFO  server.RaftServerConfigKeys (ConfUtils.java:logGet(46)) - raft.server.threadpool.proxy.size = 0 (default)
2022-09-08 01:54:35,291 [Listener at 127.0.0.1/36097] INFO  server.RaftServerConfigKeys (ConfUtils.java:logGet(46)) - raft.server.rpc.slowness.timeout = 300s (custom)
2022-09-08 01:54:35,291 [Listener at 127.0.0.1/36097] INFO  server.RaftServerConfigKeys (ConfUtils.java:logGet(46)) - raft.server.leaderelection.leader.step-down.wait-time = 10s (default)
2022-09-08 01:54:35,293 [Listener at 127.0.0.1/36097] INFO  server.RaftServerConfigKeys (ConfUtils.java:logGet(46)) - raft.server.storage.dir = [/home/runner/work/ozone/ozone/hadoop-ozone/integration-test/target/test-dir/MiniOzoneClusterImpl-057c3a95-4ef9-4349-8946-0241b22cf071/datanode-2/data/ratis] (custom)
2022-09-08 01:54:35,295 [Listener at 127.0.0.1/36097] INFO  server.XceiverServerGrpc (XceiverServerGrpc.java:<init>(132)) - GrpcServer channel type EpollServerSocketChannel
2022-09-08 01:54:35,299 [Listener at 127.0.0.1/36097] INFO  http.BaseHttpServer (BaseHttpServer.java:newHttpServer2BuilderForOzone(213)) - Starting Web-server for hddsDatanode at: http://0.0.0.0:0
2022-09-08 01:54:35,299 [Listener at 127.0.0.1/36097] INFO  http.BaseHttpServer (BaseHttpServer.java:<init>(108)) - Hadoop Security Enabled: false Ozone Security Enabled: false Ozone HTTP Security Enabled: false 
2022-09-08 01:54:35,300 [Listener at 127.0.0.1/36097] INFO  server.AuthenticationFilter (AuthenticationFilter.java:constructSecretProvider(240)) - Unable to initialize FileSignerSecretProvider, falling back to use random secrets.
2022-09-08 01:54:35,301 [Listener at 127.0.0.1/36097] WARN  http.HttpRequestLog (HttpRequestLog.java:getRequestLog(103)) - Jetty request log can only be enabled using Log4j
2022-09-08 01:54:35,302 [Listener at 127.0.0.1/36097] INFO  http.HttpServer2 (HttpServer2.java:addGlobalFilter(1029)) - Added global filter 'safety' (class=org.apache.hadoop.hdds.server.http.HttpServer2$QuotingInputFilter)
2022-09-08 01:54:35,302 [Listener at 127.0.0.1/36097] INFO  http.HttpServer2 (HttpServer2.java:addFilter(1005)) - Added filter static_user_filter (class=org.apache.hadoop.http.lib.StaticUserWebFilter$StaticUserFilter) to context hddsDatanode
2022-09-08 01:54:35,302 [Listener at 127.0.0.1/36097] INFO  http.HttpServer2 (HttpServer2.java:addFilter(1013)) - Added filter static_user_filter (class=org.apache.hadoop.http.lib.StaticUserWebFilter$StaticUserFilter) to context logs
2022-09-08 01:54:35,303 [Listener at 127.0.0.1/36097] INFO  http.HttpServer2 (HttpServer2.java:addFilter(1013)) - Added filter static_user_filter (class=org.apache.hadoop.http.lib.StaticUserWebFilter$StaticUserFilter) to context static
2022-09-08 01:54:35,303 [Listener at 127.0.0.1/36097] INFO  http.HttpServer2 (HttpServer2.java:bindListener(1248)) - Jetty bound to port 35467
2022-09-08 01:54:35,303 [Listener at 127.0.0.1/36097] INFO  server.Server (Server.java:doStart(375)) - jetty-9.4.43.v20210629; built: 2021-06-30T11:07:22.254Z; git: 526006ecfa3af7f1a27ef3a288e2bef7ea9dd7e8; jvm 1.8.0_345-b01
2022-09-08 01:54:35,349 [Listener at 127.0.0.1/36097] INFO  server.session (DefaultSessionIdManager.java:doStart(334)) - DefaultSessionIdManager workerName=node0
2022-09-08 01:54:35,350 [Listener at 127.0.0.1/36097] INFO  server.session (DefaultSessionIdManager.java:doStart(339)) - No SessionScavenger set, using defaults
2022-09-08 01:54:35,350 [Listener at 127.0.0.1/36097] INFO  server.session (HouseKeeper.java:startScavenging(132)) - node0 Scavenging every 660000ms
2022-09-08 01:54:35,350 [Listener at 127.0.0.1/36097] INFO  handler.ContextHandler (ContextHandler.java:doStart(915)) - Started o.e.j.s.ServletContextHandler@29d03fc0{logs,/logs,file:///home/runner/work/ozone/ozone/hadoop-ozone/integration-test/target/log,AVAILABLE}
2022-09-08 01:54:35,351 [Listener at 127.0.0.1/36097] INFO  handler.ContextHandler (ContextHandler.java:doStart(915)) - Started o.e.j.s.ServletContextHandler@1a6dbd2d{static,/static,jar:file:/home/runner/.m2/repository/org/apache/ozone/hdds-container-service/1.3.0-SNAPSHOT/hdds-container-service-1.3.0-SNAPSHOT.jar!/webapps/static,AVAILABLE}
2022-09-08 01:54:35,642 [Listener at 127.0.0.1/36097] INFO  handler.ContextHandler (ContextHandler.java:doStart(915)) - Started o.e.j.w.WebAppContext@4f449753{hddsDatanode,/,file:///tmp/jetty-0_0_0_0-35467-hdds-container-service-1_3_0-SNAPSHOT_jar-_-any-8322309417513003022/webapp/,AVAILABLE}{jar:file:/home/runner/.m2/repository/org/apache/ozone/hdds-container-service/1.3.0-SNAPSHOT/hdds-container-service-1.3.0-SNAPSHOT.jar!/webapps/hddsDatanode}
2022-09-08 01:54:35,664 [Listener at 127.0.0.1/36097] INFO  server.AbstractConnector (AbstractConnector.java:doStart(331)) - Started ServerConnector@7034355c{HTTP/1.1, (http/1.1)}{0.0.0.0:35467}
2022-09-08 01:54:35,664 [Listener at 127.0.0.1/36097] INFO  server.Server (Server.java:doStart(415)) - Started @207228ms
2022-09-08 01:54:35,664 [Listener at 127.0.0.1/36097] WARN  impl.MetricsSystemImpl (MetricsSystemImpl.java:register(279)) - Sink prometheus already exists!
2022-09-08 01:54:35,665 [Listener at 127.0.0.1/36097] INFO  http.BaseHttpServer (BaseHttpServer.java:updateConnectorAddress(333)) - HTTP server of hddsDatanode listening at http://0.0.0.0:35467
2022-09-08 01:54:35,666 [Listener at 127.0.0.1/36097] INFO  ozone.MiniOzoneClusterImpl (MiniOzoneClusterImpl.java:lambda$waitForClusterToBeReady$0(216)) - Waiting for nodes to be ready. Got 0 of 3 DN Heartbeats.
2022-09-08 01:54:35,666 [Listener at 127.0.0.1/36097] INFO  ozone.MiniOzoneClusterImpl (MiniOzoneClusterImpl.java:lambda$waitForClusterToBeReady$0(219)) - Waiting for cluster to exit safe mode
2022-09-08 01:54:35,666 [Listener at 127.0.0.1/36097] INFO  ozone.MiniOzoneClusterImpl (MiniOzoneClusterImpl.java:lambda$waitForClusterToBeReady$0(221)) - SCM became leader
2022-09-08 01:54:35,667 [Datanode State Machine Daemon Thread] INFO  statemachine.DatanodeStateMachine (DatanodeStateMachine.java:lambda$startDaemon$0(492)) - Ozone container server started.
2022-09-08 01:54:35,720 [org.apache.hadoop.util.JvmPauseMonitor$Monitor@1410611e] INFO  util.JvmPauseMonitor (JvmPauseMonitor.java:run(188)) - Starting JVM pause monitor
2022-09-08 01:54:35,735 [Datanode State Machine Task Thread - 0] INFO  datanode.InitDatanodeState (InitDatanodeState.java:persistContainerDatanodeDetails(138)) - DatanodeDetails is persisted to /home/runner/work/ozone/ozone/hadoop-ozone/integration-test/target/test-dir/MiniOzoneClusterImpl-057c3a95-4ef9-4349-8946-0241b22cf071/datanode-2/meta/datanode.id
2022-09-08 01:54:36,668 [Listener at 127.0.0.1/36097] INFO  ozone.MiniOzoneClusterImpl (MiniOzoneClusterImpl.java:lambda$waitForClusterToBeReady$0(216)) - Waiting for nodes to be ready. Got 0 of 3 DN Heartbeats.
2022-09-08 01:54:36,668 [Listener at 127.0.0.1/36097] INFO  ozone.MiniOzoneClusterImpl (MiniOzoneClusterImpl.java:lambda$waitForClusterToBeReady$0(219)) - Waiting for cluster to exit safe mode
2022-09-08 01:54:36,669 [Listener at 127.0.0.1/36097] INFO  ozone.MiniOzoneClusterImpl (MiniOzoneClusterImpl.java:lambda$waitForClusterToBeReady$0(221)) - SCM became leader
2022-09-08 01:54:36,777 [EndpointStateMachine task thread for /0.0.0.0:43843 - 0 ] INFO  volume.HddsVolume (HddsVolume.java:createDbStore(310)) - SchemaV3 db is created and loaded at /home/runner/work/ozone/ozone/hadoop-ozone/integration-test/target/test-dir/MiniOzoneClusterImpl-057c3a95-4ef9-4349-8946-0241b22cf071/datanode-0/data-0/containers/hdds/057c3a95-4ef9-4349-8946-0241b22cf071/DS-482370d2-607b-4e5b-8dbd-db0dfe6f69f6/container.db for volume DS-482370d2-607b-4e5b-8dbd-db0dfe6f69f6
2022-09-08 01:54:36,779 [EndpointStateMachine task thread for /0.0.0.0:43843 - 0 ] INFO  volume.HddsVolume (HddsVolume.java:closeDbStore(341)) - SchemaV3 db is stopped at /home/runner/work/ozone/ozone/hadoop-ozone/integration-test/target/test-dir/MiniOzoneClusterImpl-057c3a95-4ef9-4349-8946-0241b22cf071/datanode-0/data-0/containers/hdds/057c3a95-4ef9-4349-8946-0241b22cf071/DS-482370d2-607b-4e5b-8dbd-db0dfe6f69f6/container.db for volume DS-482370d2-607b-4e5b-8dbd-db0dfe6f69f6
2022-09-08 01:54:36,779 [EndpointStateMachine task thread for /0.0.0.0:43843 - 0 ] INFO  ozoneimpl.OzoneContainer (OzoneContainer.java:start(378)) - Attempting to start container services.
2022-09-08 01:54:36,780 [EndpointStateMachine task thread for /0.0.0.0:43843 - 0 ] INFO  ozoneimpl.OzoneContainer (OzoneContainer.java:startContainerScrub(313)) - Background container scanner has been disabled.
2022-09-08 01:54:36,813 [EndpointStateMachine task thread for /0.0.0.0:43843 - 0 ] INFO  replication.ReplicationServer (ReplicationServer.java:start(111)) - ReplicationServer is started using port 37503
2022-09-08 01:54:36,814 [EndpointStateMachine task thread for /0.0.0.0:43843 - 0 ] INFO  ratis.XceiverServerRatis (XceiverServerRatis.java:start(481)) - Starting XceiverServerRatis e9c9b112-6330-4444-b5c6-8395fb60ec45
2022-09-08 01:54:36,814 [EndpointStateMachine task thread for /0.0.0.0:43843 - 0 ] INFO  server.RaftServer (RaftServerProxy.java:lambda$start$6(382)) - e9c9b112-6330-4444-b5c6-8395fb60ec45: start RPC server
2022-09-08 01:54:36,819 [EndpointStateMachine task thread for /0.0.0.0:43843 - 0 ] INFO  server.GrpcService (GrpcService.java:startImpl(260)) - e9c9b112-6330-4444-b5c6-8395fb60ec45: GrpcService started, listening on 35177
2022-09-08 01:54:36,824 [EndpointStateMachine task thread for /0.0.0.0:43843 - 0 ] INFO  ratis.XceiverServerRatis (XceiverServerRatis.java:getRealPort(502)) - XceiverServerRatis e9c9b112-6330-4444-b5c6-8395fb60ec45 is started using port 35177 for RATIS
2022-09-08 01:54:36,824 [EndpointStateMachine task thread for /0.0.0.0:43843 - 0 ] INFO  ratis.XceiverServerRatis (XceiverServerRatis.java:getRealPort(502)) - XceiverServerRatis e9c9b112-6330-4444-b5c6-8395fb60ec45 is started using port 35177 for RATIS_ADMIN
2022-09-08 01:54:36,824 [EndpointStateMachine task thread for /0.0.0.0:43843 - 0 ] INFO  ratis.XceiverServerRatis (XceiverServerRatis.java:getRealPort(502)) - XceiverServerRatis e9c9b112-6330-4444-b5c6-8395fb60ec45 is started using port 35177 for RATIS_SERVER
2022-09-08 01:54:36,824 [org.apache.ratis.util.JvmPauseMonitor$$Lambda$687/845490267@3ab23e8f] INFO  util.JvmPauseMonitor (JvmPauseMonitor.java:run(103)) - JvmPauseMonitor-e9c9b112-6330-4444-b5c6-8395fb60ec45: Started
2022-09-08 01:54:36,885 [EndpointStateMachine task thread for /0.0.0.0:43843 - 0 ] INFO  server.XceiverServerGrpc (XceiverServerGrpc.java:start(180)) - XceiverServerGrpc e9c9b112-6330-4444-b5c6-8395fb60ec45 is started using port 35273
2022-09-08 01:54:37,276 [EndpointStateMachine task thread for /0.0.0.0:43843 - 0 ] INFO  volume.HddsVolume (HddsVolume.java:createDbStore(310)) - SchemaV3 db is created and loaded at /home/runner/work/ozone/ozone/hadoop-ozone/integration-test/target/test-dir/MiniOzoneClusterImpl-057c3a95-4ef9-4349-8946-0241b22cf071/datanode-1/data-0/containers/hdds/057c3a95-4ef9-4349-8946-0241b22cf071/DS-c109847d-021f-446f-b0b3-0d070cf0eb07/container.db for volume DS-c109847d-021f-446f-b0b3-0d070cf0eb07
2022-09-08 01:54:37,277 [EndpointStateMachine task thread for /0.0.0.0:43843 - 0 ] INFO  volume.HddsVolume (HddsVolume.java:closeDbStore(341)) - SchemaV3 db is stopped at /home/runner/work/ozone/ozone/hadoop-ozone/integration-test/target/test-dir/MiniOzoneClusterImpl-057c3a95-4ef9-4349-8946-0241b22cf071/datanode-1/data-0/containers/hdds/057c3a95-4ef9-4349-8946-0241b22cf071/DS-c109847d-021f-446f-b0b3-0d070cf0eb07/container.db for volume DS-c109847d-021f-446f-b0b3-0d070cf0eb07
2022-09-08 01:54:37,277 [EndpointStateMachine task thread for /0.0.0.0:43843 - 0 ] INFO  ozoneimpl.OzoneContainer (OzoneContainer.java:start(378)) - Attempting to start container services.
2022-09-08 01:54:37,277 [EndpointStateMachine task thread for /0.0.0.0:43843 - 0 ] INFO  ozoneimpl.OzoneContainer (OzoneContainer.java:startContainerScrub(313)) - Background container scanner has been disabled.
2022-09-08 01:54:37,306 [EndpointStateMachine task thread for /0.0.0.0:43843 - 0 ] INFO  replication.ReplicationServer (ReplicationServer.java:start(111)) - ReplicationServer is started using port 34661
2022-09-08 01:54:37,316 [EndpointStateMachine task thread for /0.0.0.0:43843 - 0 ] INFO  ratis.XceiverServerRatis (XceiverServerRatis.java:start(481)) - Starting XceiverServerRatis eb925032-2c23-4938-b2a7-edb9189c0df9
2022-09-08 01:54:37,321 [EndpointStateMachine task thread for /0.0.0.0:43843 - 0 ] INFO  server.RaftServer (RaftServerProxy.java:lambda$start$6(382)) - eb925032-2c23-4938-b2a7-edb9189c0df9: start RPC server
2022-09-08 01:54:37,338 [EndpointStateMachine task thread for /0.0.0.0:43843 - 0 ] INFO  server.GrpcService (GrpcService.java:startImpl(260)) - eb925032-2c23-4938-b2a7-edb9189c0df9: GrpcService started, listening on 44933
2022-09-08 01:54:37,338 [EndpointStateMachine task thread for /0.0.0.0:43843 - 0 ] INFO  ratis.XceiverServerRatis (XceiverServerRatis.java:getRealPort(502)) - XceiverServerRatis eb925032-2c23-4938-b2a7-edb9189c0df9 is started using port 44933 for RATIS
2022-09-08 01:54:37,338 [EndpointStateMachine task thread for /0.0.0.0:43843 - 0 ] INFO  ratis.XceiverServerRatis (XceiverServerRatis.java:getRealPort(502)) - XceiverServerRatis eb925032-2c23-4938-b2a7-edb9189c0df9 is started using port 44933 for RATIS_ADMIN
2022-09-08 01:54:37,338 [EndpointStateMachine task thread for /0.0.0.0:43843 - 0 ] INFO  ratis.XceiverServerRatis (XceiverServerRatis.java:getRealPort(502)) - XceiverServerRatis eb925032-2c23-4938-b2a7-edb9189c0df9 is started using port 44933 for RATIS_SERVER
2022-09-08 01:54:37,339 [org.apache.ratis.util.JvmPauseMonitor$$Lambda$687/845490267@32051324] INFO  util.JvmPauseMonitor (JvmPauseMonitor.java:run(103)) - JvmPauseMonitor-eb925032-2c23-4938-b2a7-edb9189c0df9: Started
2022-09-08 01:54:37,369 [EndpointStateMachine task thread for /0.0.0.0:43843 - 0 ] INFO  server.XceiverServerGrpc (XceiverServerGrpc.java:start(180)) - XceiverServerGrpc eb925032-2c23-4938-b2a7-edb9189c0df9 is started using port 41527
2022-09-08 01:54:37,669 [Listener at 127.0.0.1/36097] INFO  ozone.MiniOzoneClusterImpl (MiniOzoneClusterImpl.java:lambda$waitForClusterToBeReady$0(216)) - Waiting for nodes to be ready. Got 0 of 3 DN Heartbeats.
2022-09-08 01:54:37,669 [Listener at 127.0.0.1/36097] INFO  ozone.MiniOzoneClusterImpl (MiniOzoneClusterImpl.java:lambda$waitForClusterToBeReady$0(219)) - Waiting for cluster to exit safe mode
2022-09-08 01:54:37,669 [Listener at 127.0.0.1/36097] INFO  ozone.MiniOzoneClusterImpl (MiniOzoneClusterImpl.java:lambda$waitForClusterToBeReady$0(221)) - SCM became leader
2022-09-08 01:54:37,787 [EndpointStateMachine task thread for /0.0.0.0:43843 - 0 ] INFO  volume.HddsVolume (HddsVolume.java:createDbStore(310)) - SchemaV3 db is created and loaded at /home/runner/work/ozone/ozone/hadoop-ozone/integration-test/target/test-dir/MiniOzoneClusterImpl-057c3a95-4ef9-4349-8946-0241b22cf071/datanode-2/data-0/containers/hdds/057c3a95-4ef9-4349-8946-0241b22cf071/DS-c6e4fd9b-b1a7-4b17-aa0a-0c0bd29a58b3/container.db for volume DS-c6e4fd9b-b1a7-4b17-aa0a-0c0bd29a58b3
2022-09-08 01:54:37,788 [EndpointStateMachine task thread for /0.0.0.0:43843 - 0 ] INFO  volume.HddsVolume (HddsVolume.java:closeDbStore(341)) - SchemaV3 db is stopped at /home/runner/work/ozone/ozone/hadoop-ozone/integration-test/target/test-dir/MiniOzoneClusterImpl-057c3a95-4ef9-4349-8946-0241b22cf071/datanode-2/data-0/containers/hdds/057c3a95-4ef9-4349-8946-0241b22cf071/DS-c6e4fd9b-b1a7-4b17-aa0a-0c0bd29a58b3/container.db for volume DS-c6e4fd9b-b1a7-4b17-aa0a-0c0bd29a58b3
2022-09-08 01:54:37,788 [EndpointStateMachine task thread for /0.0.0.0:43843 - 0 ] INFO  ozoneimpl.OzoneContainer (OzoneContainer.java:start(378)) - Attempting to start container services.
2022-09-08 01:54:37,788 [EndpointStateMachine task thread for /0.0.0.0:43843 - 0 ] INFO  ozoneimpl.OzoneContainer (OzoneContainer.java:startContainerScrub(313)) - Background container scanner has been disabled.
2022-09-08 01:54:37,801 [EndpointStateMachine task thread for /0.0.0.0:43843 - 0 ] INFO  replication.ReplicationServer (ReplicationServer.java:start(111)) - ReplicationServer is started using port 38139
2022-09-08 01:54:37,821 [EndpointStateMachine task thread for /0.0.0.0:43843 - 0 ] INFO  ratis.XceiverServerRatis (XceiverServerRatis.java:start(481)) - Starting XceiverServerRatis 2c3d1cb2-60a6-41ea-8ac9-22673eb6bb0a
2022-09-08 01:54:37,821 [EndpointStateMachine task thread for /0.0.0.0:43843 - 0 ] INFO  server.RaftServer (RaftServerProxy.java:lambda$start$6(382)) - 2c3d1cb2-60a6-41ea-8ac9-22673eb6bb0a: start RPC server
2022-09-08 01:54:37,834 [EndpointStateMachine task thread for /0.0.0.0:43843 - 0 ] INFO  server.GrpcService (GrpcService.java:startImpl(260)) - 2c3d1cb2-60a6-41ea-8ac9-22673eb6bb0a: GrpcService started, listening on 34551
2022-09-08 01:54:37,845 [EndpointStateMachine task thread for /0.0.0.0:43843 - 0 ] INFO  ratis.XceiverServerRatis (XceiverServerRatis.java:getRealPort(502)) - XceiverServerRatis 2c3d1cb2-60a6-41ea-8ac9-22673eb6bb0a is started using port 34551 for RATIS
2022-09-08 01:54:37,845 [EndpointStateMachine task thread for /0.0.0.0:43843 - 0 ] INFO  ratis.XceiverServerRatis (XceiverServerRatis.java:getRealPort(502)) - XceiverServerRatis 2c3d1cb2-60a6-41ea-8ac9-22673eb6bb0a is started using port 34551 for RATIS_ADMIN
2022-09-08 01:54:37,845 [EndpointStateMachine task thread for /0.0.0.0:43843 - 0 ] INFO  ratis.XceiverServerRatis (XceiverServerRatis.java:getRealPort(502)) - XceiverServerRatis 2c3d1cb2-60a6-41ea-8ac9-22673eb6bb0a is started using port 34551 for RATIS_SERVER
2022-09-08 01:54:37,845 [org.apache.ratis.util.JvmPauseMonitor$$Lambda$687/845490267@2434d6f1] INFO  util.JvmPauseMonitor (JvmPauseMonitor.java:run(103)) - JvmPauseMonitor-2c3d1cb2-60a6-41ea-8ac9-22673eb6bb0a: Started
2022-09-08 01:54:37,882 [EndpointStateMachine task thread for /0.0.0.0:43843 - 0 ] INFO  server.XceiverServerGrpc (XceiverServerGrpc.java:start(180)) - XceiverServerGrpc 2c3d1cb2-60a6-41ea-8ac9-22673eb6bb0a is started using port 46301
2022-09-08 01:54:38,637 [IPC Server handler 0 on default port 43843] INFO  net.NetworkTopologyImpl (NetworkTopologyImpl.java:add(112)) - Added a new node: /default-rack/e9c9b112-6330-4444-b5c6-8395fb60ec45
2022-09-08 01:54:38,637 [IPC Server handler 0 on default port 43843] INFO  node.SCMNodeManager (SCMNodeManager.java:register(397)) - Registered Data node : e9c9b112-6330-4444-b5c6-8395fb60ec45{ip: 10.1.1.0, host: fv-az38-857.qiceih3q1hfe5a3ai3y3qk2fta.cx.internal.cloudapp.net, ports: [REPLICATION=37503, RATIS=35177, RATIS_ADMIN=35177, RATIS_SERVER=35177, STANDALONE=35273], networkLocation: /default-rack, certSerialId: null, persistedOpState: null, persistedOpStateExpiryEpochSec: 0}
2022-09-08 01:54:38,657 [EventQueue-NodeRegistrationContainerReportForContainerSafeModeRule] INFO  safemode.SCMSafeModeManager (SCMSafeModeManager.java:validateSafeModeExitRules(204)) - ContainerSafeModeRule rule is successfully validated
2022-09-08 01:54:38,660 [EventQueue-NodeRegistrationContainerReportForDataNodeSafeModeRule] INFO  safemode.SCMSafeModeManager (DataNodeSafeModeRule.java:process(71)) - SCM in safe mode. 1 DataNodes registered, 3 required.
2022-09-08 01:54:38,670 [EventQueue-NewNodeForNewNodeHandler] INFO  pipeline.BackgroundPipelineCreator (BackgroundPipelineCreator.java:notifyEventTriggered(276)) - trigger a one-shot run on RatisPipelineUtilsThread.
2022-09-08 01:54:38,670 [RatisPipelineUtilsThread - 0] INFO  pipeline.RatisPipelineProvider (RatisPipelineProvider.java:lambda$create$0(195)) - Sending CreatePipelineCommand for pipeline:PipelineID=2f9be47b-fda6-4cd0-94ba-bb8b2d4fdaf8 to datanode:e9c9b112-6330-4444-b5c6-8395fb60ec45
2022-09-08 01:54:38,671 [EventQueue-PipelineReportForOneReplicaPipelineSafeModeRule] INFO  safemode.SCMSafeModeManager (SCMSafeModeManager.java:validateSafeModeExitRules(204)) - AtleastOneDatanodeReportedRule rule is successfully validated
2022-09-08 01:54:38,677 [RatisPipelineUtilsThread - 0] INFO  pipeline.PipelineStateManagerImpl (PipelineStateManagerImpl.java:addPipeline(103)) - Created pipeline Pipeline[ Id: 2f9be47b-fda6-4cd0-94ba-bb8b2d4fdaf8, Nodes: e9c9b112-6330-4444-b5c6-8395fb60ec45{ip: 10.1.1.0, host: fv-az38-857.qiceih3q1hfe5a3ai3y3qk2fta.cx.internal.cloudapp.net, ports: [REPLICATION=37503, RATIS=35177, RATIS_ADMIN=35177, RATIS_SERVER=35177, STANDALONE=35273], networkLocation: /default-rack, certSerialId: null, persistedOpState: IN_SERVICE, persistedOpStateExpiryEpochSec: 0}, ReplicationConfig: RATIS/ONE, State:ALLOCATED, leaderId:, CreationTimestamp2022-09-08T01:54:38.670Z[Etc/UTC]].
2022-09-08 01:54:38,677 [Listener at 127.0.0.1/36097] INFO  ozone.MiniOzoneClusterImpl (MiniOzoneClusterImpl.java:lambda$waitForClusterToBeReady$0(216)) - Waiting for nodes to be ready. Got 1 of 3 DN Heartbeats.
2022-09-08 01:54:38,678 [Listener at 127.0.0.1/36097] INFO  ozone.MiniOzoneClusterImpl (MiniOzoneClusterImpl.java:lambda$waitForClusterToBeReady$0(219)) - Waiting for cluster to exit safe mode
2022-09-08 01:54:38,678 [Listener at 127.0.0.1/36097] INFO  ozone.MiniOzoneClusterImpl (MiniOzoneClusterImpl.java:lambda$waitForClusterToBeReady$0(221)) - SCM became leader
2022-09-08 01:54:39,202 [IPC Server handler 0 on default port 43843] INFO  net.NetworkTopologyImpl (NetworkTopologyImpl.java:add(112)) - Added a new node: /default-rack/eb925032-2c23-4938-b2a7-edb9189c0df9
2022-09-08 01:54:39,202 [IPC Server handler 0 on default port 43843] INFO  node.SCMNodeManager (SCMNodeManager.java:register(397)) - Registered Data node : eb925032-2c23-4938-b2a7-edb9189c0df9{ip: 10.1.1.0, host: fv-az38-857.qiceih3q1hfe5a3ai3y3qk2fta.cx.internal.cloudapp.net, ports: [REPLICATION=34661, RATIS=44933, RATIS_ADMIN=44933, RATIS_SERVER=44933, STANDALONE=41527], networkLocation: /default-rack, certSerialId: null, persistedOpState: null, persistedOpStateExpiryEpochSec: 0}
2022-09-08 01:54:39,202 [EventQueue-NewNodeForNewNodeHandler] INFO  pipeline.BackgroundPipelineCreator (BackgroundPipelineCreator.java:notifyEventTriggered(276)) - trigger a one-shot run on RatisPipelineUtilsThread.
2022-09-08 01:54:39,208 [RatisPipelineUtilsThread - 0] INFO  pipeline.RatisPipelineProvider (RatisPipelineProvider.java:lambda$create$0(195)) - Sending CreatePipelineCommand for pipeline:PipelineID=b48a6cdc-3b2f-4f03-a56b-eb7f9017c60d to datanode:eb925032-2c23-4938-b2a7-edb9189c0df9
2022-09-08 01:54:39,208 [RatisPipelineUtilsThread - 0] INFO  pipeline.PipelineStateManagerImpl (PipelineStateManagerImpl.java:addPipeline(103)) - Created pipeline Pipeline[ Id: b48a6cdc-3b2f-4f03-a56b-eb7f9017c60d, Nodes: eb925032-2c23-4938-b2a7-edb9189c0df9{ip: 10.1.1.0, host: fv-az38-857.qiceih3q1hfe5a3ai3y3qk2fta.cx.internal.cloudapp.net, ports: [REPLICATION=34661, RATIS=44933, RATIS_ADMIN=44933, RATIS_SERVER=44933, STANDALONE=41527], networkLocation: /default-rack, certSerialId: null, persistedOpState: IN_SERVICE, persistedOpStateExpiryEpochSec: 0}, ReplicationConfig: RATIS/ONE, State:ALLOCATED, leaderId:, CreationTimestamp2022-09-08T01:54:39.208Z[Etc/UTC]].
2022-09-08 01:54:39,209 [EventQueue-NodeRegistrationContainerReportForDataNodeSafeModeRule] INFO  safemode.SCMSafeModeManager (DataNodeSafeModeRule.java:process(71)) - SCM in safe mode. 2 DataNodes registered, 3 required.
2022-09-08 01:54:39,678 [Listener at 127.0.0.1/36097] INFO  ozone.MiniOzoneClusterImpl (MiniOzoneClusterImpl.java:lambda$waitForClusterToBeReady$0(216)) - Waiting for nodes to be ready. Got 2 of 3 DN Heartbeats.
2022-09-08 01:54:39,678 [Listener at 127.0.0.1/36097] INFO  ozone.MiniOzoneClusterImpl (MiniOzoneClusterImpl.java:lambda$waitForClusterToBeReady$0(219)) - Waiting for cluster to exit safe mode
2022-09-08 01:54:39,678 [Listener at 127.0.0.1/36097] INFO  ozone.MiniOzoneClusterImpl (MiniOzoneClusterImpl.java:lambda$waitForClusterToBeReady$0(221)) - SCM became leader
2022-09-08 01:54:39,742 [IPC Server handler 8 on default port 43843] INFO  net.NetworkTopologyImpl (NetworkTopologyImpl.java:add(112)) - Added a new node: /default-rack/2c3d1cb2-60a6-41ea-8ac9-22673eb6bb0a
2022-09-08 01:54:39,742 [IPC Server handler 8 on default port 43843] INFO  node.SCMNodeManager (SCMNodeManager.java:register(397)) - Registered Data node : 2c3d1cb2-60a6-41ea-8ac9-22673eb6bb0a{ip: 10.1.1.0, host: fv-az38-857.qiceih3q1hfe5a3ai3y3qk2fta.cx.internal.cloudapp.net, ports: [REPLICATION=38139, RATIS=34551, RATIS_ADMIN=34551, RATIS_SERVER=34551, STANDALONE=46301], networkLocation: /default-rack, certSerialId: null, persistedOpState: null, persistedOpStateExpiryEpochSec: 0}
2022-09-08 01:54:39,742 [EventQueue-NewNodeForNewNodeHandler] INFO  pipeline.BackgroundPipelineCreator (BackgroundPipelineCreator.java:notifyEventTriggered(276)) - trigger a one-shot run on RatisPipelineUtilsThread.
2022-09-08 01:54:39,765 [RatisPipelineUtilsThread - 0] INFO  pipeline.RatisPipelineProvider (RatisPipelineProvider.java:lambda$create$0(195)) - Sending CreatePipelineCommand for pipeline:PipelineID=ea259136-fcd7-4237-b96f-0a8ee958c78a to datanode:2c3d1cb2-60a6-41ea-8ac9-22673eb6bb0a
2022-09-08 01:54:39,766 [RatisPipelineUtilsThread - 0] INFO  pipeline.PipelineStateManagerImpl (PipelineStateManagerImpl.java:addPipeline(103)) - Created pipeline Pipeline[ Id: ea259136-fcd7-4237-b96f-0a8ee958c78a, Nodes: 2c3d1cb2-60a6-41ea-8ac9-22673eb6bb0a{ip: 10.1.1.0, host: fv-az38-857.qiceih3q1hfe5a3ai3y3qk2fta.cx.internal.cloudapp.net, ports: [REPLICATION=38139, RATIS=34551, RATIS_ADMIN=34551, RATIS_SERVER=34551, STANDALONE=46301], networkLocation: /default-rack, certSerialId: null, persistedOpState: IN_SERVICE, persistedOpStateExpiryEpochSec: 0}, ReplicationConfig: RATIS/ONE, State:ALLOCATED, leaderId:, CreationTimestamp2022-09-08T01:54:39.765Z[Etc/UTC]].
2022-09-08 01:54:39,771 [EventQueue-NodeRegistrationContainerReportForDataNodeSafeModeRule] INFO  safemode.SCMSafeModeManager (DataNodeSafeModeRule.java:process(71)) - SCM in safe mode. 3 DataNodes registered, 3 required.
2022-09-08 01:54:39,771 [EventQueue-NodeRegistrationContainerReportForDataNodeSafeModeRule] INFO  safemode.SCMSafeModeManager (SCMSafeModeManager.java:validateSafeModeExitRules(204)) - DataNodeSafeModeRule rule is successfully validated
2022-09-08 01:54:39,771 [EventQueue-NodeRegistrationContainerReportForDataNodeSafeModeRule] INFO  safemode.SCMSafeModeManager (SCMSafeModeManager.java:completePreCheck(233)) - All SCM safe mode pre check rules have passed
2022-09-08 01:54:39,771 [EventQueue-NodeRegistrationContainerReportForDataNodeSafeModeRule] WARN  events.EventQueue (EventQueue.java:fireEvent(216)) - No event handler registered for event TypedEvent{payloadType=SafeModeStatus, name='Safe mode status'}
2022-09-08 01:54:39,771 [EventQueue-NodeRegistrationContainerReportForDataNodeSafeModeRule] INFO  ha.SCMContext (SCMContext.java:updateSafeModeStatus(228)) - Update SafeModeStatus from SafeModeStatus{safeModeStatus=true, preCheckPassed=false} to SafeModeStatus{safeModeStatus=true, preCheckPassed=true}.
2022-09-08 01:54:39,771 [EventQueue-NodeRegistrationContainerReportForDataNodeSafeModeRule] INFO  pipeline.BackgroundPipelineCreator (BackgroundPipelineCreator.java:notifyEventTriggered(276)) - trigger a one-shot run on RatisPipelineUtilsThread.
2022-09-08 01:54:39,771 [RatisPipelineUtilsThread - 0] INFO  pipeline.RatisPipelineProvider (RatisPipelineProvider.java:lambda$create$0(195)) - Sending CreatePipelineCommand for pipeline:PipelineID=1abd95a9-f9d0-4c65-ba1d-bd1f1979fc84 to datanode:eb925032-2c23-4938-b2a7-edb9189c0df9
2022-09-08 01:54:39,771 [RatisPipelineUtilsThread - 0] INFO  pipeline.RatisPipelineProvider (RatisPipelineProvider.java:lambda$create$0(195)) - Sending CreatePipelineCommand for pipeline:PipelineID=1abd95a9-f9d0-4c65-ba1d-bd1f1979fc84 to datanode:e9c9b112-6330-4444-b5c6-8395fb60ec45
2022-09-08 01:54:39,771 [RatisPipelineUtilsThread - 0] INFO  pipeline.RatisPipelineProvider (RatisPipelineProvider.java:lambda$create$0(195)) - Sending CreatePipelineCommand for pipeline:PipelineID=1abd95a9-f9d0-4c65-ba1d-bd1f1979fc84 to datanode:2c3d1cb2-60a6-41ea-8ac9-22673eb6bb0a
2022-09-08 01:54:39,772 [RatisPipelineUtilsThread - 0] INFO  pipeline.PipelineStateManagerImpl (PipelineStateManagerImpl.java:addPipeline(103)) - Created pipeline Pipeline[ Id: 1abd95a9-f9d0-4c65-ba1d-bd1f1979fc84, Nodes: eb925032-2c23-4938-b2a7-edb9189c0df9{ip: 10.1.1.0, host: fv-az38-857.qiceih3q1hfe5a3ai3y3qk2fta.cx.internal.cloudapp.net, ports: [REPLICATION=34661, RATIS=44933, RATIS_ADMIN=44933, RATIS_SERVER=44933, STANDALONE=41527], networkLocation: /default-rack, certSerialId: null, persistedOpState: IN_SERVICE, persistedOpStateExpiryEpochSec: 0}e9c9b112-6330-4444-b5c6-8395fb60ec45{ip: 10.1.1.0, host: fv-az38-857.qiceih3q1hfe5a3ai3y3qk2fta.cx.internal.cloudapp.net, ports: [REPLICATION=37503, RATIS=35177, RATIS_ADMIN=35177, RATIS_SERVER=35177, STANDALONE=35273], networkLocation: /default-rack, certSerialId: null, persistedOpState: IN_SERVICE, persistedOpStateExpiryEpochSec: 0}2c3d1cb2-60a6-41ea-8ac9-22673eb6bb0a{ip: 10.1.1.0, host: fv-az38-857.qiceih3q1hfe5a3ai3y3qk2fta.cx.internal.cloudapp.net, ports: [REPLICATION=38139, RATIS=34551, RATIS_ADMIN=34551, RATIS_SERVER=34551, STANDALONE=46301], networkLocation: /default-rack, certSerialId: null, persistedOpState: IN_SERVICE, persistedOpStateExpiryEpochSec: 0}, ReplicationConfig: RATIS/THREE, State:ALLOCATED, leaderId:, CreationTimestamp2022-09-08T01:54:39.771Z[Etc/UTC]].
2022-09-08 01:54:39,772 [RatisPipelineUtilsThread - 0] INFO  pipeline.RatisPipelineProvider (RatisPipelineProvider.java:lambda$create$0(195)) - Sending CreatePipelineCommand for pipeline:PipelineID=b0fb3cf7-bbc2-4c29-9dce-746216ac3183 to datanode:eb925032-2c23-4938-b2a7-edb9189c0df9
2022-09-08 01:54:39,772 [RatisPipelineUtilsThread - 0] INFO  pipeline.RatisPipelineProvider (RatisPipelineProvider.java:lambda$create$0(195)) - Sending CreatePipelineCommand for pipeline:PipelineID=b0fb3cf7-bbc2-4c29-9dce-746216ac3183 to datanode:2c3d1cb2-60a6-41ea-8ac9-22673eb6bb0a
2022-09-08 01:54:39,772 [RatisPipelineUtilsThread - 0] INFO  pipeline.RatisPipelineProvider (RatisPipelineProvider.java:lambda$create$0(195)) - Sending CreatePipelineCommand for pipeline:PipelineID=b0fb3cf7-bbc2-4c29-9dce-746216ac3183 to datanode:e9c9b112-6330-4444-b5c6-8395fb60ec45
2022-09-08 01:54:39,773 [RatisPipelineUtilsThread - 0] INFO  pipeline.PipelineStateManagerImpl (PipelineStateManagerImpl.java:addPipeline(103)) - Created pipeline Pipeline[ Id: b0fb3cf7-bbc2-4c29-9dce-746216ac3183, Nodes: eb925032-2c23-4938-b2a7-edb9189c0df9{ip: 10.1.1.0, host: fv-az38-857.qiceih3q1hfe5a3ai3y3qk2fta.cx.internal.cloudapp.net, ports: [REPLICATION=34661, RATIS=44933, RATIS_ADMIN=44933, RATIS_SERVER=44933, STANDALONE=41527], networkLocation: /default-rack, certSerialId: null, persistedOpState: IN_SERVICE, persistedOpStateExpiryEpochSec: 0}2c3d1cb2-60a6-41ea-8ac9-22673eb6bb0a{ip: 10.1.1.0, host: fv-az38-857.qiceih3q1hfe5a3ai3y3qk2fta.cx.internal.cloudapp.net, ports: [REPLICATION=38139, RATIS=34551, RATIS_ADMIN=34551, RATIS_SERVER=34551, STANDALONE=46301], networkLocation: /default-rack, certSerialId: null, persistedOpState: IN_SERVICE, persistedOpStateExpiryEpochSec: 0}e9c9b112-6330-4444-b5c6-8395fb60ec45{ip: 10.1.1.0, host: fv-az38-857.qiceih3q1hfe5a3ai3y3qk2fta.cx.internal.cloudapp.net, ports: [REPLICATION=37503, RATIS=35177, RATIS_ADMIN=35177, RATIS_SERVER=35177, STANDALONE=35273], networkLocation: /default-rack, certSerialId: null, persistedOpState: IN_SERVICE, persistedOpStateExpiryEpochSec: 0}, ReplicationConfig: RATIS/THREE, State:ALLOCATED, leaderId:, CreationTimestamp2022-09-08T01:54:39.772Z[Etc/UTC]].
2022-09-08 01:54:39,773 [RatisPipelineUtilsThread - 0] INFO  pipeline.PipelineManagerImpl (PipelineManagerImpl.java:recordMetricsForPipeline(796)) - Pipeline: PipelineID=b0fb3cf7-bbc2-4c29-9dce-746216ac3183 contains same datanodes as previous pipelines: PipelineID=1abd95a9-f9d0-4c65-ba1d-bd1f1979fc84 nodeIds: eb925032-2c23-4938-b2a7-edb9189c0df9, 2c3d1cb2-60a6-41ea-8ac9-22673eb6bb0a, e9c9b112-6330-4444-b5c6-8395fb60ec45
2022-09-08 01:54:40,678 [Listener at 127.0.0.1/36097] INFO  ozone.MiniOzoneClusterImpl (MiniOzoneClusterImpl.java:lambda$waitForClusterToBeReady$0(216)) - Nodes are ready. Got 3 of 3 DN Heartbeats.
2022-09-08 01:54:40,679 [Listener at 127.0.0.1/36097] INFO  ozone.MiniOzoneClusterImpl (MiniOzoneClusterImpl.java:lambda$waitForClusterToBeReady$0(219)) - Waiting for cluster to exit safe mode
2022-09-08 01:54:40,679 [Listener at 127.0.0.1/36097] INFO  ozone.MiniOzoneClusterImpl (MiniOzoneClusterImpl.java:lambda$waitForClusterToBeReady$0(221)) - SCM became leader
2022-09-08 01:54:40,716 [OverReplicatedQueueThreadThread] INFO  replication.OverReplicatedProcessor (OverReplicatedProcessor.java:processAll(83)) - Processed 0 over replicated containers, failed processing 0
2022-09-08 01:54:40,721 [UnderReplicatedQueueThreadThread] INFO  replication.UnderReplicatedProcessor (UnderReplicatedProcessor.java:processAll(85)) - Processed 0 under replicated containers, failed processing 0
2022-09-08 01:54:41,572 [UnderReplicatedQueueThreadThread] INFO  replication.UnderReplicatedProcessor (UnderReplicatedProcessor.java:processAll(85)) - Processed 0 under replicated containers, failed processing 0
2022-09-08 01:54:41,572 [OverReplicatedQueueThreadThread] INFO  replication.OverReplicatedProcessor (OverReplicatedProcessor.java:processAll(83)) - Processed 0 over replicated containers, failed processing 0
2022-09-08 01:54:41,668 [Command processor thread] INFO  server.RaftServer (RaftServerProxy.java:addNew(96)) - e9c9b112-6330-4444-b5c6-8395fb60ec45: addNew group-BB8B2D4FDAF8:[e9c9b112-6330-4444-b5c6-8395fb60ec45|rpc:10.1.1.0:35177|priority:1] returns group-BB8B2D4FDAF8:java.util.concurrent.CompletableFuture@77c9f193[Not completed]
2022-09-08 01:54:41,669 [pool-802-thread-1] INFO  server.RaftServer$Division (RaftServerImpl.java:<init>(190)) - e9c9b112-6330-4444-b5c6-8395fb60ec45: new RaftServerImpl for group-BB8B2D4FDAF8:[e9c9b112-6330-4444-b5c6-8395fb60ec45|rpc:10.1.1.0:35177|priority:1] with ContainerStateMachine:uninitialized
2022-09-08 01:54:41,669 [pool-802-thread-1] INFO  server.RaftServerConfigKeys (ConfUtils.java:logGet(46)) - raft.server.rpc.timeout.min = 5s (custom)
2022-09-08 01:54:41,669 [pool-802-thread-1] INFO  server.RaftServerConfigKeys (ConfUtils.java:logGet(46)) - raft.server.rpc.timeout.max = 5200ms (custom)
2022-09-08 01:54:41,670 [pool-802-thread-1] INFO  server.RaftServerConfigKeys (ConfUtils.java:logGet(46)) - raft.server.rpc.sleep.time = 25ms (default)
2022-09-08 01:54:41,670 [pool-802-thread-1] INFO  server.RaftServerConfigKeys (ConfUtils.java:logGet(46)) - raft.server.rpc.slowness.timeout = 300s (custom)
2022-09-08 01:54:41,670 [pool-802-thread-1] INFO  server.RaftServerConfigKeys (ConfUtils.java:logGet(46)) - raft.server.leaderelection.leader.step-down.wait-time = 10s (default)
2022-09-08 01:54:41,670 [pool-802-thread-1] INFO  server.RaftServerConfigKeys (ConfUtils.java:logGet(46)) - raft.server.sleep.deviation.threshold = 300ms (default)
2022-09-08 01:54:41,670 [pool-802-thread-1] INFO  server.RaftServer$Division (ServerState.java:<init>(107)) - e9c9b112-6330-4444-b5c6-8395fb60ec45@group-BB8B2D4FDAF8: ConfigurationManager, init=-1: [e9c9b112-6330-4444-b5c6-8395fb60ec45|rpc:10.1.1.0:35177|priority:1], old=null, confs=<EMPTY_MAP>
2022-09-08 01:54:41,670 [pool-802-thread-1] INFO  server.RaftServerConfigKeys (ConfUtils.java:logGet(46)) - raft.server.storage.dir = [/home/runner/work/ozone/ozone/hadoop-ozone/integration-test/target/test-dir/MiniOzoneClusterImpl-057c3a95-4ef9-4349-8946-0241b22cf071/datanode-0/data/ratis] (custom)
2022-09-08 01:54:41,670 [pool-802-thread-1] INFO  server.RaftServerConfigKeys (ConfUtils.java:logGet(46)) - raft.server.log.corruption.policy = EXCEPTION (default)
2022-09-08 01:54:41,670 [pool-802-thread-1] INFO  server.RaftServerConfigKeys (ConfUtils.java:logGet(46)) - raft.server.storage.free-space.min = 0MB (=0) (default)
2022-09-08 01:54:41,670 [pool-802-thread-1] INFO  storage.RaftStorageDirectory (RaftStorageDirectoryImpl.java:analyzeStorage(135)) - The storage directory /home/runner/work/ozone/ozone/hadoop-ozone/integration-test/target/test-dir/MiniOzoneClusterImpl-057c3a95-4ef9-4349-8946-0241b22cf071/datanode-0/data/ratis/2f9be47b-fda6-4cd0-94ba-bb8b2d4fdaf8 does not exist. Creating ...
2022-09-08 01:54:41,673 [pool-802-thread-1] INFO  storage.RaftStorageDirectory (RaftStorageDirectoryImpl.java:tryLock(230)) - Lock on /home/runner/work/ozone/ozone/hadoop-ozone/integration-test/target/test-dir/MiniOzoneClusterImpl-057c3a95-4ef9-4349-8946-0241b22cf071/datanode-0/data/ratis/2f9be47b-fda6-4cd0-94ba-bb8b2d4fdaf8/in_use.lock acquired by nodename 132736@fv-az38-857
2022-09-08 01:54:41,679 [Listener at 127.0.0.1/36097] INFO  ozone.MiniOzoneClusterImpl (MiniOzoneClusterImpl.java:lambda$waitForClusterToBeReady$0(216)) - Nodes are ready. Got 3 of 3 DN Heartbeats.
2022-09-08 01:54:41,679 [Listener at 127.0.0.1/36097] INFO  ozone.MiniOzoneClusterImpl (MiniOzoneClusterImpl.java:lambda$waitForClusterToBeReady$0(219)) - Waiting for cluster to exit safe mode
2022-09-08 01:54:41,679 [Listener at 127.0.0.1/36097] INFO  ozone.MiniOzoneClusterImpl (MiniOzoneClusterImpl.java:lambda$waitForClusterToBeReady$0(221)) - SCM became leader
2022-09-08 01:54:41,699 [pool-802-thread-1] INFO  storage.RaftStorage (RaftStorageImpl.java:format(89)) - Storage directory /home/runner/work/ozone/ozone/hadoop-ozone/integration-test/target/test-dir/MiniOzoneClusterImpl-057c3a95-4ef9-4349-8946-0241b22cf071/datanode-0/data/ratis/2f9be47b-fda6-4cd0-94ba-bb8b2d4fdaf8 has been successfully formatted.
2022-09-08 01:54:41,723 [pool-802-thread-1] INFO  ratis.ContainerStateMachine (ContainerStateMachine.java:loadSnapshot(236)) - group-BB8B2D4FDAF8: The snapshot info is null. Setting the last applied indexto:(t:0, i:~)
2022-09-08 01:54:41,741 [pool-802-thread-1] INFO  server.RaftServerConfigKeys (ConfUtils.java:logGet(46)) - raft.server.notification.no-leader.timeout = 300s (custom)
2022-09-08 01:54:41,741 [pool-802-thread-1] INFO  server.RaftServerConfigKeys (ConfUtils.java:logGet(46)) - raft.server.log.use.memory = false (default)
2022-09-08 01:54:41,741 [pool-802-thread-1] INFO  server.RaftServerConfigKeys (ConfUtils.java:logGet(46)) - raft.server.log.purge.gap = 1000000 (custom)
2022-09-08 01:54:41,741 [pool-802-thread-1] INFO  server.RaftServerConfigKeys (ConfUtils.java:logGet(46)) - raft.server.log.appender.buffer.byte-limit = 33554432 (custom)
2022-09-08 01:54:41,741 [pool-802-thread-1] INFO  server.RaftServerConfigKeys (ConfUtils.java:logGet(46)) - raft.server.log.statemachine.data.read.timeout = 1000ms (default)
2022-09-08 01:54:41,741 [pool-802-thread-1] INFO  server.RaftServerConfigKeys (ConfUtils.java:logGet(46)) - raft.server.log.segment.size.max = 1048576 (custom)
2022-09-08 01:54:41,741 [pool-802-thread-1] INFO  server.RaftServerConfigKeys (ConfUtils.java:logGet(46)) - raft.server.log.segment.cache.num.max = 2 (custom)
2022-09-08 01:54:41,741 [pool-802-thread-1] INFO  server.RaftServerConfigKeys (ConfUtils.java:logGet(46)) - raft.server.log.segment.cache.size.max = 200MB (=209715200) (default)
2022-09-08 01:54:41,742 [pool-802-thread-1] INFO  segmented.SegmentedRaftLogWorker (SegmentedRaftLogWorker.java:<init>(187)) - new e9c9b112-6330-4444-b5c6-8395fb60ec45@group-BB8B2D4FDAF8-SegmentedRaftLogWorker for RaftStorageImpl:Storage Directory /home/runner/work/ozone/ozone/hadoop-ozone/integration-test/target/test-dir/MiniOzoneClusterImpl-057c3a95-4ef9-4349-8946-0241b22cf071/datanode-0/data/ratis/2f9be47b-fda6-4cd0-94ba-bb8b2d4fdaf8
2022-09-08 01:54:41,742 [pool-802-thread-1] INFO  server.RaftServerConfigKeys (ConfUtils.java:logGet(46)) - raft.server.log.queue.byte-limit = 4294967296 (custom)
2022-09-08 01:54:41,742 [pool-802-thread-1] INFO  server.RaftServerConfigKeys (ConfUtils.java:logGet(46)) - raft.server.log.queue.element-limit = 1024 (custom)
2022-09-08 01:54:41,742 [pool-802-thread-1] INFO  server.RaftServerConfigKeys (ConfUtils.java:logGet(46)) - raft.server.log.segment.size.max = 1048576 (custom)
2022-09-08 01:54:41,742 [pool-802-thread-1] INFO  server.RaftServerConfigKeys (ConfUtils.java:logGet(46)) - raft.server.log.preallocated.size = 16384 (custom)
2022-09-08 01:54:41,742 [pool-802-thread-1] INFO  server.RaftServerConfigKeys (ConfUtils.java:logGet(46)) - raft.server.log.force.sync.num = 128 (default)
2022-09-08 01:54:41,742 [pool-802-thread-1] INFO  server.RaftServerConfigKeys (ConfUtils.java:logGet(46)) - raft.server.log.statemachine.data.sync = true (default)
2022-09-08 01:54:41,742 [pool-802-thread-1] INFO  server.RaftServerConfigKeys (ConfUtils.java:logGet(46)) - raft.server.log.statemachine.data.sync.timeout = 10s (default)
2022-09-08 01:54:41,742 [pool-802-thread-1] INFO  server.RaftServerConfigKeys (ConfUtils.java:logGet(46)) - raft.server.log.statemachine.data.sync.timeout.retry = -1 (default)
2022-09-08 01:54:41,743 [pool-802-thread-1] INFO  server.RaftServerConfigKeys (ConfUtils.java:logGet(46)) - raft.server.log.write.buffer.size = 1048576 (custom)
2022-09-08 01:54:41,744 [pool-802-thread-1] INFO  server.RaftServerConfigKeys (ConfUtils.java:logGet(46)) - raft.server.log.unsafe-flush.enabled = false (default)
2022-09-08 01:54:41,744 [pool-802-thread-1] INFO  server.RaftServerConfigKeys (ConfUtils.java:logGet(46)) - raft.server.log.statemachine.data.caching.enabled = true (custom)
2022-09-08 01:54:41,744 [pool-802-thread-1] INFO  segmented.SegmentedRaftLogWorker (SegmentedRaftLogWorker.java:lambda$new$0(135)) - e9c9b112-6330-4444-b5c6-8395fb60ec45@group-BB8B2D4FDAF8-SegmentedRaftLogWorker: flushIndex: setUnconditionally 0 -> -1
2022-09-08 01:54:41,744 [pool-802-thread-1] INFO  segmented.SegmentedRaftLogWorker (SegmentedRaftLogWorker.java:lambda$new$0(135)) - e9c9b112-6330-4444-b5c6-8395fb60ec45@group-BB8B2D4FDAF8-SegmentedRaftLogWorker: safeCacheEvictIndex: setUnconditionally 0 -> -1
2022-09-08 01:54:41,750 [pool-802-thread-1] INFO  server.RaftServerConfigKeys (ConfUtils.java:logGet(46)) - raft.server.snapshot.auto.trigger.enabled = true (custom)
2022-09-08 01:54:41,751 [pool-802-thread-1] INFO  server.RaftServerConfigKeys (ConfUtils.java:logGet(46)) - raft.server.snapshot.auto.trigger.threshold = 10000 (custom)
2022-09-08 01:54:41,751 [pool-802-thread-1] INFO  server.RaftServerConfigKeys (ConfUtils.java:logGet(46)) - raft.server.snapshot.retention.file.num = 5 (custom)
2022-09-08 01:54:41,751 [pool-802-thread-1] INFO  server.RaftServerConfigKeys (ConfUtils.java:logGet(46)) - raft.server.log.purge.upto.snapshot.index = false (default)
2022-09-08 01:54:41,751 [pool-802-thread-1] INFO  server.RaftServerConfigKeys (ConfUtils.java:logGet(46)) - raft.server.retrycache.expirytime = 600000ms (custom)
2022-09-08 01:54:41,751 [pool-802-thread-1] INFO  server.RaftServerConfigKeys (ConfUtils.java:logGet(46)) - raft.server.retrycache.statistics.expirytime = 100μs (default)
2022-09-08 01:54:41,752 [pool-802-thread-1] INFO  server.RaftServerConfigKeys (ConfUtils.java:logGet(46)) - raft.server.log.appender.install.snapshot.enabled = false (custom)
2022-09-08 01:54:41,752 [pool-802-thread-1] INFO  server.RaftServerConfigKeys (ConfUtils.java:logGet(46)) - raft.server.threadpool.server.cached = true (default)
2022-09-08 01:54:41,752 [pool-802-thread-1] INFO  server.RaftServerConfigKeys (ConfUtils.java:logGet(46)) - raft.server.threadpool.server.size = 0 (default)
2022-09-08 01:54:41,752 [pool-802-thread-1] INFO  server.RaftServerConfigKeys (ConfUtils.java:logGet(46)) - raft.server.threadpool.client.cached = true (default)
2022-09-08 01:54:41,752 [pool-802-thread-1] INFO  server.RaftServerConfigKeys (ConfUtils.java:logGet(46)) - raft.server.threadpool.client.size = 0 (default)
2022-09-08 01:54:41,752 [pool-802-thread-1] INFO  server.RaftServer$Division (RaftServerImpl.java:start(310)) - e9c9b112-6330-4444-b5c6-8395fb60ec45@group-BB8B2D4FDAF8: start as a follower, conf=-1: [e9c9b112-6330-4444-b5c6-8395fb60ec45|rpc:10.1.1.0:35177|priority:1], old=null
2022-09-08 01:54:41,752 [pool-802-thread-1] INFO  server.RaftServer$Division (RaftServerImpl.java:setRole(299)) - e9c9b112-6330-4444-b5c6-8395fb60ec45@group-BB8B2D4FDAF8: changes role from      null to FOLLOWER at term 0 for startAsFollower
2022-09-08 01:54:41,758 [EventQueue-PipelineReportForPipelineReportHandler] INFO  pipeline.PipelineManagerImpl (PipelineManagerImpl.java:openPipeline(367)) - Pipeline Pipeline[ Id: 2f9be47b-fda6-4cd0-94ba-bb8b2d4fdaf8, Nodes: e9c9b112-6330-4444-b5c6-8395fb60ec45{ip: 10.1.1.0, host: fv-az38-857.qiceih3q1hfe5a3ai3y3qk2fta.cx.internal.cloudapp.net, ports: [REPLICATION=37503, RATIS=35177, RATIS_ADMIN=35177, RATIS_SERVER=35177, STANDALONE=35273], networkLocation: /default-rack, certSerialId: null, persistedOpState: IN_SERVICE, persistedOpStateExpiryEpochSec: 0}, ReplicationConfig: RATIS/ONE, State:ALLOCATED, leaderId:e9c9b112-6330-4444-b5c6-8395fb60ec45, CreationTimestamp2022-09-08T01:54:38.670Z[Etc/UTC]] moved to OPEN state
2022-09-08 01:54:41,773 [pool-802-thread-1] INFO  impl.RoleInfo (RoleInfo.java:updateAndGet(139)) - e9c9b112-6330-4444-b5c6-8395fb60ec45: start e9c9b112-6330-4444-b5c6-8395fb60ec45@group-BB8B2D4FDAF8-FollowerState
2022-09-08 01:54:41,805 [EventQueue-OpenPipelineForHealthyPipelineSafeModeRule] INFO  safemode.SCMSafeModeManager (HealthyPipelineSafeModeRule.java:process(137)) - SCM in safe mode. Healthy pipelines reported count is 0, required healthy pipeline reported count is 1
2022-09-08 01:54:41,806 [pool-802-thread-1] INFO  util.JmxRegister (JmxRegister.java:tryRegister(44)) - Successfully registered JMX Bean with object name Ratis:service=RaftServer,group=group-BB8B2D4FDAF8,id=e9c9b112-6330-4444-b5c6-8395fb60ec45
2022-09-08 01:54:41,811 [Command processor thread] INFO  ratis.XceiverServerRatis (XceiverServerRatis.java:addGroup(765)) - Created group PipelineID=2f9be47b-fda6-4cd0-94ba-bb8b2d4fdaf8
2022-09-08 01:54:41,811 [Command processor thread] INFO  commandhandler.CreatePipelineCommandHandler (CreatePipelineCommandHandler.java:handle(113)) - Created Pipeline RATIS ONE PipelineID=2f9be47b-fda6-4cd0-94ba-bb8b2d4fdaf8.
2022-09-08 01:54:41,811 [Command processor thread] INFO  server.RaftServer (RaftServerProxy.java:addNew(96)) - e9c9b112-6330-4444-b5c6-8395fb60ec45: addNew group-BD1F1979FC84:[e9c9b112-6330-4444-b5c6-8395fb60ec45|rpc:10.1.1.0:35177|priority:0, eb925032-2c23-4938-b2a7-edb9189c0df9|rpc:10.1.1.0:44933|priority:1, 2c3d1cb2-60a6-41ea-8ac9-22673eb6bb0a|rpc:10.1.1.0:34551|priority:0] returns group-BD1F1979FC84:java.util.concurrent.CompletableFuture@73f67bb2[Not completed]
2022-09-08 01:54:41,812 [pool-802-thread-1] INFO  server.RaftServer$Division (RaftServerImpl.java:<init>(190)) - e9c9b112-6330-4444-b5c6-8395fb60ec45: new RaftServerImpl for group-BD1F1979FC84:[e9c9b112-6330-4444-b5c6-8395fb60ec45|rpc:10.1.1.0:35177|priority:0, eb925032-2c23-4938-b2a7-edb9189c0df9|rpc:10.1.1.0:44933|priority:1, 2c3d1cb2-60a6-41ea-8ac9-22673eb6bb0a|rpc:10.1.1.0:34551|priority:0] with ContainerStateMachine:uninitialized
2022-09-08 01:54:41,812 [pool-802-thread-1] INFO  server.RaftServerConfigKeys (ConfUtils.java:logGet(46)) - raft.server.rpc.timeout.min = 5s (custom)
2022-09-08 01:54:41,812 [pool-802-thread-1] INFO  server.RaftServerConfigKeys (ConfUtils.java:logGet(46)) - raft.server.rpc.timeout.max = 5200ms (custom)
2022-09-08 01:54:41,812 [pool-802-thread-1] INFO  server.RaftServerConfigKeys (ConfUtils.java:logGet(46)) - raft.server.rpc.sleep.time = 25ms (default)
2022-09-08 01:54:41,812 [pool-802-thread-1] INFO  server.RaftServerConfigKeys (ConfUtils.java:logGet(46)) - raft.server.rpc.slowness.timeout = 300s (custom)
2022-09-08 01:54:41,812 [pool-802-thread-1] INFO  server.RaftServerConfigKeys (ConfUtils.java:logGet(46)) - raft.server.leaderelection.leader.step-down.wait-time = 10s (default)
2022-09-08 01:54:41,812 [pool-802-thread-1] INFO  server.RaftServerConfigKeys (ConfUtils.java:logGet(46)) - raft.server.sleep.deviation.threshold = 300ms (default)
2022-09-08 01:54:41,812 [pool-802-thread-1] INFO  server.RaftServer$Division (ServerState.java:<init>(107)) - e9c9b112-6330-4444-b5c6-8395fb60ec45@group-BD1F1979FC84: ConfigurationManager, init=-1: [e9c9b112-6330-4444-b5c6-8395fb60ec45|rpc:10.1.1.0:35177|priority:0, eb925032-2c23-4938-b2a7-edb9189c0df9|rpc:10.1.1.0:44933|priority:1, 2c3d1cb2-60a6-41ea-8ac9-22673eb6bb0a|rpc:10.1.1.0:34551|priority:0], old=null, confs=<EMPTY_MAP>
2022-09-08 01:54:41,812 [pool-802-thread-1] INFO  server.RaftServerConfigKeys (ConfUtils.java:logGet(46)) - raft.server.storage.dir = [/home/runner/work/ozone/ozone/hadoop-ozone/integration-test/target/test-dir/MiniOzoneClusterImpl-057c3a95-4ef9-4349-8946-0241b22cf071/datanode-0/data/ratis] (custom)
2022-09-08 01:54:41,813 [pool-802-thread-1] INFO  server.RaftServerConfigKeys (ConfUtils.java:logGet(46)) - raft.server.log.corruption.policy = EXCEPTION (default)
2022-09-08 01:54:41,813 [pool-802-thread-1] INFO  server.RaftServerConfigKeys (ConfUtils.java:logGet(46)) - raft.server.storage.free-space.min = 0MB (=0) (default)
2022-09-08 01:54:41,813 [pool-802-thread-1] INFO  storage.RaftStorageDirectory (RaftStorageDirectoryImpl.java:analyzeStorage(135)) - The storage directory /home/runner/work/ozone/ozone/hadoop-ozone/integration-test/target/test-dir/MiniOzoneClusterImpl-057c3a95-4ef9-4349-8946-0241b22cf071/datanode-0/data/ratis/1abd95a9-f9d0-4c65-ba1d-bd1f1979fc84 does not exist. Creating ...
2022-09-08 01:54:41,831 [pool-802-thread-1] INFO  storage.RaftStorageDirectory (RaftStorageDirectoryImpl.java:tryLock(230)) - Lock on /home/runner/work/ozone/ozone/hadoop-ozone/integration-test/target/test-dir/MiniOzoneClusterImpl-057c3a95-4ef9-4349-8946-0241b22cf071/datanode-0/data/ratis/1abd95a9-f9d0-4c65-ba1d-bd1f1979fc84/in_use.lock acquired by nodename 132736@fv-az38-857
2022-09-08 01:54:41,832 [pool-802-thread-1] INFO  storage.RaftStorage (RaftStorageImpl.java:format(89)) - Storage directory /home/runner/work/ozone/ozone/hadoop-ozone/integration-test/target/test-dir/MiniOzoneClusterImpl-057c3a95-4ef9-4349-8946-0241b22cf071/datanode-0/data/ratis/1abd95a9-f9d0-4c65-ba1d-bd1f1979fc84 has been successfully formatted.
2022-09-08 01:54:41,832 [pool-802-thread-1] INFO  ratis.ContainerStateMachine (ContainerStateMachine.java:loadSnapshot(236)) - group-BD1F1979FC84: The snapshot info is null. Setting the last applied indexto:(t:0, i:~)
2022-09-08 01:54:41,833 [pool-802-thread-1] INFO  server.RaftServerConfigKeys (ConfUtils.java:logGet(46)) - raft.server.notification.no-leader.timeout = 300s (custom)
2022-09-08 01:54:41,833 [pool-802-thread-1] INFO  server.RaftServerConfigKeys (ConfUtils.java:logGet(46)) - raft.server.log.use.memory = false (default)
2022-09-08 01:54:41,833 [pool-802-thread-1] INFO  server.RaftServerConfigKeys (ConfUtils.java:logGet(46)) - raft.server.log.purge.gap = 1000000 (custom)
2022-09-08 01:54:41,833 [pool-802-thread-1] INFO  server.RaftServerConfigKeys (ConfUtils.java:logGet(46)) - raft.server.log.appender.buffer.byte-limit = 33554432 (custom)
2022-09-08 01:54:41,834 [EventQueue-OpenPipelineForHealthyPipelineSafeModeRule] INFO  safemode.SCMSafeModeManager (HealthyPipelineSafeModeRule.java:process(137)) - SCM in safe mode. Healthy pipelines reported count is 0, required healthy pipeline reported count is 1
2022-09-08 01:54:41,846 [pool-802-thread-1] INFO  server.RaftServerConfigKeys (ConfUtils.java:logGet(46)) - raft.server.log.statemachine.data.read.timeout = 1000ms (default)
2022-09-08 01:54:41,846 [pool-802-thread-1] INFO  server.RaftServerConfigKeys (ConfUtils.java:logGet(46)) - raft.server.log.segment.size.max = 1048576 (custom)
2022-09-08 01:54:41,846 [pool-802-thread-1] INFO  server.RaftServerConfigKeys (ConfUtils.java:logGet(46)) - raft.server.log.segment.cache.num.max = 2 (custom)
2022-09-08 01:54:41,847 [pool-802-thread-1] INFO  server.RaftServerConfigKeys (ConfUtils.java:logGet(46)) - raft.server.log.segment.cache.size.max = 200MB (=209715200) (default)
2022-09-08 01:54:41,847 [pool-802-thread-1] INFO  segmented.SegmentedRaftLogWorker (SegmentedRaftLogWorker.java:<init>(187)) - new e9c9b112-6330-4444-b5c6-8395fb60ec45@group-BD1F1979FC84-SegmentedRaftLogWorker for RaftStorageImpl:Storage Directory /home/runner/work/ozone/ozone/hadoop-ozone/integration-test/target/test-dir/MiniOzoneClusterImpl-057c3a95-4ef9-4349-8946-0241b22cf071/datanode-0/data/ratis/1abd95a9-f9d0-4c65-ba1d-bd1f1979fc84
2022-09-08 01:54:41,847 [pool-802-thread-1] INFO  server.RaftServerConfigKeys (ConfUtils.java:logGet(46)) - raft.server.log.queue.byte-limit = 4294967296 (custom)
2022-09-08 01:54:41,847 [pool-802-thread-1] INFO  server.RaftServerConfigKeys (ConfUtils.java:logGet(46)) - raft.server.log.queue.element-limit = 1024 (custom)
2022-09-08 01:54:41,847 [pool-802-thread-1] INFO  server.RaftServerConfigKeys (ConfUtils.java:logGet(46)) - raft.server.log.segment.size.max = 1048576 (custom)
2022-09-08 01:54:41,847 [pool-802-thread-1] INFO  server.RaftServerConfigKeys (ConfUtils.java:logGet(46)) - raft.server.log.preallocated.size = 16384 (custom)
2022-09-08 01:54:41,847 [pool-802-thread-1] INFO  server.RaftServerConfigKeys (ConfUtils.java:logGet(46)) - raft.server.log.force.sync.num = 128 (default)
2022-09-08 01:54:41,847 [pool-802-thread-1] INFO  server.RaftServerConfigKeys (ConfUtils.java:logGet(46)) - raft.server.log.statemachine.data.sync = true (default)
2022-09-08 01:54:41,847 [pool-802-thread-1] INFO  server.RaftServerConfigKeys (ConfUtils.java:logGet(46)) - raft.server.log.statemachine.data.sync.timeout = 10s (default)
2022-09-08 01:54:41,847 [pool-802-thread-1] INFO  server.RaftServerConfigKeys (ConfUtils.java:logGet(46)) - raft.server.log.statemachine.data.sync.timeout.retry = -1 (default)
2022-09-08 01:54:41,848 [pool-802-thread-1] INFO  server.RaftServerConfigKeys (ConfUtils.java:logGet(46)) - raft.server.log.write.buffer.size = 1048576 (custom)
2022-09-08 01:54:41,849 [pool-802-thread-1] INFO  server.RaftServerConfigKeys (ConfUtils.java:logGet(46)) - raft.server.log.unsafe-flush.enabled = false (default)
2022-09-08 01:54:41,849 [pool-802-thread-1] INFO  server.RaftServerConfigKeys (ConfUtils.java:logGet(46)) - raft.server.log.statemachine.data.caching.enabled = true (custom)
2022-09-08 01:54:41,849 [pool-802-thread-1] INFO  segmented.SegmentedRaftLogWorker (SegmentedRaftLogWorker.java:lambda$new$0(135)) - e9c9b112-6330-4444-b5c6-8395fb60ec45@group-BD1F1979FC84-SegmentedRaftLogWorker: flushIndex: setUnconditionally 0 -> -1
2022-09-08 01:54:41,849 [pool-802-thread-1] INFO  segmented.SegmentedRaftLogWorker (SegmentedRaftLogWorker.java:lambda$new$0(135)) - e9c9b112-6330-4444-b5c6-8395fb60ec45@group-BD1F1979FC84-SegmentedRaftLogWorker: safeCacheEvictIndex: setUnconditionally 0 -> -1
2022-09-08 01:54:41,853 [pool-802-thread-1] INFO  server.RaftServerConfigKeys (ConfUtils.java:logGet(46)) - raft.server.snapshot.auto.trigger.enabled = true (custom)
2022-09-08 01:54:41,853 [pool-802-thread-1] INFO  server.RaftServerConfigKeys (ConfUtils.java:logGet(46)) - raft.server.snapshot.auto.trigger.threshold = 10000 (custom)
2022-09-08 01:54:41,853 [pool-802-thread-1] INFO  server.RaftServerConfigKeys (ConfUtils.java:logGet(46)) - raft.server.snapshot.retention.file.num = 5 (custom)
2022-09-08 01:54:41,853 [pool-802-thread-1] INFO  server.RaftServerConfigKeys (ConfUtils.java:logGet(46)) - raft.server.log.purge.upto.snapshot.index = false (default)
2022-09-08 01:54:41,853 [pool-802-thread-1] INFO  server.RaftServerConfigKeys (ConfUtils.java:logGet(46)) - raft.server.retrycache.expirytime = 600000ms (custom)
2022-09-08 01:54:41,853 [pool-802-thread-1] INFO  server.RaftServerConfigKeys (ConfUtils.java:logGet(46)) - raft.server.retrycache.statistics.expirytime = 100μs (default)
2022-09-08 01:54:41,854 [pool-802-thread-1] INFO  server.RaftServerConfigKeys (ConfUtils.java:logGet(46)) - raft.server.log.appender.install.snapshot.enabled = false (custom)
2022-09-08 01:54:41,854 [pool-802-thread-1] INFO  server.RaftServerConfigKeys (ConfUtils.java:logGet(46)) - raft.server.threadpool.server.cached = true (default)
2022-09-08 01:54:41,854 [pool-802-thread-1] INFO  server.RaftServerConfigKeys (ConfUtils.java:logGet(46)) - raft.server.threadpool.server.size = 0 (default)
2022-09-08 01:54:41,854 [pool-802-thread-1] INFO  server.RaftServerConfigKeys (ConfUtils.java:logGet(46)) - raft.server.threadpool.client.cached = true (default)
2022-09-08 01:54:41,854 [pool-802-thread-1] INFO  server.RaftServerConfigKeys (ConfUtils.java:logGet(46)) - raft.server.threadpool.client.size = 0 (default)
2022-09-08 01:54:41,854 [pool-802-thread-1] INFO  server.RaftServer$Division (RaftServerImpl.java:start(310)) - e9c9b112-6330-4444-b5c6-8395fb60ec45@group-BD1F1979FC84: start as a follower, conf=-1: [e9c9b112-6330-4444-b5c6-8395fb60ec45|rpc:10.1.1.0:35177|priority:0, eb925032-2c23-4938-b2a7-edb9189c0df9|rpc:10.1.1.0:44933|priority:1, 2c3d1cb2-60a6-41ea-8ac9-22673eb6bb0a|rpc:10.1.1.0:34551|priority:0], old=null
2022-09-08 01:54:41,855 [pool-802-thread-1] INFO  server.RaftServer$Division (RaftServerImpl.java:setRole(299)) - e9c9b112-6330-4444-b5c6-8395fb60ec45@group-BD1F1979FC84: changes role from      null to FOLLOWER at term 0 for startAsFollower
2022-09-08 01:54:41,855 [pool-802-thread-1] INFO  impl.RoleInfo (RoleInfo.java:updateAndGet(139)) - e9c9b112-6330-4444-b5c6-8395fb60ec45: start e9c9b112-6330-4444-b5c6-8395fb60ec45@group-BD1F1979FC84-FollowerState
2022-09-08 01:54:41,884 [pool-802-thread-1] INFO  util.JmxRegister (JmxRegister.java:tryRegister(44)) - Successfully registered JMX Bean with object name Ratis:service=RaftServer,group=group-BD1F1979FC84,id=e9c9b112-6330-4444-b5c6-8395fb60ec45
2022-09-08 01:54:41,885 [Command processor thread] INFO  ratis.XceiverServerRatis (XceiverServerRatis.java:addGroup(765)) - Created group PipelineID=1abd95a9-f9d0-4c65-ba1d-bd1f1979fc84
2022-09-08 01:54:42,010 [grpc-default-executor-0] INFO  server.RaftServer (RaftServerProxy.java:addNew(96)) - eb925032-2c23-4938-b2a7-edb9189c0df9: addNew group-BD1F1979FC84:[e9c9b112-6330-4444-b5c6-8395fb60ec45|rpc:10.1.1.0:35177|dataStream:|priority:0, eb925032-2c23-4938-b2a7-edb9189c0df9|rpc:10.1.1.0:44933|dataStream:|priority:1, 2c3d1cb2-60a6-41ea-8ac9-22673eb6bb0a|rpc:10.1.1.0:34551|dataStream:|priority:0] returns group-BD1F1979FC84:java.util.concurrent.CompletableFuture@45d1633b[Not completed]
2022-09-08 01:54:42,011 [pool-825-thread-1] INFO  server.RaftServer$Division (RaftServerImpl.java:<init>(190)) - eb925032-2c23-4938-b2a7-edb9189c0df9: new RaftServerImpl for group-BD1F1979FC84:[e9c9b112-6330-4444-b5c6-8395fb60ec45|rpc:10.1.1.0:35177|dataStream:|priority:0, eb925032-2c23-4938-b2a7-edb9189c0df9|rpc:10.1.1.0:44933|dataStream:|priority:1, 2c3d1cb2-60a6-41ea-8ac9-22673eb6bb0a|rpc:10.1.1.0:34551|dataStream:|priority:0] with ContainerStateMachine:uninitialized
2022-09-08 01:54:42,011 [pool-825-thread-1] INFO  server.RaftServerConfigKeys (ConfUtils.java:logGet(46)) - raft.server.rpc.timeout.min = 5s (custom)
2022-09-08 01:54:42,011 [pool-825-thread-1] INFO  server.RaftServerConfigKeys (ConfUtils.java:logGet(46)) - raft.server.rpc.timeout.max = 5200ms (custom)
2022-09-08 01:54:42,011 [pool-825-thread-1] INFO  server.RaftServerConfigKeys (ConfUtils.java:logGet(46)) - raft.server.rpc.sleep.time = 25ms (default)
2022-09-08 01:54:42,011 [pool-825-thread-1] INFO  server.RaftServerConfigKeys (ConfUtils.java:logGet(46)) - raft.server.rpc.slowness.timeout = 300s (custom)
2022-09-08 01:54:42,011 [pool-825-thread-1] INFO  server.RaftServerConfigKeys (ConfUtils.java:logGet(46)) - raft.server.leaderelection.leader.step-down.wait-time = 10s (default)
2022-09-08 01:54:42,011 [pool-825-thread-1] INFO  server.RaftServerConfigKeys (ConfUtils.java:logGet(46)) - raft.server.sleep.deviation.threshold = 300ms (default)
2022-09-08 01:54:42,011 [pool-825-thread-1] INFO  server.RaftServer$Division (ServerState.java:<init>(107)) - eb925032-2c23-4938-b2a7-edb9189c0df9@group-BD1F1979FC84: ConfigurationManager, init=-1: [e9c9b112-6330-4444-b5c6-8395fb60ec45|rpc:10.1.1.0:35177|dataStream:|priority:0, eb925032-2c23-4938-b2a7-edb9189c0df9|rpc:10.1.1.0:44933|dataStream:|priority:1, 2c3d1cb2-60a6-41ea-8ac9-22673eb6bb0a|rpc:10.1.1.0:34551|dataStream:|priority:0], old=null, confs=<EMPTY_MAP>
2022-09-08 01:54:42,011 [pool-825-thread-1] INFO  server.RaftServerConfigKeys (ConfUtils.java:logGet(46)) - raft.server.storage.dir = [/home/runner/work/ozone/ozone/hadoop-ozone/integration-test/target/test-dir/MiniOzoneClusterImpl-057c3a95-4ef9-4349-8946-0241b22cf071/datanode-1/data/ratis] (custom)
2022-09-08 01:54:42,011 [pool-825-thread-1] INFO  server.RaftServerConfigKeys (ConfUtils.java:logGet(46)) - raft.server.log.corruption.policy = EXCEPTION (default)
2022-09-08 01:54:42,011 [pool-825-thread-1] INFO  server.RaftServerConfigKeys (ConfUtils.java:logGet(46)) - raft.server.storage.free-space.min = 0MB (=0) (default)
2022-09-08 01:54:42,011 [pool-825-thread-1] INFO  storage.RaftStorageDirectory (RaftStorageDirectoryImpl.java:analyzeStorage(135)) - The storage directory /home/runner/work/ozone/ozone/hadoop-ozone/integration-test/target/test-dir/MiniOzoneClusterImpl-057c3a95-4ef9-4349-8946-0241b22cf071/datanode-1/data/ratis/1abd95a9-f9d0-4c65-ba1d-bd1f1979fc84 does not exist. Creating ...
2022-09-08 01:54:42,021 [pool-825-thread-1] INFO  storage.RaftStorageDirectory (RaftStorageDirectoryImpl.java:tryLock(230)) - Lock on /home/runner/work/ozone/ozone/hadoop-ozone/integration-test/target/test-dir/MiniOzoneClusterImpl-057c3a95-4ef9-4349-8946-0241b22cf071/datanode-1/data/ratis/1abd95a9-f9d0-4c65-ba1d-bd1f1979fc84/in_use.lock acquired by nodename 132736@fv-az38-857
2022-09-08 01:54:42,026 [pool-825-thread-1] INFO  storage.RaftStorage (RaftStorageImpl.java:format(89)) - Storage directory /home/runner/work/ozone/ozone/hadoop-ozone/integration-test/target/test-dir/MiniOzoneClusterImpl-057c3a95-4ef9-4349-8946-0241b22cf071/datanode-1/data/ratis/1abd95a9-f9d0-4c65-ba1d-bd1f1979fc84 has been successfully formatted.
2022-09-08 01:54:42,027 [pool-825-thread-1] INFO  ratis.ContainerStateMachine (ContainerStateMachine.java:loadSnapshot(236)) - group-BD1F1979FC84: The snapshot info is null. Setting the last applied indexto:(t:0, i:~)
2022-09-08 01:54:42,027 [pool-825-thread-1] INFO  server.RaftServerConfigKeys (ConfUtils.java:logGet(46)) - raft.server.notification.no-leader.timeout = 300s (custom)
2022-09-08 01:54:42,027 [pool-825-thread-1] INFO  server.RaftServerConfigKeys (ConfUtils.java:logGet(46)) - raft.server.log.use.memory = false (default)
2022-09-08 01:54:42,027 [pool-825-thread-1] INFO  server.RaftServerConfigKeys (ConfUtils.java:logGet(46)) - raft.server.log.purge.gap = 1000000 (custom)
2022-09-08 01:54:42,027 [pool-825-thread-1] INFO  server.RaftServerConfigKeys (ConfUtils.java:logGet(46)) - raft.server.log.appender.buffer.byte-limit = 33554432 (custom)
2022-09-08 01:54:42,027 [pool-825-thread-1] INFO  server.RaftServerConfigKeys (ConfUtils.java:logGet(46)) - raft.server.log.statemachine.data.read.timeout = 1000ms (default)
2022-09-08 01:54:42,027 [pool-825-thread-1] INFO  server.RaftServerConfigKeys (ConfUtils.java:logGet(46)) - raft.server.log.segment.size.max = 1048576 (custom)
2022-09-08 01:54:42,028 [pool-825-thread-1] INFO  server.RaftServerConfigKeys (ConfUtils.java:logGet(46)) - raft.server.log.segment.cache.num.max = 2 (custom)
2022-09-08 01:54:42,028 [pool-825-thread-1] INFO  server.RaftServerConfigKeys (ConfUtils.java:logGet(46)) - raft.server.log.segment.cache.size.max = 200MB (=209715200) (default)
2022-09-08 01:54:42,028 [pool-825-thread-1] INFO  segmented.SegmentedRaftLogWorker (SegmentedRaftLogWorker.java:<init>(187)) - new eb925032-2c23-4938-b2a7-edb9189c0df9@group-BD1F1979FC84-SegmentedRaftLogWorker for RaftStorageImpl:Storage Directory /home/runner/work/ozone/ozone/hadoop-ozone/integration-test/target/test-dir/MiniOzoneClusterImpl-057c3a95-4ef9-4349-8946-0241b22cf071/datanode-1/data/ratis/1abd95a9-f9d0-4c65-ba1d-bd1f1979fc84
2022-09-08 01:54:42,028 [pool-825-thread-1] INFO  server.RaftServerConfigKeys (ConfUtils.java:logGet(46)) - raft.server.log.queue.byte-limit = 4294967296 (custom)
2022-09-08 01:54:42,028 [pool-825-thread-1] INFO  server.RaftServerConfigKeys (ConfUtils.java:logGet(46)) - raft.server.log.queue.element-limit = 1024 (custom)
2022-09-08 01:54:42,028 [pool-825-thread-1] INFO  server.RaftServerConfigKeys (ConfUtils.java:logGet(46)) - raft.server.log.segment.size.max = 1048576 (custom)
2022-09-08 01:54:42,028 [pool-825-thread-1] INFO  server.RaftServerConfigKeys (ConfUtils.java:logGet(46)) - raft.server.log.preallocated.size = 16384 (custom)
2022-09-08 01:54:42,028 [pool-825-thread-1] INFO  server.RaftServerConfigKeys (ConfUtils.java:logGet(46)) - raft.server.log.force.sync.num = 128 (default)
2022-09-08 01:54:42,028 [pool-825-thread-1] INFO  server.RaftServerConfigKeys (ConfUtils.java:logGet(46)) - raft.server.log.statemachine.data.sync = true (default)
2022-09-08 01:54:42,028 [pool-825-thread-1] INFO  server.RaftServerConfigKeys (ConfUtils.java:logGet(46)) - raft.server.log.statemachine.data.sync.timeout = 10s (default)
2022-09-08 01:54:42,028 [pool-825-thread-1] INFO  server.RaftServerConfigKeys (ConfUtils.java:logGet(46)) - raft.server.log.statemachine.data.sync.timeout.retry = -1 (default)
2022-09-08 01:54:42,029 [pool-825-thread-1] INFO  server.RaftServerConfigKeys (ConfUtils.java:logGet(46)) - raft.server.log.write.buffer.size = 1048576 (custom)
2022-09-08 01:54:42,030 [pool-825-thread-1] INFO  server.RaftServerConfigKeys (ConfUtils.java:logGet(46)) - raft.server.log.unsafe-flush.enabled = false (default)
2022-09-08 01:54:42,030 [pool-825-thread-1] INFO  server.RaftServerConfigKeys (ConfUtils.java:logGet(46)) - raft.server.log.statemachine.data.caching.enabled = true (custom)
2022-09-08 01:54:42,030 [pool-825-thread-1] INFO  segmented.SegmentedRaftLogWorker (SegmentedRaftLogWorker.java:lambda$new$0(135)) - eb925032-2c23-4938-b2a7-edb9189c0df9@group-BD1F1979FC84-SegmentedRaftLogWorker: flushIndex: setUnconditionally 0 -> -1
2022-09-08 01:54:42,030 [pool-825-thread-1] INFO  segmented.SegmentedRaftLogWorker (SegmentedRaftLogWorker.java:lambda$new$0(135)) - eb925032-2c23-4938-b2a7-edb9189c0df9@group-BD1F1979FC84-SegmentedRaftLogWorker: safeCacheEvictIndex: setUnconditionally 0 -> -1
2022-09-08 01:54:42,045 [pool-825-thread-1] INFO  server.RaftServerConfigKeys (ConfUtils.java:logGet(46)) - raft.server.snapshot.auto.trigger.enabled = true (custom)
2022-09-08 01:54:42,045 [pool-825-thread-1] INFO  server.RaftServerConfigKeys (ConfUtils.java:logGet(46)) - raft.server.snapshot.auto.trigger.threshold = 10000 (custom)
2022-09-08 01:54:42,045 [pool-825-thread-1] INFO  server.RaftServerConfigKeys (ConfUtils.java:logGet(46)) - raft.server.snapshot.retention.file.num = 5 (custom)
2022-09-08 01:54:42,045 [pool-825-thread-1] INFO  server.RaftServerConfigKeys (ConfUtils.java:logGet(46)) - raft.server.log.purge.upto.snapshot.index = false (default)
2022-09-08 01:54:42,045 [pool-825-thread-1] INFO  server.RaftServerConfigKeys (ConfUtils.java:logGet(46)) - raft.server.retrycache.expirytime = 600000ms (custom)
2022-09-08 01:54:42,045 [pool-825-thread-1] INFO  server.RaftServerConfigKeys (ConfUtils.java:logGet(46)) - raft.server.retrycache.statistics.expirytime = 100μs (default)
2022-09-08 01:54:42,046 [pool-825-thread-1] INFO  server.RaftServerConfigKeys (ConfUtils.java:logGet(46)) - raft.server.log.appender.install.snapshot.enabled = false (custom)
2022-09-08 01:54:42,047 [pool-825-thread-1] INFO  server.RaftServerConfigKeys (ConfUtils.java:logGet(46)) - raft.server.threadpool.server.cached = true (default)
2022-09-08 01:54:42,047 [pool-825-thread-1] INFO  server.RaftServerConfigKeys (ConfUtils.java:logGet(46)) - raft.server.threadpool.server.size = 0 (default)
2022-09-08 01:54:42,047 [pool-825-thread-1] INFO  server.RaftServerConfigKeys (ConfUtils.java:logGet(46)) - raft.server.threadpool.client.cached = true (default)
2022-09-08 01:54:42,047 [pool-825-thread-1] INFO  server.RaftServerConfigKeys (ConfUtils.java:logGet(46)) - raft.server.threadpool.client.size = 0 (default)
2022-09-08 01:54:42,047 [pool-825-thread-1] INFO  server.RaftServer$Division (RaftServerImpl.java:start(310)) - eb925032-2c23-4938-b2a7-edb9189c0df9@group-BD1F1979FC84: start as a follower, conf=-1: [e9c9b112-6330-4444-b5c6-8395fb60ec45|rpc:10.1.1.0:35177|dataStream:|priority:0, eb925032-2c23-4938-b2a7-edb9189c0df9|rpc:10.1.1.0:44933|dataStream:|priority:1, 2c3d1cb2-60a6-41ea-8ac9-22673eb6bb0a|rpc:10.1.1.0:34551|dataStream:|priority:0], old=null
2022-09-08 01:54:42,047 [pool-825-thread-1] INFO  server.RaftServer$Division (RaftServerImpl.java:setRole(299)) - eb925032-2c23-4938-b2a7-edb9189c0df9@group-BD1F1979FC84: changes role from      null to FOLLOWER at term 0 for startAsFollower
2022-09-08 01:54:42,047 [pool-825-thread-1] INFO  impl.RoleInfo (RoleInfo.java:updateAndGet(139)) - eb925032-2c23-4938-b2a7-edb9189c0df9: start eb925032-2c23-4938-b2a7-edb9189c0df9@group-BD1F1979FC84-FollowerState
2022-09-08 01:54:42,061 [pool-825-thread-1] INFO  util.JmxRegister (JmxRegister.java:tryRegister(44)) - Successfully registered JMX Bean with object name Ratis:service=RaftServer,group=group-BD1F1979FC84,id=eb925032-2c23-4938-b2a7-edb9189c0df9
2022-09-08 01:54:42,159 [grpc-default-executor-0] INFO  server.RaftServer (RaftServerProxy.java:addNew(96)) - 2c3d1cb2-60a6-41ea-8ac9-22673eb6bb0a: addNew group-BD1F1979FC84:[e9c9b112-6330-4444-b5c6-8395fb60ec45|rpc:10.1.1.0:35177|dataStream:|priority:0, eb925032-2c23-4938-b2a7-edb9189c0df9|rpc:10.1.1.0:44933|dataStream:|priority:1, 2c3d1cb2-60a6-41ea-8ac9-22673eb6bb0a|rpc:10.1.1.0:34551|dataStream:|priority:0] returns group-BD1F1979FC84:java.util.concurrent.CompletableFuture@8c18e19[Not completed]
2022-09-08 01:54:42,167 [pool-848-thread-1] INFO  server.RaftServer$Division (RaftServerImpl.java:<init>(190)) - 2c3d1cb2-60a6-41ea-8ac9-22673eb6bb0a: new RaftServerImpl for group-BD1F1979FC84:[e9c9b112-6330-4444-b5c6-8395fb60ec45|rpc:10.1.1.0:35177|dataStream:|priority:0, eb925032-2c23-4938-b2a7-edb9189c0df9|rpc:10.1.1.0:44933|dataStream:|priority:1, 2c3d1cb2-60a6-41ea-8ac9-22673eb6bb0a|rpc:10.1.1.0:34551|dataStream:|priority:0] with ContainerStateMachine:uninitialized
2022-09-08 01:54:42,168 [pool-848-thread-1] INFO  server.RaftServerConfigKeys (ConfUtils.java:logGet(46)) - raft.server.rpc.timeout.min = 5s (custom)
2022-09-08 01:54:42,168 [pool-848-thread-1] INFO  server.RaftServerConfigKeys (ConfUtils.java:logGet(46)) - raft.server.rpc.timeout.max = 5200ms (custom)
2022-09-08 01:54:42,168 [pool-848-thread-1] INFO  server.RaftServerConfigKeys (ConfUtils.java:logGet(46)) - raft.server.rpc.sleep.time = 25ms (default)
2022-09-08 01:54:42,168 [pool-848-thread-1] INFO  server.RaftServerConfigKeys (ConfUtils.java:logGet(46)) - raft.server.rpc.slowness.timeout = 300s (custom)
2022-09-08 01:54:42,168 [pool-848-thread-1] INFO  server.RaftServerConfigKeys (ConfUtils.java:logGet(46)) - raft.server.leaderelection.leader.step-down.wait-time = 10s (default)
2022-09-08 01:54:42,168 [pool-848-thread-1] INFO  server.RaftServerConfigKeys (ConfUtils.java:logGet(46)) - raft.server.sleep.deviation.threshold = 300ms (default)
2022-09-08 01:54:42,168 [pool-848-thread-1] INFO  server.RaftServer$Division (ServerState.java:<init>(107)) - 2c3d1cb2-60a6-41ea-8ac9-22673eb6bb0a@group-BD1F1979FC84: ConfigurationManager, init=-1: [e9c9b112-6330-4444-b5c6-8395fb60ec45|rpc:10.1.1.0:35177|dataStream:|priority:0, eb925032-2c23-4938-b2a7-edb9189c0df9|rpc:10.1.1.0:44933|dataStream:|priority:1, 2c3d1cb2-60a6-41ea-8ac9-22673eb6bb0a|rpc:10.1.1.0:34551|dataStream:|priority:0], old=null, confs=<EMPTY_MAP>
2022-09-08 01:54:42,168 [pool-848-thread-1] INFO  server.RaftServerConfigKeys (ConfUtils.java:logGet(46)) - raft.server.storage.dir = [/home/runner/work/ozone/ozone/hadoop-ozone/integration-test/target/test-dir/MiniOzoneClusterImpl-057c3a95-4ef9-4349-8946-0241b22cf071/datanode-2/data/ratis] (custom)
2022-09-08 01:54:42,168 [pool-848-thread-1] INFO  server.RaftServerConfigKeys (ConfUtils.java:logGet(46)) - raft.server.log.corruption.policy = EXCEPTION (default)
2022-09-08 01:54:42,168 [pool-848-thread-1] INFO  server.RaftServerConfigKeys (ConfUtils.java:logGet(46)) - raft.server.storage.free-space.min = 0MB (=0) (default)
2022-09-08 01:54:42,168 [pool-848-thread-1] INFO  storage.RaftStorageDirectory (RaftStorageDirectoryImpl.java:analyzeStorage(135)) - The storage directory /home/runner/work/ozone/ozone/hadoop-ozone/integration-test/target/test-dir/MiniOzoneClusterImpl-057c3a95-4ef9-4349-8946-0241b22cf071/datanode-2/data/ratis/1abd95a9-f9d0-4c65-ba1d-bd1f1979fc84 does not exist. Creating ...
2022-09-08 01:54:42,177 [pool-848-thread-1] INFO  storage.RaftStorageDirectory (RaftStorageDirectoryImpl.java:tryLock(230)) - Lock on /home/runner/work/ozone/ozone/hadoop-ozone/integration-test/target/test-dir/MiniOzoneClusterImpl-057c3a95-4ef9-4349-8946-0241b22cf071/datanode-2/data/ratis/1abd95a9-f9d0-4c65-ba1d-bd1f1979fc84/in_use.lock acquired by nodename 132736@fv-az38-857
2022-09-08 01:54:42,185 [pool-848-thread-1] INFO  storage.RaftStorage (RaftStorageImpl.java:format(89)) - Storage directory /home/runner/work/ozone/ozone/hadoop-ozone/integration-test/target/test-dir/MiniOzoneClusterImpl-057c3a95-4ef9-4349-8946-0241b22cf071/datanode-2/data/ratis/1abd95a9-f9d0-4c65-ba1d-bd1f1979fc84 has been successfully formatted.
2022-09-08 01:54:42,197 [Command processor thread] INFO  server.RaftServer (RaftServerProxy.java:addNew(96)) - eb925032-2c23-4938-b2a7-edb9189c0df9: addNew group-EB7F9017C60D:[eb925032-2c23-4938-b2a7-edb9189c0df9|rpc:10.1.1.0:44933|priority:1] returns group-EB7F9017C60D:java.util.concurrent.CompletableFuture@15ee45bd[Not completed]
2022-09-08 01:54:42,199 [pool-825-thread-1] INFO  server.RaftServer$Division (RaftServerImpl.java:<init>(190)) - eb925032-2c23-4938-b2a7-edb9189c0df9: new RaftServerImpl for group-EB7F9017C60D:[eb925032-2c23-4938-b2a7-edb9189c0df9|rpc:10.1.1.0:44933|priority:1] with ContainerStateMachine:uninitialized
2022-09-08 01:54:42,199 [pool-825-thread-1] INFO  server.RaftServerConfigKeys (ConfUtils.java:logGet(46)) - raft.server.rpc.timeout.min = 5s (custom)
2022-09-08 01:54:42,199 [pool-825-thread-1] INFO  server.RaftServerConfigKeys (ConfUtils.java:logGet(46)) - raft.server.rpc.timeout.max = 5200ms (custom)
2022-09-08 01:54:42,199 [pool-825-thread-1] INFO  server.RaftServerConfigKeys (ConfUtils.java:logGet(46)) - raft.server.rpc.sleep.time = 25ms (default)
2022-09-08 01:54:42,200 [pool-825-thread-1] INFO  server.RaftServerConfigKeys (ConfUtils.java:logGet(46)) - raft.server.rpc.slowness.timeout = 300s (custom)
2022-09-08 01:54:42,200 [pool-825-thread-1] INFO  server.RaftServerConfigKeys (ConfUtils.java:logGet(46)) - raft.server.leaderelection.leader.step-down.wait-time = 10s (default)
2022-09-08 01:54:42,200 [pool-825-thread-1] INFO  server.RaftServerConfigKeys (ConfUtils.java:logGet(46)) - raft.server.sleep.deviation.threshold = 300ms (default)
2022-09-08 01:54:42,200 [pool-825-thread-1] INFO  server.RaftServer$Division (ServerState.java:<init>(107)) - eb925032-2c23-4938-b2a7-edb9189c0df9@group-EB7F9017C60D: ConfigurationManager, init=-1: [eb925032-2c23-4938-b2a7-edb9189c0df9|rpc:10.1.1.0:44933|priority:1], old=null, confs=<EMPTY_MAP>
2022-09-08 01:54:42,200 [pool-825-thread-1] INFO  server.RaftServerConfigKeys (ConfUtils.java:logGet(46)) - raft.server.storage.dir = [/home/runner/work/ozone/ozone/hadoop-ozone/integration-test/target/test-dir/MiniOzoneClusterImpl-057c3a95-4ef9-4349-8946-0241b22cf071/datanode-1/data/ratis] (custom)
2022-09-08 01:54:42,200 [pool-825-thread-1] INFO  server.RaftServerConfigKeys (ConfUtils.java:logGet(46)) - raft.server.log.corruption.policy = EXCEPTION (default)
2022-09-08 01:54:42,200 [pool-825-thread-1] INFO  server.RaftServerConfigKeys (ConfUtils.java:logGet(46)) - raft.server.storage.free-space.min = 0MB (=0) (default)
2022-09-08 01:54:42,200 [pool-825-thread-1] INFO  storage.RaftStorageDirectory (RaftStorageDirectoryImpl.java:analyzeStorage(135)) - The storage directory /home/runner/work/ozone/ozone/hadoop-ozone/integration-test/target/test-dir/MiniOzoneClusterImpl-057c3a95-4ef9-4349-8946-0241b22cf071/datanode-1/data/ratis/b48a6cdc-3b2f-4f03-a56b-eb7f9017c60d does not exist. Creating ...
2022-09-08 01:54:42,201 [pool-825-thread-1] INFO  storage.RaftStorageDirectory (RaftStorageDirectoryImpl.java:tryLock(230)) - Lock on /home/runner/work/ozone/ozone/hadoop-ozone/integration-test/target/test-dir/MiniOzoneClusterImpl-057c3a95-4ef9-4349-8946-0241b22cf071/datanode-1/data/ratis/b48a6cdc-3b2f-4f03-a56b-eb7f9017c60d/in_use.lock acquired by nodename 132736@fv-az38-857
2022-09-08 01:54:42,203 [pool-825-thread-1] INFO  storage.RaftStorage (RaftStorageImpl.java:format(89)) - Storage directory /home/runner/work/ozone/ozone/hadoop-ozone/integration-test/target/test-dir/MiniOzoneClusterImpl-057c3a95-4ef9-4349-8946-0241b22cf071/datanode-1/data/ratis/b48a6cdc-3b2f-4f03-a56b-eb7f9017c60d has been successfully formatted.
2022-09-08 01:54:42,203 [pool-825-thread-1] INFO  ratis.ContainerStateMachine (ContainerStateMachine.java:loadSnapshot(236)) - group-EB7F9017C60D: The snapshot info is null. Setting the last applied indexto:(t:0, i:~)
2022-09-08 01:54:42,203 [pool-825-thread-1] INFO  server.RaftServerConfigKeys (ConfUtils.java:logGet(46)) - raft.server.notification.no-leader.timeout = 300s (custom)
2022-09-08 01:54:42,206 [EventQueue-PipelineReportForPipelineReportHandler] INFO  pipeline.PipelineManagerImpl (PipelineManagerImpl.java:openPipeline(367)) - Pipeline Pipeline[ Id: b48a6cdc-3b2f-4f03-a56b-eb7f9017c60d, Nodes: eb925032-2c23-4938-b2a7-edb9189c0df9{ip: 10.1.1.0, host: fv-az38-857.qiceih3q1hfe5a3ai3y3qk2fta.cx.internal.cloudapp.net, ports: [REPLICATION=34661, RATIS=44933, RATIS_ADMIN=44933, RATIS_SERVER=44933, STANDALONE=41527], networkLocation: /default-rack, certSerialId: null, persistedOpState: IN_SERVICE, persistedOpStateExpiryEpochSec: 0}, ReplicationConfig: RATIS/ONE, State:ALLOCATED, leaderId:eb925032-2c23-4938-b2a7-edb9189c0df9, CreationTimestamp2022-09-08T01:54:39.208Z[Etc/UTC]] moved to OPEN state
2022-09-08 01:54:42,206 [EventQueue-OpenPipelineForHealthyPipelineSafeModeRule] INFO  safemode.SCMSafeModeManager (HealthyPipelineSafeModeRule.java:process(137)) - SCM in safe mode. Healthy pipelines reported count is 0, required healthy pipeline reported count is 1
2022-09-08 01:54:42,207 [pool-825-thread-1] INFO  server.RaftServerConfigKeys (ConfUtils.java:logGet(46)) - raft.server.log.use.memory = false (default)
2022-09-08 01:54:42,207 [pool-825-thread-1] INFO  server.RaftServerConfigKeys (ConfUtils.java:logGet(46)) - raft.server.log.purge.gap = 1000000 (custom)
2022-09-08 01:54:42,207 [pool-825-thread-1] INFO  server.RaftServerConfigKeys (ConfUtils.java:logGet(46)) - raft.server.log.appender.buffer.byte-limit = 33554432 (custom)
2022-09-08 01:54:42,207 [pool-825-thread-1] INFO  server.RaftServerConfigKeys (ConfUtils.java:logGet(46)) - raft.server.log.statemachine.data.read.timeout = 1000ms (default)
2022-09-08 01:54:42,207 [pool-825-thread-1] INFO  server.RaftServerConfigKeys (ConfUtils.java:logGet(46)) - raft.server.log.segment.size.max = 1048576 (custom)
2022-09-08 01:54:42,208 [pool-825-thread-1] INFO  server.RaftServerConfigKeys (ConfUtils.java:logGet(46)) - raft.server.log.segment.cache.num.max = 2 (custom)
2022-09-08 01:54:42,208 [pool-825-thread-1] INFO  server.RaftServerConfigKeys (ConfUtils.java:logGet(46)) - raft.server.log.segment.cache.size.max = 200MB (=209715200) (default)
2022-09-08 01:54:42,208 [pool-825-thread-1] INFO  segmented.SegmentedRaftLogWorker (SegmentedRaftLogWorker.java:<init>(187)) - new eb925032-2c23-4938-b2a7-edb9189c0df9@group-EB7F9017C60D-SegmentedRaftLogWorker for RaftStorageImpl:Storage Directory /home/runner/work/ozone/ozone/hadoop-ozone/integration-test/target/test-dir/MiniOzoneClusterImpl-057c3a95-4ef9-4349-8946-0241b22cf071/datanode-1/data/ratis/b48a6cdc-3b2f-4f03-a56b-eb7f9017c60d
2022-09-08 01:54:42,208 [pool-825-thread-1] INFO  server.RaftServerConfigKeys (ConfUtils.java:logGet(46)) - raft.server.log.queue.byte-limit = 4294967296 (custom)
2022-09-08 01:54:42,208 [pool-825-thread-1] INFO  server.RaftServerConfigKeys (ConfUtils.java:logGet(46)) - raft.server.log.queue.element-limit = 1024 (custom)
2022-09-08 01:54:42,208 [pool-825-thread-1] INFO  server.RaftServerConfigKeys (ConfUtils.java:logGet(46)) - raft.server.log.segment.size.max = 1048576 (custom)
2022-09-08 01:54:42,208 [pool-825-thread-1] INFO  server.RaftServerConfigKeys (ConfUtils.java:logGet(46)) - raft.server.log.preallocated.size = 16384 (custom)
2022-09-08 01:54:42,208 [pool-825-thread-1] INFO  server.RaftServerConfigKeys (ConfUtils.java:logGet(46)) - raft.server.log.force.sync.num = 128 (default)
2022-09-08 01:54:42,208 [pool-825-thread-1] INFO  server.RaftServerConfigKeys (ConfUtils.java:logGet(46)) - raft.server.log.statemachine.data.sync = true (default)
2022-09-08 01:54:42,208 [pool-825-thread-1] INFO  server.RaftServerConfigKeys (ConfUtils.java:logGet(46)) - raft.server.log.statemachine.data.sync.timeout = 10s (default)
2022-09-08 01:54:42,208 [pool-825-thread-1] INFO  server.RaftServerConfigKeys (ConfUtils.java:logGet(46)) - raft.server.log.statemachine.data.sync.timeout.retry = -1 (default)
2022-09-08 01:54:42,213 [pool-825-thread-1] INFO  server.RaftServerConfigKeys (ConfUtils.java:logGet(46)) - raft.server.log.write.buffer.size = 1048576 (custom)
2022-09-08 01:54:42,214 [pool-825-thread-1] INFO  server.RaftServerConfigKeys (ConfUtils.java:logGet(46)) - raft.server.log.unsafe-flush.enabled = false (default)
2022-09-08 01:54:42,214 [pool-825-thread-1] INFO  server.RaftServerConfigKeys (ConfUtils.java:logGet(46)) - raft.server.log.statemachine.data.caching.enabled = true (custom)
2022-09-08 01:54:42,214 [pool-825-thread-1] INFO  segmented.SegmentedRaftLogWorker (SegmentedRaftLogWorker.java:lambda$new$0(135)) - eb925032-2c23-4938-b2a7-edb9189c0df9@group-EB7F9017C60D-SegmentedRaftLogWorker: flushIndex: setUnconditionally 0 -> -1
2022-09-08 01:54:42,214 [pool-825-thread-1] INFO  segmented.SegmentedRaftLogWorker (SegmentedRaftLogWorker.java:lambda$new$0(135)) - eb925032-2c23-4938-b2a7-edb9189c0df9@group-EB7F9017C60D-SegmentedRaftLogWorker: safeCacheEvictIndex: setUnconditionally 0 -> -1
2022-09-08 01:54:42,214 [pool-825-thread-1] INFO  server.RaftServerConfigKeys (ConfUtils.java:logGet(46)) - raft.server.snapshot.auto.trigger.enabled = true (custom)
2022-09-08 01:54:42,214 [pool-825-thread-1] INFO  server.RaftServerConfigKeys (ConfUtils.java:logGet(46)) - raft.server.snapshot.auto.trigger.threshold = 10000 (custom)
2022-09-08 01:54:42,214 [pool-825-thread-1] INFO  server.RaftServerConfigKeys (ConfUtils.java:logGet(46)) - raft.server.snapshot.retention.file.num = 5 (custom)
2022-09-08 01:54:42,215 [pool-825-thread-1] INFO  server.RaftServerConfigKeys (ConfUtils.java:logGet(46)) - raft.server.log.purge.upto.snapshot.index = false (default)
2022-09-08 01:54:42,215 [pool-825-thread-1] INFO  server.RaftServerConfigKeys (ConfUtils.java:logGet(46)) - raft.server.retrycache.expirytime = 600000ms (custom)
2022-09-08 01:54:42,215 [pool-825-thread-1] INFO  server.RaftServerConfigKeys (ConfUtils.java:logGet(46)) - raft.server.retrycache.statistics.expirytime = 100μs (default)
2022-09-08 01:54:42,216 [pool-825-thread-1] INFO  server.RaftServerConfigKeys (ConfUtils.java:logGet(46)) - raft.server.log.appender.install.snapshot.enabled = false (custom)
2022-09-08 01:54:42,216 [pool-825-thread-1] INFO  server.RaftServerConfigKeys (ConfUtils.java:logGet(46)) - raft.server.threadpool.server.cached = true (default)
2022-09-08 01:54:42,216 [pool-825-thread-1] INFO  server.RaftServerConfigKeys (ConfUtils.java:logGet(46)) - raft.server.threadpool.server.size = 0 (default)
2022-09-08 01:54:42,216 [pool-825-thread-1] INFO  server.RaftServerConfigKeys (ConfUtils.java:logGet(46)) - raft.server.threadpool.client.cached = true (default)
2022-09-08 01:54:42,216 [pool-825-thread-1] INFO  server.RaftServerConfigKeys (ConfUtils.java:logGet(46)) - raft.server.threadpool.client.size = 0 (default)
2022-09-08 01:54:42,216 [pool-825-thread-1] INFO  server.RaftServer$Division (RaftServerImpl.java:start(310)) - eb925032-2c23-4938-b2a7-edb9189c0df9@group-EB7F9017C60D: start as a follower, conf=-1: [eb925032-2c23-4938-b2a7-edb9189c0df9|rpc:10.1.1.0:44933|priority:1], old=null
2022-09-08 01:54:42,216 [pool-825-thread-1] INFO  server.RaftServer$Division (RaftServerImpl.java:setRole(299)) - eb925032-2c23-4938-b2a7-edb9189c0df9@group-EB7F9017C60D: changes role from      null to FOLLOWER at term 0 for startAsFollower
2022-09-08 01:54:42,216 [pool-825-thread-1] INFO  impl.RoleInfo (RoleInfo.java:updateAndGet(139)) - eb925032-2c23-4938-b2a7-edb9189c0df9: start eb925032-2c23-4938-b2a7-edb9189c0df9@group-EB7F9017C60D-FollowerState
2022-09-08 01:54:42,222 [pool-825-thread-1] INFO  util.JmxRegister (JmxRegister.java:tryRegister(44)) - Successfully registered JMX Bean with object name Ratis:service=RaftServer,group=group-EB7F9017C60D,id=eb925032-2c23-4938-b2a7-edb9189c0df9
2022-09-08 01:54:42,223 [Command processor thread] INFO  ratis.XceiverServerRatis (XceiverServerRatis.java:addGroup(765)) - Created group PipelineID=b48a6cdc-3b2f-4f03-a56b-eb7f9017c60d
2022-09-08 01:54:42,223 [Command processor thread] INFO  commandhandler.CreatePipelineCommandHandler (CreatePipelineCommandHandler.java:handle(113)) - Created Pipeline RATIS ONE PipelineID=b48a6cdc-3b2f-4f03-a56b-eb7f9017c60d.
2022-09-08 01:54:42,223 [Command processor thread] INFO  server.RaftServer (RaftServerProxy.java:addNew(96)) - eb925032-2c23-4938-b2a7-edb9189c0df9: addNew group-746216AC3183:[e9c9b112-6330-4444-b5c6-8395fb60ec45|rpc:10.1.1.0:35177|priority:0, eb925032-2c23-4938-b2a7-edb9189c0df9|rpc:10.1.1.0:44933|priority:0, 2c3d1cb2-60a6-41ea-8ac9-22673eb6bb0a|rpc:10.1.1.0:34551|priority:1] returns group-746216AC3183:java.util.concurrent.CompletableFuture@1b29a970[Not completed]
2022-09-08 01:54:42,224 [pool-825-thread-1] INFO  server.RaftServer$Division (RaftServerImpl.java:<init>(190)) - eb925032-2c23-4938-b2a7-edb9189c0df9: new RaftServerImpl for group-746216AC3183:[e9c9b112-6330-4444-b5c6-8395fb60ec45|rpc:10.1.1.0:35177|priority:0, eb925032-2c23-4938-b2a7-edb9189c0df9|rpc:10.1.1.0:44933|priority:0, 2c3d1cb2-60a6-41ea-8ac9-22673eb6bb0a|rpc:10.1.1.0:34551|priority:1] with ContainerStateMachine:uninitialized
2022-09-08 01:54:42,224 [pool-825-thread-1] INFO  server.RaftServerConfigKeys (ConfUtils.java:logGet(46)) - raft.server.rpc.timeout.min = 5s (custom)
2022-09-08 01:54:42,224 [pool-825-thread-1] INFO  server.RaftServerConfigKeys (ConfUtils.java:logGet(46)) - raft.server.rpc.timeout.max = 5200ms (custom)
2022-09-08 01:54:42,224 [pool-825-thread-1] INFO  server.RaftServerConfigKeys (ConfUtils.java:logGet(46)) - raft.server.rpc.sleep.time = 25ms (default)
2022-09-08 01:54:42,224 [pool-825-thread-1] INFO  server.RaftServerConfigKeys (ConfUtils.java:logGet(46)) - raft.server.rpc.slowness.timeout = 300s (custom)
2022-09-08 01:54:42,224 [pool-825-thread-1] INFO  server.RaftServerConfigKeys (ConfUtils.java:logGet(46)) - raft.server.leaderelection.leader.step-down.wait-time = 10s (default)
2022-09-08 01:54:42,224 [pool-825-thread-1] INFO  server.RaftServerConfigKeys (ConfUtils.java:logGet(46)) - raft.server.sleep.deviation.threshold = 300ms (default)
2022-09-08 01:54:42,224 [pool-825-thread-1] INFO  server.RaftServer$Division (ServerState.java:<init>(107)) - eb925032-2c23-4938-b2a7-edb9189c0df9@group-746216AC3183: ConfigurationManager, init=-1: [e9c9b112-6330-4444-b5c6-8395fb60ec45|rpc:10.1.1.0:35177|priority:0, eb925032-2c23-4938-b2a7-edb9189c0df9|rpc:10.1.1.0:44933|priority:0, 2c3d1cb2-60a6-41ea-8ac9-22673eb6bb0a|rpc:10.1.1.0:34551|priority:1], old=null, confs=<EMPTY_MAP>
2022-09-08 01:54:42,224 [pool-825-thread-1] INFO  server.RaftServerConfigKeys (ConfUtils.java:logGet(46)) - raft.server.storage.dir = [/home/runner/work/ozone/ozone/hadoop-ozone/integration-test/target/test-dir/MiniOzoneClusterImpl-057c3a95-4ef9-4349-8946-0241b22cf071/datanode-1/data/ratis] (custom)
2022-09-08 01:54:42,224 [pool-825-thread-1] INFO  server.RaftServerConfigKeys (ConfUtils.java:logGet(46)) - raft.server.log.corruption.policy = EXCEPTION (default)
2022-09-08 01:54:42,224 [pool-825-thread-1] INFO  server.RaftServerConfigKeys (ConfUtils.java:logGet(46)) - raft.server.storage.free-space.min = 0MB (=0) (default)
2022-09-08 01:54:42,225 [pool-825-thread-1] INFO  storage.RaftStorageDirectory (RaftStorageDirectoryImpl.java:analyzeStorage(135)) - The storage directory /home/runner/work/ozone/ozone/hadoop-ozone/integration-test/target/test-dir/MiniOzoneClusterImpl-057c3a95-4ef9-4349-8946-0241b22cf071/datanode-1/data/ratis/b0fb3cf7-bbc2-4c29-9dce-746216ac3183 does not exist. Creating ...
2022-09-08 01:54:42,225 [pool-825-thread-1] INFO  storage.RaftStorageDirectory (RaftStorageDirectoryImpl.java:tryLock(230)) - Lock on /home/runner/work/ozone/ozone/hadoop-ozone/integration-test/target/test-dir/MiniOzoneClusterImpl-057c3a95-4ef9-4349-8946-0241b22cf071/datanode-1/data/ratis/b0fb3cf7-bbc2-4c29-9dce-746216ac3183/in_use.lock acquired by nodename 132736@fv-az38-857
2022-09-08 01:54:42,234 [pool-848-thread-1] INFO  ratis.ContainerStateMachine (ContainerStateMachine.java:loadSnapshot(236)) - group-BD1F1979FC84: The snapshot info is null. Setting the last applied indexto:(t:0, i:~)
2022-09-08 01:54:42,234 [pool-848-thread-1] INFO  server.RaftServerConfigKeys (ConfUtils.java:logGet(46)) - raft.server.notification.no-leader.timeout = 300s (custom)
2022-09-08 01:54:42,234 [pool-848-thread-1] INFO  server.RaftServerConfigKeys (ConfUtils.java:logGet(46)) - raft.server.log.use.memory = false (default)
2022-09-08 01:54:42,234 [pool-848-thread-1] INFO  server.RaftServerConfigKeys (ConfUtils.java:logGet(46)) - raft.server.log.purge.gap = 1000000 (custom)
2022-09-08 01:54:42,234 [pool-848-thread-1] INFO  server.RaftServerConfigKeys (ConfUtils.java:logGet(46)) - raft.server.log.appender.buffer.byte-limit = 33554432 (custom)
2022-09-08 01:54:42,234 [pool-848-thread-1] INFO  server.RaftServerConfigKeys (ConfUtils.java:logGet(46)) - raft.server.log.statemachine.data.read.timeout = 1000ms (default)
2022-09-08 01:54:42,234 [pool-848-thread-1] INFO  server.RaftServerConfigKeys (ConfUtils.java:logGet(46)) - raft.server.log.segment.size.max = 1048576 (custom)
2022-09-08 01:54:42,235 [pool-848-thread-1] INFO  server.RaftServerConfigKeys (ConfUtils.java:logGet(46)) - raft.server.log.segment.cache.num.max = 2 (custom)
2022-09-08 01:54:42,235 [pool-848-thread-1] INFO  server.RaftServerConfigKeys (ConfUtils.java:logGet(46)) - raft.server.log.segment.cache.size.max = 200MB (=209715200) (default)
2022-09-08 01:54:42,235 [pool-848-thread-1] INFO  segmented.SegmentedRaftLogWorker (SegmentedRaftLogWorker.java:<init>(187)) - new 2c3d1cb2-60a6-41ea-8ac9-22673eb6bb0a@group-BD1F1979FC84-SegmentedRaftLogWorker for RaftStorageImpl:Storage Directory /home/runner/work/ozone/ozone/hadoop-ozone/integration-test/target/test-dir/MiniOzoneClusterImpl-057c3a95-4ef9-4349-8946-0241b22cf071/datanode-2/data/ratis/1abd95a9-f9d0-4c65-ba1d-bd1f1979fc84
2022-09-08 01:54:42,235 [pool-848-thread-1] INFO  server.RaftServerConfigKeys (ConfUtils.java:logGet(46)) - raft.server.log.queue.byte-limit = 4294967296 (custom)
2022-09-08 01:54:42,235 [pool-848-thread-1] INFO  server.RaftServerConfigKeys (ConfUtils.java:logGet(46)) - raft.server.log.queue.element-limit = 1024 (custom)
2022-09-08 01:54:42,235 [pool-848-thread-1] INFO  server.RaftServerConfigKeys (ConfUtils.java:logGet(46)) - raft.server.log.segment.size.max = 1048576 (custom)
2022-09-08 01:54:42,235 [pool-848-thread-1] INFO  server.RaftServerConfigKeys (ConfUtils.java:logGet(46)) - raft.server.log.preallocated.size = 16384 (custom)
2022-09-08 01:54:42,235 [pool-848-thread-1] INFO  server.RaftServerConfigKeys (ConfUtils.java:logGet(46)) - raft.server.log.force.sync.num = 128 (default)
2022-09-08 01:54:42,235 [pool-848-thread-1] INFO  server.RaftServerConfigKeys (ConfUtils.java:logGet(46)) - raft.server.log.statemachine.data.sync = true (default)
2022-09-08 01:54:42,235 [pool-848-thread-1] INFO  server.RaftServerConfigKeys (ConfUtils.java:logGet(46)) - raft.server.log.statemachine.data.sync.timeout = 10s (default)
2022-09-08 01:54:42,235 [pool-848-thread-1] INFO  server.RaftServerConfigKeys (ConfUtils.java:logGet(46)) - raft.server.log.statemachine.data.sync.timeout.retry = -1 (default)
2022-09-08 01:54:42,236 [pool-848-thread-1] INFO  server.RaftServerConfigKeys (ConfUtils.java:logGet(46)) - raft.server.log.write.buffer.size = 1048576 (custom)
2022-09-08 01:54:42,237 [pool-848-thread-1] INFO  server.RaftServerConfigKeys (ConfUtils.java:logGet(46)) - raft.server.log.unsafe-flush.enabled = false (default)
2022-09-08 01:54:42,237 [pool-848-thread-1] INFO  server.RaftServerConfigKeys (ConfUtils.java:logGet(46)) - raft.server.log.statemachine.data.caching.enabled = true (custom)
2022-09-08 01:54:42,237 [pool-848-thread-1] INFO  segmented.SegmentedRaftLogWorker (SegmentedRaftLogWorker.java:lambda$new$0(135)) - 2c3d1cb2-60a6-41ea-8ac9-22673eb6bb0a@group-BD1F1979FC84-SegmentedRaftLogWorker: flushIndex: setUnconditionally 0 -> -1
2022-09-08 01:54:42,238 [pool-848-thread-1] INFO  segmented.SegmentedRaftLogWorker (SegmentedRaftLogWorker.java:lambda$new$0(135)) - 2c3d1cb2-60a6-41ea-8ac9-22673eb6bb0a@group-BD1F1979FC84-SegmentedRaftLogWorker: safeCacheEvictIndex: setUnconditionally 0 -> -1
2022-09-08 01:54:42,238 [pool-848-thread-1] INFO  server.RaftServerConfigKeys (ConfUtils.java:logGet(46)) - raft.server.snapshot.auto.trigger.enabled = true (custom)
2022-09-08 01:54:42,238 [pool-848-thread-1] INFO  server.RaftServerConfigKeys (ConfUtils.java:logGet(46)) - raft.server.snapshot.auto.trigger.threshold = 10000 (custom)
2022-09-08 01:54:42,238 [pool-848-thread-1] INFO  server.RaftServerConfigKeys (ConfUtils.java:logGet(46)) - raft.server.snapshot.retention.file.num = 5 (custom)
2022-09-08 01:54:42,238 [pool-848-thread-1] INFO  server.RaftServerConfigKeys (ConfUtils.java:logGet(46)) - raft.server.log.purge.upto.snapshot.index = false (default)
2022-09-08 01:54:42,238 [pool-848-thread-1] INFO  server.RaftServerConfigKeys (ConfUtils.java:logGet(46)) - raft.server.retrycache.expirytime = 600000ms (custom)
2022-09-08 01:54:42,238 [pool-848-thread-1] INFO  server.RaftServerConfigKeys (ConfUtils.java:logGet(46)) - raft.server.retrycache.statistics.expirytime = 100μs (default)
2022-09-08 01:54:42,239 [pool-848-thread-1] INFO  server.RaftServerConfigKeys (ConfUtils.java:logGet(46)) - raft.server.log.appender.install.snapshot.enabled = false (custom)
2022-09-08 01:54:42,239 [pool-848-thread-1] INFO  server.RaftServerConfigKeys (ConfUtils.java:logGet(46)) - raft.server.threadpool.server.cached = true (default)
2022-09-08 01:54:42,240 [pool-848-thread-1] INFO  server.RaftServerConfigKeys (ConfUtils.java:logGet(46)) - raft.server.threadpool.server.size = 0 (default)
2022-09-08 01:54:42,240 [pool-848-thread-1] INFO  server.RaftServerConfigKeys (ConfUtils.java:logGet(46)) - raft.server.threadpool.client.cached = true (default)
2022-09-08 01:54:42,240 [pool-848-thread-1] INFO  server.RaftServerConfigKeys (ConfUtils.java:logGet(46)) - raft.server.threadpool.client.size = 0 (default)
2022-09-08 01:54:42,240 [pool-848-thread-1] INFO  server.RaftServer$Division (RaftServerImpl.java:start(310)) - 2c3d1cb2-60a6-41ea-8ac9-22673eb6bb0a@group-BD1F1979FC84: start as a follower, conf=-1: [e9c9b112-6330-4444-b5c6-8395fb60ec45|rpc:10.1.1.0:35177|dataStream:|priority:0, eb925032-2c23-4938-b2a7-edb9189c0df9|rpc:10.1.1.0:44933|dataStream:|priority:1, 2c3d1cb2-60a6-41ea-8ac9-22673eb6bb0a|rpc:10.1.1.0:34551|dataStream:|priority:0], old=null
2022-09-08 01:54:42,240 [pool-848-thread-1] INFO  server.RaftServer$Division (RaftServerImpl.java:setRole(299)) - 2c3d1cb2-60a6-41ea-8ac9-22673eb6bb0a@group-BD1F1979FC84: changes role from      null to FOLLOWER at term 0 for startAsFollower
2022-09-08 01:54:42,240 [pool-848-thread-1] INFO  impl.RoleInfo (RoleInfo.java:updateAndGet(139)) - 2c3d1cb2-60a6-41ea-8ac9-22673eb6bb0a: start 2c3d1cb2-60a6-41ea-8ac9-22673eb6bb0a@group-BD1F1979FC84-FollowerState
2022-09-08 01:54:42,241 [pool-848-thread-1] INFO  util.JmxRegister (JmxRegister.java:tryRegister(44)) - Successfully registered JMX Bean with object name Ratis:service=RaftServer,group=group-BD1F1979FC84,id=2c3d1cb2-60a6-41ea-8ac9-22673eb6bb0a
2022-09-08 01:54:42,241 [pool-825-thread-1] INFO  storage.RaftStorage (RaftStorageImpl.java:format(89)) - Storage directory /home/runner/work/ozone/ozone/hadoop-ozone/integration-test/target/test-dir/MiniOzoneClusterImpl-057c3a95-4ef9-4349-8946-0241b22cf071/datanode-1/data/ratis/b0fb3cf7-bbc2-4c29-9dce-746216ac3183 has been successfully formatted.
2022-09-08 01:54:42,256 [pool-825-thread-1] INFO  ratis.ContainerStateMachine (ContainerStateMachine.java:loadSnapshot(236)) - group-746216AC3183: The snapshot info is null. Setting the last applied indexto:(t:0, i:~)
2022-09-08 01:54:42,256 [pool-825-thread-1] INFO  server.RaftServerConfigKeys (ConfUtils.java:logGet(46)) - raft.server.notification.no-leader.timeout = 300s (custom)
2022-09-08 01:54:42,256 [pool-825-thread-1] INFO  server.RaftServerConfigKeys (ConfUtils.java:logGet(46)) - raft.server.log.use.memory = false (default)
2022-09-08 01:54:42,256 [pool-825-thread-1] INFO  server.RaftServerConfigKeys (ConfUtils.java:logGet(46)) - raft.server.log.purge.gap = 1000000 (custom)
2022-09-08 01:54:42,256 [pool-825-thread-1] INFO  server.RaftServerConfigKeys (ConfUtils.java:logGet(46)) - raft.server.log.appender.buffer.byte-limit = 33554432 (custom)
2022-09-08 01:54:42,256 [pool-825-thread-1] INFO  server.RaftServerConfigKeys (ConfUtils.java:logGet(46)) - raft.server.log.statemachine.data.read.timeout = 1000ms (default)
2022-09-08 01:54:42,256 [pool-825-thread-1] INFO  server.RaftServerConfigKeys (ConfUtils.java:logGet(46)) - raft.server.log.segment.size.max = 1048576 (custom)
2022-09-08 01:54:42,257 [pool-825-thread-1] INFO  server.RaftServerConfigKeys (ConfUtils.java:logGet(46)) - raft.server.log.segment.cache.num.max = 2 (custom)
2022-09-08 01:54:42,257 [pool-825-thread-1] INFO  server.RaftServerConfigKeys (ConfUtils.java:logGet(46)) - raft.server.log.segment.cache.size.max = 200MB (=209715200) (default)
2022-09-08 01:54:42,257 [pool-825-thread-1] INFO  segmented.SegmentedRaftLogWorker (SegmentedRaftLogWorker.java:<init>(187)) - new eb925032-2c23-4938-b2a7-edb9189c0df9@group-746216AC3183-SegmentedRaftLogWorker for RaftStorageImpl:Storage Directory /home/runner/work/ozone/ozone/hadoop-ozone/integration-test/target/test-dir/MiniOzoneClusterImpl-057c3a95-4ef9-4349-8946-0241b22cf071/datanode-1/data/ratis/b0fb3cf7-bbc2-4c29-9dce-746216ac3183
2022-09-08 01:54:42,257 [pool-825-thread-1] INFO  server.RaftServerConfigKeys (ConfUtils.java:logGet(46)) - raft.server.log.queue.byte-limit = 4294967296 (custom)
2022-09-08 01:54:42,257 [pool-825-thread-1] INFO  server.RaftServerConfigKeys (ConfUtils.java:logGet(46)) - raft.server.log.queue.element-limit = 1024 (custom)
2022-09-08 01:54:42,257 [pool-825-thread-1] INFO  server.RaftServerConfigKeys (ConfUtils.java:logGet(46)) - raft.server.log.segment.size.max = 1048576 (custom)
2022-09-08 01:54:42,257 [pool-825-thread-1] INFO  server.RaftServerConfigKeys (ConfUtils.java:logGet(46)) - raft.server.log.preallocated.size = 16384 (custom)
2022-09-08 01:54:42,257 [pool-825-thread-1] INFO  server.RaftServerConfigKeys (ConfUtils.java:logGet(46)) - raft.server.log.force.sync.num = 128 (default)
2022-09-08 01:54:42,257 [pool-825-thread-1] INFO  server.RaftServerConfigKeys (ConfUtils.java:logGet(46)) - raft.server.log.statemachine.data.sync = true (default)
2022-09-08 01:54:42,257 [pool-825-thread-1] INFO  server.RaftServerConfigKeys (ConfUtils.java:logGet(46)) - raft.server.log.statemachine.data.sync.timeout = 10s (default)
2022-09-08 01:54:42,257 [pool-825-thread-1] INFO  server.RaftServerConfigKeys (ConfUtils.java:logGet(46)) - raft.server.log.statemachine.data.sync.timeout.retry = -1 (default)
2022-09-08 01:54:42,258 [pool-825-thread-1] INFO  server.RaftServerConfigKeys (ConfUtils.java:logGet(46)) - raft.server.log.write.buffer.size = 1048576 (custom)
2022-09-08 01:54:42,259 [pool-825-thread-1] INFO  server.RaftServerConfigKeys (ConfUtils.java:logGet(46)) - raft.server.log.unsafe-flush.enabled = false (default)
2022-09-08 01:54:42,259 [pool-825-thread-1] INFO  server.RaftServerConfigKeys (ConfUtils.java:logGet(46)) - raft.server.log.statemachine.data.caching.enabled = true (custom)
2022-09-08 01:54:42,259 [pool-825-thread-1] INFO  segmented.SegmentedRaftLogWorker (SegmentedRaftLogWorker.java:lambda$new$0(135)) - eb925032-2c23-4938-b2a7-edb9189c0df9@group-746216AC3183-SegmentedRaftLogWorker: flushIndex: setUnconditionally 0 -> -1
2022-09-08 01:54:42,259 [pool-825-thread-1] INFO  segmented.SegmentedRaftLogWorker (SegmentedRaftLogWorker.java:lambda$new$0(135)) - eb925032-2c23-4938-b2a7-edb9189c0df9@group-746216AC3183-SegmentedRaftLogWorker: safeCacheEvictIndex: setUnconditionally 0 -> -1
2022-09-08 01:54:42,261 [EventQueue-OpenPipelineForHealthyPipelineSafeModeRule] INFO  safemode.SCMSafeModeManager (HealthyPipelineSafeModeRule.java:process(137)) - SCM in safe mode. Healthy pipelines reported count is 0, required healthy pipeline reported count is 1
2022-09-08 01:54:42,273 [pool-825-thread-1] INFO  server.RaftServerConfigKeys (ConfUtils.java:logGet(46)) - raft.server.snapshot.auto.trigger.enabled = true (custom)
2022-09-08 01:54:42,273 [pool-825-thread-1] INFO  server.RaftServerConfigKeys (ConfUtils.java:logGet(46)) - raft.server.snapshot.auto.trigger.threshold = 10000 (custom)
2022-09-08 01:54:42,273 [pool-825-thread-1] INFO  server.RaftServerConfigKeys (ConfUtils.java:logGet(46)) - raft.server.snapshot.retention.file.num = 5 (custom)
2022-09-08 01:54:42,273 [pool-825-thread-1] INFO  server.RaftServerConfigKeys (ConfUtils.java:logGet(46)) - raft.server.log.purge.upto.snapshot.index = false (default)
2022-09-08 01:54:42,273 [pool-825-thread-1] INFO  server.RaftServerConfigKeys (ConfUtils.java:logGet(46)) - raft.server.retrycache.expirytime = 600000ms (custom)
2022-09-08 01:54:42,273 [pool-825-thread-1] INFO  server.RaftServerConfigKeys (ConfUtils.java:logGet(46)) - raft.server.retrycache.statistics.expirytime = 100μs (default)
2022-09-08 01:54:42,274 [pool-825-thread-1] INFO  server.RaftServerConfigKeys (ConfUtils.java:logGet(46)) - raft.server.log.appender.install.snapshot.enabled = false (custom)
2022-09-08 01:54:42,274 [pool-825-thread-1] INFO  server.RaftServerConfigKeys (ConfUtils.java:logGet(46)) - raft.server.threadpool.server.cached = true (default)
2022-09-08 01:54:42,274 [pool-825-thread-1] INFO  server.RaftServerConfigKeys (ConfUtils.java:logGet(46)) - raft.server.threadpool.server.size = 0 (default)
2022-09-08 01:54:42,274 [pool-825-thread-1] INFO  server.RaftServerConfigKeys (ConfUtils.java:logGet(46)) - raft.server.threadpool.client.cached = true (default)
2022-09-08 01:54:42,274 [pool-825-thread-1] INFO  server.RaftServerConfigKeys (ConfUtils.java:logGet(46)) - raft.server.threadpool.client.size = 0 (default)
2022-09-08 01:54:42,274 [pool-825-thread-1] INFO  server.RaftServer$Division (RaftServerImpl.java:start(310)) - eb925032-2c23-4938-b2a7-edb9189c0df9@group-746216AC3183: start as a follower, conf=-1: [e9c9b112-6330-4444-b5c6-8395fb60ec45|rpc:10.1.1.0:35177|priority:0, eb925032-2c23-4938-b2a7-edb9189c0df9|rpc:10.1.1.0:44933|priority:0, 2c3d1cb2-60a6-41ea-8ac9-22673eb6bb0a|rpc:10.1.1.0:34551|priority:1], old=null
2022-09-08 01:54:42,275 [pool-825-thread-1] INFO  server.RaftServer$Division (RaftServerImpl.java:setRole(299)) - eb925032-2c23-4938-b2a7-edb9189c0df9@group-746216AC3183: changes role from      null to FOLLOWER at term 0 for startAsFollower
2022-09-08 01:54:42,275 [pool-825-thread-1] INFO  impl.RoleInfo (RoleInfo.java:updateAndGet(139)) - eb925032-2c23-4938-b2a7-edb9189c0df9: start eb925032-2c23-4938-b2a7-edb9189c0df9@group-746216AC3183-FollowerState
2022-09-08 01:54:42,275 [pool-825-thread-1] INFO  util.JmxRegister (JmxRegister.java:tryRegister(44)) - Successfully registered JMX Bean with object name Ratis:service=RaftServer,group=group-746216AC3183,id=eb925032-2c23-4938-b2a7-edb9189c0df9
2022-09-08 01:54:42,297 [Command processor thread] INFO  commandhandler.CreatePipelineCommandHandler (CreatePipelineCommandHandler.java:handle(113)) - Created Pipeline RATIS THREE PipelineID=1abd95a9-f9d0-4c65-ba1d-bd1f1979fc84.
2022-09-08 01:54:42,297 [Command processor thread] INFO  server.RaftServer (RaftServerProxy.java:addNew(96)) - e9c9b112-6330-4444-b5c6-8395fb60ec45: addNew group-746216AC3183:[e9c9b112-6330-4444-b5c6-8395fb60ec45|rpc:10.1.1.0:35177|priority:0, eb925032-2c23-4938-b2a7-edb9189c0df9|rpc:10.1.1.0:44933|priority:0, 2c3d1cb2-60a6-41ea-8ac9-22673eb6bb0a|rpc:10.1.1.0:34551|priority:1] returns group-746216AC3183:java.util.concurrent.CompletableFuture@30d618b2[Not completed]
2022-09-08 01:54:42,298 [pool-802-thread-1] INFO  server.RaftServer$Division (RaftServerImpl.java:<init>(190)) - e9c9b112-6330-4444-b5c6-8395fb60ec45: new RaftServerImpl for group-746216AC3183:[e9c9b112-6330-4444-b5c6-8395fb60ec45|rpc:10.1.1.0:35177|priority:0, eb925032-2c23-4938-b2a7-edb9189c0df9|rpc:10.1.1.0:44933|priority:0, 2c3d1cb2-60a6-41ea-8ac9-22673eb6bb0a|rpc:10.1.1.0:34551|priority:1] with ContainerStateMachine:uninitialized
2022-09-08 01:54:42,298 [pool-802-thread-1] INFO  server.RaftServerConfigKeys (ConfUtils.java:logGet(46)) - raft.server.rpc.timeout.min = 5s (custom)
2022-09-08 01:54:42,298 [pool-802-thread-1] INFO  server.RaftServerConfigKeys (ConfUtils.java:logGet(46)) - raft.server.rpc.timeout.max = 5200ms (custom)
2022-09-08 01:54:42,298 [pool-802-thread-1] INFO  server.RaftServerConfigKeys (ConfUtils.java:logGet(46)) - raft.server.rpc.sleep.time = 25ms (default)
2022-09-08 01:54:42,298 [pool-802-thread-1] INFO  server.RaftServerConfigKeys (ConfUtils.java:logGet(46)) - raft.server.rpc.slowness.timeout = 300s (custom)
2022-09-08 01:54:42,298 [pool-802-thread-1] INFO  server.RaftServerConfigKeys (ConfUtils.java:logGet(46)) - raft.server.leaderelection.leader.step-down.wait-time = 10s (default)
2022-09-08 01:54:42,298 [pool-802-thread-1] INFO  server.RaftServerConfigKeys (ConfUtils.java:logGet(46)) - raft.server.sleep.deviation.threshold = 300ms (default)
2022-09-08 01:54:42,298 [pool-802-thread-1] INFO  server.RaftServer$Division (ServerState.java:<init>(107)) - e9c9b112-6330-4444-b5c6-8395fb60ec45@group-746216AC3183: ConfigurationManager, init=-1: [e9c9b112-6330-4444-b5c6-8395fb60ec45|rpc:10.1.1.0:35177|priority:0, eb925032-2c23-4938-b2a7-edb9189c0df9|rpc:10.1.1.0:44933|priority:0, 2c3d1cb2-60a6-41ea-8ac9-22673eb6bb0a|rpc:10.1.1.0:34551|priority:1], old=null, confs=<EMPTY_MAP>
2022-09-08 01:54:42,298 [pool-802-thread-1] INFO  server.RaftServerConfigKeys (ConfUtils.java:logGet(46)) - raft.server.storage.dir = [/home/runner/work/ozone/ozone/hadoop-ozone/integration-test/target/test-dir/MiniOzoneClusterImpl-057c3a95-4ef9-4349-8946-0241b22cf071/datanode-0/data/ratis] (custom)
2022-09-08 01:54:42,298 [pool-802-thread-1] INFO  server.RaftServerConfigKeys (ConfUtils.java:logGet(46)) - raft.server.log.corruption.policy = EXCEPTION (default)
2022-09-08 01:54:42,298 [pool-802-thread-1] INFO  server.RaftServerConfigKeys (ConfUtils.java:logGet(46)) - raft.server.storage.free-space.min = 0MB (=0) (default)
2022-09-08 01:54:42,299 [pool-802-thread-1] INFO  storage.RaftStorageDirectory (RaftStorageDirectoryImpl.java:analyzeStorage(135)) - The storage directory /home/runner/work/ozone/ozone/hadoop-ozone/integration-test/target/test-dir/MiniOzoneClusterImpl-057c3a95-4ef9-4349-8946-0241b22cf071/datanode-0/data/ratis/b0fb3cf7-bbc2-4c29-9dce-746216ac3183 does not exist. Creating ...
2022-09-08 01:54:42,301 [Command processor thread] INFO  ratis.XceiverServerRatis (XceiverServerRatis.java:addGroup(765)) - Created group PipelineID=b0fb3cf7-bbc2-4c29-9dce-746216ac3183
2022-09-08 01:54:42,304 [pool-802-thread-1] INFO  storage.RaftStorageDirectory (RaftStorageDirectoryImpl.java:tryLock(230)) - Lock on /home/runner/work/ozone/ozone/hadoop-ozone/integration-test/target/test-dir/MiniOzoneClusterImpl-057c3a95-4ef9-4349-8946-0241b22cf071/datanode-0/data/ratis/b0fb3cf7-bbc2-4c29-9dce-746216ac3183/in_use.lock acquired by nodename 132736@fv-az38-857
2022-09-08 01:54:42,345 [pool-802-thread-1] INFO  storage.RaftStorage (RaftStorageImpl.java:format(89)) - Storage directory /home/runner/work/ozone/ozone/hadoop-ozone/integration-test/target/test-dir/MiniOzoneClusterImpl-057c3a95-4ef9-4349-8946-0241b22cf071/datanode-0/data/ratis/b0fb3cf7-bbc2-4c29-9dce-746216ac3183 has been successfully formatted.
2022-09-08 01:54:42,345 [pool-802-thread-1] INFO  ratis.ContainerStateMachine (ContainerStateMachine.java:loadSnapshot(236)) - group-746216AC3183: The snapshot info is null. Setting the last applied indexto:(t:0, i:~)
2022-09-08 01:54:42,345 [pool-802-thread-1] INFO  server.RaftServerConfigKeys (ConfUtils.java:logGet(46)) - raft.server.notification.no-leader.timeout = 300s (custom)
2022-09-08 01:54:42,345 [pool-802-thread-1] INFO  server.RaftServerConfigKeys (ConfUtils.java:logGet(46)) - raft.server.log.use.memory = false (default)
2022-09-08 01:54:42,345 [pool-802-thread-1] INFO  server.RaftServerConfigKeys (ConfUtils.java:logGet(46)) - raft.server.log.purge.gap = 1000000 (custom)
2022-09-08 01:54:42,345 [pool-802-thread-1] INFO  server.RaftServerConfigKeys (ConfUtils.java:logGet(46)) - raft.server.log.appender.buffer.byte-limit = 33554432 (custom)
2022-09-08 01:54:42,345 [pool-802-thread-1] INFO  server.RaftServerConfigKeys (ConfUtils.java:logGet(46)) - raft.server.log.statemachine.data.read.timeout = 1000ms (default)
2022-09-08 01:54:42,345 [pool-802-thread-1] INFO  server.RaftServerConfigKeys (ConfUtils.java:logGet(46)) - raft.server.log.segment.size.max = 1048576 (custom)
2022-09-08 01:54:42,346 [pool-802-thread-1] INFO  server.RaftServerConfigKeys (ConfUtils.java:logGet(46)) - raft.server.log.segment.cache.num.max = 2 (custom)
2022-09-08 01:54:42,346 [pool-802-thread-1] INFO  server.RaftServerConfigKeys (ConfUtils.java:logGet(46)) - raft.server.log.segment.cache.size.max = 200MB (=209715200) (default)
2022-09-08 01:54:42,346 [pool-802-thread-1] INFO  segmented.SegmentedRaftLogWorker (SegmentedRaftLogWorker.java:<init>(187)) - new e9c9b112-6330-4444-b5c6-8395fb60ec45@group-746216AC3183-SegmentedRaftLogWorker for RaftStorageImpl:Storage Directory /home/runner/work/ozone/ozone/hadoop-ozone/integration-test/target/test-dir/MiniOzoneClusterImpl-057c3a95-4ef9-4349-8946-0241b22cf071/datanode-0/data/ratis/b0fb3cf7-bbc2-4c29-9dce-746216ac3183
2022-09-08 01:54:42,346 [pool-802-thread-1] INFO  server.RaftServerConfigKeys (ConfUtils.java:logGet(46)) - raft.server.log.queue.byte-limit = 4294967296 (custom)
2022-09-08 01:54:42,346 [pool-802-thread-1] INFO  server.RaftServerConfigKeys (ConfUtils.java:logGet(46)) - raft.server.log.queue.element-limit = 1024 (custom)
2022-09-08 01:54:42,346 [pool-802-thread-1] INFO  server.RaftServerConfigKeys (ConfUtils.java:logGet(46)) - raft.server.log.segment.size.max = 1048576 (custom)
2022-09-08 01:54:42,346 [pool-802-thread-1] INFO  server.RaftServerConfigKeys (ConfUtils.java:logGet(46)) - raft.server.log.preallocated.size = 16384 (custom)
2022-09-08 01:54:42,346 [pool-802-thread-1] INFO  server.RaftServerConfigKeys (ConfUtils.java:logGet(46)) - raft.server.log.force.sync.num = 128 (default)
2022-09-08 01:54:42,346 [pool-802-thread-1] INFO  server.RaftServerConfigKeys (ConfUtils.java:logGet(46)) - raft.server.log.statemachine.data.sync = true (default)
2022-09-08 01:54:42,346 [pool-802-thread-1] INFO  server.RaftServerConfigKeys (ConfUtils.java:logGet(46)) - raft.server.log.statemachine.data.sync.timeout = 10s (default)
2022-09-08 01:54:42,346 [pool-802-thread-1] INFO  server.RaftServerConfigKeys (ConfUtils.java:logGet(46)) - raft.server.log.statemachine.data.sync.timeout.retry = -1 (default)
2022-09-08 01:54:42,350 [EventQueue-OpenPipelineForHealthyPipelineSafeModeRule] INFO  safemode.SCMSafeModeManager (HealthyPipelineSafeModeRule.java:process(137)) - SCM in safe mode. Healthy pipelines reported count is 0, required healthy pipeline reported count is 1
2022-09-08 01:54:42,379 [pool-802-thread-1] INFO  server.RaftServerConfigKeys (ConfUtils.java:logGet(46)) - raft.server.log.write.buffer.size = 1048576 (custom)
2022-09-08 01:54:42,380 [pool-802-thread-1] INFO  server.RaftServerConfigKeys (ConfUtils.java:logGet(46)) - raft.server.log.unsafe-flush.enabled = false (default)
2022-09-08 01:54:42,380 [pool-802-thread-1] INFO  server.RaftServerConfigKeys (ConfUtils.java:logGet(46)) - raft.server.log.statemachine.data.caching.enabled = true (custom)
2022-09-08 01:54:42,380 [pool-802-thread-1] INFO  segmented.SegmentedRaftLogWorker (SegmentedRaftLogWorker.java:lambda$new$0(135)) - e9c9b112-6330-4444-b5c6-8395fb60ec45@group-746216AC3183-SegmentedRaftLogWorker: flushIndex: setUnconditionally 0 -> -1
2022-09-08 01:54:42,380 [pool-802-thread-1] INFO  segmented.SegmentedRaftLogWorker (SegmentedRaftLogWorker.java:lambda$new$0(135)) - e9c9b112-6330-4444-b5c6-8395fb60ec45@group-746216AC3183-SegmentedRaftLogWorker: safeCacheEvictIndex: setUnconditionally 0 -> -1
2022-09-08 01:54:42,385 [pool-802-thread-1] INFO  server.RaftServerConfigKeys (ConfUtils.java:logGet(46)) - raft.server.snapshot.auto.trigger.enabled = true (custom)
2022-09-08 01:54:42,385 [pool-802-thread-1] INFO  server.RaftServerConfigKeys (ConfUtils.java:logGet(46)) - raft.server.snapshot.auto.trigger.threshold = 10000 (custom)
2022-09-08 01:54:42,385 [pool-802-thread-1] INFO  server.RaftServerConfigKeys (ConfUtils.java:logGet(46)) - raft.server.snapshot.retention.file.num = 5 (custom)
2022-09-08 01:54:42,385 [pool-802-thread-1] INFO  server.RaftServerConfigKeys (ConfUtils.java:logGet(46)) - raft.server.log.purge.upto.snapshot.index = false (default)
2022-09-08 01:54:42,385 [pool-802-thread-1] INFO  server.RaftServerConfigKeys (ConfUtils.java:logGet(46)) - raft.server.retrycache.expirytime = 600000ms (custom)
2022-09-08 01:54:42,385 [pool-802-thread-1] INFO  server.RaftServerConfigKeys (ConfUtils.java:logGet(46)) - raft.server.retrycache.statistics.expirytime = 100μs (default)
2022-09-08 01:54:42,386 [pool-802-thread-1] INFO  server.RaftServerConfigKeys (ConfUtils.java:logGet(46)) - raft.server.log.appender.install.snapshot.enabled = false (custom)
2022-09-08 01:54:42,386 [pool-802-thread-1] INFO  server.RaftServerConfigKeys (ConfUtils.java:logGet(46)) - raft.server.threadpool.server.cached = true (default)
2022-09-08 01:54:42,386 [pool-802-thread-1] INFO  server.RaftServerConfigKeys (ConfUtils.java:logGet(46)) - raft.server.threadpool.server.size = 0 (default)
2022-09-08 01:54:42,386 [pool-802-thread-1] INFO  server.RaftServerConfigKeys (ConfUtils.java:logGet(46)) - raft.server.threadpool.client.cached = true (default)
2022-09-08 01:54:42,386 [pool-802-thread-1] INFO  server.RaftServerConfigKeys (ConfUtils.java:logGet(46)) - raft.server.threadpool.client.size = 0 (default)
2022-09-08 01:54:42,386 [pool-802-thread-1] INFO  server.RaftServer$Division (RaftServerImpl.java:start(310)) - e9c9b112-6330-4444-b5c6-8395fb60ec45@group-746216AC3183: start as a follower, conf=-1: [e9c9b112-6330-4444-b5c6-8395fb60ec45|rpc:10.1.1.0:35177|priority:0, eb925032-2c23-4938-b2a7-edb9189c0df9|rpc:10.1.1.0:44933|priority:0, 2c3d1cb2-60a6-41ea-8ac9-22673eb6bb0a|rpc:10.1.1.0:34551|priority:1], old=null
2022-09-08 01:54:42,386 [pool-802-thread-1] INFO  server.RaftServer$Division (RaftServerImpl.java:setRole(299)) - e9c9b112-6330-4444-b5c6-8395fb60ec45@group-746216AC3183: changes role from      null to FOLLOWER at term 0 for startAsFollower
2022-09-08 01:54:42,386 [pool-802-thread-1] INFO  impl.RoleInfo (RoleInfo.java:updateAndGet(139)) - e9c9b112-6330-4444-b5c6-8395fb60ec45: start e9c9b112-6330-4444-b5c6-8395fb60ec45@group-746216AC3183-FollowerState
2022-09-08 01:54:42,389 [pool-802-thread-1] INFO  util.JmxRegister (JmxRegister.java:tryRegister(44)) - Successfully registered JMX Bean with object name Ratis:service=RaftServer,group=group-746216AC3183,id=e9c9b112-6330-4444-b5c6-8395fb60ec45
2022-09-08 01:54:42,402 [grpc-default-executor-0] INFO  server.RaftServer (RaftServerProxy.java:addNew(96)) - 2c3d1cb2-60a6-41ea-8ac9-22673eb6bb0a: addNew group-746216AC3183:[e9c9b112-6330-4444-b5c6-8395fb60ec45|rpc:10.1.1.0:35177|dataStream:|priority:0, eb925032-2c23-4938-b2a7-edb9189c0df9|rpc:10.1.1.0:44933|dataStream:|priority:0, 2c3d1cb2-60a6-41ea-8ac9-22673eb6bb0a|rpc:10.1.1.0:34551|dataStream:|priority:1] returns group-746216AC3183:java.util.concurrent.CompletableFuture@7f5e36db[Not completed]
2022-09-08 01:54:42,434 [pool-848-thread-1] INFO  server.RaftServer$Division (RaftServerImpl.java:<init>(190)) - 2c3d1cb2-60a6-41ea-8ac9-22673eb6bb0a: new RaftServerImpl for group-746216AC3183:[e9c9b112-6330-4444-b5c6-8395fb60ec45|rpc:10.1.1.0:35177|dataStream:|priority:0, eb925032-2c23-4938-b2a7-edb9189c0df9|rpc:10.1.1.0:44933|dataStream:|priority:0, 2c3d1cb2-60a6-41ea-8ac9-22673eb6bb0a|rpc:10.1.1.0:34551|dataStream:|priority:1] with ContainerStateMachine:uninitialized
2022-09-08 01:54:42,434 [pool-848-thread-1] INFO  server.RaftServerConfigKeys (ConfUtils.java:logGet(46)) - raft.server.rpc.timeout.min = 5s (custom)
2022-09-08 01:54:42,434 [pool-848-thread-1] INFO  server.RaftServerConfigKeys (ConfUtils.java:logGet(46)) - raft.server.rpc.timeout.max = 5200ms (custom)
2022-09-08 01:54:42,434 [pool-848-thread-1] INFO  server.RaftServerConfigKeys (ConfUtils.java:logGet(46)) - raft.server.rpc.sleep.time = 25ms (default)
2022-09-08 01:54:42,434 [pool-848-thread-1] INFO  server.RaftServerConfigKeys (ConfUtils.java:logGet(46)) - raft.server.rpc.slowness.timeout = 300s (custom)
2022-09-08 01:54:42,434 [pool-848-thread-1] INFO  server.RaftServerConfigKeys (ConfUtils.java:logGet(46)) - raft.server.leaderelection.leader.step-down.wait-time = 10s (default)
2022-09-08 01:54:42,434 [pool-848-thread-1] INFO  server.RaftServerConfigKeys (ConfUtils.java:logGet(46)) - raft.server.sleep.deviation.threshold = 300ms (default)
2022-09-08 01:54:42,435 [pool-848-thread-1] INFO  server.RaftServer$Division (ServerState.java:<init>(107)) - 2c3d1cb2-60a6-41ea-8ac9-22673eb6bb0a@group-746216AC3183: ConfigurationManager, init=-1: [e9c9b112-6330-4444-b5c6-8395fb60ec45|rpc:10.1.1.0:35177|dataStream:|priority:0, eb925032-2c23-4938-b2a7-edb9189c0df9|rpc:10.1.1.0:44933|dataStream:|priority:0, 2c3d1cb2-60a6-41ea-8ac9-22673eb6bb0a|rpc:10.1.1.0:34551|dataStream:|priority:1], old=null, confs=<EMPTY_MAP>
2022-09-08 01:54:42,435 [pool-848-thread-1] INFO  server.RaftServerConfigKeys (ConfUtils.java:logGet(46)) - raft.server.storage.dir = [/home/runner/work/ozone/ozone/hadoop-ozone/integration-test/target/test-dir/MiniOzoneClusterImpl-057c3a95-4ef9-4349-8946-0241b22cf071/datanode-2/data/ratis] (custom)
2022-09-08 01:54:42,435 [pool-848-thread-1] INFO  server.RaftServerConfigKeys (ConfUtils.java:logGet(46)) - raft.server.log.corruption.policy = EXCEPTION (default)
2022-09-08 01:54:42,435 [pool-848-thread-1] INFO  server.RaftServerConfigKeys (ConfUtils.java:logGet(46)) - raft.server.storage.free-space.min = 0MB (=0) (default)
2022-09-08 01:54:42,435 [pool-848-thread-1] INFO  storage.RaftStorageDirectory (RaftStorageDirectoryImpl.java:analyzeStorage(135)) - The storage directory /home/runner/work/ozone/ozone/hadoop-ozone/integration-test/target/test-dir/MiniOzoneClusterImpl-057c3a95-4ef9-4349-8946-0241b22cf071/datanode-2/data/ratis/b0fb3cf7-bbc2-4c29-9dce-746216ac3183 does not exist. Creating ...
2022-09-08 01:54:42,435 [Command processor thread] INFO  ratis.XceiverServerRatis (XceiverServerRatis.java:addGroup(765)) - Created group PipelineID=b0fb3cf7-bbc2-4c29-9dce-746216ac3183
2022-09-08 01:54:42,443 [pool-848-thread-1] INFO  storage.RaftStorageDirectory (RaftStorageDirectoryImpl.java:tryLock(230)) - Lock on /home/runner/work/ozone/ozone/hadoop-ozone/integration-test/target/test-dir/MiniOzoneClusterImpl-057c3a95-4ef9-4349-8946-0241b22cf071/datanode-2/data/ratis/b0fb3cf7-bbc2-4c29-9dce-746216ac3183/in_use.lock acquired by nodename 132736@fv-az38-857
2022-09-08 01:54:42,444 [pool-848-thread-1] INFO  storage.RaftStorage (RaftStorageImpl.java:format(89)) - Storage directory /home/runner/work/ozone/ozone/hadoop-ozone/integration-test/target/test-dir/MiniOzoneClusterImpl-057c3a95-4ef9-4349-8946-0241b22cf071/datanode-2/data/ratis/b0fb3cf7-bbc2-4c29-9dce-746216ac3183 has been successfully formatted.
2022-09-08 01:54:42,446 [pool-848-thread-1] INFO  ratis.ContainerStateMachine (ContainerStateMachine.java:loadSnapshot(236)) - group-746216AC3183: The snapshot info is null. Setting the last applied indexto:(t:0, i:~)
2022-09-08 01:54:42,447 [pool-848-thread-1] INFO  server.RaftServerConfigKeys (ConfUtils.java:logGet(46)) - raft.server.notification.no-leader.timeout = 300s (custom)
2022-09-08 01:54:42,447 [pool-848-thread-1] INFO  server.RaftServerConfigKeys (ConfUtils.java:logGet(46)) - raft.server.log.use.memory = false (default)
2022-09-08 01:54:42,447 [pool-848-thread-1] INFO  server.RaftServerConfigKeys (ConfUtils.java:logGet(46)) - raft.server.log.purge.gap = 1000000 (custom)
2022-09-08 01:54:42,447 [pool-848-thread-1] INFO  server.RaftServerConfigKeys (ConfUtils.java:logGet(46)) - raft.server.log.appender.buffer.byte-limit = 33554432 (custom)
2022-09-08 01:54:42,447 [pool-848-thread-1] INFO  server.RaftServerConfigKeys (ConfUtils.java:logGet(46)) - raft.server.log.statemachine.data.read.timeout = 1000ms (default)
2022-09-08 01:54:42,447 [pool-848-thread-1] INFO  server.RaftServerConfigKeys (ConfUtils.java:logGet(46)) - raft.server.log.segment.size.max = 1048576 (custom)
2022-09-08 01:54:42,447 [pool-848-thread-1] INFO  server.RaftServerConfigKeys (ConfUtils.java:logGet(46)) - raft.server.log.segment.cache.num.max = 2 (custom)
2022-09-08 01:54:42,447 [pool-848-thread-1] INFO  server.RaftServerConfigKeys (ConfUtils.java:logGet(46)) - raft.server.log.segment.cache.size.max = 200MB (=209715200) (default)
2022-09-08 01:54:42,447 [pool-848-thread-1] INFO  segmented.SegmentedRaftLogWorker (SegmentedRaftLogWorker.java:<init>(187)) - new 2c3d1cb2-60a6-41ea-8ac9-22673eb6bb0a@group-746216AC3183-SegmentedRaftLogWorker for RaftStorageImpl:Storage Directory /home/runner/work/ozone/ozone/hadoop-ozone/integration-test/target/test-dir/MiniOzoneClusterImpl-057c3a95-4ef9-4349-8946-0241b22cf071/datanode-2/data/ratis/b0fb3cf7-bbc2-4c29-9dce-746216ac3183
2022-09-08 01:54:42,447 [pool-848-thread-1] INFO  server.RaftServerConfigKeys (ConfUtils.java:logGet(46)) - raft.server.log.queue.byte-limit = 4294967296 (custom)
2022-09-08 01:54:42,447 [pool-848-thread-1] INFO  server.RaftServerConfigKeys (ConfUtils.java:logGet(46)) - raft.server.log.queue.element-limit = 1024 (custom)
2022-09-08 01:54:42,448 [pool-848-thread-1] INFO  server.RaftServerConfigKeys (ConfUtils.java:logGet(46)) - raft.server.log.segment.size.max = 1048576 (custom)
2022-09-08 01:54:42,448 [pool-848-thread-1] INFO  server.RaftServerConfigKeys (ConfUtils.java:logGet(46)) - raft.server.log.preallocated.size = 16384 (custom)
2022-09-08 01:54:42,448 [pool-848-thread-1] INFO  server.RaftServerConfigKeys (ConfUtils.java:logGet(46)) - raft.server.log.force.sync.num = 128 (default)
2022-09-08 01:54:42,448 [pool-848-thread-1] INFO  server.RaftServerConfigKeys (ConfUtils.java:logGet(46)) - raft.server.log.statemachine.data.sync = true (default)
2022-09-08 01:54:42,448 [pool-848-thread-1] INFO  server.RaftServerConfigKeys (ConfUtils.java:logGet(46)) - raft.server.log.statemachine.data.sync.timeout = 10s (default)
2022-09-08 01:54:42,448 [pool-848-thread-1] INFO  server.RaftServerConfigKeys (ConfUtils.java:logGet(46)) - raft.server.log.statemachine.data.sync.timeout.retry = -1 (default)
2022-09-08 01:54:42,499 [pool-848-thread-1] INFO  server.RaftServerConfigKeys (ConfUtils.java:logGet(46)) - raft.server.log.write.buffer.size = 1048576 (custom)
2022-09-08 01:54:42,500 [pool-848-thread-1] INFO  server.RaftServerConfigKeys (ConfUtils.java:logGet(46)) - raft.server.log.unsafe-flush.enabled = false (default)
2022-09-08 01:54:42,500 [pool-848-thread-1] INFO  server.RaftServerConfigKeys (ConfUtils.java:logGet(46)) - raft.server.log.statemachine.data.caching.enabled = true (custom)
2022-09-08 01:54:42,500 [pool-848-thread-1] INFO  segmented.SegmentedRaftLogWorker (SegmentedRaftLogWorker.java:lambda$new$0(135)) - 2c3d1cb2-60a6-41ea-8ac9-22673eb6bb0a@group-746216AC3183-SegmentedRaftLogWorker: flushIndex: setUnconditionally 0 -> -1
2022-09-08 01:54:42,500 [pool-848-thread-1] INFO  segmented.SegmentedRaftLogWorker (SegmentedRaftLogWorker.java:lambda$new$0(135)) - 2c3d1cb2-60a6-41ea-8ac9-22673eb6bb0a@group-746216AC3183-SegmentedRaftLogWorker: safeCacheEvictIndex: setUnconditionally 0 -> -1
2022-09-08 01:54:42,506 [pool-848-thread-1] INFO  server.RaftServerConfigKeys (ConfUtils.java:logGet(46)) - raft.server.snapshot.auto.trigger.enabled = true (custom)
2022-09-08 01:54:42,506 [pool-848-thread-1] INFO  server.RaftServerConfigKeys (ConfUtils.java:logGet(46)) - raft.server.snapshot.auto.trigger.threshold = 10000 (custom)
2022-09-08 01:54:42,506 [pool-848-thread-1] INFO  server.RaftServerConfigKeys (ConfUtils.java:logGet(46)) - raft.server.snapshot.retention.file.num = 5 (custom)
2022-09-08 01:54:42,506 [pool-848-thread-1] INFO  server.RaftServerConfigKeys (ConfUtils.java:logGet(46)) - raft.server.log.purge.upto.snapshot.index = false (default)
2022-09-08 01:54:42,506 [pool-848-thread-1] INFO  server.RaftServerConfigKeys (ConfUtils.java:logGet(46)) - raft.server.retrycache.expirytime = 600000ms (custom)
2022-09-08 01:54:42,506 [pool-848-thread-1] INFO  server.RaftServerConfigKeys (ConfUtils.java:logGet(46)) - raft.server.retrycache.statistics.expirytime = 100μs (default)
2022-09-08 01:54:42,507 [pool-848-thread-1] INFO  server.RaftServerConfigKeys (ConfUtils.java:logGet(46)) - raft.server.log.appender.install.snapshot.enabled = false (custom)
2022-09-08 01:54:42,507 [pool-848-thread-1] INFO  server.RaftServerConfigKeys (ConfUtils.java:logGet(46)) - raft.server.threadpool.server.cached = true (default)
2022-09-08 01:54:42,507 [pool-848-thread-1] INFO  server.RaftServerConfigKeys (ConfUtils.java:logGet(46)) - raft.server.threadpool.server.size = 0 (default)
2022-09-08 01:54:42,507 [pool-848-thread-1] INFO  server.RaftServerConfigKeys (ConfUtils.java:logGet(46)) - raft.server.threadpool.client.cached = true (default)
2022-09-08 01:54:42,507 [pool-848-thread-1] INFO  server.RaftServerConfigKeys (ConfUtils.java:logGet(46)) - raft.server.threadpool.client.size = 0 (default)
2022-09-08 01:54:42,507 [pool-848-thread-1] INFO  server.RaftServer$Division (RaftServerImpl.java:start(310)) - 2c3d1cb2-60a6-41ea-8ac9-22673eb6bb0a@group-746216AC3183: start as a follower, conf=-1: [e9c9b112-6330-4444-b5c6-8395fb60ec45|rpc:10.1.1.0:35177|dataStream:|priority:0, eb925032-2c23-4938-b2a7-edb9189c0df9|rpc:10.1.1.0:44933|dataStream:|priority:0, 2c3d1cb2-60a6-41ea-8ac9-22673eb6bb0a|rpc:10.1.1.0:34551|dataStream:|priority:1], old=null
2022-09-08 01:54:42,508 [pool-848-thread-1] INFO  server.RaftServer$Division (RaftServerImpl.java:setRole(299)) - 2c3d1cb2-60a6-41ea-8ac9-22673eb6bb0a@group-746216AC3183: changes role from      null to FOLLOWER at term 0 for startAsFollower
2022-09-08 01:54:42,508 [pool-848-thread-1] INFO  impl.RoleInfo (RoleInfo.java:updateAndGet(139)) - 2c3d1cb2-60a6-41ea-8ac9-22673eb6bb0a: start 2c3d1cb2-60a6-41ea-8ac9-22673eb6bb0a@group-746216AC3183-FollowerState
2022-09-08 01:54:42,513 [pool-848-thread-1] INFO  util.JmxRegister (JmxRegister.java:tryRegister(44)) - Successfully registered JMX Bean with object name Ratis:service=RaftServer,group=group-746216AC3183,id=2c3d1cb2-60a6-41ea-8ac9-22673eb6bb0a
2022-09-08 01:54:42,679 [Listener at 127.0.0.1/36097] INFO  ozone.MiniOzoneClusterImpl (MiniOzoneClusterImpl.java:lambda$waitForClusterToBeReady$0(216)) - Nodes are ready. Got 3 of 3 DN Heartbeats.
2022-09-08 01:54:42,680 [Listener at 127.0.0.1/36097] INFO  ozone.MiniOzoneClusterImpl (MiniOzoneClusterImpl.java:lambda$waitForClusterToBeReady$0(219)) - Waiting for cluster to exit safe mode
2022-09-08 01:54:42,680 [Listener at 127.0.0.1/36097] INFO  ozone.MiniOzoneClusterImpl (MiniOzoneClusterImpl.java:lambda$waitForClusterToBeReady$0(221)) - SCM became leader
2022-09-08 01:54:42,723 [Command processor thread] INFO  server.RaftServer (RaftServerProxy.java:addNew(96)) - 2c3d1cb2-60a6-41ea-8ac9-22673eb6bb0a: addNew group-0A8EE958C78A:[2c3d1cb2-60a6-41ea-8ac9-22673eb6bb0a|rpc:10.1.1.0:34551|priority:1] returns group-0A8EE958C78A:java.util.concurrent.CompletableFuture@dee0d63[Not completed]
2022-09-08 01:54:42,777 [pool-848-thread-1] INFO  server.RaftServer$Division (RaftServerImpl.java:<init>(190)) - 2c3d1cb2-60a6-41ea-8ac9-22673eb6bb0a: new RaftServerImpl for group-0A8EE958C78A:[2c3d1cb2-60a6-41ea-8ac9-22673eb6bb0a|rpc:10.1.1.0:34551|priority:1] with ContainerStateMachine:uninitialized
2022-09-08 01:54:42,777 [pool-848-thread-1] INFO  server.RaftServerConfigKeys (ConfUtils.java:logGet(46)) - raft.server.rpc.timeout.min = 5s (custom)
2022-09-08 01:54:42,777 [pool-848-thread-1] INFO  server.RaftServerConfigKeys (ConfUtils.java:logGet(46)) - raft.server.rpc.timeout.max = 5200ms (custom)
2022-09-08 01:54:42,777 [pool-848-thread-1] INFO  server.RaftServerConfigKeys (ConfUtils.java:logGet(46)) - raft.server.rpc.sleep.time = 25ms (default)
2022-09-08 01:54:42,777 [pool-848-thread-1] INFO  server.RaftServerConfigKeys (ConfUtils.java:logGet(46)) - raft.server.rpc.slowness.timeout = 300s (custom)
2022-09-08 01:54:42,777 [pool-848-thread-1] INFO  server.RaftServerConfigKeys (ConfUtils.java:logGet(46)) - raft.server.leaderelection.leader.step-down.wait-time = 10s (default)
2022-09-08 01:54:42,777 [pool-848-thread-1] INFO  server.RaftServerConfigKeys (ConfUtils.java:logGet(46)) - raft.server.sleep.deviation.threshold = 300ms (default)
2022-09-08 01:54:42,777 [pool-848-thread-1] INFO  server.RaftServer$Division (ServerState.java:<init>(107)) - 2c3d1cb2-60a6-41ea-8ac9-22673eb6bb0a@group-0A8EE958C78A: ConfigurationManager, init=-1: [2c3d1cb2-60a6-41ea-8ac9-22673eb6bb0a|rpc:10.1.1.0:34551|priority:1], old=null, confs=<EMPTY_MAP>
2022-09-08 01:54:42,777 [pool-848-thread-1] INFO  server.RaftServerConfigKeys (ConfUtils.java:logGet(46)) - raft.server.storage.dir = [/home/runner/work/ozone/ozone/hadoop-ozone/integration-test/target/test-dir/MiniOzoneClusterImpl-057c3a95-4ef9-4349-8946-0241b22cf071/datanode-2/data/ratis] (custom)
2022-09-08 01:54:42,777 [pool-848-thread-1] INFO  server.RaftServerConfigKeys (ConfUtils.java:logGet(46)) - raft.server.log.corruption.policy = EXCEPTION (default)
2022-09-08 01:54:42,777 [pool-848-thread-1] INFO  server.RaftServerConfigKeys (ConfUtils.java:logGet(46)) - raft.server.storage.free-space.min = 0MB (=0) (default)
2022-09-08 01:54:42,777 [pool-848-thread-1] INFO  storage.RaftStorageDirectory (RaftStorageDirectoryImpl.java:analyzeStorage(135)) - The storage directory /home/runner/work/ozone/ozone/hadoop-ozone/integration-test/target/test-dir/MiniOzoneClusterImpl-057c3a95-4ef9-4349-8946-0241b22cf071/datanode-2/data/ratis/ea259136-fcd7-4237-b96f-0a8ee958c78a does not exist. Creating ...
2022-09-08 01:54:42,781 [Command processor thread] INFO  commandhandler.CreatePipelineCommandHandler (CreatePipelineCommandHandler.java:handle(113)) - Created Pipeline RATIS THREE PipelineID=b0fb3cf7-bbc2-4c29-9dce-746216ac3183.
2022-09-08 01:54:42,786 [pool-848-thread-1] INFO  storage.RaftStorageDirectory (RaftStorageDirectoryImpl.java:tryLock(230)) - Lock on /home/runner/work/ozone/ozone/hadoop-ozone/integration-test/target/test-dir/MiniOzoneClusterImpl-057c3a95-4ef9-4349-8946-0241b22cf071/datanode-2/data/ratis/ea259136-fcd7-4237-b96f-0a8ee958c78a/in_use.lock acquired by nodename 132736@fv-az38-857
2022-09-08 01:54:42,793 [Command processor thread] INFO  commandhandler.CreatePipelineCommandHandler (CreatePipelineCommandHandler.java:handle(113)) - Created Pipeline RATIS THREE PipelineID=b0fb3cf7-bbc2-4c29-9dce-746216ac3183.
2022-09-08 01:54:42,815 [pool-848-thread-1] INFO  storage.RaftStorage (RaftStorageImpl.java:format(89)) - Storage directory /home/runner/work/ozone/ozone/hadoop-ozone/integration-test/target/test-dir/MiniOzoneClusterImpl-057c3a95-4ef9-4349-8946-0241b22cf071/datanode-2/data/ratis/ea259136-fcd7-4237-b96f-0a8ee958c78a has been successfully formatted.
2022-09-08 01:54:42,816 [pool-848-thread-1] INFO  ratis.ContainerStateMachine (ContainerStateMachine.java:loadSnapshot(236)) - group-0A8EE958C78A: The snapshot info is null. Setting the last applied indexto:(t:0, i:~)
2022-09-08 01:54:42,816 [pool-848-thread-1] INFO  server.RaftServerConfigKeys (ConfUtils.java:logGet(46)) - raft.server.notification.no-leader.timeout = 300s (custom)
2022-09-08 01:54:42,816 [pool-848-thread-1] INFO  server.RaftServerConfigKeys (ConfUtils.java:logGet(46)) - raft.server.log.use.memory = false (default)
2022-09-08 01:54:42,816 [pool-848-thread-1] INFO  server.RaftServerConfigKeys (ConfUtils.java:logGet(46)) - raft.server.log.purge.gap = 1000000 (custom)
2022-09-08 01:54:42,816 [pool-848-thread-1] INFO  server.RaftServerConfigKeys (ConfUtils.java:logGet(46)) - raft.server.log.appender.buffer.byte-limit = 33554432 (custom)
2022-09-08 01:54:42,816 [pool-848-thread-1] INFO  server.RaftServerConfigKeys (ConfUtils.java:logGet(46)) - raft.server.log.statemachine.data.read.timeout = 1000ms (default)
2022-09-08 01:54:42,816 [pool-848-thread-1] INFO  server.RaftServerConfigKeys (ConfUtils.java:logGet(46)) - raft.server.log.segment.size.max = 1048576 (custom)
2022-09-08 01:54:42,818 [pool-848-thread-1] INFO  server.RaftServerConfigKeys (ConfUtils.java:logGet(46)) - raft.server.log.segment.cache.num.max = 2 (custom)
2022-09-08 01:54:42,818 [pool-848-thread-1] INFO  server.RaftServerConfigKeys (ConfUtils.java:logGet(46)) - raft.server.log.segment.cache.size.max = 200MB (=209715200) (default)
2022-09-08 01:54:42,818 [pool-848-thread-1] INFO  segmented.SegmentedRaftLogWorker (SegmentedRaftLogWorker.java:<init>(187)) - new 2c3d1cb2-60a6-41ea-8ac9-22673eb6bb0a@group-0A8EE958C78A-SegmentedRaftLogWorker for RaftStorageImpl:Storage Directory /home/runner/work/ozone/ozone/hadoop-ozone/integration-test/target/test-dir/MiniOzoneClusterImpl-057c3a95-4ef9-4349-8946-0241b22cf071/datanode-2/data/ratis/ea259136-fcd7-4237-b96f-0a8ee958c78a
2022-09-08 01:54:42,818 [pool-848-thread-1] INFO  server.RaftServerConfigKeys (ConfUtils.java:logGet(46)) - raft.server.log.queue.byte-limit = 4294967296 (custom)
2022-09-08 01:54:42,818 [pool-848-thread-1] INFO  server.RaftServerConfigKeys (ConfUtils.java:logGet(46)) - raft.server.log.queue.element-limit = 1024 (custom)
2022-09-08 01:54:42,818 [pool-848-thread-1] INFO  server.RaftServerConfigKeys (ConfUtils.java:logGet(46)) - raft.server.log.segment.size.max = 1048576 (custom)
2022-09-08 01:54:42,818 [pool-848-thread-1] INFO  server.RaftServerConfigKeys (ConfUtils.java:logGet(46)) - raft.server.log.preallocated.size = 16384 (custom)
2022-09-08 01:54:42,818 [pool-848-thread-1] INFO  server.RaftServerConfigKeys (ConfUtils.java:logGet(46)) - raft.server.log.force.sync.num = 128 (default)
2022-09-08 01:54:42,818 [pool-848-thread-1] INFO  server.RaftServerConfigKeys (ConfUtils.java:logGet(46)) - raft.server.log.statemachine.data.sync = true (default)
2022-09-08 01:54:42,818 [pool-848-thread-1] INFO  server.RaftServerConfigKeys (ConfUtils.java:logGet(46)) - raft.server.log.statemachine.data.sync.timeout = 10s (default)
2022-09-08 01:54:42,818 [pool-848-thread-1] INFO  server.RaftServerConfigKeys (ConfUtils.java:logGet(46)) - raft.server.log.statemachine.data.sync.timeout.retry = -1 (default)
2022-09-08 01:54:42,818 [EventQueue-PipelineReportForPipelineReportHandler] INFO  pipeline.PipelineManagerImpl (PipelineManagerImpl.java:openPipeline(367)) - Pipeline Pipeline[ Id: ea259136-fcd7-4237-b96f-0a8ee958c78a, Nodes: 2c3d1cb2-60a6-41ea-8ac9-22673eb6bb0a{ip: 10.1.1.0, host: fv-az38-857.qiceih3q1hfe5a3ai3y3qk2fta.cx.internal.cloudapp.net, ports: [REPLICATION=38139, RATIS=34551, RATIS_ADMIN=34551, RATIS_SERVER=34551, STANDALONE=46301], networkLocation: /default-rack, certSerialId: null, persistedOpState: IN_SERVICE, persistedOpStateExpiryEpochSec: 0}, ReplicationConfig: RATIS/ONE, State:ALLOCATED, leaderId:2c3d1cb2-60a6-41ea-8ac9-22673eb6bb0a, CreationTimestamp2022-09-08T01:54:39.765Z[Etc/UTC]] moved to OPEN state
2022-09-08 01:54:42,819 [EventQueue-OpenPipelineForHealthyPipelineSafeModeRule] INFO  safemode.SCMSafeModeManager (HealthyPipelineSafeModeRule.java:process(137)) - SCM in safe mode. Healthy pipelines reported count is 0, required healthy pipeline reported count is 1
2022-09-08 01:54:42,820 [pool-848-thread-1] INFO  server.RaftServerConfigKeys (ConfUtils.java:logGet(46)) - raft.server.log.write.buffer.size = 1048576 (custom)
2022-09-08 01:54:42,821 [pool-848-thread-1] INFO  server.RaftServerConfigKeys (ConfUtils.java:logGet(46)) - raft.server.log.unsafe-flush.enabled = false (default)
2022-09-08 01:54:42,821 [pool-848-thread-1] INFO  server.RaftServerConfigKeys (ConfUtils.java:logGet(46)) - raft.server.log.statemachine.data.caching.enabled = true (custom)
2022-09-08 01:54:42,821 [pool-848-thread-1] INFO  segmented.SegmentedRaftLogWorker (SegmentedRaftLogWorker.java:lambda$new$0(135)) - 2c3d1cb2-60a6-41ea-8ac9-22673eb6bb0a@group-0A8EE958C78A-SegmentedRaftLogWorker: flushIndex: setUnconditionally 0 -> -1
2022-09-08 01:54:42,821 [pool-848-thread-1] INFO  segmented.SegmentedRaftLogWorker (SegmentedRaftLogWorker.java:lambda$new$0(135)) - 2c3d1cb2-60a6-41ea-8ac9-22673eb6bb0a@group-0A8EE958C78A-SegmentedRaftLogWorker: safeCacheEvictIndex: setUnconditionally 0 -> -1
2022-09-08 01:54:42,832 [pool-848-thread-1] INFO  server.RaftServerConfigKeys (ConfUtils.java:logGet(46)) - raft.server.snapshot.auto.trigger.enabled = true (custom)
2022-09-08 01:54:42,832 [pool-848-thread-1] INFO  server.RaftServerConfigKeys (ConfUtils.java:logGet(46)) - raft.server.snapshot.auto.trigger.threshold = 10000 (custom)
2022-09-08 01:54:42,832 [pool-848-thread-1] INFO  server.RaftServerConfigKeys (ConfUtils.java:logGet(46)) - raft.server.snapshot.retention.file.num = 5 (custom)
2022-09-08 01:54:42,832 [pool-848-thread-1] INFO  server.RaftServerConfigKeys (ConfUtils.java:logGet(46)) - raft.server.log.purge.upto.snapshot.index = false (default)
2022-09-08 01:54:42,832 [pool-848-thread-1] INFO  server.RaftServerConfigKeys (ConfUtils.java:logGet(46)) - raft.server.retrycache.expirytime = 600000ms (custom)
2022-09-08 01:54:42,832 [pool-848-thread-1] INFO  server.RaftServerConfigKeys (ConfUtils.java:logGet(46)) - raft.server.retrycache.statistics.expirytime = 100μs (default)
2022-09-08 01:54:42,834 [pool-848-thread-1] INFO  server.RaftServerConfigKeys (ConfUtils.java:logGet(46)) - raft.server.log.appender.install.snapshot.enabled = false (custom)
2022-09-08 01:54:42,834 [pool-848-thread-1] INFO  server.RaftServerConfigKeys (ConfUtils.java:logGet(46)) - raft.server.threadpool.server.cached = true (default)
2022-09-08 01:54:42,834 [pool-848-thread-1] INFO  server.RaftServerConfigKeys (ConfUtils.java:logGet(46)) - raft.server.threadpool.server.size = 0 (default)
2022-09-08 01:54:42,834 [pool-848-thread-1] INFO  server.RaftServerConfigKeys (ConfUtils.java:logGet(46)) - raft.server.threadpool.client.cached = true (default)
2022-09-08 01:54:42,834 [pool-848-thread-1] INFO  server.RaftServerConfigKeys (ConfUtils.java:logGet(46)) - raft.server.threadpool.client.size = 0 (default)
2022-09-08 01:54:42,834 [pool-848-thread-1] INFO  server.RaftServer$Division (RaftServerImpl.java:start(310)) - 2c3d1cb2-60a6-41ea-8ac9-22673eb6bb0a@group-0A8EE958C78A: start as a follower, conf=-1: [2c3d1cb2-60a6-41ea-8ac9-22673eb6bb0a|rpc:10.1.1.0:34551|priority:1], old=null
2022-09-08 01:54:42,834 [pool-848-thread-1] INFO  server.RaftServer$Division (RaftServerImpl.java:setRole(299)) - 2c3d1cb2-60a6-41ea-8ac9-22673eb6bb0a@group-0A8EE958C78A: changes role from      null to FOLLOWER at term 0 for startAsFollower
2022-09-08 01:54:42,834 [pool-848-thread-1] INFO  impl.RoleInfo (RoleInfo.java:updateAndGet(139)) - 2c3d1cb2-60a6-41ea-8ac9-22673eb6bb0a: start 2c3d1cb2-60a6-41ea-8ac9-22673eb6bb0a@group-0A8EE958C78A-FollowerState
2022-09-08 01:54:42,849 [pool-848-thread-1] INFO  util.JmxRegister (JmxRegister.java:tryRegister(44)) - Successfully registered JMX Bean with object name Ratis:service=RaftServer,group=group-0A8EE958C78A,id=2c3d1cb2-60a6-41ea-8ac9-22673eb6bb0a
2022-09-08 01:54:42,850 [Command processor thread] INFO  ratis.XceiverServerRatis (XceiverServerRatis.java:addGroup(765)) - Created group PipelineID=ea259136-fcd7-4237-b96f-0a8ee958c78a
2022-09-08 01:54:42,850 [Command processor thread] INFO  commandhandler.CreatePipelineCommandHandler (CreatePipelineCommandHandler.java:handle(113)) - Created Pipeline RATIS ONE PipelineID=ea259136-fcd7-4237-b96f-0a8ee958c78a.
2022-09-08 01:54:43,680 [Listener at 127.0.0.1/36097] INFO  ozone.MiniOzoneClusterImpl (MiniOzoneClusterImpl.java:lambda$waitForClusterToBeReady$0(216)) - Nodes are ready. Got 3 of 3 DN Heartbeats.
2022-09-08 01:54:43,680 [Listener at 127.0.0.1/36097] INFO  ozone.MiniOzoneClusterImpl (MiniOzoneClusterImpl.java:lambda$waitForClusterToBeReady$0(219)) - Waiting for cluster to exit safe mode
2022-09-08 01:54:43,680 [Listener at 127.0.0.1/36097] INFO  ozone.MiniOzoneClusterImpl (MiniOzoneClusterImpl.java:lambda$waitForClusterToBeReady$0(221)) - SCM became leader
2022-09-08 01:54:44,681 [Listener at 127.0.0.1/36097] INFO  ozone.MiniOzoneClusterImpl (MiniOzoneClusterImpl.java:lambda$waitForClusterToBeReady$0(216)) - Nodes are ready. Got 3 of 3 DN Heartbeats.
2022-09-08 01:54:44,681 [Listener at 127.0.0.1/36097] INFO  ozone.MiniOzoneClusterImpl (MiniOzoneClusterImpl.java:lambda$waitForClusterToBeReady$0(219)) - Waiting for cluster to exit safe mode
2022-09-08 01:54:44,681 [Listener at 127.0.0.1/36097] INFO  ozone.MiniOzoneClusterImpl (MiniOzoneClusterImpl.java:lambda$waitForClusterToBeReady$0(221)) - SCM became leader
2022-09-08 01:54:45,681 [Listener at 127.0.0.1/36097] INFO  ozone.MiniOzoneClusterImpl (MiniOzoneClusterImpl.java:lambda$waitForClusterToBeReady$0(216)) - Nodes are ready. Got 3 of 3 DN Heartbeats.
2022-09-08 01:54:45,682 [Listener at 127.0.0.1/36097] INFO  ozone.MiniOzoneClusterImpl (MiniOzoneClusterImpl.java:lambda$waitForClusterToBeReady$0(219)) - Waiting for cluster to exit safe mode
2022-09-08 01:54:45,682 [Listener at 127.0.0.1/36097] INFO  ozone.MiniOzoneClusterImpl (MiniOzoneClusterImpl.java:lambda$waitForClusterToBeReady$0(221)) - SCM became leader
2022-09-08 01:54:46,682 [Listener at 127.0.0.1/36097] INFO  ozone.MiniOzoneClusterImpl (MiniOzoneClusterImpl.java:lambda$waitForClusterToBeReady$0(216)) - Nodes are ready. Got 3 of 3 DN Heartbeats.
2022-09-08 01:54:46,682 [Listener at 127.0.0.1/36097] INFO  ozone.MiniOzoneClusterImpl (MiniOzoneClusterImpl.java:lambda$waitForClusterToBeReady$0(219)) - Waiting for cluster to exit safe mode
2022-09-08 01:54:46,682 [Listener at 127.0.0.1/36097] INFO  ozone.MiniOzoneClusterImpl (MiniOzoneClusterImpl.java:lambda$waitForClusterToBeReady$0(221)) - SCM became leader
2022-09-08 01:54:46,922 [e9c9b112-6330-4444-b5c6-8395fb60ec45@group-BB8B2D4FDAF8-FollowerState] INFO  impl.FollowerState (FollowerState.java:run(143)) - e9c9b112-6330-4444-b5c6-8395fb60ec45@group-BB8B2D4FDAF8-FollowerState: change to CANDIDATE, lastRpcElapsedTime:5169745275ns, electionTimeout:5116ms
2022-09-08 01:54:46,923 [e9c9b112-6330-4444-b5c6-8395fb60ec45@group-BB8B2D4FDAF8-FollowerState] INFO  impl.RoleInfo (RoleInfo.java:shutdownFollowerState(110)) - e9c9b112-6330-4444-b5c6-8395fb60ec45: shutdown e9c9b112-6330-4444-b5c6-8395fb60ec45@group-BB8B2D4FDAF8-FollowerState
2022-09-08 01:54:46,923 [e9c9b112-6330-4444-b5c6-8395fb60ec45@group-BB8B2D4FDAF8-FollowerState] INFO  server.RaftServer$Division (RaftServerImpl.java:setRole(299)) - e9c9b112-6330-4444-b5c6-8395fb60ec45@group-BB8B2D4FDAF8: changes role from  FOLLOWER to CANDIDATE at term 0 for changeToCandidate
2022-09-08 01:54:46,923 [e9c9b112-6330-4444-b5c6-8395fb60ec45@group-BB8B2D4FDAF8-FollowerState] INFO  server.RaftServerConfigKeys (ConfUtils.java:logGet(46)) - raft.server.leaderelection.pre-vote = false (custom)
2022-09-08 01:54:46,923 [e9c9b112-6330-4444-b5c6-8395fb60ec45@group-BB8B2D4FDAF8-FollowerState] INFO  impl.RoleInfo (RoleInfo.java:updateAndGet(139)) - e9c9b112-6330-4444-b5c6-8395fb60ec45: start e9c9b112-6330-4444-b5c6-8395fb60ec45@group-BB8B2D4FDAF8-LeaderElection62
2022-09-08 01:54:46,923 [e9c9b112-6330-4444-b5c6-8395fb60ec45@group-BD1F1979FC84-FollowerState] INFO  impl.FollowerState (FollowerState.java:run(143)) - e9c9b112-6330-4444-b5c6-8395fb60ec45@group-BD1F1979FC84-FollowerState: change to CANDIDATE, lastRpcElapsedTime:5068557984ns, electionTimeout:5032ms
2022-09-08 01:54:46,923 [e9c9b112-6330-4444-b5c6-8395fb60ec45@group-BD1F1979FC84-FollowerState] INFO  impl.RoleInfo (RoleInfo.java:shutdownFollowerState(110)) - e9c9b112-6330-4444-b5c6-8395fb60ec45: shutdown e9c9b112-6330-4444-b5c6-8395fb60ec45@group-BD1F1979FC84-FollowerState
2022-09-08 01:54:46,923 [e9c9b112-6330-4444-b5c6-8395fb60ec45@group-BD1F1979FC84-FollowerState] INFO  server.RaftServer$Division (RaftServerImpl.java:setRole(299)) - e9c9b112-6330-4444-b5c6-8395fb60ec45@group-BD1F1979FC84: changes role from  FOLLOWER to CANDIDATE at term 0 for changeToCandidate
2022-09-08 01:54:46,935 [e9c9b112-6330-4444-b5c6-8395fb60ec45@group-BD1F1979FC84-FollowerState] INFO  server.RaftServerConfigKeys (ConfUtils.java:logGet(46)) - raft.server.leaderelection.pre-vote = false (custom)
2022-09-08 01:54:46,935 [e9c9b112-6330-4444-b5c6-8395fb60ec45@group-BD1F1979FC84-FollowerState] INFO  impl.RoleInfo (RoleInfo.java:updateAndGet(139)) - e9c9b112-6330-4444-b5c6-8395fb60ec45: start e9c9b112-6330-4444-b5c6-8395fb60ec45@group-BD1F1979FC84-LeaderElection63
2022-09-08 01:54:46,955 [e9c9b112-6330-4444-b5c6-8395fb60ec45@group-BB8B2D4FDAF8-LeaderElection62] INFO  impl.LeaderElection (LeaderElection.java:askForVotes(310)) - e9c9b112-6330-4444-b5c6-8395fb60ec45@group-BB8B2D4FDAF8-LeaderElection62 ELECTION round 0: submit vote requests at term 1 for -1: [e9c9b112-6330-4444-b5c6-8395fb60ec45|rpc:10.1.1.0:35177|priority:1], old=null
2022-09-08 01:54:46,955 [e9c9b112-6330-4444-b5c6-8395fb60ec45@group-BB8B2D4FDAF8-LeaderElection62] INFO  impl.LeaderElection (LeaderElection.java:askForVotes(312)) - e9c9b112-6330-4444-b5c6-8395fb60ec45@group-BB8B2D4FDAF8-LeaderElection62 ELECTION round 0: result PASSED (term=1)
2022-09-08 01:54:46,955 [e9c9b112-6330-4444-b5c6-8395fb60ec45@group-BB8B2D4FDAF8-LeaderElection62] INFO  impl.RoleInfo (RoleInfo.java:shutdownLeaderElection(130)) - e9c9b112-6330-4444-b5c6-8395fb60ec45: shutdown e9c9b112-6330-4444-b5c6-8395fb60ec45@group-BB8B2D4FDAF8-LeaderElection62
2022-09-08 01:54:46,956 [e9c9b112-6330-4444-b5c6-8395fb60ec45@group-BB8B2D4FDAF8-LeaderElection62] INFO  server.RaftServer$Division (RaftServerImpl.java:setRole(299)) - e9c9b112-6330-4444-b5c6-8395fb60ec45@group-BB8B2D4FDAF8: changes role from CANDIDATE to LEADER at term 1 for changeToLeader
2022-09-08 01:54:46,956 [e9c9b112-6330-4444-b5c6-8395fb60ec45@group-BB8B2D4FDAF8-LeaderElection62] INFO  ratis.XceiverServerRatis (XceiverServerRatis.java:handleLeaderChangedNotification(863)) - Leader change notification received for group: group-BB8B2D4FDAF8 with new leaderId: e9c9b112-6330-4444-b5c6-8395fb60ec45
2022-09-08 01:54:46,962 [e9c9b112-6330-4444-b5c6-8395fb60ec45@group-BB8B2D4FDAF8-LeaderElection62] INFO  server.RaftServer$Division (ServerState.java:setLeader(287)) - e9c9b112-6330-4444-b5c6-8395fb60ec45@group-BB8B2D4FDAF8: change Leader from null to e9c9b112-6330-4444-b5c6-8395fb60ec45 at term 1 for becomeLeader, leader elected after 5215ms
2022-09-08 01:54:46,962 [e9c9b112-6330-4444-b5c6-8395fb60ec45@group-BB8B2D4FDAF8-LeaderElection62] INFO  server.RaftServerConfigKeys (ConfUtils.java:logGet(46)) - raft.server.staging.catchup.gap = 1000 (default)
2022-09-08 01:54:46,963 [e9c9b112-6330-4444-b5c6-8395fb60ec45@group-BB8B2D4FDAF8-LeaderElection62] INFO  server.RaftServerConfigKeys (ConfUtils.java:logGet(46)) - raft.server.write.element-limit = 1024 (custom)
2022-09-08 01:54:46,963 [e9c9b112-6330-4444-b5c6-8395fb60ec45@group-BB8B2D4FDAF8-LeaderElection62] INFO  server.RaftServerConfigKeys (ConfUtils.java:logGet(46)) - raft.server.write.byte-limit = 1024 M (=1073741824) (custom)
2022-09-08 01:54:46,964 [EventQueue-OpenPipelineForHealthyPipelineSafeModeRule] INFO  safemode.SCMSafeModeManager (HealthyPipelineSafeModeRule.java:process(137)) - SCM in safe mode. Healthy pipelines reported count is 0, required healthy pipeline reported count is 1
2022-09-08 01:54:46,993 [e9c9b112-6330-4444-b5c6-8395fb60ec45@group-BD1F1979FC84-LeaderElection63] INFO  impl.LeaderElection (LeaderElection.java:askForVotes(310)) - e9c9b112-6330-4444-b5c6-8395fb60ec45@group-BD1F1979FC84-LeaderElection63 ELECTION round 0: submit vote requests at term 1 for -1: [e9c9b112-6330-4444-b5c6-8395fb60ec45|rpc:10.1.1.0:35177|priority:0, eb925032-2c23-4938-b2a7-edb9189c0df9|rpc:10.1.1.0:44933|priority:1, 2c3d1cb2-60a6-41ea-8ac9-22673eb6bb0a|rpc:10.1.1.0:34551|priority:0], old=null
2022-09-08 01:54:46,993 [e9c9b112-6330-4444-b5c6-8395fb60ec45@group-BB8B2D4FDAF8-LeaderElection62] INFO  server.RaftServerConfigKeys (ConfUtils.java:logGet(46)) - raft.server.watch.timeout = 180s (custom)
2022-09-08 01:54:46,993 [e9c9b112-6330-4444-b5c6-8395fb60ec45@group-BB8B2D4FDAF8-LeaderElection62] INFO  server.RaftServerConfigKeys (ConfUtils.java:logGet(46)) - raft.server.watch.timeout.denomination = 1s (default)
2022-09-08 01:54:46,993 [e9c9b112-6330-4444-b5c6-8395fb60ec45@group-BB8B2D4FDAF8-LeaderElection62] INFO  server.RaftServerConfigKeys (ConfUtils.java:logGet(46)) - raft.server.watch.element-limit = 65536 (default)
2022-09-08 01:54:46,993 [e9c9b112-6330-4444-b5c6-8395fb60ec45@group-BB8B2D4FDAF8-LeaderElection62] INFO  server.RaftServerConfigKeys (ConfUtils.java:logGet(46)) - raft.server.write.element-limit = 1024 (custom)
2022-09-08 01:54:46,993 [e9c9b112-6330-4444-b5c6-8395fb60ec45@group-BB8B2D4FDAF8-LeaderElection62] INFO  server.RaftServerConfigKeys (ConfUtils.java:logGet(46)) - raft.server.write.follower.gap.ratio.max = -1.0 (default)
2022-09-08 01:54:46,993 [e9c9b112-6330-4444-b5c6-8395fb60ec45@group-BB8B2D4FDAF8-LeaderElection62] INFO  impl.RoleInfo (RoleInfo.java:updateAndGet(139)) - e9c9b112-6330-4444-b5c6-8395fb60ec45: start e9c9b112-6330-4444-b5c6-8395fb60ec45@group-BB8B2D4FDAF8-LeaderStateImpl
2022-09-08 01:54:46,994 [e9c9b112-6330-4444-b5c6-8395fb60ec45@group-BB8B2D4FDAF8-LeaderElection62] INFO  segmented.SegmentedRaftLogWorker (SegmentedRaftLogWorker.java:startLogSegment(425)) - e9c9b112-6330-4444-b5c6-8395fb60ec45@group-BB8B2D4FDAF8-SegmentedRaftLogWorker: Starting segment from index:0
2022-09-08 01:54:47,043 [grpc-default-executor-1] INFO  server.RaftServer$Division (RaftServerImpl.java:requestVote(1152)) - eb925032-2c23-4938-b2a7-edb9189c0df9@group-BD1F1979FC84: receive requestVote(ELECTION, e9c9b112-6330-4444-b5c6-8395fb60ec45, group-BD1F1979FC84, 1, (t:0, i:0))
2022-09-08 01:54:47,044 [grpc-default-executor-1] INFO  impl.VoteContext (VoteContext.java:log(48)) - eb925032-2c23-4938-b2a7-edb9189c0df9@group-BD1F1979FC84-FOLLOWER: reject ELECTION from e9c9b112-6330-4444-b5c6-8395fb60ec45: our priority 1 > candidate's priority 0
2022-09-08 01:54:47,044 [grpc-default-executor-1] INFO  server.RaftServer$Division (RaftServerImpl.java:setRole(299)) - eb925032-2c23-4938-b2a7-edb9189c0df9@group-BD1F1979FC84: changes role from  FOLLOWER to FOLLOWER at term 1 for candidate:e9c9b112-6330-4444-b5c6-8395fb60ec45
2022-09-08 01:54:47,044 [grpc-default-executor-1] INFO  impl.RoleInfo (RoleInfo.java:shutdownFollowerState(110)) - eb925032-2c23-4938-b2a7-edb9189c0df9: shutdown eb925032-2c23-4938-b2a7-edb9189c0df9@group-BD1F1979FC84-FollowerState
2022-09-08 01:54:47,044 [grpc-default-executor-1] INFO  impl.RoleInfo (RoleInfo.java:updateAndGet(139)) - eb925032-2c23-4938-b2a7-edb9189c0df9: start eb925032-2c23-4938-b2a7-edb9189c0df9@group-BD1F1979FC84-FollowerState
2022-09-08 01:54:47,044 [eb925032-2c23-4938-b2a7-edb9189c0df9@group-BD1F1979FC84-FollowerState] INFO  impl.FollowerState (FollowerState.java:run(152)) - eb925032-2c23-4938-b2a7-edb9189c0df9@group-BD1F1979FC84-FollowerState was interrupted
2022-09-08 01:54:47,053 [grpc-default-executor-1] INFO  server.RaftServer$Division (RaftServerImpl.java:requestVote(1184)) - eb925032-2c23-4938-b2a7-edb9189c0df9@group-BD1F1979FC84 replies to ELECTION vote request: e9c9b112-6330-4444-b5c6-8395fb60ec45<-eb925032-2c23-4938-b2a7-edb9189c0df9#0:FAIL-t1. Peer's state: eb925032-2c23-4938-b2a7-edb9189c0df9@group-BD1F1979FC84:t1, leader=null, voted=null, raftlog=eb925032-2c23-4938-b2a7-edb9189c0df9@group-BD1F1979FC84-SegmentedRaftLog:OPENED:c-1, conf=-1: [e9c9b112-6330-4444-b5c6-8395fb60ec45|rpc:10.1.1.0:35177|dataStream:|priority:0, eb925032-2c23-4938-b2a7-edb9189c0df9|rpc:10.1.1.0:44933|dataStream:|priority:1, 2c3d1cb2-60a6-41ea-8ac9-22673eb6bb0a|rpc:10.1.1.0:34551|dataStream:|priority:0], old=null
2022-09-08 01:54:47,059 [e9c9b112-6330-4444-b5c6-8395fb60ec45@group-BB8B2D4FDAF8-LeaderElection62] INFO  server.RaftServer$Division (ServerState.java:setRaftConf(393)) - e9c9b112-6330-4444-b5c6-8395fb60ec45@group-BB8B2D4FDAF8: set configuration 0: [e9c9b112-6330-4444-b5c6-8395fb60ec45|rpc:10.1.1.0:35177|dataStream:|priority:1], old=null
2022-09-08 01:54:47,063 [e9c9b112-6330-4444-b5c6-8395fb60ec45@group-BD1F1979FC84-LeaderElection63] INFO  impl.LeaderElection (LeaderElection.java:logAndReturn(90)) - e9c9b112-6330-4444-b5c6-8395fb60ec45@group-BD1F1979FC84-LeaderElection63: ELECTION REJECTED received 1 response(s) and 0 exception(s):
2022-09-08 01:54:47,063 [e9c9b112-6330-4444-b5c6-8395fb60ec45@group-BD1F1979FC84-LeaderElection63] INFO  impl.LeaderElection (LeaderElection.java:logAndReturn(94)) -   Response 0: e9c9b112-6330-4444-b5c6-8395fb60ec45<-eb925032-2c23-4938-b2a7-edb9189c0df9#0:FAIL-t1
2022-09-08 01:54:47,063 [e9c9b112-6330-4444-b5c6-8395fb60ec45@group-BD1F1979FC84-LeaderElection63] INFO  impl.LeaderElection (LeaderElection.java:askForVotes(312)) - e9c9b112-6330-4444-b5c6-8395fb60ec45@group-BD1F1979FC84-LeaderElection63 ELECTION round 0: result REJECTED
2022-09-08 01:54:47,063 [e9c9b112-6330-4444-b5c6-8395fb60ec45@group-BD1F1979FC84-LeaderElection63] INFO  server.RaftServer$Division (RaftServerImpl.java:setRole(299)) - e9c9b112-6330-4444-b5c6-8395fb60ec45@group-BD1F1979FC84: changes role from CANDIDATE to FOLLOWER at term 1 for REJECTED
2022-09-08 01:54:47,063 [e9c9b112-6330-4444-b5c6-8395fb60ec45@group-BD1F1979FC84-LeaderElection63] INFO  impl.RoleInfo (RoleInfo.java:shutdownLeaderElection(130)) - e9c9b112-6330-4444-b5c6-8395fb60ec45: shutdown e9c9b112-6330-4444-b5c6-8395fb60ec45@group-BD1F1979FC84-LeaderElection63
2022-09-08 01:54:47,063 [e9c9b112-6330-4444-b5c6-8395fb60ec45@group-BD1F1979FC84-LeaderElection63] INFO  impl.RoleInfo (RoleInfo.java:updateAndGet(139)) - e9c9b112-6330-4444-b5c6-8395fb60ec45: start e9c9b112-6330-4444-b5c6-8395fb60ec45@group-BD1F1979FC84-FollowerState
2022-09-08 01:54:47,079 [e9c9b112-6330-4444-b5c6-8395fb60ec45@group-BB8B2D4FDAF8-SegmentedRaftLogWorker] INFO  segmented.SegmentedRaftLogWorker (SegmentedRaftLogWorker.java:execute(629)) - e9c9b112-6330-4444-b5c6-8395fb60ec45@group-BB8B2D4FDAF8-SegmentedRaftLogWorker: created new log segment /home/runner/work/ozone/ozone/hadoop-ozone/integration-test/target/test-dir/MiniOzoneClusterImpl-057c3a95-4ef9-4349-8946-0241b22cf071/datanode-0/data/ratis/2f9be47b-fda6-4cd0-94ba-bb8b2d4fdaf8/current/log_inprogress_0
2022-09-08 01:54:47,125 [grpc-default-executor-1] INFO  server.RaftServer$Division (RaftServerImpl.java:requestVote(1152)) - 2c3d1cb2-60a6-41ea-8ac9-22673eb6bb0a@group-BD1F1979FC84: receive requestVote(ELECTION, e9c9b112-6330-4444-b5c6-8395fb60ec45, group-BD1F1979FC84, 1, (t:0, i:0))
2022-09-08 01:54:47,125 [grpc-default-executor-1] INFO  impl.VoteContext (VoteContext.java:log(48)) - 2c3d1cb2-60a6-41ea-8ac9-22673eb6bb0a@group-BD1F1979FC84-FOLLOWER: accept ELECTION from e9c9b112-6330-4444-b5c6-8395fb60ec45: our priority 0 <= candidate's priority 0
2022-09-08 01:54:47,125 [grpc-default-executor-1] INFO  server.RaftServer$Division (RaftServerImpl.java:setRole(299)) - 2c3d1cb2-60a6-41ea-8ac9-22673eb6bb0a@group-BD1F1979FC84: changes role from  FOLLOWER to FOLLOWER at term 1 for candidate:e9c9b112-6330-4444-b5c6-8395fb60ec45
2022-09-08 01:54:47,125 [grpc-default-executor-1] INFO  impl.RoleInfo (RoleInfo.java:shutdownFollowerState(110)) - 2c3d1cb2-60a6-41ea-8ac9-22673eb6bb0a: shutdown 2c3d1cb2-60a6-41ea-8ac9-22673eb6bb0a@group-BD1F1979FC84-FollowerState
2022-09-08 01:54:47,126 [grpc-default-executor-1] INFO  impl.RoleInfo (RoleInfo.java:updateAndGet(139)) - 2c3d1cb2-60a6-41ea-8ac9-22673eb6bb0a: start 2c3d1cb2-60a6-41ea-8ac9-22673eb6bb0a@group-BD1F1979FC84-FollowerState
2022-09-08 01:54:47,126 [2c3d1cb2-60a6-41ea-8ac9-22673eb6bb0a@group-BD1F1979FC84-FollowerState] INFO  impl.FollowerState (FollowerState.java:run(152)) - 2c3d1cb2-60a6-41ea-8ac9-22673eb6bb0a@group-BD1F1979FC84-FollowerState was interrupted
2022-09-08 01:54:47,137 [grpc-default-executor-1] INFO  server.RaftServer$Division (RaftServerImpl.java:requestVote(1184)) - 2c3d1cb2-60a6-41ea-8ac9-22673eb6bb0a@group-BD1F1979FC84 replies to ELECTION vote request: e9c9b112-6330-4444-b5c6-8395fb60ec45<-2c3d1cb2-60a6-41ea-8ac9-22673eb6bb0a#0:OK-t1. Peer's state: 2c3d1cb2-60a6-41ea-8ac9-22673eb6bb0a@group-BD1F1979FC84:t1, leader=null, voted=e9c9b112-6330-4444-b5c6-8395fb60ec45, raftlog=2c3d1cb2-60a6-41ea-8ac9-22673eb6bb0a@group-BD1F1979FC84-SegmentedRaftLog:OPENED:c-1, conf=-1: [e9c9b112-6330-4444-b5c6-8395fb60ec45|rpc:10.1.1.0:35177|dataStream:|priority:0, eb925032-2c23-4938-b2a7-edb9189c0df9|rpc:10.1.1.0:44933|dataStream:|priority:1, 2c3d1cb2-60a6-41ea-8ac9-22673eb6bb0a|rpc:10.1.1.0:34551|dataStream:|priority:0], old=null
2022-09-08 01:54:47,342 [eb925032-2c23-4938-b2a7-edb9189c0df9@group-746216AC3183-FollowerState] INFO  impl.FollowerState (FollowerState.java:run(143)) - eb925032-2c23-4938-b2a7-edb9189c0df9@group-746216AC3183-FollowerState: change to CANDIDATE, lastRpcElapsedTime:5067789905ns, electionTimeout:5066ms
2022-09-08 01:54:47,343 [eb925032-2c23-4938-b2a7-edb9189c0df9@group-746216AC3183-FollowerState] INFO  impl.RoleInfo (RoleInfo.java:shutdownFollowerState(110)) - eb925032-2c23-4938-b2a7-edb9189c0df9: shutdown eb925032-2c23-4938-b2a7-edb9189c0df9@group-746216AC3183-FollowerState
2022-09-08 01:54:47,343 [eb925032-2c23-4938-b2a7-edb9189c0df9@group-746216AC3183-FollowerState] INFO  server.RaftServer$Division (RaftServerImpl.java:setRole(299)) - eb925032-2c23-4938-b2a7-edb9189c0df9@group-746216AC3183: changes role from  FOLLOWER to CANDIDATE at term 0 for changeToCandidate
2022-09-08 01:54:47,343 [eb925032-2c23-4938-b2a7-edb9189c0df9@group-746216AC3183-FollowerState] INFO  server.RaftServerConfigKeys (ConfUtils.java:logGet(46)) - raft.server.leaderelection.pre-vote = false (custom)
2022-09-08 01:54:47,343 [eb925032-2c23-4938-b2a7-edb9189c0df9@group-746216AC3183-FollowerState] INFO  impl.RoleInfo (RoleInfo.java:updateAndGet(139)) - eb925032-2c23-4938-b2a7-edb9189c0df9: start eb925032-2c23-4938-b2a7-edb9189c0df9@group-746216AC3183-LeaderElection64
2022-09-08 01:54:47,374 [eb925032-2c23-4938-b2a7-edb9189c0df9@group-746216AC3183-LeaderElection64] INFO  impl.LeaderElection (LeaderElection.java:askForVotes(310)) - eb925032-2c23-4938-b2a7-edb9189c0df9@group-746216AC3183-LeaderElection64 ELECTION round 0: submit vote requests at term 1 for -1: [e9c9b112-6330-4444-b5c6-8395fb60ec45|rpc:10.1.1.0:35177|priority:0, eb925032-2c23-4938-b2a7-edb9189c0df9|rpc:10.1.1.0:44933|priority:0, 2c3d1cb2-60a6-41ea-8ac9-22673eb6bb0a|rpc:10.1.1.0:34551|priority:1], old=null
2022-09-08 01:54:47,406 [eb925032-2c23-4938-b2a7-edb9189c0df9@group-EB7F9017C60D-FollowerState] INFO  impl.FollowerState (FollowerState.java:run(143)) - eb925032-2c23-4938-b2a7-edb9189c0df9@group-EB7F9017C60D-FollowerState: change to CANDIDATE, lastRpcElapsedTime:5190042095ns, electionTimeout:5184ms
2022-09-08 01:54:47,407 [eb925032-2c23-4938-b2a7-edb9189c0df9@group-EB7F9017C60D-FollowerState] INFO  impl.RoleInfo (RoleInfo.java:shutdownFollowerState(110)) - eb925032-2c23-4938-b2a7-edb9189c0df9: shutdown eb925032-2c23-4938-b2a7-edb9189c0df9@group-EB7F9017C60D-FollowerState
2022-09-08 01:54:47,407 [eb925032-2c23-4938-b2a7-edb9189c0df9@group-EB7F9017C60D-FollowerState] INFO  server.RaftServer$Division (RaftServerImpl.java:setRole(299)) - eb925032-2c23-4938-b2a7-edb9189c0df9@group-EB7F9017C60D: changes role from  FOLLOWER to CANDIDATE at term 0 for changeToCandidate
2022-09-08 01:54:47,407 [eb925032-2c23-4938-b2a7-edb9189c0df9@group-EB7F9017C60D-FollowerState] INFO  server.RaftServerConfigKeys (ConfUtils.java:logGet(46)) - raft.server.leaderelection.pre-vote = false (custom)
2022-09-08 01:54:47,407 [eb925032-2c23-4938-b2a7-edb9189c0df9@group-EB7F9017C60D-FollowerState] INFO  impl.RoleInfo (RoleInfo.java:updateAndGet(139)) - eb925032-2c23-4938-b2a7-edb9189c0df9: start eb925032-2c23-4938-b2a7-edb9189c0df9@group-EB7F9017C60D-LeaderElection65
2022-09-08 01:54:47,445 [eb925032-2c23-4938-b2a7-edb9189c0df9@group-EB7F9017C60D-LeaderElection65] INFO  impl.LeaderElection (LeaderElection.java:askForVotes(310)) - eb925032-2c23-4938-b2a7-edb9189c0df9@group-EB7F9017C60D-LeaderElection65 ELECTION round 0: submit vote requests at term 1 for -1: [eb925032-2c23-4938-b2a7-edb9189c0df9|rpc:10.1.1.0:44933|priority:1], old=null
2022-09-08 01:54:47,445 [eb925032-2c23-4938-b2a7-edb9189c0df9@group-EB7F9017C60D-LeaderElection65] INFO  impl.LeaderElection (LeaderElection.java:askForVotes(312)) - eb925032-2c23-4938-b2a7-edb9189c0df9@group-EB7F9017C60D-LeaderElection65 ELECTION round 0: result PASSED (term=1)
2022-09-08 01:54:47,445 [eb925032-2c23-4938-b2a7-edb9189c0df9@group-EB7F9017C60D-LeaderElection65] INFO  impl.RoleInfo (RoleInfo.java:shutdownLeaderElection(130)) - eb925032-2c23-4938-b2a7-edb9189c0df9: shutdown eb925032-2c23-4938-b2a7-edb9189c0df9@group-EB7F9017C60D-LeaderElection65
2022-09-08 01:54:47,445 [eb925032-2c23-4938-b2a7-edb9189c0df9@group-EB7F9017C60D-LeaderElection65] INFO  server.RaftServer$Division (RaftServerImpl.java:setRole(299)) - eb925032-2c23-4938-b2a7-edb9189c0df9@group-EB7F9017C60D: changes role from CANDIDATE to LEADER at term 1 for changeToLeader
2022-09-08 01:54:47,445 [eb925032-2c23-4938-b2a7-edb9189c0df9@group-EB7F9017C60D-LeaderElection65] INFO  ratis.XceiverServerRatis (XceiverServerRatis.java:handleLeaderChangedNotification(863)) - Leader change notification received for group: group-EB7F9017C60D with new leaderId: eb925032-2c23-4938-b2a7-edb9189c0df9
2022-09-08 01:54:47,446 [eb925032-2c23-4938-b2a7-edb9189c0df9@group-EB7F9017C60D-LeaderElection65] INFO  server.RaftServer$Division (ServerState.java:setLeader(287)) - eb925032-2c23-4938-b2a7-edb9189c0df9@group-EB7F9017C60D: change Leader from null to eb925032-2c23-4938-b2a7-edb9189c0df9 at term 1 for becomeLeader, leader elected after 5242ms
2022-09-08 01:54:47,446 [eb925032-2c23-4938-b2a7-edb9189c0df9@group-EB7F9017C60D-LeaderElection65] INFO  server.RaftServerConfigKeys (ConfUtils.java:logGet(46)) - raft.server.staging.catchup.gap = 1000 (default)
2022-09-08 01:54:47,446 [eb925032-2c23-4938-b2a7-edb9189c0df9@group-EB7F9017C60D-LeaderElection65] INFO  server.RaftServerConfigKeys (ConfUtils.java:logGet(46)) - raft.server.write.element-limit = 1024 (custom)
2022-09-08 01:54:47,446 [eb925032-2c23-4938-b2a7-edb9189c0df9@group-EB7F9017C60D-LeaderElection65] INFO  server.RaftServerConfigKeys (ConfUtils.java:logGet(46)) - raft.server.write.byte-limit = 1024 M (=1073741824) (custom)
2022-09-08 01:54:47,446 [eb925032-2c23-4938-b2a7-edb9189c0df9@group-EB7F9017C60D-LeaderElection65] INFO  server.RaftServerConfigKeys (ConfUtils.java:logGet(46)) - raft.server.watch.timeout = 180s (custom)
2022-09-08 01:54:47,446 [eb925032-2c23-4938-b2a7-edb9189c0df9@group-EB7F9017C60D-LeaderElection65] INFO  server.RaftServerConfigKeys (ConfUtils.java:logGet(46)) - raft.server.watch.timeout.denomination = 1s (default)
2022-09-08 01:54:47,446 [eb925032-2c23-4938-b2a7-edb9189c0df9@group-EB7F9017C60D-LeaderElection65] INFO  server.RaftServerConfigKeys (ConfUtils.java:logGet(46)) - raft.server.watch.element-limit = 65536 (default)
2022-09-08 01:54:47,446 [eb925032-2c23-4938-b2a7-edb9189c0df9@group-EB7F9017C60D-LeaderElection65] INFO  server.RaftServerConfigKeys (ConfUtils.java:logGet(46)) - raft.server.write.element-limit = 1024 (custom)
2022-09-08 01:54:47,446 [eb925032-2c23-4938-b2a7-edb9189c0df9@group-EB7F9017C60D-LeaderElection65] INFO  server.RaftServerConfigKeys (ConfUtils.java:logGet(46)) - raft.server.write.follower.gap.ratio.max = -1.0 (default)
2022-09-08 01:54:47,447 [eb925032-2c23-4938-b2a7-edb9189c0df9@group-EB7F9017C60D-LeaderElection65] INFO  impl.RoleInfo (RoleInfo.java:updateAndGet(139)) - eb925032-2c23-4938-b2a7-edb9189c0df9: start eb925032-2c23-4938-b2a7-edb9189c0df9@group-EB7F9017C60D-LeaderStateImpl
2022-09-08 01:54:47,447 [eb925032-2c23-4938-b2a7-edb9189c0df9@group-EB7F9017C60D-LeaderElection65] INFO  segmented.SegmentedRaftLogWorker (SegmentedRaftLogWorker.java:startLogSegment(425)) - eb925032-2c23-4938-b2a7-edb9189c0df9@group-EB7F9017C60D-SegmentedRaftLogWorker: Starting segment from index:0
2022-09-08 01:54:47,447 [EventQueue-OpenPipelineForHealthyPipelineSafeModeRule] INFO  safemode.SCMSafeModeManager (HealthyPipelineSafeModeRule.java:process(137)) - SCM in safe mode. Healthy pipelines reported count is 0, required healthy pipeline reported count is 1
2022-09-08 01:54:47,449 [eb925032-2c23-4938-b2a7-edb9189c0df9@group-EB7F9017C60D-SegmentedRaftLogWorker] INFO  segmented.SegmentedRaftLogWorker (SegmentedRaftLogWorker.java:execute(629)) - eb925032-2c23-4938-b2a7-edb9189c0df9@group-EB7F9017C60D-SegmentedRaftLogWorker: created new log segment /home/runner/work/ozone/ozone/hadoop-ozone/integration-test/target/test-dir/MiniOzoneClusterImpl-057c3a95-4ef9-4349-8946-0241b22cf071/datanode-1/data/ratis/b48a6cdc-3b2f-4f03-a56b-eb7f9017c60d/current/log_inprogress_0
2022-09-08 01:54:47,465 [eb925032-2c23-4938-b2a7-edb9189c0df9@group-EB7F9017C60D-LeaderElection65] INFO  server.RaftServer$Division (ServerState.java:setRaftConf(393)) - eb925032-2c23-4938-b2a7-edb9189c0df9@group-EB7F9017C60D: set configuration 0: [eb925032-2c23-4938-b2a7-edb9189c0df9|rpc:10.1.1.0:44933|dataStream:|priority:1], old=null
2022-09-08 01:54:47,489 [grpc-default-executor-1] INFO  server.RaftServer$Division (RaftServerImpl.java:requestVote(1152)) - e9c9b112-6330-4444-b5c6-8395fb60ec45@group-746216AC3183: receive requestVote(ELECTION, eb925032-2c23-4938-b2a7-edb9189c0df9, group-746216AC3183, 1, (t:0, i:0))
2022-09-08 01:54:47,489 [grpc-default-executor-1] INFO  impl.VoteContext (VoteContext.java:log(48)) - e9c9b112-6330-4444-b5c6-8395fb60ec45@group-746216AC3183-FOLLOWER: accept ELECTION from eb925032-2c23-4938-b2a7-edb9189c0df9: our priority 0 <= candidate's priority 0
2022-09-08 01:54:47,489 [grpc-default-executor-1] INFO  server.RaftServer$Division (RaftServerImpl.java:setRole(299)) - e9c9b112-6330-4444-b5c6-8395fb60ec45@group-746216AC3183: changes role from  FOLLOWER to FOLLOWER at term 1 for candidate:eb925032-2c23-4938-b2a7-edb9189c0df9
2022-09-08 01:54:47,489 [grpc-default-executor-1] INFO  impl.RoleInfo (RoleInfo.java:shutdownFollowerState(110)) - e9c9b112-6330-4444-b5c6-8395fb60ec45: shutdown e9c9b112-6330-4444-b5c6-8395fb60ec45@group-746216AC3183-FollowerState
2022-09-08 01:54:47,489 [grpc-default-executor-1] INFO  impl.RoleInfo (RoleInfo.java:updateAndGet(139)) - e9c9b112-6330-4444-b5c6-8395fb60ec45: start e9c9b112-6330-4444-b5c6-8395fb60ec45@group-746216AC3183-FollowerState
2022-09-08 01:54:47,489 [e9c9b112-6330-4444-b5c6-8395fb60ec45@group-746216AC3183-FollowerState] INFO  impl.FollowerState (FollowerState.java:run(152)) - e9c9b112-6330-4444-b5c6-8395fb60ec45@group-746216AC3183-FollowerState was interrupted
2022-09-08 01:54:47,505 [grpc-default-executor-0] INFO  server.RaftServer$Division (RaftServerImpl.java:requestVote(1152)) - 2c3d1cb2-60a6-41ea-8ac9-22673eb6bb0a@group-746216AC3183: receive requestVote(ELECTION, eb925032-2c23-4938-b2a7-edb9189c0df9, group-746216AC3183, 1, (t:0, i:0))
2022-09-08 01:54:47,505 [grpc-default-executor-0] INFO  impl.VoteContext (VoteContext.java:log(48)) - 2c3d1cb2-60a6-41ea-8ac9-22673eb6bb0a@group-746216AC3183-FOLLOWER: reject ELECTION from eb925032-2c23-4938-b2a7-edb9189c0df9: our priority 1 > candidate's priority 0
2022-09-08 01:54:47,505 [grpc-default-executor-0] INFO  server.RaftServer$Division (RaftServerImpl.java:setRole(299)) - 2c3d1cb2-60a6-41ea-8ac9-22673eb6bb0a@group-746216AC3183: changes role from  FOLLOWER to FOLLOWER at term 1 for candidate:eb925032-2c23-4938-b2a7-edb9189c0df9
2022-09-08 01:54:47,505 [grpc-default-executor-0] INFO  impl.RoleInfo (RoleInfo.java:shutdownFollowerState(110)) - 2c3d1cb2-60a6-41ea-8ac9-22673eb6bb0a: shutdown 2c3d1cb2-60a6-41ea-8ac9-22673eb6bb0a@group-746216AC3183-FollowerState
2022-09-08 01:54:47,505 [grpc-default-executor-0] INFO  impl.RoleInfo (RoleInfo.java:updateAndGet(139)) - 2c3d1cb2-60a6-41ea-8ac9-22673eb6bb0a: start 2c3d1cb2-60a6-41ea-8ac9-22673eb6bb0a@group-746216AC3183-FollowerState
2022-09-08 01:54:47,505 [2c3d1cb2-60a6-41ea-8ac9-22673eb6bb0a@group-746216AC3183-FollowerState] INFO  impl.FollowerState (FollowerState.java:run(152)) - 2c3d1cb2-60a6-41ea-8ac9-22673eb6bb0a@group-746216AC3183-FollowerState was interrupted
2022-09-08 01:54:47,506 [grpc-default-executor-1] INFO  server.RaftServer$Division (RaftServerImpl.java:requestVote(1184)) - e9c9b112-6330-4444-b5c6-8395fb60ec45@group-746216AC3183 replies to ELECTION vote request: eb925032-2c23-4938-b2a7-edb9189c0df9<-e9c9b112-6330-4444-b5c6-8395fb60ec45#0:OK-t1. Peer's state: e9c9b112-6330-4444-b5c6-8395fb60ec45@group-746216AC3183:t1, leader=null, voted=eb925032-2c23-4938-b2a7-edb9189c0df9, raftlog=e9c9b112-6330-4444-b5c6-8395fb60ec45@group-746216AC3183-SegmentedRaftLog:OPENED:c-1, conf=-1: [e9c9b112-6330-4444-b5c6-8395fb60ec45|rpc:10.1.1.0:35177|priority:0, eb925032-2c23-4938-b2a7-edb9189c0df9|rpc:10.1.1.0:44933|priority:0, 2c3d1cb2-60a6-41ea-8ac9-22673eb6bb0a|rpc:10.1.1.0:34551|priority:1], old=null
2022-09-08 01:54:47,513 [grpc-default-executor-0] INFO  server.RaftServer$Division (RaftServerImpl.java:requestVote(1184)) - 2c3d1cb2-60a6-41ea-8ac9-22673eb6bb0a@group-746216AC3183 replies to ELECTION vote request: eb925032-2c23-4938-b2a7-edb9189c0df9<-2c3d1cb2-60a6-41ea-8ac9-22673eb6bb0a#0:FAIL-t1. Peer's state: 2c3d1cb2-60a6-41ea-8ac9-22673eb6bb0a@group-746216AC3183:t1, leader=null, voted=null, raftlog=2c3d1cb2-60a6-41ea-8ac9-22673eb6bb0a@group-746216AC3183-SegmentedRaftLog:OPENED:c-1, conf=-1: [e9c9b112-6330-4444-b5c6-8395fb60ec45|rpc:10.1.1.0:35177|dataStream:|priority:0, eb925032-2c23-4938-b2a7-edb9189c0df9|rpc:10.1.1.0:44933|dataStream:|priority:0, 2c3d1cb2-60a6-41ea-8ac9-22673eb6bb0a|rpc:10.1.1.0:34551|dataStream:|priority:1], old=null
2022-09-08 01:54:47,529 [eb925032-2c23-4938-b2a7-edb9189c0df9@group-746216AC3183-LeaderElection64] INFO  impl.LeaderElection (LeaderElection.java:logAndReturn(90)) - eb925032-2c23-4938-b2a7-edb9189c0df9@group-746216AC3183-LeaderElection64: ELECTION REJECTED received 2 response(s) and 0 exception(s):
2022-09-08 01:54:47,529 [eb925032-2c23-4938-b2a7-edb9189c0df9@group-746216AC3183-LeaderElection64] INFO  impl.LeaderElection (LeaderElection.java:logAndReturn(94)) -   Response 0: eb925032-2c23-4938-b2a7-edb9189c0df9<-e9c9b112-6330-4444-b5c6-8395fb60ec45#0:OK-t1
2022-09-08 01:54:47,529 [eb925032-2c23-4938-b2a7-edb9189c0df9@group-746216AC3183-LeaderElection64] INFO  impl.LeaderElection (LeaderElection.java:logAndReturn(94)) -   Response 1: eb925032-2c23-4938-b2a7-edb9189c0df9<-2c3d1cb2-60a6-41ea-8ac9-22673eb6bb0a#0:FAIL-t1
2022-09-08 01:54:47,530 [eb925032-2c23-4938-b2a7-edb9189c0df9@group-746216AC3183-LeaderElection64] INFO  impl.LeaderElection (LeaderElection.java:askForVotes(312)) - eb925032-2c23-4938-b2a7-edb9189c0df9@group-746216AC3183-LeaderElection64 ELECTION round 0: result REJECTED
2022-09-08 01:54:47,530 [eb925032-2c23-4938-b2a7-edb9189c0df9@group-746216AC3183-LeaderElection64] INFO  server.RaftServer$Division (RaftServerImpl.java:setRole(299)) - eb925032-2c23-4938-b2a7-edb9189c0df9@group-746216AC3183: changes role from CANDIDATE to FOLLOWER at term 1 for REJECTED
2022-09-08 01:54:47,530 [eb925032-2c23-4938-b2a7-edb9189c0df9@group-746216AC3183-LeaderElection64] INFO  impl.RoleInfo (RoleInfo.java:shutdownLeaderElection(130)) - eb925032-2c23-4938-b2a7-edb9189c0df9: shutdown eb925032-2c23-4938-b2a7-edb9189c0df9@group-746216AC3183-LeaderElection64
2022-09-08 01:54:47,530 [eb925032-2c23-4938-b2a7-edb9189c0df9@group-746216AC3183-LeaderElection64] INFO  impl.RoleInfo (RoleInfo.java:updateAndGet(139)) - eb925032-2c23-4938-b2a7-edb9189c0df9: start eb925032-2c23-4938-b2a7-edb9189c0df9@group-746216AC3183-FollowerState
2022-09-08 01:54:47,684 [Listener at 127.0.0.1/36097] INFO  ozone.MiniOzoneClusterImpl (MiniOzoneClusterImpl.java:lambda$waitForClusterToBeReady$0(216)) - Nodes are ready. Got 3 of 3 DN Heartbeats.
2022-09-08 01:54:47,685 [Listener at 127.0.0.1/36097] INFO  ozone.MiniOzoneClusterImpl (MiniOzoneClusterImpl.java:lambda$waitForClusterToBeReady$0(219)) - Waiting for cluster to exit safe mode
2022-09-08 01:54:47,685 [Listener at 127.0.0.1/36097] INFO  ozone.MiniOzoneClusterImpl (MiniOzoneClusterImpl.java:lambda$waitForClusterToBeReady$0(221)) - SCM became leader
2022-09-08 01:54:47,906 [2c3d1cb2-60a6-41ea-8ac9-22673eb6bb0a@group-0A8EE958C78A-FollowerState] INFO  impl.FollowerState (FollowerState.java:run(143)) - 2c3d1cb2-60a6-41ea-8ac9-22673eb6bb0a@group-0A8EE958C78A-FollowerState: change to CANDIDATE, lastRpcElapsedTime:5071962132ns, electionTimeout:5056ms
2022-09-08 01:54:47,906 [2c3d1cb2-60a6-41ea-8ac9-22673eb6bb0a@group-0A8EE958C78A-FollowerState] INFO  impl.RoleInfo (RoleInfo.java:shutdownFollowerState(110)) - 2c3d1cb2-60a6-41ea-8ac9-22673eb6bb0a: shutdown 2c3d1cb2-60a6-41ea-8ac9-22673eb6bb0a@group-0A8EE958C78A-FollowerState
2022-09-08 01:54:47,906 [2c3d1cb2-60a6-41ea-8ac9-22673eb6bb0a@group-0A8EE958C78A-FollowerState] INFO  server.RaftServer$Division (RaftServerImpl.java:setRole(299)) - 2c3d1cb2-60a6-41ea-8ac9-22673eb6bb0a@group-0A8EE958C78A: changes role from  FOLLOWER to CANDIDATE at term 0 for changeToCandidate
2022-09-08 01:54:47,906 [2c3d1cb2-60a6-41ea-8ac9-22673eb6bb0a@group-0A8EE958C78A-FollowerState] INFO  server.RaftServerConfigKeys (ConfUtils.java:logGet(46)) - raft.server.leaderelection.pre-vote = false (custom)
2022-09-08 01:54:47,906 [2c3d1cb2-60a6-41ea-8ac9-22673eb6bb0a@group-0A8EE958C78A-FollowerState] INFO  impl.RoleInfo (RoleInfo.java:updateAndGet(139)) - 2c3d1cb2-60a6-41ea-8ac9-22673eb6bb0a: start 2c3d1cb2-60a6-41ea-8ac9-22673eb6bb0a@group-0A8EE958C78A-LeaderElection66
2022-09-08 01:54:47,935 [2c3d1cb2-60a6-41ea-8ac9-22673eb6bb0a@group-0A8EE958C78A-LeaderElection66] INFO  impl.LeaderElection (LeaderElection.java:askForVotes(310)) - 2c3d1cb2-60a6-41ea-8ac9-22673eb6bb0a@group-0A8EE958C78A-LeaderElection66 ELECTION round 0: submit vote requests at term 1 for -1: [2c3d1cb2-60a6-41ea-8ac9-22673eb6bb0a|rpc:10.1.1.0:34551|priority:1], old=null
2022-09-08 01:54:47,935 [2c3d1cb2-60a6-41ea-8ac9-22673eb6bb0a@group-0A8EE958C78A-LeaderElection66] INFO  impl.LeaderElection (LeaderElection.java:askForVotes(312)) - 2c3d1cb2-60a6-41ea-8ac9-22673eb6bb0a@group-0A8EE958C78A-LeaderElection66 ELECTION round 0: result PASSED (term=1)
2022-09-08 01:54:47,935 [2c3d1cb2-60a6-41ea-8ac9-22673eb6bb0a@group-0A8EE958C78A-LeaderElection66] INFO  impl.RoleInfo (RoleInfo.java:shutdownLeaderElection(130)) - 2c3d1cb2-60a6-41ea-8ac9-22673eb6bb0a: shutdown 2c3d1cb2-60a6-41ea-8ac9-22673eb6bb0a@group-0A8EE958C78A-LeaderElection66
2022-09-08 01:54:47,935 [2c3d1cb2-60a6-41ea-8ac9-22673eb6bb0a@group-0A8EE958C78A-LeaderElection66] INFO  server.RaftServer$Division (RaftServerImpl.java:setRole(299)) - 2c3d1cb2-60a6-41ea-8ac9-22673eb6bb0a@group-0A8EE958C78A: changes role from CANDIDATE to LEADER at term 1 for changeToLeader
2022-09-08 01:54:47,935 [2c3d1cb2-60a6-41ea-8ac9-22673eb6bb0a@group-0A8EE958C78A-LeaderElection66] INFO  ratis.XceiverServerRatis (XceiverServerRatis.java:handleLeaderChangedNotification(863)) - Leader change notification received for group: group-0A8EE958C78A with new leaderId: 2c3d1cb2-60a6-41ea-8ac9-22673eb6bb0a
2022-09-08 01:54:47,936 [2c3d1cb2-60a6-41ea-8ac9-22673eb6bb0a@group-0A8EE958C78A-LeaderElection66] INFO  server.RaftServer$Division (ServerState.java:setLeader(287)) - 2c3d1cb2-60a6-41ea-8ac9-22673eb6bb0a@group-0A8EE958C78A: change Leader from null to 2c3d1cb2-60a6-41ea-8ac9-22673eb6bb0a at term 1 for becomeLeader, leader elected after 5119ms
2022-09-08 01:54:47,936 [2c3d1cb2-60a6-41ea-8ac9-22673eb6bb0a@group-0A8EE958C78A-LeaderElection66] INFO  server.RaftServerConfigKeys (ConfUtils.java:logGet(46)) - raft.server.staging.catchup.gap = 1000 (default)
2022-09-08 01:54:47,936 [2c3d1cb2-60a6-41ea-8ac9-22673eb6bb0a@group-0A8EE958C78A-LeaderElection66] INFO  server.RaftServerConfigKeys (ConfUtils.java:logGet(46)) - raft.server.write.element-limit = 1024 (custom)
2022-09-08 01:54:47,936 [2c3d1cb2-60a6-41ea-8ac9-22673eb6bb0a@group-0A8EE958C78A-LeaderElection66] INFO  server.RaftServerConfigKeys (ConfUtils.java:logGet(46)) - raft.server.write.byte-limit = 1024 M (=1073741824) (custom)
2022-09-08 01:54:47,936 [EventQueue-OpenPipelineForHealthyPipelineSafeModeRule] INFO  safemode.SCMSafeModeManager (HealthyPipelineSafeModeRule.java:process(137)) - SCM in safe mode. Healthy pipelines reported count is 0, required healthy pipeline reported count is 1
2022-09-08 01:54:47,937 [2c3d1cb2-60a6-41ea-8ac9-22673eb6bb0a@group-0A8EE958C78A-LeaderElection66] INFO  server.RaftServerConfigKeys (ConfUtils.java:logGet(46)) - raft.server.watch.timeout = 180s (custom)
2022-09-08 01:54:47,937 [2c3d1cb2-60a6-41ea-8ac9-22673eb6bb0a@group-0A8EE958C78A-LeaderElection66] INFO  server.RaftServerConfigKeys (ConfUtils.java:logGet(46)) - raft.server.watch.timeout.denomination = 1s (default)
2022-09-08 01:54:47,937 [2c3d1cb2-60a6-41ea-8ac9-22673eb6bb0a@group-0A8EE958C78A-LeaderElection66] INFO  server.RaftServerConfigKeys (ConfUtils.java:logGet(46)) - raft.server.watch.element-limit = 65536 (default)
2022-09-08 01:54:47,938 [2c3d1cb2-60a6-41ea-8ac9-22673eb6bb0a@group-0A8EE958C78A-LeaderElection66] INFO  server.RaftServerConfigKeys (ConfUtils.java:logGet(46)) - raft.server.write.element-limit = 1024 (custom)
2022-09-08 01:54:47,938 [2c3d1cb2-60a6-41ea-8ac9-22673eb6bb0a@group-0A8EE958C78A-LeaderElection66] INFO  server.RaftServerConfigKeys (ConfUtils.java:logGet(46)) - raft.server.write.follower.gap.ratio.max = -1.0 (default)
2022-09-08 01:54:47,938 [2c3d1cb2-60a6-41ea-8ac9-22673eb6bb0a@group-0A8EE958C78A-LeaderElection66] INFO  impl.RoleInfo (RoleInfo.java:updateAndGet(139)) - 2c3d1cb2-60a6-41ea-8ac9-22673eb6bb0a: start 2c3d1cb2-60a6-41ea-8ac9-22673eb6bb0a@group-0A8EE958C78A-LeaderStateImpl
2022-09-08 01:54:47,939 [2c3d1cb2-60a6-41ea-8ac9-22673eb6bb0a@group-0A8EE958C78A-LeaderElection66] INFO  segmented.SegmentedRaftLogWorker (SegmentedRaftLogWorker.java:startLogSegment(425)) - 2c3d1cb2-60a6-41ea-8ac9-22673eb6bb0a@group-0A8EE958C78A-SegmentedRaftLogWorker: Starting segment from index:0
2022-09-08 01:54:47,940 [2c3d1cb2-60a6-41ea-8ac9-22673eb6bb0a@group-0A8EE958C78A-SegmentedRaftLogWorker] INFO  segmented.SegmentedRaftLogWorker (SegmentedRaftLogWorker.java:execute(629)) - 2c3d1cb2-60a6-41ea-8ac9-22673eb6bb0a@group-0A8EE958C78A-SegmentedRaftLogWorker: created new log segment /home/runner/work/ozone/ozone/hadoop-ozone/integration-test/target/test-dir/MiniOzoneClusterImpl-057c3a95-4ef9-4349-8946-0241b22cf071/datanode-2/data/ratis/ea259136-fcd7-4237-b96f-0a8ee958c78a/current/log_inprogress_0
2022-09-08 01:54:47,949 [2c3d1cb2-60a6-41ea-8ac9-22673eb6bb0a@group-0A8EE958C78A-LeaderElection66] INFO  server.RaftServer$Division (ServerState.java:setRaftConf(393)) - 2c3d1cb2-60a6-41ea-8ac9-22673eb6bb0a@group-0A8EE958C78A: set configuration 0: [2c3d1cb2-60a6-41ea-8ac9-22673eb6bb0a|rpc:10.1.1.0:34551|dataStream:|priority:1], old=null
2022-09-08 01:54:48,685 [Listener at 127.0.0.1/36097] INFO  ozone.MiniOzoneClusterImpl (MiniOzoneClusterImpl.java:lambda$waitForClusterToBeReady$0(216)) - Nodes are ready. Got 3 of 3 DN Heartbeats.
2022-09-08 01:54:48,685 [Listener at 127.0.0.1/36097] INFO  ozone.MiniOzoneClusterImpl (MiniOzoneClusterImpl.java:lambda$waitForClusterToBeReady$0(219)) - Waiting for cluster to exit safe mode
2022-09-08 01:54:48,685 [Listener at 127.0.0.1/36097] INFO  ozone.MiniOzoneClusterImpl (MiniOzoneClusterImpl.java:lambda$waitForClusterToBeReady$0(221)) - SCM became leader
2022-09-08 01:54:49,686 [Listener at 127.0.0.1/36097] INFO  ozone.MiniOzoneClusterImpl (MiniOzoneClusterImpl.java:lambda$waitForClusterToBeReady$0(216)) - Nodes are ready. Got 3 of 3 DN Heartbeats.
2022-09-08 01:54:49,686 [Listener at 127.0.0.1/36097] INFO  ozone.MiniOzoneClusterImpl (MiniOzoneClusterImpl.java:lambda$waitForClusterToBeReady$0(219)) - Waiting for cluster to exit safe mode
2022-09-08 01:54:49,686 [Listener at 127.0.0.1/36097] INFO  ozone.MiniOzoneClusterImpl (MiniOzoneClusterImpl.java:lambda$waitForClusterToBeReady$0(221)) - SCM became leader
2022-09-08 01:54:50,686 [Listener at 127.0.0.1/36097] INFO  ozone.MiniOzoneClusterImpl (MiniOzoneClusterImpl.java:lambda$waitForClusterToBeReady$0(216)) - Nodes are ready. Got 3 of 3 DN Heartbeats.
2022-09-08 01:54:50,687 [Listener at 127.0.0.1/36097] INFO  ozone.MiniOzoneClusterImpl (MiniOzoneClusterImpl.java:lambda$waitForClusterToBeReady$0(219)) - Waiting for cluster to exit safe mode
2022-09-08 01:54:50,687 [Listener at 127.0.0.1/36097] INFO  ozone.MiniOzoneClusterImpl (MiniOzoneClusterImpl.java:lambda$waitForClusterToBeReady$0(221)) - SCM became leader
2022-09-08 01:54:51,299 [UnderReplicatedQueueThreadThread] INFO  replication.UnderReplicatedProcessor (UnderReplicatedProcessor.java:processAll(85)) - Processed 0 under replicated containers, failed processing 0
2022-09-08 01:54:51,301 [OverReplicatedQueueThreadThread] INFO  replication.OverReplicatedProcessor (OverReplicatedProcessor.java:processAll(83)) - Processed 0 over replicated containers, failed processing 0
2022-09-08 01:54:51,687 [Listener at 127.0.0.1/36097] INFO  ozone.MiniOzoneClusterImpl (MiniOzoneClusterImpl.java:lambda$waitForClusterToBeReady$0(216)) - Nodes are ready. Got 3 of 3 DN Heartbeats.
2022-09-08 01:54:51,687 [Listener at 127.0.0.1/36097] INFO  ozone.MiniOzoneClusterImpl (MiniOzoneClusterImpl.java:lambda$waitForClusterToBeReady$0(219)) - Waiting for cluster to exit safe mode
2022-09-08 01:54:51,687 [Listener at 127.0.0.1/36097] INFO  ozone.MiniOzoneClusterImpl (MiniOzoneClusterImpl.java:lambda$waitForClusterToBeReady$0(221)) - SCM became leader
2022-09-08 01:54:52,067 [e9c9b112-6330-4444-b5c6-8395fb60ec45@group-BD1F1979FC84-FollowerState] INFO  impl.FollowerState (FollowerState.java:run(143)) - e9c9b112-6330-4444-b5c6-8395fb60ec45@group-BD1F1979FC84-FollowerState: change to CANDIDATE, lastRpcElapsedTime:5004221414ns, electionTimeout:5000ms
2022-09-08 01:54:52,067 [e9c9b112-6330-4444-b5c6-8395fb60ec45@group-BD1F1979FC84-FollowerState] INFO  impl.RoleInfo (RoleInfo.java:shutdownFollowerState(110)) - e9c9b112-6330-4444-b5c6-8395fb60ec45: shutdown e9c9b112-6330-4444-b5c6-8395fb60ec45@group-BD1F1979FC84-FollowerState
2022-09-08 01:54:52,068 [e9c9b112-6330-4444-b5c6-8395fb60ec45@group-BD1F1979FC84-FollowerState] INFO  server.RaftServer$Division (RaftServerImpl.java:setRole(299)) - e9c9b112-6330-4444-b5c6-8395fb60ec45@group-BD1F1979FC84: changes role from  FOLLOWER to CANDIDATE at term 1 for changeToCandidate
2022-09-08 01:54:52,068 [e9c9b112-6330-4444-b5c6-8395fb60ec45@group-BD1F1979FC84-FollowerState] INFO  server.RaftServerConfigKeys (ConfUtils.java:logGet(46)) - raft.server.leaderelection.pre-vote = false (custom)
2022-09-08 01:54:52,068 [e9c9b112-6330-4444-b5c6-8395fb60ec45@group-BD1F1979FC84-FollowerState] INFO  impl.RoleInfo (RoleInfo.java:updateAndGet(139)) - e9c9b112-6330-4444-b5c6-8395fb60ec45: start e9c9b112-6330-4444-b5c6-8395fb60ec45@group-BD1F1979FC84-LeaderElection67
2022-09-08 01:54:52,095 [eb925032-2c23-4938-b2a7-edb9189c0df9@group-BD1F1979FC84-FollowerState] INFO  impl.FollowerState (FollowerState.java:run(143)) - eb925032-2c23-4938-b2a7-edb9189c0df9@group-BD1F1979FC84-FollowerState: change to CANDIDATE, lastRpcElapsedTime:5050903259ns, electionTimeout:5016ms
2022-09-08 01:54:52,095 [eb925032-2c23-4938-b2a7-edb9189c0df9@group-BD1F1979FC84-FollowerState] INFO  impl.RoleInfo (RoleInfo.java:shutdownFollowerState(110)) - eb925032-2c23-4938-b2a7-edb9189c0df9: shutdown eb925032-2c23-4938-b2a7-edb9189c0df9@group-BD1F1979FC84-FollowerState
2022-09-08 01:54:52,095 [eb925032-2c23-4938-b2a7-edb9189c0df9@group-BD1F1979FC84-FollowerState] INFO  server.RaftServer$Division (RaftServerImpl.java:setRole(299)) - eb925032-2c23-4938-b2a7-edb9189c0df9@group-BD1F1979FC84: changes role from  FOLLOWER to CANDIDATE at term 1 for changeToCandidate
2022-09-08 01:54:52,095 [eb925032-2c23-4938-b2a7-edb9189c0df9@group-BD1F1979FC84-FollowerState] INFO  server.RaftServerConfigKeys (ConfUtils.java:logGet(46)) - raft.server.leaderelection.pre-vote = false (custom)
2022-09-08 01:54:52,095 [eb925032-2c23-4938-b2a7-edb9189c0df9@group-BD1F1979FC84-FollowerState] INFO  impl.RoleInfo (RoleInfo.java:updateAndGet(139)) - eb925032-2c23-4938-b2a7-edb9189c0df9: start eb925032-2c23-4938-b2a7-edb9189c0df9@group-BD1F1979FC84-LeaderElection68
2022-09-08 01:54:52,098 [eb925032-2c23-4938-b2a7-edb9189c0df9@group-BD1F1979FC84-LeaderElection68] INFO  impl.LeaderElection (LeaderElection.java:askForVotes(310)) - eb925032-2c23-4938-b2a7-edb9189c0df9@group-BD1F1979FC84-LeaderElection68 ELECTION round 0: submit vote requests at term 2 for -1: [e9c9b112-6330-4444-b5c6-8395fb60ec45|rpc:10.1.1.0:35177|dataStream:|priority:0, eb925032-2c23-4938-b2a7-edb9189c0df9|rpc:10.1.1.0:44933|dataStream:|priority:1, 2c3d1cb2-60a6-41ea-8ac9-22673eb6bb0a|rpc:10.1.1.0:34551|dataStream:|priority:0], old=null
2022-09-08 01:54:52,127 [grpc-default-executor-0] INFO  server.RaftServer$Division (RaftServerImpl.java:requestVote(1152)) - e9c9b112-6330-4444-b5c6-8395fb60ec45@group-BD1F1979FC84: receive requestVote(ELECTION, eb925032-2c23-4938-b2a7-edb9189c0df9, group-BD1F1979FC84, 2, (t:0, i:0))
2022-09-08 01:54:52,127 [grpc-default-executor-1] INFO  server.RaftServer$Division (RaftServerImpl.java:requestVote(1152)) - 2c3d1cb2-60a6-41ea-8ac9-22673eb6bb0a@group-BD1F1979FC84: receive requestVote(ELECTION, eb925032-2c23-4938-b2a7-edb9189c0df9, group-BD1F1979FC84, 2, (t:0, i:0))
2022-09-08 01:54:52,137 [grpc-default-executor-1] INFO  impl.VoteContext (VoteContext.java:log(48)) - 2c3d1cb2-60a6-41ea-8ac9-22673eb6bb0a@group-BD1F1979FC84-FOLLOWER: accept ELECTION from eb925032-2c23-4938-b2a7-edb9189c0df9: our priority 0 <= candidate's priority 1
2022-09-08 01:54:52,137 [grpc-default-executor-1] INFO  server.RaftServer$Division (RaftServerImpl.java:setRole(299)) - 2c3d1cb2-60a6-41ea-8ac9-22673eb6bb0a@group-BD1F1979FC84: changes role from  FOLLOWER to FOLLOWER at term 2 for candidate:eb925032-2c23-4938-b2a7-edb9189c0df9
2022-09-08 01:54:52,137 [grpc-default-executor-1] INFO  impl.RoleInfo (RoleInfo.java:shutdownFollowerState(110)) - 2c3d1cb2-60a6-41ea-8ac9-22673eb6bb0a: shutdown 2c3d1cb2-60a6-41ea-8ac9-22673eb6bb0a@group-BD1F1979FC84-FollowerState
2022-09-08 01:54:52,137 [grpc-default-executor-1] INFO  impl.RoleInfo (RoleInfo.java:updateAndGet(139)) - 2c3d1cb2-60a6-41ea-8ac9-22673eb6bb0a: start 2c3d1cb2-60a6-41ea-8ac9-22673eb6bb0a@group-BD1F1979FC84-FollowerState
2022-09-08 01:54:52,137 [2c3d1cb2-60a6-41ea-8ac9-22673eb6bb0a@group-BD1F1979FC84-FollowerState] INFO  impl.FollowerState (FollowerState.java:run(152)) - 2c3d1cb2-60a6-41ea-8ac9-22673eb6bb0a@group-BD1F1979FC84-FollowerState was interrupted
2022-09-08 01:54:52,137 [e9c9b112-6330-4444-b5c6-8395fb60ec45@group-BD1F1979FC84-LeaderElection67] INFO  impl.LeaderElection (LeaderElection.java:askForVotes(310)) - e9c9b112-6330-4444-b5c6-8395fb60ec45@group-BD1F1979FC84-LeaderElection67 ELECTION round 0: submit vote requests at term 2 for -1: [e9c9b112-6330-4444-b5c6-8395fb60ec45|rpc:10.1.1.0:35177|priority:0, eb925032-2c23-4938-b2a7-edb9189c0df9|rpc:10.1.1.0:44933|priority:1, 2c3d1cb2-60a6-41ea-8ac9-22673eb6bb0a|rpc:10.1.1.0:34551|priority:0], old=null
2022-09-08 01:54:52,137 [grpc-default-executor-0] INFO  impl.VoteContext (VoteContext.java:log(48)) - e9c9b112-6330-4444-b5c6-8395fb60ec45@group-BD1F1979FC84-CANDIDATE: reject ELECTION from eb925032-2c23-4938-b2a7-edb9189c0df9: already has voted for e9c9b112-6330-4444-b5c6-8395fb60ec45 at current term 2
2022-09-08 01:54:52,137 [grpc-default-executor-0] INFO  server.RaftServer$Division (RaftServerImpl.java:requestVote(1184)) - e9c9b112-6330-4444-b5c6-8395fb60ec45@group-BD1F1979FC84 replies to ELECTION vote request: eb925032-2c23-4938-b2a7-edb9189c0df9<-e9c9b112-6330-4444-b5c6-8395fb60ec45#0:FAIL-t2. Peer's state: e9c9b112-6330-4444-b5c6-8395fb60ec45@group-BD1F1979FC84:t2, leader=null, voted=e9c9b112-6330-4444-b5c6-8395fb60ec45, raftlog=e9c9b112-6330-4444-b5c6-8395fb60ec45@group-BD1F1979FC84-SegmentedRaftLog:OPENED:c-1, conf=-1: [e9c9b112-6330-4444-b5c6-8395fb60ec45|rpc:10.1.1.0:35177|priority:0, eb925032-2c23-4938-b2a7-edb9189c0df9|rpc:10.1.1.0:44933|priority:1, 2c3d1cb2-60a6-41ea-8ac9-22673eb6bb0a|rpc:10.1.1.0:34551|priority:0], old=null
2022-09-08 01:54:52,141 [grpc-default-executor-1] INFO  server.RaftServer$Division (RaftServerImpl.java:requestVote(1184)) - 2c3d1cb2-60a6-41ea-8ac9-22673eb6bb0a@group-BD1F1979FC84 replies to ELECTION vote request: eb925032-2c23-4938-b2a7-edb9189c0df9<-2c3d1cb2-60a6-41ea-8ac9-22673eb6bb0a#0:OK-t2. Peer's state: 2c3d1cb2-60a6-41ea-8ac9-22673eb6bb0a@group-BD1F1979FC84:t2, leader=null, voted=eb925032-2c23-4938-b2a7-edb9189c0df9, raftlog=2c3d1cb2-60a6-41ea-8ac9-22673eb6bb0a@group-BD1F1979FC84-SegmentedRaftLog:OPENED:c-1, conf=-1: [e9c9b112-6330-4444-b5c6-8395fb60ec45|rpc:10.1.1.0:35177|dataStream:|priority:0, eb925032-2c23-4938-b2a7-edb9189c0df9|rpc:10.1.1.0:44933|dataStream:|priority:1, 2c3d1cb2-60a6-41ea-8ac9-22673eb6bb0a|rpc:10.1.1.0:34551|dataStream:|priority:0], old=null
2022-09-08 01:54:52,142 [eb925032-2c23-4938-b2a7-edb9189c0df9@group-BD1F1979FC84-LeaderElection68] INFO  impl.LeaderElection (LeaderElection.java:logAndReturn(90)) - eb925032-2c23-4938-b2a7-edb9189c0df9@group-BD1F1979FC84-LeaderElection68: ELECTION PASSED received 1 response(s) and 0 exception(s):
2022-09-08 01:54:52,142 [eb925032-2c23-4938-b2a7-edb9189c0df9@group-BD1F1979FC84-LeaderElection68] INFO  impl.LeaderElection (LeaderElection.java:logAndReturn(94)) -   Response 0: eb925032-2c23-4938-b2a7-edb9189c0df9<-2c3d1cb2-60a6-41ea-8ac9-22673eb6bb0a#0:OK-t2
2022-09-08 01:54:52,142 [eb925032-2c23-4938-b2a7-edb9189c0df9@group-BD1F1979FC84-LeaderElection68] INFO  impl.LeaderElection (LeaderElection.java:askForVotes(312)) - eb925032-2c23-4938-b2a7-edb9189c0df9@group-BD1F1979FC84-LeaderElection68 ELECTION round 0: result PASSED
2022-09-08 01:54:52,142 [eb925032-2c23-4938-b2a7-edb9189c0df9@group-BD1F1979FC84-LeaderElection68] INFO  impl.RoleInfo (RoleInfo.java:shutdownLeaderElection(130)) - eb925032-2c23-4938-b2a7-edb9189c0df9: shutdown eb925032-2c23-4938-b2a7-edb9189c0df9@group-BD1F1979FC84-LeaderElection68
2022-09-08 01:54:52,142 [eb925032-2c23-4938-b2a7-edb9189c0df9@group-BD1F1979FC84-LeaderElection68] INFO  server.RaftServer$Division (RaftServerImpl.java:setRole(299)) - eb925032-2c23-4938-b2a7-edb9189c0df9@group-BD1F1979FC84: changes role from CANDIDATE to LEADER at term 2 for changeToLeader
2022-09-08 01:54:52,142 [eb925032-2c23-4938-b2a7-edb9189c0df9@group-BD1F1979FC84-LeaderElection68] INFO  ratis.XceiverServerRatis (XceiverServerRatis.java:handleLeaderChangedNotification(863)) - Leader change notification received for group: group-BD1F1979FC84 with new leaderId: eb925032-2c23-4938-b2a7-edb9189c0df9
2022-09-08 01:54:52,142 [eb925032-2c23-4938-b2a7-edb9189c0df9@group-BD1F1979FC84-LeaderElection68] INFO  server.RaftServer$Division (ServerState.java:setLeader(287)) - eb925032-2c23-4938-b2a7-edb9189c0df9@group-BD1F1979FC84: change Leader from null to eb925032-2c23-4938-b2a7-edb9189c0df9 at term 2 for becomeLeader, leader elected after 10114ms
2022-09-08 01:54:52,142 [eb925032-2c23-4938-b2a7-edb9189c0df9@group-BD1F1979FC84-LeaderElection68] INFO  server.RaftServerConfigKeys (ConfUtils.java:logGet(46)) - raft.server.staging.catchup.gap = 1000 (default)
2022-09-08 01:54:52,142 [eb925032-2c23-4938-b2a7-edb9189c0df9@group-BD1F1979FC84-LeaderElection68] INFO  server.RaftServerConfigKeys (ConfUtils.java:logGet(46)) - raft.server.write.element-limit = 1024 (custom)
2022-09-08 01:54:52,142 [eb925032-2c23-4938-b2a7-edb9189c0df9@group-BD1F1979FC84-LeaderElection68] INFO  server.RaftServerConfigKeys (ConfUtils.java:logGet(46)) - raft.server.write.byte-limit = 1024 M (=1073741824) (custom)
2022-09-08 01:54:52,143 [eb925032-2c23-4938-b2a7-edb9189c0df9@group-BD1F1979FC84-LeaderElection68] INFO  server.RaftServerConfigKeys (ConfUtils.java:logGet(46)) - raft.server.watch.timeout = 180s (custom)
2022-09-08 01:54:52,143 [eb925032-2c23-4938-b2a7-edb9189c0df9@group-BD1F1979FC84-LeaderElection68] INFO  server.RaftServerConfigKeys (ConfUtils.java:logGet(46)) - raft.server.watch.timeout.denomination = 1s (default)
2022-09-08 01:54:52,143 [eb925032-2c23-4938-b2a7-edb9189c0df9@group-BD1F1979FC84-LeaderElection68] INFO  server.RaftServerConfigKeys (ConfUtils.java:logGet(46)) - raft.server.watch.element-limit = 65536 (default)
2022-09-08 01:54:52,143 [eb925032-2c23-4938-b2a7-edb9189c0df9@group-BD1F1979FC84-LeaderElection68] INFO  server.RaftServerConfigKeys (ConfUtils.java:logGet(46)) - raft.server.write.element-limit = 1024 (custom)
2022-09-08 01:54:52,143 [eb925032-2c23-4938-b2a7-edb9189c0df9@group-BD1F1979FC84-LeaderElection68] INFO  server.RaftServerConfigKeys (ConfUtils.java:logGet(46)) - raft.server.write.follower.gap.ratio.max = -1.0 (default)
2022-09-08 01:54:52,144 [eb925032-2c23-4938-b2a7-edb9189c0df9@group-BD1F1979FC84-LeaderElection68] INFO  server.RaftServerConfigKeys (ConfUtils.java:logGet(46)) - raft.server.log.appender.snapshot.chunk.size.max = 16MB (=16777216) (default)
2022-09-08 01:54:52,144 [eb925032-2c23-4938-b2a7-edb9189c0df9@group-BD1F1979FC84-LeaderElection68] INFO  server.RaftServerConfigKeys (ConfUtils.java:logGet(46)) - raft.server.log.appender.buffer.byte-limit = 33554432 (custom)
2022-09-08 01:54:52,144 [eb925032-2c23-4938-b2a7-edb9189c0df9@group-BD1F1979FC84-LeaderElection68] INFO  server.RaftServerConfigKeys (ConfUtils.java:logGet(46)) - raft.server.log.appender.buffer.element-limit = 1 (custom)
2022-09-08 01:54:52,144 [eb925032-2c23-4938-b2a7-edb9189c0df9@group-BD1F1979FC84-LeaderElection68] INFO  grpc.GrpcConfigKeys (ConfUtils.java:logGet(46)) - raft.grpc.server.leader.outstanding.appends.max = 128 (default)
2022-09-08 01:54:52,144 [eb925032-2c23-4938-b2a7-edb9189c0df9@group-BD1F1979FC84-LeaderElection68] INFO  server.RaftServerConfigKeys (ConfUtils.java:logGet(46)) - raft.server.rpc.request.timeout = 60s (custom)
2022-09-08 01:54:52,144 [eb925032-2c23-4938-b2a7-edb9189c0df9@group-BD1F1979FC84-LeaderElection68] INFO  server.RaftServerConfigKeys (ConfUtils.java:logGet(46)) - raft.server.log.appender.install.snapshot.enabled = false (custom)
2022-09-08 01:54:52,145 [EventQueue-OpenPipelineForHealthyPipelineSafeModeRule] INFO  safemode.SCMSafeModeManager (HealthyPipelineSafeModeRule.java:process(137)) - SCM in safe mode. Healthy pipelines reported count is 0, required healthy pipeline reported count is 1
2022-09-08 01:54:52,145 [EventQueue-PipelineReportForPipelineReportHandler] INFO  pipeline.PipelineManagerImpl (PipelineManagerImpl.java:openPipeline(367)) - Pipeline Pipeline[ Id: 1abd95a9-f9d0-4c65-ba1d-bd1f1979fc84, Nodes: eb925032-2c23-4938-b2a7-edb9189c0df9{ip: 10.1.1.0, host: fv-az38-857.qiceih3q1hfe5a3ai3y3qk2fta.cx.internal.cloudapp.net, ports: [REPLICATION=34661, RATIS=44933, RATIS_ADMIN=44933, RATIS_SERVER=44933, STANDALONE=41527], networkLocation: /default-rack, certSerialId: null, persistedOpState: IN_SERVICE, persistedOpStateExpiryEpochSec: 0}e9c9b112-6330-4444-b5c6-8395fb60ec45{ip: 10.1.1.0, host: fv-az38-857.qiceih3q1hfe5a3ai3y3qk2fta.cx.internal.cloudapp.net, ports: [REPLICATION=37503, RATIS=35177, RATIS_ADMIN=35177, RATIS_SERVER=35177, STANDALONE=35273], networkLocation: /default-rack, certSerialId: null, persistedOpState: IN_SERVICE, persistedOpStateExpiryEpochSec: 0}2c3d1cb2-60a6-41ea-8ac9-22673eb6bb0a{ip: 10.1.1.0, host: fv-az38-857.qiceih3q1hfe5a3ai3y3qk2fta.cx.internal.cloudapp.net, ports: [REPLICATION=38139, RATIS=34551, RATIS_ADMIN=34551, RATIS_SERVER=34551, STANDALONE=46301], networkLocation: /default-rack, certSerialId: null, persistedOpState: IN_SERVICE, persistedOpStateExpiryEpochSec: 0}, ReplicationConfig: RATIS/THREE, State:ALLOCATED, leaderId:eb925032-2c23-4938-b2a7-edb9189c0df9, CreationTimestamp2022-09-08T01:54:39.771Z[Etc/UTC]] moved to OPEN state
2022-09-08 01:54:52,146 [EventQueue-OpenPipelineForHealthyPipelineSafeModeRule] INFO  safemode.SCMSafeModeManager (HealthyPipelineSafeModeRule.java:process(137)) - SCM in safe mode. Healthy pipelines reported count is 1, required healthy pipeline reported count is 1
2022-09-08 01:54:52,146 [EventQueue-OpenPipelineForHealthyPipelineSafeModeRule] INFO  safemode.SCMSafeModeManager (SCMSafeModeManager.java:validateSafeModeExitRules(204)) - HealthyPipelineSafeModeRule rule is successfully validated
2022-09-08 01:54:52,146 [EventQueue-OpenPipelineForHealthyPipelineSafeModeRule] INFO  safemode.SCMSafeModeManager (SCMSafeModeManager.java:validateSafeModeExitRules(219)) - ScmSafeModeManager, all rules are successfully validated
2022-09-08 01:54:52,146 [EventQueue-OpenPipelineForHealthyPipelineSafeModeRule] INFO  safemode.SCMSafeModeManager (SCMSafeModeManager.java:exitSafeMode(248)) - SCM exiting safe mode.
2022-09-08 01:54:52,146 [EventQueue-OpenPipelineForHealthyPipelineSafeModeRule] WARN  events.EventQueue (EventQueue.java:fireEvent(216)) - No event handler registered for event TypedEvent{payloadType=SafeModeStatus, name='Safe mode status'}
2022-09-08 01:54:52,146 [EventQueue-OpenPipelineForHealthyPipelineSafeModeRule] INFO  ha.SCMContext (SCMContext.java:updateSafeModeStatus(228)) - Update SafeModeStatus from SafeModeStatus{safeModeStatus=true, preCheckPassed=true} to SafeModeStatus{safeModeStatus=false, preCheckPassed=true}.
2022-09-08 01:54:52,146 [eb925032-2c23-4938-b2a7-edb9189c0df9@group-BD1F1979FC84-LeaderElection68] INFO  server.RaftServerConfigKeys (ConfUtils.java:logGet(46)) - raft.server.log.appender.snapshot.chunk.size.max = 16MB (=16777216) (default)
2022-09-08 01:54:52,146 [EventQueue-OpenPipelineForHealthyPipelineSafeModeRule] INFO  pipeline.BackgroundPipelineCreator (BackgroundPipelineCreator.java:notifyStatusChanged(254)) - Service BackgroundPipelineCreator transitions to RUNNING.
2022-09-08 01:54:52,146 [eb925032-2c23-4938-b2a7-edb9189c0df9@group-BD1F1979FC84-LeaderElection68] INFO  server.RaftServerConfigKeys (ConfUtils.java:logGet(46)) - raft.server.log.appender.buffer.byte-limit = 33554432 (custom)
2022-09-08 01:54:52,146 [EventQueue-OpenPipelineForHealthyPipelineSafeModeRule] INFO  BackgroundPipelineScrubber (BackgroundSCMService.java:notifyStatusChanged(82)) - Service BackgroundPipelineScrubber transitions to RUNNING.
2022-09-08 01:54:52,146 [EventQueue-OpenPipelineForHealthyPipelineSafeModeRule] INFO  ExpiredContainerReplicaOpScrubber (BackgroundSCMService.java:notifyStatusChanged(82)) - Service ExpiredContainerReplicaOpScrubber transitions to RUNNING.
2022-09-08 01:54:52,146 [EventQueue-OpenPipelineForHealthyPipelineSafeModeRule] INFO  UnderReplicatedQueueThread (BackgroundSCMService.java:notifyStatusChanged(82)) - Service UnderReplicatedQueueThread transitions to RUNNING.
2022-09-08 01:54:52,146 [EventQueue-OpenPipelineForHealthyPipelineSafeModeRule] INFO  OverReplicatedQueueThread (BackgroundSCMService.java:notifyStatusChanged(82)) - Service OverReplicatedQueueThread transitions to RUNNING.
2022-09-08 01:54:52,147 [EventQueue-OpenPipelineForHealthyPipelineSafeModeRule] INFO  replication.ReplicationManager (ReplicationManager.java:notifyStatusChanged(764)) - Service ReplicationManager transitions to RUNNING.
2022-09-08 01:54:52,147 [EventQueue-OpenPipelineForHealthyPipelineSafeModeRule] WARN  balancer.ContainerBalancer (ContainerBalancer.java:shouldRun(925)) - Could not find persisted configuration for ContainerBalancer when checking if ContainerBalancer should run. ContainerBalancer should not run now.
2022-09-08 01:54:52,146 [eb925032-2c23-4938-b2a7-edb9189c0df9@group-BD1F1979FC84-LeaderElection68] INFO  server.RaftServerConfigKeys (ConfUtils.java:logGet(46)) - raft.server.log.appender.buffer.element-limit = 1 (custom)
2022-09-08 01:54:52,149 [eb925032-2c23-4938-b2a7-edb9189c0df9@group-BD1F1979FC84-LeaderElection68] INFO  grpc.GrpcConfigKeys (ConfUtils.java:logGet(46)) - raft.grpc.server.leader.outstanding.appends.max = 128 (default)
2022-09-08 01:54:52,149 [eb925032-2c23-4938-b2a7-edb9189c0df9@group-BD1F1979FC84-LeaderElection68] INFO  server.RaftServerConfigKeys (ConfUtils.java:logGet(46)) - raft.server.rpc.request.timeout = 60s (custom)
2022-09-08 01:54:52,149 [eb925032-2c23-4938-b2a7-edb9189c0df9@group-BD1F1979FC84-LeaderElection68] INFO  server.RaftServerConfigKeys (ConfUtils.java:logGet(46)) - raft.server.log.appender.install.snapshot.enabled = false (custom)
2022-09-08 01:54:52,149 [eb925032-2c23-4938-b2a7-edb9189c0df9@group-BD1F1979FC84-LeaderElection68] INFO  impl.RoleInfo (RoleInfo.java:updateAndGet(139)) - eb925032-2c23-4938-b2a7-edb9189c0df9: start eb925032-2c23-4938-b2a7-edb9189c0df9@group-BD1F1979FC84-LeaderStateImpl
2022-09-08 01:54:52,194 [eb925032-2c23-4938-b2a7-edb9189c0df9@group-BD1F1979FC84-LeaderElection68] INFO  segmented.SegmentedRaftLogWorker (SegmentedRaftLogWorker.java:startLogSegment(425)) - eb925032-2c23-4938-b2a7-edb9189c0df9@group-BD1F1979FC84-SegmentedRaftLogWorker: Starting segment from index:0
2022-09-08 01:54:52,196 [eb925032-2c23-4938-b2a7-edb9189c0df9@group-BD1F1979FC84-SegmentedRaftLogWorker] INFO  segmented.SegmentedRaftLogWorker (SegmentedRaftLogWorker.java:execute(629)) - eb925032-2c23-4938-b2a7-edb9189c0df9@group-BD1F1979FC84-SegmentedRaftLogWorker: created new log segment /home/runner/work/ozone/ozone/hadoop-ozone/integration-test/target/test-dir/MiniOzoneClusterImpl-057c3a95-4ef9-4349-8946-0241b22cf071/datanode-1/data/ratis/1abd95a9-f9d0-4c65-ba1d-bd1f1979fc84/current/log_inprogress_0
2022-09-08 01:54:52,203 [grpc-default-executor-1] INFO  server.RaftServer$Division (RaftServerImpl.java:requestVote(1152)) - 2c3d1cb2-60a6-41ea-8ac9-22673eb6bb0a@group-BD1F1979FC84: receive requestVote(ELECTION, e9c9b112-6330-4444-b5c6-8395fb60ec45, group-BD1F1979FC84, 2, (t:0, i:0))
2022-09-08 01:54:52,203 [grpc-default-executor-1] INFO  impl.VoteContext (VoteContext.java:log(48)) - 2c3d1cb2-60a6-41ea-8ac9-22673eb6bb0a@group-BD1F1979FC84-FOLLOWER: reject ELECTION from e9c9b112-6330-4444-b5c6-8395fb60ec45: already has voted for eb925032-2c23-4938-b2a7-edb9189c0df9 at current term 2
2022-09-08 01:54:52,203 [grpc-default-executor-1] INFO  server.RaftServer$Division (RaftServerImpl.java:requestVote(1184)) - 2c3d1cb2-60a6-41ea-8ac9-22673eb6bb0a@group-BD1F1979FC84 replies to ELECTION vote request: e9c9b112-6330-4444-b5c6-8395fb60ec45<-2c3d1cb2-60a6-41ea-8ac9-22673eb6bb0a#0:FAIL-t2. Peer's state: 2c3d1cb2-60a6-41ea-8ac9-22673eb6bb0a@group-BD1F1979FC84:t2, leader=null, voted=eb925032-2c23-4938-b2a7-edb9189c0df9, raftlog=2c3d1cb2-60a6-41ea-8ac9-22673eb6bb0a@group-BD1F1979FC84-SegmentedRaftLog:OPENED:c-1, conf=-1: [e9c9b112-6330-4444-b5c6-8395fb60ec45|rpc:10.1.1.0:35177|dataStream:|priority:0, eb925032-2c23-4938-b2a7-edb9189c0df9|rpc:10.1.1.0:44933|dataStream:|priority:1, 2c3d1cb2-60a6-41ea-8ac9-22673eb6bb0a|rpc:10.1.1.0:34551|dataStream:|priority:0], old=null
2022-09-08 01:54:52,245 [eb925032-2c23-4938-b2a7-edb9189c0df9@group-BD1F1979FC84-LeaderElection68] INFO  server.RaftServer$Division (ServerState.java:setRaftConf(393)) - eb925032-2c23-4938-b2a7-edb9189c0df9@group-BD1F1979FC84: set configuration 0: [e9c9b112-6330-4444-b5c6-8395fb60ec45|rpc:10.1.1.0:35177|dataStream:|priority:0, eb925032-2c23-4938-b2a7-edb9189c0df9|rpc:10.1.1.0:44933|dataStream:|priority:1, 2c3d1cb2-60a6-41ea-8ac9-22673eb6bb0a|rpc:10.1.1.0:34551|dataStream:|priority:0], old=null
2022-09-08 01:54:52,292 [e9c9b112-6330-4444-b5c6-8395fb60ec45-server-thread1] INFO  server.RaftServer$Division (RaftServerImpl.java:setRole(299)) - e9c9b112-6330-4444-b5c6-8395fb60ec45@group-BD1F1979FC84: changes role from CANDIDATE to FOLLOWER at term 2 for appendEntries
2022-09-08 01:54:52,292 [e9c9b112-6330-4444-b5c6-8395fb60ec45-server-thread1] INFO  impl.RoleInfo (RoleInfo.java:shutdownLeaderElection(130)) - e9c9b112-6330-4444-b5c6-8395fb60ec45: shutdown e9c9b112-6330-4444-b5c6-8395fb60ec45@group-BD1F1979FC84-LeaderElection67
2022-09-08 01:54:52,292 [e9c9b112-6330-4444-b5c6-8395fb60ec45-server-thread1] INFO  impl.RoleInfo (RoleInfo.java:updateAndGet(139)) - e9c9b112-6330-4444-b5c6-8395fb60ec45: start e9c9b112-6330-4444-b5c6-8395fb60ec45@group-BD1F1979FC84-FollowerState
2022-09-08 01:54:52,294 [e9c9b112-6330-4444-b5c6-8395fb60ec45-server-thread1] INFO  ratis.XceiverServerRatis (XceiverServerRatis.java:handleLeaderChangedNotification(863)) - Leader change notification received for group: group-BD1F1979FC84 with new leaderId: eb925032-2c23-4938-b2a7-edb9189c0df9
2022-09-08 01:54:52,295 [e9c9b112-6330-4444-b5c6-8395fb60ec45-server-thread1] INFO  server.RaftServer$Division (ServerState.java:setLeader(287)) - e9c9b112-6330-4444-b5c6-8395fb60ec45@group-BD1F1979FC84: change Leader from null to eb925032-2c23-4938-b2a7-edb9189c0df9 at term 2 for appendEntries, leader elected after 10461ms
2022-09-08 01:54:52,330 [2c3d1cb2-60a6-41ea-8ac9-22673eb6bb0a-server-thread1] INFO  ratis.XceiverServerRatis (XceiverServerRatis.java:handleLeaderChangedNotification(863)) - Leader change notification received for group: group-BD1F1979FC84 with new leaderId: eb925032-2c23-4938-b2a7-edb9189c0df9
2022-09-08 01:54:52,330 [2c3d1cb2-60a6-41ea-8ac9-22673eb6bb0a-server-thread1] INFO  server.RaftServer$Division (ServerState.java:setLeader(287)) - 2c3d1cb2-60a6-41ea-8ac9-22673eb6bb0a@group-BD1F1979FC84: change Leader from null to eb925032-2c23-4938-b2a7-edb9189c0df9 at term 2 for appendEntries, leader elected after 10095ms
2022-09-08 01:54:52,330 [e9c9b112-6330-4444-b5c6-8395fb60ec45-server-thread1] INFO  server.RaftServer$Division (ServerState.java:setRaftConf(393)) - e9c9b112-6330-4444-b5c6-8395fb60ec45@group-BD1F1979FC84: set configuration 0: [e9c9b112-6330-4444-b5c6-8395fb60ec45|rpc:10.1.1.0:35177|dataStream:|priority:0, eb925032-2c23-4938-b2a7-edb9189c0df9|rpc:10.1.1.0:44933|dataStream:|priority:1, 2c3d1cb2-60a6-41ea-8ac9-22673eb6bb0a|rpc:10.1.1.0:34551|dataStream:|priority:0], old=null
2022-09-08 01:54:52,330 [e9c9b112-6330-4444-b5c6-8395fb60ec45-server-thread1] INFO  segmented.SegmentedRaftLogWorker (SegmentedRaftLogWorker.java:startLogSegment(425)) - e9c9b112-6330-4444-b5c6-8395fb60ec45@group-BD1F1979FC84-SegmentedRaftLogWorker: Starting segment from index:0
2022-09-08 01:54:52,331 [grpc-default-executor-2] INFO  server.RaftServer$Division (RaftServerImpl.java:requestVote(1152)) - eb925032-2c23-4938-b2a7-edb9189c0df9@group-BD1F1979FC84: receive requestVote(ELECTION, e9c9b112-6330-4444-b5c6-8395fb60ec45, group-BD1F1979FC84, 2, (t:0, i:0))
2022-09-08 01:54:52,331 [grpc-default-executor-2] INFO  impl.VoteContext (VoteContext.java:log(48)) - eb925032-2c23-4938-b2a7-edb9189c0df9@group-BD1F1979FC84-LEADER: reject ELECTION from e9c9b112-6330-4444-b5c6-8395fb60ec45: already has voted for eb925032-2c23-4938-b2a7-edb9189c0df9 at current term 2
2022-09-08 01:54:52,331 [grpc-default-executor-2] INFO  server.RaftServer$Division (RaftServerImpl.java:requestVote(1184)) - eb925032-2c23-4938-b2a7-edb9189c0df9@group-BD1F1979FC84 replies to ELECTION vote request: e9c9b112-6330-4444-b5c6-8395fb60ec45<-eb925032-2c23-4938-b2a7-edb9189c0df9#0:FAIL-t2. Peer's state: eb925032-2c23-4938-b2a7-edb9189c0df9@group-BD1F1979FC84:t2, leader=eb925032-2c23-4938-b2a7-edb9189c0df9, voted=eb925032-2c23-4938-b2a7-edb9189c0df9, raftlog=eb925032-2c23-4938-b2a7-edb9189c0df9@group-BD1F1979FC84-SegmentedRaftLog:OPENED:c0, conf=0: [e9c9b112-6330-4444-b5c6-8395fb60ec45|rpc:10.1.1.0:35177|dataStream:|priority:0, eb925032-2c23-4938-b2a7-edb9189c0df9|rpc:10.1.1.0:44933|dataStream:|priority:1, 2c3d1cb2-60a6-41ea-8ac9-22673eb6bb0a|rpc:10.1.1.0:34551|dataStream:|priority:0], old=null
2022-09-08 01:54:52,366 [e9c9b112-6330-4444-b5c6-8395fb60ec45@group-BD1F1979FC84-LeaderElection67] INFO  impl.LeaderElection (LeaderElection.java:logAndReturn(90)) - e9c9b112-6330-4444-b5c6-8395fb60ec45@group-BD1F1979FC84-LeaderElection67: ELECTION REJECTED received 2 response(s) and 0 exception(s):
2022-09-08 01:54:52,366 [e9c9b112-6330-4444-b5c6-8395fb60ec45@group-BD1F1979FC84-LeaderElection67] INFO  impl.LeaderElection (LeaderElection.java:logAndReturn(94)) -   Response 0: e9c9b112-6330-4444-b5c6-8395fb60ec45<-2c3d1cb2-60a6-41ea-8ac9-22673eb6bb0a#0:FAIL-t2
2022-09-08 01:54:52,366 [e9c9b112-6330-4444-b5c6-8395fb60ec45@group-BD1F1979FC84-LeaderElection67] INFO  impl.LeaderElection (LeaderElection.java:logAndReturn(94)) -   Response 1: e9c9b112-6330-4444-b5c6-8395fb60ec45<-eb925032-2c23-4938-b2a7-edb9189c0df9#0:FAIL-t2
2022-09-08 01:54:52,366 [e9c9b112-6330-4444-b5c6-8395fb60ec45@group-BD1F1979FC84-LeaderElection67] INFO  impl.LeaderElection (LeaderElection.java:askForVotes(312)) - e9c9b112-6330-4444-b5c6-8395fb60ec45@group-BD1F1979FC84-LeaderElection67 ELECTION round 0: result REJECTED
2022-09-08 01:54:52,366 [e9c9b112-6330-4444-b5c6-8395fb60ec45@group-BD1F1979FC84-SegmentedRaftLogWorker] INFO  segmented.SegmentedRaftLogWorker (SegmentedRaftLogWorker.java:execute(629)) - e9c9b112-6330-4444-b5c6-8395fb60ec45@group-BD1F1979FC84-SegmentedRaftLogWorker: created new log segment /home/runner/work/ozone/ozone/hadoop-ozone/integration-test/target/test-dir/MiniOzoneClusterImpl-057c3a95-4ef9-4349-8946-0241b22cf071/datanode-0/data/ratis/1abd95a9-f9d0-4c65-ba1d-bd1f1979fc84/current/log_inprogress_0
2022-09-08 01:54:52,383 [2c3d1cb2-60a6-41ea-8ac9-22673eb6bb0a-server-thread1] INFO  server.RaftServer$Division (ServerState.java:setRaftConf(393)) - 2c3d1cb2-60a6-41ea-8ac9-22673eb6bb0a@group-BD1F1979FC84: set configuration 0: [e9c9b112-6330-4444-b5c6-8395fb60ec45|rpc:10.1.1.0:35177|dataStream:|priority:0, eb925032-2c23-4938-b2a7-edb9189c0df9|rpc:10.1.1.0:44933|dataStream:|priority:1, 2c3d1cb2-60a6-41ea-8ac9-22673eb6bb0a|rpc:10.1.1.0:34551|dataStream:|priority:0], old=null
2022-09-08 01:54:52,383 [2c3d1cb2-60a6-41ea-8ac9-22673eb6bb0a-server-thread1] INFO  segmented.SegmentedRaftLogWorker (SegmentedRaftLogWorker.java:startLogSegment(425)) - 2c3d1cb2-60a6-41ea-8ac9-22673eb6bb0a@group-BD1F1979FC84-SegmentedRaftLogWorker: Starting segment from index:0
2022-09-08 01:54:52,414 [2c3d1cb2-60a6-41ea-8ac9-22673eb6bb0a@group-BD1F1979FC84-SegmentedRaftLogWorker] INFO  segmented.SegmentedRaftLogWorker (SegmentedRaftLogWorker.java:execute(629)) - 2c3d1cb2-60a6-41ea-8ac9-22673eb6bb0a@group-BD1F1979FC84-SegmentedRaftLogWorker: created new log segment /home/runner/work/ozone/ozone/hadoop-ozone/integration-test/target/test-dir/MiniOzoneClusterImpl-057c3a95-4ef9-4349-8946-0241b22cf071/datanode-2/data/ratis/1abd95a9-f9d0-4c65-ba1d-bd1f1979fc84/current/log_inprogress_0
2022-09-08 01:54:52,550 [e9c9b112-6330-4444-b5c6-8395fb60ec45@group-746216AC3183-FollowerState] INFO  impl.FollowerState (FollowerState.java:run(143)) - e9c9b112-6330-4444-b5c6-8395fb60ec45@group-746216AC3183-FollowerState: change to CANDIDATE, lastRpcElapsedTime:5043864766ns, electionTimeout:5016ms
2022-09-08 01:54:52,550 [e9c9b112-6330-4444-b5c6-8395fb60ec45@group-746216AC3183-FollowerState] INFO  impl.RoleInfo (RoleInfo.java:shutdownFollowerState(110)) - e9c9b112-6330-4444-b5c6-8395fb60ec45: shutdown e9c9b112-6330-4444-b5c6-8395fb60ec45@group-746216AC3183-FollowerState
2022-09-08 01:54:52,550 [e9c9b112-6330-4444-b5c6-8395fb60ec45@group-746216AC3183-FollowerState] INFO  server.RaftServer$Division (RaftServerImpl.java:setRole(299)) - e9c9b112-6330-4444-b5c6-8395fb60ec45@group-746216AC3183: changes role from  FOLLOWER to CANDIDATE at term 1 for changeToCandidate
2022-09-08 01:54:52,550 [e9c9b112-6330-4444-b5c6-8395fb60ec45@group-746216AC3183-FollowerState] INFO  server.RaftServerConfigKeys (ConfUtils.java:logGet(46)) - raft.server.leaderelection.pre-vote = false (custom)
2022-09-08 01:54:52,550 [e9c9b112-6330-4444-b5c6-8395fb60ec45@group-746216AC3183-FollowerState] INFO  impl.RoleInfo (RoleInfo.java:updateAndGet(139)) - e9c9b112-6330-4444-b5c6-8395fb60ec45: start e9c9b112-6330-4444-b5c6-8395fb60ec45@group-746216AC3183-LeaderElection69
2022-09-08 01:54:52,577 [e9c9b112-6330-4444-b5c6-8395fb60ec45@group-746216AC3183-LeaderElection69] INFO  impl.LeaderElection (LeaderElection.java:askForVotes(310)) - e9c9b112-6330-4444-b5c6-8395fb60ec45@group-746216AC3183-LeaderElection69 ELECTION round 0: submit vote requests at term 2 for -1: [e9c9b112-6330-4444-b5c6-8395fb60ec45|rpc:10.1.1.0:35177|priority:0, eb925032-2c23-4938-b2a7-edb9189c0df9|rpc:10.1.1.0:44933|priority:0, 2c3d1cb2-60a6-41ea-8ac9-22673eb6bb0a|rpc:10.1.1.0:34551|priority:1], old=null
2022-09-08 01:54:52,590 [grpc-default-executor-2] INFO  server.RaftServer$Division (RaftServerImpl.java:requestVote(1152)) - eb925032-2c23-4938-b2a7-edb9189c0df9@group-746216AC3183: receive requestVote(ELECTION, e9c9b112-6330-4444-b5c6-8395fb60ec45, group-746216AC3183, 2, (t:0, i:0))
2022-09-08 01:54:52,590 [grpc-default-executor-2] INFO  impl.VoteContext (VoteContext.java:log(48)) - eb925032-2c23-4938-b2a7-edb9189c0df9@group-746216AC3183-FOLLOWER: accept ELECTION from e9c9b112-6330-4444-b5c6-8395fb60ec45: our priority 0 <= candidate's priority 0
2022-09-08 01:54:52,590 [grpc-default-executor-2] INFO  server.RaftServer$Division (RaftServerImpl.java:setRole(299)) - eb925032-2c23-4938-b2a7-edb9189c0df9@group-746216AC3183: changes role from  FOLLOWER to FOLLOWER at term 2 for candidate:e9c9b112-6330-4444-b5c6-8395fb60ec45
2022-09-08 01:54:52,590 [grpc-default-executor-2] INFO  impl.RoleInfo (RoleInfo.java:shutdownFollowerState(110)) - eb925032-2c23-4938-b2a7-edb9189c0df9: shutdown eb925032-2c23-4938-b2a7-edb9189c0df9@group-746216AC3183-FollowerState
2022-09-08 01:54:52,590 [grpc-default-executor-2] INFO  impl.RoleInfo (RoleInfo.java:updateAndGet(139)) - eb925032-2c23-4938-b2a7-edb9189c0df9: start eb925032-2c23-4938-b2a7-edb9189c0df9@group-746216AC3183-FollowerState
2022-09-08 01:54:52,592 [eb925032-2c23-4938-b2a7-edb9189c0df9@group-746216AC3183-FollowerState] INFO  impl.FollowerState (FollowerState.java:run(152)) - eb925032-2c23-4938-b2a7-edb9189c0df9@group-746216AC3183-FollowerState was interrupted
2022-09-08 01:54:52,596 [grpc-default-executor-2] INFO  server.RaftServer$Division (RaftServerImpl.java:requestVote(1184)) - eb925032-2c23-4938-b2a7-edb9189c0df9@group-746216AC3183 replies to ELECTION vote request: e9c9b112-6330-4444-b5c6-8395fb60ec45<-eb925032-2c23-4938-b2a7-edb9189c0df9#0:OK-t2. Peer's state: eb925032-2c23-4938-b2a7-edb9189c0df9@group-746216AC3183:t2, leader=null, voted=e9c9b112-6330-4444-b5c6-8395fb60ec45, raftlog=eb925032-2c23-4938-b2a7-edb9189c0df9@group-746216AC3183-SegmentedRaftLog:OPENED:c-1, conf=-1: [e9c9b112-6330-4444-b5c6-8395fb60ec45|rpc:10.1.1.0:35177|priority:0, eb925032-2c23-4938-b2a7-edb9189c0df9|rpc:10.1.1.0:44933|priority:0, 2c3d1cb2-60a6-41ea-8ac9-22673eb6bb0a|rpc:10.1.1.0:34551|priority:1], old=null
2022-09-08 01:54:52,641 [grpc-default-executor-2] INFO  server.RaftServer$Division (RaftServerImpl.java:requestVote(1152)) - 2c3d1cb2-60a6-41ea-8ac9-22673eb6bb0a@group-746216AC3183: receive requestVote(ELECTION, e9c9b112-6330-4444-b5c6-8395fb60ec45, group-746216AC3183, 2, (t:0, i:0))
2022-09-08 01:54:52,642 [grpc-default-executor-2] INFO  impl.VoteContext (VoteContext.java:log(48)) - 2c3d1cb2-60a6-41ea-8ac9-22673eb6bb0a@group-746216AC3183-FOLLOWER: reject ELECTION from e9c9b112-6330-4444-b5c6-8395fb60ec45: our priority 1 > candidate's priority 0
2022-09-08 01:54:52,642 [grpc-default-executor-2] INFO  server.RaftServer$Division (RaftServerImpl.java:setRole(299)) - 2c3d1cb2-60a6-41ea-8ac9-22673eb6bb0a@group-746216AC3183: changes role from  FOLLOWER to FOLLOWER at term 2 for candidate:e9c9b112-6330-4444-b5c6-8395fb60ec45
2022-09-08 01:54:52,642 [grpc-default-executor-2] INFO  impl.RoleInfo (RoleInfo.java:shutdownFollowerState(110)) - 2c3d1cb2-60a6-41ea-8ac9-22673eb6bb0a: shutdown 2c3d1cb2-60a6-41ea-8ac9-22673eb6bb0a@group-746216AC3183-FollowerState
2022-09-08 01:54:52,642 [grpc-default-executor-2] INFO  impl.RoleInfo (RoleInfo.java:updateAndGet(139)) - 2c3d1cb2-60a6-41ea-8ac9-22673eb6bb0a: start 2c3d1cb2-60a6-41ea-8ac9-22673eb6bb0a@group-746216AC3183-FollowerState
2022-09-08 01:54:52,642 [2c3d1cb2-60a6-41ea-8ac9-22673eb6bb0a@group-746216AC3183-FollowerState] INFO  impl.FollowerState (FollowerState.java:run(152)) - 2c3d1cb2-60a6-41ea-8ac9-22673eb6bb0a@group-746216AC3183-FollowerState was interrupted
2022-09-08 01:54:52,648 [grpc-default-executor-2] INFO  server.RaftServer$Division (RaftServerImpl.java:requestVote(1184)) - 2c3d1cb2-60a6-41ea-8ac9-22673eb6bb0a@group-746216AC3183 replies to ELECTION vote request: e9c9b112-6330-4444-b5c6-8395fb60ec45<-2c3d1cb2-60a6-41ea-8ac9-22673eb6bb0a#0:FAIL-t2. Peer's state: 2c3d1cb2-60a6-41ea-8ac9-22673eb6bb0a@group-746216AC3183:t2, leader=null, voted=null, raftlog=2c3d1cb2-60a6-41ea-8ac9-22673eb6bb0a@group-746216AC3183-SegmentedRaftLog:OPENED:c-1, conf=-1: [e9c9b112-6330-4444-b5c6-8395fb60ec45|rpc:10.1.1.0:35177|dataStream:|priority:0, eb925032-2c23-4938-b2a7-edb9189c0df9|rpc:10.1.1.0:44933|dataStream:|priority:0, 2c3d1cb2-60a6-41ea-8ac9-22673eb6bb0a|rpc:10.1.1.0:34551|dataStream:|priority:1], old=null
2022-09-08 01:54:52,682 [e9c9b112-6330-4444-b5c6-8395fb60ec45@group-746216AC3183-LeaderElection69] INFO  impl.LeaderElection (LeaderElection.java:logAndReturn(90)) - e9c9b112-6330-4444-b5c6-8395fb60ec45@group-746216AC3183-LeaderElection69: ELECTION REJECTED received 2 response(s) and 0 exception(s):
2022-09-08 01:54:52,682 [e9c9b112-6330-4444-b5c6-8395fb60ec45@group-746216AC3183-LeaderElection69] INFO  impl.LeaderElection (LeaderElection.java:logAndReturn(94)) -   Response 0: e9c9b112-6330-4444-b5c6-8395fb60ec45<-eb925032-2c23-4938-b2a7-edb9189c0df9#0:OK-t2
2022-09-08 01:54:52,682 [e9c9b112-6330-4444-b5c6-8395fb60ec45@group-746216AC3183-LeaderElection69] INFO  impl.LeaderElection (LeaderElection.java:logAndReturn(94)) -   Response 1: e9c9b112-6330-4444-b5c6-8395fb60ec45<-2c3d1cb2-60a6-41ea-8ac9-22673eb6bb0a#0:FAIL-t2
2022-09-08 01:54:52,682 [e9c9b112-6330-4444-b5c6-8395fb60ec45@group-746216AC3183-LeaderElection69] INFO  impl.LeaderElection (LeaderElection.java:askForVotes(312)) - e9c9b112-6330-4444-b5c6-8395fb60ec45@group-746216AC3183-LeaderElection69 ELECTION round 0: result REJECTED
2022-09-08 01:54:52,683 [e9c9b112-6330-4444-b5c6-8395fb60ec45@group-746216AC3183-LeaderElection69] INFO  server.RaftServer$Division (RaftServerImpl.java:setRole(299)) - e9c9b112-6330-4444-b5c6-8395fb60ec45@group-746216AC3183: changes role from CANDIDATE to FOLLOWER at term 2 for REJECTED
2022-09-08 01:54:52,683 [e9c9b112-6330-4444-b5c6-8395fb60ec45@group-746216AC3183-LeaderElection69] INFO  impl.RoleInfo (RoleInfo.java:shutdownLeaderElection(130)) - e9c9b112-6330-4444-b5c6-8395fb60ec45: shutdown e9c9b112-6330-4444-b5c6-8395fb60ec45@group-746216AC3183-LeaderElection69
2022-09-08 01:54:52,683 [e9c9b112-6330-4444-b5c6-8395fb60ec45@group-746216AC3183-LeaderElection69] INFO  impl.RoleInfo (RoleInfo.java:updateAndGet(139)) - e9c9b112-6330-4444-b5c6-8395fb60ec45: start e9c9b112-6330-4444-b5c6-8395fb60ec45@group-746216AC3183-FollowerState
2022-09-08 01:54:52,692 [Listener at 127.0.0.1/36097] INFO  ozone.MiniOzoneClusterImpl (MiniOzoneClusterImpl.java:lambda$waitForClusterToBeReady$0(216)) - Nodes are ready. Got 3 of 3 DN Heartbeats.
2022-09-08 01:54:52,692 [Listener at 127.0.0.1/36097] INFO  ozone.MiniOzoneClusterImpl (MiniOzoneClusterImpl.java:lambda$waitForClusterToBeReady$0(219)) - Cluster exits safe mode
2022-09-08 01:54:52,692 [Listener at 127.0.0.1/36097] INFO  ozone.MiniOzoneClusterImpl (MiniOzoneClusterImpl.java:lambda$waitForClusterToBeReady$0(221)) - SCM became leader
]]></system-out>
    </rerunFailure>
  </testcase>
  <testcase name="testLeaderIdUsedOnFirstCall" classname="org.apache.hadoop.hdds.scm.TestRatisPipelineLeader" time="0.001">
    <failure type="java.lang.AssertionError"><![CDATA[java.lang.AssertionError
	at org.junit.Assert.fail(Assert.java:87)
	at org.junit.Assert.assertTrue(Assert.java:42)
	at org.junit.Assert.assertTrue(Assert.java:53)
	at org.apache.hadoop.hdds.scm.TestRatisPipelineLeader.testLeaderIdUsedOnFirstCall(TestRatisPipelineLeader.java:85)
	at sun.reflect.NativeMethodAccessorImpl.invoke0(Native Method)
	at sun.reflect.NativeMethodAccessorImpl.invoke(NativeMethodAccessorImpl.java:62)
	at sun.reflect.DelegatingMethodAccessorImpl.invoke(DelegatingMethodAccessorImpl.java:43)
	at java.lang.reflect.Method.invoke(Method.java:498)
	at org.junit.platform.commons.util.ReflectionUtils.invokeMethod(ReflectionUtils.java:725)
	at org.junit.jupiter.engine.execution.MethodInvocation.proceed(MethodInvocation.java:60)
	at org.junit.jupiter.engine.execution.InvocationInterceptorChain$ValidatingInvocation.proceed(InvocationInterceptorChain.java:131)
	at org.junit.jupiter.engine.extension.TimeoutInvocation.proceed(TimeoutInvocation.java:46)
	at org.junit.jupiter.engine.extension.TimeoutExtension.intercept(TimeoutExtension.java:149)
	at org.junit.jupiter.engine.extension.TimeoutExtension.interceptTestableMethod(TimeoutExtension.java:140)
	at org.junit.jupiter.engine.extension.TimeoutExtension.interceptTestMethod(TimeoutExtension.java:84)
	at org.junit.jupiter.engine.execution.ExecutableInvoker$ReflectiveInterceptorCall.lambda$ofVoidMethod$0(ExecutableInvoker.java:115)
	at org.junit.jupiter.engine.execution.ExecutableInvoker.lambda$invoke$0(ExecutableInvoker.java:105)
	at org.junit.jupiter.engine.execution.InvocationInterceptorChain$InterceptedInvocation.proceed(InvocationInterceptorChain.java:106)
	at org.junit.jupiter.engine.execution.InvocationInterceptorChain.proceed(InvocationInterceptorChain.java:64)
	at org.junit.jupiter.engine.execution.InvocationInterceptorChain.chainAndInvoke(InvocationInterceptorChain.java:45)
	at org.junit.jupiter.engine.execution.InvocationInterceptorChain.invoke(InvocationInterceptorChain.java:37)
	at org.junit.jupiter.engine.execution.ExecutableInvoker.invoke(ExecutableInvoker.java:104)
	at org.junit.jupiter.engine.execution.ExecutableInvoker.invoke(ExecutableInvoker.java:98)
	at org.junit.jupiter.engine.descriptor.TestMethodTestDescriptor.lambda$invokeTestMethod$7(TestMethodTestDescriptor.java:214)
	at org.junit.platform.engine.support.hierarchical.ThrowableCollector.execute(ThrowableCollector.java:73)
	at org.junit.jupiter.engine.descriptor.TestMethodTestDescriptor.invokeTestMethod(TestMethodTestDescriptor.java:210)
	at org.junit.jupiter.engine.descriptor.TestMethodTestDescriptor.execute(TestMethodTestDescriptor.java:135)
	at org.junit.jupiter.engine.descriptor.TestMethodTestDescriptor.execute(TestMethodTestDescriptor.java:66)
	at org.junit.platform.engine.support.hierarchical.NodeTestTask.lambda$executeRecursively$6(NodeTestTask.java:151)
	at org.junit.platform.engine.support.hierarchical.ThrowableCollector.execute(ThrowableCollector.java:73)
	at org.junit.platform.engine.support.hierarchical.NodeTestTask.lambda$executeRecursively$8(NodeTestTask.java:141)
	at org.junit.platform.engine.support.hierarchical.Node.around(Node.java:137)
	at org.junit.platform.engine.support.hierarchical.NodeTestTask.lambda$executeRecursively$9(NodeTestTask.java:139)
	at org.junit.platform.engine.support.hierarchical.ThrowableCollector.execute(ThrowableCollector.java:73)
	at org.junit.platform.engine.support.hierarchical.NodeTestTask.executeRecursively(NodeTestTask.java:138)
	at org.junit.platform.engine.support.hierarchical.NodeTestTask.execute(NodeTestTask.java:95)
	at java.util.ArrayList.forEach(ArrayList.java:1259)
	at org.junit.platform.engine.support.hierarchical.SameThreadHierarchicalTestExecutorService.invokeAll(SameThreadHierarchicalTestExecutorService.java:41)
	at org.junit.platform.engine.support.hierarchical.NodeTestTask.lambda$executeRecursively$6(NodeTestTask.java:155)
	at org.junit.platform.engine.support.hierarchical.ThrowableCollector.execute(ThrowableCollector.java:73)
	at org.junit.platform.engine.support.hierarchical.NodeTestTask.lambda$executeRecursively$8(NodeTestTask.java:141)
	at org.junit.platform.engine.support.hierarchical.Node.around(Node.java:137)
	at org.junit.platform.engine.support.hierarchical.NodeTestTask.lambda$executeRecursively$9(NodeTestTask.java:139)
	at org.junit.platform.engine.support.hierarchical.ThrowableCollector.execute(ThrowableCollector.java:73)
	at org.junit.platform.engine.support.hierarchical.NodeTestTask.executeRecursively(NodeTestTask.java:138)
	at org.junit.platform.engine.support.hierarchical.NodeTestTask.execute(NodeTestTask.java:95)
	at java.util.ArrayList.forEach(ArrayList.java:1259)
	at org.junit.platform.engine.support.hierarchical.SameThreadHierarchicalTestExecutorService.invokeAll(SameThreadHierarchicalTestExecutorService.java:41)
	at org.junit.platform.engine.support.hierarchical.NodeTestTask.lambda$executeRecursively$6(NodeTestTask.java:155)
	at org.junit.platform.engine.support.hierarchical.ThrowableCollector.execute(ThrowableCollector.java:73)
	at org.junit.platform.engine.support.hierarchical.NodeTestTask.lambda$executeRecursively$8(NodeTestTask.java:141)
	at org.junit.platform.engine.support.hierarchical.Node.around(Node.java:137)
	at org.junit.platform.engine.support.hierarchical.NodeTestTask.lambda$executeRecursively$9(NodeTestTask.java:139)
	at org.junit.platform.engine.support.hierarchical.ThrowableCollector.execute(ThrowableCollector.java:73)
	at org.junit.platform.engine.support.hierarchical.NodeTestTask.executeRecursively(NodeTestTask.java:138)
	at org.junit.platform.engine.support.hierarchical.NodeTestTask.execute(NodeTestTask.java:95)
	at org.junit.platform.engine.support.hierarchical.SameThreadHierarchicalTestExecutorService.submit(SameThreadHierarchicalTestExecutorService.java:35)
	at org.junit.platform.engine.support.hierarchical.HierarchicalTestExecutor.execute(HierarchicalTestExecutor.java:57)
	at org.junit.platform.engine.support.hierarchical.HierarchicalTestEngine.execute(HierarchicalTestEngine.java:54)
	at org.junit.platform.launcher.core.EngineExecutionOrchestrator.execute(EngineExecutionOrchestrator.java:107)
	at org.junit.platform.launcher.core.EngineExecutionOrchestrator.execute(EngineExecutionOrchestrator.java:88)
	at org.junit.platform.launcher.core.EngineExecutionOrchestrator.lambda$execute$0(EngineExecutionOrchestrator.java:54)
	at org.junit.platform.launcher.core.EngineExecutionOrchestrator.withInterceptedStreams(EngineExecutionOrchestrator.java:67)
	at org.junit.platform.launcher.core.EngineExecutionOrchestrator.execute(EngineExecutionOrchestrator.java:52)
	at org.junit.platform.launcher.core.DefaultLauncher.execute(DefaultLauncher.java:114)
	at org.junit.platform.launcher.core.DefaultLauncher.execute(DefaultLauncher.java:86)
	at org.junit.platform.launcher.core.DefaultLauncherSession$DelegatingLauncher.execute(DefaultLauncherSession.java:86)
	at org.junit.platform.launcher.core.SessionPerRequestLauncher.execute(SessionPerRequestLauncher.java:53)
	at org.apache.maven.surefire.junitplatform.JUnitPlatformProvider.execute(JUnitPlatformProvider.java:188)
	at org.apache.maven.surefire.junitplatform.JUnitPlatformProvider.invokeAllTests(JUnitPlatformProvider.java:154)
	at org.apache.maven.surefire.junitplatform.JUnitPlatformProvider.invoke(JUnitPlatformProvider.java:124)
	at org.apache.maven.surefire.booter.ForkedBooter.runSuitesInProcess(ForkedBooter.java:428)
	at org.apache.maven.surefire.booter.ForkedBooter.execute(ForkedBooter.java:162)
	at org.apache.maven.surefire.booter.ForkedBooter.run(ForkedBooter.java:562)
	at org.apache.maven.surefire.booter.ForkedBooter.main(ForkedBooter.java:548)
]]></failure>
    <rerunFailure type="java.lang.AssertionError">
      <stackTrace><![CDATA[java.lang.AssertionError
	at org.junit.Assert.fail(Assert.java:87)
	at org.junit.Assert.assertTrue(Assert.java:42)
	at org.junit.Assert.assertTrue(Assert.java:53)
	at org.apache.hadoop.hdds.scm.TestRatisPipelineLeader.testLeaderIdUsedOnFirstCall(TestRatisPipelineLeader.java:85)
	at sun.reflect.NativeMethodAccessorImpl.invoke0(Native Method)
	at sun.reflect.NativeMethodAccessorImpl.invoke(NativeMethodAccessorImpl.java:62)
	at sun.reflect.DelegatingMethodAccessorImpl.invoke(DelegatingMethodAccessorImpl.java:43)
	at java.lang.reflect.Method.invoke(Method.java:498)
	at org.junit.platform.commons.util.ReflectionUtils.invokeMethod(ReflectionUtils.java:725)
	at org.junit.jupiter.engine.execution.MethodInvocation.proceed(MethodInvocation.java:60)
	at org.junit.jupiter.engine.execution.InvocationInterceptorChain$ValidatingInvocation.proceed(InvocationInterceptorChain.java:131)
	at org.junit.jupiter.engine.extension.TimeoutInvocation.proceed(TimeoutInvocation.java:46)
	at org.junit.jupiter.engine.extension.TimeoutExtension.intercept(TimeoutExtension.java:149)
	at org.junit.jupiter.engine.extension.TimeoutExtension.interceptTestableMethod(TimeoutExtension.java:140)
	at org.junit.jupiter.engine.extension.TimeoutExtension.interceptTestMethod(TimeoutExtension.java:84)
	at org.junit.jupiter.engine.execution.ExecutableInvoker$ReflectiveInterceptorCall.lambda$ofVoidMethod$0(ExecutableInvoker.java:115)
	at org.junit.jupiter.engine.execution.ExecutableInvoker.lambda$invoke$0(ExecutableInvoker.java:105)
	at org.junit.jupiter.engine.execution.InvocationInterceptorChain$InterceptedInvocation.proceed(InvocationInterceptorChain.java:106)
	at org.junit.jupiter.engine.execution.InvocationInterceptorChain.proceed(InvocationInterceptorChain.java:64)
	at org.junit.jupiter.engine.execution.InvocationInterceptorChain.chainAndInvoke(InvocationInterceptorChain.java:45)
	at org.junit.jupiter.engine.execution.InvocationInterceptorChain.invoke(InvocationInterceptorChain.java:37)
	at org.junit.jupiter.engine.execution.ExecutableInvoker.invoke(ExecutableInvoker.java:104)
	at org.junit.jupiter.engine.execution.ExecutableInvoker.invoke(ExecutableInvoker.java:98)
	at org.junit.jupiter.engine.descriptor.TestMethodTestDescriptor.lambda$invokeTestMethod$7(TestMethodTestDescriptor.java:214)
	at org.junit.platform.engine.support.hierarchical.ThrowableCollector.execute(ThrowableCollector.java:73)
	at org.junit.jupiter.engine.descriptor.TestMethodTestDescriptor.invokeTestMethod(TestMethodTestDescriptor.java:210)
	at org.junit.jupiter.engine.descriptor.TestMethodTestDescriptor.execute(TestMethodTestDescriptor.java:135)
	at org.junit.jupiter.engine.descriptor.TestMethodTestDescriptor.execute(TestMethodTestDescriptor.java:66)
	at org.junit.platform.engine.support.hierarchical.NodeTestTask.lambda$executeRecursively$6(NodeTestTask.java:151)
	at org.junit.platform.engine.support.hierarchical.ThrowableCollector.execute(ThrowableCollector.java:73)
	at org.junit.platform.engine.support.hierarchical.NodeTestTask.lambda$executeRecursively$8(NodeTestTask.java:141)
	at org.junit.platform.engine.support.hierarchical.Node.around(Node.java:137)
	at org.junit.platform.engine.support.hierarchical.NodeTestTask.lambda$executeRecursively$9(NodeTestTask.java:139)
	at org.junit.platform.engine.support.hierarchical.ThrowableCollector.execute(ThrowableCollector.java:73)
	at org.junit.platform.engine.support.hierarchical.NodeTestTask.executeRecursively(NodeTestTask.java:138)
	at org.junit.platform.engine.support.hierarchical.NodeTestTask.execute(NodeTestTask.java:95)
	at java.util.ArrayList.forEach(ArrayList.java:1259)
	at org.junit.platform.engine.support.hierarchical.SameThreadHierarchicalTestExecutorService.invokeAll(SameThreadHierarchicalTestExecutorService.java:41)
	at org.junit.platform.engine.support.hierarchical.NodeTestTask.lambda$executeRecursively$6(NodeTestTask.java:155)
	at org.junit.platform.engine.support.hierarchical.ThrowableCollector.execute(ThrowableCollector.java:73)
	at org.junit.platform.engine.support.hierarchical.NodeTestTask.lambda$executeRecursively$8(NodeTestTask.java:141)
	at org.junit.platform.engine.support.hierarchical.Node.around(Node.java:137)
	at org.junit.platform.engine.support.hierarchical.NodeTestTask.lambda$executeRecursively$9(NodeTestTask.java:139)
	at org.junit.platform.engine.support.hierarchical.ThrowableCollector.execute(ThrowableCollector.java:73)
	at org.junit.platform.engine.support.hierarchical.NodeTestTask.executeRecursively(NodeTestTask.java:138)
	at org.junit.platform.engine.support.hierarchical.NodeTestTask.execute(NodeTestTask.java:95)
	at java.util.ArrayList.forEach(ArrayList.java:1259)
	at org.junit.platform.engine.support.hierarchical.SameThreadHierarchicalTestExecutorService.invokeAll(SameThreadHierarchicalTestExecutorService.java:41)
	at org.junit.platform.engine.support.hierarchical.NodeTestTask.lambda$executeRecursively$6(NodeTestTask.java:155)
	at org.junit.platform.engine.support.hierarchical.ThrowableCollector.execute(ThrowableCollector.java:73)
	at org.junit.platform.engine.support.hierarchical.NodeTestTask.lambda$executeRecursively$8(NodeTestTask.java:141)
	at org.junit.platform.engine.support.hierarchical.Node.around(Node.java:137)
	at org.junit.platform.engine.support.hierarchical.NodeTestTask.lambda$executeRecursively$9(NodeTestTask.java:139)
	at org.junit.platform.engine.support.hierarchical.ThrowableCollector.execute(ThrowableCollector.java:73)
	at org.junit.platform.engine.support.hierarchical.NodeTestTask.executeRecursively(NodeTestTask.java:138)
	at org.junit.platform.engine.support.hierarchical.NodeTestTask.execute(NodeTestTask.java:95)
	at org.junit.platform.engine.support.hierarchical.SameThreadHierarchicalTestExecutorService.submit(SameThreadHierarchicalTestExecutorService.java:35)
	at org.junit.platform.engine.support.hierarchical.HierarchicalTestExecutor.execute(HierarchicalTestExecutor.java:57)
	at org.junit.platform.engine.support.hierarchical.HierarchicalTestEngine.execute(HierarchicalTestEngine.java:54)
	at org.junit.platform.launcher.core.EngineExecutionOrchestrator.execute(EngineExecutionOrchestrator.java:107)
	at org.junit.platform.launcher.core.EngineExecutionOrchestrator.execute(EngineExecutionOrchestrator.java:88)
	at org.junit.platform.launcher.core.EngineExecutionOrchestrator.lambda$execute$0(EngineExecutionOrchestrator.java:54)
	at org.junit.platform.launcher.core.EngineExecutionOrchestrator.withInterceptedStreams(EngineExecutionOrchestrator.java:67)
	at org.junit.platform.launcher.core.EngineExecutionOrchestrator.execute(EngineExecutionOrchestrator.java:52)
	at org.junit.platform.launcher.core.DefaultLauncher.execute(DefaultLauncher.java:114)
	at org.junit.platform.launcher.core.DefaultLauncher.execute(DefaultLauncher.java:86)
	at org.junit.platform.launcher.core.DefaultLauncherSession$DelegatingLauncher.execute(DefaultLauncherSession.java:86)
	at org.junit.platform.launcher.core.SessionPerRequestLauncher.execute(SessionPerRequestLauncher.java:53)
	at org.apache.maven.surefire.junitplatform.JUnitPlatformProvider.invokeAllTests(JUnitPlatformProvider.java:165)
	at org.apache.maven.surefire.junitplatform.JUnitPlatformProvider.invoke(JUnitPlatformProvider.java:124)
	at org.apache.maven.surefire.booter.ForkedBooter.runSuitesInProcess(ForkedBooter.java:428)
	at org.apache.maven.surefire.booter.ForkedBooter.execute(ForkedBooter.java:162)
	at org.apache.maven.surefire.booter.ForkedBooter.run(ForkedBooter.java:562)
	at org.apache.maven.surefire.booter.ForkedBooter.main(ForkedBooter.java:548)
]]></stackTrace>
    </rerunFailure>
    <rerunFailure type="java.lang.AssertionError">
      <stackTrace><![CDATA[java.lang.AssertionError
	at org.junit.Assert.fail(Assert.java:87)
	at org.junit.Assert.assertTrue(Assert.java:42)
	at org.junit.Assert.assertTrue(Assert.java:53)
	at org.apache.hadoop.hdds.scm.TestRatisPipelineLeader.testLeaderIdUsedOnFirstCall(TestRatisPipelineLeader.java:85)
	at sun.reflect.NativeMethodAccessorImpl.invoke0(Native Method)
	at sun.reflect.NativeMethodAccessorImpl.invoke(NativeMethodAccessorImpl.java:62)
	at sun.reflect.DelegatingMethodAccessorImpl.invoke(DelegatingMethodAccessorImpl.java:43)
	at java.lang.reflect.Method.invoke(Method.java:498)
	at org.junit.platform.commons.util.ReflectionUtils.invokeMethod(ReflectionUtils.java:725)
	at org.junit.jupiter.engine.execution.MethodInvocation.proceed(MethodInvocation.java:60)
	at org.junit.jupiter.engine.execution.InvocationInterceptorChain$ValidatingInvocation.proceed(InvocationInterceptorChain.java:131)
	at org.junit.jupiter.engine.extension.TimeoutInvocation.proceed(TimeoutInvocation.java:46)
	at org.junit.jupiter.engine.extension.TimeoutExtension.intercept(TimeoutExtension.java:149)
	at org.junit.jupiter.engine.extension.TimeoutExtension.interceptTestableMethod(TimeoutExtension.java:140)
	at org.junit.jupiter.engine.extension.TimeoutExtension.interceptTestMethod(TimeoutExtension.java:84)
	at org.junit.jupiter.engine.execution.ExecutableInvoker$ReflectiveInterceptorCall.lambda$ofVoidMethod$0(ExecutableInvoker.java:115)
	at org.junit.jupiter.engine.execution.ExecutableInvoker.lambda$invoke$0(ExecutableInvoker.java:105)
	at org.junit.jupiter.engine.execution.InvocationInterceptorChain$InterceptedInvocation.proceed(InvocationInterceptorChain.java:106)
	at org.junit.jupiter.engine.execution.InvocationInterceptorChain.proceed(InvocationInterceptorChain.java:64)
	at org.junit.jupiter.engine.execution.InvocationInterceptorChain.chainAndInvoke(InvocationInterceptorChain.java:45)
	at org.junit.jupiter.engine.execution.InvocationInterceptorChain.invoke(InvocationInterceptorChain.java:37)
	at org.junit.jupiter.engine.execution.ExecutableInvoker.invoke(ExecutableInvoker.java:104)
	at org.junit.jupiter.engine.execution.ExecutableInvoker.invoke(ExecutableInvoker.java:98)
	at org.junit.jupiter.engine.descriptor.TestMethodTestDescriptor.lambda$invokeTestMethod$7(TestMethodTestDescriptor.java:214)
	at org.junit.platform.engine.support.hierarchical.ThrowableCollector.execute(ThrowableCollector.java:73)
	at org.junit.jupiter.engine.descriptor.TestMethodTestDescriptor.invokeTestMethod(TestMethodTestDescriptor.java:210)
	at org.junit.jupiter.engine.descriptor.TestMethodTestDescriptor.execute(TestMethodTestDescriptor.java:135)
	at org.junit.jupiter.engine.descriptor.TestMethodTestDescriptor.execute(TestMethodTestDescriptor.java:66)
	at org.junit.platform.engine.support.hierarchical.NodeTestTask.lambda$executeRecursively$6(NodeTestTask.java:151)
	at org.junit.platform.engine.support.hierarchical.ThrowableCollector.execute(ThrowableCollector.java:73)
	at org.junit.platform.engine.support.hierarchical.NodeTestTask.lambda$executeRecursively$8(NodeTestTask.java:141)
	at org.junit.platform.engine.support.hierarchical.Node.around(Node.java:137)
	at org.junit.platform.engine.support.hierarchical.NodeTestTask.lambda$executeRecursively$9(NodeTestTask.java:139)
	at org.junit.platform.engine.support.hierarchical.ThrowableCollector.execute(ThrowableCollector.java:73)
	at org.junit.platform.engine.support.hierarchical.NodeTestTask.executeRecursively(NodeTestTask.java:138)
	at org.junit.platform.engine.support.hierarchical.NodeTestTask.execute(NodeTestTask.java:95)
	at java.util.ArrayList.forEach(ArrayList.java:1259)
	at org.junit.platform.engine.support.hierarchical.SameThreadHierarchicalTestExecutorService.invokeAll(SameThreadHierarchicalTestExecutorService.java:41)
	at org.junit.platform.engine.support.hierarchical.NodeTestTask.lambda$executeRecursively$6(NodeTestTask.java:155)
	at org.junit.platform.engine.support.hierarchical.ThrowableCollector.execute(ThrowableCollector.java:73)
	at org.junit.platform.engine.support.hierarchical.NodeTestTask.lambda$executeRecursively$8(NodeTestTask.java:141)
	at org.junit.platform.engine.support.hierarchical.Node.around(Node.java:137)
	at org.junit.platform.engine.support.hierarchical.NodeTestTask.lambda$executeRecursively$9(NodeTestTask.java:139)
	at org.junit.platform.engine.support.hierarchical.ThrowableCollector.execute(ThrowableCollector.java:73)
	at org.junit.platform.engine.support.hierarchical.NodeTestTask.executeRecursively(NodeTestTask.java:138)
	at org.junit.platform.engine.support.hierarchical.NodeTestTask.execute(NodeTestTask.java:95)
	at java.util.ArrayList.forEach(ArrayList.java:1259)
	at org.junit.platform.engine.support.hierarchical.SameThreadHierarchicalTestExecutorService.invokeAll(SameThreadHierarchicalTestExecutorService.java:41)
	at org.junit.platform.engine.support.hierarchical.NodeTestTask.lambda$executeRecursively$6(NodeTestTask.java:155)
	at org.junit.platform.engine.support.hierarchical.ThrowableCollector.execute(ThrowableCollector.java:73)
	at org.junit.platform.engine.support.hierarchical.NodeTestTask.lambda$executeRecursively$8(NodeTestTask.java:141)
	at org.junit.platform.engine.support.hierarchical.Node.around(Node.java:137)
	at org.junit.platform.engine.support.hierarchical.NodeTestTask.lambda$executeRecursively$9(NodeTestTask.java:139)
	at org.junit.platform.engine.support.hierarchical.ThrowableCollector.execute(ThrowableCollector.java:73)
	at org.junit.platform.engine.support.hierarchical.NodeTestTask.executeRecursively(NodeTestTask.java:138)
	at org.junit.platform.engine.support.hierarchical.NodeTestTask.execute(NodeTestTask.java:95)
	at org.junit.platform.engine.support.hierarchical.SameThreadHierarchicalTestExecutorService.submit(SameThreadHierarchicalTestExecutorService.java:35)
	at org.junit.platform.engine.support.hierarchical.HierarchicalTestExecutor.execute(HierarchicalTestExecutor.java:57)
	at org.junit.platform.engine.support.hierarchical.HierarchicalTestEngine.execute(HierarchicalTestEngine.java:54)
	at org.junit.platform.launcher.core.EngineExecutionOrchestrator.execute(EngineExecutionOrchestrator.java:107)
	at org.junit.platform.launcher.core.EngineExecutionOrchestrator.execute(EngineExecutionOrchestrator.java:88)
	at org.junit.platform.launcher.core.EngineExecutionOrchestrator.lambda$execute$0(EngineExecutionOrchestrator.java:54)
	at org.junit.platform.launcher.core.EngineExecutionOrchestrator.withInterceptedStreams(EngineExecutionOrchestrator.java:67)
	at org.junit.platform.launcher.core.EngineExecutionOrchestrator.execute(EngineExecutionOrchestrator.java:52)
	at org.junit.platform.launcher.core.DefaultLauncher.execute(DefaultLauncher.java:114)
	at org.junit.platform.launcher.core.DefaultLauncher.execute(DefaultLauncher.java:86)
	at org.junit.platform.launcher.core.DefaultLauncherSession$DelegatingLauncher.execute(DefaultLauncherSession.java:86)
	at org.junit.platform.launcher.core.SessionPerRequestLauncher.execute(SessionPerRequestLauncher.java:53)
	at org.apache.maven.surefire.junitplatform.JUnitPlatformProvider.invokeAllTests(JUnitPlatformProvider.java:165)
	at org.apache.maven.surefire.junitplatform.JUnitPlatformProvider.invoke(JUnitPlatformProvider.java:124)
	at org.apache.maven.surefire.booter.ForkedBooter.runSuitesInProcess(ForkedBooter.java:428)
	at org.apache.maven.surefire.booter.ForkedBooter.execute(ForkedBooter.java:162)
	at org.apache.maven.surefire.booter.ForkedBooter.run(ForkedBooter.java:562)
	at org.apache.maven.surefire.booter.ForkedBooter.main(ForkedBooter.java:548)
]]></stackTrace>
    </rerunFailure>
    <rerunFailure type="java.lang.AssertionError">
      <stackTrace><![CDATA[java.lang.AssertionError
	at org.junit.Assert.fail(Assert.java:87)
	at org.junit.Assert.assertTrue(Assert.java:42)
	at org.junit.Assert.assertTrue(Assert.java:53)
	at org.apache.hadoop.hdds.scm.TestRatisPipelineLeader.testLeaderIdUsedOnFirstCall(TestRatisPipelineLeader.java:85)
	at sun.reflect.NativeMethodAccessorImpl.invoke0(Native Method)
	at sun.reflect.NativeMethodAccessorImpl.invoke(NativeMethodAccessorImpl.java:62)
	at sun.reflect.DelegatingMethodAccessorImpl.invoke(DelegatingMethodAccessorImpl.java:43)
	at java.lang.reflect.Method.invoke(Method.java:498)
	at org.junit.platform.commons.util.ReflectionUtils.invokeMethod(ReflectionUtils.java:725)
	at org.junit.jupiter.engine.execution.MethodInvocation.proceed(MethodInvocation.java:60)
	at org.junit.jupiter.engine.execution.InvocationInterceptorChain$ValidatingInvocation.proceed(InvocationInterceptorChain.java:131)
	at org.junit.jupiter.engine.extension.TimeoutInvocation.proceed(TimeoutInvocation.java:46)
	at org.junit.jupiter.engine.extension.TimeoutExtension.intercept(TimeoutExtension.java:149)
	at org.junit.jupiter.engine.extension.TimeoutExtension.interceptTestableMethod(TimeoutExtension.java:140)
	at org.junit.jupiter.engine.extension.TimeoutExtension.interceptTestMethod(TimeoutExtension.java:84)
	at org.junit.jupiter.engine.execution.ExecutableInvoker$ReflectiveInterceptorCall.lambda$ofVoidMethod$0(ExecutableInvoker.java:115)
	at org.junit.jupiter.engine.execution.ExecutableInvoker.lambda$invoke$0(ExecutableInvoker.java:105)
	at org.junit.jupiter.engine.execution.InvocationInterceptorChain$InterceptedInvocation.proceed(InvocationInterceptorChain.java:106)
	at org.junit.jupiter.engine.execution.InvocationInterceptorChain.proceed(InvocationInterceptorChain.java:64)
	at org.junit.jupiter.engine.execution.InvocationInterceptorChain.chainAndInvoke(InvocationInterceptorChain.java:45)
	at org.junit.jupiter.engine.execution.InvocationInterceptorChain.invoke(InvocationInterceptorChain.java:37)
	at org.junit.jupiter.engine.execution.ExecutableInvoker.invoke(ExecutableInvoker.java:104)
	at org.junit.jupiter.engine.execution.ExecutableInvoker.invoke(ExecutableInvoker.java:98)
	at org.junit.jupiter.engine.descriptor.TestMethodTestDescriptor.lambda$invokeTestMethod$7(TestMethodTestDescriptor.java:214)
	at org.junit.platform.engine.support.hierarchical.ThrowableCollector.execute(ThrowableCollector.java:73)
	at org.junit.jupiter.engine.descriptor.TestMethodTestDescriptor.invokeTestMethod(TestMethodTestDescriptor.java:210)
	at org.junit.jupiter.engine.descriptor.TestMethodTestDescriptor.execute(TestMethodTestDescriptor.java:135)
	at org.junit.jupiter.engine.descriptor.TestMethodTestDescriptor.execute(TestMethodTestDescriptor.java:66)
	at org.junit.platform.engine.support.hierarchical.NodeTestTask.lambda$executeRecursively$6(NodeTestTask.java:151)
	at org.junit.platform.engine.support.hierarchical.ThrowableCollector.execute(ThrowableCollector.java:73)
	at org.junit.platform.engine.support.hierarchical.NodeTestTask.lambda$executeRecursively$8(NodeTestTask.java:141)
	at org.junit.platform.engine.support.hierarchical.Node.around(Node.java:137)
	at org.junit.platform.engine.support.hierarchical.NodeTestTask.lambda$executeRecursively$9(NodeTestTask.java:139)
	at org.junit.platform.engine.support.hierarchical.ThrowableCollector.execute(ThrowableCollector.java:73)
	at org.junit.platform.engine.support.hierarchical.NodeTestTask.executeRecursively(NodeTestTask.java:138)
	at org.junit.platform.engine.support.hierarchical.NodeTestTask.execute(NodeTestTask.java:95)
	at java.util.ArrayList.forEach(ArrayList.java:1259)
	at org.junit.platform.engine.support.hierarchical.SameThreadHierarchicalTestExecutorService.invokeAll(SameThreadHierarchicalTestExecutorService.java:41)
	at org.junit.platform.engine.support.hierarchical.NodeTestTask.lambda$executeRecursively$6(NodeTestTask.java:155)
	at org.junit.platform.engine.support.hierarchical.ThrowableCollector.execute(ThrowableCollector.java:73)
	at org.junit.platform.engine.support.hierarchical.NodeTestTask.lambda$executeRecursively$8(NodeTestTask.java:141)
	at org.junit.platform.engine.support.hierarchical.Node.around(Node.java:137)
	at org.junit.platform.engine.support.hierarchical.NodeTestTask.lambda$executeRecursively$9(NodeTestTask.java:139)
	at org.junit.platform.engine.support.hierarchical.ThrowableCollector.execute(ThrowableCollector.java:73)
	at org.junit.platform.engine.support.hierarchical.NodeTestTask.executeRecursively(NodeTestTask.java:138)
	at org.junit.platform.engine.support.hierarchical.NodeTestTask.execute(NodeTestTask.java:95)
	at java.util.ArrayList.forEach(ArrayList.java:1259)
	at org.junit.platform.engine.support.hierarchical.SameThreadHierarchicalTestExecutorService.invokeAll(SameThreadHierarchicalTestExecutorService.java:41)
	at org.junit.platform.engine.support.hierarchical.NodeTestTask.lambda$executeRecursively$6(NodeTestTask.java:155)
	at org.junit.platform.engine.support.hierarchical.ThrowableCollector.execute(ThrowableCollector.java:73)
	at org.junit.platform.engine.support.hierarchical.NodeTestTask.lambda$executeRecursively$8(NodeTestTask.java:141)
	at org.junit.platform.engine.support.hierarchical.Node.around(Node.java:137)
	at org.junit.platform.engine.support.hierarchical.NodeTestTask.lambda$executeRecursively$9(NodeTestTask.java:139)
	at org.junit.platform.engine.support.hierarchical.ThrowableCollector.execute(ThrowableCollector.java:73)
	at org.junit.platform.engine.support.hierarchical.NodeTestTask.executeRecursively(NodeTestTask.java:138)
	at org.junit.platform.engine.support.hierarchical.NodeTestTask.execute(NodeTestTask.java:95)
	at org.junit.platform.engine.support.hierarchical.SameThreadHierarchicalTestExecutorService.submit(SameThreadHierarchicalTestExecutorService.java:35)
	at org.junit.platform.engine.support.hierarchical.HierarchicalTestExecutor.execute(HierarchicalTestExecutor.java:57)
	at org.junit.platform.engine.support.hierarchical.HierarchicalTestEngine.execute(HierarchicalTestEngine.java:54)
	at org.junit.platform.launcher.core.EngineExecutionOrchestrator.execute(EngineExecutionOrchestrator.java:107)
	at org.junit.platform.launcher.core.EngineExecutionOrchestrator.execute(EngineExecutionOrchestrator.java:88)
	at org.junit.platform.launcher.core.EngineExecutionOrchestrator.lambda$execute$0(EngineExecutionOrchestrator.java:54)
	at org.junit.platform.launcher.core.EngineExecutionOrchestrator.withInterceptedStreams(EngineExecutionOrchestrator.java:67)
	at org.junit.platform.launcher.core.EngineExecutionOrchestrator.execute(EngineExecutionOrchestrator.java:52)
	at org.junit.platform.launcher.core.DefaultLauncher.execute(DefaultLauncher.java:114)
	at org.junit.platform.launcher.core.DefaultLauncher.execute(DefaultLauncher.java:86)
	at org.junit.platform.launcher.core.DefaultLauncherSession$DelegatingLauncher.execute(DefaultLauncherSession.java:86)
	at org.junit.platform.launcher.core.SessionPerRequestLauncher.execute(SessionPerRequestLauncher.java:53)
	at org.apache.maven.surefire.junitplatform.JUnitPlatformProvider.invokeAllTests(JUnitPlatformProvider.java:165)
	at org.apache.maven.surefire.junitplatform.JUnitPlatformProvider.invoke(JUnitPlatformProvider.java:124)
	at org.apache.maven.surefire.booter.ForkedBooter.runSuitesInProcess(ForkedBooter.java:428)
	at org.apache.maven.surefire.booter.ForkedBooter.execute(ForkedBooter.java:162)
	at org.apache.maven.surefire.booter.ForkedBooter.run(ForkedBooter.java:562)
	at org.apache.maven.surefire.booter.ForkedBooter.main(ForkedBooter.java:548)
]]></stackTrace>
    </rerunFailure>
    <rerunFailure type="java.lang.AssertionError">
      <stackTrace><![CDATA[java.lang.AssertionError
	at org.junit.Assert.fail(Assert.java:87)
	at org.junit.Assert.assertTrue(Assert.java:42)
	at org.junit.Assert.assertTrue(Assert.java:53)
	at org.apache.hadoop.hdds.scm.TestRatisPipelineLeader.testLeaderIdUsedOnFirstCall(TestRatisPipelineLeader.java:85)
	at sun.reflect.NativeMethodAccessorImpl.invoke0(Native Method)
	at sun.reflect.NativeMethodAccessorImpl.invoke(NativeMethodAccessorImpl.java:62)
	at sun.reflect.DelegatingMethodAccessorImpl.invoke(DelegatingMethodAccessorImpl.java:43)
	at java.lang.reflect.Method.invoke(Method.java:498)
	at org.junit.platform.commons.util.ReflectionUtils.invokeMethod(ReflectionUtils.java:725)
	at org.junit.jupiter.engine.execution.MethodInvocation.proceed(MethodInvocation.java:60)
	at org.junit.jupiter.engine.execution.InvocationInterceptorChain$ValidatingInvocation.proceed(InvocationInterceptorChain.java:131)
	at org.junit.jupiter.engine.extension.TimeoutInvocation.proceed(TimeoutInvocation.java:46)
	at org.junit.jupiter.engine.extension.TimeoutExtension.intercept(TimeoutExtension.java:149)
	at org.junit.jupiter.engine.extension.TimeoutExtension.interceptTestableMethod(TimeoutExtension.java:140)
	at org.junit.jupiter.engine.extension.TimeoutExtension.interceptTestMethod(TimeoutExtension.java:84)
	at org.junit.jupiter.engine.execution.ExecutableInvoker$ReflectiveInterceptorCall.lambda$ofVoidMethod$0(ExecutableInvoker.java:115)
	at org.junit.jupiter.engine.execution.ExecutableInvoker.lambda$invoke$0(ExecutableInvoker.java:105)
	at org.junit.jupiter.engine.execution.InvocationInterceptorChain$InterceptedInvocation.proceed(InvocationInterceptorChain.java:106)
	at org.junit.jupiter.engine.execution.InvocationInterceptorChain.proceed(InvocationInterceptorChain.java:64)
	at org.junit.jupiter.engine.execution.InvocationInterceptorChain.chainAndInvoke(InvocationInterceptorChain.java:45)
	at org.junit.jupiter.engine.execution.InvocationInterceptorChain.invoke(InvocationInterceptorChain.java:37)
	at org.junit.jupiter.engine.execution.ExecutableInvoker.invoke(ExecutableInvoker.java:104)
	at org.junit.jupiter.engine.execution.ExecutableInvoker.invoke(ExecutableInvoker.java:98)
	at org.junit.jupiter.engine.descriptor.TestMethodTestDescriptor.lambda$invokeTestMethod$7(TestMethodTestDescriptor.java:214)
	at org.junit.platform.engine.support.hierarchical.ThrowableCollector.execute(ThrowableCollector.java:73)
	at org.junit.jupiter.engine.descriptor.TestMethodTestDescriptor.invokeTestMethod(TestMethodTestDescriptor.java:210)
	at org.junit.jupiter.engine.descriptor.TestMethodTestDescriptor.execute(TestMethodTestDescriptor.java:135)
	at org.junit.jupiter.engine.descriptor.TestMethodTestDescriptor.execute(TestMethodTestDescriptor.java:66)
	at org.junit.platform.engine.support.hierarchical.NodeTestTask.lambda$executeRecursively$6(NodeTestTask.java:151)
	at org.junit.platform.engine.support.hierarchical.ThrowableCollector.execute(ThrowableCollector.java:73)
	at org.junit.platform.engine.support.hierarchical.NodeTestTask.lambda$executeRecursively$8(NodeTestTask.java:141)
	at org.junit.platform.engine.support.hierarchical.Node.around(Node.java:137)
	at org.junit.platform.engine.support.hierarchical.NodeTestTask.lambda$executeRecursively$9(NodeTestTask.java:139)
	at org.junit.platform.engine.support.hierarchical.ThrowableCollector.execute(ThrowableCollector.java:73)
	at org.junit.platform.engine.support.hierarchical.NodeTestTask.executeRecursively(NodeTestTask.java:138)
	at org.junit.platform.engine.support.hierarchical.NodeTestTask.execute(NodeTestTask.java:95)
	at java.util.ArrayList.forEach(ArrayList.java:1259)
	at org.junit.platform.engine.support.hierarchical.SameThreadHierarchicalTestExecutorService.invokeAll(SameThreadHierarchicalTestExecutorService.java:41)
	at org.junit.platform.engine.support.hierarchical.NodeTestTask.lambda$executeRecursively$6(NodeTestTask.java:155)
	at org.junit.platform.engine.support.hierarchical.ThrowableCollector.execute(ThrowableCollector.java:73)
	at org.junit.platform.engine.support.hierarchical.NodeTestTask.lambda$executeRecursively$8(NodeTestTask.java:141)
	at org.junit.platform.engine.support.hierarchical.Node.around(Node.java:137)
	at org.junit.platform.engine.support.hierarchical.NodeTestTask.lambda$executeRecursively$9(NodeTestTask.java:139)
	at org.junit.platform.engine.support.hierarchical.ThrowableCollector.execute(ThrowableCollector.java:73)
	at org.junit.platform.engine.support.hierarchical.NodeTestTask.executeRecursively(NodeTestTask.java:138)
	at org.junit.platform.engine.support.hierarchical.NodeTestTask.execute(NodeTestTask.java:95)
	at java.util.ArrayList.forEach(ArrayList.java:1259)
	at org.junit.platform.engine.support.hierarchical.SameThreadHierarchicalTestExecutorService.invokeAll(SameThreadHierarchicalTestExecutorService.java:41)
	at org.junit.platform.engine.support.hierarchical.NodeTestTask.lambda$executeRecursively$6(NodeTestTask.java:155)
	at org.junit.platform.engine.support.hierarchical.ThrowableCollector.execute(ThrowableCollector.java:73)
	at org.junit.platform.engine.support.hierarchical.NodeTestTask.lambda$executeRecursively$8(NodeTestTask.java:141)
	at org.junit.platform.engine.support.hierarchical.Node.around(Node.java:137)
	at org.junit.platform.engine.support.hierarchical.NodeTestTask.lambda$executeRecursively$9(NodeTestTask.java:139)
	at org.junit.platform.engine.support.hierarchical.ThrowableCollector.execute(ThrowableCollector.java:73)
	at org.junit.platform.engine.support.hierarchical.NodeTestTask.executeRecursively(NodeTestTask.java:138)
	at org.junit.platform.engine.support.hierarchical.NodeTestTask.execute(NodeTestTask.java:95)
	at org.junit.platform.engine.support.hierarchical.SameThreadHierarchicalTestExecutorService.submit(SameThreadHierarchicalTestExecutorService.java:35)
	at org.junit.platform.engine.support.hierarchical.HierarchicalTestExecutor.execute(HierarchicalTestExecutor.java:57)
	at org.junit.platform.engine.support.hierarchical.HierarchicalTestEngine.execute(HierarchicalTestEngine.java:54)
	at org.junit.platform.launcher.core.EngineExecutionOrchestrator.execute(EngineExecutionOrchestrator.java:107)
	at org.junit.platform.launcher.core.EngineExecutionOrchestrator.execute(EngineExecutionOrchestrator.java:88)
	at org.junit.platform.launcher.core.EngineExecutionOrchestrator.lambda$execute$0(EngineExecutionOrchestrator.java:54)
	at org.junit.platform.launcher.core.EngineExecutionOrchestrator.withInterceptedStreams(EngineExecutionOrchestrator.java:67)
	at org.junit.platform.launcher.core.EngineExecutionOrchestrator.execute(EngineExecutionOrchestrator.java:52)
	at org.junit.platform.launcher.core.DefaultLauncher.execute(DefaultLauncher.java:114)
	at org.junit.platform.launcher.core.DefaultLauncher.execute(DefaultLauncher.java:86)
	at org.junit.platform.launcher.core.DefaultLauncherSession$DelegatingLauncher.execute(DefaultLauncherSession.java:86)
	at org.junit.platform.launcher.core.SessionPerRequestLauncher.execute(SessionPerRequestLauncher.java:53)
	at org.apache.maven.surefire.junitplatform.JUnitPlatformProvider.invokeAllTests(JUnitPlatformProvider.java:165)
	at org.apache.maven.surefire.junitplatform.JUnitPlatformProvider.invoke(JUnitPlatformProvider.java:124)
	at org.apache.maven.surefire.booter.ForkedBooter.runSuitesInProcess(ForkedBooter.java:428)
	at org.apache.maven.surefire.booter.ForkedBooter.execute(ForkedBooter.java:162)
	at org.apache.maven.surefire.booter.ForkedBooter.run(ForkedBooter.java:562)
	at org.apache.maven.surefire.booter.ForkedBooter.main(ForkedBooter.java:548)
]]></stackTrace>
    </rerunFailure>
    <rerunFailure type="java.lang.AssertionError">
      <stackTrace><![CDATA[java.lang.AssertionError
	at org.junit.Assert.fail(Assert.java:87)
	at org.junit.Assert.assertTrue(Assert.java:42)
	at org.junit.Assert.assertTrue(Assert.java:53)
	at org.apache.hadoop.hdds.scm.TestRatisPipelineLeader.testLeaderIdUsedOnFirstCall(TestRatisPipelineLeader.java:85)
	at sun.reflect.NativeMethodAccessorImpl.invoke0(Native Method)
	at sun.reflect.NativeMethodAccessorImpl.invoke(NativeMethodAccessorImpl.java:62)
	at sun.reflect.DelegatingMethodAccessorImpl.invoke(DelegatingMethodAccessorImpl.java:43)
	at java.lang.reflect.Method.invoke(Method.java:498)
	at org.junit.platform.commons.util.ReflectionUtils.invokeMethod(ReflectionUtils.java:725)
	at org.junit.jupiter.engine.execution.MethodInvocation.proceed(MethodInvocation.java:60)
	at org.junit.jupiter.engine.execution.InvocationInterceptorChain$ValidatingInvocation.proceed(InvocationInterceptorChain.java:131)
	at org.junit.jupiter.engine.extension.TimeoutInvocation.proceed(TimeoutInvocation.java:46)
	at org.junit.jupiter.engine.extension.TimeoutExtension.intercept(TimeoutExtension.java:149)
	at org.junit.jupiter.engine.extension.TimeoutExtension.interceptTestableMethod(TimeoutExtension.java:140)
	at org.junit.jupiter.engine.extension.TimeoutExtension.interceptTestMethod(TimeoutExtension.java:84)
	at org.junit.jupiter.engine.execution.ExecutableInvoker$ReflectiveInterceptorCall.lambda$ofVoidMethod$0(ExecutableInvoker.java:115)
	at org.junit.jupiter.engine.execution.ExecutableInvoker.lambda$invoke$0(ExecutableInvoker.java:105)
	at org.junit.jupiter.engine.execution.InvocationInterceptorChain$InterceptedInvocation.proceed(InvocationInterceptorChain.java:106)
	at org.junit.jupiter.engine.execution.InvocationInterceptorChain.proceed(InvocationInterceptorChain.java:64)
	at org.junit.jupiter.engine.execution.InvocationInterceptorChain.chainAndInvoke(InvocationInterceptorChain.java:45)
	at org.junit.jupiter.engine.execution.InvocationInterceptorChain.invoke(InvocationInterceptorChain.java:37)
	at org.junit.jupiter.engine.execution.ExecutableInvoker.invoke(ExecutableInvoker.java:104)
	at org.junit.jupiter.engine.execution.ExecutableInvoker.invoke(ExecutableInvoker.java:98)
	at org.junit.jupiter.engine.descriptor.TestMethodTestDescriptor.lambda$invokeTestMethod$7(TestMethodTestDescriptor.java:214)
	at org.junit.platform.engine.support.hierarchical.ThrowableCollector.execute(ThrowableCollector.java:73)
	at org.junit.jupiter.engine.descriptor.TestMethodTestDescriptor.invokeTestMethod(TestMethodTestDescriptor.java:210)
	at org.junit.jupiter.engine.descriptor.TestMethodTestDescriptor.execute(TestMethodTestDescriptor.java:135)
	at org.junit.jupiter.engine.descriptor.TestMethodTestDescriptor.execute(TestMethodTestDescriptor.java:66)
	at org.junit.platform.engine.support.hierarchical.NodeTestTask.lambda$executeRecursively$6(NodeTestTask.java:151)
	at org.junit.platform.engine.support.hierarchical.ThrowableCollector.execute(ThrowableCollector.java:73)
	at org.junit.platform.engine.support.hierarchical.NodeTestTask.lambda$executeRecursively$8(NodeTestTask.java:141)
	at org.junit.platform.engine.support.hierarchical.Node.around(Node.java:137)
	at org.junit.platform.engine.support.hierarchical.NodeTestTask.lambda$executeRecursively$9(NodeTestTask.java:139)
	at org.junit.platform.engine.support.hierarchical.ThrowableCollector.execute(ThrowableCollector.java:73)
	at org.junit.platform.engine.support.hierarchical.NodeTestTask.executeRecursively(NodeTestTask.java:138)
	at org.junit.platform.engine.support.hierarchical.NodeTestTask.execute(NodeTestTask.java:95)
	at java.util.ArrayList.forEach(ArrayList.java:1259)
	at org.junit.platform.engine.support.hierarchical.SameThreadHierarchicalTestExecutorService.invokeAll(SameThreadHierarchicalTestExecutorService.java:41)
	at org.junit.platform.engine.support.hierarchical.NodeTestTask.lambda$executeRecursively$6(NodeTestTask.java:155)
	at org.junit.platform.engine.support.hierarchical.ThrowableCollector.execute(ThrowableCollector.java:73)
	at org.junit.platform.engine.support.hierarchical.NodeTestTask.lambda$executeRecursively$8(NodeTestTask.java:141)
	at org.junit.platform.engine.support.hierarchical.Node.around(Node.java:137)
	at org.junit.platform.engine.support.hierarchical.NodeTestTask.lambda$executeRecursively$9(NodeTestTask.java:139)
	at org.junit.platform.engine.support.hierarchical.ThrowableCollector.execute(ThrowableCollector.java:73)
	at org.junit.platform.engine.support.hierarchical.NodeTestTask.executeRecursively(NodeTestTask.java:138)
	at org.junit.platform.engine.support.hierarchical.NodeTestTask.execute(NodeTestTask.java:95)
	at java.util.ArrayList.forEach(ArrayList.java:1259)
	at org.junit.platform.engine.support.hierarchical.SameThreadHierarchicalTestExecutorService.invokeAll(SameThreadHierarchicalTestExecutorService.java:41)
	at org.junit.platform.engine.support.hierarchical.NodeTestTask.lambda$executeRecursively$6(NodeTestTask.java:155)
	at org.junit.platform.engine.support.hierarchical.ThrowableCollector.execute(ThrowableCollector.java:73)
	at org.junit.platform.engine.support.hierarchical.NodeTestTask.lambda$executeRecursively$8(NodeTestTask.java:141)
	at org.junit.platform.engine.support.hierarchical.Node.around(Node.java:137)
	at org.junit.platform.engine.support.hierarchical.NodeTestTask.lambda$executeRecursively$9(NodeTestTask.java:139)
	at org.junit.platform.engine.support.hierarchical.ThrowableCollector.execute(ThrowableCollector.java:73)
	at org.junit.platform.engine.support.hierarchical.NodeTestTask.executeRecursively(NodeTestTask.java:138)
	at org.junit.platform.engine.support.hierarchical.NodeTestTask.execute(NodeTestTask.java:95)
	at org.junit.platform.engine.support.hierarchical.SameThreadHierarchicalTestExecutorService.submit(SameThreadHierarchicalTestExecutorService.java:35)
	at org.junit.platform.engine.support.hierarchical.HierarchicalTestExecutor.execute(HierarchicalTestExecutor.java:57)
	at org.junit.platform.engine.support.hierarchical.HierarchicalTestEngine.execute(HierarchicalTestEngine.java:54)
	at org.junit.platform.launcher.core.EngineExecutionOrchestrator.execute(EngineExecutionOrchestrator.java:107)
	at org.junit.platform.launcher.core.EngineExecutionOrchestrator.execute(EngineExecutionOrchestrator.java:88)
	at org.junit.platform.launcher.core.EngineExecutionOrchestrator.lambda$execute$0(EngineExecutionOrchestrator.java:54)
	at org.junit.platform.launcher.core.EngineExecutionOrchestrator.withInterceptedStreams(EngineExecutionOrchestrator.java:67)
	at org.junit.platform.launcher.core.EngineExecutionOrchestrator.execute(EngineExecutionOrchestrator.java:52)
	at org.junit.platform.launcher.core.DefaultLauncher.execute(DefaultLauncher.java:114)
	at org.junit.platform.launcher.core.DefaultLauncher.execute(DefaultLauncher.java:86)
	at org.junit.platform.launcher.core.DefaultLauncherSession$DelegatingLauncher.execute(DefaultLauncherSession.java:86)
	at org.junit.platform.launcher.core.SessionPerRequestLauncher.execute(SessionPerRequestLauncher.java:53)
	at org.apache.maven.surefire.junitplatform.JUnitPlatformProvider.invokeAllTests(JUnitPlatformProvider.java:165)
	at org.apache.maven.surefire.junitplatform.JUnitPlatformProvider.invoke(JUnitPlatformProvider.java:124)
	at org.apache.maven.surefire.booter.ForkedBooter.runSuitesInProcess(ForkedBooter.java:428)
	at org.apache.maven.surefire.booter.ForkedBooter.execute(ForkedBooter.java:162)
	at org.apache.maven.surefire.booter.ForkedBooter.run(ForkedBooter.java:562)
	at org.apache.maven.surefire.booter.ForkedBooter.main(ForkedBooter.java:548)
]]></stackTrace>
    </rerunFailure>
  </testcase>
</testsuite>