<?xml version="1.0" encoding="UTF-8"?>
<testsuite xmlns:xsi="http://www.w3.org/2001/XMLSchema-instance" xsi:noNamespaceSchemaLocation="https://maven.apache.org/surefire/maven-surefire-plugin/xsd/surefire-test-report-3.0.xsd" version="3.0" name="org.apache.hadoop.fs.ozone.TestHSync" time="147.482" tests="10" errors="1" skipped="0" failures="0">
  <properties>
    <property name="java.specification.version" value="17"/>
    <property name="sun.jnu.encoding" value="UTF-8"/>
    <property name="gradle.enterprise.listener.surefire.forkId" value="1"/>
    <property name="java.class.path" value="/home/runner/work/ozone/ozone/hadoop-ozone/integration-test/target/test-classes:/home/runner/work/ozone/ozone/hadoop-ozone/integration-test/target/classes:/home/runner/work/ozone/ozone/hadoop-ozone/common/target/classes:/home/runner/.m2/repository/io/grpc/grpc-netty/1.58.0/grpc-netty-1.58.0.jar:/home/runner/.m2/repository/io/grpc/grpc-core/1.58.0/grpc-core-1.58.0.jar:/home/runner/.m2/repository/com/google/android/annotations/4.1.1.4/annotations-4.1.1.4.jar:/home/runner/.m2/repository/org/codehaus/mojo/animal-sniffer-annotations/1.23/animal-sniffer-annotations-1.23.jar:/home/runner/.m2/repository/io/grpc/grpc-context/1.58.0/grpc-context-1.58.0.jar:/home/runner/.m2/repository/io/grpc/grpc-util/1.58.0/grpc-util-1.58.0.jar:/home/runner/.m2/repository/com/google/errorprone/error_prone_annotations/2.2.0/error_prone_annotations-2.2.0.jar:/home/runner/.m2/repository/io/perfmark/perfmark-api/0.26.0/perfmark-api-0.26.0.jar:/home/runner/.m2/repository/io/netty/netty-codec-http2/4.1.109.Final/netty-codec-http2-4.1.109.Final.jar:/home/runner/.m2/repository/io/netty/netty-common/4.1.109.Final/netty-common-4.1.109.Final.jar:/home/runner/.m2/repository/io/netty/netty-buffer/4.1.109.Final/netty-buffer-4.1.109.Final.jar:/home/runner/.m2/repository/io/netty/netty-codec-http/4.1.109.Final/netty-codec-http-4.1.109.Final.jar:/home/runner/.m2/repository/io/netty/netty-handler-proxy/4.1.109.Final/netty-handler-proxy-4.1.109.Final.jar:/home/runner/.m2/repository/io/netty/netty-codec-socks/4.1.109.Final/netty-codec-socks-4.1.109.Final.jar:/home/runner/.m2/repository/io/netty/netty-tcnative-boringssl-static/2.0.65.Final/netty-tcnative-boringssl-static-2.0.65.Final.jar:/home/runner/.m2/repository/io/netty/netty-tcnative-classes/2.0.65.Final/netty-tcnative-classes-2.0.65.Final.jar:/home/runner/.m2/repository/io/netty/netty-tcnative-boringssl-static/2.0.65.Final/netty-tcnative-boringssl-static-2.0.65.Final-linux-x86_64.jar:/home/runner/.m2/repository/io/netty/netty-tcnative-boringssl-static/2.0.65.Final/netty-tcnative-boringssl-static-2.0.65.Final-linux-aarch_64.jar:/home/runner/.m2/repository/io/netty/netty-tcnative-boringssl-static/2.0.65.Final/netty-tcnative-boringssl-static-2.0.65.Final-osx-x86_64.jar:/home/runner/.m2/repository/io/netty/netty-tcnative-boringssl-static/2.0.65.Final/netty-tcnative-boringssl-static-2.0.65.Final-osx-aarch_64.jar:/home/runner/.m2/repository/io/netty/netty-tcnative-boringssl-static/2.0.65.Final/netty-tcnative-boringssl-static-2.0.65.Final-windows-x86_64.jar:/home/runner/.m2/repository/org/apache/commons/commons-compress/1.26.0/commons-compress-1.26.0.jar:/home/runner/work/ozone/ozone/hadoop-hdds/common/target/classes:/home/runner/work/ozone/ozone/hadoop-hdds/client/target/classes:/home/runner/work/ozone/ozone/hadoop-ozone/interface-client/target/classes:/home/runner/.m2/repository/org/apache/hadoop/hadoop-hdfs-client/3.3.6/hadoop-hdfs-client-3.3.6.jar:/home/runner/.m2/repository/com/squareup/okhttp3/okhttp/4.12.0/okhttp-4.12.0.jar:/home/runner/.m2/repository/com/squareup/okio/okio/3.6.0/okio-3.6.0.jar:/home/runner/.m2/repository/com/squareup/okio/okio-jvm/3.6.0/okio-jvm-3.6.0.jar:/home/runner/.m2/repository/org/jetbrains/kotlin/kotlin-stdlib-jdk8/1.9.22/kotlin-stdlib-jdk8-1.9.22.jar:/home/runner/.m2/repository/org/jetbrains/kotlin/kotlin-stdlib-jdk7/1.9.22/kotlin-stdlib-jdk7-1.9.22.jar:/home/runner/.m2/repository/org/jetbrains/kotlin/kotlin-stdlib-common/1.9.22/kotlin-stdlib-common-1.9.22.jar:/home/runner/work/ozone/ozone/hadoop-hdds/test-utils/target/classes:/home/runner/.m2/repository/org/assertj/assertj-core/3.12.2/assertj-core-3.12.2.jar:/home/runner/.m2/repository/com/google/guava/guava/32.1.3-jre/guava-32.1.3-jre.jar:/home/runner/.m2/repository/com/google/guava/failureaccess/1.0.1/failureaccess-1.0.1.jar:/home/runner/.m2/repository/com/google/guava/listenablefuture/9999.0-empty-to-avoid-conflict-with-guava/listenablefuture-9999.0-empty-to-avoid-conflict-with-guava.jar:/home/runner/.m2/repository/org/checkerframework/checker-qual/3.37.0/checker-qual-3.37.0.jar:/home/runner/.m2/repository/com/google/j2objc/j2objc-annotations/2.8/j2objc-annotations-2.8.jar:/home/runner/.m2/repository/commons-io/commons-io/2.16.1/commons-io-2.16.1.jar:/home/runner/.m2/repository/commons-logging/commons-logging/1.2/commons-logging-1.2.jar:/home/runner/.m2/repository/org/junit/jupiter/junit-jupiter-api/5.10.2/junit-jupiter-api-5.10.2.jar:/home/runner/.m2/repository/org/opentest4j/opentest4j/1.3.0/opentest4j-1.3.0.jar:/home/runner/.m2/repository/org/junit/platform/junit-platform-commons/1.10.2/junit-platform-commons-1.10.2.jar:/home/runner/.m2/repository/ch/qos/reload4j/reload4j/1.2.25/reload4j-1.2.25.jar:/home/runner/.m2/repository/jakarta/annotation/jakarta.annotation-api/2.1.1/jakarta.annotation-api-2.1.1.jar:/home/runner/.m2/repository/org/slf4j/slf4j-api/2.0.12/slf4j-api-2.0.12.jar:/home/runner/.m2/repository/org/apache/logging/log4j/log4j-api/2.17.1/log4j-api-2.17.1.jar:/home/runner/work/ozone/ozone/hadoop-hdds/server-scm/target/classes:/home/runner/.m2/repository/com/google/protobuf/protobuf-java/2.5.0/protobuf-java-2.5.0.jar:/home/runner/work/ozone/ozone/hadoop-hdds/container-service/target/classes:/home/runner/work/ozone/ozone/hadoop-hdds/hadoop-dependency-server/target/classes:/home/runner/.m2/repository/com/nimbusds/nimbus-jose-jwt/9.37.2/nimbus-jose-jwt-9.37.2.jar:/home/runner/.m2/repository/com/github/stephenc/jcip/jcip-annotations/1.0-1/jcip-annotations-1.0-1.jar:/home/runner/.m2/repository/org/apache/hadoop/hadoop-hdfs/3.3.6/hadoop-hdfs-3.3.6.jar:/home/runner/.m2/repository/commons-daemon/commons-daemon/1.3.4/commons-daemon-1.3.4.jar:/home/runner/.m2/repository/org/apache/kerby/kerb-core/1.0.1/kerb-core-1.0.1.jar:/home/runner/.m2/repository/org/apache/kerby/kerby-pkix/1.0.1/kerby-pkix-1.0.1.jar:/home/runner/.m2/repository/org/apache/kerby/kerby-asn1/1.0.1/kerby-asn1-1.0.1.jar:/home/runner/.m2/repository/org/apache/kerby/kerby-util/1.0.1/kerby-util-1.0.1.jar:/home/runner/.m2/repository/org/apache/kerby/kerb-util/1.0.1/kerb-util-1.0.1.jar:/home/runner/.m2/repository/org/apache/kerby/kerby-config/1.0.1/kerby-config-1.0.1.jar:/home/runner/.m2/repository/org/apache/kerby/kerb-crypto/1.0.1/kerb-crypto-1.0.1.jar:/home/runner/.m2/repository/org/xerial/snappy/snappy-java/1.1.10.5/snappy-java-1.1.10.5.jar:/home/runner/work/ozone/ozone/hadoop-hdds/framework/target/classes:/home/runner/.m2/repository/org/bouncycastle/bcprov-jdk18on/1.78.1/bcprov-jdk18on-1.78.1.jar:/home/runner/.m2/repository/io/dropwizard/metrics/metrics-core/3.2.4/metrics-core-3.2.4.jar:/home/runner/.m2/repository/org/apache/commons/commons-text/1.11.0/commons-text-1.11.0.jar:/home/runner/work/ozone/ozone/hadoop-hdds/framework/target/test-classes:/home/runner/work/ozone/ozone/hadoop-hdds/interface-server/target/classes:/home/runner/work/ozone/ozone/hadoop-hdds/interface-admin/target/classes:/home/runner/work/ozone/ozone/hadoop-hdds/managed-rocksdb/target/classes:/home/runner/.m2/repository/org/rocksdb/rocksdbjni/7.7.3/rocksdbjni-7.7.3.jar:/home/runner/.m2/repository/org/slf4j/slf4j-reload4j/2.0.12/slf4j-reload4j-2.0.12.jar:/home/runner/.m2/repository/org/apache/commons/commons-configuration2/2.10.1/commons-configuration2-2.10.1.jar:/home/runner/.m2/repository/commons-fileupload/commons-fileupload/1.5/commons-fileupload-1.5.jar:/home/runner/.m2/repository/org/apache/logging/log4j/log4j-core/2.17.1/log4j-core-2.17.1.jar:/home/runner/.m2/repository/com/lmax/disruptor/3.4.4/disruptor-3.4.4.jar:/home/runner/.m2/repository/org/eclipse/jetty/jetty-util/9.4.54.v20240208/jetty-util-9.4.54.v20240208.jar:/home/runner/.m2/repository/org/eclipse/jetty/jetty-server/9.4.54.v20240208/jetty-server-9.4.54.v20240208.jar:/home/runner/.m2/repository/org/eclipse/jetty/jetty-http/9.4.54.v20240208/jetty-http-9.4.54.v20240208.jar:/home/runner/.m2/repository/org/eclipse/jetty/jetty-io/9.4.54.v20240208/jetty-io-9.4.54.v20240208.jar:/home/runner/.m2/repository/org/eclipse/jetty/jetty-servlet/9.4.54.v20240208/jetty-servlet-9.4.54.v20240208.jar:/home/runner/.m2/repository/org/eclipse/jetty/jetty-security/9.4.54.v20240208/jetty-security-9.4.54.v20240208.jar:/home/runner/.m2/repository/org/eclipse/jetty/jetty-util-ajax/9.4.54.v20240208/jetty-util-ajax-9.4.54.v20240208.jar:/home/runner/.m2/repository/org/eclipse/jetty/jetty-webapp/9.4.54.v20240208/jetty-webapp-9.4.54.v20240208.jar:/home/runner/.m2/repository/org/eclipse/jetty/jetty-xml/9.4.54.v20240208/jetty-xml-9.4.54.v20240208.jar:/home/runner/.m2/repository/org/apache/ratis/ratis-server/3.0.1/ratis-server-3.0.1.jar:/home/runner/.m2/repository/org/apache/ratis/ratis-thirdparty-misc/1.0.5/ratis-thirdparty-misc-1.0.5.jar:/home/runner/.m2/repository/org/apache/ratis/ratis-proto/3.0.1/ratis-proto-3.0.1.jar:/home/runner/.m2/repository/org/apache/ratis/ratis-common/3.0.1/ratis-common-3.0.1.jar:/home/runner/.m2/repository/org/apache/ratis/ratis-client/3.0.1/ratis-client-3.0.1.jar:/home/runner/.m2/repository/org/apache/ratis/ratis-server-api/3.0.1/ratis-server-api-3.0.1.jar:/home/runner/.m2/repository/org/apache/ratis/ratis-metrics-api/3.0.1/ratis-metrics-api-3.0.1.jar:/home/runner/.m2/repository/org/apache/ratis/ratis-metrics-dropwizard3/3.0.1/ratis-metrics-dropwizard3-3.0.1.jar:/home/runner/.m2/repository/io/prometheus/simpleclient_dropwizard/0.16.0/simpleclient_dropwizard-0.16.0.jar:/home/runner/.m2/repository/io/prometheus/simpleclient/0.16.0/simpleclient-0.16.0.jar:/home/runner/.m2/repository/io/prometheus/simpleclient_common/0.16.0/simpleclient_common-0.16.0.jar:/home/runner/.m2/repository/com/fasterxml/jackson/datatype/jackson-datatype-jsr310/2.16.1/jackson-datatype-jsr310-2.16.1.jar:/home/runner/.m2/repository/com/fasterxml/jackson/core/jackson-core/2.16.1/jackson-core-2.16.1.jar:/home/runner/work/ozone/ozone/hadoop-hdds/rocksdb-checkpoint-differ/target/classes:/home/runner/.m2/repository/org/jgrapht/jgrapht-core/1.4.0/jgrapht-core-1.4.0.jar:/home/runner/.m2/repository/org/jheaps/jheaps/0.11/jheaps-0.11.jar:/home/runner/.m2/repository/org/jgrapht/jgrapht-ext/1.4.0/jgrapht-ext-1.4.0.jar:/home/runner/.m2/repository/com/github/vlsi/mxgraph/jgraphx/3.9.8.1/jgraphx-3.9.8.1.jar:/home/runner/work/ozone/ozone/hadoop-ozone/ozone-manager/target/classes:/home/runner/.m2/repository/org/aspectj/aspectjrt/1.9.7/aspectjrt-1.9.7.jar:/home/runner/.m2/repository/org/aspectj/aspectjweaver/1.9.7/aspectjweaver-1.9.7.jar:/home/runner/work/ozone/ozone/hadoop-hdds/interface-client/target/classes:/home/runner/.m2/repository/org/apache/hadoop/thirdparty/hadoop-shaded-protobuf_3_7/1.1.1/hadoop-shaded-protobuf_3_7-1.1.1.jar:/home/runner/work/ozone/ozone/hadoop-ozone/interface-storage/target/classes:/home/runner/.m2/repository/org/reflections/reflections/0.10.2/reflections-0.10.2.jar:/home/runner/.m2/repository/com/sun/jersey/jersey-client/1.19.4/jersey-client-1.19.4.jar:/home/runner/.m2/repository/org/codehaus/jackson/jackson-core-asl/1.9.13/jackson-core-asl-1.9.13.jar:/home/runner/.m2/repository/org/codehaus/jackson/jackson-mapper-asl/1.9.13/jackson-mapper-asl-1.9.13.jar:/home/runner/.m2/repository/org/codehaus/jackson/jackson-jaxrs/1.9.13/jackson-jaxrs-1.9.13.jar:/home/runner/.m2/repository/org/apache/ranger/ranger-intg/2.3.0/ranger-intg-2.3.0.jar:/home/runner/.m2/repository/org/apache/ranger/ranger-plugins-common/2.3.0/ranger-plugins-common-2.3.0.jar:/home/runner/.m2/repository/commons-lang/commons-lang/2.6/commons-lang-2.6.jar:/home/runner/.m2/repository/org/apache/ranger/ranger-plugins-cred/2.3.0/ranger-plugins-cred-2.3.0.jar:/home/runner/.m2/repository/org/apache/ranger/ranger-plugins-audit/2.3.0/ranger-plugins-audit-2.3.0.jar:/home/runner/.m2/repository/org/eclipse/jetty/jetty-client/9.4.54.v20240208/jetty-client-9.4.54.v20240208.jar:/home/runner/.m2/repository/org/apache/httpcomponents/httpmime/4.5.6/httpmime-4.5.6.jar:/home/runner/.m2/repository/org/apache/httpcomponents/httpcore-nio/4.4.16/httpcore-nio-4.4.16.jar:/home/runner/.m2/repository/org/apache/httpcomponents/httpasyncclient/4.1.3/httpasyncclient-4.1.3.jar:/home/runner/.m2/repository/com/carrotsearch/hppc/0.8.0/hppc-0.8.0.jar:/home/runner/.m2/repository/org/apache/orc/orc-core/1.5.8/orc-core-1.5.8.jar:/home/runner/.m2/repository/net/java/dev/jna/jna/5.2.0/jna-5.2.0.jar:/home/runner/.m2/repository/net/java/dev/jna/jna-platform/5.2.0/jna-platform-5.2.0.jar:/home/runner/.m2/repository/com/kstruct/gethostname4j/0.0.2/gethostname4j-0.0.2.jar:/home/runner/.m2/repository/org/apache/ranger/ranger-plugin-classloader/2.3.0/ranger-plugin-classloader-2.3.0.jar:/home/runner/work/ozone/ozone/hadoop-hdds/rocks-native/target/classes:/home/runner/.m2/repository/org/apache/hadoop/hadoop-minikdc/3.3.6/hadoop-minikdc-3.3.6.jar:/home/runner/.m2/repository/org/apache/kerby/kerb-simplekdc/1.0.1/kerb-simplekdc-1.0.1.jar:/home/runner/.m2/repository/org/apache/kerby/kerb-client/1.0.1/kerb-client-1.0.1.jar:/home/runner/.m2/repository/org/apache/kerby/kerb-common/1.0.1/kerb-common-1.0.1.jar:/home/runner/.m2/repository/org/apache/kerby/token-provider/1.0.1/token-provider-1.0.1.jar:/home/runner/.m2/repository/org/apache/kerby/kerb-admin/1.0.1/kerb-admin-1.0.1.jar:/home/runner/.m2/repository/org/apache/kerby/kerb-server/1.0.1/kerb-server-1.0.1.jar:/home/runner/.m2/repository/org/apache/kerby/kerb-identity/1.0.1/kerb-identity-1.0.1.jar:/home/runner/.m2/repository/org/apache/kerby/kerby-xdr/1.0.1/kerby-xdr-1.0.1.jar:/home/runner/.m2/repository/junit/junit/4.13.2/junit-4.13.2.jar:/home/runner/.m2/repository/org/hamcrest/hamcrest-core/1.3/hamcrest-core-1.3.jar:/home/runner/work/ozone/ozone/hadoop-ozone/s3gateway/target/classes:/home/runner/.m2/repository/org/javassist/javassist/3.30.2-GA/javassist-3.30.2-GA.jar:/home/runner/.m2/repository/org/jboss/weld/servlet/weld-servlet-shaded/3.1.9.Final/weld-servlet-shaded-3.1.9.Final.jar:/home/runner/.m2/repository/org/glassfish/jersey/containers/jersey-container-servlet-core/2.42/jersey-container-servlet-core-2.42.jar:/home/runner/.m2/repository/org/glassfish/hk2/external/jakarta.inject/2.6.1/jakarta.inject-2.6.1.jar:/home/runner/.m2/repository/org/glassfish/jersey/core/jersey-common/2.42/jersey-common-2.42.jar:/home/runner/.m2/repository/jakarta/ws/rs/jakarta.ws.rs-api/2.1.6/jakarta.ws.rs-api-2.1.6.jar:/home/runner/.m2/repository/org/glassfish/jersey/ext/cdi/jersey-cdi1x/2.42/jersey-cdi1x-2.42.jar:/home/runner/.m2/repository/org/glassfish/jersey/inject/jersey-hk2/2.42/jersey-hk2-2.42.jar:/home/runner/.m2/repository/org/glassfish/hk2/hk2-locator/2.6.1/hk2-locator-2.6.1.jar:/home/runner/.m2/repository/org/glassfish/jersey/media/jersey-media-jaxb/2.42/jersey-media-jaxb-2.42.jar:/home/runner/.m2/repository/org/glassfish/hk2/osgi-resource-locator/1.0.3/osgi-resource-locator-1.0.3.jar:/home/runner/.m2/repository/org/glassfish/hk2/hk2-api/2.6.1/hk2-api-2.6.1.jar:/home/runner/.m2/repository/org/glassfish/hk2/hk2-utils/2.6.1/hk2-utils-2.6.1.jar:/home/runner/.m2/repository/org/glassfish/hk2/external/aopalliance-repackaged/2.6.1/aopalliance-repackaged-2.6.1.jar:/home/runner/.m2/repository/com/fasterxml/jackson/dataformat/jackson-dataformat-xml/2.16.1/jackson-dataformat-xml-2.16.1.jar:/home/runner/.m2/repository/org/codehaus/woodstox/stax2-api/4.2.2/stax2-api-4.2.2.jar:/home/runner/.m2/repository/com/fasterxml/woodstox/woodstox-core/5.4.0/woodstox-core-5.4.0.jar:/home/runner/.m2/repository/com/fasterxml/jackson/module/jackson-module-jaxb-annotations/2.16.1/jackson-module-jaxb-annotations-2.16.1.jar:/home/runner/.m2/repository/javax/enterprise/cdi-api/2.0/cdi-api-2.0.jar:/home/runner/.m2/repository/javax/el/javax.el-api/3.0.0/javax.el-api-3.0.0.jar:/home/runner/.m2/repository/javax/interceptor/javax.interceptor-api/1.2/javax.interceptor-api-1.2.jar:/home/runner/.m2/repository/javax/inject/javax.inject/1/javax.inject-1.jar:/home/runner/.m2/repository/jakarta/xml/bind/jakarta.xml.bind-api/2.3.3/jakarta.xml.bind-api-2.3.3.jar:/home/runner/.m2/repository/org/glassfish/jaxb/jaxb-runtime/2.3.9/jaxb-runtime-2.3.9.jar:/home/runner/.m2/repository/org/glassfish/jaxb/txw2/2.3.9/txw2-2.3.9.jar:/home/runner/.m2/repository/com/sun/istack/istack-commons-runtime/3.0.12/istack-commons-runtime-3.0.12.jar:/home/runner/.m2/repository/com/sun/activation/jakarta.activation/1.2.2/jakarta.activation-1.2.2.jar:/home/runner/.m2/repository/jakarta/activation/jakarta.activation-api/1.2.2/jakarta.activation-api-1.2.2.jar:/home/runner/.m2/repository/io/grpc/grpc-protobuf/1.58.0/grpc-protobuf-1.58.0.jar:/home/runner/.m2/repository/com/google/api/grpc/proto-google-common-protos/2.22.0/proto-google-common-protos-2.22.0.jar:/home/runner/.m2/repository/io/grpc/grpc-protobuf-lite/1.58.0/grpc-protobuf-lite-1.58.0.jar:/home/runner/.m2/repository/io/grpc/grpc-stub/1.58.0/grpc-stub-1.58.0.jar:/home/runner/.m2/repository/io/netty/netty-transport/4.1.109.Final/netty-transport-4.1.109.Final.jar:/home/runner/.m2/repository/io/netty/netty-resolver/4.1.109.Final/netty-resolver-4.1.109.Final.jar:/home/runner/work/ozone/ozone/hadoop-ozone/csi/target/classes:/home/runner/.m2/repository/com/google/protobuf/protobuf-java-util/3.19.6/protobuf-java-util-3.19.6.jar:/home/runner/.m2/repository/com/google/code/gson/gson/2.10.1/gson-2.10.1.jar:/home/runner/work/ozone/ozone/hadoop-hdds/config/target/classes:/home/runner/.m2/repository/io/netty/netty-transport-native-epoll/4.1.109.Final/netty-transport-native-epoll-4.1.109.Final-linux-x86_64.jar:/home/runner/.m2/repository/io/netty/netty-transport-classes-epoll/4.1.109.Final/netty-transport-classes-epoll-4.1.109.Final.jar:/home/runner/.m2/repository/io/netty/netty-transport-native-unix-common/4.1.109.Final/netty-transport-native-unix-common-4.1.109.Final.jar:/home/runner/work/ozone/ozone/hadoop-ozone/recon/target/classes:/home/runner/work/ozone/ozone/hadoop-ozone/recon-codegen/target/classes:/home/runner/.m2/repository/com/google/inject/guice/6.0.0/guice-6.0.0.jar:/home/runner/.m2/repository/jakarta/inject/jakarta.inject-api/2.0.1/jakarta.inject-api-2.0.1.jar:/home/runner/.m2/repository/aopalliance/aopalliance/1.0/aopalliance-1.0.jar:/home/runner/.m2/repository/com/google/inject/extensions/guice-assistedinject/6.0.0/guice-assistedinject-6.0.0.jar:/home/runner/.m2/repository/com/google/inject/extensions/guice-servlet/6.0.0/guice-servlet-6.0.0.jar:/home/runner/.m2/repository/org/glassfish/jersey/containers/jersey-container-servlet/2.42/jersey-container-servlet-2.42.jar:/home/runner/.m2/repository/org/glassfish/hk2/guice-bridge/2.6.1/guice-bridge-2.6.1.jar:/home/runner/.m2/repository/org/glassfish/jersey/core/jersey-server/2.42/jersey-server-2.42.jar:/home/runner/.m2/repository/org/glassfish/jersey/core/jersey-client/2.42/jersey-client-2.42.jar:/home/runner/.m2/repository/jakarta/validation/jakarta.validation-api/2.0.2/jakarta.validation-api-2.0.2.jar:/home/runner/.m2/repository/org/glassfish/jersey/media/jersey-media-json-jackson/2.42/jersey-media-json-jackson-2.42.jar:/home/runner/.m2/repository/org/glassfish/jersey/ext/jersey-entity-filtering/2.42/jersey-entity-filtering-2.42.jar:/home/runner/.m2/repository/org/jooq/jooq/3.11.10/jooq-3.11.10.jar:/home/runner/.m2/repository/org/jooq/jooq-meta/3.11.10/jooq-meta-3.11.10.jar:/home/runner/.m2/repository/org/jooq/jooq-codegen/3.11.10/jooq-codegen-3.11.10.jar:/home/runner/.m2/repository/com/jolbox/bonecp/0.8.0.RELEASE/bonecp-0.8.0.RELEASE.jar:/home/runner/.m2/repository/org/apache/derby/derby/10.14.2.0/derby-10.14.2.0.jar:/home/runner/.m2/repository/org/xerial/sqlite-jdbc/3.44.1.0/sqlite-jdbc-3.44.1.0.jar:/home/runner/.m2/repository/org/springframework/spring-jdbc/5.3.27/spring-jdbc-5.3.27.jar:/home/runner/.m2/repository/org/springframework/spring-beans/5.3.27/spring-beans-5.3.27.jar:/home/runner/.m2/repository/org/springframework/spring-core/5.3.27/spring-core-5.3.27.jar:/home/runner/.m2/repository/org/springframework/spring-tx/5.3.27/spring-tx-5.3.27.jar:/home/runner/work/ozone/ozone/hadoop-ozone/client/target/classes:/home/runner/work/ozone/ozone/hadoop-hdds/erasurecode/target/classes:/home/runner/work/ozone/ozone/hadoop-ozone/ozonefs/target/classes:/home/runner/work/ozone/ozone/hadoop-ozone/ozonefs-common/target/classes:/home/runner/work/ozone/ozone/hadoop-ozone/tools/target/classes:/home/runner/.m2/repository/com/amazonaws/aws-java-sdk-core/1.12.661/aws-java-sdk-core-1.12.661.jar:/home/runner/.m2/repository/org/apache/httpcomponents/httpclient/4.5.14/httpclient-4.5.14.jar:/home/runner/.m2/repository/org/apache/httpcomponents/httpcore/4.4.16/httpcore-4.4.16.jar:/home/runner/.m2/repository/com/fasterxml/jackson/dataformat/jackson-dataformat-cbor/2.16.1/jackson-dataformat-cbor-2.16.1.jar:/home/runner/.m2/repository/joda-time/joda-time/2.12.7/joda-time-2.12.7.jar:/home/runner/.m2/repository/com/amazonaws/aws-java-sdk-s3/1.12.661/aws-java-sdk-s3-1.12.661.jar:/home/runner/.m2/repository/com/amazonaws/aws-java-sdk-kms/1.12.661/aws-java-sdk-kms-1.12.661.jar:/home/runner/.m2/repository/com/amazonaws/jmespath-java/1.12.661/jmespath-java-1.12.661.jar:/home/runner/.m2/repository/org/kohsuke/metainf-services/metainf-services/1.11/metainf-services-1.11.jar:/home/runner/work/ozone/ozone/hadoop-hdds/tools/target/classes:/home/runner/.m2/repository/org/apache/ratis/ratis-tools/3.0.1/ratis-tools-3.0.1.jar:/home/runner/.m2/repository/commons-cli/commons-cli/1.6.0/commons-cli-1.6.0.jar:/home/runner/.m2/repository/org/apache/commons/commons-lang3/3.14.0/commons-lang3-3.14.0.jar:/home/runner/work/ozone/ozone/hadoop-ozone/ozone-manager/target/test-classes:/home/runner/work/ozone/ozone/hadoop-hdds/common/target/test-classes:/home/runner/work/ozone/ozone/hadoop-hdds/hadoop-dependency-client/target/classes:/home/runner/.m2/repository/info/picocli/picocli/4.7.5/picocli-4.7.5.jar:/home/runner/.m2/repository/com/fasterxml/jackson/core/jackson-annotations/2.16.1/jackson-annotations-2.16.1.jar:/home/runner/work/ozone/ozone/hadoop-hdds/annotations/target/classes:/home/runner/.m2/repository/javax/annotation/javax.annotation-api/1.3.2/javax.annotation-api-1.3.2.jar:/home/runner/.m2/repository/org/apache/ratis/ratis-netty/3.0.1/ratis-netty-3.0.1.jar:/home/runner/.m2/repository/org/apache/ratis/ratis-grpc/3.0.1/ratis-grpc-3.0.1.jar:/home/runner/.m2/repository/org/bouncycastle/bcpkix-jdk18on/1.78.1/bcpkix-jdk18on-1.78.1.jar:/home/runner/.m2/repository/org/bouncycastle/bcutil-jdk18on/1.78.1/bcutil-jdk18on-1.78.1.jar:/home/runner/.m2/repository/commons-validator/commons-validator/1.6/commons-validator-1.6.jar:/home/runner/.m2/repository/commons-beanutils/commons-beanutils/1.9.4/commons-beanutils-1.9.4.jar:/home/runner/.m2/repository/commons-digester/commons-digester/1.8.1/commons-digester-1.8.1.jar:/home/runner/.m2/repository/commons-collections/commons-collections/3.2.2/commons-collections-3.2.2.jar:/home/runner/.m2/repository/io/jaegertracing/jaeger-client/1.8.1/jaeger-client-1.8.1.jar:/home/runner/.m2/repository/io/jaegertracing/jaeger-thrift/1.8.1/jaeger-thrift-1.8.1.jar:/home/runner/.m2/repository/org/apache/thrift/libthrift/0.15.0/libthrift-0.15.0.jar:/home/runner/.m2/repository/io/jaegertracing/jaeger-core/1.8.1/jaeger-core-1.8.1.jar:/home/runner/.m2/repository/io/jaegertracing/jaeger-tracerresolver/1.8.1/jaeger-tracerresolver-1.8.1.jar:/home/runner/.m2/repository/io/opentracing/contrib/opentracing-tracerresolver/0.1.8/opentracing-tracerresolver-0.1.8.jar:/home/runner/.m2/repository/org/jetbrains/kotlin/kotlin-stdlib/1.9.22/kotlin-stdlib-1.9.22.jar:/home/runner/.m2/repository/org/jetbrains/annotations/13.0/annotations-13.0.jar:/home/runner/.m2/repository/io/opentracing/opentracing-util/0.33.0/opentracing-util-0.33.0.jar:/home/runner/.m2/repository/io/opentracing/opentracing-api/0.33.0/opentracing-api-0.33.0.jar:/home/runner/.m2/repository/io/opentracing/opentracing-noop/0.33.0/opentracing-noop-0.33.0.jar:/home/runner/.m2/repository/org/yaml/snakeyaml/2.0/snakeyaml-2.0.jar:/home/runner/.m2/repository/io/grpc/grpc-api/1.58.0/grpc-api-1.58.0.jar:/home/runner/.m2/repository/org/junit/platform/junit-platform-launcher/1.10.2/junit-platform-launcher-1.10.2.jar:/home/runner/.m2/repository/org/junit/platform/junit-platform-engine/1.10.2/junit-platform-engine-1.10.2.jar:/home/runner/.m2/repository/org/apiguardian/apiguardian-api/1.1.2/apiguardian-api-1.1.2.jar:/home/runner/.m2/repository/org/apache/hadoop/hadoop-kms/3.3.6/hadoop-kms-3.3.6.jar:/home/runner/.m2/repository/org/apache/hadoop/hadoop-auth/3.3.6/hadoop-auth-3.3.6.jar:/home/runner/.m2/repository/org/apache/zookeeper/zookeeper/3.8.4/zookeeper-3.8.4.jar:/home/runner/.m2/repository/org/apache/zookeeper/zookeeper-jute/3.8.4/zookeeper-jute-3.8.4.jar:/home/runner/.m2/repository/org/apache/yetus/audience-annotations/0.12.0/audience-annotations-0.12.0.jar:/home/runner/.m2/repository/org/apache/curator/curator-framework/4.2.0/curator-framework-4.2.0.jar:/home/runner/.m2/repository/org/apache/hadoop/thirdparty/hadoop-shaded-guava/1.2.0/hadoop-shaded-guava-1.2.0.jar:/home/runner/.m2/repository/com/sun/jersey/jersey-core/1.19.4/jersey-core-1.19.4.jar:/home/runner/.m2/repository/javax/ws/rs/jsr311-api/1.1.1/jsr311-api-1.1.1.jar:/home/runner/.m2/repository/com/sun/jersey/jersey-server/1.19.4/jersey-server-1.19.4.jar:/home/runner/.m2/repository/javax/servlet/javax.servlet-api/3.1.0/javax.servlet-api-3.1.0.jar:/home/runner/.m2/repository/org/apache/hadoop/hadoop-common/3.3.6/hadoop-common-3.3.6.jar:/home/runner/.m2/repository/org/apache/commons/commons-math3/3.6.1/commons-math3-3.6.1.jar:/home/runner/.m2/repository/commons-net/commons-net/3.10.0/commons-net-3.10.0.jar:/home/runner/.m2/repository/com/sun/jersey/jersey-servlet/1.19.4/jersey-servlet-1.19.4.jar:/home/runner/.m2/repository/com/github/pjfanning/jersey-json/1.20/jersey-json-1.20.jar:/home/runner/.m2/repository/org/codehaus/jettison/jettison/1.1/jettison-1.1.jar:/home/runner/.m2/repository/com/sun/xml/bind/jaxb-impl/2.2.3-1/jaxb-impl-2.2.3-1.jar:/home/runner/.m2/repository/com/google/re2j/re2j/1.7/re2j-1.7.jar:/home/runner/.m2/repository/com/jcraft/jsch/0.1.55/jsch-0.1.55.jar:/home/runner/.m2/repository/org/apache/curator/curator-client/4.2.0/curator-client-4.2.0.jar:/home/runner/.m2/repository/org/apache/curator/curator-recipes/5.2.0/curator-recipes-5.2.0.jar:/home/runner/.m2/repository/com/google/code/findbugs/jsr305/3.0.2/jsr305-3.0.2.jar:/home/runner/.m2/repository/dnsjava/dnsjava/2.1.9/dnsjava-2.1.9.jar:/home/runner/.m2/repository/com/fasterxml/jackson/core/jackson-databind/2.16.1/jackson-databind-2.16.1.jar:/home/runner/.m2/repository/org/apache/hadoop/hadoop-kms/3.3.6/hadoop-kms-3.3.6-tests.jar:/home/runner/work/ozone/ozone/hadoop-hdds/server-scm/target/test-classes:/home/runner/work/ozone/ozone/hadoop-hdds/container-service/target/test-classes:/home/runner/.m2/repository/com/github/luben/zstd-jni/1.5.6-2/zstd-jni-1.5.6-2.jar:/home/runner/.m2/repository/commons-codec/commons-codec/1.15/commons-codec-1.15.jar:/home/runner/.m2/repository/io/netty/netty-codec/4.1.109.Final/netty-codec-4.1.109.Final.jar:/home/runner/.m2/repository/io/netty/netty-handler/4.1.109.Final/netty-handler-4.1.109.Final.jar:/home/runner/work/ozone/ozone/hadoop-hdds/hadoop-dependency-test/target/classes:/home/runner/.m2/repository/org/apache/hadoop/hadoop-common/3.3.6/hadoop-common-3.3.6-tests.jar:/home/runner/.m2/repository/org/apache/hadoop/hadoop-hdfs/3.3.6/hadoop-hdfs-3.3.6-tests.jar:/home/runner/.m2/repository/org/junit/jupiter/junit-jupiter-engine/5.10.2/junit-jupiter-engine-5.10.2.jar:/home/runner/.m2/repository/org/junit/jupiter/junit-jupiter-params/5.10.2/junit-jupiter-params-5.10.2.jar:/home/runner/.m2/repository/org/mockito/mockito-core/4.11.0/mockito-core-4.11.0.jar:/home/runner/.m2/repository/net/bytebuddy/byte-buddy/1.12.19/byte-buddy-1.12.19.jar:/home/runner/.m2/repository/net/bytebuddy/byte-buddy-agent/1.12.19/byte-buddy-agent-1.12.19.jar:/home/runner/.m2/repository/org/objenesis/objenesis/3.3/objenesis-3.3.jar:/home/runner/.m2/repository/org/mockito/mockito-inline/4.11.0/mockito-inline-4.11.0.jar:/home/runner/.m2/repository/org/mockito/mockito-junit-jupiter/4.11.0/mockito-junit-jupiter-4.11.0.jar:/home/runner/.m2/repository/org/apache/hadoop/hadoop-distcp/3.3.6/hadoop-distcp-3.3.6.jar:/home/runner/.m2/repository/org/apache/hadoop/hadoop-mapreduce-client-jobclient/3.3.6/hadoop-mapreduce-client-jobclient-3.3.6.jar:/home/runner/.m2/repository/org/apache/hadoop/hadoop-mapreduce-client-common/3.3.6/hadoop-mapreduce-client-common-3.3.6.jar:/home/runner/.m2/repository/org/apache/hadoop/hadoop-yarn-common/3.3.6/hadoop-yarn-common-3.3.6.jar:/home/runner/.m2/repository/org/apache/hadoop/hadoop-yarn-api/3.3.6/hadoop-yarn-api-3.3.6.jar:/home/runner/.m2/repository/javax/xml/bind/jaxb-api/2.2.11/jaxb-api-2.2.11.jar:/home/runner/.m2/repository/com/sun/jersey/contribs/jersey-guice/1.19.4/jersey-guice-1.19.4.jar:/home/runner/.m2/repository/com/fasterxml/jackson/jaxrs/jackson-jaxrs-json-provider/2.16.1/jackson-jaxrs-json-provider-2.16.1.jar:/home/runner/.m2/repository/com/fasterxml/jackson/jaxrs/jackson-jaxrs-base/2.16.1/jackson-jaxrs-base-2.16.1.jar:/home/runner/.m2/repository/org/apache/hadoop/hadoop-yarn-client/3.3.6/hadoop-yarn-client-3.3.6.jar:/home/runner/.m2/repository/org/eclipse/jetty/websocket/websocket-client/9.4.51.v20230217/websocket-client-9.4.51.v20230217.jar:/home/runner/.m2/repository/org/eclipse/jetty/websocket/websocket-common/9.4.51.v20230217/websocket-common-9.4.51.v20230217.jar:/home/runner/.m2/repository/org/eclipse/jetty/websocket/websocket-api/9.4.51.v20230217/websocket-api-9.4.51.v20230217.jar:/home/runner/.m2/repository/org/jline/jline/3.9.0/jline-3.9.0.jar:/home/runner/.m2/repository/org/apache/hadoop/hadoop-mapreduce-client-core/3.3.6/hadoop-mapreduce-client-core-3.3.6.jar:/home/runner/.m2/repository/org/apache/avro/avro/1.7.7/avro-1.7.7.jar:/home/runner/.m2/repository/com/thoughtworks/paranamer/paranamer/2.3/paranamer-2.3.jar:/home/runner/.m2/repository/org/apache/hadoop/hadoop-annotations/3.3.6/hadoop-annotations-3.3.6.jar:/home/runner/.m2/repository/io/netty/netty/3.10.6.Final/netty-3.10.6.Final.jar:/home/runner/.m2/repository/org/apache/hadoop/hadoop-distcp/3.3.6/hadoop-distcp-3.3.6-tests.jar:/home/runner/.m2/repository/org/hamcrest/hamcrest/2.2/hamcrest-2.2.jar:/home/runner/.m2/repository/org/slf4j/jul-to-slf4j/2.0.12/jul-to-slf4j-2.0.12.jar:/home/runner/work/ozone/ozone/hadoop-ozone/integration-test/target/gradle-enterprise/test-listeners.jar:"/>
    <property name="java.vm.vendor" value="Eclipse Adoptium"/>
    <property name="sun.arch.data.model" value="64"/>
    <property name="test.build.dir" value="/home/runner/work/ozone/ozone/hadoop-ozone/integration-test/target/test-dir"/>
    <property name="test.cache.data" value=""/>
    <property name="java.vendor.url" value="https://adoptium.net/"/>
    <property name="user.timezone" value="Etc/UTC"/>
    <property name="maven-surefire-plugin.argLineAccessArgs" value=" --add-opens java.management/com.sun.jmx.mbeanserver=ALL-UNNAMED --add-exports java.management/com.sun.jmx.mbeanserver=ALL-UNNAMED --add-opens java.base/java.nio=ALL-UNNAMED --add-opens java.base/java.lang=ALL-UNNAMED --add-opens java.base/java.lang.reflect=ALL-UNNAMED"/>
    <property name="os.name" value="Linux"/>
    <property name="java.vm.specification.version" value="17"/>
    <property name="test.build.data" value="/home/runner/work/ozone/ozone/hadoop-ozone/integration-test/target/test-dir"/>
    <property name="sun.java.launcher" value="SUN_STANDARD"/>
    <property name="sun.boot.library.path" value="/usr/lib/jvm/temurin-17-jdk-amd64/lib"/>
    <property name="sun.java.command" value="/home/runner/work/ozone/ozone/hadoop-ozone/integration-test/target/surefire/surefirebooter295790089628668145.jar /home/runner/work/ozone/ozone/hadoop-ozone/integration-test/target/surefire 2024-05-06T08-33-45_343-jvmRun1 surefire13074059611050438702tmp surefire_3714436018392977489801tmp"/>
    <property name="jdk.debug" value="release"/>
    <property name="native.lib.tmp.dir" value="/tmp"/>
    <property name="surefire.test.class.path" value="/home/runner/work/ozone/ozone/hadoop-ozone/integration-test/target/test-classes:/home/runner/work/ozone/ozone/hadoop-ozone/integration-test/target/classes:/home/runner/work/ozone/ozone/hadoop-ozone/common/target/classes:/home/runner/.m2/repository/io/grpc/grpc-netty/1.58.0/grpc-netty-1.58.0.jar:/home/runner/.m2/repository/io/grpc/grpc-core/1.58.0/grpc-core-1.58.0.jar:/home/runner/.m2/repository/com/google/android/annotations/4.1.1.4/annotations-4.1.1.4.jar:/home/runner/.m2/repository/org/codehaus/mojo/animal-sniffer-annotations/1.23/animal-sniffer-annotations-1.23.jar:/home/runner/.m2/repository/io/grpc/grpc-context/1.58.0/grpc-context-1.58.0.jar:/home/runner/.m2/repository/io/grpc/grpc-util/1.58.0/grpc-util-1.58.0.jar:/home/runner/.m2/repository/com/google/errorprone/error_prone_annotations/2.2.0/error_prone_annotations-2.2.0.jar:/home/runner/.m2/repository/io/perfmark/perfmark-api/0.26.0/perfmark-api-0.26.0.jar:/home/runner/.m2/repository/io/netty/netty-codec-http2/4.1.109.Final/netty-codec-http2-4.1.109.Final.jar:/home/runner/.m2/repository/io/netty/netty-common/4.1.109.Final/netty-common-4.1.109.Final.jar:/home/runner/.m2/repository/io/netty/netty-buffer/4.1.109.Final/netty-buffer-4.1.109.Final.jar:/home/runner/.m2/repository/io/netty/netty-codec-http/4.1.109.Final/netty-codec-http-4.1.109.Final.jar:/home/runner/.m2/repository/io/netty/netty-handler-proxy/4.1.109.Final/netty-handler-proxy-4.1.109.Final.jar:/home/runner/.m2/repository/io/netty/netty-codec-socks/4.1.109.Final/netty-codec-socks-4.1.109.Final.jar:/home/runner/.m2/repository/io/netty/netty-tcnative-boringssl-static/2.0.65.Final/netty-tcnative-boringssl-static-2.0.65.Final.jar:/home/runner/.m2/repository/io/netty/netty-tcnative-classes/2.0.65.Final/netty-tcnative-classes-2.0.65.Final.jar:/home/runner/.m2/repository/io/netty/netty-tcnative-boringssl-static/2.0.65.Final/netty-tcnative-boringssl-static-2.0.65.Final-linux-x86_64.jar:/home/runner/.m2/repository/io/netty/netty-tcnative-boringssl-static/2.0.65.Final/netty-tcnative-boringssl-static-2.0.65.Final-linux-aarch_64.jar:/home/runner/.m2/repository/io/netty/netty-tcnative-boringssl-static/2.0.65.Final/netty-tcnative-boringssl-static-2.0.65.Final-osx-x86_64.jar:/home/runner/.m2/repository/io/netty/netty-tcnative-boringssl-static/2.0.65.Final/netty-tcnative-boringssl-static-2.0.65.Final-osx-aarch_64.jar:/home/runner/.m2/repository/io/netty/netty-tcnative-boringssl-static/2.0.65.Final/netty-tcnative-boringssl-static-2.0.65.Final-windows-x86_64.jar:/home/runner/.m2/repository/org/apache/commons/commons-compress/1.26.0/commons-compress-1.26.0.jar:/home/runner/work/ozone/ozone/hadoop-hdds/common/target/classes:/home/runner/work/ozone/ozone/hadoop-hdds/client/target/classes:/home/runner/work/ozone/ozone/hadoop-ozone/interface-client/target/classes:/home/runner/.m2/repository/org/apache/hadoop/hadoop-hdfs-client/3.3.6/hadoop-hdfs-client-3.3.6.jar:/home/runner/.m2/repository/com/squareup/okhttp3/okhttp/4.12.0/okhttp-4.12.0.jar:/home/runner/.m2/repository/com/squareup/okio/okio/3.6.0/okio-3.6.0.jar:/home/runner/.m2/repository/com/squareup/okio/okio-jvm/3.6.0/okio-jvm-3.6.0.jar:/home/runner/.m2/repository/org/jetbrains/kotlin/kotlin-stdlib-jdk8/1.9.22/kotlin-stdlib-jdk8-1.9.22.jar:/home/runner/.m2/repository/org/jetbrains/kotlin/kotlin-stdlib-jdk7/1.9.22/kotlin-stdlib-jdk7-1.9.22.jar:/home/runner/.m2/repository/org/jetbrains/kotlin/kotlin-stdlib-common/1.9.22/kotlin-stdlib-common-1.9.22.jar:/home/runner/work/ozone/ozone/hadoop-hdds/test-utils/target/classes:/home/runner/.m2/repository/org/assertj/assertj-core/3.12.2/assertj-core-3.12.2.jar:/home/runner/.m2/repository/com/google/guava/guava/32.1.3-jre/guava-32.1.3-jre.jar:/home/runner/.m2/repository/com/google/guava/failureaccess/1.0.1/failureaccess-1.0.1.jar:/home/runner/.m2/repository/com/google/guava/listenablefuture/9999.0-empty-to-avoid-conflict-with-guava/listenablefuture-9999.0-empty-to-avoid-conflict-with-guava.jar:/home/runner/.m2/repository/org/checkerframework/checker-qual/3.37.0/checker-qual-3.37.0.jar:/home/runner/.m2/repository/com/google/j2objc/j2objc-annotations/2.8/j2objc-annotations-2.8.jar:/home/runner/.m2/repository/commons-io/commons-io/2.16.1/commons-io-2.16.1.jar:/home/runner/.m2/repository/commons-logging/commons-logging/1.2/commons-logging-1.2.jar:/home/runner/.m2/repository/org/junit/jupiter/junit-jupiter-api/5.10.2/junit-jupiter-api-5.10.2.jar:/home/runner/.m2/repository/org/opentest4j/opentest4j/1.3.0/opentest4j-1.3.0.jar:/home/runner/.m2/repository/org/junit/platform/junit-platform-commons/1.10.2/junit-platform-commons-1.10.2.jar:/home/runner/.m2/repository/ch/qos/reload4j/reload4j/1.2.25/reload4j-1.2.25.jar:/home/runner/.m2/repository/jakarta/annotation/jakarta.annotation-api/2.1.1/jakarta.annotation-api-2.1.1.jar:/home/runner/.m2/repository/org/slf4j/slf4j-api/2.0.12/slf4j-api-2.0.12.jar:/home/runner/.m2/repository/org/apache/logging/log4j/log4j-api/2.17.1/log4j-api-2.17.1.jar:/home/runner/work/ozone/ozone/hadoop-hdds/server-scm/target/classes:/home/runner/.m2/repository/com/google/protobuf/protobuf-java/2.5.0/protobuf-java-2.5.0.jar:/home/runner/work/ozone/ozone/hadoop-hdds/container-service/target/classes:/home/runner/work/ozone/ozone/hadoop-hdds/hadoop-dependency-server/target/classes:/home/runner/.m2/repository/com/nimbusds/nimbus-jose-jwt/9.37.2/nimbus-jose-jwt-9.37.2.jar:/home/runner/.m2/repository/com/github/stephenc/jcip/jcip-annotations/1.0-1/jcip-annotations-1.0-1.jar:/home/runner/.m2/repository/org/apache/hadoop/hadoop-hdfs/3.3.6/hadoop-hdfs-3.3.6.jar:/home/runner/.m2/repository/commons-daemon/commons-daemon/1.3.4/commons-daemon-1.3.4.jar:/home/runner/.m2/repository/org/apache/kerby/kerb-core/1.0.1/kerb-core-1.0.1.jar:/home/runner/.m2/repository/org/apache/kerby/kerby-pkix/1.0.1/kerby-pkix-1.0.1.jar:/home/runner/.m2/repository/org/apache/kerby/kerby-asn1/1.0.1/kerby-asn1-1.0.1.jar:/home/runner/.m2/repository/org/apache/kerby/kerby-util/1.0.1/kerby-util-1.0.1.jar:/home/runner/.m2/repository/org/apache/kerby/kerb-util/1.0.1/kerb-util-1.0.1.jar:/home/runner/.m2/repository/org/apache/kerby/kerby-config/1.0.1/kerby-config-1.0.1.jar:/home/runner/.m2/repository/org/apache/kerby/kerb-crypto/1.0.1/kerb-crypto-1.0.1.jar:/home/runner/.m2/repository/org/xerial/snappy/snappy-java/1.1.10.5/snappy-java-1.1.10.5.jar:/home/runner/work/ozone/ozone/hadoop-hdds/framework/target/classes:/home/runner/.m2/repository/org/bouncycastle/bcprov-jdk18on/1.78.1/bcprov-jdk18on-1.78.1.jar:/home/runner/.m2/repository/io/dropwizard/metrics/metrics-core/3.2.4/metrics-core-3.2.4.jar:/home/runner/.m2/repository/org/apache/commons/commons-text/1.11.0/commons-text-1.11.0.jar:/home/runner/work/ozone/ozone/hadoop-hdds/framework/target/test-classes:/home/runner/work/ozone/ozone/hadoop-hdds/interface-server/target/classes:/home/runner/work/ozone/ozone/hadoop-hdds/interface-admin/target/classes:/home/runner/work/ozone/ozone/hadoop-hdds/managed-rocksdb/target/classes:/home/runner/.m2/repository/org/rocksdb/rocksdbjni/7.7.3/rocksdbjni-7.7.3.jar:/home/runner/.m2/repository/org/slf4j/slf4j-reload4j/2.0.12/slf4j-reload4j-2.0.12.jar:/home/runner/.m2/repository/org/apache/commons/commons-configuration2/2.10.1/commons-configuration2-2.10.1.jar:/home/runner/.m2/repository/commons-fileupload/commons-fileupload/1.5/commons-fileupload-1.5.jar:/home/runner/.m2/repository/org/apache/logging/log4j/log4j-core/2.17.1/log4j-core-2.17.1.jar:/home/runner/.m2/repository/com/lmax/disruptor/3.4.4/disruptor-3.4.4.jar:/home/runner/.m2/repository/org/eclipse/jetty/jetty-util/9.4.54.v20240208/jetty-util-9.4.54.v20240208.jar:/home/runner/.m2/repository/org/eclipse/jetty/jetty-server/9.4.54.v20240208/jetty-server-9.4.54.v20240208.jar:/home/runner/.m2/repository/org/eclipse/jetty/jetty-http/9.4.54.v20240208/jetty-http-9.4.54.v20240208.jar:/home/runner/.m2/repository/org/eclipse/jetty/jetty-io/9.4.54.v20240208/jetty-io-9.4.54.v20240208.jar:/home/runner/.m2/repository/org/eclipse/jetty/jetty-servlet/9.4.54.v20240208/jetty-servlet-9.4.54.v20240208.jar:/home/runner/.m2/repository/org/eclipse/jetty/jetty-security/9.4.54.v20240208/jetty-security-9.4.54.v20240208.jar:/home/runner/.m2/repository/org/eclipse/jetty/jetty-util-ajax/9.4.54.v20240208/jetty-util-ajax-9.4.54.v20240208.jar:/home/runner/.m2/repository/org/eclipse/jetty/jetty-webapp/9.4.54.v20240208/jetty-webapp-9.4.54.v20240208.jar:/home/runner/.m2/repository/org/eclipse/jetty/jetty-xml/9.4.54.v20240208/jetty-xml-9.4.54.v20240208.jar:/home/runner/.m2/repository/org/apache/ratis/ratis-server/3.0.1/ratis-server-3.0.1.jar:/home/runner/.m2/repository/org/apache/ratis/ratis-thirdparty-misc/1.0.5/ratis-thirdparty-misc-1.0.5.jar:/home/runner/.m2/repository/org/apache/ratis/ratis-proto/3.0.1/ratis-proto-3.0.1.jar:/home/runner/.m2/repository/org/apache/ratis/ratis-common/3.0.1/ratis-common-3.0.1.jar:/home/runner/.m2/repository/org/apache/ratis/ratis-client/3.0.1/ratis-client-3.0.1.jar:/home/runner/.m2/repository/org/apache/ratis/ratis-server-api/3.0.1/ratis-server-api-3.0.1.jar:/home/runner/.m2/repository/org/apache/ratis/ratis-metrics-api/3.0.1/ratis-metrics-api-3.0.1.jar:/home/runner/.m2/repository/org/apache/ratis/ratis-metrics-dropwizard3/3.0.1/ratis-metrics-dropwizard3-3.0.1.jar:/home/runner/.m2/repository/io/prometheus/simpleclient_dropwizard/0.16.0/simpleclient_dropwizard-0.16.0.jar:/home/runner/.m2/repository/io/prometheus/simpleclient/0.16.0/simpleclient-0.16.0.jar:/home/runner/.m2/repository/io/prometheus/simpleclient_common/0.16.0/simpleclient_common-0.16.0.jar:/home/runner/.m2/repository/com/fasterxml/jackson/datatype/jackson-datatype-jsr310/2.16.1/jackson-datatype-jsr310-2.16.1.jar:/home/runner/.m2/repository/com/fasterxml/jackson/core/jackson-core/2.16.1/jackson-core-2.16.1.jar:/home/runner/work/ozone/ozone/hadoop-hdds/rocksdb-checkpoint-differ/target/classes:/home/runner/.m2/repository/org/jgrapht/jgrapht-core/1.4.0/jgrapht-core-1.4.0.jar:/home/runner/.m2/repository/org/jheaps/jheaps/0.11/jheaps-0.11.jar:/home/runner/.m2/repository/org/jgrapht/jgrapht-ext/1.4.0/jgrapht-ext-1.4.0.jar:/home/runner/.m2/repository/com/github/vlsi/mxgraph/jgraphx/3.9.8.1/jgraphx-3.9.8.1.jar:/home/runner/work/ozone/ozone/hadoop-ozone/ozone-manager/target/classes:/home/runner/.m2/repository/org/aspectj/aspectjrt/1.9.7/aspectjrt-1.9.7.jar:/home/runner/.m2/repository/org/aspectj/aspectjweaver/1.9.7/aspectjweaver-1.9.7.jar:/home/runner/work/ozone/ozone/hadoop-hdds/interface-client/target/classes:/home/runner/.m2/repository/org/apache/hadoop/thirdparty/hadoop-shaded-protobuf_3_7/1.1.1/hadoop-shaded-protobuf_3_7-1.1.1.jar:/home/runner/work/ozone/ozone/hadoop-ozone/interface-storage/target/classes:/home/runner/.m2/repository/org/reflections/reflections/0.10.2/reflections-0.10.2.jar:/home/runner/.m2/repository/com/sun/jersey/jersey-client/1.19.4/jersey-client-1.19.4.jar:/home/runner/.m2/repository/org/codehaus/jackson/jackson-core-asl/1.9.13/jackson-core-asl-1.9.13.jar:/home/runner/.m2/repository/org/codehaus/jackson/jackson-mapper-asl/1.9.13/jackson-mapper-asl-1.9.13.jar:/home/runner/.m2/repository/org/codehaus/jackson/jackson-jaxrs/1.9.13/jackson-jaxrs-1.9.13.jar:/home/runner/.m2/repository/org/apache/ranger/ranger-intg/2.3.0/ranger-intg-2.3.0.jar:/home/runner/.m2/repository/org/apache/ranger/ranger-plugins-common/2.3.0/ranger-plugins-common-2.3.0.jar:/home/runner/.m2/repository/commons-lang/commons-lang/2.6/commons-lang-2.6.jar:/home/runner/.m2/repository/org/apache/ranger/ranger-plugins-cred/2.3.0/ranger-plugins-cred-2.3.0.jar:/home/runner/.m2/repository/org/apache/ranger/ranger-plugins-audit/2.3.0/ranger-plugins-audit-2.3.0.jar:/home/runner/.m2/repository/org/eclipse/jetty/jetty-client/9.4.54.v20240208/jetty-client-9.4.54.v20240208.jar:/home/runner/.m2/repository/org/apache/httpcomponents/httpmime/4.5.6/httpmime-4.5.6.jar:/home/runner/.m2/repository/org/apache/httpcomponents/httpcore-nio/4.4.16/httpcore-nio-4.4.16.jar:/home/runner/.m2/repository/org/apache/httpcomponents/httpasyncclient/4.1.3/httpasyncclient-4.1.3.jar:/home/runner/.m2/repository/com/carrotsearch/hppc/0.8.0/hppc-0.8.0.jar:/home/runner/.m2/repository/org/apache/orc/orc-core/1.5.8/orc-core-1.5.8.jar:/home/runner/.m2/repository/net/java/dev/jna/jna/5.2.0/jna-5.2.0.jar:/home/runner/.m2/repository/net/java/dev/jna/jna-platform/5.2.0/jna-platform-5.2.0.jar:/home/runner/.m2/repository/com/kstruct/gethostname4j/0.0.2/gethostname4j-0.0.2.jar:/home/runner/.m2/repository/org/apache/ranger/ranger-plugin-classloader/2.3.0/ranger-plugin-classloader-2.3.0.jar:/home/runner/work/ozone/ozone/hadoop-hdds/rocks-native/target/classes:/home/runner/.m2/repository/org/apache/hadoop/hadoop-minikdc/3.3.6/hadoop-minikdc-3.3.6.jar:/home/runner/.m2/repository/org/apache/kerby/kerb-simplekdc/1.0.1/kerb-simplekdc-1.0.1.jar:/home/runner/.m2/repository/org/apache/kerby/kerb-client/1.0.1/kerb-client-1.0.1.jar:/home/runner/.m2/repository/org/apache/kerby/kerb-common/1.0.1/kerb-common-1.0.1.jar:/home/runner/.m2/repository/org/apache/kerby/token-provider/1.0.1/token-provider-1.0.1.jar:/home/runner/.m2/repository/org/apache/kerby/kerb-admin/1.0.1/kerb-admin-1.0.1.jar:/home/runner/.m2/repository/org/apache/kerby/kerb-server/1.0.1/kerb-server-1.0.1.jar:/home/runner/.m2/repository/org/apache/kerby/kerb-identity/1.0.1/kerb-identity-1.0.1.jar:/home/runner/.m2/repository/org/apache/kerby/kerby-xdr/1.0.1/kerby-xdr-1.0.1.jar:/home/runner/.m2/repository/junit/junit/4.13.2/junit-4.13.2.jar:/home/runner/.m2/repository/org/hamcrest/hamcrest-core/1.3/hamcrest-core-1.3.jar:/home/runner/work/ozone/ozone/hadoop-ozone/s3gateway/target/classes:/home/runner/.m2/repository/org/javassist/javassist/3.30.2-GA/javassist-3.30.2-GA.jar:/home/runner/.m2/repository/org/jboss/weld/servlet/weld-servlet-shaded/3.1.9.Final/weld-servlet-shaded-3.1.9.Final.jar:/home/runner/.m2/repository/org/glassfish/jersey/containers/jersey-container-servlet-core/2.42/jersey-container-servlet-core-2.42.jar:/home/runner/.m2/repository/org/glassfish/hk2/external/jakarta.inject/2.6.1/jakarta.inject-2.6.1.jar:/home/runner/.m2/repository/org/glassfish/jersey/core/jersey-common/2.42/jersey-common-2.42.jar:/home/runner/.m2/repository/jakarta/ws/rs/jakarta.ws.rs-api/2.1.6/jakarta.ws.rs-api-2.1.6.jar:/home/runner/.m2/repository/org/glassfish/jersey/ext/cdi/jersey-cdi1x/2.42/jersey-cdi1x-2.42.jar:/home/runner/.m2/repository/org/glassfish/jersey/inject/jersey-hk2/2.42/jersey-hk2-2.42.jar:/home/runner/.m2/repository/org/glassfish/hk2/hk2-locator/2.6.1/hk2-locator-2.6.1.jar:/home/runner/.m2/repository/org/glassfish/jersey/media/jersey-media-jaxb/2.42/jersey-media-jaxb-2.42.jar:/home/runner/.m2/repository/org/glassfish/hk2/osgi-resource-locator/1.0.3/osgi-resource-locator-1.0.3.jar:/home/runner/.m2/repository/org/glassfish/hk2/hk2-api/2.6.1/hk2-api-2.6.1.jar:/home/runner/.m2/repository/org/glassfish/hk2/hk2-utils/2.6.1/hk2-utils-2.6.1.jar:/home/runner/.m2/repository/org/glassfish/hk2/external/aopalliance-repackaged/2.6.1/aopalliance-repackaged-2.6.1.jar:/home/runner/.m2/repository/com/fasterxml/jackson/dataformat/jackson-dataformat-xml/2.16.1/jackson-dataformat-xml-2.16.1.jar:/home/runner/.m2/repository/org/codehaus/woodstox/stax2-api/4.2.2/stax2-api-4.2.2.jar:/home/runner/.m2/repository/com/fasterxml/woodstox/woodstox-core/5.4.0/woodstox-core-5.4.0.jar:/home/runner/.m2/repository/com/fasterxml/jackson/module/jackson-module-jaxb-annotations/2.16.1/jackson-module-jaxb-annotations-2.16.1.jar:/home/runner/.m2/repository/javax/enterprise/cdi-api/2.0/cdi-api-2.0.jar:/home/runner/.m2/repository/javax/el/javax.el-api/3.0.0/javax.el-api-3.0.0.jar:/home/runner/.m2/repository/javax/interceptor/javax.interceptor-api/1.2/javax.interceptor-api-1.2.jar:/home/runner/.m2/repository/javax/inject/javax.inject/1/javax.inject-1.jar:/home/runner/.m2/repository/jakarta/xml/bind/jakarta.xml.bind-api/2.3.3/jakarta.xml.bind-api-2.3.3.jar:/home/runner/.m2/repository/org/glassfish/jaxb/jaxb-runtime/2.3.9/jaxb-runtime-2.3.9.jar:/home/runner/.m2/repository/org/glassfish/jaxb/txw2/2.3.9/txw2-2.3.9.jar:/home/runner/.m2/repository/com/sun/istack/istack-commons-runtime/3.0.12/istack-commons-runtime-3.0.12.jar:/home/runner/.m2/repository/com/sun/activation/jakarta.activation/1.2.2/jakarta.activation-1.2.2.jar:/home/runner/.m2/repository/jakarta/activation/jakarta.activation-api/1.2.2/jakarta.activation-api-1.2.2.jar:/home/runner/.m2/repository/io/grpc/grpc-protobuf/1.58.0/grpc-protobuf-1.58.0.jar:/home/runner/.m2/repository/com/google/api/grpc/proto-google-common-protos/2.22.0/proto-google-common-protos-2.22.0.jar:/home/runner/.m2/repository/io/grpc/grpc-protobuf-lite/1.58.0/grpc-protobuf-lite-1.58.0.jar:/home/runner/.m2/repository/io/grpc/grpc-stub/1.58.0/grpc-stub-1.58.0.jar:/home/runner/.m2/repository/io/netty/netty-transport/4.1.109.Final/netty-transport-4.1.109.Final.jar:/home/runner/.m2/repository/io/netty/netty-resolver/4.1.109.Final/netty-resolver-4.1.109.Final.jar:/home/runner/work/ozone/ozone/hadoop-ozone/csi/target/classes:/home/runner/.m2/repository/com/google/protobuf/protobuf-java-util/3.19.6/protobuf-java-util-3.19.6.jar:/home/runner/.m2/repository/com/google/code/gson/gson/2.10.1/gson-2.10.1.jar:/home/runner/work/ozone/ozone/hadoop-hdds/config/target/classes:/home/runner/.m2/repository/io/netty/netty-transport-native-epoll/4.1.109.Final/netty-transport-native-epoll-4.1.109.Final-linux-x86_64.jar:/home/runner/.m2/repository/io/netty/netty-transport-classes-epoll/4.1.109.Final/netty-transport-classes-epoll-4.1.109.Final.jar:/home/runner/.m2/repository/io/netty/netty-transport-native-unix-common/4.1.109.Final/netty-transport-native-unix-common-4.1.109.Final.jar:/home/runner/work/ozone/ozone/hadoop-ozone/recon/target/classes:/home/runner/work/ozone/ozone/hadoop-ozone/recon-codegen/target/classes:/home/runner/.m2/repository/com/google/inject/guice/6.0.0/guice-6.0.0.jar:/home/runner/.m2/repository/jakarta/inject/jakarta.inject-api/2.0.1/jakarta.inject-api-2.0.1.jar:/home/runner/.m2/repository/aopalliance/aopalliance/1.0/aopalliance-1.0.jar:/home/runner/.m2/repository/com/google/inject/extensions/guice-assistedinject/6.0.0/guice-assistedinject-6.0.0.jar:/home/runner/.m2/repository/com/google/inject/extensions/guice-servlet/6.0.0/guice-servlet-6.0.0.jar:/home/runner/.m2/repository/org/glassfish/jersey/containers/jersey-container-servlet/2.42/jersey-container-servlet-2.42.jar:/home/runner/.m2/repository/org/glassfish/hk2/guice-bridge/2.6.1/guice-bridge-2.6.1.jar:/home/runner/.m2/repository/org/glassfish/jersey/core/jersey-server/2.42/jersey-server-2.42.jar:/home/runner/.m2/repository/org/glassfish/jersey/core/jersey-client/2.42/jersey-client-2.42.jar:/home/runner/.m2/repository/jakarta/validation/jakarta.validation-api/2.0.2/jakarta.validation-api-2.0.2.jar:/home/runner/.m2/repository/org/glassfish/jersey/media/jersey-media-json-jackson/2.42/jersey-media-json-jackson-2.42.jar:/home/runner/.m2/repository/org/glassfish/jersey/ext/jersey-entity-filtering/2.42/jersey-entity-filtering-2.42.jar:/home/runner/.m2/repository/org/jooq/jooq/3.11.10/jooq-3.11.10.jar:/home/runner/.m2/repository/org/jooq/jooq-meta/3.11.10/jooq-meta-3.11.10.jar:/home/runner/.m2/repository/org/jooq/jooq-codegen/3.11.10/jooq-codegen-3.11.10.jar:/home/runner/.m2/repository/com/jolbox/bonecp/0.8.0.RELEASE/bonecp-0.8.0.RELEASE.jar:/home/runner/.m2/repository/org/apache/derby/derby/10.14.2.0/derby-10.14.2.0.jar:/home/runner/.m2/repository/org/xerial/sqlite-jdbc/3.44.1.0/sqlite-jdbc-3.44.1.0.jar:/home/runner/.m2/repository/org/springframework/spring-jdbc/5.3.27/spring-jdbc-5.3.27.jar:/home/runner/.m2/repository/org/springframework/spring-beans/5.3.27/spring-beans-5.3.27.jar:/home/runner/.m2/repository/org/springframework/spring-core/5.3.27/spring-core-5.3.27.jar:/home/runner/.m2/repository/org/springframework/spring-tx/5.3.27/spring-tx-5.3.27.jar:/home/runner/work/ozone/ozone/hadoop-ozone/client/target/classes:/home/runner/work/ozone/ozone/hadoop-hdds/erasurecode/target/classes:/home/runner/work/ozone/ozone/hadoop-ozone/ozonefs/target/classes:/home/runner/work/ozone/ozone/hadoop-ozone/ozonefs-common/target/classes:/home/runner/work/ozone/ozone/hadoop-ozone/tools/target/classes:/home/runner/.m2/repository/com/amazonaws/aws-java-sdk-core/1.12.661/aws-java-sdk-core-1.12.661.jar:/home/runner/.m2/repository/org/apache/httpcomponents/httpclient/4.5.14/httpclient-4.5.14.jar:/home/runner/.m2/repository/org/apache/httpcomponents/httpcore/4.4.16/httpcore-4.4.16.jar:/home/runner/.m2/repository/com/fasterxml/jackson/dataformat/jackson-dataformat-cbor/2.16.1/jackson-dataformat-cbor-2.16.1.jar:/home/runner/.m2/repository/joda-time/joda-time/2.12.7/joda-time-2.12.7.jar:/home/runner/.m2/repository/com/amazonaws/aws-java-sdk-s3/1.12.661/aws-java-sdk-s3-1.12.661.jar:/home/runner/.m2/repository/com/amazonaws/aws-java-sdk-kms/1.12.661/aws-java-sdk-kms-1.12.661.jar:/home/runner/.m2/repository/com/amazonaws/jmespath-java/1.12.661/jmespath-java-1.12.661.jar:/home/runner/.m2/repository/org/kohsuke/metainf-services/metainf-services/1.11/metainf-services-1.11.jar:/home/runner/work/ozone/ozone/hadoop-hdds/tools/target/classes:/home/runner/.m2/repository/org/apache/ratis/ratis-tools/3.0.1/ratis-tools-3.0.1.jar:/home/runner/.m2/repository/commons-cli/commons-cli/1.6.0/commons-cli-1.6.0.jar:/home/runner/.m2/repository/org/apache/commons/commons-lang3/3.14.0/commons-lang3-3.14.0.jar:/home/runner/work/ozone/ozone/hadoop-ozone/ozone-manager/target/test-classes:/home/runner/work/ozone/ozone/hadoop-hdds/common/target/test-classes:/home/runner/work/ozone/ozone/hadoop-hdds/hadoop-dependency-client/target/classes:/home/runner/.m2/repository/info/picocli/picocli/4.7.5/picocli-4.7.5.jar:/home/runner/.m2/repository/com/fasterxml/jackson/core/jackson-annotations/2.16.1/jackson-annotations-2.16.1.jar:/home/runner/work/ozone/ozone/hadoop-hdds/annotations/target/classes:/home/runner/.m2/repository/javax/annotation/javax.annotation-api/1.3.2/javax.annotation-api-1.3.2.jar:/home/runner/.m2/repository/org/apache/ratis/ratis-netty/3.0.1/ratis-netty-3.0.1.jar:/home/runner/.m2/repository/org/apache/ratis/ratis-grpc/3.0.1/ratis-grpc-3.0.1.jar:/home/runner/.m2/repository/org/bouncycastle/bcpkix-jdk18on/1.78.1/bcpkix-jdk18on-1.78.1.jar:/home/runner/.m2/repository/org/bouncycastle/bcutil-jdk18on/1.78.1/bcutil-jdk18on-1.78.1.jar:/home/runner/.m2/repository/commons-validator/commons-validator/1.6/commons-validator-1.6.jar:/home/runner/.m2/repository/commons-beanutils/commons-beanutils/1.9.4/commons-beanutils-1.9.4.jar:/home/runner/.m2/repository/commons-digester/commons-digester/1.8.1/commons-digester-1.8.1.jar:/home/runner/.m2/repository/commons-collections/commons-collections/3.2.2/commons-collections-3.2.2.jar:/home/runner/.m2/repository/io/jaegertracing/jaeger-client/1.8.1/jaeger-client-1.8.1.jar:/home/runner/.m2/repository/io/jaegertracing/jaeger-thrift/1.8.1/jaeger-thrift-1.8.1.jar:/home/runner/.m2/repository/org/apache/thrift/libthrift/0.15.0/libthrift-0.15.0.jar:/home/runner/.m2/repository/io/jaegertracing/jaeger-core/1.8.1/jaeger-core-1.8.1.jar:/home/runner/.m2/repository/io/jaegertracing/jaeger-tracerresolver/1.8.1/jaeger-tracerresolver-1.8.1.jar:/home/runner/.m2/repository/io/opentracing/contrib/opentracing-tracerresolver/0.1.8/opentracing-tracerresolver-0.1.8.jar:/home/runner/.m2/repository/org/jetbrains/kotlin/kotlin-stdlib/1.9.22/kotlin-stdlib-1.9.22.jar:/home/runner/.m2/repository/org/jetbrains/annotations/13.0/annotations-13.0.jar:/home/runner/.m2/repository/io/opentracing/opentracing-util/0.33.0/opentracing-util-0.33.0.jar:/home/runner/.m2/repository/io/opentracing/opentracing-api/0.33.0/opentracing-api-0.33.0.jar:/home/runner/.m2/repository/io/opentracing/opentracing-noop/0.33.0/opentracing-noop-0.33.0.jar:/home/runner/.m2/repository/org/yaml/snakeyaml/2.0/snakeyaml-2.0.jar:/home/runner/.m2/repository/io/grpc/grpc-api/1.58.0/grpc-api-1.58.0.jar:/home/runner/.m2/repository/org/junit/platform/junit-platform-launcher/1.10.2/junit-platform-launcher-1.10.2.jar:/home/runner/.m2/repository/org/junit/platform/junit-platform-engine/1.10.2/junit-platform-engine-1.10.2.jar:/home/runner/.m2/repository/org/apiguardian/apiguardian-api/1.1.2/apiguardian-api-1.1.2.jar:/home/runner/.m2/repository/org/apache/hadoop/hadoop-kms/3.3.6/hadoop-kms-3.3.6.jar:/home/runner/.m2/repository/org/apache/hadoop/hadoop-auth/3.3.6/hadoop-auth-3.3.6.jar:/home/runner/.m2/repository/org/apache/zookeeper/zookeeper/3.8.4/zookeeper-3.8.4.jar:/home/runner/.m2/repository/org/apache/zookeeper/zookeeper-jute/3.8.4/zookeeper-jute-3.8.4.jar:/home/runner/.m2/repository/org/apache/yetus/audience-annotations/0.12.0/audience-annotations-0.12.0.jar:/home/runner/.m2/repository/org/apache/curator/curator-framework/4.2.0/curator-framework-4.2.0.jar:/home/runner/.m2/repository/org/apache/hadoop/thirdparty/hadoop-shaded-guava/1.2.0/hadoop-shaded-guava-1.2.0.jar:/home/runner/.m2/repository/com/sun/jersey/jersey-core/1.19.4/jersey-core-1.19.4.jar:/home/runner/.m2/repository/javax/ws/rs/jsr311-api/1.1.1/jsr311-api-1.1.1.jar:/home/runner/.m2/repository/com/sun/jersey/jersey-server/1.19.4/jersey-server-1.19.4.jar:/home/runner/.m2/repository/javax/servlet/javax.servlet-api/3.1.0/javax.servlet-api-3.1.0.jar:/home/runner/.m2/repository/org/apache/hadoop/hadoop-common/3.3.6/hadoop-common-3.3.6.jar:/home/runner/.m2/repository/org/apache/commons/commons-math3/3.6.1/commons-math3-3.6.1.jar:/home/runner/.m2/repository/commons-net/commons-net/3.10.0/commons-net-3.10.0.jar:/home/runner/.m2/repository/com/sun/jersey/jersey-servlet/1.19.4/jersey-servlet-1.19.4.jar:/home/runner/.m2/repository/com/github/pjfanning/jersey-json/1.20/jersey-json-1.20.jar:/home/runner/.m2/repository/org/codehaus/jettison/jettison/1.1/jettison-1.1.jar:/home/runner/.m2/repository/com/sun/xml/bind/jaxb-impl/2.2.3-1/jaxb-impl-2.2.3-1.jar:/home/runner/.m2/repository/com/google/re2j/re2j/1.7/re2j-1.7.jar:/home/runner/.m2/repository/com/jcraft/jsch/0.1.55/jsch-0.1.55.jar:/home/runner/.m2/repository/org/apache/curator/curator-client/4.2.0/curator-client-4.2.0.jar:/home/runner/.m2/repository/org/apache/curator/curator-recipes/5.2.0/curator-recipes-5.2.0.jar:/home/runner/.m2/repository/com/google/code/findbugs/jsr305/3.0.2/jsr305-3.0.2.jar:/home/runner/.m2/repository/dnsjava/dnsjava/2.1.9/dnsjava-2.1.9.jar:/home/runner/.m2/repository/com/fasterxml/jackson/core/jackson-databind/2.16.1/jackson-databind-2.16.1.jar:/home/runner/.m2/repository/org/apache/hadoop/hadoop-kms/3.3.6/hadoop-kms-3.3.6-tests.jar:/home/runner/work/ozone/ozone/hadoop-hdds/server-scm/target/test-classes:/home/runner/work/ozone/ozone/hadoop-hdds/container-service/target/test-classes:/home/runner/.m2/repository/com/github/luben/zstd-jni/1.5.6-2/zstd-jni-1.5.6-2.jar:/home/runner/.m2/repository/commons-codec/commons-codec/1.15/commons-codec-1.15.jar:/home/runner/.m2/repository/io/netty/netty-codec/4.1.109.Final/netty-codec-4.1.109.Final.jar:/home/runner/.m2/repository/io/netty/netty-handler/4.1.109.Final/netty-handler-4.1.109.Final.jar:/home/runner/work/ozone/ozone/hadoop-hdds/hadoop-dependency-test/target/classes:/home/runner/.m2/repository/org/apache/hadoop/hadoop-common/3.3.6/hadoop-common-3.3.6-tests.jar:/home/runner/.m2/repository/org/apache/hadoop/hadoop-hdfs/3.3.6/hadoop-hdfs-3.3.6-tests.jar:/home/runner/.m2/repository/org/junit/jupiter/junit-jupiter-engine/5.10.2/junit-jupiter-engine-5.10.2.jar:/home/runner/.m2/repository/org/junit/jupiter/junit-jupiter-params/5.10.2/junit-jupiter-params-5.10.2.jar:/home/runner/.m2/repository/org/mockito/mockito-core/4.11.0/mockito-core-4.11.0.jar:/home/runner/.m2/repository/net/bytebuddy/byte-buddy/1.12.19/byte-buddy-1.12.19.jar:/home/runner/.m2/repository/net/bytebuddy/byte-buddy-agent/1.12.19/byte-buddy-agent-1.12.19.jar:/home/runner/.m2/repository/org/objenesis/objenesis/3.3/objenesis-3.3.jar:/home/runner/.m2/repository/org/mockito/mockito-inline/4.11.0/mockito-inline-4.11.0.jar:/home/runner/.m2/repository/org/mockito/mockito-junit-jupiter/4.11.0/mockito-junit-jupiter-4.11.0.jar:/home/runner/.m2/repository/org/apache/hadoop/hadoop-distcp/3.3.6/hadoop-distcp-3.3.6.jar:/home/runner/.m2/repository/org/apache/hadoop/hadoop-mapreduce-client-jobclient/3.3.6/hadoop-mapreduce-client-jobclient-3.3.6.jar:/home/runner/.m2/repository/org/apache/hadoop/hadoop-mapreduce-client-common/3.3.6/hadoop-mapreduce-client-common-3.3.6.jar:/home/runner/.m2/repository/org/apache/hadoop/hadoop-yarn-common/3.3.6/hadoop-yarn-common-3.3.6.jar:/home/runner/.m2/repository/org/apache/hadoop/hadoop-yarn-api/3.3.6/hadoop-yarn-api-3.3.6.jar:/home/runner/.m2/repository/javax/xml/bind/jaxb-api/2.2.11/jaxb-api-2.2.11.jar:/home/runner/.m2/repository/com/sun/jersey/contribs/jersey-guice/1.19.4/jersey-guice-1.19.4.jar:/home/runner/.m2/repository/com/fasterxml/jackson/jaxrs/jackson-jaxrs-json-provider/2.16.1/jackson-jaxrs-json-provider-2.16.1.jar:/home/runner/.m2/repository/com/fasterxml/jackson/jaxrs/jackson-jaxrs-base/2.16.1/jackson-jaxrs-base-2.16.1.jar:/home/runner/.m2/repository/org/apache/hadoop/hadoop-yarn-client/3.3.6/hadoop-yarn-client-3.3.6.jar:/home/runner/.m2/repository/org/eclipse/jetty/websocket/websocket-client/9.4.51.v20230217/websocket-client-9.4.51.v20230217.jar:/home/runner/.m2/repository/org/eclipse/jetty/websocket/websocket-common/9.4.51.v20230217/websocket-common-9.4.51.v20230217.jar:/home/runner/.m2/repository/org/eclipse/jetty/websocket/websocket-api/9.4.51.v20230217/websocket-api-9.4.51.v20230217.jar:/home/runner/.m2/repository/org/jline/jline/3.9.0/jline-3.9.0.jar:/home/runner/.m2/repository/org/apache/hadoop/hadoop-mapreduce-client-core/3.3.6/hadoop-mapreduce-client-core-3.3.6.jar:/home/runner/.m2/repository/org/apache/avro/avro/1.7.7/avro-1.7.7.jar:/home/runner/.m2/repository/com/thoughtworks/paranamer/paranamer/2.3/paranamer-2.3.jar:/home/runner/.m2/repository/org/apache/hadoop/hadoop-annotations/3.3.6/hadoop-annotations-3.3.6.jar:/home/runner/.m2/repository/io/netty/netty/3.10.6.Final/netty-3.10.6.Final.jar:/home/runner/.m2/repository/org/apache/hadoop/hadoop-distcp/3.3.6/hadoop-distcp-3.3.6-tests.jar:/home/runner/.m2/repository/org/hamcrest/hamcrest/2.2/hamcrest-2.2.jar:/home/runner/.m2/repository/org/slf4j/jul-to-slf4j/2.0.12/jul-to-slf4j-2.0.12.jar:/home/runner/work/ozone/ozone/hadoop-ozone/integration-test/target/gradle-enterprise/test-listeners.jar:"/>
    <property name="sun.cpu.endian" value="little"/>
    <property name="user.home" value="/home/runner"/>
    <property name="user.language" value="en"/>
    <property name="java.specification.vendor" value="Oracle Corporation"/>
    <property name="java.version.date" value="2024-01-16"/>
    <property name="java.home" value="/usr/lib/jvm/temurin-17-jdk-amd64"/>
    <property name="java.security.krb5.conf" value="/home/runner/work/ozone/ozone/hadoop-ozone/integration-test/target/test-classes/krb5.conf"/>
    <property name="file.separator" value="/"/>
    <property name="basedir" value="/home/runner/work/ozone/ozone/hadoop-ozone/integration-test"/>
    <property name="java.vm.compressedOopsMode" value="Zero based"/>
    <property name="line.separator" value="&#10;"/>
    <property name="java.vm.specification.vendor" value="Oracle Corporation"/>
    <property name="java.specification.name" value="Java Platform API Specification"/>
    <property name="skip.installnpx" value="true"/>
    <property name="surefire.real.class.path" value="/home/runner/work/ozone/ozone/hadoop-ozone/integration-test/target/surefire/surefirebooter295790089628668145.jar"/>
    <property name="hadoop.log.dir" value="/home/runner/work/ozone/ozone/hadoop-ozone/integration-test/target/log"/>
    <property name="sun.management.compiler" value="HotSpot 64-Bit Tiered Compilers"/>
    <property name="java.runtime.version" value="17.0.10+7"/>
    <property name="skip.npx" value="true"/>
    <property name="user.name" value="runner"/>
    <property name="java.net.preferIPv4Stack" value="true"/>
    <property name="path.separator" value=":"/>
    <property name="java.security.egd" value="file:///dev/urandom"/>
    <property name="os.version" value="5.15.0-1061-azure"/>
    <property name="java.runtime.name" value="OpenJDK Runtime Environment"/>
    <property name="com.gradle.maven.scan.extension.test.listener.junitplatform.NestedExecutionSafeDelegatingTestExecutionListener" value="2805d709"/>
    <property name="file.encoding" value="UTF-8"/>
    <property name="java.vm.name" value="OpenJDK 64-Bit Server VM"/>
    <property name="java.vendor.version" value="Temurin-17.0.10+7"/>
    <property name="test.build.webapps" value=""/>
    <property name="gradle.enterprise.listener.port" value="44427"/>
    <property name="localRepository" value="/home/runner/.m2/repository"/>
    <property name="java.vendor.url.bug" value="https://github.com/adoptium/adoptium-support/issues"/>
    <property name="jetty.git.hash" value="cef3fbd6d736a21e7d541a5db490381d95a2047d"/>
    <property name="java.io.tmpdir" value="/tmp"/>
    <property name="require.test.libhadoop" value=""/>
    <property name="java.version" value="17.0.10"/>
    <property name="user.dir" value="/home/runner/work/ozone/ozone/hadoop-ozone/integration-test"/>
    <property name="os.arch" value="amd64"/>
    <property name="java.vm.specification.name" value="Java Virtual Machine Specification"/>
    <property name="test.build.classes" value="/home/runner/work/ozone/ozone/hadoop-ozone/integration-test/target/test-classes"/>
    <property name="org.apache.ratis.thirdparty.io.netty.allocator.useCacheForAllThreads" value="false"/>
    <property name="native.encoding" value="UTF-8"/>
    <property name="hadoop.tmp.dir" value="/home/runner/work/ozone/ozone/hadoop-ozone/integration-test/target/tmp"/>
    <property name="java.library.path" value="/usr/java/packages/lib:/usr/lib64:/lib64:/lib:/usr/lib"/>
    <property name="java.vm.info" value="mixed mode, sharing"/>
    <property name="java.vendor" value="Eclipse Adoptium"/>
    <property name="java.vm.version" value="17.0.10+7"/>
    <property name="sun.io.unicode.encoding" value="UnicodeLittle"/>
    <property name="java.class.version" value="61.0"/>
  </properties>
  <testcase name="testUncommittedBlocks" classname="org.apache.hadoop.fs.ozone.TestHSync" time="0.521"/>
  <testcase name="testConcurrentWriteHSync" classname="org.apache.hadoop.fs.ozone.TestHSync" time="101.42"/>
  <testcase name="testO3fsHSync" classname="org.apache.hadoop.fs.ozone.TestHSync" time="8.649">
    <error type="java.io.IOException"><![CDATA[java.io.IOException: Inconsistent read for blockID=conID: 2 locID: 113750153625600329 bcsId: 0 length=543 position=512 numBytesToRead=31 numBytesRead=-1
	at org.apache.hadoop.ozone.client.io.KeyInputStream.checkPartBytesRead(KeyInputStream.java:187)
	at org.apache.hadoop.hdds.scm.storage.MultipartInputStream.readWithStrategy(MultipartInputStream.java:97)
	at org.apache.hadoop.hdds.scm.storage.ExtendedInputStream.read(ExtendedInputStream.java:56)
	at org.apache.hadoop.fs.ozone.OzoneFSInputStream.read(OzoneFSInputStream.java:79)
	at java.base/java.io.DataInputStream.read(DataInputStream.java:151)
	at org.apache.hadoop.fs.ozone.TestHSync.runTestHSync(TestHSync.java:382)
	at org.apache.hadoop.fs.ozone.TestHSync.runTestHSync(TestHSync.java:335)
	at org.apache.hadoop.fs.ozone.TestHSync.testO3fsHSync(TestHSync.java:211)
	at java.base/java.lang.reflect.Method.invoke(Method.java:568)
	at java.base/java.util.ArrayList.forEach(ArrayList.java:1511)
	at java.base/java.util.ArrayList.forEach(ArrayList.java:1511)
]]></error>
    <system-out><![CDATA[2024-05-06 09:04:03,873 [main] INFO  protocolPB.OmTransportFactory (OmTransportFactory.java:createFactory(62)) - Loading OM transport implementation org.apache.hadoop.ozone.om.protocolPB.Hadoop3OmTransportFactory as specified by configuration.
2024-05-06 09:04:03,880 [main] INFO  ozone.TestHSync (TestHSync.java:runTestHSync(369)) - runTestHSync /file0 with size 1, skipLength=0
2024-05-06 09:04:03,894 [IPC Server handler 6 on default port 15004] DEBUG key.OMKeyCommitRequestWithFSO (OMKeyCommitRequestWithFSO.java:validateAndUpdateCache(110)) - isHSync = true, volumeName = volume67812, bucketName = bucket15470, keyName = file0
2024-05-06 09:04:03,895 [IPC Server handler 6 on default port 15004] DEBUG key.OMKeyCommitRequestWithFSO (OMKeyCommitRequestWithFSO.java:validateAndUpdateCache(282)) - Key commit succeeded with isHSync = true, omKeyInfo = OmKeyInfo{volumeName='volume67812', bucketName='bucket15470', keyName='file0', dataSize=1, keyLocationVersions=[version:0 isMultipartKey:false conID 1 locID 113750153625600104 bcsID 0 || ], creationTime=1714986243879, modificationTime=1714986243894, replicationConfig=RATIS/THREE, encInfo=null, fileChecksum=null, isFile=true, fileName='file0', acls=[user:runner:a[ACCESS], group:docker:a[ACCESS], group:adm:a[ACCESS], group:systemd-journal:a[ACCESS]]}
2024-05-06 09:04:03,998 [main] INFO  ozone.TestHSync (TestHSync.java:runTestHSync(369)) - runTestHSync /file0 with size 31, skipLength=1
2024-05-06 09:04:04,007 [IPC Server handler 8 on default port 15004] DEBUG key.OMKeyCommitRequestWithFSO (OMKeyCommitRequestWithFSO.java:validateAndUpdateCache(110)) - isHSync = true, volumeName = volume67812, bucketName = bucket15470, keyName = file0
2024-05-06 09:04:04,007 [IPC Server handler 8 on default port 15004] DEBUG key.OMKeyCommitRequestWithFSO (OMKeyCommitRequestWithFSO.java:validateAndUpdateCache(282)) - Key commit succeeded with isHSync = true, omKeyInfo = OmKeyInfo{volumeName='volume67812', bucketName='bucket15470', keyName='file0', dataSize=32, keyLocationVersions=[version:0 isMultipartKey:false conID 1 locID 113750153625600104 bcsID 0 || ], creationTime=1714986243879, modificationTime=1714986244006, replicationConfig=RATIS/THREE, encInfo=null, fileChecksum=null, isFile=true, fileName='file0', acls=[user:runner:a[ACCESS], group:docker:a[ACCESS], group:adm:a[ACCESS], group:systemd-journal:a[ACCESS]]}
2024-05-06 09:04:04,038 [main] INFO  ozone.TestHSync (TestHSync.java:runTestHSync(369)) - runTestHSync /file0 with size 32, skipLength=32
2024-05-06 09:04:04,051 [IPC Server handler 9 on default port 15004] DEBUG key.OMKeyCommitRequestWithFSO (OMKeyCommitRequestWithFSO.java:validateAndUpdateCache(110)) - isHSync = true, volumeName = volume67812, bucketName = bucket15470, keyName = file0
2024-05-06 09:04:04,052 [IPC Server handler 9 on default port 15004] DEBUG key.OMKeyCommitRequestWithFSO (OMKeyCommitRequestWithFSO.java:validateAndUpdateCache(282)) - Key commit succeeded with isHSync = true, omKeyInfo = OmKeyInfo{volumeName='volume67812', bucketName='bucket15470', keyName='file0', dataSize=64, keyLocationVersions=[version:0 isMultipartKey:false conID 1 locID 113750153625600104 bcsID 0 || ], creationTime=1714986243879, modificationTime=1714986244051, replicationConfig=RATIS/THREE, encInfo=null, fileChecksum=null, isFile=true, fileName='file0', acls=[user:runner:a[ACCESS], group:docker:a[ACCESS], group:adm:a[ACCESS], group:systemd-journal:a[ACCESS]]}
2024-05-06 09:04:04,068 [main] INFO  ozone.TestHSync (TestHSync.java:runTestHSync(369)) - runTestHSync /file0 with size 33, skipLength=64
2024-05-06 09:04:04,073 [IPC Server handler 13 on default port 15004] DEBUG key.OMKeyCommitRequestWithFSO (OMKeyCommitRequestWithFSO.java:validateAndUpdateCache(110)) - isHSync = true, volumeName = volume67812, bucketName = bucket15470, keyName = file0
2024-05-06 09:04:04,074 [IPC Server handler 13 on default port 15004] DEBUG key.OMKeyCommitRequestWithFSO (OMKeyCommitRequestWithFSO.java:validateAndUpdateCache(282)) - Key commit succeeded with isHSync = true, omKeyInfo = OmKeyInfo{volumeName='volume67812', bucketName='bucket15470', keyName='file0', dataSize=97, keyLocationVersions=[version:0 isMultipartKey:false conID 1 locID 113750153625600104 bcsID 0 || ], creationTime=1714986243879, modificationTime=1714986244073, replicationConfig=RATIS/THREE, encInfo=null, fileChecksum=null, isFile=true, fileName='file0', acls=[user:runner:a[ACCESS], group:docker:a[ACCESS], group:adm:a[ACCESS], group:systemd-journal:a[ACCESS]]}
2024-05-06 09:04:04,086 [main] INFO  ozone.TestHSync (TestHSync.java:runTestHSync(369)) - runTestHSync /file0 with size 1023, skipLength=97
2024-05-06 09:04:04,092 [IPC Server handler 12 on default port 15004] DEBUG key.OMKeyCommitRequestWithFSO (OMKeyCommitRequestWithFSO.java:validateAndUpdateCache(110)) - isHSync = true, volumeName = volume67812, bucketName = bucket15470, keyName = file0
2024-05-06 09:04:04,092 [IPC Server handler 12 on default port 15004] DEBUG key.OMKeyCommitRequestWithFSO (OMKeyCommitRequestWithFSO.java:validateAndUpdateCache(282)) - Key commit succeeded with isHSync = true, omKeyInfo = OmKeyInfo{volumeName='volume67812', bucketName='bucket15470', keyName='file0', dataSize=1120, keyLocationVersions=[version:0 isMultipartKey:false conID 1 locID 113750153625600104 bcsID 0 || ], creationTime=1714986243879, modificationTime=1714986244092, replicationConfig=RATIS/THREE, encInfo=null, fileChecksum=null, isFile=true, fileName='file0', acls=[user:runner:a[ACCESS], group:docker:a[ACCESS], group:adm:a[ACCESS], group:systemd-journal:a[ACCESS]]}
2024-05-06 09:04:04,106 [main] INFO  ozone.TestHSync (TestHSync.java:runTestHSync(369)) - runTestHSync /file0 with size 1024, skipLength=1120
2024-05-06 09:04:04,111 [IPC Server handler 17 on default port 15004] DEBUG key.OMKeyCommitRequestWithFSO (OMKeyCommitRequestWithFSO.java:validateAndUpdateCache(110)) - isHSync = true, volumeName = volume67812, bucketName = bucket15470, keyName = file0
2024-05-06 09:04:04,111 [IPC Server handler 17 on default port 15004] DEBUG key.OMKeyCommitRequestWithFSO (OMKeyCommitRequestWithFSO.java:validateAndUpdateCache(282)) - Key commit succeeded with isHSync = true, omKeyInfo = OmKeyInfo{volumeName='volume67812', bucketName='bucket15470', keyName='file0', dataSize=2144, keyLocationVersions=[version:0 isMultipartKey:false conID 1 locID 113750153625600104 bcsID 0 || ], creationTime=1714986243879, modificationTime=1714986244111, replicationConfig=RATIS/THREE, encInfo=null, fileChecksum=null, isFile=true, fileName='file0', acls=[user:runner:a[ACCESS], group:docker:a[ACCESS], group:adm:a[ACCESS], group:systemd-journal:a[ACCESS]]}
2024-05-06 09:04:04,123 [main] INFO  ozone.TestHSync (TestHSync.java:runTestHSync(369)) - runTestHSync /file0 with size 1025, skipLength=2144
2024-05-06 09:04:04,129 [IPC Server handler 18 on default port 15004] DEBUG key.OMKeyCommitRequestWithFSO (OMKeyCommitRequestWithFSO.java:validateAndUpdateCache(110)) - isHSync = true, volumeName = volume67812, bucketName = bucket15470, keyName = file0
2024-05-06 09:04:04,129 [IPC Server handler 18 on default port 15004] DEBUG key.OMKeyCommitRequestWithFSO (OMKeyCommitRequestWithFSO.java:validateAndUpdateCache(282)) - Key commit succeeded with isHSync = true, omKeyInfo = OmKeyInfo{volumeName='volume67812', bucketName='bucket15470', keyName='file0', dataSize=3169, keyLocationVersions=[version:0 isMultipartKey:false conID 1 locID 113750153625600104 bcsID 0 || ], creationTime=1714986243879, modificationTime=1714986244129, replicationConfig=RATIS/THREE, encInfo=null, fileChecksum=null, isFile=true, fileName='file0', acls=[user:runner:a[ACCESS], group:docker:a[ACCESS], group:adm:a[ACCESS], group:systemd-journal:a[ACCESS]]}
2024-05-06 09:04:04,144 [main] INFO  ozone.TestHSync (TestHSync.java:runTestHSync(369)) - runTestHSync /file0 with size 32767, skipLength=3169
2024-05-06 09:04:04,152 [IPC Server handler 0 on default port 15004] DEBUG key.OMKeyCommitRequestWithFSO (OMKeyCommitRequestWithFSO.java:validateAndUpdateCache(110)) - isHSync = true, volumeName = volume67812, bucketName = bucket15470, keyName = file0
2024-05-06 09:04:04,152 [IPC Server handler 0 on default port 15004] DEBUG key.OMKeyCommitRequestWithFSO (OMKeyCommitRequestWithFSO.java:validateAndUpdateCache(282)) - Key commit succeeded with isHSync = true, omKeyInfo = OmKeyInfo{volumeName='volume67812', bucketName='bucket15470', keyName='file0', dataSize=35936, keyLocationVersions=[version:0 isMultipartKey:false conID 1 locID 113750153625600104 bcsID 0 || ], creationTime=1714986243879, modificationTime=1714986244152, replicationConfig=RATIS/THREE, encInfo=null, fileChecksum=null, isFile=true, fileName='file0', acls=[user:runner:a[ACCESS], group:docker:a[ACCESS], group:adm:a[ACCESS], group:systemd-journal:a[ACCESS]]}
2024-05-06 09:04:04,170 [main] INFO  ozone.TestHSync (TestHSync.java:runTestHSync(369)) - runTestHSync /file0 with size 32768, skipLength=35936
2024-05-06 09:04:04,176 [IPC Server handler 2 on default port 15004] DEBUG key.OMKeyCommitRequestWithFSO (OMKeyCommitRequestWithFSO.java:validateAndUpdateCache(110)) - isHSync = true, volumeName = volume67812, bucketName = bucket15470, keyName = file0
2024-05-06 09:04:04,177 [IPC Server handler 2 on default port 15004] DEBUG key.OMKeyCommitRequestWithFSO (OMKeyCommitRequestWithFSO.java:validateAndUpdateCache(282)) - Key commit succeeded with isHSync = true, omKeyInfo = OmKeyInfo{volumeName='volume67812', bucketName='bucket15470', keyName='file0', dataSize=68704, keyLocationVersions=[version:0 isMultipartKey:false conID 1 locID 113750153625600104 bcsID 0 || ], creationTime=1714986243879, modificationTime=1714986244176, replicationConfig=RATIS/THREE, encInfo=null, fileChecksum=null, isFile=true, fileName='file0', acls=[user:runner:a[ACCESS], group:docker:a[ACCESS], group:adm:a[ACCESS], group:systemd-journal:a[ACCESS]]}
2024-05-06 09:04:04,197 [main] INFO  ozone.TestHSync (TestHSync.java:runTestHSync(369)) - runTestHSync /file0 with size 32769, skipLength=68704
2024-05-06 09:04:04,208 [IPC Server handler 4 on default port 15004] DEBUG key.OMKeyCommitRequestWithFSO (OMKeyCommitRequestWithFSO.java:validateAndUpdateCache(110)) - isHSync = true, volumeName = volume67812, bucketName = bucket15470, keyName = file0
2024-05-06 09:04:04,208 [IPC Server handler 4 on default port 15004] DEBUG key.OMKeyCommitRequestWithFSO (OMKeyCommitRequestWithFSO.java:validateAndUpdateCache(282)) - Key commit succeeded with isHSync = true, omKeyInfo = OmKeyInfo{volumeName='volume67812', bucketName='bucket15470', keyName='file0', dataSize=101473, keyLocationVersions=[version:0 isMultipartKey:false conID 1 locID 113750153625600104 bcsID 0 || ], creationTime=1714986243879, modificationTime=1714986244208, replicationConfig=RATIS/THREE, encInfo=null, fileChecksum=null, isFile=true, fileName='file0', acls=[user:runner:a[ACCESS], group:docker:a[ACCESS], group:adm:a[ACCESS], group:systemd-journal:a[ACCESS]]}
2024-05-06 09:04:04,236 [main] INFO  ozone.TestHSync (TestHSync.java:runTestHSync(369)) - runTestHSync /file0 with size 1048575, skipLength=101473
2024-05-06 09:04:04,480 [IPC Server handler 12 on default port 15004] DEBUG key.OMKeyCommitRequestWithFSO (OMKeyCommitRequestWithFSO.java:validateAndUpdateCache(110)) - isHSync = true, volumeName = volume67812, bucketName = bucket15470, keyName = file0
2024-05-06 09:04:04,481 [IPC Server handler 12 on default port 15004] DEBUG key.OMKeyCommitRequestWithFSO (OMKeyCommitRequestWithFSO.java:validateAndUpdateCache(282)) - Key commit succeeded with isHSync = true, omKeyInfo = OmKeyInfo{volumeName='volume67812', bucketName='bucket15470', keyName='file0', dataSize=1150048, keyLocationVersions=[version:0 isMultipartKey:false conID 1 locID 113750153625600104 bcsID 3325 || conID 2 locID 113750153625600105 bcsID 3351 || conID 1 locID 113750153625600106 bcsID 3375 || conID 4 locID 113750153625600107 bcsID 3295 || conID 3 locID 113750153625600108 bcsID 3321 || conID 2 locID 113750153625600109 bcsID 3397 || conID 1 locID 113750153625600110 bcsID 3426 || conID 2 locID 113750153625600111 bcsID 3452 || conID 1 locID 113750153625600112 bcsID 0 || ], creationTime=1714986243879, modificationTime=1714986244480, replicationConfig=RATIS/THREE, encInfo=null, fileChecksum=null, isFile=true, fileName='file0', acls=[user:runner:a[ACCESS], group:docker:a[ACCESS], group:adm:a[ACCESS], group:systemd-journal:a[ACCESS]]}
2024-05-06 09:04:04,623 [main] INFO  ozone.TestHSync (TestHSync.java:runTestHSync(369)) - runTestHSync /file0 with size 1048576, skipLength=1150048
2024-05-06 09:04:04,785 [IPC Server handler 4 on default port 15004] DEBUG key.OMKeyCommitRequestWithFSO (OMKeyCommitRequestWithFSO.java:validateAndUpdateCache(110)) - isHSync = true, volumeName = volume67812, bucketName = bucket15470, keyName = file0
2024-05-06 09:04:04,786 [IPC Server handler 4 on default port 15004] DEBUG key.OMKeyCommitRequestWithFSO (OMKeyCommitRequestWithFSO.java:validateAndUpdateCache(282)) - Key commit succeeded with isHSync = true, omKeyInfo = OmKeyInfo{volumeName='volume67812', bucketName='bucket15470', keyName='file0', dataSize=2198624, keyLocationVersions=[version:0 isMultipartKey:false conID 1 locID 113750153625600104 bcsID 3325 || conID 2 locID 113750153625600105 bcsID 3351 || conID 1 locID 113750153625600106 bcsID 3375 || conID 4 locID 113750153625600107 bcsID 3295 || conID 3 locID 113750153625600108 bcsID 3321 || conID 2 locID 113750153625600109 bcsID 3397 || conID 1 locID 113750153625600110 bcsID 3426 || conID 2 locID 113750153625600111 bcsID 3452 || conID 1 locID 113750153625600112 bcsID 3484 || conID 4 locID 113750153625600113 bcsID 3347 || conID 3 locID 113750153625600114 bcsID 3373 || conID 4 locID 113750153625600115 bcsID 3398 || conID 2 locID 113750153625600116 bcsID 3505 || conID 1 locID 113750153625600117 bcsID 3531 || conID 2 locID 113750153625600118 bcsID 3556 || conID 3 locID 113750153625600119 bcsID 3424 || conID 4 locID 113750153625600120 bcsID 0 || ], creationTime=1714986243879, modificationTime=1714986244785, replicationConfig=RATIS/THREE, encInfo=null, fileChecksum=null, isFile=true, fileName='file0', acls=[user:runner:a[ACCESS], group:docker:a[ACCESS], group:adm:a[ACCESS], group:systemd-journal:a[ACCESS]]}
2024-05-06 09:04:04,965 [main] INFO  ozone.TestHSync (TestHSync.java:runTestHSync(369)) - runTestHSync /file0 with size 1048577, skipLength=2198624
2024-05-06 09:04:05,148 [IPC Server handler 12 on default port 15004] DEBUG key.OMKeyCommitRequestWithFSO (OMKeyCommitRequestWithFSO.java:validateAndUpdateCache(110)) - isHSync = true, volumeName = volume67812, bucketName = bucket15470, keyName = file0
2024-05-06 09:04:05,148 [IPC Server handler 12 on default port 15004] DEBUG key.OMKeyCommitRequestWithFSO (OMKeyCommitRequestWithFSO.java:validateAndUpdateCache(282)) - Key commit succeeded with isHSync = true, omKeyInfo = OmKeyInfo{volumeName='volume67812', bucketName='bucket15470', keyName='file0', dataSize=3247201, keyLocationVersions=[version:0 isMultipartKey:false conID 1 locID 113750153625600104 bcsID 3325 || conID 2 locID 113750153625600105 bcsID 3351 || conID 1 locID 113750153625600106 bcsID 3375 || conID 4 locID 113750153625600107 bcsID 3295 || conID 3 locID 113750153625600108 bcsID 3321 || conID 2 locID 113750153625600109 bcsID 3397 || conID 1 locID 113750153625600110 bcsID 3426 || conID 2 locID 113750153625600111 bcsID 3452 || conID 1 locID 113750153625600112 bcsID 3484 || conID 4 locID 113750153625600113 bcsID 3347 || conID 3 locID 113750153625600114 bcsID 3373 || conID 4 locID 113750153625600115 bcsID 3398 || conID 2 locID 113750153625600116 bcsID 3505 || conID 1 locID 113750153625600117 bcsID 3531 || conID 2 locID 113750153625600118 bcsID 3556 || conID 3 locID 113750153625600119 bcsID 3424 || conID 4 locID 113750153625600120 bcsID 3456 || conID 3 locID 113750153625600121 bcsID 3478 || conID 1 locID 113750153625600122 bcsID 3584 || conID 2 locID 113750153625600123 bcsID 3609 || conID 4 locID 113750153625600124 bcsID 3501 || conID 1 locID 113750153625600125 bcsID 3634 || conID 3 locID 113750153625600126 bcsID 3529 || conID 4 locID 113750153625600127 bcsID 3556 || conID 3 locID 113750153625600128 bcsID 0 || ], creationTime=1714986243879, modificationTime=1714986245148, replicationConfig=RATIS/THREE, encInfo=null, fileChecksum=null, isFile=true, fileName='file0', acls=[user:runner:a[ACCESS], group:docker:a[ACCESS], group:adm:a[ACCESS], group:systemd-journal:a[ACCESS]]}
2024-05-06 09:04:05,383 [IPC Server handler 17 on default port 15004] DEBUG key.OMKeyCommitRequestWithFSO (OMKeyCommitRequestWithFSO.java:validateAndUpdateCache(110)) - isHSync = false, volumeName = volume67812, bucketName = bucket15470, keyName = file0
2024-05-06 09:04:05,384 [IPC Server handler 17 on default port 15004] DEBUG key.OMKeyCommitRequestWithFSO (OMKeyCommitRequestWithFSO.java:validateAndUpdateCache(282)) - Key commit succeeded with isHSync = false, omKeyInfo = OmKeyInfo{volumeName='volume67812', bucketName='bucket15470', keyName='file0', dataSize=3247201, keyLocationVersions=[version:0 isMultipartKey:false conID 1 locID 113750153625600104 bcsID 3325 || conID 2 locID 113750153625600105 bcsID 3351 || conID 1 locID 113750153625600106 bcsID 3375 || conID 4 locID 113750153625600107 bcsID 3295 || conID 3 locID 113750153625600108 bcsID 3321 || conID 2 locID 113750153625600109 bcsID 3397 || conID 1 locID 113750153625600110 bcsID 3426 || conID 2 locID 113750153625600111 bcsID 3452 || conID 1 locID 113750153625600112 bcsID 3484 || conID 4 locID 113750153625600113 bcsID 3347 || conID 3 locID 113750153625600114 bcsID 3373 || conID 4 locID 113750153625600115 bcsID 3398 || conID 2 locID 113750153625600116 bcsID 3505 || conID 1 locID 113750153625600117 bcsID 3531 || conID 2 locID 113750153625600118 bcsID 3556 || conID 3 locID 113750153625600119 bcsID 3424 || conID 4 locID 113750153625600120 bcsID 3456 || conID 3 locID 113750153625600121 bcsID 3478 || conID 1 locID 113750153625600122 bcsID 3584 || conID 2 locID 113750153625600123 bcsID 3609 || conID 4 locID 113750153625600124 bcsID 3501 || conID 1 locID 113750153625600125 bcsID 3634 || conID 3 locID 113750153625600126 bcsID 3529 || conID 4 locID 113750153625600127 bcsID 3556 || conID 3 locID 113750153625600128 bcsID 3581 || ], creationTime=1714986243879, modificationTime=1714986245383, replicationConfig=RATIS/THREE, encInfo=null, fileChecksum=null, isFile=true, fileName='file0', acls=[user:runner:a[ACCESS], group:docker:a[ACCESS], group:adm:a[ACCESS], group:systemd-journal:a[ACCESS]]}
2024-05-06 09:04:05,384 [IPC Server handler 17 on default port 15004] DEBUG key.OMKeyCommitRequest (OMKeyCommitRequest.java:processResult(412)) - Key committed. Volume:volume67812, Bucket:bucket15470, Key:file0
2024-05-06 09:04:05,388 [main] INFO  ozone.TestHSync (TestHSync.java:runTestHSync(369)) - runTestHSync /file1 with size 2, skipLength=0
2024-05-06 09:04:05,392 [IPC Server handler 18 on default port 15004] DEBUG key.OMKeyCommitRequestWithFSO (OMKeyCommitRequestWithFSO.java:validateAndUpdateCache(110)) - isHSync = true, volumeName = volume67812, bucketName = bucket15470, keyName = file1
2024-05-06 09:04:05,392 [IPC Server handler 18 on default port 15004] DEBUG key.OMKeyCommitRequestWithFSO (OMKeyCommitRequestWithFSO.java:validateAndUpdateCache(282)) - Key commit succeeded with isHSync = true, omKeyInfo = OmKeyInfo{volumeName='volume67812', bucketName='bucket15470', keyName='file1', dataSize=2, keyLocationVersions=[version:0 isMultipartKey:false conID 2 locID 113750153625600129 bcsID 0 || ], creationTime=1714986245387, modificationTime=1714986245392, replicationConfig=RATIS/THREE, encInfo=null, fileChecksum=null, isFile=true, fileName='file1', acls=[user:runner:a[ACCESS], group:docker:a[ACCESS], group:adm:a[ACCESS], group:systemd-journal:a[ACCESS]]}
2024-05-06 09:04:05,396 [main] INFO  ozone.TestHSync (TestHSync.java:runTestHSync(369)) - runTestHSync /file1 with size 31, skipLength=2
2024-05-06 09:04:05,400 [IPC Server handler 0 on default port 15004] DEBUG key.OMKeyCommitRequestWithFSO (OMKeyCommitRequestWithFSO.java:validateAndUpdateCache(110)) - isHSync = true, volumeName = volume67812, bucketName = bucket15470, keyName = file1
2024-05-06 09:04:05,400 [IPC Server handler 0 on default port 15004] DEBUG key.OMKeyCommitRequestWithFSO (OMKeyCommitRequestWithFSO.java:validateAndUpdateCache(282)) - Key commit succeeded with isHSync = true, omKeyInfo = OmKeyInfo{volumeName='volume67812', bucketName='bucket15470', keyName='file1', dataSize=33, keyLocationVersions=[version:0 isMultipartKey:false conID 2 locID 113750153625600129 bcsID 0 || ], creationTime=1714986245387, modificationTime=1714986245400, replicationConfig=RATIS/THREE, encInfo=null, fileChecksum=null, isFile=true, fileName='file1', acls=[user:runner:a[ACCESS], group:docker:a[ACCESS], group:adm:a[ACCESS], group:systemd-journal:a[ACCESS]]}
2024-05-06 09:04:05,405 [main] INFO  ozone.TestHSync (TestHSync.java:runTestHSync(369)) - runTestHSync /file1 with size 32, skipLength=33
2024-05-06 09:04:05,409 [IPC Server handler 2 on default port 15004] DEBUG key.OMKeyCommitRequestWithFSO (OMKeyCommitRequestWithFSO.java:validateAndUpdateCache(110)) - isHSync = true, volumeName = volume67812, bucketName = bucket15470, keyName = file1
2024-05-06 09:04:05,410 [IPC Server handler 2 on default port 15004] DEBUG key.OMKeyCommitRequestWithFSO (OMKeyCommitRequestWithFSO.java:validateAndUpdateCache(282)) - Key commit succeeded with isHSync = true, omKeyInfo = OmKeyInfo{volumeName='volume67812', bucketName='bucket15470', keyName='file1', dataSize=65, keyLocationVersions=[version:0 isMultipartKey:false conID 2 locID 113750153625600129 bcsID 0 || ], creationTime=1714986245387, modificationTime=1714986245409, replicationConfig=RATIS/THREE, encInfo=null, fileChecksum=null, isFile=true, fileName='file1', acls=[user:runner:a[ACCESS], group:docker:a[ACCESS], group:adm:a[ACCESS], group:systemd-journal:a[ACCESS]]}
2024-05-06 09:04:05,417 [main] INFO  ozone.TestHSync (TestHSync.java:runTestHSync(369)) - runTestHSync /file1 with size 33, skipLength=65
2024-05-06 09:04:05,422 [IPC Server handler 4 on default port 15004] DEBUG key.OMKeyCommitRequestWithFSO (OMKeyCommitRequestWithFSO.java:validateAndUpdateCache(110)) - isHSync = true, volumeName = volume67812, bucketName = bucket15470, keyName = file1
2024-05-06 09:04:05,422 [IPC Server handler 4 on default port 15004] DEBUG key.OMKeyCommitRequestWithFSO (OMKeyCommitRequestWithFSO.java:validateAndUpdateCache(282)) - Key commit succeeded with isHSync = true, omKeyInfo = OmKeyInfo{volumeName='volume67812', bucketName='bucket15470', keyName='file1', dataSize=98, keyLocationVersions=[version:0 isMultipartKey:false conID 2 locID 113750153625600129 bcsID 0 || ], creationTime=1714986245387, modificationTime=1714986245421, replicationConfig=RATIS/THREE, encInfo=null, fileChecksum=null, isFile=true, fileName='file1', acls=[user:runner:a[ACCESS], group:docker:a[ACCESS], group:adm:a[ACCESS], group:systemd-journal:a[ACCESS]]}
2024-05-06 09:04:05,429 [main] INFO  ozone.TestHSync (TestHSync.java:runTestHSync(369)) - runTestHSync /file1 with size 1023, skipLength=98
2024-05-06 09:04:05,432 [IPC Server handler 6 on default port 15004] DEBUG key.OMKeyCommitRequestWithFSO (OMKeyCommitRequestWithFSO.java:validateAndUpdateCache(110)) - isHSync = true, volumeName = volume67812, bucketName = bucket15470, keyName = file1
2024-05-06 09:04:05,433 [IPC Server handler 6 on default port 15004] DEBUG key.OMKeyCommitRequestWithFSO (OMKeyCommitRequestWithFSO.java:validateAndUpdateCache(282)) - Key commit succeeded with isHSync = true, omKeyInfo = OmKeyInfo{volumeName='volume67812', bucketName='bucket15470', keyName='file1', dataSize=1121, keyLocationVersions=[version:0 isMultipartKey:false conID 2 locID 113750153625600129 bcsID 0 || ], creationTime=1714986245387, modificationTime=1714986245432, replicationConfig=RATIS/THREE, encInfo=null, fileChecksum=null, isFile=true, fileName='file1', acls=[user:runner:a[ACCESS], group:docker:a[ACCESS], group:adm:a[ACCESS], group:systemd-journal:a[ACCESS]]}
2024-05-06 09:04:05,440 [main] INFO  ozone.TestHSync (TestHSync.java:runTestHSync(369)) - runTestHSync /file1 with size 1024, skipLength=1121
2024-05-06 09:04:05,445 [IPC Server handler 8 on default port 15004] DEBUG key.OMKeyCommitRequestWithFSO (OMKeyCommitRequestWithFSO.java:validateAndUpdateCache(110)) - isHSync = true, volumeName = volume67812, bucketName = bucket15470, keyName = file1
2024-05-06 09:04:05,445 [IPC Server handler 8 on default port 15004] DEBUG key.OMKeyCommitRequestWithFSO (OMKeyCommitRequestWithFSO.java:validateAndUpdateCache(282)) - Key commit succeeded with isHSync = true, omKeyInfo = OmKeyInfo{volumeName='volume67812', bucketName='bucket15470', keyName='file1', dataSize=2145, keyLocationVersions=[version:0 isMultipartKey:false conID 2 locID 113750153625600129 bcsID 0 || ], creationTime=1714986245387, modificationTime=1714986245445, replicationConfig=RATIS/THREE, encInfo=null, fileChecksum=null, isFile=true, fileName='file1', acls=[user:runner:a[ACCESS], group:docker:a[ACCESS], group:adm:a[ACCESS], group:systemd-journal:a[ACCESS]]}
2024-05-06 09:04:05,453 [main] INFO  ozone.TestHSync (TestHSync.java:runTestHSync(369)) - runTestHSync /file1 with size 1025, skipLength=2145
2024-05-06 09:04:05,457 [IPC Server handler 9 on default port 15004] DEBUG key.OMKeyCommitRequestWithFSO (OMKeyCommitRequestWithFSO.java:validateAndUpdateCache(110)) - isHSync = true, volumeName = volume67812, bucketName = bucket15470, keyName = file1
2024-05-06 09:04:05,458 [IPC Server handler 9 on default port 15004] DEBUG key.OMKeyCommitRequestWithFSO (OMKeyCommitRequestWithFSO.java:validateAndUpdateCache(282)) - Key commit succeeded with isHSync = true, omKeyInfo = OmKeyInfo{volumeName='volume67812', bucketName='bucket15470', keyName='file1', dataSize=3170, keyLocationVersions=[version:0 isMultipartKey:false conID 2 locID 113750153625600129 bcsID 0 || ], creationTime=1714986245387, modificationTime=1714986245457, replicationConfig=RATIS/THREE, encInfo=null, fileChecksum=null, isFile=true, fileName='file1', acls=[user:runner:a[ACCESS], group:docker:a[ACCESS], group:adm:a[ACCESS], group:systemd-journal:a[ACCESS]]}
2024-05-06 09:04:05,466 [main] INFO  ozone.TestHSync (TestHSync.java:runTestHSync(369)) - runTestHSync /file1 with size 32767, skipLength=3170
2024-05-06 09:04:05,472 [IPC Server handler 13 on default port 15004] DEBUG key.OMKeyCommitRequestWithFSO (OMKeyCommitRequestWithFSO.java:validateAndUpdateCache(110)) - isHSync = true, volumeName = volume67812, bucketName = bucket15470, keyName = file1
2024-05-06 09:04:05,472 [IPC Server handler 13 on default port 15004] DEBUG key.OMKeyCommitRequestWithFSO (OMKeyCommitRequestWithFSO.java:validateAndUpdateCache(282)) - Key commit succeeded with isHSync = true, omKeyInfo = OmKeyInfo{volumeName='volume67812', bucketName='bucket15470', keyName='file1', dataSize=35937, keyLocationVersions=[version:0 isMultipartKey:false conID 2 locID 113750153625600129 bcsID 0 || ], creationTime=1714986245387, modificationTime=1714986245472, replicationConfig=RATIS/THREE, encInfo=null, fileChecksum=null, isFile=true, fileName='file1', acls=[user:runner:a[ACCESS], group:docker:a[ACCESS], group:adm:a[ACCESS], group:systemd-journal:a[ACCESS]]}
2024-05-06 09:04:05,482 [main] INFO  ozone.TestHSync (TestHSync.java:runTestHSync(369)) - runTestHSync /file1 with size 32768, skipLength=35937
2024-05-06 09:04:05,489 [IPC Server handler 12 on default port 15004] DEBUG key.OMKeyCommitRequestWithFSO (OMKeyCommitRequestWithFSO.java:validateAndUpdateCache(110)) - isHSync = true, volumeName = volume67812, bucketName = bucket15470, keyName = file1
2024-05-06 09:04:05,490 [IPC Server handler 12 on default port 15004] DEBUG key.OMKeyCommitRequestWithFSO (OMKeyCommitRequestWithFSO.java:validateAndUpdateCache(282)) - Key commit succeeded with isHSync = true, omKeyInfo = OmKeyInfo{volumeName='volume67812', bucketName='bucket15470', keyName='file1', dataSize=68705, keyLocationVersions=[version:0 isMultipartKey:false conID 2 locID 113750153625600129 bcsID 0 || ], creationTime=1714986245387, modificationTime=1714986245489, replicationConfig=RATIS/THREE, encInfo=null, fileChecksum=null, isFile=true, fileName='file1', acls=[user:runner:a[ACCESS], group:docker:a[ACCESS], group:adm:a[ACCESS], group:systemd-journal:a[ACCESS]]}
2024-05-06 09:04:05,503 [main] INFO  ozone.TestHSync (TestHSync.java:runTestHSync(369)) - runTestHSync /file1 with size 32769, skipLength=68705
2024-05-06 09:04:05,513 [IPC Server handler 17 on default port 15004] DEBUG key.OMKeyCommitRequestWithFSO (OMKeyCommitRequestWithFSO.java:validateAndUpdateCache(110)) - isHSync = true, volumeName = volume67812, bucketName = bucket15470, keyName = file1
2024-05-06 09:04:05,514 [IPC Server handler 17 on default port 15004] DEBUG key.OMKeyCommitRequestWithFSO (OMKeyCommitRequestWithFSO.java:validateAndUpdateCache(282)) - Key commit succeeded with isHSync = true, omKeyInfo = OmKeyInfo{volumeName='volume67812', bucketName='bucket15470', keyName='file1', dataSize=101474, keyLocationVersions=[version:0 isMultipartKey:false conID 2 locID 113750153625600129 bcsID 0 || ], creationTime=1714986245387, modificationTime=1714986245513, replicationConfig=RATIS/THREE, encInfo=null, fileChecksum=null, isFile=true, fileName='file1', acls=[user:runner:a[ACCESS], group:docker:a[ACCESS], group:adm:a[ACCESS], group:systemd-journal:a[ACCESS]]}
2024-05-06 09:04:05,529 [main] INFO  ozone.TestHSync (TestHSync.java:runTestHSync(369)) - runTestHSync /file1 with size 1048575, skipLength=101474
2024-05-06 09:04:05,714 [IPC Server handler 6 on default port 15004] DEBUG key.OMKeyCommitRequestWithFSO (OMKeyCommitRequestWithFSO.java:validateAndUpdateCache(110)) - isHSync = true, volumeName = volume67812, bucketName = bucket15470, keyName = file1
2024-05-06 09:04:05,715 [IPC Server handler 6 on default port 15004] DEBUG key.OMKeyCommitRequestWithFSO (OMKeyCommitRequestWithFSO.java:validateAndUpdateCache(282)) - Key commit succeeded with isHSync = true, omKeyInfo = OmKeyInfo{volumeName='volume67812', bucketName='bucket15470', keyName='file1', dataSize=1150049, keyLocationVersions=[version:0 isMultipartKey:false conID 2 locID 113750153625600129 bcsID 3693 || conID 1 locID 113750153625600130 bcsID 3718 || conID 4 locID 113750153625600131 bcsID 3606 || conID 3 locID 113750153625600132 bcsID 3632 || conID 2 locID 113750153625600133 bcsID 3742 || conID 1 locID 113750153625600134 bcsID 3766 || conID 4 locID 113750153625600135 bcsID 3659 || conID 2 locID 113750153625600136 bcsID 3792 || conID 1 locID 113750153625600137 bcsID 0 || ], creationTime=1714986245387, modificationTime=1714986245714, replicationConfig=RATIS/THREE, encInfo=null, fileChecksum=null, isFile=true, fileName='file1', acls=[user:runner:a[ACCESS], group:docker:a[ACCESS], group:adm:a[ACCESS], group:systemd-journal:a[ACCESS]]}
2024-05-06 09:04:05,791 [main] INFO  ozone.TestHSync (TestHSync.java:runTestHSync(369)) - runTestHSync /file1 with size 1048576, skipLength=1150049
2024-05-06 09:04:05,972 [IPC Server handler 17 on default port 15004] DEBUG key.OMKeyCommitRequestWithFSO (OMKeyCommitRequestWithFSO.java:validateAndUpdateCache(110)) - isHSync = true, volumeName = volume67812, bucketName = bucket15470, keyName = file1
2024-05-06 09:04:05,972 [IPC Server handler 17 on default port 15004] DEBUG key.OMKeyCommitRequestWithFSO (OMKeyCommitRequestWithFSO.java:validateAndUpdateCache(282)) - Key commit succeeded with isHSync = true, omKeyInfo = OmKeyInfo{volumeName='volume67812', bucketName='bucket15470', keyName='file1', dataSize=2198625, keyLocationVersions=[version:0 isMultipartKey:false conID 2 locID 113750153625600129 bcsID 3693 || conID 1 locID 113750153625600130 bcsID 3718 || conID 4 locID 113750153625600131 bcsID 3606 || conID 3 locID 113750153625600132 bcsID 3632 || conID 2 locID 113750153625600133 bcsID 3742 || conID 1 locID 113750153625600134 bcsID 3766 || conID 4 locID 113750153625600135 bcsID 3659 || conID 2 locID 113750153625600136 bcsID 3792 || conID 1 locID 113750153625600137 bcsID 3823 || conID 2 locID 113750153625600138 bcsID 3845 || conID 1 locID 113750153625600139 bcsID 3871 || conID 3 locID 113750153625600140 bcsID 3684 || conID 2 locID 113750153625600141 bcsID 3899 || conID 1 locID 113750153625600142 bcsID 3924 || conID 2 locID 113750153625600143 bcsID 3950 || conID 1 locID 113750153625600144 bcsID 3973 || conID 2 locID 113750153625600145 bcsID 0 || ], creationTime=1714986245387, modificationTime=1714986245972, replicationConfig=RATIS/THREE, encInfo=null, fileChecksum=null, isFile=true, fileName='file1', acls=[user:runner:a[ACCESS], group:docker:a[ACCESS], group:adm:a[ACCESS], group:systemd-journal:a[ACCESS]]}
2024-05-06 09:04:06,126 [main] INFO  ozone.TestHSync (TestHSync.java:runTestHSync(369)) - runTestHSync /file1 with size 1048577, skipLength=2198625
2024-05-06 09:04:06,329 [IPC Server handler 6 on default port 15004] DEBUG key.OMKeyCommitRequestWithFSO (OMKeyCommitRequestWithFSO.java:validateAndUpdateCache(110)) - isHSync = true, volumeName = volume67812, bucketName = bucket15470, keyName = file1
2024-05-06 09:04:06,330 [IPC Server handler 6 on default port 15004] DEBUG key.OMKeyCommitRequestWithFSO (OMKeyCommitRequestWithFSO.java:validateAndUpdateCache(282)) - Key commit succeeded with isHSync = true, omKeyInfo = OmKeyInfo{volumeName='volume67812', bucketName='bucket15470', keyName='file1', dataSize=3247202, keyLocationVersions=[version:0 isMultipartKey:false conID 2 locID 113750153625600129 bcsID 3693 || conID 1 locID 113750153625600130 bcsID 3718 || conID 4 locID 113750153625600131 bcsID 3606 || conID 3 locID 113750153625600132 bcsID 3632 || conID 2 locID 113750153625600133 bcsID 3742 || conID 1 locID 113750153625600134 bcsID 3766 || conID 4 locID 113750153625600135 bcsID 3659 || conID 2 locID 113750153625600136 bcsID 3792 || conID 1 locID 113750153625600137 bcsID 3823 || conID 2 locID 113750153625600138 bcsID 3845 || conID 1 locID 113750153625600139 bcsID 3871 || conID 3 locID 113750153625600140 bcsID 3684 || conID 2 locID 113750153625600141 bcsID 3899 || conID 1 locID 113750153625600142 bcsID 3924 || conID 2 locID 113750153625600143 bcsID 3950 || conID 1 locID 113750153625600144 bcsID 3973 || conID 2 locID 113750153625600145 bcsID 4005 || conID 4 locID 113750153625600146 bcsID 3710 || conID 3 locID 113750153625600147 bcsID 3734 || conID 1 locID 113750153625600148 bcsID 4026 || conID 4 locID 113750153625600149 bcsID 3762 || conID 2 locID 113750153625600150 bcsID 4055 || conID 1 locID 113750153625600151 bcsID 4080 || conID 2 locID 113750153625600152 bcsID 4107 || conID 1 locID 113750153625600153 bcsID 0 || ], creationTime=1714986245387, modificationTime=1714986246329, replicationConfig=RATIS/THREE, encInfo=null, fileChecksum=null, isFile=true, fileName='file1', acls=[user:runner:a[ACCESS], group:docker:a[ACCESS], group:adm:a[ACCESS], group:systemd-journal:a[ACCESS]]}
2024-05-06 09:04:06,532 [IPC Server handler 8 on default port 15004] DEBUG key.OMKeyCommitRequestWithFSO (OMKeyCommitRequestWithFSO.java:validateAndUpdateCache(110)) - isHSync = false, volumeName = volume67812, bucketName = bucket15470, keyName = file1
2024-05-06 09:04:06,532 [IPC Server handler 8 on default port 15004] DEBUG key.OMKeyCommitRequestWithFSO (OMKeyCommitRequestWithFSO.java:validateAndUpdateCache(282)) - Key commit succeeded with isHSync = false, omKeyInfo = OmKeyInfo{volumeName='volume67812', bucketName='bucket15470', keyName='file1', dataSize=3247202, keyLocationVersions=[version:0 isMultipartKey:false conID 2 locID 113750153625600129 bcsID 3693 || conID 1 locID 113750153625600130 bcsID 3718 || conID 4 locID 113750153625600131 bcsID 3606 || conID 3 locID 113750153625600132 bcsID 3632 || conID 2 locID 113750153625600133 bcsID 3742 || conID 1 locID 113750153625600134 bcsID 3766 || conID 4 locID 113750153625600135 bcsID 3659 || conID 2 locID 113750153625600136 bcsID 3792 || conID 1 locID 113750153625600137 bcsID 3823 || conID 2 locID 113750153625600138 bcsID 3845 || conID 1 locID 113750153625600139 bcsID 3871 || conID 3 locID 113750153625600140 bcsID 3684 || conID 2 locID 113750153625600141 bcsID 3899 || conID 1 locID 113750153625600142 bcsID 3924 || conID 2 locID 113750153625600143 bcsID 3950 || conID 1 locID 113750153625600144 bcsID 3973 || conID 2 locID 113750153625600145 bcsID 4005 || conID 4 locID 113750153625600146 bcsID 3710 || conID 3 locID 113750153625600147 bcsID 3734 || conID 1 locID 113750153625600148 bcsID 4026 || conID 4 locID 113750153625600149 bcsID 3762 || conID 2 locID 113750153625600150 bcsID 4055 || conID 1 locID 113750153625600151 bcsID 4080 || conID 2 locID 113750153625600152 bcsID 4107 || conID 1 locID 113750153625600153 bcsID 4132 || ], creationTime=1714986245387, modificationTime=1714986246532, replicationConfig=RATIS/THREE, encInfo=null, fileChecksum=null, isFile=true, fileName='file1', acls=[user:runner:a[ACCESS], group:docker:a[ACCESS], group:adm:a[ACCESS], group:systemd-journal:a[ACCESS]]}
2024-05-06 09:04:06,532 [IPC Server handler 8 on default port 15004] DEBUG key.OMKeyCommitRequest (OMKeyCommitRequest.java:processResult(412)) - Key committed. Volume:volume67812, Bucket:bucket15470, Key:file1
2024-05-06 09:04:06,536 [main] INFO  ozone.TestHSync (TestHSync.java:runTestHSync(369)) - runTestHSync /file2 with size 4, skipLength=0
2024-05-06 09:04:06,539 [IPC Server handler 9 on default port 15004] DEBUG key.OMKeyCommitRequestWithFSO (OMKeyCommitRequestWithFSO.java:validateAndUpdateCache(110)) - isHSync = true, volumeName = volume67812, bucketName = bucket15470, keyName = file2
2024-05-06 09:04:06,540 [IPC Server handler 9 on default port 15004] DEBUG key.OMKeyCommitRequestWithFSO (OMKeyCommitRequestWithFSO.java:validateAndUpdateCache(282)) - Key commit succeeded with isHSync = true, omKeyInfo = OmKeyInfo{volumeName='volume67812', bucketName='bucket15470', keyName='file2', dataSize=4, keyLocationVersions=[version:0 isMultipartKey:false conID 3 locID 113750153625600154 bcsID 0 || ], creationTime=1714986246534, modificationTime=1714986246539, replicationConfig=RATIS/THREE, encInfo=null, fileChecksum=null, isFile=true, fileName='file2', acls=[user:runner:a[ACCESS], group:docker:a[ACCESS], group:adm:a[ACCESS], group:systemd-journal:a[ACCESS]]}
2024-05-06 09:04:06,553 [main] INFO  ozone.TestHSync (TestHSync.java:runTestHSync(369)) - runTestHSync /file2 with size 31, skipLength=4
2024-05-06 09:04:06,557 [IPC Server handler 13 on default port 15004] DEBUG key.OMKeyCommitRequestWithFSO (OMKeyCommitRequestWithFSO.java:validateAndUpdateCache(110)) - isHSync = true, volumeName = volume67812, bucketName = bucket15470, keyName = file2
2024-05-06 09:04:06,557 [IPC Server handler 13 on default port 15004] DEBUG key.OMKeyCommitRequestWithFSO (OMKeyCommitRequestWithFSO.java:validateAndUpdateCache(282)) - Key commit succeeded with isHSync = true, omKeyInfo = OmKeyInfo{volumeName='volume67812', bucketName='bucket15470', keyName='file2', dataSize=35, keyLocationVersions=[version:0 isMultipartKey:false conID 3 locID 113750153625600154 bcsID 0 || ], creationTime=1714986246534, modificationTime=1714986246557, replicationConfig=RATIS/THREE, encInfo=null, fileChecksum=null, isFile=true, fileName='file2', acls=[user:runner:a[ACCESS], group:docker:a[ACCESS], group:adm:a[ACCESS], group:systemd-journal:a[ACCESS]]}
2024-05-06 09:04:06,567 [main] INFO  ozone.TestHSync (TestHSync.java:runTestHSync(369)) - runTestHSync /file2 with size 32, skipLength=35
2024-05-06 09:04:06,572 [IPC Server handler 12 on default port 15004] DEBUG key.OMKeyCommitRequestWithFSO (OMKeyCommitRequestWithFSO.java:validateAndUpdateCache(110)) - isHSync = true, volumeName = volume67812, bucketName = bucket15470, keyName = file2
2024-05-06 09:04:06,573 [IPC Server handler 12 on default port 15004] DEBUG key.OMKeyCommitRequestWithFSO (OMKeyCommitRequestWithFSO.java:validateAndUpdateCache(282)) - Key commit succeeded with isHSync = true, omKeyInfo = OmKeyInfo{volumeName='volume67812', bucketName='bucket15470', keyName='file2', dataSize=67, keyLocationVersions=[version:0 isMultipartKey:false conID 3 locID 113750153625600154 bcsID 0 || ], creationTime=1714986246534, modificationTime=1714986246572, replicationConfig=RATIS/THREE, encInfo=null, fileChecksum=null, isFile=true, fileName='file2', acls=[user:runner:a[ACCESS], group:docker:a[ACCESS], group:adm:a[ACCESS], group:systemd-journal:a[ACCESS]]}
2024-05-06 09:04:06,579 [main] INFO  ozone.TestHSync (TestHSync.java:runTestHSync(369)) - runTestHSync /file2 with size 33, skipLength=67
2024-05-06 09:04:06,583 [IPC Server handler 17 on default port 15004] DEBUG key.OMKeyCommitRequestWithFSO (OMKeyCommitRequestWithFSO.java:validateAndUpdateCache(110)) - isHSync = true, volumeName = volume67812, bucketName = bucket15470, keyName = file2
2024-05-06 09:04:06,583 [IPC Server handler 17 on default port 15004] DEBUG key.OMKeyCommitRequestWithFSO (OMKeyCommitRequestWithFSO.java:validateAndUpdateCache(282)) - Key commit succeeded with isHSync = true, omKeyInfo = OmKeyInfo{volumeName='volume67812', bucketName='bucket15470', keyName='file2', dataSize=100, keyLocationVersions=[version:0 isMultipartKey:false conID 3 locID 113750153625600154 bcsID 0 || ], creationTime=1714986246534, modificationTime=1714986246583, replicationConfig=RATIS/THREE, encInfo=null, fileChecksum=null, isFile=true, fileName='file2', acls=[user:runner:a[ACCESS], group:docker:a[ACCESS], group:adm:a[ACCESS], group:systemd-journal:a[ACCESS]]}
2024-05-06 09:04:06,593 [main] INFO  ozone.TestHSync (TestHSync.java:runTestHSync(369)) - runTestHSync /file2 with size 1023, skipLength=100
2024-05-06 09:04:06,596 [IPC Server handler 18 on default port 15004] DEBUG key.OMKeyCommitRequestWithFSO (OMKeyCommitRequestWithFSO.java:validateAndUpdateCache(110)) - isHSync = true, volumeName = volume67812, bucketName = bucket15470, keyName = file2
2024-05-06 09:04:06,597 [IPC Server handler 18 on default port 15004] DEBUG key.OMKeyCommitRequestWithFSO (OMKeyCommitRequestWithFSO.java:validateAndUpdateCache(282)) - Key commit succeeded with isHSync = true, omKeyInfo = OmKeyInfo{volumeName='volume67812', bucketName='bucket15470', keyName='file2', dataSize=1123, keyLocationVersions=[version:0 isMultipartKey:false conID 3 locID 113750153625600154 bcsID 0 || ], creationTime=1714986246534, modificationTime=1714986246596, replicationConfig=RATIS/THREE, encInfo=null, fileChecksum=null, isFile=true, fileName='file2', acls=[user:runner:a[ACCESS], group:docker:a[ACCESS], group:adm:a[ACCESS], group:systemd-journal:a[ACCESS]]}
2024-05-06 09:04:06,603 [main] INFO  ozone.TestHSync (TestHSync.java:runTestHSync(369)) - runTestHSync /file2 with size 1024, skipLength=1123
2024-05-06 09:04:06,606 [IPC Server handler 0 on default port 15004] DEBUG key.OMKeyCommitRequestWithFSO (OMKeyCommitRequestWithFSO.java:validateAndUpdateCache(110)) - isHSync = true, volumeName = volume67812, bucketName = bucket15470, keyName = file2
2024-05-06 09:04:06,607 [IPC Server handler 0 on default port 15004] DEBUG key.OMKeyCommitRequestWithFSO (OMKeyCommitRequestWithFSO.java:validateAndUpdateCache(282)) - Key commit succeeded with isHSync = true, omKeyInfo = OmKeyInfo{volumeName='volume67812', bucketName='bucket15470', keyName='file2', dataSize=2147, keyLocationVersions=[version:0 isMultipartKey:false conID 3 locID 113750153625600154 bcsID 0 || ], creationTime=1714986246534, modificationTime=1714986246606, replicationConfig=RATIS/THREE, encInfo=null, fileChecksum=null, isFile=true, fileName='file2', acls=[user:runner:a[ACCESS], group:docker:a[ACCESS], group:adm:a[ACCESS], group:systemd-journal:a[ACCESS]]}
2024-05-06 09:04:06,613 [main] INFO  ozone.TestHSync (TestHSync.java:runTestHSync(369)) - runTestHSync /file2 with size 1025, skipLength=2147
2024-05-06 09:04:06,617 [IPC Server handler 2 on default port 15004] DEBUG key.OMKeyCommitRequestWithFSO (OMKeyCommitRequestWithFSO.java:validateAndUpdateCache(110)) - isHSync = true, volumeName = volume67812, bucketName = bucket15470, keyName = file2
2024-05-06 09:04:06,617 [IPC Server handler 2 on default port 15004] DEBUG key.OMKeyCommitRequestWithFSO (OMKeyCommitRequestWithFSO.java:validateAndUpdateCache(282)) - Key commit succeeded with isHSync = true, omKeyInfo = OmKeyInfo{volumeName='volume67812', bucketName='bucket15470', keyName='file2', dataSize=3172, keyLocationVersions=[version:0 isMultipartKey:false conID 3 locID 113750153625600154 bcsID 0 || ], creationTime=1714986246534, modificationTime=1714986246617, replicationConfig=RATIS/THREE, encInfo=null, fileChecksum=null, isFile=true, fileName='file2', acls=[user:runner:a[ACCESS], group:docker:a[ACCESS], group:adm:a[ACCESS], group:systemd-journal:a[ACCESS]]}
2024-05-06 09:04:06,623 [main] INFO  ozone.TestHSync (TestHSync.java:runTestHSync(369)) - runTestHSync /file2 with size 32767, skipLength=3172
2024-05-06 09:04:06,629 [IPC Server handler 4 on default port 15004] DEBUG key.OMKeyCommitRequestWithFSO (OMKeyCommitRequestWithFSO.java:validateAndUpdateCache(110)) - isHSync = true, volumeName = volume67812, bucketName = bucket15470, keyName = file2
2024-05-06 09:04:06,630 [IPC Server handler 4 on default port 15004] DEBUG key.OMKeyCommitRequestWithFSO (OMKeyCommitRequestWithFSO.java:validateAndUpdateCache(282)) - Key commit succeeded with isHSync = true, omKeyInfo = OmKeyInfo{volumeName='volume67812', bucketName='bucket15470', keyName='file2', dataSize=35939, keyLocationVersions=[version:0 isMultipartKey:false conID 3 locID 113750153625600154 bcsID 0 || ], creationTime=1714986246534, modificationTime=1714986246629, replicationConfig=RATIS/THREE, encInfo=null, fileChecksum=null, isFile=true, fileName='file2', acls=[user:runner:a[ACCESS], group:docker:a[ACCESS], group:adm:a[ACCESS], group:systemd-journal:a[ACCESS]]}
2024-05-06 09:04:06,637 [main] INFO  ozone.TestHSync (TestHSync.java:runTestHSync(369)) - runTestHSync /file2 with size 32768, skipLength=35939
2024-05-06 09:04:06,642 [IPC Server handler 6 on default port 15004] DEBUG key.OMKeyCommitRequestWithFSO (OMKeyCommitRequestWithFSO.java:validateAndUpdateCache(110)) - isHSync = true, volumeName = volume67812, bucketName = bucket15470, keyName = file2
2024-05-06 09:04:06,642 [IPC Server handler 6 on default port 15004] DEBUG key.OMKeyCommitRequestWithFSO (OMKeyCommitRequestWithFSO.java:validateAndUpdateCache(282)) - Key commit succeeded with isHSync = true, omKeyInfo = OmKeyInfo{volumeName='volume67812', bucketName='bucket15470', keyName='file2', dataSize=68707, keyLocationVersions=[version:0 isMultipartKey:false conID 3 locID 113750153625600154 bcsID 0 || ], creationTime=1714986246534, modificationTime=1714986246642, replicationConfig=RATIS/THREE, encInfo=null, fileChecksum=null, isFile=true, fileName='file2', acls=[user:runner:a[ACCESS], group:docker:a[ACCESS], group:adm:a[ACCESS], group:systemd-journal:a[ACCESS]]}
2024-05-06 09:04:06,655 [main] INFO  ozone.TestHSync (TestHSync.java:runTestHSync(369)) - runTestHSync /file2 with size 32769, skipLength=68707
2024-05-06 09:04:06,663 [IPC Server handler 8 on default port 15004] DEBUG key.OMKeyCommitRequestWithFSO (OMKeyCommitRequestWithFSO.java:validateAndUpdateCache(110)) - isHSync = true, volumeName = volume67812, bucketName = bucket15470, keyName = file2
2024-05-06 09:04:06,663 [IPC Server handler 8 on default port 15004] DEBUG key.OMKeyCommitRequestWithFSO (OMKeyCommitRequestWithFSO.java:validateAndUpdateCache(282)) - Key commit succeeded with isHSync = true, omKeyInfo = OmKeyInfo{volumeName='volume67812', bucketName='bucket15470', keyName='file2', dataSize=101476, keyLocationVersions=[version:0 isMultipartKey:false conID 3 locID 113750153625600154 bcsID 0 || ], creationTime=1714986246534, modificationTime=1714986246663, replicationConfig=RATIS/THREE, encInfo=null, fileChecksum=null, isFile=true, fileName='file2', acls=[user:runner:a[ACCESS], group:docker:a[ACCESS], group:adm:a[ACCESS], group:systemd-journal:a[ACCESS]]}
2024-05-06 09:04:06,677 [main] INFO  ozone.TestHSync (TestHSync.java:runTestHSync(369)) - runTestHSync /file2 with size 1048575, skipLength=101476
2024-05-06 09:04:06,844 [IPC Server handler 18 on default port 15004] DEBUG key.OMKeyCommitRequestWithFSO (OMKeyCommitRequestWithFSO.java:validateAndUpdateCache(110)) - isHSync = true, volumeName = volume67812, bucketName = bucket15470, keyName = file2
2024-05-06 09:04:06,845 [IPC Server handler 18 on default port 15004] DEBUG key.OMKeyCommitRequestWithFSO (OMKeyCommitRequestWithFSO.java:validateAndUpdateCache(282)) - Key commit succeeded with isHSync = true, omKeyInfo = OmKeyInfo{volumeName='volume67812', bucketName='bucket15470', keyName='file2', dataSize=1150051, keyLocationVersions=[version:0 isMultipartKey:false conID 3 locID 113750153625600154 bcsID 3822 || conID 2 locID 113750153625600155 bcsID 4157 || conID 1 locID 113750153625600156 bcsID 4185 || conID 4 locID 113750153625600157 bcsID 3844 || conID 2 locID 113750153625600158 bcsID 4210 || conID 1 locID 113750153625600159 bcsID 4235 || conID 3 locID 113750153625600160 bcsID 3870 || conID 4 locID 113750153625600161 bcsID 3895 || conID 3 locID 113750153625600162 bcsID 0 || ], creationTime=1714986246534, modificationTime=1714986246844, replicationConfig=RATIS/THREE, encInfo=null, fileChecksum=null, isFile=true, fileName='file2', acls=[user:runner:a[ACCESS], group:docker:a[ACCESS], group:adm:a[ACCESS], group:systemd-journal:a[ACCESS]]}
2024-05-06 09:04:06,910 [main] INFO  ozone.TestHSync (TestHSync.java:runTestHSync(369)) - runTestHSync /file2 with size 1048576, skipLength=1150051
2024-05-06 09:04:07,083 [IPC Server handler 8 on default port 15004] DEBUG key.OMKeyCommitRequestWithFSO (OMKeyCommitRequestWithFSO.java:validateAndUpdateCache(110)) - isHSync = true, volumeName = volume67812, bucketName = bucket15470, keyName = file2
2024-05-06 09:04:07,083 [IPC Server handler 8 on default port 15004] DEBUG key.OMKeyCommitRequestWithFSO (OMKeyCommitRequestWithFSO.java:validateAndUpdateCache(282)) - Key commit succeeded with isHSync = true, omKeyInfo = OmKeyInfo{volumeName='volume67812', bucketName='bucket15470', keyName='file2', dataSize=2198627, keyLocationVersions=[version:0 isMultipartKey:false conID 3 locID 113750153625600154 bcsID 3822 || conID 2 locID 113750153625600155 bcsID 4157 || conID 1 locID 113750153625600156 bcsID 4185 || conID 4 locID 113750153625600157 bcsID 3844 || conID 2 locID 113750153625600158 bcsID 4210 || conID 1 locID 113750153625600159 bcsID 4235 || conID 3 locID 113750153625600160 bcsID 3870 || conID 4 locID 113750153625600161 bcsID 3895 || conID 3 locID 113750153625600162 bcsID 3928 || conID 2 locID 113750153625600163 bcsID 4262 || conID 1 locID 113750153625600164 bcsID 4287 || conID 4 locID 113750153625600165 bcsID 3948 || conID 3 locID 113750153625600166 bcsID 3975 || conID 2 locID 113750153625600167 bcsID 4313 || conID 4 locID 113750153625600168 bcsID 4001 || conID 3 locID 113750153625600169 bcsID 4028 || conID 1 locID 113750153625600170 bcsID 0 || ], creationTime=1714986246534, modificationTime=1714986247083, replicationConfig=RATIS/THREE, encInfo=null, fileChecksum=null, isFile=true, fileName='file2', acls=[user:runner:a[ACCESS], group:docker:a[ACCESS], group:adm:a[ACCESS], group:systemd-journal:a[ACCESS]]}
2024-05-06 09:04:07,171 [main] INFO  ozone.TestHSync (TestHSync.java:runTestHSync(369)) - runTestHSync /file2 with size 1048577, skipLength=2198627
2024-05-06 09:04:07,318 [om1-KeyDeletingService#0] INFO  utils.BackgroundService (AbstractKeyDeletingService.java:processKeyDeletes(114)) - Send 6 key(s) to SCM, first 6 keys: [BlockGroup[groupID='/volume67812/bucket15470/file4/4611686018430729473', blockIDs=[conID: 3 locID: 113750153625600021 bcsId: 0, conID: 1 locID: 113750153625600022 bcsId: 0]], BlockGroup[groupID='/volume67812/bucket15470/file5/4611686018432945153', blockIDs=[conID: 4 locID: 113750153625600023 bcsId: 0]], BlockGroup[groupID='/volume67812/bucket15470/file6/4611686018436157185', blockIDs=[conID: 3 locID: 113750153625600024 bcsId: 0]], BlockGroup[groupID='/volume67812/bucket15470/file7/4611686018439366145', blockIDs=[conID: 4 locID: 113750153625600025 bcsId: 0, conID: 3 locID: 113750153625600026 bcsId: 0, conID: 4 locID: 113750153625600027 bcsId: 0, conID: 2 locID: 113750153625600028 bcsId: 0, conID: 1 locID: 113750153625600029 bcsId: 0]], BlockGroup[groupID='/volume67812/bucket15470/file8/4611686018442331905', blockIDs=[conID: 3 locID: 113750153625600030 bcsId: 0, conID: 4 locID: 113750153625600031 bcsId: 0, conID: 3 locID: 113750153625600032 bcsId: 0, conID: 2 locID: 113750153625600033 bcsId: 0, conID: 4 locID: 113750153625600034 bcsId: 0, conID: 1 locID: 113750153625600035 bcsId: 0, conID: 3 locID: 113750153625600036 bcsId: 0, conID: 4 locID: 113750153625600037 bcsId: 0, conID: 2 locID: 113750153625600038 bcsId: 0, conID: 3 locID: 113750153625600039 bcsId: 0, conID: 1 locID: 113750153625600040 bcsId: 0, conID: 4 locID: 113750153625600041 bcsId: 0, conID: 3 locID: 113750153625600042 bcsId: 0, conID: 4 locID: 113750153625600043 bcsId: 0, conID: 3 locID: 113750153625600044 bcsId: 0, conID: 4 locID: 113750153625600045 bcsId: 0, conID: 2 locID: 113750153625600046 bcsId: 0, conID: 3 locID: 113750153625600047 bcsId: 0, conID: 4 locID: 113750153625600048 bcsId: 0, conID: 3 locID: 113750153625600049 bcsId: 0, conID: 4 locID: 113750153625600050 bcsId: 0, conID: 1 locID: 113750153625600051 bcsId: 0, conID: 2 locID: 113750153625600052 bcsId: 0, conID: 3 locID: 113750153625600053 bcsId: 0, conID: 4 locID: 113750153625600054 bcsId: 0, conID: 1 locID: 113750153625600055 bcsId: 0, conID: 2 locID: 113750153625600056 bcsId: 0, conID: 1 locID: 113750153625600057 bcsId: 0, conID: 2 locID: 113750153625600058 bcsId: 0, conID: 3 locID: 113750153625600059 bcsId: 0, conID: 4 locID: 113750153625600060 bcsId: 0, conID: 3 locID: 113750153625600061 bcsId: 0, conID: 4 locID: 113750153625600062 bcsId: 0, conID: 1 locID: 113750153625600063 bcsId: 0, conID: 2 locID: 113750153625600064 bcsId: 0, conID: 3 locID: 113750153625600065 bcsId: 0, conID: 1 locID: 113750153625600066 bcsId: 0, conID: 4 locID: 113750153625600067 bcsId: 0, conID: 3 locID: 113750153625600068 bcsId: 0, conID: 4 locID: 113750153625600069 bcsId: 0, conID: 2 locID: 113750153625600070 bcsId: 0, conID: 1 locID: 113750153625600071 bcsId: 0, conID: 2 locID: 113750153625600072 bcsId: 0, conID: 1 locID: 113750153625600073 bcsId: 0, conID: 3 locID: 113750153625600074 bcsId: 0, conID: 4 locID: 113750153625600075 bcsId: 0, conID: 3 locID: 113750153625600076 bcsId: 0, conID: 2 locID: 113750153625600077 bcsId: 0, conID: 4 locID: 113750153625600078 bcsId: 0, conID: 3 locID: 113750153625600079 bcsId: 0, conID: 4 locID: 113750153625600080 bcsId: 0, conID: 3 locID: 113750153625600081 bcsId: 0, conID: 1 locID: 113750153625600082 bcsId: 0, conID: 4 locID: 113750153625600083 bcsId: 0, conID: 3 locID: 113750153625600084 bcsId: 0, conID: 4 locID: 113750153625600085 bcsId: 0, conID: 3 locID: 113750153625600086 bcsId: 0, conID: 2 locID: 113750153625600087 bcsId: 0, conID: 4 locID: 113750153625600088 bcsId: 0, conID: 3 locID: 113750153625600089 bcsId: 0, conID: 1 locID: 113750153625600090 bcsId: 0, conID: 2 locID: 113750153625600091 bcsId: 0, conID: 4 locID: 113750153625600092 bcsId: 0, conID: 1 locID: 113750153625600093 bcsId: 0, conID: 3 locID: 113750153625600094 bcsId: 0]], BlockGroup[groupID='/volume67812/bucket15470/file9/4611686018443563777', blockIDs=[conID: 4 locID: 113750153625600095 bcsId: 0, conID: 3 locID: 113750153625600096 bcsId: 0, conID: 2 locID: 113750153625600097 bcsId: 0, conID: 1 locID: 113750153625600098 bcsId: 0, conID: 2 locID: 113750153625600099 bcsId: 0, conID: 4 locID: 113750153625600100 bcsId: 0, conID: 1 locID: 113750153625600101 bcsId: 0, conID: 3 locID: 113750153625600102 bcsId: 0, conID: 2 locID: 113750153625600103 bcsId: 0]]]
2024-05-06 09:04:07,322 [om1-KeyDeletingService#0] INFO  utils.BackgroundService (AbstractKeyDeletingService.java:processKeyDeletes(119)) - 6 BlockGroup deletion are acked by SCM in 4 ms
2024-05-06 09:04:07,322 [om1-KeyDeletingService#0] INFO  utils.BackgroundService (AbstractKeyDeletingService.java:processKeyDeletes(132)) - Blocks for 6 (out of 6) keys are deleted from DB in 1 ms
2024-05-06 09:04:07,405 [IPC Server handler 18 on default port 15004] DEBUG key.OMKeyCommitRequestWithFSO (OMKeyCommitRequestWithFSO.java:validateAndUpdateCache(110)) - isHSync = true, volumeName = volume67812, bucketName = bucket15470, keyName = file2
2024-05-06 09:04:07,406 [IPC Server handler 18 on default port 15004] DEBUG key.OMKeyCommitRequestWithFSO (OMKeyCommitRequestWithFSO.java:validateAndUpdateCache(282)) - Key commit succeeded with isHSync = true, omKeyInfo = OmKeyInfo{volumeName='volume67812', bucketName='bucket15470', keyName='file2', dataSize=3247204, keyLocationVersions=[version:0 isMultipartKey:false conID 3 locID 113750153625600154 bcsID 3822 || conID 2 locID 113750153625600155 bcsID 4157 || conID 1 locID 113750153625600156 bcsID 4185 || conID 4 locID 113750153625600157 bcsID 3844 || conID 2 locID 113750153625600158 bcsID 4210 || conID 1 locID 113750153625600159 bcsID 4235 || conID 3 locID 113750153625600160 bcsID 3870 || conID 4 locID 113750153625600161 bcsID 3895 || conID 3 locID 113750153625600162 bcsID 3928 || conID 2 locID 113750153625600163 bcsID 4262 || conID 1 locID 113750153625600164 bcsID 4287 || conID 4 locID 113750153625600165 bcsID 3948 || conID 3 locID 113750153625600166 bcsID 3975 || conID 2 locID 113750153625600167 bcsID 4313 || conID 4 locID 113750153625600168 bcsID 4001 || conID 3 locID 113750153625600169 bcsID 4028 || conID 1 locID 113750153625600170 bcsID 4345 || conID 2 locID 113750153625600171 bcsID 4368 || conID 1 locID 113750153625600172 bcsID 4393 || conID 4 locID 113750153625600173 bcsID 4052 || conID 3 locID 113750153625600174 bcsID 4078 || conID 4 locID 113750153625600175 bcsID 4104 || conID 2 locID 113750153625600176 bcsID 4419 || conID 1 locID 113750153625600177 bcsID 4445 || conID 2 locID 113750153625600178 bcsID 0 || ], creationTime=1714986246534, modificationTime=1714986247405, replicationConfig=RATIS/THREE, encInfo=null, fileChecksum=null, isFile=true, fileName='file2', acls=[user:runner:a[ACCESS], group:docker:a[ACCESS], group:adm:a[ACCESS], group:systemd-journal:a[ACCESS]]}
2024-05-06 09:04:07,548 [IPC Server handler 0 on default port 15004] DEBUG key.OMKeyCommitRequestWithFSO (OMKeyCommitRequestWithFSO.java:validateAndUpdateCache(110)) - isHSync = false, volumeName = volume67812, bucketName = bucket15470, keyName = file2
2024-05-06 09:04:07,549 [IPC Server handler 0 on default port 15004] DEBUG key.OMKeyCommitRequestWithFSO (OMKeyCommitRequestWithFSO.java:validateAndUpdateCache(282)) - Key commit succeeded with isHSync = false, omKeyInfo = OmKeyInfo{volumeName='volume67812', bucketName='bucket15470', keyName='file2', dataSize=3247204, keyLocationVersions=[version:0 isMultipartKey:false conID 3 locID 113750153625600154 bcsID 3822 || conID 2 locID 113750153625600155 bcsID 4157 || conID 1 locID 113750153625600156 bcsID 4185 || conID 4 locID 113750153625600157 bcsID 3844 || conID 2 locID 113750153625600158 bcsID 4210 || conID 1 locID 113750153625600159 bcsID 4235 || conID 3 locID 113750153625600160 bcsID 3870 || conID 4 locID 113750153625600161 bcsID 3895 || conID 3 locID 113750153625600162 bcsID 3928 || conID 2 locID 113750153625600163 bcsID 4262 || conID 1 locID 113750153625600164 bcsID 4287 || conID 4 locID 113750153625600165 bcsID 3948 || conID 3 locID 113750153625600166 bcsID 3975 || conID 2 locID 113750153625600167 bcsID 4313 || conID 4 locID 113750153625600168 bcsID 4001 || conID 3 locID 113750153625600169 bcsID 4028 || conID 1 locID 113750153625600170 bcsID 4345 || conID 2 locID 113750153625600171 bcsID 4368 || conID 1 locID 113750153625600172 bcsID 4393 || conID 4 locID 113750153625600173 bcsID 4052 || conID 3 locID 113750153625600174 bcsID 4078 || conID 4 locID 113750153625600175 bcsID 4104 || conID 2 locID 113750153625600176 bcsID 4419 || conID 1 locID 113750153625600177 bcsID 4445 || conID 2 locID 113750153625600178 bcsID 4469 || ], creationTime=1714986246534, modificationTime=1714986247548, replicationConfig=RATIS/THREE, encInfo=null, fileChecksum=null, isFile=true, fileName='file2', acls=[user:runner:a[ACCESS], group:docker:a[ACCESS], group:adm:a[ACCESS], group:systemd-journal:a[ACCESS]]}
2024-05-06 09:04:07,549 [IPC Server handler 0 on default port 15004] DEBUG key.OMKeyCommitRequest (OMKeyCommitRequest.java:processResult(412)) - Key committed. Volume:volume67812, Bucket:bucket15470, Key:file2
2024-05-06 09:04:07,552 [main] INFO  ozone.TestHSync (TestHSync.java:runTestHSync(369)) - runTestHSync /file3 with size 8, skipLength=0
2024-05-06 09:04:07,557 [IPC Server handler 2 on default port 15004] DEBUG key.OMKeyCommitRequestWithFSO (OMKeyCommitRequestWithFSO.java:validateAndUpdateCache(110)) - isHSync = true, volumeName = volume67812, bucketName = bucket15470, keyName = file3
2024-05-06 09:04:07,558 [IPC Server handler 2 on default port 15004] DEBUG key.OMKeyCommitRequestWithFSO (OMKeyCommitRequestWithFSO.java:validateAndUpdateCache(282)) - Key commit succeeded with isHSync = true, omKeyInfo = OmKeyInfo{volumeName='volume67812', bucketName='bucket15470', keyName='file3', dataSize=8, keyLocationVersions=[version:0 isMultipartKey:false conID 3 locID 113750153625600179 bcsID 0 || ], creationTime=1714986247551, modificationTime=1714986247557, replicationConfig=RATIS/THREE, encInfo=null, fileChecksum=null, isFile=true, fileName='file3', acls=[user:runner:a[ACCESS], group:docker:a[ACCESS], group:adm:a[ACCESS], group:systemd-journal:a[ACCESS]]}
2024-05-06 09:04:07,561 [main] INFO  ozone.TestHSync (TestHSync.java:runTestHSync(369)) - runTestHSync /file3 with size 31, skipLength=8
2024-05-06 09:04:07,565 [IPC Server handler 4 on default port 15004] DEBUG key.OMKeyCommitRequestWithFSO (OMKeyCommitRequestWithFSO.java:validateAndUpdateCache(110)) - isHSync = true, volumeName = volume67812, bucketName = bucket15470, keyName = file3
2024-05-06 09:04:07,565 [IPC Server handler 4 on default port 15004] DEBUG key.OMKeyCommitRequestWithFSO (OMKeyCommitRequestWithFSO.java:validateAndUpdateCache(282)) - Key commit succeeded with isHSync = true, omKeyInfo = OmKeyInfo{volumeName='volume67812', bucketName='bucket15470', keyName='file3', dataSize=39, keyLocationVersions=[version:0 isMultipartKey:false conID 3 locID 113750153625600179 bcsID 0 || ], creationTime=1714986247551, modificationTime=1714986247565, replicationConfig=RATIS/THREE, encInfo=null, fileChecksum=null, isFile=true, fileName='file3', acls=[user:runner:a[ACCESS], group:docker:a[ACCESS], group:adm:a[ACCESS], group:systemd-journal:a[ACCESS]]}
2024-05-06 09:04:07,568 [main] INFO  ozone.TestHSync (TestHSync.java:runTestHSync(369)) - runTestHSync /file3 with size 32, skipLength=39
2024-05-06 09:04:07,572 [IPC Server handler 6 on default port 15004] DEBUG key.OMKeyCommitRequestWithFSO (OMKeyCommitRequestWithFSO.java:validateAndUpdateCache(110)) - isHSync = true, volumeName = volume67812, bucketName = bucket15470, keyName = file3
2024-05-06 09:04:07,572 [IPC Server handler 6 on default port 15004] DEBUG key.OMKeyCommitRequestWithFSO (OMKeyCommitRequestWithFSO.java:validateAndUpdateCache(282)) - Key commit succeeded with isHSync = true, omKeyInfo = OmKeyInfo{volumeName='volume67812', bucketName='bucket15470', keyName='file3', dataSize=71, keyLocationVersions=[version:0 isMultipartKey:false conID 3 locID 113750153625600179 bcsID 0 || ], creationTime=1714986247551, modificationTime=1714986247572, replicationConfig=RATIS/THREE, encInfo=null, fileChecksum=null, isFile=true, fileName='file3', acls=[user:runner:a[ACCESS], group:docker:a[ACCESS], group:adm:a[ACCESS], group:systemd-journal:a[ACCESS]]}
2024-05-06 09:04:07,575 [main] INFO  ozone.TestHSync (TestHSync.java:runTestHSync(369)) - runTestHSync /file3 with size 33, skipLength=71
2024-05-06 09:04:07,580 [IPC Server handler 8 on default port 15004] DEBUG key.OMKeyCommitRequestWithFSO (OMKeyCommitRequestWithFSO.java:validateAndUpdateCache(110)) - isHSync = true, volumeName = volume67812, bucketName = bucket15470, keyName = file3
2024-05-06 09:04:07,580 [IPC Server handler 8 on default port 15004] DEBUG key.OMKeyCommitRequestWithFSO (OMKeyCommitRequestWithFSO.java:validateAndUpdateCache(282)) - Key commit succeeded with isHSync = true, omKeyInfo = OmKeyInfo{volumeName='volume67812', bucketName='bucket15470', keyName='file3', dataSize=104, keyLocationVersions=[version:0 isMultipartKey:false conID 3 locID 113750153625600179 bcsID 0 || ], creationTime=1714986247551, modificationTime=1714986247580, replicationConfig=RATIS/THREE, encInfo=null, fileChecksum=null, isFile=true, fileName='file3', acls=[user:runner:a[ACCESS], group:docker:a[ACCESS], group:adm:a[ACCESS], group:systemd-journal:a[ACCESS]]}
2024-05-06 09:04:07,584 [main] INFO  ozone.TestHSync (TestHSync.java:runTestHSync(369)) - runTestHSync /file3 with size 1023, skipLength=104
2024-05-06 09:04:07,588 [IPC Server handler 9 on default port 15004] DEBUG key.OMKeyCommitRequestWithFSO (OMKeyCommitRequestWithFSO.java:validateAndUpdateCache(110)) - isHSync = true, volumeName = volume67812, bucketName = bucket15470, keyName = file3
2024-05-06 09:04:07,589 [IPC Server handler 9 on default port 15004] DEBUG key.OMKeyCommitRequestWithFSO (OMKeyCommitRequestWithFSO.java:validateAndUpdateCache(282)) - Key commit succeeded with isHSync = true, omKeyInfo = OmKeyInfo{volumeName='volume67812', bucketName='bucket15470', keyName='file3', dataSize=1127, keyLocationVersions=[version:0 isMultipartKey:false conID 3 locID 113750153625600179 bcsID 0 || ], creationTime=1714986247551, modificationTime=1714986247588, replicationConfig=RATIS/THREE, encInfo=null, fileChecksum=null, isFile=true, fileName='file3', acls=[user:runner:a[ACCESS], group:docker:a[ACCESS], group:adm:a[ACCESS], group:systemd-journal:a[ACCESS]]}
2024-05-06 09:04:07,594 [main] INFO  ozone.TestHSync (TestHSync.java:runTestHSync(369)) - runTestHSync /file3 with size 1024, skipLength=1127
2024-05-06 09:04:07,598 [IPC Server handler 13 on default port 15004] DEBUG key.OMKeyCommitRequestWithFSO (OMKeyCommitRequestWithFSO.java:validateAndUpdateCache(110)) - isHSync = true, volumeName = volume67812, bucketName = bucket15470, keyName = file3
2024-05-06 09:04:07,599 [IPC Server handler 13 on default port 15004] DEBUG key.OMKeyCommitRequestWithFSO (OMKeyCommitRequestWithFSO.java:validateAndUpdateCache(282)) - Key commit succeeded with isHSync = true, omKeyInfo = OmKeyInfo{volumeName='volume67812', bucketName='bucket15470', keyName='file3', dataSize=2151, keyLocationVersions=[version:0 isMultipartKey:false conID 3 locID 113750153625600179 bcsID 0 || ], creationTime=1714986247551, modificationTime=1714986247598, replicationConfig=RATIS/THREE, encInfo=null, fileChecksum=null, isFile=true, fileName='file3', acls=[user:runner:a[ACCESS], group:docker:a[ACCESS], group:adm:a[ACCESS], group:systemd-journal:a[ACCESS]]}
2024-05-06 09:04:07,605 [main] INFO  ozone.TestHSync (TestHSync.java:runTestHSync(369)) - runTestHSync /file3 with size 1025, skipLength=2151
2024-05-06 09:04:07,608 [IPC Server handler 12 on default port 15004] DEBUG key.OMKeyCommitRequestWithFSO (OMKeyCommitRequestWithFSO.java:validateAndUpdateCache(110)) - isHSync = true, volumeName = volume67812, bucketName = bucket15470, keyName = file3
2024-05-06 09:04:07,609 [IPC Server handler 12 on default port 15004] DEBUG key.OMKeyCommitRequestWithFSO (OMKeyCommitRequestWithFSO.java:validateAndUpdateCache(282)) - Key commit succeeded with isHSync = true, omKeyInfo = OmKeyInfo{volumeName='volume67812', bucketName='bucket15470', keyName='file3', dataSize=3176, keyLocationVersions=[version:0 isMultipartKey:false conID 3 locID 113750153625600179 bcsID 0 || ], creationTime=1714986247551, modificationTime=1714986247608, replicationConfig=RATIS/THREE, encInfo=null, fileChecksum=null, isFile=true, fileName='file3', acls=[user:runner:a[ACCESS], group:docker:a[ACCESS], group:adm:a[ACCESS], group:systemd-journal:a[ACCESS]]}
2024-05-06 09:04:07,614 [main] INFO  ozone.TestHSync (TestHSync.java:runTestHSync(369)) - runTestHSync /file3 with size 32767, skipLength=3176
2024-05-06 09:04:07,618 [IPC Server handler 17 on default port 15004] DEBUG key.OMKeyCommitRequestWithFSO (OMKeyCommitRequestWithFSO.java:validateAndUpdateCache(110)) - isHSync = true, volumeName = volume67812, bucketName = bucket15470, keyName = file3
2024-05-06 09:04:07,619 [IPC Server handler 17 on default port 15004] DEBUG key.OMKeyCommitRequestWithFSO (OMKeyCommitRequestWithFSO.java:validateAndUpdateCache(282)) - Key commit succeeded with isHSync = true, omKeyInfo = OmKeyInfo{volumeName='volume67812', bucketName='bucket15470', keyName='file3', dataSize=35943, keyLocationVersions=[version:0 isMultipartKey:false conID 3 locID 113750153625600179 bcsID 0 || ], creationTime=1714986247551, modificationTime=1714986247618, replicationConfig=RATIS/THREE, encInfo=null, fileChecksum=null, isFile=true, fileName='file3', acls=[user:runner:a[ACCESS], group:docker:a[ACCESS], group:adm:a[ACCESS], group:systemd-journal:a[ACCESS]]}
2024-05-06 09:04:07,632 [main] INFO  ozone.TestHSync (TestHSync.java:runTestHSync(369)) - runTestHSync /file3 with size 32768, skipLength=35943
2024-05-06 09:04:07,636 [IPC Server handler 18 on default port 15004] DEBUG key.OMKeyCommitRequestWithFSO (OMKeyCommitRequestWithFSO.java:validateAndUpdateCache(110)) - isHSync = true, volumeName = volume67812, bucketName = bucket15470, keyName = file3
2024-05-06 09:04:07,637 [IPC Server handler 18 on default port 15004] DEBUG key.OMKeyCommitRequestWithFSO (OMKeyCommitRequestWithFSO.java:validateAndUpdateCache(282)) - Key commit succeeded with isHSync = true, omKeyInfo = OmKeyInfo{volumeName='volume67812', bucketName='bucket15470', keyName='file3', dataSize=68711, keyLocationVersions=[version:0 isMultipartKey:false conID 3 locID 113750153625600179 bcsID 0 || ], creationTime=1714986247551, modificationTime=1714986247636, replicationConfig=RATIS/THREE, encInfo=null, fileChecksum=null, isFile=true, fileName='file3', acls=[user:runner:a[ACCESS], group:docker:a[ACCESS], group:adm:a[ACCESS], group:systemd-journal:a[ACCESS]]}
2024-05-06 09:04:07,647 [main] INFO  ozone.TestHSync (TestHSync.java:runTestHSync(369)) - runTestHSync /file3 with size 32769, skipLength=68711
2024-05-06 09:04:07,653 [IPC Server handler 0 on default port 15004] DEBUG key.OMKeyCommitRequestWithFSO (OMKeyCommitRequestWithFSO.java:validateAndUpdateCache(110)) - isHSync = true, volumeName = volume67812, bucketName = bucket15470, keyName = file3
2024-05-06 09:04:07,653 [IPC Server handler 0 on default port 15004] DEBUG key.OMKeyCommitRequestWithFSO (OMKeyCommitRequestWithFSO.java:validateAndUpdateCache(282)) - Key commit succeeded with isHSync = true, omKeyInfo = OmKeyInfo{volumeName='volume67812', bucketName='bucket15470', keyName='file3', dataSize=101480, keyLocationVersions=[version:0 isMultipartKey:false conID 3 locID 113750153625600179 bcsID 0 || ], creationTime=1714986247551, modificationTime=1714986247653, replicationConfig=RATIS/THREE, encInfo=null, fileChecksum=null, isFile=true, fileName='file3', acls=[user:runner:a[ACCESS], group:docker:a[ACCESS], group:adm:a[ACCESS], group:systemd-journal:a[ACCESS]]}
2024-05-06 09:04:07,663 [main] INFO  ozone.TestHSync (TestHSync.java:runTestHSync(369)) - runTestHSync /file3 with size 1048575, skipLength=101480
2024-05-06 09:04:07,819 [IPC Server handler 9 on default port 15004] DEBUG key.OMKeyCommitRequestWithFSO (OMKeyCommitRequestWithFSO.java:validateAndUpdateCache(110)) - isHSync = true, volumeName = volume67812, bucketName = bucket15470, keyName = file3
2024-05-06 09:04:07,820 [IPC Server handler 9 on default port 15004] DEBUG key.OMKeyCommitRequestWithFSO (OMKeyCommitRequestWithFSO.java:validateAndUpdateCache(282)) - Key commit succeeded with isHSync = true, omKeyInfo = OmKeyInfo{volumeName='volume67812', bucketName='bucket15470', keyName='file3', dataSize=1150055, keyLocationVersions=[version:0 isMultipartKey:false conID 3 locID 113750153625600179 bcsID 4164 || conID 4 locID 113750153625600180 bcsID 4186 || conID 1 locID 113750153625600181 bcsID 4493 || conID 2 locID 113750153625600182 bcsID 4519 || conID 1 locID 113750153625600183 bcsID 4545 || conID 3 locID 113750153625600184 bcsID 4212 || conID 2 locID 113750153625600185 bcsID 4568 || conID 4 locID 113750153625600186 bcsID 4238 || conID 1 locID 113750153625600187 bcsID 0 || ], creationTime=1714986247551, modificationTime=1714986247819, replicationConfig=RATIS/THREE, encInfo=null, fileChecksum=null, isFile=true, fileName='file3', acls=[user:runner:a[ACCESS], group:docker:a[ACCESS], group:adm:a[ACCESS], group:systemd-journal:a[ACCESS]]}
2024-05-06 09:04:07,864 [main] INFO  ozone.TestHSync (TestHSync.java:runTestHSync(369)) - runTestHSync /file3 with size 1048576, skipLength=1150055
2024-05-06 09:04:08,047 [IPC Server handler 0 on default port 15004] DEBUG key.OMKeyCommitRequestWithFSO (OMKeyCommitRequestWithFSO.java:validateAndUpdateCache(110)) - isHSync = true, volumeName = volume67812, bucketName = bucket15470, keyName = file3
2024-05-06 09:04:08,047 [IPC Server handler 0 on default port 15004] DEBUG key.OMKeyCommitRequestWithFSO (OMKeyCommitRequestWithFSO.java:validateAndUpdateCache(282)) - Key commit succeeded with isHSync = true, omKeyInfo = OmKeyInfo{volumeName='volume67812', bucketName='bucket15470', keyName='file3', dataSize=2198631, keyLocationVersions=[version:0 isMultipartKey:false conID 3 locID 113750153625600179 bcsID 4164 || conID 4 locID 113750153625600180 bcsID 4186 || conID 1 locID 113750153625600181 bcsID 4493 || conID 2 locID 113750153625600182 bcsID 4519 || conID 1 locID 113750153625600183 bcsID 4545 || conID 3 locID 113750153625600184 bcsID 4212 || conID 2 locID 113750153625600185 bcsID 4568 || conID 4 locID 113750153625600186 bcsID 4238 || conID 1 locID 113750153625600187 bcsID 4603 || conID 3 locID 113750153625600188 bcsID 4263 || conID 2 locID 113750153625600189 bcsID 4625 || conID 4 locID 113750153625600190 bcsID 4289 || conID 1 locID 113750153625600191 bcsID 4650 || conID 3 locID 113750153625600192 bcsID 4312 || conID 4 locID 113750153625600193 bcsID 4337 || conID 2 locID 113750153625600194 bcsID 4676 || conID 1 locID 113750153625600195 bcsID 0 || ], creationTime=1714986247551, modificationTime=1714986248047, replicationConfig=RATIS/THREE, encInfo=null, fileChecksum=null, isFile=true, fileName='file3', acls=[user:runner:a[ACCESS], group:docker:a[ACCESS], group:adm:a[ACCESS], group:systemd-journal:a[ACCESS]]}
2024-05-06 09:04:08,144 [main] INFO  ozone.TestHSync (TestHSync.java:runTestHSync(369)) - runTestHSync /file3 with size 1048577, skipLength=2198631
2024-05-06 09:04:08,347 [IPC Server handler 9 on default port 15004] DEBUG key.OMKeyCommitRequestWithFSO (OMKeyCommitRequestWithFSO.java:validateAndUpdateCache(110)) - isHSync = true, volumeName = volume67812, bucketName = bucket15470, keyName = file3
2024-05-06 09:04:08,347 [IPC Server handler 9 on default port 15004] DEBUG key.OMKeyCommitRequestWithFSO (OMKeyCommitRequestWithFSO.java:validateAndUpdateCache(282)) - Key commit succeeded with isHSync = true, omKeyInfo = OmKeyInfo{volumeName='volume67812', bucketName='bucket15470', keyName='file3', dataSize=3247208, keyLocationVersions=[version:0 isMultipartKey:false conID 3 locID 113750153625600179 bcsID 4164 || conID 4 locID 113750153625600180 bcsID 4186 || conID 1 locID 113750153625600181 bcsID 4493 || conID 2 locID 113750153625600182 bcsID 4519 || conID 1 locID 113750153625600183 bcsID 4545 || conID 3 locID 113750153625600184 bcsID 4212 || conID 2 locID 113750153625600185 bcsID 4568 || conID 4 locID 113750153625600186 bcsID 4238 || conID 1 locID 113750153625600187 bcsID 4603 || conID 3 locID 113750153625600188 bcsID 4263 || conID 2 locID 113750153625600189 bcsID 4625 || conID 4 locID 113750153625600190 bcsID 4289 || conID 1 locID 113750153625600191 bcsID 4650 || conID 3 locID 113750153625600192 bcsID 4312 || conID 4 locID 113750153625600193 bcsID 4337 || conID 2 locID 113750153625600194 bcsID 4676 || conID 1 locID 113750153625600195 bcsID 4707 || conID 3 locID 113750153625600196 bcsID 4363 || conID 2 locID 113750153625600197 bcsID 4728 || conID 4 locID 113750153625600198 bcsID 4391 || conID 3 locID 113750153625600199 bcsID 4418 || conID 4 locID 113750153625600200 bcsID 4441 || conID 3 locID 113750153625600201 bcsID 4468 || conID 1 locID 113750153625600202 bcsID 4754 || conID 4 locID 113750153625600203 bcsID 0 || ], creationTime=1714986247551, modificationTime=1714986248347, replicationConfig=RATIS/THREE, encInfo=null, fileChecksum=null, isFile=true, fileName='file3', acls=[user:runner:a[ACCESS], group:docker:a[ACCESS], group:adm:a[ACCESS], group:systemd-journal:a[ACCESS]]}
2024-05-06 09:04:08,523 [IPC Server handler 13 on default port 15004] DEBUG key.OMKeyCommitRequestWithFSO (OMKeyCommitRequestWithFSO.java:validateAndUpdateCache(110)) - isHSync = false, volumeName = volume67812, bucketName = bucket15470, keyName = file3
2024-05-06 09:04:08,523 [IPC Server handler 13 on default port 15004] DEBUG key.OMKeyCommitRequestWithFSO (OMKeyCommitRequestWithFSO.java:validateAndUpdateCache(282)) - Key commit succeeded with isHSync = false, omKeyInfo = OmKeyInfo{volumeName='volume67812', bucketName='bucket15470', keyName='file3', dataSize=3247208, keyLocationVersions=[version:0 isMultipartKey:false conID 3 locID 113750153625600179 bcsID 4164 || conID 4 locID 113750153625600180 bcsID 4186 || conID 1 locID 113750153625600181 bcsID 4493 || conID 2 locID 113750153625600182 bcsID 4519 || conID 1 locID 113750153625600183 bcsID 4545 || conID 3 locID 113750153625600184 bcsID 4212 || conID 2 locID 113750153625600185 bcsID 4568 || conID 4 locID 113750153625600186 bcsID 4238 || conID 1 locID 113750153625600187 bcsID 4603 || conID 3 locID 113750153625600188 bcsID 4263 || conID 2 locID 113750153625600189 bcsID 4625 || conID 4 locID 113750153625600190 bcsID 4289 || conID 1 locID 113750153625600191 bcsID 4650 || conID 3 locID 113750153625600192 bcsID 4312 || conID 4 locID 113750153625600193 bcsID 4337 || conID 2 locID 113750153625600194 bcsID 4676 || conID 1 locID 113750153625600195 bcsID 4707 || conID 3 locID 113750153625600196 bcsID 4363 || conID 2 locID 113750153625600197 bcsID 4728 || conID 4 locID 113750153625600198 bcsID 4391 || conID 3 locID 113750153625600199 bcsID 4418 || conID 4 locID 113750153625600200 bcsID 4441 || conID 3 locID 113750153625600201 bcsID 4468 || conID 1 locID 113750153625600202 bcsID 4754 || conID 4 locID 113750153625600203 bcsID 4493 || ], creationTime=1714986247551, modificationTime=1714986248522, replicationConfig=RATIS/THREE, encInfo=null, fileChecksum=null, isFile=true, fileName='file3', acls=[user:runner:a[ACCESS], group:docker:a[ACCESS], group:adm:a[ACCESS], group:systemd-journal:a[ACCESS]]}
2024-05-06 09:04:08,523 [IPC Server handler 13 on default port 15004] DEBUG key.OMKeyCommitRequest (OMKeyCommitRequest.java:processResult(412)) - Key committed. Volume:volume67812, Bucket:bucket15470, Key:file3
2024-05-06 09:04:08,526 [main] INFO  ozone.TestHSync (TestHSync.java:runTestHSync(369)) - runTestHSync /file4 with size 16, skipLength=0
2024-05-06 09:04:08,530 [IPC Server handler 12 on default port 15004] DEBUG key.OMKeyCommitRequestWithFSO (OMKeyCommitRequestWithFSO.java:validateAndUpdateCache(110)) - isHSync = true, volumeName = volume67812, bucketName = bucket15470, keyName = file4
2024-05-06 09:04:08,530 [IPC Server handler 12 on default port 15004] DEBUG key.OMKeyCommitRequestWithFSO (OMKeyCommitRequestWithFSO.java:validateAndUpdateCache(282)) - Key commit succeeded with isHSync = true, omKeyInfo = OmKeyInfo{volumeName='volume67812', bucketName='bucket15470', keyName='file4', dataSize=16, keyLocationVersions=[version:0 isMultipartKey:false conID 3 locID 113750153625600204 bcsID 0 || ], creationTime=1714986248525, modificationTime=1714986248529, replicationConfig=RATIS/THREE, encInfo=null, fileChecksum=null, isFile=true, fileName='file4', acls=[user:runner:a[ACCESS], group:docker:a[ACCESS], group:adm:a[ACCESS], group:systemd-journal:a[ACCESS]]}
2024-05-06 09:04:08,533 [main] INFO  ozone.TestHSync (TestHSync.java:runTestHSync(369)) - runTestHSync /file4 with size 31, skipLength=16
2024-05-06 09:04:08,536 [IPC Server handler 17 on default port 15004] DEBUG key.OMKeyCommitRequestWithFSO (OMKeyCommitRequestWithFSO.java:validateAndUpdateCache(110)) - isHSync = true, volumeName = volume67812, bucketName = bucket15470, keyName = file4
2024-05-06 09:04:08,537 [IPC Server handler 17 on default port 15004] DEBUG key.OMKeyCommitRequestWithFSO (OMKeyCommitRequestWithFSO.java:validateAndUpdateCache(282)) - Key commit succeeded with isHSync = true, omKeyInfo = OmKeyInfo{volumeName='volume67812', bucketName='bucket15470', keyName='file4', dataSize=47, keyLocationVersions=[version:0 isMultipartKey:false conID 3 locID 113750153625600204 bcsID 0 || ], creationTime=1714986248525, modificationTime=1714986248536, replicationConfig=RATIS/THREE, encInfo=null, fileChecksum=null, isFile=true, fileName='file4', acls=[user:runner:a[ACCESS], group:docker:a[ACCESS], group:adm:a[ACCESS], group:systemd-journal:a[ACCESS]]}
2024-05-06 09:04:08,540 [main] INFO  ozone.TestHSync (TestHSync.java:runTestHSync(369)) - runTestHSync /file4 with size 32, skipLength=47
2024-05-06 09:04:08,543 [IPC Server handler 18 on default port 15004] DEBUG key.OMKeyCommitRequestWithFSO (OMKeyCommitRequestWithFSO.java:validateAndUpdateCache(110)) - isHSync = true, volumeName = volume67812, bucketName = bucket15470, keyName = file4
2024-05-06 09:04:08,544 [IPC Server handler 18 on default port 15004] DEBUG key.OMKeyCommitRequestWithFSO (OMKeyCommitRequestWithFSO.java:validateAndUpdateCache(282)) - Key commit succeeded with isHSync = true, omKeyInfo = OmKeyInfo{volumeName='volume67812', bucketName='bucket15470', keyName='file4', dataSize=79, keyLocationVersions=[version:0 isMultipartKey:false conID 3 locID 113750153625600204 bcsID 0 || ], creationTime=1714986248525, modificationTime=1714986248543, replicationConfig=RATIS/THREE, encInfo=null, fileChecksum=null, isFile=true, fileName='file4', acls=[user:runner:a[ACCESS], group:docker:a[ACCESS], group:adm:a[ACCESS], group:systemd-journal:a[ACCESS]]}
2024-05-06 09:04:08,547 [main] INFO  ozone.TestHSync (TestHSync.java:runTestHSync(369)) - runTestHSync /file4 with size 33, skipLength=79
2024-05-06 09:04:08,551 [IPC Server handler 0 on default port 15004] DEBUG key.OMKeyCommitRequestWithFSO (OMKeyCommitRequestWithFSO.java:validateAndUpdateCache(110)) - isHSync = true, volumeName = volume67812, bucketName = bucket15470, keyName = file4
2024-05-06 09:04:08,551 [IPC Server handler 0 on default port 15004] DEBUG key.OMKeyCommitRequestWithFSO (OMKeyCommitRequestWithFSO.java:validateAndUpdateCache(282)) - Key commit succeeded with isHSync = true, omKeyInfo = OmKeyInfo{volumeName='volume67812', bucketName='bucket15470', keyName='file4', dataSize=112, keyLocationVersions=[version:0 isMultipartKey:false conID 3 locID 113750153625600204 bcsID 0 || ], creationTime=1714986248525, modificationTime=1714986248551, replicationConfig=RATIS/THREE, encInfo=null, fileChecksum=null, isFile=true, fileName='file4', acls=[user:runner:a[ACCESS], group:docker:a[ACCESS], group:adm:a[ACCESS], group:systemd-journal:a[ACCESS]]}
2024-05-06 09:04:08,555 [main] INFO  ozone.TestHSync (TestHSync.java:runTestHSync(369)) - runTestHSync /file4 with size 1023, skipLength=112
2024-05-06 09:04:08,559 [IPC Server handler 2 on default port 15004] DEBUG key.OMKeyCommitRequestWithFSO (OMKeyCommitRequestWithFSO.java:validateAndUpdateCache(110)) - isHSync = true, volumeName = volume67812, bucketName = bucket15470, keyName = file4
2024-05-06 09:04:08,559 [IPC Server handler 2 on default port 15004] DEBUG key.OMKeyCommitRequestWithFSO (OMKeyCommitRequestWithFSO.java:validateAndUpdateCache(282)) - Key commit succeeded with isHSync = true, omKeyInfo = OmKeyInfo{volumeName='volume67812', bucketName='bucket15470', keyName='file4', dataSize=1135, keyLocationVersions=[version:0 isMultipartKey:false conID 3 locID 113750153625600204 bcsID 0 || ], creationTime=1714986248525, modificationTime=1714986248559, replicationConfig=RATIS/THREE, encInfo=null, fileChecksum=null, isFile=true, fileName='file4', acls=[user:runner:a[ACCESS], group:docker:a[ACCESS], group:adm:a[ACCESS], group:systemd-journal:a[ACCESS]]}
2024-05-06 09:04:08,563 [main] INFO  ozone.TestHSync (TestHSync.java:runTestHSync(369)) - runTestHSync /file4 with size 1024, skipLength=1135
2024-05-06 09:04:08,567 [IPC Server handler 4 on default port 15004] DEBUG key.OMKeyCommitRequestWithFSO (OMKeyCommitRequestWithFSO.java:validateAndUpdateCache(110)) - isHSync = true, volumeName = volume67812, bucketName = bucket15470, keyName = file4
2024-05-06 09:04:08,567 [IPC Server handler 4 on default port 15004] DEBUG key.OMKeyCommitRequestWithFSO (OMKeyCommitRequestWithFSO.java:validateAndUpdateCache(282)) - Key commit succeeded with isHSync = true, omKeyInfo = OmKeyInfo{volumeName='volume67812', bucketName='bucket15470', keyName='file4', dataSize=2159, keyLocationVersions=[version:0 isMultipartKey:false conID 3 locID 113750153625600204 bcsID 0 || ], creationTime=1714986248525, modificationTime=1714986248567, replicationConfig=RATIS/THREE, encInfo=null, fileChecksum=null, isFile=true, fileName='file4', acls=[user:runner:a[ACCESS], group:docker:a[ACCESS], group:adm:a[ACCESS], group:systemd-journal:a[ACCESS]]}
2024-05-06 09:04:08,573 [main] INFO  ozone.TestHSync (TestHSync.java:runTestHSync(369)) - runTestHSync /file4 with size 1025, skipLength=2159
2024-05-06 09:04:08,576 [IPC Server handler 6 on default port 15004] DEBUG key.OMKeyCommitRequestWithFSO (OMKeyCommitRequestWithFSO.java:validateAndUpdateCache(110)) - isHSync = true, volumeName = volume67812, bucketName = bucket15470, keyName = file4
2024-05-06 09:04:08,577 [IPC Server handler 6 on default port 15004] DEBUG key.OMKeyCommitRequestWithFSO (OMKeyCommitRequestWithFSO.java:validateAndUpdateCache(282)) - Key commit succeeded with isHSync = true, omKeyInfo = OmKeyInfo{volumeName='volume67812', bucketName='bucket15470', keyName='file4', dataSize=3184, keyLocationVersions=[version:0 isMultipartKey:false conID 3 locID 113750153625600204 bcsID 0 || ], creationTime=1714986248525, modificationTime=1714986248576, replicationConfig=RATIS/THREE, encInfo=null, fileChecksum=null, isFile=true, fileName='file4', acls=[user:runner:a[ACCESS], group:docker:a[ACCESS], group:adm:a[ACCESS], group:systemd-journal:a[ACCESS]]}
2024-05-06 09:04:08,582 [main] INFO  ozone.TestHSync (TestHSync.java:runTestHSync(369)) - runTestHSync /file4 with size 32767, skipLength=3184
2024-05-06 09:04:08,587 [IPC Server handler 8 on default port 15004] DEBUG key.OMKeyCommitRequestWithFSO (OMKeyCommitRequestWithFSO.java:validateAndUpdateCache(110)) - isHSync = true, volumeName = volume67812, bucketName = bucket15470, keyName = file4
2024-05-06 09:04:08,588 [IPC Server handler 8 on default port 15004] DEBUG key.OMKeyCommitRequestWithFSO (OMKeyCommitRequestWithFSO.java:validateAndUpdateCache(282)) - Key commit succeeded with isHSync = true, omKeyInfo = OmKeyInfo{volumeName='volume67812', bucketName='bucket15470', keyName='file4', dataSize=35951, keyLocationVersions=[version:0 isMultipartKey:false conID 3 locID 113750153625600204 bcsID 0 || ], creationTime=1714986248525, modificationTime=1714986248587, replicationConfig=RATIS/THREE, encInfo=null, fileChecksum=null, isFile=true, fileName='file4', acls=[user:runner:a[ACCESS], group:docker:a[ACCESS], group:adm:a[ACCESS], group:systemd-journal:a[ACCESS]]}
2024-05-06 09:04:08,594 [main] INFO  ozone.TestHSync (TestHSync.java:runTestHSync(369)) - runTestHSync /file4 with size 32768, skipLength=35951
2024-05-06 09:04:08,598 [IPC Server handler 9 on default port 15004] DEBUG key.OMKeyCommitRequestWithFSO (OMKeyCommitRequestWithFSO.java:validateAndUpdateCache(110)) - isHSync = true, volumeName = volume67812, bucketName = bucket15470, keyName = file4
2024-05-06 09:04:08,599 [IPC Server handler 9 on default port 15004] DEBUG key.OMKeyCommitRequestWithFSO (OMKeyCommitRequestWithFSO.java:validateAndUpdateCache(282)) - Key commit succeeded with isHSync = true, omKeyInfo = OmKeyInfo{volumeName='volume67812', bucketName='bucket15470', keyName='file4', dataSize=68719, keyLocationVersions=[version:0 isMultipartKey:false conID 3 locID 113750153625600204 bcsID 0 || ], creationTime=1714986248525, modificationTime=1714986248598, replicationConfig=RATIS/THREE, encInfo=null, fileChecksum=null, isFile=true, fileName='file4', acls=[user:runner:a[ACCESS], group:docker:a[ACCESS], group:adm:a[ACCESS], group:systemd-journal:a[ACCESS]]}
2024-05-06 09:04:08,611 [main] INFO  ozone.TestHSync (TestHSync.java:runTestHSync(369)) - runTestHSync /file4 with size 32769, skipLength=68719
2024-05-06 09:04:08,619 [IPC Server handler 13 on default port 15004] DEBUG key.OMKeyCommitRequestWithFSO (OMKeyCommitRequestWithFSO.java:validateAndUpdateCache(110)) - isHSync = true, volumeName = volume67812, bucketName = bucket15470, keyName = file4
2024-05-06 09:04:08,619 [IPC Server handler 13 on default port 15004] DEBUG key.OMKeyCommitRequestWithFSO (OMKeyCommitRequestWithFSO.java:validateAndUpdateCache(282)) - Key commit succeeded with isHSync = true, omKeyInfo = OmKeyInfo{volumeName='volume67812', bucketName='bucket15470', keyName='file4', dataSize=101488, keyLocationVersions=[version:0 isMultipartKey:false conID 3 locID 113750153625600204 bcsID 0 || ], creationTime=1714986248525, modificationTime=1714986248618, replicationConfig=RATIS/THREE, encInfo=null, fileChecksum=null, isFile=true, fileName='file4', acls=[user:runner:a[ACCESS], group:docker:a[ACCESS], group:adm:a[ACCESS], group:systemd-journal:a[ACCESS]]}
2024-05-06 09:04:08,627 [main] INFO  ozone.TestHSync (TestHSync.java:runTestHSync(369)) - runTestHSync /file4 with size 1048575, skipLength=101488
2024-05-06 09:04:08,784 [IPC Server handler 2 on default port 15004] DEBUG key.OMKeyCommitRequestWithFSO (OMKeyCommitRequestWithFSO.java:validateAndUpdateCache(110)) - isHSync = true, volumeName = volume67812, bucketName = bucket15470, keyName = file4
2024-05-06 09:04:08,808 [IPC Server handler 2 on default port 15004] DEBUG key.OMKeyCommitRequestWithFSO (OMKeyCommitRequestWithFSO.java:validateAndUpdateCache(282)) - Key commit succeeded with isHSync = true, omKeyInfo = OmKeyInfo{volumeName='volume67812', bucketName='bucket15470', keyName='file4', dataSize=1150063, keyLocationVersions=[version:0 isMultipartKey:false conID 3 locID 113750153625600204 bcsID 4550 || conID 4 locID 113750153625600205 bcsID 4574 || conID 2 locID 113750153625600206 bcsID 4781 || conID 1 locID 113750153625600207 bcsID 4807 || conID 2 locID 113750153625600208 bcsID 4834 || conID 3 locID 113750153625600209 bcsID 4600 || conID 4 locID 113750153625600210 bcsID 4626 || conID 1 locID 113750153625600211 bcsID 4857 || conID 3 locID 113750153625600212 bcsID 0 || ], creationTime=1714986248525, modificationTime=1714986248783, replicationConfig=RATIS/THREE, encInfo=null, fileChecksum=null, isFile=true, fileName='file4', acls=[user:runner:a[ACCESS], group:docker:a[ACCESS], group:adm:a[ACCESS], group:systemd-journal:a[ACCESS]]}
2024-05-06 09:04:08,878 [main] INFO  ozone.TestHSync (TestHSync.java:runTestHSync(369)) - runTestHSync /file4 with size 1048576, skipLength=1150063
2024-05-06 09:04:09,049 [IPC Server handler 13 on default port 15004] DEBUG key.OMKeyCommitRequestWithFSO (OMKeyCommitRequestWithFSO.java:validateAndUpdateCache(110)) - isHSync = true, volumeName = volume67812, bucketName = bucket15470, keyName = file4
2024-05-06 09:04:09,050 [IPC Server handler 13 on default port 15004] DEBUG key.OMKeyCommitRequestWithFSO (OMKeyCommitRequestWithFSO.java:validateAndUpdateCache(282)) - Key commit succeeded with isHSync = true, omKeyInfo = OmKeyInfo{volumeName='volume67812', bucketName='bucket15470', keyName='file4', dataSize=2198639, keyLocationVersions=[version:0 isMultipartKey:false conID 3 locID 113750153625600204 bcsID 4550 || conID 4 locID 113750153625600205 bcsID 4574 || conID 2 locID 113750153625600206 bcsID 4781 || conID 1 locID 113750153625600207 bcsID 4807 || conID 2 locID 113750153625600208 bcsID 4834 || conID 3 locID 113750153625600209 bcsID 4600 || conID 4 locID 113750153625600210 bcsID 4626 || conID 1 locID 113750153625600211 bcsID 4857 || conID 3 locID 113750153625600212 bcsID 4658 || conID 2 locID 113750153625600213 bcsID 4882 || conID 1 locID 113750153625600214 bcsID 4907 || conID 2 locID 113750153625600215 bcsID 4933 || conID 4 locID 113750153625600216 bcsID 4677 || conID 1 locID 113750153625600217 bcsID 4959 || conID 2 locID 113750153625600218 bcsID 4985 || conID 1 locID 113750153625600219 bcsID 5011 || conID 3 locID 113750153625600220 bcsID 0 || ], creationTime=1714986248525, modificationTime=1714986249049, replicationConfig=RATIS/THREE, encInfo=null, fileChecksum=null, isFile=true, fileName='file4', acls=[user:runner:a[ACCESS], group:docker:a[ACCESS], group:adm:a[ACCESS], group:systemd-journal:a[ACCESS]]}
2024-05-06 09:04:09,136 [main] INFO  ozone.TestHSync (TestHSync.java:runTestHSync(369)) - runTestHSync /file4 with size 1048577, skipLength=2198639
2024-05-06 09:04:09,289 [IPC Server handler 2 on default port 15004] DEBUG key.OMKeyCommitRequestWithFSO (OMKeyCommitRequestWithFSO.java:validateAndUpdateCache(110)) - isHSync = true, volumeName = volume67812, bucketName = bucket15470, keyName = file4
2024-05-06 09:04:09,290 [IPC Server handler 2 on default port 15004] DEBUG key.OMKeyCommitRequestWithFSO (OMKeyCommitRequestWithFSO.java:validateAndUpdateCache(282)) - Key commit succeeded with isHSync = true, omKeyInfo = OmKeyInfo{volumeName='volume67812', bucketName='bucket15470', keyName='file4', dataSize=3247216, keyLocationVersions=[version:0 isMultipartKey:false conID 3 locID 113750153625600204 bcsID 4550 || conID 4 locID 113750153625600205 bcsID 4574 || conID 2 locID 113750153625600206 bcsID 4781 || conID 1 locID 113750153625600207 bcsID 4807 || conID 2 locID 113750153625600208 bcsID 4834 || conID 3 locID 113750153625600209 bcsID 4600 || conID 4 locID 113750153625600210 bcsID 4626 || conID 1 locID 113750153625600211 bcsID 4857 || conID 3 locID 113750153625600212 bcsID 4658 || conID 2 locID 113750153625600213 bcsID 4882 || conID 1 locID 113750153625600214 bcsID 4907 || conID 2 locID 113750153625600215 bcsID 4933 || conID 4 locID 113750153625600216 bcsID 4677 || conID 1 locID 113750153625600217 bcsID 4959 || conID 2 locID 113750153625600218 bcsID 4985 || conID 1 locID 113750153625600219 bcsID 5011 || conID 3 locID 113750153625600220 bcsID 4710 || conID 4 locID 113750153625600221 bcsID 4734 || conID 2 locID 113750153625600222 bcsID 5037 || conID 1 locID 113750153625600223 bcsID 5064 || conID 3 locID 113750153625600224 bcsID 4759 || conID 4 locID 113750153625600225 bcsID 4784 || conID 2 locID 113750153625600226 bcsID 5086 || conID 1 locID 113750153625600227 bcsID 5115 || conID 3 locID 113750153625600228 bcsID 0 || ], creationTime=1714986248525, modificationTime=1714986249289, replicationConfig=RATIS/THREE, encInfo=null, fileChecksum=null, isFile=true, fileName='file4', acls=[user:runner:a[ACCESS], group:docker:a[ACCESS], group:adm:a[ACCESS], group:systemd-journal:a[ACCESS]]}
2024-05-06 09:04:09,428 [IPC Server handler 4 on default port 15004] DEBUG key.OMKeyCommitRequestWithFSO (OMKeyCommitRequestWithFSO.java:validateAndUpdateCache(110)) - isHSync = false, volumeName = volume67812, bucketName = bucket15470, keyName = file4
2024-05-06 09:04:09,429 [IPC Server handler 4 on default port 15004] DEBUG key.OMKeyCommitRequestWithFSO (OMKeyCommitRequestWithFSO.java:validateAndUpdateCache(282)) - Key commit succeeded with isHSync = false, omKeyInfo = OmKeyInfo{volumeName='volume67812', bucketName='bucket15470', keyName='file4', dataSize=3247216, keyLocationVersions=[version:0 isMultipartKey:false conID 3 locID 113750153625600204 bcsID 4550 || conID 4 locID 113750153625600205 bcsID 4574 || conID 2 locID 113750153625600206 bcsID 4781 || conID 1 locID 113750153625600207 bcsID 4807 || conID 2 locID 113750153625600208 bcsID 4834 || conID 3 locID 113750153625600209 bcsID 4600 || conID 4 locID 113750153625600210 bcsID 4626 || conID 1 locID 113750153625600211 bcsID 4857 || conID 3 locID 113750153625600212 bcsID 4658 || conID 2 locID 113750153625600213 bcsID 4882 || conID 1 locID 113750153625600214 bcsID 4907 || conID 2 locID 113750153625600215 bcsID 4933 || conID 4 locID 113750153625600216 bcsID 4677 || conID 1 locID 113750153625600217 bcsID 4959 || conID 2 locID 113750153625600218 bcsID 4985 || conID 1 locID 113750153625600219 bcsID 5011 || conID 3 locID 113750153625600220 bcsID 4710 || conID 4 locID 113750153625600221 bcsID 4734 || conID 2 locID 113750153625600222 bcsID 5037 || conID 1 locID 113750153625600223 bcsID 5064 || conID 3 locID 113750153625600224 bcsID 4759 || conID 4 locID 113750153625600225 bcsID 4784 || conID 2 locID 113750153625600226 bcsID 5086 || conID 1 locID 113750153625600227 bcsID 5115 || conID 3 locID 113750153625600228 bcsID 4808 || ], creationTime=1714986248525, modificationTime=1714986249428, replicationConfig=RATIS/THREE, encInfo=null, fileChecksum=null, isFile=true, fileName='file4', acls=[user:runner:a[ACCESS], group:docker:a[ACCESS], group:adm:a[ACCESS], group:systemd-journal:a[ACCESS]]}
2024-05-06 09:04:09,429 [IPC Server handler 4 on default port 15004] DEBUG key.OMKeyCommitRequest (OMKeyCommitRequest.java:processResult(412)) - Key committed. Volume:volume67812, Bucket:bucket15470, Key:file4
2024-05-06 09:04:09,432 [main] INFO  ozone.TestHSync (TestHSync.java:runTestHSync(369)) - runTestHSync /file5 with size 32, skipLength=0
2024-05-06 09:04:09,437 [IPC Server handler 6 on default port 15004] DEBUG key.OMKeyCommitRequestWithFSO (OMKeyCommitRequestWithFSO.java:validateAndUpdateCache(110)) - isHSync = true, volumeName = volume67812, bucketName = bucket15470, keyName = file5
2024-05-06 09:04:09,437 [IPC Server handler 6 on default port 15004] DEBUG key.OMKeyCommitRequestWithFSO (OMKeyCommitRequestWithFSO.java:validateAndUpdateCache(282)) - Key commit succeeded with isHSync = true, omKeyInfo = OmKeyInfo{volumeName='volume67812', bucketName='bucket15470', keyName='file5', dataSize=32, keyLocationVersions=[version:0 isMultipartKey:false conID 2 locID 113750153625600229 bcsID 0 || ], creationTime=1714986249431, modificationTime=1714986249437, replicationConfig=RATIS/THREE, encInfo=null, fileChecksum=null, isFile=true, fileName='file5', acls=[user:runner:a[ACCESS], group:docker:a[ACCESS], group:adm:a[ACCESS], group:systemd-journal:a[ACCESS]]}
2024-05-06 09:04:09,440 [main] INFO  ozone.TestHSync (TestHSync.java:runTestHSync(369)) - runTestHSync /file5 with size 31, skipLength=32
2024-05-06 09:04:09,444 [IPC Server handler 8 on default port 15004] DEBUG key.OMKeyCommitRequestWithFSO (OMKeyCommitRequestWithFSO.java:validateAndUpdateCache(110)) - isHSync = true, volumeName = volume67812, bucketName = bucket15470, keyName = file5
2024-05-06 09:04:09,445 [IPC Server handler 8 on default port 15004] DEBUG key.OMKeyCommitRequestWithFSO (OMKeyCommitRequestWithFSO.java:validateAndUpdateCache(282)) - Key commit succeeded with isHSync = true, omKeyInfo = OmKeyInfo{volumeName='volume67812', bucketName='bucket15470', keyName='file5', dataSize=63, keyLocationVersions=[version:0 isMultipartKey:false conID 2 locID 113750153625600229 bcsID 0 || ], creationTime=1714986249431, modificationTime=1714986249444, replicationConfig=RATIS/THREE, encInfo=null, fileChecksum=null, isFile=true, fileName='file5', acls=[user:runner:a[ACCESS], group:docker:a[ACCESS], group:adm:a[ACCESS], group:systemd-journal:a[ACCESS]]}
2024-05-06 09:04:09,448 [main] INFO  ozone.TestHSync (TestHSync.java:runTestHSync(369)) - runTestHSync /file5 with size 32, skipLength=63
2024-05-06 09:04:09,452 [IPC Server handler 9 on default port 15004] DEBUG key.OMKeyCommitRequestWithFSO (OMKeyCommitRequestWithFSO.java:validateAndUpdateCache(110)) - isHSync = true, volumeName = volume67812, bucketName = bucket15470, keyName = file5
2024-05-06 09:04:09,452 [IPC Server handler 9 on default port 15004] DEBUG key.OMKeyCommitRequestWithFSO (OMKeyCommitRequestWithFSO.java:validateAndUpdateCache(282)) - Key commit succeeded with isHSync = true, omKeyInfo = OmKeyInfo{volumeName='volume67812', bucketName='bucket15470', keyName='file5', dataSize=95, keyLocationVersions=[version:0 isMultipartKey:false conID 2 locID 113750153625600229 bcsID 0 || ], creationTime=1714986249431, modificationTime=1714986249452, replicationConfig=RATIS/THREE, encInfo=null, fileChecksum=null, isFile=true, fileName='file5', acls=[user:runner:a[ACCESS], group:docker:a[ACCESS], group:adm:a[ACCESS], group:systemd-journal:a[ACCESS]]}
2024-05-06 09:04:09,456 [main] INFO  ozone.TestHSync (TestHSync.java:runTestHSync(369)) - runTestHSync /file5 with size 33, skipLength=95
2024-05-06 09:04:09,459 [IPC Server handler 13 on default port 15004] DEBUG key.OMKeyCommitRequestWithFSO (OMKeyCommitRequestWithFSO.java:validateAndUpdateCache(110)) - isHSync = true, volumeName = volume67812, bucketName = bucket15470, keyName = file5
2024-05-06 09:04:09,459 [IPC Server handler 13 on default port 15004] DEBUG key.OMKeyCommitRequestWithFSO (OMKeyCommitRequestWithFSO.java:validateAndUpdateCache(282)) - Key commit succeeded with isHSync = true, omKeyInfo = OmKeyInfo{volumeName='volume67812', bucketName='bucket15470', keyName='file5', dataSize=128, keyLocationVersions=[version:0 isMultipartKey:false conID 2 locID 113750153625600229 bcsID 0 || ], creationTime=1714986249431, modificationTime=1714986249459, replicationConfig=RATIS/THREE, encInfo=null, fileChecksum=null, isFile=true, fileName='file5', acls=[user:runner:a[ACCESS], group:docker:a[ACCESS], group:adm:a[ACCESS], group:systemd-journal:a[ACCESS]]}
2024-05-06 09:04:09,463 [main] INFO  ozone.TestHSync (TestHSync.java:runTestHSync(369)) - runTestHSync /file5 with size 1023, skipLength=128
2024-05-06 09:04:09,466 [IPC Server handler 12 on default port 15004] DEBUG key.OMKeyCommitRequestWithFSO (OMKeyCommitRequestWithFSO.java:validateAndUpdateCache(110)) - isHSync = true, volumeName = volume67812, bucketName = bucket15470, keyName = file5
2024-05-06 09:04:09,467 [IPC Server handler 12 on default port 15004] DEBUG key.OMKeyCommitRequestWithFSO (OMKeyCommitRequestWithFSO.java:validateAndUpdateCache(282)) - Key commit succeeded with isHSync = true, omKeyInfo = OmKeyInfo{volumeName='volume67812', bucketName='bucket15470', keyName='file5', dataSize=1151, keyLocationVersions=[version:0 isMultipartKey:false conID 2 locID 113750153625600229 bcsID 0 || ], creationTime=1714986249431, modificationTime=1714986249466, replicationConfig=RATIS/THREE, encInfo=null, fileChecksum=null, isFile=true, fileName='file5', acls=[user:runner:a[ACCESS], group:docker:a[ACCESS], group:adm:a[ACCESS], group:systemd-journal:a[ACCESS]]}
2024-05-06 09:04:09,471 [main] INFO  ozone.TestHSync (TestHSync.java:runTestHSync(369)) - runTestHSync /file5 with size 1024, skipLength=1151
2024-05-06 09:04:09,475 [IPC Server handler 17 on default port 15004] DEBUG key.OMKeyCommitRequestWithFSO (OMKeyCommitRequestWithFSO.java:validateAndUpdateCache(110)) - isHSync = true, volumeName = volume67812, bucketName = bucket15470, keyName = file5
2024-05-06 09:04:09,476 [IPC Server handler 17 on default port 15004] DEBUG key.OMKeyCommitRequestWithFSO (OMKeyCommitRequestWithFSO.java:validateAndUpdateCache(282)) - Key commit succeeded with isHSync = true, omKeyInfo = OmKeyInfo{volumeName='volume67812', bucketName='bucket15470', keyName='file5', dataSize=2175, keyLocationVersions=[version:0 isMultipartKey:false conID 2 locID 113750153625600229 bcsID 0 || ], creationTime=1714986249431, modificationTime=1714986249475, replicationConfig=RATIS/THREE, encInfo=null, fileChecksum=null, isFile=true, fileName='file5', acls=[user:runner:a[ACCESS], group:docker:a[ACCESS], group:adm:a[ACCESS], group:systemd-journal:a[ACCESS]]}
2024-05-06 09:04:09,482 [main] INFO  ozone.TestHSync (TestHSync.java:runTestHSync(369)) - runTestHSync /file5 with size 1025, skipLength=2175
2024-05-06 09:04:09,486 [IPC Server handler 18 on default port 15004] DEBUG key.OMKeyCommitRequestWithFSO (OMKeyCommitRequestWithFSO.java:validateAndUpdateCache(110)) - isHSync = true, volumeName = volume67812, bucketName = bucket15470, keyName = file5
2024-05-06 09:04:09,486 [IPC Server handler 18 on default port 15004] DEBUG key.OMKeyCommitRequestWithFSO (OMKeyCommitRequestWithFSO.java:validateAndUpdateCache(282)) - Key commit succeeded with isHSync = true, omKeyInfo = OmKeyInfo{volumeName='volume67812', bucketName='bucket15470', keyName='file5', dataSize=3200, keyLocationVersions=[version:0 isMultipartKey:false conID 2 locID 113750153625600229 bcsID 0 || ], creationTime=1714986249431, modificationTime=1714986249486, replicationConfig=RATIS/THREE, encInfo=null, fileChecksum=null, isFile=true, fileName='file5', acls=[user:runner:a[ACCESS], group:docker:a[ACCESS], group:adm:a[ACCESS], group:systemd-journal:a[ACCESS]]}
2024-05-06 09:04:09,492 [main] INFO  ozone.TestHSync (TestHSync.java:runTestHSync(369)) - runTestHSync /file5 with size 32767, skipLength=3200
2024-05-06 09:04:09,496 [IPC Server handler 0 on default port 15004] DEBUG key.OMKeyCommitRequestWithFSO (OMKeyCommitRequestWithFSO.java:validateAndUpdateCache(110)) - isHSync = true, volumeName = volume67812, bucketName = bucket15470, keyName = file5
2024-05-06 09:04:09,497 [IPC Server handler 0 on default port 15004] DEBUG key.OMKeyCommitRequestWithFSO (OMKeyCommitRequestWithFSO.java:validateAndUpdateCache(282)) - Key commit succeeded with isHSync = true, omKeyInfo = OmKeyInfo{volumeName='volume67812', bucketName='bucket15470', keyName='file5', dataSize=35967, keyLocationVersions=[version:0 isMultipartKey:false conID 2 locID 113750153625600229 bcsID 0 || ], creationTime=1714986249431, modificationTime=1714986249496, replicationConfig=RATIS/THREE, encInfo=null, fileChecksum=null, isFile=true, fileName='file5', acls=[user:runner:a[ACCESS], group:docker:a[ACCESS], group:adm:a[ACCESS], group:systemd-journal:a[ACCESS]]}
2024-05-06 09:04:09,505 [main] INFO  ozone.TestHSync (TestHSync.java:runTestHSync(369)) - runTestHSync /file5 with size 32768, skipLength=35967
2024-05-06 09:04:09,510 [IPC Server handler 2 on default port 15004] DEBUG key.OMKeyCommitRequestWithFSO (OMKeyCommitRequestWithFSO.java:validateAndUpdateCache(110)) - isHSync = true, volumeName = volume67812, bucketName = bucket15470, keyName = file5
2024-05-06 09:04:09,510 [IPC Server handler 2 on default port 15004] DEBUG key.OMKeyCommitRequestWithFSO (OMKeyCommitRequestWithFSO.java:validateAndUpdateCache(282)) - Key commit succeeded with isHSync = true, omKeyInfo = OmKeyInfo{volumeName='volume67812', bucketName='bucket15470', keyName='file5', dataSize=68735, keyLocationVersions=[version:0 isMultipartKey:false conID 2 locID 113750153625600229 bcsID 0 || ], creationTime=1714986249431, modificationTime=1714986249510, replicationConfig=RATIS/THREE, encInfo=null, fileChecksum=null, isFile=true, fileName='file5', acls=[user:runner:a[ACCESS], group:docker:a[ACCESS], group:adm:a[ACCESS], group:systemd-journal:a[ACCESS]]}
2024-05-06 09:04:09,517 [main] INFO  ozone.TestHSync (TestHSync.java:runTestHSync(369)) - runTestHSync /file5 with size 32769, skipLength=68735
2024-05-06 09:04:09,524 [IPC Server handler 4 on default port 15004] DEBUG key.OMKeyCommitRequestWithFSO (OMKeyCommitRequestWithFSO.java:validateAndUpdateCache(110)) - isHSync = true, volumeName = volume67812, bucketName = bucket15470, keyName = file5
2024-05-06 09:04:09,524 [IPC Server handler 4 on default port 15004] DEBUG key.OMKeyCommitRequestWithFSO (OMKeyCommitRequestWithFSO.java:validateAndUpdateCache(282)) - Key commit succeeded with isHSync = true, omKeyInfo = OmKeyInfo{volumeName='volume67812', bucketName='bucket15470', keyName='file5', dataSize=101504, keyLocationVersions=[version:0 isMultipartKey:false conID 2 locID 113750153625600229 bcsID 0 || ], creationTime=1714986249431, modificationTime=1714986249524, replicationConfig=RATIS/THREE, encInfo=null, fileChecksum=null, isFile=true, fileName='file5', acls=[user:runner:a[ACCESS], group:docker:a[ACCESS], group:adm:a[ACCESS], group:systemd-journal:a[ACCESS]]}
2024-05-06 09:04:09,535 [main] INFO  ozone.TestHSync (TestHSync.java:runTestHSync(369)) - runTestHSync /file5 with size 1048575, skipLength=101504
2024-05-06 09:04:09,691 [IPC Server handler 12 on default port 15004] DEBUG key.OMKeyCommitRequestWithFSO (OMKeyCommitRequestWithFSO.java:validateAndUpdateCache(110)) - isHSync = true, volumeName = volume67812, bucketName = bucket15470, keyName = file5
2024-05-06 09:04:09,691 [IPC Server handler 12 on default port 15004] DEBUG key.OMKeyCommitRequestWithFSO (OMKeyCommitRequestWithFSO.java:validateAndUpdateCache(282)) - Key commit succeeded with isHSync = true, omKeyInfo = OmKeyInfo{volumeName='volume67812', bucketName='bucket15470', keyName='file5', dataSize=1150079, keyLocationVersions=[version:0 isMultipartKey:false conID 2 locID 113750153625600229 bcsID 5175 || conID 4 locID 113750153625600230 bcsID 4833 || conID 1 locID 113750153625600231 bcsID 5197 || conID 2 locID 113750153625600232 bcsID 5224 || conID 1 locID 113750153625600233 bcsID 5251 || conID 2 locID 113750153625600234 bcsID 5275 || conID 3 locID 113750153625600235 bcsID 4859 || conID 1 locID 113750153625600236 bcsID 5302 || conID 4 locID 113750153625600237 bcsID 0 || ], creationTime=1714986249431, modificationTime=1714986249690, replicationConfig=RATIS/THREE, encInfo=null, fileChecksum=null, isFile=true, fileName='file5', acls=[user:runner:a[ACCESS], group:docker:a[ACCESS], group:adm:a[ACCESS], group:systemd-journal:a[ACCESS]]}
2024-05-06 09:04:09,742 [main] INFO  ozone.TestHSync (TestHSync.java:runTestHSync(369)) - runTestHSync /file5 with size 1048576, skipLength=1150079
2024-05-06 09:04:09,924 [IPC Server handler 4 on default port 15004] DEBUG key.OMKeyCommitRequestWithFSO (OMKeyCommitRequestWithFSO.java:validateAndUpdateCache(110)) - isHSync = true, volumeName = volume67812, bucketName = bucket15470, keyName = file5
2024-05-06 09:04:09,925 [IPC Server handler 4 on default port 15004] DEBUG key.OMKeyCommitRequestWithFSO (OMKeyCommitRequestWithFSO.java:validateAndUpdateCache(282)) - Key commit succeeded with isHSync = true, omKeyInfo = OmKeyInfo{volumeName='volume67812', bucketName='bucket15470', keyName='file5', dataSize=2198655, keyLocationVersions=[version:0 isMultipartKey:false conID 2 locID 113750153625600229 bcsID 5175 || conID 4 locID 113750153625600230 bcsID 4833 || conID 1 locID 113750153625600231 bcsID 5197 || conID 2 locID 113750153625600232 bcsID 5224 || conID 1 locID 113750153625600233 bcsID 5251 || conID 2 locID 113750153625600234 bcsID 5275 || conID 3 locID 113750153625600235 bcsID 4859 || conID 1 locID 113750153625600236 bcsID 5302 || conID 4 locID 113750153625600237 bcsID 4888 || conID 2 locID 113750153625600238 bcsID 5329 || conID 3 locID 113750153625600239 bcsID 4909 || conID 1 locID 113750153625600240 bcsID 5355 || conID 2 locID 113750153625600241 bcsID 5381 || conID 4 locID 113750153625600242 bcsID 4937 || conID 3 locID 113750153625600243 bcsID 4963 || conID 4 locID 113750153625600244 bcsID 4987 || conID 1 locID 113750153625600245 bcsID 0 || ], creationTime=1714986249431, modificationTime=1714986249924, replicationConfig=RATIS/THREE, encInfo=null, fileChecksum=null, isFile=true, fileName='file5', acls=[user:runner:a[ACCESS], group:docker:a[ACCESS], group:adm:a[ACCESS], group:systemd-journal:a[ACCESS]]}
2024-05-06 09:04:10,010 [main] INFO  ozone.TestHSync (TestHSync.java:runTestHSync(369)) - runTestHSync /file5 with size 1048577, skipLength=2198655
2024-05-06 09:04:10,130 [d5e72a43-1a3b-4a30-a101-676dafd041a0-BlockDeletingService#1] INFO  interfaces.ContainerDeletionChoosingPolicyTemplate (ContainerDeletionChoosingPolicyTemplate.java:chooseContainerForBlockDeletion(85)) - Chosen 0/5000 blocks from 0 candidate containers.
2024-05-06 09:04:10,158 [IPC Server handler 12 on default port 15004] DEBUG key.OMKeyCommitRequestWithFSO (OMKeyCommitRequestWithFSO.java:validateAndUpdateCache(110)) - isHSync = true, volumeName = volume67812, bucketName = bucket15470, keyName = file5
2024-05-06 09:04:10,159 [IPC Server handler 12 on default port 15004] DEBUG key.OMKeyCommitRequestWithFSO (OMKeyCommitRequestWithFSO.java:validateAndUpdateCache(282)) - Key commit succeeded with isHSync = true, omKeyInfo = OmKeyInfo{volumeName='volume67812', bucketName='bucket15470', keyName='file5', dataSize=3247232, keyLocationVersions=[version:0 isMultipartKey:false conID 2 locID 113750153625600229 bcsID 5175 || conID 4 locID 113750153625600230 bcsID 4833 || conID 1 locID 113750153625600231 bcsID 5197 || conID 2 locID 113750153625600232 bcsID 5224 || conID 1 locID 113750153625600233 bcsID 5251 || conID 2 locID 113750153625600234 bcsID 5275 || conID 3 locID 113750153625600235 bcsID 4859 || conID 1 locID 113750153625600236 bcsID 5302 || conID 4 locID 113750153625600237 bcsID 4888 || conID 2 locID 113750153625600238 bcsID 5329 || conID 3 locID 113750153625600239 bcsID 4909 || conID 1 locID 113750153625600240 bcsID 5355 || conID 2 locID 113750153625600241 bcsID 5381 || conID 4 locID 113750153625600242 bcsID 4937 || conID 3 locID 113750153625600243 bcsID 4963 || conID 4 locID 113750153625600244 bcsID 4987 || conID 1 locID 113750153625600245 bcsID 5408 || conID 2 locID 113750153625600246 bcsID 5432 || conID 1 locID 113750153625600247 bcsID 5457 || conID 3 locID 113750153625600248 bcsID 5013 || conID 2 locID 113750153625600249 bcsID 5480 || conID 4 locID 113750153625600250 bcsID 5040 || conID 3 locID 113750153625600251 bcsID 5065 || conID 1 locID 113750153625600252 bcsID 5507 || conID 4 locID 113750153625600253 bcsID 0 || ], creationTime=1714986249431, modificationTime=1714986250158, replicationConfig=RATIS/THREE, encInfo=null, fileChecksum=null, isFile=true, fileName='file5', acls=[user:runner:a[ACCESS], group:docker:a[ACCESS], group:adm:a[ACCESS], group:systemd-journal:a[ACCESS]]}
2024-05-06 09:04:10,267 [IPC Server handler 17 on default port 15004] DEBUG key.OMKeyCommitRequestWithFSO (OMKeyCommitRequestWithFSO.java:validateAndUpdateCache(110)) - isHSync = false, volumeName = volume67812, bucketName = bucket15470, keyName = file5
2024-05-06 09:04:10,268 [IPC Server handler 17 on default port 15004] DEBUG key.OMKeyCommitRequestWithFSO (OMKeyCommitRequestWithFSO.java:validateAndUpdateCache(282)) - Key commit succeeded with isHSync = false, omKeyInfo = OmKeyInfo{volumeName='volume67812', bucketName='bucket15470', keyName='file5', dataSize=3247232, keyLocationVersions=[version:0 isMultipartKey:false conID 2 locID 113750153625600229 bcsID 5175 || conID 4 locID 113750153625600230 bcsID 4833 || conID 1 locID 113750153625600231 bcsID 5197 || conID 2 locID 113750153625600232 bcsID 5224 || conID 1 locID 113750153625600233 bcsID 5251 || conID 2 locID 113750153625600234 bcsID 5275 || conID 3 locID 113750153625600235 bcsID 4859 || conID 1 locID 113750153625600236 bcsID 5302 || conID 4 locID 113750153625600237 bcsID 4888 || conID 2 locID 113750153625600238 bcsID 5329 || conID 3 locID 113750153625600239 bcsID 4909 || conID 1 locID 113750153625600240 bcsID 5355 || conID 2 locID 113750153625600241 bcsID 5381 || conID 4 locID 113750153625600242 bcsID 4937 || conID 3 locID 113750153625600243 bcsID 4963 || conID 4 locID 113750153625600244 bcsID 4987 || conID 1 locID 113750153625600245 bcsID 5408 || conID 2 locID 113750153625600246 bcsID 5432 || conID 1 locID 113750153625600247 bcsID 5457 || conID 3 locID 113750153625600248 bcsID 5013 || conID 2 locID 113750153625600249 bcsID 5480 || conID 4 locID 113750153625600250 bcsID 5040 || conID 3 locID 113750153625600251 bcsID 5065 || conID 1 locID 113750153625600252 bcsID 5507 || conID 4 locID 113750153625600253 bcsID 5089 || ], creationTime=1714986249431, modificationTime=1714986250267, replicationConfig=RATIS/THREE, encInfo=null, fileChecksum=null, isFile=true, fileName='file5', acls=[user:runner:a[ACCESS], group:docker:a[ACCESS], group:adm:a[ACCESS], group:systemd-journal:a[ACCESS]]}
2024-05-06 09:04:10,268 [IPC Server handler 17 on default port 15004] DEBUG key.OMKeyCommitRequest (OMKeyCommitRequest.java:processResult(412)) - Key committed. Volume:volume67812, Bucket:bucket15470, Key:file5
2024-05-06 09:04:10,268 [bd98cf76-21c4-4e2e-aa21-ad6ec3a8faf7-BlockDeletingService#1] INFO  interfaces.ContainerDeletionChoosingPolicyTemplate (ContainerDeletionChoosingPolicyTemplate.java:chooseContainerForBlockDeletion(85)) - Chosen 0/5000 blocks from 0 candidate containers.
2024-05-06 09:04:10,271 [main] INFO  ozone.TestHSync (TestHSync.java:runTestHSync(369)) - runTestHSync /file6 with size 64, skipLength=0
2024-05-06 09:04:10,275 [IPC Server handler 18 on default port 15004] DEBUG key.OMKeyCommitRequestWithFSO (OMKeyCommitRequestWithFSO.java:validateAndUpdateCache(110)) - isHSync = true, volumeName = volume67812, bucketName = bucket15470, keyName = file6
2024-05-06 09:04:10,275 [IPC Server handler 18 on default port 15004] DEBUG key.OMKeyCommitRequestWithFSO (OMKeyCommitRequestWithFSO.java:validateAndUpdateCache(282)) - Key commit succeeded with isHSync = true, omKeyInfo = OmKeyInfo{volumeName='volume67812', bucketName='bucket15470', keyName='file6', dataSize=64, keyLocationVersions=[version:0 isMultipartKey:false conID 2 locID 113750153625600254 bcsID 0 || ], creationTime=1714986250270, modificationTime=1714986250275, replicationConfig=RATIS/THREE, encInfo=null, fileChecksum=null, isFile=true, fileName='file6', acls=[user:runner:a[ACCESS], group:docker:a[ACCESS], group:adm:a[ACCESS], group:systemd-journal:a[ACCESS]]}
2024-05-06 09:04:10,278 [main] INFO  ozone.TestHSync (TestHSync.java:runTestHSync(369)) - runTestHSync /file6 with size 31, skipLength=64
2024-05-06 09:04:10,281 [IPC Server handler 0 on default port 15004] DEBUG key.OMKeyCommitRequestWithFSO (OMKeyCommitRequestWithFSO.java:validateAndUpdateCache(110)) - isHSync = true, volumeName = volume67812, bucketName = bucket15470, keyName = file6
2024-05-06 09:04:10,281 [IPC Server handler 0 on default port 15004] DEBUG key.OMKeyCommitRequestWithFSO (OMKeyCommitRequestWithFSO.java:validateAndUpdateCache(282)) - Key commit succeeded with isHSync = true, omKeyInfo = OmKeyInfo{volumeName='volume67812', bucketName='bucket15470', keyName='file6', dataSize=95, keyLocationVersions=[version:0 isMultipartKey:false conID 2 locID 113750153625600254 bcsID 0 || ], creationTime=1714986250270, modificationTime=1714986250281, replicationConfig=RATIS/THREE, encInfo=null, fileChecksum=null, isFile=true, fileName='file6', acls=[user:runner:a[ACCESS], group:docker:a[ACCESS], group:adm:a[ACCESS], group:systemd-journal:a[ACCESS]]}
2024-05-06 09:04:10,284 [main] INFO  ozone.TestHSync (TestHSync.java:runTestHSync(369)) - runTestHSync /file6 with size 32, skipLength=95
2024-05-06 09:04:10,287 [IPC Server handler 2 on default port 15004] DEBUG key.OMKeyCommitRequestWithFSO (OMKeyCommitRequestWithFSO.java:validateAndUpdateCache(110)) - isHSync = true, volumeName = volume67812, bucketName = bucket15470, keyName = file6
2024-05-06 09:04:10,287 [IPC Server handler 2 on default port 15004] DEBUG key.OMKeyCommitRequestWithFSO (OMKeyCommitRequestWithFSO.java:validateAndUpdateCache(282)) - Key commit succeeded with isHSync = true, omKeyInfo = OmKeyInfo{volumeName='volume67812', bucketName='bucket15470', keyName='file6', dataSize=127, keyLocationVersions=[version:0 isMultipartKey:false conID 2 locID 113750153625600254 bcsID 0 || ], creationTime=1714986250270, modificationTime=1714986250287, replicationConfig=RATIS/THREE, encInfo=null, fileChecksum=null, isFile=true, fileName='file6', acls=[user:runner:a[ACCESS], group:docker:a[ACCESS], group:adm:a[ACCESS], group:systemd-journal:a[ACCESS]]}
2024-05-06 09:04:10,290 [main] INFO  ozone.TestHSync (TestHSync.java:runTestHSync(369)) - runTestHSync /file6 with size 33, skipLength=127
2024-05-06 09:04:10,294 [IPC Server handler 4 on default port 15004] DEBUG key.OMKeyCommitRequestWithFSO (OMKeyCommitRequestWithFSO.java:validateAndUpdateCache(110)) - isHSync = true, volumeName = volume67812, bucketName = bucket15470, keyName = file6
2024-05-06 09:04:10,294 [IPC Server handler 4 on default port 15004] DEBUG key.OMKeyCommitRequestWithFSO (OMKeyCommitRequestWithFSO.java:validateAndUpdateCache(282)) - Key commit succeeded with isHSync = true, omKeyInfo = OmKeyInfo{volumeName='volume67812', bucketName='bucket15470', keyName='file6', dataSize=160, keyLocationVersions=[version:0 isMultipartKey:false conID 2 locID 113750153625600254 bcsID 0 || ], creationTime=1714986250270, modificationTime=1714986250294, replicationConfig=RATIS/THREE, encInfo=null, fileChecksum=null, isFile=true, fileName='file6', acls=[user:runner:a[ACCESS], group:docker:a[ACCESS], group:adm:a[ACCESS], group:systemd-journal:a[ACCESS]]}
2024-05-06 09:04:10,298 [main] INFO  ozone.TestHSync (TestHSync.java:runTestHSync(369)) - runTestHSync /file6 with size 1023, skipLength=160
2024-05-06 09:04:10,301 [IPC Server handler 6 on default port 15004] DEBUG key.OMKeyCommitRequestWithFSO (OMKeyCommitRequestWithFSO.java:validateAndUpdateCache(110)) - isHSync = true, volumeName = volume67812, bucketName = bucket15470, keyName = file6
2024-05-06 09:04:10,301 [IPC Server handler 6 on default port 15004] DEBUG key.OMKeyCommitRequestWithFSO (OMKeyCommitRequestWithFSO.java:validateAndUpdateCache(282)) - Key commit succeeded with isHSync = true, omKeyInfo = OmKeyInfo{volumeName='volume67812', bucketName='bucket15470', keyName='file6', dataSize=1183, keyLocationVersions=[version:0 isMultipartKey:false conID 2 locID 113750153625600254 bcsID 0 || ], creationTime=1714986250270, modificationTime=1714986250301, replicationConfig=RATIS/THREE, encInfo=null, fileChecksum=null, isFile=true, fileName='file6', acls=[user:runner:a[ACCESS], group:docker:a[ACCESS], group:adm:a[ACCESS], group:systemd-journal:a[ACCESS]]}
2024-05-06 09:04:10,305 [main] INFO  ozone.TestHSync (TestHSync.java:runTestHSync(369)) - runTestHSync /file6 with size 1024, skipLength=1183
2024-05-06 09:04:10,309 [IPC Server handler 8 on default port 15004] DEBUG key.OMKeyCommitRequestWithFSO (OMKeyCommitRequestWithFSO.java:validateAndUpdateCache(110)) - isHSync = true, volumeName = volume67812, bucketName = bucket15470, keyName = file6
2024-05-06 09:04:10,309 [IPC Server handler 8 on default port 15004] DEBUG key.OMKeyCommitRequestWithFSO (OMKeyCommitRequestWithFSO.java:validateAndUpdateCache(282)) - Key commit succeeded with isHSync = true, omKeyInfo = OmKeyInfo{volumeName='volume67812', bucketName='bucket15470', keyName='file6', dataSize=2207, keyLocationVersions=[version:0 isMultipartKey:false conID 2 locID 113750153625600254 bcsID 0 || ], creationTime=1714986250270, modificationTime=1714986250309, replicationConfig=RATIS/THREE, encInfo=null, fileChecksum=null, isFile=true, fileName='file6', acls=[user:runner:a[ACCESS], group:docker:a[ACCESS], group:adm:a[ACCESS], group:systemd-journal:a[ACCESS]]}
2024-05-06 09:04:10,313 [main] INFO  ozone.TestHSync (TestHSync.java:runTestHSync(369)) - runTestHSync /file6 with size 1025, skipLength=2207
2024-05-06 09:04:10,317 [IPC Server handler 9 on default port 15004] DEBUG key.OMKeyCommitRequestWithFSO (OMKeyCommitRequestWithFSO.java:validateAndUpdateCache(110)) - isHSync = true, volumeName = volume67812, bucketName = bucket15470, keyName = file6
2024-05-06 09:04:10,317 [IPC Server handler 9 on default port 15004] DEBUG key.OMKeyCommitRequestWithFSO (OMKeyCommitRequestWithFSO.java:validateAndUpdateCache(282)) - Key commit succeeded with isHSync = true, omKeyInfo = OmKeyInfo{volumeName='volume67812', bucketName='bucket15470', keyName='file6', dataSize=3232, keyLocationVersions=[version:0 isMultipartKey:false conID 2 locID 113750153625600254 bcsID 0 || ], creationTime=1714986250270, modificationTime=1714986250316, replicationConfig=RATIS/THREE, encInfo=null, fileChecksum=null, isFile=true, fileName='file6', acls=[user:runner:a[ACCESS], group:docker:a[ACCESS], group:adm:a[ACCESS], group:systemd-journal:a[ACCESS]]}
2024-05-06 09:04:10,322 [main] INFO  ozone.TestHSync (TestHSync.java:runTestHSync(369)) - runTestHSync /file6 with size 32767, skipLength=3232
2024-05-06 09:04:10,325 [IPC Server handler 13 on default port 15004] DEBUG key.OMKeyCommitRequestWithFSO (OMKeyCommitRequestWithFSO.java:validateAndUpdateCache(110)) - isHSync = true, volumeName = volume67812, bucketName = bucket15470, keyName = file6
2024-05-06 09:04:10,325 [IPC Server handler 13 on default port 15004] DEBUG key.OMKeyCommitRequestWithFSO (OMKeyCommitRequestWithFSO.java:validateAndUpdateCache(282)) - Key commit succeeded with isHSync = true, omKeyInfo = OmKeyInfo{volumeName='volume67812', bucketName='bucket15470', keyName='file6', dataSize=35999, keyLocationVersions=[version:0 isMultipartKey:false conID 2 locID 113750153625600254 bcsID 0 || ], creationTime=1714986250270, modificationTime=1714986250325, replicationConfig=RATIS/THREE, encInfo=null, fileChecksum=null, isFile=true, fileName='file6', acls=[user:runner:a[ACCESS], group:docker:a[ACCESS], group:adm:a[ACCESS], group:systemd-journal:a[ACCESS]]}
2024-05-06 09:04:10,336 [main] INFO  ozone.TestHSync (TestHSync.java:runTestHSync(369)) - runTestHSync /file6 with size 32768, skipLength=35999
2024-05-06 09:04:10,340 [IPC Server handler 12 on default port 15004] DEBUG key.OMKeyCommitRequestWithFSO (OMKeyCommitRequestWithFSO.java:validateAndUpdateCache(110)) - isHSync = true, volumeName = volume67812, bucketName = bucket15470, keyName = file6
2024-05-06 09:04:10,340 [IPC Server handler 12 on default port 15004] DEBUG key.OMKeyCommitRequestWithFSO (OMKeyCommitRequestWithFSO.java:validateAndUpdateCache(282)) - Key commit succeeded with isHSync = true, omKeyInfo = OmKeyInfo{volumeName='volume67812', bucketName='bucket15470', keyName='file6', dataSize=68767, keyLocationVersions=[version:0 isMultipartKey:false conID 2 locID 113750153625600254 bcsID 0 || ], creationTime=1714986250270, modificationTime=1714986250340, replicationConfig=RATIS/THREE, encInfo=null, fileChecksum=null, isFile=true, fileName='file6', acls=[user:runner:a[ACCESS], group:docker:a[ACCESS], group:adm:a[ACCESS], group:systemd-journal:a[ACCESS]]}
2024-05-06 09:04:10,347 [main] INFO  ozone.TestHSync (TestHSync.java:runTestHSync(369)) - runTestHSync /file6 with size 32769, skipLength=68767
2024-05-06 09:04:10,348 [9d9ec12c-8625-4545-8295-3d5b77f483a9-BlockDeletingService#1] INFO  interfaces.ContainerDeletionChoosingPolicyTemplate (ContainerDeletionChoosingPolicyTemplate.java:chooseContainerForBlockDeletion(85)) - Chosen 0/5000 blocks from 0 candidate containers.
2024-05-06 09:04:10,357 [IPC Server handler 17 on default port 15004] DEBUG key.OMKeyCommitRequestWithFSO (OMKeyCommitRequestWithFSO.java:validateAndUpdateCache(110)) - isHSync = true, volumeName = volume67812, bucketName = bucket15470, keyName = file6
2024-05-06 09:04:10,357 [IPC Server handler 17 on default port 15004] DEBUG key.OMKeyCommitRequestWithFSO (OMKeyCommitRequestWithFSO.java:validateAndUpdateCache(282)) - Key commit succeeded with isHSync = true, omKeyInfo = OmKeyInfo{volumeName='volume67812', bucketName='bucket15470', keyName='file6', dataSize=101536, keyLocationVersions=[version:0 isMultipartKey:false conID 2 locID 113750153625600254 bcsID 0 || ], creationTime=1714986250270, modificationTime=1714986250356, replicationConfig=RATIS/THREE, encInfo=null, fileChecksum=null, isFile=true, fileName='file6', acls=[user:runner:a[ACCESS], group:docker:a[ACCESS], group:adm:a[ACCESS], group:systemd-journal:a[ACCESS]]}
2024-05-06 09:04:10,365 [main] INFO  ozone.TestHSync (TestHSync.java:runTestHSync(369)) - runTestHSync /file6 with size 1048575, skipLength=101536
2024-05-06 09:04:10,455 [121a160a-6376-4275-ae78-c0734763cd7a-BlockDeletingService#1] INFO  interfaces.ContainerDeletionChoosingPolicyTemplate (ContainerDeletionChoosingPolicyTemplate.java:chooseContainerForBlockDeletion(85)) - Chosen 0/5000 blocks from 0 candidate containers.
2024-05-06 09:04:10,504 [IPC Server handler 6 on default port 15004] DEBUG key.OMKeyCommitRequestWithFSO (OMKeyCommitRequestWithFSO.java:validateAndUpdateCache(110)) - isHSync = true, volumeName = volume67812, bucketName = bucket15470, keyName = file6
2024-05-06 09:04:10,504 [IPC Server handler 6 on default port 15004] DEBUG key.OMKeyCommitRequestWithFSO (OMKeyCommitRequestWithFSO.java:validateAndUpdateCache(282)) - Key commit succeeded with isHSync = true, omKeyInfo = OmKeyInfo{volumeName='volume67812', bucketName='bucket15470', keyName='file6', dataSize=1150111, keyLocationVersions=[version:0 isMultipartKey:false conID 2 locID 113750153625600254 bcsID 5567 || conID 3 locID 113750153625600255 bcsID 5114 || conID 4 locID 113750153625600256 bcsID 5140 || conID 3 locID 113750153625600257 bcsID 5165 || conID 4 locID 113750153625600258 bcsID 5191 || conID 1 locID 113750153625600259 bcsID 5590 || conID 3 locID 113750153625600260 bcsID 5217 || conID 2 locID 113750153625600261 bcsID 5615 || conID 1 locID 113750153625600262 bcsID 0 || ], creationTime=1714986250270, modificationTime=1714986250504, replicationConfig=RATIS/THREE, encInfo=null, fileChecksum=null, isFile=true, fileName='file6', acls=[user:runner:a[ACCESS], group:docker:a[ACCESS], group:adm:a[ACCESS], group:systemd-journal:a[ACCESS]]}
2024-05-06 09:04:10,547 [main] INFO  ozone.TestHSync (TestHSync.java:runTestHSync(369)) - runTestHSync /file6 with size 1048576, skipLength=1150111
2024-05-06 09:04:10,559 [d93a9133-17c2-4b93-994b-380db68b730b-BlockDeletingService#1] INFO  interfaces.ContainerDeletionChoosingPolicyTemplate (ContainerDeletionChoosingPolicyTemplate.java:chooseContainerForBlockDeletion(85)) - Chosen 0/5000 blocks from 0 candidate containers.
2024-05-06 09:04:10,687 [IPC Server handler 17 on default port 15004] DEBUG key.OMKeyCommitRequestWithFSO (OMKeyCommitRequestWithFSO.java:validateAndUpdateCache(110)) - isHSync = true, volumeName = volume67812, bucketName = bucket15470, keyName = file6
2024-05-06 09:04:10,688 [IPC Server handler 17 on default port 15004] DEBUG key.OMKeyCommitRequestWithFSO (OMKeyCommitRequestWithFSO.java:validateAndUpdateCache(282)) - Key commit succeeded with isHSync = true, omKeyInfo = OmKeyInfo{volumeName='volume67812', bucketName='bucket15470', keyName='file6', dataSize=2198687, keyLocationVersions=[version:0 isMultipartKey:false conID 2 locID 113750153625600254 bcsID 5567 || conID 3 locID 113750153625600255 bcsID 5114 || conID 4 locID 113750153625600256 bcsID 5140 || conID 3 locID 113750153625600257 bcsID 5165 || conID 4 locID 113750153625600258 bcsID 5191 || conID 1 locID 113750153625600259 bcsID 5590 || conID 3 locID 113750153625600260 bcsID 5217 || conID 2 locID 113750153625600261 bcsID 5615 || conID 1 locID 113750153625600262 bcsID 5645 || conID 2 locID 113750153625600263 bcsID 5669 || conID 4 locID 113750153625600264 bcsID 5244 || conID 3 locID 113750153625600265 bcsID 5270 || conID 1 locID 113750153625600266 bcsID 5695 || conID 2 locID 113750153625600267 bcsID 5719 || conID 1 locID 113750153625600268 bcsID 5745 || conID 4 locID 113750153625600269 bcsID 5292 || conID 2 locID 113750153625600270 bcsID 0 || ], creationTime=1714986250270, modificationTime=1714986250687, replicationConfig=RATIS/THREE, encInfo=null, fileChecksum=null, isFile=true, fileName='file6', acls=[user:runner:a[ACCESS], group:docker:a[ACCESS], group:adm:a[ACCESS], group:systemd-journal:a[ACCESS]]}
2024-05-06 09:04:10,763 [main] INFO  ozone.TestHSync (TestHSync.java:runTestHSync(369)) - runTestHSync /file6 with size 1048577, skipLength=2198687
2024-05-06 09:04:10,897 [IPC Server handler 6 on default port 15004] DEBUG key.OMKeyCommitRequestWithFSO (OMKeyCommitRequestWithFSO.java:validateAndUpdateCache(110)) - isHSync = true, volumeName = volume67812, bucketName = bucket15470, keyName = file6
2024-05-06 09:04:10,897 [IPC Server handler 6 on default port 15004] DEBUG key.OMKeyCommitRequestWithFSO (OMKeyCommitRequestWithFSO.java:validateAndUpdateCache(282)) - Key commit succeeded with isHSync = true, omKeyInfo = OmKeyInfo{volumeName='volume67812', bucketName='bucket15470', keyName='file6', dataSize=3247264, keyLocationVersions=[version:0 isMultipartKey:false conID 2 locID 113750153625600254 bcsID 5567 || conID 3 locID 113750153625600255 bcsID 5114 || conID 4 locID 113750153625600256 bcsID 5140 || conID 3 locID 113750153625600257 bcsID 5165 || conID 4 locID 113750153625600258 bcsID 5191 || conID 1 locID 113750153625600259 bcsID 5590 || conID 3 locID 113750153625600260 bcsID 5217 || conID 2 locID 113750153625600261 bcsID 5615 || conID 1 locID 113750153625600262 bcsID 5645 || conID 2 locID 113750153625600263 bcsID 5669 || conID 4 locID 113750153625600264 bcsID 5244 || conID 3 locID 113750153625600265 bcsID 5270 || conID 1 locID 113750153625600266 bcsID 5695 || conID 2 locID 113750153625600267 bcsID 5719 || conID 1 locID 113750153625600268 bcsID 5745 || conID 4 locID 113750153625600269 bcsID 5292 || conID 2 locID 113750153625600270 bcsID 5775 || conID 1 locID 113750153625600271 bcsID 5798 || conID 3 locID 113750153625600272 bcsID 5317 || conID 4 locID 113750153625600273 bcsID 5345 || conID 2 locID 113750153625600274 bcsID 5824 || conID 1 locID 113750153625600275 bcsID 5850 || conID 3 locID 113750153625600276 bcsID 5367 || conID 2 locID 113750153625600277 bcsID 5876 || conID 1 locID 113750153625600278 bcsID 0 || ], creationTime=1714986250270, modificationTime=1714986250897, replicationConfig=RATIS/THREE, encInfo=null, fileChecksum=null, isFile=true, fileName='file6', acls=[user:runner:a[ACCESS], group:docker:a[ACCESS], group:adm:a[ACCESS], group:systemd-journal:a[ACCESS]]}
2024-05-06 09:04:11,001 [IPC Server handler 8 on default port 15004] DEBUG key.OMKeyCommitRequestWithFSO (OMKeyCommitRequestWithFSO.java:validateAndUpdateCache(110)) - isHSync = false, volumeName = volume67812, bucketName = bucket15470, keyName = file6
2024-05-06 09:04:11,002 [IPC Server handler 8 on default port 15004] DEBUG key.OMKeyCommitRequestWithFSO (OMKeyCommitRequestWithFSO.java:validateAndUpdateCache(282)) - Key commit succeeded with isHSync = false, omKeyInfo = OmKeyInfo{volumeName='volume67812', bucketName='bucket15470', keyName='file6', dataSize=3247264, keyLocationVersions=[version:0 isMultipartKey:false conID 2 locID 113750153625600254 bcsID 5567 || conID 3 locID 113750153625600255 bcsID 5114 || conID 4 locID 113750153625600256 bcsID 5140 || conID 3 locID 113750153625600257 bcsID 5165 || conID 4 locID 113750153625600258 bcsID 5191 || conID 1 locID 113750153625600259 bcsID 5590 || conID 3 locID 113750153625600260 bcsID 5217 || conID 2 locID 113750153625600261 bcsID 5615 || conID 1 locID 113750153625600262 bcsID 5645 || conID 2 locID 113750153625600263 bcsID 5669 || conID 4 locID 113750153625600264 bcsID 5244 || conID 3 locID 113750153625600265 bcsID 5270 || conID 1 locID 113750153625600266 bcsID 5695 || conID 2 locID 113750153625600267 bcsID 5719 || conID 1 locID 113750153625600268 bcsID 5745 || conID 4 locID 113750153625600269 bcsID 5292 || conID 2 locID 113750153625600270 bcsID 5775 || conID 1 locID 113750153625600271 bcsID 5798 || conID 3 locID 113750153625600272 bcsID 5317 || conID 4 locID 113750153625600273 bcsID 5345 || conID 2 locID 113750153625600274 bcsID 5824 || conID 1 locID 113750153625600275 bcsID 5850 || conID 3 locID 113750153625600276 bcsID 5367 || conID 2 locID 113750153625600277 bcsID 5876 || conID 1 locID 113750153625600278 bcsID 5901 || ], creationTime=1714986250270, modificationTime=1714986251001, replicationConfig=RATIS/THREE, encInfo=null, fileChecksum=null, isFile=true, fileName='file6', acls=[user:runner:a[ACCESS], group:docker:a[ACCESS], group:adm:a[ACCESS], group:systemd-journal:a[ACCESS]]}
2024-05-06 09:04:11,002 [IPC Server handler 8 on default port 15004] DEBUG key.OMKeyCommitRequest (OMKeyCommitRequest.java:processResult(412)) - Key committed. Volume:volume67812, Bucket:bucket15470, Key:file6
2024-05-06 09:04:11,006 [main] INFO  ozone.TestHSync (TestHSync.java:runTestHSync(369)) - runTestHSync /file7 with size 128, skipLength=0
2024-05-06 09:04:11,009 [IPC Server handler 9 on default port 15004] DEBUG key.OMKeyCommitRequestWithFSO (OMKeyCommitRequestWithFSO.java:validateAndUpdateCache(110)) - isHSync = true, volumeName = volume67812, bucketName = bucket15470, keyName = file7
2024-05-06 09:04:11,009 [IPC Server handler 9 on default port 15004] DEBUG key.OMKeyCommitRequestWithFSO (OMKeyCommitRequestWithFSO.java:validateAndUpdateCache(282)) - Key commit succeeded with isHSync = true, omKeyInfo = OmKeyInfo{volumeName='volume67812', bucketName='bucket15470', keyName='file7', dataSize=128, keyLocationVersions=[version:0 isMultipartKey:false conID 4 locID 113750153625600279 bcsID 0 || ], creationTime=1714986251005, modificationTime=1714986251009, replicationConfig=RATIS/THREE, encInfo=null, fileChecksum=null, isFile=true, fileName='file7', acls=[user:runner:a[ACCESS], group:docker:a[ACCESS], group:adm:a[ACCESS], group:systemd-journal:a[ACCESS]]}
2024-05-06 09:04:11,012 [main] INFO  ozone.TestHSync (TestHSync.java:runTestHSync(369)) - runTestHSync /file7 with size 31, skipLength=128
2024-05-06 09:04:11,015 [IPC Server handler 13 on default port 15004] DEBUG key.OMKeyCommitRequestWithFSO (OMKeyCommitRequestWithFSO.java:validateAndUpdateCache(110)) - isHSync = true, volumeName = volume67812, bucketName = bucket15470, keyName = file7
2024-05-06 09:04:11,015 [IPC Server handler 13 on default port 15004] DEBUG key.OMKeyCommitRequestWithFSO (OMKeyCommitRequestWithFSO.java:validateAndUpdateCache(282)) - Key commit succeeded with isHSync = true, omKeyInfo = OmKeyInfo{volumeName='volume67812', bucketName='bucket15470', keyName='file7', dataSize=159, keyLocationVersions=[version:0 isMultipartKey:false conID 4 locID 113750153625600279 bcsID 0 || ], creationTime=1714986251005, modificationTime=1714986251015, replicationConfig=RATIS/THREE, encInfo=null, fileChecksum=null, isFile=true, fileName='file7', acls=[user:runner:a[ACCESS], group:docker:a[ACCESS], group:adm:a[ACCESS], group:systemd-journal:a[ACCESS]]}
2024-05-06 09:04:11,018 [main] INFO  ozone.TestHSync (TestHSync.java:runTestHSync(369)) - runTestHSync /file7 with size 32, skipLength=159
2024-05-06 09:04:11,021 [IPC Server handler 12 on default port 15004] DEBUG key.OMKeyCommitRequestWithFSO (OMKeyCommitRequestWithFSO.java:validateAndUpdateCache(110)) - isHSync = true, volumeName = volume67812, bucketName = bucket15470, keyName = file7
2024-05-06 09:04:11,021 [IPC Server handler 12 on default port 15004] DEBUG key.OMKeyCommitRequestWithFSO (OMKeyCommitRequestWithFSO.java:validateAndUpdateCache(282)) - Key commit succeeded with isHSync = true, omKeyInfo = OmKeyInfo{volumeName='volume67812', bucketName='bucket15470', keyName='file7', dataSize=191, keyLocationVersions=[version:0 isMultipartKey:false conID 4 locID 113750153625600279 bcsID 0 || ], creationTime=1714986251005, modificationTime=1714986251021, replicationConfig=RATIS/THREE, encInfo=null, fileChecksum=null, isFile=true, fileName='file7', acls=[user:runner:a[ACCESS], group:docker:a[ACCESS], group:adm:a[ACCESS], group:systemd-journal:a[ACCESS]]}
2024-05-06 09:04:11,024 [main] INFO  ozone.TestHSync (TestHSync.java:runTestHSync(369)) - runTestHSync /file7 with size 33, skipLength=191
2024-05-06 09:04:11,026 [IPC Server handler 17 on default port 15004] DEBUG key.OMKeyCommitRequestWithFSO (OMKeyCommitRequestWithFSO.java:validateAndUpdateCache(110)) - isHSync = true, volumeName = volume67812, bucketName = bucket15470, keyName = file7
2024-05-06 09:04:11,026 [IPC Server handler 17 on default port 15004] DEBUG key.OMKeyCommitRequestWithFSO (OMKeyCommitRequestWithFSO.java:validateAndUpdateCache(282)) - Key commit succeeded with isHSync = true, omKeyInfo = OmKeyInfo{volumeName='volume67812', bucketName='bucket15470', keyName='file7', dataSize=224, keyLocationVersions=[version:0 isMultipartKey:false conID 4 locID 113750153625600279 bcsID 0 || ], creationTime=1714986251005, modificationTime=1714986251026, replicationConfig=RATIS/THREE, encInfo=null, fileChecksum=null, isFile=true, fileName='file7', acls=[user:runner:a[ACCESS], group:docker:a[ACCESS], group:adm:a[ACCESS], group:systemd-journal:a[ACCESS]]}
2024-05-06 09:04:11,029 [main] INFO  ozone.TestHSync (TestHSync.java:runTestHSync(369)) - runTestHSync /file7 with size 1023, skipLength=224
2024-05-06 09:04:11,032 [IPC Server handler 18 on default port 15004] DEBUG key.OMKeyCommitRequestWithFSO (OMKeyCommitRequestWithFSO.java:validateAndUpdateCache(110)) - isHSync = true, volumeName = volume67812, bucketName = bucket15470, keyName = file7
2024-05-06 09:04:11,033 [IPC Server handler 18 on default port 15004] DEBUG key.OMKeyCommitRequestWithFSO (OMKeyCommitRequestWithFSO.java:validateAndUpdateCache(282)) - Key commit succeeded with isHSync = true, omKeyInfo = OmKeyInfo{volumeName='volume67812', bucketName='bucket15470', keyName='file7', dataSize=1247, keyLocationVersions=[version:0 isMultipartKey:false conID 4 locID 113750153625600279 bcsID 0 || ], creationTime=1714986251005, modificationTime=1714986251032, replicationConfig=RATIS/THREE, encInfo=null, fileChecksum=null, isFile=true, fileName='file7', acls=[user:runner:a[ACCESS], group:docker:a[ACCESS], group:adm:a[ACCESS], group:systemd-journal:a[ACCESS]]}
2024-05-06 09:04:11,037 [main] INFO  ozone.TestHSync (TestHSync.java:runTestHSync(369)) - runTestHSync /file7 with size 1024, skipLength=1247
2024-05-06 09:04:11,040 [IPC Server handler 0 on default port 15004] DEBUG key.OMKeyCommitRequestWithFSO (OMKeyCommitRequestWithFSO.java:validateAndUpdateCache(110)) - isHSync = true, volumeName = volume67812, bucketName = bucket15470, keyName = file7
2024-05-06 09:04:11,040 [IPC Server handler 0 on default port 15004] DEBUG key.OMKeyCommitRequestWithFSO (OMKeyCommitRequestWithFSO.java:validateAndUpdateCache(282)) - Key commit succeeded with isHSync = true, omKeyInfo = OmKeyInfo{volumeName='volume67812', bucketName='bucket15470', keyName='file7', dataSize=2271, keyLocationVersions=[version:0 isMultipartKey:false conID 4 locID 113750153625600279 bcsID 0 || ], creationTime=1714986251005, modificationTime=1714986251040, replicationConfig=RATIS/THREE, encInfo=null, fileChecksum=null, isFile=true, fileName='file7', acls=[user:runner:a[ACCESS], group:docker:a[ACCESS], group:adm:a[ACCESS], group:systemd-journal:a[ACCESS]]}
2024-05-06 09:04:11,045 [main] INFO  ozone.TestHSync (TestHSync.java:runTestHSync(369)) - runTestHSync /file7 with size 1025, skipLength=2271
2024-05-06 09:04:11,047 [IPC Server handler 2 on default port 15004] DEBUG key.OMKeyCommitRequestWithFSO (OMKeyCommitRequestWithFSO.java:validateAndUpdateCache(110)) - isHSync = true, volumeName = volume67812, bucketName = bucket15470, keyName = file7
2024-05-06 09:04:11,048 [IPC Server handler 2 on default port 15004] DEBUG key.OMKeyCommitRequestWithFSO (OMKeyCommitRequestWithFSO.java:validateAndUpdateCache(282)) - Key commit succeeded with isHSync = true, omKeyInfo = OmKeyInfo{volumeName='volume67812', bucketName='bucket15470', keyName='file7', dataSize=3296, keyLocationVersions=[version:0 isMultipartKey:false conID 4 locID 113750153625600279 bcsID 0 || ], creationTime=1714986251005, modificationTime=1714986251047, replicationConfig=RATIS/THREE, encInfo=null, fileChecksum=null, isFile=true, fileName='file7', acls=[user:runner:a[ACCESS], group:docker:a[ACCESS], group:adm:a[ACCESS], group:systemd-journal:a[ACCESS]]}
2024-05-06 09:04:11,052 [main] INFO  ozone.TestHSync (TestHSync.java:runTestHSync(369)) - runTestHSync /file7 with size 32767, skipLength=3296
2024-05-06 09:04:11,057 [IPC Server handler 4 on default port 15004] DEBUG key.OMKeyCommitRequestWithFSO (OMKeyCommitRequestWithFSO.java:validateAndUpdateCache(110)) - isHSync = true, volumeName = volume67812, bucketName = bucket15470, keyName = file7
2024-05-06 09:04:11,057 [IPC Server handler 4 on default port 15004] DEBUG key.OMKeyCommitRequestWithFSO (OMKeyCommitRequestWithFSO.java:validateAndUpdateCache(282)) - Key commit succeeded with isHSync = true, omKeyInfo = OmKeyInfo{volumeName='volume67812', bucketName='bucket15470', keyName='file7', dataSize=36063, keyLocationVersions=[version:0 isMultipartKey:false conID 4 locID 113750153625600279 bcsID 0 || ], creationTime=1714986251005, modificationTime=1714986251057, replicationConfig=RATIS/THREE, encInfo=null, fileChecksum=null, isFile=true, fileName='file7', acls=[user:runner:a[ACCESS], group:docker:a[ACCESS], group:adm:a[ACCESS], group:systemd-journal:a[ACCESS]]}
2024-05-06 09:04:11,064 [main] INFO  ozone.TestHSync (TestHSync.java:runTestHSync(369)) - runTestHSync /file7 with size 32768, skipLength=36063
2024-05-06 09:04:11,073 [IPC Server handler 6 on default port 15004] DEBUG key.OMKeyCommitRequestWithFSO (OMKeyCommitRequestWithFSO.java:validateAndUpdateCache(110)) - isHSync = true, volumeName = volume67812, bucketName = bucket15470, keyName = file7
2024-05-06 09:04:11,073 [IPC Server handler 6 on default port 15004] DEBUG key.OMKeyCommitRequestWithFSO (OMKeyCommitRequestWithFSO.java:validateAndUpdateCache(282)) - Key commit succeeded with isHSync = true, omKeyInfo = OmKeyInfo{volumeName='volume67812', bucketName='bucket15470', keyName='file7', dataSize=68831, keyLocationVersions=[version:0 isMultipartKey:false conID 4 locID 113750153625600279 bcsID 0 || ], creationTime=1714986251005, modificationTime=1714986251073, replicationConfig=RATIS/THREE, encInfo=null, fileChecksum=null, isFile=true, fileName='file7', acls=[user:runner:a[ACCESS], group:docker:a[ACCESS], group:adm:a[ACCESS], group:systemd-journal:a[ACCESS]]}
2024-05-06 09:04:11,079 [main] INFO  ozone.TestHSync (TestHSync.java:runTestHSync(369)) - runTestHSync /file7 with size 32769, skipLength=68831
2024-05-06 09:04:11,084 [IPC Server handler 8 on default port 15004] DEBUG key.OMKeyCommitRequestWithFSO (OMKeyCommitRequestWithFSO.java:validateAndUpdateCache(110)) - isHSync = true, volumeName = volume67812, bucketName = bucket15470, keyName = file7
2024-05-06 09:04:11,084 [IPC Server handler 8 on default port 15004] DEBUG key.OMKeyCommitRequestWithFSO (OMKeyCommitRequestWithFSO.java:validateAndUpdateCache(282)) - Key commit succeeded with isHSync = true, omKeyInfo = OmKeyInfo{volumeName='volume67812', bucketName='bucket15470', keyName='file7', dataSize=101600, keyLocationVersions=[version:0 isMultipartKey:false conID 4 locID 113750153625600279 bcsID 0 || ], creationTime=1714986251005, modificationTime=1714986251084, replicationConfig=RATIS/THREE, encInfo=null, fileChecksum=null, isFile=true, fileName='file7', acls=[user:runner:a[ACCESS], group:docker:a[ACCESS], group:adm:a[ACCESS], group:systemd-journal:a[ACCESS]]}
2024-05-06 09:04:11,091 [main] INFO  ozone.TestHSync (TestHSync.java:runTestHSync(369)) - runTestHSync /file7 with size 1048575, skipLength=101600
2024-05-06 09:04:11,263 [IPC Server handler 18 on default port 15004] DEBUG key.OMKeyCommitRequestWithFSO (OMKeyCommitRequestWithFSO.java:validateAndUpdateCache(110)) - isHSync = true, volumeName = volume67812, bucketName = bucket15470, keyName = file7
2024-05-06 09:04:11,263 [IPC Server handler 18 on default port 15004] DEBUG key.OMKeyCommitRequestWithFSO (OMKeyCommitRequestWithFSO.java:validateAndUpdateCache(282)) - Key commit succeeded with isHSync = true, omKeyInfo = OmKeyInfo{volumeName='volume67812', bucketName='bucket15470', keyName='file7', dataSize=1150175, keyLocationVersions=[version:0 isMultipartKey:false conID 4 locID 113750153625600279 bcsID 5426 || conID 3 locID 113750153625600280 bcsID 5450 || conID 4 locID 113750153625600281 bcsID 5476 || conID 3 locID 113750153625600282 bcsID 5498 || conID 4 locID 113750153625600283 bcsID 5524 || conID 3 locID 113750153625600284 bcsID 5548 || conID 4 locID 113750153625600285 bcsID 5570 || conID 3 locID 113750153625600286 bcsID 5594 || conID 4 locID 113750153625600287 bcsID 0 || ], creationTime=1714986251005, modificationTime=1714986251263, replicationConfig=RATIS/THREE, encInfo=null, fileChecksum=null, isFile=true, fileName='file7', acls=[user:runner:a[ACCESS], group:docker:a[ACCESS], group:adm:a[ACCESS], group:systemd-journal:a[ACCESS]]}
2024-05-06 09:04:11,308 [main] INFO  ozone.TestHSync (TestHSync.java:runTestHSync(369)) - runTestHSync /file7 with size 1048576, skipLength=1150175
2024-05-06 09:04:11,482 [IPC Server handler 8 on default port 15004] DEBUG key.OMKeyCommitRequestWithFSO (OMKeyCommitRequestWithFSO.java:validateAndUpdateCache(110)) - isHSync = true, volumeName = volume67812, bucketName = bucket15470, keyName = file7
2024-05-06 09:04:11,483 [IPC Server handler 8 on default port 15004] DEBUG key.OMKeyCommitRequestWithFSO (OMKeyCommitRequestWithFSO.java:validateAndUpdateCache(282)) - Key commit succeeded with isHSync = true, omKeyInfo = OmKeyInfo{volumeName='volume67812', bucketName='bucket15470', keyName='file7', dataSize=2198751, keyLocationVersions=[version:0 isMultipartKey:false conID 4 locID 113750153625600279 bcsID 5426 || conID 3 locID 113750153625600280 bcsID 5450 || conID 4 locID 113750153625600281 bcsID 5476 || conID 3 locID 113750153625600282 bcsID 5498 || conID 4 locID 113750153625600283 bcsID 5524 || conID 3 locID 113750153625600284 bcsID 5548 || conID 4 locID 113750153625600285 bcsID 5570 || conID 3 locID 113750153625600286 bcsID 5594 || conID 4 locID 113750153625600287 bcsID 5624 || conID 2 locID 113750153625600288 bcsID 5924 || conID 3 locID 113750153625600289 bcsID 5648 || conID 4 locID 113750153625600290 bcsID 5674 || conID 1 locID 113750153625600291 bcsID 5951 || conID 3 locID 113750153625600292 bcsID 5700 || conID 4 locID 113750153625600293 bcsID 5726 || conID 3 locID 113750153625600294 bcsID 5753 || conID 2 locID 113750153625600295 bcsID 0 || ], creationTime=1714986251005, modificationTime=1714986251482, replicationConfig=RATIS/THREE, encInfo=null, fileChecksum=null, isFile=true, fileName='file7', acls=[user:runner:a[ACCESS], group:docker:a[ACCESS], group:adm:a[ACCESS], group:systemd-journal:a[ACCESS]]}
2024-05-06 09:04:11,554 [main] INFO  ozone.TestHSync (TestHSync.java:runTestHSync(369)) - runTestHSync /file7 with size 1048577, skipLength=2198751
2024-05-06 09:04:11,679 [IPC Server handler 18 on default port 15004] DEBUG key.OMKeyCommitRequestWithFSO (OMKeyCommitRequestWithFSO.java:validateAndUpdateCache(110)) - isHSync = true, volumeName = volume67812, bucketName = bucket15470, keyName = file7
2024-05-06 09:04:11,679 [IPC Server handler 18 on default port 15004] DEBUG key.OMKeyCommitRequestWithFSO (OMKeyCommitRequestWithFSO.java:validateAndUpdateCache(282)) - Key commit succeeded with isHSync = true, omKeyInfo = OmKeyInfo{volumeName='volume67812', bucketName='bucket15470', keyName='file7', dataSize=3247328, keyLocationVersions=[version:0 isMultipartKey:false conID 4 locID 113750153625600279 bcsID 5426 || conID 3 locID 113750153625600280 bcsID 5450 || conID 4 locID 113750153625600281 bcsID 5476 || conID 3 locID 113750153625600282 bcsID 5498 || conID 4 locID 113750153625600283 bcsID 5524 || conID 3 locID 113750153625600284 bcsID 5548 || conID 4 locID 113750153625600285 bcsID 5570 || conID 3 locID 113750153625600286 bcsID 5594 || conID 4 locID 113750153625600287 bcsID 5624 || conID 2 locID 113750153625600288 bcsID 5924 || conID 3 locID 113750153625600289 bcsID 5648 || conID 4 locID 113750153625600290 bcsID 5674 || conID 1 locID 113750153625600291 bcsID 5951 || conID 3 locID 113750153625600292 bcsID 5700 || conID 4 locID 113750153625600293 bcsID 5726 || conID 3 locID 113750153625600294 bcsID 5753 || conID 2 locID 113750153625600295 bcsID 5981 || conID 1 locID 113750153625600296 bcsID 6005 || conID 2 locID 113750153625600297 bcsID 6031 || conID 4 locID 113750153625600298 bcsID 5778 || conID 1 locID 113750153625600299 bcsID 6057 || conID 2 locID 113750153625600300 bcsID 6083 || conID 1 locID 113750153625600301 bcsID 6106 || conID 3 locID 113750153625600302 bcsID 5805 || conID 4 locID 113750153625600303 bcsID 0 || ], creationTime=1714986251005, modificationTime=1714986251679, replicationConfig=RATIS/THREE, encInfo=null, fileChecksum=null, isFile=true, fileName='file7', acls=[user:runner:a[ACCESS], group:docker:a[ACCESS], group:adm:a[ACCESS], group:systemd-journal:a[ACCESS]]}
2024-05-06 09:04:11,783 [IPC Server handler 0 on default port 15004] DEBUG key.OMKeyCommitRequestWithFSO (OMKeyCommitRequestWithFSO.java:validateAndUpdateCache(110)) - isHSync = false, volumeName = volume67812, bucketName = bucket15470, keyName = file7
2024-05-06 09:04:11,783 [IPC Server handler 0 on default port 15004] DEBUG key.OMKeyCommitRequestWithFSO (OMKeyCommitRequestWithFSO.java:validateAndUpdateCache(282)) - Key commit succeeded with isHSync = false, omKeyInfo = OmKeyInfo{volumeName='volume67812', bucketName='bucket15470', keyName='file7', dataSize=3247328, keyLocationVersions=[version:0 isMultipartKey:false conID 4 locID 113750153625600279 bcsID 5426 || conID 3 locID 113750153625600280 bcsID 5450 || conID 4 locID 113750153625600281 bcsID 5476 || conID 3 locID 113750153625600282 bcsID 5498 || conID 4 locID 113750153625600283 bcsID 5524 || conID 3 locID 113750153625600284 bcsID 5548 || conID 4 locID 113750153625600285 bcsID 5570 || conID 3 locID 113750153625600286 bcsID 5594 || conID 4 locID 113750153625600287 bcsID 5624 || conID 2 locID 113750153625600288 bcsID 5924 || conID 3 locID 113750153625600289 bcsID 5648 || conID 4 locID 113750153625600290 bcsID 5674 || conID 1 locID 113750153625600291 bcsID 5951 || conID 3 locID 113750153625600292 bcsID 5700 || conID 4 locID 113750153625600293 bcsID 5726 || conID 3 locID 113750153625600294 bcsID 5753 || conID 2 locID 113750153625600295 bcsID 5981 || conID 1 locID 113750153625600296 bcsID 6005 || conID 2 locID 113750153625600297 bcsID 6031 || conID 4 locID 113750153625600298 bcsID 5778 || conID 1 locID 113750153625600299 bcsID 6057 || conID 2 locID 113750153625600300 bcsID 6083 || conID 1 locID 113750153625600301 bcsID 6106 || conID 3 locID 113750153625600302 bcsID 5805 || conID 4 locID 113750153625600303 bcsID 5827 || ], creationTime=1714986251005, modificationTime=1714986251783, replicationConfig=RATIS/THREE, encInfo=null, fileChecksum=null, isFile=true, fileName='file7', acls=[user:runner:a[ACCESS], group:docker:a[ACCESS], group:adm:a[ACCESS], group:systemd-journal:a[ACCESS]]}
2024-05-06 09:04:11,783 [IPC Server handler 0 on default port 15004] DEBUG key.OMKeyCommitRequest (OMKeyCommitRequest.java:processResult(412)) - Key committed. Volume:volume67812, Bucket:bucket15470, Key:file7
2024-05-06 09:04:11,786 [main] INFO  ozone.TestHSync (TestHSync.java:runTestHSync(369)) - runTestHSync /file8 with size 256, skipLength=0
2024-05-06 09:04:11,790 [IPC Server handler 2 on default port 15004] DEBUG key.OMKeyCommitRequestWithFSO (OMKeyCommitRequestWithFSO.java:validateAndUpdateCache(110)) - isHSync = true, volumeName = volume67812, bucketName = bucket15470, keyName = file8
2024-05-06 09:04:11,791 [IPC Server handler 2 on default port 15004] DEBUG key.OMKeyCommitRequestWithFSO (OMKeyCommitRequestWithFSO.java:validateAndUpdateCache(282)) - Key commit succeeded with isHSync = true, omKeyInfo = OmKeyInfo{volumeName='volume67812', bucketName='bucket15470', keyName='file8', dataSize=256, keyLocationVersions=[version:0 isMultipartKey:false conID 2 locID 113750153625600304 bcsID 0 || ], creationTime=1714986251785, modificationTime=1714986251790, replicationConfig=RATIS/THREE, encInfo=null, fileChecksum=null, isFile=true, fileName='file8', acls=[user:runner:a[ACCESS], group:docker:a[ACCESS], group:adm:a[ACCESS], group:systemd-journal:a[ACCESS]]}
2024-05-06 09:04:11,793 [main] INFO  ozone.TestHSync (TestHSync.java:runTestHSync(369)) - runTestHSync /file8 with size 31, skipLength=256
2024-05-06 09:04:11,796 [IPC Server handler 4 on default port 15004] DEBUG key.OMKeyCommitRequestWithFSO (OMKeyCommitRequestWithFSO.java:validateAndUpdateCache(110)) - isHSync = true, volumeName = volume67812, bucketName = bucket15470, keyName = file8
2024-05-06 09:04:11,796 [IPC Server handler 4 on default port 15004] DEBUG key.OMKeyCommitRequestWithFSO (OMKeyCommitRequestWithFSO.java:validateAndUpdateCache(282)) - Key commit succeeded with isHSync = true, omKeyInfo = OmKeyInfo{volumeName='volume67812', bucketName='bucket15470', keyName='file8', dataSize=287, keyLocationVersions=[version:0 isMultipartKey:false conID 2 locID 113750153625600304 bcsID 0 || ], creationTime=1714986251785, modificationTime=1714986251796, replicationConfig=RATIS/THREE, encInfo=null, fileChecksum=null, isFile=true, fileName='file8', acls=[user:runner:a[ACCESS], group:docker:a[ACCESS], group:adm:a[ACCESS], group:systemd-journal:a[ACCESS]]}
2024-05-06 09:04:11,799 [main] INFO  ozone.TestHSync (TestHSync.java:runTestHSync(369)) - runTestHSync /file8 with size 32, skipLength=287
2024-05-06 09:04:11,804 [IPC Server handler 6 on default port 15004] DEBUG key.OMKeyCommitRequestWithFSO (OMKeyCommitRequestWithFSO.java:validateAndUpdateCache(110)) - isHSync = true, volumeName = volume67812, bucketName = bucket15470, keyName = file8
2024-05-06 09:04:11,804 [IPC Server handler 6 on default port 15004] DEBUG key.OMKeyCommitRequestWithFSO (OMKeyCommitRequestWithFSO.java:validateAndUpdateCache(282)) - Key commit succeeded with isHSync = true, omKeyInfo = OmKeyInfo{volumeName='volume67812', bucketName='bucket15470', keyName='file8', dataSize=319, keyLocationVersions=[version:0 isMultipartKey:false conID 2 locID 113750153625600304 bcsID 0 || ], creationTime=1714986251785, modificationTime=1714986251804, replicationConfig=RATIS/THREE, encInfo=null, fileChecksum=null, isFile=true, fileName='file8', acls=[user:runner:a[ACCESS], group:docker:a[ACCESS], group:adm:a[ACCESS], group:systemd-journal:a[ACCESS]]}
2024-05-06 09:04:11,807 [main] INFO  ozone.TestHSync (TestHSync.java:runTestHSync(369)) - runTestHSync /file8 with size 33, skipLength=319
2024-05-06 09:04:11,811 [IPC Server handler 8 on default port 15004] DEBUG key.OMKeyCommitRequestWithFSO (OMKeyCommitRequestWithFSO.java:validateAndUpdateCache(110)) - isHSync = true, volumeName = volume67812, bucketName = bucket15470, keyName = file8
2024-05-06 09:04:11,811 [IPC Server handler 8 on default port 15004] DEBUG key.OMKeyCommitRequestWithFSO (OMKeyCommitRequestWithFSO.java:validateAndUpdateCache(282)) - Key commit succeeded with isHSync = true, omKeyInfo = OmKeyInfo{volumeName='volume67812', bucketName='bucket15470', keyName='file8', dataSize=352, keyLocationVersions=[version:0 isMultipartKey:false conID 2 locID 113750153625600304 bcsID 0 || ], creationTime=1714986251785, modificationTime=1714986251811, replicationConfig=RATIS/THREE, encInfo=null, fileChecksum=null, isFile=true, fileName='file8', acls=[user:runner:a[ACCESS], group:docker:a[ACCESS], group:adm:a[ACCESS], group:systemd-journal:a[ACCESS]]}
2024-05-06 09:04:11,815 [main] INFO  ozone.TestHSync (TestHSync.java:runTestHSync(369)) - runTestHSync /file8 with size 1023, skipLength=352
2024-05-06 09:04:11,819 [IPC Server handler 9 on default port 15004] DEBUG key.OMKeyCommitRequestWithFSO (OMKeyCommitRequestWithFSO.java:validateAndUpdateCache(110)) - isHSync = true, volumeName = volume67812, bucketName = bucket15470, keyName = file8
2024-05-06 09:04:11,819 [IPC Server handler 9 on default port 15004] DEBUG key.OMKeyCommitRequestWithFSO (OMKeyCommitRequestWithFSO.java:validateAndUpdateCache(282)) - Key commit succeeded with isHSync = true, omKeyInfo = OmKeyInfo{volumeName='volume67812', bucketName='bucket15470', keyName='file8', dataSize=1375, keyLocationVersions=[version:0 isMultipartKey:false conID 2 locID 113750153625600304 bcsID 0 || ], creationTime=1714986251785, modificationTime=1714986251819, replicationConfig=RATIS/THREE, encInfo=null, fileChecksum=null, isFile=true, fileName='file8', acls=[user:runner:a[ACCESS], group:docker:a[ACCESS], group:adm:a[ACCESS], group:systemd-journal:a[ACCESS]]}
2024-05-06 09:04:11,823 [main] INFO  ozone.TestHSync (TestHSync.java:runTestHSync(369)) - runTestHSync /file8 with size 1024, skipLength=1375
2024-05-06 09:04:11,826 [IPC Server handler 13 on default port 15004] DEBUG key.OMKeyCommitRequestWithFSO (OMKeyCommitRequestWithFSO.java:validateAndUpdateCache(110)) - isHSync = true, volumeName = volume67812, bucketName = bucket15470, keyName = file8
2024-05-06 09:04:11,826 [IPC Server handler 13 on default port 15004] DEBUG key.OMKeyCommitRequestWithFSO (OMKeyCommitRequestWithFSO.java:validateAndUpdateCache(282)) - Key commit succeeded with isHSync = true, omKeyInfo = OmKeyInfo{volumeName='volume67812', bucketName='bucket15470', keyName='file8', dataSize=2399, keyLocationVersions=[version:0 isMultipartKey:false conID 2 locID 113750153625600304 bcsID 0 || ], creationTime=1714986251785, modificationTime=1714986251826, replicationConfig=RATIS/THREE, encInfo=null, fileChecksum=null, isFile=true, fileName='file8', acls=[user:runner:a[ACCESS], group:docker:a[ACCESS], group:adm:a[ACCESS], group:systemd-journal:a[ACCESS]]}
2024-05-06 09:04:11,830 [main] INFO  ozone.TestHSync (TestHSync.java:runTestHSync(369)) - runTestHSync /file8 with size 1025, skipLength=2399
2024-05-06 09:04:11,836 [IPC Server handler 12 on default port 15004] DEBUG key.OMKeyCommitRequestWithFSO (OMKeyCommitRequestWithFSO.java:validateAndUpdateCache(110)) - isHSync = true, volumeName = volume67812, bucketName = bucket15470, keyName = file8
2024-05-06 09:04:11,836 [IPC Server handler 12 on default port 15004] DEBUG key.OMKeyCommitRequestWithFSO (OMKeyCommitRequestWithFSO.java:validateAndUpdateCache(282)) - Key commit succeeded with isHSync = true, omKeyInfo = OmKeyInfo{volumeName='volume67812', bucketName='bucket15470', keyName='file8', dataSize=3424, keyLocationVersions=[version:0 isMultipartKey:false conID 2 locID 113750153625600304 bcsID 0 || ], creationTime=1714986251785, modificationTime=1714986251835, replicationConfig=RATIS/THREE, encInfo=null, fileChecksum=null, isFile=true, fileName='file8', acls=[user:runner:a[ACCESS], group:docker:a[ACCESS], group:adm:a[ACCESS], group:systemd-journal:a[ACCESS]]}
2024-05-06 09:04:11,841 [main] INFO  ozone.TestHSync (TestHSync.java:runTestHSync(369)) - runTestHSync /file8 with size 32767, skipLength=3424
2024-05-06 09:04:11,847 [IPC Server handler 17 on default port 15004] DEBUG key.OMKeyCommitRequestWithFSO (OMKeyCommitRequestWithFSO.java:validateAndUpdateCache(110)) - isHSync = true, volumeName = volume67812, bucketName = bucket15470, keyName = file8
2024-05-06 09:04:11,847 [IPC Server handler 17 on default port 15004] DEBUG key.OMKeyCommitRequestWithFSO (OMKeyCommitRequestWithFSO.java:validateAndUpdateCache(282)) - Key commit succeeded with isHSync = true, omKeyInfo = OmKeyInfo{volumeName='volume67812', bucketName='bucket15470', keyName='file8', dataSize=36191, keyLocationVersions=[version:0 isMultipartKey:false conID 2 locID 113750153625600304 bcsID 0 || ], creationTime=1714986251785, modificationTime=1714986251847, replicationConfig=RATIS/THREE, encInfo=null, fileChecksum=null, isFile=true, fileName='file8', acls=[user:runner:a[ACCESS], group:docker:a[ACCESS], group:adm:a[ACCESS], group:systemd-journal:a[ACCESS]]}
2024-05-06 09:04:11,853 [main] INFO  ozone.TestHSync (TestHSync.java:runTestHSync(369)) - runTestHSync /file8 with size 32768, skipLength=36191
2024-05-06 09:04:11,858 [IPC Server handler 18 on default port 15004] DEBUG key.OMKeyCommitRequestWithFSO (OMKeyCommitRequestWithFSO.java:validateAndUpdateCache(110)) - isHSync = true, volumeName = volume67812, bucketName = bucket15470, keyName = file8
2024-05-06 09:04:11,858 [IPC Server handler 18 on default port 15004] DEBUG key.OMKeyCommitRequestWithFSO (OMKeyCommitRequestWithFSO.java:validateAndUpdateCache(282)) - Key commit succeeded with isHSync = true, omKeyInfo = OmKeyInfo{volumeName='volume67812', bucketName='bucket15470', keyName='file8', dataSize=68959, keyLocationVersions=[version:0 isMultipartKey:false conID 2 locID 113750153625600304 bcsID 0 || ], creationTime=1714986251785, modificationTime=1714986251858, replicationConfig=RATIS/THREE, encInfo=null, fileChecksum=null, isFile=true, fileName='file8', acls=[user:runner:a[ACCESS], group:docker:a[ACCESS], group:adm:a[ACCESS], group:systemd-journal:a[ACCESS]]}
2024-05-06 09:04:11,865 [main] INFO  ozone.TestHSync (TestHSync.java:runTestHSync(369)) - runTestHSync /file8 with size 32769, skipLength=68959
2024-05-06 09:04:11,871 [IPC Server handler 0 on default port 15004] DEBUG key.OMKeyCommitRequestWithFSO (OMKeyCommitRequestWithFSO.java:validateAndUpdateCache(110)) - isHSync = true, volumeName = volume67812, bucketName = bucket15470, keyName = file8
2024-05-06 09:04:11,872 [IPC Server handler 0 on default port 15004] DEBUG key.OMKeyCommitRequestWithFSO (OMKeyCommitRequestWithFSO.java:validateAndUpdateCache(282)) - Key commit succeeded with isHSync = true, omKeyInfo = OmKeyInfo{volumeName='volume67812', bucketName='bucket15470', keyName='file8', dataSize=101728, keyLocationVersions=[version:0 isMultipartKey:false conID 2 locID 113750153625600304 bcsID 0 || ], creationTime=1714986251785, modificationTime=1714986251871, replicationConfig=RATIS/THREE, encInfo=null, fileChecksum=null, isFile=true, fileName='file8', acls=[user:runner:a[ACCESS], group:docker:a[ACCESS], group:adm:a[ACCESS], group:systemd-journal:a[ACCESS]]}
2024-05-06 09:04:11,879 [main] INFO  ozone.TestHSync (TestHSync.java:runTestHSync(369)) - runTestHSync /file8 with size 1048575, skipLength=101728
2024-05-06 09:04:12,031 [IPC Server handler 9 on default port 15004] DEBUG key.OMKeyCommitRequestWithFSO (OMKeyCommitRequestWithFSO.java:validateAndUpdateCache(110)) - isHSync = true, volumeName = volume67812, bucketName = bucket15470, keyName = file8
2024-05-06 09:04:12,031 [IPC Server handler 9 on default port 15004] DEBUG key.OMKeyCommitRequestWithFSO (OMKeyCommitRequestWithFSO.java:validateAndUpdateCache(282)) - Key commit succeeded with isHSync = true, omKeyInfo = OmKeyInfo{volumeName='volume67812', bucketName='bucket15470', keyName='file8', dataSize=1150303, keyLocationVersions=[version:0 isMultipartKey:false conID 2 locID 113750153625600304 bcsID 6166 || conID 1 locID 113750153625600305 bcsID 6190 || conID 2 locID 113750153625600306 bcsID 6216 || conID 3 locID 113750153625600307 bcsID 5854 || conID 1 locID 113750153625600308 bcsID 6242 || conID 2 locID 113750153625600309 bcsID 6268 || conID 1 locID 113750153625600310 bcsID 6294 || conID 2 locID 113750153625600311 bcsID 6316 || conID 1 locID 113750153625600312 bcsID 0 || ], creationTime=1714986251785, modificationTime=1714986252030, replicationConfig=RATIS/THREE, encInfo=null, fileChecksum=null, isFile=true, fileName='file8', acls=[user:runner:a[ACCESS], group:docker:a[ACCESS], group:adm:a[ACCESS], group:systemd-journal:a[ACCESS]]}
2024-05-06 09:04:12,071 [main] INFO  ozone.TestHSync (TestHSync.java:runTestHSync(369)) - runTestHSync /file8 with size 1048576, skipLength=1150303
2024-05-06 09:04:12,193 [IPC Server handler 0 on default port 15004] DEBUG key.OMKeyCommitRequestWithFSO (OMKeyCommitRequestWithFSO.java:validateAndUpdateCache(110)) - isHSync = true, volumeName = volume67812, bucketName = bucket15470, keyName = file8
2024-05-06 09:04:12,193 [IPC Server handler 0 on default port 15004] DEBUG key.OMKeyCommitRequestWithFSO (OMKeyCommitRequestWithFSO.java:validateAndUpdateCache(282)) - Key commit succeeded with isHSync = true, omKeyInfo = OmKeyInfo{volumeName='volume67812', bucketName='bucket15470', keyName='file8', dataSize=2198879, keyLocationVersions=[version:0 isMultipartKey:false conID 2 locID 113750153625600304 bcsID 6166 || conID 1 locID 113750153625600305 bcsID 6190 || conID 2 locID 113750153625600306 bcsID 6216 || conID 3 locID 113750153625600307 bcsID 5854 || conID 1 locID 113750153625600308 bcsID 6242 || conID 2 locID 113750153625600309 bcsID 6268 || conID 1 locID 113750153625600310 bcsID 6294 || conID 2 locID 113750153625600311 bcsID 6316 || conID 1 locID 113750153625600312 bcsID 6347 || conID 2 locID 113750153625600313 bcsID 6372 || conID 4 locID 113750153625600314 bcsID 5878 || conID 1 locID 113750153625600315 bcsID 6396 || conID 3 locID 113750153625600316 bcsID 5902 || conID 4 locID 113750153625600317 bcsID 5928 || conID 3 locID 113750153625600318 bcsID 5954 || conID 4 locID 113750153625600319 bcsID 5980 || conID 3 locID 113750153625600320 bcsID 0 || ], creationTime=1714986251785, modificationTime=1714986252193, replicationConfig=RATIS/THREE, encInfo=null, fileChecksum=null, isFile=true, fileName='file8', acls=[user:runner:a[ACCESS], group:docker:a[ACCESS], group:adm:a[ACCESS], group:systemd-journal:a[ACCESS]]}
2024-05-06 09:04:12,267 [main] INFO  ozone.TestHSync (TestHSync.java:runTestHSync(369)) - runTestHSync /file8 with size 1048577, skipLength=2198879
2024-05-06 09:04:12,386 [IPC Server handler 9 on default port 15004] DEBUG key.OMKeyCommitRequestWithFSO (OMKeyCommitRequestWithFSO.java:validateAndUpdateCache(110)) - isHSync = true, volumeName = volume67812, bucketName = bucket15470, keyName = file8
2024-05-06 09:04:12,386 [IPC Server handler 9 on default port 15004] DEBUG key.OMKeyCommitRequestWithFSO (OMKeyCommitRequestWithFSO.java:validateAndUpdateCache(282)) - Key commit succeeded with isHSync = true, omKeyInfo = OmKeyInfo{volumeName='volume67812', bucketName='bucket15470', keyName='file8', dataSize=3247456, keyLocationVersions=[version:0 isMultipartKey:false conID 2 locID 113750153625600304 bcsID 6166 || conID 1 locID 113750153625600305 bcsID 6190 || conID 2 locID 113750153625600306 bcsID 6216 || conID 3 locID 113750153625600307 bcsID 5854 || conID 1 locID 113750153625600308 bcsID 6242 || conID 2 locID 113750153625600309 bcsID 6268 || conID 1 locID 113750153625600310 bcsID 6294 || conID 2 locID 113750153625600311 bcsID 6316 || conID 1 locID 113750153625600312 bcsID 6347 || conID 2 locID 113750153625600313 bcsID 6372 || conID 4 locID 113750153625600314 bcsID 5878 || conID 1 locID 113750153625600315 bcsID 6396 || conID 3 locID 113750153625600316 bcsID 5902 || conID 4 locID 113750153625600317 bcsID 5928 || conID 3 locID 113750153625600318 bcsID 5954 || conID 4 locID 113750153625600319 bcsID 5980 || conID 3 locID 113750153625600320 bcsID 6010 || conID 4 locID 113750153625600321 bcsID 6033 || conID 3 locID 113750153625600322 bcsID 6059 || conID 4 locID 113750153625600323 bcsID 6083 || conID 3 locID 113750153625600324 bcsID 6110 || conID 2 locID 113750153625600325 bcsID 6422 || conID 4 locID 113750153625600326 bcsID 6135 || conID 1 locID 113750153625600327 bcsID 6447 || conID 3 locID 113750153625600328 bcsID 0 || ], creationTime=1714986251785, modificationTime=1714986252386, replicationConfig=RATIS/THREE, encInfo=null, fileChecksum=null, isFile=true, fileName='file8', acls=[user:runner:a[ACCESS], group:docker:a[ACCESS], group:adm:a[ACCESS], group:systemd-journal:a[ACCESS]]}
2024-05-06 09:04:12,481 [IPC Server handler 13 on default port 15004] DEBUG key.OMKeyCommitRequestWithFSO (OMKeyCommitRequestWithFSO.java:validateAndUpdateCache(110)) - isHSync = false, volumeName = volume67812, bucketName = bucket15470, keyName = file8
2024-05-06 09:04:12,481 [IPC Server handler 13 on default port 15004] DEBUG key.OMKeyCommitRequestWithFSO (OMKeyCommitRequestWithFSO.java:validateAndUpdateCache(282)) - Key commit succeeded with isHSync = false, omKeyInfo = OmKeyInfo{volumeName='volume67812', bucketName='bucket15470', keyName='file8', dataSize=3247456, keyLocationVersions=[version:0 isMultipartKey:false conID 2 locID 113750153625600304 bcsID 6166 || conID 1 locID 113750153625600305 bcsID 6190 || conID 2 locID 113750153625600306 bcsID 6216 || conID 3 locID 113750153625600307 bcsID 5854 || conID 1 locID 113750153625600308 bcsID 6242 || conID 2 locID 113750153625600309 bcsID 6268 || conID 1 locID 113750153625600310 bcsID 6294 || conID 2 locID 113750153625600311 bcsID 6316 || conID 1 locID 113750153625600312 bcsID 6347 || conID 2 locID 113750153625600313 bcsID 6372 || conID 4 locID 113750153625600314 bcsID 5878 || conID 1 locID 113750153625600315 bcsID 6396 || conID 3 locID 113750153625600316 bcsID 5902 || conID 4 locID 113750153625600317 bcsID 5928 || conID 3 locID 113750153625600318 bcsID 5954 || conID 4 locID 113750153625600319 bcsID 5980 || conID 3 locID 113750153625600320 bcsID 6010 || conID 4 locID 113750153625600321 bcsID 6033 || conID 3 locID 113750153625600322 bcsID 6059 || conID 4 locID 113750153625600323 bcsID 6083 || conID 3 locID 113750153625600324 bcsID 6110 || conID 2 locID 113750153625600325 bcsID 6422 || conID 4 locID 113750153625600326 bcsID 6135 || conID 1 locID 113750153625600327 bcsID 6447 || conID 3 locID 113750153625600328 bcsID 6159 || ], creationTime=1714986251785, modificationTime=1714986252481, replicationConfig=RATIS/THREE, encInfo=null, fileChecksum=null, isFile=true, fileName='file8', acls=[user:runner:a[ACCESS], group:docker:a[ACCESS], group:adm:a[ACCESS], group:systemd-journal:a[ACCESS]]}
2024-05-06 09:04:12,481 [IPC Server handler 13 on default port 15004] DEBUG key.OMKeyCommitRequest (OMKeyCommitRequest.java:processResult(412)) - Key committed. Volume:volume67812, Bucket:bucket15470, Key:file8
2024-05-06 09:04:12,484 [main] INFO  ozone.TestHSync (TestHSync.java:runTestHSync(369)) - runTestHSync /file9 with size 512, skipLength=0
2024-05-06 09:04:12,487 [IPC Server handler 12 on default port 15004] DEBUG key.OMKeyCommitRequestWithFSO (OMKeyCommitRequestWithFSO.java:validateAndUpdateCache(110)) - isHSync = true, volumeName = volume67812, bucketName = bucket15470, keyName = file9
2024-05-06 09:04:12,487 [IPC Server handler 12 on default port 15004] DEBUG key.OMKeyCommitRequestWithFSO (OMKeyCommitRequestWithFSO.java:validateAndUpdateCache(282)) - Key commit succeeded with isHSync = true, omKeyInfo = OmKeyInfo{volumeName='volume67812', bucketName='bucket15470', keyName='file9', dataSize=512, keyLocationVersions=[version:0 isMultipartKey:false conID 2 locID 113750153625600329 bcsID 0 || ], creationTime=1714986252483, modificationTime=1714986252487, replicationConfig=RATIS/THREE, encInfo=null, fileChecksum=null, isFile=true, fileName='file9', acls=[user:runner:a[ACCESS], group:docker:a[ACCESS], group:adm:a[ACCESS], group:systemd-journal:a[ACCESS]]}
2024-05-06 09:04:12,490 [main] INFO  ozone.TestHSync (TestHSync.java:runTestHSync(369)) - runTestHSync /file9 with size 31, skipLength=512
2024-05-06 09:04:12,492 [IPC Server handler 17 on default port 15004] DEBUG key.OMKeyCommitRequestWithFSO (OMKeyCommitRequestWithFSO.java:validateAndUpdateCache(110)) - isHSync = true, volumeName = volume67812, bucketName = bucket15470, keyName = file9
2024-05-06 09:04:12,492 [IPC Server handler 17 on default port 15004] DEBUG key.OMKeyCommitRequestWithFSO (OMKeyCommitRequestWithFSO.java:validateAndUpdateCache(282)) - Key commit succeeded with isHSync = true, omKeyInfo = OmKeyInfo{volumeName='volume67812', bucketName='bucket15470', keyName='file9', dataSize=543, keyLocationVersions=[version:0 isMultipartKey:false conID 2 locID 113750153625600329 bcsID 0 || ], creationTime=1714986252483, modificationTime=1714986252492, replicationConfig=RATIS/THREE, encInfo=null, fileChecksum=null, isFile=true, fileName='file9', acls=[user:runner:a[ACCESS], group:docker:a[ACCESS], group:adm:a[ACCESS], group:systemd-journal:a[ACCESS]]}
2024-05-06 09:04:12,497 [IPC Server handler 18 on default port 15004] DEBUG key.OMKeyCommitRequestWithFSO (OMKeyCommitRequestWithFSO.java:validateAndUpdateCache(110)) - isHSync = false, volumeName = volume67812, bucketName = bucket15470, keyName = file9
2024-05-06 09:04:12,497 [IPC Server handler 18 on default port 15004] DEBUG key.OMKeyCommitRequestWithFSO (OMKeyCommitRequestWithFSO.java:validateAndUpdateCache(282)) - Key commit succeeded with isHSync = false, omKeyInfo = OmKeyInfo{volumeName='volume67812', bucketName='bucket15470', keyName='file9', dataSize=543, keyLocationVersions=[version:0 isMultipartKey:false conID 2 locID 113750153625600329 bcsID 6457 || ], creationTime=1714986252483, modificationTime=1714986252497, replicationConfig=RATIS/THREE, encInfo=null, fileChecksum=null, isFile=true, fileName='file9', acls=[user:runner:a[ACCESS], group:docker:a[ACCESS], group:adm:a[ACCESS], group:systemd-journal:a[ACCESS]]}
2024-05-06 09:04:12,497 [IPC Server handler 18 on default port 15004] DEBUG key.OMKeyCommitRequest (OMKeyCommitRequest.java:processResult(412)) - Key committed. Volume:volume67812, Bucket:bucket15470, Key:file9
]]></system-out>
  </testcase>
  <testcase name="testDisableHsync" classname="org.apache.hadoop.fs.ozone.TestHSync" time="0.024"/>
  <testcase name="testKeyHSyncThenClose" classname="org.apache.hadoop.fs.ozone.TestHSync" time="1.021"/>
  <testcase name="testOfsHSync" classname="org.apache.hadoop.fs.ozone.TestHSync" time="7.524"/>
  <testcase name="testStreamCapability" classname="org.apache.hadoop.fs.ozone.TestHSync" time="1.424"/>
  <testcase name="testHSyncDeletedKey" classname="org.apache.hadoop.fs.ozone.TestHSync" time="0.229"/>
  <testcase name="testOverwriteHSyncFile" classname="org.apache.hadoop.fs.ozone.TestHSync" time="0.16"/>
  <testcase name="testECStreamCapability" classname="org.apache.hadoop.fs.ozone.TestHSync" time="0.366"/>
</testsuite>