<?xml version="1.0" encoding="UTF-8"?>
<testsuite xmlns:xsi="http://www.w3.org/2001/XMLSchema-instance" xsi:noNamespaceSchemaLocation="https://maven.apache.org/surefire/maven-surefire-plugin/xsd/surefire-test-report.xsd" name="org.apache.hadoop.ozone.client.rpc.TestBlockOutputStreamWithFailuresFlushDelay" time="342.835" tests="8" errors="1" skipped="0" failures="0">
  <properties>
    <property name="awt.toolkit" value="sun.awt.X11.XToolkit"/>
    <property name="file.encoding.pkg" value="sun.io"/>
    <property name="java.specification.version" value="1.8"/>
    <property name="sun.cpu.isalist" value=""/>
    <property name="sun.jnu.encoding" value="ANSI_X3.4-1968"/>
    <property name="java.class.path" value="/github/workspace/mnt/ozone/hadoop-ozone/integration-test/target/test-classes:/github/workspace/mnt/ozone/hadoop-ozone/integration-test/target/classes:/home/user/.m2/repository/org/apache/hadoop/hadoop-ozone-common/0.6.0-SNAPSHOT/hadoop-ozone-common-0.6.0-SNAPSHOT.jar:/home/user/.m2/repository/org/apache/commons/commons-compress/1.4.1/commons-compress-1.4.1.jar:/home/user/.m2/repository/org/tukaani/xz/1.0/xz-1.0.jar:/home/user/.m2/repository/org/apache/hadoop/hadoop-hdds-common/0.6.0-SNAPSHOT/hadoop-hdds-common-0.6.0-SNAPSHOT.jar:/home/user/.m2/repository/org/apache/hadoop/hadoop-hdds-hadoop-dependency-client/0.6.0-SNAPSHOT/hadoop-hdds-hadoop-dependency-client-0.6.0-SNAPSHOT.jar:/home/user/.m2/repository/info/picocli/picocli/3.9.6/picocli-3.9.6.jar:/home/user/.m2/repository/com/fasterxml/jackson/core/jackson-annotations/2.10.3/jackson-annotations-2.10.3.jar:/home/user/.m2/repository/javax/annotation/javax.annotation-api/1.2/javax.annotation-api-1.2.jar:/home/user/.m2/repository/org/apache/ratis/ratis-server/0.6.0-6ab75ae-SNAPSHOT/ratis-server-0.6.0-6ab75ae-SNAPSHOT.jar:/home/user/.m2/repository/org/apache/ratis/ratis-client/0.6.0-6ab75ae-SNAPSHOT/ratis-client-0.6.0-6ab75ae-SNAPSHOT.jar:/home/user/.m2/repository/org/apache/ratis/ratis-metrics/0.6.0-6ab75ae-SNAPSHOT/ratis-metrics-0.6.0-6ab75ae-SNAPSHOT.jar:/home/user/.m2/repository/org/apache/ratis/ratis-netty/0.6.0-6ab75ae-SNAPSHOT/ratis-netty-0.6.0-6ab75ae-SNAPSHOT.jar:/home/user/.m2/repository/org/apache/ratis/ratis-grpc/0.6.0-6ab75ae-SNAPSHOT/ratis-grpc-0.6.0-6ab75ae-SNAPSHOT.jar:/home/user/.m2/repository/org/apache/logging/log4j/log4j-api/2.11.0/log4j-api-2.11.0.jar:/home/user/.m2/repository/org/apache/logging/log4j/log4j-core/2.11.0/log4j-core-2.11.0.jar:/home/user/.m2/repository/com/lmax/disruptor/3.4.2/disruptor-3.4.2.jar:/home/user/.m2/repository/org/apache/commons/commons-pool2/2.6.0/commons-pool2-2.6.0.jar:/home/user/.m2/repository/org/bouncycastle/bcpkix-jdk15on/1.60/bcpkix-jdk15on-1.60.jar:/home/user/.m2/repository/commons-validator/commons-validator/1.6/commons-validator-1.6.jar:/home/user/.m2/repository/commons-digester/commons-digester/1.8.1/commons-digester-1.8.1.jar:/home/user/.m2/repository/io/jaegertracing/jaeger-client/1.2.0/jaeger-client-1.2.0.jar:/home/user/.m2/repository/io/jaegertracing/jaeger-thrift/1.2.0/jaeger-thrift-1.2.0.jar:/home/user/.m2/repository/org/apache/thrift/libthrift/0.13.0/libthrift-0.13.0.jar:/home/user/.m2/repository/com/squareup/okhttp3/okhttp/4.2.2/okhttp-4.2.2.jar:/home/user/.m2/repository/com/squareup/okio/okio/2.2.2/okio-2.2.2.jar:/home/user/.m2/repository/org/jetbrains/kotlin/kotlin-stdlib/1.3.50/kotlin-stdlib-1.3.50.jar:/home/user/.m2/repository/org/jetbrains/kotlin/kotlin-stdlib-common/1.3.50/kotlin-stdlib-common-1.3.50.jar:/home/user/.m2/repository/org/jetbrains/annotations/13.0/annotations-13.0.jar:/home/user/.m2/repository/io/jaegertracing/jaeger-core/1.2.0/jaeger-core-1.2.0.jar:/home/user/.m2/repository/io/jaegertracing/jaeger-tracerresolver/1.2.0/jaeger-tracerresolver-1.2.0.jar:/home/user/.m2/repository/io/opentracing/contrib/opentracing-tracerresolver/0.1.8/opentracing-tracerresolver-0.1.8.jar:/home/user/.m2/repository/io/opentracing/opentracing-util/0.33.0/opentracing-util-0.33.0.jar:/home/user/.m2/repository/io/opentracing/opentracing-api/0.33.0/opentracing-api-0.33.0.jar:/home/user/.m2/repository/io/opentracing/opentracing-noop/0.33.0/opentracing-noop-0.33.0.jar:/home/user/.m2/repository/org/apache/hadoop/hadoop-hdds-client/0.6.0-SNAPSHOT/hadoop-hdds-client-0.6.0-SNAPSHOT.jar:/home/user/.m2/repository/org/apache/hadoop/hadoop-hdds-test-utils/0.6.0-SNAPSHOT/hadoop-hdds-test-utils-0.6.0-SNAPSHOT.jar:/home/user/.m2/repository/com/google/guava/guava/28.2-jre/guava-28.2-jre.jar:/home/user/.m2/repository/com/google/guava/failureaccess/1.0.1/failureaccess-1.0.1.jar:/home/user/.m2/repository/com/google/guava/listenablefuture/9999.0-empty-to-avoid-conflict-with-guava/listenablefuture-9999.0-empty-to-avoid-conflict-with-guava.jar:/home/user/.m2/repository/com/google/code/findbugs/jsr305/3.0.0/jsr305-3.0.0.jar:/home/user/.m2/repository/org/checkerframework/checker-qual/2.10.0/checker-qual-2.10.0.jar:/home/user/.m2/repository/com/google/errorprone/error_prone_annotations/2.2.0/error_prone_annotations-2.2.0.jar:/home/user/.m2/repository/com/google/j2objc/j2objc-annotations/1.3/j2objc-annotations-1.3.jar:/home/user/.m2/repository/commons-io/commons-io/2.5/commons-io-2.5.jar:/home/user/.m2/repository/commons-logging/commons-logging/1.2/commons-logging-1.2.jar:/home/user/.m2/repository/log4j/log4j/1.2.17/log4j-1.2.17.jar:/home/user/.m2/repository/org/slf4j/slf4j-api/1.7.25/slf4j-api-1.7.25.jar:/home/user/.m2/repository/org/apache/hadoop/hadoop-hdds-server-scm/0.6.0-SNAPSHOT/hadoop-hdds-server-scm-0.6.0-SNAPSHOT.jar:/home/user/.m2/repository/org/apache/hadoop/hadoop-hdds-container-service/0.6.0-SNAPSHOT/hadoop-hdds-container-service-0.6.0-SNAPSHOT.jar:/home/user/.m2/repository/org/apache/hadoop/hadoop-hdds-hadoop-dependency-server/0.6.0-SNAPSHOT/hadoop-hdds-hadoop-dependency-server-0.6.0-SNAPSHOT.jar:/home/user/.m2/repository/org/apache/hadoop/hadoop-hdds-server-framework/0.6.0-SNAPSHOT/hadoop-hdds-server-framework-0.6.0-SNAPSHOT.jar:/home/user/.m2/repository/org/apache/hadoop/hadoop-hdds-interface-server/0.6.0-SNAPSHOT/hadoop-hdds-interface-server-0.6.0-SNAPSHOT.jar:/home/user/.m2/repository/org/apache/hadoop/hadoop-hdds-interface-admin/0.6.0-SNAPSHOT/hadoop-hdds-interface-admin-0.6.0-SNAPSHOT.jar:/home/user/.m2/repository/org/rocksdb/rocksdbjni/6.6.4/rocksdbjni-6.6.4.jar:/home/user/.m2/repository/io/prometheus/simpleclient_dropwizard/0.7.0/simpleclient_dropwizard-0.7.0.jar:/home/user/.m2/repository/io/prometheus/simpleclient/0.7.0/simpleclient-0.7.0.jar:/home/user/.m2/repository/io/prometheus/simpleclient_common/0.7.0/simpleclient_common-0.7.0.jar:/home/user/.m2/repository/com/fasterxml/jackson/datatype/jackson-datatype-jsr310/2.10.3/jackson-datatype-jsr310-2.10.3.jar:/home/user/.m2/repository/org/apache/hadoop/hadoop-hdds-docs/0.6.0-SNAPSHOT/hadoop-hdds-docs-0.6.0-SNAPSHOT.jar:/home/user/.m2/repository/io/dropwizard/metrics/metrics-core/3.2.4/metrics-core-3.2.4.jar:/home/user/.m2/repository/org/apache/hadoop/hadoop-hdfs-client/3.2.1/hadoop-hdfs-client-3.2.1.jar:/home/user/.m2/repository/org/bouncycastle/bcprov-jdk15on/1.60/bcprov-jdk15on-1.60.jar:/home/user/.m2/repository/org/apache/hadoop/hadoop-ozone-ozone-manager/0.6.0-SNAPSHOT/hadoop-ozone-ozone-manager-0.6.0-SNAPSHOT.jar:/home/user/.m2/repository/org/apache/hadoop/hadoop-hdds-interface-client/0.6.0-SNAPSHOT/hadoop-hdds-interface-client-0.6.0-SNAPSHOT.jar:/home/user/.m2/repository/org/apache/ratis/ratis-thirdparty-misc/0.4.0/ratis-thirdparty-misc-0.4.0.jar:/home/user/.m2/repository/org/apache/hadoop/hadoop-minikdc/3.2.1/hadoop-minikdc-3.2.1.jar:/home/user/.m2/repository/org/apache/kerby/kerb-simplekdc/1.0.1/kerb-simplekdc-1.0.1.jar:/home/user/.m2/repository/org/apache/kerby/kerb-client/1.0.1/kerb-client-1.0.1.jar:/home/user/.m2/repository/org/apache/kerby/kerby-config/1.0.1/kerby-config-1.0.1.jar:/home/user/.m2/repository/org/apache/kerby/kerb-core/1.0.1/kerb-core-1.0.1.jar:/home/user/.m2/repository/org/apache/kerby/kerby-pkix/1.0.1/kerby-pkix-1.0.1.jar:/home/user/.m2/repository/org/apache/kerby/kerby-asn1/1.0.1/kerby-asn1-1.0.1.jar:/home/user/.m2/repository/org/apache/kerby/kerby-util/1.0.1/kerby-util-1.0.1.jar:/home/user/.m2/repository/org/apache/kerby/kerb-common/1.0.1/kerb-common-1.0.1.jar:/home/user/.m2/repository/org/apache/kerby/kerb-crypto/1.0.1/kerb-crypto-1.0.1.jar:/home/user/.m2/repository/org/apache/kerby/kerb-util/1.0.1/kerb-util-1.0.1.jar:/home/user/.m2/repository/org/apache/kerby/token-provider/1.0.1/token-provider-1.0.1.jar:/home/user/.m2/repository/org/apache/kerby/kerb-admin/1.0.1/kerb-admin-1.0.1.jar:/home/user/.m2/repository/org/apache/kerby/kerb-server/1.0.1/kerb-server-1.0.1.jar:/home/user/.m2/repository/org/apache/kerby/kerb-identity/1.0.1/kerb-identity-1.0.1.jar:/home/user/.m2/repository/org/apache/kerby/kerby-xdr/1.0.1/kerby-xdr-1.0.1.jar:/home/user/.m2/repository/org/slf4j/slf4j-log4j12/1.7.25/slf4j-log4j12-1.7.25.jar:/home/user/.m2/repository/org/apache/hadoop/hadoop-ozone-s3gateway/0.6.0-SNAPSHOT/hadoop-ozone-s3gateway-0.6.0-SNAPSHOT.jar:/home/user/.m2/repository/org/jboss/weld/servlet/weld-servlet/2.4.7.Final/weld-servlet-2.4.7.Final.jar:/home/user/.m2/repository/org/glassfish/jersey/containers/jersey-container-servlet-core/2.27/jersey-container-servlet-core-2.27.jar:/home/user/.m2/repository/org/glassfish/hk2/external/javax.inject/2.5.0-b42/javax.inject-2.5.0-b42.jar:/home/user/.m2/repository/org/glassfish/jersey/core/jersey-common/2.27/jersey-common-2.27.jar:/home/user/.m2/repository/org/glassfish/hk2/osgi-resource-locator/1.0.1/osgi-resource-locator-1.0.1.jar:/home/user/.m2/repository/javax/ws/rs/javax.ws.rs-api/2.1/javax.ws.rs-api-2.1.jar:/home/user/.m2/repository/org/glassfish/jersey/ext/cdi/jersey-cdi1x/2.27/jersey-cdi1x-2.27.jar:/home/user/.m2/repository/org/glassfish/jersey/inject/jersey-hk2/2.27/jersey-hk2-2.27.jar:/home/user/.m2/repository/org/glassfish/hk2/hk2-locator/2.5.0-b42/hk2-locator-2.5.0-b42.jar:/home/user/.m2/repository/org/javassist/javassist/3.22.0-CR2/javassist-3.22.0-CR2.jar:/home/user/.m2/repository/org/glassfish/hk2/hk2-api/2.5.0/hk2-api-2.5.0.jar:/home/user/.m2/repository/org/glassfish/hk2/external/jakarta.inject/2.5.0/jakarta.inject-2.5.0.jar:/home/user/.m2/repository/org/glassfish/hk2/hk2-utils/2.5.0/hk2-utils-2.5.0.jar:/home/user/.m2/repository/jakarta/annotation/jakarta.annotation-api/1.3.4/jakarta.annotation-api-1.3.4.jar:/home/user/.m2/repository/org/glassfish/hk2/external/aopalliance-repackaged/2.5.0/aopalliance-repackaged-2.5.0.jar:/home/user/.m2/repository/com/fasterxml/jackson/dataformat/jackson-dataformat-xml/2.10.3/jackson-dataformat-xml-2.10.3.jar:/home/user/.m2/repository/com/fasterxml/jackson/core/jackson-core/2.10.3/jackson-core-2.10.3.jar:/home/user/.m2/repository/com/fasterxml/jackson/module/jackson-module-jaxb-annotations/2.10.3/jackson-module-jaxb-annotations-2.10.3.jar:/home/user/.m2/repository/jakarta/xml/bind/jakarta.xml.bind-api/2.3.2/jakarta.xml.bind-api-2.3.2.jar:/home/user/.m2/repository/jakarta/activation/jakarta.activation-api/1.2.1/jakarta.activation-api-1.2.1.jar:/home/user/.m2/repository/org/codehaus/woodstox/stax2-api/3.1.4/stax2-api-3.1.4.jar:/home/user/.m2/repository/com/fasterxml/woodstox/woodstox-core/5.0.3/woodstox-core-5.0.3.jar:/home/user/.m2/repository/javax/enterprise/cdi-api/1.2/cdi-api-1.2.jar:/home/user/.m2/repository/javax/el/javax.el-api/3.0.0/javax.el-api-3.0.0.jar:/home/user/.m2/repository/javax/interceptor/javax.interceptor-api/1.2/javax.interceptor-api-1.2.jar:/home/user/.m2/repository/javax/inject/javax.inject/1/javax.inject-1.jar:/home/user/.m2/repository/com/sun/xml/bind/jaxb-impl/2.3.0.1/jaxb-impl-2.3.0.1.jar:/home/user/.m2/repository/com/sun/xml/bind/jaxb-core/2.3.0.1/jaxb-core-2.3.0.1.jar:/home/user/.m2/repository/javax/xml/bind/jaxb-api/2.3.0/jaxb-api-2.3.0.jar:/home/user/.m2/repository/javax/activation/activation/1.1.1/activation-1.1.1.jar:/home/user/.m2/repository/org/apache/hadoop/hadoop-ozone-csi/0.6.0-SNAPSHOT/hadoop-ozone-csi-0.6.0-SNAPSHOT.jar:/home/user/.m2/repository/com/google/protobuf/protobuf-java-util/3.11.0/protobuf-java-util-3.11.0.jar:/home/user/.m2/repository/com/google/code/gson/gson/2.2.4/gson-2.2.4.jar:/home/user/.m2/repository/org/apache/hadoop/hadoop-hdds-config/0.6.0-SNAPSHOT/hadoop-hdds-config-0.6.0-SNAPSHOT.jar:/home/user/.m2/repository/com/google/protobuf/protobuf-java/2.5.0/protobuf-java-2.5.0.jar:/home/user/.m2/repository/io/grpc/grpc-netty/1.29.0/grpc-netty-1.29.0.jar:/home/user/.m2/repository/io/grpc/grpc-core/1.29.0/grpc-core-1.29.0.jar:/home/user/.m2/repository/com/google/android/annotations/4.1.1.4/annotations-4.1.1.4.jar:/home/user/.m2/repository/io/perfmark/perfmark-api/0.19.0/perfmark-api-0.19.0.jar:/home/user/.m2/repository/io/netty/netty-codec-http2/4.1.48.Final/netty-codec-http2-4.1.48.Final.jar:/home/user/.m2/repository/io/netty/netty-codec/4.1.48.Final/netty-codec-4.1.48.Final.jar:/home/user/.m2/repository/io/netty/netty-handler/4.1.48.Final/netty-handler-4.1.48.Final.jar:/home/user/.m2/repository/io/netty/netty-codec-http/4.1.48.Final/netty-codec-http-4.1.48.Final.jar:/home/user/.m2/repository/io/netty/netty-handler-proxy/4.1.48.Final/netty-handler-proxy-4.1.48.Final.jar:/home/user/.m2/repository/io/netty/netty-codec-socks/4.1.48.Final/netty-codec-socks-4.1.48.Final.jar:/home/user/.m2/repository/io/netty/netty-transport-native-epoll/4.1.48.Final/netty-transport-native-epoll-4.1.48.Final.jar:/home/user/.m2/repository/io/netty/netty-common/4.1.48.Final/netty-common-4.1.48.Final.jar:/home/user/.m2/repository/io/netty/netty-buffer/4.1.48.Final/netty-buffer-4.1.48.Final.jar:/home/user/.m2/repository/io/netty/netty-transport/4.1.48.Final/netty-transport-4.1.48.Final.jar:/home/user/.m2/repository/io/netty/netty-resolver/4.1.48.Final/netty-resolver-4.1.48.Final.jar:/home/user/.m2/repository/io/netty/netty-transport-native-unix-common/4.1.48.Final/netty-transport-native-unix-common-4.1.48.Final.jar:/home/user/.m2/repository/io/grpc/grpc-protobuf/1.29.0/grpc-protobuf-1.29.0.jar:/home/user/.m2/repository/io/grpc/grpc-api/1.29.0/grpc-api-1.29.0.jar:/home/user/.m2/repository/io/grpc/grpc-context/1.29.0/grpc-context-1.29.0.jar:/home/user/.m2/repository/org/codehaus/mojo/animal-sniffer-annotations/1.18/animal-sniffer-annotations-1.18.jar:/home/user/.m2/repository/com/google/api/grpc/proto-google-common-protos/1.17.0/proto-google-common-protos-1.17.0.jar:/home/user/.m2/repository/io/grpc/grpc-protobuf-lite/1.29.0/grpc-protobuf-lite-1.29.0.jar:/home/user/.m2/repository/io/grpc/grpc-stub/1.29.0/grpc-stub-1.29.0.jar:/home/user/.m2/repository/org/apache/hadoop/hadoop-ozone-recon/0.6.0-SNAPSHOT/hadoop-ozone-recon-0.6.0-SNAPSHOT.jar:/home/user/.m2/repository/org/apache/hadoop/hadoop-ozone-reconcodegen/0.6.0-SNAPSHOT/hadoop-ozone-reconcodegen-0.6.0-SNAPSHOT.jar:/home/user/.m2/repository/com/google/inject/extensions/guice-multibindings/4.0/guice-multibindings-4.0.jar:/home/user/.m2/repository/com/google/inject/guice/4.0/guice-4.0.jar:/home/user/.m2/repository/aopalliance/aopalliance/1.0/aopalliance-1.0.jar:/home/user/.m2/repository/com/google/inject/extensions/guice-assistedinject/4.0/guice-assistedinject-4.0.jar:/home/user/.m2/repository/com/google/inject/extensions/guice-servlet/4.0/guice-servlet-4.0.jar:/home/user/.m2/repository/org/glassfish/jersey/containers/jersey-container-servlet/2.27/jersey-container-servlet-2.27.jar:/home/user/.m2/repository/org/glassfish/hk2/guice-bridge/2.5.0/guice-bridge-2.5.0.jar:/home/user/.m2/repository/org/glassfish/jersey/core/jersey-server/2.27/jersey-server-2.27.jar:/home/user/.m2/repository/org/glassfish/jersey/core/jersey-client/2.27/jersey-client-2.27.jar:/home/user/.m2/repository/org/glassfish/jersey/media/jersey-media-jaxb/2.27/jersey-media-jaxb-2.27.jar:/home/user/.m2/repository/javax/validation/validation-api/1.1.0.Final/validation-api-1.1.0.Final.jar:/home/user/.m2/repository/org/glassfish/jersey/media/jersey-media-json-jackson/2.27/jersey-media-json-jackson-2.27.jar:/home/user/.m2/repository/org/glassfish/jersey/ext/jersey-entity-filtering/2.27/jersey-entity-filtering-2.27.jar:/home/user/.m2/repository/org/jooq/jooq/3.11.10/jooq-3.11.10.jar:/home/user/.m2/repository/org/jooq/jooq-meta/3.11.10/jooq-meta-3.11.10.jar:/home/user/.m2/repository/org/jooq/jooq-codegen/3.11.10/jooq-codegen-3.11.10.jar:/home/user/.m2/repository/com/jolbox/bonecp/0.8.0.RELEASE/bonecp-0.8.0.RELEASE.jar:/home/user/.m2/repository/org/apache/derby/derby/10.14.2.0/derby-10.14.2.0.jar:/home/user/.m2/repository/org/xerial/sqlite-jdbc/3.25.2/sqlite-jdbc-3.25.2.jar:/home/user/.m2/repository/org/springframework/spring-jdbc/5.2.5.RELEASE/spring-jdbc-5.2.5.RELEASE.jar:/home/user/.m2/repository/org/springframework/spring-beans/5.2.5.RELEASE/spring-beans-5.2.5.RELEASE.jar:/home/user/.m2/repository/org/springframework/spring-core/5.2.5.RELEASE/spring-core-5.2.5.RELEASE.jar:/home/user/.m2/repository/org/springframework/spring-jcl/5.2.5.RELEASE/spring-jcl-5.2.5.RELEASE.jar:/home/user/.m2/repository/org/springframework/spring-tx/5.2.5.RELEASE/spring-tx-5.2.5.RELEASE.jar:/home/user/.m2/repository/org/apache/hadoop/hadoop-ozone-client/0.6.0-SNAPSHOT/hadoop-ozone-client-0.6.0-SNAPSHOT.jar:/home/user/.m2/repository/org/apache/hadoop/hadoop-ozone-filesystem/0.6.0-SNAPSHOT/hadoop-ozone-filesystem-0.6.0-SNAPSHOT.jar:/home/user/.m2/repository/org/apache/hadoop/hadoop-ozone-filesystem-common/0.6.0-SNAPSHOT/hadoop-ozone-filesystem-common-0.6.0-SNAPSHOT.jar:/home/user/.m2/repository/org/apache/hadoop/hadoop-ozone-tools/0.6.0-SNAPSHOT/hadoop-ozone-tools-0.6.0-SNAPSHOT.jar:/home/user/.m2/repository/org/apache/hadoop/hadoop-hdfs/3.2.1/hadoop-hdfs-3.2.1.jar:/home/user/.m2/repository/org/apache/ratis/ratis-tools/0.6.0-6ab75ae-SNAPSHOT/ratis-tools-0.6.0-6ab75ae-SNAPSHOT.jar:/home/user/.m2/repository/org/apache/ratis/ratis-proto/0.6.0-6ab75ae-SNAPSHOT/ratis-proto-0.6.0-6ab75ae-SNAPSHOT.jar:/home/user/.m2/repository/org/apache/ratis/ratis-common/0.6.0-6ab75ae-SNAPSHOT/ratis-common-0.6.0-6ab75ae-SNAPSHOT.jar:/home/user/.m2/repository/com/amazonaws/aws-java-sdk-core/1.11.615/aws-java-sdk-core-1.11.615.jar:/home/user/.m2/repository/org/apache/httpcomponents/httpclient/4.5.2/httpclient-4.5.2.jar:/home/user/.m2/repository/org/apache/httpcomponents/httpcore/4.4.4/httpcore-4.4.4.jar:/home/user/.m2/repository/software/amazon/ion/ion-java/1.0.2/ion-java-1.0.2.jar:/home/user/.m2/repository/com/fasterxml/jackson/dataformat/jackson-dataformat-cbor/2.10.3/jackson-dataformat-cbor-2.10.3.jar:/home/user/.m2/repository/joda-time/joda-time/2.8.1/joda-time-2.8.1.jar:/home/user/.m2/repository/com/amazonaws/aws-java-sdk-s3/1.11.615/aws-java-sdk-s3-1.11.615.jar:/home/user/.m2/repository/com/amazonaws/aws-java-sdk-kms/1.11.615/aws-java-sdk-kms-1.11.615.jar:/home/user/.m2/repository/com/amazonaws/jmespath-java/1.11.615/jmespath-java-1.11.615.jar:/home/user/.m2/repository/org/apache/hadoop/hadoop-hdds-tools/0.6.0-SNAPSHOT/hadoop-hdds-tools-0.6.0-SNAPSHOT.jar:/home/user/.m2/repository/commons-cli/commons-cli/1.2/commons-cli-1.2.jar:/home/user/.m2/repository/org/apache/commons/commons-lang3/3.7/commons-lang3-3.7.jar:/home/user/.m2/repository/org/apache/hadoop/hadoop-ozone-ozone-manager/0.6.0-SNAPSHOT/hadoop-ozone-ozone-manager-0.6.0-SNAPSHOT-tests.jar:/home/user/.m2/repository/junit/junit/4.11/junit-4.11.jar:/home/user/.m2/repository/org/hamcrest/hamcrest-core/1.3/hamcrest-core-1.3.jar:/home/user/.m2/repository/org/openjdk/jmh/jmh-core/1.19/jmh-core-1.19.jar:/home/user/.m2/repository/net/sf/jopt-simple/jopt-simple/4.6/jopt-simple-4.6.jar:/home/user/.m2/repository/org/apache/commons/commons-math3/3.1.1/commons-math3-3.1.1.jar:/home/user/.m2/repository/org/openjdk/jmh/jmh-generator-annprocess/1.19/jmh-generator-annprocess-1.19.jar:/home/user/.m2/repository/org/mockito/mockito-all/1.8.5/mockito-all-1.8.5.jar:/home/user/.m2/repository/org/apache/hadoop/hadoop-kms/3.2.1/hadoop-kms-3.2.1.jar:/home/user/.m2/repository/org/apache/hadoop/hadoop-auth/3.2.1/hadoop-auth-3.2.1.jar:/home/user/.m2/repository/com/nimbusds/nimbus-jose-jwt/7.9/nimbus-jose-jwt-7.9.jar:/home/user/.m2/repository/com/github/stephenc/jcip/jcip-annotations/1.0-1/jcip-annotations-1.0-1.jar:/home/user/.m2/repository/net/minidev/json-smart/2.3/json-smart-2.3.jar:/home/user/.m2/repository/net/minidev/accessors-smart/1.2/accessors-smart-1.2.jar:/home/user/.m2/repository/org/ow2/asm/asm/5.0.4/asm-5.0.4.jar:/home/user/.m2/repository/org/apache/zookeeper/zookeeper/3.4.13/zookeeper-3.4.13.jar:/home/user/.m2/repository/org/apache/yetus/audience-annotations/0.5.0/audience-annotations-0.5.0.jar:/home/user/.m2/repository/org/apache/curator/curator-framework/2.13.0/curator-framework-2.13.0.jar:/home/user/.m2/repository/com/sun/jersey/jersey-core/1.19/jersey-core-1.19.jar:/home/user/.m2/repository/javax/ws/rs/jsr311-api/1.1.1/jsr311-api-1.1.1.jar:/home/user/.m2/repository/com/sun/jersey/jersey-server/1.19/jersey-server-1.19.jar:/home/user/.m2/repository/javax/servlet/javax.servlet-api/3.1.0/javax.servlet-api-3.1.0.jar:/home/user/.m2/repository/org/eclipse/jetty/jetty-server/9.4.26.v20200117/jetty-server-9.4.26.v20200117.jar:/home/user/.m2/repository/org/eclipse/jetty/jetty-http/9.4.26.v20200117/jetty-http-9.4.26.v20200117.jar:/home/user/.m2/repository/org/eclipse/jetty/jetty-io/9.4.26.v20200117/jetty-io-9.4.26.v20200117.jar:/home/user/.m2/repository/org/eclipse/jetty/jetty-webapp/9.4.26.v20200117/jetty-webapp-9.4.26.v20200117.jar:/home/user/.m2/repository/org/eclipse/jetty/jetty-xml/9.4.26.v20200117/jetty-xml-9.4.26.v20200117.jar:/home/user/.m2/repository/org/eclipse/jetty/jetty-servlet/9.4.26.v20200117/jetty-servlet-9.4.26.v20200117.jar:/home/user/.m2/repository/org/eclipse/jetty/jetty-security/9.4.26.v20200117/jetty-security-9.4.26.v20200117.jar:/home/user/.m2/repository/org/apache/hadoop/hadoop-common/3.2.1/hadoop-common-3.2.1.jar:/home/user/.m2/repository/commons-net/commons-net/3.6/commons-net-3.6.jar:/home/user/.m2/repository/commons-collections/commons-collections/3.2.2/commons-collections-3.2.2.jar:/home/user/.m2/repository/com/sun/jersey/jersey-servlet/1.19/jersey-servlet-1.19.jar:/home/user/.m2/repository/com/sun/jersey/jersey-json/1.19/jersey-json-1.19.jar:/home/user/.m2/repository/org/codehaus/jettison/jettison/1.1/jettison-1.1.jar:/home/user/.m2/repository/org/codehaus/jackson/jackson-jaxrs/1.9.2/jackson-jaxrs-1.9.2.jar:/home/user/.m2/repository/org/codehaus/jackson/jackson-xc/1.9.2/jackson-xc-1.9.2.jar:/home/user/.m2/repository/commons-beanutils/commons-beanutils/1.9.4/commons-beanutils-1.9.4.jar:/home/user/.m2/repository/org/apache/commons/commons-configuration2/2.1.1/commons-configuration2-2.1.1.jar:/home/user/.m2/repository/org/apache/commons/commons-text/1.4/commons-text-1.4.jar:/home/user/.m2/repository/com/google/re2j/re2j/1.1/re2j-1.1.jar:/home/user/.m2/repository/com/jcraft/jsch/0.1.54/jsch-0.1.54.jar:/home/user/.m2/repository/org/apache/curator/curator-client/2.13.0/curator-client-2.13.0.jar:/home/user/.m2/repository/org/apache/curator/curator-recipes/2.13.0/curator-recipes-2.13.0.jar:/home/user/.m2/repository/dnsjava/dnsjava/2.1.7/dnsjava-2.1.7.jar:/home/user/.m2/repository/org/slf4j/jul-to-slf4j/1.7.25/jul-to-slf4j-1.7.25.jar:/home/user/.m2/repository/org/eclipse/jetty/jetty-util/9.4.26.v20200117/jetty-util-9.4.26.v20200117.jar:/home/user/.m2/repository/com/fasterxml/jackson/core/jackson-databind/2.10.3/jackson-databind-2.10.3.jar:/home/user/.m2/repository/org/apache/hadoop/hadoop-kms/3.2.1/hadoop-kms-3.2.1-tests.jar:/home/user/.m2/repository/org/apache/hadoop/hadoop-hdds-server-scm/0.6.0-SNAPSHOT/hadoop-hdds-server-scm-0.6.0-SNAPSHOT-tests.jar:/home/user/.m2/repository/org/apache/hadoop/hadoop-hdds-container-service/0.6.0-SNAPSHOT/hadoop-hdds-container-service-0.6.0-SNAPSHOT-tests.jar:/home/user/.m2/repository/org/apache/hadoop/hadoop-hdds-common/0.6.0-SNAPSHOT/hadoop-hdds-common-0.6.0-SNAPSHOT-tests.jar:/home/user/.m2/repository/org/yaml/snakeyaml/1.16/snakeyaml-1.16.jar:/home/user/.m2/repository/org/apache/hadoop/hadoop-hdds-hadoop-dependency-test/0.6.0-SNAPSHOT/hadoop-hdds-hadoop-dependency-test-0.6.0-SNAPSHOT.jar:/home/user/.m2/repository/org/apache/hadoop/hadoop-common/3.2.1/hadoop-common-3.2.1-tests.jar:/home/user/.m2/repository/javax/servlet/jsp/jsp-api/2.1/jsp-api-2.1.jar:/home/user/.m2/repository/org/apache/hadoop/hadoop-hdfs/3.2.1/hadoop-hdfs-3.2.1-tests.jar:/home/user/.m2/repository/org/eclipse/jetty/jetty-util-ajax/9.4.26.v20200117/jetty-util-ajax-9.4.26.v20200117.jar:/home/user/.m2/repository/commons-codec/commons-codec/1.11/commons-codec-1.11.jar:/home/user/.m2/repository/commons-daemon/commons-daemon/1.0.13/commons-daemon-1.0.13.jar:/home/user/.m2/repository/io/netty/netty/3.10.5.Final/netty-3.10.5.Final.jar:/home/user/.m2/repository/io/netty/netty-all/4.1.48.Final/netty-all-4.1.48.Final.jar:/home/user/.m2/repository/org/apache/htrace/htrace-core4/4.1.0-incubating/htrace-core4-4.1.0-incubating.jar:/home/user/.m2/repository/org/fusesource/leveldbjni/leveldbjni-all/1.8/leveldbjni-all-1.8.jar:/home/user/.m2/repository/org/apache/hadoop/hadoop-distcp/3.2.1/hadoop-distcp-3.2.1.jar:/home/user/.m2/repository/org/apache/hadoop/hadoop-mapreduce-client-jobclient/3.2.1/hadoop-mapreduce-client-jobclient-3.2.1.jar:/home/user/.m2/repository/org/apache/hadoop/hadoop-mapreduce-client-common/3.2.1/hadoop-mapreduce-client-common-3.2.1.jar:/home/user/.m2/repository/org/apache/hadoop/hadoop-yarn-common/3.2.1/hadoop-yarn-common-3.2.1.jar:/home/user/.m2/repository/org/apache/hadoop/hadoop-yarn-api/3.2.1/hadoop-yarn-api-3.2.1.jar:/home/user/.m2/repository/com/sun/jersey/jersey-client/1.19/jersey-client-1.19.jar:/home/user/.m2/repository/com/sun/jersey/contribs/jersey-guice/1.19/jersey-guice-1.19.jar:/home/user/.m2/repository/com/fasterxml/jackson/jaxrs/jackson-jaxrs-json-provider/2.10.3/jackson-jaxrs-json-provider-2.10.3.jar:/home/user/.m2/repository/com/fasterxml/jackson/jaxrs/jackson-jaxrs-base/2.10.3/jackson-jaxrs-base-2.10.3.jar:/home/user/.m2/repository/org/apache/hadoop/hadoop-yarn-client/3.2.1/hadoop-yarn-client-3.2.1.jar:/home/user/.m2/repository/org/apache/hadoop/hadoop-mapreduce-client-core/3.2.1/hadoop-mapreduce-client-core-3.2.1.jar:/home/user/.m2/repository/org/apache/avro/avro/1.7.7/avro-1.7.7.jar:/home/user/.m2/repository/org/codehaus/jackson/jackson-core-asl/1.9.13/jackson-core-asl-1.9.13.jar:/home/user/.m2/repository/org/codehaus/jackson/jackson-mapper-asl/1.9.13/jackson-mapper-asl-1.9.13.jar:/home/user/.m2/repository/com/thoughtworks/paranamer/paranamer/2.3/paranamer-2.3.jar:/home/user/.m2/repository/org/xerial/snappy/snappy-java/1.0.5/snappy-java-1.0.5.jar:/home/user/.m2/repository/org/apache/hadoop/hadoop-annotations/3.2.1/hadoop-annotations-3.2.1.jar:/usr/lib/jvm/java-1.8.0-openjdk-1.8.0.232.b09-0.el7_7.x86_64/jre/../lib/tools.jar:/home/user/.m2/repository/org/apache/hadoop/hadoop-distcp/3.2.1/hadoop-distcp-3.2.1-tests.jar:"/>
    <property name="java.vm.vendor" value="Oracle Corporation"/>
    <property name="sun.arch.data.model" value="64"/>
    <property name="test.build.dir" value="/github/workspace/mnt/ozone/hadoop-ozone/integration-test/target/test-dir"/>
    <property name="test.cache.data" value=""/>
    <property name="java.vendor.url" value="http://java.oracle.com/"/>
    <property name="user.timezone" value=""/>
    <property name="java.vm.specification.version" value="1.8"/>
    <property name="os.name" value="Linux"/>
    <property name="test.build.data" value="/github/workspace/mnt/ozone/hadoop-ozone/integration-test/target/test-dir"/>
    <property name="user.country" value="US"/>
    <property name="sun.java.launcher" value="SUN_STANDARD"/>
    <property name="sun.boot.library.path" value="/usr/lib/jvm/java-1.8.0-openjdk-1.8.0.232.b09-0.el7_7.x86_64/jre/lib/amd64"/>
    <property name="sun.java.command" value="/github/workspace/mnt/ozone/hadoop-ozone/integration-test/target/surefire/surefirebooter6229731662381407927.jar /github/workspace/mnt/ozone/hadoop-ozone/integration-test/target/surefire 2020-06-10T23-21-21_502-jvmRun1 surefire1096440900669890456tmp surefire_125995775125220177273tmp"/>
    <property name="surefire.test.class.path" value="/github/workspace/mnt/ozone/hadoop-ozone/integration-test/target/test-classes:/github/workspace/mnt/ozone/hadoop-ozone/integration-test/target/classes:/home/user/.m2/repository/org/apache/hadoop/hadoop-ozone-common/0.6.0-SNAPSHOT/hadoop-ozone-common-0.6.0-SNAPSHOT.jar:/home/user/.m2/repository/org/apache/commons/commons-compress/1.4.1/commons-compress-1.4.1.jar:/home/user/.m2/repository/org/tukaani/xz/1.0/xz-1.0.jar:/home/user/.m2/repository/org/apache/hadoop/hadoop-hdds-common/0.6.0-SNAPSHOT/hadoop-hdds-common-0.6.0-SNAPSHOT.jar:/home/user/.m2/repository/org/apache/hadoop/hadoop-hdds-hadoop-dependency-client/0.6.0-SNAPSHOT/hadoop-hdds-hadoop-dependency-client-0.6.0-SNAPSHOT.jar:/home/user/.m2/repository/info/picocli/picocli/3.9.6/picocli-3.9.6.jar:/home/user/.m2/repository/com/fasterxml/jackson/core/jackson-annotations/2.10.3/jackson-annotations-2.10.3.jar:/home/user/.m2/repository/javax/annotation/javax.annotation-api/1.2/javax.annotation-api-1.2.jar:/home/user/.m2/repository/org/apache/ratis/ratis-server/0.6.0-6ab75ae-SNAPSHOT/ratis-server-0.6.0-6ab75ae-SNAPSHOT.jar:/home/user/.m2/repository/org/apache/ratis/ratis-client/0.6.0-6ab75ae-SNAPSHOT/ratis-client-0.6.0-6ab75ae-SNAPSHOT.jar:/home/user/.m2/repository/org/apache/ratis/ratis-metrics/0.6.0-6ab75ae-SNAPSHOT/ratis-metrics-0.6.0-6ab75ae-SNAPSHOT.jar:/home/user/.m2/repository/org/apache/ratis/ratis-netty/0.6.0-6ab75ae-SNAPSHOT/ratis-netty-0.6.0-6ab75ae-SNAPSHOT.jar:/home/user/.m2/repository/org/apache/ratis/ratis-grpc/0.6.0-6ab75ae-SNAPSHOT/ratis-grpc-0.6.0-6ab75ae-SNAPSHOT.jar:/home/user/.m2/repository/org/apache/logging/log4j/log4j-api/2.11.0/log4j-api-2.11.0.jar:/home/user/.m2/repository/org/apache/logging/log4j/log4j-core/2.11.0/log4j-core-2.11.0.jar:/home/user/.m2/repository/com/lmax/disruptor/3.4.2/disruptor-3.4.2.jar:/home/user/.m2/repository/org/apache/commons/commons-pool2/2.6.0/commons-pool2-2.6.0.jar:/home/user/.m2/repository/org/bouncycastle/bcpkix-jdk15on/1.60/bcpkix-jdk15on-1.60.jar:/home/user/.m2/repository/commons-validator/commons-validator/1.6/commons-validator-1.6.jar:/home/user/.m2/repository/commons-digester/commons-digester/1.8.1/commons-digester-1.8.1.jar:/home/user/.m2/repository/io/jaegertracing/jaeger-client/1.2.0/jaeger-client-1.2.0.jar:/home/user/.m2/repository/io/jaegertracing/jaeger-thrift/1.2.0/jaeger-thrift-1.2.0.jar:/home/user/.m2/repository/org/apache/thrift/libthrift/0.13.0/libthrift-0.13.0.jar:/home/user/.m2/repository/com/squareup/okhttp3/okhttp/4.2.2/okhttp-4.2.2.jar:/home/user/.m2/repository/com/squareup/okio/okio/2.2.2/okio-2.2.2.jar:/home/user/.m2/repository/org/jetbrains/kotlin/kotlin-stdlib/1.3.50/kotlin-stdlib-1.3.50.jar:/home/user/.m2/repository/org/jetbrains/kotlin/kotlin-stdlib-common/1.3.50/kotlin-stdlib-common-1.3.50.jar:/home/user/.m2/repository/org/jetbrains/annotations/13.0/annotations-13.0.jar:/home/user/.m2/repository/io/jaegertracing/jaeger-core/1.2.0/jaeger-core-1.2.0.jar:/home/user/.m2/repository/io/jaegertracing/jaeger-tracerresolver/1.2.0/jaeger-tracerresolver-1.2.0.jar:/home/user/.m2/repository/io/opentracing/contrib/opentracing-tracerresolver/0.1.8/opentracing-tracerresolver-0.1.8.jar:/home/user/.m2/repository/io/opentracing/opentracing-util/0.33.0/opentracing-util-0.33.0.jar:/home/user/.m2/repository/io/opentracing/opentracing-api/0.33.0/opentracing-api-0.33.0.jar:/home/user/.m2/repository/io/opentracing/opentracing-noop/0.33.0/opentracing-noop-0.33.0.jar:/home/user/.m2/repository/org/apache/hadoop/hadoop-hdds-client/0.6.0-SNAPSHOT/hadoop-hdds-client-0.6.0-SNAPSHOT.jar:/home/user/.m2/repository/org/apache/hadoop/hadoop-hdds-test-utils/0.6.0-SNAPSHOT/hadoop-hdds-test-utils-0.6.0-SNAPSHOT.jar:/home/user/.m2/repository/com/google/guava/guava/28.2-jre/guava-28.2-jre.jar:/home/user/.m2/repository/com/google/guava/failureaccess/1.0.1/failureaccess-1.0.1.jar:/home/user/.m2/repository/com/google/guava/listenablefuture/9999.0-empty-to-avoid-conflict-with-guava/listenablefuture-9999.0-empty-to-avoid-conflict-with-guava.jar:/home/user/.m2/repository/com/google/code/findbugs/jsr305/3.0.0/jsr305-3.0.0.jar:/home/user/.m2/repository/org/checkerframework/checker-qual/2.10.0/checker-qual-2.10.0.jar:/home/user/.m2/repository/com/google/errorprone/error_prone_annotations/2.2.0/error_prone_annotations-2.2.0.jar:/home/user/.m2/repository/com/google/j2objc/j2objc-annotations/1.3/j2objc-annotations-1.3.jar:/home/user/.m2/repository/commons-io/commons-io/2.5/commons-io-2.5.jar:/home/user/.m2/repository/commons-logging/commons-logging/1.2/commons-logging-1.2.jar:/home/user/.m2/repository/log4j/log4j/1.2.17/log4j-1.2.17.jar:/home/user/.m2/repository/org/slf4j/slf4j-api/1.7.25/slf4j-api-1.7.25.jar:/home/user/.m2/repository/org/apache/hadoop/hadoop-hdds-server-scm/0.6.0-SNAPSHOT/hadoop-hdds-server-scm-0.6.0-SNAPSHOT.jar:/home/user/.m2/repository/org/apache/hadoop/hadoop-hdds-container-service/0.6.0-SNAPSHOT/hadoop-hdds-container-service-0.6.0-SNAPSHOT.jar:/home/user/.m2/repository/org/apache/hadoop/hadoop-hdds-hadoop-dependency-server/0.6.0-SNAPSHOT/hadoop-hdds-hadoop-dependency-server-0.6.0-SNAPSHOT.jar:/home/user/.m2/repository/org/apache/hadoop/hadoop-hdds-server-framework/0.6.0-SNAPSHOT/hadoop-hdds-server-framework-0.6.0-SNAPSHOT.jar:/home/user/.m2/repository/org/apache/hadoop/hadoop-hdds-interface-server/0.6.0-SNAPSHOT/hadoop-hdds-interface-server-0.6.0-SNAPSHOT.jar:/home/user/.m2/repository/org/apache/hadoop/hadoop-hdds-interface-admin/0.6.0-SNAPSHOT/hadoop-hdds-interface-admin-0.6.0-SNAPSHOT.jar:/home/user/.m2/repository/org/rocksdb/rocksdbjni/6.6.4/rocksdbjni-6.6.4.jar:/home/user/.m2/repository/io/prometheus/simpleclient_dropwizard/0.7.0/simpleclient_dropwizard-0.7.0.jar:/home/user/.m2/repository/io/prometheus/simpleclient/0.7.0/simpleclient-0.7.0.jar:/home/user/.m2/repository/io/prometheus/simpleclient_common/0.7.0/simpleclient_common-0.7.0.jar:/home/user/.m2/repository/com/fasterxml/jackson/datatype/jackson-datatype-jsr310/2.10.3/jackson-datatype-jsr310-2.10.3.jar:/home/user/.m2/repository/org/apache/hadoop/hadoop-hdds-docs/0.6.0-SNAPSHOT/hadoop-hdds-docs-0.6.0-SNAPSHOT.jar:/home/user/.m2/repository/io/dropwizard/metrics/metrics-core/3.2.4/metrics-core-3.2.4.jar:/home/user/.m2/repository/org/apache/hadoop/hadoop-hdfs-client/3.2.1/hadoop-hdfs-client-3.2.1.jar:/home/user/.m2/repository/org/bouncycastle/bcprov-jdk15on/1.60/bcprov-jdk15on-1.60.jar:/home/user/.m2/repository/org/apache/hadoop/hadoop-ozone-ozone-manager/0.6.0-SNAPSHOT/hadoop-ozone-ozone-manager-0.6.0-SNAPSHOT.jar:/home/user/.m2/repository/org/apache/hadoop/hadoop-hdds-interface-client/0.6.0-SNAPSHOT/hadoop-hdds-interface-client-0.6.0-SNAPSHOT.jar:/home/user/.m2/repository/org/apache/ratis/ratis-thirdparty-misc/0.4.0/ratis-thirdparty-misc-0.4.0.jar:/home/user/.m2/repository/org/apache/hadoop/hadoop-minikdc/3.2.1/hadoop-minikdc-3.2.1.jar:/home/user/.m2/repository/org/apache/kerby/kerb-simplekdc/1.0.1/kerb-simplekdc-1.0.1.jar:/home/user/.m2/repository/org/apache/kerby/kerb-client/1.0.1/kerb-client-1.0.1.jar:/home/user/.m2/repository/org/apache/kerby/kerby-config/1.0.1/kerby-config-1.0.1.jar:/home/user/.m2/repository/org/apache/kerby/kerb-core/1.0.1/kerb-core-1.0.1.jar:/home/user/.m2/repository/org/apache/kerby/kerby-pkix/1.0.1/kerby-pkix-1.0.1.jar:/home/user/.m2/repository/org/apache/kerby/kerby-asn1/1.0.1/kerby-asn1-1.0.1.jar:/home/user/.m2/repository/org/apache/kerby/kerby-util/1.0.1/kerby-util-1.0.1.jar:/home/user/.m2/repository/org/apache/kerby/kerb-common/1.0.1/kerb-common-1.0.1.jar:/home/user/.m2/repository/org/apache/kerby/kerb-crypto/1.0.1/kerb-crypto-1.0.1.jar:/home/user/.m2/repository/org/apache/kerby/kerb-util/1.0.1/kerb-util-1.0.1.jar:/home/user/.m2/repository/org/apache/kerby/token-provider/1.0.1/token-provider-1.0.1.jar:/home/user/.m2/repository/org/apache/kerby/kerb-admin/1.0.1/kerb-admin-1.0.1.jar:/home/user/.m2/repository/org/apache/kerby/kerb-server/1.0.1/kerb-server-1.0.1.jar:/home/user/.m2/repository/org/apache/kerby/kerb-identity/1.0.1/kerb-identity-1.0.1.jar:/home/user/.m2/repository/org/apache/kerby/kerby-xdr/1.0.1/kerby-xdr-1.0.1.jar:/home/user/.m2/repository/org/slf4j/slf4j-log4j12/1.7.25/slf4j-log4j12-1.7.25.jar:/home/user/.m2/repository/org/apache/hadoop/hadoop-ozone-s3gateway/0.6.0-SNAPSHOT/hadoop-ozone-s3gateway-0.6.0-SNAPSHOT.jar:/home/user/.m2/repository/org/jboss/weld/servlet/weld-servlet/2.4.7.Final/weld-servlet-2.4.7.Final.jar:/home/user/.m2/repository/org/glassfish/jersey/containers/jersey-container-servlet-core/2.27/jersey-container-servlet-core-2.27.jar:/home/user/.m2/repository/org/glassfish/hk2/external/javax.inject/2.5.0-b42/javax.inject-2.5.0-b42.jar:/home/user/.m2/repository/org/glassfish/jersey/core/jersey-common/2.27/jersey-common-2.27.jar:/home/user/.m2/repository/org/glassfish/hk2/osgi-resource-locator/1.0.1/osgi-resource-locator-1.0.1.jar:/home/user/.m2/repository/javax/ws/rs/javax.ws.rs-api/2.1/javax.ws.rs-api-2.1.jar:/home/user/.m2/repository/org/glassfish/jersey/ext/cdi/jersey-cdi1x/2.27/jersey-cdi1x-2.27.jar:/home/user/.m2/repository/org/glassfish/jersey/inject/jersey-hk2/2.27/jersey-hk2-2.27.jar:/home/user/.m2/repository/org/glassfish/hk2/hk2-locator/2.5.0-b42/hk2-locator-2.5.0-b42.jar:/home/user/.m2/repository/org/javassist/javassist/3.22.0-CR2/javassist-3.22.0-CR2.jar:/home/user/.m2/repository/org/glassfish/hk2/hk2-api/2.5.0/hk2-api-2.5.0.jar:/home/user/.m2/repository/org/glassfish/hk2/external/jakarta.inject/2.5.0/jakarta.inject-2.5.0.jar:/home/user/.m2/repository/org/glassfish/hk2/hk2-utils/2.5.0/hk2-utils-2.5.0.jar:/home/user/.m2/repository/jakarta/annotation/jakarta.annotation-api/1.3.4/jakarta.annotation-api-1.3.4.jar:/home/user/.m2/repository/org/glassfish/hk2/external/aopalliance-repackaged/2.5.0/aopalliance-repackaged-2.5.0.jar:/home/user/.m2/repository/com/fasterxml/jackson/dataformat/jackson-dataformat-xml/2.10.3/jackson-dataformat-xml-2.10.3.jar:/home/user/.m2/repository/com/fasterxml/jackson/core/jackson-core/2.10.3/jackson-core-2.10.3.jar:/home/user/.m2/repository/com/fasterxml/jackson/module/jackson-module-jaxb-annotations/2.10.3/jackson-module-jaxb-annotations-2.10.3.jar:/home/user/.m2/repository/jakarta/xml/bind/jakarta.xml.bind-api/2.3.2/jakarta.xml.bind-api-2.3.2.jar:/home/user/.m2/repository/jakarta/activation/jakarta.activation-api/1.2.1/jakarta.activation-api-1.2.1.jar:/home/user/.m2/repository/org/codehaus/woodstox/stax2-api/3.1.4/stax2-api-3.1.4.jar:/home/user/.m2/repository/com/fasterxml/woodstox/woodstox-core/5.0.3/woodstox-core-5.0.3.jar:/home/user/.m2/repository/javax/enterprise/cdi-api/1.2/cdi-api-1.2.jar:/home/user/.m2/repository/javax/el/javax.el-api/3.0.0/javax.el-api-3.0.0.jar:/home/user/.m2/repository/javax/interceptor/javax.interceptor-api/1.2/javax.interceptor-api-1.2.jar:/home/user/.m2/repository/javax/inject/javax.inject/1/javax.inject-1.jar:/home/user/.m2/repository/com/sun/xml/bind/jaxb-impl/2.3.0.1/jaxb-impl-2.3.0.1.jar:/home/user/.m2/repository/com/sun/xml/bind/jaxb-core/2.3.0.1/jaxb-core-2.3.0.1.jar:/home/user/.m2/repository/javax/xml/bind/jaxb-api/2.3.0/jaxb-api-2.3.0.jar:/home/user/.m2/repository/javax/activation/activation/1.1.1/activation-1.1.1.jar:/home/user/.m2/repository/org/apache/hadoop/hadoop-ozone-csi/0.6.0-SNAPSHOT/hadoop-ozone-csi-0.6.0-SNAPSHOT.jar:/home/user/.m2/repository/com/google/protobuf/protobuf-java-util/3.11.0/protobuf-java-util-3.11.0.jar:/home/user/.m2/repository/com/google/code/gson/gson/2.2.4/gson-2.2.4.jar:/home/user/.m2/repository/org/apache/hadoop/hadoop-hdds-config/0.6.0-SNAPSHOT/hadoop-hdds-config-0.6.0-SNAPSHOT.jar:/home/user/.m2/repository/com/google/protobuf/protobuf-java/2.5.0/protobuf-java-2.5.0.jar:/home/user/.m2/repository/io/grpc/grpc-netty/1.29.0/grpc-netty-1.29.0.jar:/home/user/.m2/repository/io/grpc/grpc-core/1.29.0/grpc-core-1.29.0.jar:/home/user/.m2/repository/com/google/android/annotations/4.1.1.4/annotations-4.1.1.4.jar:/home/user/.m2/repository/io/perfmark/perfmark-api/0.19.0/perfmark-api-0.19.0.jar:/home/user/.m2/repository/io/netty/netty-codec-http2/4.1.48.Final/netty-codec-http2-4.1.48.Final.jar:/home/user/.m2/repository/io/netty/netty-codec/4.1.48.Final/netty-codec-4.1.48.Final.jar:/home/user/.m2/repository/io/netty/netty-handler/4.1.48.Final/netty-handler-4.1.48.Final.jar:/home/user/.m2/repository/io/netty/netty-codec-http/4.1.48.Final/netty-codec-http-4.1.48.Final.jar:/home/user/.m2/repository/io/netty/netty-handler-proxy/4.1.48.Final/netty-handler-proxy-4.1.48.Final.jar:/home/user/.m2/repository/io/netty/netty-codec-socks/4.1.48.Final/netty-codec-socks-4.1.48.Final.jar:/home/user/.m2/repository/io/netty/netty-transport-native-epoll/4.1.48.Final/netty-transport-native-epoll-4.1.48.Final.jar:/home/user/.m2/repository/io/netty/netty-common/4.1.48.Final/netty-common-4.1.48.Final.jar:/home/user/.m2/repository/io/netty/netty-buffer/4.1.48.Final/netty-buffer-4.1.48.Final.jar:/home/user/.m2/repository/io/netty/netty-transport/4.1.48.Final/netty-transport-4.1.48.Final.jar:/home/user/.m2/repository/io/netty/netty-resolver/4.1.48.Final/netty-resolver-4.1.48.Final.jar:/home/user/.m2/repository/io/netty/netty-transport-native-unix-common/4.1.48.Final/netty-transport-native-unix-common-4.1.48.Final.jar:/home/user/.m2/repository/io/grpc/grpc-protobuf/1.29.0/grpc-protobuf-1.29.0.jar:/home/user/.m2/repository/io/grpc/grpc-api/1.29.0/grpc-api-1.29.0.jar:/home/user/.m2/repository/io/grpc/grpc-context/1.29.0/grpc-context-1.29.0.jar:/home/user/.m2/repository/org/codehaus/mojo/animal-sniffer-annotations/1.18/animal-sniffer-annotations-1.18.jar:/home/user/.m2/repository/com/google/api/grpc/proto-google-common-protos/1.17.0/proto-google-common-protos-1.17.0.jar:/home/user/.m2/repository/io/grpc/grpc-protobuf-lite/1.29.0/grpc-protobuf-lite-1.29.0.jar:/home/user/.m2/repository/io/grpc/grpc-stub/1.29.0/grpc-stub-1.29.0.jar:/home/user/.m2/repository/org/apache/hadoop/hadoop-ozone-recon/0.6.0-SNAPSHOT/hadoop-ozone-recon-0.6.0-SNAPSHOT.jar:/home/user/.m2/repository/org/apache/hadoop/hadoop-ozone-reconcodegen/0.6.0-SNAPSHOT/hadoop-ozone-reconcodegen-0.6.0-SNAPSHOT.jar:/home/user/.m2/repository/com/google/inject/extensions/guice-multibindings/4.0/guice-multibindings-4.0.jar:/home/user/.m2/repository/com/google/inject/guice/4.0/guice-4.0.jar:/home/user/.m2/repository/aopalliance/aopalliance/1.0/aopalliance-1.0.jar:/home/user/.m2/repository/com/google/inject/extensions/guice-assistedinject/4.0/guice-assistedinject-4.0.jar:/home/user/.m2/repository/com/google/inject/extensions/guice-servlet/4.0/guice-servlet-4.0.jar:/home/user/.m2/repository/org/glassfish/jersey/containers/jersey-container-servlet/2.27/jersey-container-servlet-2.27.jar:/home/user/.m2/repository/org/glassfish/hk2/guice-bridge/2.5.0/guice-bridge-2.5.0.jar:/home/user/.m2/repository/org/glassfish/jersey/core/jersey-server/2.27/jersey-server-2.27.jar:/home/user/.m2/repository/org/glassfish/jersey/core/jersey-client/2.27/jersey-client-2.27.jar:/home/user/.m2/repository/org/glassfish/jersey/media/jersey-media-jaxb/2.27/jersey-media-jaxb-2.27.jar:/home/user/.m2/repository/javax/validation/validation-api/1.1.0.Final/validation-api-1.1.0.Final.jar:/home/user/.m2/repository/org/glassfish/jersey/media/jersey-media-json-jackson/2.27/jersey-media-json-jackson-2.27.jar:/home/user/.m2/repository/org/glassfish/jersey/ext/jersey-entity-filtering/2.27/jersey-entity-filtering-2.27.jar:/home/user/.m2/repository/org/jooq/jooq/3.11.10/jooq-3.11.10.jar:/home/user/.m2/repository/org/jooq/jooq-meta/3.11.10/jooq-meta-3.11.10.jar:/home/user/.m2/repository/org/jooq/jooq-codegen/3.11.10/jooq-codegen-3.11.10.jar:/home/user/.m2/repository/com/jolbox/bonecp/0.8.0.RELEASE/bonecp-0.8.0.RELEASE.jar:/home/user/.m2/repository/org/apache/derby/derby/10.14.2.0/derby-10.14.2.0.jar:/home/user/.m2/repository/org/xerial/sqlite-jdbc/3.25.2/sqlite-jdbc-3.25.2.jar:/home/user/.m2/repository/org/springframework/spring-jdbc/5.2.5.RELEASE/spring-jdbc-5.2.5.RELEASE.jar:/home/user/.m2/repository/org/springframework/spring-beans/5.2.5.RELEASE/spring-beans-5.2.5.RELEASE.jar:/home/user/.m2/repository/org/springframework/spring-core/5.2.5.RELEASE/spring-core-5.2.5.RELEASE.jar:/home/user/.m2/repository/org/springframework/spring-jcl/5.2.5.RELEASE/spring-jcl-5.2.5.RELEASE.jar:/home/user/.m2/repository/org/springframework/spring-tx/5.2.5.RELEASE/spring-tx-5.2.5.RELEASE.jar:/home/user/.m2/repository/org/apache/hadoop/hadoop-ozone-client/0.6.0-SNAPSHOT/hadoop-ozone-client-0.6.0-SNAPSHOT.jar:/home/user/.m2/repository/org/apache/hadoop/hadoop-ozone-filesystem/0.6.0-SNAPSHOT/hadoop-ozone-filesystem-0.6.0-SNAPSHOT.jar:/home/user/.m2/repository/org/apache/hadoop/hadoop-ozone-filesystem-common/0.6.0-SNAPSHOT/hadoop-ozone-filesystem-common-0.6.0-SNAPSHOT.jar:/home/user/.m2/repository/org/apache/hadoop/hadoop-ozone-tools/0.6.0-SNAPSHOT/hadoop-ozone-tools-0.6.0-SNAPSHOT.jar:/home/user/.m2/repository/org/apache/hadoop/hadoop-hdfs/3.2.1/hadoop-hdfs-3.2.1.jar:/home/user/.m2/repository/org/apache/ratis/ratis-tools/0.6.0-6ab75ae-SNAPSHOT/ratis-tools-0.6.0-6ab75ae-SNAPSHOT.jar:/home/user/.m2/repository/org/apache/ratis/ratis-proto/0.6.0-6ab75ae-SNAPSHOT/ratis-proto-0.6.0-6ab75ae-SNAPSHOT.jar:/home/user/.m2/repository/org/apache/ratis/ratis-common/0.6.0-6ab75ae-SNAPSHOT/ratis-common-0.6.0-6ab75ae-SNAPSHOT.jar:/home/user/.m2/repository/com/amazonaws/aws-java-sdk-core/1.11.615/aws-java-sdk-core-1.11.615.jar:/home/user/.m2/repository/org/apache/httpcomponents/httpclient/4.5.2/httpclient-4.5.2.jar:/home/user/.m2/repository/org/apache/httpcomponents/httpcore/4.4.4/httpcore-4.4.4.jar:/home/user/.m2/repository/software/amazon/ion/ion-java/1.0.2/ion-java-1.0.2.jar:/home/user/.m2/repository/com/fasterxml/jackson/dataformat/jackson-dataformat-cbor/2.10.3/jackson-dataformat-cbor-2.10.3.jar:/home/user/.m2/repository/joda-time/joda-time/2.8.1/joda-time-2.8.1.jar:/home/user/.m2/repository/com/amazonaws/aws-java-sdk-s3/1.11.615/aws-java-sdk-s3-1.11.615.jar:/home/user/.m2/repository/com/amazonaws/aws-java-sdk-kms/1.11.615/aws-java-sdk-kms-1.11.615.jar:/home/user/.m2/repository/com/amazonaws/jmespath-java/1.11.615/jmespath-java-1.11.615.jar:/home/user/.m2/repository/org/apache/hadoop/hadoop-hdds-tools/0.6.0-SNAPSHOT/hadoop-hdds-tools-0.6.0-SNAPSHOT.jar:/home/user/.m2/repository/commons-cli/commons-cli/1.2/commons-cli-1.2.jar:/home/user/.m2/repository/org/apache/commons/commons-lang3/3.7/commons-lang3-3.7.jar:/home/user/.m2/repository/org/apache/hadoop/hadoop-ozone-ozone-manager/0.6.0-SNAPSHOT/hadoop-ozone-ozone-manager-0.6.0-SNAPSHOT-tests.jar:/home/user/.m2/repository/junit/junit/4.11/junit-4.11.jar:/home/user/.m2/repository/org/hamcrest/hamcrest-core/1.3/hamcrest-core-1.3.jar:/home/user/.m2/repository/org/openjdk/jmh/jmh-core/1.19/jmh-core-1.19.jar:/home/user/.m2/repository/net/sf/jopt-simple/jopt-simple/4.6/jopt-simple-4.6.jar:/home/user/.m2/repository/org/apache/commons/commons-math3/3.1.1/commons-math3-3.1.1.jar:/home/user/.m2/repository/org/openjdk/jmh/jmh-generator-annprocess/1.19/jmh-generator-annprocess-1.19.jar:/home/user/.m2/repository/org/mockito/mockito-all/1.8.5/mockito-all-1.8.5.jar:/home/user/.m2/repository/org/apache/hadoop/hadoop-kms/3.2.1/hadoop-kms-3.2.1.jar:/home/user/.m2/repository/org/apache/hadoop/hadoop-auth/3.2.1/hadoop-auth-3.2.1.jar:/home/user/.m2/repository/com/nimbusds/nimbus-jose-jwt/7.9/nimbus-jose-jwt-7.9.jar:/home/user/.m2/repository/com/github/stephenc/jcip/jcip-annotations/1.0-1/jcip-annotations-1.0-1.jar:/home/user/.m2/repository/net/minidev/json-smart/2.3/json-smart-2.3.jar:/home/user/.m2/repository/net/minidev/accessors-smart/1.2/accessors-smart-1.2.jar:/home/user/.m2/repository/org/ow2/asm/asm/5.0.4/asm-5.0.4.jar:/home/user/.m2/repository/org/apache/zookeeper/zookeeper/3.4.13/zookeeper-3.4.13.jar:/home/user/.m2/repository/org/apache/yetus/audience-annotations/0.5.0/audience-annotations-0.5.0.jar:/home/user/.m2/repository/org/apache/curator/curator-framework/2.13.0/curator-framework-2.13.0.jar:/home/user/.m2/repository/com/sun/jersey/jersey-core/1.19/jersey-core-1.19.jar:/home/user/.m2/repository/javax/ws/rs/jsr311-api/1.1.1/jsr311-api-1.1.1.jar:/home/user/.m2/repository/com/sun/jersey/jersey-server/1.19/jersey-server-1.19.jar:/home/user/.m2/repository/javax/servlet/javax.servlet-api/3.1.0/javax.servlet-api-3.1.0.jar:/home/user/.m2/repository/org/eclipse/jetty/jetty-server/9.4.26.v20200117/jetty-server-9.4.26.v20200117.jar:/home/user/.m2/repository/org/eclipse/jetty/jetty-http/9.4.26.v20200117/jetty-http-9.4.26.v20200117.jar:/home/user/.m2/repository/org/eclipse/jetty/jetty-io/9.4.26.v20200117/jetty-io-9.4.26.v20200117.jar:/home/user/.m2/repository/org/eclipse/jetty/jetty-webapp/9.4.26.v20200117/jetty-webapp-9.4.26.v20200117.jar:/home/user/.m2/repository/org/eclipse/jetty/jetty-xml/9.4.26.v20200117/jetty-xml-9.4.26.v20200117.jar:/home/user/.m2/repository/org/eclipse/jetty/jetty-servlet/9.4.26.v20200117/jetty-servlet-9.4.26.v20200117.jar:/home/user/.m2/repository/org/eclipse/jetty/jetty-security/9.4.26.v20200117/jetty-security-9.4.26.v20200117.jar:/home/user/.m2/repository/org/apache/hadoop/hadoop-common/3.2.1/hadoop-common-3.2.1.jar:/home/user/.m2/repository/commons-net/commons-net/3.6/commons-net-3.6.jar:/home/user/.m2/repository/commons-collections/commons-collections/3.2.2/commons-collections-3.2.2.jar:/home/user/.m2/repository/com/sun/jersey/jersey-servlet/1.19/jersey-servlet-1.19.jar:/home/user/.m2/repository/com/sun/jersey/jersey-json/1.19/jersey-json-1.19.jar:/home/user/.m2/repository/org/codehaus/jettison/jettison/1.1/jettison-1.1.jar:/home/user/.m2/repository/org/codehaus/jackson/jackson-jaxrs/1.9.2/jackson-jaxrs-1.9.2.jar:/home/user/.m2/repository/org/codehaus/jackson/jackson-xc/1.9.2/jackson-xc-1.9.2.jar:/home/user/.m2/repository/commons-beanutils/commons-beanutils/1.9.4/commons-beanutils-1.9.4.jar:/home/user/.m2/repository/org/apache/commons/commons-configuration2/2.1.1/commons-configuration2-2.1.1.jar:/home/user/.m2/repository/org/apache/commons/commons-text/1.4/commons-text-1.4.jar:/home/user/.m2/repository/com/google/re2j/re2j/1.1/re2j-1.1.jar:/home/user/.m2/repository/com/jcraft/jsch/0.1.54/jsch-0.1.54.jar:/home/user/.m2/repository/org/apache/curator/curator-client/2.13.0/curator-client-2.13.0.jar:/home/user/.m2/repository/org/apache/curator/curator-recipes/2.13.0/curator-recipes-2.13.0.jar:/home/user/.m2/repository/dnsjava/dnsjava/2.1.7/dnsjava-2.1.7.jar:/home/user/.m2/repository/org/slf4j/jul-to-slf4j/1.7.25/jul-to-slf4j-1.7.25.jar:/home/user/.m2/repository/org/eclipse/jetty/jetty-util/9.4.26.v20200117/jetty-util-9.4.26.v20200117.jar:/home/user/.m2/repository/com/fasterxml/jackson/core/jackson-databind/2.10.3/jackson-databind-2.10.3.jar:/home/user/.m2/repository/org/apache/hadoop/hadoop-kms/3.2.1/hadoop-kms-3.2.1-tests.jar:/home/user/.m2/repository/org/apache/hadoop/hadoop-hdds-server-scm/0.6.0-SNAPSHOT/hadoop-hdds-server-scm-0.6.0-SNAPSHOT-tests.jar:/home/user/.m2/repository/org/apache/hadoop/hadoop-hdds-container-service/0.6.0-SNAPSHOT/hadoop-hdds-container-service-0.6.0-SNAPSHOT-tests.jar:/home/user/.m2/repository/org/apache/hadoop/hadoop-hdds-common/0.6.0-SNAPSHOT/hadoop-hdds-common-0.6.0-SNAPSHOT-tests.jar:/home/user/.m2/repository/org/yaml/snakeyaml/1.16/snakeyaml-1.16.jar:/home/user/.m2/repository/org/apache/hadoop/hadoop-hdds-hadoop-dependency-test/0.6.0-SNAPSHOT/hadoop-hdds-hadoop-dependency-test-0.6.0-SNAPSHOT.jar:/home/user/.m2/repository/org/apache/hadoop/hadoop-common/3.2.1/hadoop-common-3.2.1-tests.jar:/home/user/.m2/repository/javax/servlet/jsp/jsp-api/2.1/jsp-api-2.1.jar:/home/user/.m2/repository/org/apache/hadoop/hadoop-hdfs/3.2.1/hadoop-hdfs-3.2.1-tests.jar:/home/user/.m2/repository/org/eclipse/jetty/jetty-util-ajax/9.4.26.v20200117/jetty-util-ajax-9.4.26.v20200117.jar:/home/user/.m2/repository/commons-codec/commons-codec/1.11/commons-codec-1.11.jar:/home/user/.m2/repository/commons-daemon/commons-daemon/1.0.13/commons-daemon-1.0.13.jar:/home/user/.m2/repository/io/netty/netty/3.10.5.Final/netty-3.10.5.Final.jar:/home/user/.m2/repository/io/netty/netty-all/4.1.48.Final/netty-all-4.1.48.Final.jar:/home/user/.m2/repository/org/apache/htrace/htrace-core4/4.1.0-incubating/htrace-core4-4.1.0-incubating.jar:/home/user/.m2/repository/org/fusesource/leveldbjni/leveldbjni-all/1.8/leveldbjni-all-1.8.jar:/home/user/.m2/repository/org/apache/hadoop/hadoop-distcp/3.2.1/hadoop-distcp-3.2.1.jar:/home/user/.m2/repository/org/apache/hadoop/hadoop-mapreduce-client-jobclient/3.2.1/hadoop-mapreduce-client-jobclient-3.2.1.jar:/home/user/.m2/repository/org/apache/hadoop/hadoop-mapreduce-client-common/3.2.1/hadoop-mapreduce-client-common-3.2.1.jar:/home/user/.m2/repository/org/apache/hadoop/hadoop-yarn-common/3.2.1/hadoop-yarn-common-3.2.1.jar:/home/user/.m2/repository/org/apache/hadoop/hadoop-yarn-api/3.2.1/hadoop-yarn-api-3.2.1.jar:/home/user/.m2/repository/com/sun/jersey/jersey-client/1.19/jersey-client-1.19.jar:/home/user/.m2/repository/com/sun/jersey/contribs/jersey-guice/1.19/jersey-guice-1.19.jar:/home/user/.m2/repository/com/fasterxml/jackson/jaxrs/jackson-jaxrs-json-provider/2.10.3/jackson-jaxrs-json-provider-2.10.3.jar:/home/user/.m2/repository/com/fasterxml/jackson/jaxrs/jackson-jaxrs-base/2.10.3/jackson-jaxrs-base-2.10.3.jar:/home/user/.m2/repository/org/apache/hadoop/hadoop-yarn-client/3.2.1/hadoop-yarn-client-3.2.1.jar:/home/user/.m2/repository/org/apache/hadoop/hadoop-mapreduce-client-core/3.2.1/hadoop-mapreduce-client-core-3.2.1.jar:/home/user/.m2/repository/org/apache/avro/avro/1.7.7/avro-1.7.7.jar:/home/user/.m2/repository/org/codehaus/jackson/jackson-core-asl/1.9.13/jackson-core-asl-1.9.13.jar:/home/user/.m2/repository/org/codehaus/jackson/jackson-mapper-asl/1.9.13/jackson-mapper-asl-1.9.13.jar:/home/user/.m2/repository/com/thoughtworks/paranamer/paranamer/2.3/paranamer-2.3.jar:/home/user/.m2/repository/org/xerial/snappy/snappy-java/1.0.5/snappy-java-1.0.5.jar:/home/user/.m2/repository/org/apache/hadoop/hadoop-annotations/3.2.1/hadoop-annotations-3.2.1.jar:/usr/lib/jvm/java-1.8.0-openjdk-1.8.0.232.b09-0.el7_7.x86_64/jre/../lib/tools.jar:/home/user/.m2/repository/org/apache/hadoop/hadoop-distcp/3.2.1/hadoop-distcp-3.2.1-tests.jar:"/>
    <property name="sun.cpu.endian" value="little"/>
    <property name="user.home" value="/home/user"/>
    <property name="user.language" value="en"/>
    <property name="java.specification.vendor" value="Oracle Corporation"/>
    <property name="java.home" value="/usr/lib/jvm/java-1.8.0-openjdk-1.8.0.232.b09-0.el7_7.x86_64/jre"/>
    <property name="java.security.krb5.conf" value="/github/workspace/mnt/ozone/hadoop-ozone/integration-test/target/test-classes/krb5.conf"/>
    <property name="basedir" value="/github/workspace/mnt/ozone/hadoop-ozone/integration-test"/>
    <property name="file.separator" value="/"/>
    <property name="line.separator" value="&#10;"/>
    <property name="java.vm.specification.vendor" value="Oracle Corporation"/>
    <property name="java.specification.name" value="Java Platform API Specification"/>
    <property name="java.awt.graphicsenv" value="sun.awt.X11GraphicsEnvironment"/>
    <property name="surefire.real.class.path" value="/github/workspace/mnt/ozone/hadoop-ozone/integration-test/target/surefire/surefirebooter6229731662381407927.jar:/home/user/.m2/repository/org/jacoco/org.jacoco.agent/0.8.5/org.jacoco.agent-0.8.5-runtime.jar"/>
    <property name="hadoop.log.dir" value="/github/workspace/mnt/ozone/hadoop-ozone/integration-test/target/log"/>
    <property name="sun.boot.class.path" value="/usr/lib/jvm/java-1.8.0-openjdk-1.8.0.232.b09-0.el7_7.x86_64/jre/lib/resources.jar:/usr/lib/jvm/java-1.8.0-openjdk-1.8.0.232.b09-0.el7_7.x86_64/jre/lib/rt.jar:/usr/lib/jvm/java-1.8.0-openjdk-1.8.0.232.b09-0.el7_7.x86_64/jre/lib/sunrsasign.jar:/usr/lib/jvm/java-1.8.0-openjdk-1.8.0.232.b09-0.el7_7.x86_64/jre/lib/jsse.jar:/usr/lib/jvm/java-1.8.0-openjdk-1.8.0.232.b09-0.el7_7.x86_64/jre/lib/jce.jar:/usr/lib/jvm/java-1.8.0-openjdk-1.8.0.232.b09-0.el7_7.x86_64/jre/lib/charsets.jar:/usr/lib/jvm/java-1.8.0-openjdk-1.8.0.232.b09-0.el7_7.x86_64/jre/lib/jfr.jar:/usr/lib/jvm/java-1.8.0-openjdk-1.8.0.232.b09-0.el7_7.x86_64/jre/classes"/>
    <property name="sun.management.compiler" value="HotSpot 64-Bit Tiered Compilers"/>
    <property name="java.runtime.version" value="1.8.0_232-b09"/>
    <property name="java.net.preferIPv4Stack" value="true"/>
    <property name="user.name" value="jenkins1001"/>
    <property name="path.separator" value=":"/>
    <property name="java.security.egd" value="file:///dev/urandom"/>
    <property name="os.version" value="5.3.0-1022-azure"/>
    <property name="java.endorsed.dirs" value="/usr/lib/jvm/java-1.8.0-openjdk-1.8.0.232.b09-0.el7_7.x86_64/jre/lib/endorsed"/>
    <property name="java.runtime.name" value="OpenJDK Runtime Environment"/>
    <property name="file.encoding" value="ANSI_X3.4-1968"/>
    <property name="java.vm.name" value="OpenJDK 64-Bit Server VM"/>
    <property name="test.build.webapps" value=""/>
    <property name="localRepository" value="/home/user/.m2/repository"/>
    <property name="java.vendor.url.bug" value="http://bugreport.sun.com/bugreport/"/>
    <property name="java.io.tmpdir" value="/tmp"/>
    <property name="require.test.libhadoop" value=""/>
    <property name="java.version" value="1.8.0_232"/>
    <property name="user.dir" value="/github/workspace/mnt/ozone/hadoop-ozone/integration-test"/>
    <property name="os.arch" value="amd64"/>
    <property name="java.vm.specification.name" value="Java Virtual Machine Specification"/>
    <property name="test.build.classes" value="/github/workspace/mnt/ozone/hadoop-ozone/integration-test/target/test-classes"/>
    <property name="java.awt.printerjob" value="sun.print.PSPrinterJob"/>
    <property name="sun.os.patch.level" value="unknown"/>
    <property name="hadoop.tmp.dir" value="/github/workspace/mnt/ozone/hadoop-ozone/integration-test/target/tmp"/>
    <property name="java.library.path" value="/usr/lib:/usr/java/packages/lib/amd64:/usr/lib64:/lib64:/lib:/usr/lib"/>
    <property name="java.vm.info" value="mixed mode"/>
    <property name="java.vendor" value="Oracle Corporation"/>
    <property name="java.vm.version" value="25.232-b09"/>
    <property name="java.ext.dirs" value="/usr/lib/jvm/java-1.8.0-openjdk-1.8.0.232.b09-0.el7_7.x86_64/jre/lib/ext:/usr/java/packages/lib/ext"/>
    <property name="sun.io.unicode.encoding" value="UnicodeLittle"/>
    <property name="skip.yarn" value="true"/>
    <property name="java.class.version" value="52.0"/>
  </properties>
  <testcase name="test2DatanodesFailure" classname="org.apache.hadoop.ozone.client.rpc.TestBlockOutputStreamWithFailuresFlushDelay" time="43.456">
    <error type="java.lang.NullPointerException">java.lang.NullPointerException
	at org.apache.hadoop.ozone.client.rpc.TestBlockOutputStreamWithFailuresFlushDelay.test2DatanodesFailure(TestBlockOutputStreamWithFailuresFlushDelay.java:380)
	at sun.reflect.NativeMethodAccessorImpl.invoke0(Native Method)
	at sun.reflect.NativeMethodAccessorImpl.invoke(NativeMethodAccessorImpl.java:62)
	at sun.reflect.DelegatingMethodAccessorImpl.invoke(DelegatingMethodAccessorImpl.java:43)
	at java.lang.reflect.Method.invoke(Method.java:498)
	at org.junit.runners.model.FrameworkMethod$1.runReflectiveCall(FrameworkMethod.java:47)
	at org.junit.internal.runners.model.ReflectiveCallable.run(ReflectiveCallable.java:12)
	at org.junit.runners.model.FrameworkMethod.invokeExplosively(FrameworkMethod.java:44)
	at org.junit.internal.runners.statements.InvokeMethod.evaluate(InvokeMethod.java:17)
	at org.junit.internal.runners.statements.RunBefores.evaluate(RunBefores.java:26)
	at org.junit.internal.runners.statements.RunAfters.evaluate(RunAfters.java:27)
	at org.junit.internal.runners.statements.FailOnTimeout$StatementThread.run(FailOnTimeout.java:74)
</error>
    <system-out><![CDATA[2020-06-10 23:32:18,268 [Thread-1] WARN  server.ServerUtils (ServerUtils.java:getScmDbDir(148)) - ozone.scm.db.dirs is not configured. We recommend adding this setting. Falling back to ozone.metadata.dirs instead.
2020-06-10 23:32:18,363 [Thread-1] WARN  server.ServerUtils (ServerUtils.java:getScmDbDir(148)) - ozone.scm.db.dirs is not configured. We recommend adding this setting. Falling back to ozone.metadata.dirs instead.
2020-06-10 23:32:18,553 [Thread-1] WARN  db.DBStoreBuilder (DBStoreBuilder.java:createDBStoreBuilder(277)) - ozone.scm.db.dirs is not configured. We recommend adding this setting. Falling back to ozone.metadata.dirs instead.
2020-06-10 23:32:18,695 [Thread-1] INFO  net.NodeSchemaLoader (NodeSchemaLoader.java:loadSchemaFromFile(126)) - Loading file from sun.misc.CompoundEnumeration@15c5d491
2020-06-10 23:32:18,697 [Thread-1] INFO  net.NodeSchemaLoader (NodeSchemaLoader.java:loadSchema(172)) - Loading network topology layer schema file
2020-06-10 23:32:18,775 [Thread-1] WARN  server.ServerUtils (ServerUtils.java:sanitizeUserArgs(67)) - ozone.scm.dead.node.interval value = 10000 is smaller than min = 20000 based on the key value of ozone.scm.stale.node.interval, reset to the min value 20000.
2020-06-10 23:32:18,779 [Thread-1] INFO  node.SCMNodeManager (SCMNodeManager.java:<init>(116)) - Entering startup safe mode.
2020-06-10 23:32:18,897 [Thread-1] INFO  algorithms.ContainerPlacementPolicyFactory (ContainerPlacementPolicyFactory.java:getPolicy(60)) - Create container placement policy of type org.apache.hadoop.hdds.scm.container.placement.algorithms.SCMContainerPlacementRandom
2020-06-10 23:32:18,923 [Thread-1] INFO  pipeline.SCMPipelineManager (SCMPipelineManager.java:initializePipelineState(158)) - No pipeline exists in current db
2020-06-10 23:32:19,024 [Thread-1] INFO  safemode.HealthyPipelineSafeModeRule (HealthyPipelineSafeModeRule.java:<init>(89)) - Total pipeline count is 0, healthy pipeline threshold count is 0
2020-06-10 23:32:19,047 [Thread-1] INFO  safemode.OneReplicaPipelineSafeModeRule (OneReplicaPipelineSafeModeRule.java:<init>(79)) - Total pipeline count is 0, pipeline's with at least one datanode reported threshold count is 0
2020-06-10 23:32:19,100 [RatisPipelineUtilsThread] ERROR pipeline.SCMPipelineManager (SCMPipelineManager.java:createPipeline(222)) - Failed to create pipeline of type RATIS and factor ONE. Exception: Cannot create pipeline of factor 1 using 0 nodes. Used 0 nodes. Healthy nodes 0
2020-06-10 23:32:19,491 [Thread-1] INFO  ipc.CallQueueManager (CallQueueManager.java:<init>(84)) - Using callQueue: class java.util.concurrent.LinkedBlockingQueue, queueCapacity: 2000, scheduler: class org.apache.hadoop.ipc.DefaultRpcScheduler, ipcBackoff: false.
2020-06-10 23:32:19,517 [Socket Reader #1 for port 0] INFO  ipc.Server (Server.java:run(1219)) - Starting Socket Reader #1 for port 0
2020-06-10 23:32:19,560 [Listener at 0.0.0.0/43861] INFO  ipc.CallQueueManager (CallQueueManager.java:<init>(84)) - Using callQueue: class java.util.concurrent.LinkedBlockingQueue, queueCapacity: 2000, scheduler: class org.apache.hadoop.ipc.DefaultRpcScheduler, ipcBackoff: false.
2020-06-10 23:32:19,561 [Socket Reader #1 for port 0] INFO  ipc.Server (Server.java:run(1219)) - Starting Socket Reader #1 for port 0
2020-06-10 23:32:19,575 [Listener at 0.0.0.0/42477] INFO  ipc.CallQueueManager (CallQueueManager.java:<init>(84)) - Using callQueue: class java.util.concurrent.LinkedBlockingQueue, queueCapacity: 2000, scheduler: class org.apache.hadoop.ipc.DefaultRpcScheduler, ipcBackoff: false.
2020-06-10 23:32:19,576 [Socket Reader #1 for port 0] INFO  ipc.Server (Server.java:run(1219)) - Starting Socket Reader #1 for port 0
2020-06-10 23:32:19,596 [Listener at 0.0.0.0/42479] INFO  http.BaseHttpServer (BaseHttpServer.java:newHttpServer2BuilderForOzone(205)) - Starting Web-server for scm at: http://0.0.0.0:0
2020-06-10 23:32:19,596 [Listener at 0.0.0.0/42479] INFO  http.BaseHttpServer (BaseHttpServer.java:<init>(106)) - Hadoop Security Enabled: false Ozone Security Enabled: false Ozone HTTP Security Enabled: false 
2020-06-10 23:32:19,623 [Listener at 0.0.0.0/42479] INFO  util.log (Log.java:initialized(169)) - Logging initialized @2485ms to org.eclipse.jetty.util.log.Slf4jLog
2020-06-10 23:32:19,775 [Listener at 0.0.0.0/42479] INFO  server.AuthenticationFilter (AuthenticationFilter.java:constructSecretProvider(240)) - Unable to initialize FileSignerSecretProvider, falling back to use random secrets.
2020-06-10 23:32:19,791 [Listener at 0.0.0.0/42479] WARN  http.HttpRequestLog (HttpRequestLog.java:getRequestLog(103)) - Jetty request log can only be enabled using Log4j
2020-06-10 23:32:19,798 [Listener at 0.0.0.0/42479] INFO  http.HttpServer2 (HttpServer2.java:addGlobalFilter(993)) - Added global filter 'safety' (class=org.apache.hadoop.hdds.server.http.HttpServer2$QuotingInputFilter)
2020-06-10 23:32:19,803 [Listener at 0.0.0.0/42479] INFO  http.HttpServer2 (HttpServer2.java:addFilter(969)) - Added filter authentication (class=org.apache.hadoop.security.authentication.server.AuthenticationFilter) to context scm
2020-06-10 23:32:19,803 [Listener at 0.0.0.0/42479] INFO  http.HttpServer2 (HttpServer2.java:addFilter(977)) - Added filter authentication (class=org.apache.hadoop.security.authentication.server.AuthenticationFilter) to context logs
2020-06-10 23:32:19,804 [Listener at 0.0.0.0/42479] INFO  http.HttpServer2 (HttpServer2.java:addFilter(977)) - Added filter authentication (class=org.apache.hadoop.security.authentication.server.AuthenticationFilter) to context static
2020-06-10 23:32:19,869 [Listener at 0.0.0.0/42479] INFO  server.StorageContainerManager (StorageContainerManager.java:start(780)) - StorageContainerLocationProtocol RPC server is listening at /0.0.0.0:42479
2020-06-10 23:32:19,929 [Listener at 0.0.0.0/42479] WARN  impl.MetricsConfig (MetricsConfig.java:loadFirst(134)) - Cannot locate configuration: tried hadoop-metrics2-storagecontainermanager.properties,hadoop-metrics2.properties
2020-06-10 23:32:19,945 [Listener at 0.0.0.0/42479] INFO  impl.MetricsSystemImpl (MetricsSystemImpl.java:startTimer(374)) - Scheduled Metric snapshot period at 10 second(s).
2020-06-10 23:32:19,945 [Listener at 0.0.0.0/42479] INFO  impl.MetricsSystemImpl (MetricsSystemImpl.java:start(191)) - StorageContainerManager metrics system started
2020-06-10 23:32:20,194 [Listener at 0.0.0.0/42479] INFO  server.SCMClientProtocolServer (SCMClientProtocolServer.java:start(155)) - RPC server for Client  is listening at /0.0.0.0:42479
2020-06-10 23:32:20,194 [IPC Server Responder] INFO  ipc.Server (Server.java:run(1460)) - IPC Server Responder: starting
2020-06-10 23:32:20,195 [IPC Server listener on 0] INFO  ipc.Server (Server.java:run(1298)) - IPC Server listener on 0: starting
2020-06-10 23:32:20,201 [Listener at 0.0.0.0/42479] INFO  server.StorageContainerManager (StorageContainerManager.java:start(792)) - ScmBlockLocationProtocol RPC server is listening at /0.0.0.0:42477
2020-06-10 23:32:20,201 [Listener at 0.0.0.0/42479] INFO  server.SCMBlockProtocolServer (SCMBlockProtocolServer.java:start(149)) - RPC server for Block Protocol is listening at /0.0.0.0:42477
2020-06-10 23:32:20,202 [IPC Server Responder] INFO  ipc.Server (Server.java:run(1460)) - IPC Server Responder: starting
2020-06-10 23:32:20,202 [IPC Server listener on 0] INFO  ipc.Server (Server.java:run(1298)) - IPC Server listener on 0: starting
2020-06-10 23:32:20,206 [Listener at 0.0.0.0/42479] INFO  server.StorageContainerManager (StorageContainerManager.java:start(798)) - ScmDatanodeProtocl RPC server is listening at /0.0.0.0:43861
2020-06-10 23:32:20,207 [Listener at 0.0.0.0/42479] INFO  server.SCMDatanodeProtocolServer (SCMDatanodeProtocolServer.java:start(172)) - RPC server for DataNodes is listening at /0.0.0.0:43861
2020-06-10 23:32:20,207 [IPC Server Responder] INFO  ipc.Server (Server.java:run(1460)) - IPC Server Responder: starting
2020-06-10 23:32:20,208 [IPC Server listener on 0] INFO  ipc.Server (Server.java:run(1298)) - IPC Server listener on 0: starting
2020-06-10 23:32:20,212 [Listener at 0.0.0.0/42479] INFO  http.HttpServer2 (HttpServer2.java:bindListener(1211)) - Jetty bound to port 41907
2020-06-10 23:32:20,214 [Listener at 0.0.0.0/42479] INFO  server.Server (Server.java:doStart(359)) - jetty-9.4.26.v20200117; built: 2020-01-17T12:35:33.676Z; git: 7b38981d25d14afb4a12ff1f2596756144edf695; jvm 1.8.0_232-b09
2020-06-10 23:32:20,250 [Listener at 0.0.0.0/42479] INFO  server.session (DefaultSessionIdManager.java:doStart(333)) - DefaultSessionIdManager workerName=node0
2020-06-10 23:32:20,250 [Listener at 0.0.0.0/42479] INFO  server.session (DefaultSessionIdManager.java:doStart(338)) - No SessionScavenger set, using defaults
2020-06-10 23:32:20,252 [Listener at 0.0.0.0/42479] INFO  server.session (HouseKeeper.java:startScavenging(140)) - node0 Scavenging every 600000ms
2020-06-10 23:32:20,266 [Listener at 0.0.0.0/42479] INFO  server.AuthenticationFilter (AuthenticationFilter.java:constructSecretProvider(240)) - Unable to initialize FileSignerSecretProvider, falling back to use random secrets.
2020-06-10 23:32:20,269 [Listener at 0.0.0.0/42479] INFO  handler.ContextHandler (ContextHandler.java:doStart(825)) - Started o.e.j.s.ServletContextHandler@59fbe50e{logs,/logs,file:///github/workspace/mnt/ozone/hadoop-ozone/integration-test/target/log,AVAILABLE}
2020-06-10 23:32:20,269 [Listener at 0.0.0.0/42479] INFO  handler.ContextHandler (ContextHandler.java:doStart(825)) - Started o.e.j.s.ServletContextHandler@7ec716ef{static,/static,file:///github/workspace/mnt/ozone/hadoop-ozone/integration-test/target/test-classes/webapps/static,AVAILABLE}
2020-06-10 23:32:20,311 [Listener at 0.0.0.0/42479] INFO  handler.ContextHandler (ContextHandler.java:doStart(825)) - Started o.e.j.w.WebAppContext@670432b7{scm,/,file:///github/workspace/mnt/ozone/hadoop-ozone/integration-test/target/test-classes/webapps/scm/,AVAILABLE}{file:/github/workspace/mnt/ozone/hadoop-ozone/integration-test/target/test-classes/webapps/scm}
2020-06-10 23:32:20,320 [Listener at 0.0.0.0/42479] INFO  server.AbstractConnector (AbstractConnector.java:doStart(330)) - Started ServerConnector@4c940709{HTTP/1.1,[http/1.1]}{0.0.0.0:41907}
2020-06-10 23:32:20,320 [Listener at 0.0.0.0/42479] INFO  server.Server (Server.java:doStart(399)) - Started @3182ms
2020-06-10 23:32:20,322 [Listener at 0.0.0.0/42479] INFO  impl.MetricsSinkAdapter (MetricsSinkAdapter.java:start(204)) - Sink prometheus started
2020-06-10 23:32:20,322 [Listener at 0.0.0.0/42479] INFO  impl.MetricsSystemImpl (MetricsSystemImpl.java:registerSink(301)) - Registered sink prometheus
2020-06-10 23:32:20,326 [Listener at 0.0.0.0/42479] INFO  http.BaseHttpServer (BaseHttpServer.java:updateConnectorAddress(325)) - HTTP server of scm listening at http://0.0.0.0:41907
2020-06-10 23:32:20,335 [Listener at 0.0.0.0/42479] WARN  server.ServerUtils (ServerUtils.java:getDBPath(225)) - ozone.om.db.dirs is not configured. We recommend adding this setting. Falling back to ozone.metadata.dirs instead.
2020-06-10 23:32:20,347 [org.apache.hadoop.util.JvmPauseMonitor$Monitor@5511e91] INFO  util.JvmPauseMonitor (JvmPauseMonitor.java:run(188)) - Starting JVM pause monitor
2020-06-10 23:32:20,445 [Listener at 0.0.0.0/42479] INFO  ha.OMHANodeDetails (OMHANodeDetails.java:loadOMHAConfig(104)) - ozone.om.internal.service.id is not defined, falling back to ozone.om.service.ids to find serviceID for OzoneManager if it is HA enabled cluster
2020-06-10 23:32:20,447 [Listener at 0.0.0.0/42479] INFO  ha.OMHANodeDetails (OMHANodeDetails.java:loadOMHAConfig(213)) - Configuration either no ozone.om.address set. Falling back to the default OM address /127.0.0.1:0
2020-06-10 23:32:20,447 [Listener at 0.0.0.0/42479] INFO  ha.OMHANodeDetails (OMHANodeDetails.java:getOMNodeDetails(241)) - OM Service ID is not set. Setting it to the default ID: omServiceIdDefault
2020-06-10 23:32:20,450 [Listener at 0.0.0.0/42479] WARN  server.ServerUtils (ServerUtils.java:getDBPath(225)) - ozone.om.db.dirs is not configured. We recommend adding this setting. Falling back to ozone.metadata.dirs instead.
2020-06-10 23:32:20,450 [Listener at 0.0.0.0/42479] WARN  server.ServerUtils (ServerUtils.java:getDBPath(225)) - ozone.om.db.dirs is not configured. We recommend adding this setting. Falling back to ozone.metadata.dirs instead.
2020-06-10 23:32:21,275 [Listener at 0.0.0.0/42479] WARN  server.ServerUtils (ServerUtils.java:getDBPath(225)) - ozone.om.db.dirs is not configured. We recommend adding this setting. Falling back to ozone.metadata.dirs instead.
2020-06-10 23:32:21,416 [Listener at 0.0.0.0/42479] INFO  ipc.CallQueueManager (CallQueueManager.java:<init>(84)) - Using callQueue: class java.util.concurrent.LinkedBlockingQueue, queueCapacity: 2000, scheduler: class org.apache.hadoop.ipc.DefaultRpcScheduler, ipcBackoff: false.
2020-06-10 23:32:21,417 [Socket Reader #1 for port 0] INFO  ipc.Server (Server.java:run(1219)) - Starting Socket Reader #1 for port 0
2020-06-10 23:32:21,448 [Listener at 127.0.0.1/37921] INFO  impl.MetricsSystemImpl (MetricsSystemImpl.java:init(158)) - OzoneManager metrics system started (again)
2020-06-10 23:32:21,450 [Listener at 127.0.0.1/37921] INFO  om.OzoneManager (OzoneManager.java:start(1085)) - OzoneManager RPC server is listening at localhost/127.0.0.1:37921
2020-06-10 23:32:21,474 [IPC Server Responder] INFO  ipc.Server (Server.java:run(1460)) - IPC Server Responder: starting
2020-06-10 23:32:21,475 [IPC Server listener on 0] INFO  ipc.Server (Server.java:run(1298)) - IPC Server listener on 0: starting
2020-06-10 23:32:21,497 [Listener at 127.0.0.1/37921] INFO  http.BaseHttpServer (BaseHttpServer.java:newHttpServer2BuilderForOzone(205)) - Starting Web-server for ozoneManager at: http://0.0.0.0:0
2020-06-10 23:32:21,498 [Listener at 127.0.0.1/37921] INFO  http.BaseHttpServer (BaseHttpServer.java:<init>(106)) - Hadoop Security Enabled: false Ozone Security Enabled: false Ozone HTTP Security Enabled: false 
2020-06-10 23:32:21,499 [Listener at 127.0.0.1/37921] INFO  server.AuthenticationFilter (AuthenticationFilter.java:constructSecretProvider(240)) - Unable to initialize FileSignerSecretProvider, falling back to use random secrets.
2020-06-10 23:32:21,500 [Listener at 127.0.0.1/37921] WARN  http.HttpRequestLog (HttpRequestLog.java:getRequestLog(103)) - Jetty request log can only be enabled using Log4j
2020-06-10 23:32:21,501 [Listener at 127.0.0.1/37921] INFO  http.HttpServer2 (HttpServer2.java:addGlobalFilter(993)) - Added global filter 'safety' (class=org.apache.hadoop.hdds.server.http.HttpServer2$QuotingInputFilter)
2020-06-10 23:32:21,502 [Listener at 127.0.0.1/37921] INFO  http.HttpServer2 (HttpServer2.java:addFilter(969)) - Added filter authentication (class=org.apache.hadoop.security.authentication.server.AuthenticationFilter) to context ozoneManager
2020-06-10 23:32:21,502 [Listener at 127.0.0.1/37921] INFO  http.HttpServer2 (HttpServer2.java:addFilter(977)) - Added filter authentication (class=org.apache.hadoop.security.authentication.server.AuthenticationFilter) to context logs
2020-06-10 23:32:21,502 [Listener at 127.0.0.1/37921] INFO  http.HttpServer2 (HttpServer2.java:addFilter(977)) - Added filter authentication (class=org.apache.hadoop.security.authentication.server.AuthenticationFilter) to context static
2020-06-10 23:32:21,505 [Listener at 127.0.0.1/37921] INFO  http.HttpServer2 (HttpServer2.java:bindListener(1211)) - Jetty bound to port 37675
2020-06-10 23:32:21,505 [Listener at 127.0.0.1/37921] INFO  server.Server (Server.java:doStart(359)) - jetty-9.4.26.v20200117; built: 2020-01-17T12:35:33.676Z; git: 7b38981d25d14afb4a12ff1f2596756144edf695; jvm 1.8.0_232-b09
2020-06-10 23:32:21,507 [Listener at 127.0.0.1/37921] INFO  server.session (DefaultSessionIdManager.java:doStart(333)) - DefaultSessionIdManager workerName=node0
2020-06-10 23:32:21,508 [Listener at 127.0.0.1/37921] INFO  server.session (DefaultSessionIdManager.java:doStart(338)) - No SessionScavenger set, using defaults
2020-06-10 23:32:21,508 [Listener at 127.0.0.1/37921] INFO  server.session (HouseKeeper.java:startScavenging(140)) - node0 Scavenging every 660000ms
2020-06-10 23:32:21,509 [Listener at 127.0.0.1/37921] INFO  server.AuthenticationFilter (AuthenticationFilter.java:constructSecretProvider(240)) - Unable to initialize FileSignerSecretProvider, falling back to use random secrets.
2020-06-10 23:32:21,510 [Listener at 127.0.0.1/37921] INFO  handler.ContextHandler (ContextHandler.java:doStart(825)) - Started o.e.j.s.ServletContextHandler@3dd8b11c{logs,/logs,file:///github/workspace/mnt/ozone/hadoop-ozone/integration-test/target/log,AVAILABLE}
2020-06-10 23:32:21,510 [Listener at 127.0.0.1/37921] INFO  handler.ContextHandler (ContextHandler.java:doStart(825)) - Started o.e.j.s.ServletContextHandler@73c5c8ac{static,/static,file:///github/workspace/mnt/ozone/hadoop-ozone/integration-test/target/test-classes/webapps/static,AVAILABLE}
2020-06-10 23:32:21,515 [Listener at 127.0.0.1/37921] INFO  handler.ContextHandler (ContextHandler.java:doStart(825)) - Started o.e.j.w.WebAppContext@4d95a501{ozoneManager,/,file:///github/workspace/mnt/ozone/hadoop-ozone/integration-test/target/test-classes/webapps/ozoneManager/,AVAILABLE}{file:/github/workspace/mnt/ozone/hadoop-ozone/integration-test/target/test-classes/webapps/ozoneManager}
2020-06-10 23:32:21,516 [Listener at 127.0.0.1/37921] INFO  server.AbstractConnector (AbstractConnector.java:doStart(330)) - Started ServerConnector@141913c{HTTP/1.1,[http/1.1]}{0.0.0.0:37675}
2020-06-10 23:32:21,516 [Listener at 127.0.0.1/37921] INFO  server.Server (Server.java:doStart(399)) - Started @4378ms
2020-06-10 23:32:21,516 [Listener at 127.0.0.1/37921] WARN  impl.MetricsSystemImpl (MetricsSystemImpl.java:register(276)) - Sink prometheus already exists!
2020-06-10 23:32:21,519 [Listener at 127.0.0.1/37921] INFO  http.BaseHttpServer (BaseHttpServer.java:updateConnectorAddress(325)) - HTTP server of ozoneManager listening at http://0.0.0.0:37675
2020-06-10 23:32:21,526 [org.apache.hadoop.util.JvmPauseMonitor$Monitor@7056b08d] INFO  util.JvmPauseMonitor (JvmPauseMonitor.java:run(188)) - Starting JVM pause monitor
2020-06-10 23:32:21,662 [Listener at 127.0.0.1/37921] INFO  metrics.MetricRegistries (MetricRegistriesLoader.java:load(64)) - Loaded MetricRegistries class org.apache.ratis.metrics.impl.MetricRegistriesImpl
2020-06-10 23:32:21,664 [Listener at 127.0.0.1/37921] INFO  impl.MetricsSystemImpl (MetricsSystemImpl.java:init(158)) - HddsDatanode metrics system started (again)
2020-06-10 23:32:21,671 [Listener at 127.0.0.1/37921] INFO  ozone.HddsDatanodeService (HddsDatanodeService.java:start(197)) - HddsDatanodeService host:be5d1cd46157 ip:172.17.0.2
2020-06-10 23:32:21,745 [Listener at 127.0.0.1/37921] INFO  volume.HddsVolume (HddsVolume.java:<init>(176)) - Creating Volume: /github/workspace/mnt/ozone/hadoop-ozone/integration-test/target/test-dir/MiniOzoneClusterImpl-8f60d98f-01ba-4335-ba92-853c1a5e70bb/datanode-0/data-0/containers/hdds of storage type : DISK and capacity : 9223372036854775807
2020-06-10 23:32:21,748 [Listener at 127.0.0.1/37921] INFO  volume.MutableVolumeSet (MutableVolumeSet.java:initializeVolumeSet(181)) - Added Volume : /github/workspace/mnt/ozone/hadoop-ozone/integration-test/target/test-dir/MiniOzoneClusterImpl-8f60d98f-01ba-4335-ba92-853c1a5e70bb/datanode-0/data-0/containers/hdds to VolumeSet
2020-06-10 23:32:21,749 [Listener at 127.0.0.1/37921] INFO  volume.ThrottledAsyncChecker (ThrottledAsyncChecker.java:schedule(141)) - Scheduling a check for /github/workspace/mnt/ozone/hadoop-ozone/integration-test/target/test-dir/MiniOzoneClusterImpl-8f60d98f-01ba-4335-ba92-853c1a5e70bb/datanode-0/data-0/containers/hdds
2020-06-10 23:32:21,772 [Listener at 127.0.0.1/37921] INFO  volume.HddsVolumeChecker (HddsVolumeChecker.java:checkAllVolumes(200)) - Scheduled health check for volume /github/workspace/mnt/ozone/hadoop-ozone/integration-test/target/test-dir/MiniOzoneClusterImpl-8f60d98f-01ba-4335-ba92-853c1a5e70bb/datanode-0/data-0/containers/hdds
2020-06-10 23:32:21,936 [Listener at 127.0.0.1/37921] INFO  impl.RaftServerProxy (ConfUtils.java:logGet(44)) - raft.rpc.type = GRPC (default)
2020-06-10 23:32:22,011 [Listener at 127.0.0.1/37921] INFO  grpc.GrpcFactory (GrpcFactory.java:checkPooledByteBufAllocatorUseCacheForAllThreads(45)) - PERFORMANCE WARNING: useCacheForAllThreads is true that may cause Netty to create a lot garbage objects and, as a result, trigger GC.
	It is recommended to disable useCacheForAllThreads by setting -Dorg.apache.ratis.thirdparty.io.netty.allocator.useCacheForAllThreads=false in command line.
2020-06-10 23:32:22,017 [Listener at 127.0.0.1/37921] INFO  grpc.GrpcConfigKeys (ConfUtils.java:logGet(44)) - raft.grpc.server.port = 0 (default)
2020-06-10 23:32:22,018 [Listener at 127.0.0.1/37921] INFO  server.GrpcService (ConfUtils.java:logGet(44)) - raft.grpc.message.size.max = 32MB (=33554432) (custom)
2020-06-10 23:32:22,019 [Listener at 127.0.0.1/37921] INFO  server.RaftServerConfigKeys (ConfUtils.java:logGet(44)) - raft.server.log.appender.buffer.byte-limit = 33554432 (custom)
2020-06-10 23:32:22,019 [Listener at 127.0.0.1/37921] INFO  server.GrpcService (ConfUtils.java:logGet(44)) - raft.grpc.flow.control.window = 5MB (=5242880) (custom)
2020-06-10 23:32:22,020 [Listener at 127.0.0.1/37921] INFO  server.RaftServerConfigKeys (ConfUtils.java:logGet(44)) - raft.server.rpc.request.timeout = 3s (default)
2020-06-10 23:32:22,232 [Listener at 127.0.0.1/37921] INFO  server.RaftServerConfigKeys (ConfUtils.java:logGet(44)) - raft.server.storage.dir = [/github/workspace/mnt/ozone/hadoop-ozone/integration-test/target/test-dir/MiniOzoneClusterImpl-8f60d98f-01ba-4335-ba92-853c1a5e70bb/datanode-0/data/ratis] (custom)
2020-06-10 23:32:22,340 [Listener at 127.0.0.1/37921] INFO  http.BaseHttpServer (BaseHttpServer.java:newHttpServer2BuilderForOzone(205)) - Starting Web-server for hddsDatanode at: http://0.0.0.0:0
2020-06-10 23:32:22,340 [Listener at 127.0.0.1/37921] INFO  http.BaseHttpServer (BaseHttpServer.java:<init>(106)) - Hadoop Security Enabled: false Ozone Security Enabled: false Ozone HTTP Security Enabled: false 
2020-06-10 23:32:22,342 [Listener at 127.0.0.1/37921] INFO  server.AuthenticationFilter (AuthenticationFilter.java:constructSecretProvider(240)) - Unable to initialize FileSignerSecretProvider, falling back to use random secrets.
2020-06-10 23:32:22,342 [Listener at 127.0.0.1/37921] WARN  http.HttpRequestLog (HttpRequestLog.java:getRequestLog(103)) - Jetty request log can only be enabled using Log4j
2020-06-10 23:32:22,343 [Listener at 127.0.0.1/37921] INFO  http.HttpServer2 (HttpServer2.java:addGlobalFilter(993)) - Added global filter 'safety' (class=org.apache.hadoop.hdds.server.http.HttpServer2$QuotingInputFilter)
2020-06-10 23:32:22,344 [Listener at 127.0.0.1/37921] INFO  http.HttpServer2 (HttpServer2.java:addFilter(969)) - Added filter authentication (class=org.apache.hadoop.security.authentication.server.AuthenticationFilter) to context hddsDatanode
2020-06-10 23:32:22,344 [Listener at 127.0.0.1/37921] INFO  http.HttpServer2 (HttpServer2.java:addFilter(977)) - Added filter authentication (class=org.apache.hadoop.security.authentication.server.AuthenticationFilter) to context static
2020-06-10 23:32:22,344 [Listener at 127.0.0.1/37921] INFO  http.HttpServer2 (HttpServer2.java:addFilter(977)) - Added filter authentication (class=org.apache.hadoop.security.authentication.server.AuthenticationFilter) to context logs
2020-06-10 23:32:22,345 [Listener at 127.0.0.1/37921] INFO  http.HttpServer2 (HttpServer2.java:bindListener(1211)) - Jetty bound to port 42841
2020-06-10 23:32:22,345 [Listener at 127.0.0.1/37921] INFO  server.Server (Server.java:doStart(359)) - jetty-9.4.26.v20200117; built: 2020-01-17T12:35:33.676Z; git: 7b38981d25d14afb4a12ff1f2596756144edf695; jvm 1.8.0_232-b09
2020-06-10 23:32:22,355 [Listener at 127.0.0.1/37921] INFO  server.session (DefaultSessionIdManager.java:doStart(333)) - DefaultSessionIdManager workerName=node0
2020-06-10 23:32:22,355 [Listener at 127.0.0.1/37921] INFO  server.session (DefaultSessionIdManager.java:doStart(338)) - No SessionScavenger set, using defaults
2020-06-10 23:32:22,355 [Listener at 127.0.0.1/37921] INFO  server.session (HouseKeeper.java:startScavenging(140)) - node0 Scavenging every 600000ms
2020-06-10 23:32:22,357 [Listener at 127.0.0.1/37921] INFO  server.AuthenticationFilter (AuthenticationFilter.java:constructSecretProvider(240)) - Unable to initialize FileSignerSecretProvider, falling back to use random secrets.
2020-06-10 23:32:22,357 [Listener at 127.0.0.1/37921] INFO  handler.ContextHandler (ContextHandler.java:doStart(825)) - Started o.e.j.s.ServletContextHandler@2156dea8{logs,/logs,file:///github/workspace/mnt/ozone/hadoop-ozone/integration-test/target/log,AVAILABLE}
2020-06-10 23:32:22,358 [Listener at 127.0.0.1/37921] INFO  handler.ContextHandler (ContextHandler.java:doStart(825)) - Started o.e.j.s.ServletContextHandler@6fb711cc{static,/static,jar:file:/home/user/.m2/repository/org/apache/hadoop/hadoop-hdds-container-service/0.6.0-SNAPSHOT/hadoop-hdds-container-service-0.6.0-SNAPSHOT.jar!/webapps/static,AVAILABLE}
2020-06-10 23:32:22,386 [Listener at 127.0.0.1/37921] INFO  handler.ContextHandler (ContextHandler.java:doStart(825)) - Started o.e.j.w.WebAppContext@5139a2a2{hddsDatanode,/,file:///tmp/jetty-0_0_0_0-42841-hadoop-hdds-container-service-0_6_0-SNAPSHOT_jar-_-any-4243372662410740571.dir/webapp/,AVAILABLE}{jar:file:/home/user/.m2/repository/org/apache/hadoop/hadoop-hdds-container-service/0.6.0-SNAPSHOT/hadoop-hdds-container-service-0.6.0-SNAPSHOT.jar!/webapps/hddsDatanode}
2020-06-10 23:32:22,392 [Listener at 127.0.0.1/37921] INFO  server.AbstractConnector (AbstractConnector.java:doStart(330)) - Started ServerConnector@4903d738{HTTP/1.1,[http/1.1]}{0.0.0.0:42841}
2020-06-10 23:32:22,392 [Listener at 127.0.0.1/37921] INFO  server.Server (Server.java:doStart(399)) - Started @5254ms
2020-06-10 23:32:22,393 [Listener at 127.0.0.1/37921] WARN  impl.MetricsSystemImpl (MetricsSystemImpl.java:register(276)) - Sink prometheus already exists!
2020-06-10 23:32:22,396 [Listener at 127.0.0.1/37921] INFO  http.BaseHttpServer (BaseHttpServer.java:updateConnectorAddress(325)) - HTTP server of hddsDatanode listening at http://0.0.0.0:42841
2020-06-10 23:32:22,399 [Listener at 127.0.0.1/37921] INFO  impl.MetricsSystemImpl (MetricsSystemImpl.java:init(158)) - HddsDatanode metrics system started (again)
2020-06-10 23:32:22,401 [Listener at 127.0.0.1/37921] INFO  ozone.HddsDatanodeService (HddsDatanodeService.java:start(197)) - HddsDatanodeService host:be5d1cd46157 ip:172.17.0.2
2020-06-10 23:32:22,405 [Listener at 127.0.0.1/37921] INFO  volume.HddsVolume (HddsVolume.java:<init>(176)) - Creating Volume: /github/workspace/mnt/ozone/hadoop-ozone/integration-test/target/test-dir/MiniOzoneClusterImpl-8f60d98f-01ba-4335-ba92-853c1a5e70bb/datanode-1/data-0/containers/hdds of storage type : DISK and capacity : 9223372036854775807
2020-06-10 23:32:22,405 [Listener at 127.0.0.1/37921] INFO  volume.MutableVolumeSet (MutableVolumeSet.java:initializeVolumeSet(181)) - Added Volume : /github/workspace/mnt/ozone/hadoop-ozone/integration-test/target/test-dir/MiniOzoneClusterImpl-8f60d98f-01ba-4335-ba92-853c1a5e70bb/datanode-1/data-0/containers/hdds to VolumeSet
2020-06-10 23:32:22,405 [Listener at 127.0.0.1/37921] INFO  volume.ThrottledAsyncChecker (ThrottledAsyncChecker.java:schedule(141)) - Scheduling a check for /github/workspace/mnt/ozone/hadoop-ozone/integration-test/target/test-dir/MiniOzoneClusterImpl-8f60d98f-01ba-4335-ba92-853c1a5e70bb/datanode-1/data-0/containers/hdds
2020-06-10 23:32:22,406 [Listener at 127.0.0.1/37921] INFO  volume.HddsVolumeChecker (HddsVolumeChecker.java:checkAllVolumes(200)) - Scheduled health check for volume /github/workspace/mnt/ozone/hadoop-ozone/integration-test/target/test-dir/MiniOzoneClusterImpl-8f60d98f-01ba-4335-ba92-853c1a5e70bb/datanode-1/data-0/containers/hdds
2020-06-10 23:32:22,435 [org.apache.hadoop.util.JvmPauseMonitor$Monitor@f4c0a72] INFO  util.JvmPauseMonitor (JvmPauseMonitor.java:run(188)) - Starting JVM pause monitor
2020-06-10 23:32:22,449 [Listener at 127.0.0.1/37921] INFO  impl.RaftServerProxy (ConfUtils.java:logGet(44)) - raft.rpc.type = GRPC (default)
2020-06-10 23:32:22,450 [Listener at 127.0.0.1/37921] INFO  grpc.GrpcFactory (GrpcFactory.java:checkPooledByteBufAllocatorUseCacheForAllThreads(45)) - PERFORMANCE WARNING: useCacheForAllThreads is true that may cause Netty to create a lot garbage objects and, as a result, trigger GC.
	It is recommended to disable useCacheForAllThreads by setting -Dorg.apache.ratis.thirdparty.io.netty.allocator.useCacheForAllThreads=false in command line.
2020-06-10 23:32:22,451 [Listener at 127.0.0.1/37921] INFO  grpc.GrpcConfigKeys (ConfUtils.java:logGet(44)) - raft.grpc.server.port = 0 (default)
2020-06-10 23:32:22,451 [Listener at 127.0.0.1/37921] INFO  server.GrpcService (ConfUtils.java:logGet(44)) - raft.grpc.message.size.max = 32MB (=33554432) (custom)
2020-06-10 23:32:22,452 [Listener at 127.0.0.1/37921] INFO  server.RaftServerConfigKeys (ConfUtils.java:logGet(44)) - raft.server.log.appender.buffer.byte-limit = 33554432 (custom)
2020-06-10 23:32:22,452 [Listener at 127.0.0.1/37921] INFO  server.GrpcService (ConfUtils.java:logGet(44)) - raft.grpc.flow.control.window = 5MB (=5242880) (custom)
2020-06-10 23:32:22,452 [Listener at 127.0.0.1/37921] INFO  server.RaftServerConfigKeys (ConfUtils.java:logGet(44)) - raft.server.rpc.request.timeout = 3s (default)
2020-06-10 23:32:22,454 [Listener at 127.0.0.1/37921] INFO  server.RaftServerConfigKeys (ConfUtils.java:logGet(44)) - raft.server.storage.dir = [/github/workspace/mnt/ozone/hadoop-ozone/integration-test/target/test-dir/MiniOzoneClusterImpl-8f60d98f-01ba-4335-ba92-853c1a5e70bb/datanode-1/data/ratis] (custom)
2020-06-10 23:32:22,458 [Listener at 127.0.0.1/37921] INFO  http.BaseHttpServer (BaseHttpServer.java:newHttpServer2BuilderForOzone(205)) - Starting Web-server for hddsDatanode at: http://0.0.0.0:0
2020-06-10 23:32:22,459 [Listener at 127.0.0.1/37921] INFO  http.BaseHttpServer (BaseHttpServer.java:<init>(106)) - Hadoop Security Enabled: false Ozone Security Enabled: false Ozone HTTP Security Enabled: false 
2020-06-10 23:32:22,460 [Listener at 127.0.0.1/37921] INFO  server.AuthenticationFilter (AuthenticationFilter.java:constructSecretProvider(240)) - Unable to initialize FileSignerSecretProvider, falling back to use random secrets.
2020-06-10 23:32:22,467 [Listener at 127.0.0.1/37921] WARN  http.HttpRequestLog (HttpRequestLog.java:getRequestLog(103)) - Jetty request log can only be enabled using Log4j
2020-06-10 23:32:22,468 [Listener at 127.0.0.1/37921] INFO  http.HttpServer2 (HttpServer2.java:addGlobalFilter(993)) - Added global filter 'safety' (class=org.apache.hadoop.hdds.server.http.HttpServer2$QuotingInputFilter)
2020-06-10 23:32:22,468 [Listener at 127.0.0.1/37921] INFO  http.HttpServer2 (HttpServer2.java:addFilter(969)) - Added filter authentication (class=org.apache.hadoop.security.authentication.server.AuthenticationFilter) to context hddsDatanode
2020-06-10 23:32:22,469 [Listener at 127.0.0.1/37921] INFO  http.HttpServer2 (HttpServer2.java:addFilter(977)) - Added filter authentication (class=org.apache.hadoop.security.authentication.server.AuthenticationFilter) to context static
2020-06-10 23:32:22,469 [Listener at 127.0.0.1/37921] INFO  http.HttpServer2 (HttpServer2.java:addFilter(977)) - Added filter authentication (class=org.apache.hadoop.security.authentication.server.AuthenticationFilter) to context logs
2020-06-10 23:32:22,469 [Listener at 127.0.0.1/37921] INFO  http.HttpServer2 (HttpServer2.java:bindListener(1211)) - Jetty bound to port 37813
2020-06-10 23:32:22,469 [Listener at 127.0.0.1/37921] INFO  server.Server (Server.java:doStart(359)) - jetty-9.4.26.v20200117; built: 2020-01-17T12:35:33.676Z; git: 7b38981d25d14afb4a12ff1f2596756144edf695; jvm 1.8.0_232-b09
2020-06-10 23:32:22,524 [Listener at 127.0.0.1/37921] INFO  server.session (DefaultSessionIdManager.java:doStart(333)) - DefaultSessionIdManager workerName=node0
2020-06-10 23:32:22,524 [Listener at 127.0.0.1/37921] INFO  server.session (DefaultSessionIdManager.java:doStart(338)) - No SessionScavenger set, using defaults
2020-06-10 23:32:22,524 [Listener at 127.0.0.1/37921] INFO  server.session (HouseKeeper.java:startScavenging(140)) - node0 Scavenging every 660000ms
2020-06-10 23:32:22,525 [Listener at 127.0.0.1/37921] INFO  server.AuthenticationFilter (AuthenticationFilter.java:constructSecretProvider(240)) - Unable to initialize FileSignerSecretProvider, falling back to use random secrets.
2020-06-10 23:32:22,527 [Listener at 127.0.0.1/37921] INFO  handler.ContextHandler (ContextHandler.java:doStart(825)) - Started o.e.j.s.ServletContextHandler@1d5353b8{logs,/logs,file:///github/workspace/mnt/ozone/hadoop-ozone/integration-test/target/log,AVAILABLE}
2020-06-10 23:32:22,527 [Listener at 127.0.0.1/37921] INFO  handler.ContextHandler (ContextHandler.java:doStart(825)) - Started o.e.j.s.ServletContextHandler@15c43a3e{static,/static,jar:file:/home/user/.m2/repository/org/apache/hadoop/hadoop-hdds-container-service/0.6.0-SNAPSHOT/hadoop-hdds-container-service-0.6.0-SNAPSHOT.jar!/webapps/static,AVAILABLE}
2020-06-10 23:32:22,574 [Listener at 127.0.0.1/37921] INFO  handler.ContextHandler (ContextHandler.java:doStart(825)) - Started o.e.j.w.WebAppContext@706122cb{hddsDatanode,/,file:///tmp/jetty-0_0_0_0-37813-hadoop-hdds-container-service-0_6_0-SNAPSHOT_jar-_-any-5040267050938578414.dir/webapp/,AVAILABLE}{jar:file:/home/user/.m2/repository/org/apache/hadoop/hadoop-hdds-container-service/0.6.0-SNAPSHOT/hadoop-hdds-container-service-0.6.0-SNAPSHOT.jar!/webapps/hddsDatanode}
2020-06-10 23:32:22,579 [Listener at 127.0.0.1/37921] INFO  server.AbstractConnector (AbstractConnector.java:doStart(330)) - Started ServerConnector@79794ee1{HTTP/1.1,[http/1.1]}{0.0.0.0:37813}
2020-06-10 23:32:22,579 [Listener at 127.0.0.1/37921] INFO  server.Server (Server.java:doStart(399)) - Started @5442ms
2020-06-10 23:32:22,580 [Listener at 127.0.0.1/37921] WARN  impl.MetricsSystemImpl (MetricsSystemImpl.java:register(276)) - Sink prometheus already exists!
2020-06-10 23:32:22,582 [Listener at 127.0.0.1/37921] INFO  http.BaseHttpServer (BaseHttpServer.java:updateConnectorAddress(325)) - HTTP server of hddsDatanode listening at http://0.0.0.0:37813
2020-06-10 23:32:22,587 [Listener at 127.0.0.1/37921] INFO  impl.MetricsSystemImpl (MetricsSystemImpl.java:init(158)) - HddsDatanode metrics system started (again)
2020-06-10 23:32:22,588 [Listener at 127.0.0.1/37921] INFO  ozone.HddsDatanodeService (HddsDatanodeService.java:start(197)) - HddsDatanodeService host:be5d1cd46157 ip:172.17.0.2
2020-06-10 23:32:22,599 [Listener at 127.0.0.1/37921] INFO  volume.HddsVolume (HddsVolume.java:<init>(176)) - Creating Volume: /github/workspace/mnt/ozone/hadoop-ozone/integration-test/target/test-dir/MiniOzoneClusterImpl-8f60d98f-01ba-4335-ba92-853c1a5e70bb/datanode-2/data-0/containers/hdds of storage type : DISK and capacity : 9223372036854775807
2020-06-10 23:32:22,599 [Listener at 127.0.0.1/37921] INFO  volume.MutableVolumeSet (MutableVolumeSet.java:initializeVolumeSet(181)) - Added Volume : /github/workspace/mnt/ozone/hadoop-ozone/integration-test/target/test-dir/MiniOzoneClusterImpl-8f60d98f-01ba-4335-ba92-853c1a5e70bb/datanode-2/data-0/containers/hdds to VolumeSet
2020-06-10 23:32:22,599 [Listener at 127.0.0.1/37921] INFO  volume.ThrottledAsyncChecker (ThrottledAsyncChecker.java:schedule(141)) - Scheduling a check for /github/workspace/mnt/ozone/hadoop-ozone/integration-test/target/test-dir/MiniOzoneClusterImpl-8f60d98f-01ba-4335-ba92-853c1a5e70bb/datanode-2/data-0/containers/hdds
2020-06-10 23:32:22,607 [Listener at 127.0.0.1/37921] INFO  volume.HddsVolumeChecker (HddsVolumeChecker.java:checkAllVolumes(200)) - Scheduled health check for volume /github/workspace/mnt/ozone/hadoop-ozone/integration-test/target/test-dir/MiniOzoneClusterImpl-8f60d98f-01ba-4335-ba92-853c1a5e70bb/datanode-2/data-0/containers/hdds
2020-06-10 23:32:22,646 [Datanode State Machine Thread - 0] INFO  datanode.InitDatanodeState (InitDatanodeState.java:persistContainerDatanodeDetails(145)) - DatanodeDetails is persisted to /github/workspace/mnt/ozone/hadoop-ozone/integration-test/target/test-dir/MiniOzoneClusterImpl-8f60d98f-01ba-4335-ba92-853c1a5e70bb/datanode-0/meta/datanode.id
2020-06-10 23:32:22,649 [Listener at 127.0.0.1/37921] INFO  impl.RaftServerProxy (ConfUtils.java:logGet(44)) - raft.rpc.type = GRPC (default)
2020-06-10 23:32:22,651 [Listener at 127.0.0.1/37921] INFO  grpc.GrpcFactory (GrpcFactory.java:checkPooledByteBufAllocatorUseCacheForAllThreads(45)) - PERFORMANCE WARNING: useCacheForAllThreads is true that may cause Netty to create a lot garbage objects and, as a result, trigger GC.
	It is recommended to disable useCacheForAllThreads by setting -Dorg.apache.ratis.thirdparty.io.netty.allocator.useCacheForAllThreads=false in command line.
2020-06-10 23:32:22,651 [Listener at 127.0.0.1/37921] INFO  grpc.GrpcConfigKeys (ConfUtils.java:logGet(44)) - raft.grpc.server.port = 0 (default)
2020-06-10 23:32:22,652 [Listener at 127.0.0.1/37921] INFO  server.GrpcService (ConfUtils.java:logGet(44)) - raft.grpc.message.size.max = 32MB (=33554432) (custom)
2020-06-10 23:32:22,653 [Listener at 127.0.0.1/37921] INFO  server.RaftServerConfigKeys (ConfUtils.java:logGet(44)) - raft.server.log.appender.buffer.byte-limit = 33554432 (custom)
2020-06-10 23:32:22,653 [Listener at 127.0.0.1/37921] INFO  server.GrpcService (ConfUtils.java:logGet(44)) - raft.grpc.flow.control.window = 5MB (=5242880) (custom)
2020-06-10 23:32:22,654 [Listener at 127.0.0.1/37921] INFO  server.RaftServerConfigKeys (ConfUtils.java:logGet(44)) - raft.server.rpc.request.timeout = 3s (default)
2020-06-10 23:32:22,658 [Listener at 127.0.0.1/37921] INFO  server.RaftServerConfigKeys (ConfUtils.java:logGet(44)) - raft.server.storage.dir = [/github/workspace/mnt/ozone/hadoop-ozone/integration-test/target/test-dir/MiniOzoneClusterImpl-8f60d98f-01ba-4335-ba92-853c1a5e70bb/datanode-2/data/ratis] (custom)
2020-06-10 23:32:22,668 [org.apache.hadoop.util.JvmPauseMonitor$Monitor@7be119fa] INFO  util.JvmPauseMonitor (JvmPauseMonitor.java:run(188)) - Starting JVM pause monitor
2020-06-10 23:32:22,669 [Listener at 127.0.0.1/37921] INFO  http.BaseHttpServer (BaseHttpServer.java:newHttpServer2BuilderForOzone(205)) - Starting Web-server for hddsDatanode at: http://0.0.0.0:0
2020-06-10 23:32:22,669 [Listener at 127.0.0.1/37921] INFO  http.BaseHttpServer (BaseHttpServer.java:<init>(106)) - Hadoop Security Enabled: false Ozone Security Enabled: false Ozone HTTP Security Enabled: false 
2020-06-10 23:32:22,671 [Listener at 127.0.0.1/37921] INFO  server.AuthenticationFilter (AuthenticationFilter.java:constructSecretProvider(240)) - Unable to initialize FileSignerSecretProvider, falling back to use random secrets.
2020-06-10 23:32:22,672 [Listener at 127.0.0.1/37921] WARN  http.HttpRequestLog (HttpRequestLog.java:getRequestLog(103)) - Jetty request log can only be enabled using Log4j
2020-06-10 23:32:22,673 [Listener at 127.0.0.1/37921] INFO  http.HttpServer2 (HttpServer2.java:addGlobalFilter(993)) - Added global filter 'safety' (class=org.apache.hadoop.hdds.server.http.HttpServer2$QuotingInputFilter)
2020-06-10 23:32:22,674 [Listener at 127.0.0.1/37921] INFO  http.HttpServer2 (HttpServer2.java:addFilter(969)) - Added filter authentication (class=org.apache.hadoop.security.authentication.server.AuthenticationFilter) to context hddsDatanode
2020-06-10 23:32:22,674 [Listener at 127.0.0.1/37921] INFO  http.HttpServer2 (HttpServer2.java:addFilter(977)) - Added filter authentication (class=org.apache.hadoop.security.authentication.server.AuthenticationFilter) to context static
2020-06-10 23:32:22,674 [Listener at 127.0.0.1/37921] INFO  http.HttpServer2 (HttpServer2.java:addFilter(977)) - Added filter authentication (class=org.apache.hadoop.security.authentication.server.AuthenticationFilter) to context logs
2020-06-10 23:32:22,675 [Listener at 127.0.0.1/37921] INFO  http.HttpServer2 (HttpServer2.java:bindListener(1211)) - Jetty bound to port 37249
2020-06-10 23:32:22,675 [Listener at 127.0.0.1/37921] INFO  server.Server (Server.java:doStart(359)) - jetty-9.4.26.v20200117; built: 2020-01-17T12:35:33.676Z; git: 7b38981d25d14afb4a12ff1f2596756144edf695; jvm 1.8.0_232-b09
2020-06-10 23:32:22,678 [Listener at 127.0.0.1/37921] INFO  server.session (DefaultSessionIdManager.java:doStart(333)) - DefaultSessionIdManager workerName=node0
2020-06-10 23:32:22,679 [Listener at 127.0.0.1/37921] INFO  server.session (DefaultSessionIdManager.java:doStart(338)) - No SessionScavenger set, using defaults
2020-06-10 23:32:22,687 [Listener at 127.0.0.1/37921] INFO  server.session (HouseKeeper.java:startScavenging(140)) - node0 Scavenging every 600000ms
2020-06-10 23:32:22,689 [Listener at 127.0.0.1/37921] INFO  server.AuthenticationFilter (AuthenticationFilter.java:constructSecretProvider(240)) - Unable to initialize FileSignerSecretProvider, falling back to use random secrets.
2020-06-10 23:32:22,690 [Listener at 127.0.0.1/37921] INFO  handler.ContextHandler (ContextHandler.java:doStart(825)) - Started o.e.j.s.ServletContextHandler@30ea2e06{logs,/logs,file:///github/workspace/mnt/ozone/hadoop-ozone/integration-test/target/log,AVAILABLE}
2020-06-10 23:32:22,691 [Listener at 127.0.0.1/37921] INFO  handler.ContextHandler (ContextHandler.java:doStart(825)) - Started o.e.j.s.ServletContextHandler@47c6d08d{static,/static,jar:file:/home/user/.m2/repository/org/apache/hadoop/hadoop-hdds-container-service/0.6.0-SNAPSHOT/hadoop-hdds-container-service-0.6.0-SNAPSHOT.jar!/webapps/static,AVAILABLE}
2020-06-10 23:32:22,712 [Datanode State Machine Thread - 0] INFO  datanode.InitDatanodeState (InitDatanodeState.java:persistContainerDatanodeDetails(145)) - DatanodeDetails is persisted to /github/workspace/mnt/ozone/hadoop-ozone/integration-test/target/test-dir/MiniOzoneClusterImpl-8f60d98f-01ba-4335-ba92-853c1a5e70bb/datanode-1/meta/datanode.id
2020-06-10 23:32:22,724 [Listener at 127.0.0.1/37921] INFO  handler.ContextHandler (ContextHandler.java:doStart(825)) - Started o.e.j.w.WebAppContext@73d1c2a3{hddsDatanode,/,file:///tmp/jetty-0_0_0_0-37249-hadoop-hdds-container-service-0_6_0-SNAPSHOT_jar-_-any-4799127265142613607.dir/webapp/,AVAILABLE}{jar:file:/home/user/.m2/repository/org/apache/hadoop/hadoop-hdds-container-service/0.6.0-SNAPSHOT/hadoop-hdds-container-service-0.6.0-SNAPSHOT.jar!/webapps/hddsDatanode}
2020-06-10 23:32:22,727 [Listener at 127.0.0.1/37921] INFO  server.AbstractConnector (AbstractConnector.java:doStart(330)) - Started ServerConnector@1e0c11ab{HTTP/1.1,[http/1.1]}{0.0.0.0:37249}
2020-06-10 23:32:22,727 [Listener at 127.0.0.1/37921] INFO  server.Server (Server.java:doStart(399)) - Started @5589ms
2020-06-10 23:32:22,727 [Listener at 127.0.0.1/37921] WARN  impl.MetricsSystemImpl (MetricsSystemImpl.java:register(276)) - Sink prometheus already exists!
2020-06-10 23:32:22,730 [Listener at 127.0.0.1/37921] INFO  http.BaseHttpServer (BaseHttpServer.java:updateConnectorAddress(325)) - HTTP server of hddsDatanode listening at http://0.0.0.0:37249
2020-06-10 23:32:22,730 [Listener at 127.0.0.1/37921] INFO  impl.MetricsSystemImpl (MetricsSystemImpl.java:init(158)) - HddsDatanode metrics system started (again)
2020-06-10 23:32:22,732 [Listener at 127.0.0.1/37921] INFO  ozone.HddsDatanodeService (HddsDatanodeService.java:start(197)) - HddsDatanodeService host:be5d1cd46157 ip:172.17.0.2
2020-06-10 23:32:22,735 [Listener at 127.0.0.1/37921] INFO  volume.HddsVolume (HddsVolume.java:<init>(176)) - Creating Volume: /github/workspace/mnt/ozone/hadoop-ozone/integration-test/target/test-dir/MiniOzoneClusterImpl-8f60d98f-01ba-4335-ba92-853c1a5e70bb/datanode-3/data-0/containers/hdds of storage type : DISK and capacity : 9223372036854775807
2020-06-10 23:32:22,735 [Listener at 127.0.0.1/37921] INFO  volume.MutableVolumeSet (MutableVolumeSet.java:initializeVolumeSet(181)) - Added Volume : /github/workspace/mnt/ozone/hadoop-ozone/integration-test/target/test-dir/MiniOzoneClusterImpl-8f60d98f-01ba-4335-ba92-853c1a5e70bb/datanode-3/data-0/containers/hdds to VolumeSet
2020-06-10 23:32:22,735 [Listener at 127.0.0.1/37921] INFO  volume.ThrottledAsyncChecker (ThrottledAsyncChecker.java:schedule(141)) - Scheduling a check for /github/workspace/mnt/ozone/hadoop-ozone/integration-test/target/test-dir/MiniOzoneClusterImpl-8f60d98f-01ba-4335-ba92-853c1a5e70bb/datanode-3/data-0/containers/hdds
2020-06-10 23:32:22,737 [Listener at 127.0.0.1/37921] INFO  volume.HddsVolumeChecker (HddsVolumeChecker.java:checkAllVolumes(200)) - Scheduled health check for volume /github/workspace/mnt/ozone/hadoop-ozone/integration-test/target/test-dir/MiniOzoneClusterImpl-8f60d98f-01ba-4335-ba92-853c1a5e70bb/datanode-3/data-0/containers/hdds
2020-06-10 23:32:22,768 [org.apache.hadoop.util.JvmPauseMonitor$Monitor@48435a97] INFO  util.JvmPauseMonitor (JvmPauseMonitor.java:run(188)) - Starting JVM pause monitor
2020-06-10 23:32:22,794 [Listener at 127.0.0.1/37921] INFO  impl.RaftServerProxy (ConfUtils.java:logGet(44)) - raft.rpc.type = GRPC (default)
2020-06-10 23:32:22,797 [Listener at 127.0.0.1/37921] INFO  grpc.GrpcFactory (GrpcFactory.java:checkPooledByteBufAllocatorUseCacheForAllThreads(45)) - PERFORMANCE WARNING: useCacheForAllThreads is true that may cause Netty to create a lot garbage objects and, as a result, trigger GC.
	It is recommended to disable useCacheForAllThreads by setting -Dorg.apache.ratis.thirdparty.io.netty.allocator.useCacheForAllThreads=false in command line.
2020-06-10 23:32:22,797 [Listener at 127.0.0.1/37921] INFO  grpc.GrpcConfigKeys (ConfUtils.java:logGet(44)) - raft.grpc.server.port = 0 (default)
2020-06-10 23:32:22,798 [Listener at 127.0.0.1/37921] INFO  server.GrpcService (ConfUtils.java:logGet(44)) - raft.grpc.message.size.max = 32MB (=33554432) (custom)
2020-06-10 23:32:22,798 [Listener at 127.0.0.1/37921] INFO  server.RaftServerConfigKeys (ConfUtils.java:logGet(44)) - raft.server.log.appender.buffer.byte-limit = 33554432 (custom)
2020-06-10 23:32:22,799 [Listener at 127.0.0.1/37921] INFO  server.GrpcService (ConfUtils.java:logGet(44)) - raft.grpc.flow.control.window = 5MB (=5242880) (custom)
2020-06-10 23:32:22,799 [Listener at 127.0.0.1/37921] INFO  server.RaftServerConfigKeys (ConfUtils.java:logGet(44)) - raft.server.rpc.request.timeout = 3s (default)
2020-06-10 23:32:22,801 [Listener at 127.0.0.1/37921] INFO  server.RaftServerConfigKeys (ConfUtils.java:logGet(44)) - raft.server.storage.dir = [/github/workspace/mnt/ozone/hadoop-ozone/integration-test/target/test-dir/MiniOzoneClusterImpl-8f60d98f-01ba-4335-ba92-853c1a5e70bb/datanode-3/data/ratis] (custom)
2020-06-10 23:32:22,805 [Datanode State Machine Thread - 0] INFO  datanode.InitDatanodeState (InitDatanodeState.java:persistContainerDatanodeDetails(145)) - DatanodeDetails is persisted to /github/workspace/mnt/ozone/hadoop-ozone/integration-test/target/test-dir/MiniOzoneClusterImpl-8f60d98f-01ba-4335-ba92-853c1a5e70bb/datanode-2/meta/datanode.id
2020-06-10 23:32:22,807 [Listener at 127.0.0.1/37921] INFO  http.BaseHttpServer (BaseHttpServer.java:newHttpServer2BuilderForOzone(205)) - Starting Web-server for hddsDatanode at: http://0.0.0.0:0
2020-06-10 23:32:22,807 [Listener at 127.0.0.1/37921] INFO  http.BaseHttpServer (BaseHttpServer.java:<init>(106)) - Hadoop Security Enabled: false Ozone Security Enabled: false Ozone HTTP Security Enabled: false 
2020-06-10 23:32:22,808 [Listener at 127.0.0.1/37921] INFO  server.AuthenticationFilter (AuthenticationFilter.java:constructSecretProvider(240)) - Unable to initialize FileSignerSecretProvider, falling back to use random secrets.
2020-06-10 23:32:22,809 [Listener at 127.0.0.1/37921] WARN  http.HttpRequestLog (HttpRequestLog.java:getRequestLog(103)) - Jetty request log can only be enabled using Log4j
2020-06-10 23:32:22,810 [Listener at 127.0.0.1/37921] INFO  http.HttpServer2 (HttpServer2.java:addGlobalFilter(993)) - Added global filter 'safety' (class=org.apache.hadoop.hdds.server.http.HttpServer2$QuotingInputFilter)
2020-06-10 23:32:22,811 [Listener at 127.0.0.1/37921] INFO  http.HttpServer2 (HttpServer2.java:addFilter(969)) - Added filter authentication (class=org.apache.hadoop.security.authentication.server.AuthenticationFilter) to context hddsDatanode
2020-06-10 23:32:22,811 [Listener at 127.0.0.1/37921] INFO  http.HttpServer2 (HttpServer2.java:addFilter(977)) - Added filter authentication (class=org.apache.hadoop.security.authentication.server.AuthenticationFilter) to context logs
2020-06-10 23:32:22,811 [Listener at 127.0.0.1/37921] INFO  http.HttpServer2 (HttpServer2.java:addFilter(977)) - Added filter authentication (class=org.apache.hadoop.security.authentication.server.AuthenticationFilter) to context static
2020-06-10 23:32:22,812 [Listener at 127.0.0.1/37921] INFO  http.HttpServer2 (HttpServer2.java:bindListener(1211)) - Jetty bound to port 37271
2020-06-10 23:32:22,812 [Listener at 127.0.0.1/37921] INFO  server.Server (Server.java:doStart(359)) - jetty-9.4.26.v20200117; built: 2020-01-17T12:35:33.676Z; git: 7b38981d25d14afb4a12ff1f2596756144edf695; jvm 1.8.0_232-b09
2020-06-10 23:32:22,828 [Listener at 127.0.0.1/37921] INFO  server.session (DefaultSessionIdManager.java:doStart(333)) - DefaultSessionIdManager workerName=node0
2020-06-10 23:32:22,828 [Listener at 127.0.0.1/37921] INFO  server.session (DefaultSessionIdManager.java:doStart(338)) - No SessionScavenger set, using defaults
2020-06-10 23:32:22,828 [Listener at 127.0.0.1/37921] INFO  server.session (HouseKeeper.java:startScavenging(140)) - node0 Scavenging every 660000ms
2020-06-10 23:32:22,829 [Listener at 127.0.0.1/37921] INFO  server.AuthenticationFilter (AuthenticationFilter.java:constructSecretProvider(240)) - Unable to initialize FileSignerSecretProvider, falling back to use random secrets.
2020-06-10 23:32:22,830 [Listener at 127.0.0.1/37921] INFO  handler.ContextHandler (ContextHandler.java:doStart(825)) - Started o.e.j.s.ServletContextHandler@6dc8428f{logs,/logs,file:///github/workspace/mnt/ozone/hadoop-ozone/integration-test/target/log,AVAILABLE}
2020-06-10 23:32:22,830 [Listener at 127.0.0.1/37921] INFO  handler.ContextHandler (ContextHandler.java:doStart(825)) - Started o.e.j.s.ServletContextHandler@759dd6b1{static,/static,jar:file:/home/user/.m2/repository/org/apache/hadoop/hadoop-hdds-container-service/0.6.0-SNAPSHOT/hadoop-hdds-container-service-0.6.0-SNAPSHOT.jar!/webapps/static,AVAILABLE}
2020-06-10 23:32:22,847 [Listener at 127.0.0.1/37921] INFO  handler.ContextHandler (ContextHandler.java:doStart(825)) - Started o.e.j.w.WebAppContext@292cac26{hddsDatanode,/,file:///tmp/jetty-0_0_0_0-37271-hadoop-hdds-container-service-0_6_0-SNAPSHOT_jar-_-any-6993555739596257985.dir/webapp/,AVAILABLE}{jar:file:/home/user/.m2/repository/org/apache/hadoop/hadoop-hdds-container-service/0.6.0-SNAPSHOT/hadoop-hdds-container-service-0.6.0-SNAPSHOT.jar!/webapps/hddsDatanode}
2020-06-10 23:32:22,848 [Listener at 127.0.0.1/37921] INFO  server.AbstractConnector (AbstractConnector.java:doStart(330)) - Started ServerConnector@56e5ee6f{HTTP/1.1,[http/1.1]}{0.0.0.0:37271}
2020-06-10 23:32:22,849 [Listener at 127.0.0.1/37921] INFO  server.Server (Server.java:doStart(399)) - Started @5711ms
2020-06-10 23:32:22,849 [Listener at 127.0.0.1/37921] WARN  impl.MetricsSystemImpl (MetricsSystemImpl.java:register(276)) - Sink prometheus already exists!
2020-06-10 23:32:22,852 [Listener at 127.0.0.1/37921] INFO  http.BaseHttpServer (BaseHttpServer.java:updateConnectorAddress(325)) - HTTP server of hddsDatanode listening at http://0.0.0.0:37271
2020-06-10 23:32:22,852 [Listener at 127.0.0.1/37921] INFO  impl.MetricsSystemImpl (MetricsSystemImpl.java:init(158)) - HddsDatanode metrics system started (again)
2020-06-10 23:32:22,854 [Listener at 127.0.0.1/37921] INFO  ozone.HddsDatanodeService (HddsDatanodeService.java:start(197)) - HddsDatanodeService host:be5d1cd46157 ip:172.17.0.2
2020-06-10 23:32:22,855 [Listener at 127.0.0.1/37921] INFO  volume.HddsVolume (HddsVolume.java:<init>(176)) - Creating Volume: /github/workspace/mnt/ozone/hadoop-ozone/integration-test/target/test-dir/MiniOzoneClusterImpl-8f60d98f-01ba-4335-ba92-853c1a5e70bb/datanode-4/data-0/containers/hdds of storage type : DISK and capacity : 9223372036854775807
2020-06-10 23:32:22,856 [Listener at 127.0.0.1/37921] INFO  volume.MutableVolumeSet (MutableVolumeSet.java:initializeVolumeSet(181)) - Added Volume : /github/workspace/mnt/ozone/hadoop-ozone/integration-test/target/test-dir/MiniOzoneClusterImpl-8f60d98f-01ba-4335-ba92-853c1a5e70bb/datanode-4/data-0/containers/hdds to VolumeSet
2020-06-10 23:32:22,856 [Listener at 127.0.0.1/37921] INFO  volume.ThrottledAsyncChecker (ThrottledAsyncChecker.java:schedule(141)) - Scheduling a check for /github/workspace/mnt/ozone/hadoop-ozone/integration-test/target/test-dir/MiniOzoneClusterImpl-8f60d98f-01ba-4335-ba92-853c1a5e70bb/datanode-4/data-0/containers/hdds
2020-06-10 23:32:22,857 [Listener at 127.0.0.1/37921] INFO  volume.HddsVolumeChecker (HddsVolumeChecker.java:checkAllVolumes(200)) - Scheduled health check for volume /github/workspace/mnt/ozone/hadoop-ozone/integration-test/target/test-dir/MiniOzoneClusterImpl-8f60d98f-01ba-4335-ba92-853c1a5e70bb/datanode-4/data-0/containers/hdds
2020-06-10 23:32:22,879 [org.apache.hadoop.util.JvmPauseMonitor$Monitor@3ca87a78] INFO  util.JvmPauseMonitor (JvmPauseMonitor.java:run(188)) - Starting JVM pause monitor
2020-06-10 23:32:22,881 [Datanode State Machine Thread - 0] INFO  datanode.InitDatanodeState (InitDatanodeState.java:persistContainerDatanodeDetails(145)) - DatanodeDetails is persisted to /github/workspace/mnt/ozone/hadoop-ozone/integration-test/target/test-dir/MiniOzoneClusterImpl-8f60d98f-01ba-4335-ba92-853c1a5e70bb/datanode-3/meta/datanode.id
2020-06-10 23:32:22,889 [Listener at 127.0.0.1/37921] INFO  impl.RaftServerProxy (ConfUtils.java:logGet(44)) - raft.rpc.type = GRPC (default)
2020-06-10 23:32:22,889 [Listener at 127.0.0.1/37921] INFO  grpc.GrpcFactory (GrpcFactory.java:checkPooledByteBufAllocatorUseCacheForAllThreads(45)) - PERFORMANCE WARNING: useCacheForAllThreads is true that may cause Netty to create a lot garbage objects and, as a result, trigger GC.
	It is recommended to disable useCacheForAllThreads by setting -Dorg.apache.ratis.thirdparty.io.netty.allocator.useCacheForAllThreads=false in command line.
2020-06-10 23:32:22,889 [Listener at 127.0.0.1/37921] INFO  grpc.GrpcConfigKeys (ConfUtils.java:logGet(44)) - raft.grpc.server.port = 0 (default)
2020-06-10 23:32:22,891 [Listener at 127.0.0.1/37921] INFO  server.GrpcService (ConfUtils.java:logGet(44)) - raft.grpc.message.size.max = 32MB (=33554432) (custom)
2020-06-10 23:32:22,891 [Listener at 127.0.0.1/37921] INFO  server.RaftServerConfigKeys (ConfUtils.java:logGet(44)) - raft.server.log.appender.buffer.byte-limit = 33554432 (custom)
2020-06-10 23:32:22,891 [Listener at 127.0.0.1/37921] INFO  server.GrpcService (ConfUtils.java:logGet(44)) - raft.grpc.flow.control.window = 5MB (=5242880) (custom)
2020-06-10 23:32:22,892 [Listener at 127.0.0.1/37921] INFO  server.RaftServerConfigKeys (ConfUtils.java:logGet(44)) - raft.server.rpc.request.timeout = 3s (default)
2020-06-10 23:32:22,894 [Listener at 127.0.0.1/37921] INFO  server.RaftServerConfigKeys (ConfUtils.java:logGet(44)) - raft.server.storage.dir = [/github/workspace/mnt/ozone/hadoop-ozone/integration-test/target/test-dir/MiniOzoneClusterImpl-8f60d98f-01ba-4335-ba92-853c1a5e70bb/datanode-4/data/ratis] (custom)
2020-06-10 23:32:22,906 [Listener at 127.0.0.1/37921] INFO  http.BaseHttpServer (BaseHttpServer.java:newHttpServer2BuilderForOzone(205)) - Starting Web-server for hddsDatanode at: http://0.0.0.0:0
2020-06-10 23:32:22,911 [Listener at 127.0.0.1/37921] INFO  http.BaseHttpServer (BaseHttpServer.java:<init>(106)) - Hadoop Security Enabled: false Ozone Security Enabled: false Ozone HTTP Security Enabled: false 
2020-06-10 23:32:22,912 [Listener at 127.0.0.1/37921] INFO  server.AuthenticationFilter (AuthenticationFilter.java:constructSecretProvider(240)) - Unable to initialize FileSignerSecretProvider, falling back to use random secrets.
2020-06-10 23:32:22,913 [Listener at 127.0.0.1/37921] WARN  http.HttpRequestLog (HttpRequestLog.java:getRequestLog(103)) - Jetty request log can only be enabled using Log4j
2020-06-10 23:32:22,914 [Listener at 127.0.0.1/37921] INFO  http.HttpServer2 (HttpServer2.java:addGlobalFilter(993)) - Added global filter 'safety' (class=org.apache.hadoop.hdds.server.http.HttpServer2$QuotingInputFilter)
2020-06-10 23:32:22,915 [Listener at 127.0.0.1/37921] INFO  http.HttpServer2 (HttpServer2.java:addFilter(969)) - Added filter authentication (class=org.apache.hadoop.security.authentication.server.AuthenticationFilter) to context hddsDatanode
2020-06-10 23:32:22,915 [Listener at 127.0.0.1/37921] INFO  http.HttpServer2 (HttpServer2.java:addFilter(977)) - Added filter authentication (class=org.apache.hadoop.security.authentication.server.AuthenticationFilter) to context static
2020-06-10 23:32:22,915 [Listener at 127.0.0.1/37921] INFO  http.HttpServer2 (HttpServer2.java:addFilter(977)) - Added filter authentication (class=org.apache.hadoop.security.authentication.server.AuthenticationFilter) to context logs
2020-06-10 23:32:22,916 [Listener at 127.0.0.1/37921] INFO  http.HttpServer2 (HttpServer2.java:bindListener(1211)) - Jetty bound to port 34349
2020-06-10 23:32:22,916 [Listener at 127.0.0.1/37921] INFO  server.Server (Server.java:doStart(359)) - jetty-9.4.26.v20200117; built: 2020-01-17T12:35:33.676Z; git: 7b38981d25d14afb4a12ff1f2596756144edf695; jvm 1.8.0_232-b09
2020-06-10 23:32:22,920 [Listener at 127.0.0.1/37921] INFO  server.session (DefaultSessionIdManager.java:doStart(333)) - DefaultSessionIdManager workerName=node0
2020-06-10 23:32:22,920 [Listener at 127.0.0.1/37921] INFO  server.session (DefaultSessionIdManager.java:doStart(338)) - No SessionScavenger set, using defaults
2020-06-10 23:32:22,920 [Listener at 127.0.0.1/37921] INFO  server.session (HouseKeeper.java:startScavenging(140)) - node0 Scavenging every 660000ms
2020-06-10 23:32:22,922 [Listener at 127.0.0.1/37921] INFO  server.AuthenticationFilter (AuthenticationFilter.java:constructSecretProvider(240)) - Unable to initialize FileSignerSecretProvider, falling back to use random secrets.
2020-06-10 23:32:22,926 [Listener at 127.0.0.1/37921] INFO  handler.ContextHandler (ContextHandler.java:doStart(825)) - Started o.e.j.s.ServletContextHandler@13a00078{logs,/logs,file:///github/workspace/mnt/ozone/hadoop-ozone/integration-test/target/log,AVAILABLE}
2020-06-10 23:32:22,927 [Listener at 127.0.0.1/37921] INFO  handler.ContextHandler (ContextHandler.java:doStart(825)) - Started o.e.j.s.ServletContextHandler@1794d304{static,/static,jar:file:/home/user/.m2/repository/org/apache/hadoop/hadoop-hdds-container-service/0.6.0-SNAPSHOT/hadoop-hdds-container-service-0.6.0-SNAPSHOT.jar!/webapps/static,AVAILABLE}
2020-06-10 23:32:22,946 [Listener at 127.0.0.1/37921] INFO  handler.ContextHandler (ContextHandler.java:doStart(825)) - Started o.e.j.w.WebAppContext@705134db{hddsDatanode,/,file:///tmp/jetty-0_0_0_0-34349-hadoop-hdds-container-service-0_6_0-SNAPSHOT_jar-_-any-604828343176419323.dir/webapp/,AVAILABLE}{jar:file:/home/user/.m2/repository/org/apache/hadoop/hadoop-hdds-container-service/0.6.0-SNAPSHOT/hadoop-hdds-container-service-0.6.0-SNAPSHOT.jar!/webapps/hddsDatanode}
2020-06-10 23:32:22,951 [Listener at 127.0.0.1/37921] INFO  server.AbstractConnector (AbstractConnector.java:doStart(330)) - Started ServerConnector@64ebff0e{HTTP/1.1,[http/1.1]}{0.0.0.0:34349}
2020-06-10 23:32:22,952 [Listener at 127.0.0.1/37921] INFO  server.Server (Server.java:doStart(399)) - Started @5814ms
2020-06-10 23:32:22,952 [Listener at 127.0.0.1/37921] WARN  impl.MetricsSystemImpl (MetricsSystemImpl.java:register(276)) - Sink prometheus already exists!
2020-06-10 23:32:22,955 [Listener at 127.0.0.1/37921] INFO  http.BaseHttpServer (BaseHttpServer.java:updateConnectorAddress(325)) - HTTP server of hddsDatanode listening at http://0.0.0.0:34349
2020-06-10 23:32:22,955 [Listener at 127.0.0.1/37921] INFO  impl.MetricsSystemImpl (MetricsSystemImpl.java:init(158)) - HddsDatanode metrics system started (again)
2020-06-10 23:32:22,957 [Listener at 127.0.0.1/37921] INFO  ozone.HddsDatanodeService (HddsDatanodeService.java:start(197)) - HddsDatanodeService host:be5d1cd46157 ip:172.17.0.2
2020-06-10 23:32:22,959 [Listener at 127.0.0.1/37921] INFO  volume.HddsVolume (HddsVolume.java:<init>(176)) - Creating Volume: /github/workspace/mnt/ozone/hadoop-ozone/integration-test/target/test-dir/MiniOzoneClusterImpl-8f60d98f-01ba-4335-ba92-853c1a5e70bb/datanode-5/data-0/containers/hdds of storage type : DISK and capacity : 9223372036854775807
2020-06-10 23:32:22,959 [Listener at 127.0.0.1/37921] INFO  volume.MutableVolumeSet (MutableVolumeSet.java:initializeVolumeSet(181)) - Added Volume : /github/workspace/mnt/ozone/hadoop-ozone/integration-test/target/test-dir/MiniOzoneClusterImpl-8f60d98f-01ba-4335-ba92-853c1a5e70bb/datanode-5/data-0/containers/hdds to VolumeSet
2020-06-10 23:32:22,959 [Listener at 127.0.0.1/37921] INFO  volume.ThrottledAsyncChecker (ThrottledAsyncChecker.java:schedule(141)) - Scheduling a check for /github/workspace/mnt/ozone/hadoop-ozone/integration-test/target/test-dir/MiniOzoneClusterImpl-8f60d98f-01ba-4335-ba92-853c1a5e70bb/datanode-5/data-0/containers/hdds
2020-06-10 23:32:22,963 [Listener at 127.0.0.1/37921] INFO  volume.HddsVolumeChecker (HddsVolumeChecker.java:checkAllVolumes(200)) - Scheduled health check for volume /github/workspace/mnt/ozone/hadoop-ozone/integration-test/target/test-dir/MiniOzoneClusterImpl-8f60d98f-01ba-4335-ba92-853c1a5e70bb/datanode-5/data-0/containers/hdds
2020-06-10 23:32:22,991 [Listener at 127.0.0.1/37921] INFO  impl.RaftServerProxy (ConfUtils.java:logGet(44)) - raft.rpc.type = GRPC (default)
2020-06-10 23:32:22,993 [Listener at 127.0.0.1/37921] INFO  grpc.GrpcFactory (GrpcFactory.java:checkPooledByteBufAllocatorUseCacheForAllThreads(45)) - PERFORMANCE WARNING: useCacheForAllThreads is true that may cause Netty to create a lot garbage objects and, as a result, trigger GC.
	It is recommended to disable useCacheForAllThreads by setting -Dorg.apache.ratis.thirdparty.io.netty.allocator.useCacheForAllThreads=false in command line.
2020-06-10 23:32:22,994 [Listener at 127.0.0.1/37921] INFO  grpc.GrpcConfigKeys (ConfUtils.java:logGet(44)) - raft.grpc.server.port = 0 (default)
2020-06-10 23:32:22,994 [Listener at 127.0.0.1/37921] INFO  server.GrpcService (ConfUtils.java:logGet(44)) - raft.grpc.message.size.max = 32MB (=33554432) (custom)
2020-06-10 23:32:22,994 [Listener at 127.0.0.1/37921] INFO  server.RaftServerConfigKeys (ConfUtils.java:logGet(44)) - raft.server.log.appender.buffer.byte-limit = 33554432 (custom)
2020-06-10 23:32:22,995 [Listener at 127.0.0.1/37921] INFO  server.GrpcService (ConfUtils.java:logGet(44)) - raft.grpc.flow.control.window = 5MB (=5242880) (custom)
2020-06-10 23:32:22,995 [Listener at 127.0.0.1/37921] INFO  server.RaftServerConfigKeys (ConfUtils.java:logGet(44)) - raft.server.rpc.request.timeout = 3s (default)
2020-06-10 23:32:22,997 [Listener at 127.0.0.1/37921] INFO  server.RaftServerConfigKeys (ConfUtils.java:logGet(44)) - raft.server.storage.dir = [/github/workspace/mnt/ozone/hadoop-ozone/integration-test/target/test-dir/MiniOzoneClusterImpl-8f60d98f-01ba-4335-ba92-853c1a5e70bb/datanode-5/data/ratis] (custom)
2020-06-10 23:32:23,000 [org.apache.hadoop.util.JvmPauseMonitor$Monitor@35ed379b] INFO  util.JvmPauseMonitor (JvmPauseMonitor.java:run(188)) - Starting JVM pause monitor
2020-06-10 23:32:23,004 [Listener at 127.0.0.1/37921] INFO  http.BaseHttpServer (BaseHttpServer.java:newHttpServer2BuilderForOzone(205)) - Starting Web-server for hddsDatanode at: http://0.0.0.0:0
2020-06-10 23:32:23,006 [Listener at 127.0.0.1/37921] INFO  http.BaseHttpServer (BaseHttpServer.java:<init>(106)) - Hadoop Security Enabled: false Ozone Security Enabled: false Ozone HTTP Security Enabled: false 
2020-06-10 23:32:23,008 [Listener at 127.0.0.1/37921] INFO  server.AuthenticationFilter (AuthenticationFilter.java:constructSecretProvider(240)) - Unable to initialize FileSignerSecretProvider, falling back to use random secrets.
2020-06-10 23:32:23,006 [Datanode State Machine Thread - 0] INFO  datanode.InitDatanodeState (InitDatanodeState.java:persistContainerDatanodeDetails(145)) - DatanodeDetails is persisted to /github/workspace/mnt/ozone/hadoop-ozone/integration-test/target/test-dir/MiniOzoneClusterImpl-8f60d98f-01ba-4335-ba92-853c1a5e70bb/datanode-4/meta/datanode.id
2020-06-10 23:32:23,009 [Listener at 127.0.0.1/37921] WARN  http.HttpRequestLog (HttpRequestLog.java:getRequestLog(103)) - Jetty request log can only be enabled using Log4j
2020-06-10 23:32:23,010 [Listener at 127.0.0.1/37921] INFO  http.HttpServer2 (HttpServer2.java:addGlobalFilter(993)) - Added global filter 'safety' (class=org.apache.hadoop.hdds.server.http.HttpServer2$QuotingInputFilter)
2020-06-10 23:32:23,011 [Listener at 127.0.0.1/37921] INFO  http.HttpServer2 (HttpServer2.java:addFilter(969)) - Added filter authentication (class=org.apache.hadoop.security.authentication.server.AuthenticationFilter) to context hddsDatanode
2020-06-10 23:32:23,011 [Listener at 127.0.0.1/37921] INFO  http.HttpServer2 (HttpServer2.java:addFilter(977)) - Added filter authentication (class=org.apache.hadoop.security.authentication.server.AuthenticationFilter) to context logs
2020-06-10 23:32:23,011 [Listener at 127.0.0.1/37921] INFO  http.HttpServer2 (HttpServer2.java:addFilter(977)) - Added filter authentication (class=org.apache.hadoop.security.authentication.server.AuthenticationFilter) to context static
2020-06-10 23:32:23,013 [Listener at 127.0.0.1/37921] INFO  http.HttpServer2 (HttpServer2.java:bindListener(1211)) - Jetty bound to port 43349
2020-06-10 23:32:23,013 [Listener at 127.0.0.1/37921] INFO  server.Server (Server.java:doStart(359)) - jetty-9.4.26.v20200117; built: 2020-01-17T12:35:33.676Z; git: 7b38981d25d14afb4a12ff1f2596756144edf695; jvm 1.8.0_232-b09
2020-06-10 23:32:23,016 [Listener at 127.0.0.1/37921] INFO  server.session (DefaultSessionIdManager.java:doStart(333)) - DefaultSessionIdManager workerName=node0
2020-06-10 23:32:23,016 [Listener at 127.0.0.1/37921] INFO  server.session (DefaultSessionIdManager.java:doStart(338)) - No SessionScavenger set, using defaults
2020-06-10 23:32:23,016 [Listener at 127.0.0.1/37921] INFO  server.session (HouseKeeper.java:startScavenging(140)) - node0 Scavenging every 660000ms
2020-06-10 23:32:23,017 [Listener at 127.0.0.1/37921] INFO  server.AuthenticationFilter (AuthenticationFilter.java:constructSecretProvider(240)) - Unable to initialize FileSignerSecretProvider, falling back to use random secrets.
2020-06-10 23:32:23,019 [Listener at 127.0.0.1/37921] INFO  handler.ContextHandler (ContextHandler.java:doStart(825)) - Started o.e.j.s.ServletContextHandler@3fd72df5{logs,/logs,file:///github/workspace/mnt/ozone/hadoop-ozone/integration-test/target/log,AVAILABLE}
2020-06-10 23:32:23,019 [Listener at 127.0.0.1/37921] INFO  handler.ContextHandler (ContextHandler.java:doStart(825)) - Started o.e.j.s.ServletContextHandler@16977e9e{static,/static,jar:file:/home/user/.m2/repository/org/apache/hadoop/hadoop-hdds-container-service/0.6.0-SNAPSHOT/hadoop-hdds-container-service-0.6.0-SNAPSHOT.jar!/webapps/static,AVAILABLE}
2020-06-10 23:32:23,042 [Listener at 127.0.0.1/37921] INFO  handler.ContextHandler (ContextHandler.java:doStart(825)) - Started o.e.j.w.WebAppContext@7ac81283{hddsDatanode,/,file:///tmp/jetty-0_0_0_0-43349-hadoop-hdds-container-service-0_6_0-SNAPSHOT_jar-_-any-7576426308798238660.dir/webapp/,AVAILABLE}{jar:file:/home/user/.m2/repository/org/apache/hadoop/hadoop-hdds-container-service/0.6.0-SNAPSHOT/hadoop-hdds-container-service-0.6.0-SNAPSHOT.jar!/webapps/hddsDatanode}
2020-06-10 23:32:23,044 [Listener at 127.0.0.1/37921] INFO  server.AbstractConnector (AbstractConnector.java:doStart(330)) - Started ServerConnector@11b6ae72{HTTP/1.1,[http/1.1]}{0.0.0.0:43349}
2020-06-10 23:32:23,044 [Listener at 127.0.0.1/37921] INFO  server.Server (Server.java:doStart(399)) - Started @5906ms
2020-06-10 23:32:23,044 [Listener at 127.0.0.1/37921] WARN  impl.MetricsSystemImpl (MetricsSystemImpl.java:register(276)) - Sink prometheus already exists!
2020-06-10 23:32:23,047 [Listener at 127.0.0.1/37921] INFO  http.BaseHttpServer (BaseHttpServer.java:updateConnectorAddress(325)) - HTTP server of hddsDatanode listening at http://0.0.0.0:43349
2020-06-10 23:32:23,050 [Listener at 127.0.0.1/37921] INFO  impl.MetricsSystemImpl (MetricsSystemImpl.java:init(158)) - HddsDatanode metrics system started (again)
2020-06-10 23:32:23,054 [Listener at 127.0.0.1/37921] INFO  ozone.HddsDatanodeService (HddsDatanodeService.java:start(197)) - HddsDatanodeService host:be5d1cd46157 ip:172.17.0.2
2020-06-10 23:32:23,056 [Listener at 127.0.0.1/37921] INFO  volume.HddsVolume (HddsVolume.java:<init>(176)) - Creating Volume: /github/workspace/mnt/ozone/hadoop-ozone/integration-test/target/test-dir/MiniOzoneClusterImpl-8f60d98f-01ba-4335-ba92-853c1a5e70bb/datanode-6/data-0/containers/hdds of storage type : DISK and capacity : 9223372036854775807
2020-06-10 23:32:23,056 [Listener at 127.0.0.1/37921] INFO  volume.MutableVolumeSet (MutableVolumeSet.java:initializeVolumeSet(181)) - Added Volume : /github/workspace/mnt/ozone/hadoop-ozone/integration-test/target/test-dir/MiniOzoneClusterImpl-8f60d98f-01ba-4335-ba92-853c1a5e70bb/datanode-6/data-0/containers/hdds to VolumeSet
2020-06-10 23:32:23,056 [Listener at 127.0.0.1/37921] INFO  volume.ThrottledAsyncChecker (ThrottledAsyncChecker.java:schedule(141)) - Scheduling a check for /github/workspace/mnt/ozone/hadoop-ozone/integration-test/target/test-dir/MiniOzoneClusterImpl-8f60d98f-01ba-4335-ba92-853c1a5e70bb/datanode-6/data-0/containers/hdds
2020-06-10 23:32:23,064 [Listener at 127.0.0.1/37921] INFO  volume.HddsVolumeChecker (HddsVolumeChecker.java:checkAllVolumes(200)) - Scheduled health check for volume /github/workspace/mnt/ozone/hadoop-ozone/integration-test/target/test-dir/MiniOzoneClusterImpl-8f60d98f-01ba-4335-ba92-853c1a5e70bb/datanode-6/data-0/containers/hdds
2020-06-10 23:32:23,101 [Listener at 127.0.0.1/37921] INFO  impl.RaftServerProxy (ConfUtils.java:logGet(44)) - raft.rpc.type = GRPC (default)
2020-06-10 23:32:23,101 [Listener at 127.0.0.1/37921] INFO  grpc.GrpcFactory (GrpcFactory.java:checkPooledByteBufAllocatorUseCacheForAllThreads(45)) - PERFORMANCE WARNING: useCacheForAllThreads is true that may cause Netty to create a lot garbage objects and, as a result, trigger GC.
	It is recommended to disable useCacheForAllThreads by setting -Dorg.apache.ratis.thirdparty.io.netty.allocator.useCacheForAllThreads=false in command line.
2020-06-10 23:32:23,101 [Listener at 127.0.0.1/37921] INFO  grpc.GrpcConfigKeys (ConfUtils.java:logGet(44)) - raft.grpc.server.port = 0 (default)
2020-06-10 23:32:23,101 [Listener at 127.0.0.1/37921] INFO  server.GrpcService (ConfUtils.java:logGet(44)) - raft.grpc.message.size.max = 32MB (=33554432) (custom)
2020-06-10 23:32:23,102 [Listener at 127.0.0.1/37921] INFO  server.RaftServerConfigKeys (ConfUtils.java:logGet(44)) - raft.server.log.appender.buffer.byte-limit = 33554432 (custom)
2020-06-10 23:32:23,102 [Listener at 127.0.0.1/37921] INFO  server.GrpcService (ConfUtils.java:logGet(44)) - raft.grpc.flow.control.window = 5MB (=5242880) (custom)
2020-06-10 23:32:23,102 [Listener at 127.0.0.1/37921] INFO  server.RaftServerConfigKeys (ConfUtils.java:logGet(44)) - raft.server.rpc.request.timeout = 3s (default)
2020-06-10 23:32:23,103 [Listener at 127.0.0.1/37921] INFO  server.RaftServerConfigKeys (ConfUtils.java:logGet(44)) - raft.server.storage.dir = [/github/workspace/mnt/ozone/hadoop-ozone/integration-test/target/test-dir/MiniOzoneClusterImpl-8f60d98f-01ba-4335-ba92-853c1a5e70bb/datanode-6/data/ratis] (custom)
2020-06-10 23:32:23,110 [org.apache.hadoop.util.JvmPauseMonitor$Monitor@56e449df] INFO  util.JvmPauseMonitor (JvmPauseMonitor.java:run(188)) - Starting JVM pause monitor
2020-06-10 23:32:23,113 [Datanode State Machine Thread - 0] INFO  datanode.InitDatanodeState (InitDatanodeState.java:persistContainerDatanodeDetails(145)) - DatanodeDetails is persisted to /github/workspace/mnt/ozone/hadoop-ozone/integration-test/target/test-dir/MiniOzoneClusterImpl-8f60d98f-01ba-4335-ba92-853c1a5e70bb/datanode-5/meta/datanode.id
2020-06-10 23:32:23,117 [Listener at 127.0.0.1/37921] INFO  http.BaseHttpServer (BaseHttpServer.java:newHttpServer2BuilderForOzone(205)) - Starting Web-server for hddsDatanode at: http://0.0.0.0:0
2020-06-10 23:32:23,117 [Listener at 127.0.0.1/37921] INFO  http.BaseHttpServer (BaseHttpServer.java:<init>(106)) - Hadoop Security Enabled: false Ozone Security Enabled: false Ozone HTTP Security Enabled: false 
2020-06-10 23:32:23,119 [Listener at 127.0.0.1/37921] INFO  server.AuthenticationFilter (AuthenticationFilter.java:constructSecretProvider(240)) - Unable to initialize FileSignerSecretProvider, falling back to use random secrets.
2020-06-10 23:32:23,119 [Listener at 127.0.0.1/37921] WARN  http.HttpRequestLog (HttpRequestLog.java:getRequestLog(103)) - Jetty request log can only be enabled using Log4j
2020-06-10 23:32:23,120 [Listener at 127.0.0.1/37921] INFO  http.HttpServer2 (HttpServer2.java:addGlobalFilter(993)) - Added global filter 'safety' (class=org.apache.hadoop.hdds.server.http.HttpServer2$QuotingInputFilter)
2020-06-10 23:32:23,121 [Listener at 127.0.0.1/37921] INFO  http.HttpServer2 (HttpServer2.java:addFilter(969)) - Added filter authentication (class=org.apache.hadoop.security.authentication.server.AuthenticationFilter) to context hddsDatanode
2020-06-10 23:32:23,121 [Listener at 127.0.0.1/37921] INFO  http.HttpServer2 (HttpServer2.java:addFilter(977)) - Added filter authentication (class=org.apache.hadoop.security.authentication.server.AuthenticationFilter) to context static
2020-06-10 23:32:23,121 [Listener at 127.0.0.1/37921] INFO  http.HttpServer2 (HttpServer2.java:addFilter(977)) - Added filter authentication (class=org.apache.hadoop.security.authentication.server.AuthenticationFilter) to context logs
2020-06-10 23:32:23,122 [Listener at 127.0.0.1/37921] INFO  http.HttpServer2 (HttpServer2.java:bindListener(1211)) - Jetty bound to port 37261
2020-06-10 23:32:23,122 [Listener at 127.0.0.1/37921] INFO  server.Server (Server.java:doStart(359)) - jetty-9.4.26.v20200117; built: 2020-01-17T12:35:33.676Z; git: 7b38981d25d14afb4a12ff1f2596756144edf695; jvm 1.8.0_232-b09
2020-06-10 23:32:23,125 [Listener at 127.0.0.1/37921] INFO  server.session (DefaultSessionIdManager.java:doStart(333)) - DefaultSessionIdManager workerName=node0
2020-06-10 23:32:23,125 [Listener at 127.0.0.1/37921] INFO  server.session (DefaultSessionIdManager.java:doStart(338)) - No SessionScavenger set, using defaults
2020-06-10 23:32:23,125 [Listener at 127.0.0.1/37921] INFO  server.session (HouseKeeper.java:startScavenging(140)) - node0 Scavenging every 600000ms
2020-06-10 23:32:23,128 [Listener at 127.0.0.1/37921] INFO  server.AuthenticationFilter (AuthenticationFilter.java:constructSecretProvider(240)) - Unable to initialize FileSignerSecretProvider, falling back to use random secrets.
2020-06-10 23:32:23,129 [Listener at 127.0.0.1/37921] INFO  handler.ContextHandler (ContextHandler.java:doStart(825)) - Started o.e.j.s.ServletContextHandler@336af071{logs,/logs,file:///github/workspace/mnt/ozone/hadoop-ozone/integration-test/target/log,AVAILABLE}
2020-06-10 23:32:23,129 [Listener at 127.0.0.1/37921] INFO  handler.ContextHandler (ContextHandler.java:doStart(825)) - Started o.e.j.s.ServletContextHandler@16c19074{static,/static,jar:file:/home/user/.m2/repository/org/apache/hadoop/hadoop-hdds-container-service/0.6.0-SNAPSHOT/hadoop-hdds-container-service-0.6.0-SNAPSHOT.jar!/webapps/static,AVAILABLE}
2020-06-10 23:32:23,145 [Listener at 127.0.0.1/37921] INFO  handler.ContextHandler (ContextHandler.java:doStart(825)) - Started o.e.j.w.WebAppContext@11e3e165{hddsDatanode,/,file:///tmp/jetty-0_0_0_0-37261-hadoop-hdds-container-service-0_6_0-SNAPSHOT_jar-_-any-5746961165220223655.dir/webapp/,AVAILABLE}{jar:file:/home/user/.m2/repository/org/apache/hadoop/hadoop-hdds-container-service/0.6.0-SNAPSHOT/hadoop-hdds-container-service-0.6.0-SNAPSHOT.jar!/webapps/hddsDatanode}
2020-06-10 23:32:23,153 [Listener at 127.0.0.1/37921] INFO  server.AbstractConnector (AbstractConnector.java:doStart(330)) - Started ServerConnector@11494ec0{HTTP/1.1,[http/1.1]}{0.0.0.0:37261}
2020-06-10 23:32:23,153 [Listener at 127.0.0.1/37921] INFO  server.Server (Server.java:doStart(399)) - Started @6015ms
2020-06-10 23:32:23,153 [Listener at 127.0.0.1/37921] WARN  impl.MetricsSystemImpl (MetricsSystemImpl.java:register(276)) - Sink prometheus already exists!
2020-06-10 23:32:23,156 [Listener at 127.0.0.1/37921] INFO  http.BaseHttpServer (BaseHttpServer.java:updateConnectorAddress(325)) - HTTP server of hddsDatanode listening at http://0.0.0.0:37261
2020-06-10 23:32:23,160 [Listener at 127.0.0.1/37921] INFO  ozone.MiniOzoneClusterImpl (MiniOzoneClusterImpl.java:lambda$waitForClusterToBeReady$0(177)) - Waiting for nodes to be ready. Got 0 of 7 DN Heartbeats.
2020-06-10 23:32:23,160 [Listener at 127.0.0.1/37921] INFO  ozone.MiniOzoneClusterImpl (MiniOzoneClusterImpl.java:lambda$waitForClusterToBeReady$0(180)) - Waiting for cluster to exit safe mode
2020-06-10 23:32:23,165 [org.apache.hadoop.util.JvmPauseMonitor$Monitor@52683ccf] INFO  util.JvmPauseMonitor (JvmPauseMonitor.java:run(188)) - Starting JVM pause monitor
2020-06-10 23:32:23,168 [Datanode State Machine Thread - 0] INFO  datanode.InitDatanodeState (InitDatanodeState.java:persistContainerDatanodeDetails(145)) - DatanodeDetails is persisted to /github/workspace/mnt/ozone/hadoop-ozone/integration-test/target/test-dir/MiniOzoneClusterImpl-8f60d98f-01ba-4335-ba92-853c1a5e70bb/datanode-6/meta/datanode.id
2020-06-10 23:32:24,161 [Listener at 127.0.0.1/37921] INFO  ozone.MiniOzoneClusterImpl (MiniOzoneClusterImpl.java:lambda$waitForClusterToBeReady$0(177)) - Waiting for nodes to be ready. Got 0 of 7 DN Heartbeats.
2020-06-10 23:32:24,161 [Listener at 127.0.0.1/37921] INFO  ozone.MiniOzoneClusterImpl (MiniOzoneClusterImpl.java:lambda$waitForClusterToBeReady$0(180)) - Waiting for cluster to exit safe mode
2020-06-10 23:32:24,530 [Datanode State Machine Thread - 0] INFO  ozoneimpl.OzoneContainer (OzoneContainer.java:start(232)) - Attempting to start container services.
2020-06-10 23:32:24,531 [Datanode State Machine Thread - 0] INFO  ozoneimpl.OzoneContainer (OzoneContainer.java:startContainerScrub(196)) - Background container scanner has been disabled.
2020-06-10 23:32:24,531 [Datanode State Machine Thread - 0] INFO  ratis.XceiverServerRatis (XceiverServerRatis.java:start(425)) - Starting XceiverServerRatis b166f10c-c404-4dcb-a087-ba4800654d2c at port 0
2020-06-10 23:32:24,543 [Datanode State Machine Thread - 0] INFO  impl.RaftServerProxy (RaftServerProxy.java:lambda$start$3(304)) - b166f10c-c404-4dcb-a087-ba4800654d2c: start RPC server
2020-06-10 23:32:24,620 [Datanode State Machine Thread - 0] INFO  server.GrpcService (GrpcService.java:startImpl(160)) - b166f10c-c404-4dcb-a087-ba4800654d2c: GrpcService started, listening on 0.0.0.0/0.0.0.0:43565
2020-06-10 23:32:24,620 [Datanode State Machine Thread - 0] INFO  ratis.XceiverServerRatis (XceiverServerRatis.java:start(437)) - XceiverServerRatis b166f10c-c404-4dcb-a087-ba4800654d2c is started using port 43565
2020-06-10 23:32:24,624 [Datanode State Machine Thread - 0] INFO  server.XceiverServerGrpc (XceiverServerGrpc.java:start(145)) - XceiverServerGrpc b166f10c-c404-4dcb-a087-ba4800654d2c is started using port 36577
2020-06-10 23:32:24,673 [Datanode State Machine Thread - 0] INFO  ozoneimpl.OzoneContainer (OzoneContainer.java:start(232)) - Attempting to start container services.
2020-06-10 23:32:24,677 [Datanode State Machine Thread - 0] INFO  ozoneimpl.OzoneContainer (OzoneContainer.java:startContainerScrub(196)) - Background container scanner has been disabled.
2020-06-10 23:32:24,677 [Datanode State Machine Thread - 0] INFO  ratis.XceiverServerRatis (XceiverServerRatis.java:start(425)) - Starting XceiverServerRatis 1aa28a79-6085-416d-8460-1e98e8b061ff at port 0
2020-06-10 23:32:24,681 [Datanode State Machine Thread - 0] INFO  impl.RaftServerProxy (RaftServerProxy.java:lambda$start$3(304)) - 1aa28a79-6085-416d-8460-1e98e8b061ff: start RPC server
2020-06-10 23:32:24,695 [Datanode State Machine Thread - 0] INFO  server.GrpcService (GrpcService.java:startImpl(160)) - 1aa28a79-6085-416d-8460-1e98e8b061ff: GrpcService started, listening on 0.0.0.0/0.0.0.0:39429
2020-06-10 23:32:24,695 [Datanode State Machine Thread - 0] INFO  ratis.XceiverServerRatis (XceiverServerRatis.java:start(437)) - XceiverServerRatis 1aa28a79-6085-416d-8460-1e98e8b061ff is started using port 39429
2020-06-10 23:32:24,696 [Datanode State Machine Thread - 0] INFO  server.XceiverServerGrpc (XceiverServerGrpc.java:start(145)) - XceiverServerGrpc 1aa28a79-6085-416d-8460-1e98e8b061ff is started using port 33477
2020-06-10 23:32:24,772 [Datanode State Machine Thread - 0] INFO  ozoneimpl.OzoneContainer (OzoneContainer.java:start(232)) - Attempting to start container services.
2020-06-10 23:32:24,773 [Datanode State Machine Thread - 0] INFO  ozoneimpl.OzoneContainer (OzoneContainer.java:startContainerScrub(196)) - Background container scanner has been disabled.
2020-06-10 23:32:24,773 [Datanode State Machine Thread - 0] INFO  ratis.XceiverServerRatis (XceiverServerRatis.java:start(425)) - Starting XceiverServerRatis c3c497a8-7dd5-4f0b-8431-82df52c157aa at port 0
2020-06-10 23:32:24,774 [Datanode State Machine Thread - 0] INFO  impl.RaftServerProxy (RaftServerProxy.java:lambda$start$3(304)) - c3c497a8-7dd5-4f0b-8431-82df52c157aa: start RPC server
2020-06-10 23:32:24,791 [Datanode State Machine Thread - 0] INFO  server.GrpcService (GrpcService.java:startImpl(160)) - c3c497a8-7dd5-4f0b-8431-82df52c157aa: GrpcService started, listening on 0.0.0.0/0.0.0.0:43239
2020-06-10 23:32:24,791 [Datanode State Machine Thread - 0] INFO  ratis.XceiverServerRatis (XceiverServerRatis.java:start(437)) - XceiverServerRatis c3c497a8-7dd5-4f0b-8431-82df52c157aa is started using port 43239
2020-06-10 23:32:24,793 [Datanode State Machine Thread - 0] INFO  server.XceiverServerGrpc (XceiverServerGrpc.java:start(145)) - XceiverServerGrpc c3c497a8-7dd5-4f0b-8431-82df52c157aa is started using port 38473
2020-06-10 23:32:24,882 [Datanode State Machine Thread - 0] INFO  ozoneimpl.OzoneContainer (OzoneContainer.java:start(232)) - Attempting to start container services.
2020-06-10 23:32:24,883 [Datanode State Machine Thread - 0] INFO  ozoneimpl.OzoneContainer (OzoneContainer.java:startContainerScrub(196)) - Background container scanner has been disabled.
2020-06-10 23:32:24,883 [Datanode State Machine Thread - 0] INFO  ratis.XceiverServerRatis (XceiverServerRatis.java:start(425)) - Starting XceiverServerRatis 0a730c46-ee0f-4298-8093-6277af9a8f8e at port 0
2020-06-10 23:32:24,884 [Datanode State Machine Thread - 0] INFO  impl.RaftServerProxy (RaftServerProxy.java:lambda$start$3(304)) - 0a730c46-ee0f-4298-8093-6277af9a8f8e: start RPC server
2020-06-10 23:32:24,894 [Datanode State Machine Thread - 0] INFO  server.GrpcService (GrpcService.java:startImpl(160)) - 0a730c46-ee0f-4298-8093-6277af9a8f8e: GrpcService started, listening on 0.0.0.0/0.0.0.0:44173
2020-06-10 23:32:24,894 [Datanode State Machine Thread - 0] INFO  ratis.XceiverServerRatis (XceiverServerRatis.java:start(437)) - XceiverServerRatis 0a730c46-ee0f-4298-8093-6277af9a8f8e is started using port 44173
2020-06-10 23:32:24,898 [Datanode State Machine Thread - 0] INFO  server.XceiverServerGrpc (XceiverServerGrpc.java:start(145)) - XceiverServerGrpc 0a730c46-ee0f-4298-8093-6277af9a8f8e is started using port 41025
2020-06-10 23:32:25,003 [Datanode State Machine Thread - 0] INFO  ozoneimpl.OzoneContainer (OzoneContainer.java:start(232)) - Attempting to start container services.
2020-06-10 23:32:25,004 [Datanode State Machine Thread - 0] INFO  ozoneimpl.OzoneContainer (OzoneContainer.java:startContainerScrub(196)) - Background container scanner has been disabled.
2020-06-10 23:32:25,004 [Datanode State Machine Thread - 0] INFO  ratis.XceiverServerRatis (XceiverServerRatis.java:start(425)) - Starting XceiverServerRatis e1213966-9098-4efb-a904-a4cb2a6fb33e at port 0
2020-06-10 23:32:25,005 [Datanode State Machine Thread - 0] INFO  impl.RaftServerProxy (RaftServerProxy.java:lambda$start$3(304)) - e1213966-9098-4efb-a904-a4cb2a6fb33e: start RPC server
2020-06-10 23:32:25,016 [Datanode State Machine Thread - 0] INFO  server.GrpcService (GrpcService.java:startImpl(160)) - e1213966-9098-4efb-a904-a4cb2a6fb33e: GrpcService started, listening on 0.0.0.0/0.0.0.0:36871
2020-06-10 23:32:25,017 [Datanode State Machine Thread - 0] INFO  ratis.XceiverServerRatis (XceiverServerRatis.java:start(437)) - XceiverServerRatis e1213966-9098-4efb-a904-a4cb2a6fb33e is started using port 36871
2020-06-10 23:32:25,018 [Datanode State Machine Thread - 0] INFO  server.XceiverServerGrpc (XceiverServerGrpc.java:start(145)) - XceiverServerGrpc e1213966-9098-4efb-a904-a4cb2a6fb33e is started using port 35757
2020-06-10 23:32:25,114 [Datanode State Machine Thread - 0] INFO  ozoneimpl.OzoneContainer (OzoneContainer.java:start(232)) - Attempting to start container services.
2020-06-10 23:32:25,115 [Datanode State Machine Thread - 0] INFO  ozoneimpl.OzoneContainer (OzoneContainer.java:startContainerScrub(196)) - Background container scanner has been disabled.
2020-06-10 23:32:25,115 [Datanode State Machine Thread - 0] INFO  ratis.XceiverServerRatis (XceiverServerRatis.java:start(425)) - Starting XceiverServerRatis 868206e5-f05c-4376-a56d-5589c771f96d at port 0
2020-06-10 23:32:25,117 [Datanode State Machine Thread - 0] INFO  impl.RaftServerProxy (RaftServerProxy.java:lambda$start$3(304)) - 868206e5-f05c-4376-a56d-5589c771f96d: start RPC server
2020-06-10 23:32:25,120 [Datanode State Machine Thread - 0] INFO  server.GrpcService (GrpcService.java:startImpl(160)) - 868206e5-f05c-4376-a56d-5589c771f96d: GrpcService started, listening on 0.0.0.0/0.0.0.0:37567
2020-06-10 23:32:25,120 [Datanode State Machine Thread - 0] INFO  ratis.XceiverServerRatis (XceiverServerRatis.java:start(437)) - XceiverServerRatis 868206e5-f05c-4376-a56d-5589c771f96d is started using port 37567
2020-06-10 23:32:25,121 [Datanode State Machine Thread - 0] INFO  server.XceiverServerGrpc (XceiverServerGrpc.java:start(145)) - XceiverServerGrpc 868206e5-f05c-4376-a56d-5589c771f96d is started using port 36927
2020-06-10 23:32:25,161 [Listener at 127.0.0.1/37921] INFO  ozone.MiniOzoneClusterImpl (MiniOzoneClusterImpl.java:lambda$waitForClusterToBeReady$0(177)) - Waiting for nodes to be ready. Got 0 of 7 DN Heartbeats.
2020-06-10 23:32:25,162 [Listener at 127.0.0.1/37921] INFO  ozone.MiniOzoneClusterImpl (MiniOzoneClusterImpl.java:lambda$waitForClusterToBeReady$0(180)) - Waiting for cluster to exit safe mode
2020-06-10 23:32:25,169 [Datanode State Machine Thread - 0] INFO  ozoneimpl.OzoneContainer (OzoneContainer.java:start(232)) - Attempting to start container services.
2020-06-10 23:32:25,169 [Datanode State Machine Thread - 0] INFO  ozoneimpl.OzoneContainer (OzoneContainer.java:startContainerScrub(196)) - Background container scanner has been disabled.
2020-06-10 23:32:25,170 [Datanode State Machine Thread - 0] INFO  ratis.XceiverServerRatis (XceiverServerRatis.java:start(425)) - Starting XceiverServerRatis 60999281-18f3-4685-a582-52e660a939f2 at port 0
2020-06-10 23:32:25,173 [Datanode State Machine Thread - 0] INFO  impl.RaftServerProxy (RaftServerProxy.java:lambda$start$3(304)) - 60999281-18f3-4685-a582-52e660a939f2: start RPC server
2020-06-10 23:32:25,175 [Datanode State Machine Thread - 0] INFO  server.GrpcService (GrpcService.java:startImpl(160)) - 60999281-18f3-4685-a582-52e660a939f2: GrpcService started, listening on 0.0.0.0/0.0.0.0:41063
2020-06-10 23:32:25,175 [Datanode State Machine Thread - 0] INFO  ratis.XceiverServerRatis (XceiverServerRatis.java:start(437)) - XceiverServerRatis 60999281-18f3-4685-a582-52e660a939f2 is started using port 41063
2020-06-10 23:32:25,177 [Datanode State Machine Thread - 0] INFO  server.XceiverServerGrpc (XceiverServerGrpc.java:start(145)) - XceiverServerGrpc 60999281-18f3-4685-a582-52e660a939f2 is started using port 44067
2020-06-10 23:32:26,162 [Listener at 127.0.0.1/37921] INFO  ozone.MiniOzoneClusterImpl (MiniOzoneClusterImpl.java:lambda$waitForClusterToBeReady$0(177)) - Waiting for nodes to be ready. Got 0 of 7 DN Heartbeats.
2020-06-10 23:32:26,162 [Listener at 127.0.0.1/37921] INFO  ozone.MiniOzoneClusterImpl (MiniOzoneClusterImpl.java:lambda$waitForClusterToBeReady$0(180)) - Waiting for cluster to exit safe mode
2020-06-10 23:32:26,485 [IPC Server handler 0 on default port 43861] INFO  net.NetworkTopology (NetworkTopologyImpl.java:add(111)) - Added a new node: /default-rack/b166f10c-c404-4dcb-a087-ba4800654d2c
2020-06-10 23:32:26,485 [IPC Server handler 0 on default port 43861] INFO  node.SCMNodeManager (SCMNodeManager.java:register(268)) - Registered Data node : b166f10c-c404-4dcb-a087-ba4800654d2c{ip: 172.17.0.2, host: be5d1cd46157, networkLocation: /default-rack, certSerialId: null}
2020-06-10 23:32:26,500 [RatisPipelineUtilsThread] INFO  pipeline.RatisPipelineProvider (RatisPipelineProvider.java:lambda$create$0(138)) - Sending CreatePipelineCommand for pipeline:PipelineID=d1eb9c1a-1468-40e1-8d6d-4d43e2e77a8c to datanode:b166f10c-c404-4dcb-a087-ba4800654d2c
2020-06-10 23:32:26,505 [EventQueue-NodeRegistrationContainerReportForContainerSafeModeRule] INFO  safemode.SCMSafeModeManager (SCMSafeModeManager.java:validateSafeModeExitRules(213)) - ContainerSafeModeRule rule is successfully validated
2020-06-10 23:32:26,506 [EventQueue-NodeRegistrationContainerReportForDataNodeSafeModeRule] INFO  safemode.SCMSafeModeManager (DataNodeSafeModeRule.java:process(71)) - SCM in safe mode. 1 DataNodes registered, 1 required.
2020-06-10 23:32:26,506 [EventQueue-NodeRegistrationContainerReportForDataNodeSafeModeRule] INFO  safemode.SCMSafeModeManager (SCMSafeModeManager.java:validateSafeModeExitRules(213)) - DataNodeSafeModeRule rule is successfully validated
2020-06-10 23:32:26,506 [EventQueue-NodeRegistrationContainerReportForDataNodeSafeModeRule] INFO  safemode.SCMSafeModeManager (SCMSafeModeManager.java:completePreCheck(241)) - All SCM safe mode pre check rules have passed
2020-06-10 23:32:26,523 [RatisPipelineUtilsThread] INFO  pipeline.PipelineStateManager (PipelineStateManager.java:addPipeline(54)) - Created pipeline Pipeline[ Id: d1eb9c1a-1468-40e1-8d6d-4d43e2e77a8c, Nodes: b166f10c-c404-4dcb-a087-ba4800654d2c{ip: 172.17.0.2, host: be5d1cd46157, networkLocation: /default-rack, certSerialId: null}, Type:RATIS, Factor:ONE, State:ALLOCATED, leaderId:, CreationTimestamp2020-06-10T23:32:26.496Z]
2020-06-10 23:32:26,527 [RatisPipelineUtilsThread] ERROR pipeline.SCMPipelineManager (SCMPipelineManager.java:createPipeline(222)) - Failed to create pipeline of type RATIS and factor ONE. Exception: Cannot create pipeline of factor 1 using 0 nodes. Used 1 nodes. Healthy nodes 1
2020-06-10 23:32:26,527 [RatisPipelineUtilsThread] WARN  pipeline.PipelinePlacementPolicy (PipelinePlacementPolicy.java:filterViableNodes(133)) - Pipeline creation failed due to no sufficient healthy datanodes. Required 3. Found 1.
2020-06-10 23:32:26,527 [RatisPipelineUtilsThread] ERROR pipeline.SCMPipelineManager (SCMPipelineManager.java:createPipeline(222)) - Failed to create pipeline of type RATIS and factor THREE. Exception: Pipeline creation failed due to no sufficient healthy datanodes. Required 3. Found 1.
2020-06-10 23:32:26,670 [IPC Server handler 1 on default port 43861] INFO  net.NetworkTopology (NetworkTopologyImpl.java:add(111)) - Added a new node: /default-rack/1aa28a79-6085-416d-8460-1e98e8b061ff
2020-06-10 23:32:26,670 [IPC Server handler 1 on default port 43861] INFO  node.SCMNodeManager (SCMNodeManager.java:register(268)) - Registered Data node : 1aa28a79-6085-416d-8460-1e98e8b061ff{ip: 172.17.0.2, host: be5d1cd46157, networkLocation: /default-rack, certSerialId: null}
2020-06-10 23:32:26,671 [EventQueue-NodeRegistrationContainerReportForContainerSafeModeRule] INFO  safemode.SCMSafeModeManager (SCMSafeModeManager.java:validateSafeModeExitRules(213)) - ContainerSafeModeRule rule is successfully validated
2020-06-10 23:32:26,671 [EventQueue-NodeRegistrationContainerReportForDataNodeSafeModeRule] INFO  safemode.SCMSafeModeManager (SCMSafeModeManager.java:validateSafeModeExitRules(213)) - DataNodeSafeModeRule rule is successfully validated
2020-06-10 23:32:26,672 [RatisPipelineUtilsThread] INFO  pipeline.RatisPipelineProvider (RatisPipelineProvider.java:lambda$create$0(138)) - Sending CreatePipelineCommand for pipeline:PipelineID=9453edeb-c0ac-41f9-9aa5-cf34ed9ae28b to datanode:1aa28a79-6085-416d-8460-1e98e8b061ff
2020-06-10 23:32:26,673 [RatisPipelineUtilsThread] INFO  pipeline.PipelineStateManager (PipelineStateManager.java:addPipeline(54)) - Created pipeline Pipeline[ Id: 9453edeb-c0ac-41f9-9aa5-cf34ed9ae28b, Nodes: 1aa28a79-6085-416d-8460-1e98e8b061ff{ip: 172.17.0.2, host: be5d1cd46157, networkLocation: /default-rack, certSerialId: null}, Type:RATIS, Factor:ONE, State:ALLOCATED, leaderId:, CreationTimestamp2020-06-10T23:32:26.672Z]
2020-06-10 23:32:26,673 [RatisPipelineUtilsThread] ERROR pipeline.SCMPipelineManager (SCMPipelineManager.java:createPipeline(222)) - Failed to create pipeline of type RATIS and factor ONE. Exception: Cannot create pipeline of factor 1 using 0 nodes. Used 2 nodes. Healthy nodes 2
2020-06-10 23:32:26,674 [RatisPipelineUtilsThread] WARN  pipeline.PipelinePlacementPolicy (PipelinePlacementPolicy.java:filterViableNodes(133)) - Pipeline creation failed due to no sufficient healthy datanodes. Required 3. Found 2.
2020-06-10 23:32:26,674 [RatisPipelineUtilsThread] ERROR pipeline.SCMPipelineManager (SCMPipelineManager.java:createPipeline(222)) - Failed to create pipeline of type RATIS and factor THREE. Exception: Pipeline creation failed due to no sufficient healthy datanodes. Required 3. Found 2.
2020-06-10 23:32:26,770 [IPC Server handler 2 on default port 43861] INFO  net.NetworkTopology (NetworkTopologyImpl.java:add(111)) - Added a new node: /default-rack/c3c497a8-7dd5-4f0b-8431-82df52c157aa
2020-06-10 23:32:26,770 [IPC Server handler 2 on default port 43861] INFO  node.SCMNodeManager (SCMNodeManager.java:register(268)) - Registered Data node : c3c497a8-7dd5-4f0b-8431-82df52c157aa{ip: 172.17.0.2, host: be5d1cd46157, networkLocation: /default-rack, certSerialId: null}
2020-06-10 23:32:26,771 [EventQueue-NodeRegistrationContainerReportForContainerSafeModeRule] INFO  safemode.SCMSafeModeManager (SCMSafeModeManager.java:validateSafeModeExitRules(213)) - ContainerSafeModeRule rule is successfully validated
2020-06-10 23:32:26,771 [RatisPipelineUtilsThread] INFO  pipeline.RatisPipelineProvider (RatisPipelineProvider.java:lambda$create$0(138)) - Sending CreatePipelineCommand for pipeline:PipelineID=35c0b9ea-a962-4f56-8b42-83253e31afc1 to datanode:c3c497a8-7dd5-4f0b-8431-82df52c157aa
2020-06-10 23:32:26,771 [EventQueue-NodeRegistrationContainerReportForDataNodeSafeModeRule] INFO  safemode.SCMSafeModeManager (SCMSafeModeManager.java:validateSafeModeExitRules(213)) - DataNodeSafeModeRule rule is successfully validated
2020-06-10 23:32:26,772 [RatisPipelineUtilsThread] INFO  pipeline.PipelineStateManager (PipelineStateManager.java:addPipeline(54)) - Created pipeline Pipeline[ Id: 35c0b9ea-a962-4f56-8b42-83253e31afc1, Nodes: c3c497a8-7dd5-4f0b-8431-82df52c157aa{ip: 172.17.0.2, host: be5d1cd46157, networkLocation: /default-rack, certSerialId: null}, Type:RATIS, Factor:ONE, State:ALLOCATED, leaderId:, CreationTimestamp2020-06-10T23:32:26.771Z]
2020-06-10 23:32:26,772 [RatisPipelineUtilsThread] ERROR pipeline.SCMPipelineManager (SCMPipelineManager.java:createPipeline(222)) - Failed to create pipeline of type RATIS and factor ONE. Exception: Cannot create pipeline of factor 1 using 0 nodes. Used 3 nodes. Healthy nodes 3
2020-06-10 23:32:26,778 [RatisPipelineUtilsThread] INFO  pipeline.RatisPipelineProvider (RatisPipelineProvider.java:lambda$create$0(138)) - Sending CreatePipelineCommand for pipeline:PipelineID=0c3dcd96-bd09-4ae5-9fb1-349f9bd86eac to datanode:b166f10c-c404-4dcb-a087-ba4800654d2c
2020-06-10 23:32:26,778 [RatisPipelineUtilsThread] INFO  pipeline.RatisPipelineProvider (RatisPipelineProvider.java:lambda$create$0(138)) - Sending CreatePipelineCommand for pipeline:PipelineID=0c3dcd96-bd09-4ae5-9fb1-349f9bd86eac to datanode:1aa28a79-6085-416d-8460-1e98e8b061ff
2020-06-10 23:32:26,778 [RatisPipelineUtilsThread] INFO  pipeline.RatisPipelineProvider (RatisPipelineProvider.java:lambda$create$0(138)) - Sending CreatePipelineCommand for pipeline:PipelineID=0c3dcd96-bd09-4ae5-9fb1-349f9bd86eac to datanode:c3c497a8-7dd5-4f0b-8431-82df52c157aa
2020-06-10 23:32:26,778 [RatisPipelineUtilsThread] INFO  pipeline.PipelineStateManager (PipelineStateManager.java:addPipeline(54)) - Created pipeline Pipeline[ Id: 0c3dcd96-bd09-4ae5-9fb1-349f9bd86eac, Nodes: b166f10c-c404-4dcb-a087-ba4800654d2c{ip: 172.17.0.2, host: be5d1cd46157, networkLocation: /default-rack, certSerialId: null}1aa28a79-6085-416d-8460-1e98e8b061ff{ip: 172.17.0.2, host: be5d1cd46157, networkLocation: /default-rack, certSerialId: null}c3c497a8-7dd5-4f0b-8431-82df52c157aa{ip: 172.17.0.2, host: be5d1cd46157, networkLocation: /default-rack, certSerialId: null}, Type:RATIS, Factor:THREE, State:ALLOCATED, leaderId:, CreationTimestamp2020-06-10T23:32:26.778Z]
2020-06-10 23:32:26,779 [RatisPipelineUtilsThread] INFO  pipeline.RatisPipelineProvider (RatisPipelineProvider.java:lambda$create$0(138)) - Sending CreatePipelineCommand for pipeline:PipelineID=9e006b21-cea1-48fa-a139-385c58906cef to datanode:b166f10c-c404-4dcb-a087-ba4800654d2c
2020-06-10 23:32:26,779 [RatisPipelineUtilsThread] INFO  pipeline.RatisPipelineProvider (RatisPipelineProvider.java:lambda$create$0(138)) - Sending CreatePipelineCommand for pipeline:PipelineID=9e006b21-cea1-48fa-a139-385c58906cef to datanode:1aa28a79-6085-416d-8460-1e98e8b061ff
2020-06-10 23:32:26,779 [RatisPipelineUtilsThread] INFO  pipeline.RatisPipelineProvider (RatisPipelineProvider.java:lambda$create$0(138)) - Sending CreatePipelineCommand for pipeline:PipelineID=9e006b21-cea1-48fa-a139-385c58906cef to datanode:c3c497a8-7dd5-4f0b-8431-82df52c157aa
2020-06-10 23:32:26,780 [RatisPipelineUtilsThread] INFO  pipeline.PipelineStateManager (PipelineStateManager.java:addPipeline(54)) - Created pipeline Pipeline[ Id: 9e006b21-cea1-48fa-a139-385c58906cef, Nodes: b166f10c-c404-4dcb-a087-ba4800654d2c{ip: 172.17.0.2, host: be5d1cd46157, networkLocation: /default-rack, certSerialId: null}1aa28a79-6085-416d-8460-1e98e8b061ff{ip: 172.17.0.2, host: be5d1cd46157, networkLocation: /default-rack, certSerialId: null}c3c497a8-7dd5-4f0b-8431-82df52c157aa{ip: 172.17.0.2, host: be5d1cd46157, networkLocation: /default-rack, certSerialId: null}, Type:RATIS, Factor:THREE, State:ALLOCATED, leaderId:, CreationTimestamp2020-06-10T23:32:26.779Z]
2020-06-10 23:32:26,780 [RatisPipelineUtilsThread] INFO  pipeline.SCMPipelineManager (SCMPipelineManager.java:recordMetricsForPipeline(187)) - Pipeline: PipelineID=9e006b21-cea1-48fa-a139-385c58906cef contains same datanodes as previous pipelines: PipelineID=0c3dcd96-bd09-4ae5-9fb1-349f9bd86eac nodeIds: b166f10c-c404-4dcb-a087-ba4800654d2c, 1aa28a79-6085-416d-8460-1e98e8b061ff, c3c497a8-7dd5-4f0b-8431-82df52c157aa
2020-06-10 23:32:26,781 [RatisPipelineUtilsThread] ERROR pipeline.SCMPipelineManager (SCMPipelineManager.java:createPipeline(222)) - Failed to create pipeline of type RATIS and factor THREE. Exception: Pipeline creation failed because nodes are engaged in other pipelines and every node can only be engaged in max 3 pipelines. Required 3. Found 0
2020-06-10 23:32:26,881 [IPC Server handler 3 on default port 43861] INFO  net.NetworkTopology (NetworkTopologyImpl.java:add(111)) - Added a new node: /default-rack/0a730c46-ee0f-4298-8093-6277af9a8f8e
2020-06-10 23:32:26,882 [IPC Server handler 3 on default port 43861] INFO  node.SCMNodeManager (SCMNodeManager.java:register(268)) - Registered Data node : 0a730c46-ee0f-4298-8093-6277af9a8f8e{ip: 172.17.0.2, host: be5d1cd46157, networkLocation: /default-rack, certSerialId: null}
2020-06-10 23:32:26,882 [EventQueue-NodeRegistrationContainerReportForContainerSafeModeRule] INFO  safemode.SCMSafeModeManager (SCMSafeModeManager.java:validateSafeModeExitRules(213)) - ContainerSafeModeRule rule is successfully validated
2020-06-10 23:32:26,882 [EventQueue-NodeRegistrationContainerReportForDataNodeSafeModeRule] INFO  safemode.SCMSafeModeManager (SCMSafeModeManager.java:validateSafeModeExitRules(213)) - DataNodeSafeModeRule rule is successfully validated
2020-06-10 23:32:26,883 [RatisPipelineUtilsThread] INFO  pipeline.RatisPipelineProvider (RatisPipelineProvider.java:lambda$create$0(138)) - Sending CreatePipelineCommand for pipeline:PipelineID=fb027aba-6a6e-4d18-891e-7537466e5fd3 to datanode:0a730c46-ee0f-4298-8093-6277af9a8f8e
2020-06-10 23:32:26,884 [RatisPipelineUtilsThread] INFO  pipeline.PipelineStateManager (PipelineStateManager.java:addPipeline(54)) - Created pipeline Pipeline[ Id: fb027aba-6a6e-4d18-891e-7537466e5fd3, Nodes: 0a730c46-ee0f-4298-8093-6277af9a8f8e{ip: 172.17.0.2, host: be5d1cd46157, networkLocation: /default-rack, certSerialId: null}, Type:RATIS, Factor:ONE, State:ALLOCATED, leaderId:, CreationTimestamp2020-06-10T23:32:26.883Z]
2020-06-10 23:32:26,885 [RatisPipelineUtilsThread] ERROR pipeline.SCMPipelineManager (SCMPipelineManager.java:createPipeline(222)) - Failed to create pipeline of type RATIS and factor ONE. Exception: Cannot create pipeline of factor 1 using 0 nodes. Used 4 nodes. Healthy nodes 4
2020-06-10 23:32:26,885 [RatisPipelineUtilsThread] ERROR pipeline.SCMPipelineManager (SCMPipelineManager.java:createPipeline(222)) - Failed to create pipeline of type RATIS and factor THREE. Exception: Pipeline creation failed because nodes are engaged in other pipelines and every node can only be engaged in max 3 pipelines. Required 3. Found 1
2020-06-10 23:32:27,002 [IPC Server handler 4 on default port 43861] INFO  net.NetworkTopology (NetworkTopologyImpl.java:add(111)) - Added a new node: /default-rack/e1213966-9098-4efb-a904-a4cb2a6fb33e
2020-06-10 23:32:27,002 [IPC Server handler 4 on default port 43861] INFO  node.SCMNodeManager (SCMNodeManager.java:register(268)) - Registered Data node : e1213966-9098-4efb-a904-a4cb2a6fb33e{ip: 172.17.0.2, host: be5d1cd46157, networkLocation: /default-rack, certSerialId: null}
2020-06-10 23:32:27,002 [EventQueue-NodeRegistrationContainerReportForDataNodeSafeModeRule] INFO  safemode.SCMSafeModeManager (SCMSafeModeManager.java:validateSafeModeExitRules(213)) - DataNodeSafeModeRule rule is successfully validated
2020-06-10 23:32:27,003 [EventQueue-NodeRegistrationContainerReportForContainerSafeModeRule] INFO  safemode.SCMSafeModeManager (SCMSafeModeManager.java:validateSafeModeExitRules(213)) - ContainerSafeModeRule rule is successfully validated
2020-06-10 23:32:27,004 [RatisPipelineUtilsThread] INFO  pipeline.RatisPipelineProvider (RatisPipelineProvider.java:lambda$create$0(138)) - Sending CreatePipelineCommand for pipeline:PipelineID=c69fc509-df2a-438d-9e26-03e63229fe17 to datanode:e1213966-9098-4efb-a904-a4cb2a6fb33e
2020-06-10 23:32:27,005 [RatisPipelineUtilsThread] INFO  pipeline.PipelineStateManager (PipelineStateManager.java:addPipeline(54)) - Created pipeline Pipeline[ Id: c69fc509-df2a-438d-9e26-03e63229fe17, Nodes: e1213966-9098-4efb-a904-a4cb2a6fb33e{ip: 172.17.0.2, host: be5d1cd46157, networkLocation: /default-rack, certSerialId: null}, Type:RATIS, Factor:ONE, State:ALLOCATED, leaderId:, CreationTimestamp2020-06-10T23:32:27.004Z]
2020-06-10 23:32:27,006 [RatisPipelineUtilsThread] ERROR pipeline.SCMPipelineManager (SCMPipelineManager.java:createPipeline(222)) - Failed to create pipeline of type RATIS and factor ONE. Exception: Cannot create pipeline of factor 1 using 0 nodes. Used 5 nodes. Healthy nodes 5
2020-06-10 23:32:27,006 [RatisPipelineUtilsThread] ERROR pipeline.SCMPipelineManager (SCMPipelineManager.java:createPipeline(222)) - Failed to create pipeline of type RATIS and factor THREE. Exception: Pipeline creation failed because nodes are engaged in other pipelines and every node can only be engaged in max 3 pipelines. Required 3. Found 2
2020-06-10 23:32:27,113 [IPC Server handler 5 on default port 43861] INFO  net.NetworkTopology (NetworkTopologyImpl.java:add(111)) - Added a new node: /default-rack/868206e5-f05c-4376-a56d-5589c771f96d
2020-06-10 23:32:27,113 [IPC Server handler 5 on default port 43861] INFO  node.SCMNodeManager (SCMNodeManager.java:register(268)) - Registered Data node : 868206e5-f05c-4376-a56d-5589c771f96d{ip: 172.17.0.2, host: be5d1cd46157, networkLocation: /default-rack, certSerialId: null}
2020-06-10 23:32:27,114 [EventQueue-NodeRegistrationContainerReportForDataNodeSafeModeRule] INFO  safemode.SCMSafeModeManager (SCMSafeModeManager.java:validateSafeModeExitRules(213)) - DataNodeSafeModeRule rule is successfully validated
2020-06-10 23:32:27,114 [EventQueue-NodeRegistrationContainerReportForContainerSafeModeRule] INFO  safemode.SCMSafeModeManager (SCMSafeModeManager.java:validateSafeModeExitRules(213)) - ContainerSafeModeRule rule is successfully validated
2020-06-10 23:32:27,114 [RatisPipelineUtilsThread] INFO  pipeline.RatisPipelineProvider (RatisPipelineProvider.java:lambda$create$0(138)) - Sending CreatePipelineCommand for pipeline:PipelineID=a07b7ab7-bd3b-4746-ac4c-faeca4430568 to datanode:868206e5-f05c-4376-a56d-5589c771f96d
2020-06-10 23:32:27,115 [RatisPipelineUtilsThread] INFO  pipeline.PipelineStateManager (PipelineStateManager.java:addPipeline(54)) - Created pipeline Pipeline[ Id: a07b7ab7-bd3b-4746-ac4c-faeca4430568, Nodes: 868206e5-f05c-4376-a56d-5589c771f96d{ip: 172.17.0.2, host: be5d1cd46157, networkLocation: /default-rack, certSerialId: null}, Type:RATIS, Factor:ONE, State:ALLOCATED, leaderId:, CreationTimestamp2020-06-10T23:32:27.114Z]
2020-06-10 23:32:27,116 [RatisPipelineUtilsThread] ERROR pipeline.SCMPipelineManager (SCMPipelineManager.java:createPipeline(222)) - Failed to create pipeline of type RATIS and factor ONE. Exception: Cannot create pipeline of factor 1 using 0 nodes. Used 6 nodes. Healthy nodes 6
2020-06-10 23:32:27,116 [RatisPipelineUtilsThread] INFO  pipeline.RatisPipelineProvider (RatisPipelineProvider.java:lambda$create$0(138)) - Sending CreatePipelineCommand for pipeline:PipelineID=694f06a8-eccc-44d3-8729-5875a35477b4 to datanode:0a730c46-ee0f-4298-8093-6277af9a8f8e
2020-06-10 23:32:27,116 [RatisPipelineUtilsThread] INFO  pipeline.RatisPipelineProvider (RatisPipelineProvider.java:lambda$create$0(138)) - Sending CreatePipelineCommand for pipeline:PipelineID=694f06a8-eccc-44d3-8729-5875a35477b4 to datanode:868206e5-f05c-4376-a56d-5589c771f96d
2020-06-10 23:32:27,116 [RatisPipelineUtilsThread] INFO  pipeline.RatisPipelineProvider (RatisPipelineProvider.java:lambda$create$0(138)) - Sending CreatePipelineCommand for pipeline:PipelineID=694f06a8-eccc-44d3-8729-5875a35477b4 to datanode:e1213966-9098-4efb-a904-a4cb2a6fb33e
2020-06-10 23:32:27,117 [RatisPipelineUtilsThread] INFO  pipeline.PipelineStateManager (PipelineStateManager.java:addPipeline(54)) - Created pipeline Pipeline[ Id: 694f06a8-eccc-44d3-8729-5875a35477b4, Nodes: 0a730c46-ee0f-4298-8093-6277af9a8f8e{ip: 172.17.0.2, host: be5d1cd46157, networkLocation: /default-rack, certSerialId: null}868206e5-f05c-4376-a56d-5589c771f96d{ip: 172.17.0.2, host: be5d1cd46157, networkLocation: /default-rack, certSerialId: null}e1213966-9098-4efb-a904-a4cb2a6fb33e{ip: 172.17.0.2, host: be5d1cd46157, networkLocation: /default-rack, certSerialId: null}, Type:RATIS, Factor:THREE, State:ALLOCATED, leaderId:, CreationTimestamp2020-06-10T23:32:27.116Z]
2020-06-10 23:32:27,117 [RatisPipelineUtilsThread] INFO  pipeline.RatisPipelineProvider (RatisPipelineProvider.java:lambda$create$0(138)) - Sending CreatePipelineCommand for pipeline:PipelineID=c8b61c3b-0ddb-42a0-aa57-f6c1f47cf009 to datanode:0a730c46-ee0f-4298-8093-6277af9a8f8e
2020-06-10 23:32:27,118 [RatisPipelineUtilsThread] INFO  pipeline.RatisPipelineProvider (RatisPipelineProvider.java:lambda$create$0(138)) - Sending CreatePipelineCommand for pipeline:PipelineID=c8b61c3b-0ddb-42a0-aa57-f6c1f47cf009 to datanode:868206e5-f05c-4376-a56d-5589c771f96d
2020-06-10 23:32:27,118 [RatisPipelineUtilsThread] INFO  pipeline.RatisPipelineProvider (RatisPipelineProvider.java:lambda$create$0(138)) - Sending CreatePipelineCommand for pipeline:PipelineID=c8b61c3b-0ddb-42a0-aa57-f6c1f47cf009 to datanode:e1213966-9098-4efb-a904-a4cb2a6fb33e
2020-06-10 23:32:27,118 [RatisPipelineUtilsThread] INFO  pipeline.PipelineStateManager (PipelineStateManager.java:addPipeline(54)) - Created pipeline Pipeline[ Id: c8b61c3b-0ddb-42a0-aa57-f6c1f47cf009, Nodes: 0a730c46-ee0f-4298-8093-6277af9a8f8e{ip: 172.17.0.2, host: be5d1cd46157, networkLocation: /default-rack, certSerialId: null}868206e5-f05c-4376-a56d-5589c771f96d{ip: 172.17.0.2, host: be5d1cd46157, networkLocation: /default-rack, certSerialId: null}e1213966-9098-4efb-a904-a4cb2a6fb33e{ip: 172.17.0.2, host: be5d1cd46157, networkLocation: /default-rack, certSerialId: null}, Type:RATIS, Factor:THREE, State:ALLOCATED, leaderId:, CreationTimestamp2020-06-10T23:32:27.117Z]
2020-06-10 23:32:27,119 [RatisPipelineUtilsThread] INFO  pipeline.SCMPipelineManager (SCMPipelineManager.java:recordMetricsForPipeline(187)) - Pipeline: PipelineID=c8b61c3b-0ddb-42a0-aa57-f6c1f47cf009 contains same datanodes as previous pipelines: PipelineID=694f06a8-eccc-44d3-8729-5875a35477b4 nodeIds: 0a730c46-ee0f-4298-8093-6277af9a8f8e, 868206e5-f05c-4376-a56d-5589c771f96d, e1213966-9098-4efb-a904-a4cb2a6fb33e
2020-06-10 23:32:27,119 [RatisPipelineUtilsThread] ERROR pipeline.SCMPipelineManager (SCMPipelineManager.java:createPipeline(222)) - Failed to create pipeline of type RATIS and factor THREE. Exception: Pipeline creation failed because nodes are engaged in other pipelines and every node can only be engaged in max 3 pipelines. Required 3. Found 0
2020-06-10 23:32:27,163 [Listener at 127.0.0.1/37921] INFO  ozone.MiniOzoneClusterImpl (MiniOzoneClusterImpl.java:lambda$waitForClusterToBeReady$0(177)) - Waiting for nodes to be ready. Got 6 of 7 DN Heartbeats.
2020-06-10 23:32:27,163 [Listener at 127.0.0.1/37921] INFO  ozone.MiniOzoneClusterImpl (MiniOzoneClusterImpl.java:lambda$waitForClusterToBeReady$0(180)) - Waiting for cluster to exit safe mode
2020-06-10 23:32:27,167 [IPC Server handler 6 on default port 43861] INFO  net.NetworkTopology (NetworkTopologyImpl.java:add(111)) - Added a new node: /default-rack/60999281-18f3-4685-a582-52e660a939f2
2020-06-10 23:32:27,167 [IPC Server handler 6 on default port 43861] INFO  node.SCMNodeManager (SCMNodeManager.java:register(268)) - Registered Data node : 60999281-18f3-4685-a582-52e660a939f2{ip: 172.17.0.2, host: be5d1cd46157, networkLocation: /default-rack, certSerialId: null}
2020-06-10 23:32:27,168 [EventQueue-NodeRegistrationContainerReportForContainerSafeModeRule] INFO  safemode.SCMSafeModeManager (SCMSafeModeManager.java:validateSafeModeExitRules(213)) - ContainerSafeModeRule rule is successfully validated
2020-06-10 23:32:27,168 [EventQueue-NodeRegistrationContainerReportForDataNodeSafeModeRule] INFO  safemode.SCMSafeModeManager (SCMSafeModeManager.java:validateSafeModeExitRules(213)) - DataNodeSafeModeRule rule is successfully validated
2020-06-10 23:32:27,169 [RatisPipelineUtilsThread] INFO  pipeline.RatisPipelineProvider (RatisPipelineProvider.java:lambda$create$0(138)) - Sending CreatePipelineCommand for pipeline:PipelineID=0672b3c2-2119-42ac-b526-27b650e4faaa to datanode:60999281-18f3-4685-a582-52e660a939f2
2020-06-10 23:32:27,170 [RatisPipelineUtilsThread] INFO  pipeline.PipelineStateManager (PipelineStateManager.java:addPipeline(54)) - Created pipeline Pipeline[ Id: 0672b3c2-2119-42ac-b526-27b650e4faaa, Nodes: 60999281-18f3-4685-a582-52e660a939f2{ip: 172.17.0.2, host: be5d1cd46157, networkLocation: /default-rack, certSerialId: null}, Type:RATIS, Factor:ONE, State:ALLOCATED, leaderId:, CreationTimestamp2020-06-10T23:32:27.169Z]
2020-06-10 23:32:27,171 [RatisPipelineUtilsThread] ERROR pipeline.SCMPipelineManager (SCMPipelineManager.java:createPipeline(222)) - Failed to create pipeline of type RATIS and factor ONE. Exception: Cannot create pipeline of factor 1 using 0 nodes. Used 7 nodes. Healthy nodes 7
2020-06-10 23:32:27,171 [RatisPipelineUtilsThread] ERROR pipeline.SCMPipelineManager (SCMPipelineManager.java:createPipeline(222)) - Failed to create pipeline of type RATIS and factor THREE. Exception: Pipeline creation failed because nodes are engaged in other pipelines and every node can only be engaged in max 3 pipelines. Required 3. Found 1
2020-06-10 23:32:28,164 [Listener at 127.0.0.1/37921] INFO  ozone.MiniOzoneClusterImpl (MiniOzoneClusterImpl.java:lambda$waitForClusterToBeReady$0(177)) - Nodes are ready. Got 7 of 7 DN Heartbeats.
2020-06-10 23:32:28,164 [Listener at 127.0.0.1/37921] INFO  ozone.MiniOzoneClusterImpl (MiniOzoneClusterImpl.java:lambda$waitForClusterToBeReady$0(180)) - Waiting for cluster to exit safe mode
2020-06-10 23:32:29,164 [Listener at 127.0.0.1/37921] INFO  ozone.MiniOzoneClusterImpl (MiniOzoneClusterImpl.java:lambda$waitForClusterToBeReady$0(177)) - Nodes are ready. Got 7 of 7 DN Heartbeats.
2020-06-10 23:32:29,164 [Listener at 127.0.0.1/37921] INFO  ozone.MiniOzoneClusterImpl (MiniOzoneClusterImpl.java:lambda$waitForClusterToBeReady$0(180)) - Waiting for cluster to exit safe mode
2020-06-10 23:32:29,460 [Command processor thread] INFO  impl.RaftServerProxy (RaftServerProxy.java:addNew(89)) - b166f10c-c404-4dcb-a087-ba4800654d2c: addNew group-4D43E2E77A8C:[b166f10c-c404-4dcb-a087-ba4800654d2c:172.17.0.2:43565] returns group-4D43E2E77A8C:java.util.concurrent.CompletableFuture@511f5da3[Not completed]
2020-06-10 23:32:29,500 [pool-35-thread-1] INFO  impl.RaftServerImpl (RaftServerImpl.java:<init>(99)) - b166f10c-c404-4dcb-a087-ba4800654d2c: new RaftServerImpl for group-4D43E2E77A8C:[b166f10c-c404-4dcb-a087-ba4800654d2c:172.17.0.2:43565] with ContainerStateMachine:uninitialized
2020-06-10 23:32:29,502 [pool-35-thread-1] INFO  server.RaftServerConfigKeys (ConfUtils.java:logGet(44)) - raft.server.rpc.timeout.min = 5s (custom)
2020-06-10 23:32:29,503 [pool-35-thread-1] INFO  server.RaftServerConfigKeys (ConfUtils.java:logGet(44)) - raft.server.rpc.timeout.max = 5200ms (custom)
2020-06-10 23:32:29,503 [pool-35-thread-1] INFO  server.RaftServerConfigKeys (ConfUtils.java:logGet(44)) - raft.server.rpcslowness.timeout = 300s (custom)
2020-06-10 23:32:29,505 [pool-35-thread-1] INFO  server.RaftServerConfigKeys (ConfUtils.java:logGet(44)) - raft.server.sleep.deviation.threshold = 300 (default)
2020-06-10 23:32:29,505 [pool-35-thread-1] INFO  server.RaftServerConfigKeys (ConfUtils.java:logGet(44)) - raft.server.log.appender.install.snapshot.enabled = false (custom)
2020-06-10 23:32:29,512 [pool-35-thread-1] INFO  impl.RaftServerImpl (ServerState.java:<init>(103)) - b166f10c-c404-4dcb-a087-ba4800654d2c@group-4D43E2E77A8C: ConfigurationManager, init=-1: [b166f10c-c404-4dcb-a087-ba4800654d2c:172.17.0.2:43565], old=null, confs=<EMPTY_MAP>
2020-06-10 23:32:29,518 [pool-35-thread-1] INFO  server.RaftServerConfigKeys (ConfUtils.java:logGet(44)) - raft.server.storage.dir = [/github/workspace/mnt/ozone/hadoop-ozone/integration-test/target/test-dir/MiniOzoneClusterImpl-8f60d98f-01ba-4335-ba92-853c1a5e70bb/datanode-0/data/ratis] (custom)
2020-06-10 23:32:29,526 [pool-35-thread-1] INFO  server.RaftServerConfigKeys (ConfUtils.java:logGet(44)) - raft.server.log.corruption.policy = EXCEPTION (default)
2020-06-10 23:32:29,527 [pool-35-thread-1] INFO  storage.RaftStorageDirectory (RaftStorageDirectory.java:analyzeStorage(261)) - The storage directory /github/workspace/mnt/ozone/hadoop-ozone/integration-test/target/test-dir/MiniOzoneClusterImpl-8f60d98f-01ba-4335-ba92-853c1a5e70bb/datanode-0/data/ratis/d1eb9c1a-1468-40e1-8d6d-4d43e2e77a8c does not exist. Creating ...
2020-06-10 23:32:29,533 [pool-35-thread-1] INFO  storage.RaftStorageDirectory (RaftStorageDirectory.java:tryLock(343)) - Lock on /github/workspace/mnt/ozone/hadoop-ozone/integration-test/target/test-dir/MiniOzoneClusterImpl-8f60d98f-01ba-4335-ba92-853c1a5e70bb/datanode-0/data/ratis/d1eb9c1a-1468-40e1-8d6d-4d43e2e77a8c/in_use.lock acquired by nodename 12521@be5d1cd46157
2020-06-10 23:32:29,536 [pool-35-thread-1] INFO  storage.RaftStorage (RaftStorage.java:format(84)) - Storage directory /github/workspace/mnt/ozone/hadoop-ozone/integration-test/target/test-dir/MiniOzoneClusterImpl-8f60d98f-01ba-4335-ba92-853c1a5e70bb/datanode-0/data/ratis/d1eb9c1a-1468-40e1-8d6d-4d43e2e77a8c has been successfully formatted.
2020-06-10 23:32:29,540 [pool-35-thread-1] INFO  ratis.ContainerStateMachine (ContainerStateMachine.java:loadSnapshot(226)) - group-4D43E2E77A8C: The snapshot info is null. Setting the last applied indexto:(t:0, i:~)
2020-06-10 23:32:29,551 [pool-35-thread-1] INFO  server.RaftServerConfigKeys (ConfUtils.java:logGet(44)) - raft.server.notification.no-leader.timeout = 60s (default)
2020-06-10 23:32:29,554 [pool-35-thread-1] INFO  server.RaftServerConfigKeys (ConfUtils.java:logGet(44)) - raft.server.log.use.memory = false (default)
2020-06-10 23:32:29,558 [pool-35-thread-1] INFO  server.RaftServerConfigKeys (ConfUtils.java:logGet(44)) - raft.server.log.purge.gap = 1000000 (custom)
2020-06-10 23:32:29,564 [pool-35-thread-1] INFO  server.RaftServerConfigKeys (ConfUtils.java:logGet(44)) - raft.server.log.appender.buffer.byte-limit = 33554432 (custom)
2020-06-10 23:32:29,567 [pool-35-thread-1] INFO  server.RaftServerConfigKeys (ConfUtils.java:logGet(44)) - raft.server.log.segment.size.max = 1048576 (custom)
2020-06-10 23:32:29,569 [EventQueue-PipelineReportForPipelineReportHandler] INFO  pipeline.PipelineStateManager (PipelineStateManager.java:openPipeline(131)) - Pipeline Pipeline[ Id: d1eb9c1a-1468-40e1-8d6d-4d43e2e77a8c, Nodes: b166f10c-c404-4dcb-a087-ba4800654d2c{ip: 172.17.0.2, host: be5d1cd46157, networkLocation: /default-rack, certSerialId: null}, Type:RATIS, Factor:ONE, State:ALLOCATED, leaderId:b166f10c-c404-4dcb-a087-ba4800654d2c, CreationTimestamp2020-06-10T23:32:26.496Z] moved to OPEN state
2020-06-10 23:32:29,575 [EventQueue-OpenPipelineForHealthyPipelineSafeModeRule] INFO  safemode.SCMSafeModeManager (HealthyPipelineSafeModeRule.java:process(132)) - SCM in safe mode. Healthy pipelines reported count is 0, required healthy pipeline reported count is 1
2020-06-10 23:32:29,582 [EventQueue-OpenPipelineForOneReplicaPipelineSafeModeRule] INFO  safemode.SCMSafeModeManager (SCMSafeModeManager.java:validateSafeModeExitRules(213)) - AtleastOneDatanodeReportedRule rule is successfully validated
2020-06-10 23:32:29,583 [pool-35-thread-1] INFO  metrics.RatisMetrics (RatisMetrics.java:lambda$create$0(36)) - Creating Metrics Registry : ratis.log_worker.b166f10c-c404-4dcb-a087-ba4800654d2c@group-4D43E2E77A8C
2020-06-10 23:32:29,596 [pool-35-thread-1] INFO  server.RaftServerConfigKeys (ConfUtils.java:logGet(44)) - raft.server.log.segment.cache.num.max = 2 (custom)
2020-06-10 23:32:29,608 [pool-35-thread-1] INFO  segmented.SegmentedRaftLogWorker (SegmentedRaftLogWorker.java:<init>(180)) - new b166f10c-c404-4dcb-a087-ba4800654d2c@group-4D43E2E77A8C-SegmentedRaftLogWorker for RaftStorage:Storage Directory /github/workspace/mnt/ozone/hadoop-ozone/integration-test/target/test-dir/MiniOzoneClusterImpl-8f60d98f-01ba-4335-ba92-853c1a5e70bb/datanode-0/data/ratis/d1eb9c1a-1468-40e1-8d6d-4d43e2e77a8c
2020-06-10 23:32:29,612 [pool-35-thread-1] INFO  server.RaftServerConfigKeys (ConfUtils.java:logGet(44)) - raft.server.log.queue.byte-limit = 2147483647 (custom)
2020-06-10 23:32:29,612 [pool-35-thread-1] INFO  server.RaftServerConfigKeys (ConfUtils.java:logGet(44)) - raft.server.log.queue.element-limit = 1024 (custom)
2020-06-10 23:32:29,613 [pool-35-thread-1] INFO  server.RaftServerConfigKeys (ConfUtils.java:logGet(44)) - raft.server.log.segment.size.max = 1048576 (custom)
2020-06-10 23:32:29,614 [pool-35-thread-1] INFO  server.RaftServerConfigKeys (ConfUtils.java:logGet(44)) - raft.server.log.preallocated.size = 16384 (custom)
2020-06-10 23:32:29,614 [pool-35-thread-1] INFO  server.RaftServerConfigKeys (ConfUtils.java:logGet(44)) - raft.server.log.write.buffer.size = 1048576 (custom)
2020-06-10 23:32:29,615 [pool-35-thread-1] INFO  server.RaftServerConfigKeys (ConfUtils.java:logGet(44)) - raft.server.log.force.sync.num = 128 (default)
2020-06-10 23:32:29,619 [pool-35-thread-1] INFO  server.RaftServerConfigKeys (ConfUtils.java:logGet(44)) - raft.server.log.statemachine.data.sync = true (default)
2020-06-10 23:32:29,619 [pool-35-thread-1] INFO  server.RaftServerConfigKeys (ConfUtils.java:logGet(44)) - raft.server.log.statemachine.data.sync.timeout = 10s (default)
2020-06-10 23:32:29,620 [pool-35-thread-1] INFO  server.RaftServerConfigKeys (ConfUtils.java:logGet(44)) - raft.server.log.statemachine.data.sync.timeout.retry = -1 (default)
2020-06-10 23:32:29,659 [pool-35-thread-1] INFO  server.RaftServerConfigKeys (ConfUtils.java:logGet(44)) - raft.server.log.statemachine.data.caching.enabled = true (custom)
2020-06-10 23:32:29,670 [Command processor thread] INFO  impl.RaftServerProxy (RaftServerProxy.java:addNew(89)) - 1aa28a79-6085-416d-8460-1e98e8b061ff: addNew group-CF34ED9AE28B:[1aa28a79-6085-416d-8460-1e98e8b061ff:172.17.0.2:39429] returns group-CF34ED9AE28B:java.util.concurrent.CompletableFuture@f1b1620[Not completed]
2020-06-10 23:32:29,685 [pool-35-thread-1] INFO  segmented.SegmentedRaftLogWorker (SegmentedRaftLogWorker.java:lambda$new$0(129)) - b166f10c-c404-4dcb-a087-ba4800654d2c@group-4D43E2E77A8C-SegmentedRaftLogWorker: flushIndex: setUnconditionally 0 -> -1
2020-06-10 23:32:29,685 [pool-35-thread-1] INFO  segmented.SegmentedRaftLogWorker (SegmentedRaftLogWorker.java:lambda$new$0(129)) - b166f10c-c404-4dcb-a087-ba4800654d2c@group-4D43E2E77A8C-SegmentedRaftLogWorker: safeCacheEvictIndex: setUnconditionally 0 -> -1
2020-06-10 23:32:29,691 [pool-51-thread-1] INFO  impl.RaftServerImpl (RaftServerImpl.java:<init>(99)) - 1aa28a79-6085-416d-8460-1e98e8b061ff: new RaftServerImpl for group-CF34ED9AE28B:[1aa28a79-6085-416d-8460-1e98e8b061ff:172.17.0.2:39429] with ContainerStateMachine:uninitialized
2020-06-10 23:32:29,692 [pool-51-thread-1] INFO  server.RaftServerConfigKeys (ConfUtils.java:logGet(44)) - raft.server.rpc.timeout.min = 5s (custom)
2020-06-10 23:32:29,692 [pool-51-thread-1] INFO  server.RaftServerConfigKeys (ConfUtils.java:logGet(44)) - raft.server.rpc.timeout.max = 5200ms (custom)
2020-06-10 23:32:29,693 [pool-51-thread-1] INFO  server.RaftServerConfigKeys (ConfUtils.java:logGet(44)) - raft.server.rpcslowness.timeout = 300s (custom)
2020-06-10 23:32:29,693 [pool-51-thread-1] INFO  server.RaftServerConfigKeys (ConfUtils.java:logGet(44)) - raft.server.sleep.deviation.threshold = 300 (default)
2020-06-10 23:32:29,693 [pool-51-thread-1] INFO  server.RaftServerConfigKeys (ConfUtils.java:logGet(44)) - raft.server.log.appender.install.snapshot.enabled = false (custom)
2020-06-10 23:32:29,693 [pool-51-thread-1] INFO  impl.RaftServerImpl (ServerState.java:<init>(103)) - 1aa28a79-6085-416d-8460-1e98e8b061ff@group-CF34ED9AE28B: ConfigurationManager, init=-1: [1aa28a79-6085-416d-8460-1e98e8b061ff:172.17.0.2:39429], old=null, confs=<EMPTY_MAP>
2020-06-10 23:32:29,693 [pool-51-thread-1] INFO  server.RaftServerConfigKeys (ConfUtils.java:logGet(44)) - raft.server.storage.dir = [/github/workspace/mnt/ozone/hadoop-ozone/integration-test/target/test-dir/MiniOzoneClusterImpl-8f60d98f-01ba-4335-ba92-853c1a5e70bb/datanode-1/data/ratis] (custom)
2020-06-10 23:32:29,693 [pool-51-thread-1] INFO  server.RaftServerConfigKeys (ConfUtils.java:logGet(44)) - raft.server.log.corruption.policy = EXCEPTION (default)
2020-06-10 23:32:29,694 [pool-35-thread-1] INFO  server.RaftServerConfigKeys (ConfUtils.java:logGet(44)) - raft.server.snapshot.auto.trigger.enabled = true (custom)
2020-06-10 23:32:29,695 [pool-35-thread-1] INFO  server.RaftServerConfigKeys (ConfUtils.java:logGet(44)) - raft.server.snapshot.auto.trigger.threshold = 10000 (custom)
2020-06-10 23:32:29,696 [pool-35-thread-1] INFO  server.RaftServerConfigKeys (ConfUtils.java:logGet(44)) - raft.server.snapshot.retention.file.num = 5 (custom)
2020-06-10 23:32:29,696 [pool-35-thread-1] INFO  server.RaftServerConfigKeys (ConfUtils.java:logGet(44)) - raft.server.log.purge.upto.snapshot.index = false (default)
2020-06-10 23:32:29,697 [pool-35-thread-1] INFO  server.RaftServerConfigKeys (ConfUtils.java:logGet(44)) - raft.server.retrycache.expirytime = 600000ms (custom)
2020-06-10 23:32:29,693 [pool-51-thread-1] INFO  storage.RaftStorageDirectory (RaftStorageDirectory.java:analyzeStorage(261)) - The storage directory /github/workspace/mnt/ozone/hadoop-ozone/integration-test/target/test-dir/MiniOzoneClusterImpl-8f60d98f-01ba-4335-ba92-853c1a5e70bb/datanode-1/data/ratis/9453edeb-c0ac-41f9-9aa5-cf34ed9ae28b does not exist. Creating ...
2020-06-10 23:32:29,705 [pool-51-thread-1] INFO  storage.RaftStorageDirectory (RaftStorageDirectory.java:tryLock(343)) - Lock on /github/workspace/mnt/ozone/hadoop-ozone/integration-test/target/test-dir/MiniOzoneClusterImpl-8f60d98f-01ba-4335-ba92-853c1a5e70bb/datanode-1/data/ratis/9453edeb-c0ac-41f9-9aa5-cf34ed9ae28b/in_use.lock acquired by nodename 12521@be5d1cd46157
2020-06-10 23:32:29,711 [pool-51-thread-1] INFO  storage.RaftStorage (RaftStorage.java:format(84)) - Storage directory /github/workspace/mnt/ozone/hadoop-ozone/integration-test/target/test-dir/MiniOzoneClusterImpl-8f60d98f-01ba-4335-ba92-853c1a5e70bb/datanode-1/data/ratis/9453edeb-c0ac-41f9-9aa5-cf34ed9ae28b has been successfully formatted.
2020-06-10 23:32:29,715 [pool-51-thread-1] INFO  ratis.ContainerStateMachine (ContainerStateMachine.java:loadSnapshot(226)) - group-CF34ED9AE28B: The snapshot info is null. Setting the last applied indexto:(t:0, i:~)
2020-06-10 23:32:29,715 [pool-51-thread-1] INFO  server.RaftServerConfigKeys (ConfUtils.java:logGet(44)) - raft.server.notification.no-leader.timeout = 60s (default)
2020-06-10 23:32:29,716 [pool-51-thread-1] INFO  server.RaftServerConfigKeys (ConfUtils.java:logGet(44)) - raft.server.log.use.memory = false (default)
2020-06-10 23:32:29,716 [pool-51-thread-1] INFO  server.RaftServerConfigKeys (ConfUtils.java:logGet(44)) - raft.server.log.purge.gap = 1000000 (custom)
2020-06-10 23:32:29,716 [pool-51-thread-1] INFO  server.RaftServerConfigKeys (ConfUtils.java:logGet(44)) - raft.server.log.appender.buffer.byte-limit = 33554432 (custom)
2020-06-10 23:32:29,716 [pool-51-thread-1] INFO  server.RaftServerConfigKeys (ConfUtils.java:logGet(44)) - raft.server.log.segment.size.max = 1048576 (custom)
2020-06-10 23:32:29,716 [pool-51-thread-1] INFO  metrics.RatisMetrics (RatisMetrics.java:lambda$create$0(36)) - Creating Metrics Registry : ratis.log_worker.1aa28a79-6085-416d-8460-1e98e8b061ff@group-CF34ED9AE28B
2020-06-10 23:32:29,717 [pool-51-thread-1] INFO  server.RaftServerConfigKeys (ConfUtils.java:logGet(44)) - raft.server.log.segment.cache.num.max = 2 (custom)
2020-06-10 23:32:29,717 [pool-51-thread-1] INFO  segmented.SegmentedRaftLogWorker (SegmentedRaftLogWorker.java:<init>(180)) - new 1aa28a79-6085-416d-8460-1e98e8b061ff@group-CF34ED9AE28B-SegmentedRaftLogWorker for RaftStorage:Storage Directory /github/workspace/mnt/ozone/hadoop-ozone/integration-test/target/test-dir/MiniOzoneClusterImpl-8f60d98f-01ba-4335-ba92-853c1a5e70bb/datanode-1/data/ratis/9453edeb-c0ac-41f9-9aa5-cf34ed9ae28b
2020-06-10 23:32:29,720 [pool-51-thread-1] INFO  server.RaftServerConfigKeys (ConfUtils.java:logGet(44)) - raft.server.log.queue.byte-limit = 2147483647 (custom)
2020-06-10 23:32:29,720 [pool-51-thread-1] INFO  server.RaftServerConfigKeys (ConfUtils.java:logGet(44)) - raft.server.log.queue.element-limit = 1024 (custom)
2020-06-10 23:32:29,720 [pool-51-thread-1] INFO  server.RaftServerConfigKeys (ConfUtils.java:logGet(44)) - raft.server.log.segment.size.max = 1048576 (custom)
2020-06-10 23:32:29,720 [pool-51-thread-1] INFO  server.RaftServerConfigKeys (ConfUtils.java:logGet(44)) - raft.server.log.preallocated.size = 16384 (custom)
2020-06-10 23:32:29,720 [pool-51-thread-1] INFO  server.RaftServerConfigKeys (ConfUtils.java:logGet(44)) - raft.server.log.write.buffer.size = 1048576 (custom)
2020-06-10 23:32:29,720 [pool-51-thread-1] INFO  server.RaftServerConfigKeys (ConfUtils.java:logGet(44)) - raft.server.log.force.sync.num = 128 (default)
2020-06-10 23:32:29,720 [pool-51-thread-1] INFO  server.RaftServerConfigKeys (ConfUtils.java:logGet(44)) - raft.server.log.statemachine.data.sync = true (default)
2020-06-10 23:32:29,720 [pool-51-thread-1] INFO  server.RaftServerConfigKeys (ConfUtils.java:logGet(44)) - raft.server.log.statemachine.data.sync.timeout = 10s (default)
2020-06-10 23:32:29,720 [pool-51-thread-1] INFO  server.RaftServerConfigKeys (ConfUtils.java:logGet(44)) - raft.server.log.statemachine.data.sync.timeout.retry = -1 (default)
2020-06-10 23:32:29,723 [EventQueue-PipelineReportForPipelineReportHandler] INFO  pipeline.PipelineStateManager (PipelineStateManager.java:openPipeline(131)) - Pipeline Pipeline[ Id: 9453edeb-c0ac-41f9-9aa5-cf34ed9ae28b, Nodes: 1aa28a79-6085-416d-8460-1e98e8b061ff{ip: 172.17.0.2, host: be5d1cd46157, networkLocation: /default-rack, certSerialId: null}, Type:RATIS, Factor:ONE, State:ALLOCATED, leaderId:1aa28a79-6085-416d-8460-1e98e8b061ff, CreationTimestamp2020-06-10T23:32:26.672Z] moved to OPEN state
2020-06-10 23:32:29,723 [EventQueue-OpenPipelineForHealthyPipelineSafeModeRule] INFO  safemode.SCMSafeModeManager (HealthyPipelineSafeModeRule.java:process(132)) - SCM in safe mode. Healthy pipelines reported count is 0, required healthy pipeline reported count is 1
2020-06-10 23:32:29,724 [EventQueue-OpenPipelineForOneReplicaPipelineSafeModeRule] INFO  safemode.SCMSafeModeManager (SCMSafeModeManager.java:validateSafeModeExitRules(213)) - AtleastOneDatanodeReportedRule rule is successfully validated
2020-06-10 23:32:29,725 [pool-51-thread-1] INFO  server.RaftServerConfigKeys (ConfUtils.java:logGet(44)) - raft.server.log.statemachine.data.caching.enabled = true (custom)
2020-06-10 23:32:29,726 [pool-51-thread-1] INFO  segmented.SegmentedRaftLogWorker (SegmentedRaftLogWorker.java:lambda$new$0(129)) - 1aa28a79-6085-416d-8460-1e98e8b061ff@group-CF34ED9AE28B-SegmentedRaftLogWorker: flushIndex: setUnconditionally 0 -> -1
2020-06-10 23:32:29,726 [pool-51-thread-1] INFO  segmented.SegmentedRaftLogWorker (SegmentedRaftLogWorker.java:lambda$new$0(129)) - 1aa28a79-6085-416d-8460-1e98e8b061ff@group-CF34ED9AE28B-SegmentedRaftLogWorker: safeCacheEvictIndex: setUnconditionally 0 -> -1
2020-06-10 23:32:29,726 [pool-51-thread-1] INFO  server.RaftServerConfigKeys (ConfUtils.java:logGet(44)) - raft.server.snapshot.auto.trigger.enabled = true (custom)
2020-06-10 23:32:29,726 [pool-51-thread-1] INFO  server.RaftServerConfigKeys (ConfUtils.java:logGet(44)) - raft.server.snapshot.auto.trigger.threshold = 10000 (custom)
2020-06-10 23:32:29,727 [pool-51-thread-1] INFO  server.RaftServerConfigKeys (ConfUtils.java:logGet(44)) - raft.server.snapshot.retention.file.num = 5 (custom)
2020-06-10 23:32:29,727 [pool-51-thread-1] INFO  server.RaftServerConfigKeys (ConfUtils.java:logGet(44)) - raft.server.log.purge.upto.snapshot.index = false (default)
2020-06-10 23:32:29,727 [pool-51-thread-1] INFO  server.RaftServerConfigKeys (ConfUtils.java:logGet(44)) - raft.server.retrycache.expirytime = 600000ms (custom)
2020-06-10 23:32:29,736 [pool-51-thread-1] INFO  metrics.RatisMetrics (RatisMetrics.java:lambda$create$0(36)) - Creating Metrics Registry : ratis.leader_election.1aa28a79-6085-416d-8460-1e98e8b061ff@group-CF34ED9AE28B
2020-06-10 23:32:29,738 [pool-35-thread-1] INFO  metrics.RatisMetrics (RatisMetrics.java:lambda$create$0(36)) - Creating Metrics Registry : ratis.leader_election.b166f10c-c404-4dcb-a087-ba4800654d2c@group-4D43E2E77A8C
2020-06-10 23:32:29,740 [pool-35-thread-1] INFO  metrics.RatisMetrics (RatisMetrics.java:lambda$create$0(36)) - Creating Metrics Registry : ratis.server.b166f10c-c404-4dcb-a087-ba4800654d2c@group-4D43E2E77A8C
2020-06-10 23:32:29,741 [pool-51-thread-1] INFO  metrics.RatisMetrics (RatisMetrics.java:lambda$create$0(36)) - Creating Metrics Registry : ratis.server.1aa28a79-6085-416d-8460-1e98e8b061ff@group-CF34ED9AE28B
2020-06-10 23:32:29,748 [pool-35-thread-1] INFO  impl.RaftServerImpl (RaftServerImpl.java:start(186)) - b166f10c-c404-4dcb-a087-ba4800654d2c@group-4D43E2E77A8C: start as a follower, conf=-1: [b166f10c-c404-4dcb-a087-ba4800654d2c:172.17.0.2:43565], old=null
2020-06-10 23:32:29,749 [pool-51-thread-1] INFO  impl.RaftServerImpl (RaftServerImpl.java:start(186)) - 1aa28a79-6085-416d-8460-1e98e8b061ff@group-CF34ED9AE28B: start as a follower, conf=-1: [1aa28a79-6085-416d-8460-1e98e8b061ff:172.17.0.2:39429], old=null
2020-06-10 23:32:29,750 [pool-51-thread-1] INFO  impl.RaftServerImpl (RaftServerImpl.java:setRole(175)) - 1aa28a79-6085-416d-8460-1e98e8b061ff@group-CF34ED9AE28B: changes role from      null to FOLLOWER at term 0 for startAsFollower
2020-06-10 23:32:29,750 [pool-35-thread-1] INFO  impl.RaftServerImpl (RaftServerImpl.java:setRole(175)) - b166f10c-c404-4dcb-a087-ba4800654d2c@group-4D43E2E77A8C: changes role from      null to FOLLOWER at term 0 for startAsFollower
2020-06-10 23:32:29,751 [pool-35-thread-1] INFO  impl.RoleInfo (RoleInfo.java:updateAndGet(143)) - b166f10c-c404-4dcb-a087-ba4800654d2c: start FollowerState
2020-06-10 23:32:29,753 [pool-35-thread-1] INFO  util.JmxRegister (JmxRegister.java:tryRegister(44)) - Successfully registered JMX Bean with object name Ratis:service=RaftServer,group=group-4D43E2E77A8C,id=b166f10c-c404-4dcb-a087-ba4800654d2c
2020-06-10 23:32:29,751 [pool-51-thread-1] INFO  impl.RoleInfo (RoleInfo.java:updateAndGet(143)) - 1aa28a79-6085-416d-8460-1e98e8b061ff: start FollowerState
2020-06-10 23:32:29,759 [pool-35-thread-1] INFO  metrics.RatisMetrics (RatisMetrics.java:lambda$create$0(36)) - Creating Metrics Registry : ratis.state_machine.b166f10c-c404-4dcb-a087-ba4800654d2c@group-4D43E2E77A8C
2020-06-10 23:32:29,770 [pool-51-thread-1] INFO  util.JmxRegister (JmxRegister.java:tryRegister(44)) - Successfully registered JMX Bean with object name Ratis:service=RaftServer,group=group-CF34ED9AE28B,id=1aa28a79-6085-416d-8460-1e98e8b061ff
2020-06-10 23:32:29,774 [pool-51-thread-1] INFO  metrics.RatisMetrics (RatisMetrics.java:lambda$create$0(36)) - Creating Metrics Registry : ratis.state_machine.1aa28a79-6085-416d-8460-1e98e8b061ff@group-CF34ED9AE28B
2020-06-10 23:32:29,775 [Command processor thread] INFO  impl.RaftServerProxy (RaftServerProxy.java:addNew(89)) - c3c497a8-7dd5-4f0b-8431-82df52c157aa: addNew group-83253E31AFC1:[c3c497a8-7dd5-4f0b-8431-82df52c157aa:172.17.0.2:43239] returns group-83253E31AFC1:java.util.concurrent.CompletableFuture@7f4ce7df[Not completed]
2020-06-10 23:32:29,789 [Command processor thread] INFO  commandhandler.CreatePipelineCommandHandler (CreatePipelineCommandHandler.java:handle(109)) - Created Pipeline RATIS ONE #id: "9453edeb-c0ac-41f9-9aa5-cf34ed9ae28b"
.
2020-06-10 23:32:29,790 [Command processor thread] INFO  commandhandler.CreatePipelineCommandHandler (CreatePipelineCommandHandler.java:handle(109)) - Created Pipeline RATIS ONE #id: "d1eb9c1a-1468-40e1-8d6d-4d43e2e77a8c"
.
2020-06-10 23:32:29,791 [Command processor thread] INFO  impl.RaftServerProxy (RaftServerProxy.java:addNew(89)) - 1aa28a79-6085-416d-8460-1e98e8b061ff: addNew group-349F9BD86EAC:[1aa28a79-6085-416d-8460-1e98e8b061ff:172.17.0.2:39429, b166f10c-c404-4dcb-a087-ba4800654d2c:172.17.0.2:43565, c3c497a8-7dd5-4f0b-8431-82df52c157aa:172.17.0.2:43239] returns group-349F9BD86EAC:java.util.concurrent.CompletableFuture@7fa29339[Not completed]
2020-06-10 23:32:29,791 [Command processor thread] INFO  impl.RaftServerProxy (RaftServerProxy.java:addNew(89)) - b166f10c-c404-4dcb-a087-ba4800654d2c: addNew group-349F9BD86EAC:[1aa28a79-6085-416d-8460-1e98e8b061ff:172.17.0.2:39429, b166f10c-c404-4dcb-a087-ba4800654d2c:172.17.0.2:43565, c3c497a8-7dd5-4f0b-8431-82df52c157aa:172.17.0.2:43239] returns group-349F9BD86EAC:java.util.concurrent.CompletableFuture@1f47609c[Not completed]
2020-06-10 23:32:29,805 [pool-35-thread-1] INFO  impl.RaftServerImpl (RaftServerImpl.java:<init>(99)) - b166f10c-c404-4dcb-a087-ba4800654d2c: new RaftServerImpl for group-349F9BD86EAC:[1aa28a79-6085-416d-8460-1e98e8b061ff:172.17.0.2:39429, b166f10c-c404-4dcb-a087-ba4800654d2c:172.17.0.2:43565, c3c497a8-7dd5-4f0b-8431-82df52c157aa:172.17.0.2:43239] with ContainerStateMachine:uninitialized
2020-06-10 23:32:29,805 [pool-35-thread-1] INFO  server.RaftServerConfigKeys (ConfUtils.java:logGet(44)) - raft.server.rpc.timeout.min = 5s (custom)
2020-06-10 23:32:29,805 [pool-35-thread-1] INFO  server.RaftServerConfigKeys (ConfUtils.java:logGet(44)) - raft.server.rpc.timeout.max = 5200ms (custom)
2020-06-10 23:32:29,805 [pool-35-thread-1] INFO  server.RaftServerConfigKeys (ConfUtils.java:logGet(44)) - raft.server.rpcslowness.timeout = 300s (custom)
2020-06-10 23:32:29,805 [pool-35-thread-1] INFO  server.RaftServerConfigKeys (ConfUtils.java:logGet(44)) - raft.server.sleep.deviation.threshold = 300 (default)
2020-06-10 23:32:29,805 [pool-35-thread-1] INFO  server.RaftServerConfigKeys (ConfUtils.java:logGet(44)) - raft.server.log.appender.install.snapshot.enabled = false (custom)
2020-06-10 23:32:29,805 [pool-35-thread-1] INFO  impl.RaftServerImpl (ServerState.java:<init>(103)) - b166f10c-c404-4dcb-a087-ba4800654d2c@group-349F9BD86EAC: ConfigurationManager, init=-1: [1aa28a79-6085-416d-8460-1e98e8b061ff:172.17.0.2:39429, b166f10c-c404-4dcb-a087-ba4800654d2c:172.17.0.2:43565, c3c497a8-7dd5-4f0b-8431-82df52c157aa:172.17.0.2:43239], old=null, confs=<EMPTY_MAP>
2020-06-10 23:32:29,806 [pool-35-thread-1] INFO  server.RaftServerConfigKeys (ConfUtils.java:logGet(44)) - raft.server.storage.dir = [/github/workspace/mnt/ozone/hadoop-ozone/integration-test/target/test-dir/MiniOzoneClusterImpl-8f60d98f-01ba-4335-ba92-853c1a5e70bb/datanode-0/data/ratis] (custom)
2020-06-10 23:32:29,806 [pool-35-thread-1] INFO  server.RaftServerConfigKeys (ConfUtils.java:logGet(44)) - raft.server.log.corruption.policy = EXCEPTION (default)
2020-06-10 23:32:29,806 [pool-35-thread-1] INFO  storage.RaftStorageDirectory (RaftStorageDirectory.java:analyzeStorage(261)) - The storage directory /github/workspace/mnt/ozone/hadoop-ozone/integration-test/target/test-dir/MiniOzoneClusterImpl-8f60d98f-01ba-4335-ba92-853c1a5e70bb/datanode-0/data/ratis/0c3dcd96-bd09-4ae5-9fb1-349f9bd86eac does not exist. Creating ...
2020-06-10 23:32:29,808 [pool-51-thread-1] INFO  impl.RaftServerImpl (RaftServerImpl.java:<init>(99)) - 1aa28a79-6085-416d-8460-1e98e8b061ff: new RaftServerImpl for group-349F9BD86EAC:[1aa28a79-6085-416d-8460-1e98e8b061ff:172.17.0.2:39429, b166f10c-c404-4dcb-a087-ba4800654d2c:172.17.0.2:43565, c3c497a8-7dd5-4f0b-8431-82df52c157aa:172.17.0.2:43239] with ContainerStateMachine:uninitialized
2020-06-10 23:32:29,808 [pool-51-thread-1] INFO  server.RaftServerConfigKeys (ConfUtils.java:logGet(44)) - raft.server.rpc.timeout.min = 5s (custom)
2020-06-10 23:32:29,808 [pool-51-thread-1] INFO  server.RaftServerConfigKeys (ConfUtils.java:logGet(44)) - raft.server.rpc.timeout.max = 5200ms (custom)
2020-06-10 23:32:29,808 [pool-51-thread-1] INFO  server.RaftServerConfigKeys (ConfUtils.java:logGet(44)) - raft.server.rpcslowness.timeout = 300s (custom)
2020-06-10 23:32:29,808 [pool-51-thread-1] INFO  server.RaftServerConfigKeys (ConfUtils.java:logGet(44)) - raft.server.sleep.deviation.threshold = 300 (default)
2020-06-10 23:32:29,809 [pool-51-thread-1] INFO  server.RaftServerConfigKeys (ConfUtils.java:logGet(44)) - raft.server.log.appender.install.snapshot.enabled = false (custom)
2020-06-10 23:32:29,809 [pool-51-thread-1] INFO  impl.RaftServerImpl (ServerState.java:<init>(103)) - 1aa28a79-6085-416d-8460-1e98e8b061ff@group-349F9BD86EAC: ConfigurationManager, init=-1: [1aa28a79-6085-416d-8460-1e98e8b061ff:172.17.0.2:39429, b166f10c-c404-4dcb-a087-ba4800654d2c:172.17.0.2:43565, c3c497a8-7dd5-4f0b-8431-82df52c157aa:172.17.0.2:43239], old=null, confs=<EMPTY_MAP>
2020-06-10 23:32:29,809 [pool-51-thread-1] INFO  server.RaftServerConfigKeys (ConfUtils.java:logGet(44)) - raft.server.storage.dir = [/github/workspace/mnt/ozone/hadoop-ozone/integration-test/target/test-dir/MiniOzoneClusterImpl-8f60d98f-01ba-4335-ba92-853c1a5e70bb/datanode-1/data/ratis] (custom)
2020-06-10 23:32:29,809 [pool-51-thread-1] INFO  server.RaftServerConfigKeys (ConfUtils.java:logGet(44)) - raft.server.log.corruption.policy = EXCEPTION (default)
2020-06-10 23:32:29,809 [pool-51-thread-1] INFO  storage.RaftStorageDirectory (RaftStorageDirectory.java:analyzeStorage(261)) - The storage directory /github/workspace/mnt/ozone/hadoop-ozone/integration-test/target/test-dir/MiniOzoneClusterImpl-8f60d98f-01ba-4335-ba92-853c1a5e70bb/datanode-1/data/ratis/0c3dcd96-bd09-4ae5-9fb1-349f9bd86eac does not exist. Creating ...
2020-06-10 23:32:29,811 [pool-67-thread-1] INFO  impl.RaftServerImpl (RaftServerImpl.java:<init>(99)) - c3c497a8-7dd5-4f0b-8431-82df52c157aa: new RaftServerImpl for group-83253E31AFC1:[c3c497a8-7dd5-4f0b-8431-82df52c157aa:172.17.0.2:43239] with ContainerStateMachine:uninitialized
2020-06-10 23:32:29,812 [pool-35-thread-1] INFO  storage.RaftStorageDirectory (RaftStorageDirectory.java:tryLock(343)) - Lock on /github/workspace/mnt/ozone/hadoop-ozone/integration-test/target/test-dir/MiniOzoneClusterImpl-8f60d98f-01ba-4335-ba92-853c1a5e70bb/datanode-0/data/ratis/0c3dcd96-bd09-4ae5-9fb1-349f9bd86eac/in_use.lock acquired by nodename 12521@be5d1cd46157
2020-06-10 23:32:29,813 [pool-67-thread-1] INFO  server.RaftServerConfigKeys (ConfUtils.java:logGet(44)) - raft.server.rpc.timeout.min = 5s (custom)
2020-06-10 23:32:29,813 [pool-67-thread-1] INFO  server.RaftServerConfigKeys (ConfUtils.java:logGet(44)) - raft.server.rpc.timeout.max = 5200ms (custom)
2020-06-10 23:32:29,813 [pool-67-thread-1] INFO  server.RaftServerConfigKeys (ConfUtils.java:logGet(44)) - raft.server.rpcslowness.timeout = 300s (custom)
2020-06-10 23:32:29,813 [pool-67-thread-1] INFO  server.RaftServerConfigKeys (ConfUtils.java:logGet(44)) - raft.server.sleep.deviation.threshold = 300 (default)
2020-06-10 23:32:29,813 [pool-67-thread-1] INFO  server.RaftServerConfigKeys (ConfUtils.java:logGet(44)) - raft.server.log.appender.install.snapshot.enabled = false (custom)
2020-06-10 23:32:29,813 [pool-67-thread-1] INFO  impl.RaftServerImpl (ServerState.java:<init>(103)) - c3c497a8-7dd5-4f0b-8431-82df52c157aa@group-83253E31AFC1: ConfigurationManager, init=-1: [c3c497a8-7dd5-4f0b-8431-82df52c157aa:172.17.0.2:43239], old=null, confs=<EMPTY_MAP>
2020-06-10 23:32:29,813 [pool-67-thread-1] INFO  server.RaftServerConfigKeys (ConfUtils.java:logGet(44)) - raft.server.storage.dir = [/github/workspace/mnt/ozone/hadoop-ozone/integration-test/target/test-dir/MiniOzoneClusterImpl-8f60d98f-01ba-4335-ba92-853c1a5e70bb/datanode-2/data/ratis] (custom)
2020-06-10 23:32:29,814 [pool-67-thread-1] INFO  server.RaftServerConfigKeys (ConfUtils.java:logGet(44)) - raft.server.log.corruption.policy = EXCEPTION (default)
2020-06-10 23:32:29,814 [pool-67-thread-1] INFO  storage.RaftStorageDirectory (RaftStorageDirectory.java:analyzeStorage(261)) - The storage directory /github/workspace/mnt/ozone/hadoop-ozone/integration-test/target/test-dir/MiniOzoneClusterImpl-8f60d98f-01ba-4335-ba92-853c1a5e70bb/datanode-2/data/ratis/35c0b9ea-a962-4f56-8b42-83253e31afc1 does not exist. Creating ...
2020-06-10 23:32:29,815 [pool-35-thread-1] INFO  storage.RaftStorage (RaftStorage.java:format(84)) - Storage directory /github/workspace/mnt/ozone/hadoop-ozone/integration-test/target/test-dir/MiniOzoneClusterImpl-8f60d98f-01ba-4335-ba92-853c1a5e70bb/datanode-0/data/ratis/0c3dcd96-bd09-4ae5-9fb1-349f9bd86eac has been successfully formatted.
2020-06-10 23:32:29,816 [pool-35-thread-1] INFO  ratis.ContainerStateMachine (ContainerStateMachine.java:loadSnapshot(226)) - group-349F9BD86EAC: The snapshot info is null. Setting the last applied indexto:(t:0, i:~)
2020-06-10 23:32:29,816 [pool-35-thread-1] INFO  server.RaftServerConfigKeys (ConfUtils.java:logGet(44)) - raft.server.notification.no-leader.timeout = 60s (default)
2020-06-10 23:32:29,816 [pool-35-thread-1] INFO  server.RaftServerConfigKeys (ConfUtils.java:logGet(44)) - raft.server.log.use.memory = false (default)
2020-06-10 23:32:29,816 [pool-35-thread-1] INFO  server.RaftServerConfigKeys (ConfUtils.java:logGet(44)) - raft.server.log.purge.gap = 1000000 (custom)
2020-06-10 23:32:29,816 [pool-35-thread-1] INFO  server.RaftServerConfigKeys (ConfUtils.java:logGet(44)) - raft.server.log.appender.buffer.byte-limit = 33554432 (custom)
2020-06-10 23:32:29,816 [pool-35-thread-1] INFO  server.RaftServerConfigKeys (ConfUtils.java:logGet(44)) - raft.server.log.segment.size.max = 1048576 (custom)
2020-06-10 23:32:29,816 [pool-35-thread-1] INFO  metrics.RatisMetrics (RatisMetrics.java:lambda$create$0(36)) - Creating Metrics Registry : ratis.log_worker.b166f10c-c404-4dcb-a087-ba4800654d2c@group-349F9BD86EAC
2020-06-10 23:32:29,816 [pool-35-thread-1] INFO  server.RaftServerConfigKeys (ConfUtils.java:logGet(44)) - raft.server.log.segment.cache.num.max = 2 (custom)
2020-06-10 23:32:29,816 [pool-35-thread-1] INFO  segmented.SegmentedRaftLogWorker (SegmentedRaftLogWorker.java:<init>(180)) - new b166f10c-c404-4dcb-a087-ba4800654d2c@group-349F9BD86EAC-SegmentedRaftLogWorker for RaftStorage:Storage Directory /github/workspace/mnt/ozone/hadoop-ozone/integration-test/target/test-dir/MiniOzoneClusterImpl-8f60d98f-01ba-4335-ba92-853c1a5e70bb/datanode-0/data/ratis/0c3dcd96-bd09-4ae5-9fb1-349f9bd86eac
2020-06-10 23:32:29,817 [pool-35-thread-1] INFO  server.RaftServerConfigKeys (ConfUtils.java:logGet(44)) - raft.server.log.queue.byte-limit = 2147483647 (custom)
2020-06-10 23:32:29,817 [pool-35-thread-1] INFO  server.RaftServerConfigKeys (ConfUtils.java:logGet(44)) - raft.server.log.queue.element-limit = 1024 (custom)
2020-06-10 23:32:29,817 [pool-35-thread-1] INFO  server.RaftServerConfigKeys (ConfUtils.java:logGet(44)) - raft.server.log.segment.size.max = 1048576 (custom)
2020-06-10 23:32:29,817 [pool-35-thread-1] INFO  server.RaftServerConfigKeys (ConfUtils.java:logGet(44)) - raft.server.log.preallocated.size = 16384 (custom)
2020-06-10 23:32:29,817 [pool-35-thread-1] INFO  server.RaftServerConfigKeys (ConfUtils.java:logGet(44)) - raft.server.log.write.buffer.size = 1048576 (custom)
2020-06-10 23:32:29,817 [pool-35-thread-1] INFO  server.RaftServerConfigKeys (ConfUtils.java:logGet(44)) - raft.server.log.force.sync.num = 128 (default)
2020-06-10 23:32:29,817 [pool-35-thread-1] INFO  server.RaftServerConfigKeys (ConfUtils.java:logGet(44)) - raft.server.log.statemachine.data.sync = true (default)
2020-06-10 23:32:29,817 [pool-35-thread-1] INFO  server.RaftServerConfigKeys (ConfUtils.java:logGet(44)) - raft.server.log.statemachine.data.sync.timeout = 10s (default)
2020-06-10 23:32:29,817 [pool-35-thread-1] INFO  server.RaftServerConfigKeys (ConfUtils.java:logGet(44)) - raft.server.log.statemachine.data.sync.timeout.retry = -1 (default)
2020-06-10 23:32:29,827 [pool-35-thread-1] INFO  server.RaftServerConfigKeys (ConfUtils.java:logGet(44)) - raft.server.log.statemachine.data.caching.enabled = true (custom)
2020-06-10 23:32:29,827 [pool-35-thread-1] INFO  segmented.SegmentedRaftLogWorker (SegmentedRaftLogWorker.java:lambda$new$0(129)) - b166f10c-c404-4dcb-a087-ba4800654d2c@group-349F9BD86EAC-SegmentedRaftLogWorker: flushIndex: setUnconditionally 0 -> -1
2020-06-10 23:32:29,828 [pool-35-thread-1] INFO  segmented.SegmentedRaftLogWorker (SegmentedRaftLogWorker.java:lambda$new$0(129)) - b166f10c-c404-4dcb-a087-ba4800654d2c@group-349F9BD86EAC-SegmentedRaftLogWorker: safeCacheEvictIndex: setUnconditionally 0 -> -1
2020-06-10 23:32:29,832 [pool-67-thread-1] INFO  storage.RaftStorageDirectory (RaftStorageDirectory.java:tryLock(343)) - Lock on /github/workspace/mnt/ozone/hadoop-ozone/integration-test/target/test-dir/MiniOzoneClusterImpl-8f60d98f-01ba-4335-ba92-853c1a5e70bb/datanode-2/data/ratis/35c0b9ea-a962-4f56-8b42-83253e31afc1/in_use.lock acquired by nodename 12521@be5d1cd46157
2020-06-10 23:32:29,832 [pool-51-thread-1] INFO  storage.RaftStorageDirectory (RaftStorageDirectory.java:tryLock(343)) - Lock on /github/workspace/mnt/ozone/hadoop-ozone/integration-test/target/test-dir/MiniOzoneClusterImpl-8f60d98f-01ba-4335-ba92-853c1a5e70bb/datanode-1/data/ratis/0c3dcd96-bd09-4ae5-9fb1-349f9bd86eac/in_use.lock acquired by nodename 12521@be5d1cd46157
2020-06-10 23:32:29,833 [pool-35-thread-1] INFO  server.RaftServerConfigKeys (ConfUtils.java:logGet(44)) - raft.server.snapshot.auto.trigger.enabled = true (custom)
2020-06-10 23:32:29,833 [pool-35-thread-1] INFO  server.RaftServerConfigKeys (ConfUtils.java:logGet(44)) - raft.server.snapshot.auto.trigger.threshold = 10000 (custom)
2020-06-10 23:32:29,833 [pool-35-thread-1] INFO  server.RaftServerConfigKeys (ConfUtils.java:logGet(44)) - raft.server.snapshot.retention.file.num = 5 (custom)
2020-06-10 23:32:29,833 [pool-35-thread-1] INFO  server.RaftServerConfigKeys (ConfUtils.java:logGet(44)) - raft.server.log.purge.upto.snapshot.index = false (default)
2020-06-10 23:32:29,833 [pool-35-thread-1] INFO  server.RaftServerConfigKeys (ConfUtils.java:logGet(44)) - raft.server.retrycache.expirytime = 600000ms (custom)
2020-06-10 23:32:29,833 [pool-35-thread-1] INFO  metrics.RatisMetrics (RatisMetrics.java:lambda$create$0(36)) - Creating Metrics Registry : ratis.leader_election.b166f10c-c404-4dcb-a087-ba4800654d2c@group-349F9BD86EAC
2020-06-10 23:32:29,834 [pool-51-thread-1] INFO  storage.RaftStorage (RaftStorage.java:format(84)) - Storage directory /github/workspace/mnt/ozone/hadoop-ozone/integration-test/target/test-dir/MiniOzoneClusterImpl-8f60d98f-01ba-4335-ba92-853c1a5e70bb/datanode-1/data/ratis/0c3dcd96-bd09-4ae5-9fb1-349f9bd86eac has been successfully formatted.
2020-06-10 23:32:29,834 [pool-51-thread-1] INFO  ratis.ContainerStateMachine (ContainerStateMachine.java:loadSnapshot(226)) - group-349F9BD86EAC: The snapshot info is null. Setting the last applied indexto:(t:0, i:~)
2020-06-10 23:32:29,834 [pool-51-thread-1] INFO  server.RaftServerConfigKeys (ConfUtils.java:logGet(44)) - raft.server.notification.no-leader.timeout = 60s (default)
2020-06-10 23:32:29,834 [pool-51-thread-1] INFO  server.RaftServerConfigKeys (ConfUtils.java:logGet(44)) - raft.server.log.use.memory = false (default)
2020-06-10 23:32:29,834 [pool-51-thread-1] INFO  server.RaftServerConfigKeys (ConfUtils.java:logGet(44)) - raft.server.log.purge.gap = 1000000 (custom)
2020-06-10 23:32:29,834 [pool-51-thread-1] INFO  server.RaftServerConfigKeys (ConfUtils.java:logGet(44)) - raft.server.log.appender.buffer.byte-limit = 33554432 (custom)
2020-06-10 23:32:29,834 [pool-51-thread-1] INFO  server.RaftServerConfigKeys (ConfUtils.java:logGet(44)) - raft.server.log.segment.size.max = 1048576 (custom)
2020-06-10 23:32:29,834 [pool-51-thread-1] INFO  metrics.RatisMetrics (RatisMetrics.java:lambda$create$0(36)) - Creating Metrics Registry : ratis.log_worker.1aa28a79-6085-416d-8460-1e98e8b061ff@group-349F9BD86EAC
2020-06-10 23:32:29,835 [pool-51-thread-1] INFO  server.RaftServerConfigKeys (ConfUtils.java:logGet(44)) - raft.server.log.segment.cache.num.max = 2 (custom)
2020-06-10 23:32:29,835 [pool-51-thread-1] INFO  segmented.SegmentedRaftLogWorker (SegmentedRaftLogWorker.java:<init>(180)) - new 1aa28a79-6085-416d-8460-1e98e8b061ff@group-349F9BD86EAC-SegmentedRaftLogWorker for RaftStorage:Storage Directory /github/workspace/mnt/ozone/hadoop-ozone/integration-test/target/test-dir/MiniOzoneClusterImpl-8f60d98f-01ba-4335-ba92-853c1a5e70bb/datanode-1/data/ratis/0c3dcd96-bd09-4ae5-9fb1-349f9bd86eac
2020-06-10 23:32:29,835 [pool-51-thread-1] INFO  server.RaftServerConfigKeys (ConfUtils.java:logGet(44)) - raft.server.log.queue.byte-limit = 2147483647 (custom)
2020-06-10 23:32:29,835 [pool-51-thread-1] INFO  server.RaftServerConfigKeys (ConfUtils.java:logGet(44)) - raft.server.log.queue.element-limit = 1024 (custom)
2020-06-10 23:32:29,835 [pool-51-thread-1] INFO  server.RaftServerConfigKeys (ConfUtils.java:logGet(44)) - raft.server.log.segment.size.max = 1048576 (custom)
2020-06-10 23:32:29,835 [pool-51-thread-1] INFO  server.RaftServerConfigKeys (ConfUtils.java:logGet(44)) - raft.server.log.preallocated.size = 16384 (custom)
2020-06-10 23:32:29,835 [pool-51-thread-1] INFO  server.RaftServerConfigKeys (ConfUtils.java:logGet(44)) - raft.server.log.write.buffer.size = 1048576 (custom)
2020-06-10 23:32:29,835 [pool-51-thread-1] INFO  server.RaftServerConfigKeys (ConfUtils.java:logGet(44)) - raft.server.log.force.sync.num = 128 (default)
2020-06-10 23:32:29,835 [pool-51-thread-1] INFO  server.RaftServerConfigKeys (ConfUtils.java:logGet(44)) - raft.server.log.statemachine.data.sync = true (default)
2020-06-10 23:32:29,836 [pool-51-thread-1] INFO  server.RaftServerConfigKeys (ConfUtils.java:logGet(44)) - raft.server.log.statemachine.data.sync.timeout = 10s (default)
2020-06-10 23:32:29,836 [pool-51-thread-1] INFO  server.RaftServerConfigKeys (ConfUtils.java:logGet(44)) - raft.server.log.statemachine.data.sync.timeout.retry = -1 (default)
2020-06-10 23:32:29,838 [pool-51-thread-1] INFO  server.RaftServerConfigKeys (ConfUtils.java:logGet(44)) - raft.server.log.statemachine.data.caching.enabled = true (custom)
2020-06-10 23:32:29,838 [pool-67-thread-1] INFO  storage.RaftStorage (RaftStorage.java:format(84)) - Storage directory /github/workspace/mnt/ozone/hadoop-ozone/integration-test/target/test-dir/MiniOzoneClusterImpl-8f60d98f-01ba-4335-ba92-853c1a5e70bb/datanode-2/data/ratis/35c0b9ea-a962-4f56-8b42-83253e31afc1 has been successfully formatted.
2020-06-10 23:32:29,839 [pool-67-thread-1] INFO  ratis.ContainerStateMachine (ContainerStateMachine.java:loadSnapshot(226)) - group-83253E31AFC1: The snapshot info is null. Setting the last applied indexto:(t:0, i:~)
2020-06-10 23:32:29,839 [pool-67-thread-1] INFO  server.RaftServerConfigKeys (ConfUtils.java:logGet(44)) - raft.server.notification.no-leader.timeout = 60s (default)
2020-06-10 23:32:29,839 [pool-67-thread-1] INFO  server.RaftServerConfigKeys (ConfUtils.java:logGet(44)) - raft.server.log.use.memory = false (default)
2020-06-10 23:32:29,839 [pool-67-thread-1] INFO  server.RaftServerConfigKeys (ConfUtils.java:logGet(44)) - raft.server.log.purge.gap = 1000000 (custom)
2020-06-10 23:32:29,840 [pool-67-thread-1] INFO  server.RaftServerConfigKeys (ConfUtils.java:logGet(44)) - raft.server.log.appender.buffer.byte-limit = 33554432 (custom)
2020-06-10 23:32:29,840 [pool-67-thread-1] INFO  server.RaftServerConfigKeys (ConfUtils.java:logGet(44)) - raft.server.log.segment.size.max = 1048576 (custom)
2020-06-10 23:32:29,840 [pool-67-thread-1] INFO  metrics.RatisMetrics (RatisMetrics.java:lambda$create$0(36)) - Creating Metrics Registry : ratis.log_worker.c3c497a8-7dd5-4f0b-8431-82df52c157aa@group-83253E31AFC1
2020-06-10 23:32:29,840 [pool-67-thread-1] INFO  server.RaftServerConfigKeys (ConfUtils.java:logGet(44)) - raft.server.log.segment.cache.num.max = 2 (custom)
2020-06-10 23:32:29,840 [pool-67-thread-1] INFO  segmented.SegmentedRaftLogWorker (SegmentedRaftLogWorker.java:<init>(180)) - new c3c497a8-7dd5-4f0b-8431-82df52c157aa@group-83253E31AFC1-SegmentedRaftLogWorker for RaftStorage:Storage Directory /github/workspace/mnt/ozone/hadoop-ozone/integration-test/target/test-dir/MiniOzoneClusterImpl-8f60d98f-01ba-4335-ba92-853c1a5e70bb/datanode-2/data/ratis/35c0b9ea-a962-4f56-8b42-83253e31afc1
2020-06-10 23:32:29,840 [pool-67-thread-1] INFO  server.RaftServerConfigKeys (ConfUtils.java:logGet(44)) - raft.server.log.queue.byte-limit = 2147483647 (custom)
2020-06-10 23:32:29,840 [pool-67-thread-1] INFO  server.RaftServerConfigKeys (ConfUtils.java:logGet(44)) - raft.server.log.queue.element-limit = 1024 (custom)
2020-06-10 23:32:29,840 [pool-67-thread-1] INFO  server.RaftServerConfigKeys (ConfUtils.java:logGet(44)) - raft.server.log.segment.size.max = 1048576 (custom)
2020-06-10 23:32:29,840 [pool-67-thread-1] INFO  server.RaftServerConfigKeys (ConfUtils.java:logGet(44)) - raft.server.log.preallocated.size = 16384 (custom)
2020-06-10 23:32:29,841 [pool-67-thread-1] INFO  server.RaftServerConfigKeys (ConfUtils.java:logGet(44)) - raft.server.log.write.buffer.size = 1048576 (custom)
2020-06-10 23:32:29,841 [pool-67-thread-1] INFO  server.RaftServerConfigKeys (ConfUtils.java:logGet(44)) - raft.server.log.force.sync.num = 128 (default)
2020-06-10 23:32:29,841 [pool-67-thread-1] INFO  server.RaftServerConfigKeys (ConfUtils.java:logGet(44)) - raft.server.log.statemachine.data.sync = true (default)
2020-06-10 23:32:29,841 [pool-67-thread-1] INFO  server.RaftServerConfigKeys (ConfUtils.java:logGet(44)) - raft.server.log.statemachine.data.sync.timeout = 10s (default)
2020-06-10 23:32:29,841 [pool-67-thread-1] INFO  server.RaftServerConfigKeys (ConfUtils.java:logGet(44)) - raft.server.log.statemachine.data.sync.timeout.retry = -1 (default)
2020-06-10 23:32:29,843 [pool-35-thread-1] INFO  metrics.RatisMetrics (RatisMetrics.java:lambda$create$0(36)) - Creating Metrics Registry : ratis.server.b166f10c-c404-4dcb-a087-ba4800654d2c@group-349F9BD86EAC
2020-06-10 23:32:29,847 [EventQueue-PipelineReportForPipelineReportHandler] INFO  pipeline.PipelineStateManager (PipelineStateManager.java:openPipeline(131)) - Pipeline Pipeline[ Id: 35c0b9ea-a962-4f56-8b42-83253e31afc1, Nodes: c3c497a8-7dd5-4f0b-8431-82df52c157aa{ip: 172.17.0.2, host: be5d1cd46157, networkLocation: /default-rack, certSerialId: null}, Type:RATIS, Factor:ONE, State:ALLOCATED, leaderId:c3c497a8-7dd5-4f0b-8431-82df52c157aa, CreationTimestamp2020-06-10T23:32:26.771Z] moved to OPEN state
2020-06-10 23:32:29,848 [EventQueue-OpenPipelineForHealthyPipelineSafeModeRule] INFO  safemode.SCMSafeModeManager (HealthyPipelineSafeModeRule.java:process(132)) - SCM in safe mode. Healthy pipelines reported count is 0, required healthy pipeline reported count is 1
2020-06-10 23:32:29,848 [EventQueue-OpenPipelineForOneReplicaPipelineSafeModeRule] INFO  safemode.SCMSafeModeManager (SCMSafeModeManager.java:validateSafeModeExitRules(213)) - AtleastOneDatanodeReportedRule rule is successfully validated
2020-06-10 23:32:29,849 [pool-35-thread-1] INFO  impl.RaftServerImpl (RaftServerImpl.java:start(186)) - b166f10c-c404-4dcb-a087-ba4800654d2c@group-349F9BD86EAC: start as a follower, conf=-1: [1aa28a79-6085-416d-8460-1e98e8b061ff:172.17.0.2:39429, b166f10c-c404-4dcb-a087-ba4800654d2c:172.17.0.2:43565, c3c497a8-7dd5-4f0b-8431-82df52c157aa:172.17.0.2:43239], old=null
2020-06-10 23:32:29,849 [pool-35-thread-1] INFO  impl.RaftServerImpl (RaftServerImpl.java:setRole(175)) - b166f10c-c404-4dcb-a087-ba4800654d2c@group-349F9BD86EAC: changes role from      null to FOLLOWER at term 0 for startAsFollower
2020-06-10 23:32:29,849 [pool-35-thread-1] INFO  impl.RoleInfo (RoleInfo.java:updateAndGet(143)) - b166f10c-c404-4dcb-a087-ba4800654d2c: start FollowerState
2020-06-10 23:32:29,852 [pool-35-thread-1] INFO  util.JmxRegister (JmxRegister.java:tryRegister(44)) - Successfully registered JMX Bean with object name Ratis:service=RaftServer,group=group-349F9BD86EAC,id=b166f10c-c404-4dcb-a087-ba4800654d2c
2020-06-10 23:32:29,852 [pool-35-thread-1] INFO  metrics.RatisMetrics (RatisMetrics.java:lambda$create$0(36)) - Creating Metrics Registry : ratis.state_machine.b166f10c-c404-4dcb-a087-ba4800654d2c@group-349F9BD86EAC
2020-06-10 23:32:29,855 [pool-51-thread-1] INFO  segmented.SegmentedRaftLogWorker (SegmentedRaftLogWorker.java:lambda$new$0(129)) - 1aa28a79-6085-416d-8460-1e98e8b061ff@group-349F9BD86EAC-SegmentedRaftLogWorker: flushIndex: setUnconditionally 0 -> -1
2020-06-10 23:32:29,855 [pool-51-thread-1] INFO  segmented.SegmentedRaftLogWorker (SegmentedRaftLogWorker.java:lambda$new$0(129)) - 1aa28a79-6085-416d-8460-1e98e8b061ff@group-349F9BD86EAC-SegmentedRaftLogWorker: safeCacheEvictIndex: setUnconditionally 0 -> -1
2020-06-10 23:32:29,862 [pool-51-thread-1] INFO  server.RaftServerConfigKeys (ConfUtils.java:logGet(44)) - raft.server.snapshot.auto.trigger.enabled = true (custom)
2020-06-10 23:32:29,862 [pool-51-thread-1] INFO  server.RaftServerConfigKeys (ConfUtils.java:logGet(44)) - raft.server.snapshot.auto.trigger.threshold = 10000 (custom)
2020-06-10 23:32:29,862 [pool-51-thread-1] INFO  server.RaftServerConfigKeys (ConfUtils.java:logGet(44)) - raft.server.snapshot.retention.file.num = 5 (custom)
2020-06-10 23:32:29,862 [pool-51-thread-1] INFO  server.RaftServerConfigKeys (ConfUtils.java:logGet(44)) - raft.server.log.purge.upto.snapshot.index = false (default)
2020-06-10 23:32:29,862 [pool-51-thread-1] INFO  server.RaftServerConfigKeys (ConfUtils.java:logGet(44)) - raft.server.retrycache.expirytime = 600000ms (custom)
2020-06-10 23:32:29,862 [pool-51-thread-1] INFO  metrics.RatisMetrics (RatisMetrics.java:lambda$create$0(36)) - Creating Metrics Registry : ratis.leader_election.1aa28a79-6085-416d-8460-1e98e8b061ff@group-349F9BD86EAC
2020-06-10 23:32:29,864 [pool-51-thread-1] INFO  metrics.RatisMetrics (RatisMetrics.java:lambda$create$0(36)) - Creating Metrics Registry : ratis.server.1aa28a79-6085-416d-8460-1e98e8b061ff@group-349F9BD86EAC
2020-06-10 23:32:29,866 [pool-51-thread-1] INFO  impl.RaftServerImpl (RaftServerImpl.java:start(186)) - 1aa28a79-6085-416d-8460-1e98e8b061ff@group-349F9BD86EAC: start as a follower, conf=-1: [1aa28a79-6085-416d-8460-1e98e8b061ff:172.17.0.2:39429, b166f10c-c404-4dcb-a087-ba4800654d2c:172.17.0.2:43565, c3c497a8-7dd5-4f0b-8431-82df52c157aa:172.17.0.2:43239], old=null
2020-06-10 23:32:29,866 [pool-51-thread-1] INFO  impl.RaftServerImpl (RaftServerImpl.java:setRole(175)) - 1aa28a79-6085-416d-8460-1e98e8b061ff@group-349F9BD86EAC: changes role from      null to FOLLOWER at term 0 for startAsFollower
2020-06-10 23:32:29,866 [pool-51-thread-1] INFO  impl.RoleInfo (RoleInfo.java:updateAndGet(143)) - 1aa28a79-6085-416d-8460-1e98e8b061ff: start FollowerState
2020-06-10 23:32:29,863 [pool-67-thread-1] INFO  server.RaftServerConfigKeys (ConfUtils.java:logGet(44)) - raft.server.log.statemachine.data.caching.enabled = true (custom)
2020-06-10 23:32:29,866 [pool-67-thread-1] INFO  segmented.SegmentedRaftLogWorker (SegmentedRaftLogWorker.java:lambda$new$0(129)) - c3c497a8-7dd5-4f0b-8431-82df52c157aa@group-83253E31AFC1-SegmentedRaftLogWorker: flushIndex: setUnconditionally 0 -> -1
2020-06-10 23:32:29,866 [pool-67-thread-1] INFO  segmented.SegmentedRaftLogWorker (SegmentedRaftLogWorker.java:lambda$new$0(129)) - c3c497a8-7dd5-4f0b-8431-82df52c157aa@group-83253E31AFC1-SegmentedRaftLogWorker: safeCacheEvictIndex: setUnconditionally 0 -> -1
2020-06-10 23:32:29,866 [pool-51-thread-1] INFO  util.JmxRegister (JmxRegister.java:tryRegister(44)) - Successfully registered JMX Bean with object name Ratis:service=RaftServer,group=group-349F9BD86EAC,id=1aa28a79-6085-416d-8460-1e98e8b061ff
2020-06-10 23:32:29,867 [pool-51-thread-1] INFO  metrics.RatisMetrics (RatisMetrics.java:lambda$create$0(36)) - Creating Metrics Registry : ratis.state_machine.1aa28a79-6085-416d-8460-1e98e8b061ff@group-349F9BD86EAC
2020-06-10 23:32:29,875 [pool-67-thread-1] INFO  server.RaftServerConfigKeys (ConfUtils.java:logGet(44)) - raft.server.snapshot.auto.trigger.enabled = true (custom)
2020-06-10 23:32:29,875 [pool-67-thread-1] INFO  server.RaftServerConfigKeys (ConfUtils.java:logGet(44)) - raft.server.snapshot.auto.trigger.threshold = 10000 (custom)
2020-06-10 23:32:29,875 [pool-67-thread-1] INFO  server.RaftServerConfigKeys (ConfUtils.java:logGet(44)) - raft.server.snapshot.retention.file.num = 5 (custom)
2020-06-10 23:32:29,875 [pool-67-thread-1] INFO  server.RaftServerConfigKeys (ConfUtils.java:logGet(44)) - raft.server.log.purge.upto.snapshot.index = false (default)
2020-06-10 23:32:29,875 [pool-67-thread-1] INFO  server.RaftServerConfigKeys (ConfUtils.java:logGet(44)) - raft.server.retrycache.expirytime = 600000ms (custom)
2020-06-10 23:32:29,875 [pool-67-thread-1] INFO  metrics.RatisMetrics (RatisMetrics.java:lambda$create$0(36)) - Creating Metrics Registry : ratis.leader_election.c3c497a8-7dd5-4f0b-8431-82df52c157aa@group-83253E31AFC1
2020-06-10 23:32:29,876 [pool-67-thread-1] INFO  metrics.RatisMetrics (RatisMetrics.java:lambda$create$0(36)) - Creating Metrics Registry : ratis.server.c3c497a8-7dd5-4f0b-8431-82df52c157aa@group-83253E31AFC1
2020-06-10 23:32:29,894 [Command processor thread] INFO  impl.RaftServerProxy (RaftServerProxy.java:addNew(89)) - 0a730c46-ee0f-4298-8093-6277af9a8f8e: addNew group-7537466E5FD3:[0a730c46-ee0f-4298-8093-6277af9a8f8e:172.17.0.2:44173] returns group-7537466E5FD3:java.util.concurrent.CompletableFuture@263a0638[Not completed]
2020-06-10 23:32:29,900 [pool-83-thread-1] INFO  impl.RaftServerImpl (RaftServerImpl.java:<init>(99)) - 0a730c46-ee0f-4298-8093-6277af9a8f8e: new RaftServerImpl for group-7537466E5FD3:[0a730c46-ee0f-4298-8093-6277af9a8f8e:172.17.0.2:44173] with ContainerStateMachine:uninitialized
2020-06-10 23:32:29,901 [pool-67-thread-1] INFO  impl.RaftServerImpl (RaftServerImpl.java:start(186)) - c3c497a8-7dd5-4f0b-8431-82df52c157aa@group-83253E31AFC1: start as a follower, conf=-1: [c3c497a8-7dd5-4f0b-8431-82df52c157aa:172.17.0.2:43239], old=null
2020-06-10 23:32:29,901 [pool-67-thread-1] INFO  impl.RaftServerImpl (RaftServerImpl.java:setRole(175)) - c3c497a8-7dd5-4f0b-8431-82df52c157aa@group-83253E31AFC1: changes role from      null to FOLLOWER at term 0 for startAsFollower
2020-06-10 23:32:29,901 [pool-67-thread-1] INFO  impl.RoleInfo (RoleInfo.java:updateAndGet(143)) - c3c497a8-7dd5-4f0b-8431-82df52c157aa: start FollowerState
2020-06-10 23:32:29,904 [pool-67-thread-1] INFO  util.JmxRegister (JmxRegister.java:tryRegister(44)) - Successfully registered JMX Bean with object name Ratis:service=RaftServer,group=group-83253E31AFC1,id=c3c497a8-7dd5-4f0b-8431-82df52c157aa
2020-06-10 23:32:29,904 [pool-67-thread-1] INFO  metrics.RatisMetrics (RatisMetrics.java:lambda$create$0(36)) - Creating Metrics Registry : ratis.state_machine.c3c497a8-7dd5-4f0b-8431-82df52c157aa@group-83253E31AFC1
2020-06-10 23:32:29,905 [pool-83-thread-1] INFO  server.RaftServerConfigKeys (ConfUtils.java:logGet(44)) - raft.server.rpc.timeout.min = 5s (custom)
2020-06-10 23:32:29,905 [pool-83-thread-1] INFO  server.RaftServerConfigKeys (ConfUtils.java:logGet(44)) - raft.server.rpc.timeout.max = 5200ms (custom)
2020-06-10 23:32:29,905 [pool-83-thread-1] INFO  server.RaftServerConfigKeys (ConfUtils.java:logGet(44)) - raft.server.rpcslowness.timeout = 300s (custom)
2020-06-10 23:32:29,905 [pool-83-thread-1] INFO  server.RaftServerConfigKeys (ConfUtils.java:logGet(44)) - raft.server.sleep.deviation.threshold = 300 (default)
2020-06-10 23:32:29,905 [pool-83-thread-1] INFO  server.RaftServerConfigKeys (ConfUtils.java:logGet(44)) - raft.server.log.appender.install.snapshot.enabled = false (custom)
2020-06-10 23:32:29,905 [pool-83-thread-1] INFO  impl.RaftServerImpl (ServerState.java:<init>(103)) - 0a730c46-ee0f-4298-8093-6277af9a8f8e@group-7537466E5FD3: ConfigurationManager, init=-1: [0a730c46-ee0f-4298-8093-6277af9a8f8e:172.17.0.2:44173], old=null, confs=<EMPTY_MAP>
2020-06-10 23:32:29,905 [pool-83-thread-1] INFO  server.RaftServerConfigKeys (ConfUtils.java:logGet(44)) - raft.server.storage.dir = [/github/workspace/mnt/ozone/hadoop-ozone/integration-test/target/test-dir/MiniOzoneClusterImpl-8f60d98f-01ba-4335-ba92-853c1a5e70bb/datanode-3/data/ratis] (custom)
2020-06-10 23:32:29,906 [pool-83-thread-1] INFO  server.RaftServerConfigKeys (ConfUtils.java:logGet(44)) - raft.server.log.corruption.policy = EXCEPTION (default)
2020-06-10 23:32:29,906 [Command processor thread] INFO  commandhandler.CreatePipelineCommandHandler (CreatePipelineCommandHandler.java:handle(109)) - Created Pipeline RATIS ONE #id: "35c0b9ea-a962-4f56-8b42-83253e31afc1"
.
2020-06-10 23:32:29,906 [pool-83-thread-1] INFO  storage.RaftStorageDirectory (RaftStorageDirectory.java:analyzeStorage(261)) - The storage directory /github/workspace/mnt/ozone/hadoop-ozone/integration-test/target/test-dir/MiniOzoneClusterImpl-8f60d98f-01ba-4335-ba92-853c1a5e70bb/datanode-3/data/ratis/fb027aba-6a6e-4d18-891e-7537466e5fd3 does not exist. Creating ...
2020-06-10 23:32:29,906 [Command processor thread] INFO  impl.RaftServerProxy (RaftServerProxy.java:addNew(89)) - c3c497a8-7dd5-4f0b-8431-82df52c157aa: addNew group-349F9BD86EAC:[1aa28a79-6085-416d-8460-1e98e8b061ff:172.17.0.2:39429, b166f10c-c404-4dcb-a087-ba4800654d2c:172.17.0.2:43565, c3c497a8-7dd5-4f0b-8431-82df52c157aa:172.17.0.2:43239] returns group-349F9BD86EAC:java.util.concurrent.CompletableFuture@7b737cee[Not completed]
2020-06-10 23:32:29,908 [pool-67-thread-1] INFO  impl.RaftServerImpl (RaftServerImpl.java:<init>(99)) - c3c497a8-7dd5-4f0b-8431-82df52c157aa: new RaftServerImpl for group-349F9BD86EAC:[1aa28a79-6085-416d-8460-1e98e8b061ff:172.17.0.2:39429, b166f10c-c404-4dcb-a087-ba4800654d2c:172.17.0.2:43565, c3c497a8-7dd5-4f0b-8431-82df52c157aa:172.17.0.2:43239] with ContainerStateMachine:uninitialized
2020-06-10 23:32:29,908 [pool-67-thread-1] INFO  server.RaftServerConfigKeys (ConfUtils.java:logGet(44)) - raft.server.rpc.timeout.min = 5s (custom)
2020-06-10 23:32:29,908 [pool-67-thread-1] INFO  server.RaftServerConfigKeys (ConfUtils.java:logGet(44)) - raft.server.rpc.timeout.max = 5200ms (custom)
2020-06-10 23:32:29,908 [pool-67-thread-1] INFO  server.RaftServerConfigKeys (ConfUtils.java:logGet(44)) - raft.server.rpcslowness.timeout = 300s (custom)
2020-06-10 23:32:29,908 [pool-67-thread-1] INFO  server.RaftServerConfigKeys (ConfUtils.java:logGet(44)) - raft.server.sleep.deviation.threshold = 300 (default)
2020-06-10 23:32:29,909 [pool-67-thread-1] INFO  server.RaftServerConfigKeys (ConfUtils.java:logGet(44)) - raft.server.log.appender.install.snapshot.enabled = false (custom)
2020-06-10 23:32:29,909 [pool-67-thread-1] INFO  impl.RaftServerImpl (ServerState.java:<init>(103)) - c3c497a8-7dd5-4f0b-8431-82df52c157aa@group-349F9BD86EAC: ConfigurationManager, init=-1: [1aa28a79-6085-416d-8460-1e98e8b061ff:172.17.0.2:39429, b166f10c-c404-4dcb-a087-ba4800654d2c:172.17.0.2:43565, c3c497a8-7dd5-4f0b-8431-82df52c157aa:172.17.0.2:43239], old=null, confs=<EMPTY_MAP>
2020-06-10 23:32:29,909 [pool-67-thread-1] INFO  server.RaftServerConfigKeys (ConfUtils.java:logGet(44)) - raft.server.storage.dir = [/github/workspace/mnt/ozone/hadoop-ozone/integration-test/target/test-dir/MiniOzoneClusterImpl-8f60d98f-01ba-4335-ba92-853c1a5e70bb/datanode-2/data/ratis] (custom)
2020-06-10 23:32:29,909 [pool-67-thread-1] INFO  server.RaftServerConfigKeys (ConfUtils.java:logGet(44)) - raft.server.log.corruption.policy = EXCEPTION (default)
2020-06-10 23:32:29,909 [pool-67-thread-1] INFO  storage.RaftStorageDirectory (RaftStorageDirectory.java:analyzeStorage(261)) - The storage directory /github/workspace/mnt/ozone/hadoop-ozone/integration-test/target/test-dir/MiniOzoneClusterImpl-8f60d98f-01ba-4335-ba92-853c1a5e70bb/datanode-2/data/ratis/0c3dcd96-bd09-4ae5-9fb1-349f9bd86eac does not exist. Creating ...
2020-06-10 23:32:29,911 [pool-67-thread-1] INFO  storage.RaftStorageDirectory (RaftStorageDirectory.java:tryLock(343)) - Lock on /github/workspace/mnt/ozone/hadoop-ozone/integration-test/target/test-dir/MiniOzoneClusterImpl-8f60d98f-01ba-4335-ba92-853c1a5e70bb/datanode-2/data/ratis/0c3dcd96-bd09-4ae5-9fb1-349f9bd86eac/in_use.lock acquired by nodename 12521@be5d1cd46157
2020-06-10 23:32:29,913 [pool-67-thread-1] INFO  storage.RaftStorage (RaftStorage.java:format(84)) - Storage directory /github/workspace/mnt/ozone/hadoop-ozone/integration-test/target/test-dir/MiniOzoneClusterImpl-8f60d98f-01ba-4335-ba92-853c1a5e70bb/datanode-2/data/ratis/0c3dcd96-bd09-4ae5-9fb1-349f9bd86eac has been successfully formatted.
2020-06-10 23:32:29,914 [pool-83-thread-1] INFO  storage.RaftStorageDirectory (RaftStorageDirectory.java:tryLock(343)) - Lock on /github/workspace/mnt/ozone/hadoop-ozone/integration-test/target/test-dir/MiniOzoneClusterImpl-8f60d98f-01ba-4335-ba92-853c1a5e70bb/datanode-3/data/ratis/fb027aba-6a6e-4d18-891e-7537466e5fd3/in_use.lock acquired by nodename 12521@be5d1cd46157
2020-06-10 23:32:29,916 [pool-67-thread-1] INFO  ratis.ContainerStateMachine (ContainerStateMachine.java:loadSnapshot(226)) - group-349F9BD86EAC: The snapshot info is null. Setting the last applied indexto:(t:0, i:~)
2020-06-10 23:32:29,917 [pool-67-thread-1] INFO  server.RaftServerConfigKeys (ConfUtils.java:logGet(44)) - raft.server.notification.no-leader.timeout = 60s (default)
2020-06-10 23:32:29,917 [pool-67-thread-1] INFO  server.RaftServerConfigKeys (ConfUtils.java:logGet(44)) - raft.server.log.use.memory = false (default)
2020-06-10 23:32:29,917 [pool-67-thread-1] INFO  server.RaftServerConfigKeys (ConfUtils.java:logGet(44)) - raft.server.log.purge.gap = 1000000 (custom)
2020-06-10 23:32:29,918 [pool-67-thread-1] INFO  server.RaftServerConfigKeys (ConfUtils.java:logGet(44)) - raft.server.log.appender.buffer.byte-limit = 33554432 (custom)
2020-06-10 23:32:29,918 [pool-67-thread-1] INFO  server.RaftServerConfigKeys (ConfUtils.java:logGet(44)) - raft.server.log.segment.size.max = 1048576 (custom)
2020-06-10 23:32:29,918 [pool-67-thread-1] INFO  metrics.RatisMetrics (RatisMetrics.java:lambda$create$0(36)) - Creating Metrics Registry : ratis.log_worker.c3c497a8-7dd5-4f0b-8431-82df52c157aa@group-349F9BD86EAC
2020-06-10 23:32:29,918 [pool-67-thread-1] INFO  server.RaftServerConfigKeys (ConfUtils.java:logGet(44)) - raft.server.log.segment.cache.num.max = 2 (custom)
2020-06-10 23:32:29,919 [pool-67-thread-1] INFO  segmented.SegmentedRaftLogWorker (SegmentedRaftLogWorker.java:<init>(180)) - new c3c497a8-7dd5-4f0b-8431-82df52c157aa@group-349F9BD86EAC-SegmentedRaftLogWorker for RaftStorage:Storage Directory /github/workspace/mnt/ozone/hadoop-ozone/integration-test/target/test-dir/MiniOzoneClusterImpl-8f60d98f-01ba-4335-ba92-853c1a5e70bb/datanode-2/data/ratis/0c3dcd96-bd09-4ae5-9fb1-349f9bd86eac
2020-06-10 23:32:29,919 [pool-67-thread-1] INFO  server.RaftServerConfigKeys (ConfUtils.java:logGet(44)) - raft.server.log.queue.byte-limit = 2147483647 (custom)
2020-06-10 23:32:29,923 [pool-67-thread-1] INFO  server.RaftServerConfigKeys (ConfUtils.java:logGet(44)) - raft.server.log.queue.element-limit = 1024 (custom)
2020-06-10 23:32:29,923 [pool-83-thread-1] INFO  storage.RaftStorage (RaftStorage.java:format(84)) - Storage directory /github/workspace/mnt/ozone/hadoop-ozone/integration-test/target/test-dir/MiniOzoneClusterImpl-8f60d98f-01ba-4335-ba92-853c1a5e70bb/datanode-3/data/ratis/fb027aba-6a6e-4d18-891e-7537466e5fd3 has been successfully formatted.
2020-06-10 23:32:29,923 [pool-67-thread-1] INFO  server.RaftServerConfigKeys (ConfUtils.java:logGet(44)) - raft.server.log.segment.size.max = 1048576 (custom)
2020-06-10 23:32:29,931 [pool-83-thread-1] INFO  ratis.ContainerStateMachine (ContainerStateMachine.java:loadSnapshot(226)) - group-7537466E5FD3: The snapshot info is null. Setting the last applied indexto:(t:0, i:~)
2020-06-10 23:32:29,931 [pool-83-thread-1] INFO  server.RaftServerConfigKeys (ConfUtils.java:logGet(44)) - raft.server.notification.no-leader.timeout = 60s (default)
2020-06-10 23:32:29,931 [pool-83-thread-1] INFO  server.RaftServerConfigKeys (ConfUtils.java:logGet(44)) - raft.server.log.use.memory = false (default)
2020-06-10 23:32:29,931 [pool-83-thread-1] INFO  server.RaftServerConfigKeys (ConfUtils.java:logGet(44)) - raft.server.log.purge.gap = 1000000 (custom)
2020-06-10 23:32:29,931 [pool-83-thread-1] INFO  server.RaftServerConfigKeys (ConfUtils.java:logGet(44)) - raft.server.log.appender.buffer.byte-limit = 33554432 (custom)
2020-06-10 23:32:29,931 [pool-83-thread-1] INFO  server.RaftServerConfigKeys (ConfUtils.java:logGet(44)) - raft.server.log.segment.size.max = 1048576 (custom)
2020-06-10 23:32:29,931 [pool-83-thread-1] INFO  metrics.RatisMetrics (RatisMetrics.java:lambda$create$0(36)) - Creating Metrics Registry : ratis.log_worker.0a730c46-ee0f-4298-8093-6277af9a8f8e@group-7537466E5FD3
2020-06-10 23:32:29,932 [pool-83-thread-1] INFO  server.RaftServerConfigKeys (ConfUtils.java:logGet(44)) - raft.server.log.segment.cache.num.max = 2 (custom)
2020-06-10 23:32:29,932 [pool-83-thread-1] INFO  segmented.SegmentedRaftLogWorker (SegmentedRaftLogWorker.java:<init>(180)) - new 0a730c46-ee0f-4298-8093-6277af9a8f8e@group-7537466E5FD3-SegmentedRaftLogWorker for RaftStorage:Storage Directory /github/workspace/mnt/ozone/hadoop-ozone/integration-test/target/test-dir/MiniOzoneClusterImpl-8f60d98f-01ba-4335-ba92-853c1a5e70bb/datanode-3/data/ratis/fb027aba-6a6e-4d18-891e-7537466e5fd3
2020-06-10 23:32:29,932 [pool-83-thread-1] INFO  server.RaftServerConfigKeys (ConfUtils.java:logGet(44)) - raft.server.log.queue.byte-limit = 2147483647 (custom)
2020-06-10 23:32:29,932 [pool-83-thread-1] INFO  server.RaftServerConfigKeys (ConfUtils.java:logGet(44)) - raft.server.log.queue.element-limit = 1024 (custom)
2020-06-10 23:32:29,932 [pool-83-thread-1] INFO  server.RaftServerConfigKeys (ConfUtils.java:logGet(44)) - raft.server.log.segment.size.max = 1048576 (custom)
2020-06-10 23:32:29,932 [pool-83-thread-1] INFO  server.RaftServerConfigKeys (ConfUtils.java:logGet(44)) - raft.server.log.preallocated.size = 16384 (custom)
2020-06-10 23:32:29,932 [pool-83-thread-1] INFO  server.RaftServerConfigKeys (ConfUtils.java:logGet(44)) - raft.server.log.write.buffer.size = 1048576 (custom)
2020-06-10 23:32:29,932 [pool-83-thread-1] INFO  server.RaftServerConfigKeys (ConfUtils.java:logGet(44)) - raft.server.log.force.sync.num = 128 (default)
2020-06-10 23:32:29,932 [pool-83-thread-1] INFO  server.RaftServerConfigKeys (ConfUtils.java:logGet(44)) - raft.server.log.statemachine.data.sync = true (default)
2020-06-10 23:32:29,932 [pool-83-thread-1] INFO  server.RaftServerConfigKeys (ConfUtils.java:logGet(44)) - raft.server.log.statemachine.data.sync.timeout = 10s (default)
2020-06-10 23:32:29,933 [pool-83-thread-1] INFO  server.RaftServerConfigKeys (ConfUtils.java:logGet(44)) - raft.server.log.statemachine.data.sync.timeout.retry = -1 (default)
2020-06-10 23:32:29,934 [pool-83-thread-1] INFO  server.RaftServerConfigKeys (ConfUtils.java:logGet(44)) - raft.server.log.statemachine.data.caching.enabled = true (custom)
2020-06-10 23:32:29,934 [pool-83-thread-1] INFO  segmented.SegmentedRaftLogWorker (SegmentedRaftLogWorker.java:lambda$new$0(129)) - 0a730c46-ee0f-4298-8093-6277af9a8f8e@group-7537466E5FD3-SegmentedRaftLogWorker: flushIndex: setUnconditionally 0 -> -1
2020-06-10 23:32:29,935 [pool-83-thread-1] INFO  segmented.SegmentedRaftLogWorker (SegmentedRaftLogWorker.java:lambda$new$0(129)) - 0a730c46-ee0f-4298-8093-6277af9a8f8e@group-7537466E5FD3-SegmentedRaftLogWorker: safeCacheEvictIndex: setUnconditionally 0 -> -1
2020-06-10 23:32:29,935 [pool-83-thread-1] INFO  server.RaftServerConfigKeys (ConfUtils.java:logGet(44)) - raft.server.snapshot.auto.trigger.enabled = true (custom)
2020-06-10 23:32:29,935 [pool-83-thread-1] INFO  server.RaftServerConfigKeys (ConfUtils.java:logGet(44)) - raft.server.snapshot.auto.trigger.threshold = 10000 (custom)
2020-06-10 23:32:29,935 [pool-83-thread-1] INFO  server.RaftServerConfigKeys (ConfUtils.java:logGet(44)) - raft.server.snapshot.retention.file.num = 5 (custom)
2020-06-10 23:32:29,935 [pool-83-thread-1] INFO  server.RaftServerConfigKeys (ConfUtils.java:logGet(44)) - raft.server.log.purge.upto.snapshot.index = false (default)
2020-06-10 23:32:29,935 [pool-83-thread-1] INFO  server.RaftServerConfigKeys (ConfUtils.java:logGet(44)) - raft.server.retrycache.expirytime = 600000ms (custom)
2020-06-10 23:32:29,935 [pool-83-thread-1] INFO  metrics.RatisMetrics (RatisMetrics.java:lambda$create$0(36)) - Creating Metrics Registry : ratis.leader_election.0a730c46-ee0f-4298-8093-6277af9a8f8e@group-7537466E5FD3
2020-06-10 23:32:29,936 [pool-83-thread-1] INFO  metrics.RatisMetrics (RatisMetrics.java:lambda$create$0(36)) - Creating Metrics Registry : ratis.server.0a730c46-ee0f-4298-8093-6277af9a8f8e@group-7537466E5FD3
2020-06-10 23:32:29,937 [pool-83-thread-1] INFO  impl.RaftServerImpl (RaftServerImpl.java:start(186)) - 0a730c46-ee0f-4298-8093-6277af9a8f8e@group-7537466E5FD3: start as a follower, conf=-1: [0a730c46-ee0f-4298-8093-6277af9a8f8e:172.17.0.2:44173], old=null
2020-06-10 23:32:29,937 [pool-83-thread-1] INFO  impl.RaftServerImpl (RaftServerImpl.java:setRole(175)) - 0a730c46-ee0f-4298-8093-6277af9a8f8e@group-7537466E5FD3: changes role from      null to FOLLOWER at term 0 for startAsFollower
2020-06-10 23:32:29,937 [pool-83-thread-1] INFO  impl.RoleInfo (RoleInfo.java:updateAndGet(143)) - 0a730c46-ee0f-4298-8093-6277af9a8f8e: start FollowerState
2020-06-10 23:32:29,935 [pool-67-thread-1] INFO  server.RaftServerConfigKeys (ConfUtils.java:logGet(44)) - raft.server.log.preallocated.size = 16384 (custom)
2020-06-10 23:32:29,938 [pool-67-thread-1] INFO  server.RaftServerConfigKeys (ConfUtils.java:logGet(44)) - raft.server.log.write.buffer.size = 1048576 (custom)
2020-06-10 23:32:29,938 [pool-67-thread-1] INFO  server.RaftServerConfigKeys (ConfUtils.java:logGet(44)) - raft.server.log.force.sync.num = 128 (default)
2020-06-10 23:32:29,938 [pool-67-thread-1] INFO  server.RaftServerConfigKeys (ConfUtils.java:logGet(44)) - raft.server.log.statemachine.data.sync = true (default)
2020-06-10 23:32:29,938 [pool-67-thread-1] INFO  server.RaftServerConfigKeys (ConfUtils.java:logGet(44)) - raft.server.log.statemachine.data.sync.timeout = 10s (default)
2020-06-10 23:32:29,938 [pool-67-thread-1] INFO  server.RaftServerConfigKeys (ConfUtils.java:logGet(44)) - raft.server.log.statemachine.data.sync.timeout.retry = -1 (default)
2020-06-10 23:32:29,941 [pool-83-thread-1] INFO  util.JmxRegister (JmxRegister.java:tryRegister(44)) - Successfully registered JMX Bean with object name Ratis:service=RaftServer,group=group-7537466E5FD3,id=0a730c46-ee0f-4298-8093-6277af9a8f8e
2020-06-10 23:32:29,941 [pool-83-thread-1] INFO  metrics.RatisMetrics (RatisMetrics.java:lambda$create$0(36)) - Creating Metrics Registry : ratis.state_machine.0a730c46-ee0f-4298-8093-6277af9a8f8e@group-7537466E5FD3
2020-06-10 23:32:29,942 [Command processor thread] INFO  commandhandler.CreatePipelineCommandHandler (CreatePipelineCommandHandler.java:handle(109)) - Created Pipeline RATIS ONE #id: "fb027aba-6a6e-4d18-891e-7537466e5fd3"
.
2020-06-10 23:32:29,942 [Command processor thread] INFO  impl.RaftServerProxy (RaftServerProxy.java:addNew(89)) - 0a730c46-ee0f-4298-8093-6277af9a8f8e: addNew group-5875A35477B4:[e1213966-9098-4efb-a904-a4cb2a6fb33e:172.17.0.2:36871, 868206e5-f05c-4376-a56d-5589c771f96d:172.17.0.2:37567, 0a730c46-ee0f-4298-8093-6277af9a8f8e:172.17.0.2:44173] returns group-5875A35477B4:java.util.concurrent.CompletableFuture@22059627[Not completed]
2020-06-10 23:32:29,944 [pool-83-thread-1] INFO  impl.RaftServerImpl (RaftServerImpl.java:<init>(99)) - 0a730c46-ee0f-4298-8093-6277af9a8f8e: new RaftServerImpl for group-5875A35477B4:[e1213966-9098-4efb-a904-a4cb2a6fb33e:172.17.0.2:36871, 868206e5-f05c-4376-a56d-5589c771f96d:172.17.0.2:37567, 0a730c46-ee0f-4298-8093-6277af9a8f8e:172.17.0.2:44173] with ContainerStateMachine:uninitialized
2020-06-10 23:32:29,944 [pool-83-thread-1] INFO  server.RaftServerConfigKeys (ConfUtils.java:logGet(44)) - raft.server.rpc.timeout.min = 5s (custom)
2020-06-10 23:32:29,944 [pool-83-thread-1] INFO  server.RaftServerConfigKeys (ConfUtils.java:logGet(44)) - raft.server.rpc.timeout.max = 5200ms (custom)
2020-06-10 23:32:29,944 [pool-83-thread-1] INFO  server.RaftServerConfigKeys (ConfUtils.java:logGet(44)) - raft.server.rpcslowness.timeout = 300s (custom)
2020-06-10 23:32:29,944 [pool-83-thread-1] INFO  server.RaftServerConfigKeys (ConfUtils.java:logGet(44)) - raft.server.sleep.deviation.threshold = 300 (default)
2020-06-10 23:32:29,944 [pool-83-thread-1] INFO  server.RaftServerConfigKeys (ConfUtils.java:logGet(44)) - raft.server.log.appender.install.snapshot.enabled = false (custom)
2020-06-10 23:32:29,944 [pool-83-thread-1] INFO  impl.RaftServerImpl (ServerState.java:<init>(103)) - 0a730c46-ee0f-4298-8093-6277af9a8f8e@group-5875A35477B4: ConfigurationManager, init=-1: [e1213966-9098-4efb-a904-a4cb2a6fb33e:172.17.0.2:36871, 868206e5-f05c-4376-a56d-5589c771f96d:172.17.0.2:37567, 0a730c46-ee0f-4298-8093-6277af9a8f8e:172.17.0.2:44173], old=null, confs=<EMPTY_MAP>
2020-06-10 23:32:29,945 [pool-83-thread-1] INFO  server.RaftServerConfigKeys (ConfUtils.java:logGet(44)) - raft.server.storage.dir = [/github/workspace/mnt/ozone/hadoop-ozone/integration-test/target/test-dir/MiniOzoneClusterImpl-8f60d98f-01ba-4335-ba92-853c1a5e70bb/datanode-3/data/ratis] (custom)
2020-06-10 23:32:29,955 [pool-83-thread-1] INFO  server.RaftServerConfigKeys (ConfUtils.java:logGet(44)) - raft.server.log.corruption.policy = EXCEPTION (default)
2020-06-10 23:32:29,955 [pool-83-thread-1] INFO  storage.RaftStorageDirectory (RaftStorageDirectory.java:analyzeStorage(261)) - The storage directory /github/workspace/mnt/ozone/hadoop-ozone/integration-test/target/test-dir/MiniOzoneClusterImpl-8f60d98f-01ba-4335-ba92-853c1a5e70bb/datanode-3/data/ratis/694f06a8-eccc-44d3-8729-5875a35477b4 does not exist. Creating ...
2020-06-10 23:32:29,957 [pool-67-thread-1] INFO  server.RaftServerConfigKeys (ConfUtils.java:logGet(44)) - raft.server.log.statemachine.data.caching.enabled = true (custom)
2020-06-10 23:32:29,957 [pool-67-thread-1] INFO  segmented.SegmentedRaftLogWorker (SegmentedRaftLogWorker.java:lambda$new$0(129)) - c3c497a8-7dd5-4f0b-8431-82df52c157aa@group-349F9BD86EAC-SegmentedRaftLogWorker: flushIndex: setUnconditionally 0 -> -1
2020-06-10 23:32:29,957 [pool-67-thread-1] INFO  segmented.SegmentedRaftLogWorker (SegmentedRaftLogWorker.java:lambda$new$0(129)) - c3c497a8-7dd5-4f0b-8431-82df52c157aa@group-349F9BD86EAC-SegmentedRaftLogWorker: safeCacheEvictIndex: setUnconditionally 0 -> -1
2020-06-10 23:32:29,958 [pool-83-thread-1] INFO  storage.RaftStorageDirectory (RaftStorageDirectory.java:tryLock(343)) - Lock on /github/workspace/mnt/ozone/hadoop-ozone/integration-test/target/test-dir/MiniOzoneClusterImpl-8f60d98f-01ba-4335-ba92-853c1a5e70bb/datanode-3/data/ratis/694f06a8-eccc-44d3-8729-5875a35477b4/in_use.lock acquired by nodename 12521@be5d1cd46157
2020-06-10 23:32:29,961 [pool-67-thread-1] INFO  server.RaftServerConfigKeys (ConfUtils.java:logGet(44)) - raft.server.snapshot.auto.trigger.enabled = true (custom)
2020-06-10 23:32:29,961 [pool-67-thread-1] INFO  server.RaftServerConfigKeys (ConfUtils.java:logGet(44)) - raft.server.snapshot.auto.trigger.threshold = 10000 (custom)
2020-06-10 23:32:29,961 [pool-67-thread-1] INFO  server.RaftServerConfigKeys (ConfUtils.java:logGet(44)) - raft.server.snapshot.retention.file.num = 5 (custom)
2020-06-10 23:32:29,961 [pool-67-thread-1] INFO  server.RaftServerConfigKeys (ConfUtils.java:logGet(44)) - raft.server.log.purge.upto.snapshot.index = false (default)
2020-06-10 23:32:29,961 [pool-67-thread-1] INFO  server.RaftServerConfigKeys (ConfUtils.java:logGet(44)) - raft.server.retrycache.expirytime = 600000ms (custom)
2020-06-10 23:32:29,961 [pool-67-thread-1] INFO  metrics.RatisMetrics (RatisMetrics.java:lambda$create$0(36)) - Creating Metrics Registry : ratis.leader_election.c3c497a8-7dd5-4f0b-8431-82df52c157aa@group-349F9BD86EAC
2020-06-10 23:32:29,962 [pool-67-thread-1] INFO  metrics.RatisMetrics (RatisMetrics.java:lambda$create$0(36)) - Creating Metrics Registry : ratis.server.c3c497a8-7dd5-4f0b-8431-82df52c157aa@group-349F9BD86EAC
2020-06-10 23:32:29,963 [pool-67-thread-1] INFO  impl.RaftServerImpl (RaftServerImpl.java:start(186)) - c3c497a8-7dd5-4f0b-8431-82df52c157aa@group-349F9BD86EAC: start as a follower, conf=-1: [1aa28a79-6085-416d-8460-1e98e8b061ff:172.17.0.2:39429, b166f10c-c404-4dcb-a087-ba4800654d2c:172.17.0.2:43565, c3c497a8-7dd5-4f0b-8431-82df52c157aa:172.17.0.2:43239], old=null
2020-06-10 23:32:29,963 [pool-67-thread-1] INFO  impl.RaftServerImpl (RaftServerImpl.java:setRole(175)) - c3c497a8-7dd5-4f0b-8431-82df52c157aa@group-349F9BD86EAC: changes role from      null to FOLLOWER at term 0 for startAsFollower
2020-06-10 23:32:29,963 [pool-67-thread-1] INFO  impl.RoleInfo (RoleInfo.java:updateAndGet(143)) - c3c497a8-7dd5-4f0b-8431-82df52c157aa: start FollowerState
2020-06-10 23:32:29,966 [pool-67-thread-1] INFO  util.JmxRegister (JmxRegister.java:tryRegister(44)) - Successfully registered JMX Bean with object name Ratis:service=RaftServer,group=group-349F9BD86EAC,id=c3c497a8-7dd5-4f0b-8431-82df52c157aa
2020-06-10 23:32:29,966 [pool-67-thread-1] INFO  metrics.RatisMetrics (RatisMetrics.java:lambda$create$0(36)) - Creating Metrics Registry : ratis.state_machine.c3c497a8-7dd5-4f0b-8431-82df52c157aa@group-349F9BD86EAC
2020-06-10 23:32:29,984 [pool-83-thread-1] INFO  storage.RaftStorage (RaftStorage.java:format(84)) - Storage directory /github/workspace/mnt/ozone/hadoop-ozone/integration-test/target/test-dir/MiniOzoneClusterImpl-8f60d98f-01ba-4335-ba92-853c1a5e70bb/datanode-3/data/ratis/694f06a8-eccc-44d3-8729-5875a35477b4 has been successfully formatted.
2020-06-10 23:32:29,984 [pool-83-thread-1] INFO  ratis.ContainerStateMachine (ContainerStateMachine.java:loadSnapshot(226)) - group-5875A35477B4: The snapshot info is null. Setting the last applied indexto:(t:0, i:~)
2020-06-10 23:32:29,984 [pool-83-thread-1] INFO  server.RaftServerConfigKeys (ConfUtils.java:logGet(44)) - raft.server.notification.no-leader.timeout = 60s (default)
2020-06-10 23:32:29,985 [pool-83-thread-1] INFO  server.RaftServerConfigKeys (ConfUtils.java:logGet(44)) - raft.server.log.use.memory = false (default)
2020-06-10 23:32:29,985 [pool-83-thread-1] INFO  server.RaftServerConfigKeys (ConfUtils.java:logGet(44)) - raft.server.log.purge.gap = 1000000 (custom)
2020-06-10 23:32:29,985 [pool-83-thread-1] INFO  server.RaftServerConfigKeys (ConfUtils.java:logGet(44)) - raft.server.log.appender.buffer.byte-limit = 33554432 (custom)
2020-06-10 23:32:29,985 [pool-83-thread-1] INFO  server.RaftServerConfigKeys (ConfUtils.java:logGet(44)) - raft.server.log.segment.size.max = 1048576 (custom)
2020-06-10 23:32:29,985 [pool-83-thread-1] INFO  metrics.RatisMetrics (RatisMetrics.java:lambda$create$0(36)) - Creating Metrics Registry : ratis.log_worker.0a730c46-ee0f-4298-8093-6277af9a8f8e@group-5875A35477B4
2020-06-10 23:32:29,985 [pool-83-thread-1] INFO  server.RaftServerConfigKeys (ConfUtils.java:logGet(44)) - raft.server.log.segment.cache.num.max = 2 (custom)
2020-06-10 23:32:29,985 [pool-83-thread-1] INFO  segmented.SegmentedRaftLogWorker (SegmentedRaftLogWorker.java:<init>(180)) - new 0a730c46-ee0f-4298-8093-6277af9a8f8e@group-5875A35477B4-SegmentedRaftLogWorker for RaftStorage:Storage Directory /github/workspace/mnt/ozone/hadoop-ozone/integration-test/target/test-dir/MiniOzoneClusterImpl-8f60d98f-01ba-4335-ba92-853c1a5e70bb/datanode-3/data/ratis/694f06a8-eccc-44d3-8729-5875a35477b4
2020-06-10 23:32:29,985 [pool-83-thread-1] INFO  server.RaftServerConfigKeys (ConfUtils.java:logGet(44)) - raft.server.log.queue.byte-limit = 2147483647 (custom)
2020-06-10 23:32:29,985 [pool-83-thread-1] INFO  server.RaftServerConfigKeys (ConfUtils.java:logGet(44)) - raft.server.log.queue.element-limit = 1024 (custom)
2020-06-10 23:32:29,986 [pool-83-thread-1] INFO  server.RaftServerConfigKeys (ConfUtils.java:logGet(44)) - raft.server.log.segment.size.max = 1048576 (custom)
2020-06-10 23:32:29,986 [pool-83-thread-1] INFO  server.RaftServerConfigKeys (ConfUtils.java:logGet(44)) - raft.server.log.preallocated.size = 16384 (custom)
2020-06-10 23:32:29,986 [pool-83-thread-1] INFO  server.RaftServerConfigKeys (ConfUtils.java:logGet(44)) - raft.server.log.write.buffer.size = 1048576 (custom)
2020-06-10 23:32:29,986 [pool-83-thread-1] INFO  server.RaftServerConfigKeys (ConfUtils.java:logGet(44)) - raft.server.log.force.sync.num = 128 (default)
2020-06-10 23:32:29,986 [pool-83-thread-1] INFO  server.RaftServerConfigKeys (ConfUtils.java:logGet(44)) - raft.server.log.statemachine.data.sync = true (default)
2020-06-10 23:32:29,986 [pool-83-thread-1] INFO  server.RaftServerConfigKeys (ConfUtils.java:logGet(44)) - raft.server.log.statemachine.data.sync.timeout = 10s (default)
2020-06-10 23:32:29,986 [pool-83-thread-1] INFO  server.RaftServerConfigKeys (ConfUtils.java:logGet(44)) - raft.server.log.statemachine.data.sync.timeout.retry = -1 (default)
2020-06-10 23:32:29,990 [EventQueue-PipelineReportForPipelineReportHandler] INFO  pipeline.PipelineStateManager (PipelineStateManager.java:openPipeline(131)) - Pipeline Pipeline[ Id: fb027aba-6a6e-4d18-891e-7537466e5fd3, Nodes: 0a730c46-ee0f-4298-8093-6277af9a8f8e{ip: 172.17.0.2, host: be5d1cd46157, networkLocation: /default-rack, certSerialId: null}, Type:RATIS, Factor:ONE, State:ALLOCATED, leaderId:0a730c46-ee0f-4298-8093-6277af9a8f8e, CreationTimestamp2020-06-10T23:32:26.883Z] moved to OPEN state
2020-06-10 23:32:29,990 [EventQueue-OpenPipelineForOneReplicaPipelineSafeModeRule] INFO  safemode.SCMSafeModeManager (SCMSafeModeManager.java:validateSafeModeExitRules(213)) - AtleastOneDatanodeReportedRule rule is successfully validated
2020-06-10 23:32:29,991 [EventQueue-OpenPipelineForHealthyPipelineSafeModeRule] INFO  safemode.SCMSafeModeManager (HealthyPipelineSafeModeRule.java:process(132)) - SCM in safe mode. Healthy pipelines reported count is 0, required healthy pipeline reported count is 1
2020-06-10 23:32:29,991 [pool-83-thread-1] INFO  server.RaftServerConfigKeys (ConfUtils.java:logGet(44)) - raft.server.log.statemachine.data.caching.enabled = true (custom)
2020-06-10 23:32:29,991 [pool-83-thread-1] INFO  segmented.SegmentedRaftLogWorker (SegmentedRaftLogWorker.java:lambda$new$0(129)) - 0a730c46-ee0f-4298-8093-6277af9a8f8e@group-5875A35477B4-SegmentedRaftLogWorker: flushIndex: setUnconditionally 0 -> -1
2020-06-10 23:32:29,992 [pool-83-thread-1] INFO  segmented.SegmentedRaftLogWorker (SegmentedRaftLogWorker.java:lambda$new$0(129)) - 0a730c46-ee0f-4298-8093-6277af9a8f8e@group-5875A35477B4-SegmentedRaftLogWorker: safeCacheEvictIndex: setUnconditionally 0 -> -1
2020-06-10 23:32:30,004 [pool-83-thread-1] INFO  server.RaftServerConfigKeys (ConfUtils.java:logGet(44)) - raft.server.snapshot.auto.trigger.enabled = true (custom)
2020-06-10 23:32:30,004 [pool-83-thread-1] INFO  server.RaftServerConfigKeys (ConfUtils.java:logGet(44)) - raft.server.snapshot.auto.trigger.threshold = 10000 (custom)
2020-06-10 23:32:30,004 [pool-83-thread-1] INFO  server.RaftServerConfigKeys (ConfUtils.java:logGet(44)) - raft.server.snapshot.retention.file.num = 5 (custom)
2020-06-10 23:32:30,004 [pool-83-thread-1] INFO  server.RaftServerConfigKeys (ConfUtils.java:logGet(44)) - raft.server.log.purge.upto.snapshot.index = false (default)
2020-06-10 23:32:30,004 [pool-83-thread-1] INFO  server.RaftServerConfigKeys (ConfUtils.java:logGet(44)) - raft.server.retrycache.expirytime = 600000ms (custom)
2020-06-10 23:32:30,004 [pool-83-thread-1] INFO  metrics.RatisMetrics (RatisMetrics.java:lambda$create$0(36)) - Creating Metrics Registry : ratis.leader_election.0a730c46-ee0f-4298-8093-6277af9a8f8e@group-5875A35477B4
2020-06-10 23:32:30,005 [pool-83-thread-1] INFO  metrics.RatisMetrics (RatisMetrics.java:lambda$create$0(36)) - Creating Metrics Registry : ratis.server.0a730c46-ee0f-4298-8093-6277af9a8f8e@group-5875A35477B4
2020-06-10 23:32:30,006 [pool-83-thread-1] INFO  impl.RaftServerImpl (RaftServerImpl.java:start(186)) - 0a730c46-ee0f-4298-8093-6277af9a8f8e@group-5875A35477B4: start as a follower, conf=-1: [e1213966-9098-4efb-a904-a4cb2a6fb33e:172.17.0.2:36871, 868206e5-f05c-4376-a56d-5589c771f96d:172.17.0.2:37567, 0a730c46-ee0f-4298-8093-6277af9a8f8e:172.17.0.2:44173], old=null
2020-06-10 23:32:30,006 [pool-83-thread-1] INFO  impl.RaftServerImpl (RaftServerImpl.java:setRole(175)) - 0a730c46-ee0f-4298-8093-6277af9a8f8e@group-5875A35477B4: changes role from      null to FOLLOWER at term 0 for startAsFollower
2020-06-10 23:32:30,006 [pool-83-thread-1] INFO  impl.RoleInfo (RoleInfo.java:updateAndGet(143)) - 0a730c46-ee0f-4298-8093-6277af9a8f8e: start FollowerState
2020-06-10 23:32:30,009 [pool-83-thread-1] INFO  util.JmxRegister (JmxRegister.java:tryRegister(44)) - Successfully registered JMX Bean with object name Ratis:service=RaftServer,group=group-5875A35477B4,id=0a730c46-ee0f-4298-8093-6277af9a8f8e
2020-06-10 23:32:30,009 [pool-83-thread-1] INFO  metrics.RatisMetrics (RatisMetrics.java:lambda$create$0(36)) - Creating Metrics Registry : ratis.state_machine.0a730c46-ee0f-4298-8093-6277af9a8f8e@group-5875A35477B4
2020-06-10 23:32:30,030 [Command processor thread] INFO  impl.RaftServerProxy (RaftServerProxy.java:addNew(89)) - e1213966-9098-4efb-a904-a4cb2a6fb33e: addNew group-03E63229FE17:[e1213966-9098-4efb-a904-a4cb2a6fb33e:172.17.0.2:36871] returns group-03E63229FE17:java.util.concurrent.CompletableFuture@830aa0b[Not completed]
2020-06-10 23:32:30,107 [pool-99-thread-1] INFO  impl.RaftServerImpl (RaftServerImpl.java:<init>(99)) - e1213966-9098-4efb-a904-a4cb2a6fb33e: new RaftServerImpl for group-03E63229FE17:[e1213966-9098-4efb-a904-a4cb2a6fb33e:172.17.0.2:36871] with ContainerStateMachine:uninitialized
2020-06-10 23:32:30,114 [pool-99-thread-1] INFO  server.RaftServerConfigKeys (ConfUtils.java:logGet(44)) - raft.server.rpc.timeout.min = 5s (custom)
2020-06-10 23:32:30,114 [pool-99-thread-1] INFO  server.RaftServerConfigKeys (ConfUtils.java:logGet(44)) - raft.server.rpc.timeout.max = 5200ms (custom)
2020-06-10 23:32:30,114 [pool-99-thread-1] INFO  server.RaftServerConfigKeys (ConfUtils.java:logGet(44)) - raft.server.rpcslowness.timeout = 300s (custom)
2020-06-10 23:32:30,114 [pool-99-thread-1] INFO  server.RaftServerConfigKeys (ConfUtils.java:logGet(44)) - raft.server.sleep.deviation.threshold = 300 (default)
2020-06-10 23:32:30,114 [pool-99-thread-1] INFO  server.RaftServerConfigKeys (ConfUtils.java:logGet(44)) - raft.server.log.appender.install.snapshot.enabled = false (custom)
2020-06-10 23:32:30,114 [pool-99-thread-1] INFO  impl.RaftServerImpl (ServerState.java:<init>(103)) - e1213966-9098-4efb-a904-a4cb2a6fb33e@group-03E63229FE17: ConfigurationManager, init=-1: [e1213966-9098-4efb-a904-a4cb2a6fb33e:172.17.0.2:36871], old=null, confs=<EMPTY_MAP>
2020-06-10 23:32:30,114 [pool-99-thread-1] INFO  server.RaftServerConfigKeys (ConfUtils.java:logGet(44)) - raft.server.storage.dir = [/github/workspace/mnt/ozone/hadoop-ozone/integration-test/target/test-dir/MiniOzoneClusterImpl-8f60d98f-01ba-4335-ba92-853c1a5e70bb/datanode-4/data/ratis] (custom)
2020-06-10 23:32:30,115 [pool-99-thread-1] INFO  server.RaftServerConfigKeys (ConfUtils.java:logGet(44)) - raft.server.log.corruption.policy = EXCEPTION (default)
2020-06-10 23:32:30,115 [pool-99-thread-1] INFO  storage.RaftStorageDirectory (RaftStorageDirectory.java:analyzeStorage(261)) - The storage directory /github/workspace/mnt/ozone/hadoop-ozone/integration-test/target/test-dir/MiniOzoneClusterImpl-8f60d98f-01ba-4335-ba92-853c1a5e70bb/datanode-4/data/ratis/c69fc509-df2a-438d-9e26-03e63229fe17 does not exist. Creating ...
2020-06-10 23:32:30,119 [pool-99-thread-1] INFO  storage.RaftStorageDirectory (RaftStorageDirectory.java:tryLock(343)) - Lock on /github/workspace/mnt/ozone/hadoop-ozone/integration-test/target/test-dir/MiniOzoneClusterImpl-8f60d98f-01ba-4335-ba92-853c1a5e70bb/datanode-4/data/ratis/c69fc509-df2a-438d-9e26-03e63229fe17/in_use.lock acquired by nodename 12521@be5d1cd46157
2020-06-10 23:32:30,121 [Command processor thread] INFO  impl.RaftServerProxy (RaftServerProxy.java:addNew(89)) - 868206e5-f05c-4376-a56d-5589c771f96d: addNew group-FAECA4430568:[868206e5-f05c-4376-a56d-5589c771f96d:172.17.0.2:37567] returns group-FAECA4430568:java.util.concurrent.CompletableFuture@db32925[Not completed]
2020-06-10 23:32:30,122 [pool-99-thread-1] INFO  storage.RaftStorage (RaftStorage.java:format(84)) - Storage directory /github/workspace/mnt/ozone/hadoop-ozone/integration-test/target/test-dir/MiniOzoneClusterImpl-8f60d98f-01ba-4335-ba92-853c1a5e70bb/datanode-4/data/ratis/c69fc509-df2a-438d-9e26-03e63229fe17 has been successfully formatted.
2020-06-10 23:32:30,127 [pool-99-thread-1] INFO  ratis.ContainerStateMachine (ContainerStateMachine.java:loadSnapshot(226)) - group-03E63229FE17: The snapshot info is null. Setting the last applied indexto:(t:0, i:~)
2020-06-10 23:32:30,127 [pool-99-thread-1] INFO  server.RaftServerConfigKeys (ConfUtils.java:logGet(44)) - raft.server.notification.no-leader.timeout = 60s (default)
2020-06-10 23:32:30,127 [pool-99-thread-1] INFO  server.RaftServerConfigKeys (ConfUtils.java:logGet(44)) - raft.server.log.use.memory = false (default)
2020-06-10 23:32:30,127 [pool-99-thread-1] INFO  server.RaftServerConfigKeys (ConfUtils.java:logGet(44)) - raft.server.log.purge.gap = 1000000 (custom)
2020-06-10 23:32:30,127 [pool-99-thread-1] INFO  server.RaftServerConfigKeys (ConfUtils.java:logGet(44)) - raft.server.log.appender.buffer.byte-limit = 33554432 (custom)
2020-06-10 23:32:30,127 [pool-99-thread-1] INFO  server.RaftServerConfigKeys (ConfUtils.java:logGet(44)) - raft.server.log.segment.size.max = 1048576 (custom)
2020-06-10 23:32:30,128 [pool-99-thread-1] INFO  metrics.RatisMetrics (RatisMetrics.java:lambda$create$0(36)) - Creating Metrics Registry : ratis.log_worker.e1213966-9098-4efb-a904-a4cb2a6fb33e@group-03E63229FE17
2020-06-10 23:32:30,128 [pool-99-thread-1] INFO  server.RaftServerConfigKeys (ConfUtils.java:logGet(44)) - raft.server.log.segment.cache.num.max = 2 (custom)
2020-06-10 23:32:30,128 [pool-99-thread-1] INFO  segmented.SegmentedRaftLogWorker (SegmentedRaftLogWorker.java:<init>(180)) - new e1213966-9098-4efb-a904-a4cb2a6fb33e@group-03E63229FE17-SegmentedRaftLogWorker for RaftStorage:Storage Directory /github/workspace/mnt/ozone/hadoop-ozone/integration-test/target/test-dir/MiniOzoneClusterImpl-8f60d98f-01ba-4335-ba92-853c1a5e70bb/datanode-4/data/ratis/c69fc509-df2a-438d-9e26-03e63229fe17
2020-06-10 23:32:30,128 [pool-99-thread-1] INFO  server.RaftServerConfigKeys (ConfUtils.java:logGet(44)) - raft.server.log.queue.byte-limit = 2147483647 (custom)
2020-06-10 23:32:30,128 [pool-99-thread-1] INFO  server.RaftServerConfigKeys (ConfUtils.java:logGet(44)) - raft.server.log.queue.element-limit = 1024 (custom)
2020-06-10 23:32:30,128 [pool-99-thread-1] INFO  server.RaftServerConfigKeys (ConfUtils.java:logGet(44)) - raft.server.log.segment.size.max = 1048576 (custom)
2020-06-10 23:32:30,128 [pool-99-thread-1] INFO  server.RaftServerConfigKeys (ConfUtils.java:logGet(44)) - raft.server.log.preallocated.size = 16384 (custom)
2020-06-10 23:32:30,128 [pool-99-thread-1] INFO  server.RaftServerConfigKeys (ConfUtils.java:logGet(44)) - raft.server.log.write.buffer.size = 1048576 (custom)
2020-06-10 23:32:30,128 [pool-99-thread-1] INFO  server.RaftServerConfigKeys (ConfUtils.java:logGet(44)) - raft.server.log.force.sync.num = 128 (default)
2020-06-10 23:32:30,128 [pool-99-thread-1] INFO  server.RaftServerConfigKeys (ConfUtils.java:logGet(44)) - raft.server.log.statemachine.data.sync = true (default)
2020-06-10 23:32:30,129 [pool-99-thread-1] INFO  server.RaftServerConfigKeys (ConfUtils.java:logGet(44)) - raft.server.log.statemachine.data.sync.timeout = 10s (default)
2020-06-10 23:32:30,129 [pool-99-thread-1] INFO  server.RaftServerConfigKeys (ConfUtils.java:logGet(44)) - raft.server.log.statemachine.data.sync.timeout.retry = -1 (default)
2020-06-10 23:32:30,131 [pool-99-thread-1] INFO  server.RaftServerConfigKeys (ConfUtils.java:logGet(44)) - raft.server.log.statemachine.data.caching.enabled = true (custom)
2020-06-10 23:32:30,131 [pool-99-thread-1] INFO  segmented.SegmentedRaftLogWorker (SegmentedRaftLogWorker.java:lambda$new$0(129)) - e1213966-9098-4efb-a904-a4cb2a6fb33e@group-03E63229FE17-SegmentedRaftLogWorker: flushIndex: setUnconditionally 0 -> -1
2020-06-10 23:32:30,131 [pool-99-thread-1] INFO  segmented.SegmentedRaftLogWorker (SegmentedRaftLogWorker.java:lambda$new$0(129)) - e1213966-9098-4efb-a904-a4cb2a6fb33e@group-03E63229FE17-SegmentedRaftLogWorker: safeCacheEvictIndex: setUnconditionally 0 -> -1
2020-06-10 23:32:30,134 [pool-99-thread-1] INFO  server.RaftServerConfigKeys (ConfUtils.java:logGet(44)) - raft.server.snapshot.auto.trigger.enabled = true (custom)
2020-06-10 23:32:30,135 [pool-99-thread-1] INFO  server.RaftServerConfigKeys (ConfUtils.java:logGet(44)) - raft.server.snapshot.auto.trigger.threshold = 10000 (custom)
2020-06-10 23:32:30,135 [pool-99-thread-1] INFO  server.RaftServerConfigKeys (ConfUtils.java:logGet(44)) - raft.server.snapshot.retention.file.num = 5 (custom)
2020-06-10 23:32:30,135 [pool-99-thread-1] INFO  server.RaftServerConfigKeys (ConfUtils.java:logGet(44)) - raft.server.log.purge.upto.snapshot.index = false (default)
2020-06-10 23:32:30,135 [pool-99-thread-1] INFO  server.RaftServerConfigKeys (ConfUtils.java:logGet(44)) - raft.server.retrycache.expirytime = 600000ms (custom)
2020-06-10 23:32:30,135 [pool-99-thread-1] INFO  metrics.RatisMetrics (RatisMetrics.java:lambda$create$0(36)) - Creating Metrics Registry : ratis.leader_election.e1213966-9098-4efb-a904-a4cb2a6fb33e@group-03E63229FE17
2020-06-10 23:32:30,136 [pool-99-thread-1] INFO  metrics.RatisMetrics (RatisMetrics.java:lambda$create$0(36)) - Creating Metrics Registry : ratis.server.e1213966-9098-4efb-a904-a4cb2a6fb33e@group-03E63229FE17
2020-06-10 23:32:30,136 [pool-99-thread-1] INFO  impl.RaftServerImpl (RaftServerImpl.java:start(186)) - e1213966-9098-4efb-a904-a4cb2a6fb33e@group-03E63229FE17: start as a follower, conf=-1: [e1213966-9098-4efb-a904-a4cb2a6fb33e:172.17.0.2:36871], old=null
2020-06-10 23:32:30,136 [pool-99-thread-1] INFO  impl.RaftServerImpl (RaftServerImpl.java:setRole(175)) - e1213966-9098-4efb-a904-a4cb2a6fb33e@group-03E63229FE17: changes role from      null to FOLLOWER at term 0 for startAsFollower
2020-06-10 23:32:30,137 [pool-99-thread-1] INFO  impl.RoleInfo (RoleInfo.java:updateAndGet(143)) - e1213966-9098-4efb-a904-a4cb2a6fb33e: start FollowerState
2020-06-10 23:32:30,137 [pool-99-thread-1] INFO  util.JmxRegister (JmxRegister.java:tryRegister(44)) - Successfully registered JMX Bean with object name Ratis:service=RaftServer,group=group-03E63229FE17,id=e1213966-9098-4efb-a904-a4cb2a6fb33e
2020-06-10 23:32:30,137 [pool-99-thread-1] INFO  metrics.RatisMetrics (RatisMetrics.java:lambda$create$0(36)) - Creating Metrics Registry : ratis.state_machine.e1213966-9098-4efb-a904-a4cb2a6fb33e@group-03E63229FE17
2020-06-10 23:32:30,138 [Command processor thread] INFO  commandhandler.CreatePipelineCommandHandler (CreatePipelineCommandHandler.java:handle(109)) - Created Pipeline RATIS ONE #id: "c69fc509-df2a-438d-9e26-03e63229fe17"
.
2020-06-10 23:32:30,138 [Command processor thread] INFO  impl.RaftServerProxy (RaftServerProxy.java:addNew(89)) - e1213966-9098-4efb-a904-a4cb2a6fb33e: addNew group-5875A35477B4:[e1213966-9098-4efb-a904-a4cb2a6fb33e:172.17.0.2:36871, 868206e5-f05c-4376-a56d-5589c771f96d:172.17.0.2:37567, 0a730c46-ee0f-4298-8093-6277af9a8f8e:172.17.0.2:44173] returns group-5875A35477B4:java.util.concurrent.CompletableFuture@c0f3fd5[Not completed]
2020-06-10 23:32:30,139 [pool-115-thread-1] INFO  impl.RaftServerImpl (RaftServerImpl.java:<init>(99)) - 868206e5-f05c-4376-a56d-5589c771f96d: new RaftServerImpl for group-FAECA4430568:[868206e5-f05c-4376-a56d-5589c771f96d:172.17.0.2:37567] with ContainerStateMachine:uninitialized
2020-06-10 23:32:30,151 [pool-115-thread-1] INFO  server.RaftServerConfigKeys (ConfUtils.java:logGet(44)) - raft.server.rpc.timeout.min = 5s (custom)
2020-06-10 23:32:30,151 [pool-115-thread-1] INFO  server.RaftServerConfigKeys (ConfUtils.java:logGet(44)) - raft.server.rpc.timeout.max = 5200ms (custom)
2020-06-10 23:32:30,151 [pool-115-thread-1] INFO  server.RaftServerConfigKeys (ConfUtils.java:logGet(44)) - raft.server.rpcslowness.timeout = 300s (custom)
2020-06-10 23:32:30,151 [pool-115-thread-1] INFO  server.RaftServerConfigKeys (ConfUtils.java:logGet(44)) - raft.server.sleep.deviation.threshold = 300 (default)
2020-06-10 23:32:30,151 [pool-115-thread-1] INFO  server.RaftServerConfigKeys (ConfUtils.java:logGet(44)) - raft.server.log.appender.install.snapshot.enabled = false (custom)
2020-06-10 23:32:30,151 [pool-115-thread-1] INFO  impl.RaftServerImpl (ServerState.java:<init>(103)) - 868206e5-f05c-4376-a56d-5589c771f96d@group-FAECA4430568: ConfigurationManager, init=-1: [868206e5-f05c-4376-a56d-5589c771f96d:172.17.0.2:37567], old=null, confs=<EMPTY_MAP>
2020-06-10 23:32:30,151 [pool-115-thread-1] INFO  server.RaftServerConfigKeys (ConfUtils.java:logGet(44)) - raft.server.storage.dir = [/github/workspace/mnt/ozone/hadoop-ozone/integration-test/target/test-dir/MiniOzoneClusterImpl-8f60d98f-01ba-4335-ba92-853c1a5e70bb/datanode-5/data/ratis] (custom)
2020-06-10 23:32:30,151 [pool-115-thread-1] INFO  server.RaftServerConfigKeys (ConfUtils.java:logGet(44)) - raft.server.log.corruption.policy = EXCEPTION (default)
2020-06-10 23:32:30,152 [pool-115-thread-1] INFO  storage.RaftStorageDirectory (RaftStorageDirectory.java:analyzeStorage(261)) - The storage directory /github/workspace/mnt/ozone/hadoop-ozone/integration-test/target/test-dir/MiniOzoneClusterImpl-8f60d98f-01ba-4335-ba92-853c1a5e70bb/datanode-5/data/ratis/a07b7ab7-bd3b-4746-ac4c-faeca4430568 does not exist. Creating ...
2020-06-10 23:32:30,153 [EventQueue-PipelineReportForPipelineReportHandler] INFO  pipeline.PipelineStateManager (PipelineStateManager.java:openPipeline(131)) - Pipeline Pipeline[ Id: c69fc509-df2a-438d-9e26-03e63229fe17, Nodes: e1213966-9098-4efb-a904-a4cb2a6fb33e{ip: 172.17.0.2, host: be5d1cd46157, networkLocation: /default-rack, certSerialId: null}, Type:RATIS, Factor:ONE, State:ALLOCATED, leaderId:e1213966-9098-4efb-a904-a4cb2a6fb33e, CreationTimestamp2020-06-10T23:32:27.004Z] moved to OPEN state
2020-06-10 23:32:30,153 [EventQueue-OpenPipelineForHealthyPipelineSafeModeRule] INFO  safemode.SCMSafeModeManager (HealthyPipelineSafeModeRule.java:process(132)) - SCM in safe mode. Healthy pipelines reported count is 0, required healthy pipeline reported count is 1
2020-06-10 23:32:30,153 [EventQueue-OpenPipelineForOneReplicaPipelineSafeModeRule] INFO  safemode.SCMSafeModeManager (SCMSafeModeManager.java:validateSafeModeExitRules(213)) - AtleastOneDatanodeReportedRule rule is successfully validated
2020-06-10 23:32:30,154 [pool-99-thread-1] INFO  impl.RaftServerImpl (RaftServerImpl.java:<init>(99)) - e1213966-9098-4efb-a904-a4cb2a6fb33e: new RaftServerImpl for group-5875A35477B4:[e1213966-9098-4efb-a904-a4cb2a6fb33e:172.17.0.2:36871, 868206e5-f05c-4376-a56d-5589c771f96d:172.17.0.2:37567, 0a730c46-ee0f-4298-8093-6277af9a8f8e:172.17.0.2:44173] with ContainerStateMachine:uninitialized
2020-06-10 23:32:30,154 [pool-99-thread-1] INFO  server.RaftServerConfigKeys (ConfUtils.java:logGet(44)) - raft.server.rpc.timeout.min = 5s (custom)
2020-06-10 23:32:30,154 [pool-99-thread-1] INFO  server.RaftServerConfigKeys (ConfUtils.java:logGet(44)) - raft.server.rpc.timeout.max = 5200ms (custom)
2020-06-10 23:32:30,155 [pool-99-thread-1] INFO  server.RaftServerConfigKeys (ConfUtils.java:logGet(44)) - raft.server.rpcslowness.timeout = 300s (custom)
2020-06-10 23:32:30,155 [pool-99-thread-1] INFO  server.RaftServerConfigKeys (ConfUtils.java:logGet(44)) - raft.server.sleep.deviation.threshold = 300 (default)
2020-06-10 23:32:30,155 [pool-99-thread-1] INFO  server.RaftServerConfigKeys (ConfUtils.java:logGet(44)) - raft.server.log.appender.install.snapshot.enabled = false (custom)
2020-06-10 23:32:30,155 [pool-99-thread-1] INFO  impl.RaftServerImpl (ServerState.java:<init>(103)) - e1213966-9098-4efb-a904-a4cb2a6fb33e@group-5875A35477B4: ConfigurationManager, init=-1: [e1213966-9098-4efb-a904-a4cb2a6fb33e:172.17.0.2:36871, 868206e5-f05c-4376-a56d-5589c771f96d:172.17.0.2:37567, 0a730c46-ee0f-4298-8093-6277af9a8f8e:172.17.0.2:44173], old=null, confs=<EMPTY_MAP>
2020-06-10 23:32:30,155 [pool-99-thread-1] INFO  server.RaftServerConfigKeys (ConfUtils.java:logGet(44)) - raft.server.storage.dir = [/github/workspace/mnt/ozone/hadoop-ozone/integration-test/target/test-dir/MiniOzoneClusterImpl-8f60d98f-01ba-4335-ba92-853c1a5e70bb/datanode-4/data/ratis] (custom)
2020-06-10 23:32:30,155 [pool-99-thread-1] INFO  server.RaftServerConfigKeys (ConfUtils.java:logGet(44)) - raft.server.log.corruption.policy = EXCEPTION (default)
2020-06-10 23:32:30,155 [pool-99-thread-1] INFO  storage.RaftStorageDirectory (RaftStorageDirectory.java:analyzeStorage(261)) - The storage directory /github/workspace/mnt/ozone/hadoop-ozone/integration-test/target/test-dir/MiniOzoneClusterImpl-8f60d98f-01ba-4335-ba92-853c1a5e70bb/datanode-4/data/ratis/694f06a8-eccc-44d3-8729-5875a35477b4 does not exist. Creating ...
2020-06-10 23:32:30,156 [pool-115-thread-1] INFO  storage.RaftStorageDirectory (RaftStorageDirectory.java:tryLock(343)) - Lock on /github/workspace/mnt/ozone/hadoop-ozone/integration-test/target/test-dir/MiniOzoneClusterImpl-8f60d98f-01ba-4335-ba92-853c1a5e70bb/datanode-5/data/ratis/a07b7ab7-bd3b-4746-ac4c-faeca4430568/in_use.lock acquired by nodename 12521@be5d1cd46157
2020-06-10 23:32:30,159 [pool-115-thread-1] INFO  storage.RaftStorage (RaftStorage.java:format(84)) - Storage directory /github/workspace/mnt/ozone/hadoop-ozone/integration-test/target/test-dir/MiniOzoneClusterImpl-8f60d98f-01ba-4335-ba92-853c1a5e70bb/datanode-5/data/ratis/a07b7ab7-bd3b-4746-ac4c-faeca4430568 has been successfully formatted.
2020-06-10 23:32:30,159 [pool-99-thread-1] INFO  storage.RaftStorageDirectory (RaftStorageDirectory.java:tryLock(343)) - Lock on /github/workspace/mnt/ozone/hadoop-ozone/integration-test/target/test-dir/MiniOzoneClusterImpl-8f60d98f-01ba-4335-ba92-853c1a5e70bb/datanode-4/data/ratis/694f06a8-eccc-44d3-8729-5875a35477b4/in_use.lock acquired by nodename 12521@be5d1cd46157
2020-06-10 23:32:30,167 [Listener at 127.0.0.1/37921] INFO  ozone.MiniOzoneClusterImpl (MiniOzoneClusterImpl.java:lambda$waitForClusterToBeReady$0(177)) - Nodes are ready. Got 7 of 7 DN Heartbeats.
2020-06-10 23:32:30,167 [Listener at 127.0.0.1/37921] INFO  ozone.MiniOzoneClusterImpl (MiniOzoneClusterImpl.java:lambda$waitForClusterToBeReady$0(180)) - Waiting for cluster to exit safe mode
2020-06-10 23:32:30,170 [pool-115-thread-1] INFO  ratis.ContainerStateMachine (ContainerStateMachine.java:loadSnapshot(226)) - group-FAECA4430568: The snapshot info is null. Setting the last applied indexto:(t:0, i:~)
2020-06-10 23:32:30,171 [pool-115-thread-1] INFO  server.RaftServerConfigKeys (ConfUtils.java:logGet(44)) - raft.server.notification.no-leader.timeout = 60s (default)
2020-06-10 23:32:30,171 [pool-115-thread-1] INFO  server.RaftServerConfigKeys (ConfUtils.java:logGet(44)) - raft.server.log.use.memory = false (default)
2020-06-10 23:32:30,171 [pool-115-thread-1] INFO  server.RaftServerConfigKeys (ConfUtils.java:logGet(44)) - raft.server.log.purge.gap = 1000000 (custom)
2020-06-10 23:32:30,171 [pool-115-thread-1] INFO  server.RaftServerConfigKeys (ConfUtils.java:logGet(44)) - raft.server.log.appender.buffer.byte-limit = 33554432 (custom)
2020-06-10 23:32:30,171 [pool-115-thread-1] INFO  server.RaftServerConfigKeys (ConfUtils.java:logGet(44)) - raft.server.log.segment.size.max = 1048576 (custom)
2020-06-10 23:32:30,171 [pool-115-thread-1] INFO  metrics.RatisMetrics (RatisMetrics.java:lambda$create$0(36)) - Creating Metrics Registry : ratis.log_worker.868206e5-f05c-4376-a56d-5589c771f96d@group-FAECA4430568
2020-06-10 23:32:30,171 [pool-115-thread-1] INFO  server.RaftServerConfigKeys (ConfUtils.java:logGet(44)) - raft.server.log.segment.cache.num.max = 2 (custom)
2020-06-10 23:32:30,171 [pool-115-thread-1] INFO  segmented.SegmentedRaftLogWorker (SegmentedRaftLogWorker.java:<init>(180)) - new 868206e5-f05c-4376-a56d-5589c771f96d@group-FAECA4430568-SegmentedRaftLogWorker for RaftStorage:Storage Directory /github/workspace/mnt/ozone/hadoop-ozone/integration-test/target/test-dir/MiniOzoneClusterImpl-8f60d98f-01ba-4335-ba92-853c1a5e70bb/datanode-5/data/ratis/a07b7ab7-bd3b-4746-ac4c-faeca4430568
2020-06-10 23:32:30,172 [pool-99-thread-1] INFO  storage.RaftStorage (RaftStorage.java:format(84)) - Storage directory /github/workspace/mnt/ozone/hadoop-ozone/integration-test/target/test-dir/MiniOzoneClusterImpl-8f60d98f-01ba-4335-ba92-853c1a5e70bb/datanode-4/data/ratis/694f06a8-eccc-44d3-8729-5875a35477b4 has been successfully formatted.
2020-06-10 23:32:30,172 [pool-115-thread-1] INFO  server.RaftServerConfigKeys (ConfUtils.java:logGet(44)) - raft.server.log.queue.byte-limit = 2147483647 (custom)
2020-06-10 23:32:30,172 [pool-115-thread-1] INFO  server.RaftServerConfigKeys (ConfUtils.java:logGet(44)) - raft.server.log.queue.element-limit = 1024 (custom)
2020-06-10 23:32:30,172 [pool-99-thread-1] INFO  ratis.ContainerStateMachine (ContainerStateMachine.java:loadSnapshot(226)) - group-5875A35477B4: The snapshot info is null. Setting the last applied indexto:(t:0, i:~)
2020-06-10 23:32:30,172 [pool-99-thread-1] INFO  server.RaftServerConfigKeys (ConfUtils.java:logGet(44)) - raft.server.notification.no-leader.timeout = 60s (default)
2020-06-10 23:32:30,172 [pool-99-thread-1] INFO  server.RaftServerConfigKeys (ConfUtils.java:logGet(44)) - raft.server.log.use.memory = false (default)
2020-06-10 23:32:30,172 [pool-99-thread-1] INFO  server.RaftServerConfigKeys (ConfUtils.java:logGet(44)) - raft.server.log.purge.gap = 1000000 (custom)
2020-06-10 23:32:30,172 [pool-99-thread-1] INFO  server.RaftServerConfigKeys (ConfUtils.java:logGet(44)) - raft.server.log.appender.buffer.byte-limit = 33554432 (custom)
2020-06-10 23:32:30,189 [Command processor thread] INFO  impl.RaftServerProxy (RaftServerProxy.java:addNew(89)) - 60999281-18f3-4685-a582-52e660a939f2: addNew group-27B650E4FAAA:[60999281-18f3-4685-a582-52e660a939f2:172.17.0.2:41063] returns group-27B650E4FAAA:java.util.concurrent.CompletableFuture@8420bae[Not completed]
2020-06-10 23:32:30,172 [pool-115-thread-1] INFO  server.RaftServerConfigKeys (ConfUtils.java:logGet(44)) - raft.server.log.segment.size.max = 1048576 (custom)
2020-06-10 23:32:30,189 [pool-99-thread-1] INFO  server.RaftServerConfigKeys (ConfUtils.java:logGet(44)) - raft.server.log.segment.size.max = 1048576 (custom)
2020-06-10 23:32:30,201 [pool-99-thread-1] INFO  metrics.RatisMetrics (RatisMetrics.java:lambda$create$0(36)) - Creating Metrics Registry : ratis.log_worker.e1213966-9098-4efb-a904-a4cb2a6fb33e@group-5875A35477B4
2020-06-10 23:32:30,201 [pool-99-thread-1] INFO  server.RaftServerConfigKeys (ConfUtils.java:logGet(44)) - raft.server.log.segment.cache.num.max = 2 (custom)
2020-06-10 23:32:30,201 [pool-99-thread-1] INFO  segmented.SegmentedRaftLogWorker (SegmentedRaftLogWorker.java:<init>(180)) - new e1213966-9098-4efb-a904-a4cb2a6fb33e@group-5875A35477B4-SegmentedRaftLogWorker for RaftStorage:Storage Directory /github/workspace/mnt/ozone/hadoop-ozone/integration-test/target/test-dir/MiniOzoneClusterImpl-8f60d98f-01ba-4335-ba92-853c1a5e70bb/datanode-4/data/ratis/694f06a8-eccc-44d3-8729-5875a35477b4
2020-06-10 23:32:30,201 [pool-99-thread-1] INFO  server.RaftServerConfigKeys (ConfUtils.java:logGet(44)) - raft.server.log.queue.byte-limit = 2147483647 (custom)
2020-06-10 23:32:30,201 [pool-99-thread-1] INFO  server.RaftServerConfigKeys (ConfUtils.java:logGet(44)) - raft.server.log.queue.element-limit = 1024 (custom)
2020-06-10 23:32:30,202 [pool-99-thread-1] INFO  server.RaftServerConfigKeys (ConfUtils.java:logGet(44)) - raft.server.log.segment.size.max = 1048576 (custom)
2020-06-10 23:32:30,202 [pool-99-thread-1] INFO  server.RaftServerConfigKeys (ConfUtils.java:logGet(44)) - raft.server.log.preallocated.size = 16384 (custom)
2020-06-10 23:32:30,202 [pool-99-thread-1] INFO  server.RaftServerConfigKeys (ConfUtils.java:logGet(44)) - raft.server.log.write.buffer.size = 1048576 (custom)
2020-06-10 23:32:30,202 [pool-99-thread-1] INFO  server.RaftServerConfigKeys (ConfUtils.java:logGet(44)) - raft.server.log.force.sync.num = 128 (default)
2020-06-10 23:32:30,202 [pool-99-thread-1] INFO  server.RaftServerConfigKeys (ConfUtils.java:logGet(44)) - raft.server.log.statemachine.data.sync = true (default)
2020-06-10 23:32:30,202 [pool-99-thread-1] INFO  server.RaftServerConfigKeys (ConfUtils.java:logGet(44)) - raft.server.log.statemachine.data.sync.timeout = 10s (default)
2020-06-10 23:32:30,202 [pool-99-thread-1] INFO  server.RaftServerConfigKeys (ConfUtils.java:logGet(44)) - raft.server.log.statemachine.data.sync.timeout.retry = -1 (default)
2020-06-10 23:32:30,201 [pool-115-thread-1] INFO  server.RaftServerConfigKeys (ConfUtils.java:logGet(44)) - raft.server.log.preallocated.size = 16384 (custom)
2020-06-10 23:32:30,203 [pool-115-thread-1] INFO  server.RaftServerConfigKeys (ConfUtils.java:logGet(44)) - raft.server.log.write.buffer.size = 1048576 (custom)
2020-06-10 23:32:30,203 [pool-115-thread-1] INFO  server.RaftServerConfigKeys (ConfUtils.java:logGet(44)) - raft.server.log.force.sync.num = 128 (default)
2020-06-10 23:32:30,203 [pool-115-thread-1] INFO  server.RaftServerConfigKeys (ConfUtils.java:logGet(44)) - raft.server.log.statemachine.data.sync = true (default)
2020-06-10 23:32:30,203 [pool-115-thread-1] INFO  server.RaftServerConfigKeys (ConfUtils.java:logGet(44)) - raft.server.log.statemachine.data.sync.timeout = 10s (default)
2020-06-10 23:32:30,203 [pool-115-thread-1] INFO  server.RaftServerConfigKeys (ConfUtils.java:logGet(44)) - raft.server.log.statemachine.data.sync.timeout.retry = -1 (default)
2020-06-10 23:32:30,202 [pool-131-thread-1] INFO  impl.RaftServerImpl (RaftServerImpl.java:<init>(99)) - 60999281-18f3-4685-a582-52e660a939f2: new RaftServerImpl for group-27B650E4FAAA:[60999281-18f3-4685-a582-52e660a939f2:172.17.0.2:41063] with ContainerStateMachine:uninitialized
2020-06-10 23:32:30,209 [pool-115-thread-1] INFO  server.RaftServerConfigKeys (ConfUtils.java:logGet(44)) - raft.server.log.statemachine.data.caching.enabled = true (custom)
2020-06-10 23:32:30,210 [pool-115-thread-1] INFO  segmented.SegmentedRaftLogWorker (SegmentedRaftLogWorker.java:lambda$new$0(129)) - 868206e5-f05c-4376-a56d-5589c771f96d@group-FAECA4430568-SegmentedRaftLogWorker: flushIndex: setUnconditionally 0 -> -1
2020-06-10 23:32:30,210 [pool-115-thread-1] INFO  segmented.SegmentedRaftLogWorker (SegmentedRaftLogWorker.java:lambda$new$0(129)) - 868206e5-f05c-4376-a56d-5589c771f96d@group-FAECA4430568-SegmentedRaftLogWorker: safeCacheEvictIndex: setUnconditionally 0 -> -1
2020-06-10 23:32:30,210 [pool-99-thread-1] INFO  server.RaftServerConfigKeys (ConfUtils.java:logGet(44)) - raft.server.log.statemachine.data.caching.enabled = true (custom)
2020-06-10 23:32:30,210 [pool-99-thread-1] INFO  segmented.SegmentedRaftLogWorker (SegmentedRaftLogWorker.java:lambda$new$0(129)) - e1213966-9098-4efb-a904-a4cb2a6fb33e@group-5875A35477B4-SegmentedRaftLogWorker: flushIndex: setUnconditionally 0 -> -1
2020-06-10 23:32:30,211 [pool-99-thread-1] INFO  segmented.SegmentedRaftLogWorker (SegmentedRaftLogWorker.java:lambda$new$0(129)) - e1213966-9098-4efb-a904-a4cb2a6fb33e@group-5875A35477B4-SegmentedRaftLogWorker: safeCacheEvictIndex: setUnconditionally 0 -> -1
2020-06-10 23:32:30,223 [pool-115-thread-1] INFO  server.RaftServerConfigKeys (ConfUtils.java:logGet(44)) - raft.server.snapshot.auto.trigger.enabled = true (custom)
2020-06-10 23:32:30,223 [pool-115-thread-1] INFO  server.RaftServerConfigKeys (ConfUtils.java:logGet(44)) - raft.server.snapshot.auto.trigger.threshold = 10000 (custom)
2020-06-10 23:32:30,223 [pool-115-thread-1] INFO  server.RaftServerConfigKeys (ConfUtils.java:logGet(44)) - raft.server.snapshot.retention.file.num = 5 (custom)
2020-06-10 23:32:30,223 [pool-115-thread-1] INFO  server.RaftServerConfigKeys (ConfUtils.java:logGet(44)) - raft.server.log.purge.upto.snapshot.index = false (default)
2020-06-10 23:32:30,223 [pool-115-thread-1] INFO  server.RaftServerConfigKeys (ConfUtils.java:logGet(44)) - raft.server.retrycache.expirytime = 600000ms (custom)
2020-06-10 23:32:30,224 [pool-115-thread-1] INFO  metrics.RatisMetrics (RatisMetrics.java:lambda$create$0(36)) - Creating Metrics Registry : ratis.leader_election.868206e5-f05c-4376-a56d-5589c771f96d@group-FAECA4430568
2020-06-10 23:32:30,224 [pool-115-thread-1] INFO  metrics.RatisMetrics (RatisMetrics.java:lambda$create$0(36)) - Creating Metrics Registry : ratis.server.868206e5-f05c-4376-a56d-5589c771f96d@group-FAECA4430568
2020-06-10 23:32:30,225 [pool-115-thread-1] INFO  impl.RaftServerImpl (RaftServerImpl.java:start(186)) - 868206e5-f05c-4376-a56d-5589c771f96d@group-FAECA4430568: start as a follower, conf=-1: [868206e5-f05c-4376-a56d-5589c771f96d:172.17.0.2:37567], old=null
2020-06-10 23:32:30,225 [pool-115-thread-1] INFO  impl.RaftServerImpl (RaftServerImpl.java:setRole(175)) - 868206e5-f05c-4376-a56d-5589c771f96d@group-FAECA4430568: changes role from      null to FOLLOWER at term 0 for startAsFollower
2020-06-10 23:32:30,225 [pool-115-thread-1] INFO  impl.RoleInfo (RoleInfo.java:updateAndGet(143)) - 868206e5-f05c-4376-a56d-5589c771f96d: start FollowerState
2020-06-10 23:32:30,229 [pool-115-thread-1] INFO  util.JmxRegister (JmxRegister.java:tryRegister(44)) - Successfully registered JMX Bean with object name Ratis:service=RaftServer,group=group-FAECA4430568,id=868206e5-f05c-4376-a56d-5589c771f96d
2020-06-10 23:32:30,230 [pool-115-thread-1] INFO  metrics.RatisMetrics (RatisMetrics.java:lambda$create$0(36)) - Creating Metrics Registry : ratis.state_machine.868206e5-f05c-4376-a56d-5589c771f96d@group-FAECA4430568
2020-06-10 23:32:30,239 [Command processor thread] INFO  commandhandler.CreatePipelineCommandHandler (CreatePipelineCommandHandler.java:handle(109)) - Created Pipeline RATIS ONE #id: "a07b7ab7-bd3b-4746-ac4c-faeca4430568"
.
2020-06-10 23:32:30,239 [Command processor thread] INFO  impl.RaftServerProxy (RaftServerProxy.java:addNew(89)) - 868206e5-f05c-4376-a56d-5589c771f96d: addNew group-5875A35477B4:[e1213966-9098-4efb-a904-a4cb2a6fb33e:172.17.0.2:36871, 868206e5-f05c-4376-a56d-5589c771f96d:172.17.0.2:37567, 0a730c46-ee0f-4298-8093-6277af9a8f8e:172.17.0.2:44173] returns group-5875A35477B4:java.util.concurrent.CompletableFuture@98cbc4b[Not completed]
2020-06-10 23:32:30,241 [pool-115-thread-1] INFO  impl.RaftServerImpl (RaftServerImpl.java:<init>(99)) - 868206e5-f05c-4376-a56d-5589c771f96d: new RaftServerImpl for group-5875A35477B4:[e1213966-9098-4efb-a904-a4cb2a6fb33e:172.17.0.2:36871, 868206e5-f05c-4376-a56d-5589c771f96d:172.17.0.2:37567, 0a730c46-ee0f-4298-8093-6277af9a8f8e:172.17.0.2:44173] with ContainerStateMachine:uninitialized
2020-06-10 23:32:30,241 [pool-115-thread-1] INFO  server.RaftServerConfigKeys (ConfUtils.java:logGet(44)) - raft.server.rpc.timeout.min = 5s (custom)
2020-06-10 23:32:30,241 [pool-115-thread-1] INFO  server.RaftServerConfigKeys (ConfUtils.java:logGet(44)) - raft.server.rpc.timeout.max = 5200ms (custom)
2020-06-10 23:32:30,241 [pool-115-thread-1] INFO  server.RaftServerConfigKeys (ConfUtils.java:logGet(44)) - raft.server.rpcslowness.timeout = 300s (custom)
2020-06-10 23:32:30,241 [pool-115-thread-1] INFO  server.RaftServerConfigKeys (ConfUtils.java:logGet(44)) - raft.server.sleep.deviation.threshold = 300 (default)
2020-06-10 23:32:30,241 [pool-115-thread-1] INFO  server.RaftServerConfigKeys (ConfUtils.java:logGet(44)) - raft.server.log.appender.install.snapshot.enabled = false (custom)
2020-06-10 23:32:30,241 [pool-115-thread-1] INFO  impl.RaftServerImpl (ServerState.java:<init>(103)) - 868206e5-f05c-4376-a56d-5589c771f96d@group-5875A35477B4: ConfigurationManager, init=-1: [e1213966-9098-4efb-a904-a4cb2a6fb33e:172.17.0.2:36871, 868206e5-f05c-4376-a56d-5589c771f96d:172.17.0.2:37567, 0a730c46-ee0f-4298-8093-6277af9a8f8e:172.17.0.2:44173], old=null, confs=<EMPTY_MAP>
2020-06-10 23:32:30,241 [pool-115-thread-1] INFO  server.RaftServerConfigKeys (ConfUtils.java:logGet(44)) - raft.server.storage.dir = [/github/workspace/mnt/ozone/hadoop-ozone/integration-test/target/test-dir/MiniOzoneClusterImpl-8f60d98f-01ba-4335-ba92-853c1a5e70bb/datanode-5/data/ratis] (custom)
2020-06-10 23:32:30,241 [pool-115-thread-1] INFO  server.RaftServerConfigKeys (ConfUtils.java:logGet(44)) - raft.server.log.corruption.policy = EXCEPTION (default)
2020-06-10 23:32:30,242 [pool-115-thread-1] INFO  storage.RaftStorageDirectory (RaftStorageDirectory.java:analyzeStorage(261)) - The storage directory /github/workspace/mnt/ozone/hadoop-ozone/integration-test/target/test-dir/MiniOzoneClusterImpl-8f60d98f-01ba-4335-ba92-853c1a5e70bb/datanode-5/data/ratis/694f06a8-eccc-44d3-8729-5875a35477b4 does not exist. Creating ...
2020-06-10 23:32:30,243 [pool-115-thread-1] INFO  storage.RaftStorageDirectory (RaftStorageDirectory.java:tryLock(343)) - Lock on /github/workspace/mnt/ozone/hadoop-ozone/integration-test/target/test-dir/MiniOzoneClusterImpl-8f60d98f-01ba-4335-ba92-853c1a5e70bb/datanode-5/data/ratis/694f06a8-eccc-44d3-8729-5875a35477b4/in_use.lock acquired by nodename 12521@be5d1cd46157
2020-06-10 23:32:30,245 [pool-115-thread-1] INFO  storage.RaftStorage (RaftStorage.java:format(84)) - Storage directory /github/workspace/mnt/ozone/hadoop-ozone/integration-test/target/test-dir/MiniOzoneClusterImpl-8f60d98f-01ba-4335-ba92-853c1a5e70bb/datanode-5/data/ratis/694f06a8-eccc-44d3-8729-5875a35477b4 has been successfully formatted.
2020-06-10 23:32:30,272 [EventQueue-PipelineReportForPipelineReportHandler] INFO  pipeline.PipelineStateManager (PipelineStateManager.java:openPipeline(131)) - Pipeline Pipeline[ Id: a07b7ab7-bd3b-4746-ac4c-faeca4430568, Nodes: 868206e5-f05c-4376-a56d-5589c771f96d{ip: 172.17.0.2, host: be5d1cd46157, networkLocation: /default-rack, certSerialId: null}, Type:RATIS, Factor:ONE, State:ALLOCATED, leaderId:868206e5-f05c-4376-a56d-5589c771f96d, CreationTimestamp2020-06-10T23:32:27.114Z] moved to OPEN state
2020-06-10 23:32:30,273 [pool-131-thread-1] INFO  server.RaftServerConfigKeys (ConfUtils.java:logGet(44)) - raft.server.rpc.timeout.min = 5s (custom)
2020-06-10 23:32:30,273 [pool-131-thread-1] INFO  server.RaftServerConfigKeys (ConfUtils.java:logGet(44)) - raft.server.rpc.timeout.max = 5200ms (custom)
2020-06-10 23:32:30,273 [pool-131-thread-1] INFO  server.RaftServerConfigKeys (ConfUtils.java:logGet(44)) - raft.server.rpcslowness.timeout = 300s (custom)
2020-06-10 23:32:30,273 [pool-131-thread-1] INFO  server.RaftServerConfigKeys (ConfUtils.java:logGet(44)) - raft.server.sleep.deviation.threshold = 300 (default)
2020-06-10 23:32:30,273 [pool-131-thread-1] INFO  server.RaftServerConfigKeys (ConfUtils.java:logGet(44)) - raft.server.log.appender.install.snapshot.enabled = false (custom)
2020-06-10 23:32:30,273 [pool-131-thread-1] INFO  impl.RaftServerImpl (ServerState.java:<init>(103)) - 60999281-18f3-4685-a582-52e660a939f2@group-27B650E4FAAA: ConfigurationManager, init=-1: [60999281-18f3-4685-a582-52e660a939f2:172.17.0.2:41063], old=null, confs=<EMPTY_MAP>
2020-06-10 23:32:30,273 [pool-131-thread-1] INFO  server.RaftServerConfigKeys (ConfUtils.java:logGet(44)) - raft.server.storage.dir = [/github/workspace/mnt/ozone/hadoop-ozone/integration-test/target/test-dir/MiniOzoneClusterImpl-8f60d98f-01ba-4335-ba92-853c1a5e70bb/datanode-6/data/ratis] (custom)
2020-06-10 23:32:30,274 [pool-131-thread-1] INFO  server.RaftServerConfigKeys (ConfUtils.java:logGet(44)) - raft.server.log.corruption.policy = EXCEPTION (default)
2020-06-10 23:32:30,274 [pool-131-thread-1] INFO  storage.RaftStorageDirectory (RaftStorageDirectory.java:analyzeStorage(261)) - The storage directory /github/workspace/mnt/ozone/hadoop-ozone/integration-test/target/test-dir/MiniOzoneClusterImpl-8f60d98f-01ba-4335-ba92-853c1a5e70bb/datanode-6/data/ratis/0672b3c2-2119-42ac-b526-27b650e4faaa does not exist. Creating ...
2020-06-10 23:32:30,274 [EventQueue-OpenPipelineForHealthyPipelineSafeModeRule] INFO  safemode.SCMSafeModeManager (HealthyPipelineSafeModeRule.java:process(132)) - SCM in safe mode. Healthy pipelines reported count is 0, required healthy pipeline reported count is 1
2020-06-10 23:32:30,275 [EventQueue-OpenPipelineForOneReplicaPipelineSafeModeRule] INFO  safemode.SCMSafeModeManager (SCMSafeModeManager.java:validateSafeModeExitRules(213)) - AtleastOneDatanodeReportedRule rule is successfully validated
2020-06-10 23:32:30,277 [pool-131-thread-1] INFO  storage.RaftStorageDirectory (RaftStorageDirectory.java:tryLock(343)) - Lock on /github/workspace/mnt/ozone/hadoop-ozone/integration-test/target/test-dir/MiniOzoneClusterImpl-8f60d98f-01ba-4335-ba92-853c1a5e70bb/datanode-6/data/ratis/0672b3c2-2119-42ac-b526-27b650e4faaa/in_use.lock acquired by nodename 12521@be5d1cd46157
2020-06-10 23:32:30,277 [pool-99-thread-1] INFO  server.RaftServerConfigKeys (ConfUtils.java:logGet(44)) - raft.server.snapshot.auto.trigger.enabled = true (custom)
2020-06-10 23:32:30,277 [pool-99-thread-1] INFO  server.RaftServerConfigKeys (ConfUtils.java:logGet(44)) - raft.server.snapshot.auto.trigger.threshold = 10000 (custom)
2020-06-10 23:32:30,277 [pool-99-thread-1] INFO  server.RaftServerConfigKeys (ConfUtils.java:logGet(44)) - raft.server.snapshot.retention.file.num = 5 (custom)
2020-06-10 23:32:30,277 [pool-99-thread-1] INFO  server.RaftServerConfigKeys (ConfUtils.java:logGet(44)) - raft.server.log.purge.upto.snapshot.index = false (default)
2020-06-10 23:32:30,277 [pool-99-thread-1] INFO  server.RaftServerConfigKeys (ConfUtils.java:logGet(44)) - raft.server.retrycache.expirytime = 600000ms (custom)
2020-06-10 23:32:30,277 [pool-99-thread-1] INFO  metrics.RatisMetrics (RatisMetrics.java:lambda$create$0(36)) - Creating Metrics Registry : ratis.leader_election.e1213966-9098-4efb-a904-a4cb2a6fb33e@group-5875A35477B4
2020-06-10 23:32:30,278 [pool-131-thread-1] INFO  storage.RaftStorage (RaftStorage.java:format(84)) - Storage directory /github/workspace/mnt/ozone/hadoop-ozone/integration-test/target/test-dir/MiniOzoneClusterImpl-8f60d98f-01ba-4335-ba92-853c1a5e70bb/datanode-6/data/ratis/0672b3c2-2119-42ac-b526-27b650e4faaa has been successfully formatted.
2020-06-10 23:32:30,278 [pool-99-thread-1] INFO  metrics.RatisMetrics (RatisMetrics.java:lambda$create$0(36)) - Creating Metrics Registry : ratis.server.e1213966-9098-4efb-a904-a4cb2a6fb33e@group-5875A35477B4
2020-06-10 23:32:30,279 [pool-99-thread-1] INFO  impl.RaftServerImpl (RaftServerImpl.java:start(186)) - e1213966-9098-4efb-a904-a4cb2a6fb33e@group-5875A35477B4: start as a follower, conf=-1: [e1213966-9098-4efb-a904-a4cb2a6fb33e:172.17.0.2:36871, 868206e5-f05c-4376-a56d-5589c771f96d:172.17.0.2:37567, 0a730c46-ee0f-4298-8093-6277af9a8f8e:172.17.0.2:44173], old=null
2020-06-10 23:32:30,279 [pool-99-thread-1] INFO  impl.RaftServerImpl (RaftServerImpl.java:setRole(175)) - e1213966-9098-4efb-a904-a4cb2a6fb33e@group-5875A35477B4: changes role from      null to FOLLOWER at term 0 for startAsFollower
2020-06-10 23:32:30,279 [pool-99-thread-1] INFO  impl.RoleInfo (RoleInfo.java:updateAndGet(143)) - e1213966-9098-4efb-a904-a4cb2a6fb33e: start FollowerState
2020-06-10 23:32:30,287 [pool-99-thread-1] INFO  util.JmxRegister (JmxRegister.java:tryRegister(44)) - Successfully registered JMX Bean with object name Ratis:service=RaftServer,group=group-5875A35477B4,id=e1213966-9098-4efb-a904-a4cb2a6fb33e
2020-06-10 23:32:30,287 [pool-99-thread-1] INFO  metrics.RatisMetrics (RatisMetrics.java:lambda$create$0(36)) - Creating Metrics Registry : ratis.state_machine.e1213966-9098-4efb-a904-a4cb2a6fb33e@group-5875A35477B4
2020-06-10 23:32:30,296 [pool-115-thread-1] INFO  ratis.ContainerStateMachine (ContainerStateMachine.java:loadSnapshot(226)) - group-5875A35477B4: The snapshot info is null. Setting the last applied indexto:(t:0, i:~)
2020-06-10 23:32:30,296 [pool-115-thread-1] INFO  server.RaftServerConfigKeys (ConfUtils.java:logGet(44)) - raft.server.notification.no-leader.timeout = 60s (default)
2020-06-10 23:32:30,296 [pool-115-thread-1] INFO  server.RaftServerConfigKeys (ConfUtils.java:logGet(44)) - raft.server.log.use.memory = false (default)
2020-06-10 23:32:30,296 [pool-115-thread-1] INFO  server.RaftServerConfigKeys (ConfUtils.java:logGet(44)) - raft.server.log.purge.gap = 1000000 (custom)
2020-06-10 23:32:30,297 [pool-115-thread-1] INFO  server.RaftServerConfigKeys (ConfUtils.java:logGet(44)) - raft.server.log.appender.buffer.byte-limit = 33554432 (custom)
2020-06-10 23:32:30,297 [pool-115-thread-1] INFO  server.RaftServerConfigKeys (ConfUtils.java:logGet(44)) - raft.server.log.segment.size.max = 1048576 (custom)
2020-06-10 23:32:30,297 [pool-115-thread-1] INFO  metrics.RatisMetrics (RatisMetrics.java:lambda$create$0(36)) - Creating Metrics Registry : ratis.log_worker.868206e5-f05c-4376-a56d-5589c771f96d@group-5875A35477B4
2020-06-10 23:32:30,297 [pool-115-thread-1] INFO  server.RaftServerConfigKeys (ConfUtils.java:logGet(44)) - raft.server.log.segment.cache.num.max = 2 (custom)
2020-06-10 23:32:30,297 [pool-115-thread-1] INFO  segmented.SegmentedRaftLogWorker (SegmentedRaftLogWorker.java:<init>(180)) - new 868206e5-f05c-4376-a56d-5589c771f96d@group-5875A35477B4-SegmentedRaftLogWorker for RaftStorage:Storage Directory /github/workspace/mnt/ozone/hadoop-ozone/integration-test/target/test-dir/MiniOzoneClusterImpl-8f60d98f-01ba-4335-ba92-853c1a5e70bb/datanode-5/data/ratis/694f06a8-eccc-44d3-8729-5875a35477b4
2020-06-10 23:32:30,297 [pool-115-thread-1] INFO  server.RaftServerConfigKeys (ConfUtils.java:logGet(44)) - raft.server.log.queue.byte-limit = 2147483647 (custom)
2020-06-10 23:32:30,297 [pool-115-thread-1] INFO  server.RaftServerConfigKeys (ConfUtils.java:logGet(44)) - raft.server.log.queue.element-limit = 1024 (custom)
2020-06-10 23:32:30,297 [pool-115-thread-1] INFO  server.RaftServerConfigKeys (ConfUtils.java:logGet(44)) - raft.server.log.segment.size.max = 1048576 (custom)
2020-06-10 23:32:30,297 [pool-115-thread-1] INFO  server.RaftServerConfigKeys (ConfUtils.java:logGet(44)) - raft.server.log.preallocated.size = 16384 (custom)
2020-06-10 23:32:30,297 [pool-115-thread-1] INFO  server.RaftServerConfigKeys (ConfUtils.java:logGet(44)) - raft.server.log.write.buffer.size = 1048576 (custom)
2020-06-10 23:32:30,298 [pool-115-thread-1] INFO  server.RaftServerConfigKeys (ConfUtils.java:logGet(44)) - raft.server.log.force.sync.num = 128 (default)
2020-06-10 23:32:30,298 [pool-115-thread-1] INFO  server.RaftServerConfigKeys (ConfUtils.java:logGet(44)) - raft.server.log.statemachine.data.sync = true (default)
2020-06-10 23:32:30,298 [pool-115-thread-1] INFO  server.RaftServerConfigKeys (ConfUtils.java:logGet(44)) - raft.server.log.statemachine.data.sync.timeout = 10s (default)
2020-06-10 23:32:30,298 [pool-115-thread-1] INFO  server.RaftServerConfigKeys (ConfUtils.java:logGet(44)) - raft.server.log.statemachine.data.sync.timeout.retry = -1 (default)
2020-06-10 23:32:30,302 [pool-115-thread-1] INFO  server.RaftServerConfigKeys (ConfUtils.java:logGet(44)) - raft.server.log.statemachine.data.caching.enabled = true (custom)
2020-06-10 23:32:30,303 [pool-115-thread-1] INFO  segmented.SegmentedRaftLogWorker (SegmentedRaftLogWorker.java:lambda$new$0(129)) - 868206e5-f05c-4376-a56d-5589c771f96d@group-5875A35477B4-SegmentedRaftLogWorker: flushIndex: setUnconditionally 0 -> -1
2020-06-10 23:32:30,303 [pool-115-thread-1] INFO  segmented.SegmentedRaftLogWorker (SegmentedRaftLogWorker.java:lambda$new$0(129)) - 868206e5-f05c-4376-a56d-5589c771f96d@group-5875A35477B4-SegmentedRaftLogWorker: safeCacheEvictIndex: setUnconditionally 0 -> -1
2020-06-10 23:32:30,316 [pool-131-thread-1] INFO  ratis.ContainerStateMachine (ContainerStateMachine.java:loadSnapshot(226)) - group-27B650E4FAAA: The snapshot info is null. Setting the last applied indexto:(t:0, i:~)
2020-06-10 23:32:30,318 [pool-131-thread-1] INFO  server.RaftServerConfigKeys (ConfUtils.java:logGet(44)) - raft.server.notification.no-leader.timeout = 60s (default)
2020-06-10 23:32:30,319 [pool-131-thread-1] INFO  server.RaftServerConfigKeys (ConfUtils.java:logGet(44)) - raft.server.log.use.memory = false (default)
2020-06-10 23:32:30,319 [pool-131-thread-1] INFO  server.RaftServerConfigKeys (ConfUtils.java:logGet(44)) - raft.server.log.purge.gap = 1000000 (custom)
2020-06-10 23:32:30,319 [pool-131-thread-1] INFO  server.RaftServerConfigKeys (ConfUtils.java:logGet(44)) - raft.server.log.appender.buffer.byte-limit = 33554432 (custom)
2020-06-10 23:32:30,319 [pool-131-thread-1] INFO  server.RaftServerConfigKeys (ConfUtils.java:logGet(44)) - raft.server.log.segment.size.max = 1048576 (custom)
2020-06-10 23:32:30,319 [pool-131-thread-1] INFO  metrics.RatisMetrics (RatisMetrics.java:lambda$create$0(36)) - Creating Metrics Registry : ratis.log_worker.60999281-18f3-4685-a582-52e660a939f2@group-27B650E4FAAA
2020-06-10 23:32:30,319 [pool-131-thread-1] INFO  server.RaftServerConfigKeys (ConfUtils.java:logGet(44)) - raft.server.log.segment.cache.num.max = 2 (custom)
2020-06-10 23:32:30,319 [pool-131-thread-1] INFO  segmented.SegmentedRaftLogWorker (SegmentedRaftLogWorker.java:<init>(180)) - new 60999281-18f3-4685-a582-52e660a939f2@group-27B650E4FAAA-SegmentedRaftLogWorker for RaftStorage:Storage Directory /github/workspace/mnt/ozone/hadoop-ozone/integration-test/target/test-dir/MiniOzoneClusterImpl-8f60d98f-01ba-4335-ba92-853c1a5e70bb/datanode-6/data/ratis/0672b3c2-2119-42ac-b526-27b650e4faaa
2020-06-10 23:32:30,319 [pool-131-thread-1] INFO  server.RaftServerConfigKeys (ConfUtils.java:logGet(44)) - raft.server.log.queue.byte-limit = 2147483647 (custom)
2020-06-10 23:32:30,320 [pool-131-thread-1] INFO  server.RaftServerConfigKeys (ConfUtils.java:logGet(44)) - raft.server.log.queue.element-limit = 1024 (custom)
2020-06-10 23:32:30,320 [pool-131-thread-1] INFO  server.RaftServerConfigKeys (ConfUtils.java:logGet(44)) - raft.server.log.segment.size.max = 1048576 (custom)
2020-06-10 23:32:30,320 [pool-131-thread-1] INFO  server.RaftServerConfigKeys (ConfUtils.java:logGet(44)) - raft.server.log.preallocated.size = 16384 (custom)
2020-06-10 23:32:30,320 [pool-131-thread-1] INFO  server.RaftServerConfigKeys (ConfUtils.java:logGet(44)) - raft.server.log.write.buffer.size = 1048576 (custom)
2020-06-10 23:32:30,320 [pool-131-thread-1] INFO  server.RaftServerConfigKeys (ConfUtils.java:logGet(44)) - raft.server.log.force.sync.num = 128 (default)
2020-06-10 23:32:30,320 [pool-131-thread-1] INFO  server.RaftServerConfigKeys (ConfUtils.java:logGet(44)) - raft.server.log.statemachine.data.sync = true (default)
2020-06-10 23:32:30,320 [pool-131-thread-1] INFO  server.RaftServerConfigKeys (ConfUtils.java:logGet(44)) - raft.server.log.statemachine.data.sync.timeout = 10s (default)
2020-06-10 23:32:30,320 [pool-131-thread-1] INFO  server.RaftServerConfigKeys (ConfUtils.java:logGet(44)) - raft.server.log.statemachine.data.sync.timeout.retry = -1 (default)
2020-06-10 23:32:30,321 [EventQueue-PipelineReportForPipelineReportHandler] INFO  pipeline.PipelineStateManager (PipelineStateManager.java:openPipeline(131)) - Pipeline Pipeline[ Id: 0672b3c2-2119-42ac-b526-27b650e4faaa, Nodes: 60999281-18f3-4685-a582-52e660a939f2{ip: 172.17.0.2, host: be5d1cd46157, networkLocation: /default-rack, certSerialId: null}, Type:RATIS, Factor:ONE, State:ALLOCATED, leaderId:60999281-18f3-4685-a582-52e660a939f2, CreationTimestamp2020-06-10T23:32:27.169Z] moved to OPEN state
2020-06-10 23:32:30,322 [EventQueue-OpenPipelineForHealthyPipelineSafeModeRule] INFO  safemode.SCMSafeModeManager (HealthyPipelineSafeModeRule.java:process(132)) - SCM in safe mode. Healthy pipelines reported count is 0, required healthy pipeline reported count is 1
2020-06-10 23:32:30,322 [EventQueue-OpenPipelineForOneReplicaPipelineSafeModeRule] INFO  safemode.SCMSafeModeManager (SCMSafeModeManager.java:validateSafeModeExitRules(213)) - AtleastOneDatanodeReportedRule rule is successfully validated
2020-06-10 23:32:30,347 [pool-131-thread-1] INFO  server.RaftServerConfigKeys (ConfUtils.java:logGet(44)) - raft.server.log.statemachine.data.caching.enabled = true (custom)
2020-06-10 23:32:30,348 [pool-131-thread-1] INFO  segmented.SegmentedRaftLogWorker (SegmentedRaftLogWorker.java:lambda$new$0(129)) - 60999281-18f3-4685-a582-52e660a939f2@group-27B650E4FAAA-SegmentedRaftLogWorker: flushIndex: setUnconditionally 0 -> -1
2020-06-10 23:32:30,348 [pool-131-thread-1] INFO  segmented.SegmentedRaftLogWorker (SegmentedRaftLogWorker.java:lambda$new$0(129)) - 60999281-18f3-4685-a582-52e660a939f2@group-27B650E4FAAA-SegmentedRaftLogWorker: safeCacheEvictIndex: setUnconditionally 0 -> -1
2020-06-10 23:32:30,354 [pool-131-thread-1] INFO  server.RaftServerConfigKeys (ConfUtils.java:logGet(44)) - raft.server.snapshot.auto.trigger.enabled = true (custom)
2020-06-10 23:32:30,355 [pool-131-thread-1] INFO  server.RaftServerConfigKeys (ConfUtils.java:logGet(44)) - raft.server.snapshot.auto.trigger.threshold = 10000 (custom)
2020-06-10 23:32:30,355 [pool-131-thread-1] INFO  server.RaftServerConfigKeys (ConfUtils.java:logGet(44)) - raft.server.snapshot.retention.file.num = 5 (custom)
2020-06-10 23:32:30,356 [pool-131-thread-1] INFO  server.RaftServerConfigKeys (ConfUtils.java:logGet(44)) - raft.server.log.purge.upto.snapshot.index = false (default)
2020-06-10 23:32:30,368 [pool-115-thread-1] INFO  server.RaftServerConfigKeys (ConfUtils.java:logGet(44)) - raft.server.snapshot.auto.trigger.enabled = true (custom)
2020-06-10 23:32:30,368 [pool-115-thread-1] INFO  server.RaftServerConfigKeys (ConfUtils.java:logGet(44)) - raft.server.snapshot.auto.trigger.threshold = 10000 (custom)
2020-06-10 23:32:30,371 [pool-115-thread-1] INFO  server.RaftServerConfigKeys (ConfUtils.java:logGet(44)) - raft.server.snapshot.retention.file.num = 5 (custom)
2020-06-10 23:32:30,371 [pool-115-thread-1] INFO  server.RaftServerConfigKeys (ConfUtils.java:logGet(44)) - raft.server.log.purge.upto.snapshot.index = false (default)
2020-06-10 23:32:30,371 [pool-115-thread-1] INFO  server.RaftServerConfigKeys (ConfUtils.java:logGet(44)) - raft.server.retrycache.expirytime = 600000ms (custom)
2020-06-10 23:32:30,371 [pool-115-thread-1] INFO  metrics.RatisMetrics (RatisMetrics.java:lambda$create$0(36)) - Creating Metrics Registry : ratis.leader_election.868206e5-f05c-4376-a56d-5589c771f96d@group-5875A35477B4
2020-06-10 23:32:30,371 [pool-115-thread-1] INFO  metrics.RatisMetrics (RatisMetrics.java:lambda$create$0(36)) - Creating Metrics Registry : ratis.server.868206e5-f05c-4376-a56d-5589c771f96d@group-5875A35477B4
2020-06-10 23:32:30,372 [pool-115-thread-1] INFO  impl.RaftServerImpl (RaftServerImpl.java:start(186)) - 868206e5-f05c-4376-a56d-5589c771f96d@group-5875A35477B4: start as a follower, conf=-1: [e1213966-9098-4efb-a904-a4cb2a6fb33e:172.17.0.2:36871, 868206e5-f05c-4376-a56d-5589c771f96d:172.17.0.2:37567, 0a730c46-ee0f-4298-8093-6277af9a8f8e:172.17.0.2:44173], old=null
2020-06-10 23:32:30,372 [pool-115-thread-1] INFO  impl.RaftServerImpl (RaftServerImpl.java:setRole(175)) - 868206e5-f05c-4376-a56d-5589c771f96d@group-5875A35477B4: changes role from      null to FOLLOWER at term 0 for startAsFollower
2020-06-10 23:32:30,373 [pool-115-thread-1] INFO  impl.RoleInfo (RoleInfo.java:updateAndGet(143)) - 868206e5-f05c-4376-a56d-5589c771f96d: start FollowerState
2020-06-10 23:32:30,368 [pool-131-thread-1] INFO  server.RaftServerConfigKeys (ConfUtils.java:logGet(44)) - raft.server.retrycache.expirytime = 600000ms (custom)
2020-06-10 23:32:30,373 [pool-131-thread-1] INFO  metrics.RatisMetrics (RatisMetrics.java:lambda$create$0(36)) - Creating Metrics Registry : ratis.leader_election.60999281-18f3-4685-a582-52e660a939f2@group-27B650E4FAAA
2020-06-10 23:32:30,373 [pool-131-thread-1] INFO  metrics.RatisMetrics (RatisMetrics.java:lambda$create$0(36)) - Creating Metrics Registry : ratis.server.60999281-18f3-4685-a582-52e660a939f2@group-27B650E4FAAA
2020-06-10 23:32:30,374 [pool-131-thread-1] INFO  impl.RaftServerImpl (RaftServerImpl.java:start(186)) - 60999281-18f3-4685-a582-52e660a939f2@group-27B650E4FAAA: start as a follower, conf=-1: [60999281-18f3-4685-a582-52e660a939f2:172.17.0.2:41063], old=null
2020-06-10 23:32:30,374 [pool-131-thread-1] INFO  impl.RaftServerImpl (RaftServerImpl.java:setRole(175)) - 60999281-18f3-4685-a582-52e660a939f2@group-27B650E4FAAA: changes role from      null to FOLLOWER at term 0 for startAsFollower
2020-06-10 23:32:30,381 [pool-115-thread-1] INFO  util.JmxRegister (JmxRegister.java:tryRegister(44)) - Successfully registered JMX Bean with object name Ratis:service=RaftServer,group=group-5875A35477B4,id=868206e5-f05c-4376-a56d-5589c771f96d
2020-06-10 23:32:30,381 [pool-115-thread-1] INFO  metrics.RatisMetrics (RatisMetrics.java:lambda$create$0(36)) - Creating Metrics Registry : ratis.state_machine.868206e5-f05c-4376-a56d-5589c771f96d@group-5875A35477B4
2020-06-10 23:32:30,381 [pool-131-thread-1] INFO  impl.RoleInfo (RoleInfo.java:updateAndGet(143)) - 60999281-18f3-4685-a582-52e660a939f2: start FollowerState
2020-06-10 23:32:30,395 [pool-131-thread-1] INFO  util.JmxRegister (JmxRegister.java:tryRegister(44)) - Successfully registered JMX Bean with object name Ratis:service=RaftServer,group=group-27B650E4FAAA,id=60999281-18f3-4685-a582-52e660a939f2
2020-06-10 23:32:30,395 [pool-131-thread-1] INFO  metrics.RatisMetrics (RatisMetrics.java:lambda$create$0(36)) - Creating Metrics Registry : ratis.state_machine.60999281-18f3-4685-a582-52e660a939f2@group-27B650E4FAAA
2020-06-10 23:32:30,411 [Command processor thread] INFO  commandhandler.CreatePipelineCommandHandler (CreatePipelineCommandHandler.java:handle(109)) - Created Pipeline RATIS ONE #id: "0672b3c2-2119-42ac-b526-27b650e4faaa"
.
2020-06-10 23:32:30,857 [Command processor thread] INFO  commandhandler.CreatePipelineCommandHandler (CreatePipelineCommandHandler.java:handle(109)) - Created Pipeline RATIS THREE #id: "694f06a8-eccc-44d3-8729-5875a35477b4"
.
2020-06-10 23:32:30,858 [Command processor thread] INFO  impl.RaftServerProxy (RaftServerProxy.java:addNew(89)) - e1213966-9098-4efb-a904-a4cb2a6fb33e: addNew group-F6C1F47CF009:[e1213966-9098-4efb-a904-a4cb2a6fb33e:172.17.0.2:36871, 868206e5-f05c-4376-a56d-5589c771f96d:172.17.0.2:37567, 0a730c46-ee0f-4298-8093-6277af9a8f8e:172.17.0.2:44173] returns group-F6C1F47CF009:java.util.concurrent.CompletableFuture@33e65914[Not completed]
2020-06-10 23:32:30,859 [pool-99-thread-1] INFO  impl.RaftServerImpl (RaftServerImpl.java:<init>(99)) - e1213966-9098-4efb-a904-a4cb2a6fb33e: new RaftServerImpl for group-F6C1F47CF009:[e1213966-9098-4efb-a904-a4cb2a6fb33e:172.17.0.2:36871, 868206e5-f05c-4376-a56d-5589c771f96d:172.17.0.2:37567, 0a730c46-ee0f-4298-8093-6277af9a8f8e:172.17.0.2:44173] with ContainerStateMachine:uninitialized
2020-06-10 23:32:30,859 [pool-99-thread-1] INFO  server.RaftServerConfigKeys (ConfUtils.java:logGet(44)) - raft.server.rpc.timeout.min = 5s (custom)
2020-06-10 23:32:30,859 [pool-99-thread-1] INFO  server.RaftServerConfigKeys (ConfUtils.java:logGet(44)) - raft.server.rpc.timeout.max = 5200ms (custom)
2020-06-10 23:32:30,859 [pool-99-thread-1] INFO  server.RaftServerConfigKeys (ConfUtils.java:logGet(44)) - raft.server.rpcslowness.timeout = 300s (custom)
2020-06-10 23:32:30,859 [pool-99-thread-1] INFO  server.RaftServerConfigKeys (ConfUtils.java:logGet(44)) - raft.server.sleep.deviation.threshold = 300 (default)
2020-06-10 23:32:30,859 [pool-99-thread-1] INFO  server.RaftServerConfigKeys (ConfUtils.java:logGet(44)) - raft.server.log.appender.install.snapshot.enabled = false (custom)
2020-06-10 23:32:30,859 [pool-99-thread-1] INFO  impl.RaftServerImpl (ServerState.java:<init>(103)) - e1213966-9098-4efb-a904-a4cb2a6fb33e@group-F6C1F47CF009: ConfigurationManager, init=-1: [e1213966-9098-4efb-a904-a4cb2a6fb33e:172.17.0.2:36871, 868206e5-f05c-4376-a56d-5589c771f96d:172.17.0.2:37567, 0a730c46-ee0f-4298-8093-6277af9a8f8e:172.17.0.2:44173], old=null, confs=<EMPTY_MAP>
2020-06-10 23:32:30,859 [pool-99-thread-1] INFO  server.RaftServerConfigKeys (ConfUtils.java:logGet(44)) - raft.server.storage.dir = [/github/workspace/mnt/ozone/hadoop-ozone/integration-test/target/test-dir/MiniOzoneClusterImpl-8f60d98f-01ba-4335-ba92-853c1a5e70bb/datanode-4/data/ratis] (custom)
2020-06-10 23:32:30,860 [pool-99-thread-1] INFO  server.RaftServerConfigKeys (ConfUtils.java:logGet(44)) - raft.server.log.corruption.policy = EXCEPTION (default)
2020-06-10 23:32:30,860 [pool-99-thread-1] INFO  storage.RaftStorageDirectory (RaftStorageDirectory.java:analyzeStorage(261)) - The storage directory /github/workspace/mnt/ozone/hadoop-ozone/integration-test/target/test-dir/MiniOzoneClusterImpl-8f60d98f-01ba-4335-ba92-853c1a5e70bb/datanode-4/data/ratis/c8b61c3b-0ddb-42a0-aa57-f6c1f47cf009 does not exist. Creating ...
2020-06-10 23:32:30,863 [Command processor thread] INFO  commandhandler.CreatePipelineCommandHandler (CreatePipelineCommandHandler.java:handle(109)) - Created Pipeline RATIS THREE #id: "0c3dcd96-bd09-4ae5-9fb1-349f9bd86eac"
.
2020-06-10 23:32:30,863 [Command processor thread] INFO  impl.RaftServerProxy (RaftServerProxy.java:addNew(89)) - 1aa28a79-6085-416d-8460-1e98e8b061ff: addNew group-385C58906CEF:[1aa28a79-6085-416d-8460-1e98e8b061ff:172.17.0.2:39429, b166f10c-c404-4dcb-a087-ba4800654d2c:172.17.0.2:43565, c3c497a8-7dd5-4f0b-8431-82df52c157aa:172.17.0.2:43239] returns group-385C58906CEF:java.util.concurrent.CompletableFuture@530a755a[Not completed]
2020-06-10 23:32:30,864 [pool-99-thread-1] INFO  storage.RaftStorageDirectory (RaftStorageDirectory.java:tryLock(343)) - Lock on /github/workspace/mnt/ozone/hadoop-ozone/integration-test/target/test-dir/MiniOzoneClusterImpl-8f60d98f-01ba-4335-ba92-853c1a5e70bb/datanode-4/data/ratis/c8b61c3b-0ddb-42a0-aa57-f6c1f47cf009/in_use.lock acquired by nodename 12521@be5d1cd46157
2020-06-10 23:32:30,864 [pool-51-thread-1] INFO  impl.RaftServerImpl (RaftServerImpl.java:<init>(99)) - 1aa28a79-6085-416d-8460-1e98e8b061ff: new RaftServerImpl for group-385C58906CEF:[1aa28a79-6085-416d-8460-1e98e8b061ff:172.17.0.2:39429, b166f10c-c404-4dcb-a087-ba4800654d2c:172.17.0.2:43565, c3c497a8-7dd5-4f0b-8431-82df52c157aa:172.17.0.2:43239] with ContainerStateMachine:uninitialized
2020-06-10 23:32:30,864 [pool-51-thread-1] INFO  server.RaftServerConfigKeys (ConfUtils.java:logGet(44)) - raft.server.rpc.timeout.min = 5s (custom)
2020-06-10 23:32:30,864 [pool-51-thread-1] INFO  server.RaftServerConfigKeys (ConfUtils.java:logGet(44)) - raft.server.rpc.timeout.max = 5200ms (custom)
2020-06-10 23:32:30,864 [pool-51-thread-1] INFO  server.RaftServerConfigKeys (ConfUtils.java:logGet(44)) - raft.server.rpcslowness.timeout = 300s (custom)
2020-06-10 23:32:30,865 [pool-51-thread-1] INFO  server.RaftServerConfigKeys (ConfUtils.java:logGet(44)) - raft.server.sleep.deviation.threshold = 300 (default)
2020-06-10 23:32:30,865 [pool-51-thread-1] INFO  server.RaftServerConfigKeys (ConfUtils.java:logGet(44)) - raft.server.log.appender.install.snapshot.enabled = false (custom)
2020-06-10 23:32:30,865 [pool-51-thread-1] INFO  impl.RaftServerImpl (ServerState.java:<init>(103)) - 1aa28a79-6085-416d-8460-1e98e8b061ff@group-385C58906CEF: ConfigurationManager, init=-1: [1aa28a79-6085-416d-8460-1e98e8b061ff:172.17.0.2:39429, b166f10c-c404-4dcb-a087-ba4800654d2c:172.17.0.2:43565, c3c497a8-7dd5-4f0b-8431-82df52c157aa:172.17.0.2:43239], old=null, confs=<EMPTY_MAP>
2020-06-10 23:32:30,865 [pool-51-thread-1] INFO  server.RaftServerConfigKeys (ConfUtils.java:logGet(44)) - raft.server.storage.dir = [/github/workspace/mnt/ozone/hadoop-ozone/integration-test/target/test-dir/MiniOzoneClusterImpl-8f60d98f-01ba-4335-ba92-853c1a5e70bb/datanode-1/data/ratis] (custom)
2020-06-10 23:32:30,865 [pool-99-thread-1] INFO  storage.RaftStorage (RaftStorage.java:format(84)) - Storage directory /github/workspace/mnt/ozone/hadoop-ozone/integration-test/target/test-dir/MiniOzoneClusterImpl-8f60d98f-01ba-4335-ba92-853c1a5e70bb/datanode-4/data/ratis/c8b61c3b-0ddb-42a0-aa57-f6c1f47cf009 has been successfully formatted.
2020-06-10 23:32:30,865 [pool-51-thread-1] INFO  server.RaftServerConfigKeys (ConfUtils.java:logGet(44)) - raft.server.log.corruption.policy = EXCEPTION (default)
2020-06-10 23:32:30,865 [pool-51-thread-1] INFO  storage.RaftStorageDirectory (RaftStorageDirectory.java:analyzeStorage(261)) - The storage directory /github/workspace/mnt/ozone/hadoop-ozone/integration-test/target/test-dir/MiniOzoneClusterImpl-8f60d98f-01ba-4335-ba92-853c1a5e70bb/datanode-1/data/ratis/9e006b21-cea1-48fa-a139-385c58906cef does not exist. Creating ...
2020-06-10 23:32:30,866 [pool-99-thread-1] INFO  ratis.ContainerStateMachine (ContainerStateMachine.java:loadSnapshot(226)) - group-F6C1F47CF009: The snapshot info is null. Setting the last applied indexto:(t:0, i:~)
2020-06-10 23:32:30,866 [pool-99-thread-1] INFO  server.RaftServerConfigKeys (ConfUtils.java:logGet(44)) - raft.server.notification.no-leader.timeout = 60s (default)
2020-06-10 23:32:30,866 [pool-99-thread-1] INFO  server.RaftServerConfigKeys (ConfUtils.java:logGet(44)) - raft.server.log.use.memory = false (default)
2020-06-10 23:32:30,866 [pool-99-thread-1] INFO  server.RaftServerConfigKeys (ConfUtils.java:logGet(44)) - raft.server.log.purge.gap = 1000000 (custom)
2020-06-10 23:32:30,866 [pool-99-thread-1] INFO  server.RaftServerConfigKeys (ConfUtils.java:logGet(44)) - raft.server.log.appender.buffer.byte-limit = 33554432 (custom)
2020-06-10 23:32:30,866 [pool-99-thread-1] INFO  server.RaftServerConfigKeys (ConfUtils.java:logGet(44)) - raft.server.log.segment.size.max = 1048576 (custom)
2020-06-10 23:32:30,866 [pool-99-thread-1] INFO  metrics.RatisMetrics (RatisMetrics.java:lambda$create$0(36)) - Creating Metrics Registry : ratis.log_worker.e1213966-9098-4efb-a904-a4cb2a6fb33e@group-F6C1F47CF009
2020-06-10 23:32:30,867 [pool-99-thread-1] INFO  server.RaftServerConfigKeys (ConfUtils.java:logGet(44)) - raft.server.log.segment.cache.num.max = 2 (custom)
2020-06-10 23:32:30,867 [pool-99-thread-1] INFO  segmented.SegmentedRaftLogWorker (SegmentedRaftLogWorker.java:<init>(180)) - new e1213966-9098-4efb-a904-a4cb2a6fb33e@group-F6C1F47CF009-SegmentedRaftLogWorker for RaftStorage:Storage Directory /github/workspace/mnt/ozone/hadoop-ozone/integration-test/target/test-dir/MiniOzoneClusterImpl-8f60d98f-01ba-4335-ba92-853c1a5e70bb/datanode-4/data/ratis/c8b61c3b-0ddb-42a0-aa57-f6c1f47cf009
2020-06-10 23:32:30,867 [pool-99-thread-1] INFO  server.RaftServerConfigKeys (ConfUtils.java:logGet(44)) - raft.server.log.queue.byte-limit = 2147483647 (custom)
2020-06-10 23:32:30,867 [pool-99-thread-1] INFO  server.RaftServerConfigKeys (ConfUtils.java:logGet(44)) - raft.server.log.queue.element-limit = 1024 (custom)
2020-06-10 23:32:30,868 [pool-99-thread-1] INFO  server.RaftServerConfigKeys (ConfUtils.java:logGet(44)) - raft.server.log.segment.size.max = 1048576 (custom)
2020-06-10 23:32:30,868 [pool-99-thread-1] INFO  server.RaftServerConfigKeys (ConfUtils.java:logGet(44)) - raft.server.log.preallocated.size = 16384 (custom)
2020-06-10 23:32:30,872 [Command processor thread] INFO  commandhandler.CreatePipelineCommandHandler (CreatePipelineCommandHandler.java:handle(109)) - Created Pipeline RATIS THREE #id: "694f06a8-eccc-44d3-8729-5875a35477b4"
.
2020-06-10 23:32:30,875 [Command processor thread] INFO  impl.RaftServerProxy (RaftServerProxy.java:addNew(89)) - 868206e5-f05c-4376-a56d-5589c771f96d: addNew group-F6C1F47CF009:[e1213966-9098-4efb-a904-a4cb2a6fb33e:172.17.0.2:36871, 868206e5-f05c-4376-a56d-5589c771f96d:172.17.0.2:37567, 0a730c46-ee0f-4298-8093-6277af9a8f8e:172.17.0.2:44173] returns group-F6C1F47CF009:java.util.concurrent.CompletableFuture@5bd96a1f[Not completed]
2020-06-10 23:32:30,870 [pool-51-thread-1] INFO  storage.RaftStorageDirectory (RaftStorageDirectory.java:tryLock(343)) - Lock on /github/workspace/mnt/ozone/hadoop-ozone/integration-test/target/test-dir/MiniOzoneClusterImpl-8f60d98f-01ba-4335-ba92-853c1a5e70bb/datanode-1/data/ratis/9e006b21-cea1-48fa-a139-385c58906cef/in_use.lock acquired by nodename 12521@be5d1cd46157
2020-06-10 23:32:30,869 [Command processor thread] INFO  commandhandler.CreatePipelineCommandHandler (CreatePipelineCommandHandler.java:handle(109)) - Created Pipeline RATIS THREE #id: "694f06a8-eccc-44d3-8729-5875a35477b4"
.
2020-06-10 23:32:30,876 [pool-115-thread-1] INFO  impl.RaftServerImpl (RaftServerImpl.java:<init>(99)) - 868206e5-f05c-4376-a56d-5589c771f96d: new RaftServerImpl for group-F6C1F47CF009:[e1213966-9098-4efb-a904-a4cb2a6fb33e:172.17.0.2:36871, 868206e5-f05c-4376-a56d-5589c771f96d:172.17.0.2:37567, 0a730c46-ee0f-4298-8093-6277af9a8f8e:172.17.0.2:44173] with ContainerStateMachine:uninitialized
2020-06-10 23:32:30,876 [pool-115-thread-1] INFO  server.RaftServerConfigKeys (ConfUtils.java:logGet(44)) - raft.server.rpc.timeout.min = 5s (custom)
2020-06-10 23:32:30,876 [Command processor thread] INFO  impl.RaftServerProxy (RaftServerProxy.java:addNew(89)) - 0a730c46-ee0f-4298-8093-6277af9a8f8e: addNew group-F6C1F47CF009:[e1213966-9098-4efb-a904-a4cb2a6fb33e:172.17.0.2:36871, 868206e5-f05c-4376-a56d-5589c771f96d:172.17.0.2:37567, 0a730c46-ee0f-4298-8093-6277af9a8f8e:172.17.0.2:44173] returns group-F6C1F47CF009:java.util.concurrent.CompletableFuture@1031dc3[Not completed]
2020-06-10 23:32:30,874 [Command processor thread] INFO  commandhandler.CreatePipelineCommandHandler (CreatePipelineCommandHandler.java:handle(109)) - Created Pipeline RATIS THREE #id: "0c3dcd96-bd09-4ae5-9fb1-349f9bd86eac"
.
2020-06-10 23:32:30,877 [Command processor thread] INFO  impl.RaftServerProxy (RaftServerProxy.java:addNew(89)) - b166f10c-c404-4dcb-a087-ba4800654d2c: addNew group-385C58906CEF:[1aa28a79-6085-416d-8460-1e98e8b061ff:172.17.0.2:39429, b166f10c-c404-4dcb-a087-ba4800654d2c:172.17.0.2:43565, c3c497a8-7dd5-4f0b-8431-82df52c157aa:172.17.0.2:43239] returns group-385C58906CEF:java.util.concurrent.CompletableFuture@4dc44c1e[Not completed]
2020-06-10 23:32:30,877 [pool-83-thread-1] INFO  impl.RaftServerImpl (RaftServerImpl.java:<init>(99)) - 0a730c46-ee0f-4298-8093-6277af9a8f8e: new RaftServerImpl for group-F6C1F47CF009:[e1213966-9098-4efb-a904-a4cb2a6fb33e:172.17.0.2:36871, 868206e5-f05c-4376-a56d-5589c771f96d:172.17.0.2:37567, 0a730c46-ee0f-4298-8093-6277af9a8f8e:172.17.0.2:44173] with ContainerStateMachine:uninitialized
2020-06-10 23:32:30,877 [pool-83-thread-1] INFO  server.RaftServerConfigKeys (ConfUtils.java:logGet(44)) - raft.server.rpc.timeout.min = 5s (custom)
2020-06-10 23:32:30,877 [pool-83-thread-1] INFO  server.RaftServerConfigKeys (ConfUtils.java:logGet(44)) - raft.server.rpc.timeout.max = 5200ms (custom)
2020-06-10 23:32:30,874 [Command processor thread] INFO  commandhandler.CreatePipelineCommandHandler (CreatePipelineCommandHandler.java:handle(109)) - Created Pipeline RATIS THREE #id: "0c3dcd96-bd09-4ae5-9fb1-349f9bd86eac"
.
2020-06-10 23:32:30,878 [Command processor thread] INFO  impl.RaftServerProxy (RaftServerProxy.java:addNew(89)) - c3c497a8-7dd5-4f0b-8431-82df52c157aa: addNew group-385C58906CEF:[1aa28a79-6085-416d-8460-1e98e8b061ff:172.17.0.2:39429, b166f10c-c404-4dcb-a087-ba4800654d2c:172.17.0.2:43565, c3c497a8-7dd5-4f0b-8431-82df52c157aa:172.17.0.2:43239] returns group-385C58906CEF:java.util.concurrent.CompletableFuture@3e900555[Not completed]
2020-06-10 23:32:30,878 [pool-35-thread-1] INFO  impl.RaftServerImpl (RaftServerImpl.java:<init>(99)) - b166f10c-c404-4dcb-a087-ba4800654d2c: new RaftServerImpl for group-385C58906CEF:[1aa28a79-6085-416d-8460-1e98e8b061ff:172.17.0.2:39429, b166f10c-c404-4dcb-a087-ba4800654d2c:172.17.0.2:43565, c3c497a8-7dd5-4f0b-8431-82df52c157aa:172.17.0.2:43239] with ContainerStateMachine:uninitialized
2020-06-10 23:32:30,878 [pool-35-thread-1] INFO  server.RaftServerConfigKeys (ConfUtils.java:logGet(44)) - raft.server.rpc.timeout.min = 5s (custom)
2020-06-10 23:32:30,879 [pool-35-thread-1] INFO  server.RaftServerConfigKeys (ConfUtils.java:logGet(44)) - raft.server.rpc.timeout.max = 5200ms (custom)
2020-06-10 23:32:30,879 [pool-35-thread-1] INFO  server.RaftServerConfigKeys (ConfUtils.java:logGet(44)) - raft.server.rpcslowness.timeout = 300s (custom)
2020-06-10 23:32:30,879 [pool-35-thread-1] INFO  server.RaftServerConfigKeys (ConfUtils.java:logGet(44)) - raft.server.sleep.deviation.threshold = 300 (default)
2020-06-10 23:32:30,879 [pool-35-thread-1] INFO  server.RaftServerConfigKeys (ConfUtils.java:logGet(44)) - raft.server.log.appender.install.snapshot.enabled = false (custom)
2020-06-10 23:32:30,879 [pool-35-thread-1] INFO  impl.RaftServerImpl (ServerState.java:<init>(103)) - b166f10c-c404-4dcb-a087-ba4800654d2c@group-385C58906CEF: ConfigurationManager, init=-1: [1aa28a79-6085-416d-8460-1e98e8b061ff:172.17.0.2:39429, b166f10c-c404-4dcb-a087-ba4800654d2c:172.17.0.2:43565, c3c497a8-7dd5-4f0b-8431-82df52c157aa:172.17.0.2:43239], old=null, confs=<EMPTY_MAP>
2020-06-10 23:32:30,879 [pool-35-thread-1] INFO  server.RaftServerConfigKeys (ConfUtils.java:logGet(44)) - raft.server.storage.dir = [/github/workspace/mnt/ozone/hadoop-ozone/integration-test/target/test-dir/MiniOzoneClusterImpl-8f60d98f-01ba-4335-ba92-853c1a5e70bb/datanode-0/data/ratis] (custom)
2020-06-10 23:32:30,880 [pool-67-thread-1] INFO  impl.RaftServerImpl (RaftServerImpl.java:<init>(99)) - c3c497a8-7dd5-4f0b-8431-82df52c157aa: new RaftServerImpl for group-385C58906CEF:[1aa28a79-6085-416d-8460-1e98e8b061ff:172.17.0.2:39429, b166f10c-c404-4dcb-a087-ba4800654d2c:172.17.0.2:43565, c3c497a8-7dd5-4f0b-8431-82df52c157aa:172.17.0.2:43239] with ContainerStateMachine:uninitialized
2020-06-10 23:32:30,880 [pool-67-thread-1] INFO  server.RaftServerConfigKeys (ConfUtils.java:logGet(44)) - raft.server.rpc.timeout.min = 5s (custom)
2020-06-10 23:32:30,880 [pool-67-thread-1] INFO  server.RaftServerConfigKeys (ConfUtils.java:logGet(44)) - raft.server.rpc.timeout.max = 5200ms (custom)
2020-06-10 23:32:30,880 [pool-67-thread-1] INFO  server.RaftServerConfigKeys (ConfUtils.java:logGet(44)) - raft.server.rpcslowness.timeout = 300s (custom)
2020-06-10 23:32:30,880 [pool-67-thread-1] INFO  server.RaftServerConfigKeys (ConfUtils.java:logGet(44)) - raft.server.sleep.deviation.threshold = 300 (default)
2020-06-10 23:32:30,880 [pool-67-thread-1] INFO  server.RaftServerConfigKeys (ConfUtils.java:logGet(44)) - raft.server.log.appender.install.snapshot.enabled = false (custom)
2020-06-10 23:32:30,880 [pool-67-thread-1] INFO  impl.RaftServerImpl (ServerState.java:<init>(103)) - c3c497a8-7dd5-4f0b-8431-82df52c157aa@group-385C58906CEF: ConfigurationManager, init=-1: [1aa28a79-6085-416d-8460-1e98e8b061ff:172.17.0.2:39429, b166f10c-c404-4dcb-a087-ba4800654d2c:172.17.0.2:43565, c3c497a8-7dd5-4f0b-8431-82df52c157aa:172.17.0.2:43239], old=null, confs=<EMPTY_MAP>
2020-06-10 23:32:30,880 [pool-35-thread-1] INFO  server.RaftServerConfigKeys (ConfUtils.java:logGet(44)) - raft.server.log.corruption.policy = EXCEPTION (default)
2020-06-10 23:32:30,880 [pool-35-thread-1] INFO  storage.RaftStorageDirectory (RaftStorageDirectory.java:analyzeStorage(261)) - The storage directory /github/workspace/mnt/ozone/hadoop-ozone/integration-test/target/test-dir/MiniOzoneClusterImpl-8f60d98f-01ba-4335-ba92-853c1a5e70bb/datanode-0/data/ratis/9e006b21-cea1-48fa-a139-385c58906cef does not exist. Creating ...
2020-06-10 23:32:30,873 [pool-99-thread-1] INFO  server.RaftServerConfigKeys (ConfUtils.java:logGet(44)) - raft.server.log.write.buffer.size = 1048576 (custom)
2020-06-10 23:32:30,880 [pool-67-thread-1] INFO  server.RaftServerConfigKeys (ConfUtils.java:logGet(44)) - raft.server.storage.dir = [/github/workspace/mnt/ozone/hadoop-ozone/integration-test/target/test-dir/MiniOzoneClusterImpl-8f60d98f-01ba-4335-ba92-853c1a5e70bb/datanode-2/data/ratis] (custom)
2020-06-10 23:32:30,881 [pool-67-thread-1] INFO  server.RaftServerConfigKeys (ConfUtils.java:logGet(44)) - raft.server.log.corruption.policy = EXCEPTION (default)
2020-06-10 23:32:30,877 [pool-83-thread-1] INFO  server.RaftServerConfigKeys (ConfUtils.java:logGet(44)) - raft.server.rpcslowness.timeout = 300s (custom)
2020-06-10 23:32:30,882 [pool-83-thread-1] INFO  server.RaftServerConfigKeys (ConfUtils.java:logGet(44)) - raft.server.sleep.deviation.threshold = 300 (default)
2020-06-10 23:32:30,882 [pool-83-thread-1] INFO  server.RaftServerConfigKeys (ConfUtils.java:logGet(44)) - raft.server.log.appender.install.snapshot.enabled = false (custom)
2020-06-10 23:32:30,882 [pool-83-thread-1] INFO  impl.RaftServerImpl (ServerState.java:<init>(103)) - 0a730c46-ee0f-4298-8093-6277af9a8f8e@group-F6C1F47CF009: ConfigurationManager, init=-1: [e1213966-9098-4efb-a904-a4cb2a6fb33e:172.17.0.2:36871, 868206e5-f05c-4376-a56d-5589c771f96d:172.17.0.2:37567, 0a730c46-ee0f-4298-8093-6277af9a8f8e:172.17.0.2:44173], old=null, confs=<EMPTY_MAP>
2020-06-10 23:32:30,882 [pool-83-thread-1] INFO  server.RaftServerConfigKeys (ConfUtils.java:logGet(44)) - raft.server.storage.dir = [/github/workspace/mnt/ozone/hadoop-ozone/integration-test/target/test-dir/MiniOzoneClusterImpl-8f60d98f-01ba-4335-ba92-853c1a5e70bb/datanode-3/data/ratis] (custom)
2020-06-10 23:32:30,882 [pool-83-thread-1] INFO  server.RaftServerConfigKeys (ConfUtils.java:logGet(44)) - raft.server.log.corruption.policy = EXCEPTION (default)
2020-06-10 23:32:30,882 [pool-83-thread-1] INFO  storage.RaftStorageDirectory (RaftStorageDirectory.java:analyzeStorage(261)) - The storage directory /github/workspace/mnt/ozone/hadoop-ozone/integration-test/target/test-dir/MiniOzoneClusterImpl-8f60d98f-01ba-4335-ba92-853c1a5e70bb/datanode-3/data/ratis/c8b61c3b-0ddb-42a0-aa57-f6c1f47cf009 does not exist. Creating ...
2020-06-10 23:32:30,876 [pool-115-thread-1] INFO  server.RaftServerConfigKeys (ConfUtils.java:logGet(44)) - raft.server.rpc.timeout.max = 5200ms (custom)
2020-06-10 23:32:30,882 [pool-51-thread-1] INFO  storage.RaftStorage (RaftStorage.java:format(84)) - Storage directory /github/workspace/mnt/ozone/hadoop-ozone/integration-test/target/test-dir/MiniOzoneClusterImpl-8f60d98f-01ba-4335-ba92-853c1a5e70bb/datanode-1/data/ratis/9e006b21-cea1-48fa-a139-385c58906cef has been successfully formatted.
2020-06-10 23:32:30,883 [pool-51-thread-1] INFO  ratis.ContainerStateMachine (ContainerStateMachine.java:loadSnapshot(226)) - group-385C58906CEF: The snapshot info is null. Setting the last applied indexto:(t:0, i:~)
2020-06-10 23:32:30,883 [pool-51-thread-1] INFO  server.RaftServerConfigKeys (ConfUtils.java:logGet(44)) - raft.server.notification.no-leader.timeout = 60s (default)
2020-06-10 23:32:30,883 [pool-51-thread-1] INFO  server.RaftServerConfigKeys (ConfUtils.java:logGet(44)) - raft.server.log.use.memory = false (default)
2020-06-10 23:32:30,883 [pool-51-thread-1] INFO  server.RaftServerConfigKeys (ConfUtils.java:logGet(44)) - raft.server.log.purge.gap = 1000000 (custom)
2020-06-10 23:32:30,883 [pool-51-thread-1] INFO  server.RaftServerConfigKeys (ConfUtils.java:logGet(44)) - raft.server.log.appender.buffer.byte-limit = 33554432 (custom)
2020-06-10 23:32:30,883 [pool-51-thread-1] INFO  server.RaftServerConfigKeys (ConfUtils.java:logGet(44)) - raft.server.log.segment.size.max = 1048576 (custom)
2020-06-10 23:32:30,883 [pool-51-thread-1] INFO  metrics.RatisMetrics (RatisMetrics.java:lambda$create$0(36)) - Creating Metrics Registry : ratis.log_worker.1aa28a79-6085-416d-8460-1e98e8b061ff@group-385C58906CEF
2020-06-10 23:32:30,884 [pool-51-thread-1] INFO  server.RaftServerConfigKeys (ConfUtils.java:logGet(44)) - raft.server.log.segment.cache.num.max = 2 (custom)
2020-06-10 23:32:30,884 [pool-51-thread-1] INFO  segmented.SegmentedRaftLogWorker (SegmentedRaftLogWorker.java:<init>(180)) - new 1aa28a79-6085-416d-8460-1e98e8b061ff@group-385C58906CEF-SegmentedRaftLogWorker for RaftStorage:Storage Directory /github/workspace/mnt/ozone/hadoop-ozone/integration-test/target/test-dir/MiniOzoneClusterImpl-8f60d98f-01ba-4335-ba92-853c1a5e70bb/datanode-1/data/ratis/9e006b21-cea1-48fa-a139-385c58906cef
2020-06-10 23:32:30,884 [pool-51-thread-1] INFO  server.RaftServerConfigKeys (ConfUtils.java:logGet(44)) - raft.server.log.queue.byte-limit = 2147483647 (custom)
2020-06-10 23:32:30,884 [pool-51-thread-1] INFO  server.RaftServerConfigKeys (ConfUtils.java:logGet(44)) - raft.server.log.queue.element-limit = 1024 (custom)
2020-06-10 23:32:30,884 [pool-51-thread-1] INFO  server.RaftServerConfigKeys (ConfUtils.java:logGet(44)) - raft.server.log.segment.size.max = 1048576 (custom)
2020-06-10 23:32:30,884 [pool-51-thread-1] INFO  server.RaftServerConfigKeys (ConfUtils.java:logGet(44)) - raft.server.log.preallocated.size = 16384 (custom)
2020-06-10 23:32:30,884 [pool-51-thread-1] INFO  server.RaftServerConfigKeys (ConfUtils.java:logGet(44)) - raft.server.log.write.buffer.size = 1048576 (custom)
2020-06-10 23:32:30,884 [pool-51-thread-1] INFO  server.RaftServerConfigKeys (ConfUtils.java:logGet(44)) - raft.server.log.force.sync.num = 128 (default)
2020-06-10 23:32:30,884 [pool-51-thread-1] INFO  server.RaftServerConfigKeys (ConfUtils.java:logGet(44)) - raft.server.log.statemachine.data.sync = true (default)
2020-06-10 23:32:30,884 [pool-51-thread-1] INFO  server.RaftServerConfigKeys (ConfUtils.java:logGet(44)) - raft.server.log.statemachine.data.sync.timeout = 10s (default)
2020-06-10 23:32:30,884 [pool-51-thread-1] INFO  server.RaftServerConfigKeys (ConfUtils.java:logGet(44)) - raft.server.log.statemachine.data.sync.timeout.retry = -1 (default)
2020-06-10 23:32:30,885 [pool-83-thread-1] INFO  storage.RaftStorageDirectory (RaftStorageDirectory.java:tryLock(343)) - Lock on /github/workspace/mnt/ozone/hadoop-ozone/integration-test/target/test-dir/MiniOzoneClusterImpl-8f60d98f-01ba-4335-ba92-853c1a5e70bb/datanode-3/data/ratis/c8b61c3b-0ddb-42a0-aa57-f6c1f47cf009/in_use.lock acquired by nodename 12521@be5d1cd46157
2020-06-10 23:32:30,886 [pool-51-thread-1] INFO  server.RaftServerConfigKeys (ConfUtils.java:logGet(44)) - raft.server.log.statemachine.data.caching.enabled = true (custom)
2020-06-10 23:32:30,886 [pool-51-thread-1] INFO  segmented.SegmentedRaftLogWorker (SegmentedRaftLogWorker.java:lambda$new$0(129)) - 1aa28a79-6085-416d-8460-1e98e8b061ff@group-385C58906CEF-SegmentedRaftLogWorker: flushIndex: setUnconditionally 0 -> -1
2020-06-10 23:32:30,886 [pool-51-thread-1] INFO  segmented.SegmentedRaftLogWorker (SegmentedRaftLogWorker.java:lambda$new$0(129)) - 1aa28a79-6085-416d-8460-1e98e8b061ff@group-385C58906CEF-SegmentedRaftLogWorker: safeCacheEvictIndex: setUnconditionally 0 -> -1
2020-06-10 23:32:30,882 [pool-35-thread-1] INFO  storage.RaftStorageDirectory (RaftStorageDirectory.java:tryLock(343)) - Lock on /github/workspace/mnt/ozone/hadoop-ozone/integration-test/target/test-dir/MiniOzoneClusterImpl-8f60d98f-01ba-4335-ba92-853c1a5e70bb/datanode-0/data/ratis/9e006b21-cea1-48fa-a139-385c58906cef/in_use.lock acquired by nodename 12521@be5d1cd46157
2020-06-10 23:32:30,881 [pool-99-thread-1] INFO  server.RaftServerConfigKeys (ConfUtils.java:logGet(44)) - raft.server.log.force.sync.num = 128 (default)
2020-06-10 23:32:30,888 [pool-99-thread-1] INFO  server.RaftServerConfigKeys (ConfUtils.java:logGet(44)) - raft.server.log.statemachine.data.sync = true (default)
2020-06-10 23:32:30,888 [pool-99-thread-1] INFO  server.RaftServerConfigKeys (ConfUtils.java:logGet(44)) - raft.server.log.statemachine.data.sync.timeout = 10s (default)
2020-06-10 23:32:30,883 [pool-67-thread-1] INFO  storage.RaftStorageDirectory (RaftStorageDirectory.java:analyzeStorage(261)) - The storage directory /github/workspace/mnt/ozone/hadoop-ozone/integration-test/target/test-dir/MiniOzoneClusterImpl-8f60d98f-01ba-4335-ba92-853c1a5e70bb/datanode-2/data/ratis/9e006b21-cea1-48fa-a139-385c58906cef does not exist. Creating ...
2020-06-10 23:32:30,888 [pool-35-thread-1] INFO  storage.RaftStorage (RaftStorage.java:format(84)) - Storage directory /github/workspace/mnt/ozone/hadoop-ozone/integration-test/target/test-dir/MiniOzoneClusterImpl-8f60d98f-01ba-4335-ba92-853c1a5e70bb/datanode-0/data/ratis/9e006b21-cea1-48fa-a139-385c58906cef has been successfully formatted.
2020-06-10 23:32:30,883 [pool-115-thread-1] INFO  server.RaftServerConfigKeys (ConfUtils.java:logGet(44)) - raft.server.rpcslowness.timeout = 300s (custom)
2020-06-10 23:32:30,889 [pool-115-thread-1] INFO  server.RaftServerConfigKeys (ConfUtils.java:logGet(44)) - raft.server.sleep.deviation.threshold = 300 (default)
2020-06-10 23:32:30,889 [pool-115-thread-1] INFO  server.RaftServerConfigKeys (ConfUtils.java:logGet(44)) - raft.server.log.appender.install.snapshot.enabled = false (custom)
2020-06-10 23:32:30,888 [pool-99-thread-1] INFO  server.RaftServerConfigKeys (ConfUtils.java:logGet(44)) - raft.server.log.statemachine.data.sync.timeout.retry = -1 (default)
2020-06-10 23:32:30,888 [pool-83-thread-1] INFO  storage.RaftStorage (RaftStorage.java:format(84)) - Storage directory /github/workspace/mnt/ozone/hadoop-ozone/integration-test/target/test-dir/MiniOzoneClusterImpl-8f60d98f-01ba-4335-ba92-853c1a5e70bb/datanode-3/data/ratis/c8b61c3b-0ddb-42a0-aa57-f6c1f47cf009 has been successfully formatted.
2020-06-10 23:32:30,889 [pool-115-thread-1] INFO  impl.RaftServerImpl (ServerState.java:<init>(103)) - 868206e5-f05c-4376-a56d-5589c771f96d@group-F6C1F47CF009: ConfigurationManager, init=-1: [e1213966-9098-4efb-a904-a4cb2a6fb33e:172.17.0.2:36871, 868206e5-f05c-4376-a56d-5589c771f96d:172.17.0.2:37567, 0a730c46-ee0f-4298-8093-6277af9a8f8e:172.17.0.2:44173], old=null, confs=<EMPTY_MAP>
2020-06-10 23:32:30,889 [pool-115-thread-1] INFO  server.RaftServerConfigKeys (ConfUtils.java:logGet(44)) - raft.server.storage.dir = [/github/workspace/mnt/ozone/hadoop-ozone/integration-test/target/test-dir/MiniOzoneClusterImpl-8f60d98f-01ba-4335-ba92-853c1a5e70bb/datanode-5/data/ratis] (custom)
2020-06-10 23:32:30,890 [pool-115-thread-1] INFO  server.RaftServerConfigKeys (ConfUtils.java:logGet(44)) - raft.server.log.corruption.policy = EXCEPTION (default)
2020-06-10 23:32:30,890 [pool-115-thread-1] INFO  storage.RaftStorageDirectory (RaftStorageDirectory.java:analyzeStorage(261)) - The storage directory /github/workspace/mnt/ozone/hadoop-ozone/integration-test/target/test-dir/MiniOzoneClusterImpl-8f60d98f-01ba-4335-ba92-853c1a5e70bb/datanode-5/data/ratis/c8b61c3b-0ddb-42a0-aa57-f6c1f47cf009 does not exist. Creating ...
2020-06-10 23:32:30,893 [pool-115-thread-1] INFO  storage.RaftStorageDirectory (RaftStorageDirectory.java:tryLock(343)) - Lock on /github/workspace/mnt/ozone/hadoop-ozone/integration-test/target/test-dir/MiniOzoneClusterImpl-8f60d98f-01ba-4335-ba92-853c1a5e70bb/datanode-5/data/ratis/c8b61c3b-0ddb-42a0-aa57-f6c1f47cf009/in_use.lock acquired by nodename 12521@be5d1cd46157
2020-06-10 23:32:30,893 [pool-67-thread-1] INFO  storage.RaftStorageDirectory (RaftStorageDirectory.java:tryLock(343)) - Lock on /github/workspace/mnt/ozone/hadoop-ozone/integration-test/target/test-dir/MiniOzoneClusterImpl-8f60d98f-01ba-4335-ba92-853c1a5e70bb/datanode-2/data/ratis/9e006b21-cea1-48fa-a139-385c58906cef/in_use.lock acquired by nodename 12521@be5d1cd46157
2020-06-10 23:32:30,894 [pool-83-thread-1] INFO  ratis.ContainerStateMachine (ContainerStateMachine.java:loadSnapshot(226)) - group-F6C1F47CF009: The snapshot info is null. Setting the last applied indexto:(t:0, i:~)
2020-06-10 23:32:30,894 [pool-83-thread-1] INFO  server.RaftServerConfigKeys (ConfUtils.java:logGet(44)) - raft.server.notification.no-leader.timeout = 60s (default)
2020-06-10 23:32:30,894 [pool-83-thread-1] INFO  server.RaftServerConfigKeys (ConfUtils.java:logGet(44)) - raft.server.log.use.memory = false (default)
2020-06-10 23:32:30,894 [pool-83-thread-1] INFO  server.RaftServerConfigKeys (ConfUtils.java:logGet(44)) - raft.server.log.purge.gap = 1000000 (custom)
2020-06-10 23:32:30,894 [pool-83-thread-1] INFO  server.RaftServerConfigKeys (ConfUtils.java:logGet(44)) - raft.server.log.appender.buffer.byte-limit = 33554432 (custom)
2020-06-10 23:32:30,895 [pool-83-thread-1] INFO  server.RaftServerConfigKeys (ConfUtils.java:logGet(44)) - raft.server.log.segment.size.max = 1048576 (custom)
2020-06-10 23:32:30,895 [pool-83-thread-1] INFO  metrics.RatisMetrics (RatisMetrics.java:lambda$create$0(36)) - Creating Metrics Registry : ratis.log_worker.0a730c46-ee0f-4298-8093-6277af9a8f8e@group-F6C1F47CF009
2020-06-10 23:32:30,895 [pool-83-thread-1] INFO  server.RaftServerConfigKeys (ConfUtils.java:logGet(44)) - raft.server.log.segment.cache.num.max = 2 (custom)
2020-06-10 23:32:30,895 [pool-83-thread-1] INFO  segmented.SegmentedRaftLogWorker (SegmentedRaftLogWorker.java:<init>(180)) - new 0a730c46-ee0f-4298-8093-6277af9a8f8e@group-F6C1F47CF009-SegmentedRaftLogWorker for RaftStorage:Storage Directory /github/workspace/mnt/ozone/hadoop-ozone/integration-test/target/test-dir/MiniOzoneClusterImpl-8f60d98f-01ba-4335-ba92-853c1a5e70bb/datanode-3/data/ratis/c8b61c3b-0ddb-42a0-aa57-f6c1f47cf009
2020-06-10 23:32:30,895 [pool-83-thread-1] INFO  server.RaftServerConfigKeys (ConfUtils.java:logGet(44)) - raft.server.log.queue.byte-limit = 2147483647 (custom)
2020-06-10 23:32:30,895 [pool-83-thread-1] INFO  server.RaftServerConfigKeys (ConfUtils.java:logGet(44)) - raft.server.log.queue.element-limit = 1024 (custom)
2020-06-10 23:32:30,895 [pool-83-thread-1] INFO  server.RaftServerConfigKeys (ConfUtils.java:logGet(44)) - raft.server.log.segment.size.max = 1048576 (custom)
2020-06-10 23:32:30,895 [pool-83-thread-1] INFO  server.RaftServerConfigKeys (ConfUtils.java:logGet(44)) - raft.server.log.preallocated.size = 16384 (custom)
2020-06-10 23:32:30,895 [pool-83-thread-1] INFO  server.RaftServerConfigKeys (ConfUtils.java:logGet(44)) - raft.server.log.write.buffer.size = 1048576 (custom)
2020-06-10 23:32:30,895 [pool-83-thread-1] INFO  server.RaftServerConfigKeys (ConfUtils.java:logGet(44)) - raft.server.log.force.sync.num = 128 (default)
2020-06-10 23:32:30,896 [pool-83-thread-1] INFO  server.RaftServerConfigKeys (ConfUtils.java:logGet(44)) - raft.server.log.statemachine.data.sync = true (default)
2020-06-10 23:32:30,896 [pool-83-thread-1] INFO  server.RaftServerConfigKeys (ConfUtils.java:logGet(44)) - raft.server.log.statemachine.data.sync.timeout = 10s (default)
2020-06-10 23:32:30,896 [pool-83-thread-1] INFO  server.RaftServerConfigKeys (ConfUtils.java:logGet(44)) - raft.server.log.statemachine.data.sync.timeout.retry = -1 (default)
2020-06-10 23:32:30,896 [pool-99-thread-1] INFO  server.RaftServerConfigKeys (ConfUtils.java:logGet(44)) - raft.server.log.statemachine.data.caching.enabled = true (custom)
2020-06-10 23:32:30,896 [pool-99-thread-1] INFO  segmented.SegmentedRaftLogWorker (SegmentedRaftLogWorker.java:lambda$new$0(129)) - e1213966-9098-4efb-a904-a4cb2a6fb33e@group-F6C1F47CF009-SegmentedRaftLogWorker: flushIndex: setUnconditionally 0 -> -1
2020-06-10 23:32:30,896 [pool-99-thread-1] INFO  segmented.SegmentedRaftLogWorker (SegmentedRaftLogWorker.java:lambda$new$0(129)) - e1213966-9098-4efb-a904-a4cb2a6fb33e@group-F6C1F47CF009-SegmentedRaftLogWorker: safeCacheEvictIndex: setUnconditionally 0 -> -1
2020-06-10 23:32:30,894 [pool-51-thread-1] INFO  server.RaftServerConfigKeys (ConfUtils.java:logGet(44)) - raft.server.snapshot.auto.trigger.enabled = true (custom)
2020-06-10 23:32:30,897 [pool-51-thread-1] INFO  server.RaftServerConfigKeys (ConfUtils.java:logGet(44)) - raft.server.snapshot.auto.trigger.threshold = 10000 (custom)
2020-06-10 23:32:30,897 [pool-51-thread-1] INFO  server.RaftServerConfigKeys (ConfUtils.java:logGet(44)) - raft.server.snapshot.retention.file.num = 5 (custom)
2020-06-10 23:32:30,897 [pool-51-thread-1] INFO  server.RaftServerConfigKeys (ConfUtils.java:logGet(44)) - raft.server.log.purge.upto.snapshot.index = false (default)
2020-06-10 23:32:30,898 [pool-83-thread-1] INFO  server.RaftServerConfigKeys (ConfUtils.java:logGet(44)) - raft.server.log.statemachine.data.caching.enabled = true (custom)
2020-06-10 23:32:30,898 [pool-83-thread-1] INFO  segmented.SegmentedRaftLogWorker (SegmentedRaftLogWorker.java:lambda$new$0(129)) - 0a730c46-ee0f-4298-8093-6277af9a8f8e@group-F6C1F47CF009-SegmentedRaftLogWorker: flushIndex: setUnconditionally 0 -> -1
2020-06-10 23:32:30,898 [pool-83-thread-1] INFO  segmented.SegmentedRaftLogWorker (SegmentedRaftLogWorker.java:lambda$new$0(129)) - 0a730c46-ee0f-4298-8093-6277af9a8f8e@group-F6C1F47CF009-SegmentedRaftLogWorker: safeCacheEvictIndex: setUnconditionally 0 -> -1
2020-06-10 23:32:30,899 [pool-99-thread-1] INFO  server.RaftServerConfigKeys (ConfUtils.java:logGet(44)) - raft.server.snapshot.auto.trigger.enabled = true (custom)
2020-06-10 23:32:30,899 [pool-99-thread-1] INFO  server.RaftServerConfigKeys (ConfUtils.java:logGet(44)) - raft.server.snapshot.auto.trigger.threshold = 10000 (custom)
2020-06-10 23:32:30,899 [pool-115-thread-1] INFO  storage.RaftStorage (RaftStorage.java:format(84)) - Storage directory /github/workspace/mnt/ozone/hadoop-ozone/integration-test/target/test-dir/MiniOzoneClusterImpl-8f60d98f-01ba-4335-ba92-853c1a5e70bb/datanode-5/data/ratis/c8b61c3b-0ddb-42a0-aa57-f6c1f47cf009 has been successfully formatted.
2020-06-10 23:32:30,899 [pool-35-thread-1] INFO  ratis.ContainerStateMachine (ContainerStateMachine.java:loadSnapshot(226)) - group-385C58906CEF: The snapshot info is null. Setting the last applied indexto:(t:0, i:~)
2020-06-10 23:32:30,899 [pool-35-thread-1] INFO  server.RaftServerConfigKeys (ConfUtils.java:logGet(44)) - raft.server.notification.no-leader.timeout = 60s (default)
2020-06-10 23:32:30,899 [pool-115-thread-1] INFO  ratis.ContainerStateMachine (ContainerStateMachine.java:loadSnapshot(226)) - group-F6C1F47CF009: The snapshot info is null. Setting the last applied indexto:(t:0, i:~)
2020-06-10 23:32:30,899 [pool-115-thread-1] INFO  server.RaftServerConfigKeys (ConfUtils.java:logGet(44)) - raft.server.notification.no-leader.timeout = 60s (default)
2020-06-10 23:32:30,899 [pool-115-thread-1] INFO  server.RaftServerConfigKeys (ConfUtils.java:logGet(44)) - raft.server.log.use.memory = false (default)
2020-06-10 23:32:30,899 [pool-115-thread-1] INFO  server.RaftServerConfigKeys (ConfUtils.java:logGet(44)) - raft.server.log.purge.gap = 1000000 (custom)
2020-06-10 23:32:30,900 [pool-115-thread-1] INFO  server.RaftServerConfigKeys (ConfUtils.java:logGet(44)) - raft.server.log.appender.buffer.byte-limit = 33554432 (custom)
2020-06-10 23:32:30,900 [pool-115-thread-1] INFO  server.RaftServerConfigKeys (ConfUtils.java:logGet(44)) - raft.server.log.segment.size.max = 1048576 (custom)
2020-06-10 23:32:30,900 [pool-115-thread-1] INFO  metrics.RatisMetrics (RatisMetrics.java:lambda$create$0(36)) - Creating Metrics Registry : ratis.log_worker.868206e5-f05c-4376-a56d-5589c771f96d@group-F6C1F47CF009
2020-06-10 23:32:30,901 [pool-115-thread-1] INFO  server.RaftServerConfigKeys (ConfUtils.java:logGet(44)) - raft.server.log.segment.cache.num.max = 2 (custom)
2020-06-10 23:32:30,902 [pool-115-thread-1] INFO  segmented.SegmentedRaftLogWorker (SegmentedRaftLogWorker.java:<init>(180)) - new 868206e5-f05c-4376-a56d-5589c771f96d@group-F6C1F47CF009-SegmentedRaftLogWorker for RaftStorage:Storage Directory /github/workspace/mnt/ozone/hadoop-ozone/integration-test/target/test-dir/MiniOzoneClusterImpl-8f60d98f-01ba-4335-ba92-853c1a5e70bb/datanode-5/data/ratis/c8b61c3b-0ddb-42a0-aa57-f6c1f47cf009
2020-06-10 23:32:30,902 [pool-115-thread-1] INFO  server.RaftServerConfigKeys (ConfUtils.java:logGet(44)) - raft.server.log.queue.byte-limit = 2147483647 (custom)
2020-06-10 23:32:30,902 [pool-115-thread-1] INFO  server.RaftServerConfigKeys (ConfUtils.java:logGet(44)) - raft.server.log.queue.element-limit = 1024 (custom)
2020-06-10 23:32:30,902 [pool-115-thread-1] INFO  server.RaftServerConfigKeys (ConfUtils.java:logGet(44)) - raft.server.log.segment.size.max = 1048576 (custom)
2020-06-10 23:32:30,902 [pool-115-thread-1] INFO  server.RaftServerConfigKeys (ConfUtils.java:logGet(44)) - raft.server.log.preallocated.size = 16384 (custom)
2020-06-10 23:32:30,902 [pool-115-thread-1] INFO  server.RaftServerConfigKeys (ConfUtils.java:logGet(44)) - raft.server.log.write.buffer.size = 1048576 (custom)
2020-06-10 23:32:30,902 [pool-115-thread-1] INFO  server.RaftServerConfigKeys (ConfUtils.java:logGet(44)) - raft.server.log.force.sync.num = 128 (default)
2020-06-10 23:32:30,902 [pool-115-thread-1] INFO  server.RaftServerConfigKeys (ConfUtils.java:logGet(44)) - raft.server.log.statemachine.data.sync = true (default)
2020-06-10 23:32:30,902 [pool-115-thread-1] INFO  server.RaftServerConfigKeys (ConfUtils.java:logGet(44)) - raft.server.log.statemachine.data.sync.timeout = 10s (default)
2020-06-10 23:32:30,902 [pool-115-thread-1] INFO  server.RaftServerConfigKeys (ConfUtils.java:logGet(44)) - raft.server.log.statemachine.data.sync.timeout.retry = -1 (default)
2020-06-10 23:32:30,899 [pool-99-thread-1] INFO  server.RaftServerConfigKeys (ConfUtils.java:logGet(44)) - raft.server.snapshot.retention.file.num = 5 (custom)
2020-06-10 23:32:30,903 [pool-99-thread-1] INFO  server.RaftServerConfigKeys (ConfUtils.java:logGet(44)) - raft.server.log.purge.upto.snapshot.index = false (default)
2020-06-10 23:32:30,903 [pool-99-thread-1] INFO  server.RaftServerConfigKeys (ConfUtils.java:logGet(44)) - raft.server.retrycache.expirytime = 600000ms (custom)
2020-06-10 23:32:30,903 [pool-99-thread-1] INFO  metrics.RatisMetrics (RatisMetrics.java:lambda$create$0(36)) - Creating Metrics Registry : ratis.leader_election.e1213966-9098-4efb-a904-a4cb2a6fb33e@group-F6C1F47CF009
2020-06-10 23:32:30,900 [pool-51-thread-1] INFO  server.RaftServerConfigKeys (ConfUtils.java:logGet(44)) - raft.server.retrycache.expirytime = 600000ms (custom)
2020-06-10 23:32:30,903 [pool-51-thread-1] INFO  metrics.RatisMetrics (RatisMetrics.java:lambda$create$0(36)) - Creating Metrics Registry : ratis.leader_election.1aa28a79-6085-416d-8460-1e98e8b061ff@group-385C58906CEF
2020-06-10 23:32:30,900 [pool-83-thread-1] INFO  server.RaftServerConfigKeys (ConfUtils.java:logGet(44)) - raft.server.snapshot.auto.trigger.enabled = true (custom)
2020-06-10 23:32:30,900 [pool-67-thread-1] INFO  storage.RaftStorage (RaftStorage.java:format(84)) - Storage directory /github/workspace/mnt/ozone/hadoop-ozone/integration-test/target/test-dir/MiniOzoneClusterImpl-8f60d98f-01ba-4335-ba92-853c1a5e70bb/datanode-2/data/ratis/9e006b21-cea1-48fa-a139-385c58906cef has been successfully formatted.
2020-06-10 23:32:30,904 [pool-67-thread-1] INFO  ratis.ContainerStateMachine (ContainerStateMachine.java:loadSnapshot(226)) - group-385C58906CEF: The snapshot info is null. Setting the last applied indexto:(t:0, i:~)
2020-06-10 23:32:30,904 [pool-67-thread-1] INFO  server.RaftServerConfigKeys (ConfUtils.java:logGet(44)) - raft.server.notification.no-leader.timeout = 60s (default)
2020-06-10 23:32:30,904 [pool-67-thread-1] INFO  server.RaftServerConfigKeys (ConfUtils.java:logGet(44)) - raft.server.log.use.memory = false (default)
2020-06-10 23:32:30,904 [pool-67-thread-1] INFO  server.RaftServerConfigKeys (ConfUtils.java:logGet(44)) - raft.server.log.purge.gap = 1000000 (custom)
2020-06-10 23:32:30,904 [pool-67-thread-1] INFO  server.RaftServerConfigKeys (ConfUtils.java:logGet(44)) - raft.server.log.appender.buffer.byte-limit = 33554432 (custom)
2020-06-10 23:32:30,904 [pool-67-thread-1] INFO  server.RaftServerConfigKeys (ConfUtils.java:logGet(44)) - raft.server.log.segment.size.max = 1048576 (custom)
2020-06-10 23:32:30,905 [pool-67-thread-1] INFO  metrics.RatisMetrics (RatisMetrics.java:lambda$create$0(36)) - Creating Metrics Registry : ratis.log_worker.c3c497a8-7dd5-4f0b-8431-82df52c157aa@group-385C58906CEF
2020-06-10 23:32:30,905 [pool-67-thread-1] INFO  server.RaftServerConfigKeys (ConfUtils.java:logGet(44)) - raft.server.log.segment.cache.num.max = 2 (custom)
2020-06-10 23:32:30,905 [pool-67-thread-1] INFO  segmented.SegmentedRaftLogWorker (SegmentedRaftLogWorker.java:<init>(180)) - new c3c497a8-7dd5-4f0b-8431-82df52c157aa@group-385C58906CEF-SegmentedRaftLogWorker for RaftStorage:Storage Directory /github/workspace/mnt/ozone/hadoop-ozone/integration-test/target/test-dir/MiniOzoneClusterImpl-8f60d98f-01ba-4335-ba92-853c1a5e70bb/datanode-2/data/ratis/9e006b21-cea1-48fa-a139-385c58906cef
2020-06-10 23:32:30,905 [pool-67-thread-1] INFO  server.RaftServerConfigKeys (ConfUtils.java:logGet(44)) - raft.server.log.queue.byte-limit = 2147483647 (custom)
2020-06-10 23:32:30,905 [pool-67-thread-1] INFO  server.RaftServerConfigKeys (ConfUtils.java:logGet(44)) - raft.server.log.queue.element-limit = 1024 (custom)
2020-06-10 23:32:30,905 [pool-67-thread-1] INFO  server.RaftServerConfigKeys (ConfUtils.java:logGet(44)) - raft.server.log.segment.size.max = 1048576 (custom)
2020-06-10 23:32:30,905 [pool-67-thread-1] INFO  server.RaftServerConfigKeys (ConfUtils.java:logGet(44)) - raft.server.log.preallocated.size = 16384 (custom)
2020-06-10 23:32:30,905 [pool-67-thread-1] INFO  server.RaftServerConfigKeys (ConfUtils.java:logGet(44)) - raft.server.log.write.buffer.size = 1048576 (custom)
2020-06-10 23:32:30,905 [pool-67-thread-1] INFO  server.RaftServerConfigKeys (ConfUtils.java:logGet(44)) - raft.server.log.force.sync.num = 128 (default)
2020-06-10 23:32:30,905 [pool-67-thread-1] INFO  server.RaftServerConfigKeys (ConfUtils.java:logGet(44)) - raft.server.log.statemachine.data.sync = true (default)
2020-06-10 23:32:30,906 [pool-67-thread-1] INFO  server.RaftServerConfigKeys (ConfUtils.java:logGet(44)) - raft.server.log.statemachine.data.sync.timeout = 10s (default)
2020-06-10 23:32:30,906 [pool-67-thread-1] INFO  server.RaftServerConfigKeys (ConfUtils.java:logGet(44)) - raft.server.log.statemachine.data.sync.timeout.retry = -1 (default)
2020-06-10 23:32:30,899 [pool-35-thread-1] INFO  server.RaftServerConfigKeys (ConfUtils.java:logGet(44)) - raft.server.log.use.memory = false (default)
2020-06-10 23:32:30,906 [pool-35-thread-1] INFO  server.RaftServerConfigKeys (ConfUtils.java:logGet(44)) - raft.server.log.purge.gap = 1000000 (custom)
2020-06-10 23:32:30,906 [pool-35-thread-1] INFO  server.RaftServerConfigKeys (ConfUtils.java:logGet(44)) - raft.server.log.appender.buffer.byte-limit = 33554432 (custom)
2020-06-10 23:32:30,906 [pool-35-thread-1] INFO  server.RaftServerConfigKeys (ConfUtils.java:logGet(44)) - raft.server.log.segment.size.max = 1048576 (custom)
2020-06-10 23:32:30,906 [pool-35-thread-1] INFO  metrics.RatisMetrics (RatisMetrics.java:lambda$create$0(36)) - Creating Metrics Registry : ratis.log_worker.b166f10c-c404-4dcb-a087-ba4800654d2c@group-385C58906CEF
2020-06-10 23:32:30,906 [pool-35-thread-1] INFO  server.RaftServerConfigKeys (ConfUtils.java:logGet(44)) - raft.server.log.segment.cache.num.max = 2 (custom)
2020-06-10 23:32:30,907 [pool-35-thread-1] INFO  segmented.SegmentedRaftLogWorker (SegmentedRaftLogWorker.java:<init>(180)) - new b166f10c-c404-4dcb-a087-ba4800654d2c@group-385C58906CEF-SegmentedRaftLogWorker for RaftStorage:Storage Directory /github/workspace/mnt/ozone/hadoop-ozone/integration-test/target/test-dir/MiniOzoneClusterImpl-8f60d98f-01ba-4335-ba92-853c1a5e70bb/datanode-0/data/ratis/9e006b21-cea1-48fa-a139-385c58906cef
2020-06-10 23:32:30,907 [pool-35-thread-1] INFO  server.RaftServerConfigKeys (ConfUtils.java:logGet(44)) - raft.server.log.queue.byte-limit = 2147483647 (custom)
2020-06-10 23:32:30,907 [pool-35-thread-1] INFO  server.RaftServerConfigKeys (ConfUtils.java:logGet(44)) - raft.server.log.queue.element-limit = 1024 (custom)
2020-06-10 23:32:30,907 [pool-35-thread-1] INFO  server.RaftServerConfigKeys (ConfUtils.java:logGet(44)) - raft.server.log.segment.size.max = 1048576 (custom)
2020-06-10 23:32:30,907 [pool-35-thread-1] INFO  server.RaftServerConfigKeys (ConfUtils.java:logGet(44)) - raft.server.log.preallocated.size = 16384 (custom)
2020-06-10 23:32:30,907 [pool-35-thread-1] INFO  server.RaftServerConfigKeys (ConfUtils.java:logGet(44)) - raft.server.log.write.buffer.size = 1048576 (custom)
2020-06-10 23:32:30,907 [pool-35-thread-1] INFO  server.RaftServerConfigKeys (ConfUtils.java:logGet(44)) - raft.server.log.force.sync.num = 128 (default)
2020-06-10 23:32:30,907 [pool-35-thread-1] INFO  server.RaftServerConfigKeys (ConfUtils.java:logGet(44)) - raft.server.log.statemachine.data.sync = true (default)
2020-06-10 23:32:30,907 [pool-35-thread-1] INFO  server.RaftServerConfigKeys (ConfUtils.java:logGet(44)) - raft.server.log.statemachine.data.sync.timeout = 10s (default)
2020-06-10 23:32:30,907 [pool-35-thread-1] INFO  server.RaftServerConfigKeys (ConfUtils.java:logGet(44)) - raft.server.log.statemachine.data.sync.timeout.retry = -1 (default)
2020-06-10 23:32:30,904 [pool-83-thread-1] INFO  server.RaftServerConfigKeys (ConfUtils.java:logGet(44)) - raft.server.snapshot.auto.trigger.threshold = 10000 (custom)
2020-06-10 23:32:30,908 [pool-83-thread-1] INFO  server.RaftServerConfigKeys (ConfUtils.java:logGet(44)) - raft.server.snapshot.retention.file.num = 5 (custom)
2020-06-10 23:32:30,908 [pool-83-thread-1] INFO  server.RaftServerConfigKeys (ConfUtils.java:logGet(44)) - raft.server.log.purge.upto.snapshot.index = false (default)
2020-06-10 23:32:30,908 [pool-83-thread-1] INFO  server.RaftServerConfigKeys (ConfUtils.java:logGet(44)) - raft.server.retrycache.expirytime = 600000ms (custom)
2020-06-10 23:32:30,908 [pool-83-thread-1] INFO  metrics.RatisMetrics (RatisMetrics.java:lambda$create$0(36)) - Creating Metrics Registry : ratis.leader_election.0a730c46-ee0f-4298-8093-6277af9a8f8e@group-F6C1F47CF009
2020-06-10 23:32:30,910 [pool-115-thread-1] INFO  server.RaftServerConfigKeys (ConfUtils.java:logGet(44)) - raft.server.log.statemachine.data.caching.enabled = true (custom)
2020-06-10 23:32:30,910 [pool-115-thread-1] INFO  segmented.SegmentedRaftLogWorker (SegmentedRaftLogWorker.java:lambda$new$0(129)) - 868206e5-f05c-4376-a56d-5589c771f96d@group-F6C1F47CF009-SegmentedRaftLogWorker: flushIndex: setUnconditionally 0 -> -1
2020-06-10 23:32:30,910 [pool-115-thread-1] INFO  segmented.SegmentedRaftLogWorker (SegmentedRaftLogWorker.java:lambda$new$0(129)) - 868206e5-f05c-4376-a56d-5589c771f96d@group-F6C1F47CF009-SegmentedRaftLogWorker: safeCacheEvictIndex: setUnconditionally 0 -> -1
2020-06-10 23:32:30,911 [pool-115-thread-1] INFO  server.RaftServerConfigKeys (ConfUtils.java:logGet(44)) - raft.server.snapshot.auto.trigger.enabled = true (custom)
2020-06-10 23:32:30,911 [pool-115-thread-1] INFO  server.RaftServerConfigKeys (ConfUtils.java:logGet(44)) - raft.server.snapshot.auto.trigger.threshold = 10000 (custom)
2020-06-10 23:32:30,911 [pool-115-thread-1] INFO  server.RaftServerConfigKeys (ConfUtils.java:logGet(44)) - raft.server.snapshot.retention.file.num = 5 (custom)
2020-06-10 23:32:30,911 [pool-115-thread-1] INFO  server.RaftServerConfigKeys (ConfUtils.java:logGet(44)) - raft.server.log.purge.upto.snapshot.index = false (default)
2020-06-10 23:32:30,911 [pool-115-thread-1] INFO  server.RaftServerConfigKeys (ConfUtils.java:logGet(44)) - raft.server.retrycache.expirytime = 600000ms (custom)
2020-06-10 23:32:30,911 [pool-115-thread-1] INFO  metrics.RatisMetrics (RatisMetrics.java:lambda$create$0(36)) - Creating Metrics Registry : ratis.leader_election.868206e5-f05c-4376-a56d-5589c771f96d@group-F6C1F47CF009
2020-06-10 23:32:30,912 [pool-99-thread-1] INFO  metrics.RatisMetrics (RatisMetrics.java:lambda$create$0(36)) - Creating Metrics Registry : ratis.server.e1213966-9098-4efb-a904-a4cb2a6fb33e@group-F6C1F47CF009
2020-06-10 23:32:30,913 [pool-51-thread-1] INFO  metrics.RatisMetrics (RatisMetrics.java:lambda$create$0(36)) - Creating Metrics Registry : ratis.server.1aa28a79-6085-416d-8460-1e98e8b061ff@group-385C58906CEF
2020-06-10 23:32:30,913 [pool-83-thread-1] INFO  metrics.RatisMetrics (RatisMetrics.java:lambda$create$0(36)) - Creating Metrics Registry : ratis.server.0a730c46-ee0f-4298-8093-6277af9a8f8e@group-F6C1F47CF009
2020-06-10 23:32:30,914 [pool-115-thread-1] INFO  metrics.RatisMetrics (RatisMetrics.java:lambda$create$0(36)) - Creating Metrics Registry : ratis.server.868206e5-f05c-4376-a56d-5589c771f96d@group-F6C1F47CF009
2020-06-10 23:32:30,920 [pool-67-thread-1] INFO  server.RaftServerConfigKeys (ConfUtils.java:logGet(44)) - raft.server.log.statemachine.data.caching.enabled = true (custom)
2020-06-10 23:32:30,921 [pool-67-thread-1] INFO  segmented.SegmentedRaftLogWorker (SegmentedRaftLogWorker.java:lambda$new$0(129)) - c3c497a8-7dd5-4f0b-8431-82df52c157aa@group-385C58906CEF-SegmentedRaftLogWorker: flushIndex: setUnconditionally 0 -> -1
2020-06-10 23:32:30,921 [pool-67-thread-1] INFO  segmented.SegmentedRaftLogWorker (SegmentedRaftLogWorker.java:lambda$new$0(129)) - c3c497a8-7dd5-4f0b-8431-82df52c157aa@group-385C58906CEF-SegmentedRaftLogWorker: safeCacheEvictIndex: setUnconditionally 0 -> -1
2020-06-10 23:32:30,921 [pool-35-thread-1] INFO  server.RaftServerConfigKeys (ConfUtils.java:logGet(44)) - raft.server.log.statemachine.data.caching.enabled = true (custom)
2020-06-10 23:32:30,922 [pool-35-thread-1] INFO  segmented.SegmentedRaftLogWorker (SegmentedRaftLogWorker.java:lambda$new$0(129)) - b166f10c-c404-4dcb-a087-ba4800654d2c@group-385C58906CEF-SegmentedRaftLogWorker: flushIndex: setUnconditionally 0 -> -1
2020-06-10 23:32:30,922 [pool-35-thread-1] INFO  segmented.SegmentedRaftLogWorker (SegmentedRaftLogWorker.java:lambda$new$0(129)) - b166f10c-c404-4dcb-a087-ba4800654d2c@group-385C58906CEF-SegmentedRaftLogWorker: safeCacheEvictIndex: setUnconditionally 0 -> -1
2020-06-10 23:32:30,922 [pool-99-thread-1] INFO  impl.RaftServerImpl (RaftServerImpl.java:start(186)) - e1213966-9098-4efb-a904-a4cb2a6fb33e@group-F6C1F47CF009: start as a follower, conf=-1: [e1213966-9098-4efb-a904-a4cb2a6fb33e:172.17.0.2:36871, 868206e5-f05c-4376-a56d-5589c771f96d:172.17.0.2:37567, 0a730c46-ee0f-4298-8093-6277af9a8f8e:172.17.0.2:44173], old=null
2020-06-10 23:32:30,922 [pool-99-thread-1] INFO  impl.RaftServerImpl (RaftServerImpl.java:setRole(175)) - e1213966-9098-4efb-a904-a4cb2a6fb33e@group-F6C1F47CF009: changes role from      null to FOLLOWER at term 0 for startAsFollower
2020-06-10 23:32:30,923 [pool-51-thread-1] INFO  impl.RaftServerImpl (RaftServerImpl.java:start(186)) - 1aa28a79-6085-416d-8460-1e98e8b061ff@group-385C58906CEF: start as a follower, conf=-1: [1aa28a79-6085-416d-8460-1e98e8b061ff:172.17.0.2:39429, b166f10c-c404-4dcb-a087-ba4800654d2c:172.17.0.2:43565, c3c497a8-7dd5-4f0b-8431-82df52c157aa:172.17.0.2:43239], old=null
2020-06-10 23:32:30,923 [pool-51-thread-1] INFO  impl.RaftServerImpl (RaftServerImpl.java:setRole(175)) - 1aa28a79-6085-416d-8460-1e98e8b061ff@group-385C58906CEF: changes role from      null to FOLLOWER at term 0 for startAsFollower
2020-06-10 23:32:30,923 [pool-83-thread-1] INFO  impl.RaftServerImpl (RaftServerImpl.java:start(186)) - 0a730c46-ee0f-4298-8093-6277af9a8f8e@group-F6C1F47CF009: start as a follower, conf=-1: [e1213966-9098-4efb-a904-a4cb2a6fb33e:172.17.0.2:36871, 868206e5-f05c-4376-a56d-5589c771f96d:172.17.0.2:37567, 0a730c46-ee0f-4298-8093-6277af9a8f8e:172.17.0.2:44173], old=null
2020-06-10 23:32:30,923 [pool-83-thread-1] INFO  impl.RaftServerImpl (RaftServerImpl.java:setRole(175)) - 0a730c46-ee0f-4298-8093-6277af9a8f8e@group-F6C1F47CF009: changes role from      null to FOLLOWER at term 0 for startAsFollower
2020-06-10 23:32:30,923 [pool-115-thread-1] INFO  impl.RaftServerImpl (RaftServerImpl.java:start(186)) - 868206e5-f05c-4376-a56d-5589c771f96d@group-F6C1F47CF009: start as a follower, conf=-1: [e1213966-9098-4efb-a904-a4cb2a6fb33e:172.17.0.2:36871, 868206e5-f05c-4376-a56d-5589c771f96d:172.17.0.2:37567, 0a730c46-ee0f-4298-8093-6277af9a8f8e:172.17.0.2:44173], old=null
2020-06-10 23:32:30,923 [pool-115-thread-1] INFO  impl.RaftServerImpl (RaftServerImpl.java:setRole(175)) - 868206e5-f05c-4376-a56d-5589c771f96d@group-F6C1F47CF009: changes role from      null to FOLLOWER at term 0 for startAsFollower
2020-06-10 23:32:30,924 [pool-67-thread-1] INFO  server.RaftServerConfigKeys (ConfUtils.java:logGet(44)) - raft.server.snapshot.auto.trigger.enabled = true (custom)
2020-06-10 23:32:30,924 [pool-67-thread-1] INFO  server.RaftServerConfigKeys (ConfUtils.java:logGet(44)) - raft.server.snapshot.auto.trigger.threshold = 10000 (custom)
2020-06-10 23:32:30,924 [pool-67-thread-1] INFO  server.RaftServerConfigKeys (ConfUtils.java:logGet(44)) - raft.server.snapshot.retention.file.num = 5 (custom)
2020-06-10 23:32:30,924 [pool-67-thread-1] INFO  server.RaftServerConfigKeys (ConfUtils.java:logGet(44)) - raft.server.log.purge.upto.snapshot.index = false (default)
2020-06-10 23:32:30,924 [pool-67-thread-1] INFO  server.RaftServerConfigKeys (ConfUtils.java:logGet(44)) - raft.server.retrycache.expirytime = 600000ms (custom)
2020-06-10 23:32:30,924 [pool-67-thread-1] INFO  metrics.RatisMetrics (RatisMetrics.java:lambda$create$0(36)) - Creating Metrics Registry : ratis.leader_election.c3c497a8-7dd5-4f0b-8431-82df52c157aa@group-385C58906CEF
2020-06-10 23:32:30,925 [pool-67-thread-1] INFO  metrics.RatisMetrics (RatisMetrics.java:lambda$create$0(36)) - Creating Metrics Registry : ratis.server.c3c497a8-7dd5-4f0b-8431-82df52c157aa@group-385C58906CEF
2020-06-10 23:32:30,925 [pool-67-thread-1] INFO  impl.RaftServerImpl (RaftServerImpl.java:start(186)) - c3c497a8-7dd5-4f0b-8431-82df52c157aa@group-385C58906CEF: start as a follower, conf=-1: [1aa28a79-6085-416d-8460-1e98e8b061ff:172.17.0.2:39429, b166f10c-c404-4dcb-a087-ba4800654d2c:172.17.0.2:43565, c3c497a8-7dd5-4f0b-8431-82df52c157aa:172.17.0.2:43239], old=null
2020-06-10 23:32:30,925 [pool-67-thread-1] INFO  impl.RaftServerImpl (RaftServerImpl.java:setRole(175)) - c3c497a8-7dd5-4f0b-8431-82df52c157aa@group-385C58906CEF: changes role from      null to FOLLOWER at term 0 for startAsFollower
2020-06-10 23:32:30,925 [pool-67-thread-1] INFO  impl.RoleInfo (RoleInfo.java:updateAndGet(143)) - c3c497a8-7dd5-4f0b-8431-82df52c157aa: start FollowerState
2020-06-10 23:32:30,927 [pool-67-thread-1] INFO  util.JmxRegister (JmxRegister.java:tryRegister(44)) - Successfully registered JMX Bean with object name Ratis:service=RaftServer,group=group-385C58906CEF,id=c3c497a8-7dd5-4f0b-8431-82df52c157aa
2020-06-10 23:32:30,927 [pool-67-thread-1] INFO  metrics.RatisMetrics (RatisMetrics.java:lambda$create$0(36)) - Creating Metrics Registry : ratis.state_machine.c3c497a8-7dd5-4f0b-8431-82df52c157aa@group-385C58906CEF
2020-06-10 23:32:30,931 [pool-115-thread-1] INFO  impl.RoleInfo (RoleInfo.java:updateAndGet(143)) - 868206e5-f05c-4376-a56d-5589c771f96d: start FollowerState
2020-06-10 23:32:30,931 [pool-115-thread-1] INFO  util.JmxRegister (JmxRegister.java:tryRegister(44)) - Successfully registered JMX Bean with object name Ratis:service=RaftServer,group=group-F6C1F47CF009,id=868206e5-f05c-4376-a56d-5589c771f96d
2020-06-10 23:32:30,931 [pool-115-thread-1] INFO  metrics.RatisMetrics (RatisMetrics.java:lambda$create$0(36)) - Creating Metrics Registry : ratis.state_machine.868206e5-f05c-4376-a56d-5589c771f96d@group-F6C1F47CF009
2020-06-10 23:32:30,932 [pool-83-thread-1] INFO  impl.RoleInfo (RoleInfo.java:updateAndGet(143)) - 0a730c46-ee0f-4298-8093-6277af9a8f8e: start FollowerState
2020-06-10 23:32:30,938 [pool-51-thread-1] INFO  impl.RoleInfo (RoleInfo.java:updateAndGet(143)) - 1aa28a79-6085-416d-8460-1e98e8b061ff: start FollowerState
2020-06-10 23:32:30,938 [pool-83-thread-1] INFO  util.JmxRegister (JmxRegister.java:tryRegister(44)) - Successfully registered JMX Bean with object name Ratis:service=RaftServer,group=group-F6C1F47CF009,id=0a730c46-ee0f-4298-8093-6277af9a8f8e
2020-06-10 23:32:30,939 [pool-83-thread-1] INFO  metrics.RatisMetrics (RatisMetrics.java:lambda$create$0(36)) - Creating Metrics Registry : ratis.state_machine.0a730c46-ee0f-4298-8093-6277af9a8f8e@group-F6C1F47CF009
2020-06-10 23:32:30,939 [pool-99-thread-1] INFO  impl.RoleInfo (RoleInfo.java:updateAndGet(143)) - e1213966-9098-4efb-a904-a4cb2a6fb33e: start FollowerState
2020-06-10 23:32:30,939 [pool-51-thread-1] INFO  util.JmxRegister (JmxRegister.java:tryRegister(44)) - Successfully registered JMX Bean with object name Ratis:service=RaftServer,group=group-385C58906CEF,id=1aa28a79-6085-416d-8460-1e98e8b061ff
2020-06-10 23:32:30,939 [pool-51-thread-1] INFO  metrics.RatisMetrics (RatisMetrics.java:lambda$create$0(36)) - Creating Metrics Registry : ratis.state_machine.1aa28a79-6085-416d-8460-1e98e8b061ff@group-385C58906CEF
2020-06-10 23:32:30,941 [pool-99-thread-1] INFO  util.JmxRegister (JmxRegister.java:tryRegister(44)) - Successfully registered JMX Bean with object name Ratis:service=RaftServer,group=group-F6C1F47CF009,id=e1213966-9098-4efb-a904-a4cb2a6fb33e
2020-06-10 23:32:30,941 [pool-99-thread-1] INFO  metrics.RatisMetrics (RatisMetrics.java:lambda$create$0(36)) - Creating Metrics Registry : ratis.state_machine.e1213966-9098-4efb-a904-a4cb2a6fb33e@group-F6C1F47CF009
2020-06-10 23:32:30,942 [pool-35-thread-1] INFO  server.RaftServerConfigKeys (ConfUtils.java:logGet(44)) - raft.server.snapshot.auto.trigger.enabled = true (custom)
2020-06-10 23:32:30,942 [pool-35-thread-1] INFO  server.RaftServerConfigKeys (ConfUtils.java:logGet(44)) - raft.server.snapshot.auto.trigger.threshold = 10000 (custom)
2020-06-10 23:32:30,942 [pool-35-thread-1] INFO  server.RaftServerConfigKeys (ConfUtils.java:logGet(44)) - raft.server.snapshot.retention.file.num = 5 (custom)
2020-06-10 23:32:30,942 [pool-35-thread-1] INFO  server.RaftServerConfigKeys (ConfUtils.java:logGet(44)) - raft.server.log.purge.upto.snapshot.index = false (default)
2020-06-10 23:32:30,942 [pool-35-thread-1] INFO  server.RaftServerConfigKeys (ConfUtils.java:logGet(44)) - raft.server.retrycache.expirytime = 600000ms (custom)
2020-06-10 23:32:30,942 [pool-35-thread-1] INFO  metrics.RatisMetrics (RatisMetrics.java:lambda$create$0(36)) - Creating Metrics Registry : ratis.leader_election.b166f10c-c404-4dcb-a087-ba4800654d2c@group-385C58906CEF
2020-06-10 23:32:30,943 [pool-35-thread-1] INFO  metrics.RatisMetrics (RatisMetrics.java:lambda$create$0(36)) - Creating Metrics Registry : ratis.server.b166f10c-c404-4dcb-a087-ba4800654d2c@group-385C58906CEF
2020-06-10 23:32:30,943 [pool-35-thread-1] INFO  impl.RaftServerImpl (RaftServerImpl.java:start(186)) - b166f10c-c404-4dcb-a087-ba4800654d2c@group-385C58906CEF: start as a follower, conf=-1: [1aa28a79-6085-416d-8460-1e98e8b061ff:172.17.0.2:39429, b166f10c-c404-4dcb-a087-ba4800654d2c:172.17.0.2:43565, c3c497a8-7dd5-4f0b-8431-82df52c157aa:172.17.0.2:43239], old=null
2020-06-10 23:32:30,944 [pool-35-thread-1] INFO  impl.RaftServerImpl (RaftServerImpl.java:setRole(175)) - b166f10c-c404-4dcb-a087-ba4800654d2c@group-385C58906CEF: changes role from      null to FOLLOWER at term 0 for startAsFollower
2020-06-10 23:32:30,944 [pool-35-thread-1] INFO  impl.RoleInfo (RoleInfo.java:updateAndGet(143)) - b166f10c-c404-4dcb-a087-ba4800654d2c: start FollowerState
2020-06-10 23:32:30,946 [pool-35-thread-1] INFO  util.JmxRegister (JmxRegister.java:tryRegister(44)) - Successfully registered JMX Bean with object name Ratis:service=RaftServer,group=group-385C58906CEF,id=b166f10c-c404-4dcb-a087-ba4800654d2c
2020-06-10 23:32:30,947 [pool-35-thread-1] INFO  metrics.RatisMetrics (RatisMetrics.java:lambda$create$0(36)) - Creating Metrics Registry : ratis.state_machine.b166f10c-c404-4dcb-a087-ba4800654d2c@group-385C58906CEF
2020-06-10 23:32:31,075 [Command processor thread] INFO  commandhandler.CreatePipelineCommandHandler (CreatePipelineCommandHandler.java:handle(109)) - Created Pipeline RATIS THREE #id: "9e006b21-cea1-48fa-a139-385c58906cef"
.
2020-06-10 23:32:31,128 [Command processor thread] INFO  commandhandler.CreatePipelineCommandHandler (CreatePipelineCommandHandler.java:handle(109)) - Created Pipeline RATIS THREE #id: "c8b61c3b-0ddb-42a0-aa57-f6c1f47cf009"
.
2020-06-10 23:32:31,128 [Command processor thread] INFO  commandhandler.CreatePipelineCommandHandler (CreatePipelineCommandHandler.java:handle(109)) - Created Pipeline RATIS THREE #id: "9e006b21-cea1-48fa-a139-385c58906cef"
.
2020-06-10 23:32:31,128 [Command processor thread] INFO  commandhandler.CreatePipelineCommandHandler (CreatePipelineCommandHandler.java:handle(109)) - Created Pipeline RATIS THREE #id: "c8b61c3b-0ddb-42a0-aa57-f6c1f47cf009"
.
2020-06-10 23:32:31,134 [Command processor thread] INFO  commandhandler.CreatePipelineCommandHandler (CreatePipelineCommandHandler.java:handle(109)) - Created Pipeline RATIS THREE #id: "c8b61c3b-0ddb-42a0-aa57-f6c1f47cf009"
.
2020-06-10 23:32:31,136 [Command processor thread] INFO  commandhandler.CreatePipelineCommandHandler (CreatePipelineCommandHandler.java:handle(109)) - Created Pipeline RATIS THREE #id: "9e006b21-cea1-48fa-a139-385c58906cef"
.
2020-06-10 23:32:31,167 [Listener at 127.0.0.1/37921] INFO  ozone.MiniOzoneClusterImpl (MiniOzoneClusterImpl.java:lambda$waitForClusterToBeReady$0(177)) - Nodes are ready. Got 7 of 7 DN Heartbeats.
2020-06-10 23:32:31,167 [Listener at 127.0.0.1/37921] INFO  ozone.MiniOzoneClusterImpl (MiniOzoneClusterImpl.java:lambda$waitForClusterToBeReady$0(180)) - Waiting for cluster to exit safe mode
2020-06-10 23:32:32,168 [Listener at 127.0.0.1/37921] INFO  ozone.MiniOzoneClusterImpl (MiniOzoneClusterImpl.java:lambda$waitForClusterToBeReady$0(177)) - Nodes are ready. Got 7 of 7 DN Heartbeats.
2020-06-10 23:32:32,168 [Listener at 127.0.0.1/37921] INFO  ozone.MiniOzoneClusterImpl (MiniOzoneClusterImpl.java:lambda$waitForClusterToBeReady$0(180)) - Waiting for cluster to exit safe mode
2020-06-10 23:32:33,168 [Listener at 127.0.0.1/37921] INFO  ozone.MiniOzoneClusterImpl (MiniOzoneClusterImpl.java:lambda$waitForClusterToBeReady$0(177)) - Nodes are ready. Got 7 of 7 DN Heartbeats.
2020-06-10 23:32:33,168 [Listener at 127.0.0.1/37921] INFO  ozone.MiniOzoneClusterImpl (MiniOzoneClusterImpl.java:lambda$waitForClusterToBeReady$0(180)) - Waiting for cluster to exit safe mode
2020-06-10 23:32:34,169 [Listener at 127.0.0.1/37921] INFO  ozone.MiniOzoneClusterImpl (MiniOzoneClusterImpl.java:lambda$waitForClusterToBeReady$0(177)) - Nodes are ready. Got 7 of 7 DN Heartbeats.
2020-06-10 23:32:34,169 [Listener at 127.0.0.1/37921] INFO  ozone.MiniOzoneClusterImpl (MiniOzoneClusterImpl.java:lambda$waitForClusterToBeReady$0(180)) - Waiting for cluster to exit safe mode
2020-06-10 23:32:34,786 [Thread-233] INFO  impl.FollowerState (FollowerState.java:run(108)) - b166f10c-c404-4dcb-a087-ba4800654d2c@group-4D43E2E77A8C-FollowerState: change to CANDIDATE, lastRpcTime:5035ms, electionTimeout:5023ms
2020-06-10 23:32:34,788 [Thread-233] INFO  impl.RoleInfo (RoleInfo.java:shutdownFollowerState(121)) - b166f10c-c404-4dcb-a087-ba4800654d2c: shutdown FollowerState
2020-06-10 23:32:34,788 [Thread-233] INFO  impl.RaftServerImpl (RaftServerImpl.java:setRole(175)) - b166f10c-c404-4dcb-a087-ba4800654d2c@group-4D43E2E77A8C: changes role from  FOLLOWER to CANDIDATE at term 0 for changeToCandidate
2020-06-10 23:32:34,790 [Thread-233] INFO  impl.RoleInfo (RoleInfo.java:updateAndGet(143)) - b166f10c-c404-4dcb-a087-ba4800654d2c: start LeaderElection
2020-06-10 23:32:34,795 [b166f10c-c404-4dcb-a087-ba4800654d2c@group-4D43E2E77A8C-LeaderElection1] INFO  impl.LeaderElection (LeaderElection.java:askForVotes(206)) - b166f10c-c404-4dcb-a087-ba4800654d2c@group-4D43E2E77A8C-LeaderElection1: begin an election at term 1 for -1: [b166f10c-c404-4dcb-a087-ba4800654d2c:172.17.0.2:43565], old=null
2020-06-10 23:32:34,796 [b166f10c-c404-4dcb-a087-ba4800654d2c@group-4D43E2E77A8C-LeaderElection1] INFO  impl.RoleInfo (RoleInfo.java:shutdownLeaderElection(134)) - b166f10c-c404-4dcb-a087-ba4800654d2c: shutdown LeaderElection
2020-06-10 23:32:34,796 [b166f10c-c404-4dcb-a087-ba4800654d2c@group-4D43E2E77A8C-LeaderElection1] INFO  impl.RaftServerImpl (RaftServerImpl.java:setRole(175)) - b166f10c-c404-4dcb-a087-ba4800654d2c@group-4D43E2E77A8C: changes role from CANDIDATE to LEADER at term 1 for changeToLeader
2020-06-10 23:32:34,796 [b166f10c-c404-4dcb-a087-ba4800654d2c@group-4D43E2E77A8C-LeaderElection1] INFO  ratis.XceiverServerRatis (XceiverServerRatis.java:handleLeaderChangedNotification(762)) - Leader change notification received for group: group-4D43E2E77A8C with new leaderId: b166f10c-c404-4dcb-a087-ba4800654d2c
2020-06-10 23:32:34,797 [b166f10c-c404-4dcb-a087-ba4800654d2c@group-4D43E2E77A8C-LeaderElection1] INFO  impl.RaftServerImpl (ServerState.java:setLeader(255)) - b166f10c-c404-4dcb-a087-ba4800654d2c@group-4D43E2E77A8C: change Leader from null to b166f10c-c404-4dcb-a087-ba4800654d2c at term 1 for becomeLeader, leader elected after 5255ms
2020-06-10 23:32:34,801 [b166f10c-c404-4dcb-a087-ba4800654d2c@group-4D43E2E77A8C-LeaderElection1] INFO  server.RaftServerConfigKeys (ConfUtils.java:logGet(44)) - raft.server.staging.catchup.gap = 1000 (default)
2020-06-10 23:32:34,801 [b166f10c-c404-4dcb-a087-ba4800654d2c@group-4D43E2E77A8C-LeaderElection1] INFO  server.RaftServerConfigKeys (ConfUtils.java:logGet(44)) - raft.server.rpc.sleep.time = 25ms (default)
2020-06-10 23:32:34,803 [b166f10c-c404-4dcb-a087-ba4800654d2c@group-4D43E2E77A8C-LeaderElection1] INFO  metrics.RatisMetrics (RatisMetrics.java:lambda$create$0(36)) - Creating Metrics Registry : ratis.log_appender.b166f10c-c404-4dcb-a087-ba4800654d2c@group-4D43E2E77A8C
2020-06-10 23:32:34,805 [b166f10c-c404-4dcb-a087-ba4800654d2c@group-4D43E2E77A8C-LeaderElection1] INFO  server.RaftServerConfigKeys (ConfUtils.java:logGet(44)) - raft.server.write.element-limit = 1024 (custom)
2020-06-10 23:32:34,805 [b166f10c-c404-4dcb-a087-ba4800654d2c@group-4D43E2E77A8C-LeaderElection1] INFO  server.RaftServerConfigKeys (ConfUtils.java:logGet(44)) - raft.server.write.byte-limit = 1073741824 (custom)
2020-06-10 23:32:34,811 [b166f10c-c404-4dcb-a087-ba4800654d2c@group-4D43E2E77A8C-LeaderElection1] INFO  server.RaftServerConfigKeys (ConfUtils.java:logGet(44)) - raft.server.watch.timeout = 3s (custom)
2020-06-10 23:32:34,811 [b166f10c-c404-4dcb-a087-ba4800654d2c@group-4D43E2E77A8C-LeaderElection1] INFO  server.RaftServerConfigKeys (ConfUtils.java:logGet(44)) - raft.server.watch.timeout.denomination = 1s (default)
2020-06-10 23:32:34,812 [b166f10c-c404-4dcb-a087-ba4800654d2c@group-4D43E2E77A8C-LeaderElection1] INFO  server.RaftServerConfigKeys (ConfUtils.java:logGet(44)) - raft.server.watch.element-limit = 65536 (default)
2020-06-10 23:32:34,818 [b166f10c-c404-4dcb-a087-ba4800654d2c@group-4D43E2E77A8C-LeaderElection1] INFO  impl.RoleInfo (RoleInfo.java:updateAndGet(143)) - b166f10c-c404-4dcb-a087-ba4800654d2c: start LeaderState
2020-06-10 23:32:34,833 [b166f10c-c404-4dcb-a087-ba4800654d2c@group-4D43E2E77A8C-LeaderElection1] INFO  segmented.SegmentedRaftLogWorker (SegmentedRaftLogWorker.java:startLogSegment(397)) - b166f10c-c404-4dcb-a087-ba4800654d2c@group-4D43E2E77A8C-SegmentedRaftLogWorker: Starting segment from index:0
2020-06-10 23:32:34,841 [Thread-232] INFO  impl.FollowerState (FollowerState.java:run(108)) - 1aa28a79-6085-416d-8460-1e98e8b061ff@group-CF34ED9AE28B-FollowerState: change to CANDIDATE, lastRpcTime:5090ms, electionTimeout:5067ms
2020-06-10 23:32:34,842 [Thread-232] INFO  impl.RoleInfo (RoleInfo.java:shutdownFollowerState(121)) - 1aa28a79-6085-416d-8460-1e98e8b061ff: shutdown FollowerState
2020-06-10 23:32:34,842 [Thread-232] INFO  impl.RaftServerImpl (RaftServerImpl.java:setRole(175)) - 1aa28a79-6085-416d-8460-1e98e8b061ff@group-CF34ED9AE28B: changes role from  FOLLOWER to CANDIDATE at term 0 for changeToCandidate
2020-06-10 23:32:34,842 [Thread-232] INFO  impl.RoleInfo (RoleInfo.java:updateAndGet(143)) - 1aa28a79-6085-416d-8460-1e98e8b061ff: start LeaderElection
2020-06-10 23:32:34,860 [b166f10c-c404-4dcb-a087-ba4800654d2c@group-4D43E2E77A8C-LeaderElection1] INFO  impl.RaftServerImpl (ServerState.java:setRaftConf(356)) - b166f10c-c404-4dcb-a087-ba4800654d2c@group-4D43E2E77A8C: set configuration 0: [b166f10c-c404-4dcb-a087-ba4800654d2c:172.17.0.2:43565], old=null at 0
2020-06-10 23:32:34,870 [1aa28a79-6085-416d-8460-1e98e8b061ff@group-CF34ED9AE28B-LeaderElection2] INFO  impl.LeaderElection (LeaderElection.java:askForVotes(206)) - 1aa28a79-6085-416d-8460-1e98e8b061ff@group-CF34ED9AE28B-LeaderElection2: begin an election at term 1 for -1: [1aa28a79-6085-416d-8460-1e98e8b061ff:172.17.0.2:39429], old=null
2020-06-10 23:32:34,877 [1aa28a79-6085-416d-8460-1e98e8b061ff@group-CF34ED9AE28B-LeaderElection2] INFO  impl.RoleInfo (RoleInfo.java:shutdownLeaderElection(134)) - 1aa28a79-6085-416d-8460-1e98e8b061ff: shutdown LeaderElection
2020-06-10 23:32:34,877 [1aa28a79-6085-416d-8460-1e98e8b061ff@group-CF34ED9AE28B-LeaderElection2] INFO  impl.RaftServerImpl (RaftServerImpl.java:setRole(175)) - 1aa28a79-6085-416d-8460-1e98e8b061ff@group-CF34ED9AE28B: changes role from CANDIDATE to LEADER at term 1 for changeToLeader
2020-06-10 23:32:34,877 [1aa28a79-6085-416d-8460-1e98e8b061ff@group-CF34ED9AE28B-LeaderElection2] INFO  ratis.XceiverServerRatis (XceiverServerRatis.java:handleLeaderChangedNotification(762)) - Leader change notification received for group: group-CF34ED9AE28B with new leaderId: 1aa28a79-6085-416d-8460-1e98e8b061ff
2020-06-10 23:32:34,878 [1aa28a79-6085-416d-8460-1e98e8b061ff@group-CF34ED9AE28B-LeaderElection2] INFO  impl.RaftServerImpl (ServerState.java:setLeader(255)) - 1aa28a79-6085-416d-8460-1e98e8b061ff@group-CF34ED9AE28B: change Leader from null to 1aa28a79-6085-416d-8460-1e98e8b061ff at term 1 for becomeLeader, leader elected after 5161ms
2020-06-10 23:32:34,878 [1aa28a79-6085-416d-8460-1e98e8b061ff@group-CF34ED9AE28B-LeaderElection2] INFO  server.RaftServerConfigKeys (ConfUtils.java:logGet(44)) - raft.server.staging.catchup.gap = 1000 (default)
2020-06-10 23:32:34,878 [1aa28a79-6085-416d-8460-1e98e8b061ff@group-CF34ED9AE28B-LeaderElection2] INFO  server.RaftServerConfigKeys (ConfUtils.java:logGet(44)) - raft.server.rpc.sleep.time = 25ms (default)
2020-06-10 23:32:34,878 [1aa28a79-6085-416d-8460-1e98e8b061ff@group-CF34ED9AE28B-LeaderElection2] INFO  metrics.RatisMetrics (RatisMetrics.java:lambda$create$0(36)) - Creating Metrics Registry : ratis.log_appender.1aa28a79-6085-416d-8460-1e98e8b061ff@group-CF34ED9AE28B
2020-06-10 23:32:34,878 [1aa28a79-6085-416d-8460-1e98e8b061ff@group-CF34ED9AE28B-LeaderElection2] INFO  server.RaftServerConfigKeys (ConfUtils.java:logGet(44)) - raft.server.write.element-limit = 1024 (custom)
2020-06-10 23:32:34,878 [1aa28a79-6085-416d-8460-1e98e8b061ff@group-CF34ED9AE28B-LeaderElection2] INFO  server.RaftServerConfigKeys (ConfUtils.java:logGet(44)) - raft.server.write.byte-limit = 1073741824 (custom)
2020-06-10 23:32:34,879 [1aa28a79-6085-416d-8460-1e98e8b061ff@group-CF34ED9AE28B-LeaderElection2] INFO  server.RaftServerConfigKeys (ConfUtils.java:logGet(44)) - raft.server.watch.timeout = 3s (custom)
2020-06-10 23:32:34,879 [1aa28a79-6085-416d-8460-1e98e8b061ff@group-CF34ED9AE28B-LeaderElection2] INFO  server.RaftServerConfigKeys (ConfUtils.java:logGet(44)) - raft.server.watch.timeout.denomination = 1s (default)
2020-06-10 23:32:34,879 [1aa28a79-6085-416d-8460-1e98e8b061ff@group-CF34ED9AE28B-LeaderElection2] INFO  server.RaftServerConfigKeys (ConfUtils.java:logGet(44)) - raft.server.watch.element-limit = 65536 (default)
2020-06-10 23:32:34,879 [1aa28a79-6085-416d-8460-1e98e8b061ff@group-CF34ED9AE28B-LeaderElection2] INFO  impl.RoleInfo (RoleInfo.java:updateAndGet(143)) - 1aa28a79-6085-416d-8460-1e98e8b061ff: start LeaderState
2020-06-10 23:32:34,879 [1aa28a79-6085-416d-8460-1e98e8b061ff@group-CF34ED9AE28B-LeaderElection2] INFO  segmented.SegmentedRaftLogWorker (SegmentedRaftLogWorker.java:startLogSegment(397)) - 1aa28a79-6085-416d-8460-1e98e8b061ff@group-CF34ED9AE28B-SegmentedRaftLogWorker: Starting segment from index:0
2020-06-10 23:32:34,880 [1aa28a79-6085-416d-8460-1e98e8b061ff@group-CF34ED9AE28B-LeaderElection2] INFO  impl.RaftServerImpl (ServerState.java:setRaftConf(356)) - 1aa28a79-6085-416d-8460-1e98e8b061ff@group-CF34ED9AE28B: set configuration 0: [1aa28a79-6085-416d-8460-1e98e8b061ff:172.17.0.2:39429], old=null at 0
2020-06-10 23:32:34,959 [Thread-235] INFO  impl.FollowerState (FollowerState.java:run(108)) - b166f10c-c404-4dcb-a087-ba4800654d2c@group-349F9BD86EAC-FollowerState: change to CANDIDATE, lastRpcTime:5109ms, electionTimeout:5104ms
2020-06-10 23:32:34,959 [Thread-235] INFO  impl.RoleInfo (RoleInfo.java:shutdownFollowerState(121)) - b166f10c-c404-4dcb-a087-ba4800654d2c: shutdown FollowerState
2020-06-10 23:32:34,959 [Thread-235] INFO  impl.RaftServerImpl (RaftServerImpl.java:setRole(175)) - b166f10c-c404-4dcb-a087-ba4800654d2c@group-349F9BD86EAC: changes role from  FOLLOWER to CANDIDATE at term 0 for changeToCandidate
2020-06-10 23:32:34,959 [Thread-235] INFO  impl.RoleInfo (RoleInfo.java:updateAndGet(143)) - b166f10c-c404-4dcb-a087-ba4800654d2c: start LeaderElection
2020-06-10 23:32:34,967 [b166f10c-c404-4dcb-a087-ba4800654d2c@group-4D43E2E77A8C-SegmentedRaftLogWorker] INFO  segmented.SegmentedRaftLogWorker (SegmentedRaftLogWorker.java:execute(596)) - b166f10c-c404-4dcb-a087-ba4800654d2c@group-4D43E2E77A8C-SegmentedRaftLogWorker: created new log segment /github/workspace/mnt/ozone/hadoop-ozone/integration-test/target/test-dir/MiniOzoneClusterImpl-8f60d98f-01ba-4335-ba92-853c1a5e70bb/datanode-0/data/ratis/d1eb9c1a-1468-40e1-8d6d-4d43e2e77a8c/current/log_inprogress_0
2020-06-10 23:32:34,967 [1aa28a79-6085-416d-8460-1e98e8b061ff@group-CF34ED9AE28B-SegmentedRaftLogWorker] INFO  segmented.SegmentedRaftLogWorker (SegmentedRaftLogWorker.java:execute(596)) - 1aa28a79-6085-416d-8460-1e98e8b061ff@group-CF34ED9AE28B-SegmentedRaftLogWorker: created new log segment /github/workspace/mnt/ozone/hadoop-ozone/integration-test/target/test-dir/MiniOzoneClusterImpl-8f60d98f-01ba-4335-ba92-853c1a5e70bb/datanode-1/data/ratis/9453edeb-c0ac-41f9-9aa5-cf34ed9ae28b/current/log_inprogress_0
2020-06-10 23:32:34,977 [b166f10c-c404-4dcb-a087-ba4800654d2c@group-349F9BD86EAC-LeaderElection3] INFO  impl.LeaderElection (LeaderElection.java:askForVotes(206)) - b166f10c-c404-4dcb-a087-ba4800654d2c@group-349F9BD86EAC-LeaderElection3: begin an election at term 1 for -1: [1aa28a79-6085-416d-8460-1e98e8b061ff:172.17.0.2:39429, b166f10c-c404-4dcb-a087-ba4800654d2c:172.17.0.2:43565, c3c497a8-7dd5-4f0b-8431-82df52c157aa:172.17.0.2:43239], old=null
2020-06-10 23:32:34,988 [Thread-237] INFO  impl.FollowerState (FollowerState.java:run(108)) - 1aa28a79-6085-416d-8460-1e98e8b061ff@group-349F9BD86EAC-FollowerState: change to CANDIDATE, lastRpcTime:5122ms, electionTimeout:5120ms
2020-06-10 23:32:34,989 [Thread-237] INFO  impl.RoleInfo (RoleInfo.java:shutdownFollowerState(121)) - 1aa28a79-6085-416d-8460-1e98e8b061ff: shutdown FollowerState
2020-06-10 23:32:34,989 [Thread-237] INFO  impl.RaftServerImpl (RaftServerImpl.java:setRole(175)) - 1aa28a79-6085-416d-8460-1e98e8b061ff@group-349F9BD86EAC: changes role from  FOLLOWER to CANDIDATE at term 0 for changeToCandidate
2020-06-10 23:32:34,989 [Thread-237] INFO  impl.RoleInfo (RoleInfo.java:updateAndGet(143)) - 1aa28a79-6085-416d-8460-1e98e8b061ff: start LeaderElection
2020-06-10 23:32:35,002 [grpc-default-executor-2] INFO  impl.RaftServerImpl (RaftServerImpl.java:setRole(175)) - 1aa28a79-6085-416d-8460-1e98e8b061ff@group-349F9BD86EAC: changes role from CANDIDATE to FOLLOWER at term 1 for recognizeCandidate:b166f10c-c404-4dcb-a087-ba4800654d2c
2020-06-10 23:32:35,002 [grpc-default-executor-2] INFO  impl.RoleInfo (RoleInfo.java:shutdownLeaderElection(134)) - 1aa28a79-6085-416d-8460-1e98e8b061ff: shutdown LeaderElection
2020-06-10 23:32:35,002 [grpc-default-executor-2] INFO  impl.RoleInfo (RoleInfo.java:updateAndGet(143)) - 1aa28a79-6085-416d-8460-1e98e8b061ff: start FollowerState
2020-06-10 23:32:35,003 [grpc-default-executor-1] INFO  impl.RaftServerImpl (RaftServerImpl.java:setRole(175)) - c3c497a8-7dd5-4f0b-8431-82df52c157aa@group-349F9BD86EAC: changes role from  FOLLOWER to FOLLOWER at term 1 for recognizeCandidate:b166f10c-c404-4dcb-a087-ba4800654d2c
2020-06-10 23:32:35,007 [grpc-default-executor-1] INFO  impl.RoleInfo (RoleInfo.java:shutdownFollowerState(121)) - c3c497a8-7dd5-4f0b-8431-82df52c157aa: shutdown FollowerState
2020-06-10 23:32:35,011 [grpc-default-executor-1] INFO  impl.RoleInfo (RoleInfo.java:updateAndGet(143)) - c3c497a8-7dd5-4f0b-8431-82df52c157aa: start FollowerState
2020-06-10 23:32:35,011 [Thread-243] INFO  impl.FollowerState (FollowerState.java:run(117)) - c3c497a8-7dd5-4f0b-8431-82df52c157aa@group-349F9BD86EAC-FollowerState was interrupted: java.lang.InterruptedException: sleep interrupted
2020-06-10 23:32:35,029 [1aa28a79-6085-416d-8460-1e98e8b061ff@group-349F9BD86EAC-LeaderElection4] INFO  impl.LeaderElection (LeaderElection.java:askForVotes(206)) - 1aa28a79-6085-416d-8460-1e98e8b061ff@group-349F9BD86EAC-LeaderElection4: begin an election at term 2 for -1: [1aa28a79-6085-416d-8460-1e98e8b061ff:172.17.0.2:39429, b166f10c-c404-4dcb-a087-ba4800654d2c:172.17.0.2:43565, c3c497a8-7dd5-4f0b-8431-82df52c157aa:172.17.0.2:43239], old=null
2020-06-10 23:32:35,039 [b166f10c-c404-4dcb-a087-ba4800654d2c@group-349F9BD86EAC-LeaderElection3] INFO  impl.LeaderElection (LeaderElection.java:logAndReturn(61)) - b166f10c-c404-4dcb-a087-ba4800654d2c@group-349F9BD86EAC-LeaderElection3: Election PASSED; received 1 response(s) [b166f10c-c404-4dcb-a087-ba4800654d2c<-c3c497a8-7dd5-4f0b-8431-82df52c157aa#0:OK-t1] and 0 exception(s); b166f10c-c404-4dcb-a087-ba4800654d2c@group-349F9BD86EAC:t1, leader=null, voted=b166f10c-c404-4dcb-a087-ba4800654d2c, raftlog=b166f10c-c404-4dcb-a087-ba4800654d2c@group-349F9BD86EAC-SegmentedRaftLog:OPENED:c-1,f-1,i0, conf=-1: [1aa28a79-6085-416d-8460-1e98e8b061ff:172.17.0.2:39429, b166f10c-c404-4dcb-a087-ba4800654d2c:172.17.0.2:43565, c3c497a8-7dd5-4f0b-8431-82df52c157aa:172.17.0.2:43239], old=null
2020-06-10 23:32:35,039 [b166f10c-c404-4dcb-a087-ba4800654d2c@group-349F9BD86EAC-LeaderElection3] INFO  impl.RoleInfo (RoleInfo.java:shutdownLeaderElection(134)) - b166f10c-c404-4dcb-a087-ba4800654d2c: shutdown LeaderElection
2020-06-10 23:32:35,039 [b166f10c-c404-4dcb-a087-ba4800654d2c@group-349F9BD86EAC-LeaderElection3] INFO  impl.RaftServerImpl (RaftServerImpl.java:setRole(175)) - b166f10c-c404-4dcb-a087-ba4800654d2c@group-349F9BD86EAC: changes role from CANDIDATE to LEADER at term 1 for changeToLeader
2020-06-10 23:32:35,039 [b166f10c-c404-4dcb-a087-ba4800654d2c@group-349F9BD86EAC-LeaderElection3] INFO  ratis.XceiverServerRatis (XceiverServerRatis.java:handleLeaderChangedNotification(762)) - Leader change notification received for group: group-349F9BD86EAC with new leaderId: b166f10c-c404-4dcb-a087-ba4800654d2c
2020-06-10 23:32:35,040 [b166f10c-c404-4dcb-a087-ba4800654d2c@group-349F9BD86EAC-LeaderElection3] INFO  impl.RaftServerImpl (ServerState.java:setLeader(255)) - b166f10c-c404-4dcb-a087-ba4800654d2c@group-349F9BD86EAC: change Leader from null to b166f10c-c404-4dcb-a087-ba4800654d2c at term 1 for becomeLeader, leader elected after 5223ms
2020-06-10 23:32:35,040 [b166f10c-c404-4dcb-a087-ba4800654d2c@group-349F9BD86EAC-LeaderElection3] INFO  server.RaftServerConfigKeys (ConfUtils.java:logGet(44)) - raft.server.staging.catchup.gap = 1000 (default)
2020-06-10 23:32:35,040 [b166f10c-c404-4dcb-a087-ba4800654d2c@group-349F9BD86EAC-LeaderElection3] INFO  server.RaftServerConfigKeys (ConfUtils.java:logGet(44)) - raft.server.rpc.sleep.time = 25ms (default)
2020-06-10 23:32:35,040 [b166f10c-c404-4dcb-a087-ba4800654d2c@group-349F9BD86EAC-LeaderElection3] INFO  metrics.RatisMetrics (RatisMetrics.java:lambda$create$0(36)) - Creating Metrics Registry : ratis.log_appender.b166f10c-c404-4dcb-a087-ba4800654d2c@group-349F9BD86EAC
2020-06-10 23:32:35,040 [b166f10c-c404-4dcb-a087-ba4800654d2c@group-349F9BD86EAC-LeaderElection3] INFO  server.RaftServerConfigKeys (ConfUtils.java:logGet(44)) - raft.server.write.element-limit = 1024 (custom)
2020-06-10 23:32:35,040 [b166f10c-c404-4dcb-a087-ba4800654d2c@group-349F9BD86EAC-LeaderElection3] INFO  server.RaftServerConfigKeys (ConfUtils.java:logGet(44)) - raft.server.write.byte-limit = 1073741824 (custom)
2020-06-10 23:32:35,040 [b166f10c-c404-4dcb-a087-ba4800654d2c@group-349F9BD86EAC-LeaderElection3] INFO  server.RaftServerConfigKeys (ConfUtils.java:logGet(44)) - raft.server.watch.timeout = 3s (custom)
2020-06-10 23:32:35,041 [b166f10c-c404-4dcb-a087-ba4800654d2c@group-349F9BD86EAC-LeaderElection3] INFO  server.RaftServerConfigKeys (ConfUtils.java:logGet(44)) - raft.server.watch.timeout.denomination = 1s (default)
2020-06-10 23:32:35,041 [b166f10c-c404-4dcb-a087-ba4800654d2c@group-349F9BD86EAC-LeaderElection3] INFO  server.RaftServerConfigKeys (ConfUtils.java:logGet(44)) - raft.server.watch.element-limit = 65536 (default)
2020-06-10 23:32:35,056 [1aa28a79-6085-416d-8460-1e98e8b061ff@group-349F9BD86EAC-LeaderElection4] INFO  impl.LeaderElection (LeaderElection.java:logAndReturn(61)) - 1aa28a79-6085-416d-8460-1e98e8b061ff@group-349F9BD86EAC-LeaderElection4: Election REJECTED; received 0 response(s) [] and 0 exception(s); 1aa28a79-6085-416d-8460-1e98e8b061ff@group-349F9BD86EAC:t2, leader=null, voted=1aa28a79-6085-416d-8460-1e98e8b061ff, raftlog=1aa28a79-6085-416d-8460-1e98e8b061ff@group-349F9BD86EAC-SegmentedRaftLog:OPENED:c-1,f-1,i0, conf=-1: [1aa28a79-6085-416d-8460-1e98e8b061ff:172.17.0.2:39429, b166f10c-c404-4dcb-a087-ba4800654d2c:172.17.0.2:43565, c3c497a8-7dd5-4f0b-8431-82df52c157aa:172.17.0.2:43239], old=null
2020-06-10 23:32:35,060 [b166f10c-c404-4dcb-a087-ba4800654d2c@group-349F9BD86EAC-LeaderElection3] INFO  server.RaftServerConfigKeys (ConfUtils.java:logGet(44)) - raft.server.log.appender.snapshot.chunk.size.max = 16MB (=16777216) (default)
2020-06-10 23:32:35,065 [b166f10c-c404-4dcb-a087-ba4800654d2c@group-349F9BD86EAC-LeaderElection3] INFO  server.RaftServerConfigKeys (ConfUtils.java:logGet(44)) - raft.server.log.appender.buffer.byte-limit = 33554432 (custom)
2020-06-10 23:32:35,060 [EventQueue-PipelineReportForPipelineReportHandler] INFO  pipeline.PipelineStateManager (PipelineStateManager.java:openPipeline(131)) - Pipeline Pipeline[ Id: 0c3dcd96-bd09-4ae5-9fb1-349f9bd86eac, Nodes: b166f10c-c404-4dcb-a087-ba4800654d2c{ip: 172.17.0.2, host: be5d1cd46157, networkLocation: /default-rack, certSerialId: null}1aa28a79-6085-416d-8460-1e98e8b061ff{ip: 172.17.0.2, host: be5d1cd46157, networkLocation: /default-rack, certSerialId: null}c3c497a8-7dd5-4f0b-8431-82df52c157aa{ip: 172.17.0.2, host: be5d1cd46157, networkLocation: /default-rack, certSerialId: null}, Type:RATIS, Factor:THREE, State:ALLOCATED, leaderId:b166f10c-c404-4dcb-a087-ba4800654d2c, CreationTimestamp2020-06-10T23:32:26.778Z] moved to OPEN state
2020-06-10 23:32:35,067 [EventQueue-OpenPipelineForHealthyPipelineSafeModeRule] INFO  safemode.SCMSafeModeManager (HealthyPipelineSafeModeRule.java:process(132)) - SCM in safe mode. Healthy pipelines reported count is 1, required healthy pipeline reported count is 1
2020-06-10 23:32:35,067 [EventQueue-OpenPipelineForHealthyPipelineSafeModeRule] INFO  safemode.SCMSafeModeManager (SCMSafeModeManager.java:validateSafeModeExitRules(213)) - HealthyPipelineSafeModeRule rule is successfully validated
2020-06-10 23:32:35,067 [EventQueue-OpenPipelineForHealthyPipelineSafeModeRule] INFO  safemode.SCMSafeModeManager (SCMSafeModeManager.java:validateSafeModeExitRules(227)) - ScmSafeModeManager, all rules are successfully validated
2020-06-10 23:32:35,067 [EventQueue-OpenPipelineForHealthyPipelineSafeModeRule] INFO  safemode.SCMSafeModeManager (SCMSafeModeManager.java:exitSafeMode(256)) - SCM exiting safe mode.
2020-06-10 23:32:35,066 [b166f10c-c404-4dcb-a087-ba4800654d2c@group-349F9BD86EAC-LeaderElection3] INFO  server.RaftServerConfigKeys (ConfUtils.java:logGet(44)) - raft.server.log.appender.buffer.element-limit = 1 (custom)
2020-06-10 23:32:35,065 [grpc-default-executor-1] INFO  impl.RaftServerImpl (RaftServerImpl.java:setRole(175)) - c3c497a8-7dd5-4f0b-8431-82df52c157aa@group-349F9BD86EAC: changes role from  FOLLOWER to FOLLOWER at term 2 for recognizeCandidate:1aa28a79-6085-416d-8460-1e98e8b061ff
2020-06-10 23:32:35,074 [grpc-default-executor-1] INFO  impl.RoleInfo (RoleInfo.java:shutdownFollowerState(121)) - c3c497a8-7dd5-4f0b-8431-82df52c157aa: shutdown FollowerState
2020-06-10 23:32:35,074 [grpc-default-executor-1] INFO  impl.RoleInfo (RoleInfo.java:updateAndGet(143)) - c3c497a8-7dd5-4f0b-8431-82df52c157aa: start FollowerState
2020-06-10 23:32:35,074 [Thread-301] INFO  impl.FollowerState (FollowerState.java:run(117)) - c3c497a8-7dd5-4f0b-8431-82df52c157aa@group-349F9BD86EAC-FollowerState was interrupted: java.lang.InterruptedException: sleep interrupted
2020-06-10 23:32:35,078 [b166f10c-c404-4dcb-a087-ba4800654d2c@group-349F9BD86EAC-LeaderElection3] INFO  grpc.GrpcConfigKeys (ConfUtils.java:logGet(44)) - raft.grpc.server.leader.outstanding.appends.max = 128 (default)
2020-06-10 23:32:35,078 [b166f10c-c404-4dcb-a087-ba4800654d2c@group-349F9BD86EAC-LeaderElection3] INFO  server.RaftServerConfigKeys (ConfUtils.java:logGet(44)) - raft.server.rpc.request.timeout = 3s (default)
2020-06-10 23:32:35,079 [b166f10c-c404-4dcb-a087-ba4800654d2c@group-349F9BD86EAC-LeaderElection3] INFO  server.RaftServerConfigKeys (ConfUtils.java:logGet(44)) - raft.server.log.appender.install.snapshot.enabled = false (custom)
2020-06-10 23:32:35,079 [b166f10c-c404-4dcb-a087-ba4800654d2c@group-349F9BD86EAC-LeaderElection3] INFO  metrics.RatisMetrics (RatisMetrics.java:lambda$create$0(36)) - Creating Metrics Registry : ratis_grpc.log_appender.b166f10c-c404-4dcb-a087-ba4800654d2c@group-349F9BD86EAC
2020-06-10 23:32:35,081 [Thread-239] INFO  impl.FollowerState (FollowerState.java:run(108)) - c3c497a8-7dd5-4f0b-8431-82df52c157aa@group-83253E31AFC1-FollowerState: change to CANDIDATE, lastRpcTime:5180ms, electionTimeout:5176ms
2020-06-10 23:32:35,082 [Thread-239] INFO  impl.RoleInfo (RoleInfo.java:shutdownFollowerState(121)) - c3c497a8-7dd5-4f0b-8431-82df52c157aa: shutdown FollowerState
2020-06-10 23:32:35,082 [Thread-239] INFO  impl.RaftServerImpl (RaftServerImpl.java:setRole(175)) - c3c497a8-7dd5-4f0b-8431-82df52c157aa@group-83253E31AFC1: changes role from  FOLLOWER to CANDIDATE at term 0 for changeToCandidate
2020-06-10 23:32:35,082 [Thread-239] INFO  impl.RoleInfo (RoleInfo.java:updateAndGet(143)) - c3c497a8-7dd5-4f0b-8431-82df52c157aa: start LeaderElection
2020-06-10 23:32:35,096 [b166f10c-c404-4dcb-a087-ba4800654d2c@group-349F9BD86EAC-LeaderElection3] INFO  server.RaftServerConfigKeys (ConfUtils.java:logGet(44)) - raft.server.log.appender.snapshot.chunk.size.max = 16MB (=16777216) (default)
2020-06-10 23:32:35,096 [b166f10c-c404-4dcb-a087-ba4800654d2c@group-349F9BD86EAC-LeaderElection3] INFO  server.RaftServerConfigKeys (ConfUtils.java:logGet(44)) - raft.server.log.appender.buffer.byte-limit = 33554432 (custom)
2020-06-10 23:32:35,096 [b166f10c-c404-4dcb-a087-ba4800654d2c@group-349F9BD86EAC-LeaderElection3] INFO  server.RaftServerConfigKeys (ConfUtils.java:logGet(44)) - raft.server.log.appender.buffer.element-limit = 1 (custom)
2020-06-10 23:32:35,096 [c3c497a8-7dd5-4f0b-8431-82df52c157aa@group-83253E31AFC1-LeaderElection5] INFO  impl.LeaderElection (LeaderElection.java:askForVotes(206)) - c3c497a8-7dd5-4f0b-8431-82df52c157aa@group-83253E31AFC1-LeaderElection5: begin an election at term 1 for -1: [c3c497a8-7dd5-4f0b-8431-82df52c157aa:172.17.0.2:43239], old=null
2020-06-10 23:32:35,097 [c3c497a8-7dd5-4f0b-8431-82df52c157aa@group-83253E31AFC1-LeaderElection5] INFO  impl.RoleInfo (RoleInfo.java:shutdownLeaderElection(134)) - c3c497a8-7dd5-4f0b-8431-82df52c157aa: shutdown LeaderElection
2020-06-10 23:32:35,097 [c3c497a8-7dd5-4f0b-8431-82df52c157aa@group-83253E31AFC1-LeaderElection5] INFO  impl.RaftServerImpl (RaftServerImpl.java:setRole(175)) - c3c497a8-7dd5-4f0b-8431-82df52c157aa@group-83253E31AFC1: changes role from CANDIDATE to LEADER at term 1 for changeToLeader
2020-06-10 23:32:35,097 [c3c497a8-7dd5-4f0b-8431-82df52c157aa@group-83253E31AFC1-LeaderElection5] INFO  ratis.XceiverServerRatis (XceiverServerRatis.java:handleLeaderChangedNotification(762)) - Leader change notification received for group: group-83253E31AFC1 with new leaderId: c3c497a8-7dd5-4f0b-8431-82df52c157aa
2020-06-10 23:32:35,097 [c3c497a8-7dd5-4f0b-8431-82df52c157aa@group-83253E31AFC1-LeaderElection5] INFO  impl.RaftServerImpl (ServerState.java:setLeader(255)) - c3c497a8-7dd5-4f0b-8431-82df52c157aa@group-83253E31AFC1: change Leader from null to c3c497a8-7dd5-4f0b-8431-82df52c157aa at term 1 for becomeLeader, leader elected after 5257ms
2020-06-10 23:32:35,097 [c3c497a8-7dd5-4f0b-8431-82df52c157aa@group-83253E31AFC1-LeaderElection5] INFO  server.RaftServerConfigKeys (ConfUtils.java:logGet(44)) - raft.server.staging.catchup.gap = 1000 (default)
2020-06-10 23:32:35,098 [c3c497a8-7dd5-4f0b-8431-82df52c157aa@group-83253E31AFC1-LeaderElection5] INFO  server.RaftServerConfigKeys (ConfUtils.java:logGet(44)) - raft.server.rpc.sleep.time = 25ms (default)
2020-06-10 23:32:35,098 [c3c497a8-7dd5-4f0b-8431-82df52c157aa@group-83253E31AFC1-LeaderElection5] INFO  metrics.RatisMetrics (RatisMetrics.java:lambda$create$0(36)) - Creating Metrics Registry : ratis.log_appender.c3c497a8-7dd5-4f0b-8431-82df52c157aa@group-83253E31AFC1
2020-06-10 23:32:35,099 [c3c497a8-7dd5-4f0b-8431-82df52c157aa@group-83253E31AFC1-LeaderElection5] INFO  server.RaftServerConfigKeys (ConfUtils.java:logGet(44)) - raft.server.write.element-limit = 1024 (custom)
2020-06-10 23:32:35,099 [c3c497a8-7dd5-4f0b-8431-82df52c157aa@group-83253E31AFC1-LeaderElection5] INFO  server.RaftServerConfigKeys (ConfUtils.java:logGet(44)) - raft.server.write.byte-limit = 1073741824 (custom)
2020-06-10 23:32:35,097 [b166f10c-c404-4dcb-a087-ba4800654d2c@group-349F9BD86EAC-LeaderElection3] INFO  grpc.GrpcConfigKeys (ConfUtils.java:logGet(44)) - raft.grpc.server.leader.outstanding.appends.max = 128 (default)
2020-06-10 23:32:35,100 [b166f10c-c404-4dcb-a087-ba4800654d2c@group-349F9BD86EAC-LeaderElection3] INFO  server.RaftServerConfigKeys (ConfUtils.java:logGet(44)) - raft.server.rpc.request.timeout = 3s (default)
2020-06-10 23:32:35,100 [b166f10c-c404-4dcb-a087-ba4800654d2c@group-349F9BD86EAC-LeaderElection3] INFO  server.RaftServerConfigKeys (ConfUtils.java:logGet(44)) - raft.server.log.appender.install.snapshot.enabled = false (custom)
2020-06-10 23:32:35,102 [b166f10c-c404-4dcb-a087-ba4800654d2c@group-349F9BD86EAC-LeaderElection3] INFO  impl.RoleInfo (RoleInfo.java:updateAndGet(143)) - b166f10c-c404-4dcb-a087-ba4800654d2c: start LeaderState
2020-06-10 23:32:35,102 [b166f10c-c404-4dcb-a087-ba4800654d2c@group-349F9BD86EAC-LeaderElection3] INFO  segmented.SegmentedRaftLogWorker (SegmentedRaftLogWorker.java:startLogSegment(397)) - b166f10c-c404-4dcb-a087-ba4800654d2c@group-349F9BD86EAC-SegmentedRaftLogWorker: Starting segment from index:0
2020-06-10 23:32:35,102 [c3c497a8-7dd5-4f0b-8431-82df52c157aa@group-83253E31AFC1-LeaderElection5] INFO  server.RaftServerConfigKeys (ConfUtils.java:logGet(44)) - raft.server.watch.timeout = 3s (custom)
2020-06-10 23:32:35,103 [c3c497a8-7dd5-4f0b-8431-82df52c157aa@group-83253E31AFC1-LeaderElection5] INFO  server.RaftServerConfigKeys (ConfUtils.java:logGet(44)) - raft.server.watch.timeout.denomination = 1s (default)
2020-06-10 23:32:35,103 [c3c497a8-7dd5-4f0b-8431-82df52c157aa@group-83253E31AFC1-LeaderElection5] INFO  server.RaftServerConfigKeys (ConfUtils.java:logGet(44)) - raft.server.watch.element-limit = 65536 (default)
2020-06-10 23:32:35,104 [c3c497a8-7dd5-4f0b-8431-82df52c157aa@group-83253E31AFC1-LeaderElection5] INFO  impl.RoleInfo (RoleInfo.java:updateAndGet(143)) - c3c497a8-7dd5-4f0b-8431-82df52c157aa: start LeaderState
2020-06-10 23:32:35,104 [c3c497a8-7dd5-4f0b-8431-82df52c157aa@group-83253E31AFC1-LeaderElection5] INFO  segmented.SegmentedRaftLogWorker (SegmentedRaftLogWorker.java:startLogSegment(397)) - c3c497a8-7dd5-4f0b-8431-82df52c157aa@group-83253E31AFC1-SegmentedRaftLogWorker: Starting segment from index:0
2020-06-10 23:32:35,105 [b166f10c-c404-4dcb-a087-ba4800654d2c@group-349F9BD86EAC-SegmentedRaftLogWorker] INFO  segmented.SegmentedRaftLogWorker (SegmentedRaftLogWorker.java:execute(596)) - b166f10c-c404-4dcb-a087-ba4800654d2c@group-349F9BD86EAC-SegmentedRaftLogWorker: created new log segment /github/workspace/mnt/ozone/hadoop-ozone/integration-test/target/test-dir/MiniOzoneClusterImpl-8f60d98f-01ba-4335-ba92-853c1a5e70bb/datanode-0/data/ratis/0c3dcd96-bd09-4ae5-9fb1-349f9bd86eac/current/log_inprogress_0
2020-06-10 23:32:35,111 [Thread-241] INFO  impl.FollowerState (FollowerState.java:run(108)) - 0a730c46-ee0f-4298-8093-6277af9a8f8e@group-7537466E5FD3-FollowerState: change to CANDIDATE, lastRpcTime:5173ms, electionTimeout:5154ms
2020-06-10 23:32:35,111 [b166f10c-c404-4dcb-a087-ba4800654d2c@group-349F9BD86EAC-LeaderElection3] INFO  impl.RaftServerImpl (ServerState.java:setRaftConf(356)) - b166f10c-c404-4dcb-a087-ba4800654d2c@group-349F9BD86EAC: set configuration 0: [1aa28a79-6085-416d-8460-1e98e8b061ff:172.17.0.2:39429, b166f10c-c404-4dcb-a087-ba4800654d2c:172.17.0.2:43565, c3c497a8-7dd5-4f0b-8431-82df52c157aa:172.17.0.2:43239], old=null at 0
2020-06-10 23:32:35,112 [grpc-default-executor-2] INFO  impl.RaftServerImpl (ServerState.java:setLeader(255)) - b166f10c-c404-4dcb-a087-ba4800654d2c@group-349F9BD86EAC: change Leader from b166f10c-c404-4dcb-a087-ba4800654d2c to null at term 2 for updateCurrentTerm
2020-06-10 23:32:35,111 [Thread-241] INFO  impl.RoleInfo (RoleInfo.java:shutdownFollowerState(121)) - 0a730c46-ee0f-4298-8093-6277af9a8f8e: shutdown FollowerState
2020-06-10 23:32:35,112 [Thread-241] INFO  impl.RaftServerImpl (RaftServerImpl.java:setRole(175)) - 0a730c46-ee0f-4298-8093-6277af9a8f8e@group-7537466E5FD3: changes role from  FOLLOWER to CANDIDATE at term 0 for changeToCandidate
2020-06-10 23:32:35,112 [grpc-default-executor-2] INFO  impl.RaftServerImpl (RaftServerImpl.java:setRole(175)) - b166f10c-c404-4dcb-a087-ba4800654d2c@group-349F9BD86EAC: changes role from    LEADER to FOLLOWER at term 2 for recognizeCandidate:1aa28a79-6085-416d-8460-1e98e8b061ff
2020-06-10 23:32:35,113 [grpc-default-executor-2] INFO  impl.RoleInfo (RoleInfo.java:shutdownLeaderState(104)) - b166f10c-c404-4dcb-a087-ba4800654d2c: shutdown LeaderState
2020-06-10 23:32:35,113 [grpc-default-executor-2] INFO  metrics.RatisMetrics (RatisMetrics.java:unregister(43)) - Unregistering Metrics Registry : ratis_grpc.log_appender.b166f10c-c404-4dcb-a087-ba4800654d2c@group-349F9BD86EAC
2020-06-10 23:32:35,115 [c3c497a8-7dd5-4f0b-8431-82df52c157aa@group-83253E31AFC1-SegmentedRaftLogWorker] INFO  segmented.SegmentedRaftLogWorker (SegmentedRaftLogWorker.java:execute(596)) - c3c497a8-7dd5-4f0b-8431-82df52c157aa@group-83253E31AFC1-SegmentedRaftLogWorker: created new log segment /github/workspace/mnt/ozone/hadoop-ozone/integration-test/target/test-dir/MiniOzoneClusterImpl-8f60d98f-01ba-4335-ba92-853c1a5e70bb/datanode-2/data/ratis/35c0b9ea-a962-4f56-8b42-83253e31afc1/current/log_inprogress_0
2020-06-10 23:32:35,121 [Thread-245] INFO  impl.FollowerState (FollowerState.java:run(108)) - 0a730c46-ee0f-4298-8093-6277af9a8f8e@group-5875A35477B4-FollowerState: change to CANDIDATE, lastRpcTime:5114ms, electionTimeout:5111ms
2020-06-10 23:32:35,121 [Thread-245] INFO  impl.RoleInfo (RoleInfo.java:shutdownFollowerState(121)) - 0a730c46-ee0f-4298-8093-6277af9a8f8e: shutdown FollowerState
2020-06-10 23:32:35,121 [Thread-245] INFO  impl.RaftServerImpl (RaftServerImpl.java:setRole(175)) - 0a730c46-ee0f-4298-8093-6277af9a8f8e@group-5875A35477B4: changes role from  FOLLOWER to CANDIDATE at term 0 for changeToCandidate
2020-06-10 23:32:35,129 [c3c497a8-7dd5-4f0b-8431-82df52c157aa@group-83253E31AFC1-LeaderElection5] INFO  impl.RaftServerImpl (ServerState.java:setRaftConf(356)) - c3c497a8-7dd5-4f0b-8431-82df52c157aa@group-83253E31AFC1: set configuration 0: [c3c497a8-7dd5-4f0b-8431-82df52c157aa:172.17.0.2:43239], old=null at 0
2020-06-10 23:32:35,130 [Thread-245] INFO  impl.RoleInfo (RoleInfo.java:updateAndGet(143)) - 0a730c46-ee0f-4298-8093-6277af9a8f8e: start LeaderElection
2020-06-10 23:32:35,136 [Thread-241] INFO  impl.RoleInfo (RoleInfo.java:updateAndGet(143)) - 0a730c46-ee0f-4298-8093-6277af9a8f8e: start LeaderElection
2020-06-10 23:32:35,143 [grpc-default-executor-2] INFO  metrics.RatisMetrics (RatisMetrics.java:unregister(43)) - Unregistering Metrics Registry : ratis_grpc.log_appender.b166f10c-c404-4dcb-a087-ba4800654d2c@group-349F9BD86EAC
2020-06-10 23:32:35,144 [org.apache.ratis.server.impl.LogAppender$AppenderDaemon$$Lambda$465/412739230@1b9bc7d9] WARN  server.GrpcLogAppender (GrpcLogAppender.java:mayWait(153)) - b166f10c-c404-4dcb-a087-ba4800654d2c@group-349F9BD86EAC->1aa28a79-6085-416d-8460-1e98e8b061ff-GrpcLogAppender: Wait interrupted by java.lang.InterruptedException
2020-06-10 23:32:35,147 [grpc-default-executor-4] INFO  server.GrpcServerProtocolService (GrpcServerProtocolService.java:onCompleted(138)) - 1aa28a79-6085-416d-8460-1e98e8b061ff: Completed APPEND_ENTRIES, lastRequest: b166f10c-c404-4dcb-a087-ba4800654d2c->1aa28a79-6085-416d-8460-1e98e8b061ff#1-t1, previous=(t:0, i:0), leaderCommit=-1, initializing? false, entries: size=1, first=(t:1, i:0), CONFIGURATIONENTRY
2020-06-10 23:32:35,149 [grpc-default-executor-2] INFO  impl.PendingRequests (PendingRequests.java:sendNotLeaderResponses(249)) - b166f10c-c404-4dcb-a087-ba4800654d2c@group-349F9BD86EAC-PendingRequests: sendNotLeaderResponses
2020-06-10 23:32:35,150 [grpc-default-executor-2] INFO  metrics.RatisMetrics (RatisMetrics.java:unregister(43)) - Unregistering Metrics Registry : ratis.log_appender.b166f10c-c404-4dcb-a087-ba4800654d2c@group-349F9BD86EAC
2020-06-10 23:32:35,150 [grpc-default-executor-2] INFO  metrics.RatisMetrics (RatisMetrics.java:unregister(43)) - Unregistering Metrics Registry : ratis.server.b166f10c-c404-4dcb-a087-ba4800654d2c@group-349F9BD86EAC
2020-06-10 23:32:35,150 [grpc-default-executor-2] INFO  impl.RoleInfo (RoleInfo.java:updateAndGet(143)) - b166f10c-c404-4dcb-a087-ba4800654d2c: start FollowerState
2020-06-10 23:32:35,152 [0a730c46-ee0f-4298-8093-6277af9a8f8e@group-5875A35477B4-LeaderElection7] INFO  impl.LeaderElection (LeaderElection.java:askForVotes(206)) - 0a730c46-ee0f-4298-8093-6277af9a8f8e@group-5875A35477B4-LeaderElection7: begin an election at term 1 for -1: [e1213966-9098-4efb-a904-a4cb2a6fb33e:172.17.0.2:36871, 868206e5-f05c-4376-a56d-5589c771f96d:172.17.0.2:37567, 0a730c46-ee0f-4298-8093-6277af9a8f8e:172.17.0.2:44173], old=null
2020-06-10 23:32:35,151 [org.apache.ratis.server.impl.LogAppender$AppenderDaemon$$Lambda$465/412739230@24320de2] WARN  server.GrpcLogAppender (GrpcLogAppender.java:mayWait(153)) - b166f10c-c404-4dcb-a087-ba4800654d2c@group-349F9BD86EAC->c3c497a8-7dd5-4f0b-8431-82df52c157aa-GrpcLogAppender: Wait interrupted by java.lang.InterruptedException
2020-06-10 23:32:35,170 [Listener at 127.0.0.1/37921] INFO  ozone.MiniOzoneClusterImpl (MiniOzoneClusterImpl.java:lambda$waitForClusterToBeReady$0(177)) - Nodes are ready. Got 7 of 7 DN Heartbeats.
2020-06-10 23:32:35,170 [Listener at 127.0.0.1/37921] INFO  ozone.MiniOzoneClusterImpl (MiniOzoneClusterImpl.java:lambda$waitForClusterToBeReady$0(180)) - Cluster exits safe mode
2020-06-10 23:32:35,170 [0a730c46-ee0f-4298-8093-6277af9a8f8e@group-7537466E5FD3-LeaderElection6] INFO  impl.LeaderElection (LeaderElection.java:askForVotes(206)) - 0a730c46-ee0f-4298-8093-6277af9a8f8e@group-7537466E5FD3-LeaderElection6: begin an election at term 1 for -1: [0a730c46-ee0f-4298-8093-6277af9a8f8e:172.17.0.2:44173], old=null
2020-06-10 23:32:35,170 [0a730c46-ee0f-4298-8093-6277af9a8f8e@group-7537466E5FD3-LeaderElection6] INFO  impl.RoleInfo (RoleInfo.java:shutdownLeaderElection(134)) - 0a730c46-ee0f-4298-8093-6277af9a8f8e: shutdown LeaderElection
2020-06-10 23:32:35,170 [0a730c46-ee0f-4298-8093-6277af9a8f8e@group-7537466E5FD3-LeaderElection6] INFO  impl.RaftServerImpl (RaftServerImpl.java:setRole(175)) - 0a730c46-ee0f-4298-8093-6277af9a8f8e@group-7537466E5FD3: changes role from CANDIDATE to LEADER at term 1 for changeToLeader
2020-06-10 23:32:35,170 [0a730c46-ee0f-4298-8093-6277af9a8f8e@group-7537466E5FD3-LeaderElection6] INFO  ratis.XceiverServerRatis (XceiverServerRatis.java:handleLeaderChangedNotification(762)) - Leader change notification received for group: group-7537466E5FD3 with new leaderId: 0a730c46-ee0f-4298-8093-6277af9a8f8e
2020-06-10 23:32:35,170 [0a730c46-ee0f-4298-8093-6277af9a8f8e@group-7537466E5FD3-LeaderElection6] INFO  impl.RaftServerImpl (ServerState.java:setLeader(255)) - 0a730c46-ee0f-4298-8093-6277af9a8f8e@group-7537466E5FD3: change Leader from null to 0a730c46-ee0f-4298-8093-6277af9a8f8e at term 1 for becomeLeader, leader elected after 5239ms
2020-06-10 23:32:35,170 [0a730c46-ee0f-4298-8093-6277af9a8f8e@group-7537466E5FD3-LeaderElection6] INFO  server.RaftServerConfigKeys (ConfUtils.java:logGet(44)) - raft.server.staging.catchup.gap = 1000 (default)
2020-06-10 23:32:35,171 [0a730c46-ee0f-4298-8093-6277af9a8f8e@group-7537466E5FD3-LeaderElection6] INFO  server.RaftServerConfigKeys (ConfUtils.java:logGet(44)) - raft.server.rpc.sleep.time = 25ms (default)
2020-06-10 23:32:35,171 [0a730c46-ee0f-4298-8093-6277af9a8f8e@group-7537466E5FD3-LeaderElection6] INFO  metrics.RatisMetrics (RatisMetrics.java:lambda$create$0(36)) - Creating Metrics Registry : ratis.log_appender.0a730c46-ee0f-4298-8093-6277af9a8f8e@group-7537466E5FD3
2020-06-10 23:32:35,171 [0a730c46-ee0f-4298-8093-6277af9a8f8e@group-7537466E5FD3-LeaderElection6] INFO  server.RaftServerConfigKeys (ConfUtils.java:logGet(44)) - raft.server.write.element-limit = 1024 (custom)
2020-06-10 23:32:35,171 [0a730c46-ee0f-4298-8093-6277af9a8f8e@group-7537466E5FD3-LeaderElection6] INFO  server.RaftServerConfigKeys (ConfUtils.java:logGet(44)) - raft.server.write.byte-limit = 1073741824 (custom)
2020-06-10 23:32:35,171 [0a730c46-ee0f-4298-8093-6277af9a8f8e@group-7537466E5FD3-LeaderElection6] INFO  server.RaftServerConfigKeys (ConfUtils.java:logGet(44)) - raft.server.watch.timeout = 3s (custom)
2020-06-10 23:32:35,171 [0a730c46-ee0f-4298-8093-6277af9a8f8e@group-7537466E5FD3-LeaderElection6] INFO  server.RaftServerConfigKeys (ConfUtils.java:logGet(44)) - raft.server.watch.timeout.denomination = 1s (default)
2020-06-10 23:32:35,172 [0a730c46-ee0f-4298-8093-6277af9a8f8e@group-7537466E5FD3-LeaderElection6] INFO  server.RaftServerConfigKeys (ConfUtils.java:logGet(44)) - raft.server.watch.element-limit = 65536 (default)
2020-06-10 23:32:35,172 [0a730c46-ee0f-4298-8093-6277af9a8f8e@group-7537466E5FD3-LeaderElection6] INFO  impl.RoleInfo (RoleInfo.java:updateAndGet(143)) - 0a730c46-ee0f-4298-8093-6277af9a8f8e: start LeaderState
2020-06-10 23:32:35,172 [0a730c46-ee0f-4298-8093-6277af9a8f8e@group-7537466E5FD3-LeaderElection6] INFO  segmented.SegmentedRaftLogWorker (SegmentedRaftLogWorker.java:startLogSegment(397)) - 0a730c46-ee0f-4298-8093-6277af9a8f8e@group-7537466E5FD3-SegmentedRaftLogWorker: Starting segment from index:0
2020-06-10 23:32:35,156 [grpc-default-executor-0] INFO  server.GrpcLogAppender (GrpcLogAppender.java:onCompleted(319)) - b166f10c-c404-4dcb-a087-ba4800654d2c@group-349F9BD86EAC->1aa28a79-6085-416d-8460-1e98e8b061ff-AppendLogResponseHandler: follower responses appendEntries COMPLETED
2020-06-10 23:32:35,174 [0a730c46-ee0f-4298-8093-6277af9a8f8e@group-7537466E5FD3-SegmentedRaftLogWorker] INFO  segmented.SegmentedRaftLogWorker (SegmentedRaftLogWorker.java:execute(596)) - 0a730c46-ee0f-4298-8093-6277af9a8f8e@group-7537466E5FD3-SegmentedRaftLogWorker: created new log segment /github/workspace/mnt/ozone/hadoop-ozone/integration-test/target/test-dir/MiniOzoneClusterImpl-8f60d98f-01ba-4335-ba92-853c1a5e70bb/datanode-3/data/ratis/fb027aba-6a6e-4d18-891e-7537466e5fd3/current/log_inprogress_0
2020-06-10 23:32:35,177 [0a730c46-ee0f-4298-8093-6277af9a8f8e@group-7537466E5FD3-LeaderElection6] INFO  impl.RaftServerImpl (ServerState.java:setRaftConf(356)) - 0a730c46-ee0f-4298-8093-6277af9a8f8e@group-7537466E5FD3: set configuration 0: [0a730c46-ee0f-4298-8093-6277af9a8f8e:172.17.0.2:44173], old=null at 0
2020-06-10 23:32:35,178 [grpc-default-executor-1] INFO  server.GrpcServerProtocolService (GrpcServerProtocolService.java:onCompleted(138)) - c3c497a8-7dd5-4f0b-8431-82df52c157aa: Completed APPEND_ENTRIES, lastRequest: b166f10c-c404-4dcb-a087-ba4800654d2c->c3c497a8-7dd5-4f0b-8431-82df52c157aa#1-t1, previous=(t:0, i:0), leaderCommit=-1, initializing? false, entries: size=1, first=(t:1, i:0), CONFIGURATIONENTRY
2020-06-10 23:32:35,184 [grpc-default-executor-1] INFO  server.GrpcLogAppender (GrpcLogAppender.java:onCompleted(319)) - b166f10c-c404-4dcb-a087-ba4800654d2c@group-349F9BD86EAC->c3c497a8-7dd5-4f0b-8431-82df52c157aa-AppendLogResponseHandler: follower responses appendEntries COMPLETED
2020-06-10 23:32:35,199 [grpc-default-executor-2] INFO  impl.RaftServerImpl (RaftServerImpl.java:setRole(175)) - 868206e5-f05c-4376-a56d-5589c771f96d@group-5875A35477B4: changes role from  FOLLOWER to FOLLOWER at term 1 for recognizeCandidate:0a730c46-ee0f-4298-8093-6277af9a8f8e
2020-06-10 23:32:35,199 [grpc-default-executor-2] INFO  impl.RoleInfo (RoleInfo.java:shutdownFollowerState(121)) - 868206e5-f05c-4376-a56d-5589c771f96d: shutdown FollowerState
2020-06-10 23:32:35,199 [grpc-default-executor-2] INFO  impl.RoleInfo (RoleInfo.java:updateAndGet(143)) - 868206e5-f05c-4376-a56d-5589c771f96d: start FollowerState
2020-06-10 23:32:35,199 [Thread-254] INFO  impl.FollowerState (FollowerState.java:run(117)) - 868206e5-f05c-4376-a56d-5589c771f96d@group-5875A35477B4-FollowerState was interrupted: java.lang.InterruptedException: sleep interrupted
2020-06-10 23:32:35,200 [grpc-default-executor-4] INFO  impl.RaftServerImpl (RaftServerImpl.java:setRole(175)) - e1213966-9098-4efb-a904-a4cb2a6fb33e@group-5875A35477B4: changes role from  FOLLOWER to FOLLOWER at term 1 for recognizeCandidate:0a730c46-ee0f-4298-8093-6277af9a8f8e
2020-06-10 23:32:35,200 [grpc-default-executor-4] INFO  impl.RoleInfo (RoleInfo.java:shutdownFollowerState(121)) - e1213966-9098-4efb-a904-a4cb2a6fb33e: shutdown FollowerState
2020-06-10 23:32:35,204 [grpc-default-executor-4] INFO  impl.RoleInfo (RoleInfo.java:updateAndGet(143)) - e1213966-9098-4efb-a904-a4cb2a6fb33e: start FollowerState
2020-06-10 23:32:35,204 [Thread-251] INFO  impl.FollowerState (FollowerState.java:run(117)) - e1213966-9098-4efb-a904-a4cb2a6fb33e@group-5875A35477B4-FollowerState was interrupted: java.lang.InterruptedException: sleep interrupted
2020-06-10 23:32:35,206 [grpc-default-executor-0] INFO  impl.FollowerInfo (FollowerInfo.java:lambda$new$0(51)) - b166f10c-c404-4dcb-a087-ba4800654d2c@group-349F9BD86EAC->1aa28a79-6085-416d-8460-1e98e8b061ff: nextIndex: updateUnconditionally 1 -> 0
2020-06-10 23:32:35,209 [0a730c46-ee0f-4298-8093-6277af9a8f8e@group-5875A35477B4-LeaderElection7] INFO  impl.LeaderElection (LeaderElection.java:logAndReturn(61)) - 0a730c46-ee0f-4298-8093-6277af9a8f8e@group-5875A35477B4-LeaderElection7: Election PASSED; received 1 response(s) [0a730c46-ee0f-4298-8093-6277af9a8f8e<-e1213966-9098-4efb-a904-a4cb2a6fb33e#0:OK-t1] and 0 exception(s); 0a730c46-ee0f-4298-8093-6277af9a8f8e@group-5875A35477B4:t1, leader=null, voted=0a730c46-ee0f-4298-8093-6277af9a8f8e, raftlog=0a730c46-ee0f-4298-8093-6277af9a8f8e@group-5875A35477B4-SegmentedRaftLog:OPENED:c-1,f-1,i0, conf=-1: [e1213966-9098-4efb-a904-a4cb2a6fb33e:172.17.0.2:36871, 868206e5-f05c-4376-a56d-5589c771f96d:172.17.0.2:37567, 0a730c46-ee0f-4298-8093-6277af9a8f8e:172.17.0.2:44173], old=null
2020-06-10 23:32:35,209 [0a730c46-ee0f-4298-8093-6277af9a8f8e@group-5875A35477B4-LeaderElection7] INFO  impl.RoleInfo (RoleInfo.java:shutdownLeaderElection(134)) - 0a730c46-ee0f-4298-8093-6277af9a8f8e: shutdown LeaderElection
2020-06-10 23:32:35,209 [0a730c46-ee0f-4298-8093-6277af9a8f8e@group-5875A35477B4-LeaderElection7] INFO  impl.RaftServerImpl (RaftServerImpl.java:setRole(175)) - 0a730c46-ee0f-4298-8093-6277af9a8f8e@group-5875A35477B4: changes role from CANDIDATE to LEADER at term 1 for changeToLeader
2020-06-10 23:32:35,209 [0a730c46-ee0f-4298-8093-6277af9a8f8e@group-5875A35477B4-LeaderElection7] INFO  ratis.XceiverServerRatis (XceiverServerRatis.java:handleLeaderChangedNotification(762)) - Leader change notification received for group: group-5875A35477B4 with new leaderId: 0a730c46-ee0f-4298-8093-6277af9a8f8e
2020-06-10 23:32:35,209 [0a730c46-ee0f-4298-8093-6277af9a8f8e@group-5875A35477B4-LeaderElection7] INFO  impl.RaftServerImpl (ServerState.java:setLeader(255)) - 0a730c46-ee0f-4298-8093-6277af9a8f8e@group-5875A35477B4: change Leader from null to 0a730c46-ee0f-4298-8093-6277af9a8f8e at term 1 for becomeLeader, leader elected after 5224ms
2020-06-10 23:32:35,209 [0a730c46-ee0f-4298-8093-6277af9a8f8e@group-5875A35477B4-LeaderElection7] INFO  server.RaftServerConfigKeys (ConfUtils.java:logGet(44)) - raft.server.staging.catchup.gap = 1000 (default)
2020-06-10 23:32:35,209 [0a730c46-ee0f-4298-8093-6277af9a8f8e@group-5875A35477B4-LeaderElection7] INFO  server.RaftServerConfigKeys (ConfUtils.java:logGet(44)) - raft.server.rpc.sleep.time = 25ms (default)
2020-06-10 23:32:35,210 [0a730c46-ee0f-4298-8093-6277af9a8f8e@group-5875A35477B4-LeaderElection7] INFO  metrics.RatisMetrics (RatisMetrics.java:lambda$create$0(36)) - Creating Metrics Registry : ratis.log_appender.0a730c46-ee0f-4298-8093-6277af9a8f8e@group-5875A35477B4
2020-06-10 23:32:35,210 [0a730c46-ee0f-4298-8093-6277af9a8f8e@group-5875A35477B4-LeaderElection7] INFO  server.RaftServerConfigKeys (ConfUtils.java:logGet(44)) - raft.server.write.element-limit = 1024 (custom)
2020-06-10 23:32:35,210 [0a730c46-ee0f-4298-8093-6277af9a8f8e@group-5875A35477B4-LeaderElection7] INFO  server.RaftServerConfigKeys (ConfUtils.java:logGet(44)) - raft.server.write.byte-limit = 1073741824 (custom)
2020-06-10 23:32:35,210 [0a730c46-ee0f-4298-8093-6277af9a8f8e@group-5875A35477B4-LeaderElection7] INFO  server.RaftServerConfigKeys (ConfUtils.java:logGet(44)) - raft.server.watch.timeout = 3s (custom)
2020-06-10 23:32:35,210 [0a730c46-ee0f-4298-8093-6277af9a8f8e@group-5875A35477B4-LeaderElection7] INFO  server.RaftServerConfigKeys (ConfUtils.java:logGet(44)) - raft.server.watch.timeout.denomination = 1s (default)
2020-06-10 23:32:35,210 [0a730c46-ee0f-4298-8093-6277af9a8f8e@group-5875A35477B4-LeaderElection7] INFO  server.RaftServerConfigKeys (ConfUtils.java:logGet(44)) - raft.server.watch.element-limit = 65536 (default)
2020-06-10 23:32:35,211 [0a730c46-ee0f-4298-8093-6277af9a8f8e@group-5875A35477B4-LeaderElection7] INFO  server.RaftServerConfigKeys (ConfUtils.java:logGet(44)) - raft.server.log.appender.snapshot.chunk.size.max = 16MB (=16777216) (default)
2020-06-10 23:32:35,211 [0a730c46-ee0f-4298-8093-6277af9a8f8e@group-5875A35477B4-LeaderElection7] INFO  server.RaftServerConfigKeys (ConfUtils.java:logGet(44)) - raft.server.log.appender.buffer.byte-limit = 33554432 (custom)
2020-06-10 23:32:35,211 [0a730c46-ee0f-4298-8093-6277af9a8f8e@group-5875A35477B4-LeaderElection7] INFO  server.RaftServerConfigKeys (ConfUtils.java:logGet(44)) - raft.server.log.appender.buffer.element-limit = 1 (custom)
2020-06-10 23:32:35,211 [0a730c46-ee0f-4298-8093-6277af9a8f8e@group-5875A35477B4-LeaderElection7] INFO  grpc.GrpcConfigKeys (ConfUtils.java:logGet(44)) - raft.grpc.server.leader.outstanding.appends.max = 128 (default)
2020-06-10 23:32:35,211 [0a730c46-ee0f-4298-8093-6277af9a8f8e@group-5875A35477B4-LeaderElection7] INFO  server.RaftServerConfigKeys (ConfUtils.java:logGet(44)) - raft.server.rpc.request.timeout = 3s (default)
2020-06-10 23:32:35,211 [0a730c46-ee0f-4298-8093-6277af9a8f8e@group-5875A35477B4-LeaderElection7] INFO  server.RaftServerConfigKeys (ConfUtils.java:logGet(44)) - raft.server.log.appender.install.snapshot.enabled = false (custom)
2020-06-10 23:32:35,211 [0a730c46-ee0f-4298-8093-6277af9a8f8e@group-5875A35477B4-LeaderElection7] INFO  metrics.RatisMetrics (RatisMetrics.java:lambda$create$0(36)) - Creating Metrics Registry : ratis_grpc.log_appender.0a730c46-ee0f-4298-8093-6277af9a8f8e@group-5875A35477B4
2020-06-10 23:32:35,212 [0a730c46-ee0f-4298-8093-6277af9a8f8e@group-5875A35477B4-LeaderElection7] INFO  server.RaftServerConfigKeys (ConfUtils.java:logGet(44)) - raft.server.log.appender.snapshot.chunk.size.max = 16MB (=16777216) (default)
2020-06-10 23:32:35,212 [0a730c46-ee0f-4298-8093-6277af9a8f8e@group-5875A35477B4-LeaderElection7] INFO  server.RaftServerConfigKeys (ConfUtils.java:logGet(44)) - raft.server.log.appender.buffer.byte-limit = 33554432 (custom)
2020-06-10 23:32:35,213 [EventQueue-PipelineReportForPipelineReportHandler] INFO  pipeline.PipelineStateManager (PipelineStateManager.java:openPipeline(131)) - Pipeline Pipeline[ Id: 694f06a8-eccc-44d3-8729-5875a35477b4, Nodes: 0a730c46-ee0f-4298-8093-6277af9a8f8e{ip: 172.17.0.2, host: be5d1cd46157, networkLocation: /default-rack, certSerialId: null}868206e5-f05c-4376-a56d-5589c771f96d{ip: 172.17.0.2, host: be5d1cd46157, networkLocation: /default-rack, certSerialId: null}e1213966-9098-4efb-a904-a4cb2a6fb33e{ip: 172.17.0.2, host: be5d1cd46157, networkLocation: /default-rack, certSerialId: null}, Type:RATIS, Factor:THREE, State:ALLOCATED, leaderId:0a730c46-ee0f-4298-8093-6277af9a8f8e, CreationTimestamp2020-06-10T23:32:27.116Z] moved to OPEN state
2020-06-10 23:32:35,207 [grpc-default-executor-1] INFO  impl.FollowerInfo (FollowerInfo.java:lambda$new$0(51)) - b166f10c-c404-4dcb-a087-ba4800654d2c@group-349F9BD86EAC->c3c497a8-7dd5-4f0b-8431-82df52c157aa: nextIndex: updateUnconditionally 1 -> 0
2020-06-10 23:32:35,215 [0a730c46-ee0f-4298-8093-6277af9a8f8e@group-5875A35477B4-LeaderElection7] INFO  server.RaftServerConfigKeys (ConfUtils.java:logGet(44)) - raft.server.log.appender.buffer.element-limit = 1 (custom)
2020-06-10 23:32:35,217 [0a730c46-ee0f-4298-8093-6277af9a8f8e@group-5875A35477B4-LeaderElection7] INFO  grpc.GrpcConfigKeys (ConfUtils.java:logGet(44)) - raft.grpc.server.leader.outstanding.appends.max = 128 (default)
2020-06-10 23:32:35,217 [0a730c46-ee0f-4298-8093-6277af9a8f8e@group-5875A35477B4-LeaderElection7] INFO  server.RaftServerConfigKeys (ConfUtils.java:logGet(44)) - raft.server.rpc.request.timeout = 3s (default)
2020-06-10 23:32:35,217 [0a730c46-ee0f-4298-8093-6277af9a8f8e@group-5875A35477B4-LeaderElection7] INFO  server.RaftServerConfigKeys (ConfUtils.java:logGet(44)) - raft.server.log.appender.install.snapshot.enabled = false (custom)
2020-06-10 23:32:35,218 [0a730c46-ee0f-4298-8093-6277af9a8f8e@group-5875A35477B4-LeaderElection7] INFO  impl.RoleInfo (RoleInfo.java:updateAndGet(143)) - 0a730c46-ee0f-4298-8093-6277af9a8f8e: start LeaderState
2020-06-10 23:32:35,219 [0a730c46-ee0f-4298-8093-6277af9a8f8e@group-5875A35477B4-LeaderElection7] INFO  segmented.SegmentedRaftLogWorker (SegmentedRaftLogWorker.java:startLogSegment(397)) - 0a730c46-ee0f-4298-8093-6277af9a8f8e@group-5875A35477B4-SegmentedRaftLogWorker: Starting segment from index:0
2020-06-10 23:32:35,222 [0a730c46-ee0f-4298-8093-6277af9a8f8e@group-5875A35477B4-SegmentedRaftLogWorker] INFO  segmented.SegmentedRaftLogWorker (SegmentedRaftLogWorker.java:execute(596)) - 0a730c46-ee0f-4298-8093-6277af9a8f8e@group-5875A35477B4-SegmentedRaftLogWorker: created new log segment /github/workspace/mnt/ozone/hadoop-ozone/integration-test/target/test-dir/MiniOzoneClusterImpl-8f60d98f-01ba-4335-ba92-853c1a5e70bb/datanode-3/data/ratis/694f06a8-eccc-44d3-8729-5875a35477b4/current/log_inprogress_0
2020-06-10 23:32:35,398 [grpc-default-executor-2] INFO  ratis.XceiverServerRatis (XceiverServerRatis.java:handleLeaderChangedNotification(762)) - Leader change notification received for group: group-5875A35477B4 with new leaderId: 0a730c46-ee0f-4298-8093-6277af9a8f8e
2020-06-10 23:32:35,398 [grpc-default-executor-2] INFO  impl.RaftServerImpl (ServerState.java:setLeader(255)) - e1213966-9098-4efb-a904-a4cb2a6fb33e@group-5875A35477B4: change Leader from null to 0a730c46-ee0f-4298-8093-6277af9a8f8e at term 1 for appendEntries, leader elected after 5225ms
2020-06-10 23:32:35,404 [Thread-247] INFO  impl.FollowerState (FollowerState.java:run(108)) - e1213966-9098-4efb-a904-a4cb2a6fb33e@group-03E63229FE17-FollowerState: change to CANDIDATE, lastRpcTime:5267ms, electionTimeout:5167ms
2020-06-10 23:32:35,405 [Thread-247] INFO  impl.RoleInfo (RoleInfo.java:shutdownFollowerState(121)) - e1213966-9098-4efb-a904-a4cb2a6fb33e: shutdown FollowerState
2020-06-10 23:32:35,405 [Thread-247] INFO  impl.RaftServerImpl (RaftServerImpl.java:setRole(175)) - e1213966-9098-4efb-a904-a4cb2a6fb33e@group-03E63229FE17: changes role from  FOLLOWER to CANDIDATE at term 0 for changeToCandidate
2020-06-10 23:32:35,405 [Thread-247] INFO  impl.RoleInfo (RoleInfo.java:updateAndGet(143)) - e1213966-9098-4efb-a904-a4cb2a6fb33e: start LeaderElection
2020-06-10 23:32:35,406 [Thread-249] INFO  impl.FollowerState (FollowerState.java:run(108)) - 868206e5-f05c-4376-a56d-5589c771f96d@group-FAECA4430568-FollowerState: change to CANDIDATE, lastRpcTime:5181ms, electionTimeout:5011ms
2020-06-10 23:32:35,407 [Thread-249] INFO  impl.RoleInfo (RoleInfo.java:shutdownFollowerState(121)) - 868206e5-f05c-4376-a56d-5589c771f96d: shutdown FollowerState
2020-06-10 23:32:35,407 [Thread-249] INFO  impl.RaftServerImpl (RaftServerImpl.java:setRole(175)) - 868206e5-f05c-4376-a56d-5589c771f96d@group-FAECA4430568: changes role from  FOLLOWER to CANDIDATE at term 0 for changeToCandidate
2020-06-10 23:32:35,407 [Thread-249] INFO  impl.RoleInfo (RoleInfo.java:updateAndGet(143)) - 868206e5-f05c-4376-a56d-5589c771f96d: start LeaderElection
2020-06-10 23:32:35,408 [0a730c46-ee0f-4298-8093-6277af9a8f8e@group-5875A35477B4-LeaderElection7] INFO  impl.RaftServerImpl (ServerState.java:setRaftConf(356)) - 0a730c46-ee0f-4298-8093-6277af9a8f8e@group-5875A35477B4: set configuration 0: [e1213966-9098-4efb-a904-a4cb2a6fb33e:172.17.0.2:36871, 868206e5-f05c-4376-a56d-5589c771f96d:172.17.0.2:37567, 0a730c46-ee0f-4298-8093-6277af9a8f8e:172.17.0.2:44173], old=null at 0
2020-06-10 23:32:35,430 [Thread-255] INFO  impl.FollowerState (FollowerState.java:run(108)) - 60999281-18f3-4685-a582-52e660a939f2@group-27B650E4FAAA-FollowerState: change to CANDIDATE, lastRpcTime:5048ms, electionTimeout:5028ms
2020-06-10 23:32:35,431 [Thread-255] INFO  impl.RoleInfo (RoleInfo.java:shutdownFollowerState(121)) - 60999281-18f3-4685-a582-52e660a939f2: shutdown FollowerState
2020-06-10 23:32:35,431 [Thread-255] INFO  impl.RaftServerImpl (RaftServerImpl.java:setRole(175)) - 60999281-18f3-4685-a582-52e660a939f2@group-27B650E4FAAA: changes role from  FOLLOWER to CANDIDATE at term 0 for changeToCandidate
2020-06-10 23:32:35,431 [Thread-255] INFO  impl.RoleInfo (RoleInfo.java:updateAndGet(143)) - 60999281-18f3-4685-a582-52e660a939f2: start LeaderElection
2020-06-10 23:32:35,450 [e1213966-9098-4efb-a904-a4cb2a6fb33e@group-03E63229FE17-LeaderElection8] INFO  impl.LeaderElection (LeaderElection.java:askForVotes(206)) - e1213966-9098-4efb-a904-a4cb2a6fb33e@group-03E63229FE17-LeaderElection8: begin an election at term 1 for -1: [e1213966-9098-4efb-a904-a4cb2a6fb33e:172.17.0.2:36871], old=null
2020-06-10 23:32:35,450 [e1213966-9098-4efb-a904-a4cb2a6fb33e@group-03E63229FE17-LeaderElection8] INFO  impl.RoleInfo (RoleInfo.java:shutdownLeaderElection(134)) - e1213966-9098-4efb-a904-a4cb2a6fb33e: shutdown LeaderElection
2020-06-10 23:32:35,450 [e1213966-9098-4efb-a904-a4cb2a6fb33e@group-03E63229FE17-LeaderElection8] INFO  impl.RaftServerImpl (RaftServerImpl.java:setRole(175)) - e1213966-9098-4efb-a904-a4cb2a6fb33e@group-03E63229FE17: changes role from CANDIDATE to LEADER at term 1 for changeToLeader
2020-06-10 23:32:35,450 [e1213966-9098-4efb-a904-a4cb2a6fb33e@group-03E63229FE17-LeaderElection8] INFO  ratis.XceiverServerRatis (XceiverServerRatis.java:handleLeaderChangedNotification(762)) - Leader change notification received for group: group-03E63229FE17 with new leaderId: e1213966-9098-4efb-a904-a4cb2a6fb33e
2020-06-10 23:32:35,451 [e1213966-9098-4efb-a904-a4cb2a6fb33e@group-03E63229FE17-LeaderElection8] INFO  impl.RaftServerImpl (ServerState.java:setLeader(255)) - e1213966-9098-4efb-a904-a4cb2a6fb33e@group-03E63229FE17: change Leader from null to e1213966-9098-4efb-a904-a4cb2a6fb33e at term 1 for becomeLeader, leader elected after 5323ms
2020-06-10 23:32:35,451 [e1213966-9098-4efb-a904-a4cb2a6fb33e@group-03E63229FE17-LeaderElection8] INFO  server.RaftServerConfigKeys (ConfUtils.java:logGet(44)) - raft.server.staging.catchup.gap = 1000 (default)
2020-06-10 23:32:35,451 [e1213966-9098-4efb-a904-a4cb2a6fb33e@group-03E63229FE17-LeaderElection8] INFO  server.RaftServerConfigKeys (ConfUtils.java:logGet(44)) - raft.server.rpc.sleep.time = 25ms (default)
2020-06-10 23:32:35,451 [e1213966-9098-4efb-a904-a4cb2a6fb33e@group-03E63229FE17-LeaderElection8] INFO  metrics.RatisMetrics (RatisMetrics.java:lambda$create$0(36)) - Creating Metrics Registry : ratis.log_appender.e1213966-9098-4efb-a904-a4cb2a6fb33e@group-03E63229FE17
2020-06-10 23:32:35,451 [868206e5-f05c-4376-a56d-5589c771f96d@group-FAECA4430568-LeaderElection9] INFO  impl.LeaderElection (LeaderElection.java:askForVotes(206)) - 868206e5-f05c-4376-a56d-5589c771f96d@group-FAECA4430568-LeaderElection9: begin an election at term 1 for -1: [868206e5-f05c-4376-a56d-5589c771f96d:172.17.0.2:37567], old=null
2020-06-10 23:32:35,451 [868206e5-f05c-4376-a56d-5589c771f96d@group-FAECA4430568-LeaderElection9] INFO  impl.RoleInfo (RoleInfo.java:shutdownLeaderElection(134)) - 868206e5-f05c-4376-a56d-5589c771f96d: shutdown LeaderElection
2020-06-10 23:32:35,451 [868206e5-f05c-4376-a56d-5589c771f96d@group-FAECA4430568-LeaderElection9] INFO  impl.RaftServerImpl (RaftServerImpl.java:setRole(175)) - 868206e5-f05c-4376-a56d-5589c771f96d@group-FAECA4430568: changes role from CANDIDATE to LEADER at term 1 for changeToLeader
2020-06-10 23:32:35,451 [868206e5-f05c-4376-a56d-5589c771f96d@group-FAECA4430568-LeaderElection9] INFO  ratis.XceiverServerRatis (XceiverServerRatis.java:handleLeaderChangedNotification(762)) - Leader change notification received for group: group-FAECA4430568 with new leaderId: 868206e5-f05c-4376-a56d-5589c771f96d
2020-06-10 23:32:35,451 [60999281-18f3-4685-a582-52e660a939f2@group-27B650E4FAAA-LeaderElection10] INFO  impl.LeaderElection (LeaderElection.java:askForVotes(206)) - 60999281-18f3-4685-a582-52e660a939f2@group-27B650E4FAAA-LeaderElection10: begin an election at term 1 for -1: [60999281-18f3-4685-a582-52e660a939f2:172.17.0.2:41063], old=null
2020-06-10 23:32:35,451 [868206e5-f05c-4376-a56d-5589c771f96d@group-FAECA4430568-LeaderElection9] INFO  impl.RaftServerImpl (ServerState.java:setLeader(255)) - 868206e5-f05c-4376-a56d-5589c771f96d@group-FAECA4430568: change Leader from null to 868206e5-f05c-4376-a56d-5589c771f96d at term 1 for becomeLeader, leader elected after 5280ms
2020-06-10 23:32:35,452 [868206e5-f05c-4376-a56d-5589c771f96d@group-FAECA4430568-LeaderElection9] INFO  server.RaftServerConfigKeys (ConfUtils.java:logGet(44)) - raft.server.staging.catchup.gap = 1000 (default)
2020-06-10 23:32:35,452 [868206e5-f05c-4376-a56d-5589c771f96d@group-FAECA4430568-LeaderElection9] INFO  server.RaftServerConfigKeys (ConfUtils.java:logGet(44)) - raft.server.rpc.sleep.time = 25ms (default)
2020-06-10 23:32:35,452 [868206e5-f05c-4376-a56d-5589c771f96d@group-FAECA4430568-LeaderElection9] INFO  metrics.RatisMetrics (RatisMetrics.java:lambda$create$0(36)) - Creating Metrics Registry : ratis.log_appender.868206e5-f05c-4376-a56d-5589c771f96d@group-FAECA4430568
2020-06-10 23:32:35,452 [868206e5-f05c-4376-a56d-5589c771f96d@group-FAECA4430568-LeaderElection9] INFO  server.RaftServerConfigKeys (ConfUtils.java:logGet(44)) - raft.server.write.element-limit = 1024 (custom)
2020-06-10 23:32:35,452 [868206e5-f05c-4376-a56d-5589c771f96d@group-FAECA4430568-LeaderElection9] INFO  server.RaftServerConfigKeys (ConfUtils.java:logGet(44)) - raft.server.write.byte-limit = 1073741824 (custom)
2020-06-10 23:32:35,452 [868206e5-f05c-4376-a56d-5589c771f96d@group-FAECA4430568-LeaderElection9] INFO  server.RaftServerConfigKeys (ConfUtils.java:logGet(44)) - raft.server.watch.timeout = 3s (custom)
2020-06-10 23:32:35,452 [868206e5-f05c-4376-a56d-5589c771f96d@group-FAECA4430568-LeaderElection9] INFO  server.RaftServerConfigKeys (ConfUtils.java:logGet(44)) - raft.server.watch.timeout.denomination = 1s (default)
2020-06-10 23:32:35,452 [868206e5-f05c-4376-a56d-5589c771f96d@group-FAECA4430568-LeaderElection9] INFO  server.RaftServerConfigKeys (ConfUtils.java:logGet(44)) - raft.server.watch.element-limit = 65536 (default)
2020-06-10 23:32:35,453 [868206e5-f05c-4376-a56d-5589c771f96d@group-FAECA4430568-LeaderElection9] INFO  impl.RoleInfo (RoleInfo.java:updateAndGet(143)) - 868206e5-f05c-4376-a56d-5589c771f96d: start LeaderState
2020-06-10 23:32:35,453 [868206e5-f05c-4376-a56d-5589c771f96d@group-FAECA4430568-LeaderElection9] INFO  segmented.SegmentedRaftLogWorker (SegmentedRaftLogWorker.java:startLogSegment(397)) - 868206e5-f05c-4376-a56d-5589c771f96d@group-FAECA4430568-SegmentedRaftLogWorker: Starting segment from index:0
2020-06-10 23:32:35,451 [60999281-18f3-4685-a582-52e660a939f2@group-27B650E4FAAA-LeaderElection10] INFO  impl.RoleInfo (RoleInfo.java:shutdownLeaderElection(134)) - 60999281-18f3-4685-a582-52e660a939f2: shutdown LeaderElection
2020-06-10 23:32:35,453 [60999281-18f3-4685-a582-52e660a939f2@group-27B650E4FAAA-LeaderElection10] INFO  impl.RaftServerImpl (RaftServerImpl.java:setRole(175)) - 60999281-18f3-4685-a582-52e660a939f2@group-27B650E4FAAA: changes role from CANDIDATE to LEADER at term 1 for changeToLeader
2020-06-10 23:32:35,453 [60999281-18f3-4685-a582-52e660a939f2@group-27B650E4FAAA-LeaderElection10] INFO  ratis.XceiverServerRatis (XceiverServerRatis.java:handleLeaderChangedNotification(762)) - Leader change notification received for group: group-27B650E4FAAA with new leaderId: 60999281-18f3-4685-a582-52e660a939f2
2020-06-10 23:32:35,454 [60999281-18f3-4685-a582-52e660a939f2@group-27B650E4FAAA-LeaderElection10] INFO  impl.RaftServerImpl (ServerState.java:setLeader(255)) - 60999281-18f3-4685-a582-52e660a939f2@group-27B650E4FAAA: change Leader from null to 60999281-18f3-4685-a582-52e660a939f2 at term 1 for becomeLeader, leader elected after 5135ms
2020-06-10 23:32:35,454 [60999281-18f3-4685-a582-52e660a939f2@group-27B650E4FAAA-LeaderElection10] INFO  server.RaftServerConfigKeys (ConfUtils.java:logGet(44)) - raft.server.staging.catchup.gap = 1000 (default)
2020-06-10 23:32:35,454 [60999281-18f3-4685-a582-52e660a939f2@group-27B650E4FAAA-LeaderElection10] INFO  server.RaftServerConfigKeys (ConfUtils.java:logGet(44)) - raft.server.rpc.sleep.time = 25ms (default)
2020-06-10 23:32:35,454 [60999281-18f3-4685-a582-52e660a939f2@group-27B650E4FAAA-LeaderElection10] INFO  metrics.RatisMetrics (RatisMetrics.java:lambda$create$0(36)) - Creating Metrics Registry : ratis.log_appender.60999281-18f3-4685-a582-52e660a939f2@group-27B650E4FAAA
2020-06-10 23:32:35,454 [60999281-18f3-4685-a582-52e660a939f2@group-27B650E4FAAA-LeaderElection10] INFO  server.RaftServerConfigKeys (ConfUtils.java:logGet(44)) - raft.server.write.element-limit = 1024 (custom)
2020-06-10 23:32:35,454 [60999281-18f3-4685-a582-52e660a939f2@group-27B650E4FAAA-LeaderElection10] INFO  server.RaftServerConfigKeys (ConfUtils.java:logGet(44)) - raft.server.write.byte-limit = 1073741824 (custom)
2020-06-10 23:32:35,454 [60999281-18f3-4685-a582-52e660a939f2@group-27B650E4FAAA-LeaderElection10] INFO  server.RaftServerConfigKeys (ConfUtils.java:logGet(44)) - raft.server.watch.timeout = 3s (custom)
2020-06-10 23:32:35,454 [60999281-18f3-4685-a582-52e660a939f2@group-27B650E4FAAA-LeaderElection10] INFO  server.RaftServerConfigKeys (ConfUtils.java:logGet(44)) - raft.server.watch.timeout.denomination = 1s (default)
2020-06-10 23:32:35,455 [60999281-18f3-4685-a582-52e660a939f2@group-27B650E4FAAA-LeaderElection10] INFO  server.RaftServerConfigKeys (ConfUtils.java:logGet(44)) - raft.server.watch.element-limit = 65536 (default)
2020-06-10 23:32:35,455 [60999281-18f3-4685-a582-52e660a939f2@group-27B650E4FAAA-LeaderElection10] INFO  impl.RoleInfo (RoleInfo.java:updateAndGet(143)) - 60999281-18f3-4685-a582-52e660a939f2: start LeaderState
2020-06-10 23:32:35,455 [60999281-18f3-4685-a582-52e660a939f2@group-27B650E4FAAA-LeaderElection10] INFO  segmented.SegmentedRaftLogWorker (SegmentedRaftLogWorker.java:startLogSegment(397)) - 60999281-18f3-4685-a582-52e660a939f2@group-27B650E4FAAA-SegmentedRaftLogWorker: Starting segment from index:0
2020-06-10 23:32:35,455 [e1213966-9098-4efb-a904-a4cb2a6fb33e@group-03E63229FE17-LeaderElection8] INFO  server.RaftServerConfigKeys (ConfUtils.java:logGet(44)) - raft.server.write.element-limit = 1024 (custom)
2020-06-10 23:32:35,456 [e1213966-9098-4efb-a904-a4cb2a6fb33e@group-03E63229FE17-LeaderElection8] INFO  server.RaftServerConfigKeys (ConfUtils.java:logGet(44)) - raft.server.write.byte-limit = 1073741824 (custom)
2020-06-10 23:32:35,465 [60999281-18f3-4685-a582-52e660a939f2@group-27B650E4FAAA-LeaderElection10] INFO  impl.RaftServerImpl (ServerState.java:setRaftConf(356)) - 60999281-18f3-4685-a582-52e660a939f2@group-27B650E4FAAA: set configuration 0: [60999281-18f3-4685-a582-52e660a939f2:172.17.0.2:41063], old=null at 0
2020-06-10 23:32:35,466 [e1213966-9098-4efb-a904-a4cb2a6fb33e@group-03E63229FE17-LeaderElection8] INFO  server.RaftServerConfigKeys (ConfUtils.java:logGet(44)) - raft.server.watch.timeout = 3s (custom)
2020-06-10 23:32:35,466 [e1213966-9098-4efb-a904-a4cb2a6fb33e@group-03E63229FE17-LeaderElection8] INFO  server.RaftServerConfigKeys (ConfUtils.java:logGet(44)) - raft.server.watch.timeout.denomination = 1s (default)
2020-06-10 23:32:35,466 [e1213966-9098-4efb-a904-a4cb2a6fb33e@group-03E63229FE17-LeaderElection8] INFO  server.RaftServerConfigKeys (ConfUtils.java:logGet(44)) - raft.server.watch.element-limit = 65536 (default)
2020-06-10 23:32:35,466 [e1213966-9098-4efb-a904-a4cb2a6fb33e@group-03E63229FE17-LeaderElection8] INFO  impl.RoleInfo (RoleInfo.java:updateAndGet(143)) - e1213966-9098-4efb-a904-a4cb2a6fb33e: start LeaderState
2020-06-10 23:32:35,467 [868206e5-f05c-4376-a56d-5589c771f96d@group-FAECA4430568-LeaderElection9] INFO  impl.RaftServerImpl (ServerState.java:setRaftConf(356)) - 868206e5-f05c-4376-a56d-5589c771f96d@group-FAECA4430568: set configuration 0: [868206e5-f05c-4376-a56d-5589c771f96d:172.17.0.2:37567], old=null at 0
2020-06-10 23:32:35,473 [868206e5-f05c-4376-a56d-5589c771f96d@group-FAECA4430568-SegmentedRaftLogWorker] INFO  segmented.SegmentedRaftLogWorker (SegmentedRaftLogWorker.java:execute(596)) - 868206e5-f05c-4376-a56d-5589c771f96d@group-FAECA4430568-SegmentedRaftLogWorker: created new log segment /github/workspace/mnt/ozone/hadoop-ozone/integration-test/target/test-dir/MiniOzoneClusterImpl-8f60d98f-01ba-4335-ba92-853c1a5e70bb/datanode-5/data/ratis/a07b7ab7-bd3b-4746-ac4c-faeca4430568/current/log_inprogress_0
2020-06-10 23:32:35,478 [60999281-18f3-4685-a582-52e660a939f2@group-27B650E4FAAA-SegmentedRaftLogWorker] INFO  segmented.SegmentedRaftLogWorker (SegmentedRaftLogWorker.java:execute(596)) - 60999281-18f3-4685-a582-52e660a939f2@group-27B650E4FAAA-SegmentedRaftLogWorker: created new log segment /github/workspace/mnt/ozone/hadoop-ozone/integration-test/target/test-dir/MiniOzoneClusterImpl-8f60d98f-01ba-4335-ba92-853c1a5e70bb/datanode-6/data/ratis/0672b3c2-2119-42ac-b526-27b650e4faaa/current/log_inprogress_0
2020-06-10 23:32:35,483 [grpc-default-executor-2] INFO  impl.RaftServerImpl (ServerState.java:setRaftConf(356)) - e1213966-9098-4efb-a904-a4cb2a6fb33e@group-5875A35477B4: set configuration 0: [e1213966-9098-4efb-a904-a4cb2a6fb33e:172.17.0.2:36871, 868206e5-f05c-4376-a56d-5589c771f96d:172.17.0.2:37567, 0a730c46-ee0f-4298-8093-6277af9a8f8e:172.17.0.2:44173], old=null at 0
2020-06-10 23:32:35,483 [grpc-default-executor-2] INFO  segmented.SegmentedRaftLogWorker (SegmentedRaftLogWorker.java:startLogSegment(397)) - e1213966-9098-4efb-a904-a4cb2a6fb33e@group-5875A35477B4-SegmentedRaftLogWorker: Starting segment from index:0
2020-06-10 23:32:35,484 [e1213966-9098-4efb-a904-a4cb2a6fb33e@group-5875A35477B4-SegmentedRaftLogWorker] INFO  segmented.SegmentedRaftLogWorker (SegmentedRaftLogWorker.java:execute(596)) - e1213966-9098-4efb-a904-a4cb2a6fb33e@group-5875A35477B4-SegmentedRaftLogWorker: created new log segment /github/workspace/mnt/ozone/hadoop-ozone/integration-test/target/test-dir/MiniOzoneClusterImpl-8f60d98f-01ba-4335-ba92-853c1a5e70bb/datanode-4/data/ratis/694f06a8-eccc-44d3-8729-5875a35477b4/current/log_inprogress_0
2020-06-10 23:32:35,486 [grpc-default-executor-1] INFO  ratis.XceiverServerRatis (XceiverServerRatis.java:handleLeaderChangedNotification(762)) - Leader change notification received for group: group-5875A35477B4 with new leaderId: 0a730c46-ee0f-4298-8093-6277af9a8f8e
2020-06-10 23:32:35,486 [grpc-default-executor-1] INFO  impl.RaftServerImpl (ServerState.java:setLeader(255)) - 868206e5-f05c-4376-a56d-5589c771f96d@group-5875A35477B4: change Leader from null to 0a730c46-ee0f-4298-8093-6277af9a8f8e at term 1 for appendEntries, leader elected after 5189ms
2020-06-10 23:32:35,491 [e1213966-9098-4efb-a904-a4cb2a6fb33e@group-03E63229FE17-LeaderElection8] INFO  segmented.SegmentedRaftLogWorker (SegmentedRaftLogWorker.java:startLogSegment(397)) - e1213966-9098-4efb-a904-a4cb2a6fb33e@group-03E63229FE17-SegmentedRaftLogWorker: Starting segment from index:0
2020-06-10 23:32:35,493 [e1213966-9098-4efb-a904-a4cb2a6fb33e@group-03E63229FE17-SegmentedRaftLogWorker] INFO  segmented.SegmentedRaftLogWorker (SegmentedRaftLogWorker.java:execute(596)) - e1213966-9098-4efb-a904-a4cb2a6fb33e@group-03E63229FE17-SegmentedRaftLogWorker: created new log segment /github/workspace/mnt/ozone/hadoop-ozone/integration-test/target/test-dir/MiniOzoneClusterImpl-8f60d98f-01ba-4335-ba92-853c1a5e70bb/datanode-4/data/ratis/c69fc509-df2a-438d-9e26-03e63229fe17/current/log_inprogress_0
2020-06-10 23:32:35,493 [grpc-default-executor-1] INFO  impl.RaftServerImpl (ServerState.java:setRaftConf(356)) - 868206e5-f05c-4376-a56d-5589c771f96d@group-5875A35477B4: set configuration 0: [e1213966-9098-4efb-a904-a4cb2a6fb33e:172.17.0.2:36871, 868206e5-f05c-4376-a56d-5589c771f96d:172.17.0.2:37567, 0a730c46-ee0f-4298-8093-6277af9a8f8e:172.17.0.2:44173], old=null at 0
2020-06-10 23:32:35,494 [e1213966-9098-4efb-a904-a4cb2a6fb33e@group-03E63229FE17-LeaderElection8] INFO  impl.RaftServerImpl (ServerState.java:setRaftConf(356)) - e1213966-9098-4efb-a904-a4cb2a6fb33e@group-03E63229FE17: set configuration 0: [e1213966-9098-4efb-a904-a4cb2a6fb33e:172.17.0.2:36871], old=null at 0
2020-06-10 23:32:35,506 [grpc-default-executor-1] INFO  segmented.SegmentedRaftLogWorker (SegmentedRaftLogWorker.java:startLogSegment(397)) - 868206e5-f05c-4376-a56d-5589c771f96d@group-5875A35477B4-SegmentedRaftLogWorker: Starting segment from index:0
2020-06-10 23:32:35,510 [868206e5-f05c-4376-a56d-5589c771f96d@group-5875A35477B4-SegmentedRaftLogWorker] INFO  segmented.SegmentedRaftLogWorker (SegmentedRaftLogWorker.java:execute(596)) - 868206e5-f05c-4376-a56d-5589c771f96d@group-5875A35477B4-SegmentedRaftLogWorker: created new log segment /github/workspace/mnt/ozone/hadoop-ozone/integration-test/target/test-dir/MiniOzoneClusterImpl-8f60d98f-01ba-4335-ba92-853c1a5e70bb/datanode-5/data/ratis/694f06a8-eccc-44d3-8729-5875a35477b4/current/log_inprogress_0
2020-06-10 23:32:35,946 [Thread-272] INFO  impl.FollowerState (FollowerState.java:run(108)) - e1213966-9098-4efb-a904-a4cb2a6fb33e@group-F6C1F47CF009-FollowerState: change to CANDIDATE, lastRpcTime:5006ms, electionTimeout:5004ms
2020-06-10 23:32:35,946 [Thread-272] INFO  impl.RoleInfo (RoleInfo.java:shutdownFollowerState(121)) - e1213966-9098-4efb-a904-a4cb2a6fb33e: shutdown FollowerState
2020-06-10 23:32:35,946 [Thread-272] INFO  impl.RaftServerImpl (RaftServerImpl.java:setRole(175)) - e1213966-9098-4efb-a904-a4cb2a6fb33e@group-F6C1F47CF009: changes role from  FOLLOWER to CANDIDATE at term 0 for changeToCandidate
2020-06-10 23:32:35,946 [Thread-272] INFO  impl.RoleInfo (RoleInfo.java:updateAndGet(143)) - e1213966-9098-4efb-a904-a4cb2a6fb33e: start LeaderElection
2020-06-10 23:32:35,965 [e1213966-9098-4efb-a904-a4cb2a6fb33e@group-F6C1F47CF009-LeaderElection11] INFO  impl.LeaderElection (LeaderElection.java:askForVotes(206)) - e1213966-9098-4efb-a904-a4cb2a6fb33e@group-F6C1F47CF009-LeaderElection11: begin an election at term 1 for -1: [e1213966-9098-4efb-a904-a4cb2a6fb33e:172.17.0.2:36871, 868206e5-f05c-4376-a56d-5589c771f96d:172.17.0.2:37567, 0a730c46-ee0f-4298-8093-6277af9a8f8e:172.17.0.2:44173], old=null
2020-06-10 23:32:35,980 [Thread-274] INFO  impl.FollowerState (FollowerState.java:run(108)) - 0a730c46-ee0f-4298-8093-6277af9a8f8e@group-F6C1F47CF009-FollowerState: change to CANDIDATE, lastRpcTime:5047ms, electionTimeout:5040ms
2020-06-10 23:32:35,980 [grpc-default-executor-1] INFO  impl.RaftServerImpl (RaftServerImpl.java:setRole(175)) - 868206e5-f05c-4376-a56d-5589c771f96d@group-F6C1F47CF009: changes role from  FOLLOWER to FOLLOWER at term 1 for recognizeCandidate:e1213966-9098-4efb-a904-a4cb2a6fb33e
2020-06-10 23:32:35,980 [grpc-default-executor-1] INFO  impl.RoleInfo (RoleInfo.java:shutdownFollowerState(121)) - 868206e5-f05c-4376-a56d-5589c771f96d: shutdown FollowerState
2020-06-10 23:32:35,980 [grpc-default-executor-1] INFO  impl.RoleInfo (RoleInfo.java:updateAndGet(143)) - 868206e5-f05c-4376-a56d-5589c771f96d: start FollowerState
2020-06-10 23:32:35,980 [Thread-275] INFO  impl.FollowerState (FollowerState.java:run(117)) - 868206e5-f05c-4376-a56d-5589c771f96d@group-F6C1F47CF009-FollowerState was interrupted: java.lang.InterruptedException: sleep interrupted
2020-06-10 23:32:35,980 [Thread-274] INFO  impl.RoleInfo (RoleInfo.java:shutdownFollowerState(121)) - 0a730c46-ee0f-4298-8093-6277af9a8f8e: shutdown FollowerState
2020-06-10 23:32:35,980 [Thread-274] INFO  impl.RaftServerImpl (RaftServerImpl.java:setRole(175)) - 0a730c46-ee0f-4298-8093-6277af9a8f8e@group-F6C1F47CF009: changes role from  FOLLOWER to CANDIDATE at term 0 for changeToCandidate
2020-06-10 23:32:35,986 [Thread-274] INFO  impl.RoleInfo (RoleInfo.java:updateAndGet(143)) - 0a730c46-ee0f-4298-8093-6277af9a8f8e: start LeaderElection
2020-06-10 23:32:35,988 [e1213966-9098-4efb-a904-a4cb2a6fb33e@group-F6C1F47CF009-LeaderElection11] INFO  impl.LeaderElection (LeaderElection.java:logAndReturn(61)) - e1213966-9098-4efb-a904-a4cb2a6fb33e@group-F6C1F47CF009-LeaderElection11: Election PASSED; received 1 response(s) [e1213966-9098-4efb-a904-a4cb2a6fb33e<-868206e5-f05c-4376-a56d-5589c771f96d#0:OK-t1] and 0 exception(s); e1213966-9098-4efb-a904-a4cb2a6fb33e@group-F6C1F47CF009:t1, leader=null, voted=e1213966-9098-4efb-a904-a4cb2a6fb33e, raftlog=e1213966-9098-4efb-a904-a4cb2a6fb33e@group-F6C1F47CF009-SegmentedRaftLog:OPENED:c-1,f-1,i0, conf=-1: [e1213966-9098-4efb-a904-a4cb2a6fb33e:172.17.0.2:36871, 868206e5-f05c-4376-a56d-5589c771f96d:172.17.0.2:37567, 0a730c46-ee0f-4298-8093-6277af9a8f8e:172.17.0.2:44173], old=null
2020-06-10 23:32:35,988 [e1213966-9098-4efb-a904-a4cb2a6fb33e@group-F6C1F47CF009-LeaderElection11] INFO  impl.RoleInfo (RoleInfo.java:shutdownLeaderElection(134)) - e1213966-9098-4efb-a904-a4cb2a6fb33e: shutdown LeaderElection
2020-06-10 23:32:35,988 [e1213966-9098-4efb-a904-a4cb2a6fb33e@group-F6C1F47CF009-LeaderElection11] INFO  impl.RaftServerImpl (RaftServerImpl.java:setRole(175)) - e1213966-9098-4efb-a904-a4cb2a6fb33e@group-F6C1F47CF009: changes role from CANDIDATE to LEADER at term 1 for changeToLeader
2020-06-10 23:32:35,988 [e1213966-9098-4efb-a904-a4cb2a6fb33e@group-F6C1F47CF009-LeaderElection11] INFO  ratis.XceiverServerRatis (XceiverServerRatis.java:handleLeaderChangedNotification(762)) - Leader change notification received for group: group-F6C1F47CF009 with new leaderId: e1213966-9098-4efb-a904-a4cb2a6fb33e
2020-06-10 23:32:35,989 [e1213966-9098-4efb-a904-a4cb2a6fb33e@group-F6C1F47CF009-LeaderElection11] INFO  impl.RaftServerImpl (ServerState.java:setLeader(255)) - e1213966-9098-4efb-a904-a4cb2a6fb33e@group-F6C1F47CF009: change Leader from null to e1213966-9098-4efb-a904-a4cb2a6fb33e at term 1 for becomeLeader, leader elected after 5122ms
2020-06-10 23:32:35,989 [e1213966-9098-4efb-a904-a4cb2a6fb33e@group-F6C1F47CF009-LeaderElection11] INFO  server.RaftServerConfigKeys (ConfUtils.java:logGet(44)) - raft.server.staging.catchup.gap = 1000 (default)
2020-06-10 23:32:35,989 [e1213966-9098-4efb-a904-a4cb2a6fb33e@group-F6C1F47CF009-LeaderElection11] INFO  server.RaftServerConfigKeys (ConfUtils.java:logGet(44)) - raft.server.rpc.sleep.time = 25ms (default)
2020-06-10 23:32:35,989 [e1213966-9098-4efb-a904-a4cb2a6fb33e@group-F6C1F47CF009-LeaderElection11] INFO  metrics.RatisMetrics (RatisMetrics.java:lambda$create$0(36)) - Creating Metrics Registry : ratis.log_appender.e1213966-9098-4efb-a904-a4cb2a6fb33e@group-F6C1F47CF009
2020-06-10 23:32:35,989 [e1213966-9098-4efb-a904-a4cb2a6fb33e@group-F6C1F47CF009-LeaderElection11] INFO  server.RaftServerConfigKeys (ConfUtils.java:logGet(44)) - raft.server.write.element-limit = 1024 (custom)
2020-06-10 23:32:35,989 [e1213966-9098-4efb-a904-a4cb2a6fb33e@group-F6C1F47CF009-LeaderElection11] INFO  server.RaftServerConfigKeys (ConfUtils.java:logGet(44)) - raft.server.write.byte-limit = 1073741824 (custom)
2020-06-10 23:32:35,989 [e1213966-9098-4efb-a904-a4cb2a6fb33e@group-F6C1F47CF009-LeaderElection11] INFO  server.RaftServerConfigKeys (ConfUtils.java:logGet(44)) - raft.server.watch.timeout = 3s (custom)
2020-06-10 23:32:35,989 [e1213966-9098-4efb-a904-a4cb2a6fb33e@group-F6C1F47CF009-LeaderElection11] INFO  server.RaftServerConfigKeys (ConfUtils.java:logGet(44)) - raft.server.watch.timeout.denomination = 1s (default)
2020-06-10 23:32:35,990 [e1213966-9098-4efb-a904-a4cb2a6fb33e@group-F6C1F47CF009-LeaderElection11] INFO  server.RaftServerConfigKeys (ConfUtils.java:logGet(44)) - raft.server.watch.element-limit = 65536 (default)
2020-06-10 23:32:35,990 [e1213966-9098-4efb-a904-a4cb2a6fb33e@group-F6C1F47CF009-LeaderElection11] INFO  server.RaftServerConfigKeys (ConfUtils.java:logGet(44)) - raft.server.log.appender.snapshot.chunk.size.max = 16MB (=16777216) (default)
2020-06-10 23:32:35,990 [e1213966-9098-4efb-a904-a4cb2a6fb33e@group-F6C1F47CF009-LeaderElection11] INFO  server.RaftServerConfigKeys (ConfUtils.java:logGet(44)) - raft.server.log.appender.buffer.byte-limit = 33554432 (custom)
2020-06-10 23:32:35,990 [e1213966-9098-4efb-a904-a4cb2a6fb33e@group-F6C1F47CF009-LeaderElection11] INFO  server.RaftServerConfigKeys (ConfUtils.java:logGet(44)) - raft.server.log.appender.buffer.element-limit = 1 (custom)
2020-06-10 23:32:35,990 [e1213966-9098-4efb-a904-a4cb2a6fb33e@group-F6C1F47CF009-LeaderElection11] INFO  grpc.GrpcConfigKeys (ConfUtils.java:logGet(44)) - raft.grpc.server.leader.outstanding.appends.max = 128 (default)
2020-06-10 23:32:35,990 [e1213966-9098-4efb-a904-a4cb2a6fb33e@group-F6C1F47CF009-LeaderElection11] INFO  server.RaftServerConfigKeys (ConfUtils.java:logGet(44)) - raft.server.rpc.request.timeout = 3s (default)
2020-06-10 23:32:35,990 [e1213966-9098-4efb-a904-a4cb2a6fb33e@group-F6C1F47CF009-LeaderElection11] INFO  server.RaftServerConfigKeys (ConfUtils.java:logGet(44)) - raft.server.log.appender.install.snapshot.enabled = false (custom)
2020-06-10 23:32:35,991 [e1213966-9098-4efb-a904-a4cb2a6fb33e@group-F6C1F47CF009-LeaderElection11] INFO  metrics.RatisMetrics (RatisMetrics.java:lambda$create$0(36)) - Creating Metrics Registry : ratis_grpc.log_appender.e1213966-9098-4efb-a904-a4cb2a6fb33e@group-F6C1F47CF009
2020-06-10 23:32:35,992 [e1213966-9098-4efb-a904-a4cb2a6fb33e@group-F6C1F47CF009-LeaderElection11] INFO  server.RaftServerConfigKeys (ConfUtils.java:logGet(44)) - raft.server.log.appender.snapshot.chunk.size.max = 16MB (=16777216) (default)
2020-06-10 23:32:35,992 [e1213966-9098-4efb-a904-a4cb2a6fb33e@group-F6C1F47CF009-LeaderElection11] INFO  server.RaftServerConfigKeys (ConfUtils.java:logGet(44)) - raft.server.log.appender.buffer.byte-limit = 33554432 (custom)
2020-06-10 23:32:35,992 [e1213966-9098-4efb-a904-a4cb2a6fb33e@group-F6C1F47CF009-LeaderElection11] INFO  server.RaftServerConfigKeys (ConfUtils.java:logGet(44)) - raft.server.log.appender.buffer.element-limit = 1 (custom)
2020-06-10 23:32:35,992 [e1213966-9098-4efb-a904-a4cb2a6fb33e@group-F6C1F47CF009-LeaderElection11] INFO  grpc.GrpcConfigKeys (ConfUtils.java:logGet(44)) - raft.grpc.server.leader.outstanding.appends.max = 128 (default)
2020-06-10 23:32:35,993 [e1213966-9098-4efb-a904-a4cb2a6fb33e@group-F6C1F47CF009-LeaderElection11] INFO  server.RaftServerConfigKeys (ConfUtils.java:logGet(44)) - raft.server.rpc.request.timeout = 3s (default)
2020-06-10 23:32:35,995 [EventQueue-PipelineReportForPipelineReportHandler] INFO  pipeline.PipelineStateManager (PipelineStateManager.java:openPipeline(131)) - Pipeline Pipeline[ Id: c8b61c3b-0ddb-42a0-aa57-f6c1f47cf009, Nodes: 0a730c46-ee0f-4298-8093-6277af9a8f8e{ip: 172.17.0.2, host: be5d1cd46157, networkLocation: /default-rack, certSerialId: null}868206e5-f05c-4376-a56d-5589c771f96d{ip: 172.17.0.2, host: be5d1cd46157, networkLocation: /default-rack, certSerialId: null}e1213966-9098-4efb-a904-a4cb2a6fb33e{ip: 172.17.0.2, host: be5d1cd46157, networkLocation: /default-rack, certSerialId: null}, Type:RATIS, Factor:THREE, State:ALLOCATED, leaderId:e1213966-9098-4efb-a904-a4cb2a6fb33e, CreationTimestamp2020-06-10T23:32:27.117Z] moved to OPEN state
2020-06-10 23:32:35,994 [Thread-273] INFO  impl.FollowerState (FollowerState.java:run(108)) - 1aa28a79-6085-416d-8460-1e98e8b061ff@group-385C58906CEF-FollowerState: change to CANDIDATE, lastRpcTime:5055ms, electionTimeout:5045ms
2020-06-10 23:32:36,001 [e1213966-9098-4efb-a904-a4cb2a6fb33e@group-F6C1F47CF009-LeaderElection11] INFO  server.RaftServerConfigKeys (ConfUtils.java:logGet(44)) - raft.server.log.appender.install.snapshot.enabled = false (custom)
2020-06-10 23:32:36,003 [Thread-273] INFO  impl.RoleInfo (RoleInfo.java:shutdownFollowerState(121)) - 1aa28a79-6085-416d-8460-1e98e8b061ff: shutdown FollowerState
2020-06-10 23:32:36,003 [Thread-273] INFO  impl.RaftServerImpl (RaftServerImpl.java:setRole(175)) - 1aa28a79-6085-416d-8460-1e98e8b061ff@group-385C58906CEF: changes role from  FOLLOWER to CANDIDATE at term 0 for changeToCandidate
2020-06-10 23:32:36,003 [Thread-273] INFO  impl.RoleInfo (RoleInfo.java:updateAndGet(143)) - 1aa28a79-6085-416d-8460-1e98e8b061ff: start LeaderElection
2020-06-10 23:32:36,004 [e1213966-9098-4efb-a904-a4cb2a6fb33e@group-F6C1F47CF009-LeaderElection11] INFO  impl.RoleInfo (RoleInfo.java:updateAndGet(143)) - e1213966-9098-4efb-a904-a4cb2a6fb33e: start LeaderState
2020-06-10 23:32:36,004 [e1213966-9098-4efb-a904-a4cb2a6fb33e@group-F6C1F47CF009-LeaderElection11] INFO  segmented.SegmentedRaftLogWorker (SegmentedRaftLogWorker.java:startLogSegment(397)) - e1213966-9098-4efb-a904-a4cb2a6fb33e@group-F6C1F47CF009-SegmentedRaftLogWorker: Starting segment from index:0
2020-06-10 23:32:36,014 [e1213966-9098-4efb-a904-a4cb2a6fb33e@group-F6C1F47CF009-SegmentedRaftLogWorker] INFO  segmented.SegmentedRaftLogWorker (SegmentedRaftLogWorker.java:execute(596)) - e1213966-9098-4efb-a904-a4cb2a6fb33e@group-F6C1F47CF009-SegmentedRaftLogWorker: created new log segment /github/workspace/mnt/ozone/hadoop-ozone/integration-test/target/test-dir/MiniOzoneClusterImpl-8f60d98f-01ba-4335-ba92-853c1a5e70bb/datanode-4/data/ratis/c8b61c3b-0ddb-42a0-aa57-f6c1f47cf009/current/log_inprogress_0
2020-06-10 23:32:36,022 [e1213966-9098-4efb-a904-a4cb2a6fb33e@group-F6C1F47CF009-LeaderElection11] INFO  impl.RaftServerImpl (ServerState.java:setRaftConf(356)) - e1213966-9098-4efb-a904-a4cb2a6fb33e@group-F6C1F47CF009: set configuration 0: [e1213966-9098-4efb-a904-a4cb2a6fb33e:172.17.0.2:36871, 868206e5-f05c-4376-a56d-5589c771f96d:172.17.0.2:37567, 0a730c46-ee0f-4298-8093-6277af9a8f8e:172.17.0.2:44173], old=null at 0
2020-06-10 23:32:36,033 [1aa28a79-6085-416d-8460-1e98e8b061ff@group-385C58906CEF-LeaderElection13] INFO  impl.LeaderElection (LeaderElection.java:askForVotes(206)) - 1aa28a79-6085-416d-8460-1e98e8b061ff@group-385C58906CEF-LeaderElection13: begin an election at term 1 for -1: [1aa28a79-6085-416d-8460-1e98e8b061ff:172.17.0.2:39429, b166f10c-c404-4dcb-a087-ba4800654d2c:172.17.0.2:43565, c3c497a8-7dd5-4f0b-8431-82df52c157aa:172.17.0.2:43239], old=null
2020-06-10 23:32:36,034 [0a730c46-ee0f-4298-8093-6277af9a8f8e@group-F6C1F47CF009-LeaderElection12] INFO  impl.LeaderElection (LeaderElection.java:askForVotes(206)) - 0a730c46-ee0f-4298-8093-6277af9a8f8e@group-F6C1F47CF009-LeaderElection12: begin an election at term 1 for -1: [e1213966-9098-4efb-a904-a4cb2a6fb33e:172.17.0.2:36871, 868206e5-f05c-4376-a56d-5589c771f96d:172.17.0.2:37567, 0a730c46-ee0f-4298-8093-6277af9a8f8e:172.17.0.2:44173], old=null
2020-06-10 23:32:36,040 [Thread-279] INFO  impl.FollowerState (FollowerState.java:run(108)) - b166f10c-c404-4dcb-a087-ba4800654d2c@group-385C58906CEF-FollowerState: change to CANDIDATE, lastRpcTime:5096ms, electionTimeout:5092ms
2020-06-10 23:32:36,040 [Thread-279] INFO  impl.RoleInfo (RoleInfo.java:shutdownFollowerState(121)) - b166f10c-c404-4dcb-a087-ba4800654d2c: shutdown FollowerState
2020-06-10 23:32:36,040 [Thread-279] INFO  impl.RaftServerImpl (RaftServerImpl.java:setRole(175)) - b166f10c-c404-4dcb-a087-ba4800654d2c@group-385C58906CEF: changes role from  FOLLOWER to CANDIDATE at term 0 for changeToCandidate
2020-06-10 23:32:36,050 [Thread-279] INFO  impl.RoleInfo (RoleInfo.java:updateAndGet(143)) - b166f10c-c404-4dcb-a087-ba4800654d2c: start LeaderElection
2020-06-10 23:32:36,064 [grpc-default-executor-4] INFO  ratis.XceiverServerRatis (XceiverServerRatis.java:handleLeaderChangedNotification(762)) - Leader change notification received for group: group-F6C1F47CF009 with new leaderId: e1213966-9098-4efb-a904-a4cb2a6fb33e
2020-06-10 23:32:36,064 [grpc-default-executor-4] INFO  impl.RaftServerImpl (ServerState.java:setLeader(255)) - 868206e5-f05c-4376-a56d-5589c771f96d@group-F6C1F47CF009: change Leader from null to e1213966-9098-4efb-a904-a4cb2a6fb33e at term 1 for appendEntries, leader elected after 5165ms
2020-06-10 23:32:36,067 [Thread-277] INFO  impl.FollowerState (FollowerState.java:run(108)) - c3c497a8-7dd5-4f0b-8431-82df52c157aa@group-385C58906CEF-FollowerState: change to CANDIDATE, lastRpcTime:5141ms, electionTimeout:5138ms
2020-06-10 23:32:36,067 [Thread-277] INFO  impl.RoleInfo (RoleInfo.java:shutdownFollowerState(121)) - c3c497a8-7dd5-4f0b-8431-82df52c157aa: shutdown FollowerState
2020-06-10 23:32:36,068 [Thread-277] INFO  impl.RaftServerImpl (RaftServerImpl.java:setRole(175)) - c3c497a8-7dd5-4f0b-8431-82df52c157aa@group-385C58906CEF: changes role from  FOLLOWER to CANDIDATE at term 0 for changeToCandidate
2020-06-10 23:32:36,068 [grpc-default-executor-2] INFO  impl.RaftServerImpl (RaftServerImpl.java:setRole(175)) - 0a730c46-ee0f-4298-8093-6277af9a8f8e@group-F6C1F47CF009: changes role from CANDIDATE to FOLLOWER at term 1 for appendEntries
2020-06-10 23:32:36,068 [grpc-default-executor-2] INFO  impl.RoleInfo (RoleInfo.java:shutdownLeaderElection(134)) - 0a730c46-ee0f-4298-8093-6277af9a8f8e: shutdown LeaderElection
2020-06-10 23:32:36,083 [grpc-default-executor-2] INFO  impl.RoleInfo (RoleInfo.java:updateAndGet(143)) - 0a730c46-ee0f-4298-8093-6277af9a8f8e: start FollowerState
2020-06-10 23:32:36,083 [grpc-default-executor-5] INFO  impl.RaftServerImpl (RaftServerImpl.java:requestVote(832)) - e1213966-9098-4efb-a904-a4cb2a6fb33e@group-F6C1F47CF009-   LEADER: Withhold vote from candidate 0a730c46-ee0f-4298-8093-6277af9a8f8e with term 1. State: leader=e1213966-9098-4efb-a904-a4cb2a6fb33e, term=1, lastRpcElapsed=null
2020-06-10 23:32:36,083 [Thread-277] INFO  impl.RoleInfo (RoleInfo.java:updateAndGet(143)) - c3c497a8-7dd5-4f0b-8431-82df52c157aa: start LeaderElection
2020-06-10 23:32:36,085 [grpc-default-executor-2] INFO  ratis.XceiverServerRatis (XceiverServerRatis.java:handleLeaderChangedNotification(762)) - Leader change notification received for group: group-F6C1F47CF009 with new leaderId: e1213966-9098-4efb-a904-a4cb2a6fb33e
2020-06-10 23:32:36,085 [grpc-default-executor-2] INFO  impl.RaftServerImpl (ServerState.java:setLeader(255)) - 0a730c46-ee0f-4298-8093-6277af9a8f8e@group-F6C1F47CF009: change Leader from null to e1213966-9098-4efb-a904-a4cb2a6fb33e at term 1 for appendEntries, leader elected after 5190ms
2020-06-10 23:32:36,086 [grpc-default-executor-4] INFO  impl.RaftServerImpl (ServerState.java:setRaftConf(356)) - 868206e5-f05c-4376-a56d-5589c771f96d@group-F6C1F47CF009: set configuration 0: [e1213966-9098-4efb-a904-a4cb2a6fb33e:172.17.0.2:36871, 868206e5-f05c-4376-a56d-5589c771f96d:172.17.0.2:37567, 0a730c46-ee0f-4298-8093-6277af9a8f8e:172.17.0.2:44173], old=null at 0
2020-06-10 23:32:36,094 [grpc-default-executor-1] INFO  impl.RaftServerImpl (RaftServerImpl.java:setRole(175)) - c3c497a8-7dd5-4f0b-8431-82df52c157aa@group-385C58906CEF: changes role from CANDIDATE to FOLLOWER at term 1 for recognizeCandidate:1aa28a79-6085-416d-8460-1e98e8b061ff
2020-06-10 23:32:36,094 [grpc-default-executor-1] INFO  impl.RoleInfo (RoleInfo.java:shutdownLeaderElection(134)) - c3c497a8-7dd5-4f0b-8431-82df52c157aa: shutdown LeaderElection
2020-06-10 23:32:36,094 [grpc-default-executor-1] INFO  impl.RoleInfo (RoleInfo.java:updateAndGet(143)) - c3c497a8-7dd5-4f0b-8431-82df52c157aa: start FollowerState
2020-06-10 23:32:36,094 [grpc-default-executor-0] INFO  impl.RaftServerImpl (RaftServerImpl.java:setRole(175)) - b166f10c-c404-4dcb-a087-ba4800654d2c@group-385C58906CEF: changes role from CANDIDATE to FOLLOWER at term 1 for recognizeCandidate:1aa28a79-6085-416d-8460-1e98e8b061ff
2020-06-10 23:32:36,094 [grpc-default-executor-0] INFO  impl.RoleInfo (RoleInfo.java:shutdownLeaderElection(134)) - b166f10c-c404-4dcb-a087-ba4800654d2c: shutdown LeaderElection
2020-06-10 23:32:36,095 [grpc-default-executor-4] INFO  segmented.SegmentedRaftLogWorker (SegmentedRaftLogWorker.java:startLogSegment(397)) - 868206e5-f05c-4376-a56d-5589c771f96d@group-F6C1F47CF009-SegmentedRaftLogWorker: Starting segment from index:0
2020-06-10 23:32:36,099 [grpc-default-executor-0] INFO  impl.RoleInfo (RoleInfo.java:updateAndGet(143)) - b166f10c-c404-4dcb-a087-ba4800654d2c: start FollowerState
2020-06-10 23:32:36,101 [grpc-default-executor-2] INFO  impl.RaftServerImpl (ServerState.java:setRaftConf(356)) - 0a730c46-ee0f-4298-8093-6277af9a8f8e@group-F6C1F47CF009: set configuration 0: [e1213966-9098-4efb-a904-a4cb2a6fb33e:172.17.0.2:36871, 868206e5-f05c-4376-a56d-5589c771f96d:172.17.0.2:37567, 0a730c46-ee0f-4298-8093-6277af9a8f8e:172.17.0.2:44173], old=null at 0
2020-06-10 23:32:36,101 [grpc-default-executor-2] INFO  segmented.SegmentedRaftLogWorker (SegmentedRaftLogWorker.java:startLogSegment(397)) - 0a730c46-ee0f-4298-8093-6277af9a8f8e@group-F6C1F47CF009-SegmentedRaftLogWorker: Starting segment from index:0
2020-06-10 23:32:36,103 [0a730c46-ee0f-4298-8093-6277af9a8f8e@group-F6C1F47CF009-SegmentedRaftLogWorker] INFO  segmented.SegmentedRaftLogWorker (SegmentedRaftLogWorker.java:execute(596)) - 0a730c46-ee0f-4298-8093-6277af9a8f8e@group-F6C1F47CF009-SegmentedRaftLogWorker: created new log segment /github/workspace/mnt/ozone/hadoop-ozone/integration-test/target/test-dir/MiniOzoneClusterImpl-8f60d98f-01ba-4335-ba92-853c1a5e70bb/datanode-3/data/ratis/c8b61c3b-0ddb-42a0-aa57-f6c1f47cf009/current/log_inprogress_0
2020-06-10 23:32:36,104 [868206e5-f05c-4376-a56d-5589c771f96d@group-F6C1F47CF009-SegmentedRaftLogWorker] INFO  segmented.SegmentedRaftLogWorker (SegmentedRaftLogWorker.java:execute(596)) - 868206e5-f05c-4376-a56d-5589c771f96d@group-F6C1F47CF009-SegmentedRaftLogWorker: created new log segment /github/workspace/mnt/ozone/hadoop-ozone/integration-test/target/test-dir/MiniOzoneClusterImpl-8f60d98f-01ba-4335-ba92-853c1a5e70bb/datanode-5/data/ratis/c8b61c3b-0ddb-42a0-aa57-f6c1f47cf009/current/log_inprogress_0
2020-06-10 23:32:36,104 [b166f10c-c404-4dcb-a087-ba4800654d2c@group-385C58906CEF-LeaderElection14] INFO  impl.LeaderElection (LeaderElection.java:askForVotes(206)) - b166f10c-c404-4dcb-a087-ba4800654d2c@group-385C58906CEF-LeaderElection14: begin an election at term 2 for -1: [1aa28a79-6085-416d-8460-1e98e8b061ff:172.17.0.2:39429, b166f10c-c404-4dcb-a087-ba4800654d2c:172.17.0.2:43565, c3c497a8-7dd5-4f0b-8431-82df52c157aa:172.17.0.2:43239], old=null
2020-06-10 23:32:36,114 [c3c497a8-7dd5-4f0b-8431-82df52c157aa@group-385C58906CEF-LeaderElection15] INFO  impl.LeaderElection (LeaderElection.java:run(155)) - c3c497a8-7dd5-4f0b-8431-82df52c157aa@group-385C58906CEF-LeaderElection15: skip running since this is already CLOSING
2020-06-10 23:32:36,114 [b166f10c-c404-4dcb-a087-ba4800654d2c@group-385C58906CEF-LeaderElection14] INFO  impl.LeaderElection (LeaderElection.java:logAndReturn(61)) - b166f10c-c404-4dcb-a087-ba4800654d2c@group-385C58906CEF-LeaderElection14: Election REJECTED; received 0 response(s) [] and 0 exception(s); b166f10c-c404-4dcb-a087-ba4800654d2c@group-385C58906CEF:t2, leader=null, voted=b166f10c-c404-4dcb-a087-ba4800654d2c, raftlog=b166f10c-c404-4dcb-a087-ba4800654d2c@group-385C58906CEF-SegmentedRaftLog:OPENED:c-1,f-1,i0, conf=-1: [1aa28a79-6085-416d-8460-1e98e8b061ff:172.17.0.2:39429, b166f10c-c404-4dcb-a087-ba4800654d2c:172.17.0.2:43565, c3c497a8-7dd5-4f0b-8431-82df52c157aa:172.17.0.2:43239], old=null
2020-06-10 23:32:36,140 [0a730c46-ee0f-4298-8093-6277af9a8f8e@group-F6C1F47CF009-LeaderElection12] INFO  impl.LeaderElection (LeaderElection.java:logAndReturn(61)) - 0a730c46-ee0f-4298-8093-6277af9a8f8e@group-F6C1F47CF009-LeaderElection12: Election REJECTED; received 0 response(s) [] and 0 exception(s); 0a730c46-ee0f-4298-8093-6277af9a8f8e@group-F6C1F47CF009:t1, leader=e1213966-9098-4efb-a904-a4cb2a6fb33e, voted=0a730c46-ee0f-4298-8093-6277af9a8f8e, raftlog=0a730c46-ee0f-4298-8093-6277af9a8f8e@group-F6C1F47CF009-SegmentedRaftLog:OPENED:c-1,f0,i0, conf=0: [e1213966-9098-4efb-a904-a4cb2a6fb33e:172.17.0.2:36871, 868206e5-f05c-4376-a56d-5589c771f96d:172.17.0.2:37567, 0a730c46-ee0f-4298-8093-6277af9a8f8e:172.17.0.2:44173], old=null
2020-06-10 23:32:36,148 [1aa28a79-6085-416d-8460-1e98e8b061ff@group-385C58906CEF-LeaderElection13] INFO  impl.LeaderElection (LeaderElection.java:logAndReturn(61)) - 1aa28a79-6085-416d-8460-1e98e8b061ff@group-385C58906CEF-LeaderElection13: Election REJECTED; received 2 response(s) [1aa28a79-6085-416d-8460-1e98e8b061ff<-b166f10c-c404-4dcb-a087-ba4800654d2c#0:FAIL-t1, 1aa28a79-6085-416d-8460-1e98e8b061ff<-c3c497a8-7dd5-4f0b-8431-82df52c157aa#0:FAIL-t1] and 0 exception(s); 1aa28a79-6085-416d-8460-1e98e8b061ff@group-385C58906CEF:t1, leader=null, voted=1aa28a79-6085-416d-8460-1e98e8b061ff, raftlog=1aa28a79-6085-416d-8460-1e98e8b061ff@group-385C58906CEF-SegmentedRaftLog:OPENED:c-1,f-1,i0, conf=-1: [1aa28a79-6085-416d-8460-1e98e8b061ff:172.17.0.2:39429, b166f10c-c404-4dcb-a087-ba4800654d2c:172.17.0.2:43565, c3c497a8-7dd5-4f0b-8431-82df52c157aa:172.17.0.2:43239], old=null
2020-06-10 23:32:36,149 [grpc-default-executor-0] INFO  impl.RaftServerImpl (RaftServerImpl.java:setRole(175)) - 1aa28a79-6085-416d-8460-1e98e8b061ff@group-385C58906CEF: changes role from CANDIDATE to FOLLOWER at term 2 for recognizeCandidate:b166f10c-c404-4dcb-a087-ba4800654d2c
2020-06-10 23:32:36,155 [grpc-default-executor-0] INFO  impl.RoleInfo (RoleInfo.java:shutdownLeaderElection(134)) - 1aa28a79-6085-416d-8460-1e98e8b061ff: shutdown LeaderElection
2020-06-10 23:32:36,155 [grpc-default-executor-0] INFO  impl.RoleInfo (RoleInfo.java:updateAndGet(143)) - 1aa28a79-6085-416d-8460-1e98e8b061ff: start FollowerState
2020-06-10 23:32:36,149 [grpc-default-executor-1] INFO  impl.RaftServerImpl (RaftServerImpl.java:setRole(175)) - c3c497a8-7dd5-4f0b-8431-82df52c157aa@group-385C58906CEF: changes role from  FOLLOWER to FOLLOWER at term 2 for recognizeCandidate:b166f10c-c404-4dcb-a087-ba4800654d2c
2020-06-10 23:32:36,157 [grpc-default-executor-1] INFO  impl.RoleInfo (RoleInfo.java:shutdownFollowerState(121)) - c3c497a8-7dd5-4f0b-8431-82df52c157aa: shutdown FollowerState
2020-06-10 23:32:36,157 [grpc-default-executor-1] INFO  impl.RoleInfo (RoleInfo.java:updateAndGet(143)) - c3c497a8-7dd5-4f0b-8431-82df52c157aa: start FollowerState
2020-06-10 23:32:36,157 [Thread-353] INFO  impl.FollowerState (FollowerState.java:run(117)) - c3c497a8-7dd5-4f0b-8431-82df52c157aa@group-385C58906CEF-FollowerState was interrupted: java.lang.InterruptedException: sleep interrupted
2020-06-10 23:32:36,168 [grpc-default-executor-0] INFO  impl.RaftServerImpl (RaftServerImpl.java:requestVote(832)) - 868206e5-f05c-4376-a56d-5589c771f96d@group-F6C1F47CF009- FOLLOWER: Withhold vote from candidate 0a730c46-ee0f-4298-8093-6277af9a8f8e with term 1. State: leader=e1213966-9098-4efb-a904-a4cb2a6fb33e, term=1, lastRpcElapsed=33ms
2020-06-10 23:32:36,176 [Listener at 127.0.0.1/37921] INFO  rpc.RpcClient (RpcClient.java:createVolume(310)) - Creating Volume: testblockoutputstream, with jenkins1001 as owner.
2020-06-10 23:32:36,253 [IPC Server handler 4 on default port 37921] INFO  volume.OMVolumeCreateRequest (OMVolumeCreateRequest.java:validateAndUpdateCache(204)) - created volume:testblockoutputstream for user:jenkins1001
2020-06-10 23:32:36,276 [Listener at 127.0.0.1/37921] INFO  rpc.RpcClient (RpcClient.java:createBucket(450)) - Creating Bucket: testblockoutputstream/testblockoutputstream, with Versioning false and Storage Type set to DISK and Encryption set to false 
2020-06-10 23:32:36,430 [Listener at 127.0.0.1/37921] INFO  impl.MetricsSystemImpl (MetricsSystemImpl.java:init(158)) - XceiverClientMetrics metrics system started (again)
2020-06-10 23:32:38,077 [EventQueue-Delayed safe mode statusForReplicationManager] INFO  container.ReplicationManager (ReplicationManager.java:start(167)) - Starting Replication Monitor Thread.
2020-06-10 23:32:38,080 [ReplicationMonitor] INFO  container.ReplicationManager (ReplicationManager.java:run(231)) - Replication Monitor Thread took 2 milliseconds for processing 1 containers.
2020-06-10 23:32:38,080 [EventQueue-CloseContainerForCloseContainerEventHandler] INFO  container.CloseContainerEventHandler (CloseContainerEventHandler.java:onMessage(61)) - Close container Event triggered for container : #1
2020-06-10 23:32:40,035 [Thread-300] INFO  impl.FollowerState (FollowerState.java:run(108)) - 1aa28a79-6085-416d-8460-1e98e8b061ff@group-349F9BD86EAC-FollowerState: change to CANDIDATE, lastRpcTime:5033ms, electionTimeout:5024ms
2020-06-10 23:32:40,035 [Thread-300] INFO  impl.RoleInfo (RoleInfo.java:shutdownFollowerState(121)) - 1aa28a79-6085-416d-8460-1e98e8b061ff: shutdown FollowerState
2020-06-10 23:32:40,035 [Thread-300] INFO  impl.RaftServerImpl (RaftServerImpl.java:setRole(175)) - 1aa28a79-6085-416d-8460-1e98e8b061ff@group-349F9BD86EAC: changes role from  FOLLOWER to CANDIDATE at term 2 for changeToCandidate
2020-06-10 23:32:40,035 [Thread-300] INFO  impl.RoleInfo (RoleInfo.java:updateAndGet(143)) - 1aa28a79-6085-416d-8460-1e98e8b061ff: start LeaderElection
2020-06-10 23:32:40,040 [Command processor thread] ERROR commandhandler.CloseContainerCommandHandler (CloseContainerCommandHandler.java:handle(85)) - Container #1 does not exist in datanode. Container close failed.
2020-06-10 23:32:40,042 [1aa28a79-6085-416d-8460-1e98e8b061ff@group-349F9BD86EAC-LeaderElection16] INFO  impl.LeaderElection (LeaderElection.java:askForVotes(206)) - 1aa28a79-6085-416d-8460-1e98e8b061ff@group-349F9BD86EAC-LeaderElection16: begin an election at term 3 for -1: [1aa28a79-6085-416d-8460-1e98e8b061ff:172.17.0.2:39429, b166f10c-c404-4dcb-a087-ba4800654d2c:172.17.0.2:43565, c3c497a8-7dd5-4f0b-8431-82df52c157aa:172.17.0.2:43239], old=null
2020-06-10 23:32:40,053 [grpc-default-executor-0] INFO  impl.RaftServerImpl (RaftServerImpl.java:setRole(175)) - b166f10c-c404-4dcb-a087-ba4800654d2c@group-349F9BD86EAC: changes role from  FOLLOWER to FOLLOWER at term 3 for recognizeCandidate:1aa28a79-6085-416d-8460-1e98e8b061ff
2020-06-10 23:32:40,053 [grpc-default-executor-0] INFO  impl.RoleInfo (RoleInfo.java:shutdownFollowerState(121)) - b166f10c-c404-4dcb-a087-ba4800654d2c: shutdown FollowerState
2020-06-10 23:32:40,053 [grpc-default-executor-0] INFO  impl.RoleInfo (RoleInfo.java:updateAndGet(143)) - b166f10c-c404-4dcb-a087-ba4800654d2c: start FollowerState
2020-06-10 23:32:40,053 [Thread-314] INFO  impl.FollowerState (FollowerState.java:run(117)) - b166f10c-c404-4dcb-a087-ba4800654d2c@group-349F9BD86EAC-FollowerState was interrupted: java.lang.InterruptedException: sleep interrupted
2020-06-10 23:32:40,054 [grpc-default-executor-1] INFO  impl.RaftServerImpl (RaftServerImpl.java:setRole(175)) - c3c497a8-7dd5-4f0b-8431-82df52c157aa@group-349F9BD86EAC: changes role from  FOLLOWER to FOLLOWER at term 3 for recognizeCandidate:1aa28a79-6085-416d-8460-1e98e8b061ff
2020-06-10 23:32:40,054 [grpc-default-executor-1] INFO  impl.RoleInfo (RoleInfo.java:shutdownFollowerState(121)) - c3c497a8-7dd5-4f0b-8431-82df52c157aa: shutdown FollowerState
2020-06-10 23:32:40,059 [grpc-default-executor-1] INFO  impl.RoleInfo (RoleInfo.java:updateAndGet(143)) - c3c497a8-7dd5-4f0b-8431-82df52c157aa: start FollowerState
2020-06-10 23:32:40,059 [Thread-306] INFO  impl.FollowerState (FollowerState.java:run(117)) - c3c497a8-7dd5-4f0b-8431-82df52c157aa@group-349F9BD86EAC-FollowerState was interrupted: java.lang.InterruptedException: sleep interrupted
2020-06-10 23:32:40,063 [1aa28a79-6085-416d-8460-1e98e8b061ff@group-349F9BD86EAC-LeaderElection16] INFO  impl.LeaderElection (LeaderElection.java:logAndReturn(61)) - 1aa28a79-6085-416d-8460-1e98e8b061ff@group-349F9BD86EAC-LeaderElection16: Election PASSED; received 2 response(s) [1aa28a79-6085-416d-8460-1e98e8b061ff<-b166f10c-c404-4dcb-a087-ba4800654d2c#0:FAIL-t3, 1aa28a79-6085-416d-8460-1e98e8b061ff<-c3c497a8-7dd5-4f0b-8431-82df52c157aa#0:OK-t3] and 0 exception(s); 1aa28a79-6085-416d-8460-1e98e8b061ff@group-349F9BD86EAC:t3, leader=null, voted=1aa28a79-6085-416d-8460-1e98e8b061ff, raftlog=1aa28a79-6085-416d-8460-1e98e8b061ff@group-349F9BD86EAC-SegmentedRaftLog:OPENED:c-1,f-1,i0, conf=-1: [1aa28a79-6085-416d-8460-1e98e8b061ff:172.17.0.2:39429, b166f10c-c404-4dcb-a087-ba4800654d2c:172.17.0.2:43565, c3c497a8-7dd5-4f0b-8431-82df52c157aa:172.17.0.2:43239], old=null
2020-06-10 23:32:40,063 [1aa28a79-6085-416d-8460-1e98e8b061ff@group-349F9BD86EAC-LeaderElection16] INFO  impl.RoleInfo (RoleInfo.java:shutdownLeaderElection(134)) - 1aa28a79-6085-416d-8460-1e98e8b061ff: shutdown LeaderElection
2020-06-10 23:32:40,063 [1aa28a79-6085-416d-8460-1e98e8b061ff@group-349F9BD86EAC-LeaderElection16] INFO  impl.RaftServerImpl (RaftServerImpl.java:setRole(175)) - 1aa28a79-6085-416d-8460-1e98e8b061ff@group-349F9BD86EAC: changes role from CANDIDATE to LEADER at term 3 for changeToLeader
2020-06-10 23:32:40,063 [1aa28a79-6085-416d-8460-1e98e8b061ff@group-349F9BD86EAC-LeaderElection16] INFO  ratis.XceiverServerRatis (XceiverServerRatis.java:handleLeaderChangedNotification(762)) - Leader change notification received for group: group-349F9BD86EAC with new leaderId: 1aa28a79-6085-416d-8460-1e98e8b061ff
2020-06-10 23:32:40,063 [1aa28a79-6085-416d-8460-1e98e8b061ff@group-349F9BD86EAC-LeaderElection16] INFO  impl.RaftServerImpl (ServerState.java:setLeader(255)) - 1aa28a79-6085-416d-8460-1e98e8b061ff@group-349F9BD86EAC: change Leader from null to 1aa28a79-6085-416d-8460-1e98e8b061ff at term 3 for becomeLeader, leader elected after 10228ms
2020-06-10 23:32:40,063 [1aa28a79-6085-416d-8460-1e98e8b061ff@group-349F9BD86EAC-LeaderElection16] INFO  server.RaftServerConfigKeys (ConfUtils.java:logGet(44)) - raft.server.staging.catchup.gap = 1000 (default)
2020-06-10 23:32:40,063 [1aa28a79-6085-416d-8460-1e98e8b061ff@group-349F9BD86EAC-LeaderElection16] INFO  server.RaftServerConfigKeys (ConfUtils.java:logGet(44)) - raft.server.rpc.sleep.time = 25ms (default)
2020-06-10 23:32:40,063 [1aa28a79-6085-416d-8460-1e98e8b061ff@group-349F9BD86EAC-LeaderElection16] INFO  metrics.RatisMetrics (RatisMetrics.java:lambda$create$0(36)) - Creating Metrics Registry : ratis.log_appender.1aa28a79-6085-416d-8460-1e98e8b061ff@group-349F9BD86EAC
2020-06-10 23:32:40,064 [1aa28a79-6085-416d-8460-1e98e8b061ff@group-349F9BD86EAC-LeaderElection16] INFO  server.RaftServerConfigKeys (ConfUtils.java:logGet(44)) - raft.server.write.element-limit = 1024 (custom)
2020-06-10 23:32:40,064 [1aa28a79-6085-416d-8460-1e98e8b061ff@group-349F9BD86EAC-LeaderElection16] INFO  server.RaftServerConfigKeys (ConfUtils.java:logGet(44)) - raft.server.write.byte-limit = 1073741824 (custom)
2020-06-10 23:32:40,064 [1aa28a79-6085-416d-8460-1e98e8b061ff@group-349F9BD86EAC-LeaderElection16] INFO  server.RaftServerConfigKeys (ConfUtils.java:logGet(44)) - raft.server.watch.timeout = 3s (custom)
2020-06-10 23:32:40,064 [1aa28a79-6085-416d-8460-1e98e8b061ff@group-349F9BD86EAC-LeaderElection16] INFO  server.RaftServerConfigKeys (ConfUtils.java:logGet(44)) - raft.server.watch.timeout.denomination = 1s (default)
2020-06-10 23:32:40,064 [1aa28a79-6085-416d-8460-1e98e8b061ff@group-349F9BD86EAC-LeaderElection16] INFO  server.RaftServerConfigKeys (ConfUtils.java:logGet(44)) - raft.server.watch.element-limit = 65536 (default)
2020-06-10 23:32:40,064 [1aa28a79-6085-416d-8460-1e98e8b061ff@group-349F9BD86EAC-LeaderElection16] INFO  server.RaftServerConfigKeys (ConfUtils.java:logGet(44)) - raft.server.log.appender.snapshot.chunk.size.max = 16MB (=16777216) (default)
2020-06-10 23:32:40,065 [1aa28a79-6085-416d-8460-1e98e8b061ff@group-349F9BD86EAC-LeaderElection16] INFO  server.RaftServerConfigKeys (ConfUtils.java:logGet(44)) - raft.server.log.appender.buffer.byte-limit = 33554432 (custom)
2020-06-10 23:32:40,065 [1aa28a79-6085-416d-8460-1e98e8b061ff@group-349F9BD86EAC-LeaderElection16] INFO  server.RaftServerConfigKeys (ConfUtils.java:logGet(44)) - raft.server.log.appender.buffer.element-limit = 1 (custom)
2020-06-10 23:32:40,065 [1aa28a79-6085-416d-8460-1e98e8b061ff@group-349F9BD86EAC-LeaderElection16] INFO  grpc.GrpcConfigKeys (ConfUtils.java:logGet(44)) - raft.grpc.server.leader.outstanding.appends.max = 128 (default)
2020-06-10 23:32:40,065 [1aa28a79-6085-416d-8460-1e98e8b061ff@group-349F9BD86EAC-LeaderElection16] INFO  server.RaftServerConfigKeys (ConfUtils.java:logGet(44)) - raft.server.rpc.request.timeout = 3s (default)
2020-06-10 23:32:40,066 [1aa28a79-6085-416d-8460-1e98e8b061ff@group-349F9BD86EAC-LeaderElection16] INFO  server.RaftServerConfigKeys (ConfUtils.java:logGet(44)) - raft.server.log.appender.install.snapshot.enabled = false (custom)
2020-06-10 23:32:40,068 [1aa28a79-6085-416d-8460-1e98e8b061ff@group-349F9BD86EAC-LeaderElection16] INFO  metrics.RatisMetrics (RatisMetrics.java:lambda$create$0(36)) - Creating Metrics Registry : ratis_grpc.log_appender.1aa28a79-6085-416d-8460-1e98e8b061ff@group-349F9BD86EAC
2020-06-10 23:32:40,069 [1aa28a79-6085-416d-8460-1e98e8b061ff@group-349F9BD86EAC-LeaderElection16] INFO  server.RaftServerConfigKeys (ConfUtils.java:logGet(44)) - raft.server.log.appender.snapshot.chunk.size.max = 16MB (=16777216) (default)
2020-06-10 23:32:40,070 [1aa28a79-6085-416d-8460-1e98e8b061ff@group-349F9BD86EAC-LeaderElection16] INFO  server.RaftServerConfigKeys (ConfUtils.java:logGet(44)) - raft.server.log.appender.buffer.byte-limit = 33554432 (custom)
2020-06-10 23:32:40,070 [1aa28a79-6085-416d-8460-1e98e8b061ff@group-349F9BD86EAC-LeaderElection16] INFO  server.RaftServerConfigKeys (ConfUtils.java:logGet(44)) - raft.server.log.appender.buffer.element-limit = 1 (custom)
2020-06-10 23:32:40,070 [1aa28a79-6085-416d-8460-1e98e8b061ff@group-349F9BD86EAC-LeaderElection16] INFO  grpc.GrpcConfigKeys (ConfUtils.java:logGet(44)) - raft.grpc.server.leader.outstanding.appends.max = 128 (default)
2020-06-10 23:32:40,070 [1aa28a79-6085-416d-8460-1e98e8b061ff@group-349F9BD86EAC-LeaderElection16] INFO  server.RaftServerConfigKeys (ConfUtils.java:logGet(44)) - raft.server.rpc.request.timeout = 3s (default)
2020-06-10 23:32:40,070 [1aa28a79-6085-416d-8460-1e98e8b061ff@group-349F9BD86EAC-LeaderElection16] INFO  server.RaftServerConfigKeys (ConfUtils.java:logGet(44)) - raft.server.log.appender.install.snapshot.enabled = false (custom)
2020-06-10 23:32:40,071 [1aa28a79-6085-416d-8460-1e98e8b061ff@group-349F9BD86EAC-LeaderElection16] INFO  impl.RoleInfo (RoleInfo.java:updateAndGet(143)) - 1aa28a79-6085-416d-8460-1e98e8b061ff: start LeaderState
2020-06-10 23:32:40,071 [1aa28a79-6085-416d-8460-1e98e8b061ff@group-349F9BD86EAC-LeaderElection16] INFO  segmented.SegmentedRaftLogWorker (SegmentedRaftLogWorker.java:startLogSegment(397)) - 1aa28a79-6085-416d-8460-1e98e8b061ff@group-349F9BD86EAC-SegmentedRaftLogWorker: Starting segment from index:0
2020-06-10 23:32:40,074 [1aa28a79-6085-416d-8460-1e98e8b061ff@group-349F9BD86EAC-SegmentedRaftLogWorker] INFO  segmented.SegmentedRaftLogWorker (SegmentedRaftLogWorker.java:execute(596)) - 1aa28a79-6085-416d-8460-1e98e8b061ff@group-349F9BD86EAC-SegmentedRaftLogWorker: created new log segment /github/workspace/mnt/ozone/hadoop-ozone/integration-test/target/test-dir/MiniOzoneClusterImpl-8f60d98f-01ba-4335-ba92-853c1a5e70bb/datanode-1/data/ratis/0c3dcd96-bd09-4ae5-9fb1-349f9bd86eac/current/log_inprogress_0
2020-06-10 23:32:40,077 [1aa28a79-6085-416d-8460-1e98e8b061ff@group-349F9BD86EAC-LeaderElection16] INFO  impl.RaftServerImpl (ServerState.java:setRaftConf(356)) - 1aa28a79-6085-416d-8460-1e98e8b061ff@group-349F9BD86EAC: set configuration 0: [1aa28a79-6085-416d-8460-1e98e8b061ff:172.17.0.2:39429, b166f10c-c404-4dcb-a087-ba4800654d2c:172.17.0.2:43565, c3c497a8-7dd5-4f0b-8431-82df52c157aa:172.17.0.2:43239], old=null at 0
2020-06-10 23:32:40,082 [grpc-default-executor-0] INFO  ratis.XceiverServerRatis (XceiverServerRatis.java:handleLeaderChangedNotification(762)) - Leader change notification received for group: group-349F9BD86EAC with new leaderId: 1aa28a79-6085-416d-8460-1e98e8b061ff
2020-06-10 23:32:40,082 [grpc-default-executor-0] INFO  impl.RaftServerImpl (ServerState.java:setLeader(255)) - b166f10c-c404-4dcb-a087-ba4800654d2c@group-349F9BD86EAC: change Leader from null to 1aa28a79-6085-416d-8460-1e98e8b061ff at term 3 for appendEntries, leader elected after 4969ms
2020-06-10 23:32:40,087 [grpc-default-executor-0] INFO  impl.RaftServerImpl (ServerState.java:setRaftConf(356)) - b166f10c-c404-4dcb-a087-ba4800654d2c@group-349F9BD86EAC: set configuration 0: [1aa28a79-6085-416d-8460-1e98e8b061ff:172.17.0.2:39429, b166f10c-c404-4dcb-a087-ba4800654d2c:172.17.0.2:43565, c3c497a8-7dd5-4f0b-8431-82df52c157aa:172.17.0.2:43239], old=null at 0
2020-06-10 23:32:40,090 [grpc-default-executor-0] INFO  segmented.SegmentedRaftLogWorker (SegmentedRaftLogWorker.java:truncate(413)) - b166f10c-c404-4dcb-a087-ba4800654d2c@group-349F9BD86EAC-SegmentedRaftLogWorker: Truncating segments toTruncate: null
  toDelete: [(0, 0) isOpen? true, length=0, newEndIndex=-1], start index 0
2020-06-10 23:32:40,090 [grpc-default-executor-0] INFO  segmented.SegmentedRaftLogWorker (SegmentedRaftLogWorker.java:startLogSegment(397)) - b166f10c-c404-4dcb-a087-ba4800654d2c@group-349F9BD86EAC-SegmentedRaftLogWorker: Starting segment from index:0
2020-06-10 23:32:40,091 [b166f10c-c404-4dcb-a087-ba4800654d2c@group-349F9BD86EAC-SegmentedRaftLogWorker] INFO  segmented.SegmentedRaftLogWorker (SegmentedRaftLogWorker.java:execute(663)) - b166f10c-c404-4dcb-a087-ba4800654d2c@group-349F9BD86EAC-SegmentedRaftLogWorker: Deleted log file /github/workspace/mnt/ozone/hadoop-ozone/integration-test/target/test-dir/MiniOzoneClusterImpl-8f60d98f-01ba-4335-ba92-853c1a5e70bb/datanode-0/data/ratis/0c3dcd96-bd09-4ae5-9fb1-349f9bd86eac/current/log_inprogress_0
2020-06-10 23:32:40,092 [b166f10c-c404-4dcb-a087-ba4800654d2c@group-349F9BD86EAC-SegmentedRaftLogWorker] INFO  segmented.SegmentedRaftLogWorker (SegmentedRaftLogWorker.java:lambda$new$0(129)) - b166f10c-c404-4dcb-a087-ba4800654d2c@group-349F9BD86EAC-SegmentedRaftLogWorker: flushIndex: setUnconditionally 0 -> -1
2020-06-10 23:32:40,092 [b166f10c-c404-4dcb-a087-ba4800654d2c@group-349F9BD86EAC-SegmentedRaftLogWorker] INFO  segmented.SegmentedRaftLogWorker (SegmentedRaftLogWorker.java:lambda$new$0(129)) - b166f10c-c404-4dcb-a087-ba4800654d2c@group-349F9BD86EAC-SegmentedRaftLogWorker: safeCacheEvictIndex: setUnconditionally -1 -> -1
2020-06-10 23:32:40,094 [b166f10c-c404-4dcb-a087-ba4800654d2c@group-349F9BD86EAC-SegmentedRaftLogWorker] INFO  segmented.SegmentedRaftLogWorker (SegmentedRaftLogWorker.java:execute(596)) - b166f10c-c404-4dcb-a087-ba4800654d2c@group-349F9BD86EAC-SegmentedRaftLogWorker: created new log segment /github/workspace/mnt/ozone/hadoop-ozone/integration-test/target/test-dir/MiniOzoneClusterImpl-8f60d98f-01ba-4335-ba92-853c1a5e70bb/datanode-0/data/ratis/0c3dcd96-bd09-4ae5-9fb1-349f9bd86eac/current/log_inprogress_0
2020-06-10 23:32:40,096 [grpc-default-executor-0] INFO  ratis.XceiverServerRatis (XceiverServerRatis.java:handleLeaderChangedNotification(762)) - Leader change notification received for group: group-349F9BD86EAC with new leaderId: 1aa28a79-6085-416d-8460-1e98e8b061ff
2020-06-10 23:32:40,097 [grpc-default-executor-0] INFO  impl.RaftServerImpl (ServerState.java:setLeader(255)) - c3c497a8-7dd5-4f0b-8431-82df52c157aa@group-349F9BD86EAC: change Leader from null to 1aa28a79-6085-416d-8460-1e98e8b061ff at term 3 for appendEntries, leader elected after 10179ms
2020-06-10 23:32:40,097 [Command processor thread] ERROR commandhandler.CloseContainerCommandHandler (CloseContainerCommandHandler.java:handle(85)) - Container #1 does not exist in datanode. Container close failed.
2020-06-10 23:32:40,115 [grpc-default-executor-0] INFO  impl.RaftServerImpl (ServerState.java:setRaftConf(356)) - c3c497a8-7dd5-4f0b-8431-82df52c157aa@group-349F9BD86EAC: set configuration 0: [1aa28a79-6085-416d-8460-1e98e8b061ff:172.17.0.2:39429, b166f10c-c404-4dcb-a087-ba4800654d2c:172.17.0.2:43565, c3c497a8-7dd5-4f0b-8431-82df52c157aa:172.17.0.2:43239], old=null at 0
2020-06-10 23:32:40,116 [grpc-default-executor-0] INFO  segmented.SegmentedRaftLogWorker (SegmentedRaftLogWorker.java:startLogSegment(397)) - c3c497a8-7dd5-4f0b-8431-82df52c157aa@group-349F9BD86EAC-SegmentedRaftLogWorker: Starting segment from index:0
2020-06-10 23:32:40,118 [c3c497a8-7dd5-4f0b-8431-82df52c157aa@group-349F9BD86EAC-SegmentedRaftLogWorker] INFO  segmented.SegmentedRaftLogWorker (SegmentedRaftLogWorker.java:execute(596)) - c3c497a8-7dd5-4f0b-8431-82df52c157aa@group-349F9BD86EAC-SegmentedRaftLogWorker: created new log segment /github/workspace/mnt/ozone/hadoop-ozone/integration-test/target/test-dir/MiniOzoneClusterImpl-8f60d98f-01ba-4335-ba92-853c1a5e70bb/datanode-2/data/ratis/0c3dcd96-bd09-4ae5-9fb1-349f9bd86eac/current/log_inprogress_0
2020-06-10 23:32:41,003 [RatisApplyTransactionExecutor 1] INFO  interfaces.Container (KeyValueContainer.java:flushAndSyncDB(387)) - Container 1 is synced with bcsId 6.
2020-06-10 23:32:41,014 [RatisApplyTransactionExecutor 1] INFO  interfaces.Container (KeyValueContainer.java:flushAndSyncDB(387)) - Container 1 is synced with bcsId 6.
2020-06-10 23:32:41,008 [RatisApplyTransactionExecutor 1] INFO  interfaces.Container (KeyValueContainer.java:flushAndSyncDB(387)) - Container 1 is synced with bcsId 6.
2020-06-10 23:32:41,014 [RatisApplyTransactionExecutor 1] INFO  interfaces.Container (KeyValueContainer.java:flushAndSyncDB(387)) - Container 1 is synced with bcsId 6.
2020-06-10 23:32:41,006 [RatisApplyTransactionExecutor 1] INFO  interfaces.Container (KeyValueContainer.java:flushAndSyncDB(387)) - Container 1 is synced with bcsId 6.
2020-06-10 23:32:41,015 [RatisApplyTransactionExecutor 1] INFO  interfaces.Container (KeyValueContainer.java:flushAndSyncDB(387)) - Container 1 is synced with bcsId 6.
2020-06-10 23:32:41,021 [RatisApplyTransactionExecutor 1] INFO  interfaces.Container (KeyValueContainer.java:close(325)) - Container 1 is closed with bcsId 6.
2020-06-10 23:32:41,022 [RatisApplyTransactionExecutor 1] INFO  interfaces.Container (KeyValueContainer.java:close(325)) - Container 1 is closed with bcsId 6.
2020-06-10 23:32:41,022 [RatisApplyTransactionExecutor 1] INFO  interfaces.Container (KeyValueContainer.java:close(325)) - Container 1 is closed with bcsId 6.
2020-06-10 23:32:41,027 [EventQueue-IncrementalContainerReportForIncrementalContainerReportHandler] INFO  container.IncrementalContainerReportHandler (AbstractContainerReportHandler.java:updateContainerState(171)) - Moving container #1 to CLOSED state, datanode c3c497a8-7dd5-4f0b-8431-82df52c157aa{ip: 172.17.0.2, host: be5d1cd46157, networkLocation: /default-rack, certSerialId: null} reported CLOSED replica.
23:32:41.013 [grpc-default-executor-0] ERROR DNAudit - user=null | ip=null | op=WRITE_CHUNK {blockData=conID: 1 locID: 104322299091484672 bcsId: 6} | ret=FAILURE
org.apache.hadoop.hdds.scm.container.common.helpers.ContainerNotOpenException: Container 1 in CLOSING state
	at org.apache.hadoop.ozone.container.common.impl.HddsDispatcher.validateContainerCommand(HddsDispatcher.java:479) ~[hadoop-hdds-container-service-0.6.0-SNAPSHOT.jar:?]
	at org.apache.hadoop.ozone.container.common.transport.server.ratis.ContainerStateMachine.startTransaction(ContainerStateMachine.java:314) ~[hadoop-hdds-container-service-0.6.0-SNAPSHOT.jar:?]
	at org.apache.ratis.server.impl.RaftServerImpl.submitClientRequestAsync(RaftServerImpl.java:623) ~[ratis-server-0.6.0-6ab75ae-SNAPSHOT.jar:0.6.0-6ab75ae-SNAPSHOT]
	at org.apache.ratis.server.impl.RaftServerProxy.lambda$submitClientRequestAsync$7(RaftServerProxy.java:338) ~[ratis-server-0.6.0-6ab75ae-SNAPSHOT.jar:0.6.0-6ab75ae-SNAPSHOT]
	at org.apache.ratis.server.impl.RaftServerProxy.lambda$null$5(RaftServerProxy.java:333) ~[ratis-server-0.6.0-6ab75ae-SNAPSHOT.jar:0.6.0-6ab75ae-SNAPSHOT]
	at org.apache.ratis.util.JavaUtils.callAsUnchecked(JavaUtils.java:109) ~[ratis-common-0.6.0-6ab75ae-SNAPSHOT.jar:0.6.0-6ab75ae-SNAPSHOT]
	at org.apache.ratis.server.impl.RaftServerProxy.lambda$submitRequest$6(RaftServerProxy.java:333) ~[ratis-server-0.6.0-6ab75ae-SNAPSHOT.jar:0.6.0-6ab75ae-SNAPSHOT]
	at java.util.concurrent.CompletableFuture.uniComposeStage(CompletableFuture.java:995) ~[?:1.8.0_232]
	at java.util.concurrent.CompletableFuture.thenCompose(CompletableFuture.java:2137) ~[?:1.8.0_232]
	at org.apache.ratis.server.impl.RaftServerProxy.submitRequest(RaftServerProxy.java:332) ~[ratis-server-0.6.0-6ab75ae-SNAPSHOT.jar:0.6.0-6ab75ae-SNAPSHOT]
	at org.apache.ratis.server.impl.RaftServerProxy.submitClientRequestAsync(RaftServerProxy.java:338) ~[ratis-server-0.6.0-6ab75ae-SNAPSHOT.jar:0.6.0-6ab75ae-SNAPSHOT]
	at org.apache.ratis.grpc.client.GrpcClientProtocolService$RequestStreamObserver.processClientRequest(GrpcClientProtocolService.java:225) ~[ratis-grpc-0.6.0-6ab75ae-SNAPSHOT.jar:0.6.0-6ab75ae-SNAPSHOT]
	at org.apache.ratis.grpc.client.GrpcClientProtocolService$OrderedRequestStreamObserver.processClientRequest(GrpcClientProtocolService.java:331) ~[ratis-grpc-0.6.0-6ab75ae-SNAPSHOT.jar:0.6.0-6ab75ae-SNAPSHOT]
	at org.apache.ratis.util.SlidingWindow$Server.processRequestsFromHead(SlidingWindow.java:429) [ratis-common-0.6.0-6ab75ae-SNAPSHOT.jar:0.6.0-6ab75ae-SNAPSHOT]
	at org.apache.ratis.util.SlidingWindow$Server.receivedRequest(SlidingWindow.java:421) [ratis-common-0.6.0-6ab75ae-SNAPSHOT.jar:0.6.0-6ab75ae-SNAPSHOT]
	at org.apache.ratis.grpc.client.GrpcClientProtocolService$OrderedRequestStreamObserver.processClientRequest(GrpcClientProtocolService.java:355) [ratis-grpc-0.6.0-6ab75ae-SNAPSHOT.jar:0.6.0-6ab75ae-SNAPSHOT]
	at org.apache.ratis.grpc.client.GrpcClientProtocolService$RequestStreamObserver.onNext(GrpcClientProtocolService.java:245) [ratis-grpc-0.6.0-6ab75ae-SNAPSHOT.jar:0.6.0-6ab75ae-SNAPSHOT]
	at org.apache.ratis.grpc.client.GrpcClientProtocolService$RequestStreamObserver.onNext(GrpcClientProtocolService.java:168) [ratis-grpc-0.6.0-6ab75ae-SNAPSHOT.jar:0.6.0-6ab75ae-SNAPSHOT]
	at org.apache.ratis.thirdparty.io.grpc.stub.ServerCalls$StreamingServerCallHandler$StreamingServerCallListener.onMessage(ServerCalls.java:251) [ratis-thirdparty-misc-0.4.0.jar:0.4.0]
	at org.apache.ratis.thirdparty.io.grpc.internal.ServerCallImpl$ServerStreamListenerImpl.messagesAvailableInternal(ServerCallImpl.java:309) [ratis-thirdparty-misc-0.4.0.jar:0.4.0]
	at org.apache.ratis.thirdparty.io.grpc.internal.ServerCallImpl$ServerStreamListenerImpl.messagesAvailable(ServerCallImpl.java:292) [ratis-thirdparty-misc-0.4.0.jar:0.4.0]
	at org.apache.ratis.thirdparty.io.grpc.internal.ServerImpl$JumpToApplicationThreadServerStreamListener$1MessagesAvailable.runInContext(ServerImpl.java:782) [ratis-thirdparty-misc-0.4.0.jar:0.4.0]
	at org.apache.ratis.thirdparty.io.grpc.internal.ContextRunnable.run(ContextRunnable.java:37) [ratis-thirdparty-misc-0.4.0.jar:0.4.0]
	at org.apache.ratis.thirdparty.io.grpc.internal.SerializingExecutor.run(SerializingExecutor.java:123) [ratis-thirdparty-misc-0.4.0.jar:0.4.0]
	at java.util.concurrent.ThreadPoolExecutor.runWorker(ThreadPoolExecutor.java:1149) [?:1.8.0_232]
	at java.util.concurrent.ThreadPoolExecutor$Worker.run(ThreadPoolExecutor.java:624) [?:1.8.0_232]
	at java.lang.Thread.run(Thread.java:748) [?:1.8.0_232]
23:32:41.032 [grpc-default-executor-0] ERROR DNAudit - user=null | ip=null | op=PUT_BLOCK {blockData=[blockId=conID: 1 locID: 104322299091484672 bcsId: 0,size=500]} | ret=FAILURE
org.apache.hadoop.hdds.scm.container.common.helpers.ContainerNotOpenException: Container 1 in CLOSED state
	at org.apache.hadoop.ozone.container.common.impl.HddsDispatcher.validateContainerCommand(HddsDispatcher.java:479) ~[hadoop-hdds-container-service-0.6.0-SNAPSHOT.jar:?]
	at org.apache.hadoop.ozone.container.common.transport.server.ratis.ContainerStateMachine.startTransaction(ContainerStateMachine.java:314) ~[hadoop-hdds-container-service-0.6.0-SNAPSHOT.jar:?]
	at org.apache.ratis.server.impl.RaftServerImpl.submitClientRequestAsync(RaftServerImpl.java:623) ~[ratis-server-0.6.0-6ab75ae-SNAPSHOT.jar:0.6.0-6ab75ae-SNAPSHOT]
	at org.apache.ratis.server.impl.RaftServerProxy.lambda$submitClientRequestAsync$7(RaftServerProxy.java:338) ~[ratis-server-0.6.0-6ab75ae-SNAPSHOT.jar:0.6.0-6ab75ae-SNAPSHOT]
	at org.apache.ratis.server.impl.RaftServerProxy.lambda$null$5(RaftServerProxy.java:333) ~[ratis-server-0.6.0-6ab75ae-SNAPSHOT.jar:0.6.0-6ab75ae-SNAPSHOT]
	at org.apache.ratis.util.JavaUtils.callAsUnchecked(JavaUtils.java:109) ~[ratis-common-0.6.0-6ab75ae-SNAPSHOT.jar:0.6.0-6ab75ae-SNAPSHOT]
	at org.apache.ratis.server.impl.RaftServerProxy.lambda$submitRequest$6(RaftServerProxy.java:333) ~[ratis-server-0.6.0-6ab75ae-SNAPSHOT.jar:0.6.0-6ab75ae-SNAPSHOT]
	at java.util.concurrent.CompletableFuture.uniComposeStage(CompletableFuture.java:995) ~[?:1.8.0_232]
	at java.util.concurrent.CompletableFuture.thenCompose(CompletableFuture.java:2137) ~[?:1.8.0_232]
	at org.apache.ratis.server.impl.RaftServerProxy.submitRequest(RaftServerProxy.java:332) ~[ratis-server-0.6.0-6ab75ae-SNAPSHOT.jar:0.6.0-6ab75ae-SNAPSHOT]
	at org.apache.ratis.server.impl.RaftServerProxy.submitClientRequestAsync(RaftServerProxy.java:338) ~[ratis-server-0.6.0-6ab75ae-SNAPSHOT.jar:0.6.0-6ab75ae-SNAPSHOT]
	at org.apache.ratis.grpc.client.GrpcClientProtocolService$RequestStreamObserver.processClientRequest(GrpcClientProtocolService.java:225) ~[ratis-grpc-0.6.0-6ab75ae-SNAPSHOT.jar:0.6.0-6ab75ae-SNAPSHOT]
	at org.apache.ratis.grpc.client.GrpcClientProtocolService$OrderedRequestStreamObserver.processClientRequest(GrpcClientProtocolService.java:331) ~[ratis-grpc-0.6.0-6ab75ae-SNAPSHOT.jar:0.6.0-6ab75ae-SNAPSHOT]
	at org.apache.ratis.util.SlidingWindow$Server.processRequestsFromHead(SlidingWindow.java:429) [ratis-common-0.6.0-6ab75ae-SNAPSHOT.jar:0.6.0-6ab75ae-SNAPSHOT]
	at org.apache.ratis.util.SlidingWindow$Server.receivedRequest(SlidingWindow.java:421) [ratis-common-0.6.0-6ab75ae-SNAPSHOT.jar:0.6.0-6ab75ae-SNAPSHOT]
	at org.apache.ratis.grpc.client.GrpcClientProtocolService$OrderedRequestStreamObserver.processClientRequest(GrpcClientProtocolService.java:355) [ratis-grpc-0.6.0-6ab75ae-SNAPSHOT.jar:0.6.0-6ab75ae-SNAPSHOT]
	at org.apache.ratis.grpc.client.GrpcClientProtocolService$RequestStreamObserver.onNext(GrpcClientProtocolService.java:245) [ratis-grpc-0.6.0-6ab75ae-SNAPSHOT.jar:0.6.0-6ab75ae-SNAPSHOT]
	at org.apache.ratis.grpc.client.GrpcClientProtocolService$RequestStreamObserver.onNext(GrpcClientProtocolService.java:168) [ratis-grpc-0.6.0-6ab75ae-SNAPSHOT.jar:0.6.0-6ab75ae-SNAPSHOT]
	at org.apache.ratis.thirdparty.io.grpc.stub.ServerCalls$StreamingServerCallHandler$StreamingServerCallListener.onMessage(ServerCalls.java:251) [ratis-thirdparty-misc-0.4.0.jar:0.4.0]
	at org.apache.ratis.thirdparty.io.grpc.internal.ServerCallImpl$ServerStreamListenerImpl.messagesAvailableInternal(ServerCallImpl.java:309) [ratis-thirdparty-misc-0.4.0.jar:0.4.0]
	at org.apache.ratis.thirdparty.io.grpc.internal.ServerCallImpl$ServerStreamListenerImpl.messagesAvailable(ServerCallImpl.java:292) [ratis-thirdparty-misc-0.4.0.jar:0.4.0]
	at org.apache.ratis.thirdparty.io.grpc.internal.ServerImpl$JumpToApplicationThreadServerStreamListener$1MessagesAvailable.runInContext(ServerImpl.java:782) [ratis-thirdparty-misc-0.4.0.jar:0.4.0]
	at org.apache.ratis.thirdparty.io.grpc.internal.ContextRunnable.run(ContextRunnable.java:37) [ratis-thirdparty-misc-0.4.0.jar:0.4.0]
	at org.apache.ratis.thirdparty.io.grpc.internal.SerializingExecutor.run(SerializingExecutor.java:123) [ratis-thirdparty-misc-0.4.0.jar:0.4.0]
	at java.util.concurrent.ThreadPoolExecutor.runWorker(ThreadPoolExecutor.java:1149) [?:1.8.0_232]
	at java.util.concurrent.ThreadPoolExecutor$Worker.run(ThreadPoolExecutor.java:624) [?:1.8.0_232]
	at java.lang.Thread.run(Thread.java:748) [?:1.8.0_232]
2020-06-10 23:32:41,048 [Listener at 127.0.0.1/37921] INFO  io.BlockOutputStreamEntryPool (BlockOutputStreamEntryPool.java:allocateNewBlock(284)) - Allocating block with ExcludeList {datanodes = [], containerIds = [#1], pipelineIds = []}
2020-06-10 23:32:41,133 [Listener at 127.0.0.1/37921] INFO  ozone.MiniOzoneClusterImpl (MiniOzoneClusterImpl.java:shutdown(387)) - Shutting down the Mini Ozone Cluster
2020-06-10 23:32:41,133 [Listener at 127.0.0.1/37921] INFO  ozone.MiniOzoneClusterImpl (MiniOzoneClusterImpl.java:stop(402)) - Stopping the Mini Ozone Cluster
2020-06-10 23:32:41,133 [Listener at 127.0.0.1/37921] INFO  ozone.MiniOzoneClusterImpl (MiniOzoneClusterImpl.java:stopOM(484)) - Stopping the OzoneManager
2020-06-10 23:32:41,133 [Listener at 127.0.0.1/37921] INFO  ipc.Server (Server.java:stop(3359)) - Stopping server on 37921
2020-06-10 23:32:41,135 [IPC Server listener on 0] INFO  ipc.Server (Server.java:run(1330)) - Stopping IPC Server listener on 0
2020-06-10 23:32:41,136 [Listener at 127.0.0.1/37921] INFO  ratis.OzoneManagerDoubleBuffer (OzoneManagerDoubleBuffer.java:stop(410)) - Stopping OMDoubleBuffer flush thread
2020-06-10 23:32:41,136 [OMDoubleBufferFlushThread] INFO  ratis.OzoneManagerDoubleBuffer (OzoneManagerDoubleBuffer.java:flushTransactions(342)) - OMDoubleBuffer flush thread OMDoubleBufferFlushThread is interrupted and will exit. OMDoubleBufferFlushThread
2020-06-10 23:32:41,136 [IPC Server Responder] INFO  ipc.Server (Server.java:run(1465)) - Stopping IPC Server Responder
2020-06-10 23:32:41,136 [Listener at 127.0.0.1/37921] INFO  utils.BackgroundService (BackgroundService.java:shutdown(157)) - Shutting down service KeyDeletingService
2020-06-10 23:32:41,140 [Listener at 127.0.0.1/37921] INFO  handler.ContextHandler (ContextHandler.java:doStop(1016)) - Stopped o.e.j.w.WebAppContext@4d95a501{ozoneManager,/,null,UNAVAILABLE}{file:/github/workspace/mnt/ozone/hadoop-ozone/integration-test/target/test-classes/webapps/ozoneManager}
2020-06-10 23:32:41,144 [Listener at 127.0.0.1/37921] INFO  server.AbstractConnector (AbstractConnector.java:doStop(380)) - Stopped ServerConnector@141913c{HTTP/1.1,[http/1.1]}{0.0.0.0:0}
2020-06-10 23:32:41,145 [Listener at 127.0.0.1/37921] INFO  server.session (HouseKeeper.java:stopScavenging(158)) - node0 Stopped scavenging
2020-06-10 23:32:41,145 [Listener at 127.0.0.1/37921] INFO  handler.ContextHandler (ContextHandler.java:doStop(1016)) - Stopped o.e.j.s.ServletContextHandler@73c5c8ac{static,/static,file:///github/workspace/mnt/ozone/hadoop-ozone/integration-test/target/test-classes/webapps/static,UNAVAILABLE}
2020-06-10 23:32:41,146 [Listener at 127.0.0.1/37921] INFO  handler.ContextHandler (ContextHandler.java:doStop(1016)) - Stopped o.e.j.s.ServletContextHandler@3dd8b11c{logs,/logs,file:///github/workspace/mnt/ozone/hadoop-ozone/integration-test/target/log,UNAVAILABLE}
2020-06-10 23:32:41,151 [Listener at 127.0.0.1/37921] INFO  ozone.MiniOzoneClusterImpl (MiniOzoneClusterImpl.java:stopDatanodes(461)) - Stopping the HddsDatanodes
2020-06-10 23:32:41,151 [Thread-354] INFO  impl.FollowerState (FollowerState.java:run(108)) - b166f10c-c404-4dcb-a087-ba4800654d2c@group-385C58906CEF-FollowerState: change to CANDIDATE, lastRpcTime:5052ms, electionTimeout:5051ms
2020-06-10 23:32:41,151 [Thread-354] INFO  impl.RoleInfo (RoleInfo.java:shutdownFollowerState(121)) - b166f10c-c404-4dcb-a087-ba4800654d2c: shutdown FollowerState
2020-06-10 23:32:41,151 [Thread-354] INFO  impl.RaftServerImpl (RaftServerImpl.java:setRole(175)) - b166f10c-c404-4dcb-a087-ba4800654d2c@group-385C58906CEF: changes role from  FOLLOWER to CANDIDATE at term 2 for changeToCandidate
2020-06-10 23:32:41,152 [Thread-354] INFO  impl.RoleInfo (RoleInfo.java:updateAndGet(143)) - b166f10c-c404-4dcb-a087-ba4800654d2c: start LeaderElection
2020-06-10 23:32:41,154 [b166f10c-c404-4dcb-a087-ba4800654d2c@group-385C58906CEF-LeaderElection17] INFO  impl.LeaderElection (LeaderElection.java:askForVotes(206)) - b166f10c-c404-4dcb-a087-ba4800654d2c@group-385C58906CEF-LeaderElection17: begin an election at term 3 for -1: [1aa28a79-6085-416d-8460-1e98e8b061ff:172.17.0.2:39429, b166f10c-c404-4dcb-a087-ba4800654d2c:172.17.0.2:43565, c3c497a8-7dd5-4f0b-8431-82df52c157aa:172.17.0.2:43239], old=null
2020-06-10 23:32:41,159 [grpc-default-executor-1] INFO  impl.RaftServerImpl (RaftServerImpl.java:setRole(175)) - 1aa28a79-6085-416d-8460-1e98e8b061ff@group-385C58906CEF: changes role from  FOLLOWER to FOLLOWER at term 3 for recognizeCandidate:b166f10c-c404-4dcb-a087-ba4800654d2c
2020-06-10 23:32:41,159 [grpc-default-executor-1] INFO  impl.RoleInfo (RoleInfo.java:shutdownFollowerState(121)) - 1aa28a79-6085-416d-8460-1e98e8b061ff: shutdown FollowerState
2020-06-10 23:32:41,159 [grpc-default-executor-1] INFO  impl.RoleInfo (RoleInfo.java:updateAndGet(143)) - 1aa28a79-6085-416d-8460-1e98e8b061ff: start FollowerState
2020-06-10 23:32:41,159 [Thread-360] INFO  impl.FollowerState (FollowerState.java:run(117)) - 1aa28a79-6085-416d-8460-1e98e8b061ff@group-385C58906CEF-FollowerState was interrupted: java.lang.InterruptedException: sleep interrupted
2020-06-10 23:32:41,161 [grpc-default-executor-2] INFO  impl.RaftServerImpl (RaftServerImpl.java:setRole(175)) - c3c497a8-7dd5-4f0b-8431-82df52c157aa@group-385C58906CEF: changes role from  FOLLOWER to FOLLOWER at term 3 for recognizeCandidate:b166f10c-c404-4dcb-a087-ba4800654d2c
2020-06-10 23:32:41,161 [grpc-default-executor-2] INFO  impl.RoleInfo (RoleInfo.java:shutdownFollowerState(121)) - c3c497a8-7dd5-4f0b-8431-82df52c157aa: shutdown FollowerState
2020-06-10 23:32:41,162 [grpc-default-executor-2] INFO  impl.RoleInfo (RoleInfo.java:updateAndGet(143)) - c3c497a8-7dd5-4f0b-8431-82df52c157aa: start FollowerState
2020-06-10 23:32:41,162 [Thread-361] INFO  impl.FollowerState (FollowerState.java:run(117)) - c3c497a8-7dd5-4f0b-8431-82df52c157aa@group-385C58906CEF-FollowerState was interrupted: java.lang.InterruptedException: sleep interrupted
2020-06-10 23:32:41,169 [b166f10c-c404-4dcb-a087-ba4800654d2c@group-385C58906CEF-LeaderElection17] INFO  impl.LeaderElection (LeaderElection.java:logAndReturn(61)) - b166f10c-c404-4dcb-a087-ba4800654d2c@group-385C58906CEF-LeaderElection17: Election PASSED; received 1 response(s) [b166f10c-c404-4dcb-a087-ba4800654d2c<-c3c497a8-7dd5-4f0b-8431-82df52c157aa#0:OK-t3] and 0 exception(s); b166f10c-c404-4dcb-a087-ba4800654d2c@group-385C58906CEF:t3, leader=null, voted=b166f10c-c404-4dcb-a087-ba4800654d2c, raftlog=b166f10c-c404-4dcb-a087-ba4800654d2c@group-385C58906CEF-SegmentedRaftLog:OPENED:c-1,f-1,i0, conf=-1: [1aa28a79-6085-416d-8460-1e98e8b061ff:172.17.0.2:39429, b166f10c-c404-4dcb-a087-ba4800654d2c:172.17.0.2:43565, c3c497a8-7dd5-4f0b-8431-82df52c157aa:172.17.0.2:43239], old=null
2020-06-10 23:32:41,169 [b166f10c-c404-4dcb-a087-ba4800654d2c@group-385C58906CEF-LeaderElection17] INFO  impl.RoleInfo (RoleInfo.java:shutdownLeaderElection(134)) - b166f10c-c404-4dcb-a087-ba4800654d2c: shutdown LeaderElection
2020-06-10 23:32:41,169 [b166f10c-c404-4dcb-a087-ba4800654d2c@group-385C58906CEF-LeaderElection17] INFO  impl.RaftServerImpl (RaftServerImpl.java:setRole(175)) - b166f10c-c404-4dcb-a087-ba4800654d2c@group-385C58906CEF: changes role from CANDIDATE to LEADER at term 3 for changeToLeader
2020-06-10 23:32:41,171 [b166f10c-c404-4dcb-a087-ba4800654d2c@group-385C58906CEF-LeaderElection17] INFO  ratis.XceiverServerRatis (XceiverServerRatis.java:handleLeaderChangedNotification(762)) - Leader change notification received for group: group-385C58906CEF with new leaderId: b166f10c-c404-4dcb-a087-ba4800654d2c
2020-06-10 23:32:41,171 [b166f10c-c404-4dcb-a087-ba4800654d2c@group-385C58906CEF-LeaderElection17] INFO  impl.RaftServerImpl (ServerState.java:setLeader(255)) - b166f10c-c404-4dcb-a087-ba4800654d2c@group-385C58906CEF: change Leader from null to b166f10c-c404-4dcb-a087-ba4800654d2c at term 3 for becomeLeader, leader elected after 10271ms
2020-06-10 23:32:41,171 [b166f10c-c404-4dcb-a087-ba4800654d2c@group-385C58906CEF-LeaderElection17] INFO  server.RaftServerConfigKeys (ConfUtils.java:logGet(44)) - raft.server.staging.catchup.gap = 1000 (default)
2020-06-10 23:32:41,172 [b166f10c-c404-4dcb-a087-ba4800654d2c@group-385C58906CEF-LeaderElection17] INFO  server.RaftServerConfigKeys (ConfUtils.java:logGet(44)) - raft.server.rpc.sleep.time = 25ms (default)
2020-06-10 23:32:41,172 [b166f10c-c404-4dcb-a087-ba4800654d2c@group-385C58906CEF-LeaderElection17] INFO  metrics.RatisMetrics (RatisMetrics.java:lambda$create$0(36)) - Creating Metrics Registry : ratis.log_appender.b166f10c-c404-4dcb-a087-ba4800654d2c@group-385C58906CEF
2020-06-10 23:32:41,172 [b166f10c-c404-4dcb-a087-ba4800654d2c@group-385C58906CEF-LeaderElection17] INFO  server.RaftServerConfigKeys (ConfUtils.java:logGet(44)) - raft.server.write.element-limit = 1024 (custom)
2020-06-10 23:32:41,172 [b166f10c-c404-4dcb-a087-ba4800654d2c@group-385C58906CEF-LeaderElection17] INFO  server.RaftServerConfigKeys (ConfUtils.java:logGet(44)) - raft.server.write.byte-limit = 1073741824 (custom)
2020-06-10 23:32:41,172 [b166f10c-c404-4dcb-a087-ba4800654d2c@group-385C58906CEF-LeaderElection17] INFO  server.RaftServerConfigKeys (ConfUtils.java:logGet(44)) - raft.server.watch.timeout = 3s (custom)
2020-06-10 23:32:41,173 [b166f10c-c404-4dcb-a087-ba4800654d2c@group-385C58906CEF-LeaderElection17] INFO  server.RaftServerConfigKeys (ConfUtils.java:logGet(44)) - raft.server.watch.timeout.denomination = 1s (default)
2020-06-10 23:32:41,173 [b166f10c-c404-4dcb-a087-ba4800654d2c@group-385C58906CEF-LeaderElection17] INFO  server.RaftServerConfigKeys (ConfUtils.java:logGet(44)) - raft.server.watch.element-limit = 65536 (default)
2020-06-10 23:32:41,173 [b166f10c-c404-4dcb-a087-ba4800654d2c@group-385C58906CEF-LeaderElection17] INFO  server.RaftServerConfigKeys (ConfUtils.java:logGet(44)) - raft.server.log.appender.snapshot.chunk.size.max = 16MB (=16777216) (default)
2020-06-10 23:32:41,173 [b166f10c-c404-4dcb-a087-ba4800654d2c@group-385C58906CEF-LeaderElection17] INFO  server.RaftServerConfigKeys (ConfUtils.java:logGet(44)) - raft.server.log.appender.buffer.byte-limit = 33554432 (custom)
2020-06-10 23:32:41,173 [b166f10c-c404-4dcb-a087-ba4800654d2c@group-385C58906CEF-LeaderElection17] INFO  server.RaftServerConfigKeys (ConfUtils.java:logGet(44)) - raft.server.log.appender.buffer.element-limit = 1 (custom)
2020-06-10 23:32:41,173 [b166f10c-c404-4dcb-a087-ba4800654d2c@group-385C58906CEF-LeaderElection17] INFO  grpc.GrpcConfigKeys (ConfUtils.java:logGet(44)) - raft.grpc.server.leader.outstanding.appends.max = 128 (default)
2020-06-10 23:32:41,173 [b166f10c-c404-4dcb-a087-ba4800654d2c@group-385C58906CEF-LeaderElection17] INFO  server.RaftServerConfigKeys (ConfUtils.java:logGet(44)) - raft.server.rpc.request.timeout = 3s (default)
2020-06-10 23:32:41,173 [b166f10c-c404-4dcb-a087-ba4800654d2c@group-385C58906CEF-LeaderElection17] INFO  server.RaftServerConfigKeys (ConfUtils.java:logGet(44)) - raft.server.log.appender.install.snapshot.enabled = false (custom)
2020-06-10 23:32:41,173 [b166f10c-c404-4dcb-a087-ba4800654d2c@group-385C58906CEF-LeaderElection17] INFO  metrics.RatisMetrics (RatisMetrics.java:lambda$create$0(36)) - Creating Metrics Registry : ratis_grpc.log_appender.b166f10c-c404-4dcb-a087-ba4800654d2c@group-385C58906CEF
2020-06-10 23:32:41,175 [b166f10c-c404-4dcb-a087-ba4800654d2c@group-385C58906CEF-LeaderElection17] INFO  server.RaftServerConfigKeys (ConfUtils.java:logGet(44)) - raft.server.log.appender.snapshot.chunk.size.max = 16MB (=16777216) (default)
2020-06-10 23:32:41,176 [EventQueue-PipelineReportForPipelineReportHandler] INFO  pipeline.PipelineStateManager (PipelineStateManager.java:openPipeline(131)) - Pipeline Pipeline[ Id: 9e006b21-cea1-48fa-a139-385c58906cef, Nodes: b166f10c-c404-4dcb-a087-ba4800654d2c{ip: 172.17.0.2, host: be5d1cd46157, networkLocation: /default-rack, certSerialId: null}1aa28a79-6085-416d-8460-1e98e8b061ff{ip: 172.17.0.2, host: be5d1cd46157, networkLocation: /default-rack, certSerialId: null}c3c497a8-7dd5-4f0b-8431-82df52c157aa{ip: 172.17.0.2, host: be5d1cd46157, networkLocation: /default-rack, certSerialId: null}, Type:RATIS, Factor:THREE, State:ALLOCATED, leaderId:b166f10c-c404-4dcb-a087-ba4800654d2c, CreationTimestamp2020-06-10T23:32:26.779Z] moved to OPEN state
2020-06-10 23:32:41,176 [b166f10c-c404-4dcb-a087-ba4800654d2c@group-385C58906CEF-LeaderElection17] INFO  server.RaftServerConfigKeys (ConfUtils.java:logGet(44)) - raft.server.log.appender.buffer.byte-limit = 33554432 (custom)
2020-06-10 23:32:41,178 [b166f10c-c404-4dcb-a087-ba4800654d2c@group-385C58906CEF-LeaderElection17] INFO  server.RaftServerConfigKeys (ConfUtils.java:logGet(44)) - raft.server.log.appender.buffer.element-limit = 1 (custom)
2020-06-10 23:32:41,178 [b166f10c-c404-4dcb-a087-ba4800654d2c@group-385C58906CEF-LeaderElection17] INFO  grpc.GrpcConfigKeys (ConfUtils.java:logGet(44)) - raft.grpc.server.leader.outstanding.appends.max = 128 (default)
2020-06-10 23:32:41,178 [b166f10c-c404-4dcb-a087-ba4800654d2c@group-385C58906CEF-LeaderElection17] INFO  server.RaftServerConfigKeys (ConfUtils.java:logGet(44)) - raft.server.rpc.request.timeout = 3s (default)
2020-06-10 23:32:41,178 [b166f10c-c404-4dcb-a087-ba4800654d2c@group-385C58906CEF-LeaderElection17] INFO  server.RaftServerConfigKeys (ConfUtils.java:logGet(44)) - raft.server.log.appender.install.snapshot.enabled = false (custom)
2020-06-10 23:32:41,179 [b166f10c-c404-4dcb-a087-ba4800654d2c@group-385C58906CEF-LeaderElection17] INFO  impl.RoleInfo (RoleInfo.java:updateAndGet(143)) - b166f10c-c404-4dcb-a087-ba4800654d2c: start LeaderState
2020-06-10 23:32:41,180 [b166f10c-c404-4dcb-a087-ba4800654d2c@group-385C58906CEF-LeaderElection17] INFO  segmented.SegmentedRaftLogWorker (SegmentedRaftLogWorker.java:startLogSegment(397)) - b166f10c-c404-4dcb-a087-ba4800654d2c@group-385C58906CEF-SegmentedRaftLogWorker: Starting segment from index:0
2020-06-10 23:32:41,181 [b166f10c-c404-4dcb-a087-ba4800654d2c@group-385C58906CEF-SegmentedRaftLogWorker] INFO  segmented.SegmentedRaftLogWorker (SegmentedRaftLogWorker.java:execute(596)) - b166f10c-c404-4dcb-a087-ba4800654d2c@group-385C58906CEF-SegmentedRaftLogWorker: created new log segment /github/workspace/mnt/ozone/hadoop-ozone/integration-test/target/test-dir/MiniOzoneClusterImpl-8f60d98f-01ba-4335-ba92-853c1a5e70bb/datanode-0/data/ratis/9e006b21-cea1-48fa-a139-385c58906cef/current/log_inprogress_0
2020-06-10 23:32:41,187 [b166f10c-c404-4dcb-a087-ba4800654d2c@group-385C58906CEF-LeaderElection17] INFO  impl.RaftServerImpl (ServerState.java:setRaftConf(356)) - b166f10c-c404-4dcb-a087-ba4800654d2c@group-385C58906CEF: set configuration 0: [1aa28a79-6085-416d-8460-1e98e8b061ff:172.17.0.2:39429, b166f10c-c404-4dcb-a087-ba4800654d2c:172.17.0.2:43565, c3c497a8-7dd5-4f0b-8431-82df52c157aa:172.17.0.2:43239], old=null at 0
2020-06-10 23:32:41,183 [grpc-default-executor-2] INFO  ratis.XceiverServerRatis (XceiverServerRatis.java:handleLeaderChangedNotification(762)) - Leader change notification received for group: group-385C58906CEF with new leaderId: b166f10c-c404-4dcb-a087-ba4800654d2c
2020-06-10 23:32:41,187 [grpc-default-executor-2] INFO  impl.RaftServerImpl (ServerState.java:setLeader(255)) - 1aa28a79-6085-416d-8460-1e98e8b061ff@group-385C58906CEF: change Leader from null to b166f10c-c404-4dcb-a087-ba4800654d2c at term 3 for appendEntries, leader elected after 10299ms
2020-06-10 23:32:41,189 [grpc-default-executor-2] INFO  impl.RaftServerImpl (ServerState.java:setRaftConf(356)) - 1aa28a79-6085-416d-8460-1e98e8b061ff@group-385C58906CEF: set configuration 0: [1aa28a79-6085-416d-8460-1e98e8b061ff:172.17.0.2:39429, b166f10c-c404-4dcb-a087-ba4800654d2c:172.17.0.2:43565, c3c497a8-7dd5-4f0b-8431-82df52c157aa:172.17.0.2:43239], old=null at 0
2020-06-10 23:32:41,189 [grpc-default-executor-2] INFO  segmented.SegmentedRaftLogWorker (SegmentedRaftLogWorker.java:startLogSegment(397)) - 1aa28a79-6085-416d-8460-1e98e8b061ff@group-385C58906CEF-SegmentedRaftLogWorker: Starting segment from index:0
2020-06-10 23:32:41,191 [1aa28a79-6085-416d-8460-1e98e8b061ff@group-385C58906CEF-SegmentedRaftLogWorker] INFO  segmented.SegmentedRaftLogWorker (SegmentedRaftLogWorker.java:execute(596)) - 1aa28a79-6085-416d-8460-1e98e8b061ff@group-385C58906CEF-SegmentedRaftLogWorker: created new log segment /github/workspace/mnt/ozone/hadoop-ozone/integration-test/target/test-dir/MiniOzoneClusterImpl-8f60d98f-01ba-4335-ba92-853c1a5e70bb/datanode-1/data/ratis/9e006b21-cea1-48fa-a139-385c58906cef/current/log_inprogress_0
2020-06-10 23:32:41,199 [grpc-default-executor-2] INFO  ratis.XceiverServerRatis (XceiverServerRatis.java:handleLeaderChangedNotification(762)) - Leader change notification received for group: group-385C58906CEF with new leaderId: b166f10c-c404-4dcb-a087-ba4800654d2c
2020-06-10 23:32:41,200 [grpc-default-executor-2] INFO  impl.RaftServerImpl (ServerState.java:setLeader(255)) - c3c497a8-7dd5-4f0b-8431-82df52c157aa@group-385C58906CEF: change Leader from null to b166f10c-c404-4dcb-a087-ba4800654d2c at term 3 for appendEntries, leader elected after 10295ms
2020-06-10 23:32:41,209 [grpc-default-executor-2] INFO  impl.RaftServerImpl (ServerState.java:setRaftConf(356)) - c3c497a8-7dd5-4f0b-8431-82df52c157aa@group-385C58906CEF: set configuration 0: [1aa28a79-6085-416d-8460-1e98e8b061ff:172.17.0.2:39429, b166f10c-c404-4dcb-a087-ba4800654d2c:172.17.0.2:43565, c3c497a8-7dd5-4f0b-8431-82df52c157aa:172.17.0.2:43239], old=null at 0
2020-06-10 23:32:41,210 [grpc-default-executor-2] INFO  segmented.SegmentedRaftLogWorker (SegmentedRaftLogWorker.java:startLogSegment(397)) - c3c497a8-7dd5-4f0b-8431-82df52c157aa@group-385C58906CEF-SegmentedRaftLogWorker: Starting segment from index:0
2020-06-10 23:32:41,212 [c3c497a8-7dd5-4f0b-8431-82df52c157aa@group-385C58906CEF-SegmentedRaftLogWorker] INFO  segmented.SegmentedRaftLogWorker (SegmentedRaftLogWorker.java:execute(596)) - c3c497a8-7dd5-4f0b-8431-82df52c157aa@group-385C58906CEF-SegmentedRaftLogWorker: created new log segment /github/workspace/mnt/ozone/hadoop-ozone/integration-test/target/test-dir/MiniOzoneClusterImpl-8f60d98f-01ba-4335-ba92-853c1a5e70bb/datanode-2/data/ratis/9e006b21-cea1-48fa-a139-385c58906cef/current/log_inprogress_0
2020-06-10 23:32:41,990 [Datanode State Machine Thread - 0] INFO  statemachine.DatanodeStateMachine (DatanodeStateMachine.java:lambda$startDaemon$0(380)) - Ozone container server started.
2020-06-10 23:32:42,098 [Datanode State Machine Thread - 0] INFO  statemachine.DatanodeStateMachine (DatanodeStateMachine.java:lambda$startDaemon$0(380)) - Ozone container server started.
2020-06-10 23:32:46,153 [ForkJoinPool.commonPool-worker-1] INFO  ozoneimpl.OzoneContainer (OzoneContainer.java:stop(246)) - Attempting to stop container services.
2020-06-10 23:32:46,153 [Listener at 127.0.0.1/37921] INFO  ozoneimpl.OzoneContainer (OzoneContainer.java:stop(246)) - Attempting to stop container services.
2020-06-10 23:32:46,156 [Listener at 127.0.0.1/37921] INFO  impl.RaftServerProxy (RaftServerProxy.java:lambda$close$4(319)) - e1213966-9098-4efb-a904-a4cb2a6fb33e: close
2020-06-10 23:32:46,157 [Listener at 127.0.0.1/37921] INFO  impl.RaftServerImpl (RaftServerImpl.java:lambda$shutdown$3(252)) - e1213966-9098-4efb-a904-a4cb2a6fb33e@group-5875A35477B4: shutdown
2020-06-10 23:32:46,157 [Listener at 127.0.0.1/37921] INFO  util.JmxRegister (JmxRegister.java:unregister(73)) - Successfully un-registered JMX Bean with object name Ratis:service=RaftServer,group=group-5875A35477B4,id=e1213966-9098-4efb-a904-a4cb2a6fb33e
2020-06-10 23:32:46,157 [Listener at 127.0.0.1/37921] INFO  impl.RoleInfo (RoleInfo.java:shutdownFollowerState(121)) - e1213966-9098-4efb-a904-a4cb2a6fb33e: shutdown FollowerState
2020-06-10 23:32:46,157 [ForkJoinPool.commonPool-worker-1] INFO  impl.RaftServerProxy (RaftServerProxy.java:lambda$close$4(319)) - 1aa28a79-6085-416d-8460-1e98e8b061ff: close
2020-06-10 23:32:46,158 [ForkJoinPool.commonPool-worker-1] INFO  impl.RaftServerImpl (RaftServerImpl.java:lambda$shutdown$3(252)) - 1aa28a79-6085-416d-8460-1e98e8b061ff@group-385C58906CEF: shutdown
2020-06-10 23:32:46,158 [ForkJoinPool.commonPool-worker-1] INFO  util.JmxRegister (JmxRegister.java:unregister(73)) - Successfully un-registered JMX Bean with object name Ratis:service=RaftServer,group=group-385C58906CEF,id=1aa28a79-6085-416d-8460-1e98e8b061ff
2020-06-10 23:32:46,158 [ForkJoinPool.commonPool-worker-1] INFO  impl.RoleInfo (RoleInfo.java:shutdownFollowerState(121)) - 1aa28a79-6085-416d-8460-1e98e8b061ff: shutdown FollowerState
2020-06-10 23:32:46,158 [ForkJoinPool.commonPool-worker-1] INFO  impl.StateMachineUpdater (StateMachineUpdater.java:stopAndJoin(142)) - 1aa28a79-6085-416d-8460-1e98e8b061ff@group-385C58906CEF-StateMachineUpdater: set stopIndex = 0
2020-06-10 23:32:46,159 [1aa28a79-6085-416d-8460-1e98e8b061ff@group-385C58906CEF-StateMachineUpdater] INFO  ratis.ContainerStateMachine (ContainerStateMachine.java:takeSnapshot(288)) - group-385C58906CEF: Taking a snapshot at:(t:3, i:0) file /github/workspace/mnt/ozone/hadoop-ozone/integration-test/target/test-dir/MiniOzoneClusterImpl-8f60d98f-01ba-4335-ba92-853c1a5e70bb/datanode-1/data/ratis/9e006b21-cea1-48fa-a139-385c58906cef/sm/snapshot.3_0
2020-06-10 23:32:46,159 [e1213966-9098-4efb-a904-a4cb2a6fb33e@group-5875A35477B4-StateMachineUpdater] INFO  ratis.ContainerStateMachine (ContainerStateMachine.java:takeSnapshot(288)) - group-5875A35477B4: Taking a snapshot at:(t:1, i:0) file /github/workspace/mnt/ozone/hadoop-ozone/integration-test/target/test-dir/MiniOzoneClusterImpl-8f60d98f-01ba-4335-ba92-853c1a5e70bb/datanode-4/data/ratis/694f06a8-eccc-44d3-8729-5875a35477b4/sm/snapshot.1_0
2020-06-10 23:32:46,159 [Thread-443] INFO  impl.FollowerState (FollowerState.java:run(117)) - 1aa28a79-6085-416d-8460-1e98e8b061ff@group-385C58906CEF-FollowerState was interrupted: java.lang.InterruptedException: sleep interrupted
2020-06-10 23:32:46,163 [Thread-319] INFO  impl.FollowerState (FollowerState.java:run(117)) - e1213966-9098-4efb-a904-a4cb2a6fb33e@group-5875A35477B4-FollowerState was interrupted: java.lang.InterruptedException: sleep interrupted
2020-06-10 23:32:46,159 [Listener at 127.0.0.1/37921] INFO  impl.StateMachineUpdater (StateMachineUpdater.java:stopAndJoin(142)) - e1213966-9098-4efb-a904-a4cb2a6fb33e@group-5875A35477B4-StateMachineUpdater: set stopIndex = 0
2020-06-10 23:32:46,177 [e1213966-9098-4efb-a904-a4cb2a6fb33e@group-5875A35477B4-StateMachineUpdater] INFO  ratis.ContainerStateMachine (ContainerStateMachine.java:takeSnapshot(299)) - group-5875A35477B4: Finished taking a snapshot at:(t:1, i:0) file:/github/workspace/mnt/ozone/hadoop-ozone/integration-test/target/test-dir/MiniOzoneClusterImpl-8f60d98f-01ba-4335-ba92-853c1a5e70bb/datanode-4/data/ratis/694f06a8-eccc-44d3-8729-5875a35477b4/sm/snapshot.1_0 time:17
2020-06-10 23:32:46,178 [e1213966-9098-4efb-a904-a4cb2a6fb33e@group-5875A35477B4-StateMachineUpdater] INFO  impl.StateMachineUpdater (StateMachineUpdater.java:takeSnapshot(277)) - e1213966-9098-4efb-a904-a4cb2a6fb33e@group-5875A35477B4-StateMachineUpdater: Took a snapshot at index 0
2020-06-10 23:32:46,178 [e1213966-9098-4efb-a904-a4cb2a6fb33e@group-5875A35477B4-StateMachineUpdater] INFO  impl.StateMachineUpdater (StateMachineUpdater.java:lambda$new$0(87)) - e1213966-9098-4efb-a904-a4cb2a6fb33e@group-5875A35477B4-StateMachineUpdater: snapshotIndex: updateIncreasingly -1 -> 0
2020-06-10 23:32:46,180 [1aa28a79-6085-416d-8460-1e98e8b061ff@group-385C58906CEF-StateMachineUpdater] INFO  ratis.ContainerStateMachine (ContainerStateMachine.java:takeSnapshot(299)) - group-385C58906CEF: Finished taking a snapshot at:(t:3, i:0) file:/github/workspace/mnt/ozone/hadoop-ozone/integration-test/target/test-dir/MiniOzoneClusterImpl-8f60d98f-01ba-4335-ba92-853c1a5e70bb/datanode-1/data/ratis/9e006b21-cea1-48fa-a139-385c58906cef/sm/snapshot.3_0 time:21
2020-06-10 23:32:46,181 [1aa28a79-6085-416d-8460-1e98e8b061ff@group-385C58906CEF-StateMachineUpdater] INFO  impl.StateMachineUpdater (StateMachineUpdater.java:takeSnapshot(277)) - 1aa28a79-6085-416d-8460-1e98e8b061ff@group-385C58906CEF-StateMachineUpdater: Took a snapshot at index 0
2020-06-10 23:32:46,181 [1aa28a79-6085-416d-8460-1e98e8b061ff@group-385C58906CEF-StateMachineUpdater] INFO  impl.StateMachineUpdater (StateMachineUpdater.java:lambda$new$0(87)) - 1aa28a79-6085-416d-8460-1e98e8b061ff@group-385C58906CEF-StateMachineUpdater: snapshotIndex: updateIncreasingly -1 -> 0
2020-06-10 23:32:46,187 [e1213966-9098-4efb-a904-a4cb2a6fb33e@group-5875A35477B4-StateMachineUpdater] INFO  metrics.RatisMetrics (RatisMetrics.java:unregister(43)) - Unregistering Metrics Registry : ratis.state_machine.e1213966-9098-4efb-a904-a4cb2a6fb33e@group-5875A35477B4
2020-06-10 23:32:46,188 [Listener at 127.0.0.1/37921] INFO  impl.RaftServerImpl (ServerState.java:close(387)) - e1213966-9098-4efb-a904-a4cb2a6fb33e@group-5875A35477B4: closes. applyIndex: 0
2020-06-10 23:32:46,188 [e1213966-9098-4efb-a904-a4cb2a6fb33e@group-5875A35477B4-SegmentedRaftLogWorker] INFO  segmented.SegmentedRaftLogWorker (SegmentedRaftLogWorker.java:run(327)) - e1213966-9098-4efb-a904-a4cb2a6fb33e@group-5875A35477B4-SegmentedRaftLogWorker was interrupted, exiting. There are 0 tasks remaining in the queue.
2020-06-10 23:32:46,189 [1aa28a79-6085-416d-8460-1e98e8b061ff@group-385C58906CEF-StateMachineUpdater] INFO  metrics.RatisMetrics (RatisMetrics.java:unregister(43)) - Unregistering Metrics Registry : ratis.state_machine.1aa28a79-6085-416d-8460-1e98e8b061ff@group-385C58906CEF
2020-06-10 23:32:46,189 [ForkJoinPool.commonPool-worker-1] INFO  impl.RaftServerImpl (ServerState.java:close(387)) - 1aa28a79-6085-416d-8460-1e98e8b061ff@group-385C58906CEF: closes. applyIndex: 0
2020-06-10 23:32:46,189 [1aa28a79-6085-416d-8460-1e98e8b061ff@group-385C58906CEF-SegmentedRaftLogWorker] INFO  segmented.SegmentedRaftLogWorker (SegmentedRaftLogWorker.java:run(327)) - 1aa28a79-6085-416d-8460-1e98e8b061ff@group-385C58906CEF-SegmentedRaftLogWorker was interrupted, exiting. There are 0 tasks remaining in the queue.
2020-06-10 23:32:46,191 [ForkJoinPool.commonPool-worker-1] INFO  segmented.SegmentedRaftLogWorker (SegmentedRaftLogWorker.java:close(234)) - 1aa28a79-6085-416d-8460-1e98e8b061ff@group-385C58906CEF-SegmentedRaftLogWorker close()
2020-06-10 23:32:46,191 [Listener at 127.0.0.1/37921] INFO  segmented.SegmentedRaftLogWorker (SegmentedRaftLogWorker.java:close(234)) - e1213966-9098-4efb-a904-a4cb2a6fb33e@group-5875A35477B4-SegmentedRaftLogWorker close()
2020-06-10 23:32:46,195 [ForkJoinPool.commonPool-worker-1] INFO  metrics.RatisMetrics (RatisMetrics.java:unregister(43)) - Unregistering Metrics Registry : ratis.log_worker.1aa28a79-6085-416d-8460-1e98e8b061ff@group-385C58906CEF
2020-06-10 23:32:46,195 [ForkJoinPool.commonPool-worker-1] INFO  metrics.RatisMetrics (RatisMetrics.java:unregister(43)) - Unregistering Metrics Registry : ratis.leader_election.1aa28a79-6085-416d-8460-1e98e8b061ff@group-385C58906CEF
2020-06-10 23:32:46,195 [ForkJoinPool.commonPool-worker-1] INFO  metrics.RatisMetrics (RatisMetrics.java:unregister(43)) - Unregistering Metrics Registry : ratis.server.1aa28a79-6085-416d-8460-1e98e8b061ff@group-385C58906CEF
2020-06-10 23:32:46,195 [ForkJoinPool.commonPool-worker-1] INFO  impl.RaftServerImpl (RaftServerImpl.java:lambda$shutdown$3(252)) - 1aa28a79-6085-416d-8460-1e98e8b061ff@group-CF34ED9AE28B: shutdown
2020-06-10 23:32:46,196 [ForkJoinPool.commonPool-worker-1] INFO  util.JmxRegister (JmxRegister.java:unregister(73)) - Successfully un-registered JMX Bean with object name Ratis:service=RaftServer,group=group-CF34ED9AE28B,id=1aa28a79-6085-416d-8460-1e98e8b061ff
2020-06-10 23:32:46,196 [ForkJoinPool.commonPool-worker-1] INFO  impl.RoleInfo (RoleInfo.java:shutdownLeaderState(104)) - 1aa28a79-6085-416d-8460-1e98e8b061ff: shutdown LeaderState
2020-06-10 23:32:46,196 [ForkJoinPool.commonPool-worker-1] INFO  impl.PendingRequests (PendingRequests.java:sendNotLeaderResponses(249)) - 1aa28a79-6085-416d-8460-1e98e8b061ff@group-CF34ED9AE28B-PendingRequests: sendNotLeaderResponses
2020-06-10 23:32:46,196 [ForkJoinPool.commonPool-worker-1] INFO  metrics.RatisMetrics (RatisMetrics.java:unregister(43)) - Unregistering Metrics Registry : ratis.log_appender.1aa28a79-6085-416d-8460-1e98e8b061ff@group-CF34ED9AE28B
2020-06-10 23:32:46,196 [ForkJoinPool.commonPool-worker-1] INFO  metrics.RatisMetrics (RatisMetrics.java:unregister(43)) - Unregistering Metrics Registry : ratis.server.1aa28a79-6085-416d-8460-1e98e8b061ff@group-CF34ED9AE28B
2020-06-10 23:32:46,197 [ForkJoinPool.commonPool-worker-1] INFO  impl.StateMachineUpdater (StateMachineUpdater.java:stopAndJoin(142)) - 1aa28a79-6085-416d-8460-1e98e8b061ff@group-CF34ED9AE28B-StateMachineUpdater: set stopIndex = 0
2020-06-10 23:32:46,197 [Listener at 127.0.0.1/37921] INFO  metrics.RatisMetrics (RatisMetrics.java:unregister(43)) - Unregistering Metrics Registry : ratis.log_worker.e1213966-9098-4efb-a904-a4cb2a6fb33e@group-5875A35477B4
2020-06-10 23:32:46,197 [Listener at 127.0.0.1/37921] INFO  metrics.RatisMetrics (RatisMetrics.java:unregister(43)) - Unregistering Metrics Registry : ratis.leader_election.e1213966-9098-4efb-a904-a4cb2a6fb33e@group-5875A35477B4
2020-06-10 23:32:46,197 [Listener at 127.0.0.1/37921] INFO  metrics.RatisMetrics (RatisMetrics.java:unregister(43)) - Unregistering Metrics Registry : ratis.server.e1213966-9098-4efb-a904-a4cb2a6fb33e@group-5875A35477B4
2020-06-10 23:32:46,197 [Listener at 127.0.0.1/37921] INFO  impl.RaftServerImpl (RaftServerImpl.java:lambda$shutdown$3(252)) - e1213966-9098-4efb-a904-a4cb2a6fb33e@group-F6C1F47CF009: shutdown
2020-06-10 23:32:46,198 [Listener at 127.0.0.1/37921] INFO  util.JmxRegister (JmxRegister.java:unregister(73)) - Successfully un-registered JMX Bean with object name Ratis:service=RaftServer,group=group-F6C1F47CF009,id=e1213966-9098-4efb-a904-a4cb2a6fb33e
2020-06-10 23:32:46,198 [Listener at 127.0.0.1/37921] INFO  impl.RoleInfo (RoleInfo.java:shutdownLeaderState(104)) - e1213966-9098-4efb-a904-a4cb2a6fb33e: shutdown LeaderState
2020-06-10 23:32:46,198 [Listener at 127.0.0.1/37921] INFO  metrics.RatisMetrics (RatisMetrics.java:unregister(43)) - Unregistering Metrics Registry : ratis_grpc.log_appender.e1213966-9098-4efb-a904-a4cb2a6fb33e@group-F6C1F47CF009
2020-06-10 23:32:46,197 [1aa28a79-6085-416d-8460-1e98e8b061ff@group-CF34ED9AE28B-StateMachineUpdater] INFO  ratis.ContainerStateMachine (ContainerStateMachine.java:takeSnapshot(288)) - group-CF34ED9AE28B: Taking a snapshot at:(t:1, i:0) file /github/workspace/mnt/ozone/hadoop-ozone/integration-test/target/test-dir/MiniOzoneClusterImpl-8f60d98f-01ba-4335-ba92-853c1a5e70bb/datanode-1/data/ratis/9453edeb-c0ac-41f9-9aa5-cf34ed9ae28b/sm/snapshot.1_0
2020-06-10 23:32:46,200 [1aa28a79-6085-416d-8460-1e98e8b061ff@group-CF34ED9AE28B-StateMachineUpdater] INFO  ratis.ContainerStateMachine (ContainerStateMachine.java:takeSnapshot(299)) - group-CF34ED9AE28B: Finished taking a snapshot at:(t:1, i:0) file:/github/workspace/mnt/ozone/hadoop-ozone/integration-test/target/test-dir/MiniOzoneClusterImpl-8f60d98f-01ba-4335-ba92-853c1a5e70bb/datanode-1/data/ratis/9453edeb-c0ac-41f9-9aa5-cf34ed9ae28b/sm/snapshot.1_0 time:2
2020-06-10 23:32:46,200 [1aa28a79-6085-416d-8460-1e98e8b061ff@group-CF34ED9AE28B-StateMachineUpdater] INFO  impl.StateMachineUpdater (StateMachineUpdater.java:takeSnapshot(277)) - 1aa28a79-6085-416d-8460-1e98e8b061ff@group-CF34ED9AE28B-StateMachineUpdater: Took a snapshot at index 0
2020-06-10 23:32:46,200 [1aa28a79-6085-416d-8460-1e98e8b061ff@group-CF34ED9AE28B-StateMachineUpdater] INFO  impl.StateMachineUpdater (StateMachineUpdater.java:lambda$new$0(87)) - 1aa28a79-6085-416d-8460-1e98e8b061ff@group-CF34ED9AE28B-StateMachineUpdater: snapshotIndex: updateIncreasingly -1 -> 0
2020-06-10 23:32:46,200 [1aa28a79-6085-416d-8460-1e98e8b061ff@group-CF34ED9AE28B-StateMachineUpdater] INFO  metrics.RatisMetrics (RatisMetrics.java:unregister(43)) - Unregistering Metrics Registry : ratis.state_machine.1aa28a79-6085-416d-8460-1e98e8b061ff@group-CF34ED9AE28B
2020-06-10 23:32:46,200 [ForkJoinPool.commonPool-worker-1] INFO  impl.RaftServerImpl (ServerState.java:close(387)) - 1aa28a79-6085-416d-8460-1e98e8b061ff@group-CF34ED9AE28B: closes. applyIndex: 0
2020-06-10 23:32:46,201 [1aa28a79-6085-416d-8460-1e98e8b061ff@group-CF34ED9AE28B-SegmentedRaftLogWorker] INFO  segmented.SegmentedRaftLogWorker (SegmentedRaftLogWorker.java:run(327)) - 1aa28a79-6085-416d-8460-1e98e8b061ff@group-CF34ED9AE28B-SegmentedRaftLogWorker was interrupted, exiting. There are 0 tasks remaining in the queue.
2020-06-10 23:32:46,202 [Listener at 127.0.0.1/37921] INFO  metrics.RatisMetrics (RatisMetrics.java:unregister(43)) - Unregistering Metrics Registry : ratis_grpc.log_appender.e1213966-9098-4efb-a904-a4cb2a6fb33e@group-F6C1F47CF009
2020-06-10 23:32:46,202 [ForkJoinPool.commonPool-worker-1] INFO  segmented.SegmentedRaftLogWorker (SegmentedRaftLogWorker.java:close(234)) - 1aa28a79-6085-416d-8460-1e98e8b061ff@group-CF34ED9AE28B-SegmentedRaftLogWorker close()
2020-06-10 23:32:46,202 [org.apache.ratis.server.impl.LogAppender$AppenderDaemon$$Lambda$465/412739230@2576daf5] WARN  server.GrpcLogAppender (GrpcLogAppender.java:mayWait(153)) - e1213966-9098-4efb-a904-a4cb2a6fb33e@group-F6C1F47CF009->868206e5-f05c-4376-a56d-5589c771f96d-GrpcLogAppender: Wait interrupted by java.lang.InterruptedException
2020-06-10 23:32:46,204 [grpc-default-executor-1] INFO  server.GrpcServerProtocolService (GrpcServerProtocolService.java:onCompleted(138)) - 868206e5-f05c-4376-a56d-5589c771f96d: Completed APPEND_ENTRIES, lastRequest: e1213966-9098-4efb-a904-a4cb2a6fb33e->868206e5-f05c-4376-a56d-5589c771f96d#1-t1, previous=(t:0, i:0), leaderCommit=0, initializing? false, entries: size=1, first=(t:1, i:0), CONFIGURATIONENTRY
2020-06-10 23:32:46,203 [org.apache.ratis.server.impl.LogAppender$AppenderDaemon$$Lambda$465/412739230@74dc0925] WARN  server.GrpcLogAppender (GrpcLogAppender.java:mayWait(153)) - e1213966-9098-4efb-a904-a4cb2a6fb33e@group-F6C1F47CF009->0a730c46-ee0f-4298-8093-6277af9a8f8e-GrpcLogAppender: Wait interrupted by java.lang.InterruptedException
2020-06-10 23:32:46,205 [grpc-default-executor-2] INFO  server.GrpcLogAppender (GrpcLogAppender.java:onCompleted(319)) - e1213966-9098-4efb-a904-a4cb2a6fb33e@group-F6C1F47CF009->868206e5-f05c-4376-a56d-5589c771f96d-AppendLogResponseHandler: follower responses appendEntries COMPLETED
2020-06-10 23:32:46,206 [grpc-default-executor-1] INFO  server.GrpcServerProtocolService (GrpcServerProtocolService.java:onCompleted(138)) - 0a730c46-ee0f-4298-8093-6277af9a8f8e: Completed APPEND_ENTRIES, lastRequest: e1213966-9098-4efb-a904-a4cb2a6fb33e->0a730c46-ee0f-4298-8093-6277af9a8f8e#1-t1, previous=(t:0, i:0), leaderCommit=0, initializing? false, entries: size=1, first=(t:1, i:0), CONFIGURATIONENTRY
2020-06-10 23:32:46,206 [grpc-default-executor-1] INFO  server.GrpcLogAppender (GrpcLogAppender.java:onCompleted(319)) - e1213966-9098-4efb-a904-a4cb2a6fb33e@group-F6C1F47CF009->0a730c46-ee0f-4298-8093-6277af9a8f8e-AppendLogResponseHandler: follower responses appendEntries COMPLETED
2020-06-10 23:32:46,203 [Listener at 127.0.0.1/37921] INFO  impl.PendingRequests (PendingRequests.java:sendNotLeaderResponses(249)) - e1213966-9098-4efb-a904-a4cb2a6fb33e@group-F6C1F47CF009-PendingRequests: sendNotLeaderResponses
2020-06-10 23:32:46,207 [Listener at 127.0.0.1/37921] INFO  metrics.RatisMetrics (RatisMetrics.java:unregister(43)) - Unregistering Metrics Registry : ratis.log_appender.e1213966-9098-4efb-a904-a4cb2a6fb33e@group-F6C1F47CF009
2020-06-10 23:32:46,207 [Listener at 127.0.0.1/37921] INFO  metrics.RatisMetrics (RatisMetrics.java:unregister(43)) - Unregistering Metrics Registry : ratis.server.e1213966-9098-4efb-a904-a4cb2a6fb33e@group-F6C1F47CF009
2020-06-10 23:32:46,208 [Listener at 127.0.0.1/37921] INFO  impl.StateMachineUpdater (StateMachineUpdater.java:stopAndJoin(142)) - e1213966-9098-4efb-a904-a4cb2a6fb33e@group-F6C1F47CF009-StateMachineUpdater: set stopIndex = 0
2020-06-10 23:32:46,208 [e1213966-9098-4efb-a904-a4cb2a6fb33e@group-F6C1F47CF009-StateMachineUpdater] INFO  ratis.ContainerStateMachine (ContainerStateMachine.java:takeSnapshot(288)) - group-F6C1F47CF009: Taking a snapshot at:(t:1, i:0) file /github/workspace/mnt/ozone/hadoop-ozone/integration-test/target/test-dir/MiniOzoneClusterImpl-8f60d98f-01ba-4335-ba92-853c1a5e70bb/datanode-4/data/ratis/c8b61c3b-0ddb-42a0-aa57-f6c1f47cf009/sm/snapshot.1_0
2020-06-10 23:32:46,209 [ForkJoinPool.commonPool-worker-1] INFO  metrics.RatisMetrics (RatisMetrics.java:unregister(43)) - Unregistering Metrics Registry : ratis.log_worker.1aa28a79-6085-416d-8460-1e98e8b061ff@group-CF34ED9AE28B
2020-06-10 23:32:46,209 [e1213966-9098-4efb-a904-a4cb2a6fb33e@group-F6C1F47CF009-StateMachineUpdater] INFO  ratis.ContainerStateMachine (ContainerStateMachine.java:takeSnapshot(299)) - group-F6C1F47CF009: Finished taking a snapshot at:(t:1, i:0) file:/github/workspace/mnt/ozone/hadoop-ozone/integration-test/target/test-dir/MiniOzoneClusterImpl-8f60d98f-01ba-4335-ba92-853c1a5e70bb/datanode-4/data/ratis/c8b61c3b-0ddb-42a0-aa57-f6c1f47cf009/sm/snapshot.1_0 time:1
2020-06-10 23:32:46,209 [ForkJoinPool.commonPool-worker-1] INFO  metrics.RatisMetrics (RatisMetrics.java:unregister(43)) - Unregistering Metrics Registry : ratis.leader_election.1aa28a79-6085-416d-8460-1e98e8b061ff@group-CF34ED9AE28B
2020-06-10 23:32:46,210 [ForkJoinPool.commonPool-worker-1] INFO  metrics.RatisMetrics (RatisMetrics.java:unregister(43)) - Unregistering Metrics Registry : ratis.server.1aa28a79-6085-416d-8460-1e98e8b061ff@group-CF34ED9AE28B
2020-06-10 23:32:46,210 [ForkJoinPool.commonPool-worker-1] INFO  impl.RaftServerImpl (RaftServerImpl.java:lambda$shutdown$3(252)) - 1aa28a79-6085-416d-8460-1e98e8b061ff@group-349F9BD86EAC: shutdown
2020-06-10 23:32:46,210 [ForkJoinPool.commonPool-worker-1] INFO  util.JmxRegister (JmxRegister.java:unregister(73)) - Successfully un-registered JMX Bean with object name Ratis:service=RaftServer,group=group-349F9BD86EAC,id=1aa28a79-6085-416d-8460-1e98e8b061ff
2020-06-10 23:32:46,210 [ForkJoinPool.commonPool-worker-1] INFO  impl.RoleInfo (RoleInfo.java:shutdownLeaderState(104)) - 1aa28a79-6085-416d-8460-1e98e8b061ff: shutdown LeaderState
2020-06-10 23:32:46,210 [ForkJoinPool.commonPool-worker-1] INFO  metrics.RatisMetrics (RatisMetrics.java:unregister(43)) - Unregistering Metrics Registry : ratis_grpc.log_appender.1aa28a79-6085-416d-8460-1e98e8b061ff@group-349F9BD86EAC
2020-06-10 23:32:46,210 [e1213966-9098-4efb-a904-a4cb2a6fb33e@group-F6C1F47CF009-StateMachineUpdater] INFO  impl.StateMachineUpdater (StateMachineUpdater.java:takeSnapshot(277)) - e1213966-9098-4efb-a904-a4cb2a6fb33e@group-F6C1F47CF009-StateMachineUpdater: Took a snapshot at index 0
2020-06-10 23:32:46,211 [e1213966-9098-4efb-a904-a4cb2a6fb33e@group-F6C1F47CF009-StateMachineUpdater] INFO  impl.StateMachineUpdater (StateMachineUpdater.java:lambda$new$0(87)) - e1213966-9098-4efb-a904-a4cb2a6fb33e@group-F6C1F47CF009-StateMachineUpdater: snapshotIndex: updateIncreasingly -1 -> 0
2020-06-10 23:32:46,211 [e1213966-9098-4efb-a904-a4cb2a6fb33e@group-F6C1F47CF009-StateMachineUpdater] INFO  metrics.RatisMetrics (RatisMetrics.java:unregister(43)) - Unregistering Metrics Registry : ratis.state_machine.e1213966-9098-4efb-a904-a4cb2a6fb33e@group-F6C1F47CF009
2020-06-10 23:32:46,211 [Listener at 127.0.0.1/37921] INFO  impl.RaftServerImpl (ServerState.java:close(387)) - e1213966-9098-4efb-a904-a4cb2a6fb33e@group-F6C1F47CF009: closes. applyIndex: 0
2020-06-10 23:32:46,210 [grpc-default-executor-2] INFO  impl.FollowerInfo (FollowerInfo.java:lambda$new$0(51)) - e1213966-9098-4efb-a904-a4cb2a6fb33e@group-F6C1F47CF009->868206e5-f05c-4376-a56d-5589c771f96d: nextIndex: updateUnconditionally 1 -> 0
2020-06-10 23:32:46,212 [e1213966-9098-4efb-a904-a4cb2a6fb33e@group-F6C1F47CF009-SegmentedRaftLogWorker] INFO  segmented.SegmentedRaftLogWorker (SegmentedRaftLogWorker.java:run(327)) - e1213966-9098-4efb-a904-a4cb2a6fb33e@group-F6C1F47CF009-SegmentedRaftLogWorker was interrupted, exiting. There are 0 tasks remaining in the queue.
2020-06-10 23:32:46,213 [grpc-default-executor-1] INFO  impl.FollowerInfo (FollowerInfo.java:lambda$new$0(51)) - e1213966-9098-4efb-a904-a4cb2a6fb33e@group-F6C1F47CF009->0a730c46-ee0f-4298-8093-6277af9a8f8e: nextIndex: updateUnconditionally 1 -> 0
2020-06-10 23:32:46,213 [ForkJoinPool.commonPool-worker-1] INFO  metrics.RatisMetrics (RatisMetrics.java:unregister(43)) - Unregistering Metrics Registry : ratis_grpc.log_appender.1aa28a79-6085-416d-8460-1e98e8b061ff@group-349F9BD86EAC
2020-06-10 23:32:46,213 [org.apache.ratis.server.impl.LogAppender$AppenderDaemon$$Lambda$465/412739230@601b2815] WARN  server.GrpcLogAppender (GrpcLogAppender.java:mayWait(153)) - 1aa28a79-6085-416d-8460-1e98e8b061ff@group-349F9BD86EAC->b166f10c-c404-4dcb-a087-ba4800654d2c-GrpcLogAppender: Wait interrupted by java.lang.InterruptedException
2020-06-10 23:32:46,213 [Listener at 127.0.0.1/37921] INFO  segmented.SegmentedRaftLogWorker (SegmentedRaftLogWorker.java:close(234)) - e1213966-9098-4efb-a904-a4cb2a6fb33e@group-F6C1F47CF009-SegmentedRaftLogWorker close()
2020-06-10 23:32:46,214 [ForkJoinPool.commonPool-worker-1] INFO  impl.PendingRequests (PendingRequests.java:sendNotLeaderResponses(249)) - 1aa28a79-6085-416d-8460-1e98e8b061ff@group-349F9BD86EAC-PendingRequests: sendNotLeaderResponses
2020-06-10 23:32:46,214 [org.apache.ratis.server.impl.LogAppender$AppenderDaemon$$Lambda$465/412739230@271f4dcb] WARN  server.GrpcLogAppender (GrpcLogAppender.java:mayWait(153)) - 1aa28a79-6085-416d-8460-1e98e8b061ff@group-349F9BD86EAC->c3c497a8-7dd5-4f0b-8431-82df52c157aa-GrpcLogAppender: Wait interrupted by java.lang.InterruptedException
2020-06-10 23:32:46,216 [Listener at 127.0.0.1/37921] INFO  metrics.RatisMetrics (RatisMetrics.java:unregister(43)) - Unregistering Metrics Registry : ratis.log_worker.e1213966-9098-4efb-a904-a4cb2a6fb33e@group-F6C1F47CF009
2020-06-10 23:32:46,217 [Listener at 127.0.0.1/37921] INFO  metrics.RatisMetrics (RatisMetrics.java:unregister(43)) - Unregistering Metrics Registry : ratis.leader_election.e1213966-9098-4efb-a904-a4cb2a6fb33e@group-F6C1F47CF009
2020-06-10 23:32:46,217 [Listener at 127.0.0.1/37921] INFO  metrics.RatisMetrics (RatisMetrics.java:unregister(43)) - Unregistering Metrics Registry : ratis.server.e1213966-9098-4efb-a904-a4cb2a6fb33e@group-F6C1F47CF009
2020-06-10 23:32:46,217 [grpc-default-executor-1] INFO  server.GrpcServerProtocolService (GrpcServerProtocolService.java:onCompleted(138)) - b166f10c-c404-4dcb-a087-ba4800654d2c: Completed APPEND_ENTRIES, lastRequest: 1aa28a79-6085-416d-8460-1e98e8b061ff->b166f10c-c404-4dcb-a087-ba4800654d2c#16-t3, previous=(t:3, i:14), leaderCommit=13, initializing? false, entries: size=1, first=(t:3, i:15), METADATAENTRY(c:13)
2020-06-10 23:32:46,218 [grpc-default-executor-1] INFO  server.GrpcLogAppender (GrpcLogAppender.java:onCompleted(319)) - 1aa28a79-6085-416d-8460-1e98e8b061ff@group-349F9BD86EAC->b166f10c-c404-4dcb-a087-ba4800654d2c-AppendLogResponseHandler: follower responses appendEntries COMPLETED
2020-06-10 23:32:46,217 [Listener at 127.0.0.1/37921] INFO  impl.RaftServerImpl (RaftServerImpl.java:lambda$shutdown$3(252)) - e1213966-9098-4efb-a904-a4cb2a6fb33e@group-03E63229FE17: shutdown
2020-06-10 23:32:46,219 [Listener at 127.0.0.1/37921] INFO  util.JmxRegister (JmxRegister.java:unregister(73)) - Successfully un-registered JMX Bean with object name Ratis:service=RaftServer,group=group-03E63229FE17,id=e1213966-9098-4efb-a904-a4cb2a6fb33e
2020-06-10 23:32:46,219 [Listener at 127.0.0.1/37921] INFO  impl.RoleInfo (RoleInfo.java:shutdownLeaderState(104)) - e1213966-9098-4efb-a904-a4cb2a6fb33e: shutdown LeaderState
2020-06-10 23:32:46,219 [Listener at 127.0.0.1/37921] INFO  impl.PendingRequests (PendingRequests.java:sendNotLeaderResponses(249)) - e1213966-9098-4efb-a904-a4cb2a6fb33e@group-03E63229FE17-PendingRequests: sendNotLeaderResponses
2020-06-10 23:32:46,219 [Listener at 127.0.0.1/37921] INFO  metrics.RatisMetrics (RatisMetrics.java:unregister(43)) - Unregistering Metrics Registry : ratis.log_appender.e1213966-9098-4efb-a904-a4cb2a6fb33e@group-03E63229FE17
2020-06-10 23:32:46,219 [Listener at 127.0.0.1/37921] INFO  metrics.RatisMetrics (RatisMetrics.java:unregister(43)) - Unregistering Metrics Registry : ratis.server.e1213966-9098-4efb-a904-a4cb2a6fb33e@group-03E63229FE17
2020-06-10 23:32:46,220 [Listener at 127.0.0.1/37921] INFO  impl.StateMachineUpdater (StateMachineUpdater.java:stopAndJoin(142)) - e1213966-9098-4efb-a904-a4cb2a6fb33e@group-03E63229FE17-StateMachineUpdater: set stopIndex = 0
2020-06-10 23:32:46,220 [e1213966-9098-4efb-a904-a4cb2a6fb33e@group-03E63229FE17-StateMachineUpdater] INFO  ratis.ContainerStateMachine (ContainerStateMachine.java:takeSnapshot(288)) - group-03E63229FE17: Taking a snapshot at:(t:1, i:0) file /github/workspace/mnt/ozone/hadoop-ozone/integration-test/target/test-dir/MiniOzoneClusterImpl-8f60d98f-01ba-4335-ba92-853c1a5e70bb/datanode-4/data/ratis/c69fc509-df2a-438d-9e26-03e63229fe17/sm/snapshot.1_0
2020-06-10 23:32:46,221 [e1213966-9098-4efb-a904-a4cb2a6fb33e@group-03E63229FE17-StateMachineUpdater] INFO  ratis.ContainerStateMachine (ContainerStateMachine.java:takeSnapshot(299)) - group-03E63229FE17: Finished taking a snapshot at:(t:1, i:0) file:/github/workspace/mnt/ozone/hadoop-ozone/integration-test/target/test-dir/MiniOzoneClusterImpl-8f60d98f-01ba-4335-ba92-853c1a5e70bb/datanode-4/data/ratis/c69fc509-df2a-438d-9e26-03e63229fe17/sm/snapshot.1_0 time:1
2020-06-10 23:32:46,221 [e1213966-9098-4efb-a904-a4cb2a6fb33e@group-03E63229FE17-StateMachineUpdater] INFO  impl.StateMachineUpdater (StateMachineUpdater.java:takeSnapshot(277)) - e1213966-9098-4efb-a904-a4cb2a6fb33e@group-03E63229FE17-StateMachineUpdater: Took a snapshot at index 0
2020-06-10 23:32:46,221 [e1213966-9098-4efb-a904-a4cb2a6fb33e@group-03E63229FE17-StateMachineUpdater] INFO  impl.StateMachineUpdater (StateMachineUpdater.java:lambda$new$0(87)) - e1213966-9098-4efb-a904-a4cb2a6fb33e@group-03E63229FE17-StateMachineUpdater: snapshotIndex: updateIncreasingly -1 -> 0
2020-06-10 23:32:46,222 [e1213966-9098-4efb-a904-a4cb2a6fb33e@group-03E63229FE17-StateMachineUpdater] INFO  metrics.RatisMetrics (RatisMetrics.java:unregister(43)) - Unregistering Metrics Registry : ratis.state_machine.e1213966-9098-4efb-a904-a4cb2a6fb33e@group-03E63229FE17
2020-06-10 23:32:46,222 [Listener at 127.0.0.1/37921] INFO  impl.RaftServerImpl (ServerState.java:close(387)) - e1213966-9098-4efb-a904-a4cb2a6fb33e@group-03E63229FE17: closes. applyIndex: 0
2020-06-10 23:32:46,222 [e1213966-9098-4efb-a904-a4cb2a6fb33e@group-03E63229FE17-SegmentedRaftLogWorker] INFO  segmented.SegmentedRaftLogWorker (SegmentedRaftLogWorker.java:run(327)) - e1213966-9098-4efb-a904-a4cb2a6fb33e@group-03E63229FE17-SegmentedRaftLogWorker was interrupted, exiting. There are 0 tasks remaining in the queue.
2020-06-10 23:32:46,223 [ForkJoinPool.commonPool-worker-1] INFO  metrics.RatisMetrics (RatisMetrics.java:unregister(43)) - Unregistering Metrics Registry : ratis.log_appender.1aa28a79-6085-416d-8460-1e98e8b061ff@group-349F9BD86EAC
2020-06-10 23:32:46,223 [ForkJoinPool.commonPool-worker-1] INFO  metrics.RatisMetrics (RatisMetrics.java:unregister(43)) - Unregistering Metrics Registry : ratis.server.1aa28a79-6085-416d-8460-1e98e8b061ff@group-349F9BD86EAC
2020-06-10 23:32:46,224 [ForkJoinPool.commonPool-worker-1] INFO  impl.StateMachineUpdater (StateMachineUpdater.java:stopAndJoin(142)) - 1aa28a79-6085-416d-8460-1e98e8b061ff@group-349F9BD86EAC-StateMachineUpdater: set stopIndex = 15
2020-06-10 23:32:46,224 [1aa28a79-6085-416d-8460-1e98e8b061ff@group-349F9BD86EAC-StateMachineUpdater] INFO  ratis.ContainerStateMachine (ContainerStateMachine.java:takeSnapshot(288)) - group-349F9BD86EAC: Taking a snapshot at:(t:3, i:15) file /github/workspace/mnt/ozone/hadoop-ozone/integration-test/target/test-dir/MiniOzoneClusterImpl-8f60d98f-01ba-4335-ba92-853c1a5e70bb/datanode-1/data/ratis/0c3dcd96-bd09-4ae5-9fb1-349f9bd86eac/sm/snapshot.3_15
2020-06-10 23:32:46,228 [Listener at 127.0.0.1/37921] INFO  segmented.SegmentedRaftLogWorker (SegmentedRaftLogWorker.java:close(234)) - e1213966-9098-4efb-a904-a4cb2a6fb33e@group-03E63229FE17-SegmentedRaftLogWorker close()
2020-06-10 23:32:46,229 [grpc-default-executor-1] INFO  impl.FollowerInfo (FollowerInfo.java:lambda$new$0(51)) - 1aa28a79-6085-416d-8460-1e98e8b061ff@group-349F9BD86EAC->b166f10c-c404-4dcb-a087-ba4800654d2c: nextIndex: updateUnconditionally 16 -> 15
2020-06-10 23:32:46,229 [1aa28a79-6085-416d-8460-1e98e8b061ff@group-349F9BD86EAC-StateMachineUpdater] INFO  ratis.ContainerStateMachine (ContainerStateMachine.java:takeSnapshot(299)) - group-349F9BD86EAC: Finished taking a snapshot at:(t:3, i:15) file:/github/workspace/mnt/ozone/hadoop-ozone/integration-test/target/test-dir/MiniOzoneClusterImpl-8f60d98f-01ba-4335-ba92-853c1a5e70bb/datanode-1/data/ratis/0c3dcd96-bd09-4ae5-9fb1-349f9bd86eac/sm/snapshot.3_15 time:4
2020-06-10 23:32:46,217 [grpc-default-executor-2] INFO  server.GrpcServerProtocolService (GrpcServerProtocolService.java:onCompleted(138)) - c3c497a8-7dd5-4f0b-8431-82df52c157aa: Completed APPEND_ENTRIES, lastRequest: 1aa28a79-6085-416d-8460-1e98e8b061ff->c3c497a8-7dd5-4f0b-8431-82df52c157aa#16-t3, previous=(t:3, i:14), leaderCommit=13, initializing? false, entries: size=1, first=(t:3, i:15), METADATAENTRY(c:13)
2020-06-10 23:32:46,230 [Listener at 127.0.0.1/37921] INFO  metrics.RatisMetrics (RatisMetrics.java:unregister(43)) - Unregistering Metrics Registry : ratis.log_worker.e1213966-9098-4efb-a904-a4cb2a6fb33e@group-03E63229FE17
2020-06-10 23:32:46,231 [Listener at 127.0.0.1/37921] INFO  metrics.RatisMetrics (RatisMetrics.java:unregister(43)) - Unregistering Metrics Registry : ratis.leader_election.e1213966-9098-4efb-a904-a4cb2a6fb33e@group-03E63229FE17
2020-06-10 23:32:46,231 [Listener at 127.0.0.1/37921] INFO  metrics.RatisMetrics (RatisMetrics.java:unregister(43)) - Unregistering Metrics Registry : ratis.server.e1213966-9098-4efb-a904-a4cb2a6fb33e@group-03E63229FE17
2020-06-10 23:32:46,231 [1aa28a79-6085-416d-8460-1e98e8b061ff@group-349F9BD86EAC-StateMachineUpdater] INFO  impl.StateMachineUpdater (StateMachineUpdater.java:takeSnapshot(277)) - 1aa28a79-6085-416d-8460-1e98e8b061ff@group-349F9BD86EAC-StateMachineUpdater: Took a snapshot at index 15
2020-06-10 23:32:46,231 [1aa28a79-6085-416d-8460-1e98e8b061ff@group-349F9BD86EAC-StateMachineUpdater] INFO  impl.StateMachineUpdater (StateMachineUpdater.java:lambda$new$0(87)) - 1aa28a79-6085-416d-8460-1e98e8b061ff@group-349F9BD86EAC-StateMachineUpdater: snapshotIndex: updateIncreasingly -1 -> 15
2020-06-10 23:32:46,231 [Listener at 127.0.0.1/37921] INFO  server.GrpcService (GrpcService.java:closeImpl(166)) - e1213966-9098-4efb-a904-a4cb2a6fb33e: shutdown server with port 36871 now
2020-06-10 23:32:46,231 [grpc-default-executor-1] INFO  server.GrpcLogAppender (GrpcLogAppender.java:onCompleted(319)) - 1aa28a79-6085-416d-8460-1e98e8b061ff@group-349F9BD86EAC->c3c497a8-7dd5-4f0b-8431-82df52c157aa-AppendLogResponseHandler: follower responses appendEntries COMPLETED
2020-06-10 23:32:46,231 [1aa28a79-6085-416d-8460-1e98e8b061ff@group-349F9BD86EAC-StateMachineUpdater] INFO  metrics.RatisMetrics (RatisMetrics.java:unregister(43)) - Unregistering Metrics Registry : ratis.state_machine.1aa28a79-6085-416d-8460-1e98e8b061ff@group-349F9BD86EAC
2020-06-10 23:32:46,236 [ForkJoinPool.commonPool-worker-1] INFO  impl.RaftServerImpl (ServerState.java:close(387)) - 1aa28a79-6085-416d-8460-1e98e8b061ff@group-349F9BD86EAC: closes. applyIndex: 15
2020-06-10 23:32:46,236 [1aa28a79-6085-416d-8460-1e98e8b061ff@group-349F9BD86EAC-SegmentedRaftLogWorker] INFO  segmented.SegmentedRaftLogWorker (SegmentedRaftLogWorker.java:run(327)) - 1aa28a79-6085-416d-8460-1e98e8b061ff@group-349F9BD86EAC-SegmentedRaftLogWorker was interrupted, exiting. There are 0 tasks remaining in the queue.
2020-06-10 23:32:46,237 [grpc-default-executor-4] WARN  server.GrpcServerProtocolService (LogUtils.java:warn(122)) - e1213966-9098-4efb-a904-a4cb2a6fb33e: installSnapshot onError, lastRequest: 0a730c46-ee0f-4298-8093-6277af9a8f8e->e1213966-9098-4efb-a904-a4cb2a6fb33e#1-t1, previous=(t:0, i:0), leaderCommit=-1, initializing? false, entries: size=1, first=(t:1, i:0), CONFIGURATIONENTRY: org.apache.ratis.thirdparty.io.grpc.StatusRuntimeException: CANCELLED: cancelled before receiving half close
2020-06-10 23:32:46,238 [grpc-default-executor-4] WARN  server.GrpcLogAppender (LogUtils.java:warn(122)) - 0a730c46-ee0f-4298-8093-6277af9a8f8e@group-5875A35477B4->e1213966-9098-4efb-a904-a4cb2a6fb33e-AppendLogResponseHandler: Failed appendEntries: org.apache.ratis.thirdparty.io.grpc.StatusRuntimeException: CANCELLED: HTTP/2 error code: CANCEL
Received Rst Stream
2020-06-10 23:32:46,239 [Listener at 127.0.0.1/37921] INFO  server.GrpcService (GrpcService.java:closeImpl(174)) - e1213966-9098-4efb-a904-a4cb2a6fb33e: shutdown server with port 36871 successfully
2020-06-10 23:32:46,240 [ForkJoinPool.commonPool-worker-1] INFO  segmented.SegmentedRaftLogWorker (SegmentedRaftLogWorker.java:close(234)) - 1aa28a79-6085-416d-8460-1e98e8b061ff@group-349F9BD86EAC-SegmentedRaftLogWorker close()
2020-06-10 23:32:46,241 [Listener at 127.0.0.1/37921] INFO  utils.BackgroundService (BackgroundService.java:shutdown(157)) - Shutting down service BlockDeletingService
2020-06-10 23:32:46,242 [grpc-default-executor-4] INFO  impl.FollowerInfo (FollowerInfo.java:lambda$new$0(51)) - 0a730c46-ee0f-4298-8093-6277af9a8f8e@group-5875A35477B4->e1213966-9098-4efb-a904-a4cb2a6fb33e: nextIndex: updateUnconditionally 1 -> 0
2020-06-10 23:32:46,242 [grpc-default-executor-1] INFO  impl.FollowerInfo (FollowerInfo.java:lambda$new$0(51)) - 1aa28a79-6085-416d-8460-1e98e8b061ff@group-349F9BD86EAC->c3c497a8-7dd5-4f0b-8431-82df52c157aa: nextIndex: updateUnconditionally 16 -> 15
2020-06-10 23:32:46,242 [ForkJoinPool.commonPool-worker-1] INFO  metrics.RatisMetrics (RatisMetrics.java:unregister(43)) - Unregistering Metrics Registry : ratis.log_worker.1aa28a79-6085-416d-8460-1e98e8b061ff@group-349F9BD86EAC
2020-06-10 23:32:46,244 [ForkJoinPool.commonPool-worker-1] INFO  metrics.RatisMetrics (RatisMetrics.java:unregister(43)) - Unregistering Metrics Registry : ratis.leader_election.1aa28a79-6085-416d-8460-1e98e8b061ff@group-349F9BD86EAC
2020-06-10 23:32:46,244 [ForkJoinPool.commonPool-worker-1] INFO  metrics.RatisMetrics (RatisMetrics.java:unregister(43)) - Unregistering Metrics Registry : ratis.server.1aa28a79-6085-416d-8460-1e98e8b061ff@group-349F9BD86EAC
2020-06-10 23:32:46,244 [ForkJoinPool.commonPool-worker-1] INFO  server.GrpcService (GrpcService.java:closeImpl(166)) - 1aa28a79-6085-416d-8460-1e98e8b061ff: shutdown server with port 39429 now
2020-06-10 23:32:46,246 [grpc-default-executor-1] WARN  server.GrpcServerProtocolService (LogUtils.java:warn(122)) - 1aa28a79-6085-416d-8460-1e98e8b061ff: installSnapshot onError, lastRequest: b166f10c-c404-4dcb-a087-ba4800654d2c->1aa28a79-6085-416d-8460-1e98e8b061ff#1-t3, previous=(t:0, i:0), leaderCommit=-1, initializing? false, entries: size=1, first=(t:3, i:0), CONFIGURATIONENTRY: org.apache.ratis.thirdparty.io.grpc.StatusRuntimeException: CANCELLED: cancelled before receiving half close
2020-06-10 23:32:46,247 [Listener at 127.0.0.1/37921] INFO  statemachine.DatanodeStateMachine (DatanodeStateMachine.java:stopDaemon(428)) - Ozone container server stopped.
2020-06-10 23:32:46,247 [grpc-default-executor-1] WARN  server.GrpcLogAppender (LogUtils.java:warn(122)) - b166f10c-c404-4dcb-a087-ba4800654d2c@group-385C58906CEF->1aa28a79-6085-416d-8460-1e98e8b061ff-AppendLogResponseHandler: Failed appendEntries: org.apache.ratis.thirdparty.io.grpc.StatusRuntimeException: CANCELLED: HTTP/2 error code: CANCEL
Received Rst Stream
2020-06-10 23:32:46,248 [ForkJoinPool.commonPool-worker-1] INFO  server.GrpcService (GrpcService.java:closeImpl(174)) - 1aa28a79-6085-416d-8460-1e98e8b061ff: shutdown server with port 39429 successfully
2020-06-10 23:32:46,248 [Listener at 127.0.0.1/37921] INFO  handler.ContextHandler (ContextHandler.java:doStop(1016)) - Stopped o.e.j.w.WebAppContext@705134db{hddsDatanode,/,null,UNAVAILABLE}{jar:file:/home/user/.m2/repository/org/apache/hadoop/hadoop-hdds-container-service/0.6.0-SNAPSHOT/hadoop-hdds-container-service-0.6.0-SNAPSHOT.jar!/webapps/hddsDatanode}
2020-06-10 23:32:46,249 [Listener at 127.0.0.1/37921] INFO  server.AbstractConnector (AbstractConnector.java:doStop(380)) - Stopped ServerConnector@64ebff0e{HTTP/1.1,[http/1.1]}{0.0.0.0:0}
2020-06-10 23:32:46,249 [Listener at 127.0.0.1/37921] INFO  server.session (HouseKeeper.java:stopScavenging(158)) - node0 Stopped scavenging
2020-06-10 23:32:46,250 [ForkJoinPool.commonPool-worker-1] INFO  utils.BackgroundService (BackgroundService.java:shutdown(157)) - Shutting down service BlockDeletingService
2020-06-10 23:32:46,251 [grpc-default-executor-1] INFO  impl.FollowerInfo (FollowerInfo.java:lambda$new$0(51)) - b166f10c-c404-4dcb-a087-ba4800654d2c@group-385C58906CEF->1aa28a79-6085-416d-8460-1e98e8b061ff: nextIndex: updateUnconditionally 1 -> 0
2020-06-10 23:32:46,253 [Listener at 127.0.0.1/37921] INFO  handler.ContextHandler (ContextHandler.java:doStop(1016)) - Stopped o.e.j.s.ServletContextHandler@1794d304{static,/static,jar:file:/home/user/.m2/repository/org/apache/hadoop/hadoop-hdds-container-service/0.6.0-SNAPSHOT/hadoop-hdds-container-service-0.6.0-SNAPSHOT.jar!/webapps/static,UNAVAILABLE}
2020-06-10 23:32:46,253 [Listener at 127.0.0.1/37921] INFO  handler.ContextHandler (ContextHandler.java:doStop(1016)) - Stopped o.e.j.s.ServletContextHandler@13a00078{logs,/logs,file:///github/workspace/mnt/ozone/hadoop-ozone/integration-test/target/log,UNAVAILABLE}
2020-06-10 23:32:46,254 [ForkJoinPool.commonPool-worker-1] INFO  statemachine.DatanodeStateMachine (DatanodeStateMachine.java:stopDaemon(428)) - Ozone container server stopped.
2020-06-10 23:32:46,267 [ForkJoinPool.commonPool-worker-1] INFO  handler.ContextHandler (ContextHandler.java:doStop(1016)) - Stopped o.e.j.w.WebAppContext@706122cb{hddsDatanode,/,null,UNAVAILABLE}{jar:file:/home/user/.m2/repository/org/apache/hadoop/hadoop-hdds-container-service/0.6.0-SNAPSHOT/hadoop-hdds-container-service-0.6.0-SNAPSHOT.jar!/webapps/hddsDatanode}
2020-06-10 23:32:46,268 [ForkJoinPool.commonPool-worker-1] INFO  server.AbstractConnector (AbstractConnector.java:doStop(380)) - Stopped ServerConnector@79794ee1{HTTP/1.1,[http/1.1]}{0.0.0.0:0}
2020-06-10 23:32:46,268 [ForkJoinPool.commonPool-worker-1] INFO  server.session (HouseKeeper.java:stopScavenging(158)) - node0 Stopped scavenging
2020-06-10 23:32:46,269 [ForkJoinPool.commonPool-worker-1] INFO  handler.ContextHandler (ContextHandler.java:doStop(1016)) - Stopped o.e.j.s.ServletContextHandler@15c43a3e{static,/static,jar:file:/home/user/.m2/repository/org/apache/hadoop/hadoop-hdds-container-service/0.6.0-SNAPSHOT/hadoop-hdds-container-service-0.6.0-SNAPSHOT.jar!/webapps/static,UNAVAILABLE}
2020-06-10 23:32:46,270 [ForkJoinPool.commonPool-worker-1] INFO  handler.ContextHandler (ContextHandler.java:doStop(1016)) - Stopped o.e.j.s.ServletContextHandler@1d5353b8{logs,/logs,file:///github/workspace/mnt/ozone/hadoop-ozone/integration-test/target/log,UNAVAILABLE}
2020-06-10 23:32:47,098 [Datanode State Machine Thread - 0] INFO  statemachine.DatanodeStateMachine (DatanodeStateMachine.java:lambda$startDaemon$0(380)) - Ozone container server started.
2020-06-10 23:32:47,210 [Datanode State Machine Thread - 0] INFO  statemachine.DatanodeStateMachine (DatanodeStateMachine.java:lambda$startDaemon$0(380)) - Ozone container server started.
2020-06-10 23:32:48,047 [grpc-default-executor-4] WARN  server.GrpcLogAppender (LogUtils.java:warn(122)) - 0a730c46-ee0f-4298-8093-6277af9a8f8e@group-5875A35477B4->e1213966-9098-4efb-a904-a4cb2a6fb33e-AppendLogResponseHandler: Failed appendEntries: org.apache.ratis.thirdparty.io.grpc.StatusRuntimeException: UNAVAILABLE: io exception
2020-06-10 23:32:48,048 [grpc-default-executor-4] INFO  impl.FollowerInfo (FollowerInfo.java:lambda$new$0(51)) - 0a730c46-ee0f-4298-8093-6277af9a8f8e@group-5875A35477B4->e1213966-9098-4efb-a904-a4cb2a6fb33e: nextIndex: updateUnconditionally 1 -> 0
2020-06-10 23:32:48,715 [grpc-default-executor-1] WARN  server.GrpcLogAppender (LogUtils.java:warn(122)) - b166f10c-c404-4dcb-a087-ba4800654d2c@group-385C58906CEF->1aa28a79-6085-416d-8460-1e98e8b061ff-AppendLogResponseHandler: Failed appendEntries: org.apache.ratis.thirdparty.io.grpc.StatusRuntimeException: UNAVAILABLE: io exception
2020-06-10 23:32:48,717 [grpc-default-executor-1] INFO  impl.FollowerInfo (FollowerInfo.java:lambda$new$0(51)) - b166f10c-c404-4dcb-a087-ba4800654d2c@group-385C58906CEF->1aa28a79-6085-416d-8460-1e98e8b061ff: nextIndex: updateUnconditionally 1 -> 0
2020-06-10 23:32:50,545 [grpc-default-executor-4] WARN  server.GrpcLogAppender (LogUtils.java:warn(122)) - 0a730c46-ee0f-4298-8093-6277af9a8f8e@group-5875A35477B4->e1213966-9098-4efb-a904-a4cb2a6fb33e-AppendLogResponseHandler: Failed appendEntries: org.apache.ratis.thirdparty.io.grpc.StatusRuntimeException: UNAVAILABLE: io exception
2020-06-10 23:32:50,547 [grpc-default-executor-4] INFO  impl.FollowerInfo (FollowerInfo.java:lambda$new$0(51)) - 0a730c46-ee0f-4298-8093-6277af9a8f8e@group-5875A35477B4->e1213966-9098-4efb-a904-a4cb2a6fb33e: nextIndex: updateUnconditionally 1 -> 0
2020-06-10 23:32:51,036 [EventQueue-StaleNodeForStaleNodeHandler] INFO  node.StaleNodeHandler (StaleNodeHandler.java:onMessage(58)) - Datanode e1213966-9098-4efb-a904-a4cb2a6fb33e{ip: 172.17.0.2, host: be5d1cd46157, networkLocation: /default-rack, certSerialId: null} moved to stale state. Finalizing its pipelines [PipelineID=694f06a8-eccc-44d3-8729-5875a35477b4, PipelineID=c8b61c3b-0ddb-42a0-aa57-f6c1f47cf009, PipelineID=c69fc509-df2a-438d-9e26-03e63229fe17]
2020-06-10 23:32:51,037 [EventQueue-StaleNodeForStaleNodeHandler] INFO  pipeline.SCMPipelineManager (SCMPipelineManager.java:finalizeAndDestroyPipeline(397)) - Destroying pipeline:Pipeline[ Id: 694f06a8-eccc-44d3-8729-5875a35477b4, Nodes: 0a730c46-ee0f-4298-8093-6277af9a8f8e{ip: 172.17.0.2, host: be5d1cd46157, networkLocation: /default-rack, certSerialId: null}868206e5-f05c-4376-a56d-5589c771f96d{ip: 172.17.0.2, host: be5d1cd46157, networkLocation: /default-rack, certSerialId: null}e1213966-9098-4efb-a904-a4cb2a6fb33e{ip: 172.17.0.2, host: be5d1cd46157, networkLocation: /default-rack, certSerialId: null}, Type:RATIS, Factor:THREE, State:OPEN, leaderId:0a730c46-ee0f-4298-8093-6277af9a8f8e, CreationTimestamp2020-06-10T23:32:27.116Z]
2020-06-10 23:32:51,037 [EventQueue-StaleNodeForStaleNodeHandler] INFO  pipeline.PipelineStateManager (PipelineStateManager.java:finalizePipeline(120)) - Pipeline Pipeline[ Id: 694f06a8-eccc-44d3-8729-5875a35477b4, Nodes: 0a730c46-ee0f-4298-8093-6277af9a8f8e{ip: 172.17.0.2, host: be5d1cd46157, networkLocation: /default-rack, certSerialId: null}868206e5-f05c-4376-a56d-5589c771f96d{ip: 172.17.0.2, host: be5d1cd46157, networkLocation: /default-rack, certSerialId: null}e1213966-9098-4efb-a904-a4cb2a6fb33e{ip: 172.17.0.2, host: be5d1cd46157, networkLocation: /default-rack, certSerialId: null}, Type:RATIS, Factor:THREE, State:CLOSED, leaderId:0a730c46-ee0f-4298-8093-6277af9a8f8e, CreationTimestamp2020-06-10T23:32:27.116Z] moved to CLOSED state
2020-06-10 23:32:51,038 [EventQueue-StaleNodeForStaleNodeHandler] INFO  pipeline.SCMPipelineManager (SCMPipelineManager.java:finalizeAndDestroyPipeline(397)) - Destroying pipeline:Pipeline[ Id: c8b61c3b-0ddb-42a0-aa57-f6c1f47cf009, Nodes: 0a730c46-ee0f-4298-8093-6277af9a8f8e{ip: 172.17.0.2, host: be5d1cd46157, networkLocation: /default-rack, certSerialId: null}868206e5-f05c-4376-a56d-5589c771f96d{ip: 172.17.0.2, host: be5d1cd46157, networkLocation: /default-rack, certSerialId: null}e1213966-9098-4efb-a904-a4cb2a6fb33e{ip: 172.17.0.2, host: be5d1cd46157, networkLocation: /default-rack, certSerialId: null}, Type:RATIS, Factor:THREE, State:OPEN, leaderId:e1213966-9098-4efb-a904-a4cb2a6fb33e, CreationTimestamp2020-06-10T23:32:27.117Z]
2020-06-10 23:32:51,039 [EventQueue-StaleNodeForStaleNodeHandler] INFO  pipeline.PipelineStateManager (PipelineStateManager.java:finalizePipeline(120)) - Pipeline Pipeline[ Id: c8b61c3b-0ddb-42a0-aa57-f6c1f47cf009, Nodes: 0a730c46-ee0f-4298-8093-6277af9a8f8e{ip: 172.17.0.2, host: be5d1cd46157, networkLocation: /default-rack, certSerialId: null}868206e5-f05c-4376-a56d-5589c771f96d{ip: 172.17.0.2, host: be5d1cd46157, networkLocation: /default-rack, certSerialId: null}e1213966-9098-4efb-a904-a4cb2a6fb33e{ip: 172.17.0.2, host: be5d1cd46157, networkLocation: /default-rack, certSerialId: null}, Type:RATIS, Factor:THREE, State:CLOSED, leaderId:e1213966-9098-4efb-a904-a4cb2a6fb33e, CreationTimestamp2020-06-10T23:32:27.117Z] moved to CLOSED state
2020-06-10 23:32:51,040 [EventQueue-StaleNodeForStaleNodeHandler] INFO  pipeline.SCMPipelineManager (SCMPipelineManager.java:finalizeAndDestroyPipeline(397)) - Destroying pipeline:Pipeline[ Id: c69fc509-df2a-438d-9e26-03e63229fe17, Nodes: e1213966-9098-4efb-a904-a4cb2a6fb33e{ip: 172.17.0.2, host: be5d1cd46157, networkLocation: /default-rack, certSerialId: null}, Type:RATIS, Factor:ONE, State:OPEN, leaderId:e1213966-9098-4efb-a904-a4cb2a6fb33e, CreationTimestamp2020-06-10T23:32:27.004Z]
2020-06-10 23:32:51,041 [EventQueue-StaleNodeForStaleNodeHandler] INFO  pipeline.PipelineStateManager (PipelineStateManager.java:finalizePipeline(120)) - Pipeline Pipeline[ Id: c69fc509-df2a-438d-9e26-03e63229fe17, Nodes: e1213966-9098-4efb-a904-a4cb2a6fb33e{ip: 172.17.0.2, host: be5d1cd46157, networkLocation: /default-rack, certSerialId: null}, Type:RATIS, Factor:ONE, State:CLOSED, leaderId:e1213966-9098-4efb-a904-a4cb2a6fb33e, CreationTimestamp2020-06-10T23:32:27.004Z] moved to CLOSED state
2020-06-10 23:32:51,137 [EventQueue-StaleNodeForStaleNodeHandler] INFO  node.StaleNodeHandler (StaleNodeHandler.java:onMessage(58)) - Datanode 1aa28a79-6085-416d-8460-1e98e8b061ff{ip: 172.17.0.2, host: be5d1cd46157, networkLocation: /default-rack, certSerialId: null} moved to stale state. Finalizing its pipelines [PipelineID=9e006b21-cea1-48fa-a139-385c58906cef, PipelineID=9453edeb-c0ac-41f9-9aa5-cf34ed9ae28b, PipelineID=0c3dcd96-bd09-4ae5-9fb1-349f9bd86eac]
2020-06-10 23:32:51,137 [EventQueue-StaleNodeForStaleNodeHandler] INFO  pipeline.SCMPipelineManager (SCMPipelineManager.java:finalizeAndDestroyPipeline(397)) - Destroying pipeline:Pipeline[ Id: 9e006b21-cea1-48fa-a139-385c58906cef, Nodes: b166f10c-c404-4dcb-a087-ba4800654d2c{ip: 172.17.0.2, host: be5d1cd46157, networkLocation: /default-rack, certSerialId: null}1aa28a79-6085-416d-8460-1e98e8b061ff{ip: 172.17.0.2, host: be5d1cd46157, networkLocation: /default-rack, certSerialId: null}c3c497a8-7dd5-4f0b-8431-82df52c157aa{ip: 172.17.0.2, host: be5d1cd46157, networkLocation: /default-rack, certSerialId: null}, Type:RATIS, Factor:THREE, State:OPEN, leaderId:b166f10c-c404-4dcb-a087-ba4800654d2c, CreationTimestamp2020-06-10T23:32:26.779Z]
2020-06-10 23:32:51,137 [EventQueue-StaleNodeForStaleNodeHandler] INFO  pipeline.PipelineStateManager (PipelineStateManager.java:finalizePipeline(120)) - Pipeline Pipeline[ Id: 9e006b21-cea1-48fa-a139-385c58906cef, Nodes: b166f10c-c404-4dcb-a087-ba4800654d2c{ip: 172.17.0.2, host: be5d1cd46157, networkLocation: /default-rack, certSerialId: null}1aa28a79-6085-416d-8460-1e98e8b061ff{ip: 172.17.0.2, host: be5d1cd46157, networkLocation: /default-rack, certSerialId: null}c3c497a8-7dd5-4f0b-8431-82df52c157aa{ip: 172.17.0.2, host: be5d1cd46157, networkLocation: /default-rack, certSerialId: null}, Type:RATIS, Factor:THREE, State:CLOSED, leaderId:b166f10c-c404-4dcb-a087-ba4800654d2c, CreationTimestamp2020-06-10T23:32:26.779Z] moved to CLOSED state
2020-06-10 23:32:51,137 [EventQueue-StaleNodeForStaleNodeHandler] INFO  pipeline.SCMPipelineManager (SCMPipelineManager.java:finalizeAndDestroyPipeline(397)) - Destroying pipeline:Pipeline[ Id: 9453edeb-c0ac-41f9-9aa5-cf34ed9ae28b, Nodes: 1aa28a79-6085-416d-8460-1e98e8b061ff{ip: 172.17.0.2, host: be5d1cd46157, networkLocation: /default-rack, certSerialId: null}, Type:RATIS, Factor:ONE, State:OPEN, leaderId:1aa28a79-6085-416d-8460-1e98e8b061ff, CreationTimestamp2020-06-10T23:32:26.672Z]
2020-06-10 23:32:51,137 [EventQueue-StaleNodeForStaleNodeHandler] INFO  pipeline.PipelineStateManager (PipelineStateManager.java:finalizePipeline(120)) - Pipeline Pipeline[ Id: 9453edeb-c0ac-41f9-9aa5-cf34ed9ae28b, Nodes: 1aa28a79-6085-416d-8460-1e98e8b061ff{ip: 172.17.0.2, host: be5d1cd46157, networkLocation: /default-rack, certSerialId: null}, Type:RATIS, Factor:ONE, State:CLOSED, leaderId:1aa28a79-6085-416d-8460-1e98e8b061ff, CreationTimestamp2020-06-10T23:32:26.672Z] moved to CLOSED state
2020-06-10 23:32:51,138 [EventQueue-StaleNodeForStaleNodeHandler] INFO  pipeline.SCMPipelineManager (SCMPipelineManager.java:finalizeAndDestroyPipeline(397)) - Destroying pipeline:Pipeline[ Id: 0c3dcd96-bd09-4ae5-9fb1-349f9bd86eac, Nodes: b166f10c-c404-4dcb-a087-ba4800654d2c{ip: 172.17.0.2, host: be5d1cd46157, networkLocation: /default-rack, certSerialId: null}1aa28a79-6085-416d-8460-1e98e8b061ff{ip: 172.17.0.2, host: be5d1cd46157, networkLocation: /default-rack, certSerialId: null}c3c497a8-7dd5-4f0b-8431-82df52c157aa{ip: 172.17.0.2, host: be5d1cd46157, networkLocation: /default-rack, certSerialId: null}, Type:RATIS, Factor:THREE, State:OPEN, leaderId:1aa28a79-6085-416d-8460-1e98e8b061ff, CreationTimestamp2020-06-10T23:32:26.778Z]
2020-06-10 23:32:51,139 [EventQueue-StaleNodeForStaleNodeHandler] INFO  pipeline.PipelineStateManager (PipelineStateManager.java:finalizePipeline(120)) - Pipeline Pipeline[ Id: 0c3dcd96-bd09-4ae5-9fb1-349f9bd86eac, Nodes: b166f10c-c404-4dcb-a087-ba4800654d2c{ip: 172.17.0.2, host: be5d1cd46157, networkLocation: /default-rack, certSerialId: null}1aa28a79-6085-416d-8460-1e98e8b061ff{ip: 172.17.0.2, host: be5d1cd46157, networkLocation: /default-rack, certSerialId: null}c3c497a8-7dd5-4f0b-8431-82df52c157aa{ip: 172.17.0.2, host: be5d1cd46157, networkLocation: /default-rack, certSerialId: null}, Type:RATIS, Factor:THREE, State:CLOSED, leaderId:1aa28a79-6085-416d-8460-1e98e8b061ff, CreationTimestamp2020-06-10T23:32:26.778Z] moved to CLOSED state
2020-06-10 23:32:51,139 [EventQueue-CloseContainerForCloseContainerEventHandler] INFO  container.CloseContainerEventHandler (CloseContainerEventHandler.java:onMessage(61)) - Close container Event triggered for container : #2
2020-06-10 23:32:51,218 [grpc-default-executor-1] WARN  server.GrpcLogAppender (LogUtils.java:warn(122)) - b166f10c-c404-4dcb-a087-ba4800654d2c@group-385C58906CEF->1aa28a79-6085-416d-8460-1e98e8b061ff-AppendLogResponseHandler: Failed appendEntries: org.apache.ratis.thirdparty.io.grpc.StatusRuntimeException: UNAVAILABLE: io exception
2020-06-10 23:32:51,220 [grpc-default-executor-1] INFO  impl.FollowerInfo (FollowerInfo.java:lambda$new$0(51)) - b166f10c-c404-4dcb-a087-ba4800654d2c@group-385C58906CEF->1aa28a79-6085-416d-8460-1e98e8b061ff: nextIndex: updateUnconditionally 1 -> 0
2020-06-10 23:32:51,257 [Listener at 127.0.0.1/37921] INFO  ozoneimpl.OzoneContainer (OzoneContainer.java:stop(246)) - Attempting to stop container services.
2020-06-10 23:32:51,257 [Listener at 127.0.0.1/37921] INFO  impl.RaftServerProxy (RaftServerProxy.java:lambda$close$4(319)) - 0a730c46-ee0f-4298-8093-6277af9a8f8e: close
2020-06-10 23:32:51,258 [Listener at 127.0.0.1/37921] INFO  impl.RaftServerImpl (RaftServerImpl.java:lambda$shutdown$3(252)) - 0a730c46-ee0f-4298-8093-6277af9a8f8e@group-5875A35477B4: shutdown
2020-06-10 23:32:51,258 [Listener at 127.0.0.1/37921] INFO  util.JmxRegister (JmxRegister.java:unregister(73)) - Successfully un-registered JMX Bean with object name Ratis:service=RaftServer,group=group-5875A35477B4,id=0a730c46-ee0f-4298-8093-6277af9a8f8e
2020-06-10 23:32:51,258 [Listener at 127.0.0.1/37921] INFO  impl.RoleInfo (RoleInfo.java:shutdownLeaderState(104)) - 0a730c46-ee0f-4298-8093-6277af9a8f8e: shutdown LeaderState
2020-06-10 23:32:51,258 [Listener at 127.0.0.1/37921] INFO  metrics.RatisMetrics (RatisMetrics.java:unregister(43)) - Unregistering Metrics Registry : ratis_grpc.log_appender.0a730c46-ee0f-4298-8093-6277af9a8f8e@group-5875A35477B4
2020-06-10 23:32:51,259 [Listener at 127.0.0.1/37921] INFO  metrics.RatisMetrics (RatisMetrics.java:unregister(43)) - Unregistering Metrics Registry : ratis_grpc.log_appender.0a730c46-ee0f-4298-8093-6277af9a8f8e@group-5875A35477B4
2020-06-10 23:32:51,259 [org.apache.ratis.server.impl.LogAppender$AppenderDaemon$$Lambda$465/412739230@68819114] WARN  server.GrpcLogAppender (GrpcLogAppender.java:mayWait(153)) - 0a730c46-ee0f-4298-8093-6277af9a8f8e@group-5875A35477B4->e1213966-9098-4efb-a904-a4cb2a6fb33e-GrpcLogAppender: Wait interrupted by java.lang.InterruptedException
2020-06-10 23:32:51,260 [Listener at 127.0.0.1/37921] INFO  impl.PendingRequests (PendingRequests.java:sendNotLeaderResponses(249)) - 0a730c46-ee0f-4298-8093-6277af9a8f8e@group-5875A35477B4-PendingRequests: sendNotLeaderResponses
2020-06-10 23:32:51,260 [org.apache.ratis.server.impl.LogAppender$AppenderDaemon$$Lambda$465/412739230@314f9f6a] WARN  server.GrpcLogAppender (GrpcLogAppender.java:mayWait(153)) - 0a730c46-ee0f-4298-8093-6277af9a8f8e@group-5875A35477B4->868206e5-f05c-4376-a56d-5589c771f96d-GrpcLogAppender: Wait interrupted by java.lang.InterruptedException
2020-06-10 23:32:51,260 [Listener at 127.0.0.1/37921] INFO  metrics.RatisMetrics (RatisMetrics.java:unregister(43)) - Unregistering Metrics Registry : ratis.log_appender.0a730c46-ee0f-4298-8093-6277af9a8f8e@group-5875A35477B4
2020-06-10 23:32:51,261 [grpc-default-executor-1] INFO  server.GrpcServerProtocolService (GrpcServerProtocolService.java:onCompleted(138)) - 868206e5-f05c-4376-a56d-5589c771f96d: Completed APPEND_ENTRIES, lastRequest: 0a730c46-ee0f-4298-8093-6277af9a8f8e->868206e5-f05c-4376-a56d-5589c771f96d#1-t1, previous=(t:0, i:0), leaderCommit=0, initializing? false, entries: size=1, first=(t:1, i:0), CONFIGURATIONENTRY
2020-06-10 23:32:51,262 [grpc-default-executor-4] INFO  server.GrpcLogAppender (GrpcLogAppender.java:onCompleted(319)) - 0a730c46-ee0f-4298-8093-6277af9a8f8e@group-5875A35477B4->868206e5-f05c-4376-a56d-5589c771f96d-AppendLogResponseHandler: follower responses appendEntries COMPLETED
2020-06-10 23:32:51,267 [Listener at 127.0.0.1/37921] INFO  metrics.RatisMetrics (RatisMetrics.java:unregister(43)) - Unregistering Metrics Registry : ratis.server.0a730c46-ee0f-4298-8093-6277af9a8f8e@group-5875A35477B4
2020-06-10 23:32:51,268 [grpc-default-executor-4] INFO  impl.FollowerInfo (FollowerInfo.java:lambda$new$0(51)) - 0a730c46-ee0f-4298-8093-6277af9a8f8e@group-5875A35477B4->868206e5-f05c-4376-a56d-5589c771f96d: nextIndex: updateUnconditionally 1 -> 0
2020-06-10 23:32:51,269 [0a730c46-ee0f-4298-8093-6277af9a8f8e@group-5875A35477B4-StateMachineUpdater] INFO  ratis.ContainerStateMachine (ContainerStateMachine.java:takeSnapshot(288)) - group-5875A35477B4: Taking a snapshot at:(t:1, i:0) file /github/workspace/mnt/ozone/hadoop-ozone/integration-test/target/test-dir/MiniOzoneClusterImpl-8f60d98f-01ba-4335-ba92-853c1a5e70bb/datanode-3/data/ratis/694f06a8-eccc-44d3-8729-5875a35477b4/sm/snapshot.1_0
2020-06-10 23:32:51,270 [Listener at 127.0.0.1/37921] INFO  impl.StateMachineUpdater (StateMachineUpdater.java:stopAndJoin(142)) - 0a730c46-ee0f-4298-8093-6277af9a8f8e@group-5875A35477B4-StateMachineUpdater: set stopIndex = 0
2020-06-10 23:32:51,272 [ForkJoinPool.commonPool-worker-1] INFO  ozoneimpl.OzoneContainer (OzoneContainer.java:stop(246)) - Attempting to stop container services.
2020-06-10 23:32:51,272 [ForkJoinPool.commonPool-worker-1] INFO  impl.RaftServerProxy (RaftServerProxy.java:lambda$close$4(319)) - c3c497a8-7dd5-4f0b-8431-82df52c157aa: close
2020-06-10 23:32:51,273 [0a730c46-ee0f-4298-8093-6277af9a8f8e@group-5875A35477B4-StateMachineUpdater] INFO  ratis.ContainerStateMachine (ContainerStateMachine.java:takeSnapshot(299)) - group-5875A35477B4: Finished taking a snapshot at:(t:1, i:0) file:/github/workspace/mnt/ozone/hadoop-ozone/integration-test/target/test-dir/MiniOzoneClusterImpl-8f60d98f-01ba-4335-ba92-853c1a5e70bb/datanode-3/data/ratis/694f06a8-eccc-44d3-8729-5875a35477b4/sm/snapshot.1_0 time:3
2020-06-10 23:32:51,273 [0a730c46-ee0f-4298-8093-6277af9a8f8e@group-5875A35477B4-StateMachineUpdater] INFO  impl.StateMachineUpdater (StateMachineUpdater.java:takeSnapshot(277)) - 0a730c46-ee0f-4298-8093-6277af9a8f8e@group-5875A35477B4-StateMachineUpdater: Took a snapshot at index 0
2020-06-10 23:32:51,273 [0a730c46-ee0f-4298-8093-6277af9a8f8e@group-5875A35477B4-StateMachineUpdater] INFO  impl.StateMachineUpdater (StateMachineUpdater.java:lambda$new$0(87)) - 0a730c46-ee0f-4298-8093-6277af9a8f8e@group-5875A35477B4-StateMachineUpdater: snapshotIndex: updateIncreasingly -1 -> 0
2020-06-10 23:32:51,273 [0a730c46-ee0f-4298-8093-6277af9a8f8e@group-5875A35477B4-StateMachineUpdater] INFO  metrics.RatisMetrics (RatisMetrics.java:unregister(43)) - Unregistering Metrics Registry : ratis.state_machine.0a730c46-ee0f-4298-8093-6277af9a8f8e@group-5875A35477B4
2020-06-10 23:32:51,273 [ForkJoinPool.commonPool-worker-1] INFO  impl.RaftServerImpl (RaftServerImpl.java:lambda$shutdown$3(252)) - c3c497a8-7dd5-4f0b-8431-82df52c157aa@group-385C58906CEF: shutdown
2020-06-10 23:32:51,274 [ForkJoinPool.commonPool-worker-1] INFO  util.JmxRegister (JmxRegister.java:unregister(73)) - Successfully un-registered JMX Bean with object name Ratis:service=RaftServer,group=group-385C58906CEF,id=c3c497a8-7dd5-4f0b-8431-82df52c157aa
2020-06-10 23:32:51,274 [ForkJoinPool.commonPool-worker-1] INFO  impl.RoleInfo (RoleInfo.java:shutdownFollowerState(121)) - c3c497a8-7dd5-4f0b-8431-82df52c157aa: shutdown FollowerState
2020-06-10 23:32:51,274 [ForkJoinPool.commonPool-worker-1] INFO  impl.StateMachineUpdater (StateMachineUpdater.java:stopAndJoin(142)) - c3c497a8-7dd5-4f0b-8431-82df52c157aa@group-385C58906CEF-StateMachineUpdater: set stopIndex = 0
2020-06-10 23:32:51,274 [Thread-445] INFO  impl.FollowerState (FollowerState.java:run(117)) - c3c497a8-7dd5-4f0b-8431-82df52c157aa@group-385C58906CEF-FollowerState was interrupted: java.lang.InterruptedException: sleep interrupted
2020-06-10 23:32:51,275 [c3c497a8-7dd5-4f0b-8431-82df52c157aa@group-385C58906CEF-StateMachineUpdater] INFO  ratis.ContainerStateMachine (ContainerStateMachine.java:takeSnapshot(288)) - group-385C58906CEF: Taking a snapshot at:(t:3, i:0) file /github/workspace/mnt/ozone/hadoop-ozone/integration-test/target/test-dir/MiniOzoneClusterImpl-8f60d98f-01ba-4335-ba92-853c1a5e70bb/datanode-2/data/ratis/9e006b21-cea1-48fa-a139-385c58906cef/sm/snapshot.3_0
2020-06-10 23:32:51,275 [c3c497a8-7dd5-4f0b-8431-82df52c157aa@group-385C58906CEF-StateMachineUpdater] INFO  ratis.ContainerStateMachine (ContainerStateMachine.java:takeSnapshot(299)) - group-385C58906CEF: Finished taking a snapshot at:(t:3, i:0) file:/github/workspace/mnt/ozone/hadoop-ozone/integration-test/target/test-dir/MiniOzoneClusterImpl-8f60d98f-01ba-4335-ba92-853c1a5e70bb/datanode-2/data/ratis/9e006b21-cea1-48fa-a139-385c58906cef/sm/snapshot.3_0 time:1
2020-06-10 23:32:51,276 [c3c497a8-7dd5-4f0b-8431-82df52c157aa@group-385C58906CEF-StateMachineUpdater] INFO  impl.StateMachineUpdater (StateMachineUpdater.java:takeSnapshot(277)) - c3c497a8-7dd5-4f0b-8431-82df52c157aa@group-385C58906CEF-StateMachineUpdater: Took a snapshot at index 0
2020-06-10 23:32:51,276 [c3c497a8-7dd5-4f0b-8431-82df52c157aa@group-385C58906CEF-StateMachineUpdater] INFO  impl.StateMachineUpdater (StateMachineUpdater.java:lambda$new$0(87)) - c3c497a8-7dd5-4f0b-8431-82df52c157aa@group-385C58906CEF-StateMachineUpdater: snapshotIndex: updateIncreasingly -1 -> 0
2020-06-10 23:32:51,276 [c3c497a8-7dd5-4f0b-8431-82df52c157aa@group-385C58906CEF-StateMachineUpdater] INFO  metrics.RatisMetrics (RatisMetrics.java:unregister(43)) - Unregistering Metrics Registry : ratis.state_machine.c3c497a8-7dd5-4f0b-8431-82df52c157aa@group-385C58906CEF
2020-06-10 23:32:51,276 [ForkJoinPool.commonPool-worker-1] INFO  impl.RaftServerImpl (ServerState.java:close(387)) - c3c497a8-7dd5-4f0b-8431-82df52c157aa@group-385C58906CEF: closes. applyIndex: 0
2020-06-10 23:32:51,277 [Listener at 127.0.0.1/37921] INFO  impl.RaftServerImpl (ServerState.java:close(387)) - 0a730c46-ee0f-4298-8093-6277af9a8f8e@group-5875A35477B4: closes. applyIndex: 0
2020-06-10 23:32:51,277 [c3c497a8-7dd5-4f0b-8431-82df52c157aa@group-385C58906CEF-SegmentedRaftLogWorker] INFO  segmented.SegmentedRaftLogWorker (SegmentedRaftLogWorker.java:run(327)) - c3c497a8-7dd5-4f0b-8431-82df52c157aa@group-385C58906CEF-SegmentedRaftLogWorker was interrupted, exiting. There are 0 tasks remaining in the queue.
2020-06-10 23:32:51,277 [0a730c46-ee0f-4298-8093-6277af9a8f8e@group-5875A35477B4-SegmentedRaftLogWorker] INFO  segmented.SegmentedRaftLogWorker (SegmentedRaftLogWorker.java:run(327)) - 0a730c46-ee0f-4298-8093-6277af9a8f8e@group-5875A35477B4-SegmentedRaftLogWorker was interrupted, exiting. There are 0 tasks remaining in the queue.
2020-06-10 23:32:51,278 [ForkJoinPool.commonPool-worker-1] INFO  segmented.SegmentedRaftLogWorker (SegmentedRaftLogWorker.java:close(234)) - c3c497a8-7dd5-4f0b-8431-82df52c157aa@group-385C58906CEF-SegmentedRaftLogWorker close()
2020-06-10 23:32:51,278 [Listener at 127.0.0.1/37921] INFO  segmented.SegmentedRaftLogWorker (SegmentedRaftLogWorker.java:close(234)) - 0a730c46-ee0f-4298-8093-6277af9a8f8e@group-5875A35477B4-SegmentedRaftLogWorker close()
2020-06-10 23:32:51,279 [ForkJoinPool.commonPool-worker-1] INFO  metrics.RatisMetrics (RatisMetrics.java:unregister(43)) - Unregistering Metrics Registry : ratis.log_worker.c3c497a8-7dd5-4f0b-8431-82df52c157aa@group-385C58906CEF
2020-06-10 23:32:51,279 [ForkJoinPool.commonPool-worker-1] INFO  metrics.RatisMetrics (RatisMetrics.java:unregister(43)) - Unregistering Metrics Registry : ratis.leader_election.c3c497a8-7dd5-4f0b-8431-82df52c157aa@group-385C58906CEF
2020-06-10 23:32:51,280 [ForkJoinPool.commonPool-worker-1] INFO  metrics.RatisMetrics (RatisMetrics.java:unregister(43)) - Unregistering Metrics Registry : ratis.server.c3c497a8-7dd5-4f0b-8431-82df52c157aa@group-385C58906CEF
2020-06-10 23:32:51,280 [ForkJoinPool.commonPool-worker-1] INFO  impl.RaftServerImpl (RaftServerImpl.java:lambda$shutdown$3(252)) - c3c497a8-7dd5-4f0b-8431-82df52c157aa@group-83253E31AFC1: shutdown
2020-06-10 23:32:51,280 [ForkJoinPool.commonPool-worker-1] INFO  util.JmxRegister (JmxRegister.java:unregister(73)) - Successfully un-registered JMX Bean with object name Ratis:service=RaftServer,group=group-83253E31AFC1,id=c3c497a8-7dd5-4f0b-8431-82df52c157aa
2020-06-10 23:32:51,280 [ForkJoinPool.commonPool-worker-1] INFO  impl.RoleInfo (RoleInfo.java:shutdownLeaderState(104)) - c3c497a8-7dd5-4f0b-8431-82df52c157aa: shutdown LeaderState
2020-06-10 23:32:51,280 [ForkJoinPool.commonPool-worker-1] INFO  impl.PendingRequests (PendingRequests.java:sendNotLeaderResponses(249)) - c3c497a8-7dd5-4f0b-8431-82df52c157aa@group-83253E31AFC1-PendingRequests: sendNotLeaderResponses
2020-06-10 23:32:51,280 [ForkJoinPool.commonPool-worker-1] INFO  metrics.RatisMetrics (RatisMetrics.java:unregister(43)) - Unregistering Metrics Registry : ratis.log_appender.c3c497a8-7dd5-4f0b-8431-82df52c157aa@group-83253E31AFC1
2020-06-10 23:32:51,281 [ForkJoinPool.commonPool-worker-1] INFO  metrics.RatisMetrics (RatisMetrics.java:unregister(43)) - Unregistering Metrics Registry : ratis.server.c3c497a8-7dd5-4f0b-8431-82df52c157aa@group-83253E31AFC1
2020-06-10 23:32:51,281 [ForkJoinPool.commonPool-worker-1] INFO  impl.StateMachineUpdater (StateMachineUpdater.java:stopAndJoin(142)) - c3c497a8-7dd5-4f0b-8431-82df52c157aa@group-83253E31AFC1-StateMachineUpdater: set stopIndex = 0
2020-06-10 23:32:51,281 [c3c497a8-7dd5-4f0b-8431-82df52c157aa@group-83253E31AFC1-StateMachineUpdater] INFO  ratis.ContainerStateMachine (ContainerStateMachine.java:takeSnapshot(288)) - group-83253E31AFC1: Taking a snapshot at:(t:1, i:0) file /github/workspace/mnt/ozone/hadoop-ozone/integration-test/target/test-dir/MiniOzoneClusterImpl-8f60d98f-01ba-4335-ba92-853c1a5e70bb/datanode-2/data/ratis/35c0b9ea-a962-4f56-8b42-83253e31afc1/sm/snapshot.1_0
2020-06-10 23:32:51,282 [Listener at 127.0.0.1/37921] INFO  metrics.RatisMetrics (RatisMetrics.java:unregister(43)) - Unregistering Metrics Registry : ratis.log_worker.0a730c46-ee0f-4298-8093-6277af9a8f8e@group-5875A35477B4
2020-06-10 23:32:51,282 [Listener at 127.0.0.1/37921] INFO  metrics.RatisMetrics (RatisMetrics.java:unregister(43)) - Unregistering Metrics Registry : ratis.leader_election.0a730c46-ee0f-4298-8093-6277af9a8f8e@group-5875A35477B4
2020-06-10 23:32:51,282 [Listener at 127.0.0.1/37921] INFO  metrics.RatisMetrics (RatisMetrics.java:unregister(43)) - Unregistering Metrics Registry : ratis.server.0a730c46-ee0f-4298-8093-6277af9a8f8e@group-5875A35477B4
2020-06-10 23:32:51,282 [Listener at 127.0.0.1/37921] INFO  impl.RaftServerImpl (RaftServerImpl.java:lambda$shutdown$3(252)) - 0a730c46-ee0f-4298-8093-6277af9a8f8e@group-F6C1F47CF009: shutdown
2020-06-10 23:32:51,283 [Listener at 127.0.0.1/37921] INFO  util.JmxRegister (JmxRegister.java:unregister(73)) - Successfully un-registered JMX Bean with object name Ratis:service=RaftServer,group=group-F6C1F47CF009,id=0a730c46-ee0f-4298-8093-6277af9a8f8e
2020-06-10 23:32:51,283 [Listener at 127.0.0.1/37921] INFO  impl.RoleInfo (RoleInfo.java:shutdownFollowerState(121)) - 0a730c46-ee0f-4298-8093-6277af9a8f8e: shutdown FollowerState
2020-06-10 23:32:51,283 [Listener at 127.0.0.1/37921] INFO  impl.StateMachineUpdater (StateMachineUpdater.java:stopAndJoin(142)) - 0a730c46-ee0f-4298-8093-6277af9a8f8e@group-F6C1F47CF009-StateMachineUpdater: set stopIndex = 0
2020-06-10 23:32:51,283 [Thread-350] INFO  impl.FollowerState (FollowerState.java:run(117)) - 0a730c46-ee0f-4298-8093-6277af9a8f8e@group-F6C1F47CF009-FollowerState was interrupted: java.lang.InterruptedException: sleep interrupted
2020-06-10 23:32:51,283 [0a730c46-ee0f-4298-8093-6277af9a8f8e@group-F6C1F47CF009-StateMachineUpdater] INFO  ratis.ContainerStateMachine (ContainerStateMachine.java:takeSnapshot(288)) - group-F6C1F47CF009: Taking a snapshot at:(t:1, i:0) file /github/workspace/mnt/ozone/hadoop-ozone/integration-test/target/test-dir/MiniOzoneClusterImpl-8f60d98f-01ba-4335-ba92-853c1a5e70bb/datanode-3/data/ratis/c8b61c3b-0ddb-42a0-aa57-f6c1f47cf009/sm/snapshot.1_0
2020-06-10 23:32:51,284 [c3c497a8-7dd5-4f0b-8431-82df52c157aa@group-83253E31AFC1-StateMachineUpdater] INFO  ratis.ContainerStateMachine (ContainerStateMachine.java:takeSnapshot(299)) - group-83253E31AFC1: Finished taking a snapshot at:(t:1, i:0) file:/github/workspace/mnt/ozone/hadoop-ozone/integration-test/target/test-dir/MiniOzoneClusterImpl-8f60d98f-01ba-4335-ba92-853c1a5e70bb/datanode-2/data/ratis/35c0b9ea-a962-4f56-8b42-83253e31afc1/sm/snapshot.1_0 time:3
2020-06-10 23:32:51,284 [0a730c46-ee0f-4298-8093-6277af9a8f8e@group-F6C1F47CF009-StateMachineUpdater] INFO  ratis.ContainerStateMachine (ContainerStateMachine.java:takeSnapshot(299)) - group-F6C1F47CF009: Finished taking a snapshot at:(t:1, i:0) file:/github/workspace/mnt/ozone/hadoop-ozone/integration-test/target/test-dir/MiniOzoneClusterImpl-8f60d98f-01ba-4335-ba92-853c1a5e70bb/datanode-3/data/ratis/c8b61c3b-0ddb-42a0-aa57-f6c1f47cf009/sm/snapshot.1_0 time:1
2020-06-10 23:32:51,284 [c3c497a8-7dd5-4f0b-8431-82df52c157aa@group-83253E31AFC1-StateMachineUpdater] INFO  impl.StateMachineUpdater (StateMachineUpdater.java:takeSnapshot(277)) - c3c497a8-7dd5-4f0b-8431-82df52c157aa@group-83253E31AFC1-StateMachineUpdater: Took a snapshot at index 0
2020-06-10 23:32:51,285 [c3c497a8-7dd5-4f0b-8431-82df52c157aa@group-83253E31AFC1-StateMachineUpdater] INFO  impl.StateMachineUpdater (StateMachineUpdater.java:lambda$new$0(87)) - c3c497a8-7dd5-4f0b-8431-82df52c157aa@group-83253E31AFC1-StateMachineUpdater: snapshotIndex: updateIncreasingly -1 -> 0
2020-06-10 23:32:51,285 [0a730c46-ee0f-4298-8093-6277af9a8f8e@group-F6C1F47CF009-StateMachineUpdater] INFO  impl.StateMachineUpdater (StateMachineUpdater.java:takeSnapshot(277)) - 0a730c46-ee0f-4298-8093-6277af9a8f8e@group-F6C1F47CF009-StateMachineUpdater: Took a snapshot at index 0
2020-06-10 23:32:51,285 [c3c497a8-7dd5-4f0b-8431-82df52c157aa@group-83253E31AFC1-StateMachineUpdater] INFO  metrics.RatisMetrics (RatisMetrics.java:unregister(43)) - Unregistering Metrics Registry : ratis.state_machine.c3c497a8-7dd5-4f0b-8431-82df52c157aa@group-83253E31AFC1
2020-06-10 23:32:51,285 [0a730c46-ee0f-4298-8093-6277af9a8f8e@group-F6C1F47CF009-StateMachineUpdater] INFO  impl.StateMachineUpdater (StateMachineUpdater.java:lambda$new$0(87)) - 0a730c46-ee0f-4298-8093-6277af9a8f8e@group-F6C1F47CF009-StateMachineUpdater: snapshotIndex: updateIncreasingly -1 -> 0
2020-06-10 23:32:51,285 [ForkJoinPool.commonPool-worker-1] INFO  impl.RaftServerImpl (ServerState.java:close(387)) - c3c497a8-7dd5-4f0b-8431-82df52c157aa@group-83253E31AFC1: closes. applyIndex: 0
2020-06-10 23:32:51,285 [c3c497a8-7dd5-4f0b-8431-82df52c157aa@group-83253E31AFC1-SegmentedRaftLogWorker] INFO  segmented.SegmentedRaftLogWorker (SegmentedRaftLogWorker.java:run(327)) - c3c497a8-7dd5-4f0b-8431-82df52c157aa@group-83253E31AFC1-SegmentedRaftLogWorker was interrupted, exiting. There are 0 tasks remaining in the queue.
2020-06-10 23:32:51,286 [0a730c46-ee0f-4298-8093-6277af9a8f8e@group-F6C1F47CF009-StateMachineUpdater] INFO  metrics.RatisMetrics (RatisMetrics.java:unregister(43)) - Unregistering Metrics Registry : ratis.state_machine.0a730c46-ee0f-4298-8093-6277af9a8f8e@group-F6C1F47CF009
2020-06-10 23:32:51,286 [Listener at 127.0.0.1/37921] INFO  impl.RaftServerImpl (ServerState.java:close(387)) - 0a730c46-ee0f-4298-8093-6277af9a8f8e@group-F6C1F47CF009: closes. applyIndex: 0
2020-06-10 23:32:51,287 [ForkJoinPool.commonPool-worker-1] INFO  segmented.SegmentedRaftLogWorker (SegmentedRaftLogWorker.java:close(234)) - c3c497a8-7dd5-4f0b-8431-82df52c157aa@group-83253E31AFC1-SegmentedRaftLogWorker close()
2020-06-10 23:32:51,288 [ForkJoinPool.commonPool-worker-1] INFO  metrics.RatisMetrics (RatisMetrics.java:unregister(43)) - Unregistering Metrics Registry : ratis.log_worker.c3c497a8-7dd5-4f0b-8431-82df52c157aa@group-83253E31AFC1
2020-06-10 23:32:51,288 [0a730c46-ee0f-4298-8093-6277af9a8f8e@group-F6C1F47CF009-SegmentedRaftLogWorker] INFO  segmented.SegmentedRaftLogWorker (SegmentedRaftLogWorker.java:run(327)) - 0a730c46-ee0f-4298-8093-6277af9a8f8e@group-F6C1F47CF009-SegmentedRaftLogWorker was interrupted, exiting. There are 0 tasks remaining in the queue.
2020-06-10 23:32:51,289 [ForkJoinPool.commonPool-worker-1] INFO  metrics.RatisMetrics (RatisMetrics.java:unregister(43)) - Unregistering Metrics Registry : ratis.leader_election.c3c497a8-7dd5-4f0b-8431-82df52c157aa@group-83253E31AFC1
2020-06-10 23:32:51,289 [ForkJoinPool.commonPool-worker-1] INFO  metrics.RatisMetrics (RatisMetrics.java:unregister(43)) - Unregistering Metrics Registry : ratis.server.c3c497a8-7dd5-4f0b-8431-82df52c157aa@group-83253E31AFC1
2020-06-10 23:32:51,289 [ForkJoinPool.commonPool-worker-1] INFO  impl.RaftServerImpl (RaftServerImpl.java:lambda$shutdown$3(252)) - c3c497a8-7dd5-4f0b-8431-82df52c157aa@group-349F9BD86EAC: shutdown
2020-06-10 23:32:51,290 [ForkJoinPool.commonPool-worker-1] INFO  util.JmxRegister (JmxRegister.java:unregister(73)) - Successfully un-registered JMX Bean with object name Ratis:service=RaftServer,group=group-349F9BD86EAC,id=c3c497a8-7dd5-4f0b-8431-82df52c157aa
2020-06-10 23:32:51,290 [Listener at 127.0.0.1/37921] INFO  segmented.SegmentedRaftLogWorker (SegmentedRaftLogWorker.java:close(234)) - 0a730c46-ee0f-4298-8093-6277af9a8f8e@group-F6C1F47CF009-SegmentedRaftLogWorker close()
2020-06-10 23:32:51,290 [ForkJoinPool.commonPool-worker-1] INFO  impl.RoleInfo (RoleInfo.java:shutdownFollowerState(121)) - c3c497a8-7dd5-4f0b-8431-82df52c157aa: shutdown FollowerState
2020-06-10 23:32:51,293 [Listener at 127.0.0.1/37921] INFO  metrics.RatisMetrics (RatisMetrics.java:unregister(43)) - Unregistering Metrics Registry : ratis.log_worker.0a730c46-ee0f-4298-8093-6277af9a8f8e@group-F6C1F47CF009
2020-06-10 23:32:51,293 [c3c497a8-7dd5-4f0b-8431-82df52c157aa@group-349F9BD86EAC-StateMachineUpdater] INFO  ratis.ContainerStateMachine (ContainerStateMachine.java:takeSnapshot(288)) - group-349F9BD86EAC: Taking a snapshot at:(t:3, i:15) file /github/workspace/mnt/ozone/hadoop-ozone/integration-test/target/test-dir/MiniOzoneClusterImpl-8f60d98f-01ba-4335-ba92-853c1a5e70bb/datanode-2/data/ratis/0c3dcd96-bd09-4ae5-9fb1-349f9bd86eac/sm/snapshot.3_15
2020-06-10 23:32:51,293 [Thread-381] INFO  impl.FollowerState (FollowerState.java:run(117)) - c3c497a8-7dd5-4f0b-8431-82df52c157aa@group-349F9BD86EAC-FollowerState was interrupted: java.lang.InterruptedException: sleep interrupted
2020-06-10 23:32:51,293 [Listener at 127.0.0.1/37921] INFO  metrics.RatisMetrics (RatisMetrics.java:unregister(43)) - Unregistering Metrics Registry : ratis.leader_election.0a730c46-ee0f-4298-8093-6277af9a8f8e@group-F6C1F47CF009
2020-06-10 23:32:51,293 [Listener at 127.0.0.1/37921] INFO  metrics.RatisMetrics (RatisMetrics.java:unregister(43)) - Unregistering Metrics Registry : ratis.server.0a730c46-ee0f-4298-8093-6277af9a8f8e@group-F6C1F47CF009
2020-06-10 23:32:51,294 [Listener at 127.0.0.1/37921] INFO  impl.RaftServerImpl (RaftServerImpl.java:lambda$shutdown$3(252)) - 0a730c46-ee0f-4298-8093-6277af9a8f8e@group-7537466E5FD3: shutdown
2020-06-10 23:32:51,294 [Listener at 127.0.0.1/37921] INFO  util.JmxRegister (JmxRegister.java:unregister(73)) - Successfully un-registered JMX Bean with object name Ratis:service=RaftServer,group=group-7537466E5FD3,id=0a730c46-ee0f-4298-8093-6277af9a8f8e
2020-06-10 23:32:51,295 [Listener at 127.0.0.1/37921] INFO  impl.RoleInfo (RoleInfo.java:shutdownLeaderState(104)) - 0a730c46-ee0f-4298-8093-6277af9a8f8e: shutdown LeaderState
2020-06-10 23:32:51,295 [Listener at 127.0.0.1/37921] INFO  impl.PendingRequests (PendingRequests.java:sendNotLeaderResponses(249)) - 0a730c46-ee0f-4298-8093-6277af9a8f8e@group-7537466E5FD3-PendingRequests: sendNotLeaderResponses
2020-06-10 23:32:51,295 [Listener at 127.0.0.1/37921] INFO  metrics.RatisMetrics (RatisMetrics.java:unregister(43)) - Unregistering Metrics Registry : ratis.log_appender.0a730c46-ee0f-4298-8093-6277af9a8f8e@group-7537466E5FD3
2020-06-10 23:32:51,295 [Listener at 127.0.0.1/37921] INFO  metrics.RatisMetrics (RatisMetrics.java:unregister(43)) - Unregistering Metrics Registry : ratis.server.0a730c46-ee0f-4298-8093-6277af9a8f8e@group-7537466E5FD3
2020-06-10 23:32:51,296 [Listener at 127.0.0.1/37921] INFO  impl.StateMachineUpdater (StateMachineUpdater.java:stopAndJoin(142)) - 0a730c46-ee0f-4298-8093-6277af9a8f8e@group-7537466E5FD3-StateMachineUpdater: set stopIndex = 0
2020-06-10 23:32:51,294 [c3c497a8-7dd5-4f0b-8431-82df52c157aa@group-349F9BD86EAC-StateMachineUpdater] INFO  ratis.ContainerStateMachine (ContainerStateMachine.java:takeSnapshot(299)) - group-349F9BD86EAC: Finished taking a snapshot at:(t:3, i:15) file:/github/workspace/mnt/ozone/hadoop-ozone/integration-test/target/test-dir/MiniOzoneClusterImpl-8f60d98f-01ba-4335-ba92-853c1a5e70bb/datanode-2/data/ratis/0c3dcd96-bd09-4ae5-9fb1-349f9bd86eac/sm/snapshot.3_15 time:1
2020-06-10 23:32:51,296 [c3c497a8-7dd5-4f0b-8431-82df52c157aa@group-349F9BD86EAC-StateMachineUpdater] INFO  impl.StateMachineUpdater (StateMachineUpdater.java:takeSnapshot(277)) - c3c497a8-7dd5-4f0b-8431-82df52c157aa@group-349F9BD86EAC-StateMachineUpdater: Took a snapshot at index 15
2020-06-10 23:32:51,296 [c3c497a8-7dd5-4f0b-8431-82df52c157aa@group-349F9BD86EAC-StateMachineUpdater] INFO  impl.StateMachineUpdater (StateMachineUpdater.java:lambda$new$0(87)) - c3c497a8-7dd5-4f0b-8431-82df52c157aa@group-349F9BD86EAC-StateMachineUpdater: snapshotIndex: updateIncreasingly -1 -> 15
2020-06-10 23:32:51,296 [c3c497a8-7dd5-4f0b-8431-82df52c157aa@group-349F9BD86EAC-StateMachineUpdater] INFO  metrics.RatisMetrics (RatisMetrics.java:unregister(43)) - Unregistering Metrics Registry : ratis.state_machine.c3c497a8-7dd5-4f0b-8431-82df52c157aa@group-349F9BD86EAC
2020-06-10 23:32:51,293 [ForkJoinPool.commonPool-worker-1] INFO  impl.StateMachineUpdater (StateMachineUpdater.java:stopAndJoin(142)) - c3c497a8-7dd5-4f0b-8431-82df52c157aa@group-349F9BD86EAC-StateMachineUpdater: set stopIndex = 15
2020-06-10 23:32:51,296 [0a730c46-ee0f-4298-8093-6277af9a8f8e@group-7537466E5FD3-StateMachineUpdater] INFO  ratis.ContainerStateMachine (ContainerStateMachine.java:takeSnapshot(288)) - group-7537466E5FD3: Taking a snapshot at:(t:1, i:0) file /github/workspace/mnt/ozone/hadoop-ozone/integration-test/target/test-dir/MiniOzoneClusterImpl-8f60d98f-01ba-4335-ba92-853c1a5e70bb/datanode-3/data/ratis/fb027aba-6a6e-4d18-891e-7537466e5fd3/sm/snapshot.1_0
2020-06-10 23:32:51,297 [ForkJoinPool.commonPool-worker-1] INFO  impl.RaftServerImpl (ServerState.java:close(387)) - c3c497a8-7dd5-4f0b-8431-82df52c157aa@group-349F9BD86EAC: closes. applyIndex: 15
2020-06-10 23:32:51,297 [c3c497a8-7dd5-4f0b-8431-82df52c157aa@group-349F9BD86EAC-SegmentedRaftLogWorker] INFO  segmented.SegmentedRaftLogWorker (SegmentedRaftLogWorker.java:run(327)) - c3c497a8-7dd5-4f0b-8431-82df52c157aa@group-349F9BD86EAC-SegmentedRaftLogWorker was interrupted, exiting. There are 0 tasks remaining in the queue.
2020-06-10 23:32:51,298 [ForkJoinPool.commonPool-worker-1] INFO  segmented.SegmentedRaftLogWorker (SegmentedRaftLogWorker.java:close(234)) - c3c497a8-7dd5-4f0b-8431-82df52c157aa@group-349F9BD86EAC-SegmentedRaftLogWorker close()
2020-06-10 23:32:51,298 [0a730c46-ee0f-4298-8093-6277af9a8f8e@group-7537466E5FD3-StateMachineUpdater] INFO  ratis.ContainerStateMachine (ContainerStateMachine.java:takeSnapshot(299)) - group-7537466E5FD3: Finished taking a snapshot at:(t:1, i:0) file:/github/workspace/mnt/ozone/hadoop-ozone/integration-test/target/test-dir/MiniOzoneClusterImpl-8f60d98f-01ba-4335-ba92-853c1a5e70bb/datanode-3/data/ratis/fb027aba-6a6e-4d18-891e-7537466e5fd3/sm/snapshot.1_0 time:2
2020-06-10 23:32:51,299 [0a730c46-ee0f-4298-8093-6277af9a8f8e@group-7537466E5FD3-StateMachineUpdater] INFO  impl.StateMachineUpdater (StateMachineUpdater.java:takeSnapshot(277)) - 0a730c46-ee0f-4298-8093-6277af9a8f8e@group-7537466E5FD3-StateMachineUpdater: Took a snapshot at index 0
2020-06-10 23:32:51,299 [0a730c46-ee0f-4298-8093-6277af9a8f8e@group-7537466E5FD3-StateMachineUpdater] INFO  impl.StateMachineUpdater (StateMachineUpdater.java:lambda$new$0(87)) - 0a730c46-ee0f-4298-8093-6277af9a8f8e@group-7537466E5FD3-StateMachineUpdater: snapshotIndex: updateIncreasingly -1 -> 0
2020-06-10 23:32:51,299 [0a730c46-ee0f-4298-8093-6277af9a8f8e@group-7537466E5FD3-StateMachineUpdater] INFO  metrics.RatisMetrics (RatisMetrics.java:unregister(43)) - Unregistering Metrics Registry : ratis.state_machine.0a730c46-ee0f-4298-8093-6277af9a8f8e@group-7537466E5FD3
2020-06-10 23:32:51,299 [Listener at 127.0.0.1/37921] INFO  impl.RaftServerImpl (ServerState.java:close(387)) - 0a730c46-ee0f-4298-8093-6277af9a8f8e@group-7537466E5FD3: closes. applyIndex: 0
2020-06-10 23:32:51,300 [0a730c46-ee0f-4298-8093-6277af9a8f8e@group-7537466E5FD3-SegmentedRaftLogWorker] INFO  segmented.SegmentedRaftLogWorker (SegmentedRaftLogWorker.java:run(327)) - 0a730c46-ee0f-4298-8093-6277af9a8f8e@group-7537466E5FD3-SegmentedRaftLogWorker was interrupted, exiting. There are 0 tasks remaining in the queue.
2020-06-10 23:32:51,300 [Listener at 127.0.0.1/37921] INFO  segmented.SegmentedRaftLogWorker (SegmentedRaftLogWorker.java:close(234)) - 0a730c46-ee0f-4298-8093-6277af9a8f8e@group-7537466E5FD3-SegmentedRaftLogWorker close()
2020-06-10 23:32:51,301 [Listener at 127.0.0.1/37921] INFO  metrics.RatisMetrics (RatisMetrics.java:unregister(43)) - Unregistering Metrics Registry : ratis.log_worker.0a730c46-ee0f-4298-8093-6277af9a8f8e@group-7537466E5FD3
2020-06-10 23:32:51,301 [Listener at 127.0.0.1/37921] INFO  metrics.RatisMetrics (RatisMetrics.java:unregister(43)) - Unregistering Metrics Registry : ratis.leader_election.0a730c46-ee0f-4298-8093-6277af9a8f8e@group-7537466E5FD3
2020-06-10 23:32:51,301 [Listener at 127.0.0.1/37921] INFO  metrics.RatisMetrics (RatisMetrics.java:unregister(43)) - Unregistering Metrics Registry : ratis.server.0a730c46-ee0f-4298-8093-6277af9a8f8e@group-7537466E5FD3
2020-06-10 23:32:51,301 [Listener at 127.0.0.1/37921] INFO  server.GrpcService (GrpcService.java:closeImpl(166)) - 0a730c46-ee0f-4298-8093-6277af9a8f8e: shutdown server with port 44173 now
2020-06-10 23:32:51,302 [ForkJoinPool.commonPool-worker-1] INFO  metrics.RatisMetrics (RatisMetrics.java:unregister(43)) - Unregistering Metrics Registry : ratis.log_worker.c3c497a8-7dd5-4f0b-8431-82df52c157aa@group-349F9BD86EAC
2020-06-10 23:32:51,302 [ForkJoinPool.commonPool-worker-1] INFO  metrics.RatisMetrics (RatisMetrics.java:unregister(43)) - Unregistering Metrics Registry : ratis.leader_election.c3c497a8-7dd5-4f0b-8431-82df52c157aa@group-349F9BD86EAC
2020-06-10 23:32:51,302 [ForkJoinPool.commonPool-worker-1] INFO  metrics.RatisMetrics (RatisMetrics.java:unregister(43)) - Unregistering Metrics Registry : ratis.server.c3c497a8-7dd5-4f0b-8431-82df52c157aa@group-349F9BD86EAC
2020-06-10 23:32:51,303 [ForkJoinPool.commonPool-worker-1] INFO  server.GrpcService (GrpcService.java:closeImpl(166)) - c3c497a8-7dd5-4f0b-8431-82df52c157aa: shutdown server with port 43239 now
2020-06-10 23:32:51,302 [Listener at 127.0.0.1/37921] INFO  server.GrpcService (GrpcService.java:closeImpl(174)) - 0a730c46-ee0f-4298-8093-6277af9a8f8e: shutdown server with port 44173 successfully
2020-06-10 23:32:51,305 [ForkJoinPool.commonPool-worker-1] INFO  server.GrpcService (GrpcService.java:closeImpl(174)) - c3c497a8-7dd5-4f0b-8431-82df52c157aa: shutdown server with port 43239 successfully
2020-06-10 23:32:51,305 [grpc-default-executor-1] WARN  server.GrpcLogAppender (LogUtils.java:warn(122)) - b166f10c-c404-4dcb-a087-ba4800654d2c@group-385C58906CEF->c3c497a8-7dd5-4f0b-8431-82df52c157aa-AppendLogResponseHandler: Failed appendEntries: org.apache.ratis.thirdparty.io.grpc.StatusRuntimeException: CANCELLED: HTTP/2 error code: CANCEL
Received Rst Stream
2020-06-10 23:32:51,305 [grpc-default-executor-4] WARN  server.GrpcServerProtocolService (LogUtils.java:warn(122)) - c3c497a8-7dd5-4f0b-8431-82df52c157aa: installSnapshot onError, lastRequest: b166f10c-c404-4dcb-a087-ba4800654d2c->c3c497a8-7dd5-4f0b-8431-82df52c157aa#1-t3, previous=(t:0, i:0), leaderCommit=0, initializing? false, entries: size=1, first=(t:3, i:0), CONFIGURATIONENTRY: org.apache.ratis.thirdparty.io.grpc.StatusRuntimeException: CANCELLED: cancelled before receiving half close
2020-06-10 23:32:51,307 [Listener at 127.0.0.1/37921] INFO  utils.BackgroundService (BackgroundService.java:shutdown(157)) - Shutting down service BlockDeletingService
2020-06-10 23:32:51,309 [grpc-default-executor-1] INFO  impl.FollowerInfo (FollowerInfo.java:lambda$new$0(51)) - b166f10c-c404-4dcb-a087-ba4800654d2c@group-385C58906CEF->c3c497a8-7dd5-4f0b-8431-82df52c157aa: nextIndex: updateUnconditionally 1 -> 0
2020-06-10 23:32:51,315 [Listener at 127.0.0.1/37921] INFO  statemachine.DatanodeStateMachine (DatanodeStateMachine.java:stopDaemon(428)) - Ozone container server stopped.
2020-06-10 23:32:51,315 [Thread-338] INFO  impl.FollowerState (FollowerState.java:run(108)) - 868206e5-f05c-4376-a56d-5589c771f96d@group-F6C1F47CF009-FollowerState: change to CANDIDATE, lastRpcTime:5151ms, electionTimeout:5035ms
2020-06-10 23:32:51,316 [Thread-338] INFO  impl.RoleInfo (RoleInfo.java:shutdownFollowerState(121)) - 868206e5-f05c-4376-a56d-5589c771f96d: shutdown FollowerState
2020-06-10 23:32:51,316 [Thread-338] INFO  impl.RaftServerImpl (RaftServerImpl.java:setRole(175)) - 868206e5-f05c-4376-a56d-5589c771f96d@group-F6C1F47CF009: changes role from  FOLLOWER to CANDIDATE at term 1 for changeToCandidate
2020-06-10 23:32:51,316 [Thread-338] INFO  impl.RoleInfo (RoleInfo.java:updateAndGet(143)) - 868206e5-f05c-4376-a56d-5589c771f96d: start LeaderElection
2020-06-10 23:32:51,317 [ForkJoinPool.commonPool-worker-1] INFO  utils.BackgroundService (BackgroundService.java:shutdown(157)) - Shutting down service BlockDeletingService
2020-06-10 23:32:51,318 [Listener at 127.0.0.1/37921] INFO  handler.ContextHandler (ContextHandler.java:doStop(1016)) - Stopped o.e.j.w.WebAppContext@292cac26{hddsDatanode,/,null,UNAVAILABLE}{jar:file:/home/user/.m2/repository/org/apache/hadoop/hadoop-hdds-container-service/0.6.0-SNAPSHOT/hadoop-hdds-container-service-0.6.0-SNAPSHOT.jar!/webapps/hddsDatanode}
2020-06-10 23:32:51,319 [Listener at 127.0.0.1/37921] INFO  server.AbstractConnector (AbstractConnector.java:doStop(380)) - Stopped ServerConnector@56e5ee6f{HTTP/1.1,[http/1.1]}{0.0.0.0:0}
2020-06-10 23:32:51,319 [Listener at 127.0.0.1/37921] INFO  server.session (HouseKeeper.java:stopScavenging(158)) - node0 Stopped scavenging
2020-06-10 23:32:51,319 [Listener at 127.0.0.1/37921] INFO  handler.ContextHandler (ContextHandler.java:doStop(1016)) - Stopped o.e.j.s.ServletContextHandler@759dd6b1{static,/static,jar:file:/home/user/.m2/repository/org/apache/hadoop/hadoop-hdds-container-service/0.6.0-SNAPSHOT/hadoop-hdds-container-service-0.6.0-SNAPSHOT.jar!/webapps/static,UNAVAILABLE}
2020-06-10 23:32:51,320 [Listener at 127.0.0.1/37921] INFO  handler.ContextHandler (ContextHandler.java:doStop(1016)) - Stopped o.e.j.s.ServletContextHandler@6dc8428f{logs,/logs,file:///github/workspace/mnt/ozone/hadoop-ozone/integration-test/target/log,UNAVAILABLE}
2020-06-10 23:32:51,328 [ForkJoinPool.commonPool-worker-1] INFO  statemachine.DatanodeStateMachine (DatanodeStateMachine.java:stopDaemon(428)) - Ozone container server stopped.
2020-06-10 23:32:51,328 [868206e5-f05c-4376-a56d-5589c771f96d@group-F6C1F47CF009-LeaderElection18] INFO  impl.RaftServerImpl (ServerState.java:setLeader(255)) - 868206e5-f05c-4376-a56d-5589c771f96d@group-F6C1F47CF009: change Leader from e1213966-9098-4efb-a904-a4cb2a6fb33e to null at term 1 for initElection
2020-06-10 23:32:51,331 [868206e5-f05c-4376-a56d-5589c771f96d@group-F6C1F47CF009-LeaderElection18] INFO  impl.LeaderElection (LeaderElection.java:askForVotes(206)) - 868206e5-f05c-4376-a56d-5589c771f96d@group-F6C1F47CF009-LeaderElection18: begin an election at term 2 for 0: [e1213966-9098-4efb-a904-a4cb2a6fb33e:172.17.0.2:36871, 868206e5-f05c-4376-a56d-5589c771f96d:172.17.0.2:37567, 0a730c46-ee0f-4298-8093-6277af9a8f8e:172.17.0.2:44173], old=null
2020-06-10 23:32:51,335 [ForkJoinPool.commonPool-worker-1] INFO  handler.ContextHandler (ContextHandler.java:doStop(1016)) - Stopped o.e.j.w.WebAppContext@73d1c2a3{hddsDatanode,/,null,UNAVAILABLE}{jar:file:/home/user/.m2/repository/org/apache/hadoop/hadoop-hdds-container-service/0.6.0-SNAPSHOT/hadoop-hdds-container-service-0.6.0-SNAPSHOT.jar!/webapps/hddsDatanode}
2020-06-10 23:32:51,336 [ForkJoinPool.commonPool-worker-1] INFO  server.AbstractConnector (AbstractConnector.java:doStop(380)) - Stopped ServerConnector@1e0c11ab{HTTP/1.1,[http/1.1]}{0.0.0.0:0}
2020-06-10 23:32:51,336 [ForkJoinPool.commonPool-worker-1] INFO  server.session (HouseKeeper.java:stopScavenging(158)) - node0 Stopped scavenging
2020-06-10 23:32:51,337 [ForkJoinPool.commonPool-worker-1] INFO  handler.ContextHandler (ContextHandler.java:doStop(1016)) - Stopped o.e.j.s.ServletContextHandler@47c6d08d{static,/static,jar:file:/home/user/.m2/repository/org/apache/hadoop/hadoop-hdds-container-service/0.6.0-SNAPSHOT/hadoop-hdds-container-service-0.6.0-SNAPSHOT.jar!/webapps/static,UNAVAILABLE}
2020-06-10 23:32:51,338 [ForkJoinPool.commonPool-worker-1] INFO  handler.ContextHandler (ContextHandler.java:doStop(1016)) - Stopped o.e.j.s.ServletContextHandler@30ea2e06{logs,/logs,file:///github/workspace/mnt/ozone/hadoop-ozone/integration-test/target/log,UNAVAILABLE}
2020-06-10 23:32:51,348 [868206e5-f05c-4376-a56d-5589c771f96d@group-F6C1F47CF009-LeaderElection18] INFO  impl.LeaderElection (LogUtils.java:infoOrTrace(137)) - 868206e5-f05c-4376-a56d-5589c771f96d@group-F6C1F47CF009-LeaderElection18 got exception when requesting votes: java.util.concurrent.ExecutionException: org.apache.ratis.thirdparty.io.grpc.StatusRuntimeException: UNAVAILABLE: io exception
2020-06-10 23:32:51,350 [868206e5-f05c-4376-a56d-5589c771f96d@group-F6C1F47CF009-LeaderElection18] INFO  impl.LeaderElection (LogUtils.java:infoOrTrace(137)) - 868206e5-f05c-4376-a56d-5589c771f96d@group-F6C1F47CF009-LeaderElection18 got exception when requesting votes: java.util.concurrent.ExecutionException: org.apache.ratis.thirdparty.io.grpc.StatusRuntimeException: UNAVAILABLE: io exception
2020-06-10 23:32:51,350 [868206e5-f05c-4376-a56d-5589c771f96d@group-F6C1F47CF009-LeaderElection18] INFO  impl.LeaderElection (LeaderElection.java:logAndReturn(61)) - 868206e5-f05c-4376-a56d-5589c771f96d@group-F6C1F47CF009-LeaderElection18: Election REJECTED; received 0 response(s) [] and 2 exception(s); 868206e5-f05c-4376-a56d-5589c771f96d@group-F6C1F47CF009:t2, leader=null, voted=868206e5-f05c-4376-a56d-5589c771f96d, raftlog=868206e5-f05c-4376-a56d-5589c771f96d@group-F6C1F47CF009-SegmentedRaftLog:OPENED:c0,f0,i0, conf=0: [e1213966-9098-4efb-a904-a4cb2a6fb33e:172.17.0.2:36871, 868206e5-f05c-4376-a56d-5589c771f96d:172.17.0.2:37567, 0a730c46-ee0f-4298-8093-6277af9a8f8e:172.17.0.2:44173], old=null
2020-06-10 23:32:51,350 [868206e5-f05c-4376-a56d-5589c771f96d@group-F6C1F47CF009-LeaderElection18] INFO  impl.LeaderElection (LogUtils.java:infoOrTrace(137)) -   Exception 0: java.util.concurrent.ExecutionException: org.apache.ratis.thirdparty.io.grpc.StatusRuntimeException: UNAVAILABLE: io exception
2020-06-10 23:32:51,350 [868206e5-f05c-4376-a56d-5589c771f96d@group-F6C1F47CF009-LeaderElection18] INFO  impl.LeaderElection (LogUtils.java:infoOrTrace(137)) -   Exception 1: java.util.concurrent.ExecutionException: org.apache.ratis.thirdparty.io.grpc.StatusRuntimeException: UNAVAILABLE: io exception
2020-06-10 23:32:51,351 [868206e5-f05c-4376-a56d-5589c771f96d@group-F6C1F47CF009-LeaderElection18] INFO  impl.RaftServerImpl (RaftServerImpl.java:setRole(175)) - 868206e5-f05c-4376-a56d-5589c771f96d@group-F6C1F47CF009: changes role from CANDIDATE to FOLLOWER at term 2 for DISCOVERED_A_NEW_TERM
2020-06-10 23:32:51,351 [868206e5-f05c-4376-a56d-5589c771f96d@group-F6C1F47CF009-LeaderElection18] INFO  impl.RoleInfo (RoleInfo.java:shutdownLeaderElection(134)) - 868206e5-f05c-4376-a56d-5589c771f96d: shutdown LeaderElection
2020-06-10 23:32:51,351 [868206e5-f05c-4376-a56d-5589c771f96d@group-F6C1F47CF009-LeaderElection18] INFO  impl.RoleInfo (RoleInfo.java:updateAndGet(143)) - 868206e5-f05c-4376-a56d-5589c771f96d: start FollowerState
2020-06-10 23:32:51,455 [Datanode State Machine Thread - 0] INFO  statemachine.DatanodeStateMachine (DatanodeStateMachine.java:lambda$startDaemon$0(380)) - Ozone container server started.
2020-06-10 23:32:52,178 [Datanode State Machine Thread - 0] INFO  statemachine.DatanodeStateMachine (DatanodeStateMachine.java:lambda$startDaemon$0(380)) - Ozone container server started.
2020-06-10 23:32:53,722 [grpc-default-executor-4] WARN  server.GrpcLogAppender (LogUtils.java:warn(122)) - b166f10c-c404-4dcb-a087-ba4800654d2c@group-385C58906CEF->1aa28a79-6085-416d-8460-1e98e8b061ff-AppendLogResponseHandler: Failed appendEntries: org.apache.ratis.thirdparty.io.grpc.StatusRuntimeException: UNAVAILABLE: io exception
2020-06-10 23:32:53,725 [grpc-default-executor-4] INFO  impl.FollowerInfo (FollowerInfo.java:lambda$new$0(51)) - b166f10c-c404-4dcb-a087-ba4800654d2c@group-385C58906CEF->1aa28a79-6085-416d-8460-1e98e8b061ff: nextIndex: updateUnconditionally 1 -> 0
2020-06-10 23:32:53,745 [grpc-default-executor-1] WARN  server.GrpcLogAppender (LogUtils.java:warn(122)) - b166f10c-c404-4dcb-a087-ba4800654d2c@group-385C58906CEF->c3c497a8-7dd5-4f0b-8431-82df52c157aa-AppendLogResponseHandler: Failed appendEntries: org.apache.ratis.thirdparty.io.grpc.StatusRuntimeException: UNAVAILABLE: io exception
2020-06-10 23:32:53,747 [grpc-default-executor-1] INFO  impl.FollowerInfo (FollowerInfo.java:lambda$new$0(51)) - b166f10c-c404-4dcb-a087-ba4800654d2c@group-385C58906CEF->c3c497a8-7dd5-4f0b-8431-82df52c157aa: nextIndex: updateUnconditionally 1 -> 0
2020-06-10 23:32:55,559 [Thread-380] INFO  impl.FollowerState (FollowerState.java:run(108)) - b166f10c-c404-4dcb-a087-ba4800654d2c@group-349F9BD86EAC-FollowerState: change to CANDIDATE, lastRpcTime:9430ms, electionTimeout:5198ms
2020-06-10 23:32:55,559 [Thread-380] INFO  impl.RoleInfo (RoleInfo.java:shutdownFollowerState(121)) - b166f10c-c404-4dcb-a087-ba4800654d2c: shutdown FollowerState
2020-06-10 23:32:55,559 [Thread-380] INFO  impl.RaftServerImpl (RaftServerImpl.java:setRole(175)) - b166f10c-c404-4dcb-a087-ba4800654d2c@group-349F9BD86EAC: changes role from  FOLLOWER to CANDIDATE at term 3 for changeToCandidate
2020-06-10 23:32:55,559 [Thread-380] INFO  impl.RoleInfo (RoleInfo.java:updateAndGet(143)) - b166f10c-c404-4dcb-a087-ba4800654d2c: start LeaderElection
2020-06-10 23:32:55,561 [b166f10c-c404-4dcb-a087-ba4800654d2c@group-349F9BD86EAC-LeaderElection19] INFO  impl.RaftServerImpl (ServerState.java:setLeader(255)) - b166f10c-c404-4dcb-a087-ba4800654d2c@group-349F9BD86EAC: change Leader from 1aa28a79-6085-416d-8460-1e98e8b061ff to null at term 3 for initElection
2020-06-10 23:32:55,562 [b166f10c-c404-4dcb-a087-ba4800654d2c@group-349F9BD86EAC-LeaderElection19] INFO  impl.LeaderElection (LeaderElection.java:askForVotes(206)) - b166f10c-c404-4dcb-a087-ba4800654d2c@group-349F9BD86EAC-LeaderElection19: begin an election at term 4 for 0: [1aa28a79-6085-416d-8460-1e98e8b061ff:172.17.0.2:39429, b166f10c-c404-4dcb-a087-ba4800654d2c:172.17.0.2:43565, c3c497a8-7dd5-4f0b-8431-82df52c157aa:172.17.0.2:43239], old=null
2020-06-10 23:32:55,568 [b166f10c-c404-4dcb-a087-ba4800654d2c@group-349F9BD86EAC-LeaderElection19] INFO  impl.LeaderElection (LogUtils.java:infoOrTrace(137)) - b166f10c-c404-4dcb-a087-ba4800654d2c@group-349F9BD86EAC-LeaderElection19 got exception when requesting votes: java.util.concurrent.ExecutionException: org.apache.ratis.thirdparty.io.grpc.StatusRuntimeException: UNAVAILABLE: io exception
2020-06-10 23:32:55,571 [b166f10c-c404-4dcb-a087-ba4800654d2c@group-349F9BD86EAC-LeaderElection19] INFO  impl.LeaderElection (LogUtils.java:infoOrTrace(137)) - b166f10c-c404-4dcb-a087-ba4800654d2c@group-349F9BD86EAC-LeaderElection19 got exception when requesting votes: java.util.concurrent.ExecutionException: org.apache.ratis.thirdparty.io.grpc.StatusRuntimeException: UNAVAILABLE: io exception
2020-06-10 23:32:55,571 [b166f10c-c404-4dcb-a087-ba4800654d2c@group-349F9BD86EAC-LeaderElection19] INFO  impl.LeaderElection (LeaderElection.java:logAndReturn(61)) - b166f10c-c404-4dcb-a087-ba4800654d2c@group-349F9BD86EAC-LeaderElection19: Election REJECTED; received 0 response(s) [] and 2 exception(s); b166f10c-c404-4dcb-a087-ba4800654d2c@group-349F9BD86EAC:t4, leader=null, voted=b166f10c-c404-4dcb-a087-ba4800654d2c, raftlog=b166f10c-c404-4dcb-a087-ba4800654d2c@group-349F9BD86EAC-SegmentedRaftLog:OPENED:c15,f15,i15, conf=0: [1aa28a79-6085-416d-8460-1e98e8b061ff:172.17.0.2:39429, b166f10c-c404-4dcb-a087-ba4800654d2c:172.17.0.2:43565, c3c497a8-7dd5-4f0b-8431-82df52c157aa:172.17.0.2:43239], old=null
2020-06-10 23:32:55,571 [b166f10c-c404-4dcb-a087-ba4800654d2c@group-349F9BD86EAC-LeaderElection19] INFO  impl.LeaderElection (LogUtils.java:infoOrTrace(137)) -   Exception 0: java.util.concurrent.ExecutionException: org.apache.ratis.thirdparty.io.grpc.StatusRuntimeException: UNAVAILABLE: io exception
2020-06-10 23:32:55,571 [b166f10c-c404-4dcb-a087-ba4800654d2c@group-349F9BD86EAC-LeaderElection19] INFO  impl.LeaderElection (LogUtils.java:infoOrTrace(137)) -   Exception 1: java.util.concurrent.ExecutionException: org.apache.ratis.thirdparty.io.grpc.StatusRuntimeException: UNAVAILABLE: io exception
2020-06-10 23:32:55,571 [b166f10c-c404-4dcb-a087-ba4800654d2c@group-349F9BD86EAC-LeaderElection19] INFO  impl.RaftServerImpl (RaftServerImpl.java:setRole(175)) - b166f10c-c404-4dcb-a087-ba4800654d2c@group-349F9BD86EAC: changes role from CANDIDATE to FOLLOWER at term 4 for DISCOVERED_A_NEW_TERM
2020-06-10 23:32:55,571 [b166f10c-c404-4dcb-a087-ba4800654d2c@group-349F9BD86EAC-LeaderElection19] INFO  impl.RoleInfo (RoleInfo.java:shutdownLeaderElection(134)) - b166f10c-c404-4dcb-a087-ba4800654d2c: shutdown LeaderElection
2020-06-10 23:32:55,572 [b166f10c-c404-4dcb-a087-ba4800654d2c@group-349F9BD86EAC-LeaderElection19] INFO  impl.RoleInfo (RoleInfo.java:updateAndGet(143)) - b166f10c-c404-4dcb-a087-ba4800654d2c: start FollowerState
2020-06-10 23:32:56,146 [EventQueue-StaleNodeForStaleNodeHandler] INFO  node.StaleNodeHandler (StaleNodeHandler.java:onMessage(58)) - Datanode c3c497a8-7dd5-4f0b-8431-82df52c157aa{ip: 172.17.0.2, host: be5d1cd46157, networkLocation: /default-rack, certSerialId: null} moved to stale state. Finalizing its pipelines [PipelineID=9e006b21-cea1-48fa-a139-385c58906cef, PipelineID=35c0b9ea-a962-4f56-8b42-83253e31afc1, PipelineID=0c3dcd96-bd09-4ae5-9fb1-349f9bd86eac]
2020-06-10 23:32:56,147 [EventQueue-StaleNodeForStaleNodeHandler] INFO  pipeline.SCMPipelineManager (SCMPipelineManager.java:finalizeAndDestroyPipeline(397)) - Destroying pipeline:Pipeline[ Id: 9e006b21-cea1-48fa-a139-385c58906cef, Nodes: b166f10c-c404-4dcb-a087-ba4800654d2c{ip: 172.17.0.2, host: be5d1cd46157, networkLocation: /default-rack, certSerialId: null}1aa28a79-6085-416d-8460-1e98e8b061ff{ip: 172.17.0.2, host: be5d1cd46157, networkLocation: /default-rack, certSerialId: null}c3c497a8-7dd5-4f0b-8431-82df52c157aa{ip: 172.17.0.2, host: be5d1cd46157, networkLocation: /default-rack, certSerialId: null}, Type:RATIS, Factor:THREE, State:CLOSED, leaderId:b166f10c-c404-4dcb-a087-ba4800654d2c, CreationTimestamp2020-06-10T23:32:26.779Z]
2020-06-10 23:32:56,147 [EventQueue-StaleNodeForStaleNodeHandler] INFO  pipeline.SCMPipelineManager (SCMPipelineManager.java:finalizeAndDestroyPipeline(397)) - Destroying pipeline:Pipeline[ Id: 35c0b9ea-a962-4f56-8b42-83253e31afc1, Nodes: c3c497a8-7dd5-4f0b-8431-82df52c157aa{ip: 172.17.0.2, host: be5d1cd46157, networkLocation: /default-rack, certSerialId: null}, Type:RATIS, Factor:ONE, State:OPEN, leaderId:c3c497a8-7dd5-4f0b-8431-82df52c157aa, CreationTimestamp2020-06-10T23:32:26.771Z]
2020-06-10 23:32:56,148 [EventQueue-StaleNodeForStaleNodeHandler] INFO  pipeline.PipelineStateManager (PipelineStateManager.java:finalizePipeline(120)) - Pipeline Pipeline[ Id: 35c0b9ea-a962-4f56-8b42-83253e31afc1, Nodes: c3c497a8-7dd5-4f0b-8431-82df52c157aa{ip: 172.17.0.2, host: be5d1cd46157, networkLocation: /default-rack, certSerialId: null}, Type:RATIS, Factor:ONE, State:CLOSED, leaderId:c3c497a8-7dd5-4f0b-8431-82df52c157aa, CreationTimestamp2020-06-10T23:32:26.771Z] moved to CLOSED state
2020-06-10 23:32:56,148 [EventQueue-StaleNodeForStaleNodeHandler] INFO  pipeline.SCMPipelineManager (SCMPipelineManager.java:finalizeAndDestroyPipeline(397)) - Destroying pipeline:Pipeline[ Id: 0c3dcd96-bd09-4ae5-9fb1-349f9bd86eac, Nodes: b166f10c-c404-4dcb-a087-ba4800654d2c{ip: 172.17.0.2, host: be5d1cd46157, networkLocation: /default-rack, certSerialId: null}1aa28a79-6085-416d-8460-1e98e8b061ff{ip: 172.17.0.2, host: be5d1cd46157, networkLocation: /default-rack, certSerialId: null}c3c497a8-7dd5-4f0b-8431-82df52c157aa{ip: 172.17.0.2, host: be5d1cd46157, networkLocation: /default-rack, certSerialId: null}, Type:RATIS, Factor:THREE, State:CLOSED, leaderId:1aa28a79-6085-416d-8460-1e98e8b061ff, CreationTimestamp2020-06-10T23:32:26.778Z]
2020-06-10 23:32:56,221 [grpc-default-executor-1] WARN  server.GrpcLogAppender (LogUtils.java:warn(122)) - b166f10c-c404-4dcb-a087-ba4800654d2c@group-385C58906CEF->1aa28a79-6085-416d-8460-1e98e8b061ff-AppendLogResponseHandler: Failed appendEntries: org.apache.ratis.thirdparty.io.grpc.StatusRuntimeException: UNAVAILABLE: io exception
2020-06-10 23:32:56,223 [grpc-default-executor-1] INFO  impl.FollowerInfo (FollowerInfo.java:lambda$new$0(51)) - b166f10c-c404-4dcb-a087-ba4800654d2c@group-385C58906CEF->1aa28a79-6085-416d-8460-1e98e8b061ff: nextIndex: updateUnconditionally 1 -> 0
2020-06-10 23:32:56,244 [grpc-default-executor-1] WARN  server.GrpcLogAppender (LogUtils.java:warn(122)) - b166f10c-c404-4dcb-a087-ba4800654d2c@group-385C58906CEF->c3c497a8-7dd5-4f0b-8431-82df52c157aa-AppendLogResponseHandler: Failed appendEntries: org.apache.ratis.thirdparty.io.grpc.StatusRuntimeException: UNAVAILABLE: io exception
2020-06-10 23:32:56,245 [grpc-default-executor-1] INFO  impl.FollowerInfo (FollowerInfo.java:lambda$new$0(51)) - b166f10c-c404-4dcb-a087-ba4800654d2c@group-385C58906CEF->c3c497a8-7dd5-4f0b-8431-82df52c157aa: nextIndex: updateUnconditionally 1 -> 0
2020-06-10 23:32:56,246 [EventQueue-StaleNodeForStaleNodeHandler] INFO  node.StaleNodeHandler (StaleNodeHandler.java:onMessage(58)) - Datanode 0a730c46-ee0f-4298-8093-6277af9a8f8e{ip: 172.17.0.2, host: be5d1cd46157, networkLocation: /default-rack, certSerialId: null} moved to stale state. Finalizing its pipelines [PipelineID=694f06a8-eccc-44d3-8729-5875a35477b4, PipelineID=c8b61c3b-0ddb-42a0-aa57-f6c1f47cf009, PipelineID=fb027aba-6a6e-4d18-891e-7537466e5fd3]
2020-06-10 23:32:56,247 [EventQueue-StaleNodeForStaleNodeHandler] INFO  pipeline.SCMPipelineManager (SCMPipelineManager.java:finalizeAndDestroyPipeline(397)) - Destroying pipeline:Pipeline[ Id: 694f06a8-eccc-44d3-8729-5875a35477b4, Nodes: 0a730c46-ee0f-4298-8093-6277af9a8f8e{ip: 172.17.0.2, host: be5d1cd46157, networkLocation: /default-rack, certSerialId: null}868206e5-f05c-4376-a56d-5589c771f96d{ip: 172.17.0.2, host: be5d1cd46157, networkLocation: /default-rack, certSerialId: null}e1213966-9098-4efb-a904-a4cb2a6fb33e{ip: 172.17.0.2, host: be5d1cd46157, networkLocation: /default-rack, certSerialId: null}, Type:RATIS, Factor:THREE, State:CLOSED, leaderId:0a730c46-ee0f-4298-8093-6277af9a8f8e, CreationTimestamp2020-06-10T23:32:27.116Z]
2020-06-10 23:32:56,247 [EventQueue-StaleNodeForStaleNodeHandler] INFO  pipeline.SCMPipelineManager (SCMPipelineManager.java:finalizeAndDestroyPipeline(397)) - Destroying pipeline:Pipeline[ Id: c8b61c3b-0ddb-42a0-aa57-f6c1f47cf009, Nodes: 0a730c46-ee0f-4298-8093-6277af9a8f8e{ip: 172.17.0.2, host: be5d1cd46157, networkLocation: /default-rack, certSerialId: null}868206e5-f05c-4376-a56d-5589c771f96d{ip: 172.17.0.2, host: be5d1cd46157, networkLocation: /default-rack, certSerialId: null}e1213966-9098-4efb-a904-a4cb2a6fb33e{ip: 172.17.0.2, host: be5d1cd46157, networkLocation: /default-rack, certSerialId: null}, Type:RATIS, Factor:THREE, State:CLOSED, leaderId:e1213966-9098-4efb-a904-a4cb2a6fb33e, CreationTimestamp2020-06-10T23:32:27.117Z]
2020-06-10 23:32:56,247 [EventQueue-StaleNodeForStaleNodeHandler] INFO  pipeline.SCMPipelineManager (SCMPipelineManager.java:finalizeAndDestroyPipeline(397)) - Destroying pipeline:Pipeline[ Id: fb027aba-6a6e-4d18-891e-7537466e5fd3, Nodes: 0a730c46-ee0f-4298-8093-6277af9a8f8e{ip: 172.17.0.2, host: be5d1cd46157, networkLocation: /default-rack, certSerialId: null}, Type:RATIS, Factor:ONE, State:OPEN, leaderId:0a730c46-ee0f-4298-8093-6277af9a8f8e, CreationTimestamp2020-06-10T23:32:26.883Z]
2020-06-10 23:32:56,247 [EventQueue-StaleNodeForStaleNodeHandler] INFO  pipeline.PipelineStateManager (PipelineStateManager.java:finalizePipeline(120)) - Pipeline Pipeline[ Id: fb027aba-6a6e-4d18-891e-7537466e5fd3, Nodes: 0a730c46-ee0f-4298-8093-6277af9a8f8e{ip: 172.17.0.2, host: be5d1cd46157, networkLocation: /default-rack, certSerialId: null}, Type:RATIS, Factor:ONE, State:CLOSED, leaderId:0a730c46-ee0f-4298-8093-6277af9a8f8e, CreationTimestamp2020-06-10T23:32:26.883Z] moved to CLOSED state
2020-06-10 23:32:56,329 [Listener at 127.0.0.1/37921] INFO  ozoneimpl.OzoneContainer (OzoneContainer.java:stop(246)) - Attempting to stop container services.
2020-06-10 23:32:56,330 [Listener at 127.0.0.1/37921] INFO  impl.RaftServerProxy (RaftServerProxy.java:lambda$close$4(319)) - 60999281-18f3-4685-a582-52e660a939f2: close
2020-06-10 23:32:56,330 [Listener at 127.0.0.1/37921] INFO  impl.RaftServerImpl (RaftServerImpl.java:lambda$shutdown$3(252)) - 60999281-18f3-4685-a582-52e660a939f2@group-27B650E4FAAA: shutdown
2020-06-10 23:32:56,330 [Listener at 127.0.0.1/37921] INFO  util.JmxRegister (JmxRegister.java:unregister(73)) - Successfully un-registered JMX Bean with object name Ratis:service=RaftServer,group=group-27B650E4FAAA,id=60999281-18f3-4685-a582-52e660a939f2
2020-06-10 23:32:56,330 [Listener at 127.0.0.1/37921] INFO  impl.RoleInfo (RoleInfo.java:shutdownLeaderState(104)) - 60999281-18f3-4685-a582-52e660a939f2: shutdown LeaderState
2020-06-10 23:32:56,331 [Listener at 127.0.0.1/37921] INFO  impl.PendingRequests (PendingRequests.java:sendNotLeaderResponses(249)) - 60999281-18f3-4685-a582-52e660a939f2@group-27B650E4FAAA-PendingRequests: sendNotLeaderResponses
2020-06-10 23:32:56,331 [Listener at 127.0.0.1/37921] INFO  metrics.RatisMetrics (RatisMetrics.java:unregister(43)) - Unregistering Metrics Registry : ratis.log_appender.60999281-18f3-4685-a582-52e660a939f2@group-27B650E4FAAA
2020-06-10 23:32:56,331 [Listener at 127.0.0.1/37921] INFO  metrics.RatisMetrics (RatisMetrics.java:unregister(43)) - Unregistering Metrics Registry : ratis.server.60999281-18f3-4685-a582-52e660a939f2@group-27B650E4FAAA
2020-06-10 23:32:56,332 [Listener at 127.0.0.1/37921] INFO  impl.StateMachineUpdater (StateMachineUpdater.java:stopAndJoin(142)) - 60999281-18f3-4685-a582-52e660a939f2@group-27B650E4FAAA-StateMachineUpdater: set stopIndex = 0
2020-06-10 23:32:56,332 [60999281-18f3-4685-a582-52e660a939f2@group-27B650E4FAAA-StateMachineUpdater] INFO  ratis.ContainerStateMachine (ContainerStateMachine.java:takeSnapshot(288)) - group-27B650E4FAAA: Taking a snapshot at:(t:1, i:0) file /github/workspace/mnt/ozone/hadoop-ozone/integration-test/target/test-dir/MiniOzoneClusterImpl-8f60d98f-01ba-4335-ba92-853c1a5e70bb/datanode-6/data/ratis/0672b3c2-2119-42ac-b526-27b650e4faaa/sm/snapshot.1_0
2020-06-10 23:32:56,333 [60999281-18f3-4685-a582-52e660a939f2@group-27B650E4FAAA-StateMachineUpdater] INFO  ratis.ContainerStateMachine (ContainerStateMachine.java:takeSnapshot(299)) - group-27B650E4FAAA: Finished taking a snapshot at:(t:1, i:0) file:/github/workspace/mnt/ozone/hadoop-ozone/integration-test/target/test-dir/MiniOzoneClusterImpl-8f60d98f-01ba-4335-ba92-853c1a5e70bb/datanode-6/data/ratis/0672b3c2-2119-42ac-b526-27b650e4faaa/sm/snapshot.1_0 time:1
2020-06-10 23:32:56,333 [60999281-18f3-4685-a582-52e660a939f2@group-27B650E4FAAA-StateMachineUpdater] INFO  impl.StateMachineUpdater (StateMachineUpdater.java:takeSnapshot(277)) - 60999281-18f3-4685-a582-52e660a939f2@group-27B650E4FAAA-StateMachineUpdater: Took a snapshot at index 0
2020-06-10 23:32:56,333 [60999281-18f3-4685-a582-52e660a939f2@group-27B650E4FAAA-StateMachineUpdater] INFO  impl.StateMachineUpdater (StateMachineUpdater.java:lambda$new$0(87)) - 60999281-18f3-4685-a582-52e660a939f2@group-27B650E4FAAA-StateMachineUpdater: snapshotIndex: updateIncreasingly -1 -> 0
2020-06-10 23:32:56,333 [60999281-18f3-4685-a582-52e660a939f2@group-27B650E4FAAA-StateMachineUpdater] INFO  metrics.RatisMetrics (RatisMetrics.java:unregister(43)) - Unregistering Metrics Registry : ratis.state_machine.60999281-18f3-4685-a582-52e660a939f2@group-27B650E4FAAA
2020-06-10 23:32:56,334 [Listener at 127.0.0.1/37921] INFO  impl.RaftServerImpl (ServerState.java:close(387)) - 60999281-18f3-4685-a582-52e660a939f2@group-27B650E4FAAA: closes. applyIndex: 0
2020-06-10 23:32:56,334 [60999281-18f3-4685-a582-52e660a939f2@group-27B650E4FAAA-SegmentedRaftLogWorker] INFO  segmented.SegmentedRaftLogWorker (SegmentedRaftLogWorker.java:run(327)) - 60999281-18f3-4685-a582-52e660a939f2@group-27B650E4FAAA-SegmentedRaftLogWorker was interrupted, exiting. There are 0 tasks remaining in the queue.
2020-06-10 23:32:56,334 [Listener at 127.0.0.1/37921] INFO  segmented.SegmentedRaftLogWorker (SegmentedRaftLogWorker.java:close(234)) - 60999281-18f3-4685-a582-52e660a939f2@group-27B650E4FAAA-SegmentedRaftLogWorker close()
2020-06-10 23:32:56,336 [Listener at 127.0.0.1/37921] INFO  metrics.RatisMetrics (RatisMetrics.java:unregister(43)) - Unregistering Metrics Registry : ratis.log_worker.60999281-18f3-4685-a582-52e660a939f2@group-27B650E4FAAA
2020-06-10 23:32:56,336 [Listener at 127.0.0.1/37921] INFO  metrics.RatisMetrics (RatisMetrics.java:unregister(43)) - Unregistering Metrics Registry : ratis.leader_election.60999281-18f3-4685-a582-52e660a939f2@group-27B650E4FAAA
2020-06-10 23:32:56,336 [Listener at 127.0.0.1/37921] INFO  metrics.RatisMetrics (RatisMetrics.java:unregister(43)) - Unregistering Metrics Registry : ratis.server.60999281-18f3-4685-a582-52e660a939f2@group-27B650E4FAAA
2020-06-10 23:32:56,336 [Listener at 127.0.0.1/37921] INFO  server.GrpcService (GrpcService.java:closeImpl(166)) - 60999281-18f3-4685-a582-52e660a939f2: shutdown server with port 41063 now
2020-06-10 23:32:56,337 [Listener at 127.0.0.1/37921] INFO  server.GrpcService (GrpcService.java:closeImpl(174)) - 60999281-18f3-4685-a582-52e660a939f2: shutdown server with port 41063 successfully
2020-06-10 23:32:56,338 [Listener at 127.0.0.1/37921] INFO  utils.BackgroundService (BackgroundService.java:shutdown(157)) - Shutting down service BlockDeletingService
2020-06-10 23:32:56,340 [ForkJoinPool.commonPool-worker-1] INFO  ozoneimpl.OzoneContainer (OzoneContainer.java:stop(246)) - Attempting to stop container services.
2020-06-10 23:32:56,340 [ForkJoinPool.commonPool-worker-1] INFO  impl.RaftServerProxy (RaftServerProxy.java:lambda$close$4(319)) - b166f10c-c404-4dcb-a087-ba4800654d2c: close
2020-06-10 23:32:56,341 [ForkJoinPool.commonPool-worker-1] INFO  impl.RaftServerImpl (RaftServerImpl.java:lambda$shutdown$3(252)) - b166f10c-c404-4dcb-a087-ba4800654d2c@group-385C58906CEF: shutdown
2020-06-10 23:32:56,341 [ForkJoinPool.commonPool-worker-1] INFO  util.JmxRegister (JmxRegister.java:unregister(73)) - Successfully un-registered JMX Bean with object name Ratis:service=RaftServer,group=group-385C58906CEF,id=b166f10c-c404-4dcb-a087-ba4800654d2c
2020-06-10 23:32:56,341 [ForkJoinPool.commonPool-worker-1] INFO  impl.RoleInfo (RoleInfo.java:shutdownLeaderState(104)) - b166f10c-c404-4dcb-a087-ba4800654d2c: shutdown LeaderState
2020-06-10 23:32:56,341 [ForkJoinPool.commonPool-worker-1] INFO  metrics.RatisMetrics (RatisMetrics.java:unregister(43)) - Unregistering Metrics Registry : ratis_grpc.log_appender.b166f10c-c404-4dcb-a087-ba4800654d2c@group-385C58906CEF
2020-06-10 23:32:56,343 [ForkJoinPool.commonPool-worker-1] INFO  metrics.RatisMetrics (RatisMetrics.java:unregister(43)) - Unregistering Metrics Registry : ratis_grpc.log_appender.b166f10c-c404-4dcb-a087-ba4800654d2c@group-385C58906CEF
2020-06-10 23:32:56,343 [org.apache.ratis.server.impl.LogAppender$AppenderDaemon$$Lambda$465/412739230@17bafbbb] WARN  server.GrpcLogAppender (GrpcLogAppender.java:mayWait(153)) - b166f10c-c404-4dcb-a087-ba4800654d2c@group-385C58906CEF->1aa28a79-6085-416d-8460-1e98e8b061ff-GrpcLogAppender: Wait interrupted by java.lang.InterruptedException
2020-06-10 23:32:56,343 [ForkJoinPool.commonPool-worker-1] INFO  impl.PendingRequests (PendingRequests.java:sendNotLeaderResponses(249)) - b166f10c-c404-4dcb-a087-ba4800654d2c@group-385C58906CEF-PendingRequests: sendNotLeaderResponses
2020-06-10 23:32:56,344 [org.apache.ratis.server.impl.LogAppender$AppenderDaemon$$Lambda$465/412739230@3cba934a] WARN  server.GrpcLogAppender (GrpcLogAppender.java:mayWait(153)) - b166f10c-c404-4dcb-a087-ba4800654d2c@group-385C58906CEF->c3c497a8-7dd5-4f0b-8431-82df52c157aa-GrpcLogAppender: Wait interrupted by java.lang.InterruptedException
2020-06-10 23:32:56,344 [ForkJoinPool.commonPool-worker-1] INFO  metrics.RatisMetrics (RatisMetrics.java:unregister(43)) - Unregistering Metrics Registry : ratis.log_appender.b166f10c-c404-4dcb-a087-ba4800654d2c@group-385C58906CEF
2020-06-10 23:32:56,344 [ForkJoinPool.commonPool-worker-1] INFO  metrics.RatisMetrics (RatisMetrics.java:unregister(43)) - Unregistering Metrics Registry : ratis.server.b166f10c-c404-4dcb-a087-ba4800654d2c@group-385C58906CEF
2020-06-10 23:32:56,345 [ForkJoinPool.commonPool-worker-1] INFO  impl.StateMachineUpdater (StateMachineUpdater.java:stopAndJoin(142)) - b166f10c-c404-4dcb-a087-ba4800654d2c@group-385C58906CEF-StateMachineUpdater: set stopIndex = 0
2020-06-10 23:32:56,345 [b166f10c-c404-4dcb-a087-ba4800654d2c@group-385C58906CEF-StateMachineUpdater] INFO  ratis.ContainerStateMachine (ContainerStateMachine.java:takeSnapshot(288)) - group-385C58906CEF: Taking a snapshot at:(t:3, i:0) file /github/workspace/mnt/ozone/hadoop-ozone/integration-test/target/test-dir/MiniOzoneClusterImpl-8f60d98f-01ba-4335-ba92-853c1a5e70bb/datanode-0/data/ratis/9e006b21-cea1-48fa-a139-385c58906cef/sm/snapshot.3_0
2020-06-10 23:32:56,346 [Listener at 127.0.0.1/37921] INFO  statemachine.DatanodeStateMachine (DatanodeStateMachine.java:stopDaemon(428)) - Ozone container server stopped.
2020-06-10 23:32:56,346 [b166f10c-c404-4dcb-a087-ba4800654d2c@group-385C58906CEF-StateMachineUpdater] INFO  ratis.ContainerStateMachine (ContainerStateMachine.java:takeSnapshot(299)) - group-385C58906CEF: Finished taking a snapshot at:(t:3, i:0) file:/github/workspace/mnt/ozone/hadoop-ozone/integration-test/target/test-dir/MiniOzoneClusterImpl-8f60d98f-01ba-4335-ba92-853c1a5e70bb/datanode-0/data/ratis/9e006b21-cea1-48fa-a139-385c58906cef/sm/snapshot.3_0 time:1
2020-06-10 23:32:56,346 [b166f10c-c404-4dcb-a087-ba4800654d2c@group-385C58906CEF-StateMachineUpdater] INFO  impl.StateMachineUpdater (StateMachineUpdater.java:takeSnapshot(277)) - b166f10c-c404-4dcb-a087-ba4800654d2c@group-385C58906CEF-StateMachineUpdater: Took a snapshot at index 0
2020-06-10 23:32:56,346 [b166f10c-c404-4dcb-a087-ba4800654d2c@group-385C58906CEF-StateMachineUpdater] INFO  impl.StateMachineUpdater (StateMachineUpdater.java:lambda$new$0(87)) - b166f10c-c404-4dcb-a087-ba4800654d2c@group-385C58906CEF-StateMachineUpdater: snapshotIndex: updateIncreasingly -1 -> 0
2020-06-10 23:32:56,346 [b166f10c-c404-4dcb-a087-ba4800654d2c@group-385C58906CEF-StateMachineUpdater] INFO  metrics.RatisMetrics (RatisMetrics.java:unregister(43)) - Unregistering Metrics Registry : ratis.state_machine.b166f10c-c404-4dcb-a087-ba4800654d2c@group-385C58906CEF
2020-06-10 23:32:56,347 [ForkJoinPool.commonPool-worker-1] INFO  impl.RaftServerImpl (ServerState.java:close(387)) - b166f10c-c404-4dcb-a087-ba4800654d2c@group-385C58906CEF: closes. applyIndex: 0
2020-06-10 23:32:56,347 [b166f10c-c404-4dcb-a087-ba4800654d2c@group-385C58906CEF-SegmentedRaftLogWorker] INFO  segmented.SegmentedRaftLogWorker (SegmentedRaftLogWorker.java:run(327)) - b166f10c-c404-4dcb-a087-ba4800654d2c@group-385C58906CEF-SegmentedRaftLogWorker was interrupted, exiting. There are 0 tasks remaining in the queue.
2020-06-10 23:32:56,347 [ForkJoinPool.commonPool-worker-1] INFO  segmented.SegmentedRaftLogWorker (SegmentedRaftLogWorker.java:close(234)) - b166f10c-c404-4dcb-a087-ba4800654d2c@group-385C58906CEF-SegmentedRaftLogWorker close()
2020-06-10 23:32:56,349 [ForkJoinPool.commonPool-worker-1] INFO  metrics.RatisMetrics (RatisMetrics.java:unregister(43)) - Unregistering Metrics Registry : ratis.log_worker.b166f10c-c404-4dcb-a087-ba4800654d2c@group-385C58906CEF
2020-06-10 23:32:56,349 [Listener at 127.0.0.1/37921] INFO  handler.ContextHandler (ContextHandler.java:doStop(1016)) - Stopped o.e.j.w.WebAppContext@11e3e165{hddsDatanode,/,null,UNAVAILABLE}{jar:file:/home/user/.m2/repository/org/apache/hadoop/hadoop-hdds-container-service/0.6.0-SNAPSHOT/hadoop-hdds-container-service-0.6.0-SNAPSHOT.jar!/webapps/hddsDatanode}
2020-06-10 23:32:56,349 [ForkJoinPool.commonPool-worker-1] INFO  metrics.RatisMetrics (RatisMetrics.java:unregister(43)) - Unregistering Metrics Registry : ratis.leader_election.b166f10c-c404-4dcb-a087-ba4800654d2c@group-385C58906CEF
2020-06-10 23:32:56,349 [ForkJoinPool.commonPool-worker-1] INFO  metrics.RatisMetrics (RatisMetrics.java:unregister(43)) - Unregistering Metrics Registry : ratis.server.b166f10c-c404-4dcb-a087-ba4800654d2c@group-385C58906CEF
2020-06-10 23:32:56,350 [ForkJoinPool.commonPool-worker-1] INFO  impl.RaftServerImpl (RaftServerImpl.java:lambda$shutdown$3(252)) - b166f10c-c404-4dcb-a087-ba4800654d2c@group-4D43E2E77A8C: shutdown
2020-06-10 23:32:56,350 [ForkJoinPool.commonPool-worker-1] INFO  util.JmxRegister (JmxRegister.java:unregister(73)) - Successfully un-registered JMX Bean with object name Ratis:service=RaftServer,group=group-4D43E2E77A8C,id=b166f10c-c404-4dcb-a087-ba4800654d2c
2020-06-10 23:32:56,350 [ForkJoinPool.commonPool-worker-1] INFO  impl.RoleInfo (RoleInfo.java:shutdownLeaderState(104)) - b166f10c-c404-4dcb-a087-ba4800654d2c: shutdown LeaderState
2020-06-10 23:32:56,351 [Listener at 127.0.0.1/37921] INFO  server.AbstractConnector (AbstractConnector.java:doStop(380)) - Stopped ServerConnector@11494ec0{HTTP/1.1,[http/1.1]}{0.0.0.0:0}
2020-06-10 23:32:56,351 [Listener at 127.0.0.1/37921] INFO  server.session (HouseKeeper.java:stopScavenging(158)) - node0 Stopped scavenging
2020-06-10 23:32:56,351 [ForkJoinPool.commonPool-worker-1] INFO  impl.PendingRequests (PendingRequests.java:sendNotLeaderResponses(249)) - b166f10c-c404-4dcb-a087-ba4800654d2c@group-4D43E2E77A8C-PendingRequests: sendNotLeaderResponses
2020-06-10 23:32:56,351 [ForkJoinPool.commonPool-worker-1] INFO  metrics.RatisMetrics (RatisMetrics.java:unregister(43)) - Unregistering Metrics Registry : ratis.log_appender.b166f10c-c404-4dcb-a087-ba4800654d2c@group-4D43E2E77A8C
2020-06-10 23:32:56,352 [ForkJoinPool.commonPool-worker-1] INFO  metrics.RatisMetrics (RatisMetrics.java:unregister(43)) - Unregistering Metrics Registry : ratis.server.b166f10c-c404-4dcb-a087-ba4800654d2c@group-4D43E2E77A8C
2020-06-10 23:32:56,352 [ForkJoinPool.commonPool-worker-1] INFO  impl.StateMachineUpdater (StateMachineUpdater.java:stopAndJoin(142)) - b166f10c-c404-4dcb-a087-ba4800654d2c@group-4D43E2E77A8C-StateMachineUpdater: set stopIndex = 0
2020-06-10 23:32:56,352 [b166f10c-c404-4dcb-a087-ba4800654d2c@group-4D43E2E77A8C-StateMachineUpdater] INFO  ratis.ContainerStateMachine (ContainerStateMachine.java:takeSnapshot(288)) - group-4D43E2E77A8C: Taking a snapshot at:(t:1, i:0) file /github/workspace/mnt/ozone/hadoop-ozone/integration-test/target/test-dir/MiniOzoneClusterImpl-8f60d98f-01ba-4335-ba92-853c1a5e70bb/datanode-0/data/ratis/d1eb9c1a-1468-40e1-8d6d-4d43e2e77a8c/sm/snapshot.1_0
2020-06-10 23:32:56,353 [b166f10c-c404-4dcb-a087-ba4800654d2c@group-4D43E2E77A8C-StateMachineUpdater] INFO  ratis.ContainerStateMachine (ContainerStateMachine.java:takeSnapshot(299)) - group-4D43E2E77A8C: Finished taking a snapshot at:(t:1, i:0) file:/github/workspace/mnt/ozone/hadoop-ozone/integration-test/target/test-dir/MiniOzoneClusterImpl-8f60d98f-01ba-4335-ba92-853c1a5e70bb/datanode-0/data/ratis/d1eb9c1a-1468-40e1-8d6d-4d43e2e77a8c/sm/snapshot.1_0 time:1
2020-06-10 23:32:56,353 [b166f10c-c404-4dcb-a087-ba4800654d2c@group-4D43E2E77A8C-StateMachineUpdater] INFO  impl.StateMachineUpdater (StateMachineUpdater.java:takeSnapshot(277)) - b166f10c-c404-4dcb-a087-ba4800654d2c@group-4D43E2E77A8C-StateMachineUpdater: Took a snapshot at index 0
2020-06-10 23:32:56,353 [b166f10c-c404-4dcb-a087-ba4800654d2c@group-4D43E2E77A8C-StateMachineUpdater] INFO  impl.StateMachineUpdater (StateMachineUpdater.java:lambda$new$0(87)) - b166f10c-c404-4dcb-a087-ba4800654d2c@group-4D43E2E77A8C-StateMachineUpdater: snapshotIndex: updateIncreasingly -1 -> 0
2020-06-10 23:32:56,353 [b166f10c-c404-4dcb-a087-ba4800654d2c@group-4D43E2E77A8C-StateMachineUpdater] INFO  metrics.RatisMetrics (RatisMetrics.java:unregister(43)) - Unregistering Metrics Registry : ratis.state_machine.b166f10c-c404-4dcb-a087-ba4800654d2c@group-4D43E2E77A8C
2020-06-10 23:32:56,354 [ForkJoinPool.commonPool-worker-1] INFO  impl.RaftServerImpl (ServerState.java:close(387)) - b166f10c-c404-4dcb-a087-ba4800654d2c@group-4D43E2E77A8C: closes. applyIndex: 0
2020-06-10 23:32:56,354 [b166f10c-c404-4dcb-a087-ba4800654d2c@group-4D43E2E77A8C-SegmentedRaftLogWorker] INFO  segmented.SegmentedRaftLogWorker (SegmentedRaftLogWorker.java:run(327)) - b166f10c-c404-4dcb-a087-ba4800654d2c@group-4D43E2E77A8C-SegmentedRaftLogWorker was interrupted, exiting. There are 0 tasks remaining in the queue.
2020-06-10 23:32:56,351 [Listener at 127.0.0.1/37921] INFO  handler.ContextHandler (ContextHandler.java:doStop(1016)) - Stopped o.e.j.s.ServletContextHandler@16c19074{static,/static,jar:file:/home/user/.m2/repository/org/apache/hadoop/hadoop-hdds-container-service/0.6.0-SNAPSHOT/hadoop-hdds-container-service-0.6.0-SNAPSHOT.jar!/webapps/static,UNAVAILABLE}
2020-06-10 23:32:56,354 [ForkJoinPool.commonPool-worker-1] INFO  segmented.SegmentedRaftLogWorker (SegmentedRaftLogWorker.java:close(234)) - b166f10c-c404-4dcb-a087-ba4800654d2c@group-4D43E2E77A8C-SegmentedRaftLogWorker close()
2020-06-10 23:32:56,355 [Listener at 127.0.0.1/37921] INFO  handler.ContextHandler (ContextHandler.java:doStop(1016)) - Stopped o.e.j.s.ServletContextHandler@336af071{logs,/logs,file:///github/workspace/mnt/ozone/hadoop-ozone/integration-test/target/log,UNAVAILABLE}
2020-06-10 23:32:56,355 [ForkJoinPool.commonPool-worker-1] INFO  metrics.RatisMetrics (RatisMetrics.java:unregister(43)) - Unregistering Metrics Registry : ratis.log_worker.b166f10c-c404-4dcb-a087-ba4800654d2c@group-4D43E2E77A8C
2020-06-10 23:32:56,356 [ForkJoinPool.commonPool-worker-1] INFO  metrics.RatisMetrics (RatisMetrics.java:unregister(43)) - Unregistering Metrics Registry : ratis.leader_election.b166f10c-c404-4dcb-a087-ba4800654d2c@group-4D43E2E77A8C
2020-06-10 23:32:56,356 [ForkJoinPool.commonPool-worker-1] INFO  metrics.RatisMetrics (RatisMetrics.java:unregister(43)) - Unregistering Metrics Registry : ratis.server.b166f10c-c404-4dcb-a087-ba4800654d2c@group-4D43E2E77A8C
2020-06-10 23:32:56,357 [ForkJoinPool.commonPool-worker-1] INFO  impl.RaftServerImpl (RaftServerImpl.java:lambda$shutdown$3(252)) - b166f10c-c404-4dcb-a087-ba4800654d2c@group-349F9BD86EAC: shutdown
2020-06-10 23:32:56,357 [ForkJoinPool.commonPool-worker-1] INFO  util.JmxRegister (JmxRegister.java:unregister(73)) - Successfully un-registered JMX Bean with object name Ratis:service=RaftServer,group=group-349F9BD86EAC,id=b166f10c-c404-4dcb-a087-ba4800654d2c
2020-06-10 23:32:56,357 [ForkJoinPool.commonPool-worker-1] INFO  impl.RoleInfo (RoleInfo.java:shutdownFollowerState(121)) - b166f10c-c404-4dcb-a087-ba4800654d2c: shutdown FollowerState
2020-06-10 23:32:56,357 [Thread-480] INFO  impl.FollowerState (FollowerState.java:run(117)) - b166f10c-c404-4dcb-a087-ba4800654d2c@group-349F9BD86EAC-FollowerState was interrupted: java.lang.InterruptedException: sleep interrupted
2020-06-10 23:32:56,357 [b166f10c-c404-4dcb-a087-ba4800654d2c@group-349F9BD86EAC-StateMachineUpdater] INFO  ratis.ContainerStateMachine (ContainerStateMachine.java:takeSnapshot(288)) - group-349F9BD86EAC: Taking a snapshot at:(t:3, i:15) file /github/workspace/mnt/ozone/hadoop-ozone/integration-test/target/test-dir/MiniOzoneClusterImpl-8f60d98f-01ba-4335-ba92-853c1a5e70bb/datanode-0/data/ratis/0c3dcd96-bd09-4ae5-9fb1-349f9bd86eac/sm/snapshot.3_15
2020-06-10 23:32:56,358 [ForkJoinPool.commonPool-worker-1] INFO  impl.StateMachineUpdater (StateMachineUpdater.java:stopAndJoin(142)) - b166f10c-c404-4dcb-a087-ba4800654d2c@group-349F9BD86EAC-StateMachineUpdater: set stopIndex = 15
2020-06-10 23:32:56,358 [b166f10c-c404-4dcb-a087-ba4800654d2c@group-349F9BD86EAC-StateMachineUpdater] INFO  ratis.ContainerStateMachine (ContainerStateMachine.java:takeSnapshot(299)) - group-349F9BD86EAC: Finished taking a snapshot at:(t:3, i:15) file:/github/workspace/mnt/ozone/hadoop-ozone/integration-test/target/test-dir/MiniOzoneClusterImpl-8f60d98f-01ba-4335-ba92-853c1a5e70bb/datanode-0/data/ratis/0c3dcd96-bd09-4ae5-9fb1-349f9bd86eac/sm/snapshot.3_15 time:1
2020-06-10 23:32:56,359 [b166f10c-c404-4dcb-a087-ba4800654d2c@group-349F9BD86EAC-StateMachineUpdater] INFO  impl.StateMachineUpdater (StateMachineUpdater.java:takeSnapshot(277)) - b166f10c-c404-4dcb-a087-ba4800654d2c@group-349F9BD86EAC-StateMachineUpdater: Took a snapshot at index 15
2020-06-10 23:32:56,359 [b166f10c-c404-4dcb-a087-ba4800654d2c@group-349F9BD86EAC-StateMachineUpdater] INFO  impl.StateMachineUpdater (StateMachineUpdater.java:lambda$new$0(87)) - b166f10c-c404-4dcb-a087-ba4800654d2c@group-349F9BD86EAC-StateMachineUpdater: snapshotIndex: updateIncreasingly -1 -> 15
2020-06-10 23:32:56,359 [b166f10c-c404-4dcb-a087-ba4800654d2c@group-349F9BD86EAC-StateMachineUpdater] INFO  metrics.RatisMetrics (RatisMetrics.java:unregister(43)) - Unregistering Metrics Registry : ratis.state_machine.b166f10c-c404-4dcb-a087-ba4800654d2c@group-349F9BD86EAC
2020-06-10 23:32:56,359 [ForkJoinPool.commonPool-worker-1] INFO  impl.RaftServerImpl (ServerState.java:close(387)) - b166f10c-c404-4dcb-a087-ba4800654d2c@group-349F9BD86EAC: closes. applyIndex: 15
2020-06-10 23:32:56,359 [b166f10c-c404-4dcb-a087-ba4800654d2c@group-349F9BD86EAC-SegmentedRaftLogWorker] INFO  segmented.SegmentedRaftLogWorker (SegmentedRaftLogWorker.java:run(327)) - b166f10c-c404-4dcb-a087-ba4800654d2c@group-349F9BD86EAC-SegmentedRaftLogWorker was interrupted, exiting. There are 0 tasks remaining in the queue.
2020-06-10 23:32:56,360 [ForkJoinPool.commonPool-worker-1] INFO  segmented.SegmentedRaftLogWorker (SegmentedRaftLogWorker.java:close(234)) - b166f10c-c404-4dcb-a087-ba4800654d2c@group-349F9BD86EAC-SegmentedRaftLogWorker close()
2020-06-10 23:32:56,360 [ForkJoinPool.commonPool-worker-1] INFO  metrics.RatisMetrics (RatisMetrics.java:unregister(43)) - Unregistering Metrics Registry : ratis.log_worker.b166f10c-c404-4dcb-a087-ba4800654d2c@group-349F9BD86EAC
2020-06-10 23:32:56,360 [ForkJoinPool.commonPool-worker-1] INFO  metrics.RatisMetrics (RatisMetrics.java:unregister(43)) - Unregistering Metrics Registry : ratis.leader_election.b166f10c-c404-4dcb-a087-ba4800654d2c@group-349F9BD86EAC
2020-06-10 23:32:56,361 [ForkJoinPool.commonPool-worker-1] INFO  metrics.RatisMetrics (RatisMetrics.java:unregister(43)) - Unregistering Metrics Registry : ratis.server.b166f10c-c404-4dcb-a087-ba4800654d2c@group-349F9BD86EAC
2020-06-10 23:32:56,361 [ForkJoinPool.commonPool-worker-1] INFO  server.GrpcService (GrpcService.java:closeImpl(166)) - b166f10c-c404-4dcb-a087-ba4800654d2c: shutdown server with port 43565 now
2020-06-10 23:32:56,361 [ForkJoinPool.commonPool-worker-1] INFO  server.GrpcService (GrpcService.java:closeImpl(174)) - b166f10c-c404-4dcb-a087-ba4800654d2c: shutdown server with port 43565 successfully
2020-06-10 23:32:56,364 [ForkJoinPool.commonPool-worker-1] INFO  utils.BackgroundService (BackgroundService.java:shutdown(157)) - Shutting down service BlockDeletingService
2020-06-10 23:32:56,365 [ForkJoinPool.commonPool-worker-1] INFO  statemachine.DatanodeStateMachine (DatanodeStateMachine.java:stopDaemon(428)) - Ozone container server stopped.
2020-06-10 23:32:56,367 [ForkJoinPool.commonPool-worker-1] INFO  handler.ContextHandler (ContextHandler.java:doStop(1016)) - Stopped o.e.j.w.WebAppContext@5139a2a2{hddsDatanode,/,null,UNAVAILABLE}{jar:file:/home/user/.m2/repository/org/apache/hadoop/hadoop-hdds-container-service/0.6.0-SNAPSHOT/hadoop-hdds-container-service-0.6.0-SNAPSHOT.jar!/webapps/hddsDatanode}
2020-06-10 23:32:56,368 [ForkJoinPool.commonPool-worker-1] INFO  server.AbstractConnector (AbstractConnector.java:doStop(380)) - Stopped ServerConnector@4903d738{HTTP/1.1,[http/1.1]}{0.0.0.0:0}
2020-06-10 23:32:56,368 [ForkJoinPool.commonPool-worker-1] INFO  server.session (HouseKeeper.java:stopScavenging(158)) - node0 Stopped scavenging
2020-06-10 23:32:56,369 [ForkJoinPool.commonPool-worker-1] INFO  handler.ContextHandler (ContextHandler.java:doStop(1016)) - Stopped o.e.j.s.ServletContextHandler@6fb711cc{static,/static,jar:file:/home/user/.m2/repository/org/apache/hadoop/hadoop-hdds-container-service/0.6.0-SNAPSHOT/hadoop-hdds-container-service-0.6.0-SNAPSHOT.jar!/webapps/static,UNAVAILABLE}
2020-06-10 23:32:56,371 [ForkJoinPool.commonPool-worker-1] INFO  handler.ContextHandler (ContextHandler.java:doStop(1016)) - Stopped o.e.j.s.ServletContextHandler@2156dea8{logs,/logs,file:///github/workspace/mnt/ozone/hadoop-ozone/integration-test/target/log,UNAVAILABLE}
2020-06-10 23:32:56,453 [Datanode State Machine Thread - 0] INFO  statemachine.DatanodeStateMachine (DatanodeStateMachine.java:lambda$startDaemon$0(380)) - Ozone container server started.
2020-06-10 23:32:56,476 [Thread-476] INFO  impl.FollowerState (FollowerState.java:run(108)) - 868206e5-f05c-4376-a56d-5589c771f96d@group-F6C1F47CF009-FollowerState: change to CANDIDATE, lastRpcTime:5125ms, electionTimeout:5125ms
2020-06-10 23:32:56,476 [Thread-476] INFO  impl.RoleInfo (RoleInfo.java:shutdownFollowerState(121)) - 868206e5-f05c-4376-a56d-5589c771f96d: shutdown FollowerState
2020-06-10 23:32:56,477 [Thread-476] INFO  impl.RaftServerImpl (RaftServerImpl.java:setRole(175)) - 868206e5-f05c-4376-a56d-5589c771f96d@group-F6C1F47CF009: changes role from  FOLLOWER to CANDIDATE at term 2 for changeToCandidate
2020-06-10 23:32:56,477 [Thread-476] INFO  impl.RoleInfo (RoleInfo.java:updateAndGet(143)) - 868206e5-f05c-4376-a56d-5589c771f96d: start LeaderElection
2020-06-10 23:32:56,479 [868206e5-f05c-4376-a56d-5589c771f96d@group-F6C1F47CF009-LeaderElection20] INFO  impl.LeaderElection (LeaderElection.java:askForVotes(206)) - 868206e5-f05c-4376-a56d-5589c771f96d@group-F6C1F47CF009-LeaderElection20: begin an election at term 3 for 0: [e1213966-9098-4efb-a904-a4cb2a6fb33e:172.17.0.2:36871, 868206e5-f05c-4376-a56d-5589c771f96d:172.17.0.2:37567, 0a730c46-ee0f-4298-8093-6277af9a8f8e:172.17.0.2:44173], old=null
2020-06-10 23:32:56,479 [868206e5-f05c-4376-a56d-5589c771f96d@group-F6C1F47CF009-LeaderElection20] INFO  impl.LeaderElection (LogUtils.java:infoOrTrace(137)) - 868206e5-f05c-4376-a56d-5589c771f96d@group-F6C1F47CF009-LeaderElection20 got exception when requesting votes: java.util.concurrent.ExecutionException: org.apache.ratis.thirdparty.io.grpc.StatusRuntimeException: UNAVAILABLE: io exception
2020-06-10 23:32:56,480 [868206e5-f05c-4376-a56d-5589c771f96d@group-F6C1F47CF009-LeaderElection20] INFO  impl.LeaderElection (LogUtils.java:infoOrTrace(137)) - 868206e5-f05c-4376-a56d-5589c771f96d@group-F6C1F47CF009-LeaderElection20 got exception when requesting votes: java.util.concurrent.ExecutionException: org.apache.ratis.thirdparty.io.grpc.StatusRuntimeException: UNAVAILABLE: io exception
2020-06-10 23:32:56,480 [868206e5-f05c-4376-a56d-5589c771f96d@group-F6C1F47CF009-LeaderElection20] INFO  impl.LeaderElection (LeaderElection.java:logAndReturn(61)) - 868206e5-f05c-4376-a56d-5589c771f96d@group-F6C1F47CF009-LeaderElection20: Election REJECTED; received 0 response(s) [] and 2 exception(s); 868206e5-f05c-4376-a56d-5589c771f96d@group-F6C1F47CF009:t3, leader=null, voted=868206e5-f05c-4376-a56d-5589c771f96d, raftlog=868206e5-f05c-4376-a56d-5589c771f96d@group-F6C1F47CF009-SegmentedRaftLog:OPENED:c0,f0,i0, conf=0: [e1213966-9098-4efb-a904-a4cb2a6fb33e:172.17.0.2:36871, 868206e5-f05c-4376-a56d-5589c771f96d:172.17.0.2:37567, 0a730c46-ee0f-4298-8093-6277af9a8f8e:172.17.0.2:44173], old=null
2020-06-10 23:32:56,480 [868206e5-f05c-4376-a56d-5589c771f96d@group-F6C1F47CF009-LeaderElection20] INFO  impl.LeaderElection (LogUtils.java:infoOrTrace(137)) -   Exception 0: java.util.concurrent.ExecutionException: org.apache.ratis.thirdparty.io.grpc.StatusRuntimeException: UNAVAILABLE: io exception
2020-06-10 23:32:56,480 [868206e5-f05c-4376-a56d-5589c771f96d@group-F6C1F47CF009-LeaderElection20] INFO  impl.LeaderElection (LogUtils.java:infoOrTrace(137)) -   Exception 1: java.util.concurrent.ExecutionException: org.apache.ratis.thirdparty.io.grpc.StatusRuntimeException: UNAVAILABLE: io exception
2020-06-10 23:32:56,480 [868206e5-f05c-4376-a56d-5589c771f96d@group-F6C1F47CF009-LeaderElection20] INFO  impl.RaftServerImpl (RaftServerImpl.java:setRole(175)) - 868206e5-f05c-4376-a56d-5589c771f96d@group-F6C1F47CF009: changes role from CANDIDATE to FOLLOWER at term 3 for DISCOVERED_A_NEW_TERM
2020-06-10 23:32:56,480 [868206e5-f05c-4376-a56d-5589c771f96d@group-F6C1F47CF009-LeaderElection20] INFO  impl.RoleInfo (RoleInfo.java:shutdownLeaderElection(134)) - 868206e5-f05c-4376-a56d-5589c771f96d: shutdown LeaderElection
2020-06-10 23:32:56,480 [868206e5-f05c-4376-a56d-5589c771f96d@group-F6C1F47CF009-LeaderElection20] INFO  impl.RoleInfo (RoleInfo.java:updateAndGet(143)) - 868206e5-f05c-4376-a56d-5589c771f96d: start FollowerState
2020-06-10 23:33:00,553 [EventQueue-StaleNodeForStaleNodeHandler] INFO  node.StaleNodeHandler (StaleNodeHandler.java:onMessage(58)) - Datanode 60999281-18f3-4685-a582-52e660a939f2{ip: 172.17.0.2, host: be5d1cd46157, networkLocation: /default-rack, certSerialId: null} moved to stale state. Finalizing its pipelines [PipelineID=0672b3c2-2119-42ac-b526-27b650e4faaa]
2020-06-10 23:33:00,554 [EventQueue-StaleNodeForStaleNodeHandler] INFO  pipeline.SCMPipelineManager (SCMPipelineManager.java:finalizeAndDestroyPipeline(397)) - Destroying pipeline:Pipeline[ Id: 0672b3c2-2119-42ac-b526-27b650e4faaa, Nodes: 60999281-18f3-4685-a582-52e660a939f2{ip: 172.17.0.2, host: be5d1cd46157, networkLocation: /default-rack, certSerialId: null}, Type:RATIS, Factor:ONE, State:OPEN, leaderId:60999281-18f3-4685-a582-52e660a939f2, CreationTimestamp2020-06-10T23:32:27.169Z]
2020-06-10 23:33:00,555 [EventQueue-StaleNodeForStaleNodeHandler] INFO  pipeline.PipelineStateManager (PipelineStateManager.java:finalizePipeline(120)) - Pipeline Pipeline[ Id: 0672b3c2-2119-42ac-b526-27b650e4faaa, Nodes: 60999281-18f3-4685-a582-52e660a939f2{ip: 172.17.0.2, host: be5d1cd46157, networkLocation: /default-rack, certSerialId: null}, Type:RATIS, Factor:ONE, State:CLOSED, leaderId:60999281-18f3-4685-a582-52e660a939f2, CreationTimestamp2020-06-10T23:32:27.169Z] moved to CLOSED state
2020-06-10 23:33:00,692 [Thread-318] INFO  impl.FollowerState (FollowerState.java:run(108)) - 868206e5-f05c-4376-a56d-5589c771f96d@group-5875A35477B4-FollowerState: change to CANDIDATE, lastRpcTime:10149ms, electionTimeout:5116ms
2020-06-10 23:33:00,692 [Thread-318] INFO  impl.RoleInfo (RoleInfo.java:shutdownFollowerState(121)) - 868206e5-f05c-4376-a56d-5589c771f96d: shutdown FollowerState
2020-06-10 23:33:00,692 [Thread-318] INFO  impl.RaftServerImpl (RaftServerImpl.java:setRole(175)) - 868206e5-f05c-4376-a56d-5589c771f96d@group-5875A35477B4: changes role from  FOLLOWER to CANDIDATE at term 1 for changeToCandidate
2020-06-10 23:33:00,692 [Thread-318] INFO  impl.RoleInfo (RoleInfo.java:updateAndGet(143)) - 868206e5-f05c-4376-a56d-5589c771f96d: start LeaderElection
2020-06-10 23:33:00,693 [868206e5-f05c-4376-a56d-5589c771f96d@group-5875A35477B4-LeaderElection21] INFO  impl.RaftServerImpl (ServerState.java:setLeader(255)) - 868206e5-f05c-4376-a56d-5589c771f96d@group-5875A35477B4: change Leader from 0a730c46-ee0f-4298-8093-6277af9a8f8e to null at term 1 for initElection
2020-06-10 23:33:00,694 [868206e5-f05c-4376-a56d-5589c771f96d@group-5875A35477B4-LeaderElection21] INFO  impl.LeaderElection (LeaderElection.java:askForVotes(206)) - 868206e5-f05c-4376-a56d-5589c771f96d@group-5875A35477B4-LeaderElection21: begin an election at term 2 for 0: [e1213966-9098-4efb-a904-a4cb2a6fb33e:172.17.0.2:36871, 868206e5-f05c-4376-a56d-5589c771f96d:172.17.0.2:37567, 0a730c46-ee0f-4298-8093-6277af9a8f8e:172.17.0.2:44173], old=null
2020-06-10 23:33:00,695 [868206e5-f05c-4376-a56d-5589c771f96d@group-5875A35477B4-LeaderElection21] INFO  impl.LeaderElection (LogUtils.java:infoOrTrace(137)) - 868206e5-f05c-4376-a56d-5589c771f96d@group-5875A35477B4-LeaderElection21 got exception when requesting votes: java.util.concurrent.ExecutionException: org.apache.ratis.thirdparty.io.grpc.StatusRuntimeException: UNAVAILABLE: io exception
2020-06-10 23:33:00,695 [868206e5-f05c-4376-a56d-5589c771f96d@group-5875A35477B4-LeaderElection21] INFO  impl.LeaderElection (LogUtils.java:infoOrTrace(137)) - 868206e5-f05c-4376-a56d-5589c771f96d@group-5875A35477B4-LeaderElection21 got exception when requesting votes: java.util.concurrent.ExecutionException: org.apache.ratis.thirdparty.io.grpc.StatusRuntimeException: UNAVAILABLE: io exception
2020-06-10 23:33:00,695 [868206e5-f05c-4376-a56d-5589c771f96d@group-5875A35477B4-LeaderElection21] INFO  impl.LeaderElection (LeaderElection.java:logAndReturn(61)) - 868206e5-f05c-4376-a56d-5589c771f96d@group-5875A35477B4-LeaderElection21: Election REJECTED; received 0 response(s) [] and 2 exception(s); 868206e5-f05c-4376-a56d-5589c771f96d@group-5875A35477B4:t2, leader=null, voted=868206e5-f05c-4376-a56d-5589c771f96d, raftlog=868206e5-f05c-4376-a56d-5589c771f96d@group-5875A35477B4-SegmentedRaftLog:OPENED:c0,f0,i0, conf=0: [e1213966-9098-4efb-a904-a4cb2a6fb33e:172.17.0.2:36871, 868206e5-f05c-4376-a56d-5589c771f96d:172.17.0.2:37567, 0a730c46-ee0f-4298-8093-6277af9a8f8e:172.17.0.2:44173], old=null
2020-06-10 23:33:00,695 [868206e5-f05c-4376-a56d-5589c771f96d@group-5875A35477B4-LeaderElection21] INFO  impl.LeaderElection (LogUtils.java:infoOrTrace(137)) -   Exception 0: java.util.concurrent.ExecutionException: org.apache.ratis.thirdparty.io.grpc.StatusRuntimeException: UNAVAILABLE: io exception
2020-06-10 23:33:00,695 [868206e5-f05c-4376-a56d-5589c771f96d@group-5875A35477B4-LeaderElection21] INFO  impl.LeaderElection (LogUtils.java:infoOrTrace(137)) -   Exception 1: java.util.concurrent.ExecutionException: org.apache.ratis.thirdparty.io.grpc.StatusRuntimeException: UNAVAILABLE: io exception
2020-06-10 23:33:00,696 [868206e5-f05c-4376-a56d-5589c771f96d@group-5875A35477B4-LeaderElection21] INFO  impl.RaftServerImpl (RaftServerImpl.java:setRole(175)) - 868206e5-f05c-4376-a56d-5589c771f96d@group-5875A35477B4: changes role from CANDIDATE to FOLLOWER at term 2 for DISCOVERED_A_NEW_TERM
2020-06-10 23:33:00,696 [868206e5-f05c-4376-a56d-5589c771f96d@group-5875A35477B4-LeaderElection21] INFO  impl.RoleInfo (RoleInfo.java:shutdownLeaderElection(134)) - 868206e5-f05c-4376-a56d-5589c771f96d: shutdown LeaderElection
2020-06-10 23:33:00,696 [868206e5-f05c-4376-a56d-5589c771f96d@group-5875A35477B4-LeaderElection21] INFO  impl.RoleInfo (RoleInfo.java:updateAndGet(143)) - 868206e5-f05c-4376-a56d-5589c771f96d: start FollowerState
2020-06-10 23:33:01,057 [EventQueue-DeadNodeForDeadNodeHandler] INFO  pipeline.SCMPipelineManager (SCMPipelineManager.java:finalizeAndDestroyPipeline(397)) - Destroying pipeline:Pipeline[ Id: 694f06a8-eccc-44d3-8729-5875a35477b4, Nodes: 0a730c46-ee0f-4298-8093-6277af9a8f8e{ip: 172.17.0.2, host: be5d1cd46157, networkLocation: /default-rack, certSerialId: null}868206e5-f05c-4376-a56d-5589c771f96d{ip: 172.17.0.2, host: be5d1cd46157, networkLocation: /default-rack, certSerialId: null}e1213966-9098-4efb-a904-a4cb2a6fb33e{ip: 172.17.0.2, host: be5d1cd46157, networkLocation: /default-rack, certSerialId: null}, Type:RATIS, Factor:THREE, State:CLOSED, leaderId:0a730c46-ee0f-4298-8093-6277af9a8f8e, CreationTimestamp2020-06-10T23:32:27.116Z]
2020-06-10 23:33:01,058 [EventQueue-DeadNodeForDeadNodeHandler] INFO  pipeline.RatisPipelineProvider (RatisPipelineProvider.java:lambda$close$1(176)) - Send pipeline:PipelineID=694f06a8-eccc-44d3-8729-5875a35477b4 close command to datanode 0a730c46-ee0f-4298-8093-6277af9a8f8e
2020-06-10 23:33:01,058 [EventQueue-DeadNodeForDeadNodeHandler] INFO  pipeline.RatisPipelineProvider (RatisPipelineProvider.java:lambda$close$1(176)) - Send pipeline:PipelineID=694f06a8-eccc-44d3-8729-5875a35477b4 close command to datanode 868206e5-f05c-4376-a56d-5589c771f96d
2020-06-10 23:33:01,059 [EventQueue-DeadNodeForDeadNodeHandler] INFO  pipeline.RatisPipelineProvider (RatisPipelineProvider.java:lambda$close$1(176)) - Send pipeline:PipelineID=694f06a8-eccc-44d3-8729-5875a35477b4 close command to datanode e1213966-9098-4efb-a904-a4cb2a6fb33e
2020-06-10 23:33:01,059 [EventQueue-DeadNodeForDeadNodeHandler] INFO  pipeline.PipelineStateManager (PipelineStateManager.java:removePipeline(105)) - Pipeline Pipeline[ Id: 694f06a8-eccc-44d3-8729-5875a35477b4, Nodes: 0a730c46-ee0f-4298-8093-6277af9a8f8e{ip: 172.17.0.2, host: be5d1cd46157, networkLocation: /default-rack, certSerialId: null}868206e5-f05c-4376-a56d-5589c771f96d{ip: 172.17.0.2, host: be5d1cd46157, networkLocation: /default-rack, certSerialId: null}e1213966-9098-4efb-a904-a4cb2a6fb33e{ip: 172.17.0.2, host: be5d1cd46157, networkLocation: /default-rack, certSerialId: null}, Type:RATIS, Factor:THREE, State:CLOSED, leaderId:0a730c46-ee0f-4298-8093-6277af9a8f8e, CreationTimestamp2020-06-10T23:32:27.116Z] removed from db
2020-06-10 23:33:01,061 [EventQueue-DeadNodeForDeadNodeHandler] INFO  pipeline.SCMPipelineManager (SCMPipelineManager.java:finalizeAndDestroyPipeline(397)) - Destroying pipeline:Pipeline[ Id: c8b61c3b-0ddb-42a0-aa57-f6c1f47cf009, Nodes: 0a730c46-ee0f-4298-8093-6277af9a8f8e{ip: 172.17.0.2, host: be5d1cd46157, networkLocation: /default-rack, certSerialId: null}868206e5-f05c-4376-a56d-5589c771f96d{ip: 172.17.0.2, host: be5d1cd46157, networkLocation: /default-rack, certSerialId: null}e1213966-9098-4efb-a904-a4cb2a6fb33e{ip: 172.17.0.2, host: be5d1cd46157, networkLocation: /default-rack, certSerialId: null}, Type:RATIS, Factor:THREE, State:CLOSED, leaderId:e1213966-9098-4efb-a904-a4cb2a6fb33e, CreationTimestamp2020-06-10T23:32:27.117Z]
2020-06-10 23:33:01,062 [RatisPipelineUtilsThread] ERROR pipeline.SCMPipelineManager (SCMPipelineManager.java:createPipeline(222)) - Failed to create pipeline of type RATIS and factor ONE. Exception: Cannot create pipeline of factor 1 using 0 nodes. Used 2 nodes. Healthy nodes 2
2020-06-10 23:33:01,063 [EventQueue-DeadNodeForDeadNodeHandler] INFO  pipeline.RatisPipelineProvider (RatisPipelineProvider.java:lambda$close$1(176)) - Send pipeline:PipelineID=c8b61c3b-0ddb-42a0-aa57-f6c1f47cf009 close command to datanode 0a730c46-ee0f-4298-8093-6277af9a8f8e
2020-06-10 23:33:01,063 [RatisPipelineUtilsThread] WARN  pipeline.PipelinePlacementPolicy (PipelinePlacementPolicy.java:filterViableNodes(133)) - Pipeline creation failed due to no sufficient healthy datanodes. Required 3. Found 2.
2020-06-10 23:33:01,064 [RatisPipelineUtilsThread] ERROR pipeline.SCMPipelineManager (SCMPipelineManager.java:createPipeline(222)) - Failed to create pipeline of type RATIS and factor THREE. Exception: Pipeline creation failed due to no sufficient healthy datanodes. Required 3. Found 2.
2020-06-10 23:33:01,064 [EventQueue-DeadNodeForDeadNodeHandler] INFO  pipeline.RatisPipelineProvider (RatisPipelineProvider.java:lambda$close$1(176)) - Send pipeline:PipelineID=c8b61c3b-0ddb-42a0-aa57-f6c1f47cf009 close command to datanode 868206e5-f05c-4376-a56d-5589c771f96d
2020-06-10 23:33:01,064 [EventQueue-DeadNodeForDeadNodeHandler] INFO  pipeline.RatisPipelineProvider (RatisPipelineProvider.java:lambda$close$1(176)) - Send pipeline:PipelineID=c8b61c3b-0ddb-42a0-aa57-f6c1f47cf009 close command to datanode e1213966-9098-4efb-a904-a4cb2a6fb33e
2020-06-10 23:33:01,065 [EventQueue-DeadNodeForDeadNodeHandler] INFO  pipeline.PipelineStateManager (PipelineStateManager.java:removePipeline(105)) - Pipeline Pipeline[ Id: c8b61c3b-0ddb-42a0-aa57-f6c1f47cf009, Nodes: 0a730c46-ee0f-4298-8093-6277af9a8f8e{ip: 172.17.0.2, host: be5d1cd46157, networkLocation: /default-rack, certSerialId: null}868206e5-f05c-4376-a56d-5589c771f96d{ip: 172.17.0.2, host: be5d1cd46157, networkLocation: /default-rack, certSerialId: null}e1213966-9098-4efb-a904-a4cb2a6fb33e{ip: 172.17.0.2, host: be5d1cd46157, networkLocation: /default-rack, certSerialId: null}, Type:RATIS, Factor:THREE, State:CLOSED, leaderId:e1213966-9098-4efb-a904-a4cb2a6fb33e, CreationTimestamp2020-06-10T23:32:27.117Z] removed from db
2020-06-10 23:33:01,065 [RatisPipelineUtilsThread] ERROR pipeline.SCMPipelineManager (SCMPipelineManager.java:createPipeline(222)) - Failed to create pipeline of type RATIS and factor ONE. Exception: Cannot create pipeline of factor 1 using 0 nodes. Used 2 nodes. Healthy nodes 2
2020-06-10 23:33:01,065 [RatisPipelineUtilsThread] WARN  pipeline.PipelinePlacementPolicy (PipelinePlacementPolicy.java:filterViableNodes(133)) - Pipeline creation failed due to no sufficient healthy datanodes. Required 3. Found 2.
2020-06-10 23:33:01,065 [RatisPipelineUtilsThread] ERROR pipeline.SCMPipelineManager (SCMPipelineManager.java:createPipeline(222)) - Failed to create pipeline of type RATIS and factor THREE. Exception: Pipeline creation failed due to no sufficient healthy datanodes. Required 3. Found 2.
2020-06-10 23:33:01,065 [EventQueue-DeadNodeForDeadNodeHandler] INFO  pipeline.SCMPipelineManager (SCMPipelineManager.java:finalizeAndDestroyPipeline(397)) - Destroying pipeline:Pipeline[ Id: c69fc509-df2a-438d-9e26-03e63229fe17, Nodes: e1213966-9098-4efb-a904-a4cb2a6fb33e{ip: 172.17.0.2, host: be5d1cd46157, networkLocation: /default-rack, certSerialId: null}, Type:RATIS, Factor:ONE, State:CLOSED, leaderId:e1213966-9098-4efb-a904-a4cb2a6fb33e, CreationTimestamp2020-06-10T23:32:27.004Z]
2020-06-10 23:33:01,066 [EventQueue-DeadNodeForDeadNodeHandler] INFO  pipeline.RatisPipelineProvider (RatisPipelineProvider.java:lambda$close$1(176)) - Send pipeline:PipelineID=c69fc509-df2a-438d-9e26-03e63229fe17 close command to datanode e1213966-9098-4efb-a904-a4cb2a6fb33e
2020-06-10 23:33:01,066 [EventQueue-DeadNodeForDeadNodeHandler] INFO  pipeline.PipelineStateManager (PipelineStateManager.java:removePipeline(105)) - Pipeline Pipeline[ Id: c69fc509-df2a-438d-9e26-03e63229fe17, Nodes: e1213966-9098-4efb-a904-a4cb2a6fb33e{ip: 172.17.0.2, host: be5d1cd46157, networkLocation: /default-rack, certSerialId: null}, Type:RATIS, Factor:ONE, State:CLOSED, leaderId:e1213966-9098-4efb-a904-a4cb2a6fb33e, CreationTimestamp2020-06-10T23:32:27.004Z] removed from db
2020-06-10 23:33:01,066 [RatisPipelineUtilsThread] ERROR pipeline.SCMPipelineManager (SCMPipelineManager.java:createPipeline(222)) - Failed to create pipeline of type RATIS and factor ONE. Exception: Cannot create pipeline of factor 1 using 0 nodes. Used 2 nodes. Healthy nodes 2
2020-06-10 23:33:01,067 [RatisPipelineUtilsThread] WARN  pipeline.PipelinePlacementPolicy (PipelinePlacementPolicy.java:filterViableNodes(133)) - Pipeline creation failed due to no sufficient healthy datanodes. Required 3. Found 2.
2020-06-10 23:33:01,067 [RatisPipelineUtilsThread] ERROR pipeline.SCMPipelineManager (SCMPipelineManager.java:createPipeline(222)) - Failed to create pipeline of type RATIS and factor THREE. Exception: Pipeline creation failed due to no sufficient healthy datanodes. Required 3. Found 2.
2020-06-10 23:33:01,155 [EventQueue-DeadNodeForDeadNodeHandler] INFO  pipeline.SCMPipelineManager (SCMPipelineManager.java:finalizeAndDestroyPipeline(397)) - Destroying pipeline:Pipeline[ Id: 9e006b21-cea1-48fa-a139-385c58906cef, Nodes: b166f10c-c404-4dcb-a087-ba4800654d2c{ip: 172.17.0.2, host: be5d1cd46157, networkLocation: /default-rack, certSerialId: null}1aa28a79-6085-416d-8460-1e98e8b061ff{ip: 172.17.0.2, host: be5d1cd46157, networkLocation: /default-rack, certSerialId: null}c3c497a8-7dd5-4f0b-8431-82df52c157aa{ip: 172.17.0.2, host: be5d1cd46157, networkLocation: /default-rack, certSerialId: null}, Type:RATIS, Factor:THREE, State:CLOSED, leaderId:b166f10c-c404-4dcb-a087-ba4800654d2c, CreationTimestamp2020-06-10T23:32:26.779Z]
2020-06-10 23:33:01,155 [EventQueue-DeadNodeForDeadNodeHandler] INFO  pipeline.RatisPipelineProvider (RatisPipelineProvider.java:lambda$close$1(176)) - Send pipeline:PipelineID=9e006b21-cea1-48fa-a139-385c58906cef close command to datanode b166f10c-c404-4dcb-a087-ba4800654d2c
2020-06-10 23:33:01,155 [EventQueue-DeadNodeForDeadNodeHandler] INFO  pipeline.RatisPipelineProvider (RatisPipelineProvider.java:lambda$close$1(176)) - Send pipeline:PipelineID=9e006b21-cea1-48fa-a139-385c58906cef close command to datanode 1aa28a79-6085-416d-8460-1e98e8b061ff
2020-06-10 23:33:01,155 [EventQueue-DeadNodeForDeadNodeHandler] INFO  pipeline.RatisPipelineProvider (RatisPipelineProvider.java:lambda$close$1(176)) - Send pipeline:PipelineID=9e006b21-cea1-48fa-a139-385c58906cef close command to datanode c3c497a8-7dd5-4f0b-8431-82df52c157aa
2020-06-10 23:33:01,155 [EventQueue-DeadNodeForDeadNodeHandler] INFO  pipeline.PipelineStateManager (PipelineStateManager.java:removePipeline(105)) - Pipeline Pipeline[ Id: 9e006b21-cea1-48fa-a139-385c58906cef, Nodes: b166f10c-c404-4dcb-a087-ba4800654d2c{ip: 172.17.0.2, host: be5d1cd46157, networkLocation: /default-rack, certSerialId: null}1aa28a79-6085-416d-8460-1e98e8b061ff{ip: 172.17.0.2, host: be5d1cd46157, networkLocation: /default-rack, certSerialId: null}c3c497a8-7dd5-4f0b-8431-82df52c157aa{ip: 172.17.0.2, host: be5d1cd46157, networkLocation: /default-rack, certSerialId: null}, Type:RATIS, Factor:THREE, State:CLOSED, leaderId:b166f10c-c404-4dcb-a087-ba4800654d2c, CreationTimestamp2020-06-10T23:32:26.779Z] removed from db
2020-06-10 23:33:01,155 [EventQueue-DeadNodeForDeadNodeHandler] INFO  pipeline.SCMPipelineManager (SCMPipelineManager.java:finalizeAndDestroyPipeline(397)) - Destroying pipeline:Pipeline[ Id: 9453edeb-c0ac-41f9-9aa5-cf34ed9ae28b, Nodes: 1aa28a79-6085-416d-8460-1e98e8b061ff{ip: 172.17.0.2, host: be5d1cd46157, networkLocation: /default-rack, certSerialId: null}, Type:RATIS, Factor:ONE, State:CLOSED, leaderId:1aa28a79-6085-416d-8460-1e98e8b061ff, CreationTimestamp2020-06-10T23:32:26.672Z]
2020-06-10 23:33:01,156 [RatisPipelineUtilsThread] ERROR pipeline.SCMPipelineManager (SCMPipelineManager.java:createPipeline(222)) - Failed to create pipeline of type RATIS and factor ONE. Exception: Cannot create pipeline of factor 1 using 0 nodes. Used 2 nodes. Healthy nodes 2
2020-06-10 23:33:01,156 [EventQueue-DeadNodeForDeadNodeHandler] INFO  pipeline.RatisPipelineProvider (RatisPipelineProvider.java:lambda$close$1(176)) - Send pipeline:PipelineID=9453edeb-c0ac-41f9-9aa5-cf34ed9ae28b close command to datanode 1aa28a79-6085-416d-8460-1e98e8b061ff
2020-06-10 23:33:01,156 [RatisPipelineUtilsThread] WARN  pipeline.PipelinePlacementPolicy (PipelinePlacementPolicy.java:filterViableNodes(133)) - Pipeline creation failed due to no sufficient healthy datanodes. Required 3. Found 2.
2020-06-10 23:33:01,157 [RatisPipelineUtilsThread] ERROR pipeline.SCMPipelineManager (SCMPipelineManager.java:createPipeline(222)) - Failed to create pipeline of type RATIS and factor THREE. Exception: Pipeline creation failed due to no sufficient healthy datanodes. Required 3. Found 2.
2020-06-10 23:33:01,157 [EventQueue-DeadNodeForDeadNodeHandler] INFO  pipeline.PipelineStateManager (PipelineStateManager.java:removePipeline(105)) - Pipeline Pipeline[ Id: 9453edeb-c0ac-41f9-9aa5-cf34ed9ae28b, Nodes: 1aa28a79-6085-416d-8460-1e98e8b061ff{ip: 172.17.0.2, host: be5d1cd46157, networkLocation: /default-rack, certSerialId: null}, Type:RATIS, Factor:ONE, State:CLOSED, leaderId:1aa28a79-6085-416d-8460-1e98e8b061ff, CreationTimestamp2020-06-10T23:32:26.672Z] removed from db
2020-06-10 23:33:01,157 [EventQueue-DeadNodeForDeadNodeHandler] INFO  pipeline.SCMPipelineManager (SCMPipelineManager.java:finalizeAndDestroyPipeline(397)) - Destroying pipeline:Pipeline[ Id: 0c3dcd96-bd09-4ae5-9fb1-349f9bd86eac, Nodes: b166f10c-c404-4dcb-a087-ba4800654d2c{ip: 172.17.0.2, host: be5d1cd46157, networkLocation: /default-rack, certSerialId: null}1aa28a79-6085-416d-8460-1e98e8b061ff{ip: 172.17.0.2, host: be5d1cd46157, networkLocation: /default-rack, certSerialId: null}c3c497a8-7dd5-4f0b-8431-82df52c157aa{ip: 172.17.0.2, host: be5d1cd46157, networkLocation: /default-rack, certSerialId: null}, Type:RATIS, Factor:THREE, State:CLOSED, leaderId:1aa28a79-6085-416d-8460-1e98e8b061ff, CreationTimestamp2020-06-10T23:32:26.778Z]
2020-06-10 23:33:01,158 [RatisPipelineUtilsThread] ERROR pipeline.SCMPipelineManager (SCMPipelineManager.java:createPipeline(222)) - Failed to create pipeline of type RATIS and factor ONE. Exception: Cannot create pipeline of factor 1 using 0 nodes. Used 2 nodes. Healthy nodes 2
2020-06-10 23:33:01,158 [EventQueue-DeadNodeForDeadNodeHandler] INFO  pipeline.RatisPipelineProvider (RatisPipelineProvider.java:lambda$close$1(176)) - Send pipeline:PipelineID=0c3dcd96-bd09-4ae5-9fb1-349f9bd86eac close command to datanode b166f10c-c404-4dcb-a087-ba4800654d2c
2020-06-10 23:33:01,158 [EventQueue-DeadNodeForDeadNodeHandler] INFO  pipeline.RatisPipelineProvider (RatisPipelineProvider.java:lambda$close$1(176)) - Send pipeline:PipelineID=0c3dcd96-bd09-4ae5-9fb1-349f9bd86eac close command to datanode 1aa28a79-6085-416d-8460-1e98e8b061ff
2020-06-10 23:33:01,158 [EventQueue-DeadNodeForDeadNodeHandler] INFO  pipeline.RatisPipelineProvider (RatisPipelineProvider.java:lambda$close$1(176)) - Send pipeline:PipelineID=0c3dcd96-bd09-4ae5-9fb1-349f9bd86eac close command to datanode c3c497a8-7dd5-4f0b-8431-82df52c157aa
2020-06-10 23:33:01,158 [RatisPipelineUtilsThread] WARN  pipeline.PipelinePlacementPolicy (PipelinePlacementPolicy.java:filterViableNodes(133)) - Pipeline creation failed due to no sufficient healthy datanodes. Required 3. Found 2.
2020-06-10 23:33:01,159 [RatisPipelineUtilsThread] ERROR pipeline.SCMPipelineManager (SCMPipelineManager.java:createPipeline(222)) - Failed to create pipeline of type RATIS and factor THREE. Exception: Pipeline creation failed due to no sufficient healthy datanodes. Required 3. Found 2.
2020-06-10 23:33:01,160 [EventQueue-DeadNodeForDeadNodeHandler] INFO  pipeline.PipelineStateManager (PipelineStateManager.java:removePipeline(105)) - Pipeline Pipeline[ Id: 0c3dcd96-bd09-4ae5-9fb1-349f9bd86eac, Nodes: b166f10c-c404-4dcb-a087-ba4800654d2c{ip: 172.17.0.2, host: be5d1cd46157, networkLocation: /default-rack, certSerialId: null}1aa28a79-6085-416d-8460-1e98e8b061ff{ip: 172.17.0.2, host: be5d1cd46157, networkLocation: /default-rack, certSerialId: null}c3c497a8-7dd5-4f0b-8431-82df52c157aa{ip: 172.17.0.2, host: be5d1cd46157, networkLocation: /default-rack, certSerialId: null}, Type:RATIS, Factor:THREE, State:CLOSED, leaderId:1aa28a79-6085-416d-8460-1e98e8b061ff, CreationTimestamp2020-06-10T23:32:26.778Z] removed from db
2020-06-10 23:33:01,160 [RatisPipelineUtilsThread] ERROR pipeline.SCMPipelineManager (SCMPipelineManager.java:createPipeline(222)) - Failed to create pipeline of type RATIS and factor ONE. Exception: Cannot create pipeline of factor 1 using 0 nodes. Used 2 nodes. Healthy nodes 2
2020-06-10 23:33:01,160 [RatisPipelineUtilsThread] WARN  pipeline.PipelinePlacementPolicy (PipelinePlacementPolicy.java:filterViableNodes(133)) - Pipeline creation failed due to no sufficient healthy datanodes. Required 3. Found 2.
2020-06-10 23:33:01,160 [RatisPipelineUtilsThread] ERROR pipeline.SCMPipelineManager (SCMPipelineManager.java:createPipeline(222)) - Failed to create pipeline of type RATIS and factor THREE. Exception: Pipeline creation failed due to no sufficient healthy datanodes. Required 3. Found 2.
2020-06-10 23:33:01,255 [EventQueue-StaleNodeForStaleNodeHandler] INFO  node.StaleNodeHandler (StaleNodeHandler.java:onMessage(58)) - Datanode b166f10c-c404-4dcb-a087-ba4800654d2c{ip: 172.17.0.2, host: be5d1cd46157, networkLocation: /default-rack, certSerialId: null} moved to stale state. Finalizing its pipelines [PipelineID=d1eb9c1a-1468-40e1-8d6d-4d43e2e77a8c]
2020-06-10 23:33:01,256 [EventQueue-StaleNodeForStaleNodeHandler] INFO  pipeline.SCMPipelineManager (SCMPipelineManager.java:finalizeAndDestroyPipeline(397)) - Destroying pipeline:Pipeline[ Id: d1eb9c1a-1468-40e1-8d6d-4d43e2e77a8c, Nodes: b166f10c-c404-4dcb-a087-ba4800654d2c{ip: 172.17.0.2, host: be5d1cd46157, networkLocation: /default-rack, certSerialId: null}, Type:RATIS, Factor:ONE, State:OPEN, leaderId:b166f10c-c404-4dcb-a087-ba4800654d2c, CreationTimestamp2020-06-10T23:32:26.496Z]
2020-06-10 23:33:01,256 [EventQueue-StaleNodeForStaleNodeHandler] INFO  pipeline.PipelineStateManager (PipelineStateManager.java:finalizePipeline(120)) - Pipeline Pipeline[ Id: d1eb9c1a-1468-40e1-8d6d-4d43e2e77a8c, Nodes: b166f10c-c404-4dcb-a087-ba4800654d2c{ip: 172.17.0.2, host: be5d1cd46157, networkLocation: /default-rack, certSerialId: null}, Type:RATIS, Factor:ONE, State:CLOSED, leaderId:b166f10c-c404-4dcb-a087-ba4800654d2c, CreationTimestamp2020-06-10T23:32:26.496Z] moved to CLOSED state
2020-06-10 23:33:01,357 [Listener at 127.0.0.1/37921] INFO  ozoneimpl.OzoneContainer (OzoneContainer.java:stop(246)) - Attempting to stop container services.
2020-06-10 23:33:01,357 [Listener at 127.0.0.1/37921] INFO  impl.RaftServerProxy (RaftServerProxy.java:lambda$close$4(319)) - 868206e5-f05c-4376-a56d-5589c771f96d: close
2020-06-10 23:33:01,357 [Listener at 127.0.0.1/37921] INFO  impl.RaftServerImpl (RaftServerImpl.java:lambda$shutdown$3(252)) - 868206e5-f05c-4376-a56d-5589c771f96d@group-5875A35477B4: shutdown
2020-06-10 23:33:01,357 [ForkJoinPool.commonPool-worker-0] INFO  impl.RaftServerImpl (RaftServerImpl.java:lambda$shutdown$3(252)) - 868206e5-f05c-4376-a56d-5589c771f96d@group-FAECA4430568: shutdown
2020-06-10 23:33:01,358 [Listener at 127.0.0.1/37921] INFO  util.JmxRegister (JmxRegister.java:unregister(73)) - Successfully un-registered JMX Bean with object name Ratis:service=RaftServer,group=group-5875A35477B4,id=868206e5-f05c-4376-a56d-5589c771f96d
2020-06-10 23:33:01,358 [Listener at 127.0.0.1/37921] INFO  impl.RoleInfo (RoleInfo.java:shutdownFollowerState(121)) - 868206e5-f05c-4376-a56d-5589c771f96d: shutdown FollowerState
2020-06-10 23:33:01,358 [Listener at 127.0.0.1/37921] INFO  impl.StateMachineUpdater (StateMachineUpdater.java:stopAndJoin(142)) - 868206e5-f05c-4376-a56d-5589c771f96d@group-5875A35477B4-StateMachineUpdater: set stopIndex = 0
2020-06-10 23:33:01,358 [Thread-488] INFO  impl.FollowerState (FollowerState.java:run(117)) - 868206e5-f05c-4376-a56d-5589c771f96d@group-5875A35477B4-FollowerState was interrupted: java.lang.InterruptedException: sleep interrupted
2020-06-10 23:33:01,360 [ForkJoinPool.commonPool-worker-0] INFO  util.JmxRegister (JmxRegister.java:unregister(73)) - Successfully un-registered JMX Bean with object name Ratis:service=RaftServer,group=group-FAECA4430568,id=868206e5-f05c-4376-a56d-5589c771f96d
2020-06-10 23:33:01,360 [868206e5-f05c-4376-a56d-5589c771f96d@group-5875A35477B4-StateMachineUpdater] INFO  ratis.ContainerStateMachine (ContainerStateMachine.java:takeSnapshot(288)) - group-5875A35477B4: Taking a snapshot at:(t:1, i:0) file /github/workspace/mnt/ozone/hadoop-ozone/integration-test/target/test-dir/MiniOzoneClusterImpl-8f60d98f-01ba-4335-ba92-853c1a5e70bb/datanode-5/data/ratis/694f06a8-eccc-44d3-8729-5875a35477b4/sm/snapshot.1_0
2020-06-10 23:33:01,360 [ForkJoinPool.commonPool-worker-0] INFO  impl.RoleInfo (RoleInfo.java:shutdownLeaderState(104)) - 868206e5-f05c-4376-a56d-5589c771f96d: shutdown LeaderState
2020-06-10 23:33:01,360 [ForkJoinPool.commonPool-worker-0] INFO  impl.PendingRequests (PendingRequests.java:sendNotLeaderResponses(249)) - 868206e5-f05c-4376-a56d-5589c771f96d@group-FAECA4430568-PendingRequests: sendNotLeaderResponses
2020-06-10 23:33:01,360 [ForkJoinPool.commonPool-worker-0] INFO  metrics.RatisMetrics (RatisMetrics.java:unregister(43)) - Unregistering Metrics Registry : ratis.log_appender.868206e5-f05c-4376-a56d-5589c771f96d@group-FAECA4430568
2020-06-10 23:33:01,360 [ForkJoinPool.commonPool-worker-0] INFO  metrics.RatisMetrics (RatisMetrics.java:unregister(43)) - Unregistering Metrics Registry : ratis.server.868206e5-f05c-4376-a56d-5589c771f96d@group-FAECA4430568
2020-06-10 23:33:01,361 [868206e5-f05c-4376-a56d-5589c771f96d@group-5875A35477B4-StateMachineUpdater] INFO  ratis.ContainerStateMachine (ContainerStateMachine.java:takeSnapshot(299)) - group-5875A35477B4: Finished taking a snapshot at:(t:1, i:0) file:/github/workspace/mnt/ozone/hadoop-ozone/integration-test/target/test-dir/MiniOzoneClusterImpl-8f60d98f-01ba-4335-ba92-853c1a5e70bb/datanode-5/data/ratis/694f06a8-eccc-44d3-8729-5875a35477b4/sm/snapshot.1_0 time:0
2020-06-10 23:33:01,361 [868206e5-f05c-4376-a56d-5589c771f96d@group-5875A35477B4-StateMachineUpdater] INFO  impl.StateMachineUpdater (StateMachineUpdater.java:takeSnapshot(277)) - 868206e5-f05c-4376-a56d-5589c771f96d@group-5875A35477B4-StateMachineUpdater: Took a snapshot at index 0
2020-06-10 23:33:01,361 [868206e5-f05c-4376-a56d-5589c771f96d@group-5875A35477B4-StateMachineUpdater] INFO  impl.StateMachineUpdater (StateMachineUpdater.java:lambda$new$0(87)) - 868206e5-f05c-4376-a56d-5589c771f96d@group-5875A35477B4-StateMachineUpdater: snapshotIndex: updateIncreasingly -1 -> 0
2020-06-10 23:33:01,361 [868206e5-f05c-4376-a56d-5589c771f96d@group-5875A35477B4-StateMachineUpdater] INFO  metrics.RatisMetrics (RatisMetrics.java:unregister(43)) - Unregistering Metrics Registry : ratis.state_machine.868206e5-f05c-4376-a56d-5589c771f96d@group-5875A35477B4
2020-06-10 23:33:01,361 [Listener at 127.0.0.1/37921] INFO  impl.RaftServerImpl (ServerState.java:close(387)) - 868206e5-f05c-4376-a56d-5589c771f96d@group-5875A35477B4: closes. applyIndex: 0
2020-06-10 23:33:01,362 [868206e5-f05c-4376-a56d-5589c771f96d@group-5875A35477B4-SegmentedRaftLogWorker] INFO  segmented.SegmentedRaftLogWorker (SegmentedRaftLogWorker.java:run(327)) - 868206e5-f05c-4376-a56d-5589c771f96d@group-5875A35477B4-SegmentedRaftLogWorker was interrupted, exiting. There are 0 tasks remaining in the queue.
2020-06-10 23:33:01,362 [868206e5-f05c-4376-a56d-5589c771f96d@group-FAECA4430568-StateMachineUpdater] INFO  ratis.ContainerStateMachine (ContainerStateMachine.java:takeSnapshot(288)) - group-FAECA4430568: Taking a snapshot at:(t:1, i:0) file /github/workspace/mnt/ozone/hadoop-ozone/integration-test/target/test-dir/MiniOzoneClusterImpl-8f60d98f-01ba-4335-ba92-853c1a5e70bb/datanode-5/data/ratis/a07b7ab7-bd3b-4746-ac4c-faeca4430568/sm/snapshot.1_0
2020-06-10 23:33:01,362 [Listener at 127.0.0.1/37921] INFO  segmented.SegmentedRaftLogWorker (SegmentedRaftLogWorker.java:close(234)) - 868206e5-f05c-4376-a56d-5589c771f96d@group-5875A35477B4-SegmentedRaftLogWorker close()
2020-06-10 23:33:01,362 [ForkJoinPool.commonPool-worker-0] INFO  impl.StateMachineUpdater (StateMachineUpdater.java:stopAndJoin(142)) - 868206e5-f05c-4376-a56d-5589c771f96d@group-FAECA4430568-StateMachineUpdater: set stopIndex = 0
2020-06-10 23:33:01,363 [Listener at 127.0.0.1/37921] INFO  metrics.RatisMetrics (RatisMetrics.java:unregister(43)) - Unregistering Metrics Registry : ratis.log_worker.868206e5-f05c-4376-a56d-5589c771f96d@group-5875A35477B4
2020-06-10 23:33:01,364 [Listener at 127.0.0.1/37921] INFO  metrics.RatisMetrics (RatisMetrics.java:unregister(43)) - Unregistering Metrics Registry : ratis.leader_election.868206e5-f05c-4376-a56d-5589c771f96d@group-5875A35477B4
2020-06-10 23:33:01,364 [Listener at 127.0.0.1/37921] INFO  metrics.RatisMetrics (RatisMetrics.java:unregister(43)) - Unregistering Metrics Registry : ratis.server.868206e5-f05c-4376-a56d-5589c771f96d@group-5875A35477B4
2020-06-10 23:33:01,364 [868206e5-f05c-4376-a56d-5589c771f96d@group-FAECA4430568-StateMachineUpdater] INFO  ratis.ContainerStateMachine (ContainerStateMachine.java:takeSnapshot(299)) - group-FAECA4430568: Finished taking a snapshot at:(t:1, i:0) file:/github/workspace/mnt/ozone/hadoop-ozone/integration-test/target/test-dir/MiniOzoneClusterImpl-8f60d98f-01ba-4335-ba92-853c1a5e70bb/datanode-5/data/ratis/a07b7ab7-bd3b-4746-ac4c-faeca4430568/sm/snapshot.1_0 time:2
2020-06-10 23:33:01,364 [868206e5-f05c-4376-a56d-5589c771f96d@group-FAECA4430568-StateMachineUpdater] INFO  impl.StateMachineUpdater (StateMachineUpdater.java:takeSnapshot(277)) - 868206e5-f05c-4376-a56d-5589c771f96d@group-FAECA4430568-StateMachineUpdater: Took a snapshot at index 0
2020-06-10 23:33:01,364 [868206e5-f05c-4376-a56d-5589c771f96d@group-FAECA4430568-StateMachineUpdater] INFO  impl.StateMachineUpdater (StateMachineUpdater.java:lambda$new$0(87)) - 868206e5-f05c-4376-a56d-5589c771f96d@group-FAECA4430568-StateMachineUpdater: snapshotIndex: updateIncreasingly -1 -> 0
2020-06-10 23:33:01,364 [868206e5-f05c-4376-a56d-5589c771f96d@group-FAECA4430568-StateMachineUpdater] INFO  metrics.RatisMetrics (RatisMetrics.java:unregister(43)) - Unregistering Metrics Registry : ratis.state_machine.868206e5-f05c-4376-a56d-5589c771f96d@group-FAECA4430568
2020-06-10 23:33:01,365 [ForkJoinPool.commonPool-worker-0] INFO  impl.RaftServerImpl (ServerState.java:close(387)) - 868206e5-f05c-4376-a56d-5589c771f96d@group-FAECA4430568: closes. applyIndex: 0
2020-06-10 23:33:01,365 [Listener at 127.0.0.1/37921] INFO  impl.RaftServerImpl (RaftServerImpl.java:lambda$shutdown$3(252)) - 868206e5-f05c-4376-a56d-5589c771f96d@group-F6C1F47CF009: shutdown
2020-06-10 23:33:01,365 [868206e5-f05c-4376-a56d-5589c771f96d@group-FAECA4430568-SegmentedRaftLogWorker] INFO  segmented.SegmentedRaftLogWorker (SegmentedRaftLogWorker.java:run(327)) - 868206e5-f05c-4376-a56d-5589c771f96d@group-FAECA4430568-SegmentedRaftLogWorker was interrupted, exiting. There are 0 tasks remaining in the queue.
2020-06-10 23:33:01,365 [ForkJoinPool.commonPool-worker-0] INFO  segmented.SegmentedRaftLogWorker (SegmentedRaftLogWorker.java:close(234)) - 868206e5-f05c-4376-a56d-5589c771f96d@group-FAECA4430568-SegmentedRaftLogWorker close()
2020-06-10 23:33:01,365 [Listener at 127.0.0.1/37921] INFO  util.JmxRegister (JmxRegister.java:unregister(73)) - Successfully un-registered JMX Bean with object name Ratis:service=RaftServer,group=group-F6C1F47CF009,id=868206e5-f05c-4376-a56d-5589c771f96d
2020-06-10 23:33:01,365 [Listener at 127.0.0.1/37921] INFO  impl.RoleInfo (RoleInfo.java:shutdownFollowerState(121)) - 868206e5-f05c-4376-a56d-5589c771f96d: shutdown FollowerState
2020-06-10 23:33:01,366 [Thread-484] INFO  impl.FollowerState (FollowerState.java:run(117)) - 868206e5-f05c-4376-a56d-5589c771f96d@group-F6C1F47CF009-FollowerState was interrupted: java.lang.InterruptedException: sleep interrupted
2020-06-10 23:33:01,370 [Listener at 127.0.0.1/37921] INFO  impl.StateMachineUpdater (StateMachineUpdater.java:stopAndJoin(142)) - 868206e5-f05c-4376-a56d-5589c771f96d@group-F6C1F47CF009-StateMachineUpdater: set stopIndex = 0
2020-06-10 23:33:01,371 [868206e5-f05c-4376-a56d-5589c771f96d@group-F6C1F47CF009-StateMachineUpdater] INFO  ratis.ContainerStateMachine (ContainerStateMachine.java:takeSnapshot(288)) - group-F6C1F47CF009: Taking a snapshot at:(t:1, i:0) file /github/workspace/mnt/ozone/hadoop-ozone/integration-test/target/test-dir/MiniOzoneClusterImpl-8f60d98f-01ba-4335-ba92-853c1a5e70bb/datanode-5/data/ratis/c8b61c3b-0ddb-42a0-aa57-f6c1f47cf009/sm/snapshot.1_0
2020-06-10 23:33:01,371 [868206e5-f05c-4376-a56d-5589c771f96d@group-F6C1F47CF009-StateMachineUpdater] INFO  ratis.ContainerStateMachine (ContainerStateMachine.java:takeSnapshot(299)) - group-F6C1F47CF009: Finished taking a snapshot at:(t:1, i:0) file:/github/workspace/mnt/ozone/hadoop-ozone/integration-test/target/test-dir/MiniOzoneClusterImpl-8f60d98f-01ba-4335-ba92-853c1a5e70bb/datanode-5/data/ratis/c8b61c3b-0ddb-42a0-aa57-f6c1f47cf009/sm/snapshot.1_0 time:0
2020-06-10 23:33:01,372 [868206e5-f05c-4376-a56d-5589c771f96d@group-F6C1F47CF009-StateMachineUpdater] INFO  impl.StateMachineUpdater (StateMachineUpdater.java:takeSnapshot(277)) - 868206e5-f05c-4376-a56d-5589c771f96d@group-F6C1F47CF009-StateMachineUpdater: Took a snapshot at index 0
2020-06-10 23:33:01,372 [868206e5-f05c-4376-a56d-5589c771f96d@group-F6C1F47CF009-StateMachineUpdater] INFO  impl.StateMachineUpdater (StateMachineUpdater.java:lambda$new$0(87)) - 868206e5-f05c-4376-a56d-5589c771f96d@group-F6C1F47CF009-StateMachineUpdater: snapshotIndex: updateIncreasingly -1 -> 0
2020-06-10 23:33:01,372 [868206e5-f05c-4376-a56d-5589c771f96d@group-F6C1F47CF009-StateMachineUpdater] INFO  metrics.RatisMetrics (RatisMetrics.java:unregister(43)) - Unregistering Metrics Registry : ratis.state_machine.868206e5-f05c-4376-a56d-5589c771f96d@group-F6C1F47CF009
2020-06-10 23:33:01,372 [Listener at 127.0.0.1/37921] INFO  impl.RaftServerImpl (ServerState.java:close(387)) - 868206e5-f05c-4376-a56d-5589c771f96d@group-F6C1F47CF009: closes. applyIndex: 0
2020-06-10 23:33:01,372 [868206e5-f05c-4376-a56d-5589c771f96d@group-F6C1F47CF009-SegmentedRaftLogWorker] INFO  segmented.SegmentedRaftLogWorker (SegmentedRaftLogWorker.java:run(327)) - 868206e5-f05c-4376-a56d-5589c771f96d@group-F6C1F47CF009-SegmentedRaftLogWorker was interrupted, exiting. There are 0 tasks remaining in the queue.
2020-06-10 23:33:01,373 [Listener at 127.0.0.1/37921] INFO  segmented.SegmentedRaftLogWorker (SegmentedRaftLogWorker.java:close(234)) - 868206e5-f05c-4376-a56d-5589c771f96d@group-F6C1F47CF009-SegmentedRaftLogWorker close()
2020-06-10 23:33:01,371 [ForkJoinPool.commonPool-worker-0] INFO  metrics.RatisMetrics (RatisMetrics.java:unregister(43)) - Unregistering Metrics Registry : ratis.log_worker.868206e5-f05c-4376-a56d-5589c771f96d@group-FAECA4430568
2020-06-10 23:33:01,373 [ForkJoinPool.commonPool-worker-0] INFO  metrics.RatisMetrics (RatisMetrics.java:unregister(43)) - Unregistering Metrics Registry : ratis.leader_election.868206e5-f05c-4376-a56d-5589c771f96d@group-FAECA4430568
2020-06-10 23:33:01,374 [ForkJoinPool.commonPool-worker-0] INFO  metrics.RatisMetrics (RatisMetrics.java:unregister(43)) - Unregistering Metrics Registry : ratis.server.868206e5-f05c-4376-a56d-5589c771f96d@group-FAECA4430568
2020-06-10 23:33:01,375 [Listener at 127.0.0.1/37921] INFO  metrics.RatisMetrics (RatisMetrics.java:unregister(43)) - Unregistering Metrics Registry : ratis.log_worker.868206e5-f05c-4376-a56d-5589c771f96d@group-F6C1F47CF009
2020-06-10 23:33:01,375 [Listener at 127.0.0.1/37921] INFO  metrics.RatisMetrics (RatisMetrics.java:unregister(43)) - Unregistering Metrics Registry : ratis.leader_election.868206e5-f05c-4376-a56d-5589c771f96d@group-F6C1F47CF009
2020-06-10 23:33:01,376 [Listener at 127.0.0.1/37921] INFO  metrics.RatisMetrics (RatisMetrics.java:unregister(43)) - Unregistering Metrics Registry : ratis.server.868206e5-f05c-4376-a56d-5589c771f96d@group-F6C1F47CF009
2020-06-10 23:33:01,376 [Listener at 127.0.0.1/37921] INFO  server.GrpcService (GrpcService.java:closeImpl(166)) - 868206e5-f05c-4376-a56d-5589c771f96d: shutdown server with port 37567 now
2020-06-10 23:33:01,376 [Listener at 127.0.0.1/37921] INFO  server.GrpcService (GrpcService.java:closeImpl(174)) - 868206e5-f05c-4376-a56d-5589c771f96d: shutdown server with port 37567 successfully
2020-06-10 23:33:01,378 [Listener at 127.0.0.1/37921] INFO  utils.BackgroundService (BackgroundService.java:shutdown(157)) - Shutting down service BlockDeletingService
2020-06-10 23:33:01,380 [Listener at 127.0.0.1/37921] INFO  statemachine.DatanodeStateMachine (DatanodeStateMachine.java:stopDaemon(428)) - Ozone container server stopped.
2020-06-10 23:33:01,381 [Listener at 127.0.0.1/37921] INFO  handler.ContextHandler (ContextHandler.java:doStop(1016)) - Stopped o.e.j.w.WebAppContext@7ac81283{hddsDatanode,/,null,UNAVAILABLE}{jar:file:/home/user/.m2/repository/org/apache/hadoop/hadoop-hdds-container-service/0.6.0-SNAPSHOT/hadoop-hdds-container-service-0.6.0-SNAPSHOT.jar!/webapps/hddsDatanode}
2020-06-10 23:33:01,381 [Listener at 127.0.0.1/37921] INFO  server.AbstractConnector (AbstractConnector.java:doStop(380)) - Stopped ServerConnector@11b6ae72{HTTP/1.1,[http/1.1]}{0.0.0.0:0}
2020-06-10 23:33:01,382 [Listener at 127.0.0.1/37921] INFO  server.session (HouseKeeper.java:stopScavenging(158)) - node0 Stopped scavenging
2020-06-10 23:33:01,382 [Listener at 127.0.0.1/37921] INFO  handler.ContextHandler (ContextHandler.java:doStop(1016)) - Stopped o.e.j.s.ServletContextHandler@16977e9e{static,/static,jar:file:/home/user/.m2/repository/org/apache/hadoop/hadoop-hdds-container-service/0.6.0-SNAPSHOT/hadoop-hdds-container-service-0.6.0-SNAPSHOT.jar!/webapps/static,UNAVAILABLE}
2020-06-10 23:33:01,382 [Listener at 127.0.0.1/37921] INFO  handler.ContextHandler (ContextHandler.java:doStop(1016)) - Stopped o.e.j.s.ServletContextHandler@3fd72df5{logs,/logs,file:///github/workspace/mnt/ozone/hadoop-ozone/integration-test/target/log,UNAVAILABLE}
2020-06-10 23:33:01,385 [Listener at 127.0.0.1/37921] INFO  ozone.MiniOzoneClusterImpl (MiniOzoneClusterImpl.java:stopSCM(476)) - Stopping the StorageContainerManager
2020-06-10 23:33:01,385 [Listener at 127.0.0.1/37921] INFO  server.StorageContainerManager (StorageContainerManager.java:stop(823)) - Stopping Replication Manager Service.
2020-06-10 23:33:01,385 [Listener at 127.0.0.1/37921] INFO  container.ReplicationManager (ReplicationManager.java:stop(208)) - Stopping Replication Monitor Thread.
2020-06-10 23:33:01,386 [Listener at 127.0.0.1/37921] INFO  server.StorageContainerManager (StorageContainerManager.java:stop(830)) - Stopping Lease Manager of the command watchers
2020-06-10 23:33:01,386 [Listener at 127.0.0.1/37921] INFO  server.StorageContainerManager (StorageContainerManager.java:stop(837)) - Stopping datanode service RPC server
2020-06-10 23:33:01,386 [Listener at 127.0.0.1/37921] INFO  server.SCMDatanodeProtocolServer (SCMDatanodeProtocolServer.java:stop(361)) - Stopping the RPC server for DataNodes
2020-06-10 23:33:01,386 [Listener at 127.0.0.1/37921] INFO  ipc.Server (Server.java:stop(3359)) - Stopping server on 43861
2020-06-10 23:33:01,387 [CommandWatcher-LeaseManager#LeaseMonitor] ERROR lease.LeaseManager (LeaseManager.java:run(238)) - Execution was interrupted 
java.lang.InterruptedException: sleep interrupted
	at java.lang.Thread.sleep(Native Method)
	at org.apache.hadoop.ozone.lease.LeaseManager$LeaseMonitor.run(LeaseManager.java:234)
	at java.lang.Thread.run(Thread.java:748)
2020-06-10 23:33:01,389 [IPC Server Responder] INFO  ipc.Server (Server.java:run(1465)) - Stopping IPC Server Responder
2020-06-10 23:33:01,389 [IPC Server listener on 0] INFO  ipc.Server (Server.java:run(1330)) - Stopping IPC Server listener on 0
2020-06-10 23:33:01,455 [SCM Heartbeat Processing Thread - 0] WARN  node.NodeStateManager (NodeStateManager.java:scheduleNextHealthCheck(661)) - Current Thread is interrupted, shutting down HB processing thread for Node Manager.
2020-06-10 23:33:01,455 [Listener at 127.0.0.1/37921] INFO  server.StorageContainerManager (StorageContainerManager.java:stop(845)) - Stopping block service RPC server
2020-06-10 23:33:01,456 [Listener at 127.0.0.1/37921] INFO  server.SCMBlockProtocolServer (SCMBlockProtocolServer.java:stop(158)) - Stopping the RPC server for Block Protocol
2020-06-10 23:33:01,456 [Listener at 127.0.0.1/37921] INFO  ipc.Server (Server.java:stop(3359)) - Stopping server on 42477
2020-06-10 23:33:01,458 [IPC Server Responder] INFO  ipc.Server (Server.java:run(1465)) - Stopping IPC Server Responder
2020-06-10 23:33:01,458 [IPC Server listener on 0] INFO  ipc.Server (Server.java:run(1330)) - Stopping IPC Server listener on 0
2020-06-10 23:33:01,459 [Listener at 127.0.0.1/37921] INFO  server.StorageContainerManager (StorageContainerManager.java:stop(852)) - Stopping the StorageContainerLocationProtocol RPC server
2020-06-10 23:33:01,459 [Listener at 127.0.0.1/37921] INFO  server.SCMClientProtocolServer (SCMClientProtocolServer.java:stop(164)) - Stopping the RPC server for Client Protocol
2020-06-10 23:33:01,459 [Listener at 127.0.0.1/37921] INFO  ipc.Server (Server.java:stop(3359)) - Stopping server on 42479
2020-06-10 23:33:01,460 [Listener at 127.0.0.1/37921] INFO  server.StorageContainerManager (StorageContainerManager.java:stop(859)) - Stopping Storage Container Manager HTTP server.
2020-06-10 23:33:01,461 [Listener at 127.0.0.1/37921] INFO  handler.ContextHandler (ContextHandler.java:doStop(1016)) - Stopped o.e.j.w.WebAppContext@670432b7{scm,/,null,UNAVAILABLE}{file:/github/workspace/mnt/ozone/hadoop-ozone/integration-test/target/test-classes/webapps/scm}
2020-06-10 23:33:01,461 [IPC Server Responder] INFO  ipc.Server (Server.java:run(1465)) - Stopping IPC Server Responder
2020-06-10 23:33:01,461 [IPC Server listener on 0] INFO  ipc.Server (Server.java:run(1330)) - Stopping IPC Server listener on 0
2020-06-10 23:33:01,463 [Listener at 127.0.0.1/37921] INFO  server.AbstractConnector (AbstractConnector.java:doStop(380)) - Stopped ServerConnector@4c940709{HTTP/1.1,[http/1.1]}{0.0.0.0:0}
2020-06-10 23:33:01,464 [Listener at 127.0.0.1/37921] INFO  server.session (HouseKeeper.java:stopScavenging(158)) - node0 Stopped scavenging
2020-06-10 23:33:01,464 [Listener at 127.0.0.1/37921] INFO  handler.ContextHandler (ContextHandler.java:doStop(1016)) - Stopped o.e.j.s.ServletContextHandler@7ec716ef{static,/static,file:///github/workspace/mnt/ozone/hadoop-ozone/integration-test/target/test-classes/webapps/static,UNAVAILABLE}
2020-06-10 23:33:01,464 [Listener at 127.0.0.1/37921] INFO  handler.ContextHandler (ContextHandler.java:doStop(1016)) - Stopped o.e.j.s.ServletContextHandler@59fbe50e{logs,/logs,file:///github/workspace/mnt/ozone/hadoop-ozone/integration-test/target/log,UNAVAILABLE}
2020-06-10 23:33:01,465 [Listener at 127.0.0.1/37921] INFO  server.StorageContainerManager (StorageContainerManager.java:stop(870)) - Stopping Block Manager Service.
2020-06-10 23:33:01,466 [Listener at 127.0.0.1/37921] INFO  utils.BackgroundService (BackgroundService.java:shutdown(157)) - Shutting down service SCMBlockDeletingService
2020-06-10 23:33:01,466 [Listener at 127.0.0.1/37921] INFO  utils.BackgroundService (BackgroundService.java:shutdown(157)) - Shutting down service SCMBlockDeletingService
2020-06-10 23:33:01,466 [Listener at 127.0.0.1/37921] INFO  server.StorageContainerManager (StorageContainerManager.java:stop(895)) - Stopping SCM Event Queue.
2020-06-10 23:33:01,476 [Listener at 127.0.0.1/37921] INFO  impl.MetricsSystemImpl (MetricsSystemImpl.java:stop(210)) - Stopping XceiverClientMetrics metrics system...
2020-06-10 23:33:01,481 [prometheus] INFO  impl.MetricsSinkAdapter (MetricsSinkAdapter.java:publishMetricsFromQueue(141)) - prometheus thread interrupted.
2020-06-10 23:33:01,481 [Listener at 127.0.0.1/37921] INFO  impl.MetricsSystemImpl (MetricsSystemImpl.java:stop(216)) - XceiverClientMetrics metrics system stopped.
]]></system-out>
    <system-err><![CDATA[ERROR StatusLogger No Log4j 2 configuration file found. Using default configuration (logging only errors to the console), or user programmatically provided configurations. Set system property 'log4j2.debug' to show Log4j 2 internal initialization logging. See https://logging.apache.org/log4j/2.x/manual/configuration.html for instructions on how to configure Log4j 2
]]></system-err>
  </testcase>
  <testcase name="testDatanodeFailureWithPreAllocation" classname="org.apache.hadoop.ozone.client.rpc.TestBlockOutputStreamWithFailuresFlushDelay" time="58.051"/>
  <testcase name="testDatanodeFailureWithSingleNodeRatis" classname="org.apache.hadoop.ozone.client.rpc.TestBlockOutputStreamWithFailuresFlushDelay" time="61.888"/>
  <testcase name="testWatchForCommitWithSingleNodeRatis" classname="org.apache.hadoop.ozone.client.rpc.TestBlockOutputStreamWithFailuresFlushDelay" time="35.505"/>
  <testcase name="testWatchForCommitDatanodeFailure" classname="org.apache.hadoop.ozone.client.rpc.TestBlockOutputStreamWithFailuresFlushDelay" time="36.757"/>
  <testcase name="testFailureWithPrimeSizedData" classname="org.apache.hadoop.ozone.client.rpc.TestBlockOutputStreamWithFailuresFlushDelay" time="35.701"/>
  <testcase name="testWatchForCommitWithCloseContainerException" classname="org.apache.hadoop.ozone.client.rpc.TestBlockOutputStreamWithFailuresFlushDelay" time="35.753"/>
  <testcase name="testExceptionDuringClose" classname="org.apache.hadoop.ozone.client.rpc.TestBlockOutputStreamWithFailuresFlushDelay" time="35.455"/>
</testsuite>