<?xml version="1.0" encoding="UTF-8"?>
<testsuite xmlns:xsi="http://www.w3.org/2001/XMLSchema-instance" xsi:noNamespaceSchemaLocation="https://maven.apache.org/surefire/maven-surefire-plugin/xsd/surefire-test-report.xsd" name="org.apache.hadoop.ozone.TestMiniOzoneCluster" time="181.952" tests="5" errors="1" skipped="0" failures="0">
  <properties>
    <property name="awt.toolkit" value="sun.awt.X11.XToolkit"/>
    <property name="file.encoding.pkg" value="sun.io"/>
    <property name="java.specification.version" value="1.8"/>
    <property name="sun.cpu.isalist" value=""/>
    <property name="sun.jnu.encoding" value="UTF-8"/>
    <property name="java.class.path" value="/home/runner/work/ozone/ozone/hadoop-ozone/integration-test/target/test-classes:/home/runner/work/ozone/ozone/hadoop-ozone/integration-test/target/classes:/home/runner/.m2/repository/org/apache/ozone/ozone-common/1.2.0-SNAPSHOT/ozone-common-1.2.0-SNAPSHOT.jar:/home/runner/.m2/repository/org/apache/commons/commons-compress/1.20/commons-compress-1.20.jar:/home/runner/.m2/repository/org/apache/ozone/hdds-common/1.2.0-SNAPSHOT/hdds-common-1.2.0-SNAPSHOT.jar:/home/runner/.m2/repository/org/apache/ozone/hdds-client/1.2.0-SNAPSHOT/hdds-client-1.2.0-SNAPSHOT.jar:/home/runner/.m2/repository/org/apache/ozone/ozone-interface-client/1.2.0-SNAPSHOT/ozone-interface-client-1.2.0-SNAPSHOT.jar:/home/runner/.m2/repository/org/apache/ozone/hdds-server-framework/1.2.0-SNAPSHOT/hdds-server-framework-1.2.0-SNAPSHOT.jar:/home/runner/.m2/repository/org/apache/ozone/hdds-interface-server/1.2.0-SNAPSHOT/hdds-interface-server-1.2.0-SNAPSHOT.jar:/home/runner/.m2/repository/org/eclipse/jetty/jetty-servlet/9.4.43.v20210629/jetty-servlet-9.4.43.v20210629.jar:/home/runner/.m2/repository/org/eclipse/jetty/jetty-security/9.4.43.v20210629/jetty-security-9.4.43.v20210629.jar:/home/runner/.m2/repository/org/rocksdb/rocksdbjni/6.20.3/rocksdbjni-6.20.3.jar:/home/runner/.m2/repository/io/prometheus/simpleclient_dropwizard/0.7.0/simpleclient_dropwizard-0.7.0.jar:/home/runner/.m2/repository/io/prometheus/simpleclient/0.7.0/simpleclient-0.7.0.jar:/home/runner/.m2/repository/io/prometheus/simpleclient_common/0.7.0/simpleclient_common-0.7.0.jar:/home/runner/.m2/repository/com/fasterxml/jackson/datatype/jackson-datatype-jsr310/2.12.1/jackson-datatype-jsr310-2.12.1.jar:/home/runner/.m2/repository/org/apache/ozone/hdds-test-utils/1.2.0-SNAPSHOT/hdds-test-utils-1.2.0-SNAPSHOT.jar:/home/runner/.m2/repository/com/google/guava/guava/30.1.1-jre/guava-30.1.1-jre.jar:/home/runner/.m2/repository/com/google/guava/failureaccess/1.0.1/failureaccess-1.0.1.jar:/home/runner/.m2/repository/com/google/guava/listenablefuture/9999.0-empty-to-avoid-conflict-with-guava/listenablefuture-9999.0-empty-to-avoid-conflict-with-guava.jar:/home/runner/.m2/repository/com/google/code/findbugs/jsr305/3.0.0/jsr305-3.0.0.jar:/home/runner/.m2/repository/org/checkerframework/checker-qual/3.8.0/checker-qual-3.8.0.jar:/home/runner/.m2/repository/com/google/errorprone/error_prone_annotations/2.2.0/error_prone_annotations-2.2.0.jar:/home/runner/.m2/repository/com/google/j2objc/j2objc-annotations/1.3/j2objc-annotations-1.3.jar:/home/runner/.m2/repository/commons-io/commons-io/2.8.0/commons-io-2.8.0.jar:/home/runner/.m2/repository/commons-logging/commons-logging/1.2/commons-logging-1.2.jar:/home/runner/.m2/repository/log4j/log4j/1.2.17/log4j-1.2.17.jar:/home/runner/.m2/repository/org/slf4j/slf4j-api/1.7.30/slf4j-api-1.7.30.jar:/home/runner/.m2/repository/org/apache/ozone/hdds-server-scm/1.2.0-SNAPSHOT/hdds-server-scm-1.2.0-SNAPSHOT.jar:/home/runner/.m2/repository/org/apache/ozone/hdds-container-service/1.2.0-SNAPSHOT/hdds-container-service-1.2.0-SNAPSHOT.jar:/home/runner/.m2/repository/org/apache/ozone/hdds-hadoop-dependency-server/1.2.0-SNAPSHOT/hdds-hadoop-dependency-server-1.2.0-SNAPSHOT.jar:/home/runner/.m2/repository/org/apache/hadoop/hadoop-hdfs/3.3.1/hadoop-hdfs-3.3.1.jar:/home/runner/.m2/repository/io/dropwizard/metrics/metrics-core/3.2.4/metrics-core-3.2.4.jar:/home/runner/.m2/repository/org/apache/hadoop/hadoop-hdfs-client/3.3.1/hadoop-hdfs-client-3.3.1.jar:/home/runner/.m2/repository/org/bouncycastle/bcprov-jdk15on/1.67/bcprov-jdk15on-1.67.jar:/home/runner/.m2/repository/com/google/protobuf/protobuf-java/2.5.0/protobuf-java-2.5.0.jar:/home/runner/.m2/repository/org/apache/ozone/ozone-manager/1.2.0-SNAPSHOT/ozone-manager-1.2.0-SNAPSHOT.jar:/home/runner/.m2/repository/org/aspectj/aspectjrt/1.8.9/aspectjrt-1.8.9.jar:/home/runner/.m2/repository/org/aspectj/aspectjweaver/1.8.9/aspectjweaver-1.8.9.jar:/home/runner/.m2/repository/org/apache/ozone/hdds-interface-client/1.2.0-SNAPSHOT/hdds-interface-client-1.2.0-SNAPSHOT.jar:/home/runner/.m2/repository/org/apache/hadoop/thirdparty/hadoop-shaded-protobuf_3_7/1.1.1/hadoop-shaded-protobuf_3_7-1.1.1.jar:/home/runner/.m2/repository/org/apache/ozone/ozone-interface-storage/1.2.0-SNAPSHOT/ozone-interface-storage-1.2.0-SNAPSHOT.jar:/home/runner/.m2/repository/org/reflections/reflections/0.9.11/reflections-0.9.11.jar:/home/runner/.m2/repository/org/apache/hadoop/hadoop-minikdc/3.3.1/hadoop-minikdc-3.3.1.jar:/home/runner/.m2/repository/org/apache/kerby/kerb-simplekdc/1.0.1/kerb-simplekdc-1.0.1.jar:/home/runner/.m2/repository/org/apache/kerby/kerb-client/1.0.1/kerb-client-1.0.1.jar:/home/runner/.m2/repository/org/apache/kerby/kerby-config/1.0.1/kerby-config-1.0.1.jar:/home/runner/.m2/repository/org/apache/kerby/kerb-common/1.0.1/kerb-common-1.0.1.jar:/home/runner/.m2/repository/org/apache/kerby/kerb-crypto/1.0.1/kerb-crypto-1.0.1.jar:/home/runner/.m2/repository/org/apache/kerby/kerb-util/1.0.1/kerb-util-1.0.1.jar:/home/runner/.m2/repository/org/apache/kerby/token-provider/1.0.1/token-provider-1.0.1.jar:/home/runner/.m2/repository/org/apache/kerby/kerb-admin/1.0.1/kerb-admin-1.0.1.jar:/home/runner/.m2/repository/org/apache/kerby/kerb-server/1.0.1/kerb-server-1.0.1.jar:/home/runner/.m2/repository/org/apache/kerby/kerb-identity/1.0.1/kerb-identity-1.0.1.jar:/home/runner/.m2/repository/org/apache/kerby/kerby-xdr/1.0.1/kerby-xdr-1.0.1.jar:/home/runner/.m2/repository/org/slf4j/slf4j-log4j12/1.7.30/slf4j-log4j12-1.7.30.jar:/home/runner/.m2/repository/org/apache/ozone/ozone-s3gateway/1.2.0-SNAPSHOT/ozone-s3gateway-1.2.0-SNAPSHOT.jar:/home/runner/.m2/repository/org/javassist/javassist/3.21.0-GA/javassist-3.21.0-GA.jar:/home/runner/.m2/repository/org/jboss/weld/servlet/weld-servlet/2.4.7.Final/weld-servlet-2.4.7.Final.jar:/home/runner/.m2/repository/org/glassfish/jersey/containers/jersey-container-servlet-core/2.33/jersey-container-servlet-core-2.33.jar:/home/runner/.m2/repository/org/glassfish/hk2/external/jakarta.inject/2.6.1/jakarta.inject-2.6.1.jar:/home/runner/.m2/repository/org/glassfish/jersey/core/jersey-common/2.33/jersey-common-2.33.jar:/home/runner/.m2/repository/jakarta/ws/rs/jakarta.ws.rs-api/2.1.6/jakarta.ws.rs-api-2.1.6.jar:/home/runner/.m2/repository/org/glassfish/jersey/ext/cdi/jersey-cdi1x/2.33/jersey-cdi1x-2.33.jar:/home/runner/.m2/repository/org/glassfish/jersey/inject/jersey-hk2/2.33/jersey-hk2-2.33.jar:/home/runner/.m2/repository/org/glassfish/hk2/hk2-locator/2.6.1/hk2-locator-2.6.1.jar:/home/runner/.m2/repository/org/glassfish/jersey/media/jersey-media-jaxb/2.33/jersey-media-jaxb-2.33.jar:/home/runner/.m2/repository/org/glassfish/hk2/osgi-resource-locator/1.0.3/osgi-resource-locator-1.0.3.jar:/home/runner/.m2/repository/org/glassfish/hk2/hk2-api/2.5.0/hk2-api-2.5.0.jar:/home/runner/.m2/repository/org/glassfish/hk2/hk2-utils/2.5.0/hk2-utils-2.5.0.jar:/home/runner/.m2/repository/org/glassfish/hk2/external/aopalliance-repackaged/2.5.0/aopalliance-repackaged-2.5.0.jar:/home/runner/.m2/repository/com/fasterxml/jackson/dataformat/jackson-dataformat-xml/2.12.1/jackson-dataformat-xml-2.12.1.jar:/home/runner/.m2/repository/com/fasterxml/jackson/core/jackson-core/2.12.1/jackson-core-2.12.1.jar:/home/runner/.m2/repository/com/fasterxml/jackson/module/jackson-module-jaxb-annotations/2.12.1/jackson-module-jaxb-annotations-2.12.1.jar:/home/runner/.m2/repository/jakarta/xml/bind/jakarta.xml.bind-api/2.3.2/jakarta.xml.bind-api-2.3.2.jar:/home/runner/.m2/repository/org/codehaus/woodstox/stax2-api/3.1.4/stax2-api-3.1.4.jar:/home/runner/.m2/repository/com/fasterxml/woodstox/woodstox-core/5.0.3/woodstox-core-5.0.3.jar:/home/runner/.m2/repository/javax/enterprise/cdi-api/1.2/cdi-api-1.2.jar:/home/runner/.m2/repository/javax/el/javax.el-api/3.0.0/javax.el-api-3.0.0.jar:/home/runner/.m2/repository/javax/interceptor/javax.interceptor-api/1.2/javax.interceptor-api-1.2.jar:/home/runner/.m2/repository/javax/inject/javax.inject/1/javax.inject-1.jar:/home/runner/.m2/repository/javax/xml/bind/jaxb-api/2.3.0/jaxb-api-2.3.0.jar:/home/runner/.m2/repository/org/glassfish/jaxb/jaxb-runtime/2.3.0.1/jaxb-runtime-2.3.0.1.jar:/home/runner/.m2/repository/org/glassfish/jaxb/jaxb-core/2.3.0.1/jaxb-core-2.3.0.1.jar:/home/runner/.m2/repository/org/glassfish/jaxb/txw2/2.3.0.1/txw2-2.3.0.1.jar:/home/runner/.m2/repository/com/sun/istack/istack-commons-runtime/3.0.5/istack-commons-runtime-3.0.5.jar:/home/runner/.m2/repository/org/jvnet/staxex/stax-ex/1.7.8/stax-ex-1.7.8.jar:/home/runner/.m2/repository/com/sun/xml/fastinfoset/FastInfoset/1.2.13/FastInfoset-1.2.13.jar:/home/runner/.m2/repository/javax/activation/activation/1.1.1/activation-1.1.1.jar:/home/runner/.m2/repository/org/apache/ozone/ozone-csi/1.2.0-SNAPSHOT/ozone-csi-1.2.0-SNAPSHOT.jar:/home/runner/.m2/repository/com/google/protobuf/protobuf-java-util/3.12.0/protobuf-java-util-3.12.0.jar:/home/runner/.m2/repository/com/google/code/gson/gson/2.2.4/gson-2.2.4.jar:/home/runner/.m2/repository/org/apache/ozone/hdds-config/1.2.0-SNAPSHOT/hdds-config-1.2.0-SNAPSHOT.jar:/home/runner/.m2/repository/io/grpc/grpc-netty/1.33.0/grpc-netty-1.33.0.jar:/home/runner/.m2/repository/io/grpc/grpc-core/1.33.0/grpc-core-1.33.0.jar:/home/runner/.m2/repository/com/google/android/annotations/4.1.1.4/annotations-4.1.1.4.jar:/home/runner/.m2/repository/io/netty/netty-codec-http2/4.1.63.Final/netty-codec-http2-4.1.63.Final.jar:/home/runner/.m2/repository/io/netty/netty-codec-http/4.1.63.Final/netty-codec-http-4.1.63.Final.jar:/home/runner/.m2/repository/io/netty/netty-handler-proxy/4.1.63.Final/netty-handler-proxy-4.1.63.Final.jar:/home/runner/.m2/repository/io/netty/netty-codec-socks/4.1.63.Final/netty-codec-socks-4.1.63.Final.jar:/home/runner/.m2/repository/io/perfmark/perfmark-api/0.19.0/perfmark-api-0.19.0.jar:/home/runner/.m2/repository/org/codehaus/mojo/animal-sniffer-annotations/1.18/animal-sniffer-annotations-1.18.jar:/home/runner/.m2/repository/io/netty/netty-transport-native-epoll/4.1.63.Final/netty-transport-native-epoll-4.1.63.Final.jar:/home/runner/.m2/repository/io/netty/netty-common/4.1.63.Final/netty-common-4.1.63.Final.jar:/home/runner/.m2/repository/io/netty/netty-buffer/4.1.63.Final/netty-buffer-4.1.63.Final.jar:/home/runner/.m2/repository/io/netty/netty-transport-native-unix-common/4.1.63.Final/netty-transport-native-unix-common-4.1.63.Final.jar:/home/runner/.m2/repository/io/grpc/grpc-protobuf/1.33.0/grpc-protobuf-1.33.0.jar:/home/runner/.m2/repository/io/grpc/grpc-api/1.33.0/grpc-api-1.33.0.jar:/home/runner/.m2/repository/io/grpc/grpc-context/1.33.0/grpc-context-1.33.0.jar:/home/runner/.m2/repository/com/google/api/grpc/proto-google-common-protos/1.17.0/proto-google-common-protos-1.17.0.jar:/home/runner/.m2/repository/io/grpc/grpc-protobuf-lite/1.33.0/grpc-protobuf-lite-1.33.0.jar:/home/runner/.m2/repository/io/grpc/grpc-stub/1.33.0/grpc-stub-1.33.0.jar:/home/runner/.m2/repository/org/apache/ozone/ozone-recon/1.2.0-SNAPSHOT/ozone-recon-1.2.0-SNAPSHOT.jar:/home/runner/.m2/repository/org/apache/ozone/ozone-reconcodegen/1.2.0-SNAPSHOT/ozone-reconcodegen-1.2.0-SNAPSHOT.jar:/home/runner/.m2/repository/com/google/inject/extensions/guice-multibindings/4.0/guice-multibindings-4.0.jar:/home/runner/.m2/repository/com/google/inject/guice/4.0/guice-4.0.jar:/home/runner/.m2/repository/aopalliance/aopalliance/1.0/aopalliance-1.0.jar:/home/runner/.m2/repository/com/google/inject/extensions/guice-assistedinject/4.0/guice-assistedinject-4.0.jar:/home/runner/.m2/repository/com/google/inject/extensions/guice-servlet/4.0/guice-servlet-4.0.jar:/home/runner/.m2/repository/org/glassfish/jersey/containers/jersey-container-servlet/2.33/jersey-container-servlet-2.33.jar:/home/runner/.m2/repository/org/glassfish/hk2/guice-bridge/2.5.0/guice-bridge-2.5.0.jar:/home/runner/.m2/repository/org/glassfish/jersey/core/jersey-server/2.33/jersey-server-2.33.jar:/home/runner/.m2/repository/org/glassfish/jersey/core/jersey-client/2.33/jersey-client-2.33.jar:/home/runner/.m2/repository/jakarta/annotation/jakarta.annotation-api/1.3.5/jakarta.annotation-api-1.3.5.jar:/home/runner/.m2/repository/jakarta/validation/jakarta.validation-api/2.0.2/jakarta.validation-api-2.0.2.jar:/home/runner/.m2/repository/org/glassfish/jersey/media/jersey-media-json-jackson/2.33/jersey-media-json-jackson-2.33.jar:/home/runner/.m2/repository/org/glassfish/jersey/ext/jersey-entity-filtering/2.33/jersey-entity-filtering-2.33.jar:/home/runner/.m2/repository/org/jooq/jooq/3.11.10/jooq-3.11.10.jar:/home/runner/.m2/repository/org/jooq/jooq-meta/3.11.10/jooq-meta-3.11.10.jar:/home/runner/.m2/repository/org/jooq/jooq-codegen/3.11.10/jooq-codegen-3.11.10.jar:/home/runner/.m2/repository/com/jolbox/bonecp/0.8.0.RELEASE/bonecp-0.8.0.RELEASE.jar:/home/runner/.m2/repository/org/apache/derby/derby/10.14.2.0/derby-10.14.2.0.jar:/home/runner/.m2/repository/org/xerial/sqlite-jdbc/3.25.2/sqlite-jdbc-3.25.2.jar:/home/runner/.m2/repository/org/springframework/spring-jdbc/5.2.11.RELEASE/spring-jdbc-5.2.11.RELEASE.jar:/home/runner/.m2/repository/org/springframework/spring-beans/5.2.11.RELEASE/spring-beans-5.2.11.RELEASE.jar:/home/runner/.m2/repository/org/springframework/spring-core/5.2.11.RELEASE/spring-core-5.2.11.RELEASE.jar:/home/runner/.m2/repository/org/springframework/spring-jcl/5.2.11.RELEASE/spring-jcl-5.2.11.RELEASE.jar:/home/runner/.m2/repository/org/springframework/spring-tx/5.2.11.RELEASE/spring-tx-5.2.11.RELEASE.jar:/home/runner/.m2/repository/org/apache/ozone/ozone-client/1.2.0-SNAPSHOT/ozone-client-1.2.0-SNAPSHOT.jar:/home/runner/.m2/repository/org/apache/ozone/ozone-filesystem/1.2.0-SNAPSHOT/ozone-filesystem-1.2.0-SNAPSHOT.jar:/home/runner/.m2/repository/org/apache/ozone/ozone-filesystem-common/1.2.0-SNAPSHOT/ozone-filesystem-common-1.2.0-SNAPSHOT.jar:/home/runner/.m2/repository/org/apache/ozone/ozone-tools/1.2.0-SNAPSHOT/ozone-tools-1.2.0-SNAPSHOT.jar:/home/runner/.m2/repository/org/apache/ratis/ratis-tools/2.1.0-03f3b68-SNAPSHOT/ratis-tools-2.1.0-03f3b68-SNAPSHOT.jar:/home/runner/.m2/repository/com/amazonaws/aws-java-sdk-core/1.11.901/aws-java-sdk-core-1.11.901.jar:/home/runner/.m2/repository/org/apache/httpcomponents/httpclient/4.5.13/httpclient-4.5.13.jar:/home/runner/.m2/repository/org/apache/httpcomponents/httpcore/4.4.13/httpcore-4.4.13.jar:/home/runner/.m2/repository/software/amazon/ion/ion-java/1.0.2/ion-java-1.0.2.jar:/home/runner/.m2/repository/com/fasterxml/jackson/dataformat/jackson-dataformat-cbor/2.12.1/jackson-dataformat-cbor-2.12.1.jar:/home/runner/.m2/repository/joda-time/joda-time/2.8.1/joda-time-2.8.1.jar:/home/runner/.m2/repository/com/amazonaws/aws-java-sdk-s3/1.11.901/aws-java-sdk-s3-1.11.901.jar:/home/runner/.m2/repository/com/amazonaws/aws-java-sdk-kms/1.11.901/aws-java-sdk-kms-1.11.901.jar:/home/runner/.m2/repository/com/amazonaws/jmespath-java/1.11.901/jmespath-java-1.11.901.jar:/home/runner/.m2/repository/org/kohsuke/metainf-services/metainf-services/1.8/metainf-services-1.8.jar:/home/runner/.m2/repository/org/apache/ozone/hdds-tools/1.2.0-SNAPSHOT/hdds-tools-1.2.0-SNAPSHOT.jar:/home/runner/.m2/repository/commons-cli/commons-cli/1.2/commons-cli-1.2.jar:/home/runner/.m2/repository/org/apache/commons/commons-lang3/3.7/commons-lang3-3.7.jar:/home/runner/.m2/repository/org/apache/ozone/ozone-manager/1.2.0-SNAPSHOT/ozone-manager-1.2.0-SNAPSHOT-tests.jar:/home/runner/.m2/repository/org/apache/ozone/hdds-common/1.2.0-SNAPSHOT/hdds-common-1.2.0-SNAPSHOT-tests.jar:/home/runner/.m2/repository/org/apache/ozone/hdds-hadoop-dependency-client/1.2.0-SNAPSHOT/hdds-hadoop-dependency-client-1.2.0-SNAPSHOT.jar:/home/runner/.m2/repository/info/picocli/picocli/4.6.1/picocli-4.6.1.jar:/home/runner/.m2/repository/com/fasterxml/jackson/core/jackson-annotations/2.12.1/jackson-annotations-2.12.1.jar:/home/runner/.m2/repository/javax/annotation/javax.annotation-api/1.2/javax.annotation-api-1.2.jar:/home/runner/.m2/repository/org/apache/ratis/ratis-server/2.1.0-03f3b68-SNAPSHOT/ratis-server-2.1.0-03f3b68-SNAPSHOT.jar:/home/runner/.m2/repository/org/apache/ratis/ratis-client/2.1.0-03f3b68-SNAPSHOT/ratis-client-2.1.0-03f3b68-SNAPSHOT.jar:/home/runner/.m2/repository/org/apache/ratis/ratis-server-api/2.1.0-03f3b68-SNAPSHOT/ratis-server-api-2.1.0-03f3b68-SNAPSHOT.jar:/home/runner/.m2/repository/org/apache/ratis/ratis-metrics/2.1.0-03f3b68-SNAPSHOT/ratis-metrics-2.1.0-03f3b68-SNAPSHOT.jar:/home/runner/.m2/repository/org/apache/ratis/ratis-netty/2.1.0-03f3b68-SNAPSHOT/ratis-netty-2.1.0-03f3b68-SNAPSHOT.jar:/home/runner/.m2/repository/org/apache/ratis/ratis-grpc/2.1.0-03f3b68-SNAPSHOT/ratis-grpc-2.1.0-03f3b68-SNAPSHOT.jar:/home/runner/.m2/repository/org/apache/logging/log4j/log4j-api/2.13.3/log4j-api-2.13.3.jar:/home/runner/.m2/repository/org/apache/logging/log4j/log4j-core/2.13.3/log4j-core-2.13.3.jar:/home/runner/.m2/repository/com/lmax/disruptor/3.4.2/disruptor-3.4.2.jar:/home/runner/.m2/repository/org/apache/commons/commons-pool2/2.6.0/commons-pool2-2.6.0.jar:/home/runner/.m2/repository/org/bouncycastle/bcpkix-jdk15on/1.67/bcpkix-jdk15on-1.67.jar:/home/runner/.m2/repository/commons-validator/commons-validator/1.6/commons-validator-1.6.jar:/home/runner/.m2/repository/commons-beanutils/commons-beanutils/1.9.4/commons-beanutils-1.9.4.jar:/home/runner/.m2/repository/commons-digester/commons-digester/1.8.1/commons-digester-1.8.1.jar:/home/runner/.m2/repository/commons-collections/commons-collections/3.2.2/commons-collections-3.2.2.jar:/home/runner/.m2/repository/io/jaegertracing/jaeger-client/1.6.0/jaeger-client-1.6.0.jar:/home/runner/.m2/repository/io/jaegertracing/jaeger-thrift/1.6.0/jaeger-thrift-1.6.0.jar:/home/runner/.m2/repository/org/apache/thrift/libthrift/0.14.1/libthrift-0.14.1.jar:/home/runner/.m2/repository/com/squareup/okhttp3/okhttp/4.9.0/okhttp-4.9.0.jar:/home/runner/.m2/repository/com/squareup/okio/okio/2.8.0/okio-2.8.0.jar:/home/runner/.m2/repository/io/jaegertracing/jaeger-core/1.6.0/jaeger-core-1.6.0.jar:/home/runner/.m2/repository/io/jaegertracing/jaeger-tracerresolver/1.6.0/jaeger-tracerresolver-1.6.0.jar:/home/runner/.m2/repository/io/opentracing/contrib/opentracing-tracerresolver/0.1.8/opentracing-tracerresolver-0.1.8.jar:/home/runner/.m2/repository/org/jetbrains/kotlin/kotlin-stdlib/1.4.31/kotlin-stdlib-1.4.31.jar:/home/runner/.m2/repository/org/jetbrains/kotlin/kotlin-stdlib-common/1.4.31/kotlin-stdlib-common-1.4.31.jar:/home/runner/.m2/repository/org/jetbrains/annotations/13.0/annotations-13.0.jar:/home/runner/.m2/repository/io/opentracing/opentracing-util/0.33.0/opentracing-util-0.33.0.jar:/home/runner/.m2/repository/io/opentracing/opentracing-api/0.33.0/opentracing-api-0.33.0.jar:/home/runner/.m2/repository/io/opentracing/opentracing-noop/0.33.0/opentracing-noop-0.33.0.jar:/home/runner/.m2/repository/org/yaml/snakeyaml/1.26/snakeyaml-1.26.jar:/home/runner/.m2/repository/org/apache/ozone/hdds-interface-admin/1.2.0-SNAPSHOT/hdds-interface-admin-1.2.0-SNAPSHOT.jar:/home/runner/.m2/repository/junit/junit/4.13.1/junit-4.13.1.jar:/home/runner/.m2/repository/org/hamcrest/hamcrest-core/1.3/hamcrest-core-1.3.jar:/home/runner/.m2/repository/org/junit/jupiter/junit-jupiter-api/5.7.0/junit-jupiter-api-5.7.0.jar:/home/runner/.m2/repository/org/apiguardian/apiguardian-api/1.1.0/apiguardian-api-1.1.0.jar:/home/runner/.m2/repository/org/opentest4j/opentest4j/1.2.0/opentest4j-1.2.0.jar:/home/runner/.m2/repository/org/junit/platform/junit-platform-commons/1.7.0/junit-platform-commons-1.7.0.jar:/home/runner/.m2/repository/org/junit/jupiter/junit-jupiter-engine/5.7.0/junit-jupiter-engine-5.7.0.jar:/home/runner/.m2/repository/org/junit/platform/junit-platform-engine/1.7.0/junit-platform-engine-1.7.0.jar:/home/runner/.m2/repository/org/junit/vintage/junit-vintage-engine/5.7.0/junit-vintage-engine-5.7.0.jar:/home/runner/.m2/repository/org/junit/platform/junit-platform-launcher/1.7.0/junit-platform-launcher-1.7.0.jar:/home/runner/.m2/repository/org/openjdk/jmh/jmh-core/1.19/jmh-core-1.19.jar:/home/runner/.m2/repository/net/sf/jopt-simple/jopt-simple/4.6/jopt-simple-4.6.jar:/home/runner/.m2/repository/org/apache/commons/commons-math3/3.1.1/commons-math3-3.1.1.jar:/home/runner/.m2/repository/org/openjdk/jmh/jmh-generator-annprocess/1.19/jmh-generator-annprocess-1.19.jar:/home/runner/.m2/repository/org/mockito/mockito-core/2.28.2/mockito-core-2.28.2.jar:/home/runner/.m2/repository/net/bytebuddy/byte-buddy/1.9.10/byte-buddy-1.9.10.jar:/home/runner/.m2/repository/net/bytebuddy/byte-buddy-agent/1.9.10/byte-buddy-agent-1.9.10.jar:/home/runner/.m2/repository/org/objenesis/objenesis/1.0/objenesis-1.0.jar:/home/runner/.m2/repository/org/apache/hadoop/hadoop-kms/3.3.1/hadoop-kms-3.3.1.jar:/home/runner/.m2/repository/org/apache/hadoop/hadoop-auth/3.3.1/hadoop-auth-3.3.1.jar:/home/runner/.m2/repository/com/nimbusds/nimbus-jose-jwt/7.9/nimbus-jose-jwt-7.9.jar:/home/runner/.m2/repository/com/github/stephenc/jcip/jcip-annotations/1.0-1/jcip-annotations-1.0-1.jar:/home/runner/.m2/repository/net/minidev/json-smart/2.3/json-smart-2.3.jar:/home/runner/.m2/repository/net/minidev/accessors-smart/1.2/accessors-smart-1.2.jar:/home/runner/.m2/repository/org/ow2/asm/asm/5.0.4/asm-5.0.4.jar:/home/runner/.m2/repository/org/apache/zookeeper/zookeeper/3.5.6/zookeeper-3.5.6.jar:/home/runner/.m2/repository/org/apache/zookeeper/zookeeper-jute/3.5.6/zookeeper-jute-3.5.6.jar:/home/runner/.m2/repository/org/apache/yetus/audience-annotations/0.5.0/audience-annotations-0.5.0.jar:/home/runner/.m2/repository/org/apache/curator/curator-framework/4.2.0/curator-framework-4.2.0.jar:/home/runner/.m2/repository/org/apache/hadoop/thirdparty/hadoop-shaded-guava/1.1.1/hadoop-shaded-guava-1.1.1.jar:/home/runner/.m2/repository/com/sun/jersey/jersey-core/1.19/jersey-core-1.19.jar:/home/runner/.m2/repository/javax/ws/rs/jsr311-api/1.1.1/jsr311-api-1.1.1.jar:/home/runner/.m2/repository/com/sun/jersey/jersey-server/1.19/jersey-server-1.19.jar:/home/runner/.m2/repository/javax/servlet/javax.servlet-api/3.1.0/javax.servlet-api-3.1.0.jar:/home/runner/.m2/repository/org/eclipse/jetty/jetty-server/9.4.43.v20210629/jetty-server-9.4.43.v20210629.jar:/home/runner/.m2/repository/org/eclipse/jetty/jetty-http/9.4.43.v20210629/jetty-http-9.4.43.v20210629.jar:/home/runner/.m2/repository/org/eclipse/jetty/jetty-io/9.4.43.v20210629/jetty-io-9.4.43.v20210629.jar:/home/runner/.m2/repository/org/eclipse/jetty/jetty-webapp/9.4.43.v20210629/jetty-webapp-9.4.43.v20210629.jar:/home/runner/.m2/repository/org/eclipse/jetty/jetty-xml/9.4.43.v20210629/jetty-xml-9.4.43.v20210629.jar:/home/runner/.m2/repository/org/apache/hadoop/hadoop-common/3.3.1/hadoop-common-3.3.1.jar:/home/runner/.m2/repository/commons-net/commons-net/3.6/commons-net-3.6.jar:/home/runner/.m2/repository/jakarta/activation/jakarta.activation-api/1.2.1/jakarta.activation-api-1.2.1.jar:/home/runner/.m2/repository/com/sun/jersey/jersey-servlet/1.19/jersey-servlet-1.19.jar:/home/runner/.m2/repository/com/sun/jersey/jersey-json/1.19/jersey-json-1.19.jar:/home/runner/.m2/repository/org/codehaus/jettison/jettison/1.1/jettison-1.1.jar:/home/runner/.m2/repository/com/sun/xml/bind/jaxb-impl/2.2.3-1/jaxb-impl-2.2.3-1.jar:/home/runner/.m2/repository/org/codehaus/jackson/jackson-jaxrs/1.9.2/jackson-jaxrs-1.9.2.jar:/home/runner/.m2/repository/org/codehaus/jackson/jackson-xc/1.9.2/jackson-xc-1.9.2.jar:/home/runner/.m2/repository/org/apache/commons/commons-configuration2/2.1.1/commons-configuration2-2.1.1.jar:/home/runner/.m2/repository/org/apache/commons/commons-text/1.4/commons-text-1.4.jar:/home/runner/.m2/repository/com/google/re2j/re2j/1.1/re2j-1.1.jar:/home/runner/.m2/repository/com/jcraft/jsch/0.1.54/jsch-0.1.54.jar:/home/runner/.m2/repository/org/apache/curator/curator-client/4.2.0/curator-client-4.2.0.jar:/home/runner/.m2/repository/org/apache/curator/curator-recipes/4.2.0/curator-recipes-4.2.0.jar:/home/runner/.m2/repository/org/apache/kerby/kerb-core/1.0.1/kerb-core-1.0.1.jar:/home/runner/.m2/repository/org/apache/kerby/kerby-pkix/1.0.1/kerby-pkix-1.0.1.jar:/home/runner/.m2/repository/org/apache/kerby/kerby-asn1/1.0.1/kerby-asn1-1.0.1.jar:/home/runner/.m2/repository/org/apache/kerby/kerby-util/1.0.1/kerby-util-1.0.1.jar:/home/runner/.m2/repository/dnsjava/dnsjava/2.1.7/dnsjava-2.1.7.jar:/home/runner/.m2/repository/org/xerial/snappy/snappy-java/1.1.8.2/snappy-java-1.1.8.2.jar:/home/runner/.m2/repository/org/slf4j/jul-to-slf4j/1.7.30/jul-to-slf4j-1.7.30.jar:/home/runner/.m2/repository/org/eclipse/jetty/jetty-util/9.4.43.v20210629/jetty-util-9.4.43.v20210629.jar:/home/runner/.m2/repository/com/fasterxml/jackson/core/jackson-databind/2.12.1/jackson-databind-2.12.1.jar:/home/runner/.m2/repository/org/apache/hadoop/hadoop-kms/3.3.1/hadoop-kms-3.3.1-tests.jar:/home/runner/.m2/repository/org/apache/ozone/hdds-server-scm/1.2.0-SNAPSHOT/hdds-server-scm-1.2.0-SNAPSHOT-tests.jar:/home/runner/.m2/repository/org/apache/ozone/hdds-container-service/1.2.0-SNAPSHOT/hdds-container-service-1.2.0-SNAPSHOT-tests.jar:/home/runner/.m2/repository/commons-codec/commons-codec/1.11/commons-codec-1.11.jar:/home/runner/.m2/repository/io/netty/netty-transport/4.1.63.Final/netty-transport-4.1.63.Final.jar:/home/runner/.m2/repository/io/netty/netty-resolver/4.1.63.Final/netty-resolver-4.1.63.Final.jar:/home/runner/.m2/repository/io/netty/netty-codec/4.1.63.Final/netty-codec-4.1.63.Final.jar:/home/runner/.m2/repository/io/netty/netty-handler/4.1.63.Final/netty-handler-4.1.63.Final.jar:/home/runner/.m2/repository/org/apache/ozone/hdds-hadoop-dependency-test/1.2.0-SNAPSHOT/hdds-hadoop-dependency-test-1.2.0-SNAPSHOT.jar:/home/runner/.m2/repository/org/apache/hadoop/hadoop-common/3.3.1/hadoop-common-3.3.1-tests.jar:/home/runner/.m2/repository/org/assertj/assertj-core/3.12.2/assertj-core-3.12.2.jar:/home/runner/.m2/repository/org/apache/hadoop/hadoop-hdfs/3.3.1/hadoop-hdfs-3.3.1-tests.jar:/home/runner/.m2/repository/org/eclipse/jetty/jetty-util-ajax/9.4.43.v20210629/jetty-util-ajax-9.4.43.v20210629.jar:/home/runner/.m2/repository/commons-daemon/commons-daemon/1.0.13/commons-daemon-1.0.13.jar:/home/runner/.m2/repository/io/netty/netty/3.10.6.Final/netty-3.10.6.Final.jar:/home/runner/.m2/repository/io/netty/netty-all/4.1.63.Final/netty-all-4.1.63.Final.jar:/home/runner/.m2/repository/org/apache/htrace/htrace-core4/4.1.0-incubating/htrace-core4-4.1.0-incubating.jar:/home/runner/.m2/repository/org/fusesource/leveldbjni/leveldbjni-all/1.8/leveldbjni-all-1.8.jar:/home/runner/.m2/repository/org/apache/hadoop/hadoop-distcp/3.3.1/hadoop-distcp-3.3.1.jar:/home/runner/.m2/repository/org/apache/hadoop/hadoop-mapreduce-client-jobclient/3.3.1/hadoop-mapreduce-client-jobclient-3.3.1.jar:/home/runner/.m2/repository/org/apache/hadoop/hadoop-mapreduce-client-common/3.3.1/hadoop-mapreduce-client-common-3.3.1.jar:/home/runner/.m2/repository/org/apache/hadoop/hadoop-yarn-common/3.3.1/hadoop-yarn-common-3.3.1.jar:/home/runner/.m2/repository/org/apache/hadoop/hadoop-yarn-api/3.3.1/hadoop-yarn-api-3.3.1.jar:/home/runner/.m2/repository/com/sun/jersey/jersey-client/1.19/jersey-client-1.19.jar:/home/runner/.m2/repository/com/sun/jersey/contribs/jersey-guice/1.19/jersey-guice-1.19.jar:/home/runner/.m2/repository/com/fasterxml/jackson/jaxrs/jackson-jaxrs-json-provider/2.12.1/jackson-jaxrs-json-provider-2.12.1.jar:/home/runner/.m2/repository/com/fasterxml/jackson/jaxrs/jackson-jaxrs-base/2.12.1/jackson-jaxrs-base-2.12.1.jar:/home/runner/.m2/repository/org/apache/hadoop/hadoop-yarn-client/3.3.1/hadoop-yarn-client-3.3.1.jar:/home/runner/.m2/repository/org/eclipse/jetty/websocket/websocket-client/9.4.40.v20210413/websocket-client-9.4.40.v20210413.jar:/home/runner/.m2/repository/org/eclipse/jetty/jetty-client/9.4.40.v20210413/jetty-client-9.4.40.v20210413.jar:/home/runner/.m2/repository/org/eclipse/jetty/websocket/websocket-common/9.4.40.v20210413/websocket-common-9.4.40.v20210413.jar:/home/runner/.m2/repository/org/eclipse/jetty/websocket/websocket-api/9.4.40.v20210413/websocket-api-9.4.40.v20210413.jar:/home/runner/.m2/repository/org/jline/jline/3.9.0/jline-3.9.0.jar:/home/runner/.m2/repository/org/apache/hadoop/hadoop-mapreduce-client-core/3.3.1/hadoop-mapreduce-client-core-3.3.1.jar:/home/runner/.m2/repository/org/apache/avro/avro/1.7.7/avro-1.7.7.jar:/home/runner/.m2/repository/org/codehaus/jackson/jackson-core-asl/1.9.13/jackson-core-asl-1.9.13.jar:/home/runner/.m2/repository/org/codehaus/jackson/jackson-mapper-asl/1.9.13/jackson-mapper-asl-1.9.13.jar:/home/runner/.m2/repository/com/thoughtworks/paranamer/paranamer/2.3/paranamer-2.3.jar:/home/runner/.m2/repository/org/apache/hadoop/hadoop-annotations/3.3.1/hadoop-annotations-3.3.1.jar:/usr/lib/jvm/adoptopenjdk-8-hotspot-amd64/jre/../lib/tools.jar:/home/runner/.m2/repository/org/apache/hadoop/hadoop-distcp/3.3.1/hadoop-distcp-3.3.1-tests.jar:/home/runner/.m2/repository/org/apache/ratis/ratis-common/2.1.0-03f3b68-SNAPSHOT/ratis-common-2.1.0-03f3b68-SNAPSHOT.jar:/home/runner/.m2/repository/org/apache/ratis/ratis-thirdparty-misc/0.7.0/ratis-thirdparty-misc-0.7.0.jar:/home/runner/.m2/repository/org/apache/ratis/ratis-proto/2.1.0-03f3b68-SNAPSHOT/ratis-proto-2.1.0-03f3b68-SNAPSHOT.jar:"/>
    <property name="java.vm.vendor" value="AdoptOpenJDK"/>
    <property name="sun.arch.data.model" value="64"/>
    <property name="test.build.dir" value="/home/runner/work/ozone/ozone/hadoop-ozone/integration-test/target/test-dir"/>
    <property name="test.cache.data" value=""/>
    <property name="java.vendor.url" value="https://adoptopenjdk.net/"/>
    <property name="user.timezone" value=""/>
    <property name="java.vm.specification.version" value="1.8"/>
    <property name="os.name" value="Linux"/>
    <property name="test.build.data" value="/home/runner/work/ozone/ozone/hadoop-ozone/integration-test/target/test-dir"/>
    <property name="sun.java.launcher" value="SUN_STANDARD"/>
    <property name="sun.boot.library.path" value="/usr/lib/jvm/adoptopenjdk-8-hotspot-amd64/jre/lib/amd64"/>
    <property name="sun.java.command" value="/home/runner/work/ozone/ozone/hadoop-ozone/integration-test/target/surefire/surefirebooter1478547703148300380.jar /home/runner/work/ozone/ozone/hadoop-ozone/integration-test/target/surefire 2021-09-16T11-44-08_467-jvmRun1 surefire3388995967283115846tmp surefire_506277039957614299608tmp"/>
    <property name="surefire.test.class.path" value="/home/runner/work/ozone/ozone/hadoop-ozone/integration-test/target/test-classes:/home/runner/work/ozone/ozone/hadoop-ozone/integration-test/target/classes:/home/runner/.m2/repository/org/apache/ozone/ozone-common/1.2.0-SNAPSHOT/ozone-common-1.2.0-SNAPSHOT.jar:/home/runner/.m2/repository/org/apache/commons/commons-compress/1.20/commons-compress-1.20.jar:/home/runner/.m2/repository/org/apache/ozone/hdds-common/1.2.0-SNAPSHOT/hdds-common-1.2.0-SNAPSHOT.jar:/home/runner/.m2/repository/org/apache/ozone/hdds-client/1.2.0-SNAPSHOT/hdds-client-1.2.0-SNAPSHOT.jar:/home/runner/.m2/repository/org/apache/ozone/ozone-interface-client/1.2.0-SNAPSHOT/ozone-interface-client-1.2.0-SNAPSHOT.jar:/home/runner/.m2/repository/org/apache/ozone/hdds-server-framework/1.2.0-SNAPSHOT/hdds-server-framework-1.2.0-SNAPSHOT.jar:/home/runner/.m2/repository/org/apache/ozone/hdds-interface-server/1.2.0-SNAPSHOT/hdds-interface-server-1.2.0-SNAPSHOT.jar:/home/runner/.m2/repository/org/eclipse/jetty/jetty-servlet/9.4.43.v20210629/jetty-servlet-9.4.43.v20210629.jar:/home/runner/.m2/repository/org/eclipse/jetty/jetty-security/9.4.43.v20210629/jetty-security-9.4.43.v20210629.jar:/home/runner/.m2/repository/org/rocksdb/rocksdbjni/6.20.3/rocksdbjni-6.20.3.jar:/home/runner/.m2/repository/io/prometheus/simpleclient_dropwizard/0.7.0/simpleclient_dropwizard-0.7.0.jar:/home/runner/.m2/repository/io/prometheus/simpleclient/0.7.0/simpleclient-0.7.0.jar:/home/runner/.m2/repository/io/prometheus/simpleclient_common/0.7.0/simpleclient_common-0.7.0.jar:/home/runner/.m2/repository/com/fasterxml/jackson/datatype/jackson-datatype-jsr310/2.12.1/jackson-datatype-jsr310-2.12.1.jar:/home/runner/.m2/repository/org/apache/ozone/hdds-test-utils/1.2.0-SNAPSHOT/hdds-test-utils-1.2.0-SNAPSHOT.jar:/home/runner/.m2/repository/com/google/guava/guava/30.1.1-jre/guava-30.1.1-jre.jar:/home/runner/.m2/repository/com/google/guava/failureaccess/1.0.1/failureaccess-1.0.1.jar:/home/runner/.m2/repository/com/google/guava/listenablefuture/9999.0-empty-to-avoid-conflict-with-guava/listenablefuture-9999.0-empty-to-avoid-conflict-with-guava.jar:/home/runner/.m2/repository/com/google/code/findbugs/jsr305/3.0.0/jsr305-3.0.0.jar:/home/runner/.m2/repository/org/checkerframework/checker-qual/3.8.0/checker-qual-3.8.0.jar:/home/runner/.m2/repository/com/google/errorprone/error_prone_annotations/2.2.0/error_prone_annotations-2.2.0.jar:/home/runner/.m2/repository/com/google/j2objc/j2objc-annotations/1.3/j2objc-annotations-1.3.jar:/home/runner/.m2/repository/commons-io/commons-io/2.8.0/commons-io-2.8.0.jar:/home/runner/.m2/repository/commons-logging/commons-logging/1.2/commons-logging-1.2.jar:/home/runner/.m2/repository/log4j/log4j/1.2.17/log4j-1.2.17.jar:/home/runner/.m2/repository/org/slf4j/slf4j-api/1.7.30/slf4j-api-1.7.30.jar:/home/runner/.m2/repository/org/apache/ozone/hdds-server-scm/1.2.0-SNAPSHOT/hdds-server-scm-1.2.0-SNAPSHOT.jar:/home/runner/.m2/repository/org/apache/ozone/hdds-container-service/1.2.0-SNAPSHOT/hdds-container-service-1.2.0-SNAPSHOT.jar:/home/runner/.m2/repository/org/apache/ozone/hdds-hadoop-dependency-server/1.2.0-SNAPSHOT/hdds-hadoop-dependency-server-1.2.0-SNAPSHOT.jar:/home/runner/.m2/repository/org/apache/hadoop/hadoop-hdfs/3.3.1/hadoop-hdfs-3.3.1.jar:/home/runner/.m2/repository/io/dropwizard/metrics/metrics-core/3.2.4/metrics-core-3.2.4.jar:/home/runner/.m2/repository/org/apache/hadoop/hadoop-hdfs-client/3.3.1/hadoop-hdfs-client-3.3.1.jar:/home/runner/.m2/repository/org/bouncycastle/bcprov-jdk15on/1.67/bcprov-jdk15on-1.67.jar:/home/runner/.m2/repository/com/google/protobuf/protobuf-java/2.5.0/protobuf-java-2.5.0.jar:/home/runner/.m2/repository/org/apache/ozone/ozone-manager/1.2.0-SNAPSHOT/ozone-manager-1.2.0-SNAPSHOT.jar:/home/runner/.m2/repository/org/aspectj/aspectjrt/1.8.9/aspectjrt-1.8.9.jar:/home/runner/.m2/repository/org/aspectj/aspectjweaver/1.8.9/aspectjweaver-1.8.9.jar:/home/runner/.m2/repository/org/apache/ozone/hdds-interface-client/1.2.0-SNAPSHOT/hdds-interface-client-1.2.0-SNAPSHOT.jar:/home/runner/.m2/repository/org/apache/hadoop/thirdparty/hadoop-shaded-protobuf_3_7/1.1.1/hadoop-shaded-protobuf_3_7-1.1.1.jar:/home/runner/.m2/repository/org/apache/ozone/ozone-interface-storage/1.2.0-SNAPSHOT/ozone-interface-storage-1.2.0-SNAPSHOT.jar:/home/runner/.m2/repository/org/reflections/reflections/0.9.11/reflections-0.9.11.jar:/home/runner/.m2/repository/org/apache/hadoop/hadoop-minikdc/3.3.1/hadoop-minikdc-3.3.1.jar:/home/runner/.m2/repository/org/apache/kerby/kerb-simplekdc/1.0.1/kerb-simplekdc-1.0.1.jar:/home/runner/.m2/repository/org/apache/kerby/kerb-client/1.0.1/kerb-client-1.0.1.jar:/home/runner/.m2/repository/org/apache/kerby/kerby-config/1.0.1/kerby-config-1.0.1.jar:/home/runner/.m2/repository/org/apache/kerby/kerb-common/1.0.1/kerb-common-1.0.1.jar:/home/runner/.m2/repository/org/apache/kerby/kerb-crypto/1.0.1/kerb-crypto-1.0.1.jar:/home/runner/.m2/repository/org/apache/kerby/kerb-util/1.0.1/kerb-util-1.0.1.jar:/home/runner/.m2/repository/org/apache/kerby/token-provider/1.0.1/token-provider-1.0.1.jar:/home/runner/.m2/repository/org/apache/kerby/kerb-admin/1.0.1/kerb-admin-1.0.1.jar:/home/runner/.m2/repository/org/apache/kerby/kerb-server/1.0.1/kerb-server-1.0.1.jar:/home/runner/.m2/repository/org/apache/kerby/kerb-identity/1.0.1/kerb-identity-1.0.1.jar:/home/runner/.m2/repository/org/apache/kerby/kerby-xdr/1.0.1/kerby-xdr-1.0.1.jar:/home/runner/.m2/repository/org/slf4j/slf4j-log4j12/1.7.30/slf4j-log4j12-1.7.30.jar:/home/runner/.m2/repository/org/apache/ozone/ozone-s3gateway/1.2.0-SNAPSHOT/ozone-s3gateway-1.2.0-SNAPSHOT.jar:/home/runner/.m2/repository/org/javassist/javassist/3.21.0-GA/javassist-3.21.0-GA.jar:/home/runner/.m2/repository/org/jboss/weld/servlet/weld-servlet/2.4.7.Final/weld-servlet-2.4.7.Final.jar:/home/runner/.m2/repository/org/glassfish/jersey/containers/jersey-container-servlet-core/2.33/jersey-container-servlet-core-2.33.jar:/home/runner/.m2/repository/org/glassfish/hk2/external/jakarta.inject/2.6.1/jakarta.inject-2.6.1.jar:/home/runner/.m2/repository/org/glassfish/jersey/core/jersey-common/2.33/jersey-common-2.33.jar:/home/runner/.m2/repository/jakarta/ws/rs/jakarta.ws.rs-api/2.1.6/jakarta.ws.rs-api-2.1.6.jar:/home/runner/.m2/repository/org/glassfish/jersey/ext/cdi/jersey-cdi1x/2.33/jersey-cdi1x-2.33.jar:/home/runner/.m2/repository/org/glassfish/jersey/inject/jersey-hk2/2.33/jersey-hk2-2.33.jar:/home/runner/.m2/repository/org/glassfish/hk2/hk2-locator/2.6.1/hk2-locator-2.6.1.jar:/home/runner/.m2/repository/org/glassfish/jersey/media/jersey-media-jaxb/2.33/jersey-media-jaxb-2.33.jar:/home/runner/.m2/repository/org/glassfish/hk2/osgi-resource-locator/1.0.3/osgi-resource-locator-1.0.3.jar:/home/runner/.m2/repository/org/glassfish/hk2/hk2-api/2.5.0/hk2-api-2.5.0.jar:/home/runner/.m2/repository/org/glassfish/hk2/hk2-utils/2.5.0/hk2-utils-2.5.0.jar:/home/runner/.m2/repository/org/glassfish/hk2/external/aopalliance-repackaged/2.5.0/aopalliance-repackaged-2.5.0.jar:/home/runner/.m2/repository/com/fasterxml/jackson/dataformat/jackson-dataformat-xml/2.12.1/jackson-dataformat-xml-2.12.1.jar:/home/runner/.m2/repository/com/fasterxml/jackson/core/jackson-core/2.12.1/jackson-core-2.12.1.jar:/home/runner/.m2/repository/com/fasterxml/jackson/module/jackson-module-jaxb-annotations/2.12.1/jackson-module-jaxb-annotations-2.12.1.jar:/home/runner/.m2/repository/jakarta/xml/bind/jakarta.xml.bind-api/2.3.2/jakarta.xml.bind-api-2.3.2.jar:/home/runner/.m2/repository/org/codehaus/woodstox/stax2-api/3.1.4/stax2-api-3.1.4.jar:/home/runner/.m2/repository/com/fasterxml/woodstox/woodstox-core/5.0.3/woodstox-core-5.0.3.jar:/home/runner/.m2/repository/javax/enterprise/cdi-api/1.2/cdi-api-1.2.jar:/home/runner/.m2/repository/javax/el/javax.el-api/3.0.0/javax.el-api-3.0.0.jar:/home/runner/.m2/repository/javax/interceptor/javax.interceptor-api/1.2/javax.interceptor-api-1.2.jar:/home/runner/.m2/repository/javax/inject/javax.inject/1/javax.inject-1.jar:/home/runner/.m2/repository/javax/xml/bind/jaxb-api/2.3.0/jaxb-api-2.3.0.jar:/home/runner/.m2/repository/org/glassfish/jaxb/jaxb-runtime/2.3.0.1/jaxb-runtime-2.3.0.1.jar:/home/runner/.m2/repository/org/glassfish/jaxb/jaxb-core/2.3.0.1/jaxb-core-2.3.0.1.jar:/home/runner/.m2/repository/org/glassfish/jaxb/txw2/2.3.0.1/txw2-2.3.0.1.jar:/home/runner/.m2/repository/com/sun/istack/istack-commons-runtime/3.0.5/istack-commons-runtime-3.0.5.jar:/home/runner/.m2/repository/org/jvnet/staxex/stax-ex/1.7.8/stax-ex-1.7.8.jar:/home/runner/.m2/repository/com/sun/xml/fastinfoset/FastInfoset/1.2.13/FastInfoset-1.2.13.jar:/home/runner/.m2/repository/javax/activation/activation/1.1.1/activation-1.1.1.jar:/home/runner/.m2/repository/org/apache/ozone/ozone-csi/1.2.0-SNAPSHOT/ozone-csi-1.2.0-SNAPSHOT.jar:/home/runner/.m2/repository/com/google/protobuf/protobuf-java-util/3.12.0/protobuf-java-util-3.12.0.jar:/home/runner/.m2/repository/com/google/code/gson/gson/2.2.4/gson-2.2.4.jar:/home/runner/.m2/repository/org/apache/ozone/hdds-config/1.2.0-SNAPSHOT/hdds-config-1.2.0-SNAPSHOT.jar:/home/runner/.m2/repository/io/grpc/grpc-netty/1.33.0/grpc-netty-1.33.0.jar:/home/runner/.m2/repository/io/grpc/grpc-core/1.33.0/grpc-core-1.33.0.jar:/home/runner/.m2/repository/com/google/android/annotations/4.1.1.4/annotations-4.1.1.4.jar:/home/runner/.m2/repository/io/netty/netty-codec-http2/4.1.63.Final/netty-codec-http2-4.1.63.Final.jar:/home/runner/.m2/repository/io/netty/netty-codec-http/4.1.63.Final/netty-codec-http-4.1.63.Final.jar:/home/runner/.m2/repository/io/netty/netty-handler-proxy/4.1.63.Final/netty-handler-proxy-4.1.63.Final.jar:/home/runner/.m2/repository/io/netty/netty-codec-socks/4.1.63.Final/netty-codec-socks-4.1.63.Final.jar:/home/runner/.m2/repository/io/perfmark/perfmark-api/0.19.0/perfmark-api-0.19.0.jar:/home/runner/.m2/repository/org/codehaus/mojo/animal-sniffer-annotations/1.18/animal-sniffer-annotations-1.18.jar:/home/runner/.m2/repository/io/netty/netty-transport-native-epoll/4.1.63.Final/netty-transport-native-epoll-4.1.63.Final.jar:/home/runner/.m2/repository/io/netty/netty-common/4.1.63.Final/netty-common-4.1.63.Final.jar:/home/runner/.m2/repository/io/netty/netty-buffer/4.1.63.Final/netty-buffer-4.1.63.Final.jar:/home/runner/.m2/repository/io/netty/netty-transport-native-unix-common/4.1.63.Final/netty-transport-native-unix-common-4.1.63.Final.jar:/home/runner/.m2/repository/io/grpc/grpc-protobuf/1.33.0/grpc-protobuf-1.33.0.jar:/home/runner/.m2/repository/io/grpc/grpc-api/1.33.0/grpc-api-1.33.0.jar:/home/runner/.m2/repository/io/grpc/grpc-context/1.33.0/grpc-context-1.33.0.jar:/home/runner/.m2/repository/com/google/api/grpc/proto-google-common-protos/1.17.0/proto-google-common-protos-1.17.0.jar:/home/runner/.m2/repository/io/grpc/grpc-protobuf-lite/1.33.0/grpc-protobuf-lite-1.33.0.jar:/home/runner/.m2/repository/io/grpc/grpc-stub/1.33.0/grpc-stub-1.33.0.jar:/home/runner/.m2/repository/org/apache/ozone/ozone-recon/1.2.0-SNAPSHOT/ozone-recon-1.2.0-SNAPSHOT.jar:/home/runner/.m2/repository/org/apache/ozone/ozone-reconcodegen/1.2.0-SNAPSHOT/ozone-reconcodegen-1.2.0-SNAPSHOT.jar:/home/runner/.m2/repository/com/google/inject/extensions/guice-multibindings/4.0/guice-multibindings-4.0.jar:/home/runner/.m2/repository/com/google/inject/guice/4.0/guice-4.0.jar:/home/runner/.m2/repository/aopalliance/aopalliance/1.0/aopalliance-1.0.jar:/home/runner/.m2/repository/com/google/inject/extensions/guice-assistedinject/4.0/guice-assistedinject-4.0.jar:/home/runner/.m2/repository/com/google/inject/extensions/guice-servlet/4.0/guice-servlet-4.0.jar:/home/runner/.m2/repository/org/glassfish/jersey/containers/jersey-container-servlet/2.33/jersey-container-servlet-2.33.jar:/home/runner/.m2/repository/org/glassfish/hk2/guice-bridge/2.5.0/guice-bridge-2.5.0.jar:/home/runner/.m2/repository/org/glassfish/jersey/core/jersey-server/2.33/jersey-server-2.33.jar:/home/runner/.m2/repository/org/glassfish/jersey/core/jersey-client/2.33/jersey-client-2.33.jar:/home/runner/.m2/repository/jakarta/annotation/jakarta.annotation-api/1.3.5/jakarta.annotation-api-1.3.5.jar:/home/runner/.m2/repository/jakarta/validation/jakarta.validation-api/2.0.2/jakarta.validation-api-2.0.2.jar:/home/runner/.m2/repository/org/glassfish/jersey/media/jersey-media-json-jackson/2.33/jersey-media-json-jackson-2.33.jar:/home/runner/.m2/repository/org/glassfish/jersey/ext/jersey-entity-filtering/2.33/jersey-entity-filtering-2.33.jar:/home/runner/.m2/repository/org/jooq/jooq/3.11.10/jooq-3.11.10.jar:/home/runner/.m2/repository/org/jooq/jooq-meta/3.11.10/jooq-meta-3.11.10.jar:/home/runner/.m2/repository/org/jooq/jooq-codegen/3.11.10/jooq-codegen-3.11.10.jar:/home/runner/.m2/repository/com/jolbox/bonecp/0.8.0.RELEASE/bonecp-0.8.0.RELEASE.jar:/home/runner/.m2/repository/org/apache/derby/derby/10.14.2.0/derby-10.14.2.0.jar:/home/runner/.m2/repository/org/xerial/sqlite-jdbc/3.25.2/sqlite-jdbc-3.25.2.jar:/home/runner/.m2/repository/org/springframework/spring-jdbc/5.2.11.RELEASE/spring-jdbc-5.2.11.RELEASE.jar:/home/runner/.m2/repository/org/springframework/spring-beans/5.2.11.RELEASE/spring-beans-5.2.11.RELEASE.jar:/home/runner/.m2/repository/org/springframework/spring-core/5.2.11.RELEASE/spring-core-5.2.11.RELEASE.jar:/home/runner/.m2/repository/org/springframework/spring-jcl/5.2.11.RELEASE/spring-jcl-5.2.11.RELEASE.jar:/home/runner/.m2/repository/org/springframework/spring-tx/5.2.11.RELEASE/spring-tx-5.2.11.RELEASE.jar:/home/runner/.m2/repository/org/apache/ozone/ozone-client/1.2.0-SNAPSHOT/ozone-client-1.2.0-SNAPSHOT.jar:/home/runner/.m2/repository/org/apache/ozone/ozone-filesystem/1.2.0-SNAPSHOT/ozone-filesystem-1.2.0-SNAPSHOT.jar:/home/runner/.m2/repository/org/apache/ozone/ozone-filesystem-common/1.2.0-SNAPSHOT/ozone-filesystem-common-1.2.0-SNAPSHOT.jar:/home/runner/.m2/repository/org/apache/ozone/ozone-tools/1.2.0-SNAPSHOT/ozone-tools-1.2.0-SNAPSHOT.jar:/home/runner/.m2/repository/org/apache/ratis/ratis-tools/2.1.0-03f3b68-SNAPSHOT/ratis-tools-2.1.0-03f3b68-SNAPSHOT.jar:/home/runner/.m2/repository/com/amazonaws/aws-java-sdk-core/1.11.901/aws-java-sdk-core-1.11.901.jar:/home/runner/.m2/repository/org/apache/httpcomponents/httpclient/4.5.13/httpclient-4.5.13.jar:/home/runner/.m2/repository/org/apache/httpcomponents/httpcore/4.4.13/httpcore-4.4.13.jar:/home/runner/.m2/repository/software/amazon/ion/ion-java/1.0.2/ion-java-1.0.2.jar:/home/runner/.m2/repository/com/fasterxml/jackson/dataformat/jackson-dataformat-cbor/2.12.1/jackson-dataformat-cbor-2.12.1.jar:/home/runner/.m2/repository/joda-time/joda-time/2.8.1/joda-time-2.8.1.jar:/home/runner/.m2/repository/com/amazonaws/aws-java-sdk-s3/1.11.901/aws-java-sdk-s3-1.11.901.jar:/home/runner/.m2/repository/com/amazonaws/aws-java-sdk-kms/1.11.901/aws-java-sdk-kms-1.11.901.jar:/home/runner/.m2/repository/com/amazonaws/jmespath-java/1.11.901/jmespath-java-1.11.901.jar:/home/runner/.m2/repository/org/kohsuke/metainf-services/metainf-services/1.8/metainf-services-1.8.jar:/home/runner/.m2/repository/org/apache/ozone/hdds-tools/1.2.0-SNAPSHOT/hdds-tools-1.2.0-SNAPSHOT.jar:/home/runner/.m2/repository/commons-cli/commons-cli/1.2/commons-cli-1.2.jar:/home/runner/.m2/repository/org/apache/commons/commons-lang3/3.7/commons-lang3-3.7.jar:/home/runner/.m2/repository/org/apache/ozone/ozone-manager/1.2.0-SNAPSHOT/ozone-manager-1.2.0-SNAPSHOT-tests.jar:/home/runner/.m2/repository/org/apache/ozone/hdds-common/1.2.0-SNAPSHOT/hdds-common-1.2.0-SNAPSHOT-tests.jar:/home/runner/.m2/repository/org/apache/ozone/hdds-hadoop-dependency-client/1.2.0-SNAPSHOT/hdds-hadoop-dependency-client-1.2.0-SNAPSHOT.jar:/home/runner/.m2/repository/info/picocli/picocli/4.6.1/picocli-4.6.1.jar:/home/runner/.m2/repository/com/fasterxml/jackson/core/jackson-annotations/2.12.1/jackson-annotations-2.12.1.jar:/home/runner/.m2/repository/javax/annotation/javax.annotation-api/1.2/javax.annotation-api-1.2.jar:/home/runner/.m2/repository/org/apache/ratis/ratis-server/2.1.0-03f3b68-SNAPSHOT/ratis-server-2.1.0-03f3b68-SNAPSHOT.jar:/home/runner/.m2/repository/org/apache/ratis/ratis-client/2.1.0-03f3b68-SNAPSHOT/ratis-client-2.1.0-03f3b68-SNAPSHOT.jar:/home/runner/.m2/repository/org/apache/ratis/ratis-server-api/2.1.0-03f3b68-SNAPSHOT/ratis-server-api-2.1.0-03f3b68-SNAPSHOT.jar:/home/runner/.m2/repository/org/apache/ratis/ratis-metrics/2.1.0-03f3b68-SNAPSHOT/ratis-metrics-2.1.0-03f3b68-SNAPSHOT.jar:/home/runner/.m2/repository/org/apache/ratis/ratis-netty/2.1.0-03f3b68-SNAPSHOT/ratis-netty-2.1.0-03f3b68-SNAPSHOT.jar:/home/runner/.m2/repository/org/apache/ratis/ratis-grpc/2.1.0-03f3b68-SNAPSHOT/ratis-grpc-2.1.0-03f3b68-SNAPSHOT.jar:/home/runner/.m2/repository/org/apache/logging/log4j/log4j-api/2.13.3/log4j-api-2.13.3.jar:/home/runner/.m2/repository/org/apache/logging/log4j/log4j-core/2.13.3/log4j-core-2.13.3.jar:/home/runner/.m2/repository/com/lmax/disruptor/3.4.2/disruptor-3.4.2.jar:/home/runner/.m2/repository/org/apache/commons/commons-pool2/2.6.0/commons-pool2-2.6.0.jar:/home/runner/.m2/repository/org/bouncycastle/bcpkix-jdk15on/1.67/bcpkix-jdk15on-1.67.jar:/home/runner/.m2/repository/commons-validator/commons-validator/1.6/commons-validator-1.6.jar:/home/runner/.m2/repository/commons-beanutils/commons-beanutils/1.9.4/commons-beanutils-1.9.4.jar:/home/runner/.m2/repository/commons-digester/commons-digester/1.8.1/commons-digester-1.8.1.jar:/home/runner/.m2/repository/commons-collections/commons-collections/3.2.2/commons-collections-3.2.2.jar:/home/runner/.m2/repository/io/jaegertracing/jaeger-client/1.6.0/jaeger-client-1.6.0.jar:/home/runner/.m2/repository/io/jaegertracing/jaeger-thrift/1.6.0/jaeger-thrift-1.6.0.jar:/home/runner/.m2/repository/org/apache/thrift/libthrift/0.14.1/libthrift-0.14.1.jar:/home/runner/.m2/repository/com/squareup/okhttp3/okhttp/4.9.0/okhttp-4.9.0.jar:/home/runner/.m2/repository/com/squareup/okio/okio/2.8.0/okio-2.8.0.jar:/home/runner/.m2/repository/io/jaegertracing/jaeger-core/1.6.0/jaeger-core-1.6.0.jar:/home/runner/.m2/repository/io/jaegertracing/jaeger-tracerresolver/1.6.0/jaeger-tracerresolver-1.6.0.jar:/home/runner/.m2/repository/io/opentracing/contrib/opentracing-tracerresolver/0.1.8/opentracing-tracerresolver-0.1.8.jar:/home/runner/.m2/repository/org/jetbrains/kotlin/kotlin-stdlib/1.4.31/kotlin-stdlib-1.4.31.jar:/home/runner/.m2/repository/org/jetbrains/kotlin/kotlin-stdlib-common/1.4.31/kotlin-stdlib-common-1.4.31.jar:/home/runner/.m2/repository/org/jetbrains/annotations/13.0/annotations-13.0.jar:/home/runner/.m2/repository/io/opentracing/opentracing-util/0.33.0/opentracing-util-0.33.0.jar:/home/runner/.m2/repository/io/opentracing/opentracing-api/0.33.0/opentracing-api-0.33.0.jar:/home/runner/.m2/repository/io/opentracing/opentracing-noop/0.33.0/opentracing-noop-0.33.0.jar:/home/runner/.m2/repository/org/yaml/snakeyaml/1.26/snakeyaml-1.26.jar:/home/runner/.m2/repository/org/apache/ozone/hdds-interface-admin/1.2.0-SNAPSHOT/hdds-interface-admin-1.2.0-SNAPSHOT.jar:/home/runner/.m2/repository/junit/junit/4.13.1/junit-4.13.1.jar:/home/runner/.m2/repository/org/hamcrest/hamcrest-core/1.3/hamcrest-core-1.3.jar:/home/runner/.m2/repository/org/junit/jupiter/junit-jupiter-api/5.7.0/junit-jupiter-api-5.7.0.jar:/home/runner/.m2/repository/org/apiguardian/apiguardian-api/1.1.0/apiguardian-api-1.1.0.jar:/home/runner/.m2/repository/org/opentest4j/opentest4j/1.2.0/opentest4j-1.2.0.jar:/home/runner/.m2/repository/org/junit/platform/junit-platform-commons/1.7.0/junit-platform-commons-1.7.0.jar:/home/runner/.m2/repository/org/junit/jupiter/junit-jupiter-engine/5.7.0/junit-jupiter-engine-5.7.0.jar:/home/runner/.m2/repository/org/junit/platform/junit-platform-engine/1.7.0/junit-platform-engine-1.7.0.jar:/home/runner/.m2/repository/org/junit/vintage/junit-vintage-engine/5.7.0/junit-vintage-engine-5.7.0.jar:/home/runner/.m2/repository/org/junit/platform/junit-platform-launcher/1.7.0/junit-platform-launcher-1.7.0.jar:/home/runner/.m2/repository/org/openjdk/jmh/jmh-core/1.19/jmh-core-1.19.jar:/home/runner/.m2/repository/net/sf/jopt-simple/jopt-simple/4.6/jopt-simple-4.6.jar:/home/runner/.m2/repository/org/apache/commons/commons-math3/3.1.1/commons-math3-3.1.1.jar:/home/runner/.m2/repository/org/openjdk/jmh/jmh-generator-annprocess/1.19/jmh-generator-annprocess-1.19.jar:/home/runner/.m2/repository/org/mockito/mockito-core/2.28.2/mockito-core-2.28.2.jar:/home/runner/.m2/repository/net/bytebuddy/byte-buddy/1.9.10/byte-buddy-1.9.10.jar:/home/runner/.m2/repository/net/bytebuddy/byte-buddy-agent/1.9.10/byte-buddy-agent-1.9.10.jar:/home/runner/.m2/repository/org/objenesis/objenesis/1.0/objenesis-1.0.jar:/home/runner/.m2/repository/org/apache/hadoop/hadoop-kms/3.3.1/hadoop-kms-3.3.1.jar:/home/runner/.m2/repository/org/apache/hadoop/hadoop-auth/3.3.1/hadoop-auth-3.3.1.jar:/home/runner/.m2/repository/com/nimbusds/nimbus-jose-jwt/7.9/nimbus-jose-jwt-7.9.jar:/home/runner/.m2/repository/com/github/stephenc/jcip/jcip-annotations/1.0-1/jcip-annotations-1.0-1.jar:/home/runner/.m2/repository/net/minidev/json-smart/2.3/json-smart-2.3.jar:/home/runner/.m2/repository/net/minidev/accessors-smart/1.2/accessors-smart-1.2.jar:/home/runner/.m2/repository/org/ow2/asm/asm/5.0.4/asm-5.0.4.jar:/home/runner/.m2/repository/org/apache/zookeeper/zookeeper/3.5.6/zookeeper-3.5.6.jar:/home/runner/.m2/repository/org/apache/zookeeper/zookeeper-jute/3.5.6/zookeeper-jute-3.5.6.jar:/home/runner/.m2/repository/org/apache/yetus/audience-annotations/0.5.0/audience-annotations-0.5.0.jar:/home/runner/.m2/repository/org/apache/curator/curator-framework/4.2.0/curator-framework-4.2.0.jar:/home/runner/.m2/repository/org/apache/hadoop/thirdparty/hadoop-shaded-guava/1.1.1/hadoop-shaded-guava-1.1.1.jar:/home/runner/.m2/repository/com/sun/jersey/jersey-core/1.19/jersey-core-1.19.jar:/home/runner/.m2/repository/javax/ws/rs/jsr311-api/1.1.1/jsr311-api-1.1.1.jar:/home/runner/.m2/repository/com/sun/jersey/jersey-server/1.19/jersey-server-1.19.jar:/home/runner/.m2/repository/javax/servlet/javax.servlet-api/3.1.0/javax.servlet-api-3.1.0.jar:/home/runner/.m2/repository/org/eclipse/jetty/jetty-server/9.4.43.v20210629/jetty-server-9.4.43.v20210629.jar:/home/runner/.m2/repository/org/eclipse/jetty/jetty-http/9.4.43.v20210629/jetty-http-9.4.43.v20210629.jar:/home/runner/.m2/repository/org/eclipse/jetty/jetty-io/9.4.43.v20210629/jetty-io-9.4.43.v20210629.jar:/home/runner/.m2/repository/org/eclipse/jetty/jetty-webapp/9.4.43.v20210629/jetty-webapp-9.4.43.v20210629.jar:/home/runner/.m2/repository/org/eclipse/jetty/jetty-xml/9.4.43.v20210629/jetty-xml-9.4.43.v20210629.jar:/home/runner/.m2/repository/org/apache/hadoop/hadoop-common/3.3.1/hadoop-common-3.3.1.jar:/home/runner/.m2/repository/commons-net/commons-net/3.6/commons-net-3.6.jar:/home/runner/.m2/repository/jakarta/activation/jakarta.activation-api/1.2.1/jakarta.activation-api-1.2.1.jar:/home/runner/.m2/repository/com/sun/jersey/jersey-servlet/1.19/jersey-servlet-1.19.jar:/home/runner/.m2/repository/com/sun/jersey/jersey-json/1.19/jersey-json-1.19.jar:/home/runner/.m2/repository/org/codehaus/jettison/jettison/1.1/jettison-1.1.jar:/home/runner/.m2/repository/com/sun/xml/bind/jaxb-impl/2.2.3-1/jaxb-impl-2.2.3-1.jar:/home/runner/.m2/repository/org/codehaus/jackson/jackson-jaxrs/1.9.2/jackson-jaxrs-1.9.2.jar:/home/runner/.m2/repository/org/codehaus/jackson/jackson-xc/1.9.2/jackson-xc-1.9.2.jar:/home/runner/.m2/repository/org/apache/commons/commons-configuration2/2.1.1/commons-configuration2-2.1.1.jar:/home/runner/.m2/repository/org/apache/commons/commons-text/1.4/commons-text-1.4.jar:/home/runner/.m2/repository/com/google/re2j/re2j/1.1/re2j-1.1.jar:/home/runner/.m2/repository/com/jcraft/jsch/0.1.54/jsch-0.1.54.jar:/home/runner/.m2/repository/org/apache/curator/curator-client/4.2.0/curator-client-4.2.0.jar:/home/runner/.m2/repository/org/apache/curator/curator-recipes/4.2.0/curator-recipes-4.2.0.jar:/home/runner/.m2/repository/org/apache/kerby/kerb-core/1.0.1/kerb-core-1.0.1.jar:/home/runner/.m2/repository/org/apache/kerby/kerby-pkix/1.0.1/kerby-pkix-1.0.1.jar:/home/runner/.m2/repository/org/apache/kerby/kerby-asn1/1.0.1/kerby-asn1-1.0.1.jar:/home/runner/.m2/repository/org/apache/kerby/kerby-util/1.0.1/kerby-util-1.0.1.jar:/home/runner/.m2/repository/dnsjava/dnsjava/2.1.7/dnsjava-2.1.7.jar:/home/runner/.m2/repository/org/xerial/snappy/snappy-java/1.1.8.2/snappy-java-1.1.8.2.jar:/home/runner/.m2/repository/org/slf4j/jul-to-slf4j/1.7.30/jul-to-slf4j-1.7.30.jar:/home/runner/.m2/repository/org/eclipse/jetty/jetty-util/9.4.43.v20210629/jetty-util-9.4.43.v20210629.jar:/home/runner/.m2/repository/com/fasterxml/jackson/core/jackson-databind/2.12.1/jackson-databind-2.12.1.jar:/home/runner/.m2/repository/org/apache/hadoop/hadoop-kms/3.3.1/hadoop-kms-3.3.1-tests.jar:/home/runner/.m2/repository/org/apache/ozone/hdds-server-scm/1.2.0-SNAPSHOT/hdds-server-scm-1.2.0-SNAPSHOT-tests.jar:/home/runner/.m2/repository/org/apache/ozone/hdds-container-service/1.2.0-SNAPSHOT/hdds-container-service-1.2.0-SNAPSHOT-tests.jar:/home/runner/.m2/repository/commons-codec/commons-codec/1.11/commons-codec-1.11.jar:/home/runner/.m2/repository/io/netty/netty-transport/4.1.63.Final/netty-transport-4.1.63.Final.jar:/home/runner/.m2/repository/io/netty/netty-resolver/4.1.63.Final/netty-resolver-4.1.63.Final.jar:/home/runner/.m2/repository/io/netty/netty-codec/4.1.63.Final/netty-codec-4.1.63.Final.jar:/home/runner/.m2/repository/io/netty/netty-handler/4.1.63.Final/netty-handler-4.1.63.Final.jar:/home/runner/.m2/repository/org/apache/ozone/hdds-hadoop-dependency-test/1.2.0-SNAPSHOT/hdds-hadoop-dependency-test-1.2.0-SNAPSHOT.jar:/home/runner/.m2/repository/org/apache/hadoop/hadoop-common/3.3.1/hadoop-common-3.3.1-tests.jar:/home/runner/.m2/repository/org/assertj/assertj-core/3.12.2/assertj-core-3.12.2.jar:/home/runner/.m2/repository/org/apache/hadoop/hadoop-hdfs/3.3.1/hadoop-hdfs-3.3.1-tests.jar:/home/runner/.m2/repository/org/eclipse/jetty/jetty-util-ajax/9.4.43.v20210629/jetty-util-ajax-9.4.43.v20210629.jar:/home/runner/.m2/repository/commons-daemon/commons-daemon/1.0.13/commons-daemon-1.0.13.jar:/home/runner/.m2/repository/io/netty/netty/3.10.6.Final/netty-3.10.6.Final.jar:/home/runner/.m2/repository/io/netty/netty-all/4.1.63.Final/netty-all-4.1.63.Final.jar:/home/runner/.m2/repository/org/apache/htrace/htrace-core4/4.1.0-incubating/htrace-core4-4.1.0-incubating.jar:/home/runner/.m2/repository/org/fusesource/leveldbjni/leveldbjni-all/1.8/leveldbjni-all-1.8.jar:/home/runner/.m2/repository/org/apache/hadoop/hadoop-distcp/3.3.1/hadoop-distcp-3.3.1.jar:/home/runner/.m2/repository/org/apache/hadoop/hadoop-mapreduce-client-jobclient/3.3.1/hadoop-mapreduce-client-jobclient-3.3.1.jar:/home/runner/.m2/repository/org/apache/hadoop/hadoop-mapreduce-client-common/3.3.1/hadoop-mapreduce-client-common-3.3.1.jar:/home/runner/.m2/repository/org/apache/hadoop/hadoop-yarn-common/3.3.1/hadoop-yarn-common-3.3.1.jar:/home/runner/.m2/repository/org/apache/hadoop/hadoop-yarn-api/3.3.1/hadoop-yarn-api-3.3.1.jar:/home/runner/.m2/repository/com/sun/jersey/jersey-client/1.19/jersey-client-1.19.jar:/home/runner/.m2/repository/com/sun/jersey/contribs/jersey-guice/1.19/jersey-guice-1.19.jar:/home/runner/.m2/repository/com/fasterxml/jackson/jaxrs/jackson-jaxrs-json-provider/2.12.1/jackson-jaxrs-json-provider-2.12.1.jar:/home/runner/.m2/repository/com/fasterxml/jackson/jaxrs/jackson-jaxrs-base/2.12.1/jackson-jaxrs-base-2.12.1.jar:/home/runner/.m2/repository/org/apache/hadoop/hadoop-yarn-client/3.3.1/hadoop-yarn-client-3.3.1.jar:/home/runner/.m2/repository/org/eclipse/jetty/websocket/websocket-client/9.4.40.v20210413/websocket-client-9.4.40.v20210413.jar:/home/runner/.m2/repository/org/eclipse/jetty/jetty-client/9.4.40.v20210413/jetty-client-9.4.40.v20210413.jar:/home/runner/.m2/repository/org/eclipse/jetty/websocket/websocket-common/9.4.40.v20210413/websocket-common-9.4.40.v20210413.jar:/home/runner/.m2/repository/org/eclipse/jetty/websocket/websocket-api/9.4.40.v20210413/websocket-api-9.4.40.v20210413.jar:/home/runner/.m2/repository/org/jline/jline/3.9.0/jline-3.9.0.jar:/home/runner/.m2/repository/org/apache/hadoop/hadoop-mapreduce-client-core/3.3.1/hadoop-mapreduce-client-core-3.3.1.jar:/home/runner/.m2/repository/org/apache/avro/avro/1.7.7/avro-1.7.7.jar:/home/runner/.m2/repository/org/codehaus/jackson/jackson-core-asl/1.9.13/jackson-core-asl-1.9.13.jar:/home/runner/.m2/repository/org/codehaus/jackson/jackson-mapper-asl/1.9.13/jackson-mapper-asl-1.9.13.jar:/home/runner/.m2/repository/com/thoughtworks/paranamer/paranamer/2.3/paranamer-2.3.jar:/home/runner/.m2/repository/org/apache/hadoop/hadoop-annotations/3.3.1/hadoop-annotations-3.3.1.jar:/usr/lib/jvm/adoptopenjdk-8-hotspot-amd64/jre/../lib/tools.jar:/home/runner/.m2/repository/org/apache/hadoop/hadoop-distcp/3.3.1/hadoop-distcp-3.3.1-tests.jar:/home/runner/.m2/repository/org/apache/ratis/ratis-common/2.1.0-03f3b68-SNAPSHOT/ratis-common-2.1.0-03f3b68-SNAPSHOT.jar:/home/runner/.m2/repository/org/apache/ratis/ratis-thirdparty-misc/0.7.0/ratis-thirdparty-misc-0.7.0.jar:/home/runner/.m2/repository/org/apache/ratis/ratis-proto/2.1.0-03f3b68-SNAPSHOT/ratis-proto-2.1.0-03f3b68-SNAPSHOT.jar:"/>
    <property name="sun.cpu.endian" value="little"/>
    <property name="user.home" value="/home/runner"/>
    <property name="user.language" value="en"/>
    <property name="java.specification.vendor" value="Oracle Corporation"/>
    <property name="java.home" value="/usr/lib/jvm/adoptopenjdk-8-hotspot-amd64/jre"/>
    <property name="java.security.krb5.conf" value="/home/runner/work/ozone/ozone/hadoop-ozone/integration-test/target/test-classes/krb5.conf"/>
    <property name="basedir" value="/home/runner/work/ozone/ozone/hadoop-ozone/integration-test"/>
    <property name="file.separator" value="/"/>
    <property name="line.separator" value="&#10;"/>
    <property name="java.vm.specification.vendor" value="Oracle Corporation"/>
    <property name="java.specification.name" value="Java Platform API Specification"/>
    <property name="java.awt.graphicsenv" value="sun.awt.X11GraphicsEnvironment"/>
    <property name="skip.installnpx" value="true"/>
    <property name="surefire.real.class.path" value="/home/runner/work/ozone/ozone/hadoop-ozone/integration-test/target/surefire/surefirebooter1478547703148300380.jar:/home/runner/.m2/repository/org/jacoco/org.jacoco.agent/0.8.5/org.jacoco.agent-0.8.5-runtime.jar"/>
    <property name="hadoop.log.dir" value="/home/runner/work/ozone/ozone/hadoop-ozone/integration-test/target/log"/>
    <property name="sun.boot.class.path" value="/usr/lib/jvm/adoptopenjdk-8-hotspot-amd64/jre/lib/resources.jar:/usr/lib/jvm/adoptopenjdk-8-hotspot-amd64/jre/lib/rt.jar:/usr/lib/jvm/adoptopenjdk-8-hotspot-amd64/jre/lib/sunrsasign.jar:/usr/lib/jvm/adoptopenjdk-8-hotspot-amd64/jre/lib/jsse.jar:/usr/lib/jvm/adoptopenjdk-8-hotspot-amd64/jre/lib/jce.jar:/usr/lib/jvm/adoptopenjdk-8-hotspot-amd64/jre/lib/charsets.jar:/usr/lib/jvm/adoptopenjdk-8-hotspot-amd64/jre/lib/jfr.jar:/usr/lib/jvm/adoptopenjdk-8-hotspot-amd64/jre/classes"/>
    <property name="sun.management.compiler" value="HotSpot 64-Bit Tiered Compilers"/>
    <property name="skip.npx" value="true"/>
    <property name="java.runtime.version" value="1.8.0_292-b10"/>
    <property name="java.net.preferIPv4Stack" value="true"/>
    <property name="user.name" value="runner"/>
    <property name="path.separator" value=":"/>
    <property name="java.security.egd" value="file:///dev/urandom"/>
    <property name="os.version" value="5.4.0-1058-azure"/>
    <property name="java.endorsed.dirs" value="/usr/lib/jvm/adoptopenjdk-8-hotspot-amd64/jre/lib/endorsed"/>
    <property name="java.runtime.name" value="OpenJDK Runtime Environment"/>
    <property name="file.encoding" value="UTF-8"/>
    <property name="java.vm.name" value="OpenJDK 64-Bit Server VM"/>
    <property name="test.build.webapps" value=""/>
    <property name="localRepository" value="/home/runner/.m2/repository"/>
    <property name="java.vendor.url.bug" value="https://github.com/AdoptOpenJDK/openjdk-support/issues"/>
    <property name="java.io.tmpdir" value="/tmp"/>
    <property name="require.test.libhadoop" value=""/>
    <property name="java.version" value="1.8.0_292"/>
    <property name="user.dir" value="/home/runner/work/ozone/ozone/hadoop-ozone/integration-test"/>
    <property name="os.arch" value="amd64"/>
    <property name="java.vm.specification.name" value="Java Virtual Machine Specification"/>
    <property name="test.build.classes" value="/home/runner/work/ozone/ozone/hadoop-ozone/integration-test/target/test-classes"/>
    <property name="java.awt.printerjob" value="sun.print.PSPrinterJob"/>
    <property name="sun.os.patch.level" value="unknown"/>
    <property name="hadoop.tmp.dir" value="/home/runner/work/ozone/ozone/hadoop-ozone/integration-test/target/tmp"/>
    <property name="java.library.path" value="/usr/java/packages/lib/amd64:/usr/lib64:/lib64:/lib:/usr/lib"/>
    <property name="java.vm.info" value="mixed mode"/>
    <property name="java.vendor" value="AdoptOpenJDK"/>
    <property name="java.vm.version" value="25.292-b10"/>
    <property name="java.ext.dirs" value="/usr/lib/jvm/adoptopenjdk-8-hotspot-amd64/jre/lib/ext:/usr/java/packages/lib/ext"/>
    <property name="sun.io.unicode.encoding" value="UnicodeLittle"/>
    <property name="java.class.version" value="52.0"/>
  </properties>
  <testcase name="testMultipleDataDirs" classname="org.apache.hadoop.ozone.TestMiniOzoneCluster" time="22.835"/>
  <testcase name="testStartMultipleDatanodes" classname="org.apache.hadoop.ozone.TestMiniOzoneCluster" time="76.334">
    <error message="test timed out after 60000 milliseconds" type="org.junit.runners.model.TestTimedOutException">org.junit.runners.model.TestTimedOutException: test timed out after 60000 milliseconds
	at java.lang.Thread.sleep(Native Method)
	at org.apache.ozone.test.GenericTestUtils.waitFor(GenericTestUtils.java:218)
	at org.apache.hadoop.ozone.MiniOzoneClusterImpl.waitForClusterToBeReady(MiniOzoneClusterImpl.java:228)
	at org.apache.hadoop.ozone.TestMiniOzoneCluster.testStartMultipleDatanodes(TestMiniOzoneCluster.java:117)
	at sun.reflect.NativeMethodAccessorImpl.invoke0(Native Method)
	at sun.reflect.NativeMethodAccessorImpl.invoke(NativeMethodAccessorImpl.java:62)
	at sun.reflect.DelegatingMethodAccessorImpl.invoke(DelegatingMethodAccessorImpl.java:43)
	at java.lang.reflect.Method.invoke(Method.java:498)
	at org.junit.runners.model.FrameworkMethod$1.runReflectiveCall(FrameworkMethod.java:59)
	at org.junit.internal.runners.model.ReflectiveCallable.run(ReflectiveCallable.java:12)
	at org.junit.runners.model.FrameworkMethod.invokeExplosively(FrameworkMethod.java:56)
	at org.junit.internal.runners.statements.InvokeMethod.evaluate(InvokeMethod.java:17)
	at org.junit.internal.runners.statements.FailOnTimeout$CallableStatement.call(FailOnTimeout.java:288)
	at org.junit.internal.runners.statements.FailOnTimeout$CallableStatement.call(FailOnTimeout.java:282)
	at java.util.concurrent.FutureTask.run(FutureTask.java:266)
	at java.lang.Thread.run(Thread.java:748)
</error>
    <system-out><![CDATA[2021-09-16 12:46:55,801 [Time-limited test] WARN  server.ServerUtils (ServerUtils.java:getScmDbDir(148)) - ozone.scm.db.dirs is not configured. We recommend adding this setting. Falling back to ozone.metadata.dirs instead.
2021-09-16 12:46:55,805 [Time-limited test] INFO  ha.SCMHANodeDetails (SCMHANodeDetails.java:loadSCMHAConfig(157)) - ServiceID for StorageContainerManager is null
2021-09-16 12:46:55,806 [Time-limited test] INFO  ha.SCMHANodeDetails (SCMHANodeDetails.java:loadSCMHAConfig(162)) - ozone.scm.default.service.id is not defined, falling back to ozone.scm.service.ids to find serviceID for StorageContainerManager if it is HA enabled cluster
2021-09-16 12:46:55,807 [Time-limited test] WARN  server.ServerUtils (ServerUtils.java:getScmDbDir(148)) - ozone.scm.db.dirs is not configured. We recommend adding this setting. Falling back to ozone.metadata.dirs instead.
2021-09-16 12:46:55,807 [Time-limited test] INFO  upgrade.AbstractLayoutVersionManager (AbstractLayoutVersionManager.java:init(79)) - Initializing Layout version manager with metadata layout = SCM_HA (version = 2), software layout = SCM_HA (version = 2)
2021-09-16 12:46:55,928 [Time-limited test] INFO  reflections.Reflections (Reflections.java:scan(232)) - Reflections took 119 ms to scan 7 urls, producing 119 keys and 275 values 
2021-09-16 12:46:55,938 [Time-limited test] WARN  utils.HAUtils (HAUtils.java:getMetaDir(342)) - ozone.scm.db.dirs is not configured. We recommend adding this setting. Falling back to ozone.metadata.dirs instead.
2021-09-16 12:46:55,945 [Time-limited test] WARN  db.DBStoreBuilder (DBStoreBuilder.java:applyDBDefinition(145)) - ozone.scm.db.dirs is not configured. We recommend adding this setting. Falling back to ozone.metadata.dirs instead.
2021-09-16 12:46:56,058 [Time-limited test] INFO  net.NodeSchemaLoader (NodeSchemaLoader.java:loadSchemaFromFile(129)) - Loading schema from [jar:file:/home/runner/.m2/repository/org/apache/ozone/hdds-common/1.2.0-SNAPSHOT/hdds-common-1.2.0-SNAPSHOT.jar!/network-topology-default.xml]
2021-09-16 12:46:56,058 [Time-limited test] INFO  net.NodeSchemaLoader (NodeSchemaLoader.java:loadSchema(176)) - Loading network topology layer schema file
2021-09-16 12:46:56,061 [Time-limited test] INFO  ha.SequenceIdGenerator (SequenceIdGenerator.java:upgradeToSequenceId(327)) - upgrade localId to 107544261427200000
2021-09-16 12:46:56,061 [Time-limited test] INFO  ha.SequenceIdGenerator (SequenceIdGenerator.java:upgradeToSequenceId(337)) - upgrade delTxnId to 0
2021-09-16 12:46:56,061 [Time-limited test] INFO  ha.SequenceIdGenerator (SequenceIdGenerator.java:upgradeToSequenceId(351)) - upgrade containerId to 0
2021-09-16 12:46:56,061 [Time-limited test] INFO  ha.SequenceIdGenerator (SequenceIdGenerator.java:<init>(217)) - Init the HA SequenceIdGenerator.
2021-09-16 12:46:56,062 [Time-limited test] WARN  server.ServerUtils (ServerUtils.java:sanitizeUserArgs(73)) - ozone.scm.stale.node.interval value = 300000 is larger than max = 100000 based on the key value of ozone.scm.heartbeat.thread.interval, reset to the max value 100000.
2021-09-16 12:46:56,062 [Time-limited test] WARN  server.ServerUtils (ServerUtils.java:sanitizeUserArgs(73)) - ozone.scm.stale.node.interval value = 300000 is larger than max = 100000 based on the key value of ozone.scm.heartbeat.thread.interval, reset to the max value 100000.
2021-09-16 12:46:56,063 [Time-limited test] INFO  node.SCMNodeManager (SCMNodeManager.java:<init>(144)) - Entering startup safe mode.
2021-09-16 12:46:56,063 [Time-limited test] INFO  algorithms.ContainerPlacementPolicyFactory (ContainerPlacementPolicyFactory.java:getPolicy(60)) - Create container placement policy of type org.apache.hadoop.hdds.scm.container.placement.algorithms.SCMContainerPlacementRandom
2021-09-16 12:46:56,063 [Time-limited test] INFO  pipeline.PipelineStateManager (PipelineStateManagerV2Impl.java:initialize(78)) - No pipeline exists in current db
2021-09-16 12:46:56,064 [Time-limited test] INFO  algorithms.LeaderChoosePolicyFactory (LeaderChoosePolicyFactory.java:getPolicy(57)) - Create leader choose policy of type org.apache.hadoop.hdds.scm.pipeline.leader.choose.algorithms.MinLeaderCountChoosePolicy
2021-09-16 12:46:56,064 [Time-limited test] INFO  ha.SCMServiceManager (SCMServiceManager.java:register(43)) - Registering service BackgroundPipelineCreator.
2021-09-16 12:46:56,064 [Time-limited test] INFO  pipeline.BackgroundPipelineCreator (BackgroundPipelineCreatorV2.java:start(130)) - Starting RatisPipelineUtilsThread.
2021-09-16 12:46:56,072 [Time-limited test] INFO  algorithms.PipelineChoosePolicyFactory (PipelineChoosePolicyFactory.java:createPipelineChoosePolicyFromClass(73)) - Create pipeline choose policy of type org.apache.hadoop.hdds.scm.pipeline.choose.algorithms.RandomPipelineChoosePolicy
2021-09-16 12:46:56,080 [Time-limited test] INFO  ha.SCMServiceManager (SCMServiceManager.java:register(43)) - Registering service SCMBlockDeletingService.
2021-09-16 12:46:56,080 [Time-limited test] INFO  ha.SCMServiceManager (SCMServiceManager.java:register(43)) - Registering service ReplicationManager.
2021-09-16 12:46:56,080 [Time-limited test] INFO  container.ReplicationManager (ReplicationManager.java:start(319)) - Starting Replication Monitor Thread.
2021-09-16 12:46:56,084 [Time-limited test] INFO  safemode.ContainerSafeModeRule (ContainerSafeModeRule.java:<init>(89)) - containers with one replica threshold count 0
2021-09-16 12:46:56,085 [Time-limited test] INFO  safemode.HealthyPipelineSafeModeRule (HealthyPipelineSafeModeRule.java:initializeRule(156)) - Total pipeline count is 0, healthy pipeline threshold count is 1
2021-09-16 12:46:56,085 [Time-limited test] INFO  safemode.OneReplicaPipelineSafeModeRule (OneReplicaPipelineSafeModeRule.java:initializeRule(180)) - Total pipeline count is 0, pipeline's with at least one datanode reported threshold count is 0
2021-09-16 12:46:56,088 [Time-limited test] INFO  ipc.CallQueueManager (CallQueueManager.java:<init>(90)) - Using callQueue: class java.util.concurrent.LinkedBlockingQueue, queueCapacity: 2000, scheduler: class org.apache.hadoop.ipc.DefaultRpcScheduler, ipcBackoff: false.
2021-09-16 12:46:56,090 [Socket Reader #1 for port 0] INFO  ipc.Server (Server.java:run(1265)) - Starting Socket Reader #1 for port 0
2021-09-16 12:46:56,091 [Listener at 0.0.0.0/41501] INFO  ipc.CallQueueManager (CallQueueManager.java:<init>(90)) - Using callQueue: class java.util.concurrent.LinkedBlockingQueue, queueCapacity: 2000, scheduler: class org.apache.hadoop.ipc.DefaultRpcScheduler, ipcBackoff: false.
2021-09-16 12:46:56,096 [Socket Reader #1 for port 0] INFO  ipc.Server (Server.java:run(1265)) - Starting Socket Reader #1 for port 0
2021-09-16 12:46:56,101 [Listener at 0.0.0.0/40875] INFO  ipc.CallQueueManager (CallQueueManager.java:<init>(90)) - Using callQueue: class java.util.concurrent.LinkedBlockingQueue, queueCapacity: 2000, scheduler: class org.apache.hadoop.ipc.DefaultRpcScheduler, ipcBackoff: false.
2021-09-16 12:46:56,104 [ReplicationMonitor] INFO  container.ReplicationManager (ReplicationManager.java:processAll(371)) - Replication Monitor Thread took 0 milliseconds for processing 0 containers.
2021-09-16 12:46:56,105 [Socket Reader #1 for port 0] INFO  ipc.Server (Server.java:run(1265)) - Starting Socket Reader #1 for port 0
2021-09-16 12:46:56,136 [Listener at 0.0.0.0/41575] INFO  algorithms.ContainerPlacementPolicyFactory (ContainerPlacementPolicyFactory.java:getPolicy(60)) - Create container placement policy of type org.apache.hadoop.hdds.scm.container.placement.algorithms.SCMContainerPlacementRandom
2021-09-16 12:46:56,137 [Listener at 0.0.0.0/41575] INFO  server.StorageContainerManager (StorageContainerManager.java:<init>(387)) - 
Container Balancer status:
Key                            Value
Running                        false
Container Balancer Configuration values:
Key                                                Value
Threshold                                          0.1
Max Datanodes to Involve per Iteration(ratio)      0.5
Max Size to Move per Iteration                     10737418240B

2021-09-16 12:46:56,137 [Listener at 0.0.0.0/41575] WARN  events.EventQueue (EventQueue.java:fireEvent(194)) - No event handler registered for event TypedEvent{payloadType=SafeModeStatus, name='Safe mode status'}
2021-09-16 12:46:56,137 [Listener at 0.0.0.0/41575] INFO  ha.SCMContext (SCMContext.java:updateSafeModeStatus(205)) - Update SafeModeStatus from SafeModeStatus{safeModeStatus=true, preCheckPassed=false} to SafeModeStatus{safeModeStatus=true, preCheckPassed=false}.
2021-09-16 12:46:56,137 [Listener at 0.0.0.0/41575] INFO  server.StorageContainerManager (StorageContainerManager.java:start(1279)) - StorageContainerLocationProtocol RPC server is listening at /0.0.0.0:41575
2021-09-16 12:46:56,139 [Listener at 0.0.0.0/41575] WARN  impl.MetricsConfig (MetricsConfig.java:loadFirst(136)) - Cannot locate configuration: tried hadoop-metrics2-storagecontainermanager.properties,hadoop-metrics2.properties
2021-09-16 12:46:56,148 [Listener at 0.0.0.0/41575] INFO  impl.MetricsSystemImpl (MetricsSystemImpl.java:startTimer(378)) - Scheduled Metric snapshot period at 10 second(s).
2021-09-16 12:46:56,148 [Listener at 0.0.0.0/41575] INFO  impl.MetricsSystemImpl (MetricsSystemImpl.java:start(191)) - StorageContainerManager metrics system started
2021-09-16 12:46:56,170 [Listener at 0.0.0.0/41575] INFO  impl.MetricsSinkAdapter (MetricsSinkAdapter.java:start(204)) - Sink prometheus started
2021-09-16 12:46:56,170 [Listener at 0.0.0.0/41575] INFO  impl.MetricsSystemImpl (MetricsSystemImpl.java:registerSink(305)) - Registered sink prometheus
2021-09-16 12:46:56,189 [Listener at 0.0.0.0/41575] INFO  server.SCMClientProtocolServer (SCMClientProtocolServer.java:start(164)) - RPC server for Client  is listening at /0.0.0.0:41575
2021-09-16 12:46:56,189 [IPC Server Responder] INFO  ipc.Server (Server.java:run(1507)) - IPC Server Responder: starting
2021-09-16 12:46:56,189 [IPC Server listener on 0] INFO  ipc.Server (Server.java:run(1344)) - IPC Server listener on 0: starting
2021-09-16 12:46:56,201 [Listener at 0.0.0.0/41575] INFO  server.StorageContainerManager (StorageContainerManager.java:start(1294)) - ScmBlockLocationProtocol RPC server is listening at /0.0.0.0:40875
2021-09-16 12:46:56,202 [Listener at 0.0.0.0/41575] INFO  server.SCMBlockProtocolServer (SCMBlockProtocolServer.java:start(151)) - RPC server for Block Protocol is listening at /0.0.0.0:40875
2021-09-16 12:46:56,202 [IPC Server Responder] INFO  ipc.Server (Server.java:run(1507)) - IPC Server Responder: starting
2021-09-16 12:46:56,202 [IPC Server listener on 0] INFO  ipc.Server (Server.java:run(1344)) - IPC Server listener on 0: starting
2021-09-16 12:46:56,209 [Listener at 0.0.0.0/41575] INFO  server.StorageContainerManager (StorageContainerManager.java:start(1300)) - ScmDatanodeProtocl RPC server is listening at /0.0.0.0:41501
2021-09-16 12:46:56,209 [Listener at 0.0.0.0/41575] INFO  server.SCMDatanodeProtocolServer (SCMDatanodeProtocolServer.java:start(181)) - RPC server for DataNodes is listening at /0.0.0.0:41501
2021-09-16 12:46:56,210 [IPC Server Responder] INFO  ipc.Server (Server.java:run(1507)) - IPC Server Responder: starting
2021-09-16 12:46:56,210 [IPC Server listener on 0] INFO  ipc.Server (Server.java:run(1344)) - IPC Server listener on 0: starting
2021-09-16 12:46:56,218 [Listener at 0.0.0.0/41575] INFO  http.BaseHttpServer (BaseHttpServer.java:newHttpServer2BuilderForOzone(209)) - Starting Web-server for scm at: http://0.0.0.0:0
2021-09-16 12:46:56,218 [Listener at 0.0.0.0/41575] INFO  http.BaseHttpServer (BaseHttpServer.java:<init>(107)) - Hadoop Security Enabled: false Ozone Security Enabled: false Ozone HTTP Security Enabled: false 
2021-09-16 12:46:56,218 [org.apache.hadoop.util.JvmPauseMonitor$Monitor@344537b3] INFO  util.JvmPauseMonitor (JvmPauseMonitor.java:run(188)) - Starting JVM pause monitor
2021-09-16 12:46:56,220 [Listener at 0.0.0.0/41575] INFO  server.AuthenticationFilter (AuthenticationFilter.java:constructSecretProvider(240)) - Unable to initialize FileSignerSecretProvider, falling back to use random secrets.
2021-09-16 12:46:56,224 [Listener at 0.0.0.0/41575] WARN  http.HttpRequestLog (HttpRequestLog.java:getRequestLog(103)) - Jetty request log can only be enabled using Log4j
2021-09-16 12:46:56,225 [Listener at 0.0.0.0/41575] INFO  http.HttpServer2 (HttpServer2.java:addGlobalFilter(1030)) - Added global filter 'safety' (class=org.apache.hadoop.hdds.server.http.HttpServer2$QuotingInputFilter)
2021-09-16 12:46:56,226 [Listener at 0.0.0.0/41575] INFO  http.HttpServer2 (HttpServer2.java:addFilter(1006)) - Added filter static_user_filter (class=org.apache.hadoop.http.lib.StaticUserWebFilter$StaticUserFilter) to context scm
2021-09-16 12:46:56,226 [Listener at 0.0.0.0/41575] INFO  http.HttpServer2 (HttpServer2.java:addFilter(1014)) - Added filter static_user_filter (class=org.apache.hadoop.http.lib.StaticUserWebFilter$StaticUserFilter) to context static
2021-09-16 12:46:56,226 [Listener at 0.0.0.0/41575] INFO  http.HttpServer2 (HttpServer2.java:addFilter(1014)) - Added filter static_user_filter (class=org.apache.hadoop.http.lib.StaticUserWebFilter$StaticUserFilter) to context logs
2021-09-16 12:46:56,227 [Listener at 0.0.0.0/41575] INFO  http.HttpServer2 (HttpServer2.java:bindListener(1249)) - Jetty bound to port 39015
2021-09-16 12:46:56,227 [Listener at 0.0.0.0/41575] INFO  server.Server (Server.java:doStart(375)) - jetty-9.4.43.v20210629; built: 2021-06-30T11:07:22.254Z; git: 526006ecfa3af7f1a27ef3a288e2bef7ea9dd7e8; jvm 1.8.0_292-b10
2021-09-16 12:46:56,232 [Listener at 0.0.0.0/41575] INFO  server.session (DefaultSessionIdManager.java:doStart(334)) - DefaultSessionIdManager workerName=node0
2021-09-16 12:46:56,233 [Listener at 0.0.0.0/41575] INFO  server.session (DefaultSessionIdManager.java:doStart(339)) - No SessionScavenger set, using defaults
2021-09-16 12:46:56,233 [Listener at 0.0.0.0/41575] INFO  server.session (HouseKeeper.java:startScavenging(132)) - node0 Scavenging every 600000ms
2021-09-16 12:46:56,236 [Listener at 0.0.0.0/41575] INFO  handler.ContextHandler (ContextHandler.java:doStart(915)) - Started o.e.j.s.ServletContextHandler@18262355{logs,/logs,file:///home/runner/work/ozone/ozone/hadoop-ozone/integration-test/target/log,AVAILABLE}
2021-09-16 12:46:56,237 [Listener at 0.0.0.0/41575] INFO  handler.ContextHandler (ContextHandler.java:doStart(915)) - Started o.e.j.s.ServletContextHandler@41a25fa0{static,/static,file:///home/runner/work/ozone/ozone/hadoop-ozone/integration-test/target/test-classes/webapps/static,AVAILABLE}
2021-09-16 12:46:56,248 [Listener at 0.0.0.0/41575] INFO  handler.ContextHandler (ContextHandler.java:doStart(915)) - Started o.e.j.w.WebAppContext@45c6218c{scm,/,file:///home/runner/work/ozone/ozone/hadoop-ozone/integration-test/target/test-classes/webapps/scm/,AVAILABLE}{file:/home/runner/work/ozone/ozone/hadoop-ozone/integration-test/target/test-classes/webapps/scm}
2021-09-16 12:46:56,258 [Listener at 0.0.0.0/41575] INFO  server.AbstractConnector (AbstractConnector.java:doStart(331)) - Started ServerConnector@75bfb370{HTTP/1.1, (http/1.1)}{0.0.0.0:39015}
2021-09-16 12:46:56,259 [Listener at 0.0.0.0/41575] INFO  server.Server (Server.java:doStart(415)) - Started @24795ms
2021-09-16 12:46:56,259 [Listener at 0.0.0.0/41575] WARN  impl.MetricsSystemImpl (MetricsSystemImpl.java:register(279)) - Sink prometheus already exists!
2021-09-16 12:46:56,260 [Listener at 0.0.0.0/41575] INFO  http.BaseHttpServer (BaseHttpServer.java:updateConnectorAddress(329)) - HTTP server of scm listening at http://0.0.0.0:39015
2021-09-16 12:46:56,260 [Listener at 0.0.0.0/41575] WARN  server.ServerUtils (ServerUtils.java:getDBPath(225)) - ozone.om.db.dirs is not configured. We recommend adding this setting. Falling back to ozone.metadata.dirs instead.
2021-09-16 12:46:56,262 [Listener at 0.0.0.0/41575] INFO  ha.OMHANodeDetails (OMHANodeDetails.java:loadOMHAConfig(112)) - ozone.om.internal.service.id is not defined, falling back to ozone.om.service.ids to find serviceID for OzoneManager if it is HA enabled cluster
2021-09-16 12:46:56,263 [Listener at 0.0.0.0/41575] INFO  ha.OMHANodeDetails (OMHANodeDetails.java:loadOMHAConfig(219)) - Configuration does not have ozone.om.address set. Falling back to the default OM address /127.0.0.1:0
2021-09-16 12:46:56,263 [Listener at 0.0.0.0/41575] INFO  ha.OMHANodeDetails (OMHANodeDetails.java:getOMNodeDetails(247)) - OM Service ID is not set. Setting it to the default ID: omServiceIdDefault
2021-09-16 12:46:56,263 [Listener at 0.0.0.0/41575] INFO  ha.OMHANodeDetails (OMHANodeDetails.java:getOMNodeDetails(254)) - OM Node ID is not set. Setting it to the default ID: om1
2021-09-16 12:46:56,263 [Listener at 0.0.0.0/41575] WARN  server.ServerUtils (ServerUtils.java:getDBPath(225)) - ozone.om.db.dirs is not configured. We recommend adding this setting. Falling back to ozone.metadata.dirs instead.
2021-09-16 12:46:56,264 [Listener at 0.0.0.0/41575] INFO  upgrade.AbstractLayoutVersionManager (AbstractLayoutVersionManager.java:init(79)) - Initializing Layout version manager with metadata layout = INITIAL_VERSION (version = 0), software layout = INITIAL_VERSION (version = 0)
2021-09-16 12:46:56,363 [Listener at 0.0.0.0/41575] INFO  reflections.Reflections (Reflections.java:scan(232)) - Reflections took 97 ms to scan 2 urls, producing 131 keys and 342 values [using 2 cores]
2021-09-16 12:46:56,364 [Listener at 0.0.0.0/41575] INFO  upgrade.OMLayoutVersionManager (OMLayoutVersionManager.java:lambda$0(115)) - Skipping Upgrade Action MockOmUpgradeAction since it has been finalized.
2021-09-16 12:46:56,364 [Listener at 0.0.0.0/41575] WARN  server.ServerUtils (ServerUtils.java:getDBPath(225)) - ozone.om.db.dirs is not configured. We recommend adding this setting. Falling back to ozone.metadata.dirs instead.
2021-09-16 12:46:56,390 [Listener at 0.0.0.0/41575] WARN  server.ServerUtils (ServerUtils.java:getDBPath(225)) - ozone.om.db.dirs is not configured. We recommend adding this setting. Falling back to ozone.metadata.dirs instead.
2021-09-16 12:46:56,391 [Listener at 0.0.0.0/41575] INFO  codec.OmKeyInfoCodec (OmKeyInfoCodec.java:<init>(51)) - OmKeyInfoCodec ignorePipeline = true
2021-09-16 12:46:56,391 [Listener at 0.0.0.0/41575] INFO  codec.RepeatedOmKeyInfoCodec (RepeatedOmKeyInfoCodec.java:<init>(42)) - RepeatedOmKeyInfoCodec ignorePipeline = true
2021-09-16 12:46:56,637 [Listener at 0.0.0.0/41575] INFO  om.OzoneManager (OzoneManager.java:addS3GVolumeToDB(4127)) - Created Volume s3v With Owner runner required for S3Gateway operations.
2021-09-16 12:46:56,637 [Listener at 0.0.0.0/41575] WARN  server.ServerUtils (ServerUtils.java:getDefaultRatisDirectory(237)) - Storage directory for Ratis is not configured. It is a good idea to map this to an SSD disk. Falling back to ozone.metadata.dirs
2021-09-16 12:46:56,637 [Listener at 0.0.0.0/41575] WARN  utils.OzoneManagerRatisUtils (OzoneManagerRatisUtils.java:getOMRatisSnapshotDirectory(391)) - ozone.om.ratis.snapshot.dir is not configured. Falling back to ozone.metadata.dirs config
2021-09-16 12:46:56,637 [Listener at 0.0.0.0/41575] WARN  server.ServerUtils (ServerUtils.java:getDefaultRatisDirectory(237)) - Storage directory for Ratis is not configured. It is a good idea to map this to an SSD disk. Falling back to ozone.metadata.dirs
2021-09-16 12:46:56,641 [Listener at 0.0.0.0/41575] INFO  ratis.OzoneManagerRatisServer (OzoneManagerRatisServer.java:<init>(158)) - Instantiating OM Ratis server with groupID: omServiceIdDefault and peers: localhost:9872
2021-09-16 12:46:56,641 [Listener at 0.0.0.0/41575] INFO  ratis.OzoneManagerStateMachine (OzoneManagerStateMachine.java:loadSnapshotInfoFromDB(605)) - LastAppliedIndex is set from TransactionInfo from OM DB as (t:0, i:~)
2021-09-16 12:46:56,642 [Listener at 0.0.0.0/41575] INFO  server.RaftServer (ConfUtils.java:logGet(44)) - raft.rpc.type = GRPC (default)
2021-09-16 12:46:56,642 [Listener at 0.0.0.0/41575] INFO  grpc.GrpcFactory (GrpcFactory.java:checkPooledByteBufAllocatorUseCacheForAllThreads(48)) - PERFORMANCE WARNING: useCacheForAllThreads is true that may cause Netty to create a lot garbage objects and, as a result, trigger GC.
	It is recommended to disable useCacheForAllThreads by setting -Dorg.apache.ratis.thirdparty.io.netty.allocator.useCacheForAllThreads=false in command line.
2021-09-16 12:46:56,642 [Listener at 0.0.0.0/41575] INFO  grpc.GrpcConfigKeys (ConfUtils.java:logGet(44)) - raft.grpc.admin.port = -1 (default)
2021-09-16 12:46:56,643 [Listener at 0.0.0.0/41575] INFO  grpc.GrpcConfigKeys (ConfUtils.java:logGet(44)) - raft.grpc.server.port = 9872 (custom)
2021-09-16 12:46:56,643 [Listener at 0.0.0.0/41575] INFO  grpc.GrpcConfigKeys (ConfUtils.java:logGet(44)) - raft.grpc.client.port = -1 (default)
2021-09-16 12:46:56,643 [Listener at 0.0.0.0/41575] INFO  grpc.GrpcConfigKeys (ConfUtils.java:logGet(44)) - raft.grpc.server.port = 9872 (custom)
2021-09-16 12:46:56,643 [Listener at 0.0.0.0/41575] INFO  grpc.GrpcConfigKeys (ConfUtils.java:logGet(44)) - raft.grpc.server.port = 9872 (custom)
2021-09-16 12:46:56,644 [Listener at 0.0.0.0/41575] INFO  server.GrpcService (ConfUtils.java:logGet(44)) - raft.grpc.message.size.max = 33554432 (custom)
2021-09-16 12:46:56,644 [Listener at 0.0.0.0/41575] INFO  server.RaftServerConfigKeys (ConfUtils.java:logGet(44)) - raft.server.log.appender.buffer.byte-limit = 33554432 (custom)
2021-09-16 12:46:56,644 [Listener at 0.0.0.0/41575] INFO  server.GrpcService (ConfUtils.java:logGet(44)) - raft.grpc.flow.control.window = 1MB (=1048576) (default)
2021-09-16 12:46:56,644 [Listener at 0.0.0.0/41575] INFO  server.RaftServerConfigKeys (ConfUtils.java:logGet(44)) - raft.server.rpc.request.timeout = 3000ms (default)
2021-09-16 12:46:56,645 [Listener at 0.0.0.0/41575] INFO  impl.DataStreamServerImpl (ConfUtils.java:logGet(44)) - raft.datastream.type = DISABLED (default)
2021-09-16 12:46:56,645 [Listener at 0.0.0.0/41575] INFO  server.RaftServerConfigKeys (ConfUtils.java:logGet(44)) - raft.server.rpc.slowness.timeout = 120s (custom)
2021-09-16 12:46:56,646 [Listener at 0.0.0.0/41575] INFO  server.RaftServerConfigKeys (ConfUtils.java:logGet(44)) - raft.server.leaderelection.leader.step-down.wait-time = 10s (default)
2021-09-16 12:46:56,646 [Listener at 0.0.0.0/41575] INFO  server.RaftServerConfigKeys (ConfUtils.java:logGet(44)) - raft.server.storage.dir = [/home/runner/work/ozone/ozone/hadoop-ozone/integration-test/target/test-dir/MiniOzoneClusterImpl-babe98fd-e4a2-44a3-a902-6ec1ad6f036e/ozone-meta/ratis] (custom)
2021-09-16 12:46:56,647 [Listener at 0.0.0.0/41575] INFO  server.RaftServer (RaftServerProxy.java:addNew(95)) - om1: addNew group-C5BA1605619E:[om1|rpc:localhost:9872|priority:0] returns group-C5BA1605619E:java.util.concurrent.CompletableFuture@ab3f960[Not completed]
2021-09-16 12:46:56,647 [Listener at 0.0.0.0/41575] INFO  om.OzoneManager (OzoneManager.java:initializeRatisServer(1585)) - OzoneManager Ratis server initialized at port 9872
2021-09-16 12:46:56,649 [Listener at 0.0.0.0/41575] INFO  ipc.CallQueueManager (CallQueueManager.java:<init>(90)) - Using callQueue: class java.util.concurrent.LinkedBlockingQueue, queueCapacity: 2000, scheduler: class org.apache.hadoop.ipc.DefaultRpcScheduler, ipcBackoff: false.
2021-09-16 12:46:56,651 [pool-109-thread-1] INFO  server.RaftServer$Division (RaftServerImpl.java:<init>(181)) - om1: new RaftServerImpl for group-C5BA1605619E:[om1|rpc:localhost:9872|priority:0] with OzoneManagerStateMachine:uninitialized
2021-09-16 12:46:56,651 [Socket Reader #1 for port 0] INFO  ipc.Server (Server.java:run(1265)) - Starting Socket Reader #1 for port 0
2021-09-16 12:46:56,661 [pool-109-thread-1] INFO  server.RaftServerConfigKeys (ConfUtils.java:logGet(44)) - raft.server.rpc.timeout.min = 1s (custom)
2021-09-16 12:46:56,662 [pool-109-thread-1] INFO  server.RaftServerConfigKeys (ConfUtils.java:logGet(44)) - raft.server.rpc.timeout.max = 1200ms (custom)
2021-09-16 12:46:56,662 [pool-109-thread-1] INFO  server.RaftServerConfigKeys (ConfUtils.java:logGet(44)) - raft.server.rpc.sleep.time = 25ms (default)
2021-09-16 12:46:56,662 [pool-109-thread-1] INFO  server.RaftServerConfigKeys (ConfUtils.java:logGet(44)) - raft.server.rpc.slowness.timeout = 120s (custom)
2021-09-16 12:46:56,662 [pool-109-thread-1] INFO  server.RaftServerConfigKeys (ConfUtils.java:logGet(44)) - raft.server.leaderelection.leader.step-down.wait-time = 10s (default)
2021-09-16 12:46:56,662 [pool-109-thread-1] INFO  server.RaftServerConfigKeys (ConfUtils.java:logGet(44)) - raft.server.sleep.deviation.threshold = 300ms (default)
2021-09-16 12:46:56,662 [pool-109-thread-1] INFO  server.RaftServerConfigKeys (ConfUtils.java:logGet(44)) - raft.server.log.appender.install.snapshot.enabled = false (custom)
2021-09-16 12:46:56,662 [pool-109-thread-1] INFO  server.RaftServer$Division (ServerState.java:<init>(105)) - om1@group-C5BA1605619E: ConfigurationManager, init=-1: [om1|rpc:localhost:9872|priority:0], old=null, confs=<EMPTY_MAP>
2021-09-16 12:46:56,662 [pool-109-thread-1] INFO  server.RaftServerConfigKeys (ConfUtils.java:logGet(44)) - raft.server.storage.dir = [/home/runner/work/ozone/ozone/hadoop-ozone/integration-test/target/test-dir/MiniOzoneClusterImpl-babe98fd-e4a2-44a3-a902-6ec1ad6f036e/ozone-meta/ratis] (custom)
2021-09-16 12:46:56,662 [pool-109-thread-1] INFO  server.RaftServerConfigKeys (ConfUtils.java:logGet(44)) - raft.server.log.corruption.policy = EXCEPTION (default)
2021-09-16 12:46:56,662 [pool-109-thread-1] INFO  server.RaftServerConfigKeys (ConfUtils.java:logGet(44)) - raft.server.storage.free-space.min = 0MB (=0) (default)
2021-09-16 12:46:56,662 [pool-109-thread-1] INFO  storage.RaftStorageDirectory (RaftStorageDirectoryImpl.java:analyzeStorage(135)) - The storage directory /home/runner/work/ozone/ozone/hadoop-ozone/integration-test/target/test-dir/MiniOzoneClusterImpl-babe98fd-e4a2-44a3-a902-6ec1ad6f036e/ozone-meta/ratis/bf265839-605b-3f16-9796-c5ba1605619e does not exist. Creating ...
2021-09-16 12:46:56,666 [pool-109-thread-1] INFO  storage.RaftStorageDirectory (RaftStorageDirectoryImpl.java:tryLock(230)) - Lock on /home/runner/work/ozone/ozone/hadoop-ozone/integration-test/target/test-dir/MiniOzoneClusterImpl-babe98fd-e4a2-44a3-a902-6ec1ad6f036e/ozone-meta/ratis/bf265839-605b-3f16-9796-c5ba1605619e/in_use.lock acquired by nodename 14711@fv-az148-673
2021-09-16 12:46:56,668 [pool-109-thread-1] INFO  storage.RaftStorage (RaftStorageImpl.java:format(89)) - Storage directory /home/runner/work/ozone/ozone/hadoop-ozone/integration-test/target/test-dir/MiniOzoneClusterImpl-babe98fd-e4a2-44a3-a902-6ec1ad6f036e/ozone-meta/ratis/bf265839-605b-3f16-9796-c5ba1605619e has been successfully formatted.
2021-09-16 12:46:56,668 [pool-109-thread-1] INFO  server.RaftServerConfigKeys (ConfUtils.java:logGet(44)) - raft.server.notification.no-leader.timeout = 120s (custom)
2021-09-16 12:46:56,668 [pool-109-thread-1] INFO  server.RaftServerConfigKeys (ConfUtils.java:logGet(44)) - raft.server.log.use.memory = false (default)
2021-09-16 12:46:56,668 [pool-109-thread-1] INFO  server.RaftServerConfigKeys (ConfUtils.java:logGet(44)) - raft.server.log.purge.gap = 1000000 (custom)
2021-09-16 12:46:56,668 [pool-109-thread-1] INFO  server.RaftServerConfigKeys (ConfUtils.java:logGet(44)) - raft.server.log.appender.buffer.byte-limit = 33554432 (custom)
2021-09-16 12:46:56,668 [pool-109-thread-1] INFO  server.RaftServerConfigKeys (ConfUtils.java:logGet(44)) - raft.server.log.segment.size.max = 4194304 (custom)
2021-09-16 12:46:56,669 [pool-109-thread-1] INFO  server.RaftServerConfigKeys (ConfUtils.java:logGet(44)) - raft.server.log.segment.cache.num.max = 2 (custom)
2021-09-16 12:46:56,669 [pool-109-thread-1] INFO  server.RaftServerConfigKeys (ConfUtils.java:logGet(44)) - raft.server.log.segment.cache.size.max = 200MB (=209715200) (default)
2021-09-16 12:46:56,669 [pool-109-thread-1] INFO  segmented.SegmentedRaftLogWorker (SegmentedRaftLogWorker.java:<init>(182)) - new om1@group-C5BA1605619E-SegmentedRaftLogWorker for RaftStorageImpl:Storage Directory /home/runner/work/ozone/ozone/hadoop-ozone/integration-test/target/test-dir/MiniOzoneClusterImpl-babe98fd-e4a2-44a3-a902-6ec1ad6f036e/ozone-meta/ratis/bf265839-605b-3f16-9796-c5ba1605619e
2021-09-16 12:46:56,670 [pool-109-thread-1] INFO  server.RaftServerConfigKeys (ConfUtils.java:logGet(44)) - raft.server.log.queue.byte-limit = 64MB (=67108864) (default)
2021-09-16 12:46:56,670 [pool-109-thread-1] INFO  server.RaftServerConfigKeys (ConfUtils.java:logGet(44)) - raft.server.log.queue.element-limit = 4096 (default)
2021-09-16 12:46:56,670 [pool-109-thread-1] INFO  server.RaftServerConfigKeys (ConfUtils.java:logGet(44)) - raft.server.log.segment.size.max = 4194304 (custom)
2021-09-16 12:46:56,670 [pool-109-thread-1] INFO  server.RaftServerConfigKeys (ConfUtils.java:logGet(44)) - raft.server.log.preallocated.size = 4194304 (custom)
2021-09-16 12:46:56,670 [pool-109-thread-1] INFO  server.RaftServerConfigKeys (ConfUtils.java:logGet(44)) - raft.server.log.force.sync.num = 128 (default)
2021-09-16 12:46:56,670 [pool-109-thread-1] INFO  server.RaftServerConfigKeys (ConfUtils.java:logGet(44)) - raft.server.log.statemachine.data.sync = true (default)
2021-09-16 12:46:56,670 [pool-109-thread-1] INFO  server.RaftServerConfigKeys (ConfUtils.java:logGet(44)) - raft.server.log.statemachine.data.sync.timeout = 10s (default)
2021-09-16 12:46:56,670 [pool-109-thread-1] INFO  server.RaftServerConfigKeys (ConfUtils.java:logGet(44)) - raft.server.log.statemachine.data.sync.timeout.retry = -1 (default)
2021-09-16 12:46:56,672 [pool-109-thread-1] INFO  server.RaftServerConfigKeys (ConfUtils.java:logGet(44)) - raft.server.log.write.buffer.size = 64KB (=65536) (default)
2021-09-16 12:46:56,672 [pool-109-thread-1] INFO  server.RaftServerConfigKeys (ConfUtils.java:logGet(44)) - raft.server.log.statemachine.data.caching.enabled = false (default)
2021-09-16 12:46:56,672 [pool-109-thread-1] INFO  segmented.SegmentedRaftLogWorker (SegmentedRaftLogWorker.java:lambda$new$0(133)) - om1@group-C5BA1605619E-SegmentedRaftLogWorker: flushIndex: setUnconditionally 0 -> -1
2021-09-16 12:46:56,672 [pool-109-thread-1] INFO  segmented.SegmentedRaftLogWorker (SegmentedRaftLogWorker.java:lambda$new$0(133)) - om1@group-C5BA1605619E-SegmentedRaftLogWorker: safeCacheEvictIndex: setUnconditionally 0 -> -1
2021-09-16 12:46:56,676 [pool-109-thread-1] INFO  server.RaftServerConfigKeys (ConfUtils.java:logGet(44)) - raft.server.snapshot.auto.trigger.enabled = true (custom)
2021-09-16 12:46:56,676 [pool-109-thread-1] INFO  server.RaftServerConfigKeys (ConfUtils.java:logGet(44)) - raft.server.snapshot.auto.trigger.threshold = 400000 (default)
2021-09-16 12:46:56,676 [pool-109-thread-1] INFO  server.RaftServerConfigKeys (ConfUtils.java:logGet(44)) - raft.server.snapshot.retention.file.num = -1 (default)
2021-09-16 12:46:56,677 [pool-109-thread-1] INFO  server.RaftServerConfigKeys (ConfUtils.java:logGet(44)) - raft.server.log.purge.upto.snapshot.index = true (custom)
2021-09-16 12:46:56,677 [pool-109-thread-1] INFO  server.RaftServerConfigKeys (ConfUtils.java:logGet(44)) - raft.server.retrycache.expirytime = 300s (custom)
2021-09-16 12:46:56,677 [pool-109-thread-1] INFO  server.RaftServerConfigKeys (ConfUtils.java:logGet(44)) - raft.server.retrycache.statistics.expirytime = 100μs (default)
2021-09-16 12:46:56,705 [Listener at 127.0.0.1/43521] INFO  om.OzoneManager (OzoneManager.java:initFSOLayout(4333)) - Configured ozone.om.metadata.layout=SIMPLE and disabled optimized OM FS operations
2021-09-16 12:46:56,707 [Listener at 127.0.0.1/43521] INFO  impl.MetricsSystemImpl (MetricsSystemImpl.java:init(158)) - OzoneManager metrics system started (again)
2021-09-16 12:46:56,728 [Listener at 127.0.0.1/43521] INFO  om.OzoneManager (OzoneManager.java:start(1281)) - OzoneManager RPC server is listening at localhost/127.0.0.1:43521
2021-09-16 12:46:56,736 [Listener at 127.0.0.1/43521] INFO  ratis.OzoneManagerRatisServer (OzoneManagerRatisServer.java:start(516)) - Starting OzoneManagerRatisServer om1 at port 9872
2021-09-16 12:46:56,736 [Listener at 127.0.0.1/43521] INFO  server.RaftServer$Division (RaftServerImpl.java:start(296)) - om1@group-C5BA1605619E: start as a follower, conf=-1: [om1|rpc:localhost:9872|priority:0], old=null
2021-09-16 12:46:56,736 [Listener at 127.0.0.1/43521] INFO  server.RaftServer$Division (RaftServerImpl.java:setRole(285)) - om1@group-C5BA1605619E: changes role from      null to FOLLOWER at term 0 for startAsFollower
2021-09-16 12:46:56,736 [Listener at 127.0.0.1/43521] INFO  impl.RoleInfo (RoleInfo.java:updateAndGet(130)) - om1: start om1@group-C5BA1605619E-FollowerState
2021-09-16 12:46:56,745 [Listener at 127.0.0.1/43521] INFO  util.JmxRegister (JmxRegister.java:tryRegister(44)) - Successfully registered JMX Bean with object name Ratis:service=RaftServer,group=group-C5BA1605619E,id=om1
2021-09-16 12:46:56,752 [Listener at 127.0.0.1/43521] INFO  server.RaftServer (RaftServerProxy.java:lambda$start$5(374)) - om1: start RPC server
2021-09-16 12:46:56,764 [Listener at 127.0.0.1/43521] INFO  server.GrpcService (GrpcService.java:startImpl(253)) - om1: GrpcService started, listening on 9872
2021-09-16 12:46:56,772 [Listener at 127.0.0.1/43521] INFO  om.OzoneManager (OzoneManager.java:start(1299)) - Version File has different layout version (0) than OM DB (null). That is expected if this OM has never been finalized to a newer layout version.
2021-09-16 12:46:56,772 [org.apache.ratis.util.JvmPauseMonitor$$Lambda$531/1568077523@1a56f4de] INFO  util.JvmPauseMonitor (JvmPauseMonitor.java:run(103)) - JvmPauseMonitor-om1: Started
2021-09-16 12:46:56,790 [Listener at 127.0.0.1/43521] INFO  http.BaseHttpServer (BaseHttpServer.java:newHttpServer2BuilderForOzone(209)) - Starting Web-server for ozoneManager at: http://0.0.0.0:0
2021-09-16 12:46:56,790 [Listener at 127.0.0.1/43521] INFO  http.BaseHttpServer (BaseHttpServer.java:<init>(107)) - Hadoop Security Enabled: false Ozone Security Enabled: false Ozone HTTP Security Enabled: false 
2021-09-16 12:46:56,792 [Listener at 127.0.0.1/43521] INFO  server.AuthenticationFilter (AuthenticationFilter.java:constructSecretProvider(240)) - Unable to initialize FileSignerSecretProvider, falling back to use random secrets.
2021-09-16 12:46:56,800 [Listener at 127.0.0.1/43521] WARN  http.HttpRequestLog (HttpRequestLog.java:getRequestLog(103)) - Jetty request log can only be enabled using Log4j
2021-09-16 12:46:56,801 [Listener at 127.0.0.1/43521] INFO  http.HttpServer2 (HttpServer2.java:addGlobalFilter(1030)) - Added global filter 'safety' (class=org.apache.hadoop.hdds.server.http.HttpServer2$QuotingInputFilter)
2021-09-16 12:46:56,802 [Listener at 127.0.0.1/43521] INFO  http.HttpServer2 (HttpServer2.java:addFilter(1006)) - Added filter static_user_filter (class=org.apache.hadoop.http.lib.StaticUserWebFilter$StaticUserFilter) to context ozoneManager
2021-09-16 12:46:56,802 [Listener at 127.0.0.1/43521] INFO  http.HttpServer2 (HttpServer2.java:addFilter(1014)) - Added filter static_user_filter (class=org.apache.hadoop.http.lib.StaticUserWebFilter$StaticUserFilter) to context logs
2021-09-16 12:46:56,802 [Listener at 127.0.0.1/43521] INFO  http.HttpServer2 (HttpServer2.java:addFilter(1014)) - Added filter static_user_filter (class=org.apache.hadoop.http.lib.StaticUserWebFilter$StaticUserFilter) to context static
2021-09-16 12:46:56,802 [Listener at 127.0.0.1/43521] INFO  http.HttpServer2 (HttpServer2.java:bindListener(1249)) - Jetty bound to port 44383
2021-09-16 12:46:56,803 [Listener at 127.0.0.1/43521] INFO  server.Server (Server.java:doStart(375)) - jetty-9.4.43.v20210629; built: 2021-06-30T11:07:22.254Z; git: 526006ecfa3af7f1a27ef3a288e2bef7ea9dd7e8; jvm 1.8.0_292-b10
2021-09-16 12:46:56,832 [Listener at 127.0.0.1/43521] INFO  server.session (DefaultSessionIdManager.java:doStart(334)) - DefaultSessionIdManager workerName=node0
2021-09-16 12:46:56,832 [Listener at 127.0.0.1/43521] INFO  server.session (DefaultSessionIdManager.java:doStart(339)) - No SessionScavenger set, using defaults
2021-09-16 12:46:56,833 [Listener at 127.0.0.1/43521] INFO  server.session (HouseKeeper.java:startScavenging(132)) - node0 Scavenging every 600000ms
2021-09-16 12:46:56,835 [Listener at 127.0.0.1/43521] INFO  handler.ContextHandler (ContextHandler.java:doStart(915)) - Started o.e.j.s.ServletContextHandler@21f6abd2{logs,/logs,file:///home/runner/work/ozone/ozone/hadoop-ozone/integration-test/target/log,AVAILABLE}
2021-09-16 12:46:56,835 [Listener at 127.0.0.1/43521] INFO  handler.ContextHandler (ContextHandler.java:doStart(915)) - Started o.e.j.s.ServletContextHandler@63fd80b0{static,/static,file:///home/runner/work/ozone/ozone/hadoop-ozone/integration-test/target/test-classes/webapps/static,AVAILABLE}
2021-09-16 12:46:56,839 [Listener at 127.0.0.1/43521] INFO  handler.ContextHandler (ContextHandler.java:doStart(915)) - Started o.e.j.w.WebAppContext@62de7175{ozoneManager,/,file:///home/runner/work/ozone/ozone/hadoop-ozone/integration-test/target/test-classes/webapps/ozoneManager/,AVAILABLE}{file:/home/runner/work/ozone/ozone/hadoop-ozone/integration-test/target/test-classes/webapps/ozoneManager}
2021-09-16 12:46:56,851 [Listener at 127.0.0.1/43521] INFO  server.AbstractConnector (AbstractConnector.java:doStart(331)) - Started ServerConnector@2c75ba2e{HTTP/1.1, (http/1.1)}{0.0.0.0:44383}
2021-09-16 12:46:56,851 [Listener at 127.0.0.1/43521] INFO  server.Server (Server.java:doStart(415)) - Started @25387ms
2021-09-16 12:46:56,851 [Listener at 127.0.0.1/43521] WARN  impl.MetricsSystemImpl (MetricsSystemImpl.java:register(279)) - Sink prometheus already exists!
2021-09-16 12:46:56,852 [Listener at 127.0.0.1/43521] INFO  http.BaseHttpServer (BaseHttpServer.java:updateConnectorAddress(329)) - HTTP server of ozoneManager listening at http://0.0.0.0:44383
2021-09-16 12:46:56,856 [IPC Server Responder] INFO  ipc.Server (Server.java:run(1507)) - IPC Server Responder: starting
2021-09-16 12:46:56,856 [IPC Server listener on 0] INFO  ipc.Server (Server.java:run(1344)) - IPC Server listener on 0: starting
2021-09-16 12:46:56,861 [Listener at 127.0.0.1/43521] INFO  om.OzoneManager (OzoneManager.java:startTrashEmptier(1543)) - Trash Interval set to 0. Files deleted will not move to trash
2021-09-16 12:46:56,880 [org.apache.hadoop.util.JvmPauseMonitor$Monitor@2fe9807b] INFO  util.JvmPauseMonitor (JvmPauseMonitor.java:run(188)) - Starting JVM pause monitor
2021-09-16 12:46:56,886 [Listener at 127.0.0.1/43521] WARN  impl.MetricRegistriesImpl (MetricRegistriesImpl.java:addReporterRegistration(111)) - New reporters are added after registries were created. Some metrics will be missing from the reporter. Please add reporter before adding any new registry.
2021-09-16 12:46:56,887 [Listener at 127.0.0.1/43521] WARN  impl.MetricRegistriesImpl (MetricRegistriesImpl.java:addReporterRegistration(111)) - New reporters are added after registries were created. Some metrics will be missing from the reporter. Please add reporter before adding any new registry.
2021-09-16 12:46:56,896 [Listener at 127.0.0.1/43521] INFO  impl.MetricsSystemImpl (MetricsSystemImpl.java:init(158)) - HddsDatanode metrics system started (again)
2021-09-16 12:46:56,918 [Listener at 127.0.0.1/43521] INFO  ozone.HddsDatanodeService (HddsDatanodeService.java:start(234)) - HddsDatanodeService host:fv-az148-673.bm4ck3pvxvsene1rjriu5fhcdb.bx.internal.cloudapp.net ip:10.1.0.31
2021-09-16 12:46:56,964 [Listener at 127.0.0.1/43521] INFO  upgrade.AbstractLayoutVersionManager (AbstractLayoutVersionManager.java:init(79)) - Initializing Layout version manager with metadata layout = SCM_HA (version = 2), software layout = SCM_HA (version = 2)
2021-09-16 12:46:57,053 [Listener at 127.0.0.1/43521] INFO  reflections.Reflections (Reflections.java:scan(232)) - Reflections took 86 ms to scan 7 urls, producing 119 keys and 275 values 
2021-09-16 12:46:57,077 [Listener at 127.0.0.1/43521] INFO  volume.HddsVolume (HddsVolume.java:<init>(120)) - Creating HddsVolume: /home/runner/work/ozone/ozone/hadoop-ozone/integration-test/target/test-dir/MiniOzoneClusterImpl-babe98fd-e4a2-44a3-a902-6ec1ad6f036e/datanode-0/data-0/containers/hdds of storage type : DISK capacity : 9223372036854775807
2021-09-16 12:46:57,077 [Listener at 127.0.0.1/43521] INFO  volume.MutableVolumeSet (MutableVolumeSet.java:initializeVolumeSet(168)) - Added Volume : /home/runner/work/ozone/ozone/hadoop-ozone/integration-test/target/test-dir/MiniOzoneClusterImpl-babe98fd-e4a2-44a3-a902-6ec1ad6f036e/datanode-0/data-0/containers/hdds to VolumeSet
2021-09-16 12:46:57,077 [Listener at 127.0.0.1/43521] INFO  volume.ThrottledAsyncChecker (ThrottledAsyncChecker.java:schedule(141)) - Scheduling a check for /home/runner/work/ozone/ozone/hadoop-ozone/integration-test/target/test-dir/MiniOzoneClusterImpl-babe98fd-e4a2-44a3-a902-6ec1ad6f036e/datanode-0/data-0/containers/hdds
2021-09-16 12:46:57,092 [Listener at 127.0.0.1/43521] INFO  volume.StorageVolumeChecker (StorageVolumeChecker.java:checkAllVolumes(202)) - Scheduled health check for volume /home/runner/work/ozone/ozone/hadoop-ozone/integration-test/target/test-dir/MiniOzoneClusterImpl-babe98fd-e4a2-44a3-a902-6ec1ad6f036e/datanode-0/data-0/containers/hdds
2021-09-16 12:46:57,115 [Listener at 127.0.0.1/43521] INFO  volume.MutableVolumeSet (MutableVolumeSet.java:initializeVolumeSet(168)) - Added Volume : /home/runner/work/ozone/ozone/hadoop-ozone/integration-test/target/test-dir/MiniOzoneClusterImpl-babe98fd-e4a2-44a3-a902-6ec1ad6f036e/datanode-0/data/ratis to VolumeSet
2021-09-16 12:46:57,116 [Listener at 127.0.0.1/43521] INFO  volume.ThrottledAsyncChecker (ThrottledAsyncChecker.java:schedule(141)) - Scheduling a check for /home/runner/work/ozone/ozone/hadoop-ozone/integration-test/target/test-dir/MiniOzoneClusterImpl-babe98fd-e4a2-44a3-a902-6ec1ad6f036e/datanode-0/data/ratis
2021-09-16 12:46:57,116 [Listener at 127.0.0.1/43521] INFO  volume.StorageVolumeChecker (StorageVolumeChecker.java:checkAllVolumes(202)) - Scheduled health check for volume /home/runner/work/ozone/ozone/hadoop-ozone/integration-test/target/test-dir/MiniOzoneClusterImpl-babe98fd-e4a2-44a3-a902-6ec1ad6f036e/datanode-0/data/ratis
2021-09-16 12:46:57,148 [Thread-282] INFO  ozoneimpl.ContainerReader (ContainerReader.java:readVolume(172)) - Finish verifying containers on volume /home/runner/work/ozone/ozone/hadoop-ozone/integration-test/target/test-dir/MiniOzoneClusterImpl-babe98fd-e4a2-44a3-a902-6ec1ad6f036e/datanode-0/data-0/containers/hdds
2021-09-16 12:46:57,148 [Listener at 127.0.0.1/43521] INFO  ozoneimpl.OzoneContainer (OzoneContainer.java:buildContainerSet(236)) - Build ContainerSet costs 0s
2021-09-16 12:46:57,156 [Listener at 127.0.0.1/43521] INFO  server.RaftServer (ConfUtils.java:logGet(44)) - raft.rpc.type = GRPC (default)
2021-09-16 12:46:57,157 [Listener at 127.0.0.1/43521] INFO  grpc.GrpcFactory (GrpcFactory.java:checkPooledByteBufAllocatorUseCacheForAllThreads(48)) - PERFORMANCE WARNING: useCacheForAllThreads is true that may cause Netty to create a lot garbage objects and, as a result, trigger GC.
	It is recommended to disable useCacheForAllThreads by setting -Dorg.apache.ratis.thirdparty.io.netty.allocator.useCacheForAllThreads=false in command line.
2021-09-16 12:46:57,157 [Listener at 127.0.0.1/43521] INFO  grpc.GrpcConfigKeys (ConfUtils.java:logGet(44)) - raft.grpc.admin.port = 0 (custom)
2021-09-16 12:46:57,157 [Listener at 127.0.0.1/43521] INFO  grpc.GrpcConfigKeys (ConfUtils.java:logGet(44)) - raft.grpc.client.port = 0 (custom)
2021-09-16 12:46:57,157 [Listener at 127.0.0.1/43521] INFO  grpc.GrpcConfigKeys (ConfUtils.java:logGet(44)) - raft.grpc.server.port = 0 (default)
2021-09-16 12:46:57,157 [Listener at 127.0.0.1/43521] INFO  server.GrpcService (ConfUtils.java:logGet(44)) - raft.grpc.message.size.max = 32MB (=33554432) (custom)
2021-09-16 12:46:57,157 [Listener at 127.0.0.1/43521] INFO  server.RaftServerConfigKeys (ConfUtils.java:logGet(44)) - raft.server.log.appender.buffer.byte-limit = 33554432 (custom)
2021-09-16 12:46:57,157 [Listener at 127.0.0.1/43521] INFO  server.GrpcService (ConfUtils.java:logGet(44)) - raft.grpc.flow.control.window = 5MB (=5242880) (custom)
2021-09-16 12:46:57,158 [Listener at 127.0.0.1/43521] INFO  server.RaftServerConfigKeys (ConfUtils.java:logGet(44)) - raft.server.rpc.request.timeout = 60s (custom)
2021-09-16 12:46:57,160 [Listener at 127.0.0.1/43521] INFO  impl.DataStreamServerImpl (ConfUtils.java:logGet(44)) - raft.datastream.type = DISABLED (default)
2021-09-16 12:46:57,160 [Listener at 127.0.0.1/43521] INFO  server.RaftServerConfigKeys (ConfUtils.java:logGet(44)) - raft.server.rpc.slowness.timeout = 300s (custom)
2021-09-16 12:46:57,160 [Listener at 127.0.0.1/43521] INFO  server.RaftServerConfigKeys (ConfUtils.java:logGet(44)) - raft.server.leaderelection.leader.step-down.wait-time = 10s (default)
2021-09-16 12:46:57,160 [Listener at 127.0.0.1/43521] INFO  server.RaftServerConfigKeys (ConfUtils.java:logGet(44)) - raft.server.storage.dir = [/home/runner/work/ozone/ozone/hadoop-ozone/integration-test/target/test-dir/MiniOzoneClusterImpl-babe98fd-e4a2-44a3-a902-6ec1ad6f036e/datanode-0/data/ratis] (custom)
2021-09-16 12:46:57,170 [Listener at 127.0.0.1/43521] INFO  http.BaseHttpServer (BaseHttpServer.java:newHttpServer2BuilderForOzone(209)) - Starting Web-server for hddsDatanode at: http://0.0.0.0:0
2021-09-16 12:46:57,170 [Listener at 127.0.0.1/43521] INFO  http.BaseHttpServer (BaseHttpServer.java:<init>(107)) - Hadoop Security Enabled: false Ozone Security Enabled: false Ozone HTTP Security Enabled: false 
2021-09-16 12:46:57,172 [Listener at 127.0.0.1/43521] INFO  server.AuthenticationFilter (AuthenticationFilter.java:constructSecretProvider(240)) - Unable to initialize FileSignerSecretProvider, falling back to use random secrets.
2021-09-16 12:46:57,180 [Listener at 127.0.0.1/43521] WARN  http.HttpRequestLog (HttpRequestLog.java:getRequestLog(103)) - Jetty request log can only be enabled using Log4j
2021-09-16 12:46:57,181 [Listener at 127.0.0.1/43521] INFO  http.HttpServer2 (HttpServer2.java:addGlobalFilter(1030)) - Added global filter 'safety' (class=org.apache.hadoop.hdds.server.http.HttpServer2$QuotingInputFilter)
2021-09-16 12:46:57,182 [Listener at 127.0.0.1/43521] INFO  http.HttpServer2 (HttpServer2.java:addFilter(1006)) - Added filter static_user_filter (class=org.apache.hadoop.http.lib.StaticUserWebFilter$StaticUserFilter) to context hddsDatanode
2021-09-16 12:46:57,182 [Listener at 127.0.0.1/43521] INFO  http.HttpServer2 (HttpServer2.java:addFilter(1014)) - Added filter static_user_filter (class=org.apache.hadoop.http.lib.StaticUserWebFilter$StaticUserFilter) to context logs
2021-09-16 12:46:57,182 [Listener at 127.0.0.1/43521] INFO  http.HttpServer2 (HttpServer2.java:addFilter(1014)) - Added filter static_user_filter (class=org.apache.hadoop.http.lib.StaticUserWebFilter$StaticUserFilter) to context static
2021-09-16 12:46:57,183 [Listener at 127.0.0.1/43521] INFO  http.HttpServer2 (HttpServer2.java:bindListener(1249)) - Jetty bound to port 38921
2021-09-16 12:46:57,183 [Listener at 127.0.0.1/43521] INFO  server.Server (Server.java:doStart(375)) - jetty-9.4.43.v20210629; built: 2021-06-30T11:07:22.254Z; git: 526006ecfa3af7f1a27ef3a288e2bef7ea9dd7e8; jvm 1.8.0_292-b10
2021-09-16 12:46:57,228 [Listener at 127.0.0.1/43521] INFO  server.session (DefaultSessionIdManager.java:doStart(334)) - DefaultSessionIdManager workerName=node0
2021-09-16 12:46:57,229 [Listener at 127.0.0.1/43521] INFO  server.session (DefaultSessionIdManager.java:doStart(339)) - No SessionScavenger set, using defaults
2021-09-16 12:46:57,229 [Listener at 127.0.0.1/43521] INFO  server.session (HouseKeeper.java:startScavenging(132)) - node0 Scavenging every 600000ms
2021-09-16 12:46:57,236 [Listener at 127.0.0.1/43521] INFO  handler.ContextHandler (ContextHandler.java:doStart(915)) - Started o.e.j.s.ServletContextHandler@f542db3{logs,/logs,file:///home/runner/work/ozone/ozone/hadoop-ozone/integration-test/target/log,AVAILABLE}
2021-09-16 12:46:57,237 [Listener at 127.0.0.1/43521] INFO  handler.ContextHandler (ContextHandler.java:doStart(915)) - Started o.e.j.s.ServletContextHandler@6ab2c27b{static,/static,jar:file:/home/runner/.m2/repository/org/apache/ozone/hdds-container-service/1.2.0-SNAPSHOT/hdds-container-service-1.2.0-SNAPSHOT.jar!/webapps/static,AVAILABLE}
2021-09-16 12:46:57,322 [Listener at 127.0.0.1/43521] INFO  handler.ContextHandler (ContextHandler.java:doStart(915)) - Started o.e.j.w.WebAppContext@4ac7674c{hddsDatanode,/,file:///tmp/jetty-0_0_0_0-38921-hdds-container-service-1_2_0-SNAPSHOT_jar-_-any-2504810877713949774/webapp/,AVAILABLE}{jar:file:/home/runner/.m2/repository/org/apache/ozone/hdds-container-service/1.2.0-SNAPSHOT/hdds-container-service-1.2.0-SNAPSHOT.jar!/webapps/hddsDatanode}
2021-09-16 12:46:57,323 [Listener at 127.0.0.1/43521] INFO  server.AbstractConnector (AbstractConnector.java:doStart(331)) - Started ServerConnector@62769d02{HTTP/1.1, (http/1.1)}{0.0.0.0:38921}
2021-09-16 12:46:57,323 [Listener at 127.0.0.1/43521] INFO  server.Server (Server.java:doStart(415)) - Started @25859ms
2021-09-16 12:46:57,323 [Listener at 127.0.0.1/43521] WARN  impl.MetricsSystemImpl (MetricsSystemImpl.java:register(279)) - Sink prometheus already exists!
2021-09-16 12:46:57,324 [Listener at 127.0.0.1/43521] INFO  http.BaseHttpServer (BaseHttpServer.java:updateConnectorAddress(329)) - HTTP server of hddsDatanode listening at http://0.0.0.0:38921
2021-09-16 12:46:57,327 [Listener at 127.0.0.1/43521] WARN  impl.MetricRegistriesImpl (MetricRegistriesImpl.java:addReporterRegistration(111)) - New reporters are added after registries were created. Some metrics will be missing from the reporter. Please add reporter before adding any new registry.
2021-09-16 12:46:57,327 [Listener at 127.0.0.1/43521] WARN  impl.MetricRegistriesImpl (MetricRegistriesImpl.java:addReporterRegistration(111)) - New reporters are added after registries were created. Some metrics will be missing from the reporter. Please add reporter before adding any new registry.
2021-09-16 12:46:57,327 [Listener at 127.0.0.1/43521] INFO  impl.MetricsSystemImpl (MetricsSystemImpl.java:init(158)) - HddsDatanode metrics system started (again)
2021-09-16 12:46:57,332 [Datanode State Machine Thread - 0] INFO  statemachine.DatanodeStateMachine (DatanodeStateMachine.java:lambda$startDaemon$0(456)) - Ozone container server started.
2021-09-16 12:46:57,342 [org.apache.hadoop.util.JvmPauseMonitor$Monitor@1e3460cc] INFO  util.JvmPauseMonitor (JvmPauseMonitor.java:run(188)) - Starting JVM pause monitor
2021-09-16 12:46:57,348 [Listener at 127.0.0.1/43521] INFO  ozone.HddsDatanodeService (HddsDatanodeService.java:start(234)) - HddsDatanodeService host:fv-az148-673.bm4ck3pvxvsene1rjriu5fhcdb.bx.internal.cloudapp.net ip:10.1.0.31
2021-09-16 12:46:57,364 [Datanode State Machine Task Thread - 0] INFO  datanode.InitDatanodeState (InitDatanodeState.java:persistContainerDatanodeDetails(145)) - DatanodeDetails is persisted to /home/runner/work/ozone/ozone/hadoop-ozone/integration-test/target/test-dir/MiniOzoneClusterImpl-babe98fd-e4a2-44a3-a902-6ec1ad6f036e/datanode-0/meta/datanode.id
2021-09-16 12:46:57,376 [Listener at 127.0.0.1/43521] INFO  upgrade.AbstractLayoutVersionManager (AbstractLayoutVersionManager.java:init(79)) - Initializing Layout version manager with metadata layout = SCM_HA (version = 2), software layout = SCM_HA (version = 2)
2021-09-16 12:46:57,449 [Listener at 127.0.0.1/43521] INFO  reflections.Reflections (Reflections.java:scan(232)) - Reflections took 70 ms to scan 7 urls, producing 119 keys and 275 values 
2021-09-16 12:46:57,471 [Listener at 127.0.0.1/43521] INFO  volume.HddsVolume (HddsVolume.java:<init>(120)) - Creating HddsVolume: /home/runner/work/ozone/ozone/hadoop-ozone/integration-test/target/test-dir/MiniOzoneClusterImpl-babe98fd-e4a2-44a3-a902-6ec1ad6f036e/datanode-1/data-0/containers/hdds of storage type : DISK capacity : 9223372036854775807
2021-09-16 12:46:57,471 [Listener at 127.0.0.1/43521] INFO  volume.MutableVolumeSet (MutableVolumeSet.java:initializeVolumeSet(168)) - Added Volume : /home/runner/work/ozone/ozone/hadoop-ozone/integration-test/target/test-dir/MiniOzoneClusterImpl-babe98fd-e4a2-44a3-a902-6ec1ad6f036e/datanode-1/data-0/containers/hdds to VolumeSet
2021-09-16 12:46:57,472 [Listener at 127.0.0.1/43521] INFO  volume.ThrottledAsyncChecker (ThrottledAsyncChecker.java:schedule(141)) - Scheduling a check for /home/runner/work/ozone/ozone/hadoop-ozone/integration-test/target/test-dir/MiniOzoneClusterImpl-babe98fd-e4a2-44a3-a902-6ec1ad6f036e/datanode-1/data-0/containers/hdds
2021-09-16 12:46:57,476 [Listener at 127.0.0.1/43521] INFO  volume.StorageVolumeChecker (StorageVolumeChecker.java:checkAllVolumes(202)) - Scheduled health check for volume /home/runner/work/ozone/ozone/hadoop-ozone/integration-test/target/test-dir/MiniOzoneClusterImpl-babe98fd-e4a2-44a3-a902-6ec1ad6f036e/datanode-1/data-0/containers/hdds
2021-09-16 12:46:57,492 [Listener at 127.0.0.1/43521] INFO  volume.MutableVolumeSet (MutableVolumeSet.java:initializeVolumeSet(168)) - Added Volume : /home/runner/work/ozone/ozone/hadoop-ozone/integration-test/target/test-dir/MiniOzoneClusterImpl-babe98fd-e4a2-44a3-a902-6ec1ad6f036e/datanode-1/data/ratis to VolumeSet
2021-09-16 12:46:57,492 [Listener at 127.0.0.1/43521] INFO  volume.ThrottledAsyncChecker (ThrottledAsyncChecker.java:schedule(141)) - Scheduling a check for /home/runner/work/ozone/ozone/hadoop-ozone/integration-test/target/test-dir/MiniOzoneClusterImpl-babe98fd-e4a2-44a3-a902-6ec1ad6f036e/datanode-1/data/ratis
2021-09-16 12:46:57,492 [Listener at 127.0.0.1/43521] INFO  volume.StorageVolumeChecker (StorageVolumeChecker.java:checkAllVolumes(202)) - Scheduled health check for volume /home/runner/work/ozone/ozone/hadoop-ozone/integration-test/target/test-dir/MiniOzoneClusterImpl-babe98fd-e4a2-44a3-a902-6ec1ad6f036e/datanode-1/data/ratis
2021-09-16 12:46:57,516 [Thread-294] INFO  ozoneimpl.ContainerReader (ContainerReader.java:readVolume(172)) - Finish verifying containers on volume /home/runner/work/ozone/ozone/hadoop-ozone/integration-test/target/test-dir/MiniOzoneClusterImpl-babe98fd-e4a2-44a3-a902-6ec1ad6f036e/datanode-1/data-0/containers/hdds
2021-09-16 12:46:57,516 [Listener at 127.0.0.1/43521] INFO  ozoneimpl.OzoneContainer (OzoneContainer.java:buildContainerSet(236)) - Build ContainerSet costs 0s
2021-09-16 12:46:57,521 [Listener at 127.0.0.1/43521] INFO  server.RaftServer (ConfUtils.java:logGet(44)) - raft.rpc.type = GRPC (default)
2021-09-16 12:46:57,521 [Listener at 127.0.0.1/43521] INFO  grpc.GrpcFactory (GrpcFactory.java:checkPooledByteBufAllocatorUseCacheForAllThreads(48)) - PERFORMANCE WARNING: useCacheForAllThreads is true that may cause Netty to create a lot garbage objects and, as a result, trigger GC.
	It is recommended to disable useCacheForAllThreads by setting -Dorg.apache.ratis.thirdparty.io.netty.allocator.useCacheForAllThreads=false in command line.
2021-09-16 12:46:57,521 [Listener at 127.0.0.1/43521] INFO  grpc.GrpcConfigKeys (ConfUtils.java:logGet(44)) - raft.grpc.admin.port = 0 (custom)
2021-09-16 12:46:57,521 [Listener at 127.0.0.1/43521] INFO  grpc.GrpcConfigKeys (ConfUtils.java:logGet(44)) - raft.grpc.client.port = 0 (custom)
2021-09-16 12:46:57,521 [Listener at 127.0.0.1/43521] INFO  grpc.GrpcConfigKeys (ConfUtils.java:logGet(44)) - raft.grpc.server.port = 0 (default)
2021-09-16 12:46:57,521 [Listener at 127.0.0.1/43521] INFO  server.GrpcService (ConfUtils.java:logGet(44)) - raft.grpc.message.size.max = 32MB (=33554432) (custom)
2021-09-16 12:46:57,522 [Listener at 127.0.0.1/43521] INFO  server.RaftServerConfigKeys (ConfUtils.java:logGet(44)) - raft.server.log.appender.buffer.byte-limit = 33554432 (custom)
2021-09-16 12:46:57,522 [Listener at 127.0.0.1/43521] INFO  server.GrpcService (ConfUtils.java:logGet(44)) - raft.grpc.flow.control.window = 5MB (=5242880) (custom)
2021-09-16 12:46:57,522 [Listener at 127.0.0.1/43521] INFO  server.RaftServerConfigKeys (ConfUtils.java:logGet(44)) - raft.server.rpc.request.timeout = 60s (custom)
2021-09-16 12:46:57,523 [Listener at 127.0.0.1/43521] INFO  impl.DataStreamServerImpl (ConfUtils.java:logGet(44)) - raft.datastream.type = DISABLED (default)
2021-09-16 12:46:57,523 [Listener at 127.0.0.1/43521] INFO  server.RaftServerConfigKeys (ConfUtils.java:logGet(44)) - raft.server.rpc.slowness.timeout = 300s (custom)
2021-09-16 12:46:57,524 [Listener at 127.0.0.1/43521] INFO  server.RaftServerConfigKeys (ConfUtils.java:logGet(44)) - raft.server.leaderelection.leader.step-down.wait-time = 10s (default)
2021-09-16 12:46:57,524 [Listener at 127.0.0.1/43521] INFO  server.RaftServerConfigKeys (ConfUtils.java:logGet(44)) - raft.server.storage.dir = [/home/runner/work/ozone/ozone/hadoop-ozone/integration-test/target/test-dir/MiniOzoneClusterImpl-babe98fd-e4a2-44a3-a902-6ec1ad6f036e/datanode-1/data/ratis] (custom)
2021-09-16 12:46:57,528 [Listener at 127.0.0.1/43521] INFO  http.BaseHttpServer (BaseHttpServer.java:newHttpServer2BuilderForOzone(209)) - Starting Web-server for hddsDatanode at: http://0.0.0.0:0
2021-09-16 12:46:57,528 [Listener at 127.0.0.1/43521] INFO  http.BaseHttpServer (BaseHttpServer.java:<init>(107)) - Hadoop Security Enabled: false Ozone Security Enabled: false Ozone HTTP Security Enabled: false 
2021-09-16 12:46:57,529 [Listener at 127.0.0.1/43521] INFO  server.AuthenticationFilter (AuthenticationFilter.java:constructSecretProvider(240)) - Unable to initialize FileSignerSecretProvider, falling back to use random secrets.
2021-09-16 12:46:57,530 [Listener at 127.0.0.1/43521] WARN  http.HttpRequestLog (HttpRequestLog.java:getRequestLog(103)) - Jetty request log can only be enabled using Log4j
2021-09-16 12:46:57,531 [Listener at 127.0.0.1/43521] INFO  http.HttpServer2 (HttpServer2.java:addGlobalFilter(1030)) - Added global filter 'safety' (class=org.apache.hadoop.hdds.server.http.HttpServer2$QuotingInputFilter)
2021-09-16 12:46:57,532 [Listener at 127.0.0.1/43521] INFO  http.HttpServer2 (HttpServer2.java:addFilter(1006)) - Added filter static_user_filter (class=org.apache.hadoop.http.lib.StaticUserWebFilter$StaticUserFilter) to context hddsDatanode
2021-09-16 12:46:57,532 [Listener at 127.0.0.1/43521] INFO  http.HttpServer2 (HttpServer2.java:addFilter(1014)) - Added filter static_user_filter (class=org.apache.hadoop.http.lib.StaticUserWebFilter$StaticUserFilter) to context logs
2021-09-16 12:46:57,532 [Listener at 127.0.0.1/43521] INFO  http.HttpServer2 (HttpServer2.java:addFilter(1014)) - Added filter static_user_filter (class=org.apache.hadoop.http.lib.StaticUserWebFilter$StaticUserFilter) to context static
2021-09-16 12:46:57,533 [Listener at 127.0.0.1/43521] INFO  http.HttpServer2 (HttpServer2.java:bindListener(1249)) - Jetty bound to port 36217
2021-09-16 12:46:57,533 [Listener at 127.0.0.1/43521] INFO  server.Server (Server.java:doStart(375)) - jetty-9.4.43.v20210629; built: 2021-06-30T11:07:22.254Z; git: 526006ecfa3af7f1a27ef3a288e2bef7ea9dd7e8; jvm 1.8.0_292-b10
2021-09-16 12:46:57,541 [Listener at 127.0.0.1/43521] INFO  server.session (DefaultSessionIdManager.java:doStart(334)) - DefaultSessionIdManager workerName=node0
2021-09-16 12:46:57,541 [Listener at 127.0.0.1/43521] INFO  server.session (DefaultSessionIdManager.java:doStart(339)) - No SessionScavenger set, using defaults
2021-09-16 12:46:57,541 [Listener at 127.0.0.1/43521] INFO  server.session (HouseKeeper.java:startScavenging(132)) - node0 Scavenging every 600000ms
2021-09-16 12:46:57,542 [Listener at 127.0.0.1/43521] INFO  handler.ContextHandler (ContextHandler.java:doStart(915)) - Started o.e.j.s.ServletContextHandler@3735acf7{logs,/logs,file:///home/runner/work/ozone/ozone/hadoop-ozone/integration-test/target/log,AVAILABLE}
2021-09-16 12:46:57,542 [Listener at 127.0.0.1/43521] INFO  handler.ContextHandler (ContextHandler.java:doStart(915)) - Started o.e.j.s.ServletContextHandler@7f4cd7f1{static,/static,jar:file:/home/runner/.m2/repository/org/apache/ozone/hdds-container-service/1.2.0-SNAPSHOT/hdds-container-service-1.2.0-SNAPSHOT.jar!/webapps/static,AVAILABLE}
2021-09-16 12:46:57,591 [Listener at 127.0.0.1/43521] INFO  handler.ContextHandler (ContextHandler.java:doStart(915)) - Started o.e.j.w.WebAppContext@5be83184{hddsDatanode,/,file:///tmp/jetty-0_0_0_0-36217-hdds-container-service-1_2_0-SNAPSHOT_jar-_-any-7133611644307786172/webapp/,AVAILABLE}{jar:file:/home/runner/.m2/repository/org/apache/ozone/hdds-container-service/1.2.0-SNAPSHOT/hdds-container-service-1.2.0-SNAPSHOT.jar!/webapps/hddsDatanode}
2021-09-16 12:46:57,593 [Listener at 127.0.0.1/43521] INFO  server.AbstractConnector (AbstractConnector.java:doStart(331)) - Started ServerConnector@7d6f80fb{HTTP/1.1, (http/1.1)}{0.0.0.0:36217}
2021-09-16 12:46:57,593 [Listener at 127.0.0.1/43521] INFO  server.Server (Server.java:doStart(415)) - Started @26129ms
2021-09-16 12:46:57,595 [Listener at 127.0.0.1/43521] WARN  impl.MetricsSystemImpl (MetricsSystemImpl.java:register(279)) - Sink prometheus already exists!
2021-09-16 12:46:57,595 [Listener at 127.0.0.1/43521] INFO  http.BaseHttpServer (BaseHttpServer.java:updateConnectorAddress(329)) - HTTP server of hddsDatanode listening at http://0.0.0.0:36217
2021-09-16 12:46:57,596 [Listener at 127.0.0.1/43521] WARN  impl.MetricRegistriesImpl (MetricRegistriesImpl.java:addReporterRegistration(111)) - New reporters are added after registries were created. Some metrics will be missing from the reporter. Please add reporter before adding any new registry.
2021-09-16 12:46:57,596 [Listener at 127.0.0.1/43521] WARN  impl.MetricRegistriesImpl (MetricRegistriesImpl.java:addReporterRegistration(111)) - New reporters are added after registries were created. Some metrics will be missing from the reporter. Please add reporter before adding any new registry.
2021-09-16 12:46:57,596 [Listener at 127.0.0.1/43521] INFO  impl.MetricsSystemImpl (MetricsSystemImpl.java:init(158)) - HddsDatanode metrics system started (again)
2021-09-16 12:46:57,603 [Datanode State Machine Thread - 0] INFO  statemachine.DatanodeStateMachine (DatanodeStateMachine.java:lambda$startDaemon$0(456)) - Ozone container server started.
2021-09-16 12:46:57,623 [org.apache.hadoop.util.JvmPauseMonitor$Monitor@43d8c7f9] INFO  util.JvmPauseMonitor (JvmPauseMonitor.java:run(188)) - Starting JVM pause monitor
2021-09-16 12:46:57,637 [Listener at 127.0.0.1/43521] INFO  ozone.HddsDatanodeService (HddsDatanodeService.java:start(234)) - HddsDatanodeService host:fv-az148-673.bm4ck3pvxvsene1rjriu5fhcdb.bx.internal.cloudapp.net ip:10.1.0.31
2021-09-16 12:46:57,650 [Datanode State Machine Task Thread - 0] INFO  datanode.InitDatanodeState (InitDatanodeState.java:persistContainerDatanodeDetails(145)) - DatanodeDetails is persisted to /home/runner/work/ozone/ozone/hadoop-ozone/integration-test/target/test-dir/MiniOzoneClusterImpl-babe98fd-e4a2-44a3-a902-6ec1ad6f036e/datanode-1/meta/datanode.id
2021-09-16 12:46:57,681 [Listener at 127.0.0.1/43521] INFO  upgrade.AbstractLayoutVersionManager (AbstractLayoutVersionManager.java:init(79)) - Initializing Layout version manager with metadata layout = SCM_HA (version = 2), software layout = SCM_HA (version = 2)
2021-09-16 12:46:57,782 [Listener at 127.0.0.1/43521] INFO  reflections.Reflections (Reflections.java:scan(232)) - Reflections took 98 ms to scan 7 urls, producing 119 keys and 275 values 
2021-09-16 12:46:57,797 [Listener at 127.0.0.1/43521] INFO  volume.HddsVolume (HddsVolume.java:<init>(120)) - Creating HddsVolume: /home/runner/work/ozone/ozone/hadoop-ozone/integration-test/target/test-dir/MiniOzoneClusterImpl-babe98fd-e4a2-44a3-a902-6ec1ad6f036e/datanode-2/data-0/containers/hdds of storage type : DISK capacity : 9223372036854775807
2021-09-16 12:46:57,797 [Listener at 127.0.0.1/43521] INFO  volume.MutableVolumeSet (MutableVolumeSet.java:initializeVolumeSet(168)) - Added Volume : /home/runner/work/ozone/ozone/hadoop-ozone/integration-test/target/test-dir/MiniOzoneClusterImpl-babe98fd-e4a2-44a3-a902-6ec1ad6f036e/datanode-2/data-0/containers/hdds to VolumeSet
2021-09-16 12:46:57,797 [Listener at 127.0.0.1/43521] INFO  volume.ThrottledAsyncChecker (ThrottledAsyncChecker.java:schedule(141)) - Scheduling a check for /home/runner/work/ozone/ozone/hadoop-ozone/integration-test/target/test-dir/MiniOzoneClusterImpl-babe98fd-e4a2-44a3-a902-6ec1ad6f036e/datanode-2/data-0/containers/hdds
2021-09-16 12:46:57,809 [Listener at 127.0.0.1/43521] INFO  volume.StorageVolumeChecker (StorageVolumeChecker.java:checkAllVolumes(202)) - Scheduled health check for volume /home/runner/work/ozone/ozone/hadoop-ozone/integration-test/target/test-dir/MiniOzoneClusterImpl-babe98fd-e4a2-44a3-a902-6ec1ad6f036e/datanode-2/data-0/containers/hdds
2021-09-16 12:46:57,823 [Listener at 127.0.0.1/43521] INFO  volume.MutableVolumeSet (MutableVolumeSet.java:initializeVolumeSet(168)) - Added Volume : /home/runner/work/ozone/ozone/hadoop-ozone/integration-test/target/test-dir/MiniOzoneClusterImpl-babe98fd-e4a2-44a3-a902-6ec1ad6f036e/datanode-2/data/ratis to VolumeSet
2021-09-16 12:46:57,824 [Listener at 127.0.0.1/43521] INFO  volume.ThrottledAsyncChecker (ThrottledAsyncChecker.java:schedule(141)) - Scheduling a check for /home/runner/work/ozone/ozone/hadoop-ozone/integration-test/target/test-dir/MiniOzoneClusterImpl-babe98fd-e4a2-44a3-a902-6ec1ad6f036e/datanode-2/data/ratis
2021-09-16 12:46:57,824 [Listener at 127.0.0.1/43521] INFO  volume.StorageVolumeChecker (StorageVolumeChecker.java:checkAllVolumes(202)) - Scheduled health check for volume /home/runner/work/ozone/ozone/hadoop-ozone/integration-test/target/test-dir/MiniOzoneClusterImpl-babe98fd-e4a2-44a3-a902-6ec1ad6f036e/datanode-2/data/ratis
2021-09-16 12:46:57,837 [Thread-306] INFO  ozoneimpl.ContainerReader (ContainerReader.java:readVolume(172)) - Finish verifying containers on volume /home/runner/work/ozone/ozone/hadoop-ozone/integration-test/target/test-dir/MiniOzoneClusterImpl-babe98fd-e4a2-44a3-a902-6ec1ad6f036e/datanode-2/data-0/containers/hdds
2021-09-16 12:46:57,837 [Listener at 127.0.0.1/43521] INFO  ozoneimpl.OzoneContainer (OzoneContainer.java:buildContainerSet(236)) - Build ContainerSet costs 0s
2021-09-16 12:46:57,842 [Listener at 127.0.0.1/43521] INFO  server.RaftServer (ConfUtils.java:logGet(44)) - raft.rpc.type = GRPC (default)
2021-09-16 12:46:57,842 [Listener at 127.0.0.1/43521] INFO  grpc.GrpcFactory (GrpcFactory.java:checkPooledByteBufAllocatorUseCacheForAllThreads(48)) - PERFORMANCE WARNING: useCacheForAllThreads is true that may cause Netty to create a lot garbage objects and, as a result, trigger GC.
	It is recommended to disable useCacheForAllThreads by setting -Dorg.apache.ratis.thirdparty.io.netty.allocator.useCacheForAllThreads=false in command line.
2021-09-16 12:46:57,842 [Listener at 127.0.0.1/43521] INFO  grpc.GrpcConfigKeys (ConfUtils.java:logGet(44)) - raft.grpc.admin.port = 0 (custom)
2021-09-16 12:46:57,842 [Listener at 127.0.0.1/43521] INFO  grpc.GrpcConfigKeys (ConfUtils.java:logGet(44)) - raft.grpc.client.port = 0 (custom)
2021-09-16 12:46:57,842 [Listener at 127.0.0.1/43521] INFO  grpc.GrpcConfigKeys (ConfUtils.java:logGet(44)) - raft.grpc.server.port = 0 (default)
2021-09-16 12:46:57,843 [Listener at 127.0.0.1/43521] INFO  server.GrpcService (ConfUtils.java:logGet(44)) - raft.grpc.message.size.max = 32MB (=33554432) (custom)
2021-09-16 12:46:57,843 [Listener at 127.0.0.1/43521] INFO  server.RaftServerConfigKeys (ConfUtils.java:logGet(44)) - raft.server.log.appender.buffer.byte-limit = 33554432 (custom)
2021-09-16 12:46:57,843 [Listener at 127.0.0.1/43521] INFO  server.GrpcService (ConfUtils.java:logGet(44)) - raft.grpc.flow.control.window = 5MB (=5242880) (custom)
2021-09-16 12:46:57,843 [Listener at 127.0.0.1/43521] INFO  server.RaftServerConfigKeys (ConfUtils.java:logGet(44)) - raft.server.rpc.request.timeout = 60s (custom)
2021-09-16 12:46:57,844 [Listener at 127.0.0.1/43521] INFO  impl.DataStreamServerImpl (ConfUtils.java:logGet(44)) - raft.datastream.type = DISABLED (default)
2021-09-16 12:46:57,844 [Listener at 127.0.0.1/43521] INFO  server.RaftServerConfigKeys (ConfUtils.java:logGet(44)) - raft.server.rpc.slowness.timeout = 300s (custom)
2021-09-16 12:46:57,844 [Listener at 127.0.0.1/43521] INFO  server.RaftServerConfigKeys (ConfUtils.java:logGet(44)) - raft.server.leaderelection.leader.step-down.wait-time = 10s (default)
2021-09-16 12:46:57,845 [Listener at 127.0.0.1/43521] INFO  server.RaftServerConfigKeys (ConfUtils.java:logGet(44)) - raft.server.storage.dir = [/home/runner/work/ozone/ozone/hadoop-ozone/integration-test/target/test-dir/MiniOzoneClusterImpl-babe98fd-e4a2-44a3-a902-6ec1ad6f036e/datanode-2/data/ratis] (custom)
2021-09-16 12:46:57,848 [Listener at 127.0.0.1/43521] INFO  http.BaseHttpServer (BaseHttpServer.java:newHttpServer2BuilderForOzone(209)) - Starting Web-server for hddsDatanode at: http://0.0.0.0:0
2021-09-16 12:46:57,848 [Listener at 127.0.0.1/43521] INFO  http.BaseHttpServer (BaseHttpServer.java:<init>(107)) - Hadoop Security Enabled: false Ozone Security Enabled: false Ozone HTTP Security Enabled: false 
2021-09-16 12:46:57,849 [Listener at 127.0.0.1/43521] INFO  server.AuthenticationFilter (AuthenticationFilter.java:constructSecretProvider(240)) - Unable to initialize FileSignerSecretProvider, falling back to use random secrets.
2021-09-16 12:46:57,856 [Listener at 127.0.0.1/43521] WARN  http.HttpRequestLog (HttpRequestLog.java:getRequestLog(103)) - Jetty request log can only be enabled using Log4j
2021-09-16 12:46:57,857 [Listener at 127.0.0.1/43521] INFO  http.HttpServer2 (HttpServer2.java:addGlobalFilter(1030)) - Added global filter 'safety' (class=org.apache.hadoop.hdds.server.http.HttpServer2$QuotingInputFilter)
2021-09-16 12:46:57,857 [Listener at 127.0.0.1/43521] INFO  http.HttpServer2 (HttpServer2.java:addFilter(1006)) - Added filter static_user_filter (class=org.apache.hadoop.http.lib.StaticUserWebFilter$StaticUserFilter) to context hddsDatanode
2021-09-16 12:46:57,858 [Listener at 127.0.0.1/43521] INFO  http.HttpServer2 (HttpServer2.java:addFilter(1014)) - Added filter static_user_filter (class=org.apache.hadoop.http.lib.StaticUserWebFilter$StaticUserFilter) to context static
2021-09-16 12:46:57,858 [Listener at 127.0.0.1/43521] INFO  http.HttpServer2 (HttpServer2.java:addFilter(1014)) - Added filter static_user_filter (class=org.apache.hadoop.http.lib.StaticUserWebFilter$StaticUserFilter) to context logs
2021-09-16 12:46:57,858 [Listener at 127.0.0.1/43521] INFO  http.HttpServer2 (HttpServer2.java:bindListener(1249)) - Jetty bound to port 43271
2021-09-16 12:46:57,859 [Listener at 127.0.0.1/43521] INFO  server.Server (Server.java:doStart(375)) - jetty-9.4.43.v20210629; built: 2021-06-30T11:07:22.254Z; git: 526006ecfa3af7f1a27ef3a288e2bef7ea9dd7e8; jvm 1.8.0_292-b10
2021-09-16 12:46:57,871 [om1@group-C5BA1605619E-FollowerState] INFO  impl.FollowerState (FollowerState.java:run(134)) - om1@group-C5BA1605619E-FollowerState: change to CANDIDATE, lastRpcElapsedTime:1134920984ns, electionTimeout:1126ms
2021-09-16 12:46:57,881 [om1@group-C5BA1605619E-FollowerState] INFO  impl.RoleInfo (RoleInfo.java:shutdownFollowerState(108)) - om1: shutdown om1@group-C5BA1605619E-FollowerState
2021-09-16 12:46:57,881 [om1@group-C5BA1605619E-FollowerState] INFO  server.RaftServer$Division (RaftServerImpl.java:setRole(285)) - om1@group-C5BA1605619E: changes role from  FOLLOWER to CANDIDATE at term 0 for changeToCandidate
2021-09-16 12:46:57,882 [Listener at 127.0.0.1/43521] INFO  server.session (DefaultSessionIdManager.java:doStart(334)) - DefaultSessionIdManager workerName=node0
2021-09-16 12:46:57,882 [Listener at 127.0.0.1/43521] INFO  server.session (DefaultSessionIdManager.java:doStart(339)) - No SessionScavenger set, using defaults
2021-09-16 12:46:57,882 [Listener at 127.0.0.1/43521] INFO  server.session (HouseKeeper.java:startScavenging(132)) - node0 Scavenging every 660000ms
2021-09-16 12:46:57,892 [Listener at 127.0.0.1/43521] INFO  handler.ContextHandler (ContextHandler.java:doStart(915)) - Started o.e.j.s.ServletContextHandler@20a2e427{logs,/logs,file:///home/runner/work/ozone/ozone/hadoop-ozone/integration-test/target/log,AVAILABLE}
2021-09-16 12:46:57,893 [Listener at 127.0.0.1/43521] INFO  handler.ContextHandler (ContextHandler.java:doStart(915)) - Started o.e.j.s.ServletContextHandler@50571015{static,/static,jar:file:/home/runner/.m2/repository/org/apache/ozone/hdds-container-service/1.2.0-SNAPSHOT/hdds-container-service-1.2.0-SNAPSHOT.jar!/webapps/static,AVAILABLE}
2021-09-16 12:46:57,896 [om1@group-C5BA1605619E-FollowerState] INFO  server.RaftServerConfigKeys (ConfUtils.java:logGet(44)) - raft.server.leaderelection.pre-vote = false (custom)
2021-09-16 12:46:57,896 [om1@group-C5BA1605619E-FollowerState] INFO  impl.RoleInfo (RoleInfo.java:updateAndGet(130)) - om1: start om1@group-C5BA1605619E-LeaderElection3
2021-09-16 12:46:57,912 [om1@group-C5BA1605619E-LeaderElection3] INFO  impl.LeaderElection (LeaderElection.java:askForVotes(306)) - om1@group-C5BA1605619E-LeaderElection3 ELECTION round 0: submit vote requests at term 1 for -1: [om1|rpc:localhost:9872|priority:0], old=null
2021-09-16 12:46:57,912 [om1@group-C5BA1605619E-LeaderElection3] INFO  impl.LeaderElection (LeaderElection.java:askForVotes(308)) - om1@group-C5BA1605619E-LeaderElection3 ELECTION round 0: result PASSED (term=1)
2021-09-16 12:46:57,912 [om1@group-C5BA1605619E-LeaderElection3] INFO  impl.RoleInfo (RoleInfo.java:shutdownLeaderElection(121)) - om1: shutdown om1@group-C5BA1605619E-LeaderElection3
2021-09-16 12:46:57,913 [om1@group-C5BA1605619E-LeaderElection3] INFO  server.RaftServer$Division (RaftServerImpl.java:setRole(285)) - om1@group-C5BA1605619E: changes role from CANDIDATE to LEADER at term 1 for changeToLeader
2021-09-16 12:46:57,913 [om1@group-C5BA1605619E-LeaderElection3] INFO  server.RaftServer$Division (ServerState.java:setLeader(285)) - om1@group-C5BA1605619E: change Leader from null to om1 at term 1 for becomeLeader, leader elected after 1244ms
2021-09-16 12:46:57,913 [om1@group-C5BA1605619E-LeaderElection3] INFO  server.RaftServerConfigKeys (ConfUtils.java:logGet(44)) - raft.server.staging.catchup.gap = 1000 (default)
2021-09-16 12:46:57,913 [om1@group-C5BA1605619E-LeaderElection3] INFO  server.RaftServerConfigKeys (ConfUtils.java:logGet(44)) - raft.server.write.element-limit = 4096 (default)
2021-09-16 12:46:57,913 [om1@group-C5BA1605619E-LeaderElection3] INFO  server.RaftServerConfigKeys (ConfUtils.java:logGet(44)) - raft.server.write.byte-limit = 64MB (=67108864) (default)
2021-09-16 12:46:57,914 [om1@group-C5BA1605619E-LeaderElection3] INFO  server.RaftServerConfigKeys (ConfUtils.java:logGet(44)) - raft.server.watch.timeout = 10s (default)
2021-09-16 12:46:57,914 [om1@group-C5BA1605619E-LeaderElection3] INFO  server.RaftServerConfigKeys (ConfUtils.java:logGet(44)) - raft.server.watch.timeout.denomination = 1s (default)
2021-09-16 12:46:57,914 [om1@group-C5BA1605619E-LeaderElection3] INFO  server.RaftServerConfigKeys (ConfUtils.java:logGet(44)) - raft.server.watch.element-limit = 65536 (default)
2021-09-16 12:46:57,914 [om1@group-C5BA1605619E-LeaderElection3] INFO  impl.RoleInfo (RoleInfo.java:updateAndGet(130)) - om1: start om1@group-C5BA1605619E-LeaderStateImpl
2021-09-16 12:46:57,914 [om1@group-C5BA1605619E-LeaderElection3] INFO  segmented.SegmentedRaftLogWorker (SegmentedRaftLogWorker.java:startLogSegment(394)) - om1@group-C5BA1605619E-SegmentedRaftLogWorker: Starting segment from index:0
2021-09-16 12:46:57,921 [om1@group-C5BA1605619E-SegmentedRaftLogWorker] INFO  segmented.SegmentedRaftLogWorker (SegmentedRaftLogWorker.java:execute(601)) - om1@group-C5BA1605619E-SegmentedRaftLogWorker: created new log segment /home/runner/work/ozone/ozone/hadoop-ozone/integration-test/target/test-dir/MiniOzoneClusterImpl-babe98fd-e4a2-44a3-a902-6ec1ad6f036e/ozone-meta/ratis/bf265839-605b-3f16-9796-c5ba1605619e/current/log_inprogress_0
2021-09-16 12:46:57,936 [om1@group-C5BA1605619E-LeaderElection3] INFO  server.RaftServer$Division (ServerState.java:setRaftConf(387)) - om1@group-C5BA1605619E: set configuration 0: [om1|rpc:localhost:9872|admin:|client:|dataStream:|priority:0], old=null
2021-09-16 12:46:57,939 [om1@group-C5BA1605619E-StateMachineUpdater] INFO  ratis.OzoneManagerStateMachine (OzoneManagerStateMachine.java:notifyConfigurationChanged(188)) - Received Configuration change notification from Ratis. New Peer list:
[id: "om1"
address: "localhost:9872"
]
2021-09-16 12:46:57,967 [Listener at 127.0.0.1/43521] INFO  handler.ContextHandler (ContextHandler.java:doStart(915)) - Started o.e.j.w.WebAppContext@7b7d04cc{hddsDatanode,/,file:///tmp/jetty-0_0_0_0-43271-hdds-container-service-1_2_0-SNAPSHOT_jar-_-any-7497757689735604003/webapp/,AVAILABLE}{jar:file:/home/runner/.m2/repository/org/apache/ozone/hdds-container-service/1.2.0-SNAPSHOT/hdds-container-service-1.2.0-SNAPSHOT.jar!/webapps/hddsDatanode}
2021-09-16 12:46:57,970 [Listener at 127.0.0.1/43521] INFO  server.AbstractConnector (AbstractConnector.java:doStart(331)) - Started ServerConnector@3040b46b{HTTP/1.1, (http/1.1)}{0.0.0.0:43271}
2021-09-16 12:46:57,971 [Listener at 127.0.0.1/43521] INFO  server.Server (Server.java:doStart(415)) - Started @26507ms
2021-09-16 12:46:57,971 [Listener at 127.0.0.1/43521] WARN  impl.MetricsSystemImpl (MetricsSystemImpl.java:register(279)) - Sink prometheus already exists!
2021-09-16 12:46:57,972 [Listener at 127.0.0.1/43521] INFO  http.BaseHttpServer (BaseHttpServer.java:updateConnectorAddress(329)) - HTTP server of hddsDatanode listening at http://0.0.0.0:43271
2021-09-16 12:46:57,972 [Listener at 127.0.0.1/43521] INFO  ozone.MiniOzoneClusterImpl (MiniOzoneClusterImpl.java:lambda$waitForClusterToBeReady$0(235)) - Waiting for nodes to be ready. Got 0 of 3 DN Heartbeats.
2021-09-16 12:46:57,972 [Listener at 127.0.0.1/43521] INFO  ozone.MiniOzoneClusterImpl (MiniOzoneClusterImpl.java:lambda$waitForClusterToBeReady$0(238)) - Waiting for cluster to exit safe mode
2021-09-16 12:46:57,972 [Listener at 127.0.0.1/43521] INFO  ozone.MiniOzoneClusterImpl (MiniOzoneClusterImpl.java:lambda$waitForClusterToBeReady$0(240)) - SCM became leader
2021-09-16 12:46:57,972 [Datanode State Machine Thread - 0] INFO  statemachine.DatanodeStateMachine (DatanodeStateMachine.java:lambda$startDaemon$0(456)) - Ozone container server started.
2021-09-16 12:46:57,996 [org.apache.hadoop.util.JvmPauseMonitor$Monitor@77271ab2] INFO  util.JvmPauseMonitor (JvmPauseMonitor.java:run(188)) - Starting JVM pause monitor
2021-09-16 12:46:57,996 [Datanode State Machine Task Thread - 0] INFO  datanode.InitDatanodeState (InitDatanodeState.java:persistContainerDatanodeDetails(145)) - DatanodeDetails is persisted to /home/runner/work/ozone/ozone/hadoop-ozone/integration-test/target/test-dir/MiniOzoneClusterImpl-babe98fd-e4a2-44a3-a902-6ec1ad6f036e/datanode-2/meta/datanode.id
2021-09-16 12:46:58,973 [Listener at 127.0.0.1/43521] INFO  ozone.MiniOzoneClusterImpl (MiniOzoneClusterImpl.java:lambda$waitForClusterToBeReady$0(235)) - Waiting for nodes to be ready. Got 0 of 3 DN Heartbeats.
2021-09-16 12:46:58,974 [Listener at 127.0.0.1/43521] INFO  ozone.MiniOzoneClusterImpl (MiniOzoneClusterImpl.java:lambda$waitForClusterToBeReady$0(238)) - Waiting for cluster to exit safe mode
2021-09-16 12:46:58,974 [Listener at 127.0.0.1/43521] INFO  ozone.MiniOzoneClusterImpl (MiniOzoneClusterImpl.java:lambda$waitForClusterToBeReady$0(240)) - SCM became leader
2021-09-16 12:46:59,354 [EndpointStateMachine task thread for /0.0.0.0:41501 - 0 ] INFO  ozoneimpl.OzoneContainer (OzoneContainer.java:start(304)) - Attempting to start container services.
2021-09-16 12:46:59,354 [EndpointStateMachine task thread for /0.0.0.0:41501 - 0 ] INFO  ozoneimpl.OzoneContainer (OzoneContainer.java:startContainerScrub(249)) - Background container scanner has been disabled.
2021-09-16 12:46:59,355 [EndpointStateMachine task thread for /0.0.0.0:41501 - 0 ] INFO  replication.ReplicationServer (ReplicationServer.java:start(107)) - ReplicationServer is started using port 40393
2021-09-16 12:46:59,356 [EndpointStateMachine task thread for /0.0.0.0:41501 - 0 ] INFO  ratis.XceiverServerRatis (XceiverServerRatis.java:start(481)) - Starting XceiverServerRatis f6069d6f-2c93-4424-9b40-fa2b0879fe00
2021-09-16 12:46:59,360 [EndpointStateMachine task thread for /0.0.0.0:41501 - 0 ] INFO  server.RaftServer (RaftServerProxy.java:lambda$start$5(374)) - f6069d6f-2c93-4424-9b40-fa2b0879fe00: start RPC server
2021-09-16 12:46:59,363 [EndpointStateMachine task thread for /0.0.0.0:41501 - 0 ] INFO  server.GrpcService (GrpcService.java:startImpl(253)) - f6069d6f-2c93-4424-9b40-fa2b0879fe00: GrpcService started, listening on 33405
2021-09-16 12:46:59,363 [EndpointStateMachine task thread for /0.0.0.0:41501 - 0 ] INFO  ratis.XceiverServerRatis (XceiverServerRatis.java:getRealPort(502)) - XceiverServerRatis f6069d6f-2c93-4424-9b40-fa2b0879fe00 is started using port 33405 for RATIS
2021-09-16 12:46:59,363 [EndpointStateMachine task thread for /0.0.0.0:41501 - 0 ] INFO  ratis.XceiverServerRatis (XceiverServerRatis.java:getRealPort(502)) - XceiverServerRatis f6069d6f-2c93-4424-9b40-fa2b0879fe00 is started using port 33405 for RATIS_ADMIN
2021-09-16 12:46:59,364 [EndpointStateMachine task thread for /0.0.0.0:41501 - 0 ] INFO  ratis.XceiverServerRatis (XceiverServerRatis.java:getRealPort(502)) - XceiverServerRatis f6069d6f-2c93-4424-9b40-fa2b0879fe00 is started using port 33405 for RATIS_SERVER
2021-09-16 12:46:59,368 [org.apache.ratis.util.JvmPauseMonitor$$Lambda$531/1568077523@70f3db0f] INFO  util.JvmPauseMonitor (JvmPauseMonitor.java:run(103)) - JvmPauseMonitor-f6069d6f-2c93-4424-9b40-fa2b0879fe00: Started
2021-09-16 12:46:59,368 [EndpointStateMachine task thread for /0.0.0.0:41501 - 0 ] INFO  server.XceiverServerGrpc (XceiverServerGrpc.java:start(135)) - XceiverServerGrpc f6069d6f-2c93-4424-9b40-fa2b0879fe00 is started using port 46191
2021-09-16 12:46:59,630 [EndpointStateMachine task thread for /0.0.0.0:41501 - 0 ] INFO  ozoneimpl.OzoneContainer (OzoneContainer.java:start(304)) - Attempting to start container services.
2021-09-16 12:46:59,630 [EndpointStateMachine task thread for /0.0.0.0:41501 - 0 ] INFO  ozoneimpl.OzoneContainer (OzoneContainer.java:startContainerScrub(249)) - Background container scanner has been disabled.
2021-09-16 12:46:59,632 [EndpointStateMachine task thread for /0.0.0.0:41501 - 0 ] INFO  replication.ReplicationServer (ReplicationServer.java:start(107)) - ReplicationServer is started using port 41309
2021-09-16 12:46:59,633 [EndpointStateMachine task thread for /0.0.0.0:41501 - 0 ] INFO  ratis.XceiverServerRatis (XceiverServerRatis.java:start(481)) - Starting XceiverServerRatis 38372db9-1534-4cf5-b428-c401e92fe9f8
2021-09-16 12:46:59,636 [EndpointStateMachine task thread for /0.0.0.0:41501 - 0 ] INFO  server.RaftServer (RaftServerProxy.java:lambda$start$5(374)) - 38372db9-1534-4cf5-b428-c401e92fe9f8: start RPC server
2021-09-16 12:46:59,644 [EndpointStateMachine task thread for /0.0.0.0:41501 - 0 ] INFO  server.GrpcService (GrpcService.java:startImpl(253)) - 38372db9-1534-4cf5-b428-c401e92fe9f8: GrpcService started, listening on 34927
2021-09-16 12:46:59,648 [EndpointStateMachine task thread for /0.0.0.0:41501 - 0 ] INFO  ratis.XceiverServerRatis (XceiverServerRatis.java:getRealPort(502)) - XceiverServerRatis 38372db9-1534-4cf5-b428-c401e92fe9f8 is started using port 34927 for RATIS
2021-09-16 12:46:59,648 [EndpointStateMachine task thread for /0.0.0.0:41501 - 0 ] INFO  ratis.XceiverServerRatis (XceiverServerRatis.java:getRealPort(502)) - XceiverServerRatis 38372db9-1534-4cf5-b428-c401e92fe9f8 is started using port 34927 for RATIS_ADMIN
2021-09-16 12:46:59,648 [EndpointStateMachine task thread for /0.0.0.0:41501 - 0 ] INFO  ratis.XceiverServerRatis (XceiverServerRatis.java:getRealPort(502)) - XceiverServerRatis 38372db9-1534-4cf5-b428-c401e92fe9f8 is started using port 34927 for RATIS_SERVER
2021-09-16 12:46:59,652 [org.apache.ratis.util.JvmPauseMonitor$$Lambda$531/1568077523@3965b941] INFO  util.JvmPauseMonitor (JvmPauseMonitor.java:run(103)) - JvmPauseMonitor-38372db9-1534-4cf5-b428-c401e92fe9f8: Started
2021-09-16 12:46:59,652 [EndpointStateMachine task thread for /0.0.0.0:41501 - 0 ] INFO  server.XceiverServerGrpc (XceiverServerGrpc.java:start(135)) - XceiverServerGrpc 38372db9-1534-4cf5-b428-c401e92fe9f8 is started using port 39787
2021-09-16 12:46:59,974 [Listener at 127.0.0.1/43521] INFO  ozone.MiniOzoneClusterImpl (MiniOzoneClusterImpl.java:lambda$waitForClusterToBeReady$0(235)) - Waiting for nodes to be ready. Got 0 of 3 DN Heartbeats.
2021-09-16 12:46:59,974 [Listener at 127.0.0.1/43521] INFO  ozone.MiniOzoneClusterImpl (MiniOzoneClusterImpl.java:lambda$waitForClusterToBeReady$0(238)) - Waiting for cluster to exit safe mode
2021-09-16 12:46:59,974 [Listener at 127.0.0.1/43521] INFO  ozone.MiniOzoneClusterImpl (MiniOzoneClusterImpl.java:lambda$waitForClusterToBeReady$0(240)) - SCM became leader
2021-09-16 12:47:00,012 [EndpointStateMachine task thread for /0.0.0.0:41501 - 0 ] INFO  ozoneimpl.OzoneContainer (OzoneContainer.java:start(304)) - Attempting to start container services.
2021-09-16 12:47:00,012 [EndpointStateMachine task thread for /0.0.0.0:41501 - 0 ] INFO  ozoneimpl.OzoneContainer (OzoneContainer.java:startContainerScrub(249)) - Background container scanner has been disabled.
2021-09-16 12:47:00,019 [EndpointStateMachine task thread for /0.0.0.0:41501 - 0 ] INFO  replication.ReplicationServer (ReplicationServer.java:start(107)) - ReplicationServer is started using port 38491
2021-09-16 12:47:00,019 [EndpointStateMachine task thread for /0.0.0.0:41501 - 0 ] INFO  ratis.XceiverServerRatis (XceiverServerRatis.java:start(481)) - Starting XceiverServerRatis b4139188-0655-419f-be5a-4685bfe92707
2021-09-16 12:47:00,020 [EndpointStateMachine task thread for /0.0.0.0:41501 - 0 ] INFO  server.RaftServer (RaftServerProxy.java:lambda$start$5(374)) - b4139188-0655-419f-be5a-4685bfe92707: start RPC server
2021-09-16 12:47:00,025 [EndpointStateMachine task thread for /0.0.0.0:41501 - 0 ] INFO  server.GrpcService (GrpcService.java:startImpl(253)) - b4139188-0655-419f-be5a-4685bfe92707: GrpcService started, listening on 39773
2021-09-16 12:47:00,025 [EndpointStateMachine task thread for /0.0.0.0:41501 - 0 ] INFO  ratis.XceiverServerRatis (XceiverServerRatis.java:getRealPort(502)) - XceiverServerRatis b4139188-0655-419f-be5a-4685bfe92707 is started using port 39773 for RATIS
2021-09-16 12:47:00,025 [EndpointStateMachine task thread for /0.0.0.0:41501 - 0 ] INFO  ratis.XceiverServerRatis (XceiverServerRatis.java:getRealPort(502)) - XceiverServerRatis b4139188-0655-419f-be5a-4685bfe92707 is started using port 39773 for RATIS_ADMIN
2021-09-16 12:47:00,025 [EndpointStateMachine task thread for /0.0.0.0:41501 - 0 ] INFO  ratis.XceiverServerRatis (XceiverServerRatis.java:getRealPort(502)) - XceiverServerRatis b4139188-0655-419f-be5a-4685bfe92707 is started using port 39773 for RATIS_SERVER
2021-09-16 12:47:00,026 [EndpointStateMachine task thread for /0.0.0.0:41501 - 0 ] INFO  server.XceiverServerGrpc (XceiverServerGrpc.java:start(135)) - XceiverServerGrpc b4139188-0655-419f-be5a-4685bfe92707 is started using port 43677
2021-09-16 12:47:00,026 [org.apache.ratis.util.JvmPauseMonitor$$Lambda$531/1568077523@54f516f3] INFO  util.JvmPauseMonitor (JvmPauseMonitor.java:run(103)) - JvmPauseMonitor-b4139188-0655-419f-be5a-4685bfe92707: Started
2021-09-16 12:47:00,974 [Listener at 127.0.0.1/43521] INFO  ozone.MiniOzoneClusterImpl (MiniOzoneClusterImpl.java:lambda$waitForClusterToBeReady$0(235)) - Waiting for nodes to be ready. Got 0 of 3 DN Heartbeats.
2021-09-16 12:47:00,974 [Listener at 127.0.0.1/43521] INFO  ozone.MiniOzoneClusterImpl (MiniOzoneClusterImpl.java:lambda$waitForClusterToBeReady$0(238)) - Waiting for cluster to exit safe mode
2021-09-16 12:47:00,974 [Listener at 127.0.0.1/43521] INFO  ozone.MiniOzoneClusterImpl (MiniOzoneClusterImpl.java:lambda$waitForClusterToBeReady$0(240)) - SCM became leader
2021-09-16 12:47:01,346 [IPC Server handler 0 on default port 41501] INFO  net.NetworkTopologyImpl (NetworkTopologyImpl.java:add(112)) - Added a new node: /default-rack/f6069d6f-2c93-4424-9b40-fa2b0879fe00
2021-09-16 12:47:01,347 [IPC Server handler 0 on default port 41501] INFO  node.SCMNodeManager (SCMNodeManager.java:register(389)) - Registered Data node : f6069d6f-2c93-4424-9b40-fa2b0879fe00{ip: 10.1.0.31, host: fv-az148-673.bm4ck3pvxvsene1rjriu5fhcdb.bx.internal.cloudapp.net, ports: [REPLICATION=40393, RATIS=33405, RATIS_ADMIN=33405, RATIS_SERVER=33405, STANDALONE=46191], networkLocation: /default-rack, certSerialId: null, persistedOpState: null, persistedOpStateExpiryEpochSec: 0}
2021-09-16 12:47:01,348 [EventQueue-NodeRegistrationContainerReportForDataNodeSafeModeRule] INFO  safemode.SCMSafeModeManager (DataNodeSafeModeRule.java:process(71)) - SCM in safe mode. 1 DataNodes registered, 3 required.
2021-09-16 12:47:01,356 [EventQueue-NewNodeForNewNodeHandler] INFO  pipeline.BackgroundPipelineCreator (BackgroundPipelineCreatorV2.java:notifyEventTriggered(285)) - trigger a one-shot run on RatisPipelineUtilsThread.
2021-09-16 12:47:01,356 [EventQueue-NodeRegistrationContainerReportForContainerSafeModeRule] INFO  safemode.SCMSafeModeManager (SCMSafeModeManager.java:validateSafeModeExitRules(204)) - ContainerSafeModeRule rule is successfully validated
2021-09-16 12:47:01,357 [RatisPipelineUtilsThread - 0] INFO  pipeline.RatisPipelineProvider (RatisPipelineProvider.java:lambda$create$0(183)) - Sending CreatePipelineCommand for pipeline:PipelineID=b0f18e3c-1723-4024-a327-d7c6656d3447 to datanode:f6069d6f-2c93-4424-9b40-fa2b0879fe00
2021-09-16 12:47:01,360 [RatisPipelineUtilsThread - 0] INFO  pipeline.PipelineStateManager (PipelineStateManagerV2Impl.java:addPipeline(101)) - Created pipeline Pipeline[ Id: b0f18e3c-1723-4024-a327-d7c6656d3447, Nodes: f6069d6f-2c93-4424-9b40-fa2b0879fe00{ip: 10.1.0.31, host: fv-az148-673.bm4ck3pvxvsene1rjriu5fhcdb.bx.internal.cloudapp.net, ports: [REPLICATION=40393, RATIS=33405, RATIS_ADMIN=33405, RATIS_SERVER=33405, STANDALONE=46191], networkLocation: /default-rack, certSerialId: null, persistedOpState: IN_SERVICE, persistedOpStateExpiryEpochSec: 0}, ReplicationConfig: RATIS/ONE, State:ALLOCATED, leaderId:, CreationTimestamp2021-09-16T12:47:01.357Z[Etc/UTC]].
2021-09-16 12:47:01,361 [EventQueue-PipelineReportForOneReplicaPipelineSafeModeRule] INFO  safemode.SCMSafeModeManager (SCMSafeModeManager.java:validateSafeModeExitRules(204)) - AtleastOneDatanodeReportedRule rule is successfully validated
2021-09-16 12:47:01,626 [IPC Server handler 1 on default port 41501] INFO  net.NetworkTopologyImpl (NetworkTopologyImpl.java:add(112)) - Added a new node: /default-rack/38372db9-1534-4cf5-b428-c401e92fe9f8
2021-09-16 12:47:01,626 [IPC Server handler 1 on default port 41501] INFO  node.SCMNodeManager (SCMNodeManager.java:register(389)) - Registered Data node : 38372db9-1534-4cf5-b428-c401e92fe9f8{ip: 10.1.0.31, host: fv-az148-673.bm4ck3pvxvsene1rjriu5fhcdb.bx.internal.cloudapp.net, ports: [REPLICATION=41309, RATIS=34927, RATIS_ADMIN=34927, RATIS_SERVER=34927, STANDALONE=39787], networkLocation: /default-rack, certSerialId: null, persistedOpState: null, persistedOpStateExpiryEpochSec: 0}
2021-09-16 12:47:01,627 [EventQueue-NewNodeForNewNodeHandler] INFO  pipeline.BackgroundPipelineCreator (BackgroundPipelineCreatorV2.java:notifyEventTriggered(285)) - trigger a one-shot run on RatisPipelineUtilsThread.
2021-09-16 12:47:01,628 [EventQueue-NodeRegistrationContainerReportForDataNodeSafeModeRule] INFO  safemode.SCMSafeModeManager (DataNodeSafeModeRule.java:process(71)) - SCM in safe mode. 2 DataNodes registered, 3 required.
2021-09-16 12:47:01,631 [RatisPipelineUtilsThread - 0] INFO  pipeline.RatisPipelineProvider (RatisPipelineProvider.java:lambda$create$0(183)) - Sending CreatePipelineCommand for pipeline:PipelineID=95942146-1213-40b8-be40-d936571ef932 to datanode:38372db9-1534-4cf5-b428-c401e92fe9f8
2021-09-16 12:47:01,636 [RatisPipelineUtilsThread - 0] INFO  pipeline.PipelineStateManager (PipelineStateManagerV2Impl.java:addPipeline(101)) - Created pipeline Pipeline[ Id: 95942146-1213-40b8-be40-d936571ef932, Nodes: 38372db9-1534-4cf5-b428-c401e92fe9f8{ip: 10.1.0.31, host: fv-az148-673.bm4ck3pvxvsene1rjriu5fhcdb.bx.internal.cloudapp.net, ports: [REPLICATION=41309, RATIS=34927, RATIS_ADMIN=34927, RATIS_SERVER=34927, STANDALONE=39787], networkLocation: /default-rack, certSerialId: null, persistedOpState: IN_SERVICE, persistedOpStateExpiryEpochSec: 0}, ReplicationConfig: RATIS/ONE, State:ALLOCATED, leaderId:, CreationTimestamp2021-09-16T12:47:01.631Z[Etc/UTC]].
2021-09-16 12:47:01,975 [Listener at 127.0.0.1/43521] INFO  ozone.MiniOzoneClusterImpl (MiniOzoneClusterImpl.java:lambda$waitForClusterToBeReady$0(235)) - Waiting for nodes to be ready. Got 2 of 3 DN Heartbeats.
2021-09-16 12:47:01,975 [Listener at 127.0.0.1/43521] INFO  ozone.MiniOzoneClusterImpl (MiniOzoneClusterImpl.java:lambda$waitForClusterToBeReady$0(238)) - Waiting for cluster to exit safe mode
2021-09-16 12:47:01,975 [Listener at 127.0.0.1/43521] INFO  ozone.MiniOzoneClusterImpl (MiniOzoneClusterImpl.java:lambda$waitForClusterToBeReady$0(240)) - SCM became leader
2021-09-16 12:47:01,998 [IPC Server handler 3 on default port 41501] INFO  net.NetworkTopologyImpl (NetworkTopologyImpl.java:add(112)) - Added a new node: /default-rack/b4139188-0655-419f-be5a-4685bfe92707
2021-09-16 12:47:01,999 [IPC Server handler 3 on default port 41501] INFO  node.SCMNodeManager (SCMNodeManager.java:register(389)) - Registered Data node : b4139188-0655-419f-be5a-4685bfe92707{ip: 10.1.0.31, host: fv-az148-673.bm4ck3pvxvsene1rjriu5fhcdb.bx.internal.cloudapp.net, ports: [REPLICATION=38491, RATIS=39773, RATIS_ADMIN=39773, RATIS_SERVER=39773, STANDALONE=43677], networkLocation: /default-rack, certSerialId: null, persistedOpState: null, persistedOpStateExpiryEpochSec: 0}
2021-09-16 12:47:02,000 [EventQueue-NewNodeForNewNodeHandler] INFO  pipeline.BackgroundPipelineCreator (BackgroundPipelineCreatorV2.java:notifyEventTriggered(285)) - trigger a one-shot run on RatisPipelineUtilsThread.
2021-09-16 12:47:02,000 [RatisPipelineUtilsThread - 0] INFO  pipeline.RatisPipelineProvider (RatisPipelineProvider.java:lambda$create$0(183)) - Sending CreatePipelineCommand for pipeline:PipelineID=3bbdde88-8666-4dfb-b244-8752e8032d1f to datanode:b4139188-0655-419f-be5a-4685bfe92707
2021-09-16 12:47:02,002 [RatisPipelineUtilsThread - 0] INFO  pipeline.PipelineStateManager (PipelineStateManagerV2Impl.java:addPipeline(101)) - Created pipeline Pipeline[ Id: 3bbdde88-8666-4dfb-b244-8752e8032d1f, Nodes: b4139188-0655-419f-be5a-4685bfe92707{ip: 10.1.0.31, host: fv-az148-673.bm4ck3pvxvsene1rjriu5fhcdb.bx.internal.cloudapp.net, ports: [REPLICATION=38491, RATIS=39773, RATIS_ADMIN=39773, RATIS_SERVER=39773, STANDALONE=43677], networkLocation: /default-rack, certSerialId: null, persistedOpState: IN_SERVICE, persistedOpStateExpiryEpochSec: 0}, ReplicationConfig: RATIS/ONE, State:ALLOCATED, leaderId:, CreationTimestamp2021-09-16T12:47:02Z[Etc/UTC]].
2021-09-16 12:47:02,004 [EventQueue-NodeRegistrationContainerReportForDataNodeSafeModeRule] INFO  safemode.SCMSafeModeManager (DataNodeSafeModeRule.java:process(71)) - SCM in safe mode. 3 DataNodes registered, 3 required.
2021-09-16 12:47:02,004 [EventQueue-NodeRegistrationContainerReportForDataNodeSafeModeRule] INFO  safemode.SCMSafeModeManager (SCMSafeModeManager.java:validateSafeModeExitRules(204)) - DataNodeSafeModeRule rule is successfully validated
2021-09-16 12:47:02,004 [EventQueue-NodeRegistrationContainerReportForDataNodeSafeModeRule] INFO  safemode.SCMSafeModeManager (SCMSafeModeManager.java:completePreCheck(233)) - All SCM safe mode pre check rules have passed
2021-09-16 12:47:02,004 [EventQueue-NodeRegistrationContainerReportForDataNodeSafeModeRule] WARN  events.EventQueue (EventQueue.java:fireEvent(194)) - No event handler registered for event TypedEvent{payloadType=SafeModeStatus, name='Safe mode status'}
2021-09-16 12:47:02,005 [EventQueue-NodeRegistrationContainerReportForDataNodeSafeModeRule] INFO  ha.SCMContext (SCMContext.java:updateSafeModeStatus(205)) - Update SafeModeStatus from SafeModeStatus{safeModeStatus=true, preCheckPassed=false} to SafeModeStatus{safeModeStatus=true, preCheckPassed=true}.
2021-09-16 12:47:02,006 [EventQueue-NodeRegistrationContainerReportForDataNodeSafeModeRule] INFO  pipeline.BackgroundPipelineCreator (BackgroundPipelineCreatorV2.java:notifyEventTriggered(285)) - trigger a one-shot run on RatisPipelineUtilsThread.
2021-09-16 12:47:02,012 [RatisPipelineUtilsThread - 0] INFO  pipeline.RatisPipelineProvider (RatisPipelineProvider.java:lambda$create$0(183)) - Sending CreatePipelineCommand for pipeline:PipelineID=af5657be-acc9-4691-9d03-fd5b065fbe52 to datanode:38372db9-1534-4cf5-b428-c401e92fe9f8
2021-09-16 12:47:02,016 [RatisPipelineUtilsThread - 0] INFO  pipeline.RatisPipelineProvider (RatisPipelineProvider.java:lambda$create$0(183)) - Sending CreatePipelineCommand for pipeline:PipelineID=af5657be-acc9-4691-9d03-fd5b065fbe52 to datanode:b4139188-0655-419f-be5a-4685bfe92707
2021-09-16 12:47:02,016 [RatisPipelineUtilsThread - 0] INFO  pipeline.RatisPipelineProvider (RatisPipelineProvider.java:lambda$create$0(183)) - Sending CreatePipelineCommand for pipeline:PipelineID=af5657be-acc9-4691-9d03-fd5b065fbe52 to datanode:f6069d6f-2c93-4424-9b40-fa2b0879fe00
2021-09-16 12:47:02,017 [RatisPipelineUtilsThread - 0] INFO  pipeline.PipelineStateManager (PipelineStateManagerV2Impl.java:addPipeline(101)) - Created pipeline Pipeline[ Id: af5657be-acc9-4691-9d03-fd5b065fbe52, Nodes: 38372db9-1534-4cf5-b428-c401e92fe9f8{ip: 10.1.0.31, host: fv-az148-673.bm4ck3pvxvsene1rjriu5fhcdb.bx.internal.cloudapp.net, ports: [REPLICATION=41309, RATIS=34927, RATIS_ADMIN=34927, RATIS_SERVER=34927, STANDALONE=39787], networkLocation: /default-rack, certSerialId: null, persistedOpState: IN_SERVICE, persistedOpStateExpiryEpochSec: 0}b4139188-0655-419f-be5a-4685bfe92707{ip: 10.1.0.31, host: fv-az148-673.bm4ck3pvxvsene1rjriu5fhcdb.bx.internal.cloudapp.net, ports: [REPLICATION=38491, RATIS=39773, RATIS_ADMIN=39773, RATIS_SERVER=39773, STANDALONE=43677], networkLocation: /default-rack, certSerialId: null, persistedOpState: IN_SERVICE, persistedOpStateExpiryEpochSec: 0}f6069d6f-2c93-4424-9b40-fa2b0879fe00{ip: 10.1.0.31, host: fv-az148-673.bm4ck3pvxvsene1rjriu5fhcdb.bx.internal.cloudapp.net, ports: [REPLICATION=40393, RATIS=33405, RATIS_ADMIN=33405, RATIS_SERVER=33405, STANDALONE=46191], networkLocation: /default-rack, certSerialId: null, persistedOpState: IN_SERVICE, persistedOpStateExpiryEpochSec: 0}, ReplicationConfig: RATIS/THREE, State:ALLOCATED, leaderId:, CreationTimestamp2021-09-16T12:47:02.012Z[Etc/UTC]].
2021-09-16 12:47:02,975 [Listener at 127.0.0.1/43521] INFO  ozone.MiniOzoneClusterImpl (MiniOzoneClusterImpl.java:lambda$waitForClusterToBeReady$0(235)) - Nodes are ready. Got 3 of 3 DN Heartbeats.
2021-09-16 12:47:02,975 [Listener at 127.0.0.1/43521] INFO  ozone.MiniOzoneClusterImpl (MiniOzoneClusterImpl.java:lambda$waitForClusterToBeReady$0(238)) - Waiting for cluster to exit safe mode
2021-09-16 12:47:02,975 [Listener at 127.0.0.1/43521] INFO  ozone.MiniOzoneClusterImpl (MiniOzoneClusterImpl.java:lambda$waitForClusterToBeReady$0(240)) - SCM became leader
2021-09-16 12:47:03,976 [Listener at 127.0.0.1/43521] INFO  ozone.MiniOzoneClusterImpl (MiniOzoneClusterImpl.java:lambda$waitForClusterToBeReady$0(235)) - Nodes are ready. Got 3 of 3 DN Heartbeats.
2021-09-16 12:47:03,976 [Listener at 127.0.0.1/43521] INFO  ozone.MiniOzoneClusterImpl (MiniOzoneClusterImpl.java:lambda$waitForClusterToBeReady$0(238)) - Waiting for cluster to exit safe mode
2021-09-16 12:47:03,976 [Listener at 127.0.0.1/43521] INFO  ozone.MiniOzoneClusterImpl (MiniOzoneClusterImpl.java:lambda$waitForClusterToBeReady$0(240)) - SCM became leader
2021-09-16 12:47:04,347 [Command processor thread] INFO  server.RaftServer (RaftServerProxy.java:addNew(95)) - f6069d6f-2c93-4424-9b40-fa2b0879fe00: addNew group-D7C6656D3447:[f6069d6f-2c93-4424-9b40-fa2b0879fe00|rpc:10.1.0.31:33405|priority:1] returns group-D7C6656D3447:java.util.concurrent.CompletableFuture@c13b210[Not completed]
2021-09-16 12:47:04,366 [pool-123-thread-1] INFO  server.RaftServer$Division (RaftServerImpl.java:<init>(181)) - f6069d6f-2c93-4424-9b40-fa2b0879fe00: new RaftServerImpl for group-D7C6656D3447:[f6069d6f-2c93-4424-9b40-fa2b0879fe00|rpc:10.1.0.31:33405|priority:1] with ContainerStateMachine:uninitialized
2021-09-16 12:47:04,368 [pool-123-thread-1] INFO  server.RaftServerConfigKeys (ConfUtils.java:logGet(44)) - raft.server.rpc.timeout.min = 5s (custom)
2021-09-16 12:47:04,368 [pool-123-thread-1] INFO  server.RaftServerConfigKeys (ConfUtils.java:logGet(44)) - raft.server.rpc.timeout.max = 5200ms (custom)
2021-09-16 12:47:04,368 [pool-123-thread-1] INFO  server.RaftServerConfigKeys (ConfUtils.java:logGet(44)) - raft.server.rpc.sleep.time = 25ms (default)
2021-09-16 12:47:04,369 [pool-123-thread-1] INFO  server.RaftServerConfigKeys (ConfUtils.java:logGet(44)) - raft.server.rpc.slowness.timeout = 300s (custom)
2021-09-16 12:47:04,369 [pool-123-thread-1] INFO  server.RaftServerConfigKeys (ConfUtils.java:logGet(44)) - raft.server.leaderelection.leader.step-down.wait-time = 10s (default)
2021-09-16 12:47:04,369 [pool-123-thread-1] INFO  server.RaftServerConfigKeys (ConfUtils.java:logGet(44)) - raft.server.sleep.deviation.threshold = 300ms (default)
2021-09-16 12:47:04,369 [pool-123-thread-1] INFO  server.RaftServerConfigKeys (ConfUtils.java:logGet(44)) - raft.server.log.appender.install.snapshot.enabled = false (custom)
2021-09-16 12:47:04,369 [pool-123-thread-1] INFO  server.RaftServer$Division (ServerState.java:<init>(105)) - f6069d6f-2c93-4424-9b40-fa2b0879fe00@group-D7C6656D3447: ConfigurationManager, init=-1: [f6069d6f-2c93-4424-9b40-fa2b0879fe00|rpc:10.1.0.31:33405|priority:1], old=null, confs=<EMPTY_MAP>
2021-09-16 12:47:04,369 [pool-123-thread-1] INFO  server.RaftServerConfigKeys (ConfUtils.java:logGet(44)) - raft.server.storage.dir = [/home/runner/work/ozone/ozone/hadoop-ozone/integration-test/target/test-dir/MiniOzoneClusterImpl-babe98fd-e4a2-44a3-a902-6ec1ad6f036e/datanode-0/data/ratis] (custom)
2021-09-16 12:47:04,369 [pool-123-thread-1] INFO  server.RaftServerConfigKeys (ConfUtils.java:logGet(44)) - raft.server.log.corruption.policy = EXCEPTION (default)
2021-09-16 12:47:04,369 [pool-123-thread-1] INFO  server.RaftServerConfigKeys (ConfUtils.java:logGet(44)) - raft.server.storage.free-space.min = 0MB (=0) (default)
2021-09-16 12:47:04,370 [pool-123-thread-1] INFO  storage.RaftStorageDirectory (RaftStorageDirectoryImpl.java:analyzeStorage(135)) - The storage directory /home/runner/work/ozone/ozone/hadoop-ozone/integration-test/target/test-dir/MiniOzoneClusterImpl-babe98fd-e4a2-44a3-a902-6ec1ad6f036e/datanode-0/data/ratis/b0f18e3c-1723-4024-a327-d7c6656d3447 does not exist. Creating ...
2021-09-16 12:47:04,373 [pool-123-thread-1] INFO  storage.RaftStorageDirectory (RaftStorageDirectoryImpl.java:tryLock(230)) - Lock on /home/runner/work/ozone/ozone/hadoop-ozone/integration-test/target/test-dir/MiniOzoneClusterImpl-babe98fd-e4a2-44a3-a902-6ec1ad6f036e/datanode-0/data/ratis/b0f18e3c-1723-4024-a327-d7c6656d3447/in_use.lock acquired by nodename 14711@fv-az148-673
2021-09-16 12:47:04,375 [pool-123-thread-1] INFO  storage.RaftStorage (RaftStorageImpl.java:format(89)) - Storage directory /home/runner/work/ozone/ozone/hadoop-ozone/integration-test/target/test-dir/MiniOzoneClusterImpl-babe98fd-e4a2-44a3-a902-6ec1ad6f036e/datanode-0/data/ratis/b0f18e3c-1723-4024-a327-d7c6656d3447 has been successfully formatted.
2021-09-16 12:47:04,386 [EventQueue-PipelineReportForPipelineReportHandler] INFO  pipeline.PipelineManagerImpl (PipelineManagerImpl.java:openPipeline(282)) - Pipeline Pipeline[ Id: b0f18e3c-1723-4024-a327-d7c6656d3447, Nodes: f6069d6f-2c93-4424-9b40-fa2b0879fe00{ip: 10.1.0.31, host: fv-az148-673.bm4ck3pvxvsene1rjriu5fhcdb.bx.internal.cloudapp.net, ports: [REPLICATION=40393, RATIS=33405, RATIS_ADMIN=33405, RATIS_SERVER=33405, STANDALONE=46191], networkLocation: /default-rack, certSerialId: null, persistedOpState: IN_SERVICE, persistedOpStateExpiryEpochSec: 0}, ReplicationConfig: RATIS/ONE, State:ALLOCATED, leaderId:f6069d6f-2c93-4424-9b40-fa2b0879fe00, CreationTimestamp2021-09-16T12:47:01.357Z[Etc/UTC]] moved to OPEN state
2021-09-16 12:47:04,388 [pool-123-thread-1] INFO  ratis.ContainerStateMachine (ContainerStateMachine.java:loadSnapshot(224)) - group-D7C6656D3447: The snapshot info is null. Setting the last applied indexto:(t:0, i:~)
2021-09-16 12:47:04,392 [pool-123-thread-1] INFO  server.RaftServerConfigKeys (ConfUtils.java:logGet(44)) - raft.server.notification.no-leader.timeout = 300s (custom)
2021-09-16 12:47:04,392 [pool-123-thread-1] INFO  server.RaftServerConfigKeys (ConfUtils.java:logGet(44)) - raft.server.log.use.memory = false (default)
2021-09-16 12:47:04,392 [pool-123-thread-1] INFO  server.RaftServerConfigKeys (ConfUtils.java:logGet(44)) - raft.server.log.purge.gap = 1000000 (custom)
2021-09-16 12:47:04,393 [pool-123-thread-1] INFO  server.RaftServerConfigKeys (ConfUtils.java:logGet(44)) - raft.server.log.appender.buffer.byte-limit = 33554432 (custom)
2021-09-16 12:47:04,398 [pool-123-thread-1] INFO  server.RaftServerConfigKeys (ConfUtils.java:logGet(44)) - raft.server.log.segment.size.max = 1048576 (custom)
2021-09-16 12:47:04,398 [pool-123-thread-1] INFO  server.RaftServerConfigKeys (ConfUtils.java:logGet(44)) - raft.server.log.segment.cache.num.max = 2 (custom)
2021-09-16 12:47:04,398 [pool-123-thread-1] INFO  server.RaftServerConfigKeys (ConfUtils.java:logGet(44)) - raft.server.log.segment.cache.size.max = 200MB (=209715200) (default)
2021-09-16 12:47:04,399 [pool-123-thread-1] INFO  segmented.SegmentedRaftLogWorker (SegmentedRaftLogWorker.java:<init>(182)) - new f6069d6f-2c93-4424-9b40-fa2b0879fe00@group-D7C6656D3447-SegmentedRaftLogWorker for RaftStorageImpl:Storage Directory /home/runner/work/ozone/ozone/hadoop-ozone/integration-test/target/test-dir/MiniOzoneClusterImpl-babe98fd-e4a2-44a3-a902-6ec1ad6f036e/datanode-0/data/ratis/b0f18e3c-1723-4024-a327-d7c6656d3447
2021-09-16 12:47:04,399 [pool-123-thread-1] INFO  server.RaftServerConfigKeys (ConfUtils.java:logGet(44)) - raft.server.log.queue.byte-limit = 2147483647 (custom)
2021-09-16 12:47:04,399 [pool-123-thread-1] INFO  server.RaftServerConfigKeys (ConfUtils.java:logGet(44)) - raft.server.log.queue.element-limit = 1024 (custom)
2021-09-16 12:47:04,399 [pool-123-thread-1] INFO  server.RaftServerConfigKeys (ConfUtils.java:logGet(44)) - raft.server.log.segment.size.max = 1048576 (custom)
2021-09-16 12:47:04,399 [pool-123-thread-1] INFO  server.RaftServerConfigKeys (ConfUtils.java:logGet(44)) - raft.server.log.preallocated.size = 16384 (custom)
2021-09-16 12:47:04,399 [pool-123-thread-1] INFO  server.RaftServerConfigKeys (ConfUtils.java:logGet(44)) - raft.server.log.force.sync.num = 128 (default)
2021-09-16 12:47:04,399 [pool-123-thread-1] INFO  server.RaftServerConfigKeys (ConfUtils.java:logGet(44)) - raft.server.log.statemachine.data.sync = true (default)
2021-09-16 12:47:04,399 [EventQueue-OpenPipelineForHealthyPipelineSafeModeRule] INFO  safemode.SCMSafeModeManager (HealthyPipelineSafeModeRule.java:process(124)) - SCM in safe mode. Healthy pipelines reported count is 0, required healthy pipeline reported count is 1
2021-09-16 12:47:04,399 [pool-123-thread-1] INFO  server.RaftServerConfigKeys (ConfUtils.java:logGet(44)) - raft.server.log.statemachine.data.sync.timeout = 10s (default)
2021-09-16 12:47:04,401 [pool-123-thread-1] INFO  server.RaftServerConfigKeys (ConfUtils.java:logGet(44)) - raft.server.log.statemachine.data.sync.timeout.retry = -1 (default)
2021-09-16 12:47:04,408 [pool-123-thread-1] INFO  server.RaftServerConfigKeys (ConfUtils.java:logGet(44)) - raft.server.log.write.buffer.size = 1048576 (custom)
2021-09-16 12:47:04,411 [pool-123-thread-1] INFO  server.RaftServerConfigKeys (ConfUtils.java:logGet(44)) - raft.server.log.statemachine.data.caching.enabled = true (custom)
2021-09-16 12:47:04,412 [pool-123-thread-1] INFO  segmented.SegmentedRaftLogWorker (SegmentedRaftLogWorker.java:lambda$new$0(133)) - f6069d6f-2c93-4424-9b40-fa2b0879fe00@group-D7C6656D3447-SegmentedRaftLogWorker: flushIndex: setUnconditionally 0 -> -1
2021-09-16 12:47:04,412 [pool-123-thread-1] INFO  segmented.SegmentedRaftLogWorker (SegmentedRaftLogWorker.java:lambda$new$0(133)) - f6069d6f-2c93-4424-9b40-fa2b0879fe00@group-D7C6656D3447-SegmentedRaftLogWorker: safeCacheEvictIndex: setUnconditionally 0 -> -1
2021-09-16 12:47:04,412 [pool-123-thread-1] INFO  server.RaftServerConfigKeys (ConfUtils.java:logGet(44)) - raft.server.snapshot.auto.trigger.enabled = true (custom)
2021-09-16 12:47:04,412 [pool-123-thread-1] INFO  server.RaftServerConfigKeys (ConfUtils.java:logGet(44)) - raft.server.snapshot.auto.trigger.threshold = 10000 (custom)
2021-09-16 12:47:04,412 [pool-123-thread-1] INFO  server.RaftServerConfigKeys (ConfUtils.java:logGet(44)) - raft.server.snapshot.retention.file.num = 5 (custom)
2021-09-16 12:47:04,413 [pool-123-thread-1] INFO  server.RaftServerConfigKeys (ConfUtils.java:logGet(44)) - raft.server.log.purge.upto.snapshot.index = false (default)
2021-09-16 12:47:04,413 [pool-123-thread-1] INFO  server.RaftServerConfigKeys (ConfUtils.java:logGet(44)) - raft.server.retrycache.expirytime = 600000ms (custom)
2021-09-16 12:47:04,413 [pool-123-thread-1] INFO  server.RaftServerConfigKeys (ConfUtils.java:logGet(44)) - raft.server.retrycache.statistics.expirytime = 100μs (default)
2021-09-16 12:47:04,415 [pool-123-thread-1] INFO  server.RaftServer$Division (RaftServerImpl.java:start(296)) - f6069d6f-2c93-4424-9b40-fa2b0879fe00@group-D7C6656D3447: start as a follower, conf=-1: [f6069d6f-2c93-4424-9b40-fa2b0879fe00|rpc:10.1.0.31:33405|priority:1], old=null
2021-09-16 12:47:04,415 [pool-123-thread-1] INFO  server.RaftServer$Division (RaftServerImpl.java:setRole(285)) - f6069d6f-2c93-4424-9b40-fa2b0879fe00@group-D7C6656D3447: changes role from      null to FOLLOWER at term 0 for startAsFollower
2021-09-16 12:47:04,415 [pool-123-thread-1] INFO  impl.RoleInfo (RoleInfo.java:updateAndGet(130)) - f6069d6f-2c93-4424-9b40-fa2b0879fe00: start f6069d6f-2c93-4424-9b40-fa2b0879fe00@group-D7C6656D3447-FollowerState
2021-09-16 12:47:04,420 [pool-123-thread-1] INFO  util.JmxRegister (JmxRegister.java:tryRegister(44)) - Successfully registered JMX Bean with object name Ratis:service=RaftServer,group=group-D7C6656D3447,id=f6069d6f-2c93-4424-9b40-fa2b0879fe00
2021-09-16 12:47:04,422 [Command processor thread] INFO  ratis.XceiverServerRatis (XceiverServerRatis.java:addGroup(762)) - Created group PipelineID=b0f18e3c-1723-4024-a327-d7c6656d3447
2021-09-16 12:47:04,423 [Command processor thread] INFO  commandhandler.CreatePipelineCommandHandler (CreatePipelineCommandHandler.java:handle(106)) - Created Pipeline RATIS ONE PipelineID=b0f18e3c-1723-4024-a327-d7c6656d3447.
2021-09-16 12:47:04,423 [Command processor thread] INFO  server.RaftServer (RaftServerProxy.java:addNew(95)) - f6069d6f-2c93-4424-9b40-fa2b0879fe00: addNew group-FD5B065FBE52:[f6069d6f-2c93-4424-9b40-fa2b0879fe00|rpc:10.1.0.31:33405|priority:0, 38372db9-1534-4cf5-b428-c401e92fe9f8|rpc:10.1.0.31:34927|priority:0, b4139188-0655-419f-be5a-4685bfe92707|rpc:10.1.0.31:39773|priority:1] returns group-FD5B065FBE52:java.util.concurrent.CompletableFuture@82c374a[Not completed]
2021-09-16 12:47:04,424 [pool-123-thread-1] INFO  server.RaftServer$Division (RaftServerImpl.java:<init>(181)) - f6069d6f-2c93-4424-9b40-fa2b0879fe00: new RaftServerImpl for group-FD5B065FBE52:[f6069d6f-2c93-4424-9b40-fa2b0879fe00|rpc:10.1.0.31:33405|priority:0, 38372db9-1534-4cf5-b428-c401e92fe9f8|rpc:10.1.0.31:34927|priority:0, b4139188-0655-419f-be5a-4685bfe92707|rpc:10.1.0.31:39773|priority:1] with ContainerStateMachine:uninitialized
2021-09-16 12:47:04,424 [pool-123-thread-1] INFO  server.RaftServerConfigKeys (ConfUtils.java:logGet(44)) - raft.server.rpc.timeout.min = 5s (custom)
2021-09-16 12:47:04,424 [pool-123-thread-1] INFO  server.RaftServerConfigKeys (ConfUtils.java:logGet(44)) - raft.server.rpc.timeout.max = 5200ms (custom)
2021-09-16 12:47:04,424 [pool-123-thread-1] INFO  server.RaftServerConfigKeys (ConfUtils.java:logGet(44)) - raft.server.rpc.sleep.time = 25ms (default)
2021-09-16 12:47:04,424 [pool-123-thread-1] INFO  server.RaftServerConfigKeys (ConfUtils.java:logGet(44)) - raft.server.rpc.slowness.timeout = 300s (custom)
2021-09-16 12:47:04,425 [pool-123-thread-1] INFO  server.RaftServerConfigKeys (ConfUtils.java:logGet(44)) - raft.server.leaderelection.leader.step-down.wait-time = 10s (default)
2021-09-16 12:47:04,425 [pool-123-thread-1] INFO  server.RaftServerConfigKeys (ConfUtils.java:logGet(44)) - raft.server.sleep.deviation.threshold = 300ms (default)
2021-09-16 12:47:04,425 [pool-123-thread-1] INFO  server.RaftServerConfigKeys (ConfUtils.java:logGet(44)) - raft.server.log.appender.install.snapshot.enabled = false (custom)
2021-09-16 12:47:04,425 [pool-123-thread-1] INFO  server.RaftServer$Division (ServerState.java:<init>(105)) - f6069d6f-2c93-4424-9b40-fa2b0879fe00@group-FD5B065FBE52: ConfigurationManager, init=-1: [f6069d6f-2c93-4424-9b40-fa2b0879fe00|rpc:10.1.0.31:33405|priority:0, 38372db9-1534-4cf5-b428-c401e92fe9f8|rpc:10.1.0.31:34927|priority:0, b4139188-0655-419f-be5a-4685bfe92707|rpc:10.1.0.31:39773|priority:1], old=null, confs=<EMPTY_MAP>
2021-09-16 12:47:04,425 [pool-123-thread-1] INFO  server.RaftServerConfigKeys (ConfUtils.java:logGet(44)) - raft.server.storage.dir = [/home/runner/work/ozone/ozone/hadoop-ozone/integration-test/target/test-dir/MiniOzoneClusterImpl-babe98fd-e4a2-44a3-a902-6ec1ad6f036e/datanode-0/data/ratis] (custom)
2021-09-16 12:47:04,425 [pool-123-thread-1] INFO  server.RaftServerConfigKeys (ConfUtils.java:logGet(44)) - raft.server.log.corruption.policy = EXCEPTION (default)
2021-09-16 12:47:04,425 [pool-123-thread-1] INFO  server.RaftServerConfigKeys (ConfUtils.java:logGet(44)) - raft.server.storage.free-space.min = 0MB (=0) (default)
2021-09-16 12:47:04,425 [pool-123-thread-1] INFO  storage.RaftStorageDirectory (RaftStorageDirectoryImpl.java:analyzeStorage(135)) - The storage directory /home/runner/work/ozone/ozone/hadoop-ozone/integration-test/target/test-dir/MiniOzoneClusterImpl-babe98fd-e4a2-44a3-a902-6ec1ad6f036e/datanode-0/data/ratis/af5657be-acc9-4691-9d03-fd5b065fbe52 does not exist. Creating ...
2021-09-16 12:47:04,426 [pool-123-thread-1] INFO  storage.RaftStorageDirectory (RaftStorageDirectoryImpl.java:tryLock(230)) - Lock on /home/runner/work/ozone/ozone/hadoop-ozone/integration-test/target/test-dir/MiniOzoneClusterImpl-babe98fd-e4a2-44a3-a902-6ec1ad6f036e/datanode-0/data/ratis/af5657be-acc9-4691-9d03-fd5b065fbe52/in_use.lock acquired by nodename 14711@fv-az148-673
2021-09-16 12:47:04,428 [pool-123-thread-1] INFO  storage.RaftStorage (RaftStorageImpl.java:format(89)) - Storage directory /home/runner/work/ozone/ozone/hadoop-ozone/integration-test/target/test-dir/MiniOzoneClusterImpl-babe98fd-e4a2-44a3-a902-6ec1ad6f036e/datanode-0/data/ratis/af5657be-acc9-4691-9d03-fd5b065fbe52 has been successfully formatted.
2021-09-16 12:47:04,429 [pool-123-thread-1] INFO  ratis.ContainerStateMachine (ContainerStateMachine.java:loadSnapshot(224)) - group-FD5B065FBE52: The snapshot info is null. Setting the last applied indexto:(t:0, i:~)
2021-09-16 12:47:04,429 [pool-123-thread-1] INFO  server.RaftServerConfigKeys (ConfUtils.java:logGet(44)) - raft.server.notification.no-leader.timeout = 300s (custom)
2021-09-16 12:47:04,429 [pool-123-thread-1] INFO  server.RaftServerConfigKeys (ConfUtils.java:logGet(44)) - raft.server.log.use.memory = false (default)
2021-09-16 12:47:04,429 [pool-123-thread-1] INFO  server.RaftServerConfigKeys (ConfUtils.java:logGet(44)) - raft.server.log.purge.gap = 1000000 (custom)
2021-09-16 12:47:04,429 [pool-123-thread-1] INFO  server.RaftServerConfigKeys (ConfUtils.java:logGet(44)) - raft.server.log.appender.buffer.byte-limit = 33554432 (custom)
2021-09-16 12:47:04,430 [pool-123-thread-1] INFO  server.RaftServerConfigKeys (ConfUtils.java:logGet(44)) - raft.server.log.segment.size.max = 1048576 (custom)
2021-09-16 12:47:04,430 [pool-123-thread-1] INFO  server.RaftServerConfigKeys (ConfUtils.java:logGet(44)) - raft.server.log.segment.cache.num.max = 2 (custom)
2021-09-16 12:47:04,430 [pool-123-thread-1] INFO  server.RaftServerConfigKeys (ConfUtils.java:logGet(44)) - raft.server.log.segment.cache.size.max = 200MB (=209715200) (default)
2021-09-16 12:47:04,431 [pool-123-thread-1] INFO  segmented.SegmentedRaftLogWorker (SegmentedRaftLogWorker.java:<init>(182)) - new f6069d6f-2c93-4424-9b40-fa2b0879fe00@group-FD5B065FBE52-SegmentedRaftLogWorker for RaftStorageImpl:Storage Directory /home/runner/work/ozone/ozone/hadoop-ozone/integration-test/target/test-dir/MiniOzoneClusterImpl-babe98fd-e4a2-44a3-a902-6ec1ad6f036e/datanode-0/data/ratis/af5657be-acc9-4691-9d03-fd5b065fbe52
2021-09-16 12:47:04,431 [pool-123-thread-1] INFO  server.RaftServerConfigKeys (ConfUtils.java:logGet(44)) - raft.server.log.queue.byte-limit = 2147483647 (custom)
2021-09-16 12:47:04,429 [Datanode State Machine Thread - 0] WARN  statemachine.StateContext (StateContext.java:execute(621)) - No available thread in pool for past 1 seconds.
2021-09-16 12:47:04,437 [EventQueue-OpenPipelineForHealthyPipelineSafeModeRule] INFO  safemode.SCMSafeModeManager (HealthyPipelineSafeModeRule.java:process(124)) - SCM in safe mode. Healthy pipelines reported count is 0, required healthy pipeline reported count is 1
2021-09-16 12:47:04,446 [pool-123-thread-1] INFO  server.RaftServerConfigKeys (ConfUtils.java:logGet(44)) - raft.server.log.queue.element-limit = 1024 (custom)
2021-09-16 12:47:04,447 [pool-123-thread-1] INFO  server.RaftServerConfigKeys (ConfUtils.java:logGet(44)) - raft.server.log.segment.size.max = 1048576 (custom)
2021-09-16 12:47:04,447 [pool-123-thread-1] INFO  server.RaftServerConfigKeys (ConfUtils.java:logGet(44)) - raft.server.log.preallocated.size = 16384 (custom)
2021-09-16 12:47:04,447 [pool-123-thread-1] INFO  server.RaftServerConfigKeys (ConfUtils.java:logGet(44)) - raft.server.log.force.sync.num = 128 (default)
2021-09-16 12:47:04,447 [pool-123-thread-1] INFO  server.RaftServerConfigKeys (ConfUtils.java:logGet(44)) - raft.server.log.statemachine.data.sync = true (default)
2021-09-16 12:47:04,447 [pool-123-thread-1] INFO  server.RaftServerConfigKeys (ConfUtils.java:logGet(44)) - raft.server.log.statemachine.data.sync.timeout = 10s (default)
2021-09-16 12:47:04,447 [pool-123-thread-1] INFO  server.RaftServerConfigKeys (ConfUtils.java:logGet(44)) - raft.server.log.statemachine.data.sync.timeout.retry = -1 (default)
2021-09-16 12:47:04,449 [pool-123-thread-1] INFO  server.RaftServerConfigKeys (ConfUtils.java:logGet(44)) - raft.server.log.write.buffer.size = 1048576 (custom)
2021-09-16 12:47:04,449 [pool-123-thread-1] INFO  server.RaftServerConfigKeys (ConfUtils.java:logGet(44)) - raft.server.log.statemachine.data.caching.enabled = true (custom)
2021-09-16 12:47:04,450 [pool-123-thread-1] INFO  segmented.SegmentedRaftLogWorker (SegmentedRaftLogWorker.java:lambda$new$0(133)) - f6069d6f-2c93-4424-9b40-fa2b0879fe00@group-FD5B065FBE52-SegmentedRaftLogWorker: flushIndex: setUnconditionally 0 -> -1
2021-09-16 12:47:04,450 [pool-123-thread-1] INFO  segmented.SegmentedRaftLogWorker (SegmentedRaftLogWorker.java:lambda$new$0(133)) - f6069d6f-2c93-4424-9b40-fa2b0879fe00@group-FD5B065FBE52-SegmentedRaftLogWorker: safeCacheEvictIndex: setUnconditionally 0 -> -1
2021-09-16 12:47:04,459 [pool-123-thread-1] INFO  server.RaftServerConfigKeys (ConfUtils.java:logGet(44)) - raft.server.snapshot.auto.trigger.enabled = true (custom)
2021-09-16 12:47:04,459 [pool-123-thread-1] INFO  server.RaftServerConfigKeys (ConfUtils.java:logGet(44)) - raft.server.snapshot.auto.trigger.threshold = 10000 (custom)
2021-09-16 12:47:04,459 [pool-123-thread-1] INFO  server.RaftServerConfigKeys (ConfUtils.java:logGet(44)) - raft.server.snapshot.retention.file.num = 5 (custom)
2021-09-16 12:47:04,460 [pool-123-thread-1] INFO  server.RaftServerConfigKeys (ConfUtils.java:logGet(44)) - raft.server.log.purge.upto.snapshot.index = false (default)
2021-09-16 12:47:04,460 [pool-123-thread-1] INFO  server.RaftServerConfigKeys (ConfUtils.java:logGet(44)) - raft.server.retrycache.expirytime = 600000ms (custom)
2021-09-16 12:47:04,460 [pool-123-thread-1] INFO  server.RaftServerConfigKeys (ConfUtils.java:logGet(44)) - raft.server.retrycache.statistics.expirytime = 100μs (default)
2021-09-16 12:47:04,463 [pool-123-thread-1] INFO  server.RaftServer$Division (RaftServerImpl.java:start(296)) - f6069d6f-2c93-4424-9b40-fa2b0879fe00@group-FD5B065FBE52: start as a follower, conf=-1: [f6069d6f-2c93-4424-9b40-fa2b0879fe00|rpc:10.1.0.31:33405|priority:0, 38372db9-1534-4cf5-b428-c401e92fe9f8|rpc:10.1.0.31:34927|priority:0, b4139188-0655-419f-be5a-4685bfe92707|rpc:10.1.0.31:39773|priority:1], old=null
2021-09-16 12:47:04,463 [pool-123-thread-1] INFO  server.RaftServer$Division (RaftServerImpl.java:setRole(285)) - f6069d6f-2c93-4424-9b40-fa2b0879fe00@group-FD5B065FBE52: changes role from      null to FOLLOWER at term 0 for startAsFollower
2021-09-16 12:47:04,464 [pool-123-thread-1] INFO  impl.RoleInfo (RoleInfo.java:updateAndGet(130)) - f6069d6f-2c93-4424-9b40-fa2b0879fe00: start f6069d6f-2c93-4424-9b40-fa2b0879fe00@group-FD5B065FBE52-FollowerState
2021-09-16 12:47:04,464 [pool-123-thread-1] INFO  util.JmxRegister (JmxRegister.java:tryRegister(44)) - Successfully registered JMX Bean with object name Ratis:service=RaftServer,group=group-FD5B065FBE52,id=f6069d6f-2c93-4424-9b40-fa2b0879fe00
2021-09-16 12:47:04,472 [Command processor thread] INFO  ratis.XceiverServerRatis (XceiverServerRatis.java:addGroup(762)) - Created group PipelineID=af5657be-acc9-4691-9d03-fd5b065fbe52
2021-09-16 12:47:04,624 [Command processor thread] INFO  server.RaftServer (RaftServerProxy.java:addNew(95)) - 38372db9-1534-4cf5-b428-c401e92fe9f8: addNew group-D936571EF932:[38372db9-1534-4cf5-b428-c401e92fe9f8|rpc:10.1.0.31:34927|priority:1] returns group-D936571EF932:java.util.concurrent.CompletableFuture@f5748ff[Not completed]
2021-09-16 12:47:04,645 [pool-142-thread-1] INFO  server.RaftServer$Division (RaftServerImpl.java:<init>(181)) - 38372db9-1534-4cf5-b428-c401e92fe9f8: new RaftServerImpl for group-D936571EF932:[38372db9-1534-4cf5-b428-c401e92fe9f8|rpc:10.1.0.31:34927|priority:1] with ContainerStateMachine:uninitialized
2021-09-16 12:47:04,646 [pool-142-thread-1] INFO  server.RaftServerConfigKeys (ConfUtils.java:logGet(44)) - raft.server.rpc.timeout.min = 5s (custom)
2021-09-16 12:47:04,646 [pool-142-thread-1] INFO  server.RaftServerConfigKeys (ConfUtils.java:logGet(44)) - raft.server.rpc.timeout.max = 5200ms (custom)
2021-09-16 12:47:04,646 [pool-142-thread-1] INFO  server.RaftServerConfigKeys (ConfUtils.java:logGet(44)) - raft.server.rpc.sleep.time = 25ms (default)
2021-09-16 12:47:04,646 [pool-142-thread-1] INFO  server.RaftServerConfigKeys (ConfUtils.java:logGet(44)) - raft.server.rpc.slowness.timeout = 300s (custom)
2021-09-16 12:47:04,646 [pool-142-thread-1] INFO  server.RaftServerConfigKeys (ConfUtils.java:logGet(44)) - raft.server.leaderelection.leader.step-down.wait-time = 10s (default)
2021-09-16 12:47:04,646 [pool-142-thread-1] INFO  server.RaftServerConfigKeys (ConfUtils.java:logGet(44)) - raft.server.sleep.deviation.threshold = 300ms (default)
2021-09-16 12:47:04,646 [pool-142-thread-1] INFO  server.RaftServerConfigKeys (ConfUtils.java:logGet(44)) - raft.server.log.appender.install.snapshot.enabled = false (custom)
2021-09-16 12:47:04,646 [pool-142-thread-1] INFO  server.RaftServer$Division (ServerState.java:<init>(105)) - 38372db9-1534-4cf5-b428-c401e92fe9f8@group-D936571EF932: ConfigurationManager, init=-1: [38372db9-1534-4cf5-b428-c401e92fe9f8|rpc:10.1.0.31:34927|priority:1], old=null, confs=<EMPTY_MAP>
2021-09-16 12:47:04,647 [pool-142-thread-1] INFO  server.RaftServerConfigKeys (ConfUtils.java:logGet(44)) - raft.server.storage.dir = [/home/runner/work/ozone/ozone/hadoop-ozone/integration-test/target/test-dir/MiniOzoneClusterImpl-babe98fd-e4a2-44a3-a902-6ec1ad6f036e/datanode-1/data/ratis] (custom)
2021-09-16 12:47:04,647 [pool-142-thread-1] INFO  server.RaftServerConfigKeys (ConfUtils.java:logGet(44)) - raft.server.log.corruption.policy = EXCEPTION (default)
2021-09-16 12:47:04,647 [pool-142-thread-1] INFO  server.RaftServerConfigKeys (ConfUtils.java:logGet(44)) - raft.server.storage.free-space.min = 0MB (=0) (default)
2021-09-16 12:47:04,647 [pool-142-thread-1] INFO  storage.RaftStorageDirectory (RaftStorageDirectoryImpl.java:analyzeStorage(135)) - The storage directory /home/runner/work/ozone/ozone/hadoop-ozone/integration-test/target/test-dir/MiniOzoneClusterImpl-babe98fd-e4a2-44a3-a902-6ec1ad6f036e/datanode-1/data/ratis/95942146-1213-40b8-be40-d936571ef932 does not exist. Creating ...
2021-09-16 12:47:04,649 [pool-142-thread-1] INFO  storage.RaftStorageDirectory (RaftStorageDirectoryImpl.java:tryLock(230)) - Lock on /home/runner/work/ozone/ozone/hadoop-ozone/integration-test/target/test-dir/MiniOzoneClusterImpl-babe98fd-e4a2-44a3-a902-6ec1ad6f036e/datanode-1/data/ratis/95942146-1213-40b8-be40-d936571ef932/in_use.lock acquired by nodename 14711@fv-az148-673
2021-09-16 12:47:04,651 [pool-142-thread-1] INFO  storage.RaftStorage (RaftStorageImpl.java:format(89)) - Storage directory /home/runner/work/ozone/ozone/hadoop-ozone/integration-test/target/test-dir/MiniOzoneClusterImpl-babe98fd-e4a2-44a3-a902-6ec1ad6f036e/datanode-1/data/ratis/95942146-1213-40b8-be40-d936571ef932 has been successfully formatted.
2021-09-16 12:47:04,655 [pool-142-thread-1] INFO  ratis.ContainerStateMachine (ContainerStateMachine.java:loadSnapshot(224)) - group-D936571EF932: The snapshot info is null. Setting the last applied indexto:(t:0, i:~)
2021-09-16 12:47:04,655 [pool-142-thread-1] INFO  server.RaftServerConfigKeys (ConfUtils.java:logGet(44)) - raft.server.notification.no-leader.timeout = 300s (custom)
2021-09-16 12:47:04,655 [pool-142-thread-1] INFO  server.RaftServerConfigKeys (ConfUtils.java:logGet(44)) - raft.server.log.use.memory = false (default)
2021-09-16 12:47:04,656 [pool-142-thread-1] INFO  server.RaftServerConfigKeys (ConfUtils.java:logGet(44)) - raft.server.log.purge.gap = 1000000 (custom)
2021-09-16 12:47:04,656 [pool-142-thread-1] INFO  server.RaftServerConfigKeys (ConfUtils.java:logGet(44)) - raft.server.log.appender.buffer.byte-limit = 33554432 (custom)
2021-09-16 12:47:04,656 [pool-142-thread-1] INFO  server.RaftServerConfigKeys (ConfUtils.java:logGet(44)) - raft.server.log.segment.size.max = 1048576 (custom)
2021-09-16 12:47:04,657 [pool-142-thread-1] INFO  server.RaftServerConfigKeys (ConfUtils.java:logGet(44)) - raft.server.log.segment.cache.num.max = 2 (custom)
2021-09-16 12:47:04,657 [pool-142-thread-1] INFO  server.RaftServerConfigKeys (ConfUtils.java:logGet(44)) - raft.server.log.segment.cache.size.max = 200MB (=209715200) (default)
2021-09-16 12:47:04,657 [pool-142-thread-1] INFO  segmented.SegmentedRaftLogWorker (SegmentedRaftLogWorker.java:<init>(182)) - new 38372db9-1534-4cf5-b428-c401e92fe9f8@group-D936571EF932-SegmentedRaftLogWorker for RaftStorageImpl:Storage Directory /home/runner/work/ozone/ozone/hadoop-ozone/integration-test/target/test-dir/MiniOzoneClusterImpl-babe98fd-e4a2-44a3-a902-6ec1ad6f036e/datanode-1/data/ratis/95942146-1213-40b8-be40-d936571ef932
2021-09-16 12:47:04,657 [pool-142-thread-1] INFO  server.RaftServerConfigKeys (ConfUtils.java:logGet(44)) - raft.server.log.queue.byte-limit = 2147483647 (custom)
2021-09-16 12:47:04,657 [pool-142-thread-1] INFO  server.RaftServerConfigKeys (ConfUtils.java:logGet(44)) - raft.server.log.queue.element-limit = 1024 (custom)
2021-09-16 12:47:04,657 [pool-142-thread-1] INFO  server.RaftServerConfigKeys (ConfUtils.java:logGet(44)) - raft.server.log.segment.size.max = 1048576 (custom)
2021-09-16 12:47:04,657 [pool-142-thread-1] INFO  server.RaftServerConfigKeys (ConfUtils.java:logGet(44)) - raft.server.log.preallocated.size = 16384 (custom)
2021-09-16 12:47:04,657 [pool-142-thread-1] INFO  server.RaftServerConfigKeys (ConfUtils.java:logGet(44)) - raft.server.log.force.sync.num = 128 (default)
2021-09-16 12:47:04,657 [pool-142-thread-1] INFO  server.RaftServerConfigKeys (ConfUtils.java:logGet(44)) - raft.server.log.statemachine.data.sync = true (default)
2021-09-16 12:47:04,657 [pool-142-thread-1] INFO  server.RaftServerConfigKeys (ConfUtils.java:logGet(44)) - raft.server.log.statemachine.data.sync.timeout = 10s (default)
2021-09-16 12:47:04,657 [pool-142-thread-1] INFO  server.RaftServerConfigKeys (ConfUtils.java:logGet(44)) - raft.server.log.statemachine.data.sync.timeout.retry = -1 (default)
2021-09-16 12:47:04,658 [pool-142-thread-1] INFO  server.RaftServerConfigKeys (ConfUtils.java:logGet(44)) - raft.server.log.write.buffer.size = 1048576 (custom)
2021-09-16 12:47:04,659 [pool-142-thread-1] INFO  server.RaftServerConfigKeys (ConfUtils.java:logGet(44)) - raft.server.log.statemachine.data.caching.enabled = true (custom)
2021-09-16 12:47:04,659 [pool-142-thread-1] INFO  segmented.SegmentedRaftLogWorker (SegmentedRaftLogWorker.java:lambda$new$0(133)) - 38372db9-1534-4cf5-b428-c401e92fe9f8@group-D936571EF932-SegmentedRaftLogWorker: flushIndex: setUnconditionally 0 -> -1
2021-09-16 12:47:04,660 [pool-142-thread-1] INFO  segmented.SegmentedRaftLogWorker (SegmentedRaftLogWorker.java:lambda$new$0(133)) - 38372db9-1534-4cf5-b428-c401e92fe9f8@group-D936571EF932-SegmentedRaftLogWorker: safeCacheEvictIndex: setUnconditionally 0 -> -1
2021-09-16 12:47:04,660 [Datanode State Machine Thread - 0] WARN  statemachine.StateContext (StateContext.java:execute(621)) - No available thread in pool for past 1 seconds.
2021-09-16 12:47:04,674 [EventQueue-PipelineReportForPipelineReportHandler] INFO  pipeline.PipelineManagerImpl (PipelineManagerImpl.java:openPipeline(282)) - Pipeline Pipeline[ Id: 95942146-1213-40b8-be40-d936571ef932, Nodes: 38372db9-1534-4cf5-b428-c401e92fe9f8{ip: 10.1.0.31, host: fv-az148-673.bm4ck3pvxvsene1rjriu5fhcdb.bx.internal.cloudapp.net, ports: [REPLICATION=41309, RATIS=34927, RATIS_ADMIN=34927, RATIS_SERVER=34927, STANDALONE=39787], networkLocation: /default-rack, certSerialId: null, persistedOpState: IN_SERVICE, persistedOpStateExpiryEpochSec: 0}, ReplicationConfig: RATIS/ONE, State:ALLOCATED, leaderId:38372db9-1534-4cf5-b428-c401e92fe9f8, CreationTimestamp2021-09-16T12:47:01.631Z[Etc/UTC]] moved to OPEN state
2021-09-16 12:47:04,675 [EventQueue-OpenPipelineForHealthyPipelineSafeModeRule] INFO  safemode.SCMSafeModeManager (HealthyPipelineSafeModeRule.java:process(124)) - SCM in safe mode. Healthy pipelines reported count is 0, required healthy pipeline reported count is 1
2021-09-16 12:47:04,676 [pool-142-thread-1] INFO  server.RaftServerConfigKeys (ConfUtils.java:logGet(44)) - raft.server.snapshot.auto.trigger.enabled = true (custom)
2021-09-16 12:47:04,680 [pool-142-thread-1] INFO  server.RaftServerConfigKeys (ConfUtils.java:logGet(44)) - raft.server.snapshot.auto.trigger.threshold = 10000 (custom)
2021-09-16 12:47:04,680 [pool-142-thread-1] INFO  server.RaftServerConfigKeys (ConfUtils.java:logGet(44)) - raft.server.snapshot.retention.file.num = 5 (custom)
2021-09-16 12:47:04,680 [pool-142-thread-1] INFO  server.RaftServerConfigKeys (ConfUtils.java:logGet(44)) - raft.server.log.purge.upto.snapshot.index = false (default)
2021-09-16 12:47:04,680 [pool-142-thread-1] INFO  server.RaftServerConfigKeys (ConfUtils.java:logGet(44)) - raft.server.retrycache.expirytime = 600000ms (custom)
2021-09-16 12:47:04,680 [pool-142-thread-1] INFO  server.RaftServerConfigKeys (ConfUtils.java:logGet(44)) - raft.server.retrycache.statistics.expirytime = 100μs (default)
2021-09-16 12:47:04,682 [pool-142-thread-1] INFO  server.RaftServer$Division (RaftServerImpl.java:start(296)) - 38372db9-1534-4cf5-b428-c401e92fe9f8@group-D936571EF932: start as a follower, conf=-1: [38372db9-1534-4cf5-b428-c401e92fe9f8|rpc:10.1.0.31:34927|priority:1], old=null
2021-09-16 12:47:04,682 [pool-142-thread-1] INFO  server.RaftServer$Division (RaftServerImpl.java:setRole(285)) - 38372db9-1534-4cf5-b428-c401e92fe9f8@group-D936571EF932: changes role from      null to FOLLOWER at term 0 for startAsFollower
2021-09-16 12:47:04,682 [pool-142-thread-1] INFO  impl.RoleInfo (RoleInfo.java:updateAndGet(130)) - 38372db9-1534-4cf5-b428-c401e92fe9f8: start 38372db9-1534-4cf5-b428-c401e92fe9f8@group-D936571EF932-FollowerState
2021-09-16 12:47:04,682 [pool-142-thread-1] INFO  util.JmxRegister (JmxRegister.java:tryRegister(44)) - Successfully registered JMX Bean with object name Ratis:service=RaftServer,group=group-D936571EF932,id=38372db9-1534-4cf5-b428-c401e92fe9f8
2021-09-16 12:47:04,683 [Command processor thread] INFO  ratis.XceiverServerRatis (XceiverServerRatis.java:addGroup(762)) - Created group PipelineID=95942146-1213-40b8-be40-d936571ef932
2021-09-16 12:47:04,683 [Command processor thread] INFO  commandhandler.CreatePipelineCommandHandler (CreatePipelineCommandHandler.java:handle(106)) - Created Pipeline RATIS ONE PipelineID=95942146-1213-40b8-be40-d936571ef932.
2021-09-16 12:47:04,685 [Command processor thread] INFO  server.RaftServer (RaftServerProxy.java:addNew(95)) - 38372db9-1534-4cf5-b428-c401e92fe9f8: addNew group-FD5B065FBE52:[f6069d6f-2c93-4424-9b40-fa2b0879fe00|rpc:10.1.0.31:33405|priority:0, 38372db9-1534-4cf5-b428-c401e92fe9f8|rpc:10.1.0.31:34927|priority:0, b4139188-0655-419f-be5a-4685bfe92707|rpc:10.1.0.31:39773|priority:1] returns group-FD5B065FBE52:java.util.concurrent.CompletableFuture@b68cdcd[Not completed]
2021-09-16 12:47:04,689 [pool-142-thread-1] INFO  server.RaftServer$Division (RaftServerImpl.java:<init>(181)) - 38372db9-1534-4cf5-b428-c401e92fe9f8: new RaftServerImpl for group-FD5B065FBE52:[f6069d6f-2c93-4424-9b40-fa2b0879fe00|rpc:10.1.0.31:33405|priority:0, 38372db9-1534-4cf5-b428-c401e92fe9f8|rpc:10.1.0.31:34927|priority:0, b4139188-0655-419f-be5a-4685bfe92707|rpc:10.1.0.31:39773|priority:1] with ContainerStateMachine:uninitialized
2021-09-16 12:47:04,689 [pool-142-thread-1] INFO  server.RaftServerConfigKeys (ConfUtils.java:logGet(44)) - raft.server.rpc.timeout.min = 5s (custom)
2021-09-16 12:47:04,689 [pool-142-thread-1] INFO  server.RaftServerConfigKeys (ConfUtils.java:logGet(44)) - raft.server.rpc.timeout.max = 5200ms (custom)
2021-09-16 12:47:04,689 [pool-142-thread-1] INFO  server.RaftServerConfigKeys (ConfUtils.java:logGet(44)) - raft.server.rpc.sleep.time = 25ms (default)
2021-09-16 12:47:04,689 [pool-142-thread-1] INFO  server.RaftServerConfigKeys (ConfUtils.java:logGet(44)) - raft.server.rpc.slowness.timeout = 300s (custom)
2021-09-16 12:47:04,689 [pool-142-thread-1] INFO  server.RaftServerConfigKeys (ConfUtils.java:logGet(44)) - raft.server.leaderelection.leader.step-down.wait-time = 10s (default)
2021-09-16 12:47:04,689 [pool-142-thread-1] INFO  server.RaftServerConfigKeys (ConfUtils.java:logGet(44)) - raft.server.sleep.deviation.threshold = 300ms (default)
2021-09-16 12:47:04,689 [pool-142-thread-1] INFO  server.RaftServerConfigKeys (ConfUtils.java:logGet(44)) - raft.server.log.appender.install.snapshot.enabled = false (custom)
2021-09-16 12:47:04,689 [pool-142-thread-1] INFO  server.RaftServer$Division (ServerState.java:<init>(105)) - 38372db9-1534-4cf5-b428-c401e92fe9f8@group-FD5B065FBE52: ConfigurationManager, init=-1: [f6069d6f-2c93-4424-9b40-fa2b0879fe00|rpc:10.1.0.31:33405|priority:0, 38372db9-1534-4cf5-b428-c401e92fe9f8|rpc:10.1.0.31:34927|priority:0, b4139188-0655-419f-be5a-4685bfe92707|rpc:10.1.0.31:39773|priority:1], old=null, confs=<EMPTY_MAP>
2021-09-16 12:47:04,689 [pool-142-thread-1] INFO  server.RaftServerConfigKeys (ConfUtils.java:logGet(44)) - raft.server.storage.dir = [/home/runner/work/ozone/ozone/hadoop-ozone/integration-test/target/test-dir/MiniOzoneClusterImpl-babe98fd-e4a2-44a3-a902-6ec1ad6f036e/datanode-1/data/ratis] (custom)
2021-09-16 12:47:04,690 [pool-142-thread-1] INFO  server.RaftServerConfigKeys (ConfUtils.java:logGet(44)) - raft.server.log.corruption.policy = EXCEPTION (default)
2021-09-16 12:47:04,690 [pool-142-thread-1] INFO  server.RaftServerConfigKeys (ConfUtils.java:logGet(44)) - raft.server.storage.free-space.min = 0MB (=0) (default)
2021-09-16 12:47:04,690 [pool-142-thread-1] INFO  storage.RaftStorageDirectory (RaftStorageDirectoryImpl.java:analyzeStorage(135)) - The storage directory /home/runner/work/ozone/ozone/hadoop-ozone/integration-test/target/test-dir/MiniOzoneClusterImpl-babe98fd-e4a2-44a3-a902-6ec1ad6f036e/datanode-1/data/ratis/af5657be-acc9-4691-9d03-fd5b065fbe52 does not exist. Creating ...
2021-09-16 12:47:04,696 [pool-142-thread-1] INFO  storage.RaftStorageDirectory (RaftStorageDirectoryImpl.java:tryLock(230)) - Lock on /home/runner/work/ozone/ozone/hadoop-ozone/integration-test/target/test-dir/MiniOzoneClusterImpl-babe98fd-e4a2-44a3-a902-6ec1ad6f036e/datanode-1/data/ratis/af5657be-acc9-4691-9d03-fd5b065fbe52/in_use.lock acquired by nodename 14711@fv-az148-673
2021-09-16 12:47:04,697 [pool-142-thread-1] INFO  storage.RaftStorage (RaftStorageImpl.java:format(89)) - Storage directory /home/runner/work/ozone/ozone/hadoop-ozone/integration-test/target/test-dir/MiniOzoneClusterImpl-babe98fd-e4a2-44a3-a902-6ec1ad6f036e/datanode-1/data/ratis/af5657be-acc9-4691-9d03-fd5b065fbe52 has been successfully formatted.
2021-09-16 12:47:04,697 [pool-142-thread-1] INFO  ratis.ContainerStateMachine (ContainerStateMachine.java:loadSnapshot(224)) - group-FD5B065FBE52: The snapshot info is null. Setting the last applied indexto:(t:0, i:~)
2021-09-16 12:47:04,698 [pool-142-thread-1] INFO  server.RaftServerConfigKeys (ConfUtils.java:logGet(44)) - raft.server.notification.no-leader.timeout = 300s (custom)
2021-09-16 12:47:04,698 [pool-142-thread-1] INFO  server.RaftServerConfigKeys (ConfUtils.java:logGet(44)) - raft.server.log.use.memory = false (default)
2021-09-16 12:47:04,698 [pool-142-thread-1] INFO  server.RaftServerConfigKeys (ConfUtils.java:logGet(44)) - raft.server.log.purge.gap = 1000000 (custom)
2021-09-16 12:47:04,698 [pool-142-thread-1] INFO  server.RaftServerConfigKeys (ConfUtils.java:logGet(44)) - raft.server.log.appender.buffer.byte-limit = 33554432 (custom)
2021-09-16 12:47:04,698 [pool-142-thread-1] INFO  server.RaftServerConfigKeys (ConfUtils.java:logGet(44)) - raft.server.log.segment.size.max = 1048576 (custom)
2021-09-16 12:47:04,700 [EventQueue-OpenPipelineForHealthyPipelineSafeModeRule] INFO  safemode.SCMSafeModeManager (HealthyPipelineSafeModeRule.java:process(124)) - SCM in safe mode. Healthy pipelines reported count is 0, required healthy pipeline reported count is 1
2021-09-16 12:47:04,715 [pool-142-thread-1] INFO  server.RaftServerConfigKeys (ConfUtils.java:logGet(44)) - raft.server.log.segment.cache.num.max = 2 (custom)
2021-09-16 12:47:04,716 [pool-142-thread-1] INFO  server.RaftServerConfigKeys (ConfUtils.java:logGet(44)) - raft.server.log.segment.cache.size.max = 200MB (=209715200) (default)
2021-09-16 12:47:04,716 [pool-142-thread-1] INFO  segmented.SegmentedRaftLogWorker (SegmentedRaftLogWorker.java:<init>(182)) - new 38372db9-1534-4cf5-b428-c401e92fe9f8@group-FD5B065FBE52-SegmentedRaftLogWorker for RaftStorageImpl:Storage Directory /home/runner/work/ozone/ozone/hadoop-ozone/integration-test/target/test-dir/MiniOzoneClusterImpl-babe98fd-e4a2-44a3-a902-6ec1ad6f036e/datanode-1/data/ratis/af5657be-acc9-4691-9d03-fd5b065fbe52
2021-09-16 12:47:04,716 [pool-142-thread-1] INFO  server.RaftServerConfigKeys (ConfUtils.java:logGet(44)) - raft.server.log.queue.byte-limit = 2147483647 (custom)
2021-09-16 12:47:04,716 [pool-142-thread-1] INFO  server.RaftServerConfigKeys (ConfUtils.java:logGet(44)) - raft.server.log.queue.element-limit = 1024 (custom)
2021-09-16 12:47:04,716 [pool-142-thread-1] INFO  server.RaftServerConfigKeys (ConfUtils.java:logGet(44)) - raft.server.log.segment.size.max = 1048576 (custom)
2021-09-16 12:47:04,716 [pool-142-thread-1] INFO  server.RaftServerConfigKeys (ConfUtils.java:logGet(44)) - raft.server.log.preallocated.size = 16384 (custom)
2021-09-16 12:47:04,716 [pool-142-thread-1] INFO  server.RaftServerConfigKeys (ConfUtils.java:logGet(44)) - raft.server.log.force.sync.num = 128 (default)
2021-09-16 12:47:04,716 [pool-142-thread-1] INFO  server.RaftServerConfigKeys (ConfUtils.java:logGet(44)) - raft.server.log.statemachine.data.sync = true (default)
2021-09-16 12:47:04,716 [pool-142-thread-1] INFO  server.RaftServerConfigKeys (ConfUtils.java:logGet(44)) - raft.server.log.statemachine.data.sync.timeout = 10s (default)
2021-09-16 12:47:04,716 [pool-142-thread-1] INFO  server.RaftServerConfigKeys (ConfUtils.java:logGet(44)) - raft.server.log.statemachine.data.sync.timeout.retry = -1 (default)
2021-09-16 12:47:04,717 [pool-142-thread-1] INFO  server.RaftServerConfigKeys (ConfUtils.java:logGet(44)) - raft.server.log.write.buffer.size = 1048576 (custom)
2021-09-16 12:47:04,718 [pool-142-thread-1] INFO  server.RaftServerConfigKeys (ConfUtils.java:logGet(44)) - raft.server.log.statemachine.data.caching.enabled = true (custom)
2021-09-16 12:47:04,718 [pool-142-thread-1] INFO  segmented.SegmentedRaftLogWorker (SegmentedRaftLogWorker.java:lambda$new$0(133)) - 38372db9-1534-4cf5-b428-c401e92fe9f8@group-FD5B065FBE52-SegmentedRaftLogWorker: flushIndex: setUnconditionally 0 -> -1
2021-09-16 12:47:04,718 [pool-142-thread-1] INFO  segmented.SegmentedRaftLogWorker (SegmentedRaftLogWorker.java:lambda$new$0(133)) - 38372db9-1534-4cf5-b428-c401e92fe9f8@group-FD5B065FBE52-SegmentedRaftLogWorker: safeCacheEvictIndex: setUnconditionally 0 -> -1
2021-09-16 12:47:04,734 [pool-142-thread-1] INFO  server.RaftServerConfigKeys (ConfUtils.java:logGet(44)) - raft.server.snapshot.auto.trigger.enabled = true (custom)
2021-09-16 12:47:04,734 [pool-142-thread-1] INFO  server.RaftServerConfigKeys (ConfUtils.java:logGet(44)) - raft.server.snapshot.auto.trigger.threshold = 10000 (custom)
2021-09-16 12:47:04,734 [pool-142-thread-1] INFO  server.RaftServerConfigKeys (ConfUtils.java:logGet(44)) - raft.server.snapshot.retention.file.num = 5 (custom)
2021-09-16 12:47:04,734 [pool-142-thread-1] INFO  server.RaftServerConfigKeys (ConfUtils.java:logGet(44)) - raft.server.log.purge.upto.snapshot.index = false (default)
2021-09-16 12:47:04,734 [pool-142-thread-1] INFO  server.RaftServerConfigKeys (ConfUtils.java:logGet(44)) - raft.server.retrycache.expirytime = 600000ms (custom)
2021-09-16 12:47:04,734 [pool-142-thread-1] INFO  server.RaftServerConfigKeys (ConfUtils.java:logGet(44)) - raft.server.retrycache.statistics.expirytime = 100μs (default)
2021-09-16 12:47:04,735 [pool-142-thread-1] INFO  server.RaftServer$Division (RaftServerImpl.java:start(296)) - 38372db9-1534-4cf5-b428-c401e92fe9f8@group-FD5B065FBE52: start as a follower, conf=-1: [f6069d6f-2c93-4424-9b40-fa2b0879fe00|rpc:10.1.0.31:33405|priority:0, 38372db9-1534-4cf5-b428-c401e92fe9f8|rpc:10.1.0.31:34927|priority:0, b4139188-0655-419f-be5a-4685bfe92707|rpc:10.1.0.31:39773|priority:1], old=null
2021-09-16 12:47:04,736 [pool-142-thread-1] INFO  server.RaftServer$Division (RaftServerImpl.java:setRole(285)) - 38372db9-1534-4cf5-b428-c401e92fe9f8@group-FD5B065FBE52: changes role from      null to FOLLOWER at term 0 for startAsFollower
2021-09-16 12:47:04,736 [pool-142-thread-1] INFO  impl.RoleInfo (RoleInfo.java:updateAndGet(130)) - 38372db9-1534-4cf5-b428-c401e92fe9f8: start 38372db9-1534-4cf5-b428-c401e92fe9f8@group-FD5B065FBE52-FollowerState
2021-09-16 12:47:04,740 [pool-142-thread-1] INFO  util.JmxRegister (JmxRegister.java:tryRegister(44)) - Successfully registered JMX Bean with object name Ratis:service=RaftServer,group=group-FD5B065FBE52,id=38372db9-1534-4cf5-b428-c401e92fe9f8
2021-09-16 12:47:04,744 [Command processor thread] INFO  ratis.XceiverServerRatis (XceiverServerRatis.java:addGroup(762)) - Created group PipelineID=af5657be-acc9-4691-9d03-fd5b065fbe52
2021-09-16 12:47:04,976 [Listener at 127.0.0.1/43521] INFO  ozone.MiniOzoneClusterImpl (MiniOzoneClusterImpl.java:lambda$waitForClusterToBeReady$0(235)) - Nodes are ready. Got 3 of 3 DN Heartbeats.
2021-09-16 12:47:04,976 [Listener at 127.0.0.1/43521] INFO  ozone.MiniOzoneClusterImpl (MiniOzoneClusterImpl.java:lambda$waitForClusterToBeReady$0(238)) - Waiting for cluster to exit safe mode
2021-09-16 12:47:04,976 [Listener at 127.0.0.1/43521] INFO  ozone.MiniOzoneClusterImpl (MiniOzoneClusterImpl.java:lambda$waitForClusterToBeReady$0(240)) - SCM became leader
2021-09-16 12:47:04,999 [Command processor thread] INFO  server.RaftServer (RaftServerProxy.java:addNew(95)) - b4139188-0655-419f-be5a-4685bfe92707: addNew group-8752E8032D1F:[b4139188-0655-419f-be5a-4685bfe92707|rpc:10.1.0.31:39773|priority:1] returns group-8752E8032D1F:java.util.concurrent.CompletableFuture@845ab95[Not completed]
2021-09-16 12:47:05,023 [pool-161-thread-1] INFO  server.RaftServer$Division (RaftServerImpl.java:<init>(181)) - b4139188-0655-419f-be5a-4685bfe92707: new RaftServerImpl for group-8752E8032D1F:[b4139188-0655-419f-be5a-4685bfe92707|rpc:10.1.0.31:39773|priority:1] with ContainerStateMachine:uninitialized
2021-09-16 12:47:05,026 [pool-161-thread-1] INFO  server.RaftServerConfigKeys (ConfUtils.java:logGet(44)) - raft.server.rpc.timeout.min = 5s (custom)
2021-09-16 12:47:05,027 [pool-161-thread-1] INFO  server.RaftServerConfigKeys (ConfUtils.java:logGet(44)) - raft.server.rpc.timeout.max = 5200ms (custom)
2021-09-16 12:47:05,027 [pool-161-thread-1] INFO  server.RaftServerConfigKeys (ConfUtils.java:logGet(44)) - raft.server.rpc.sleep.time = 25ms (default)
2021-09-16 12:47:05,027 [pool-161-thread-1] INFO  server.RaftServerConfigKeys (ConfUtils.java:logGet(44)) - raft.server.rpc.slowness.timeout = 300s (custom)
2021-09-16 12:47:05,027 [pool-161-thread-1] INFO  server.RaftServerConfigKeys (ConfUtils.java:logGet(44)) - raft.server.leaderelection.leader.step-down.wait-time = 10s (default)
2021-09-16 12:47:05,027 [pool-161-thread-1] INFO  server.RaftServerConfigKeys (ConfUtils.java:logGet(44)) - raft.server.sleep.deviation.threshold = 300ms (default)
2021-09-16 12:47:05,027 [pool-161-thread-1] INFO  server.RaftServerConfigKeys (ConfUtils.java:logGet(44)) - raft.server.log.appender.install.snapshot.enabled = false (custom)
2021-09-16 12:47:05,027 [pool-161-thread-1] INFO  server.RaftServer$Division (ServerState.java:<init>(105)) - b4139188-0655-419f-be5a-4685bfe92707@group-8752E8032D1F: ConfigurationManager, init=-1: [b4139188-0655-419f-be5a-4685bfe92707|rpc:10.1.0.31:39773|priority:1], old=null, confs=<EMPTY_MAP>
2021-09-16 12:47:05,027 [pool-161-thread-1] INFO  server.RaftServerConfigKeys (ConfUtils.java:logGet(44)) - raft.server.storage.dir = [/home/runner/work/ozone/ozone/hadoop-ozone/integration-test/target/test-dir/MiniOzoneClusterImpl-babe98fd-e4a2-44a3-a902-6ec1ad6f036e/datanode-2/data/ratis] (custom)
2021-09-16 12:47:05,028 [pool-161-thread-1] INFO  server.RaftServerConfigKeys (ConfUtils.java:logGet(44)) - raft.server.log.corruption.policy = EXCEPTION (default)
2021-09-16 12:47:05,028 [pool-161-thread-1] INFO  server.RaftServerConfigKeys (ConfUtils.java:logGet(44)) - raft.server.storage.free-space.min = 0MB (=0) (default)
2021-09-16 12:47:05,028 [pool-161-thread-1] INFO  storage.RaftStorageDirectory (RaftStorageDirectoryImpl.java:analyzeStorage(135)) - The storage directory /home/runner/work/ozone/ozone/hadoop-ozone/integration-test/target/test-dir/MiniOzoneClusterImpl-babe98fd-e4a2-44a3-a902-6ec1ad6f036e/datanode-2/data/ratis/3bbdde88-8666-4dfb-b244-8752e8032d1f does not exist. Creating ...
2021-09-16 12:47:05,030 [pool-161-thread-1] INFO  storage.RaftStorageDirectory (RaftStorageDirectoryImpl.java:tryLock(230)) - Lock on /home/runner/work/ozone/ozone/hadoop-ozone/integration-test/target/test-dir/MiniOzoneClusterImpl-babe98fd-e4a2-44a3-a902-6ec1ad6f036e/datanode-2/data/ratis/3bbdde88-8666-4dfb-b244-8752e8032d1f/in_use.lock acquired by nodename 14711@fv-az148-673
2021-09-16 12:47:05,032 [pool-161-thread-1] INFO  storage.RaftStorage (RaftStorageImpl.java:format(89)) - Storage directory /home/runner/work/ozone/ozone/hadoop-ozone/integration-test/target/test-dir/MiniOzoneClusterImpl-babe98fd-e4a2-44a3-a902-6ec1ad6f036e/datanode-2/data/ratis/3bbdde88-8666-4dfb-b244-8752e8032d1f has been successfully formatted.
2021-09-16 12:47:05,036 [pool-161-thread-1] INFO  ratis.ContainerStateMachine (ContainerStateMachine.java:loadSnapshot(224)) - group-8752E8032D1F: The snapshot info is null. Setting the last applied indexto:(t:0, i:~)
2021-09-16 12:47:05,036 [pool-161-thread-1] INFO  server.RaftServerConfigKeys (ConfUtils.java:logGet(44)) - raft.server.notification.no-leader.timeout = 300s (custom)
2021-09-16 12:47:05,036 [pool-161-thread-1] INFO  server.RaftServerConfigKeys (ConfUtils.java:logGet(44)) - raft.server.log.use.memory = false (default)
2021-09-16 12:47:05,036 [Datanode State Machine Thread - 0] WARN  statemachine.StateContext (StateContext.java:execute(621)) - No available thread in pool for past 1 seconds.
2021-09-16 12:47:05,036 [pool-161-thread-1] INFO  server.RaftServerConfigKeys (ConfUtils.java:logGet(44)) - raft.server.log.purge.gap = 1000000 (custom)
2021-09-16 12:47:05,036 [pool-161-thread-1] INFO  server.RaftServerConfigKeys (ConfUtils.java:logGet(44)) - raft.server.log.appender.buffer.byte-limit = 33554432 (custom)
2021-09-16 12:47:05,037 [pool-161-thread-1] INFO  server.RaftServerConfigKeys (ConfUtils.java:logGet(44)) - raft.server.log.segment.size.max = 1048576 (custom)
2021-09-16 12:47:05,038 [EventQueue-PipelineReportForPipelineReportHandler] INFO  pipeline.PipelineManagerImpl (PipelineManagerImpl.java:openPipeline(282)) - Pipeline Pipeline[ Id: 3bbdde88-8666-4dfb-b244-8752e8032d1f, Nodes: b4139188-0655-419f-be5a-4685bfe92707{ip: 10.1.0.31, host: fv-az148-673.bm4ck3pvxvsene1rjriu5fhcdb.bx.internal.cloudapp.net, ports: [REPLICATION=38491, RATIS=39773, RATIS_ADMIN=39773, RATIS_SERVER=39773, STANDALONE=43677], networkLocation: /default-rack, certSerialId: null, persistedOpState: IN_SERVICE, persistedOpStateExpiryEpochSec: 0}, ReplicationConfig: RATIS/ONE, State:ALLOCATED, leaderId:b4139188-0655-419f-be5a-4685bfe92707, CreationTimestamp2021-09-16T12:47:02Z[Etc/UTC]] moved to OPEN state
2021-09-16 12:47:05,039 [EventQueue-OpenPipelineForHealthyPipelineSafeModeRule] INFO  safemode.SCMSafeModeManager (HealthyPipelineSafeModeRule.java:process(124)) - SCM in safe mode. Healthy pipelines reported count is 0, required healthy pipeline reported count is 1
2021-09-16 12:47:05,040 [pool-161-thread-1] INFO  server.RaftServerConfigKeys (ConfUtils.java:logGet(44)) - raft.server.log.segment.cache.num.max = 2 (custom)
2021-09-16 12:47:05,042 [pool-161-thread-1] INFO  server.RaftServerConfigKeys (ConfUtils.java:logGet(44)) - raft.server.log.segment.cache.size.max = 200MB (=209715200) (default)
2021-09-16 12:47:05,042 [pool-161-thread-1] INFO  segmented.SegmentedRaftLogWorker (SegmentedRaftLogWorker.java:<init>(182)) - new b4139188-0655-419f-be5a-4685bfe92707@group-8752E8032D1F-SegmentedRaftLogWorker for RaftStorageImpl:Storage Directory /home/runner/work/ozone/ozone/hadoop-ozone/integration-test/target/test-dir/MiniOzoneClusterImpl-babe98fd-e4a2-44a3-a902-6ec1ad6f036e/datanode-2/data/ratis/3bbdde88-8666-4dfb-b244-8752e8032d1f
2021-09-16 12:47:05,042 [pool-161-thread-1] INFO  server.RaftServerConfigKeys (ConfUtils.java:logGet(44)) - raft.server.log.queue.byte-limit = 2147483647 (custom)
2021-09-16 12:47:05,042 [pool-161-thread-1] INFO  server.RaftServerConfigKeys (ConfUtils.java:logGet(44)) - raft.server.log.queue.element-limit = 1024 (custom)
2021-09-16 12:47:05,042 [pool-161-thread-1] INFO  server.RaftServerConfigKeys (ConfUtils.java:logGet(44)) - raft.server.log.segment.size.max = 1048576 (custom)
2021-09-16 12:47:05,042 [pool-161-thread-1] INFO  server.RaftServerConfigKeys (ConfUtils.java:logGet(44)) - raft.server.log.preallocated.size = 16384 (custom)
2021-09-16 12:47:05,042 [pool-161-thread-1] INFO  server.RaftServerConfigKeys (ConfUtils.java:logGet(44)) - raft.server.log.force.sync.num = 128 (default)
2021-09-16 12:47:05,042 [pool-161-thread-1] INFO  server.RaftServerConfigKeys (ConfUtils.java:logGet(44)) - raft.server.log.statemachine.data.sync = true (default)
2021-09-16 12:47:05,043 [pool-161-thread-1] INFO  server.RaftServerConfigKeys (ConfUtils.java:logGet(44)) - raft.server.log.statemachine.data.sync.timeout = 10s (default)
2021-09-16 12:47:05,043 [pool-161-thread-1] INFO  server.RaftServerConfigKeys (ConfUtils.java:logGet(44)) - raft.server.log.statemachine.data.sync.timeout.retry = -1 (default)
2021-09-16 12:47:05,044 [pool-161-thread-1] INFO  server.RaftServerConfigKeys (ConfUtils.java:logGet(44)) - raft.server.log.write.buffer.size = 1048576 (custom)
2021-09-16 12:47:05,044 [pool-161-thread-1] INFO  server.RaftServerConfigKeys (ConfUtils.java:logGet(44)) - raft.server.log.statemachine.data.caching.enabled = true (custom)
2021-09-16 12:47:05,044 [pool-161-thread-1] INFO  segmented.SegmentedRaftLogWorker (SegmentedRaftLogWorker.java:lambda$new$0(133)) - b4139188-0655-419f-be5a-4685bfe92707@group-8752E8032D1F-SegmentedRaftLogWorker: flushIndex: setUnconditionally 0 -> -1
2021-09-16 12:47:05,044 [pool-161-thread-1] INFO  segmented.SegmentedRaftLogWorker (SegmentedRaftLogWorker.java:lambda$new$0(133)) - b4139188-0655-419f-be5a-4685bfe92707@group-8752E8032D1F-SegmentedRaftLogWorker: safeCacheEvictIndex: setUnconditionally 0 -> -1
2021-09-16 12:47:05,044 [pool-161-thread-1] INFO  server.RaftServerConfigKeys (ConfUtils.java:logGet(44)) - raft.server.snapshot.auto.trigger.enabled = true (custom)
2021-09-16 12:47:05,045 [pool-161-thread-1] INFO  server.RaftServerConfigKeys (ConfUtils.java:logGet(44)) - raft.server.snapshot.auto.trigger.threshold = 10000 (custom)
2021-09-16 12:47:05,045 [pool-161-thread-1] INFO  server.RaftServerConfigKeys (ConfUtils.java:logGet(44)) - raft.server.snapshot.retention.file.num = 5 (custom)
2021-09-16 12:47:05,045 [pool-161-thread-1] INFO  server.RaftServerConfigKeys (ConfUtils.java:logGet(44)) - raft.server.log.purge.upto.snapshot.index = false (default)
2021-09-16 12:47:05,045 [pool-161-thread-1] INFO  server.RaftServerConfigKeys (ConfUtils.java:logGet(44)) - raft.server.retrycache.expirytime = 600000ms (custom)
2021-09-16 12:47:05,045 [pool-161-thread-1] INFO  server.RaftServerConfigKeys (ConfUtils.java:logGet(44)) - raft.server.retrycache.statistics.expirytime = 100μs (default)
2021-09-16 12:47:05,047 [pool-161-thread-1] INFO  server.RaftServer$Division (RaftServerImpl.java:start(296)) - b4139188-0655-419f-be5a-4685bfe92707@group-8752E8032D1F: start as a follower, conf=-1: [b4139188-0655-419f-be5a-4685bfe92707|rpc:10.1.0.31:39773|priority:1], old=null
2021-09-16 12:47:05,047 [pool-161-thread-1] INFO  server.RaftServer$Division (RaftServerImpl.java:setRole(285)) - b4139188-0655-419f-be5a-4685bfe92707@group-8752E8032D1F: changes role from      null to FOLLOWER at term 0 for startAsFollower
2021-09-16 12:47:05,047 [pool-161-thread-1] INFO  impl.RoleInfo (RoleInfo.java:updateAndGet(130)) - b4139188-0655-419f-be5a-4685bfe92707: start b4139188-0655-419f-be5a-4685bfe92707@group-8752E8032D1F-FollowerState
2021-09-16 12:47:05,047 [pool-161-thread-1] INFO  util.JmxRegister (JmxRegister.java:tryRegister(44)) - Successfully registered JMX Bean with object name Ratis:service=RaftServer,group=group-8752E8032D1F,id=b4139188-0655-419f-be5a-4685bfe92707
2021-09-16 12:47:05,049 [Command processor thread] INFO  ratis.XceiverServerRatis (XceiverServerRatis.java:addGroup(762)) - Created group PipelineID=3bbdde88-8666-4dfb-b244-8752e8032d1f
2021-09-16 12:47:05,049 [Command processor thread] INFO  commandhandler.CreatePipelineCommandHandler (CreatePipelineCommandHandler.java:handle(106)) - Created Pipeline RATIS ONE PipelineID=3bbdde88-8666-4dfb-b244-8752e8032d1f.
2021-09-16 12:47:05,050 [Command processor thread] INFO  server.RaftServer (RaftServerProxy.java:addNew(95)) - b4139188-0655-419f-be5a-4685bfe92707: addNew group-FD5B065FBE52:[f6069d6f-2c93-4424-9b40-fa2b0879fe00|rpc:10.1.0.31:33405|priority:0, 38372db9-1534-4cf5-b428-c401e92fe9f8|rpc:10.1.0.31:34927|priority:0, b4139188-0655-419f-be5a-4685bfe92707|rpc:10.1.0.31:39773|priority:1] returns group-FD5B065FBE52:java.util.concurrent.CompletableFuture@c7a2e45[Not completed]
2021-09-16 12:47:05,051 [pool-161-thread-1] INFO  server.RaftServer$Division (RaftServerImpl.java:<init>(181)) - b4139188-0655-419f-be5a-4685bfe92707: new RaftServerImpl for group-FD5B065FBE52:[f6069d6f-2c93-4424-9b40-fa2b0879fe00|rpc:10.1.0.31:33405|priority:0, 38372db9-1534-4cf5-b428-c401e92fe9f8|rpc:10.1.0.31:34927|priority:0, b4139188-0655-419f-be5a-4685bfe92707|rpc:10.1.0.31:39773|priority:1] with ContainerStateMachine:uninitialized
2021-09-16 12:47:05,051 [pool-161-thread-1] INFO  server.RaftServerConfigKeys (ConfUtils.java:logGet(44)) - raft.server.rpc.timeout.min = 5s (custom)
2021-09-16 12:47:05,051 [pool-161-thread-1] INFO  server.RaftServerConfigKeys (ConfUtils.java:logGet(44)) - raft.server.rpc.timeout.max = 5200ms (custom)
2021-09-16 12:47:05,051 [pool-161-thread-1] INFO  server.RaftServerConfigKeys (ConfUtils.java:logGet(44)) - raft.server.rpc.sleep.time = 25ms (default)
2021-09-16 12:47:05,051 [pool-161-thread-1] INFO  server.RaftServerConfigKeys (ConfUtils.java:logGet(44)) - raft.server.rpc.slowness.timeout = 300s (custom)
2021-09-16 12:47:05,051 [pool-161-thread-1] INFO  server.RaftServerConfigKeys (ConfUtils.java:logGet(44)) - raft.server.leaderelection.leader.step-down.wait-time = 10s (default)
2021-09-16 12:47:05,051 [pool-161-thread-1] INFO  server.RaftServerConfigKeys (ConfUtils.java:logGet(44)) - raft.server.sleep.deviation.threshold = 300ms (default)
2021-09-16 12:47:05,051 [pool-161-thread-1] INFO  server.RaftServerConfigKeys (ConfUtils.java:logGet(44)) - raft.server.log.appender.install.snapshot.enabled = false (custom)
2021-09-16 12:47:05,052 [pool-161-thread-1] INFO  server.RaftServer$Division (ServerState.java:<init>(105)) - b4139188-0655-419f-be5a-4685bfe92707@group-FD5B065FBE52: ConfigurationManager, init=-1: [f6069d6f-2c93-4424-9b40-fa2b0879fe00|rpc:10.1.0.31:33405|priority:0, 38372db9-1534-4cf5-b428-c401e92fe9f8|rpc:10.1.0.31:34927|priority:0, b4139188-0655-419f-be5a-4685bfe92707|rpc:10.1.0.31:39773|priority:1], old=null, confs=<EMPTY_MAP>
2021-09-16 12:47:05,052 [pool-161-thread-1] INFO  server.RaftServerConfigKeys (ConfUtils.java:logGet(44)) - raft.server.storage.dir = [/home/runner/work/ozone/ozone/hadoop-ozone/integration-test/target/test-dir/MiniOzoneClusterImpl-babe98fd-e4a2-44a3-a902-6ec1ad6f036e/datanode-2/data/ratis] (custom)
2021-09-16 12:47:05,052 [pool-161-thread-1] INFO  server.RaftServerConfigKeys (ConfUtils.java:logGet(44)) - raft.server.log.corruption.policy = EXCEPTION (default)
2021-09-16 12:47:05,052 [pool-161-thread-1] INFO  server.RaftServerConfigKeys (ConfUtils.java:logGet(44)) - raft.server.storage.free-space.min = 0MB (=0) (default)
2021-09-16 12:47:05,052 [pool-161-thread-1] INFO  storage.RaftStorageDirectory (RaftStorageDirectoryImpl.java:analyzeStorage(135)) - The storage directory /home/runner/work/ozone/ozone/hadoop-ozone/integration-test/target/test-dir/MiniOzoneClusterImpl-babe98fd-e4a2-44a3-a902-6ec1ad6f036e/datanode-2/data/ratis/af5657be-acc9-4691-9d03-fd5b065fbe52 does not exist. Creating ...
2021-09-16 12:47:05,054 [pool-161-thread-1] INFO  storage.RaftStorageDirectory (RaftStorageDirectoryImpl.java:tryLock(230)) - Lock on /home/runner/work/ozone/ozone/hadoop-ozone/integration-test/target/test-dir/MiniOzoneClusterImpl-babe98fd-e4a2-44a3-a902-6ec1ad6f036e/datanode-2/data/ratis/af5657be-acc9-4691-9d03-fd5b065fbe52/in_use.lock acquired by nodename 14711@fv-az148-673
2021-09-16 12:47:05,057 [pool-161-thread-1] INFO  storage.RaftStorage (RaftStorageImpl.java:format(89)) - Storage directory /home/runner/work/ozone/ozone/hadoop-ozone/integration-test/target/test-dir/MiniOzoneClusterImpl-babe98fd-e4a2-44a3-a902-6ec1ad6f036e/datanode-2/data/ratis/af5657be-acc9-4691-9d03-fd5b065fbe52 has been successfully formatted.
2021-09-16 12:47:05,058 [pool-161-thread-1] INFO  ratis.ContainerStateMachine (ContainerStateMachine.java:loadSnapshot(224)) - group-FD5B065FBE52: The snapshot info is null. Setting the last applied indexto:(t:0, i:~)
2021-09-16 12:47:05,058 [pool-161-thread-1] INFO  server.RaftServerConfigKeys (ConfUtils.java:logGet(44)) - raft.server.notification.no-leader.timeout = 300s (custom)
2021-09-16 12:47:05,058 [Datanode State Machine Thread - 0] WARN  statemachine.StateContext (StateContext.java:execute(621)) - No available thread in pool for past 1 seconds.
2021-09-16 12:47:05,058 [pool-161-thread-1] INFO  server.RaftServerConfigKeys (ConfUtils.java:logGet(44)) - raft.server.log.use.memory = false (default)
2021-09-16 12:47:05,060 [EventQueue-OpenPipelineForHealthyPipelineSafeModeRule] INFO  safemode.SCMSafeModeManager (HealthyPipelineSafeModeRule.java:process(124)) - SCM in safe mode. Healthy pipelines reported count is 0, required healthy pipeline reported count is 1
2021-09-16 12:47:05,061 [pool-161-thread-1] INFO  server.RaftServerConfigKeys (ConfUtils.java:logGet(44)) - raft.server.log.purge.gap = 1000000 (custom)
2021-09-16 12:47:05,061 [pool-161-thread-1] INFO  server.RaftServerConfigKeys (ConfUtils.java:logGet(44)) - raft.server.log.appender.buffer.byte-limit = 33554432 (custom)
2021-09-16 12:47:05,062 [pool-161-thread-1] INFO  server.RaftServerConfigKeys (ConfUtils.java:logGet(44)) - raft.server.log.segment.size.max = 1048576 (custom)
2021-09-16 12:47:05,062 [pool-161-thread-1] INFO  server.RaftServerConfigKeys (ConfUtils.java:logGet(44)) - raft.server.log.segment.cache.num.max = 2 (custom)
2021-09-16 12:47:05,062 [pool-161-thread-1] INFO  server.RaftServerConfigKeys (ConfUtils.java:logGet(44)) - raft.server.log.segment.cache.size.max = 200MB (=209715200) (default)
2021-09-16 12:47:05,062 [pool-161-thread-1] INFO  segmented.SegmentedRaftLogWorker (SegmentedRaftLogWorker.java:<init>(182)) - new b4139188-0655-419f-be5a-4685bfe92707@group-FD5B065FBE52-SegmentedRaftLogWorker for RaftStorageImpl:Storage Directory /home/runner/work/ozone/ozone/hadoop-ozone/integration-test/target/test-dir/MiniOzoneClusterImpl-babe98fd-e4a2-44a3-a902-6ec1ad6f036e/datanode-2/data/ratis/af5657be-acc9-4691-9d03-fd5b065fbe52
2021-09-16 12:47:05,062 [pool-161-thread-1] INFO  server.RaftServerConfigKeys (ConfUtils.java:logGet(44)) - raft.server.log.queue.byte-limit = 2147483647 (custom)
2021-09-16 12:47:05,062 [pool-161-thread-1] INFO  server.RaftServerConfigKeys (ConfUtils.java:logGet(44)) - raft.server.log.queue.element-limit = 1024 (custom)
2021-09-16 12:47:05,063 [pool-161-thread-1] INFO  server.RaftServerConfigKeys (ConfUtils.java:logGet(44)) - raft.server.log.segment.size.max = 1048576 (custom)
2021-09-16 12:47:05,063 [pool-161-thread-1] INFO  server.RaftServerConfigKeys (ConfUtils.java:logGet(44)) - raft.server.log.preallocated.size = 16384 (custom)
2021-09-16 12:47:05,063 [pool-161-thread-1] INFO  server.RaftServerConfigKeys (ConfUtils.java:logGet(44)) - raft.server.log.force.sync.num = 128 (default)
2021-09-16 12:47:05,063 [pool-161-thread-1] INFO  server.RaftServerConfigKeys (ConfUtils.java:logGet(44)) - raft.server.log.statemachine.data.sync = true (default)
2021-09-16 12:47:05,063 [pool-161-thread-1] INFO  server.RaftServerConfigKeys (ConfUtils.java:logGet(44)) - raft.server.log.statemachine.data.sync.timeout = 10s (default)
2021-09-16 12:47:05,063 [pool-161-thread-1] INFO  server.RaftServerConfigKeys (ConfUtils.java:logGet(44)) - raft.server.log.statemachine.data.sync.timeout.retry = -1 (default)
2021-09-16 12:47:05,072 [pool-161-thread-1] INFO  server.RaftServerConfigKeys (ConfUtils.java:logGet(44)) - raft.server.log.write.buffer.size = 1048576 (custom)
2021-09-16 12:47:05,072 [pool-161-thread-1] INFO  server.RaftServerConfigKeys (ConfUtils.java:logGet(44)) - raft.server.log.statemachine.data.caching.enabled = true (custom)
2021-09-16 12:47:05,073 [pool-161-thread-1] INFO  segmented.SegmentedRaftLogWorker (SegmentedRaftLogWorker.java:lambda$new$0(133)) - b4139188-0655-419f-be5a-4685bfe92707@group-FD5B065FBE52-SegmentedRaftLogWorker: flushIndex: setUnconditionally 0 -> -1
2021-09-16 12:47:05,073 [pool-161-thread-1] INFO  segmented.SegmentedRaftLogWorker (SegmentedRaftLogWorker.java:lambda$new$0(133)) - b4139188-0655-419f-be5a-4685bfe92707@group-FD5B065FBE52-SegmentedRaftLogWorker: safeCacheEvictIndex: setUnconditionally 0 -> -1
2021-09-16 12:47:05,101 [pool-161-thread-1] INFO  server.RaftServerConfigKeys (ConfUtils.java:logGet(44)) - raft.server.snapshot.auto.trigger.enabled = true (custom)
2021-09-16 12:47:05,101 [pool-161-thread-1] INFO  server.RaftServerConfigKeys (ConfUtils.java:logGet(44)) - raft.server.snapshot.auto.trigger.threshold = 10000 (custom)
2021-09-16 12:47:05,101 [pool-161-thread-1] INFO  server.RaftServerConfigKeys (ConfUtils.java:logGet(44)) - raft.server.snapshot.retention.file.num = 5 (custom)
2021-09-16 12:47:05,101 [pool-161-thread-1] INFO  server.RaftServerConfigKeys (ConfUtils.java:logGet(44)) - raft.server.log.purge.upto.snapshot.index = false (default)
2021-09-16 12:47:05,101 [pool-161-thread-1] INFO  server.RaftServerConfigKeys (ConfUtils.java:logGet(44)) - raft.server.retrycache.expirytime = 600000ms (custom)
2021-09-16 12:47:05,101 [pool-161-thread-1] INFO  server.RaftServerConfigKeys (ConfUtils.java:logGet(44)) - raft.server.retrycache.statistics.expirytime = 100μs (default)
2021-09-16 12:47:05,103 [pool-161-thread-1] INFO  server.RaftServer$Division (RaftServerImpl.java:start(296)) - b4139188-0655-419f-be5a-4685bfe92707@group-FD5B065FBE52: start as a follower, conf=-1: [f6069d6f-2c93-4424-9b40-fa2b0879fe00|rpc:10.1.0.31:33405|priority:0, 38372db9-1534-4cf5-b428-c401e92fe9f8|rpc:10.1.0.31:34927|priority:0, b4139188-0655-419f-be5a-4685bfe92707|rpc:10.1.0.31:39773|priority:1], old=null
2021-09-16 12:47:05,103 [pool-161-thread-1] INFO  server.RaftServer$Division (RaftServerImpl.java:setRole(285)) - b4139188-0655-419f-be5a-4685bfe92707@group-FD5B065FBE52: changes role from      null to FOLLOWER at term 0 for startAsFollower
2021-09-16 12:47:05,103 [pool-161-thread-1] INFO  impl.RoleInfo (RoleInfo.java:updateAndGet(130)) - b4139188-0655-419f-be5a-4685bfe92707: start b4139188-0655-419f-be5a-4685bfe92707@group-FD5B065FBE52-FollowerState
2021-09-16 12:47:05,106 [pool-161-thread-1] INFO  util.JmxRegister (JmxRegister.java:tryRegister(44)) - Successfully registered JMX Bean with object name Ratis:service=RaftServer,group=group-FD5B065FBE52,id=b4139188-0655-419f-be5a-4685bfe92707
2021-09-16 12:47:05,107 [Command processor thread] INFO  ratis.XceiverServerRatis (XceiverServerRatis.java:addGroup(762)) - Created group PipelineID=af5657be-acc9-4691-9d03-fd5b065fbe52
2021-09-16 12:47:05,457 [Command processor thread] INFO  commandhandler.CreatePipelineCommandHandler (CreatePipelineCommandHandler.java:handle(106)) - Created Pipeline RATIS THREE PipelineID=af5657be-acc9-4691-9d03-fd5b065fbe52.
2021-09-16 12:47:05,476 [Command processor thread] INFO  commandhandler.CreatePipelineCommandHandler (CreatePipelineCommandHandler.java:handle(106)) - Created Pipeline RATIS THREE PipelineID=af5657be-acc9-4691-9d03-fd5b065fbe52.
2021-09-16 12:47:05,477 [Command processor thread] INFO  commandhandler.CreatePipelineCommandHandler (CreatePipelineCommandHandler.java:handle(106)) - Created Pipeline RATIS THREE PipelineID=af5657be-acc9-4691-9d03-fd5b065fbe52.
2021-09-16 12:47:05,977 [Listener at 127.0.0.1/43521] INFO  ozone.MiniOzoneClusterImpl (MiniOzoneClusterImpl.java:lambda$waitForClusterToBeReady$0(235)) - Nodes are ready. Got 3 of 3 DN Heartbeats.
2021-09-16 12:47:05,977 [Listener at 127.0.0.1/43521] INFO  ozone.MiniOzoneClusterImpl (MiniOzoneClusterImpl.java:lambda$waitForClusterToBeReady$0(238)) - Waiting for cluster to exit safe mode
2021-09-16 12:47:05,977 [Listener at 127.0.0.1/43521] INFO  ozone.MiniOzoneClusterImpl (MiniOzoneClusterImpl.java:lambda$waitForClusterToBeReady$0(240)) - SCM became leader
2021-09-16 12:47:06,977 [Listener at 127.0.0.1/43521] INFO  ozone.MiniOzoneClusterImpl (MiniOzoneClusterImpl.java:lambda$waitForClusterToBeReady$0(235)) - Nodes are ready. Got 3 of 3 DN Heartbeats.
2021-09-16 12:47:06,978 [Listener at 127.0.0.1/43521] INFO  ozone.MiniOzoneClusterImpl (MiniOzoneClusterImpl.java:lambda$waitForClusterToBeReady$0(238)) - Waiting for cluster to exit safe mode
2021-09-16 12:47:06,978 [Listener at 127.0.0.1/43521] INFO  ozone.MiniOzoneClusterImpl (MiniOzoneClusterImpl.java:lambda$waitForClusterToBeReady$0(240)) - SCM became leader
2021-09-16 12:47:07,978 [Listener at 127.0.0.1/43521] INFO  ozone.MiniOzoneClusterImpl (MiniOzoneClusterImpl.java:lambda$waitForClusterToBeReady$0(235)) - Nodes are ready. Got 3 of 3 DN Heartbeats.
2021-09-16 12:47:07,978 [Listener at 127.0.0.1/43521] INFO  ozone.MiniOzoneClusterImpl (MiniOzoneClusterImpl.java:lambda$waitForClusterToBeReady$0(238)) - Waiting for cluster to exit safe mode
2021-09-16 12:47:07,978 [Listener at 127.0.0.1/43521] INFO  ozone.MiniOzoneClusterImpl (MiniOzoneClusterImpl.java:lambda$waitForClusterToBeReady$0(240)) - SCM became leader
2021-09-16 12:47:08,978 [Listener at 127.0.0.1/43521] INFO  ozone.MiniOzoneClusterImpl (MiniOzoneClusterImpl.java:lambda$waitForClusterToBeReady$0(235)) - Nodes are ready. Got 3 of 3 DN Heartbeats.
2021-09-16 12:47:08,979 [Listener at 127.0.0.1/43521] INFO  ozone.MiniOzoneClusterImpl (MiniOzoneClusterImpl.java:lambda$waitForClusterToBeReady$0(238)) - Waiting for cluster to exit safe mode
2021-09-16 12:47:08,979 [Listener at 127.0.0.1/43521] INFO  ozone.MiniOzoneClusterImpl (MiniOzoneClusterImpl.java:lambda$waitForClusterToBeReady$0(240)) - SCM became leader
2021-09-16 12:47:09,494 [f6069d6f-2c93-4424-9b40-fa2b0879fe00@group-FD5B065FBE52-FollowerState] INFO  impl.FollowerState (FollowerState.java:run(134)) - f6069d6f-2c93-4424-9b40-fa2b0879fe00@group-FD5B065FBE52-FollowerState: change to CANDIDATE, lastRpcElapsedTime:5029908560ns, electionTimeout:5028ms
2021-09-16 12:47:09,494 [f6069d6f-2c93-4424-9b40-fa2b0879fe00@group-FD5B065FBE52-FollowerState] INFO  impl.RoleInfo (RoleInfo.java:shutdownFollowerState(108)) - f6069d6f-2c93-4424-9b40-fa2b0879fe00: shutdown f6069d6f-2c93-4424-9b40-fa2b0879fe00@group-FD5B065FBE52-FollowerState
2021-09-16 12:47:09,494 [f6069d6f-2c93-4424-9b40-fa2b0879fe00@group-FD5B065FBE52-FollowerState] INFO  server.RaftServer$Division (RaftServerImpl.java:setRole(285)) - f6069d6f-2c93-4424-9b40-fa2b0879fe00@group-FD5B065FBE52: changes role from  FOLLOWER to CANDIDATE at term 0 for changeToCandidate
2021-09-16 12:47:09,494 [f6069d6f-2c93-4424-9b40-fa2b0879fe00@group-FD5B065FBE52-FollowerState] INFO  server.RaftServerConfigKeys (ConfUtils.java:logGet(44)) - raft.server.leaderelection.pre-vote = false (custom)
2021-09-16 12:47:09,494 [f6069d6f-2c93-4424-9b40-fa2b0879fe00@group-FD5B065FBE52-FollowerState] INFO  impl.RoleInfo (RoleInfo.java:updateAndGet(130)) - f6069d6f-2c93-4424-9b40-fa2b0879fe00: start f6069d6f-2c93-4424-9b40-fa2b0879fe00@group-FD5B065FBE52-LeaderElection4
2021-09-16 12:47:09,506 [f6069d6f-2c93-4424-9b40-fa2b0879fe00@group-FD5B065FBE52-LeaderElection4] INFO  impl.LeaderElection (LeaderElection.java:askForVotes(306)) - f6069d6f-2c93-4424-9b40-fa2b0879fe00@group-FD5B065FBE52-LeaderElection4 ELECTION round 0: submit vote requests at term 1 for -1: [f6069d6f-2c93-4424-9b40-fa2b0879fe00|rpc:10.1.0.31:33405|priority:0, 38372db9-1534-4cf5-b428-c401e92fe9f8|rpc:10.1.0.31:34927|priority:0, b4139188-0655-419f-be5a-4685bfe92707|rpc:10.1.0.31:39773|priority:1], old=null
2021-09-16 12:47:09,540 [grpc-default-executor-0] INFO  server.RaftServer$Division (RaftServerImpl.java:requestVote(1043)) - b4139188-0655-419f-be5a-4685bfe92707@group-FD5B065FBE52: receive requestVote(ELECTION, f6069d6f-2c93-4424-9b40-fa2b0879fe00, group-FD5B065FBE52, 1, (t:0, i:0))
2021-09-16 12:47:09,542 [grpc-default-executor-0] INFO  impl.VoteContext (VoteContext.java:log(48)) - b4139188-0655-419f-be5a-4685bfe92707@group-FD5B065FBE52-FOLLOWER: reject ELECTION from f6069d6f-2c93-4424-9b40-fa2b0879fe00: our priority 1 > candidate's priority 0
2021-09-16 12:47:09,543 [grpc-default-executor-0] INFO  server.RaftServer$Division (RaftServerImpl.java:setRole(285)) - b4139188-0655-419f-be5a-4685bfe92707@group-FD5B065FBE52: changes role from  FOLLOWER to FOLLOWER at term 1 for candidate:f6069d6f-2c93-4424-9b40-fa2b0879fe00
2021-09-16 12:47:09,543 [grpc-default-executor-0] INFO  impl.RoleInfo (RoleInfo.java:shutdownFollowerState(108)) - b4139188-0655-419f-be5a-4685bfe92707: shutdown b4139188-0655-419f-be5a-4685bfe92707@group-FD5B065FBE52-FollowerState
2021-09-16 12:47:09,543 [grpc-default-executor-0] INFO  impl.RoleInfo (RoleInfo.java:updateAndGet(130)) - b4139188-0655-419f-be5a-4685bfe92707: start b4139188-0655-419f-be5a-4685bfe92707@group-FD5B065FBE52-FollowerState
2021-09-16 12:47:09,544 [b4139188-0655-419f-be5a-4685bfe92707@group-FD5B065FBE52-FollowerState] INFO  impl.FollowerState (FollowerState.java:run(143)) - b4139188-0655-419f-be5a-4685bfe92707@group-FD5B065FBE52-FollowerState was interrupted: {}
java.lang.InterruptedException: sleep interrupted
	at java.lang.Thread.sleep(Native Method)
	at java.lang.Thread.sleep(Thread.java:340)
	at java.util.concurrent.TimeUnit.sleep(TimeUnit.java:386)
	at org.apache.ratis.util.TimeDuration.sleep(TimeDuration.java:324)
	at org.apache.ratis.util.TimeDuration.sleep(TimeDuration.java:309)
	at org.apache.ratis.server.impl.FollowerState.run(FollowerState.java:118)
2021-09-16 12:47:09,544 [grpc-default-executor-2] INFO  server.RaftServer$Division (RaftServerImpl.java:requestVote(1043)) - 38372db9-1534-4cf5-b428-c401e92fe9f8@group-FD5B065FBE52: receive requestVote(ELECTION, f6069d6f-2c93-4424-9b40-fa2b0879fe00, group-FD5B065FBE52, 1, (t:0, i:0))
2021-09-16 12:47:09,549 [grpc-default-executor-2] INFO  impl.VoteContext (VoteContext.java:log(48)) - 38372db9-1534-4cf5-b428-c401e92fe9f8@group-FD5B065FBE52-FOLLOWER: accept ELECTION from f6069d6f-2c93-4424-9b40-fa2b0879fe00: our priority 0 <= candidate's priority 0
2021-09-16 12:47:09,564 [grpc-default-executor-2] INFO  server.RaftServer$Division (RaftServerImpl.java:setRole(285)) - 38372db9-1534-4cf5-b428-c401e92fe9f8@group-FD5B065FBE52: changes role from  FOLLOWER to FOLLOWER at term 1 for candidate:f6069d6f-2c93-4424-9b40-fa2b0879fe00
2021-09-16 12:47:09,564 [grpc-default-executor-2] INFO  impl.RoleInfo (RoleInfo.java:shutdownFollowerState(108)) - 38372db9-1534-4cf5-b428-c401e92fe9f8: shutdown 38372db9-1534-4cf5-b428-c401e92fe9f8@group-FD5B065FBE52-FollowerState
2021-09-16 12:47:09,564 [grpc-default-executor-2] INFO  impl.RoleInfo (RoleInfo.java:updateAndGet(130)) - 38372db9-1534-4cf5-b428-c401e92fe9f8: start 38372db9-1534-4cf5-b428-c401e92fe9f8@group-FD5B065FBE52-FollowerState
2021-09-16 12:47:09,564 [38372db9-1534-4cf5-b428-c401e92fe9f8@group-FD5B065FBE52-FollowerState] INFO  impl.FollowerState (FollowerState.java:run(143)) - 38372db9-1534-4cf5-b428-c401e92fe9f8@group-FD5B065FBE52-FollowerState was interrupted: {}
java.lang.InterruptedException: sleep interrupted
	at java.lang.Thread.sleep(Native Method)
	at java.lang.Thread.sleep(Thread.java:340)
	at java.util.concurrent.TimeUnit.sleep(TimeUnit.java:386)
	at org.apache.ratis.util.TimeDuration.sleep(TimeDuration.java:324)
	at org.apache.ratis.util.TimeDuration.sleep(TimeDuration.java:309)
	at org.apache.ratis.server.impl.FollowerState.run(FollowerState.java:118)
2021-09-16 12:47:09,570 [grpc-default-executor-2] INFO  server.RaftServer$Division (RaftServerImpl.java:requestVote(1075)) - 38372db9-1534-4cf5-b428-c401e92fe9f8@group-FD5B065FBE52 replies to ELECTION vote request: f6069d6f-2c93-4424-9b40-fa2b0879fe00<-38372db9-1534-4cf5-b428-c401e92fe9f8#0:OK-t1. Peer's state: 38372db9-1534-4cf5-b428-c401e92fe9f8@group-FD5B065FBE52:t1, leader=null, voted=f6069d6f-2c93-4424-9b40-fa2b0879fe00, raftlog=38372db9-1534-4cf5-b428-c401e92fe9f8@group-FD5B065FBE52-SegmentedRaftLog:OPENED:c-1,f-1,i0, conf=-1: [f6069d6f-2c93-4424-9b40-fa2b0879fe00|rpc:10.1.0.31:33405|priority:0, 38372db9-1534-4cf5-b428-c401e92fe9f8|rpc:10.1.0.31:34927|priority:0, b4139188-0655-419f-be5a-4685bfe92707|rpc:10.1.0.31:39773|priority:1], old=null
2021-09-16 12:47:09,570 [grpc-default-executor-0] INFO  server.RaftServer$Division (RaftServerImpl.java:requestVote(1075)) - b4139188-0655-419f-be5a-4685bfe92707@group-FD5B065FBE52 replies to ELECTION vote request: f6069d6f-2c93-4424-9b40-fa2b0879fe00<-b4139188-0655-419f-be5a-4685bfe92707#0:FAIL-t1. Peer's state: b4139188-0655-419f-be5a-4685bfe92707@group-FD5B065FBE52:t1, leader=null, voted=null, raftlog=b4139188-0655-419f-be5a-4685bfe92707@group-FD5B065FBE52-SegmentedRaftLog:OPENED:c-1,f-1,i0, conf=-1: [f6069d6f-2c93-4424-9b40-fa2b0879fe00|rpc:10.1.0.31:33405|priority:0, 38372db9-1534-4cf5-b428-c401e92fe9f8|rpc:10.1.0.31:34927|priority:0, b4139188-0655-419f-be5a-4685bfe92707|rpc:10.1.0.31:39773|priority:1], old=null
2021-09-16 12:47:09,581 [f6069d6f-2c93-4424-9b40-fa2b0879fe00@group-FD5B065FBE52-LeaderElection4] INFO  impl.LeaderElection (LeaderElection.java:logAndReturn(89)) - f6069d6f-2c93-4424-9b40-fa2b0879fe00@group-FD5B065FBE52-LeaderElection4: ELECTION REJECTED received 1 response(s) and 0 exception(s):
2021-09-16 12:47:09,588 [f6069d6f-2c93-4424-9b40-fa2b0879fe00@group-FD5B065FBE52-LeaderElection4] INFO  impl.LeaderElection (LeaderElection.java:logAndReturn(93)) -   Response 0: f6069d6f-2c93-4424-9b40-fa2b0879fe00<-b4139188-0655-419f-be5a-4685bfe92707#0:FAIL-t1
2021-09-16 12:47:09,588 [f6069d6f-2c93-4424-9b40-fa2b0879fe00@group-FD5B065FBE52-LeaderElection4] INFO  impl.LeaderElection (LeaderElection.java:askForVotes(308)) - f6069d6f-2c93-4424-9b40-fa2b0879fe00@group-FD5B065FBE52-LeaderElection4 ELECTION round 0: result REJECTED
2021-09-16 12:47:09,592 [f6069d6f-2c93-4424-9b40-fa2b0879fe00@group-FD5B065FBE52-LeaderElection4] INFO  server.RaftServer$Division (RaftServerImpl.java:setRole(285)) - f6069d6f-2c93-4424-9b40-fa2b0879fe00@group-FD5B065FBE52: changes role from CANDIDATE to FOLLOWER at term 1 for REJECTED
2021-09-16 12:47:09,592 [f6069d6f-2c93-4424-9b40-fa2b0879fe00@group-FD5B065FBE52-LeaderElection4] INFO  impl.RoleInfo (RoleInfo.java:shutdownLeaderElection(121)) - f6069d6f-2c93-4424-9b40-fa2b0879fe00: shutdown f6069d6f-2c93-4424-9b40-fa2b0879fe00@group-FD5B065FBE52-LeaderElection4
2021-09-16 12:47:09,592 [f6069d6f-2c93-4424-9b40-fa2b0879fe00@group-FD5B065FBE52-LeaderElection4] INFO  impl.RoleInfo (RoleInfo.java:updateAndGet(130)) - f6069d6f-2c93-4424-9b40-fa2b0879fe00: start f6069d6f-2c93-4424-9b40-fa2b0879fe00@group-FD5B065FBE52-FollowerState
2021-09-16 12:47:09,598 [f6069d6f-2c93-4424-9b40-fa2b0879fe00@group-D7C6656D3447-FollowerState] INFO  impl.FollowerState (FollowerState.java:run(134)) - f6069d6f-2c93-4424-9b40-fa2b0879fe00@group-D7C6656D3447-FollowerState: change to CANDIDATE, lastRpcElapsedTime:5183040233ns, electionTimeout:5177ms
2021-09-16 12:47:09,599 [f6069d6f-2c93-4424-9b40-fa2b0879fe00@group-D7C6656D3447-FollowerState] INFO  impl.RoleInfo (RoleInfo.java:shutdownFollowerState(108)) - f6069d6f-2c93-4424-9b40-fa2b0879fe00: shutdown f6069d6f-2c93-4424-9b40-fa2b0879fe00@group-D7C6656D3447-FollowerState
2021-09-16 12:47:09,599 [f6069d6f-2c93-4424-9b40-fa2b0879fe00@group-D7C6656D3447-FollowerState] INFO  server.RaftServer$Division (RaftServerImpl.java:setRole(285)) - f6069d6f-2c93-4424-9b40-fa2b0879fe00@group-D7C6656D3447: changes role from  FOLLOWER to CANDIDATE at term 0 for changeToCandidate
2021-09-16 12:47:09,599 [f6069d6f-2c93-4424-9b40-fa2b0879fe00@group-D7C6656D3447-FollowerState] INFO  server.RaftServerConfigKeys (ConfUtils.java:logGet(44)) - raft.server.leaderelection.pre-vote = false (custom)
2021-09-16 12:47:09,599 [f6069d6f-2c93-4424-9b40-fa2b0879fe00@group-D7C6656D3447-FollowerState] INFO  impl.RoleInfo (RoleInfo.java:updateAndGet(130)) - f6069d6f-2c93-4424-9b40-fa2b0879fe00: start f6069d6f-2c93-4424-9b40-fa2b0879fe00@group-D7C6656D3447-LeaderElection5
2021-09-16 12:47:09,611 [f6069d6f-2c93-4424-9b40-fa2b0879fe00@group-D7C6656D3447-LeaderElection5] INFO  impl.LeaderElection (LeaderElection.java:askForVotes(306)) - f6069d6f-2c93-4424-9b40-fa2b0879fe00@group-D7C6656D3447-LeaderElection5 ELECTION round 0: submit vote requests at term 1 for -1: [f6069d6f-2c93-4424-9b40-fa2b0879fe00|rpc:10.1.0.31:33405|priority:1], old=null
2021-09-16 12:47:09,611 [f6069d6f-2c93-4424-9b40-fa2b0879fe00@group-D7C6656D3447-LeaderElection5] INFO  impl.LeaderElection (LeaderElection.java:askForVotes(308)) - f6069d6f-2c93-4424-9b40-fa2b0879fe00@group-D7C6656D3447-LeaderElection5 ELECTION round 0: result PASSED (term=1)
2021-09-16 12:47:09,611 [f6069d6f-2c93-4424-9b40-fa2b0879fe00@group-D7C6656D3447-LeaderElection5] INFO  impl.RoleInfo (RoleInfo.java:shutdownLeaderElection(121)) - f6069d6f-2c93-4424-9b40-fa2b0879fe00: shutdown f6069d6f-2c93-4424-9b40-fa2b0879fe00@group-D7C6656D3447-LeaderElection5
2021-09-16 12:47:09,611 [f6069d6f-2c93-4424-9b40-fa2b0879fe00@group-D7C6656D3447-LeaderElection5] INFO  server.RaftServer$Division (RaftServerImpl.java:setRole(285)) - f6069d6f-2c93-4424-9b40-fa2b0879fe00@group-D7C6656D3447: changes role from CANDIDATE to LEADER at term 1 for changeToLeader
2021-09-16 12:47:09,611 [f6069d6f-2c93-4424-9b40-fa2b0879fe00@group-D7C6656D3447-LeaderElection5] INFO  ratis.XceiverServerRatis (XceiverServerRatis.java:handleLeaderChangedNotification(860)) - Leader change notification received for group: group-D7C6656D3447 with new leaderId: f6069d6f-2c93-4424-9b40-fa2b0879fe00
2021-09-16 12:47:09,611 [f6069d6f-2c93-4424-9b40-fa2b0879fe00@group-D7C6656D3447-LeaderElection5] INFO  server.RaftServer$Division (ServerState.java:setLeader(285)) - f6069d6f-2c93-4424-9b40-fa2b0879fe00@group-D7C6656D3447: change Leader from null to f6069d6f-2c93-4424-9b40-fa2b0879fe00 at term 1 for becomeLeader, leader elected after 5218ms
2021-09-16 12:47:09,611 [f6069d6f-2c93-4424-9b40-fa2b0879fe00@group-D7C6656D3447-LeaderElection5] INFO  server.RaftServerConfigKeys (ConfUtils.java:logGet(44)) - raft.server.staging.catchup.gap = 1000 (default)
2021-09-16 12:47:09,612 [Datanode State Machine Thread - 0] WARN  statemachine.StateContext (StateContext.java:execute(621)) - No available thread in pool for past 1 seconds.
2021-09-16 12:47:09,612 [f6069d6f-2c93-4424-9b40-fa2b0879fe00@group-D7C6656D3447-LeaderElection5] INFO  server.RaftServerConfigKeys (ConfUtils.java:logGet(44)) - raft.server.write.element-limit = 1024 (custom)
2021-09-16 12:47:09,612 [f6069d6f-2c93-4424-9b40-fa2b0879fe00@group-D7C6656D3447-LeaderElection5] INFO  server.RaftServerConfigKeys (ConfUtils.java:logGet(44)) - raft.server.write.byte-limit = 1024 M (=1073741824) (custom)
2021-09-16 12:47:09,613 [f6069d6f-2c93-4424-9b40-fa2b0879fe00@group-D7C6656D3447-LeaderElection5] INFO  server.RaftServerConfigKeys (ConfUtils.java:logGet(44)) - raft.server.watch.timeout = 180s (custom)
2021-09-16 12:47:09,613 [f6069d6f-2c93-4424-9b40-fa2b0879fe00@group-D7C6656D3447-LeaderElection5] INFO  server.RaftServerConfigKeys (ConfUtils.java:logGet(44)) - raft.server.watch.timeout.denomination = 1s (default)
2021-09-16 12:47:09,613 [f6069d6f-2c93-4424-9b40-fa2b0879fe00@group-D7C6656D3447-LeaderElection5] INFO  server.RaftServerConfigKeys (ConfUtils.java:logGet(44)) - raft.server.watch.element-limit = 65536 (default)
2021-09-16 12:47:09,613 [f6069d6f-2c93-4424-9b40-fa2b0879fe00@group-D7C6656D3447-LeaderElection5] INFO  impl.RoleInfo (RoleInfo.java:updateAndGet(130)) - f6069d6f-2c93-4424-9b40-fa2b0879fe00: start f6069d6f-2c93-4424-9b40-fa2b0879fe00@group-D7C6656D3447-LeaderStateImpl
2021-09-16 12:47:09,613 [f6069d6f-2c93-4424-9b40-fa2b0879fe00@group-D7C6656D3447-LeaderElection5] INFO  segmented.SegmentedRaftLogWorker (SegmentedRaftLogWorker.java:startLogSegment(394)) - f6069d6f-2c93-4424-9b40-fa2b0879fe00@group-D7C6656D3447-SegmentedRaftLogWorker: Starting segment from index:0
2021-09-16 12:47:09,613 [EventQueue-OpenPipelineForHealthyPipelineSafeModeRule] INFO  safemode.SCMSafeModeManager (HealthyPipelineSafeModeRule.java:process(124)) - SCM in safe mode. Healthy pipelines reported count is 0, required healthy pipeline reported count is 1
2021-09-16 12:47:09,616 [f6069d6f-2c93-4424-9b40-fa2b0879fe00@group-D7C6656D3447-SegmentedRaftLogWorker] INFO  segmented.SegmentedRaftLogWorker (SegmentedRaftLogWorker.java:execute(601)) - f6069d6f-2c93-4424-9b40-fa2b0879fe00@group-D7C6656D3447-SegmentedRaftLogWorker: created new log segment /home/runner/work/ozone/ozone/hadoop-ozone/integration-test/target/test-dir/MiniOzoneClusterImpl-babe98fd-e4a2-44a3-a902-6ec1ad6f036e/datanode-0/data/ratis/b0f18e3c-1723-4024-a327-d7c6656d3447/current/log_inprogress_0
2021-09-16 12:47:09,617 [f6069d6f-2c93-4424-9b40-fa2b0879fe00@group-D7C6656D3447-LeaderElection5] INFO  server.RaftServer$Division (ServerState.java:setRaftConf(387)) - f6069d6f-2c93-4424-9b40-fa2b0879fe00@group-D7C6656D3447: set configuration 0: [f6069d6f-2c93-4424-9b40-fa2b0879fe00|rpc:10.1.0.31:33405|dataStream:|priority:1], old=null
2021-09-16 12:47:09,703 [38372db9-1534-4cf5-b428-c401e92fe9f8@group-D936571EF932-FollowerState] INFO  impl.FollowerState (FollowerState.java:run(134)) - 38372db9-1534-4cf5-b428-c401e92fe9f8@group-D936571EF932-FollowerState: change to CANDIDATE, lastRpcElapsedTime:5021240858ns, electionTimeout:5020ms
2021-09-16 12:47:09,703 [38372db9-1534-4cf5-b428-c401e92fe9f8@group-D936571EF932-FollowerState] INFO  impl.RoleInfo (RoleInfo.java:shutdownFollowerState(108)) - 38372db9-1534-4cf5-b428-c401e92fe9f8: shutdown 38372db9-1534-4cf5-b428-c401e92fe9f8@group-D936571EF932-FollowerState
2021-09-16 12:47:09,704 [38372db9-1534-4cf5-b428-c401e92fe9f8@group-D936571EF932-FollowerState] INFO  server.RaftServer$Division (RaftServerImpl.java:setRole(285)) - 38372db9-1534-4cf5-b428-c401e92fe9f8@group-D936571EF932: changes role from  FOLLOWER to CANDIDATE at term 0 for changeToCandidate
2021-09-16 12:47:09,704 [38372db9-1534-4cf5-b428-c401e92fe9f8@group-D936571EF932-FollowerState] INFO  server.RaftServerConfigKeys (ConfUtils.java:logGet(44)) - raft.server.leaderelection.pre-vote = false (custom)
2021-09-16 12:47:09,704 [38372db9-1534-4cf5-b428-c401e92fe9f8@group-D936571EF932-FollowerState] INFO  impl.RoleInfo (RoleInfo.java:updateAndGet(130)) - 38372db9-1534-4cf5-b428-c401e92fe9f8: start 38372db9-1534-4cf5-b428-c401e92fe9f8@group-D936571EF932-LeaderElection6
2021-09-16 12:47:09,714 [38372db9-1534-4cf5-b428-c401e92fe9f8@group-D936571EF932-LeaderElection6] INFO  impl.LeaderElection (LeaderElection.java:askForVotes(306)) - 38372db9-1534-4cf5-b428-c401e92fe9f8@group-D936571EF932-LeaderElection6 ELECTION round 0: submit vote requests at term 1 for -1: [38372db9-1534-4cf5-b428-c401e92fe9f8|rpc:10.1.0.31:34927|priority:1], old=null
2021-09-16 12:47:09,714 [38372db9-1534-4cf5-b428-c401e92fe9f8@group-D936571EF932-LeaderElection6] INFO  impl.LeaderElection (LeaderElection.java:askForVotes(308)) - 38372db9-1534-4cf5-b428-c401e92fe9f8@group-D936571EF932-LeaderElection6 ELECTION round 0: result PASSED (term=1)
2021-09-16 12:47:09,714 [38372db9-1534-4cf5-b428-c401e92fe9f8@group-D936571EF932-LeaderElection6] INFO  impl.RoleInfo (RoleInfo.java:shutdownLeaderElection(121)) - 38372db9-1534-4cf5-b428-c401e92fe9f8: shutdown 38372db9-1534-4cf5-b428-c401e92fe9f8@group-D936571EF932-LeaderElection6
2021-09-16 12:47:09,714 [38372db9-1534-4cf5-b428-c401e92fe9f8@group-D936571EF932-LeaderElection6] INFO  server.RaftServer$Division (RaftServerImpl.java:setRole(285)) - 38372db9-1534-4cf5-b428-c401e92fe9f8@group-D936571EF932: changes role from CANDIDATE to LEADER at term 1 for changeToLeader
2021-09-16 12:47:09,714 [38372db9-1534-4cf5-b428-c401e92fe9f8@group-D936571EF932-LeaderElection6] INFO  ratis.XceiverServerRatis (XceiverServerRatis.java:handleLeaderChangedNotification(860)) - Leader change notification received for group: group-D936571EF932 with new leaderId: 38372db9-1534-4cf5-b428-c401e92fe9f8
2021-09-16 12:47:09,715 [Datanode State Machine Thread - 0] WARN  statemachine.StateContext (StateContext.java:execute(621)) - No available thread in pool for past 1 seconds.
2021-09-16 12:47:09,716 [38372db9-1534-4cf5-b428-c401e92fe9f8@group-D936571EF932-LeaderElection6] INFO  server.RaftServer$Division (ServerState.java:setLeader(285)) - 38372db9-1534-4cf5-b428-c401e92fe9f8@group-D936571EF932: change Leader from null to 38372db9-1534-4cf5-b428-c401e92fe9f8 at term 1 for becomeLeader, leader elected after 5058ms
2021-09-16 12:47:09,716 [EventQueue-OpenPipelineForHealthyPipelineSafeModeRule] INFO  safemode.SCMSafeModeManager (HealthyPipelineSafeModeRule.java:process(124)) - SCM in safe mode. Healthy pipelines reported count is 0, required healthy pipeline reported count is 1
2021-09-16 12:47:09,717 [38372db9-1534-4cf5-b428-c401e92fe9f8@group-D936571EF932-LeaderElection6] INFO  server.RaftServerConfigKeys (ConfUtils.java:logGet(44)) - raft.server.staging.catchup.gap = 1000 (default)
2021-09-16 12:47:09,717 [38372db9-1534-4cf5-b428-c401e92fe9f8@group-D936571EF932-LeaderElection6] INFO  server.RaftServerConfigKeys (ConfUtils.java:logGet(44)) - raft.server.write.element-limit = 1024 (custom)
2021-09-16 12:47:09,717 [38372db9-1534-4cf5-b428-c401e92fe9f8@group-D936571EF932-LeaderElection6] INFO  server.RaftServerConfigKeys (ConfUtils.java:logGet(44)) - raft.server.write.byte-limit = 1024 M (=1073741824) (custom)
2021-09-16 12:47:09,718 [38372db9-1534-4cf5-b428-c401e92fe9f8@group-D936571EF932-LeaderElection6] INFO  server.RaftServerConfigKeys (ConfUtils.java:logGet(44)) - raft.server.watch.timeout = 180s (custom)
2021-09-16 12:47:09,718 [38372db9-1534-4cf5-b428-c401e92fe9f8@group-D936571EF932-LeaderElection6] INFO  server.RaftServerConfigKeys (ConfUtils.java:logGet(44)) - raft.server.watch.timeout.denomination = 1s (default)
2021-09-16 12:47:09,718 [38372db9-1534-4cf5-b428-c401e92fe9f8@group-D936571EF932-LeaderElection6] INFO  server.RaftServerConfigKeys (ConfUtils.java:logGet(44)) - raft.server.watch.element-limit = 65536 (default)
2021-09-16 12:47:09,718 [38372db9-1534-4cf5-b428-c401e92fe9f8@group-D936571EF932-LeaderElection6] INFO  impl.RoleInfo (RoleInfo.java:updateAndGet(130)) - 38372db9-1534-4cf5-b428-c401e92fe9f8: start 38372db9-1534-4cf5-b428-c401e92fe9f8@group-D936571EF932-LeaderStateImpl
2021-09-16 12:47:09,718 [38372db9-1534-4cf5-b428-c401e92fe9f8@group-D936571EF932-LeaderElection6] INFO  segmented.SegmentedRaftLogWorker (SegmentedRaftLogWorker.java:startLogSegment(394)) - 38372db9-1534-4cf5-b428-c401e92fe9f8@group-D936571EF932-SegmentedRaftLogWorker: Starting segment from index:0
2021-09-16 12:47:09,720 [38372db9-1534-4cf5-b428-c401e92fe9f8@group-D936571EF932-SegmentedRaftLogWorker] INFO  segmented.SegmentedRaftLogWorker (SegmentedRaftLogWorker.java:execute(601)) - 38372db9-1534-4cf5-b428-c401e92fe9f8@group-D936571EF932-SegmentedRaftLogWorker: created new log segment /home/runner/work/ozone/ozone/hadoop-ozone/integration-test/target/test-dir/MiniOzoneClusterImpl-babe98fd-e4a2-44a3-a902-6ec1ad6f036e/datanode-1/data/ratis/95942146-1213-40b8-be40-d936571ef932/current/log_inprogress_0
2021-09-16 12:47:09,721 [38372db9-1534-4cf5-b428-c401e92fe9f8@group-D936571EF932-LeaderElection6] INFO  server.RaftServer$Division (ServerState.java:setRaftConf(387)) - 38372db9-1534-4cf5-b428-c401e92fe9f8@group-D936571EF932: set configuration 0: [38372db9-1534-4cf5-b428-c401e92fe9f8|rpc:10.1.0.31:34927|dataStream:|priority:1], old=null
2021-09-16 12:47:09,979 [Listener at 127.0.0.1/43521] INFO  ozone.MiniOzoneClusterImpl (MiniOzoneClusterImpl.java:lambda$waitForClusterToBeReady$0(235)) - Nodes are ready. Got 3 of 3 DN Heartbeats.
2021-09-16 12:47:09,979 [Listener at 127.0.0.1/43521] INFO  ozone.MiniOzoneClusterImpl (MiniOzoneClusterImpl.java:lambda$waitForClusterToBeReady$0(238)) - Waiting for cluster to exit safe mode
2021-09-16 12:47:09,979 [Listener at 127.0.0.1/43521] INFO  ozone.MiniOzoneClusterImpl (MiniOzoneClusterImpl.java:lambda$waitForClusterToBeReady$0(240)) - SCM became leader
2021-09-16 12:47:10,231 [b4139188-0655-419f-be5a-4685bfe92707@group-8752E8032D1F-FollowerState] INFO  impl.FollowerState (FollowerState.java:run(134)) - b4139188-0655-419f-be5a-4685bfe92707@group-8752E8032D1F-FollowerState: change to CANDIDATE, lastRpcElapsedTime:5184495624ns, electionTimeout:5182ms
2021-09-16 12:47:10,232 [b4139188-0655-419f-be5a-4685bfe92707@group-8752E8032D1F-FollowerState] INFO  impl.RoleInfo (RoleInfo.java:shutdownFollowerState(108)) - b4139188-0655-419f-be5a-4685bfe92707: shutdown b4139188-0655-419f-be5a-4685bfe92707@group-8752E8032D1F-FollowerState
2021-09-16 12:47:10,232 [b4139188-0655-419f-be5a-4685bfe92707@group-8752E8032D1F-FollowerState] INFO  server.RaftServer$Division (RaftServerImpl.java:setRole(285)) - b4139188-0655-419f-be5a-4685bfe92707@group-8752E8032D1F: changes role from  FOLLOWER to CANDIDATE at term 0 for changeToCandidate
2021-09-16 12:47:10,232 [b4139188-0655-419f-be5a-4685bfe92707@group-8752E8032D1F-FollowerState] INFO  server.RaftServerConfigKeys (ConfUtils.java:logGet(44)) - raft.server.leaderelection.pre-vote = false (custom)
2021-09-16 12:47:10,232 [b4139188-0655-419f-be5a-4685bfe92707@group-8752E8032D1F-FollowerState] INFO  impl.RoleInfo (RoleInfo.java:updateAndGet(130)) - b4139188-0655-419f-be5a-4685bfe92707: start b4139188-0655-419f-be5a-4685bfe92707@group-8752E8032D1F-LeaderElection7
2021-09-16 12:47:10,239 [b4139188-0655-419f-be5a-4685bfe92707@group-8752E8032D1F-LeaderElection7] INFO  impl.LeaderElection (LeaderElection.java:askForVotes(306)) - b4139188-0655-419f-be5a-4685bfe92707@group-8752E8032D1F-LeaderElection7 ELECTION round 0: submit vote requests at term 1 for -1: [b4139188-0655-419f-be5a-4685bfe92707|rpc:10.1.0.31:39773|priority:1], old=null
2021-09-16 12:47:10,239 [b4139188-0655-419f-be5a-4685bfe92707@group-8752E8032D1F-LeaderElection7] INFO  impl.LeaderElection (LeaderElection.java:askForVotes(308)) - b4139188-0655-419f-be5a-4685bfe92707@group-8752E8032D1F-LeaderElection7 ELECTION round 0: result PASSED (term=1)
2021-09-16 12:47:10,239 [b4139188-0655-419f-be5a-4685bfe92707@group-8752E8032D1F-LeaderElection7] INFO  impl.RoleInfo (RoleInfo.java:shutdownLeaderElection(121)) - b4139188-0655-419f-be5a-4685bfe92707: shutdown b4139188-0655-419f-be5a-4685bfe92707@group-8752E8032D1F-LeaderElection7
2021-09-16 12:47:10,239 [b4139188-0655-419f-be5a-4685bfe92707@group-8752E8032D1F-LeaderElection7] INFO  server.RaftServer$Division (RaftServerImpl.java:setRole(285)) - b4139188-0655-419f-be5a-4685bfe92707@group-8752E8032D1F: changes role from CANDIDATE to LEADER at term 1 for changeToLeader
2021-09-16 12:47:10,239 [b4139188-0655-419f-be5a-4685bfe92707@group-8752E8032D1F-LeaderElection7] INFO  ratis.XceiverServerRatis (XceiverServerRatis.java:handleLeaderChangedNotification(860)) - Leader change notification received for group: group-8752E8032D1F with new leaderId: b4139188-0655-419f-be5a-4685bfe92707
2021-09-16 12:47:10,240 [Datanode State Machine Thread - 0] WARN  statemachine.StateContext (StateContext.java:execute(621)) - No available thread in pool for past 1 seconds.
2021-09-16 12:47:10,242 [EventQueue-OpenPipelineForHealthyPipelineSafeModeRule] INFO  safemode.SCMSafeModeManager (HealthyPipelineSafeModeRule.java:process(124)) - SCM in safe mode. Healthy pipelines reported count is 0, required healthy pipeline reported count is 1
2021-09-16 12:47:10,243 [b4139188-0655-419f-be5a-4685bfe92707@group-8752E8032D1F-LeaderElection7] INFO  server.RaftServer$Division (ServerState.java:setLeader(285)) - b4139188-0655-419f-be5a-4685bfe92707@group-8752E8032D1F: change Leader from null to b4139188-0655-419f-be5a-4685bfe92707 at term 1 for becomeLeader, leader elected after 5203ms
2021-09-16 12:47:10,243 [b4139188-0655-419f-be5a-4685bfe92707@group-8752E8032D1F-LeaderElection7] INFO  server.RaftServerConfigKeys (ConfUtils.java:logGet(44)) - raft.server.staging.catchup.gap = 1000 (default)
2021-09-16 12:47:10,245 [b4139188-0655-419f-be5a-4685bfe92707@group-8752E8032D1F-LeaderElection7] INFO  server.RaftServerConfigKeys (ConfUtils.java:logGet(44)) - raft.server.write.element-limit = 1024 (custom)
2021-09-16 12:47:10,245 [b4139188-0655-419f-be5a-4685bfe92707@group-8752E8032D1F-LeaderElection7] INFO  server.RaftServerConfigKeys (ConfUtils.java:logGet(44)) - raft.server.write.byte-limit = 1024 M (=1073741824) (custom)
2021-09-16 12:47:10,246 [b4139188-0655-419f-be5a-4685bfe92707@group-8752E8032D1F-LeaderElection7] INFO  server.RaftServerConfigKeys (ConfUtils.java:logGet(44)) - raft.server.watch.timeout = 180s (custom)
2021-09-16 12:47:10,246 [b4139188-0655-419f-be5a-4685bfe92707@group-8752E8032D1F-LeaderElection7] INFO  server.RaftServerConfigKeys (ConfUtils.java:logGet(44)) - raft.server.watch.timeout.denomination = 1s (default)
2021-09-16 12:47:10,246 [b4139188-0655-419f-be5a-4685bfe92707@group-8752E8032D1F-LeaderElection7] INFO  server.RaftServerConfigKeys (ConfUtils.java:logGet(44)) - raft.server.watch.element-limit = 65536 (default)
2021-09-16 12:47:10,247 [b4139188-0655-419f-be5a-4685bfe92707@group-8752E8032D1F-LeaderElection7] INFO  impl.RoleInfo (RoleInfo.java:updateAndGet(130)) - b4139188-0655-419f-be5a-4685bfe92707: start b4139188-0655-419f-be5a-4685bfe92707@group-8752E8032D1F-LeaderStateImpl
2021-09-16 12:47:10,248 [b4139188-0655-419f-be5a-4685bfe92707@group-8752E8032D1F-LeaderElection7] INFO  segmented.SegmentedRaftLogWorker (SegmentedRaftLogWorker.java:startLogSegment(394)) - b4139188-0655-419f-be5a-4685bfe92707@group-8752E8032D1F-SegmentedRaftLogWorker: Starting segment from index:0
2021-09-16 12:47:10,250 [b4139188-0655-419f-be5a-4685bfe92707@group-8752E8032D1F-SegmentedRaftLogWorker] INFO  segmented.SegmentedRaftLogWorker (SegmentedRaftLogWorker.java:execute(601)) - b4139188-0655-419f-be5a-4685bfe92707@group-8752E8032D1F-SegmentedRaftLogWorker: created new log segment /home/runner/work/ozone/ozone/hadoop-ozone/integration-test/target/test-dir/MiniOzoneClusterImpl-babe98fd-e4a2-44a3-a902-6ec1ad6f036e/datanode-2/data/ratis/3bbdde88-8666-4dfb-b244-8752e8032d1f/current/log_inprogress_0
2021-09-16 12:47:10,260 [b4139188-0655-419f-be5a-4685bfe92707@group-8752E8032D1F-LeaderElection7] INFO  server.RaftServer$Division (ServerState.java:setRaftConf(387)) - b4139188-0655-419f-be5a-4685bfe92707@group-8752E8032D1F: set configuration 0: [b4139188-0655-419f-be5a-4685bfe92707|rpc:10.1.0.31:39773|dataStream:|priority:1], old=null
2021-09-16 12:47:10,980 [Listener at 127.0.0.1/43521] INFO  ozone.MiniOzoneClusterImpl (MiniOzoneClusterImpl.java:lambda$waitForClusterToBeReady$0(235)) - Nodes are ready. Got 3 of 3 DN Heartbeats.
2021-09-16 12:47:10,980 [Listener at 127.0.0.1/43521] INFO  ozone.MiniOzoneClusterImpl (MiniOzoneClusterImpl.java:lambda$waitForClusterToBeReady$0(238)) - Waiting for cluster to exit safe mode
2021-09-16 12:47:10,980 [Listener at 127.0.0.1/43521] INFO  ozone.MiniOzoneClusterImpl (MiniOzoneClusterImpl.java:lambda$waitForClusterToBeReady$0(240)) - SCM became leader
2021-09-16 12:47:11,980 [Listener at 127.0.0.1/43521] INFO  ozone.MiniOzoneClusterImpl (MiniOzoneClusterImpl.java:lambda$waitForClusterToBeReady$0(235)) - Nodes are ready. Got 3 of 3 DN Heartbeats.
2021-09-16 12:47:11,980 [Listener at 127.0.0.1/43521] INFO  ozone.MiniOzoneClusterImpl (MiniOzoneClusterImpl.java:lambda$waitForClusterToBeReady$0(238)) - Waiting for cluster to exit safe mode
2021-09-16 12:47:11,980 [Listener at 127.0.0.1/43521] INFO  ozone.MiniOzoneClusterImpl (MiniOzoneClusterImpl.java:lambda$waitForClusterToBeReady$0(240)) - SCM became leader
2021-09-16 12:47:12,981 [Listener at 127.0.0.1/43521] INFO  ozone.MiniOzoneClusterImpl (MiniOzoneClusterImpl.java:lambda$waitForClusterToBeReady$0(235)) - Nodes are ready. Got 3 of 3 DN Heartbeats.
2021-09-16 12:47:12,981 [Listener at 127.0.0.1/43521] INFO  ozone.MiniOzoneClusterImpl (MiniOzoneClusterImpl.java:lambda$waitForClusterToBeReady$0(238)) - Waiting for cluster to exit safe mode
2021-09-16 12:47:12,981 [Listener at 127.0.0.1/43521] INFO  ozone.MiniOzoneClusterImpl (MiniOzoneClusterImpl.java:lambda$waitForClusterToBeReady$0(240)) - SCM became leader
2021-09-16 12:47:13,981 [Listener at 127.0.0.1/43521] INFO  ozone.MiniOzoneClusterImpl (MiniOzoneClusterImpl.java:lambda$waitForClusterToBeReady$0(235)) - Nodes are ready. Got 3 of 3 DN Heartbeats.
2021-09-16 12:47:13,981 [Listener at 127.0.0.1/43521] INFO  ozone.MiniOzoneClusterImpl (MiniOzoneClusterImpl.java:lambda$waitForClusterToBeReady$0(238)) - Waiting for cluster to exit safe mode
2021-09-16 12:47:13,981 [Listener at 127.0.0.1/43521] INFO  ozone.MiniOzoneClusterImpl (MiniOzoneClusterImpl.java:lambda$waitForClusterToBeReady$0(240)) - SCM became leader
2021-09-16 12:47:14,624 [f6069d6f-2c93-4424-9b40-fa2b0879fe00@group-FD5B065FBE52-FollowerState] INFO  impl.FollowerState (FollowerState.java:run(134)) - f6069d6f-2c93-4424-9b40-fa2b0879fe00@group-FD5B065FBE52-FollowerState: change to CANDIDATE, lastRpcElapsedTime:5032385596ns, electionTimeout:5029ms
2021-09-16 12:47:14,624 [f6069d6f-2c93-4424-9b40-fa2b0879fe00@group-FD5B065FBE52-FollowerState] INFO  impl.RoleInfo (RoleInfo.java:shutdownFollowerState(108)) - f6069d6f-2c93-4424-9b40-fa2b0879fe00: shutdown f6069d6f-2c93-4424-9b40-fa2b0879fe00@group-FD5B065FBE52-FollowerState
2021-09-16 12:47:14,625 [f6069d6f-2c93-4424-9b40-fa2b0879fe00@group-FD5B065FBE52-FollowerState] INFO  server.RaftServer$Division (RaftServerImpl.java:setRole(285)) - f6069d6f-2c93-4424-9b40-fa2b0879fe00@group-FD5B065FBE52: changes role from  FOLLOWER to CANDIDATE at term 1 for changeToCandidate
2021-09-16 12:47:14,625 [f6069d6f-2c93-4424-9b40-fa2b0879fe00@group-FD5B065FBE52-FollowerState] INFO  server.RaftServerConfigKeys (ConfUtils.java:logGet(44)) - raft.server.leaderelection.pre-vote = false (custom)
2021-09-16 12:47:14,625 [f6069d6f-2c93-4424-9b40-fa2b0879fe00@group-FD5B065FBE52-FollowerState] INFO  impl.RoleInfo (RoleInfo.java:updateAndGet(130)) - f6069d6f-2c93-4424-9b40-fa2b0879fe00: start f6069d6f-2c93-4424-9b40-fa2b0879fe00@group-FD5B065FBE52-LeaderElection8
2021-09-16 12:47:14,630 [f6069d6f-2c93-4424-9b40-fa2b0879fe00@group-FD5B065FBE52-LeaderElection8] INFO  impl.LeaderElection (LeaderElection.java:askForVotes(306)) - f6069d6f-2c93-4424-9b40-fa2b0879fe00@group-FD5B065FBE52-LeaderElection8 ELECTION round 0: submit vote requests at term 2 for -1: [f6069d6f-2c93-4424-9b40-fa2b0879fe00|rpc:10.1.0.31:33405|priority:0, 38372db9-1534-4cf5-b428-c401e92fe9f8|rpc:10.1.0.31:34927|priority:0, b4139188-0655-419f-be5a-4685bfe92707|rpc:10.1.0.31:39773|priority:1], old=null
2021-09-16 12:47:14,640 [grpc-default-executor-0] INFO  server.RaftServer$Division (RaftServerImpl.java:requestVote(1043)) - 38372db9-1534-4cf5-b428-c401e92fe9f8@group-FD5B065FBE52: receive requestVote(ELECTION, f6069d6f-2c93-4424-9b40-fa2b0879fe00, group-FD5B065FBE52, 2, (t:0, i:0))
2021-09-16 12:47:14,641 [grpc-default-executor-0] INFO  impl.VoteContext (VoteContext.java:log(48)) - 38372db9-1534-4cf5-b428-c401e92fe9f8@group-FD5B065FBE52-FOLLOWER: accept ELECTION from f6069d6f-2c93-4424-9b40-fa2b0879fe00: our priority 0 <= candidate's priority 0
2021-09-16 12:47:14,641 [grpc-default-executor-0] INFO  server.RaftServer$Division (RaftServerImpl.java:setRole(285)) - 38372db9-1534-4cf5-b428-c401e92fe9f8@group-FD5B065FBE52: changes role from  FOLLOWER to FOLLOWER at term 2 for candidate:f6069d6f-2c93-4424-9b40-fa2b0879fe00
2021-09-16 12:47:14,641 [grpc-default-executor-0] INFO  impl.RoleInfo (RoleInfo.java:shutdownFollowerState(108)) - 38372db9-1534-4cf5-b428-c401e92fe9f8: shutdown 38372db9-1534-4cf5-b428-c401e92fe9f8@group-FD5B065FBE52-FollowerState
2021-09-16 12:47:14,641 [grpc-default-executor-0] INFO  impl.RoleInfo (RoleInfo.java:updateAndGet(130)) - 38372db9-1534-4cf5-b428-c401e92fe9f8: start 38372db9-1534-4cf5-b428-c401e92fe9f8@group-FD5B065FBE52-FollowerState
2021-09-16 12:47:14,641 [38372db9-1534-4cf5-b428-c401e92fe9f8@group-FD5B065FBE52-FollowerState] INFO  impl.FollowerState (FollowerState.java:run(143)) - 38372db9-1534-4cf5-b428-c401e92fe9f8@group-FD5B065FBE52-FollowerState was interrupted: {}
java.lang.InterruptedException: sleep interrupted
	at java.lang.Thread.sleep(Native Method)
	at java.lang.Thread.sleep(Thread.java:340)
	at java.util.concurrent.TimeUnit.sleep(TimeUnit.java:386)
	at org.apache.ratis.util.TimeDuration.sleep(TimeDuration.java:324)
	at org.apache.ratis.util.TimeDuration.sleep(TimeDuration.java:309)
	at org.apache.ratis.server.impl.FollowerState.run(FollowerState.java:118)
2021-09-16 12:47:14,649 [grpc-default-executor-2] INFO  server.RaftServer$Division (RaftServerImpl.java:requestVote(1043)) - b4139188-0655-419f-be5a-4685bfe92707@group-FD5B065FBE52: receive requestVote(ELECTION, f6069d6f-2c93-4424-9b40-fa2b0879fe00, group-FD5B065FBE52, 2, (t:0, i:0))
2021-09-16 12:47:14,649 [grpc-default-executor-0] INFO  server.RaftServer$Division (RaftServerImpl.java:requestVote(1075)) - 38372db9-1534-4cf5-b428-c401e92fe9f8@group-FD5B065FBE52 replies to ELECTION vote request: f6069d6f-2c93-4424-9b40-fa2b0879fe00<-38372db9-1534-4cf5-b428-c401e92fe9f8#0:OK-t2. Peer's state: 38372db9-1534-4cf5-b428-c401e92fe9f8@group-FD5B065FBE52:t2, leader=null, voted=f6069d6f-2c93-4424-9b40-fa2b0879fe00, raftlog=38372db9-1534-4cf5-b428-c401e92fe9f8@group-FD5B065FBE52-SegmentedRaftLog:OPENED:c-1,f-1,i0, conf=-1: [f6069d6f-2c93-4424-9b40-fa2b0879fe00|rpc:10.1.0.31:33405|priority:0, 38372db9-1534-4cf5-b428-c401e92fe9f8|rpc:10.1.0.31:34927|priority:0, b4139188-0655-419f-be5a-4685bfe92707|rpc:10.1.0.31:39773|priority:1], old=null
2021-09-16 12:47:14,652 [grpc-default-executor-2] INFO  impl.VoteContext (VoteContext.java:log(48)) - b4139188-0655-419f-be5a-4685bfe92707@group-FD5B065FBE52-FOLLOWER: reject ELECTION from f6069d6f-2c93-4424-9b40-fa2b0879fe00: our priority 1 > candidate's priority 0
2021-09-16 12:47:14,652 [grpc-default-executor-2] INFO  server.RaftServer$Division (RaftServerImpl.java:setRole(285)) - b4139188-0655-419f-be5a-4685bfe92707@group-FD5B065FBE52: changes role from  FOLLOWER to FOLLOWER at term 2 for candidate:f6069d6f-2c93-4424-9b40-fa2b0879fe00
2021-09-16 12:47:14,652 [grpc-default-executor-2] INFO  impl.RoleInfo (RoleInfo.java:shutdownFollowerState(108)) - b4139188-0655-419f-be5a-4685bfe92707: shutdown b4139188-0655-419f-be5a-4685bfe92707@group-FD5B065FBE52-FollowerState
2021-09-16 12:47:14,652 [grpc-default-executor-2] INFO  impl.RoleInfo (RoleInfo.java:updateAndGet(130)) - b4139188-0655-419f-be5a-4685bfe92707: start b4139188-0655-419f-be5a-4685bfe92707@group-FD5B065FBE52-FollowerState
2021-09-16 12:47:14,652 [b4139188-0655-419f-be5a-4685bfe92707@group-FD5B065FBE52-FollowerState] INFO  impl.FollowerState (FollowerState.java:run(143)) - b4139188-0655-419f-be5a-4685bfe92707@group-FD5B065FBE52-FollowerState was interrupted: {}
java.lang.InterruptedException: sleep interrupted
	at java.lang.Thread.sleep(Native Method)
	at java.lang.Thread.sleep(Thread.java:340)
	at java.util.concurrent.TimeUnit.sleep(TimeUnit.java:386)
	at org.apache.ratis.util.TimeDuration.sleep(TimeDuration.java:324)
	at org.apache.ratis.util.TimeDuration.sleep(TimeDuration.java:309)
	at org.apache.ratis.server.impl.FollowerState.run(FollowerState.java:118)
2021-09-16 12:47:14,657 [grpc-default-executor-2] INFO  server.RaftServer$Division (RaftServerImpl.java:requestVote(1075)) - b4139188-0655-419f-be5a-4685bfe92707@group-FD5B065FBE52 replies to ELECTION vote request: f6069d6f-2c93-4424-9b40-fa2b0879fe00<-b4139188-0655-419f-be5a-4685bfe92707#0:FAIL-t2. Peer's state: b4139188-0655-419f-be5a-4685bfe92707@group-FD5B065FBE52:t2, leader=null, voted=null, raftlog=b4139188-0655-419f-be5a-4685bfe92707@group-FD5B065FBE52-SegmentedRaftLog:OPENED:c-1,f-1,i0, conf=-1: [f6069d6f-2c93-4424-9b40-fa2b0879fe00|rpc:10.1.0.31:33405|priority:0, 38372db9-1534-4cf5-b428-c401e92fe9f8|rpc:10.1.0.31:34927|priority:0, b4139188-0655-419f-be5a-4685bfe92707|rpc:10.1.0.31:39773|priority:1], old=null
2021-09-16 12:47:14,658 [f6069d6f-2c93-4424-9b40-fa2b0879fe00@group-FD5B065FBE52-LeaderElection8] INFO  impl.LeaderElection (LeaderElection.java:logAndReturn(89)) - f6069d6f-2c93-4424-9b40-fa2b0879fe00@group-FD5B065FBE52-LeaderElection8: ELECTION REJECTED received 2 response(s) and 0 exception(s):
2021-09-16 12:47:14,659 [f6069d6f-2c93-4424-9b40-fa2b0879fe00@group-FD5B065FBE52-LeaderElection8] INFO  impl.LeaderElection (LeaderElection.java:logAndReturn(93)) -   Response 0: f6069d6f-2c93-4424-9b40-fa2b0879fe00<-38372db9-1534-4cf5-b428-c401e92fe9f8#0:OK-t2
2021-09-16 12:47:14,659 [f6069d6f-2c93-4424-9b40-fa2b0879fe00@group-FD5B065FBE52-LeaderElection8] INFO  impl.LeaderElection (LeaderElection.java:logAndReturn(93)) -   Response 1: f6069d6f-2c93-4424-9b40-fa2b0879fe00<-b4139188-0655-419f-be5a-4685bfe92707#0:FAIL-t2
2021-09-16 12:47:14,659 [f6069d6f-2c93-4424-9b40-fa2b0879fe00@group-FD5B065FBE52-LeaderElection8] INFO  impl.LeaderElection (LeaderElection.java:askForVotes(308)) - f6069d6f-2c93-4424-9b40-fa2b0879fe00@group-FD5B065FBE52-LeaderElection8 ELECTION round 0: result REJECTED
2021-09-16 12:47:14,659 [f6069d6f-2c93-4424-9b40-fa2b0879fe00@group-FD5B065FBE52-LeaderElection8] INFO  server.RaftServer$Division (RaftServerImpl.java:setRole(285)) - f6069d6f-2c93-4424-9b40-fa2b0879fe00@group-FD5B065FBE52: changes role from CANDIDATE to FOLLOWER at term 2 for REJECTED
2021-09-16 12:47:14,659 [f6069d6f-2c93-4424-9b40-fa2b0879fe00@group-FD5B065FBE52-LeaderElection8] INFO  impl.RoleInfo (RoleInfo.java:shutdownLeaderElection(121)) - f6069d6f-2c93-4424-9b40-fa2b0879fe00: shutdown f6069d6f-2c93-4424-9b40-fa2b0879fe00@group-FD5B065FBE52-LeaderElection8
2021-09-16 12:47:14,659 [f6069d6f-2c93-4424-9b40-fa2b0879fe00@group-FD5B065FBE52-LeaderElection8] INFO  impl.RoleInfo (RoleInfo.java:updateAndGet(130)) - f6069d6f-2c93-4424-9b40-fa2b0879fe00: start f6069d6f-2c93-4424-9b40-fa2b0879fe00@group-FD5B065FBE52-FollowerState
2021-09-16 12:47:14,982 [Listener at 127.0.0.1/43521] INFO  ozone.MiniOzoneClusterImpl (MiniOzoneClusterImpl.java:lambda$waitForClusterToBeReady$0(235)) - Nodes are ready. Got 3 of 3 DN Heartbeats.
2021-09-16 12:47:14,982 [Listener at 127.0.0.1/43521] INFO  ozone.MiniOzoneClusterImpl (MiniOzoneClusterImpl.java:lambda$waitForClusterToBeReady$0(238)) - Waiting for cluster to exit safe mode
2021-09-16 12:47:14,982 [Listener at 127.0.0.1/43521] INFO  ozone.MiniOzoneClusterImpl (MiniOzoneClusterImpl.java:lambda$waitForClusterToBeReady$0(240)) - SCM became leader
2021-09-16 12:47:15,983 [Listener at 127.0.0.1/43521] INFO  ozone.MiniOzoneClusterImpl (MiniOzoneClusterImpl.java:lambda$waitForClusterToBeReady$0(235)) - Nodes are ready. Got 3 of 3 DN Heartbeats.
2021-09-16 12:47:15,983 [Listener at 127.0.0.1/43521] INFO  ozone.MiniOzoneClusterImpl (MiniOzoneClusterImpl.java:lambda$waitForClusterToBeReady$0(238)) - Waiting for cluster to exit safe mode
2021-09-16 12:47:15,983 [Listener at 127.0.0.1/43521] INFO  ozone.MiniOzoneClusterImpl (MiniOzoneClusterImpl.java:lambda$waitForClusterToBeReady$0(240)) - SCM became leader
2021-09-16 12:47:16,983 [Listener at 127.0.0.1/43521] INFO  ozone.MiniOzoneClusterImpl (MiniOzoneClusterImpl.java:lambda$waitForClusterToBeReady$0(235)) - Nodes are ready. Got 3 of 3 DN Heartbeats.
2021-09-16 12:47:16,983 [Listener at 127.0.0.1/43521] INFO  ozone.MiniOzoneClusterImpl (MiniOzoneClusterImpl.java:lambda$waitForClusterToBeReady$0(238)) - Waiting for cluster to exit safe mode
2021-09-16 12:47:16,983 [Listener at 127.0.0.1/43521] INFO  ozone.MiniOzoneClusterImpl (MiniOzoneClusterImpl.java:lambda$waitForClusterToBeReady$0(240)) - SCM became leader
2021-09-16 12:47:17,984 [Listener at 127.0.0.1/43521] INFO  ozone.MiniOzoneClusterImpl (MiniOzoneClusterImpl.java:lambda$waitForClusterToBeReady$0(235)) - Nodes are ready. Got 3 of 3 DN Heartbeats.
2021-09-16 12:47:17,984 [Listener at 127.0.0.1/43521] INFO  ozone.MiniOzoneClusterImpl (MiniOzoneClusterImpl.java:lambda$waitForClusterToBeReady$0(238)) - Waiting for cluster to exit safe mode
2021-09-16 12:47:17,984 [Listener at 127.0.0.1/43521] INFO  ozone.MiniOzoneClusterImpl (MiniOzoneClusterImpl.java:lambda$waitForClusterToBeReady$0(240)) - SCM became leader
2021-09-16 12:47:18,984 [Listener at 127.0.0.1/43521] INFO  ozone.MiniOzoneClusterImpl (MiniOzoneClusterImpl.java:lambda$waitForClusterToBeReady$0(235)) - Nodes are ready. Got 3 of 3 DN Heartbeats.
2021-09-16 12:47:18,984 [Listener at 127.0.0.1/43521] INFO  ozone.MiniOzoneClusterImpl (MiniOzoneClusterImpl.java:lambda$waitForClusterToBeReady$0(238)) - Waiting for cluster to exit safe mode
2021-09-16 12:47:18,984 [Listener at 127.0.0.1/43521] INFO  ozone.MiniOzoneClusterImpl (MiniOzoneClusterImpl.java:lambda$waitForClusterToBeReady$0(240)) - SCM became leader
2021-09-16 12:47:19,731 [38372db9-1534-4cf5-b428-c401e92fe9f8@group-FD5B065FBE52-FollowerState] INFO  impl.FollowerState (FollowerState.java:run(134)) - 38372db9-1534-4cf5-b428-c401e92fe9f8@group-FD5B065FBE52-FollowerState: change to CANDIDATE, lastRpcElapsedTime:5081740443ns, electionTimeout:5079ms
2021-09-16 12:47:19,731 [38372db9-1534-4cf5-b428-c401e92fe9f8@group-FD5B065FBE52-FollowerState] INFO  impl.RoleInfo (RoleInfo.java:shutdownFollowerState(108)) - 38372db9-1534-4cf5-b428-c401e92fe9f8: shutdown 38372db9-1534-4cf5-b428-c401e92fe9f8@group-FD5B065FBE52-FollowerState
2021-09-16 12:47:19,731 [38372db9-1534-4cf5-b428-c401e92fe9f8@group-FD5B065FBE52-FollowerState] INFO  server.RaftServer$Division (RaftServerImpl.java:setRole(285)) - 38372db9-1534-4cf5-b428-c401e92fe9f8@group-FD5B065FBE52: changes role from  FOLLOWER to CANDIDATE at term 2 for changeToCandidate
2021-09-16 12:47:19,731 [38372db9-1534-4cf5-b428-c401e92fe9f8@group-FD5B065FBE52-FollowerState] INFO  server.RaftServerConfigKeys (ConfUtils.java:logGet(44)) - raft.server.leaderelection.pre-vote = false (custom)
2021-09-16 12:47:19,731 [38372db9-1534-4cf5-b428-c401e92fe9f8@group-FD5B065FBE52-FollowerState] INFO  impl.RoleInfo (RoleInfo.java:updateAndGet(130)) - 38372db9-1534-4cf5-b428-c401e92fe9f8: start 38372db9-1534-4cf5-b428-c401e92fe9f8@group-FD5B065FBE52-LeaderElection9
2021-09-16 12:47:19,747 [38372db9-1534-4cf5-b428-c401e92fe9f8@group-FD5B065FBE52-LeaderElection9] INFO  impl.LeaderElection (LeaderElection.java:askForVotes(306)) - 38372db9-1534-4cf5-b428-c401e92fe9f8@group-FD5B065FBE52-LeaderElection9 ELECTION round 0: submit vote requests at term 3 for -1: [f6069d6f-2c93-4424-9b40-fa2b0879fe00|rpc:10.1.0.31:33405|priority:0, 38372db9-1534-4cf5-b428-c401e92fe9f8|rpc:10.1.0.31:34927|priority:0, b4139188-0655-419f-be5a-4685bfe92707|rpc:10.1.0.31:39773|priority:1], old=null
2021-09-16 12:47:19,768 [grpc-default-executor-2] INFO  server.RaftServer$Division (RaftServerImpl.java:requestVote(1043)) - f6069d6f-2c93-4424-9b40-fa2b0879fe00@group-FD5B065FBE52: receive requestVote(ELECTION, 38372db9-1534-4cf5-b428-c401e92fe9f8, group-FD5B065FBE52, 3, (t:0, i:0))
2021-09-16 12:47:19,768 [grpc-default-executor-2] INFO  impl.VoteContext (VoteContext.java:log(48)) - f6069d6f-2c93-4424-9b40-fa2b0879fe00@group-FD5B065FBE52-FOLLOWER: accept ELECTION from 38372db9-1534-4cf5-b428-c401e92fe9f8: our priority 0 <= candidate's priority 0
2021-09-16 12:47:19,768 [grpc-default-executor-2] INFO  server.RaftServer$Division (RaftServerImpl.java:setRole(285)) - f6069d6f-2c93-4424-9b40-fa2b0879fe00@group-FD5B065FBE52: changes role from  FOLLOWER to FOLLOWER at term 3 for candidate:38372db9-1534-4cf5-b428-c401e92fe9f8
2021-09-16 12:47:19,768 [grpc-default-executor-2] INFO  impl.RoleInfo (RoleInfo.java:shutdownFollowerState(108)) - f6069d6f-2c93-4424-9b40-fa2b0879fe00: shutdown f6069d6f-2c93-4424-9b40-fa2b0879fe00@group-FD5B065FBE52-FollowerState
2021-09-16 12:47:19,768 [grpc-default-executor-2] INFO  impl.RoleInfo (RoleInfo.java:updateAndGet(130)) - f6069d6f-2c93-4424-9b40-fa2b0879fe00: start f6069d6f-2c93-4424-9b40-fa2b0879fe00@group-FD5B065FBE52-FollowerState
2021-09-16 12:47:19,768 [f6069d6f-2c93-4424-9b40-fa2b0879fe00@group-FD5B065FBE52-FollowerState] INFO  impl.FollowerState (FollowerState.java:run(143)) - f6069d6f-2c93-4424-9b40-fa2b0879fe00@group-FD5B065FBE52-FollowerState was interrupted: {}
java.lang.InterruptedException: sleep interrupted
	at java.lang.Thread.sleep(Native Method)
	at java.lang.Thread.sleep(Thread.java:340)
	at java.util.concurrent.TimeUnit.sleep(TimeUnit.java:386)
	at org.apache.ratis.util.TimeDuration.sleep(TimeDuration.java:324)
	at org.apache.ratis.util.TimeDuration.sleep(TimeDuration.java:309)
	at org.apache.ratis.server.impl.FollowerState.run(FollowerState.java:118)
2021-09-16 12:47:19,773 [grpc-default-executor-2] INFO  server.RaftServer$Division (RaftServerImpl.java:requestVote(1075)) - f6069d6f-2c93-4424-9b40-fa2b0879fe00@group-FD5B065FBE52 replies to ELECTION vote request: 38372db9-1534-4cf5-b428-c401e92fe9f8<-f6069d6f-2c93-4424-9b40-fa2b0879fe00#0:OK-t3. Peer's state: f6069d6f-2c93-4424-9b40-fa2b0879fe00@group-FD5B065FBE52:t3, leader=null, voted=38372db9-1534-4cf5-b428-c401e92fe9f8, raftlog=f6069d6f-2c93-4424-9b40-fa2b0879fe00@group-FD5B065FBE52-SegmentedRaftLog:OPENED:c-1,f-1,i0, conf=-1: [f6069d6f-2c93-4424-9b40-fa2b0879fe00|rpc:10.1.0.31:33405|priority:0, 38372db9-1534-4cf5-b428-c401e92fe9f8|rpc:10.1.0.31:34927|priority:0, b4139188-0655-419f-be5a-4685bfe92707|rpc:10.1.0.31:39773|priority:1], old=null
2021-09-16 12:47:19,783 [grpc-default-executor-2] INFO  server.RaftServer$Division (RaftServerImpl.java:requestVote(1043)) - b4139188-0655-419f-be5a-4685bfe92707@group-FD5B065FBE52: receive requestVote(ELECTION, 38372db9-1534-4cf5-b428-c401e92fe9f8, group-FD5B065FBE52, 3, (t:0, i:0))
2021-09-16 12:47:19,783 [grpc-default-executor-2] INFO  impl.VoteContext (VoteContext.java:log(48)) - b4139188-0655-419f-be5a-4685bfe92707@group-FD5B065FBE52-FOLLOWER: reject ELECTION from 38372db9-1534-4cf5-b428-c401e92fe9f8: our priority 1 > candidate's priority 0
2021-09-16 12:47:19,783 [grpc-default-executor-2] INFO  server.RaftServer$Division (RaftServerImpl.java:setRole(285)) - b4139188-0655-419f-be5a-4685bfe92707@group-FD5B065FBE52: changes role from  FOLLOWER to FOLLOWER at term 3 for candidate:38372db9-1534-4cf5-b428-c401e92fe9f8
2021-09-16 12:47:19,783 [grpc-default-executor-2] INFO  impl.RoleInfo (RoleInfo.java:shutdownFollowerState(108)) - b4139188-0655-419f-be5a-4685bfe92707: shutdown b4139188-0655-419f-be5a-4685bfe92707@group-FD5B065FBE52-FollowerState
2021-09-16 12:47:19,783 [b4139188-0655-419f-be5a-4685bfe92707@group-FD5B065FBE52-FollowerState] INFO  impl.FollowerState (FollowerState.java:run(143)) - b4139188-0655-419f-be5a-4685bfe92707@group-FD5B065FBE52-FollowerState was interrupted: {}
java.lang.InterruptedException: sleep interrupted
	at java.lang.Thread.sleep(Native Method)
	at java.lang.Thread.sleep(Thread.java:340)
	at java.util.concurrent.TimeUnit.sleep(TimeUnit.java:386)
	at org.apache.ratis.util.TimeDuration.sleep(TimeDuration.java:324)
	at org.apache.ratis.util.TimeDuration.sleep(TimeDuration.java:309)
	at org.apache.ratis.server.impl.FollowerState.run(FollowerState.java:118)
2021-09-16 12:47:19,783 [grpc-default-executor-2] INFO  impl.RoleInfo (RoleInfo.java:updateAndGet(130)) - b4139188-0655-419f-be5a-4685bfe92707: start b4139188-0655-419f-be5a-4685bfe92707@group-FD5B065FBE52-FollowerState
2021-09-16 12:47:19,785 [grpc-default-executor-2] INFO  server.RaftServer$Division (RaftServerImpl.java:requestVote(1075)) - b4139188-0655-419f-be5a-4685bfe92707@group-FD5B065FBE52 replies to ELECTION vote request: 38372db9-1534-4cf5-b428-c401e92fe9f8<-b4139188-0655-419f-be5a-4685bfe92707#0:FAIL-t3. Peer's state: b4139188-0655-419f-be5a-4685bfe92707@group-FD5B065FBE52:t3, leader=null, voted=null, raftlog=b4139188-0655-419f-be5a-4685bfe92707@group-FD5B065FBE52-SegmentedRaftLog:OPENED:c-1,f-1,i0, conf=-1: [f6069d6f-2c93-4424-9b40-fa2b0879fe00|rpc:10.1.0.31:33405|priority:0, 38372db9-1534-4cf5-b428-c401e92fe9f8|rpc:10.1.0.31:34927|priority:0, b4139188-0655-419f-be5a-4685bfe92707|rpc:10.1.0.31:39773|priority:1], old=null
2021-09-16 12:47:19,788 [38372db9-1534-4cf5-b428-c401e92fe9f8@group-FD5B065FBE52-LeaderElection9] INFO  impl.LeaderElection (LeaderElection.java:logAndReturn(89)) - 38372db9-1534-4cf5-b428-c401e92fe9f8@group-FD5B065FBE52-LeaderElection9: ELECTION REJECTED received 2 response(s) and 0 exception(s):
2021-09-16 12:47:19,788 [38372db9-1534-4cf5-b428-c401e92fe9f8@group-FD5B065FBE52-LeaderElection9] INFO  impl.LeaderElection (LeaderElection.java:logAndReturn(93)) -   Response 0: 38372db9-1534-4cf5-b428-c401e92fe9f8<-f6069d6f-2c93-4424-9b40-fa2b0879fe00#0:OK-t3
2021-09-16 12:47:19,789 [38372db9-1534-4cf5-b428-c401e92fe9f8@group-FD5B065FBE52-LeaderElection9] INFO  impl.LeaderElection (LeaderElection.java:logAndReturn(93)) -   Response 1: 38372db9-1534-4cf5-b428-c401e92fe9f8<-b4139188-0655-419f-be5a-4685bfe92707#0:FAIL-t3
2021-09-16 12:47:19,789 [38372db9-1534-4cf5-b428-c401e92fe9f8@group-FD5B065FBE52-LeaderElection9] INFO  impl.LeaderElection (LeaderElection.java:askForVotes(308)) - 38372db9-1534-4cf5-b428-c401e92fe9f8@group-FD5B065FBE52-LeaderElection9 ELECTION round 0: result REJECTED
2021-09-16 12:47:19,790 [38372db9-1534-4cf5-b428-c401e92fe9f8@group-FD5B065FBE52-LeaderElection9] INFO  server.RaftServer$Division (RaftServerImpl.java:setRole(285)) - 38372db9-1534-4cf5-b428-c401e92fe9f8@group-FD5B065FBE52: changes role from CANDIDATE to FOLLOWER at term 3 for REJECTED
2021-09-16 12:47:19,790 [38372db9-1534-4cf5-b428-c401e92fe9f8@group-FD5B065FBE52-LeaderElection9] INFO  impl.RoleInfo (RoleInfo.java:shutdownLeaderElection(121)) - 38372db9-1534-4cf5-b428-c401e92fe9f8: shutdown 38372db9-1534-4cf5-b428-c401e92fe9f8@group-FD5B065FBE52-LeaderElection9
2021-09-16 12:47:19,790 [38372db9-1534-4cf5-b428-c401e92fe9f8@group-FD5B065FBE52-LeaderElection9] INFO  impl.RoleInfo (RoleInfo.java:updateAndGet(130)) - 38372db9-1534-4cf5-b428-c401e92fe9f8: start 38372db9-1534-4cf5-b428-c401e92fe9f8@group-FD5B065FBE52-FollowerState
2021-09-16 12:47:19,985 [Listener at 127.0.0.1/43521] INFO  ozone.MiniOzoneClusterImpl (MiniOzoneClusterImpl.java:lambda$waitForClusterToBeReady$0(235)) - Nodes are ready. Got 3 of 3 DN Heartbeats.
2021-09-16 12:47:19,985 [Listener at 127.0.0.1/43521] INFO  ozone.MiniOzoneClusterImpl (MiniOzoneClusterImpl.java:lambda$waitForClusterToBeReady$0(238)) - Waiting for cluster to exit safe mode
2021-09-16 12:47:19,986 [Listener at 127.0.0.1/43521] INFO  ozone.MiniOzoneClusterImpl (MiniOzoneClusterImpl.java:lambda$waitForClusterToBeReady$0(240)) - SCM became leader
2021-09-16 12:47:20,986 [Listener at 127.0.0.1/43521] INFO  ozone.MiniOzoneClusterImpl (MiniOzoneClusterImpl.java:lambda$waitForClusterToBeReady$0(235)) - Nodes are ready. Got 3 of 3 DN Heartbeats.
2021-09-16 12:47:20,986 [Listener at 127.0.0.1/43521] INFO  ozone.MiniOzoneClusterImpl (MiniOzoneClusterImpl.java:lambda$waitForClusterToBeReady$0(238)) - Waiting for cluster to exit safe mode
2021-09-16 12:47:20,986 [Listener at 127.0.0.1/43521] INFO  ozone.MiniOzoneClusterImpl (MiniOzoneClusterImpl.java:lambda$waitForClusterToBeReady$0(240)) - SCM became leader
2021-09-16 12:47:21,987 [Listener at 127.0.0.1/43521] INFO  ozone.MiniOzoneClusterImpl (MiniOzoneClusterImpl.java:lambda$waitForClusterToBeReady$0(235)) - Nodes are ready. Got 3 of 3 DN Heartbeats.
2021-09-16 12:47:21,987 [Listener at 127.0.0.1/43521] INFO  ozone.MiniOzoneClusterImpl (MiniOzoneClusterImpl.java:lambda$waitForClusterToBeReady$0(238)) - Waiting for cluster to exit safe mode
2021-09-16 12:47:21,987 [Listener at 127.0.0.1/43521] INFO  ozone.MiniOzoneClusterImpl (MiniOzoneClusterImpl.java:lambda$waitForClusterToBeReady$0(240)) - SCM became leader
2021-09-16 12:47:22,987 [Listener at 127.0.0.1/43521] INFO  ozone.MiniOzoneClusterImpl (MiniOzoneClusterImpl.java:lambda$waitForClusterToBeReady$0(235)) - Nodes are ready. Got 3 of 3 DN Heartbeats.
2021-09-16 12:47:22,988 [Listener at 127.0.0.1/43521] INFO  ozone.MiniOzoneClusterImpl (MiniOzoneClusterImpl.java:lambda$waitForClusterToBeReady$0(238)) - Waiting for cluster to exit safe mode
2021-09-16 12:47:22,988 [Listener at 127.0.0.1/43521] INFO  ozone.MiniOzoneClusterImpl (MiniOzoneClusterImpl.java:lambda$waitForClusterToBeReady$0(240)) - SCM became leader
2021-09-16 12:47:23,988 [Listener at 127.0.0.1/43521] INFO  ozone.MiniOzoneClusterImpl (MiniOzoneClusterImpl.java:lambda$waitForClusterToBeReady$0(235)) - Nodes are ready. Got 3 of 3 DN Heartbeats.
2021-09-16 12:47:23,988 [Listener at 127.0.0.1/43521] INFO  ozone.MiniOzoneClusterImpl (MiniOzoneClusterImpl.java:lambda$waitForClusterToBeReady$0(238)) - Waiting for cluster to exit safe mode
2021-09-16 12:47:23,988 [Listener at 127.0.0.1/43521] INFO  ozone.MiniOzoneClusterImpl (MiniOzoneClusterImpl.java:lambda$waitForClusterToBeReady$0(240)) - SCM became leader
2021-09-16 12:47:24,809 [38372db9-1534-4cf5-b428-c401e92fe9f8@group-FD5B065FBE52-FollowerState] INFO  impl.FollowerState (FollowerState.java:run(134)) - 38372db9-1534-4cf5-b428-c401e92fe9f8@group-FD5B065FBE52-FollowerState: change to CANDIDATE, lastRpcElapsedTime:5018769773ns, electionTimeout:5018ms
2021-09-16 12:47:24,809 [38372db9-1534-4cf5-b428-c401e92fe9f8@group-FD5B065FBE52-FollowerState] INFO  impl.RoleInfo (RoleInfo.java:shutdownFollowerState(108)) - 38372db9-1534-4cf5-b428-c401e92fe9f8: shutdown 38372db9-1534-4cf5-b428-c401e92fe9f8@group-FD5B065FBE52-FollowerState
2021-09-16 12:47:24,809 [38372db9-1534-4cf5-b428-c401e92fe9f8@group-FD5B065FBE52-FollowerState] INFO  server.RaftServer$Division (RaftServerImpl.java:setRole(285)) - 38372db9-1534-4cf5-b428-c401e92fe9f8@group-FD5B065FBE52: changes role from  FOLLOWER to CANDIDATE at term 3 for changeToCandidate
2021-09-16 12:47:24,810 [38372db9-1534-4cf5-b428-c401e92fe9f8@group-FD5B065FBE52-FollowerState] INFO  server.RaftServerConfigKeys (ConfUtils.java:logGet(44)) - raft.server.leaderelection.pre-vote = false (custom)
2021-09-16 12:47:24,810 [38372db9-1534-4cf5-b428-c401e92fe9f8@group-FD5B065FBE52-FollowerState] INFO  impl.RoleInfo (RoleInfo.java:updateAndGet(130)) - 38372db9-1534-4cf5-b428-c401e92fe9f8: start 38372db9-1534-4cf5-b428-c401e92fe9f8@group-FD5B065FBE52-LeaderElection10
2021-09-16 12:47:24,816 [38372db9-1534-4cf5-b428-c401e92fe9f8@group-FD5B065FBE52-LeaderElection10] INFO  impl.LeaderElection (LeaderElection.java:askForVotes(306)) - 38372db9-1534-4cf5-b428-c401e92fe9f8@group-FD5B065FBE52-LeaderElection10 ELECTION round 0: submit vote requests at term 4 for -1: [f6069d6f-2c93-4424-9b40-fa2b0879fe00|rpc:10.1.0.31:33405|priority:0, 38372db9-1534-4cf5-b428-c401e92fe9f8|rpc:10.1.0.31:34927|priority:0, b4139188-0655-419f-be5a-4685bfe92707|rpc:10.1.0.31:39773|priority:1], old=null
2021-09-16 12:47:24,821 [grpc-default-executor-2] INFO  server.RaftServer$Division (RaftServerImpl.java:requestVote(1043)) - f6069d6f-2c93-4424-9b40-fa2b0879fe00@group-FD5B065FBE52: receive requestVote(ELECTION, 38372db9-1534-4cf5-b428-c401e92fe9f8, group-FD5B065FBE52, 4, (t:0, i:0))
2021-09-16 12:47:24,821 [grpc-default-executor-2] INFO  impl.VoteContext (VoteContext.java:log(48)) - f6069d6f-2c93-4424-9b40-fa2b0879fe00@group-FD5B065FBE52-FOLLOWER: accept ELECTION from 38372db9-1534-4cf5-b428-c401e92fe9f8: our priority 0 <= candidate's priority 0
2021-09-16 12:47:24,821 [grpc-default-executor-2] INFO  server.RaftServer$Division (RaftServerImpl.java:setRole(285)) - f6069d6f-2c93-4424-9b40-fa2b0879fe00@group-FD5B065FBE52: changes role from  FOLLOWER to FOLLOWER at term 4 for candidate:38372db9-1534-4cf5-b428-c401e92fe9f8
2021-09-16 12:47:24,821 [grpc-default-executor-2] INFO  impl.RoleInfo (RoleInfo.java:shutdownFollowerState(108)) - f6069d6f-2c93-4424-9b40-fa2b0879fe00: shutdown f6069d6f-2c93-4424-9b40-fa2b0879fe00@group-FD5B065FBE52-FollowerState
2021-09-16 12:47:24,822 [grpc-default-executor-2] INFO  impl.RoleInfo (RoleInfo.java:updateAndGet(130)) - f6069d6f-2c93-4424-9b40-fa2b0879fe00: start f6069d6f-2c93-4424-9b40-fa2b0879fe00@group-FD5B065FBE52-FollowerState
2021-09-16 12:47:24,822 [f6069d6f-2c93-4424-9b40-fa2b0879fe00@group-FD5B065FBE52-FollowerState] INFO  impl.FollowerState (FollowerState.java:run(143)) - f6069d6f-2c93-4424-9b40-fa2b0879fe00@group-FD5B065FBE52-FollowerState was interrupted: {}
java.lang.InterruptedException: sleep interrupted
	at java.lang.Thread.sleep(Native Method)
	at java.lang.Thread.sleep(Thread.java:340)
	at java.util.concurrent.TimeUnit.sleep(TimeUnit.java:386)
	at org.apache.ratis.util.TimeDuration.sleep(TimeDuration.java:324)
	at org.apache.ratis.util.TimeDuration.sleep(TimeDuration.java:309)
	at org.apache.ratis.server.impl.FollowerState.run(FollowerState.java:118)
2021-09-16 12:47:24,829 [grpc-default-executor-0] INFO  server.RaftServer$Division (RaftServerImpl.java:requestVote(1043)) - b4139188-0655-419f-be5a-4685bfe92707@group-FD5B065FBE52: receive requestVote(ELECTION, 38372db9-1534-4cf5-b428-c401e92fe9f8, group-FD5B065FBE52, 4, (t:0, i:0))
2021-09-16 12:47:24,829 [grpc-default-executor-0] INFO  impl.VoteContext (VoteContext.java:log(48)) - b4139188-0655-419f-be5a-4685bfe92707@group-FD5B065FBE52-FOLLOWER: reject ELECTION from 38372db9-1534-4cf5-b428-c401e92fe9f8: our priority 1 > candidate's priority 0
2021-09-16 12:47:24,829 [grpc-default-executor-0] INFO  server.RaftServer$Division (RaftServerImpl.java:setRole(285)) - b4139188-0655-419f-be5a-4685bfe92707@group-FD5B065FBE52: changes role from  FOLLOWER to FOLLOWER at term 4 for candidate:38372db9-1534-4cf5-b428-c401e92fe9f8
2021-09-16 12:47:24,829 [grpc-default-executor-0] INFO  impl.RoleInfo (RoleInfo.java:shutdownFollowerState(108)) - b4139188-0655-419f-be5a-4685bfe92707: shutdown b4139188-0655-419f-be5a-4685bfe92707@group-FD5B065FBE52-FollowerState
2021-09-16 12:47:24,829 [grpc-default-executor-0] INFO  impl.RoleInfo (RoleInfo.java:updateAndGet(130)) - b4139188-0655-419f-be5a-4685bfe92707: start b4139188-0655-419f-be5a-4685bfe92707@group-FD5B065FBE52-FollowerState
2021-09-16 12:47:24,829 [b4139188-0655-419f-be5a-4685bfe92707@group-FD5B065FBE52-FollowerState] INFO  impl.FollowerState (FollowerState.java:run(143)) - b4139188-0655-419f-be5a-4685bfe92707@group-FD5B065FBE52-FollowerState was interrupted: {}
java.lang.InterruptedException: sleep interrupted
	at java.lang.Thread.sleep(Native Method)
	at java.lang.Thread.sleep(Thread.java:340)
	at java.util.concurrent.TimeUnit.sleep(TimeUnit.java:386)
	at org.apache.ratis.util.TimeDuration.sleep(TimeDuration.java:324)
	at org.apache.ratis.util.TimeDuration.sleep(TimeDuration.java:309)
	at org.apache.ratis.server.impl.FollowerState.run(FollowerState.java:118)
2021-09-16 12:47:24,830 [grpc-default-executor-2] INFO  server.RaftServer$Division (RaftServerImpl.java:requestVote(1075)) - f6069d6f-2c93-4424-9b40-fa2b0879fe00@group-FD5B065FBE52 replies to ELECTION vote request: 38372db9-1534-4cf5-b428-c401e92fe9f8<-f6069d6f-2c93-4424-9b40-fa2b0879fe00#0:OK-t4. Peer's state: f6069d6f-2c93-4424-9b40-fa2b0879fe00@group-FD5B065FBE52:t4, leader=null, voted=38372db9-1534-4cf5-b428-c401e92fe9f8, raftlog=f6069d6f-2c93-4424-9b40-fa2b0879fe00@group-FD5B065FBE52-SegmentedRaftLog:OPENED:c-1,f-1,i0, conf=-1: [f6069d6f-2c93-4424-9b40-fa2b0879fe00|rpc:10.1.0.31:33405|priority:0, 38372db9-1534-4cf5-b428-c401e92fe9f8|rpc:10.1.0.31:34927|priority:0, b4139188-0655-419f-be5a-4685bfe92707|rpc:10.1.0.31:39773|priority:1], old=null
2021-09-16 12:47:24,837 [grpc-default-executor-0] INFO  server.RaftServer$Division (RaftServerImpl.java:requestVote(1075)) - b4139188-0655-419f-be5a-4685bfe92707@group-FD5B065FBE52 replies to ELECTION vote request: 38372db9-1534-4cf5-b428-c401e92fe9f8<-b4139188-0655-419f-be5a-4685bfe92707#0:FAIL-t4. Peer's state: b4139188-0655-419f-be5a-4685bfe92707@group-FD5B065FBE52:t4, leader=null, voted=null, raftlog=b4139188-0655-419f-be5a-4685bfe92707@group-FD5B065FBE52-SegmentedRaftLog:OPENED:c-1,f-1,i0, conf=-1: [f6069d6f-2c93-4424-9b40-fa2b0879fe00|rpc:10.1.0.31:33405|priority:0, 38372db9-1534-4cf5-b428-c401e92fe9f8|rpc:10.1.0.31:34927|priority:0, b4139188-0655-419f-be5a-4685bfe92707|rpc:10.1.0.31:39773|priority:1], old=null
2021-09-16 12:47:24,839 [38372db9-1534-4cf5-b428-c401e92fe9f8@group-FD5B065FBE52-LeaderElection10] INFO  impl.LeaderElection (LeaderElection.java:logAndReturn(89)) - 38372db9-1534-4cf5-b428-c401e92fe9f8@group-FD5B065FBE52-LeaderElection10: ELECTION REJECTED received 2 response(s) and 0 exception(s):
2021-09-16 12:47:24,839 [38372db9-1534-4cf5-b428-c401e92fe9f8@group-FD5B065FBE52-LeaderElection10] INFO  impl.LeaderElection (LeaderElection.java:logAndReturn(93)) -   Response 0: 38372db9-1534-4cf5-b428-c401e92fe9f8<-f6069d6f-2c93-4424-9b40-fa2b0879fe00#0:OK-t4
2021-09-16 12:47:24,839 [38372db9-1534-4cf5-b428-c401e92fe9f8@group-FD5B065FBE52-LeaderElection10] INFO  impl.LeaderElection (LeaderElection.java:logAndReturn(93)) -   Response 1: 38372db9-1534-4cf5-b428-c401e92fe9f8<-b4139188-0655-419f-be5a-4685bfe92707#0:FAIL-t4
2021-09-16 12:47:24,841 [38372db9-1534-4cf5-b428-c401e92fe9f8@group-FD5B065FBE52-LeaderElection10] INFO  impl.LeaderElection (LeaderElection.java:askForVotes(308)) - 38372db9-1534-4cf5-b428-c401e92fe9f8@group-FD5B065FBE52-LeaderElection10 ELECTION round 0: result REJECTED
2021-09-16 12:47:24,841 [38372db9-1534-4cf5-b428-c401e92fe9f8@group-FD5B065FBE52-LeaderElection10] INFO  server.RaftServer$Division (RaftServerImpl.java:setRole(285)) - 38372db9-1534-4cf5-b428-c401e92fe9f8@group-FD5B065FBE52: changes role from CANDIDATE to FOLLOWER at term 4 for REJECTED
2021-09-16 12:47:24,841 [38372db9-1534-4cf5-b428-c401e92fe9f8@group-FD5B065FBE52-LeaderElection10] INFO  impl.RoleInfo (RoleInfo.java:shutdownLeaderElection(121)) - 38372db9-1534-4cf5-b428-c401e92fe9f8: shutdown 38372db9-1534-4cf5-b428-c401e92fe9f8@group-FD5B065FBE52-LeaderElection10
2021-09-16 12:47:24,841 [38372db9-1534-4cf5-b428-c401e92fe9f8@group-FD5B065FBE52-LeaderElection10] INFO  impl.RoleInfo (RoleInfo.java:updateAndGet(130)) - 38372db9-1534-4cf5-b428-c401e92fe9f8: start 38372db9-1534-4cf5-b428-c401e92fe9f8@group-FD5B065FBE52-FollowerState
2021-09-16 12:47:24,988 [Listener at 127.0.0.1/43521] INFO  ozone.MiniOzoneClusterImpl (MiniOzoneClusterImpl.java:lambda$waitForClusterToBeReady$0(235)) - Nodes are ready. Got 3 of 3 DN Heartbeats.
2021-09-16 12:47:24,989 [Listener at 127.0.0.1/43521] INFO  ozone.MiniOzoneClusterImpl (MiniOzoneClusterImpl.java:lambda$waitForClusterToBeReady$0(238)) - Waiting for cluster to exit safe mode
2021-09-16 12:47:24,989 [Listener at 127.0.0.1/43521] INFO  ozone.MiniOzoneClusterImpl (MiniOzoneClusterImpl.java:lambda$waitForClusterToBeReady$0(240)) - SCM became leader
2021-09-16 12:47:25,990 [Listener at 127.0.0.1/43521] INFO  ozone.MiniOzoneClusterImpl (MiniOzoneClusterImpl.java:lambda$waitForClusterToBeReady$0(235)) - Nodes are ready. Got 3 of 3 DN Heartbeats.
2021-09-16 12:47:25,990 [Listener at 127.0.0.1/43521] INFO  ozone.MiniOzoneClusterImpl (MiniOzoneClusterImpl.java:lambda$waitForClusterToBeReady$0(238)) - Waiting for cluster to exit safe mode
2021-09-16 12:47:25,990 [Listener at 127.0.0.1/43521] INFO  ozone.MiniOzoneClusterImpl (MiniOzoneClusterImpl.java:lambda$waitForClusterToBeReady$0(240)) - SCM became leader
2021-09-16 12:47:26,991 [Listener at 127.0.0.1/43521] INFO  ozone.MiniOzoneClusterImpl (MiniOzoneClusterImpl.java:lambda$waitForClusterToBeReady$0(235)) - Nodes are ready. Got 3 of 3 DN Heartbeats.
2021-09-16 12:47:26,991 [Listener at 127.0.0.1/43521] INFO  ozone.MiniOzoneClusterImpl (MiniOzoneClusterImpl.java:lambda$waitForClusterToBeReady$0(238)) - Waiting for cluster to exit safe mode
2021-09-16 12:47:26,991 [Listener at 127.0.0.1/43521] INFO  ozone.MiniOzoneClusterImpl (MiniOzoneClusterImpl.java:lambda$waitForClusterToBeReady$0(240)) - SCM became leader
2021-09-16 12:47:27,991 [Listener at 127.0.0.1/43521] INFO  ozone.MiniOzoneClusterImpl (MiniOzoneClusterImpl.java:lambda$waitForClusterToBeReady$0(235)) - Nodes are ready. Got 3 of 3 DN Heartbeats.
2021-09-16 12:47:27,991 [Listener at 127.0.0.1/43521] INFO  ozone.MiniOzoneClusterImpl (MiniOzoneClusterImpl.java:lambda$waitForClusterToBeReady$0(238)) - Waiting for cluster to exit safe mode
2021-09-16 12:47:27,991 [Listener at 127.0.0.1/43521] INFO  ozone.MiniOzoneClusterImpl (MiniOzoneClusterImpl.java:lambda$waitForClusterToBeReady$0(240)) - SCM became leader
2021-09-16 12:47:28,992 [Listener at 127.0.0.1/43521] INFO  ozone.MiniOzoneClusterImpl (MiniOzoneClusterImpl.java:lambda$waitForClusterToBeReady$0(235)) - Nodes are ready. Got 3 of 3 DN Heartbeats.
2021-09-16 12:47:28,992 [Listener at 127.0.0.1/43521] INFO  ozone.MiniOzoneClusterImpl (MiniOzoneClusterImpl.java:lambda$waitForClusterToBeReady$0(238)) - Waiting for cluster to exit safe mode
2021-09-16 12:47:28,992 [Listener at 127.0.0.1/43521] INFO  ozone.MiniOzoneClusterImpl (MiniOzoneClusterImpl.java:lambda$waitForClusterToBeReady$0(240)) - SCM became leader
2021-09-16 12:47:29,930 [38372db9-1534-4cf5-b428-c401e92fe9f8@group-FD5B065FBE52-FollowerState] INFO  impl.FollowerState (FollowerState.java:run(134)) - 38372db9-1534-4cf5-b428-c401e92fe9f8@group-FD5B065FBE52-FollowerState: change to CANDIDATE, lastRpcElapsedTime:5089246149ns, electionTimeout:5080ms
2021-09-16 12:47:29,931 [38372db9-1534-4cf5-b428-c401e92fe9f8@group-FD5B065FBE52-FollowerState] INFO  impl.RoleInfo (RoleInfo.java:shutdownFollowerState(108)) - 38372db9-1534-4cf5-b428-c401e92fe9f8: shutdown 38372db9-1534-4cf5-b428-c401e92fe9f8@group-FD5B065FBE52-FollowerState
2021-09-16 12:47:29,931 [38372db9-1534-4cf5-b428-c401e92fe9f8@group-FD5B065FBE52-FollowerState] INFO  server.RaftServer$Division (RaftServerImpl.java:setRole(285)) - 38372db9-1534-4cf5-b428-c401e92fe9f8@group-FD5B065FBE52: changes role from  FOLLOWER to CANDIDATE at term 4 for changeToCandidate
2021-09-16 12:47:29,931 [38372db9-1534-4cf5-b428-c401e92fe9f8@group-FD5B065FBE52-FollowerState] INFO  server.RaftServerConfigKeys (ConfUtils.java:logGet(44)) - raft.server.leaderelection.pre-vote = false (custom)
2021-09-16 12:47:29,931 [38372db9-1534-4cf5-b428-c401e92fe9f8@group-FD5B065FBE52-FollowerState] INFO  impl.RoleInfo (RoleInfo.java:updateAndGet(130)) - 38372db9-1534-4cf5-b428-c401e92fe9f8: start 38372db9-1534-4cf5-b428-c401e92fe9f8@group-FD5B065FBE52-LeaderElection11
2021-09-16 12:47:29,936 [38372db9-1534-4cf5-b428-c401e92fe9f8@group-FD5B065FBE52-LeaderElection11] INFO  impl.LeaderElection (LeaderElection.java:askForVotes(306)) - 38372db9-1534-4cf5-b428-c401e92fe9f8@group-FD5B065FBE52-LeaderElection11 ELECTION round 0: submit vote requests at term 5 for -1: [f6069d6f-2c93-4424-9b40-fa2b0879fe00|rpc:10.1.0.31:33405|priority:0, 38372db9-1534-4cf5-b428-c401e92fe9f8|rpc:10.1.0.31:34927|priority:0, b4139188-0655-419f-be5a-4685bfe92707|rpc:10.1.0.31:39773|priority:1], old=null
2021-09-16 12:47:29,936 [b4139188-0655-419f-be5a-4685bfe92707@group-FD5B065FBE52-FollowerState] INFO  impl.FollowerState (FollowerState.java:run(134)) - b4139188-0655-419f-be5a-4685bfe92707@group-FD5B065FBE52-FollowerState: change to CANDIDATE, lastRpcElapsedTime:5106924240ns, electionTimeout:5099ms
2021-09-16 12:47:29,937 [b4139188-0655-419f-be5a-4685bfe92707@group-FD5B065FBE52-FollowerState] INFO  impl.RoleInfo (RoleInfo.java:shutdownFollowerState(108)) - b4139188-0655-419f-be5a-4685bfe92707: shutdown b4139188-0655-419f-be5a-4685bfe92707@group-FD5B065FBE52-FollowerState
2021-09-16 12:47:29,937 [b4139188-0655-419f-be5a-4685bfe92707@group-FD5B065FBE52-FollowerState] INFO  server.RaftServer$Division (RaftServerImpl.java:setRole(285)) - b4139188-0655-419f-be5a-4685bfe92707@group-FD5B065FBE52: changes role from  FOLLOWER to CANDIDATE at term 4 for changeToCandidate
2021-09-16 12:47:29,937 [b4139188-0655-419f-be5a-4685bfe92707@group-FD5B065FBE52-FollowerState] INFO  server.RaftServerConfigKeys (ConfUtils.java:logGet(44)) - raft.server.leaderelection.pre-vote = false (custom)
2021-09-16 12:47:29,937 [b4139188-0655-419f-be5a-4685bfe92707@group-FD5B065FBE52-FollowerState] INFO  impl.RoleInfo (RoleInfo.java:updateAndGet(130)) - b4139188-0655-419f-be5a-4685bfe92707: start b4139188-0655-419f-be5a-4685bfe92707@group-FD5B065FBE52-LeaderElection12
2021-09-16 12:47:29,946 [b4139188-0655-419f-be5a-4685bfe92707@group-FD5B065FBE52-LeaderElection12] INFO  impl.LeaderElection (LeaderElection.java:askForVotes(306)) - b4139188-0655-419f-be5a-4685bfe92707@group-FD5B065FBE52-LeaderElection12 ELECTION round 0: submit vote requests at term 5 for -1: [f6069d6f-2c93-4424-9b40-fa2b0879fe00|rpc:10.1.0.31:33405|priority:0, 38372db9-1534-4cf5-b428-c401e92fe9f8|rpc:10.1.0.31:34927|priority:0, b4139188-0655-419f-be5a-4685bfe92707|rpc:10.1.0.31:39773|priority:1], old=null
2021-09-16 12:47:29,947 [grpc-default-executor-0] INFO  server.RaftServer$Division (RaftServerImpl.java:requestVote(1043)) - b4139188-0655-419f-be5a-4685bfe92707@group-FD5B065FBE52: receive requestVote(ELECTION, 38372db9-1534-4cf5-b428-c401e92fe9f8, group-FD5B065FBE52, 5, (t:0, i:0))
2021-09-16 12:47:29,948 [grpc-default-executor-0] INFO  impl.VoteContext (VoteContext.java:log(48)) - b4139188-0655-419f-be5a-4685bfe92707@group-FD5B065FBE52-CANDIDATE: reject ELECTION from 38372db9-1534-4cf5-b428-c401e92fe9f8: already has voted for b4139188-0655-419f-be5a-4685bfe92707 at current term 5
2021-09-16 12:47:29,948 [grpc-default-executor-0] INFO  server.RaftServer$Division (RaftServerImpl.java:requestVote(1075)) - b4139188-0655-419f-be5a-4685bfe92707@group-FD5B065FBE52 replies to ELECTION vote request: 38372db9-1534-4cf5-b428-c401e92fe9f8<-b4139188-0655-419f-be5a-4685bfe92707#0:FAIL-t5. Peer's state: b4139188-0655-419f-be5a-4685bfe92707@group-FD5B065FBE52:t5, leader=null, voted=b4139188-0655-419f-be5a-4685bfe92707, raftlog=b4139188-0655-419f-be5a-4685bfe92707@group-FD5B065FBE52-SegmentedRaftLog:OPENED:c-1,f-1,i0, conf=-1: [f6069d6f-2c93-4424-9b40-fa2b0879fe00|rpc:10.1.0.31:33405|priority:0, 38372db9-1534-4cf5-b428-c401e92fe9f8|rpc:10.1.0.31:34927|priority:0, b4139188-0655-419f-be5a-4685bfe92707|rpc:10.1.0.31:39773|priority:1], old=null
2021-09-16 12:47:29,959 [38372db9-1534-4cf5-b428-c401e92fe9f8@group-FD5B065FBE52-LeaderElection11] INFO  impl.LeaderElection (LeaderElection.java:logAndReturn(89)) - 38372db9-1534-4cf5-b428-c401e92fe9f8@group-FD5B065FBE52-LeaderElection11: ELECTION REJECTED received 1 response(s) and 0 exception(s):
2021-09-16 12:47:29,959 [38372db9-1534-4cf5-b428-c401e92fe9f8@group-FD5B065FBE52-LeaderElection11] INFO  impl.LeaderElection (LeaderElection.java:logAndReturn(93)) -   Response 0: 38372db9-1534-4cf5-b428-c401e92fe9f8<-b4139188-0655-419f-be5a-4685bfe92707#0:FAIL-t5
2021-09-16 12:47:29,959 [38372db9-1534-4cf5-b428-c401e92fe9f8@group-FD5B065FBE52-LeaderElection11] INFO  impl.LeaderElection (LeaderElection.java:askForVotes(308)) - 38372db9-1534-4cf5-b428-c401e92fe9f8@group-FD5B065FBE52-LeaderElection11 ELECTION round 0: result REJECTED
2021-09-16 12:47:29,960 [38372db9-1534-4cf5-b428-c401e92fe9f8@group-FD5B065FBE52-LeaderElection11] INFO  server.RaftServer$Division (RaftServerImpl.java:setRole(285)) - 38372db9-1534-4cf5-b428-c401e92fe9f8@group-FD5B065FBE52: changes role from CANDIDATE to FOLLOWER at term 5 for REJECTED
2021-09-16 12:47:29,960 [38372db9-1534-4cf5-b428-c401e92fe9f8@group-FD5B065FBE52-LeaderElection11] INFO  impl.RoleInfo (RoleInfo.java:shutdownLeaderElection(121)) - 38372db9-1534-4cf5-b428-c401e92fe9f8: shutdown 38372db9-1534-4cf5-b428-c401e92fe9f8@group-FD5B065FBE52-LeaderElection11
2021-09-16 12:47:29,960 [38372db9-1534-4cf5-b428-c401e92fe9f8@group-FD5B065FBE52-LeaderElection11] INFO  impl.RoleInfo (RoleInfo.java:updateAndGet(130)) - 38372db9-1534-4cf5-b428-c401e92fe9f8: start 38372db9-1534-4cf5-b428-c401e92fe9f8@group-FD5B065FBE52-FollowerState
2021-09-16 12:47:29,972 [grpc-default-executor-0] INFO  server.RaftServer$Division (RaftServerImpl.java:requestVote(1043)) - f6069d6f-2c93-4424-9b40-fa2b0879fe00@group-FD5B065FBE52: receive requestVote(ELECTION, 38372db9-1534-4cf5-b428-c401e92fe9f8, group-FD5B065FBE52, 5, (t:0, i:0))
2021-09-16 12:47:29,974 [grpc-default-executor-0] INFO  impl.VoteContext (VoteContext.java:log(48)) - f6069d6f-2c93-4424-9b40-fa2b0879fe00@group-FD5B065FBE52-FOLLOWER: accept ELECTION from 38372db9-1534-4cf5-b428-c401e92fe9f8: our priority 0 <= candidate's priority 0
2021-09-16 12:47:29,974 [grpc-default-executor-0] INFO  server.RaftServer$Division (RaftServerImpl.java:setRole(285)) - f6069d6f-2c93-4424-9b40-fa2b0879fe00@group-FD5B065FBE52: changes role from  FOLLOWER to FOLLOWER at term 5 for candidate:38372db9-1534-4cf5-b428-c401e92fe9f8
2021-09-16 12:47:29,974 [grpc-default-executor-0] INFO  impl.RoleInfo (RoleInfo.java:shutdownFollowerState(108)) - f6069d6f-2c93-4424-9b40-fa2b0879fe00: shutdown f6069d6f-2c93-4424-9b40-fa2b0879fe00@group-FD5B065FBE52-FollowerState
2021-09-16 12:47:29,974 [grpc-default-executor-0] INFO  impl.RoleInfo (RoleInfo.java:updateAndGet(130)) - f6069d6f-2c93-4424-9b40-fa2b0879fe00: start f6069d6f-2c93-4424-9b40-fa2b0879fe00@group-FD5B065FBE52-FollowerState
2021-09-16 12:47:29,974 [f6069d6f-2c93-4424-9b40-fa2b0879fe00@group-FD5B065FBE52-FollowerState] INFO  impl.FollowerState (FollowerState.java:run(143)) - f6069d6f-2c93-4424-9b40-fa2b0879fe00@group-FD5B065FBE52-FollowerState was interrupted: {}
java.lang.InterruptedException: sleep interrupted
	at java.lang.Thread.sleep(Native Method)
	at java.lang.Thread.sleep(Thread.java:340)
	at java.util.concurrent.TimeUnit.sleep(TimeUnit.java:386)
	at org.apache.ratis.util.TimeDuration.sleep(TimeDuration.java:324)
	at org.apache.ratis.util.TimeDuration.sleep(TimeDuration.java:309)
	at org.apache.ratis.server.impl.FollowerState.run(FollowerState.java:118)
2021-09-16 12:47:29,980 [grpc-default-executor-0] INFO  server.RaftServer$Division (RaftServerImpl.java:requestVote(1075)) - f6069d6f-2c93-4424-9b40-fa2b0879fe00@group-FD5B065FBE52 replies to ELECTION vote request: 38372db9-1534-4cf5-b428-c401e92fe9f8<-f6069d6f-2c93-4424-9b40-fa2b0879fe00#0:OK-t5. Peer's state: f6069d6f-2c93-4424-9b40-fa2b0879fe00@group-FD5B065FBE52:t5, leader=null, voted=38372db9-1534-4cf5-b428-c401e92fe9f8, raftlog=f6069d6f-2c93-4424-9b40-fa2b0879fe00@group-FD5B065FBE52-SegmentedRaftLog:OPENED:c-1,f-1,i0, conf=-1: [f6069d6f-2c93-4424-9b40-fa2b0879fe00|rpc:10.1.0.31:33405|priority:0, 38372db9-1534-4cf5-b428-c401e92fe9f8|rpc:10.1.0.31:34927|priority:0, b4139188-0655-419f-be5a-4685bfe92707|rpc:10.1.0.31:39773|priority:1], old=null
2021-09-16 12:47:29,982 [grpc-default-executor-0] INFO  server.RaftServer$Division (RaftServerImpl.java:requestVote(1043)) - f6069d6f-2c93-4424-9b40-fa2b0879fe00@group-FD5B065FBE52: receive requestVote(ELECTION, b4139188-0655-419f-be5a-4685bfe92707, group-FD5B065FBE52, 5, (t:0, i:0))
2021-09-16 12:47:29,982 [grpc-default-executor-0] INFO  impl.VoteContext (VoteContext.java:log(48)) - f6069d6f-2c93-4424-9b40-fa2b0879fe00@group-FD5B065FBE52-FOLLOWER: reject ELECTION from b4139188-0655-419f-be5a-4685bfe92707: already has voted for 38372db9-1534-4cf5-b428-c401e92fe9f8 at current term 5
2021-09-16 12:47:29,982 [grpc-default-executor-0] INFO  server.RaftServer$Division (RaftServerImpl.java:requestVote(1075)) - f6069d6f-2c93-4424-9b40-fa2b0879fe00@group-FD5B065FBE52 replies to ELECTION vote request: b4139188-0655-419f-be5a-4685bfe92707<-f6069d6f-2c93-4424-9b40-fa2b0879fe00#0:FAIL-t5. Peer's state: f6069d6f-2c93-4424-9b40-fa2b0879fe00@group-FD5B065FBE52:t5, leader=null, voted=38372db9-1534-4cf5-b428-c401e92fe9f8, raftlog=f6069d6f-2c93-4424-9b40-fa2b0879fe00@group-FD5B065FBE52-SegmentedRaftLog:OPENED:c-1,f-1,i0, conf=-1: [f6069d6f-2c93-4424-9b40-fa2b0879fe00|rpc:10.1.0.31:33405|priority:0, 38372db9-1534-4cf5-b428-c401e92fe9f8|rpc:10.1.0.31:34927|priority:0, b4139188-0655-419f-be5a-4685bfe92707|rpc:10.1.0.31:39773|priority:1], old=null
2021-09-16 12:47:29,984 [grpc-default-executor-2] INFO  server.RaftServer$Division (RaftServerImpl.java:requestVote(1043)) - 38372db9-1534-4cf5-b428-c401e92fe9f8@group-FD5B065FBE52: receive requestVote(ELECTION, b4139188-0655-419f-be5a-4685bfe92707, group-FD5B065FBE52, 5, (t:0, i:0))
2021-09-16 12:47:29,984 [grpc-default-executor-2] INFO  impl.VoteContext (VoteContext.java:log(48)) - 38372db9-1534-4cf5-b428-c401e92fe9f8@group-FD5B065FBE52-FOLLOWER: reject ELECTION from b4139188-0655-419f-be5a-4685bfe92707: already has voted for 38372db9-1534-4cf5-b428-c401e92fe9f8 at current term 5
2021-09-16 12:47:29,985 [grpc-default-executor-2] INFO  server.RaftServer$Division (RaftServerImpl.java:requestVote(1075)) - 38372db9-1534-4cf5-b428-c401e92fe9f8@group-FD5B065FBE52 replies to ELECTION vote request: b4139188-0655-419f-be5a-4685bfe92707<-38372db9-1534-4cf5-b428-c401e92fe9f8#0:FAIL-t5. Peer's state: 38372db9-1534-4cf5-b428-c401e92fe9f8@group-FD5B065FBE52:t5, leader=null, voted=38372db9-1534-4cf5-b428-c401e92fe9f8, raftlog=38372db9-1534-4cf5-b428-c401e92fe9f8@group-FD5B065FBE52-SegmentedRaftLog:OPENED:c-1,f-1,i0, conf=-1: [f6069d6f-2c93-4424-9b40-fa2b0879fe00|rpc:10.1.0.31:33405|priority:0, 38372db9-1534-4cf5-b428-c401e92fe9f8|rpc:10.1.0.31:34927|priority:0, b4139188-0655-419f-be5a-4685bfe92707|rpc:10.1.0.31:39773|priority:1], old=null
2021-09-16 12:47:29,988 [b4139188-0655-419f-be5a-4685bfe92707@group-FD5B065FBE52-LeaderElection12] INFO  impl.LeaderElection (LeaderElection.java:logAndReturn(89)) - b4139188-0655-419f-be5a-4685bfe92707@group-FD5B065FBE52-LeaderElection12: ELECTION REJECTED received 2 response(s) and 0 exception(s):
2021-09-16 12:47:29,989 [b4139188-0655-419f-be5a-4685bfe92707@group-FD5B065FBE52-LeaderElection12] INFO  impl.LeaderElection (LeaderElection.java:logAndReturn(93)) -   Response 0: b4139188-0655-419f-be5a-4685bfe92707<-f6069d6f-2c93-4424-9b40-fa2b0879fe00#0:FAIL-t5
2021-09-16 12:47:29,989 [b4139188-0655-419f-be5a-4685bfe92707@group-FD5B065FBE52-LeaderElection12] INFO  impl.LeaderElection (LeaderElection.java:logAndReturn(93)) -   Response 1: b4139188-0655-419f-be5a-4685bfe92707<-38372db9-1534-4cf5-b428-c401e92fe9f8#0:FAIL-t5
2021-09-16 12:47:29,989 [b4139188-0655-419f-be5a-4685bfe92707@group-FD5B065FBE52-LeaderElection12] INFO  impl.LeaderElection (LeaderElection.java:askForVotes(308)) - b4139188-0655-419f-be5a-4685bfe92707@group-FD5B065FBE52-LeaderElection12 ELECTION round 0: result REJECTED
2021-09-16 12:47:29,990 [b4139188-0655-419f-be5a-4685bfe92707@group-FD5B065FBE52-LeaderElection12] INFO  server.RaftServer$Division (RaftServerImpl.java:setRole(285)) - b4139188-0655-419f-be5a-4685bfe92707@group-FD5B065FBE52: changes role from CANDIDATE to FOLLOWER at term 5 for REJECTED
2021-09-16 12:47:29,990 [b4139188-0655-419f-be5a-4685bfe92707@group-FD5B065FBE52-LeaderElection12] INFO  impl.RoleInfo (RoleInfo.java:shutdownLeaderElection(121)) - b4139188-0655-419f-be5a-4685bfe92707: shutdown b4139188-0655-419f-be5a-4685bfe92707@group-FD5B065FBE52-LeaderElection12
2021-09-16 12:47:29,990 [b4139188-0655-419f-be5a-4685bfe92707@group-FD5B065FBE52-LeaderElection12] INFO  impl.RoleInfo (RoleInfo.java:updateAndGet(130)) - b4139188-0655-419f-be5a-4685bfe92707: start b4139188-0655-419f-be5a-4685bfe92707@group-FD5B065FBE52-FollowerState
2021-09-16 12:47:29,992 [Listener at 127.0.0.1/43521] INFO  ozone.MiniOzoneClusterImpl (MiniOzoneClusterImpl.java:lambda$waitForClusterToBeReady$0(235)) - Nodes are ready. Got 3 of 3 DN Heartbeats.
2021-09-16 12:47:29,995 [Listener at 127.0.0.1/43521] INFO  ozone.MiniOzoneClusterImpl (MiniOzoneClusterImpl.java:lambda$waitForClusterToBeReady$0(238)) - Waiting for cluster to exit safe mode
2021-09-16 12:47:29,995 [Listener at 127.0.0.1/43521] INFO  ozone.MiniOzoneClusterImpl (MiniOzoneClusterImpl.java:lambda$waitForClusterToBeReady$0(240)) - SCM became leader
2021-09-16 12:47:30,995 [Listener at 127.0.0.1/43521] INFO  ozone.MiniOzoneClusterImpl (MiniOzoneClusterImpl.java:lambda$waitForClusterToBeReady$0(235)) - Nodes are ready. Got 3 of 3 DN Heartbeats.
2021-09-16 12:47:30,995 [Listener at 127.0.0.1/43521] INFO  ozone.MiniOzoneClusterImpl (MiniOzoneClusterImpl.java:lambda$waitForClusterToBeReady$0(238)) - Waiting for cluster to exit safe mode
2021-09-16 12:47:30,995 [Listener at 127.0.0.1/43521] INFO  ozone.MiniOzoneClusterImpl (MiniOzoneClusterImpl.java:lambda$waitForClusterToBeReady$0(240)) - SCM became leader
2021-09-16 12:47:31,996 [Listener at 127.0.0.1/43521] INFO  ozone.MiniOzoneClusterImpl (MiniOzoneClusterImpl.java:lambda$waitForClusterToBeReady$0(235)) - Nodes are ready. Got 3 of 3 DN Heartbeats.
2021-09-16 12:47:31,996 [Listener at 127.0.0.1/43521] INFO  ozone.MiniOzoneClusterImpl (MiniOzoneClusterImpl.java:lambda$waitForClusterToBeReady$0(238)) - Waiting for cluster to exit safe mode
2021-09-16 12:47:31,996 [Listener at 127.0.0.1/43521] INFO  ozone.MiniOzoneClusterImpl (MiniOzoneClusterImpl.java:lambda$waitForClusterToBeReady$0(240)) - SCM became leader
2021-09-16 12:47:32,996 [Listener at 127.0.0.1/43521] INFO  ozone.MiniOzoneClusterImpl (MiniOzoneClusterImpl.java:lambda$waitForClusterToBeReady$0(235)) - Nodes are ready. Got 3 of 3 DN Heartbeats.
2021-09-16 12:47:32,996 [Listener at 127.0.0.1/43521] INFO  ozone.MiniOzoneClusterImpl (MiniOzoneClusterImpl.java:lambda$waitForClusterToBeReady$0(238)) - Waiting for cluster to exit safe mode
2021-09-16 12:47:32,996 [Listener at 127.0.0.1/43521] INFO  ozone.MiniOzoneClusterImpl (MiniOzoneClusterImpl.java:lambda$waitForClusterToBeReady$0(240)) - SCM became leader
2021-09-16 12:47:33,997 [Listener at 127.0.0.1/43521] INFO  ozone.MiniOzoneClusterImpl (MiniOzoneClusterImpl.java:lambda$waitForClusterToBeReady$0(235)) - Nodes are ready. Got 3 of 3 DN Heartbeats.
2021-09-16 12:47:33,997 [Listener at 127.0.0.1/43521] INFO  ozone.MiniOzoneClusterImpl (MiniOzoneClusterImpl.java:lambda$waitForClusterToBeReady$0(238)) - Waiting for cluster to exit safe mode
2021-09-16 12:47:33,997 [Listener at 127.0.0.1/43521] INFO  ozone.MiniOzoneClusterImpl (MiniOzoneClusterImpl.java:lambda$waitForClusterToBeReady$0(240)) - SCM became leader
2021-09-16 12:47:34,997 [Listener at 127.0.0.1/43521] INFO  ozone.MiniOzoneClusterImpl (MiniOzoneClusterImpl.java:lambda$waitForClusterToBeReady$0(235)) - Nodes are ready. Got 3 of 3 DN Heartbeats.
2021-09-16 12:47:34,998 [Listener at 127.0.0.1/43521] INFO  ozone.MiniOzoneClusterImpl (MiniOzoneClusterImpl.java:lambda$waitForClusterToBeReady$0(238)) - Waiting for cluster to exit safe mode
2021-09-16 12:47:34,998 [Listener at 127.0.0.1/43521] INFO  ozone.MiniOzoneClusterImpl (MiniOzoneClusterImpl.java:lambda$waitForClusterToBeReady$0(240)) - SCM became leader
2021-09-16 12:47:35,001 [38372db9-1534-4cf5-b428-c401e92fe9f8@group-FD5B065FBE52-FollowerState] INFO  impl.FollowerState (FollowerState.java:run(134)) - 38372db9-1534-4cf5-b428-c401e92fe9f8@group-FD5B065FBE52-FollowerState: change to CANDIDATE, lastRpcElapsedTime:5040457240ns, electionTimeout:5040ms
2021-09-16 12:47:35,001 [38372db9-1534-4cf5-b428-c401e92fe9f8@group-FD5B065FBE52-FollowerState] INFO  impl.RoleInfo (RoleInfo.java:shutdownFollowerState(108)) - 38372db9-1534-4cf5-b428-c401e92fe9f8: shutdown 38372db9-1534-4cf5-b428-c401e92fe9f8@group-FD5B065FBE52-FollowerState
2021-09-16 12:47:35,001 [38372db9-1534-4cf5-b428-c401e92fe9f8@group-FD5B065FBE52-FollowerState] INFO  server.RaftServer$Division (RaftServerImpl.java:setRole(285)) - 38372db9-1534-4cf5-b428-c401e92fe9f8@group-FD5B065FBE52: changes role from  FOLLOWER to CANDIDATE at term 5 for changeToCandidate
2021-09-16 12:47:35,001 [38372db9-1534-4cf5-b428-c401e92fe9f8@group-FD5B065FBE52-FollowerState] INFO  server.RaftServerConfigKeys (ConfUtils.java:logGet(44)) - raft.server.leaderelection.pre-vote = false (custom)
2021-09-16 12:47:35,001 [38372db9-1534-4cf5-b428-c401e92fe9f8@group-FD5B065FBE52-FollowerState] INFO  impl.RoleInfo (RoleInfo.java:updateAndGet(130)) - 38372db9-1534-4cf5-b428-c401e92fe9f8: start 38372db9-1534-4cf5-b428-c401e92fe9f8@group-FD5B065FBE52-LeaderElection13
2021-09-16 12:47:35,007 [38372db9-1534-4cf5-b428-c401e92fe9f8@group-FD5B065FBE52-LeaderElection13] INFO  impl.LeaderElection (LeaderElection.java:askForVotes(306)) - 38372db9-1534-4cf5-b428-c401e92fe9f8@group-FD5B065FBE52-LeaderElection13 ELECTION round 0: submit vote requests at term 6 for -1: [f6069d6f-2c93-4424-9b40-fa2b0879fe00|rpc:10.1.0.31:33405|priority:0, 38372db9-1534-4cf5-b428-c401e92fe9f8|rpc:10.1.0.31:34927|priority:0, b4139188-0655-419f-be5a-4685bfe92707|rpc:10.1.0.31:39773|priority:1], old=null
2021-09-16 12:47:35,016 [grpc-default-executor-2] INFO  server.RaftServer$Division (RaftServerImpl.java:requestVote(1043)) - f6069d6f-2c93-4424-9b40-fa2b0879fe00@group-FD5B065FBE52: receive requestVote(ELECTION, 38372db9-1534-4cf5-b428-c401e92fe9f8, group-FD5B065FBE52, 6, (t:0, i:0))
2021-09-16 12:47:35,016 [grpc-default-executor-2] INFO  impl.VoteContext (VoteContext.java:log(48)) - f6069d6f-2c93-4424-9b40-fa2b0879fe00@group-FD5B065FBE52-FOLLOWER: accept ELECTION from 38372db9-1534-4cf5-b428-c401e92fe9f8: our priority 0 <= candidate's priority 0
2021-09-16 12:47:35,016 [grpc-default-executor-2] INFO  server.RaftServer$Division (RaftServerImpl.java:setRole(285)) - f6069d6f-2c93-4424-9b40-fa2b0879fe00@group-FD5B065FBE52: changes role from  FOLLOWER to FOLLOWER at term 6 for candidate:38372db9-1534-4cf5-b428-c401e92fe9f8
2021-09-16 12:47:35,016 [grpc-default-executor-2] INFO  impl.RoleInfo (RoleInfo.java:shutdownFollowerState(108)) - f6069d6f-2c93-4424-9b40-fa2b0879fe00: shutdown f6069d6f-2c93-4424-9b40-fa2b0879fe00@group-FD5B065FBE52-FollowerState
2021-09-16 12:47:35,016 [grpc-default-executor-2] INFO  impl.RoleInfo (RoleInfo.java:updateAndGet(130)) - f6069d6f-2c93-4424-9b40-fa2b0879fe00: start f6069d6f-2c93-4424-9b40-fa2b0879fe00@group-FD5B065FBE52-FollowerState
2021-09-16 12:47:35,016 [f6069d6f-2c93-4424-9b40-fa2b0879fe00@group-FD5B065FBE52-FollowerState] INFO  impl.FollowerState (FollowerState.java:run(143)) - f6069d6f-2c93-4424-9b40-fa2b0879fe00@group-FD5B065FBE52-FollowerState was interrupted: {}
java.lang.InterruptedException: sleep interrupted
	at java.lang.Thread.sleep(Native Method)
	at java.lang.Thread.sleep(Thread.java:340)
	at java.util.concurrent.TimeUnit.sleep(TimeUnit.java:386)
	at org.apache.ratis.util.TimeDuration.sleep(TimeDuration.java:324)
	at org.apache.ratis.util.TimeDuration.sleep(TimeDuration.java:309)
	at org.apache.ratis.server.impl.FollowerState.run(FollowerState.java:118)
2021-09-16 12:47:35,021 [grpc-default-executor-0] INFO  server.RaftServer$Division (RaftServerImpl.java:requestVote(1043)) - b4139188-0655-419f-be5a-4685bfe92707@group-FD5B065FBE52: receive requestVote(ELECTION, 38372db9-1534-4cf5-b428-c401e92fe9f8, group-FD5B065FBE52, 6, (t:0, i:0))
2021-09-16 12:47:35,021 [grpc-default-executor-0] INFO  impl.VoteContext (VoteContext.java:log(48)) - b4139188-0655-419f-be5a-4685bfe92707@group-FD5B065FBE52-FOLLOWER: reject ELECTION from 38372db9-1534-4cf5-b428-c401e92fe9f8: our priority 1 > candidate's priority 0
2021-09-16 12:47:35,021 [grpc-default-executor-0] INFO  server.RaftServer$Division (RaftServerImpl.java:setRole(285)) - b4139188-0655-419f-be5a-4685bfe92707@group-FD5B065FBE52: changes role from  FOLLOWER to FOLLOWER at term 6 for candidate:38372db9-1534-4cf5-b428-c401e92fe9f8
2021-09-16 12:47:35,021 [grpc-default-executor-0] INFO  impl.RoleInfo (RoleInfo.java:shutdownFollowerState(108)) - b4139188-0655-419f-be5a-4685bfe92707: shutdown b4139188-0655-419f-be5a-4685bfe92707@group-FD5B065FBE52-FollowerState
2021-09-16 12:47:35,021 [grpc-default-executor-0] INFO  impl.RoleInfo (RoleInfo.java:updateAndGet(130)) - b4139188-0655-419f-be5a-4685bfe92707: start b4139188-0655-419f-be5a-4685bfe92707@group-FD5B065FBE52-FollowerState
2021-09-16 12:47:35,022 [b4139188-0655-419f-be5a-4685bfe92707@group-FD5B065FBE52-FollowerState] INFO  impl.FollowerState (FollowerState.java:run(143)) - b4139188-0655-419f-be5a-4685bfe92707@group-FD5B065FBE52-FollowerState was interrupted: {}
java.lang.InterruptedException: sleep interrupted
	at java.lang.Thread.sleep(Native Method)
	at java.lang.Thread.sleep(Thread.java:340)
	at java.util.concurrent.TimeUnit.sleep(TimeUnit.java:386)
	at org.apache.ratis.util.TimeDuration.sleep(TimeDuration.java:324)
	at org.apache.ratis.util.TimeDuration.sleep(TimeDuration.java:309)
	at org.apache.ratis.server.impl.FollowerState.run(FollowerState.java:118)
2021-09-16 12:47:35,024 [grpc-default-executor-2] INFO  server.RaftServer$Division (RaftServerImpl.java:requestVote(1075)) - f6069d6f-2c93-4424-9b40-fa2b0879fe00@group-FD5B065FBE52 replies to ELECTION vote request: 38372db9-1534-4cf5-b428-c401e92fe9f8<-f6069d6f-2c93-4424-9b40-fa2b0879fe00#0:OK-t6. Peer's state: f6069d6f-2c93-4424-9b40-fa2b0879fe00@group-FD5B065FBE52:t6, leader=null, voted=38372db9-1534-4cf5-b428-c401e92fe9f8, raftlog=f6069d6f-2c93-4424-9b40-fa2b0879fe00@group-FD5B065FBE52-SegmentedRaftLog:OPENED:c-1,f-1,i0, conf=-1: [f6069d6f-2c93-4424-9b40-fa2b0879fe00|rpc:10.1.0.31:33405|priority:0, 38372db9-1534-4cf5-b428-c401e92fe9f8|rpc:10.1.0.31:34927|priority:0, b4139188-0655-419f-be5a-4685bfe92707|rpc:10.1.0.31:39773|priority:1], old=null
2021-09-16 12:47:35,040 [grpc-default-executor-0] INFO  server.RaftServer$Division (RaftServerImpl.java:requestVote(1075)) - b4139188-0655-419f-be5a-4685bfe92707@group-FD5B065FBE52 replies to ELECTION vote request: 38372db9-1534-4cf5-b428-c401e92fe9f8<-b4139188-0655-419f-be5a-4685bfe92707#0:FAIL-t6. Peer's state: b4139188-0655-419f-be5a-4685bfe92707@group-FD5B065FBE52:t6, leader=null, voted=null, raftlog=b4139188-0655-419f-be5a-4685bfe92707@group-FD5B065FBE52-SegmentedRaftLog:OPENED:c-1,f-1,i0, conf=-1: [f6069d6f-2c93-4424-9b40-fa2b0879fe00|rpc:10.1.0.31:33405|priority:0, 38372db9-1534-4cf5-b428-c401e92fe9f8|rpc:10.1.0.31:34927|priority:0, b4139188-0655-419f-be5a-4685bfe92707|rpc:10.1.0.31:39773|priority:1], old=null
2021-09-16 12:47:35,042 [38372db9-1534-4cf5-b428-c401e92fe9f8@group-FD5B065FBE52-LeaderElection13] INFO  impl.LeaderElection (LeaderElection.java:logAndReturn(89)) - 38372db9-1534-4cf5-b428-c401e92fe9f8@group-FD5B065FBE52-LeaderElection13: ELECTION REJECTED received 2 response(s) and 0 exception(s):
2021-09-16 12:47:35,042 [38372db9-1534-4cf5-b428-c401e92fe9f8@group-FD5B065FBE52-LeaderElection13] INFO  impl.LeaderElection (LeaderElection.java:logAndReturn(93)) -   Response 0: 38372db9-1534-4cf5-b428-c401e92fe9f8<-f6069d6f-2c93-4424-9b40-fa2b0879fe00#0:OK-t6
2021-09-16 12:47:35,042 [38372db9-1534-4cf5-b428-c401e92fe9f8@group-FD5B065FBE52-LeaderElection13] INFO  impl.LeaderElection (LeaderElection.java:logAndReturn(93)) -   Response 1: 38372db9-1534-4cf5-b428-c401e92fe9f8<-b4139188-0655-419f-be5a-4685bfe92707#0:FAIL-t6
2021-09-16 12:47:35,042 [38372db9-1534-4cf5-b428-c401e92fe9f8@group-FD5B065FBE52-LeaderElection13] INFO  impl.LeaderElection (LeaderElection.java:askForVotes(308)) - 38372db9-1534-4cf5-b428-c401e92fe9f8@group-FD5B065FBE52-LeaderElection13 ELECTION round 0: result REJECTED
2021-09-16 12:47:35,042 [38372db9-1534-4cf5-b428-c401e92fe9f8@group-FD5B065FBE52-LeaderElection13] INFO  server.RaftServer$Division (RaftServerImpl.java:setRole(285)) - 38372db9-1534-4cf5-b428-c401e92fe9f8@group-FD5B065FBE52: changes role from CANDIDATE to FOLLOWER at term 6 for REJECTED
2021-09-16 12:47:35,042 [38372db9-1534-4cf5-b428-c401e92fe9f8@group-FD5B065FBE52-LeaderElection13] INFO  impl.RoleInfo (RoleInfo.java:shutdownLeaderElection(121)) - 38372db9-1534-4cf5-b428-c401e92fe9f8: shutdown 38372db9-1534-4cf5-b428-c401e92fe9f8@group-FD5B065FBE52-LeaderElection13
2021-09-16 12:47:35,042 [38372db9-1534-4cf5-b428-c401e92fe9f8@group-FD5B065FBE52-LeaderElection13] INFO  impl.RoleInfo (RoleInfo.java:updateAndGet(130)) - 38372db9-1534-4cf5-b428-c401e92fe9f8: start 38372db9-1534-4cf5-b428-c401e92fe9f8@group-FD5B065FBE52-FollowerState
2021-09-16 12:47:35,998 [Listener at 127.0.0.1/43521] INFO  ozone.MiniOzoneClusterImpl (MiniOzoneClusterImpl.java:lambda$waitForClusterToBeReady$0(235)) - Nodes are ready. Got 3 of 3 DN Heartbeats.
2021-09-16 12:47:35,999 [Listener at 127.0.0.1/43521] INFO  ozone.MiniOzoneClusterImpl (MiniOzoneClusterImpl.java:lambda$waitForClusterToBeReady$0(238)) - Waiting for cluster to exit safe mode
2021-09-16 12:47:35,999 [Listener at 127.0.0.1/43521] INFO  ozone.MiniOzoneClusterImpl (MiniOzoneClusterImpl.java:lambda$waitForClusterToBeReady$0(240)) - SCM became leader
2021-09-16 12:47:36,999 [Listener at 127.0.0.1/43521] INFO  ozone.MiniOzoneClusterImpl (MiniOzoneClusterImpl.java:lambda$waitForClusterToBeReady$0(235)) - Nodes are ready. Got 3 of 3 DN Heartbeats.
2021-09-16 12:47:36,999 [Listener at 127.0.0.1/43521] INFO  ozone.MiniOzoneClusterImpl (MiniOzoneClusterImpl.java:lambda$waitForClusterToBeReady$0(238)) - Waiting for cluster to exit safe mode
2021-09-16 12:47:36,999 [Listener at 127.0.0.1/43521] INFO  ozone.MiniOzoneClusterImpl (MiniOzoneClusterImpl.java:lambda$waitForClusterToBeReady$0(240)) - SCM became leader
2021-09-16 12:47:38,000 [Listener at 127.0.0.1/43521] INFO  ozone.MiniOzoneClusterImpl (MiniOzoneClusterImpl.java:lambda$waitForClusterToBeReady$0(235)) - Nodes are ready. Got 3 of 3 DN Heartbeats.
2021-09-16 12:47:38,000 [Listener at 127.0.0.1/43521] INFO  ozone.MiniOzoneClusterImpl (MiniOzoneClusterImpl.java:lambda$waitForClusterToBeReady$0(238)) - Waiting for cluster to exit safe mode
2021-09-16 12:47:38,000 [Listener at 127.0.0.1/43521] INFO  ozone.MiniOzoneClusterImpl (MiniOzoneClusterImpl.java:lambda$waitForClusterToBeReady$0(240)) - SCM became leader
2021-09-16 12:47:39,000 [Listener at 127.0.0.1/43521] INFO  ozone.MiniOzoneClusterImpl (MiniOzoneClusterImpl.java:lambda$waitForClusterToBeReady$0(235)) - Nodes are ready. Got 3 of 3 DN Heartbeats.
2021-09-16 12:47:39,000 [Listener at 127.0.0.1/43521] INFO  ozone.MiniOzoneClusterImpl (MiniOzoneClusterImpl.java:lambda$waitForClusterToBeReady$0(238)) - Waiting for cluster to exit safe mode
2021-09-16 12:47:39,000 [Listener at 127.0.0.1/43521] INFO  ozone.MiniOzoneClusterImpl (MiniOzoneClusterImpl.java:lambda$waitForClusterToBeReady$0(240)) - SCM became leader
2021-09-16 12:47:40,001 [Listener at 127.0.0.1/43521] INFO  ozone.MiniOzoneClusterImpl (MiniOzoneClusterImpl.java:lambda$waitForClusterToBeReady$0(235)) - Nodes are ready. Got 3 of 3 DN Heartbeats.
2021-09-16 12:47:40,001 [Listener at 127.0.0.1/43521] INFO  ozone.MiniOzoneClusterImpl (MiniOzoneClusterImpl.java:lambda$waitForClusterToBeReady$0(238)) - Waiting for cluster to exit safe mode
2021-09-16 12:47:40,001 [Listener at 127.0.0.1/43521] INFO  ozone.MiniOzoneClusterImpl (MiniOzoneClusterImpl.java:lambda$waitForClusterToBeReady$0(240)) - SCM became leader
2021-09-16 12:47:40,037 [f6069d6f-2c93-4424-9b40-fa2b0879fe00@group-FD5B065FBE52-FollowerState] INFO  impl.FollowerState (FollowerState.java:run(134)) - f6069d6f-2c93-4424-9b40-fa2b0879fe00@group-FD5B065FBE52-FollowerState: change to CANDIDATE, lastRpcElapsedTime:5013444370ns, electionTimeout:5007ms
2021-09-16 12:47:40,038 [f6069d6f-2c93-4424-9b40-fa2b0879fe00@group-FD5B065FBE52-FollowerState] INFO  impl.RoleInfo (RoleInfo.java:shutdownFollowerState(108)) - f6069d6f-2c93-4424-9b40-fa2b0879fe00: shutdown f6069d6f-2c93-4424-9b40-fa2b0879fe00@group-FD5B065FBE52-FollowerState
2021-09-16 12:47:40,038 [f6069d6f-2c93-4424-9b40-fa2b0879fe00@group-FD5B065FBE52-FollowerState] INFO  server.RaftServer$Division (RaftServerImpl.java:setRole(285)) - f6069d6f-2c93-4424-9b40-fa2b0879fe00@group-FD5B065FBE52: changes role from  FOLLOWER to CANDIDATE at term 6 for changeToCandidate
2021-09-16 12:47:40,038 [f6069d6f-2c93-4424-9b40-fa2b0879fe00@group-FD5B065FBE52-FollowerState] INFO  server.RaftServerConfigKeys (ConfUtils.java:logGet(44)) - raft.server.leaderelection.pre-vote = false (custom)
2021-09-16 12:47:40,038 [f6069d6f-2c93-4424-9b40-fa2b0879fe00@group-FD5B065FBE52-FollowerState] INFO  impl.RoleInfo (RoleInfo.java:updateAndGet(130)) - f6069d6f-2c93-4424-9b40-fa2b0879fe00: start f6069d6f-2c93-4424-9b40-fa2b0879fe00@group-FD5B065FBE52-LeaderElection14
2021-09-16 12:47:40,045 [f6069d6f-2c93-4424-9b40-fa2b0879fe00@group-FD5B065FBE52-LeaderElection14] INFO  impl.LeaderElection (LeaderElection.java:askForVotes(306)) - f6069d6f-2c93-4424-9b40-fa2b0879fe00@group-FD5B065FBE52-LeaderElection14 ELECTION round 0: submit vote requests at term 7 for -1: [f6069d6f-2c93-4424-9b40-fa2b0879fe00|rpc:10.1.0.31:33405|priority:0, 38372db9-1534-4cf5-b428-c401e92fe9f8|rpc:10.1.0.31:34927|priority:0, b4139188-0655-419f-be5a-4685bfe92707|rpc:10.1.0.31:39773|priority:1], old=null
2021-09-16 12:47:40,052 [grpc-default-executor-0] INFO  server.RaftServer$Division (RaftServerImpl.java:requestVote(1043)) - b4139188-0655-419f-be5a-4685bfe92707@group-FD5B065FBE52: receive requestVote(ELECTION, f6069d6f-2c93-4424-9b40-fa2b0879fe00, group-FD5B065FBE52, 7, (t:0, i:0))
2021-09-16 12:47:40,052 [grpc-default-executor-0] INFO  impl.VoteContext (VoteContext.java:log(48)) - b4139188-0655-419f-be5a-4685bfe92707@group-FD5B065FBE52-FOLLOWER: reject ELECTION from f6069d6f-2c93-4424-9b40-fa2b0879fe00: our priority 1 > candidate's priority 0
2021-09-16 12:47:40,052 [grpc-default-executor-2] INFO  server.RaftServer$Division (RaftServerImpl.java:requestVote(1043)) - 38372db9-1534-4cf5-b428-c401e92fe9f8@group-FD5B065FBE52: receive requestVote(ELECTION, f6069d6f-2c93-4424-9b40-fa2b0879fe00, group-FD5B065FBE52, 7, (t:0, i:0))
2021-09-16 12:47:40,052 [grpc-default-executor-0] INFO  server.RaftServer$Division (RaftServerImpl.java:setRole(285)) - b4139188-0655-419f-be5a-4685bfe92707@group-FD5B065FBE52: changes role from  FOLLOWER to FOLLOWER at term 7 for candidate:f6069d6f-2c93-4424-9b40-fa2b0879fe00
2021-09-16 12:47:40,052 [grpc-default-executor-0] INFO  impl.RoleInfo (RoleInfo.java:shutdownFollowerState(108)) - b4139188-0655-419f-be5a-4685bfe92707: shutdown b4139188-0655-419f-be5a-4685bfe92707@group-FD5B065FBE52-FollowerState
2021-09-16 12:47:40,052 [grpc-default-executor-0] INFO  impl.RoleInfo (RoleInfo.java:updateAndGet(130)) - b4139188-0655-419f-be5a-4685bfe92707: start b4139188-0655-419f-be5a-4685bfe92707@group-FD5B065FBE52-FollowerState
2021-09-16 12:47:40,052 [grpc-default-executor-2] INFO  impl.VoteContext (VoteContext.java:log(48)) - 38372db9-1534-4cf5-b428-c401e92fe9f8@group-FD5B065FBE52-FOLLOWER: accept ELECTION from f6069d6f-2c93-4424-9b40-fa2b0879fe00: our priority 0 <= candidate's priority 0
2021-09-16 12:47:40,052 [grpc-default-executor-2] INFO  server.RaftServer$Division (RaftServerImpl.java:setRole(285)) - 38372db9-1534-4cf5-b428-c401e92fe9f8@group-FD5B065FBE52: changes role from  FOLLOWER to FOLLOWER at term 7 for candidate:f6069d6f-2c93-4424-9b40-fa2b0879fe00
2021-09-16 12:47:40,052 [grpc-default-executor-2] INFO  impl.RoleInfo (RoleInfo.java:shutdownFollowerState(108)) - 38372db9-1534-4cf5-b428-c401e92fe9f8: shutdown 38372db9-1534-4cf5-b428-c401e92fe9f8@group-FD5B065FBE52-FollowerState
2021-09-16 12:47:40,054 [b4139188-0655-419f-be5a-4685bfe92707@group-FD5B065FBE52-FollowerState] INFO  impl.FollowerState (FollowerState.java:run(143)) - b4139188-0655-419f-be5a-4685bfe92707@group-FD5B065FBE52-FollowerState was interrupted: {}
java.lang.InterruptedException: sleep interrupted
	at java.lang.Thread.sleep(Native Method)
	at java.lang.Thread.sleep(Thread.java:340)
	at java.util.concurrent.TimeUnit.sleep(TimeUnit.java:386)
	at org.apache.ratis.util.TimeDuration.sleep(TimeDuration.java:324)
	at org.apache.ratis.util.TimeDuration.sleep(TimeDuration.java:309)
	at org.apache.ratis.server.impl.FollowerState.run(FollowerState.java:118)
2021-09-16 12:47:40,057 [grpc-default-executor-0] INFO  server.RaftServer$Division (RaftServerImpl.java:requestVote(1075)) - b4139188-0655-419f-be5a-4685bfe92707@group-FD5B065FBE52 replies to ELECTION vote request: f6069d6f-2c93-4424-9b40-fa2b0879fe00<-b4139188-0655-419f-be5a-4685bfe92707#0:FAIL-t7. Peer's state: b4139188-0655-419f-be5a-4685bfe92707@group-FD5B065FBE52:t7, leader=null, voted=null, raftlog=b4139188-0655-419f-be5a-4685bfe92707@group-FD5B065FBE52-SegmentedRaftLog:OPENED:c-1,f-1,i0, conf=-1: [f6069d6f-2c93-4424-9b40-fa2b0879fe00|rpc:10.1.0.31:33405|priority:0, 38372db9-1534-4cf5-b428-c401e92fe9f8|rpc:10.1.0.31:34927|priority:0, b4139188-0655-419f-be5a-4685bfe92707|rpc:10.1.0.31:39773|priority:1], old=null
2021-09-16 12:47:40,057 [grpc-default-executor-2] INFO  impl.RoleInfo (RoleInfo.java:updateAndGet(130)) - 38372db9-1534-4cf5-b428-c401e92fe9f8: start 38372db9-1534-4cf5-b428-c401e92fe9f8@group-FD5B065FBE52-FollowerState
2021-09-16 12:47:40,057 [38372db9-1534-4cf5-b428-c401e92fe9f8@group-FD5B065FBE52-FollowerState] INFO  impl.FollowerState (FollowerState.java:run(143)) - 38372db9-1534-4cf5-b428-c401e92fe9f8@group-FD5B065FBE52-FollowerState was interrupted: {}
java.lang.InterruptedException: sleep interrupted
	at java.lang.Thread.sleep(Native Method)
	at java.lang.Thread.sleep(Thread.java:340)
	at java.util.concurrent.TimeUnit.sleep(TimeUnit.java:386)
	at org.apache.ratis.util.TimeDuration.sleep(TimeDuration.java:324)
	at org.apache.ratis.util.TimeDuration.sleep(TimeDuration.java:309)
	at org.apache.ratis.server.impl.FollowerState.run(FollowerState.java:118)
2021-09-16 12:47:40,062 [grpc-default-executor-2] INFO  server.RaftServer$Division (RaftServerImpl.java:requestVote(1075)) - 38372db9-1534-4cf5-b428-c401e92fe9f8@group-FD5B065FBE52 replies to ELECTION vote request: f6069d6f-2c93-4424-9b40-fa2b0879fe00<-38372db9-1534-4cf5-b428-c401e92fe9f8#0:OK-t7. Peer's state: 38372db9-1534-4cf5-b428-c401e92fe9f8@group-FD5B065FBE52:t7, leader=null, voted=f6069d6f-2c93-4424-9b40-fa2b0879fe00, raftlog=38372db9-1534-4cf5-b428-c401e92fe9f8@group-FD5B065FBE52-SegmentedRaftLog:OPENED:c-1,f-1,i0, conf=-1: [f6069d6f-2c93-4424-9b40-fa2b0879fe00|rpc:10.1.0.31:33405|priority:0, 38372db9-1534-4cf5-b428-c401e92fe9f8|rpc:10.1.0.31:34927|priority:0, b4139188-0655-419f-be5a-4685bfe92707|rpc:10.1.0.31:39773|priority:1], old=null
2021-09-16 12:47:40,064 [f6069d6f-2c93-4424-9b40-fa2b0879fe00@group-FD5B065FBE52-LeaderElection14] INFO  impl.LeaderElection (LeaderElection.java:logAndReturn(89)) - f6069d6f-2c93-4424-9b40-fa2b0879fe00@group-FD5B065FBE52-LeaderElection14: ELECTION REJECTED received 1 response(s) and 0 exception(s):
2021-09-16 12:47:40,064 [f6069d6f-2c93-4424-9b40-fa2b0879fe00@group-FD5B065FBE52-LeaderElection14] INFO  impl.LeaderElection (LeaderElection.java:logAndReturn(93)) -   Response 0: f6069d6f-2c93-4424-9b40-fa2b0879fe00<-b4139188-0655-419f-be5a-4685bfe92707#0:FAIL-t7
2021-09-16 12:47:40,064 [f6069d6f-2c93-4424-9b40-fa2b0879fe00@group-FD5B065FBE52-LeaderElection14] INFO  impl.LeaderElection (LeaderElection.java:askForVotes(308)) - f6069d6f-2c93-4424-9b40-fa2b0879fe00@group-FD5B065FBE52-LeaderElection14 ELECTION round 0: result REJECTED
2021-09-16 12:47:40,065 [f6069d6f-2c93-4424-9b40-fa2b0879fe00@group-FD5B065FBE52-LeaderElection14] INFO  server.RaftServer$Division (RaftServerImpl.java:setRole(285)) - f6069d6f-2c93-4424-9b40-fa2b0879fe00@group-FD5B065FBE52: changes role from CANDIDATE to FOLLOWER at term 7 for REJECTED
2021-09-16 12:47:40,065 [f6069d6f-2c93-4424-9b40-fa2b0879fe00@group-FD5B065FBE52-LeaderElection14] INFO  impl.RoleInfo (RoleInfo.java:shutdownLeaderElection(121)) - f6069d6f-2c93-4424-9b40-fa2b0879fe00: shutdown f6069d6f-2c93-4424-9b40-fa2b0879fe00@group-FD5B065FBE52-LeaderElection14
2021-09-16 12:47:40,065 [f6069d6f-2c93-4424-9b40-fa2b0879fe00@group-FD5B065FBE52-LeaderElection14] INFO  impl.RoleInfo (RoleInfo.java:updateAndGet(130)) - f6069d6f-2c93-4424-9b40-fa2b0879fe00: start f6069d6f-2c93-4424-9b40-fa2b0879fe00@group-FD5B065FBE52-FollowerState
2021-09-16 12:47:41,001 [Listener at 127.0.0.1/43521] INFO  ozone.MiniOzoneClusterImpl (MiniOzoneClusterImpl.java:lambda$waitForClusterToBeReady$0(235)) - Nodes are ready. Got 3 of 3 DN Heartbeats.
2021-09-16 12:47:41,002 [Listener at 127.0.0.1/43521] INFO  ozone.MiniOzoneClusterImpl (MiniOzoneClusterImpl.java:lambda$waitForClusterToBeReady$0(238)) - Waiting for cluster to exit safe mode
2021-09-16 12:47:41,002 [Listener at 127.0.0.1/43521] INFO  ozone.MiniOzoneClusterImpl (MiniOzoneClusterImpl.java:lambda$waitForClusterToBeReady$0(240)) - SCM became leader
2021-09-16 12:47:42,002 [Listener at 127.0.0.1/43521] INFO  ozone.MiniOzoneClusterImpl (MiniOzoneClusterImpl.java:lambda$waitForClusterToBeReady$0(235)) - Nodes are ready. Got 3 of 3 DN Heartbeats.
2021-09-16 12:47:42,003 [Listener at 127.0.0.1/43521] INFO  ozone.MiniOzoneClusterImpl (MiniOzoneClusterImpl.java:lambda$waitForClusterToBeReady$0(238)) - Waiting for cluster to exit safe mode
2021-09-16 12:47:42,003 [Listener at 127.0.0.1/43521] INFO  ozone.MiniOzoneClusterImpl (MiniOzoneClusterImpl.java:lambda$waitForClusterToBeReady$0(240)) - SCM became leader
2021-09-16 12:47:43,003 [Listener at 127.0.0.1/43521] INFO  ozone.MiniOzoneClusterImpl (MiniOzoneClusterImpl.java:lambda$waitForClusterToBeReady$0(235)) - Nodes are ready. Got 3 of 3 DN Heartbeats.
2021-09-16 12:47:43,003 [Listener at 127.0.0.1/43521] INFO  ozone.MiniOzoneClusterImpl (MiniOzoneClusterImpl.java:lambda$waitForClusterToBeReady$0(238)) - Waiting for cluster to exit safe mode
2021-09-16 12:47:43,003 [Listener at 127.0.0.1/43521] INFO  ozone.MiniOzoneClusterImpl (MiniOzoneClusterImpl.java:lambda$waitForClusterToBeReady$0(240)) - SCM became leader
2021-09-16 12:47:44,003 [Listener at 127.0.0.1/43521] INFO  ozone.MiniOzoneClusterImpl (MiniOzoneClusterImpl.java:lambda$waitForClusterToBeReady$0(235)) - Nodes are ready. Got 3 of 3 DN Heartbeats.
2021-09-16 12:47:44,004 [Listener at 127.0.0.1/43521] INFO  ozone.MiniOzoneClusterImpl (MiniOzoneClusterImpl.java:lambda$waitForClusterToBeReady$0(238)) - Waiting for cluster to exit safe mode
2021-09-16 12:47:44,004 [Listener at 127.0.0.1/43521] INFO  ozone.MiniOzoneClusterImpl (MiniOzoneClusterImpl.java:lambda$waitForClusterToBeReady$0(240)) - SCM became leader
2021-09-16 12:47:45,004 [Listener at 127.0.0.1/43521] INFO  ozone.MiniOzoneClusterImpl (MiniOzoneClusterImpl.java:lambda$waitForClusterToBeReady$0(235)) - Nodes are ready. Got 3 of 3 DN Heartbeats.
2021-09-16 12:47:45,004 [Listener at 127.0.0.1/43521] INFO  ozone.MiniOzoneClusterImpl (MiniOzoneClusterImpl.java:lambda$waitForClusterToBeReady$0(238)) - Waiting for cluster to exit safe mode
2021-09-16 12:47:45,004 [Listener at 127.0.0.1/43521] INFO  ozone.MiniOzoneClusterImpl (MiniOzoneClusterImpl.java:lambda$waitForClusterToBeReady$0(240)) - SCM became leader
2021-09-16 12:47:45,177 [f6069d6f-2c93-4424-9b40-fa2b0879fe00@group-FD5B065FBE52-FollowerState] INFO  impl.FollowerState (FollowerState.java:run(134)) - f6069d6f-2c93-4424-9b40-fa2b0879fe00@group-FD5B065FBE52-FollowerState: change to CANDIDATE, lastRpcElapsedTime:5111959643ns, electionTimeout:5105ms
2021-09-16 12:47:45,177 [f6069d6f-2c93-4424-9b40-fa2b0879fe00@group-FD5B065FBE52-FollowerState] INFO  impl.RoleInfo (RoleInfo.java:shutdownFollowerState(108)) - f6069d6f-2c93-4424-9b40-fa2b0879fe00: shutdown f6069d6f-2c93-4424-9b40-fa2b0879fe00@group-FD5B065FBE52-FollowerState
2021-09-16 12:47:45,177 [f6069d6f-2c93-4424-9b40-fa2b0879fe00@group-FD5B065FBE52-FollowerState] INFO  server.RaftServer$Division (RaftServerImpl.java:setRole(285)) - f6069d6f-2c93-4424-9b40-fa2b0879fe00@group-FD5B065FBE52: changes role from  FOLLOWER to CANDIDATE at term 7 for changeToCandidate
2021-09-16 12:47:45,178 [f6069d6f-2c93-4424-9b40-fa2b0879fe00@group-FD5B065FBE52-FollowerState] INFO  server.RaftServerConfigKeys (ConfUtils.java:logGet(44)) - raft.server.leaderelection.pre-vote = false (custom)
2021-09-16 12:47:45,178 [f6069d6f-2c93-4424-9b40-fa2b0879fe00@group-FD5B065FBE52-FollowerState] INFO  impl.RoleInfo (RoleInfo.java:updateAndGet(130)) - f6069d6f-2c93-4424-9b40-fa2b0879fe00: start f6069d6f-2c93-4424-9b40-fa2b0879fe00@group-FD5B065FBE52-LeaderElection15
2021-09-16 12:47:45,181 [f6069d6f-2c93-4424-9b40-fa2b0879fe00@group-FD5B065FBE52-LeaderElection15] INFO  impl.LeaderElection (LeaderElection.java:askForVotes(306)) - f6069d6f-2c93-4424-9b40-fa2b0879fe00@group-FD5B065FBE52-LeaderElection15 ELECTION round 0: submit vote requests at term 8 for -1: [f6069d6f-2c93-4424-9b40-fa2b0879fe00|rpc:10.1.0.31:33405|priority:0, 38372db9-1534-4cf5-b428-c401e92fe9f8|rpc:10.1.0.31:34927|priority:0, b4139188-0655-419f-be5a-4685bfe92707|rpc:10.1.0.31:39773|priority:1], old=null
2021-09-16 12:47:45,185 [b4139188-0655-419f-be5a-4685bfe92707@group-FD5B065FBE52-FollowerState] INFO  impl.FollowerState (FollowerState.java:run(134)) - b4139188-0655-419f-be5a-4685bfe92707@group-FD5B065FBE52-FollowerState: change to CANDIDATE, lastRpcElapsedTime:5133391571ns, electionTimeout:5120ms
2021-09-16 12:47:45,186 [b4139188-0655-419f-be5a-4685bfe92707@group-FD5B065FBE52-FollowerState] INFO  impl.RoleInfo (RoleInfo.java:shutdownFollowerState(108)) - b4139188-0655-419f-be5a-4685bfe92707: shutdown b4139188-0655-419f-be5a-4685bfe92707@group-FD5B065FBE52-FollowerState
2021-09-16 12:47:45,186 [b4139188-0655-419f-be5a-4685bfe92707@group-FD5B065FBE52-FollowerState] INFO  server.RaftServer$Division (RaftServerImpl.java:setRole(285)) - b4139188-0655-419f-be5a-4685bfe92707@group-FD5B065FBE52: changes role from  FOLLOWER to CANDIDATE at term 7 for changeToCandidate
2021-09-16 12:47:45,186 [b4139188-0655-419f-be5a-4685bfe92707@group-FD5B065FBE52-FollowerState] INFO  server.RaftServerConfigKeys (ConfUtils.java:logGet(44)) - raft.server.leaderelection.pre-vote = false (custom)
2021-09-16 12:47:45,186 [b4139188-0655-419f-be5a-4685bfe92707@group-FD5B065FBE52-FollowerState] INFO  impl.RoleInfo (RoleInfo.java:updateAndGet(130)) - b4139188-0655-419f-be5a-4685bfe92707: start b4139188-0655-419f-be5a-4685bfe92707@group-FD5B065FBE52-LeaderElection16
2021-09-16 12:47:45,186 [grpc-default-executor-2] INFO  server.RaftServer$Division (RaftServerImpl.java:requestVote(1043)) - 38372db9-1534-4cf5-b428-c401e92fe9f8@group-FD5B065FBE52: receive requestVote(ELECTION, f6069d6f-2c93-4424-9b40-fa2b0879fe00, group-FD5B065FBE52, 8, (t:0, i:0))
2021-09-16 12:47:45,186 [grpc-default-executor-2] INFO  impl.VoteContext (VoteContext.java:log(48)) - 38372db9-1534-4cf5-b428-c401e92fe9f8@group-FD5B065FBE52-FOLLOWER: accept ELECTION from f6069d6f-2c93-4424-9b40-fa2b0879fe00: our priority 0 <= candidate's priority 0
2021-09-16 12:47:45,186 [grpc-default-executor-2] INFO  server.RaftServer$Division (RaftServerImpl.java:setRole(285)) - 38372db9-1534-4cf5-b428-c401e92fe9f8@group-FD5B065FBE52: changes role from  FOLLOWER to FOLLOWER at term 8 for candidate:f6069d6f-2c93-4424-9b40-fa2b0879fe00
2021-09-16 12:47:45,186 [grpc-default-executor-2] INFO  impl.RoleInfo (RoleInfo.java:shutdownFollowerState(108)) - 38372db9-1534-4cf5-b428-c401e92fe9f8: shutdown 38372db9-1534-4cf5-b428-c401e92fe9f8@group-FD5B065FBE52-FollowerState
2021-09-16 12:47:45,194 [grpc-default-executor-2] INFO  impl.RoleInfo (RoleInfo.java:updateAndGet(130)) - 38372db9-1534-4cf5-b428-c401e92fe9f8: start 38372db9-1534-4cf5-b428-c401e92fe9f8@group-FD5B065FBE52-FollowerState
2021-09-16 12:47:45,194 [grpc-default-executor-0] INFO  server.RaftServer$Division (RaftServerImpl.java:requestVote(1043)) - b4139188-0655-419f-be5a-4685bfe92707@group-FD5B065FBE52: receive requestVote(ELECTION, f6069d6f-2c93-4424-9b40-fa2b0879fe00, group-FD5B065FBE52, 8, (t:0, i:0))
2021-09-16 12:47:45,194 [grpc-default-executor-0] INFO  impl.VoteContext (VoteContext.java:log(48)) - b4139188-0655-419f-be5a-4685bfe92707@group-FD5B065FBE52-CANDIDATE: reject ELECTION from f6069d6f-2c93-4424-9b40-fa2b0879fe00: our priority 1 > candidate's priority 0
2021-09-16 12:47:45,194 [grpc-default-executor-0] INFO  server.RaftServer$Division (RaftServerImpl.java:setRole(285)) - b4139188-0655-419f-be5a-4685bfe92707@group-FD5B065FBE52: changes role from CANDIDATE to FOLLOWER at term 8 for candidate:f6069d6f-2c93-4424-9b40-fa2b0879fe00
2021-09-16 12:47:45,194 [grpc-default-executor-0] INFO  impl.RoleInfo (RoleInfo.java:shutdownLeaderElection(121)) - b4139188-0655-419f-be5a-4685bfe92707: shutdown b4139188-0655-419f-be5a-4685bfe92707@group-FD5B065FBE52-LeaderElection16
2021-09-16 12:47:45,195 [38372db9-1534-4cf5-b428-c401e92fe9f8@group-FD5B065FBE52-FollowerState] INFO  impl.FollowerState (FollowerState.java:run(143)) - 38372db9-1534-4cf5-b428-c401e92fe9f8@group-FD5B065FBE52-FollowerState was interrupted: {}
java.lang.InterruptedException: sleep interrupted
	at java.lang.Thread.sleep(Native Method)
	at java.lang.Thread.sleep(Thread.java:340)
	at java.util.concurrent.TimeUnit.sleep(TimeUnit.java:386)
	at org.apache.ratis.util.TimeDuration.sleep(TimeDuration.java:324)
	at org.apache.ratis.util.TimeDuration.sleep(TimeDuration.java:309)
	at org.apache.ratis.server.impl.FollowerState.run(FollowerState.java:118)
2021-09-16 12:47:45,201 [grpc-default-executor-2] INFO  server.RaftServer$Division (RaftServerImpl.java:requestVote(1075)) - 38372db9-1534-4cf5-b428-c401e92fe9f8@group-FD5B065FBE52 replies to ELECTION vote request: f6069d6f-2c93-4424-9b40-fa2b0879fe00<-38372db9-1534-4cf5-b428-c401e92fe9f8#0:OK-t8. Peer's state: 38372db9-1534-4cf5-b428-c401e92fe9f8@group-FD5B065FBE52:t8, leader=null, voted=f6069d6f-2c93-4424-9b40-fa2b0879fe00, raftlog=38372db9-1534-4cf5-b428-c401e92fe9f8@group-FD5B065FBE52-SegmentedRaftLog:OPENED:c-1,f-1,i0, conf=-1: [f6069d6f-2c93-4424-9b40-fa2b0879fe00|rpc:10.1.0.31:33405|priority:0, 38372db9-1534-4cf5-b428-c401e92fe9f8|rpc:10.1.0.31:34927|priority:0, b4139188-0655-419f-be5a-4685bfe92707|rpc:10.1.0.31:39773|priority:1], old=null
2021-09-16 12:47:45,204 [b4139188-0655-419f-be5a-4685bfe92707@group-FD5B065FBE52-LeaderElection16] INFO  impl.LeaderElection (LeaderElection.java:run(230)) - b4139188-0655-419f-be5a-4685bfe92707@group-FD5B065FBE52-LeaderElection16: skip running since this is already CLOSING
2021-09-16 12:47:45,207 [grpc-default-executor-0] INFO  impl.RoleInfo (RoleInfo.java:updateAndGet(130)) - b4139188-0655-419f-be5a-4685bfe92707: start b4139188-0655-419f-be5a-4685bfe92707@group-FD5B065FBE52-FollowerState
2021-09-16 12:47:45,214 [grpc-default-executor-0] INFO  server.RaftServer$Division (RaftServerImpl.java:requestVote(1075)) - b4139188-0655-419f-be5a-4685bfe92707@group-FD5B065FBE52 replies to ELECTION vote request: f6069d6f-2c93-4424-9b40-fa2b0879fe00<-b4139188-0655-419f-be5a-4685bfe92707#0:FAIL-t8. Peer's state: b4139188-0655-419f-be5a-4685bfe92707@group-FD5B065FBE52:t8, leader=null, voted=null, raftlog=b4139188-0655-419f-be5a-4685bfe92707@group-FD5B065FBE52-SegmentedRaftLog:OPENED:c-1,f-1,i0, conf=-1: [f6069d6f-2c93-4424-9b40-fa2b0879fe00|rpc:10.1.0.31:33405|priority:0, 38372db9-1534-4cf5-b428-c401e92fe9f8|rpc:10.1.0.31:34927|priority:0, b4139188-0655-419f-be5a-4685bfe92707|rpc:10.1.0.31:39773|priority:1], old=null
2021-09-16 12:47:45,215 [f6069d6f-2c93-4424-9b40-fa2b0879fe00@group-FD5B065FBE52-LeaderElection15] INFO  impl.LeaderElection (LeaderElection.java:logAndReturn(89)) - f6069d6f-2c93-4424-9b40-fa2b0879fe00@group-FD5B065FBE52-LeaderElection15: ELECTION REJECTED received 2 response(s) and 0 exception(s):
2021-09-16 12:47:45,215 [f6069d6f-2c93-4424-9b40-fa2b0879fe00@group-FD5B065FBE52-LeaderElection15] INFO  impl.LeaderElection (LeaderElection.java:logAndReturn(93)) -   Response 0: f6069d6f-2c93-4424-9b40-fa2b0879fe00<-38372db9-1534-4cf5-b428-c401e92fe9f8#0:OK-t8
2021-09-16 12:47:45,215 [f6069d6f-2c93-4424-9b40-fa2b0879fe00@group-FD5B065FBE52-LeaderElection15] INFO  impl.LeaderElection (LeaderElection.java:logAndReturn(93)) -   Response 1: f6069d6f-2c93-4424-9b40-fa2b0879fe00<-b4139188-0655-419f-be5a-4685bfe92707#0:FAIL-t8
2021-09-16 12:47:45,216 [f6069d6f-2c93-4424-9b40-fa2b0879fe00@group-FD5B065FBE52-LeaderElection15] INFO  impl.LeaderElection (LeaderElection.java:askForVotes(308)) - f6069d6f-2c93-4424-9b40-fa2b0879fe00@group-FD5B065FBE52-LeaderElection15 ELECTION round 0: result REJECTED
2021-09-16 12:47:45,216 [f6069d6f-2c93-4424-9b40-fa2b0879fe00@group-FD5B065FBE52-LeaderElection15] INFO  server.RaftServer$Division (RaftServerImpl.java:setRole(285)) - f6069d6f-2c93-4424-9b40-fa2b0879fe00@group-FD5B065FBE52: changes role from CANDIDATE to FOLLOWER at term 8 for REJECTED
2021-09-16 12:47:45,216 [f6069d6f-2c93-4424-9b40-fa2b0879fe00@group-FD5B065FBE52-LeaderElection15] INFO  impl.RoleInfo (RoleInfo.java:shutdownLeaderElection(121)) - f6069d6f-2c93-4424-9b40-fa2b0879fe00: shutdown f6069d6f-2c93-4424-9b40-fa2b0879fe00@group-FD5B065FBE52-LeaderElection15
2021-09-16 12:47:45,216 [f6069d6f-2c93-4424-9b40-fa2b0879fe00@group-FD5B065FBE52-LeaderElection15] INFO  impl.RoleInfo (RoleInfo.java:updateAndGet(130)) - f6069d6f-2c93-4424-9b40-fa2b0879fe00: start f6069d6f-2c93-4424-9b40-fa2b0879fe00@group-FD5B065FBE52-FollowerState
2021-09-16 12:47:46,004 [Listener at 127.0.0.1/43521] INFO  ozone.MiniOzoneClusterImpl (MiniOzoneClusterImpl.java:lambda$waitForClusterToBeReady$0(235)) - Nodes are ready. Got 3 of 3 DN Heartbeats.
2021-09-16 12:47:46,005 [Listener at 127.0.0.1/43521] INFO  ozone.MiniOzoneClusterImpl (MiniOzoneClusterImpl.java:lambda$waitForClusterToBeReady$0(238)) - Waiting for cluster to exit safe mode
2021-09-16 12:47:46,005 [Listener at 127.0.0.1/43521] INFO  ozone.MiniOzoneClusterImpl (MiniOzoneClusterImpl.java:lambda$waitForClusterToBeReady$0(240)) - SCM became leader
2021-09-16 12:47:47,006 [Listener at 127.0.0.1/43521] INFO  ozone.MiniOzoneClusterImpl (MiniOzoneClusterImpl.java:lambda$waitForClusterToBeReady$0(235)) - Nodes are ready. Got 3 of 3 DN Heartbeats.
2021-09-16 12:47:47,006 [Listener at 127.0.0.1/43521] INFO  ozone.MiniOzoneClusterImpl (MiniOzoneClusterImpl.java:lambda$waitForClusterToBeReady$0(238)) - Waiting for cluster to exit safe mode
2021-09-16 12:47:47,006 [Listener at 127.0.0.1/43521] INFO  ozone.MiniOzoneClusterImpl (MiniOzoneClusterImpl.java:lambda$waitForClusterToBeReady$0(240)) - SCM became leader
2021-09-16 12:47:48,006 [Listener at 127.0.0.1/43521] INFO  ozone.MiniOzoneClusterImpl (MiniOzoneClusterImpl.java:lambda$waitForClusterToBeReady$0(235)) - Nodes are ready. Got 3 of 3 DN Heartbeats.
2021-09-16 12:47:48,006 [Listener at 127.0.0.1/43521] INFO  ozone.MiniOzoneClusterImpl (MiniOzoneClusterImpl.java:lambda$waitForClusterToBeReady$0(238)) - Waiting for cluster to exit safe mode
2021-09-16 12:47:48,006 [Listener at 127.0.0.1/43521] INFO  ozone.MiniOzoneClusterImpl (MiniOzoneClusterImpl.java:lambda$waitForClusterToBeReady$0(240)) - SCM became leader
2021-09-16 12:47:49,007 [Listener at 127.0.0.1/43521] INFO  ozone.MiniOzoneClusterImpl (MiniOzoneClusterImpl.java:lambda$waitForClusterToBeReady$0(235)) - Nodes are ready. Got 3 of 3 DN Heartbeats.
2021-09-16 12:47:49,007 [Listener at 127.0.0.1/43521] INFO  ozone.MiniOzoneClusterImpl (MiniOzoneClusterImpl.java:lambda$waitForClusterToBeReady$0(238)) - Waiting for cluster to exit safe mode
2021-09-16 12:47:49,007 [Listener at 127.0.0.1/43521] INFO  ozone.MiniOzoneClusterImpl (MiniOzoneClusterImpl.java:lambda$waitForClusterToBeReady$0(240)) - SCM became leader
2021-09-16 12:47:50,007 [Listener at 127.0.0.1/43521] INFO  ozone.MiniOzoneClusterImpl (MiniOzoneClusterImpl.java:lambda$waitForClusterToBeReady$0(235)) - Nodes are ready. Got 3 of 3 DN Heartbeats.
2021-09-16 12:47:50,007 [Listener at 127.0.0.1/43521] INFO  ozone.MiniOzoneClusterImpl (MiniOzoneClusterImpl.java:lambda$waitForClusterToBeReady$0(238)) - Waiting for cluster to exit safe mode
2021-09-16 12:47:50,007 [Listener at 127.0.0.1/43521] INFO  ozone.MiniOzoneClusterImpl (MiniOzoneClusterImpl.java:lambda$waitForClusterToBeReady$0(240)) - SCM became leader
2021-09-16 12:47:50,250 [f6069d6f-2c93-4424-9b40-fa2b0879fe00@group-FD5B065FBE52-FollowerState] INFO  impl.FollowerState (FollowerState.java:run(134)) - f6069d6f-2c93-4424-9b40-fa2b0879fe00@group-FD5B065FBE52-FollowerState: change to CANDIDATE, lastRpcElapsedTime:5034388937ns, electionTimeout:5024ms
2021-09-16 12:47:50,250 [f6069d6f-2c93-4424-9b40-fa2b0879fe00@group-FD5B065FBE52-FollowerState] INFO  impl.RoleInfo (RoleInfo.java:shutdownFollowerState(108)) - f6069d6f-2c93-4424-9b40-fa2b0879fe00: shutdown f6069d6f-2c93-4424-9b40-fa2b0879fe00@group-FD5B065FBE52-FollowerState
2021-09-16 12:47:50,250 [f6069d6f-2c93-4424-9b40-fa2b0879fe00@group-FD5B065FBE52-FollowerState] INFO  server.RaftServer$Division (RaftServerImpl.java:setRole(285)) - f6069d6f-2c93-4424-9b40-fa2b0879fe00@group-FD5B065FBE52: changes role from  FOLLOWER to CANDIDATE at term 8 for changeToCandidate
2021-09-16 12:47:50,251 [f6069d6f-2c93-4424-9b40-fa2b0879fe00@group-FD5B065FBE52-FollowerState] INFO  server.RaftServerConfigKeys (ConfUtils.java:logGet(44)) - raft.server.leaderelection.pre-vote = false (custom)
2021-09-16 12:47:50,251 [f6069d6f-2c93-4424-9b40-fa2b0879fe00@group-FD5B065FBE52-FollowerState] INFO  impl.RoleInfo (RoleInfo.java:updateAndGet(130)) - f6069d6f-2c93-4424-9b40-fa2b0879fe00: start f6069d6f-2c93-4424-9b40-fa2b0879fe00@group-FD5B065FBE52-LeaderElection17
2021-09-16 12:47:50,257 [38372db9-1534-4cf5-b428-c401e92fe9f8@group-FD5B065FBE52-FollowerState] INFO  impl.FollowerState (FollowerState.java:run(134)) - 38372db9-1534-4cf5-b428-c401e92fe9f8@group-FD5B065FBE52-FollowerState: change to CANDIDATE, lastRpcElapsedTime:5056467672ns, electionTimeout:5044ms
2021-09-16 12:47:50,257 [38372db9-1534-4cf5-b428-c401e92fe9f8@group-FD5B065FBE52-FollowerState] INFO  impl.RoleInfo (RoleInfo.java:shutdownFollowerState(108)) - 38372db9-1534-4cf5-b428-c401e92fe9f8: shutdown 38372db9-1534-4cf5-b428-c401e92fe9f8@group-FD5B065FBE52-FollowerState
2021-09-16 12:47:50,257 [38372db9-1534-4cf5-b428-c401e92fe9f8@group-FD5B065FBE52-FollowerState] INFO  server.RaftServer$Division (RaftServerImpl.java:setRole(285)) - 38372db9-1534-4cf5-b428-c401e92fe9f8@group-FD5B065FBE52: changes role from  FOLLOWER to CANDIDATE at term 8 for changeToCandidate
2021-09-16 12:47:50,257 [38372db9-1534-4cf5-b428-c401e92fe9f8@group-FD5B065FBE52-FollowerState] INFO  server.RaftServerConfigKeys (ConfUtils.java:logGet(44)) - raft.server.leaderelection.pre-vote = false (custom)
2021-09-16 12:47:50,257 [38372db9-1534-4cf5-b428-c401e92fe9f8@group-FD5B065FBE52-FollowerState] INFO  impl.RoleInfo (RoleInfo.java:updateAndGet(130)) - 38372db9-1534-4cf5-b428-c401e92fe9f8: start 38372db9-1534-4cf5-b428-c401e92fe9f8@group-FD5B065FBE52-LeaderElection18
2021-09-16 12:47:50,260 [f6069d6f-2c93-4424-9b40-fa2b0879fe00@group-FD5B065FBE52-LeaderElection17] INFO  impl.LeaderElection (LeaderElection.java:askForVotes(306)) - f6069d6f-2c93-4424-9b40-fa2b0879fe00@group-FD5B065FBE52-LeaderElection17 ELECTION round 0: submit vote requests at term 9 for -1: [f6069d6f-2c93-4424-9b40-fa2b0879fe00|rpc:10.1.0.31:33405|priority:0, 38372db9-1534-4cf5-b428-c401e92fe9f8|rpc:10.1.0.31:34927|priority:0, b4139188-0655-419f-be5a-4685bfe92707|rpc:10.1.0.31:39773|priority:1], old=null
2021-09-16 12:47:50,263 [grpc-default-executor-0] INFO  server.RaftServer$Division (RaftServerImpl.java:requestVote(1043)) - 38372db9-1534-4cf5-b428-c401e92fe9f8@group-FD5B065FBE52: receive requestVote(ELECTION, f6069d6f-2c93-4424-9b40-fa2b0879fe00, group-FD5B065FBE52, 9, (t:0, i:0))
2021-09-16 12:47:50,265 [38372db9-1534-4cf5-b428-c401e92fe9f8@group-FD5B065FBE52-LeaderElection18] INFO  impl.LeaderElection (LeaderElection.java:askForVotes(306)) - 38372db9-1534-4cf5-b428-c401e92fe9f8@group-FD5B065FBE52-LeaderElection18 ELECTION round 0: submit vote requests at term 9 for -1: [f6069d6f-2c93-4424-9b40-fa2b0879fe00|rpc:10.1.0.31:33405|priority:0, 38372db9-1534-4cf5-b428-c401e92fe9f8|rpc:10.1.0.31:34927|priority:0, b4139188-0655-419f-be5a-4685bfe92707|rpc:10.1.0.31:39773|priority:1], old=null
2021-09-16 12:47:50,266 [grpc-default-executor-0] INFO  impl.VoteContext (VoteContext.java:log(48)) - 38372db9-1534-4cf5-b428-c401e92fe9f8@group-FD5B065FBE52-CANDIDATE: reject ELECTION from f6069d6f-2c93-4424-9b40-fa2b0879fe00: already has voted for 38372db9-1534-4cf5-b428-c401e92fe9f8 at current term 9
2021-09-16 12:47:50,266 [grpc-default-executor-0] INFO  server.RaftServer$Division (RaftServerImpl.java:requestVote(1075)) - 38372db9-1534-4cf5-b428-c401e92fe9f8@group-FD5B065FBE52 replies to ELECTION vote request: f6069d6f-2c93-4424-9b40-fa2b0879fe00<-38372db9-1534-4cf5-b428-c401e92fe9f8#0:FAIL-t9. Peer's state: 38372db9-1534-4cf5-b428-c401e92fe9f8@group-FD5B065FBE52:t9, leader=null, voted=38372db9-1534-4cf5-b428-c401e92fe9f8, raftlog=38372db9-1534-4cf5-b428-c401e92fe9f8@group-FD5B065FBE52-SegmentedRaftLog:OPENED:c-1,f-1,i0, conf=-1: [f6069d6f-2c93-4424-9b40-fa2b0879fe00|rpc:10.1.0.31:33405|priority:0, 38372db9-1534-4cf5-b428-c401e92fe9f8|rpc:10.1.0.31:34927|priority:0, b4139188-0655-419f-be5a-4685bfe92707|rpc:10.1.0.31:39773|priority:1], old=null
2021-09-16 12:47:50,274 [grpc-default-executor-2] INFO  server.RaftServer$Division (RaftServerImpl.java:requestVote(1043)) - b4139188-0655-419f-be5a-4685bfe92707@group-FD5B065FBE52: receive requestVote(ELECTION, f6069d6f-2c93-4424-9b40-fa2b0879fe00, group-FD5B065FBE52, 9, (t:0, i:0))
2021-09-16 12:47:50,274 [grpc-default-executor-2] INFO  impl.VoteContext (VoteContext.java:log(48)) - b4139188-0655-419f-be5a-4685bfe92707@group-FD5B065FBE52-FOLLOWER: reject ELECTION from f6069d6f-2c93-4424-9b40-fa2b0879fe00: our priority 1 > candidate's priority 0
2021-09-16 12:47:50,274 [grpc-default-executor-2] INFO  server.RaftServer$Division (RaftServerImpl.java:setRole(285)) - b4139188-0655-419f-be5a-4685bfe92707@group-FD5B065FBE52: changes role from  FOLLOWER to FOLLOWER at term 9 for candidate:f6069d6f-2c93-4424-9b40-fa2b0879fe00
2021-09-16 12:47:50,274 [grpc-default-executor-2] INFO  impl.RoleInfo (RoleInfo.java:shutdownFollowerState(108)) - b4139188-0655-419f-be5a-4685bfe92707: shutdown b4139188-0655-419f-be5a-4685bfe92707@group-FD5B065FBE52-FollowerState
2021-09-16 12:47:50,275 [grpc-default-executor-2] INFO  impl.RoleInfo (RoleInfo.java:updateAndGet(130)) - b4139188-0655-419f-be5a-4685bfe92707: start b4139188-0655-419f-be5a-4685bfe92707@group-FD5B065FBE52-FollowerState
2021-09-16 12:47:50,275 [b4139188-0655-419f-be5a-4685bfe92707@group-FD5B065FBE52-FollowerState] INFO  impl.FollowerState (FollowerState.java:run(143)) - b4139188-0655-419f-be5a-4685bfe92707@group-FD5B065FBE52-FollowerState was interrupted: {}
java.lang.InterruptedException: sleep interrupted
	at java.lang.Thread.sleep(Native Method)
	at java.lang.Thread.sleep(Thread.java:340)
	at java.util.concurrent.TimeUnit.sleep(TimeUnit.java:386)
	at org.apache.ratis.util.TimeDuration.sleep(TimeDuration.java:324)
	at org.apache.ratis.util.TimeDuration.sleep(TimeDuration.java:309)
	at org.apache.ratis.server.impl.FollowerState.run(FollowerState.java:118)
2021-09-16 12:47:50,278 [grpc-default-executor-0] INFO  server.RaftServer$Division (RaftServerImpl.java:requestVote(1043)) - f6069d6f-2c93-4424-9b40-fa2b0879fe00@group-FD5B065FBE52: receive requestVote(ELECTION, 38372db9-1534-4cf5-b428-c401e92fe9f8, group-FD5B065FBE52, 9, (t:0, i:0))
2021-09-16 12:47:50,278 [grpc-default-executor-0] INFO  impl.VoteContext (VoteContext.java:log(48)) - f6069d6f-2c93-4424-9b40-fa2b0879fe00@group-FD5B065FBE52-CANDIDATE: reject ELECTION from 38372db9-1534-4cf5-b428-c401e92fe9f8: already has voted for f6069d6f-2c93-4424-9b40-fa2b0879fe00 at current term 9
2021-09-16 12:47:50,278 [grpc-default-executor-0] INFO  server.RaftServer$Division (RaftServerImpl.java:requestVote(1075)) - f6069d6f-2c93-4424-9b40-fa2b0879fe00@group-FD5B065FBE52 replies to ELECTION vote request: 38372db9-1534-4cf5-b428-c401e92fe9f8<-f6069d6f-2c93-4424-9b40-fa2b0879fe00#0:FAIL-t9. Peer's state: f6069d6f-2c93-4424-9b40-fa2b0879fe00@group-FD5B065FBE52:t9, leader=null, voted=f6069d6f-2c93-4424-9b40-fa2b0879fe00, raftlog=f6069d6f-2c93-4424-9b40-fa2b0879fe00@group-FD5B065FBE52-SegmentedRaftLog:OPENED:c-1,f-1,i0, conf=-1: [f6069d6f-2c93-4424-9b40-fa2b0879fe00|rpc:10.1.0.31:33405|priority:0, 38372db9-1534-4cf5-b428-c401e92fe9f8|rpc:10.1.0.31:34927|priority:0, b4139188-0655-419f-be5a-4685bfe92707|rpc:10.1.0.31:39773|priority:1], old=null
2021-09-16 12:47:50,280 [grpc-default-executor-2] INFO  server.RaftServer$Division (RaftServerImpl.java:requestVote(1075)) - b4139188-0655-419f-be5a-4685bfe92707@group-FD5B065FBE52 replies to ELECTION vote request: f6069d6f-2c93-4424-9b40-fa2b0879fe00<-b4139188-0655-419f-be5a-4685bfe92707#0:FAIL-t9. Peer's state: b4139188-0655-419f-be5a-4685bfe92707@group-FD5B065FBE52:t9, leader=null, voted=null, raftlog=b4139188-0655-419f-be5a-4685bfe92707@group-FD5B065FBE52-SegmentedRaftLog:OPENED:c-1,f-1,i0, conf=-1: [f6069d6f-2c93-4424-9b40-fa2b0879fe00|rpc:10.1.0.31:33405|priority:0, 38372db9-1534-4cf5-b428-c401e92fe9f8|rpc:10.1.0.31:34927|priority:0, b4139188-0655-419f-be5a-4685bfe92707|rpc:10.1.0.31:39773|priority:1], old=null
2021-09-16 12:47:50,285 [grpc-default-executor-0] INFO  server.RaftServer$Division (RaftServerImpl.java:requestVote(1043)) - b4139188-0655-419f-be5a-4685bfe92707@group-FD5B065FBE52: receive requestVote(ELECTION, 38372db9-1534-4cf5-b428-c401e92fe9f8, group-FD5B065FBE52, 9, (t:0, i:0))
2021-09-16 12:47:50,285 [grpc-default-executor-0] INFO  impl.VoteContext (VoteContext.java:log(48)) - b4139188-0655-419f-be5a-4685bfe92707@group-FD5B065FBE52-FOLLOWER: reject ELECTION from 38372db9-1534-4cf5-b428-c401e92fe9f8: our priority 1 > candidate's priority 0
2021-09-16 12:47:50,285 [grpc-default-executor-0] INFO  server.RaftServer$Division (RaftServerImpl.java:setRole(285)) - b4139188-0655-419f-be5a-4685bfe92707@group-FD5B065FBE52: changes role from  FOLLOWER to FOLLOWER at term 9 for candidate:38372db9-1534-4cf5-b428-c401e92fe9f8
2021-09-16 12:47:50,285 [grpc-default-executor-0] INFO  impl.RoleInfo (RoleInfo.java:shutdownFollowerState(108)) - b4139188-0655-419f-be5a-4685bfe92707: shutdown b4139188-0655-419f-be5a-4685bfe92707@group-FD5B065FBE52-FollowerState
2021-09-16 12:47:50,285 [grpc-default-executor-0] INFO  impl.RoleInfo (RoleInfo.java:updateAndGet(130)) - b4139188-0655-419f-be5a-4685bfe92707: start b4139188-0655-419f-be5a-4685bfe92707@group-FD5B065FBE52-FollowerState
2021-09-16 12:47:50,285 [b4139188-0655-419f-be5a-4685bfe92707@group-FD5B065FBE52-FollowerState] INFO  impl.FollowerState (FollowerState.java:run(143)) - b4139188-0655-419f-be5a-4685bfe92707@group-FD5B065FBE52-FollowerState was interrupted: {}
java.lang.InterruptedException: sleep interrupted
	at java.lang.Thread.sleep(Native Method)
	at java.lang.Thread.sleep(Thread.java:340)
	at java.util.concurrent.TimeUnit.sleep(TimeUnit.java:386)
	at org.apache.ratis.util.TimeDuration.sleep(TimeDuration.java:324)
	at org.apache.ratis.util.TimeDuration.sleep(TimeDuration.java:309)
	at org.apache.ratis.server.impl.FollowerState.run(FollowerState.java:118)
2021-09-16 12:47:50,288 [f6069d6f-2c93-4424-9b40-fa2b0879fe00@group-FD5B065FBE52-LeaderElection17] INFO  impl.LeaderElection (LeaderElection.java:logAndReturn(89)) - f6069d6f-2c93-4424-9b40-fa2b0879fe00@group-FD5B065FBE52-LeaderElection17: ELECTION REJECTED received 2 response(s) and 0 exception(s):
2021-09-16 12:47:50,297 [f6069d6f-2c93-4424-9b40-fa2b0879fe00@group-FD5B065FBE52-LeaderElection17] INFO  impl.LeaderElection (LeaderElection.java:logAndReturn(93)) -   Response 0: f6069d6f-2c93-4424-9b40-fa2b0879fe00<-38372db9-1534-4cf5-b428-c401e92fe9f8#0:FAIL-t9
2021-09-16 12:47:50,297 [f6069d6f-2c93-4424-9b40-fa2b0879fe00@group-FD5B065FBE52-LeaderElection17] INFO  impl.LeaderElection (LeaderElection.java:logAndReturn(93)) -   Response 1: f6069d6f-2c93-4424-9b40-fa2b0879fe00<-b4139188-0655-419f-be5a-4685bfe92707#0:FAIL-t9
2021-09-16 12:47:50,297 [f6069d6f-2c93-4424-9b40-fa2b0879fe00@group-FD5B065FBE52-LeaderElection17] INFO  impl.LeaderElection (LeaderElection.java:askForVotes(308)) - f6069d6f-2c93-4424-9b40-fa2b0879fe00@group-FD5B065FBE52-LeaderElection17 ELECTION round 0: result REJECTED
2021-09-16 12:47:50,297 [f6069d6f-2c93-4424-9b40-fa2b0879fe00@group-FD5B065FBE52-LeaderElection17] INFO  server.RaftServer$Division (RaftServerImpl.java:setRole(285)) - f6069d6f-2c93-4424-9b40-fa2b0879fe00@group-FD5B065FBE52: changes role from CANDIDATE to FOLLOWER at term 9 for REJECTED
2021-09-16 12:47:50,297 [f6069d6f-2c93-4424-9b40-fa2b0879fe00@group-FD5B065FBE52-LeaderElection17] INFO  impl.RoleInfo (RoleInfo.java:shutdownLeaderElection(121)) - f6069d6f-2c93-4424-9b40-fa2b0879fe00: shutdown f6069d6f-2c93-4424-9b40-fa2b0879fe00@group-FD5B065FBE52-LeaderElection17
2021-09-16 12:47:50,297 [f6069d6f-2c93-4424-9b40-fa2b0879fe00@group-FD5B065FBE52-LeaderElection17] INFO  impl.RoleInfo (RoleInfo.java:updateAndGet(130)) - f6069d6f-2c93-4424-9b40-fa2b0879fe00: start f6069d6f-2c93-4424-9b40-fa2b0879fe00@group-FD5B065FBE52-FollowerState
2021-09-16 12:47:50,286 [grpc-default-executor-0] INFO  server.RaftServer$Division (RaftServerImpl.java:requestVote(1075)) - b4139188-0655-419f-be5a-4685bfe92707@group-FD5B065FBE52 replies to ELECTION vote request: 38372db9-1534-4cf5-b428-c401e92fe9f8<-b4139188-0655-419f-be5a-4685bfe92707#0:FAIL-t9. Peer's state: b4139188-0655-419f-be5a-4685bfe92707@group-FD5B065FBE52:t9, leader=null, voted=null, raftlog=b4139188-0655-419f-be5a-4685bfe92707@group-FD5B065FBE52-SegmentedRaftLog:OPENED:c-1,f-1,i0, conf=-1: [f6069d6f-2c93-4424-9b40-fa2b0879fe00|rpc:10.1.0.31:33405|priority:0, 38372db9-1534-4cf5-b428-c401e92fe9f8|rpc:10.1.0.31:34927|priority:0, b4139188-0655-419f-be5a-4685bfe92707|rpc:10.1.0.31:39773|priority:1], old=null
2021-09-16 12:47:50,304 [38372db9-1534-4cf5-b428-c401e92fe9f8@group-FD5B065FBE52-LeaderElection18] INFO  impl.LeaderElection (LeaderElection.java:logAndReturn(89)) - 38372db9-1534-4cf5-b428-c401e92fe9f8@group-FD5B065FBE52-LeaderElection18: ELECTION REJECTED received 2 response(s) and 0 exception(s):
2021-09-16 12:47:50,305 [38372db9-1534-4cf5-b428-c401e92fe9f8@group-FD5B065FBE52-LeaderElection18] INFO  impl.LeaderElection (LeaderElection.java:logAndReturn(93)) -   Response 0: 38372db9-1534-4cf5-b428-c401e92fe9f8<-f6069d6f-2c93-4424-9b40-fa2b0879fe00#0:FAIL-t9
2021-09-16 12:47:50,305 [38372db9-1534-4cf5-b428-c401e92fe9f8@group-FD5B065FBE52-LeaderElection18] INFO  impl.LeaderElection (LeaderElection.java:logAndReturn(93)) -   Response 1: 38372db9-1534-4cf5-b428-c401e92fe9f8<-b4139188-0655-419f-be5a-4685bfe92707#0:FAIL-t9
2021-09-16 12:47:50,305 [38372db9-1534-4cf5-b428-c401e92fe9f8@group-FD5B065FBE52-LeaderElection18] INFO  impl.LeaderElection (LeaderElection.java:askForVotes(308)) - 38372db9-1534-4cf5-b428-c401e92fe9f8@group-FD5B065FBE52-LeaderElection18 ELECTION round 0: result REJECTED
2021-09-16 12:47:50,305 [38372db9-1534-4cf5-b428-c401e92fe9f8@group-FD5B065FBE52-LeaderElection18] INFO  server.RaftServer$Division (RaftServerImpl.java:setRole(285)) - 38372db9-1534-4cf5-b428-c401e92fe9f8@group-FD5B065FBE52: changes role from CANDIDATE to FOLLOWER at term 9 for REJECTED
2021-09-16 12:47:50,305 [38372db9-1534-4cf5-b428-c401e92fe9f8@group-FD5B065FBE52-LeaderElection18] INFO  impl.RoleInfo (RoleInfo.java:shutdownLeaderElection(121)) - 38372db9-1534-4cf5-b428-c401e92fe9f8: shutdown 38372db9-1534-4cf5-b428-c401e92fe9f8@group-FD5B065FBE52-LeaderElection18
2021-09-16 12:47:50,305 [38372db9-1534-4cf5-b428-c401e92fe9f8@group-FD5B065FBE52-LeaderElection18] INFO  impl.RoleInfo (RoleInfo.java:updateAndGet(130)) - 38372db9-1534-4cf5-b428-c401e92fe9f8: start 38372db9-1534-4cf5-b428-c401e92fe9f8@group-FD5B065FBE52-FollowerState
2021-09-16 12:47:51,008 [Listener at 127.0.0.1/43521] INFO  ozone.MiniOzoneClusterImpl (MiniOzoneClusterImpl.java:lambda$waitForClusterToBeReady$0(235)) - Nodes are ready. Got 3 of 3 DN Heartbeats.
2021-09-16 12:47:51,009 [Listener at 127.0.0.1/43521] INFO  ozone.MiniOzoneClusterImpl (MiniOzoneClusterImpl.java:lambda$waitForClusterToBeReady$0(238)) - Waiting for cluster to exit safe mode
2021-09-16 12:47:51,009 [Listener at 127.0.0.1/43521] INFO  ozone.MiniOzoneClusterImpl (MiniOzoneClusterImpl.java:lambda$waitForClusterToBeReady$0(240)) - SCM became leader
2021-09-16 12:47:52,009 [Listener at 127.0.0.1/43521] INFO  ozone.MiniOzoneClusterImpl (MiniOzoneClusterImpl.java:lambda$waitForClusterToBeReady$0(235)) - Nodes are ready. Got 3 of 3 DN Heartbeats.
2021-09-16 12:47:52,009 [Listener at 127.0.0.1/43521] INFO  ozone.MiniOzoneClusterImpl (MiniOzoneClusterImpl.java:lambda$waitForClusterToBeReady$0(238)) - Waiting for cluster to exit safe mode
2021-09-16 12:47:52,009 [Listener at 127.0.0.1/43521] INFO  ozone.MiniOzoneClusterImpl (MiniOzoneClusterImpl.java:lambda$waitForClusterToBeReady$0(240)) - SCM became leader
2021-09-16 12:47:53,009 [Listener at 127.0.0.1/43521] INFO  ozone.MiniOzoneClusterImpl (MiniOzoneClusterImpl.java:lambda$waitForClusterToBeReady$0(235)) - Nodes are ready. Got 3 of 3 DN Heartbeats.
2021-09-16 12:47:53,010 [Listener at 127.0.0.1/43521] INFO  ozone.MiniOzoneClusterImpl (MiniOzoneClusterImpl.java:lambda$waitForClusterToBeReady$0(238)) - Waiting for cluster to exit safe mode
2021-09-16 12:47:53,010 [Listener at 127.0.0.1/43521] INFO  ozone.MiniOzoneClusterImpl (MiniOzoneClusterImpl.java:lambda$waitForClusterToBeReady$0(240)) - SCM became leader
2021-09-16 12:47:54,010 [Listener at 127.0.0.1/43521] INFO  ozone.MiniOzoneClusterImpl (MiniOzoneClusterImpl.java:lambda$waitForClusterToBeReady$0(235)) - Nodes are ready. Got 3 of 3 DN Heartbeats.
2021-09-16 12:47:54,010 [Listener at 127.0.0.1/43521] INFO  ozone.MiniOzoneClusterImpl (MiniOzoneClusterImpl.java:lambda$waitForClusterToBeReady$0(238)) - Waiting for cluster to exit safe mode
2021-09-16 12:47:54,010 [Listener at 127.0.0.1/43521] INFO  ozone.MiniOzoneClusterImpl (MiniOzoneClusterImpl.java:lambda$waitForClusterToBeReady$0(240)) - SCM became leader
2021-09-16 12:47:55,010 [Listener at 127.0.0.1/43521] INFO  ozone.MiniOzoneClusterImpl (MiniOzoneClusterImpl.java:lambda$waitForClusterToBeReady$0(235)) - Nodes are ready. Got 3 of 3 DN Heartbeats.
2021-09-16 12:47:55,011 [Listener at 127.0.0.1/43521] INFO  ozone.MiniOzoneClusterImpl (MiniOzoneClusterImpl.java:lambda$waitForClusterToBeReady$0(238)) - Waiting for cluster to exit safe mode
2021-09-16 12:47:55,011 [Listener at 127.0.0.1/43521] INFO  ozone.MiniOzoneClusterImpl (MiniOzoneClusterImpl.java:lambda$waitForClusterToBeReady$0(240)) - SCM became leader
2021-09-16 12:47:55,376 [b4139188-0655-419f-be5a-4685bfe92707@group-FD5B065FBE52-FollowerState] INFO  impl.FollowerState (FollowerState.java:run(134)) - b4139188-0655-419f-be5a-4685bfe92707@group-FD5B065FBE52-FollowerState: change to CANDIDATE, lastRpcElapsedTime:5090843059ns, electionTimeout:5080ms
2021-09-16 12:47:55,376 [b4139188-0655-419f-be5a-4685bfe92707@group-FD5B065FBE52-FollowerState] INFO  impl.RoleInfo (RoleInfo.java:shutdownFollowerState(108)) - b4139188-0655-419f-be5a-4685bfe92707: shutdown b4139188-0655-419f-be5a-4685bfe92707@group-FD5B065FBE52-FollowerState
2021-09-16 12:47:55,376 [b4139188-0655-419f-be5a-4685bfe92707@group-FD5B065FBE52-FollowerState] INFO  server.RaftServer$Division (RaftServerImpl.java:setRole(285)) - b4139188-0655-419f-be5a-4685bfe92707@group-FD5B065FBE52: changes role from  FOLLOWER to CANDIDATE at term 9 for changeToCandidate
2021-09-16 12:47:55,377 [b4139188-0655-419f-be5a-4685bfe92707@group-FD5B065FBE52-FollowerState] INFO  server.RaftServerConfigKeys (ConfUtils.java:logGet(44)) - raft.server.leaderelection.pre-vote = false (custom)
2021-09-16 12:47:55,377 [b4139188-0655-419f-be5a-4685bfe92707@group-FD5B065FBE52-FollowerState] INFO  impl.RoleInfo (RoleInfo.java:updateAndGet(130)) - b4139188-0655-419f-be5a-4685bfe92707: start b4139188-0655-419f-be5a-4685bfe92707@group-FD5B065FBE52-LeaderElection19
2021-09-16 12:47:55,382 [b4139188-0655-419f-be5a-4685bfe92707@group-FD5B065FBE52-LeaderElection19] INFO  impl.LeaderElection (LeaderElection.java:askForVotes(306)) - b4139188-0655-419f-be5a-4685bfe92707@group-FD5B065FBE52-LeaderElection19 ELECTION round 0: submit vote requests at term 10 for -1: [f6069d6f-2c93-4424-9b40-fa2b0879fe00|rpc:10.1.0.31:33405|priority:0, 38372db9-1534-4cf5-b428-c401e92fe9f8|rpc:10.1.0.31:34927|priority:0, b4139188-0655-419f-be5a-4685bfe92707|rpc:10.1.0.31:39773|priority:1], old=null
2021-09-16 12:47:55,386 [grpc-default-executor-0] INFO  server.RaftServer$Division (RaftServerImpl.java:requestVote(1043)) - f6069d6f-2c93-4424-9b40-fa2b0879fe00@group-FD5B065FBE52: receive requestVote(ELECTION, b4139188-0655-419f-be5a-4685bfe92707, group-FD5B065FBE52, 10, (t:0, i:0))
2021-09-16 12:47:55,386 [grpc-default-executor-0] INFO  impl.VoteContext (VoteContext.java:log(48)) - f6069d6f-2c93-4424-9b40-fa2b0879fe00@group-FD5B065FBE52-FOLLOWER: accept ELECTION from b4139188-0655-419f-be5a-4685bfe92707: our priority 0 <= candidate's priority 1
2021-09-16 12:47:55,386 [grpc-default-executor-0] INFO  server.RaftServer$Division (RaftServerImpl.java:setRole(285)) - f6069d6f-2c93-4424-9b40-fa2b0879fe00@group-FD5B065FBE52: changes role from  FOLLOWER to FOLLOWER at term 10 for candidate:b4139188-0655-419f-be5a-4685bfe92707
2021-09-16 12:47:55,386 [grpc-default-executor-0] INFO  impl.RoleInfo (RoleInfo.java:shutdownFollowerState(108)) - f6069d6f-2c93-4424-9b40-fa2b0879fe00: shutdown f6069d6f-2c93-4424-9b40-fa2b0879fe00@group-FD5B065FBE52-FollowerState
2021-09-16 12:47:55,386 [grpc-default-executor-0] INFO  impl.RoleInfo (RoleInfo.java:updateAndGet(130)) - f6069d6f-2c93-4424-9b40-fa2b0879fe00: start f6069d6f-2c93-4424-9b40-fa2b0879fe00@group-FD5B065FBE52-FollowerState
2021-09-16 12:47:55,386 [f6069d6f-2c93-4424-9b40-fa2b0879fe00@group-FD5B065FBE52-FollowerState] INFO  impl.FollowerState (FollowerState.java:run(143)) - f6069d6f-2c93-4424-9b40-fa2b0879fe00@group-FD5B065FBE52-FollowerState was interrupted: {}
java.lang.InterruptedException: sleep interrupted
	at java.lang.Thread.sleep(Native Method)
	at java.lang.Thread.sleep(Thread.java:340)
	at java.util.concurrent.TimeUnit.sleep(TimeUnit.java:386)
	at org.apache.ratis.util.TimeDuration.sleep(TimeDuration.java:324)
	at org.apache.ratis.util.TimeDuration.sleep(TimeDuration.java:309)
	at org.apache.ratis.server.impl.FollowerState.run(FollowerState.java:118)
2021-09-16 12:47:55,388 [grpc-default-executor-0] INFO  server.RaftServer$Division (RaftServerImpl.java:requestVote(1075)) - f6069d6f-2c93-4424-9b40-fa2b0879fe00@group-FD5B065FBE52 replies to ELECTION vote request: b4139188-0655-419f-be5a-4685bfe92707<-f6069d6f-2c93-4424-9b40-fa2b0879fe00#0:OK-t10. Peer's state: f6069d6f-2c93-4424-9b40-fa2b0879fe00@group-FD5B065FBE52:t10, leader=null, voted=b4139188-0655-419f-be5a-4685bfe92707, raftlog=f6069d6f-2c93-4424-9b40-fa2b0879fe00@group-FD5B065FBE52-SegmentedRaftLog:OPENED:c-1,f-1,i0, conf=-1: [f6069d6f-2c93-4424-9b40-fa2b0879fe00|rpc:10.1.0.31:33405|priority:0, 38372db9-1534-4cf5-b428-c401e92fe9f8|rpc:10.1.0.31:34927|priority:0, b4139188-0655-419f-be5a-4685bfe92707|rpc:10.1.0.31:39773|priority:1], old=null
2021-09-16 12:47:55,391 [grpc-default-executor-2] INFO  server.RaftServer$Division (RaftServerImpl.java:requestVote(1043)) - 38372db9-1534-4cf5-b428-c401e92fe9f8@group-FD5B065FBE52: receive requestVote(ELECTION, b4139188-0655-419f-be5a-4685bfe92707, group-FD5B065FBE52, 10, (t:0, i:0))
2021-09-16 12:47:55,391 [grpc-default-executor-2] INFO  impl.VoteContext (VoteContext.java:log(48)) - 38372db9-1534-4cf5-b428-c401e92fe9f8@group-FD5B065FBE52-FOLLOWER: accept ELECTION from b4139188-0655-419f-be5a-4685bfe92707: our priority 0 <= candidate's priority 1
2021-09-16 12:47:55,391 [grpc-default-executor-2] INFO  server.RaftServer$Division (RaftServerImpl.java:setRole(285)) - 38372db9-1534-4cf5-b428-c401e92fe9f8@group-FD5B065FBE52: changes role from  FOLLOWER to FOLLOWER at term 10 for candidate:b4139188-0655-419f-be5a-4685bfe92707
2021-09-16 12:47:55,391 [grpc-default-executor-2] INFO  impl.RoleInfo (RoleInfo.java:shutdownFollowerState(108)) - 38372db9-1534-4cf5-b428-c401e92fe9f8: shutdown 38372db9-1534-4cf5-b428-c401e92fe9f8@group-FD5B065FBE52-FollowerState
2021-09-16 12:47:55,392 [grpc-default-executor-2] INFO  impl.RoleInfo (RoleInfo.java:updateAndGet(130)) - 38372db9-1534-4cf5-b428-c401e92fe9f8: start 38372db9-1534-4cf5-b428-c401e92fe9f8@group-FD5B065FBE52-FollowerState
2021-09-16 12:47:55,392 [38372db9-1534-4cf5-b428-c401e92fe9f8@group-FD5B065FBE52-FollowerState] INFO  impl.FollowerState (FollowerState.java:run(143)) - 38372db9-1534-4cf5-b428-c401e92fe9f8@group-FD5B065FBE52-FollowerState was interrupted: {}
java.lang.InterruptedException: sleep interrupted
	at java.lang.Thread.sleep(Native Method)
	at java.lang.Thread.sleep(Thread.java:340)
	at java.util.concurrent.TimeUnit.sleep(TimeUnit.java:386)
	at org.apache.ratis.util.TimeDuration.sleep(TimeDuration.java:324)
	at org.apache.ratis.util.TimeDuration.sleep(TimeDuration.java:309)
	at org.apache.ratis.server.impl.FollowerState.run(FollowerState.java:118)
2021-09-16 12:47:55,403 [grpc-default-executor-2] INFO  server.RaftServer$Division (RaftServerImpl.java:requestVote(1075)) - 38372db9-1534-4cf5-b428-c401e92fe9f8@group-FD5B065FBE52 replies to ELECTION vote request: b4139188-0655-419f-be5a-4685bfe92707<-38372db9-1534-4cf5-b428-c401e92fe9f8#0:OK-t10. Peer's state: 38372db9-1534-4cf5-b428-c401e92fe9f8@group-FD5B065FBE52:t10, leader=null, voted=b4139188-0655-419f-be5a-4685bfe92707, raftlog=38372db9-1534-4cf5-b428-c401e92fe9f8@group-FD5B065FBE52-SegmentedRaftLog:OPENED:c-1,f-1,i0, conf=-1: [f6069d6f-2c93-4424-9b40-fa2b0879fe00|rpc:10.1.0.31:33405|priority:0, 38372db9-1534-4cf5-b428-c401e92fe9f8|rpc:10.1.0.31:34927|priority:0, b4139188-0655-419f-be5a-4685bfe92707|rpc:10.1.0.31:39773|priority:1], old=null
2021-09-16 12:47:55,405 [b4139188-0655-419f-be5a-4685bfe92707@group-FD5B065FBE52-LeaderElection19] INFO  impl.LeaderElection (LeaderElection.java:logAndReturn(89)) - b4139188-0655-419f-be5a-4685bfe92707@group-FD5B065FBE52-LeaderElection19: ELECTION PASSED received 1 response(s) and 0 exception(s):
2021-09-16 12:47:55,405 [b4139188-0655-419f-be5a-4685bfe92707@group-FD5B065FBE52-LeaderElection19] INFO  impl.LeaderElection (LeaderElection.java:logAndReturn(93)) -   Response 0: b4139188-0655-419f-be5a-4685bfe92707<-38372db9-1534-4cf5-b428-c401e92fe9f8#0:OK-t10
2021-09-16 12:47:55,405 [b4139188-0655-419f-be5a-4685bfe92707@group-FD5B065FBE52-LeaderElection19] INFO  impl.LeaderElection (LeaderElection.java:askForVotes(308)) - b4139188-0655-419f-be5a-4685bfe92707@group-FD5B065FBE52-LeaderElection19 ELECTION round 0: result PASSED
2021-09-16 12:47:55,406 [b4139188-0655-419f-be5a-4685bfe92707@group-FD5B065FBE52-LeaderElection19] INFO  impl.RoleInfo (RoleInfo.java:shutdownLeaderElection(121)) - b4139188-0655-419f-be5a-4685bfe92707: shutdown b4139188-0655-419f-be5a-4685bfe92707@group-FD5B065FBE52-LeaderElection19
2021-09-16 12:47:55,406 [b4139188-0655-419f-be5a-4685bfe92707@group-FD5B065FBE52-LeaderElection19] INFO  server.RaftServer$Division (RaftServerImpl.java:setRole(285)) - b4139188-0655-419f-be5a-4685bfe92707@group-FD5B065FBE52: changes role from CANDIDATE to LEADER at term 10 for changeToLeader
2021-09-16 12:47:55,406 [b4139188-0655-419f-be5a-4685bfe92707@group-FD5B065FBE52-LeaderElection19] INFO  ratis.XceiverServerRatis (XceiverServerRatis.java:handleLeaderChangedNotification(860)) - Leader change notification received for group: group-FD5B065FBE52 with new leaderId: b4139188-0655-419f-be5a-4685bfe92707
2021-09-16 12:47:55,406 [b4139188-0655-419f-be5a-4685bfe92707@group-FD5B065FBE52-LeaderElection19] INFO  server.RaftServer$Division (ServerState.java:setLeader(285)) - b4139188-0655-419f-be5a-4685bfe92707@group-FD5B065FBE52: change Leader from null to b4139188-0655-419f-be5a-4685bfe92707 at term 10 for becomeLeader, leader elected after 50347ms
2021-09-16 12:47:55,406 [b4139188-0655-419f-be5a-4685bfe92707@group-FD5B065FBE52-LeaderElection19] INFO  server.RaftServerConfigKeys (ConfUtils.java:logGet(44)) - raft.server.staging.catchup.gap = 1000 (default)
2021-09-16 12:47:55,406 [Datanode State Machine Thread - 0] WARN  statemachine.StateContext (StateContext.java:execute(621)) - No available thread in pool for past 1 seconds.
2021-09-16 12:47:55,406 [b4139188-0655-419f-be5a-4685bfe92707@group-FD5B065FBE52-LeaderElection19] INFO  server.RaftServerConfigKeys (ConfUtils.java:logGet(44)) - raft.server.write.element-limit = 1024 (custom)
2021-09-16 12:47:55,408 [b4139188-0655-419f-be5a-4685bfe92707@group-FD5B065FBE52-LeaderElection19] INFO  server.RaftServerConfigKeys (ConfUtils.java:logGet(44)) - raft.server.write.byte-limit = 1024 M (=1073741824) (custom)
2021-09-16 12:47:55,412 [b4139188-0655-419f-be5a-4685bfe92707@group-FD5B065FBE52-LeaderElection19] INFO  server.RaftServerConfigKeys (ConfUtils.java:logGet(44)) - raft.server.watch.timeout = 180s (custom)
2021-09-16 12:47:55,412 [b4139188-0655-419f-be5a-4685bfe92707@group-FD5B065FBE52-LeaderElection19] INFO  server.RaftServerConfigKeys (ConfUtils.java:logGet(44)) - raft.server.watch.timeout.denomination = 1s (default)
2021-09-16 12:47:55,412 [b4139188-0655-419f-be5a-4685bfe92707@group-FD5B065FBE52-LeaderElection19] INFO  server.RaftServerConfigKeys (ConfUtils.java:logGet(44)) - raft.server.watch.element-limit = 65536 (default)
2021-09-16 12:47:55,413 [EventQueue-PipelineReportForPipelineReportHandler] INFO  pipeline.PipelineManagerImpl (PipelineManagerImpl.java:openPipeline(282)) - Pipeline Pipeline[ Id: af5657be-acc9-4691-9d03-fd5b065fbe52, Nodes: 38372db9-1534-4cf5-b428-c401e92fe9f8{ip: 10.1.0.31, host: fv-az148-673.bm4ck3pvxvsene1rjriu5fhcdb.bx.internal.cloudapp.net, ports: [REPLICATION=41309, RATIS=34927, RATIS_ADMIN=34927, RATIS_SERVER=34927, STANDALONE=39787], networkLocation: /default-rack, certSerialId: null, persistedOpState: IN_SERVICE, persistedOpStateExpiryEpochSec: 0}b4139188-0655-419f-be5a-4685bfe92707{ip: 10.1.0.31, host: fv-az148-673.bm4ck3pvxvsene1rjriu5fhcdb.bx.internal.cloudapp.net, ports: [REPLICATION=38491, RATIS=39773, RATIS_ADMIN=39773, RATIS_SERVER=39773, STANDALONE=43677], networkLocation: /default-rack, certSerialId: null, persistedOpState: IN_SERVICE, persistedOpStateExpiryEpochSec: 0}f6069d6f-2c93-4424-9b40-fa2b0879fe00{ip: 10.1.0.31, host: fv-az148-673.bm4ck3pvxvsene1rjriu5fhcdb.bx.internal.cloudapp.net, ports: [REPLICATION=40393, RATIS=33405, RATIS_ADMIN=33405, RATIS_SERVER=33405, STANDALONE=46191], networkLocation: /default-rack, certSerialId: null, persistedOpState: IN_SERVICE, persistedOpStateExpiryEpochSec: 0}, ReplicationConfig: RATIS/THREE, State:ALLOCATED, leaderId:b4139188-0655-419f-be5a-4685bfe92707, CreationTimestamp2021-09-16T12:47:02.012Z[Etc/UTC]] moved to OPEN state
2021-09-16 12:47:55,414 [EventQueue-OpenPipelineForHealthyPipelineSafeModeRule] INFO  safemode.SCMSafeModeManager (HealthyPipelineSafeModeRule.java:process(124)) - SCM in safe mode. Healthy pipelines reported count is 0, required healthy pipeline reported count is 1
2021-09-16 12:47:55,414 [EventQueue-OpenPipelineForHealthyPipelineSafeModeRule] INFO  safemode.SCMSafeModeManager (HealthyPipelineSafeModeRule.java:process(124)) - SCM in safe mode. Healthy pipelines reported count is 1, required healthy pipeline reported count is 1
2021-09-16 12:47:55,414 [EventQueue-OpenPipelineForHealthyPipelineSafeModeRule] INFO  safemode.SCMSafeModeManager (SCMSafeModeManager.java:validateSafeModeExitRules(204)) - HealthyPipelineSafeModeRule rule is successfully validated
2021-09-16 12:47:55,414 [EventQueue-OpenPipelineForHealthyPipelineSafeModeRule] INFO  safemode.SCMSafeModeManager (SCMSafeModeManager.java:validateSafeModeExitRules(219)) - ScmSafeModeManager, all rules are successfully validated
2021-09-16 12:47:55,414 [EventQueue-OpenPipelineForHealthyPipelineSafeModeRule] INFO  safemode.SCMSafeModeManager (SCMSafeModeManager.java:exitSafeMode(248)) - SCM exiting safe mode.
2021-09-16 12:47:55,414 [EventQueue-OpenPipelineForHealthyPipelineSafeModeRule] WARN  events.EventQueue (EventQueue.java:fireEvent(194)) - No event handler registered for event TypedEvent{payloadType=SafeModeStatus, name='Safe mode status'}
2021-09-16 12:47:55,414 [EventQueue-OpenPipelineForHealthyPipelineSafeModeRule] INFO  ha.SCMContext (SCMContext.java:updateSafeModeStatus(205)) - Update SafeModeStatus from SafeModeStatus{safeModeStatus=true, preCheckPassed=true} to SafeModeStatus{safeModeStatus=false, preCheckPassed=true}.
2021-09-16 12:47:55,414 [EventQueue-OpenPipelineForHealthyPipelineSafeModeRule] INFO  pipeline.BackgroundPipelineCreator (BackgroundPipelineCreatorV2.java:notifyStatusChanged(264)) - Service BackgroundPipelineCreator transitions to RUNNING.
2021-09-16 12:47:55,414 [EventQueue-OpenPipelineForHealthyPipelineSafeModeRule] INFO  container.ReplicationManager (ReplicationManager.java:notifyStatusChanged(1743)) - Service ReplicationManager transitions to RUNNING.
2021-09-16 12:47:55,425 [b4139188-0655-419f-be5a-4685bfe92707@group-FD5B065FBE52-LeaderElection19] INFO  server.RaftServerConfigKeys (ConfUtils.java:logGet(44)) - raft.server.log.appender.snapshot.chunk.size.max = 16MB (=16777216) (default)
2021-09-16 12:47:55,426 [b4139188-0655-419f-be5a-4685bfe92707@group-FD5B065FBE52-LeaderElection19] INFO  server.RaftServerConfigKeys (ConfUtils.java:logGet(44)) - raft.server.log.appender.buffer.byte-limit = 33554432 (custom)
2021-09-16 12:47:55,427 [b4139188-0655-419f-be5a-4685bfe92707@group-FD5B065FBE52-LeaderElection19] INFO  server.RaftServerConfigKeys (ConfUtils.java:logGet(44)) - raft.server.log.appender.buffer.element-limit = 1 (custom)
2021-09-16 12:47:55,429 [b4139188-0655-419f-be5a-4685bfe92707@group-FD5B065FBE52-LeaderElection19] INFO  grpc.GrpcConfigKeys (ConfUtils.java:logGet(44)) - raft.grpc.server.leader.outstanding.appends.max = 128 (default)
2021-09-16 12:47:55,430 [b4139188-0655-419f-be5a-4685bfe92707@group-FD5B065FBE52-LeaderElection19] INFO  server.RaftServerConfigKeys (ConfUtils.java:logGet(44)) - raft.server.rpc.request.timeout = 60s (custom)
2021-09-16 12:47:55,430 [b4139188-0655-419f-be5a-4685bfe92707@group-FD5B065FBE52-LeaderElection19] INFO  server.RaftServerConfigKeys (ConfUtils.java:logGet(44)) - raft.server.log.appender.install.snapshot.enabled = false (custom)
2021-09-16 12:47:55,437 [b4139188-0655-419f-be5a-4685bfe92707@group-FD5B065FBE52-LeaderElection19] INFO  server.RaftServerConfigKeys (ConfUtils.java:logGet(44)) - raft.server.log.appender.snapshot.chunk.size.max = 16MB (=16777216) (default)
2021-09-16 12:47:55,437 [b4139188-0655-419f-be5a-4685bfe92707@group-FD5B065FBE52-LeaderElection19] INFO  server.RaftServerConfigKeys (ConfUtils.java:logGet(44)) - raft.server.log.appender.buffer.byte-limit = 33554432 (custom)
2021-09-16 12:47:55,437 [b4139188-0655-419f-be5a-4685bfe92707@group-FD5B065FBE52-LeaderElection19] INFO  server.RaftServerConfigKeys (ConfUtils.java:logGet(44)) - raft.server.log.appender.buffer.element-limit = 1 (custom)
2021-09-16 12:47:55,437 [b4139188-0655-419f-be5a-4685bfe92707@group-FD5B065FBE52-LeaderElection19] INFO  grpc.GrpcConfigKeys (ConfUtils.java:logGet(44)) - raft.grpc.server.leader.outstanding.appends.max = 128 (default)
2021-09-16 12:47:55,437 [b4139188-0655-419f-be5a-4685bfe92707@group-FD5B065FBE52-LeaderElection19] INFO  server.RaftServerConfigKeys (ConfUtils.java:logGet(44)) - raft.server.rpc.request.timeout = 60s (custom)
2021-09-16 12:47:55,437 [b4139188-0655-419f-be5a-4685bfe92707@group-FD5B065FBE52-LeaderElection19] INFO  server.RaftServerConfigKeys (ConfUtils.java:logGet(44)) - raft.server.log.appender.install.snapshot.enabled = false (custom)
2021-09-16 12:47:55,439 [b4139188-0655-419f-be5a-4685bfe92707@group-FD5B065FBE52-LeaderElection19] INFO  impl.RoleInfo (RoleInfo.java:updateAndGet(130)) - b4139188-0655-419f-be5a-4685bfe92707: start b4139188-0655-419f-be5a-4685bfe92707@group-FD5B065FBE52-LeaderStateImpl
2021-09-16 12:47:55,441 [b4139188-0655-419f-be5a-4685bfe92707@group-FD5B065FBE52-LeaderElection19] INFO  segmented.SegmentedRaftLogWorker (SegmentedRaftLogWorker.java:startLogSegment(394)) - b4139188-0655-419f-be5a-4685bfe92707@group-FD5B065FBE52-SegmentedRaftLogWorker: Starting segment from index:0
2021-09-16 12:47:55,442 [b4139188-0655-419f-be5a-4685bfe92707@group-FD5B065FBE52-SegmentedRaftLogWorker] INFO  segmented.SegmentedRaftLogWorker (SegmentedRaftLogWorker.java:execute(601)) - b4139188-0655-419f-be5a-4685bfe92707@group-FD5B065FBE52-SegmentedRaftLogWorker: created new log segment /home/runner/work/ozone/ozone/hadoop-ozone/integration-test/target/test-dir/MiniOzoneClusterImpl-babe98fd-e4a2-44a3-a902-6ec1ad6f036e/datanode-2/data/ratis/af5657be-acc9-4691-9d03-fd5b065fbe52/current/log_inprogress_0
2021-09-16 12:47:55,452 [b4139188-0655-419f-be5a-4685bfe92707@group-FD5B065FBE52-LeaderElection19] INFO  server.RaftServer$Division (ServerState.java:setRaftConf(387)) - b4139188-0655-419f-be5a-4685bfe92707@group-FD5B065FBE52: set configuration 0: [f6069d6f-2c93-4424-9b40-fa2b0879fe00|rpc:10.1.0.31:33405|dataStream:|priority:0, 38372db9-1534-4cf5-b428-c401e92fe9f8|rpc:10.1.0.31:34927|dataStream:|priority:0, b4139188-0655-419f-be5a-4685bfe92707|rpc:10.1.0.31:39773|dataStream:|priority:1], old=null
2021-09-16 12:47:55,471 [grpc-default-executor-2] INFO  ratis.XceiverServerRatis (XceiverServerRatis.java:handleLeaderChangedNotification(860)) - Leader change notification received for group: group-FD5B065FBE52 with new leaderId: b4139188-0655-419f-be5a-4685bfe92707
2021-09-16 12:47:55,471 [grpc-default-executor-2] INFO  server.RaftServer$Division (ServerState.java:setLeader(285)) - 38372db9-1534-4cf5-b428-c401e92fe9f8@group-FD5B065FBE52: change Leader from null to b4139188-0655-419f-be5a-4685bfe92707 at term 10 for appendEntries, leader elected after 50773ms
2021-09-16 12:47:55,472 [grpc-default-executor-0] INFO  ratis.XceiverServerRatis (XceiverServerRatis.java:handleLeaderChangedNotification(860)) - Leader change notification received for group: group-FD5B065FBE52 with new leaderId: b4139188-0655-419f-be5a-4685bfe92707
2021-09-16 12:47:55,472 [grpc-default-executor-0] INFO  server.RaftServer$Division (ServerState.java:setLeader(285)) - f6069d6f-2c93-4424-9b40-fa2b0879fe00@group-FD5B065FBE52: change Leader from null to b4139188-0655-419f-be5a-4685bfe92707 at term 10 for appendEntries, leader elected after 51043ms
2021-09-16 12:47:55,510 [grpc-default-executor-2] INFO  server.RaftServer$Division (ServerState.java:setRaftConf(387)) - f6069d6f-2c93-4424-9b40-fa2b0879fe00@group-FD5B065FBE52: set configuration 0: [f6069d6f-2c93-4424-9b40-fa2b0879fe00|rpc:10.1.0.31:33405|dataStream:|priority:0, 38372db9-1534-4cf5-b428-c401e92fe9f8|rpc:10.1.0.31:34927|dataStream:|priority:0, b4139188-0655-419f-be5a-4685bfe92707|rpc:10.1.0.31:39773|dataStream:|priority:1], old=null
2021-09-16 12:47:55,510 [grpc-default-executor-2] INFO  segmented.SegmentedRaftLogWorker (SegmentedRaftLogWorker.java:startLogSegment(394)) - f6069d6f-2c93-4424-9b40-fa2b0879fe00@group-FD5B065FBE52-SegmentedRaftLogWorker: Starting segment from index:0
2021-09-16 12:47:55,513 [f6069d6f-2c93-4424-9b40-fa2b0879fe00@group-FD5B065FBE52-SegmentedRaftLogWorker] INFO  segmented.SegmentedRaftLogWorker (SegmentedRaftLogWorker.java:execute(601)) - f6069d6f-2c93-4424-9b40-fa2b0879fe00@group-FD5B065FBE52-SegmentedRaftLogWorker: created new log segment /home/runner/work/ozone/ozone/hadoop-ozone/integration-test/target/test-dir/MiniOzoneClusterImpl-babe98fd-e4a2-44a3-a902-6ec1ad6f036e/datanode-0/data/ratis/af5657be-acc9-4691-9d03-fd5b065fbe52/current/log_inprogress_0
2021-09-16 12:47:55,521 [grpc-default-executor-2] INFO  server.RaftServer$Division (ServerState.java:setRaftConf(387)) - 38372db9-1534-4cf5-b428-c401e92fe9f8@group-FD5B065FBE52: set configuration 0: [f6069d6f-2c93-4424-9b40-fa2b0879fe00|rpc:10.1.0.31:33405|dataStream:|priority:0, 38372db9-1534-4cf5-b428-c401e92fe9f8|rpc:10.1.0.31:34927|dataStream:|priority:0, b4139188-0655-419f-be5a-4685bfe92707|rpc:10.1.0.31:39773|dataStream:|priority:1], old=null
2021-09-16 12:47:55,521 [grpc-default-executor-2] INFO  segmented.SegmentedRaftLogWorker (SegmentedRaftLogWorker.java:startLogSegment(394)) - 38372db9-1534-4cf5-b428-c401e92fe9f8@group-FD5B065FBE52-SegmentedRaftLogWorker: Starting segment from index:0
2021-09-16 12:47:55,526 [38372db9-1534-4cf5-b428-c401e92fe9f8@group-FD5B065FBE52-SegmentedRaftLogWorker] INFO  segmented.SegmentedRaftLogWorker (SegmentedRaftLogWorker.java:execute(601)) - 38372db9-1534-4cf5-b428-c401e92fe9f8@group-FD5B065FBE52-SegmentedRaftLogWorker: created new log segment /home/runner/work/ozone/ozone/hadoop-ozone/integration-test/target/test-dir/MiniOzoneClusterImpl-babe98fd-e4a2-44a3-a902-6ec1ad6f036e/datanode-1/data/ratis/af5657be-acc9-4691-9d03-fd5b065fbe52/current/log_inprogress_0
2021-09-16 12:47:55,802 [Time-limited test] INFO  ozone.MiniOzoneClusterImpl (MiniOzoneClusterImpl.java:shutdown(453)) - Shutting down the Mini Ozone Cluster
2021-09-16 12:47:55,802 [Time-limited test] INFO  ozone.MiniOzoneClusterImpl (MiniOzoneClusterImpl.java:stop(468)) - Stopping the Mini Ozone Cluster
2021-09-16 12:47:55,802 [Time-limited test] INFO  ozone.MiniOzoneClusterImpl (MiniOzoneClusterImpl.java:stopOM(550)) - Stopping the OzoneManager
2021-09-16 12:47:55,802 [Time-limited test] INFO  om.OzoneManager (OzoneManager.java:stop(1644)) - Stopping Ozone Manager
2021-09-16 12:47:55,802 [Time-limited test] INFO  ipc.Server (Server.java:stop(3414)) - Stopping server on 43521
2021-09-16 12:47:55,809 [IPC Server listener on 0] INFO  ipc.Server (Server.java:run(1376)) - Stopping IPC Server listener on 0
2021-09-16 12:47:55,810 [IPC Server Responder] INFO  ipc.Server (Server.java:run(1512)) - Stopping IPC Server Responder
2021-09-16 12:47:55,811 [Time-limited test] INFO  server.RaftServer (RaftServerProxy.java:lambda$close$6(391)) - om1: close
2021-09-16 12:47:55,812 [Time-limited test] INFO  server.RaftServer$Division (RaftServerImpl.java:lambda$close$4(407)) - om1@group-C5BA1605619E: shutdown
2021-09-16 12:47:55,812 [Time-limited test] INFO  util.JmxRegister (JmxRegister.java:unregister(73)) - Successfully un-registered JMX Bean with object name Ratis:service=RaftServer,group=group-C5BA1605619E,id=om1
2021-09-16 12:47:55,812 [Time-limited test] INFO  impl.RoleInfo (RoleInfo.java:shutdownLeaderState(91)) - om1: shutdown om1@group-C5BA1605619E-LeaderStateImpl
2021-09-16 12:47:55,812 [Time-limited test] INFO  impl.PendingRequests (PendingRequests.java:sendNotLeaderResponses(282)) - om1@group-C5BA1605619E-PendingRequests: sendNotLeaderResponses
2021-09-16 12:47:55,813 [Time-limited test] INFO  impl.StateMachineUpdater (StateMachineUpdater.java:stopAndJoin(149)) - om1@group-C5BA1605619E-StateMachineUpdater: set stopIndex = 0
2021-09-16 12:47:55,813 [om1@group-C5BA1605619E-StateMachineUpdater] INFO  ratis.OzoneManagerStateMachine (OzoneManagerStateMachine.java:takeSnapshot(417)) - Current Snapshot Index (t:1, i:0)
2021-09-16 12:47:55,813 [om1@group-C5BA1605619E-StateMachineUpdater] INFO  impl.StateMachineUpdater (StateMachineUpdater.java:takeSnapshot(281)) - om1@group-C5BA1605619E-StateMachineUpdater: Took a snapshot at index 0
2021-09-16 12:47:55,813 [om1@group-C5BA1605619E-StateMachineUpdater] INFO  impl.StateMachineUpdater (StateMachineUpdater.java:lambda$new$0(89)) - om1@group-C5BA1605619E-StateMachineUpdater: snapshotIndex: updateIncreasingly -1 -> 0
2021-09-16 12:47:55,813 [om1@group-C5BA1605619E-StateMachineUpdater] INFO  ratis.OzoneManagerStateMachine (OzoneManagerStateMachine.java:close(471)) - StateMachine has shutdown. Shutdown OzoneManager if not already shutdown.
2021-09-16 12:47:55,814 [Time-limited test] INFO  server.RaftServer$Division (ServerState.java:close(419)) - om1@group-C5BA1605619E: closes. applyIndex: 0
2021-09-16 12:47:55,814 [om1@group-C5BA1605619E-SegmentedRaftLogWorker] INFO  segmented.SegmentedRaftLogWorker (SegmentedRaftLogWorker.java:run(327)) - om1@group-C5BA1605619E-SegmentedRaftLogWorker was interrupted, exiting. There are 0 tasks remaining in the queue.
2021-09-16 12:47:55,815 [Time-limited test] INFO  segmented.SegmentedRaftLogWorker (SegmentedRaftLogWorker.java:close(237)) - om1@group-C5BA1605619E-SegmentedRaftLogWorker close()
2021-09-16 12:47:55,816 [Time-limited test] INFO  server.GrpcService (GrpcService.java:closeImpl(262)) - om1: shutdown server with port 9872 now
2021-09-16 12:47:55,816 [Time-limited test] INFO  server.GrpcService (GrpcService.java:closeImpl(271)) - om1: shutdown server with port 9872 successfully
2021-09-16 12:47:55,816 [org.apache.ratis.util.JvmPauseMonitor$$Lambda$531/1568077523@1a56f4de] INFO  util.JvmPauseMonitor (JvmPauseMonitor.java:run(109)) - JvmPauseMonitor-om1: Stopped
2021-09-16 12:47:55,817 [Time-limited test] INFO  ratis.OzoneManagerDoubleBuffer (OzoneManagerDoubleBuffer.java:stop(437)) - Stopping OMDoubleBuffer flush thread
2021-09-16 12:47:55,820 [OMDoubleBufferFlushThread] INFO  ratis.OzoneManagerDoubleBuffer (OzoneManagerDoubleBuffer.java:flushTransactions(356)) - OMDoubleBuffer flush thread OMDoubleBufferFlushThread is interrupted and will exit. OMDoubleBufferFlushThread
2021-09-16 12:47:55,820 [Time-limited test] INFO  utils.BackgroundService (BackgroundService.java:shutdown(132)) - Shutting down service KeyDeletingService
2021-09-16 12:47:55,823 [Time-limited test] INFO  handler.ContextHandler (ContextHandler.java:doStop(1153)) - Stopped o.e.j.w.WebAppContext@62de7175{ozoneManager,/,null,STOPPED}{file:/home/runner/work/ozone/ozone/hadoop-ozone/integration-test/target/test-classes/webapps/ozoneManager}
2021-09-16 12:47:55,824 [Time-limited test] INFO  server.AbstractConnector (AbstractConnector.java:doStop(381)) - Stopped ServerConnector@2c75ba2e{HTTP/1.1, (http/1.1)}{0.0.0.0:0}
2021-09-16 12:47:55,824 [Time-limited test] INFO  server.session (HouseKeeper.java:stopScavenging(149)) - node0 Stopped scavenging
2021-09-16 12:47:55,829 [Time-limited test] INFO  handler.ContextHandler (ContextHandler.java:doStop(1153)) - Stopped o.e.j.s.ServletContextHandler@63fd80b0{static,/static,file:///home/runner/work/ozone/ozone/hadoop-ozone/integration-test/target/test-classes/webapps/static,STOPPED}
2021-09-16 12:47:55,829 [Time-limited test] INFO  handler.ContextHandler (ContextHandler.java:doStop(1153)) - Stopped o.e.j.s.ServletContextHandler@21f6abd2{logs,/logs,file:///home/runner/work/ozone/ozone/hadoop-ozone/integration-test/target/log,STOPPED}
2021-09-16 12:47:55,833 [Time-limited test] INFO  ozone.MiniOzoneClusterImpl (MiniOzoneClusterImpl.java:stopDatanodes(527)) - Stopping the HddsDatanodes
2021-09-16 12:48:00,840 [Time-limited test] INFO  ozoneimpl.OzoneContainer (OzoneContainer.java:stop(325)) - Attempting to stop container services.
2021-09-16 12:48:00,841 [Time-limited test] INFO  server.RaftServer (RaftServerProxy.java:lambda$close$6(391)) - 38372db9-1534-4cf5-b428-c401e92fe9f8: close
2021-09-16 12:48:00,841 [Time-limited test] INFO  server.RaftServer$Division (RaftServerImpl.java:lambda$close$4(407)) - 38372db9-1534-4cf5-b428-c401e92fe9f8@group-D936571EF932: shutdown
2021-09-16 12:48:00,841 [Time-limited test] INFO  util.JmxRegister (JmxRegister.java:unregister(73)) - Successfully un-registered JMX Bean with object name Ratis:service=RaftServer,group=group-D936571EF932,id=38372db9-1534-4cf5-b428-c401e92fe9f8
2021-09-16 12:48:00,842 [Time-limited test] INFO  impl.RoleInfo (RoleInfo.java:shutdownLeaderState(91)) - 38372db9-1534-4cf5-b428-c401e92fe9f8: shutdown 38372db9-1534-4cf5-b428-c401e92fe9f8@group-D936571EF932-LeaderStateImpl
2021-09-16 12:48:00,842 [Time-limited test] INFO  impl.PendingRequests (PendingRequests.java:sendNotLeaderResponses(282)) - 38372db9-1534-4cf5-b428-c401e92fe9f8@group-D936571EF932-PendingRequests: sendNotLeaderResponses
2021-09-16 12:48:00,842 [Time-limited test] INFO  impl.StateMachineUpdater (StateMachineUpdater.java:stopAndJoin(149)) - 38372db9-1534-4cf5-b428-c401e92fe9f8@group-D936571EF932-StateMachineUpdater: set stopIndex = 0
2021-09-16 12:48:00,843 [38372db9-1534-4cf5-b428-c401e92fe9f8@group-D936571EF932-StateMachineUpdater] INFO  ratis.ContainerStateMachine (ContainerStateMachine.java:takeSnapshot(292)) - group-D936571EF932: Taking a snapshot at:(t:1, i:0) file /home/runner/work/ozone/ozone/hadoop-ozone/integration-test/target/test-dir/MiniOzoneClusterImpl-babe98fd-e4a2-44a3-a902-6ec1ad6f036e/datanode-1/data/ratis/95942146-1213-40b8-be40-d936571ef932/sm/snapshot.1_0
2021-09-16 12:48:00,844 [ForkJoinPool.commonPool-worker-1] INFO  ozoneimpl.OzoneContainer (OzoneContainer.java:stop(325)) - Attempting to stop container services.
2021-09-16 12:48:00,845 [ForkJoinPool.commonPool-worker-1] INFO  server.RaftServer (RaftServerProxy.java:lambda$close$6(391)) - f6069d6f-2c93-4424-9b40-fa2b0879fe00: close
2021-09-16 12:48:00,845 [ForkJoinPool.commonPool-worker-1] INFO  server.RaftServer$Division (RaftServerImpl.java:lambda$close$4(407)) - f6069d6f-2c93-4424-9b40-fa2b0879fe00@group-D7C6656D3447: shutdown
2021-09-16 12:48:00,845 [ForkJoinPool.commonPool-worker-1] INFO  util.JmxRegister (JmxRegister.java:unregister(73)) - Successfully un-registered JMX Bean with object name Ratis:service=RaftServer,group=group-D7C6656D3447,id=f6069d6f-2c93-4424-9b40-fa2b0879fe00
2021-09-16 12:48:00,845 [38372db9-1534-4cf5-b428-c401e92fe9f8@group-D936571EF932-StateMachineUpdater] INFO  ratis.ContainerStateMachine (ContainerStateMachine.java:takeSnapshot(303)) - group-D936571EF932: Finished taking a snapshot at:(t:1, i:0) file:/home/runner/work/ozone/ozone/hadoop-ozone/integration-test/target/test-dir/MiniOzoneClusterImpl-babe98fd-e4a2-44a3-a902-6ec1ad6f036e/datanode-1/data/ratis/95942146-1213-40b8-be40-d936571ef932/sm/snapshot.1_0 took: 3 ms
2021-09-16 12:48:00,845 [ForkJoinPool.commonPool-worker-1] INFO  impl.RoleInfo (RoleInfo.java:shutdownLeaderState(91)) - f6069d6f-2c93-4424-9b40-fa2b0879fe00: shutdown f6069d6f-2c93-4424-9b40-fa2b0879fe00@group-D7C6656D3447-LeaderStateImpl
2021-09-16 12:48:00,845 [38372db9-1534-4cf5-b428-c401e92fe9f8@group-D936571EF932-StateMachineUpdater] INFO  impl.StateMachineUpdater (StateMachineUpdater.java:takeSnapshot(281)) - 38372db9-1534-4cf5-b428-c401e92fe9f8@group-D936571EF932-StateMachineUpdater: Took a snapshot at index 0
2021-09-16 12:48:00,846 [38372db9-1534-4cf5-b428-c401e92fe9f8@group-D936571EF932-StateMachineUpdater] INFO  impl.StateMachineUpdater (StateMachineUpdater.java:lambda$new$0(89)) - 38372db9-1534-4cf5-b428-c401e92fe9f8@group-D936571EF932-StateMachineUpdater: snapshotIndex: updateIncreasingly -1 -> 0
2021-09-16 12:48:00,845 [ForkJoinPool.commonPool-worker-1] INFO  impl.PendingRequests (PendingRequests.java:sendNotLeaderResponses(282)) - f6069d6f-2c93-4424-9b40-fa2b0879fe00@group-D7C6656D3447-PendingRequests: sendNotLeaderResponses
2021-09-16 12:48:00,846 [ForkJoinPool.commonPool-worker-1] INFO  impl.StateMachineUpdater (StateMachineUpdater.java:stopAndJoin(149)) - f6069d6f-2c93-4424-9b40-fa2b0879fe00@group-D7C6656D3447-StateMachineUpdater: set stopIndex = 0
2021-09-16 12:48:00,847 [f6069d6f-2c93-4424-9b40-fa2b0879fe00@group-D7C6656D3447-StateMachineUpdater] INFO  ratis.ContainerStateMachine (ContainerStateMachine.java:takeSnapshot(292)) - group-D7C6656D3447: Taking a snapshot at:(t:1, i:0) file /home/runner/work/ozone/ozone/hadoop-ozone/integration-test/target/test-dir/MiniOzoneClusterImpl-babe98fd-e4a2-44a3-a902-6ec1ad6f036e/datanode-0/data/ratis/b0f18e3c-1723-4024-a327-d7c6656d3447/sm/snapshot.1_0
2021-09-16 12:48:00,847 [Time-limited test] INFO  server.RaftServer$Division (ServerState.java:close(419)) - 38372db9-1534-4cf5-b428-c401e92fe9f8@group-D936571EF932: closes. applyIndex: 0
2021-09-16 12:48:00,847 [38372db9-1534-4cf5-b428-c401e92fe9f8@group-D936571EF932-SegmentedRaftLogWorker] INFO  segmented.SegmentedRaftLogWorker (SegmentedRaftLogWorker.java:run(327)) - 38372db9-1534-4cf5-b428-c401e92fe9f8@group-D936571EF932-SegmentedRaftLogWorker was interrupted, exiting. There are 0 tasks remaining in the queue.
2021-09-16 12:48:00,848 [f6069d6f-2c93-4424-9b40-fa2b0879fe00@group-D7C6656D3447-StateMachineUpdater] INFO  ratis.ContainerStateMachine (ContainerStateMachine.java:takeSnapshot(303)) - group-D7C6656D3447: Finished taking a snapshot at:(t:1, i:0) file:/home/runner/work/ozone/ozone/hadoop-ozone/integration-test/target/test-dir/MiniOzoneClusterImpl-babe98fd-e4a2-44a3-a902-6ec1ad6f036e/datanode-0/data/ratis/b0f18e3c-1723-4024-a327-d7c6656d3447/sm/snapshot.1_0 took: 1 ms
2021-09-16 12:48:00,848 [f6069d6f-2c93-4424-9b40-fa2b0879fe00@group-D7C6656D3447-StateMachineUpdater] INFO  impl.StateMachineUpdater (StateMachineUpdater.java:takeSnapshot(281)) - f6069d6f-2c93-4424-9b40-fa2b0879fe00@group-D7C6656D3447-StateMachineUpdater: Took a snapshot at index 0
2021-09-16 12:48:00,848 [f6069d6f-2c93-4424-9b40-fa2b0879fe00@group-D7C6656D3447-StateMachineUpdater] INFO  impl.StateMachineUpdater (StateMachineUpdater.java:lambda$new$0(89)) - f6069d6f-2c93-4424-9b40-fa2b0879fe00@group-D7C6656D3447-StateMachineUpdater: snapshotIndex: updateIncreasingly -1 -> 0
2021-09-16 12:48:00,849 [ForkJoinPool.commonPool-worker-1] INFO  server.RaftServer$Division (ServerState.java:close(419)) - f6069d6f-2c93-4424-9b40-fa2b0879fe00@group-D7C6656D3447: closes. applyIndex: 0
2021-09-16 12:48:00,849 [f6069d6f-2c93-4424-9b40-fa2b0879fe00@group-D7C6656D3447-SegmentedRaftLogWorker] INFO  segmented.SegmentedRaftLogWorker (SegmentedRaftLogWorker.java:run(327)) - f6069d6f-2c93-4424-9b40-fa2b0879fe00@group-D7C6656D3447-SegmentedRaftLogWorker was interrupted, exiting. There are 0 tasks remaining in the queue.
2021-09-16 12:48:00,850 [Time-limited test] INFO  segmented.SegmentedRaftLogWorker (SegmentedRaftLogWorker.java:close(237)) - 38372db9-1534-4cf5-b428-c401e92fe9f8@group-D936571EF932-SegmentedRaftLogWorker close()
2021-09-16 12:48:00,850 [ForkJoinPool.commonPool-worker-1] INFO  segmented.SegmentedRaftLogWorker (SegmentedRaftLogWorker.java:close(237)) - f6069d6f-2c93-4424-9b40-fa2b0879fe00@group-D7C6656D3447-SegmentedRaftLogWorker close()
2021-09-16 12:48:00,850 [Time-limited test] INFO  server.RaftServer$Division (RaftServerImpl.java:lambda$close$4(407)) - 38372db9-1534-4cf5-b428-c401e92fe9f8@group-FD5B065FBE52: shutdown
2021-09-16 12:48:00,851 [Time-limited test] INFO  util.JmxRegister (JmxRegister.java:unregister(73)) - Successfully un-registered JMX Bean with object name Ratis:service=RaftServer,group=group-FD5B065FBE52,id=38372db9-1534-4cf5-b428-c401e92fe9f8
2021-09-16 12:48:00,851 [Time-limited test] INFO  impl.RoleInfo (RoleInfo.java:shutdownFollowerState(108)) - 38372db9-1534-4cf5-b428-c401e92fe9f8: shutdown 38372db9-1534-4cf5-b428-c401e92fe9f8@group-FD5B065FBE52-FollowerState
2021-09-16 12:48:00,851 [Time-limited test] INFO  impl.StateMachineUpdater (StateMachineUpdater.java:stopAndJoin(149)) - 38372db9-1534-4cf5-b428-c401e92fe9f8@group-FD5B065FBE52-StateMachineUpdater: set stopIndex = 0
2021-09-16 12:48:00,851 [ForkJoinPool.commonPool-worker-1] INFO  server.RaftServer$Division (RaftServerImpl.java:lambda$close$4(407)) - f6069d6f-2c93-4424-9b40-fa2b0879fe00@group-FD5B065FBE52: shutdown
2021-09-16 12:48:00,852 [ForkJoinPool.commonPool-worker-1] INFO  util.JmxRegister (JmxRegister.java:unregister(73)) - Successfully un-registered JMX Bean with object name Ratis:service=RaftServer,group=group-FD5B065FBE52,id=f6069d6f-2c93-4424-9b40-fa2b0879fe00
2021-09-16 12:48:00,852 [ForkJoinPool.commonPool-worker-1] INFO  impl.RoleInfo (RoleInfo.java:shutdownFollowerState(108)) - f6069d6f-2c93-4424-9b40-fa2b0879fe00: shutdown f6069d6f-2c93-4424-9b40-fa2b0879fe00@group-FD5B065FBE52-FollowerState
2021-09-16 12:48:00,852 [f6069d6f-2c93-4424-9b40-fa2b0879fe00@group-FD5B065FBE52-StateMachineUpdater] INFO  ratis.ContainerStateMachine (ContainerStateMachine.java:takeSnapshot(292)) - group-FD5B065FBE52: Taking a snapshot at:(t:10, i:0) file /home/runner/work/ozone/ozone/hadoop-ozone/integration-test/target/test-dir/MiniOzoneClusterImpl-babe98fd-e4a2-44a3-a902-6ec1ad6f036e/datanode-0/data/ratis/af5657be-acc9-4691-9d03-fd5b065fbe52/sm/snapshot.10_0
2021-09-16 12:48:00,852 [ForkJoinPool.commonPool-worker-1] INFO  impl.StateMachineUpdater (StateMachineUpdater.java:stopAndJoin(149)) - f6069d6f-2c93-4424-9b40-fa2b0879fe00@group-FD5B065FBE52-StateMachineUpdater: set stopIndex = 0
2021-09-16 12:48:00,853 [f6069d6f-2c93-4424-9b40-fa2b0879fe00@group-FD5B065FBE52-FollowerState] INFO  impl.FollowerState (FollowerState.java:run(143)) - f6069d6f-2c93-4424-9b40-fa2b0879fe00@group-FD5B065FBE52-FollowerState was interrupted: {}
java.lang.InterruptedException: sleep interrupted
	at java.lang.Thread.sleep(Native Method)
	at java.lang.Thread.sleep(Thread.java:340)
	at java.util.concurrent.TimeUnit.sleep(TimeUnit.java:386)
	at org.apache.ratis.util.TimeDuration.sleep(TimeDuration.java:324)
	at org.apache.ratis.util.TimeDuration.sleep(TimeDuration.java:309)
	at org.apache.ratis.server.impl.FollowerState.run(FollowerState.java:118)
2021-09-16 12:48:00,852 [38372db9-1534-4cf5-b428-c401e92fe9f8@group-FD5B065FBE52-FollowerState] INFO  impl.FollowerState (FollowerState.java:run(143)) - 38372db9-1534-4cf5-b428-c401e92fe9f8@group-FD5B065FBE52-FollowerState was interrupted: {}
java.lang.InterruptedException: sleep interrupted
	at java.lang.Thread.sleep(Native Method)
	at java.lang.Thread.sleep(Thread.java:340)
	at java.util.concurrent.TimeUnit.sleep(TimeUnit.java:386)
	at org.apache.ratis.util.TimeDuration.sleep(TimeDuration.java:324)
	at org.apache.ratis.util.TimeDuration.sleep(TimeDuration.java:309)
	at org.apache.ratis.server.impl.FollowerState.run(FollowerState.java:118)
2021-09-16 12:48:00,855 [f6069d6f-2c93-4424-9b40-fa2b0879fe00@group-FD5B065FBE52-StateMachineUpdater] INFO  ratis.ContainerStateMachine (ContainerStateMachine.java:takeSnapshot(303)) - group-FD5B065FBE52: Finished taking a snapshot at:(t:10, i:0) file:/home/runner/work/ozone/ozone/hadoop-ozone/integration-test/target/test-dir/MiniOzoneClusterImpl-babe98fd-e4a2-44a3-a902-6ec1ad6f036e/datanode-0/data/ratis/af5657be-acc9-4691-9d03-fd5b065fbe52/sm/snapshot.10_0 took: 3 ms
2021-09-16 12:48:00,852 [38372db9-1534-4cf5-b428-c401e92fe9f8@group-FD5B065FBE52-StateMachineUpdater] INFO  ratis.ContainerStateMachine (ContainerStateMachine.java:takeSnapshot(292)) - group-FD5B065FBE52: Taking a snapshot at:(t:10, i:0) file /home/runner/work/ozone/ozone/hadoop-ozone/integration-test/target/test-dir/MiniOzoneClusterImpl-babe98fd-e4a2-44a3-a902-6ec1ad6f036e/datanode-1/data/ratis/af5657be-acc9-4691-9d03-fd5b065fbe52/sm/snapshot.10_0
2021-09-16 12:48:00,855 [f6069d6f-2c93-4424-9b40-fa2b0879fe00@group-FD5B065FBE52-StateMachineUpdater] INFO  impl.StateMachineUpdater (StateMachineUpdater.java:takeSnapshot(281)) - f6069d6f-2c93-4424-9b40-fa2b0879fe00@group-FD5B065FBE52-StateMachineUpdater: Took a snapshot at index 0
2021-09-16 12:48:00,856 [f6069d6f-2c93-4424-9b40-fa2b0879fe00@group-FD5B065FBE52-StateMachineUpdater] INFO  impl.StateMachineUpdater (StateMachineUpdater.java:lambda$new$0(89)) - f6069d6f-2c93-4424-9b40-fa2b0879fe00@group-FD5B065FBE52-StateMachineUpdater: snapshotIndex: updateIncreasingly -1 -> 0
2021-09-16 12:48:00,856 [ForkJoinPool.commonPool-worker-1] INFO  server.RaftServer$Division (ServerState.java:close(419)) - f6069d6f-2c93-4424-9b40-fa2b0879fe00@group-FD5B065FBE52: closes. applyIndex: 0
2021-09-16 12:48:00,856 [f6069d6f-2c93-4424-9b40-fa2b0879fe00@group-FD5B065FBE52-SegmentedRaftLogWorker] INFO  segmented.SegmentedRaftLogWorker (SegmentedRaftLogWorker.java:run(327)) - f6069d6f-2c93-4424-9b40-fa2b0879fe00@group-FD5B065FBE52-SegmentedRaftLogWorker was interrupted, exiting. There are 0 tasks remaining in the queue.
2021-09-16 12:48:00,856 [38372db9-1534-4cf5-b428-c401e92fe9f8@group-FD5B065FBE52-StateMachineUpdater] INFO  ratis.ContainerStateMachine (ContainerStateMachine.java:takeSnapshot(303)) - group-FD5B065FBE52: Finished taking a snapshot at:(t:10, i:0) file:/home/runner/work/ozone/ozone/hadoop-ozone/integration-test/target/test-dir/MiniOzoneClusterImpl-babe98fd-e4a2-44a3-a902-6ec1ad6f036e/datanode-1/data/ratis/af5657be-acc9-4691-9d03-fd5b065fbe52/sm/snapshot.10_0 took: 4 ms
2021-09-16 12:48:00,857 [38372db9-1534-4cf5-b428-c401e92fe9f8@group-FD5B065FBE52-StateMachineUpdater] INFO  impl.StateMachineUpdater (StateMachineUpdater.java:takeSnapshot(281)) - 38372db9-1534-4cf5-b428-c401e92fe9f8@group-FD5B065FBE52-StateMachineUpdater: Took a snapshot at index 0
2021-09-16 12:48:00,857 [38372db9-1534-4cf5-b428-c401e92fe9f8@group-FD5B065FBE52-StateMachineUpdater] INFO  impl.StateMachineUpdater (StateMachineUpdater.java:lambda$new$0(89)) - 38372db9-1534-4cf5-b428-c401e92fe9f8@group-FD5B065FBE52-StateMachineUpdater: snapshotIndex: updateIncreasingly -1 -> 0
2021-09-16 12:48:00,857 [Time-limited test] INFO  server.RaftServer$Division (ServerState.java:close(419)) - 38372db9-1534-4cf5-b428-c401e92fe9f8@group-FD5B065FBE52: closes. applyIndex: 0
2021-09-16 12:48:00,858 [38372db9-1534-4cf5-b428-c401e92fe9f8@group-FD5B065FBE52-SegmentedRaftLogWorker] INFO  segmented.SegmentedRaftLogWorker (SegmentedRaftLogWorker.java:run(327)) - 38372db9-1534-4cf5-b428-c401e92fe9f8@group-FD5B065FBE52-SegmentedRaftLogWorker was interrupted, exiting. There are 0 tasks remaining in the queue.
2021-09-16 12:48:00,858 [ForkJoinPool.commonPool-worker-1] INFO  segmented.SegmentedRaftLogWorker (SegmentedRaftLogWorker.java:close(237)) - f6069d6f-2c93-4424-9b40-fa2b0879fe00@group-FD5B065FBE52-SegmentedRaftLogWorker close()
2021-09-16 12:48:00,858 [Time-limited test] INFO  segmented.SegmentedRaftLogWorker (SegmentedRaftLogWorker.java:close(237)) - 38372db9-1534-4cf5-b428-c401e92fe9f8@group-FD5B065FBE52-SegmentedRaftLogWorker close()
2021-09-16 12:48:00,859 [ForkJoinPool.commonPool-worker-1] INFO  server.GrpcService (GrpcService.java:closeImpl(262)) - f6069d6f-2c93-4424-9b40-fa2b0879fe00: shutdown server with port 33405 now
2021-09-16 12:48:00,868 [grpc-default-executor-2] WARN  server.GrpcServerProtocolService (LogUtils.java:warn(122)) - f6069d6f-2c93-4424-9b40-fa2b0879fe00: installSnapshot onError, lastRequest: b4139188-0655-419f-be5a-4685bfe92707->f6069d6f-2c93-4424-9b40-fa2b0879fe00#1-t10,previous=(t:0, i:0),leaderCommit=0,initializing? true,entries: size=1, first=(t:10, i:0), CONFIGURATIONENTRY: org.apache.ratis.thirdparty.io.grpc.StatusRuntimeException: CANCELLED: client cancelled
2021-09-16 12:48:00,860 [Time-limited test] INFO  server.GrpcService (GrpcService.java:closeImpl(262)) - 38372db9-1534-4cf5-b428-c401e92fe9f8: shutdown server with port 34927 now
2021-09-16 12:48:00,871 [grpc-default-executor-1] WARN  server.GrpcServerProtocolService (LogUtils.java:warn(122)) - 38372db9-1534-4cf5-b428-c401e92fe9f8: installSnapshot onError, lastRequest: b4139188-0655-419f-be5a-4685bfe92707->38372db9-1534-4cf5-b428-c401e92fe9f8#1-t10,previous=(t:0, i:0),leaderCommit=0,initializing? true,entries: size=1, first=(t:10, i:0), CONFIGURATIONENTRY: org.apache.ratis.thirdparty.io.grpc.StatusRuntimeException: CANCELLED: client cancelled
2021-09-16 12:48:00,884 [ForkJoinPool.commonPool-worker-1] INFO  server.GrpcService (GrpcService.java:closeImpl(271)) - f6069d6f-2c93-4424-9b40-fa2b0879fe00: shutdown server with port 33405 successfully
2021-09-16 12:48:00,884 [org.apache.ratis.util.JvmPauseMonitor$$Lambda$531/1568077523@70f3db0f] INFO  util.JvmPauseMonitor (JvmPauseMonitor.java:run(109)) - JvmPauseMonitor-f6069d6f-2c93-4424-9b40-fa2b0879fe00: Stopped
2021-09-16 12:48:00,885 [Time-limited test] INFO  server.GrpcService (GrpcService.java:closeImpl(271)) - 38372db9-1534-4cf5-b428-c401e92fe9f8: shutdown server with port 34927 successfully
2021-09-16 12:48:00,885 [org.apache.ratis.util.JvmPauseMonitor$$Lambda$531/1568077523@3965b941] INFO  util.JvmPauseMonitor (JvmPauseMonitor.java:run(109)) - JvmPauseMonitor-38372db9-1534-4cf5-b428-c401e92fe9f8: Stopped
2021-09-16 12:48:00,886 [ForkJoinPool.commonPool-worker-1] INFO  utils.BackgroundService (BackgroundService.java:shutdown(132)) - Shutting down service BlockDeletingService
2021-09-16 12:48:00,896 [Time-limited test] INFO  utils.BackgroundService (BackgroundService.java:shutdown(132)) - Shutting down service BlockDeletingService
2021-09-16 12:48:00,905 [grpc-default-executor-2] WARN  server.GrpcLogAppender (LogUtils.java:warn(122)) - b4139188-0655-419f-be5a-4685bfe92707@group-FD5B065FBE52->f6069d6f-2c93-4424-9b40-fa2b0879fe00-AppendLogResponseHandler: Failed appendEntries: org.apache.ratis.thirdparty.io.grpc.StatusRuntimeException: CANCELLED: HTTP/2 error code: CANCEL
Received Rst Stream
2021-09-16 12:48:00,906 [grpc-default-executor-2] WARN  server.GrpcLogAppender (GrpcLogAppender.java:resetClient(111)) - b4139188-0655-419f-be5a-4685bfe92707@group-FD5B065FBE52->f6069d6f-2c93-4424-9b40-fa2b0879fe00-GrpcLogAppender: Leader has not got in touch with Follower b4139188-0655-419f-be5a-4685bfe92707@group-FD5B065FBE52->f6069d6f-2c93-4424-9b40-fa2b0879fe00(c0,m0,n1, attendVote=true, lastRpcSendTime=369, lastRpcResponseTime=362) yet, just keep nextIndex unchanged and retry.
2021-09-16 12:48:00,942 [grpc-default-executor-2] WARN  server.GrpcLogAppender (LogUtils.java:warn(122)) - b4139188-0655-419f-be5a-4685bfe92707@group-FD5B065FBE52->38372db9-1534-4cf5-b428-c401e92fe9f8-AppendLogResponseHandler: Failed appendEntries: org.apache.ratis.thirdparty.io.grpc.StatusRuntimeException: CANCELLED: HTTP/2 error code: CANCEL
Received Rst Stream
2021-09-16 12:48:00,942 [grpc-default-executor-2] WARN  server.GrpcLogAppender (GrpcLogAppender.java:resetClient(111)) - b4139188-0655-419f-be5a-4685bfe92707@group-FD5B065FBE52->38372db9-1534-4cf5-b428-c401e92fe9f8-GrpcLogAppender: Leader has not got in touch with Follower b4139188-0655-419f-be5a-4685bfe92707@group-FD5B065FBE52->38372db9-1534-4cf5-b428-c401e92fe9f8(c0,m0,n1, attendVote=true, lastRpcSendTime=398, lastRpcResponseTime=394) yet, just keep nextIndex unchanged and retry.
2021-09-16 12:48:03,085 [grpc-default-executor-0] WARN  server.GrpcLogAppender (LogUtils.java:warn(122)) - b4139188-0655-419f-be5a-4685bfe92707@group-FD5B065FBE52->38372db9-1534-4cf5-b428-c401e92fe9f8-AppendLogResponseHandler: Failed appendEntries: org.apache.ratis.thirdparty.io.grpc.StatusRuntimeException: UNAVAILABLE: io exception
2021-09-16 12:48:03,085 [grpc-default-executor-1] WARN  server.GrpcLogAppender (LogUtils.java:warn(122)) - b4139188-0655-419f-be5a-4685bfe92707@group-FD5B065FBE52->f6069d6f-2c93-4424-9b40-fa2b0879fe00-AppendLogResponseHandler: Failed appendEntries: org.apache.ratis.thirdparty.io.grpc.StatusRuntimeException: UNAVAILABLE: io exception
2021-09-16 12:48:03,086 [grpc-default-executor-0] WARN  server.GrpcLogAppender (GrpcLogAppender.java:resetClient(111)) - b4139188-0655-419f-be5a-4685bfe92707@group-FD5B065FBE52->38372db9-1534-4cf5-b428-c401e92fe9f8-GrpcLogAppender: Leader has not got in touch with Follower b4139188-0655-419f-be5a-4685bfe92707@group-FD5B065FBE52->38372db9-1534-4cf5-b428-c401e92fe9f8(c0,m0,n1, attendVote=true, lastRpcSendTime=20, lastRpcResponseTime=2538) yet, just keep nextIndex unchanged and retry.
2021-09-16 12:48:03,088 [grpc-default-executor-1] WARN  server.GrpcLogAppender (GrpcLogAppender.java:resetClient(111)) - b4139188-0655-419f-be5a-4685bfe92707@group-FD5B065FBE52->f6069d6f-2c93-4424-9b40-fa2b0879fe00-GrpcLogAppender: Leader has not got in touch with Follower b4139188-0655-419f-be5a-4685bfe92707@group-FD5B065FBE52->f6069d6f-2c93-4424-9b40-fa2b0879fe00(c0,m0,n1, attendVote=true, lastRpcSendTime=2, lastRpcResponseTime=2543) yet, just keep nextIndex unchanged and retry.
2021-09-16 12:48:03,896 [ForkJoinPool.commonPool-worker-1] INFO  statemachine.DatanodeStateMachine (DatanodeStateMachine.java:stopDaemon(515)) - Ozone container server stopped.
2021-09-16 12:48:03,897 [ForkJoinPool.commonPool-worker-1] INFO  handler.ContextHandler (ContextHandler.java:doStop(1153)) - Stopped o.e.j.w.WebAppContext@4ac7674c{hddsDatanode,/,null,STOPPED}{jar:file:/home/runner/.m2/repository/org/apache/ozone/hdds-container-service/1.2.0-SNAPSHOT/hdds-container-service-1.2.0-SNAPSHOT.jar!/webapps/hddsDatanode}
2021-09-16 12:48:03,898 [ForkJoinPool.commonPool-worker-1] INFO  server.AbstractConnector (AbstractConnector.java:doStop(381)) - Stopped ServerConnector@62769d02{HTTP/1.1, (http/1.1)}{0.0.0.0:0}
2021-09-16 12:48:03,899 [ForkJoinPool.commonPool-worker-1] INFO  server.session (HouseKeeper.java:stopScavenging(149)) - node0 Stopped scavenging
2021-09-16 12:48:03,899 [ForkJoinPool.commonPool-worker-1] INFO  handler.ContextHandler (ContextHandler.java:doStop(1153)) - Stopped o.e.j.s.ServletContextHandler@6ab2c27b{static,/static,jar:file:/home/runner/.m2/repository/org/apache/ozone/hdds-container-service/1.2.0-SNAPSHOT/hdds-container-service-1.2.0-SNAPSHOT.jar!/webapps/static,STOPPED}
2021-09-16 12:48:03,899 [ForkJoinPool.commonPool-worker-1] INFO  handler.ContextHandler (ContextHandler.java:doStop(1153)) - Stopped o.e.j.s.ServletContextHandler@f542db3{logs,/logs,file:///home/runner/work/ozone/ozone/hadoop-ozone/integration-test/target/log,STOPPED}
2021-09-16 12:48:03,903 [Time-limited test] INFO  statemachine.DatanodeStateMachine (DatanodeStateMachine.java:stopDaemon(515)) - Ozone container server stopped.
2021-09-16 12:48:03,909 [Time-limited test] INFO  handler.ContextHandler (ContextHandler.java:doStop(1153)) - Stopped o.e.j.w.WebAppContext@5be83184{hddsDatanode,/,null,STOPPED}{jar:file:/home/runner/.m2/repository/org/apache/ozone/hdds-container-service/1.2.0-SNAPSHOT/hdds-container-service-1.2.0-SNAPSHOT.jar!/webapps/hddsDatanode}
2021-09-16 12:48:03,911 [Time-limited test] INFO  server.AbstractConnector (AbstractConnector.java:doStop(381)) - Stopped ServerConnector@7d6f80fb{HTTP/1.1, (http/1.1)}{0.0.0.0:0}
2021-09-16 12:48:03,911 [Time-limited test] INFO  server.session (HouseKeeper.java:stopScavenging(149)) - node0 Stopped scavenging
2021-09-16 12:48:03,916 [Time-limited test] INFO  handler.ContextHandler (ContextHandler.java:doStop(1153)) - Stopped o.e.j.s.ServletContextHandler@7f4cd7f1{static,/static,jar:file:/home/runner/.m2/repository/org/apache/ozone/hdds-container-service/1.2.0-SNAPSHOT/hdds-container-service-1.2.0-SNAPSHOT.jar!/webapps/static,STOPPED}
2021-09-16 12:48:03,917 [Time-limited test] INFO  handler.ContextHandler (ContextHandler.java:doStop(1153)) - Stopped o.e.j.s.ServletContextHandler@3735acf7{logs,/logs,file:///home/runner/work/ozone/ozone/hadoop-ozone/integration-test/target/log,STOPPED}
2021-09-16 12:48:05,569 [grpc-default-executor-1] WARN  server.GrpcLogAppender (LogUtils.java:warn(122)) - b4139188-0655-419f-be5a-4685bfe92707@group-FD5B065FBE52->38372db9-1534-4cf5-b428-c401e92fe9f8-AppendLogResponseHandler: Failed appendEntries: org.apache.ratis.thirdparty.io.grpc.StatusRuntimeException: UNAVAILABLE: io exception
2021-09-16 12:48:05,580 [grpc-default-executor-1] WARN  server.GrpcLogAppender (GrpcLogAppender.java:resetClient(111)) - b4139188-0655-419f-be5a-4685bfe92707@group-FD5B065FBE52->38372db9-1534-4cf5-b428-c401e92fe9f8-GrpcLogAppender: Leader has not got in touch with Follower b4139188-0655-419f-be5a-4685bfe92707@group-FD5B065FBE52->38372db9-1534-4cf5-b428-c401e92fe9f8(c0,m0,n1, attendVote=true, lastRpcSendTime=9, lastRpcResponseTime=5031) yet, just keep nextIndex unchanged and retry.
2021-09-16 12:48:05,593 [grpc-default-executor-1] WARN  server.GrpcLogAppender (LogUtils.java:warn(122)) - b4139188-0655-419f-be5a-4685bfe92707@group-FD5B065FBE52->f6069d6f-2c93-4424-9b40-fa2b0879fe00-AppendLogResponseHandler: Failed appendEntries: org.apache.ratis.thirdparty.io.grpc.StatusRuntimeException: UNAVAILABLE: io exception
2021-09-16 12:48:05,594 [grpc-default-executor-1] WARN  server.GrpcLogAppender (GrpcLogAppender.java:resetClient(111)) - b4139188-0655-419f-be5a-4685bfe92707@group-FD5B065FBE52->f6069d6f-2c93-4424-9b40-fa2b0879fe00-GrpcLogAppender: Leader has not got in touch with Follower b4139188-0655-419f-be5a-4685bfe92707@group-FD5B065FBE52->f6069d6f-2c93-4424-9b40-fa2b0879fe00(c0,m0,n1, attendVote=true, lastRpcSendTime=0, lastRpcResponseTime=5049) yet, just keep nextIndex unchanged and retry.
2021-09-16 12:48:05,865 [b4139188-0655-419f-be5a-4685bfe92707@group-FD5B065FBE52-LeaderStateImpl] WARN  server.RaftServer$Division (LeaderStateImpl.java:checkLeadership(944)) - b4139188-0655-419f-be5a-4685bfe92707@group-FD5B065FBE52-LeaderStateImpl: Lost leadership on term: 10. Election timeout: 5200ms. In charge for: 10459ms. Conf: 0: [f6069d6f-2c93-4424-9b40-fa2b0879fe00|rpc:10.1.0.31:33405|dataStream:|priority:0, 38372db9-1534-4cf5-b428-c401e92fe9f8|rpc:10.1.0.31:34927|dataStream:|priority:0, b4139188-0655-419f-be5a-4685bfe92707|rpc:10.1.0.31:39773|dataStream:|priority:1], old=null
2021-09-16 12:48:05,866 [b4139188-0655-419f-be5a-4685bfe92707@group-FD5B065FBE52-LeaderStateImpl] WARN  server.RaftServer$Division (LeaderStateImpl.java:lambda$checkLeadership$15(948)) - Follower b4139188-0655-419f-be5a-4685bfe92707@group-FD5B065FBE52->f6069d6f-2c93-4424-9b40-fa2b0879fe00(c0,m0,n1, attendVote=true, lastRpcSendTime=273, lastRpcResponseTime=5322)
2021-09-16 12:48:05,866 [b4139188-0655-419f-be5a-4685bfe92707@group-FD5B065FBE52-LeaderStateImpl] WARN  server.RaftServer$Division (LeaderStateImpl.java:lambda$checkLeadership$15(948)) - Follower b4139188-0655-419f-be5a-4685bfe92707@group-FD5B065FBE52->38372db9-1534-4cf5-b428-c401e92fe9f8(c0,m0,n1, attendVote=true, lastRpcSendTime=296, lastRpcResponseTime=5318)
2021-09-16 12:48:05,867 [b4139188-0655-419f-be5a-4685bfe92707@group-FD5B065FBE52-LeaderStateImpl] INFO  server.RaftServer$Division (RaftServerImpl.java:setRole(285)) - b4139188-0655-419f-be5a-4685bfe92707@group-FD5B065FBE52: changes role from    LEADER to FOLLOWER at term 10 for StepDownReason:LOST_MAJORITY_HEARTBEATS
2021-09-16 12:48:05,867 [b4139188-0655-419f-be5a-4685bfe92707@group-FD5B065FBE52-LeaderStateImpl] INFO  impl.RoleInfo (RoleInfo.java:shutdownLeaderState(91)) - b4139188-0655-419f-be5a-4685bfe92707: shutdown b4139188-0655-419f-be5a-4685bfe92707@group-FD5B065FBE52-LeaderStateImpl
2021-09-16 12:48:05,867 [b4139188-0655-419f-be5a-4685bfe92707@group-FD5B065FBE52-LeaderStateImpl] INFO  impl.PendingRequests (PendingRequests.java:sendNotLeaderResponses(282)) - b4139188-0655-419f-be5a-4685bfe92707@group-FD5B065FBE52-PendingRequests: sendNotLeaderResponses
2021-09-16 12:48:05,868 [b4139188-0655-419f-be5a-4685bfe92707@group-FD5B065FBE52-LeaderStateImpl] INFO  impl.RoleInfo (RoleInfo.java:updateAndGet(130)) - b4139188-0655-419f-be5a-4685bfe92707: start b4139188-0655-419f-be5a-4685bfe92707@group-FD5B065FBE52-FollowerState
2021-09-16 12:48:08,902 [ForkJoinPool.commonPool-worker-1] INFO  ozoneimpl.OzoneContainer (OzoneContainer.java:stop(325)) - Attempting to stop container services.
2021-09-16 12:48:08,903 [ForkJoinPool.commonPool-worker-1] INFO  server.RaftServer (RaftServerProxy.java:lambda$close$6(391)) - b4139188-0655-419f-be5a-4685bfe92707: close
2021-09-16 12:48:08,903 [ForkJoinPool.commonPool-worker-1] INFO  server.RaftServer$Division (RaftServerImpl.java:lambda$close$4(407)) - b4139188-0655-419f-be5a-4685bfe92707@group-8752E8032D1F: shutdown
2021-09-16 12:48:08,903 [ForkJoinPool.commonPool-worker-1] INFO  util.JmxRegister (JmxRegister.java:unregister(73)) - Successfully un-registered JMX Bean with object name Ratis:service=RaftServer,group=group-8752E8032D1F,id=b4139188-0655-419f-be5a-4685bfe92707
2021-09-16 12:48:08,903 [ForkJoinPool.commonPool-worker-1] INFO  impl.RoleInfo (RoleInfo.java:shutdownLeaderState(91)) - b4139188-0655-419f-be5a-4685bfe92707: shutdown b4139188-0655-419f-be5a-4685bfe92707@group-8752E8032D1F-LeaderStateImpl
2021-09-16 12:48:08,903 [ForkJoinPool.commonPool-worker-1] INFO  impl.PendingRequests (PendingRequests.java:sendNotLeaderResponses(282)) - b4139188-0655-419f-be5a-4685bfe92707@group-8752E8032D1F-PendingRequests: sendNotLeaderResponses
2021-09-16 12:48:08,904 [ForkJoinPool.commonPool-worker-1] INFO  impl.StateMachineUpdater (StateMachineUpdater.java:stopAndJoin(149)) - b4139188-0655-419f-be5a-4685bfe92707@group-8752E8032D1F-StateMachineUpdater: set stopIndex = 0
2021-09-16 12:48:08,904 [b4139188-0655-419f-be5a-4685bfe92707@group-8752E8032D1F-StateMachineUpdater] INFO  ratis.ContainerStateMachine (ContainerStateMachine.java:takeSnapshot(292)) - group-8752E8032D1F: Taking a snapshot at:(t:1, i:0) file /home/runner/work/ozone/ozone/hadoop-ozone/integration-test/target/test-dir/MiniOzoneClusterImpl-babe98fd-e4a2-44a3-a902-6ec1ad6f036e/datanode-2/data/ratis/3bbdde88-8666-4dfb-b244-8752e8032d1f/sm/snapshot.1_0
2021-09-16 12:48:08,907 [b4139188-0655-419f-be5a-4685bfe92707@group-8752E8032D1F-StateMachineUpdater] INFO  ratis.ContainerStateMachine (ContainerStateMachine.java:takeSnapshot(303)) - group-8752E8032D1F: Finished taking a snapshot at:(t:1, i:0) file:/home/runner/work/ozone/ozone/hadoop-ozone/integration-test/target/test-dir/MiniOzoneClusterImpl-babe98fd-e4a2-44a3-a902-6ec1ad6f036e/datanode-2/data/ratis/3bbdde88-8666-4dfb-b244-8752e8032d1f/sm/snapshot.1_0 took: 3 ms
2021-09-16 12:48:08,907 [b4139188-0655-419f-be5a-4685bfe92707@group-8752E8032D1F-StateMachineUpdater] INFO  impl.StateMachineUpdater (StateMachineUpdater.java:takeSnapshot(281)) - b4139188-0655-419f-be5a-4685bfe92707@group-8752E8032D1F-StateMachineUpdater: Took a snapshot at index 0
2021-09-16 12:48:08,908 [b4139188-0655-419f-be5a-4685bfe92707@group-8752E8032D1F-StateMachineUpdater] INFO  impl.StateMachineUpdater (StateMachineUpdater.java:lambda$new$0(89)) - b4139188-0655-419f-be5a-4685bfe92707@group-8752E8032D1F-StateMachineUpdater: snapshotIndex: updateIncreasingly -1 -> 0
2021-09-16 12:48:08,909 [ForkJoinPool.commonPool-worker-1] INFO  server.RaftServer$Division (ServerState.java:close(419)) - b4139188-0655-419f-be5a-4685bfe92707@group-8752E8032D1F: closes. applyIndex: 0
2021-09-16 12:48:08,909 [b4139188-0655-419f-be5a-4685bfe92707@group-8752E8032D1F-SegmentedRaftLogWorker] INFO  segmented.SegmentedRaftLogWorker (SegmentedRaftLogWorker.java:run(327)) - b4139188-0655-419f-be5a-4685bfe92707@group-8752E8032D1F-SegmentedRaftLogWorker was interrupted, exiting. There are 0 tasks remaining in the queue.
2021-09-16 12:48:08,910 [ForkJoinPool.commonPool-worker-1] INFO  segmented.SegmentedRaftLogWorker (SegmentedRaftLogWorker.java:close(237)) - b4139188-0655-419f-be5a-4685bfe92707@group-8752E8032D1F-SegmentedRaftLogWorker close()
2021-09-16 12:48:08,916 [ForkJoinPool.commonPool-worker-1] INFO  server.RaftServer$Division (RaftServerImpl.java:lambda$close$4(407)) - b4139188-0655-419f-be5a-4685bfe92707@group-FD5B065FBE52: shutdown
2021-09-16 12:48:08,916 [ForkJoinPool.commonPool-worker-1] INFO  util.JmxRegister (JmxRegister.java:unregister(73)) - Successfully un-registered JMX Bean with object name Ratis:service=RaftServer,group=group-FD5B065FBE52,id=b4139188-0655-419f-be5a-4685bfe92707
2021-09-16 12:48:08,916 [ForkJoinPool.commonPool-worker-1] INFO  impl.RoleInfo (RoleInfo.java:shutdownFollowerState(108)) - b4139188-0655-419f-be5a-4685bfe92707: shutdown b4139188-0655-419f-be5a-4685bfe92707@group-FD5B065FBE52-FollowerState
2021-09-16 12:48:08,916 [ForkJoinPool.commonPool-worker-1] INFO  impl.StateMachineUpdater (StateMachineUpdater.java:stopAndJoin(149)) - b4139188-0655-419f-be5a-4685bfe92707@group-FD5B065FBE52-StateMachineUpdater: set stopIndex = 0
2021-09-16 12:48:08,916 [b4139188-0655-419f-be5a-4685bfe92707@group-FD5B065FBE52-FollowerState] INFO  impl.FollowerState (FollowerState.java:run(143)) - b4139188-0655-419f-be5a-4685bfe92707@group-FD5B065FBE52-FollowerState was interrupted: {}
java.lang.InterruptedException: sleep interrupted
	at java.lang.Thread.sleep(Native Method)
	at java.lang.Thread.sleep(Thread.java:340)
	at java.util.concurrent.TimeUnit.sleep(TimeUnit.java:386)
	at org.apache.ratis.util.TimeDuration.sleep(TimeDuration.java:324)
	at org.apache.ratis.util.TimeDuration.sleep(TimeDuration.java:309)
	at org.apache.ratis.server.impl.FollowerState.run(FollowerState.java:118)
2021-09-16 12:48:08,916 [b4139188-0655-419f-be5a-4685bfe92707@group-FD5B065FBE52-StateMachineUpdater] INFO  ratis.ContainerStateMachine (ContainerStateMachine.java:takeSnapshot(292)) - group-FD5B065FBE52: Taking a snapshot at:(t:10, i:0) file /home/runner/work/ozone/ozone/hadoop-ozone/integration-test/target/test-dir/MiniOzoneClusterImpl-babe98fd-e4a2-44a3-a902-6ec1ad6f036e/datanode-2/data/ratis/af5657be-acc9-4691-9d03-fd5b065fbe52/sm/snapshot.10_0
2021-09-16 12:48:08,921 [b4139188-0655-419f-be5a-4685bfe92707@group-FD5B065FBE52-StateMachineUpdater] INFO  ratis.ContainerStateMachine (ContainerStateMachine.java:takeSnapshot(303)) - group-FD5B065FBE52: Finished taking a snapshot at:(t:10, i:0) file:/home/runner/work/ozone/ozone/hadoop-ozone/integration-test/target/test-dir/MiniOzoneClusterImpl-babe98fd-e4a2-44a3-a902-6ec1ad6f036e/datanode-2/data/ratis/af5657be-acc9-4691-9d03-fd5b065fbe52/sm/snapshot.10_0 took: 5 ms
2021-09-16 12:48:08,922 [b4139188-0655-419f-be5a-4685bfe92707@group-FD5B065FBE52-StateMachineUpdater] INFO  impl.StateMachineUpdater (StateMachineUpdater.java:takeSnapshot(281)) - b4139188-0655-419f-be5a-4685bfe92707@group-FD5B065FBE52-StateMachineUpdater: Took a snapshot at index 0
2021-09-16 12:48:08,922 [b4139188-0655-419f-be5a-4685bfe92707@group-FD5B065FBE52-StateMachineUpdater] INFO  impl.StateMachineUpdater (StateMachineUpdater.java:lambda$new$0(89)) - b4139188-0655-419f-be5a-4685bfe92707@group-FD5B065FBE52-StateMachineUpdater: snapshotIndex: updateIncreasingly -1 -> 0
2021-09-16 12:48:08,923 [ForkJoinPool.commonPool-worker-1] INFO  server.RaftServer$Division (ServerState.java:close(419)) - b4139188-0655-419f-be5a-4685bfe92707@group-FD5B065FBE52: closes. applyIndex: 0
2021-09-16 12:48:08,923 [b4139188-0655-419f-be5a-4685bfe92707@group-FD5B065FBE52-SegmentedRaftLogWorker] INFO  segmented.SegmentedRaftLogWorker (SegmentedRaftLogWorker.java:run(327)) - b4139188-0655-419f-be5a-4685bfe92707@group-FD5B065FBE52-SegmentedRaftLogWorker was interrupted, exiting. There are 0 tasks remaining in the queue.
2021-09-16 12:48:08,924 [ForkJoinPool.commonPool-worker-1] INFO  segmented.SegmentedRaftLogWorker (SegmentedRaftLogWorker.java:close(237)) - b4139188-0655-419f-be5a-4685bfe92707@group-FD5B065FBE52-SegmentedRaftLogWorker close()
2021-09-16 12:48:08,925 [ForkJoinPool.commonPool-worker-1] INFO  server.GrpcService (GrpcService.java:closeImpl(262)) - b4139188-0655-419f-be5a-4685bfe92707: shutdown server with port 39773 now
2021-09-16 12:48:08,928 [ForkJoinPool.commonPool-worker-1] INFO  server.GrpcService (GrpcService.java:closeImpl(271)) - b4139188-0655-419f-be5a-4685bfe92707: shutdown server with port 39773 successfully
2021-09-16 12:48:08,928 [org.apache.ratis.util.JvmPauseMonitor$$Lambda$531/1568077523@54f516f3] INFO  util.JvmPauseMonitor (JvmPauseMonitor.java:run(109)) - JvmPauseMonitor-b4139188-0655-419f-be5a-4685bfe92707: Stopped
2021-09-16 12:48:08,929 [ForkJoinPool.commonPool-worker-1] INFO  utils.BackgroundService (BackgroundService.java:shutdown(132)) - Shutting down service BlockDeletingService
2021-09-16 12:48:11,937 [ForkJoinPool.commonPool-worker-1] INFO  statemachine.DatanodeStateMachine (DatanodeStateMachine.java:stopDaemon(515)) - Ozone container server stopped.
2021-09-16 12:48:11,937 [ForkJoinPool.commonPool-worker-1] INFO  handler.ContextHandler (ContextHandler.java:doStop(1153)) - Stopped o.e.j.w.WebAppContext@7b7d04cc{hddsDatanode,/,null,STOPPED}{jar:file:/home/runner/.m2/repository/org/apache/ozone/hdds-container-service/1.2.0-SNAPSHOT/hdds-container-service-1.2.0-SNAPSHOT.jar!/webapps/hddsDatanode}
2021-09-16 12:48:11,942 [ForkJoinPool.commonPool-worker-1] INFO  server.AbstractConnector (AbstractConnector.java:doStop(381)) - Stopped ServerConnector@3040b46b{HTTP/1.1, (http/1.1)}{0.0.0.0:0}
2021-09-16 12:48:11,942 [ForkJoinPool.commonPool-worker-1] INFO  server.session (HouseKeeper.java:stopScavenging(149)) - node0 Stopped scavenging
2021-09-16 12:48:11,942 [ForkJoinPool.commonPool-worker-1] INFO  handler.ContextHandler (ContextHandler.java:doStop(1153)) - Stopped o.e.j.s.ServletContextHandler@50571015{static,/static,jar:file:/home/runner/.m2/repository/org/apache/ozone/hdds-container-service/1.2.0-SNAPSHOT/hdds-container-service-1.2.0-SNAPSHOT.jar!/webapps/static,STOPPED}
2021-09-16 12:48:11,942 [ForkJoinPool.commonPool-worker-1] INFO  handler.ContextHandler (ContextHandler.java:doStop(1153)) - Stopped o.e.j.s.ServletContextHandler@20a2e427{logs,/logs,file:///home/runner/work/ozone/ozone/hadoop-ozone/integration-test/target/log,STOPPED}
2021-09-16 12:48:11,952 [Time-limited test] INFO  ozone.MiniOzoneClusterImpl (MiniOzoneClusterImpl.java:stopSCM(542)) - Stopping the StorageContainerManager
2021-09-16 12:48:11,952 [Time-limited test] INFO  server.StorageContainerManager (StorageContainerManager.java:stop(1371)) - Stopping Container Balancer service.
2021-09-16 12:48:11,952 [Time-limited test] INFO  balancer.ContainerBalancer (ContainerBalancer.java:stop(717)) - Container Balancer is not running.
2021-09-16 12:48:11,952 [Time-limited test] INFO  server.StorageContainerManager (StorageContainerManager.java:stop(1378)) - Stopping Replication Manager Service.
2021-09-16 12:48:11,952 [Time-limited test] INFO  container.ReplicationManager (ReplicationManager.java:stop(350)) - Stopping Replication Monitor Thread.
2021-09-16 12:48:11,954 [Time-limited test] INFO  server.StorageContainerManager (StorageContainerManager.java:stop(1385)) - Stopping the Datanode Admin Monitor.
2021-09-16 12:48:11,954 [Time-limited test] INFO  server.StorageContainerManager (StorageContainerManager.java:stop(1392)) - Stopping Lease Manager of the command watchers
2021-09-16 12:48:11,954 [Time-limited test] INFO  server.StorageContainerManager (StorageContainerManager.java:stop(1399)) - Stopping datanode service RPC server
2021-09-16 12:48:11,954 [Time-limited test] INFO  server.SCMDatanodeProtocolServer (SCMDatanodeProtocolServer.java:stop(389)) - Stopping the RPC server for DataNodes
2021-09-16 12:48:11,954 [Time-limited test] INFO  ipc.Server (Server.java:stop(3414)) - Stopping server on 41501
2021-09-16 12:48:11,957 [IPC Server Responder] INFO  ipc.Server (Server.java:run(1512)) - Stopping IPC Server Responder
2021-09-16 12:48:11,957 [IPC Server listener on 0] INFO  ipc.Server (Server.java:run(1376)) - Stopping IPC Server listener on 0
2021-09-16 12:48:12,011 [SCM Heartbeat Processing Thread - 0] WARN  node.NodeStateManager (NodeStateManager.java:scheduleNextHealthCheck(799)) - Current Thread is interrupted, shutting down HB processing thread for Node Manager.
2021-09-16 12:48:12,013 [Time-limited test] INFO  server.StorageContainerManager (StorageContainerManager.java:stop(1407)) - Stopping block service RPC server
2021-09-16 12:48:12,013 [Time-limited test] INFO  server.SCMBlockProtocolServer (SCMBlockProtocolServer.java:stop(160)) - Stopping the RPC server for Block Protocol
2021-09-16 12:48:12,013 [Time-limited test] INFO  ipc.Server (Server.java:stop(3414)) - Stopping server on 40875
2021-09-16 12:48:12,018 [Time-limited test] INFO  server.StorageContainerManager (StorageContainerManager.java:stop(1414)) - Stopping the StorageContainerLocationProtocol RPC server
2021-09-16 12:48:12,019 [Time-limited test] INFO  server.SCMClientProtocolServer (SCMClientProtocolServer.java:stop(173)) - Stopping the RPC server for Client Protocol
2021-09-16 12:48:12,019 [Time-limited test] INFO  ipc.Server (Server.java:stop(3414)) - Stopping server on 41575
2021-09-16 12:48:12,020 [IPC Server listener on 0] INFO  ipc.Server (Server.java:run(1376)) - Stopping IPC Server listener on 0
2021-09-16 12:48:12,021 [IPC Server Responder] INFO  ipc.Server (Server.java:run(1512)) - Stopping IPC Server Responder
2021-09-16 12:48:12,022 [IPC Server Responder] INFO  ipc.Server (Server.java:run(1512)) - Stopping IPC Server Responder
2021-09-16 12:48:12,022 [IPC Server listener on 0] INFO  ipc.Server (Server.java:run(1376)) - Stopping IPC Server listener on 0
2021-09-16 12:48:12,023 [Time-limited test] INFO  server.StorageContainerManager (StorageContainerManager.java:stop(1421)) - Stopping Storage Container Manager HTTP server.
2021-09-16 12:48:12,036 [Time-limited test] INFO  handler.ContextHandler (ContextHandler.java:doStop(1153)) - Stopped o.e.j.w.WebAppContext@45c6218c{scm,/,null,STOPPED}{file:/home/runner/work/ozone/ozone/hadoop-ozone/integration-test/target/test-classes/webapps/scm}
2021-09-16 12:48:12,036 [Time-limited test] INFO  server.AbstractConnector (AbstractConnector.java:doStop(381)) - Stopped ServerConnector@75bfb370{HTTP/1.1, (http/1.1)}{0.0.0.0:0}
2021-09-16 12:48:12,036 [Time-limited test] INFO  server.session (HouseKeeper.java:stopScavenging(149)) - node0 Stopped scavenging
2021-09-16 12:48:12,037 [Time-limited test] INFO  handler.ContextHandler (ContextHandler.java:doStop(1153)) - Stopped o.e.j.s.ServletContextHandler@41a25fa0{static,/static,file:///home/runner/work/ozone/ozone/hadoop-ozone/integration-test/target/test-classes/webapps/static,STOPPED}
2021-09-16 12:48:12,037 [Time-limited test] INFO  handler.ContextHandler (ContextHandler.java:doStop(1153)) - Stopped o.e.j.s.ServletContextHandler@18262355{logs,/logs,file:///home/runner/work/ozone/ozone/hadoop-ozone/integration-test/target/log,STOPPED}
2021-09-16 12:48:12,041 [Time-limited test] INFO  server.StorageContainerManager (StorageContainerManager.java:stop(1432)) - Stopping Block Manager Service.
2021-09-16 12:48:12,041 [Time-limited test] INFO  utils.BackgroundService (BackgroundService.java:shutdown(132)) - Shutting down service SCMBlockDeletingService
2021-09-16 12:48:12,041 [Time-limited test] INFO  utils.BackgroundService (BackgroundService.java:shutdown(132)) - Shutting down service SCMBlockDeletingService
2021-09-16 12:48:12,042 [Time-limited test] INFO  server.StorageContainerManager (StorageContainerManager.java:stop(1459)) - Stopping SCM Event Queue.
2021-09-16 12:48:12,043 [Time-limited test] INFO  server.StorageContainerManager (StorageContainerManager.java:stop(1470)) - Stopping SCM HA services.
2021-09-16 12:48:12,043 [Time-limited test] INFO  pipeline.BackgroundPipelineCreator (BackgroundPipelineCreatorV2.java:stop(158)) - Stopping RatisPipelineUtilsThread.
2021-09-16 12:48:12,044 [Time-limited test] INFO  server.StorageContainerManager (StorageContainerManager.java:stop(1480)) - Stopping SCM MetadataStore.
2021-09-16 12:48:12,048 [Time-limited test] INFO  impl.MetricsSystemImpl (MetricsSystemImpl.java:stop(210)) - Stopping HddsDatanode metrics system...
2021-09-16 12:48:12,056 [prometheus] INFO  impl.MetricsSinkAdapter (MetricsSinkAdapter.java:publishMetricsFromQueue(141)) - prometheus thread interrupted.
2021-09-16 12:48:12,056 [Time-limited test] INFO  impl.MetricsSystemImpl (MetricsSystemImpl.java:stop(216)) - HddsDatanode metrics system stopped.
]]></system-out>
  </testcase>
  <testcase name="testDNstartAfterSCM" classname="org.apache.hadoop.ozone.TestMiniOzoneCluster" time="62.972"/>
  <testcase name="testDatanodeIDPersistent" classname="org.apache.hadoop.ozone.TestMiniOzoneCluster" time="0.124"/>
  <testcase name="testContainerRandomPort" classname="org.apache.hadoop.ozone.TestMiniOzoneCluster" time="19.384"/>
</testsuite>