<?xml version="1.0" encoding="UTF-8"?>
<testsuite xmlns:xsi="http://www.w3.org/2001/XMLSchema-instance" xsi:noNamespaceSchemaLocation="https://maven.apache.org/surefire/maven-surefire-plugin/xsd/surefire-test-report.xsd" version="3.0.2" name="org.apache.hadoop.ozone.recon.TestReconWithOzoneManager" time="33.173" tests="2" errors="1" skipped="0" failures="0">
  <properties>
    <property name="org.jooq.no-logo" value="true"/>
    <property name="java.specification.version" value="21"/>
    <property name="sun.jnu.encoding" value="UTF-8"/>
    <property name="java.class.path" value="/home/runner/work/ozone/ozone/hadoop-ozone/integration-test/target/test-classes:/home/runner/work/ozone/ozone/hadoop-ozone/integration-test/target/classes:/home/runner/work/ozone/ozone/hadoop-hdds/server-scm/target/hdds-server-scm-2.1.0-SNAPSHOT.jar:/home/runner/.m2/repository/com/fasterxml/jackson/core/jackson-annotations/2.16.2/jackson-annotations-2.16.2.jar:/home/runner/.m2/repository/com/fasterxml/jackson/core/jackson-core/2.16.2/jackson-core-2.16.2.jar:/home/runner/.m2/repository/com/fasterxml/jackson/core/jackson-databind/2.16.2/jackson-databind-2.16.2.jar:/home/runner/.m2/repository/com/google/guava/guava/32.1.3-jre/guava-32.1.3-jre.jar:/home/runner/.m2/repository/com/google/guava/failureaccess/1.0.1/failureaccess-1.0.1.jar:/home/runner/.m2/repository/com/google/guava/listenablefuture/9999.0-empty-to-avoid-conflict-with-guava/listenablefuture-9999.0-empty-to-avoid-conflict-with-guava.jar:/home/runner/.m2/repository/org/checkerframework/checker-qual/3.37.0/checker-qual-3.37.0.jar:/home/runner/.m2/repository/com/google/errorprone/error_prone_annotations/2.29.2/error_prone_annotations-2.29.2.jar:/home/runner/.m2/repository/com/google/j2objc/j2objc-annotations/2.8/j2objc-annotations-2.8.jar:/home/runner/.m2/repository/com/google/protobuf/protobuf-java/2.5.0/protobuf-java-2.5.0.jar:/home/runner/.m2/repository/commons-collections/commons-collections/3.2.2/commons-collections-3.2.2.jar:/home/runner/.m2/repository/commons-io/commons-io/2.18.0/commons-io-2.18.0.jar:/home/runner/.m2/repository/info/picocli/picocli/4.7.7/picocli-4.7.7.jar:/home/runner/.m2/repository/io/dropwizard/metrics/metrics-core/3.2.6/metrics-core-3.2.6.jar:/home/runner/.m2/repository/jakarta/annotation/jakarta.annotation-api/2.1.1/jakarta.annotation-api-2.1.1.jar:/home/runner/.m2/repository/javax/servlet/javax.servlet-api/3.1.0/javax.servlet-api-3.1.0.jar:/home/runner/.m2/repository/org/apache/commons/commons-compress/1.27.1/commons-compress-1.27.1.jar:/home/runner/.m2/repository/org/apache/commons/commons-text/1.12.0/commons-text-1.12.0.jar:/home/runner/.m2/repository/org/apache/hadoop/hadoop-auth/3.4.1/hadoop-auth-3.4.1.jar:/home/runner/.m2/repository/org/apache/hadoop/hadoop-common/3.4.1/hadoop-common-3.4.1.jar:/home/runner/work/ozone/ozone/hadoop-hdds/client/target/hdds-client-2.1.0-SNAPSHOT.jar:/home/runner/work/ozone/ozone/hadoop-hdds/common/target/hdds-common-2.1.0-SNAPSHOT.jar:/home/runner/work/ozone/ozone/hadoop-hdds/config/target/hdds-config-2.1.0-SNAPSHOT.jar:/home/runner/work/ozone/ozone/hadoop-hdds/container-service/target/hdds-container-service-2.1.0-SNAPSHOT.jar:/home/runner/work/ozone/ozone/hadoop-hdds/interface-admin/target/hdds-interface-admin-2.1.0-SNAPSHOT.jar:/home/runner/work/ozone/ozone/hadoop-hdds/interface-client/target/hdds-interface-client-2.1.0-SNAPSHOT.jar:/home/runner/work/ozone/ozone/hadoop-hdds/interface-server/target/hdds-interface-server-2.1.0-SNAPSHOT.jar:/home/runner/work/ozone/ozone/hadoop-hdds/framework/target/hdds-server-framework-2.1.0-SNAPSHOT.jar:/home/runner/.m2/repository/org/apache/ratis/ratis-client/3.1.2/ratis-client-3.1.2.jar:/home/runner/.m2/repository/org/apache/ratis/ratis-common/3.1.2/ratis-common-3.1.2.jar:/home/runner/.m2/repository/org/apache/ratis/ratis-grpc/3.1.2/ratis-grpc-3.1.2.jar:/home/runner/.m2/repository/org/apache/ratis/ratis-netty/3.1.2/ratis-netty-3.1.2.jar:/home/runner/.m2/repository/org/apache/ratis/ratis-proto/3.1.2/ratis-proto-3.1.2.jar:/home/runner/.m2/repository/org/apache/ratis/ratis-server-api/3.1.2/ratis-server-api-3.1.2.jar:/home/runner/.m2/repository/org/apache/ratis/ratis-thirdparty-misc/1.0.6/ratis-thirdparty-misc-1.0.6.jar:/home/runner/.m2/repository/org/bouncycastle/bcpkix-jdk18on/1.80/bcpkix-jdk18on-1.80.jar:/home/runner/.m2/repository/org/bouncycastle/bcprov-jdk18on/1.80/bcprov-jdk18on-1.80.jar:/home/runner/.m2/repository/org/eclipse/jetty/jetty-webapp/9.4.57.v20241219/jetty-webapp-9.4.57.v20241219.jar:/home/runner/.m2/repository/org/eclipse/jetty/jetty-xml/9.4.57.v20241219/jetty-xml-9.4.57.v20241219.jar:/home/runner/.m2/repository/org/slf4j/slf4j-api/2.0.17/slf4j-api-2.0.17.jar:/home/runner/work/ozone/ozone/hadoop-ozone/cli-admin/target/ozone-cli-admin-2.1.0-SNAPSHOT.jar:/home/runner/.m2/repository/com/fasterxml/jackson/datatype/jackson-datatype-jsr310/2.16.2/jackson-datatype-jsr310-2.16.2.jar:/home/runner/.m2/repository/org/apache/hadoop/hadoop-hdfs-client/3.4.1/hadoop-hdfs-client-3.4.1.jar:/home/runner/work/ozone/ozone/hadoop-ozone/interface-client/target/ozone-interface-client-2.1.0-SNAPSHOT.jar:/home/runner/.m2/repository/commons-codec/commons-codec/1.17.1/commons-codec-1.17.1.jar:/home/runner/work/ozone/ozone/hadoop-ozone/cli-shell/target/ozone-cli-shell-2.1.0-SNAPSHOT.jar:/home/runner/.m2/repository/info/picocli/picocli-shell-jline3/4.7.7/picocli-shell-jline3-4.7.7.jar:/home/runner/.m2/repository/jakarta/xml/bind/jakarta.xml.bind-api/2.3.3/jakarta.xml.bind-api-2.3.3.jar:/home/runner/.m2/repository/org/apache/httpcomponents/httpclient/4.5.14/httpclient-4.5.14.jar:/home/runner/work/ozone/ozone/hadoop-ozone/ozonefs-common/target/ozone-filesystem-common-2.1.0-SNAPSHOT.jar:/home/runner/.m2/repository/org/jline/jline/3.30.0/jline-3.30.0.jar:/home/runner/.m2/repository/org/slf4j/slf4j-reload4j/2.0.17/slf4j-reload4j-2.0.17.jar:/home/runner/work/ozone/ozone/hadoop-ozone/client/target/ozone-client-2.1.0-SNAPSHOT.jar:/home/runner/.m2/repository/com/github/stephenc/jcip/jcip-annotations/1.0-1/jcip-annotations-1.0-1.jar:/home/runner/work/ozone/ozone/hadoop-hdds/erasurecode/target/hdds-erasurecode-2.1.0-SNAPSHOT.jar:/home/runner/work/ozone/ozone/hadoop-ozone/common/target/ozone-common-2.1.0-SNAPSHOT.jar:/home/runner/.m2/repository/io/grpc/grpc-api/1.58.0/grpc-api-1.58.0.jar:/home/runner/.m2/repository/io/grpc/grpc-netty/1.58.0/grpc-netty-1.58.0.jar:/home/runner/.m2/repository/io/grpc/grpc-core/1.58.0/grpc-core-1.58.0.jar:/home/runner/.m2/repository/com/google/android/annotations/4.1.1.4/annotations-4.1.1.4.jar:/home/runner/.m2/repository/org/codehaus/mojo/animal-sniffer-annotations/1.23/animal-sniffer-annotations-1.23.jar:/home/runner/.m2/repository/io/grpc/grpc-context/1.58.0/grpc-context-1.58.0.jar:/home/runner/.m2/repository/io/grpc/grpc-util/1.58.0/grpc-util-1.58.0.jar:/home/runner/.m2/repository/io/perfmark/perfmark-api/0.26.0/perfmark-api-0.26.0.jar:/home/runner/.m2/repository/io/netty/netty-codec-http2/4.1.109.Final/netty-codec-http2-4.1.109.Final.jar:/home/runner/.m2/repository/io/netty/netty-codec-http/4.1.109.Final/netty-codec-http-4.1.109.Final.jar:/home/runner/.m2/repository/io/netty/netty-common/4.1.109.Final/netty-common-4.1.109.Final.jar:/home/runner/.m2/repository/io/netty/netty-handler/4.1.109.Final/netty-handler-4.1.109.Final.jar:/home/runner/.m2/repository/io/netty/netty-resolver/4.1.109.Final/netty-resolver-4.1.109.Final.jar:/home/runner/.m2/repository/io/netty/netty-handler-proxy/4.1.109.Final/netty-handler-proxy-4.1.109.Final.jar:/home/runner/.m2/repository/io/netty/netty-codec-socks/4.1.109.Final/netty-codec-socks-4.1.109.Final.jar:/home/runner/.m2/repository/org/apache/httpcomponents/httpcore/4.4.16/httpcore-4.4.16.jar:/home/runner/.m2/repository/io/netty/netty-tcnative-boringssl-static/2.0.65.Final/netty-tcnative-boringssl-static-2.0.65.Final.jar:/home/runner/.m2/repository/io/netty/netty-tcnative-classes/2.0.65.Final/netty-tcnative-classes-2.0.65.Final.jar:/home/runner/.m2/repository/io/netty/netty-tcnative-boringssl-static/2.0.65.Final/netty-tcnative-boringssl-static-2.0.65.Final-linux-x86_64.jar:/home/runner/.m2/repository/io/netty/netty-tcnative-boringssl-static/2.0.65.Final/netty-tcnative-boringssl-static-2.0.65.Final-linux-aarch_64.jar:/home/runner/.m2/repository/io/netty/netty-tcnative-boringssl-static/2.0.65.Final/netty-tcnative-boringssl-static-2.0.65.Final-osx-x86_64.jar:/home/runner/.m2/repository/io/netty/netty-tcnative-boringssl-static/2.0.65.Final/netty-tcnative-boringssl-static-2.0.65.Final-osx-aarch_64.jar:/home/runner/.m2/repository/io/netty/netty-tcnative-boringssl-static/2.0.65.Final/netty-tcnative-boringssl-static-2.0.65.Final-windows-x86_64.jar:/home/runner/work/ozone/ozone/hadoop-ozone/csi/target/ozone-csi-2.1.0-SNAPSHOT.jar:/home/runner/.m2/repository/ch/qos/reload4j/reload4j/1.2.26/reload4j-1.2.26.jar:/home/runner/.m2/repository/com/google/protobuf/protobuf-java-util/3.19.6/protobuf-java-util-3.19.6.jar:/home/runner/.m2/repository/io/grpc/grpc-protobuf/1.58.0/grpc-protobuf-1.58.0.jar:/home/runner/.m2/repository/com/google/api/grpc/proto-google-common-protos/2.22.0/proto-google-common-protos-2.22.0.jar:/home/runner/.m2/repository/io/grpc/grpc-protobuf-lite/1.58.0/grpc-protobuf-lite-1.58.0.jar:/home/runner/.m2/repository/io/grpc/grpc-stub/1.58.0/grpc-stub-1.58.0.jar:/home/runner/.m2/repository/io/netty/netty-transport/4.1.109.Final/netty-transport-4.1.109.Final.jar:/home/runner/.m2/repository/io/netty/netty-transport-classes-epoll/4.1.109.Final/netty-transport-classes-epoll-4.1.109.Final.jar:/home/runner/.m2/repository/io/netty/netty-transport-native-epoll/4.1.109.Final/netty-transport-native-epoll-4.1.109.Final-linux-x86_64.jar:/home/runner/.m2/repository/io/netty/netty-transport-native-unix-common/4.1.109.Final/netty-transport-native-unix-common-4.1.109.Final.jar:/home/runner/work/ozone/ozone/hadoop-ozone/ozonefs/target/ozone-filesystem-2.1.0-SNAPSHOT.jar:/home/runner/.m2/repository/io/opentracing/opentracing-api/0.33.0/opentracing-api-0.33.0.jar:/home/runner/.m2/repository/io/opentracing/opentracing-util/0.33.0/opentracing-util-0.33.0.jar:/home/runner/.m2/repository/io/opentracing/opentracing-noop/0.33.0/opentracing-noop-0.33.0.jar:/home/runner/work/ozone/ozone/hadoop-ozone/freon/target/ozone-freon-2.1.0-SNAPSHOT.jar:/home/runner/.m2/repository/com/amazonaws/aws-java-sdk-core/1.12.661/aws-java-sdk-core-1.12.661.jar:/home/runner/.m2/repository/com/fasterxml/jackson/dataformat/jackson-dataformat-cbor/2.16.2/jackson-dataformat-cbor-2.16.2.jar:/home/runner/.m2/repository/joda-time/joda-time/2.12.7/joda-time-2.12.7.jar:/home/runner/.m2/repository/com/amazonaws/aws-java-sdk-s3/1.12.661/aws-java-sdk-s3-1.12.661.jar:/home/runner/.m2/repository/com/amazonaws/aws-java-sdk-kms/1.12.661/aws-java-sdk-kms-1.12.661.jar:/home/runner/.m2/repository/com/amazonaws/jmespath-java/1.12.661/jmespath-java-1.12.661.jar:/home/runner/.m2/repository/org/apache/hadoop/hadoop-hdfs/3.4.1/hadoop-hdfs-3.4.1.jar:/home/runner/work/ozone/ozone/hadoop-ozone/interface-storage/target/ozone-interface-storage-2.1.0-SNAPSHOT.jar:/home/runner/.m2/repository/org/kohsuke/metainf-services/metainf-services/1.11/metainf-services-1.11.jar:/home/runner/work/ozone/ozone/hadoop-ozone/ozone-manager/target/ozone-manager-2.1.0-SNAPSHOT.jar:/home/runner/.m2/repository/com/sun/jersey/jersey-client/1.19.4/jersey-client-1.19.4.jar:/home/runner/.m2/repository/org/apache/kerby/kerby-util/1.0.1/kerby-util-1.0.1.jar:/home/runner/.m2/repository/org/apache/logging/log4j/log4j-api/2.24.2/log4j-api-2.24.2.jar:/home/runner/work/ozone/ozone/hadoop-hdds/managed-rocksdb/target/hdds-managed-rocksdb-2.1.0-SNAPSHOT.jar:/home/runner/work/ozone/ozone/hadoop-hdds/rocks-native/target/hdds-rocks-native-2.1.0-SNAPSHOT.jar:/home/runner/.m2/repository/org/eclipse/jetty/jetty-io/9.4.57.v20241219/jetty-io-9.4.57.v20241219.jar:/home/runner/work/ozone/ozone/hadoop-hdds/rocksdb-checkpoint-differ/target/rocksdb-checkpoint-differ-2.1.0-SNAPSHOT.jar:/home/runner/.m2/repository/com/github/vlsi/mxgraph/jgraphx/3.9.12/jgraphx-3.9.12.jar:/home/runner/.m2/repository/org/jgrapht/jgrapht-core/1.4.0/jgrapht-core-1.4.0.jar:/home/runner/.m2/repository/org/jheaps/jheaps/0.11/jheaps-0.11.jar:/home/runner/.m2/repository/org/jgrapht/jgrapht-ext/1.4.0/jgrapht-ext-1.4.0.jar:/home/runner/.m2/repository/org/apache/ranger/ranger-intg/2.6.0/ranger-intg-2.6.0.jar:/home/runner/.m2/repository/org/apache/ranger/ranger-plugins-common/2.6.0/ranger-plugins-common-2.6.0.jar:/home/runner/.m2/repository/com/fasterxml/jackson/jaxrs/jackson-jaxrs-base/2.16.2/jackson-jaxrs-base-2.16.2.jar:/home/runner/.m2/repository/com/fasterxml/jackson/jaxrs/jackson-jaxrs-json-provider/2.16.2/jackson-jaxrs-json-provider-2.16.2.jar:/home/runner/.m2/repository/com/kstruct/gethostname4j/1.0.0/gethostname4j-1.0.0.jar:/home/runner/.m2/repository/commons-lang/commons-lang/2.6/commons-lang-2.6.jar:/home/runner/.m2/repository/net/java/dev/jna/jna/5.2.0/jna-5.2.0.jar:/home/runner/.m2/repository/net/java/dev/jna/jna-platform/5.2.0/jna-platform-5.2.0.jar:/home/runner/.m2/repository/org/apache/ranger/ranger-plugin-classloader/2.6.0/ranger-plugin-classloader-2.6.0.jar:/home/runner/.m2/repository/org/apache/ranger/ranger-plugins-audit/2.6.0/ranger-plugins-audit-2.6.0.jar:/home/runner/.m2/repository/com/amazonaws/aws-java-sdk-logs/1.12.765/aws-java-sdk-logs-1.12.765.jar:/home/runner/.m2/repository/com/carrotsearch/hppc/0.8.0/hppc-0.8.0.jar:/home/runner/.m2/repository/io/airlift/aircompressor/0.27/aircompressor-0.27.jar:/home/runner/.m2/repository/org/apache/httpcomponents/httpasyncclient/4.1.4/httpasyncclient-4.1.4.jar:/home/runner/.m2/repository/org/apache/httpcomponents/httpcore-nio/4.4.16/httpcore-nio-4.4.16.jar:/home/runner/.m2/repository/org/apache/httpcomponents/httpmime/4.5.13/httpmime-4.5.13.jar:/home/runner/.m2/repository/org/apache/orc/orc-core/1.5.8/orc-core-1.5.8.jar:/home/runner/.m2/repository/org/apache/orc/orc-shims/1.5.8/orc-shims-1.5.8.jar:/home/runner/.m2/repository/org/eclipse/jetty/jetty-client/9.4.57.v20241219/jetty-client-9.4.57.v20241219.jar:/home/runner/.m2/repository/org/apache/ranger/ranger-plugins-cred/2.6.0/ranger-plugins-cred-2.6.0.jar:/home/runner/.m2/repository/org/aspectj/aspectjrt/1.9.7/aspectjrt-1.9.7.jar:/home/runner/.m2/repository/org/aspectj/aspectjweaver/1.9.7/aspectjweaver-1.9.7.jar:/home/runner/.m2/repository/org/eclipse/jetty/jetty-util/9.4.57.v20241219/jetty-util-9.4.57.v20241219.jar:/home/runner/.m2/repository/org/reflections/reflections/0.10.2/reflections-0.10.2.jar:/home/runner/.m2/repository/org/rocksdb/rocksdbjni/7.7.3/rocksdbjni-7.7.3.jar:/home/runner/work/ozone/ozone/hadoop-ozone/recon/target/ozone-recon-2.1.0-SNAPSHOT.jar:/home/runner/.m2/repository/aopalliance/aopalliance/1.0/aopalliance-1.0.jar:/home/runner/.m2/repository/com/google/inject/guice/6.0.0/guice-6.0.0.jar:/home/runner/.m2/repository/jakarta/inject/jakarta.inject-api/2.0.1/jakarta.inject-api-2.0.1.jar:/home/runner/.m2/repository/com/google/inject/extensions/guice-assistedinject/6.0.0/guice-assistedinject-6.0.0.jar:/home/runner/.m2/repository/com/google/inject/extensions/guice-servlet/6.0.0/guice-servlet-6.0.0.jar:/home/runner/.m2/repository/com/jolbox/bonecp/0.8.0.RELEASE/bonecp-0.8.0.RELEASE.jar:/home/runner/.m2/repository/jakarta/activation/jakarta.activation-api/1.2.2/jakarta.activation-api-1.2.2.jar:/home/runner/.m2/repository/jakarta/validation/jakarta.validation-api/2.0.2/jakarta.validation-api-2.0.2.jar:/home/runner/.m2/repository/jakarta/ws/rs/jakarta.ws.rs-api/2.1.6/jakarta.ws.rs-api-2.1.6.jar:/home/runner/.m2/repository/javax/inject/javax.inject/1/javax.inject-1.jar:/home/runner/.m2/repository/org/apache/derby/derby/10.14.2.0/derby-10.14.2.0.jar:/home/runner/work/ozone/ozone/hadoop-ozone/recon-codegen/target/ozone-reconcodegen-2.1.0-SNAPSHOT.jar:/home/runner/.m2/repository/org/eclipse/jetty/jetty-servlet/9.4.57.v20241219/jetty-servlet-9.4.57.v20241219.jar:/home/runner/.m2/repository/org/eclipse/jetty/jetty-security/9.4.57.v20241219/jetty-security-9.4.57.v20241219.jar:/home/runner/.m2/repository/org/glassfish/hk2/guice-bridge/2.6.1/guice-bridge-2.6.1.jar:/home/runner/.m2/repository/org/glassfish/hk2/hk2-api/2.6.1/hk2-api-2.6.1.jar:/home/runner/.m2/repository/org/glassfish/hk2/hk2-utils/2.6.1/hk2-utils-2.6.1.jar:/home/runner/.m2/repository/org/glassfish/hk2/external/aopalliance-repackaged/2.6.1/aopalliance-repackaged-2.6.1.jar:/home/runner/.m2/repository/org/glassfish/hk2/external/jakarta.inject/2.6.1/jakarta.inject-2.6.1.jar:/home/runner/.m2/repository/org/glassfish/jersey/containers/jersey-container-servlet/2.46/jersey-container-servlet-2.46.jar:/home/runner/.m2/repository/org/glassfish/jersey/containers/jersey-container-servlet-core/2.46/jersey-container-servlet-core-2.46.jar:/home/runner/.m2/repository/org/glassfish/jersey/core/jersey-common/2.46/jersey-common-2.46.jar:/home/runner/.m2/repository/org/glassfish/hk2/osgi-resource-locator/1.0.3/osgi-resource-locator-1.0.3.jar:/home/runner/.m2/repository/org/glassfish/jersey/core/jersey-server/2.46/jersey-server-2.46.jar:/home/runner/.m2/repository/org/glassfish/jersey/core/jersey-client/2.46/jersey-client-2.46.jar:/home/runner/.m2/repository/org/glassfish/jersey/inject/jersey-hk2/2.46/jersey-hk2-2.46.jar:/home/runner/.m2/repository/org/glassfish/hk2/hk2-locator/2.6.1/hk2-locator-2.6.1.jar:/home/runner/.m2/repository/org/glassfish/jersey/media/jersey-media-jaxb/2.46/jersey-media-jaxb-2.46.jar:/home/runner/.m2/repository/org/glassfish/jersey/media/jersey-media-json-jackson/2.46/jersey-media-json-jackson-2.46.jar:/home/runner/.m2/repository/org/glassfish/jersey/ext/jersey-entity-filtering/2.46/jersey-entity-filtering-2.46.jar:/home/runner/.m2/repository/com/fasterxml/jackson/module/jackson-module-jaxb-annotations/2.16.2/jackson-module-jaxb-annotations-2.16.2.jar:/home/runner/.m2/repository/org/javassist/javassist/3.30.2-GA/javassist-3.30.2-GA.jar:/home/runner/.m2/repository/org/jooq/jooq/3.11.10/jooq-3.11.10.jar:/home/runner/.m2/repository/org/jooq/jooq-codegen/3.11.10/jooq-codegen-3.11.10.jar:/home/runner/.m2/repository/org/jooq/jooq-meta/3.11.10/jooq-meta-3.11.10.jar:/home/runner/.m2/repository/org/springframework/spring-core/5.3.39/spring-core-5.3.39.jar:/home/runner/.m2/repository/org/springframework/spring-jdbc/5.3.39/spring-jdbc-5.3.39.jar:/home/runner/.m2/repository/org/springframework/spring-beans/5.3.39/spring-beans-5.3.39.jar:/home/runner/.m2/repository/org/springframework/spring-tx/5.3.39/spring-tx-5.3.39.jar:/home/runner/.m2/repository/org/xerial/sqlite-jdbc/3.49.1.0/sqlite-jdbc-3.49.1.0.jar:/home/runner/work/ozone/ozone/hadoop-ozone/s3gateway/target/ozone-s3gateway-2.1.0-SNAPSHOT.jar:/home/runner/work/ozone/ozone/hadoop-ozone/tools/target/ozone-tools-2.1.0-SNAPSHOT.jar:/home/runner/.m2/repository/org/apache/ratis/ratis-shell/3.1.2/ratis-shell-3.1.2.jar:/home/runner/.m2/repository/org/apache/ratis/ratis-tools/3.1.2/ratis-tools-3.1.2.jar:/home/runner/.m2/repository/org/glassfish/jaxb/jaxb-runtime/2.3.9/jaxb-runtime-2.3.9.jar:/home/runner/.m2/repository/org/glassfish/jaxb/txw2/2.3.9/txw2-2.3.9.jar:/home/runner/.m2/repository/com/sun/istack/istack-commons-runtime/3.0.12/istack-commons-runtime-3.0.12.jar:/home/runner/.m2/repository/com/sun/activation/jakarta.activation/1.2.2/jakarta.activation-1.2.2.jar:/home/runner/.m2/repository/org/apache/ratis/ratis-server/3.1.2/ratis-server-3.1.2.jar:/home/runner/.m2/repository/org/apache/ratis/ratis-metrics-api/3.1.2/ratis-metrics-api-3.1.2.jar:/home/runner/.m2/repository/org/hamcrest/hamcrest/2.2/hamcrest-2.2.jar:/home/runner/.m2/repository/org/slf4j/jul-to-slf4j/2.0.17/jul-to-slf4j-2.0.17.jar:/home/runner/.m2/repository/org/apache/commons/commons-lang3/3.17.0/commons-lang3-3.17.0.jar:/home/runner/.m2/repository/org/apache/hadoop/hadoop-common/3.4.1/hadoop-common-3.4.1-tests.jar:/home/runner/.m2/repository/org/apache/hadoop/thirdparty/hadoop-shaded-protobuf_3_25/1.4.0/hadoop-shaded-protobuf_3_25-1.4.0.jar:/home/runner/.m2/repository/org/apache/hadoop/hadoop-annotations/3.4.1/hadoop-annotations-3.4.1.jar:/home/runner/.m2/repository/org/apache/hadoop/thirdparty/hadoop-shaded-guava/1.3.0/hadoop-shaded-guava-1.3.0.jar:/home/runner/.m2/repository/commons-cli/commons-cli/1.8.0/commons-cli-1.8.0.jar:/home/runner/.m2/repository/org/apache/commons/commons-math3/3.6.1/commons-math3-3.6.1.jar:/home/runner/.m2/repository/commons-net/commons-net/3.11.1/commons-net-3.11.1.jar:/home/runner/.m2/repository/org/eclipse/jetty/jetty-server/9.4.57.v20241219/jetty-server-9.4.57.v20241219.jar:/home/runner/.m2/repository/javax/servlet/jsp/jsp-api/2.1/jsp-api-2.1.jar:/home/runner/.m2/repository/com/sun/jersey/jersey-core/1.19.4/jersey-core-1.19.4.jar:/home/runner/.m2/repository/javax/ws/rs/jsr311-api/1.1.1/jsr311-api-1.1.1.jar:/home/runner/.m2/repository/com/sun/jersey/jersey-servlet/1.19.4/jersey-servlet-1.19.4.jar:/home/runner/.m2/repository/com/github/pjfanning/jersey-json/1.22.0/jersey-json-1.22.0.jar:/home/runner/.m2/repository/com/sun/xml/bind/jaxb-impl/2.2.3-1/jaxb-impl-2.2.3-1.jar:/home/runner/.m2/repository/org/codehaus/jettison/jettison/1.5.4/jettison-1.5.4.jar:/home/runner/.m2/repository/com/sun/jersey/jersey-server/1.19.4/jersey-server-1.19.4.jar:/home/runner/.m2/repository/commons-beanutils/commons-beanutils/1.9.4/commons-beanutils-1.9.4.jar:/home/runner/.m2/repository/org/apache/commons/commons-configuration2/2.11.0/commons-configuration2-2.11.0.jar:/home/runner/.m2/repository/org/apache/avro/avro/1.9.2/avro-1.9.2.jar:/home/runner/.m2/repository/com/google/re2j/re2j/1.7/re2j-1.7.jar:/home/runner/.m2/repository/com/google/code/gson/gson/2.10.1/gson-2.10.1.jar:/home/runner/.m2/repository/com/jcraft/jsch/0.1.55/jsch-0.1.55.jar:/home/runner/.m2/repository/org/apache/curator/curator-client/4.2.0/curator-client-4.2.0.jar:/home/runner/.m2/repository/org/apache/curator/curator-recipes/5.2.0/curator-recipes-5.2.0.jar:/home/runner/.m2/repository/org/apache/curator/curator-framework/4.2.0/curator-framework-4.2.0.jar:/home/runner/.m2/repository/com/google/code/findbugs/jsr305/3.0.2/jsr305-3.0.2.jar:/home/runner/.m2/repository/org/apache/zookeeper/zookeeper/3.8.4/zookeeper-3.8.4.jar:/home/runner/.m2/repository/org/apache/zookeeper/zookeeper-jute/3.8.4/zookeeper-jute-3.8.4.jar:/home/runner/.m2/repository/org/apache/yetus/audience-annotations/0.12.0/audience-annotations-0.12.0.jar:/home/runner/.m2/repository/io/netty/netty-transport-native-epoll/4.1.109.Final/netty-transport-native-epoll-4.1.109.Final.jar:/home/runner/.m2/repository/org/apache/kerby/kerb-core/1.0.1/kerb-core-1.0.1.jar:/home/runner/.m2/repository/org/apache/kerby/kerby-pkix/1.0.1/kerby-pkix-1.0.1.jar:/home/runner/.m2/repository/org/apache/kerby/kerby-asn1/1.0.1/kerby-asn1-1.0.1.jar:/home/runner/.m2/repository/org/codehaus/woodstox/stax2-api/4.2.1/stax2-api-4.2.1.jar:/home/runner/.m2/repository/com/fasterxml/woodstox/woodstox-core/5.4.0/woodstox-core-5.4.0.jar:/home/runner/.m2/repository/dnsjava/dnsjava/3.6.1/dnsjava-3.6.1.jar:/home/runner/.m2/repository/org/xerial/snappy/snappy-java/1.1.10.7/snappy-java-1.1.10.7.jar:/home/runner/.m2/repository/org/apache/hadoop/hadoop-distcp/3.4.1/hadoop-distcp-3.4.1.jar:/home/runner/.m2/repository/org/apache/hadoop/hadoop-distcp/3.4.1/hadoop-distcp-3.4.1-tests.jar:/home/runner/.m2/repository/org/apache/hadoop/hadoop-hdfs/3.4.1/hadoop-hdfs-3.4.1-tests.jar:/home/runner/.m2/repository/org/eclipse/jetty/jetty-util-ajax/9.4.57.v20241219/jetty-util-ajax-9.4.57.v20241219.jar:/home/runner/.m2/repository/commons-daemon/commons-daemon/1.4.0/commons-daemon-1.4.0.jar:/home/runner/.m2/repository/io/netty/netty-all/4.1.109.Final/netty-all-4.1.109.Final.jar:/home/runner/.m2/repository/io/netty/netty-codec-dns/4.1.109.Final/netty-codec-dns-4.1.109.Final.jar:/home/runner/.m2/repository/io/netty/netty-codec-haproxy/4.1.109.Final/netty-codec-haproxy-4.1.109.Final.jar:/home/runner/.m2/repository/io/netty/netty-codec-memcache/4.1.109.Final/netty-codec-memcache-4.1.109.Final.jar:/home/runner/.m2/repository/io/netty/netty-codec-mqtt/4.1.109.Final/netty-codec-mqtt-4.1.109.Final.jar:/home/runner/.m2/repository/io/netty/netty-codec-redis/4.1.109.Final/netty-codec-redis-4.1.109.Final.jar:/home/runner/.m2/repository/io/netty/netty-codec-smtp/4.1.109.Final/netty-codec-smtp-4.1.109.Final.jar:/home/runner/.m2/repository/io/netty/netty-codec-stomp/4.1.109.Final/netty-codec-stomp-4.1.109.Final.jar:/home/runner/.m2/repository/io/netty/netty-codec-xml/4.1.109.Final/netty-codec-xml-4.1.109.Final.jar:/home/runner/.m2/repository/io/netty/netty-handler-ssl-ocsp/4.1.109.Final/netty-handler-ssl-ocsp-4.1.109.Final.jar:/home/runner/.m2/repository/io/netty/netty-resolver-dns/4.1.109.Final/netty-resolver-dns-4.1.109.Final.jar:/home/runner/.m2/repository/io/netty/netty-transport-rxtx/4.1.109.Final/netty-transport-rxtx-4.1.109.Final.jar:/home/runner/.m2/repository/io/netty/netty-transport-sctp/4.1.109.Final/netty-transport-sctp-4.1.109.Final.jar:/home/runner/.m2/repository/io/netty/netty-transport-udt/4.1.109.Final/netty-transport-udt-4.1.109.Final.jar:/home/runner/.m2/repository/io/netty/netty-transport-classes-kqueue/4.1.109.Final/netty-transport-classes-kqueue-4.1.109.Final.jar:/home/runner/.m2/repository/io/netty/netty-resolver-dns-classes-macos/4.1.109.Final/netty-resolver-dns-classes-macos-4.1.109.Final.jar:/home/runner/.m2/repository/io/netty/netty-transport-native-epoll/4.1.109.Final/netty-transport-native-epoll-4.1.109.Final-linux-aarch_64.jar:/home/runner/.m2/repository/io/netty/netty-transport-native-epoll/4.1.109.Final/netty-transport-native-epoll-4.1.109.Final-linux-riscv64.jar:/home/runner/.m2/repository/io/netty/netty-transport-native-kqueue/4.1.109.Final/netty-transport-native-kqueue-4.1.109.Final-osx-x86_64.jar:/home/runner/.m2/repository/io/netty/netty-transport-native-kqueue/4.1.109.Final/netty-transport-native-kqueue-4.1.109.Final-osx-aarch_64.jar:/home/runner/.m2/repository/io/netty/netty-resolver-dns-native-macos/4.1.109.Final/netty-resolver-dns-native-macos-4.1.109.Final-osx-x86_64.jar:/home/runner/.m2/repository/io/netty/netty-resolver-dns-native-macos/4.1.109.Final/netty-resolver-dns-native-macos-4.1.109.Final-osx-aarch_64.jar:/home/runner/.m2/repository/org/fusesource/leveldbjni/leveldbjni-all/1.8/leveldbjni-all-1.8.jar:/home/runner/.m2/repository/org/apache/hadoop/hadoop-kms/3.4.1/hadoop-kms-3.4.1.jar:/home/runner/.m2/repository/org/apache/hadoop/hadoop-kms/3.4.1/hadoop-kms-3.4.1-tests.jar:/home/runner/.m2/repository/org/apache/hadoop/hadoop-mapreduce-client-core/3.4.1/hadoop-mapreduce-client-core-3.4.1.jar:/home/runner/.m2/repository/org/apache/hadoop/hadoop-yarn-client/3.4.1/hadoop-yarn-client-3.4.1.jar:/home/runner/.m2/repository/org/eclipse/jetty/websocket/websocket-client/9.4.53.v20231009/websocket-client-9.4.53.v20231009.jar:/home/runner/.m2/repository/org/eclipse/jetty/websocket/websocket-common/9.4.53.v20231009/websocket-common-9.4.53.v20231009.jar:/home/runner/.m2/repository/org/eclipse/jetty/websocket/websocket-api/9.4.53.v20231009/websocket-api-9.4.53.v20231009.jar:/home/runner/.m2/repository/org/apache/hadoop/hadoop-yarn-api/3.4.1/hadoop-yarn-api-3.4.1.jar:/home/runner/.m2/repository/org/apache/hadoop/hadoop-yarn-common/3.4.1/hadoop-yarn-common-3.4.1.jar:/home/runner/.m2/repository/javax/xml/bind/jaxb-api/2.2.11/jaxb-api-2.2.11.jar:/home/runner/.m2/repository/com/sun/jersey/contribs/jersey-guice/1.19.4/jersey-guice-1.19.4.jar:/home/runner/.m2/repository/org/apache/hadoop/hadoop-mapreduce-client-jobclient/3.4.1/hadoop-mapreduce-client-jobclient-3.4.1.jar:/home/runner/.m2/repository/org/apache/hadoop/hadoop-mapreduce-client-common/3.4.1/hadoop-mapreduce-client-common-3.4.1.jar:/home/runner/.m2/repository/org/apache/hadoop/hadoop-minikdc/3.4.1/hadoop-minikdc-3.4.1.jar:/home/runner/.m2/repository/org/apache/kerby/kerb-simplekdc/2.0.3/kerb-simplekdc-2.0.3.jar:/home/runner/.m2/repository/org/apache/kerby/kerb-client/2.0.3/kerb-client-2.0.3.jar:/home/runner/.m2/repository/org/apache/kerby/kerb-common/2.0.3/kerb-common-2.0.3.jar:/home/runner/.m2/repository/org/apache/kerby/token-provider/2.0.3/token-provider-2.0.3.jar:/home/runner/.m2/repository/org/apache/kerby/kerb-admin/2.0.3/kerb-admin-2.0.3.jar:/home/runner/.m2/repository/org/apache/kerby/kerb-server/2.0.3/kerb-server-2.0.3.jar:/home/runner/.m2/repository/org/apache/kerby/kerb-identity/2.0.3/kerb-identity-2.0.3.jar:/home/runner/.m2/repository/org/apache/kerby/kerby-xdr/2.0.3/kerby-xdr-2.0.3.jar:/home/runner/.m2/repository/junit/junit/4.13.2/junit-4.13.2.jar:/home/runner/.m2/repository/org/hamcrest/hamcrest-core/1.3/hamcrest-core-1.3.jar:/home/runner/work/ozone/ozone/hadoop-hdds/common/target/hdds-common-2.1.0-SNAPSHOT-tests.jar:/home/runner/.m2/repository/commons-validator/commons-validator/1.6/commons-validator-1.6.jar:/home/runner/.m2/repository/commons-digester/commons-digester/1.8.1/commons-digester-1.8.1.jar:/home/runner/.m2/repository/io/jaegertracing/jaeger-client/1.8.1/jaeger-client-1.8.1.jar:/home/runner/.m2/repository/io/jaegertracing/jaeger-thrift/1.8.1/jaeger-thrift-1.8.1.jar:/home/runner/.m2/repository/org/apache/thrift/libthrift/0.15.0/libthrift-0.15.0.jar:/home/runner/.m2/repository/com/squareup/okhttp3/okhttp/4.12.0/okhttp-4.12.0.jar:/home/runner/.m2/repository/com/squareup/okio/okio/3.6.0/okio-3.6.0.jar:/home/runner/.m2/repository/com/squareup/okio/okio-jvm/3.6.0/okio-jvm-3.6.0.jar:/home/runner/.m2/repository/org/jetbrains/kotlin/kotlin-stdlib-common/1.9.25/kotlin-stdlib-common-1.9.25.jar:/home/runner/.m2/repository/org/jetbrains/kotlin/kotlin-stdlib-jdk8/1.9.25/kotlin-stdlib-jdk8-1.9.25.jar:/home/runner/.m2/repository/org/jetbrains/kotlin/kotlin-stdlib-jdk7/1.9.25/kotlin-stdlib-jdk7-1.9.25.jar:/home/runner/.m2/repository/io/jaegertracing/jaeger-tracerresolver/1.8.1/jaeger-tracerresolver-1.8.1.jar:/home/runner/.m2/repository/io/opentracing/contrib/opentracing-tracerresolver/0.1.8/opentracing-tracerresolver-0.1.8.jar:/home/runner/.m2/repository/io/jaegertracing/jaeger-core/1.8.1/jaeger-core-1.8.1.jar:/home/runner/.m2/repository/javax/annotation/javax.annotation-api/1.3.2/javax.annotation-api-1.3.2.jar:/home/runner/work/ozone/ozone/hadoop-hdds/annotations/target/hdds-annotation-processing-2.1.0-SNAPSHOT.jar:/home/runner/.m2/repository/org/apache/ratis/ratis-metrics-dropwizard3/3.1.2/ratis-metrics-dropwizard3-3.1.2.jar:/home/runner/.m2/repository/org/bouncycastle/bcutil-jdk18on/1.80/bcutil-jdk18on-1.80.jar:/home/runner/.m2/repository/org/jetbrains/kotlin/kotlin-stdlib/1.9.25/kotlin-stdlib-1.9.25.jar:/home/runner/.m2/repository/org/jetbrains/annotations/13.0/annotations-13.0.jar:/home/runner/.m2/repository/org/slf4j/jcl-over-slf4j/2.0.17/jcl-over-slf4j-2.0.17.jar:/home/runner/.m2/repository/org/yaml/snakeyaml/2.0/snakeyaml-2.0.jar:/home/runner/work/ozone/ozone/hadoop-hdds/container-service/target/hdds-container-service-2.1.0-SNAPSHOT-tests.jar:/home/runner/.m2/repository/com/github/luben/zstd-jni/1.5.7-3/zstd-jni-1.5.7-3.jar:/home/runner/.m2/repository/io/netty/netty-buffer/4.1.109.Final/netty-buffer-4.1.109.Final.jar:/home/runner/.m2/repository/io/netty/netty-codec/4.1.109.Final/netty-codec-4.1.109.Final.jar:/home/runner/.m2/repository/log4j/apache-log4j-extras/1.2.17/apache-log4j-extras-1.2.17.jar:/home/runner/work/ozone/ozone/hadoop-hdds/framework/target/hdds-server-framework-2.1.0-SNAPSHOT-tests.jar:/home/runner/.m2/repository/com/github/jnr/jnr-constants/0.10.4/jnr-constants-0.10.4.jar:/home/runner/.m2/repository/com/github/jnr/jnr-posix/3.1.20/jnr-posix-3.1.20.jar:/home/runner/.m2/repository/com/github/jnr/jnr-ffi/2.2.17/jnr-ffi-2.2.17.jar:/home/runner/.m2/repository/com/github/jnr/jffi/1.3.13/jffi-1.3.13.jar:/home/runner/.m2/repository/com/github/jnr/jffi/1.3.13/jffi-1.3.13-native.jar:/home/runner/.m2/repository/org/ow2/asm/asm/9.7.1/asm-9.7.1.jar:/home/runner/.m2/repository/org/ow2/asm/asm-commons/9.7.1/asm-commons-9.7.1.jar:/home/runner/.m2/repository/org/ow2/asm/asm-analysis/9.7.1/asm-analysis-9.7.1.jar:/home/runner/.m2/repository/org/ow2/asm/asm-tree/9.7.1/asm-tree-9.7.1.jar:/home/runner/.m2/repository/org/ow2/asm/asm-util/9.7.1/asm-util-9.7.1.jar:/home/runner/.m2/repository/com/github/jnr/jnr-a64asm/1.0.0/jnr-a64asm-1.0.0.jar:/home/runner/.m2/repository/com/github/jnr/jnr-x86asm/1.0.2/jnr-x86asm-1.0.2.jar:/home/runner/.m2/repository/commons-fileupload/commons-fileupload/1.5/commons-fileupload-1.5.jar:/home/runner/.m2/repository/io/prometheus/simpleclient/0.16.0/simpleclient-0.16.0.jar:/home/runner/.m2/repository/io/prometheus/simpleclient_common/0.16.0/simpleclient_common-0.16.0.jar:/home/runner/.m2/repository/io/prometheus/simpleclient_dropwizard/0.16.0/simpleclient_dropwizard-0.16.0.jar:/home/runner/.m2/repository/org/apache/logging/log4j/log4j-core/2.24.2/log4j-core-2.24.2.jar:/home/runner/.m2/repository/org/eclipse/jetty/jetty-http/9.4.57.v20241219/jetty-http-9.4.57.v20241219.jar:/home/runner/.m2/repository/com/lmax/disruptor/3.4.4/disruptor-3.4.4.jar:/home/runner/.m2/repository/com/nimbusds/nimbus-jose-jwt/9.40/nimbus-jose-jwt-9.40.jar:/home/runner/.m2/repository/org/apache/kerby/kerb-util/1.0.1/kerb-util-1.0.1.jar:/home/runner/.m2/repository/org/apache/kerby/kerby-config/1.0.1/kerby-config-1.0.1.jar:/home/runner/.m2/repository/org/apache/kerby/kerb-crypto/1.0.1/kerb-crypto-1.0.1.jar:/home/runner/work/ozone/ozone/hadoop-hdds/server-scm/target/hdds-server-scm-2.1.0-SNAPSHOT-tests.jar:/home/runner/work/ozone/ozone/hadoop-hdds/test-utils/target/hdds-test-utils-2.1.0-SNAPSHOT-tests.jar:/home/runner/work/ozone/ozone/hadoop-ozone/ozone-manager/target/ozone-manager-2.1.0-SNAPSHOT-tests.jar:/home/runner/work/ozone/ozone/hadoop-ozone/mini-cluster/target/ozone-mini-cluster-2.1.0-SNAPSHOT.jar:/home/runner/.m2/repository/org/assertj/assertj-core/3.27.3/assertj-core-3.27.3.jar:/home/runner/.m2/repository/net/bytebuddy/byte-buddy/1.15.11/byte-buddy-1.15.11.jar:/home/runner/.m2/repository/org/junit/jupiter/junit-jupiter-api/5.12.2/junit-jupiter-api-5.12.2.jar:/home/runner/.m2/repository/org/opentest4j/opentest4j/1.3.0/opentest4j-1.3.0.jar:/home/runner/.m2/repository/org/junit/platform/junit-platform-commons/1.12.2/junit-platform-commons-1.12.2.jar:/home/runner/.m2/repository/org/apiguardian/apiguardian-api/1.1.2/apiguardian-api-1.1.2.jar:/home/runner/.m2/repository/org/junit/jupiter/junit-jupiter-params/5.12.2/junit-jupiter-params-5.12.2.jar:/home/runner/.m2/repository/org/mockito/mockito-core/4.11.0/mockito-core-4.11.0.jar:/home/runner/.m2/repository/net/bytebuddy/byte-buddy-agent/1.12.19/byte-buddy-agent-1.12.19.jar:/home/runner/.m2/repository/org/objenesis/objenesis/3.3/objenesis-3.3.jar:/home/runner/.m2/repository/org/mockito/mockito-inline/4.11.0/mockito-inline-4.11.0.jar:/home/runner/.m2/repository/org/mockito/mockito-junit-jupiter/4.11.0/mockito-junit-jupiter-4.11.0.jar:/home/runner/work/ozone/ozone/hadoop-ozone/integration-test/target/gradle-enterprise/test-listeners.jar:"/>
    <property name="java.vm.vendor" value="Eclipse Adoptium"/>
    <property name="sun.arch.data.model" value="64"/>
    <property name="test.build.dir" value="/home/runner/work/ozone/ozone/hadoop-ozone/integration-test/target/test-dir"/>
    <property name="test.cache.data" value=""/>
    <property name="java.vendor.url" value="https://adoptium.net/"/>
    <property name="user.timezone" value="Etc/UTC"/>
    <property name="maven-surefire-plugin.argLineAccessArgs" value=" --add-opens java.management/com.sun.jmx.mbeanserver=ALL-UNNAMED --add-exports java.management/com.sun.jmx.mbeanserver=ALL-UNNAMED --add-opens java.base/java.nio=ALL-UNNAMED --add-opens java.base/java.lang=ALL-UNNAMED --add-opens java.base/java.lang.reflect=ALL-UNNAMED"/>
    <property name="java.vm.specification.version" value="21"/>
    <property name="os.name" value="Linux"/>
    <property name="test.build.data" value="/home/runner/work/ozone/ozone/hadoop-ozone/integration-test/target/test-dir"/>
    <property name="sun.java.launcher" value="SUN_STANDARD"/>
    <property name="sun.boot.library.path" value="/usr/lib/jvm/temurin-21-jdk-amd64/lib"/>
    <property name="derby.stream.error.method" value="org.apache.ozone.recon.schema.SqlDbUtils.disableDerbyLogFile"/>
    <property name="sun.java.command" value="/home/runner/work/ozone/ozone/hadoop-ozone/integration-test/target/surefire/surefirebooter-20250512174454249_564.jar /home/runner/work/ozone/ozone/hadoop-ozone/integration-test/target/surefire 2025-05-12T17-34-12_991-jvmRun1 surefire-20250512174454249_562tmp surefire_58-20250512174454249_563tmp"/>
    <property name="jdk.debug" value="release"/>
    <property name="native.lib.tmp.dir" value="/tmp"/>
    <property name="surefire.test.class.path" value="/home/runner/work/ozone/ozone/hadoop-ozone/integration-test/target/test-classes:/home/runner/work/ozone/ozone/hadoop-ozone/integration-test/target/classes:/home/runner/work/ozone/ozone/hadoop-hdds/server-scm/target/hdds-server-scm-2.1.0-SNAPSHOT.jar:/home/runner/.m2/repository/com/fasterxml/jackson/core/jackson-annotations/2.16.2/jackson-annotations-2.16.2.jar:/home/runner/.m2/repository/com/fasterxml/jackson/core/jackson-core/2.16.2/jackson-core-2.16.2.jar:/home/runner/.m2/repository/com/fasterxml/jackson/core/jackson-databind/2.16.2/jackson-databind-2.16.2.jar:/home/runner/.m2/repository/com/google/guava/guava/32.1.3-jre/guava-32.1.3-jre.jar:/home/runner/.m2/repository/com/google/guava/failureaccess/1.0.1/failureaccess-1.0.1.jar:/home/runner/.m2/repository/com/google/guava/listenablefuture/9999.0-empty-to-avoid-conflict-with-guava/listenablefuture-9999.0-empty-to-avoid-conflict-with-guava.jar:/home/runner/.m2/repository/org/checkerframework/checker-qual/3.37.0/checker-qual-3.37.0.jar:/home/runner/.m2/repository/com/google/errorprone/error_prone_annotations/2.29.2/error_prone_annotations-2.29.2.jar:/home/runner/.m2/repository/com/google/j2objc/j2objc-annotations/2.8/j2objc-annotations-2.8.jar:/home/runner/.m2/repository/com/google/protobuf/protobuf-java/2.5.0/protobuf-java-2.5.0.jar:/home/runner/.m2/repository/commons-collections/commons-collections/3.2.2/commons-collections-3.2.2.jar:/home/runner/.m2/repository/commons-io/commons-io/2.18.0/commons-io-2.18.0.jar:/home/runner/.m2/repository/info/picocli/picocli/4.7.7/picocli-4.7.7.jar:/home/runner/.m2/repository/io/dropwizard/metrics/metrics-core/3.2.6/metrics-core-3.2.6.jar:/home/runner/.m2/repository/jakarta/annotation/jakarta.annotation-api/2.1.1/jakarta.annotation-api-2.1.1.jar:/home/runner/.m2/repository/javax/servlet/javax.servlet-api/3.1.0/javax.servlet-api-3.1.0.jar:/home/runner/.m2/repository/org/apache/commons/commons-compress/1.27.1/commons-compress-1.27.1.jar:/home/runner/.m2/repository/org/apache/commons/commons-text/1.12.0/commons-text-1.12.0.jar:/home/runner/.m2/repository/org/apache/hadoop/hadoop-auth/3.4.1/hadoop-auth-3.4.1.jar:/home/runner/.m2/repository/org/apache/hadoop/hadoop-common/3.4.1/hadoop-common-3.4.1.jar:/home/runner/work/ozone/ozone/hadoop-hdds/client/target/hdds-client-2.1.0-SNAPSHOT.jar:/home/runner/work/ozone/ozone/hadoop-hdds/common/target/hdds-common-2.1.0-SNAPSHOT.jar:/home/runner/work/ozone/ozone/hadoop-hdds/config/target/hdds-config-2.1.0-SNAPSHOT.jar:/home/runner/work/ozone/ozone/hadoop-hdds/container-service/target/hdds-container-service-2.1.0-SNAPSHOT.jar:/home/runner/work/ozone/ozone/hadoop-hdds/interface-admin/target/hdds-interface-admin-2.1.0-SNAPSHOT.jar:/home/runner/work/ozone/ozone/hadoop-hdds/interface-client/target/hdds-interface-client-2.1.0-SNAPSHOT.jar:/home/runner/work/ozone/ozone/hadoop-hdds/interface-server/target/hdds-interface-server-2.1.0-SNAPSHOT.jar:/home/runner/work/ozone/ozone/hadoop-hdds/framework/target/hdds-server-framework-2.1.0-SNAPSHOT.jar:/home/runner/.m2/repository/org/apache/ratis/ratis-client/3.1.2/ratis-client-3.1.2.jar:/home/runner/.m2/repository/org/apache/ratis/ratis-common/3.1.2/ratis-common-3.1.2.jar:/home/runner/.m2/repository/org/apache/ratis/ratis-grpc/3.1.2/ratis-grpc-3.1.2.jar:/home/runner/.m2/repository/org/apache/ratis/ratis-netty/3.1.2/ratis-netty-3.1.2.jar:/home/runner/.m2/repository/org/apache/ratis/ratis-proto/3.1.2/ratis-proto-3.1.2.jar:/home/runner/.m2/repository/org/apache/ratis/ratis-server-api/3.1.2/ratis-server-api-3.1.2.jar:/home/runner/.m2/repository/org/apache/ratis/ratis-thirdparty-misc/1.0.6/ratis-thirdparty-misc-1.0.6.jar:/home/runner/.m2/repository/org/bouncycastle/bcpkix-jdk18on/1.80/bcpkix-jdk18on-1.80.jar:/home/runner/.m2/repository/org/bouncycastle/bcprov-jdk18on/1.80/bcprov-jdk18on-1.80.jar:/home/runner/.m2/repository/org/eclipse/jetty/jetty-webapp/9.4.57.v20241219/jetty-webapp-9.4.57.v20241219.jar:/home/runner/.m2/repository/org/eclipse/jetty/jetty-xml/9.4.57.v20241219/jetty-xml-9.4.57.v20241219.jar:/home/runner/.m2/repository/org/slf4j/slf4j-api/2.0.17/slf4j-api-2.0.17.jar:/home/runner/work/ozone/ozone/hadoop-ozone/cli-admin/target/ozone-cli-admin-2.1.0-SNAPSHOT.jar:/home/runner/.m2/repository/com/fasterxml/jackson/datatype/jackson-datatype-jsr310/2.16.2/jackson-datatype-jsr310-2.16.2.jar:/home/runner/.m2/repository/org/apache/hadoop/hadoop-hdfs-client/3.4.1/hadoop-hdfs-client-3.4.1.jar:/home/runner/work/ozone/ozone/hadoop-ozone/interface-client/target/ozone-interface-client-2.1.0-SNAPSHOT.jar:/home/runner/.m2/repository/commons-codec/commons-codec/1.17.1/commons-codec-1.17.1.jar:/home/runner/work/ozone/ozone/hadoop-ozone/cli-shell/target/ozone-cli-shell-2.1.0-SNAPSHOT.jar:/home/runner/.m2/repository/info/picocli/picocli-shell-jline3/4.7.7/picocli-shell-jline3-4.7.7.jar:/home/runner/.m2/repository/jakarta/xml/bind/jakarta.xml.bind-api/2.3.3/jakarta.xml.bind-api-2.3.3.jar:/home/runner/.m2/repository/org/apache/httpcomponents/httpclient/4.5.14/httpclient-4.5.14.jar:/home/runner/work/ozone/ozone/hadoop-ozone/ozonefs-common/target/ozone-filesystem-common-2.1.0-SNAPSHOT.jar:/home/runner/.m2/repository/org/jline/jline/3.30.0/jline-3.30.0.jar:/home/runner/.m2/repository/org/slf4j/slf4j-reload4j/2.0.17/slf4j-reload4j-2.0.17.jar:/home/runner/work/ozone/ozone/hadoop-ozone/client/target/ozone-client-2.1.0-SNAPSHOT.jar:/home/runner/.m2/repository/com/github/stephenc/jcip/jcip-annotations/1.0-1/jcip-annotations-1.0-1.jar:/home/runner/work/ozone/ozone/hadoop-hdds/erasurecode/target/hdds-erasurecode-2.1.0-SNAPSHOT.jar:/home/runner/work/ozone/ozone/hadoop-ozone/common/target/ozone-common-2.1.0-SNAPSHOT.jar:/home/runner/.m2/repository/io/grpc/grpc-api/1.58.0/grpc-api-1.58.0.jar:/home/runner/.m2/repository/io/grpc/grpc-netty/1.58.0/grpc-netty-1.58.0.jar:/home/runner/.m2/repository/io/grpc/grpc-core/1.58.0/grpc-core-1.58.0.jar:/home/runner/.m2/repository/com/google/android/annotations/4.1.1.4/annotations-4.1.1.4.jar:/home/runner/.m2/repository/org/codehaus/mojo/animal-sniffer-annotations/1.23/animal-sniffer-annotations-1.23.jar:/home/runner/.m2/repository/io/grpc/grpc-context/1.58.0/grpc-context-1.58.0.jar:/home/runner/.m2/repository/io/grpc/grpc-util/1.58.0/grpc-util-1.58.0.jar:/home/runner/.m2/repository/io/perfmark/perfmark-api/0.26.0/perfmark-api-0.26.0.jar:/home/runner/.m2/repository/io/netty/netty-codec-http2/4.1.109.Final/netty-codec-http2-4.1.109.Final.jar:/home/runner/.m2/repository/io/netty/netty-codec-http/4.1.109.Final/netty-codec-http-4.1.109.Final.jar:/home/runner/.m2/repository/io/netty/netty-common/4.1.109.Final/netty-common-4.1.109.Final.jar:/home/runner/.m2/repository/io/netty/netty-handler/4.1.109.Final/netty-handler-4.1.109.Final.jar:/home/runner/.m2/repository/io/netty/netty-resolver/4.1.109.Final/netty-resolver-4.1.109.Final.jar:/home/runner/.m2/repository/io/netty/netty-handler-proxy/4.1.109.Final/netty-handler-proxy-4.1.109.Final.jar:/home/runner/.m2/repository/io/netty/netty-codec-socks/4.1.109.Final/netty-codec-socks-4.1.109.Final.jar:/home/runner/.m2/repository/org/apache/httpcomponents/httpcore/4.4.16/httpcore-4.4.16.jar:/home/runner/.m2/repository/io/netty/netty-tcnative-boringssl-static/2.0.65.Final/netty-tcnative-boringssl-static-2.0.65.Final.jar:/home/runner/.m2/repository/io/netty/netty-tcnative-classes/2.0.65.Final/netty-tcnative-classes-2.0.65.Final.jar:/home/runner/.m2/repository/io/netty/netty-tcnative-boringssl-static/2.0.65.Final/netty-tcnative-boringssl-static-2.0.65.Final-linux-x86_64.jar:/home/runner/.m2/repository/io/netty/netty-tcnative-boringssl-static/2.0.65.Final/netty-tcnative-boringssl-static-2.0.65.Final-linux-aarch_64.jar:/home/runner/.m2/repository/io/netty/netty-tcnative-boringssl-static/2.0.65.Final/netty-tcnative-boringssl-static-2.0.65.Final-osx-x86_64.jar:/home/runner/.m2/repository/io/netty/netty-tcnative-boringssl-static/2.0.65.Final/netty-tcnative-boringssl-static-2.0.65.Final-osx-aarch_64.jar:/home/runner/.m2/repository/io/netty/netty-tcnative-boringssl-static/2.0.65.Final/netty-tcnative-boringssl-static-2.0.65.Final-windows-x86_64.jar:/home/runner/work/ozone/ozone/hadoop-ozone/csi/target/ozone-csi-2.1.0-SNAPSHOT.jar:/home/runner/.m2/repository/ch/qos/reload4j/reload4j/1.2.26/reload4j-1.2.26.jar:/home/runner/.m2/repository/com/google/protobuf/protobuf-java-util/3.19.6/protobuf-java-util-3.19.6.jar:/home/runner/.m2/repository/io/grpc/grpc-protobuf/1.58.0/grpc-protobuf-1.58.0.jar:/home/runner/.m2/repository/com/google/api/grpc/proto-google-common-protos/2.22.0/proto-google-common-protos-2.22.0.jar:/home/runner/.m2/repository/io/grpc/grpc-protobuf-lite/1.58.0/grpc-protobuf-lite-1.58.0.jar:/home/runner/.m2/repository/io/grpc/grpc-stub/1.58.0/grpc-stub-1.58.0.jar:/home/runner/.m2/repository/io/netty/netty-transport/4.1.109.Final/netty-transport-4.1.109.Final.jar:/home/runner/.m2/repository/io/netty/netty-transport-classes-epoll/4.1.109.Final/netty-transport-classes-epoll-4.1.109.Final.jar:/home/runner/.m2/repository/io/netty/netty-transport-native-epoll/4.1.109.Final/netty-transport-native-epoll-4.1.109.Final-linux-x86_64.jar:/home/runner/.m2/repository/io/netty/netty-transport-native-unix-common/4.1.109.Final/netty-transport-native-unix-common-4.1.109.Final.jar:/home/runner/work/ozone/ozone/hadoop-ozone/ozonefs/target/ozone-filesystem-2.1.0-SNAPSHOT.jar:/home/runner/.m2/repository/io/opentracing/opentracing-api/0.33.0/opentracing-api-0.33.0.jar:/home/runner/.m2/repository/io/opentracing/opentracing-util/0.33.0/opentracing-util-0.33.0.jar:/home/runner/.m2/repository/io/opentracing/opentracing-noop/0.33.0/opentracing-noop-0.33.0.jar:/home/runner/work/ozone/ozone/hadoop-ozone/freon/target/ozone-freon-2.1.0-SNAPSHOT.jar:/home/runner/.m2/repository/com/amazonaws/aws-java-sdk-core/1.12.661/aws-java-sdk-core-1.12.661.jar:/home/runner/.m2/repository/com/fasterxml/jackson/dataformat/jackson-dataformat-cbor/2.16.2/jackson-dataformat-cbor-2.16.2.jar:/home/runner/.m2/repository/joda-time/joda-time/2.12.7/joda-time-2.12.7.jar:/home/runner/.m2/repository/com/amazonaws/aws-java-sdk-s3/1.12.661/aws-java-sdk-s3-1.12.661.jar:/home/runner/.m2/repository/com/amazonaws/aws-java-sdk-kms/1.12.661/aws-java-sdk-kms-1.12.661.jar:/home/runner/.m2/repository/com/amazonaws/jmespath-java/1.12.661/jmespath-java-1.12.661.jar:/home/runner/.m2/repository/org/apache/hadoop/hadoop-hdfs/3.4.1/hadoop-hdfs-3.4.1.jar:/home/runner/work/ozone/ozone/hadoop-ozone/interface-storage/target/ozone-interface-storage-2.1.0-SNAPSHOT.jar:/home/runner/.m2/repository/org/kohsuke/metainf-services/metainf-services/1.11/metainf-services-1.11.jar:/home/runner/work/ozone/ozone/hadoop-ozone/ozone-manager/target/ozone-manager-2.1.0-SNAPSHOT.jar:/home/runner/.m2/repository/com/sun/jersey/jersey-client/1.19.4/jersey-client-1.19.4.jar:/home/runner/.m2/repository/org/apache/kerby/kerby-util/1.0.1/kerby-util-1.0.1.jar:/home/runner/.m2/repository/org/apache/logging/log4j/log4j-api/2.24.2/log4j-api-2.24.2.jar:/home/runner/work/ozone/ozone/hadoop-hdds/managed-rocksdb/target/hdds-managed-rocksdb-2.1.0-SNAPSHOT.jar:/home/runner/work/ozone/ozone/hadoop-hdds/rocks-native/target/hdds-rocks-native-2.1.0-SNAPSHOT.jar:/home/runner/.m2/repository/org/eclipse/jetty/jetty-io/9.4.57.v20241219/jetty-io-9.4.57.v20241219.jar:/home/runner/work/ozone/ozone/hadoop-hdds/rocksdb-checkpoint-differ/target/rocksdb-checkpoint-differ-2.1.0-SNAPSHOT.jar:/home/runner/.m2/repository/com/github/vlsi/mxgraph/jgraphx/3.9.12/jgraphx-3.9.12.jar:/home/runner/.m2/repository/org/jgrapht/jgrapht-core/1.4.0/jgrapht-core-1.4.0.jar:/home/runner/.m2/repository/org/jheaps/jheaps/0.11/jheaps-0.11.jar:/home/runner/.m2/repository/org/jgrapht/jgrapht-ext/1.4.0/jgrapht-ext-1.4.0.jar:/home/runner/.m2/repository/org/apache/ranger/ranger-intg/2.6.0/ranger-intg-2.6.0.jar:/home/runner/.m2/repository/org/apache/ranger/ranger-plugins-common/2.6.0/ranger-plugins-common-2.6.0.jar:/home/runner/.m2/repository/com/fasterxml/jackson/jaxrs/jackson-jaxrs-base/2.16.2/jackson-jaxrs-base-2.16.2.jar:/home/runner/.m2/repository/com/fasterxml/jackson/jaxrs/jackson-jaxrs-json-provider/2.16.2/jackson-jaxrs-json-provider-2.16.2.jar:/home/runner/.m2/repository/com/kstruct/gethostname4j/1.0.0/gethostname4j-1.0.0.jar:/home/runner/.m2/repository/commons-lang/commons-lang/2.6/commons-lang-2.6.jar:/home/runner/.m2/repository/net/java/dev/jna/jna/5.2.0/jna-5.2.0.jar:/home/runner/.m2/repository/net/java/dev/jna/jna-platform/5.2.0/jna-platform-5.2.0.jar:/home/runner/.m2/repository/org/apache/ranger/ranger-plugin-classloader/2.6.0/ranger-plugin-classloader-2.6.0.jar:/home/runner/.m2/repository/org/apache/ranger/ranger-plugins-audit/2.6.0/ranger-plugins-audit-2.6.0.jar:/home/runner/.m2/repository/com/amazonaws/aws-java-sdk-logs/1.12.765/aws-java-sdk-logs-1.12.765.jar:/home/runner/.m2/repository/com/carrotsearch/hppc/0.8.0/hppc-0.8.0.jar:/home/runner/.m2/repository/io/airlift/aircompressor/0.27/aircompressor-0.27.jar:/home/runner/.m2/repository/org/apache/httpcomponents/httpasyncclient/4.1.4/httpasyncclient-4.1.4.jar:/home/runner/.m2/repository/org/apache/httpcomponents/httpcore-nio/4.4.16/httpcore-nio-4.4.16.jar:/home/runner/.m2/repository/org/apache/httpcomponents/httpmime/4.5.13/httpmime-4.5.13.jar:/home/runner/.m2/repository/org/apache/orc/orc-core/1.5.8/orc-core-1.5.8.jar:/home/runner/.m2/repository/org/apache/orc/orc-shims/1.5.8/orc-shims-1.5.8.jar:/home/runner/.m2/repository/org/eclipse/jetty/jetty-client/9.4.57.v20241219/jetty-client-9.4.57.v20241219.jar:/home/runner/.m2/repository/org/apache/ranger/ranger-plugins-cred/2.6.0/ranger-plugins-cred-2.6.0.jar:/home/runner/.m2/repository/org/aspectj/aspectjrt/1.9.7/aspectjrt-1.9.7.jar:/home/runner/.m2/repository/org/aspectj/aspectjweaver/1.9.7/aspectjweaver-1.9.7.jar:/home/runner/.m2/repository/org/eclipse/jetty/jetty-util/9.4.57.v20241219/jetty-util-9.4.57.v20241219.jar:/home/runner/.m2/repository/org/reflections/reflections/0.10.2/reflections-0.10.2.jar:/home/runner/.m2/repository/org/rocksdb/rocksdbjni/7.7.3/rocksdbjni-7.7.3.jar:/home/runner/work/ozone/ozone/hadoop-ozone/recon/target/ozone-recon-2.1.0-SNAPSHOT.jar:/home/runner/.m2/repository/aopalliance/aopalliance/1.0/aopalliance-1.0.jar:/home/runner/.m2/repository/com/google/inject/guice/6.0.0/guice-6.0.0.jar:/home/runner/.m2/repository/jakarta/inject/jakarta.inject-api/2.0.1/jakarta.inject-api-2.0.1.jar:/home/runner/.m2/repository/com/google/inject/extensions/guice-assistedinject/6.0.0/guice-assistedinject-6.0.0.jar:/home/runner/.m2/repository/com/google/inject/extensions/guice-servlet/6.0.0/guice-servlet-6.0.0.jar:/home/runner/.m2/repository/com/jolbox/bonecp/0.8.0.RELEASE/bonecp-0.8.0.RELEASE.jar:/home/runner/.m2/repository/jakarta/activation/jakarta.activation-api/1.2.2/jakarta.activation-api-1.2.2.jar:/home/runner/.m2/repository/jakarta/validation/jakarta.validation-api/2.0.2/jakarta.validation-api-2.0.2.jar:/home/runner/.m2/repository/jakarta/ws/rs/jakarta.ws.rs-api/2.1.6/jakarta.ws.rs-api-2.1.6.jar:/home/runner/.m2/repository/javax/inject/javax.inject/1/javax.inject-1.jar:/home/runner/.m2/repository/org/apache/derby/derby/10.14.2.0/derby-10.14.2.0.jar:/home/runner/work/ozone/ozone/hadoop-ozone/recon-codegen/target/ozone-reconcodegen-2.1.0-SNAPSHOT.jar:/home/runner/.m2/repository/org/eclipse/jetty/jetty-servlet/9.4.57.v20241219/jetty-servlet-9.4.57.v20241219.jar:/home/runner/.m2/repository/org/eclipse/jetty/jetty-security/9.4.57.v20241219/jetty-security-9.4.57.v20241219.jar:/home/runner/.m2/repository/org/glassfish/hk2/guice-bridge/2.6.1/guice-bridge-2.6.1.jar:/home/runner/.m2/repository/org/glassfish/hk2/hk2-api/2.6.1/hk2-api-2.6.1.jar:/home/runner/.m2/repository/org/glassfish/hk2/hk2-utils/2.6.1/hk2-utils-2.6.1.jar:/home/runner/.m2/repository/org/glassfish/hk2/external/aopalliance-repackaged/2.6.1/aopalliance-repackaged-2.6.1.jar:/home/runner/.m2/repository/org/glassfish/hk2/external/jakarta.inject/2.6.1/jakarta.inject-2.6.1.jar:/home/runner/.m2/repository/org/glassfish/jersey/containers/jersey-container-servlet/2.46/jersey-container-servlet-2.46.jar:/home/runner/.m2/repository/org/glassfish/jersey/containers/jersey-container-servlet-core/2.46/jersey-container-servlet-core-2.46.jar:/home/runner/.m2/repository/org/glassfish/jersey/core/jersey-common/2.46/jersey-common-2.46.jar:/home/runner/.m2/repository/org/glassfish/hk2/osgi-resource-locator/1.0.3/osgi-resource-locator-1.0.3.jar:/home/runner/.m2/repository/org/glassfish/jersey/core/jersey-server/2.46/jersey-server-2.46.jar:/home/runner/.m2/repository/org/glassfish/jersey/core/jersey-client/2.46/jersey-client-2.46.jar:/home/runner/.m2/repository/org/glassfish/jersey/inject/jersey-hk2/2.46/jersey-hk2-2.46.jar:/home/runner/.m2/repository/org/glassfish/hk2/hk2-locator/2.6.1/hk2-locator-2.6.1.jar:/home/runner/.m2/repository/org/glassfish/jersey/media/jersey-media-jaxb/2.46/jersey-media-jaxb-2.46.jar:/home/runner/.m2/repository/org/glassfish/jersey/media/jersey-media-json-jackson/2.46/jersey-media-json-jackson-2.46.jar:/home/runner/.m2/repository/org/glassfish/jersey/ext/jersey-entity-filtering/2.46/jersey-entity-filtering-2.46.jar:/home/runner/.m2/repository/com/fasterxml/jackson/module/jackson-module-jaxb-annotations/2.16.2/jackson-module-jaxb-annotations-2.16.2.jar:/home/runner/.m2/repository/org/javassist/javassist/3.30.2-GA/javassist-3.30.2-GA.jar:/home/runner/.m2/repository/org/jooq/jooq/3.11.10/jooq-3.11.10.jar:/home/runner/.m2/repository/org/jooq/jooq-codegen/3.11.10/jooq-codegen-3.11.10.jar:/home/runner/.m2/repository/org/jooq/jooq-meta/3.11.10/jooq-meta-3.11.10.jar:/home/runner/.m2/repository/org/springframework/spring-core/5.3.39/spring-core-5.3.39.jar:/home/runner/.m2/repository/org/springframework/spring-jdbc/5.3.39/spring-jdbc-5.3.39.jar:/home/runner/.m2/repository/org/springframework/spring-beans/5.3.39/spring-beans-5.3.39.jar:/home/runner/.m2/repository/org/springframework/spring-tx/5.3.39/spring-tx-5.3.39.jar:/home/runner/.m2/repository/org/xerial/sqlite-jdbc/3.49.1.0/sqlite-jdbc-3.49.1.0.jar:/home/runner/work/ozone/ozone/hadoop-ozone/s3gateway/target/ozone-s3gateway-2.1.0-SNAPSHOT.jar:/home/runner/work/ozone/ozone/hadoop-ozone/tools/target/ozone-tools-2.1.0-SNAPSHOT.jar:/home/runner/.m2/repository/org/apache/ratis/ratis-shell/3.1.2/ratis-shell-3.1.2.jar:/home/runner/.m2/repository/org/apache/ratis/ratis-tools/3.1.2/ratis-tools-3.1.2.jar:/home/runner/.m2/repository/org/glassfish/jaxb/jaxb-runtime/2.3.9/jaxb-runtime-2.3.9.jar:/home/runner/.m2/repository/org/glassfish/jaxb/txw2/2.3.9/txw2-2.3.9.jar:/home/runner/.m2/repository/com/sun/istack/istack-commons-runtime/3.0.12/istack-commons-runtime-3.0.12.jar:/home/runner/.m2/repository/com/sun/activation/jakarta.activation/1.2.2/jakarta.activation-1.2.2.jar:/home/runner/.m2/repository/org/apache/ratis/ratis-server/3.1.2/ratis-server-3.1.2.jar:/home/runner/.m2/repository/org/apache/ratis/ratis-metrics-api/3.1.2/ratis-metrics-api-3.1.2.jar:/home/runner/.m2/repository/org/hamcrest/hamcrest/2.2/hamcrest-2.2.jar:/home/runner/.m2/repository/org/slf4j/jul-to-slf4j/2.0.17/jul-to-slf4j-2.0.17.jar:/home/runner/.m2/repository/org/apache/commons/commons-lang3/3.17.0/commons-lang3-3.17.0.jar:/home/runner/.m2/repository/org/apache/hadoop/hadoop-common/3.4.1/hadoop-common-3.4.1-tests.jar:/home/runner/.m2/repository/org/apache/hadoop/thirdparty/hadoop-shaded-protobuf_3_25/1.4.0/hadoop-shaded-protobuf_3_25-1.4.0.jar:/home/runner/.m2/repository/org/apache/hadoop/hadoop-annotations/3.4.1/hadoop-annotations-3.4.1.jar:/home/runner/.m2/repository/org/apache/hadoop/thirdparty/hadoop-shaded-guava/1.3.0/hadoop-shaded-guava-1.3.0.jar:/home/runner/.m2/repository/commons-cli/commons-cli/1.8.0/commons-cli-1.8.0.jar:/home/runner/.m2/repository/org/apache/commons/commons-math3/3.6.1/commons-math3-3.6.1.jar:/home/runner/.m2/repository/commons-net/commons-net/3.11.1/commons-net-3.11.1.jar:/home/runner/.m2/repository/org/eclipse/jetty/jetty-server/9.4.57.v20241219/jetty-server-9.4.57.v20241219.jar:/home/runner/.m2/repository/javax/servlet/jsp/jsp-api/2.1/jsp-api-2.1.jar:/home/runner/.m2/repository/com/sun/jersey/jersey-core/1.19.4/jersey-core-1.19.4.jar:/home/runner/.m2/repository/javax/ws/rs/jsr311-api/1.1.1/jsr311-api-1.1.1.jar:/home/runner/.m2/repository/com/sun/jersey/jersey-servlet/1.19.4/jersey-servlet-1.19.4.jar:/home/runner/.m2/repository/com/github/pjfanning/jersey-json/1.22.0/jersey-json-1.22.0.jar:/home/runner/.m2/repository/com/sun/xml/bind/jaxb-impl/2.2.3-1/jaxb-impl-2.2.3-1.jar:/home/runner/.m2/repository/org/codehaus/jettison/jettison/1.5.4/jettison-1.5.4.jar:/home/runner/.m2/repository/com/sun/jersey/jersey-server/1.19.4/jersey-server-1.19.4.jar:/home/runner/.m2/repository/commons-beanutils/commons-beanutils/1.9.4/commons-beanutils-1.9.4.jar:/home/runner/.m2/repository/org/apache/commons/commons-configuration2/2.11.0/commons-configuration2-2.11.0.jar:/home/runner/.m2/repository/org/apache/avro/avro/1.9.2/avro-1.9.2.jar:/home/runner/.m2/repository/com/google/re2j/re2j/1.7/re2j-1.7.jar:/home/runner/.m2/repository/com/google/code/gson/gson/2.10.1/gson-2.10.1.jar:/home/runner/.m2/repository/com/jcraft/jsch/0.1.55/jsch-0.1.55.jar:/home/runner/.m2/repository/org/apache/curator/curator-client/4.2.0/curator-client-4.2.0.jar:/home/runner/.m2/repository/org/apache/curator/curator-recipes/5.2.0/curator-recipes-5.2.0.jar:/home/runner/.m2/repository/org/apache/curator/curator-framework/4.2.0/curator-framework-4.2.0.jar:/home/runner/.m2/repository/com/google/code/findbugs/jsr305/3.0.2/jsr305-3.0.2.jar:/home/runner/.m2/repository/org/apache/zookeeper/zookeeper/3.8.4/zookeeper-3.8.4.jar:/home/runner/.m2/repository/org/apache/zookeeper/zookeeper-jute/3.8.4/zookeeper-jute-3.8.4.jar:/home/runner/.m2/repository/org/apache/yetus/audience-annotations/0.12.0/audience-annotations-0.12.0.jar:/home/runner/.m2/repository/io/netty/netty-transport-native-epoll/4.1.109.Final/netty-transport-native-epoll-4.1.109.Final.jar:/home/runner/.m2/repository/org/apache/kerby/kerb-core/1.0.1/kerb-core-1.0.1.jar:/home/runner/.m2/repository/org/apache/kerby/kerby-pkix/1.0.1/kerby-pkix-1.0.1.jar:/home/runner/.m2/repository/org/apache/kerby/kerby-asn1/1.0.1/kerby-asn1-1.0.1.jar:/home/runner/.m2/repository/org/codehaus/woodstox/stax2-api/4.2.1/stax2-api-4.2.1.jar:/home/runner/.m2/repository/com/fasterxml/woodstox/woodstox-core/5.4.0/woodstox-core-5.4.0.jar:/home/runner/.m2/repository/dnsjava/dnsjava/3.6.1/dnsjava-3.6.1.jar:/home/runner/.m2/repository/org/xerial/snappy/snappy-java/1.1.10.7/snappy-java-1.1.10.7.jar:/home/runner/.m2/repository/org/apache/hadoop/hadoop-distcp/3.4.1/hadoop-distcp-3.4.1.jar:/home/runner/.m2/repository/org/apache/hadoop/hadoop-distcp/3.4.1/hadoop-distcp-3.4.1-tests.jar:/home/runner/.m2/repository/org/apache/hadoop/hadoop-hdfs/3.4.1/hadoop-hdfs-3.4.1-tests.jar:/home/runner/.m2/repository/org/eclipse/jetty/jetty-util-ajax/9.4.57.v20241219/jetty-util-ajax-9.4.57.v20241219.jar:/home/runner/.m2/repository/commons-daemon/commons-daemon/1.4.0/commons-daemon-1.4.0.jar:/home/runner/.m2/repository/io/netty/netty-all/4.1.109.Final/netty-all-4.1.109.Final.jar:/home/runner/.m2/repository/io/netty/netty-codec-dns/4.1.109.Final/netty-codec-dns-4.1.109.Final.jar:/home/runner/.m2/repository/io/netty/netty-codec-haproxy/4.1.109.Final/netty-codec-haproxy-4.1.109.Final.jar:/home/runner/.m2/repository/io/netty/netty-codec-memcache/4.1.109.Final/netty-codec-memcache-4.1.109.Final.jar:/home/runner/.m2/repository/io/netty/netty-codec-mqtt/4.1.109.Final/netty-codec-mqtt-4.1.109.Final.jar:/home/runner/.m2/repository/io/netty/netty-codec-redis/4.1.109.Final/netty-codec-redis-4.1.109.Final.jar:/home/runner/.m2/repository/io/netty/netty-codec-smtp/4.1.109.Final/netty-codec-smtp-4.1.109.Final.jar:/home/runner/.m2/repository/io/netty/netty-codec-stomp/4.1.109.Final/netty-codec-stomp-4.1.109.Final.jar:/home/runner/.m2/repository/io/netty/netty-codec-xml/4.1.109.Final/netty-codec-xml-4.1.109.Final.jar:/home/runner/.m2/repository/io/netty/netty-handler-ssl-ocsp/4.1.109.Final/netty-handler-ssl-ocsp-4.1.109.Final.jar:/home/runner/.m2/repository/io/netty/netty-resolver-dns/4.1.109.Final/netty-resolver-dns-4.1.109.Final.jar:/home/runner/.m2/repository/io/netty/netty-transport-rxtx/4.1.109.Final/netty-transport-rxtx-4.1.109.Final.jar:/home/runner/.m2/repository/io/netty/netty-transport-sctp/4.1.109.Final/netty-transport-sctp-4.1.109.Final.jar:/home/runner/.m2/repository/io/netty/netty-transport-udt/4.1.109.Final/netty-transport-udt-4.1.109.Final.jar:/home/runner/.m2/repository/io/netty/netty-transport-classes-kqueue/4.1.109.Final/netty-transport-classes-kqueue-4.1.109.Final.jar:/home/runner/.m2/repository/io/netty/netty-resolver-dns-classes-macos/4.1.109.Final/netty-resolver-dns-classes-macos-4.1.109.Final.jar:/home/runner/.m2/repository/io/netty/netty-transport-native-epoll/4.1.109.Final/netty-transport-native-epoll-4.1.109.Final-linux-aarch_64.jar:/home/runner/.m2/repository/io/netty/netty-transport-native-epoll/4.1.109.Final/netty-transport-native-epoll-4.1.109.Final-linux-riscv64.jar:/home/runner/.m2/repository/io/netty/netty-transport-native-kqueue/4.1.109.Final/netty-transport-native-kqueue-4.1.109.Final-osx-x86_64.jar:/home/runner/.m2/repository/io/netty/netty-transport-native-kqueue/4.1.109.Final/netty-transport-native-kqueue-4.1.109.Final-osx-aarch_64.jar:/home/runner/.m2/repository/io/netty/netty-resolver-dns-native-macos/4.1.109.Final/netty-resolver-dns-native-macos-4.1.109.Final-osx-x86_64.jar:/home/runner/.m2/repository/io/netty/netty-resolver-dns-native-macos/4.1.109.Final/netty-resolver-dns-native-macos-4.1.109.Final-osx-aarch_64.jar:/home/runner/.m2/repository/org/fusesource/leveldbjni/leveldbjni-all/1.8/leveldbjni-all-1.8.jar:/home/runner/.m2/repository/org/apache/hadoop/hadoop-kms/3.4.1/hadoop-kms-3.4.1.jar:/home/runner/.m2/repository/org/apache/hadoop/hadoop-kms/3.4.1/hadoop-kms-3.4.1-tests.jar:/home/runner/.m2/repository/org/apache/hadoop/hadoop-mapreduce-client-core/3.4.1/hadoop-mapreduce-client-core-3.4.1.jar:/home/runner/.m2/repository/org/apache/hadoop/hadoop-yarn-client/3.4.1/hadoop-yarn-client-3.4.1.jar:/home/runner/.m2/repository/org/eclipse/jetty/websocket/websocket-client/9.4.53.v20231009/websocket-client-9.4.53.v20231009.jar:/home/runner/.m2/repository/org/eclipse/jetty/websocket/websocket-common/9.4.53.v20231009/websocket-common-9.4.53.v20231009.jar:/home/runner/.m2/repository/org/eclipse/jetty/websocket/websocket-api/9.4.53.v20231009/websocket-api-9.4.53.v20231009.jar:/home/runner/.m2/repository/org/apache/hadoop/hadoop-yarn-api/3.4.1/hadoop-yarn-api-3.4.1.jar:/home/runner/.m2/repository/org/apache/hadoop/hadoop-yarn-common/3.4.1/hadoop-yarn-common-3.4.1.jar:/home/runner/.m2/repository/javax/xml/bind/jaxb-api/2.2.11/jaxb-api-2.2.11.jar:/home/runner/.m2/repository/com/sun/jersey/contribs/jersey-guice/1.19.4/jersey-guice-1.19.4.jar:/home/runner/.m2/repository/org/apache/hadoop/hadoop-mapreduce-client-jobclient/3.4.1/hadoop-mapreduce-client-jobclient-3.4.1.jar:/home/runner/.m2/repository/org/apache/hadoop/hadoop-mapreduce-client-common/3.4.1/hadoop-mapreduce-client-common-3.4.1.jar:/home/runner/.m2/repository/org/apache/hadoop/hadoop-minikdc/3.4.1/hadoop-minikdc-3.4.1.jar:/home/runner/.m2/repository/org/apache/kerby/kerb-simplekdc/2.0.3/kerb-simplekdc-2.0.3.jar:/home/runner/.m2/repository/org/apache/kerby/kerb-client/2.0.3/kerb-client-2.0.3.jar:/home/runner/.m2/repository/org/apache/kerby/kerb-common/2.0.3/kerb-common-2.0.3.jar:/home/runner/.m2/repository/org/apache/kerby/token-provider/2.0.3/token-provider-2.0.3.jar:/home/runner/.m2/repository/org/apache/kerby/kerb-admin/2.0.3/kerb-admin-2.0.3.jar:/home/runner/.m2/repository/org/apache/kerby/kerb-server/2.0.3/kerb-server-2.0.3.jar:/home/runner/.m2/repository/org/apache/kerby/kerb-identity/2.0.3/kerb-identity-2.0.3.jar:/home/runner/.m2/repository/org/apache/kerby/kerby-xdr/2.0.3/kerby-xdr-2.0.3.jar:/home/runner/.m2/repository/junit/junit/4.13.2/junit-4.13.2.jar:/home/runner/.m2/repository/org/hamcrest/hamcrest-core/1.3/hamcrest-core-1.3.jar:/home/runner/work/ozone/ozone/hadoop-hdds/common/target/hdds-common-2.1.0-SNAPSHOT-tests.jar:/home/runner/.m2/repository/commons-validator/commons-validator/1.6/commons-validator-1.6.jar:/home/runner/.m2/repository/commons-digester/commons-digester/1.8.1/commons-digester-1.8.1.jar:/home/runner/.m2/repository/io/jaegertracing/jaeger-client/1.8.1/jaeger-client-1.8.1.jar:/home/runner/.m2/repository/io/jaegertracing/jaeger-thrift/1.8.1/jaeger-thrift-1.8.1.jar:/home/runner/.m2/repository/org/apache/thrift/libthrift/0.15.0/libthrift-0.15.0.jar:/home/runner/.m2/repository/com/squareup/okhttp3/okhttp/4.12.0/okhttp-4.12.0.jar:/home/runner/.m2/repository/com/squareup/okio/okio/3.6.0/okio-3.6.0.jar:/home/runner/.m2/repository/com/squareup/okio/okio-jvm/3.6.0/okio-jvm-3.6.0.jar:/home/runner/.m2/repository/org/jetbrains/kotlin/kotlin-stdlib-common/1.9.25/kotlin-stdlib-common-1.9.25.jar:/home/runner/.m2/repository/org/jetbrains/kotlin/kotlin-stdlib-jdk8/1.9.25/kotlin-stdlib-jdk8-1.9.25.jar:/home/runner/.m2/repository/org/jetbrains/kotlin/kotlin-stdlib-jdk7/1.9.25/kotlin-stdlib-jdk7-1.9.25.jar:/home/runner/.m2/repository/io/jaegertracing/jaeger-tracerresolver/1.8.1/jaeger-tracerresolver-1.8.1.jar:/home/runner/.m2/repository/io/opentracing/contrib/opentracing-tracerresolver/0.1.8/opentracing-tracerresolver-0.1.8.jar:/home/runner/.m2/repository/io/jaegertracing/jaeger-core/1.8.1/jaeger-core-1.8.1.jar:/home/runner/.m2/repository/javax/annotation/javax.annotation-api/1.3.2/javax.annotation-api-1.3.2.jar:/home/runner/work/ozone/ozone/hadoop-hdds/annotations/target/hdds-annotation-processing-2.1.0-SNAPSHOT.jar:/home/runner/.m2/repository/org/apache/ratis/ratis-metrics-dropwizard3/3.1.2/ratis-metrics-dropwizard3-3.1.2.jar:/home/runner/.m2/repository/org/bouncycastle/bcutil-jdk18on/1.80/bcutil-jdk18on-1.80.jar:/home/runner/.m2/repository/org/jetbrains/kotlin/kotlin-stdlib/1.9.25/kotlin-stdlib-1.9.25.jar:/home/runner/.m2/repository/org/jetbrains/annotations/13.0/annotations-13.0.jar:/home/runner/.m2/repository/org/slf4j/jcl-over-slf4j/2.0.17/jcl-over-slf4j-2.0.17.jar:/home/runner/.m2/repository/org/yaml/snakeyaml/2.0/snakeyaml-2.0.jar:/home/runner/work/ozone/ozone/hadoop-hdds/container-service/target/hdds-container-service-2.1.0-SNAPSHOT-tests.jar:/home/runner/.m2/repository/com/github/luben/zstd-jni/1.5.7-3/zstd-jni-1.5.7-3.jar:/home/runner/.m2/repository/io/netty/netty-buffer/4.1.109.Final/netty-buffer-4.1.109.Final.jar:/home/runner/.m2/repository/io/netty/netty-codec/4.1.109.Final/netty-codec-4.1.109.Final.jar:/home/runner/.m2/repository/log4j/apache-log4j-extras/1.2.17/apache-log4j-extras-1.2.17.jar:/home/runner/work/ozone/ozone/hadoop-hdds/framework/target/hdds-server-framework-2.1.0-SNAPSHOT-tests.jar:/home/runner/.m2/repository/com/github/jnr/jnr-constants/0.10.4/jnr-constants-0.10.4.jar:/home/runner/.m2/repository/com/github/jnr/jnr-posix/3.1.20/jnr-posix-3.1.20.jar:/home/runner/.m2/repository/com/github/jnr/jnr-ffi/2.2.17/jnr-ffi-2.2.17.jar:/home/runner/.m2/repository/com/github/jnr/jffi/1.3.13/jffi-1.3.13.jar:/home/runner/.m2/repository/com/github/jnr/jffi/1.3.13/jffi-1.3.13-native.jar:/home/runner/.m2/repository/org/ow2/asm/asm/9.7.1/asm-9.7.1.jar:/home/runner/.m2/repository/org/ow2/asm/asm-commons/9.7.1/asm-commons-9.7.1.jar:/home/runner/.m2/repository/org/ow2/asm/asm-analysis/9.7.1/asm-analysis-9.7.1.jar:/home/runner/.m2/repository/org/ow2/asm/asm-tree/9.7.1/asm-tree-9.7.1.jar:/home/runner/.m2/repository/org/ow2/asm/asm-util/9.7.1/asm-util-9.7.1.jar:/home/runner/.m2/repository/com/github/jnr/jnr-a64asm/1.0.0/jnr-a64asm-1.0.0.jar:/home/runner/.m2/repository/com/github/jnr/jnr-x86asm/1.0.2/jnr-x86asm-1.0.2.jar:/home/runner/.m2/repository/commons-fileupload/commons-fileupload/1.5/commons-fileupload-1.5.jar:/home/runner/.m2/repository/io/prometheus/simpleclient/0.16.0/simpleclient-0.16.0.jar:/home/runner/.m2/repository/io/prometheus/simpleclient_common/0.16.0/simpleclient_common-0.16.0.jar:/home/runner/.m2/repository/io/prometheus/simpleclient_dropwizard/0.16.0/simpleclient_dropwizard-0.16.0.jar:/home/runner/.m2/repository/org/apache/logging/log4j/log4j-core/2.24.2/log4j-core-2.24.2.jar:/home/runner/.m2/repository/org/eclipse/jetty/jetty-http/9.4.57.v20241219/jetty-http-9.4.57.v20241219.jar:/home/runner/.m2/repository/com/lmax/disruptor/3.4.4/disruptor-3.4.4.jar:/home/runner/.m2/repository/com/nimbusds/nimbus-jose-jwt/9.40/nimbus-jose-jwt-9.40.jar:/home/runner/.m2/repository/org/apache/kerby/kerb-util/1.0.1/kerb-util-1.0.1.jar:/home/runner/.m2/repository/org/apache/kerby/kerby-config/1.0.1/kerby-config-1.0.1.jar:/home/runner/.m2/repository/org/apache/kerby/kerb-crypto/1.0.1/kerb-crypto-1.0.1.jar:/home/runner/work/ozone/ozone/hadoop-hdds/server-scm/target/hdds-server-scm-2.1.0-SNAPSHOT-tests.jar:/home/runner/work/ozone/ozone/hadoop-hdds/test-utils/target/hdds-test-utils-2.1.0-SNAPSHOT-tests.jar:/home/runner/work/ozone/ozone/hadoop-ozone/ozone-manager/target/ozone-manager-2.1.0-SNAPSHOT-tests.jar:/home/runner/work/ozone/ozone/hadoop-ozone/mini-cluster/target/ozone-mini-cluster-2.1.0-SNAPSHOT.jar:/home/runner/.m2/repository/org/assertj/assertj-core/3.27.3/assertj-core-3.27.3.jar:/home/runner/.m2/repository/net/bytebuddy/byte-buddy/1.15.11/byte-buddy-1.15.11.jar:/home/runner/.m2/repository/org/junit/jupiter/junit-jupiter-api/5.12.2/junit-jupiter-api-5.12.2.jar:/home/runner/.m2/repository/org/opentest4j/opentest4j/1.3.0/opentest4j-1.3.0.jar:/home/runner/.m2/repository/org/junit/platform/junit-platform-commons/1.12.2/junit-platform-commons-1.12.2.jar:/home/runner/.m2/repository/org/apiguardian/apiguardian-api/1.1.2/apiguardian-api-1.1.2.jar:/home/runner/.m2/repository/org/junit/jupiter/junit-jupiter-params/5.12.2/junit-jupiter-params-5.12.2.jar:/home/runner/.m2/repository/org/mockito/mockito-core/4.11.0/mockito-core-4.11.0.jar:/home/runner/.m2/repository/net/bytebuddy/byte-buddy-agent/1.12.19/byte-buddy-agent-1.12.19.jar:/home/runner/.m2/repository/org/objenesis/objenesis/3.3/objenesis-3.3.jar:/home/runner/.m2/repository/org/mockito/mockito-inline/4.11.0/mockito-inline-4.11.0.jar:/home/runner/.m2/repository/org/mockito/mockito-junit-jupiter/4.11.0/mockito-junit-jupiter-4.11.0.jar:/home/runner/work/ozone/ozone/hadoop-ozone/integration-test/target/gradle-enterprise/test-listeners.jar:"/>
    <property name="sun.cpu.endian" value="little"/>
    <property name="user.home" value="/home/runner"/>
    <property name="user.language" value="en"/>
    <property name="java.specification.vendor" value="Oracle Corporation"/>
    <property name="skipRecon" value="true"/>
    <property name="java.version.date" value="2025-04-15"/>
    <property name="java.home" value="/usr/lib/jvm/temurin-21-jdk-amd64"/>
    <property name="java.security.krb5.conf" value="/home/runner/work/ozone/ozone/hadoop-ozone/integration-test/target/test-classes/krb5.conf"/>
    <property name="file.separator" value="/"/>
    <property name="basedir" value="/home/runner/work/ozone/ozone/hadoop-ozone/integration-test"/>
    <property name="java.vm.compressedOopsMode" value="Zero based"/>
    <property name="line.separator" value="&#10;"/>
    <property name="java.vm.specification.vendor" value="Oracle Corporation"/>
    <property name="java.specification.name" value="Java Platform API Specification"/>
    <property name="surefire.real.class.path" value="/home/runner/work/ozone/ozone/hadoop-ozone/integration-test/target/surefire/surefirebooter-20250512174454249_564.jar"/>
    <property name="hadoop.log.dir" value="/home/runner/work/ozone/ozone/hadoop-ozone/integration-test/target/log"/>
    <property name="sun.management.compiler" value="HotSpot 64-Bit Tiered Compilers"/>
    <property name="skipShade" value="true"/>
    <property name="java.runtime.version" value="21.0.7+6-LTS"/>
    <property name="user.name" value="runner"/>
    <property name="java.net.preferIPv4Stack" value="true"/>
    <property name="stdout.encoding" value="UTF-8"/>
    <property name="path.separator" value=":"/>
    <property name="java.security.egd" value="file:///dev/urandom"/>
    <property name="os.version" value="6.11.0-1012-azure"/>
    <property name="java.runtime.name" value="OpenJDK Runtime Environment"/>
    <property name="com.gradle.maven.scan.extension.test.listener.junitplatform.NestedExecutionSafeDelegatingTestExecutionListener" value="7ce026d3"/>
    <property name="file.encoding" value="UTF-8"/>
    <property name="java.vm.name" value="OpenJDK 64-Bit Server VM"/>
    <property name="rocks_tools_native" value="true"/>
    <property name="java.vendor.version" value="Temurin-21.0.7+6"/>
    <property name="test.build.webapps" value=""/>
    <property name="develocity.listener.surefire.forkId" value="1"/>
    <property name="localRepository" value="/home/runner/.m2/repository"/>
    <property name="java.vendor.url.bug" value="https://github.com/adoptium/adoptium-support/issues"/>
    <property name="jetty.git.hash" value="df524e6b29271c2e09ba9aea83c18dc9db464a31"/>
    <property name="java.io.tmpdir" value="/tmp"/>
    <property name="require.test.libhadoop" value=""/>
    <property name="java.version" value="21.0.7"/>
    <property name="user.dir" value="/home/runner/work/ozone/ozone/hadoop-ozone/integration-test"/>
    <property name="os.arch" value="amd64"/>
    <property name="java.vm.specification.name" value="Java Virtual Machine Specification"/>
    <property name="test.build.classes" value="/home/runner/work/ozone/ozone/hadoop-ozone/integration-test/target/test-classes"/>
    <property name="org.apache.ratis.thirdparty.io.netty.allocator.useCacheForAllThreads" value="false"/>
    <property name="native.encoding" value="UTF-8"/>
    <property name="hadoop.tmp.dir" value="/home/runner/work/ozone/ozone/hadoop-ozone/integration-test/target/tmp"/>
    <property name="java.library.path" value="/usr/java/packages/lib:/usr/lib64:/lib64:/lib:/usr/lib"/>
    <property name="java.vm.info" value="mixed mode, sharing"/>
    <property name="stderr.encoding" value="UTF-8"/>
    <property name="java.vendor" value="Eclipse Adoptium"/>
    <property name="java.vm.version" value="21.0.7+6-LTS"/>
    <property name="sun.io.unicode.encoding" value="UnicodeLittle"/>
    <property name="develocity.listener.port" value="39253"/>
    <property name="java.class.version" value="65.0"/>
  </properties>
  <testcase name="testOmDBSyncing" classname="org.apache.hadoop.ozone.recon.TestReconWithOzoneManager" time="1.612">
    <error message="Connect to 0.0.0.0:15010 [/0.0.0.0] failed: Connection refused" type="org.apache.http.conn.HttpHostConnectException"><![CDATA[org.apache.http.conn.HttpHostConnectException: Connect to 0.0.0.0:15010 [/0.0.0.0] failed: Connection refused
	at org.apache.http.impl.conn.DefaultHttpClientConnectionOperator.connect(DefaultHttpClientConnectionOperator.java:156)
	at org.apache.http.impl.conn.PoolingHttpClientConnectionManager.connect(PoolingHttpClientConnectionManager.java:376)
	at org.apache.http.impl.execchain.MainClientExec.establishRoute(MainClientExec.java:393)
	at org.apache.http.impl.execchain.MainClientExec.execute(MainClientExec.java:236)
	at org.apache.http.impl.execchain.ProtocolExec.execute(ProtocolExec.java:186)
	at org.apache.http.impl.execchain.RetryExec.execute(RetryExec.java:89)
	at org.apache.http.impl.execchain.RedirectExec.execute(RedirectExec.java:110)
	at org.apache.http.impl.client.InternalHttpClient.doExecute(InternalHttpClient.java:185)
	at org.apache.http.impl.client.CloseableHttpClient.execute(CloseableHttpClient.java:83)
	at org.apache.http.impl.client.CloseableHttpClient.execute(CloseableHttpClient.java:108)
	at org.apache.hadoop.ozone.recon.TestReconWithOzoneManager.makeHttpCall(TestReconWithOzoneManager.java:151)
	at org.apache.hadoop.ozone.recon.TestReconWithOzoneManager.testOmDBSyncing(TestReconWithOzoneManager.java:192)
	at java.base/java.lang.reflect.Method.invoke(Method.java:580)
	at java.base/java.util.ArrayList.forEach(ArrayList.java:1596)
	at java.base/java.util.ArrayList.forEach(ArrayList.java:1596)
Caused by: java.net.ConnectException: Connection refused
	at java.base/sun.nio.ch.Net.pollConnect(Native Method)
	at java.base/sun.nio.ch.Net.pollConnectNow(Net.java:682)
	at java.base/sun.nio.ch.NioSocketImpl.timedFinishConnect(NioSocketImpl.java:549)
	at java.base/sun.nio.ch.NioSocketImpl.connect(NioSocketImpl.java:592)
	at java.base/java.net.SocksSocketImpl.connect(SocksSocketImpl.java:327)
	at java.base/java.net.Socket.connect(Socket.java:751)
	at org.apache.http.conn.socket.PlainConnectionSocketFactory.connectSocket(PlainConnectionSocketFactory.java:75)
	at org.apache.http.impl.conn.DefaultHttpClientConnectionOperator.connect(DefaultHttpClientConnectionOperator.java:142)
	... 14 more
]]></error>
    <system-out><![CDATA[2025-05-12 17:48:44,255 [main] WARN  server.ServerUtils (ServerUtils.java:getScmDbDir(138)) - ozone.scm.db.dirs is not configured. We recommend adding this setting. Falling back to ozone.metadata.dirs instead.
2025-05-12 17:48:44,452 [main] INFO  reflections.Reflections (Reflections.java:scan(219)) - Reflections took 174 ms to scan 7 urls, producing 165 keys and 367 values
2025-05-12 17:48:44,586 [main] INFO  ha.SCMHANodeDetails (SCMHANodeDetails.java:loadSCMHAConfig(162)) - ServiceID for StorageContainerManager is null
2025-05-12 17:48:44,587 [main] INFO  ha.SCMHANodeDetails (SCMHANodeDetails.java:loadSCMHAConfig(166)) - ozone.scm.default.service.id is not defined, falling back to ozone.scm.service.ids to find serviceID for StorageContainerManager if it is HA enabled cluster
2025-05-12 17:48:44,728 [main] INFO  server.RaftServerConfigKeys (ConfUtils.java:logGet(46)) - raft.server.log.appender.buffer.byte-limit = 4194304 (custom)
2025-05-12 17:48:44,751 [main] INFO  server.RaftServer (ConfUtils.java:logGet(46)) - raft.rpc.type = GRPC (default)
2025-05-12 17:48:44,790 [main] INFO  grpc.GrpcConfigKeys (ConfUtils.java:logFallback(53)) - raft.grpc.admin.host = null (fallback to raft.grpc.server.host)
2025-05-12 17:48:44,791 [main] INFO  grpc.GrpcConfigKeys (ConfUtils.java:logFallback(53)) - raft.grpc.admin.port = 15004 (fallback to raft.grpc.server.port)
2025-05-12 17:48:44,792 [main] INFO  grpc.GrpcConfigKeys (ConfUtils.java:logFallback(53)) - raft.grpc.client.host = null (fallback to raft.grpc.server.host)
2025-05-12 17:48:44,792 [main] INFO  grpc.GrpcConfigKeys (ConfUtils.java:logFallback(53)) - raft.grpc.client.port = 15004 (fallback to raft.grpc.server.port)
2025-05-12 17:48:44,792 [main] INFO  grpc.GrpcConfigKeys (ConfUtils.java:logGet(46)) - raft.grpc.server.host = null (default)
2025-05-12 17:48:44,793 [main] INFO  grpc.GrpcConfigKeys (ConfUtils.java:logGet(46)) - raft.grpc.server.port = 15004 (custom)
2025-05-12 17:48:44,793 [main] INFO  server.GrpcService (ConfUtils.java:logGet(46)) - raft.grpc.message.size.max = 5242880 (custom)
2025-05-12 17:48:44,794 [main] INFO  server.GrpcService (ConfUtils.java:logGet(46)) - raft.grpc.flow.control.window = 1MB (=1048576) (default)
2025-05-12 17:48:44,795 [main] INFO  server.RaftServerConfigKeys (ConfUtils.java:logGet(46)) - raft.server.rpc.request.timeout = 30000ms (custom)
2025-05-12 17:48:44,801 [main] INFO  grpc.GrpcConfigKeys (ConfUtils.java:logGet(46)) - raft.grpc.server.heartbeat.channel = true (default)
2025-05-12 17:48:44,802 [main] INFO  server.RaftServerConfigKeys (ConfUtils.java:logGet(46)) - raft.server.log.appender.buffer.byte-limit = 4194304 (custom)
2025-05-12 17:48:44,804 [main] INFO  grpc.GrpcConfigKeys (ConfUtils.java:logGet(46)) - raft.grpc.server.async.request.thread.pool.cached = true (default)
2025-05-12 17:48:44,804 [main] INFO  grpc.GrpcConfigKeys (ConfUtils.java:logGet(46)) - raft.grpc.server.async.request.thread.pool.size = 32 (default)
2025-05-12 17:48:44,975 [main] INFO  impl.DataStreamServerImpl (ConfUtils.java:logGet(46)) - raft.datastream.type = DISABLED (default)
2025-05-12 17:48:44,978 [main] INFO  server.RaftServerConfigKeys (ConfUtils.java:logGet(46)) - raft.server.sleep.deviation.threshold = 300ms (default)
2025-05-12 17:48:44,979 [main] INFO  server.RaftServerConfigKeys (ConfUtils.java:logGet(46)) - raft.server.close.threshold = 60s (default)
2025-05-12 17:48:44,979 [main] INFO  server.RaftServerConfigKeys (ConfUtils.java:logGet(46)) - raft.server.leaderelection.leader.step-down.wait-time = 10s (default)
2025-05-12 17:48:44,983 [main] INFO  server.RaftServerConfigKeys (ConfUtils.java:logGet(46)) - raft.server.storage.dir = [/home/runner/work/ozone/ozone/hadoop-ozone/integration-test/target/test-dir/MiniOzoneClusterImpl-c6da7ea4-2079-4fee-9bc9-0c49bc0b38ab/ozone-meta/scm-ha] (custom)
2025-05-12 17:48:44,984 [main] INFO  server.RaftServerConfigKeys (ConfUtils.java:logGet(46)) - raft.server.threadpool.proxy.cached = true (default)
2025-05-12 17:48:44,985 [main] INFO  server.RaftServerConfigKeys (ConfUtils.java:logGet(46)) - raft.server.threadpool.proxy.size = 0 (default)
2025-05-12 17:48:44,992 [main] INFO  server.RaftServer (RaftServerProxy.java:addNew(100)) - 1a086ce6-1838-47e5-9f20-37175bb64552: addNew group-0C49BC0B38AB:[1a086ce6-1838-47e5-9f20-37175bb64552|pkrvmberfyhpb9w:15004] returns group-0C49BC0B38AB:java.util.concurrent.CompletableFuture@5d8ab698[Not completed]
2025-05-12 17:48:45,005 [1a086ce6-1838-47e5-9f20-37175bb64552-groupManagement] INFO  server.RaftServer$Division (RaftServerImpl.java:<init>(255)) - 1a086ce6-1838-47e5-9f20-37175bb64552: new RaftServerImpl for group-0C49BC0B38AB:[1a086ce6-1838-47e5-9f20-37175bb64552|pkrvmberfyhpb9w:15004] with SCMStateMachine:uninitialized
2025-05-12 17:48:45,007 [1a086ce6-1838-47e5-9f20-37175bb64552-groupManagement] INFO  server.RaftServerConfigKeys (ConfUtils.java:logGet(46)) - raft.server.rpc.timeout.min = 5000ms (custom)
2025-05-12 17:48:45,007 [1a086ce6-1838-47e5-9f20-37175bb64552-groupManagement] INFO  server.RaftServerConfigKeys (ConfUtils.java:logGet(46)) - raft.server.rpc.timeout.max = 5200ms (custom)
2025-05-12 17:48:45,008 [1a086ce6-1838-47e5-9f20-37175bb64552-groupManagement] INFO  server.RaftServerConfigKeys (ConfUtils.java:logGet(46)) - raft.server.rpc.sleep.time = 25ms (default)
2025-05-12 17:48:45,009 [1a086ce6-1838-47e5-9f20-37175bb64552-groupManagement] INFO  server.RaftServerConfigKeys (ConfUtils.java:logGet(46)) - raft.server.rpc.slowness.timeout = 120000ms (custom)
2025-05-12 17:48:45,009 [1a086ce6-1838-47e5-9f20-37175bb64552-groupManagement] INFO  server.RaftServerConfigKeys (ConfUtils.java:logGet(46)) - raft.server.leaderelection.leader.step-down.wait-time = 10s (default)
2025-05-12 17:48:45,009 [1a086ce6-1838-47e5-9f20-37175bb64552-groupManagement] INFO  server.RaftServerConfigKeys (ConfUtils.java:logGet(46)) - raft.server.leaderelection.member.majority-add = false (default)
2025-05-12 17:48:45,009 [1a086ce6-1838-47e5-9f20-37175bb64552-groupManagement] INFO  server.RaftServerConfigKeys (ConfUtils.java:logGet(46)) - raft.server.sleep.deviation.threshold = 300ms (default)
2025-05-12 17:48:45,014 [1a086ce6-1838-47e5-9f20-37175bb64552-groupManagement] INFO  server.RaftServer$Division (ServerState.java:<init>(114)) - 1a086ce6-1838-47e5-9f20-37175bb64552@group-0C49BC0B38AB: ConfigurationManager, init=conf: {index: -1, cur=peers:[1a086ce6-1838-47e5-9f20-37175bb64552|pkrvmberfyhpb9w:15004]|listeners:[], old=null}, confs=<EMPTY_MAP>
2025-05-12 17:48:45,018 [1a086ce6-1838-47e5-9f20-37175bb64552-groupManagement] INFO  server.RaftServerConfigKeys (ConfUtils.java:logGet(46)) - raft.server.notification.no-leader.timeout = 60s (default)
2025-05-12 17:48:45,020 [1a086ce6-1838-47e5-9f20-37175bb64552-groupManagement] INFO  server.RaftServerConfigKeys (ConfUtils.java:logGet(46)) - raft.server.read.timeout = 10s (default)
2025-05-12 17:48:45,023 [1a086ce6-1838-47e5-9f20-37175bb64552-groupManagement] INFO  server.RaftServerConfigKeys (ConfUtils.java:logGet(46)) - raft.server.retrycache.expirytime = 60000ms (default)
2025-05-12 17:48:45,023 [1a086ce6-1838-47e5-9f20-37175bb64552-groupManagement] INFO  server.RaftServerConfigKeys (ConfUtils.java:logGet(46)) - raft.server.retrycache.statistics.expirytime = 100ms (default)
2025-05-12 17:48:45,027 [1a086ce6-1838-47e5-9f20-37175bb64552-groupManagement] INFO  server.RaftServerConfigKeys (ConfUtils.java:logGet(46)) - raft.server.read.option = DEFAULT (default)
2025-05-12 17:48:45,027 [1a086ce6-1838-47e5-9f20-37175bb64552-groupManagement] INFO  server.RaftServerConfigKeys (ConfUtils.java:logGet(46)) - raft.server.read.read-after-write-consistent.write-index-cache.expiry-time = 60s (default)
2025-05-12 17:48:45,187 [1a086ce6-1838-47e5-9f20-37175bb64552-groupManagement] INFO  server.RaftServerConfigKeys (ConfUtils.java:logGet(46)) - raft.server.rpc.request.timeout = 30000ms (custom)
2025-05-12 17:48:45,190 [1a086ce6-1838-47e5-9f20-37175bb64552-groupManagement] INFO  server.RaftServerConfigKeys (ConfUtils.java:logGet(46)) - raft.server.log.appender.install.snapshot.enabled = false (custom)
2025-05-12 17:48:45,191 [1a086ce6-1838-47e5-9f20-37175bb64552-groupManagement] INFO  server.RaftServerConfigKeys (ConfUtils.java:logGet(46)) - raft.server.threadpool.server.cached = true (default)
2025-05-12 17:48:45,191 [1a086ce6-1838-47e5-9f20-37175bb64552-groupManagement] INFO  server.RaftServerConfigKeys (ConfUtils.java:logGet(46)) - raft.server.threadpool.server.size = 0 (default)
2025-05-12 17:48:45,192 [1a086ce6-1838-47e5-9f20-37175bb64552-groupManagement] INFO  server.RaftServerConfigKeys (ConfUtils.java:logGet(46)) - raft.server.threadpool.client.cached = true (default)
2025-05-12 17:48:45,193 [1a086ce6-1838-47e5-9f20-37175bb64552-groupManagement] INFO  server.RaftServerConfigKeys (ConfUtils.java:logGet(46)) - raft.server.threadpool.client.size = 0 (default)
2025-05-12 17:48:45,194 [1a086ce6-1838-47e5-9f20-37175bb64552-impl-thread1] INFO  server.RaftServerConfigKeys (ConfUtils.java:logGet(46)) - raft.server.storage.free-space.min = 0MB (=0) (default)
2025-05-12 17:48:45,195 [1a086ce6-1838-47e5-9f20-37175bb64552-impl-thread1] INFO  server.RaftServerConfigKeys (ConfUtils.java:logGet(46)) - raft.server.log.corruption.policy = EXCEPTION (default)
2025-05-12 17:48:45,195 [1a086ce6-1838-47e5-9f20-37175bb64552-impl-thread1] INFO  server.RaftServerConfigKeys (ConfUtils.java:logGet(46)) - raft.server.storage.dir = [/home/runner/work/ozone/ozone/hadoop-ozone/integration-test/target/test-dir/MiniOzoneClusterImpl-c6da7ea4-2079-4fee-9bc9-0c49bc0b38ab/ozone-meta/scm-ha] (custom)
2025-05-12 17:48:45,202 [1a086ce6-1838-47e5-9f20-37175bb64552-impl-thread1] INFO  storage.RaftStorageDirectory (RaftStorageDirectoryImpl.java:analyzeStorage(138)) - The storage directory /home/runner/work/ozone/ozone/hadoop-ozone/integration-test/target/test-dir/MiniOzoneClusterImpl-c6da7ea4-2079-4fee-9bc9-0c49bc0b38ab/ozone-meta/scm-ha/c6da7ea4-2079-4fee-9bc9-0c49bc0b38ab does not exist. Creating ...
2025-05-12 17:48:45,205 [1a086ce6-1838-47e5-9f20-37175bb64552-impl-thread1] INFO  storage.RaftStorageDirectory (RaftStorageDirectoryImpl.java:tryLock(229)) - Lock on /home/runner/work/ozone/ozone/hadoop-ozone/integration-test/target/test-dir/MiniOzoneClusterImpl-c6da7ea4-2079-4fee-9bc9-0c49bc0b38ab/ozone-meta/scm-ha/c6da7ea4-2079-4fee-9bc9-0c49bc0b38ab/in_use.lock acquired by nodename 120609@pkrvmberfyhpb9w
2025-05-12 17:48:45,210 [1a086ce6-1838-47e5-9f20-37175bb64552-impl-thread1] INFO  storage.RaftStorage (RaftStorageImpl.java:format(98)) - Storage directory /home/runner/work/ozone/ozone/hadoop-ozone/integration-test/target/test-dir/MiniOzoneClusterImpl-c6da7ea4-2079-4fee-9bc9-0c49bc0b38ab/ozone-meta/scm-ha/c6da7ea4-2079-4fee-9bc9-0c49bc0b38ab has been successfully formatted.
2025-05-12 17:48:45,211 [1a086ce6-1838-47e5-9f20-37175bb64552-impl-thread1] INFO  ha.SCMStateMachine (SCMStateMachine.java:lambda$initialize$0(135)) - 1a086ce6-1838-47e5-9f20-37175bb64552: initialize group-0C49BC0B38AB
2025-05-12 17:48:45,213 [1a086ce6-1838-47e5-9f20-37175bb64552-impl-thread1] INFO  server.RaftServerConfigKeys (ConfUtils.java:logGet(46)) - raft.server.log.use.memory = false (default)
2025-05-12 17:48:45,219 [1a086ce6-1838-47e5-9f20-37175bb64552-impl-thread1] INFO  server.RaftServerConfigKeys (ConfUtils.java:logGet(46)) - raft.server.log.purge.gap = 1000000 (custom)
2025-05-12 17:48:45,219 [1a086ce6-1838-47e5-9f20-37175bb64552-impl-thread1] INFO  server.RaftServerConfigKeys (ConfUtils.java:logGet(46)) - raft.server.log.appender.buffer.byte-limit = 4194304 (custom)
2025-05-12 17:48:45,220 [1a086ce6-1838-47e5-9f20-37175bb64552-impl-thread1] INFO  server.RaftServerConfigKeys (ConfUtils.java:logGet(46)) - raft.server.log.statemachine.data.read.timeout = 1000ms (default)
2025-05-12 17:48:45,221 [1a086ce6-1838-47e5-9f20-37175bb64552-impl-thread1] INFO  server.RaftServerConfigKeys (ConfUtils.java:logGet(46)) - raft.server.log.purge.preservation.log.num = 0 (default)
2025-05-12 17:48:45,224 [1a086ce6-1838-47e5-9f20-37175bb64552-impl-thread1] INFO  server.RaftServerConfigKeys (ConfUtils.java:logGet(46)) - raft.server.log.segment.size.max = 4194304 (custom)
2025-05-12 17:48:45,229 [1a086ce6-1838-47e5-9f20-37175bb64552-impl-thread1] INFO  server.RaftServerConfigKeys (ConfUtils.java:logGet(46)) - raft.server.log.segment.cache.num.max = 2 (custom)
2025-05-12 17:48:45,230 [1a086ce6-1838-47e5-9f20-37175bb64552-impl-thread1] INFO  server.RaftServerConfigKeys (ConfUtils.java:logGet(46)) - raft.server.log.segment.cache.size.max = 200MB (=209715200) (default)
2025-05-12 17:48:45,231 [1a086ce6-1838-47e5-9f20-37175bb64552-impl-thread1] INFO  server.RaftServerConfigKeys (ConfUtils.java:logGet(46)) - raft.server.log.appender.buffer.byte-limit = 4194304 (custom)
2025-05-12 17:48:45,236 [1a086ce6-1838-47e5-9f20-37175bb64552-impl-thread1] INFO  util.AwaitToRun (AwaitToRun.java:start(81)) - Thread[#39,1a086ce6-1838-47e5-9f20-37175bb64552@group-0C49BC0B38AB-cacheEviction-AwaitToRun,5,main] started
2025-05-12 17:48:45,240 [1a086ce6-1838-47e5-9f20-37175bb64552-impl-thread1] INFO  segmented.SegmentedRaftLogWorker (SegmentedRaftLogWorker.java:<init>(188)) - new 1a086ce6-1838-47e5-9f20-37175bb64552@group-0C49BC0B38AB-SegmentedRaftLogWorker for RaftStorageImpl:Storage Directory /home/runner/work/ozone/ozone/hadoop-ozone/integration-test/target/test-dir/MiniOzoneClusterImpl-c6da7ea4-2079-4fee-9bc9-0c49bc0b38ab/ozone-meta/scm-ha/c6da7ea4-2079-4fee-9bc9-0c49bc0b38ab
2025-05-12 17:48:45,240 [1a086ce6-1838-47e5-9f20-37175bb64552-impl-thread1] INFO  server.RaftServerConfigKeys (ConfUtils.java:logGet(46)) - raft.server.log.queue.byte-limit = 64MB (=67108864) (default)
2025-05-12 17:48:45,241 [1a086ce6-1838-47e5-9f20-37175bb64552-impl-thread1] INFO  server.RaftServerConfigKeys (ConfUtils.java:logGet(46)) - raft.server.log.queue.element-limit = 4096 (default)
2025-05-12 17:48:45,242 [1a086ce6-1838-47e5-9f20-37175bb64552-impl-thread1] INFO  server.RaftServerConfigKeys (ConfUtils.java:logGet(46)) - raft.server.log.segment.size.max = 4194304 (custom)
2025-05-12 17:48:45,243 [1a086ce6-1838-47e5-9f20-37175bb64552-impl-thread1] INFO  server.RaftServerConfigKeys (ConfUtils.java:logGet(46)) - raft.server.log.preallocated.size = 4194304 (custom)
2025-05-12 17:48:45,243 [1a086ce6-1838-47e5-9f20-37175bb64552-impl-thread1] INFO  server.RaftServerConfigKeys (ConfUtils.java:logGet(46)) - raft.server.log.force.sync.num = 128 (default)
2025-05-12 17:48:45,244 [1a086ce6-1838-47e5-9f20-37175bb64552-impl-thread1] INFO  server.RaftServerConfigKeys (ConfUtils.java:logGet(46)) - raft.server.log.statemachine.data.sync = true (default)
2025-05-12 17:48:45,244 [1a086ce6-1838-47e5-9f20-37175bb64552-impl-thread1] INFO  server.RaftServerConfigKeys (ConfUtils.java:logGet(46)) - raft.server.log.statemachine.data.sync.timeout = 10s (default)
2025-05-12 17:48:45,244 [1a086ce6-1838-47e5-9f20-37175bb64552-impl-thread1] INFO  server.RaftServerConfigKeys (ConfUtils.java:logGet(46)) - raft.server.log.statemachine.data.sync.timeout.retry = -1 (default)
2025-05-12 17:48:45,246 [1a086ce6-1838-47e5-9f20-37175bb64552-impl-thread1] INFO  server.RaftServerConfigKeys (ConfUtils.java:logGet(46)) - raft.server.log.write.buffer.size = 4194312 (custom)
2025-05-12 17:48:45,249 [1a086ce6-1838-47e5-9f20-37175bb64552-impl-thread1] INFO  server.RaftServerConfigKeys (ConfUtils.java:logGet(46)) - raft.server.log.appender.buffer.byte-limit = 4194304 (custom)
2025-05-12 17:48:45,249 [1a086ce6-1838-47e5-9f20-37175bb64552-impl-thread1] INFO  server.RaftServerConfigKeys (ConfUtils.java:logGet(46)) - raft.server.log.unsafe-flush.enabled = false (default)
2025-05-12 17:48:45,249 [1a086ce6-1838-47e5-9f20-37175bb64552-impl-thread1] INFO  server.RaftServerConfigKeys (ConfUtils.java:logGet(46)) - raft.server.log.async-flush.enabled = false (default)
2025-05-12 17:48:45,250 [1a086ce6-1838-47e5-9f20-37175bb64552-impl-thread1] INFO  server.RaftServerConfigKeys (ConfUtils.java:logGet(46)) - raft.server.log.statemachine.data.caching.enabled = false (default)
2025-05-12 17:48:45,256 [1a086ce6-1838-47e5-9f20-37175bb64552-impl-thread1] INFO  segmented.SegmentedRaftLogWorker (SegmentedRaftLogWorker.java:lambda$new$0(139)) - 1a086ce6-1838-47e5-9f20-37175bb64552@group-0C49BC0B38AB-SegmentedRaftLogWorker: flushIndex: setUnconditionally 0 -> -1
2025-05-12 17:48:45,256 [1a086ce6-1838-47e5-9f20-37175bb64552-impl-thread1] INFO  segmented.SegmentedRaftLogWorker (SegmentedRaftLogWorker.java:lambda$new$0(139)) - 1a086ce6-1838-47e5-9f20-37175bb64552@group-0C49BC0B38AB-SegmentedRaftLogWorker: safeCacheEvictIndex: setUnconditionally 0 -> -1
2025-05-12 17:48:45,259 [1a086ce6-1838-47e5-9f20-37175bb64552-impl-thread1] INFO  server.RaftServer$Division (RaftServerImpl.java:start(391)) - 1a086ce6-1838-47e5-9f20-37175bb64552@group-0C49BC0B38AB: start as a follower, conf=conf: {index: -1, cur=peers:[1a086ce6-1838-47e5-9f20-37175bb64552|pkrvmberfyhpb9w:15004]|listeners:[], old=null}
2025-05-12 17:48:45,260 [1a086ce6-1838-47e5-9f20-37175bb64552-impl-thread1] INFO  server.RaftServer$Division (RaftServerImpl.java:setRole(378)) - 1a086ce6-1838-47e5-9f20-37175bb64552@group-0C49BC0B38AB: changes role from      null to FOLLOWER at term 0 for startAsFollower
2025-05-12 17:48:45,261 [1a086ce6-1838-47e5-9f20-37175bb64552-impl-thread1] INFO  impl.RoleInfo (RoleInfo.java:updateAndGet(148)) - 1a086ce6-1838-47e5-9f20-37175bb64552: start 1a086ce6-1838-47e5-9f20-37175bb64552@group-0C49BC0B38AB-FollowerState
2025-05-12 17:48:45,262 [1a086ce6-1838-47e5-9f20-37175bb64552-impl-thread1] INFO  util.JmxRegister (JmxRegister.java:tryRegister(44)) - Successfully registered JMX Bean with object name Ratis:service=RaftServer,group=group-0C49BC0B38AB,id=1a086ce6-1838-47e5-9f20-37175bb64552
2025-05-12 17:48:45,262 [1a086ce6-1838-47e5-9f20-37175bb64552-impl-thread1] INFO  util.JmxRegister (JmxRegister.java:register(58)) - register mxBean class org.apache.ratis.server.impl.RaftServerJmxAdapter as Ratis:service=RaftServer,group=group-0C49BC0B38AB,id=1a086ce6-1838-47e5-9f20-37175bb64552
2025-05-12 17:48:45,264 [1a086ce6-1838-47e5-9f20-37175bb64552@group-0C49BC0B38AB-FollowerState] INFO  server.RaftServerConfigKeys (ConfUtils.java:logGet(46)) - raft.server.rpc.first-election.timeout.min = 1000ms (custom)
2025-05-12 17:48:45,264 [1a086ce6-1838-47e5-9f20-37175bb64552@group-0C49BC0B38AB-FollowerState] INFO  server.RaftServerConfigKeys (ConfUtils.java:logGet(46)) - raft.server.rpc.first-election.timeout.max = 1200ms (custom)
2025-05-12 17:48:45,264 [1a086ce6-1838-47e5-9f20-37175bb64552-impl-thread1] INFO  server.RaftServerConfigKeys (ConfUtils.java:logGet(46)) - raft.server.snapshot.trigger-when-stop.enabled = true (default)
2025-05-12 17:48:45,265 [1a086ce6-1838-47e5-9f20-37175bb64552-impl-thread1] INFO  server.RaftServerConfigKeys (ConfUtils.java:logGet(46)) - raft.server.snapshot.trigger-when-remove.enabled = true (default)
2025-05-12 17:48:45,265 [1a086ce6-1838-47e5-9f20-37175bb64552-impl-thread1] INFO  server.RaftServerConfigKeys (ConfUtils.java:logGet(46)) - raft.server.snapshot.auto.trigger.enabled = true (custom)
2025-05-12 17:48:45,266 [1a086ce6-1838-47e5-9f20-37175bb64552-impl-thread1] INFO  server.RaftServerConfigKeys (ConfUtils.java:logGet(46)) - raft.server.snapshot.auto.trigger.threshold = 1000 (custom)
2025-05-12 17:48:45,266 [1a086ce6-1838-47e5-9f20-37175bb64552-impl-thread1] INFO  server.RaftServerConfigKeys (ConfUtils.java:logGet(46)) - raft.server.snapshot.retention.file.num = -1 (default)
2025-05-12 17:48:45,267 [1a086ce6-1838-47e5-9f20-37175bb64552-impl-thread1] INFO  server.RaftServerConfigKeys (ConfUtils.java:logGet(46)) - raft.server.log.purge.upto.snapshot.index = false (default)
2025-05-12 17:48:45,270 [1a086ce6-1838-47e5-9f20-37175bb64552-impl-thread1] INFO  server.RaftServer$Division (RaftServerImpl.java:start(405)) - 1a086ce6-1838-47e5-9f20-37175bb64552@group-0C49BC0B38AB: Successfully started.
2025-05-12 17:48:45,270 [main] INFO  server.RaftServer (RaftServerProxy.java:startImpl(407)) - 1a086ce6-1838-47e5-9f20-37175bb64552: start RPC server
2025-05-12 17:48:45,302 [main] INFO  server.GrpcService (GrpcService.java:startImpl(334)) - 1a086ce6-1838-47e5-9f20-37175bb64552: GrpcService started, listening on 15004
2025-05-12 17:48:45,304 [JvmPauseMonitor0] INFO  util.JvmPauseMonitor (JvmPauseMonitor.java:run(146)) - JvmPauseMonitor-1a086ce6-1838-47e5-9f20-37175bb64552: Started
2025-05-12 17:48:46,400 [1a086ce6-1838-47e5-9f20-37175bb64552@group-0C49BC0B38AB-FollowerState] INFO  impl.FollowerState (FollowerState.java:runImpl(161)) - 1a086ce6-1838-47e5-9f20-37175bb64552@group-0C49BC0B38AB-FollowerState: change to CANDIDATE, lastRpcElapsedTime:1139667835ns, electionTimeout:1135ms
2025-05-12 17:48:46,400 [1a086ce6-1838-47e5-9f20-37175bb64552@group-0C49BC0B38AB-FollowerState] INFO  impl.RoleInfo (RoleInfo.java:shutdownFollowerState(121)) - 1a086ce6-1838-47e5-9f20-37175bb64552: shutdown 1a086ce6-1838-47e5-9f20-37175bb64552@group-0C49BC0B38AB-FollowerState
2025-05-12 17:48:46,401 [1a086ce6-1838-47e5-9f20-37175bb64552@group-0C49BC0B38AB-FollowerState] INFO  server.RaftServer$Division (RaftServerImpl.java:setRole(378)) - 1a086ce6-1838-47e5-9f20-37175bb64552@group-0C49BC0B38AB: changes role from  FOLLOWER to CANDIDATE at term 0 for changeToCandidate
2025-05-12 17:48:46,403 [1a086ce6-1838-47e5-9f20-37175bb64552@group-0C49BC0B38AB-FollowerState] INFO  server.RaftServerConfigKeys (ConfUtils.java:logGet(46)) - raft.server.leaderelection.pre-vote = true (default)
2025-05-12 17:48:46,403 [1a086ce6-1838-47e5-9f20-37175bb64552@group-0C49BC0B38AB-FollowerState] INFO  impl.RoleInfo (RoleInfo.java:updateAndGet(148)) - 1a086ce6-1838-47e5-9f20-37175bb64552: start 1a086ce6-1838-47e5-9f20-37175bb64552@group-0C49BC0B38AB-LeaderElection1
2025-05-12 17:48:46,405 [1a086ce6-1838-47e5-9f20-37175bb64552@group-0C49BC0B38AB-LeaderElection1] INFO  impl.LeaderElection (LeaderElection.java:askForVotes(332)) - 1a086ce6-1838-47e5-9f20-37175bb64552@group-0C49BC0B38AB-LeaderElection1 PRE_VOTE round 0: submit vote requests at term 0 for conf: {index: -1, cur=peers:[1a086ce6-1838-47e5-9f20-37175bb64552|pkrvmberfyhpb9w:15004]|listeners:[], old=null}
2025-05-12 17:48:46,406 [1a086ce6-1838-47e5-9f20-37175bb64552@group-0C49BC0B38AB-LeaderElection1] INFO  impl.LeaderElection (LeaderElection.java:askForVotes(334)) - 1a086ce6-1838-47e5-9f20-37175bb64552@group-0C49BC0B38AB-LeaderElection1 PRE_VOTE round 0: result PASSED (term=0)
2025-05-12 17:48:46,408 [1a086ce6-1838-47e5-9f20-37175bb64552@group-0C49BC0B38AB-LeaderElection1] INFO  impl.LeaderElection (LeaderElection.java:askForVotes(332)) - 1a086ce6-1838-47e5-9f20-37175bb64552@group-0C49BC0B38AB-LeaderElection1 ELECTION round 0: submit vote requests at term 1 for conf: {index: -1, cur=peers:[1a086ce6-1838-47e5-9f20-37175bb64552|pkrvmberfyhpb9w:15004]|listeners:[], old=null}
2025-05-12 17:48:46,408 [1a086ce6-1838-47e5-9f20-37175bb64552@group-0C49BC0B38AB-LeaderElection1] INFO  impl.LeaderElection (LeaderElection.java:askForVotes(334)) - 1a086ce6-1838-47e5-9f20-37175bb64552@group-0C49BC0B38AB-LeaderElection1 ELECTION round 0: result PASSED (term=1)
2025-05-12 17:48:46,408 [1a086ce6-1838-47e5-9f20-37175bb64552@group-0C49BC0B38AB-LeaderElection1] INFO  impl.RoleInfo (RoleInfo.java:shutdownLeaderElection(141)) - 1a086ce6-1838-47e5-9f20-37175bb64552: shutdown 1a086ce6-1838-47e5-9f20-37175bb64552@group-0C49BC0B38AB-LeaderElection1
2025-05-12 17:48:46,409 [1a086ce6-1838-47e5-9f20-37175bb64552@group-0C49BC0B38AB-LeaderElection1] INFO  server.RaftServer$Division (RaftServerImpl.java:setRole(378)) - 1a086ce6-1838-47e5-9f20-37175bb64552@group-0C49BC0B38AB: changes role from CANDIDATE to LEADER at term 1 for changeToLeader
2025-05-12 17:48:46,412 [1a086ce6-1838-47e5-9f20-37175bb64552@group-0C49BC0B38AB-LeaderElection1] INFO  server.RaftServerConfigKeys (ConfUtils.java:logGet(46)) - raft.server.staging.catchup.gap = 1000 (default)
2025-05-12 17:48:46,414 [1a086ce6-1838-47e5-9f20-37175bb64552@group-0C49BC0B38AB-LeaderElection1] INFO  server.RaftServerConfigKeys (ConfUtils.java:logGet(46)) - raft.server.write.element-limit = 4096 (default)
2025-05-12 17:48:46,414 [1a086ce6-1838-47e5-9f20-37175bb64552@group-0C49BC0B38AB-LeaderElection1] INFO  server.RaftServerConfigKeys (ConfUtils.java:logGet(46)) - raft.server.write.byte-limit = 64MB (=67108864) (default)
2025-05-12 17:48:46,416 [1a086ce6-1838-47e5-9f20-37175bb64552@group-0C49BC0B38AB-LeaderElection1] INFO  server.RaftServerConfigKeys (ConfUtils.java:logGet(46)) - raft.server.watch.timeout = 10s (default)
2025-05-12 17:48:46,417 [1a086ce6-1838-47e5-9f20-37175bb64552@group-0C49BC0B38AB-LeaderElection1] INFO  server.RaftServerConfigKeys (ConfUtils.java:logGet(46)) - raft.server.watch.timeout.denomination = 1s (default)
2025-05-12 17:48:46,417 [1a086ce6-1838-47e5-9f20-37175bb64552@group-0C49BC0B38AB-LeaderElection1] INFO  server.RaftServerConfigKeys (ConfUtils.java:logGet(46)) - raft.server.watch.element-limit = 65536 (default)
2025-05-12 17:48:46,421 [1a086ce6-1838-47e5-9f20-37175bb64552@group-0C49BC0B38AB-LeaderElection1] INFO  server.RaftServerConfigKeys (ConfUtils.java:logGet(46)) - raft.server.read.leader.lease.enabled = false (default)
2025-05-12 17:48:46,423 [1a086ce6-1838-47e5-9f20-37175bb64552@group-0C49BC0B38AB-LeaderElection1] INFO  server.RaftServerConfigKeys (ConfUtils.java:logGet(46)) - raft.server.read.leader.lease.timeout.ratio = 0.9 (default)
2025-05-12 17:48:46,423 [1a086ce6-1838-47e5-9f20-37175bb64552@group-0C49BC0B38AB-LeaderElection1] INFO  server.RaftServerConfigKeys (ConfUtils.java:logGet(46)) - raft.server.rpc.timeout.min = 5000ms (custom)
2025-05-12 17:48:46,423 [1a086ce6-1838-47e5-9f20-37175bb64552@group-0C49BC0B38AB-LeaderElection1] INFO  server.RaftServerConfigKeys (ConfUtils.java:logGet(46)) - raft.server.log.log-metadata.enabled = true (default)
2025-05-12 17:48:46,423 [1a086ce6-1838-47e5-9f20-37175bb64552@group-0C49BC0B38AB-LeaderElection1] INFO  server.RaftServerConfigKeys (ConfUtils.java:logGet(46)) - raft.server.write.element-limit = 4096 (default)
2025-05-12 17:48:46,424 [1a086ce6-1838-47e5-9f20-37175bb64552@group-0C49BC0B38AB-LeaderElection1] INFO  server.RaftServerConfigKeys (ConfUtils.java:logGet(46)) - raft.server.write.follower.gap.ratio.max = -1.0 (default)
2025-05-12 17:48:46,425 [1a086ce6-1838-47e5-9f20-37175bb64552@group-0C49BC0B38AB-LeaderElection1] INFO  impl.RoleInfo (RoleInfo.java:updateAndGet(148)) - 1a086ce6-1838-47e5-9f20-37175bb64552: start 1a086ce6-1838-47e5-9f20-37175bb64552@group-0C49BC0B38AB-LeaderStateImpl
2025-05-12 17:48:46,426 [1a086ce6-1838-47e5-9f20-37175bb64552@group-0C49BC0B38AB-LeaderElection1] INFO  server.RaftServer$Division (RaftServerImpl.java:setFirstElection(562)) - 1a086ce6-1838-47e5-9f20-37175bb64552@group-0C49BC0B38AB: set firstElectionSinceStartup to false for becomeLeader
2025-05-12 17:48:46,426 [1a086ce6-1838-47e5-9f20-37175bb64552@group-0C49BC0B38AB-LeaderElection1] INFO  server.RaftServer$Division (ServerState.java:setLeader(272)) - 1a086ce6-1838-47e5-9f20-37175bb64552@group-0C49BC0B38AB: change Leader from null to 1a086ce6-1838-47e5-9f20-37175bb64552 at term 1 for becomeLeader, leader elected after 1408ms
2025-05-12 17:48:46,438 [1a086ce6-1838-47e5-9f20-37175bb64552@group-0C49BC0B38AB-LeaderElection1] INFO  segmented.SegmentedRaftLogWorker (SegmentedRaftLogWorker.java:startLogSegment(438)) - 1a086ce6-1838-47e5-9f20-37175bb64552@group-0C49BC0B38AB-SegmentedRaftLogWorker: Starting segment from index:0
2025-05-12 17:48:46,453 [1a086ce6-1838-47e5-9f20-37175bb64552@group-0C49BC0B38AB-LeaderElection1] INFO  server.RaftServer$Division (ServerState.java:setRaftConf(386)) - 1a086ce6-1838-47e5-9f20-37175bb64552@group-0C49BC0B38AB: set configuration conf: {index: 0, cur=peers:[1a086ce6-1838-47e5-9f20-37175bb64552|pkrvmberfyhpb9w:15004]|listeners:[], old=null}
2025-05-12 17:48:46,457 [1a086ce6-1838-47e5-9f20-37175bb64552@group-0C49BC0B38AB-SegmentedRaftLogWorker] INFO  segmented.BufferedWriteChannel (BufferedWriteChannel.java:open(61)) - open log_inprogress_0 at position 0
2025-05-12 17:48:46,463 [1a086ce6-1838-47e5-9f20-37175bb64552@group-0C49BC0B38AB-SegmentedRaftLogWorker] INFO  segmented.SegmentedRaftLogWorker (SegmentedRaftLogWorker.java:execute(644)) - 1a086ce6-1838-47e5-9f20-37175bb64552@group-0C49BC0B38AB-SegmentedRaftLogWorker: created new log segment /home/runner/work/ozone/ozone/hadoop-ozone/integration-test/target/test-dir/MiniOzoneClusterImpl-c6da7ea4-2079-4fee-9bc9-0c49bc0b38ab/ozone-meta/scm-ha/c6da7ea4-2079-4fee-9bc9-0c49bc0b38ab/current/log_inprogress_0
2025-05-12 17:48:46,472 [1a086ce6-1838-47e5-9f20-37175bb64552@group-0C49BC0B38AB-StateMachineUpdater] INFO  server.RaftServer$Division (LeaderStateImpl.java:checkStartIndex(313)) - Leader 1a086ce6-1838-47e5-9f20-37175bb64552@group-0C49BC0B38AB-LeaderStateImpl is ready since appliedIndex == startIndex == 0
2025-05-12 17:48:47,305 [main] INFO  server.RaftServer (RaftServerProxy.java:lambda$close$9(417)) - 1a086ce6-1838-47e5-9f20-37175bb64552: close
2025-05-12 17:48:47,306 [1a086ce6-1838-47e5-9f20-37175bb64552-impl-thread1] INFO  server.RaftServer$Division (RaftServerImpl.java:lambda$close$1(513)) - 1a086ce6-1838-47e5-9f20-37175bb64552@group-0C49BC0B38AB: shutdown
2025-05-12 17:48:47,306 [main] INFO  server.GrpcService (GrpcService.java:closeImpl(343)) - 1a086ce6-1838-47e5-9f20-37175bb64552: shutdown server GrpcServerProtocolService now
2025-05-12 17:48:47,306 [1a086ce6-1838-47e5-9f20-37175bb64552-impl-thread1] INFO  util.JmxRegister (JmxRegister.java:unregister(74)) - Successfully un-registered JMX Bean with object name Ratis:service=RaftServer,group=group-0C49BC0B38AB,id=1a086ce6-1838-47e5-9f20-37175bb64552
2025-05-12 17:48:47,306 [1a086ce6-1838-47e5-9f20-37175bb64552-impl-thread1] INFO  impl.RoleInfo (RoleInfo.java:shutdownLeaderState(103)) - 1a086ce6-1838-47e5-9f20-37175bb64552: shutdown 1a086ce6-1838-47e5-9f20-37175bb64552@group-0C49BC0B38AB-LeaderStateImpl
2025-05-12 17:48:47,310 [1a086ce6-1838-47e5-9f20-37175bb64552-impl-thread1] INFO  impl.PendingRequests (PendingRequests.java:sendNotLeaderResponses(287)) - 1a086ce6-1838-47e5-9f20-37175bb64552@group-0C49BC0B38AB-PendingRequests: sendNotLeaderResponses
2025-05-12 17:48:47,311 [main] INFO  server.GrpcService (GrpcService.java:closeImpl(352)) - 1a086ce6-1838-47e5-9f20-37175bb64552: shutdown server GrpcServerProtocolService successfully
2025-05-12 17:48:47,312 [1a086ce6-1838-47e5-9f20-37175bb64552-impl-thread1] INFO  impl.StateMachineUpdater (StateMachineUpdater.java:stopAndJoin(164)) - 1a086ce6-1838-47e5-9f20-37175bb64552@group-0C49BC0B38AB-StateMachineUpdater: set stopIndex = 0
2025-05-12 17:48:47,313 [1a086ce6-1838-47e5-9f20-37175bb64552@group-0C49BC0B38AB-StateMachineUpdater] INFO  impl.StateMachineUpdater (StateMachineUpdater.java:takeSnapshot(303)) - 1a086ce6-1838-47e5-9f20-37175bb64552@group-0C49BC0B38AB-StateMachineUpdater: Took a snapshot at index 0
2025-05-12 17:48:47,313 [1a086ce6-1838-47e5-9f20-37175bb64552@group-0C49BC0B38AB-StateMachineUpdater] INFO  impl.StateMachineUpdater (StateMachineUpdater.java:lambda$new$0(102)) - 1a086ce6-1838-47e5-9f20-37175bb64552@group-0C49BC0B38AB-StateMachineUpdater: snapshotIndex: updateIncreasingly -1 -> 0
2025-05-12 17:48:47,314 [1a086ce6-1838-47e5-9f20-37175bb64552@group-0C49BC0B38AB-StateMachineUpdater] INFO  impl.StateMachineUpdater (StateMachineUpdater.java:stop(141)) - 1a086ce6-1838-47e5-9f20-37175bb64552@group-0C49BC0B38AB-StateMachineUpdater: closing SCMStateMachine, lastApplied=(t:1, i:0)
2025-05-12 17:48:47,315 [1a086ce6-1838-47e5-9f20-37175bb64552@group-0C49BC0B38AB-cacheEviction-AwaitToRun] INFO  util.AwaitToRun (AwaitToRun.java:run(49)) - 1a086ce6-1838-47e5-9f20-37175bb64552@group-0C49BC0B38AB-cacheEviction-AwaitToRun-AwaitForSignal is interrupted
2025-05-12 17:48:47,469 [1a086ce6-1838-47e5-9f20-37175bb64552-impl-thread1] INFO  segmented.SegmentedRaftLogWorker (SegmentedRaftLogWorker.java:close(252)) - 1a086ce6-1838-47e5-9f20-37175bb64552@group-0C49BC0B38AB-SegmentedRaftLogWorker close()
2025-05-12 17:48:47,473 [JvmPauseMonitor0] INFO  util.JvmPauseMonitor (JvmPauseMonitor.java:run(152)) - JvmPauseMonitor-1a086ce6-1838-47e5-9f20-37175bb64552: Stopped
2025-05-12 17:48:47,498 [main] WARN  server.ServerUtils (ServerUtils.java:getScmDbDir(138)) - ozone.scm.db.dirs is not configured. We recommend adding this setting. Falling back to ozone.metadata.dirs instead.
2025-05-12 17:48:47,500 [main] INFO  ha.SCMHANodeDetails (SCMHANodeDetails.java:loadSCMHAConfig(162)) - ServiceID for StorageContainerManager is null
2025-05-12 17:48:47,500 [main] INFO  ha.SCMHANodeDetails (SCMHANodeDetails.java:loadSCMHAConfig(166)) - ozone.scm.default.service.id is not defined, falling back to ozone.scm.service.ids to find serviceID for StorageContainerManager if it is HA enabled cluster
2025-05-12 17:48:47,849 [main] WARN  utils.HAUtils (HAUtils.java:getMetaDir(311)) - ozone.scm.db.dirs is not configured. We recommend adding this setting. Falling back to ozone.metadata.dirs instead.
2025-05-12 17:48:47,947 [main] WARN  db.DBStoreBuilder (DBStoreBuilder.java:getDBDirPath(160)) - ozone.scm.db.dirs is not configured. We recommend adding this setting. Falling back to ozone.metadata.dirs instead.
2025-05-12 17:48:48,098 [main] INFO  net.NodeSchemaLoader (NodeSchemaLoader.java:loadSchemaFromFile(128)) - Loading schema from [jar:file:/home/runner/work/ozone/ozone/hadoop-hdds/common/target/hdds-common-2.1.0-SNAPSHOT.jar!/network-topology-default.xml]
2025-05-12 17:48:48,099 [main] INFO  net.NodeSchemaLoader (NodeSchemaLoader.java:loadSchema(175)) - Loading network topology layer schema file
2025-05-12 17:48:48,202 [main] INFO  ha.SCMRatisServerImpl (SCMRatisServerImpl.java:<init>(100)) - starting Raft server for scm:1a086ce6-1838-47e5-9f20-37175bb64552
2025-05-12 17:48:48,206 [main] INFO  server.RaftServerConfigKeys (ConfUtils.java:logGet(46)) - raft.server.log.appender.buffer.byte-limit = 4194304 (custom)
2025-05-12 17:48:48,209 [main] INFO  server.RaftServer (ConfUtils.java:logGet(46)) - raft.rpc.type = GRPC (default)
2025-05-12 17:48:48,209 [main] INFO  grpc.GrpcConfigKeys (ConfUtils.java:logFallback(53)) - raft.grpc.admin.host = null (fallback to raft.grpc.server.host)
2025-05-12 17:48:48,209 [main] INFO  grpc.GrpcConfigKeys (ConfUtils.java:logFallback(53)) - raft.grpc.admin.port = 15004 (fallback to raft.grpc.server.port)
2025-05-12 17:48:48,210 [main] INFO  grpc.GrpcConfigKeys (ConfUtils.java:logFallback(53)) - raft.grpc.client.host = null (fallback to raft.grpc.server.host)
2025-05-12 17:48:48,210 [main] INFO  grpc.GrpcConfigKeys (ConfUtils.java:logFallback(53)) - raft.grpc.client.port = 15004 (fallback to raft.grpc.server.port)
2025-05-12 17:48:48,210 [main] INFO  grpc.GrpcConfigKeys (ConfUtils.java:logGet(46)) - raft.grpc.server.host = null (default)
2025-05-12 17:48:48,210 [main] INFO  grpc.GrpcConfigKeys (ConfUtils.java:logGet(46)) - raft.grpc.server.port = 15004 (custom)
2025-05-12 17:48:48,210 [main] INFO  server.GrpcService (ConfUtils.java:logGet(46)) - raft.grpc.message.size.max = 5242880 (custom)
2025-05-12 17:48:48,211 [main] INFO  server.GrpcService (ConfUtils.java:logGet(46)) - raft.grpc.flow.control.window = 1MB (=1048576) (default)
2025-05-12 17:48:48,211 [main] INFO  server.RaftServerConfigKeys (ConfUtils.java:logGet(46)) - raft.server.rpc.request.timeout = 30000ms (custom)
2025-05-12 17:48:48,211 [main] INFO  grpc.GrpcConfigKeys (ConfUtils.java:logGet(46)) - raft.grpc.server.heartbeat.channel = true (default)
2025-05-12 17:48:48,211 [main] INFO  server.RaftServerConfigKeys (ConfUtils.java:logGet(46)) - raft.server.log.appender.buffer.byte-limit = 4194304 (custom)
2025-05-12 17:48:48,212 [main] INFO  grpc.GrpcConfigKeys (ConfUtils.java:logGet(46)) - raft.grpc.server.async.request.thread.pool.cached = true (default)
2025-05-12 17:48:48,212 [main] INFO  grpc.GrpcConfigKeys (ConfUtils.java:logGet(46)) - raft.grpc.server.async.request.thread.pool.size = 32 (default)
2025-05-12 17:48:48,213 [main] INFO  impl.DataStreamServerImpl (ConfUtils.java:logGet(46)) - raft.datastream.type = DISABLED (default)
2025-05-12 17:48:48,213 [main] INFO  server.RaftServerConfigKeys (ConfUtils.java:logGet(46)) - raft.server.sleep.deviation.threshold = 300ms (default)
2025-05-12 17:48:48,213 [main] INFO  server.RaftServerConfigKeys (ConfUtils.java:logGet(46)) - raft.server.close.threshold = 60s (default)
2025-05-12 17:48:48,214 [main] INFO  server.RaftServerConfigKeys (ConfUtils.java:logGet(46)) - raft.server.leaderelection.leader.step-down.wait-time = 10s (default)
2025-05-12 17:48:48,214 [main] INFO  server.RaftServerConfigKeys (ConfUtils.java:logGet(46)) - raft.server.storage.dir = [/home/runner/work/ozone/ozone/hadoop-ozone/integration-test/target/test-dir/MiniOzoneClusterImpl-c6da7ea4-2079-4fee-9bc9-0c49bc0b38ab/ozone-meta/scm-ha] (custom)
2025-05-12 17:48:48,214 [main] INFO  server.RaftServerConfigKeys (ConfUtils.java:logGet(46)) - raft.server.threadpool.proxy.cached = true (default)
2025-05-12 17:48:48,214 [main] INFO  server.RaftServerConfigKeys (ConfUtils.java:logGet(46)) - raft.server.threadpool.proxy.size = 0 (default)
2025-05-12 17:48:48,215 [1a086ce6-1838-47e5-9f20-37175bb64552-impl-thread1] INFO  server.RaftServer (RaftServerProxy.java:initGroupDir(265)) - 1a086ce6-1838-47e5-9f20-37175bb64552: found a subdirectory /home/runner/work/ozone/ozone/hadoop-ozone/integration-test/target/test-dir/MiniOzoneClusterImpl-c6da7ea4-2079-4fee-9bc9-0c49bc0b38ab/ozone-meta/scm-ha/c6da7ea4-2079-4fee-9bc9-0c49bc0b38ab
2025-05-12 17:48:48,216 [main] INFO  server.RaftServer (RaftServerProxy.java:addNew(100)) - 1a086ce6-1838-47e5-9f20-37175bb64552: addNew group-0C49BC0B38AB:[] returns group-0C49BC0B38AB:java.util.concurrent.CompletableFuture@3751acd7[Not completed]
2025-05-12 17:48:48,218 [1a086ce6-1838-47e5-9f20-37175bb64552-groupManagement] INFO  server.RaftServer$Division (RaftServerImpl.java:<init>(255)) - 1a086ce6-1838-47e5-9f20-37175bb64552: new RaftServerImpl for group-0C49BC0B38AB:[] with SCMStateMachine:uninitialized
2025-05-12 17:48:48,219 [1a086ce6-1838-47e5-9f20-37175bb64552-groupManagement] INFO  server.RaftServerConfigKeys (ConfUtils.java:logGet(46)) - raft.server.rpc.timeout.min = 5000ms (custom)
2025-05-12 17:48:48,219 [1a086ce6-1838-47e5-9f20-37175bb64552-groupManagement] INFO  server.RaftServerConfigKeys (ConfUtils.java:logGet(46)) - raft.server.rpc.timeout.max = 5200ms (custom)
2025-05-12 17:48:48,219 [1a086ce6-1838-47e5-9f20-37175bb64552-groupManagement] INFO  server.RaftServerConfigKeys (ConfUtils.java:logGet(46)) - raft.server.rpc.sleep.time = 25ms (default)
2025-05-12 17:48:48,219 [1a086ce6-1838-47e5-9f20-37175bb64552-groupManagement] INFO  server.RaftServerConfigKeys (ConfUtils.java:logGet(46)) - raft.server.rpc.slowness.timeout = 120000ms (custom)
2025-05-12 17:48:48,219 [1a086ce6-1838-47e5-9f20-37175bb64552-groupManagement] INFO  server.RaftServerConfigKeys (ConfUtils.java:logGet(46)) - raft.server.leaderelection.leader.step-down.wait-time = 10s (default)
2025-05-12 17:48:48,219 [1a086ce6-1838-47e5-9f20-37175bb64552-groupManagement] INFO  server.RaftServerConfigKeys (ConfUtils.java:logGet(46)) - raft.server.leaderelection.member.majority-add = false (default)
2025-05-12 17:48:48,220 [1a086ce6-1838-47e5-9f20-37175bb64552-groupManagement] INFO  server.RaftServerConfigKeys (ConfUtils.java:logGet(46)) - raft.server.sleep.deviation.threshold = 300ms (default)
2025-05-12 17:48:48,220 [1a086ce6-1838-47e5-9f20-37175bb64552-groupManagement] INFO  server.RaftServer$Division (ServerState.java:<init>(114)) - 1a086ce6-1838-47e5-9f20-37175bb64552@group-0C49BC0B38AB: ConfigurationManager, init=conf: {index: -1, cur=peers:[]|listeners:[], old=null}, confs=<EMPTY_MAP>
2025-05-12 17:48:48,220 [1a086ce6-1838-47e5-9f20-37175bb64552-groupManagement] INFO  server.RaftServerConfigKeys (ConfUtils.java:logGet(46)) - raft.server.notification.no-leader.timeout = 60s (default)
2025-05-12 17:48:48,220 [1a086ce6-1838-47e5-9f20-37175bb64552-groupManagement] INFO  server.RaftServerConfigKeys (ConfUtils.java:logGet(46)) - raft.server.read.timeout = 10s (default)
2025-05-12 17:48:48,220 [1a086ce6-1838-47e5-9f20-37175bb64552-groupManagement] INFO  server.RaftServerConfigKeys (ConfUtils.java:logGet(46)) - raft.server.retrycache.expirytime = 60000ms (default)
2025-05-12 17:48:48,220 [1a086ce6-1838-47e5-9f20-37175bb64552-groupManagement] INFO  server.RaftServerConfigKeys (ConfUtils.java:logGet(46)) - raft.server.retrycache.statistics.expirytime = 100ms (default)
2025-05-12 17:48:48,221 [1a086ce6-1838-47e5-9f20-37175bb64552-groupManagement] INFO  server.RaftServerConfigKeys (ConfUtils.java:logGet(46)) - raft.server.read.option = DEFAULT (default)
2025-05-12 17:48:48,221 [1a086ce6-1838-47e5-9f20-37175bb64552-groupManagement] INFO  server.RaftServerConfigKeys (ConfUtils.java:logGet(46)) - raft.server.read.read-after-write-consistent.write-index-cache.expiry-time = 60s (default)
2025-05-12 17:48:48,230 [1a086ce6-1838-47e5-9f20-37175bb64552-groupManagement] INFO  server.RaftServerConfigKeys (ConfUtils.java:logGet(46)) - raft.server.rpc.request.timeout = 30000ms (custom)
2025-05-12 17:48:48,231 [1a086ce6-1838-47e5-9f20-37175bb64552-groupManagement] INFO  server.RaftServerConfigKeys (ConfUtils.java:logGet(46)) - raft.server.log.appender.install.snapshot.enabled = false (custom)
2025-05-12 17:48:48,231 [1a086ce6-1838-47e5-9f20-37175bb64552-groupManagement] INFO  server.RaftServerConfigKeys (ConfUtils.java:logGet(46)) - raft.server.threadpool.server.cached = true (default)
2025-05-12 17:48:48,231 [1a086ce6-1838-47e5-9f20-37175bb64552-groupManagement] INFO  server.RaftServerConfigKeys (ConfUtils.java:logGet(46)) - raft.server.threadpool.server.size = 0 (default)
2025-05-12 17:48:48,231 [1a086ce6-1838-47e5-9f20-37175bb64552-groupManagement] INFO  server.RaftServerConfigKeys (ConfUtils.java:logGet(46)) - raft.server.threadpool.client.cached = true (default)
2025-05-12 17:48:48,231 [1a086ce6-1838-47e5-9f20-37175bb64552-groupManagement] INFO  server.RaftServerConfigKeys (ConfUtils.java:logGet(46)) - raft.server.threadpool.client.size = 0 (default)
2025-05-12 17:48:48,232 [main] INFO  ha.SCMSnapshotProvider (SCMSnapshotProvider.java:<init>(61)) - Initializing SCM Snapshot Provider
2025-05-12 17:48:48,233 [main] WARN  server.ServerUtils (ServerUtils.java:getDefaultRatisDirectory(304)) - Storage directory for Ratis is not configured. It is a good idea to map this to an SSD disk. Falling back to ozone.metadata.dirs
2025-05-12 17:48:48,234 [main] WARN  ha.SCMHAUtils (SCMHAUtils.java:getSCMRatisSnapshotDirectory(120)) - SCM snapshot dir is not configured. Falling back to ozone.metadata.dirs config
2025-05-12 17:48:48,258 [main] INFO  upgrade.AbstractLayoutVersionManager (AbstractLayoutVersionManager.java:init(80)) - Initializing Layout version manager with metadata layout = HBASE_SUPPORT (version = 8), software layout = HBASE_SUPPORT (version = 8)
2025-05-12 17:48:48,284 [main] INFO  ha.SequenceIdGenerator (SequenceIdGenerator.java:upgradeToSequenceId(355)) - upgrade localId to 115816896921600000
2025-05-12 17:48:48,286 [main] INFO  ha.SequenceIdGenerator (SequenceIdGenerator.java:upgradeToSequenceId(365)) - upgrade delTxnId to 0
2025-05-12 17:48:48,291 [main] INFO  ha.SequenceIdGenerator (SequenceIdGenerator.java:upgradeToSequenceId(382)) - upgrade containerId to 0
2025-05-12 17:48:48,294 [main] INFO  ha.SequenceIdGenerator (SequenceIdGenerator.java:upgradeToCertificateSequenceId(419)) - upgrade CertificateId to 2
2025-05-12 17:48:48,296 [main] INFO  ha.SequenceIdGenerator (SequenceIdGenerator.java:<init>(232)) - Init the HA SequenceIdGenerator.
2025-05-12 17:48:48,341 [main] WARN  server.ServerUtils (ServerUtils.java:sanitizeUserArgs(76)) - ozone.scm.stale.node.interval value = 300000 is larger than max = 100000 based on the key value of ozone.scm.heartbeat.thread.interval, reset to the max value 100000.
2025-05-12 17:48:48,342 [main] WARN  server.ServerUtils (ServerUtils.java:sanitizeUserArgs(76)) - ozone.scm.stale.node.interval value = 300000 is larger than max = 100000 based on the key value of ozone.scm.heartbeat.thread.interval, reset to the max value 100000.
2025-05-12 17:48:48,346 [main] INFO  node.SCMNodeManager (SCMNodeManager.java:<init>(182)) - Entering startup safe mode.
2025-05-12 17:48:48,359 [main] INFO  algorithms.ContainerPlacementPolicyFactory (ContainerPlacementPolicyFactory.java:getPolicyInternal(84)) - Create container placement policy of type org.apache.hadoop.hdds.scm.container.placement.algorithms.SCMContainerPlacementRackAware
2025-05-12 17:48:48,364 [main] INFO  algorithms.ContainerPlacementPolicyFactory (ContainerPlacementPolicyFactory.java:getPolicyInternal(84)) - Create container placement policy of type org.apache.hadoop.hdds.scm.container.placement.algorithms.SCMContainerPlacementRackScatter
2025-05-12 17:48:48,372 [main] INFO  pipeline.PipelineStateManagerImpl (PipelineStateManagerImpl.java:initialize(75)) - No pipeline exists in current db
2025-05-12 17:48:48,384 [main] INFO  algorithms.LeaderChoosePolicyFactory (LeaderChoosePolicyFactory.java:getPolicy(55)) - Create leader choose policy of type org.apache.hadoop.hdds.scm.pipeline.leader.choose.algorithms.MinLeaderCountChoosePolicy
2025-05-12 17:48:48,384 [main] INFO  algorithms.ContainerPlacementPolicyFactory (ContainerPlacementPolicyFactory.java:getPolicyInternal(84)) - Create container placement policy of type org.apache.hadoop.hdds.scm.container.placement.algorithms.SCMContainerPlacementRackScatter
2025-05-12 17:48:48,391 [main] INFO  ha.SCMServiceManager (SCMServiceManager.java:register(42)) - Registering service BackgroundPipelineCreator.
2025-05-12 17:48:48,391 [main] INFO  pipeline.BackgroundPipelineCreator (BackgroundPipelineCreator.java:start(126)) - Starting RatisPipelineUtilsThread.
2025-05-12 17:48:48,394 [main] INFO  BackgroundPipelineScrubber (BackgroundSCMService.java:start(64)) - Starting BackgroundPipelineScrubber Service.
2025-05-12 17:48:48,395 [main] INFO  ha.SCMServiceManager (SCMServiceManager.java:register(42)) - Registering service BackgroundPipelineScrubber.
2025-05-12 17:48:48,400 [main] INFO  ExpiredContainerReplicaOpScrubber (BackgroundSCMService.java:start(64)) - Starting ExpiredContainerReplicaOpScrubber Service.
2025-05-12 17:48:48,401 [main] INFO  ha.SCMServiceManager (SCMServiceManager.java:register(42)) - Registering service ExpiredContainerReplicaOpScrubber.
2025-05-12 17:48:48,427 [main] INFO  algorithms.PipelineChoosePolicyFactory (PipelineChoosePolicyFactory.java:createPipelineChoosePolicyFromClass(78)) - Create pipeline choose policy of type org.apache.hadoop.hdds.scm.pipeline.choose.algorithms.RandomPipelineChoosePolicy
2025-05-12 17:48:48,428 [main] INFO  algorithms.PipelineChoosePolicyFactory (PipelineChoosePolicyFactory.java:createPipelineChoosePolicyFromClass(78)) - Create pipeline choose policy of type org.apache.hadoop.hdds.scm.pipeline.choose.algorithms.RandomPipelineChoosePolicy
2025-05-12 17:48:48,460 [main] INFO  ha.SCMServiceManager (SCMServiceManager.java:register(42)) - Registering service SCMBlockDeletingService.
2025-05-12 17:48:48,508 [main] INFO  replication.ReplicationManager (ReplicationManager.java:start(285)) - Starting Replication Monitor Thread.
2025-05-12 17:48:48,510 [main] INFO  ha.SCMServiceManager (SCMServiceManager.java:register(42)) - Registering service ReplicationManager.
2025-05-12 17:48:48,520 [main] INFO  safemode.RatisContainerSafeModeRule (RatisContainerSafeModeRule.java:initializeRule(160)) - Refreshed Containers with one replica threshold count 0.
2025-05-12 17:48:48,521 [main] INFO  safemode.ECContainerSafeModeRule (ECContainerSafeModeRule.java:initializeRule(205)) - Refreshed Containers with ec n replica threshold count 0.
2025-05-12 17:48:48,525 [main] INFO  safemode.HealthyPipelineSafeModeRule (HealthyPipelineSafeModeRule.java:initializeRule(177)) - Total pipeline count is 0, healthy pipeline threshold count is 0
2025-05-12 17:48:48,527 [main] INFO  safemode.OneReplicaPipelineSafeModeRule (OneReplicaPipelineSafeModeRule.java:initializeRule(190)) - Total pipeline count is 0, pipeline's with at least one datanode reported threshold count is 0
2025-05-12 17:48:48,572 [main] INFO  server.StorageContainerManager (StorageContainerManager.java:<init>(430)) - SCM start with adminUsers: [runner]
2025-05-12 17:48:48,786 [main] INFO  audit.AuditLogger (AuditLogger.java:refreshDebugCmdSet(133)) - Refresh DebugCmdSet for SCMAudit to [].
2025-05-12 17:48:48,803 [main] INFO  ipc.CallQueueManager (CallQueueManager.java:<init>(93)) - Using callQueue: class java.util.concurrent.LinkedBlockingQueue, queueCapacity: 10000, scheduler: class org.apache.hadoop.ipc.DefaultRpcScheduler, ipcBackoff: false, ipcFailOver: false.
2025-05-12 17:48:48,822 [main] INFO  ipc.Server (Server.java:<init>(1438)) - Listener at 0.0.0.0:15002
2025-05-12 17:48:48,823 [Socket Reader #1 for port 15002] INFO  ipc.Server (Server.java:run(1474)) - Starting Socket Reader #1 for port 15002
2025-05-12 17:48:48,824 [Socket Reader #2 for port 15002] INFO  ipc.Server (Server.java:run(1474)) - Starting Socket Reader #2 for port 15002
2025-05-12 17:48:48,825 [Socket Reader #3 for port 15002] INFO  ipc.Server (Server.java:run(1474)) - Starting Socket Reader #3 for port 15002
2025-05-12 17:48:48,825 [Socket Reader #4 for port 15002] INFO  ipc.Server (Server.java:run(1474)) - Starting Socket Reader #4 for port 15002
2025-05-12 17:48:48,825 [Socket Reader #5 for port 15002] INFO  ipc.Server (Server.java:run(1474)) - Starting Socket Reader #5 for port 15002
2025-05-12 17:48:48,826 [Socket Reader #6 for port 15002] INFO  ipc.Server (Server.java:run(1474)) - Starting Socket Reader #6 for port 15002
2025-05-12 17:48:48,826 [Socket Reader #8 for port 15002] INFO  ipc.Server (Server.java:run(1474)) - Starting Socket Reader #8 for port 15002
2025-05-12 17:48:48,827 [Socket Reader #9 for port 15002] INFO  ipc.Server (Server.java:run(1474)) - Starting Socket Reader #9 for port 15002
2025-05-12 17:48:48,828 [Socket Reader #10 for port 15002] INFO  ipc.Server (Server.java:run(1474)) - Starting Socket Reader #10 for port 15002
2025-05-12 17:48:48,828 [Socket Reader #7 for port 15002] INFO  ipc.Server (Server.java:run(1474)) - Starting Socket Reader #7 for port 15002
2025-05-12 17:48:48,861 [main] INFO  audit.AuditLogger (AuditLogger.java:refreshDebugCmdSet(133)) - Refresh DebugCmdSet for SCMAudit to [].
2025-05-12 17:48:48,865 [main] INFO  ipc.CallQueueManager (CallQueueManager.java:<init>(93)) - Using callQueue: class java.util.concurrent.LinkedBlockingQueue, queueCapacity: 10000, scheduler: class org.apache.hadoop.ipc.DefaultRpcScheduler, ipcBackoff: false, ipcFailOver: false.
2025-05-12 17:48:48,865 [main] INFO  ipc.Server (Server.java:<init>(1438)) - Listener at 0.0.0.0:15001
2025-05-12 17:48:48,866 [Socket Reader #1 for port 15001] INFO  ipc.Server (Server.java:run(1474)) - Starting Socket Reader #1 for port 15001
2025-05-12 17:48:48,867 [Socket Reader #3 for port 15001] INFO  ipc.Server (Server.java:run(1474)) - Starting Socket Reader #3 for port 15001
2025-05-12 17:48:48,867 [Socket Reader #4 for port 15001] INFO  ipc.Server (Server.java:run(1474)) - Starting Socket Reader #4 for port 15001
2025-05-12 17:48:48,866 [Socket Reader #2 for port 15001] INFO  ipc.Server (Server.java:run(1474)) - Starting Socket Reader #2 for port 15001
2025-05-12 17:48:48,868 [Socket Reader #5 for port 15001] INFO  ipc.Server (Server.java:run(1474)) - Starting Socket Reader #5 for port 15001
2025-05-12 17:48:48,869 [Socket Reader #6 for port 15001] INFO  ipc.Server (Server.java:run(1474)) - Starting Socket Reader #6 for port 15001
2025-05-12 17:48:48,869 [Socket Reader #7 for port 15001] INFO  ipc.Server (Server.java:run(1474)) - Starting Socket Reader #7 for port 15001
2025-05-12 17:48:48,870 [Socket Reader #8 for port 15001] INFO  ipc.Server (Server.java:run(1474)) - Starting Socket Reader #8 for port 15001
2025-05-12 17:48:48,871 [Socket Reader #9 for port 15001] INFO  ipc.Server (Server.java:run(1474)) - Starting Socket Reader #9 for port 15001
2025-05-12 17:48:48,871 [Socket Reader #10 for port 15001] INFO  ipc.Server (Server.java:run(1474)) - Starting Socket Reader #10 for port 15001
2025-05-12 17:48:48,896 [main] INFO  audit.AuditLogger (AuditLogger.java:refreshDebugCmdSet(133)) - Refresh DebugCmdSet for SCMAudit to [].
2025-05-12 17:48:48,904 [main] INFO  ipc.CallQueueManager (CallQueueManager.java:<init>(93)) - Using callQueue: class java.util.concurrent.LinkedBlockingQueue, queueCapacity: 10000, scheduler: class org.apache.hadoop.ipc.DefaultRpcScheduler, ipcBackoff: false, ipcFailOver: false.
2025-05-12 17:48:48,904 [main] INFO  ipc.Server (Server.java:<init>(1438)) - Listener at 0.0.0.0:15000
2025-05-12 17:48:48,905 [Socket Reader #1 for port 15000] INFO  ipc.Server (Server.java:run(1474)) - Starting Socket Reader #1 for port 15000
2025-05-12 17:48:48,906 [Socket Reader #2 for port 15000] INFO  ipc.Server (Server.java:run(1474)) - Starting Socket Reader #2 for port 15000
2025-05-12 17:48:48,906 [Socket Reader #3 for port 15000] INFO  ipc.Server (Server.java:run(1474)) - Starting Socket Reader #3 for port 15000
2025-05-12 17:48:48,906 [Socket Reader #4 for port 15000] INFO  ipc.Server (Server.java:run(1474)) - Starting Socket Reader #4 for port 15000
2025-05-12 17:48:48,907 [Socket Reader #5 for port 15000] INFO  ipc.Server (Server.java:run(1474)) - Starting Socket Reader #5 for port 15000
2025-05-12 17:48:48,907 [Socket Reader #6 for port 15000] INFO  ipc.Server (Server.java:run(1474)) - Starting Socket Reader #6 for port 15000
2025-05-12 17:48:48,908 [Socket Reader #7 for port 15000] INFO  ipc.Server (Server.java:run(1474)) - Starting Socket Reader #7 for port 15000
2025-05-12 17:48:48,908 [Socket Reader #8 for port 15000] INFO  ipc.Server (Server.java:run(1474)) - Starting Socket Reader #8 for port 15000
2025-05-12 17:48:48,909 [Socket Reader #9 for port 15000] INFO  ipc.Server (Server.java:run(1474)) - Starting Socket Reader #9 for port 15000
2025-05-12 17:48:48,909 [Socket Reader #10 for port 15000] INFO  ipc.Server (Server.java:run(1474)) - Starting Socket Reader #10 for port 15000
2025-05-12 17:48:48,946 [main] INFO  ha.SCMServiceManager (SCMServiceManager.java:register(42)) - Registering service ContainerBalancer.
2025-05-12 17:48:48,947 [main] INFO  ha.SCMContext (SCMContext.java:updateSafeModeStatus(224)) - Update SafeModeStatus from SafeModeStatus{safeModeStatus=true, preCheckPassed=false} to SafeModeStatus{safeModeStatus=true, preCheckPassed=false}.
2025-05-12 17:48:48,958 [main] INFO  server.StorageContainerManager (StorageContainerManager.java:start(1507)) - StorageContainerLocationProtocol RPC server is listening at /0.0.0.0:15000
2025-05-12 17:48:48,959 [main] INFO  ha.SCMRatisServerImpl (SCMRatisServerImpl.java:start(203)) - starting ratis server 0.0.0.0:15004
2025-05-12 17:48:48,960 [1a086ce6-1838-47e5-9f20-37175bb64552-impl-thread1] INFO  server.RaftServerConfigKeys (ConfUtils.java:logGet(46)) - raft.server.storage.free-space.min = 0MB (=0) (default)
2025-05-12 17:48:48,960 [1a086ce6-1838-47e5-9f20-37175bb64552-impl-thread1] INFO  server.RaftServerConfigKeys (ConfUtils.java:logGet(46)) - raft.server.log.corruption.policy = EXCEPTION (default)
2025-05-12 17:48:48,960 [1a086ce6-1838-47e5-9f20-37175bb64552-impl-thread1] INFO  server.RaftServerConfigKeys (ConfUtils.java:logGet(46)) - raft.server.storage.dir = [/home/runner/work/ozone/ozone/hadoop-ozone/integration-test/target/test-dir/MiniOzoneClusterImpl-c6da7ea4-2079-4fee-9bc9-0c49bc0b38ab/ozone-meta/scm-ha] (custom)
2025-05-12 17:48:48,962 [1a086ce6-1838-47e5-9f20-37175bb64552-impl-thread1] INFO  storage.RaftStorageDirectory (RaftStorageDirectoryImpl.java:tryLock(229)) - Lock on /home/runner/work/ozone/ozone/hadoop-ozone/integration-test/target/test-dir/MiniOzoneClusterImpl-c6da7ea4-2079-4fee-9bc9-0c49bc0b38ab/ozone-meta/scm-ha/c6da7ea4-2079-4fee-9bc9-0c49bc0b38ab/in_use.lock acquired by nodename 120609@pkrvmberfyhpb9w
2025-05-12 17:48:48,964 [1a086ce6-1838-47e5-9f20-37175bb64552-impl-thread1] INFO  storage.RaftStorage (RaftStorageImpl.java:analyzeAndRecoverStorage(118)) - Read RaftStorageMetadata{term=1, votedFor=1a086ce6-1838-47e5-9f20-37175bb64552} from /home/runner/work/ozone/ozone/hadoop-ozone/integration-test/target/test-dir/MiniOzoneClusterImpl-c6da7ea4-2079-4fee-9bc9-0c49bc0b38ab/ozone-meta/scm-ha/c6da7ea4-2079-4fee-9bc9-0c49bc0b38ab/current/raft-meta
2025-05-12 17:48:48,966 [1a086ce6-1838-47e5-9f20-37175bb64552-impl-thread1] INFO  server.RaftServer$Division (ServerState.java:setRaftConf(386)) - 1a086ce6-1838-47e5-9f20-37175bb64552@group-0C49BC0B38AB: set configuration conf: {index: 0, cur=peers:[1a086ce6-1838-47e5-9f20-37175bb64552|pkrvmberfyhpb9w:15004]|listeners:[], old=null}
2025-05-12 17:48:48,967 [1a086ce6-1838-47e5-9f20-37175bb64552-impl-thread1] INFO  ha.SCMStateMachine (SCMStateMachine.java:lambda$initialize$0(135)) - 1a086ce6-1838-47e5-9f20-37175bb64552: initialize group-0C49BC0B38AB
2025-05-12 17:48:48,967 [1a086ce6-1838-47e5-9f20-37175bb64552-impl-thread1] INFO  server.RaftServerConfigKeys (ConfUtils.java:logGet(46)) - raft.server.log.use.memory = false (default)
2025-05-12 17:48:48,967 [1a086ce6-1838-47e5-9f20-37175bb64552-impl-thread1] INFO  server.RaftServerConfigKeys (ConfUtils.java:logGet(46)) - raft.server.log.purge.gap = 1000000 (custom)
2025-05-12 17:48:48,967 [1a086ce6-1838-47e5-9f20-37175bb64552-impl-thread1] INFO  server.RaftServerConfigKeys (ConfUtils.java:logGet(46)) - raft.server.log.appender.buffer.byte-limit = 4194304 (custom)
2025-05-12 17:48:48,967 [1a086ce6-1838-47e5-9f20-37175bb64552-impl-thread1] INFO  server.RaftServerConfigKeys (ConfUtils.java:logGet(46)) - raft.server.log.statemachine.data.read.timeout = 1000ms (default)
2025-05-12 17:48:48,967 [1a086ce6-1838-47e5-9f20-37175bb64552-impl-thread1] INFO  server.RaftServerConfigKeys (ConfUtils.java:logGet(46)) - raft.server.log.purge.preservation.log.num = 0 (default)
2025-05-12 17:48:48,970 [1a086ce6-1838-47e5-9f20-37175bb64552-impl-thread1] INFO  server.RaftServerConfigKeys (ConfUtils.java:logGet(46)) - raft.server.log.segment.size.max = 4194304 (custom)
2025-05-12 17:48:48,970 [1a086ce6-1838-47e5-9f20-37175bb64552-impl-thread1] INFO  server.RaftServerConfigKeys (ConfUtils.java:logGet(46)) - raft.server.log.segment.cache.num.max = 2 (custom)
2025-05-12 17:48:48,970 [1a086ce6-1838-47e5-9f20-37175bb64552-impl-thread1] INFO  server.RaftServerConfigKeys (ConfUtils.java:logGet(46)) - raft.server.log.segment.cache.size.max = 200MB (=209715200) (default)
2025-05-12 17:48:48,970 [1a086ce6-1838-47e5-9f20-37175bb64552-impl-thread1] INFO  server.RaftServerConfigKeys (ConfUtils.java:logGet(46)) - raft.server.log.appender.buffer.byte-limit = 4194304 (custom)
2025-05-12 17:48:48,972 [1a086ce6-1838-47e5-9f20-37175bb64552-impl-thread1] INFO  util.AwaitToRun (AwaitToRun.java:start(81)) - Thread[#112,1a086ce6-1838-47e5-9f20-37175bb64552@group-0C49BC0B38AB-cacheEviction-AwaitToRun,5,main] started
2025-05-12 17:48:48,972 [1a086ce6-1838-47e5-9f20-37175bb64552-impl-thread1] INFO  segmented.SegmentedRaftLogWorker (SegmentedRaftLogWorker.java:<init>(188)) - new 1a086ce6-1838-47e5-9f20-37175bb64552@group-0C49BC0B38AB-SegmentedRaftLogWorker for RaftStorageImpl:Storage Directory /home/runner/work/ozone/ozone/hadoop-ozone/integration-test/target/test-dir/MiniOzoneClusterImpl-c6da7ea4-2079-4fee-9bc9-0c49bc0b38ab/ozone-meta/scm-ha/c6da7ea4-2079-4fee-9bc9-0c49bc0b38ab
2025-05-12 17:48:48,972 [1a086ce6-1838-47e5-9f20-37175bb64552-impl-thread1] INFO  server.RaftServerConfigKeys (ConfUtils.java:logGet(46)) - raft.server.log.queue.byte-limit = 64MB (=67108864) (default)
2025-05-12 17:48:48,972 [1a086ce6-1838-47e5-9f20-37175bb64552-impl-thread1] INFO  server.RaftServerConfigKeys (ConfUtils.java:logGet(46)) - raft.server.log.queue.element-limit = 4096 (default)
2025-05-12 17:48:48,973 [1a086ce6-1838-47e5-9f20-37175bb64552-impl-thread1] INFO  server.RaftServerConfigKeys (ConfUtils.java:logGet(46)) - raft.server.log.segment.size.max = 4194304 (custom)
2025-05-12 17:48:48,973 [1a086ce6-1838-47e5-9f20-37175bb64552-impl-thread1] INFO  server.RaftServerConfigKeys (ConfUtils.java:logGet(46)) - raft.server.log.preallocated.size = 4194304 (custom)
2025-05-12 17:48:48,973 [1a086ce6-1838-47e5-9f20-37175bb64552-impl-thread1] INFO  server.RaftServerConfigKeys (ConfUtils.java:logGet(46)) - raft.server.log.force.sync.num = 128 (default)
2025-05-12 17:48:48,973 [1a086ce6-1838-47e5-9f20-37175bb64552-impl-thread1] INFO  server.RaftServerConfigKeys (ConfUtils.java:logGet(46)) - raft.server.log.statemachine.data.sync = true (default)
2025-05-12 17:48:48,973 [1a086ce6-1838-47e5-9f20-37175bb64552-impl-thread1] INFO  server.RaftServerConfigKeys (ConfUtils.java:logGet(46)) - raft.server.log.statemachine.data.sync.timeout = 10s (default)
2025-05-12 17:48:48,973 [1a086ce6-1838-47e5-9f20-37175bb64552-impl-thread1] INFO  server.RaftServerConfigKeys (ConfUtils.java:logGet(46)) - raft.server.log.statemachine.data.sync.timeout.retry = -1 (default)
2025-05-12 17:48:48,974 [1a086ce6-1838-47e5-9f20-37175bb64552-impl-thread1] INFO  server.RaftServerConfigKeys (ConfUtils.java:logGet(46)) - raft.server.log.write.buffer.size = 4194312 (custom)
2025-05-12 17:48:48,975 [1a086ce6-1838-47e5-9f20-37175bb64552-impl-thread1] INFO  server.RaftServerConfigKeys (ConfUtils.java:logGet(46)) - raft.server.log.appender.buffer.byte-limit = 4194304 (custom)
2025-05-12 17:48:48,975 [1a086ce6-1838-47e5-9f20-37175bb64552-impl-thread1] INFO  server.RaftServerConfigKeys (ConfUtils.java:logGet(46)) - raft.server.log.unsafe-flush.enabled = false (default)
2025-05-12 17:48:48,976 [1a086ce6-1838-47e5-9f20-37175bb64552-impl-thread1] INFO  server.RaftServerConfigKeys (ConfUtils.java:logGet(46)) - raft.server.log.async-flush.enabled = false (default)
2025-05-12 17:48:48,976 [1a086ce6-1838-47e5-9f20-37175bb64552-impl-thread1] INFO  server.RaftServerConfigKeys (ConfUtils.java:logGet(46)) - raft.server.log.statemachine.data.caching.enabled = false (default)
2025-05-12 17:48:48,981 [1a086ce6-1838-47e5-9f20-37175bb64552-impl-thread1] INFO  server.RaftServer$Division (ServerState.java:setRaftConf(386)) - 1a086ce6-1838-47e5-9f20-37175bb64552@group-0C49BC0B38AB: set configuration conf: {index: 0, cur=peers:[1a086ce6-1838-47e5-9f20-37175bb64552|pkrvmberfyhpb9w:15004]|listeners:[], old=null}
2025-05-12 17:48:48,981 [1a086ce6-1838-47e5-9f20-37175bb64552-impl-thread1] INFO  segmented.LogSegment (LogSegment.java:loadSegment(171)) - Successfully read 1 entries from segment file /home/runner/work/ozone/ozone/hadoop-ozone/integration-test/target/test-dir/MiniOzoneClusterImpl-c6da7ea4-2079-4fee-9bc9-0c49bc0b38ab/ozone-meta/scm-ha/c6da7ea4-2079-4fee-9bc9-0c49bc0b38ab/current/log_inprogress_0
2025-05-12 17:48:48,982 [1a086ce6-1838-47e5-9f20-37175bb64552-impl-thread1] INFO  segmented.SegmentedRaftLogWorker (SegmentedRaftLogWorker.java:lambda$new$0(139)) - 1a086ce6-1838-47e5-9f20-37175bb64552@group-0C49BC0B38AB-SegmentedRaftLogWorker: safeCacheEvictIndex: setUnconditionally 0 -> -1
2025-05-12 17:48:48,982 [1a086ce6-1838-47e5-9f20-37175bb64552-impl-thread1] INFO  segmented.BufferedWriteChannel (BufferedWriteChannel.java:open(61)) - open log_inprogress_0 (append) at position 82
2025-05-12 17:48:48,983 [1a086ce6-1838-47e5-9f20-37175bb64552-impl-thread1] INFO  server.RaftServer$Division (RaftServerImpl.java:start(391)) - 1a086ce6-1838-47e5-9f20-37175bb64552@group-0C49BC0B38AB: start as a follower, conf=conf: {index: 0, cur=peers:[1a086ce6-1838-47e5-9f20-37175bb64552|pkrvmberfyhpb9w:15004]|listeners:[], old=null}
2025-05-12 17:48:48,983 [1a086ce6-1838-47e5-9f20-37175bb64552-impl-thread1] INFO  server.RaftServer$Division (RaftServerImpl.java:setRole(378)) - 1a086ce6-1838-47e5-9f20-37175bb64552@group-0C49BC0B38AB: changes role from      null to FOLLOWER at term 1 for startAsFollower
2025-05-12 17:48:48,983 [1a086ce6-1838-47e5-9f20-37175bb64552-impl-thread1] INFO  impl.RoleInfo (RoleInfo.java:updateAndGet(148)) - 1a086ce6-1838-47e5-9f20-37175bb64552: start 1a086ce6-1838-47e5-9f20-37175bb64552@group-0C49BC0B38AB-FollowerState
2025-05-12 17:48:48,984 [1a086ce6-1838-47e5-9f20-37175bb64552@group-0C49BC0B38AB-FollowerState] INFO  server.RaftServerConfigKeys (ConfUtils.java:logGet(46)) - raft.server.rpc.first-election.timeout.min = 1000ms (custom)
2025-05-12 17:48:48,984 [1a086ce6-1838-47e5-9f20-37175bb64552@group-0C49BC0B38AB-FollowerState] INFO  server.RaftServerConfigKeys (ConfUtils.java:logGet(46)) - raft.server.rpc.first-election.timeout.max = 1200ms (custom)
2025-05-12 17:48:48,985 [1a086ce6-1838-47e5-9f20-37175bb64552-impl-thread1] INFO  util.JmxRegister (JmxRegister.java:tryRegister(44)) - Successfully registered JMX Bean with object name Ratis:service=RaftServer,group=group-0C49BC0B38AB,id=1a086ce6-1838-47e5-9f20-37175bb64552
2025-05-12 17:48:48,985 [1a086ce6-1838-47e5-9f20-37175bb64552-impl-thread1] INFO  util.JmxRegister (JmxRegister.java:register(58)) - register mxBean class org.apache.ratis.server.impl.RaftServerJmxAdapter as Ratis:service=RaftServer,group=group-0C49BC0B38AB,id=1a086ce6-1838-47e5-9f20-37175bb64552
2025-05-12 17:48:48,985 [1a086ce6-1838-47e5-9f20-37175bb64552-impl-thread1] INFO  server.RaftServerConfigKeys (ConfUtils.java:logGet(46)) - raft.server.snapshot.trigger-when-stop.enabled = true (default)
2025-05-12 17:48:48,985 [1a086ce6-1838-47e5-9f20-37175bb64552-impl-thread1] INFO  server.RaftServerConfigKeys (ConfUtils.java:logGet(46)) - raft.server.snapshot.trigger-when-remove.enabled = true (default)
2025-05-12 17:48:48,986 [1a086ce6-1838-47e5-9f20-37175bb64552-impl-thread1] INFO  server.RaftServerConfigKeys (ConfUtils.java:logGet(46)) - raft.server.snapshot.auto.trigger.enabled = true (custom)
2025-05-12 17:48:48,986 [1a086ce6-1838-47e5-9f20-37175bb64552-impl-thread1] INFO  server.RaftServerConfigKeys (ConfUtils.java:logGet(46)) - raft.server.snapshot.auto.trigger.threshold = 1000 (custom)
2025-05-12 17:48:48,986 [1a086ce6-1838-47e5-9f20-37175bb64552-impl-thread1] INFO  server.RaftServerConfigKeys (ConfUtils.java:logGet(46)) - raft.server.snapshot.retention.file.num = -1 (default)
2025-05-12 17:48:48,986 [1a086ce6-1838-47e5-9f20-37175bb64552-impl-thread1] INFO  server.RaftServerConfigKeys (ConfUtils.java:logGet(46)) - raft.server.log.purge.upto.snapshot.index = false (default)
2025-05-12 17:48:48,988 [1a086ce6-1838-47e5-9f20-37175bb64552-impl-thread1] INFO  server.RaftServer$Division (RaftServerImpl.java:start(405)) - 1a086ce6-1838-47e5-9f20-37175bb64552@group-0C49BC0B38AB: Successfully started.
2025-05-12 17:48:48,988 [main] INFO  server.RaftServer (RaftServerProxy.java:startImpl(407)) - 1a086ce6-1838-47e5-9f20-37175bb64552: start RPC server
2025-05-12 17:48:48,989 [main] INFO  server.GrpcService (GrpcService.java:startImpl(334)) - 1a086ce6-1838-47e5-9f20-37175bb64552: GrpcService started, listening on 15004
2025-05-12 17:48:48,990 [JvmPauseMonitor1] INFO  util.JvmPauseMonitor (JvmPauseMonitor.java:run(146)) - JvmPauseMonitor-1a086ce6-1838-47e5-9f20-37175bb64552: Started
2025-05-12 17:48:48,995 [main] INFO  ha.SCMHAManagerImpl (SCMHAManagerImpl.java:start(131)) -  scm role is FOLLOWER peers [1a086ce6-1838-47e5-9f20-37175bb64552|pkrvmberfyhpb9w:15004]
2025-05-12 17:48:48,995 [main] INFO  ha.InterSCMGrpcService (InterSCMGrpcProtocolService.java:start(98)) - Starting SCM Grpc Service at port 15005
2025-05-12 17:48:48,996 [main] INFO  SCMHATransactionMonitor (BackgroundSCMService.java:start(64)) - Starting SCMHATransactionMonitor Service.
2025-05-12 17:48:48,997 [main] INFO  ha.SCMServiceManager (SCMServiceManager.java:register(42)) - Registering service SCMHATransactionMonitor.
2025-05-12 17:48:48,997 [main] INFO  SCMHATransactionMonitor (BackgroundSCMService.java:start(61)) - SCMHATransactionMonitor Service is already running, skip start.
2025-05-12 17:48:49,033 [main] WARN  impl.MetricsConfig (MetricsConfig.java:loadFirst(138)) - Cannot locate configuration: tried hadoop-metrics2-storagecontainermanager.properties,hadoop-metrics2.properties
2025-05-12 17:48:49,041 [main] INFO  impl.MetricsSystemImpl (MetricsSystemImpl.java:startTimer(378)) - Scheduled Metric snapshot period at 10 second(s).
2025-05-12 17:48:49,042 [main] INFO  impl.MetricsSystemImpl (MetricsSystemImpl.java:start(191)) - StorageContainerManager metrics system started
2025-05-12 17:48:49,162 [main] INFO  server.SCMClientProtocolServer (SCMClientProtocolServer.java:start(207)) - RPC server for Client  is listening at /0.0.0.0:15000
2025-05-12 17:48:49,164 [IPC Server Responder] INFO  ipc.Server (Server.java:run(1713)) - IPC Server Responder: starting
2025-05-12 17:48:49,164 [IPC Server listener on 15000] INFO  ipc.Server (Server.java:run(1553)) - IPC Server listener on 15000: starting
2025-05-12 17:48:49,181 [main] INFO  server.StorageContainerManager (StorageContainerManager.java:start(1520)) - ScmBlockLocationProtocol RPC server is listening at /0.0.0.0:15001
2025-05-12 17:48:49,182 [main] INFO  server.SCMBlockProtocolServer (SCMBlockProtocolServer.java:start(166)) - RPC server for Block Protocol is listening at /0.0.0.0:15001
2025-05-12 17:48:49,183 [IPC Server Responder] INFO  ipc.Server (Server.java:run(1713)) - IPC Server Responder: starting
2025-05-12 17:48:49,183 [IPC Server listener on 15001] INFO  ipc.Server (Server.java:run(1553)) - IPC Server listener on 15001: starting
2025-05-12 17:48:49,209 [main] INFO  http.BaseHttpServer (BaseHttpServer.java:newHttpServer2BuilderForOzone(229)) - Starting Web-server for scm at: http://0.0.0.0:15003
2025-05-12 17:48:49,210 [main] INFO  http.BaseHttpServer (BaseHttpServer.java:<init>(107)) - Hadoop Security Enabled: false Ozone Security Enabled: false Ozone HTTP Security Enabled: false 
2025-05-12 17:48:49,227 [main] INFO  util.log (Log.java:initialized(170)) - Logging initialized @6154ms to org.eclipse.jetty.util.log.Slf4jLog
2025-05-12 17:48:49,298 [main] WARN  server.AuthenticationFilter (AuthenticationFilter.java:constructSecretProvider(240)) - Unable to initialize FileSignerSecretProvider, falling back to use random secrets. Reason: Could not read signature secret file: /home/runner/hadoop-http-auth-signature-secret
2025-05-12 17:48:49,320 [main] INFO  http.HttpServer2 (HttpServer2.java:addGlobalFilter(1042)) - Added global filter 'safety' (class=org.apache.hadoop.hdds.server.http.HttpServer2$QuotingInputFilter)
2025-05-12 17:48:49,322 [main] INFO  http.HttpServer2 (HttpServer2.java:addFilter(1018)) - Added filter static_user_filter (class=org.apache.hadoop.http.lib.StaticUserWebFilter$StaticUserFilter) to context scm
2025-05-12 17:48:49,322 [main] INFO  http.HttpServer2 (HttpServer2.java:addFilter(1026)) - Added filter static_user_filter (class=org.apache.hadoop.http.lib.StaticUserWebFilter$StaticUserFilter) to context static
2025-05-12 17:48:49,323 [main] INFO  http.HttpServer2 (HttpServer2.java:addFilter(1026)) - Added filter static_user_filter (class=org.apache.hadoop.http.lib.StaticUserWebFilter$StaticUserFilter) to context logs
2025-05-12 17:48:49,343 [main] INFO  http.BaseHttpServer (BaseHttpServer.java:<init>(195)) - HTTP server of scm uses base directory /home/runner/work/ozone/ozone/hadoop-ozone/integration-test/target/test-dir/MiniOzoneClusterImpl-c6da7ea4-2079-4fee-9bc9-0c49bc0b38ab/ozone-meta/webserver
2025-05-12 17:48:49,344 [main] INFO  http.HttpServer2 (HttpServer2.java:bindListener(1242)) - Jetty bound to port 15003
2025-05-12 17:48:49,345 [main] INFO  server.Server (Server.java:doStart(375)) - jetty-9.4.57.v20241219; built: 2025-01-08T21:24:30.412Z; git: df524e6b29271c2e09ba9aea83c18dc9db464a31; jvm 21.0.7+6-LTS
2025-05-12 17:48:49,364 [main] INFO  server.session (DefaultSessionIdManager.java:doStart(334)) - DefaultSessionIdManager workerName=node0
2025-05-12 17:48:49,365 [main] INFO  server.session (DefaultSessionIdManager.java:doStart(339)) - No SessionScavenger set, using defaults
2025-05-12 17:48:49,366 [main] INFO  server.session (HouseKeeper.java:startScavenging(132)) - node0 Scavenging every 600000ms
2025-05-12 17:48:49,375 [main] INFO  handler.ContextHandler (ContextHandler.java:doStart(921)) - Started o.e.j.s.ServletContextHandler@7388486e{logs,/logs,file:///home/runner/work/ozone/ozone/hadoop-ozone/integration-test/target/log,AVAILABLE}
2025-05-12 17:48:49,375 [main] INFO  handler.ContextHandler (ContextHandler.java:doStart(921)) - Started o.e.j.s.ServletContextHandler@14d6ede3{static,/static,file:///home/runner/work/ozone/ozone/hadoop-ozone/integration-test/target/test-classes/webapps/static,AVAILABLE}
2025-05-12 17:48:49,413 [main] INFO  handler.ContextHandler (ContextHandler.java:doStart(921)) - Started o.e.j.w.WebAppContext@3eb8057c{scm,/,file:///home/runner/work/ozone/ozone/hadoop-ozone/integration-test/target/test-classes/webapps/scm/,AVAILABLE}{file:/home/runner/work/ozone/ozone/hadoop-ozone/integration-test/target/test-classes/webapps/scm}
2025-05-12 17:48:49,419 [main] INFO  server.AbstractConnector (AbstractConnector.java:doStart(333)) - Started ServerConnector@2f3d5cd{HTTP/1.1, (http/1.1)}{0.0.0.0:15003}
2025-05-12 17:48:49,419 [main] INFO  server.Server (Server.java:doStart(415)) - Started @6346ms
2025-05-12 17:48:49,421 [main] INFO  impl.MetricsSinkAdapter (MetricsSinkAdapter.java:start(204)) - Sink prometheus started
2025-05-12 17:48:49,421 [main] INFO  impl.MetricsSystemImpl (MetricsSystemImpl.java:registerSink(305)) - Registered sink prometheus
2025-05-12 17:48:49,422 [main] INFO  http.BaseHttpServer (BaseHttpServer.java:updateConnectorAddress(359)) - HTTP server of scm listening at http://0.0.0.0:15003
2025-05-12 17:48:49,429 [main] WARN  server.ServerUtils (ServerUtils.java:getDBPath(292)) - ozone.om.db.dirs is not configured. We recommend adding this setting. Falling back to ozone.metadata.dirs instead.
2025-05-12 17:48:49,498 [main] INFO  audit.AuditLogger (AuditLogger.java:refreshDebugCmdSet(133)) - Refresh DebugCmdSet for OMAudit to [].
2025-05-12 17:48:49,520 [main] INFO  audit.AuditLogger (AuditLogger.java:refreshDebugCmdSet(133)) - Refresh DebugCmdSet for OMSystemAudit to [].
2025-05-12 17:48:49,566 [main] INFO  ha.OMHANodeDetails (OMHANodeDetails.java:loadOMHAConfig(113)) - ozone.om.internal.service.id is not defined, falling back to ozone.om.service.ids to find serviceID for OzoneManager if it is HA enabled cluster
2025-05-12 17:48:49,570 [main] INFO  ha.OMHANodeDetails (OMHANodeDetails.java:loadOMHAConfig(224)) - Configuration does not have ozone.om.address set. Falling back to the default OM address /127.0.0.1:15006
2025-05-12 17:48:49,570 [main] INFO  ha.OMHANodeDetails (OMHANodeDetails.java:getOMNodeDetailsForNonHA(252)) - OM Service ID is not set. Setting it to the default ID: omServiceIdDefault
2025-05-12 17:48:49,570 [main] INFO  ha.OMHANodeDetails (OMHANodeDetails.java:getOMNodeDetailsForNonHA(259)) - OM Node ID is not set. Setting it to the default ID: om1
2025-05-12 17:48:49,573 [main] WARN  server.ServerUtils (ServerUtils.java:getDBPath(292)) - ozone.om.db.dirs is not configured. We recommend adding this setting. Falling back to ozone.metadata.dirs instead.
2025-05-12 17:48:49,578 [main] INFO  upgrade.AbstractLayoutVersionManager (AbstractLayoutVersionManager.java:init(80)) - Initializing Layout version manager with metadata layout = DELEGATION_TOKEN_SYMMETRIC_SIGN (version = 8), software layout = DELEGATION_TOKEN_SYMMETRIC_SIGN (version = 8)
2025-05-12 17:48:49,710 [main] INFO  reflections.Reflections (Reflections.java:scan(219)) - Reflections took 131 ms to scan 2 urls, producing 207 keys and 618 values
2025-05-12 17:48:49,714 [main] INFO  upgrade.OMLayoutVersionManager (OMLayoutVersionManager.java:lambda$0(110)) - Skipping Upgrade Action QuotaRepairUpgradeAction since it has been finalized.
2025-05-12 17:48:49,716 [main] INFO  upgrade.OMLayoutVersionManager (OMLayoutVersionManager.java:lambda$0(110)) - Skipping Upgrade Action MockOmUpgradeAction since it has been finalized.
2025-05-12 17:48:49,717 [main] WARN  server.ServerUtils (ServerUtils.java:getDBPath(292)) - ozone.om.db.dirs is not configured. We recommend adding this setting. Falling back to ozone.metadata.dirs instead.
2025-05-12 17:48:49,722 [main] INFO  om.OzoneManager (OzoneManager.java:setReplicationFromConfig(4596)) - Set default replication in OM: RATIS/3 -> RATIS/THREE
2025-05-12 17:48:49,727 [main] INFO  proxy.SCMContainerLocationFailoverProxyProvider (SCMFailoverProxyProviderBase.java:<init>(120)) - Created fail-over proxy for protocol StorageContainerLocationProtocolPB with 1 nodes: [nodeId=scmNodeId,nodeAddress=/0.0.0.0:15000]
2025-05-12 17:48:49,763 [main] INFO  proxy.SCMBlockLocationFailoverProxyProvider (SCMFailoverProxyProviderBase.java:<init>(120)) - Created fail-over proxy for protocol ScmBlockLocationProtocolPB with 1 nodes: [nodeId=scmNodeId,nodeAddress=/0.0.0.0:15001]
2025-05-12 17:48:49,779 [main] INFO  proxy.SCMBlockLocationFailoverProxyProvider (SCMFailoverProxyProviderBase.java:<init>(120)) - Created fail-over proxy for protocol ScmBlockLocationProtocolPB with 1 nodes: [nodeId=scmNodeId,nodeAddress=/0.0.0.0:15001]
2025-05-12 17:48:50,095 [1a086ce6-1838-47e5-9f20-37175bb64552@group-0C49BC0B38AB-FollowerState] INFO  impl.FollowerState (FollowerState.java:runImpl(161)) - 1a086ce6-1838-47e5-9f20-37175bb64552@group-0C49BC0B38AB-FollowerState: change to CANDIDATE, lastRpcElapsedTime:1112023890ns, electionTimeout:1111ms
2025-05-12 17:48:50,096 [1a086ce6-1838-47e5-9f20-37175bb64552@group-0C49BC0B38AB-FollowerState] INFO  impl.RoleInfo (RoleInfo.java:shutdownFollowerState(121)) - 1a086ce6-1838-47e5-9f20-37175bb64552: shutdown 1a086ce6-1838-47e5-9f20-37175bb64552@group-0C49BC0B38AB-FollowerState
2025-05-12 17:48:50,096 [1a086ce6-1838-47e5-9f20-37175bb64552@group-0C49BC0B38AB-FollowerState] INFO  server.RaftServer$Division (RaftServerImpl.java:setRole(378)) - 1a086ce6-1838-47e5-9f20-37175bb64552@group-0C49BC0B38AB: changes role from  FOLLOWER to CANDIDATE at term 1 for changeToCandidate
2025-05-12 17:48:50,096 [1a086ce6-1838-47e5-9f20-37175bb64552@group-0C49BC0B38AB-FollowerState] INFO  server.RaftServerConfigKeys (ConfUtils.java:logGet(46)) - raft.server.leaderelection.pre-vote = true (default)
2025-05-12 17:48:50,096 [1a086ce6-1838-47e5-9f20-37175bb64552@group-0C49BC0B38AB-FollowerState] INFO  impl.RoleInfo (RoleInfo.java:updateAndGet(148)) - 1a086ce6-1838-47e5-9f20-37175bb64552: start 1a086ce6-1838-47e5-9f20-37175bb64552@group-0C49BC0B38AB-LeaderElection2
2025-05-12 17:48:50,097 [1a086ce6-1838-47e5-9f20-37175bb64552@group-0C49BC0B38AB-LeaderElection2] INFO  impl.LeaderElection (LeaderElection.java:askForVotes(332)) - 1a086ce6-1838-47e5-9f20-37175bb64552@group-0C49BC0B38AB-LeaderElection2 PRE_VOTE round 0: submit vote requests at term 1 for conf: {index: 0, cur=peers:[1a086ce6-1838-47e5-9f20-37175bb64552|pkrvmberfyhpb9w:15004]|listeners:[], old=null}
2025-05-12 17:48:50,097 [1a086ce6-1838-47e5-9f20-37175bb64552@group-0C49BC0B38AB-LeaderElection2] INFO  impl.LeaderElection (LeaderElection.java:askForVotes(334)) - 1a086ce6-1838-47e5-9f20-37175bb64552@group-0C49BC0B38AB-LeaderElection2 PRE_VOTE round 0: result PASSED (term=1)
2025-05-12 17:48:50,099 [1a086ce6-1838-47e5-9f20-37175bb64552@group-0C49BC0B38AB-LeaderElection2] INFO  impl.LeaderElection (LeaderElection.java:askForVotes(332)) - 1a086ce6-1838-47e5-9f20-37175bb64552@group-0C49BC0B38AB-LeaderElection2 ELECTION round 0: submit vote requests at term 2 for conf: {index: 0, cur=peers:[1a086ce6-1838-47e5-9f20-37175bb64552|pkrvmberfyhpb9w:15004]|listeners:[], old=null}
2025-05-12 17:48:50,099 [1a086ce6-1838-47e5-9f20-37175bb64552@group-0C49BC0B38AB-LeaderElection2] INFO  impl.LeaderElection (LeaderElection.java:askForVotes(334)) - 1a086ce6-1838-47e5-9f20-37175bb64552@group-0C49BC0B38AB-LeaderElection2 ELECTION round 0: result PASSED (term=2)
2025-05-12 17:48:50,099 [1a086ce6-1838-47e5-9f20-37175bb64552@group-0C49BC0B38AB-LeaderElection2] INFO  impl.RoleInfo (RoleInfo.java:shutdownLeaderElection(141)) - 1a086ce6-1838-47e5-9f20-37175bb64552: shutdown 1a086ce6-1838-47e5-9f20-37175bb64552@group-0C49BC0B38AB-LeaderElection2
2025-05-12 17:48:50,099 [1a086ce6-1838-47e5-9f20-37175bb64552@group-0C49BC0B38AB-LeaderElection2] INFO  server.RaftServer$Division (RaftServerImpl.java:setRole(378)) - 1a086ce6-1838-47e5-9f20-37175bb64552@group-0C49BC0B38AB: changes role from CANDIDATE to LEADER at term 2 for changeToLeader
2025-05-12 17:48:50,099 [1a086ce6-1838-47e5-9f20-37175bb64552@group-0C49BC0B38AB-LeaderElection2] INFO  server.RaftServerConfigKeys (ConfUtils.java:logGet(46)) - raft.server.staging.catchup.gap = 1000 (default)
2025-05-12 17:48:50,100 [1a086ce6-1838-47e5-9f20-37175bb64552@group-0C49BC0B38AB-LeaderElection2] INFO  server.RaftServerConfigKeys (ConfUtils.java:logGet(46)) - raft.server.write.element-limit = 4096 (default)
2025-05-12 17:48:50,100 [1a086ce6-1838-47e5-9f20-37175bb64552@group-0C49BC0B38AB-LeaderElection2] INFO  server.RaftServerConfigKeys (ConfUtils.java:logGet(46)) - raft.server.write.byte-limit = 64MB (=67108864) (default)
2025-05-12 17:48:50,100 [1a086ce6-1838-47e5-9f20-37175bb64552@group-0C49BC0B38AB-LeaderElection2] INFO  server.RaftServerConfigKeys (ConfUtils.java:logGet(46)) - raft.server.watch.timeout = 10s (default)
2025-05-12 17:48:50,101 [1a086ce6-1838-47e5-9f20-37175bb64552@group-0C49BC0B38AB-LeaderElection2] INFO  server.RaftServerConfigKeys (ConfUtils.java:logGet(46)) - raft.server.watch.timeout.denomination = 1s (default)
2025-05-12 17:48:50,101 [1a086ce6-1838-47e5-9f20-37175bb64552@group-0C49BC0B38AB-LeaderElection2] INFO  server.RaftServerConfigKeys (ConfUtils.java:logGet(46)) - raft.server.watch.element-limit = 65536 (default)
2025-05-12 17:48:50,101 [1a086ce6-1838-47e5-9f20-37175bb64552@group-0C49BC0B38AB-LeaderElection2] INFO  server.RaftServerConfigKeys (ConfUtils.java:logGet(46)) - raft.server.read.leader.lease.enabled = false (default)
2025-05-12 17:48:50,102 [1a086ce6-1838-47e5-9f20-37175bb64552@group-0C49BC0B38AB-LeaderElection2] INFO  server.RaftServerConfigKeys (ConfUtils.java:logGet(46)) - raft.server.read.leader.lease.timeout.ratio = 0.9 (default)
2025-05-12 17:48:50,102 [1a086ce6-1838-47e5-9f20-37175bb64552@group-0C49BC0B38AB-LeaderElection2] INFO  server.RaftServerConfigKeys (ConfUtils.java:logGet(46)) - raft.server.rpc.timeout.min = 5000ms (custom)
2025-05-12 17:48:50,102 [1a086ce6-1838-47e5-9f20-37175bb64552@group-0C49BC0B38AB-LeaderElection2] INFO  server.RaftServerConfigKeys (ConfUtils.java:logGet(46)) - raft.server.log.log-metadata.enabled = true (default)
2025-05-12 17:48:50,102 [1a086ce6-1838-47e5-9f20-37175bb64552@group-0C49BC0B38AB-LeaderElection2] INFO  server.RaftServerConfigKeys (ConfUtils.java:logGet(46)) - raft.server.write.element-limit = 4096 (default)
2025-05-12 17:48:50,102 [1a086ce6-1838-47e5-9f20-37175bb64552@group-0C49BC0B38AB-LeaderElection2] INFO  server.RaftServerConfigKeys (ConfUtils.java:logGet(46)) - raft.server.write.follower.gap.ratio.max = -1.0 (default)
2025-05-12 17:48:50,102 [1a086ce6-1838-47e5-9f20-37175bb64552@group-0C49BC0B38AB-LeaderElection2] INFO  impl.RoleInfo (RoleInfo.java:updateAndGet(148)) - 1a086ce6-1838-47e5-9f20-37175bb64552: start 1a086ce6-1838-47e5-9f20-37175bb64552@group-0C49BC0B38AB-LeaderStateImpl
2025-05-12 17:48:50,103 [1a086ce6-1838-47e5-9f20-37175bb64552@group-0C49BC0B38AB-LeaderElection2] INFO  server.RaftServer$Division (RaftServerImpl.java:setFirstElection(562)) - 1a086ce6-1838-47e5-9f20-37175bb64552@group-0C49BC0B38AB: set firstElectionSinceStartup to false for becomeLeader
2025-05-12 17:48:50,103 [1a086ce6-1838-47e5-9f20-37175bb64552@group-0C49BC0B38AB-LeaderElection2] INFO  ha.SCMStateMachine (SCMStateMachine.java:notifyLeaderChanged(291)) - current SCM becomes leader of term 2.
2025-05-12 17:48:50,103 [1a086ce6-1838-47e5-9f20-37175bb64552@group-0C49BC0B38AB-LeaderElection2] INFO  ha.SCMContext (SCMContext.java:updateLeaderAndTerm(95)) - update <isLeader,term> from <false,0> to <true,2>
2025-05-12 17:48:50,105 [1a086ce6-1838-47e5-9f20-37175bb64552@group-0C49BC0B38AB-LeaderElection2] INFO  server.RaftServer$Division (ServerState.java:setLeader(272)) - 1a086ce6-1838-47e5-9f20-37175bb64552@group-0C49BC0B38AB: change Leader from null to 1a086ce6-1838-47e5-9f20-37175bb64552 at term 2 for becomeLeader, leader elected after 1882ms
2025-05-12 17:48:50,105 [1a086ce6-1838-47e5-9f20-37175bb64552@group-0C49BC0B38AB-LeaderElection2] INFO  segmented.SegmentedRaftLogWorker (SegmentedRaftLogWorker.java:rollLogSegment(443)) - 1a086ce6-1838-47e5-9f20-37175bb64552@group-0C49BC0B38AB-SegmentedRaftLogWorker: Rolling segment log-0_0 to index:0
2025-05-12 17:48:50,106 [1a086ce6-1838-47e5-9f20-37175bb64552@group-0C49BC0B38AB-LeaderElection2] INFO  server.RaftServer$Division (ServerState.java:setRaftConf(386)) - 1a086ce6-1838-47e5-9f20-37175bb64552@group-0C49BC0B38AB: set configuration conf: {index: 1, cur=peers:[1a086ce6-1838-47e5-9f20-37175bb64552|pkrvmberfyhpb9w:15004]|listeners:[], old=null}
2025-05-12 17:48:50,107 [1a086ce6-1838-47e5-9f20-37175bb64552@group-0C49BC0B38AB-SegmentedRaftLogWorker] INFO  segmented.SegmentedRaftLogWorker (SegmentedRaftLogWorker.java:execute(601)) - 1a086ce6-1838-47e5-9f20-37175bb64552@group-0C49BC0B38AB-SegmentedRaftLogWorker: Rolled log segment from /home/runner/work/ozone/ozone/hadoop-ozone/integration-test/target/test-dir/MiniOzoneClusterImpl-c6da7ea4-2079-4fee-9bc9-0c49bc0b38ab/ozone-meta/scm-ha/c6da7ea4-2079-4fee-9bc9-0c49bc0b38ab/current/log_inprogress_0 to /home/runner/work/ozone/ozone/hadoop-ozone/integration-test/target/test-dir/MiniOzoneClusterImpl-c6da7ea4-2079-4fee-9bc9-0c49bc0b38ab/ozone-meta/scm-ha/c6da7ea4-2079-4fee-9bc9-0c49bc0b38ab/current/log_0-0
2025-05-12 17:48:50,108 [1a086ce6-1838-47e5-9f20-37175bb64552@group-0C49BC0B38AB-SegmentedRaftLogWorker] INFO  segmented.BufferedWriteChannel (BufferedWriteChannel.java:open(61)) - open log_inprogress_1 at position 0
2025-05-12 17:48:50,113 [1a086ce6-1838-47e5-9f20-37175bb64552@group-0C49BC0B38AB-SegmentedRaftLogWorker] INFO  segmented.SegmentedRaftLogWorker (SegmentedRaftLogWorker.java:execute(644)) - 1a086ce6-1838-47e5-9f20-37175bb64552@group-0C49BC0B38AB-SegmentedRaftLogWorker: created new log segment /home/runner/work/ozone/ozone/hadoop-ozone/integration-test/target/test-dir/MiniOzoneClusterImpl-c6da7ea4-2079-4fee-9bc9-0c49bc0b38ab/ozone-meta/scm-ha/c6da7ea4-2079-4fee-9bc9-0c49bc0b38ab/current/log_inprogress_1
2025-05-12 17:48:50,117 [1a086ce6-1838-47e5-9f20-37175bb64552@group-0C49BC0B38AB-StateMachineUpdater] INFO  server.RaftServer$Division (LeaderStateImpl.java:checkStartIndex(313)) - Leader 1a086ce6-1838-47e5-9f20-37175bb64552@group-0C49BC0B38AB-LeaderStateImpl is ready since appliedIndex == startIndex == 1
2025-05-12 17:48:50,117 [1a086ce6-1838-47e5-9f20-37175bb64552@group-0C49BC0B38AB-StateMachineUpdater] INFO  ha.SCMContext (SCMContext.java:setLeaderReady(122)) - update <isLeaderReady> from <false> to <true>
2025-05-12 17:48:50,117 [1a086ce6-1838-47e5-9f20-37175bb64552@group-0C49BC0B38AB-StateMachineUpdater] INFO  pipeline.BackgroundPipelineCreator (BackgroundPipelineCreator.java:notifyStatusChanged(268)) - Service BackgroundPipelineCreator transitions to RUNNING.
2025-05-12 17:48:50,118 [1a086ce6-1838-47e5-9f20-37175bb64552@group-0C49BC0B38AB-StateMachineUpdater] INFO  safemode.RatisContainerSafeModeRule (RatisContainerSafeModeRule.java:initializeRule(160)) - Refreshed Containers with one replica threshold count 0.
2025-05-12 17:48:50,118 [1a086ce6-1838-47e5-9f20-37175bb64552@group-0C49BC0B38AB-StateMachineUpdater] INFO  safemode.HealthyPipelineSafeModeRule (HealthyPipelineSafeModeRule.java:initializeRule(173)) - Refreshed total pipeline count is 0, healthy pipeline threshold count is 0
2025-05-12 17:48:50,118 [1a086ce6-1838-47e5-9f20-37175bb64552@group-0C49BC0B38AB-StateMachineUpdater] INFO  safemode.ECContainerSafeModeRule (ECContainerSafeModeRule.java:initializeRule(205)) - Refreshed Containers with ec n replica threshold count 0.
2025-05-12 17:48:50,118 [1a086ce6-1838-47e5-9f20-37175bb64552@group-0C49BC0B38AB-StateMachineUpdater] INFO  safemode.OneReplicaPipelineSafeModeRule (OneReplicaPipelineSafeModeRule.java:initializeRule(186)) - Refreshed Total pipeline count is 0, pipeline's with at least one datanode reported threshold count is 0
2025-05-12 17:48:50,119 [1a086ce6-1838-47e5-9f20-37175bb64552@group-0C49BC0B38AB-StateMachineUpdater] INFO  server.SCMDatanodeProtocolServer (SCMDatanodeProtocolServer.java:start(193)) - ScmDatanodeProtocol RPC server for DataNodes is listening at /0.0.0.0:15002
2025-05-12 17:48:50,119 [IPC Server Responder] INFO  ipc.Server (Server.java:run(1713)) - IPC Server Responder: starting
2025-05-12 17:48:50,119 [IPC Server listener on 15002] INFO  ipc.Server (Server.java:run(1553)) - IPC Server listener on 15002: starting
2025-05-12 17:48:51,961 [main] INFO  om.OzoneManager (OzoneManager.java:<init>(670)) - OM start with adminUsers: [runner]
2025-05-12 17:48:51,974 [main] WARN  server.ServerUtils (ServerUtils.java:getDBPath(292)) - ozone.om.db.dirs is not configured. We recommend adding this setting. Falling back to ozone.metadata.dirs instead.
2025-05-12 17:48:52,233 [main] INFO  om.OzoneManager (OzoneManager.java:instantiateServices(914)) - S3 Multi-Tenancy is disabled
2025-05-12 17:48:52,254 [main] INFO  om.OmSnapshotManager (OmSnapshotManager.java:<init>(187)) - Ozone filesystem snapshot feature is enabled.
2025-05-12 17:48:52,269 [main] WARN  server.ServerUtils (ServerUtils.java:getDBPath(292)) - ozone.om.snapshot.diff.db.dir is not configured. We recommend adding this setting. Falling back to ozone.metadata.dirs instead.
2025-05-12 17:48:52,317 [main] INFO  utils.NativeLibraryLoader (NativeLibraryLoader.java:loadLibrary(120)) - Loading Library: ozone_rocksdb_tools
2025-05-12 17:48:52,456 [main] INFO  om.OzoneManager (OzoneManager.java:addS3GVolumeToDB(4654)) - Created Volume s3v With Owner runner required for S3Gateway operations.
2025-05-12 17:48:52,510 [main] WARN  server.ServerUtils (ServerUtils.java:getDefaultRatisDirectory(304)) - Storage directory for Ratis is not configured. It is a good idea to map this to an SSD disk. Falling back to ozone.metadata.dirs
2025-05-12 17:48:52,511 [main] WARN  utils.OzoneManagerRatisUtils (OzoneManagerRatisUtils.java:getOMRatisSnapshotDirectory(488)) - ozone.om.ratis.snapshot.dir is not configured. Falling back to ozone.metadata.dirs config
2025-05-12 17:48:52,514 [main] WARN  dropwizard3.Dm3MetricRegistriesImpl (Dm3MetricRegistriesImpl.java:addReporterRegistration(114)) - New reporters are added after registries were created. Some metrics will be missing from the reporter. Please add reporter before adding any new registry.
2025-05-12 17:48:52,515 [main] WARN  dropwizard3.Dm3MetricRegistriesImpl (Dm3MetricRegistriesImpl.java:addReporterRegistration(114)) - New reporters are added after registries were created. Some metrics will be missing from the reporter. Please add reporter before adding any new registry.
2025-05-12 17:48:52,515 [main] WARN  server.ServerUtils (ServerUtils.java:getDefaultRatisDirectory(304)) - Storage directory for Ratis is not configured. It is a good idea to map this to an SSD disk. Falling back to ozone.metadata.dirs
2025-05-12 17:48:52,516 [main] INFO  server.RaftServerConfigKeys (ConfUtils.java:logGet(46)) - raft.server.log.appender.buffer.byte-limit = 4194304 (custom)
2025-05-12 17:48:52,518 [main] INFO  ratis.OzoneManagerRatisServer (OzoneManagerRatisServer.java:<init>(167)) - Instantiating OM Ratis server with groupID: omServiceIdDefault and peers: localhost:15009
2025-05-12 17:48:52,521 [main] INFO  ratis.OzoneManagerStateMachine (OzoneManagerStateMachine.java:loadSnapshotInfoFromDB(618)) - TransactionInfo not found in OM DB.
2025-05-12 17:48:52,552 [main] INFO  server.RaftServer (ConfUtils.java:logGet(46)) - raft.rpc.type = GRPC (default)
2025-05-12 17:48:52,552 [main] INFO  grpc.GrpcConfigKeys (ConfUtils.java:logFallback(53)) - raft.grpc.admin.host = null (fallback to raft.grpc.server.host)
2025-05-12 17:48:52,552 [main] INFO  grpc.GrpcConfigKeys (ConfUtils.java:logFallback(53)) - raft.grpc.admin.port = 15009 (fallback to raft.grpc.server.port)
2025-05-12 17:48:52,552 [main] INFO  grpc.GrpcConfigKeys (ConfUtils.java:logFallback(53)) - raft.grpc.client.host = null (fallback to raft.grpc.server.host)
2025-05-12 17:48:52,552 [main] INFO  grpc.GrpcConfigKeys (ConfUtils.java:logFallback(53)) - raft.grpc.client.port = 15009 (fallback to raft.grpc.server.port)
2025-05-12 17:48:52,553 [main] INFO  grpc.GrpcConfigKeys (ConfUtils.java:logGet(46)) - raft.grpc.server.host = null (default)
2025-05-12 17:48:52,553 [main] INFO  grpc.GrpcConfigKeys (ConfUtils.java:logGet(46)) - raft.grpc.server.port = 15009 (custom)
2025-05-12 17:48:52,553 [main] INFO  server.GrpcService (ConfUtils.java:logGet(46)) - raft.grpc.message.size.max = 5242880 (custom)
2025-05-12 17:48:52,553 [main] INFO  server.GrpcService (ConfUtils.java:logGet(46)) - raft.grpc.flow.control.window = 1MB (=1048576) (default)
2025-05-12 17:48:52,553 [main] INFO  server.RaftServerConfigKeys (ConfUtils.java:logGet(46)) - raft.server.rpc.request.timeout = 3000ms (default)
2025-05-12 17:48:52,553 [main] INFO  grpc.GrpcConfigKeys (ConfUtils.java:logGet(46)) - raft.grpc.server.heartbeat.channel = true (default)
2025-05-12 17:48:52,554 [main] INFO  server.RaftServerConfigKeys (ConfUtils.java:logGet(46)) - raft.server.log.appender.buffer.byte-limit = 4194304 (custom)
2025-05-12 17:48:52,554 [main] INFO  grpc.GrpcConfigKeys (ConfUtils.java:logGet(46)) - raft.grpc.server.async.request.thread.pool.cached = true (default)
2025-05-12 17:48:52,554 [main] INFO  grpc.GrpcConfigKeys (ConfUtils.java:logGet(46)) - raft.grpc.server.async.request.thread.pool.size = 32 (default)
2025-05-12 17:48:52,555 [main] INFO  impl.DataStreamServerImpl (ConfUtils.java:logGet(46)) - raft.datastream.type = DISABLED (default)
2025-05-12 17:48:52,555 [main] INFO  server.RaftServerConfigKeys (ConfUtils.java:logGet(46)) - raft.server.sleep.deviation.threshold = 300ms (default)
2025-05-12 17:48:52,555 [main] INFO  server.RaftServerConfigKeys (ConfUtils.java:logGet(46)) - raft.server.close.threshold = 60s (default)
2025-05-12 17:48:52,555 [main] INFO  server.RaftServerConfigKeys (ConfUtils.java:logGet(46)) - raft.server.leaderelection.leader.step-down.wait-time = 10s (default)
2025-05-12 17:48:52,556 [main] INFO  server.RaftServerConfigKeys (ConfUtils.java:logGet(46)) - raft.server.storage.dir = [/home/runner/work/ozone/ozone/hadoop-ozone/integration-test/target/test-dir/MiniOzoneClusterImpl-c6da7ea4-2079-4fee-9bc9-0c49bc0b38ab/ozone-meta/ratis] (custom)
2025-05-12 17:48:52,556 [main] INFO  server.RaftServerConfigKeys (ConfUtils.java:logGet(46)) - raft.server.threadpool.proxy.cached = true (default)
2025-05-12 17:48:52,556 [main] INFO  server.RaftServerConfigKeys (ConfUtils.java:logGet(46)) - raft.server.threadpool.proxy.size = 0 (default)
2025-05-12 17:48:52,558 [main] INFO  server.RaftServer (RaftServerProxy.java:addNew(100)) - om1: addNew group-C5BA1605619E:[om1|localhost:15009] returns group-C5BA1605619E:java.util.concurrent.CompletableFuture@3c9163df[Not completed]
2025-05-12 17:48:52,558 [main] INFO  om.OzoneManager (OzoneManager.java:initializeRatisServer(2284)) - OzoneManager Ratis server initialized at port 15009
2025-05-12 17:48:52,559 [om1-groupManagement] INFO  server.RaftServer$Division (RaftServerImpl.java:<init>(255)) - om1: new RaftServerImpl for group-C5BA1605619E:[om1|localhost:15009] with OzoneManagerStateMachine:uninitialized
2025-05-12 17:48:52,560 [om1-groupManagement] INFO  server.RaftServerConfigKeys (ConfUtils.java:logGet(46)) - raft.server.rpc.timeout.min = 1s (custom)
2025-05-12 17:48:52,560 [om1-groupManagement] INFO  server.RaftServerConfigKeys (ConfUtils.java:logGet(46)) - raft.server.rpc.timeout.max = 1200ms (custom)
2025-05-12 17:48:52,560 [om1-groupManagement] INFO  server.RaftServerConfigKeys (ConfUtils.java:logGet(46)) - raft.server.rpc.sleep.time = 25ms (default)
2025-05-12 17:48:52,560 [om1-groupManagement] INFO  server.RaftServerConfigKeys (ConfUtils.java:logGet(46)) - raft.server.rpc.slowness.timeout = 120s (custom)
2025-05-12 17:48:52,560 [om1-groupManagement] INFO  server.RaftServerConfigKeys (ConfUtils.java:logGet(46)) - raft.server.leaderelection.leader.step-down.wait-time = 10s (default)
2025-05-12 17:48:52,560 [om1-groupManagement] INFO  server.RaftServerConfigKeys (ConfUtils.java:logGet(46)) - raft.server.leaderelection.member.majority-add = false (default)
2025-05-12 17:48:52,561 [om1-groupManagement] INFO  server.RaftServerConfigKeys (ConfUtils.java:logGet(46)) - raft.server.sleep.deviation.threshold = 300ms (default)
2025-05-12 17:48:52,562 [om1-groupManagement] INFO  server.RaftServer$Division (ServerState.java:<init>(114)) - om1@group-C5BA1605619E: ConfigurationManager, init=conf: {index: -1, cur=peers:[om1|localhost:15009]|listeners:[], old=null}, confs=<EMPTY_MAP>
2025-05-12 17:48:52,562 [om1-groupManagement] INFO  server.RaftServerConfigKeys (ConfUtils.java:logGet(46)) - raft.server.notification.no-leader.timeout = 120s (custom)
2025-05-12 17:48:52,562 [main] INFO  om.OzoneManager (OzoneManager.java:getRpcServer(1340)) - Creating RPC Server
2025-05-12 17:48:52,563 [om1-groupManagement] INFO  server.RaftServerConfigKeys (ConfUtils.java:logGet(46)) - raft.server.read.timeout = 10s (default)
2025-05-12 17:48:52,563 [om1-groupManagement] INFO  server.RaftServerConfigKeys (ConfUtils.java:logGet(46)) - raft.server.retrycache.expirytime = 300s (custom)
2025-05-12 17:48:52,564 [om1-groupManagement] INFO  server.RaftServerConfigKeys (ConfUtils.java:logGet(46)) - raft.server.retrycache.statistics.expirytime = 100ms (default)
2025-05-12 17:48:52,564 [om1-groupManagement] INFO  server.RaftServerConfigKeys (ConfUtils.java:logGet(46)) - raft.server.read.option = DEFAULT (default)
2025-05-12 17:48:52,564 [om1-groupManagement] INFO  server.RaftServerConfigKeys (ConfUtils.java:logGet(46)) - raft.server.read.read-after-write-consistent.write-index-cache.expiry-time = 60s (default)
2025-05-12 17:48:52,571 [om1-groupManagement] INFO  server.RaftServerConfigKeys (ConfUtils.java:logGet(46)) - raft.server.rpc.request.timeout = 3000ms (default)
2025-05-12 17:48:52,571 [om1-groupManagement] INFO  server.RaftServerConfigKeys (ConfUtils.java:logGet(46)) - raft.server.log.appender.install.snapshot.enabled = false (custom)
2025-05-12 17:48:52,572 [om1-groupManagement] INFO  server.RaftServerConfigKeys (ConfUtils.java:logGet(46)) - raft.server.threadpool.server.cached = true (default)
2025-05-12 17:48:52,573 [om1-groupManagement] INFO  server.RaftServerConfigKeys (ConfUtils.java:logGet(46)) - raft.server.threadpool.server.size = 0 (default)
2025-05-12 17:48:52,573 [om1-groupManagement] INFO  server.RaftServerConfigKeys (ConfUtils.java:logGet(46)) - raft.server.threadpool.client.cached = true (default)
2025-05-12 17:48:52,573 [om1-groupManagement] INFO  server.RaftServerConfigKeys (ConfUtils.java:logGet(46)) - raft.server.threadpool.client.size = 0 (default)
2025-05-12 17:48:53,392 [main] INFO  reflections.Reflections (Reflections.java:scan(219)) - Reflections took 795 ms to scan 24 urls, producing 60 keys and 7515 values
2025-05-12 17:48:53,538 [main] INFO  ipc.CallQueueManager (CallQueueManager.java:<init>(93)) - Using callQueue: class java.util.concurrent.LinkedBlockingQueue, queueCapacity: 2000, scheduler: class org.apache.hadoop.ipc.DefaultRpcScheduler, ipcBackoff: false, ipcFailOver: false.
2025-05-12 17:48:53,538 [main] INFO  ipc.Server (Server.java:<init>(1438)) - Listener at 127.0.0.1:15006
2025-05-12 17:48:53,539 [Socket Reader #1 for port 15006] INFO  ipc.Server (Server.java:run(1474)) - Starting Socket Reader #1 for port 15006
2025-05-12 17:48:53,539 [Socket Reader #3 for port 15006] INFO  ipc.Server (Server.java:run(1474)) - Starting Socket Reader #3 for port 15006
2025-05-12 17:48:53,539 [Socket Reader #2 for port 15006] INFO  ipc.Server (Server.java:run(1474)) - Starting Socket Reader #2 for port 15006
2025-05-12 17:48:53,539 [Socket Reader #4 for port 15006] INFO  ipc.Server (Server.java:run(1474)) - Starting Socket Reader #4 for port 15006
2025-05-12 17:48:53,540 [Socket Reader #5 for port 15006] INFO  ipc.Server (Server.java:run(1474)) - Starting Socket Reader #5 for port 15006
2025-05-12 17:48:53,540 [Socket Reader #6 for port 15006] INFO  ipc.Server (Server.java:run(1474)) - Starting Socket Reader #6 for port 15006
2025-05-12 17:48:53,540 [Socket Reader #7 for port 15006] INFO  ipc.Server (Server.java:run(1474)) - Starting Socket Reader #7 for port 15006
2025-05-12 17:48:53,540 [Socket Reader #8 for port 15006] INFO  ipc.Server (Server.java:run(1474)) - Starting Socket Reader #8 for port 15006
2025-05-12 17:48:53,540 [Socket Reader #9 for port 15006] INFO  ipc.Server (Server.java:run(1474)) - Starting Socket Reader #9 for port 15006
2025-05-12 17:48:53,541 [Socket Reader #10 for port 15006] INFO  ipc.Server (Server.java:run(1474)) - Starting Socket Reader #10 for port 15006
2025-05-12 17:48:53,564 [main] INFO  impl.MetricsSystemImpl (MetricsSystemImpl.java:init(158)) - OzoneManager metrics system started (again)
2025-05-12 17:48:53,575 [main] INFO  om.OzoneManager (OzoneManager.java:start(1768)) - OzoneManager RPC server is listening at localhost/127.0.0.1:15006
2025-05-12 17:48:53,576 [main] INFO  ratis.OzoneManagerRatisServer (OzoneManagerRatisServer.java:start(628)) - Starting OzoneManagerRatisServer om1 at port 15009
2025-05-12 17:48:53,577 [om1-impl-thread1] INFO  server.RaftServerConfigKeys (ConfUtils.java:logGet(46)) - raft.server.storage.free-space.min = 0MB (=0) (default)
2025-05-12 17:48:53,577 [om1-impl-thread1] INFO  server.RaftServerConfigKeys (ConfUtils.java:logGet(46)) - raft.server.log.corruption.policy = EXCEPTION (default)
2025-05-12 17:48:53,577 [om1-impl-thread1] INFO  server.RaftServerConfigKeys (ConfUtils.java:logGet(46)) - raft.server.storage.dir = [/home/runner/work/ozone/ozone/hadoop-ozone/integration-test/target/test-dir/MiniOzoneClusterImpl-c6da7ea4-2079-4fee-9bc9-0c49bc0b38ab/ozone-meta/ratis] (custom)
2025-05-12 17:48:53,577 [om1-impl-thread1] INFO  storage.RaftStorageDirectory (RaftStorageDirectoryImpl.java:analyzeStorage(138)) - The storage directory /home/runner/work/ozone/ozone/hadoop-ozone/integration-test/target/test-dir/MiniOzoneClusterImpl-c6da7ea4-2079-4fee-9bc9-0c49bc0b38ab/ozone-meta/ratis/bf265839-605b-3f16-9796-c5ba1605619e does not exist. Creating ...
2025-05-12 17:48:53,578 [om1-impl-thread1] INFO  storage.RaftStorageDirectory (RaftStorageDirectoryImpl.java:tryLock(229)) - Lock on /home/runner/work/ozone/ozone/hadoop-ozone/integration-test/target/test-dir/MiniOzoneClusterImpl-c6da7ea4-2079-4fee-9bc9-0c49bc0b38ab/ozone-meta/ratis/bf265839-605b-3f16-9796-c5ba1605619e/in_use.lock acquired by nodename 120609@pkrvmberfyhpb9w
2025-05-12 17:48:53,580 [om1-impl-thread1] INFO  storage.RaftStorage (RaftStorageImpl.java:format(98)) - Storage directory /home/runner/work/ozone/ozone/hadoop-ozone/integration-test/target/test-dir/MiniOzoneClusterImpl-c6da7ea4-2079-4fee-9bc9-0c49bc0b38ab/ozone-meta/ratis/bf265839-605b-3f16-9796-c5ba1605619e has been successfully formatted.
2025-05-12 17:48:53,580 [om1-impl-thread1] INFO  ratis.OzoneManagerStateMachine (OzoneManagerStateMachine.java:lambda$0(138)) - om1: initialize group-C5BA1605619E with (t:0, i:~)
2025-05-12 17:48:53,581 [om1-impl-thread1] INFO  server.RaftServerConfigKeys (ConfUtils.java:logGet(46)) - raft.server.log.use.memory = false (default)
2025-05-12 17:48:53,581 [om1-impl-thread1] INFO  server.RaftServerConfigKeys (ConfUtils.java:logGet(46)) - raft.server.log.purge.gap = 1000000 (custom)
2025-05-12 17:48:53,581 [om1-impl-thread1] INFO  server.RaftServerConfigKeys (ConfUtils.java:logGet(46)) - raft.server.log.appender.buffer.byte-limit = 4194304 (custom)
2025-05-12 17:48:53,581 [om1-impl-thread1] INFO  server.RaftServerConfigKeys (ConfUtils.java:logGet(46)) - raft.server.log.statemachine.data.read.timeout = 1000ms (default)
2025-05-12 17:48:53,581 [om1-impl-thread1] INFO  server.RaftServerConfigKeys (ConfUtils.java:logGet(46)) - raft.server.log.purge.preservation.log.num = 0 (default)
2025-05-12 17:48:53,584 [om1-impl-thread1] INFO  server.RaftServerConfigKeys (ConfUtils.java:logGet(46)) - raft.server.log.segment.size.max = 4194304 (custom)
2025-05-12 17:48:53,584 [om1-impl-thread1] INFO  server.RaftServerConfigKeys (ConfUtils.java:logGet(46)) - raft.server.log.segment.cache.num.max = 2 (custom)
2025-05-12 17:48:53,585 [om1-impl-thread1] INFO  server.RaftServerConfigKeys (ConfUtils.java:logGet(46)) - raft.server.log.segment.cache.size.max = 200MB (=209715200) (default)
2025-05-12 17:48:53,585 [om1-impl-thread1] INFO  server.RaftServerConfigKeys (ConfUtils.java:logGet(46)) - raft.server.log.appender.buffer.byte-limit = 4194304 (custom)
2025-05-12 17:48:53,585 [om1-impl-thread1] INFO  util.AwaitToRun (AwaitToRun.java:start(81)) - Thread[#462,om1@group-C5BA1605619E-cacheEviction-AwaitToRun,5,main] started
2025-05-12 17:48:53,585 [om1-impl-thread1] INFO  segmented.SegmentedRaftLogWorker (SegmentedRaftLogWorker.java:<init>(188)) - new om1@group-C5BA1605619E-SegmentedRaftLogWorker for RaftStorageImpl:Storage Directory /home/runner/work/ozone/ozone/hadoop-ozone/integration-test/target/test-dir/MiniOzoneClusterImpl-c6da7ea4-2079-4fee-9bc9-0c49bc0b38ab/ozone-meta/ratis/bf265839-605b-3f16-9796-c5ba1605619e
2025-05-12 17:48:53,585 [om1-impl-thread1] INFO  server.RaftServerConfigKeys (ConfUtils.java:logGet(46)) - raft.server.log.queue.byte-limit = 64MB (=67108864) (default)
2025-05-12 17:48:53,586 [om1-impl-thread1] INFO  server.RaftServerConfigKeys (ConfUtils.java:logGet(46)) - raft.server.log.queue.element-limit = 4096 (default)
2025-05-12 17:48:53,586 [om1-impl-thread1] INFO  server.RaftServerConfigKeys (ConfUtils.java:logGet(46)) - raft.server.log.segment.size.max = 4194304 (custom)
2025-05-12 17:48:53,586 [om1-impl-thread1] INFO  server.RaftServerConfigKeys (ConfUtils.java:logGet(46)) - raft.server.log.preallocated.size = 4194304 (custom)
2025-05-12 17:48:53,586 [om1-impl-thread1] INFO  server.RaftServerConfigKeys (ConfUtils.java:logGet(46)) - raft.server.log.force.sync.num = 128 (default)
2025-05-12 17:48:53,586 [om1-impl-thread1] INFO  server.RaftServerConfigKeys (ConfUtils.java:logGet(46)) - raft.server.log.statemachine.data.sync = true (default)
2025-05-12 17:48:53,586 [om1-impl-thread1] INFO  server.RaftServerConfigKeys (ConfUtils.java:logGet(46)) - raft.server.log.statemachine.data.sync.timeout = 10s (default)
2025-05-12 17:48:53,586 [om1-impl-thread1] INFO  server.RaftServerConfigKeys (ConfUtils.java:logGet(46)) - raft.server.log.statemachine.data.sync.timeout.retry = -1 (default)
2025-05-12 17:48:53,587 [om1-impl-thread1] INFO  server.RaftServerConfigKeys (ConfUtils.java:logGet(46)) - raft.server.log.write.buffer.size = 4194312 (custom)
2025-05-12 17:48:53,587 [om1-impl-thread1] INFO  server.RaftServerConfigKeys (ConfUtils.java:logGet(46)) - raft.server.log.appender.buffer.byte-limit = 4194304 (custom)
2025-05-12 17:48:53,587 [om1-impl-thread1] INFO  server.RaftServerConfigKeys (ConfUtils.java:logGet(46)) - raft.server.log.unsafe-flush.enabled = false (default)
2025-05-12 17:48:53,587 [om1-impl-thread1] INFO  server.RaftServerConfigKeys (ConfUtils.java:logGet(46)) - raft.server.log.async-flush.enabled = false (default)
2025-05-12 17:48:53,588 [om1-impl-thread1] INFO  server.RaftServerConfigKeys (ConfUtils.java:logGet(46)) - raft.server.log.statemachine.data.caching.enabled = false (default)
2025-05-12 17:48:53,588 [om1-impl-thread1] INFO  segmented.SegmentedRaftLogWorker (SegmentedRaftLogWorker.java:lambda$new$0(139)) - om1@group-C5BA1605619E-SegmentedRaftLogWorker: flushIndex: setUnconditionally 0 -> -1
2025-05-12 17:48:53,588 [om1-impl-thread1] INFO  segmented.SegmentedRaftLogWorker (SegmentedRaftLogWorker.java:lambda$new$0(139)) - om1@group-C5BA1605619E-SegmentedRaftLogWorker: safeCacheEvictIndex: setUnconditionally 0 -> -1
2025-05-12 17:48:53,588 [om1-impl-thread1] INFO  server.RaftServer$Division (RaftServerImpl.java:start(391)) - om1@group-C5BA1605619E: start as a follower, conf=conf: {index: -1, cur=peers:[om1|localhost:15009]|listeners:[], old=null}
2025-05-12 17:48:53,589 [om1-impl-thread1] INFO  server.RaftServer$Division (RaftServerImpl.java:setRole(378)) - om1@group-C5BA1605619E: changes role from      null to FOLLOWER at term 0 for startAsFollower
2025-05-12 17:48:53,589 [om1-impl-thread1] INFO  impl.RoleInfo (RoleInfo.java:updateAndGet(148)) - om1: start om1@group-C5BA1605619E-FollowerState
2025-05-12 17:48:53,589 [om1-impl-thread1] INFO  util.JmxRegister (JmxRegister.java:tryRegister(44)) - Successfully registered JMX Bean with object name Ratis:service=RaftServer,group=group-C5BA1605619E,id=om1
2025-05-12 17:48:53,590 [om1-impl-thread1] INFO  util.JmxRegister (JmxRegister.java:register(58)) - register mxBean class org.apache.ratis.server.impl.RaftServerJmxAdapter as Ratis:service=RaftServer,group=group-C5BA1605619E,id=om1
2025-05-12 17:48:53,590 [om1-impl-thread1] INFO  server.RaftServerConfigKeys (ConfUtils.java:logGet(46)) - raft.server.snapshot.trigger-when-stop.enabled = true (default)
2025-05-12 17:48:53,590 [om1-impl-thread1] INFO  server.RaftServerConfigKeys (ConfUtils.java:logGet(46)) - raft.server.snapshot.trigger-when-remove.enabled = true (default)
2025-05-12 17:48:53,590 [om1-impl-thread1] INFO  server.RaftServerConfigKeys (ConfUtils.java:logGet(46)) - raft.server.snapshot.auto.trigger.enabled = true (custom)
2025-05-12 17:48:53,590 [om1-impl-thread1] INFO  server.RaftServerConfigKeys (ConfUtils.java:logGet(46)) - raft.server.snapshot.auto.trigger.threshold = 400000 (default)
2025-05-12 17:48:53,590 [om1-impl-thread1] INFO  server.RaftServerConfigKeys (ConfUtils.java:logGet(46)) - raft.server.snapshot.retention.file.num = -1 (default)
2025-05-12 17:48:53,590 [om1-impl-thread1] INFO  server.RaftServerConfigKeys (ConfUtils.java:logGet(46)) - raft.server.log.purge.upto.snapshot.index = true (custom)
2025-05-12 17:48:53,591 [om1@group-C5BA1605619E-FollowerState] INFO  server.RaftServerConfigKeys (ConfUtils.java:logFallback(53)) - raft.server.rpc.first-election.timeout.min = 1s (fallback to raft.server.rpc.timeout.min)
2025-05-12 17:48:53,591 [om1@group-C5BA1605619E-FollowerState] INFO  server.RaftServerConfigKeys (ConfUtils.java:logFallback(53)) - raft.server.rpc.first-election.timeout.max = 1200ms (fallback to raft.server.rpc.timeout.max)
2025-05-12 17:48:53,591 [om1-impl-thread1] INFO  server.RaftServer$Division (RaftServerImpl.java:start(405)) - om1@group-C5BA1605619E: Successfully started.
2025-05-12 17:48:53,592 [main] INFO  server.RaftServer (RaftServerProxy.java:startImpl(407)) - om1: start RPC server
2025-05-12 17:48:53,592 [main] INFO  server.GrpcService (GrpcService.java:startImpl(334)) - om1: GrpcService started, listening on 15009
2025-05-12 17:48:53,593 [JvmPauseMonitor2] INFO  util.JvmPauseMonitor (JvmPauseMonitor.java:run(146)) - JvmPauseMonitor-om1: Started
2025-05-12 17:48:53,594 [main] INFO  om.OzoneManager (OzoneManager.java:start(1783)) - Version File has different layout version (8) than OM DB (null). That is expected if this OM has never been finalized to a newer layout version.
2025-05-12 17:48:53,606 [main] INFO  client.ScmTopologyClient (ScmTopologyClient.java:start(70)) - Initial network topology fetched from SCM: /.
2025-05-12 17:48:53,607 [main] INFO  net.NodeSchemaLoader (NodeSchemaLoader.java:loadSchemaFromFile(128)) - Loading schema from [jar:file:/home/runner/work/ozone/ozone/hadoop-hdds/common/target/hdds-common-2.1.0-SNAPSHOT.jar!/network-topology-default.xml]
2025-05-12 17:48:53,607 [main] INFO  net.NodeSchemaLoader (NodeSchemaLoader.java:loadSchema(175)) - Loading network topology layer schema file
2025-05-12 17:48:53,629 [main] INFO  http.BaseHttpServer (BaseHttpServer.java:newHttpServer2BuilderForOzone(229)) - Starting Web-server for ozoneManager at: http://0.0.0.0:15007
2025-05-12 17:48:53,629 [main] INFO  http.BaseHttpServer (BaseHttpServer.java:<init>(107)) - Hadoop Security Enabled: false Ozone Security Enabled: false Ozone HTTP Security Enabled: false 
2025-05-12 17:48:53,631 [main] WARN  server.AuthenticationFilter (AuthenticationFilter.java:constructSecretProvider(240)) - Unable to initialize FileSignerSecretProvider, falling back to use random secrets. Reason: Could not read signature secret file: /home/runner/hadoop-http-auth-signature-secret
2025-05-12 17:48:53,634 [main] INFO  http.HttpServer2 (HttpServer2.java:addGlobalFilter(1042)) - Added global filter 'safety' (class=org.apache.hadoop.hdds.server.http.HttpServer2$QuotingInputFilter)
2025-05-12 17:48:53,635 [main] INFO  http.HttpServer2 (HttpServer2.java:addFilter(1018)) - Added filter static_user_filter (class=org.apache.hadoop.http.lib.StaticUserWebFilter$StaticUserFilter) to context ozoneManager
2025-05-12 17:48:53,635 [main] INFO  http.HttpServer2 (HttpServer2.java:addFilter(1026)) - Added filter static_user_filter (class=org.apache.hadoop.http.lib.StaticUserWebFilter$StaticUserFilter) to context static
2025-05-12 17:48:53,635 [main] INFO  http.HttpServer2 (HttpServer2.java:addFilter(1026)) - Added filter static_user_filter (class=org.apache.hadoop.http.lib.StaticUserWebFilter$StaticUserFilter) to context logs
2025-05-12 17:48:53,637 [main] INFO  http.BaseHttpServer (BaseHttpServer.java:<init>(195)) - HTTP server of ozoneManager uses base directory /home/runner/work/ozone/ozone/hadoop-ozone/integration-test/target/test-dir/MiniOzoneClusterImpl-c6da7ea4-2079-4fee-9bc9-0c49bc0b38ab/ozone-meta/webserver
2025-05-12 17:48:53,640 [main] INFO  http.HttpServer2 (HttpServer2.java:bindListener(1242)) - Jetty bound to port 15007
2025-05-12 17:48:53,640 [main] INFO  server.Server (Server.java:doStart(375)) - jetty-9.4.57.v20241219; built: 2025-01-08T21:24:30.412Z; git: df524e6b29271c2e09ba9aea83c18dc9db464a31; jvm 21.0.7+6-LTS
2025-05-12 17:48:53,642 [main] INFO  server.session (DefaultSessionIdManager.java:doStart(334)) - DefaultSessionIdManager workerName=node0
2025-05-12 17:48:53,643 [main] INFO  server.session (DefaultSessionIdManager.java:doStart(339)) - No SessionScavenger set, using defaults
2025-05-12 17:48:53,644 [main] INFO  server.session (HouseKeeper.java:startScavenging(132)) - node0 Scavenging every 600000ms
2025-05-12 17:48:53,645 [main] INFO  handler.ContextHandler (ContextHandler.java:doStart(921)) - Started o.e.j.s.ServletContextHandler@18b9acd1{logs,/logs,file:///home/runner/work/ozone/ozone/hadoop-ozone/integration-test/target/log,AVAILABLE}
2025-05-12 17:48:53,646 [main] INFO  handler.ContextHandler (ContextHandler.java:doStart(921)) - Started o.e.j.s.ServletContextHandler@2a59034e{static,/static,file:///home/runner/work/ozone/ozone/hadoop-ozone/integration-test/target/test-classes/webapps/static,AVAILABLE}
2025-05-12 17:48:53,661 [main] INFO  handler.ContextHandler (ContextHandler.java:doStart(921)) - Started o.e.j.w.WebAppContext@44fa2df3{ozoneManager,/,file:///home/runner/work/ozone/ozone/hadoop-ozone/integration-test/target/test-classes/webapps/ozoneManager/,AVAILABLE}{file:/home/runner/work/ozone/ozone/hadoop-ozone/integration-test/target/test-classes/webapps/ozoneManager}
2025-05-12 17:48:53,662 [main] INFO  server.AbstractConnector (AbstractConnector.java:doStart(333)) - Started ServerConnector@17eac1b5{HTTP/1.1, (http/1.1)}{0.0.0.0:15007}
2025-05-12 17:48:53,663 [main] INFO  server.Server (Server.java:doStart(415)) - Started @10589ms
2025-05-12 17:48:53,663 [main] WARN  impl.MetricsSystemImpl (MetricsSystemImpl.java:register(279)) - Sink prometheus already exists!
2025-05-12 17:48:53,664 [main] INFO  http.BaseHttpServer (BaseHttpServer.java:updateConnectorAddress(359)) - HTTP server of ozoneManager listening at http://0.0.0.0:15007
2025-05-12 17:48:53,664 [IPC Server Responder] INFO  ipc.Server (Server.java:run(1713)) - IPC Server Responder: starting
2025-05-12 17:48:53,665 [IPC Server listener on 15006] INFO  ipc.Server (Server.java:run(1553)) - IPC Server listener on 15006: starting
2025-05-12 17:48:53,668 [main] INFO  om.OzoneManager (OzoneManager.java:startTrashEmptier(2238)) - Trash Interval set to 0. Files deleted won't move to trash
2025-05-12 17:48:53,756 [main] INFO  db.CodecBuffer (CodecBuffer.java:set(85)) - Successfully set constructor to LeakDetector::newCodecBuffer: org.apache.hadoop.hdds.utils.db.CodecBuffer$$Lambda/0x00007f1ef07d9d88@16c230c
2025-05-12 17:48:53,937 [main] INFO  recon.ReconServer (HddsServerUtil.java:startupShutdownMessage(683)) - STARTUP_MSG: 
/************************************************************
STARTUP_MSG: Starting ReconServer
STARTUP_MSG:   host = pkrvmberfyhpb9w/10.1.1.40
STARTUP_MSG:   args = []
STARTUP_MSG:   version = 2.1.0-SNAPSHOT
STARTUP_MSG:   classpath = /home/runner/work/ozone/ozone/hadoop-ozone/integration-test/target/test-classes:/home/runner/work/ozone/ozone/hadoop-ozone/integration-test/target/classes:/home/runner/work/ozone/ozone/hadoop-hdds/server-scm/target/hdds-server-scm-2.1.0-SNAPSHOT.jar:/home/runner/.m2/repository/com/fasterxml/jackson/core/jackson-annotations/2.16.2/jackson-annotations-2.16.2.jar:/home/runner/.m2/repository/com/fasterxml/jackson/core/jackson-core/2.16.2/jackson-core-2.16.2.jar:/home/runner/.m2/repository/com/fasterxml/jackson/core/jackson-databind/2.16.2/jackson-databind-2.16.2.jar:/home/runner/.m2/repository/com/google/guava/guava/32.1.3-jre/guava-32.1.3-jre.jar:/home/runner/.m2/repository/com/google/guava/failureaccess/1.0.1/failureaccess-1.0.1.jar:/home/runner/.m2/repository/com/google/guava/listenablefuture/9999.0-empty-to-avoid-conflict-with-guava/listenablefuture-9999.0-empty-to-avoid-conflict-with-guava.jar:/home/runner/.m2/repository/org/checkerframework/checker-qual/3.37.0/checker-qual-3.37.0.jar:/home/runner/.m2/repository/com/google/errorprone/error_prone_annotations/2.29.2/error_prone_annotations-2.29.2.jar:/home/runner/.m2/repository/com/google/j2objc/j2objc-annotations/2.8/j2objc-annotations-2.8.jar:/home/runner/.m2/repository/com/google/protobuf/protobuf-java/2.5.0/protobuf-java-2.5.0.jar:/home/runner/.m2/repository/commons-collections/commons-collections/3.2.2/commons-collections-3.2.2.jar:/home/runner/.m2/repository/commons-io/commons-io/2.18.0/commons-io-2.18.0.jar:/home/runner/.m2/repository/info/picocli/picocli/4.7.7/picocli-4.7.7.jar:/home/runner/.m2/repository/io/dropwizard/metrics/metrics-core/3.2.6/metrics-core-3.2.6.jar:/home/runner/.m2/repository/jakarta/annotation/jakarta.annotation-api/2.1.1/jakarta.annotation-api-2.1.1.jar:/home/runner/.m2/repository/javax/servlet/javax.servlet-api/3.1.0/javax.servlet-api-3.1.0.jar:/home/runner/.m2/repository/org/apache/commons/commons-compress/1.27.1/commons-compress-1.27.1.jar:/home/runner/.m2/repository/org/apache/commons/commons-text/1.12.0/commons-text-1.12.0.jar:/home/runner/.m2/repository/org/apache/hadoop/hadoop-auth/3.4.1/hadoop-auth-3.4.1.jar:/home/runner/.m2/repository/org/apache/hadoop/hadoop-common/3.4.1/hadoop-common-3.4.1.jar:/home/runner/work/ozone/ozone/hadoop-hdds/client/target/hdds-client-2.1.0-SNAPSHOT.jar:/home/runner/work/ozone/ozone/hadoop-hdds/common/target/hdds-common-2.1.0-SNAPSHOT.jar:/home/runner/work/ozone/ozone/hadoop-hdds/config/target/hdds-config-2.1.0-SNAPSHOT.jar:/home/runner/work/ozone/ozone/hadoop-hdds/container-service/target/hdds-container-service-2.1.0-SNAPSHOT.jar:/home/runner/work/ozone/ozone/hadoop-hdds/interface-admin/target/hdds-interface-admin-2.1.0-SNAPSHOT.jar:/home/runner/work/ozone/ozone/hadoop-hdds/interface-client/target/hdds-interface-client-2.1.0-SNAPSHOT.jar:/home/runner/work/ozone/ozone/hadoop-hdds/interface-server/target/hdds-interface-server-2.1.0-SNAPSHOT.jar:/home/runner/work/ozone/ozone/hadoop-hdds/framework/target/hdds-server-framework-2.1.0-SNAPSHOT.jar:/home/runner/.m2/repository/org/apache/ratis/ratis-client/3.1.2/ratis-client-3.1.2.jar:/home/runner/.m2/repository/org/apache/ratis/ratis-common/3.1.2/ratis-common-3.1.2.jar:/home/runner/.m2/repository/org/apache/ratis/ratis-grpc/3.1.2/ratis-grpc-3.1.2.jar:/home/runner/.m2/repository/org/apache/ratis/ratis-netty/3.1.2/ratis-netty-3.1.2.jar:/home/runner/.m2/repository/org/apache/ratis/ratis-proto/3.1.2/ratis-proto-3.1.2.jar:/home/runner/.m2/repository/org/apache/ratis/ratis-server-api/3.1.2/ratis-server-api-3.1.2.jar:/home/runner/.m2/repository/org/apache/ratis/ratis-thirdparty-misc/1.0.6/ratis-thirdparty-misc-1.0.6.jar:/home/runner/.m2/repository/org/bouncycastle/bcpkix-jdk18on/1.80/bcpkix-jdk18on-1.80.jar:/home/runner/.m2/repository/org/bouncycastle/bcprov-jdk18on/1.80/bcprov-jdk18on-1.80.jar:/home/runner/.m2/repository/org/eclipse/jetty/jetty-webapp/9.4.57.v20241219/jetty-webapp-9.4.57.v20241219.jar:/home/runner/.m2/repository/org/eclipse/jetty/jetty-xml/9.4.57.v20241219/jetty-xml-9.4.57.v20241219.jar:/home/runner/.m2/repository/org/slf4j/slf4j-api/2.0.17/slf4j-api-2.0.17.jar:/home/runner/work/ozone/ozone/hadoop-ozone/cli-admin/target/ozone-cli-admin-2.1.0-SNAPSHOT.jar:/home/runner/.m2/repository/com/fasterxml/jackson/datatype/jackson-datatype-jsr310/2.16.2/jackson-datatype-jsr310-2.16.2.jar:/home/runner/.m2/repository/org/apache/hadoop/hadoop-hdfs-client/3.4.1/hadoop-hdfs-client-3.4.1.jar:/home/runner/work/ozone/ozone/hadoop-ozone/interface-client/target/ozone-interface-client-2.1.0-SNAPSHOT.jar:/home/runner/.m2/repository/commons-codec/commons-codec/1.17.1/commons-codec-1.17.1.jar:/home/runner/work/ozone/ozone/hadoop-ozone/cli-shell/target/ozone-cli-shell-2.1.0-SNAPSHOT.jar:/home/runner/.m2/repository/info/picocli/picocli-shell-jline3/4.7.7/picocli-shell-jline3-4.7.7.jar:/home/runner/.m2/repository/jakarta/xml/bind/jakarta.xml.bind-api/2.3.3/jakarta.xml.bind-api-2.3.3.jar:/home/runner/.m2/repository/org/apache/httpcomponents/httpclient/4.5.14/httpclient-4.5.14.jar:/home/runner/work/ozone/ozone/hadoop-ozone/ozonefs-common/target/ozone-filesystem-common-2.1.0-SNAPSHOT.jar:/home/runner/.m2/repository/org/jline/jline/3.30.0/jline-3.30.0.jar:/home/runner/.m2/repository/org/slf4j/slf4j-reload4j/2.0.17/slf4j-reload4j-2.0.17.jar:/home/runner/work/ozone/ozone/hadoop-ozone/client/target/ozone-client-2.1.0-SNAPSHOT.jar:/home/runner/.m2/repository/com/github/stephenc/jcip/jcip-annotations/1.0-1/jcip-annotations-1.0-1.jar:/home/runner/work/ozone/ozone/hadoop-hdds/erasurecode/target/hdds-erasurecode-2.1.0-SNAPSHOT.jar:/home/runner/work/ozone/ozone/hadoop-ozone/common/target/ozone-common-2.1.0-SNAPSHOT.jar:/home/runner/.m2/repository/io/grpc/grpc-api/1.58.0/grpc-api-1.58.0.jar:/home/runner/.m2/repository/io/grpc/grpc-netty/1.58.0/grpc-netty-1.58.0.jar:/home/runner/.m2/repository/io/grpc/grpc-core/1.58.0/grpc-core-1.58.0.jar:/home/runner/.m2/repository/com/google/android/annotations/4.1.1.4/annotations-4.1.1.4.jar:/home/runner/.m2/repository/org/codehaus/mojo/animal-sniffer-annotations/1.23/animal-sniffer-annotations-1.23.jar:/home/runner/.m2/repository/io/grpc/grpc-context/1.58.0/grpc-context-1.58.0.jar:/home/runner/.m2/repository/io/grpc/grpc-util/1.58.0/grpc-util-1.58.0.jar:/home/runner/.m2/repository/io/perfmark/perfmark-api/0.26.0/perfmark-api-0.26.0.jar:/home/runner/.m2/repository/io/netty/netty-codec-http2/4.1.109.Final/netty-codec-http2-4.1.109.Final.jar:/home/runner/.m2/repository/io/netty/netty-codec-http/4.1.109.Final/netty-codec-http-4.1.109.Final.jar:/home/runner/.m2/repository/io/netty/netty-common/4.1.109.Final/netty-common-4.1.109.Final.jar:/home/runner/.m2/repository/io/netty/netty-handler/4.1.109.Final/netty-handler-4.1.109.Final.jar:/home/runner/.m2/repository/io/netty/netty-resolver/4.1.109.Final/netty-resolver-4.1.109.Final.jar:/home/runner/.m2/repository/io/netty/netty-handler-proxy/4.1.109.Final/netty-handler-proxy-4.1.109.Final.jar:/home/runner/.m2/repository/io/netty/netty-codec-socks/4.1.109.Final/netty-codec-socks-4.1.109.Final.jar:/home/runner/.m2/repository/org/apache/httpcomponents/httpcore/4.4.16/httpcore-4.4.16.jar:/home/runner/.m2/repository/io/netty/netty-tcnative-boringssl-static/2.0.65.Final/netty-tcnative-boringssl-static-2.0.65.Final.jar:/home/runner/.m2/repository/io/netty/netty-tcnative-classes/2.0.65.Final/netty-tcnative-classes-2.0.65.Final.jar:/home/runner/.m2/repository/io/netty/netty-tcnative-boringssl-static/2.0.65.Final/netty-tcnative-boringssl-static-2.0.65.Final-linux-x86_64.jar:/home/runner/.m2/repository/io/netty/netty-tcnative-boringssl-static/2.0.65.Final/netty-tcnative-boringssl-static-2.0.65.Final-linux-aarch_64.jar:/home/runner/.m2/repository/io/netty/netty-tcnative-boringssl-static/2.0.65.Final/netty-tcnative-boringssl-static-2.0.65.Final-osx-x86_64.jar:/home/runner/.m2/repository/io/netty/netty-tcnative-boringssl-static/2.0.65.Final/netty-tcnative-boringssl-static-2.0.65.Final-osx-aarch_64.jar:/home/runner/.m2/repository/io/netty/netty-tcnative-boringssl-static/2.0.65.Final/netty-tcnative-boringssl-static-2.0.65.Final-windows-x86_64.jar:/home/runner/work/ozone/ozone/hadoop-ozone/csi/target/ozone-csi-2.1.0-SNAPSHOT.jar:/home/runner/.m2/repository/ch/qos/reload4j/reload4j/1.2.26/reload4j-1.2.26.jar:/home/runner/.m2/repository/com/google/protobuf/protobuf-java-util/3.19.6/protobuf-java-util-3.19.6.jar:/home/runner/.m2/repository/io/grpc/grpc-protobuf/1.58.0/grpc-protobuf-1.58.0.jar:/home/runner/.m2/repository/com/google/api/grpc/proto-google-common-protos/2.22.0/proto-google-common-protos-2.22.0.jar:/home/runner/.m2/repository/io/grpc/grpc-protobuf-lite/1.58.0/grpc-protobuf-lite-1.58.0.jar:/home/runner/.m2/repository/io/grpc/grpc-stub/1.58.0/grpc-stub-1.58.0.jar:/home/runner/.m2/repository/io/netty/netty-transport/4.1.109.Final/netty-transport-4.1.109.Final.jar:/home/runner/.m2/repository/io/netty/netty-transport-classes-epoll/4.1.109.Final/netty-transport-classes-epoll-4.1.109.Final.jar:/home/runner/.m2/repository/io/netty/netty-transport-native-epoll/4.1.109.Final/netty-transport-native-epoll-4.1.109.Final-linux-x86_64.jar:/home/runner/.m2/repository/io/netty/netty-transport-native-unix-common/4.1.109.Final/netty-transport-native-unix-common-4.1.109.Final.jar:/home/runner/work/ozone/ozone/hadoop-ozone/ozonefs/target/ozone-filesystem-2.1.0-SNAPSHOT.jar:/home/runner/.m2/repository/io/opentracing/opentracing-api/0.33.0/opentracing-api-0.33.0.jar:/home/runner/.m2/repository/io/opentracing/opentracing-util/0.33.0/opentracing-util-0.33.0.jar:/home/runner/.m2/repository/io/opentracing/opentracing-noop/0.33.0/opentracing-noop-0.33.0.jar:/home/runner/work/ozone/ozone/hadoop-ozone/freon/target/ozone-freon-2.1.0-SNAPSHOT.jar:/home/runner/.m2/repository/com/amazonaws/aws-java-sdk-core/1.12.661/aws-java-sdk-core-1.12.661.jar:/home/runner/.m2/repository/com/fasterxml/jackson/dataformat/jackson-dataformat-cbor/2.16.2/jackson-dataformat-cbor-2.16.2.jar:/home/runner/.m2/repository/joda-time/joda-time/2.12.7/joda-time-2.12.7.jar:/home/runner/.m2/repository/com/amazonaws/aws-java-sdk-s3/1.12.661/aws-java-sdk-s3-1.12.661.jar:/home/runner/.m2/repository/com/amazonaws/aws-java-sdk-kms/1.12.661/aws-java-sdk-kms-1.12.661.jar:/home/runner/.m2/repository/com/amazonaws/jmespath-java/1.12.661/jmespath-java-1.12.661.jar:/home/runner/.m2/repository/org/apache/hadoop/hadoop-hdfs/3.4.1/hadoop-hdfs-3.4.1.jar:/home/runner/work/ozone/ozone/hadoop-ozone/interface-storage/target/ozone-interface-storage-2.1.0-SNAPSHOT.jar:/home/runner/.m2/repository/org/kohsuke/metainf-services/metainf-services/1.11/metainf-services-1.11.jar:/home/runner/work/ozone/ozone/hadoop-ozone/ozone-manager/target/ozone-manager-2.1.0-SNAPSHOT.jar:/home/runner/.m2/repository/com/sun/jersey/jersey-client/1.19.4/jersey-client-1.19.4.jar:/home/runner/.m2/repository/org/apache/kerby/kerby-util/1.0.1/kerby-util-1.0.1.jar:/home/runner/.m2/repository/org/apache/logging/log4j/log4j-api/2.24.2/log4j-api-2.24.2.jar:/home/runner/work/ozone/ozone/hadoop-hdds/managed-rocksdb/target/hdds-managed-rocksdb-2.1.0-SNAPSHOT.jar:/home/runner/work/ozone/ozone/hadoop-hdds/rocks-native/target/hdds-rocks-native-2.1.0-SNAPSHOT.jar:/home/runner/.m2/repository/org/eclipse/jetty/jetty-io/9.4.57.v20241219/jetty-io-9.4.57.v20241219.jar:/home/runner/work/ozone/ozone/hadoop-hdds/rocksdb-checkpoint-differ/target/rocksdb-checkpoint-differ-2.1.0-SNAPSHOT.jar:/home/runner/.m2/repository/com/github/vlsi/mxgraph/jgraphx/3.9.12/jgraphx-3.9.12.jar:/home/runner/.m2/repository/org/jgrapht/jgrapht-core/1.4.0/jgrapht-core-1.4.0.jar:/home/runner/.m2/repository/org/jheaps/jheaps/0.11/jheaps-0.11.jar:/home/runner/.m2/repository/org/jgrapht/jgrapht-ext/1.4.0/jgrapht-ext-1.4.0.jar:/home/runner/.m2/repository/org/apache/ranger/ranger-intg/2.6.0/ranger-intg-2.6.0.jar:/home/runner/.m2/repository/org/apache/ranger/ranger-plugins-common/2.6.0/ranger-plugins-common-2.6.0.jar:/home/runner/.m2/repository/com/fasterxml/jackson/jaxrs/jackson-jaxrs-base/2.16.2/jackson-jaxrs-base-2.16.2.jar:/home/runner/.m2/repository/com/fasterxml/jackson/jaxrs/jackson-jaxrs-json-provider/2.16.2/jackson-jaxrs-json-provider-2.16.2.jar:/home/runner/.m2/repository/com/kstruct/gethostname4j/1.0.0/gethostname4j-1.0.0.jar:/home/runner/.m2/repository/commons-lang/commons-lang/2.6/commons-lang-2.6.jar:/home/runner/.m2/repository/net/java/dev/jna/jna/5.2.0/jna-5.2.0.jar:/home/runner/.m2/repository/net/java/dev/jna/jna-platform/5.2.0/jna-platform-5.2.0.jar:/home/runner/.m2/repository/org/apache/ranger/ranger-plugin-classloader/2.6.0/ranger-plugin-classloader-2.6.0.jar:/home/runner/.m2/repository/org/apache/ranger/ranger-plugins-audit/2.6.0/ranger-plugins-audit-2.6.0.jar:/home/runner/.m2/repository/com/amazonaws/aws-java-sdk-logs/1.12.765/aws-java-sdk-logs-1.12.765.jar:/home/runner/.m2/repository/com/carrotsearch/hppc/0.8.0/hppc-0.8.0.jar:/home/runner/.m2/repository/io/airlift/aircompressor/0.27/aircompressor-0.27.jar:/home/runner/.m2/repository/org/apache/httpcomponents/httpasyncclient/4.1.4/httpasyncclient-4.1.4.jar:/home/runner/.m2/repository/org/apache/httpcomponents/httpcore-nio/4.4.16/httpcore-nio-4.4.16.jar:/home/runner/.m2/repository/org/apache/httpcomponents/httpmime/4.5.13/httpmime-4.5.13.jar:/home/runner/.m2/repository/org/apache/orc/orc-core/1.5.8/orc-core-1.5.8.jar:/home/runner/.m2/repository/org/apache/orc/orc-shims/1.5.8/orc-shims-1.5.8.jar:/home/runner/.m2/repository/org/eclipse/jetty/jetty-client/9.4.57.v20241219/jetty-client-9.4.57.v20241219.jar:/home/runner/.m2/repository/org/apache/ranger/ranger-plugins-cred/2.6.0/ranger-plugins-cred-2.6.0.jar:/home/runner/.m2/repository/org/aspectj/aspectjrt/1.9.7/aspectjrt-1.9.7.jar:/home/runner/.m2/repository/org/aspectj/aspectjweaver/1.9.7/aspectjweaver-1.9.7.jar:/home/runner/.m2/repository/org/eclipse/jetty/jetty-util/9.4.57.v20241219/jetty-util-9.4.57.v20241219.jar:/home/runner/.m2/repository/org/reflections/reflections/0.10.2/reflections-0.10.2.jar:/home/runner/.m2/repository/org/rocksdb/rocksdbjni/7.7.3/rocksdbjni-7.7.3.jar:/home/runner/work/ozone/ozone/hadoop-ozone/recon/target/ozone-recon-2.1.0-SNAPSHOT.jar:/home/runner/.m2/repository/aopalliance/aopalliance/1.0/aopalliance-1.0.jar:/home/runner/.m2/repository/com/google/inject/guice/6.0.0/guice-6.0.0.jar:/home/runner/.m2/repository/jakarta/inject/jakarta.inject-api/2.0.1/jakarta.inject-api-2.0.1.jar:/home/runner/.m2/repository/com/google/inject/extensions/guice-assistedinject/6.0.0/guice-assistedinject-6.0.0.jar:/home/runner/.m2/repository/com/google/inject/extensions/guice-servlet/6.0.0/guice-servlet-6.0.0.jar:/home/runner/.m2/repository/com/jolbox/bonecp/0.8.0.RELEASE/bonecp-0.8.0.RELEASE.jar:/home/runner/.m2/repository/jakarta/activation/jakarta.activation-api/1.2.2/jakarta.activation-api-1.2.2.jar:/home/runner/.m2/repository/jakarta/validation/jakarta.validation-api/2.0.2/jakarta.validation-api-2.0.2.jar:/home/runner/.m2/repository/jakarta/ws/rs/jakarta.ws.rs-api/2.1.6/jakarta.ws.rs-api-2.1.6.jar:/home/runner/.m2/repository/javax/inject/javax.inject/1/javax.inject-1.jar:/home/runner/.m2/repository/org/apache/derby/derby/10.14.2.0/derby-10.14.2.0.jar:/home/runner/work/ozone/ozone/hadoop-ozone/recon-codegen/target/ozone-reconcodegen-2.1.0-SNAPSHOT.jar:/home/runner/.m2/repository/org/eclipse/jetty/jetty-servlet/9.4.57.v20241219/jetty-servlet-9.4.57.v20241219.jar:/home/runner/.m2/repository/org/eclipse/jetty/jetty-security/9.4.57.v20241219/jetty-security-9.4.57.v20241219.jar:/home/runner/.m2/repository/org/glassfish/hk2/guice-bridge/2.6.1/guice-bridge-2.6.1.jar:/home/runner/.m2/repository/org/glassfish/hk2/hk2-api/2.6.1/hk2-api-2.6.1.jar:/home/runner/.m2/repository/org/glassfish/hk2/hk2-utils/2.6.1/hk2-utils-2.6.1.jar:/home/runner/.m2/repository/org/glassfish/hk2/external/aopalliance-repackaged/2.6.1/aopalliance-repackaged-2.6.1.jar:/home/runner/.m2/repository/org/glassfish/hk2/external/jakarta.inject/2.6.1/jakarta.inject-2.6.1.jar:/home/runner/.m2/repository/org/glassfish/jersey/containers/jersey-container-servlet/2.46/jersey-container-servlet-2.46.jar:/home/runner/.m2/repository/org/glassfish/jersey/containers/jersey-container-servlet-core/2.46/jersey-container-servlet-core-2.46.jar:/home/runner/.m2/repository/org/glassfish/jersey/core/jersey-common/2.46/jersey-common-2.46.jar:/home/runner/.m2/repository/org/glassfish/hk2/osgi-resource-locator/1.0.3/osgi-resource-locator-1.0.3.jar:/home/runner/.m2/repository/org/glassfish/jersey/core/jersey-server/2.46/jersey-server-2.46.jar:/home/runner/.m2/repository/org/glassfish/jersey/core/jersey-client/2.46/jersey-client-2.46.jar:/home/runner/.m2/repository/org/glassfish/jersey/inject/jersey-hk2/2.46/jersey-hk2-2.46.jar:/home/runner/.m2/repository/org/glassfish/hk2/hk2-locator/2.6.1/hk2-locator-2.6.1.jar:/home/runner/.m2/repository/org/glassfish/jersey/media/jersey-media-jaxb/2.46/jersey-media-jaxb-2.46.jar:/home/runner/.m2/repository/org/glassfish/jersey/media/jersey-media-json-jackson/2.46/jersey-media-json-jackson-2.46.jar:/home/runner/.m2/repository/org/glassfish/jersey/ext/jersey-entity-filtering/2.46/jersey-entity-filtering-2.46.jar:/home/runner/.m2/repository/com/fasterxml/jackson/module/jackson-module-jaxb-annotations/2.16.2/jackson-module-jaxb-annotations-2.16.2.jar:/home/runner/.m2/repository/org/javassist/javassist/3.30.2-GA/javassist-3.30.2-GA.jar:/home/runner/.m2/repository/org/jooq/jooq/3.11.10/jooq-3.11.10.jar:/home/runner/.m2/repository/org/jooq/jooq-codegen/3.11.10/jooq-codegen-3.11.10.jar:/home/runner/.m2/repository/org/jooq/jooq-meta/3.11.10/jooq-meta-3.11.10.jar:/home/runner/.m2/repository/org/springframework/spring-core/5.3.39/spring-core-5.3.39.jar:/home/runner/.m2/repository/org/springframework/spring-jdbc/5.3.39/spring-jdbc-5.3.39.jar:/home/runner/.m2/repository/org/springframework/spring-beans/5.3.39/spring-beans-5.3.39.jar:/home/runner/.m2/repository/org/springframework/spring-tx/5.3.39/spring-tx-5.3.39.jar:/home/runner/.m2/repository/org/xerial/sqlite-jdbc/3.49.1.0/sqlite-jdbc-3.49.1.0.jar:/home/runner/work/ozone/ozone/hadoop-ozone/s3gateway/target/ozone-s3gateway-2.1.0-SNAPSHOT.jar:/home/runner/work/ozone/ozone/hadoop-ozone/tools/target/ozone-tools-2.1.0-SNAPSHOT.jar:/home/runner/.m2/repository/org/apache/ratis/ratis-shell/3.1.2/ratis-shell-3.1.2.jar:/home/runner/.m2/repository/org/apache/ratis/ratis-tools/3.1.2/ratis-tools-3.1.2.jar:/home/runner/.m2/repository/org/glassfish/jaxb/jaxb-runtime/2.3.9/jaxb-runtime-2.3.9.jar:/home/runner/.m2/repository/org/glassfish/jaxb/txw2/2.3.9/txw2-2.3.9.jar:/home/runner/.m2/repository/com/sun/istack/istack-commons-runtime/3.0.12/istack-commons-runtime-3.0.12.jar:/home/runner/.m2/repository/com/sun/activation/jakarta.activation/1.2.2/jakarta.activation-1.2.2.jar:/home/runner/.m2/repository/org/apache/ratis/ratis-server/3.1.2/ratis-server-3.1.2.jar:/home/runner/.m2/repository/org/apache/ratis/ratis-metrics-api/3.1.2/ratis-metrics-api-3.1.2.jar:/home/runner/.m2/repository/org/hamcrest/hamcrest/2.2/hamcrest-2.2.jar:/home/runner/.m2/repository/org/slf4j/jul-to-slf4j/2.0.17/jul-to-slf4j-2.0.17.jar:/home/runner/.m2/repository/org/apache/commons/commons-lang3/3.17.0/commons-lang3-3.17.0.jar:/home/runner/.m2/repository/org/apache/hadoop/hadoop-common/3.4.1/hadoop-common-3.4.1-tests.jar:/home/runner/.m2/repository/org/apache/hadoop/thirdparty/hadoop-shaded-protobuf_3_25/1.4.0/hadoop-shaded-protobuf_3_25-1.4.0.jar:/home/runner/.m2/repository/org/apache/hadoop/hadoop-annotations/3.4.1/hadoop-annotations-3.4.1.jar:/home/runner/.m2/repository/org/apache/hadoop/thirdparty/hadoop-shaded-guava/1.3.0/hadoop-shaded-guava-1.3.0.jar:/home/runner/.m2/repository/commons-cli/commons-cli/1.8.0/commons-cli-1.8.0.jar:/home/runner/.m2/repository/org/apache/commons/commons-math3/3.6.1/commons-math3-3.6.1.jar:/home/runner/.m2/repository/commons-net/commons-net/3.11.1/commons-net-3.11.1.jar:/home/runner/.m2/repository/org/eclipse/jetty/jetty-server/9.4.57.v20241219/jetty-server-9.4.57.v20241219.jar:/home/runner/.m2/repository/javax/servlet/jsp/jsp-api/2.1/jsp-api-2.1.jar:/home/runner/.m2/repository/com/sun/jersey/jersey-core/1.19.4/jersey-core-1.19.4.jar:/home/runner/.m2/repository/javax/ws/rs/jsr311-api/1.1.1/jsr311-api-1.1.1.jar:/home/runner/.m2/repository/com/sun/jersey/jersey-servlet/1.19.4/jersey-servlet-1.19.4.jar:/home/runner/.m2/repository/com/github/pjfanning/jersey-json/1.22.0/jersey-json-1.22.0.jar:/home/runner/.m2/repository/com/sun/xml/bind/jaxb-impl/2.2.3-1/jaxb-impl-2.2.3-1.jar:/home/runner/.m2/repository/org/codehaus/jettison/jettison/1.5.4/jettison-1.5.4.jar:/home/runner/.m2/repository/com/sun/jersey/jersey-server/1.19.4/jersey-server-1.19.4.jar:/home/runner/.m2/repository/commons-beanutils/commons-beanutils/1.9.4/commons-beanutils-1.9.4.jar:/home/runner/.m2/repository/org/apache/commons/commons-configuration2/2.11.0/commons-configuration2-2.11.0.jar:/home/runner/.m2/repository/org/apache/avro/avro/1.9.2/avro-1.9.2.jar:/home/runner/.m2/repository/com/google/re2j/re2j/1.7/re2j-1.7.jar:/home/runner/.m2/repository/com/google/code/gson/gson/2.10.1/gson-2.10.1.jar:/home/runner/.m2/repository/com/jcraft/jsch/0.1.55/jsch-0.1.55.jar:/home/runner/.m2/repository/org/apache/curator/curator-client/4.2.0/curator-client-4.2.0.jar:/home/runner/.m2/repository/org/apache/curator/curator-recipes/5.2.0/curator-recipes-5.2.0.jar:/home/runner/.m2/repository/org/apache/curator/curator-framework/4.2.0/curator-framework-4.2.0.jar:/home/runner/.m2/repository/com/google/code/findbugs/jsr305/3.0.2/jsr305-3.0.2.jar:/home/runner/.m2/repository/org/apache/zookeeper/zookeeper/3.8.4/zookeeper-3.8.4.jar:/home/runner/.m2/repository/org/apache/zookeeper/zookeeper-jute/3.8.4/zookeeper-jute-3.8.4.jar:/home/runner/.m2/repository/org/apache/yetus/audience-annotations/0.12.0/audience-annotations-0.12.0.jar:/home/runner/.m2/repository/io/netty/netty-transport-native-epoll/4.1.109.Final/netty-transport-native-epoll-4.1.109.Final.jar:/home/runner/.m2/repository/org/apache/kerby/kerb-core/1.0.1/kerb-core-1.0.1.jar:/home/runner/.m2/repository/org/apache/kerby/kerby-pkix/1.0.1/kerby-pkix-1.0.1.jar:/home/runner/.m2/repository/org/apache/kerby/kerby-asn1/1.0.1/kerby-asn1-1.0.1.jar:/home/runner/.m2/repository/org/codehaus/woodstox/stax2-api/4.2.1/stax2-api-4.2.1.jar:/home/runner/.m2/repository/com/fasterxml/woodstox/woodstox-core/5.4.0/woodstox-core-5.4.0.jar:/home/runner/.m2/repository/dnsjava/dnsjava/3.6.1/dnsjava-3.6.1.jar:/home/runner/.m2/repository/org/xerial/snappy/snappy-java/1.1.10.7/snappy-java-1.1.10.7.jar:/home/runner/.m2/repository/org/apache/hadoop/hadoop-distcp/3.4.1/hadoop-distcp-3.4.1.jar:/home/runner/.m2/repository/org/apache/hadoop/hadoop-distcp/3.4.1/hadoop-distcp-3.4.1-tests.jar:/home/runner/.m2/repository/org/apache/hadoop/hadoop-hdfs/3.4.1/hadoop-hdfs-3.4.1-tests.jar:/home/runner/.m2/repository/org/eclipse/jetty/jetty-util-ajax/9.4.57.v20241219/jetty-util-ajax-9.4.57.v20241219.jar:/home/runner/.m2/repository/commons-daemon/commons-daemon/1.4.0/commons-daemon-1.4.0.jar:/home/runner/.m2/repository/io/netty/netty-all/4.1.109.Final/netty-all-4.1.109.Final.jar:/home/runner/.m2/repository/io/netty/netty-codec-dns/4.1.109.Final/netty-codec-dns-4.1.109.Final.jar:/home/runner/.m2/repository/io/netty/netty-codec-haproxy/4.1.109.Final/netty-codec-haproxy-4.1.109.Final.jar:/home/runner/.m2/repository/io/netty/netty-codec-memcache/4.1.109.Final/netty-codec-memcache-4.1.109.Final.jar:/home/runner/.m2/repository/io/netty/netty-codec-mqtt/4.1.109.Final/netty-codec-mqtt-4.1.109.Final.jar:/home/runner/.m2/repository/io/netty/netty-codec-redis/4.1.109.Final/netty-codec-redis-4.1.109.Final.jar:/home/runner/.m2/repository/io/netty/netty-codec-smtp/4.1.109.Final/netty-codec-smtp-4.1.109.Final.jar:/home/runner/.m2/repository/io/netty/netty-codec-stomp/4.1.109.Final/netty-codec-stomp-4.1.109.Final.jar:/home/runner/.m2/repository/io/netty/netty-codec-xml/4.1.109.Final/netty-codec-xml-4.1.109.Final.jar:/home/runner/.m2/repository/io/netty/netty-handler-ssl-ocsp/4.1.109.Final/netty-handler-ssl-ocsp-4.1.109.Final.jar:/home/runner/.m2/repository/io/netty/netty-resolver-dns/4.1.109.Final/netty-resolver-dns-4.1.109.Final.jar:/home/runner/.m2/repository/io/netty/netty-transport-rxtx/4.1.109.Final/netty-transport-rxtx-4.1.109.Final.jar:/home/runner/.m2/repository/io/netty/netty-transport-sctp/4.1.109.Final/netty-transport-sctp-4.1.109.Final.jar:/home/runner/.m2/repository/io/netty/netty-transport-udt/4.1.109.Final/netty-transport-udt-4.1.109.Final.jar:/home/runner/.m2/repository/io/netty/netty-transport-classes-kqueue/4.1.109.Final/netty-transport-classes-kqueue-4.1.109.Final.jar:/home/runner/.m2/repository/io/netty/netty-resolver-dns-classes-macos/4.1.109.Final/netty-resolver-dns-classes-macos-4.1.109.Final.jar:/home/runner/.m2/repository/io/netty/netty-transport-native-epoll/4.1.109.Final/netty-transport-native-epoll-4.1.109.Final-linux-aarch_64.jar:/home/runner/.m2/repository/io/netty/netty-transport-native-epoll/4.1.109.Final/netty-transport-native-epoll-4.1.109.Final-linux-riscv64.jar:/home/runner/.m2/repository/io/netty/netty-transport-native-kqueue/4.1.109.Final/netty-transport-native-kqueue-4.1.109.Final-osx-x86_64.jar:/home/runner/.m2/repository/io/netty/netty-transport-native-kqueue/4.1.109.Final/netty-transport-native-kqueue-4.1.109.Final-osx-aarch_64.jar:/home/runner/.m2/repository/io/netty/netty-resolver-dns-native-macos/4.1.109.Final/netty-resolver-dns-native-macos-4.1.109.Final-osx-x86_64.jar:/home/runner/.m2/repository/io/netty/netty-resolver-dns-native-macos/4.1.109.Final/netty-resolver-dns-native-macos-4.1.109.Final-osx-aarch_64.jar:/home/runner/.m2/repository/org/fusesource/leveldbjni/leveldbjni-all/1.8/leveldbjni-all-1.8.jar:/home/runner/.m2/repository/org/apache/hadoop/hadoop-kms/3.4.1/hadoop-kms-3.4.1.jar:/home/runner/.m2/repository/org/apache/hadoop/hadoop-kms/3.4.1/hadoop-kms-3.4.1-tests.jar:/home/runner/.m2/repository/org/apache/hadoop/hadoop-mapreduce-client-core/3.4.1/hadoop-mapreduce-client-core-3.4.1.jar:/home/runner/.m2/repository/org/apache/hadoop/hadoop-yarn-client/3.4.1/hadoop-yarn-client-3.4.1.jar:/home/runner/.m2/repository/org/eclipse/jetty/websocket/websocket-client/9.4.53.v20231009/websocket-client-9.4.53.v20231009.jar:/home/runner/.m2/repository/org/eclipse/jetty/websocket/websocket-common/9.4.53.v20231009/websocket-common-9.4.53.v20231009.jar:/home/runner/.m2/repository/org/eclipse/jetty/websocket/websocket-api/9.4.53.v20231009/websocket-api-9.4.53.v20231009.jar:/home/runner/.m2/repository/org/apache/hadoop/hadoop-yarn-api/3.4.1/hadoop-yarn-api-3.4.1.jar:/home/runner/.m2/repository/org/apache/hadoop/hadoop-yarn-common/3.4.1/hadoop-yarn-common-3.4.1.jar:/home/runner/.m2/repository/javax/xml/bind/jaxb-api/2.2.11/jaxb-api-2.2.11.jar:/home/runner/.m2/repository/com/sun/jersey/contribs/jersey-guice/1.19.4/jersey-guice-1.19.4.jar:/home/runner/.m2/repository/org/apache/hadoop/hadoop-mapreduce-client-jobclient/3.4.1/hadoop-mapreduce-client-jobclient-3.4.1.jar:/home/runner/.m2/repository/org/apache/hadoop/hadoop-mapreduce-client-common/3.4.1/hadoop-mapreduce-client-common-3.4.1.jar:/home/runner/.m2/repository/org/apache/hadoop/hadoop-minikdc/3.4.1/hadoop-minikdc-3.4.1.jar:/home/runner/.m2/repository/org/apache/kerby/kerb-simplekdc/2.0.3/kerb-simplekdc-2.0.3.jar:/home/runner/.m2/repository/org/apache/kerby/kerb-client/2.0.3/kerb-client-2.0.3.jar:/home/runner/.m2/repository/org/apache/kerby/kerb-common/2.0.3/kerb-common-2.0.3.jar:/home/runner/.m2/repository/org/apache/kerby/token-provider/2.0.3/token-provider-2.0.3.jar:/home/runner/.m2/repository/org/apache/kerby/kerb-admin/2.0.3/kerb-admin-2.0.3.jar:/home/runner/.m2/repository/org/apache/kerby/kerb-server/2.0.3/kerb-server-2.0.3.jar:/home/runner/.m2/repository/org/apache/kerby/kerb-identity/2.0.3/kerb-identity-2.0.3.jar:/home/runner/.m2/repository/org/apache/kerby/kerby-xdr/2.0.3/kerby-xdr-2.0.3.jar:/home/runner/.m2/repository/junit/junit/4.13.2/junit-4.13.2.jar:/home/runner/.m2/repository/org/hamcrest/hamcrest-core/1.3/hamcrest-core-1.3.jar:/home/runner/work/ozone/ozone/hadoop-hdds/common/target/hdds-common-2.1.0-SNAPSHOT-tests.jar:/home/runner/.m2/repository/commons-validator/commons-validator/1.6/commons-validator-1.6.jar:/home/runner/.m2/repository/commons-digester/commons-digester/1.8.1/commons-digester-1.8.1.jar:/home/runner/.m2/repository/io/jaegertracing/jaeger-client/1.8.1/jaeger-client-1.8.1.jar:/home/runner/.m2/repository/io/jaegertracing/jaeger-thrift/1.8.1/jaeger-thrift-1.8.1.jar:/home/runner/.m2/repository/org/apache/thrift/libthrift/0.15.0/libthrift-0.15.0.jar:/home/runner/.m2/repository/com/squareup/okhttp3/okhttp/4.12.0/okhttp-4.12.0.jar:/home/runner/.m2/repository/com/squareup/okio/okio/3.6.0/okio-3.6.0.jar:/home/runner/.m2/repository/com/squareup/okio/okio-jvm/3.6.0/okio-jvm-3.6.0.jar:/home/runner/.m2/repository/org/jetbrains/kotlin/kotlin-stdlib-common/1.9.25/kotlin-stdlib-common-1.9.25.jar:/home/runner/.m2/repository/org/jetbrains/kotlin/kotlin-stdlib-jdk8/1.9.25/kotlin-stdlib-jdk8-1.9.25.jar:/home/runner/.m2/repository/org/jetbrains/kotlin/kotlin-stdlib-jdk7/1.9.25/kotlin-stdlib-jdk7-1.9.25.jar:/home/runner/.m2/repository/io/jaegertracing/jaeger-tracerresolver/1.8.1/jaeger-tracerresolver-1.8.1.jar:/home/runner/.m2/repository/io/opentracing/contrib/opentracing-tracerresolver/0.1.8/opentracing-tracerresolver-0.1.8.jar:/home/runner/.m2/repository/io/jaegertracing/jaeger-core/1.8.1/jaeger-core-1.8.1.jar:/home/runner/.m2/repository/javax/annotation/javax.annotation-api/1.3.2/javax.annotation-api-1.3.2.jar:/home/runner/work/ozone/ozone/hadoop-hdds/annotations/target/hdds-annotation-processing-2.1.0-SNAPSHOT.jar:/home/runner/.m2/repository/org/apache/ratis/ratis-metrics-dropwizard3/3.1.2/ratis-metrics-dropwizard3-3.1.2.jar:/home/runner/.m2/repository/org/bouncycastle/bcutil-jdk18on/1.80/bcutil-jdk18on-1.80.jar:/home/runner/.m2/repository/org/jetbrains/kotlin/kotlin-stdlib/1.9.25/kotlin-stdlib-1.9.25.jar:/home/runner/.m2/repository/org/jetbrains/annotations/13.0/annotations-13.0.jar:/home/runner/.m2/repository/org/slf4j/jcl-over-slf4j/2.0.17/jcl-over-slf4j-2.0.17.jar:/home/runner/.m2/repository/org/yaml/snakeyaml/2.0/snakeyaml-2.0.jar:/home/runner/work/ozone/ozone/hadoop-hdds/container-service/target/hdds-container-service-2.1.0-SNAPSHOT-tests.jar:/home/runner/.m2/repository/com/github/luben/zstd-jni/1.5.7-3/zstd-jni-1.5.7-3.jar:/home/runner/.m2/repository/io/netty/netty-buffer/4.1.109.Final/netty-buffer-4.1.109.Final.jar:/home/runner/.m2/repository/io/netty/netty-codec/4.1.109.Final/netty-codec-4.1.109.Final.jar:/home/runner/.m2/repository/log4j/apache-log4j-extras/1.2.17/apache-log4j-extras-1.2.17.jar:/home/runner/work/ozone/ozone/hadoop-hdds/framework/target/hdds-server-framework-2.1.0-SNAPSHOT-tests.jar:/home/runner/.m2/repository/com/github/jnr/jnr-constants/0.10.4/jnr-constants-0.10.4.jar:/home/runner/.m2/repository/com/github/jnr/jnr-posix/3.1.20/jnr-posix-3.1.20.jar:/home/runner/.m2/repository/com/github/jnr/jnr-ffi/2.2.17/jnr-ffi-2.2.17.jar:/home/runner/.m2/repository/com/github/jnr/jffi/1.3.13/jffi-1.3.13.jar:/home/runner/.m2/repository/com/github/jnr/jffi/1.3.13/jffi-1.3.13-native.jar:/home/runner/.m2/repository/org/ow2/asm/asm/9.7.1/asm-9.7.1.jar:/home/runner/.m2/repository/org/ow2/asm/asm-commons/9.7.1/asm-commons-9.7.1.jar:/home/runner/.m2/repository/org/ow2/asm/asm-analysis/9.7.1/asm-analysis-9.7.1.jar:/home/runner/.m2/repository/org/ow2/asm/asm-tree/9.7.1/asm-tree-9.7.1.jar:/home/runner/.m2/repository/org/ow2/asm/asm-util/9.7.1/asm-util-9.7.1.jar:/home/runner/.m2/repository/com/github/jnr/jnr-a64asm/1.0.0/jnr-a64asm-1.0.0.jar:/home/runner/.m2/repository/com/github/jnr/jnr-x86asm/1.0.2/jnr-x86asm-1.0.2.jar:/home/runner/.m2/repository/commons-fileupload/commons-fileupload/1.5/commons-fileupload-1.5.jar:/home/runner/.m2/repository/io/prometheus/simpleclient/0.16.0/simpleclient-0.16.0.jar:/home/runner/.m2/repository/io/prometheus/simpleclient_common/0.16.0/simpleclient_common-0.16.0.jar:/home/runner/.m2/repository/io/prometheus/simpleclient_dropwizard/0.16.0/simpleclient_dropwizard-0.16.0.jar:/home/runner/.m2/repository/org/apache/logging/log4j/log4j-core/2.24.2/log4j-core-2.24.2.jar:/home/runner/.m2/repository/org/eclipse/jetty/jetty-http/9.4.57.v20241219/jetty-http-9.4.57.v20241219.jar:/home/runner/.m2/repository/com/lmax/disruptor/3.4.4/disruptor-3.4.4.jar:/home/runner/.m2/repository/com/nimbusds/nimbus-jose-jwt/9.40/nimbus-jose-jwt-9.40.jar:/home/runner/.m2/repository/org/apache/kerby/kerb-util/1.0.1/kerb-util-1.0.1.jar:/home/runner/.m2/repository/org/apache/kerby/kerby-config/1.0.1/kerby-config-1.0.1.jar:/home/runner/.m2/repository/org/apache/kerby/kerb-crypto/1.0.1/kerb-crypto-1.0.1.jar:/home/runner/work/ozone/ozone/hadoop-hdds/server-scm/target/hdds-server-scm-2.1.0-SNAPSHOT-tests.jar:/home/runner/work/ozone/ozone/hadoop-hdds/test-utils/target/hdds-test-utils-2.1.0-SNAPSHOT-tests.jar:/home/runner/work/ozone/ozone/hadoop-ozone/ozone-manager/target/ozone-manager-2.1.0-SNAPSHOT-tests.jar:/home/runner/work/ozone/ozone/hadoop-ozone/mini-cluster/target/ozone-mini-cluster-2.1.0-SNAPSHOT.jar:/home/runner/.m2/repository/org/assertj/assertj-core/3.27.3/assertj-core-3.27.3.jar:/home/runner/.m2/repository/net/bytebuddy/byte-buddy/1.15.11/byte-buddy-1.15.11.jar:/home/runner/.m2/repository/org/junit/jupiter/junit-jupiter-api/5.12.2/junit-jupiter-api-5.12.2.jar:/home/runner/.m2/repository/org/opentest4j/opentest4j/1.3.0/opentest4j-1.3.0.jar:/home/runner/.m2/repository/org/junit/platform/junit-platform-commons/1.12.2/junit-platform-commons-1.12.2.jar:/home/runner/.m2/repository/org/apiguardian/apiguardian-api/1.1.2/apiguardian-api-1.1.2.jar:/home/runner/.m2/repository/org/junit/jupiter/junit-jupiter-params/5.12.2/junit-jupiter-params-5.12.2.jar:/home/runner/.m2/repository/org/mockito/mockito-core/4.11.0/mockito-core-4.11.0.jar:/home/runner/.m2/repository/net/bytebuddy/byte-buddy-agent/1.12.19/byte-buddy-agent-1.12.19.jar:/home/runner/.m2/repository/org/objenesis/objenesis/3.3/objenesis-3.3.jar:/home/runner/.m2/repository/org/mockito/mockito-inline/4.11.0/mockito-inline-4.11.0.jar:/home/runner/.m2/repository/org/mockito/mockito-junit-jupiter/4.11.0/mockito-junit-jupiter-4.11.0.jar:/home/runner/work/ozone/ozone/hadoop-ozone/integration-test/target/gradle-enterprise/test-listeners.jar:
STARTUP_MSG:   build = https://github.com/apache/ozone/395892a6a91d7ab181e4983983cc5ce18efa6d53
STARTUP_MSG:   java = 21.0.7
STARTUP_MSG:   conf = {hadoop.hdds.db.rocksdb.WAL_size_limit_MB=0MB, hadoop.hdds.db.rocksdb.WAL_ttl_seconds=1200, hadoop.hdds.db.rocksdb.keep.log.file.num=10, hadoop.hdds.db.rocksdb.logging.enabled=false, hadoop.hdds.db.rocksdb.logging.level=INFO, hadoop.hdds.db.rocksdb.max.log.file.size=100MB, hadoop.hdds.db.rocksdb.writeoption.sync=false, hdds.block.token.enabled=false, hdds.block.token.expiry.time=1d, hdds.command.status.report.interval=30s, hdds.container.action.max.limit=20, hdds.container.balancer.balancing.iteration.interval=70m, hdds.container.balancer.datanodes.involved.max.percentage.per.iteration=20, hdds.container.balancer.iterations=10, hdds.container.balancer.move.networkTopology.enable=false, hdds.container.balancer.move.replication.timeout=50m, hdds.container.balancer.move.timeout=65m, hdds.container.balancer.size.entering.target.max=26GB, hdds.container.balancer.size.leaving.source.max=26GB, hdds.container.balancer.size.moved.max.per.iteration=500GB, hdds.container.balancer.trigger.du.before.move.enable=false, hdds.container.balancer.utilization.threshold=10, hdds.container.checksum.verification.enabled=true, hdds.container.chunk.write.sync=false, hdds.container.close.threshold=0.9f, hdds.container.ipc.port=9859, hdds.container.ipc.random.port=false, hdds.container.ratis.admin.port=9857, hdds.container.ratis.datastream.enabled=true, hdds.container.ratis.datastream.port=9855, hdds.container.ratis.datastream.random.port=false, hdds.container.ratis.enabled=false, hdds.container.ratis.ipc.port=9858, hdds.container.ratis.ipc.random.port=false, hdds.container.ratis.leader.pending.bytes.limit=1GB, hdds.container.ratis.log.appender.queue.byte-limit=32MB, hdds.container.ratis.log.appender.queue.num-elements=1024, hdds.container.ratis.log.purge.gap=1000000, hdds.container.ratis.log.queue.byte-limit=4GB, hdds.container.ratis.log.queue.num-elements=1024, hdds.container.ratis.num.container.op.executors=10, hdds.container.ratis.num.write.chunk.threads.per.volume=4, hdds.container.ratis.rpc.type=GRPC, hdds.container.ratis.segment.preallocated.size=4MB, hdds.container.ratis.segment.size=64MB, hdds.container.ratis.server.port=9856, hdds.container.ratis.statemachine.max.pending.apply-transactions=100000, hdds.container.ratis.statemachine.write.wait.interval=10m, hdds.container.ratis.statemachinedata.sync.timeout=10s, hdds.container.replication.compression=NO_COMPRESSION, hdds.container.report.interval=60m, hdds.container.scrub.data.scan.interval=7d, hdds.container.scrub.dev.data.scan.enabled=true, hdds.container.scrub.dev.metadata.scan.enabled=true, hdds.container.scrub.enabled=true, hdds.container.scrub.metadata.scan.interval=3h, hdds.container.scrub.min.gap=15m, hdds.container.scrub.on.demand.volume.bytes.per.second=5242880, hdds.container.scrub.volume.bytes.per.second=5242880, hdds.container.token.enabled=false, hdds.datanode.block.delete.command.worker.interval=2s, hdds.datanode.block.delete.max.lock.wait.timeout=100ms, hdds.datanode.block.delete.queue.limit=5, hdds.datanode.block.delete.threads.max=5, hdds.datanode.block.deleting.limit.per.interval=5000, hdds.datanode.block.deleting.max.lock.holding.time=1s, hdds.datanode.block.deleting.service.interval=60s, hdds.datanode.check.empty.container.dir.on.delete=false, hdds.datanode.chunk.data.validation.check=false, hdds.datanode.client.bind.host=0.0.0.0, hdds.datanode.client.port=19864, hdds.datanode.command.queue.limit=5000, hdds.datanode.container.close.threads.max=3, hdds.datanode.container.delete.threads.max=2, hdds.datanode.container.schema.v3.enabled=true, hdds.datanode.container.schema.v3.key.separator=|, hdds.datanode.delete.container.timeout=60s, hdds.datanode.df.refresh.period=5m, hdds.datanode.dir=file:///home/runner/work/ozone/ozone/hadoop-ozone/integration-test/target/tmp/dfs/data, hdds.datanode.disk.check.io.failures.tolerated=1, hdds.datanode.disk.check.io.file.size=100B, hdds.datanode.disk.check.io.test.count=3, hdds.datanode.disk.check.min.gap=10m, hdds.datanode.disk.check.timeout=10m, hdds.datanode.dns.interface=default, hdds.datanode.dns.nameserver=default, hdds.datanode.du.factory.classname=org.apache.hadoop.hdds.fs.MockSpaceUsageCheckFactory$None, hdds.datanode.du.refresh.period=1h, hdds.datanode.failed.data.volumes.tolerated=-1, hdds.datanode.failed.db.volumes.tolerated=-1, hdds.datanode.failed.metadata.volumes.tolerated=-1, hdds.datanode.handler.count=10, hdds.datanode.http-address=0.0.0.0:9882, hdds.datanode.http-bind-host=0.0.0.0, hdds.datanode.http.auth.kerberos.keytab=/etc/security/keytabs/HTTP.keytab, hdds.datanode.http.auth.kerberos.principal=HTTP/_HOST@REALM, hdds.datanode.http.auth.type=simple, hdds.datanode.http.enabled=true, hdds.datanode.https-address=0.0.0.0:9883, hdds.datanode.https-bind-host=0.0.0.0, hdds.datanode.metadata.rocksdb.cache.size=1GB, hdds.datanode.periodic.disk.check.interval.minutes=60, hdds.datanode.ratis.server.request.timeout=2m, hdds.datanode.read.chunk.threads.per.volume=10, hdds.datanode.read.threadpool=10, hdds.datanode.recovering.container.scrubbing.service.interval=1m, hdds.datanode.replication.outofservice.limit.factor=2.0, hdds.datanode.replication.port=9886, hdds.datanode.replication.queue.limit=4096, hdds.datanode.replication.streams.limit=10, hdds.datanode.rocksdb.auto-compaction-small-sst-file=true, hdds.datanode.rocksdb.auto-compaction-small-sst-file-num-threshold=512, hdds.datanode.rocksdb.auto-compaction-small-sst-file-size-threshold=1MB, hdds.datanode.rocksdb.auto-compaction-small-sst-file.interval.minutes=120, hdds.datanode.rocksdb.auto-compaction-small-sst-file.threads=1, hdds.datanode.rocksdb.delete-obsolete-files-period=1h, hdds.datanode.rocksdb.log.level=INFO, hdds.datanode.rocksdb.log.max-file-num=64, hdds.datanode.rocksdb.log.max-file-size=32MB, hdds.datanode.rocksdb.max-open-files=1024, hdds.datanode.slow.op.warning.threshold=500ms, hdds.datanode.storage.utilization.critical.threshold=0.95, hdds.datanode.storage.utilization.warning.threshold=0.75, hdds.datanode.use.datanode.hostname=false, hdds.datanode.volume.choosing.policy=org.apache.hadoop.ozone.container.common.volume.CapacityVolumeChoosingPolicy, hdds.datanode.volume.min.free.space=-1, hdds.datanode.volume.min.free.space.percent=-1, hdds.datanode.wait.on.all.followers=false, hdds.db.profile=DISK, hdds.grpc.tls.enabled=false, hdds.grpc.tls.provider=OPENSSL, hdds.heartbeat.initial-interval=2s, hdds.heartbeat.interval=1s, hdds.heartbeat.recon.initial-interval=60s, hdds.heartbeat.recon.interval=60s, hdds.key.algo=RSA, hdds.key.dir.name=keys, hdds.key.len=2048, hdds.node.report.interval=60000ms, hdds.pipeline.action.max.limit=20, hdds.pipeline.report.interval=60000ms, hdds.priv.key.file.name=private.pem, hdds.profiler.endpoint.enabled=false, hdds.prometheus.endpoint.enabled=true, hdds.public.key.file.name=public.pem, hdds.ratis.client.exponential.backoff.base.sleep=4s, hdds.ratis.client.exponential.backoff.max.retries=2147483647, hdds.ratis.client.exponential.backoff.max.sleep=40s, hdds.ratis.client.multilinear.random.retry.policy=5s, 5, 10s, 5, 15s, 5, 20s, 5, 25s, 5, 60s, 10, hdds.ratis.client.request.watch.timeout=3m, hdds.ratis.client.request.watch.type=ALL_COMMITTED, hdds.ratis.client.request.write.timeout=5m, hdds.ratis.client.retry.policy=org.apache.hadoop.hdds.ratis.retrypolicy.RequestTypeDependentRetryPolicyCreator, hdds.ratis.client.retrylimited.max.retries=180, hdds.ratis.client.retrylimited.retry.interval=1s, hdds.ratis.leader.election.minimum.timeout.duration=5s, hdds.ratis.raft.client.async.outstanding-requests.max=32, hdds.ratis.raft.client.rpc.request.timeout=60s, hdds.ratis.raft.client.rpc.watch.request.timeout=180s, hdds.ratis.raft.grpc.flow.control.window=5MB, hdds.ratis.raft.server.datastream.client.pool.size=10, hdds.ratis.raft.server.datastream.request.threads=20, hdds.ratis.raft.server.delete.ratis.log.directory=true, hdds.ratis.raft.server.leaderelection.pre-vote=true, hdds.ratis.raft.server.log.appender.wait-time.min=0us, hdds.ratis.raft.server.notification.no-leader.timeout=300s, hdds.ratis.raft.server.rpc.request.timeout=60s, hdds.ratis.raft.server.rpc.slowness.timeout=300s, hdds.ratis.raft.server.watch.timeout=30s, hdds.ratis.raft.server.write.element-limit=1024, hdds.ratis.server.num.snapshots.retained=5, hdds.ratis.server.retry-cache.timeout.duration=600000ms, hdds.ratis.snapshot.threshold=100000, hdds.scm.block.deleting.service.interval=60s, hdds.scm.block.deletion.per-interval.max=100000, hdds.scm.block.deletion.txn.dn.commit.map.limit=5000000, hdds.scm.ec.pipeline.choose.policy.impl=org.apache.hadoop.hdds.scm.pipeline.choose.algorithms.RandomPipelineChoosePolicy, hdds.scm.http.auth.kerberos.keytab=/etc/security/keytabs/HTTP.keytab, hdds.scm.http.auth.kerberos.principal=HTTP/_HOST@REALM, hdds.scm.http.auth.type=simple, hdds.scm.kerberos.keytab.file=/etc/security/keytabs/SCM.keytab, hdds.scm.kerberos.principal=SCM/_HOST@REALM, hdds.scm.pipeline.choose.policy.impl=org.apache.hadoop.hdds.scm.pipeline.choose.algorithms.RandomPipelineChoosePolicy, hdds.scm.replication.datanode.delete.container.limit=40, hdds.scm.replication.datanode.reconstruction.weight=3, hdds.scm.replication.datanode.replication.limit=20, hdds.scm.replication.event.timeout=12m, hdds.scm.replication.event.timeout.datanode.offset=6m, hdds.scm.replication.inflight.limit.factor=0.75, hdds.scm.replication.maintenance.remaining.redundancy=1, hdds.scm.replication.maintenance.replica.minimum=2, hdds.scm.replication.over.replicated.interval=30s, hdds.scm.replication.push=true, hdds.scm.replication.thread.interval=300s, hdds.scm.replication.under.replicated.interval=30s, hdds.scm.safemode.atleast.one.node.reported.pipeline.pct=0.90, hdds.scm.safemode.enabled=true, hdds.scm.safemode.healthy.pipeline.pct=0.10, hdds.scm.safemode.min.datanode=1, hdds.scm.safemode.pipeline.creation=true, hdds.scm.safemode.threshold.pct=0.99, hdds.scm.unknown-container.action=WARN, hdds.scm.wait.time.after.safemode.exit=5m, hdds.scmclient.failover.max.retry=15, hdds.scmclient.failover.retry.interval=2s, hdds.scmclient.max.retry.timeout=10m, hdds.scmclient.rpc.timeout=15m, hdds.secret.key.algorithm=HmacSHA256, hdds.secret.key.expiry.duration=7d, hdds.secret.key.file.name=secret_keys.json, hdds.secret.key.rotate.check.duration=10m, hdds.secret.key.rotate.duration=1d, hdds.security.client.datanode.container.protocol.acl=*, hdds.security.client.scm.block.protocol.acl=*, hdds.security.client.scm.certificate.protocol.acl=*, hdds.security.client.scm.container.protocol.acl=*, hdds.security.client.scm.secretkey.datanode.protocol.acl=*, hdds.security.client.scm.secretkey.om.protocol.acl=*, hdds.security.client.scm.secretkey.scm.protocol.acl=*, hdds.security.provider=BC, hdds.tracing.enabled=false, hdds.x509.ca.rotation.ack.timeout=PT15M, hdds.x509.ca.rotation.check.interval=P1D, hdds.x509.ca.rotation.enabled=false, hdds.x509.ca.rotation.time-of-day=02:00:00, hdds.x509.default.duration=P365D, hdds.x509.dir.name=certs, hdds.x509.expired.certificate.check.interval=P1D, hdds.x509.file.name=certificate.crt, hdds.x509.max.duration=P1865D, hdds.x509.renew.grace.duration=P28D, hdds.x509.rootca.certificate.polling.interval=PT2h, hdds.x509.signature.algorithm=SHA256withRSA, hdds.xframe.enabled=true, hdds.xframe.value=SAMEORIGIN, ozone.UnsafeByteOperations.enabled=true, ozone.acl.authorizer.class=org.apache.hadoop.ozone.security.acl.OzoneAccessAuthorizer, ozone.acl.enabled=false, ozone.block.deleting.service.interval=1m, ozone.block.deleting.service.timeout=300000ms, ozone.block.deleting.service.workers=10, ozone.chunk.read.buffer.default.size=1MB, ozone.chunk.read.mapped.buffer.max.count=0, ozone.chunk.read.mapped.buffer.threshold=32KB, ozone.client.bucket.replication.config.refresh.time.ms=30000, ozone.client.bytes.per.checksum=16KB, ozone.client.checksum.combine.mode=COMPOSITE_CRC, ozone.client.checksum.type=CRC32, ozone.client.connection.timeout=5000ms, ozone.client.datastream.buffer.flush.size=4MB, ozone.client.datastream.min.packet.size=256KB, ozone.client.datastream.pipeline.mode=true, ozone.client.datastream.window.size=8MB, ozone.client.ec.grpc.retries.enabled=true, ozone.client.ec.grpc.retries.max=3, ozone.client.ec.grpc.write.timeout=30s, ozone.client.ec.reconstruct.stripe.read.pool.limit=30, ozone.client.ec.reconstruct.stripe.write.pool.limit=30, ozone.client.ec.stripe.queue.size=2, ozone.client.exclude.nodes.expiry.time=600000, ozone.client.failover.max.attempts=500, ozone.client.fs.default.bucket.layout=FILE_SYSTEM_OPTIMIZED, ozone.client.hbase.enhancements.allowed=false, ozone.client.incremental.chunk.list=false, ozone.client.key.latest.version.location=true, ozone.client.key.provider.cache.expiry=10d, ozone.client.key.write.concurrency=1, ozone.client.list.cache=1000, ozone.client.max.ec.stripe.write.retries=10, ozone.client.max.retries=5, ozone.client.read.max.retries=3, ozone.client.read.retry.interval=1, ozone.client.read.timeout=30s, ozone.client.retry.interval=0, ozone.client.server-defaults.validity.period.ms=3600000, ozone.client.socket.timeout=5000ms, ozone.client.stream.buffer.flush.delay=true, ozone.client.stream.buffer.flush.size=1MB, ozone.client.stream.buffer.increment=0B, ozone.client.stream.buffer.max.size=2MB, ozone.client.stream.buffer.size=1MB, ozone.client.stream.putblock.piggybacking=false, ozone.client.verify.checksum=true, ozone.client.wait.between.retries.millis=2000, ozone.compaction.service.enabled=false, ozone.container.cache.lock.stripes=1024, ozone.container.cache.size=1024, ozone.csi.default-volume-size=1000000000, ozone.csi.mount.command=goofys --endpoint %s %s %s, ozone.csi.s3g.address=http://localhost:9878, ozone.csi.socket=/var/lib/csi.sock, ozone.directory.deleting.service.interval=1m, ozone.filesystem.snapshot.enabled=true, ozone.freon.http-address=0.0.0.0:9884, ozone.freon.http-bind-host=0.0.0.0, ozone.freon.http.auth.kerberos.keytab=/etc/security/keytabs/HTTP.keytab, ozone.freon.http.auth.kerberos.principal=HTTP/_HOST@REALM, ozone.freon.http.auth.type=simple, ozone.freon.http.enabled=true, ozone.freon.https-address=0.0.0.0:9885, ozone.freon.https-bind-host=0.0.0.0, ozone.fs.datastream.auto.threshold=4MB, ozone.fs.datastream.enabled=false, ozone.fs.hsync.enabled=false, ozone.fs.iterate.batch-size=100, ozone.fs.listing.page.size=1024, ozone.fs.listing.page.size.max=5000, ozone.hbase.enhancements.allowed=false, ozone.http.policy=HTTP_ONLY, ozone.https.client.keystore.resource=ssl-client.xml, ozone.https.client.need-auth=false, ozone.https.server.keystore.resource=ssl-server.xml, ozone.key.deleting.limit.per.task=20000, ozone.key.preallocation.max.blocks=64, ozone.manager.delegation.remover.scan.interval=3600000, ozone.manager.delegation.token.max-lifetime=7d, ozone.manager.delegation.token.renew-interval=1d, ozone.metadata.dirs.permissions=750, ozone.metastore.rocksdb.cf.write.buffer.size=128MB, ozone.metastore.rocksdb.statistics=OFF, ozone.network.flexible.fqdn.resolution.enabled=false, ozone.network.jvm.address.cache.enabled=true, ozone.network.topology.aware.read=true, ozone.om.address=0.0.0.0:9862, ozone.om.admin.protocol.max.retries=20, ozone.om.admin.protocol.wait.between.retries=1000, ozone.om.client.rpc.timeout=15m, ozone.om.client.trash.core.pool.size=5, ozone.om.compaction.service.columnfamilies=keyTable,fileTable,directoryTable,deletedTable,deletedDirectoryTable,multipartInfoTable, ozone.om.compaction.service.run.interval=6h, ozone.om.compaction.service.timeout=10m, ozone.om.container.location.cache.size=100000, ozone.om.container.location.cache.ttl=360m, ozone.om.db.dirs.permissions=750, ozone.om.db.max.open.files=-1, ozone.om.delta.update.data.size.max.limit=1024MB, ozone.om.edekcacheloader.initial.delay.ms=3000, ozone.om.edekcacheloader.interval.ms=1000, ozone.om.edekcacheloader.max-retries=10, ozone.om.enable.filesystem.paths=false, ozone.om.enable.ofs.shared.tmp.dir=false, ozone.om.fs.snapshot.max.limit=1000, ozone.om.group.rights=READ, LIST, ozone.om.grpc.bossgroup.size=8, ozone.om.grpc.maximum.response.length=134217728, ozone.om.grpc.port=8981, ozone.om.grpc.read.thread.num=32, ozone.om.grpc.workergroup.size=32, ozone.om.ha.raft.server.log.appender.wait-time.min=0ms, ozone.om.ha.raft.server.retrycache.expirytime=300s, ozone.om.handler.count.key=20, ozone.om.http-address=0.0.0.0:9874, ozone.om.http-bind-host=0.0.0.0, ozone.om.http.auth.kerberos.keytab=/etc/security/keytabs/HTTP.keytab, ozone.om.http.auth.kerberos.principal=HTTP/_HOST@REALM, ozone.om.http.auth.type=simple, ozone.om.http.enabled=true, ozone.om.https-address=0.0.0.0:9875, ozone.om.https-bind-host=0.0.0.0, ozone.om.kerberos.keytab.file=/etc/security/keytabs/OM.keytab, ozone.om.kerberos.principal=OM/_HOST@REALM, ozone.om.kerberos.principal.pattern=*, ozone.om.key.path.lock.enabled=false, ozone.om.keyname.character.check.enabled=false, ozone.om.leader.election.minimum.timeout.duration=5s, ozone.om.lease.hard.limit=7d, ozone.om.lease.soft.limit=60s, ozone.om.lock.fair=false, ozone.om.max.buckets=100000, ozone.om.multitenancy.enabled=false, ozone.om.multitenancy.ranger.sync.interval=10m, ozone.om.multitenancy.ranger.sync.timeout=10s, ozone.om.namespace.s3.strict=true, ozone.om.network.topology.refresh.duration=1h, ozone.om.open.key.cleanup.limit.per.task=1000, ozone.om.open.key.cleanup.service.interval=24h, ozone.om.open.key.cleanup.service.timeout=300s, ozone.om.open.key.expire.threshold=7d, ozone.om.open.mpu.cleanup.service.interval=24h, ozone.om.open.mpu.cleanup.service.timeout=300s, ozone.om.open.mpu.expire.threshold=30d, ozone.om.open.mpu.parts.cleanup.limit.per.task=1000, ozone.om.ratis.log.appender.queue.byte-limit=4MB, ozone.om.ratis.log.appender.queue.num-elements=1024, ozone.om.ratis.log.purge.gap=1000000, ozone.om.ratis.log.purge.preservation.log.num=0, ozone.om.ratis.log.purge.upto.snapshot.index=true, ozone.om.ratis.minimum.timeout=5s, ozone.om.ratis.port=9872, ozone.om.ratis.rpc.type=GRPC, ozone.om.ratis.segment.preallocated.size=4MB, ozone.om.ratis.segment.size=4MB, ozone.om.ratis.server.close.threshold=60s, ozone.om.ratis.server.failure.timeout.duration=120s, ozone.om.ratis.server.leaderelection.pre-vote=true, ozone.om.ratis.server.request.timeout=3s, ozone.om.ratis.server.retry.cache.timeout=600000ms, ozone.om.ratis.snapshot.max.total.sst.size=100000000, ozone.om.read.threadpool=10, ozone.om.s3.grpc.server_enabled=false, ozone.om.save.metrics.interval=5m, ozone.om.security.admin.protocol.acl=*, ozone.om.security.client.protocol.acl=*, ozone.om.server.list.max.size=1000, ozone.om.snapshot.cache.cleanup.service.run.interval=1m, ozone.om.snapshot.cache.max.size=10, ozone.om.snapshot.checkpoint.dir.creation.poll.timeout=20s, ozone.om.snapshot.compaction.dag.max.time.allowed=30d, ozone.om.snapshot.compaction.dag.prune.daemon.run.interval=3600s, ozone.om.snapshot.db.max.open.files=100, ozone.om.snapshot.diff.cleanup.service.run.interval=1m, ozone.om.snapshot.diff.cleanup.service.timeout=5m, ozone.om.snapshot.diff.disable.native.libs=false, ozone.om.snapshot.diff.job.default.wait.time=1s, ozone.om.snapshot.diff.job.report.persistent.time=7d, ozone.om.snapshot.diff.max.allowed.keys.changed.per.job=10000000, ozone.om.snapshot.diff.max.jobs.purge.per.task=100, ozone.om.snapshot.diff.max.page.size=1000, ozone.om.snapshot.diff.thread.pool.size=10, ozone.om.snapshot.force.full.diff=false, ozone.om.snapshot.load.native.lib=true, ozone.om.snapshot.provider.connection.timeout=5000s, ozone.om.snapshot.provider.request.timeout=300000ms, ozone.om.snapshot.provider.socket.timeout=5000s, ozone.om.snapshot.rocksdb.metrics.enabled=false, ozone.om.transport.class=org.apache.hadoop.ozone.om.protocolPB.Hadoop3OmTransportFactory, ozone.om.unflushed.transaction.max.count=10000, ozone.om.upgrade.finalization.ratis.based.timeout=30s, ozone.om.upgrade.quota.recalculate.enabled=true, ozone.om.user.max.volume=1024, ozone.om.user.rights=ALL, ozone.om.volume.listall.allowed=true, ozone.recon.containerkey.flush.db.max.threshold=150000, ozone.recon.db.dirs.permissions=750, ozone.recon.heatmap.enable=false, ozone.recon.http-address=0.0.0.0:9888, ozone.recon.http-bind-host=0.0.0.0, ozone.recon.http.auth.kerberos.keytab=/etc/security/keytabs/HTTP.keytab, ozone.recon.http.auth.kerberos.principal=HTTP/_HOST@REALM, ozone.recon.http.auth.type=simple, ozone.recon.http.enabled=true, ozone.recon.https-address=0.0.0.0:9889, ozone.recon.https-bind-host=0.0.0.0, ozone.recon.nssummary.flush.db.max.threshold=150000, ozone.recon.om.connection.request.timeout=5000, ozone.recon.om.connection.timeout=5s, ozone.recon.om.snapshot.task.flush.param=false, ozone.recon.om.snapshot.task.initial.delay=1m, ozone.recon.om.snapshot.task.interval.delay=5s, ozone.recon.om.socket.timeout=5s, ozone.recon.scm.connection.request.timeout=5s, ozone.recon.scm.connection.timeout=5s, ozone.recon.scm.container.threshold=100, ozone.recon.scm.snapshot.enabled=true, ozone.recon.scm.snapshot.task.initial.delay=1m, ozone.recon.scm.snapshot.task.interval.delay=24h, ozone.recon.scmclient.failover.max.retry=3, ozone.recon.scmclient.max.retry.timeout=6s, ozone.recon.scmclient.rpc.timeout=1m, ozone.recon.security.client.datanode.container.protocol.acl=*, ozone.recon.sql.db.auto.commit=true, ozone.recon.sql.db.conn.idle.max.age=3600s, ozone.recon.sql.db.conn.idle.test=SELECT 1, ozone.recon.sql.db.conn.idle.test.period=60s, ozone.recon.sql.db.conn.max.active=5, ozone.recon.sql.db.conn.max.age=1800s, ozone.recon.sql.db.conn.timeout=30000ms, ozone.recon.sql.db.driver=org.apache.derby.jdbc.EmbeddedDriver, ozone.recon.sql.db.jdbc.url=jdbc:derby:${ozone.recon.db.dir}/ozone_recon_derby.db, ozone.recon.sql.db.jooq.dialect=DERBY, ozone.recon.task.containercounttask.interval=60s, ozone.recon.task.missingcontainer.interval=300s, ozone.recon.task.pipelinesync.interval=300s, ozone.recon.task.safemode.wait.threshold=300s, ozone.recon.task.thread.count=1, ozone.replication.allowed-configs=^((STANDALONE|RATIS)/(ONE|THREE))|(EC/(3-2|6-3|10-4)-(512|1024|2048|4096)k)$, ozone.rest.client.http.connection.max=100, ozone.rest.client.http.connection.per-route.max=20, ozone.s3g.client.buffer.size=4MB, ozone.s3g.default.bucket.layout=OBJECT_STORE, ozone.s3g.http-address=0.0.0.0:9878, ozone.s3g.http-bind-host=0.0.0.0, ozone.s3g.http.auth.kerberos.keytab=/etc/security/keytabs/HTTP.keytab, ozone.s3g.http.auth.kerberos.principal=HTTP/_HOST@REALM, ozone.s3g.http.auth.type=simple, ozone.s3g.http.enabled=true, ozone.s3g.https-address=0.0.0.0:9879, ozone.s3g.kerberos.keytab.file=/etc/security/keytabs/s3g.keytab, ozone.s3g.kerberos.principal=s3g/_HOST@REALM, ozone.s3g.list-keys.shallow.enabled=true, ozone.s3g.metrics.percentiles.intervals.seconds=60, ozone.s3g.secret.http.auth.type=kerberos, ozone.s3g.secret.http.enabled=false, ozone.s3g.volume.name=s3v, ozone.s3g.webadmin.http-address=0.0.0.0:19878, ozone.s3g.webadmin.http-bind-host=0.0.0.0, ozone.s3g.webadmin.http.enabled=true, ozone.s3g.webadmin.https-address=0.0.0.0:19879, ozone.scm.block.client.bind.host=0.0.0.0, ozone.scm.block.client.port=9863, ozone.scm.block.deletion.max.retry=4096, ozone.scm.block.handler.count.key=100, ozone.scm.block.read.threadpool=10, ozone.scm.block.size=4MB, ozone.scm.ca.list.retry.interval=10s, ozone.scm.chunk.size=1MB, ozone.scm.client.bind.host=0.0.0.0, ozone.scm.client.handler.count.key=100, ozone.scm.client.port=9860, ozone.scm.client.read.threadpool=10, ozone.scm.close.container.wait.duration=1s, ozone.scm.container.layout=FILE_PER_BLOCK, ozone.scm.container.list.max.count=4096, ozone.scm.container.lock.stripes=512, ozone.scm.container.placement.ec.impl=org.apache.hadoop.hdds.scm.container.placement.algorithms.SCMContainerPlacementRackScatter, ozone.scm.container.placement.impl=org.apache.hadoop.hdds.scm.container.placement.algorithms.SCMContainerPlacementRackAware, ozone.scm.container.size=5GB, ozone.scm.datanode.admin.monitor.interval=30s, ozone.scm.datanode.admin.monitor.logging.limit=1000, ozone.scm.datanode.disallow.same.peers=false, ozone.scm.datanode.handler.count.key=100, ozone.scm.datanode.pipeline.limit=2, ozone.scm.datanode.port=9861, ozone.scm.datanode.ratis.volume.free-space.min=1GB, ozone.scm.datanode.read.threadpool=10, ozone.scm.db.dirs.permissions=750, ozone.scm.dead.node.interval=10m, ozone.scm.ec.pipeline.minimum=5, ozone.scm.ec.pipeline.per.volume.factor=1, ozone.scm.event.ContainerReport.thread.pool.size=10, ozone.scm.expired.container.replica.op.scrub.interval=5m, ozone.scm.grpc.port=9895, ozone.scm.ha.dbtransactionbuffer.flush.interval=600s, ozone.scm.ha.grpc.deadline.interval=30m, ozone.scm.ha.raft.server.log.appender.wait-time.min=0ms, ozone.scm.ha.ratis.leader.election.timeout=5s, ozone.scm.ha.ratis.leader.ready.check.interval=2s, ozone.scm.ha.ratis.leader.ready.wait.timeout=60s, ozone.scm.ha.ratis.log.appender.queue.byte-limit=4MB, ozone.scm.ha.ratis.log.appender.queue.num-elements=1024, ozone.scm.ha.ratis.log.purge.enabled=false, ozone.scm.ha.ratis.log.purge.gap=1000000, ozone.scm.ha.ratis.request.timeout=30s, ozone.scm.ha.ratis.rpc.type=GRPC, ozone.scm.ha.ratis.segment.preallocated.size=4MB, ozone.scm.ha.ratis.segment.size=4MB, ozone.scm.ha.ratis.server.failure.timeout.duration=120s, ozone.scm.ha.ratis.server.leaderelection.pre-vote=true, ozone.scm.ha.ratis.server.retry.cache.timeout=60s, ozone.scm.ha.ratis.server.snapshot.creation.gap=1024, ozone.scm.ha.ratis.snapshot.threshold=1000, ozone.scm.handler.count.key=20, ozone.scm.heartbeat.log.warn.interval.count=10, ozone.scm.heartbeat.rpc-retry-count=15, ozone.scm.heartbeat.rpc-retry-interval=1s, ozone.scm.heartbeat.rpc-timeout=5s, ozone.scm.heartbeat.thread.interval=100ms, ozone.scm.http-address=0.0.0.0:9876, ozone.scm.http-bind-host=0.0.0.0, ozone.scm.http.enabled=true, ozone.scm.https-address=0.0.0.0:9877, ozone.scm.https-bind-host=0.0.0.0, ozone.scm.info.wait.duration=10m, ozone.scm.keyvalue.container.deletion-choosing.policy=org.apache.hadoop.ozone.container.common.impl.TopNOrderedContainerDeletionChoosingPolicy, ozone.scm.network.topology.schema.file=network-topology-default.xml, ozone.scm.pipeline.allocated.timeout=5m, ozone.scm.pipeline.creation.auto.factor.one=true, ozone.scm.pipeline.creation.interval=120s, ozone.scm.pipeline.destroy.timeout=66s, ozone.scm.pipeline.leader-choose.policy=org.apache.hadoop.hdds.scm.pipeline.leader.choose.algorithms.MinLeaderCountChoosePolicy, ozone.scm.pipeline.owner.container.count=3, ozone.scm.pipeline.per.metadata.disk=2, ozone.scm.pipeline.scrub.interval=5m, ozone.scm.ratis.pipeline.limit=3, ozone.scm.ratis.port=9894, ozone.scm.security.handler.count.key=2, ozone.scm.security.read.threadpool=1, ozone.scm.security.service.bind.host=0.0.0.0, ozone.scm.security.service.port=9961, ozone.scm.sequence.id.batch.size=1000, ozone.scm.skip.bootstrap.validation=false, ozone.scm.stale.node.interval=5m, ozone.security.crypto.compliance.mode=unrestricted, ozone.security.enabled=false, ozone.security.http.kerberos.enabled=false, ozone.security.reconfigure.protocol.acl=*, ozone.server.default.replication=3, ozone.server.default.replication.type=RATIS, ozone.service.shutdown.timeout=60s, ozone.snapshot.deep.cleaning.enabled=false, ozone.snapshot.deleting.limit.per.task=10, ozone.snapshot.deleting.service.interval=30s, ozone.snapshot.deleting.service.timeout=300s, ozone.snapshot.directory.service.interval=24h, ozone.snapshot.directory.service.timeout=300s, ozone.snapshot.filtering.limit.per.task=2, ozone.snapshot.filtering.service.interval=1m, ozone.snapshot.key.deleting.limit.per.task=20000, ozone.sst.filtering.service.timeout=300000ms, ozone.test.test.key=value1, ozone.volume.io.percentiles.intervals.seconds=60, ozone.xceiver.client.metrics.percentiles.intervals.seconds=60, recon.om.delta.update.lag.threshold=0, recon.om.delta.update.limit=50000, scm.container.client.idle.threshold=10s, scm.container.client.max.size=256, test.scm.client.address=localhost, test.scm.client.bind.host=0.0.0.0, test.scm.client.class=java.lang.Object, test.scm.client.compression.enabled=true, test.scm.client.duration=1h, test.scm.client.enabled=true, test.scm.client.port=9878, test.scm.client.threshold=10, test.scm.client.wait=30m, yarn.app.mapreduce.am.container.log.backups=0, yarn.app.mapreduce.am.container.log.limit.kb=0, yarn.app.mapreduce.task.container.log.backups=0, yarn.nodemanager.container.stderr.pattern={*stderr*,*STDERR*}, yarn.nodemanager.container.stderr.tail.bytes=4096, yarn.nodemanager.least-load-policy-selector.pending-container.threshold=10000, yarn.nodemanager.windows-container.cpu-limit.enabled=false, yarn.nodemanager.windows-container.memory-limit.enabled=false, yarn.resourcemanager.container.liveness-monitor.interval-ms=600000}
************************************************************/
2025-05-12 17:48:53,958 [main] INFO  recon.ReconServer (SignalLogger.java:register(99)) - registered UNIX signal handlers for [SIGHUP, SIGINT, SIGTERM]
2025-05-12 17:48:54,157 [main] INFO  reflections.Reflections (Reflections.java:scan(219)) - Reflections took 6 ms to scan 1 urls, producing 21 keys and 84 values
2025-05-12 17:48:54,304 [main] INFO  recon.ReconServer (ReconServer.java:call(119)) - Initializing Recon server...
2025-05-12 17:48:54,347 [main] INFO  persistence.DefaultDataSourceProvider (DefaultDataSourceProvider.java:get(49)) - JDBC Url for Recon : jdbc:derby:/home/runner/work/ozone/ozone/hadoop-ozone/integration-test/target/test-dir/MiniOzoneClusterImpl-c6da7ea4-2079-4fee-9bc9-0c49bc0b38ab/recon/ozone_recon_derby.db 
2025-05-12 17:48:54,705 [om1@group-C5BA1605619E-FollowerState] INFO  impl.FollowerState (FollowerState.java:runImpl(161)) - om1@group-C5BA1605619E-FollowerState: change to CANDIDATE, lastRpcElapsedTime:1116409546ns, electionTimeout:1114ms
2025-05-12 17:48:54,706 [om1@group-C5BA1605619E-FollowerState] INFO  impl.RoleInfo (RoleInfo.java:shutdownFollowerState(121)) - om1: shutdown om1@group-C5BA1605619E-FollowerState
2025-05-12 17:48:54,706 [om1@group-C5BA1605619E-FollowerState] INFO  server.RaftServer$Division (RaftServerImpl.java:setRole(378)) - om1@group-C5BA1605619E: changes role from  FOLLOWER to CANDIDATE at term 0 for changeToCandidate
2025-05-12 17:48:54,706 [om1@group-C5BA1605619E-FollowerState] INFO  server.RaftServerConfigKeys (ConfUtils.java:logGet(46)) - raft.server.leaderelection.pre-vote = true (default)
2025-05-12 17:48:54,706 [om1@group-C5BA1605619E-FollowerState] INFO  impl.RoleInfo (RoleInfo.java:updateAndGet(148)) - om1: start om1@group-C5BA1605619E-LeaderElection3
2025-05-12 17:48:54,707 [om1@group-C5BA1605619E-LeaderElection3] INFO  impl.LeaderElection (LeaderElection.java:askForVotes(332)) - om1@group-C5BA1605619E-LeaderElection3 PRE_VOTE round 0: submit vote requests at term 0 for conf: {index: -1, cur=peers:[om1|localhost:15009]|listeners:[], old=null}
2025-05-12 17:48:54,707 [om1@group-C5BA1605619E-LeaderElection3] INFO  impl.LeaderElection (LeaderElection.java:askForVotes(334)) - om1@group-C5BA1605619E-LeaderElection3 PRE_VOTE round 0: result PASSED (term=0)
2025-05-12 17:48:54,709 [om1@group-C5BA1605619E-LeaderElection3] INFO  impl.LeaderElection (LeaderElection.java:askForVotes(332)) - om1@group-C5BA1605619E-LeaderElection3 ELECTION round 0: submit vote requests at term 1 for conf: {index: -1, cur=peers:[om1|localhost:15009]|listeners:[], old=null}
2025-05-12 17:48:54,709 [om1@group-C5BA1605619E-LeaderElection3] INFO  impl.LeaderElection (LeaderElection.java:askForVotes(334)) - om1@group-C5BA1605619E-LeaderElection3 ELECTION round 0: result PASSED (term=1)
2025-05-12 17:48:54,709 [om1@group-C5BA1605619E-LeaderElection3] INFO  impl.RoleInfo (RoleInfo.java:shutdownLeaderElection(141)) - om1: shutdown om1@group-C5BA1605619E-LeaderElection3
2025-05-12 17:48:54,710 [om1@group-C5BA1605619E-LeaderElection3] INFO  server.RaftServer$Division (RaftServerImpl.java:setRole(378)) - om1@group-C5BA1605619E: changes role from CANDIDATE to LEADER at term 1 for changeToLeader
2025-05-12 17:48:54,710 [om1@group-C5BA1605619E-LeaderElection3] INFO  server.RaftServerConfigKeys (ConfUtils.java:logGet(46)) - raft.server.staging.catchup.gap = 1000 (default)
2025-05-12 17:48:54,711 [om1@group-C5BA1605619E-LeaderElection3] INFO  server.RaftServerConfigKeys (ConfUtils.java:logGet(46)) - raft.server.write.element-limit = 4096 (default)
2025-05-12 17:48:54,711 [om1@group-C5BA1605619E-LeaderElection3] INFO  server.RaftServerConfigKeys (ConfUtils.java:logGet(46)) - raft.server.write.byte-limit = 64MB (=67108864) (default)
2025-05-12 17:48:54,712 [om1@group-C5BA1605619E-LeaderElection3] INFO  server.RaftServerConfigKeys (ConfUtils.java:logGet(46)) - raft.server.watch.timeout = 10s (default)
2025-05-12 17:48:54,712 [om1@group-C5BA1605619E-LeaderElection3] INFO  server.RaftServerConfigKeys (ConfUtils.java:logGet(46)) - raft.server.watch.timeout.denomination = 1s (default)
2025-05-12 17:48:54,712 [om1@group-C5BA1605619E-LeaderElection3] INFO  server.RaftServerConfigKeys (ConfUtils.java:logGet(46)) - raft.server.watch.element-limit = 65536 (default)
2025-05-12 17:48:54,714 [om1@group-C5BA1605619E-LeaderElection3] INFO  server.RaftServerConfigKeys (ConfUtils.java:logGet(46)) - raft.server.read.leader.lease.enabled = false (default)
2025-05-12 17:48:54,714 [om1@group-C5BA1605619E-LeaderElection3] INFO  server.RaftServerConfigKeys (ConfUtils.java:logGet(46)) - raft.server.read.leader.lease.timeout.ratio = 0.9 (default)
2025-05-12 17:48:54,714 [om1@group-C5BA1605619E-LeaderElection3] INFO  server.RaftServerConfigKeys (ConfUtils.java:logGet(46)) - raft.server.rpc.timeout.min = 1s (custom)
2025-05-12 17:48:54,714 [om1@group-C5BA1605619E-LeaderElection3] INFO  server.RaftServerConfigKeys (ConfUtils.java:logGet(46)) - raft.server.log.log-metadata.enabled = true (default)
2025-05-12 17:48:54,715 [om1@group-C5BA1605619E-LeaderElection3] INFO  server.RaftServerConfigKeys (ConfUtils.java:logGet(46)) - raft.server.write.element-limit = 4096 (default)
2025-05-12 17:48:54,716 [om1@group-C5BA1605619E-LeaderElection3] INFO  server.RaftServerConfigKeys (ConfUtils.java:logGet(46)) - raft.server.write.follower.gap.ratio.max = -1.0 (default)
2025-05-12 17:48:54,716 [om1@group-C5BA1605619E-LeaderElection3] INFO  impl.RoleInfo (RoleInfo.java:updateAndGet(148)) - om1: start om1@group-C5BA1605619E-LeaderStateImpl
2025-05-12 17:48:54,716 [om1@group-C5BA1605619E-LeaderElection3] INFO  server.RaftServer$Division (RaftServerImpl.java:setFirstElection(562)) - om1@group-C5BA1605619E: set firstElectionSinceStartup to false for becomeLeader
2025-05-12 17:48:54,718 [om1@group-C5BA1605619E-LeaderElection3] INFO  ratis.OzoneManagerStateMachine (OzoneManagerStateMachine.java:notifyLeaderChanged(174)) - om1@group-C5BA1605619E: leader changed to om1
2025-05-12 17:48:54,718 [om1@group-C5BA1605619E-LeaderElection3] INFO  server.RaftServer$Division (ServerState.java:setLeader(272)) - om1@group-C5BA1605619E: change Leader from null to om1 at term 1 for becomeLeader, leader elected after 2154ms
2025-05-12 17:48:54,718 [om1@group-C5BA1605619E-LeaderElection3] INFO  segmented.SegmentedRaftLogWorker (SegmentedRaftLogWorker.java:startLogSegment(438)) - om1@group-C5BA1605619E-SegmentedRaftLogWorker: Starting segment from index:0
2025-05-12 17:48:54,719 [om1@group-C5BA1605619E-LeaderElection3] INFO  server.RaftServer$Division (ServerState.java:setRaftConf(386)) - om1@group-C5BA1605619E: set configuration conf: {index: 0, cur=peers:[om1|localhost:15009]|listeners:[], old=null}
2025-05-12 17:48:54,719 [om1@group-C5BA1605619E-SegmentedRaftLogWorker] INFO  segmented.BufferedWriteChannel (BufferedWriteChannel.java:open(61)) - open log_inprogress_0 at position 0
2025-05-12 17:48:54,728 [om1@group-C5BA1605619E-SegmentedRaftLogWorker] INFO  segmented.SegmentedRaftLogWorker (SegmentedRaftLogWorker.java:execute(644)) - om1@group-C5BA1605619E-SegmentedRaftLogWorker: created new log segment /home/runner/work/ozone/ozone/hadoop-ozone/integration-test/target/test-dir/MiniOzoneClusterImpl-c6da7ea4-2079-4fee-9bc9-0c49bc0b38ab/ozone-meta/ratis/bf265839-605b-3f16-9796-c5ba1605619e/current/log_inprogress_0
2025-05-12 17:48:54,731 [om1@group-C5BA1605619E-StateMachineUpdater] INFO  ratis.OzoneManagerStateMachine (OzoneManagerStateMachine.java:notifyConfigurationChanged(236)) - notifyConfigurationChanged from Ratis: term=1, index=0, New Peer list: om1(localhost:15009)
2025-05-12 17:48:54,731 [om1@group-C5BA1605619E-StateMachineUpdater] INFO  server.RaftServer$Division (LeaderStateImpl.java:checkStartIndex(313)) - Leader om1@group-C5BA1605619E-LeaderStateImpl is ready since appliedIndex == startIndex == 0
2025-05-12 17:48:54,813 [main] INFO  schema.SqlDbUtils (SqlDbUtils.java:createNewDerbyDatabase(83)) - Created derby database at jdbc:derby:/home/runner/work/ozone/ozone/hadoop-ozone/integration-test/target/test-dir/MiniOzoneClusterImpl-c6da7ea4-2079-4fee-9bc9-0c49bc0b38ab/recon/ozone_recon_derby.db.
2025-05-12 17:48:54,965 [main] INFO  impl.ReconContainerMetadataManagerImpl (ReconContainerMetadataManagerImpl.java:initializeTables(142)) - KEY_CONTAINER Table is empty, initializing from CONTAINER_KEY Table ...
2025-05-12 17:48:54,965 [main] INFO  impl.ReconContainerMetadataManagerImpl (ReconContainerMetadataManagerImpl.java:initializeKeyContainerTable(695)) - It took 0.0 seconds to initialized 0 records to KEY_CONTAINER table
2025-05-12 17:48:54,991 [main] INFO  persistence.DefaultDataSourceProvider (DefaultDataSourceProvider.java:get(49)) - JDBC Url for Recon : jdbc:derby:/home/runner/work/ozone/ozone/hadoop-ozone/integration-test/target/test-dir/MiniOzoneClusterImpl-c6da7ea4-2079-4fee-9bc9-0c49bc0b38ab/recon/ozone_recon_derby.db 
2025-05-12 17:48:54,996 [main] INFO  schema.SqlDbUtils (SqlDbUtils.java:createNewDerbyDatabase(83)) - Created derby database at jdbc:derby:/home/runner/work/ozone/ozone/hadoop-ozone/integration-test/target/test-dir/MiniOzoneClusterImpl-c6da7ea4-2079-4fee-9bc9-0c49bc0b38ab/recon/ozone_recon_derby.db.
2025-05-12 17:48:54,997 [main] INFO  recon.ReconServer (ReconServer.java:call(146)) - Creating Recon Schema.
2025-05-12 17:48:55,331 [main] INFO  schema.SchemaVersionTableDefinition (SchemaVersionTableDefinition.java:insertInitialSLV(95)) - Inserted initial SLV '1' into SchemaVersion table.
2025-05-12 17:48:55,335 [main] INFO  schema.ContainerSchemaDefinition (ContainerSchemaDefinition.java:initializeSchema(61)) - UNHEALTHY_CONTAINERS is missing creating new one.
2025-05-12 17:48:55,419 [main] INFO  recon.ReconServer (ReconServer.java:call(150)) - Finalizing Layout Features.
2025-05-12 17:48:55,458 [main] INFO  reflections.Reflections (Reflections.java:scan(219)) - Reflections took 2 ms to scan 1 urls, producing 6 keys and 9 values
2025-05-12 17:48:55,462 [main] INFO  upgrade.ReconLayoutVersionManager (ReconLayoutVersionManager.java:getRegisteredFeatures(133)) - Current MLV: 1. SLV: 1. Checking features for registration...
2025-05-12 17:48:55,464 [main] INFO  recon.ReconServer (ReconServer.java:call(161)) - Recon schema versioning completed.
2025-05-12 17:48:55,465 [main] INFO  http.BaseHttpServer (BaseHttpServer.java:newHttpServer2BuilderForOzone(229)) - Starting Web-server for recon at: http://0.0.0.0:15010
2025-05-12 17:48:55,466 [main] INFO  http.BaseHttpServer (BaseHttpServer.java:<init>(107)) - Hadoop Security Enabled: false Ozone Security Enabled: false Ozone HTTP Security Enabled: false 
2025-05-12 17:48:55,470 [main] WARN  server.AuthenticationFilter (AuthenticationFilter.java:constructSecretProvider(240)) - Unable to initialize FileSignerSecretProvider, falling back to use random secrets. Reason: Could not read signature secret file: /home/runner/hadoop-http-auth-signature-secret
2025-05-12 17:48:55,473 [main] INFO  http.HttpServer2 (HttpServer2.java:addGlobalFilter(1042)) - Added global filter 'safety' (class=org.apache.hadoop.hdds.server.http.HttpServer2$QuotingInputFilter)
2025-05-12 17:48:55,475 [main] INFO  http.HttpServer2 (HttpServer2.java:addFilter(1018)) - Added filter static_user_filter (class=org.apache.hadoop.http.lib.StaticUserWebFilter$StaticUserFilter) to context recon
2025-05-12 17:48:55,475 [main] INFO  http.HttpServer2 (HttpServer2.java:addFilter(1026)) - Added filter static_user_filter (class=org.apache.hadoop.http.lib.StaticUserWebFilter$StaticUserFilter) to context logs
2025-05-12 17:48:55,475 [main] INFO  http.HttpServer2 (HttpServer2.java:addFilter(1026)) - Added filter static_user_filter (class=org.apache.hadoop.http.lib.StaticUserWebFilter$StaticUserFilter) to context static
2025-05-12 17:48:55,476 [main] INFO  http.BaseHttpServer (BaseHttpServer.java:<init>(195)) - HTTP server of recon uses base directory /home/runner/work/ozone/ozone/hadoop-ozone/integration-test/target/test-dir/MiniOzoneClusterImpl-c6da7ea4-2079-4fee-9bc9-0c49bc0b38ab/ozone-meta/webserver
2025-05-12 17:48:55,493 [main] INFO  tasks.ReconTaskControllerImpl (ReconTaskControllerImpl.java:registerTask(82)) - Registered task ContainerKeyMapperTaskFSO with controller.
2025-05-12 17:48:55,494 [main] INFO  tasks.ReconTaskControllerImpl (ReconTaskControllerImpl.java:registerTask(82)) - Registered task ContainerKeyMapperTaskOBS with controller.
2025-05-12 17:48:55,494 [main] INFO  tasks.ReconTaskControllerImpl (ReconTaskControllerImpl.java:registerTask(82)) - Registered task FileSizeCountTaskFSO with controller.
2025-05-12 17:48:55,494 [main] INFO  tasks.ReconTaskControllerImpl (ReconTaskControllerImpl.java:registerTask(82)) - Registered task FileSizeCountTaskOBS with controller.
2025-05-12 17:48:55,494 [main] INFO  tasks.ReconTaskControllerImpl (ReconTaskControllerImpl.java:registerTask(82)) - Registered task OmTableInsightTask with controller.
2025-05-12 17:48:55,494 [main] INFO  tasks.ReconTaskControllerImpl (ReconTaskControllerImpl.java:registerTask(82)) - Registered task NSSummaryTask with controller.
2025-05-12 17:48:55,495 [main] INFO  ozone.OmUtils (OmUtils.java:getOzoneManagerServiceId(723)) - ozone.om.internal.service.id is not defined, falling back to ozone.om.service.ids to find serviceID for OzoneManager if it is HA enabled cluster
2025-05-12 17:48:55,495 [main] INFO  ozone.OmUtils (OmUtils.java:getOzoneManagerServiceId(742)) - No OzoneManager ServiceID configured.
2025-05-12 17:48:55,619 [main] INFO  proxy.SCMContainerLocationFailoverProxyProvider (SCMFailoverProxyProviderBase.java:<init>(120)) - Created fail-over proxy for protocol StorageContainerLocationProtocolPB with 1 nodes: [nodeId=scmNodeId,nodeAddress=/0.0.0.0:15000]
2025-05-12 17:48:55,623 [main] INFO  net.NodeSchemaLoader (NodeSchemaLoader.java:loadSchemaFromFile(128)) - Loading schema from [jar:file:/home/runner/work/ozone/ozone/hadoop-hdds/common/target/hdds-common-2.1.0-SNAPSHOT.jar!/network-topology-default.xml]
2025-05-12 17:48:55,623 [main] INFO  net.NodeSchemaLoader (NodeSchemaLoader.java:loadSchema(175)) - Loading network topology layer schema file
2025-05-12 17:48:55,689 [main] INFO  upgrade.AbstractLayoutVersionManager (AbstractLayoutVersionManager.java:init(80)) - Initializing Layout version manager with metadata layout = HBASE_SUPPORT (version = 8), software layout = HBASE_SUPPORT (version = 8)
2025-05-12 17:48:55,692 [main] INFO  ha.SequenceIdGenerator (SequenceIdGenerator.java:<init>(232)) - Init the HA SequenceIdGenerator.
2025-05-12 17:48:55,696 [main] WARN  server.ServerUtils (ServerUtils.java:sanitizeUserArgs(76)) - ozone.scm.stale.node.interval value = 300000 is larger than max = 100000 based on the key value of ozone.scm.heartbeat.thread.interval, reset to the max value 100000.
2025-05-12 17:48:55,696 [main] WARN  server.ServerUtils (ServerUtils.java:sanitizeUserArgs(76)) - ozone.scm.stale.node.interval value = 300000 is larger than max = 100000 based on the key value of ozone.scm.heartbeat.thread.interval, reset to the max value 100000.
2025-05-12 17:48:55,696 [main] INFO  node.SCMNodeManager (SCMNodeManager.java:<init>(182)) - Entering startup safe mode.
2025-05-12 17:48:55,698 [main] INFO  scm.ReconNodeManager (ReconNodeManager.java:loadExistingNodes(129)) - Loaded 0 nodes from node DB.
2025-05-12 17:48:55,698 [main] INFO  algorithms.ContainerPlacementPolicyFactory (ContainerPlacementPolicyFactory.java:getPolicyInternal(84)) - Create container placement policy of type org.apache.hadoop.hdds.scm.container.placement.algorithms.SCMContainerPlacementRackAware
2025-05-12 17:48:55,699 [main] INFO  ipc.CallQueueManager (CallQueueManager.java:<init>(93)) - Using callQueue: class java.util.concurrent.LinkedBlockingQueue, queueCapacity: 10000, scheduler: class org.apache.hadoop.ipc.DefaultRpcScheduler, ipcBackoff: false, ipcFailOver: false.
2025-05-12 17:48:55,700 [main] INFO  ipc.Server (Server.java:<init>(1438)) - Listener at 0.0.0.0:15011
2025-05-12 17:48:55,700 [Socket Reader #1 for port 15011] INFO  ipc.Server (Server.java:run(1474)) - Starting Socket Reader #1 for port 15011
2025-05-12 17:48:55,701 [Socket Reader #2 for port 15011] INFO  ipc.Server (Server.java:run(1474)) - Starting Socket Reader #2 for port 15011
2025-05-12 17:48:55,701 [Socket Reader #3 for port 15011] INFO  ipc.Server (Server.java:run(1474)) - Starting Socket Reader #3 for port 15011
2025-05-12 17:48:55,701 [Socket Reader #4 for port 15011] INFO  ipc.Server (Server.java:run(1474)) - Starting Socket Reader #4 for port 15011
2025-05-12 17:48:55,702 [Socket Reader #5 for port 15011] INFO  ipc.Server (Server.java:run(1474)) - Starting Socket Reader #5 for port 15011
2025-05-12 17:48:55,703 [Socket Reader #6 for port 15011] INFO  ipc.Server (Server.java:run(1474)) - Starting Socket Reader #6 for port 15011
2025-05-12 17:48:55,703 [Socket Reader #7 for port 15011] INFO  ipc.Server (Server.java:run(1474)) - Starting Socket Reader #7 for port 15011
2025-05-12 17:48:55,703 [Socket Reader #8 for port 15011] INFO  ipc.Server (Server.java:run(1474)) - Starting Socket Reader #8 for port 15011
2025-05-12 17:48:55,704 [Socket Reader #9 for port 15011] INFO  ipc.Server (Server.java:run(1474)) - Starting Socket Reader #9 for port 15011
2025-05-12 17:48:55,704 [Socket Reader #10 for port 15011] INFO  ipc.Server (Server.java:run(1474)) - Starting Socket Reader #10 for port 15011
2025-05-12 17:48:55,709 [main] INFO  pipeline.PipelineStateManagerImpl (PipelineStateManagerImpl.java:initialize(75)) - No pipeline exists in current db
2025-05-12 17:48:55,746 [main] INFO  recon.ReconServer (ReconServer.java:call(174)) - Initializing support of Recon Features...
2025-05-12 17:48:55,748 [main] INFO  recon.ReconServer (ReconServer.java:start(238)) - Starting Recon server
2025-05-12 17:48:55,748 [main] INFO  impl.MetricsSystemImpl (MetricsSystemImpl.java:init(158)) - Recon metrics system started (again)
2025-05-12 17:48:55,777 [main] INFO  http.HttpServer2 (HttpServer2.java:bindListener(1242)) - Jetty bound to port 15010
2025-05-12 17:48:55,778 [main] INFO  server.Server (Server.java:doStart(375)) - jetty-9.4.57.v20241219; built: 2025-01-08T21:24:30.412Z; git: df524e6b29271c2e09ba9aea83c18dc9db464a31; jvm 21.0.7+6-LTS
2025-05-12 17:48:55,780 [main] INFO  server.session (DefaultSessionIdManager.java:doStart(334)) - DefaultSessionIdManager workerName=node0
2025-05-12 17:48:55,780 [main] INFO  server.session (DefaultSessionIdManager.java:doStart(339)) - No SessionScavenger set, using defaults
2025-05-12 17:48:55,780 [main] INFO  server.session (HouseKeeper.java:startScavenging(132)) - node0 Scavenging every 660000ms
2025-05-12 17:48:55,781 [main] INFO  handler.ContextHandler (ContextHandler.java:doStart(921)) - Started o.e.j.s.ServletContextHandler@2e0f3405{logs,/logs,file:///home/runner/work/ozone/ozone/hadoop-ozone/integration-test/target/log,AVAILABLE}
2025-05-12 17:48:55,782 [main] INFO  handler.ContextHandler (ContextHandler.java:doStart(921)) - Started o.e.j.s.ServletContextHandler@2579d604{static,/static,jar:file:/home/runner/work/ozone/ozone/hadoop-ozone/recon/target/ozone-recon-2.1.0-SNAPSHOT.jar!/webapps/static,AVAILABLE}
2025-05-12 17:48:56,465 [main] INFO  handler.ContextHandler (ContextHandler.java:doStart(921)) - Started o.e.j.w.WebAppContext@3627e94a{recon,/,file:///home/runner/work/ozone/ozone/hadoop-ozone/integration-test/target/test-dir/MiniOzoneClusterImpl-c6da7ea4-2079-4fee-9bc9-0c49bc0b38ab/ozone-meta/webserver/jetty-0_0_0_0-15010-ozone-recon-2_1_0-SNAPSHOT_jar-_-any-16958309178391197390/webapp/,AVAILABLE}{jar:file:/home/runner/work/ozone/ozone/hadoop-ozone/recon/target/ozone-recon-2.1.0-SNAPSHOT.jar!/webapps/recon}
2025-05-12 17:48:56,466 [main] INFO  server.AbstractConnector (AbstractConnector.java:doStart(333)) - Started ServerConnector@6d0dd338{HTTP/1.1, (http/1.1)}{0.0.0.0:15010}
2025-05-12 17:48:56,466 [main] INFO  server.Server (Server.java:doStart(415)) - Started @13393ms
2025-05-12 17:48:56,466 [main] WARN  impl.MetricsSystemImpl (MetricsSystemImpl.java:register(279)) - Sink prometheus already exists!
2025-05-12 17:48:56,467 [main] INFO  http.BaseHttpServer (BaseHttpServer.java:updateConnectorAddress(359)) - HTTP server of recon listening at http://0.0.0.0:15010
2025-05-12 17:48:56,467 [main] INFO  impl.OzoneManagerServiceProviderImpl (OzoneManagerServiceProviderImpl.java:start(243)) - Starting Ozone Manager Service Provider.
2025-05-12 17:48:56,467 [main] INFO  recovery.ReconOmMetadataManagerImpl (ReconOmMetadataManagerImpl.java:start(77)) - Starting ReconOMMetadataManagerImpl
2025-05-12 17:48:56,467 [main] INFO  tasks.ReconTaskControllerImpl (ReconTaskControllerImpl.java:start(239)) - Starting Recon Task Controller.
2025-05-12 17:48:56,482 [main] INFO  scm.ReconStorageContainerManagerFacade (ReconStorageContainerManagerFacade.java:start(386)) - Recon ScmDatanodeProtocol RPC server is listening at /0.0.0.0:15011
2025-05-12 17:48:56,687 [main] INFO  scm.ReconStorageContainerManagerFacade (ReconStorageContainerManagerFacade.java:initializePipelinesFromScm(486)) - Obtained 0 pipelines from SCM.
2025-05-12 17:48:56,687 [main] INFO  scm.ReconPipelineManager (ReconPipelineManager.java:initializePipelines(101)) - Recon has 0 pipelines in house.
2025-05-12 17:48:56,688 [main] INFO  scm.ReconStorageContainerManagerFacade (ReconStorageContainerManagerFacade.java:start(399)) - SCM DB initialized
2025-05-12 17:48:56,688 [main] INFO  server.SCMDatanodeProtocolServer (SCMDatanodeProtocolServer.java:start(193)) - ScmDatanodeProtocol RPC server for DataNodes is listening at /0.0.0.0:15011
2025-05-12 17:48:56,689 [IPC Server Responder] INFO  ipc.Server (Server.java:run(1713)) - IPC Server Responder: starting
2025-05-12 17:48:56,690 [IPC Server listener on 15011] INFO  ipc.Server (Server.java:run(1553)) - IPC Server listener on 15011: starting
2025-05-12 17:49:07,705 [main] INFO  scm.ReconScmTask (ReconScmTask.java:start(47)) - Starting PipelineSyncTask Thread.
2025-05-12 17:49:07,706 [main] INFO  scm.ReconScmTask (ReconScmTask.java:start(47)) - Starting ContainerSizeCountTask Thread.
2025-05-12 17:49:07,706 [main] INFO  scm.ReconScmTask (ReconScmTask.java:start(47)) - Starting ContainerHealthTask Thread.
2025-05-12 17:49:07,707 [main] INFO  recon.ReconServer (ReconServer.java:call(181)) - Recon server initialized successfully!
2025-05-12 17:49:07,708 [JvmPauseMonitor3] INFO  util.JvmPauseMonitor (JvmPauseMonitor.java:run(146)) - JvmPauseMonitor-Recon: Started
2025-05-12 17:49:07,738 [ContainerHealthTask] INFO  updater.ReconTaskStatusUpdater (ReconTaskStatusUpdater.java:updateDetails(124)) - Registered Task: ContainerHealthTask
2025-05-12 17:49:07,738 [PipelineSyncTask] INFO  updater.ReconTaskStatusUpdater (ReconTaskStatusUpdater.java:updateDetails(124)) - Registered Task: PipelineSyncTask
2025-05-12 17:49:07,742 [PipelineSyncTask] INFO  scm.ReconPipelineManager (ReconPipelineManager.java:initializePipelines(101)) - Recon has 0 pipelines in house.
2025-05-12 17:49:07,744 [ContainerHealthTask] INFO  fsck.ContainerHealthTask (ContainerHealthTask.java:checkAndProcessContainers(194)) - Container Health task thread took 0 iterations to fetch all containers using batched approach with batch size of 1000
2025-05-12 17:49:07,747 [main] WARN  dropwizard3.Dm3MetricRegistriesImpl (Dm3MetricRegistriesImpl.java:addReporterRegistration(114)) - New reporters are added after registries were created. Some metrics will be missing from the reporter. Please add reporter before adding any new registry.
2025-05-12 17:49:07,748 [main] WARN  dropwizard3.Dm3MetricRegistriesImpl (Dm3MetricRegistriesImpl.java:addReporterRegistration(114)) - New reporters are added after registries were created. Some metrics will be missing from the reporter. Please add reporter before adding any new registry.
2025-05-12 17:49:07,748 [main] INFO  impl.MetricsSystemImpl (MetricsSystemImpl.java:init(158)) - HddsDatanode metrics system started (again)
2025-05-12 17:49:07,762 [main] INFO  protocol.DatanodeDetails (DatanodeDetails.java:validateDatanodeIpAddress(199)) - Updating IP address of datanode d59e86b3-00bf-4208-a8c0-5e7627041895(pkrvmberfyhpb9w.internal.cloudapp.net/null) to 10.1.1.40
2025-05-12 17:49:07,762 [main] INFO  ozone.HddsDatanodeService (HddsDatanodeService.java:start(234)) - HddsDatanodeService d59e86b3-00bf-4208-a8c0-5e7627041895(pkrvmberfyhpb9w.internal.cloudapp.net/10.1.1.40)
2025-05-12 17:49:07,768 [main] INFO  upgrade.AbstractLayoutVersionManager (AbstractLayoutVersionManager.java:init(80)) - Initializing Layout version manager with metadata layout = HBASE_SUPPORT (version = 8), software layout = HBASE_SUPPORT (version = 8)
2025-05-12 17:49:07,770 [main] INFO  statemachine.DatanodeStateMachine (DatanodeStateMachine.java:getEndPointTaskThreadPoolSize(298)) - Datanode State Machine Task Thread Pool size 2
2025-05-12 17:49:07,842 [main] INFO  volume.HddsVolume (HddsVolume.java:<init>(158)) - HddsVolume: { id=DS-2a64cec0-94eb-4a16-80a5-a36d5bc5dc91 dir=/home/runner/work/ozone/ozone/hadoop-ozone/integration-test/target/test-dir/MiniOzoneClusterImpl-c6da7ea4-2079-4fee-9bc9-0c49bc0b38ab/ozone-meta/datanode-1/data-0/hdds type=DISK capacity=9222449699674390527 used=0 available=9222449699674390527 minFree=5368709120 committed=0 }
2025-05-12 17:49:07,843 [main] INFO  volume.MutableVolumeSet (MutableVolumeSet.java:initializeVolumeSet(166)) - Added Volume : /home/runner/work/ozone/ozone/hadoop-ozone/integration-test/target/test-dir/MiniOzoneClusterImpl-c6da7ea4-2079-4fee-9bc9-0c49bc0b38ab/ozone-meta/datanode-1/data-0/hdds to VolumeSet
2025-05-12 17:49:07,847 [main] INFO  volume.MutableVolumeSet (MutableVolumeSet.java:initializeVolumeSet(166)) - Added Volume : /home/runner/work/ozone/ozone/hadoop-ozone/integration-test/target/test-dir/MiniOzoneClusterImpl-c6da7ea4-2079-4fee-9bc9-0c49bc0b38ab/ozone-meta/datanode-1/ratis to VolumeSet
2025-05-12 17:49:07,851 [main] INFO  ozoneimpl.OzoneContainer (HddsVolumeUtil.java:loadAllHddsVolumeDbStore(102)) - Load 1 volumes DbStore cost: 1ms
2025-05-12 17:49:07,853 [main] WARN  db.DBStoreBuilder (DBStoreBuilder.java:getDBDirPath(160)) - ozone.scm.datanode.id.dir is not configured. We recommend adding this setting. Falling back to ozone.metadata.dirs instead.
2025-05-12 17:49:07,858 [main] WARN  db.DBStoreBuilder (DBStoreBuilder.java:getDBDirPath(160)) - ozone.scm.datanode.id.dir is not configured. We recommend adding this setting. Falling back to ozone.metadata.dirs instead.
2025-05-12 17:49:07,924 [main] INFO  impl.FilePerChunkStrategy (FilePerChunkStrategy.java:<init>(79)) - ozone.chunk.read.mapped.buffer.max.count is load with 0
2025-05-12 17:49:07,926 [main] INFO  impl.FilePerBlockStrategy (FilePerBlockStrategy.java:<init>(87)) - ozone.chunk.read.mapped.buffer.max.count is load with 0
2025-05-12 17:49:07,952 [main] INFO  audit.AuditLogger (AuditLogger.java:refreshDebugCmdSet(133)) - Refresh DebugCmdSet for DNAudit to [].
2025-05-12 17:49:07,975 [main] INFO  server.RaftServerConfigKeys (ConfUtils.java:logGet(46)) - raft.server.log.appender.buffer.byte-limit = 33554432 (custom)
2025-05-12 17:49:07,985 [main] INFO  server.RaftServer (ConfUtils.java:logGet(46)) - raft.rpc.type = GRPC (default)
2025-05-12 17:49:07,985 [main] INFO  grpc.GrpcConfigKeys (ConfUtils.java:logFallback(53)) - raft.grpc.admin.host = null (fallback to raft.grpc.server.host)
2025-05-12 17:49:07,986 [main] INFO  grpc.GrpcConfigKeys (ConfUtils.java:logGet(46)) - raft.grpc.admin.port = 15016 (custom)
2025-05-12 17:49:07,986 [main] INFO  grpc.GrpcConfigKeys (ConfUtils.java:logFallback(53)) - raft.grpc.client.host = null (fallback to raft.grpc.server.host)
2025-05-12 17:49:07,986 [main] INFO  grpc.GrpcConfigKeys (ConfUtils.java:logGet(46)) - raft.grpc.client.port = 15015 (custom)
2025-05-12 17:49:07,986 [main] INFO  grpc.GrpcConfigKeys (ConfUtils.java:logGet(46)) - raft.grpc.server.host = null (default)
2025-05-12 17:49:07,986 [main] INFO  grpc.GrpcConfigKeys (ConfUtils.java:logGet(46)) - raft.grpc.server.port = 15017 (custom)
2025-05-12 17:49:07,986 [main] INFO  server.GrpcService (ConfUtils.java:logGet(46)) - raft.grpc.message.size.max = 34603008 (custom)
2025-05-12 17:49:07,986 [main] INFO  server.GrpcService (ConfUtils.java:logGet(46)) - raft.grpc.flow.control.window = 5MB (=5242880) (custom)
2025-05-12 17:49:07,986 [main] INFO  server.RaftServerConfigKeys (ConfUtils.java:logGet(46)) - raft.server.rpc.request.timeout = 60s (custom)
2025-05-12 17:49:07,987 [main] INFO  grpc.GrpcConfigKeys (ConfUtils.java:logGet(46)) - raft.grpc.server.heartbeat.channel = true (default)
2025-05-12 17:49:07,987 [main] INFO  server.RaftServerConfigKeys (ConfUtils.java:logGet(46)) - raft.server.log.appender.buffer.byte-limit = 33554432 (custom)
2025-05-12 17:49:07,987 [main] INFO  grpc.GrpcConfigKeys (ConfUtils.java:logGet(46)) - raft.grpc.server.async.request.thread.pool.cached = true (default)
2025-05-12 17:49:07,987 [main] INFO  grpc.GrpcConfigKeys (ConfUtils.java:logGet(46)) - raft.grpc.server.async.request.thread.pool.size = 32 (default)
2025-05-12 17:49:07,989 [main] INFO  impl.DataStreamServerImpl (ConfUtils.java:logGet(46)) - raft.datastream.type = NETTY (custom)
2025-05-12 17:49:07,998 [main] INFO  server.RaftServerConfigKeys (ConfUtils.java:logGet(46)) - raft.server.data-stream.async.request.thread.pool.cached = false (default)
2025-05-12 17:49:07,999 [main] INFO  server.RaftServerConfigKeys (ConfUtils.java:logGet(46)) - raft.server.data-stream.async.request.thread.pool.size = 20 (custom)
2025-05-12 17:49:07,999 [main] INFO  server.RaftServerConfigKeys (ConfUtils.java:logGet(46)) - raft.server.data-stream.async.write.thread.pool.size = 16 (default)
2025-05-12 17:49:08,000 [main] INFO  netty.NettyConfigKeys$DataStream (ConfUtils.java:logGet(46)) - raft.netty.dataStream.server.channel.inactive.grace-period = 10min (default)
2025-05-12 17:49:08,001 [main] INFO  server.RaftServerConfigKeys (ConfUtils.java:logGet(46)) - raft.server.data-stream.client.pool.size = 10 (default)
2025-05-12 17:49:08,002 [main] INFO  netty.NettyConfigKeys$DataStream (ConfUtils.java:logGet(46)) - raft.netty.dataStream.server.use-epoll = true (default)
2025-05-12 17:49:08,002 [main] INFO  netty.NettyConfigKeys$DataStream (ConfUtils.java:logGet(46)) - raft.netty.dataStream.server.boss-group.size = 0 (default)
2025-05-12 17:49:08,003 [main] INFO  netty.NettyUtils (NettyUtils.java:newEventLoopGroup(74)) - Create EpollEventLoopGroup for d59e86b3-00bf-4208-a8c0-5e7627041895-NettyServerStreamRpc-bossGroup; Thread size is 0.
2025-05-12 17:49:08,004 [main] INFO  netty.NettyConfigKeys$DataStream (ConfUtils.java:logGet(46)) - raft.netty.dataStream.server.worker-group.size = 0 (default)
2025-05-12 17:49:08,004 [main] INFO  netty.NettyUtils (NettyUtils.java:newEventLoopGroup(74)) - Create EpollEventLoopGroup for d59e86b3-00bf-4208-a8c0-5e7627041895-NettyServerStreamRpc-workerGroup; Thread size is 0.
2025-05-12 17:49:08,005 [main] INFO  netty.NettyConfigKeys$DataStream (ConfUtils.java:logGet(46)) - raft.netty.dataStream.server.tls.conf = null (default)
2025-05-12 17:49:08,006 [main] INFO  netty.NettyConfigKeys$DataStream (ConfUtils.java:logGet(46)) - raft.netty.dataStream.host = null (default)
2025-05-12 17:49:08,007 [main] INFO  netty.NettyConfigKeys$DataStream (ConfUtils.java:logGet(46)) - raft.netty.dataStream.port = 15018 (custom)
2025-05-12 17:49:08,010 [main] INFO  server.RaftServerConfigKeys (ConfUtils.java:logGet(46)) - raft.server.sleep.deviation.threshold = 300ms (default)
2025-05-12 17:49:08,010 [main] INFO  server.RaftServerConfigKeys (ConfUtils.java:logGet(46)) - raft.server.close.threshold = 60s (default)
2025-05-12 17:49:08,010 [main] INFO  server.RaftServerConfigKeys (ConfUtils.java:logGet(46)) - raft.server.leaderelection.leader.step-down.wait-time = 10s (default)
2025-05-12 17:49:08,010 [main] INFO  server.RaftServerConfigKeys (ConfUtils.java:logGet(46)) - raft.server.storage.dir = [/home/runner/work/ozone/ozone/hadoop-ozone/integration-test/target/test-dir/MiniOzoneClusterImpl-c6da7ea4-2079-4fee-9bc9-0c49bc0b38ab/ozone-meta/datanode-1/ratis] (custom)
2025-05-12 17:49:08,010 [main] INFO  server.RaftServerConfigKeys (ConfUtils.java:logGet(46)) - raft.server.threadpool.proxy.cached = true (default)
2025-05-12 17:49:08,010 [main] INFO  server.RaftServerConfigKeys (ConfUtils.java:logGet(46)) - raft.server.threadpool.proxy.size = 0 (default)
2025-05-12 17:49:08,011 [d59e86b3-00bf-4208-a8c0-5e7627041895-impl-thread1] INFO  server.RaftServer (RaftServerProxy.java:initGroupDir(265)) - d59e86b3-00bf-4208-a8c0-5e7627041895: found a subdirectory /home/runner/work/ozone/ozone/hadoop-ozone/integration-test/target/test-dir/MiniOzoneClusterImpl-c6da7ea4-2079-4fee-9bc9-0c49bc0b38ab/ozone-meta/datanode-1/ratis/tmp
2025-05-12 17:49:08,011 [d59e86b3-00bf-4208-a8c0-5e7627041895-impl-thread1] INFO  server.RaftServer (RaftServerProxy.java:initGroupDir(270)) - d59e86b3-00bf-4208-a8c0-5e7627041895: The directory /home/runner/work/ozone/ozone/hadoop-ozone/integration-test/target/test-dir/MiniOzoneClusterImpl-c6da7ea4-2079-4fee-9bc9-0c49bc0b38ab/ozone-meta/datanode-1/ratis/tmp is not a group directory; ignoring it. 
2025-05-12 17:49:08,013 [main] INFO  replication.ReplicationServer (ReplicationServer.java:<init>(84)) - Initializing replication server with thread count = 10 queue length = 4096
2025-05-12 17:49:08,021 [d59e86b3-00bf-4208-a8c0-5e7627041895-NettyServerStreamRpc-bossGroup--thread1] INFO  logging.LoggingHandler (AbstractInternalLogger.java:log(148)) - [id: 0xf82a985b] REGISTERED
2025-05-12 17:49:08,021 [d59e86b3-00bf-4208-a8c0-5e7627041895-NettyServerStreamRpc-bossGroup--thread1] INFO  logging.LoggingHandler (AbstractInternalLogger.java:log(148)) - [id: 0xf82a985b] BIND: 0.0.0.0/0.0.0.0:15018
2025-05-12 17:49:08,022 [d59e86b3-00bf-4208-a8c0-5e7627041895-NettyServerStreamRpc-bossGroup--thread1] INFO  logging.LoggingHandler (AbstractInternalLogger.java:log(148)) - [id: 0xf82a985b, L:/0.0.0.0:15018] ACTIVE
2025-05-12 17:49:08,033 [main] INFO  server.XceiverServerGrpc (XceiverServerGrpc.java:<init>(131)) - GrpcServer channel type EpollServerSocketChannel
2025-05-12 17:49:08,061 [main] INFO  replication.ReplicationSupervisor (ReplicationSupervisor.java:build(169)) - Initializing replication supervisor with thread count = 10
2025-05-12 17:49:08,062 [main] INFO  replication.ReplicationSupervisor (ReplicationSupervisor.java:nodeStateUpdated(358)) - Node state updated to IN_SERVICE, scaling executor pool size to 10
2025-05-12 17:49:08,063 [main] INFO  lib.Interns (Interns.java:removeEldestEntry(50)) - Metrics intern cache overflow at 2011 for MetricsSystem={MetricsSystem=MetricsInfoImpl{name=MetricsSystem, description=MetricsSystem}, MetricsSystem record=MetricsInfoImpl{name=MetricsSystem, description=MetricsSystem record}}
2025-05-12 17:49:08,108 [main] INFO  http.BaseHttpServer (BaseHttpServer.java:newHttpServer2BuilderForOzone(229)) - Starting Web-server for hddsDatanode at: http://0.0.0.0:15012
2025-05-12 17:49:08,108 [main] INFO  http.BaseHttpServer (BaseHttpServer.java:<init>(107)) - Hadoop Security Enabled: false Ozone Security Enabled: false Ozone HTTP Security Enabled: false 
2025-05-12 17:49:08,116 [main] WARN  server.AuthenticationFilter (AuthenticationFilter.java:constructSecretProvider(240)) - Unable to initialize FileSignerSecretProvider, falling back to use random secrets. Reason: Could not read signature secret file: /home/runner/hadoop-http-auth-signature-secret
2025-05-12 17:49:08,119 [main] INFO  http.HttpServer2 (HttpServer2.java:addGlobalFilter(1042)) - Added global filter 'safety' (class=org.apache.hadoop.hdds.server.http.HttpServer2$QuotingInputFilter)
2025-05-12 17:49:08,120 [main] INFO  http.HttpServer2 (HttpServer2.java:addFilter(1018)) - Added filter static_user_filter (class=org.apache.hadoop.http.lib.StaticUserWebFilter$StaticUserFilter) to context hddsDatanode
2025-05-12 17:49:08,120 [main] INFO  http.HttpServer2 (HttpServer2.java:addFilter(1026)) - Added filter static_user_filter (class=org.apache.hadoop.http.lib.StaticUserWebFilter$StaticUserFilter) to context logs
2025-05-12 17:49:08,120 [main] INFO  http.HttpServer2 (HttpServer2.java:addFilter(1026)) - Added filter static_user_filter (class=org.apache.hadoop.http.lib.StaticUserWebFilter$StaticUserFilter) to context static
2025-05-12 17:49:08,121 [main] INFO  http.BaseHttpServer (BaseHttpServer.java:<init>(195)) - HTTP server of hddsDatanode uses base directory /home/runner/work/ozone/ozone/hadoop-ozone/integration-test/target/test-dir/MiniOzoneClusterImpl-c6da7ea4-2079-4fee-9bc9-0c49bc0b38ab/ozone-meta/datanode-1/meta/webserver
2025-05-12 17:49:08,122 [main] INFO  http.HttpServer2 (HttpServer2.java:bindListener(1242)) - Jetty bound to port 15012
2025-05-12 17:49:08,122 [main] INFO  server.Server (Server.java:doStart(375)) - jetty-9.4.57.v20241219; built: 2025-01-08T21:24:30.412Z; git: df524e6b29271c2e09ba9aea83c18dc9db464a31; jvm 21.0.7+6-LTS
2025-05-12 17:49:08,123 [main] INFO  server.session (DefaultSessionIdManager.java:doStart(334)) - DefaultSessionIdManager workerName=node0
2025-05-12 17:49:08,123 [main] INFO  server.session (DefaultSessionIdManager.java:doStart(339)) - No SessionScavenger set, using defaults
2025-05-12 17:49:08,124 [main] INFO  server.session (HouseKeeper.java:startScavenging(132)) - node0 Scavenging every 660000ms
2025-05-12 17:49:08,125 [main] INFO  handler.ContextHandler (ContextHandler.java:doStart(921)) - Started o.e.j.s.ServletContextHandler@32691c30{logs,/logs,file:///home/runner/work/ozone/ozone/hadoop-ozone/integration-test/target/log,AVAILABLE}
2025-05-12 17:49:08,125 [main] INFO  handler.ContextHandler (ContextHandler.java:doStart(921)) - Started o.e.j.s.ServletContextHandler@5ac87594{static,/static,jar:file:/home/runner/work/ozone/ozone/hadoop-hdds/container-service/target/hdds-container-service-2.1.0-SNAPSHOT.jar!/webapps/static,AVAILABLE}
2025-05-12 17:49:08,281 [main] INFO  handler.ContextHandler (ContextHandler.java:doStart(921)) - Started o.e.j.w.WebAppContext@68ebea51{hddsDatanode,/,file:///home/runner/work/ozone/ozone/hadoop-ozone/integration-test/target/test-dir/MiniOzoneClusterImpl-c6da7ea4-2079-4fee-9bc9-0c49bc0b38ab/ozone-meta/datanode-1/meta/webserver/jetty-0_0_0_0-15012-hdds-container-service-2_1_0-SNAPSHOT_jar-_-any-13938417234168088588/webapp/,AVAILABLE}{jar:file:/home/runner/work/ozone/ozone/hadoop-hdds/container-service/target/hdds-container-service-2.1.0-SNAPSHOT.jar!/webapps/hddsDatanode}
2025-05-12 17:49:08,282 [main] INFO  server.AbstractConnector (AbstractConnector.java:doStart(333)) - Started ServerConnector@11f80670{HTTP/1.1, (http/1.1)}{0.0.0.0:15012}
2025-05-12 17:49:08,282 [main] INFO  server.Server (Server.java:doStart(415)) - Started @25208ms
2025-05-12 17:49:08,282 [main] WARN  impl.MetricsSystemImpl (MetricsSystemImpl.java:register(279)) - Sink prometheus already exists!
2025-05-12 17:49:08,282 [main] INFO  http.BaseHttpServer (BaseHttpServer.java:updateConnectorAddress(359)) - HTTP server of hddsDatanode listening at http://0.0.0.0:15012
2025-05-12 17:49:08,285 [main] INFO  ipc.CallQueueManager (CallQueueManager.java:<init>(93)) - Using callQueue: class java.util.concurrent.LinkedBlockingQueue, queueCapacity: 1000, scheduler: class org.apache.hadoop.ipc.DefaultRpcScheduler, ipcBackoff: false, ipcFailOver: false.
2025-05-12 17:49:08,285 [main] INFO  ipc.Server (Server.java:<init>(1438)) - Listener at 0.0.0.0:15013
2025-05-12 17:49:08,285 [Socket Reader #1 for port 15013] INFO  ipc.Server (Server.java:run(1474)) - Starting Socket Reader #1 for port 15013
2025-05-12 17:49:08,285 [Socket Reader #2 for port 15013] INFO  ipc.Server (Server.java:run(1474)) - Starting Socket Reader #2 for port 15013
2025-05-12 17:49:08,286 [Socket Reader #3 for port 15013] INFO  ipc.Server (Server.java:run(1474)) - Starting Socket Reader #3 for port 15013
2025-05-12 17:49:08,286 [Socket Reader #4 for port 15013] INFO  ipc.Server (Server.java:run(1474)) - Starting Socket Reader #4 for port 15013
2025-05-12 17:49:08,286 [Socket Reader #6 for port 15013] INFO  ipc.Server (Server.java:run(1474)) - Starting Socket Reader #6 for port 15013
2025-05-12 17:49:08,286 [Socket Reader #5 for port 15013] INFO  ipc.Server (Server.java:run(1474)) - Starting Socket Reader #5 for port 15013
2025-05-12 17:49:08,287 [Socket Reader #7 for port 15013] INFO  ipc.Server (Server.java:run(1474)) - Starting Socket Reader #7 for port 15013
2025-05-12 17:49:08,287 [Socket Reader #8 for port 15013] INFO  ipc.Server (Server.java:run(1474)) - Starting Socket Reader #8 for port 15013
2025-05-12 17:49:08,287 [Socket Reader #9 for port 15013] INFO  ipc.Server (Server.java:run(1474)) - Starting Socket Reader #9 for port 15013
2025-05-12 17:49:08,287 [Socket Reader #10 for port 15013] INFO  ipc.Server (Server.java:run(1474)) - Starting Socket Reader #10 for port 15013
2025-05-12 17:49:08,290 [main] INFO  ozone.HddsDatanodeService (HddsDatanodeService.java:start(325)) - Datanode start with admins: [runner]
2025-05-12 17:49:08,290 [main] INFO  ozone.HddsDatanodeClientProtocolServer (HddsDatanodeClientProtocolServer.java:start(76)) - RPC server for Client /0.0.0.0:15013
2025-05-12 17:49:08,290 [IPC Server Responder] INFO  ipc.Server (Server.java:run(1713)) - IPC Server Responder: starting
2025-05-12 17:49:08,290 [IPC Server listener on 15013] INFO  ipc.Server (Server.java:run(1553)) - IPC Server listener on 15013: starting
2025-05-12 17:49:08,296 [d59e86b3-00bf-4208-a8c0-5e7627041895-DatanodeStateMachineDaemonThread] INFO  statemachine.DatanodeStateMachine (DatanodeStateMachine.java:startStateMachineThread(340)) - Ozone container server started.
2025-05-12 17:49:08,296 [main] INFO  ozone.MiniOzoneClusterImpl (MiniOzoneClusterImpl.java:lambda$waitForClusterToBeReady$0(191)) - Waiting for nodes to be ready. Got 0 of 1 DN Heartbeats.
2025-05-12 17:49:08,297 [main] INFO  ozone.MiniOzoneClusterImpl (MiniOzoneClusterImpl.java:lambda$waitForClusterToBeReady$0(194)) - Waiting for cluster to exit safe mode
2025-05-12 17:49:08,297 [main] INFO  ozone.MiniOzoneClusterImpl (MiniOzoneClusterImpl.java:lambda$waitForClusterToBeReady$0(196)) - SCM became leader
2025-05-12 17:49:08,304 [d59e86b3-00bf-4208-a8c0-5e7627041895-DatanodeStateMachineTaskThread-0] INFO  statemachine.SCMConnectionManager (SCMConnectionManager.java:addReconServer(184)) - Adding Recon Server : /0.0.0.0:15011
2025-05-12 17:49:08,342 [d59e86b3-00bf-4208-a8c0-5e7627041895-DatanodeStateMachineTaskThread-0] INFO  datanode.InitDatanodeState (InitDatanodeState.java:persistContainerDatanodeDetails(139)) - DatanodeDetails is persisted to /home/runner/work/ozone/ozone/hadoop-ozone/integration-test/target/test-dir/MiniOzoneClusterImpl-c6da7ea4-2079-4fee-9bc9-0c49bc0b38ab/ozone-meta/datanode-1/meta/datanode.id
2025-05-12 17:49:08,870 [d59e86b3-00bf-4208-a8c0-5e7627041895-EndpointStateMachineTaskThread-/0.0.0.0:15002-0 ] INFO  utils.DatanodeStoreCache (DatanodeStoreCache.java:addDB(70)) - Added db /home/runner/work/ozone/ozone/hadoop-ozone/integration-test/target/test-dir/MiniOzoneClusterImpl-c6da7ea4-2079-4fee-9bc9-0c49bc0b38ab/ozone-meta/datanode-1/data-0/hdds/c6da7ea4-2079-4fee-9bc9-0c49bc0b38ab/DS-5ec0573e-54b0-43ef-aa89-58a70eb5426d/container.db to cache
2025-05-12 17:49:08,870 [d59e86b3-00bf-4208-a8c0-5e7627041895-EndpointStateMachineTaskThread-/0.0.0.0:15002-0 ] INFO  volume.HddsVolume (HddsVolume.java:createDbStore(510)) - SchemaV3 db is created and loaded at /home/runner/work/ozone/ozone/hadoop-ozone/integration-test/target/test-dir/MiniOzoneClusterImpl-c6da7ea4-2079-4fee-9bc9-0c49bc0b38ab/ozone-meta/datanode-1/data-0/hdds/c6da7ea4-2079-4fee-9bc9-0c49bc0b38ab/DS-5ec0573e-54b0-43ef-aa89-58a70eb5426d/container.db for volume DS-5ec0573e-54b0-43ef-aa89-58a70eb5426d
2025-05-12 17:49:08,877 [d59e86b3-00bf-4208-a8c0-5e7627041895-ContainerReader-0] INFO  ozoneimpl.ContainerReader (ContainerReader.java:readVolume(144)) - Start to verify containers on volume /home/runner/work/ozone/ozone/hadoop-ozone/integration-test/target/test-dir/MiniOzoneClusterImpl-c6da7ea4-2079-4fee-9bc9-0c49bc0b38ab/ozone-meta/datanode-1/data-0/hdds
2025-05-12 17:49:08,877 [d59e86b3-00bf-4208-a8c0-5e7627041895-ContainerReader-0] INFO  ozoneimpl.ContainerReader (ContainerReader.java:readVolume(174)) - Finish verifying containers on volume /home/runner/work/ozone/ozone/hadoop-ozone/integration-test/target/test-dir/MiniOzoneClusterImpl-c6da7ea4-2079-4fee-9bc9-0c49bc0b38ab/ozone-meta/datanode-1/data-0/hdds
2025-05-12 17:49:08,878 [d59e86b3-00bf-4208-a8c0-5e7627041895-EndpointStateMachineTaskThread-/0.0.0.0:15002-0 ] INFO  ozoneimpl.OzoneContainer (OzoneContainer.java:buildContainerSet(364)) - Build ContainerSet costs 0s
2025-05-12 17:49:08,879 [d59e86b3-00bf-4208-a8c0-5e7627041895-EndpointStateMachineTaskThread-/0.0.0.0:15002-0 ] INFO  volume.ThrottledAsyncChecker (ThrottledAsyncChecker.java:schedule(138)) - Scheduling a check for /home/runner/work/ozone/ozone/hadoop-ozone/integration-test/target/test-dir/MiniOzoneClusterImpl-c6da7ea4-2079-4fee-9bc9-0c49bc0b38ab/ozone-meta/datanode-1/data-0/hdds
2025-05-12 17:49:08,883 [d59e86b3-00bf-4208-a8c0-5e7627041895-EndpointStateMachineTaskThread-/0.0.0.0:15002-0 ] INFO  volume.StorageVolumeChecker (StorageVolumeChecker.java:checkAllVolumes(215)) - Scheduled health check for volume /home/runner/work/ozone/ozone/hadoop-ozone/integration-test/target/test-dir/MiniOzoneClusterImpl-c6da7ea4-2079-4fee-9bc9-0c49bc0b38ab/ozone-meta/datanode-1/data-0/hdds
2025-05-12 17:49:08,889 [d59e86b3-00bf-4208-a8c0-5e7627041895-EndpointStateMachineTaskThread-/0.0.0.0:15002-0 ] INFO  volume.ThrottledAsyncChecker (ThrottledAsyncChecker.java:schedule(138)) - Scheduling a check for /home/runner/work/ozone/ozone/hadoop-ozone/integration-test/target/test-dir/MiniOzoneClusterImpl-c6da7ea4-2079-4fee-9bc9-0c49bc0b38ab/ozone-meta/datanode-1/ratis
2025-05-12 17:49:08,889 [d59e86b3-00bf-4208-a8c0-5e7627041895-EndpointStateMachineTaskThread-/0.0.0.0:15002-0 ] INFO  volume.StorageVolumeChecker (StorageVolumeChecker.java:checkAllVolumes(215)) - Scheduled health check for volume /home/runner/work/ozone/ozone/hadoop-ozone/integration-test/target/test-dir/MiniOzoneClusterImpl-c6da7ea4-2079-4fee-9bc9-0c49bc0b38ab/ozone-meta/datanode-1/ratis
2025-05-12 17:49:08,890 [d59e86b3-00bf-4208-a8c0-5e7627041895-EndpointStateMachineTaskThread-/0.0.0.0:15002-0 ] INFO  ozoneimpl.OzoneContainer (OzoneContainer.java:start(512)) - Attempting to start container services.
2025-05-12 17:49:08,895 [ContainerMetadataScanner] INFO  ozoneimpl.AbstractBackgroundContainerScanner (AbstractBackgroundContainerScanner.java:runIteration(89)) - Completed an iteration in 0 minutes. Number of iterations (since the data-node restart) : 1, Number of containers scanned in this iteration : 0, Number of unhealthy containers found in this iteration : 0
2025-05-12 17:49:08,897 [d59e86b3-00bf-4208-a8c0-5e7627041895-EndpointStateMachineTaskThread-/0.0.0.0:15002-0 ] INFO  replication.ReplicationServer (ReplicationServer.java:start(137)) - ReplicationServer is started using port 15019
2025-05-12 17:49:08,898 [d59e86b3-00bf-4208-a8c0-5e7627041895-EndpointStateMachineTaskThread-/0.0.0.0:15002-0 ] INFO  ratis.XceiverServerRatis (XceiverServerRatis.java:start(559)) - Starting XceiverServerRatis(d59e86b3-00bf-4208-a8c0-5e7627041895)
2025-05-12 17:49:08,898 [ContainerDataScanner(/home/runner/work/ozone/ozone/hadoop-ozone/integration-test/target/test-dir/MiniOzoneClusterImpl-c6da7ea4-2079-4fee-9bc9-0c49bc0b38ab/ozone-meta/datanode-1/data-0/hdds)] INFO  ozoneimpl.AbstractBackgroundContainerScanner (AbstractBackgroundContainerScanner.java:runIteration(89)) - Completed an iteration in 0 minutes. Number of iterations (since the data-node restart) : 1, Number of containers scanned in this iteration : 0, Number of unhealthy containers found in this iteration : 0
2025-05-12 17:49:08,899 [d59e86b3-00bf-4208-a8c0-5e7627041895-EndpointStateMachineTaskThread-/0.0.0.0:15002-0 ] INFO  server.RaftServer (RaftServerProxy.java:startImpl(407)) - d59e86b3-00bf-4208-a8c0-5e7627041895: start RPC server
2025-05-12 17:49:08,899 [d59e86b3-00bf-4208-a8c0-5e7627041895-EndpointStateMachineTaskThread-/0.0.0.0:15002-0 ] INFO  server.GrpcService (GrpcService.java:startImpl(334)) - d59e86b3-00bf-4208-a8c0-5e7627041895: GrpcService started, listening on 15015
2025-05-12 17:49:08,899 [d59e86b3-00bf-4208-a8c0-5e7627041895-EndpointStateMachineTaskThread-/0.0.0.0:15002-0 ] INFO  server.GrpcService (GrpcService.java:startImpl(334)) - d59e86b3-00bf-4208-a8c0-5e7627041895: GrpcService started, listening on 15017
2025-05-12 17:49:08,900 [d59e86b3-00bf-4208-a8c0-5e7627041895-EndpointStateMachineTaskThread-/0.0.0.0:15002-0 ] INFO  server.GrpcService (GrpcService.java:startImpl(334)) - d59e86b3-00bf-4208-a8c0-5e7627041895: GrpcService started, listening on 15016
2025-05-12 17:49:08,900 [d59e86b3-00bf-4208-a8c0-5e7627041895-EndpointStateMachineTaskThread-/0.0.0.0:15002-0 ] INFO  ratis.XceiverServerRatis (XceiverServerRatis.java:getRealPort(586)) - XceiverServerRatis(d59e86b3-00bf-4208-a8c0-5e7627041895) is started using port RATIS=15015
2025-05-12 17:49:08,900 [JvmPauseMonitor4] INFO  util.JvmPauseMonitor (JvmPauseMonitor.java:run(146)) - JvmPauseMonitor-d59e86b3-00bf-4208-a8c0-5e7627041895: Started
2025-05-12 17:49:08,900 [d59e86b3-00bf-4208-a8c0-5e7627041895-EndpointStateMachineTaskThread-/0.0.0.0:15002-0 ] INFO  ratis.XceiverServerRatis (XceiverServerRatis.java:getRealPort(586)) - XceiverServerRatis(d59e86b3-00bf-4208-a8c0-5e7627041895) is started using port RATIS_ADMIN=15016
2025-05-12 17:49:08,900 [d59e86b3-00bf-4208-a8c0-5e7627041895-EndpointStateMachineTaskThread-/0.0.0.0:15002-0 ] INFO  ratis.XceiverServerRatis (XceiverServerRatis.java:getRealPort(586)) - XceiverServerRatis(d59e86b3-00bf-4208-a8c0-5e7627041895) is started using port RATIS_SERVER=15017
2025-05-12 17:49:08,900 [d59e86b3-00bf-4208-a8c0-5e7627041895-EndpointStateMachineTaskThread-/0.0.0.0:15002-0 ] INFO  ratis.XceiverServerRatis (XceiverServerRatis.java:getRealPort(586)) - XceiverServerRatis(d59e86b3-00bf-4208-a8c0-5e7627041895) is started using port RATIS_DATASTREAM=15018
2025-05-12 17:49:08,903 [d59e86b3-00bf-4208-a8c0-5e7627041895-BlockDeletingService#0] INFO  interfaces.ContainerDeletionChoosingPolicyTemplate (ContainerDeletionChoosingPolicyTemplate.java:chooseContainerForBlockDeletion(83)) - Chosen 0/5000 blocks from 0 candidate containers.
2025-05-12 17:49:09,297 [main] INFO  ozone.MiniOzoneClusterImpl (MiniOzoneClusterImpl.java:lambda$waitForClusterToBeReady$0(191)) - Waiting for nodes to be ready. Got 0 of 1 DN Heartbeats.
2025-05-12 17:49:09,297 [main] INFO  ozone.MiniOzoneClusterImpl (MiniOzoneClusterImpl.java:lambda$waitForClusterToBeReady$0(194)) - Waiting for cluster to exit safe mode
2025-05-12 17:49:09,297 [main] INFO  ozone.MiniOzoneClusterImpl (MiniOzoneClusterImpl.java:lambda$waitForClusterToBeReady$0(196)) - SCM became leader
2025-05-12 17:49:09,333 [IPC Server handler 1 on default port 15011] INFO  net.NetworkTopologyImpl (NetworkTopologyImpl.java:add(133)) - Added a new node: /default-rack/d59e86b3-00bf-4208-a8c0-5e7627041895
2025-05-12 17:49:09,334 [IPC Server handler 0 on default port 15002] INFO  net.NetworkTopologyImpl (NetworkTopologyImpl.java:add(133)) - Added a new node: /default-rack/d59e86b3-00bf-4208-a8c0-5e7627041895
2025-05-12 17:49:09,335 [IPC Server handler 0 on default port 15002] INFO  node.SCMNodeManager (SCMNodeManager.java:register(426)) - Registered datanode: d59e86b3-00bf-4208-a8c0-5e7627041895{ip: 127.0.0.1, host: localhost, ports: [HTTP=15012, CLIENT_RPC=15013, REPLICATION=15019, RATIS=15015, RATIS_ADMIN=15016, RATIS_SERVER=15017, RATIS_DATASTREAM=15018, STANDALONE=15014], networkLocation: /default-rack, certSerialId: null, persistedOpState: null, persistedOpStateExpiryEpochSec: 0}
2025-05-12 17:49:09,335 [IPC Server handler 1 on default port 15011] INFO  node.SCMNodeManager (SCMNodeManager.java:register(426)) - Registered datanode: d59e86b3-00bf-4208-a8c0-5e7627041895{ip: 127.0.0.1, host: localhost, ports: [HTTP=15012, CLIENT_RPC=15013, REPLICATION=15019, RATIS=15015, RATIS_ADMIN=15016, RATIS_SERVER=15017, RATIS_DATASTREAM=15018, STANDALONE=15014], networkLocation: /default-rack, certSerialId: null, persistedOpState: null, persistedOpStateExpiryEpochSec: 0}
2025-05-12 17:49:09,337 [EventQueue-NewNodeForNewNodeHandler] INFO  pipeline.BackgroundPipelineCreator (BackgroundPipelineCreator.java:notifyEventTriggered(290)) - trigger a one-shot run on RatisPipelineUtilsThread.
2025-05-12 17:49:09,338 [IPC Server handler 1 on default port 15011] INFO  recon.ReconContext (ReconContext.java:updateHealthStatus(76)) - Update healthStatus of Recon from true to true.
2025-05-12 17:49:09,339 [Recon-EventQueue-NewNodeForReconNewNodeHandler] INFO  scm.ReconNodeManager (ReconNodeManager.java:addNodeToDB(148)) - Adding new node d59e86b3-00bf-4208-a8c0-5e7627041895 to Node DB.
2025-05-12 17:49:09,341 [EventQueue-NodeRegistrationContainerReportForDataNodeSafeModeRule] INFO  safemode.SCMSafeModeManager (DataNodeSafeModeRule.java:process(79)) - SCM in safe mode. 1 DataNodes registered, 1 required.
2025-05-12 17:49:09,342 [EventQueue-NodeRegistrationContainerReportForDataNodeSafeModeRule] INFO  safemode.SCMSafeModeManager (SCMSafeModeManager.java:validateSafeModeExitRules(140)) - DataNodeSafeModeRule rule is successfully validated
2025-05-12 17:49:09,342 [EventQueue-NodeRegistrationContainerReportForDataNodeSafeModeRule] INFO  safemode.SCMSafeModeManager (SCMSafeModeManager.java:completePreCheck(167)) - All SCM safe mode pre check rules have passed
2025-05-12 17:49:09,342 [EventQueue-NodeRegistrationContainerReportForDataNodeSafeModeRule] INFO  ha.SCMContext (SCMContext.java:updateSafeModeStatus(224)) - Update SafeModeStatus from SafeModeStatus{safeModeStatus=true, preCheckPassed=false} to SafeModeStatus{safeModeStatus=true, preCheckPassed=true}.
2025-05-12 17:49:09,342 [EventQueue-NodeRegistrationContainerReportForDataNodeSafeModeRule] INFO  pipeline.BackgroundPipelineCreator (BackgroundPipelineCreator.java:notifyEventTriggered(290)) - trigger a one-shot run on RatisPipelineUtilsThread.
2025-05-12 17:49:09,342 [EventQueue-ContainerRegistrationReportForECContainerSafeModeRule] INFO  safemode.SCMSafeModeManager (SCMSafeModeManager.java:validateSafeModeExitRules(140)) - ECContainerSafeModeRule rule is successfully validated
2025-05-12 17:49:09,342 [EventQueue-ContainerRegistrationReportForRatisContainerSafeModeRule] INFO  safemode.SCMSafeModeManager (SCMSafeModeManager.java:validateSafeModeExitRules(140)) - RatisContainerSafeModeRule rule is successfully validated
2025-05-12 17:49:09,345 [RatisPipelineUtilsThread-0] INFO  pipeline.RatisPipelineProvider (RatisPipelineProvider.java:lambda$create$0(208)) - Sending CreatePipelineCommand for pipeline:PipelineID=dd73f9b7-0ee4-46a9-b017-2bfdb7bd6f71 to datanode:d59e86b3-00bf-4208-a8c0-5e7627041895(localhost/127.0.0.1)
2025-05-12 17:49:09,346 [EventQueue-PipelineReportForOneReplicaPipelineSafeModeRule] INFO  safemode.SCMSafeModeManager (SCMSafeModeManager.java:validateSafeModeExitRules(140)) - AtleastOneDatanodeReportedRule rule is successfully validated
2025-05-12 17:49:09,403 [1a086ce6-1838-47e5-9f20-37175bb64552@group-0C49BC0B38AB-StateMachineUpdater] INFO  safemode.SCMSafeModeManager (SCMSafeModeManager.java:validateSafeModeExitRules(140)) - DataNodeSafeModeRule rule is successfully validated
2025-05-12 17:49:09,404 [1a086ce6-1838-47e5-9f20-37175bb64552@group-0C49BC0B38AB-StateMachineUpdater] INFO  safemode.SCMSafeModeManager (SCMSafeModeManager.java:validateSafeModeExitRules(140)) - RatisContainerSafeModeRule rule is successfully validated
2025-05-12 17:49:09,404 [1a086ce6-1838-47e5-9f20-37175bb64552@group-0C49BC0B38AB-StateMachineUpdater] INFO  safemode.SCMSafeModeManager (SCMSafeModeManager.java:validateSafeModeExitRules(140)) - HealthyPipelineSafeModeRule rule is successfully validated
2025-05-12 17:49:09,404 [1a086ce6-1838-47e5-9f20-37175bb64552@group-0C49BC0B38AB-StateMachineUpdater] INFO  safemode.SCMSafeModeManager (SCMSafeModeManager.java:validateSafeModeExitRules(155)) - ScmSafeModeManager, all rules are successfully validated
2025-05-12 17:49:09,404 [1a086ce6-1838-47e5-9f20-37175bb64552@group-0C49BC0B38AB-StateMachineUpdater] INFO  safemode.SCMSafeModeManager (SCMSafeModeManager.java:exitSafeMode(178)) - SCM exiting safe mode.
2025-05-12 17:49:09,404 [1a086ce6-1838-47e5-9f20-37175bb64552@group-0C49BC0B38AB-StateMachineUpdater] INFO  ha.SCMContext (SCMContext.java:updateSafeModeStatus(224)) - Update SafeModeStatus from SafeModeStatus{safeModeStatus=true, preCheckPassed=true} to SafeModeStatus{safeModeStatus=false, preCheckPassed=true}.
2025-05-12 17:49:09,406 [1a086ce6-1838-47e5-9f20-37175bb64552@group-0C49BC0B38AB-StateMachineUpdater] INFO  BackgroundPipelineScrubber (BackgroundSCMService.java:notifyStatusChanged(78)) - Service BackgroundPipelineScrubber transitions to RUNNING.
2025-05-12 17:49:09,406 [1a086ce6-1838-47e5-9f20-37175bb64552@group-0C49BC0B38AB-StateMachineUpdater] INFO  ExpiredContainerReplicaOpScrubber (BackgroundSCMService.java:notifyStatusChanged(78)) - Service ExpiredContainerReplicaOpScrubber transitions to RUNNING.
2025-05-12 17:49:09,406 [1a086ce6-1838-47e5-9f20-37175bb64552@group-0C49BC0B38AB-StateMachineUpdater] INFO  block.SCMBlockDeletingService (SCMBlockDeletingService.java:notifyStatusChanged(258)) - notifyStatusChanged:RUNNING
2025-05-12 17:49:09,406 [1a086ce6-1838-47e5-9f20-37175bb64552@group-0C49BC0B38AB-StateMachineUpdater] INFO  replication.ReplicationManager (ReplicationManager.java:notifyStatusChanged(1387)) - Service ReplicationManager transitions to RUNNING.
2025-05-12 17:49:09,407 [1a086ce6-1838-47e5-9f20-37175bb64552@group-0C49BC0B38AB-StateMachineUpdater] WARN  balancer.ContainerBalancer (ContainerBalancer.java:shouldRun(134)) - Could not find persisted configuration for ContainerBalancer when checking if ContainerBalancer should run. ContainerBalancer should not run now.
2025-05-12 17:49:09,407 [1a086ce6-1838-47e5-9f20-37175bb64552@group-0C49BC0B38AB-StateMachineUpdater] INFO  SCMHATransactionMonitor (BackgroundSCMService.java:notifyStatusChanged(78)) - Service SCMHATransactionMonitor transitions to RUNNING.
2025-05-12 17:49:09,411 [RatisPipelineUtilsThread-0] INFO  pipeline.BackgroundPipelineCreator (BackgroundPipelineCreator.java:createPipelines(246)) - Created new pipeline Pipeline{ Id: dd73f9b7-0ee4-46a9-b017-2bfdb7bd6f71, Nodes: [ {d59e86b3-00bf-4208-a8c0-5e7627041895(localhost/127.0.0.1), ReplicaIndex: 0},], ReplicationConfig: RATIS/ONE, State:ALLOCATED, leaderId:, CreationTimestamp2025-05-12T17:49:09.344693445Z[Etc/UTC]}
2025-05-12 17:49:09,805 [IPC Server handler 0 on default port 15011] INFO  scm.ReconNodeManager (ReconNodeManager.java:processHeartbeat(232)) - Sending ReregisterCommand() for localhost
2025-05-12 17:49:10,298 [main] INFO  ozone.MiniOzoneClusterImpl (MiniOzoneClusterImpl.java:lambda$waitForClusterToBeReady$0(191)) - Nodes are ready. Got 1 of 1 DN Heartbeats.
2025-05-12 17:49:10,298 [main] INFO  ozone.MiniOzoneClusterImpl (MiniOzoneClusterImpl.java:lambda$waitForClusterToBeReady$0(194)) - Cluster exits safe mode
2025-05-12 17:49:10,298 [main] INFO  ozone.MiniOzoneClusterImpl (MiniOzoneClusterImpl.java:lambda$waitForClusterToBeReady$0(196)) - SCM became leader
2025-05-12 17:49:10,298 [main] INFO  safemode.SCMSafeModeManager (SCMSafeModeManager.java:exitSafeMode(178)) - SCM exiting safe mode.
2025-05-12 17:49:10,298 [main] INFO  ha.SCMContext (SCMContext.java:updateSafeModeStatus(224)) - Update SafeModeStatus from SafeModeStatus{safeModeStatus=false, preCheckPassed=true} to SafeModeStatus{safeModeStatus=false, preCheckPassed=true}.
2025-05-12 17:49:10,299 [main] WARN  balancer.ContainerBalancer (ContainerBalancer.java:shouldRun(134)) - Could not find persisted configuration for ContainerBalancer when checking if ContainerBalancer should run. ContainerBalancer should not run now.
2025-05-12 17:49:10,372 [main] INFO  impl.OzoneManagerServiceProviderImpl (OzoneManagerServiceProviderImpl.java:syncDataFromOM(621)) - Seq number of Recon's OM DB : 0
2025-05-12 17:49:10,372 [main] INFO  impl.OzoneManagerServiceProviderImpl (OzoneManagerServiceProviderImpl.java:syncDataFromOM(694)) - Obtaining full snapshot from Ozone Manager
2025-05-12 17:49:10,376 [main] INFO  updater.ReconTaskStatusUpdater (ReconTaskStatusUpdater.java:updateDetails(124)) - Registered Task: OmSnapshotRequest
2025-05-12 17:49:10,377 [main] INFO  impl.OzoneManagerServiceProviderImpl (OzoneManagerServiceProviderImpl.java:checkAndValidateReconDbPermissions(801)) - Permissions for Recon DB directory '/home/runner/work/ozone/ozone/hadoop-ozone/integration-test/target/test-dir/MiniOzoneClusterImpl-c6da7ea4-2079-4fee-9bc9-0c49bc0b38ab/recon' meet the minimum required permissions '750'
2025-05-12 17:49:10,747 [qtp640720495-492] INFO  utils.DBCheckpointServlet (DBCheckpointServlet.java:doGet(318)) - Received GET request to obtain DB checkpoint snapshot
2025-05-12 17:49:11,548 [qtp640720495-492] INFO  db.RDBCheckpointManager (RDBCheckpointManager.java:createCheckpoint(87)) - Created checkpoint in rocksDB at /home/runner/work/ozone/ozone/hadoop-ozone/integration-test/target/test-dir/MiniOzoneClusterImpl-c6da7ea4-2079-4fee-9bc9-0c49bc0b38ab/ozone-meta/db.checkpoints/om.db_checkpoint_1747072151534 in 14 milliseconds
2025-05-12 17:49:11,562 [qtp640720495-492] INFO  om.OMDBCheckpointServlet (OMDBCheckpointServlet.java:logEstimatedTarballSize(352)) - Estimates for Checkpoint Tarball Stream - Data size: 3 KB, SST files: 3
2025-05-12 17:49:11,576 [qtp640720495-492] INFO  om.OMDBCheckpointServlet (OMDBCheckpointServlet.java:writeFilesToArchive(650)) - Completed transfer of 100 KB, #files 6 to checkpoint tarball stream. Checkpoint tarball is complete.
2025-05-12 17:49:11,578 [qtp640720495-492] INFO  utils.DBCheckpointServlet (DBCheckpointServlet.java:generateSnapshotCheckpoint(243)) - Time taken to write the checkpoint to response output stream: 23 milliseconds
2025-05-12 17:49:11,578 [qtp640720495-492] INFO  utils.DBCheckpointServlet (DBCheckpointServlet.java:logSstFileList(141)) - Excluded 0 SST files from the latest checkpoint: []
2025-05-12 17:49:11,583 [qtp640720495-492] INFO  db.RocksDBCheckpoint (RocksDBCheckpoint.java:cleanupCheckpoint(75)) - Cleaning up RocksDB checkpoint at /home/runner/work/ozone/ozone/hadoop-ozone/integration-test/target/test-dir/MiniOzoneClusterImpl-c6da7ea4-2079-4fee-9bc9-0c49bc0b38ab/ozone-meta/db.checkpoints/om.db_checkpoint_1747072151534
2025-05-12 17:49:11,589 [main] INFO  recon.TarExtractor (TarExtractor.java:extractTar(129)) - Tar extraction completed and moved from staging to: /home/runner/work/ozone/ozone/hadoop-ozone/integration-test/target/test-dir/MiniOzoneClusterImpl-c6da7ea4-2079-4fee-9bc9-0c49bc0b38ab/recon/om.snapshot.db_1747072150377
2025-05-12 17:49:11,590 [main] INFO  impl.OzoneManagerServiceProviderImpl (OzoneManagerServiceProviderImpl.java:getOzoneManagerDBSnapshot(458)) - Number of SST files found in the OM snapshot directory: /home/runner/work/ozone/ozone/hadoop-ozone/integration-test/target/test-dir/MiniOzoneClusterImpl-c6da7ea4-2079-4fee-9bc9-0c49bc0b38ab/recon/om.snapshot.db_1747072150377 - 3
2025-05-12 17:49:11,590 [main] INFO  recon.ReconContext (ReconContext.java:updateHealthStatus(76)) - Update healthStatus of Recon from true to true.
2025-05-12 17:49:11,590 [main] INFO  impl.OzoneManagerServiceProviderImpl (OzoneManagerServiceProviderImpl.java:updateReconOmDBWithNewSnapshot(505)) - Attempting to update Recon OM DB with new snapshot located at: /home/runner/work/ozone/ozone/hadoop-ozone/integration-test/target/test-dir/MiniOzoneClusterImpl-c6da7ea4-2079-4fee-9bc9-0c49bc0b38ab/recon/om.snapshot.db_1747072150377
2025-05-12 17:49:11,592 [qtp640720495-492] INFO  requests.ozoneManager (Slf4jRequestLogWriter.java:write(62)) - 127.0.0.1 - - [12/May/2025:17:49:10 +0000] "GET /dbCheckpoint HTTP/1.1" 200 116736 "-" "Java/21.0.7"
2025-05-12 17:49:11,635 [main] INFO  recovery.ReconOmMetadataManagerImpl (ReconOmMetadataManagerImpl.java:initializeNewRdbStore(97)) - Created OM DB handle from snapshot at /home/runner/work/ozone/ozone/hadoop-ozone/integration-test/target/test-dir/MiniOzoneClusterImpl-c6da7ea4-2079-4fee-9bc9-0c49bc0b38ab/recon/om.snapshot.db_1747072150377.
2025-05-12 17:49:11,642 [main] INFO  impl.OzoneManagerServiceProviderImpl (OzoneManagerServiceProviderImpl.java:updateReconOmDBWithNewSnapshot(509)) - Successfully updated Recon OM DB with new snapshot.
2025-05-12 17:49:11,649 [main] INFO  updater.ReconTaskStatusUpdater (ReconTaskStatusUpdater.java:updateDetails(124)) - Registered Task: OmDeltaRequest
2025-05-12 17:49:11,649 [main] INFO  impl.OzoneManagerServiceProviderImpl (OzoneManagerServiceProviderImpl.java:syncDataFromOM(718)) - Calling reprocess on Recon tasks.
2025-05-12 17:49:11,652 [main] INFO  updater.ReconTaskStatusUpdater (ReconTaskStatusUpdater.java:updateDetails(124)) - Registered Task: ContainerKeyMapperTaskFSO
2025-05-12 17:49:11,655 [main] INFO  updater.ReconTaskStatusUpdater (ReconTaskStatusUpdater.java:updateDetails(124)) - Registered Task: OmTableInsightTask
2025-05-12 17:49:11,658 [main] INFO  updater.ReconTaskStatusUpdater (ReconTaskStatusUpdater.java:updateDetails(124)) - Registered Task: NSSummaryTask
2025-05-12 17:49:11,663 [main] INFO  updater.ReconTaskStatusUpdater (ReconTaskStatusUpdater.java:updateDetails(124)) - Registered Task: ContainerKeyMapperTaskOBS
2025-05-12 17:49:11,666 [main] INFO  updater.ReconTaskStatusUpdater (ReconTaskStatusUpdater.java:updateDetails(124)) - Registered Task: FileSizeCountTaskOBS
2025-05-12 17:49:11,669 [main] INFO  updater.ReconTaskStatusUpdater (ReconTaskStatusUpdater.java:updateDetails(124)) - Registered Task: FileSizeCountTaskFSO
2025-05-12 17:49:11,673 [ReconTaskThread-0] INFO  impl.ReconContainerMetadataManagerImpl (ReconContainerMetadataManagerImpl.java:initializeTables(142)) - KEY_CONTAINER Table is empty, initializing from CONTAINER_KEY Table ...
2025-05-12 17:49:11,673 [ReconTaskThread-0] INFO  impl.ReconContainerMetadataManagerImpl (ReconContainerMetadataManagerImpl.java:initializeKeyContainerTable(695)) - It took 0.0 seconds to initialized 0 records to KEY_CONTAINER table
2025-05-12 17:49:11,801 [IPC Server handler 1 on default port 15011] INFO  scm.ReconNodeManager (ReconNodeManager.java:register(273)) - Updating nodeDB for localhost
2025-05-12 17:49:11,803 [IPC Server handler 1 on default port 15011] INFO  recon.ReconContext (ReconContext.java:updateHealthStatus(76)) - Update healthStatus of Recon from true to true.
2025-05-12 17:49:11,824 [d59e86b3-00bf-4208-a8c0-5e7627041895-PipelineCommandHandlerThread-0] INFO  server.RaftServer (RaftServerProxy.java:addNew(100)) - d59e86b3-00bf-4208-a8c0-5e7627041895: addNew group-2BFDB7BD6F71:[d59e86b3-00bf-4208-a8c0-5e7627041895|127.0.0.1:15017] returns group-2BFDB7BD6F71:java.util.concurrent.CompletableFuture@54d68e81[Not completed]
2025-05-12 17:49:11,836 [d59e86b3-00bf-4208-a8c0-5e7627041895-groupManagement] INFO  server.RaftServer$Division (RaftServerImpl.java:<init>(255)) - d59e86b3-00bf-4208-a8c0-5e7627041895: new RaftServerImpl for group-2BFDB7BD6F71:[d59e86b3-00bf-4208-a8c0-5e7627041895|127.0.0.1:15017] with ContainerStateMachine:uninitialized
2025-05-12 17:49:11,837 [d59e86b3-00bf-4208-a8c0-5e7627041895-groupManagement] INFO  server.RaftServerConfigKeys (ConfUtils.java:logGet(46)) - raft.server.rpc.timeout.min = 5s (custom)
2025-05-12 17:49:11,837 [d59e86b3-00bf-4208-a8c0-5e7627041895-groupManagement] INFO  server.RaftServerConfigKeys (ConfUtils.java:logGet(46)) - raft.server.rpc.timeout.max = 5200ms (custom)
2025-05-12 17:49:11,837 [d59e86b3-00bf-4208-a8c0-5e7627041895-groupManagement] INFO  server.RaftServerConfigKeys (ConfUtils.java:logGet(46)) - raft.server.rpc.sleep.time = 25ms (default)
2025-05-12 17:49:11,837 [d59e86b3-00bf-4208-a8c0-5e7627041895-groupManagement] INFO  server.RaftServerConfigKeys (ConfUtils.java:logGet(46)) - raft.server.rpc.slowness.timeout = 300s (custom)
2025-05-12 17:49:11,837 [d59e86b3-00bf-4208-a8c0-5e7627041895-groupManagement] INFO  server.RaftServerConfigKeys (ConfUtils.java:logGet(46)) - raft.server.leaderelection.leader.step-down.wait-time = 10s (default)
2025-05-12 17:49:11,837 [d59e86b3-00bf-4208-a8c0-5e7627041895-groupManagement] INFO  server.RaftServerConfigKeys (ConfUtils.java:logGet(46)) - raft.server.leaderelection.member.majority-add = false (default)
2025-05-12 17:49:11,837 [d59e86b3-00bf-4208-a8c0-5e7627041895-groupManagement] INFO  server.RaftServerConfigKeys (ConfUtils.java:logGet(46)) - raft.server.sleep.deviation.threshold = 300ms (default)
2025-05-12 17:49:11,837 [d59e86b3-00bf-4208-a8c0-5e7627041895-groupManagement] INFO  server.RaftServer$Division (ServerState.java:<init>(114)) - d59e86b3-00bf-4208-a8c0-5e7627041895@group-2BFDB7BD6F71: ConfigurationManager, init=conf: {index: -1, cur=peers:[d59e86b3-00bf-4208-a8c0-5e7627041895|127.0.0.1:15017]|listeners:[], old=null}, confs=<EMPTY_MAP>
2025-05-12 17:49:11,837 [d59e86b3-00bf-4208-a8c0-5e7627041895-groupManagement] INFO  server.RaftServerConfigKeys (ConfUtils.java:logGet(46)) - raft.server.notification.no-leader.timeout = 300s (custom)
2025-05-12 17:49:11,837 [d59e86b3-00bf-4208-a8c0-5e7627041895-groupManagement] INFO  server.RaftServerConfigKeys (ConfUtils.java:logGet(46)) - raft.server.read.timeout = 10s (default)
2025-05-12 17:49:11,837 [d59e86b3-00bf-4208-a8c0-5e7627041895-groupManagement] INFO  server.RaftServerConfigKeys (ConfUtils.java:logGet(46)) - raft.server.retrycache.expirytime = 600000ms (custom)
2025-05-12 17:49:11,837 [d59e86b3-00bf-4208-a8c0-5e7627041895-groupManagement] INFO  server.RaftServerConfigKeys (ConfUtils.java:logGet(46)) - raft.server.retrycache.statistics.expirytime = 100ms (default)
2025-05-12 17:49:11,838 [d59e86b3-00bf-4208-a8c0-5e7627041895-groupManagement] INFO  server.RaftServerConfigKeys (ConfUtils.java:logGet(46)) - raft.server.read.option = DEFAULT (default)
2025-05-12 17:49:11,838 [d59e86b3-00bf-4208-a8c0-5e7627041895-groupManagement] INFO  server.RaftServerConfigKeys (ConfUtils.java:logGet(46)) - raft.server.read.read-after-write-consistent.write-index-cache.expiry-time = 60s (default)
2025-05-12 17:49:11,842 [d59e86b3-00bf-4208-a8c0-5e7627041895-groupManagement] INFO  server.RaftServerConfigKeys (ConfUtils.java:logGet(46)) - raft.server.rpc.request.timeout = 60s (custom)
2025-05-12 17:49:11,842 [d59e86b3-00bf-4208-a8c0-5e7627041895-groupManagement] INFO  server.RaftServerConfigKeys (ConfUtils.java:logGet(46)) - raft.server.log.appender.install.snapshot.enabled = false (custom)
2025-05-12 17:49:11,843 [d59e86b3-00bf-4208-a8c0-5e7627041895-groupManagement] INFO  server.RaftServerConfigKeys (ConfUtils.java:logGet(46)) - raft.server.threadpool.server.cached = true (default)
2025-05-12 17:49:11,843 [d59e86b3-00bf-4208-a8c0-5e7627041895-groupManagement] INFO  server.RaftServerConfigKeys (ConfUtils.java:logGet(46)) - raft.server.threadpool.server.size = 0 (default)
2025-05-12 17:49:11,843 [d59e86b3-00bf-4208-a8c0-5e7627041895-groupManagement] INFO  server.RaftServerConfigKeys (ConfUtils.java:logGet(46)) - raft.server.threadpool.client.cached = true (default)
2025-05-12 17:49:11,843 [d59e86b3-00bf-4208-a8c0-5e7627041895-groupManagement] INFO  server.RaftServerConfigKeys (ConfUtils.java:logGet(46)) - raft.server.threadpool.client.size = 0 (default)
2025-05-12 17:49:11,843 [d59e86b3-00bf-4208-a8c0-5e7627041895-groupManagement] INFO  server.RaftServerConfigKeys (ConfUtils.java:logGet(46)) - raft.server.storage.free-space.min = 0MB (=0) (default)
2025-05-12 17:49:11,843 [d59e86b3-00bf-4208-a8c0-5e7627041895-groupManagement] INFO  server.RaftServerConfigKeys (ConfUtils.java:logGet(46)) - raft.server.log.corruption.policy = EXCEPTION (default)
2025-05-12 17:49:11,843 [d59e86b3-00bf-4208-a8c0-5e7627041895-groupManagement] INFO  server.RaftServerConfigKeys (ConfUtils.java:logGet(46)) - raft.server.storage.dir = [/home/runner/work/ozone/ozone/hadoop-ozone/integration-test/target/test-dir/MiniOzoneClusterImpl-c6da7ea4-2079-4fee-9bc9-0c49bc0b38ab/ozone-meta/datanode-1/ratis] (custom)
2025-05-12 17:49:11,843 [d59e86b3-00bf-4208-a8c0-5e7627041895-groupManagement] INFO  storage.RaftStorageDirectory (RaftStorageDirectoryImpl.java:analyzeStorage(138)) - The storage directory /home/runner/work/ozone/ozone/hadoop-ozone/integration-test/target/test-dir/MiniOzoneClusterImpl-c6da7ea4-2079-4fee-9bc9-0c49bc0b38ab/ozone-meta/datanode-1/ratis/dd73f9b7-0ee4-46a9-b017-2bfdb7bd6f71 does not exist. Creating ...
2025-05-12 17:49:11,845 [d59e86b3-00bf-4208-a8c0-5e7627041895-groupManagement] INFO  storage.RaftStorageDirectory (RaftStorageDirectoryImpl.java:tryLock(229)) - Lock on /home/runner/work/ozone/ozone/hadoop-ozone/integration-test/target/test-dir/MiniOzoneClusterImpl-c6da7ea4-2079-4fee-9bc9-0c49bc0b38ab/ozone-meta/datanode-1/ratis/dd73f9b7-0ee4-46a9-b017-2bfdb7bd6f71/in_use.lock acquired by nodename 120609@pkrvmberfyhpb9w
2025-05-12 17:49:11,847 [d59e86b3-00bf-4208-a8c0-5e7627041895-groupManagement] INFO  storage.RaftStorage (RaftStorageImpl.java:format(98)) - Storage directory /home/runner/work/ozone/ozone/hadoop-ozone/integration-test/target/test-dir/MiniOzoneClusterImpl-c6da7ea4-2079-4fee-9bc9-0c49bc0b38ab/ozone-meta/datanode-1/ratis/dd73f9b7-0ee4-46a9-b017-2bfdb7bd6f71 has been successfully formatted.
2025-05-12 17:49:11,850 [ReconTaskThread-0] ERROR tasks.NSSummaryTask (NSSummaryTask.java:reprocess(202)) - Error while reprocessing NSSummary table in Recon DB.
java.util.concurrent.ExecutionException: java.lang.NullPointerException: Cannot invoke "org.apache.hadoop.ozone.om.helpers.OmBucketInfo.getBucketLayout()" because "omBucketInfo" is null
	at java.base/java.util.concurrent.FutureTask.report(FutureTask.java:122)
	at java.base/java.util.concurrent.FutureTask.get(FutureTask.java:191)
	at org.apache.hadoop.ozone.recon.tasks.NSSummaryTask.reprocess(NSSummaryTask.java:197)
	at org.apache.hadoop.ozone.recon.tasks.ReconTaskControllerImpl.lambda$reInitializeTasks$3(ReconTaskControllerImpl.java:184)
	at org.apache.hadoop.ozone.recon.tasks.types.NamedCallableTask.call(NamedCallableTask.java:46)
	at org.apache.hadoop.ozone.recon.tasks.ReconTaskControllerImpl.lambda$reInitializeTasks$5(ReconTaskControllerImpl.java:191)
	at java.base/java.util.concurrent.CompletableFuture$AsyncSupply.run(CompletableFuture.java:1768)
	at java.base/java.util.concurrent.ThreadPoolExecutor.runWorker(ThreadPoolExecutor.java:1144)
	at java.base/java.util.concurrent.ThreadPoolExecutor$Worker.run(ThreadPoolExecutor.java:642)
	at java.base/java.lang.Thread.run(Thread.java:1583)
Caused by: java.lang.NullPointerException: Cannot invoke "org.apache.hadoop.ozone.om.helpers.OmBucketInfo.getBucketLayout()" because "omBucketInfo" is null
	at org.apache.hadoop.ozone.recon.tasks.NSSummaryTaskWithLegacy.isBucketLayoutValid(NSSummaryTaskWithLegacy.java:396)
	at org.apache.hadoop.ozone.recon.tasks.NSSummaryTaskWithLegacy.reprocessWithLegacy(NSSummaryTaskWithLegacy.java:274)
	at org.apache.hadoop.ozone.recon.tasks.NSSummaryTask.lambda$reprocess$1(NSSummaryTask.java:184)
	at java.base/java.util.concurrent.FutureTask.run(FutureTask.java:317)
	... 3 more
2025-05-12 17:49:11,851 [ReconTaskThread-0] ERROR tasks.ReconTaskControllerImpl (ReconTaskControllerImpl.java:lambda$reInitializeTasks$6(204)) - Init failed for task NSSummaryTask.
2025-05-12 17:49:11,852 [d59e86b3-00bf-4208-a8c0-5e7627041895-groupManagement] INFO  ratis.ContainerStateMachine (ContainerStateMachine.java:initialize(339)) - d59e86b3-00bf-4208-a8c0-5e7627041895: initialize group-2BFDB7BD6F71
2025-05-12 17:49:11,853 [d59e86b3-00bf-4208-a8c0-5e7627041895-groupManagement] INFO  ratis.ContainerStateMachine (ContainerStateMachine.java:loadSnapshot(347)) - group-2BFDB7BD6F71: The snapshot info is null. Setting the last applied index to:(t:0, i:~)
2025-05-12 17:49:11,854 [d59e86b3-00bf-4208-a8c0-5e7627041895-groupManagement] INFO  server.RaftServerConfigKeys (ConfUtils.java:logGet(46)) - raft.server.log.use.memory = false (default)
2025-05-12 17:49:11,854 [d59e86b3-00bf-4208-a8c0-5e7627041895-groupManagement] INFO  server.RaftServerConfigKeys (ConfUtils.java:logGet(46)) - raft.server.log.purge.gap = 1000000 (custom)
2025-05-12 17:49:11,854 [d59e86b3-00bf-4208-a8c0-5e7627041895-groupManagement] INFO  server.RaftServerConfigKeys (ConfUtils.java:logGet(46)) - raft.server.log.appender.buffer.byte-limit = 33554432 (custom)
2025-05-12 17:49:11,854 [d59e86b3-00bf-4208-a8c0-5e7627041895-groupManagement] INFO  server.RaftServerConfigKeys (ConfUtils.java:logGet(46)) - raft.server.log.statemachine.data.read.timeout = 1000ms (default)
2025-05-12 17:49:11,854 [d59e86b3-00bf-4208-a8c0-5e7627041895-groupManagement] INFO  server.RaftServerConfigKeys (ConfUtils.java:logGet(46)) - raft.server.log.purge.preservation.log.num = 0 (default)
2025-05-12 17:49:11,858 [d59e86b3-00bf-4208-a8c0-5e7627041895-groupManagement] INFO  server.RaftServerConfigKeys (ConfUtils.java:logGet(46)) - raft.server.log.segment.size.max = 67108864 (custom)
2025-05-12 17:49:11,858 [d59e86b3-00bf-4208-a8c0-5e7627041895-groupManagement] INFO  server.RaftServerConfigKeys (ConfUtils.java:logGet(46)) - raft.server.log.segment.cache.num.max = 2 (custom)
2025-05-12 17:49:11,858 [d59e86b3-00bf-4208-a8c0-5e7627041895-groupManagement] INFO  server.RaftServerConfigKeys (ConfUtils.java:logGet(46)) - raft.server.log.segment.cache.size.max = 200MB (=209715200) (default)
2025-05-12 17:49:11,858 [d59e86b3-00bf-4208-a8c0-5e7627041895-groupManagement] INFO  server.RaftServerConfigKeys (ConfUtils.java:logGet(46)) - raft.server.log.appender.buffer.byte-limit = 33554432 (custom)
2025-05-12 17:49:11,860 [d59e86b3-00bf-4208-a8c0-5e7627041895-groupManagement] INFO  util.AwaitToRun (AwaitToRun.java:start(81)) - Thread[#796,d59e86b3-00bf-4208-a8c0-5e7627041895@group-2BFDB7BD6F71-cacheEviction-AwaitToRun,5,main] started
2025-05-12 17:49:11,860 [d59e86b3-00bf-4208-a8c0-5e7627041895-groupManagement] INFO  segmented.SegmentedRaftLogWorker (SegmentedRaftLogWorker.java:<init>(188)) - new d59e86b3-00bf-4208-a8c0-5e7627041895@group-2BFDB7BD6F71-SegmentedRaftLogWorker for RaftStorageImpl:Storage Directory /home/runner/work/ozone/ozone/hadoop-ozone/integration-test/target/test-dir/MiniOzoneClusterImpl-c6da7ea4-2079-4fee-9bc9-0c49bc0b38ab/ozone-meta/datanode-1/ratis/dd73f9b7-0ee4-46a9-b017-2bfdb7bd6f71
2025-05-12 17:49:11,860 [d59e86b3-00bf-4208-a8c0-5e7627041895-groupManagement] INFO  server.RaftServerConfigKeys (ConfUtils.java:logGet(46)) - raft.server.log.queue.byte-limit = 4294967296 (custom)
2025-05-12 17:49:11,860 [d59e86b3-00bf-4208-a8c0-5e7627041895-groupManagement] INFO  server.RaftServerConfigKeys (ConfUtils.java:logGet(46)) - raft.server.log.queue.element-limit = 1024 (custom)
2025-05-12 17:49:11,860 [d59e86b3-00bf-4208-a8c0-5e7627041895-groupManagement] INFO  server.RaftServerConfigKeys (ConfUtils.java:logGet(46)) - raft.server.log.segment.size.max = 67108864 (custom)
2025-05-12 17:49:11,860 [d59e86b3-00bf-4208-a8c0-5e7627041895-groupManagement] INFO  server.RaftServerConfigKeys (ConfUtils.java:logGet(46)) - raft.server.log.preallocated.size = 4194304 (custom)
2025-05-12 17:49:11,860 [d59e86b3-00bf-4208-a8c0-5e7627041895-groupManagement] INFO  server.RaftServerConfigKeys (ConfUtils.java:logGet(46)) - raft.server.log.force.sync.num = 128 (default)
2025-05-12 17:49:11,860 [d59e86b3-00bf-4208-a8c0-5e7627041895-groupManagement] INFO  server.RaftServerConfigKeys (ConfUtils.java:logGet(46)) - raft.server.log.statemachine.data.sync = true (default)
2025-05-12 17:49:11,860 [d59e86b3-00bf-4208-a8c0-5e7627041895-groupManagement] INFO  server.RaftServerConfigKeys (ConfUtils.java:logGet(46)) - raft.server.log.statemachine.data.sync.timeout = 10s (default)
2025-05-12 17:49:11,860 [d59e86b3-00bf-4208-a8c0-5e7627041895-groupManagement] INFO  server.RaftServerConfigKeys (ConfUtils.java:logGet(46)) - raft.server.log.statemachine.data.sync.timeout.retry = 30 (custom)
2025-05-12 17:49:11,862 [d59e86b3-00bf-4208-a8c0-5e7627041895-groupManagement] INFO  server.RaftServerConfigKeys (ConfUtils.java:logGet(46)) - raft.server.log.write.buffer.size = 33554440 (custom)
2025-05-12 17:49:11,872 [d59e86b3-00bf-4208-a8c0-5e7627041895-groupManagement] INFO  server.RaftServerConfigKeys (ConfUtils.java:logGet(46)) - raft.server.log.appender.buffer.byte-limit = 33554432 (custom)
2025-05-12 17:49:11,872 [d59e86b3-00bf-4208-a8c0-5e7627041895-groupManagement] INFO  server.RaftServerConfigKeys (ConfUtils.java:logGet(46)) - raft.server.log.unsafe-flush.enabled = false (default)
2025-05-12 17:49:11,873 [d59e86b3-00bf-4208-a8c0-5e7627041895-groupManagement] INFO  server.RaftServerConfigKeys (ConfUtils.java:logGet(46)) - raft.server.log.async-flush.enabled = false (default)
2025-05-12 17:49:11,873 [d59e86b3-00bf-4208-a8c0-5e7627041895-groupManagement] INFO  server.RaftServerConfigKeys (ConfUtils.java:logGet(46)) - raft.server.log.statemachine.data.caching.enabled = true (custom)
2025-05-12 17:49:11,873 [d59e86b3-00bf-4208-a8c0-5e7627041895-groupManagement] INFO  segmented.SegmentedRaftLogWorker (SegmentedRaftLogWorker.java:lambda$new$0(139)) - d59e86b3-00bf-4208-a8c0-5e7627041895@group-2BFDB7BD6F71-SegmentedRaftLogWorker: flushIndex: setUnconditionally 0 -> -1
2025-05-12 17:49:11,873 [d59e86b3-00bf-4208-a8c0-5e7627041895-groupManagement] INFO  segmented.SegmentedRaftLogWorker (SegmentedRaftLogWorker.java:lambda$new$0(139)) - d59e86b3-00bf-4208-a8c0-5e7627041895@group-2BFDB7BD6F71-SegmentedRaftLogWorker: safeCacheEvictIndex: setUnconditionally 0 -> -1
2025-05-12 17:49:11,875 [d59e86b3-00bf-4208-a8c0-5e7627041895-groupManagement] INFO  server.RaftServer$Division (RaftServerImpl.java:start(391)) - d59e86b3-00bf-4208-a8c0-5e7627041895@group-2BFDB7BD6F71: start as a follower, conf=conf: {index: -1, cur=peers:[d59e86b3-00bf-4208-a8c0-5e7627041895|127.0.0.1:15017]|listeners:[], old=null}
2025-05-12 17:49:11,875 [d59e86b3-00bf-4208-a8c0-5e7627041895-groupManagement] INFO  server.RaftServer$Division (RaftServerImpl.java:setRole(378)) - d59e86b3-00bf-4208-a8c0-5e7627041895@group-2BFDB7BD6F71: changes role from      null to FOLLOWER at term 0 for startAsFollower
2025-05-12 17:49:11,875 [d59e86b3-00bf-4208-a8c0-5e7627041895-groupManagement] INFO  impl.RoleInfo (RoleInfo.java:updateAndGet(148)) - d59e86b3-00bf-4208-a8c0-5e7627041895: start d59e86b3-00bf-4208-a8c0-5e7627041895@group-2BFDB7BD6F71-FollowerState
2025-05-12 17:49:11,876 [d59e86b3-00bf-4208-a8c0-5e7627041895@group-2BFDB7BD6F71-FollowerState] INFO  server.RaftServerConfigKeys (ConfUtils.java:logGet(46)) - raft.server.rpc.first-election.timeout.min = 1000ms (custom)
2025-05-12 17:49:11,876 [d59e86b3-00bf-4208-a8c0-5e7627041895@group-2BFDB7BD6F71-FollowerState] INFO  server.RaftServerConfigKeys (ConfUtils.java:logGet(46)) - raft.server.rpc.first-election.timeout.max = 1200ms (custom)
2025-05-12 17:49:11,876 [d59e86b3-00bf-4208-a8c0-5e7627041895-groupManagement] INFO  util.JmxRegister (JmxRegister.java:tryRegister(44)) - Successfully registered JMX Bean with object name Ratis:service=RaftServer,group=group-2BFDB7BD6F71,id=d59e86b3-00bf-4208-a8c0-5e7627041895
2025-05-12 17:49:11,877 [d59e86b3-00bf-4208-a8c0-5e7627041895-groupManagement] INFO  util.JmxRegister (JmxRegister.java:register(58)) - register mxBean class org.apache.ratis.server.impl.RaftServerJmxAdapter as Ratis:service=RaftServer,group=group-2BFDB7BD6F71,id=d59e86b3-00bf-4208-a8c0-5e7627041895
2025-05-12 17:49:11,877 [d59e86b3-00bf-4208-a8c0-5e7627041895-groupManagement] INFO  server.RaftServerConfigKeys (ConfUtils.java:logGet(46)) - raft.server.snapshot.trigger-when-stop.enabled = true (default)
2025-05-12 17:49:11,877 [d59e86b3-00bf-4208-a8c0-5e7627041895-groupManagement] INFO  server.RaftServerConfigKeys (ConfUtils.java:logGet(46)) - raft.server.snapshot.trigger-when-remove.enabled = true (default)
2025-05-12 17:49:11,877 [d59e86b3-00bf-4208-a8c0-5e7627041895-groupManagement] INFO  server.RaftServerConfigKeys (ConfUtils.java:logGet(46)) - raft.server.snapshot.auto.trigger.enabled = true (custom)
2025-05-12 17:49:11,877 [d59e86b3-00bf-4208-a8c0-5e7627041895-groupManagement] INFO  server.RaftServerConfigKeys (ConfUtils.java:logGet(46)) - raft.server.snapshot.auto.trigger.threshold = 100000 (custom)
2025-05-12 17:49:11,877 [d59e86b3-00bf-4208-a8c0-5e7627041895-groupManagement] INFO  server.RaftServerConfigKeys (ConfUtils.java:logGet(46)) - raft.server.snapshot.retention.file.num = 5 (custom)
2025-05-12 17:49:11,878 [d59e86b3-00bf-4208-a8c0-5e7627041895-groupManagement] INFO  server.RaftServerConfigKeys (ConfUtils.java:logGet(46)) - raft.server.log.purge.upto.snapshot.index = false (default)
2025-05-12 17:49:11,881 [d59e86b3-00bf-4208-a8c0-5e7627041895-groupManagement] INFO  server.RaftServer$Division (RaftServerImpl.java:start(405)) - d59e86b3-00bf-4208-a8c0-5e7627041895@group-2BFDB7BD6F71: Successfully started.
2025-05-12 17:49:11,882 [Recon-EventQueue-PipelineReportForReconPipelineReportHandler] INFO  scm.ReconPipelineReportHandler (ReconPipelineReportHandler.java:processPipelineReport(66)) - Unknown pipeline PipelineID=dd73f9b7-0ee4-46a9-b017-2bfdb7bd6f71. Trying to get from SCM.
2025-05-12 17:49:11,883 [d59e86b3-00bf-4208-a8c0-5e7627041895-PipelineCommandHandlerThread-0] INFO  ratis.XceiverServerRatis (XceiverServerRatis.java:addGroup(843)) - Created group PipelineID=dd73f9b7-0ee4-46a9-b017-2bfdb7bd6f71
2025-05-12 17:49:11,884 [d59e86b3-00bf-4208-a8c0-5e7627041895-PipelineCommandHandlerThread-0] INFO  commandhandler.CreatePipelineCommandHandler (CreatePipelineCommandHandler.java:lambda$handle$2(128)) - Created Pipeline RATIS ONE PipelineID=dd73f9b7-0ee4-46a9-b017-2bfdb7bd6f71.
2025-05-12 17:49:11,887 [ReconTaskThread-0] INFO  tasks.FileSizeCountTaskHelper (FileSizeCountTaskHelper.java:reprocess(92)) - Starting Reprocess for FileSizeCountTaskOBS
2025-05-12 17:49:11,892 [EventQueue-PipelineReportForPipelineReportHandler] INFO  pipeline.PipelineReportHandler (PipelineReportHandler.java:processPipelineReport(134)) - Opened pipeline PipelineID=dd73f9b7-0ee4-46a9-b017-2bfdb7bd6f71
2025-05-12 17:49:11,893 [Recon-EventQueue-PipelineReportForReconPipelineReportHandler] INFO  scm.ReconPipelineReportHandler (ReconPipelineReportHandler.java:processPipelineReport(85)) - Pipeline Pipeline{ Id: dd73f9b7-0ee4-46a9-b017-2bfdb7bd6f71, Nodes: [ {d59e86b3-00bf-4208-a8c0-5e7627041895(localhost/127.0.0.1), ReplicaIndex: 0},], ReplicationConfig: RATIS/ONE, State:ALLOCATED, leaderId:d59e86b3-00bf-4208-a8c0-5e7627041895, CreationTimestamp2025-05-12T17:49:09.344Z[Etc/UTC]} verified from SCM and added to Recon pipeline metadata.
2025-05-12 17:49:11,893 [Recon-EventQueue-PipelineReportForReconPipelineReportHandler] INFO  scm.ReconPipelineReportHandler (ReconPipelineReportHandler.java:processPipelineReport(102)) - Pipeline RATIS/ONE PipelineID=dd73f9b7-0ee4-46a9-b017-2bfdb7bd6f71 reported by d59e86b3-00bf-4208-a8c0-5e7627041895(localhost/127.0.0.1)
2025-05-12 17:49:11,899 [ReconTaskThread-0] INFO  tasks.FileSizeCountTaskHelper (FileSizeCountTaskHelper.java:truncateTableIfNeeded(64)) - Deleted 0 records from "FILE_COUNT_BY_SIZE"
2025-05-12 17:49:11,901 [ReconTaskThread-0] INFO  tasks.FileSizeCountTaskHelper (FileSizeCountTaskHelper.java:reprocessBucketLayout(143)) - Reprocessed 1 keys for bucket layout OBJECT_STORE.
2025-05-12 17:49:11,910 [ReconTaskThread-0] INFO  tasks.FileSizeCountTaskHelper (FileSizeCountTaskHelper.java:reprocess(103)) - FileSizeCountTaskOBS completed Reprocess in 24 ms.
2025-05-12 17:49:11,913 [ReconTaskThread-0] INFO  tasks.FileSizeCountTaskHelper (FileSizeCountTaskHelper.java:reprocess(92)) - Starting Reprocess for FileSizeCountTaskFSO
2025-05-12 17:49:11,913 [ReconTaskThread-0] INFO  tasks.FileSizeCountTaskHelper (FileSizeCountTaskHelper.java:truncateTableIfNeeded(72)) - Table already truncated by another task; waiting for truncation to complete.
2025-05-12 17:49:11,914 [ReconTaskThread-0] INFO  tasks.FileSizeCountTaskHelper (FileSizeCountTaskHelper.java:reprocessBucketLayout(143)) - Reprocessed 0 keys for bucket layout FILE_SYSTEM_OPTIMIZED.
2025-05-12 17:49:11,914 [ReconTaskThread-0] INFO  tasks.FileSizeCountTaskHelper (FileSizeCountTaskHelper.java:reprocess(103)) - FileSizeCountTaskFSO completed Reprocess in 1 ms.
2025-05-12 17:49:11,917 [main] INFO  recon.ReconContext (ReconContext.java:updateHealthStatus(76)) - Update healthStatus of Recon from true to true.
]]></system-out>
  </testcase>
  <testcase name="testOmDBSyncWithSeqNumberMismatch" classname="org.apache.hadoop.ozone.recon.TestReconWithOzoneManager" time="0.873">
    <system-out><![CDATA[2025-05-12 17:49:11,976 [main] INFO  impl.OzoneManagerServiceProviderImpl (OzoneManagerServiceProviderImpl.java:syncDataFromOM(621)) - Seq number of Recon's OM DB : 3
2025-05-12 17:49:11,995 [main] INFO  impl.OzoneManagerServiceProviderImpl (OzoneManagerServiceProviderImpl.java:innerGetAndApplyDeltaUpdatesFromOM(592)) - From Sequence Number:3, Recon DB Sequence Number: 8, Number of updates received from OM : 5, SequenceNumber diff: 5, SequenceNumber Lag from OM 0, isDBUpdateSuccess: true
2025-05-12 17:49:12,096 [ReconTaskThread-0] ERROR tasks.ReconTaskControllerImpl (ReconTaskControllerImpl.java:lambda$processTasks$12(293)) - Task failed with exception: 
java.util.concurrent.CompletionException: org.apache.hadoop.ozone.recon.tasks.types.TaskExecutionException: java.lang.NullPointerException: Cannot invoke "org.apache.hadoop.ozone.om.helpers.OmBucketInfo.getBucketLayout()" because "omBucketInfo" is null
	at java.base/java.util.concurrent.CompletableFuture.encodeThrowable(CompletableFuture.java:315)
	at java.base/java.util.concurrent.CompletableFuture.completeThrowable(CompletableFuture.java:320)
	at java.base/java.util.concurrent.CompletableFuture$AsyncSupply.run(CompletableFuture.java:1770)
	at java.base/java.util.concurrent.ThreadPoolExecutor.runWorker(ThreadPoolExecutor.java:1144)
	at java.base/java.util.concurrent.ThreadPoolExecutor$Worker.run(ThreadPoolExecutor.java:642)
	at java.base/java.lang.Thread.run(Thread.java:1583)
Caused by: org.apache.hadoop.ozone.recon.tasks.types.TaskExecutionException: java.lang.NullPointerException: Cannot invoke "org.apache.hadoop.ozone.om.helpers.OmBucketInfo.getBucketLayout()" because "omBucketInfo" is null
	at org.apache.hadoop.ozone.recon.tasks.ReconTaskControllerImpl.lambda$processTasks$10(ReconTaskControllerImpl.java:273)
	at java.base/java.util.concurrent.CompletableFuture$AsyncSupply.run(CompletableFuture.java:1768)
	... 3 more
Caused by: java.lang.NullPointerException: Cannot invoke "org.apache.hadoop.ozone.om.helpers.OmBucketInfo.getBucketLayout()" because "omBucketInfo" is null
	at org.apache.hadoop.ozone.recon.tasks.NSSummaryTaskWithLegacy.isBucketLayoutValid(NSSummaryTaskWithLegacy.java:396)
	at org.apache.hadoop.ozone.recon.tasks.NSSummaryTaskWithLegacy.processWithLegacy(NSSummaryTaskWithLegacy.java:117)
	at org.apache.hadoop.ozone.recon.tasks.NSSummaryTask.process(NSSummaryTask.java:141)
	at org.apache.hadoop.ozone.recon.tasks.ReconTaskControllerImpl.lambda$consumeOMEvents$0(ReconTaskControllerImpl.java:108)
	at org.apache.hadoop.ozone.recon.tasks.types.NamedCallableTask.call(NamedCallableTask.java:46)
	at org.apache.hadoop.ozone.recon.tasks.ReconTaskControllerImpl.lambda$processTasks$10(ReconTaskControllerImpl.java:267)
	... 4 more
2025-05-12 17:49:12,097 [ReconTaskThread-0] ERROR tasks.ReconTaskControllerImpl (ReconTaskControllerImpl.java:lambda$processTasks$12(297)) - The above error occurred while trying to execute task: NSSummaryTask
2025-05-12 17:49:12,147 [main] INFO  impl.OzoneManagerServiceProviderImpl (OzoneManagerServiceProviderImpl.java:syncDataFromOM(687)) - Delta updates received from OM : 1 loops, 5 records
2025-05-12 17:49:12,148 [main] INFO  impl.OzoneManagerServiceProviderImpl (OzoneManagerServiceProviderImpl.java:syncDataFromOM(621)) - Seq number of Recon's OM DB : 9
2025-05-12 17:49:12,152 [IPC Server handler 3 on default port 15006] ERROR db.RDBStore (RDBStore.java:getUpdatesSince(438)) - Unable to get delta updates since sequenceNumber 9. This exception will not be thrown to the client 
org.apache.hadoop.hdds.utils.db.RocksDatabaseException: NotFound: RocksDatabase[/home/runner/work/ozone/ozone/hadoop-ozone/integration-test/target/test-dir/MiniOzoneClusterImpl-c6da7ea4-2079-4fee-9bc9-0c49bc0b38ab/ozone-meta/om.db]: Failed to getUpdatesSince 9
	at org.apache.hadoop.hdds.utils.db.RocksDatabase.toRocksDatabaseException(RocksDatabase.java:111)
	at org.apache.hadoop.hdds.utils.db.RocksDatabase.getUpdatesSince(RocksDatabase.java:745)
	at org.apache.hadoop.hdds.utils.db.RDBStore.getUpdatesSince(RDBStore.java:375)
	at org.apache.hadoop.ozone.om.OzoneManager.getDBUpdates(OzoneManager.java:4368)
	at org.apache.hadoop.ozone.protocolPB.OzoneManagerRequestHandler.getOMDBUpdates(OzoneManagerRequestHandler.java:457)
	at org.apache.hadoop.ozone.protocolPB.OzoneManagerRequestHandler.handleReadRequest(OzoneManagerRequestHandler.java:264)
	at org.apache.hadoop.ozone.protocolPB.OzoneManagerProtocolServerSideTranslatorPB.submitReadRequestToOM(OzoneManagerProtocolServerSideTranslatorPB.java:191)
	at org.apache.hadoop.ozone.protocolPB.OzoneManagerProtocolServerSideTranslatorPB.internalProcessRequest(OzoneManagerProtocolServerSideTranslatorPB.java:158)
	at org.apache.hadoop.ozone.protocolPB.OzoneManagerProtocolServerSideTranslatorPB.processRequest(OzoneManagerProtocolServerSideTranslatorPB.java:124)
	at org.apache.hadoop.hdds.server.OzoneProtocolMessageDispatcher.processRequest(OzoneProtocolMessageDispatcher.java:87)
	at org.apache.hadoop.ozone.protocolPB.OzoneManagerProtocolServerSideTranslatorPB.submitRequest(OzoneManagerProtocolServerSideTranslatorPB.java:115)
	at org.apache.hadoop.ozone.protocol.proto.OzoneManagerProtocolProtos$OzoneManagerService$2.callBlockingMethod(OzoneManagerProtocolProtos.java)
	at org.apache.hadoop.ipc.ProtobufRpcEngine$Server.processCall(ProtobufRpcEngine.java:484)
	at org.apache.hadoop.ipc.ProtobufRpcEngine2$Server$ProtoBufRpcInvoker.call(ProtobufRpcEngine2.java:595)
	at org.apache.hadoop.ipc.ProtobufRpcEngine2$Server$ProtoBufRpcInvoker.call(ProtobufRpcEngine2.java:573)
	at org.apache.hadoop.ipc.RPC$Server.call(RPC.java:1227)
	at org.apache.hadoop.ipc.Server$RpcCall.run(Server.java:1246)
	at org.apache.hadoop.ipc.Server$RpcCall.run(Server.java:1169)
	at java.base/java.security.AccessController.doPrivileged(AccessController.java:714)
	at java.base/javax.security.auth.Subject.doAs(Subject.java:525)
	at org.apache.hadoop.security.UserGroupInformation.doAs(UserGroupInformation.java:1953)
	at org.apache.hadoop.ipc.Server$Handler.run(Server.java:3198)
Caused by: org.rocksdb.RocksDBException: Requested sequence not yet written in the db
	at org.rocksdb.RocksDB.getUpdatesSince(Native Method)
	at org.rocksdb.RocksDB.getUpdatesSince(RocksDB.java:3966)
	at org.apache.hadoop.hdds.utils.db.RocksDatabase.getUpdatesSince(RocksDatabase.java:742)
	... 20 more
2025-05-12 17:49:12,153 [IPC Server handler 3 on default port 15006] WARN  db.RDBStore (RDBStore.java:getUpdatesSince(450)) - Returned DBUpdates isDBUpdateSuccess: false
2025-05-12 17:49:12,154 [main] INFO  impl.OzoneManagerServiceProviderImpl (OzoneManagerServiceProviderImpl.java:innerGetAndApplyDeltaUpdatesFromOM(592)) - From Sequence Number:9, Recon DB Sequence Number: 9, Number of updates received from OM : 0, SequenceNumber diff: 0, SequenceNumber Lag from OM 0, isDBUpdateSuccess: false
2025-05-12 17:49:12,154 [main] ERROR impl.OzoneManagerServiceProviderImpl (OzoneManagerServiceProviderImpl.java:getAndApplyDeltaUpdatesFromOM(535)) - Retrieve OM DB delta update failed for sequence number : 9, so falling back to full snapshot.
2025-05-12 17:49:12,158 [main] WARN  impl.OzoneManagerServiceProviderImpl (OzoneManagerServiceProviderImpl.java:syncDataFromOM(679)) - Unable to get and apply delta updates from OM: Unable to get delta updates since sequenceNumber - 9, falling back to full snapshot
2025-05-12 17:49:12,158 [main] INFO  impl.OzoneManagerServiceProviderImpl (OzoneManagerServiceProviderImpl.java:syncDataFromOM(687)) - Delta updates received from OM : 0 loops, 0 records
2025-05-12 17:49:12,158 [main] INFO  impl.OzoneManagerServiceProviderImpl (OzoneManagerServiceProviderImpl.java:syncDataFromOM(694)) - Obtaining full snapshot from Ozone Manager
2025-05-12 17:49:12,161 [main] INFO  impl.OzoneManagerServiceProviderImpl (OzoneManagerServiceProviderImpl.java:checkAndValidateReconDbPermissions(801)) - Permissions for Recon DB directory '/home/runner/work/ozone/ozone/hadoop-ozone/integration-test/target/test-dir/MiniOzoneClusterImpl-c6da7ea4-2079-4fee-9bc9-0c49bc0b38ab/recon' meet the minimum required permissions '750'
2025-05-12 17:49:12,162 [main] INFO  impl.OzoneManagerServiceProviderImpl (OzoneManagerServiceProviderImpl.java:getOzoneManagerDBSnapshot(418)) - Successfully deleted existing OM DB snapshot directory: /home/runner/work/ozone/ozone/hadoop-ozone/integration-test/target/test-dir/MiniOzoneClusterImpl-c6da7ea4-2079-4fee-9bc9-0c49bc0b38ab/recon/om.snapshot.db_1747072150377
2025-05-12 17:49:12,166 [qtp640720495-488] INFO  utils.DBCheckpointServlet (DBCheckpointServlet.java:doGet(318)) - Received GET request to obtain DB checkpoint snapshot
2025-05-12 17:49:12,540 [qtp640720495-488] INFO  db.RDBCheckpointManager (RDBCheckpointManager.java:createCheckpoint(87)) - Created checkpoint in rocksDB at /home/runner/work/ozone/ozone/hadoop-ozone/integration-test/target/test-dir/MiniOzoneClusterImpl-c6da7ea4-2079-4fee-9bc9-0c49bc0b38ab/ozone-meta/db.checkpoints/om.db_checkpoint_1747072152534 in 6 milliseconds
2025-05-12 17:49:12,542 [qtp640720495-488] INFO  om.OMDBCheckpointServlet (OMDBCheckpointServlet.java:logEstimatedTarballSize(352)) - Estimates for Checkpoint Tarball Stream - Data size: 5 KB, SST files: 4
2025-05-12 17:49:12,549 [qtp640720495-488] INFO  om.OMDBCheckpointServlet (OMDBCheckpointServlet.java:writeFilesToArchive(650)) - Completed transfer of 102 KB, #files 7 to checkpoint tarball stream. Checkpoint tarball is complete.
2025-05-12 17:49:12,549 [qtp640720495-488] INFO  utils.DBCheckpointServlet (DBCheckpointServlet.java:generateSnapshotCheckpoint(243)) - Time taken to write the checkpoint to response output stream: 7 milliseconds
2025-05-12 17:49:12,549 [qtp640720495-488] INFO  utils.DBCheckpointServlet (DBCheckpointServlet.java:logSstFileList(141)) - Excluded 0 SST files from the latest checkpoint: []
2025-05-12 17:49:12,550 [qtp640720495-488] INFO  db.RocksDBCheckpoint (RocksDBCheckpoint.java:cleanupCheckpoint(75)) - Cleaning up RocksDB checkpoint at /home/runner/work/ozone/ozone/hadoop-ozone/integration-test/target/test-dir/MiniOzoneClusterImpl-c6da7ea4-2079-4fee-9bc9-0c49bc0b38ab/ozone-meta/db.checkpoints/om.db_checkpoint_1747072152534
2025-05-12 17:49:12,552 [qtp640720495-488] INFO  requests.ozoneManager (Slf4jRequestLogWriter.java:write(62)) - 127.0.0.1 - - [12/May/2025:17:49:12 +0000] "GET /dbCheckpoint HTTP/1.1" 200 119808 "-" "Java/21.0.7"
2025-05-12 17:49:12,565 [main] INFO  recon.TarExtractor (TarExtractor.java:extractTar(129)) - Tar extraction completed and moved from staging to: /home/runner/work/ozone/ozone/hadoop-ozone/integration-test/target/test-dir/MiniOzoneClusterImpl-c6da7ea4-2079-4fee-9bc9-0c49bc0b38ab/recon/om.snapshot.db_1747072152161
2025-05-12 17:49:12,567 [main] INFO  impl.OzoneManagerServiceProviderImpl (OzoneManagerServiceProviderImpl.java:getOzoneManagerDBSnapshot(458)) - Number of SST files found in the OM snapshot directory: /home/runner/work/ozone/ozone/hadoop-ozone/integration-test/target/test-dir/MiniOzoneClusterImpl-c6da7ea4-2079-4fee-9bc9-0c49bc0b38ab/recon/om.snapshot.db_1747072152161 - 4
2025-05-12 17:49:12,567 [main] INFO  recon.ReconContext (ReconContext.java:updateHealthStatus(76)) - Update healthStatus of Recon from true to true.
2025-05-12 17:49:12,567 [main] INFO  impl.OzoneManagerServiceProviderImpl (OzoneManagerServiceProviderImpl.java:updateReconOmDBWithNewSnapshot(505)) - Attempting to update Recon OM DB with new snapshot located at: /home/runner/work/ozone/ozone/hadoop-ozone/integration-test/target/test-dir/MiniOzoneClusterImpl-c6da7ea4-2079-4fee-9bc9-0c49bc0b38ab/recon/om.snapshot.db_1747072152161
2025-05-12 17:49:12,626 [main] INFO  recovery.ReconOmMetadataManagerImpl (ReconOmMetadataManagerImpl.java:initializeNewRdbStore(97)) - Created OM DB handle from snapshot at /home/runner/work/ozone/ozone/hadoop-ozone/integration-test/target/test-dir/MiniOzoneClusterImpl-c6da7ea4-2079-4fee-9bc9-0c49bc0b38ab/recon/om.snapshot.db_1747072152161.
2025-05-12 17:49:12,626 [main] WARN  om.OmMetadataManagerImpl (OmMetadataManagerImpl.java:get(2016)) - Overwriting an existing table userTable: TypedTable-userTable(String->PersistedUserVolumeInfo)
2025-05-12 17:49:12,628 [main] WARN  om.OmMetadataManagerImpl (OmMetadataManagerImpl.java:get(2016)) - Overwriting an existing table volumeTable: TypedTable-volumeTable(String->OmVolumeArgs)
2025-05-12 17:49:12,629 [main] WARN  om.OmMetadataManagerImpl (OmMetadataManagerImpl.java:get(2016)) - Overwriting an existing table bucketTable: TypedTable-bucketTable(String->OmBucketInfo)
2025-05-12 17:49:12,630 [main] WARN  om.OmMetadataManagerImpl (OmMetadataManagerImpl.java:get(2016)) - Overwriting an existing table keyTable: TypedTable-keyTable(String->OmKeyInfo)
2025-05-12 17:49:12,630 [main] WARN  om.OmMetadataManagerImpl (OmMetadataManagerImpl.java:get(2016)) - Overwriting an existing table openKeyTable: TypedTable-openKeyTable(String->OmKeyInfo)
2025-05-12 17:49:12,630 [main] WARN  om.OmMetadataManagerImpl (OmMetadataManagerImpl.java:get(2016)) - Overwriting an existing table multipartInfoTable: TypedTable-multipartInfoTable(String->OmMultipartKeyInfo)
2025-05-12 17:49:12,631 [main] WARN  om.OmMetadataManagerImpl (OmMetadataManagerImpl.java:get(2016)) - Overwriting an existing table deletedTable: TypedTable-deletedTable(String->RepeatedOmKeyInfo)
2025-05-12 17:49:12,631 [main] WARN  om.OmMetadataManagerImpl (OmMetadataManagerImpl.java:get(2016)) - Overwriting an existing table directoryTable: TypedTable-directoryTable(String->OmDirectoryInfo)
2025-05-12 17:49:12,631 [main] WARN  om.OmMetadataManagerImpl (OmMetadataManagerImpl.java:get(2016)) - Overwriting an existing table fileTable: TypedTable-fileTable(String->OmKeyInfo)
2025-05-12 17:49:12,632 [main] WARN  om.OmMetadataManagerImpl (OmMetadataManagerImpl.java:get(2016)) - Overwriting an existing table openFileTable: TypedTable-openFileTable(String->OmKeyInfo)
2025-05-12 17:49:12,632 [main] WARN  om.OmMetadataManagerImpl (OmMetadataManagerImpl.java:get(2016)) - Overwriting an existing table deletedDirectoryTable: TypedTable-deletedDirectoryTable(String->OmKeyInfo)
2025-05-12 17:49:12,632 [main] WARN  om.OmMetadataManagerImpl (OmMetadataManagerImpl.java:get(2016)) - Overwriting an existing table dTokenTable: TypedTable-dTokenTable(OzoneTokenIdentifier->Long)
2025-05-12 17:49:12,633 [main] WARN  om.OmMetadataManagerImpl (OmMetadataManagerImpl.java:get(2016)) - Overwriting an existing table s3SecretTable: TypedTable-s3SecretTable(String->S3SecretValue)
2025-05-12 17:49:12,634 [main] WARN  om.OmMetadataManagerImpl (OmMetadataManagerImpl.java:get(2016)) - Overwriting an existing table prefixTable: TypedTable-prefixTable(String->OmPrefixInfo)
2025-05-12 17:49:12,634 [main] WARN  om.OmMetadataManagerImpl (OmMetadataManagerImpl.java:get(2016)) - Overwriting an existing table transactionInfoTable: TypedTable-transactionInfoTable(String->TransactionInfo)
2025-05-12 17:49:12,634 [main] WARN  om.OmMetadataManagerImpl (OmMetadataManagerImpl.java:get(2016)) - Overwriting an existing table metaTable: TypedTable-metaTable(String->String)
2025-05-12 17:49:12,635 [main] WARN  om.OmMetadataManagerImpl (OmMetadataManagerImpl.java:get(2016)) - Overwriting an existing table tenantAccessIdTable: TypedTable-tenantAccessIdTable(String->OmDBAccessIdInfo)
2025-05-12 17:49:12,635 [main] WARN  om.OmMetadataManagerImpl (OmMetadataManagerImpl.java:get(2016)) - Overwriting an existing table principalToAccessIdsTable: TypedTable-principalToAccessIdsTable(String->OmDBUserPrincipalInfo)
2025-05-12 17:49:12,635 [main] WARN  om.OmMetadataManagerImpl (OmMetadataManagerImpl.java:get(2016)) - Overwriting an existing table tenantStateTable: TypedTable-tenantStateTable(String->OmDBTenantState)
2025-05-12 17:49:12,635 [main] WARN  om.OmMetadataManagerImpl (OmMetadataManagerImpl.java:get(2016)) - Overwriting an existing table snapshotInfoTable: TypedTable-snapshotInfoTable(String->SnapshotInfo)
2025-05-12 17:49:12,636 [main] WARN  om.OmMetadataManagerImpl (OmMetadataManagerImpl.java:get(2016)) - Overwriting an existing table snapshotRenamedTable: TypedTable-snapshotRenamedTable(String->String)
2025-05-12 17:49:12,636 [main] WARN  om.OmMetadataManagerImpl (OmMetadataManagerImpl.java:get(2016)) - Overwriting an existing table compactionLogTable: TypedTable-compactionLogTable(String->CompactionLogEntry)
2025-05-12 17:49:12,655 [main] INFO  impl.OzoneManagerServiceProviderImpl (OzoneManagerServiceProviderImpl.java:updateReconOmDBWithNewSnapshot(509)) - Successfully updated Recon OM DB with new snapshot.
2025-05-12 17:49:12,671 [main] INFO  impl.OzoneManagerServiceProviderImpl (OzoneManagerServiceProviderImpl.java:syncDataFromOM(718)) - Calling reprocess on Recon tasks.
2025-05-12 17:49:12,697 [ReconTaskThread-0] INFO  impl.ReconContainerMetadataManagerImpl (ReconContainerMetadataManagerImpl.java:initializeTables(142)) - KEY_CONTAINER Table is empty, initializing from CONTAINER_KEY Table ...
2025-05-12 17:49:12,697 [ReconTaskThread-0] INFO  impl.ReconContainerMetadataManagerImpl (ReconContainerMetadataManagerImpl.java:initializeKeyContainerTable(695)) - It took 0.0 seconds to initialized 0 records to KEY_CONTAINER table
2025-05-12 17:49:12,781 [ReconTaskThread-0] ERROR tasks.NSSummaryTask (NSSummaryTask.java:reprocess(202)) - Error while reprocessing NSSummary table in Recon DB.
java.util.concurrent.ExecutionException: java.lang.NullPointerException: Cannot invoke "org.apache.hadoop.ozone.om.helpers.OmBucketInfo.getBucketLayout()" because "omBucketInfo" is null
	at java.base/java.util.concurrent.FutureTask.report(FutureTask.java:122)
	at java.base/java.util.concurrent.FutureTask.get(FutureTask.java:191)
	at org.apache.hadoop.ozone.recon.tasks.NSSummaryTask.reprocess(NSSummaryTask.java:197)
	at org.apache.hadoop.ozone.recon.tasks.ReconTaskControllerImpl.lambda$reInitializeTasks$3(ReconTaskControllerImpl.java:184)
	at org.apache.hadoop.ozone.recon.tasks.types.NamedCallableTask.call(NamedCallableTask.java:46)
	at org.apache.hadoop.ozone.recon.tasks.ReconTaskControllerImpl.lambda$reInitializeTasks$5(ReconTaskControllerImpl.java:191)
	at java.base/java.util.concurrent.CompletableFuture$AsyncSupply.run(CompletableFuture.java:1768)
	at java.base/java.util.concurrent.ThreadPoolExecutor.runWorker(ThreadPoolExecutor.java:1144)
	at java.base/java.util.concurrent.ThreadPoolExecutor$Worker.run(ThreadPoolExecutor.java:642)
	at java.base/java.lang.Thread.run(Thread.java:1583)
Caused by: java.lang.NullPointerException: Cannot invoke "org.apache.hadoop.ozone.om.helpers.OmBucketInfo.getBucketLayout()" because "omBucketInfo" is null
	at org.apache.hadoop.ozone.recon.tasks.NSSummaryTaskWithLegacy.isBucketLayoutValid(NSSummaryTaskWithLegacy.java:396)
	at org.apache.hadoop.ozone.recon.tasks.NSSummaryTaskWithLegacy.reprocessWithLegacy(NSSummaryTaskWithLegacy.java:274)
	at org.apache.hadoop.ozone.recon.tasks.NSSummaryTask.lambda$reprocess$1(NSSummaryTask.java:184)
	at java.base/java.util.concurrent.FutureTask.run(FutureTask.java:317)
	... 3 more
2025-05-12 17:49:12,782 [ReconTaskThread-0] ERROR tasks.ReconTaskControllerImpl (ReconTaskControllerImpl.java:lambda$reInitializeTasks$6(204)) - Init failed for task NSSummaryTask.
2025-05-12 17:49:12,808 [ReconTaskThread-0] INFO  tasks.FileSizeCountTaskHelper (FileSizeCountTaskHelper.java:reprocess(92)) - Starting Reprocess for FileSizeCountTaskOBS
2025-05-12 17:49:12,811 [ReconTaskThread-0] INFO  tasks.FileSizeCountTaskHelper (FileSizeCountTaskHelper.java:truncateTableIfNeeded(64)) - Deleted 6 records from "FILE_COUNT_BY_SIZE"
2025-05-12 17:49:12,812 [ReconTaskThread-0] INFO  tasks.FileSizeCountTaskHelper (FileSizeCountTaskHelper.java:reprocessBucketLayout(143)) - Reprocessed 6 keys for bucket layout OBJECT_STORE.
2025-05-12 17:49:12,820 [ReconTaskThread-0] INFO  tasks.FileSizeCountTaskHelper (FileSizeCountTaskHelper.java:reprocess(103)) - FileSizeCountTaskOBS completed Reprocess in 11 ms.
2025-05-12 17:49:12,823 [ReconTaskThread-0] INFO  tasks.FileSizeCountTaskHelper (FileSizeCountTaskHelper.java:reprocess(92)) - Starting Reprocess for FileSizeCountTaskFSO
2025-05-12 17:49:12,823 [ReconTaskThread-0] INFO  tasks.FileSizeCountTaskHelper (FileSizeCountTaskHelper.java:truncateTableIfNeeded(72)) - Table already truncated by another task; waiting for truncation to complete.
2025-05-12 17:49:12,823 [ReconTaskThread-0] INFO  tasks.FileSizeCountTaskHelper (FileSizeCountTaskHelper.java:reprocessBucketLayout(143)) - Reprocessed 0 keys for bucket layout FILE_SYSTEM_OPTIMIZED.
2025-05-12 17:49:12,823 [ReconTaskThread-0] INFO  tasks.FileSizeCountTaskHelper (FileSizeCountTaskHelper.java:reprocess(103)) - FileSizeCountTaskFSO completed Reprocess in 0 ms.
2025-05-12 17:49:12,827 [main] INFO  recon.ReconContext (ReconContext.java:updateHealthStatus(76)) - Update healthStatus of Recon from true to true.
2025-05-12 17:49:12,828 [main] INFO  impl.OzoneManagerServiceProviderImpl (OzoneManagerServiceProviderImpl.java:syncDataFromOM(621)) - Seq number of Recon's OM DB : 8
2025-05-12 17:49:12,833 [main] INFO  impl.OzoneManagerServiceProviderImpl (OzoneManagerServiceProviderImpl.java:innerGetAndApplyDeltaUpdatesFromOM(592)) - From Sequence Number:8, Recon DB Sequence Number: 8, Number of updates received from OM : 0, SequenceNumber diff: 0, SequenceNumber Lag from OM 0, isDBUpdateSuccess: true
2025-05-12 17:49:12,839 [main] INFO  impl.OzoneManagerServiceProviderImpl (OzoneManagerServiceProviderImpl.java:syncDataFromOM(687)) - Delta updates received from OM : 1 loops, 0 records
]]></system-out>
  </testcase>
</testsuite>